[I 2023-11-30 00:20:16,568] Trial 104 finished with value: 0.2676903307437897 and parameters: {'gradient_clip_val': 0.34775472874597996, 'hidden_size': 133, 'dropout': 0.2817483668717332, 'hidden_continuous_size': 26, 'attention_head_size': 4, 'learning_rate': 0.09047538845841277}. Best is trial 35 with value: 0.1047300323843956.
LOCAL_RANK: 0 - CUDA_VISIBLE_DEVICES: [0]
[I 2023-11-30 00:20:30,259] Trial 105 finished with value: 0.12455552816390991 and parameters: {'gradient_clip_val': 0.397803613340134, 'hidden_size': 128, 'dropout': 0.24229462211495104, 'hidden_continuous_size': 16, 'attention_head_size': 4, 'learning_rate': 0.035518865316075995}. Best is trial 35 with value: 0.1047300323843956.
LOCAL_RANK: 0 - CUDA_VISIBLE_DEVICES: [0]
[I 2023-11-30 00:20:44,363] Trial 106 finished with value: 0.19069039821624756 and parameters: {'gradient_clip_val': 0.3930053509335861, 'hidden_size': 127, 'dropout': 0.24396958787862594, 'hidden_continuous_size': 21, 'attention_head_size': 4, 'learning_rate': 0.03569978380072256}. Best is trial 35 with value: 0.1047300323843956.
LOCAL_RANK: 0 - CUDA_VISIBLE_DEVICES: [0]
[I 2023-11-30 00:20:58,033] Trial 107 finished with value: 0.1729019284248352 and parameters: {'gradient_clip_val': 0.41288352072983237, 'hidden_size': 107, 'dropout': 0.24592391010286024, 'hidden_continuous_size': 20, 'attention_head_size': 3, 'learning_rate': 0.026145628328667094}. Best is trial 35 with value: 0.1047300323843956.
LOCAL_RANK: 0 - CUDA_VISIBLE_DEVICES: [0]
[I 2023-11-30 00:21:12,044] Trial 108 finished with value: 0.1320357471704483 and parameters: {'gradient_clip_val': 0.3227611879176535, 'hidden_size': 121, 'dropout': 0.2539502265466145, 'hidden_continuous_size': 16, 'attention_head_size': 4, 'learning_rate': 0.03078652361751453}. Best is trial 35 with value: 0.1047300323843956.
LOCAL_RANK: 0 - CUDA_VISIBLE_DEVICES: [0]
[I 2023-11-30 00:21:26,045] Trial 109 finished with value: 0.24247898161411285 and parameters: {'gradient_clip_val': 0.36471621963398887, 'hidden_size': 138, 'dropout': 0.2382635528624157, 'hidden_continuous_size': 23, 'attention_head_size': 2, 'learning_rate': 0.03658317915509748}. Best is trial 35 with value: 0.1047300323843956.
LOCAL_RANK: 0 - CUDA_VISIBLE_DEVICES: [0]
[I 2023-11-30 00:21:39,627] Trial 110 finished with value: 0.25845596194267273 and parameters: {'gradient_clip_val': 0.34062724992056553, 'hidden_size': 99, 'dropout': 0.2611386079070502, 'hidden_continuous_size': 19, 'attention_head_size': 4, 'learning_rate': 0.0411059970750405}. Best is trial 35 with value: 0.1047300323843956.
LOCAL_RANK: 0 - CUDA_VISIBLE_DEVICES: [0]
[I 2023-11-30 00:21:53,599] Trial 111 finished with value: 0.20539669692516327 and parameters: {'gradient_clip_val': 0.4452336451472387, 'hidden_size': 132, 'dropout': 0.26591634917466855, 'hidden_continuous_size': 14, 'attention_head_size': 4, 'learning_rate': 0.053527214881436365}. Best is trial 35 with value: 0.1047300323843956.
LOCAL_RANK: 0 - CUDA_VISIBLE_DEVICES: [0]
[I 2023-11-30 00:22:07,864] Trial 112 finished with value: 0.20012535154819489 and parameters: {'gradient_clip_val': 0.46765717993727773, 'hidden_size': 145, 'dropout': 0.26966179014527986, 'hidden_continuous_size': 18, 'attention_head_size': 4, 'learning_rate': 0.034633070289124095}. Best is trial 35 with value: 0.1047300323843956.
LOCAL_RANK: 0 - CUDA_VISIBLE_DEVICES: [0]
[I 2023-11-30 00:22:21,668] Trial 113 finished with value: 0.2206629514694214 and parameters: {'gradient_clip_val': 0.37798978733190364, 'hidden_size': 114, 'dropout': 0.2919329416661445, 'hidden_continuous_size': 16, 'attention_head_size': 4, 'learning_rate': 0.04867204939772985}. Best is trial 35 with value: 0.1047300323843956.
LOCAL_RANK: 0 - CUDA_VISIBLE_DEVICES: [0]
[I 2023-11-30 00:22:35,137] Trial 114 finished with value: 0.15539179742336273 and parameters: {'gradient_clip_val': 0.26529085582324724, 'hidden_size': 74, 'dropout': 0.2568968463054639, 'hidden_continuous_size': 17, 'attention_head_size': 4, 'learning_rate': 0.0742981037158413}. Best is trial 35 with value: 0.1047300323843956.
LOCAL_RANK: 0 - CUDA_VISIBLE_DEVICES: [0]
[I 2023-11-30 00:22:48,907] Trial 115 finished with value: 0.09066066145896912 and parameters: {'gradient_clip_val': 0.39623127214980436, 'hidden_size': 123, 'dropout': 0.27707775885886055, 'hidden_continuous_size': 15, 'attention_head_size': 4, 'learning_rate': 0.026600522292771708}. Best is trial 115 with value: 0.09066066145896912.
LOCAL_RANK: 0 - CUDA_VISIBLE_DEVICES: [0]
[I 2023-11-30 00:23:02,965] Trial 116 finished with value: 0.19881822168827057 and parameters: {'gradient_clip_val': 0.4263449740588459, 'hidden_size': 127, 'dropout': 0.27755262248088736, 'hidden_continuous_size': 15, 'attention_head_size': 4, 'learning_rate': 0.027508046881365673}. Best is trial 115 with value: 0.09066066145896912.
LOCAL_RANK: 0 - CUDA_VISIBLE_DEVICES: [0]
[I 2023-11-30 00:23:16,521] Trial 117 finished with value: 0.14284105598926544 and parameters: {'gradient_clip_val': 0.40228349634019145, 'hidden_size': 120, 'dropout': 0.23144115349706035, 'hidden_continuous_size': 13, 'attention_head_size': 4, 'learning_rate': 0.030116677998908773}. Best is trial 115 with value: 0.09066066145896912.
LOCAL_RANK: 0 - CUDA_VISIBLE_DEVICES: [0]
[I 2023-11-30 00:23:30,089] Trial 118 finished with value: 0.20318222045898438 and parameters: {'gradient_clip_val': 0.3961303227315103, 'hidden_size': 91, 'dropout': 0.24700459409664866, 'hidden_continuous_size': 18, 'attention_head_size': 4, 'learning_rate': 0.03273855798156401}. Best is trial 115 with value: 0.09066066145896912.
LOCAL_RANK: 0 - CUDA_VISIBLE_DEVICES: [0]
[I 2023-11-30 00:23:43,934] Trial 119 finished with value: 0.2543039917945862 and parameters: {'gradient_clip_val': 0.28801329809893467, 'hidden_size': 135, 'dropout': 0.26988533041805923, 'hidden_continuous_size': 15, 'attention_head_size': 1, 'learning_rate': 0.038853969585600785}. Best is trial 115 with value: 0.09066066145896912.
LOCAL_RANK: 0 - CUDA_VISIBLE_DEVICES: [0]
[I 2023-11-30 00:23:57,692] Trial 120 finished with value: 0.32400619983673096 and parameters: {'gradient_clip_val': 0.30462754528085, 'hidden_size': 107, 'dropout': 0.2172665222228841, 'hidden_continuous_size': 17, 'attention_head_size': 4, 'learning_rate': 0.043979134556272885}. Best is trial 115 with value: 0.09066066145896912.
LOCAL_RANK: 0 - CUDA_VISIBLE_DEVICES: [0]
[I 2023-11-30 00:24:11,787] Trial 121 finished with value: 0.17664343118667603 and parameters: {'gradient_clip_val': 0.37032373914667055, 'hidden_size': 142, 'dropout': 0.28540753078978454, 'hidden_continuous_size': 14, 'attention_head_size': 4, 'learning_rate': 0.021680862591020807}. Best is trial 115 with value: 0.09066066145896912.
LOCAL_RANK: 0 - CUDA_VISIBLE_DEVICES: [0]
[I 2023-11-30 00:24:25,238] Trial 122 finished with value: 0.19834201037883759 and parameters: {'gradient_clip_val': 0.48797978690270505, 'hidden_size': 83, 'dropout': 0.26031520417884, 'hidden_continuous_size': 16, 'attention_head_size': 4, 'learning_rate': 0.06898771597125482}. Best is trial 115 with value: 0.09066066145896912.
LOCAL_RANK: 0 - CUDA_VISIBLE_DEVICES: [0]
[I 2023-11-30 00:24:38,626] Trial 123 finished with value: 0.26365718245506287 and parameters: {'gradient_clip_val': 0.34729100100361565, 'hidden_size': 112, 'dropout': 0.30091150676717293, 'hidden_continuous_size': 13, 'attention_head_size': 4, 'learning_rate': 0.059719714563661305}. Best is trial 115 with value: 0.09066066145896912.
LOCAL_RANK: 0 - CUDA_VISIBLE_DEVICES: [0]
[I 2023-11-30 00:24:53,063] Trial 124 finished with value: 0.25294649600982666 and parameters: {'gradient_clip_val': 0.4591352784945798, 'hidden_size': 150, 'dropout': 0.27618145343680295, 'hidden_continuous_size': 43, 'attention_head_size': 4, 'learning_rate': 0.08410611973095446}. Best is trial 115 with value: 0.09066066145896912.
LOCAL_RANK: 0 - CUDA_VISIBLE_DEVICES: [0]
[I 2023-11-30 00:25:07,398] Trial 125 finished with value: 0.13670377433300018 and parameters: {'gradient_clip_val': 0.4283835264070896, 'hidden_size': 131, 'dropout': 0.30761450740517354, 'hidden_continuous_size': 20, 'attention_head_size': 4, 'learning_rate': 0.02549401274862075}. Best is trial 115 with value: 0.09066066145896912.
LOCAL_RANK: 0 - CUDA_VISIBLE_DEVICES: [0]
[I 2023-11-30 00:25:21,083] Trial 126 finished with value: 0.17336733639240265 and parameters: {'gradient_clip_val': 0.24880819915385882, 'hidden_size': 95, 'dropout': 0.2904148860478699, 'hidden_continuous_size': 19, 'attention_head_size': 4, 'learning_rate': 0.03245619585101941}. Best is trial 115 with value: 0.09066066145896912.
LOCAL_RANK: 0 - CUDA_VISIBLE_DEVICES: [0]
[I 2023-11-30 00:25:34,222] Trial 127 finished with value: 0.17649276554584503 and parameters: {'gradient_clip_val': 0.32770739336440785, 'hidden_size': 65, 'dropout': 0.2810855101268624, 'hidden_continuous_size': 15, 'attention_head_size': 4, 'learning_rate': 0.0479648414521057}. Best is trial 115 with value: 0.09066066145896912.
LOCAL_RANK: 0 - CUDA_VISIBLE_DEVICES: [0]
[I 2023-11-30 00:25:48,166] Trial 128 finished with value: 0.2608484625816345 and parameters: {'gradient_clip_val': 0.2008349622373675, 'hidden_size': 123, 'dropout': 0.23954219233834653, 'hidden_continuous_size': 33, 'attention_head_size': 3, 'learning_rate': 0.09121392091933916}. Best is trial 115 with value: 0.09066066145896912.
LOCAL_RANK: 0 - CUDA_VISIBLE_DEVICES: [0]
[I 2023-11-30 00:26:01,360] Trial 129 finished with value: 0.14142942428588867 and parameters: {'gradient_clip_val': 0.6602836619957322, 'hidden_size': 69, 'dropout': 0.25183180972944236, 'hidden_continuous_size': 14, 'attention_head_size': 4, 'learning_rate': 0.055406680161731205}. Best is trial 115 with value: 0.09066066145896912.
LOCAL_RANK: 0 - CUDA_VISIBLE_DEVICES: [0]
[I 2023-11-30 00:26:15,134] Trial 130 finished with value: 0.14570073783397675 and parameters: {'gradient_clip_val': 0.6187185921763604, 'hidden_size': 89, 'dropout': 0.26666712179903956, 'hidden_continuous_size': 22, 'attention_head_size': 2, 'learning_rate': 0.06458536249026069}. Best is trial 115 with value: 0.09066066145896912.
LOCAL_RANK: 0 - CUDA_VISIBLE_DEVICES: [0]
[I 2023-11-30 00:26:28,903] Trial 131 finished with value: 0.19139035046100616 and parameters: {'gradient_clip_val': 0.3092595579048542, 'hidden_size': 126, 'dropout': 0.2873971727175409, 'hidden_continuous_size': 15, 'attention_head_size': 4, 'learning_rate': 0.05196199417320469}. Best is trial 115 with value: 0.09066066145896912.
LOCAL_RANK: 0 - CUDA_VISIBLE_DEVICES: [0]
[I 2023-11-30 00:26:43,007] Trial 132 finished with value: 0.26491403579711914 and parameters: {'gradient_clip_val': 0.3168736100406534, 'hidden_size': 138, 'dropout': 0.2910643044541019, 'hidden_continuous_size': 17, 'attention_head_size': 4, 'learning_rate': 0.043143817094178756}. Best is trial 115 with value: 0.09066066145896912.
LOCAL_RANK: 0 - CUDA_VISIBLE_DEVICES: [0]
[I 2023-11-30 00:26:56,826] Trial 133 finished with value: 0.22356653213500977 and parameters: {'gradient_clip_val': 0.28145796652055366, 'hidden_size': 115, 'dropout': 0.29906074124116383, 'hidden_continuous_size': 16, 'attention_head_size': 4, 'learning_rate': 0.0358409503052279}. Best is trial 115 with value: 0.09066066145896912.
LOCAL_RANK: 0 - CUDA_VISIBLE_DEVICES: [0]
[I 2023-11-30 00:27:10,850] Trial 134 finished with value: 0.14692766964435577 and parameters: {'gradient_clip_val': 0.2619755075887494, 'hidden_size': 130, 'dropout': 0.28561253242238943, 'hidden_continuous_size': 18, 'attention_head_size': 4, 'learning_rate': 0.07509071680353857}. Best is trial 115 with value: 0.09066066145896912.
LOCAL_RANK: 0 - CUDA_VISIBLE_DEVICES: [0]
[I 2023-11-30 00:27:24,549] Trial 135 finished with value: 0.12304264307022095 and parameters: {'gradient_clip_val': 0.38394264627442054, 'hidden_size': 102, 'dropout': 0.3144263171755503, 'hidden_continuous_size': 13, 'attention_head_size': 4, 'learning_rate': 0.047198797474473975}. Best is trial 115 with value: 0.09066066145896912.
LOCAL_RANK: 0 - CUDA_VISIBLE_DEVICES: [0]
[I 2023-11-30 00:27:38,142] Trial 136 finished with value: 0.12112220376729965 and parameters: {'gradient_clip_val': 0.40091002067836096, 'hidden_size': 103, 'dropout': 0.31076467984090766, 'hidden_continuous_size': 12, 'attention_head_size': 4, 'learning_rate': 0.039187965746059664}. Best is trial 115 with value: 0.09066066145896912.
LOCAL_RANK: 0 - CUDA_VISIBLE_DEVICES: [0]
[I 2023-11-30 00:27:51,299] Trial 137 finished with value: 0.3436685800552368 and parameters: {'gradient_clip_val': 0.3797568538104399, 'hidden_size': 98, 'dropout': 0.3114435036009029, 'hidden_continuous_size': 11, 'attention_head_size': 1, 'learning_rate': 0.03980874886426602}. Best is trial 115 with value: 0.09066066145896912.
LOCAL_RANK: 0 - CUDA_VISIBLE_DEVICES: [0]
[I 2023-11-30 00:28:04,736] Trial 138 finished with value: 0.15863056480884552 and parameters: {'gradient_clip_val': 0.4109249033557265, 'hidden_size': 102, 'dropout': 0.3049401650119579, 'hidden_continuous_size': 12, 'attention_head_size': 4, 'learning_rate': 0.047163183490883324}. Best is trial 115 with value: 0.09066066145896912.
LOCAL_RANK: 0 - CUDA_VISIBLE_DEVICES: [0]
[I 2023-11-30 00:28:18,900] Trial 139 finished with value: 0.14211402833461761 and parameters: {'gradient_clip_val': 0.3590029885194915, 'hidden_size': 107, 'dropout': 0.31739390996829386, 'hidden_continuous_size': 73, 'attention_head_size': 4, 'learning_rate': 0.029565386566356364}. Best is trial 115 with value: 0.09066066145896912.
LOCAL_RANK: 0 - CUDA_VISIBLE_DEVICES: [0]
[I 2023-11-30 00:28:32,767] Trial 140 finished with value: 0.3539912700653076 and parameters: {'gradient_clip_val': 0.3924576462278181, 'hidden_size': 117, 'dropout': 0.32235030346716304, 'hidden_continuous_size': 13, 'attention_head_size': 4, 'learning_rate': 0.03472695773104778}. Best is trial 115 with value: 0.09066066145896912.
LOCAL_RANK: 0 - CUDA_VISIBLE_DEVICES: [0]
[I 2023-11-30 00:28:46,123] Trial 141 finished with value: 0.2397085279226303 and parameters: {'gradient_clip_val': 0.443409824307231, 'hidden_size': 86, 'dropout': 0.3131229159741142, 'hidden_continuous_size': 13, 'attention_head_size': 4, 'learning_rate': 0.03822354061808019}. Best is trial 115 with value: 0.09066066145896912.
LOCAL_RANK: 0 - CUDA_VISIBLE_DEVICES: [0]
[I 2023-11-30 00:28:59,479] Trial 142 finished with value: 0.34174004197120667 and parameters: {'gradient_clip_val': 0.4053617883102723, 'hidden_size': 74, 'dropout': 0.3035109188666731, 'hidden_continuous_size': 12, 'attention_head_size': 4, 'learning_rate': 0.08055280439040495}. Best is trial 115 with value: 0.09066066145896912.
LOCAL_RANK: 0 - CUDA_VISIBLE_DEVICES: [0]
[I 2023-11-30 00:29:12,928] Trial 143 finished with value: 0.17774350941181183 and parameters: {'gradient_clip_val': 0.5157716298091718, 'hidden_size': 92, 'dropout': 0.3291800626300873, 'hidden_continuous_size': 14, 'attention_head_size': 4, 'learning_rate': 0.061276141354456956}. Best is trial 115 with value: 0.09066066145896912.
LOCAL_RANK: 0 - CUDA_VISIBLE_DEVICES: [0]
[I 2023-11-30 00:29:25,588] Trial 144 finished with value: 0.13894377648830414 and parameters: {'gradient_clip_val': 0.36672016062646284, 'hidden_size': 44, 'dropout': 0.29625407577136315, 'hidden_continuous_size': 19, 'attention_head_size': 4, 'learning_rate': 0.04259457150963409}. Best is trial 115 with value: 0.09066066145896912.
LOCAL_RANK: 0 - CUDA_VISIBLE_DEVICES: [0]
[I 2023-11-30 00:29:39,139] Trial 145 finished with value: 0.10468562692403793 and parameters: {'gradient_clip_val': 0.43024772576297265, 'hidden_size': 80, 'dropout': 0.3367504440123252, 'hidden_continuous_size': 14, 'attention_head_size': 4, 'learning_rate': 0.027561322041421036}. Best is trial 115 with value: 0.09066066145896912.
LOCAL_RANK: 0 - CUDA_VISIBLE_DEVICES: [0]
[I 2023-11-30 00:29:52,520] Trial 146 finished with value: 0.12664766609668732 and parameters: {'gradient_clip_val': 0.42430843449172584, 'hidden_size': 86, 'dropout': 0.31845127785379174, 'hidden_continuous_size': 28, 'attention_head_size': 4, 'learning_rate': 0.024180569093737354}. Best is trial 115 with value: 0.09066066145896912.
LOCAL_RANK: 0 - CUDA_VISIBLE_DEVICES: [0]
[I 2023-11-30 00:30:06,027] Trial 147 finished with value: 0.21460558474063873 and parameters: {'gradient_clip_val': 0.4252864125233527, 'hidden_size': 100, 'dropout': 0.3220762339143333, 'hidden_continuous_size': 28, 'attention_head_size': 4, 'learning_rate': 0.02404337226619868}. Best is trial 115 with value: 0.09066066145896912.
LOCAL_RANK: 0 - CUDA_VISIBLE_DEVICES: [0]
[I 2023-11-30 00:30:19,207] Trial 148 finished with value: 0.10178088396787643 and parameters: {'gradient_clip_val': 0.38691102767695584, 'hidden_size': 86, 'dropout': 0.32846020848978064, 'hidden_continuous_size': 30, 'attention_head_size': 1, 'learning_rate': 0.02722859731533783}. Best is trial 115 with value: 0.09066066145896912.
LOCAL_RANK: 0 - CUDA_VISIBLE_DEVICES: [0]
[I 2023-11-30 00:30:32,744] Trial 149 finished with value: 0.1996220350265503 and parameters: {'gradient_clip_val': 0.3879567426128283, 'hidden_size': 110, 'dropout': 0.33715499833922735, 'hidden_continuous_size': 26, 'attention_head_size': 1, 'learning_rate': 0.02973892081584755}. Best is trial 115 with value: 0.09066066145896912.
[I 2023-11-30 00:30:32,872] A new study created in memory with name: no-name-9fdc6246-60ae-4303-bfb5-2fab31ee03d8
/home/le004/conda/anaconda3/envs/tsff_env/lib/python3.9/site-packages/lightning/fabric/plugins/environments/slurm.py:191: The `srun` command is available on your system but is not used. HINT: If your intention is to run Lightning on SLURM, prepend your python command with `srun` like so: srun python /home/le004/master_thesis/git/TSFusionForecast/code/ ...
LOCAL_RANK: 0 - CUDA_VISIBLE_DEVICES: [0]
[I 2023-11-30 00:30:43,346] Trial 0 finished with value: 3.1555912494659424 and parameters: {'gradient_clip_val': 0.7509123328549209, 'hidden_size': 10, 'dropout': 0.25246923913189384, 'hidden_continuous_size': 10, 'attention_head_size': 2, 'learning_rate': 0.0012034840181017932}. Best is trial 0 with value: 3.1555912494659424.
LOCAL_RANK: 0 - CUDA_VISIBLE_DEVICES: [0]
[I 2023-11-30 00:30:55,440] Trial 1 finished with value: 0.8645873069763184 and parameters: {'gradient_clip_val': 0.47514693935868507, 'hidden_size': 24, 'dropout': 0.12537733209493254, 'hidden_continuous_size': 17, 'attention_head_size': 3, 'learning_rate': 0.006822391098390272}. Best is trial 1 with value: 0.8645873069763184.
LOCAL_RANK: 0 - CUDA_VISIBLE_DEVICES: [0]
[I 2023-11-30 00:31:08,405] Trial 2 finished with value: 0.6968778967857361 and parameters: {'gradient_clip_val': 0.7607615368678832, 'hidden_size': 58, 'dropout': 0.35464369718823285, 'hidden_continuous_size': 14, 'attention_head_size': 4, 'learning_rate': 0.0028231664151918954}. Best is trial 2 with value: 0.6968778967857361.
LOCAL_RANK: 0 - CUDA_VISIBLE_DEVICES: [0]
[I 2023-11-30 00:31:20,416] Trial 3 finished with value: 2.2300243377685547 and parameters: {'gradient_clip_val': 0.8477859391571623, 'hidden_size': 20, 'dropout': 0.2001496086909868, 'hidden_continuous_size': 12, 'attention_head_size': 4, 'learning_rate': 0.0026601229589148334}. Best is trial 2 with value: 0.6968778967857361.
LOCAL_RANK: 0 - CUDA_VISIBLE_DEVICES: [0]
[I 2023-11-30 00:31:33,779] Trial 4 finished with value: 0.15441857278347015 and parameters: {'gradient_clip_val': 0.807215672372438, 'hidden_size': 93, 'dropout': 0.2672567557047333, 'hidden_continuous_size': 22, 'attention_head_size': 2, 'learning_rate': 0.09942921534681498}. Best is trial 4 with value: 0.15441857278347015.
LOCAL_RANK: 0 - CUDA_VISIBLE_DEVICES: [0]
[I 2023-11-30 00:31:44,114] Trial 5 finished with value: 2.259025812149048 and parameters: {'gradient_clip_val': 0.40699979860534335, 'hidden_size': 10, 'dropout': 0.38798993987400254, 'hidden_continuous_size': 10, 'attention_head_size': 2, 'learning_rate': 0.001710373266021634}. Best is trial 4 with value: 0.15441857278347015.
LOCAL_RANK: 0 - CUDA_VISIBLE_DEVICES: [0]
[I 2023-11-30 00:31:56,679] Trial 6 finished with value: 0.281569242477417 and parameters: {'gradient_clip_val': 0.5034412627830889, 'hidden_size': 38, 'dropout': 0.24800008531741735, 'hidden_continuous_size': 35, 'attention_head_size': 1, 'learning_rate': 0.012391113762234812}. Best is trial 4 with value: 0.15441857278347015.
LOCAL_RANK: 0 - CUDA_VISIBLE_DEVICES: [0]
[I 2023-11-30 00:32:10,109] Trial 7 finished with value: 0.11302132159471512 and parameters: {'gradient_clip_val': 0.2950092324032379, 'hidden_size': 81, 'dropout': 0.14169468220704123, 'hidden_continuous_size': 22, 'attention_head_size': 3, 'learning_rate': 0.034699486890773526}. Best is trial 7 with value: 0.11302132159471512.
LOCAL_RANK: 0 - CUDA_VISIBLE_DEVICES: [0]
[I 2023-11-30 00:32:23,465] Trial 8 finished with value: 0.5414537191390991 and parameters: {'gradient_clip_val': 0.10093742112020516, 'hidden_size': 122, 'dropout': 0.2956403855917143, 'hidden_continuous_size': 11, 'attention_head_size': 1, 'learning_rate': 0.0014523481945796467}. Best is trial 7 with value: 0.11302132159471512.
LOCAL_RANK: 0 - CUDA_VISIBLE_DEVICES: [0]
[I 2023-11-30 00:32:33,785] Trial 9 finished with value: 0.9750211238861084 and parameters: {'gradient_clip_val': 0.945757772932446, 'hidden_size': 17, 'dropout': 0.2948847802869195, 'hidden_continuous_size': 17, 'attention_head_size': 1, 'learning_rate': 0.01620658014886455}. Best is trial 7 with value: 0.11302132159471512.
LOCAL_RANK: 0 - CUDA_VISIBLE_DEVICES: [0]
[I 2023-11-30 00:32:48,532] Trial 10 finished with value: 0.24560201168060303 and parameters: {'gradient_clip_val': 0.23162851401249268, 'hidden_size': 141, 'dropout': 0.1670015682457825, 'hidden_continuous_size': 107, 'attention_head_size': 3, 'learning_rate': 0.04739461575441966}. Best is trial 7 with value: 0.11302132159471512.
LOCAL_RANK: 0 - CUDA_VISIBLE_DEVICES: [0]
