[I 2023-11-30 11:12:44,490] Trial 104 finished with value: 0.10873985290527344 and parameters: {'gradient_clip_val': 0.15557790927206563, 'hidden_size': 48, 'dropout': 0.13701139251313868, 'hidden_continuous_size': 22, 'attention_head_size': 3, 'learning_rate': 0.0650910350936701}. Best is trial 66 with value: 0.08301802724599838.
LOCAL_RANK: 0 - CUDA_VISIBLE_DEVICES: [0]
[I 2023-11-30 11:12:57,569] Trial 105 finished with value: 0.13468967378139496 and parameters: {'gradient_clip_val': 0.1543027183788615, 'hidden_size': 47, 'dropout': 0.1353021972642044, 'hidden_continuous_size': 22, 'attention_head_size': 3, 'learning_rate': 0.08928768632385979}. Best is trial 66 with value: 0.08301802724599838.
LOCAL_RANK: 0 - CUDA_VISIBLE_DEVICES: [0]
[I 2023-11-30 11:13:10,430] Trial 106 finished with value: 0.19022250175476074 and parameters: {'gradient_clip_val': 0.17544804670208283, 'hidden_size': 50, 'dropout': 0.1290286517253731, 'hidden_continuous_size': 23, 'attention_head_size': 3, 'learning_rate': 0.0789690420583889}. Best is trial 66 with value: 0.08301802724599838.
LOCAL_RANK: 0 - CUDA_VISIBLE_DEVICES: [0]
[I 2023-11-30 11:13:23,125] Trial 107 finished with value: 0.15350499749183655 and parameters: {'gradient_clip_val': 0.16391961024538482, 'hidden_size': 44, 'dropout': 0.1169483326675718, 'hidden_continuous_size': 19, 'attention_head_size': 3, 'learning_rate': 0.06507652156108425}. Best is trial 66 with value: 0.08301802724599838.
LOCAL_RANK: 0 - CUDA_VISIBLE_DEVICES: [0]
[I 2023-11-30 11:13:35,818] Trial 108 finished with value: 0.19343896210193634 and parameters: {'gradient_clip_val': 0.18174943742482633, 'hidden_size': 38, 'dropout': 0.15087950394387664, 'hidden_continuous_size': 18, 'attention_head_size': 3, 'learning_rate': 0.057151722905461985}. Best is trial 66 with value: 0.08301802724599838.
LOCAL_RANK: 0 - CUDA_VISIBLE_DEVICES: [0]
[I 2023-11-30 11:13:48,680] Trial 109 finished with value: 0.12837737798690796 and parameters: {'gradient_clip_val': 0.14815854632413433, 'hidden_size': 53, 'dropout': 0.1137150307400919, 'hidden_continuous_size': 21, 'attention_head_size': 3, 'learning_rate': 0.07216251068756739}. Best is trial 66 with value: 0.08301802724599838.
LOCAL_RANK: 0 - CUDA_VISIBLE_DEVICES: [0]
[I 2023-11-30 11:14:02,290] Trial 110 finished with value: 0.12034624814987183 and parameters: {'gradient_clip_val': 0.15572676333463636, 'hidden_size': 63, 'dropout': 0.1412865020873545, 'hidden_continuous_size': 26, 'attention_head_size': 3, 'learning_rate': 0.09102128059234221}. Best is trial 66 with value: 0.08301802724599838.
LOCAL_RANK: 0 - CUDA_VISIBLE_DEVICES: [0]
[I 2023-11-30 11:14:15,713] Trial 111 finished with value: 0.18355631828308105 and parameters: {'gradient_clip_val': 0.2082628027371284, 'hidden_size': 57, 'dropout': 0.16316336932179482, 'hidden_continuous_size': 24, 'attention_head_size': 3, 'learning_rate': 0.06322147299576521}. Best is trial 66 with value: 0.08301802724599838.
LOCAL_RANK: 0 - CUDA_VISIBLE_DEVICES: [0]
[I 2023-11-30 11:14:28,556] Trial 112 finished with value: 0.23187445104122162 and parameters: {'gradient_clip_val': 0.17109577746421123, 'hidden_size': 46, 'dropout': 0.12589105994485295, 'hidden_continuous_size': 20, 'attention_head_size': 2, 'learning_rate': 0.07915825702213523}. Best is trial 66 with value: 0.08301802724599838.
LOCAL_RANK: 0 - CUDA_VISIBLE_DEVICES: [0]
[I 2023-11-30 11:14:41,526] Trial 113 finished with value: 0.09648402780294418 and parameters: {'gradient_clip_val': 0.13851735016989145, 'hidden_size': 49, 'dropout': 0.12070672925626424, 'hidden_continuous_size': 17, 'attention_head_size': 3, 'learning_rate': 0.056234518371194496}. Best is trial 66 with value: 0.08301802724599838.
LOCAL_RANK: 0 - CUDA_VISIBLE_DEVICES: [0]
[I 2023-11-30 11:14:54,337] Trial 114 finished with value: 0.13279636204242706 and parameters: {'gradient_clip_val': 0.13946156246357286, 'hidden_size': 50, 'dropout': 0.13683090831507658, 'hidden_continuous_size': 11, 'attention_head_size': 3, 'learning_rate': 0.056086607577567726}. Best is trial 66 with value: 0.08301802724599838.
LOCAL_RANK: 0 - CUDA_VISIBLE_DEVICES: [0]
[I 2023-11-30 11:15:07,190] Trial 115 finished with value: 0.12461230903863907 and parameters: {'gradient_clip_val': 0.1288886684155351, 'hidden_size': 48, 'dropout': 0.12336537119379003, 'hidden_continuous_size': 17, 'attention_head_size': 3, 'learning_rate': 0.06920212708379546}. Best is trial 66 with value: 0.08301802724599838.
LOCAL_RANK: 0 - CUDA_VISIBLE_DEVICES: [0]
[I 2023-11-30 11:15:19,959] Trial 116 finished with value: 0.12451276928186417 and parameters: {'gradient_clip_val': 0.1597726463624516, 'hidden_size': 40, 'dropout': 0.10567503948483445, 'hidden_continuous_size': 25, 'attention_head_size': 3, 'learning_rate': 0.08437573339298912}. Best is trial 66 with value: 0.08301802724599838.
LOCAL_RANK: 0 - CUDA_VISIBLE_DEVICES: [0]
[I 2023-11-30 11:15:32,735] Trial 117 finished with value: 0.1228499636054039 and parameters: {'gradient_clip_val': 0.16713489398243578, 'hidden_size': 43, 'dropout': 0.13102519162036996, 'hidden_continuous_size': 15, 'attention_head_size': 3, 'learning_rate': 0.05033665851475999}. Best is trial 66 with value: 0.08301802724599838.
LOCAL_RANK: 0 - CUDA_VISIBLE_DEVICES: [0]
[I 2023-11-30 11:15:45,635] Trial 118 finished with value: 0.2929459810256958 and parameters: {'gradient_clip_val': 0.1448133279498188, 'hidden_size': 53, 'dropout': 0.11894288653871629, 'hidden_continuous_size': 22, 'attention_head_size': 3, 'learning_rate': 0.07660799316818885}. Best is trial 66 with value: 0.08301802724599838.
LOCAL_RANK: 0 - CUDA_VISIBLE_DEVICES: [0]
[I 2023-11-30 11:15:58,769] Trial 119 finished with value: 0.12106281518936157 and parameters: {'gradient_clip_val': 0.19362384126922136, 'hidden_size': 58, 'dropout': 0.14524269163144019, 'hidden_continuous_size': 28, 'attention_head_size': 2, 'learning_rate': 0.0909461036557071}. Best is trial 66 with value: 0.08301802724599838.
LOCAL_RANK: 0 - CUDA_VISIBLE_DEVICES: [0]
[I 2023-11-30 11:16:12,282] Trial 120 finished with value: 0.13946741819381714 and parameters: {'gradient_clip_val': 0.12356088034193623, 'hidden_size': 61, 'dropout': 0.11247496416023632, 'hidden_continuous_size': 17, 'attention_head_size': 3, 'learning_rate': 0.06271195494219951}. Best is trial 66 with value: 0.08301802724599838.
LOCAL_RANK: 0 - CUDA_VISIBLE_DEVICES: [0]
[I 2023-11-30 11:16:25,466] Trial 121 finished with value: 0.24264149367809296 and parameters: {'gradient_clip_val': 0.15294444191460818, 'hidden_size': 64, 'dropout': 0.20814769022837837, 'hidden_continuous_size': 19, 'attention_head_size': 4, 'learning_rate': 0.06832224875255684}. Best is trial 66 with value: 0.08301802724599838.
LOCAL_RANK: 0 - CUDA_VISIBLE_DEVICES: [0]
[I 2023-11-30 11:16:38,428] Trial 122 finished with value: 0.12529104948043823 and parameters: {'gradient_clip_val': 0.18086957331411058, 'hidden_size': 55, 'dropout': 0.15233423885408892, 'hidden_continuous_size': 13, 'attention_head_size': 3, 'learning_rate': 0.09985594719983636}. Best is trial 66 with value: 0.08301802724599838.
LOCAL_RANK: 0 - CUDA_VISIBLE_DEVICES: [0]
[I 2023-11-30 11:16:51,292] Trial 123 finished with value: 0.10405830293893814 and parameters: {'gradient_clip_val': 0.13557688055010364, 'hidden_size': 45, 'dropout': 0.1407131879779582, 'hidden_continuous_size': 18, 'attention_head_size': 3, 'learning_rate': 0.05489185440747931}. Best is trial 66 with value: 0.08301802724599838.
LOCAL_RANK: 0 - CUDA_VISIBLE_DEVICES: [0]
[I 2023-11-30 11:17:03,990] Trial 124 finished with value: 0.16474804282188416 and parameters: {'gradient_clip_val': 0.13575001823722588, 'hidden_size': 45, 'dropout': 0.13906826793382956, 'hidden_continuous_size': 18, 'attention_head_size': 3, 'learning_rate': 0.05704995066256229}. Best is trial 66 with value: 0.08301802724599838.
LOCAL_RANK: 0 - CUDA_VISIBLE_DEVICES: [0]
[I 2023-11-30 11:17:16,738] Trial 125 finished with value: 0.14658121764659882 and parameters: {'gradient_clip_val': 0.14167942114939328, 'hidden_size': 37, 'dropout': 0.13064645985465756, 'hidden_continuous_size': 16, 'attention_head_size': 3, 'learning_rate': 0.08181192585227814}. Best is trial 66 with value: 0.08301802724599838.
LOCAL_RANK: 0 - CUDA_VISIBLE_DEVICES: [0]
[I 2023-11-30 11:17:29,741] Trial 126 finished with value: 0.133719339966774 and parameters: {'gradient_clip_val': 0.14973009529871575, 'hidden_size': 42, 'dropout': 0.11789967008089978, 'hidden_continuous_size': 19, 'attention_head_size': 3, 'learning_rate': 0.05029581725271944}. Best is trial 66 with value: 0.08301802724599838.
LOCAL_RANK: 0 - CUDA_VISIBLE_DEVICES: [0]
[I 2023-11-30 11:17:42,656] Trial 127 finished with value: 0.13227201998233795 and parameters: {'gradient_clip_val': 0.15919712991849527, 'hidden_size': 50, 'dropout': 0.1357371428168033, 'hidden_continuous_size': 12, 'attention_head_size': 3, 'learning_rate': 0.07532174494907963}. Best is trial 66 with value: 0.08301802724599838.
LOCAL_RANK: 0 - CUDA_VISIBLE_DEVICES: [0]
[I 2023-11-30 11:17:55,584] Trial 128 finished with value: 0.11610299348831177 and parameters: {'gradient_clip_val': 0.17024547299740347, 'hidden_size': 47, 'dropout': 0.15989924978763995, 'hidden_continuous_size': 21, 'attention_head_size': 3, 'learning_rate': 0.04521476636054315}. Best is trial 66 with value: 0.08301802724599838.
LOCAL_RANK: 0 - CUDA_VISIBLE_DEVICES: [0]
[I 2023-11-30 11:18:08,201] Trial 129 finished with value: 0.1433279663324356 and parameters: {'gradient_clip_val': 0.1463748717199144, 'hidden_size': 43, 'dropout': 0.10682909970162209, 'hidden_continuous_size': 10, 'attention_head_size': 3, 'learning_rate': 0.09110442635860432}. Best is trial 66 with value: 0.08301802724599838.
LOCAL_RANK: 0 - CUDA_VISIBLE_DEVICES: [0]
[I 2023-11-30 11:18:21,010] Trial 130 finished with value: 0.1577325314283371 and parameters: {'gradient_clip_val': 0.13399066754846795, 'hidden_size': 39, 'dropout': 0.14744650577966728, 'hidden_continuous_size': 18, 'attention_head_size': 2, 'learning_rate': 0.03988866866844382}. Best is trial 66 with value: 0.08301802724599838.
LOCAL_RANK: 0 - CUDA_VISIBLE_DEVICES: [0]
[I 2023-11-30 11:18:33,915] Trial 131 finished with value: 0.22837771475315094 and parameters: {'gradient_clip_val': 0.1852698955615302, 'hidden_size': 52, 'dropout': 0.16940214527731173, 'hidden_continuous_size': 20, 'attention_head_size': 3, 'learning_rate': 0.06156734355833767}. Best is trial 66 with value: 0.08301802724599838.
LOCAL_RANK: 0 - CUDA_VISIBLE_DEVICES: [0]
[I 2023-11-30 11:18:47,500] Trial 132 finished with value: 0.18594394624233246 and parameters: {'gradient_clip_val': 0.12464215074826217, 'hidden_size': 59, 'dropout': 0.17958380971090537, 'hidden_continuous_size': 23, 'attention_head_size': 4, 'learning_rate': 0.053570238796836575}. Best is trial 66 with value: 0.08301802724599838.
LOCAL_RANK: 0 - CUDA_VISIBLE_DEVICES: [0]
[I 2023-11-30 11:19:00,539] Trial 133 finished with value: 0.14828942716121674 and parameters: {'gradient_clip_val': 0.11775553639064268, 'hidden_size': 56, 'dropout': 0.19105202877176736, 'hidden_continuous_size': 22, 'attention_head_size': 3, 'learning_rate': 0.07045662738461973}. Best is trial 66 with value: 0.08301802724599838.
LOCAL_RANK: 0 - CUDA_VISIBLE_DEVICES: [0]
[I 2023-11-30 11:19:13,412] Trial 134 finished with value: 0.14956869184970856 and parameters: {'gradient_clip_val': 0.1643433293986189, 'hidden_size': 49, 'dropout': 0.12583956031361962, 'hidden_continuous_size': 21, 'attention_head_size': 3, 'learning_rate': 0.08332467431488734}. Best is trial 66 with value: 0.08301802724599838.
LOCAL_RANK: 0 - CUDA_VISIBLE_DEVICES: [0]
[I 2023-11-30 11:19:26,556] Trial 135 finished with value: 0.12611211836338043 and parameters: {'gradient_clip_val': 0.20727638287184358, 'hidden_size': 46, 'dropout': 0.1422489187108969, 'hidden_continuous_size': 20, 'attention_head_size': 4, 'learning_rate': 0.032775268589041846}. Best is trial 66 with value: 0.08301802724599838.
LOCAL_RANK: 0 - CUDA_VISIBLE_DEVICES: [0]
[I 2023-11-30 11:19:40,019] Trial 136 finished with value: 0.1471804827451706 and parameters: {'gradient_clip_val': 0.22698269941844404, 'hidden_size': 73, 'dropout': 0.1574535848941727, 'hidden_continuous_size': 15, 'attention_head_size': 2, 'learning_rate': 0.04686742024049723}. Best is trial 66 with value: 0.08301802724599838.
LOCAL_RANK: 0 - CUDA_VISIBLE_DEVICES: [0]
[I 2023-11-30 11:19:53,350] Trial 137 finished with value: 0.1708463877439499 and parameters: {'gradient_clip_val': 0.1773796872129561, 'hidden_size': 67, 'dropout': 0.12076097563896941, 'hidden_continuous_size': 25, 'attention_head_size': 3, 'learning_rate': 0.0650031631846854}. Best is trial 66 with value: 0.08301802724599838.
LOCAL_RANK: 0 - CUDA_VISIBLE_DEVICES: [0]
[I 2023-11-30 11:20:06,792] Trial 138 finished with value: 0.15477566421031952 and parameters: {'gradient_clip_val': 0.13000901278847576, 'hidden_size': 81, 'dropout': 0.13062258809571592, 'hidden_continuous_size': 17, 'attention_head_size': 3, 'learning_rate': 0.058764494172916515}. Best is trial 66 with value: 0.08301802724599838.
LOCAL_RANK: 0 - CUDA_VISIBLE_DEVICES: [0]
[I 2023-11-30 11:20:19,590] Trial 139 finished with value: 0.2058156281709671 and parameters: {'gradient_clip_val': 0.2955234297187195, 'hidden_size': 52, 'dropout': 0.15184579812122867, 'hidden_continuous_size': 24, 'attention_head_size': 3, 'learning_rate': 0.09459291015626728}. Best is trial 66 with value: 0.08301802724599838.
LOCAL_RANK: 0 - CUDA_VISIBLE_DEVICES: [0]
[I 2023-11-30 11:20:32,530] Trial 140 finished with value: 0.20158076286315918 and parameters: {'gradient_clip_val': 0.14090265732148008, 'hidden_size': 35, 'dropout': 0.11278205406458253, 'hidden_continuous_size': 19, 'attention_head_size': 4, 'learning_rate': 0.07692904359472925}. Best is trial 66 with value: 0.08301802724599838.
LOCAL_RANK: 0 - CUDA_VISIBLE_DEVICES: [0]
[I 2023-11-30 11:20:44,999] Trial 141 finished with value: 0.12006843090057373 and parameters: {'gradient_clip_val': 0.19818091736956847, 'hidden_size': 40, 'dropout': 0.13611385910896331, 'hidden_continuous_size': 11, 'attention_head_size': 3, 'learning_rate': 0.09923571332007168}. Best is trial 66 with value: 0.08301802724599838.
LOCAL_RANK: 0 - CUDA_VISIBLE_DEVICES: [0]
[I 2023-11-30 11:20:57,173] Trial 142 finished with value: 0.4747103154659271 and parameters: {'gradient_clip_val': 0.188384577300861, 'hidden_size': 32, 'dropout': 0.14215390062301853, 'hidden_continuous_size': 10, 'attention_head_size': 3, 'learning_rate': 0.08164573776031614}. Best is trial 66 with value: 0.08301802724599838.
LOCAL_RANK: 0 - CUDA_VISIBLE_DEVICES: [0]
[I 2023-11-30 11:21:10,599] Trial 143 finished with value: 0.17767386138439178 and parameters: {'gradient_clip_val': 0.21508974588769292, 'hidden_size': 70, 'dropout': 0.12628475934334174, 'hidden_continuous_size': 18, 'attention_head_size': 3, 'learning_rate': 0.07183908383219109}. Best is trial 66 with value: 0.08301802724599838.
LOCAL_RANK: 0 - CUDA_VISIBLE_DEVICES: [0]
[I 2023-11-30 11:21:23,564] Trial 144 finished with value: 0.1432885378599167 and parameters: {'gradient_clip_val': 0.17135532075961069, 'hidden_size': 55, 'dropout': 0.14689684205074774, 'hidden_continuous_size': 14, 'attention_head_size': 3, 'learning_rate': 0.08698622113865086}. Best is trial 66 with value: 0.08301802724599838.
LOCAL_RANK: 0 - CUDA_VISIBLE_DEVICES: [0]
[I 2023-11-30 11:21:36,240] Trial 145 finished with value: 0.22728748619556427 and parameters: {'gradient_clip_val': 0.15589538298773875, 'hidden_size': 29, 'dropout': 0.10050887787796016, 'hidden_continuous_size': 23, 'attention_head_size': 3, 'learning_rate': 0.06689011298353495}. Best is trial 66 with value: 0.08301802724599838.
LOCAL_RANK: 0 - CUDA_VISIBLE_DEVICES: [0]
[I 2023-11-30 11:21:49,509] Trial 146 finished with value: 0.16027702391147614 and parameters: {'gradient_clip_val': 0.19427831731779513, 'hidden_size': 61, 'dropout': 0.16796720536789647, 'hidden_continuous_size': 26, 'attention_head_size': 3, 'learning_rate': 0.02933396600341892}. Best is trial 66 with value: 0.08301802724599838.
LOCAL_RANK: 0 - CUDA_VISIBLE_DEVICES: [0]
[I 2023-11-30 11:22:02,355] Trial 147 finished with value: 0.15715739130973816 and parameters: {'gradient_clip_val': 0.2739688275379317, 'hidden_size': 65, 'dropout': 0.12268036117015282, 'hidden_continuous_size': 10, 'attention_head_size': 2, 'learning_rate': 0.05149391472102292}. Best is trial 66 with value: 0.08301802724599838.
LOCAL_RANK: 0 - CUDA_VISIBLE_DEVICES: [0]
[I 2023-11-30 11:22:15,091] Trial 148 finished with value: 0.11370807886123657 and parameters: {'gradient_clip_val': 0.16377554209830547, 'hidden_size': 34, 'dropout': 0.18257158001505994, 'hidden_continuous_size': 19, 'attention_head_size': 3, 'learning_rate': 0.09048132438447976}. Best is trial 66 with value: 0.08301802724599838.
LOCAL_RANK: 0 - CUDA_VISIBLE_DEVICES: [0]
[I 2023-11-30 11:22:27,780] Trial 149 finished with value: 0.104653000831604 and parameters: {'gradient_clip_val': 0.32708234591149754, 'hidden_size': 48, 'dropout': 0.13327070199466817, 'hidden_continuous_size': 22, 'attention_head_size': 3, 'learning_rate': 0.07732159480656105}. Best is trial 66 with value: 0.08301802724599838.
[I 2023-11-30 11:22:27,889] A new study created in memory with name: no-name-7dfaef1e-4197-474b-8ee5-2fde7f7651a9
/home/le004/conda/anaconda3/envs/tsff_env/lib/python3.9/site-packages/lightning/fabric/plugins/environments/slurm.py:191: The `srun` command is available on your system but is not used. HINT: If your intention is to run Lightning on SLURM, prepend your python command with `srun` like so: srun python /home/le004/master_thesis/git/TSFusionForecast/code/ ...
LOCAL_RANK: 0 - CUDA_VISIBLE_DEVICES: [0]
[I 2023-11-30 11:22:41,265] Trial 0 finished with value: 0.20033146440982819 and parameters: {'gradient_clip_val': 0.18150717515167147, 'hidden_size': 72, 'dropout': 0.12047945315318198, 'hidden_continuous_size': 14, 'attention_head_size': 4, 'learning_rate': 0.041030713536931565}. Best is trial 0 with value: 0.20033146440982819.
LOCAL_RANK: 0 - CUDA_VISIBLE_DEVICES: [0]
[I 2023-11-30 11:22:55,189] Trial 1 finished with value: 0.23223884403705597 and parameters: {'gradient_clip_val': 0.7406742215328718, 'hidden_size': 127, 'dropout': 0.10106543919960934, 'hidden_continuous_size': 46, 'attention_head_size': 2, 'learning_rate': 0.06235505437204581}. Best is trial 0 with value: 0.20033146440982819.
LOCAL_RANK: 0 - CUDA_VISIBLE_DEVICES: [0]
[I 2023-11-30 11:23:08,406] Trial 2 finished with value: 0.37707090377807617 and parameters: {'gradient_clip_val': 0.18448185705957443, 'hidden_size': 85, 'dropout': 0.33830503238473253, 'hidden_continuous_size': 17, 'attention_head_size': 1, 'learning_rate': 0.0035515962915099565}. Best is trial 0 with value: 0.20033146440982819.
LOCAL_RANK: 0 - CUDA_VISIBLE_DEVICES: [0]
[I 2023-11-30 11:23:22,276] Trial 3 finished with value: 0.2019227296113968 and parameters: {'gradient_clip_val': 0.7182410247983764, 'hidden_size': 85, 'dropout': 0.19672590301291074, 'hidden_continuous_size': 81, 'attention_head_size': 2, 'learning_rate': 0.005368756072268428}. Best is trial 0 with value: 0.20033146440982819.
LOCAL_RANK: 0 - CUDA_VISIBLE_DEVICES: [0]
[I 2023-11-30 11:23:36,197] Trial 4 finished with value: 0.1801329106092453 and parameters: {'gradient_clip_val': 0.1531991687581378, 'hidden_size': 119, 'dropout': 0.34640368744305305, 'hidden_continuous_size': 51, 'attention_head_size': 3, 'learning_rate': 0.07487431235227414}. Best is trial 4 with value: 0.1801329106092453.
LOCAL_RANK: 0 - CUDA_VISIBLE_DEVICES: [0]
[I 2023-11-30 11:23:46,647] Trial 5 finished with value: 2.1625452041625977 and parameters: {'gradient_clip_val': 0.41278572697766996, 'hidden_size': 14, 'dropout': 0.23444668617378664, 'hidden_continuous_size': 14, 'attention_head_size': 1, 'learning_rate': 0.0013458160213782368}. Best is trial 4 with value: 0.1801329106092453.
LOCAL_RANK: 0 - CUDA_VISIBLE_DEVICES: [0]
[I 2023-11-30 11:24:00,411] Trial 6 finished with value: 0.3165481388568878 and parameters: {'gradient_clip_val': 0.3552658465349421, 'hidden_size': 115, 'dropout': 0.3935511237123759, 'hidden_continuous_size': 27, 'attention_head_size': 2, 'learning_rate': 0.0064846195427269845}. Best is trial 4 with value: 0.1801329106092453.
LOCAL_RANK: 0 - CUDA_VISIBLE_DEVICES: [0]
[I 2023-11-30 11:24:12,335] Trial 7 finished with value: 0.32121387124061584 and parameters: {'gradient_clip_val': 0.6867856126718043, 'hidden_size': 12, 'dropout': 0.3123801101435636, 'hidden_continuous_size': 11, 'attention_head_size': 2, 'learning_rate': 0.03343086776676645}. Best is trial 4 with value: 0.1801329106092453.
LOCAL_RANK: 0 - CUDA_VISIBLE_DEVICES: [0]
[I 2023-11-30 11:24:25,203] Trial 8 finished with value: 0.133147731423378 and parameters: {'gradient_clip_val': 0.10689963852183208, 'hidden_size': 42, 'dropout': 0.22831985675850014, 'hidden_continuous_size': 19, 'attention_head_size': 3, 'learning_rate': 0.024203730284720854}. Best is trial 8 with value: 0.133147731423378.
LOCAL_RANK: 0 - CUDA_VISIBLE_DEVICES: [0]
[I 2023-11-30 11:24:37,447] Trial 9 finished with value: 1.1872516870498657 and parameters: {'gradient_clip_val': 0.363689155418562, 'hidden_size': 20, 'dropout': 0.2627753436350708, 'hidden_continuous_size': 16, 'attention_head_size': 4, 'learning_rate': 0.0032870325220288594}. Best is trial 8 with value: 0.133147731423378.
LOCAL_RANK: 0 - CUDA_VISIBLE_DEVICES: [0]
[I 2023-11-30 11:24:50,123] Trial 10 finished with value: 0.19348378479480743 and parameters: {'gradient_clip_val': 0.10325591150549784, 'hidden_size': 38, 'dropout': 0.17369370080899343, 'hidden_continuous_size': 10, 'attention_head_size': 3, 'learning_rate': 0.0170299429177832}. Best is trial 8 with value: 0.133147731423378.
LOCAL_RANK: 0 - CUDA_VISIBLE_DEVICES: [0]
