[I 2023-11-30 02:53:56,955] Trial 45 finished with value: 0.14382444322109222 and parameters: {'gradient_clip_val': 0.7130169045742157, 'hidden_size': 32, 'dropout': 0.38773668695429986, 'hidden_continuous_size': 19, 'attention_head_size': 2, 'learning_rate': 0.0554306523728203}. Best is trial 35 with value: 0.11020765453577042.
LOCAL_RANK: 0 - CUDA_VISIBLE_DEVICES: [0]
[I 2023-11-30 02:54:09,858] Trial 46 finished with value: 0.17273853719234467 and parameters: {'gradient_clip_val': 0.6134063345567633, 'hidden_size': 44, 'dropout': 0.37182717767897544, 'hidden_continuous_size': 21, 'attention_head_size': 3, 'learning_rate': 0.03333429661854786}. Best is trial 35 with value: 0.11020765453577042.
LOCAL_RANK: 0 - CUDA_VISIBLE_DEVICES: [0]
[I 2023-11-30 02:54:22,334] Trial 47 finished with value: 0.2019507884979248 and parameters: {'gradient_clip_val': 0.6842289040203354, 'hidden_size': 36, 'dropout': 0.39619596211322655, 'hidden_continuous_size': 20, 'attention_head_size': 2, 'learning_rate': 0.04223254992739436}. Best is trial 35 with value: 0.11020765453577042.
LOCAL_RANK: 0 - CUDA_VISIBLE_DEVICES: [0]
[I 2023-11-30 02:54:35,143] Trial 48 finished with value: 0.17498821020126343 and parameters: {'gradient_clip_val': 0.37469098997846134, 'hidden_size': 30, 'dropout': 0.2995196077122014, 'hidden_continuous_size': 18, 'attention_head_size': 4, 'learning_rate': 0.05554342764023992}. Best is trial 35 with value: 0.11020765453577042.
LOCAL_RANK: 0 - CUDA_VISIBLE_DEVICES: [0]
[I 2023-11-30 02:54:48,261] Trial 49 finished with value: 0.2067742794752121 and parameters: {'gradient_clip_val': 0.5548596543606131, 'hidden_size': 59, 'dropout': 0.32717469263297816, 'hidden_continuous_size': 23, 'attention_head_size': 3, 'learning_rate': 0.07849164282610828}. Best is trial 35 with value: 0.11020765453577042.
LOCAL_RANK: 0 - CUDA_VISIBLE_DEVICES: [0]
[I 2023-11-30 02:55:00,846] Trial 50 finished with value: 0.2400999218225479 and parameters: {'gradient_clip_val': 0.8999267638510647, 'hidden_size': 41, 'dropout': 0.3623775203166075, 'hidden_continuous_size': 13, 'attention_head_size': 2, 'learning_rate': 0.022547786419651213}. Best is trial 35 with value: 0.11020765453577042.
LOCAL_RANK: 0 - CUDA_VISIBLE_DEVICES: [0]
[I 2023-11-30 02:55:13,029] Trial 51 finished with value: 0.13712705671787262 and parameters: {'gradient_clip_val': 0.7537759873759583, 'hidden_size': 36, 'dropout': 0.39983912285465056, 'hidden_continuous_size': 17, 'attention_head_size': 1, 'learning_rate': 0.08675094429277001}. Best is trial 35 with value: 0.11020765453577042.
LOCAL_RANK: 0 - CUDA_VISIBLE_DEVICES: [0]
[I 2023-11-30 02:55:25,802] Trial 52 finished with value: 0.24240297079086304 and parameters: {'gradient_clip_val': 0.9306957185441417, 'hidden_size': 45, 'dropout': 0.38259711077875436, 'hidden_continuous_size': 22, 'attention_head_size': 1, 'learning_rate': 0.06645750422280114}. Best is trial 35 with value: 0.11020765453577042.
LOCAL_RANK: 0 - CUDA_VISIBLE_DEVICES: [0]
[I 2023-11-30 02:55:38,703] Trial 53 finished with value: 0.1752750426530838 and parameters: {'gradient_clip_val': 0.6030357579566917, 'hidden_size': 51, 'dropout': 0.34324962024081634, 'hidden_continuous_size': 20, 'attention_head_size': 1, 'learning_rate': 0.09109880491937222}. Best is trial 35 with value: 0.11020765453577042.
LOCAL_RANK: 0 - CUDA_VISIBLE_DEVICES: [0]
[I 2023-11-30 02:55:51,149] Trial 54 finished with value: 0.227885901927948 and parameters: {'gradient_clip_val': 0.8589211386034818, 'hidden_size': 26, 'dropout': 0.3574325868782993, 'hidden_continuous_size': 19, 'attention_head_size': 1, 'learning_rate': 0.05021533524506022}. Best is trial 35 with value: 0.11020765453577042.
LOCAL_RANK: 0 - CUDA_VISIBLE_DEVICES: [0]
[I 2023-11-30 02:56:03,622] Trial 55 finished with value: 0.1975749135017395 and parameters: {'gradient_clip_val': 0.687871950726062, 'hidden_size': 40, 'dropout': 0.36772387708464127, 'hidden_continuous_size': 21, 'attention_head_size': 1, 'learning_rate': 0.08310786170864133}. Best is trial 35 with value: 0.11020765453577042.
LOCAL_RANK: 0 - CUDA_VISIBLE_DEVICES: [0]
[I 2023-11-30 02:56:16,331] Trial 56 finished with value: 0.12211791425943375 and parameters: {'gradient_clip_val': 0.778783954947689, 'hidden_size': 34, 'dropout': 0.33073906855516444, 'hidden_continuous_size': 16, 'attention_head_size': 3, 'learning_rate': 0.060561363391077525}. Best is trial 35 with value: 0.11020765453577042.
LOCAL_RANK: 0 - CUDA_VISIBLE_DEVICES: [0]
[I 2023-11-30 02:56:28,563] Trial 57 finished with value: 0.2523355484008789 and parameters: {'gradient_clip_val': 0.7738104039988648, 'hidden_size': 28, 'dropout': 0.3299995774716503, 'hidden_continuous_size': 16, 'attention_head_size': 3, 'learning_rate': 0.03925042052438988}. Best is trial 35 with value: 0.11020765453577042.
LOCAL_RANK: 0 - CUDA_VISIBLE_DEVICES: [0]
[I 2023-11-30 02:56:40,982] Trial 58 finished with value: 0.3292970657348633 and parameters: {'gradient_clip_val': 0.5858516719719987, 'hidden_size': 34, 'dropout': 0.31401874429162446, 'hidden_continuous_size': 16, 'attention_head_size': 3, 'learning_rate': 0.04516609637588741}. Best is trial 35 with value: 0.11020765453577042.
LOCAL_RANK: 0 - CUDA_VISIBLE_DEVICES: [0]
[I 2023-11-30 02:56:54,076] Trial 59 finished with value: 0.16382591426372528 and parameters: {'gradient_clip_val': 0.45448011792115384, 'hidden_size': 49, 'dropout': 0.3452606374512183, 'hidden_continuous_size': 14, 'attention_head_size': 3, 'learning_rate': 0.06053085689625337}. Best is trial 35 with value: 0.11020765453577042.
LOCAL_RANK: 0 - CUDA_VISIBLE_DEVICES: [0]
[I 2023-11-30 02:57:06,297] Trial 60 finished with value: 0.3666747510433197 and parameters: {'gradient_clip_val': 0.6606942918897076, 'hidden_size': 18, 'dropout': 0.3911304440625288, 'hidden_continuous_size': 15, 'attention_head_size': 3, 'learning_rate': 0.03220631727969483}. Best is trial 35 with value: 0.11020765453577042.
LOCAL_RANK: 0 - CUDA_VISIBLE_DEVICES: [0]
[I 2023-11-30 02:57:19,002] Trial 61 finished with value: 0.19569146633148193 and parameters: {'gradient_clip_val': 0.8210651973139513, 'hidden_size': 37, 'dropout': 0.37518391316131905, 'hidden_continuous_size': 18, 'attention_head_size': 3, 'learning_rate': 0.08696425891040241}. Best is trial 35 with value: 0.11020765453577042.
LOCAL_RANK: 0 - CUDA_VISIBLE_DEVICES: [0]
[I 2023-11-30 02:57:31,215] Trial 62 finished with value: 0.17017798125743866 and parameters: {'gradient_clip_val': 0.974159218254454, 'hidden_size': 32, 'dropout': 0.32058793545322795, 'hidden_continuous_size': 17, 'attention_head_size': 2, 'learning_rate': 0.07093102192826245}. Best is trial 35 with value: 0.11020765453577042.
LOCAL_RANK: 0 - CUDA_VISIBLE_DEVICES: [0]
[I 2023-11-30 02:57:43,951] Trial 63 finished with value: 0.1494693011045456 and parameters: {'gradient_clip_val': 0.8902186228024698, 'hidden_size': 53, 'dropout': 0.33424586776413406, 'hidden_continuous_size': 22, 'attention_head_size': 1, 'learning_rate': 0.05920694543761578}. Best is trial 35 with value: 0.11020765453577042.
LOCAL_RANK: 0 - CUDA_VISIBLE_DEVICES: [0]
[I 2023-11-30 02:57:56,939] Trial 64 finished with value: 0.13458847999572754 and parameters: {'gradient_clip_val': 0.7466644119610923, 'hidden_size': 42, 'dropout': 0.35692617032680024, 'hidden_continuous_size': 19, 'attention_head_size': 3, 'learning_rate': 0.07235550987080251}. Best is trial 35 with value: 0.11020765453577042.
LOCAL_RANK: 0 - CUDA_VISIBLE_DEVICES: [0]
[I 2023-11-30 02:58:09,795] Trial 65 finished with value: 0.10124311596155167 and parameters: {'gradient_clip_val': 0.6542789027118044, 'hidden_size': 47, 'dropout': 0.39009857264987946, 'hidden_continuous_size': 18, 'attention_head_size': 3, 'learning_rate': 0.09329656788389676}. Best is trial 65 with value: 0.10124311596155167.
LOCAL_RANK: 0 - CUDA_VISIBLE_DEVICES: [0]
[I 2023-11-30 02:58:22,467] Trial 66 finished with value: 0.1912538856267929 and parameters: {'gradient_clip_val': 0.5531881812534204, 'hidden_size': 47, 'dropout': 0.3913728628048902, 'hidden_continuous_size': 18, 'attention_head_size': 3, 'learning_rate': 0.050023431142336566}. Best is trial 65 with value: 0.10124311596155167.
LOCAL_RANK: 0 - CUDA_VISIBLE_DEVICES: [0]
[I 2023-11-30 02:58:35,486] Trial 67 finished with value: 0.16098898649215698 and parameters: {'gradient_clip_val': 0.48987261259239306, 'hidden_size': 57, 'dropout': 0.37820381590416735, 'hidden_continuous_size': 13, 'attention_head_size': 3, 'learning_rate': 0.09061813660844212}. Best is trial 65 with value: 0.10124311596155167.
LOCAL_RANK: 0 - CUDA_VISIBLE_DEVICES: [0]
[I 2023-11-30 02:58:48,440] Trial 68 finished with value: 0.10172178596258163 and parameters: {'gradient_clip_val': 0.6516524248961186, 'hidden_size': 50, 'dropout': 0.35124597550284786, 'hidden_continuous_size': 24, 'attention_head_size': 3, 'learning_rate': 0.06713872181866849}. Best is trial 65 with value: 0.10124311596155167.
LOCAL_RANK: 0 - CUDA_VISIBLE_DEVICES: [0]
[I 2023-11-30 02:59:01,479] Trial 69 finished with value: 0.13789349794387817 and parameters: {'gradient_clip_val': 0.634866765424636, 'hidden_size': 50, 'dropout': 0.3331408765788776, 'hidden_continuous_size': 26, 'attention_head_size': 3, 'learning_rate': 0.06602866200490833}. Best is trial 65 with value: 0.10124311596155167.
LOCAL_RANK: 0 - CUDA_VISIBLE_DEVICES: [0]
[I 2023-11-30 02:59:14,853] Trial 70 finished with value: 0.19675906002521515 and parameters: {'gradient_clip_val': 0.6978083596476485, 'hidden_size': 67, 'dropout': 0.3504705471999197, 'hidden_continuous_size': 24, 'attention_head_size': 3, 'learning_rate': 0.09977763556483975}. Best is trial 65 with value: 0.10124311596155167.
LOCAL_RANK: 0 - CUDA_VISIBLE_DEVICES: [0]
[I 2023-11-30 02:59:27,889] Trial 71 finished with value: 0.1624104380607605 and parameters: {'gradient_clip_val': 0.6072746474918661, 'hidden_size': 60, 'dropout': 0.3715509251807914, 'hidden_continuous_size': 20, 'attention_head_size': 3, 'learning_rate': 0.05617401413244407}. Best is trial 65 with value: 0.10124311596155167.
LOCAL_RANK: 0 - CUDA_VISIBLE_DEVICES: [0]
[I 2023-11-30 02:59:41,083] Trial 72 finished with value: 0.18052829802036285 and parameters: {'gradient_clip_val': 0.5365038587097369, 'hidden_size': 39, 'dropout': 0.3865557660264124, 'hidden_continuous_size': 17, 'attention_head_size': 3, 'learning_rate': 0.0741608468878239}. Best is trial 65 with value: 0.10124311596155167.
LOCAL_RANK: 0 - CUDA_VISIBLE_DEVICES: [0]
[I 2023-11-30 02:59:53,819] Trial 73 finished with value: 0.15341411530971527 and parameters: {'gradient_clip_val': 0.6595517704752916, 'hidden_size': 43, 'dropout': 0.36520163941746614, 'hidden_continuous_size': 18, 'attention_head_size': 3, 'learning_rate': 0.04667745579009051}. Best is trial 65 with value: 0.10124311596155167.
LOCAL_RANK: 0 - CUDA_VISIBLE_DEVICES: [0]
[I 2023-11-30 03:00:06,755] Trial 74 finished with value: 0.17199058830738068 and parameters: {'gradient_clip_val': 0.8065746887700652, 'hidden_size': 47, 'dropout': 0.3429279595029189, 'hidden_continuous_size': 16, 'attention_head_size': 4, 'learning_rate': 0.06326982923659977}. Best is trial 65 with value: 0.10124311596155167.
LOCAL_RANK: 0 - CUDA_VISIBLE_DEVICES: [0]
[I 2023-11-30 03:00:19,747] Trial 75 finished with value: 0.12641562521457672 and parameters: {'gradient_clip_val': 0.49825488458892003, 'hidden_size': 53, 'dropout': 0.3998517196657933, 'hidden_continuous_size': 17, 'attention_head_size': 3, 'learning_rate': 0.0408199319694902}. Best is trial 65 with value: 0.10124311596155167.
LOCAL_RANK: 0 - CUDA_VISIBLE_DEVICES: [0]
[I 2023-11-30 03:00:32,452] Trial 76 finished with value: 0.17238777875900269 and parameters: {'gradient_clip_val': 0.4974440093525711, 'hidden_size': 52, 'dropout': 0.37773479906520013, 'hidden_continuous_size': 15, 'attention_head_size': 3, 'learning_rate': 0.03938063559371781}. Best is trial 65 with value: 0.10124311596155167.
LOCAL_RANK: 0 - CUDA_VISIBLE_DEVICES: [0]
[I 2023-11-30 03:00:45,449] Trial 77 finished with value: 0.13950300216674805 and parameters: {'gradient_clip_val': 0.5324350488001819, 'hidden_size': 55, 'dropout': 0.35561386517495747, 'hidden_continuous_size': 14, 'attention_head_size': 3, 'learning_rate': 0.08276440445169074}. Best is trial 65 with value: 0.10124311596155167.
LOCAL_RANK: 0 - CUDA_VISIBLE_DEVICES: [0]
[I 2023-11-30 03:00:58,849] Trial 78 finished with value: 0.16981744766235352 and parameters: {'gradient_clip_val': 0.5863217311450457, 'hidden_size': 64, 'dropout': 0.3899555483532802, 'hidden_continuous_size': 22, 'attention_head_size': 3, 'learning_rate': 0.05378592378372937}. Best is trial 65 with value: 0.10124311596155167.
LOCAL_RANK: 0 - CUDA_VISIBLE_DEVICES: [0]
[I 2023-11-30 03:01:11,530] Trial 79 finished with value: 0.13418331742286682 and parameters: {'gradient_clip_val': 0.4576098895176546, 'hidden_size': 34, 'dropout': 0.3676195148141041, 'hidden_continuous_size': 17, 'attention_head_size': 3, 'learning_rate': 0.07235324287127899}. Best is trial 65 with value: 0.10124311596155167.
LOCAL_RANK: 0 - CUDA_VISIBLE_DEVICES: [0]
[I 2023-11-30 03:01:23,982] Trial 80 finished with value: 0.23207688331604004 and parameters: {'gradient_clip_val': 0.4275157982668127, 'hidden_size': 39, 'dropout': 0.3978228982641561, 'hidden_continuous_size': 18, 'attention_head_size': 3, 'learning_rate': 0.04452016184340311}. Best is trial 65 with value: 0.10124311596155167.
LOCAL_RANK: 0 - CUDA_VISIBLE_DEVICES: [0]
[I 2023-11-30 03:01:36,808] Trial 81 finished with value: 0.1896546483039856 and parameters: {'gradient_clip_val': 0.7193002325616467, 'hidden_size': 46, 'dropout': 0.383743914132062, 'hidden_continuous_size': 19, 'attention_head_size': 3, 'learning_rate': 0.061086261555000416}. Best is trial 65 with value: 0.10124311596155167.
LOCAL_RANK: 0 - CUDA_VISIBLE_DEVICES: [0]
[I 2023-11-30 03:01:49,416] Trial 82 finished with value: 0.2647026479244232 and parameters: {'gradient_clip_val': 0.5584845137098877, 'hidden_size': 43, 'dropout': 0.38994852252015305, 'hidden_continuous_size': 16, 'attention_head_size': 3, 'learning_rate': 0.08934722633788851}. Best is trial 65 with value: 0.10124311596155167.
LOCAL_RANK: 0 - CUDA_VISIBLE_DEVICES: [0]
[I 2023-11-30 03:02:02,397] Trial 83 finished with value: 0.1538238227367401 and parameters: {'gradient_clip_val': 0.615652764254482, 'hidden_size': 51, 'dropout': 0.3809587589327632, 'hidden_continuous_size': 21, 'attention_head_size': 2, 'learning_rate': 0.06950819335706608}. Best is trial 65 with value: 0.10124311596155167.
LOCAL_RANK: 0 - CUDA_VISIBLE_DEVICES: [0]
[I 2023-11-30 03:02:15,038] Trial 84 finished with value: 0.21437382698059082 and parameters: {'gradient_clip_val': 0.4980468126632956, 'hidden_size': 38, 'dropout': 0.39706633665631974, 'hidden_continuous_size': 17, 'attention_head_size': 3, 'learning_rate': 0.07696914637944188}. Best is trial 65 with value: 0.10124311596155167.
LOCAL_RANK: 0 - CUDA_VISIBLE_DEVICES: [0]
[I 2023-11-30 03:02:28,079] Trial 85 finished with value: 0.16845344007015228 and parameters: {'gradient_clip_val': 0.6639800993117767, 'hidden_size': 59, 'dropout': 0.36155599919925896, 'hidden_continuous_size': 15, 'attention_head_size': 4, 'learning_rate': 0.05449224561739548}. Best is trial 65 with value: 0.10124311596155167.
LOCAL_RANK: 0 - CUDA_VISIBLE_DEVICES: [0]
[I 2023-11-30 03:02:40,988] Trial 86 finished with value: 0.19879408180713654 and parameters: {'gradient_clip_val': 0.7287980131887505, 'hidden_size': 47, 'dropout': 0.3688368250359881, 'hidden_continuous_size': 20, 'attention_head_size': 3, 'learning_rate': 0.0912929568427765}. Best is trial 65 with value: 0.10124311596155167.
LOCAL_RANK: 0 - CUDA_VISIBLE_DEVICES: [0]
[I 2023-11-30 03:02:53,804] Trial 87 finished with value: 0.10035955905914307 and parameters: {'gradient_clip_val': 0.581034051517365, 'hidden_size': 42, 'dropout': 0.37783919483200074, 'hidden_continuous_size': 19, 'attention_head_size': 3, 'learning_rate': 0.06328880841982294}. Best is trial 87 with value: 0.10035955905914307.
LOCAL_RANK: 0 - CUDA_VISIBLE_DEVICES: [0]
[I 2023-11-30 03:03:06,568] Trial 88 finished with value: 0.16583390533924103 and parameters: {'gradient_clip_val': 0.5731728817078504, 'hidden_size': 35, 'dropout': 0.350810726739769, 'hidden_continuous_size': 19, 'attention_head_size': 3, 'learning_rate': 0.06319757288602271}. Best is trial 87 with value: 0.10035955905914307.
LOCAL_RANK: 0 - CUDA_VISIBLE_DEVICES: [0]
[I 2023-11-30 03:03:19,182] Trial 89 finished with value: 0.40371736884117126 and parameters: {'gradient_clip_val': 0.5343769440827223, 'hidden_size': 43, 'dropout': 0.37472280116114753, 'hidden_continuous_size': 16, 'attention_head_size': 3, 'learning_rate': 0.051185681852028736}. Best is trial 87 with value: 0.10035955905914307.
LOCAL_RANK: 0 - CUDA_VISIBLE_DEVICES: [0]
[I 2023-11-30 03:03:31,614] Trial 90 finished with value: 0.2221386432647705 and parameters: {'gradient_clip_val': 0.5134340155748262, 'hidden_size': 31, 'dropout': 0.3384441447842386, 'hidden_continuous_size': 18, 'attention_head_size': 3, 'learning_rate': 0.08120096514221994}. Best is trial 87 with value: 0.10035955905914307.
LOCAL_RANK: 0 - CUDA_VISIBLE_DEVICES: [0]
[I 2023-11-30 03:03:44,252] Trial 91 finished with value: 0.13690285384655 and parameters: {'gradient_clip_val': 0.6293188351189386, 'hidden_size': 41, 'dropout': 0.3998220092135119, 'hidden_continuous_size': 17, 'attention_head_size': 3, 'learning_rate': 0.06788825467529926}. Best is trial 87 with value: 0.10035955905914307.
LOCAL_RANK: 0 - CUDA_VISIBLE_DEVICES: [0]
[I 2023-11-30 03:03:57,328] Trial 92 finished with value: 0.2638133466243744 and parameters: {'gradient_clip_val': 0.6755158034497076, 'hidden_size': 54, 'dropout': 0.385264258015439, 'hidden_continuous_size': 19, 'attention_head_size': 3, 'learning_rate': 0.05844430034799928}. Best is trial 87 with value: 0.10035955905914307.
LOCAL_RANK: 0 - CUDA_VISIBLE_DEVICES: [0]
[I 2023-11-30 03:04:10,319] Trial 93 finished with value: 0.17169316112995148 and parameters: {'gradient_clip_val': 0.6041007581551723, 'hidden_size': 46, 'dropout': 0.39283031638003857, 'hidden_continuous_size': 20, 'attention_head_size': 3, 'learning_rate': 0.0979712482105906}. Best is trial 87 with value: 0.10035955905914307.
LOCAL_RANK: 0 - CUDA_VISIBLE_DEVICES: [0]
[I 2023-11-30 03:04:23,196] Trial 94 finished with value: 0.1459663063287735 and parameters: {'gradient_clip_val': 0.3976819214884246, 'hidden_size': 49, 'dropout': 0.3784751114780401, 'hidden_continuous_size': 21, 'attention_head_size': 2, 'learning_rate': 0.07556883502280007}. Best is trial 87 with value: 0.10035955905914307.
LOCAL_RANK: 0 - CUDA_VISIBLE_DEVICES: [0]
[I 2023-11-30 03:04:35,892] Trial 95 finished with value: 0.12061334401369095 and parameters: {'gradient_clip_val': 0.7667230940179065, 'hidden_size': 37, 'dropout': 0.36116717086539407, 'hidden_continuous_size': 18, 'attention_head_size': 3, 'learning_rate': 0.046912671190251845}. Best is trial 87 with value: 0.10035955905914307.
LOCAL_RANK: 0 - CUDA_VISIBLE_DEVICES: [0]
[I 2023-11-30 03:04:48,422] Trial 96 finished with value: 0.12202472239732742 and parameters: {'gradient_clip_val': 0.7635643848391063, 'hidden_size': 37, 'dropout': 0.3616675320176779, 'hidden_continuous_size': 18, 'attention_head_size': 3, 'learning_rate': 0.047453203077344165}. Best is trial 87 with value: 0.10035955905914307.
LOCAL_RANK: 0 - CUDA_VISIBLE_DEVICES: [0]
[I 2023-11-30 03:05:00,984] Trial 97 finished with value: 0.17060703039169312 and parameters: {'gradient_clip_val': 0.7667439937389147, 'hidden_size': 37, 'dropout': 0.36087591185360657, 'hidden_continuous_size': 18, 'attention_head_size': 3, 'learning_rate': 0.04731179991420617}. Best is trial 87 with value: 0.10035955905914307.
LOCAL_RANK: 0 - CUDA_VISIBLE_DEVICES: [0]
[I 2023-11-30 03:05:13,637] Trial 98 finished with value: 0.2559293508529663 and parameters: {'gradient_clip_val': 0.8104317190818535, 'hidden_size': 33, 'dropout': 0.3485390889194859, 'hidden_continuous_size': 18, 'attention_head_size': 3, 'learning_rate': 0.03759437270443581}. Best is trial 87 with value: 0.10035955905914307.
LOCAL_RANK: 0 - CUDA_VISIBLE_DEVICES: [0]
[I 2023-11-30 03:05:26,305] Trial 99 finished with value: 0.1687246561050415 and parameters: {'gradient_clip_val': 0.7799324881979648, 'hidden_size': 36, 'dropout': 0.3230234291619924, 'hidden_continuous_size': 16, 'attention_head_size': 3, 'learning_rate': 0.08535674230529465}. Best is trial 87 with value: 0.10035955905914307.
LOCAL_RANK: 0 - CUDA_VISIBLE_DEVICES: [0]
[I 2023-11-30 03:05:38,925] Trial 100 finished with value: 0.1653614342212677 and parameters: {'gradient_clip_val': 0.6980585706409422, 'hidden_size': 41, 'dropout': 0.3429620125313912, 'hidden_continuous_size': 19, 'attention_head_size': 3, 'learning_rate': 0.05268926556879387}. Best is trial 87 with value: 0.10035955905914307.
LOCAL_RANK: 0 - CUDA_VISIBLE_DEVICES: [0]
[I 2023-11-30 03:05:51,506] Trial 101 finished with value: 0.15202294290065765 and parameters: {'gradient_clip_val': 0.7244908939843153, 'hidden_size': 40, 'dropout': 0.3542237447233704, 'hidden_continuous_size': 17, 'attention_head_size': 3, 'learning_rate': 0.0423705563802911}. Best is trial 87 with value: 0.10035955905914307.
LOCAL_RANK: 0 - CUDA_VISIBLE_DEVICES: [0]
[I 2023-11-30 03:06:04,180] Trial 102 finished with value: 0.185856893658638 and parameters: {'gradient_clip_val': 0.6505045590324693, 'hidden_size': 35, 'dropout': 0.36970268046753113, 'hidden_continuous_size': 17, 'attention_head_size': 3, 'learning_rate': 0.061884011738830354}. Best is trial 87 with value: 0.10035955905914307.
LOCAL_RANK: 0 - CUDA_VISIBLE_DEVICES: [0]
