[I 2023-11-30 12:41:26,684] Trial 56 finished with value: 0.16173936426639557 and parameters: {'gradient_clip_val': 0.7044495971346629, 'hidden_size': 51, 'dropout': 0.2998622161747376, 'hidden_continuous_size': 23, 'attention_head_size': 2, 'learning_rate': 0.04816930885378864}. Best is trial 28 with value: 0.11176315695047379.
LOCAL_RANK: 0 - CUDA_VISIBLE_DEVICES: [0]
[I 2023-11-30 12:41:39,708] Trial 57 finished with value: 0.205972358584404 and parameters: {'gradient_clip_val': 0.9008003678343858, 'hidden_size': 39, 'dropout': 0.2610166973360231, 'hidden_continuous_size': 25, 'attention_head_size': 3, 'learning_rate': 0.0653000681765564}. Best is trial 28 with value: 0.11176315695047379.
LOCAL_RANK: 0 - CUDA_VISIBLE_DEVICES: [0]
[I 2023-11-30 12:41:52,516] Trial 58 finished with value: 0.14038442075252533 and parameters: {'gradient_clip_val': 0.7781359698010202, 'hidden_size': 43, 'dropout': 0.3647859750826216, 'hidden_continuous_size': 21, 'attention_head_size': 2, 'learning_rate': 0.03401875801662117}. Best is trial 28 with value: 0.11176315695047379.
LOCAL_RANK: 0 - CUDA_VISIBLE_DEVICES: [0]
[I 2023-11-30 12:42:05,588] Trial 59 finished with value: 0.15319634974002838 and parameters: {'gradient_clip_val': 0.4617380050467847, 'hidden_size': 34, 'dropout': 0.34903719940049915, 'hidden_continuous_size': 23, 'attention_head_size': 3, 'learning_rate': 0.03953786683687277}. Best is trial 28 with value: 0.11176315695047379.
LOCAL_RANK: 0 - CUDA_VISIBLE_DEVICES: [0]
[I 2023-11-30 12:42:18,803] Trial 60 finished with value: 0.1981627494096756 and parameters: {'gradient_clip_val': 0.6583090705289251, 'hidden_size': 70, 'dropout': 0.3107913799847961, 'hidden_continuous_size': 29, 'attention_head_size': 1, 'learning_rate': 0.028623571345052334}. Best is trial 28 with value: 0.11176315695047379.
LOCAL_RANK: 0 - CUDA_VISIBLE_DEVICES: [0]
[I 2023-11-30 12:42:32,469] Trial 61 finished with value: 0.19188404083251953 and parameters: {'gradient_clip_val': 0.5214091796199213, 'hidden_size': 93, 'dropout': 0.25410358301515146, 'hidden_continuous_size': 16, 'attention_head_size': 2, 'learning_rate': 0.019389683610309842}. Best is trial 28 with value: 0.11176315695047379.
LOCAL_RANK: 0 - CUDA_VISIBLE_DEVICES: [0]
[I 2023-11-30 12:42:46,048] Trial 62 finished with value: 0.283847451210022 and parameters: {'gradient_clip_val': 0.5840019781729586, 'hidden_size': 80, 'dropout': 0.23314754358503617, 'hidden_continuous_size': 19, 'attention_head_size': 2, 'learning_rate': 0.0266018102642548}. Best is trial 28 with value: 0.11176315695047379.
LOCAL_RANK: 0 - CUDA_VISIBLE_DEVICES: [0]
[I 2023-11-30 12:42:59,913] Trial 63 finished with value: 0.24943523108959198 and parameters: {'gradient_clip_val': 0.504944433132278, 'hidden_size': 122, 'dropout': 0.2758130547675607, 'hidden_continuous_size': 32, 'attention_head_size': 2, 'learning_rate': 0.032561552457444506}. Best is trial 28 with value: 0.11176315695047379.
LOCAL_RANK: 0 - CUDA_VISIBLE_DEVICES: [0]
[I 2023-11-30 12:43:12,980] Trial 64 finished with value: 0.25559625029563904 and parameters: {'gradient_clip_val': 0.7940235091367096, 'hidden_size': 65, 'dropout': 0.3332640104365662, 'hidden_continuous_size': 15, 'attention_head_size': 2, 'learning_rate': 0.011930373846883639}. Best is trial 28 with value: 0.11176315695047379.
LOCAL_RANK: 0 - CUDA_VISIBLE_DEVICES: [0]
[I 2023-11-30 12:43:26,327] Trial 65 finished with value: 0.15120907127857208 and parameters: {'gradient_clip_val': 0.5516182927016299, 'hidden_size': 75, 'dropout': 0.29524296068207473, 'hidden_continuous_size': 28, 'attention_head_size': 2, 'learning_rate': 0.05412471490455978}. Best is trial 28 with value: 0.11176315695047379.
LOCAL_RANK: 0 - CUDA_VISIBLE_DEVICES: [0]
[I 2023-11-30 12:43:39,508] Trial 66 finished with value: 0.2039402574300766 and parameters: {'gradient_clip_val': 0.6777722921297433, 'hidden_size': 57, 'dropout': 0.28809909637610853, 'hidden_continuous_size': 25, 'attention_head_size': 3, 'learning_rate': 0.043853090183112925}. Best is trial 28 with value: 0.11176315695047379.
LOCAL_RANK: 0 - CUDA_VISIBLE_DEVICES: [0]
[I 2023-11-30 12:43:52,665] Trial 67 finished with value: 0.2390165776014328 and parameters: {'gradient_clip_val': 0.6221058977716724, 'hidden_size': 50, 'dropout': 0.21154603342692146, 'hidden_continuous_size': 23, 'attention_head_size': 2, 'learning_rate': 0.022511590930915364}. Best is trial 28 with value: 0.11176315695047379.
LOCAL_RANK: 0 - CUDA_VISIBLE_DEVICES: [0]
[I 2023-11-30 12:44:06,235] Trial 68 finished with value: 0.08735877275466919 and parameters: {'gradient_clip_val': 0.43165530944358504, 'hidden_size': 89, 'dropout': 0.322835993359409, 'hidden_continuous_size': 10, 'attention_head_size': 3, 'learning_rate': 0.06656069928894176}. Best is trial 68 with value: 0.08735877275466919.
LOCAL_RANK: 0 - CUDA_VISIBLE_DEVICES: [0]
[I 2023-11-30 12:44:19,553] Trial 69 finished with value: 0.2788082957267761 and parameters: {'gradient_clip_val': 0.4477803330283393, 'hidden_size': 91, 'dropout': 0.3246261968228047, 'hidden_continuous_size': 11, 'attention_head_size': 3, 'learning_rate': 0.0904732023855257}. Best is trial 68 with value: 0.08735877275466919.
LOCAL_RANK: 0 - CUDA_VISIBLE_DEVICES: [0]
[I 2023-11-30 12:44:32,501] Trial 70 finished with value: 0.18981225788593292 and parameters: {'gradient_clip_val': 0.7274137115016344, 'hidden_size': 63, 'dropout': 0.31867367571062327, 'hidden_continuous_size': 10, 'attention_head_size': 3, 'learning_rate': 0.07090958764261933}. Best is trial 68 with value: 0.08735877275466919.
LOCAL_RANK: 0 - CUDA_VISIBLE_DEVICES: [0]
[I 2023-11-30 12:44:45,927] Trial 71 finished with value: 0.15257829427719116 and parameters: {'gradient_clip_val': 0.5362270696425578, 'hidden_size': 101, 'dropout': 0.3063604638732238, 'hidden_continuous_size': 13, 'attention_head_size': 3, 'learning_rate': 0.057000277216471766}. Best is trial 68 with value: 0.08735877275466919.
LOCAL_RANK: 0 - CUDA_VISIBLE_DEVICES: [0]
[I 2023-11-30 12:44:59,165] Trial 72 finished with value: 0.20519578456878662 and parameters: {'gradient_clip_val': 0.48620860777776964, 'hidden_size': 81, 'dropout': 0.33275454236549584, 'hidden_continuous_size': 10, 'attention_head_size': 3, 'learning_rate': 0.0652396696412936}. Best is trial 68 with value: 0.08735877275466919.
LOCAL_RANK: 0 - CUDA_VISIBLE_DEVICES: [0]
[I 2023-11-30 12:45:12,578] Trial 73 finished with value: 0.13016904890537262 and parameters: {'gradient_clip_val': 0.584285044493685, 'hidden_size': 73, 'dropout': 0.3442422815376211, 'hidden_continuous_size': 17, 'attention_head_size': 2, 'learning_rate': 0.0859185728225067}. Best is trial 68 with value: 0.08735877275466919.
LOCAL_RANK: 0 - CUDA_VISIBLE_DEVICES: [0]
[I 2023-11-30 12:45:25,949] Trial 74 finished with value: 0.22498023509979248 and parameters: {'gradient_clip_val': 0.6422082540954894, 'hidden_size': 89, 'dropout': 0.3129367299229693, 'hidden_continuous_size': 14, 'attention_head_size': 3, 'learning_rate': 0.048622901915635515}. Best is trial 68 with value: 0.08735877275466919.
LOCAL_RANK: 0 - CUDA_VISIBLE_DEVICES: [0]
[I 2023-11-30 12:45:39,352] Trial 75 finished with value: 0.16628341376781464 and parameters: {'gradient_clip_val': 0.6813680643441938, 'hidden_size': 80, 'dropout': 0.3270411973297841, 'hidden_continuous_size': 20, 'attention_head_size': 2, 'learning_rate': 0.042369473361767857}. Best is trial 68 with value: 0.08735877275466919.
LOCAL_RANK: 0 - CUDA_VISIBLE_DEVICES: [0]
[I 2023-11-30 12:45:52,817] Trial 76 finished with value: 0.14745919406414032 and parameters: {'gradient_clip_val': 0.41444728688745447, 'hidden_size': 69, 'dropout': 0.2665555161979559, 'hidden_continuous_size': 21, 'attention_head_size': 4, 'learning_rate': 0.03739630902180703}. Best is trial 68 with value: 0.08735877275466919.
LOCAL_RANK: 0 - CUDA_VISIBLE_DEVICES: [0]
[I 2023-11-30 12:46:05,990] Trial 77 finished with value: 0.1422663778066635 and parameters: {'gradient_clip_val': 0.5261532605696254, 'hidden_size': 60, 'dropout': 0.2954529343191018, 'hidden_continuous_size': 22, 'attention_head_size': 3, 'learning_rate': 0.08239196872729772}. Best is trial 68 with value: 0.08735877275466919.
LOCAL_RANK: 0 - CUDA_VISIBLE_DEVICES: [0]
[I 2023-11-30 12:46:19,787] Trial 78 finished with value: 0.24905486404895782 and parameters: {'gradient_clip_val': 0.8141829279825479, 'hidden_size': 98, 'dropout': 0.28133385847779946, 'hidden_continuous_size': 19, 'attention_head_size': 2, 'learning_rate': 0.07207180285662701}. Best is trial 68 with value: 0.08735877275466919.
LOCAL_RANK: 0 - CUDA_VISIBLE_DEVICES: [0]
[I 2023-11-30 12:46:33,416] Trial 79 finished with value: 0.1548876166343689 and parameters: {'gradient_clip_val': 0.6031276323537436, 'hidden_size': 112, 'dropout': 0.30453238363752166, 'hidden_continuous_size': 30, 'attention_head_size': 2, 'learning_rate': 0.03157524769035405}. Best is trial 68 with value: 0.08735877275466919.
LOCAL_RANK: 0 - CUDA_VISIBLE_DEVICES: [0]
[I 2023-11-30 12:46:46,764] Trial 80 finished with value: 0.17679722607135773 and parameters: {'gradient_clip_val': 0.869281706937829, 'hidden_size': 75, 'dropout': 0.3525653079069203, 'hidden_continuous_size': 17, 'attention_head_size': 3, 'learning_rate': 0.05653457596052759}. Best is trial 68 with value: 0.08735877275466919.
LOCAL_RANK: 0 - CUDA_VISIBLE_DEVICES: [0]
[I 2023-11-30 12:46:59,970] Trial 81 finished with value: 0.3118700385093689 and parameters: {'gradient_clip_val': 0.5628854820050025, 'hidden_size': 71, 'dropout': 0.3448885314932638, 'hidden_continuous_size': 17, 'attention_head_size': 2, 'learning_rate': 0.09579756011558348}. Best is trial 68 with value: 0.08735877275466919.
LOCAL_RANK: 0 - CUDA_VISIBLE_DEVICES: [0]
[I 2023-11-30 12:47:12,891] Trial 82 finished with value: 0.16168642044067383 and parameters: {'gradient_clip_val': 0.5966828318358077, 'hidden_size': 54, 'dropout': 0.3377349403820638, 'hidden_continuous_size': 20, 'attention_head_size': 2, 'learning_rate': 0.06392115942909517}. Best is trial 68 with value: 0.08735877275466919.
LOCAL_RANK: 0 - CUDA_VISIBLE_DEVICES: [0]
[I 2023-11-30 12:47:26,361] Trial 83 finished with value: 0.23115579783916473 and parameters: {'gradient_clip_val': 0.7551088069086, 'hidden_size': 84, 'dropout': 0.3238295721116216, 'hidden_continuous_size': 15, 'attention_head_size': 2, 'learning_rate': 0.08503862807827921}. Best is trial 68 with value: 0.08735877275466919.
LOCAL_RANK: 0 - CUDA_VISIBLE_DEVICES: [0]
[I 2023-11-30 12:47:39,337] Trial 84 finished with value: 0.32932621240615845 and parameters: {'gradient_clip_val': 0.4903246274574958, 'hidden_size': 64, 'dropout': 0.3169734388005538, 'hidden_continuous_size': 18, 'attention_head_size': 2, 'learning_rate': 0.074800653522899}. Best is trial 68 with value: 0.08735877275466919.
LOCAL_RANK: 0 - CUDA_VISIBLE_DEVICES: [0]
[I 2023-11-30 12:47:52,791] Trial 85 finished with value: 0.11335144191980362 and parameters: {'gradient_clip_val': 0.5748150045638111, 'hidden_size': 76, 'dropout': 0.33131611257800847, 'hidden_continuous_size': 25, 'attention_head_size': 2, 'learning_rate': 0.08684212975738075}. Best is trial 68 with value: 0.08735877275466919.
LOCAL_RANK: 0 - CUDA_VISIBLE_DEVICES: [0]
[I 2023-11-30 12:48:05,935] Trial 86 finished with value: 0.16960547864437103 and parameters: {'gradient_clip_val': 0.7051570333027416, 'hidden_size': 59, 'dropout': 0.3578469122232791, 'hidden_continuous_size': 22, 'attention_head_size': 2, 'learning_rate': 0.04978519686776909}. Best is trial 68 with value: 0.08735877275466919.
LOCAL_RANK: 0 - CUDA_VISIBLE_DEVICES: [0]
[I 2023-11-30 12:48:19,273] Trial 87 finished with value: 0.13697001338005066 and parameters: {'gradient_clip_val': 0.638205538973395, 'hidden_size': 86, 'dropout': 0.33352166713187786, 'hidden_continuous_size': 27, 'attention_head_size': 1, 'learning_rate': 0.06307182134315992}. Best is trial 68 with value: 0.08735877275466919.
LOCAL_RANK: 0 - CUDA_VISIBLE_DEVICES: [0]
[I 2023-11-30 12:48:32,571] Trial 88 finished with value: 0.2026323527097702 and parameters: {'gradient_clip_val': 0.5473089640081522, 'hidden_size': 68, 'dropout': 0.302903034179387, 'hidden_continuous_size': 24, 'attention_head_size': 2, 'learning_rate': 0.09916256490126582}. Best is trial 68 with value: 0.08735877275466919.
LOCAL_RANK: 0 - CUDA_VISIBLE_DEVICES: [0]
[I 2023-11-30 12:48:45,997] Trial 89 finished with value: 0.22502893209457397 and parameters: {'gradient_clip_val': 0.5092599590264538, 'hidden_size': 78, 'dropout': 0.31407853132952457, 'hidden_continuous_size': 26, 'attention_head_size': 3, 'learning_rate': 0.07550112741565042}. Best is trial 68 with value: 0.08735877275466919.
LOCAL_RANK: 0 - CUDA_VISIBLE_DEVICES: [0]
[I 2023-11-30 12:48:59,147] Trial 90 finished with value: 0.20124362409114838 and parameters: {'gradient_clip_val': 0.6635846037618328, 'hidden_size': 52, 'dropout': 0.2889013098920113, 'hidden_continuous_size': 25, 'attention_head_size': 2, 'learning_rate': 0.05856854022921152}. Best is trial 68 with value: 0.08735877275466919.
LOCAL_RANK: 0 - CUDA_VISIBLE_DEVICES: [0]
[I 2023-11-30 12:49:12,334] Trial 91 finished with value: 0.21761350333690643 and parameters: {'gradient_clip_val': 0.5874775713073628, 'hidden_size': 73, 'dropout': 0.34249029651596596, 'hidden_continuous_size': 11, 'attention_head_size': 2, 'learning_rate': 0.08667588679526408}. Best is trial 68 with value: 0.08735877275466919.
LOCAL_RANK: 0 - CUDA_VISIBLE_DEVICES: [0]
[I 2023-11-30 12:49:25,445] Trial 92 finished with value: 0.11643296480178833 and parameters: {'gradient_clip_val': 0.5675837711986143, 'hidden_size': 61, 'dropout': 0.3279046735445389, 'hidden_continuous_size': 23, 'attention_head_size': 2, 'learning_rate': 0.08608954828992903}. Best is trial 68 with value: 0.08735877275466919.
LOCAL_RANK: 0 - CUDA_VISIBLE_DEVICES: [0]
[I 2023-11-30 12:49:38,732] Trial 93 finished with value: 0.2506241202354431 and parameters: {'gradient_clip_val': 0.44510527935400085, 'hidden_size': 62, 'dropout': 0.3282760017128825, 'hidden_continuous_size': 23, 'attention_head_size': 2, 'learning_rate': 0.06904995305444915}. Best is trial 68 with value: 0.08735877275466919.
LOCAL_RANK: 0 - CUDA_VISIBLE_DEVICES: [0]
[I 2023-11-30 12:49:51,926] Trial 94 finished with value: 0.1278509646654129 and parameters: {'gradient_clip_val': 0.5515315208322132, 'hidden_size': 68, 'dropout': 0.32502848979146526, 'hidden_continuous_size': 27, 'attention_head_size': 2, 'learning_rate': 0.0453635679595707}. Best is trial 68 with value: 0.08735877275466919.
LOCAL_RANK: 0 - CUDA_VISIBLE_DEVICES: [0]
[I 2023-11-30 12:50:05,414] Trial 95 finished with value: 0.12492967396974564 and parameters: {'gradient_clip_val': 0.7135784681926521, 'hidden_size': 67, 'dropout': 0.3207237366643412, 'hidden_continuous_size': 28, 'attention_head_size': 2, 'learning_rate': 0.054282157480208}. Best is trial 68 with value: 0.08735877275466919.
LOCAL_RANK: 0 - CUDA_VISIBLE_DEVICES: [0]
[I 2023-11-30 12:50:18,612] Trial 96 finished with value: 0.174751877784729 and parameters: {'gradient_clip_val': 0.5608368876318769, 'hidden_size': 68, 'dropout': 0.33487582937004584, 'hidden_continuous_size': 28, 'attention_head_size': 2, 'learning_rate': 0.04644110599954888}. Best is trial 68 with value: 0.08735877275466919.
LOCAL_RANK: 0 - CUDA_VISIBLE_DEVICES: [0]
[I 2023-11-30 12:50:32,003] Trial 97 finished with value: 0.2317434400320053 and parameters: {'gradient_clip_val': 0.7509028649839415, 'hidden_size': 58, 'dropout': 0.31031447512897853, 'hidden_continuous_size': 26, 'attention_head_size': 2, 'learning_rate': 0.07847795215945386}. Best is trial 68 with value: 0.08735877275466919.
LOCAL_RANK: 0 - CUDA_VISIBLE_DEVICES: [0]
[I 2023-11-30 12:50:45,297] Trial 98 finished with value: 0.10819292068481445 and parameters: {'gradient_clip_val': 0.6174284052603155, 'hidden_size': 66, 'dropout': 0.32706900509377945, 'hidden_continuous_size': 24, 'attention_head_size': 2, 'learning_rate': 0.052771048059251334}. Best is trial 68 with value: 0.08735877275466919.
LOCAL_RANK: 0 - CUDA_VISIBLE_DEVICES: [0]
[I 2023-11-30 12:50:58,524] Trial 99 finished with value: 0.17871372401714325 and parameters: {'gradient_clip_val': 0.6232267909185916, 'hidden_size': 62, 'dropout': 0.317732359735535, 'hidden_continuous_size': 24, 'attention_head_size': 3, 'learning_rate': 0.05256273718377803}. Best is trial 68 with value: 0.08735877275466919.
LOCAL_RANK: 0 - CUDA_VISIBLE_DEVICES: [0]
[I 2023-11-30 12:51:11,923] Trial 100 finished with value: 0.1216185986995697 and parameters: {'gradient_clip_val': 0.8301371196283497, 'hidden_size': 78, 'dropout': 0.34910328732261303, 'hidden_continuous_size': 21, 'attention_head_size': 2, 'learning_rate': 0.04000539964620881}. Best is trial 68 with value: 0.08735877275466919.
LOCAL_RANK: 0 - CUDA_VISIBLE_DEVICES: [0]
[I 2023-11-30 12:51:25,307] Trial 101 finished with value: 0.2739020884037018 and parameters: {'gradient_clip_val': 0.7995774448894681, 'hidden_size': 77, 'dropout': 0.3505961883295447, 'hidden_continuous_size': 22, 'attention_head_size': 2, 'learning_rate': 0.03953775990561677}. Best is trial 68 with value: 0.08735877275466919.
LOCAL_RANK: 0 - CUDA_VISIBLE_DEVICES: [0]
[I 2023-11-30 12:51:38,526] Trial 102 finished with value: 0.11080628633499146 and parameters: {'gradient_clip_val': 0.6960982470335836, 'hidden_size': 55, 'dropout': 0.33306101542862365, 'hidden_continuous_size': 23, 'attention_head_size': 2, 'learning_rate': 0.06283240970687967}. Best is trial 68 with value: 0.08735877275466919.
LOCAL_RANK: 0 - CUDA_VISIBLE_DEVICES: [0]
[I 2023-11-30 12:51:51,581] Trial 103 finished with value: 0.15193966031074524 and parameters: {'gradient_clip_val': 0.833104356489874, 'hidden_size': 56, 'dropout': 0.33111462881640785, 'hidden_continuous_size': 25, 'attention_head_size': 2, 'learning_rate': 0.06721717036014542}. Best is trial 68 with value: 0.08735877275466919.
LOCAL_RANK: 0 - CUDA_VISIBLE_DEVICES: [0]
[I 2023-11-30 12:52:04,970] Trial 104 finished with value: 0.16495662927627563 and parameters: {'gradient_clip_val': 0.6754652540698772, 'hidden_size': 82, 'dropout': 0.3353154835081734, 'hidden_continuous_size': 21, 'attention_head_size': 2, 'learning_rate': 0.0890392763449093}. Best is trial 68 with value: 0.08735877275466919.
LOCAL_RANK: 0 - CUDA_VISIBLE_DEVICES: [0]
[I 2023-11-30 12:52:18,105] Trial 105 finished with value: 0.1586826890707016 and parameters: {'gradient_clip_val': 0.9242458040907551, 'hidden_size': 63, 'dropout': 0.3407557460843559, 'hidden_continuous_size': 23, 'attention_head_size': 2, 'learning_rate': 0.06086209123586407}. Best is trial 68 with value: 0.08735877275466919.
LOCAL_RANK: 0 - CUDA_VISIBLE_DEVICES: [0]
[I 2023-11-30 12:52:31,302] Trial 106 finished with value: 0.24170030653476715 and parameters: {'gradient_clip_val': 0.7591111801591485, 'hidden_size': 72, 'dropout': 0.355896350238591, 'hidden_continuous_size': 21, 'attention_head_size': 2, 'learning_rate': 0.034251267308544366}. Best is trial 68 with value: 0.08735877275466919.
LOCAL_RANK: 0 - CUDA_VISIBLE_DEVICES: [0]
[I 2023-11-30 12:52:44,390] Trial 107 finished with value: 0.12021172046661377 and parameters: {'gradient_clip_val': 0.6185422802144578, 'hidden_size': 55, 'dropout': 0.34882879884158097, 'hidden_continuous_size': 22, 'attention_head_size': 3, 'learning_rate': 0.08019873598474608}. Best is trial 68 with value: 0.08735877275466919.
LOCAL_RANK: 0 - CUDA_VISIBLE_DEVICES: [0]
[I 2023-11-30 12:52:57,702] Trial 108 finished with value: 0.1296902298927307 and parameters: {'gradient_clip_val': 0.6132467930192994, 'hidden_size': 49, 'dropout': 0.3292216307540562, 'hidden_continuous_size': 23, 'attention_head_size': 3, 'learning_rate': 0.09937353076899118}. Best is trial 68 with value: 0.08735877275466919.
LOCAL_RANK: 0 - CUDA_VISIBLE_DEVICES: [0]
[I 2023-11-30 12:53:10,641] Trial 109 finished with value: 0.1611541360616684 and parameters: {'gradient_clip_val': 0.645894279144831, 'hidden_size': 55, 'dropout': 0.3079453367628883, 'hidden_continuous_size': 24, 'attention_head_size': 3, 'learning_rate': 0.08051019466689016}. Best is trial 68 with value: 0.08735877275466919.
LOCAL_RANK: 0 - CUDA_VISIBLE_DEVICES: [0]
[I 2023-11-30 12:53:23,548] Trial 110 finished with value: 0.15129594504833221 and parameters: {'gradient_clip_val': 0.5834611945183128, 'hidden_size': 45, 'dropout': 0.3002762625142826, 'hidden_continuous_size': 22, 'attention_head_size': 3, 'learning_rate': 0.0688070983250609}. Best is trial 68 with value: 0.08735877275466919.
LOCAL_RANK: 0 - CUDA_VISIBLE_DEVICES: [0]
[I 2023-11-30 12:53:36,455] Trial 111 finished with value: 0.13031484186649323 and parameters: {'gradient_clip_val': 0.6924815513975608, 'hidden_size': 52, 'dropout': 0.3484370643028803, 'hidden_continuous_size': 24, 'attention_head_size': 3, 'learning_rate': 0.08884352876298308}. Best is trial 68 with value: 0.08735877275466919.
LOCAL_RANK: 0 - CUDA_VISIBLE_DEVICES: [0]
[I 2023-11-30 12:53:49,741] Trial 112 finished with value: 0.21500246226787567 and parameters: {'gradient_clip_val': 0.6603878219324458, 'hidden_size': 58, 'dropout': 0.3601927246303204, 'hidden_continuous_size': 25, 'attention_head_size': 3, 'learning_rate': 0.07401032240783804}. Best is trial 68 with value: 0.08735877275466919.
LOCAL_RANK: 0 - CUDA_VISIBLE_DEVICES: [0]
[I 2023-11-30 12:54:03,420] Trial 113 finished with value: 0.1656646728515625 and parameters: {'gradient_clip_val': 0.7366429840228161, 'hidden_size': 76, 'dropout': 0.3415790198186029, 'hidden_continuous_size': 26, 'attention_head_size': 2, 'learning_rate': 0.06169555376067079}. Best is trial 68 with value: 0.08735877275466919.
LOCAL_RANK: 0 - CUDA_VISIBLE_DEVICES: [0]
