[I 2023-11-30 02:41:44,568] Trial 138 finished with value: 22.02520179748535 and parameters: {'gradient_clip_val': 0.32094921868364373, 'hidden_size': 65, 'dropout': 0.31184015425860473, 'hidden_continuous_size': 17, 'attention_head_size': 3, 'learning_rate': 0.0043054610134131265}. Best is trial 34 with value: 15.516501426696777.
LOCAL_RANK: 0 - CUDA_VISIBLE_DEVICES: [0]
[I 2023-11-30 02:41:58,022] Trial 139 finished with value: 24.11823844909668 and parameters: {'gradient_clip_val': 0.37453268253077965, 'hidden_size': 81, 'dropout': 0.28418213532163206, 'hidden_continuous_size': 18, 'attention_head_size': 3, 'learning_rate': 0.005658094085024837}. Best is trial 34 with value: 15.516501426696777.
LOCAL_RANK: 0 - CUDA_VISIBLE_DEVICES: [0]
[I 2023-11-30 02:42:11,429] Trial 140 finished with value: 19.74134635925293 and parameters: {'gradient_clip_val': 0.3417635249232574, 'hidden_size': 76, 'dropout': 0.3207637427424462, 'hidden_continuous_size': 15, 'attention_head_size': 3, 'learning_rate': 0.004876418105161859}. Best is trial 34 with value: 15.516501426696777.
LOCAL_RANK: 0 - CUDA_VISIBLE_DEVICES: [0]
[I 2023-11-30 02:42:24,718] Trial 141 finished with value: 16.214258193969727 and parameters: {'gradient_clip_val': 0.2897284587984872, 'hidden_size': 72, 'dropout': 0.3353623819604654, 'hidden_continuous_size': 18, 'attention_head_size': 3, 'learning_rate': 0.007312265144543325}. Best is trial 34 with value: 15.516501426696777.
LOCAL_RANK: 0 - CUDA_VISIBLE_DEVICES: [0]
[I 2023-11-30 02:42:38,053] Trial 142 finished with value: 22.080049514770508 and parameters: {'gradient_clip_val': 0.29164684459679036, 'hidden_size': 70, 'dropout': 0.33807568768733454, 'hidden_continuous_size': 19, 'attention_head_size': 3, 'learning_rate': 0.007170017190592712}. Best is trial 34 with value: 15.516501426696777.
LOCAL_RANK: 0 - CUDA_VISIBLE_DEVICES: [0]
[I 2023-11-30 02:42:51,588] Trial 143 finished with value: 27.09379005432129 and parameters: {'gradient_clip_val': 0.2701126836676984, 'hidden_size': 73, 'dropout': 0.3306290972511329, 'hidden_continuous_size': 16, 'attention_head_size': 3, 'learning_rate': 0.006122102031875789}. Best is trial 34 with value: 15.516501426696777.
LOCAL_RANK: 0 - CUDA_VISIBLE_DEVICES: [0]
[I 2023-11-30 02:43:04,810] Trial 144 finished with value: 17.741863250732422 and parameters: {'gradient_clip_val': 0.3231806563694781, 'hidden_size': 65, 'dropout': 0.3254834598253234, 'hidden_continuous_size': 20, 'attention_head_size': 3, 'learning_rate': 0.005191672694360136}. Best is trial 34 with value: 15.516501426696777.
LOCAL_RANK: 0 - CUDA_VISIBLE_DEVICES: [0]
[I 2023-11-30 02:43:18,088] Trial 145 finished with value: 19.487659454345703 and parameters: {'gradient_clip_val': 0.29598095529187535, 'hidden_size': 84, 'dropout': 0.3076869974332961, 'hidden_continuous_size': 17, 'attention_head_size': 3, 'learning_rate': 0.005673608540909145}. Best is trial 34 with value: 15.516501426696777.
LOCAL_RANK: 0 - CUDA_VISIBLE_DEVICES: [0]
[I 2023-11-30 02:43:31,259] Trial 146 finished with value: 18.67679786682129 and parameters: {'gradient_clip_val': 0.314813420037011, 'hidden_size': 61, 'dropout': 0.3166299534185821, 'hidden_continuous_size': 21, 'attention_head_size': 3, 'learning_rate': 0.006591919824725393}. Best is trial 34 with value: 15.516501426696777.
LOCAL_RANK: 0 - CUDA_VISIBLE_DEVICES: [0]
[I 2023-11-30 02:43:44,358] Trial 147 finished with value: 24.270368576049805 and parameters: {'gradient_clip_val': 0.1844217072064393, 'hidden_size': 70, 'dropout': 0.33417978118840685, 'hidden_continuous_size': 18, 'attention_head_size': 3, 'learning_rate': 0.007909783369859895}. Best is trial 34 with value: 15.516501426696777.
LOCAL_RANK: 0 - CUDA_VISIBLE_DEVICES: [0]
[I 2023-11-30 02:43:57,576] Trial 148 finished with value: 21.568702697753906 and parameters: {'gradient_clip_val': 0.25317650531234365, 'hidden_size': 57, 'dropout': 0.3414132292210217, 'hidden_continuous_size': 19, 'attention_head_size': 3, 'learning_rate': 0.007379251211616061}. Best is trial 34 with value: 15.516501426696777.
LOCAL_RANK: 0 - CUDA_VISIBLE_DEVICES: [0]
[I 2023-11-30 02:44:10,820] Trial 149 finished with value: 18.18470001220703 and parameters: {'gradient_clip_val': 0.391285827722573, 'hidden_size': 79, 'dropout': 0.2946321574110408, 'hidden_continuous_size': 14, 'attention_head_size': 3, 'learning_rate': 0.00457955843538334}. Best is trial 34 with value: 15.516501426696777.
[I 2023-11-30 02:44:10,929] A new study created in memory with name: no-name-94ad82f9-99ac-4c97-aff7-1fcdd4b53784
/home/le004/conda/anaconda3/envs/tsff_env/lib/python3.9/site-packages/lightning/fabric/plugins/environments/slurm.py:191: The `srun` command is available on your system but is not used. HINT: If your intention is to run Lightning on SLURM, prepend your python command with `srun` like so: srun python /home/le004/master_thesis/git/TSFusionForecast/code/ ...
LOCAL_RANK: 0 - CUDA_VISIBLE_DEVICES: [0]
[I 2023-11-30 02:44:23,215] Trial 0 finished with value: 2.015939474105835 and parameters: {'gradient_clip_val': 0.22675781331571018, 'hidden_size': 29, 'dropout': 0.3646251156151401, 'hidden_continuous_size': 16, 'attention_head_size': 2, 'learning_rate': 0.003946677207325061}. Best is trial 0 with value: 2.015939474105835.
LOCAL_RANK: 0 - CUDA_VISIBLE_DEVICES: [0]
[I 2023-11-30 02:44:35,792] Trial 1 finished with value: 0.13108493387699127 and parameters: {'gradient_clip_val': 0.9300973943844839, 'hidden_size': 39, 'dropout': 0.3689757203961719, 'hidden_continuous_size': 20, 'attention_head_size': 1, 'learning_rate': 0.09721060543297864}. Best is trial 1 with value: 0.13108493387699127.
LOCAL_RANK: 0 - CUDA_VISIBLE_DEVICES: [0]
[I 2023-11-30 02:44:49,381] Trial 2 finished with value: 0.177032008767128 and parameters: {'gradient_clip_val': 0.13795125950642803, 'hidden_size': 100, 'dropout': 0.17963017603257772, 'hidden_continuous_size': 44, 'attention_head_size': 1, 'learning_rate': 0.0658405323589575}. Best is trial 1 with value: 0.13108493387699127.
LOCAL_RANK: 0 - CUDA_VISIBLE_DEVICES: [0]
[I 2023-11-30 02:45:04,033] Trial 3 finished with value: 0.2124945968389511 and parameters: {'gradient_clip_val': 0.7544434031632509, 'hidden_size': 133, 'dropout': 0.2960706103765397, 'hidden_continuous_size': 96, 'attention_head_size': 4, 'learning_rate': 0.003797223322848375}. Best is trial 1 with value: 0.13108493387699127.
LOCAL_RANK: 0 - CUDA_VISIBLE_DEVICES: [0]
[I 2023-11-30 02:45:16,212] Trial 4 finished with value: 0.4041581153869629 and parameters: {'gradient_clip_val': 0.5136041397148745, 'hidden_size': 19, 'dropout': 0.16637701775801073, 'hidden_continuous_size': 15, 'attention_head_size': 3, 'learning_rate': 0.02651944776012047}. Best is trial 1 with value: 0.13108493387699127.
LOCAL_RANK: 0 - CUDA_VISIBLE_DEVICES: [0]
[I 2023-11-30 02:45:29,502] Trial 5 finished with value: 2.6057698726654053 and parameters: {'gradient_clip_val': 0.10364777264638789, 'hidden_size': 87, 'dropout': 0.27235758066443755, 'hidden_continuous_size': 14, 'attention_head_size': 2, 'learning_rate': 0.001071092093409564}. Best is trial 1 with value: 0.13108493387699127.
LOCAL_RANK: 0 - CUDA_VISIBLE_DEVICES: [0]
[I 2023-11-30 02:45:39,819] Trial 6 finished with value: 0.9834499359130859 and parameters: {'gradient_clip_val': 0.9184905998376607, 'hidden_size': 10, 'dropout': 0.27816128935972195, 'hidden_continuous_size': 10, 'attention_head_size': 2, 'learning_rate': 0.04445193086769358}. Best is trial 1 with value: 0.13108493387699127.
LOCAL_RANK: 0 - CUDA_VISIBLE_DEVICES: [0]
[I 2023-11-30 02:45:50,402] Trial 7 finished with value: 0.21780239045619965 and parameters: {'gradient_clip_val': 0.2532326903199811, 'hidden_size': 11, 'dropout': 0.3717009992135548, 'hidden_continuous_size': 11, 'attention_head_size': 4, 'learning_rate': 0.08233782155981141}. Best is trial 1 with value: 0.13108493387699127.
LOCAL_RANK: 0 - CUDA_VISIBLE_DEVICES: [0]
[I 2023-11-30 02:46:04,259] Trial 8 finished with value: 0.15636304020881653 and parameters: {'gradient_clip_val': 0.3657390411239288, 'hidden_size': 101, 'dropout': 0.18639718583933806, 'hidden_continuous_size': 47, 'attention_head_size': 3, 'learning_rate': 0.026285839174159005}. Best is trial 1 with value: 0.13108493387699127.
LOCAL_RANK: 0 - CUDA_VISIBLE_DEVICES: [0]
[I 2023-11-30 02:46:17,383] Trial 9 finished with value: 0.3720681667327881 and parameters: {'gradient_clip_val': 0.42831037167562, 'hidden_size': 61, 'dropout': 0.13257502017123138, 'hidden_continuous_size': 17, 'attention_head_size': 2, 'learning_rate': 0.011535696224534835}. Best is trial 1 with value: 0.13108493387699127.
LOCAL_RANK: 0 - CUDA_VISIBLE_DEVICES: [0]
[I 2023-11-30 02:46:30,211] Trial 10 finished with value: 0.13108091056346893 and parameters: {'gradient_clip_val': 0.6580613004341739, 'hidden_size': 45, 'dropout': 0.3988611506965629, 'hidden_continuous_size': 21, 'attention_head_size': 1, 'learning_rate': 0.06632010484589468}. Best is trial 10 with value: 0.13108091056346893.
LOCAL_RANK: 0 - CUDA_VISIBLE_DEVICES: [0]
[I 2023-11-30 02:46:42,795] Trial 11 finished with value: 0.18711411952972412 and parameters: {'gradient_clip_val': 0.6738109143395988, 'hidden_size': 45, 'dropout': 0.39264524393814276, 'hidden_continuous_size': 21, 'attention_head_size': 1, 'learning_rate': 0.08196711145796469}. Best is trial 10 with value: 0.13108091056346893.
LOCAL_RANK: 0 - CUDA_VISIBLE_DEVICES: [0]
[I 2023-11-30 02:46:55,475] Trial 12 finished with value: 0.19355684518814087 and parameters: {'gradient_clip_val': 0.9979094084492433, 'hidden_size': 38, 'dropout': 0.3328667600179006, 'hidden_continuous_size': 20, 'attention_head_size': 1, 'learning_rate': 0.0884648965164262}. Best is trial 10 with value: 0.13108091056346893.
LOCAL_RANK: 0 - CUDA_VISIBLE_DEVICES: [0]
[I 2023-11-30 02:47:08,636] Trial 13 finished with value: 0.25117242336273193 and parameters: {'gradient_clip_val': 0.5840644386239975, 'hidden_size': 53, 'dropout': 0.34056647363007125, 'hidden_continuous_size': 26, 'attention_head_size': 1, 'learning_rate': 0.03693935314321174}. Best is trial 10 with value: 0.13108091056346893.
LOCAL_RANK: 0 - CUDA_VISIBLE_DEVICES: [0]
[I 2023-11-30 02:47:20,968] Trial 14 finished with value: 0.16293831169605255 and parameters: {'gradient_clip_val': 0.7266742024623439, 'hidden_size': 27, 'dropout': 0.39642913093942167, 'hidden_continuous_size': 13, 'attention_head_size': 1, 'learning_rate': 0.0977352154232567}. Best is trial 10 with value: 0.13108091056346893.
LOCAL_RANK: 0 - CUDA_VISIBLE_DEVICES: [0]
[I 2023-11-30 02:47:34,142] Trial 15 finished with value: 0.1974865347146988 and parameters: {'gradient_clip_val': 0.45947258147255826, 'hidden_size': 65, 'dropout': 0.32349326909135634, 'hidden_continuous_size': 24, 'attention_head_size': 1, 'learning_rate': 0.047689574631637616}. Best is trial 10 with value: 0.13108091056346893.
LOCAL_RANK: 0 - CUDA_VISIBLE_DEVICES: [0]
[I 2023-11-30 02:47:46,775] Trial 16 finished with value: 0.3285941183567047 and parameters: {'gradient_clip_val': 0.8510560805048998, 'hidden_size': 33, 'dropout': 0.39982467029864766, 'hidden_continuous_size': 18, 'attention_head_size': 3, 'learning_rate': 0.01719163800852016}. Best is trial 10 with value: 0.13108091056346893.
LOCAL_RANK: 0 - CUDA_VISIBLE_DEVICES: [0]
[I 2023-11-30 02:47:59,329] Trial 17 finished with value: 0.23244266211986542 and parameters: {'gradient_clip_val': 0.5852163586368175, 'hidden_size': 41, 'dropout': 0.23859390323641114, 'hidden_continuous_size': 12, 'attention_head_size': 2, 'learning_rate': 0.0498464573234398}. Best is trial 10 with value: 0.13108091056346893.
LOCAL_RANK: 0 - CUDA_VISIBLE_DEVICES: [0]
[I 2023-11-30 02:48:11,391] Trial 18 finished with value: 0.6183941960334778 and parameters: {'gradient_clip_val': 0.9963143862490502, 'hidden_size': 24, 'dropout': 0.36136633980386196, 'hidden_continuous_size': 14, 'attention_head_size': 1, 'learning_rate': 0.028544646511929665}. Best is trial 10 with value: 0.13108091056346893.
LOCAL_RANK: 0 - CUDA_VISIBLE_DEVICES: [0]
[I 2023-11-30 02:48:24,179] Trial 19 finished with value: 0.6739482879638672 and parameters: {'gradient_clip_val': 0.6964180880497087, 'hidden_size': 50, 'dropout': 0.31486661112019343, 'hidden_continuous_size': 20, 'attention_head_size': 2, 'learning_rate': 0.06065044571535802}. Best is trial 10 with value: 0.13108091056346893.
LOCAL_RANK: 0 - CUDA_VISIBLE_DEVICES: [0]
[I 2023-11-30 02:48:37,356] Trial 20 finished with value: 0.15677344799041748 and parameters: {'gradient_clip_val': 0.5634663730599191, 'hidden_size': 72, 'dropout': 0.3522677911606189, 'hidden_continuous_size': 31, 'attention_head_size': 1, 'learning_rate': 0.09929303486701288}. Best is trial 10 with value: 0.13108091056346893.
LOCAL_RANK: 0 - CUDA_VISIBLE_DEVICES: [0]
[I 2023-11-30 02:48:51,552] Trial 21 finished with value: 0.17916740477085114 and parameters: {'gradient_clip_val': 0.3497642113350845, 'hidden_size': 138, 'dropout': 0.2288306287333929, 'hidden_continuous_size': 37, 'attention_head_size': 3, 'learning_rate': 0.028449208533921314}. Best is trial 10 with value: 0.13108091056346893.
LOCAL_RANK: 0 - CUDA_VISIBLE_DEVICES: [0]
[I 2023-11-30 02:49:04,956] Trial 22 finished with value: 0.21873486042022705 and parameters: {'gradient_clip_val': 0.3930736703876019, 'hidden_size': 86, 'dropout': 0.21425275650123946, 'hidden_continuous_size': 29, 'attention_head_size': 3, 'learning_rate': 0.04413303693151647}. Best is trial 10 with value: 0.13108091056346893.
LOCAL_RANK: 0 - CUDA_VISIBLE_DEVICES: [0]
[I 2023-11-30 02:49:18,102] Trial 23 finished with value: 0.20236007869243622 and parameters: {'gradient_clip_val': 0.8072060806080311, 'hidden_size': 54, 'dropout': 0.10023722310802519, 'hidden_continuous_size': 23, 'attention_head_size': 4, 'learning_rate': 0.019790260540109697}. Best is trial 10 with value: 0.13108091056346893.
LOCAL_RANK: 0 - CUDA_VISIBLE_DEVICES: [0]
[I 2023-11-30 02:49:30,859] Trial 24 finished with value: 0.11686702817678452 and parameters: {'gradient_clip_val': 0.4725373841637433, 'hidden_size': 39, 'dropout': 0.30660647416425074, 'hidden_continuous_size': 18, 'attention_head_size': 3, 'learning_rate': 0.06330940632441986}. Best is trial 24 with value: 0.11686702817678452.
LOCAL_RANK: 0 - CUDA_VISIBLE_DEVICES: [0]
[I 2023-11-30 02:49:43,383] Trial 25 finished with value: 0.17693831026554108 and parameters: {'gradient_clip_val': 0.6346116069280315, 'hidden_size': 39, 'dropout': 0.3090479270783628, 'hidden_continuous_size': 18, 'attention_head_size': 2, 'learning_rate': 0.06772126588203625}. Best is trial 24 with value: 0.11686702817678452.
LOCAL_RANK: 0 - CUDA_VISIBLE_DEVICES: [0]
[I 2023-11-30 02:49:56,342] Trial 26 finished with value: 0.11801290512084961 and parameters: {'gradient_clip_val': 0.49894852072008, 'hidden_size': 45, 'dropout': 0.3742127915946243, 'hidden_continuous_size': 17, 'attention_head_size': 3, 'learning_rate': 0.06225590518940811}. Best is trial 24 with value: 0.11686702817678452.
LOCAL_RANK: 0 - CUDA_VISIBLE_DEVICES: [0]
[I 2023-11-30 02:50:09,080] Trial 27 finished with value: 0.17685943841934204 and parameters: {'gradient_clip_val': 0.48589847935374064, 'hidden_size': 48, 'dropout': 0.34050020668781034, 'hidden_continuous_size': 18, 'attention_head_size': 3, 'learning_rate': 0.05680053935285103}. Best is trial 24 with value: 0.11686702817678452.
LOCAL_RANK: 0 - CUDA_VISIBLE_DEVICES: [0]
[I 2023-11-30 02:50:21,931] Trial 28 finished with value: 0.16649125516414642 and parameters: {'gradient_clip_val': 0.47744568235971896, 'hidden_size': 33, 'dropout': 0.3843891333087697, 'hidden_continuous_size': 16, 'attention_head_size': 4, 'learning_rate': 0.04236389640587021}. Best is trial 24 with value: 0.11686702817678452.
LOCAL_RANK: 0 - CUDA_VISIBLE_DEVICES: [0]
[I 2023-11-30 02:50:34,412] Trial 29 finished with value: 0.21610784530639648 and parameters: {'gradient_clip_val': 0.3174601799937945, 'hidden_size': 31, 'dropout': 0.35895426836283023, 'hidden_continuous_size': 16, 'attention_head_size': 3, 'learning_rate': 0.06551911604584783}. Best is trial 24 with value: 0.11686702817678452.
LOCAL_RANK: 0 - CUDA_VISIBLE_DEVICES: [0]
[I 2023-11-30 02:50:47,323] Trial 30 finished with value: 0.17798906564712524 and parameters: {'gradient_clip_val': 0.41673919253015573, 'hidden_size': 63, 'dropout': 0.37196084368911364, 'hidden_continuous_size': 12, 'attention_head_size': 3, 'learning_rate': 0.037807388506158425}. Best is trial 24 with value: 0.11686702817678452.
LOCAL_RANK: 0 - CUDA_VISIBLE_DEVICES: [0]
[I 2023-11-30 02:50:59,843] Trial 31 finished with value: 0.16055072844028473 and parameters: {'gradient_clip_val': 0.7826458297766585, 'hidden_size': 44, 'dropout': 0.3804032295646616, 'hidden_continuous_size': 19, 'attention_head_size': 2, 'learning_rate': 0.06617312643210677}. Best is trial 24 with value: 0.11686702817678452.
LOCAL_RANK: 0 - CUDA_VISIBLE_DEVICES: [0]
[I 2023-11-30 02:51:12,531] Trial 32 finished with value: 0.13369713723659515 and parameters: {'gradient_clip_val': 0.560620146407572, 'hidden_size': 37, 'dropout': 0.3504366718736295, 'hidden_continuous_size': 17, 'attention_head_size': 3, 'learning_rate': 0.09709141379346306}. Best is trial 24 with value: 0.11686702817678452.
LOCAL_RANK: 0 - CUDA_VISIBLE_DEVICES: [0]
[I 2023-11-30 02:51:25,341] Trial 33 finished with value: 0.22521252930164337 and parameters: {'gradient_clip_val': 0.6427960393189719, 'hidden_size': 44, 'dropout': 0.3750147423995672, 'hidden_continuous_size': 21, 'attention_head_size': 4, 'learning_rate': 0.06859176118036191}. Best is trial 24 with value: 0.11686702817678452.
LOCAL_RANK: 0 - CUDA_VISIBLE_DEVICES: [0]
[I 2023-11-30 02:51:37,562] Trial 34 finished with value: 0.16649316251277924 and parameters: {'gradient_clip_val': 0.8429128494860431, 'hidden_size': 26, 'dropout': 0.33721240309306477, 'hidden_continuous_size': 17, 'attention_head_size': 1, 'learning_rate': 0.05990820956094177}. Best is trial 24 with value: 0.11686702817678452.
LOCAL_RANK: 0 - CUDA_VISIBLE_DEVICES: [0]
[I 2023-11-30 02:51:50,480] Trial 35 finished with value: 0.11020765453577042 and parameters: {'gradient_clip_val': 0.5223018684369267, 'hidden_size': 54, 'dropout': 0.3034359927574973, 'hidden_continuous_size': 15, 'attention_head_size': 3, 'learning_rate': 0.07514244665414804}. Best is trial 35 with value: 0.11020765453577042.
LOCAL_RANK: 0 - CUDA_VISIBLE_DEVICES: [0]
[I 2023-11-30 02:52:03,387] Trial 36 finished with value: 0.13358855247497559 and parameters: {'gradient_clip_val': 0.5163600452943905, 'hidden_size': 55, 'dropout': 0.28832284452460344, 'hidden_continuous_size': 15, 'attention_head_size': 3, 'learning_rate': 0.03482131463977146}. Best is trial 35 with value: 0.11020765453577042.
LOCAL_RANK: 0 - CUDA_VISIBLE_DEVICES: [0]
[I 2023-11-30 02:52:15,931] Trial 37 finished with value: 0.17982518672943115 and parameters: {'gradient_clip_val': 0.42316854521601954, 'hidden_size': 35, 'dropout': 0.30785592678375917, 'hidden_continuous_size': 15, 'attention_head_size': 3, 'learning_rate': 0.05176124375750441}. Best is trial 35 with value: 0.11020765453577042.
LOCAL_RANK: 0 - CUDA_VISIBLE_DEVICES: [0]
[I 2023-11-30 02:52:28,817] Trial 38 finished with value: 0.16177000105381012 and parameters: {'gradient_clip_val': 0.5273926898849558, 'hidden_size': 48, 'dropout': 0.26226374386756673, 'hidden_continuous_size': 19, 'attention_head_size': 4, 'learning_rate': 0.08023768757794451}. Best is trial 35 with value: 0.11020765453577042.
LOCAL_RANK: 0 - CUDA_VISIBLE_DEVICES: [0]
[I 2023-11-30 02:52:41,981] Trial 39 finished with value: 0.31281840801239014 and parameters: {'gradient_clip_val': 0.2866354205949506, 'hidden_size': 74, 'dropout': 0.2893919867974028, 'hidden_continuous_size': 10, 'attention_head_size': 3, 'learning_rate': 0.049185650789534865}. Best is trial 35 with value: 0.11020765453577042.
LOCAL_RANK: 0 - CUDA_VISIBLE_DEVICES: [0]
[I 2023-11-30 02:52:54,797] Trial 40 finished with value: 0.14066076278686523 and parameters: {'gradient_clip_val': 0.6340331240001796, 'hidden_size': 56, 'dropout': 0.3237265493623254, 'hidden_continuous_size': 14, 'attention_head_size': 3, 'learning_rate': 0.07460230656882678}. Best is trial 35 with value: 0.11020765453577042.
LOCAL_RANK: 0 - CUDA_VISIBLE_DEVICES: [0]
[I 2023-11-30 02:53:07,313] Trial 41 finished with value: 0.15697413682937622 and parameters: {'gradient_clip_val': 0.7442418856842162, 'hidden_size': 40, 'dropout': 0.3649271926286161, 'hidden_continuous_size': 16, 'attention_head_size': 2, 'learning_rate': 0.07681494951154413}. Best is trial 35 with value: 0.11020765453577042.
LOCAL_RANK: 0 - CUDA_VISIBLE_DEVICES: [0]
[I 2023-11-30 02:53:19,675] Trial 42 finished with value: 0.122641921043396 and parameters: {'gradient_clip_val': 0.7176980524751057, 'hidden_size': 29, 'dropout': 0.3842993121104455, 'hidden_continuous_size': 17, 'attention_head_size': 2, 'learning_rate': 0.0991164197396775}. Best is trial 35 with value: 0.11020765453577042.
LOCAL_RANK: 0 - CUDA_VISIBLE_DEVICES: [0]
[I 2023-11-30 02:53:32,220] Trial 43 finished with value: 0.18183894455432892 and parameters: {'gradient_clip_val': 0.4586842149400919, 'hidden_size': 22, 'dropout': 0.384094878848679, 'hidden_continuous_size': 17, 'attention_head_size': 2, 'learning_rate': 0.07892080779666713}. Best is trial 35 with value: 0.11020765453577042.
LOCAL_RANK: 0 - CUDA_VISIBLE_DEVICES: [0]
[I 2023-11-30 02:53:44,555] Trial 44 finished with value: 0.14649690687656403 and parameters: {'gradient_clip_val': 0.5141352451924189, 'hidden_size': 29, 'dropout': 0.34941807684046894, 'hidden_continuous_size': 15, 'attention_head_size': 3, 'learning_rate': 0.09997437187780692}. Best is trial 35 with value: 0.11020765453577042.
LOCAL_RANK: 0 - CUDA_VISIBLE_DEVICES: [0]
