[I 2023-11-30 13:19:55,548] Trial 79 finished with value: 0.21051464974880219 and parameters: {'gradient_clip_val': 0.5227962420343207, 'hidden_size': 101, 'dropout': 0.1444961704189752, 'hidden_continuous_size': 24, 'attention_head_size': 4, 'learning_rate': 0.04682069161856772}. Best is trial 22 with value: 0.09281650185585022.
LOCAL_RANK: 0 - CUDA_VISIBLE_DEVICES: [0]
[I 2023-11-30 13:20:08,884] Trial 80 finished with value: 0.2095247060060501 and parameters: {'gradient_clip_val': 0.5545296438056867, 'hidden_size': 64, 'dropout': 0.11870296851460925, 'hidden_continuous_size': 22, 'attention_head_size': 4, 'learning_rate': 0.035667856317951885}. Best is trial 22 with value: 0.09281650185585022.
LOCAL_RANK: 0 - CUDA_VISIBLE_DEVICES: [0]
[I 2023-11-30 13:20:22,549] Trial 81 finished with value: 0.13214178383350372 and parameters: {'gradient_clip_val': 0.6499193266797347, 'hidden_size': 91, 'dropout': 0.13691188848944535, 'hidden_continuous_size': 29, 'attention_head_size': 4, 'learning_rate': 0.02537599348738079}. Best is trial 22 with value: 0.09281650185585022.
LOCAL_RANK: 0 - CUDA_VISIBLE_DEVICES: [0]
[I 2023-11-30 13:20:36,146] Trial 82 finished with value: 0.22366201877593994 and parameters: {'gradient_clip_val': 0.4494995116064951, 'hidden_size': 96, 'dropout': 0.13474216642371586, 'hidden_continuous_size': 29, 'attention_head_size': 4, 'learning_rate': 0.04327135213748993}. Best is trial 22 with value: 0.09281650185585022.
LOCAL_RANK: 0 - CUDA_VISIBLE_DEVICES: [0]
[I 2023-11-30 13:20:49,856] Trial 83 finished with value: 0.1354585886001587 and parameters: {'gradient_clip_val': 0.6154176052217233, 'hidden_size': 75, 'dropout': 0.12649563760861665, 'hidden_continuous_size': 25, 'attention_head_size': 4, 'learning_rate': 0.025169272673027963}. Best is trial 22 with value: 0.09281650185585022.
LOCAL_RANK: 0 - CUDA_VISIBLE_DEVICES: [0]
[I 2023-11-30 13:21:03,234] Trial 84 finished with value: 0.23718510568141937 and parameters: {'gradient_clip_val': 0.6108569973946234, 'hidden_size': 75, 'dropout': 0.1485731258737772, 'hidden_continuous_size': 25, 'attention_head_size': 4, 'learning_rate': 0.02441054768457923}. Best is trial 22 with value: 0.09281650185585022.
LOCAL_RANK: 0 - CUDA_VISIBLE_DEVICES: [0]
[I 2023-11-30 13:21:16,638] Trial 85 finished with value: 0.22711031138896942 and parameters: {'gradient_clip_val': 0.5156481509749802, 'hidden_size': 70, 'dropout': 0.1243345726894028, 'hidden_continuous_size': 23, 'attention_head_size': 4, 'learning_rate': 0.026441052225890868}. Best is trial 22 with value: 0.09281650185585022.
LOCAL_RANK: 0 - CUDA_VISIBLE_DEVICES: [0]
[I 2023-11-30 13:21:30,076] Trial 86 finished with value: 0.16671635210514069 and parameters: {'gradient_clip_val': 0.5564411313854492, 'hidden_size': 67, 'dropout': 0.14116574072749719, 'hidden_continuous_size': 20, 'attention_head_size': 4, 'learning_rate': 0.040377180866612974}. Best is trial 22 with value: 0.09281650185585022.
LOCAL_RANK: 0 - CUDA_VISIBLE_DEVICES: [0]
[I 2023-11-30 13:21:43,512] Trial 87 finished with value: 0.1344786286354065 and parameters: {'gradient_clip_val': 0.6441945433746322, 'hidden_size': 78, 'dropout': 0.13092039510089906, 'hidden_continuous_size': 30, 'attention_head_size': 4, 'learning_rate': 0.034100652848087755}. Best is trial 22 with value: 0.09281650185585022.
LOCAL_RANK: 0 - CUDA_VISIBLE_DEVICES: [0]
[I 2023-11-30 13:21:57,203] Trial 88 finished with value: 0.20923657715320587 and parameters: {'gradient_clip_val': 0.6353004380811443, 'hidden_size': 80, 'dropout': 0.11757200395267109, 'hidden_continuous_size': 30, 'attention_head_size': 4, 'learning_rate': 0.022204612993743777}. Best is trial 22 with value: 0.09281650185585022.
LOCAL_RANK: 0 - CUDA_VISIBLE_DEVICES: [0]
[I 2023-11-30 13:22:10,417] Trial 89 finished with value: 0.13348239660263062 and parameters: {'gradient_clip_val': 0.7146576366780221, 'hidden_size': 53, 'dropout': 0.13178343061275555, 'hidden_continuous_size': 27, 'attention_head_size': 4, 'learning_rate': 0.03529425151367477}. Best is trial 22 with value: 0.09281650185585022.
LOCAL_RANK: 0 - CUDA_VISIBLE_DEVICES: [0]
[I 2023-11-30 13:22:23,664] Trial 90 finished with value: 0.18545185029506683 and parameters: {'gradient_clip_val': 0.7511496901529656, 'hidden_size': 54, 'dropout': 0.13304133572241258, 'hidden_continuous_size': 27, 'attention_head_size': 4, 'learning_rate': 0.03539241388019707}. Best is trial 22 with value: 0.09281650185585022.
LOCAL_RANK: 0 - CUDA_VISIBLE_DEVICES: [0]
[I 2023-11-30 13:22:36,845] Trial 91 finished with value: 0.2160256952047348 and parameters: {'gradient_clip_val': 0.7166578725787673, 'hidden_size': 60, 'dropout': 0.12474878663355501, 'hidden_continuous_size': 29, 'attention_head_size': 4, 'learning_rate': 0.030242382865728185}. Best is trial 22 with value: 0.09281650185585022.
LOCAL_RANK: 0 - CUDA_VISIBLE_DEVICES: [0]
[I 2023-11-30 13:22:49,961] Trial 92 finished with value: 0.2691264748573303 and parameters: {'gradient_clip_val': 0.6351488537638583, 'hidden_size': 51, 'dropout': 0.15239221705981915, 'hidden_continuous_size': 24, 'attention_head_size': 4, 'learning_rate': 0.02795873163939413}. Best is trial 22 with value: 0.09281650185585022.
LOCAL_RANK: 0 - CUDA_VISIBLE_DEVICES: [0]
[I 2023-11-30 13:23:03,417] Trial 93 finished with value: 0.18595768511295319 and parameters: {'gradient_clip_val': 0.49675419083653655, 'hidden_size': 56, 'dropout': 0.13505608798142374, 'hidden_continuous_size': 27, 'attention_head_size': 4, 'learning_rate': 0.03458658626865525}. Best is trial 22 with value: 0.09281650185585022.
LOCAL_RANK: 0 - CUDA_VISIBLE_DEVICES: [0]
[I 2023-11-30 13:23:16,250] Trial 94 finished with value: 0.14318494498729706 and parameters: {'gradient_clip_val': 0.649757901669894, 'hidden_size': 44, 'dropout': 0.11326883950833347, 'hidden_continuous_size': 25, 'attention_head_size': 4, 'learning_rate': 0.04058814184672648}. Best is trial 22 with value: 0.09281650185585022.
LOCAL_RANK: 0 - CUDA_VISIBLE_DEVICES: [0]
[I 2023-11-30 13:23:29,186] Trial 95 finished with value: 0.30339720845222473 and parameters: {'gradient_clip_val': 0.6882828053503441, 'hidden_size': 45, 'dropout': 0.10561134889361842, 'hidden_continuous_size': 25, 'attention_head_size': 4, 'learning_rate': 0.04125193823108841}. Best is trial 22 with value: 0.09281650185585022.
LOCAL_RANK: 0 - CUDA_VISIBLE_DEVICES: [0]
[I 2023-11-30 13:23:41,887] Trial 96 finished with value: 0.16382043063640594 and parameters: {'gradient_clip_val': 0.7706505245994701, 'hidden_size': 44, 'dropout': 0.1297128526008848, 'hidden_continuous_size': 25, 'attention_head_size': 4, 'learning_rate': 0.0488949612986309}. Best is trial 22 with value: 0.09281650185585022.
LOCAL_RANK: 0 - CUDA_VISIBLE_DEVICES: [0]
[I 2023-11-30 13:23:54,899] Trial 97 finished with value: 0.28961098194122314 and parameters: {'gradient_clip_val': 0.6002370217929485, 'hidden_size': 51, 'dropout': 0.11077542284928685, 'hidden_continuous_size': 29, 'attention_head_size': 4, 'learning_rate': 0.07271118323486911}. Best is trial 22 with value: 0.09281650185585022.
LOCAL_RANK: 0 - CUDA_VISIBLE_DEVICES: [0]
[I 2023-11-30 13:24:08,009] Trial 98 finished with value: 0.10981520265340805 and parameters: {'gradient_clip_val': 0.8524983762458693, 'hidden_size': 41, 'dropout': 0.14028982167156576, 'hidden_continuous_size': 26, 'attention_head_size': 4, 'learning_rate': 0.05351724476311517}. Best is trial 22 with value: 0.09281650185585022.
LOCAL_RANK: 0 - CUDA_VISIBLE_DEVICES: [0]
[I 2023-11-30 13:24:20,753] Trial 99 finished with value: 0.2796822488307953 and parameters: {'gradient_clip_val': 0.8352509369279986, 'hidden_size': 41, 'dropout': 0.14076660859582152, 'hidden_continuous_size': 26, 'attention_head_size': 4, 'learning_rate': 0.059593765523371645}. Best is trial 22 with value: 0.09281650185585022.
LOCAL_RANK: 0 - CUDA_VISIBLE_DEVICES: [0]
[I 2023-11-30 13:24:33,742] Trial 100 finished with value: 0.19634705781936646 and parameters: {'gradient_clip_val': 0.888683663880653, 'hidden_size': 49, 'dropout': 0.15483446989028432, 'hidden_continuous_size': 23, 'attention_head_size': 4, 'learning_rate': 0.051106387790333975}. Best is trial 22 with value: 0.09281650185585022.
LOCAL_RANK: 0 - CUDA_VISIBLE_DEVICES: [0]
[I 2023-11-30 13:24:46,699] Trial 101 finished with value: 0.15734802186489105 and parameters: {'gradient_clip_val': 0.7050551396247298, 'hidden_size': 38, 'dropout': 0.12404854867115275, 'hidden_continuous_size': 27, 'attention_head_size': 4, 'learning_rate': 0.06719387109313672}. Best is trial 22 with value: 0.09281650185585022.
LOCAL_RANK: 0 - CUDA_VISIBLE_DEVICES: [0]
[I 2023-11-30 13:24:59,426] Trial 102 finished with value: 0.21881406009197235 and parameters: {'gradient_clip_val': 0.6458193156158081, 'hidden_size': 35, 'dropout': 0.11419093662314032, 'hidden_continuous_size': 25, 'attention_head_size': 4, 'learning_rate': 0.038224259324447056}. Best is trial 22 with value: 0.09281650185585022.
LOCAL_RANK: 0 - CUDA_VISIBLE_DEVICES: [0]
[I 2023-11-30 13:25:12,547] Trial 103 finished with value: 0.15757471323013306 and parameters: {'gradient_clip_val': 0.7279367198508256, 'hidden_size': 48, 'dropout': 0.14588560007345514, 'hidden_continuous_size': 24, 'attention_head_size': 4, 'learning_rate': 0.03270228997771776}. Best is trial 22 with value: 0.09281650185585022.
LOCAL_RANK: 0 - CUDA_VISIBLE_DEVICES: [0]
[I 2023-11-30 13:25:26,363] Trial 104 finished with value: 0.22814960777759552 and parameters: {'gradient_clip_val': 0.6596444399011573, 'hidden_size': 94, 'dropout': 0.12853736416097272, 'hidden_continuous_size': 31, 'attention_head_size': 4, 'learning_rate': 0.04356785578325782}. Best is trial 22 with value: 0.09281650185585022.
LOCAL_RANK: 0 - CUDA_VISIBLE_DEVICES: [0]
[I 2023-11-30 13:25:39,144] Trial 105 finished with value: 0.2569696009159088 and parameters: {'gradient_clip_val': 0.7801482720886783, 'hidden_size': 41, 'dropout': 0.11753552760896344, 'hidden_continuous_size': 28, 'attention_head_size': 4, 'learning_rate': 0.05959095865628331}. Best is trial 22 with value: 0.09281650185585022.
LOCAL_RANK: 0 - CUDA_VISIBLE_DEVICES: [0]
[I 2023-11-30 13:25:52,468] Trial 106 finished with value: 0.18547244369983673 and parameters: {'gradient_clip_val': 0.5838575556530917, 'hidden_size': 54, 'dropout': 0.13787277450637825, 'hidden_continuous_size': 29, 'attention_head_size': 4, 'learning_rate': 0.05471314232982484}. Best is trial 22 with value: 0.09281650185585022.
LOCAL_RANK: 0 - CUDA_VISIBLE_DEVICES: [0]
[I 2023-11-30 13:26:05,954] Trial 107 finished with value: 0.20374734699726105 and parameters: {'gradient_clip_val': 0.7057152911958592, 'hidden_size': 72, 'dropout': 0.12079911119070784, 'hidden_continuous_size': 31, 'attention_head_size': 4, 'learning_rate': 0.02849981080440749}. Best is trial 22 with value: 0.09281650185585022.
LOCAL_RANK: 0 - CUDA_VISIBLE_DEVICES: [0]
[I 2023-11-30 13:26:19,648] Trial 108 finished with value: 0.2459965944290161 and parameters: {'gradient_clip_val': 0.5438831546726364, 'hidden_size': 88, 'dropout': 0.15151073750033664, 'hidden_continuous_size': 21, 'attention_head_size': 4, 'learning_rate': 0.02616371002605659}. Best is trial 22 with value: 0.09281650185585022.
LOCAL_RANK: 0 - CUDA_VISIBLE_DEVICES: [0]
[I 2023-11-30 13:26:33,139] Trial 109 finished with value: 0.16162049770355225 and parameters: {'gradient_clip_val': 0.6063997700793008, 'hidden_size': 63, 'dropout': 0.1069134503046937, 'hidden_continuous_size': 27, 'attention_head_size': 4, 'learning_rate': 0.03238470221142274}. Best is trial 22 with value: 0.09281650185585022.
LOCAL_RANK: 0 - CUDA_VISIBLE_DEVICES: [0]
[I 2023-11-30 13:26:46,579] Trial 110 finished with value: 0.2121150940656662 and parameters: {'gradient_clip_val': 0.7481012189117949, 'hidden_size': 84, 'dropout': 0.13218949208770212, 'hidden_continuous_size': 22, 'attention_head_size': 4, 'learning_rate': 0.023632171944903847}. Best is trial 22 with value: 0.09281650185585022.
LOCAL_RANK: 0 - CUDA_VISIBLE_DEVICES: [0]
[I 2023-11-30 13:27:00,406] Trial 111 finished with value: 0.2260386198759079 and parameters: {'gradient_clip_val': 0.5678191390640569, 'hidden_size': 93, 'dropout': 0.11232623808004015, 'hidden_continuous_size': 34, 'attention_head_size': 4, 'learning_rate': 0.020769296251542932}. Best is trial 22 with value: 0.09281650185585022.
LOCAL_RANK: 0 - CUDA_VISIBLE_DEVICES: [0]
[I 2023-11-30 13:27:13,817] Trial 112 finished with value: 0.19218294322490692 and parameters: {'gradient_clip_val': 0.5229982186567127, 'hidden_size': 75, 'dropout': 0.10004743404341529, 'hidden_continuous_size': 36, 'attention_head_size': 1, 'learning_rate': 0.03870695740813999}. Best is trial 22 with value: 0.09281650185585022.
LOCAL_RANK: 0 - CUDA_VISIBLE_DEVICES: [0]
[I 2023-11-30 13:27:27,515] Trial 113 finished with value: 0.17927110195159912 and parameters: {'gradient_clip_val': 0.6537579747629776, 'hidden_size': 66, 'dropout': 0.1426524940318969, 'hidden_continuous_size': 26, 'attention_head_size': 4, 'learning_rate': 0.029203411677614474}. Best is trial 22 with value: 0.09281650185585022.
LOCAL_RANK: 0 - CUDA_VISIBLE_DEVICES: [0]
[I 2023-11-30 13:27:41,614] Trial 114 finished with value: 0.36832618713378906 and parameters: {'gradient_clip_val': 0.46822071623086375, 'hidden_size': 79, 'dropout': 0.12861271478875097, 'hidden_continuous_size': 31, 'attention_head_size': 4, 'learning_rate': 0.08916277580980009}. Best is trial 22 with value: 0.09281650185585022.
LOCAL_RANK: 0 - CUDA_VISIBLE_DEVICES: [0]
[I 2023-11-30 13:27:54,942] Trial 115 finished with value: 0.2186497449874878 and parameters: {'gradient_clip_val': 0.4925933912294833, 'hidden_size': 57, 'dropout': 0.16452451086610773, 'hidden_continuous_size': 24, 'attention_head_size': 3, 'learning_rate': 0.04496981444322852}. Best is trial 22 with value: 0.09281650185585022.
LOCAL_RANK: 0 - CUDA_VISIBLE_DEVICES: [0]
[I 2023-11-30 13:28:08,731] Trial 116 finished with value: 0.20517735183238983 and parameters: {'gradient_clip_val': 0.6147691910006556, 'hidden_size': 104, 'dropout': 0.13550043392343383, 'hidden_continuous_size': 33, 'attention_head_size': 4, 'learning_rate': 0.036793431276807766}. Best is trial 22 with value: 0.09281650185585022.
LOCAL_RANK: 0 - CUDA_VISIBLE_DEVICES: [0]
[I 2023-11-30 13:28:22,059] Trial 117 finished with value: 0.1795855015516281 and parameters: {'gradient_clip_val': 0.5540163452212141, 'hidden_size': 61, 'dropout': 0.12066765966171676, 'hidden_continuous_size': 25, 'attention_head_size': 3, 'learning_rate': 0.02429955280665758}. Best is trial 22 with value: 0.09281650185585022.
LOCAL_RANK: 0 - CUDA_VISIBLE_DEVICES: [0]
[I 2023-11-30 13:28:35,916] Trial 118 finished with value: 0.18360991775989532 and parameters: {'gradient_clip_val': 0.6948649152226584, 'hidden_size': 85, 'dropout': 0.1263687577541847, 'hidden_continuous_size': 41, 'attention_head_size': 2, 'learning_rate': 0.05123125641182981}. Best is trial 22 with value: 0.09281650185585022.
LOCAL_RANK: 0 - CUDA_VISIBLE_DEVICES: [0]
[I 2023-11-30 13:28:49,735] Trial 119 finished with value: 0.1869068294763565 and parameters: {'gradient_clip_val': 0.578485867339352, 'hidden_size': 111, 'dropout': 0.14332614192484522, 'hidden_continuous_size': 21, 'attention_head_size': 4, 'learning_rate': 0.032657550356282906}. Best is trial 22 with value: 0.09281650185585022.
LOCAL_RANK: 0 - CUDA_VISIBLE_DEVICES: [0]
[I 2023-11-30 13:29:02,784] Trial 120 finished with value: 0.24695788323879242 and parameters: {'gradient_clip_val': 0.6540945139588672, 'hidden_size': 47, 'dropout': 0.1059895266701244, 'hidden_continuous_size': 23, 'attention_head_size': 4, 'learning_rate': 0.01984804529988721}. Best is trial 22 with value: 0.09281650185585022.
LOCAL_RANK: 0 - CUDA_VISIBLE_DEVICES: [0]
[I 2023-11-30 13:29:16,316] Trial 121 finished with value: 0.1756446361541748 and parameters: {'gradient_clip_val': 0.53352527045149, 'hidden_size': 74, 'dropout': 0.14708170996646233, 'hidden_continuous_size': 18, 'attention_head_size': 4, 'learning_rate': 0.047227224176108605}. Best is trial 22 with value: 0.09281650185585022.
LOCAL_RANK: 0 - CUDA_VISIBLE_DEVICES: [0]
[I 2023-11-30 13:29:29,854] Trial 122 finished with value: 0.2756175994873047 and parameters: {'gradient_clip_val': 0.6010340070916053, 'hidden_size': 81, 'dropout': 0.15858479009492052, 'hidden_continuous_size': 20, 'attention_head_size': 4, 'learning_rate': 0.04135715934819343}. Best is trial 22 with value: 0.09281650185585022.
LOCAL_RANK: 0 - CUDA_VISIBLE_DEVICES: [0]
[I 2023-11-30 13:29:43,262] Trial 123 finished with value: 0.22339950501918793 and parameters: {'gradient_clip_val': 0.6260281055371872, 'hidden_size': 68, 'dropout': 0.1376064922312694, 'hidden_continuous_size': 17, 'attention_head_size': 4, 'learning_rate': 0.061568577462082025}. Best is trial 22 with value: 0.09281650185585022.
LOCAL_RANK: 0 - CUDA_VISIBLE_DEVICES: [0]
[I 2023-11-30 13:29:56,819] Trial 124 finished with value: 0.2837592661380768 and parameters: {'gradient_clip_val': 0.5176218164568066, 'hidden_size': 92, 'dropout': 0.11454686634972602, 'hidden_continuous_size': 19, 'attention_head_size': 4, 'learning_rate': 0.07801579550822164}. Best is trial 22 with value: 0.09281650185585022.
LOCAL_RANK: 0 - CUDA_VISIBLE_DEVICES: [0]
[I 2023-11-30 13:30:09,665] Trial 125 finished with value: 0.1654883474111557 and parameters: {'gradient_clip_val': 0.48410100629285413, 'hidden_size': 44, 'dropout': 0.14962504609155086, 'hidden_continuous_size': 28, 'attention_head_size': 4, 'learning_rate': 0.035952347592889136}. Best is trial 22 with value: 0.09281650185585022.
LOCAL_RANK: 0 - CUDA_VISIBLE_DEVICES: [0]
[I 2023-11-30 13:30:23,402] Trial 126 finished with value: 0.2652369439601898 and parameters: {'gradient_clip_val': 0.679937535899792, 'hidden_size': 98, 'dropout': 0.17352475464798664, 'hidden_continuous_size': 30, 'attention_head_size': 3, 'learning_rate': 0.0694802176306063}. Best is trial 22 with value: 0.09281650185585022.
LOCAL_RANK: 0 - CUDA_VISIBLE_DEVICES: [0]
[I 2023-11-30 13:30:37,027] Trial 127 finished with value: 0.2381170392036438 and parameters: {'gradient_clip_val': 0.5760822040302672, 'hidden_size': 89, 'dropout': 0.1294466186591012, 'hidden_continuous_size': 16, 'attention_head_size': 4, 'learning_rate': 0.026721417058551543}. Best is trial 22 with value: 0.09281650185585022.
LOCAL_RANK: 0 - CUDA_VISIBLE_DEVICES: [0]
[I 2023-11-30 13:30:50,652] Trial 128 finished with value: 0.2838883697986603 and parameters: {'gradient_clip_val': 0.733519350751075, 'hidden_size': 77, 'dropout': 0.15367471563532675, 'hidden_continuous_size': 22, 'attention_head_size': 4, 'learning_rate': 0.03052525114643593}. Best is trial 22 with value: 0.09281650185585022.
LOCAL_RANK: 0 - CUDA_VISIBLE_DEVICES: [0]
[I 2023-11-30 13:31:04,070] Trial 129 finished with value: 0.16782434284687042 and parameters: {'gradient_clip_val': 0.43494071235733056, 'hidden_size': 70, 'dropout': 0.12152801570332664, 'hidden_continuous_size': 26, 'attention_head_size': 3, 'learning_rate': 0.05659573307474815}. Best is trial 22 with value: 0.09281650185585022.
LOCAL_RANK: 0 - CUDA_VISIBLE_DEVICES: [0]
[I 2023-11-30 13:31:17,681] Trial 130 finished with value: 0.18584807217121124 and parameters: {'gradient_clip_val': 0.8173061983234008, 'hidden_size': 83, 'dropout': 0.1344057787611587, 'hidden_continuous_size': 23, 'attention_head_size': 4, 'learning_rate': 0.04711668198707596}. Best is trial 22 with value: 0.09281650185585022.
LOCAL_RANK: 0 - CUDA_VISIBLE_DEVICES: [0]
[I 2023-11-30 13:31:31,491] Trial 131 finished with value: 0.19640646874904633 and parameters: {'gradient_clip_val': 0.5473675187309923, 'hidden_size': 103, 'dropout': 0.1090144584280753, 'hidden_continuous_size': 32, 'attention_head_size': 4, 'learning_rate': 0.034030919208887705}. Best is trial 22 with value: 0.09281650185585022.
LOCAL_RANK: 0 - CUDA_VISIBLE_DEVICES: [0]
[I 2023-11-30 13:31:45,214] Trial 132 finished with value: 0.27335599064826965 and parameters: {'gradient_clip_val': 0.6370457168297615, 'hidden_size': 99, 'dropout': 0.1145376192309432, 'hidden_continuous_size': 28, 'attention_head_size': 4, 'learning_rate': 0.04083294901439102}. Best is trial 22 with value: 0.09281650185585022.
LOCAL_RANK: 0 - CUDA_VISIBLE_DEVICES: [0]
[I 2023-11-30 13:31:58,975] Trial 133 finished with value: 0.1830623596906662 and parameters: {'gradient_clip_val': 0.7811614824441654, 'hidden_size': 89, 'dropout': 0.1266718613730245, 'hidden_continuous_size': 27, 'attention_head_size': 4, 'learning_rate': 0.021849754431772443}. Best is trial 22 with value: 0.09281650185585022.
LOCAL_RANK: 0 - CUDA_VISIBLE_DEVICES: [0]
[I 2023-11-30 13:32:12,321] Trial 134 finished with value: 0.24430763721466064 and parameters: {'gradient_clip_val': 0.6012300462913851, 'hidden_size': 50, 'dropout': 0.1408480817028964, 'hidden_continuous_size': 26, 'attention_head_size': 4, 'learning_rate': 0.02829361888346694}. Best is trial 22 with value: 0.09281650185585022.
LOCAL_RANK: 0 - CUDA_VISIBLE_DEVICES: [0]
[I 2023-11-30 13:32:25,646] Trial 135 finished with value: 0.16468216478824615 and parameters: {'gradient_clip_val': 0.466995093256986, 'hidden_size': 53, 'dropout': 0.11877408969595143, 'hidden_continuous_size': 27, 'attention_head_size': 4, 'learning_rate': 0.024552582997736334}. Best is trial 22 with value: 0.09281650185585022.
LOCAL_RANK: 0 - CUDA_VISIBLE_DEVICES: [0]
[I 2023-11-30 13:32:39,661] Trial 136 finished with value: 0.10288044065237045 and parameters: {'gradient_clip_val': 0.6704157705822751, 'hidden_size': 114, 'dropout': 0.10431802961146885, 'hidden_continuous_size': 31, 'attention_head_size': 4, 'learning_rate': 0.031711313122530047}. Best is trial 22 with value: 0.09281650185585022.
LOCAL_RANK: 0 - CUDA_VISIBLE_DEVICES: [0]
