[I 2023-11-30 14:41:17,119] Trial 127 finished with value: 29.52290153503418 and parameters: {'gradient_clip_val': 0.7039087779430723, 'hidden_size': 70, 'dropout': 0.12310865625847313, 'hidden_continuous_size': 15, 'attention_head_size': 4, 'learning_rate': 0.03140670694291707}. Best is trial 72 with value: 12.634055137634277.
LOCAL_RANK: 0 - CUDA_VISIBLE_DEVICES: [0]
[I 2023-11-30 14:41:30,803] Trial 128 finished with value: 16.562082290649414 and parameters: {'gradient_clip_val': 0.8502341238974435, 'hidden_size': 61, 'dropout': 0.11203552047938148, 'hidden_continuous_size': 17, 'attention_head_size': 4, 'learning_rate': 0.020930116540041878}. Best is trial 72 with value: 12.634055137634277.
LOCAL_RANK: 0 - CUDA_VISIBLE_DEVICES: [0]
[I 2023-11-30 14:41:44,342] Trial 129 finished with value: 15.586215019226074 and parameters: {'gradient_clip_val': 0.6426813658462538, 'hidden_size': 52, 'dropout': 0.12793872212326765, 'hidden_continuous_size': 20, 'attention_head_size': 4, 'learning_rate': 0.03711754567798644}. Best is trial 72 with value: 12.634055137634277.
LOCAL_RANK: 0 - CUDA_VISIBLE_DEVICES: [0]
[I 2023-11-30 14:41:58,113] Trial 130 finished with value: 19.082517623901367 and parameters: {'gradient_clip_val': 0.7639988383016294, 'hidden_size': 77, 'dropout': 0.2440251842106537, 'hidden_continuous_size': 19, 'attention_head_size': 4, 'learning_rate': 0.028603239908967012}. Best is trial 72 with value: 12.634055137634277.
LOCAL_RANK: 0 - CUDA_VISIBLE_DEVICES: [0]
[I 2023-11-30 14:42:11,941] Trial 131 finished with value: 21.40273094177246 and parameters: {'gradient_clip_val': 0.5610994052947956, 'hidden_size': 65, 'dropout': 0.10569367693022644, 'hidden_continuous_size': 16, 'attention_head_size': 4, 'learning_rate': 0.0435274167110723}. Best is trial 72 with value: 12.634055137634277.
LOCAL_RANK: 0 - CUDA_VISIBLE_DEVICES: [0]
[I 2023-11-30 14:42:25,303] Trial 132 finished with value: 21.56746482849121 and parameters: {'gradient_clip_val': 0.602944893843958, 'hidden_size': 63, 'dropout': 0.11945027472602662, 'hidden_continuous_size': 16, 'attention_head_size': 4, 'learning_rate': 0.05146234591059335}. Best is trial 72 with value: 12.634055137634277.
LOCAL_RANK: 0 - CUDA_VISIBLE_DEVICES: [0]
[I 2023-11-30 14:42:39,240] Trial 133 finished with value: 14.977261543273926 and parameters: {'gradient_clip_val': 0.4773544166556521, 'hidden_size': 58, 'dropout': 0.10059941725627546, 'hidden_continuous_size': 22, 'attention_head_size': 4, 'learning_rate': 0.039844623802704746}. Best is trial 72 with value: 12.634055137634277.
LOCAL_RANK: 0 - CUDA_VISIBLE_DEVICES: [0]
[I 2023-11-30 14:42:53,500] Trial 134 finished with value: 17.026845932006836 and parameters: {'gradient_clip_val': 0.5236677042276202, 'hidden_size': 73, 'dropout': 0.11096432470628571, 'hidden_continuous_size': 15, 'attention_head_size': 4, 'learning_rate': 0.03342803404770559}. Best is trial 72 with value: 12.634055137634277.
LOCAL_RANK: 0 - CUDA_VISIBLE_DEVICES: [0]
[I 2023-11-30 14:43:07,043] Trial 135 finished with value: 18.338727951049805 and parameters: {'gradient_clip_val': 0.4526429395883365, 'hidden_size': 68, 'dropout': 0.14502973332627564, 'hidden_continuous_size': 18, 'attention_head_size': 4, 'learning_rate': 0.023493960145184012}. Best is trial 72 with value: 12.634055137634277.
LOCAL_RANK: 0 - CUDA_VISIBLE_DEVICES: [0]
[I 2023-11-30 14:43:20,645] Trial 136 finished with value: 19.041772842407227 and parameters: {'gradient_clip_val': 0.5085003690704812, 'hidden_size': 64, 'dropout': 0.22317321593370443, 'hidden_continuous_size': 17, 'attention_head_size': 4, 'learning_rate': 0.04762426209732938}. Best is trial 72 with value: 12.634055137634277.
LOCAL_RANK: 0 - CUDA_VISIBLE_DEVICES: [0]
[I 2023-11-30 14:43:34,379] Trial 137 finished with value: 15.413933753967285 and parameters: {'gradient_clip_val': 0.6684419282310732, 'hidden_size': 49, 'dropout': 0.10591971982965548, 'hidden_continuous_size': 18, 'attention_head_size': 4, 'learning_rate': 0.037381305645521605}. Best is trial 72 with value: 12.634055137634277.
LOCAL_RANK: 0 - CUDA_VISIBLE_DEVICES: [0]
[I 2023-11-30 14:43:48,339] Trial 138 finished with value: 19.70498275756836 and parameters: {'gradient_clip_val': 0.7019672461587171, 'hidden_size': 54, 'dropout': 0.2694313060593269, 'hidden_continuous_size': 21, 'attention_head_size': 4, 'learning_rate': 0.030255418559861427}. Best is trial 72 with value: 12.634055137634277.
LOCAL_RANK: 0 - CUDA_VISIBLE_DEVICES: [0]
[I 2023-11-30 14:44:01,785] Trial 139 finished with value: 18.665372848510742 and parameters: {'gradient_clip_val': 0.5744674697075038, 'hidden_size': 57, 'dropout': 0.1166966462394517, 'hidden_continuous_size': 16, 'attention_head_size': 4, 'learning_rate': 0.026968940565575226}. Best is trial 72 with value: 12.634055137634277.
LOCAL_RANK: 0 - CUDA_VISIBLE_DEVICES: [0]
[I 2023-11-30 14:44:15,362] Trial 140 finished with value: 15.869105339050293 and parameters: {'gradient_clip_val': 0.6248209720104034, 'hidden_size': 61, 'dropout': 0.13281981903343984, 'hidden_continuous_size': 19, 'attention_head_size': 4, 'learning_rate': 0.03426814339501935}. Best is trial 72 with value: 12.634055137634277.
LOCAL_RANK: 0 - CUDA_VISIBLE_DEVICES: [0]
[I 2023-11-30 14:44:28,978] Trial 141 finished with value: 16.681386947631836 and parameters: {'gradient_clip_val': 0.5496724032950203, 'hidden_size': 60, 'dropout': 0.12103881309370419, 'hidden_continuous_size': 17, 'attention_head_size': 4, 'learning_rate': 0.03031313779267529}. Best is trial 72 with value: 12.634055137634277.
LOCAL_RANK: 0 - CUDA_VISIBLE_DEVICES: [0]
[I 2023-11-30 14:44:42,752] Trial 142 finished with value: 16.828523635864258 and parameters: {'gradient_clip_val': 0.554513586919043, 'hidden_size': 70, 'dropout': 0.1141289330767978, 'hidden_continuous_size': 15, 'attention_head_size': 4, 'learning_rate': 0.04432585008566437}. Best is trial 72 with value: 12.634055137634277.
LOCAL_RANK: 0 - CUDA_VISIBLE_DEVICES: [0]
[I 2023-11-30 14:44:56,265] Trial 143 finished with value: 14.49306583404541 and parameters: {'gradient_clip_val': 0.6001150259385241, 'hidden_size': 65, 'dropout': 0.15535744940061838, 'hidden_continuous_size': 16, 'attention_head_size': 4, 'learning_rate': 0.03328465468506103}. Best is trial 72 with value: 12.634055137634277.
LOCAL_RANK: 0 - CUDA_VISIBLE_DEVICES: [0]
[I 2023-11-30 14:45:09,875] Trial 144 finished with value: 19.80375099182129 and parameters: {'gradient_clip_val': 0.6024546251738769, 'hidden_size': 66, 'dropout': 0.12679944224028283, 'hidden_continuous_size': 14, 'attention_head_size': 4, 'learning_rate': 0.04102552036255351}. Best is trial 72 with value: 12.634055137634277.
LOCAL_RANK: 0 - CUDA_VISIBLE_DEVICES: [0]
[I 2023-11-30 14:45:23,280] Trial 145 finished with value: 18.377805709838867 and parameters: {'gradient_clip_val': 0.6610363117039223, 'hidden_size': 56, 'dropout': 0.15671826786511955, 'hidden_continuous_size': 16, 'attention_head_size': 4, 'learning_rate': 0.024812103805575834}. Best is trial 72 with value: 12.634055137634277.
LOCAL_RANK: 0 - CUDA_VISIBLE_DEVICES: [0]
[I 2023-11-30 14:45:36,834] Trial 146 finished with value: 18.69451141357422 and parameters: {'gradient_clip_val': 0.5868114900537998, 'hidden_size': 51, 'dropout': 0.10692570408672901, 'hidden_continuous_size': 17, 'attention_head_size': 4, 'learning_rate': 0.0324754804331997}. Best is trial 72 with value: 12.634055137634277.
LOCAL_RANK: 0 - CUDA_VISIBLE_DEVICES: [0]
[I 2023-11-30 14:45:50,816] Trial 147 finished with value: 19.750600814819336 and parameters: {'gradient_clip_val': 0.6305242281242541, 'hidden_size': 76, 'dropout': 0.15160636440898292, 'hidden_continuous_size': 15, 'attention_head_size': 4, 'learning_rate': 0.03746688669142805}. Best is trial 72 with value: 12.634055137634277.
LOCAL_RANK: 0 - CUDA_VISIBLE_DEVICES: [0]
[I 2023-11-30 14:46:04,483] Trial 148 finished with value: 17.29837989807129 and parameters: {'gradient_clip_val': 0.7169097611467181, 'hidden_size': 46, 'dropout': 0.11139511592767089, 'hidden_continuous_size': 18, 'attention_head_size': 3, 'learning_rate': 0.02722488544732399}. Best is trial 72 with value: 12.634055137634277.
LOCAL_RANK: 0 - CUDA_VISIBLE_DEVICES: [0]
[I 2023-11-30 14:46:18,296] Trial 149 finished with value: 18.33074378967285 and parameters: {'gradient_clip_val': 0.9248624008148663, 'hidden_size': 62, 'dropout': 0.1011033282747568, 'hidden_continuous_size': 19, 'attention_head_size': 4, 'learning_rate': 0.018811560171550577}. Best is trial 72 with value: 12.634055137634277.
[I 2023-11-30 14:46:18,415] A new study created in memory with name: no-name-e68bb55f-7a70-4206-a8e6-3c78dd36ee62
/home/le004/conda/anaconda3/envs/tsff_env/lib/python3.9/site-packages/lightning/fabric/plugins/environments/slurm.py:191: The `srun` command is available on your system but is not used. HINT: If your intention is to run Lightning on SLURM, prepend your python command with `srun` like so: srun python /home/le004/master_thesis/git/TSFusionForecast/code/ ...
LOCAL_RANK: 0 - CUDA_VISIBLE_DEVICES: [0]
[I 2023-11-30 14:46:33,088] Trial 0 finished with value: 0.7185370326042175 and parameters: {'gradient_clip_val': 0.2667766540327751, 'hidden_size': 149, 'dropout': 0.27326874339955703, 'hidden_continuous_size': 14, 'attention_head_size': 1, 'learning_rate': 0.0050811714202668385}. Best is trial 0 with value: 0.7185370326042175.
LOCAL_RANK: 0 - CUDA_VISIBLE_DEVICES: [0]
[I 2023-11-30 14:46:48,145] Trial 1 finished with value: 0.8687141537666321 and parameters: {'gradient_clip_val': 0.2739725318720195, 'hidden_size': 131, 'dropout': 0.14335795615965846, 'hidden_continuous_size': 35, 'attention_head_size': 4, 'learning_rate': 0.0012899772193955671}. Best is trial 0 with value: 0.7185370326042175.
LOCAL_RANK: 0 - CUDA_VISIBLE_DEVICES: [0]
[I 2023-11-30 14:47:02,168] Trial 2 finished with value: 0.8874863982200623 and parameters: {'gradient_clip_val': 0.1637627580616505, 'hidden_size': 84, 'dropout': 0.147955270216972, 'hidden_continuous_size': 19, 'attention_head_size': 2, 'learning_rate': 0.0057149440854537496}. Best is trial 0 with value: 0.7185370326042175.
LOCAL_RANK: 0 - CUDA_VISIBLE_DEVICES: [0]
[I 2023-11-30 14:47:13,271] Trial 3 finished with value: 1.2232084274291992 and parameters: {'gradient_clip_val': 0.23414025898860605, 'hidden_size': 14, 'dropout': 0.2357971978246492, 'hidden_continuous_size': 14, 'attention_head_size': 4, 'learning_rate': 0.003289240823928363}. Best is trial 0 with value: 0.7185370326042175.
LOCAL_RANK: 0 - CUDA_VISIBLE_DEVICES: [0]
[I 2023-11-30 14:47:27,227] Trial 4 finished with value: 0.7833118438720703 and parameters: {'gradient_clip_val': 0.5226775460803925, 'hidden_size': 82, 'dropout': 0.33398029027846166, 'hidden_continuous_size': 27, 'attention_head_size': 2, 'learning_rate': 0.0420024066820291}. Best is trial 0 with value: 0.7185370326042175.
LOCAL_RANK: 0 - CUDA_VISIBLE_DEVICES: [0]
[I 2023-11-30 14:47:41,092] Trial 5 finished with value: 0.8630399703979492 and parameters: {'gradient_clip_val': 0.11923404232547342, 'hidden_size': 95, 'dropout': 0.38839540115513327, 'hidden_continuous_size': 12, 'attention_head_size': 3, 'learning_rate': 0.001301952900296111}. Best is trial 0 with value: 0.7185370326042175.
LOCAL_RANK: 0 - CUDA_VISIBLE_DEVICES: [0]
[I 2023-11-30 14:47:52,202] Trial 6 finished with value: 1.8312921524047852 and parameters: {'gradient_clip_val': 0.14821515284443765, 'hidden_size': 10, 'dropout': 0.1556119703010907, 'hidden_continuous_size': 10, 'attention_head_size': 4, 'learning_rate': 0.0021052121009722683}. Best is trial 0 with value: 0.7185370326042175.
LOCAL_RANK: 0 - CUDA_VISIBLE_DEVICES: [0]
[I 2023-11-30 14:48:04,535] Trial 7 finished with value: 0.8050945401191711 and parameters: {'gradient_clip_val': 0.33960636786224735, 'hidden_size': 15, 'dropout': 0.36163650312603357, 'hidden_continuous_size': 11, 'attention_head_size': 1, 'learning_rate': 0.039017055919026995}. Best is trial 0 with value: 0.7185370326042175.
LOCAL_RANK: 0 - CUDA_VISIBLE_DEVICES: [0]
[I 2023-11-30 14:48:17,172] Trial 8 finished with value: 0.9234248995780945 and parameters: {'gradient_clip_val': 0.1458077032170258, 'hidden_size': 27, 'dropout': 0.3292021517712892, 'hidden_continuous_size': 15, 'attention_head_size': 1, 'learning_rate': 0.002291354219516561}. Best is trial 0 with value: 0.7185370326042175.
LOCAL_RANK: 0 - CUDA_VISIBLE_DEVICES: [0]
[I 2023-11-30 14:48:30,887] Trial 9 finished with value: 0.8565252423286438 and parameters: {'gradient_clip_val': 0.31131989026702, 'hidden_size': 107, 'dropout': 0.23556860973089006, 'hidden_continuous_size': 14, 'attention_head_size': 1, 'learning_rate': 0.001074214394977745}. Best is trial 0 with value: 0.7185370326042175.
LOCAL_RANK: 0 - CUDA_VISIBLE_DEVICES: [0]
[I 2023-11-30 14:48:41,841] Trial 10 finished with value: 0.7417448163032532 and parameters: {'gradient_clip_val': 0.9800758850675972, 'hidden_size': 49, 'dropout': 0.2847452133623624, 'hidden_continuous_size': 49, 'attention_head_size': 2, 'learning_rate': 0.012663719139305371}. Best is trial 0 with value: 0.7185370326042175.
LOCAL_RANK: 0 - CUDA_VISIBLE_DEVICES: [0]
[I 2023-11-30 14:48:55,516] Trial 11 finished with value: 0.7496895790100098 and parameters: {'gradient_clip_val': 0.8789373682194296, 'hidden_size': 49, 'dropout': 0.2869389816231468, 'hidden_continuous_size': 44, 'attention_head_size': 2, 'learning_rate': 0.012677658304830617}. Best is trial 0 with value: 0.7185370326042175.
LOCAL_RANK: 0 - CUDA_VISIBLE_DEVICES: [0]
[I 2023-11-30 14:49:07,044] Trial 12 finished with value: 0.7933792471885681 and parameters: {'gradient_clip_val': 0.8862385502765243, 'hidden_size': 53, 'dropout': 0.2661306614798415, 'hidden_continuous_size': 53, 'attention_head_size': 3, 'learning_rate': 0.01101377450661434}. Best is trial 0 with value: 0.7185370326042175.
LOCAL_RANK: 0 - CUDA_VISIBLE_DEVICES: [0]
[I 2023-11-30 14:49:22,290] Trial 13 finished with value: 0.8103373646736145 and parameters: {'gradient_clip_val': 0.5468553109044898, 'hidden_size': 150, 'dropout': 0.28890422917069597, 'hidden_continuous_size': 89, 'attention_head_size': 1, 'learning_rate': 0.006864720121366773}. Best is trial 0 with value: 0.7185370326042175.
LOCAL_RANK: 0 - CUDA_VISIBLE_DEVICES: [0]
[I 2023-11-30 14:49:35,341] Trial 14 finished with value: 0.762535810470581 and parameters: {'gradient_clip_val': 0.4983685737331244, 'hidden_size': 33, 'dropout': 0.2228519448918804, 'hidden_continuous_size': 18, 'attention_head_size': 2, 'learning_rate': 0.019544238859247262}. Best is trial 0 with value: 0.7185370326042175.
LOCAL_RANK: 0 - CUDA_VISIBLE_DEVICES: [0]
[I 2023-11-30 14:49:49,141] Trial 15 finished with value: 0.9496190547943115 and parameters: {'gradient_clip_val': 0.9647269955106106, 'hidden_size': 63, 'dropout': 0.19308670584246007, 'hidden_continuous_size': 23, 'attention_head_size': 3, 'learning_rate': 0.021457294911976187}. Best is trial 0 with value: 0.7185370326042175.
LOCAL_RANK: 0 - CUDA_VISIBLE_DEVICES: [0]
[I 2023-11-30 14:50:03,380] Trial 16 finished with value: 0.7898514270782471 and parameters: {'gradient_clip_val': 0.20678498199543077, 'hidden_size': 149, 'dropout': 0.10997657656291873, 'hidden_continuous_size': 64, 'attention_head_size': 1, 'learning_rate': 0.005500527849360769}. Best is trial 0 with value: 0.7185370326042175.
LOCAL_RANK: 0 - CUDA_VISIBLE_DEVICES: [0]
[I 2023-11-30 14:50:16,776] Trial 17 finished with value: 0.9934866428375244 and parameters: {'gradient_clip_val': 0.3754754852954499, 'hidden_size': 67, 'dropout': 0.3028151052566139, 'hidden_continuous_size': 30, 'attention_head_size': 2, 'learning_rate': 0.09990958618451662}. Best is trial 0 with value: 0.7185370326042175.
LOCAL_RANK: 0 - CUDA_VISIBLE_DEVICES: [0]
[I 2023-11-30 14:50:29,509] Trial 18 finished with value: 0.7817316651344299 and parameters: {'gradient_clip_val': 0.10332991303598664, 'hidden_size': 42, 'dropout': 0.26330442978073365, 'hidden_continuous_size': 21, 'attention_head_size': 1, 'learning_rate': 0.004070602077794658}. Best is trial 0 with value: 0.7185370326042175.
LOCAL_RANK: 0 - CUDA_VISIBLE_DEVICES: [0]
[I 2023-11-30 14:50:43,337] Trial 19 finished with value: 0.8140085339546204 and parameters: {'gradient_clip_val': 0.6982637653082864, 'hidden_size': 106, 'dropout': 0.31667381046675747, 'hidden_continuous_size': 36, 'attention_head_size': 2, 'learning_rate': 0.007340635202768203}. Best is trial 0 with value: 0.7185370326042175.
LOCAL_RANK: 0 - CUDA_VISIBLE_DEVICES: [0]
[I 2023-11-30 14:50:56,176] Trial 20 finished with value: 0.8461904525756836 and parameters: {'gradient_clip_val': 0.40999242705911293, 'hidden_size': 31, 'dropout': 0.2700031276426517, 'hidden_continuous_size': 16, 'attention_head_size': 3, 'learning_rate': 0.008737481774100421}. Best is trial 0 with value: 0.7185370326042175.
LOCAL_RANK: 0 - CUDA_VISIBLE_DEVICES: [0]
[I 2023-11-30 14:51:08,875] Trial 21 finished with value: 0.7506787180900574 and parameters: {'gradient_clip_val': 0.7664830963389762, 'hidden_size': 45, 'dropout': 0.28447853090053343, 'hidden_continuous_size': 12, 'attention_head_size': 2, 'learning_rate': 0.011842252961310057}. Best is trial 0 with value: 0.7185370326042175.
LOCAL_RANK: 0 - CUDA_VISIBLE_DEVICES: [0]
[I 2023-11-30 14:51:22,351] Trial 22 finished with value: 0.8533528447151184 and parameters: {'gradient_clip_val': 0.9677230159364552, 'hidden_size': 65, 'dropout': 0.3045753352620514, 'hidden_continuous_size': 41, 'attention_head_size': 2, 'learning_rate': 0.014917581927858458}. Best is trial 0 with value: 0.7185370326042175.
LOCAL_RANK: 0 - CUDA_VISIBLE_DEVICES: [0]
[I 2023-11-30 14:51:35,286] Trial 23 finished with value: 0.8565160632133484 and parameters: {'gradient_clip_val': 0.7012500842894336, 'hidden_size': 53, 'dropout': 0.25346153824222245, 'hidden_continuous_size': 24, 'attention_head_size': 2, 'learning_rate': 0.009522180043790008}. Best is trial 0 with value: 0.7185370326042175.
LOCAL_RANK: 0 - CUDA_VISIBLE_DEVICES: [0]
[I 2023-11-30 14:51:47,405] Trial 24 finished with value: 0.9352948069572449 and parameters: {'gradient_clip_val': 0.795730795132156, 'hidden_size': 25, 'dropout': 0.2851684525672348, 'hidden_continuous_size': 16, 'attention_head_size': 1, 'learning_rate': 0.0044127809814324655}. Best is trial 0 with value: 0.7185370326042175.
LOCAL_RANK: 0 - CUDA_VISIBLE_DEVICES: [0]
[I 2023-11-30 14:52:00,113] Trial 25 finished with value: 0.7947449684143066 and parameters: {'gradient_clip_val': 0.6514712278548535, 'hidden_size': 38, 'dropout': 0.33741549506330903, 'hidden_continuous_size': 19, 'attention_head_size': 3, 'learning_rate': 0.00708096318285203}. Best is trial 0 with value: 0.7185370326042175.
LOCAL_RANK: 0 - CUDA_VISIBLE_DEVICES: [0]
[I 2023-11-30 14:52:13,489] Trial 26 finished with value: 0.8119300007820129 and parameters: {'gradient_clip_val': 0.9851164774761763, 'hidden_size': 80, 'dropout': 0.21028268843374343, 'hidden_continuous_size': 46, 'attention_head_size': 2, 'learning_rate': 0.01411032745414998}. Best is trial 0 with value: 0.7185370326042175.
LOCAL_RANK: 0 - CUDA_VISIBLE_DEVICES: [0]
[I 2023-11-30 14:52:27,324] Trial 27 finished with value: 0.8349032998085022 and parameters: {'gradient_clip_val': 0.8277402295125332, 'hidden_size': 120, 'dropout': 0.24031393172218596, 'hidden_continuous_size': 28, 'attention_head_size': 1, 'learning_rate': 0.008285593185034653}. Best is trial 0 with value: 0.7185370326042175.
LOCAL_RANK: 0 - CUDA_VISIBLE_DEVICES: [0]
[I 2023-11-30 14:52:40,370] Trial 28 finished with value: 0.8429112434387207 and parameters: {'gradient_clip_val': 0.6212705912790083, 'hidden_size': 49, 'dropout': 0.297031672464284, 'hidden_continuous_size': 31, 'attention_head_size': 2, 'learning_rate': 0.01866577626753556}. Best is trial 0 with value: 0.7185370326042175.
LOCAL_RANK: 0 - CUDA_VISIBLE_DEVICES: [0]
[I 2023-11-30 14:52:54,316] Trial 29 finished with value: 0.7182834148406982 and parameters: {'gradient_clip_val': 0.43244330608545295, 'hidden_size': 121, 'dropout': 0.272998304849454, 'hidden_continuous_size': 37, 'attention_head_size': 3, 'learning_rate': 0.0052628267450385525}. Best is trial 29 with value: 0.7182834148406982.
LOCAL_RANK: 0 - CUDA_VISIBLE_DEVICES: [0]
[I 2023-11-30 14:53:08,286] Trial 30 finished with value: 0.8693521618843079 and parameters: {'gradient_clip_val': 0.27186937421521523, 'hidden_size': 125, 'dropout': 0.2585601758068449, 'hidden_continuous_size': 35, 'attention_head_size': 4, 'learning_rate': 0.0032197500972179537}. Best is trial 29 with value: 0.7182834148406982.
LOCAL_RANK: 0 - CUDA_VISIBLE_DEVICES: [0]
[I 2023-11-30 14:53:22,147] Trial 31 finished with value: 1.0694245100021362 and parameters: {'gradient_clip_val': 0.39762558959415817, 'hidden_size': 113, 'dropout': 0.282251000274472, 'hidden_continuous_size': 41, 'attention_head_size': 3, 'learning_rate': 0.005141987012314425}. Best is trial 29 with value: 0.7182834148406982.
LOCAL_RANK: 0 - CUDA_VISIBLE_DEVICES: [0]
[I 2023-11-30 14:53:36,068] Trial 32 finished with value: 0.8537041544914246 and parameters: {'gradient_clip_val': 0.4606976192187493, 'hidden_size': 89, 'dropout': 0.31523487500116465, 'hidden_continuous_size': 52, 'attention_head_size': 3, 'learning_rate': 0.006142787982654715}. Best is trial 29 with value: 0.7182834148406982.
LOCAL_RANK: 0 - CUDA_VISIBLE_DEVICES: [0]
[I 2023-11-30 14:53:50,399] Trial 33 finished with value: 0.8934941291809082 and parameters: {'gradient_clip_val': 0.8354299089360968, 'hidden_size': 133, 'dropout': 0.27655134895549927, 'hidden_continuous_size': 69, 'attention_head_size': 3, 'learning_rate': 0.009942695101110845}. Best is trial 29 with value: 0.7182834148406982.
LOCAL_RANK: 0 - CUDA_VISIBLE_DEVICES: [0]
