[I 2023-11-30 00:07:11,243] Trial 46 finished with value: 0.23743486404418945 and parameters: {'gradient_clip_val': 0.44088947835929526, 'hidden_size': 93, 'dropout': 0.25462710145719936, 'hidden_continuous_size': 17, 'attention_head_size': 3, 'learning_rate': 0.07984880174794111}. Best is trial 35 with value: 0.1047300323843956.
LOCAL_RANK: 0 - CUDA_VISIBLE_DEVICES: [0]
[I 2023-11-30 00:07:24,958] Trial 47 finished with value: 0.15781930088996887 and parameters: {'gradient_clip_val': 0.5864668811219893, 'hidden_size': 136, 'dropout': 0.28009495626076775, 'hidden_continuous_size': 13, 'attention_head_size': 3, 'learning_rate': 0.028523609850283377}. Best is trial 35 with value: 0.1047300323843956.
LOCAL_RANK: 0 - CUDA_VISIBLE_DEVICES: [0]
[I 2023-11-30 00:07:38,347] Trial 48 finished with value: 0.2980920970439911 and parameters: {'gradient_clip_val': 0.6540720628548397, 'hidden_size': 80, 'dropout': 0.23618458572326698, 'hidden_continuous_size': 19, 'attention_head_size': 4, 'learning_rate': 0.046430487354572426}. Best is trial 35 with value: 0.1047300323843956.
LOCAL_RANK: 0 - CUDA_VISIBLE_DEVICES: [0]
[I 2023-11-30 00:07:51,494] Trial 49 finished with value: 0.1319265216588974 and parameters: {'gradient_clip_val': 0.32317607695977696, 'hidden_size': 70, 'dropout': 0.3019904295701007, 'hidden_continuous_size': 20, 'attention_head_size': 1, 'learning_rate': 0.05954860417778189}. Best is trial 35 with value: 0.1047300323843956.
LOCAL_RANK: 0 - CUDA_VISIBLE_DEVICES: [0]
[I 2023-11-30 00:08:05,004] Trial 50 finished with value: 0.216394305229187 and parameters: {'gradient_clip_val': 0.48749087937779495, 'hidden_size': 93, 'dropout': 0.18505980387837145, 'hidden_continuous_size': 16, 'attention_head_size': 2, 'learning_rate': 0.08210407359111249}. Best is trial 35 with value: 0.1047300323843956.
LOCAL_RANK: 0 - CUDA_VISIBLE_DEVICES: [0]
[I 2023-11-30 00:08:18,039] Trial 51 finished with value: 0.25226524472236633 and parameters: {'gradient_clip_val': 0.5388786442859195, 'hidden_size': 62, 'dropout': 0.28673056593284013, 'hidden_continuous_size': 14, 'attention_head_size': 4, 'learning_rate': 0.0789773323125179}. Best is trial 35 with value: 0.1047300323843956.
LOCAL_RANK: 0 - CUDA_VISIBLE_DEVICES: [0]
[I 2023-11-30 00:08:30,901] Trial 52 finished with value: 0.20847725868225098 and parameters: {'gradient_clip_val': 0.5995527827916832, 'hidden_size': 56, 'dropout': 0.27867802490532306, 'hidden_continuous_size': 13, 'attention_head_size': 4, 'learning_rate': 0.06405040007263375}. Best is trial 35 with value: 0.1047300323843956.
LOCAL_RANK: 0 - CUDA_VISIBLE_DEVICES: [0]
[I 2023-11-30 00:08:43,608] Trial 53 finished with value: 0.20928020775318146 and parameters: {'gradient_clip_val': 0.42976233901687416, 'hidden_size': 46, 'dropout': 0.25938990695141395, 'hidden_continuous_size': 15, 'attention_head_size': 4, 'learning_rate': 0.04987403261364054}. Best is trial 35 with value: 0.1047300323843956.
LOCAL_RANK: 0 - CUDA_VISIBLE_DEVICES: [0]
[I 2023-11-30 00:08:56,931] Trial 54 finished with value: 0.25099846720695496 and parameters: {'gradient_clip_val': 0.37418887191318745, 'hidden_size': 84, 'dropout': 0.2902834213840086, 'hidden_continuous_size': 18, 'attention_head_size': 4, 'learning_rate': 0.08584991351540729}. Best is trial 35 with value: 0.1047300323843956.
LOCAL_RANK: 0 - CUDA_VISIBLE_DEVICES: [0]
[I 2023-11-30 00:09:09,740] Trial 55 finished with value: 0.2199193686246872 and parameters: {'gradient_clip_val': 0.6851258857560154, 'hidden_size': 35, 'dropout': 0.27080981680016847, 'hidden_continuous_size': 17, 'attention_head_size': 4, 'learning_rate': 0.07008036591214138}. Best is trial 35 with value: 0.1047300323843956.
LOCAL_RANK: 0 - CUDA_VISIBLE_DEVICES: [0]
[I 2023-11-30 00:09:23,273] Trial 56 finished with value: 0.23708093166351318 and parameters: {'gradient_clip_val': 0.559077918989077, 'hidden_size': 110, 'dropout': 0.24276938164183845, 'hidden_continuous_size': 10, 'attention_head_size': 4, 'learning_rate': 0.037696476223022544}. Best is trial 35 with value: 0.1047300323843956.
LOCAL_RANK: 0 - CUDA_VISIBLE_DEVICES: [0]
[I 2023-11-30 00:09:36,606] Trial 57 finished with value: 0.2308967262506485 and parameters: {'gradient_clip_val': 0.34368167071562117, 'hidden_size': 116, 'dropout': 0.25598682562276176, 'hidden_continuous_size': 11, 'attention_head_size': 2, 'learning_rate': 0.08773438231785738}. Best is trial 35 with value: 0.1047300323843956.
LOCAL_RANK: 0 - CUDA_VISIBLE_DEVICES: [0]
[I 2023-11-30 00:09:50,873] Trial 58 finished with value: 0.27588951587677 and parameters: {'gradient_clip_val': 0.25759098070861774, 'hidden_size': 150, 'dropout': 0.23290885077020615, 'hidden_continuous_size': 23, 'attention_head_size': 3, 'learning_rate': 0.05521420737298298}. Best is trial 35 with value: 0.1047300323843956.
LOCAL_RANK: 0 - CUDA_VISIBLE_DEVICES: [0]
[I 2023-11-30 00:10:04,595] Trial 59 finished with value: 0.19192536175251007 and parameters: {'gradient_clip_val': 0.46370142101973105, 'hidden_size': 102, 'dropout': 0.21222200780097902, 'hidden_continuous_size': 21, 'attention_head_size': 4, 'learning_rate': 0.041268958336509634}. Best is trial 35 with value: 0.1047300323843956.
LOCAL_RANK: 0 - CUDA_VISIBLE_DEVICES: [0]
[I 2023-11-30 00:10:18,101] Trial 60 finished with value: 0.12999455630779266 and parameters: {'gradient_clip_val': 0.5224044718101655, 'hidden_size': 79, 'dropout': 0.22858448428068084, 'hidden_continuous_size': 12, 'attention_head_size': 4, 'learning_rate': 0.06093224905309217}. Best is trial 35 with value: 0.1047300323843956.
LOCAL_RANK: 0 - CUDA_VISIBLE_DEVICES: [0]
[I 2023-11-30 00:10:31,160] Trial 61 finished with value: 0.1818680763244629 and parameters: {'gradient_clip_val': 0.40897363778463636, 'hidden_size': 65, 'dropout': 0.2266019351993761, 'hidden_continuous_size': 12, 'attention_head_size': 4, 'learning_rate': 0.06363326017690044}. Best is trial 35 with value: 0.1047300323843956.
LOCAL_RANK: 0 - CUDA_VISIBLE_DEVICES: [0]
[I 2023-11-30 00:10:44,975] Trial 62 finished with value: 0.4987961947917938 and parameters: {'gradient_clip_val': 0.4978792166806344, 'hidden_size': 136, 'dropout': 0.24258609717859647, 'hidden_continuous_size': 14, 'attention_head_size': 4, 'learning_rate': 0.05096696457420286}. Best is trial 35 with value: 0.1047300323843956.
LOCAL_RANK: 0 - CUDA_VISIBLE_DEVICES: [0]
[I 2023-11-30 00:10:58,375] Trial 63 finished with value: 0.2471223622560501 and parameters: {'gradient_clip_val': 0.5243130214852711, 'hidden_size': 77, 'dropout': 0.24965449843857992, 'hidden_continuous_size': 13, 'attention_head_size': 4, 'learning_rate': 0.07138151435083834}. Best is trial 35 with value: 0.1047300323843956.
LOCAL_RANK: 0 - CUDA_VISIBLE_DEVICES: [0]
[I 2023-11-30 00:11:12,176] Trial 64 finished with value: 0.19931773841381073 and parameters: {'gradient_clip_val': 0.4416749125977394, 'hidden_size': 118, 'dropout': 0.20969544867693563, 'hidden_continuous_size': 12, 'attention_head_size': 4, 'learning_rate': 0.08833197195283612}. Best is trial 35 with value: 0.1047300323843956.
LOCAL_RANK: 0 - CUDA_VISIBLE_DEVICES: [0]
[I 2023-11-30 00:11:25,739] Trial 65 finished with value: 0.3022225797176361 and parameters: {'gradient_clip_val': 0.22582647291721586, 'hidden_size': 84, 'dropout': 0.2264123913944428, 'hidden_continuous_size': 16, 'attention_head_size': 4, 'learning_rate': 0.07046238879209356}. Best is trial 35 with value: 0.1047300323843956.
LOCAL_RANK: 0 - CUDA_VISIBLE_DEVICES: [0]
[I 2023-11-30 00:11:39,420] Trial 66 finished with value: 0.15929539501667023 and parameters: {'gradient_clip_val': 0.3987602105355774, 'hidden_size': 136, 'dropout': 0.25855085203559697, 'hidden_continuous_size': 10, 'attention_head_size': 4, 'learning_rate': 0.09844499082583247}. Best is trial 35 with value: 0.1047300323843956.
LOCAL_RANK: 0 - CUDA_VISIBLE_DEVICES: [0]
[I 2023-11-30 00:11:53,008] Trial 67 finished with value: 0.23896853625774384 and parameters: {'gradient_clip_val': 0.46559618984901735, 'hidden_size': 97, 'dropout': 0.2757515150918504, 'hidden_continuous_size': 11, 'attention_head_size': 3, 'learning_rate': 0.05940581155090735}. Best is trial 35 with value: 0.1047300323843956.
LOCAL_RANK: 0 - CUDA_VISIBLE_DEVICES: [0]
[I 2023-11-30 00:12:05,774] Trial 68 finished with value: 0.2060099095106125 and parameters: {'gradient_clip_val': 0.19164662764853038, 'hidden_size': 56, 'dropout': 0.26708598428402414, 'hidden_continuous_size': 15, 'attention_head_size': 2, 'learning_rate': 0.04769359227279151}. Best is trial 35 with value: 0.1047300323843956.
LOCAL_RANK: 0 - CUDA_VISIBLE_DEVICES: [0]
[I 2023-11-30 00:12:18,744] Trial 69 finished with value: 0.1514294594526291 and parameters: {'gradient_clip_val': 0.30957911432598045, 'hidden_size': 68, 'dropout': 0.23876976932362162, 'hidden_continuous_size': 13, 'attention_head_size': 3, 'learning_rate': 0.08804878080608779}. Best is trial 35 with value: 0.1047300323843956.
LOCAL_RANK: 0 - CUDA_VISIBLE_DEVICES: [0]
[I 2023-11-30 00:12:32,748] Trial 70 finished with value: 0.1128644123673439 and parameters: {'gradient_clip_val': 0.6266701572066941, 'hidden_size': 87, 'dropout': 0.1962292870952624, 'hidden_continuous_size': 18, 'attention_head_size': 4, 'learning_rate': 0.03377480288717843}. Best is trial 35 with value: 0.1047300323843956.
LOCAL_RANK: 0 - CUDA_VISIBLE_DEVICES: [0]
[I 2023-11-30 00:12:46,402] Trial 71 finished with value: 0.25888219475746155 and parameters: {'gradient_clip_val': 0.5844780999501356, 'hidden_size': 89, 'dropout': 0.1965545268166914, 'hidden_continuous_size': 18, 'attention_head_size': 4, 'learning_rate': 0.032241944742448576}. Best is trial 35 with value: 0.1047300323843956.
LOCAL_RANK: 0 - CUDA_VISIBLE_DEVICES: [0]
[I 2023-11-30 00:13:00,033] Trial 72 finished with value: 0.20651006698608398 and parameters: {'gradient_clip_val': 0.5523338075481556, 'hidden_size': 78, 'dropout': 0.20487277297611828, 'hidden_continuous_size': 14, 'attention_head_size': 4, 'learning_rate': 0.041189058963286555}. Best is trial 35 with value: 0.1047300323843956.
LOCAL_RANK: 0 - CUDA_VISIBLE_DEVICES: [0]
[I 2023-11-30 00:13:13,640] Trial 73 finished with value: 0.20860548317432404 and parameters: {'gradient_clip_val': 0.6509729967856454, 'hidden_size': 108, 'dropout': 0.2226518665803568, 'hidden_continuous_size': 16, 'attention_head_size': 4, 'learning_rate': 0.053847848241301066}. Best is trial 35 with value: 0.1047300323843956.
LOCAL_RANK: 0 - CUDA_VISIBLE_DEVICES: [0]
[I 2023-11-30 00:13:27,634] Trial 74 finished with value: 0.26177525520324707 and parameters: {'gradient_clip_val': 0.7861437577681177, 'hidden_size': 126, 'dropout': 0.21329494599589646, 'hidden_continuous_size': 28, 'attention_head_size': 4, 'learning_rate': 0.0709894679618317}. Best is trial 35 with value: 0.1047300323843956.
LOCAL_RANK: 0 - CUDA_VISIBLE_DEVICES: [0]
[I 2023-11-30 00:13:40,965] Trial 75 finished with value: 0.1955726146697998 and parameters: {'gradient_clip_val': 0.6211031389965954, 'hidden_size': 72, 'dropout': 0.24772983917354968, 'hidden_continuous_size': 19, 'attention_head_size': 4, 'learning_rate': 0.04414364506039091}. Best is trial 35 with value: 0.1047300323843956.
LOCAL_RANK: 0 - CUDA_VISIBLE_DEVICES: [0]
[I 2023-11-30 00:13:55,087] Trial 76 finished with value: 0.17480534315109253 and parameters: {'gradient_clip_val': 0.7049914692719736, 'hidden_size': 142, 'dropout': 0.23204259349106554, 'hidden_continuous_size': 23, 'attention_head_size': 1, 'learning_rate': 0.06159571484324604}. Best is trial 35 with value: 0.1047300323843956.
LOCAL_RANK: 0 - CUDA_VISIBLE_DEVICES: [0]
[I 2023-11-30 00:14:08,990] Trial 77 finished with value: 0.20179207623004913 and parameters: {'gradient_clip_val': 0.6337779435389049, 'hidden_size': 118, 'dropout': 0.19219561118966783, 'hidden_continuous_size': 21, 'attention_head_size': 4, 'learning_rate': 0.0217016624741724}. Best is trial 35 with value: 0.1047300323843956.
LOCAL_RANK: 0 - CUDA_VISIBLE_DEVICES: [0]
[I 2023-11-30 00:14:22,519] Trial 78 finished with value: 0.19335627555847168 and parameters: {'gradient_clip_val': 0.5188932542178147, 'hidden_size': 90, 'dropout': 0.2644246664689915, 'hidden_continuous_size': 17, 'attention_head_size': 4, 'learning_rate': 0.07448115131545643}. Best is trial 35 with value: 0.1047300323843956.
LOCAL_RANK: 0 - CUDA_VISIBLE_DEVICES: [0]
[I 2023-11-30 00:14:36,265] Trial 79 finished with value: 0.21923445165157318 and parameters: {'gradient_clip_val': 0.7780898414479773, 'hidden_size': 103, 'dropout': 0.16856259113184782, 'hidden_continuous_size': 15, 'attention_head_size': 4, 'learning_rate': 0.03198545573551222}. Best is trial 35 with value: 0.1047300323843956.
LOCAL_RANK: 0 - CUDA_VISIBLE_DEVICES: [0]
[I 2023-11-30 00:14:50,067] Trial 80 finished with value: 0.16248486936092377 and parameters: {'gradient_clip_val': 0.35467332256551926, 'hidden_size': 131, 'dropout': 0.25238055267724047, 'hidden_continuous_size': 12, 'attention_head_size': 2, 'learning_rate': 0.08713409382925903}. Best is trial 35 with value: 0.1047300323843956.
LOCAL_RANK: 0 - CUDA_VISIBLE_DEVICES: [0]
[I 2023-11-30 00:15:03,333] Trial 81 finished with value: 0.17964918911457062 and parameters: {'gradient_clip_val': 0.29584231992510174, 'hidden_size': 68, 'dropout': 0.30047081581335333, 'hidden_continuous_size': 20, 'attention_head_size': 1, 'learning_rate': 0.056819047853615634}. Best is trial 35 with value: 0.1047300323843956.
LOCAL_RANK: 0 - CUDA_VISIBLE_DEVICES: [0]
[I 2023-11-30 00:15:16,462] Trial 82 finished with value: 0.12140298634767532 and parameters: {'gradient_clip_val': 0.27844776165741, 'hidden_size': 73, 'dropout': 0.2953946266585621, 'hidden_continuous_size': 20, 'attention_head_size': 1, 'learning_rate': 0.0638863913490544}. Best is trial 35 with value: 0.1047300323843956.
LOCAL_RANK: 0 - CUDA_VISIBLE_DEVICES: [0]
[I 2023-11-30 00:15:29,795] Trial 83 finished with value: 0.16726677119731903 and parameters: {'gradient_clip_val': 0.2587239501138872, 'hidden_size': 79, 'dropout': 0.2924176255991898, 'hidden_continuous_size': 25, 'attention_head_size': 1, 'learning_rate': 0.06643381248392093}. Best is trial 35 with value: 0.1047300323843956.
LOCAL_RANK: 0 - CUDA_VISIBLE_DEVICES: [0]
[I 2023-11-30 00:15:43,012] Trial 84 finished with value: 0.13341088593006134 and parameters: {'gradient_clip_val': 0.27981907435378495, 'hidden_size': 60, 'dropout': 0.30884634423153867, 'hidden_continuous_size': 22, 'attention_head_size': 1, 'learning_rate': 0.05226923647871007}. Best is trial 35 with value: 0.1047300323843956.
LOCAL_RANK: 0 - CUDA_VISIBLE_DEVICES: [0]
[I 2023-11-30 00:15:56,291] Trial 85 finished with value: 0.13192029297351837 and parameters: {'gradient_clip_val': 0.24389644099731306, 'hidden_size': 75, 'dropout': 0.27202443363540113, 'hidden_continuous_size': 18, 'attention_head_size': 1, 'learning_rate': 0.07724165336732541}. Best is trial 35 with value: 0.1047300323843956.
LOCAL_RANK: 0 - CUDA_VISIBLE_DEVICES: [0]
[I 2023-11-30 00:16:09,505] Trial 86 finished with value: 0.15732628107070923 and parameters: {'gradient_clip_val': 0.5895219018513856, 'hidden_size': 66, 'dropout': 0.28026720757668516, 'hidden_continuous_size': 17, 'attention_head_size': 1, 'learning_rate': 0.09938653377467858}. Best is trial 35 with value: 0.1047300323843956.
LOCAL_RANK: 0 - CUDA_VISIBLE_DEVICES: [0]
[I 2023-11-30 00:16:22,969] Trial 87 finished with value: 0.1318926215171814 and parameters: {'gradient_clip_val': 0.27130240979507686, 'hidden_size': 86, 'dropout': 0.2852632492082771, 'hidden_continuous_size': 19, 'attention_head_size': 4, 'learning_rate': 0.03720846294855391}. Best is trial 35 with value: 0.1047300323843956.
LOCAL_RANK: 0 - CUDA_VISIBLE_DEVICES: [0]
[I 2023-11-30 00:16:36,342] Trial 88 finished with value: 0.17246341705322266 and parameters: {'gradient_clip_val': 0.3795952624158895, 'hidden_size': 96, 'dropout': 0.22370407423002747, 'hidden_continuous_size': 16, 'attention_head_size': 4, 'learning_rate': 0.047835772146927934}. Best is trial 35 with value: 0.1047300323843956.
LOCAL_RANK: 0 - CUDA_VISIBLE_DEVICES: [0]
[I 2023-11-30 00:16:49,133] Trial 89 finished with value: 0.17582257091999054 and parameters: {'gradient_clip_val': 0.3071172279030368, 'hidden_size': 50, 'dropout': 0.23658715903421018, 'hidden_continuous_size': 19, 'attention_head_size': 1, 'learning_rate': 0.06451994260772004}. Best is trial 35 with value: 0.1047300323843956.
LOCAL_RANK: 0 - CUDA_VISIBLE_DEVICES: [0]
[I 2023-11-30 00:17:02,163] Trial 90 finished with value: 0.16593164205551147 and parameters: {'gradient_clip_val': 0.5641025252233339, 'hidden_size': 60, 'dropout': 0.2647585187376574, 'hidden_continuous_size': 21, 'attention_head_size': 3, 'learning_rate': 0.08399795650194788}. Best is trial 35 with value: 0.1047300323843956.
LOCAL_RANK: 0 - CUDA_VISIBLE_DEVICES: [0]
[I 2023-11-30 00:17:15,823] Trial 91 finished with value: 0.12779231369495392 and parameters: {'gradient_clip_val': 0.27242704061852696, 'hidden_size': 82, 'dropout': 0.28896155735339046, 'hidden_continuous_size': 19, 'attention_head_size': 4, 'learning_rate': 0.04242444408274349}. Best is trial 35 with value: 0.1047300323843956.
LOCAL_RANK: 0 - CUDA_VISIBLE_DEVICES: [0]
[I 2023-11-30 00:17:29,343] Trial 92 finished with value: 0.3300745487213135 and parameters: {'gradient_clip_val': 0.3341874154558305, 'hidden_size': 80, 'dropout': 0.28392411023695757, 'hidden_continuous_size': 18, 'attention_head_size': 4, 'learning_rate': 0.05715010766055549}. Best is trial 35 with value: 0.1047300323843956.
LOCAL_RANK: 0 - CUDA_VISIBLE_DEVICES: [0]
[I 2023-11-30 00:17:42,861] Trial 93 finished with value: 0.297526478767395 and parameters: {'gradient_clip_val': 0.2324282753658856, 'hidden_size': 71, 'dropout': 0.2949877983447766, 'hidden_continuous_size': 20, 'attention_head_size': 4, 'learning_rate': 0.07794482971162746}. Best is trial 35 with value: 0.1047300323843956.
LOCAL_RANK: 0 - CUDA_VISIBLE_DEVICES: [0]
[I 2023-11-30 00:17:56,956] Trial 94 finished with value: 0.12494093924760818 and parameters: {'gradient_clip_val': 0.3622524733412992, 'hidden_size': 141, 'dropout': 0.27431219908787563, 'hidden_continuous_size': 14, 'attention_head_size': 4, 'learning_rate': 0.044002550233282756}. Best is trial 35 with value: 0.1047300323843956.
LOCAL_RANK: 0 - CUDA_VISIBLE_DEVICES: [0]
[I 2023-11-30 00:18:11,076] Trial 95 finished with value: 0.30003562569618225 and parameters: {'gradient_clip_val': 0.294951253991527, 'hidden_size': 142, 'dropout': 0.2755979755176958, 'hidden_continuous_size': 14, 'attention_head_size': 4, 'learning_rate': 0.0436764234380567}. Best is trial 35 with value: 0.1047300323843956.
LOCAL_RANK: 0 - CUDA_VISIBLE_DEVICES: [0]
[I 2023-11-30 00:18:25,063] Trial 96 finished with value: 0.12923890352249146 and parameters: {'gradient_clip_val': 0.3132142465316556, 'hidden_size': 125, 'dropout': 0.2875673511981873, 'hidden_continuous_size': 15, 'attention_head_size': 4, 'learning_rate': 0.050690909125175765}. Best is trial 35 with value: 0.1047300323843956.
LOCAL_RANK: 0 - CUDA_VISIBLE_DEVICES: [0]
[I 2023-11-30 00:18:39,393] Trial 97 finished with value: 0.1987677365541458 and parameters: {'gradient_clip_val': 0.27568111236729087, 'hidden_size': 150, 'dropout': 0.2705496221180818, 'hidden_continuous_size': 24, 'attention_head_size': 4, 'learning_rate': 0.038596580768081104}. Best is trial 35 with value: 0.1047300323843956.
LOCAL_RANK: 0 - CUDA_VISIBLE_DEVICES: [0]
[I 2023-11-30 00:18:53,083] Trial 98 finished with value: 0.2338554859161377 and parameters: {'gradient_clip_val': 0.3621294873611966, 'hidden_size': 111, 'dropout': 0.29686479959386497, 'hidden_continuous_size': 17, 'attention_head_size': 4, 'learning_rate': 0.06702077011161098}. Best is trial 35 with value: 0.1047300323843956.
LOCAL_RANK: 0 - CUDA_VISIBLE_DEVICES: [0]
[I 2023-11-30 00:19:07,096] Trial 99 finished with value: 0.192086860537529 and parameters: {'gradient_clip_val': 0.3317112727912826, 'hidden_size': 141, 'dropout': 0.26136427306040677, 'hidden_continuous_size': 22, 'attention_head_size': 4, 'learning_rate': 0.04462499516416662}. Best is trial 35 with value: 0.1047300323843956.
LOCAL_RANK: 0 - CUDA_VISIBLE_DEVICES: [0]
[I 2023-11-30 00:19:21,060] Trial 100 finished with value: 0.12186945229768753 and parameters: {'gradient_clip_val': 0.39087322222053533, 'hidden_size': 119, 'dropout': 0.254025399096766, 'hidden_continuous_size': 27, 'attention_head_size': 4, 'learning_rate': 0.03426133230116158}. Best is trial 35 with value: 0.1047300323843956.
LOCAL_RANK: 0 - CUDA_VISIBLE_DEVICES: [0]
[I 2023-11-30 00:19:34,960] Trial 101 finished with value: 0.19888858497142792 and parameters: {'gradient_clip_val': 0.3841014423235205, 'hidden_size': 115, 'dropout': 0.2561847849676661, 'hidden_continuous_size': 27, 'attention_head_size': 4, 'learning_rate': 0.03358356747605949}. Best is trial 35 with value: 0.1047300323843956.
LOCAL_RANK: 0 - CUDA_VISIBLE_DEVICES: [0]
[I 2023-11-30 00:19:48,647] Trial 102 finished with value: 0.13006286323070526 and parameters: {'gradient_clip_val': 0.417543996301573, 'hidden_size': 103, 'dropout': 0.2745115112189747, 'hidden_continuous_size': 24, 'attention_head_size': 4, 'learning_rate': 0.029151306086252885}. Best is trial 35 with value: 0.1047300323843956.
LOCAL_RANK: 0 - CUDA_VISIBLE_DEVICES: [0]
[I 2023-11-30 00:20:02,428] Trial 103 finished with value: 0.380012184381485 and parameters: {'gradient_clip_val': 0.35571183297010756, 'hidden_size': 120, 'dropout': 0.24948066267756203, 'hidden_continuous_size': 30, 'attention_head_size': 4, 'learning_rate': 0.04001381610082379}. Best is trial 35 with value: 0.1047300323843956.
LOCAL_RANK: 0 - CUDA_VISIBLE_DEVICES: [0]
