[I 2023-11-30 04:42:58,578] Trial 114 finished with value: 0.09808874875307083 and parameters: {'gradient_clip_val': 0.806613142865565, 'hidden_size': 61, 'dropout': 0.27194023271525436, 'hidden_continuous_size': 46, 'attention_head_size': 4, 'learning_rate': 0.042240836874451}. Best is trial 96 with value: 0.06743515282869339.
LOCAL_RANK: 0 - CUDA_VISIBLE_DEVICES: [0]
[I 2023-11-30 04:43:12,664] Trial 115 finished with value: 0.09037782996892929 and parameters: {'gradient_clip_val': 0.8595738906576087, 'hidden_size': 79, 'dropout': 0.3025223670861783, 'hidden_continuous_size': 50, 'attention_head_size': 4, 'learning_rate': 0.0537566414062679}. Best is trial 96 with value: 0.06743515282869339.
LOCAL_RANK: 0 - CUDA_VISIBLE_DEVICES: [0]
[I 2023-11-30 04:43:26,410] Trial 116 finished with value: 0.08805885165929794 and parameters: {'gradient_clip_val': 0.9582303297816063, 'hidden_size': 70, 'dropout': 0.31290443133645596, 'hidden_continuous_size': 48, 'attention_head_size': 4, 'learning_rate': 0.04576749006806297}. Best is trial 96 with value: 0.06743515282869339.
LOCAL_RANK: 0 - CUDA_VISIBLE_DEVICES: [0]
[I 2023-11-30 04:43:40,331] Trial 117 finished with value: 0.11674394458532333 and parameters: {'gradient_clip_val': 0.7932565797764488, 'hidden_size': 71, 'dropout': 0.3245474615488625, 'hidden_continuous_size': 54, 'attention_head_size': 2, 'learning_rate': 0.06334611020539169}. Best is trial 96 with value: 0.06743515282869339.
LOCAL_RANK: 0 - CUDA_VISIBLE_DEVICES: [0]
[I 2023-11-30 04:43:54,387] Trial 118 finished with value: 0.1946793794631958 and parameters: {'gradient_clip_val': 0.6714383359806901, 'hidden_size': 97, 'dropout': 0.28116607839348207, 'hidden_continuous_size': 39, 'attention_head_size': 4, 'learning_rate': 0.030122710094404866}. Best is trial 96 with value: 0.06743515282869339.
LOCAL_RANK: 0 - CUDA_VISIBLE_DEVICES: [0]
[I 2023-11-30 04:44:08,187] Trial 119 finished with value: 0.10794094949960709 and parameters: {'gradient_clip_val': 0.9144831205882893, 'hidden_size': 86, 'dropout': 0.2937757239611834, 'hidden_continuous_size': 44, 'attention_head_size': 3, 'learning_rate': 0.039888825473652086}. Best is trial 96 with value: 0.06743515282869339.
LOCAL_RANK: 0 - CUDA_VISIBLE_DEVICES: [0]
[I 2023-11-30 04:44:21,864] Trial 120 finished with value: 0.10956185311079025 and parameters: {'gradient_clip_val': 0.836126463102206, 'hidden_size': 67, 'dropout': 0.30933518676865196, 'hidden_continuous_size': 47, 'attention_head_size': 4, 'learning_rate': 0.07968710489869743}. Best is trial 96 with value: 0.06743515282869339.
LOCAL_RANK: 0 - CUDA_VISIBLE_DEVICES: [0]
[I 2023-11-30 04:44:35,576] Trial 121 finished with value: 0.10318406671285629 and parameters: {'gradient_clip_val': 0.7166409437537541, 'hidden_size': 74, 'dropout': 0.3179721142989388, 'hidden_continuous_size': 51, 'attention_head_size': 4, 'learning_rate': 0.06854897673421939}. Best is trial 96 with value: 0.06743515282869339.
LOCAL_RANK: 0 - CUDA_VISIBLE_DEVICES: [0]
[I 2023-11-30 04:44:49,410] Trial 122 finished with value: 0.0730985775589943 and parameters: {'gradient_clip_val': 0.7713212802882929, 'hidden_size': 109, 'dropout': 0.3320617782998658, 'hidden_continuous_size': 14, 'attention_head_size': 4, 'learning_rate': 0.04802555115242472}. Best is trial 96 with value: 0.06743515282869339.
LOCAL_RANK: 0 - CUDA_VISIBLE_DEVICES: [0]
[I 2023-11-30 04:45:03,160] Trial 123 finished with value: 0.0962759479880333 and parameters: {'gradient_clip_val': 0.8641963130557516, 'hidden_size': 99, 'dropout': 0.32347871704099657, 'hidden_continuous_size': 14, 'attention_head_size': 4, 'learning_rate': 0.04859790445024752}. Best is trial 96 with value: 0.06743515282869339.
LOCAL_RANK: 0 - CUDA_VISIBLE_DEVICES: [0]
[I 2023-11-30 04:45:17,097] Trial 124 finished with value: 0.0943402573466301 and parameters: {'gradient_clip_val': 0.7668968952209884, 'hidden_size': 109, 'dropout': 0.29887140423906794, 'hidden_continuous_size': 56, 'attention_head_size': 4, 'learning_rate': 0.058678234520667824}. Best is trial 96 with value: 0.06743515282869339.
LOCAL_RANK: 0 - CUDA_VISIBLE_DEVICES: [0]
[I 2023-11-30 04:45:30,519] Trial 125 finished with value: 0.13271252810955048 and parameters: {'gradient_clip_val': 0.641053134561032, 'hidden_size': 80, 'dropout': 0.31477311928355184, 'hidden_continuous_size': 14, 'attention_head_size': 4, 'learning_rate': 0.03633967496255964}. Best is trial 96 with value: 0.06743515282869339.
LOCAL_RANK: 0 - CUDA_VISIBLE_DEVICES: [0]
[I 2023-11-30 04:45:43,923] Trial 126 finished with value: 0.11723385006189346 and parameters: {'gradient_clip_val': 0.8062966538149483, 'hidden_size': 89, 'dropout': 0.3360291687980346, 'hidden_continuous_size': 13, 'attention_head_size': 4, 'learning_rate': 0.05411173945827991}. Best is trial 96 with value: 0.06743515282869339.
LOCAL_RANK: 0 - CUDA_VISIBLE_DEVICES: [0]
[I 2023-11-30 04:45:58,205] Trial 127 finished with value: 0.05757267773151398 and parameters: {'gradient_clip_val': 0.6931987355068264, 'hidden_size': 102, 'dropout': 0.30699735306234593, 'hidden_continuous_size': 57, 'attention_head_size': 3, 'learning_rate': 0.06521915573282779}. Best is trial 127 with value: 0.05757267773151398.
LOCAL_RANK: 0 - CUDA_VISIBLE_DEVICES: [0]
[I 2023-11-30 04:46:12,269] Trial 128 finished with value: 0.10801732540130615 and parameters: {'gradient_clip_val': 0.6824928245143669, 'hidden_size': 115, 'dropout': 0.2670440587421996, 'hidden_continuous_size': 61, 'attention_head_size': 4, 'learning_rate': 0.06730127261874998}. Best is trial 127 with value: 0.05757267773151398.
LOCAL_RANK: 0 - CUDA_VISIBLE_DEVICES: [0]
[I 2023-11-30 04:46:26,228] Trial 129 finished with value: 0.07144542783498764 and parameters: {'gradient_clip_val': 0.7451364428921458, 'hidden_size': 105, 'dropout': 0.2764860442167376, 'hidden_continuous_size': 49, 'attention_head_size': 3, 'learning_rate': 0.048171098208098166}. Best is trial 127 with value: 0.05757267773151398.
LOCAL_RANK: 0 - CUDA_VISIBLE_DEVICES: [0]
[I 2023-11-30 04:46:40,114] Trial 130 finished with value: 0.1171170175075531 and parameters: {'gradient_clip_val': 0.7178696782369911, 'hidden_size': 94, 'dropout': 0.2776603856185797, 'hidden_continuous_size': 50, 'attention_head_size': 3, 'learning_rate': 0.09454306900642218}. Best is trial 127 with value: 0.05757267773151398.
LOCAL_RANK: 0 - CUDA_VISIBLE_DEVICES: [0]
[I 2023-11-30 04:46:54,014] Trial 131 finished with value: 0.12205850332975388 and parameters: {'gradient_clip_val': 0.6042486202877311, 'hidden_size': 107, 'dropout': 0.2585489419155137, 'hidden_continuous_size': 59, 'attention_head_size': 3, 'learning_rate': 0.04692060739796836}. Best is trial 127 with value: 0.05757267773151398.
LOCAL_RANK: 0 - CUDA_VISIBLE_DEVICES: [0]
[I 2023-11-30 04:47:08,051] Trial 132 finished with value: 0.09822982549667358 and parameters: {'gradient_clip_val': 0.751413035536651, 'hidden_size': 101, 'dropout': 0.27491733074936675, 'hidden_continuous_size': 53, 'attention_head_size': 3, 'learning_rate': 0.06259567641504879}. Best is trial 127 with value: 0.05757267773151398.
LOCAL_RANK: 0 - CUDA_VISIBLE_DEVICES: [0]
[I 2023-11-30 04:47:21,855] Trial 133 finished with value: 0.10138056427240372 and parameters: {'gradient_clip_val': 0.6848170081577712, 'hidden_size': 103, 'dropout': 0.2865443201400154, 'hidden_continuous_size': 46, 'attention_head_size': 3, 'learning_rate': 0.05218940394405885}. Best is trial 127 with value: 0.05757267773151398.
LOCAL_RANK: 0 - CUDA_VISIBLE_DEVICES: [0]
[I 2023-11-30 04:47:35,697] Trial 134 finished with value: 0.10628348588943481 and parameters: {'gradient_clip_val': 0.5220037097754976, 'hidden_size': 111, 'dropout': 0.3056665968244046, 'hidden_continuous_size': 42, 'attention_head_size': 3, 'learning_rate': 0.08095832323621788}. Best is trial 127 with value: 0.05757267773151398.
LOCAL_RANK: 0 - CUDA_VISIBLE_DEVICES: [0]
[I 2023-11-30 04:47:49,473] Trial 135 finished with value: 0.10182543843984604 and parameters: {'gradient_clip_val': 0.6503453729187062, 'hidden_size': 96, 'dropout': 0.29119588352275405, 'hidden_continuous_size': 49, 'attention_head_size': 4, 'learning_rate': 0.04196806736704078}. Best is trial 127 with value: 0.05757267773151398.
LOCAL_RANK: 0 - CUDA_VISIBLE_DEVICES: [0]
[I 2023-11-30 04:48:03,269] Trial 136 finished with value: 0.16034944355487823 and parameters: {'gradient_clip_val': 0.6127853177417478, 'hidden_size': 86, 'dropout': 0.3277467167864731, 'hidden_continuous_size': 48, 'attention_head_size': 3, 'learning_rate': 0.04861851285477738}. Best is trial 127 with value: 0.05757267773151398.
LOCAL_RANK: 0 - CUDA_VISIBLE_DEVICES: [0]
[I 2023-11-30 04:48:17,404] Trial 137 finished with value: 0.095639169216156 and parameters: {'gradient_clip_val': 0.7312975260043546, 'hidden_size': 120, 'dropout': 0.2670133185179747, 'hidden_continuous_size': 36, 'attention_head_size': 4, 'learning_rate': 0.06520165526089118}. Best is trial 127 with value: 0.05757267773151398.
LOCAL_RANK: 0 - CUDA_VISIBLE_DEVICES: [0]
[I 2023-11-30 04:48:31,284] Trial 138 finished with value: 0.2077382206916809 and parameters: {'gradient_clip_val': 0.7817686055145409, 'hidden_size': 93, 'dropout': 0.24564644272314454, 'hidden_continuous_size': 40, 'attention_head_size': 4, 'learning_rate': 0.009780432575510518}. Best is trial 127 with value: 0.05757267773151398.
LOCAL_RANK: 0 - CUDA_VISIBLE_DEVICES: [0]
[I 2023-11-30 04:48:45,111] Trial 139 finished with value: 0.16699755191802979 and parameters: {'gradient_clip_val': 0.5546777660596629, 'hidden_size': 100, 'dropout': 0.3149335103323523, 'hidden_continuous_size': 63, 'attention_head_size': 3, 'learning_rate': 0.07610359737820696}. Best is trial 127 with value: 0.05757267773151398.
LOCAL_RANK: 0 - CUDA_VISIBLE_DEVICES: [0]
[I 2023-11-30 04:48:58,819] Trial 140 finished with value: 0.0921052098274231 and parameters: {'gradient_clip_val': 0.48509769201461983, 'hidden_size': 90, 'dropout': 0.29602489727339737, 'hidden_continuous_size': 54, 'attention_head_size': 2, 'learning_rate': 0.05611332715338673}. Best is trial 127 with value: 0.05757267773151398.
LOCAL_RANK: 0 - CUDA_VISIBLE_DEVICES: [0]
[I 2023-11-30 04:49:12,634] Trial 141 finished with value: 0.11635402590036392 and parameters: {'gradient_clip_val': 0.88462745765447, 'hidden_size': 116, 'dropout': 0.3028613747107588, 'hidden_continuous_size': 16, 'attention_head_size': 3, 'learning_rate': 0.059927310132647404}. Best is trial 127 with value: 0.05757267773151398.
LOCAL_RANK: 0 - CUDA_VISIBLE_DEVICES: [0]
[I 2023-11-30 04:49:26,314] Trial 142 finished with value: 0.23790650069713593 and parameters: {'gradient_clip_val': 0.9350816453695374, 'hidden_size': 78, 'dropout': 0.32080482777859226, 'hidden_continuous_size': 44, 'attention_head_size': 3, 'learning_rate': 0.014641087698653221}. Best is trial 127 with value: 0.05757267773151398.
LOCAL_RANK: 0 - CUDA_VISIBLE_DEVICES: [0]
[I 2023-11-30 04:49:40,174] Trial 143 finished with value: 0.10559041053056717 and parameters: {'gradient_clip_val': 0.8352295554121307, 'hidden_size': 83, 'dropout': 0.3117455656937878, 'hidden_continuous_size': 52, 'attention_head_size': 3, 'learning_rate': 0.06954630893474584}. Best is trial 127 with value: 0.05757267773151398.
LOCAL_RANK: 0 - CUDA_VISIBLE_DEVICES: [0]
[I 2023-11-30 04:49:53,799] Trial 144 finished with value: 0.0980955958366394 and parameters: {'gradient_clip_val': 0.7764258610322887, 'hidden_size': 106, 'dropout': 0.30570151622115826, 'hidden_continuous_size': 12, 'attention_head_size': 3, 'learning_rate': 0.04453383498090406}. Best is trial 127 with value: 0.05757267773151398.
LOCAL_RANK: 0 - CUDA_VISIBLE_DEVICES: [0]
[I 2023-11-30 04:50:07,172] Trial 145 finished with value: 0.09877946227788925 and parameters: {'gradient_clip_val': 0.6987904179699199, 'hidden_size': 64, 'dropout': 0.282640847013255, 'hidden_continuous_size': 24, 'attention_head_size': 3, 'learning_rate': 0.0844023737751867}. Best is trial 127 with value: 0.05757267773151398.
LOCAL_RANK: 0 - CUDA_VISIBLE_DEVICES: [0]
[I 2023-11-30 04:50:20,488] Trial 146 finished with value: 0.08479809761047363 and parameters: {'gradient_clip_val': 0.576103665704696, 'hidden_size': 60, 'dropout': 0.299952436660126, 'hidden_continuous_size': 49, 'attention_head_size': 1, 'learning_rate': 0.05918985688647457}. Best is trial 127 with value: 0.05757267773151398.
LOCAL_RANK: 0 - CUDA_VISIBLE_DEVICES: [0]
[I 2023-11-30 04:50:34,246] Trial 147 finished with value: 0.09723033756017685 and parameters: {'gradient_clip_val': 0.8163940089141113, 'hidden_size': 74, 'dropout': 0.2903756753387997, 'hidden_continuous_size': 52, 'attention_head_size': 4, 'learning_rate': 0.051093695860924354}. Best is trial 127 with value: 0.05757267773151398.
LOCAL_RANK: 0 - CUDA_VISIBLE_DEVICES: [0]
[I 2023-11-30 04:50:48,114] Trial 148 finished with value: 0.09796420484781265 and parameters: {'gradient_clip_val': 0.8942383960250813, 'hidden_size': 128, 'dropout': 0.330490226539741, 'hidden_continuous_size': 38, 'attention_head_size': 3, 'learning_rate': 0.024478964609012784}. Best is trial 127 with value: 0.05757267773151398.
LOCAL_RANK: 0 - CUDA_VISIBLE_DEVICES: [0]
[I 2023-11-30 04:51:02,108] Trial 149 finished with value: 0.14607368409633636 and parameters: {'gradient_clip_val': 0.7505899614905481, 'hidden_size': 112, 'dropout': 0.27494478937786954, 'hidden_continuous_size': 40, 'attention_head_size': 4, 'learning_rate': 0.039056737235938985}. Best is trial 127 with value: 0.05757267773151398.
[I 2023-11-30 04:51:02,220] A new study created in memory with name: no-name-8a590a56-768c-4cc8-bfbe-566150870daa
/home/le004/conda/anaconda3/envs/tsff_env/lib/python3.9/site-packages/lightning/fabric/plugins/environments/slurm.py:191: The `srun` command is available on your system but is not used. HINT: If your intention is to run Lightning on SLURM, prepend your python command with `srun` like so: srun python /home/le004/master_thesis/git/TSFusionForecast/code/ ...
LOCAL_RANK: 0 - CUDA_VISIBLE_DEVICES: [0]
[I 2023-11-30 04:51:15,574] Trial 0 finished with value: 2.515594482421875 and parameters: {'gradient_clip_val': 0.14910440968726815, 'hidden_size': 79, 'dropout': 0.3332526065383222, 'hidden_continuous_size': 14, 'attention_head_size': 3, 'learning_rate': 0.0015335922500982696}. Best is trial 0 with value: 2.515594482421875.
LOCAL_RANK: 0 - CUDA_VISIBLE_DEVICES: [0]
[I 2023-11-30 04:51:27,827] Trial 1 finished with value: 0.6055261492729187 and parameters: {'gradient_clip_val': 0.8127608273817448, 'hidden_size': 15, 'dropout': 0.3693030503690845, 'hidden_continuous_size': 12, 'attention_head_size': 3, 'learning_rate': 0.0503833165059036}. Best is trial 1 with value: 0.6055261492729187.
LOCAL_RANK: 0 - CUDA_VISIBLE_DEVICES: [0]
[I 2023-11-30 04:51:40,746] Trial 2 finished with value: 0.7832650542259216 and parameters: {'gradient_clip_val': 0.5109993556751634, 'hidden_size': 92, 'dropout': 0.38024653167213174, 'hidden_continuous_size': 10, 'attention_head_size': 1, 'learning_rate': 0.002542410844019442}. Best is trial 1 with value: 0.6055261492729187.
LOCAL_RANK: 0 - CUDA_VISIBLE_DEVICES: [0]
[I 2023-11-30 04:51:54,990] Trial 3 finished with value: 0.3982768952846527 and parameters: {'gradient_clip_val': 0.599856274296011, 'hidden_size': 122, 'dropout': 0.19978540538410294, 'hidden_continuous_size': 70, 'attention_head_size': 3, 'learning_rate': 0.013914273971451615}. Best is trial 3 with value: 0.3982768952846527.
LOCAL_RANK: 0 - CUDA_VISIBLE_DEVICES: [0]
[I 2023-11-30 04:52:07,242] Trial 4 finished with value: 3.178560972213745 and parameters: {'gradient_clip_val': 0.31166564936881724, 'hidden_size': 13, 'dropout': 0.3008453704149424, 'hidden_continuous_size': 12, 'attention_head_size': 3, 'learning_rate': 0.0012010964287775486}. Best is trial 3 with value: 0.3982768952846527.
LOCAL_RANK: 0 - CUDA_VISIBLE_DEVICES: [0]
[I 2023-11-30 04:52:20,659] Trial 5 finished with value: 0.8821404576301575 and parameters: {'gradient_clip_val': 0.1762172439656455, 'hidden_size': 54, 'dropout': 0.13881994911280532, 'hidden_continuous_size': 31, 'attention_head_size': 2, 'learning_rate': 0.0692276704974573}. Best is trial 3 with value: 0.3982768952846527.
LOCAL_RANK: 0 - CUDA_VISIBLE_DEVICES: [0]
[I 2023-11-30 04:52:33,000] Trial 6 finished with value: 1.6928534507751465 and parameters: {'gradient_clip_val': 0.34574157548017415, 'hidden_size': 26, 'dropout': 0.12768914538511222, 'hidden_continuous_size': 14, 'attention_head_size': 2, 'learning_rate': 0.005303087048896605}. Best is trial 3 with value: 0.3982768952846527.
LOCAL_RANK: 0 - CUDA_VISIBLE_DEVICES: [0]
[I 2023-11-30 04:52:46,518] Trial 7 finished with value: 0.5695135593414307 and parameters: {'gradient_clip_val': 0.1435140149799192, 'hidden_size': 59, 'dropout': 0.27261216670117916, 'hidden_continuous_size': 27, 'attention_head_size': 4, 'learning_rate': 0.008689348535905802}. Best is trial 3 with value: 0.3982768952846527.
LOCAL_RANK: 0 - CUDA_VISIBLE_DEVICES: [0]
[I 2023-11-30 04:52:59,326] Trial 8 finished with value: 1.2474266290664673 and parameters: {'gradient_clip_val': 0.15264592174210626, 'hidden_size': 51, 'dropout': 0.20515814016338887, 'hidden_continuous_size': 12, 'attention_head_size': 4, 'learning_rate': 0.016704893881385588}. Best is trial 3 with value: 0.3982768952846527.
LOCAL_RANK: 0 - CUDA_VISIBLE_DEVICES: [0]
[I 2023-11-30 04:53:11,330] Trial 9 finished with value: 1.354486107826233 and parameters: {'gradient_clip_val': 0.27415105683840846, 'hidden_size': 12, 'dropout': 0.2985974465737259, 'hidden_continuous_size': 11, 'attention_head_size': 4, 'learning_rate': 0.018063475594555064}. Best is trial 3 with value: 0.3982768952846527.
LOCAL_RANK: 0 - CUDA_VISIBLE_DEVICES: [0]
[I 2023-11-30 04:53:25,874] Trial 10 finished with value: 0.43079838156700134 and parameters: {'gradient_clip_val': 0.9708321960313584, 'hidden_size': 147, 'dropout': 0.21595361587366754, 'hidden_continuous_size': 93, 'attention_head_size': 1, 'learning_rate': 0.028270181130562875}. Best is trial 3 with value: 0.3982768952846527.
LOCAL_RANK: 0 - CUDA_VISIBLE_DEVICES: [0]
[I 2023-11-30 04:53:40,474] Trial 11 finished with value: 0.3804914951324463 and parameters: {'gradient_clip_val': 0.9518995743132138, 'hidden_size': 134, 'dropout': 0.20986302728151615, 'hidden_continuous_size': 101, 'attention_head_size': 1, 'learning_rate': 0.03139351665911711}. Best is trial 11 with value: 0.3804914951324463.
LOCAL_RANK: 0 - CUDA_VISIBLE_DEVICES: [0]
[I 2023-11-30 04:53:55,095] Trial 12 finished with value: 0.5380620360374451 and parameters: {'gradient_clip_val': 0.6794702890328951, 'hidden_size': 149, 'dropout': 0.20546039039397335, 'hidden_continuous_size': 92, 'attention_head_size': 2, 'learning_rate': 0.09720438447629556}. Best is trial 11 with value: 0.3804914951324463.
LOCAL_RANK: 0 - CUDA_VISIBLE_DEVICES: [0]
[I 2023-11-30 04:54:08,763] Trial 13 finished with value: 0.5584093928337097 and parameters: {'gradient_clip_val': 0.6027295431830832, 'hidden_size': 104, 'dropout': 0.1646056283159765, 'hidden_continuous_size': 64, 'attention_head_size': 1, 'learning_rate': 0.039571884344949834}. Best is trial 11 with value: 0.3804914951324463.
LOCAL_RANK: 0 - CUDA_VISIBLE_DEVICES: [0]
[I 2023-11-30 04:54:22,721] Trial 14 finished with value: 0.800787627696991 and parameters: {'gradient_clip_val': 0.4823284206388361, 'hidden_size': 107, 'dropout': 0.23667831419304447, 'hidden_continuous_size': 61, 'attention_head_size': 2, 'learning_rate': 0.024139951182256186}. Best is trial 11 with value: 0.3804914951324463.
LOCAL_RANK: 0 - CUDA_VISIBLE_DEVICES: [0]
[I 2023-11-30 04:54:35,428] Trial 15 finished with value: 1.0980106592178345 and parameters: {'gradient_clip_val': 0.9862138792472602, 'hidden_size': 37, 'dropout': 0.1678607983033486, 'hidden_continuous_size': 19, 'attention_head_size': 3, 'learning_rate': 0.009855961876896633}. Best is trial 11 with value: 0.3804914951324463.
LOCAL_RANK: 0 - CUDA_VISIBLE_DEVICES: [0]
[I 2023-11-30 04:54:49,125] Trial 16 finished with value: 0.4273344576358795 and parameters: {'gradient_clip_val': 0.7366318970596264, 'hidden_size': 75, 'dropout': 0.2504994572362034, 'hidden_continuous_size': 46, 'attention_head_size': 1, 'learning_rate': 0.033884820463396484}. Best is trial 11 with value: 0.3804914951324463.
LOCAL_RANK: 0 - CUDA_VISIBLE_DEVICES: [0]
[I 2023-11-30 04:55:03,221] Trial 17 finished with value: 0.4704456031322479 and parameters: {'gradient_clip_val': 0.5025287155315272, 'hidden_size': 120, 'dropout': 0.10253227425863838, 'hidden_continuous_size': 117, 'attention_head_size': 2, 'learning_rate': 0.015906237511850396}. Best is trial 11 with value: 0.3804914951324463.
LOCAL_RANK: 0 - CUDA_VISIBLE_DEVICES: [0]
[I 2023-11-30 04:55:18,131] Trial 18 finished with value: 0.44580236077308655 and parameters: {'gradient_clip_val': 0.8263559386596253, 'hidden_size': 150, 'dropout': 0.17986316528873778, 'hidden_continuous_size': 138, 'attention_head_size': 3, 'learning_rate': 0.005575274644674171}. Best is trial 11 with value: 0.3804914951324463.
LOCAL_RANK: 0 - CUDA_VISIBLE_DEVICES: [0]
[I 2023-11-30 04:55:31,907] Trial 19 finished with value: 0.5470018982887268 and parameters: {'gradient_clip_val': 0.1054733802877441, 'hidden_size': 80, 'dropout': 0.2369015661298554, 'hidden_continuous_size': 47, 'attention_head_size': 4, 'learning_rate': 0.048316034171263685}. Best is trial 11 with value: 0.3804914951324463.
LOCAL_RANK: 0 - CUDA_VISIBLE_DEVICES: [0]
[I 2023-11-30 04:55:46,120] Trial 20 finished with value: 0.33681735396385193 and parameters: {'gradient_clip_val': 0.6051959847333822, 'hidden_size': 113, 'dropout': 0.18967255892561652, 'hidden_continuous_size': 73, 'attention_head_size': 1, 'learning_rate': 0.02223184765274921}. Best is trial 20 with value: 0.33681735396385193.
LOCAL_RANK: 0 - CUDA_VISIBLE_DEVICES: [0]
