[I 2023-11-30 04:17:35,623] Trial 149 finished with value: 2.170665979385376 and parameters: {'gradient_clip_val': 0.38646665975365724, 'hidden_size': 33, 'dropout': 0.3699915205628709, 'hidden_continuous_size': 17, 'attention_head_size': 2, 'learning_rate': 0.01688862664331604}. Best is trial 19 with value: 1.4923642873764038.
[I 2023-11-30 04:17:35,743] A new study created in memory with name: no-name-9932a100-5735-4669-a01c-911f5bc9c042
/home/le004/conda/anaconda3/envs/tsff_env/lib/python3.9/site-packages/lightning/fabric/plugins/environments/slurm.py:191: The `srun` command is available on your system but is not used. HINT: If your intention is to run Lightning on SLURM, prepend your python command with `srun` like so: srun python /home/le004/master_thesis/git/TSFusionForecast/code/ ...
LOCAL_RANK: 0 - CUDA_VISIBLE_DEVICES: [0]
[I 2023-11-30 04:17:49,624] Trial 0 finished with value: 0.1117371916770935 and parameters: {'gradient_clip_val': 0.43275539397156176, 'hidden_size': 103, 'dropout': 0.3378773920324021, 'hidden_continuous_size': 49, 'attention_head_size': 2, 'learning_rate': 0.0714857108322237}. Best is trial 0 with value: 0.1117371916770935.
LOCAL_RANK: 0 - CUDA_VISIBLE_DEVICES: [0]
[I 2023-11-30 04:18:03,137] Trial 1 finished with value: 0.40178385376930237 and parameters: {'gradient_clip_val': 0.72869485743367, 'hidden_size': 62, 'dropout': 0.20654240415167022, 'hidden_continuous_size': 54, 'attention_head_size': 2, 'learning_rate': 0.0031981427243202745}. Best is trial 0 with value: 0.1117371916770935.
LOCAL_RANK: 0 - CUDA_VISIBLE_DEVICES: [0]
[I 2023-11-30 04:18:17,096] Trial 2 finished with value: 0.21288083493709564 and parameters: {'gradient_clip_val': 0.11195908507041107, 'hidden_size': 131, 'dropout': 0.33598166769030885, 'hidden_continuous_size': 14, 'attention_head_size': 3, 'learning_rate': 0.038253689953730866}. Best is trial 0 with value: 0.1117371916770935.
LOCAL_RANK: 0 - CUDA_VISIBLE_DEVICES: [0]
[I 2023-11-30 04:18:29,254] Trial 3 finished with value: 1.380755066871643 and parameters: {'gradient_clip_val': 0.3379658278714004, 'hidden_size': 14, 'dropout': 0.2194046910456542, 'hidden_continuous_size': 10, 'attention_head_size': 1, 'learning_rate': 0.002375995715238865}. Best is trial 0 with value: 0.1117371916770935.
LOCAL_RANK: 0 - CUDA_VISIBLE_DEVICES: [0]
[I 2023-11-30 04:18:41,840] Trial 4 finished with value: 0.2917551100254059 and parameters: {'gradient_clip_val': 0.8712042815126884, 'hidden_size': 39, 'dropout': 0.3898379161575293, 'hidden_continuous_size': 19, 'attention_head_size': 2, 'learning_rate': 0.009141071059934404}. Best is trial 0 with value: 0.1117371916770935.
LOCAL_RANK: 0 - CUDA_VISIBLE_DEVICES: [0]
[I 2023-11-30 04:18:52,097] Trial 5 finished with value: 1.5447721481323242 and parameters: {'gradient_clip_val': 0.3633034260540264, 'hidden_size': 10, 'dropout': 0.34956600001095095, 'hidden_continuous_size': 10, 'attention_head_size': 2, 'learning_rate': 0.0034103215627449297}. Best is trial 0 with value: 0.1117371916770935.
LOCAL_RANK: 0 - CUDA_VISIBLE_DEVICES: [0]
[I 2023-11-30 04:19:05,278] Trial 6 finished with value: 0.23674960434436798 and parameters: {'gradient_clip_val': 0.3798028479314748, 'hidden_size': 57, 'dropout': 0.3909310142294331, 'hidden_continuous_size': 21, 'attention_head_size': 4, 'learning_rate': 0.012265985171343608}. Best is trial 0 with value: 0.1117371916770935.
LOCAL_RANK: 0 - CUDA_VISIBLE_DEVICES: [0]
[I 2023-11-30 04:19:19,403] Trial 7 finished with value: 0.5860555768013 and parameters: {'gradient_clip_val': 0.3428059139768658, 'hidden_size': 146, 'dropout': 0.25428466528639915, 'hidden_continuous_size': 42, 'attention_head_size': 1, 'learning_rate': 0.0010158791970380316}. Best is trial 0 with value: 0.1117371916770935.
LOCAL_RANK: 0 - CUDA_VISIBLE_DEVICES: [0]
[I 2023-11-30 04:19:31,850] Trial 8 finished with value: 0.383293479681015 and parameters: {'gradient_clip_val': 0.8617351773268604, 'hidden_size': 64, 'dropout': 0.11014134436159004, 'hidden_continuous_size': 10, 'attention_head_size': 1, 'learning_rate': 0.0057101790974335275}. Best is trial 0 with value: 0.1117371916770935.
LOCAL_RANK: 0 - CUDA_VISIBLE_DEVICES: [0]
[I 2023-11-30 04:19:45,804] Trial 9 finished with value: 0.11336507648229599 and parameters: {'gradient_clip_val': 0.20293377570397395, 'hidden_size': 128, 'dropout': 0.3993605670692787, 'hidden_continuous_size': 19, 'attention_head_size': 4, 'learning_rate': 0.017239081108980037}. Best is trial 0 with value: 0.1117371916770935.
LOCAL_RANK: 0 - CUDA_VISIBLE_DEVICES: [0]
[I 2023-11-30 04:19:58,020] Trial 10 finished with value: 0.09732282906770706 and parameters: {'gradient_clip_val': 0.4913910265417232, 'hidden_size': 23, 'dropout': 0.29360298195942713, 'hidden_continuous_size': 15, 'attention_head_size': 3, 'learning_rate': 0.07999130374033031}. Best is trial 10 with value: 0.09732282906770706.
LOCAL_RANK: 0 - CUDA_VISIBLE_DEVICES: [0]
[I 2023-11-30 04:20:10,250] Trial 11 finished with value: 0.18881869316101074 and parameters: {'gradient_clip_val': 0.508822158476918, 'hidden_size': 22, 'dropout': 0.300765426376973, 'hidden_continuous_size': 13, 'attention_head_size': 3, 'learning_rate': 0.07970010658741869}. Best is trial 10 with value: 0.09732282906770706.
LOCAL_RANK: 0 - CUDA_VISIBLE_DEVICES: [0]
[I 2023-11-30 04:20:22,565] Trial 12 finished with value: 0.10625803470611572 and parameters: {'gradient_clip_val': 0.5450765479394418, 'hidden_size': 26, 'dropout': 0.29816758280815103, 'hidden_continuous_size': 17, 'attention_head_size': 3, 'learning_rate': 0.09993164761718466}. Best is trial 10 with value: 0.09732282906770706.
LOCAL_RANK: 0 - CUDA_VISIBLE_DEVICES: [0]
[I 2023-11-30 04:20:34,876] Trial 13 finished with value: 0.13252688944339752 and parameters: {'gradient_clip_val': 0.6115566314785632, 'hidden_size': 25, 'dropout': 0.28024673868698624, 'hidden_continuous_size': 16, 'attention_head_size': 3, 'learning_rate': 0.09881356883994241}. Best is trial 10 with value: 0.09732282906770706.
LOCAL_RANK: 0 - CUDA_VISIBLE_DEVICES: [0]
[I 2023-11-30 04:20:47,216] Trial 14 finished with value: 0.2683486044406891 and parameters: {'gradient_clip_val': 0.5930702364534285, 'hidden_size': 22, 'dropout': 0.2901606206192989, 'hidden_continuous_size': 16, 'attention_head_size': 4, 'learning_rate': 0.03969554560713376}. Best is trial 10 with value: 0.09732282906770706.
LOCAL_RANK: 0 - CUDA_VISIBLE_DEVICES: [0]
[I 2023-11-30 04:20:59,853] Trial 15 finished with value: 0.15493540465831757 and parameters: {'gradient_clip_val': 0.980490882375797, 'hidden_size': 31, 'dropout': 0.24301905979144597, 'hidden_continuous_size': 22, 'attention_head_size': 3, 'learning_rate': 0.03848392670945877}. Best is trial 10 with value: 0.09732282906770706.
LOCAL_RANK: 0 - CUDA_VISIBLE_DEVICES: [0]
[I 2023-11-30 04:21:12,024] Trial 16 finished with value: 0.24157924950122833 and parameters: {'gradient_clip_val': 0.5116553941391132, 'hidden_size': 17, 'dropout': 0.30976045395206464, 'hidden_continuous_size': 11, 'attention_head_size': 3, 'learning_rate': 0.0558804277062781}. Best is trial 10 with value: 0.09732282906770706.
LOCAL_RANK: 0 - CUDA_VISIBLE_DEVICES: [0]
[I 2023-11-30 04:21:24,610] Trial 17 finished with value: 0.10327151417732239 and parameters: {'gradient_clip_val': 0.24429733418936658, 'hidden_size': 35, 'dropout': 0.25931298502067, 'hidden_continuous_size': 13, 'attention_head_size': 4, 'learning_rate': 0.0996061830316161}. Best is trial 10 with value: 0.09732282906770706.
LOCAL_RANK: 0 - CUDA_VISIBLE_DEVICES: [0]
[I 2023-11-30 04:21:37,226] Trial 18 finished with value: 0.2502388060092926 and parameters: {'gradient_clip_val': 0.25457612363671805, 'hidden_size': 39, 'dropout': 0.19080390406312098, 'hidden_continuous_size': 13, 'attention_head_size': 4, 'learning_rate': 0.0242942331895965}. Best is trial 10 with value: 0.09732282906770706.
LOCAL_RANK: 0 - CUDA_VISIBLE_DEVICES: [0]
[I 2023-11-30 04:21:49,932] Trial 19 finished with value: 0.10910459607839584 and parameters: {'gradient_clip_val': 0.26199404957890393, 'hidden_size': 33, 'dropout': 0.2522489154013349, 'hidden_continuous_size': 12, 'attention_head_size': 4, 'learning_rate': 0.04967916380041071}. Best is trial 10 with value: 0.09732282906770706.
LOCAL_RANK: 0 - CUDA_VISIBLE_DEVICES: [0]
[I 2023-11-30 04:22:02,102] Trial 20 finished with value: 0.3475249707698822 and parameters: {'gradient_clip_val': 0.18131480644825945, 'hidden_size': 16, 'dropout': 0.17538487765879057, 'hidden_continuous_size': 12, 'attention_head_size': 4, 'learning_rate': 0.026532832832041015}. Best is trial 10 with value: 0.09732282906770706.
LOCAL_RANK: 0 - CUDA_VISIBLE_DEVICES: [0]
[I 2023-11-30 04:22:14,391] Trial 21 finished with value: 0.1086035668849945 and parameters: {'gradient_clip_val': 0.43635701746107963, 'hidden_size': 27, 'dropout': 0.273335077511645, 'hidden_continuous_size': 14, 'attention_head_size': 3, 'learning_rate': 0.09691057191542202}. Best is trial 10 with value: 0.09732282906770706.
LOCAL_RANK: 0 - CUDA_VISIBLE_DEVICES: [0]
[I 2023-11-30 04:22:27,091] Trial 22 finished with value: 0.10483404248952866 and parameters: {'gradient_clip_val': 0.6432470864547687, 'hidden_size': 46, 'dropout': 0.32238516345892776, 'hidden_continuous_size': 16, 'attention_head_size': 3, 'learning_rate': 0.06074169286421319}. Best is trial 10 with value: 0.09732282906770706.
LOCAL_RANK: 0 - CUDA_VISIBLE_DEVICES: [0]
[I 2023-11-30 04:22:39,923] Trial 23 finished with value: 0.07953271269798279 and parameters: {'gradient_clip_val': 0.7055794352407674, 'hidden_size': 49, 'dropout': 0.32414131535412005, 'hidden_continuous_size': 15, 'attention_head_size': 3, 'learning_rate': 0.06734853244166515}. Best is trial 23 with value: 0.07953271269798279.
LOCAL_RANK: 0 - CUDA_VISIBLE_DEVICES: [0]
[I 2023-11-30 04:22:52,890] Trial 24 finished with value: 0.1567438244819641 and parameters: {'gradient_clip_val': 0.7188147956468754, 'hidden_size': 47, 'dropout': 0.3609071339365014, 'hidden_continuous_size': 14, 'attention_head_size': 4, 'learning_rate': 0.059383763970544005}. Best is trial 23 with value: 0.07953271269798279.
LOCAL_RANK: 0 - CUDA_VISIBLE_DEVICES: [0]
[I 2023-11-30 04:23:05,574] Trial 25 finished with value: 0.13756389915943146 and parameters: {'gradient_clip_val': 0.44990429878346394, 'hidden_size': 34, 'dropout': 0.31576942708702943, 'hidden_continuous_size': 15, 'attention_head_size': 2, 'learning_rate': 0.07013807205690503}. Best is trial 23 with value: 0.07953271269798279.
LOCAL_RANK: 0 - CUDA_VISIBLE_DEVICES: [0]
[I 2023-11-30 04:23:19,111] Trial 26 finished with value: 0.10809563845396042 and parameters: {'gradient_clip_val': 0.7118107248467249, 'hidden_size': 81, 'dropout': 0.2740184408973843, 'hidden_continuous_size': 26, 'attention_head_size': 3, 'learning_rate': 0.02779522765730129}. Best is trial 23 with value: 0.07953271269798279.
LOCAL_RANK: 0 - CUDA_VISIBLE_DEVICES: [0]
[I 2023-11-30 04:23:31,736] Trial 27 finished with value: 0.23196856677532196 and parameters: {'gradient_clip_val': 0.29787177589529823, 'hidden_size': 46, 'dropout': 0.36760185220362174, 'hidden_continuous_size': 12, 'attention_head_size': 4, 'learning_rate': 0.044673534093282646}. Best is trial 23 with value: 0.07953271269798279.
LOCAL_RANK: 0 - CUDA_VISIBLE_DEVICES: [0]
[I 2023-11-30 04:23:44,193] Trial 28 finished with value: 0.07727085798978806 and parameters: {'gradient_clip_val': 0.4616988823899821, 'hidden_size': 30, 'dropout': 0.32203611252895403, 'hidden_continuous_size': 15, 'attention_head_size': 3, 'learning_rate': 0.06819679351150731}. Best is trial 28 with value: 0.07727085798978806.
LOCAL_RANK: 0 - CUDA_VISIBLE_DEVICES: [0]
[I 2023-11-30 04:23:57,831] Trial 29 finished with value: 0.11198920756578445 and parameters: {'gradient_clip_val': 0.43934178987336014, 'hidden_size': 87, 'dropout': 0.33142469047358925, 'hidden_continuous_size': 30, 'attention_head_size': 2, 'learning_rate': 0.0658182786329982}. Best is trial 28 with value: 0.07727085798978806.
LOCAL_RANK: 0 - CUDA_VISIBLE_DEVICES: [0]
[I 2023-11-30 04:24:10,193] Trial 30 finished with value: 0.24609684944152832 and parameters: {'gradient_clip_val': 0.4958461538300003, 'hidden_size': 29, 'dropout': 0.3454603890977061, 'hidden_continuous_size': 15, 'attention_head_size': 3, 'learning_rate': 0.03357415577616986}. Best is trial 28 with value: 0.07727085798978806.
LOCAL_RANK: 0 - CUDA_VISIBLE_DEVICES: [0]
[I 2023-11-30 04:24:22,863] Trial 31 finished with value: 0.12365227937698364 and parameters: {'gradient_clip_val': 0.4224761789914045, 'hidden_size': 37, 'dropout': 0.3179694099845654, 'hidden_continuous_size': 17, 'attention_head_size': 3, 'learning_rate': 0.07188435667881948}. Best is trial 28 with value: 0.07727085798978806.
LOCAL_RANK: 0 - CUDA_VISIBLE_DEVICES: [0]
[I 2023-11-30 04:24:35,016] Trial 32 finished with value: 0.24116156995296478 and parameters: {'gradient_clip_val': 0.5684573370232445, 'hidden_size': 23, 'dropout': 0.2939283594432889, 'hidden_continuous_size': 13, 'attention_head_size': 2, 'learning_rate': 0.0506112055595305}. Best is trial 28 with value: 0.07727085798978806.
LOCAL_RANK: 0 - CUDA_VISIBLE_DEVICES: [0]
[I 2023-11-30 04:24:47,146] Trial 33 finished with value: 0.09365739673376083 and parameters: {'gradient_clip_val': 0.6463113219806845, 'hidden_size': 28, 'dropout': 0.3307088126947194, 'hidden_continuous_size': 15, 'attention_head_size': 3, 'learning_rate': 0.08410278408917722}. Best is trial 28 with value: 0.07727085798978806.
LOCAL_RANK: 0 - CUDA_VISIBLE_DEVICES: [0]
[I 2023-11-30 04:24:59,451] Trial 34 finished with value: 0.11341371387243271 and parameters: {'gradient_clip_val': 0.6454273286081234, 'hidden_size': 20, 'dropout': 0.3308289966039367, 'hidden_continuous_size': 15, 'attention_head_size': 3, 'learning_rate': 0.07420463757106674}. Best is trial 28 with value: 0.07727085798978806.
LOCAL_RANK: 0 - CUDA_VISIBLE_DEVICES: [0]
[I 2023-11-30 04:25:11,653] Trial 35 finished with value: 0.22686773538589478 and parameters: {'gradient_clip_val': 0.735689692981417, 'hidden_size': 29, 'dropout': 0.3367490009554521, 'hidden_continuous_size': 14, 'attention_head_size': 3, 'learning_rate': 0.050869088592759786}. Best is trial 28 with value: 0.07727085798978806.
LOCAL_RANK: 0 - CUDA_VISIBLE_DEVICES: [0]
[I 2023-11-30 04:25:23,631] Trial 36 finished with value: 0.2712515890598297 and parameters: {'gradient_clip_val': 0.5427665116659056, 'hidden_size': 28, 'dropout': 0.37231986543678114, 'hidden_continuous_size': 17, 'attention_head_size': 2, 'learning_rate': 0.03319787044646798}. Best is trial 28 with value: 0.07727085798978806.
LOCAL_RANK: 0 - CUDA_VISIBLE_DEVICES: [0]
[I 2023-11-30 04:25:35,814] Trial 37 finished with value: 0.2634669244289398 and parameters: {'gradient_clip_val': 0.8210799754722853, 'hidden_size': 19, 'dropout': 0.3504709707839486, 'hidden_continuous_size': 15, 'attention_head_size': 3, 'learning_rate': 0.07481906751461499}. Best is trial 28 with value: 0.07727085798978806.
LOCAL_RANK: 0 - CUDA_VISIBLE_DEVICES: [0]
[I 2023-11-30 04:25:47,917] Trial 38 finished with value: 0.45153817534446716 and parameters: {'gradient_clip_val': 0.7632116525888836, 'hidden_size': 14, 'dropout': 0.31140754684992744, 'hidden_continuous_size': 11, 'attention_head_size': 3, 'learning_rate': 0.04409801742700424}. Best is trial 28 with value: 0.07727085798978806.
LOCAL_RANK: 0 - CUDA_VISIBLE_DEVICES: [0]
[I 2023-11-30 04:26:00,787] Trial 39 finished with value: 0.234536275267601 and parameters: {'gradient_clip_val': 0.6574468030279633, 'hidden_size': 42, 'dropout': 0.3409811227889207, 'hidden_continuous_size': 19, 'attention_head_size': 2, 'learning_rate': 0.019684657035537803}. Best is trial 28 with value: 0.07727085798978806.
LOCAL_RANK: 0 - CUDA_VISIBLE_DEVICES: [0]
[I 2023-11-30 04:26:13,811] Trial 40 finished with value: 0.09228205680847168 and parameters: {'gradient_clip_val': 0.3863463643156039, 'hidden_size': 54, 'dropout': 0.38224006104654973, 'hidden_continuous_size': 20, 'attention_head_size': 3, 'learning_rate': 0.05857893390127566}. Best is trial 28 with value: 0.07727085798978806.
LOCAL_RANK: 0 - CUDA_VISIBLE_DEVICES: [0]
[I 2023-11-30 04:26:26,671] Trial 41 finished with value: 0.09720983356237411 and parameters: {'gradient_clip_val': 0.3859831892611794, 'hidden_size': 54, 'dropout': 0.37690573496373236, 'hidden_continuous_size': 20, 'attention_head_size': 3, 'learning_rate': 0.060324396086275336}. Best is trial 28 with value: 0.07727085798978806.
LOCAL_RANK: 0 - CUDA_VISIBLE_DEVICES: [0]
[I 2023-11-30 04:26:39,692] Trial 42 finished with value: 0.09838702529668808 and parameters: {'gradient_clip_val': 0.37661058521028457, 'hidden_size': 51, 'dropout': 0.37111250287331066, 'hidden_continuous_size': 20, 'attention_head_size': 3, 'learning_rate': 0.05225328193498776}. Best is trial 28 with value: 0.07727085798978806.
LOCAL_RANK: 0 - CUDA_VISIBLE_DEVICES: [0]
[I 2023-11-30 04:26:52,629] Trial 43 finished with value: 0.0854513868689537 and parameters: {'gradient_clip_val': 0.35866780226850026, 'hidden_size': 55, 'dropout': 0.38197987025254115, 'hidden_continuous_size': 18, 'attention_head_size': 3, 'learning_rate': 0.06213768272567863}. Best is trial 28 with value: 0.07727085798978806.
LOCAL_RANK: 0 - CUDA_VISIBLE_DEVICES: [0]
[I 2023-11-30 04:27:05,969] Trial 44 finished with value: 0.13082735240459442 and parameters: {'gradient_clip_val': 0.34802081800093815, 'hidden_size': 63, 'dropout': 0.38768989295871664, 'hidden_continuous_size': 18, 'attention_head_size': 3, 'learning_rate': 0.03367269341927253}. Best is trial 28 with value: 0.07727085798978806.
LOCAL_RANK: 0 - CUDA_VISIBLE_DEVICES: [0]
[I 2023-11-30 04:27:18,706] Trial 45 finished with value: 0.11668410152196884 and parameters: {'gradient_clip_val': 0.3166969176714528, 'hidden_size': 40, 'dropout': 0.3529636247461835, 'hidden_continuous_size': 18, 'attention_head_size': 3, 'learning_rate': 0.0847151995669666}. Best is trial 28 with value: 0.07727085798978806.
LOCAL_RANK: 0 - CUDA_VISIBLE_DEVICES: [0]
[I 2023-11-30 04:27:31,653] Trial 46 finished with value: 0.09786271303892136 and parameters: {'gradient_clip_val': 0.47429375454100753, 'hidden_size': 58, 'dropout': 0.3982487991909526, 'hidden_continuous_size': 23, 'attention_head_size': 2, 'learning_rate': 0.04076531641589365}. Best is trial 28 with value: 0.07727085798978806.
LOCAL_RANK: 0 - CUDA_VISIBLE_DEVICES: [0]
[I 2023-11-30 04:27:44,844] Trial 47 finished with value: 0.11292549222707748 and parameters: {'gradient_clip_val': 0.555625318461758, 'hidden_size': 65, 'dropout': 0.3816938820735928, 'hidden_continuous_size': 21, 'attention_head_size': 3, 'learning_rate': 0.08127936436173047}. Best is trial 28 with value: 0.07727085798978806.
LOCAL_RANK: 0 - CUDA_VISIBLE_DEVICES: [0]
[I 2023-11-30 04:27:57,278] Trial 48 finished with value: 0.16559357941150665 and parameters: {'gradient_clip_val': 0.4075401486039694, 'hidden_size': 42, 'dropout': 0.3512926622289755, 'hidden_continuous_size': 18, 'attention_head_size': 1, 'learning_rate': 0.06814897509296447}. Best is trial 28 with value: 0.07727085798978806.
LOCAL_RANK: 0 - CUDA_VISIBLE_DEVICES: [0]
[I 2023-11-30 04:28:10,019] Trial 49 finished with value: 0.16632728278636932 and parameters: {'gradient_clip_val': 0.4047665784398489, 'hidden_size': 33, 'dropout': 0.36160288732649426, 'hidden_continuous_size': 16, 'attention_head_size': 3, 'learning_rate': 0.045253981910496205}. Best is trial 28 with value: 0.07727085798978806.
LOCAL_RANK: 0 - CUDA_VISIBLE_DEVICES: [0]
[I 2023-11-30 04:28:23,357] Trial 50 finished with value: 0.10245764255523682 and parameters: {'gradient_clip_val': 0.4719812564547838, 'hidden_size': 73, 'dropout': 0.38757791164551464, 'hidden_continuous_size': 23, 'attention_head_size': 3, 'learning_rate': 0.05676941914245934}. Best is trial 28 with value: 0.07727085798978806.
LOCAL_RANK: 0 - CUDA_VISIBLE_DEVICES: [0]
[I 2023-11-30 04:28:36,374] Trial 51 finished with value: 0.08428255468606949 and parameters: {'gradient_clip_val': 0.3646053451324476, 'hidden_size': 53, 'dropout': 0.37830116369627176, 'hidden_continuous_size': 20, 'attention_head_size': 3, 'learning_rate': 0.06129805509849195}. Best is trial 28 with value: 0.07727085798978806.
LOCAL_RANK: 0 - CUDA_VISIBLE_DEVICES: [0]
[I 2023-11-30 04:28:49,262] Trial 52 finished with value: 0.14840437471866608 and parameters: {'gradient_clip_val': 0.36012116428776864, 'hidden_size': 54, 'dropout': 0.37740112293876715, 'hidden_continuous_size': 19, 'attention_head_size': 3, 'learning_rate': 0.08347256750779387}. Best is trial 28 with value: 0.07727085798978806.
LOCAL_RANK: 0 - CUDA_VISIBLE_DEVICES: [0]
[I 2023-11-30 04:29:02,203] Trial 53 finished with value: 0.16053490340709686 and parameters: {'gradient_clip_val': 0.3251521216552412, 'hidden_size': 50, 'dropout': 0.3978736653057605, 'hidden_continuous_size': 17, 'attention_head_size': 3, 'learning_rate': 0.06270489795261024}. Best is trial 28 with value: 0.07727085798978806.
LOCAL_RANK: 0 - CUDA_VISIBLE_DEVICES: [0]
[I 2023-11-30 04:29:15,606] Trial 54 finished with value: 0.1361449807882309 and parameters: {'gradient_clip_val': 0.5915944693682084, 'hidden_size': 59, 'dropout': 0.3610790584276102, 'hidden_continuous_size': 25, 'attention_head_size': 3, 'learning_rate': 0.09207339968981443}. Best is trial 28 with value: 0.07727085798978806.
LOCAL_RANK: 0 - CUDA_VISIBLE_DEVICES: [0]
[I 2023-11-30 04:29:28,407] Trial 55 finished with value: 0.12249193340539932 and parameters: {'gradient_clip_val': 0.5066163241704558, 'hidden_size': 43, 'dropout': 0.385602799685537, 'hidden_continuous_size': 20, 'attention_head_size': 3, 'learning_rate': 0.05008114714656669}. Best is trial 28 with value: 0.07727085798978806.
LOCAL_RANK: 0 - CUDA_VISIBLE_DEVICES: [0]
