[I 2023-11-30 08:40:58,948] Trial 11 finished with value: 0.21617762744426727 and parameters: {'gradient_clip_val': 0.23949519335065278, 'hidden_size': 124, 'dropout': 0.2881936303869217, 'hidden_continuous_size': 115, 'attention_head_size': 3, 'learning_rate': 0.0406882212026103}. Best is trial 5 with value: 0.16512605547904968.
LOCAL_RANK: 0 - CUDA_VISIBLE_DEVICES: [0]
[I 2023-11-30 08:41:12,761] Trial 12 finished with value: 0.16628600656986237 and parameters: {'gradient_clip_val': 0.17515154409467845, 'hidden_size': 119, 'dropout': 0.28209014777330554, 'hidden_continuous_size': 21, 'attention_head_size': 3, 'learning_rate': 0.04022467850631261}. Best is trial 5 with value: 0.16512605547904968.
LOCAL_RANK: 0 - CUDA_VISIBLE_DEVICES: [0]
[I 2023-11-30 08:41:26,820] Trial 13 finished with value: 0.19335944950580597 and parameters: {'gradient_clip_val': 0.3286677377218761, 'hidden_size': 131, 'dropout': 0.26395308239460663, 'hidden_continuous_size': 19, 'attention_head_size': 3, 'learning_rate': 0.05567913781169316}. Best is trial 5 with value: 0.16512605547904968.
LOCAL_RANK: 0 - CUDA_VISIBLE_DEVICES: [0]
[I 2023-11-30 08:41:40,225] Trial 14 finished with value: 0.20699040591716766 and parameters: {'gradient_clip_val': 0.10319633294842287, 'hidden_size': 78, 'dropout': 0.3119284129798713, 'hidden_continuous_size': 17, 'attention_head_size': 3, 'learning_rate': 0.09757732449374004}. Best is trial 5 with value: 0.16512605547904968.
LOCAL_RANK: 0 - CUDA_VISIBLE_DEVICES: [0]
[I 2023-11-30 08:41:53,053] Trial 15 finished with value: 0.23532025516033173 and parameters: {'gradient_clip_val': 0.1542252056804473, 'hidden_size': 50, 'dropout': 0.24866733047249082, 'hidden_continuous_size': 16, 'attention_head_size': 2, 'learning_rate': 0.023916824661889012}. Best is trial 5 with value: 0.16512605547904968.
LOCAL_RANK: 0 - CUDA_VISIBLE_DEVICES: [0]
[I 2023-11-30 08:42:05,291] Trial 16 finished with value: 0.21202515065670013 and parameters: {'gradient_clip_val': 0.2159298152838029, 'hidden_size': 19, 'dropout': 0.19138894556161518, 'hidden_continuous_size': 12, 'attention_head_size': 4, 'learning_rate': 0.05405463352045963}. Best is trial 5 with value: 0.16512605547904968.
LOCAL_RANK: 0 - CUDA_VISIBLE_DEVICES: [0]
[I 2023-11-30 08:42:17,843] Trial 17 finished with value: 1.247109055519104 and parameters: {'gradient_clip_val': 0.32773328219278897, 'hidden_size': 34, 'dropout': 0.3252033946098296, 'hidden_continuous_size': 14, 'attention_head_size': 3, 'learning_rate': 0.014611586778140217}. Best is trial 5 with value: 0.16512605547904968.
LOCAL_RANK: 0 - CUDA_VISIBLE_DEVICES: [0]
[I 2023-11-30 08:42:30,217] Trial 18 finished with value: 0.2212591916322708 and parameters: {'gradient_clip_val': 0.14723961852087653, 'hidden_size': 18, 'dropout': 0.39896052440073904, 'hidden_continuous_size': 10, 'attention_head_size': 4, 'learning_rate': 0.05598871198533428}. Best is trial 5 with value: 0.16512605547904968.
LOCAL_RANK: 0 - CUDA_VISIBLE_DEVICES: [0]
[I 2023-11-30 08:42:42,966] Trial 19 finished with value: 1.9306427240371704 and parameters: {'gradient_clip_val': 0.2619485064125836, 'hidden_size': 47, 'dropout': 0.2263435011481909, 'hidden_continuous_size': 14, 'attention_head_size': 3, 'learning_rate': 0.0010740032806554804}. Best is trial 5 with value: 0.16512605547904968.
LOCAL_RANK: 0 - CUDA_VISIBLE_DEVICES: [0]
[I 2023-11-30 08:42:55,250] Trial 20 finished with value: 0.4428166449069977 and parameters: {'gradient_clip_val': 0.12743883442719073, 'hidden_size': 29, 'dropout': 0.29708347082090936, 'hidden_continuous_size': 12, 'attention_head_size': 2, 'learning_rate': 0.02282905469734947}. Best is trial 5 with value: 0.16512605547904968.
LOCAL_RANK: 0 - CUDA_VISIBLE_DEVICES: [0]
[I 2023-11-30 08:43:08,983] Trial 21 finished with value: 0.21139037609100342 and parameters: {'gradient_clip_val': 0.1758753842458885, 'hidden_size': 101, 'dropout': 0.3377339073900764, 'hidden_continuous_size': 27, 'attention_head_size': 4, 'learning_rate': 0.036215963815136386}. Best is trial 5 with value: 0.16512605547904968.
LOCAL_RANK: 0 - CUDA_VISIBLE_DEVICES: [0]
[I 2023-11-30 08:43:23,199] Trial 22 finished with value: 0.14855729043483734 and parameters: {'gradient_clip_val': 0.19849006317850998, 'hidden_size': 144, 'dropout': 0.2633926631415706, 'hidden_continuous_size': 43, 'attention_head_size': 4, 'learning_rate': 0.06298061170002887}. Best is trial 22 with value: 0.14855729043483734.
LOCAL_RANK: 0 - CUDA_VISIBLE_DEVICES: [0]
[I 2023-11-30 08:43:37,566] Trial 23 finished with value: 0.20989163219928741 and parameters: {'gradient_clip_val': 0.20115454256837792, 'hidden_size': 142, 'dropout': 0.26570778249819005, 'hidden_continuous_size': 23, 'attention_head_size': 4, 'learning_rate': 0.06308553931081082}. Best is trial 22 with value: 0.14855729043483734.
LOCAL_RANK: 0 - CUDA_VISIBLE_DEVICES: [0]
[I 2023-11-30 08:43:51,716] Trial 24 finished with value: 0.2794550359249115 and parameters: {'gradient_clip_val': 0.2521671155523729, 'hidden_size': 147, 'dropout': 0.24553599807277385, 'hidden_continuous_size': 21, 'attention_head_size': 3, 'learning_rate': 0.07957561982036072}. Best is trial 22 with value: 0.14855729043483734.
LOCAL_RANK: 0 - CUDA_VISIBLE_DEVICES: [0]
[I 2023-11-30 08:44:05,580] Trial 25 finished with value: 0.24718208611011505 and parameters: {'gradient_clip_val': 0.1551120214531735, 'hidden_size': 106, 'dropout': 0.27530884140491085, 'hidden_continuous_size': 31, 'attention_head_size': 4, 'learning_rate': 0.04020205599746933}. Best is trial 22 with value: 0.14855729043483734.
LOCAL_RANK: 0 - CUDA_VISIBLE_DEVICES: [0]
[I 2023-11-30 08:44:18,954] Trial 26 finished with value: 0.271396279335022 and parameters: {'gradient_clip_val': 0.10177227485958384, 'hidden_size': 82, 'dropout': 0.2997312421424018, 'hidden_continuous_size': 16, 'attention_head_size': 3, 'learning_rate': 0.06789338799639773}. Best is trial 22 with value: 0.14855729043483734.
LOCAL_RANK: 0 - CUDA_VISIBLE_DEVICES: [0]
[I 2023-11-30 08:44:32,965] Trial 27 finished with value: 0.19980496168136597 and parameters: {'gradient_clip_val': 0.12568210464975446, 'hidden_size': 119, 'dropout': 0.25692950975393514, 'hidden_continuous_size': 20, 'attention_head_size': 4, 'learning_rate': 0.04735252738607064}. Best is trial 22 with value: 0.14855729043483734.
LOCAL_RANK: 0 - CUDA_VISIBLE_DEVICES: [0]
[I 2023-11-30 08:44:46,389] Trial 28 finished with value: 0.2745058536529541 and parameters: {'gradient_clip_val': 0.21626620691910492, 'hidden_size': 75, 'dropout': 0.23775055444899204, 'hidden_continuous_size': 15, 'attention_head_size': 4, 'learning_rate': 0.07363193797151638}. Best is trial 22 with value: 0.14855729043483734.
LOCAL_RANK: 0 - CUDA_VISIBLE_DEVICES: [0]
[I 2023-11-30 08:44:59,550] Trial 29 finished with value: 0.44469818472862244 and parameters: {'gradient_clip_val': 0.2937388557491366, 'hidden_size': 62, 'dropout': 0.22585109287713268, 'hidden_continuous_size': 18, 'attention_head_size': 4, 'learning_rate': 0.007524463429701136}. Best is trial 22 with value: 0.14855729043483734.
LOCAL_RANK: 0 - CUDA_VISIBLE_DEVICES: [0]
[I 2023-11-30 08:45:13,265] Trial 30 finished with value: 0.20682406425476074 and parameters: {'gradient_clip_val': 0.35227500828530456, 'hidden_size': 109, 'dropout': 0.2726818038073847, 'hidden_continuous_size': 22, 'attention_head_size': 3, 'learning_rate': 0.05100701902557297}. Best is trial 22 with value: 0.14855729043483734.
LOCAL_RANK: 0 - CUDA_VISIBLE_DEVICES: [0]
[I 2023-11-30 08:45:27,140] Trial 31 finished with value: 0.19996070861816406 and parameters: {'gradient_clip_val': 0.175406783343172, 'hidden_size': 103, 'dropout': 0.3100091094074645, 'hidden_continuous_size': 39, 'attention_head_size': 4, 'learning_rate': 0.025406616227187873}. Best is trial 22 with value: 0.14855729043483734.
LOCAL_RANK: 0 - CUDA_VISIBLE_DEVICES: [0]
[I 2023-11-30 08:45:41,547] Trial 32 finished with value: 0.16926133632659912 and parameters: {'gradient_clip_val': 0.19226880350598044, 'hidden_size': 148, 'dropout': 0.2109993155966511, 'hidden_continuous_size': 45, 'attention_head_size': 4, 'learning_rate': 0.0945567874109737}. Best is trial 22 with value: 0.14855729043483734.
LOCAL_RANK: 0 - CUDA_VISIBLE_DEVICES: [0]
[I 2023-11-30 08:45:55,923] Trial 33 finished with value: 0.19925177097320557 and parameters: {'gradient_clip_val': 0.23942517802000285, 'hidden_size': 146, 'dropout': 0.2121912950672463, 'hidden_continuous_size': 56, 'attention_head_size': 4, 'learning_rate': 0.09563188802626062}. Best is trial 22 with value: 0.14855729043483734.
LOCAL_RANK: 0 - CUDA_VISIBLE_DEVICES: [0]
[I 2023-11-30 08:46:09,908] Trial 34 finished with value: 0.25666648149490356 and parameters: {'gradient_clip_val': 0.18479263560881337, 'hidden_size': 121, 'dropout': 0.19954778112350624, 'hidden_continuous_size': 33, 'attention_head_size': 4, 'learning_rate': 0.09932115059591556}. Best is trial 22 with value: 0.14855729043483734.
LOCAL_RANK: 0 - CUDA_VISIBLE_DEVICES: [0]
[I 2023-11-30 08:46:23,399] Trial 35 finished with value: 0.21692059934139252 and parameters: {'gradient_clip_val': 0.21191568284196896, 'hidden_size': 91, 'dropout': 0.17359971312725797, 'hidden_continuous_size': 25, 'attention_head_size': 3, 'learning_rate': 0.07055208594396352}. Best is trial 22 with value: 0.14855729043483734.
LOCAL_RANK: 0 - CUDA_VISIBLE_DEVICES: [0]
[I 2023-11-30 08:46:37,330] Trial 36 finished with value: 0.19128458201885223 and parameters: {'gradient_clip_val': 0.15547703259610354, 'hidden_size': 127, 'dropout': 0.21596058768738974, 'hidden_continuous_size': 39, 'attention_head_size': 2, 'learning_rate': 0.043647393705421304}. Best is trial 22 with value: 0.14855729043483734.
LOCAL_RANK: 0 - CUDA_VISIBLE_DEVICES: [0]
[I 2023-11-30 08:46:51,848] Trial 37 finished with value: 0.17063285410404205 and parameters: {'gradient_clip_val': 0.19595782093083172, 'hidden_size': 147, 'dropout': 0.24230976813878335, 'hidden_continuous_size': 30, 'attention_head_size': 4, 'learning_rate': 0.07198776171194954}. Best is trial 22 with value: 0.14855729043483734.
LOCAL_RANK: 0 - CUDA_VISIBLE_DEVICES: [0]
[I 2023-11-30 08:47:04,837] Trial 38 finished with value: 0.2640877068042755 and parameters: {'gradient_clip_val': 0.23332359349110432, 'hidden_size': 88, 'dropout': 0.16626301796864135, 'hidden_continuous_size': 13, 'attention_head_size': 1, 'learning_rate': 0.058952800466909504}. Best is trial 22 with value: 0.14855729043483734.
LOCAL_RANK: 0 - CUDA_VISIBLE_DEVICES: [0]
[I 2023-11-30 08:47:17,914] Trial 39 finished with value: 0.20359832048416138 and parameters: {'gradient_clip_val': 0.168266475966613, 'hidden_size': 58, 'dropout': 0.25616793934685683, 'hidden_continuous_size': 21, 'attention_head_size': 4, 'learning_rate': 0.0997617692111943}. Best is trial 22 with value: 0.14855729043483734.
LOCAL_RANK: 0 - CUDA_VISIBLE_DEVICES: [0]
[I 2023-11-30 08:47:31,211] Trial 40 finished with value: 0.24172596633434296 and parameters: {'gradient_clip_val': 0.38743993861203707, 'hidden_size': 70, 'dropout': 0.22918176205540405, 'hidden_continuous_size': 25, 'attention_head_size': 2, 'learning_rate': 0.03248198471570599}. Best is trial 22 with value: 0.14855729043483734.
LOCAL_RANK: 0 - CUDA_VISIBLE_DEVICES: [0]
[I 2023-11-30 08:47:45,439] Trial 41 finished with value: 0.1633598953485489 and parameters: {'gradient_clip_val': 0.1954049664801776, 'hidden_size': 145, 'dropout': 0.24230331935903276, 'hidden_continuous_size': 30, 'attention_head_size': 4, 'learning_rate': 0.07616487488769212}. Best is trial 22 with value: 0.14855729043483734.
LOCAL_RANK: 0 - CUDA_VISIBLE_DEVICES: [0]
[I 2023-11-30 08:47:59,487] Trial 42 finished with value: 0.20924456417560577 and parameters: {'gradient_clip_val': 0.205169499347715, 'hidden_size': 112, 'dropout': 0.21499368625690018, 'hidden_continuous_size': 35, 'attention_head_size': 4, 'learning_rate': 0.07842480583242645}. Best is trial 22 with value: 0.14855729043483734.
LOCAL_RANK: 0 - CUDA_VISIBLE_DEVICES: [0]
[I 2023-11-30 08:48:13,102] Trial 43 finished with value: 0.1853441447019577 and parameters: {'gradient_clip_val': 0.26551280093908725, 'hidden_size': 90, 'dropout': 0.27872454043592454, 'hidden_continuous_size': 29, 'attention_head_size': 4, 'learning_rate': 0.04728622386786173}. Best is trial 22 with value: 0.14855729043483734.
LOCAL_RANK: 0 - CUDA_VISIBLE_DEVICES: [0]
[I 2023-11-30 08:48:26,974] Trial 44 finished with value: 0.18936757743358612 and parameters: {'gradient_clip_val': 0.19004745782524132, 'hidden_size': 128, 'dropout': 0.23686789266899932, 'hidden_continuous_size': 43, 'attention_head_size': 4, 'learning_rate': 0.06406774249070812}. Best is trial 22 with value: 0.14855729043483734.
LOCAL_RANK: 0 - CUDA_VISIBLE_DEVICES: [0]
[I 2023-11-30 08:48:41,359] Trial 45 finished with value: 0.26575443148612976 and parameters: {'gradient_clip_val': 0.22409844947610294, 'hidden_size': 149, 'dropout': 0.2514846822627551, 'hidden_continuous_size': 50, 'attention_head_size': 4, 'learning_rate': 0.08025291558461434}. Best is trial 22 with value: 0.14855729043483734.
LOCAL_RANK: 0 - CUDA_VISIBLE_DEVICES: [0]
[I 2023-11-30 08:48:55,193] Trial 46 finished with value: 0.2484864741563797 and parameters: {'gradient_clip_val': 0.28083621846441587, 'hidden_size': 117, 'dropout': 0.2875512004532301, 'hidden_continuous_size': 35, 'attention_head_size': 3, 'learning_rate': 0.039435598651566026}. Best is trial 22 with value: 0.14855729043483734.
LOCAL_RANK: 0 - CUDA_VISIBLE_DEVICES: [0]
[I 2023-11-30 08:49:08,717] Trial 47 finished with value: 0.26008132100105286 and parameters: {'gradient_clip_val': 0.14004354547152406, 'hidden_size': 99, 'dropout': 0.2623620637444519, 'hidden_continuous_size': 19, 'attention_head_size': 4, 'learning_rate': 0.08491929527747523}. Best is trial 22 with value: 0.14855729043483734.
LOCAL_RANK: 0 - CUDA_VISIBLE_DEVICES: [0]
[I 2023-11-30 08:49:20,964] Trial 48 finished with value: 0.480688214302063 and parameters: {'gradient_clip_val': 0.16993403847961414, 'hidden_size': 13, 'dropout': 0.2017612302810276, 'hidden_continuous_size': 11, 'attention_head_size': 3, 'learning_rate': 0.057502038144654606}. Best is trial 22 with value: 0.14855729043483734.
LOCAL_RANK: 0 - CUDA_VISIBLE_DEVICES: [0]
[I 2023-11-30 08:49:33,541] Trial 49 finished with value: 0.20701192319393158 and parameters: {'gradient_clip_val': 0.24262925185765527, 'hidden_size': 40, 'dropout': 0.22231922989906197, 'hidden_continuous_size': 23, 'attention_head_size': 4, 'learning_rate': 0.05356066453606841}. Best is trial 22 with value: 0.14855729043483734.
LOCAL_RANK: 0 - CUDA_VISIBLE_DEVICES: [0]
[I 2023-11-30 08:49:47,474] Trial 50 finished with value: 0.3484630584716797 and parameters: {'gradient_clip_val': 0.1618440566888764, 'hidden_size': 125, 'dropout': 0.24085624223417512, 'hidden_continuous_size': 42, 'attention_head_size': 3, 'learning_rate': 0.08112034148015722}. Best is trial 22 with value: 0.14855729043483734.
LOCAL_RANK: 0 - CUDA_VISIBLE_DEVICES: [0]
[I 2023-11-30 08:50:01,568] Trial 51 finished with value: 0.3156723976135254 and parameters: {'gradient_clip_val': 0.19623029011389856, 'hidden_size': 137, 'dropout': 0.24003955546216849, 'hidden_continuous_size': 32, 'attention_head_size': 4, 'learning_rate': 0.06834670072806041}. Best is trial 22 with value: 0.14855729043483734.
LOCAL_RANK: 0 - CUDA_VISIBLE_DEVICES: [0]
[I 2023-11-30 08:50:15,777] Trial 52 finished with value: 0.21688900887966156 and parameters: {'gradient_clip_val': 0.18860643207166325, 'hidden_size': 136, 'dropout': 0.2083588028516514, 'hidden_continuous_size': 29, 'attention_head_size': 4, 'learning_rate': 0.06545872320632336}. Best is trial 22 with value: 0.14855729043483734.
LOCAL_RANK: 0 - CUDA_VISIBLE_DEVICES: [0]
[I 2023-11-30 08:50:29,915] Trial 53 finished with value: 0.26257815957069397 and parameters: {'gradient_clip_val': 0.22527435041452226, 'hidden_size': 134, 'dropout': 0.2673788189377069, 'hidden_continuous_size': 37, 'attention_head_size': 4, 'learning_rate': 0.08464156566109864}. Best is trial 22 with value: 0.14855729043483734.
LOCAL_RANK: 0 - CUDA_VISIBLE_DEVICES: [0]
[I 2023-11-30 08:50:43,860] Trial 54 finished with value: 0.3412123918533325 and parameters: {'gradient_clip_val': 0.20270955343931757, 'hidden_size': 109, 'dropout': 0.24670546228643764, 'hidden_continuous_size': 27, 'attention_head_size': 4, 'learning_rate': 0.047980129737597674}. Best is trial 22 with value: 0.14855729043483734.
LOCAL_RANK: 0 - CUDA_VISIBLE_DEVICES: [0]
[I 2023-11-30 08:50:58,136] Trial 55 finished with value: 0.2412494271993637 and parameters: {'gradient_clip_val': 0.14061907190940812, 'hidden_size': 150, 'dropout': 0.23058890307863705, 'hidden_continuous_size': 18, 'attention_head_size': 4, 'learning_rate': 0.09983574404272344}. Best is trial 22 with value: 0.14855729043483734.
LOCAL_RANK: 0 - CUDA_VISIBLE_DEVICES: [0]
[I 2023-11-30 08:51:11,904] Trial 56 finished with value: 0.16163139045238495 and parameters: {'gradient_clip_val': 0.1763892602322217, 'hidden_size': 116, 'dropout': 0.27993686719894934, 'hidden_continuous_size': 30, 'attention_head_size': 4, 'learning_rate': 0.06655170821513362}. Best is trial 22 with value: 0.14855729043483734.
LOCAL_RANK: 0 - CUDA_VISIBLE_DEVICES: [0]
[I 2023-11-30 08:51:25,416] Trial 57 finished with value: 0.1384878009557724 and parameters: {'gradient_clip_val': 0.1589612485134707, 'hidden_size': 83, 'dropout': 0.28487744381542396, 'hidden_continuous_size': 30, 'attention_head_size': 4, 'learning_rate': 0.0333858604561085}. Best is trial 57 with value: 0.1384878009557724.
LOCAL_RANK: 0 - CUDA_VISIBLE_DEVICES: [0]
[I 2023-11-30 08:51:38,616] Trial 58 finished with value: 0.2501092851161957 and parameters: {'gradient_clip_val': 0.14860261401687305, 'hidden_size': 95, 'dropout': 0.2869220941498184, 'hidden_continuous_size': 10, 'attention_head_size': 1, 'learning_rate': 0.03453809061755033}. Best is trial 57 with value: 0.1384878009557724.
LOCAL_RANK: 0 - CUDA_VISIBLE_DEVICES: [0]
[I 2023-11-30 08:51:52,062] Trial 59 finished with value: 0.2026243954896927 and parameters: {'gradient_clip_val': 0.16028766707018446, 'hidden_size': 82, 'dropout': 0.27510915965353805, 'hidden_continuous_size': 28, 'attention_head_size': 3, 'learning_rate': 0.02896085270391711}. Best is trial 57 with value: 0.1384878009557724.
LOCAL_RANK: 0 - CUDA_VISIBLE_DEVICES: [0]
[I 2023-11-30 08:52:06,079] Trial 60 finished with value: 0.1706753969192505 and parameters: {'gradient_clip_val': 0.12160612021037119, 'hidden_size': 115, 'dropout': 0.2949964217593283, 'hidden_continuous_size': 31, 'attention_head_size': 4, 'learning_rate': 0.0423991941461849}. Best is trial 57 with value: 0.1384878009557724.
LOCAL_RANK: 0 - CUDA_VISIBLE_DEVICES: [0]
[I 2023-11-30 08:52:19,831] Trial 61 finished with value: 0.26786503195762634 and parameters: {'gradient_clip_val': 0.1804652438653783, 'hidden_size': 104, 'dropout': 0.26022775133030085, 'hidden_continuous_size': 25, 'attention_head_size': 4, 'learning_rate': 0.05401632253529536}. Best is trial 57 with value: 0.1384878009557724.
LOCAL_RANK: 0 - CUDA_VISIBLE_DEVICES: [0]
[I 2023-11-30 08:52:33,923] Trial 62 finished with value: 0.2445799857378006 and parameters: {'gradient_clip_val': 0.16806198720811785, 'hidden_size': 124, 'dropout': 0.28372098980556326, 'hidden_continuous_size': 34, 'attention_head_size': 4, 'learning_rate': 0.06214818370425095}. Best is trial 57 with value: 0.1384878009557724.
LOCAL_RANK: 0 - CUDA_VISIBLE_DEVICES: [0]
[I 2023-11-30 08:52:48,203] Trial 63 finished with value: 0.21106787025928497 and parameters: {'gradient_clip_val': 0.13192538852874303, 'hidden_size': 129, 'dropout': 0.26903909389430486, 'hidden_continuous_size': 36, 'attention_head_size': 4, 'learning_rate': 0.04688548670736643}. Best is trial 57 with value: 0.1384878009557724.
LOCAL_RANK: 0 - CUDA_VISIBLE_DEVICES: [0]
[I 2023-11-30 08:53:02,349] Trial 64 finished with value: 0.2725260853767395 and parameters: {'gradient_clip_val': 0.21483438992150297, 'hidden_size': 136, 'dropout': 0.30911208996412365, 'hidden_continuous_size': 48, 'attention_head_size': 4, 'learning_rate': 0.08346322348459476}. Best is trial 57 with value: 0.1384878009557724.
LOCAL_RANK: 0 - CUDA_VISIBLE_DEVICES: [0]
[I 2023-11-30 08:53:16,111] Trial 65 finished with value: 0.20534901320934296 and parameters: {'gradient_clip_val': 0.1827560595623673, 'hidden_size': 116, 'dropout': 0.2500469017287234, 'hidden_continuous_size': 23, 'attention_head_size': 4, 'learning_rate': 0.03739855944206359}. Best is trial 57 with value: 0.1384878009557724.
LOCAL_RANK: 0 - CUDA_VISIBLE_DEVICES: [0]
[I 2023-11-30 08:53:29,803] Trial 66 finished with value: 0.1383136361837387 and parameters: {'gradient_clip_val': 0.14405757667319644, 'hidden_size': 97, 'dropout': 0.29794580757281175, 'hidden_continuous_size': 32, 'attention_head_size': 4, 'learning_rate': 0.06015448543589833}. Best is trial 66 with value: 0.1383136361837387.
LOCAL_RANK: 0 - CUDA_VISIBLE_DEVICES: [0]
[I 2023-11-30 08:53:43,319] Trial 67 finished with value: 0.28604158759117126 and parameters: {'gradient_clip_val': 0.11314900471396416, 'hidden_size': 84, 'dropout': 0.29895224772130174, 'hidden_continuous_size': 30, 'attention_head_size': 4, 'learning_rate': 0.019865548693641096}. Best is trial 66 with value: 0.1383136361837387.
LOCAL_RANK: 0 - CUDA_VISIBLE_DEVICES: [0]
[I 2023-11-30 08:53:56,915] Trial 68 finished with value: 0.46533939242362976 and parameters: {'gradient_clip_val': 0.1406612538807364, 'hidden_size': 74, 'dropout': 0.2796285121151039, 'hidden_continuous_size': 26, 'attention_head_size': 3, 'learning_rate': 0.05872871627756882}. Best is trial 66 with value: 0.1383136361837387.
LOCAL_RANK: 0 - CUDA_VISIBLE_DEVICES: [0]
