[I 2023-11-30 12:15:54,152] Trial 92 finished with value: 0.17803005874156952 and parameters: {'gradient_clip_val': 0.7794596815659834, 'hidden_size': 96, 'dropout': 0.3356495227556726, 'hidden_continuous_size': 40, 'attention_head_size': 4, 'learning_rate': 0.0659166745861572}. Best is trial 17 with value: 0.06940385699272156.
LOCAL_RANK: 0 - CUDA_VISIBLE_DEVICES: [0]
[I 2023-11-30 12:16:07,928] Trial 93 finished with value: 0.10606382042169571 and parameters: {'gradient_clip_val': 0.923645079118453, 'hidden_size': 90, 'dropout': 0.34779964829738635, 'hidden_continuous_size': 32, 'attention_head_size': 4, 'learning_rate': 0.0492219733280902}. Best is trial 17 with value: 0.06940385699272156.
LOCAL_RANK: 0 - CUDA_VISIBLE_DEVICES: [0]
[I 2023-11-30 12:16:21,853] Trial 94 finished with value: 0.11109109967947006 and parameters: {'gradient_clip_val': 0.8432996219149618, 'hidden_size': 107, 'dropout': 0.32482584910959256, 'hidden_continuous_size': 36, 'attention_head_size': 3, 'learning_rate': 0.0790887252525568}. Best is trial 17 with value: 0.06940385699272156.
LOCAL_RANK: 0 - CUDA_VISIBLE_DEVICES: [0]
[I 2023-11-30 12:16:35,650] Trial 95 finished with value: 0.12154244631528854 and parameters: {'gradient_clip_val': 0.7963761235293345, 'hidden_size': 118, 'dropout': 0.3883538343336824, 'hidden_continuous_size': 31, 'attention_head_size': 2, 'learning_rate': 0.030915806752629553}. Best is trial 17 with value: 0.06940385699272156.
LOCAL_RANK: 0 - CUDA_VISIBLE_DEVICES: [0]
[I 2023-11-30 12:16:50,077] Trial 96 finished with value: 0.29199275374412537 and parameters: {'gradient_clip_val': 0.6690005842076033, 'hidden_size': 144, 'dropout': 0.3001637606625491, 'hidden_continuous_size': 50, 'attention_head_size': 4, 'learning_rate': 0.04297517324731159}. Best is trial 17 with value: 0.06940385699272156.
LOCAL_RANK: 0 - CUDA_VISIBLE_DEVICES: [0]
[I 2023-11-30 12:17:03,768] Trial 97 finished with value: 0.2661266624927521 and parameters: {'gradient_clip_val': 0.8844715751411569, 'hidden_size': 79, 'dropout': 0.37161978409979124, 'hidden_continuous_size': 34, 'attention_head_size': 4, 'learning_rate': 0.02297564846053179}. Best is trial 17 with value: 0.06940385699272156.
LOCAL_RANK: 0 - CUDA_VISIBLE_DEVICES: [0]
[I 2023-11-30 12:17:18,039] Trial 98 finished with value: 0.13553832471370697 and parameters: {'gradient_clip_val': 0.9628407029491788, 'hidden_size': 150, 'dropout': 0.3311143502106779, 'hidden_continuous_size': 26, 'attention_head_size': 3, 'learning_rate': 0.08846017149722928}. Best is trial 17 with value: 0.06940385699272156.
LOCAL_RANK: 0 - CUDA_VISIBLE_DEVICES: [0]
[I 2023-11-30 12:17:32,288] Trial 99 finished with value: 0.11406414955854416 and parameters: {'gradient_clip_val': 0.9046339809063567, 'hidden_size': 126, 'dropout': 0.317068522924577, 'hidden_continuous_size': 46, 'attention_head_size': 4, 'learning_rate': 0.06130394939500399}. Best is trial 17 with value: 0.06940385699272156.
LOCAL_RANK: 0 - CUDA_VISIBLE_DEVICES: [0]
[I 2023-11-30 12:17:45,701] Trial 100 finished with value: 0.12952814996242523 and parameters: {'gradient_clip_val': 0.7270829777253008, 'hidden_size': 92, 'dropout': 0.3540374648429957, 'hidden_continuous_size': 29, 'attention_head_size': 3, 'learning_rate': 0.05219669808693071}. Best is trial 17 with value: 0.06940385699272156.
LOCAL_RANK: 0 - CUDA_VISIBLE_DEVICES: [0]
[I 2023-11-30 12:17:59,952] Trial 101 finished with value: 0.13429592549800873 and parameters: {'gradient_clip_val': 0.8239504301035672, 'hidden_size': 110, 'dropout': 0.3623872712275443, 'hidden_continuous_size': 53, 'attention_head_size': 4, 'learning_rate': 0.026510144742090593}. Best is trial 17 with value: 0.06940385699272156.
LOCAL_RANK: 0 - CUDA_VISIBLE_DEVICES: [0]
[I 2023-11-30 12:18:13,747] Trial 102 finished with value: 0.16891805827617645 and parameters: {'gradient_clip_val': 0.8557690377982221, 'hidden_size': 87, 'dropout': 0.3763401573004922, 'hidden_continuous_size': 41, 'attention_head_size': 4, 'learning_rate': 0.020679071818345256}. Best is trial 17 with value: 0.06940385699272156.
LOCAL_RANK: 0 - CUDA_VISIBLE_DEVICES: [0]
[I 2023-11-30 12:18:27,694] Trial 103 finished with value: 0.12939020991325378 and parameters: {'gradient_clip_val': 0.7595581618323862, 'hidden_size': 100, 'dropout': 0.36806289073908105, 'hidden_continuous_size': 57, 'attention_head_size': 4, 'learning_rate': 0.03195287409419003}. Best is trial 17 with value: 0.06940385699272156.
LOCAL_RANK: 0 - CUDA_VISIBLE_DEVICES: [0]
[I 2023-11-30 12:18:41,747] Trial 104 finished with value: 0.30846232175827026 and parameters: {'gradient_clip_val': 0.6840925279960747, 'hidden_size': 115, 'dropout': 0.34458634007518696, 'hidden_continuous_size': 43, 'attention_head_size': 4, 'learning_rate': 0.03628081130696904}. Best is trial 17 with value: 0.06940385699272156.
LOCAL_RANK: 0 - CUDA_VISIBLE_DEVICES: [0]
[I 2023-11-30 12:18:56,213] Trial 105 finished with value: 0.08026489615440369 and parameters: {'gradient_clip_val': 0.9562589621220885, 'hidden_size': 139, 'dropout': 0.3401277242668507, 'hidden_continuous_size': 37, 'attention_head_size': 4, 'learning_rate': 0.028693610311462198}. Best is trial 17 with value: 0.06940385699272156.
LOCAL_RANK: 0 - CUDA_VISIBLE_DEVICES: [0]
[I 2023-11-30 12:19:10,364] Trial 106 finished with value: 0.2740478813648224 and parameters: {'gradient_clip_val': 0.9611220293759493, 'hidden_size': 136, 'dropout': 0.3326767004485646, 'hidden_continuous_size': 38, 'attention_head_size': 4, 'learning_rate': 0.06840521668862745}. Best is trial 17 with value: 0.06940385699272156.
LOCAL_RANK: 0 - CUDA_VISIBLE_DEVICES: [0]
[I 2023-11-30 12:19:24,447] Trial 107 finished with value: 0.18414504826068878 and parameters: {'gradient_clip_val': 0.9373999128542151, 'hidden_size': 126, 'dropout': 0.35712557318138605, 'hidden_continuous_size': 36, 'attention_head_size': 4, 'learning_rate': 0.01718773240064639}. Best is trial 17 with value: 0.06940385699272156.
LOCAL_RANK: 0 - CUDA_VISIBLE_DEVICES: [0]
[I 2023-11-30 12:19:38,401] Trial 108 finished with value: 0.1478092074394226 and parameters: {'gradient_clip_val': 0.8939019329032707, 'hidden_size': 136, 'dropout': 0.34098853971633103, 'hidden_continuous_size': 33, 'attention_head_size': 4, 'learning_rate': 0.024280711530977262}. Best is trial 17 with value: 0.06940385699272156.
LOCAL_RANK: 0 - CUDA_VISIBLE_DEVICES: [0]
[I 2023-11-30 12:19:52,223] Trial 109 finished with value: 0.15700562298297882 and parameters: {'gradient_clip_val': 0.7960960724159669, 'hidden_size': 120, 'dropout': 0.32358476045778645, 'hidden_continuous_size': 31, 'attention_head_size': 3, 'learning_rate': 0.028060048167275253}. Best is trial 17 with value: 0.06940385699272156.
LOCAL_RANK: 0 - CUDA_VISIBLE_DEVICES: [0]
[I 2023-11-30 12:20:06,160] Trial 110 finished with value: 0.14632688462734222 and parameters: {'gradient_clip_val': 0.6374352233298676, 'hidden_size': 104, 'dropout': 0.35036326381357863, 'hidden_continuous_size': 44, 'attention_head_size': 3, 'learning_rate': 0.03938713120454052}. Best is trial 17 with value: 0.06940385699272156.
LOCAL_RANK: 0 - CUDA_VISIBLE_DEVICES: [0]
[I 2023-11-30 12:20:20,095] Trial 111 finished with value: 0.1375775933265686 and parameters: {'gradient_clip_val': 0.8317260699302021, 'hidden_size': 111, 'dropout': 0.364072998047795, 'hidden_continuous_size': 40, 'attention_head_size': 4, 'learning_rate': 0.030307446311116554}. Best is trial 17 with value: 0.06940385699272156.
LOCAL_RANK: 0 - CUDA_VISIBLE_DEVICES: [0]
[I 2023-11-30 12:20:33,941] Trial 112 finished with value: 0.134392648935318 and parameters: {'gradient_clip_val': 0.8744521127959145, 'hidden_size': 94, 'dropout': 0.3375860011630507, 'hidden_continuous_size': 34, 'attention_head_size': 4, 'learning_rate': 0.02281264963944014}. Best is trial 17 with value: 0.06940385699272156.
LOCAL_RANK: 0 - CUDA_VISIBLE_DEVICES: [0]
[I 2023-11-30 12:20:48,442] Trial 113 finished with value: 0.17191411554813385 and parameters: {'gradient_clip_val': 0.9584104334759491, 'hidden_size': 143, 'dropout': 0.37336326340248993, 'hidden_continuous_size': 61, 'attention_head_size': 4, 'learning_rate': 0.028153801260378055}. Best is trial 17 with value: 0.06940385699272156.
LOCAL_RANK: 0 - CUDA_VISIBLE_DEVICES: [0]
[I 2023-11-30 12:21:02,365] Trial 114 finished with value: 0.1608506292104721 and parameters: {'gradient_clip_val': 0.6061454559830064, 'hidden_size': 99, 'dropout': 0.35785056130575876, 'hidden_continuous_size': 37, 'attention_head_size': 4, 'learning_rate': 0.034110129339760854}. Best is trial 17 with value: 0.06940385699272156.
LOCAL_RANK: 0 - CUDA_VISIBLE_DEVICES: [0]
[I 2023-11-30 12:21:16,229] Trial 115 finished with value: 0.11536360532045364 and parameters: {'gradient_clip_val': 0.9999781128592192, 'hidden_size': 124, 'dropout': 0.3821572760686566, 'hidden_continuous_size': 24, 'attention_head_size': 4, 'learning_rate': 0.04648390307030272}. Best is trial 17 with value: 0.06940385699272156.
LOCAL_RANK: 0 - CUDA_VISIBLE_DEVICES: [0]
[I 2023-11-30 12:21:30,368] Trial 116 finished with value: 0.13396556675434113 and parameters: {'gradient_clip_val': 0.7817853960788274, 'hidden_size': 83, 'dropout': 0.3486229847980111, 'hidden_continuous_size': 48, 'attention_head_size': 4, 'learning_rate': 0.02497097784327604}. Best is trial 17 with value: 0.06940385699272156.
LOCAL_RANK: 0 - CUDA_VISIBLE_DEVICES: [0]
[I 2023-11-30 12:21:44,096] Trial 117 finished with value: 0.11231980472803116 and parameters: {'gradient_clip_val': 0.3114152732826425, 'hidden_size': 106, 'dropout': 0.344903435102423, 'hidden_continuous_size': 39, 'attention_head_size': 1, 'learning_rate': 0.019648465491891372}. Best is trial 17 with value: 0.06940385699272156.
LOCAL_RANK: 0 - CUDA_VISIBLE_DEVICES: [0]
[I 2023-11-30 12:21:58,035] Trial 118 finished with value: 0.18449664115905762 and parameters: {'gradient_clip_val': 0.722102046074428, 'hidden_size': 118, 'dropout': 0.3291979824336801, 'hidden_continuous_size': 30, 'attention_head_size': 4, 'learning_rate': 0.09962736208987094}. Best is trial 17 with value: 0.06940385699272156.
LOCAL_RANK: 0 - CUDA_VISIBLE_DEVICES: [0]
[I 2023-11-30 12:22:11,723] Trial 119 finished with value: 0.20700359344482422 and parameters: {'gradient_clip_val': 0.9041552245937142, 'hidden_size': 74, 'dropout': 0.31476942574877254, 'hidden_continuous_size': 35, 'attention_head_size': 2, 'learning_rate': 0.07630918053209075}. Best is trial 17 with value: 0.06940385699272156.
LOCAL_RANK: 0 - CUDA_VISIBLE_DEVICES: [0]
[I 2023-11-30 12:22:25,907] Trial 120 finished with value: 0.1310863047838211 and parameters: {'gradient_clip_val': 0.8269837254003944, 'hidden_size': 130, 'dropout': 0.3948725365660206, 'hidden_continuous_size': 45, 'attention_head_size': 4, 'learning_rate': 0.05882944647535127}. Best is trial 17 with value: 0.06940385699272156.
LOCAL_RANK: 0 - CUDA_VISIBLE_DEVICES: [0]
[I 2023-11-30 12:22:40,594] Trial 121 finished with value: 0.129423126578331 and parameters: {'gradient_clip_val': 0.7540414134120038, 'hidden_size': 133, 'dropout': 0.25380875085325383, 'hidden_continuous_size': 102, 'attention_head_size': 2, 'learning_rate': 0.021770828819372007}. Best is trial 17 with value: 0.06940385699272156.
LOCAL_RANK: 0 - CUDA_VISIBLE_DEVICES: [0]
[I 2023-11-30 12:22:51,429] Trial 122 finished with value: 0.15723423659801483 and parameters: {'gradient_clip_val': 0.3342724599178116, 'hidden_size': 111, 'dropout': 0.2370403945867039, 'hidden_continuous_size': 111, 'attention_head_size': 2, 'learning_rate': 0.01693611442849919}. Best is trial 17 with value: 0.06940385699272156.
LOCAL_RANK: 0 - CUDA_VISIBLE_DEVICES: [0]
[I 2023-11-30 12:23:05,374] Trial 123 finished with value: 0.19286906719207764 and parameters: {'gradient_clip_val': 0.6593038298718811, 'hidden_size': 144, 'dropout': 0.31976637081152665, 'hidden_continuous_size': 28, 'attention_head_size': 2, 'learning_rate': 0.015684553341230433}. Best is trial 17 with value: 0.06940385699272156.
LOCAL_RANK: 0 - CUDA_VISIBLE_DEVICES: [0]
[I 2023-11-30 12:23:19,207] Trial 124 finished with value: 0.20813055336475372 and parameters: {'gradient_clip_val': 0.497065992496669, 'hidden_size': 94, 'dropout': 0.26298654415725614, 'hidden_continuous_size': 42, 'attention_head_size': 3, 'learning_rate': 0.07062281122329246}. Best is trial 17 with value: 0.06940385699272156.
LOCAL_RANK: 0 - CUDA_VISIBLE_DEVICES: [0]
[I 2023-11-30 12:23:33,098] Trial 125 finished with value: 0.16999448835849762 and parameters: {'gradient_clip_val': 0.4140025831782951, 'hidden_size': 120, 'dropout': 0.31027626544426473, 'hidden_continuous_size': 33, 'attention_head_size': 4, 'learning_rate': 0.0245402146647431}. Best is trial 17 with value: 0.06940385699272156.
LOCAL_RANK: 0 - CUDA_VISIBLE_DEVICES: [0]
[I 2023-11-30 12:23:47,414] Trial 126 finished with value: 0.12026581168174744 and parameters: {'gradient_clip_val': 0.8556363207207651, 'hidden_size': 100, 'dropout': 0.3033636017312078, 'hidden_continuous_size': 78, 'attention_head_size': 4, 'learning_rate': 0.08401421481088281}. Best is trial 17 with value: 0.06940385699272156.
LOCAL_RANK: 0 - CUDA_VISIBLE_DEVICES: [0]
[I 2023-11-30 12:24:01,046] Trial 127 finished with value: 0.1257067322731018 and parameters: {'gradient_clip_val': 0.35837295248002415, 'hidden_size': 88, 'dropout': 0.3384624129663562, 'hidden_continuous_size': 36, 'attention_head_size': 3, 'learning_rate': 0.028086153304396556}. Best is trial 17 with value: 0.06940385699272156.
LOCAL_RANK: 0 - CUDA_VISIBLE_DEVICES: [0]
[I 2023-11-30 12:24:14,797] Trial 128 finished with value: 0.17928902804851532 and parameters: {'gradient_clip_val': 0.6935757483132169, 'hidden_size': 114, 'dropout': 0.28555745653090026, 'hidden_continuous_size': 40, 'attention_head_size': 1, 'learning_rate': 0.03440250999356458}. Best is trial 17 with value: 0.06940385699272156.
LOCAL_RANK: 0 - CUDA_VISIBLE_DEVICES: [0]
[I 2023-11-30 12:24:28,974] Trial 129 finished with value: 0.17509786784648895 and parameters: {'gradient_clip_val': 0.7937535875670312, 'hidden_size': 138, 'dropout': 0.36601359870765765, 'hidden_continuous_size': 32, 'attention_head_size': 3, 'learning_rate': 0.04411249644824203}. Best is trial 17 with value: 0.06940385699272156.
LOCAL_RANK: 0 - CUDA_VISIBLE_DEVICES: [0]
[I 2023-11-30 12:24:42,940] Trial 130 finished with value: 0.13123668730258942 and parameters: {'gradient_clip_val': 0.39157504319981123, 'hidden_size': 105, 'dropout': 0.35453691944003024, 'hidden_continuous_size': 37, 'attention_head_size': 4, 'learning_rate': 0.03915840042230504}. Best is trial 17 with value: 0.06940385699272156.
LOCAL_RANK: 0 - CUDA_VISIBLE_DEVICES: [0]
[I 2023-11-30 12:24:56,743] Trial 131 finished with value: 0.15948885679244995 and parameters: {'gradient_clip_val': 0.9133804272383456, 'hidden_size': 89, 'dropout': 0.34576112244287327, 'hidden_continuous_size': 32, 'attention_head_size': 4, 'learning_rate': 0.048588954954486216}. Best is trial 17 with value: 0.06940385699272156.
LOCAL_RANK: 0 - CUDA_VISIBLE_DEVICES: [0]
[I 2023-11-30 12:25:10,329] Trial 132 finished with value: 0.12421529740095139 and parameters: {'gradient_clip_val': 0.9069916487306724, 'hidden_size': 81, 'dropout': 0.33297965356797316, 'hidden_continuous_size': 30, 'attention_head_size': 4, 'learning_rate': 0.06352845833348802}. Best is trial 17 with value: 0.06940385699272156.
LOCAL_RANK: 0 - CUDA_VISIBLE_DEVICES: [0]
[I 2023-11-30 12:25:24,189] Trial 133 finished with value: 0.2288743108510971 and parameters: {'gradient_clip_val': 0.9468466262626221, 'hidden_size': 97, 'dropout': 0.36080195923239483, 'hidden_continuous_size': 34, 'attention_head_size': 4, 'learning_rate': 0.05167980927522138}. Best is trial 17 with value: 0.06940385699272156.
LOCAL_RANK: 0 - CUDA_VISIBLE_DEVICES: [0]
[I 2023-11-30 12:25:38,250] Trial 134 finished with value: 0.31366679072380066 and parameters: {'gradient_clip_val': 0.819193987313714, 'hidden_size': 126, 'dropout': 0.35003917856216327, 'hidden_continuous_size': 29, 'attention_head_size': 4, 'learning_rate': 0.05606724599176224}. Best is trial 17 with value: 0.06940385699272156.
LOCAL_RANK: 0 - CUDA_VISIBLE_DEVICES: [0]
[I 2023-11-30 12:25:52,097] Trial 135 finished with value: 0.12263616919517517 and parameters: {'gradient_clip_val': 0.7399857167785961, 'hidden_size': 92, 'dropout': 0.2979512659363473, 'hidden_continuous_size': 41, 'attention_head_size': 4, 'learning_rate': 0.03125977866253382}. Best is trial 17 with value: 0.06940385699272156.
LOCAL_RANK: 0 - CUDA_VISIBLE_DEVICES: [0]
[I 2023-11-30 12:26:06,178] Trial 136 finished with value: 0.204180046916008 and parameters: {'gradient_clip_val': 0.8588240898830789, 'hidden_size': 107, 'dropout': 0.3705152534660082, 'hidden_continuous_size': 26, 'attention_head_size': 4, 'learning_rate': 0.07679892728346313}. Best is trial 17 with value: 0.06940385699272156.
LOCAL_RANK: 0 - CUDA_VISIBLE_DEVICES: [0]
[I 2023-11-30 12:26:20,566] Trial 137 finished with value: 0.1823146492242813 and parameters: {'gradient_clip_val': 0.9368475569442457, 'hidden_size': 150, 'dropout': 0.21645747565168127, 'hidden_continuous_size': 38, 'attention_head_size': 4, 'learning_rate': 0.08978437432496766}. Best is trial 17 with value: 0.06940385699272156.
LOCAL_RANK: 0 - CUDA_VISIBLE_DEVICES: [0]
[I 2023-11-30 12:26:34,275] Trial 138 finished with value: 0.2755138874053955 and parameters: {'gradient_clip_val': 0.7726794746068532, 'hidden_size': 86, 'dropout': 0.386156860512679, 'hidden_continuous_size': 46, 'attention_head_size': 2, 'learning_rate': 0.042122383617901216}. Best is trial 17 with value: 0.06940385699272156.
LOCAL_RANK: 0 - CUDA_VISIBLE_DEVICES: [0]
[I 2023-11-30 12:26:48,102] Trial 139 finished with value: 0.1564411073923111 and parameters: {'gradient_clip_val': 0.877983917824382, 'hidden_size': 113, 'dropout': 0.3793805909924589, 'hidden_continuous_size': 31, 'attention_head_size': 3, 'learning_rate': 0.021746233977548247}. Best is trial 17 with value: 0.06940385699272156.
LOCAL_RANK: 0 - CUDA_VISIBLE_DEVICES: [0]
[I 2023-11-30 12:27:01,733] Trial 140 finished with value: 0.13931284844875336 and parameters: {'gradient_clip_val': 0.9731731237341508, 'hidden_size': 79, 'dropout': 0.3232750601662853, 'hidden_continuous_size': 35, 'attention_head_size': 4, 'learning_rate': 0.018568847848431803}. Best is trial 17 with value: 0.06940385699272156.
LOCAL_RANK: 0 - CUDA_VISIBLE_DEVICES: [0]
[I 2023-11-30 12:27:15,232] Trial 141 finished with value: 0.09619428962469101 and parameters: {'gradient_clip_val': 0.6330366958880247, 'hidden_size': 70, 'dropout': 0.34204446229265884, 'hidden_continuous_size': 33, 'attention_head_size': 1, 'learning_rate': 0.07214662821762732}. Best is trial 17 with value: 0.06940385699272156.
LOCAL_RANK: 0 - CUDA_VISIBLE_DEVICES: [0]
[I 2023-11-30 12:27:28,475] Trial 142 finished with value: 0.211683988571167 and parameters: {'gradient_clip_val': 0.6374495157539919, 'hidden_size': 72, 'dropout': 0.3391435423851544, 'hidden_continuous_size': 33, 'attention_head_size': 1, 'learning_rate': 0.06886873043147503}. Best is trial 17 with value: 0.06940385699272156.
LOCAL_RANK: 0 - CUDA_VISIBLE_DEVICES: [0]
[I 2023-11-30 12:27:41,763] Trial 143 finished with value: 0.16386587917804718 and parameters: {'gradient_clip_val': 0.5461109860780327, 'hidden_size': 68, 'dropout': 0.3292911915060745, 'hidden_continuous_size': 38, 'attention_head_size': 1, 'learning_rate': 0.061595768923203426}. Best is trial 17 with value: 0.06940385699272156.
LOCAL_RANK: 0 - CUDA_VISIBLE_DEVICES: [0]
[I 2023-11-30 12:27:55,053] Trial 144 finished with value: 0.08842379599809647 and parameters: {'gradient_clip_val': 0.7154404670611407, 'hidden_size': 63, 'dropout': 0.35368303127748396, 'hidden_continuous_size': 39, 'attention_head_size': 1, 'learning_rate': 0.08108744184732779}. Best is trial 17 with value: 0.06940385699272156.
LOCAL_RANK: 0 - CUDA_VISIBLE_DEVICES: [0]
[I 2023-11-30 12:28:08,313] Trial 145 finished with value: 0.23383323848247528 and parameters: {'gradient_clip_val': 0.5992734943444756, 'hidden_size': 62, 'dropout': 0.3541820896148928, 'hidden_continuous_size': 43, 'attention_head_size': 1, 'learning_rate': 0.07982472762932953}. Best is trial 17 with value: 0.06940385699272156.
LOCAL_RANK: 0 - CUDA_VISIBLE_DEVICES: [0]
[I 2023-11-30 12:28:21,515] Trial 146 finished with value: 0.2269846796989441 and parameters: {'gradient_clip_val': 0.6871798045055246, 'hidden_size': 56, 'dropout': 0.3629754118737247, 'hidden_continuous_size': 39, 'attention_head_size': 1, 'learning_rate': 0.0873162313353036}. Best is trial 17 with value: 0.06940385699272156.
LOCAL_RANK: 0 - CUDA_VISIBLE_DEVICES: [0]
[I 2023-11-30 12:28:34,848] Trial 147 finished with value: 0.18316234648227692 and parameters: {'gradient_clip_val': 0.7217411006751829, 'hidden_size': 65, 'dropout': 0.3424629496760256, 'hidden_continuous_size': 36, 'attention_head_size': 1, 'learning_rate': 0.08290885277218295}. Best is trial 17 with value: 0.06940385699272156.
LOCAL_RANK: 0 - CUDA_VISIBLE_DEVICES: [0]
[I 2023-11-30 12:28:47,767] Trial 148 finished with value: 0.08403324335813522 and parameters: {'gradient_clip_val': 0.6431056776131147, 'hidden_size': 56, 'dropout': 0.3350149635304906, 'hidden_continuous_size': 35, 'attention_head_size': 1, 'learning_rate': 0.09183755823258315}. Best is trial 17 with value: 0.06940385699272156.
LOCAL_RANK: 0 - CUDA_VISIBLE_DEVICES: [0]
