[I 2023-11-30 00:33:01,991] Trial 11 finished with value: 0.1976780742406845 and parameters: {'gradient_clip_val': 0.30537126015200583, 'hidden_size': 82, 'dropout': 0.1402659641459786, 'hidden_continuous_size': 25, 'attention_head_size': 3, 'learning_rate': 0.09851520184264352}. Best is trial 7 with value: 0.11302132159471512.
LOCAL_RANK: 0 - CUDA_VISIBLE_DEVICES: [0]
[I 2023-11-30 00:33:15,306] Trial 12 finished with value: 0.1468375325202942 and parameters: {'gradient_clip_val': 0.235715921026112, 'hidden_size': 78, 'dropout': 0.11851997026948363, 'hidden_continuous_size': 25, 'attention_head_size': 2, 'learning_rate': 0.09835906893241367}. Best is trial 7 with value: 0.11302132159471512.
LOCAL_RANK: 0 - CUDA_VISIBLE_DEVICES: [0]
[I 2023-11-30 00:33:28,557] Trial 13 finished with value: 0.07779796421527863 and parameters: {'gradient_clip_val': 0.21515137162352285, 'hidden_size': 59, 'dropout': 0.10479925621871303, 'hidden_continuous_size': 28, 'attention_head_size': 3, 'learning_rate': 0.03624969355346225}. Best is trial 13 with value: 0.07779796421527863.
LOCAL_RANK: 0 - CUDA_VISIBLE_DEVICES: [0]
[I 2023-11-30 00:33:41,841] Trial 14 finished with value: 0.08804573863744736 and parameters: {'gradient_clip_val': 0.17638814373081402, 'hidden_size': 50, 'dropout': 0.10323986629746326, 'hidden_continuous_size': 32, 'attention_head_size': 4, 'learning_rate': 0.034652591700896615}. Best is trial 13 with value: 0.07779796421527863.
LOCAL_RANK: 0 - CUDA_VISIBLE_DEVICES: [0]
[I 2023-11-30 00:33:55,037] Trial 15 finished with value: 0.10617982596158981 and parameters: {'gradient_clip_val': 0.1689200158929566, 'hidden_size': 50, 'dropout': 0.10132143276300222, 'hidden_continuous_size': 32, 'attention_head_size': 4, 'learning_rate': 0.026511310896395995}. Best is trial 13 with value: 0.07779796421527863.
LOCAL_RANK: 0 - CUDA_VISIBLE_DEVICES: [0]
[I 2023-11-30 00:34:08,153] Trial 16 finished with value: 0.159517303109169 and parameters: {'gradient_clip_val': 0.15419517213678685, 'hidden_size': 47, 'dropout': 0.1741326341459135, 'hidden_continuous_size': 32, 'attention_head_size': 4, 'learning_rate': 0.02143534353714226}. Best is trial 13 with value: 0.07779796421527863.
LOCAL_RANK: 0 - CUDA_VISIBLE_DEVICES: [0]
[I 2023-11-30 00:34:20,938] Trial 17 finished with value: 0.10036230087280273 and parameters: {'gradient_clip_val': 0.18906066681912984, 'hidden_size': 33, 'dropout': 0.10474789325501419, 'hidden_continuous_size': 28, 'attention_head_size': 4, 'learning_rate': 0.05162660248651444}. Best is trial 13 with value: 0.07779796421527863.
LOCAL_RANK: 0 - CUDA_VISIBLE_DEVICES: [0]
[I 2023-11-30 00:34:34,392] Trial 18 finished with value: 0.2518335282802582 and parameters: {'gradient_clip_val': 0.1313209354365344, 'hidden_size': 62, 'dropout': 0.18921378171271488, 'hidden_continuous_size': 40, 'attention_head_size': 3, 'learning_rate': 0.008786526168380175}. Best is trial 13 with value: 0.07779796421527863.
LOCAL_RANK: 0 - CUDA_VISIBLE_DEVICES: [0]
[I 2023-11-30 00:34:47,143] Trial 19 finished with value: 0.12222080677747726 and parameters: {'gradient_clip_val': 0.212935744257755, 'hidden_size': 37, 'dropout': 0.152864988620268, 'hidden_continuous_size': 28, 'attention_head_size': 4, 'learning_rate': 0.042195883975930666}. Best is trial 13 with value: 0.07779796421527863.
LOCAL_RANK: 0 - CUDA_VISIBLE_DEVICES: [0]
[I 2023-11-30 00:35:01,275] Trial 20 finished with value: 0.10126018524169922 and parameters: {'gradient_clip_val': 0.13672625078024642, 'hidden_size': 110, 'dropout': 0.10322619261342604, 'hidden_continuous_size': 47, 'attention_head_size': 3, 'learning_rate': 0.020407987438122818}. Best is trial 13 with value: 0.07779796421527863.
LOCAL_RANK: 0 - CUDA_VISIBLE_DEVICES: [0]
[I 2023-11-30 00:35:14,039] Trial 21 finished with value: 0.07420197874307632 and parameters: {'gradient_clip_val': 0.1880371190099266, 'hidden_size': 35, 'dropout': 0.1043686546441551, 'hidden_continuous_size': 26, 'attention_head_size': 4, 'learning_rate': 0.05470006402064656}. Best is trial 21 with value: 0.07420197874307632.
LOCAL_RANK: 0 - CUDA_VISIBLE_DEVICES: [0]
[I 2023-11-30 00:35:27,142] Trial 22 finished with value: 0.1782408505678177 and parameters: {'gradient_clip_val': 0.18580663842061723, 'hidden_size': 64, 'dropout': 0.13299112180197392, 'hidden_continuous_size': 20, 'attention_head_size': 4, 'learning_rate': 0.05607620785402939}. Best is trial 21 with value: 0.07420197874307632.
LOCAL_RANK: 0 - CUDA_VISIBLE_DEVICES: [0]
[I 2023-11-30 00:35:40,124] Trial 23 finished with value: 0.10582178831100464 and parameters: {'gradient_clip_val': 0.23368777958216155, 'hidden_size': 45, 'dropout': 0.1538172516259605, 'hidden_continuous_size': 27, 'attention_head_size': 4, 'learning_rate': 0.03155603886512744}. Best is trial 21 with value: 0.07420197874307632.
LOCAL_RANK: 0 - CUDA_VISIBLE_DEVICES: [0]
[I 2023-11-30 00:35:52,698] Trial 24 finished with value: 0.1027476117014885 and parameters: {'gradient_clip_val': 0.2748800031606407, 'hidden_size': 31, 'dropout': 0.1289134327604988, 'hidden_continuous_size': 22, 'attention_head_size': 3, 'learning_rate': 0.054224493406298}. Best is trial 21 with value: 0.07420197874307632.
LOCAL_RANK: 0 - CUDA_VISIBLE_DEVICES: [0]
[I 2023-11-30 00:36:06,183] Trial 25 finished with value: 0.0792616456747055 and parameters: {'gradient_clip_val': 0.20111185583407962, 'hidden_size': 54, 'dropout': 0.1009219742479045, 'hidden_continuous_size': 31, 'attention_head_size': 4, 'learning_rate': 0.028368470937282984}. Best is trial 21 with value: 0.07420197874307632.
LOCAL_RANK: 0 - CUDA_VISIBLE_DEVICES: [0]
[I 2023-11-30 00:36:19,360] Trial 26 finished with value: 0.11688018590211868 and parameters: {'gradient_clip_val': 0.20762160865747964, 'hidden_size': 64, 'dropout': 0.19514279485198724, 'hidden_continuous_size': 40, 'attention_head_size': 3, 'learning_rate': 0.06999321728057449}. Best is trial 21 with value: 0.07420197874307632.
LOCAL_RANK: 0 - CUDA_VISIBLE_DEVICES: [0]
[I 2023-11-30 00:36:32,200] Trial 27 finished with value: 0.13023875653743744 and parameters: {'gradient_clip_val': 0.26573117167174115, 'hidden_size': 41, 'dropout': 0.16387604940116135, 'hidden_continuous_size': 25, 'attention_head_size': 4, 'learning_rate': 0.027424789146698426}. Best is trial 21 with value: 0.07420197874307632.
LOCAL_RANK: 0 - CUDA_VISIBLE_DEVICES: [0]
[I 2023-11-30 00:36:44,631] Trial 28 finished with value: 0.10102774947881699 and parameters: {'gradient_clip_val': 0.1363306640806483, 'hidden_size': 31, 'dropout': 0.12638079638044944, 'hidden_continuous_size': 15, 'attention_head_size': 4, 'learning_rate': 0.07010107474644346}. Best is trial 21 with value: 0.07420197874307632.
LOCAL_RANK: 0 - CUDA_VISIBLE_DEVICES: [0]
[I 2023-11-30 00:36:57,611] Trial 29 finished with value: 0.2172798365354538 and parameters: {'gradient_clip_val': 0.349686225480291, 'hidden_size': 55, 'dropout': 0.14691496547202595, 'hidden_continuous_size': 20, 'attention_head_size': 2, 'learning_rate': 0.04106352686078521}. Best is trial 21 with value: 0.07420197874307632.
LOCAL_RANK: 0 - CUDA_VISIBLE_DEVICES: [0]
[I 2023-11-30 00:37:11,468] Trial 30 finished with value: 0.10862072557210922 and parameters: {'gradient_clip_val': 0.2467945434019551, 'hidden_size': 73, 'dropout': 0.11880399826635929, 'hidden_continuous_size': 47, 'attention_head_size': 3, 'learning_rate': 0.017265447801053758}. Best is trial 21 with value: 0.07420197874307632.
LOCAL_RANK: 0 - CUDA_VISIBLE_DEVICES: [0]
[I 2023-11-30 00:37:24,604] Trial 31 finished with value: 0.10709384828805923 and parameters: {'gradient_clip_val': 0.1889097420338368, 'hidden_size': 51, 'dropout': 0.10115596779849002, 'hidden_continuous_size': 30, 'attention_head_size': 4, 'learning_rate': 0.034304332522982754}. Best is trial 21 with value: 0.07420197874307632.
LOCAL_RANK: 0 - CUDA_VISIBLE_DEVICES: [0]
[I 2023-11-30 00:37:37,526] Trial 32 finished with value: 0.10858526825904846 and parameters: {'gradient_clip_val': 0.20666018133343173, 'hidden_size': 43, 'dropout': 0.11848699596769902, 'hidden_continuous_size': 30, 'attention_head_size': 4, 'learning_rate': 0.027505726552747464}. Best is trial 21 with value: 0.07420197874307632.
LOCAL_RANK: 0 - CUDA_VISIBLE_DEVICES: [0]
[I 2023-11-30 00:37:50,969] Trial 33 finished with value: 0.15427963435649872 and parameters: {'gradient_clip_val': 0.16123730645165738, 'hidden_size': 57, 'dropout': 0.10072187082596752, 'hidden_continuous_size': 34, 'attention_head_size': 4, 'learning_rate': 0.03780469571643909}. Best is trial 21 with value: 0.07420197874307632.
LOCAL_RANK: 0 - CUDA_VISIBLE_DEVICES: [0]
[I 2023-11-30 00:38:03,949] Trial 34 finished with value: 0.10356951504945755 and parameters: {'gradient_clip_val': 0.1813803602191068, 'hidden_size': 51, 'dropout': 0.13273577251047708, 'hidden_continuous_size': 26, 'attention_head_size': 4, 'learning_rate': 0.02210656367660604}. Best is trial 21 with value: 0.07420197874307632.
LOCAL_RANK: 0 - CUDA_VISIBLE_DEVICES: [0]
[I 2023-11-30 00:38:17,584] Trial 35 finished with value: 0.23329120874404907 and parameters: {'gradient_clip_val': 0.2696965340174099, 'hidden_size': 65, 'dropout': 0.12080040926876463, 'hidden_continuous_size': 36, 'attention_head_size': 3, 'learning_rate': 0.00549704030722083}. Best is trial 21 with value: 0.07420197874307632.
LOCAL_RANK: 0 - CUDA_VISIBLE_DEVICES: [0]
[I 2023-11-30 00:38:31,474] Trial 36 finished with value: 0.1649574488401413 and parameters: {'gradient_clip_val': 0.15814541088537298, 'hidden_size': 93, 'dropout': 0.179460304053601, 'hidden_continuous_size': 38, 'attention_head_size': 4, 'learning_rate': 0.014257356996840186}. Best is trial 21 with value: 0.07420197874307632.
LOCAL_RANK: 0 - CUDA_VISIBLE_DEVICES: [0]
[I 2023-11-30 00:38:44,070] Trial 37 finished with value: 0.11962202936410904 and parameters: {'gradient_clip_val': 0.3385963295834434, 'hidden_size': 36, 'dropout': 0.15191858202259836, 'hidden_continuous_size': 24, 'attention_head_size': 4, 'learning_rate': 0.06627784385061654}. Best is trial 21 with value: 0.07420197874307632.
LOCAL_RANK: 0 - CUDA_VISIBLE_DEVICES: [0]
[I 2023-11-30 00:38:56,913] Trial 38 finished with value: 0.1152925118803978 and parameters: {'gradient_clip_val': 0.21144398760872898, 'hidden_size': 44, 'dropout': 0.14007254857327273, 'hidden_continuous_size': 30, 'attention_head_size': 4, 'learning_rate': 0.0354900340533433}. Best is trial 21 with value: 0.07420197874307632.
LOCAL_RANK: 0 - CUDA_VISIBLE_DEVICES: [0]
[I 2023-11-30 00:39:09,083] Trial 39 finished with value: 0.47931328415870667 and parameters: {'gradient_clip_val': 0.11581269066718228, 'hidden_size': 26, 'dropout': 0.2219616847643528, 'hidden_continuous_size': 13, 'attention_head_size': 2, 'learning_rate': 0.010984301863911722}. Best is trial 21 with value: 0.07420197874307632.
LOCAL_RANK: 0 - CUDA_VISIBLE_DEVICES: [0]
[I 2023-11-30 00:39:22,399] Trial 40 finished with value: 0.10749123245477676 and parameters: {'gradient_clip_val': 0.16816415991414377, 'hidden_size': 54, 'dropout': 0.16097644329995417, 'hidden_continuous_size': 28, 'attention_head_size': 3, 'learning_rate': 0.04359043918281259}. Best is trial 21 with value: 0.07420197874307632.
LOCAL_RANK: 0 - CUDA_VISIBLE_DEVICES: [0]
[I 2023-11-30 00:39:35,452] Trial 41 finished with value: 0.1118936762213707 and parameters: {'gradient_clip_val': 0.17985646389637708, 'hidden_size': 34, 'dropout': 0.11344536492538673, 'hidden_continuous_size': 27, 'attention_head_size': 4, 'learning_rate': 0.05133649085851852}. Best is trial 21 with value: 0.07420197874307632.
LOCAL_RANK: 0 - CUDA_VISIBLE_DEVICES: [0]
[I 2023-11-30 00:39:48,145] Trial 42 finished with value: 0.12027063220739365 and parameters: {'gradient_clip_val': 0.19575398879749598, 'hidden_size': 40, 'dropout': 0.11276097266660834, 'hidden_continuous_size': 29, 'attention_head_size': 4, 'learning_rate': 0.027450380636306573}. Best is trial 21 with value: 0.07420197874307632.
LOCAL_RANK: 0 - CUDA_VISIBLE_DEVICES: [0]
[I 2023-11-30 00:40:00,722] Trial 43 finished with value: 0.0976075604557991 and parameters: {'gradient_clip_val': 0.21628290185530355, 'hidden_size': 27, 'dropout': 0.13549225513484678, 'hidden_continuous_size': 24, 'attention_head_size': 4, 'learning_rate': 0.05962332151841694}. Best is trial 21 with value: 0.07420197874307632.
LOCAL_RANK: 0 - CUDA_VISIBLE_DEVICES: [0]
[I 2023-11-30 00:40:13,304] Trial 44 finished with value: 0.12566296756267548 and parameters: {'gradient_clip_val': 0.22893982832587, 'hidden_size': 26, 'dropout': 0.13171474937800146, 'hidden_continuous_size': 24, 'attention_head_size': 4, 'learning_rate': 0.07442211231387687}. Best is trial 21 with value: 0.07420197874307632.
LOCAL_RANK: 0 - CUDA_VISIBLE_DEVICES: [0]
[I 2023-11-30 00:40:26,228] Trial 45 finished with value: 0.09935855865478516 and parameters: {'gradient_clip_val': 0.2533248169777964, 'hidden_size': 47, 'dropout': 0.11967342434907335, 'hidden_continuous_size': 23, 'attention_head_size': 3, 'learning_rate': 0.041240922864222394}. Best is trial 21 with value: 0.07420197874307632.
LOCAL_RANK: 0 - CUDA_VISIBLE_DEVICES: [0]
[I 2023-11-30 00:40:38,405] Trial 46 finished with value: 0.1040334478020668 and parameters: {'gradient_clip_val': 0.14596023560820703, 'hidden_size': 23, 'dropout': 0.13531530311089587, 'hidden_continuous_size': 22, 'attention_head_size': 1, 'learning_rate': 0.08511593672791415}. Best is trial 21 with value: 0.07420197874307632.
LOCAL_RANK: 0 - CUDA_VISIBLE_DEVICES: [0]
[I 2023-11-30 00:40:51,201] Trial 47 finished with value: 0.08703728765249252 and parameters: {'gradient_clip_val': 0.22289848425440575, 'hidden_size': 40, 'dropout': 0.1101169814467462, 'hidden_continuous_size': 26, 'attention_head_size': 4, 'learning_rate': 0.06228216063075014}. Best is trial 21 with value: 0.07420197874307632.
LOCAL_RANK: 0 - CUDA_VISIBLE_DEVICES: [0]
[I 2023-11-30 00:41:03,803] Trial 48 finished with value: 0.16462145745754242 and parameters: {'gradient_clip_val': 0.17261201721633704, 'hidden_size': 40, 'dropout': 0.11416816380623043, 'hidden_continuous_size': 26, 'attention_head_size': 4, 'learning_rate': 0.04774184369584236}. Best is trial 21 with value: 0.07420197874307632.
LOCAL_RANK: 0 - CUDA_VISIBLE_DEVICES: [0]
[I 2023-11-30 00:41:17,320] Trial 49 finished with value: 0.23512780666351318 and parameters: {'gradient_clip_val': 0.2443820004140295, 'hidden_size': 71, 'dropout': 0.14571314402623892, 'hidden_continuous_size': 34, 'attention_head_size': 3, 'learning_rate': 0.0593092434083836}. Best is trial 21 with value: 0.07420197874307632.
LOCAL_RANK: 0 - CUDA_VISIBLE_DEVICES: [0]
[I 2023-11-30 00:41:30,937] Trial 50 finished with value: 0.11950447410345078 and parameters: {'gradient_clip_val': 0.2920695096842625, 'hidden_size': 58, 'dropout': 0.10977524822923967, 'hidden_continuous_size': 32, 'attention_head_size': 4, 'learning_rate': 0.08214378780129554}. Best is trial 21 with value: 0.07420197874307632.
LOCAL_RANK: 0 - CUDA_VISIBLE_DEVICES: [0]
[I 2023-11-30 00:41:43,803] Trial 51 finished with value: 0.08072659373283386 and parameters: {'gradient_clip_val': 0.22034120818864938, 'hidden_size': 48, 'dropout': 0.12858064926797835, 'hidden_continuous_size': 24, 'attention_head_size': 4, 'learning_rate': 0.06138554292699098}. Best is trial 21 with value: 0.07420197874307632.
LOCAL_RANK: 0 - CUDA_VISIBLE_DEVICES: [0]
[I 2023-11-30 00:41:56,544] Trial 52 finished with value: 0.12660051882266998 and parameters: {'gradient_clip_val': 0.22271974589951324, 'hidden_size': 48, 'dropout': 0.10319016576527164, 'hidden_continuous_size': 26, 'attention_head_size': 4, 'learning_rate': 0.04871372131437502}. Best is trial 21 with value: 0.07420197874307632.
LOCAL_RANK: 0 - CUDA_VISIBLE_DEVICES: [0]
[I 2023-11-30 00:42:09,468] Trial 53 finished with value: 0.06972213834524155 and parameters: {'gradient_clip_val': 0.19891242103727425, 'hidden_size': 38, 'dropout': 0.126142090588101, 'hidden_continuous_size': 28, 'attention_head_size': 4, 'learning_rate': 0.032430656293034474}. Best is trial 53 with value: 0.06972213834524155.
LOCAL_RANK: 0 - CUDA_VISIBLE_DEVICES: [0]
[I 2023-11-30 00:42:22,120] Trial 54 finished with value: 0.06802880018949509 and parameters: {'gradient_clip_val': 0.19772770228654699, 'hidden_size': 38, 'dropout': 0.1255536982857531, 'hidden_continuous_size': 27, 'attention_head_size': 4, 'learning_rate': 0.08467315334193967}. Best is trial 54 with value: 0.06802880018949509.
LOCAL_RANK: 0 - CUDA_VISIBLE_DEVICES: [0]
[I 2023-11-30 00:42:34,996] Trial 55 finished with value: 0.12486565858125687 and parameters: {'gradient_clip_val': 0.19861128387904128, 'hidden_size': 36, 'dropout': 0.12369625818198518, 'hidden_continuous_size': 28, 'attention_head_size': 4, 'learning_rate': 0.07722644806295557}. Best is trial 54 with value: 0.06802880018949509.
LOCAL_RANK: 0 - CUDA_VISIBLE_DEVICES: [0]
[I 2023-11-30 00:42:47,866] Trial 56 finished with value: 0.09366849809885025 and parameters: {'gradient_clip_val': 0.19183494037605942, 'hidden_size': 45, 'dropout': 0.14418971776517442, 'hidden_continuous_size': 21, 'attention_head_size': 4, 'learning_rate': 0.0946405975421179}. Best is trial 54 with value: 0.06802880018949509.
LOCAL_RANK: 0 - CUDA_VISIBLE_DEVICES: [0]
[I 2023-11-30 00:43:00,455] Trial 57 finished with value: 0.11900737881660461 and parameters: {'gradient_clip_val': 0.15271113430132852, 'hidden_size': 32, 'dropout': 0.15998567210026265, 'hidden_continuous_size': 27, 'attention_head_size': 3, 'learning_rate': 0.03277174112171869}. Best is trial 54 with value: 0.06802880018949509.
LOCAL_RANK: 0 - CUDA_VISIBLE_DEVICES: [0]
[I 2023-11-30 00:43:13,519] Trial 58 finished with value: 0.217865988612175 and parameters: {'gradient_clip_val': 0.16696897613188996, 'hidden_size': 59, 'dropout': 0.1286449245169875, 'hidden_continuous_size': 19, 'attention_head_size': 4, 'learning_rate': 0.04484208700524564}. Best is trial 54 with value: 0.06802880018949509.
LOCAL_RANK: 0 - CUDA_VISIBLE_DEVICES: [0]
[I 2023-11-30 00:43:26,382] Trial 59 finished with value: 0.12707865238189697 and parameters: {'gradient_clip_val': 0.2035257212035506, 'hidden_size': 38, 'dropout': 0.16780467666124105, 'hidden_continuous_size': 25, 'attention_head_size': 2, 'learning_rate': 0.0640304284466325}. Best is trial 54 with value: 0.06802880018949509.
LOCAL_RANK: 0 - CUDA_VISIBLE_DEVICES: [0]
[I 2023-11-30 00:43:39,376] Trial 60 finished with value: 0.12452291697263718 and parameters: {'gradient_clip_val': 0.24992289102926515, 'hidden_size': 51, 'dropout': 0.14266156120354478, 'hidden_continuous_size': 23, 'attention_head_size': 3, 'learning_rate': 0.052243086924130475}. Best is trial 54 with value: 0.06802880018949509.
LOCAL_RANK: 0 - CUDA_VISIBLE_DEVICES: [0]
[I 2023-11-30 00:43:52,253] Trial 61 finished with value: 0.12194359302520752 and parameters: {'gradient_clip_val': 0.22385480754298973, 'hidden_size': 41, 'dropout': 0.10874830172285462, 'hidden_continuous_size': 29, 'attention_head_size': 4, 'learning_rate': 0.060465797665130626}. Best is trial 54 with value: 0.06802880018949509.
LOCAL_RANK: 0 - CUDA_VISIBLE_DEVICES: [0]
[I 2023-11-30 00:44:05,077] Trial 62 finished with value: 0.10529056936502457 and parameters: {'gradient_clip_val': 0.22955075416178364, 'hidden_size': 43, 'dropout': 0.12403946827342281, 'hidden_continuous_size': 27, 'attention_head_size': 4, 'learning_rate': 0.08300617258776763}. Best is trial 54 with value: 0.06802880018949509.
LOCAL_RANK: 0 - CUDA_VISIBLE_DEVICES: [0]
[I 2023-11-30 00:44:17,994] Trial 63 finished with value: 0.1130906343460083 and parameters: {'gradient_clip_val': 0.17562522103320574, 'hidden_size': 35, 'dropout': 0.10894838299187865, 'hidden_continuous_size': 26, 'attention_head_size': 4, 'learning_rate': 0.0682308205461892}. Best is trial 54 with value: 0.06802880018949509.
LOCAL_RANK: 0 - CUDA_VISIBLE_DEVICES: [0]
[I 2023-11-30 00:44:30,889] Trial 64 finished with value: 0.12951792776584625 and parameters: {'gradient_clip_val': 0.19547324917870051, 'hidden_size': 29, 'dropout': 0.10012665066239372, 'hidden_continuous_size': 25, 'attention_head_size': 4, 'learning_rate': 0.0398353325035123}. Best is trial 54 with value: 0.06802880018949509.
LOCAL_RANK: 0 - CUDA_VISIBLE_DEVICES: [0]
[I 2023-11-30 00:44:43,667] Trial 65 finished with value: 0.10660610347986221 and parameters: {'gradient_clip_val': 0.21391520484372956, 'hidden_size': 40, 'dropout': 0.11505582742390436, 'hidden_continuous_size': 31, 'attention_head_size': 4, 'learning_rate': 0.09303874319649157}. Best is trial 54 with value: 0.06802880018949509.
LOCAL_RANK: 0 - CUDA_VISIBLE_DEVICES: [0]
[I 2023-11-30 00:44:56,414] Trial 66 finished with value: 0.1133967861533165 and parameters: {'gradient_clip_val': 0.2598438237618256, 'hidden_size': 33, 'dropout': 0.12681549856150567, 'hidden_continuous_size': 29, 'attention_head_size': 4, 'learning_rate': 0.052129246568190686}. Best is trial 54 with value: 0.06802880018949509.
LOCAL_RANK: 0 - CUDA_VISIBLE_DEVICES: [0]
[I 2023-11-30 00:45:09,638] Trial 67 finished with value: 0.1886032074689865 and parameters: {'gradient_clip_val': 0.18264763297265987, 'hidden_size': 54, 'dropout': 0.15365563545694066, 'hidden_continuous_size': 31, 'attention_head_size': 4, 'learning_rate': 0.03104040003751269}. Best is trial 54 with value: 0.06802880018949509.
LOCAL_RANK: 0 - CUDA_VISIBLE_DEVICES: [0]
[I 2023-11-30 00:45:22,677] Trial 68 finished with value: 0.10841574519872665 and parameters: {'gradient_clip_val': 0.24036253093726728, 'hidden_size': 47, 'dropout': 0.14063379116722602, 'hidden_continuous_size': 23, 'attention_head_size': 4, 'learning_rate': 0.07502798984982505}. Best is trial 54 with value: 0.06802880018949509.
LOCAL_RANK: 0 - CUDA_VISIBLE_DEVICES: [0]
