[I 2023-11-30 03:54:31,291] Trial 33 finished with value: 1.7721986770629883 and parameters: {'gradient_clip_val': 0.5147025594892171, 'hidden_size': 18, 'dropout': 0.35372020868250326, 'hidden_continuous_size': 10, 'attention_head_size': 3, 'learning_rate': 0.028451850783904283}. Best is trial 19 with value: 1.4923642873764038.
LOCAL_RANK: 0 - CUDA_VISIBLE_DEVICES: [0]
[I 2023-11-30 03:54:43,289] Trial 34 finished with value: 1.7732667922973633 and parameters: {'gradient_clip_val': 0.6253911799921776, 'hidden_size': 24, 'dropout': 0.33311003212104334, 'hidden_continuous_size': 12, 'attention_head_size': 2, 'learning_rate': 0.012863280132784937}. Best is trial 19 with value: 1.4923642873764038.
LOCAL_RANK: 0 - CUDA_VISIBLE_DEVICES: [0]
[I 2023-11-30 03:54:55,323] Trial 35 finished with value: 1.9610434770584106 and parameters: {'gradient_clip_val': 0.7812645414480818, 'hidden_size': 17, 'dropout': 0.38590010006666353, 'hidden_continuous_size': 10, 'attention_head_size': 1, 'learning_rate': 0.0196884880610846}. Best is trial 19 with value: 1.4923642873764038.
LOCAL_RANK: 0 - CUDA_VISIBLE_DEVICES: [0]
[I 2023-11-30 03:55:07,470] Trial 36 finished with value: 3.367076873779297 and parameters: {'gradient_clip_val': 0.4159735960243106, 'hidden_size': 13, 'dropout': 0.35484871159962206, 'hidden_continuous_size': 10, 'attention_head_size': 4, 'learning_rate': 0.006144844238390255}. Best is trial 19 with value: 1.4923642873764038.
LOCAL_RANK: 0 - CUDA_VISIBLE_DEVICES: [0]
[I 2023-11-30 03:55:19,511] Trial 37 finished with value: 2.2773094177246094 and parameters: {'gradient_clip_val': 0.3411308179190979, 'hidden_size': 14, 'dropout': 0.3683020698316848, 'hidden_continuous_size': 10, 'attention_head_size': 3, 'learning_rate': 0.013838611142083197}. Best is trial 19 with value: 1.4923642873764038.
LOCAL_RANK: 0 - CUDA_VISIBLE_DEVICES: [0]
[I 2023-11-30 03:55:31,666] Trial 38 finished with value: 1.636247992515564 and parameters: {'gradient_clip_val': 0.5579952426332083, 'hidden_size': 11, 'dropout': 0.3964999983688238, 'hidden_continuous_size': 10, 'attention_head_size': 1, 'learning_rate': 0.040343254739397004}. Best is trial 19 with value: 1.4923642873764038.
LOCAL_RANK: 0 - CUDA_VISIBLE_DEVICES: [0]
[I 2023-11-30 03:55:43,461] Trial 39 finished with value: 1.845694899559021 and parameters: {'gradient_clip_val': 0.5341181079587348, 'hidden_size': 11, 'dropout': 0.3375018560667314, 'hidden_continuous_size': 10, 'attention_head_size': 1, 'learning_rate': 0.028834077054131223}. Best is trial 19 with value: 1.4923642873764038.
LOCAL_RANK: 0 - CUDA_VISIBLE_DEVICES: [0]
[I 2023-11-30 03:55:55,285] Trial 40 finished with value: 1.8810831308364868 and parameters: {'gradient_clip_val': 0.7115974776512409, 'hidden_size': 11, 'dropout': 0.38174519978681376, 'hidden_continuous_size': 10, 'attention_head_size': 1, 'learning_rate': 0.06290872251165128}. Best is trial 19 with value: 1.4923642873764038.
LOCAL_RANK: 0 - CUDA_VISIBLE_DEVICES: [0]
[I 2023-11-30 03:56:07,322] Trial 41 finished with value: 2.04421329498291 and parameters: {'gradient_clip_val': 0.6342280211787663, 'hidden_size': 15, 'dropout': 0.3989315778265985, 'hidden_continuous_size': 11, 'attention_head_size': 1, 'learning_rate': 0.0360471383725757}. Best is trial 19 with value: 1.4923642873764038.
LOCAL_RANK: 0 - CUDA_VISIBLE_DEVICES: [0]
[I 2023-11-30 03:56:19,152] Trial 42 finished with value: 2.2647740840911865 and parameters: {'gradient_clip_val': 0.839977098409367, 'hidden_size': 13, 'dropout': 0.3674735666236168, 'hidden_continuous_size': 10, 'attention_head_size': 2, 'learning_rate': 0.025127621003317092}. Best is trial 19 with value: 1.4923642873764038.
LOCAL_RANK: 0 - CUDA_VISIBLE_DEVICES: [0]
[I 2023-11-30 03:56:31,403] Trial 43 finished with value: 1.7628735303878784 and parameters: {'gradient_clip_val': 0.5578912695414405, 'hidden_size': 22, 'dropout': 0.38731091268750384, 'hidden_continuous_size': 12, 'attention_head_size': 1, 'learning_rate': 0.036847304035508274}. Best is trial 19 with value: 1.4923642873764038.
LOCAL_RANK: 0 - CUDA_VISIBLE_DEVICES: [0]
[I 2023-11-30 03:56:43,319] Trial 44 finished with value: 1.659132957458496 and parameters: {'gradient_clip_val': 0.46837442910709914, 'hidden_size': 11, 'dropout': 0.3975894222697023, 'hidden_continuous_size': 10, 'attention_head_size': 2, 'learning_rate': 0.019079837398135086}. Best is trial 19 with value: 1.4923642873764038.
LOCAL_RANK: 0 - CUDA_VISIBLE_DEVICES: [0]
[I 2023-11-30 03:56:53,662] Trial 45 finished with value: 2.40616774559021 and parameters: {'gradient_clip_val': 0.4598499128854744, 'hidden_size': 10, 'dropout': 0.3684153889621044, 'hidden_continuous_size': 10, 'attention_head_size': 1, 'learning_rate': 0.015853882904952377}. Best is trial 19 with value: 1.4923642873764038.
LOCAL_RANK: 0 - CUDA_VISIBLE_DEVICES: [0]
[I 2023-11-30 03:57:05,643] Trial 46 finished with value: 2.1320714950561523 and parameters: {'gradient_clip_val': 0.4356098608839227, 'hidden_size': 11, 'dropout': 0.3567989661103711, 'hidden_continuous_size': 10, 'attention_head_size': 3, 'learning_rate': 0.017650193595261866}. Best is trial 19 with value: 1.4923642873764038.
LOCAL_RANK: 0 - CUDA_VISIBLE_DEVICES: [0]
[I 2023-11-30 03:57:15,745] Trial 47 finished with value: 2.066208600997925 and parameters: {'gradient_clip_val': 0.5042441313179608, 'hidden_size': 10, 'dropout': 0.3866686780424385, 'hidden_continuous_size': 10, 'attention_head_size': 2, 'learning_rate': 0.011307225678432226}. Best is trial 19 with value: 1.4923642873764038.
LOCAL_RANK: 0 - CUDA_VISIBLE_DEVICES: [0]
[I 2023-11-30 03:57:27,695] Trial 48 finished with value: 1.9386955499649048 and parameters: {'gradient_clip_val': 0.6154901043245931, 'hidden_size': 13, 'dropout': 0.39942528990298226, 'hidden_continuous_size': 11, 'attention_head_size': 1, 'learning_rate': 0.02593879208019472}. Best is trial 19 with value: 1.4923642873764038.
LOCAL_RANK: 0 - CUDA_VISIBLE_DEVICES: [0]
[I 2023-11-30 03:57:39,489] Trial 49 finished with value: 1.957196593284607 and parameters: {'gradient_clip_val': 0.5569800756993937, 'hidden_size': 15, 'dropout': 0.35128523020169733, 'hidden_continuous_size': 11, 'attention_head_size': 1, 'learning_rate': 0.05805585134329444}. Best is trial 19 with value: 1.4923642873764038.
LOCAL_RANK: 0 - CUDA_VISIBLE_DEVICES: [0]
[I 2023-11-30 03:57:51,351] Trial 50 finished with value: 1.589124321937561 and parameters: {'gradient_clip_val': 0.4943256457656525, 'hidden_size': 11, 'dropout': 0.36208924678441895, 'hidden_continuous_size': 10, 'attention_head_size': 2, 'learning_rate': 0.03417705052141195}. Best is trial 19 with value: 1.4923642873764038.
LOCAL_RANK: 0 - CUDA_VISIBLE_DEVICES: [0]
[I 2023-11-30 03:58:03,208] Trial 51 finished with value: 1.6446799039840698 and parameters: {'gradient_clip_val': 0.48188211667710745, 'hidden_size': 11, 'dropout': 0.3754749496103097, 'hidden_continuous_size': 10, 'attention_head_size': 2, 'learning_rate': 0.0326485987793332}. Best is trial 19 with value: 1.4923642873764038.
LOCAL_RANK: 0 - CUDA_VISIBLE_DEVICES: [0]
[I 2023-11-30 03:58:15,281] Trial 52 finished with value: 1.569916844367981 and parameters: {'gradient_clip_val': 0.5119614707673948, 'hidden_size': 12, 'dropout': 0.36171846344775893, 'hidden_continuous_size': 10, 'attention_head_size': 2, 'learning_rate': 0.03346268702795963}. Best is trial 19 with value: 1.4923642873764038.
LOCAL_RANK: 0 - CUDA_VISIBLE_DEVICES: [0]
[I 2023-11-30 03:58:27,485] Trial 53 finished with value: 1.825289249420166 and parameters: {'gradient_clip_val': 0.6168754232677379, 'hidden_size': 13, 'dropout': 0.34420789480902236, 'hidden_continuous_size': 10, 'attention_head_size': 2, 'learning_rate': 0.041854830384845824}. Best is trial 19 with value: 1.4923642873764038.
LOCAL_RANK: 0 - CUDA_VISIBLE_DEVICES: [0]
[I 2023-11-30 03:58:39,669] Trial 54 finished with value: 1.6503998041152954 and parameters: {'gradient_clip_val': 0.6986714720244285, 'hidden_size': 18, 'dropout': 0.3278514482764788, 'hidden_continuous_size': 11, 'attention_head_size': 3, 'learning_rate': 0.03528948469794141}. Best is trial 19 with value: 1.4923642873764038.
LOCAL_RANK: 0 - CUDA_VISIBLE_DEVICES: [0]
[I 2023-11-30 03:58:49,968] Trial 55 finished with value: 1.7873109579086304 and parameters: {'gradient_clip_val': 0.5316235811367593, 'hidden_size': 10, 'dropout': 0.3596801521061539, 'hidden_continuous_size': 10, 'attention_head_size': 2, 'learning_rate': 0.04751827526024681}. Best is trial 19 with value: 1.4923642873764038.
LOCAL_RANK: 0 - CUDA_VISIBLE_DEVICES: [0]
[I 2023-11-30 03:59:01,646] Trial 56 finished with value: 1.773128867149353 and parameters: {'gradient_clip_val': 0.43115046438581167, 'hidden_size': 12, 'dropout': 0.309123683365683, 'hidden_continuous_size': 10, 'attention_head_size': 1, 'learning_rate': 0.025191947166231146}. Best is trial 19 with value: 1.4923642873764038.
LOCAL_RANK: 0 - CUDA_VISIBLE_DEVICES: [0]
[I 2023-11-30 03:59:13,488] Trial 57 finished with value: 2.1994564533233643 and parameters: {'gradient_clip_val': 0.587552933835851, 'hidden_size': 16, 'dropout': 0.3448461019888899, 'hidden_continuous_size': 11, 'attention_head_size': 2, 'learning_rate': 0.03236667587849388}. Best is trial 19 with value: 1.4923642873764038.
LOCAL_RANK: 0 - CUDA_VISIBLE_DEVICES: [0]
[I 2023-11-30 03:59:25,501] Trial 58 finished with value: 2.294275999069214 and parameters: {'gradient_clip_val': 0.7264672300161431, 'hidden_size': 20, 'dropout': 0.36190944055079394, 'hidden_continuous_size': 14, 'attention_head_size': 1, 'learning_rate': 0.05634746688386878}. Best is trial 19 with value: 1.4923642873764038.
LOCAL_RANK: 0 - CUDA_VISIBLE_DEVICES: [0]
[I 2023-11-30 03:59:37,205] Trial 59 finished with value: 2.0338165760040283 and parameters: {'gradient_clip_val': 0.6584634595478374, 'hidden_size': 12, 'dropout': 0.32983509225381474, 'hidden_continuous_size': 10, 'attention_head_size': 2, 'learning_rate': 0.07638115238794475}. Best is trial 19 with value: 1.4923642873764038.
LOCAL_RANK: 0 - CUDA_VISIBLE_DEVICES: [0]
[I 2023-11-30 03:59:49,360] Trial 60 finished with value: 1.838077187538147 and parameters: {'gradient_clip_val': 0.5094628061490787, 'hidden_size': 14, 'dropout': 0.38686579541588545, 'hidden_continuous_size': 11, 'attention_head_size': 3, 'learning_rate': 0.04073116501705538}. Best is trial 19 with value: 1.4923642873764038.
LOCAL_RANK: 0 - CUDA_VISIBLE_DEVICES: [0]
[I 2023-11-30 04:00:01,350] Trial 61 finished with value: 1.6557512283325195 and parameters: {'gradient_clip_val': 0.4918669989570929, 'hidden_size': 11, 'dropout': 0.3740690601267216, 'hidden_continuous_size': 10, 'attention_head_size': 2, 'learning_rate': 0.03204032077821509}. Best is trial 19 with value: 1.4923642873764038.
LOCAL_RANK: 0 - CUDA_VISIBLE_DEVICES: [0]
[I 2023-11-30 04:00:11,538] Trial 62 finished with value: 1.5996025800704956 and parameters: {'gradient_clip_val': 0.5629399939517155, 'hidden_size': 10, 'dropout': 0.3757105729875394, 'hidden_continuous_size': 10, 'attention_head_size': 2, 'learning_rate': 0.026048821987460224}. Best is trial 19 with value: 1.4923642873764038.
LOCAL_RANK: 0 - CUDA_VISIBLE_DEVICES: [0]
[I 2023-11-30 04:00:21,807] Trial 63 finished with value: 1.7736425399780273 and parameters: {'gradient_clip_val': 0.5687800841846982, 'hidden_size': 10, 'dropout': 0.3643880000321994, 'hidden_continuous_size': 10, 'attention_head_size': 2, 'learning_rate': 0.022138955473655318}. Best is trial 19 with value: 1.4923642873764038.
LOCAL_RANK: 0 - CUDA_VISIBLE_DEVICES: [0]
[I 2023-11-30 04:00:33,744] Trial 64 finished with value: 2.591346502304077 and parameters: {'gradient_clip_val': 0.7675672115653626, 'hidden_size': 13, 'dropout': 0.34411828011307033, 'hidden_continuous_size': 10, 'attention_head_size': 2, 'learning_rate': 0.02641921834714895}. Best is trial 19 with value: 1.4923642873764038.
LOCAL_RANK: 0 - CUDA_VISIBLE_DEVICES: [0]
[I 2023-11-30 04:00:43,738] Trial 65 finished with value: 2.4664418697357178 and parameters: {'gradient_clip_val': 0.5573618667310419, 'hidden_size': 10, 'dropout': 0.3896691569192832, 'hidden_continuous_size': 10, 'attention_head_size': 1, 'learning_rate': 0.015922918557125264}. Best is trial 19 with value: 1.4923642873764038.
LOCAL_RANK: 0 - CUDA_VISIBLE_DEVICES: [0]
[I 2023-11-30 04:00:55,373] Trial 66 finished with value: 1.624759554862976 and parameters: {'gradient_clip_val': 0.6470388176438331, 'hidden_size': 12, 'dropout': 0.3766432257952501, 'hidden_continuous_size': 10, 'attention_head_size': 2, 'learning_rate': 0.043074625187145374}. Best is trial 19 with value: 1.4923642873764038.
LOCAL_RANK: 0 - CUDA_VISIBLE_DEVICES: [0]
[I 2023-11-30 04:01:07,101] Trial 67 finished with value: 1.8188234567642212 and parameters: {'gradient_clip_val': 0.6450784916413091, 'hidden_size': 12, 'dropout': 0.37530389435012373, 'hidden_continuous_size': 10, 'attention_head_size': 2, 'learning_rate': 0.024012161002909076}. Best is trial 19 with value: 1.4923642873764038.
LOCAL_RANK: 0 - CUDA_VISIBLE_DEVICES: [0]
[I 2023-11-30 04:01:19,271] Trial 68 finished with value: 1.7320181131362915 and parameters: {'gradient_clip_val': 0.6021800929865452, 'hidden_size': 16, 'dropout': 0.35260827049794513, 'hidden_continuous_size': 14, 'attention_head_size': 2, 'learning_rate': 0.020282655872450414}. Best is trial 19 with value: 1.4923642873764038.
LOCAL_RANK: 0 - CUDA_VISIBLE_DEVICES: [0]
[I 2023-11-30 04:01:31,379] Trial 69 finished with value: 2.055527925491333 and parameters: {'gradient_clip_val': 0.6703208447368652, 'hidden_size': 15, 'dropout': 0.31824274231048205, 'hidden_continuous_size': 11, 'attention_head_size': 2, 'learning_rate': 0.028966093947483642}. Best is trial 19 with value: 1.4923642873764038.
LOCAL_RANK: 0 - CUDA_VISIBLE_DEVICES: [0]
[I 2023-11-30 04:01:43,821] Trial 70 finished with value: 2.212524175643921 and parameters: {'gradient_clip_val': 0.7558579632978707, 'hidden_size': 19, 'dropout': 0.3352438905801623, 'hidden_continuous_size': 13, 'attention_head_size': 2, 'learning_rate': 0.045250505742560135}. Best is trial 19 with value: 1.4923642873764038.
LOCAL_RANK: 0 - CUDA_VISIBLE_DEVICES: [0]
[I 2023-11-30 04:01:55,837] Trial 71 finished with value: 1.8560329675674438 and parameters: {'gradient_clip_val': 0.5273515515484611, 'hidden_size': 11, 'dropout': 0.37709290148269914, 'hidden_continuous_size': 10, 'attention_head_size': 2, 'learning_rate': 0.05144966996880286}. Best is trial 19 with value: 1.4923642873764038.
LOCAL_RANK: 0 - CUDA_VISIBLE_DEVICES: [0]
[I 2023-11-30 04:02:07,698] Trial 72 finished with value: 1.682115912437439 and parameters: {'gradient_clip_val': 0.5866128113481517, 'hidden_size': 14, 'dropout': 0.35890128700447155, 'hidden_continuous_size': 10, 'attention_head_size': 1, 'learning_rate': 0.03797812991414251}. Best is trial 19 with value: 1.4923642873764038.
LOCAL_RANK: 0 - CUDA_VISIBLE_DEVICES: [0]
[I 2023-11-30 04:02:19,894] Trial 73 finished with value: 1.7433120012283325 and parameters: {'gradient_clip_val': 0.5353796123559458, 'hidden_size': 13, 'dropout': 0.3906443424006546, 'hidden_continuous_size': 10, 'attention_head_size': 2, 'learning_rate': 0.040580100740154376}. Best is trial 19 with value: 1.4923642873764038.
LOCAL_RANK: 0 - CUDA_VISIBLE_DEVICES: [0]
[I 2023-11-30 04:02:31,714] Trial 74 finished with value: 1.6838735342025757 and parameters: {'gradient_clip_val': 0.6976622836942716, 'hidden_size': 12, 'dropout': 0.3681054722102889, 'hidden_continuous_size': 10, 'attention_head_size': 3, 'learning_rate': 0.03328202321554838}. Best is trial 19 with value: 1.4923642873764038.
LOCAL_RANK: 0 - CUDA_VISIBLE_DEVICES: [0]
[I 2023-11-30 04:02:43,567] Trial 75 finished with value: 1.890990138053894 and parameters: {'gradient_clip_val': 0.6149120561081823, 'hidden_size': 11, 'dropout': 0.3905873089572947, 'hidden_continuous_size': 10, 'attention_head_size': 1, 'learning_rate': 0.029012719683393307}. Best is trial 19 with value: 1.4923642873764038.
LOCAL_RANK: 0 - CUDA_VISIBLE_DEVICES: [0]
[I 2023-11-30 04:02:53,665] Trial 76 finished with value: 2.0871212482452393 and parameters: {'gradient_clip_val': 0.4741517915322845, 'hidden_size': 10, 'dropout': 0.37919722800240835, 'hidden_continuous_size': 10, 'attention_head_size': 1, 'learning_rate': 0.04477655570219593}. Best is trial 19 with value: 1.4923642873764038.
LOCAL_RANK: 0 - CUDA_VISIBLE_DEVICES: [0]
[I 2023-11-30 04:03:05,786] Trial 77 finished with value: 2.4497597217559814 and parameters: {'gradient_clip_val': 0.44481590653501035, 'hidden_size': 17, 'dropout': 0.3707458127160307, 'hidden_continuous_size': 12, 'attention_head_size': 2, 'learning_rate': 0.05166719487582675}. Best is trial 19 with value: 1.4923642873764038.
LOCAL_RANK: 0 - CUDA_VISIBLE_DEVICES: [0]
[I 2023-11-30 04:03:17,882] Trial 78 finished with value: 2.431211233139038 and parameters: {'gradient_clip_val': 0.6558035251062486, 'hidden_size': 12, 'dropout': 0.38280887678878367, 'hidden_continuous_size': 10, 'attention_head_size': 4, 'learning_rate': 0.021546500485052005}. Best is trial 19 with value: 1.4923642873764038.
LOCAL_RANK: 0 - CUDA_VISIBLE_DEVICES: [0]
[I 2023-11-30 04:03:30,310] Trial 79 finished with value: 2.0765292644500732 and parameters: {'gradient_clip_val': 0.5009236708212204, 'hidden_size': 35, 'dropout': 0.3519423231472123, 'hidden_continuous_size': 12, 'attention_head_size': 2, 'learning_rate': 0.0370804391791526}. Best is trial 19 with value: 1.4923642873764038.
LOCAL_RANK: 0 - CUDA_VISIBLE_DEVICES: [0]
[I 2023-11-30 04:03:42,166] Trial 80 finished with value: 2.4768190383911133 and parameters: {'gradient_clip_val': 0.40418362982232126, 'hidden_size': 14, 'dropout': 0.36339379162413615, 'hidden_continuous_size': 11, 'attention_head_size': 1, 'learning_rate': 0.023875732492084384}. Best is trial 19 with value: 1.4923642873764038.
LOCAL_RANK: 0 - CUDA_VISIBLE_DEVICES: [0]
[I 2023-11-30 04:03:54,073] Trial 81 finished with value: 1.7303768396377563 and parameters: {'gradient_clip_val': 0.4918628244795531, 'hidden_size': 11, 'dropout': 0.37305132539903285, 'hidden_continuous_size': 10, 'attention_head_size': 2, 'learning_rate': 0.036722250859351345}. Best is trial 19 with value: 1.4923642873764038.
LOCAL_RANK: 0 - CUDA_VISIBLE_DEVICES: [0]
[I 2023-11-30 04:04:04,245] Trial 82 finished with value: 1.7734447717666626 and parameters: {'gradient_clip_val': 0.5603936352636706, 'hidden_size': 10, 'dropout': 0.39249131195503334, 'hidden_continuous_size': 10, 'attention_head_size': 2, 'learning_rate': 0.032983601855847984}. Best is trial 19 with value: 1.4923642873764038.
LOCAL_RANK: 0 - CUDA_VISIBLE_DEVICES: [0]
[I 2023-11-30 04:04:16,102] Trial 83 finished with value: 1.9884201288223267 and parameters: {'gradient_clip_val': 0.4558270037050595, 'hidden_size': 13, 'dropout': 0.38097268627632586, 'hidden_continuous_size': 10, 'attention_head_size': 2, 'learning_rate': 0.030916240664986175}. Best is trial 19 with value: 1.4923642873764038.
LOCAL_RANK: 0 - CUDA_VISIBLE_DEVICES: [0]
[I 2023-11-30 04:04:28,169] Trial 84 finished with value: 1.9256941080093384 and parameters: {'gradient_clip_val': 0.5904088754944754, 'hidden_size': 11, 'dropout': 0.3999689162611263, 'hidden_continuous_size': 10, 'attention_head_size': 2, 'learning_rate': 0.04333268747350339}. Best is trial 19 with value: 1.4923642873764038.
LOCAL_RANK: 0 - CUDA_VISIBLE_DEVICES: [0]
[I 2023-11-30 04:04:40,245] Trial 85 finished with value: 1.6685577630996704 and parameters: {'gradient_clip_val': 0.48330404971885144, 'hidden_size': 15, 'dropout': 0.3403626754884338, 'hidden_continuous_size': 11, 'attention_head_size': 2, 'learning_rate': 0.02767952824204555}. Best is trial 19 with value: 1.4923642873764038.
LOCAL_RANK: 0 - CUDA_VISIBLE_DEVICES: [0]
[I 2023-11-30 04:04:51,865] Trial 86 finished with value: 1.794866919517517 and parameters: {'gradient_clip_val': 0.5243178984779188, 'hidden_size': 12, 'dropout': 0.3578899618761272, 'hidden_continuous_size': 10, 'attention_head_size': 1, 'learning_rate': 0.018530823098794117}. Best is trial 19 with value: 1.4923642873764038.
LOCAL_RANK: 0 - CUDA_VISIBLE_DEVICES: [0]
[I 2023-11-30 04:05:03,712] Trial 87 finished with value: 1.8731685876846313 and parameters: {'gradient_clip_val': 0.632311259705244, 'hidden_size': 11, 'dropout': 0.3757546279910561, 'hidden_continuous_size': 10, 'attention_head_size': 2, 'learning_rate': 0.026684908671133014}. Best is trial 19 with value: 1.4923642873764038.
LOCAL_RANK: 0 - CUDA_VISIBLE_DEVICES: [0]
[I 2023-11-30 04:05:14,107] Trial 88 finished with value: 1.9585744142532349 and parameters: {'gradient_clip_val': 0.42554055022635784, 'hidden_size': 10, 'dropout': 0.35029121375115224, 'hidden_continuous_size': 10, 'attention_head_size': 2, 'learning_rate': 0.03218958384943683}. Best is trial 19 with value: 1.4923642873764038.
LOCAL_RANK: 0 - CUDA_VISIBLE_DEVICES: [0]
[I 2023-11-30 04:05:25,993] Trial 89 finished with value: 1.9179874658584595 and parameters: {'gradient_clip_val': 0.38156632766578147, 'hidden_size': 13, 'dropout': 0.3926220203524404, 'hidden_continuous_size': 10, 'attention_head_size': 1, 'learning_rate': 0.023362320114570095}. Best is trial 19 with value: 1.4923642873764038.
LOCAL_RANK: 0 - CUDA_VISIBLE_DEVICES: [0]
[I 2023-11-30 04:05:38,150] Trial 90 finished with value: 1.5601304769515991 and parameters: {'gradient_clip_val': 0.5557450280695956, 'hidden_size': 23, 'dropout': 0.3828928782581201, 'hidden_continuous_size': 15, 'attention_head_size': 2, 'learning_rate': 0.015644134178459647}. Best is trial 19 with value: 1.4923642873764038.
LOCAL_RANK: 0 - CUDA_VISIBLE_DEVICES: [0]
[I 2023-11-30 04:05:50,299] Trial 91 finished with value: 1.8635374307632446 and parameters: {'gradient_clip_val': 0.5526495028180847, 'hidden_size': 22, 'dropout': 0.3820024874876191, 'hidden_continuous_size': 14, 'attention_head_size': 2, 'learning_rate': 0.015078737925883632}. Best is trial 19 with value: 1.4923642873764038.
LOCAL_RANK: 0 - CUDA_VISIBLE_DEVICES: [0]
