[I 2023-11-30 10:10:56,916] Trial 115 finished with value: 0.21023033559322357 and parameters: {'gradient_clip_val': 0.7892819079076543, 'hidden_size': 55, 'dropout': 0.2791526897067761, 'hidden_continuous_size': 15, 'attention_head_size': 1, 'learning_rate': 0.04133065320130896}. Best is trial 113 with value: 0.05701502040028572.
LOCAL_RANK: 0 - CUDA_VISIBLE_DEVICES: [0]
[I 2023-11-30 10:11:09,279] Trial 116 finished with value: 0.1498519331216812 and parameters: {'gradient_clip_val': 0.8725981055009154, 'hidden_size': 48, 'dropout': 0.25359642590962994, 'hidden_continuous_size': 16, 'attention_head_size': 1, 'learning_rate': 0.019901710426901205}. Best is trial 113 with value: 0.05701502040028572.
LOCAL_RANK: 0 - CUDA_VISIBLE_DEVICES: [0]
[I 2023-11-30 10:11:22,373] Trial 117 finished with value: 0.08225464075803757 and parameters: {'gradient_clip_val': 0.6248147885801384, 'hidden_size': 72, 'dropout': 0.3044787072226583, 'hidden_continuous_size': 17, 'attention_head_size': 1, 'learning_rate': 0.0530163501416179}. Best is trial 113 with value: 0.05701502040028572.
LOCAL_RANK: 0 - CUDA_VISIBLE_DEVICES: [0]
[I 2023-11-30 10:11:35,365] Trial 118 finished with value: 0.1123618558049202 and parameters: {'gradient_clip_val': 0.6287550735889635, 'hidden_size': 63, 'dropout': 0.30496414515196085, 'hidden_continuous_size': 17, 'attention_head_size': 1, 'learning_rate': 0.053563800888892184}. Best is trial 113 with value: 0.05701502040028572.
LOCAL_RANK: 0 - CUDA_VISIBLE_DEVICES: [0]
[I 2023-11-30 10:11:48,713] Trial 119 finished with value: 0.13006794452667236 and parameters: {'gradient_clip_val': 0.6824020257834587, 'hidden_size': 70, 'dropout': 0.3104456376963962, 'hidden_continuous_size': 18, 'attention_head_size': 1, 'learning_rate': 0.05855666332621173}. Best is trial 113 with value: 0.05701502040028572.
LOCAL_RANK: 0 - CUDA_VISIBLE_DEVICES: [0]
[I 2023-11-30 10:12:01,414] Trial 120 finished with value: 0.09557056427001953 and parameters: {'gradient_clip_val': 0.5445171179880965, 'hidden_size': 53, 'dropout': 0.33630995786186973, 'hidden_continuous_size': 16, 'attention_head_size': 1, 'learning_rate': 0.06859339598895252}. Best is trial 113 with value: 0.05701502040028572.
LOCAL_RANK: 0 - CUDA_VISIBLE_DEVICES: [0]
[I 2023-11-30 10:12:14,564] Trial 121 finished with value: 0.1688733547925949 and parameters: {'gradient_clip_val': 0.7671520213706373, 'hidden_size': 73, 'dropout': 0.3158407482362936, 'hidden_continuous_size': 19, 'attention_head_size': 1, 'learning_rate': 0.04682343656707887}. Best is trial 113 with value: 0.05701502040028572.
LOCAL_RANK: 0 - CUDA_VISIBLE_DEVICES: [0]
[I 2023-11-30 10:12:27,375] Trial 122 finished with value: 0.12511107325553894 and parameters: {'gradient_clip_val': 0.6123119215343518, 'hidden_size': 60, 'dropout': 0.2889802198252097, 'hidden_continuous_size': 17, 'attention_head_size': 1, 'learning_rate': 0.08300182163554873}. Best is trial 113 with value: 0.05701502040028572.
LOCAL_RANK: 0 - CUDA_VISIBLE_DEVICES: [0]
[I 2023-11-30 10:12:40,065] Trial 123 finished with value: 0.0962228998541832 and parameters: {'gradient_clip_val': 0.5874339794498391, 'hidden_size': 50, 'dropout': 0.2757524537819526, 'hidden_continuous_size': 15, 'attention_head_size': 1, 'learning_rate': 0.029681792147810353}. Best is trial 113 with value: 0.05701502040028572.
LOCAL_RANK: 0 - CUDA_VISIBLE_DEVICES: [0]
[I 2023-11-30 10:12:53,365] Trial 124 finished with value: 0.1463579684495926 and parameters: {'gradient_clip_val': 0.657297197378404, 'hidden_size': 77, 'dropout': 0.3015762231365241, 'hidden_continuous_size': 18, 'attention_head_size': 1, 'learning_rate': 0.06372956411878512}. Best is trial 113 with value: 0.05701502040028572.
LOCAL_RANK: 0 - CUDA_VISIBLE_DEVICES: [0]
[I 2023-11-30 10:13:06,779] Trial 125 finished with value: 0.11499007791280746 and parameters: {'gradient_clip_val': 0.7411460128573449, 'hidden_size': 81, 'dropout': 0.3228843920430636, 'hidden_continuous_size': 14, 'attention_head_size': 1, 'learning_rate': 0.03391722924182119}. Best is trial 113 with value: 0.05701502040028572.
LOCAL_RANK: 0 - CUDA_VISIBLE_DEVICES: [0]
[I 2023-11-30 10:13:19,751] Trial 126 finished with value: 0.14022688567638397 and parameters: {'gradient_clip_val': 0.8479807109603319, 'hidden_size': 69, 'dropout': 0.2932255924519523, 'hidden_continuous_size': 16, 'attention_head_size': 1, 'learning_rate': 0.017534236713450516}. Best is trial 113 with value: 0.05701502040028572.
LOCAL_RANK: 0 - CUDA_VISIBLE_DEVICES: [0]
[I 2023-11-30 10:13:32,462] Trial 127 finished with value: 0.09492623060941696 and parameters: {'gradient_clip_val': 0.5091255936493825, 'hidden_size': 46, 'dropout': 0.30684163674266923, 'hidden_continuous_size': 18, 'attention_head_size': 2, 'learning_rate': 0.05169215570455391}. Best is trial 113 with value: 0.05701502040028572.
LOCAL_RANK: 0 - CUDA_VISIBLE_DEVICES: [0]
[I 2023-11-30 10:13:45,433] Trial 128 finished with value: 0.09828037023544312 and parameters: {'gradient_clip_val': 0.6877377194061227, 'hidden_size': 65, 'dropout': 0.26647389420962264, 'hidden_continuous_size': 17, 'attention_head_size': 1, 'learning_rate': 0.04355602239210548}. Best is trial 113 with value: 0.05701502040028572.
LOCAL_RANK: 0 - CUDA_VISIBLE_DEVICES: [0]
[I 2023-11-30 10:13:58,753] Trial 129 finished with value: 0.1381196230649948 and parameters: {'gradient_clip_val': 0.8018730445971507, 'hidden_size': 55, 'dropout': 0.2824601217872891, 'hidden_continuous_size': 25, 'attention_head_size': 1, 'learning_rate': 0.03707208175999388}. Best is trial 113 with value: 0.05701502040028572.
LOCAL_RANK: 0 - CUDA_VISIBLE_DEVICES: [0]
[I 2023-11-30 10:14:11,310] Trial 130 finished with value: 0.3012571334838867 and parameters: {'gradient_clip_val': 0.9029758866227475, 'hidden_size': 40, 'dropout': 0.2959531472203409, 'hidden_continuous_size': 21, 'attention_head_size': 1, 'learning_rate': 0.022570404483937646}. Best is trial 113 with value: 0.05701502040028572.
LOCAL_RANK: 0 - CUDA_VISIBLE_DEVICES: [0]
[I 2023-11-30 10:14:24,277] Trial 131 finished with value: 0.09312039613723755 and parameters: {'gradient_clip_val': 0.9529184453633106, 'hidden_size': 58, 'dropout': 0.286021803050965, 'hidden_continuous_size': 20, 'attention_head_size': 1, 'learning_rate': 0.026938969488481426}. Best is trial 113 with value: 0.05701502040028572.
LOCAL_RANK: 0 - CUDA_VISIBLE_DEVICES: [0]
[I 2023-11-30 10:14:37,169] Trial 132 finished with value: 0.1367051899433136 and parameters: {'gradient_clip_val': 0.9572761471531348, 'hidden_size': 58, 'dropout': 0.28368807730501905, 'hidden_continuous_size': 19, 'attention_head_size': 1, 'learning_rate': 0.030789348665075003}. Best is trial 113 with value: 0.05701502040028572.
LOCAL_RANK: 0 - CUDA_VISIBLE_DEVICES: [0]
[I 2023-11-30 10:14:50,096] Trial 133 finished with value: 0.09537919610738754 and parameters: {'gradient_clip_val': 0.8768656038820559, 'hidden_size': 62, 'dropout': 0.30103201411281316, 'hidden_continuous_size': 20, 'attention_head_size': 1, 'learning_rate': 0.025128785546462487}. Best is trial 113 with value: 0.05701502040028572.
LOCAL_RANK: 0 - CUDA_VISIBLE_DEVICES: [0]
[I 2023-11-30 10:15:03,059] Trial 134 finished with value: 0.11970648914575577 and parameters: {'gradient_clip_val': 0.7162110006857199, 'hidden_size': 53, 'dropout': 0.2736429971108526, 'hidden_continuous_size': 22, 'attention_head_size': 1, 'learning_rate': 0.05683090584297842}. Best is trial 113 with value: 0.05701502040028572.
LOCAL_RANK: 0 - CUDA_VISIBLE_DEVICES: [0]
[I 2023-11-30 10:15:16,521] Trial 135 finished with value: 0.12554585933685303 and parameters: {'gradient_clip_val': 0.8346845189082982, 'hidden_size': 67, 'dropout': 0.2601796953005362, 'hidden_continuous_size': 55, 'attention_head_size': 1, 'learning_rate': 0.027885994767861754}. Best is trial 113 with value: 0.05701502040028572.
LOCAL_RANK: 0 - CUDA_VISIBLE_DEVICES: [0]
[I 2023-11-30 10:15:29,225] Trial 136 finished with value: 0.17443668842315674 and parameters: {'gradient_clip_val': 0.9271316367456571, 'hidden_size': 46, 'dropout': 0.3141514498954063, 'hidden_continuous_size': 21, 'attention_head_size': 3, 'learning_rate': 0.02107533359717163}. Best is trial 113 with value: 0.05701502040028572.
LOCAL_RANK: 0 - CUDA_VISIBLE_DEVICES: [0]
[I 2023-11-30 10:15:42,175] Trial 137 finished with value: 0.08898553252220154 and parameters: {'gradient_clip_val': 0.9999686960981999, 'hidden_size': 57, 'dropout': 0.2296485942305288, 'hidden_continuous_size': 23, 'attention_head_size': 1, 'learning_rate': 0.039270640589720913}. Best is trial 113 with value: 0.05701502040028572.
LOCAL_RANK: 0 - CUDA_VISIBLE_DEVICES: [0]
[I 2023-11-30 10:15:54,990] Trial 138 finished with value: 0.08412215113639832 and parameters: {'gradient_clip_val': 0.5584698683861298, 'hidden_size': 56, 'dropout': 0.23325807258902118, 'hidden_continuous_size': 23, 'attention_head_size': 1, 'learning_rate': 0.04954860041979007}. Best is trial 113 with value: 0.05701502040028572.
LOCAL_RANK: 0 - CUDA_VISIBLE_DEVICES: [0]
[I 2023-11-30 10:16:07,967] Trial 139 finished with value: 0.09442490339279175 and parameters: {'gradient_clip_val': 0.5938287994541858, 'hidden_size': 50, 'dropout': 0.22878748588121262, 'hidden_continuous_size': 23, 'attention_head_size': 1, 'learning_rate': 0.04694636109916853}. Best is trial 113 with value: 0.05701502040028572.
LOCAL_RANK: 0 - CUDA_VISIBLE_DEVICES: [0]
[I 2023-11-30 10:16:20,642] Trial 140 finished with value: 0.12457361072301865 and parameters: {'gradient_clip_val': 0.5409611074533878, 'hidden_size': 56, 'dropout': 0.24707476950462812, 'hidden_continuous_size': 24, 'attention_head_size': 1, 'learning_rate': 0.051202857040040316}. Best is trial 113 with value: 0.05701502040028572.
LOCAL_RANK: 0 - CUDA_VISIBLE_DEVICES: [0]
[I 2023-11-30 10:16:33,517] Trial 141 finished with value: 0.11352527141571045 and parameters: {'gradient_clip_val': 0.6304401832085107, 'hidden_size': 58, 'dropout': 0.19580189776161688, 'hidden_continuous_size': 23, 'attention_head_size': 1, 'learning_rate': 0.038156284171980255}. Best is trial 113 with value: 0.05701502040028572.
LOCAL_RANK: 0 - CUDA_VISIBLE_DEVICES: [0]
[I 2023-11-30 10:16:46,235] Trial 142 finished with value: 0.08682307600975037 and parameters: {'gradient_clip_val': 0.5581342997862754, 'hidden_size': 53, 'dropout': 0.22260622482181386, 'hidden_continuous_size': 22, 'attention_head_size': 1, 'learning_rate': 0.07772396066266904}. Best is trial 113 with value: 0.05701502040028572.
LOCAL_RANK: 0 - CUDA_VISIBLE_DEVICES: [0]
[I 2023-11-30 10:16:59,048] Trial 143 finished with value: 0.17474693059921265 and parameters: {'gradient_clip_val': 0.5150196136569088, 'hidden_size': 52, 'dropout': 0.22902333085064067, 'hidden_continuous_size': 22, 'attention_head_size': 1, 'learning_rate': 0.07354461042748335}. Best is trial 113 with value: 0.05701502040028572.
LOCAL_RANK: 0 - CUDA_VISIBLE_DEVICES: [0]
[I 2023-11-30 10:17:11,789] Trial 144 finished with value: 0.14091815054416656 and parameters: {'gradient_clip_val': 0.4810708880102915, 'hidden_size': 48, 'dropout': 0.22075021988153315, 'hidden_continuous_size': 22, 'attention_head_size': 1, 'learning_rate': 0.0630064689478362}. Best is trial 113 with value: 0.05701502040028572.
LOCAL_RANK: 0 - CUDA_VISIBLE_DEVICES: [0]
[I 2023-11-30 10:17:24,348] Trial 145 finished with value: 0.16009272634983063 and parameters: {'gradient_clip_val': 0.5650998100161818, 'hidden_size': 44, 'dropout': 0.23763253431653228, 'hidden_continuous_size': 10, 'attention_head_size': 1, 'learning_rate': 0.09211821831075341}. Best is trial 113 with value: 0.05701502040028572.
LOCAL_RANK: 0 - CUDA_VISIBLE_DEVICES: [0]
[I 2023-11-30 10:17:37,449] Trial 146 finished with value: 0.09105490893125534 and parameters: {'gradient_clip_val': 0.6462589517830231, 'hidden_size': 62, 'dropout': 0.2123084102816851, 'hidden_continuous_size': 25, 'attention_head_size': 1, 'learning_rate': 0.07678221054860804}. Best is trial 113 with value: 0.05701502040028572.
LOCAL_RANK: 0 - CUDA_VISIBLE_DEVICES: [0]
[I 2023-11-30 10:17:50,582] Trial 147 finished with value: 0.07926079630851746 and parameters: {'gradient_clip_val': 0.6594690691326848, 'hidden_size': 65, 'dropout': 0.21151022392410138, 'hidden_continuous_size': 24, 'attention_head_size': 1, 'learning_rate': 0.058040627035426236}. Best is trial 113 with value: 0.05701502040028572.
LOCAL_RANK: 0 - CUDA_VISIBLE_DEVICES: [0]
[I 2023-11-30 10:18:03,646] Trial 148 finished with value: 0.0977853313088417 and parameters: {'gradient_clip_val': 0.6518204374808065, 'hidden_size': 62, 'dropout': 0.2144410513552412, 'hidden_continuous_size': 25, 'attention_head_size': 1, 'learning_rate': 0.07836874532756063}. Best is trial 113 with value: 0.05701502040028572.
LOCAL_RANK: 0 - CUDA_VISIBLE_DEVICES: [0]
[I 2023-11-30 10:18:16,828] Trial 149 finished with value: 0.10700657963752747 and parameters: {'gradient_clip_val': 0.5841690649428017, 'hidden_size': 72, 'dropout': 0.21041666628302794, 'hidden_continuous_size': 24, 'attention_head_size': 1, 'learning_rate': 0.08073951701706261}. Best is trial 113 with value: 0.05701502040028572.
[I 2023-11-30 10:18:16,937] A new study created in memory with name: no-name-207ac0a9-d90c-4a19-a87f-c23b0ec68718
/home/le004/conda/anaconda3/envs/tsff_env/lib/python3.9/site-packages/lightning/fabric/plugins/environments/slurm.py:191: The `srun` command is available on your system but is not used. HINT: If your intention is to run Lightning on SLURM, prepend your python command with `srun` like so: srun python /home/le004/master_thesis/git/TSFusionForecast/code/ ...
LOCAL_RANK: 0 - CUDA_VISIBLE_DEVICES: [0]
[I 2023-11-30 10:18:27,473] Trial 0 finished with value: 2.0867373943328857 and parameters: {'gradient_clip_val': 0.12404430731500153, 'hidden_size': 22, 'dropout': 0.1684002481087456, 'hidden_continuous_size': 22, 'attention_head_size': 3, 'learning_rate': 0.001483881100786387}. Best is trial 0 with value: 2.0867373943328857.
LOCAL_RANK: 0 - CUDA_VISIBLE_DEVICES: [0]
[I 2023-11-30 10:18:41,169] Trial 1 finished with value: 0.19506295025348663 and parameters: {'gradient_clip_val': 0.1409129393325618, 'hidden_size': 109, 'dropout': 0.35981278887401835, 'hidden_continuous_size': 19, 'attention_head_size': 2, 'learning_rate': 0.007442039655368892}. Best is trial 1 with value: 0.19506295025348663.
LOCAL_RANK: 0 - CUDA_VISIBLE_DEVICES: [0]
[I 2023-11-30 10:18:53,201] Trial 2 finished with value: 0.16780322790145874 and parameters: {'gradient_clip_val': 0.2646124446177196, 'hidden_size': 20, 'dropout': 0.23884110781902, 'hidden_continuous_size': 17, 'attention_head_size': 2, 'learning_rate': 0.09467361951359272}. Best is trial 2 with value: 0.16780322790145874.
LOCAL_RANK: 0 - CUDA_VISIBLE_DEVICES: [0]
[I 2023-11-30 10:19:05,445] Trial 3 finished with value: 1.3593147993087769 and parameters: {'gradient_clip_val': 0.6773299277132772, 'hidden_size': 17, 'dropout': 0.2592881982291566, 'hidden_continuous_size': 12, 'attention_head_size': 3, 'learning_rate': 0.0033704687250463825}. Best is trial 2 with value: 0.16780322790145874.
LOCAL_RANK: 0 - CUDA_VISIBLE_DEVICES: [0]
[I 2023-11-30 10:19:17,759] Trial 4 finished with value: 0.19754093885421753 and parameters: {'gradient_clip_val': 0.24075359503237198, 'hidden_size': 19, 'dropout': 0.2803830437009148, 'hidden_continuous_size': 17, 'attention_head_size': 2, 'learning_rate': 0.07938925734169493}. Best is trial 2 with value: 0.16780322790145874.
LOCAL_RANK: 0 - CUDA_VISIBLE_DEVICES: [0]
[I 2023-11-30 10:19:31,313] Trial 5 finished with value: 0.2377949208021164 and parameters: {'gradient_clip_val': 0.15023729076566505, 'hidden_size': 98, 'dropout': 0.37170330243397653, 'hidden_continuous_size': 20, 'attention_head_size': 2, 'learning_rate': 0.08823950733982215}. Best is trial 2 with value: 0.16780322790145874.
LOCAL_RANK: 0 - CUDA_VISIBLE_DEVICES: [0]
[I 2023-11-30 10:19:43,742] Trial 6 finished with value: 0.9630470275878906 and parameters: {'gradient_clip_val': 0.11969373769328547, 'hidden_size': 36, 'dropout': 0.1530874251779013, 'hidden_continuous_size': 18, 'attention_head_size': 1, 'learning_rate': 0.003551125247102537}. Best is trial 2 with value: 0.16780322790145874.
LOCAL_RANK: 0 - CUDA_VISIBLE_DEVICES: [0]
[I 2023-11-30 10:19:56,014] Trial 7 finished with value: 1.3479489088058472 and parameters: {'gradient_clip_val': 0.8086414511062353, 'hidden_size': 23, 'dropout': 0.2100418312251641, 'hidden_continuous_size': 16, 'attention_head_size': 3, 'learning_rate': 0.00268071454149386}. Best is trial 2 with value: 0.16780322790145874.
LOCAL_RANK: 0 - CUDA_VISIBLE_DEVICES: [0]
[I 2023-11-30 10:20:08,112] Trial 8 finished with value: 1.344702124595642 and parameters: {'gradient_clip_val': 0.3563342528699555, 'hidden_size': 13, 'dropout': 0.19764557143011469, 'hidden_continuous_size': 10, 'attention_head_size': 4, 'learning_rate': 0.009114273028008765}. Best is trial 2 with value: 0.16780322790145874.
LOCAL_RANK: 0 - CUDA_VISIBLE_DEVICES: [0]
[I 2023-11-30 10:20:21,218] Trial 9 finished with value: 0.2095607966184616 and parameters: {'gradient_clip_val': 0.6329127330413704, 'hidden_size': 33, 'dropout': 0.1691900091081605, 'hidden_continuous_size': 21, 'attention_head_size': 3, 'learning_rate': 0.020565012554065395}. Best is trial 2 with value: 0.16780322790145874.
LOCAL_RANK: 0 - CUDA_VISIBLE_DEVICES: [0]
[I 2023-11-30 10:20:31,414] Trial 10 finished with value: 0.7851026654243469 and parameters: {'gradient_clip_val': 0.3318123520945388, 'hidden_size': 10, 'dropout': 0.10316785028464306, 'hidden_continuous_size': 10, 'attention_head_size': 1, 'learning_rate': 0.032567065966101365}. Best is trial 2 with value: 0.16780322790145874.
LOCAL_RANK: 0 - CUDA_VISIBLE_DEVICES: [0]
[I 2023-11-30 10:20:45,370] Trial 11 finished with value: 0.19698859751224518 and parameters: {'gradient_clip_val': 0.1918050154146508, 'hidden_size': 119, 'dropout': 0.31832186520113864, 'hidden_continuous_size': 37, 'attention_head_size': 2, 'learning_rate': 0.010325132258588015}. Best is trial 2 with value: 0.16780322790145874.
LOCAL_RANK: 0 - CUDA_VISIBLE_DEVICES: [0]
[I 2023-11-30 10:20:58,679] Trial 12 finished with value: 0.18980520963668823 and parameters: {'gradient_clip_val': 0.10800130545724888, 'hidden_size': 66, 'dropout': 0.3997713750821007, 'hidden_continuous_size': 32, 'attention_head_size': 1, 'learning_rate': 0.039253523579055184}. Best is trial 2 with value: 0.16780322790145874.
LOCAL_RANK: 0 - CUDA_VISIBLE_DEVICES: [0]
[I 2023-11-30 10:21:11,623] Trial 13 finished with value: 0.1708955615758896 and parameters: {'gradient_clip_val': 0.26409839323461587, 'hidden_size': 60, 'dropout': 0.3907950715778099, 'hidden_continuous_size': 31, 'attention_head_size': 1, 'learning_rate': 0.04938537598941457}. Best is trial 2 with value: 0.16780322790145874.
LOCAL_RANK: 0 - CUDA_VISIBLE_DEVICES: [0]
[I 2023-11-30 10:21:24,789] Trial 14 finished with value: 0.23477387428283691 and parameters: {'gradient_clip_val': 0.245092536691224, 'hidden_size': 57, 'dropout': 0.2992363808734204, 'hidden_continuous_size': 29, 'attention_head_size': 1, 'learning_rate': 0.0957535115383857}. Best is trial 2 with value: 0.16780322790145874.
LOCAL_RANK: 0 - CUDA_VISIBLE_DEVICES: [0]
[I 2023-11-30 10:21:38,037] Trial 15 finished with value: 0.23351185023784637 and parameters: {'gradient_clip_val': 0.4310673355396257, 'hidden_size': 59, 'dropout': 0.23632305153951313, 'hidden_continuous_size': 52, 'attention_head_size': 1, 'learning_rate': 0.04864458307430646}. Best is trial 2 with value: 0.16780322790145874.
LOCAL_RANK: 0 - CUDA_VISIBLE_DEVICES: [0]
[I 2023-11-30 10:21:50,313] Trial 16 finished with value: 0.21053940057754517 and parameters: {'gradient_clip_val': 0.25336885599205267, 'hidden_size': 33, 'dropout': 0.3208231563589964, 'hidden_continuous_size': 15, 'attention_head_size': 2, 'learning_rate': 0.05596764880110806}. Best is trial 2 with value: 0.16780322790145874.
LOCAL_RANK: 0 - CUDA_VISIBLE_DEVICES: [0]
[I 2023-11-30 10:22:05,033] Trial 17 finished with value: 0.2363109439611435 and parameters: {'gradient_clip_val': 0.4282804684988778, 'hidden_size': 150, 'dropout': 0.26316621366624166, 'hidden_continuous_size': 95, 'attention_head_size': 4, 'learning_rate': 0.025372354258706844}. Best is trial 2 with value: 0.16780322790145874.
LOCAL_RANK: 0 - CUDA_VISIBLE_DEVICES: [0]
[I 2023-11-30 10:22:17,465] Trial 18 finished with value: 0.17902572453022003 and parameters: {'gradient_clip_val': 0.17817058504605723, 'hidden_size': 44, 'dropout': 0.3444936193294352, 'hidden_continuous_size': 13, 'attention_head_size': 1, 'learning_rate': 0.06142251249628027}. Best is trial 2 with value: 0.16780322790145874.
LOCAL_RANK: 0 - CUDA_VISIBLE_DEVICES: [0]
[I 2023-11-30 10:22:29,782] Trial 19 finished with value: 0.6042823791503906 and parameters: {'gradient_clip_val': 0.19737285261601958, 'hidden_size': 27, 'dropout': 0.2865281724372489, 'hidden_continuous_size': 13, 'attention_head_size': 2, 'learning_rate': 0.022801460130612725}. Best is trial 2 with value: 0.16780322790145874.
LOCAL_RANK: 0 - CUDA_VISIBLE_DEVICES: [0]
[I 2023-11-30 10:22:42,689] Trial 20 finished with value: 0.20273812115192413 and parameters: {'gradient_clip_val': 0.2773987835694138, 'hidden_size': 47, 'dropout': 0.3989872001787089, 'hidden_continuous_size': 25, 'attention_head_size': 1, 'learning_rate': 0.05454001137827964}. Best is trial 2 with value: 0.16780322790145874.
LOCAL_RANK: 0 - CUDA_VISIBLE_DEVICES: [0]
[I 2023-11-30 10:22:55,141] Trial 21 finished with value: 0.20535428822040558 and parameters: {'gradient_clip_val': 0.18313758158734444, 'hidden_size': 47, 'dropout': 0.34999833889465054, 'hidden_continuous_size': 14, 'attention_head_size': 1, 'learning_rate': 0.06992111149774848}. Best is trial 2 with value: 0.16780322790145874.
LOCAL_RANK: 0 - CUDA_VISIBLE_DEVICES: [0]
