[I 2023-11-30 14:27:46,500] Trial 68 finished with value: 20.40691566467285 and parameters: {'gradient_clip_val': 0.6654861313378361, 'hidden_size': 79, 'dropout': 0.10924159368271429, 'hidden_continuous_size': 13, 'attention_head_size': 4, 'learning_rate': 0.023857233352811844}. Best is trial 20 with value: 13.634937286376953.
LOCAL_RANK: 0 - CUDA_VISIBLE_DEVICES: [0]
[I 2023-11-30 14:28:00,862] Trial 69 finished with value: 14.934776306152344 and parameters: {'gradient_clip_val': 0.7249455143713694, 'hidden_size': 85, 'dropout': 0.11977814636190741, 'hidden_continuous_size': 15, 'attention_head_size': 4, 'learning_rate': 0.02927054120925606}. Best is trial 20 with value: 13.634937286376953.
LOCAL_RANK: 0 - CUDA_VISIBLE_DEVICES: [0]
[I 2023-11-30 14:28:15,942] Trial 70 finished with value: 16.448577880859375 and parameters: {'gradient_clip_val': 0.5890134857561127, 'hidden_size': 110, 'dropout': 0.12481177286670778, 'hidden_continuous_size': 15, 'attention_head_size': 4, 'learning_rate': 0.020740543216426387}. Best is trial 20 with value: 13.634937286376953.
LOCAL_RANK: 0 - CUDA_VISIBLE_DEVICES: [0]
[I 2023-11-30 14:28:30,246] Trial 71 finished with value: 18.047874450683594 and parameters: {'gradient_clip_val': 0.7348119147735095, 'hidden_size': 84, 'dropout': 0.13627017656772994, 'hidden_continuous_size': 17, 'attention_head_size': 4, 'learning_rate': 0.029671161889409554}. Best is trial 20 with value: 13.634937286376953.
LOCAL_RANK: 0 - CUDA_VISIBLE_DEVICES: [0]
[I 2023-11-30 14:28:43,880] Trial 72 finished with value: 12.634055137634277 and parameters: {'gradient_clip_val': 0.678800125422781, 'hidden_size': 60, 'dropout': 0.10758475914220028, 'hidden_continuous_size': 16, 'attention_head_size': 4, 'learning_rate': 0.03997899661264185}. Best is trial 72 with value: 12.634055137634277.
LOCAL_RANK: 0 - CUDA_VISIBLE_DEVICES: [0]
[I 2023-11-30 14:28:58,043] Trial 73 finished with value: 14.00904369354248 and parameters: {'gradient_clip_val': 0.6603123764004829, 'hidden_size': 60, 'dropout': 0.10578035180983669, 'hidden_continuous_size': 15, 'attention_head_size': 4, 'learning_rate': 0.03663846537700873}. Best is trial 72 with value: 12.634055137634277.
LOCAL_RANK: 0 - CUDA_VISIBLE_DEVICES: [0]
[I 2023-11-30 14:29:11,856] Trial 74 finished with value: 15.333903312683105 and parameters: {'gradient_clip_val': 0.656562681796215, 'hidden_size': 59, 'dropout': 0.10757190365065214, 'hidden_continuous_size': 14, 'attention_head_size': 4, 'learning_rate': 0.03685507516075611}. Best is trial 72 with value: 12.634055137634277.
LOCAL_RANK: 0 - CUDA_VISIBLE_DEVICES: [0]
[I 2023-11-30 14:29:25,897] Trial 75 finished with value: 29.265668869018555 and parameters: {'gradient_clip_val': 0.6491669491379478, 'hidden_size': 60, 'dropout': 0.11083593094242446, 'hidden_continuous_size': 14, 'attention_head_size': 4, 'learning_rate': 0.024864253701653894}. Best is trial 72 with value: 12.634055137634277.
LOCAL_RANK: 0 - CUDA_VISIBLE_DEVICES: [0]
[I 2023-11-30 14:29:39,821] Trial 76 finished with value: 25.478185653686523 and parameters: {'gradient_clip_val': 0.5983586187330752, 'hidden_size': 61, 'dropout': 0.12324755672164338, 'hidden_continuous_size': 16, 'attention_head_size': 4, 'learning_rate': 0.029959312686872186}. Best is trial 72 with value: 12.634055137634277.
LOCAL_RANK: 0 - CUDA_VISIBLE_DEVICES: [0]
[I 2023-11-30 14:29:53,104] Trial 77 finished with value: 18.355426788330078 and parameters: {'gradient_clip_val': 0.6511555530075739, 'hidden_size': 53, 'dropout': 0.14694549134438745, 'hidden_continuous_size': 15, 'attention_head_size': 4, 'learning_rate': 0.037200903008944824}. Best is trial 72 with value: 12.634055137634277.
LOCAL_RANK: 0 - CUDA_VISIBLE_DEVICES: [0]
[I 2023-11-30 14:30:07,464] Trial 78 finished with value: 15.805245399475098 and parameters: {'gradient_clip_val': 0.49934957525516055, 'hidden_size': 67, 'dropout': 0.10833992432954889, 'hidden_continuous_size': 14, 'attention_head_size': 4, 'learning_rate': 0.03503305647903224}. Best is trial 72 with value: 12.634055137634277.
LOCAL_RANK: 0 - CUDA_VISIBLE_DEVICES: [0]
[I 2023-11-30 14:30:21,456] Trial 79 finished with value: 13.463086128234863 and parameters: {'gradient_clip_val': 0.5650138220028202, 'hidden_size': 59, 'dropout': 0.10070133436537172, 'hidden_continuous_size': 18, 'attention_head_size': 4, 'learning_rate': 0.026625468913827083}. Best is trial 72 with value: 12.634055137634277.
LOCAL_RANK: 0 - CUDA_VISIBLE_DEVICES: [0]
[I 2023-11-30 14:30:35,016] Trial 80 finished with value: 16.855791091918945 and parameters: {'gradient_clip_val': 0.8455897880151416, 'hidden_size': 56, 'dropout': 0.10291848406602941, 'hidden_continuous_size': 18, 'attention_head_size': 4, 'learning_rate': 0.02245278940022322}. Best is trial 72 with value: 12.634055137634277.
LOCAL_RANK: 0 - CUDA_VISIBLE_DEVICES: [0]
[I 2023-11-30 14:30:48,647] Trial 81 finished with value: 14.900688171386719 and parameters: {'gradient_clip_val': 0.5556479215717426, 'hidden_size': 60, 'dropout': 0.1182784902049229, 'hidden_continuous_size': 17, 'attention_head_size': 4, 'learning_rate': 0.03161139399852933}. Best is trial 72 with value: 12.634055137634277.
LOCAL_RANK: 0 - CUDA_VISIBLE_DEVICES: [0]
[I 2023-11-30 14:31:02,879] Trial 82 finished with value: 13.933998107910156 and parameters: {'gradient_clip_val': 0.5408666355507109, 'hidden_size': 60, 'dropout': 0.11790567019467253, 'hidden_continuous_size': 16, 'attention_head_size': 4, 'learning_rate': 0.02627490583722578}. Best is trial 72 with value: 12.634055137634277.
LOCAL_RANK: 0 - CUDA_VISIBLE_DEVICES: [0]
[I 2023-11-30 14:31:16,998] Trial 83 finished with value: 21.62056541442871 and parameters: {'gradient_clip_val': 0.5566897359343637, 'hidden_size': 49, 'dropout': 0.11908226156402203, 'hidden_continuous_size': 16, 'attention_head_size': 4, 'learning_rate': 0.01785319111976357}. Best is trial 72 with value: 12.634055137634277.
LOCAL_RANK: 0 - CUDA_VISIBLE_DEVICES: [0]
[I 2023-11-30 14:31:31,569] Trial 84 finished with value: 20.321672439575195 and parameters: {'gradient_clip_val': 0.45455227303921497, 'hidden_size': 55, 'dropout': 0.11032946709941126, 'hidden_continuous_size': 15, 'attention_head_size': 4, 'learning_rate': 0.026910512001856547}. Best is trial 72 with value: 12.634055137634277.
LOCAL_RANK: 0 - CUDA_VISIBLE_DEVICES: [0]
[I 2023-11-30 14:31:45,622] Trial 85 finished with value: 13.582318305969238 and parameters: {'gradient_clip_val': 0.5395038573009311, 'hidden_size': 59, 'dropout': 0.1003698369875835, 'hidden_continuous_size': 17, 'attention_head_size': 4, 'learning_rate': 0.0331007077266159}. Best is trial 72 with value: 12.634055137634277.
LOCAL_RANK: 0 - CUDA_VISIBLE_DEVICES: [0]
[I 2023-11-30 14:32:00,123] Trial 86 finished with value: 16.271879196166992 and parameters: {'gradient_clip_val': 0.5500763003011098, 'hidden_size': 65, 'dropout': 0.1283278015287169, 'hidden_continuous_size': 20, 'attention_head_size': 4, 'learning_rate': 0.025370173507381442}. Best is trial 72 with value: 12.634055137634277.
LOCAL_RANK: 0 - CUDA_VISIBLE_DEVICES: [0]
[I 2023-11-30 14:32:13,931] Trial 87 finished with value: 17.75318145751953 and parameters: {'gradient_clip_val': 0.5295075549199111, 'hidden_size': 53, 'dropout': 0.11904736845610002, 'hidden_continuous_size': 16, 'attention_head_size': 4, 'learning_rate': 0.044710632466865616}. Best is trial 72 with value: 12.634055137634277.
LOCAL_RANK: 0 - CUDA_VISIBLE_DEVICES: [0]
[I 2023-11-30 14:32:28,348] Trial 88 finished with value: 18.83609962463379 and parameters: {'gradient_clip_val': 0.572423888099908, 'hidden_size': 76, 'dropout': 0.10221468893731248, 'hidden_continuous_size': 13, 'attention_head_size': 4, 'learning_rate': 0.03309159519884757}. Best is trial 72 with value: 12.634055137634277.
LOCAL_RANK: 0 - CUDA_VISIBLE_DEVICES: [0]
[I 2023-11-30 14:32:41,840] Trial 89 finished with value: 17.79156494140625 and parameters: {'gradient_clip_val': 0.4956960035849528, 'hidden_size': 48, 'dropout': 0.12765708573816298, 'hidden_continuous_size': 17, 'attention_head_size': 4, 'learning_rate': 0.02225151386584731}. Best is trial 72 with value: 12.634055137634277.
LOCAL_RANK: 0 - CUDA_VISIBLE_DEVICES: [0]
[I 2023-11-30 14:32:56,132] Trial 90 finished with value: 12.917569160461426 and parameters: {'gradient_clip_val': 0.6154091059839929, 'hidden_size': 51, 'dropout': 0.11478741798037782, 'hidden_continuous_size': 18, 'attention_head_size': 3, 'learning_rate': 0.027025882090483015}. Best is trial 72 with value: 12.634055137634277.
LOCAL_RANK: 0 - CUDA_VISIBLE_DEVICES: [0]
[I 2023-11-30 14:33:09,563] Trial 91 finished with value: 18.558225631713867 and parameters: {'gradient_clip_val': 0.6008077772137181, 'hidden_size': 51, 'dropout': 0.1157155062156616, 'hidden_continuous_size': 18, 'attention_head_size': 3, 'learning_rate': 0.027181911349049286}. Best is trial 72 with value: 12.634055137634277.
LOCAL_RANK: 0 - CUDA_VISIBLE_DEVICES: [0]
[I 2023-11-30 14:33:23,866] Trial 92 finished with value: 28.130929946899414 and parameters: {'gradient_clip_val': 0.5255333379269921, 'hidden_size': 59, 'dropout': 0.10995166615775115, 'hidden_continuous_size': 15, 'attention_head_size': 4, 'learning_rate': 0.030952766113050124}. Best is trial 72 with value: 12.634055137634277.
LOCAL_RANK: 0 - CUDA_VISIBLE_DEVICES: [0]
[I 2023-11-30 14:33:36,807] Trial 93 finished with value: 16.277557373046875 and parameters: {'gradient_clip_val': 0.6142747038515034, 'hidden_size': 43, 'dropout': 0.12068821698129541, 'hidden_continuous_size': 19, 'attention_head_size': 4, 'learning_rate': 0.019506749120857092}. Best is trial 72 with value: 12.634055137634277.
LOCAL_RANK: 0 - CUDA_VISIBLE_DEVICES: [0]
[I 2023-11-30 14:33:49,917] Trial 94 finished with value: 14.772013664245605 and parameters: {'gradient_clip_val': 0.44654511321531437, 'hidden_size': 64, 'dropout': 0.10507673411916012, 'hidden_continuous_size': 16, 'attention_head_size': 4, 'learning_rate': 0.04382783789490928}. Best is trial 72 with value: 12.634055137634277.
LOCAL_RANK: 0 - CUDA_VISIBLE_DEVICES: [0]
[I 2023-11-30 14:34:02,848] Trial 95 finished with value: 15.968792915344238 and parameters: {'gradient_clip_val': 0.4645215704605859, 'hidden_size': 64, 'dropout': 0.10854705698109272, 'hidden_continuous_size': 16, 'attention_head_size': 3, 'learning_rate': 0.04430531754156175}. Best is trial 72 with value: 12.634055137634277.
LOCAL_RANK: 0 - CUDA_VISIBLE_DEVICES: [0]
[I 2023-11-30 14:34:15,950] Trial 96 finished with value: 18.806533813476562 and parameters: {'gradient_clip_val': 0.5640015818666061, 'hidden_size': 47, 'dropout': 0.10083615895833761, 'hidden_continuous_size': 17, 'attention_head_size': 4, 'learning_rate': 0.05018998590762987}. Best is trial 72 with value: 12.634055137634277.
LOCAL_RANK: 0 - CUDA_VISIBLE_DEVICES: [0]
[I 2023-11-30 14:34:28,947] Trial 97 finished with value: 20.316926956176758 and parameters: {'gradient_clip_val': 0.41894797678941753, 'hidden_size': 54, 'dropout': 0.10019266142790825, 'hidden_continuous_size': 18, 'attention_head_size': 4, 'learning_rate': 0.03328707674742209}. Best is trial 72 with value: 12.634055137634277.
LOCAL_RANK: 0 - CUDA_VISIBLE_DEVICES: [0]
[I 2023-11-30 14:34:42,256] Trial 98 finished with value: 25.248910903930664 and parameters: {'gradient_clip_val': 0.4873857187046225, 'hidden_size': 68, 'dropout': 0.13050016437592094, 'hidden_continuous_size': 21, 'attention_head_size': 3, 'learning_rate': 0.03891801198121804}. Best is trial 72 with value: 12.634055137634277.
LOCAL_RANK: 0 - CUDA_VISIBLE_DEVICES: [0]
[I 2023-11-30 14:34:55,204] Trial 99 finished with value: 21.02342414855957 and parameters: {'gradient_clip_val': 0.570497887998678, 'hidden_size': 51, 'dropout': 0.11618251478533939, 'hidden_continuous_size': 20, 'attention_head_size': 4, 'learning_rate': 0.025886763975616085}. Best is trial 72 with value: 12.634055137634277.
LOCAL_RANK: 0 - CUDA_VISIBLE_DEVICES: [0]
[I 2023-11-30 14:35:08,242] Trial 100 finished with value: 15.373237609863281 and parameters: {'gradient_clip_val': 0.5267459874557853, 'hidden_size': 57, 'dropout': 0.12570574983914698, 'hidden_continuous_size': 17, 'attention_head_size': 4, 'learning_rate': 0.04144188461774196}. Best is trial 72 with value: 12.634055137634277.
LOCAL_RANK: 0 - CUDA_VISIBLE_DEVICES: [0]
[I 2023-11-30 14:35:21,432] Trial 101 finished with value: 21.590856552124023 and parameters: {'gradient_clip_val': 0.6333714955750337, 'hidden_size': 62, 'dropout': 0.11698008291123668, 'hidden_continuous_size': 16, 'attention_head_size': 4, 'learning_rate': 0.028475726482547165}. Best is trial 72 with value: 12.634055137634277.
LOCAL_RANK: 0 - CUDA_VISIBLE_DEVICES: [0]
[I 2023-11-30 14:35:35,079] Trial 102 finished with value: 14.123226165771484 and parameters: {'gradient_clip_val': 0.679257357417516, 'hidden_size': 69, 'dropout': 0.1061786289301566, 'hidden_continuous_size': 19, 'attention_head_size': 4, 'learning_rate': 0.03321384590617669}. Best is trial 72 with value: 12.634055137634277.
LOCAL_RANK: 0 - CUDA_VISIBLE_DEVICES: [0]
[I 2023-11-30 14:35:48,431] Trial 103 finished with value: 22.160194396972656 and parameters: {'gradient_clip_val': 0.6781923453870009, 'hidden_size': 69, 'dropout': 0.10741570176525816, 'hidden_continuous_size': 19, 'attention_head_size': 4, 'learning_rate': 0.03500015996455921}. Best is trial 72 with value: 12.634055137634277.
LOCAL_RANK: 0 - CUDA_VISIBLE_DEVICES: [0]
[I 2023-11-30 14:36:02,023] Trial 104 finished with value: 13.775947570800781 and parameters: {'gradient_clip_val': 0.7178210774087795, 'hidden_size': 65, 'dropout': 0.11331151308744578, 'hidden_continuous_size': 18, 'attention_head_size': 4, 'learning_rate': 0.022929402532000907}. Best is trial 72 with value: 12.634055137634277.
LOCAL_RANK: 0 - CUDA_VISIBLE_DEVICES: [0]
[I 2023-11-30 14:36:15,568] Trial 105 finished with value: 14.098824501037598 and parameters: {'gradient_clip_val': 0.5454779175888671, 'hidden_size': 58, 'dropout': 0.11402001995200843, 'hidden_continuous_size': 18, 'attention_head_size': 4, 'learning_rate': 0.023095928944779732}. Best is trial 72 with value: 12.634055137634277.
LOCAL_RANK: 0 - CUDA_VISIBLE_DEVICES: [0]
[I 2023-11-30 14:36:29,739] Trial 106 finished with value: 26.11850929260254 and parameters: {'gradient_clip_val': 0.6203646126676455, 'hidden_size': 55, 'dropout': 0.10586386330694583, 'hidden_continuous_size': 18, 'attention_head_size': 4, 'learning_rate': 0.02423858500694619}. Best is trial 72 with value: 12.634055137634277.
LOCAL_RANK: 0 - CUDA_VISIBLE_DEVICES: [0]
[I 2023-11-30 14:36:43,792] Trial 107 finished with value: 20.49312400817871 and parameters: {'gradient_clip_val': 0.7429280649366675, 'hidden_size': 65, 'dropout': 0.11287528959067003, 'hidden_continuous_size': 19, 'attention_head_size': 4, 'learning_rate': 0.015558243040531368}. Best is trial 72 with value: 12.634055137634277.
LOCAL_RANK: 0 - CUDA_VISIBLE_DEVICES: [0]
[I 2023-11-30 14:36:57,304] Trial 108 finished with value: 18.08808135986328 and parameters: {'gradient_clip_val': 0.6826940325474808, 'hidden_size': 48, 'dropout': 0.12482196962784531, 'hidden_continuous_size': 20, 'attention_head_size': 4, 'learning_rate': 0.04587907251265913}. Best is trial 72 with value: 12.634055137634277.
LOCAL_RANK: 0 - CUDA_VISIBLE_DEVICES: [0]
[I 2023-11-30 14:37:11,006] Trial 109 finished with value: 13.396446228027344 and parameters: {'gradient_clip_val': 0.9431314789627985, 'hidden_size': 58, 'dropout': 0.10565502657519873, 'hidden_continuous_size': 18, 'attention_head_size': 4, 'learning_rate': 0.019491499961403858}. Best is trial 72 with value: 12.634055137634277.
LOCAL_RANK: 0 - CUDA_VISIBLE_DEVICES: [0]
[I 2023-11-30 14:37:24,432] Trial 110 finished with value: 20.3787899017334 and parameters: {'gradient_clip_val': 0.9433194723983904, 'hidden_size': 45, 'dropout': 0.10012463864601391, 'hidden_continuous_size': 18, 'attention_head_size': 4, 'learning_rate': 0.022335499231519777}. Best is trial 72 with value: 12.634055137634277.
LOCAL_RANK: 0 - CUDA_VISIBLE_DEVICES: [0]
[I 2023-11-30 14:37:37,625] Trial 111 finished with value: 17.067108154296875 and parameters: {'gradient_clip_val': 0.9429970721578423, 'hidden_size': 58, 'dropout': 0.11330499862224644, 'hidden_continuous_size': 18, 'attention_head_size': 4, 'learning_rate': 0.020165575413784168}. Best is trial 72 with value: 12.634055137634277.
LOCAL_RANK: 0 - CUDA_VISIBLE_DEVICES: [0]
[I 2023-11-30 14:37:51,806] Trial 112 finished with value: 18.906980514526367 and parameters: {'gradient_clip_val': 0.8047874135017941, 'hidden_size': 62, 'dropout': 0.10644958873755161, 'hidden_continuous_size': 21, 'attention_head_size': 4, 'learning_rate': 0.02565914670994989}. Best is trial 72 with value: 12.634055137634277.
LOCAL_RANK: 0 - CUDA_VISIBLE_DEVICES: [0]
[I 2023-11-30 14:38:06,047] Trial 113 finished with value: 26.583358764648438 and parameters: {'gradient_clip_val': 0.7136998288457715, 'hidden_size': 71, 'dropout': 0.13149814335473858, 'hidden_continuous_size': 20, 'attention_head_size': 4, 'learning_rate': 0.022973051164217564}. Best is trial 72 with value: 12.634055137634277.
LOCAL_RANK: 0 - CUDA_VISIBLE_DEVICES: [0]
[I 2023-11-30 14:38:19,161] Trial 114 finished with value: 19.995635986328125 and parameters: {'gradient_clip_val': 0.5869145866887362, 'hidden_size': 52, 'dropout': 0.11355580208348978, 'hidden_continuous_size': 19, 'attention_head_size': 4, 'learning_rate': 0.03405567467761396}. Best is trial 72 with value: 12.634055137634277.
LOCAL_RANK: 0 - CUDA_VISIBLE_DEVICES: [0]
[I 2023-11-30 14:38:32,935] Trial 115 finished with value: 16.522417068481445 and parameters: {'gradient_clip_val': 0.5289465121156054, 'hidden_size': 66, 'dropout': 0.13652974679990085, 'hidden_continuous_size': 17, 'attention_head_size': 4, 'learning_rate': 0.04012558481355985}. Best is trial 72 with value: 12.634055137634277.
LOCAL_RANK: 0 - CUDA_VISIBLE_DEVICES: [0]
[I 2023-11-30 14:38:46,339] Trial 116 finished with value: 20.285093307495117 and parameters: {'gradient_clip_val': 0.8846180432671539, 'hidden_size': 58, 'dropout': 0.12411230453007857, 'hidden_continuous_size': 16, 'attention_head_size': 4, 'learning_rate': 0.018846690455920103}. Best is trial 72 with value: 12.634055137634277.
LOCAL_RANK: 0 - CUDA_VISIBLE_DEVICES: [0]
[I 2023-11-30 14:38:59,915] Trial 117 finished with value: 20.411977767944336 and parameters: {'gradient_clip_val': 0.6139016213472227, 'hidden_size': 55, 'dropout': 0.10604119423213065, 'hidden_continuous_size': 18, 'attention_head_size': 4, 'learning_rate': 0.021337018702148453}. Best is trial 72 with value: 12.634055137634277.
LOCAL_RANK: 0 - CUDA_VISIBLE_DEVICES: [0]
[I 2023-11-30 14:39:13,510] Trial 118 finished with value: 18.13178253173828 and parameters: {'gradient_clip_val': 0.8110587020114699, 'hidden_size': 50, 'dropout': 0.10014007139168143, 'hidden_continuous_size': 19, 'attention_head_size': 4, 'learning_rate': 0.026566822032325858}. Best is trial 72 with value: 12.634055137634277.
LOCAL_RANK: 0 - CUDA_VISIBLE_DEVICES: [0]
[I 2023-11-30 14:39:27,626] Trial 119 finished with value: 15.3689603805542 and parameters: {'gradient_clip_val': 0.7497145488065422, 'hidden_size': 74, 'dropout': 0.1312313751675616, 'hidden_continuous_size': 23, 'attention_head_size': 4, 'learning_rate': 0.016399205709140895}. Best is trial 72 with value: 12.634055137634277.
LOCAL_RANK: 0 - CUDA_VISIBLE_DEVICES: [0]
[I 2023-11-30 14:39:41,054] Trial 120 finished with value: 16.757755279541016 and parameters: {'gradient_clip_val': 0.670603103304552, 'hidden_size': 62, 'dropout': 0.11207615692807953, 'hidden_continuous_size': 17, 'attention_head_size': 4, 'learning_rate': 0.030541713553417307}. Best is trial 72 with value: 12.634055137634277.
LOCAL_RANK: 0 - CUDA_VISIBLE_DEVICES: [0]
[I 2023-11-30 14:39:54,694] Trial 121 finished with value: 13.29505443572998 and parameters: {'gradient_clip_val': 0.5604752825730116, 'hidden_size': 60, 'dropout': 0.11869533283427797, 'hidden_continuous_size': 16, 'attention_head_size': 4, 'learning_rate': 0.032152230590937095}. Best is trial 72 with value: 12.634055137634277.
LOCAL_RANK: 0 - CUDA_VISIBLE_DEVICES: [0]
[I 2023-11-30 14:40:08,502] Trial 122 finished with value: 20.812604904174805 and parameters: {'gradient_clip_val': 0.5048692429168398, 'hidden_size': 67, 'dropout': 0.12065646657675401, 'hidden_continuous_size': 16, 'attention_head_size': 4, 'learning_rate': 0.03700090886746682}. Best is trial 72 with value: 12.634055137634277.
LOCAL_RANK: 0 - CUDA_VISIBLE_DEVICES: [0]
[I 2023-11-30 14:40:22,226] Trial 123 finished with value: 15.793437004089355 and parameters: {'gradient_clip_val': 0.5850506603173072, 'hidden_size': 59, 'dropout': 0.1069643742870118, 'hidden_continuous_size': 15, 'attention_head_size': 4, 'learning_rate': 0.03371944038233738}. Best is trial 72 with value: 12.634055137634277.
LOCAL_RANK: 0 - CUDA_VISIBLE_DEVICES: [0]
[I 2023-11-30 14:40:35,427] Trial 124 finished with value: 21.39057159423828 and parameters: {'gradient_clip_val': 0.5388912249480213, 'hidden_size': 54, 'dropout': 0.11630301801061463, 'hidden_continuous_size': 17, 'attention_head_size': 4, 'learning_rate': 0.024303801798945954}. Best is trial 72 with value: 12.634055137634277.
LOCAL_RANK: 0 - CUDA_VISIBLE_DEVICES: [0]
[I 2023-11-30 14:40:49,189] Trial 125 finished with value: 14.297484397888184 and parameters: {'gradient_clip_val': 0.6446171514348599, 'hidden_size': 63, 'dropout': 0.1230122316491179, 'hidden_continuous_size': 16, 'attention_head_size': 4, 'learning_rate': 0.0389207966710163}. Best is trial 72 with value: 12.634055137634277.
LOCAL_RANK: 0 - CUDA_VISIBLE_DEVICES: [0]
[I 2023-11-30 14:41:03,171] Trial 126 finished with value: 19.942493438720703 and parameters: {'gradient_clip_val': 0.6335942677757233, 'hidden_size': 56, 'dropout': 0.13690879351484164, 'hidden_continuous_size': 18, 'attention_head_size': 4, 'learning_rate': 0.027526895469073095}. Best is trial 72 with value: 12.634055137634277.
LOCAL_RANK: 0 - CUDA_VISIBLE_DEVICES: [0]
