[I 2023-11-30 10:23:08,117] Trial 22 finished with value: 0.21578572690486908 and parameters: {'gradient_clip_val': 0.17258089124496817, 'hidden_size': 71, 'dropout': 0.33472810199900316, 'hidden_continuous_size': 13, 'attention_head_size': 1, 'learning_rate': 0.04547355887634473}. Best is trial 2 with value: 0.16780322790145874.
LOCAL_RANK: 0 - CUDA_VISIBLE_DEVICES: [0]
[I 2023-11-30 10:23:20,213] Trial 23 finished with value: 0.24637115001678467 and parameters: {'gradient_clip_val': 0.21751008204498914, 'hidden_size': 27, 'dropout': 0.37685040743498316, 'hidden_continuous_size': 11, 'attention_head_size': 2, 'learning_rate': 0.06512532861063793}. Best is trial 2 with value: 0.16780322790145874.
LOCAL_RANK: 0 - CUDA_VISIBLE_DEVICES: [0]
[I 2023-11-30 10:23:32,788] Trial 24 finished with value: 0.14502079784870148 and parameters: {'gradient_clip_val': 0.28667090278709223, 'hidden_size': 45, 'dropout': 0.3434385943768953, 'hidden_continuous_size': 15, 'attention_head_size': 1, 'learning_rate': 0.0901909956395069}. Best is trial 24 with value: 0.14502079784870148.
LOCAL_RANK: 0 - CUDA_VISIBLE_DEVICES: [0]
[I 2023-11-30 10:23:46,260] Trial 25 finished with value: 0.16600726544857025 and parameters: {'gradient_clip_val': 0.3136412789827487, 'hidden_size': 83, 'dropout': 0.3074818255986198, 'hidden_continuous_size': 16, 'attention_head_size': 2, 'learning_rate': 0.0968266459025495}. Best is trial 24 with value: 0.14502079784870148.
LOCAL_RANK: 0 - CUDA_VISIBLE_DEVICES: [0]
[I 2023-11-30 10:23:59,507] Trial 26 finished with value: 0.20167283713817596 and parameters: {'gradient_clip_val': 0.298549503781438, 'hidden_size': 81, 'dropout': 0.32225918999521985, 'hidden_continuous_size': 16, 'attention_head_size': 2, 'learning_rate': 0.0991224760653893}. Best is trial 24 with value: 0.14502079784870148.
LOCAL_RANK: 0 - CUDA_VISIBLE_DEVICES: [0]
[I 2023-11-30 10:24:12,791] Trial 27 finished with value: 0.18859796226024628 and parameters: {'gradient_clip_val': 0.35363480612665416, 'hidden_size': 81, 'dropout': 0.3033080143222523, 'hidden_continuous_size': 15, 'attention_head_size': 3, 'learning_rate': 0.0992454345298776}. Best is trial 24 with value: 0.14502079784870148.
LOCAL_RANK: 0 - CUDA_VISIBLE_DEVICES: [0]
[I 2023-11-30 10:24:25,479] Trial 28 finished with value: 0.18814297020435333 and parameters: {'gradient_clip_val': 0.22405363264785078, 'hidden_size': 43, 'dropout': 0.2806467570291503, 'hidden_continuous_size': 17, 'attention_head_size': 2, 'learning_rate': 0.03467790117712423}. Best is trial 24 with value: 0.14502079784870148.
LOCAL_RANK: 0 - CUDA_VISIBLE_DEVICES: [0]
[I 2023-11-30 10:24:37,715] Trial 29 finished with value: 0.1396445780992508 and parameters: {'gradient_clip_val': 0.2926579424204459, 'hidden_size': 27, 'dropout': 0.23614581530149864, 'hidden_continuous_size': 15, 'attention_head_size': 3, 'learning_rate': 0.07101742747011802}. Best is trial 29 with value: 0.1396445780992508.
LOCAL_RANK: 0 - CUDA_VISIBLE_DEVICES: [0]
[I 2023-11-30 10:24:50,735] Trial 30 finished with value: 0.3003822863101959 and parameters: {'gradient_clip_val': 0.40322802397585283, 'hidden_size': 50, 'dropout': 0.3357538471888027, 'hidden_continuous_size': 12, 'attention_head_size': 4, 'learning_rate': 0.06959365425745448}. Best is trial 29 with value: 0.1396445780992508.
LOCAL_RANK: 0 - CUDA_VISIBLE_DEVICES: [0]
[I 2023-11-30 10:25:03,056] Trial 31 finished with value: 0.19236016273498535 and parameters: {'gradient_clip_val': 0.3068978829945746, 'hidden_size': 29, 'dropout': 0.2380303844206586, 'hidden_continuous_size': 15, 'attention_head_size': 3, 'learning_rate': 0.07052634070380903}. Best is trial 29 with value: 0.1396445780992508.
LOCAL_RANK: 0 - CUDA_VISIBLE_DEVICES: [0]
[I 2023-11-30 10:25:15,801] Trial 32 finished with value: 0.19001834094524384 and parameters: {'gradient_clip_val': 0.28947248711314155, 'hidden_size': 39, 'dropout': 0.24936228980805183, 'hidden_continuous_size': 18, 'attention_head_size': 3, 'learning_rate': 0.07721090101949632}. Best is trial 29 with value: 0.1396445780992508.
LOCAL_RANK: 0 - CUDA_VISIBLE_DEVICES: [0]
[I 2023-11-30 10:25:27,991] Trial 33 finished with value: 0.22935156524181366 and parameters: {'gradient_clip_val': 0.2188634479752273, 'hidden_size': 21, 'dropout': 0.3612098635011752, 'hidden_continuous_size': 14, 'attention_head_size': 2, 'learning_rate': 0.097976516910415}. Best is trial 29 with value: 0.1396445780992508.
LOCAL_RANK: 0 - CUDA_VISIBLE_DEVICES: [0]
[I 2023-11-30 10:25:40,183] Trial 34 finished with value: 0.22308824956417084 and parameters: {'gradient_clip_val': 0.2715479389183189, 'hidden_size': 17, 'dropout': 0.25660666363240164, 'hidden_continuous_size': 14, 'attention_head_size': 3, 'learning_rate': 0.044262944242409764}. Best is trial 29 with value: 0.1396445780992508.
LOCAL_RANK: 0 - CUDA_VISIBLE_DEVICES: [0]
[I 2023-11-30 10:25:52,611] Trial 35 finished with value: 0.1771707981824875 and parameters: {'gradient_clip_val': 0.37826459336556717, 'hidden_size': 22, 'dropout': 0.2735212296007714, 'hidden_continuous_size': 16, 'attention_head_size': 2, 'learning_rate': 0.0780288561407867}. Best is trial 29 with value: 0.1396445780992508.
LOCAL_RANK: 0 - CUDA_VISIBLE_DEVICES: [0]
[I 2023-11-30 10:26:05,438] Trial 36 finished with value: 0.2657714784145355 and parameters: {'gradient_clip_val': 0.31013465566422516, 'hidden_size': 38, 'dropout': 0.3016814572980566, 'hidden_continuous_size': 19, 'attention_head_size': 3, 'learning_rate': 0.05603576964512287}. Best is trial 29 with value: 0.1396445780992508.
LOCAL_RANK: 0 - CUDA_VISIBLE_DEVICES: [0]
[I 2023-11-30 10:26:17,626] Trial 37 finished with value: 0.18115359544754028 and parameters: {'gradient_clip_val': 0.448791504500663, 'hidden_size': 25, 'dropout': 0.22295671286425472, 'hidden_continuous_size': 17, 'attention_head_size': 2, 'learning_rate': 0.030290291267885926}. Best is trial 29 with value: 0.1396445780992508.
LOCAL_RANK: 0 - CUDA_VISIBLE_DEVICES: [0]
[I 2023-11-30 10:26:29,970] Trial 38 finished with value: 0.17995159327983856 and parameters: {'gradient_clip_val': 0.4922353996996482, 'hidden_size': 19, 'dropout': 0.2716183376287903, 'hidden_continuous_size': 15, 'attention_head_size': 4, 'learning_rate': 0.07763419709765011}. Best is trial 29 with value: 0.1396445780992508.
LOCAL_RANK: 0 - CUDA_VISIBLE_DEVICES: [0]
[I 2023-11-30 10:26:42,372] Trial 39 finished with value: 0.1469339281320572 and parameters: {'gradient_clip_val': 0.3344476044706982, 'hidden_size': 31, 'dropout': 0.293381991888727, 'hidden_continuous_size': 16, 'attention_head_size': 2, 'learning_rate': 0.039475008362256085}. Best is trial 29 with value: 0.1396445780992508.
LOCAL_RANK: 0 - CUDA_VISIBLE_DEVICES: [0]
[I 2023-11-30 10:26:54,878] Trial 40 finished with value: 0.26866671442985535 and parameters: {'gradient_clip_val': 0.3422066643361638, 'hidden_size': 31, 'dropout': 0.3010647155148086, 'hidden_continuous_size': 16, 'attention_head_size': 3, 'learning_rate': 0.041224284843075915}. Best is trial 29 with value: 0.1396445780992508.
LOCAL_RANK: 0 - CUDA_VISIBLE_DEVICES: [0]
[I 2023-11-30 10:27:07,514] Trial 41 finished with value: 0.14425493776798248 and parameters: {'gradient_clip_val': 0.3177417732966985, 'hidden_size': 34, 'dropout': 0.2513436015768868, 'hidden_continuous_size': 18, 'attention_head_size': 2, 'learning_rate': 0.08215402142015}. Best is trial 29 with value: 0.1396445780992508.
LOCAL_RANK: 0 - CUDA_VISIBLE_DEVICES: [0]
[I 2023-11-30 10:27:20,119] Trial 42 finished with value: 0.20824863016605377 and parameters: {'gradient_clip_val': 0.3305762153873205, 'hidden_size': 38, 'dropout': 0.25211467465641446, 'hidden_continuous_size': 20, 'attention_head_size': 2, 'learning_rate': 0.06280174170583255}. Best is trial 29 with value: 0.1396445780992508.
LOCAL_RANK: 0 - CUDA_VISIBLE_DEVICES: [0]
[I 2023-11-30 10:27:32,618] Trial 43 finished with value: 0.16896575689315796 and parameters: {'gradient_clip_val': 0.37478311517023327, 'hidden_size': 33, 'dropout': 0.2917426118437318, 'hidden_continuous_size': 18, 'attention_head_size': 2, 'learning_rate': 0.07804330286323524}. Best is trial 29 with value: 0.1396445780992508.
LOCAL_RANK: 0 - CUDA_VISIBLE_DEVICES: [0]
[I 2023-11-30 10:27:44,577] Trial 44 finished with value: 0.16168588399887085 and parameters: {'gradient_clip_val': 0.31241042226956894, 'hidden_size': 24, 'dropout': 0.27116351103070213, 'hidden_continuous_size': 16, 'attention_head_size': 2, 'learning_rate': 0.0551972029352159}. Best is trial 29 with value: 0.1396445780992508.
LOCAL_RANK: 0 - CUDA_VISIBLE_DEVICES: [0]
[I 2023-11-30 10:27:56,650] Trial 45 finished with value: 0.2613636553287506 and parameters: {'gradient_clip_val': 0.2787872681750157, 'hidden_size': 24, 'dropout': 0.2684284556769314, 'hidden_continuous_size': 14, 'attention_head_size': 3, 'learning_rate': 0.035646677296204625}. Best is trial 29 with value: 0.1396445780992508.
LOCAL_RANK: 0 - CUDA_VISIBLE_DEVICES: [0]
[I 2023-11-30 10:28:08,978] Trial 46 finished with value: 0.2772485911846161 and parameters: {'gradient_clip_val': 0.2422036013741851, 'hidden_size': 26, 'dropout': 0.22298993237717554, 'hidden_continuous_size': 17, 'attention_head_size': 2, 'learning_rate': 0.0166234413619673}. Best is trial 29 with value: 0.1396445780992508.
LOCAL_RANK: 0 - CUDA_VISIBLE_DEVICES: [0]
[I 2023-11-30 10:28:21,781] Trial 47 finished with value: 0.1476806402206421 and parameters: {'gradient_clip_val': 0.33577665270177803, 'hidden_size': 30, 'dropout': 0.2823710722929436, 'hidden_continuous_size': 18, 'attention_head_size': 2, 'learning_rate': 0.05315051782758922}. Best is trial 29 with value: 0.1396445780992508.
LOCAL_RANK: 0 - CUDA_VISIBLE_DEVICES: [0]
[I 2023-11-30 10:28:34,239] Trial 48 finished with value: 0.16014932096004486 and parameters: {'gradient_clip_val': 0.3831719653832344, 'hidden_size': 31, 'dropout': 0.2879233780331576, 'hidden_continuous_size': 18, 'attention_head_size': 3, 'learning_rate': 0.04240135898625293}. Best is trial 29 with value: 0.1396445780992508.
LOCAL_RANK: 0 - CUDA_VISIBLE_DEVICES: [0]
[I 2023-11-30 10:28:46,752] Trial 49 finished with value: 0.23250113427639008 and parameters: {'gradient_clip_val': 0.34640651347591417, 'hidden_size': 36, 'dropout': 0.24815253935952367, 'hidden_continuous_size': 19, 'attention_head_size': 2, 'learning_rate': 0.049352297461561584}. Best is trial 29 with value: 0.1396445780992508.
LOCAL_RANK: 0 - CUDA_VISIBLE_DEVICES: [0]
[I 2023-11-30 10:28:59,081] Trial 50 finished with value: 0.228897824883461 and parameters: {'gradient_clip_val': 0.48862507978075553, 'hidden_size': 28, 'dropout': 0.19474236869672962, 'hidden_continuous_size': 17, 'attention_head_size': 1, 'learning_rate': 0.030971981671850623}. Best is trial 29 with value: 0.1396445780992508.
LOCAL_RANK: 0 - CUDA_VISIBLE_DEVICES: [0]
[I 2023-11-30 10:29:11,442] Trial 51 finished with value: 0.1405138373374939 and parameters: {'gradient_clip_val': 0.40083223818884917, 'hidden_size': 30, 'dropout': 0.28491594779783136, 'hidden_continuous_size': 18, 'attention_head_size': 3, 'learning_rate': 0.04122715975940856}. Best is trial 29 with value: 0.1396445780992508.
LOCAL_RANK: 0 - CUDA_VISIBLE_DEVICES: [0]
[I 2023-11-30 10:29:23,811] Trial 52 finished with value: 0.1352720409631729 and parameters: {'gradient_clip_val': 0.2579475724442712, 'hidden_size': 30, 'dropout': 0.28591144429494325, 'hidden_continuous_size': 18, 'attention_head_size': 3, 'learning_rate': 0.08363293284067094}. Best is trial 52 with value: 0.1352720409631729.
LOCAL_RANK: 0 - CUDA_VISIBLE_DEVICES: [0]
[I 2023-11-30 10:29:37,606] Trial 53 finished with value: 0.13168209791183472 and parameters: {'gradient_clip_val': 0.2588237207076193, 'hidden_size': 34, 'dropout': 0.26211906825271425, 'hidden_continuous_size': 19, 'attention_head_size': 3, 'learning_rate': 0.07999780183399}. Best is trial 53 with value: 0.13168209791183472.
LOCAL_RANK: 0 - CUDA_VISIBLE_DEVICES: [0]
[I 2023-11-30 10:29:50,162] Trial 54 finished with value: 0.2768910229206085 and parameters: {'gradient_clip_val': 0.25631271774609365, 'hidden_size': 35, 'dropout': 0.2566141156483805, 'hidden_continuous_size': 20, 'attention_head_size': 3, 'learning_rate': 0.08435920453215498}. Best is trial 53 with value: 0.13168209791183472.
LOCAL_RANK: 0 - CUDA_VISIBLE_DEVICES: [0]
[I 2023-11-30 10:30:03,007] Trial 55 finished with value: 0.17131324112415314 and parameters: {'gradient_clip_val': 0.2342728688100226, 'hidden_size': 41, 'dropout': 0.2666305317810877, 'hidden_continuous_size': 19, 'attention_head_size': 3, 'learning_rate': 0.0837136902257618}. Best is trial 53 with value: 0.13168209791183472.
LOCAL_RANK: 0 - CUDA_VISIBLE_DEVICES: [0]
[I 2023-11-30 10:30:15,546] Trial 56 finished with value: 0.18507938086986542 and parameters: {'gradient_clip_val': 0.2747829580885117, 'hidden_size': 35, 'dropout': 0.2424689199946471, 'hidden_continuous_size': 21, 'attention_head_size': 3, 'learning_rate': 0.06311329447951776}. Best is trial 53 with value: 0.13168209791183472.
LOCAL_RANK: 0 - CUDA_VISIBLE_DEVICES: [0]
[I 2023-11-30 10:30:28,552] Trial 57 finished with value: 0.16267172992229462 and parameters: {'gradient_clip_val': 0.25456919059994904, 'hidden_size': 52, 'dropout': 0.3110202153085362, 'hidden_continuous_size': 22, 'attention_head_size': 4, 'learning_rate': 0.08499798373545404}. Best is trial 53 with value: 0.13168209791183472.
LOCAL_RANK: 0 - CUDA_VISIBLE_DEVICES: [0]
[I 2023-11-30 10:30:41,393] Trial 58 finished with value: 0.21646349132061005 and parameters: {'gradient_clip_val': 0.21042138221435255, 'hidden_size': 42, 'dropout': 0.23085570505138325, 'hidden_continuous_size': 21, 'attention_head_size': 3, 'learning_rate': 0.06300598441901639}. Best is trial 53 with value: 0.13168209791183472.
LOCAL_RANK: 0 - CUDA_VISIBLE_DEVICES: [0]
[I 2023-11-30 10:30:53,681] Trial 59 finished with value: 0.16077470779418945 and parameters: {'gradient_clip_val': 0.28580877875731675, 'hidden_size': 26, 'dropout': 0.2800893223398215, 'hidden_continuous_size': 17, 'attention_head_size': 3, 'learning_rate': 0.04872497829879927}. Best is trial 53 with value: 0.13168209791183472.
LOCAL_RANK: 0 - CUDA_VISIBLE_DEVICES: [0]
[I 2023-11-30 10:31:06,345] Trial 60 finished with value: 0.21589241921901703 and parameters: {'gradient_clip_val': 0.23456325865049507, 'hidden_size': 34, 'dropout': 0.2634426872038952, 'hidden_continuous_size': 19, 'attention_head_size': 3, 'learning_rate': 0.06884365224606431}. Best is trial 53 with value: 0.13168209791183472.
LOCAL_RANK: 0 - CUDA_VISIBLE_DEVICES: [0]
[I 2023-11-30 10:31:18,686] Trial 61 finished with value: 0.16010846197605133 and parameters: {'gradient_clip_val': 0.2961349279320045, 'hidden_size': 30, 'dropout': 0.2913699900238305, 'hidden_continuous_size': 18, 'attention_head_size': 3, 'learning_rate': 0.08456343158224752}. Best is trial 53 with value: 0.13168209791183472.
LOCAL_RANK: 0 - CUDA_VISIBLE_DEVICES: [0]
[I 2023-11-30 10:31:30,940] Trial 62 finished with value: 0.23040473461151123 and parameters: {'gradient_clip_val': 0.25792095456409386, 'hidden_size': 22, 'dropout': 0.3150584426393893, 'hidden_continuous_size': 15, 'attention_head_size': 3, 'learning_rate': 0.0392093437300132}. Best is trial 53 with value: 0.13168209791183472.
LOCAL_RANK: 0 - CUDA_VISIBLE_DEVICES: [0]
[I 2023-11-30 10:31:43,281] Trial 63 finished with value: 0.12437227368354797 and parameters: {'gradient_clip_val': 0.31896238526199855, 'hidden_size': 32, 'dropout': 0.29640772403135823, 'hidden_continuous_size': 17, 'attention_head_size': 3, 'learning_rate': 0.057779962335776404}. Best is trial 63 with value: 0.12437227368354797.
LOCAL_RANK: 0 - CUDA_VISIBLE_DEVICES: [0]
[I 2023-11-30 10:31:55,557] Trial 64 finished with value: 0.2361796349287033 and parameters: {'gradient_clip_val': 0.296017029053323, 'hidden_size': 28, 'dropout': 0.3210011951293587, 'hidden_continuous_size': 18, 'attention_head_size': 3, 'learning_rate': 0.05564446944628327}. Best is trial 63 with value: 0.12437227368354797.
LOCAL_RANK: 0 - CUDA_VISIBLE_DEVICES: [0]
[I 2023-11-30 10:32:08,535] Trial 65 finished with value: 0.1644843965768814 and parameters: {'gradient_clip_val': 0.2664984969293518, 'hidden_size': 39, 'dropout': 0.2603073433540561, 'hidden_continuous_size': 20, 'attention_head_size': 4, 'learning_rate': 0.07083142088947568}. Best is trial 63 with value: 0.12437227368354797.
LOCAL_RANK: 0 - CUDA_VISIBLE_DEVICES: [0]
[I 2023-11-30 10:32:21,270] Trial 66 finished with value: 0.1429690569639206 and parameters: {'gradient_clip_val': 0.36421323235293246, 'hidden_size': 44, 'dropout': 0.27711815135852086, 'hidden_continuous_size': 22, 'attention_head_size': 3, 'learning_rate': 0.09494387598900454}. Best is trial 63 with value: 0.12437227368354797.
LOCAL_RANK: 0 - CUDA_VISIBLE_DEVICES: [0]
[I 2023-11-30 10:32:33,816] Trial 67 finished with value: 0.17361600697040558 and parameters: {'gradient_clip_val': 0.32260131883849674, 'hidden_size': 33, 'dropout': 0.2758599389753857, 'hidden_continuous_size': 19, 'attention_head_size': 3, 'learning_rate': 0.09941057939842016}. Best is trial 63 with value: 0.12437227368354797.
LOCAL_RANK: 0 - CUDA_VISIBLE_DEVICES: [0]
[I 2023-11-30 10:32:47,220] Trial 68 finished with value: 0.11846712976694107 and parameters: {'gradient_clip_val': 0.2033700128197604, 'hidden_size': 41, 'dropout': 0.24674388139589537, 'hidden_continuous_size': 23, 'attention_head_size': 3, 'learning_rate': 0.05816568211083732}. Best is trial 68 with value: 0.11846712976694107.
LOCAL_RANK: 0 - CUDA_VISIBLE_DEVICES: [0]
[I 2023-11-30 10:33:00,134] Trial 69 finished with value: 0.22253833711147308 and parameters: {'gradient_clip_val': 0.15875677923427733, 'hidden_size': 46, 'dropout': 0.28502281630439186, 'hidden_continuous_size': 23, 'attention_head_size': 3, 'learning_rate': 0.05965389329755475}. Best is trial 68 with value: 0.11846712976694107.
LOCAL_RANK: 0 - CUDA_VISIBLE_DEVICES: [0]
[I 2023-11-30 10:33:12,826] Trial 70 finished with value: 0.2220924347639084 and parameters: {'gradient_clip_val': 0.21132606432126214, 'hidden_size': 39, 'dropout': 0.2621178532217437, 'hidden_continuous_size': 23, 'attention_head_size': 3, 'learning_rate': 0.05100191034795896}. Best is trial 68 with value: 0.11846712976694107.
LOCAL_RANK: 0 - CUDA_VISIBLE_DEVICES: [0]
[I 2023-11-30 10:33:25,403] Trial 71 finished with value: 0.21920166909694672 and parameters: {'gradient_clip_val': 0.36088373369416293, 'hidden_size': 36, 'dropout': 0.24687773463748006, 'hidden_continuous_size': 20, 'attention_head_size': 3, 'learning_rate': 0.07562951820832592}. Best is trial 68 with value: 0.11846712976694107.
LOCAL_RANK: 0 - CUDA_VISIBLE_DEVICES: [0]
[I 2023-11-30 10:33:38,235] Trial 72 finished with value: 0.16483207046985626 and parameters: {'gradient_clip_val': 0.24098794778940033, 'hidden_size': 42, 'dropout': 0.25384715066462943, 'hidden_continuous_size': 21, 'attention_head_size': 3, 'learning_rate': 0.0673308695419885}. Best is trial 68 with value: 0.11846712976694107.
LOCAL_RANK: 0 - CUDA_VISIBLE_DEVICES: [0]
[I 2023-11-30 10:33:50,675] Trial 73 finished with value: 0.1854248046875 and parameters: {'gradient_clip_val': 0.20438974969475363, 'hidden_size': 27, 'dropout': 0.2767063121222346, 'hidden_continuous_size': 17, 'attention_head_size': 3, 'learning_rate': 0.08681995050717602}. Best is trial 68 with value: 0.11846712976694107.
LOCAL_RANK: 0 - CUDA_VISIBLE_DEVICES: [0]
[I 2023-11-30 10:34:02,981] Trial 74 finished with value: 0.16890518367290497 and parameters: {'gradient_clip_val': 0.40858748723287, 'hidden_size': 32, 'dropout': 0.238203827871316, 'hidden_continuous_size': 19, 'attention_head_size': 3, 'learning_rate': 0.06091974654326363}. Best is trial 68 with value: 0.11846712976694107.
LOCAL_RANK: 0 - CUDA_VISIBLE_DEVICES: [0]
[I 2023-11-30 10:34:15,417] Trial 75 finished with value: 0.17830288410186768 and parameters: {'gradient_clip_val': 0.31787752325648366, 'hidden_size': 28, 'dropout': 0.2954570625654551, 'hidden_continuous_size': 18, 'attention_head_size': 3, 'learning_rate': 0.07403615673024419}. Best is trial 68 with value: 0.11846712976694107.
LOCAL_RANK: 0 - CUDA_VISIBLE_DEVICES: [0]
[I 2023-11-30 10:34:27,795] Trial 76 finished with value: 0.17631469666957855 and parameters: {'gradient_clip_val': 0.3643003845685951, 'hidden_size': 25, 'dropout': 0.3054623175417137, 'hidden_continuous_size': 17, 'attention_head_size': 3, 'learning_rate': 0.04621328807747784}. Best is trial 68 with value: 0.11846712976694107.
LOCAL_RANK: 0 - CUDA_VISIBLE_DEVICES: [0]
[I 2023-11-30 10:34:40,758] Trial 77 finished with value: 0.16285552084445953 and parameters: {'gradient_clip_val': 0.1941016189519099, 'hidden_size': 49, 'dropout': 0.2673885364021781, 'hidden_continuous_size': 23, 'attention_head_size': 4, 'learning_rate': 0.08597561713857776}. Best is trial 68 with value: 0.11846712976694107.
LOCAL_RANK: 0 - CUDA_VISIBLE_DEVICES: [0]
[I 2023-11-30 10:34:53,234] Trial 78 finished with value: 0.20172496140003204 and parameters: {'gradient_clip_val': 0.22154824618329574, 'hidden_size': 36, 'dropout': 0.24407904938944838, 'hidden_continuous_size': 20, 'attention_head_size': 3, 'learning_rate': 0.05884345960306487}. Best is trial 68 with value: 0.11846712976694107.
LOCAL_RANK: 0 - CUDA_VISIBLE_DEVICES: [0]
[I 2023-11-30 10:35:05,866] Trial 79 finished with value: 0.19260375201702118 and parameters: {'gradient_clip_val': 0.3037964596342412, 'hidden_size': 33, 'dropout': 0.2564096657445056, 'hidden_continuous_size': 22, 'attention_head_size': 3, 'learning_rate': 0.09328882730790712}. Best is trial 68 with value: 0.11846712976694107.
LOCAL_RANK: 0 - CUDA_VISIBLE_DEVICES: [0]
[I 2023-11-30 10:35:18,312] Trial 80 finished with value: 0.18469448387622833 and parameters: {'gradient_clip_val': 0.28009551079676925, 'hidden_size': 29, 'dropout': 0.28037751577360814, 'hidden_continuous_size': 10, 'attention_head_size': 3, 'learning_rate': 0.06987461833393271}. Best is trial 68 with value: 0.11846712976694107.
LOCAL_RANK: 0 - CUDA_VISIBLE_DEVICES: [0]
