[I 2023-11-30 03:30:28,299] Trial 68 finished with value: 0.10133253782987595 and parameters: {'gradient_clip_val': 0.5355842228765867, 'hidden_size': 36, 'dropout': 0.169384199073696, 'hidden_continuous_size': 22, 'attention_head_size': 2, 'learning_rate': 0.08752589573301836}. Best is trial 60 with value: 0.062327805906534195.
LOCAL_RANK: 0 - CUDA_VISIBLE_DEVICES: [0]
[I 2023-11-30 03:30:41,094] Trial 69 finished with value: 0.13405029475688934 and parameters: {'gradient_clip_val': 0.649010431323849, 'hidden_size': 39, 'dropout': 0.15054689418870096, 'hidden_continuous_size': 24, 'attention_head_size': 2, 'learning_rate': 0.06027823103490716}. Best is trial 60 with value: 0.062327805906534195.
LOCAL_RANK: 0 - CUDA_VISIBLE_DEVICES: [0]
[I 2023-11-30 03:30:53,808] Trial 70 finished with value: 0.14229312539100647 and parameters: {'gradient_clip_val': 0.566390087720787, 'hidden_size': 44, 'dropout': 0.17686153649091654, 'hidden_continuous_size': 25, 'attention_head_size': 2, 'learning_rate': 0.0729351336835897}. Best is trial 60 with value: 0.062327805906534195.
LOCAL_RANK: 0 - CUDA_VISIBLE_DEVICES: [0]
[I 2023-11-30 03:31:06,722] Trial 71 finished with value: 0.08689162135124207 and parameters: {'gradient_clip_val': 0.43587226754986585, 'hidden_size': 53, 'dropout': 0.2017109813417608, 'hidden_continuous_size': 27, 'attention_head_size': 3, 'learning_rate': 0.047557342846278904}. Best is trial 60 with value: 0.062327805906534195.
LOCAL_RANK: 0 - CUDA_VISIBLE_DEVICES: [0]
[I 2023-11-30 03:31:19,509] Trial 72 finished with value: 0.10469355434179306 and parameters: {'gradient_clip_val': 0.4209182925677298, 'hidden_size': 52, 'dropout': 0.1975873609564924, 'hidden_continuous_size': 28, 'attention_head_size': 3, 'learning_rate': 0.03984780042928559}. Best is trial 60 with value: 0.062327805906534195.
LOCAL_RANK: 0 - CUDA_VISIBLE_DEVICES: [0]
[I 2023-11-30 03:31:32,615] Trial 73 finished with value: 0.1523732990026474 and parameters: {'gradient_clip_val': 0.507746120243886, 'hidden_size': 64, 'dropout': 0.20394092248269394, 'hidden_continuous_size': 31, 'attention_head_size': 2, 'learning_rate': 0.04889910240615532}. Best is trial 60 with value: 0.062327805906534195.
LOCAL_RANK: 0 - CUDA_VISIBLE_DEVICES: [0]
[I 2023-11-30 03:31:45,942] Trial 74 finished with value: 0.07970909774303436 and parameters: {'gradient_clip_val': 0.4535723490749306, 'hidden_size': 57, 'dropout': 0.12515587089434954, 'hidden_continuous_size': 26, 'attention_head_size': 3, 'learning_rate': 0.06495635763342751}. Best is trial 60 with value: 0.062327805906534195.
LOCAL_RANK: 0 - CUDA_VISIBLE_DEVICES: [0]
[I 2023-11-30 03:31:59,195] Trial 75 finished with value: 0.13289301097393036 and parameters: {'gradient_clip_val': 0.6121262546104674, 'hidden_size': 59, 'dropout': 0.128392386156899, 'hidden_continuous_size': 26, 'attention_head_size': 2, 'learning_rate': 0.06626317128207745}. Best is trial 60 with value: 0.062327805906534195.
LOCAL_RANK: 0 - CUDA_VISIBLE_DEVICES: [0]
[I 2023-11-30 03:32:12,025] Trial 76 finished with value: 0.12062821537256241 and parameters: {'gradient_clip_val': 0.5449292905678993, 'hidden_size': 47, 'dropout': 0.16402633273189035, 'hidden_continuous_size': 22, 'attention_head_size': 2, 'learning_rate': 0.05764331806067832}. Best is trial 60 with value: 0.062327805906534195.
LOCAL_RANK: 0 - CUDA_VISIBLE_DEVICES: [0]
[I 2023-11-30 03:32:25,158] Trial 77 finished with value: 0.07736636698246002 and parameters: {'gradient_clip_val': 0.4803704961600585, 'hidden_size': 59, 'dropout': 0.122835222093989, 'hidden_continuous_size': 34, 'attention_head_size': 2, 'learning_rate': 0.08556912705133973}. Best is trial 60 with value: 0.062327805906534195.
LOCAL_RANK: 0 - CUDA_VISIBLE_DEVICES: [0]
[I 2023-11-30 03:32:38,682] Trial 78 finished with value: 0.16846680641174316 and parameters: {'gradient_clip_val': 0.48753745848713187, 'hidden_size': 75, 'dropout': 0.11994537741098556, 'hidden_continuous_size': 36, 'attention_head_size': 2, 'learning_rate': 0.08310746609085408}. Best is trial 60 with value: 0.062327805906534195.
LOCAL_RANK: 0 - CUDA_VISIBLE_DEVICES: [0]
[I 2023-11-30 03:32:52,228] Trial 79 finished with value: 0.15488919615745544 and parameters: {'gradient_clip_val': 0.45744001888650077, 'hidden_size': 58, 'dropout': 0.14487409665067685, 'hidden_continuous_size': 29, 'attention_head_size': 3, 'learning_rate': 0.0710766957572055}. Best is trial 60 with value: 0.062327805906534195.
LOCAL_RANK: 0 - CUDA_VISIBLE_DEVICES: [0]
[I 2023-11-30 03:33:05,533] Trial 80 finished with value: 0.14504893124103546 and parameters: {'gradient_clip_val': 0.5143196256543642, 'hidden_size': 67, 'dropout': 0.10065761348781527, 'hidden_continuous_size': 32, 'attention_head_size': 2, 'learning_rate': 0.09376997569489864}. Best is trial 60 with value: 0.062327805906534195.
LOCAL_RANK: 0 - CUDA_VISIBLE_DEVICES: [0]
[I 2023-11-30 03:33:18,496] Trial 81 finished with value: 0.1247592344880104 and parameters: {'gradient_clip_val': 0.5822891784231725, 'hidden_size': 49, 'dropout': 0.1329984579789165, 'hidden_continuous_size': 21, 'attention_head_size': 2, 'learning_rate': 0.05378452515680428}. Best is trial 60 with value: 0.062327805906534195.
LOCAL_RANK: 0 - CUDA_VISIBLE_DEVICES: [0]
[I 2023-11-30 03:33:31,258] Trial 82 finished with value: 0.13991348445415497 and parameters: {'gradient_clip_val': 0.3768478149398844, 'hidden_size': 42, 'dropout': 0.1598066178625946, 'hidden_continuous_size': 26, 'attention_head_size': 2, 'learning_rate': 0.06303198549732532}. Best is trial 60 with value: 0.062327805906534195.
LOCAL_RANK: 0 - CUDA_VISIBLE_DEVICES: [0]
[I 2023-11-30 03:33:44,263] Trial 83 finished with value: 0.1034775972366333 and parameters: {'gradient_clip_val': 0.674113336754654, 'hidden_size': 53, 'dropout': 0.12206273175966323, 'hidden_continuous_size': 24, 'attention_head_size': 2, 'learning_rate': 0.07614871282962274}. Best is trial 60 with value: 0.062327805906534195.
LOCAL_RANK: 0 - CUDA_VISIBLE_DEVICES: [0]
[I 2023-11-30 03:33:57,267] Trial 84 finished with value: 0.09723412245512009 and parameters: {'gradient_clip_val': 0.630659087927025, 'hidden_size': 45, 'dropout': 0.14171132871668293, 'hidden_continuous_size': 23, 'attention_head_size': 2, 'learning_rate': 0.04311349812411936}. Best is trial 60 with value: 0.062327805906534195.
LOCAL_RANK: 0 - CUDA_VISIBLE_DEVICES: [0]
[I 2023-11-30 03:34:10,272] Trial 85 finished with value: 0.08986824750900269 and parameters: {'gradient_clip_val': 0.5285549410948247, 'hidden_size': 56, 'dropout': 0.17414704086122237, 'hidden_continuous_size': 28, 'attention_head_size': 2, 'learning_rate': 0.09050192278010864}. Best is trial 60 with value: 0.062327805906534195.
LOCAL_RANK: 0 - CUDA_VISIBLE_DEVICES: [0]
[I 2023-11-30 03:34:23,567] Trial 86 finished with value: 0.14274680614471436 and parameters: {'gradient_clip_val': 0.5601235194986003, 'hidden_size': 62, 'dropout': 0.15393172337954303, 'hidden_continuous_size': 25, 'attention_head_size': 2, 'learning_rate': 0.06572637041362867}. Best is trial 60 with value: 0.062327805906534195.
LOCAL_RANK: 0 - CUDA_VISIBLE_DEVICES: [0]
[I 2023-11-30 03:34:36,011] Trial 87 finished with value: 0.1658000499010086 and parameters: {'gradient_clip_val': 0.7187269155380445, 'hidden_size': 36, 'dropout': 0.19025160251953488, 'hidden_continuous_size': 25, 'attention_head_size': 2, 'learning_rate': 0.05175165481187903}. Best is trial 60 with value: 0.062327805906534195.
LOCAL_RANK: 0 - CUDA_VISIBLE_DEVICES: [0]
[I 2023-11-30 03:34:48,878] Trial 88 finished with value: 0.08923103660345078 and parameters: {'gradient_clip_val': 0.4761346129229623, 'hidden_size': 50, 'dropout': 0.21564637425133917, 'hidden_continuous_size': 23, 'attention_head_size': 2, 'learning_rate': 0.03657497536180535}. Best is trial 60 with value: 0.062327805906534195.
LOCAL_RANK: 0 - CUDA_VISIBLE_DEVICES: [0]
[I 2023-11-30 03:35:01,562] Trial 89 finished with value: 0.13539309799671173 and parameters: {'gradient_clip_val': 0.6508311333358359, 'hidden_size': 40, 'dropout': 0.18190533916297608, 'hidden_continuous_size': 26, 'attention_head_size': 2, 'learning_rate': 0.07697635996263773}. Best is trial 60 with value: 0.062327805906534195.
LOCAL_RANK: 0 - CUDA_VISIBLE_DEVICES: [0]
[I 2023-11-30 03:35:14,174] Trial 90 finished with value: 0.1259695142507553 and parameters: {'gradient_clip_val': 0.5921994332499021, 'hidden_size': 30, 'dropout': 0.16492965848886712, 'hidden_continuous_size': 24, 'attention_head_size': 3, 'learning_rate': 0.057894757224062045}. Best is trial 60 with value: 0.062327805906534195.
LOCAL_RANK: 0 - CUDA_VISIBLE_DEVICES: [0]
[I 2023-11-30 03:35:27,049] Trial 91 finished with value: 0.08022859692573547 and parameters: {'gradient_clip_val': 0.406862706340285, 'hidden_size': 54, 'dropout': 0.20634486984033792, 'hidden_continuous_size': 22, 'attention_head_size': 3, 'learning_rate': 0.04415910943437424}. Best is trial 60 with value: 0.062327805906534195.
LOCAL_RANK: 0 - CUDA_VISIBLE_DEVICES: [0]
[I 2023-11-30 03:35:40,225] Trial 92 finished with value: 0.10295965522527695 and parameters: {'gradient_clip_val': 0.40822993912453226, 'hidden_size': 59, 'dropout': 0.21032850518196622, 'hidden_continuous_size': 22, 'attention_head_size': 3, 'learning_rate': 0.04618645819549425}. Best is trial 60 with value: 0.062327805906534195.
LOCAL_RANK: 0 - CUDA_VISIBLE_DEVICES: [0]
[I 2023-11-30 03:35:53,051] Trial 93 finished with value: 0.14212360978126526 and parameters: {'gradient_clip_val': 0.3543707984267993, 'hidden_size': 46, 'dropout': 0.18817574061151857, 'hidden_continuous_size': 20, 'attention_head_size': 3, 'learning_rate': 0.04145211281173014}. Best is trial 60 with value: 0.062327805906534195.
LOCAL_RANK: 0 - CUDA_VISIBLE_DEVICES: [0]
[I 2023-11-30 03:36:06,352] Trial 94 finished with value: 0.1300096958875656 and parameters: {'gradient_clip_val': 0.43916680980606215, 'hidden_size': 55, 'dropout': 0.22080986706485636, 'hidden_continuous_size': 21, 'attention_head_size': 4, 'learning_rate': 0.051853232912778116}. Best is trial 60 with value: 0.062327805906534195.
LOCAL_RANK: 0 - CUDA_VISIBLE_DEVICES: [0]
[I 2023-11-30 03:36:19,355] Trial 95 finished with value: 0.13709034025669098 and parameters: {'gradient_clip_val': 0.48072265541304066, 'hidden_size': 43, 'dropout': 0.17476434164829557, 'hidden_continuous_size': 21, 'attention_head_size': 3, 'learning_rate': 0.03291653228301566}. Best is trial 60 with value: 0.062327805906534195.
LOCAL_RANK: 0 - CUDA_VISIBLE_DEVICES: [0]
[I 2023-11-30 03:36:31,978] Trial 96 finished with value: 0.17885887622833252 and parameters: {'gradient_clip_val': 0.40028101128552634, 'hidden_size': 35, 'dropout': 0.2303887532794469, 'hidden_continuous_size': 24, 'attention_head_size': 3, 'learning_rate': 0.05784812649368631}. Best is trial 60 with value: 0.062327805906534195.
LOCAL_RANK: 0 - CUDA_VISIBLE_DEVICES: [0]
[I 2023-11-30 03:36:44,728] Trial 97 finished with value: 0.09509170800447464 and parameters: {'gradient_clip_val': 0.45386407917599336, 'hidden_size': 50, 'dropout': 0.2030036117197655, 'hidden_continuous_size': 23, 'attention_head_size': 2, 'learning_rate': 0.06565641990452724}. Best is trial 60 with value: 0.062327805906534195.
LOCAL_RANK: 0 - CUDA_VISIBLE_DEVICES: [0]
[I 2023-11-30 03:36:57,356] Trial 98 finished with value: 0.1086101159453392 and parameters: {'gradient_clip_val': 0.4998372546661174, 'hidden_size': 41, 'dropout': 0.19419790283395094, 'hidden_continuous_size': 22, 'attention_head_size': 2, 'learning_rate': 0.03749229075457432}. Best is trial 60 with value: 0.062327805906534195.
LOCAL_RANK: 0 - CUDA_VISIBLE_DEVICES: [0]
[I 2023-11-30 03:37:10,186] Trial 99 finished with value: 0.08911194652318954 and parameters: {'gradient_clip_val': 0.5264445109785078, 'hidden_size': 38, 'dropout': 0.136771579860245, 'hidden_continuous_size': 27, 'attention_head_size': 2, 'learning_rate': 0.08708719780108498}. Best is trial 60 with value: 0.062327805906534195.
LOCAL_RANK: 0 - CUDA_VISIBLE_DEVICES: [0]
[I 2023-11-30 03:37:23,899] Trial 100 finished with value: 0.11322598904371262 and parameters: {'gradient_clip_val': 0.4220851624549845, 'hidden_size': 71, 'dropout': 0.1485887296194538, 'hidden_continuous_size': 30, 'attention_head_size': 2, 'learning_rate': 0.04560104793537491}. Best is trial 60 with value: 0.062327805906534195.
LOCAL_RANK: 0 - CUDA_VISIBLE_DEVICES: [0]
[I 2023-11-30 03:37:36,986] Trial 101 finished with value: 0.13492600619792938 and parameters: {'gradient_clip_val': 0.44572020618695074, 'hidden_size': 53, 'dropout': 0.20630002641272896, 'hidden_continuous_size': 28, 'attention_head_size': 3, 'learning_rate': 0.07005998872459766}. Best is trial 60 with value: 0.062327805906534195.
LOCAL_RANK: 0 - CUDA_VISIBLE_DEVICES: [0]
[I 2023-11-30 03:37:50,573] Trial 102 finished with value: 0.19383852183818817 and parameters: {'gradient_clip_val': 0.43594190759879187, 'hidden_size': 65, 'dropout': 0.18010085655925492, 'hidden_continuous_size': 33, 'attention_head_size': 3, 'learning_rate': 0.04887564345995445}. Best is trial 60 with value: 0.062327805906534195.
LOCAL_RANK: 0 - CUDA_VISIBLE_DEVICES: [0]
[I 2023-11-30 03:38:03,472] Trial 103 finished with value: 0.06731101870536804 and parameters: {'gradient_clip_val': 0.46924831685424157, 'hidden_size': 47, 'dropout': 0.21454287043768158, 'hidden_continuous_size': 27, 'attention_head_size': 3, 'learning_rate': 0.042157419263296414}. Best is trial 60 with value: 0.062327805906534195.
LOCAL_RANK: 0 - CUDA_VISIBLE_DEVICES: [0]
[I 2023-11-30 03:38:16,341] Trial 104 finished with value: 0.10478842258453369 and parameters: {'gradient_clip_val': 0.47199632894681254, 'hidden_size': 44, 'dropout': 0.2140476565454969, 'hidden_continuous_size': 27, 'attention_head_size': 3, 'learning_rate': 0.04267867358407567}. Best is trial 60 with value: 0.062327805906534195.
LOCAL_RANK: 0 - CUDA_VISIBLE_DEVICES: [0]
[I 2023-11-30 03:38:29,045] Trial 105 finished with value: 0.12134423851966858 and parameters: {'gradient_clip_val': 0.5653763435836876, 'hidden_size': 48, 'dropout': 0.2199421037396503, 'hidden_continuous_size': 29, 'attention_head_size': 3, 'learning_rate': 0.05785266012746648}. Best is trial 60 with value: 0.062327805906534195.
LOCAL_RANK: 0 - CUDA_VISIBLE_DEVICES: [0]
[I 2023-11-30 03:38:41,688] Trial 106 finished with value: 0.0706215500831604 and parameters: {'gradient_clip_val': 0.5152117860672482, 'hidden_size': 37, 'dropout': 0.2295764990743876, 'hidden_continuous_size': 26, 'attention_head_size': 2, 'learning_rate': 0.03865245158510042}. Best is trial 60 with value: 0.062327805906534195.
LOCAL_RANK: 0 - CUDA_VISIBLE_DEVICES: [0]
[I 2023-11-30 03:38:54,267] Trial 107 finished with value: 0.18635062873363495 and parameters: {'gradient_clip_val': 0.4972606723644975, 'hidden_size': 38, 'dropout': 0.19224906706474848, 'hidden_continuous_size': 26, 'attention_head_size': 2, 'learning_rate': 0.030629461351494653}. Best is trial 60 with value: 0.062327805906534195.
LOCAL_RANK: 0 - CUDA_VISIBLE_DEVICES: [0]
[I 2023-11-30 03:39:07,141] Trial 108 finished with value: 0.13201196491718292 and parameters: {'gradient_clip_val': 0.542289880672247, 'hidden_size': 46, 'dropout': 0.22744570689622787, 'hidden_continuous_size': 25, 'attention_head_size': 3, 'learning_rate': 0.039447813259900454}. Best is trial 60 with value: 0.062327805906534195.
LOCAL_RANK: 0 - CUDA_VISIBLE_DEVICES: [0]
[I 2023-11-30 03:39:20,594] Trial 109 finished with value: 0.14336833357810974 and parameters: {'gradient_clip_val': 0.6115350171504098, 'hidden_size': 55, 'dropout': 0.24160090170254825, 'hidden_continuous_size': 28, 'attention_head_size': 4, 'learning_rate': 0.03392447682419139}. Best is trial 60 with value: 0.062327805906534195.
LOCAL_RANK: 0 - CUDA_VISIBLE_DEVICES: [0]
[I 2023-11-30 03:39:33,376] Trial 110 finished with value: 0.09671569615602493 and parameters: {'gradient_clip_val': 0.5134711316123105, 'hidden_size': 43, 'dropout': 0.20016192499718952, 'hidden_continuous_size': 26, 'attention_head_size': 2, 'learning_rate': 0.050257467810122525}. Best is trial 60 with value: 0.062327805906534195.
LOCAL_RANK: 0 - CUDA_VISIBLE_DEVICES: [0]
[I 2023-11-30 03:39:45,943] Trial 111 finished with value: 0.11010896414518356 and parameters: {'gradient_clip_val': 0.46848651563686944, 'hidden_size': 40, 'dropout': 0.25145437580180174, 'hidden_continuous_size': 25, 'attention_head_size': 2, 'learning_rate': 0.05290916029069136}. Best is trial 60 with value: 0.062327805906534195.
LOCAL_RANK: 0 - CUDA_VISIBLE_DEVICES: [0]
[I 2023-11-30 03:39:58,569] Trial 112 finished with value: 0.15663845837116241 and parameters: {'gradient_clip_val': 0.6673173772421704, 'hidden_size': 38, 'dropout': 0.23238919334903788, 'hidden_continuous_size': 27, 'attention_head_size': 2, 'learning_rate': 0.06290734561909628}. Best is trial 60 with value: 0.062327805906534195.
LOCAL_RANK: 0 - CUDA_VISIBLE_DEVICES: [0]
[I 2023-11-30 03:40:11,269] Trial 113 finished with value: 0.10010030120611191 and parameters: {'gradient_clip_val': 0.4867188581618911, 'hidden_size': 35, 'dropout': 0.24709748943750998, 'hidden_continuous_size': 23, 'attention_head_size': 2, 'learning_rate': 0.03771965843213024}. Best is trial 60 with value: 0.062327805906534195.
LOCAL_RANK: 0 - CUDA_VISIBLE_DEVICES: [0]
[I 2023-11-30 03:40:23,711] Trial 114 finished with value: 0.0997462049126625 and parameters: {'gradient_clip_val': 0.8348834608705379, 'hidden_size': 48, 'dropout': 0.21445635084360845, 'hidden_continuous_size': 20, 'attention_head_size': 2, 'learning_rate': 0.028333828345986894}. Best is trial 60 with value: 0.062327805906534195.
LOCAL_RANK: 0 - CUDA_VISIBLE_DEVICES: [0]
[I 2023-11-30 03:40:36,704] Trial 115 finished with value: 0.14740107953548431 and parameters: {'gradient_clip_val': 0.7505590221618943, 'hidden_size': 51, 'dropout': 0.20851226441525517, 'hidden_continuous_size': 24, 'attention_head_size': 2, 'learning_rate': 0.07897853150340968}. Best is trial 60 with value: 0.062327805906534195.
LOCAL_RANK: 0 - CUDA_VISIBLE_DEVICES: [0]
[I 2023-11-30 03:40:49,291] Trial 116 finished with value: 0.06829383224248886 and parameters: {'gradient_clip_val': 0.451606669335729, 'hidden_size': 34, 'dropout': 0.22447487001730404, 'hidden_continuous_size': 25, 'attention_head_size': 2, 'learning_rate': 0.07004859864149121}. Best is trial 60 with value: 0.062327805906534195.
LOCAL_RANK: 0 - CUDA_VISIBLE_DEVICES: [0]
[I 2023-11-30 03:41:02,448] Trial 117 finished with value: 0.12205743789672852 and parameters: {'gradient_clip_val': 0.41580903838736566, 'hidden_size': 60, 'dropout': 0.22219394327156156, 'hidden_continuous_size': 30, 'attention_head_size': 2, 'learning_rate': 0.06660892920616888}. Best is trial 60 with value: 0.062327805906534195.
LOCAL_RANK: 0 - CUDA_VISIBLE_DEVICES: [0]
[I 2023-11-30 03:41:15,311] Trial 118 finished with value: 0.06734029948711395 and parameters: {'gradient_clip_val': 0.46080521305211225, 'hidden_size': 41, 'dropout': 0.16856269609143348, 'hidden_continuous_size': 26, 'attention_head_size': 2, 'learning_rate': 0.07169489547723257}. Best is trial 60 with value: 0.062327805906534195.
LOCAL_RANK: 0 - CUDA_VISIBLE_DEVICES: [0]
[I 2023-11-30 03:41:27,847] Trial 119 finished with value: 0.10273638367652893 and parameters: {'gradient_clip_val': 0.5186763259026159, 'hidden_size': 41, 'dropout': 0.16642706840518426, 'hidden_continuous_size': 26, 'attention_head_size': 2, 'learning_rate': 0.07497856135585644}. Best is trial 60 with value: 0.062327805906534195.
LOCAL_RANK: 0 - CUDA_VISIBLE_DEVICES: [0]
[I 2023-11-30 03:41:40,209] Trial 120 finished with value: 0.13092418015003204 and parameters: {'gradient_clip_val': 0.4527810273341526, 'hidden_size': 32, 'dropout': 0.15920458266060736, 'hidden_continuous_size': 26, 'attention_head_size': 2, 'learning_rate': 0.08824441069426942}. Best is trial 60 with value: 0.062327805906534195.
LOCAL_RANK: 0 - CUDA_VISIBLE_DEVICES: [0]
[I 2023-11-30 03:41:52,867] Trial 121 finished with value: 0.20050285756587982 and parameters: {'gradient_clip_val': 0.3902317998628296, 'hidden_size': 44, 'dropout': 0.18523746959396187, 'hidden_continuous_size': 24, 'attention_head_size': 2, 'learning_rate': 0.059080110027468186}. Best is trial 60 with value: 0.062327805906534195.
LOCAL_RANK: 0 - CUDA_VISIBLE_DEVICES: [0]
[I 2023-11-30 03:42:05,406] Trial 122 finished with value: 0.10962587594985962 and parameters: {'gradient_clip_val': 0.5461263385919354, 'hidden_size': 34, 'dropout': 0.19902591791548982, 'hidden_continuous_size': 25, 'attention_head_size': 2, 'learning_rate': 0.055156271154886916}. Best is trial 60 with value: 0.062327805906534195.
LOCAL_RANK: 0 - CUDA_VISIBLE_DEVICES: [0]
[I 2023-11-30 03:42:18,237] Trial 123 finished with value: 0.09567955881357193 and parameters: {'gradient_clip_val': 0.42553422045573147, 'hidden_size': 37, 'dropout': 0.17296751252291942, 'hidden_continuous_size': 27, 'attention_head_size': 2, 'learning_rate': 0.07099680796775974}. Best is trial 60 with value: 0.062327805906534195.
LOCAL_RANK: 0 - CUDA_VISIBLE_DEVICES: [0]
[I 2023-11-30 03:42:31,154] Trial 124 finished with value: 0.1235278844833374 and parameters: {'gradient_clip_val': 0.4562211638271039, 'hidden_size': 57, 'dropout': 0.11529791000333156, 'hidden_continuous_size': 22, 'attention_head_size': 2, 'learning_rate': 0.08067075000528581}. Best is trial 60 with value: 0.062327805906534195.
LOCAL_RANK: 0 - CUDA_VISIBLE_DEVICES: [0]
[I 2023-11-30 03:42:43,807] Trial 125 finished with value: 0.12618917226791382 and parameters: {'gradient_clip_val': 0.5747623268146019, 'hidden_size': 48, 'dropout': 0.1286886361711129, 'hidden_continuous_size': 25, 'attention_head_size': 2, 'learning_rate': 0.09937059447492201}. Best is trial 60 with value: 0.062327805906534195.
LOCAL_RANK: 0 - CUDA_VISIBLE_DEVICES: [0]
