[I 2023-11-29 21:11:07,881] Trial 140 finished with value: 0.07741248607635498 and parameters: {'gradient_clip_val': 0.6210544538982177, 'hidden_size': 98, 'dropout': 0.19026262141562233, 'hidden_continuous_size': 41, 'attention_head_size': 4, 'learning_rate': 0.03849328354378884}. Best is trial 87 with value: 0.07728060334920883.
LOCAL_RANK: 0 - CUDA_VISIBLE_DEVICES: [0]
[I 2023-11-29 21:11:21,703] Trial 141 finished with value: 0.11874572187662125 and parameters: {'gradient_clip_val': 0.6121144886006158, 'hidden_size': 98, 'dropout': 0.1908317058579993, 'hidden_continuous_size': 42, 'attention_head_size': 4, 'learning_rate': 0.037390041778701685}. Best is trial 87 with value: 0.07728060334920883.
LOCAL_RANK: 0 - CUDA_VISIBLE_DEVICES: [0]
[I 2023-11-29 21:11:35,705] Trial 142 finished with value: 0.25476595759391785 and parameters: {'gradient_clip_val': 0.5654297753759919, 'hidden_size': 114, 'dropout': 0.18117039433740606, 'hidden_continuous_size': 41, 'attention_head_size': 4, 'learning_rate': 0.04548880777801739}. Best is trial 87 with value: 0.07728060334920883.
LOCAL_RANK: 0 - CUDA_VISIBLE_DEVICES: [0]
[I 2023-11-29 21:11:49,478] Trial 143 finished with value: 0.2142234444618225 and parameters: {'gradient_clip_val': 0.6333436011326634, 'hidden_size': 66, 'dropout': 0.198656241791346, 'hidden_continuous_size': 47, 'attention_head_size': 4, 'learning_rate': 0.03398360303940781}. Best is trial 87 with value: 0.07728060334920883.
LOCAL_RANK: 0 - CUDA_VISIBLE_DEVICES: [0]
[I 2023-11-29 21:12:03,319] Trial 144 finished with value: 0.13106457889080048 and parameters: {'gradient_clip_val': 0.5908597914325512, 'hidden_size': 94, 'dropout': 0.20432551848313119, 'hidden_continuous_size': 37, 'attention_head_size': 4, 'learning_rate': 0.030665448080771606}. Best is trial 87 with value: 0.07728060334920883.
LOCAL_RANK: 0 - CUDA_VISIBLE_DEVICES: [0]
[I 2023-11-29 21:12:17,189] Trial 145 finished with value: 0.12751193344593048 and parameters: {'gradient_clip_val': 0.9975506172649412, 'hidden_size': 81, 'dropout': 0.17114250660361, 'hidden_continuous_size': 63, 'attention_head_size': 4, 'learning_rate': 0.040645477740501965}. Best is trial 87 with value: 0.07728060334920883.
LOCAL_RANK: 0 - CUDA_VISIBLE_DEVICES: [0]
[I 2023-11-29 21:12:31,132] Trial 146 finished with value: 0.1885307878255844 and parameters: {'gradient_clip_val': 0.5399560384034785, 'hidden_size': 77, 'dropout': 0.23521786815933887, 'hidden_continuous_size': 49, 'attention_head_size': 3, 'learning_rate': 0.04972244142811759}. Best is trial 87 with value: 0.07728060334920883.
LOCAL_RANK: 0 - CUDA_VISIBLE_DEVICES: [0]
[I 2023-11-29 21:12:44,727] Trial 147 finished with value: 0.09871065616607666 and parameters: {'gradient_clip_val': 0.6629413741970609, 'hidden_size': 73, 'dropout': 0.19143651471006903, 'hidden_continuous_size': 44, 'attention_head_size': 3, 'learning_rate': 0.055455043352476724}. Best is trial 87 with value: 0.07728060334920883.
LOCAL_RANK: 0 - CUDA_VISIBLE_DEVICES: [0]
[I 2023-11-29 21:12:58,735] Trial 148 finished with value: 0.10680174082517624 and parameters: {'gradient_clip_val': 0.698121196525853, 'hidden_size': 128, 'dropout': 0.18493529695968133, 'hidden_continuous_size': 39, 'attention_head_size': 1, 'learning_rate': 0.0367483228803603}. Best is trial 87 with value: 0.07728060334920883.
LOCAL_RANK: 0 - CUDA_VISIBLE_DEVICES: [0]
[I 2023-11-29 21:13:13,009] Trial 149 finished with value: 0.16581691801548004 and parameters: {'gradient_clip_val': 0.749112123731444, 'hidden_size': 145, 'dropout': 0.20525439687569666, 'hidden_continuous_size': 30, 'attention_head_size': 4, 'learning_rate': 0.028587767646879682}. Best is trial 87 with value: 0.07728060334920883.
[I 2023-11-29 21:13:13,137] A new study created in memory with name: no-name-77f3508c-9457-4fc2-bb1c-79caad9ab2cf
/home/le004/conda/anaconda3/envs/tsff_env/lib/python3.9/site-packages/lightning/fabric/plugins/environments/slurm.py:191: The `srun` command is available on your system but is not used. HINT: If your intention is to run Lightning on SLURM, prepend your python command with `srun` like so: srun python /home/le004/master_thesis/git/TSFusionForecast/code/ ...
LOCAL_RANK: 0 - CUDA_VISIBLE_DEVICES: [0]
[I 2023-11-29 21:13:25,226] Trial 0 finished with value: 0.22682364284992218 and parameters: {'gradient_clip_val': 0.1441846565210846, 'hidden_size': 13, 'dropout': 0.21351950528329067, 'hidden_continuous_size': 12, 'attention_head_size': 2, 'learning_rate': 0.07293395949073335}. Best is trial 0 with value: 0.22682364284992218.
LOCAL_RANK: 0 - CUDA_VISIBLE_DEVICES: [0]
[I 2023-11-29 21:13:37,483] Trial 1 finished with value: 2.547320604324341 and parameters: {'gradient_clip_val': 0.26036218259481547, 'hidden_size': 14, 'dropout': 0.35903722923608483, 'hidden_continuous_size': 13, 'attention_head_size': 4, 'learning_rate': 0.002196411615975132}. Best is trial 0 with value: 0.22682364284992218.
LOCAL_RANK: 0 - CUDA_VISIBLE_DEVICES: [0]
[I 2023-11-29 21:13:52,016] Trial 2 finished with value: 0.22577814757823944 and parameters: {'gradient_clip_val': 0.8798137656855457, 'hidden_size': 131, 'dropout': 0.23663773219507453, 'hidden_continuous_size': 127, 'attention_head_size': 2, 'learning_rate': 0.001314291045470356}. Best is trial 2 with value: 0.22577814757823944.
LOCAL_RANK: 0 - CUDA_VISIBLE_DEVICES: [0]
[I 2023-11-29 21:14:04,250] Trial 3 finished with value: 0.23350726068019867 and parameters: {'gradient_clip_val': 0.38128489777230273, 'hidden_size': 28, 'dropout': 0.3744691857040713, 'hidden_continuous_size': 17, 'attention_head_size': 1, 'learning_rate': 0.02922226786117189}. Best is trial 2 with value: 0.22577814757823944.
LOCAL_RANK: 0 - CUDA_VISIBLE_DEVICES: [0]
[I 2023-11-29 21:14:16,705] Trial 4 finished with value: 0.1177251935005188 and parameters: {'gradient_clip_val': 0.3684627629244664, 'hidden_size': 35, 'dropout': 0.3421908648642227, 'hidden_continuous_size': 16, 'attention_head_size': 2, 'learning_rate': 0.03675715585407074}. Best is trial 4 with value: 0.1177251935005188.
LOCAL_RANK: 0 - CUDA_VISIBLE_DEVICES: [0]
[I 2023-11-29 21:14:29,191] Trial 5 finished with value: 0.7465755343437195 and parameters: {'gradient_clip_val': 0.6643303443538436, 'hidden_size': 31, 'dropout': 0.3867570010075647, 'hidden_continuous_size': 19, 'attention_head_size': 2, 'learning_rate': 0.00420995069666379}. Best is trial 4 with value: 0.1177251935005188.
LOCAL_RANK: 0 - CUDA_VISIBLE_DEVICES: [0]
[I 2023-11-29 21:14:42,691] Trial 6 finished with value: 0.20769065618515015 and parameters: {'gradient_clip_val': 0.7538294193771865, 'hidden_size': 77, 'dropout': 0.23910653376613955, 'hidden_continuous_size': 32, 'attention_head_size': 3, 'learning_rate': 0.012815558313668087}. Best is trial 4 with value: 0.1177251935005188.
LOCAL_RANK: 0 - CUDA_VISIBLE_DEVICES: [0]
[I 2023-11-29 21:14:54,718] Trial 7 finished with value: 1.743913173675537 and parameters: {'gradient_clip_val': 0.62683194369511, 'hidden_size': 16, 'dropout': 0.14062348401229482, 'hidden_continuous_size': 12, 'attention_head_size': 4, 'learning_rate': 0.0030853300226060085}. Best is trial 4 with value: 0.1177251935005188.
LOCAL_RANK: 0 - CUDA_VISIBLE_DEVICES: [0]
[I 2023-11-29 21:15:07,423] Trial 8 finished with value: 0.3993220329284668 and parameters: {'gradient_clip_val': 0.2019802604940327, 'hidden_size': 41, 'dropout': 0.3065311923773133, 'hidden_continuous_size': 15, 'attention_head_size': 2, 'learning_rate': 0.00817969608123678}. Best is trial 4 with value: 0.1177251935005188.
LOCAL_RANK: 0 - CUDA_VISIBLE_DEVICES: [0]
[I 2023-11-29 21:15:20,739] Trial 9 finished with value: 0.386914998292923 and parameters: {'gradient_clip_val': 0.9704903319495536, 'hidden_size': 67, 'dropout': 0.36796660472912, 'hidden_continuous_size': 18, 'attention_head_size': 4, 'learning_rate': 0.0062973667402842675}. Best is trial 4 with value: 0.1177251935005188.
LOCAL_RANK: 0 - CUDA_VISIBLE_DEVICES: [0]
[I 2023-11-29 21:15:32,717] Trial 10 finished with value: 0.2031193971633911 and parameters: {'gradient_clip_val': 0.3863454096108345, 'hidden_size': 22, 'dropout': 0.29353763776680275, 'hidden_continuous_size': 10, 'attention_head_size': 1, 'learning_rate': 0.06936128367800212}. Best is trial 4 with value: 0.1177251935005188.
LOCAL_RANK: 0 - CUDA_VISIBLE_DEVICES: [0]
[I 2023-11-29 21:15:44,626] Trial 11 finished with value: 0.10511496663093567 and parameters: {'gradient_clip_val': 0.3973641880243508, 'hidden_size': 22, 'dropout': 0.3036481709748491, 'hidden_continuous_size': 10, 'attention_head_size': 1, 'learning_rate': 0.09626428676262956}. Best is trial 11 with value: 0.10511496663093567.
LOCAL_RANK: 0 - CUDA_VISIBLE_DEVICES: [0]
[I 2023-11-29 21:15:56,727] Trial 12 finished with value: 0.09778984636068344 and parameters: {'gradient_clip_val': 0.4673357082124409, 'hidden_size': 21, 'dropout': 0.31026438486715613, 'hidden_continuous_size': 10, 'attention_head_size': 1, 'learning_rate': 0.09481524589589169}. Best is trial 12 with value: 0.09778984636068344.
LOCAL_RANK: 0 - CUDA_VISIBLE_DEVICES: [0]
[I 2023-11-29 21:16:07,224] Trial 13 finished with value: 0.215703547000885 and parameters: {'gradient_clip_val': 0.49896304971145067, 'hidden_size': 10, 'dropout': 0.2965149014257841, 'hidden_continuous_size': 10, 'attention_head_size': 1, 'learning_rate': 0.09402852005240486}. Best is trial 12 with value: 0.09778984636068344.
LOCAL_RANK: 0 - CUDA_VISIBLE_DEVICES: [0]
[I 2023-11-29 21:16:19,116] Trial 14 finished with value: 0.16464366018772125 and parameters: {'gradient_clip_val': 0.4834245525229925, 'hidden_size': 20, 'dropout': 0.3283540954645706, 'hidden_continuous_size': 10, 'attention_head_size': 1, 'learning_rate': 0.03754779935230637}. Best is trial 12 with value: 0.09778984636068344.
LOCAL_RANK: 0 - CUDA_VISIBLE_DEVICES: [0]
[I 2023-11-29 21:16:31,376] Trial 15 finished with value: 0.541029691696167 and parameters: {'gradient_clip_val': 0.28302220301538966, 'hidden_size': 23, 'dropout': 0.27125338193475157, 'hidden_continuous_size': 10, 'attention_head_size': 3, 'learning_rate': 0.01702897426456543}. Best is trial 12 with value: 0.09778984636068344.
LOCAL_RANK: 0 - CUDA_VISIBLE_DEVICES: [0]
[I 2023-11-29 21:16:43,410] Trial 16 finished with value: 0.15877658128738403 and parameters: {'gradient_clip_val': 0.10171751870657858, 'hidden_size': 18, 'dropout': 0.33142324819214347, 'hidden_continuous_size': 11, 'attention_head_size': 1, 'learning_rate': 0.09475408340666029}. Best is trial 12 with value: 0.09778984636068344.
LOCAL_RANK: 0 - CUDA_VISIBLE_DEVICES: [0]
[I 2023-11-29 21:16:53,378] Trial 17 finished with value: 0.3920150697231293 and parameters: {'gradient_clip_val': 0.504449658318569, 'hidden_size': 10, 'dropout': 0.2693113680756838, 'hidden_continuous_size': 10, 'attention_head_size': 1, 'learning_rate': 0.04688886080028218}. Best is trial 12 with value: 0.09778984636068344.
LOCAL_RANK: 0 - CUDA_VISIBLE_DEVICES: [0]
[I 2023-11-29 21:17:05,476] Trial 18 finished with value: 0.19806607067584991 and parameters: {'gradient_clip_val': 0.2523153063140397, 'hidden_size': 28, 'dropout': 0.389965670171343, 'hidden_continuous_size': 11, 'attention_head_size': 3, 'learning_rate': 0.021161485784529}. Best is trial 12 with value: 0.09778984636068344.
LOCAL_RANK: 0 - CUDA_VISIBLE_DEVICES: [0]
[I 2023-11-29 21:17:18,043] Trial 19 finished with value: 0.09525993466377258 and parameters: {'gradient_clip_val': 0.32756284099131533, 'hidden_size': 39, 'dropout': 0.3183742667442299, 'hidden_continuous_size': 14, 'attention_head_size': 1, 'learning_rate': 0.052006281140074724}. Best is trial 19 with value: 0.09525993466377258.
LOCAL_RANK: 0 - CUDA_VISIBLE_DEVICES: [0]
[I 2023-11-29 21:17:30,621] Trial 20 finished with value: 0.09775695949792862 and parameters: {'gradient_clip_val': 0.3209436256072252, 'hidden_size': 44, 'dropout': 0.3466812158234193, 'hidden_continuous_size': 14, 'attention_head_size': 2, 'learning_rate': 0.05226007760395906}. Best is trial 19 with value: 0.09525993466377258.
LOCAL_RANK: 0 - CUDA_VISIBLE_DEVICES: [0]
[I 2023-11-29 21:17:43,432] Trial 21 finished with value: 0.19421948492527008 and parameters: {'gradient_clip_val': 0.32502710156863734, 'hidden_size': 45, 'dropout': 0.3440571901648072, 'hidden_continuous_size': 14, 'attention_head_size': 2, 'learning_rate': 0.0544463305046631}. Best is trial 19 with value: 0.09525993466377258.
LOCAL_RANK: 0 - CUDA_VISIBLE_DEVICES: [0]
[I 2023-11-29 21:17:55,929] Trial 22 finished with value: 0.11518386751413345 and parameters: {'gradient_clip_val': 0.2176087458527488, 'hidden_size': 43, 'dropout': 0.32282251467051104, 'hidden_continuous_size': 14, 'attention_head_size': 1, 'learning_rate': 0.05606101180781752}. Best is trial 19 with value: 0.09525993466377258.
LOCAL_RANK: 0 - CUDA_VISIBLE_DEVICES: [0]
[I 2023-11-29 21:18:08,616] Trial 23 finished with value: 0.20757202804088593 and parameters: {'gradient_clip_val': 0.3129870801980103, 'hidden_size': 53, 'dropout': 0.39835334454292626, 'hidden_continuous_size': 12, 'attention_head_size': 2, 'learning_rate': 0.026946977179720475}. Best is trial 19 with value: 0.09525993466377258.
LOCAL_RANK: 0 - CUDA_VISIBLE_DEVICES: [0]
[I 2023-11-29 21:18:21,216] Trial 24 finished with value: 0.1579507440328598 and parameters: {'gradient_clip_val': 0.46382470782786833, 'hidden_size': 35, 'dropout': 0.35666484931722703, 'hidden_continuous_size': 13, 'attention_head_size': 1, 'learning_rate': 0.043308687033678}. Best is trial 19 with value: 0.09525993466377258.
LOCAL_RANK: 0 - CUDA_VISIBLE_DEVICES: [0]
[I 2023-11-29 21:18:33,497] Trial 25 finished with value: 0.1000162735581398 and parameters: {'gradient_clip_val': 0.5621451829127522, 'hidden_size': 26, 'dropout': 0.3201409954026756, 'hidden_continuous_size': 11, 'attention_head_size': 3, 'learning_rate': 0.0633657439599747}. Best is trial 19 with value: 0.09525993466377258.
LOCAL_RANK: 0 - CUDA_VISIBLE_DEVICES: [0]
[I 2023-11-29 21:18:45,921] Trial 26 finished with value: 0.17087681591510773 and parameters: {'gradient_clip_val': 0.3173629040409245, 'hidden_size': 33, 'dropout': 0.3476345312764658, 'hidden_continuous_size': 15, 'attention_head_size': 2, 'learning_rate': 0.028913802703216078}. Best is trial 19 with value: 0.09525993466377258.
LOCAL_RANK: 0 - CUDA_VISIBLE_DEVICES: [0]
[I 2023-11-29 21:18:58,527] Trial 27 finished with value: 0.1958506554365158 and parameters: {'gradient_clip_val': 0.43742292076369765, 'hidden_size': 53, 'dropout': 0.368562226637176, 'hidden_continuous_size': 19, 'attention_head_size': 1, 'learning_rate': 0.01714708477012217}. Best is trial 19 with value: 0.09525993466377258.
LOCAL_RANK: 0 - CUDA_VISIBLE_DEVICES: [0]
[I 2023-11-29 21:19:10,475] Trial 28 finished with value: 0.10997775942087173 and parameters: {'gradient_clip_val': 0.5434368502772198, 'hidden_size': 26, 'dropout': 0.28370628252324137, 'hidden_continuous_size': 13, 'attention_head_size': 1, 'learning_rate': 0.04467099515301212}. Best is trial 19 with value: 0.09525993466377258.
LOCAL_RANK: 0 - CUDA_VISIBLE_DEVICES: [0]
[I 2023-11-29 21:19:22,684] Trial 29 finished with value: 0.1850842386484146 and parameters: {'gradient_clip_val': 0.1911624390910795, 'hidden_size': 18, 'dropout': 0.2673713093832781, 'hidden_continuous_size': 12, 'attention_head_size': 2, 'learning_rate': 0.07038681050095853}. Best is trial 19 with value: 0.09525993466377258.
LOCAL_RANK: 0 - CUDA_VISIBLE_DEVICES: [0]
[I 2023-11-29 21:19:34,686] Trial 30 finished with value: 0.16147057712078094 and parameters: {'gradient_clip_val': 0.3482994411290885, 'hidden_size': 14, 'dropout': 0.3125333894608566, 'hidden_continuous_size': 11, 'attention_head_size': 2, 'learning_rate': 0.0759188211529694}. Best is trial 19 with value: 0.09525993466377258.
LOCAL_RANK: 0 - CUDA_VISIBLE_DEVICES: [0]
[I 2023-11-29 21:19:46,938] Trial 31 finished with value: 0.08813756704330444 and parameters: {'gradient_clip_val': 0.42265612664376145, 'hidden_size': 25, 'dropout': 0.32208050460237336, 'hidden_continuous_size': 11, 'attention_head_size': 3, 'learning_rate': 0.058389438012685715}. Best is trial 31 with value: 0.08813756704330444.
LOCAL_RANK: 0 - CUDA_VISIBLE_DEVICES: [0]
[I 2023-11-29 21:19:59,355] Trial 32 finished with value: 0.09745708853006363 and parameters: {'gradient_clip_val': 0.4173306809682692, 'hidden_size': 31, 'dropout': 0.3361408075456884, 'hidden_continuous_size': 12, 'attention_head_size': 3, 'learning_rate': 0.05910672828332679}. Best is trial 31 with value: 0.08813756704330444.
LOCAL_RANK: 0 - CUDA_VISIBLE_DEVICES: [0]
[I 2023-11-29 21:20:11,976] Trial 33 finished with value: 0.1514589637517929 and parameters: {'gradient_clip_val': 0.4193788810980902, 'hidden_size': 38, 'dropout': 0.34274416232546856, 'hidden_continuous_size': 14, 'attention_head_size': 3, 'learning_rate': 0.03509133157448045}. Best is trial 31 with value: 0.08813756704330444.
LOCAL_RANK: 0 - CUDA_VISIBLE_DEVICES: [0]
[I 2023-11-29 21:20:24,515] Trial 34 finished with value: 0.14983341097831726 and parameters: {'gradient_clip_val': 0.2704256963887564, 'hidden_size': 29, 'dropout': 0.36112912055686996, 'hidden_continuous_size': 13, 'attention_head_size': 3, 'learning_rate': 0.05231708832231421}. Best is trial 31 with value: 0.08813756704330444.
LOCAL_RANK: 0 - CUDA_VISIBLE_DEVICES: [0]
[I 2023-11-29 21:20:37,124] Trial 35 finished with value: 0.13886018097400665 and parameters: {'gradient_clip_val': 0.3570105179921942, 'hidden_size': 34, 'dropout': 0.32512611846468287, 'hidden_continuous_size': 12, 'attention_head_size': 4, 'learning_rate': 0.03351525460345319}. Best is trial 31 with value: 0.08813756704330444.
LOCAL_RANK: 0 - CUDA_VISIBLE_DEVICES: [0]
[I 2023-11-29 21:20:49,208] Trial 36 finished with value: 0.27442100644111633 and parameters: {'gradient_clip_val': 0.4114441720070719, 'hidden_size': 25, 'dropout': 0.3725456506897059, 'hidden_continuous_size': 13, 'attention_head_size': 3, 'learning_rate': 0.02358099501624118}. Best is trial 31 with value: 0.08813756704330444.
LOCAL_RANK: 0 - CUDA_VISIBLE_DEVICES: [0]
[I 2023-11-29 21:21:01,496] Trial 37 finished with value: 0.16587309539318085 and parameters: {'gradient_clip_val': 0.2930483760703249, 'hidden_size': 31, 'dropout': 0.338465493556935, 'hidden_continuous_size': 15, 'attention_head_size': 3, 'learning_rate': 0.040444193213541826}. Best is trial 31 with value: 0.08813756704330444.
LOCAL_RANK: 0 - CUDA_VISIBLE_DEVICES: [0]
[I 2023-11-29 21:21:14,239] Trial 38 finished with value: 0.12931431829929352 and parameters: {'gradient_clip_val': 0.3595107248624718, 'hidden_size': 48, 'dropout': 0.3807880884440597, 'hidden_continuous_size': 17, 'attention_head_size': 4, 'learning_rate': 0.05878568684240397}. Best is trial 31 with value: 0.08813756704330444.
LOCAL_RANK: 0 - CUDA_VISIBLE_DEVICES: [0]
[I 2023-11-29 21:21:26,989] Trial 39 finished with value: 0.10391639918088913 and parameters: {'gradient_clip_val': 0.24480403176417867, 'hidden_size': 38, 'dropout': 0.3574576514161787, 'hidden_continuous_size': 21, 'attention_head_size': 3, 'learning_rate': 0.030828066264119658}. Best is trial 31 with value: 0.08813756704330444.
LOCAL_RANK: 0 - CUDA_VISIBLE_DEVICES: [0]
[I 2023-11-29 21:21:39,311] Trial 40 finished with value: 0.10182243585586548 and parameters: {'gradient_clip_val': 0.33694236411028333, 'hidden_size': 31, 'dropout': 0.22490963052053442, 'hidden_continuous_size': 16, 'attention_head_size': 2, 'learning_rate': 0.07431173526140257}. Best is trial 31 with value: 0.08813756704330444.
LOCAL_RANK: 0 - CUDA_VISIBLE_DEVICES: [0]
[I 2023-11-29 21:21:51,322] Trial 41 finished with value: 0.2261197566986084 and parameters: {'gradient_clip_val': 0.43647734361104995, 'hidden_size': 24, 'dropout': 0.31403699473962116, 'hidden_continuous_size': 11, 'attention_head_size': 3, 'learning_rate': 0.07961340112528048}. Best is trial 31 with value: 0.08813756704330444.
LOCAL_RANK: 0 - CUDA_VISIBLE_DEVICES: [0]
[I 2023-11-29 21:22:03,769] Trial 42 finished with value: 0.1303502470254898 and parameters: {'gradient_clip_val': 0.3801602832886717, 'hidden_size': 39, 'dropout': 0.29087651875646603, 'hidden_continuous_size': 11, 'attention_head_size': 2, 'learning_rate': 0.04955393901018619}. Best is trial 31 with value: 0.08813756704330444.
LOCAL_RANK: 0 - CUDA_VISIBLE_DEVICES: [0]
[I 2023-11-29 21:22:15,859] Trial 43 finished with value: 0.1693568378686905 and parameters: {'gradient_clip_val': 0.6149768916932317, 'hidden_size': 28, 'dropout': 0.30771137253651076, 'hidden_continuous_size': 12, 'attention_head_size': 3, 'learning_rate': 0.065485891903617}. Best is trial 31 with value: 0.08813756704330444.
LOCAL_RANK: 0 - CUDA_VISIBLE_DEVICES: [0]
[I 2023-11-29 21:22:27,887] Trial 44 finished with value: 0.11706047505140305 and parameters: {'gradient_clip_val': 0.7524256908133321, 'hidden_size': 20, 'dropout': 0.3328947663876034, 'hidden_continuous_size': 13, 'attention_head_size': 4, 'learning_rate': 0.09928737753437138}. Best is trial 31 with value: 0.08813756704330444.
LOCAL_RANK: 0 - CUDA_VISIBLE_DEVICES: [0]
[I 2023-11-29 21:22:40,347] Trial 45 finished with value: 0.12916366755962372 and parameters: {'gradient_clip_val': 0.3992995072929838, 'hidden_size': 33, 'dropout': 0.3061144067240645, 'hidden_continuous_size': 11, 'attention_head_size': 1, 'learning_rate': 0.0821252579500075}. Best is trial 31 with value: 0.08813756704330444.
LOCAL_RANK: 0 - CUDA_VISIBLE_DEVICES: [0]
[I 2023-11-29 21:22:53,760] Trial 46 finished with value: 0.10672702640295029 and parameters: {'gradient_clip_val': 0.46623783332308044, 'hidden_size': 62, 'dropout': 0.3555484146150233, 'hidden_continuous_size': 25, 'attention_head_size': 3, 'learning_rate': 0.039095761334713965}. Best is trial 31 with value: 0.08813756704330444.
LOCAL_RANK: 0 - CUDA_VISIBLE_DEVICES: [0]
