[I 2023-11-29 21:23:06,345] Trial 47 finished with value: 0.10767430067062378 and parameters: {'gradient_clip_val': 0.2997044059065192, 'hidden_size': 41, 'dropout': 0.28360647759761526, 'hidden_continuous_size': 14, 'attention_head_size': 2, 'learning_rate': 0.06142463241576951}. Best is trial 31 with value: 0.08813756704330444.
LOCAL_RANK: 0 - CUDA_VISIBLE_DEVICES: [0]
[I 2023-11-29 21:23:19,615] Trial 48 finished with value: 0.09869862347841263 and parameters: {'gradient_clip_val': 0.3712331125410799, 'hidden_size': 90, 'dropout': 0.3324964201570292, 'hidden_continuous_size': 16, 'attention_head_size': 1, 'learning_rate': 0.04776959654072356}. Best is trial 31 with value: 0.08813756704330444.
LOCAL_RANK: 0 - CUDA_VISIBLE_DEVICES: [0]
[I 2023-11-29 21:23:31,749] Trial 49 finished with value: 0.16497434675693512 and parameters: {'gradient_clip_val': 0.5183422695315358, 'hidden_size': 23, 'dropout': 0.32043716316934634, 'hidden_continuous_size': 10, 'attention_head_size': 3, 'learning_rate': 0.08367900887873246}. Best is trial 31 with value: 0.08813756704330444.
LOCAL_RANK: 0 - CUDA_VISIBLE_DEVICES: [0]
[I 2023-11-29 21:23:44,055] Trial 50 finished with value: 0.1444200724363327 and parameters: {'gradient_clip_val': 0.4485768250558337, 'hidden_size': 36, 'dropout': 0.29816544177971976, 'hidden_continuous_size': 12, 'attention_head_size': 1, 'learning_rate': 0.06317586869380597}. Best is trial 31 with value: 0.08813756704330444.
LOCAL_RANK: 0 - CUDA_VISIBLE_DEVICES: [0]
[I 2023-11-29 21:23:57,703] Trial 51 finished with value: 0.1431255042552948 and parameters: {'gradient_clip_val': 0.35293848748352175, 'hidden_size': 122, 'dropout': 0.33465044390420595, 'hidden_continuous_size': 17, 'attention_head_size': 1, 'learning_rate': 0.044822886137341963}. Best is trial 31 with value: 0.08813756704330444.
LOCAL_RANK: 0 - CUDA_VISIBLE_DEVICES: [0]
[I 2023-11-29 21:24:10,860] Trial 52 finished with value: 0.1121080219745636 and parameters: {'gradient_clip_val': 0.3814437805234136, 'hidden_size': 77, 'dropout': 0.348786626227833, 'hidden_continuous_size': 15, 'attention_head_size': 1, 'learning_rate': 0.05092018578435901}. Best is trial 31 with value: 0.08813756704330444.
LOCAL_RANK: 0 - CUDA_VISIBLE_DEVICES: [0]
[I 2023-11-29 21:24:22,809] Trial 53 finished with value: 0.16281013190746307 and parameters: {'gradient_clip_val': 0.32304920848504537, 'hidden_size': 28, 'dropout': 0.3352840054727555, 'hidden_continuous_size': 16, 'attention_head_size': 1, 'learning_rate': 0.036465416732172296}. Best is trial 31 with value: 0.08813756704330444.
LOCAL_RANK: 0 - CUDA_VISIBLE_DEVICES: [0]
[I 2023-11-29 21:24:35,315] Trial 54 finished with value: 0.15993966162204742 and parameters: {'gradient_clip_val': 0.4024144103709665, 'hidden_size': 46, 'dropout': 0.31467994432406027, 'hidden_continuous_size': 14, 'attention_head_size': 1, 'learning_rate': 0.08769790636828362}. Best is trial 31 with value: 0.08813756704330444.
LOCAL_RANK: 0 - CUDA_VISIBLE_DEVICES: [0]
[I 2023-11-29 21:24:47,251] Trial 55 finished with value: 0.10896259546279907 and parameters: {'gradient_clip_val': 0.4834033370634587, 'hidden_size': 20, 'dropout': 0.37693134605639833, 'hidden_continuous_size': 10, 'attention_head_size': 1, 'learning_rate': 0.09999935154539367}. Best is trial 31 with value: 0.08813756704330444.
LOCAL_RANK: 0 - CUDA_VISIBLE_DEVICES: [0]
[I 2023-11-29 21:24:59,556] Trial 56 finished with value: 0.10369572788476944 and parameters: {'gradient_clip_val': 0.37335943957929274, 'hidden_size': 30, 'dropout': 0.3228373450695514, 'hidden_continuous_size': 12, 'attention_head_size': 2, 'learning_rate': 0.055932960016585334}. Best is trial 31 with value: 0.08813756704330444.
LOCAL_RANK: 0 - CUDA_VISIBLE_DEVICES: [0]
[I 2023-11-29 21:25:11,310] Trial 57 finished with value: 0.12416345626115799 and parameters: {'gradient_clip_val': 0.2823995860593971, 'hidden_size': 16, 'dropout': 0.34951816664276025, 'hidden_continuous_size': 11, 'attention_head_size': 1, 'learning_rate': 0.07294753438127784}. Best is trial 31 with value: 0.08813756704330444.
LOCAL_RANK: 0 - CUDA_VISIBLE_DEVICES: [0]
[I 2023-11-29 21:25:25,023] Trial 58 finished with value: 0.08909142762422562 and parameters: {'gradient_clip_val': 0.3304908917158823, 'hidden_size': 111, 'dropout': 0.36445618496581683, 'hidden_continuous_size': 19, 'attention_head_size': 2, 'learning_rate': 0.04654155139205527}. Best is trial 31 with value: 0.08813756704330444.
LOCAL_RANK: 0 - CUDA_VISIBLE_DEVICES: [0]
[I 2023-11-29 21:25:39,108] Trial 59 finished with value: 0.17655570805072784 and parameters: {'gradient_clip_val': 0.3316533592838129, 'hidden_size': 135, 'dropout': 0.36579034843274505, 'hidden_continuous_size': 48, 'attention_head_size': 2, 'learning_rate': 0.0390532105467555}. Best is trial 31 with value: 0.08813756704330444.
LOCAL_RANK: 0 - CUDA_VISIBLE_DEVICES: [0]
[I 2023-11-29 21:25:51,952] Trial 60 finished with value: 0.15036790072917938 and parameters: {'gradient_clip_val': 0.42257784332178994, 'hidden_size': 41, 'dropout': 0.384601443270361, 'hidden_continuous_size': 13, 'attention_head_size': 2, 'learning_rate': 0.027209841073126215}. Best is trial 31 with value: 0.08813756704330444.
LOCAL_RANK: 0 - CUDA_VISIBLE_DEVICES: [0]
[I 2023-11-29 21:26:05,195] Trial 61 finished with value: 0.13125842809677124 and parameters: {'gradient_clip_val': 0.30154356545404376, 'hidden_size': 96, 'dropout': 0.34127596097099194, 'hidden_continuous_size': 19, 'attention_head_size': 2, 'learning_rate': 0.04876421542994911}. Best is trial 31 with value: 0.08813756704330444.
LOCAL_RANK: 0 - CUDA_VISIBLE_DEVICES: [0]
[I 2023-11-29 21:26:18,683] Trial 62 finished with value: 0.17278659343719482 and parameters: {'gradient_clip_val': 0.3409830819456162, 'hidden_size': 107, 'dropout': 0.32812946330887904, 'hidden_continuous_size': 16, 'attention_head_size': 1, 'learning_rate': 0.05813431814660315}. Best is trial 31 with value: 0.08813756704330444.
LOCAL_RANK: 0 - CUDA_VISIBLE_DEVICES: [0]
[I 2023-11-29 21:26:32,802] Trial 63 finished with value: 0.19656801223754883 and parameters: {'gradient_clip_val': 0.4647542340096101, 'hidden_size': 149, 'dropout': 0.36544026217124537, 'hidden_continuous_size': 18, 'attention_head_size': 2, 'learning_rate': 0.06831893251418819}. Best is trial 31 with value: 0.08813756704330444.
LOCAL_RANK: 0 - CUDA_VISIBLE_DEVICES: [0]
[I 2023-11-29 21:26:46,039] Trial 64 finished with value: 0.14026272296905518 and parameters: {'gradient_clip_val': 0.40846618892266245, 'hidden_size': 80, 'dropout': 0.35113531462426145, 'hidden_continuous_size': 15, 'attention_head_size': 3, 'learning_rate': 0.044243330172091574}. Best is trial 31 with value: 0.08813756704330444.
LOCAL_RANK: 0 - CUDA_VISIBLE_DEVICES: [0]
[I 2023-11-29 21:26:59,163] Trial 65 finished with value: 0.11468041688203812 and parameters: {'gradient_clip_val': 0.31220026424010155, 'hidden_size': 92, 'dropout': 0.30381897600034036, 'hidden_continuous_size': 10, 'attention_head_size': 1, 'learning_rate': 0.08564338304073739}. Best is trial 31 with value: 0.08813756704330444.
LOCAL_RANK: 0 - CUDA_VISIBLE_DEVICES: [0]
[I 2023-11-29 21:27:11,300] Trial 66 finished with value: 0.2653251886367798 and parameters: {'gradient_clip_val': 0.516188914789939, 'hidden_size': 26, 'dropout': 0.34279353035939225, 'hidden_continuous_size': 14, 'attention_head_size': 1, 'learning_rate': 0.03226177339604895}. Best is trial 31 with value: 0.08813756704330444.
LOCAL_RANK: 0 - CUDA_VISIBLE_DEVICES: [0]
[I 2023-11-29 21:27:24,298] Trial 67 finished with value: 0.13164417445659637 and parameters: {'gradient_clip_val': 0.3692584542483307, 'hidden_size': 65, 'dropout': 0.3292727105050125, 'hidden_continuous_size': 12, 'attention_head_size': 3, 'learning_rate': 0.05195358400611956}. Best is trial 31 with value: 0.08813756704330444.
LOCAL_RANK: 0 - CUDA_VISIBLE_DEVICES: [0]
[I 2023-11-29 21:27:37,129] Trial 68 finished with value: 0.08373644202947617 and parameters: {'gradient_clip_val': 0.2683314811917997, 'hidden_size': 59, 'dropout': 0.3937564232141708, 'hidden_continuous_size': 13, 'attention_head_size': 2, 'learning_rate': 0.06770862577690079}. Best is trial 68 with value: 0.08373644202947617.
LOCAL_RANK: 0 - CUDA_VISIBLE_DEVICES: [0]
[I 2023-11-29 21:27:49,825] Trial 69 finished with value: 0.12809638679027557 and parameters: {'gradient_clip_val': 0.2733177710009375, 'hidden_size': 50, 'dropout': 0.3851570874488563, 'hidden_continuous_size': 13, 'attention_head_size': 2, 'learning_rate': 0.06545008724020773}. Best is trial 68 with value: 0.08373644202947617.
LOCAL_RANK: 0 - CUDA_VISIBLE_DEVICES: [0]
[I 2023-11-29 21:28:02,727] Trial 70 finished with value: 0.1372671276330948 and parameters: {'gradient_clip_val': 0.24471564901604484, 'hidden_size': 54, 'dropout': 0.39435373957017716, 'hidden_continuous_size': 10, 'attention_head_size': 2, 'learning_rate': 0.07667393860405985}. Best is trial 68 with value: 0.08373644202947617.
LOCAL_RANK: 0 - CUDA_VISIBLE_DEVICES: [0]
[I 2023-11-29 21:28:15,180] Trial 71 finished with value: 0.1290087252855301 and parameters: {'gradient_clip_val': 0.34226578773809785, 'hidden_size': 35, 'dropout': 0.37691450988067754, 'hidden_continuous_size': 14, 'attention_head_size': 2, 'learning_rate': 0.042186089022485544}. Best is trial 68 with value: 0.08373644202947617.
LOCAL_RANK: 0 - CUDA_VISIBLE_DEVICES: [0]
[I 2023-11-29 21:28:27,870] Trial 72 finished with value: 0.15989744663238525 and parameters: {'gradient_clip_val': 0.4322274906183919, 'hidden_size': 41, 'dropout': 0.3572557647469214, 'hidden_continuous_size': 15, 'attention_head_size': 2, 'learning_rate': 0.054439485538112585}. Best is trial 68 with value: 0.08373644202947617.
LOCAL_RANK: 0 - CUDA_VISIBLE_DEVICES: [0]
[I 2023-11-29 21:28:40,518] Trial 73 finished with value: 0.15044188499450684 and parameters: {'gradient_clip_val': 0.3897932823105228, 'hidden_size': 46, 'dropout': 0.37055360377984137, 'hidden_continuous_size': 12, 'attention_head_size': 3, 'learning_rate': 0.0700803141822807}. Best is trial 68 with value: 0.08373644202947617.
LOCAL_RANK: 0 - CUDA_VISIBLE_DEVICES: [0]
[I 2023-11-29 21:28:52,744] Trial 74 finished with value: 0.12426815181970596 and parameters: {'gradient_clip_val': 0.2618117568179059, 'hidden_size': 33, 'dropout': 0.39311192605087153, 'hidden_continuous_size': 14, 'attention_head_size': 1, 'learning_rate': 0.045819678345398}. Best is trial 68 with value: 0.08373644202947617.
LOCAL_RANK: 0 - CUDA_VISIBLE_DEVICES: [0]
[I 2023-11-29 21:29:05,722] Trial 75 finished with value: 0.1262146532535553 and parameters: {'gradient_clip_val': 0.2947580976566142, 'hidden_size': 58, 'dropout': 0.3598600892270815, 'hidden_continuous_size': 11, 'attention_head_size': 2, 'learning_rate': 0.08891145837246461}. Best is trial 68 with value: 0.08373644202947617.
LOCAL_RANK: 0 - CUDA_VISIBLE_DEVICES: [0]
[I 2023-11-29 21:29:18,310] Trial 76 finished with value: 0.1355258971452713 and parameters: {'gradient_clip_val': 0.31985401742172986, 'hidden_size': 44, 'dropout': 0.3144088587076768, 'hidden_continuous_size': 13, 'attention_head_size': 3, 'learning_rate': 0.03544207070043505}. Best is trial 68 with value: 0.08373644202947617.
LOCAL_RANK: 0 - CUDA_VISIBLE_DEVICES: [0]
[I 2023-11-29 21:29:31,340] Trial 77 finished with value: 0.13281749188899994 and parameters: {'gradient_clip_val': 0.35998175301399554, 'hidden_size': 72, 'dropout': 0.3377961298505577, 'hidden_continuous_size': 18, 'attention_head_size': 1, 'learning_rate': 0.06032838039017114}. Best is trial 68 with value: 0.08373644202947617.
LOCAL_RANK: 0 - CUDA_VISIBLE_DEVICES: [0]
[I 2023-11-29 21:29:43,775] Trial 78 finished with value: 0.12374880164861679 and parameters: {'gradient_clip_val': 0.42315976036433717, 'hidden_size': 37, 'dropout': 0.39708298399401987, 'hidden_continuous_size': 13, 'attention_head_size': 2, 'learning_rate': 0.0767803170268857}. Best is trial 68 with value: 0.08373644202947617.
LOCAL_RANK: 0 - CUDA_VISIBLE_DEVICES: [0]
[I 2023-11-29 21:29:56,721] Trial 79 finished with value: 0.09106136113405228 and parameters: {'gradient_clip_val': 0.3883475688788482, 'hidden_size': 57, 'dropout': 0.3228139189089757, 'hidden_continuous_size': 17, 'attention_head_size': 3, 'learning_rate': 0.05120579607209031}. Best is trial 68 with value: 0.08373644202947617.
LOCAL_RANK: 0 - CUDA_VISIBLE_DEVICES: [0]
[I 2023-11-29 21:30:09,613] Trial 80 finished with value: 0.12409823387861252 and parameters: {'gradient_clip_val': 0.45408358793721487, 'hidden_size': 50, 'dropout': 0.3222481275264654, 'hidden_continuous_size': 11, 'attention_head_size': 3, 'learning_rate': 0.057696414595968075}. Best is trial 68 with value: 0.08373644202947617.
LOCAL_RANK: 0 - CUDA_VISIBLE_DEVICES: [0]
[I 2023-11-29 21:30:22,554] Trial 81 finished with value: 0.12864243984222412 and parameters: {'gradient_clip_val': 0.38672782766529135, 'hidden_size': 59, 'dropout': 0.34653728662363215, 'hidden_continuous_size': 16, 'attention_head_size': 3, 'learning_rate': 0.049402424499651224}. Best is trial 68 with value: 0.08373644202947617.
LOCAL_RANK: 0 - CUDA_VISIBLE_DEVICES: [0]
[I 2023-11-29 21:30:35,496] Trial 82 finished with value: 0.12193790078163147 and parameters: {'gradient_clip_val': 0.33861942864496514, 'hidden_size': 55, 'dropout': 0.3300462252008518, 'hidden_continuous_size': 20, 'attention_head_size': 3, 'learning_rate': 0.04137953843091788}. Best is trial 68 with value: 0.08373644202947617.
LOCAL_RANK: 0 - CUDA_VISIBLE_DEVICES: [0]
[I 2023-11-29 21:30:48,404] Trial 83 finished with value: 0.10572133213281631 and parameters: {'gradient_clip_val': 0.35949080104492753, 'hidden_size': 49, 'dropout': 0.3162054461461295, 'hidden_continuous_size': 17, 'attention_head_size': 4, 'learning_rate': 0.06802568083192059}. Best is trial 68 with value: 0.08373644202947617.
LOCAL_RANK: 0 - CUDA_VISIBLE_DEVICES: [0]
[I 2023-11-29 21:31:01,472] Trial 84 finished with value: 0.198720321059227 and parameters: {'gradient_clip_val': 0.48681873020880984, 'hidden_size': 68, 'dropout': 0.3397445301957579, 'hidden_continuous_size': 15, 'attention_head_size': 3, 'learning_rate': 0.08951071081764497}. Best is trial 68 with value: 0.08373644202947617.
LOCAL_RANK: 0 - CUDA_VISIBLE_DEVICES: [0]
[I 2023-11-29 21:31:13,960] Trial 85 finished with value: 0.12745672464370728 and parameters: {'gradient_clip_val': 0.310310666598792, 'hidden_size': 32, 'dropout': 0.2986581769002776, 'hidden_continuous_size': 18, 'attention_head_size': 3, 'learning_rate': 0.05397115359539372}. Best is trial 68 with value: 0.08373644202947617.
LOCAL_RANK: 0 - CUDA_VISIBLE_DEVICES: [0]
[I 2023-11-29 21:31:26,358] Trial 86 finished with value: 0.16050560772418976 and parameters: {'gradient_clip_val': 0.3929689866217362, 'hidden_size': 44, 'dropout': 0.35388303877731586, 'hidden_continuous_size': 16, 'attention_head_size': 1, 'learning_rate': 0.03112356423436268}. Best is trial 68 with value: 0.08373644202947617.
LOCAL_RANK: 0 - CUDA_VISIBLE_DEVICES: [0]
[I 2023-11-29 21:31:39,275] Trial 87 finished with value: 0.13143937289714813 and parameters: {'gradient_clip_val': 0.36961130504415357, 'hidden_size': 60, 'dropout': 0.36561902925735856, 'hidden_continuous_size': 17, 'attention_head_size': 3, 'learning_rate': 0.06355119336671672}. Best is trial 68 with value: 0.08373644202947617.
LOCAL_RANK: 0 - CUDA_VISIBLE_DEVICES: [0]
[I 2023-11-29 21:31:51,892] Trial 88 finished with value: 0.11377793550491333 and parameters: {'gradient_clip_val': 0.28314859173394086, 'hidden_size': 38, 'dropout': 0.30910703986324123, 'hidden_continuous_size': 15, 'attention_head_size': 3, 'learning_rate': 0.04736519055861012}. Best is trial 68 with value: 0.08373644202947617.
LOCAL_RANK: 0 - CUDA_VISIBLE_DEVICES: [0]
[I 2023-11-29 21:32:04,631] Trial 89 finished with value: 0.15045486390590668 and parameters: {'gradient_clip_val': 0.43833514504741244, 'hidden_size': 35, 'dropout': 0.32939685405324237, 'hidden_continuous_size': 12, 'attention_head_size': 2, 'learning_rate': 0.03819499070877329}. Best is trial 68 with value: 0.08373644202947617.
LOCAL_RANK: 0 - CUDA_VISIBLE_DEVICES: [0]
[I 2023-11-29 21:32:16,834] Trial 90 finished with value: 0.10229333490133286 and parameters: {'gradient_clip_val': 0.32143458135945613, 'hidden_size': 29, 'dropout': 0.37423177853447764, 'hidden_continuous_size': 14, 'attention_head_size': 1, 'learning_rate': 0.08073721135895805}. Best is trial 68 with value: 0.08373644202947617.
LOCAL_RANK: 0 - CUDA_VISIBLE_DEVICES: [0]
[I 2023-11-29 21:32:29,063] Trial 91 finished with value: 0.11652309447526932 and parameters: {'gradient_clip_val': 0.5397329480353391, 'hidden_size': 26, 'dropout': 0.32066365560668186, 'hidden_continuous_size': 11, 'attention_head_size': 3, 'learning_rate': 0.06273808144114741}. Best is trial 68 with value: 0.08373644202947617.
LOCAL_RANK: 0 - CUDA_VISIBLE_DEVICES: [0]
[I 2023-11-29 21:32:41,236] Trial 92 finished with value: 0.11600801348686218 and parameters: {'gradient_clip_val': 0.5578319500199819, 'hidden_size': 21, 'dropout': 0.33474777724552307, 'hidden_continuous_size': 10, 'attention_head_size': 3, 'learning_rate': 0.07050169033467438}. Best is trial 68 with value: 0.08373644202947617.
LOCAL_RANK: 0 - CUDA_VISIBLE_DEVICES: [0]
[I 2023-11-29 21:32:53,485] Trial 93 finished with value: 0.1546340435743332 and parameters: {'gradient_clip_val': 0.46566030733873187, 'hidden_size': 22, 'dropout': 0.34774525676476964, 'hidden_continuous_size': 11, 'attention_head_size': 3, 'learning_rate': 0.05309758256093817}. Best is trial 68 with value: 0.08373644202947617.
LOCAL_RANK: 0 - CUDA_VISIBLE_DEVICES: [0]
[I 2023-11-29 21:33:05,719] Trial 94 finished with value: 0.10505940765142441 and parameters: {'gradient_clip_val': 0.4202185323864311, 'hidden_size': 24, 'dropout': 0.320195409269785, 'hidden_continuous_size': 12, 'attention_head_size': 3, 'learning_rate': 0.05972146143587679}. Best is trial 68 with value: 0.08373644202947617.
LOCAL_RANK: 0 - CUDA_VISIBLE_DEVICES: [0]
[I 2023-11-29 21:33:18,021] Trial 95 finished with value: 0.10065986961126328 and parameters: {'gradient_clip_val': 0.4026790113210724, 'hidden_size': 27, 'dropout': 0.3063474069287542, 'hidden_continuous_size': 13, 'attention_head_size': 4, 'learning_rate': 0.09480334549258496}. Best is trial 68 with value: 0.08373644202947617.
LOCAL_RANK: 0 - CUDA_VISIBLE_DEVICES: [0]
[I 2023-11-29 21:33:30,231] Trial 96 finished with value: 0.2096567302942276 and parameters: {'gradient_clip_val': 0.3489448752170581, 'hidden_size': 31, 'dropout': 0.3276860686710621, 'hidden_continuous_size': 10, 'attention_head_size': 2, 'learning_rate': 0.04200934787575808}. Best is trial 68 with value: 0.08373644202947617.
LOCAL_RANK: 0 - CUDA_VISIBLE_DEVICES: [0]
[I 2023-11-29 21:33:42,564] Trial 97 finished with value: 0.0888555720448494 and parameters: {'gradient_clip_val': 0.3789170311268904, 'hidden_size': 30, 'dropout': 0.3356542306175105, 'hidden_continuous_size': 11, 'attention_head_size': 3, 'learning_rate': 0.047328802512912625}. Best is trial 68 with value: 0.08373644202947617.
LOCAL_RANK: 0 - CUDA_VISIBLE_DEVICES: [0]
[I 2023-11-29 21:33:55,252] Trial 98 finished with value: 0.10492787510156631 and parameters: {'gradient_clip_val': 0.3256790741165778, 'hidden_size': 42, 'dropout': 0.33891581567747486, 'hidden_continuous_size': 12, 'attention_head_size': 3, 'learning_rate': 0.04739378663965948}. Best is trial 68 with value: 0.08373644202947617.
LOCAL_RANK: 0 - CUDA_VISIBLE_DEVICES: [0]
[I 2023-11-29 21:34:07,220] Trial 99 finished with value: 0.11586526781320572 and parameters: {'gradient_clip_val': 0.3761682255465135, 'hidden_size': 30, 'dropout': 0.3449324420548773, 'hidden_continuous_size': 11, 'attention_head_size': 1, 'learning_rate': 0.07528472728491081}. Best is trial 68 with value: 0.08373644202947617.
LOCAL_RANK: 0 - CUDA_VISIBLE_DEVICES: [0]
[I 2023-11-29 21:34:19,851] Trial 100 finished with value: 0.14800626039505005 and parameters: {'gradient_clip_val': 0.30644756587172106, 'hidden_size': 33, 'dropout': 0.3628514634836209, 'hidden_continuous_size': 19, 'attention_head_size': 1, 'learning_rate': 0.0385694784428238}. Best is trial 68 with value: 0.08373644202947617.
LOCAL_RANK: 0 - CUDA_VISIBLE_DEVICES: [0]
[I 2023-11-29 21:34:31,741] Trial 101 finished with value: 0.1588146835565567 and parameters: {'gradient_clip_val': 0.402487631012122, 'hidden_size': 24, 'dropout': 0.3542325219175121, 'hidden_continuous_size': 11, 'attention_head_size': 3, 'learning_rate': 0.05701928481388501}. Best is trial 68 with value: 0.08373644202947617.
LOCAL_RANK: 0 - CUDA_VISIBLE_DEVICES: [0]
[I 2023-11-29 21:34:44,501] Trial 102 finished with value: 0.15495498478412628 and parameters: {'gradient_clip_val': 0.3605104049760594, 'hidden_size': 39, 'dropout': 0.3122429376458613, 'hidden_continuous_size': 20, 'attention_head_size': 3, 'learning_rate': 0.03459778021852961}. Best is trial 68 with value: 0.08373644202947617.
LOCAL_RANK: 0 - CUDA_VISIBLE_DEVICES: [0]
[I 2023-11-29 21:34:56,731] Trial 103 finished with value: 0.16668717563152313 and parameters: {'gradient_clip_val': 0.44325059777653075, 'hidden_size': 27, 'dropout': 0.33406764206341805, 'hidden_continuous_size': 12, 'attention_head_size': 3, 'learning_rate': 0.05061931434705847}. Best is trial 68 with value: 0.08373644202947617.
LOCAL_RANK: 0 - CUDA_VISIBLE_DEVICES: [0]
[I 2023-11-29 21:35:09,119] Trial 104 finished with value: 0.10625302791595459 and parameters: {'gradient_clip_val': 0.4909526209129612, 'hidden_size': 29, 'dropout': 0.32522839120831853, 'hidden_continuous_size': 17, 'attention_head_size': 3, 'learning_rate': 0.06430632429593153}. Best is trial 68 with value: 0.08373644202947617.
LOCAL_RANK: 0 - CUDA_VISIBLE_DEVICES: [0]
