[I 2023-11-30 00:58:13,814] Trial 127 finished with value: 0.06736279278993607 and parameters: {'gradient_clip_val': 0.2094065256341114, 'hidden_size': 47, 'dropout': 0.1362983604713487, 'hidden_continuous_size': 31, 'attention_head_size': 4, 'learning_rate': 0.07808230104148207}. Best is trial 69 with value: 0.06384287029504776.
LOCAL_RANK: 0 - CUDA_VISIBLE_DEVICES: [0]
[I 2023-11-30 00:58:26,725] Trial 128 finished with value: 0.08844923228025436 and parameters: {'gradient_clip_val': 0.30520446900483655, 'hidden_size': 47, 'dropout': 0.13777759840817144, 'hidden_continuous_size': 32, 'attention_head_size': 4, 'learning_rate': 0.07967116182067935}. Best is trial 69 with value: 0.06384287029504776.
LOCAL_RANK: 0 - CUDA_VISIBLE_DEVICES: [0]
[I 2023-11-30 00:58:39,625] Trial 129 finished with value: 0.10720313340425491 and parameters: {'gradient_clip_val': 0.2362609285031114, 'hidden_size': 42, 'dropout': 0.1286207384402856, 'hidden_continuous_size': 31, 'attention_head_size': 4, 'learning_rate': 0.07511641183712651}. Best is trial 69 with value: 0.06384287029504776.
LOCAL_RANK: 0 - CUDA_VISIBLE_DEVICES: [0]
[I 2023-11-30 00:58:52,609] Trial 130 finished with value: 0.16634415090084076 and parameters: {'gradient_clip_val': 0.17862385549886056, 'hidden_size': 45, 'dropout': 0.15842187467315955, 'hidden_continuous_size': 29, 'attention_head_size': 4, 'learning_rate': 0.06660895327121326}. Best is trial 69 with value: 0.06384287029504776.
LOCAL_RANK: 0 - CUDA_VISIBLE_DEVICES: [0]
[I 2023-11-30 00:59:05,261] Trial 131 finished with value: 0.1404324620962143 and parameters: {'gradient_clip_val': 0.20713573375517683, 'hidden_size': 37, 'dropout': 0.11456546203109946, 'hidden_continuous_size': 30, 'attention_head_size': 4, 'learning_rate': 0.09557156391746047}. Best is trial 69 with value: 0.06384287029504776.
LOCAL_RANK: 0 - CUDA_VISIBLE_DEVICES: [0]
[I 2023-11-30 00:59:18,000] Trial 132 finished with value: 0.10556065291166306 and parameters: {'gradient_clip_val': 0.2241356810475814, 'hidden_size': 34, 'dropout': 0.11994368893832583, 'hidden_continuous_size': 17, 'attention_head_size': 4, 'learning_rate': 0.0898407272679826}. Best is trial 69 with value: 0.06384287029504776.
LOCAL_RANK: 0 - CUDA_VISIBLE_DEVICES: [0]
[I 2023-11-30 00:59:31,237] Trial 133 finished with value: 0.1408410668373108 and parameters: {'gradient_clip_val': 0.1985817039025011, 'hidden_size': 56, 'dropout': 0.142999971790996, 'hidden_continuous_size': 33, 'attention_head_size': 4, 'learning_rate': 0.08103406284898357}. Best is trial 69 with value: 0.06384287029504776.
LOCAL_RANK: 0 - CUDA_VISIBLE_DEVICES: [0]
[I 2023-11-30 00:59:44,781] Trial 134 finished with value: 0.10945167392492294 and parameters: {'gradient_clip_val': 0.21011352126119381, 'hidden_size': 49, 'dropout': 0.10004492291078317, 'hidden_continuous_size': 28, 'attention_head_size': 4, 'learning_rate': 0.061658684508808244}. Best is trial 69 with value: 0.06384287029504776.
LOCAL_RANK: 0 - CUDA_VISIBLE_DEVICES: [0]
[I 2023-11-30 00:59:57,592] Trial 135 finished with value: 0.08006280660629272 and parameters: {'gradient_clip_val': 0.18856341457690215, 'hidden_size': 39, 'dropout': 0.1284851723383304, 'hidden_continuous_size': 27, 'attention_head_size': 4, 'learning_rate': 0.07240950589866353}. Best is trial 69 with value: 0.06384287029504776.
LOCAL_RANK: 0 - CUDA_VISIBLE_DEVICES: [0]
[I 2023-11-30 01:00:10,442] Trial 136 finished with value: 0.1454341858625412 and parameters: {'gradient_clip_val': 0.17094970798754003, 'hidden_size': 39, 'dropout': 0.1333189567348646, 'hidden_continuous_size': 27, 'attention_head_size': 4, 'learning_rate': 0.07029493105937801}. Best is trial 69 with value: 0.06384287029504776.
LOCAL_RANK: 0 - CUDA_VISIBLE_DEVICES: [0]
[I 2023-11-30 01:00:23,504] Trial 137 finished with value: 0.13697920739650726 and parameters: {'gradient_clip_val': 0.1864939357265051, 'hidden_size': 52, 'dropout': 0.12590483548148404, 'hidden_continuous_size': 25, 'attention_head_size': 4, 'learning_rate': 0.0604686672223161}. Best is trial 69 with value: 0.06384287029504776.
LOCAL_RANK: 0 - CUDA_VISIBLE_DEVICES: [0]
[I 2023-11-30 01:00:36,286] Trial 138 finished with value: 0.11727318912744522 and parameters: {'gradient_clip_val': 0.24925020498601325, 'hidden_size': 42, 'dropout': 0.1501682585184635, 'hidden_continuous_size': 26, 'attention_head_size': 4, 'learning_rate': 0.03553822423920461}. Best is trial 69 with value: 0.06384287029504776.
LOCAL_RANK: 0 - CUDA_VISIBLE_DEVICES: [0]
[I 2023-11-30 01:00:48,985] Trial 139 finished with value: 0.16990236937999725 and parameters: {'gradient_clip_val': 0.15874169734899127, 'hidden_size': 56, 'dropout': 0.10997128062841893, 'hidden_continuous_size': 22, 'attention_head_size': 1, 'learning_rate': 0.028461428632488007}. Best is trial 69 with value: 0.06384287029504776.
LOCAL_RANK: 0 - CUDA_VISIBLE_DEVICES: [0]
[I 2023-11-30 01:01:01,928] Trial 140 finished with value: 0.13556085526943207 and parameters: {'gradient_clip_val': 0.19116053406450192, 'hidden_size': 48, 'dropout': 0.10543059146486372, 'hidden_continuous_size': 27, 'attention_head_size': 4, 'learning_rate': 0.046839336948406876}. Best is trial 69 with value: 0.06384287029504776.
LOCAL_RANK: 0 - CUDA_VISIBLE_DEVICES: [0]
[I 2023-11-30 01:01:14,759] Trial 141 finished with value: 0.07791974395513535 and parameters: {'gradient_clip_val': 0.20103201224876216, 'hidden_size': 38, 'dropout': 0.11845460136314062, 'hidden_continuous_size': 28, 'attention_head_size': 4, 'learning_rate': 0.08098788068470965}. Best is trial 69 with value: 0.06384287029504776.
LOCAL_RANK: 0 - CUDA_VISIBLE_DEVICES: [0]
[I 2023-11-30 01:01:27,690] Trial 142 finished with value: 0.1047888696193695 and parameters: {'gradient_clip_val': 0.2015410565366484, 'hidden_size': 40, 'dropout': 0.11435848452227147, 'hidden_continuous_size': 28, 'attention_head_size': 4, 'learning_rate': 0.07291500637205049}. Best is trial 69 with value: 0.06384287029504776.
LOCAL_RANK: 0 - CUDA_VISIBLE_DEVICES: [0]
[I 2023-11-30 01:01:40,780] Trial 143 finished with value: 0.11971505731344223 and parameters: {'gradient_clip_val': 0.17584390408343611, 'hidden_size': 35, 'dropout': 0.20902544197434764, 'hidden_continuous_size': 29, 'attention_head_size': 4, 'learning_rate': 0.06649704642774304}. Best is trial 69 with value: 0.06384287029504776.
LOCAL_RANK: 0 - CUDA_VISIBLE_DEVICES: [0]
[I 2023-11-30 01:01:53,555] Trial 144 finished with value: 0.1379631757736206 and parameters: {'gradient_clip_val': 0.22689598949933756, 'hidden_size': 33, 'dropout': 0.12763019114688987, 'hidden_continuous_size': 26, 'attention_head_size': 4, 'learning_rate': 0.07682937415846676}. Best is trial 69 with value: 0.06384287029504776.
LOCAL_RANK: 0 - CUDA_VISIBLE_DEVICES: [0]
[I 2023-11-30 01:02:06,573] Trial 145 finished with value: 0.10877681523561478 and parameters: {'gradient_clip_val': 0.19193495334638042, 'hidden_size': 46, 'dropout': 0.13836876966163042, 'hidden_continuous_size': 27, 'attention_head_size': 4, 'learning_rate': 0.03909638625781314}. Best is trial 69 with value: 0.06384287029504776.
LOCAL_RANK: 0 - CUDA_VISIBLE_DEVICES: [0]
[I 2023-11-30 01:02:19,434] Trial 146 finished with value: 0.17135441303253174 and parameters: {'gradient_clip_val': 0.1802357561131973, 'hidden_size': 29, 'dropout': 0.1743906710872413, 'hidden_continuous_size': 28, 'attention_head_size': 4, 'learning_rate': 0.022403285468558787}. Best is trial 69 with value: 0.06384287029504776.
LOCAL_RANK: 0 - CUDA_VISIBLE_DEVICES: [0]
[I 2023-11-30 01:02:32,259] Trial 147 finished with value: 0.08286594599485397 and parameters: {'gradient_clip_val': 0.21564659574490855, 'hidden_size': 44, 'dropout': 0.12221556265141624, 'hidden_continuous_size': 32, 'attention_head_size': 4, 'learning_rate': 0.052960021797761804}. Best is trial 69 with value: 0.06384287029504776.
LOCAL_RANK: 0 - CUDA_VISIBLE_DEVICES: [0]
[I 2023-11-30 01:02:44,547] Trial 148 finished with value: 0.10057315975427628 and parameters: {'gradient_clip_val': 0.21835634909746285, 'hidden_size': 44, 'dropout': 0.132739913559096, 'hidden_continuous_size': 10, 'attention_head_size': 3, 'learning_rate': 0.05331857192517794}. Best is trial 69 with value: 0.06384287029504776.
LOCAL_RANK: 0 - CUDA_VISIBLE_DEVICES: [0]
[I 2023-11-30 01:02:57,260] Trial 149 finished with value: 0.09199005365371704 and parameters: {'gradient_clip_val': 0.24290836078547717, 'hidden_size': 38, 'dropout': 0.1444104054015852, 'hidden_continuous_size': 25, 'attention_head_size': 4, 'learning_rate': 0.06128855061502749}. Best is trial 69 with value: 0.06384287029504776.
[I 2023-11-30 01:02:57,369] A new study created in memory with name: no-name-ee748a56-dc7b-46c6-9c6c-d3568004d1f2
/home/le004/conda/anaconda3/envs/tsff_env/lib/python3.9/site-packages/lightning/fabric/plugins/environments/slurm.py:191: The `srun` command is available on your system but is not used. HINT: If your intention is to run Lightning on SLURM, prepend your python command with `srun` like so: srun python /home/le004/master_thesis/git/TSFusionForecast/code/ ...
LOCAL_RANK: 0 - CUDA_VISIBLE_DEVICES: [0]
[I 2023-11-30 01:03:09,578] Trial 0 finished with value: 0.39110395312309265 and parameters: {'gradient_clip_val': 0.9268526840541909, 'hidden_size': 21, 'dropout': 0.39292545817971647, 'hidden_continuous_size': 17, 'attention_head_size': 3, 'learning_rate': 0.0189958020871163}. Best is trial 0 with value: 0.39110395312309265.
LOCAL_RANK: 0 - CUDA_VISIBLE_DEVICES: [0]
[I 2023-11-30 01:03:22,981] Trial 1 finished with value: 0.16479575634002686 and parameters: {'gradient_clip_val': 0.5279140845169702, 'hidden_size': 69, 'dropout': 0.18776912491816675, 'hidden_continuous_size': 17, 'attention_head_size': 3, 'learning_rate': 0.0185876351459711}. Best is trial 1 with value: 0.16479575634002686.
LOCAL_RANK: 0 - CUDA_VISIBLE_DEVICES: [0]
[I 2023-11-30 01:03:36,460] Trial 2 finished with value: 1.1441373825073242 and parameters: {'gradient_clip_val': 0.9017859920148746, 'hidden_size': 71, 'dropout': 0.3925694274248316, 'hidden_continuous_size': 40, 'attention_head_size': 2, 'learning_rate': 0.001254646108750696}. Best is trial 1 with value: 0.16479575634002686.
LOCAL_RANK: 0 - CUDA_VISIBLE_DEVICES: [0]
[I 2023-11-30 01:03:48,250] Trial 3 finished with value: 3.1701815128326416 and parameters: {'gradient_clip_val': 0.42210960544357684, 'hidden_size': 20, 'dropout': 0.1381357564177833, 'hidden_continuous_size': 10, 'attention_head_size': 1, 'learning_rate': 0.0014149067929581955}. Best is trial 1 with value: 0.16479575634002686.
LOCAL_RANK: 0 - CUDA_VISIBLE_DEVICES: [0]
[I 2023-11-30 01:04:01,654] Trial 4 finished with value: 0.2383989840745926 and parameters: {'gradient_clip_val': 0.7873603077753427, 'hidden_size': 78, 'dropout': 0.23373749364700966, 'hidden_continuous_size': 25, 'attention_head_size': 4, 'learning_rate': 0.010433548238855152}. Best is trial 1 with value: 0.16479575634002686.
LOCAL_RANK: 0 - CUDA_VISIBLE_DEVICES: [0]
[I 2023-11-30 01:04:14,764] Trial 5 finished with value: 0.24590444564819336 and parameters: {'gradient_clip_val': 0.6571849843119055, 'hidden_size': 59, 'dropout': 0.36997594988364335, 'hidden_continuous_size': 20, 'attention_head_size': 3, 'learning_rate': 0.08341314494073782}. Best is trial 1 with value: 0.16479575634002686.
LOCAL_RANK: 0 - CUDA_VISIBLE_DEVICES: [0]
[I 2023-11-30 01:04:27,241] Trial 6 finished with value: 0.11688662320375443 and parameters: {'gradient_clip_val': 0.25276330119411117, 'hidden_size': 28, 'dropout': 0.23346955458871885, 'hidden_continuous_size': 19, 'attention_head_size': 4, 'learning_rate': 0.08590040424903089}. Best is trial 6 with value: 0.11688662320375443.
LOCAL_RANK: 0 - CUDA_VISIBLE_DEVICES: [0]
[I 2023-11-30 01:04:40,605] Trial 7 finished with value: 0.1608860343694687 and parameters: {'gradient_clip_val': 0.3233576684345346, 'hidden_size': 96, 'dropout': 0.11020656399235235, 'hidden_continuous_size': 33, 'attention_head_size': 1, 'learning_rate': 0.014923225534508094}. Best is trial 6 with value: 0.11688662320375443.
LOCAL_RANK: 0 - CUDA_VISIBLE_DEVICES: [0]
[I 2023-11-30 01:04:53,950] Trial 8 finished with value: 0.3295573890209198 and parameters: {'gradient_clip_val': 0.10376996318050323, 'hidden_size': 90, 'dropout': 0.13413919362340632, 'hidden_continuous_size': 19, 'attention_head_size': 2, 'learning_rate': 0.007292186500150973}. Best is trial 6 with value: 0.11688662320375443.
LOCAL_RANK: 0 - CUDA_VISIBLE_DEVICES: [0]
[I 2023-11-30 01:05:04,244] Trial 9 finished with value: 0.548872172832489 and parameters: {'gradient_clip_val': 0.15611569674945283, 'hidden_size': 10, 'dropout': 0.3665348192220983, 'hidden_continuous_size': 10, 'attention_head_size': 1, 'learning_rate': 0.05929128422074808}. Best is trial 6 with value: 0.11688662320375443.
LOCAL_RANK: 0 - CUDA_VISIBLE_DEVICES: [0]
[I 2023-11-30 01:05:18,868] Trial 10 finished with value: 0.16130365431308746 and parameters: {'gradient_clip_val': 0.2003932462133573, 'hidden_size': 134, 'dropout': 0.2828217142512309, 'hidden_continuous_size': 93, 'attention_head_size': 4, 'learning_rate': 0.09862251092514114}. Best is trial 6 with value: 0.11688662320375443.
LOCAL_RANK: 0 - CUDA_VISIBLE_DEVICES: [0]
[I 2023-11-30 01:05:31,579] Trial 11 finished with value: 0.22150325775146484 and parameters: {'gradient_clip_val': 0.3142703425991064, 'hidden_size': 37, 'dropout': 0.10465613764369175, 'hidden_continuous_size': 27, 'attention_head_size': 1, 'learning_rate': 0.03533900378719219}. Best is trial 6 with value: 0.11688662320375443.
LOCAL_RANK: 0 - CUDA_VISIBLE_DEVICES: [0]
[I 2023-11-30 01:05:45,739] Trial 12 finished with value: 0.1309688836336136 and parameters: {'gradient_clip_val': 0.2871232153197295, 'hidden_size': 146, 'dropout': 0.19668072640843237, 'hidden_continuous_size': 44, 'attention_head_size': 2, 'learning_rate': 0.03657890783242953}. Best is trial 6 with value: 0.11688662320375443.
LOCAL_RANK: 0 - CUDA_VISIBLE_DEVICES: [0]
[I 2023-11-30 01:05:59,865] Trial 13 finished with value: 0.21427984535694122 and parameters: {'gradient_clip_val': 0.2608740934399172, 'hidden_size': 138, 'dropout': 0.2295911819580607, 'hidden_continuous_size': 41, 'attention_head_size': 2, 'learning_rate': 0.04369750492656268}. Best is trial 6 with value: 0.11688662320375443.
LOCAL_RANK: 0 - CUDA_VISIBLE_DEVICES: [0]
[I 2023-11-30 01:06:12,427] Trial 14 finished with value: 0.15805701911449432 and parameters: {'gradient_clip_val': 0.410948366307226, 'hidden_size': 44, 'dropout': 0.1845749283627261, 'hidden_continuous_size': 13, 'attention_head_size': 4, 'learning_rate': 0.04821536725041299}. Best is trial 6 with value: 0.11688662320375443.
LOCAL_RANK: 0 - CUDA_VISIBLE_DEVICES: [0]
[I 2023-11-30 01:06:26,736] Trial 15 finished with value: 0.2892215847969055 and parameters: {'gradient_clip_val': 0.20371987917446438, 'hidden_size': 143, 'dropout': 0.27722555885171324, 'hidden_continuous_size': 58, 'attention_head_size': 3, 'learning_rate': 0.031908234278202545}. Best is trial 6 with value: 0.11688662320375443.
LOCAL_RANK: 0 - CUDA_VISIBLE_DEVICES: [0]
[I 2023-11-30 01:06:39,208] Trial 16 finished with value: 0.18174277245998383 and parameters: {'gradient_clip_val': 0.23460427977007722, 'hidden_size': 37, 'dropout': 0.19748900553716325, 'hidden_continuous_size': 14, 'attention_head_size': 2, 'learning_rate': 0.09421379041942143}. Best is trial 6 with value: 0.11688662320375443.
LOCAL_RANK: 0 - CUDA_VISIBLE_DEVICES: [0]
[I 2023-11-30 01:06:51,477] Trial 17 finished with value: 0.24252820014953613 and parameters: {'gradient_clip_val': 0.15519945571671867, 'hidden_size': 26, 'dropout': 0.2971472248322508, 'hidden_continuous_size': 12, 'attention_head_size': 4, 'learning_rate': 0.06100956646470961}. Best is trial 6 with value: 0.11688662320375443.
LOCAL_RANK: 0 - CUDA_VISIBLE_DEVICES: [0]
[I 2023-11-30 01:07:04,497] Trial 18 finished with value: 0.1980404108762741 and parameters: {'gradient_clip_val': 0.31827213023248896, 'hidden_size': 55, 'dropout': 0.21887919568961775, 'hidden_continuous_size': 22, 'attention_head_size': 3, 'learning_rate': 0.026618733926367547}. Best is trial 6 with value: 0.11688662320375443.
LOCAL_RANK: 0 - CUDA_VISIBLE_DEVICES: [0]
[I 2023-11-30 01:07:18,311] Trial 19 finished with value: 0.1093408465385437 and parameters: {'gradient_clip_val': 0.44427169587003096, 'hidden_size': 106, 'dropout': 0.2571335013825514, 'hidden_continuous_size': 62, 'attention_head_size': 2, 'learning_rate': 0.06070561352345956}. Best is trial 19 with value: 0.1093408465385437.
LOCAL_RANK: 0 - CUDA_VISIBLE_DEVICES: [0]
[I 2023-11-30 01:07:32,469] Trial 20 finished with value: 0.2382664531469345 and parameters: {'gradient_clip_val': 0.41513401404242667, 'hidden_size': 102, 'dropout': 0.26696259223405844, 'hidden_continuous_size': 67, 'attention_head_size': 4, 'learning_rate': 0.07534120682721568}. Best is trial 19 with value: 0.1093408465385437.
LOCAL_RANK: 0 - CUDA_VISIBLE_DEVICES: [0]
[I 2023-11-30 01:07:46,394] Trial 21 finished with value: 0.15887358784675598 and parameters: {'gradient_clip_val': 0.5447145636533491, 'hidden_size': 106, 'dropout': 0.24188392337552972, 'hidden_continuous_size': 52, 'attention_head_size': 2, 'learning_rate': 0.051480321616775654}. Best is trial 19 with value: 0.1093408465385437.
LOCAL_RANK: 0 - CUDA_VISIBLE_DEVICES: [0]
[I 2023-11-30 01:08:00,523] Trial 22 finished with value: 0.20000864565372467 and parameters: {'gradient_clip_val': 0.27051224730080964, 'hidden_size': 115, 'dropout': 0.3124412278078405, 'hidden_continuous_size': 82, 'attention_head_size': 2, 'learning_rate': 0.09995881658609149}. Best is trial 19 with value: 0.1093408465385437.
LOCAL_RANK: 0 - CUDA_VISIBLE_DEVICES: [0]
[I 2023-11-30 01:08:15,274] Trial 23 finished with value: 0.19544295966625214 and parameters: {'gradient_clip_val': 0.39422451046898055, 'hidden_size': 146, 'dropout': 0.25329062471615355, 'hidden_continuous_size': 130, 'attention_head_size': 2, 'learning_rate': 0.04012679445512608}. Best is trial 19 with value: 0.1093408465385437.
LOCAL_RANK: 0 - CUDA_VISIBLE_DEVICES: [0]
[I 2023-11-30 01:08:29,333] Trial 24 finished with value: 0.17257873713970184 and parameters: {'gradient_clip_val': 0.34243050806582603, 'hidden_size': 123, 'dropout': 0.20679718578051545, 'hidden_continuous_size': 33, 'attention_head_size': 3, 'learning_rate': 0.06360911112564507}. Best is trial 19 with value: 0.1093408465385437.
LOCAL_RANK: 0 - CUDA_VISIBLE_DEVICES: [0]
[I 2023-11-30 01:08:42,994] Trial 25 finished with value: 0.17484939098358154 and parameters: {'gradient_clip_val': 0.54006941776115, 'hidden_size': 87, 'dropout': 0.17203601822739586, 'hidden_continuous_size': 45, 'attention_head_size': 2, 'learning_rate': 0.027647538789797345}. Best is trial 19 with value: 0.1093408465385437.
LOCAL_RANK: 0 - CUDA_VISIBLE_DEVICES: [0]
[I 2023-11-30 01:08:56,681] Trial 26 finished with value: 0.20544075965881348 and parameters: {'gradient_clip_val': 0.2680154495794836, 'hidden_size': 114, 'dropout': 0.2531010159169288, 'hidden_continuous_size': 27, 'attention_head_size': 1, 'learning_rate': 0.06380571159076087}. Best is trial 19 with value: 0.1093408465385437.
LOCAL_RANK: 0 - CUDA_VISIBLE_DEVICES: [0]
[I 2023-11-30 01:09:10,388] Trial 27 finished with value: 0.16789771616458893 and parameters: {'gradient_clip_val': 0.4703521349658067, 'hidden_size': 85, 'dropout': 0.22098694739037109, 'hidden_continuous_size': 33, 'attention_head_size': 3, 'learning_rate': 0.04429093410142695}. Best is trial 19 with value: 0.1093408465385437.
LOCAL_RANK: 0 - CUDA_VISIBLE_DEVICES: [0]
[I 2023-11-30 01:09:24,166] Trial 28 finished with value: 0.17981553077697754 and parameters: {'gradient_clip_val': 0.36277540640565864, 'hidden_size': 112, 'dropout': 0.17116507202407416, 'hidden_continuous_size': 48, 'attention_head_size': 2, 'learning_rate': 0.07378988318247803}. Best is trial 19 with value: 0.1093408465385437.
LOCAL_RANK: 0 - CUDA_VISIBLE_DEVICES: [0]
[I 2023-11-30 01:09:37,317] Trial 29 finished with value: 0.15225891768932343 and parameters: {'gradient_clip_val': 0.6787837292555271, 'hidden_size': 61, 'dropout': 0.2161972173485153, 'hidden_continuous_size': 17, 'attention_head_size': 3, 'learning_rate': 0.026134597342440707}. Best is trial 19 with value: 0.1093408465385437.
LOCAL_RANK: 0 - CUDA_VISIBLE_DEVICES: [0]
[I 2023-11-30 01:09:51,620] Trial 30 finished with value: 0.14278186857700348 and parameters: {'gradient_clip_val': 0.29291975511143736, 'hidden_size': 149, 'dropout': 0.2525492950950374, 'hidden_continuous_size': 53, 'attention_head_size': 2, 'learning_rate': 0.03503236144479566}. Best is trial 19 with value: 0.1093408465385437.
LOCAL_RANK: 0 - CUDA_VISIBLE_DEVICES: [0]
[I 2023-11-30 01:10:05,709] Trial 31 finished with value: 0.1915203481912613 and parameters: {'gradient_clip_val': 0.30815424873704855, 'hidden_size': 148, 'dropout': 0.24371049210446874, 'hidden_continuous_size': 57, 'attention_head_size': 2, 'learning_rate': 0.036019932332294245}. Best is trial 19 with value: 0.1093408465385437.
LOCAL_RANK: 0 - CUDA_VISIBLE_DEVICES: [0]
[I 2023-11-30 01:10:19,762] Trial 32 finished with value: 0.2834608256816864 and parameters: {'gradient_clip_val': 0.35915489010349283, 'hidden_size': 125, 'dropout': 0.2667403567986717, 'hidden_continuous_size': 38, 'attention_head_size': 2, 'learning_rate': 0.052072566552037895}. Best is trial 19 with value: 0.1093408465385437.
LOCAL_RANK: 0 - CUDA_VISIBLE_DEVICES: [0]
[I 2023-11-30 01:10:33,518] Trial 33 finished with value: 0.09818783402442932 and parameters: {'gradient_clip_val': 0.4918446241941657, 'hidden_size': 97, 'dropout': 0.20984391519115703, 'hidden_continuous_size': 46, 'attention_head_size': 2, 'learning_rate': 0.02410386118833662}. Best is trial 33 with value: 0.09818783402442932.
LOCAL_RANK: 0 - CUDA_VISIBLE_DEVICES: [0]
