[I 2023-11-30 13:06:53,691] Trial 21 finished with value: 0.2018413096666336 and parameters: {'gradient_clip_val': 0.5023366685882026, 'hidden_size': 68, 'dropout': 0.12007828597677156, 'hidden_continuous_size': 45, 'attention_head_size': 4, 'learning_rate': 0.09515341389934519}. Best is trial 4 with value: 0.14947229623794556.
LOCAL_RANK: 0 - CUDA_VISIBLE_DEVICES: [0]
[I 2023-11-30 13:07:06,667] Trial 22 finished with value: 0.09281650185585022 and parameters: {'gradient_clip_val': 0.5074989280159896, 'hidden_size': 51, 'dropout': 0.143732691754572, 'hidden_continuous_size': 20, 'attention_head_size': 4, 'learning_rate': 0.0579933477885303}. Best is trial 22 with value: 0.09281650185585022.
LOCAL_RANK: 0 - CUDA_VISIBLE_DEVICES: [0]
[I 2023-11-30 13:07:20,387] Trial 23 finished with value: 0.22040162980556488 and parameters: {'gradient_clip_val': 0.3346941153468713, 'hidden_size': 85, 'dropout': 0.1238026899422354, 'hidden_continuous_size': 21, 'attention_head_size': 4, 'learning_rate': 0.053919373242945455}. Best is trial 22 with value: 0.09281650185585022.
LOCAL_RANK: 0 - CUDA_VISIBLE_DEVICES: [0]
[I 2023-11-30 13:07:33,963] Trial 24 finished with value: 0.2323431521654129 and parameters: {'gradient_clip_val': 0.6524323989057912, 'hidden_size': 78, 'dropout': 0.13924235320448675, 'hidden_continuous_size': 28, 'attention_head_size': 4, 'learning_rate': 0.027549716149075955}. Best is trial 22 with value: 0.09281650185585022.
LOCAL_RANK: 0 - CUDA_VISIBLE_DEVICES: [0]
[I 2023-11-30 13:07:46,694] Trial 25 finished with value: 0.2839776873588562 and parameters: {'gradient_clip_val': 0.4310770503743634, 'hidden_size': 38, 'dropout': 0.1449511286245163, 'hidden_continuous_size': 18, 'attention_head_size': 3, 'learning_rate': 0.01818846024283347}. Best is trial 22 with value: 0.09281650185585022.
LOCAL_RANK: 0 - CUDA_VISIBLE_DEVICES: [0]
[I 2023-11-30 13:08:00,214] Trial 26 finished with value: 0.46807751059532166 and parameters: {'gradient_clip_val': 0.37604057413223585, 'hidden_size': 116, 'dropout': 0.18221052235174917, 'hidden_continuous_size': 13, 'attention_head_size': 2, 'learning_rate': 0.03839987462239556}. Best is trial 22 with value: 0.09281650185585022.
LOCAL_RANK: 0 - CUDA_VISIBLE_DEVICES: [0]
[I 2023-11-30 13:08:13,484] Trial 27 finished with value: 0.2105991393327713 and parameters: {'gradient_clip_val': 0.7214885905171269, 'hidden_size': 59, 'dropout': 0.17828222353948592, 'hidden_continuous_size': 23, 'attention_head_size': 3, 'learning_rate': 0.07047003239605575}. Best is trial 22 with value: 0.09281650185585022.
LOCAL_RANK: 0 - CUDA_VISIBLE_DEVICES: [0]
[I 2023-11-30 13:08:27,281] Trial 28 finished with value: 0.14951008558273315 and parameters: {'gradient_clip_val': 0.5769258883378001, 'hidden_size': 77, 'dropout': 0.14808196153951908, 'hidden_continuous_size': 17, 'attention_head_size': 4, 'learning_rate': 0.04617247337579832}. Best is trial 22 with value: 0.09281650185585022.
LOCAL_RANK: 0 - CUDA_VISIBLE_DEVICES: [0]
[I 2023-11-30 13:08:40,673] Trial 29 finished with value: 0.19586622714996338 and parameters: {'gradient_clip_val': 0.8675553960685767, 'hidden_size': 69, 'dropout': 0.1490691378374798, 'hidden_continuous_size': 16, 'attention_head_size': 4, 'learning_rate': 0.04588374740442082}. Best is trial 22 with value: 0.09281650185585022.
LOCAL_RANK: 0 - CUDA_VISIBLE_DEVICES: [0]
[I 2023-11-30 13:08:54,097] Trial 30 finished with value: 0.17530691623687744 and parameters: {'gradient_clip_val': 0.5760079735842938, 'hidden_size': 72, 'dropout': 0.13643053845425623, 'hidden_continuous_size': 17, 'attention_head_size': 4, 'learning_rate': 0.06936827626855627}. Best is trial 22 with value: 0.09281650185585022.
LOCAL_RANK: 0 - CUDA_VISIBLE_DEVICES: [0]
[I 2023-11-30 13:09:07,644] Trial 31 finished with value: 0.17909564077854156 and parameters: {'gradient_clip_val': 0.8105454740357161, 'hidden_size': 79, 'dropout': 0.1956481385729614, 'hidden_continuous_size': 21, 'attention_head_size': 4, 'learning_rate': 0.028679868155100766}. Best is trial 22 with value: 0.09281650185585022.
LOCAL_RANK: 0 - CUDA_VISIBLE_DEVICES: [0]
[I 2023-11-30 13:09:21,144] Trial 32 finished with value: 0.19656695425510406 and parameters: {'gradient_clip_val': 0.5048918594230115, 'hidden_size': 103, 'dropout': 0.1745790921741174, 'hidden_continuous_size': 13, 'attention_head_size': 4, 'learning_rate': 0.033324793306027944}. Best is trial 22 with value: 0.09281650185585022.
LOCAL_RANK: 0 - CUDA_VISIBLE_DEVICES: [0]
[I 2023-11-30 13:09:34,907] Trial 33 finished with value: 0.19918294250965118 and parameters: {'gradient_clip_val': 0.30963076268408596, 'hidden_size': 82, 'dropout': 0.1556975247813383, 'hidden_continuous_size': 16, 'attention_head_size': 3, 'learning_rate': 0.042107767280403996}. Best is trial 22 with value: 0.09281650185585022.
LOCAL_RANK: 0 - CUDA_VISIBLE_DEVICES: [0]
[I 2023-11-30 13:09:48,822] Trial 34 finished with value: 0.14960795640945435 and parameters: {'gradient_clip_val': 0.2653951054629529, 'hidden_size': 101, 'dropout': 0.1102967059261816, 'hidden_continuous_size': 27, 'attention_head_size': 4, 'learning_rate': 0.030541039548646273}. Best is trial 22 with value: 0.09281650185585022.
LOCAL_RANK: 0 - CUDA_VISIBLE_DEVICES: [0]
[I 2023-11-30 13:10:01,879] Trial 35 finished with value: 0.1867043524980545 and parameters: {'gradient_clip_val': 0.2547263884946096, 'hidden_size': 59, 'dropout': 0.11393664376471671, 'hidden_continuous_size': 21, 'attention_head_size': 4, 'learning_rate': 0.06487425805258608}. Best is trial 22 with value: 0.09281650185585022.
LOCAL_RANK: 0 - CUDA_VISIBLE_DEVICES: [0]
[I 2023-11-30 13:10:15,833] Trial 36 finished with value: 0.2820114195346832 and parameters: {'gradient_clip_val': 0.5932648633170999, 'hidden_size': 127, 'dropout': 0.12877537902960076, 'hidden_continuous_size': 30, 'attention_head_size': 4, 'learning_rate': 0.04746170059867829}. Best is trial 22 with value: 0.09281650185585022.
LOCAL_RANK: 0 - CUDA_VISIBLE_DEVICES: [0]
[I 2023-11-30 13:10:29,301] Trial 37 finished with value: 0.2543037533760071 and parameters: {'gradient_clip_val': 0.7335476562608034, 'hidden_size': 73, 'dropout': 0.10189746916207686, 'hidden_continuous_size': 25, 'attention_head_size': 4, 'learning_rate': 0.033300824131789246}. Best is trial 22 with value: 0.09281650185585022.
LOCAL_RANK: 0 - CUDA_VISIBLE_DEVICES: [0]
[I 2023-11-30 13:10:43,225] Trial 38 finished with value: 0.18747758865356445 and parameters: {'gradient_clip_val': 0.26276424951375954, 'hidden_size': 100, 'dropout': 0.13966768857069356, 'hidden_continuous_size': 33, 'attention_head_size': 4, 'learning_rate': 0.07433673755758358}. Best is trial 22 with value: 0.09281650185585022.
LOCAL_RANK: 0 - CUDA_VISIBLE_DEVICES: [0]
[I 2023-11-30 13:10:55,990] Trial 39 finished with value: 0.21369008719921112 and parameters: {'gradient_clip_val': 0.291237332333315, 'hidden_size': 42, 'dropout': 0.11885000022509767, 'hidden_continuous_size': 17, 'attention_head_size': 3, 'learning_rate': 0.020513305286892672}. Best is trial 22 with value: 0.09281650185585022.
LOCAL_RANK: 0 - CUDA_VISIBLE_DEVICES: [0]
[I 2023-11-30 13:11:08,703] Trial 40 finished with value: 0.29758116602897644 and parameters: {'gradient_clip_val': 0.982818433467412, 'hidden_size': 31, 'dropout': 0.14874204589893045, 'hidden_continuous_size': 18, 'attention_head_size': 4, 'learning_rate': 0.03332705283780989}. Best is trial 22 with value: 0.09281650185585022.
LOCAL_RANK: 0 - CUDA_VISIBLE_DEVICES: [0]
[I 2023-11-30 13:11:22,478] Trial 41 finished with value: 0.4174617826938629 and parameters: {'gradient_clip_val': 0.20835533839265702, 'hidden_size': 107, 'dropout': 0.1639798704579577, 'hidden_continuous_size': 21, 'attention_head_size': 3, 'learning_rate': 0.02550640590425671}. Best is trial 22 with value: 0.09281650185585022.
LOCAL_RANK: 0 - CUDA_VISIBLE_DEVICES: [0]
[I 2023-11-30 13:11:36,178] Trial 42 finished with value: 0.26173973083496094 and parameters: {'gradient_clip_val': 0.11762314196897301, 'hidden_size': 92, 'dropout': 0.13116082599266443, 'hidden_continuous_size': 26, 'attention_head_size': 4, 'learning_rate': 0.04983632192184044}. Best is trial 22 with value: 0.09281650185585022.
LOCAL_RANK: 0 - CUDA_VISIBLE_DEVICES: [0]
[I 2023-11-30 13:11:49,800] Trial 43 finished with value: 0.26251623034477234 and parameters: {'gradient_clip_val': 0.5383421673856379, 'hidden_size': 120, 'dropout': 0.28509418251959473, 'hidden_continuous_size': 11, 'attention_head_size': 2, 'learning_rate': 0.04255989003402273}. Best is trial 22 with value: 0.09281650185585022.
LOCAL_RANK: 0 - CUDA_VISIBLE_DEVICES: [0]
[I 2023-11-30 13:12:02,848] Trial 44 finished with value: 0.1087200716137886 and parameters: {'gradient_clip_val': 0.43237653967423956, 'hidden_size': 54, 'dropout': 0.11075177086667125, 'hidden_continuous_size': 19, 'attention_head_size': 3, 'learning_rate': 0.08049962374168396}. Best is trial 22 with value: 0.09281650185585022.
LOCAL_RANK: 0 - CUDA_VISIBLE_DEVICES: [0]
[I 2023-11-30 13:12:15,819] Trial 45 finished with value: 0.2060549408197403 and parameters: {'gradient_clip_val': 0.4596871599020217, 'hidden_size': 53, 'dropout': 0.11297343742467669, 'hidden_continuous_size': 22, 'attention_head_size': 3, 'learning_rate': 0.08235656610429427}. Best is trial 22 with value: 0.09281650185585022.
LOCAL_RANK: 0 - CUDA_VISIBLE_DEVICES: [0]
[I 2023-11-30 13:12:28,908] Trial 46 finished with value: 0.23143748939037323 and parameters: {'gradient_clip_val': 0.38996805269099044, 'hidden_size': 57, 'dropout': 0.1128207312903961, 'hidden_continuous_size': 20, 'attention_head_size': 3, 'learning_rate': 0.06235439846407434}. Best is trial 22 with value: 0.09281650185585022.
LOCAL_RANK: 0 - CUDA_VISIBLE_DEVICES: [0]
[I 2023-11-30 13:12:42,447] Trial 47 finished with value: 0.3305281698703766 and parameters: {'gradient_clip_val': 0.5435444460769835, 'hidden_size': 65, 'dropout': 0.1296434351008348, 'hidden_continuous_size': 20, 'attention_head_size': 3, 'learning_rate': 0.09950874100904589}. Best is trial 22 with value: 0.09281650185585022.
LOCAL_RANK: 0 - CUDA_VISIBLE_DEVICES: [0]
[I 2023-11-30 13:12:55,983] Trial 48 finished with value: 0.2507610023021698 and parameters: {'gradient_clip_val': 0.4848418332728256, 'hidden_size': 75, 'dropout': 0.10954484432313087, 'hidden_continuous_size': 24, 'attention_head_size': 4, 'learning_rate': 0.07971375460269334}. Best is trial 22 with value: 0.09281650185585022.
LOCAL_RANK: 0 - CUDA_VISIBLE_DEVICES: [0]
[I 2023-11-30 13:13:09,146] Trial 49 finished with value: 0.1858394742012024 and parameters: {'gradient_clip_val': 0.3321201340079867, 'hidden_size': 49, 'dropout': 0.10058192852852735, 'hidden_continuous_size': 23, 'attention_head_size': 3, 'learning_rate': 0.05467267227741619}. Best is trial 22 with value: 0.09281650185585022.
LOCAL_RANK: 0 - CUDA_VISIBLE_DEVICES: [0]
[I 2023-11-30 13:13:22,530] Trial 50 finished with value: 0.2915175259113312 and parameters: {'gradient_clip_val': 0.4200016911003789, 'hidden_size': 64, 'dropout': 0.15333007737915566, 'hidden_continuous_size': 19, 'attention_head_size': 4, 'learning_rate': 0.03826979896465485}. Best is trial 22 with value: 0.09281650185585022.
LOCAL_RANK: 0 - CUDA_VISIBLE_DEVICES: [0]
[I 2023-11-30 13:13:35,798] Trial 51 finished with value: 0.21279750764369965 and parameters: {'gradient_clip_val': 0.28557737620912943, 'hidden_size': 85, 'dropout': 0.16399037852561577, 'hidden_continuous_size': 15, 'attention_head_size': 2, 'learning_rate': 0.030019667509452067}. Best is trial 22 with value: 0.09281650185585022.
LOCAL_RANK: 0 - CUDA_VISIBLE_DEVICES: [0]
[I 2023-11-30 13:13:49,397] Trial 52 finished with value: 0.1236494779586792 and parameters: {'gradient_clip_val': 0.6269110512296349, 'hidden_size': 88, 'dropout': 0.12776320106162506, 'hidden_continuous_size': 27, 'attention_head_size': 2, 'learning_rate': 0.022129207059625434}. Best is trial 22 with value: 0.09281650185585022.
LOCAL_RANK: 0 - CUDA_VISIBLE_DEVICES: [0]
[I 2023-11-30 13:14:02,782] Trial 53 finished with value: 0.1662583351135254 and parameters: {'gradient_clip_val': 0.6266111285303906, 'hidden_size': 92, 'dropout': 0.12476439893137337, 'hidden_continuous_size': 26, 'attention_head_size': 2, 'learning_rate': 0.020428172344586538}. Best is trial 22 with value: 0.09281650185585022.
LOCAL_RANK: 0 - CUDA_VISIBLE_DEVICES: [0]
[I 2023-11-30 13:14:15,734] Trial 54 finished with value: 0.16133558750152588 and parameters: {'gradient_clip_val': 0.5240256696900727, 'hidden_size': 56, 'dropout': 0.1382814109283302, 'hidden_continuous_size': 23, 'attention_head_size': 1, 'learning_rate': 0.05962685432890866}. Best is trial 22 with value: 0.09281650185585022.
LOCAL_RANK: 0 - CUDA_VISIBLE_DEVICES: [0]
[I 2023-11-30 13:14:29,152] Trial 55 finished with value: 0.3209655284881592 and parameters: {'gradient_clip_val': 0.5828374490913528, 'hidden_size': 63, 'dropout': 0.12151075661242355, 'hidden_continuous_size': 34, 'attention_head_size': 3, 'learning_rate': 0.04559241935167985}. Best is trial 22 with value: 0.09281650185585022.
LOCAL_RANK: 0 - CUDA_VISIBLE_DEVICES: [0]
[I 2023-11-30 13:14:42,403] Trial 56 finished with value: 0.20849336683750153 and parameters: {'gradient_clip_val': 0.675023768471765, 'hidden_size': 72, 'dropout': 0.14452799835241045, 'hidden_continuous_size': 28, 'attention_head_size': 2, 'learning_rate': 0.023428559432300516}. Best is trial 22 with value: 0.09281650185585022.
LOCAL_RANK: 0 - CUDA_VISIBLE_DEVICES: [0]
[I 2023-11-30 13:14:56,409] Trial 57 finished with value: 0.2013527899980545 and parameters: {'gradient_clip_val': 0.476041181151388, 'hidden_size': 112, 'dropout': 0.1084052475754671, 'hidden_continuous_size': 37, 'attention_head_size': 4, 'learning_rate': 0.015498502096809343}. Best is trial 22 with value: 0.09281650185585022.
LOCAL_RANK: 0 - CUDA_VISIBLE_DEVICES: [0]
[I 2023-11-30 13:15:09,439] Trial 58 finished with value: 0.2384992390871048 and parameters: {'gradient_clip_val': 0.6041962159046056, 'hidden_size': 47, 'dropout': 0.13161651871039734, 'hidden_continuous_size': 20, 'attention_head_size': 3, 'learning_rate': 0.08367445030913637}. Best is trial 22 with value: 0.09281650185585022.
LOCAL_RANK: 0 - CUDA_VISIBLE_DEVICES: [0]
[I 2023-11-30 13:15:22,888] Trial 59 finished with value: 0.22903399169445038 and parameters: {'gradient_clip_val': 0.5337438910736884, 'hidden_size': 83, 'dropout': 0.16938504308380153, 'hidden_continuous_size': 28, 'attention_head_size': 2, 'learning_rate': 0.038658724612419}. Best is trial 22 with value: 0.09281650185585022.
LOCAL_RANK: 0 - CUDA_VISIBLE_DEVICES: [0]
[I 2023-11-30 13:15:36,673] Trial 60 finished with value: 0.3574705123901367 and parameters: {'gradient_clip_val': 0.44674916353968464, 'hidden_size': 97, 'dropout': 0.1523809744475942, 'hidden_continuous_size': 30, 'attention_head_size': 4, 'learning_rate': 0.051291651270802}. Best is trial 22 with value: 0.09281650185585022.
LOCAL_RANK: 0 - CUDA_VISIBLE_DEVICES: [0]
[I 2023-11-30 13:15:50,140] Trial 61 finished with value: 0.41634896397590637 and parameters: {'gradient_clip_val': 0.40810441422144034, 'hidden_size': 91, 'dropout': 0.10021893456519332, 'hidden_continuous_size': 18, 'attention_head_size': 2, 'learning_rate': 0.030547460648806438}. Best is trial 22 with value: 0.09281650185585022.
LOCAL_RANK: 0 - CUDA_VISIBLE_DEVICES: [0]
[I 2023-11-30 13:16:03,477] Trial 62 finished with value: 0.21080617606639862 and parameters: {'gradient_clip_val': 0.36171337919866026, 'hidden_size': 78, 'dropout': 0.11889721918245269, 'hidden_continuous_size': 24, 'attention_head_size': 2, 'learning_rate': 0.025461201880205755}. Best is trial 22 with value: 0.09281650185585022.
LOCAL_RANK: 0 - CUDA_VISIBLE_DEVICES: [0]
[I 2023-11-30 13:16:17,297] Trial 63 finished with value: 0.25086838006973267 and parameters: {'gradient_clip_val': 0.47352158542116873, 'hidden_size': 107, 'dropout': 0.19321072454139154, 'hidden_continuous_size': 22, 'attention_head_size': 1, 'learning_rate': 0.03632914301994635}. Best is trial 22 with value: 0.09281650185585022.
LOCAL_RANK: 0 - CUDA_VISIBLE_DEVICES: [0]
[I 2023-11-30 13:16:31,376] Trial 64 finished with value: 0.2087433785200119 and parameters: {'gradient_clip_val': 0.5613182136794551, 'hidden_size': 137, 'dropout': 0.2377686015617558, 'hidden_continuous_size': 17, 'attention_head_size': 2, 'learning_rate': 0.0228430838524732}. Best is trial 22 with value: 0.09281650185585022.
LOCAL_RANK: 0 - CUDA_VISIBLE_DEVICES: [0]
[I 2023-11-30 13:16:44,555] Trial 65 finished with value: 0.2345920354127884 and parameters: {'gradient_clip_val': 0.408951910715624, 'hidden_size': 68, 'dropout': 0.13963511482979582, 'hidden_continuous_size': 19, 'attention_head_size': 2, 'learning_rate': 0.06499024434310449}. Best is trial 22 with value: 0.09281650185585022.
LOCAL_RANK: 0 - CUDA_VISIBLE_DEVICES: [0]
[I 2023-11-30 13:16:58,030] Trial 66 finished with value: 0.1403432935476303 and parameters: {'gradient_clip_val': 0.6588507721581771, 'hidden_size': 87, 'dropout': 0.17398327280398224, 'hidden_continuous_size': 26, 'attention_head_size': 3, 'learning_rate': 0.016964496027565085}. Best is trial 22 with value: 0.09281650185585022.
LOCAL_RANK: 0 - CUDA_VISIBLE_DEVICES: [0]
[I 2023-11-30 13:17:11,534] Trial 67 finished with value: 0.15236325562000275 and parameters: {'gradient_clip_val': 0.6656365861056346, 'hidden_size': 86, 'dropout': 0.1603257274998342, 'hidden_continuous_size': 26, 'attention_head_size': 3, 'learning_rate': 0.018892566170345744}. Best is trial 22 with value: 0.09281650185585022.
LOCAL_RANK: 0 - CUDA_VISIBLE_DEVICES: [0]
[I 2023-11-30 13:17:25,060] Trial 68 finished with value: 0.15921324491500854 and parameters: {'gradient_clip_val': 0.7501228972101874, 'hidden_size': 76, 'dropout': 0.1295239758989473, 'hidden_continuous_size': 25, 'attention_head_size': 3, 'learning_rate': 0.01652542926141548}. Best is trial 22 with value: 0.09281650185585022.
LOCAL_RANK: 0 - CUDA_VISIBLE_DEVICES: [0]
[I 2023-11-30 13:17:38,064] Trial 69 finished with value: 0.18323595821857452 and parameters: {'gradient_clip_val': 0.6322922720800438, 'hidden_size': 60, 'dropout': 0.14630456720647955, 'hidden_continuous_size': 15, 'attention_head_size': 3, 'learning_rate': 0.031242197001342134}. Best is trial 22 with value: 0.09281650185585022.
LOCAL_RANK: 0 - CUDA_VISIBLE_DEVICES: [0]
[I 2023-11-30 13:17:51,838] Trial 70 finished with value: 0.20580367743968964 and parameters: {'gradient_clip_val': 0.5006408643198064, 'hidden_size': 98, 'dropout': 0.11503464868758023, 'hidden_continuous_size': 32, 'attention_head_size': 4, 'learning_rate': 0.05553633408541884}. Best is trial 22 with value: 0.09281650185585022.
LOCAL_RANK: 0 - CUDA_VISIBLE_DEVICES: [0]
[I 2023-11-30 13:18:05,354] Trial 71 finished with value: 0.20960736274719238 and parameters: {'gradient_clip_val': 0.6674067462626099, 'hidden_size': 82, 'dropout': 0.15883620214509842, 'hidden_continuous_size': 26, 'attention_head_size': 3, 'learning_rate': 0.01884018945390437}. Best is trial 22 with value: 0.09281650185585022.
LOCAL_RANK: 0 - CUDA_VISIBLE_DEVICES: [0]
[I 2023-11-30 13:18:18,776] Trial 72 finished with value: 0.1876501888036728 and parameters: {'gradient_clip_val': 0.5730343273181955, 'hidden_size': 88, 'dropout': 0.1774580702322322, 'hidden_continuous_size': 28, 'attention_head_size': 3, 'learning_rate': 0.01804596263318054}. Best is trial 22 with value: 0.09281650185585022.
LOCAL_RANK: 0 - CUDA_VISIBLE_DEVICES: [0]
[I 2023-11-30 13:18:32,601] Trial 73 finished with value: 0.24511682987213135 and parameters: {'gradient_clip_val': 0.6911239873376476, 'hidden_size': 70, 'dropout': 0.13567847390020546, 'hidden_continuous_size': 56, 'attention_head_size': 3, 'learning_rate': 0.011785421969106813}. Best is trial 22 with value: 0.09281650185585022.
LOCAL_RANK: 0 - CUDA_VISIBLE_DEVICES: [0]
[I 2023-11-30 13:18:46,374] Trial 74 finished with value: 0.17049992084503174 and parameters: {'gradient_clip_val': 0.6223280467364762, 'hidden_size': 107, 'dropout': 0.12460305125111176, 'hidden_continuous_size': 22, 'attention_head_size': 3, 'learning_rate': 0.02746677312698364}. Best is trial 22 with value: 0.09281650185585022.
LOCAL_RANK: 0 - CUDA_VISIBLE_DEVICES: [0]
[I 2023-11-30 13:19:00,050] Trial 75 finished with value: 0.19774799048900604 and parameters: {'gradient_clip_val': 0.7989583635121845, 'hidden_size': 88, 'dropout': 0.1580781595975798, 'hidden_continuous_size': 32, 'attention_head_size': 4, 'learning_rate': 0.01330157937790351}. Best is trial 22 with value: 0.09281650185585022.
LOCAL_RANK: 0 - CUDA_VISIBLE_DEVICES: [0]
[I 2023-11-30 13:19:14,382] Trial 76 finished with value: 0.19498081505298615 and parameters: {'gradient_clip_val': 0.6791445616992977, 'hidden_size': 120, 'dropout': 0.1072743654346061, 'hidden_continuous_size': 115, 'attention_head_size': 3, 'learning_rate': 0.015222421707417335}. Best is trial 22 with value: 0.09281650185585022.
LOCAL_RANK: 0 - CUDA_VISIBLE_DEVICES: [0]
[I 2023-11-30 13:19:28,113] Trial 77 finished with value: 0.1915302276611328 and parameters: {'gradient_clip_val': 0.5910581163316887, 'hidden_size': 79, 'dropout': 0.16895259177911076, 'hidden_continuous_size': 27, 'attention_head_size': 3, 'learning_rate': 0.02182191185862133}. Best is trial 22 with value: 0.09281650185585022.
LOCAL_RANK: 0 - CUDA_VISIBLE_DEVICES: [0]
[I 2023-11-30 13:19:41,892] Trial 78 finished with value: 0.13928350806236267 and parameters: {'gradient_clip_val': 0.5102722464683166, 'hidden_size': 100, 'dropout': 0.14416916946318728, 'hidden_continuous_size': 24, 'attention_head_size': 4, 'learning_rate': 0.04249100778673622}. Best is trial 22 with value: 0.09281650185585022.
LOCAL_RANK: 0 - CUDA_VISIBLE_DEVICES: [0]
