[I 2023-11-30 11:25:03,102] Trial 11 finished with value: 0.12857432663440704 and parameters: {'gradient_clip_val': 0.1012527800733497, 'hidden_size': 52, 'dropout': 0.27790866787767193, 'hidden_continuous_size': 23, 'attention_head_size': 3, 'learning_rate': 0.09531168964198285}. Best is trial 11 with value: 0.12857432663440704.
LOCAL_RANK: 0 - CUDA_VISIBLE_DEVICES: [0]
[I 2023-11-30 11:25:16,161] Trial 12 finished with value: 0.11196843534708023 and parameters: {'gradient_clip_val': 0.10561130113620969, 'hidden_size': 43, 'dropout': 0.26809515649131216, 'hidden_continuous_size': 22, 'attention_head_size': 3, 'learning_rate': 0.09787032470956081}. Best is trial 12 with value: 0.11196843534708023.
LOCAL_RANK: 0 - CUDA_VISIBLE_DEVICES: [0]
[I 2023-11-30 11:25:29,063] Trial 13 finished with value: 0.21817131340503693 and parameters: {'gradient_clip_val': 0.12732814212812085, 'hidden_size': 52, 'dropout': 0.2851872716898861, 'hidden_continuous_size': 22, 'attention_head_size': 4, 'learning_rate': 0.07454849439003218}. Best is trial 12 with value: 0.11196843534708023.
LOCAL_RANK: 0 - CUDA_VISIBLE_DEVICES: [0]
[I 2023-11-30 11:25:41,794] Trial 14 finished with value: 0.1546510010957718 and parameters: {'gradient_clip_val': 0.2268957054986469, 'hidden_size': 30, 'dropout': 0.2822348750543458, 'hidden_continuous_size': 20, 'attention_head_size': 3, 'learning_rate': 0.09951014772270589}. Best is trial 12 with value: 0.11196843534708023.
LOCAL_RANK: 0 - CUDA_VISIBLE_DEVICES: [0]
[I 2023-11-30 11:25:54,924] Trial 15 finished with value: 0.2181536704301834 and parameters: {'gradient_clip_val': 0.10219011201033525, 'hidden_size': 54, 'dropout': 0.24103027352150586, 'hidden_continuous_size': 26, 'attention_head_size': 3, 'learning_rate': 0.015244534275284244}. Best is trial 12 with value: 0.11196843534708023.
LOCAL_RANK: 0 - CUDA_VISIBLE_DEVICES: [0]
[I 2023-11-30 11:26:07,306] Trial 16 finished with value: 0.19683857262134552 and parameters: {'gradient_clip_val': 0.13979850178723416, 'hidden_size': 28, 'dropout': 0.29850133379237753, 'hidden_continuous_size': 13, 'attention_head_size': 4, 'learning_rate': 0.04301591388366992}. Best is trial 12 with value: 0.11196843534708023.
LOCAL_RANK: 0 - CUDA_VISIBLE_DEVICES: [0]
[I 2023-11-30 11:26:20,450] Trial 17 finished with value: 0.16399967670440674 and parameters: {'gradient_clip_val': 0.22424441821181096, 'hidden_size': 51, 'dropout': 0.26374024754498543, 'hidden_continuous_size': 25, 'attention_head_size': 3, 'learning_rate': 0.09782963874993628}. Best is trial 12 with value: 0.11196843534708023.
LOCAL_RANK: 0 - CUDA_VISIBLE_DEVICES: [0]
[I 2023-11-30 11:26:32,988] Trial 18 finished with value: 0.1616683453321457 and parameters: {'gradient_clip_val': 0.12934730274133205, 'hidden_size': 29, 'dropout': 0.20937713123765425, 'hidden_continuous_size': 17, 'attention_head_size': 2, 'learning_rate': 0.04604341985709571}. Best is trial 12 with value: 0.11196843534708023.
LOCAL_RANK: 0 - CUDA_VISIBLE_DEVICES: [0]
[I 2023-11-30 11:26:46,463] Trial 19 finished with value: 0.1725422590970993 and parameters: {'gradient_clip_val': 0.2807010689209353, 'hidden_size': 70, 'dropout': 0.32799154862646046, 'hidden_continuous_size': 32, 'attention_head_size': 4, 'learning_rate': 0.029059492363039004}. Best is trial 12 with value: 0.11196843534708023.
LOCAL_RANK: 0 - CUDA_VISIBLE_DEVICES: [0]
[I 2023-11-30 11:26:58,780] Trial 20 finished with value: 0.41799524426460266 and parameters: {'gradient_clip_val': 0.16204094490185958, 'hidden_size': 21, 'dropout': 0.2596646300761118, 'hidden_continuous_size': 12, 'attention_head_size': 3, 'learning_rate': 0.018158516492052496}. Best is trial 12 with value: 0.11196843534708023.
LOCAL_RANK: 0 - CUDA_VISIBLE_DEVICES: [0]
[I 2023-11-30 11:27:11,932] Trial 21 finished with value: 0.21318967640399933 and parameters: {'gradient_clip_val': 0.10141422377834307, 'hidden_size': 47, 'dropout': 0.2257645502479578, 'hidden_continuous_size': 20, 'attention_head_size': 3, 'learning_rate': 0.05727801418094676}. Best is trial 12 with value: 0.11196843534708023.
LOCAL_RANK: 0 - CUDA_VISIBLE_DEVICES: [0]
[I 2023-11-30 11:27:24,797] Trial 22 finished with value: 0.18550001084804535 and parameters: {'gradient_clip_val': 0.12357448085515216, 'hidden_size': 39, 'dropout': 0.2726774013386994, 'hidden_continuous_size': 18, 'attention_head_size': 3, 'learning_rate': 0.024615016133518002}. Best is trial 12 with value: 0.11196843534708023.
LOCAL_RANK: 0 - CUDA_VISIBLE_DEVICES: [0]
[I 2023-11-30 11:27:37,515] Trial 23 finished with value: 0.17453892529010773 and parameters: {'gradient_clip_val': 0.11369301312732132, 'hidden_size': 38, 'dropout': 0.23531779448793042, 'hidden_continuous_size': 21, 'attention_head_size': 3, 'learning_rate': 0.06179900223624535}. Best is trial 12 with value: 0.11196843534708023.
LOCAL_RANK: 0 - CUDA_VISIBLE_DEVICES: [0]
[I 2023-11-30 11:27:50,699] Trial 24 finished with value: 0.19289636611938477 and parameters: {'gradient_clip_val': 0.13882922050105814, 'hidden_size': 62, 'dropout': 0.298678858522967, 'hidden_continuous_size': 23, 'attention_head_size': 2, 'learning_rate': 0.02502278904135008}. Best is trial 12 with value: 0.11196843534708023.
LOCAL_RANK: 0 - CUDA_VISIBLE_DEVICES: [0]
[I 2023-11-30 11:28:03,528] Trial 25 finished with value: 0.3066566288471222 and parameters: {'gradient_clip_val': 0.1004617239770959, 'hidden_size': 45, 'dropout': 0.1933944430086602, 'hidden_continuous_size': 19, 'attention_head_size': 3, 'learning_rate': 0.04656827430665881}. Best is trial 12 with value: 0.11196843534708023.
LOCAL_RANK: 0 - CUDA_VISIBLE_DEVICES: [0]
[I 2023-11-30 11:28:16,685] Trial 26 finished with value: 0.15967701375484467 and parameters: {'gradient_clip_val': 0.12117540317641343, 'hidden_size': 63, 'dropout': 0.25277792211299804, 'hidden_continuous_size': 15, 'attention_head_size': 4, 'learning_rate': 0.07741879674398987}. Best is trial 12 with value: 0.11196843534708023.
LOCAL_RANK: 0 - CUDA_VISIBLE_DEVICES: [0]
[I 2023-11-30 11:28:29,433] Trial 27 finished with value: 0.2710731029510498 and parameters: {'gradient_clip_val': 0.15643866425253866, 'hidden_size': 33, 'dropout': 0.21535239089044547, 'hidden_continuous_size': 18, 'attention_head_size': 3, 'learning_rate': 0.09531611835510648}. Best is trial 12 with value: 0.11196843534708023.
LOCAL_RANK: 0 - CUDA_VISIBLE_DEVICES: [0]
[I 2023-11-30 11:28:42,195] Trial 28 finished with value: 0.14968156814575195 and parameters: {'gradient_clip_val': 0.11436951853317927, 'hidden_size': 43, 'dropout': 0.2527814053073264, 'hidden_continuous_size': 19, 'attention_head_size': 2, 'learning_rate': 0.03381849672869108}. Best is trial 12 with value: 0.11196843534708023.
LOCAL_RANK: 0 - CUDA_VISIBLE_DEVICES: [0]
[I 2023-11-30 11:28:55,643] Trial 29 finished with value: 0.12290366739034653 and parameters: {'gradient_clip_val': 0.17726490891813804, 'hidden_size': 87, 'dropout': 0.1518713145969845, 'hidden_continuous_size': 31, 'attention_head_size': 4, 'learning_rate': 0.05070993659631102}. Best is trial 12 with value: 0.11196843534708023.
LOCAL_RANK: 0 - CUDA_VISIBLE_DEVICES: [0]
[I 2023-11-30 11:29:09,111] Trial 30 finished with value: 0.21230052411556244 and parameters: {'gradient_clip_val': 0.19025356407042068, 'hidden_size': 78, 'dropout': 0.13965148802042407, 'hidden_continuous_size': 31, 'attention_head_size': 4, 'learning_rate': 0.05222854306233375}. Best is trial 12 with value: 0.11196843534708023.
LOCAL_RANK: 0 - CUDA_VISIBLE_DEVICES: [0]
[I 2023-11-30 11:29:23,014] Trial 31 finished with value: 0.1796787977218628 and parameters: {'gradient_clip_val': 0.14324636271987295, 'hidden_size': 96, 'dropout': 0.16314776707681133, 'hidden_continuous_size': 35, 'attention_head_size': 4, 'learning_rate': 0.03820303766394254}. Best is trial 12 with value: 0.11196843534708023.
LOCAL_RANK: 0 - CUDA_VISIBLE_DEVICES: [0]
[I 2023-11-30 11:29:36,230] Trial 32 finished with value: 0.14963360130786896 and parameters: {'gradient_clip_val': 0.11704282395585194, 'hidden_size': 62, 'dropout': 0.1667855529178826, 'hidden_continuous_size': 24, 'attention_head_size': 4, 'learning_rate': 0.062458324343965275}. Best is trial 12 with value: 0.11196843534708023.
LOCAL_RANK: 0 - CUDA_VISIBLE_DEVICES: [0]
[I 2023-11-30 11:29:50,482] Trial 33 finished with value: 0.2386113852262497 and parameters: {'gradient_clip_val': 0.17623826568826145, 'hidden_size': 142, 'dropout': 0.10432804018147182, 'hidden_continuous_size': 41, 'attention_head_size': 3, 'learning_rate': 0.05016088481748803}. Best is trial 12 with value: 0.11196843534708023.
LOCAL_RANK: 0 - CUDA_VISIBLE_DEVICES: [0]
[I 2023-11-30 11:30:04,317] Trial 34 finished with value: 0.20164699852466583 and parameters: {'gradient_clip_val': 0.13801765052612605, 'hidden_size': 103, 'dropout': 0.13570083634387362, 'hidden_continuous_size': 28, 'attention_head_size': 4, 'learning_rate': 0.06826270061247527}. Best is trial 12 with value: 0.11196843534708023.
LOCAL_RANK: 0 - CUDA_VISIBLE_DEVICES: [0]
[I 2023-11-30 11:30:17,631] Trial 35 finished with value: 0.1767359972000122 and parameters: {'gradient_clip_val': 0.15808187500520318, 'hidden_size': 85, 'dropout': 0.21841024194176184, 'hidden_continuous_size': 23, 'attention_head_size': 1, 'learning_rate': 0.03777490357676995}. Best is trial 12 with value: 0.11196843534708023.
LOCAL_RANK: 0 - CUDA_VISIBLE_DEVICES: [0]
[I 2023-11-30 11:30:31,167] Trial 36 finished with value: 0.19077670574188232 and parameters: {'gradient_clip_val': 0.11321211483524621, 'hidden_size': 75, 'dropout': 0.1916128376847996, 'hidden_continuous_size': 16, 'attention_head_size': 3, 'learning_rate': 0.07710954176495018}. Best is trial 12 with value: 0.11196843534708023.
LOCAL_RANK: 0 - CUDA_VISIBLE_DEVICES: [0]
[I 2023-11-30 11:30:44,406] Trial 37 finished with value: 0.18533337116241455 and parameters: {'gradient_clip_val': 0.1381246605233587, 'hidden_size': 56, 'dropout': 0.24945700060459708, 'hidden_continuous_size': 22, 'attention_head_size': 2, 'learning_rate': 0.057561712544449244}. Best is trial 12 with value: 0.11196843534708023.
LOCAL_RANK: 0 - CUDA_VISIBLE_DEVICES: [0]
[I 2023-11-30 11:30:57,205] Trial 38 finished with value: 0.1477571278810501 and parameters: {'gradient_clip_val': 0.17141936699268467, 'hidden_size': 45, 'dropout': 0.22452125974756146, 'hidden_continuous_size': 21, 'attention_head_size': 3, 'learning_rate': 0.08591626407383603}. Best is trial 12 with value: 0.11196843534708023.
LOCAL_RANK: 0 - CUDA_VISIBLE_DEVICES: [0]
[I 2023-11-30 11:31:10,624] Trial 39 finished with value: 0.268756628036499 and parameters: {'gradient_clip_val': 0.1126358217286675, 'hidden_size': 70, 'dropout': 0.23457050570253515, 'hidden_continuous_size': 28, 'attention_head_size': 1, 'learning_rate': 0.0661724876455629}. Best is trial 12 with value: 0.11196843534708023.
LOCAL_RANK: 0 - CUDA_VISIBLE_DEVICES: [0]
[I 2023-11-30 11:31:24,150] Trial 40 finished with value: 0.2339189499616623 and parameters: {'gradient_clip_val': 0.12816214401574896, 'hidden_size': 112, 'dropout': 0.19834463859923707, 'hidden_continuous_size': 14, 'attention_head_size': 4, 'learning_rate': 0.0994518095128323}. Best is trial 12 with value: 0.11196843534708023.
LOCAL_RANK: 0 - CUDA_VISIBLE_DEVICES: [0]
[I 2023-11-30 11:31:37,025] Trial 41 finished with value: 0.286423921585083 and parameters: {'gradient_clip_val': 0.18603602176550427, 'hidden_size': 45, 'dropout': 0.24089351244052123, 'hidden_continuous_size': 21, 'attention_head_size': 3, 'learning_rate': 0.08079071083469135}. Best is trial 12 with value: 0.11196843534708023.
LOCAL_RANK: 0 - CUDA_VISIBLE_DEVICES: [0]
[I 2023-11-30 11:31:49,938] Trial 42 finished with value: 0.14480064809322357 and parameters: {'gradient_clip_val': 0.16834380933351065, 'hidden_size': 42, 'dropout': 0.27078486510899463, 'hidden_continuous_size': 24, 'attention_head_size': 3, 'learning_rate': 0.049167509294443926}. Best is trial 12 with value: 0.11196843534708023.
LOCAL_RANK: 0 - CUDA_VISIBLE_DEVICES: [0]
[I 2023-11-30 11:32:03,023] Trial 43 finished with value: 0.17660844326019287 and parameters: {'gradient_clip_val': 0.14893508435754754, 'hidden_size': 58, 'dropout': 0.2752442338244183, 'hidden_continuous_size': 25, 'attention_head_size': 2, 'learning_rate': 0.04259132109489614}. Best is trial 12 with value: 0.11196843534708023.
LOCAL_RANK: 0 - CUDA_VISIBLE_DEVICES: [0]
[I 2023-11-30 11:32:15,936] Trial 44 finished with value: 0.23826849460601807 and parameters: {'gradient_clip_val': 0.10881363360396391, 'hidden_size': 50, 'dropout': 0.29593256506206245, 'hidden_continuous_size': 24, 'attention_head_size': 3, 'learning_rate': 0.052951136379760844}. Best is trial 12 with value: 0.11196843534708023.
LOCAL_RANK: 0 - CUDA_VISIBLE_DEVICES: [0]
[I 2023-11-30 11:32:28,705] Trial 45 finished with value: 0.12597514688968658 and parameters: {'gradient_clip_val': 0.10104884633670642, 'hidden_size': 35, 'dropout': 0.31901427150940775, 'hidden_continuous_size': 20, 'attention_head_size': 3, 'learning_rate': 0.06983360493017131}. Best is trial 12 with value: 0.11196843534708023.
LOCAL_RANK: 0 - CUDA_VISIBLE_DEVICES: [0]
[I 2023-11-30 11:32:41,604] Trial 46 finished with value: 0.1942712515592575 and parameters: {'gradient_clip_val': 0.10199329882076986, 'hidden_size': 33, 'dropout': 0.3206639358437104, 'hidden_continuous_size': 20, 'attention_head_size': 3, 'learning_rate': 0.07374149920976214}. Best is trial 12 with value: 0.11196843534708023.
LOCAL_RANK: 0 - CUDA_VISIBLE_DEVICES: [0]
[I 2023-11-30 11:32:54,094] Trial 47 finished with value: 0.16236315667629242 and parameters: {'gradient_clip_val': 0.12319577400770894, 'hidden_size': 34, 'dropout': 0.3427354346644491, 'hidden_continuous_size': 17, 'attention_head_size': 2, 'learning_rate': 0.08117526480692827}. Best is trial 12 with value: 0.11196843534708023.
LOCAL_RANK: 0 - CUDA_VISIBLE_DEVICES: [0]
[I 2023-11-30 11:33:06,971] Trial 48 finished with value: 0.16051597893238068 and parameters: {'gradient_clip_val': 0.10836074198056339, 'hidden_size': 50, 'dropout': 0.28499693202834553, 'hidden_continuous_size': 26, 'attention_head_size': 3, 'learning_rate': 0.06859260318522907}. Best is trial 12 with value: 0.11196843534708023.
LOCAL_RANK: 0 - CUDA_VISIBLE_DEVICES: [0]
[I 2023-11-30 11:33:19,542] Trial 49 finished with value: 0.2213967889547348 and parameters: {'gradient_clip_val': 0.12980062812547602, 'hidden_size': 26, 'dropout': 0.3582230641945029, 'hidden_continuous_size': 22, 'attention_head_size': 4, 'learning_rate': 0.03325701104001791}. Best is trial 12 with value: 0.11196843534708023.
LOCAL_RANK: 0 - CUDA_VISIBLE_DEVICES: [0]
[I 2023-11-30 11:33:32,295] Trial 50 finished with value: 0.14108315110206604 and parameters: {'gradient_clip_val': 0.10156658259882081, 'hidden_size': 35, 'dropout': 0.3081068921627649, 'hidden_continuous_size': 20, 'attention_head_size': 3, 'learning_rate': 0.09812351752349774}. Best is trial 12 with value: 0.11196843534708023.
LOCAL_RANK: 0 - CUDA_VISIBLE_DEVICES: [0]
[I 2023-11-30 11:33:45,105] Trial 51 finished with value: 0.16815488040447235 and parameters: {'gradient_clip_val': 0.10136330398061416, 'hidden_size': 40, 'dropout': 0.30816400894289475, 'hidden_continuous_size': 18, 'attention_head_size': 3, 'learning_rate': 0.09672879195824108}. Best is trial 12 with value: 0.11196843534708023.
LOCAL_RANK: 0 - CUDA_VISIBLE_DEVICES: [0]
[I 2023-11-30 11:33:57,699] Trial 52 finished with value: 0.14086008071899414 and parameters: {'gradient_clip_val': 0.12079452813019932, 'hidden_size': 36, 'dropout': 0.28575879506411334, 'hidden_continuous_size': 19, 'attention_head_size': 3, 'learning_rate': 0.060387026859099115}. Best is trial 12 with value: 0.11196843534708023.
LOCAL_RANK: 0 - CUDA_VISIBLE_DEVICES: [0]
[I 2023-11-30 11:34:10,318] Trial 53 finished with value: 0.28974753618240356 and parameters: {'gradient_clip_val': 0.11964566018747579, 'hidden_size': 37, 'dropout': 0.2840766477844047, 'hidden_continuous_size': 19, 'attention_head_size': 3, 'learning_rate': 0.059094504698030584}. Best is trial 12 with value: 0.11196843534708023.
LOCAL_RANK: 0 - CUDA_VISIBLE_DEVICES: [0]
[I 2023-11-30 11:34:23,052] Trial 54 finished with value: 0.16311608254909515 and parameters: {'gradient_clip_val': 0.13064330573677, 'hidden_size': 41, 'dropout': 0.26079179610333997, 'hidden_continuous_size': 16, 'attention_head_size': 3, 'learning_rate': 0.04095013389767124}. Best is trial 12 with value: 0.11196843534708023.
LOCAL_RANK: 0 - CUDA_VISIBLE_DEVICES: [0]
[I 2023-11-30 11:34:35,779] Trial 55 finished with value: 0.20842766761779785 and parameters: {'gradient_clip_val': 0.1096315703007056, 'hidden_size': 52, 'dropout': 0.29506791298070223, 'hidden_continuous_size': 22, 'attention_head_size': 2, 'learning_rate': 0.06501435061963398}. Best is trial 12 with value: 0.11196843534708023.
LOCAL_RANK: 0 - CUDA_VISIBLE_DEVICES: [0]
[I 2023-11-30 11:34:48,543] Trial 56 finished with value: 0.11924877017736435 and parameters: {'gradient_clip_val': 0.12035703588498226, 'hidden_size': 31, 'dropout': 0.27145207235411845, 'hidden_continuous_size': 19, 'attention_head_size': 3, 'learning_rate': 0.08205888684587899}. Best is trial 12 with value: 0.11196843534708023.
LOCAL_RANK: 0 - CUDA_VISIBLE_DEVICES: [0]
[I 2023-11-30 11:35:00,989] Trial 57 finished with value: 0.27283376455307007 and parameters: {'gradient_clip_val': 0.14300331518099746, 'hidden_size': 26, 'dropout': 0.2707315550767087, 'hidden_continuous_size': 21, 'attention_head_size': 3, 'learning_rate': 0.08221016135507936}. Best is trial 12 with value: 0.11196843534708023.
LOCAL_RANK: 0 - CUDA_VISIBLE_DEVICES: [0]
[I 2023-11-30 11:35:13,477] Trial 58 finished with value: 0.42086219787597656 and parameters: {'gradient_clip_val': 0.10841263287066379, 'hidden_size': 31, 'dropout': 0.2465345464563317, 'hidden_continuous_size': 18, 'attention_head_size': 4, 'learning_rate': 0.0474204291713834}. Best is trial 12 with value: 0.11196843534708023.
LOCAL_RANK: 0 - CUDA_VISIBLE_DEVICES: [0]
[I 2023-11-30 11:35:26,398] Trial 59 finished with value: 0.1581091731786728 and parameters: {'gradient_clip_val': 0.1517752616033483, 'hidden_size': 47, 'dropout': 0.2669673495899008, 'hidden_continuous_size': 23, 'attention_head_size': 3, 'learning_rate': 0.0826376186921644}. Best is trial 12 with value: 0.11196843534708023.
LOCAL_RANK: 0 - CUDA_VISIBLE_DEVICES: [0]
[I 2023-11-30 11:35:38,992] Trial 60 finished with value: 0.27644822001457214 and parameters: {'gradient_clip_val': 0.13163970076063658, 'hidden_size': 38, 'dropout': 0.2304993571655013, 'hidden_continuous_size': 17, 'attention_head_size': 3, 'learning_rate': 0.011004237260643507}. Best is trial 12 with value: 0.11196843534708023.
LOCAL_RANK: 0 - CUDA_VISIBLE_DEVICES: [0]
[I 2023-11-30 11:35:51,672] Trial 61 finished with value: 0.17653721570968628 and parameters: {'gradient_clip_val': 0.11976777140894074, 'hidden_size': 30, 'dropout': 0.27888504092205807, 'hidden_continuous_size': 19, 'attention_head_size': 3, 'learning_rate': 0.05664530109320646}. Best is trial 12 with value: 0.11196843534708023.
LOCAL_RANK: 0 - CUDA_VISIBLE_DEVICES: [0]
[I 2023-11-30 11:36:04,376] Trial 62 finished with value: 0.08931819349527359 and parameters: {'gradient_clip_val': 0.1208726001716329, 'hidden_size': 35, 'dropout': 0.29309151376291276, 'hidden_continuous_size': 20, 'attention_head_size': 3, 'learning_rate': 0.06821192399755506}. Best is trial 62 with value: 0.08931819349527359.
LOCAL_RANK: 0 - CUDA_VISIBLE_DEVICES: [0]
[I 2023-11-30 11:36:17,061] Trial 63 finished with value: 0.16019470989704132 and parameters: {'gradient_clip_val': 0.10899471064624489, 'hidden_size': 41, 'dropout': 0.2647478498932554, 'hidden_continuous_size': 20, 'attention_head_size': 3, 'learning_rate': 0.07426330324136134}. Best is trial 62 with value: 0.08931819349527359.
LOCAL_RANK: 0 - CUDA_VISIBLE_DEVICES: [0]
[I 2023-11-30 11:36:29,482] Trial 64 finished with value: 0.2794923484325409 and parameters: {'gradient_clip_val': 0.11799781782110057, 'hidden_size': 31, 'dropout': 0.2562469649850724, 'hidden_continuous_size': 21, 'attention_head_size': 3, 'learning_rate': 0.08653088084503847}. Best is trial 62 with value: 0.08931819349527359.
LOCAL_RANK: 0 - CUDA_VISIBLE_DEVICES: [0]
[I 2023-11-30 11:36:41,966] Trial 65 finished with value: 0.19505232572555542 and parameters: {'gradient_clip_val': 0.12903729987043688, 'hidden_size': 36, 'dropout': 0.31733274865314487, 'hidden_continuous_size': 20, 'attention_head_size': 2, 'learning_rate': 0.06670977572688745}. Best is trial 62 with value: 0.08931819349527359.
LOCAL_RANK: 0 - CUDA_VISIBLE_DEVICES: [0]
[I 2023-11-30 11:36:54,660] Trial 66 finished with value: 0.1395532637834549 and parameters: {'gradient_clip_val': 0.10506665612803248, 'hidden_size': 27, 'dropout': 0.24504297530363342, 'hidden_continuous_size': 22, 'attention_head_size': 4, 'learning_rate': 0.05250466423011283}. Best is trial 62 with value: 0.08931819349527359.
LOCAL_RANK: 0 - CUDA_VISIBLE_DEVICES: [0]
[I 2023-11-30 11:37:07,759] Trial 67 finished with value: 0.21286116540431976 and parameters: {'gradient_clip_val': 0.1001788463171938, 'hidden_size': 56, 'dropout': 0.29489203493988847, 'hidden_continuous_size': 26, 'attention_head_size': 3, 'learning_rate': 0.042839169172263235}. Best is trial 62 with value: 0.08931819349527359.
LOCAL_RANK: 0 - CUDA_VISIBLE_DEVICES: [0]
[I 2023-11-30 11:37:20,433] Trial 68 finished with value: 0.2500448524951935 and parameters: {'gradient_clip_val': 0.14746974095107446, 'hidden_size': 48, 'dropout': 0.3287366141380552, 'hidden_continuous_size': 18, 'attention_head_size': 3, 'learning_rate': 0.07092652111491837}. Best is trial 62 with value: 0.08931819349527359.
LOCAL_RANK: 0 - CUDA_VISIBLE_DEVICES: [0]
