[I 2023-11-30 07:13:37,992] Trial 55 finished with value: 1.0593148469924927 and parameters: {'gradient_clip_val': 0.28310330261139416, 'hidden_size': 103, 'dropout': 0.2530335854356891, 'hidden_continuous_size': 24, 'attention_head_size': 2, 'learning_rate': 0.06158795048264147}. Best is trial 30 with value: 0.9187169075012207.
LOCAL_RANK: 0 - CUDA_VISIBLE_DEVICES: [0]
[I 2023-11-30 07:13:51,393] Trial 56 finished with value: 1.4677438735961914 and parameters: {'gradient_clip_val': 0.23578414905673856, 'hidden_size': 90, 'dropout': 0.24948424506401007, 'hidden_continuous_size': 16, 'attention_head_size': 2, 'learning_rate': 0.04875623408346826}. Best is trial 30 with value: 0.9187169075012207.
LOCAL_RANK: 0 - CUDA_VISIBLE_DEVICES: [0]
[I 2023-11-30 07:14:05,297] Trial 57 finished with value: 1.0983620882034302 and parameters: {'gradient_clip_val': 0.2004709238655825, 'hidden_size': 119, 'dropout': 0.300188180128488, 'hidden_continuous_size': 14, 'attention_head_size': 2, 'learning_rate': 0.028412354118976805}. Best is trial 30 with value: 0.9187169075012207.
LOCAL_RANK: 0 - CUDA_VISIBLE_DEVICES: [0]
[I 2023-11-30 07:14:18,644] Trial 58 finished with value: 1.070091724395752 and parameters: {'gradient_clip_val': 0.22886720384728734, 'hidden_size': 81, 'dropout': 0.23635745088180135, 'hidden_continuous_size': 20, 'attention_head_size': 1, 'learning_rate': 0.08425140148672927}. Best is trial 30 with value: 0.9187169075012207.
LOCAL_RANK: 0 - CUDA_VISIBLE_DEVICES: [0]
[I 2023-11-30 07:14:31,862] Trial 59 finished with value: 1.0754296779632568 and parameters: {'gradient_clip_val': 0.185727935393564, 'hidden_size': 66, 'dropout': 0.3169071259922132, 'hidden_continuous_size': 15, 'attention_head_size': 3, 'learning_rate': 0.06612714100767285}. Best is trial 30 with value: 0.9187169075012207.
LOCAL_RANK: 0 - CUDA_VISIBLE_DEVICES: [0]
[I 2023-11-30 07:14:45,490] Trial 60 finished with value: 1.058510184288025 and parameters: {'gradient_clip_val': 0.26720530677799675, 'hidden_size': 102, 'dropout': 0.2722306360927986, 'hidden_continuous_size': 32, 'attention_head_size': 2, 'learning_rate': 0.09863904007199562}. Best is trial 30 with value: 0.9187169075012207.
LOCAL_RANK: 0 - CUDA_VISIBLE_DEVICES: [0]
[I 2023-11-30 07:14:59,123] Trial 61 finished with value: 1.1629103422164917 and parameters: {'gradient_clip_val': 0.1350425134749431, 'hidden_size': 104, 'dropout': 0.30324591926229216, 'hidden_continuous_size': 26, 'attention_head_size': 4, 'learning_rate': 0.09039952856712616}. Best is trial 30 with value: 0.9187169075012207.
LOCAL_RANK: 0 - CUDA_VISIBLE_DEVICES: [0]
[I 2023-11-30 07:15:13,263] Trial 62 finished with value: 1.3286352157592773 and parameters: {'gradient_clip_val': 0.1686054133590491, 'hidden_size': 133, 'dropout': 0.29252440285428954, 'hidden_continuous_size': 23, 'attention_head_size': 4, 'learning_rate': 0.05699271185488534}. Best is trial 30 with value: 0.9187169075012207.
LOCAL_RANK: 0 - CUDA_VISIBLE_DEVICES: [0]
[I 2023-11-30 07:15:27,044] Trial 63 finished with value: 1.33914053440094 and parameters: {'gradient_clip_val': 0.15072734713748334, 'hidden_size': 115, 'dropout': 0.30197864108636063, 'hidden_continuous_size': 21, 'attention_head_size': 4, 'learning_rate': 0.09867816402193767}. Best is trial 30 with value: 0.9187169075012207.
LOCAL_RANK: 0 - CUDA_VISIBLE_DEVICES: [0]
[I 2023-11-30 07:15:40,835] Trial 64 finished with value: 1.1867860555648804 and parameters: {'gradient_clip_val': 0.11616386335813839, 'hidden_size': 100, 'dropout': 0.3382888170098273, 'hidden_continuous_size': 17, 'attention_head_size': 4, 'learning_rate': 0.07313181769860172}. Best is trial 30 with value: 0.9187169075012207.
LOCAL_RANK: 0 - CUDA_VISIBLE_DEVICES: [0]
[I 2023-11-30 07:15:54,426] Trial 65 finished with value: 1.337668538093567 and parameters: {'gradient_clip_val': 0.19898940936231513, 'hidden_size': 93, 'dropout': 0.3285152740021111, 'hidden_continuous_size': 24, 'attention_head_size': 4, 'learning_rate': 0.043399301669773196}. Best is trial 30 with value: 0.9187169075012207.
LOCAL_RANK: 0 - CUDA_VISIBLE_DEVICES: [0]
[I 2023-11-30 07:16:08,023] Trial 66 finished with value: 1.4526420831680298 and parameters: {'gradient_clip_val': 0.15744762872813758, 'hidden_size': 116, 'dropout': 0.3210308689487462, 'hidden_continuous_size': 18, 'attention_head_size': 2, 'learning_rate': 0.06400595685295035}. Best is trial 30 with value: 0.9187169075012207.
LOCAL_RANK: 0 - CUDA_VISIBLE_DEVICES: [0]
[I 2023-11-30 07:16:21,261] Trial 67 finished with value: 1.0582036972045898 and parameters: {'gradient_clip_val': 0.14096601843304774, 'hidden_size': 80, 'dropout': 0.28714455718240806, 'hidden_continuous_size': 19, 'attention_head_size': 3, 'learning_rate': 0.08159219018421521}. Best is trial 30 with value: 0.9187169075012207.
LOCAL_RANK: 0 - CUDA_VISIBLE_DEVICES: [0]
[I 2023-11-30 07:16:35,357] Trial 68 finished with value: 1.1286085844039917 and parameters: {'gradient_clip_val': 0.21805541585562482, 'hidden_size': 138, 'dropout': 0.3147286771139223, 'hidden_continuous_size': 11, 'attention_head_size': 4, 'learning_rate': 0.05682156167079984}. Best is trial 30 with value: 0.9187169075012207.
LOCAL_RANK: 0 - CUDA_VISIBLE_DEVICES: [0]
[I 2023-11-30 07:16:48,983] Trial 69 finished with value: 1.2850297689437866 and parameters: {'gradient_clip_val': 0.24521795505572136, 'hidden_size': 126, 'dropout': 0.2841421629530846, 'hidden_continuous_size': 13, 'attention_head_size': 2, 'learning_rate': 0.07296347194981198}. Best is trial 30 with value: 0.9187169075012207.
LOCAL_RANK: 0 - CUDA_VISIBLE_DEVICES: [0]
[I 2023-11-30 07:17:02,179] Trial 70 finished with value: 0.8867581486701965 and parameters: {'gradient_clip_val': 0.18723475547168308, 'hidden_size': 70, 'dropout': 0.30892632287037863, 'hidden_continuous_size': 16, 'attention_head_size': 2, 'learning_rate': 0.04838570762106062}. Best is trial 70 with value: 0.8867581486701965.
LOCAL_RANK: 0 - CUDA_VISIBLE_DEVICES: [0]
[I 2023-11-30 07:17:15,630] Trial 71 finished with value: 0.9712182879447937 and parameters: {'gradient_clip_val': 0.19226254317527602, 'hidden_size': 74, 'dropout': 0.3054855682009433, 'hidden_continuous_size': 16, 'attention_head_size': 2, 'learning_rate': 0.04598987118094659}. Best is trial 70 with value: 0.8867581486701965.
LOCAL_RANK: 0 - CUDA_VISIBLE_DEVICES: [0]
[I 2023-11-30 07:17:28,856] Trial 72 finished with value: 1.026973009109497 and parameters: {'gradient_clip_val': 0.17650820869292294, 'hidden_size': 88, 'dropout': 0.2962551753439894, 'hidden_continuous_size': 17, 'attention_head_size': 2, 'learning_rate': 0.03155671566435148}. Best is trial 70 with value: 0.8867581486701965.
LOCAL_RANK: 0 - CUDA_VISIBLE_DEVICES: [0]
[I 2023-11-30 07:17:42,221] Trial 73 finished with value: 1.2624568939208984 and parameters: {'gradient_clip_val': 0.21453952537828605, 'hidden_size': 96, 'dropout': 0.3184950316182736, 'hidden_continuous_size': 14, 'attention_head_size': 2, 'learning_rate': 0.08811424635830593}. Best is trial 70 with value: 0.8867581486701965.
LOCAL_RANK: 0 - CUDA_VISIBLE_DEVICES: [0]
[I 2023-11-30 07:17:56,042] Trial 74 finished with value: 1.0151499509811401 and parameters: {'gradient_clip_val': 0.29520511423603135, 'hidden_size': 109, 'dropout': 0.31123238905284395, 'hidden_continuous_size': 22, 'attention_head_size': 2, 'learning_rate': 0.06512321088793206}. Best is trial 70 with value: 0.8867581486701965.
LOCAL_RANK: 0 - CUDA_VISIBLE_DEVICES: [0]
[I 2023-11-30 07:18:08,960] Trial 75 finished with value: 1.387933373451233 and parameters: {'gradient_clip_val': 0.2575699744508978, 'hidden_size': 60, 'dropout': 0.33426002319034287, 'hidden_continuous_size': 18, 'attention_head_size': 3, 'learning_rate': 0.03787638432199322}. Best is trial 70 with value: 0.8867581486701965.
LOCAL_RANK: 0 - CUDA_VISIBLE_DEVICES: [0]
[I 2023-11-30 07:18:21,927] Trial 76 finished with value: 1.2191036939620972 and parameters: {'gradient_clip_val': 0.16067142627775852, 'hidden_size': 70, 'dropout': 0.2697707279599853, 'hidden_continuous_size': 15, 'attention_head_size': 2, 'learning_rate': 0.0485755818245467}. Best is trial 70 with value: 0.8867581486701965.
LOCAL_RANK: 0 - CUDA_VISIBLE_DEVICES: [0]
[I 2023-11-30 07:18:34,906] Trial 77 finished with value: 1.208004355430603 and parameters: {'gradient_clip_val': 0.19255149177191486, 'hidden_size': 80, 'dropout': 0.2783939512255281, 'hidden_continuous_size': 19, 'attention_head_size': 1, 'learning_rate': 0.07663697282150567}. Best is trial 70 with value: 0.8867581486701965.
LOCAL_RANK: 0 - CUDA_VISIBLE_DEVICES: [0]
[I 2023-11-30 07:18:48,698] Trial 78 finished with value: 0.9812169671058655 and parameters: {'gradient_clip_val': 0.22767913867812223, 'hidden_size': 91, 'dropout': 0.2933427520379903, 'hidden_continuous_size': 15, 'attention_head_size': 3, 'learning_rate': 0.05365982778840721}. Best is trial 70 with value: 0.8867581486701965.
LOCAL_RANK: 0 - CUDA_VISIBLE_DEVICES: [0]
[I 2023-11-30 07:19:02,378] Trial 79 finished with value: 1.0422422885894775 and parameters: {'gradient_clip_val': 0.27171023206211126, 'hidden_size': 112, 'dropout': 0.3290183157483613, 'hidden_continuous_size': 28, 'attention_head_size': 2, 'learning_rate': 0.09288171181217032}. Best is trial 70 with value: 0.8867581486701965.
LOCAL_RANK: 0 - CUDA_VISIBLE_DEVICES: [0]
[I 2023-11-30 07:19:15,844] Trial 80 finished with value: 1.1402674913406372 and parameters: {'gradient_clip_val': 0.1753701713330902, 'hidden_size': 77, 'dropout': 0.3045872371618858, 'hidden_continuous_size': 21, 'attention_head_size': 4, 'learning_rate': 0.0999846256492908}. Best is trial 70 with value: 0.8867581486701965.
LOCAL_RANK: 0 - CUDA_VISIBLE_DEVICES: [0]
[I 2023-11-30 07:19:28,518] Trial 81 finished with value: 0.8871329426765442 and parameters: {'gradient_clip_val': 0.15196209679291642, 'hidden_size': 50, 'dropout': 0.131551114354514, 'hidden_continuous_size': 16, 'attention_head_size': 2, 'learning_rate': 0.06793856658191894}. Best is trial 70 with value: 0.8867581486701965.
LOCAL_RANK: 0 - CUDA_VISIBLE_DEVICES: [0]
[I 2023-11-30 07:19:41,280] Trial 82 finished with value: 1.1520439386367798 and parameters: {'gradient_clip_val': 0.21087290667490868, 'hidden_size': 54, 'dropout': 0.17185190919453386, 'hidden_continuous_size': 16, 'attention_head_size': 2, 'learning_rate': 0.06789949767672551}. Best is trial 70 with value: 0.8867581486701965.
LOCAL_RANK: 0 - CUDA_VISIBLE_DEVICES: [0]
[I 2023-11-30 07:19:54,345] Trial 83 finished with value: 1.0089603662490845 and parameters: {'gradient_clip_val': 0.1457008632928149, 'hidden_size': 61, 'dropout': 0.20423982991804307, 'hidden_continuous_size': 17, 'attention_head_size': 2, 'learning_rate': 0.040850097616092026}. Best is trial 70 with value: 0.8867581486701965.
LOCAL_RANK: 0 - CUDA_VISIBLE_DEVICES: [0]
[I 2023-11-30 07:20:07,155] Trial 84 finished with value: 1.3695387840270996 and parameters: {'gradient_clip_val': 0.1600499794945619, 'hidden_size': 49, 'dropout': 0.11373720150283623, 'hidden_continuous_size': 20, 'attention_head_size': 2, 'learning_rate': 0.05713382942289698}. Best is trial 70 with value: 0.8867581486701965.
LOCAL_RANK: 0 - CUDA_VISIBLE_DEVICES: [0]
[I 2023-11-30 07:20:20,184] Trial 85 finished with value: 1.4006948471069336 and parameters: {'gradient_clip_val': 0.17171882359298243, 'hidden_size': 68, 'dropout': 0.3101797235109961, 'hidden_continuous_size': 16, 'attention_head_size': 2, 'learning_rate': 0.07730524447776803}. Best is trial 70 with value: 0.8867581486701965.
LOCAL_RANK: 0 - CUDA_VISIBLE_DEVICES: [0]
[I 2023-11-30 07:20:32,874] Trial 86 finished with value: 1.294222354888916 and parameters: {'gradient_clip_val': 0.18265326330651466, 'hidden_size': 45, 'dropout': 0.28816310452774396, 'hidden_continuous_size': 17, 'attention_head_size': 2, 'learning_rate': 0.06036723023849099}. Best is trial 70 with value: 0.8867581486701965.
LOCAL_RANK: 0 - CUDA_VISIBLE_DEVICES: [0]
[I 2023-11-30 07:20:46,473] Trial 87 finished with value: 1.291422963142395 and parameters: {'gradient_clip_val': 0.19918874247086862, 'hidden_size': 122, 'dropout': 0.3402686365828061, 'hidden_continuous_size': 13, 'attention_head_size': 2, 'learning_rate': 0.04911483916961756}. Best is trial 70 with value: 0.8867581486701965.
LOCAL_RANK: 0 - CUDA_VISIBLE_DEVICES: [0]
[I 2023-11-30 07:20:59,448] Trial 88 finished with value: 1.2281798124313354 and parameters: {'gradient_clip_val': 0.2492268671774303, 'hidden_size': 64, 'dropout': 0.3507958017327995, 'hidden_continuous_size': 14, 'attention_head_size': 2, 'learning_rate': 0.08536784286081023}. Best is trial 70 with value: 0.8867581486701965.
LOCAL_RANK: 0 - CUDA_VISIBLE_DEVICES: [0]
[I 2023-11-30 07:21:12,443] Trial 89 finished with value: 1.1352665424346924 and parameters: {'gradient_clip_val': 0.2928980045910145, 'hidden_size': 55, 'dropout': 0.3232650281713508, 'hidden_continuous_size': 18, 'attention_head_size': 3, 'learning_rate': 0.06913732004969425}. Best is trial 70 with value: 0.8867581486701965.
LOCAL_RANK: 0 - CUDA_VISIBLE_DEVICES: [0]
[I 2023-11-30 07:21:25,882] Trial 90 finished with value: 1.4125946760177612 and parameters: {'gradient_clip_val': 0.23976686292556432, 'hidden_size': 104, 'dropout': 0.27711649094325874, 'hidden_continuous_size': 19, 'attention_head_size': 2, 'learning_rate': 0.03956981562931052}. Best is trial 70 with value: 0.8867581486701965.
LOCAL_RANK: 0 - CUDA_VISIBLE_DEVICES: [0]
[I 2023-11-30 07:21:36,203] Trial 91 finished with value: 1.2851409912109375 and parameters: {'gradient_clip_val': 0.15225407225341978, 'hidden_size': 10, 'dropout': 0.13528392160041874, 'hidden_continuous_size': 10, 'attention_head_size': 2, 'learning_rate': 0.07763791941796959}. Best is trial 70 with value: 0.8867581486701965.
LOCAL_RANK: 0 - CUDA_VISIBLE_DEVICES: [0]
[I 2023-11-30 07:21:48,265] Trial 92 finished with value: 1.3850125074386597 and parameters: {'gradient_clip_val': 0.16447090743180967, 'hidden_size': 13, 'dropout': 0.18704505761044252, 'hidden_continuous_size': 12, 'attention_head_size': 2, 'learning_rate': 0.06238646304597762}. Best is trial 70 with value: 0.8867581486701965.
LOCAL_RANK: 0 - CUDA_VISIBLE_DEVICES: [0]
[I 2023-11-30 07:22:00,725] Trial 93 finished with value: 0.993589460849762 and parameters: {'gradient_clip_val': 0.1309783685313258, 'hidden_size': 40, 'dropout': 0.1499673443306623, 'hidden_continuous_size': 15, 'attention_head_size': 2, 'learning_rate': 0.08768066003722892}. Best is trial 70 with value: 0.8867581486701965.
LOCAL_RANK: 0 - CUDA_VISIBLE_DEVICES: [0]
[I 2023-11-30 07:22:14,175] Trial 94 finished with value: 1.175836443901062 and parameters: {'gradient_clip_val': 0.22459440184022808, 'hidden_size': 85, 'dropout': 0.2971181156363146, 'hidden_continuous_size': 15, 'attention_head_size': 2, 'learning_rate': 0.08989726344255332}. Best is trial 70 with value: 0.8867581486701965.
LOCAL_RANK: 0 - CUDA_VISIBLE_DEVICES: [0]
[I 2023-11-30 07:22:28,029] Trial 95 finished with value: 0.9490978717803955 and parameters: {'gradient_clip_val': 0.2065637975610274, 'hidden_size': 140, 'dropout': 0.31712409236642713, 'hidden_continuous_size': 14, 'attention_head_size': 2, 'learning_rate': 0.0519740733100668}. Best is trial 70 with value: 0.8867581486701965.
LOCAL_RANK: 0 - CUDA_VISIBLE_DEVICES: [0]
[I 2023-11-30 07:22:41,912] Trial 96 finished with value: 1.0769211053848267 and parameters: {'gradient_clip_val': 0.1853993419890595, 'hidden_size': 143, 'dropout': 0.3200147105048289, 'hidden_continuous_size': 13, 'attention_head_size': 2, 'learning_rate': 0.03463489517138354}. Best is trial 70 with value: 0.8867581486701965.
LOCAL_RANK: 0 - CUDA_VISIBLE_DEVICES: [0]
[I 2023-11-30 07:22:55,773] Trial 97 finished with value: 0.8838777542114258 and parameters: {'gradient_clip_val': 0.22271306014030876, 'hidden_size': 129, 'dropout': 0.30510385524561584, 'hidden_continuous_size': 14, 'attention_head_size': 4, 'learning_rate': 0.05048710193445811}. Best is trial 97 with value: 0.8838777542114258.
LOCAL_RANK: 0 - CUDA_VISIBLE_DEVICES: [0]
[I 2023-11-30 07:23:09,631] Trial 98 finished with value: 1.2646775245666504 and parameters: {'gradient_clip_val': 0.21052233858925498, 'hidden_size': 127, 'dropout': 0.3145504364466506, 'hidden_continuous_size': 14, 'attention_head_size': 2, 'learning_rate': 0.04513476145870282}. Best is trial 97 with value: 0.8838777542114258.
LOCAL_RANK: 0 - CUDA_VISIBLE_DEVICES: [0]
[I 2023-11-30 07:23:23,482] Trial 99 finished with value: 1.227089762687683 and parameters: {'gradient_clip_val': 0.23433438152203662, 'hidden_size': 130, 'dropout': 0.32655464193818956, 'hidden_continuous_size': 16, 'attention_head_size': 2, 'learning_rate': 0.053326511382686854}. Best is trial 97 with value: 0.8838777542114258.
LOCAL_RANK: 0 - CUDA_VISIBLE_DEVICES: [0]
[I 2023-11-30 07:23:37,326] Trial 100 finished with value: 1.0772475004196167 and parameters: {'gradient_clip_val': 0.2213254371003024, 'hidden_size': 118, 'dropout': 0.33359060835484483, 'hidden_continuous_size': 14, 'attention_head_size': 4, 'learning_rate': 0.04987547573542458}. Best is trial 97 with value: 0.8838777542114258.
LOCAL_RANK: 0 - CUDA_VISIBLE_DEVICES: [0]
[I 2023-11-30 07:23:51,479] Trial 101 finished with value: 1.049542784690857 and parameters: {'gradient_clip_val': 0.20504808792705295, 'hidden_size': 137, 'dropout': 0.30739657328727493, 'hidden_continuous_size': 23, 'attention_head_size': 4, 'learning_rate': 0.05782801013944816}. Best is trial 97 with value: 0.8838777542114258.
LOCAL_RANK: 0 - CUDA_VISIBLE_DEVICES: [0]
[I 2023-11-30 07:24:05,608] Trial 102 finished with value: 1.3299823999404907 and parameters: {'gradient_clip_val': 0.25258766862106746, 'hidden_size': 150, 'dropout': 0.2995502689076805, 'hidden_continuous_size': 11, 'attention_head_size': 4, 'learning_rate': 0.0707606276628783}. Best is trial 97 with value: 0.8838777542114258.
LOCAL_RANK: 0 - CUDA_VISIBLE_DEVICES: [0]
[I 2023-11-30 07:24:19,470] Trial 103 finished with value: 0.7115228772163391 and parameters: {'gradient_clip_val': 0.19419214471791144, 'hidden_size': 108, 'dropout': 0.28763337875141254, 'hidden_continuous_size': 17, 'attention_head_size': 4, 'learning_rate': 0.04316654969796654}. Best is trial 103 with value: 0.7115228772163391.
LOCAL_RANK: 0 - CUDA_VISIBLE_DEVICES: [0]
[I 2023-11-30 07:24:33,379] Trial 104 finished with value: 1.125412940979004 and parameters: {'gradient_clip_val': 0.19227722451692306, 'hidden_size': 121, 'dropout': 0.28911264559960526, 'hidden_continuous_size': 18, 'attention_head_size': 4, 'learning_rate': 0.041249067920769836}. Best is trial 103 with value: 0.7115228772163391.
LOCAL_RANK: 0 - CUDA_VISIBLE_DEVICES: [0]
[I 2023-11-30 07:24:47,344] Trial 105 finished with value: 1.3037620782852173 and parameters: {'gradient_clip_val': 0.20610748895793182, 'hidden_size': 140, 'dropout': 0.28195663083193606, 'hidden_continuous_size': 12, 'attention_head_size': 4, 'learning_rate': 0.044868290334786114}. Best is trial 103 with value: 0.7115228772163391.
LOCAL_RANK: 0 - CUDA_VISIBLE_DEVICES: [0]
[I 2023-11-30 07:25:00,666] Trial 106 finished with value: 0.9619114995002747 and parameters: {'gradient_clip_val': 0.21855746612821061, 'hidden_size': 108, 'dropout': 0.2729730495994994, 'hidden_continuous_size': 17, 'attention_head_size': 1, 'learning_rate': 0.052356810748837426}. Best is trial 103 with value: 0.7115228772163391.
LOCAL_RANK: 0 - CUDA_VISIBLE_DEVICES: [0]
[I 2023-11-30 07:25:14,334] Trial 107 finished with value: 1.016600489616394 and parameters: {'gradient_clip_val': 0.2630240253266691, 'hidden_size': 97, 'dropout': 0.2676724493834161, 'hidden_continuous_size': 16, 'attention_head_size': 4, 'learning_rate': 0.03547722531879486}. Best is trial 103 with value: 0.7115228772163391.
LOCAL_RANK: 0 - CUDA_VISIBLE_DEVICES: [0]
[I 2023-11-30 07:25:28,380] Trial 108 finished with value: 1.2286990880966187 and parameters: {'gradient_clip_val': 0.2793194547683134, 'hidden_size': 130, 'dropout': 0.3144891615405957, 'hidden_continuous_size': 19, 'attention_head_size': 2, 'learning_rate': 0.06432414008930036}. Best is trial 103 with value: 0.7115228772163391.
LOCAL_RANK: 0 - CUDA_VISIBLE_DEVICES: [0]
[I 2023-11-30 07:25:41,861] Trial 109 finished with value: 1.2962923049926758 and parameters: {'gradient_clip_val': 0.23793747143761765, 'hidden_size': 112, 'dropout': 0.2940542118908533, 'hidden_continuous_size': 17, 'attention_head_size': 2, 'learning_rate': 0.03186372592859502}. Best is trial 103 with value: 0.7115228772163391.
LOCAL_RANK: 0 - CUDA_VISIBLE_DEVICES: [0]
[I 2023-11-30 07:25:55,489] Trial 110 finished with value: 1.2683098316192627 and parameters: {'gradient_clip_val': 0.19559852864749835, 'hidden_size': 116, 'dropout': 0.28271834494206644, 'hidden_continuous_size': 15, 'attention_head_size': 4, 'learning_rate': 0.049370094140151484}. Best is trial 103 with value: 0.7115228772163391.
LOCAL_RANK: 0 - CUDA_VISIBLE_DEVICES: [0]
[I 2023-11-30 07:26:08,896] Trial 111 finished with value: 0.8874236941337585 and parameters: {'gradient_clip_val': 0.1809774286990794, 'hidden_size': 104, 'dropout': 0.30570881101121816, 'hidden_continuous_size': 14, 'attention_head_size': 4, 'learning_rate': 0.07931330718687225}. Best is trial 103 with value: 0.7115228772163391.
LOCAL_RANK: 0 - CUDA_VISIBLE_DEVICES: [0]
[I 2023-11-30 07:26:22,668] Trial 112 finished with value: 1.0330491065979004 and parameters: {'gradient_clip_val': 0.18218363014520728, 'hidden_size': 123, 'dropout': 0.30207727235579984, 'hidden_continuous_size': 14, 'attention_head_size': 4, 'learning_rate': 0.05616914829399089}. Best is trial 103 with value: 0.7115228772163391.
LOCAL_RANK: 0 - CUDA_VISIBLE_DEVICES: [0]
[I 2023-11-30 07:26:36,297] Trial 113 finished with value: 1.1795424222946167 and parameters: {'gradient_clip_val': 0.1683939245848646, 'hidden_size': 99, 'dropout': 0.2887120380678831, 'hidden_continuous_size': 13, 'attention_head_size': 4, 'learning_rate': 0.06778786639596404}. Best is trial 103 with value: 0.7115228772163391.
LOCAL_RANK: 0 - CUDA_VISIBLE_DEVICES: [0]
