[I 2023-11-30 12:29:00,853] Trial 149 finished with value: 0.317660391330719 and parameters: {'gradient_clip_val': 0.6421025863901715, 'hidden_size': 49, 'dropout': 0.37480756318633673, 'hidden_continuous_size': 35, 'attention_head_size': 1, 'learning_rate': 0.09356598582776375}. Best is trial 17 with value: 0.06940385699272156.
[I 2023-11-30 12:29:00,971] A new study created in memory with name: no-name-67c2a2d4-a87a-4a53-a8c3-21c2f46db88e
/home/le004/conda/anaconda3/envs/tsff_env/lib/python3.9/site-packages/lightning/fabric/plugins/environments/slurm.py:191: The `srun` command is available on your system but is not used. HINT: If your intention is to run Lightning on SLURM, prepend your python command with `srun` like so: srun python /home/le004/master_thesis/git/TSFusionForecast/code/ ...
LOCAL_RANK: 0 - CUDA_VISIBLE_DEVICES: [0]
[I 2023-11-30 12:29:13,533] Trial 0 finished with value: 2.8304717540740967 and parameters: {'gradient_clip_val': 0.1988160795424638, 'hidden_size': 26, 'dropout': 0.2643335086346247, 'hidden_continuous_size': 19, 'attention_head_size': 4, 'learning_rate': 0.0016899875371348579}. Best is trial 0 with value: 2.8304717540740967.
LOCAL_RANK: 0 - CUDA_VISIBLE_DEVICES: [0]
[I 2023-11-30 12:29:25,858] Trial 1 finished with value: 1.2450802326202393 and parameters: {'gradient_clip_val': 0.20996620474709157, 'hidden_size': 15, 'dropout': 0.12699748373711572, 'hidden_continuous_size': 13, 'attention_head_size': 2, 'learning_rate': 0.006483964313123572}. Best is trial 1 with value: 1.2450802326202393.
LOCAL_RANK: 0 - CUDA_VISIBLE_DEVICES: [0]
[I 2023-11-30 12:29:37,925] Trial 2 finished with value: 0.36494341492652893 and parameters: {'gradient_clip_val': 0.3346431852541344, 'hidden_size': 12, 'dropout': 0.21919985877858966, 'hidden_continuous_size': 10, 'attention_head_size': 4, 'learning_rate': 0.07426015035800763}. Best is trial 2 with value: 0.36494341492652893.
LOCAL_RANK: 0 - CUDA_VISIBLE_DEVICES: [0]
[I 2023-11-30 12:29:48,239] Trial 3 finished with value: 1.5560745000839233 and parameters: {'gradient_clip_val': 0.3048585332862809, 'hidden_size': 10, 'dropout': 0.3387064549785349, 'hidden_continuous_size': 10, 'attention_head_size': 2, 'learning_rate': 0.013824969252147812}. Best is trial 2 with value: 0.36494341492652893.
LOCAL_RANK: 0 - CUDA_VISIBLE_DEVICES: [0]
[I 2023-11-30 12:30:01,989] Trial 4 finished with value: 0.20865927636623383 and parameters: {'gradient_clip_val': 0.27566558189207013, 'hidden_size': 77, 'dropout': 0.3823213453274956, 'hidden_continuous_size': 58, 'attention_head_size': 2, 'learning_rate': 0.021936819358490567}. Best is trial 4 with value: 0.20865927636623383.
LOCAL_RANK: 0 - CUDA_VISIBLE_DEVICES: [0]
[I 2023-11-30 12:30:14,303] Trial 5 finished with value: 0.4990619122982025 and parameters: {'gradient_clip_val': 0.31965567478224727, 'hidden_size': 27, 'dropout': 0.22162999262538283, 'hidden_continuous_size': 24, 'attention_head_size': 1, 'learning_rate': 0.011039648312239674}. Best is trial 4 with value: 0.20865927636623383.
LOCAL_RANK: 0 - CUDA_VISIBLE_DEVICES: [0]
[I 2023-11-30 12:30:26,700] Trial 6 finished with value: 0.6367930769920349 and parameters: {'gradient_clip_val': 0.19399517140099484, 'hidden_size': 24, 'dropout': 0.31164905940305837, 'hidden_continuous_size': 20, 'attention_head_size': 3, 'learning_rate': 0.01160396515907907}. Best is trial 4 with value: 0.20865927636623383.
LOCAL_RANK: 0 - CUDA_VISIBLE_DEVICES: [0]
[I 2023-11-30 12:30:38,858] Trial 7 finished with value: 1.6152726411819458 and parameters: {'gradient_clip_val': 0.5774621946660882, 'hidden_size': 28, 'dropout': 0.2283487717569402, 'hidden_continuous_size': 15, 'attention_head_size': 2, 'learning_rate': 0.003186792680154121}. Best is trial 4 with value: 0.20865927636623383.
LOCAL_RANK: 0 - CUDA_VISIBLE_DEVICES: [0]
[I 2023-11-30 12:30:53,067] Trial 8 finished with value: 0.4808119237422943 and parameters: {'gradient_clip_val': 0.14570749945677333, 'hidden_size': 93, 'dropout': 0.294163486897091, 'hidden_continuous_size': 91, 'attention_head_size': 4, 'learning_rate': 0.0027392378564822886}. Best is trial 4 with value: 0.20865927636623383.
LOCAL_RANK: 0 - CUDA_VISIBLE_DEVICES: [0]
[I 2023-11-30 12:31:05,829] Trial 9 finished with value: 0.13856595754623413 and parameters: {'gradient_clip_val': 0.5925429629730489, 'hidden_size': 42, 'dropout': 0.29779609012399977, 'hidden_continuous_size': 23, 'attention_head_size': 3, 'learning_rate': 0.05542045436853723}. Best is trial 9 with value: 0.13856595754623413.
LOCAL_RANK: 0 - CUDA_VISIBLE_DEVICES: [0]
[I 2023-11-30 12:31:18,835] Trial 10 finished with value: 0.15934433043003082 and parameters: {'gradient_clip_val': 0.9504389502968428, 'hidden_size': 52, 'dropout': 0.39060349613327816, 'hidden_continuous_size': 29, 'attention_head_size': 3, 'learning_rate': 0.09350472728536277}. Best is trial 9 with value: 0.13856595754623413.
LOCAL_RANK: 0 - CUDA_VISIBLE_DEVICES: [0]
[I 2023-11-30 12:31:31,939] Trial 11 finished with value: 0.14358294010162354 and parameters: {'gradient_clip_val': 0.9615720085804187, 'hidden_size': 52, 'dropout': 0.39463162979494026, 'hidden_continuous_size': 27, 'attention_head_size': 3, 'learning_rate': 0.09895933966761897}. Best is trial 9 with value: 0.13856595754623413.
LOCAL_RANK: 0 - CUDA_VISIBLE_DEVICES: [0]
[I 2023-11-30 12:31:44,909] Trial 12 finished with value: 0.19828446209430695 and parameters: {'gradient_clip_val': 0.9854134866765911, 'hidden_size': 50, 'dropout': 0.3468583478660234, 'hidden_continuous_size': 26, 'attention_head_size': 3, 'learning_rate': 0.04356722794615247}. Best is trial 9 with value: 0.13856595754623413.
LOCAL_RANK: 0 - CUDA_VISIBLE_DEVICES: [0]
[I 2023-11-30 12:31:59,252] Trial 13 finished with value: 0.17256410419940948 and parameters: {'gradient_clip_val': 0.6387130194258412, 'hidden_size': 145, 'dropout': 0.37972014730524617, 'hidden_continuous_size': 39, 'attention_head_size': 3, 'learning_rate': 0.04243595892862211}. Best is trial 9 with value: 0.13856595754623413.
LOCAL_RANK: 0 - CUDA_VISIBLE_DEVICES: [0]
[I 2023-11-30 12:32:11,902] Trial 14 finished with value: 0.20243899524211884 and parameters: {'gradient_clip_val': 0.5995646738479651, 'hidden_size': 41, 'dropout': 0.3986365593067276, 'hidden_continuous_size': 20, 'attention_head_size': 1, 'learning_rate': 0.08890021678662628}. Best is trial 9 with value: 0.13856595754623413.
LOCAL_RANK: 0 - CUDA_VISIBLE_DEVICES: [0]
[I 2023-11-30 12:32:25,040] Trial 15 finished with value: 0.21334423124790192 and parameters: {'gradient_clip_val': 0.7752485366041896, 'hidden_size': 56, 'dropout': 0.3541039592626213, 'hidden_continuous_size': 30, 'attention_head_size': 3, 'learning_rate': 0.03948386287798408}. Best is trial 9 with value: 0.13856595754623413.
LOCAL_RANK: 0 - CUDA_VISIBLE_DEVICES: [0]
[I 2023-11-30 12:32:37,734] Trial 16 finished with value: 0.19858580827713013 and parameters: {'gradient_clip_val': 0.4507954851686772, 'hidden_size': 36, 'dropout': 0.30971463001573024, 'hidden_continuous_size': 16, 'attention_head_size': 4, 'learning_rate': 0.030311190668008397}. Best is trial 9 with value: 0.13856595754623413.
LOCAL_RANK: 0 - CUDA_VISIBLE_DEVICES: [0]
[I 2023-11-30 12:32:51,325] Trial 17 finished with value: 0.14289896190166473 and parameters: {'gradient_clip_val': 0.7636636298330735, 'hidden_size': 66, 'dropout': 0.27251591791557195, 'hidden_continuous_size': 35, 'attention_head_size': 3, 'learning_rate': 0.061896034298156835}. Best is trial 9 with value: 0.13856595754623413.
LOCAL_RANK: 0 - CUDA_VISIBLE_DEVICES: [0]
[I 2023-11-30 12:33:04,953] Trial 18 finished with value: 0.1707003116607666 and parameters: {'gradient_clip_val': 0.4630023062869785, 'hidden_size': 85, 'dropout': 0.26642571167668844, 'hidden_continuous_size': 40, 'attention_head_size': 2, 'learning_rate': 0.055744828965572826}. Best is trial 9 with value: 0.13856595754623413.
LOCAL_RANK: 0 - CUDA_VISIBLE_DEVICES: [0]
[I 2023-11-30 12:33:18,645] Trial 19 finished with value: 0.172196626663208 and parameters: {'gradient_clip_val': 0.7415664614456663, 'hidden_size': 69, 'dropout': 0.18967326866149628, 'hidden_continuous_size': 36, 'attention_head_size': 4, 'learning_rate': 0.022986174714647138}. Best is trial 9 with value: 0.13856595754623413.
LOCAL_RANK: 0 - CUDA_VISIBLE_DEVICES: [0]
[I 2023-11-30 12:33:32,490] Trial 20 finished with value: 0.19199305772781372 and parameters: {'gradient_clip_val': 0.4959181724573689, 'hidden_size': 112, 'dropout': 0.27210934721276714, 'hidden_continuous_size': 53, 'attention_head_size': 3, 'learning_rate': 0.059958823778080816}. Best is trial 9 with value: 0.13856595754623413.
LOCAL_RANK: 0 - CUDA_VISIBLE_DEVICES: [0]
[I 2023-11-30 12:33:45,746] Trial 21 finished with value: 0.11817615479230881 and parameters: {'gradient_clip_val': 0.8140329234372097, 'hidden_size': 68, 'dropout': 0.32362530220656116, 'hidden_continuous_size': 24, 'attention_head_size': 3, 'learning_rate': 0.09533399054037629}. Best is trial 21 with value: 0.11817615479230881.
LOCAL_RANK: 0 - CUDA_VISIBLE_DEVICES: [0]
[I 2023-11-30 12:33:59,105] Trial 22 finished with value: 0.1212012991309166 and parameters: {'gradient_clip_val': 0.7321677503597097, 'hidden_size': 64, 'dropout': 0.2991347862464539, 'hidden_continuous_size': 23, 'attention_head_size': 3, 'learning_rate': 0.057911292737087595}. Best is trial 21 with value: 0.11817615479230881.
LOCAL_RANK: 0 - CUDA_VISIBLE_DEVICES: [0]
[I 2023-11-30 12:34:12,596] Trial 23 finished with value: 0.2549996078014374 and parameters: {'gradient_clip_val': 0.7579219708186896, 'hidden_size': 63, 'dropout': 0.3269920792994293, 'hidden_continuous_size': 23, 'attention_head_size': 3, 'learning_rate': 0.06582919954039329}. Best is trial 21 with value: 0.11817615479230881.
LOCAL_RANK: 0 - CUDA_VISIBLE_DEVICES: [0]
[I 2023-11-30 12:34:25,453] Trial 24 finished with value: 0.16462518274784088 and parameters: {'gradient_clip_val': 0.41291861335695945, 'hidden_size': 41, 'dropout': 0.3149602063699594, 'hidden_continuous_size': 22, 'attention_head_size': 2, 'learning_rate': 0.03156227004520211}. Best is trial 21 with value: 0.11817615479230881.
LOCAL_RANK: 0 - CUDA_VISIBLE_DEVICES: [0]
[I 2023-11-30 12:34:38,876] Trial 25 finished with value: 0.2179776281118393 and parameters: {'gradient_clip_val': 0.5561823916023545, 'hidden_size': 97, 'dropout': 0.30049043675058257, 'hidden_continuous_size': 16, 'attention_head_size': 3, 'learning_rate': 0.04930228961603381}. Best is trial 21 with value: 0.11817615479230881.
LOCAL_RANK: 0 - CUDA_VISIBLE_DEVICES: [0]
[I 2023-11-30 12:34:52,193] Trial 26 finished with value: 0.17269861698150635 and parameters: {'gradient_clip_val': 0.6621661798228844, 'hidden_size': 72, 'dropout': 0.35594234619393544, 'hidden_continuous_size': 19, 'attention_head_size': 4, 'learning_rate': 0.09519896495096172}. Best is trial 21 with value: 0.11817615479230881.
LOCAL_RANK: 0 - CUDA_VISIBLE_DEVICES: [0]
[I 2023-11-30 12:35:05,206] Trial 27 finished with value: 0.19032146036624908 and parameters: {'gradient_clip_val': 0.834191118854025, 'hidden_size': 45, 'dropout': 0.289586479823414, 'hidden_continuous_size': 22, 'attention_head_size': 3, 'learning_rate': 0.06923865815945018}. Best is trial 21 with value: 0.11817615479230881.
LOCAL_RANK: 0 - CUDA_VISIBLE_DEVICES: [0]
[I 2023-11-30 12:35:18,390] Trial 28 finished with value: 0.11176315695047379 and parameters: {'gradient_clip_val': 0.667638078040689, 'hidden_size': 61, 'dropout': 0.32049101938230967, 'hidden_continuous_size': 25, 'attention_head_size': 2, 'learning_rate': 0.03158761685205596}. Best is trial 28 with value: 0.11176315695047379.
LOCAL_RANK: 0 - CUDA_VISIBLE_DEVICES: [0]
[I 2023-11-30 12:35:31,169] Trial 29 finished with value: 0.1610492765903473 and parameters: {'gradient_clip_val': 0.8582829988291353, 'hidden_size': 61, 'dropout': 0.3305471621782734, 'hidden_continuous_size': 18, 'attention_head_size': 1, 'learning_rate': 0.03019200748513022}. Best is trial 28 with value: 0.11176315695047379.
LOCAL_RANK: 0 - CUDA_VISIBLE_DEVICES: [0]
[I 2023-11-30 12:35:44,695] Trial 30 finished with value: 0.17311453819274902 and parameters: {'gradient_clip_val': 0.6768855428476268, 'hidden_size': 82, 'dropout': 0.37090294095119875, 'hidden_continuous_size': 32, 'attention_head_size': 2, 'learning_rate': 0.0212512877464628}. Best is trial 28 with value: 0.11176315695047379.
LOCAL_RANK: 0 - CUDA_VISIBLE_DEVICES: [0]
[I 2023-11-30 12:35:57,646] Trial 31 finished with value: 0.11255651712417603 and parameters: {'gradient_clip_val': 0.5564458850652858, 'hidden_size': 56, 'dropout': 0.32818803282234393, 'hidden_continuous_size': 25, 'attention_head_size': 2, 'learning_rate': 0.048457423931778015}. Best is trial 28 with value: 0.11176315695047379.
LOCAL_RANK: 0 - CUDA_VISIBLE_DEVICES: [0]
[I 2023-11-30 12:36:10,822] Trial 32 finished with value: 0.16722500324249268 and parameters: {'gradient_clip_val': 0.5328378503992246, 'hidden_size': 60, 'dropout': 0.32711965959034206, 'hidden_continuous_size': 26, 'attention_head_size': 2, 'learning_rate': 0.04362917139603125}. Best is trial 28 with value: 0.11176315695047379.
LOCAL_RANK: 0 - CUDA_VISIBLE_DEVICES: [0]
[I 2023-11-30 12:36:24,000] Trial 33 finished with value: 0.2601090371608734 and parameters: {'gradient_clip_val': 0.6815849681252867, 'hidden_size': 68, 'dropout': 0.3531959081106055, 'hidden_continuous_size': 26, 'attention_head_size': 2, 'learning_rate': 0.07466958988400928}. Best is trial 28 with value: 0.11176315695047379.
LOCAL_RANK: 0 - CUDA_VISIBLE_DEVICES: [0]
[I 2023-11-30 12:36:37,306] Trial 34 finished with value: 0.19603395462036133 and parameters: {'gradient_clip_val': 0.8565895367549122, 'hidden_size': 79, 'dropout': 0.33202850507187276, 'hidden_continuous_size': 18, 'attention_head_size': 2, 'learning_rate': 0.0779328537222979}. Best is trial 28 with value: 0.11176315695047379.
LOCAL_RANK: 0 - CUDA_VISIBLE_DEVICES: [0]
[I 2023-11-30 12:36:50,110] Trial 35 finished with value: 0.2375190258026123 and parameters: {'gradient_clip_val': 0.38490222695341464, 'hidden_size': 54, 'dropout': 0.2846798718863921, 'hidden_continuous_size': 21, 'attention_head_size': 1, 'learning_rate': 0.03515376475997958}. Best is trial 28 with value: 0.11176315695047379.
LOCAL_RANK: 0 - CUDA_VISIBLE_DEVICES: [0]
[I 2023-11-30 12:37:03,490] Trial 36 finished with value: 0.12992660701274872 and parameters: {'gradient_clip_val': 0.5086404989865267, 'hidden_size': 100, 'dropout': 0.2511043370052458, 'hidden_continuous_size': 14, 'attention_head_size': 2, 'learning_rate': 0.01626450019201559}. Best is trial 28 with value: 0.11176315695047379.
LOCAL_RANK: 0 - CUDA_VISIBLE_DEVICES: [0]
[I 2023-11-30 12:37:16,316] Trial 37 finished with value: 0.5619969367980957 and parameters: {'gradient_clip_val': 0.7043604715083763, 'hidden_size': 35, 'dropout': 0.3168609233988576, 'hidden_continuous_size': 24, 'attention_head_size': 2, 'learning_rate': 0.0078116667030143465}. Best is trial 28 with value: 0.11176315695047379.
LOCAL_RANK: 0 - CUDA_VISIBLE_DEVICES: [0]
[I 2023-11-30 12:37:29,637] Trial 38 finished with value: 0.15632730722427368 and parameters: {'gradient_clip_val': 0.6054129131420101, 'hidden_size': 74, 'dropout': 0.3388592094030769, 'hidden_continuous_size': 29, 'attention_head_size': 1, 'learning_rate': 0.05047875388138749}. Best is trial 28 with value: 0.11176315695047379.
LOCAL_RANK: 0 - CUDA_VISIBLE_DEVICES: [0]
[I 2023-11-30 12:37:42,597] Trial 39 finished with value: 0.3108556866645813 and parameters: {'gradient_clip_val': 0.53619820410524, 'hidden_size': 59, 'dropout': 0.36575372529146155, 'hidden_continuous_size': 12, 'attention_head_size': 2, 'learning_rate': 0.0716847066130548}. Best is trial 28 with value: 0.11176315695047379.
LOCAL_RANK: 0 - CUDA_VISIBLE_DEVICES: [0]
[I 2023-11-30 12:37:55,657] Trial 40 finished with value: 0.16310711205005646 and parameters: {'gradient_clip_val': 0.8429831319594475, 'hidden_size': 48, 'dropout': 0.28248825758792534, 'hidden_continuous_size': 24, 'attention_head_size': 2, 'learning_rate': 0.024433193045201092}. Best is trial 28 with value: 0.11176315695047379.
LOCAL_RANK: 0 - CUDA_VISIBLE_DEVICES: [0]
[I 2023-11-30 12:38:09,072] Trial 41 finished with value: 0.20380230247974396 and parameters: {'gradient_clip_val': 0.49193712916785287, 'hidden_size': 105, 'dropout': 0.24939909936936044, 'hidden_continuous_size': 12, 'attention_head_size': 2, 'learning_rate': 0.015156448009013857}. Best is trial 28 with value: 0.11176315695047379.
LOCAL_RANK: 0 - CUDA_VISIBLE_DEVICES: [0]
[I 2023-11-30 12:38:22,617] Trial 42 finished with value: 0.1846851110458374 and parameters: {'gradient_clip_val': 0.6319458216926755, 'hidden_size': 86, 'dropout': 0.3073210420027328, 'hidden_continuous_size': 18, 'attention_head_size': 2, 'learning_rate': 0.01710709527329141}. Best is trial 28 with value: 0.11176315695047379.
LOCAL_RANK: 0 - CUDA_VISIBLE_DEVICES: [0]
[I 2023-11-30 12:38:35,901] Trial 43 finished with value: 0.11816199868917465 and parameters: {'gradient_clip_val': 0.5414931682390515, 'hidden_size': 76, 'dropout': 0.25103834403654796, 'hidden_continuous_size': 21, 'attention_head_size': 2, 'learning_rate': 0.03593144705300108}. Best is trial 28 with value: 0.11176315695047379.
LOCAL_RANK: 0 - CUDA_VISIBLE_DEVICES: [0]
[I 2023-11-30 12:38:49,241] Trial 44 finished with value: 0.1967114955186844 and parameters: {'gradient_clip_val': 0.5755307283396506, 'hidden_size': 71, 'dropout': 0.29729598081871655, 'hidden_continuous_size': 22, 'attention_head_size': 3, 'learning_rate': 0.03699173740747379}. Best is trial 28 with value: 0.11176315695047379.
LOCAL_RANK: 0 - CUDA_VISIBLE_DEVICES: [0]
[I 2023-11-30 12:39:02,053] Trial 45 finished with value: 0.1292090266942978 and parameters: {'gradient_clip_val': 0.7085696828808412, 'hidden_size': 47, 'dropout': 0.3221588189279061, 'hidden_continuous_size': 25, 'attention_head_size': 2, 'learning_rate': 0.05290620616057954}. Best is trial 28 with value: 0.11176315695047379.
LOCAL_RANK: 0 - CUDA_VISIBLE_DEVICES: [0]
[I 2023-11-30 12:39:14,911] Trial 46 finished with value: 0.3026446998119354 and parameters: {'gradient_clip_val': 0.36714836049651756, 'hidden_size': 60, 'dropout': 0.3385268060342888, 'hidden_continuous_size': 20, 'attention_head_size': 1, 'learning_rate': 0.07984589705021472}. Best is trial 28 with value: 0.11176315695047379.
LOCAL_RANK: 0 - CUDA_VISIBLE_DEVICES: [0]
[I 2023-11-30 12:39:28,261] Trial 47 finished with value: 0.16332359611988068 and parameters: {'gradient_clip_val': 0.9998131238527285, 'hidden_size': 53, 'dropout': 0.3032747972205254, 'hidden_continuous_size': 27, 'attention_head_size': 3, 'learning_rate': 0.04741679890488543}. Best is trial 28 with value: 0.11176315695047379.
LOCAL_RANK: 0 - CUDA_VISIBLE_DEVICES: [0]
[I 2023-11-30 12:39:41,539] Trial 48 finished with value: 0.1718297153711319 and parameters: {'gradient_clip_val': 0.6378297697999766, 'hidden_size': 86, 'dropout': 0.317035490672764, 'hidden_continuous_size': 21, 'attention_head_size': 2, 'learning_rate': 0.09729562690837308}. Best is trial 28 with value: 0.11176315695047379.
LOCAL_RANK: 0 - CUDA_VISIBLE_DEVICES: [0]
[I 2023-11-30 12:39:54,725] Trial 49 finished with value: 0.1578095555305481 and parameters: {'gradient_clip_val': 0.2962022050877659, 'hidden_size': 76, 'dropout': 0.34412891379469357, 'hidden_continuous_size': 24, 'attention_head_size': 3, 'learning_rate': 0.03713100031103245}. Best is trial 28 with value: 0.11176315695047379.
LOCAL_RANK: 0 - CUDA_VISIBLE_DEVICES: [0]
[I 2023-11-30 12:40:08,201] Trial 50 finished with value: 0.2713477611541748 and parameters: {'gradient_clip_val': 0.9173668741012962, 'hidden_size': 65, 'dropout': 0.2902577363621863, 'hidden_continuous_size': 28, 'attention_head_size': 4, 'learning_rate': 0.06118616860892682}. Best is trial 28 with value: 0.11176315695047379.
LOCAL_RANK: 0 - CUDA_VISIBLE_DEVICES: [0]
[I 2023-11-30 12:40:21,018] Trial 51 finished with value: 0.2385663241147995 and parameters: {'gradient_clip_val': 0.7305487576532348, 'hidden_size': 48, 'dropout': 0.32205751128201965, 'hidden_continuous_size': 24, 'attention_head_size': 2, 'learning_rate': 0.053038825120923117}. Best is trial 28 with value: 0.11176315695047379.
LOCAL_RANK: 0 - CUDA_VISIBLE_DEVICES: [0]
[I 2023-11-30 12:40:34,358] Trial 52 finished with value: 0.14807169139385223 and parameters: {'gradient_clip_val': 0.7912730425914476, 'hidden_size': 55, 'dropout': 0.3095709194088361, 'hidden_continuous_size': 27, 'attention_head_size': 2, 'learning_rate': 0.042526966009947265}. Best is trial 28 with value: 0.11176315695047379.
LOCAL_RANK: 0 - CUDA_VISIBLE_DEVICES: [0]
[I 2023-11-30 12:40:47,208] Trial 53 finished with value: 0.21895289421081543 and parameters: {'gradient_clip_val': 0.5704363559215281, 'hidden_size': 46, 'dropout': 0.340324320187553, 'hidden_continuous_size': 26, 'attention_head_size': 2, 'learning_rate': 0.058417909441792565}. Best is trial 28 with value: 0.11176315695047379.
LOCAL_RANK: 0 - CUDA_VISIBLE_DEVICES: [0]
[I 2023-11-30 12:41:00,349] Trial 54 finished with value: 0.1454830914735794 and parameters: {'gradient_clip_val': 0.7342648048191215, 'hidden_size': 57, 'dropout': 0.3220820930958327, 'hidden_continuous_size': 25, 'attention_head_size': 3, 'learning_rate': 0.0798973158415196}. Best is trial 28 with value: 0.11176315695047379.
LOCAL_RANK: 0 - CUDA_VISIBLE_DEVICES: [0]
[I 2023-11-30 12:41:13,493] Trial 55 finished with value: 0.23797829449176788 and parameters: {'gradient_clip_val': 0.6178953781908059, 'hidden_size': 65, 'dropout': 0.27864841115702854, 'hidden_continuous_size': 31, 'attention_head_size': 2, 'learning_rate': 0.02651756246745775}. Best is trial 28 with value: 0.11176315695047379.
LOCAL_RANK: 0 - CUDA_VISIBLE_DEVICES: [0]
