[I 2023-11-30 08:54:10,558] Trial 69 finished with value: 0.22553670406341553 and parameters: {'gradient_clip_val': 0.1484091239205934, 'hidden_size': 96, 'dropout': 0.32268259385634895, 'hidden_continuous_size': 39, 'attention_head_size': 4, 'learning_rate': 0.042798889137732936}. Best is trial 66 with value: 0.1383136361837387.
LOCAL_RANK: 0 - CUDA_VISIBLE_DEVICES: [0]
[I 2023-11-30 08:54:24,315] Trial 70 finished with value: 0.18975253403186798 and parameters: {'gradient_clip_val': 0.1603477126028975, 'hidden_size': 107, 'dropout': 0.29313301664000135, 'hidden_continuous_size': 28, 'attention_head_size': 2, 'learning_rate': 0.049852000637754544}. Best is trial 66 with value: 0.1383136361837387.
LOCAL_RANK: 0 - CUDA_VISIBLE_DEVICES: [0]
[I 2023-11-30 08:54:38,101] Trial 71 finished with value: 0.3179798126220703 and parameters: {'gradient_clip_val': 0.17790442304371865, 'hidden_size': 101, 'dropout': 0.2686062851476023, 'hidden_continuous_size': 32, 'attention_head_size': 4, 'learning_rate': 0.06963103011708406}. Best is trial 66 with value: 0.1383136361837387.
LOCAL_RANK: 0 - CUDA_VISIBLE_DEVICES: [0]
[I 2023-11-30 08:54:52,429] Trial 72 finished with value: 0.30141523480415344 and parameters: {'gradient_clip_val': 0.19994196744546597, 'hidden_size': 137, 'dropout': 0.25754930669678466, 'hidden_continuous_size': 43, 'attention_head_size': 4, 'learning_rate': 0.08760864374741609}. Best is trial 66 with value: 0.1383136361837387.
LOCAL_RANK: 0 - CUDA_VISIBLE_DEVICES: [0]
[I 2023-11-30 08:55:06,184] Trial 73 finished with value: 0.11430889368057251 and parameters: {'gradient_clip_val': 0.16801751338522744, 'hidden_size': 118, 'dropout': 0.30434779423508873, 'hidden_continuous_size': 12, 'attention_head_size': 4, 'learning_rate': 0.07147827863404914}. Best is trial 73 with value: 0.11430889368057251.
LOCAL_RANK: 0 - CUDA_VISIBLE_DEVICES: [0]
[I 2023-11-30 08:55:19,786] Trial 74 finished with value: 0.18475991487503052 and parameters: {'gradient_clip_val': 0.14989885340173115, 'hidden_size': 120, 'dropout': 0.3049940201853574, 'hidden_continuous_size': 12, 'attention_head_size': 4, 'learning_rate': 0.07514072089356084}. Best is trial 73 with value: 0.11430889368057251.
LOCAL_RANK: 0 - CUDA_VISIBLE_DEVICES: [0]
[I 2023-11-30 08:55:33,199] Trial 75 finished with value: 0.30108642578125 and parameters: {'gradient_clip_val': 0.16979797776679426, 'hidden_size': 93, 'dropout': 0.31860529145541105, 'hidden_continuous_size': 11, 'attention_head_size': 4, 'learning_rate': 0.06124927572334893}. Best is trial 73 with value: 0.11430889368057251.
LOCAL_RANK: 0 - CUDA_VISIBLE_DEVICES: [0]
[I 2023-11-30 08:55:45,609] Trial 76 finished with value: 0.2957388460636139 and parameters: {'gradient_clip_val': 0.1592805114744194, 'hidden_size': 22, 'dropout': 0.28871435446693927, 'hidden_continuous_size': 20, 'attention_head_size': 4, 'learning_rate': 0.053832949711942336}. Best is trial 73 with value: 0.11430889368057251.
LOCAL_RANK: 0 - CUDA_VISIBLE_DEVICES: [0]
[I 2023-11-30 08:55:59,253] Trial 77 finished with value: 0.2734512984752655 and parameters: {'gradient_clip_val': 0.13365571189904543, 'hidden_size': 111, 'dropout': 0.3008388009184597, 'hidden_continuous_size': 10, 'attention_head_size': 4, 'learning_rate': 0.06895714463165362}. Best is trial 73 with value: 0.11430889368057251.
LOCAL_RANK: 0 - CUDA_VISIBLE_DEVICES: [0]
[I 2023-11-30 08:56:09,705] Trial 78 finished with value: 0.42516908049583435 and parameters: {'gradient_clip_val': 0.20967023036345303, 'hidden_size': 10, 'dropout': 0.27910716308725353, 'hidden_continuous_size': 10, 'attention_head_size': 4, 'learning_rate': 0.07471836478156613}. Best is trial 73 with value: 0.11430889368057251.
LOCAL_RANK: 0 - CUDA_VISIBLE_DEVICES: [0]
[I 2023-11-30 08:56:23,305] Trial 79 finished with value: 0.2124572992324829 and parameters: {'gradient_clip_val': 0.18351142414195895, 'hidden_size': 103, 'dropout': 0.2925891939167025, 'hidden_continuous_size': 17, 'attention_head_size': 3, 'learning_rate': 0.038276757913064806}. Best is trial 73 with value: 0.11430889368057251.
LOCAL_RANK: 0 - CUDA_VISIBLE_DEVICES: [0]
[I 2023-11-30 08:56:37,020] Trial 80 finished with value: 0.1655135303735733 and parameters: {'gradient_clip_val': 0.22794954395203604, 'hidden_size': 86, 'dropout': 0.3161535486056394, 'hidden_continuous_size': 34, 'attention_head_size': 4, 'learning_rate': 0.046358043280804936}. Best is trial 73 with value: 0.11430889368057251.
LOCAL_RANK: 0 - CUDA_VISIBLE_DEVICES: [0]
[I 2023-11-30 08:56:50,666] Trial 81 finished with value: 0.12039592862129211 and parameters: {'gradient_clip_val': 0.22701154074822308, 'hidden_size': 78, 'dropout': 0.33481044693811557, 'hidden_continuous_size': 33, 'attention_head_size': 4, 'learning_rate': 0.044792665369175796}. Best is trial 73 with value: 0.11430889368057251.
LOCAL_RANK: 0 - CUDA_VISIBLE_DEVICES: [0]
[I 2023-11-30 08:57:04,379] Trial 82 finished with value: 0.1578638255596161 and parameters: {'gradient_clip_val': 0.24796084901655702, 'hidden_size': 85, 'dropout': 0.32926585151561266, 'hidden_continuous_size': 32, 'attention_head_size': 4, 'learning_rate': 0.045475499096216405}. Best is trial 73 with value: 0.11430889368057251.
LOCAL_RANK: 0 - CUDA_VISIBLE_DEVICES: [0]
[I 2023-11-30 08:57:17,876] Trial 83 finished with value: 0.28999462723731995 and parameters: {'gradient_clip_val': 0.2580100770138889, 'hidden_size': 76, 'dropout': 0.328980722594607, 'hidden_continuous_size': 33, 'attention_head_size': 4, 'learning_rate': 0.06298821265590666}. Best is trial 73 with value: 0.11430889368057251.
LOCAL_RANK: 0 - CUDA_VISIBLE_DEVICES: [0]
[I 2023-11-30 08:57:31,574] Trial 84 finished with value: 0.1754583865404129 and parameters: {'gradient_clip_val': 0.2432186103267074, 'hidden_size': 70, 'dropout': 0.33933454938768687, 'hidden_continuous_size': 31, 'attention_head_size': 4, 'learning_rate': 0.052337168554252765}. Best is trial 73 with value: 0.11430889368057251.
LOCAL_RANK: 0 - CUDA_VISIBLE_DEVICES: [0]
[I 2023-11-30 08:57:45,067] Trial 85 finished with value: 0.3187698721885681 and parameters: {'gradient_clip_val': 0.22537781508509408, 'hidden_size': 63, 'dropout': 0.35464739553875846, 'hidden_continuous_size': 27, 'attention_head_size': 4, 'learning_rate': 0.09025380989859033}. Best is trial 73 with value: 0.11430889368057251.
LOCAL_RANK: 0 - CUDA_VISIBLE_DEVICES: [0]
[I 2023-11-30 08:57:58,706] Trial 86 finished with value: 0.1931583136320114 and parameters: {'gradient_clip_val': 0.2526897082034646, 'hidden_size': 80, 'dropout': 0.31157078592116916, 'hidden_continuous_size': 37, 'attention_head_size': 4, 'learning_rate': 0.05983180218701517}. Best is trial 73 with value: 0.11430889368057251.
LOCAL_RANK: 0 - CUDA_VISIBLE_DEVICES: [0]
[I 2023-11-30 08:58:12,450] Trial 87 finished with value: 0.16527226567268372 and parameters: {'gradient_clip_val': 0.1924240491730029, 'hidden_size': 89, 'dropout': 0.30856835220068296, 'hidden_continuous_size': 30, 'attention_head_size': 4, 'learning_rate': 0.033792437532187886}. Best is trial 73 with value: 0.11430889368057251.
LOCAL_RANK: 0 - CUDA_VISIBLE_DEVICES: [0]
[I 2023-11-30 08:58:26,419] Trial 88 finished with value: 0.1347702145576477 and parameters: {'gradient_clip_val': 0.20949045684200604, 'hidden_size': 99, 'dropout': 0.30244185178896577, 'hidden_continuous_size': 40, 'attention_head_size': 4, 'learning_rate': 0.04430268415676078}. Best is trial 73 with value: 0.11430889368057251.
LOCAL_RANK: 0 - CUDA_VISIBLE_DEVICES: [0]
[I 2023-11-30 08:58:40,217] Trial 89 finished with value: 0.22270560264587402 and parameters: {'gradient_clip_val': 0.21129149634020006, 'hidden_size': 95, 'dropout': 0.3283587262970502, 'hidden_continuous_size': 41, 'attention_head_size': 4, 'learning_rate': 0.04222530243463887}. Best is trial 73 with value: 0.11430889368057251.
LOCAL_RANK: 0 - CUDA_VISIBLE_DEVICES: [0]
[I 2023-11-30 08:58:53,961] Trial 90 finished with value: 0.18846279382705688 and parameters: {'gradient_clip_val': 0.1739579107098521, 'hidden_size': 112, 'dropout': 0.2999563419967682, 'hidden_continuous_size': 36, 'attention_head_size': 4, 'learning_rate': 0.049365261408673075}. Best is trial 73 with value: 0.11430889368057251.
LOCAL_RANK: 0 - CUDA_VISIBLE_DEVICES: [0]
[I 2023-11-30 08:59:07,629] Trial 91 finished with value: 0.28274402022361755 and parameters: {'gradient_clip_val': 0.20152819125914506, 'hidden_size': 87, 'dropout': 0.3165980655906789, 'hidden_continuous_size': 33, 'attention_head_size': 4, 'learning_rate': 0.07693825206125111}. Best is trial 73 with value: 0.11430889368057251.
LOCAL_RANK: 0 - CUDA_VISIBLE_DEVICES: [0]
[I 2023-11-30 08:59:21,663] Trial 92 finished with value: 0.21821123361587524 and parameters: {'gradient_clip_val': 0.23633787143233626, 'hidden_size': 101, 'dropout': 0.2743578973288059, 'hidden_continuous_size': 41, 'attention_head_size': 4, 'learning_rate': 0.05685628885998069}. Best is trial 73 with value: 0.11430889368057251.
LOCAL_RANK: 0 - CUDA_VISIBLE_DEVICES: [0]
[I 2023-11-30 08:59:35,622] Trial 93 finished with value: 0.18067002296447754 and parameters: {'gradient_clip_val': 0.22012916624324086, 'hidden_size': 126, 'dropout': 0.33598497123435, 'hidden_continuous_size': 35, 'attention_head_size': 4, 'learning_rate': 0.06524186841148416}. Best is trial 73 with value: 0.11430889368057251.
LOCAL_RANK: 0 - CUDA_VISIBLE_DEVICES: [0]
[I 2023-11-30 08:59:49,258] Trial 94 finished with value: 0.14984990656375885 and parameters: {'gradient_clip_val': 0.28190205428365156, 'hidden_size': 78, 'dropout': 0.3038387292343263, 'hidden_continuous_size': 32, 'attention_head_size': 4, 'learning_rate': 0.08884540771226611}. Best is trial 73 with value: 0.11430889368057251.
LOCAL_RANK: 0 - CUDA_VISIBLE_DEVICES: [0]
[I 2023-11-30 09:00:02,874] Trial 95 finished with value: 0.2107461839914322 and parameters: {'gradient_clip_val': 0.2776320570833603, 'hidden_size': 79, 'dropout': 0.30384971182092985, 'hidden_continuous_size': 38, 'attention_head_size': 4, 'learning_rate': 0.08891702453152507}. Best is trial 73 with value: 0.11430889368057251.
LOCAL_RANK: 0 - CUDA_VISIBLE_DEVICES: [0]
[I 2023-11-30 09:00:16,426] Trial 96 finished with value: 0.1625465303659439 and parameters: {'gradient_clip_val': 0.24728961784499748, 'hidden_size': 92, 'dropout': 0.2845903138069007, 'hidden_continuous_size': 29, 'attention_head_size': 4, 'learning_rate': 0.07342489459462233}. Best is trial 73 with value: 0.11430889368057251.
LOCAL_RANK: 0 - CUDA_VISIBLE_DEVICES: [0]
[I 2023-11-30 09:00:30,227] Trial 97 finished with value: 0.13820533454418182 and parameters: {'gradient_clip_val': 0.30231817358533747, 'hidden_size': 84, 'dropout': 0.284737196948331, 'hidden_continuous_size': 32, 'attention_head_size': 4, 'learning_rate': 0.04298306567145547}. Best is trial 73 with value: 0.11430889368057251.
LOCAL_RANK: 0 - CUDA_VISIBLE_DEVICES: [0]
[I 2023-11-30 09:00:43,681] Trial 98 finished with value: 0.2373461276292801 and parameters: {'gradient_clip_val': 0.29137466101006576, 'hidden_size': 71, 'dropout': 0.2958813684611911, 'hidden_continuous_size': 32, 'attention_head_size': 4, 'learning_rate': 0.03833640815904396}. Best is trial 73 with value: 0.11430889368057251.
LOCAL_RANK: 0 - CUDA_VISIBLE_DEVICES: [0]
[I 2023-11-30 09:00:57,480] Trial 99 finished with value: 0.17244185507297516 and parameters: {'gradient_clip_val': 0.30115802047635437, 'hidden_size': 82, 'dropout': 0.30676032996585184, 'hidden_continuous_size': 34, 'attention_head_size': 4, 'learning_rate': 0.04456956332268523}. Best is trial 73 with value: 0.11430889368057251.
LOCAL_RANK: 0 - CUDA_VISIBLE_DEVICES: [0]
[I 2023-11-30 09:01:11,009] Trial 100 finished with value: 0.1712382584810257 and parameters: {'gradient_clip_val': 0.2677384774669498, 'hidden_size': 74, 'dropout': 0.29017751606243886, 'hidden_continuous_size': 32, 'attention_head_size': 4, 'learning_rate': 0.05115212521738316}. Best is trial 73 with value: 0.11430889368057251.
LOCAL_RANK: 0 - CUDA_VISIBLE_DEVICES: [0]
[I 2023-11-30 09:01:24,433] Trial 101 finished with value: 0.1900607794523239 and parameters: {'gradient_clip_val': 0.2486295676177522, 'hidden_size': 92, 'dropout': 0.2851930664744571, 'hidden_continuous_size': 29, 'attention_head_size': 4, 'learning_rate': 0.03179265340097566}. Best is trial 73 with value: 0.11430889368057251.
LOCAL_RANK: 0 - CUDA_VISIBLE_DEVICES: [0]
[I 2023-11-30 09:01:38,152] Trial 102 finished with value: 0.3082423210144043 and parameters: {'gradient_clip_val': 0.23654695655168725, 'hidden_size': 85, 'dropout': 0.2798503715509928, 'hidden_continuous_size': 28, 'attention_head_size': 4, 'learning_rate': 0.06837109805530414}. Best is trial 73 with value: 0.11430889368057251.
LOCAL_RANK: 0 - CUDA_VISIBLE_DEVICES: [0]
[I 2023-11-30 09:01:52,066] Trial 103 finished with value: 0.17001627385616302 and parameters: {'gradient_clip_val': 0.30890881435308, 'hidden_size': 99, 'dropout': 0.2835466872615262, 'hidden_continuous_size': 39, 'attention_head_size': 4, 'learning_rate': 0.04563244992858905}. Best is trial 73 with value: 0.11430889368057251.
LOCAL_RANK: 0 - CUDA_VISIBLE_DEVICES: [0]
[I 2023-11-30 09:02:05,533] Trial 104 finished with value: 0.1942201405763626 and parameters: {'gradient_clip_val': 0.270713532057178, 'hidden_size': 79, 'dropout': 0.29371086063204754, 'hidden_continuous_size': 26, 'attention_head_size': 4, 'learning_rate': 0.054673152435629285}. Best is trial 73 with value: 0.11430889368057251.
LOCAL_RANK: 0 - CUDA_VISIBLE_DEVICES: [0]
[I 2023-11-30 09:02:19,307] Trial 105 finished with value: 0.21689851582050323 and parameters: {'gradient_clip_val': 0.2540304102918582, 'hidden_size': 107, 'dropout': 0.2719989963448699, 'hidden_continuous_size': 24, 'attention_head_size': 4, 'learning_rate': 0.04074137102544379}. Best is trial 73 with value: 0.11430889368057251.
LOCAL_RANK: 0 - CUDA_VISIBLE_DEVICES: [0]
[I 2023-11-30 09:02:33,064] Trial 106 finished with value: 0.17191599309444427 and parameters: {'gradient_clip_val': 0.32410387197552154, 'hidden_size': 90, 'dropout': 0.31452450811799293, 'hidden_continuous_size': 37, 'attention_head_size': 4, 'learning_rate': 0.03652823135527168}. Best is trial 73 with value: 0.11430889368057251.
LOCAL_RANK: 0 - CUDA_VISIBLE_DEVICES: [0]
[I 2023-11-30 09:02:46,610] Trial 107 finished with value: 0.12056436389684677 and parameters: {'gradient_clip_val': 0.21847714273534996, 'hidden_size': 66, 'dropout': 0.26541344668866557, 'hidden_continuous_size': 31, 'attention_head_size': 4, 'learning_rate': 0.057475275382377136}. Best is trial 73 with value: 0.11430889368057251.
LOCAL_RANK: 0 - CUDA_VISIBLE_DEVICES: [0]
[I 2023-11-30 09:02:59,953] Trial 108 finished with value: 0.17738397419452667 and parameters: {'gradient_clip_val': 0.20756779431664732, 'hidden_size': 65, 'dropout': 0.32262132453002584, 'hidden_continuous_size': 31, 'attention_head_size': 4, 'learning_rate': 0.05668150509287367}. Best is trial 73 with value: 0.11430889368057251.
LOCAL_RANK: 0 - CUDA_VISIBLE_DEVICES: [0]
[I 2023-11-30 09:03:13,269] Trial 109 finished with value: 0.1385103017091751 and parameters: {'gradient_clip_val': 0.18770676270768957, 'hidden_size': 68, 'dropout': 0.30256915427496484, 'hidden_continuous_size': 33, 'attention_head_size': 4, 'learning_rate': 0.0496929836932079}. Best is trial 73 with value: 0.11430889368057251.
LOCAL_RANK: 0 - CUDA_VISIBLE_DEVICES: [0]
[I 2023-11-30 09:03:26,745] Trial 110 finished with value: 0.19907276332378387 and parameters: {'gradient_clip_val': 0.18751998806972925, 'hidden_size': 71, 'dropout': 0.3019909601471022, 'hidden_continuous_size': 35, 'attention_head_size': 4, 'learning_rate': 0.04951892393246169}. Best is trial 73 with value: 0.11430889368057251.
LOCAL_RANK: 0 - CUDA_VISIBLE_DEVICES: [0]
[I 2023-11-30 09:03:40,235] Trial 111 finished with value: 0.13777415454387665 and parameters: {'gradient_clip_val': 0.22420706786997466, 'hidden_size': 58, 'dropout': 0.261211895479645, 'hidden_continuous_size': 33, 'attention_head_size': 4, 'learning_rate': 0.06161341228812399}. Best is trial 73 with value: 0.11430889368057251.
LOCAL_RANK: 0 - CUDA_VISIBLE_DEVICES: [0]
[I 2023-11-30 09:03:53,784] Trial 112 finished with value: 0.17406028509140015 and parameters: {'gradient_clip_val': 0.21948668412014236, 'hidden_size': 55, 'dropout': 0.26715998487349396, 'hidden_continuous_size': 33, 'attention_head_size': 4, 'learning_rate': 0.060826973550410994}. Best is trial 73 with value: 0.11430889368057251.
LOCAL_RANK: 0 - CUDA_VISIBLE_DEVICES: [0]
[I 2023-11-30 09:04:06,995] Trial 113 finished with value: 0.16149885952472687 and parameters: {'gradient_clip_val': 0.2267388520303347, 'hidden_size': 68, 'dropout': 0.3077621414816433, 'hidden_continuous_size': 31, 'attention_head_size': 4, 'learning_rate': 0.04294757985258944}. Best is trial 73 with value: 0.11430889368057251.
LOCAL_RANK: 0 - CUDA_VISIBLE_DEVICES: [0]
[I 2023-11-30 09:04:20,305] Trial 114 finished with value: 0.2922021448612213 and parameters: {'gradient_clip_val': 0.19593229265452286, 'hidden_size': 66, 'dropout': 0.2596298609480001, 'hidden_continuous_size': 36, 'attention_head_size': 4, 'learning_rate': 0.03547694637749434}. Best is trial 73 with value: 0.11430889368057251.
LOCAL_RANK: 0 - CUDA_VISIBLE_DEVICES: [0]
[I 2023-11-30 09:04:33,955] Trial 115 finished with value: 0.17702285945415497 and parameters: {'gradient_clip_val': 0.23739523560560088, 'hidden_size': 77, 'dropout': 0.29529610265506323, 'hidden_continuous_size': 34, 'attention_head_size': 4, 'learning_rate': 0.029768386874738678}. Best is trial 73 with value: 0.11430889368057251.
LOCAL_RANK: 0 - CUDA_VISIBLE_DEVICES: [0]
[I 2023-11-30 09:04:47,599] Trial 116 finished with value: 0.36982235312461853 and parameters: {'gradient_clip_val': 0.28775848490237177, 'hidden_size': 74, 'dropout': 0.25267883215736175, 'hidden_continuous_size': 40, 'attention_head_size': 4, 'learning_rate': 0.05278372404825181}. Best is trial 73 with value: 0.11430889368057251.
LOCAL_RANK: 0 - CUDA_VISIBLE_DEVICES: [0]
[I 2023-11-30 09:05:01,233] Trial 117 finished with value: 0.1542007476091385 and parameters: {'gradient_clip_val': 0.21364866993850248, 'hidden_size': 62, 'dropout': 0.2904662129591783, 'hidden_continuous_size': 32, 'attention_head_size': 4, 'learning_rate': 0.04697045699419923}. Best is trial 73 with value: 0.11430889368057251.
LOCAL_RANK: 0 - CUDA_VISIBLE_DEVICES: [0]
[I 2023-11-30 09:05:14,646] Trial 118 finished with value: 0.13957010209560394 and parameters: {'gradient_clip_val': 0.2078585380241957, 'hidden_size': 59, 'dropout': 0.27496484869314436, 'hidden_continuous_size': 38, 'attention_head_size': 4, 'learning_rate': 0.08007687621977239}. Best is trial 73 with value: 0.11430889368057251.
LOCAL_RANK: 0 - CUDA_VISIBLE_DEVICES: [0]
[I 2023-11-30 09:05:27,960] Trial 119 finished with value: 0.13760606944561005 and parameters: {'gradient_clip_val': 0.16711952555762372, 'hidden_size': 60, 'dropout': 0.2642325813945695, 'hidden_continuous_size': 37, 'attention_head_size': 4, 'learning_rate': 0.0808005760121358}. Best is trial 73 with value: 0.11430889368057251.
LOCAL_RANK: 0 - CUDA_VISIBLE_DEVICES: [0]
[I 2023-11-30 09:05:41,387] Trial 120 finished with value: 0.1512509137392044 and parameters: {'gradient_clip_val': 0.1855565177863496, 'hidden_size': 59, 'dropout': 0.264211900941601, 'hidden_continuous_size': 38, 'attention_head_size': 4, 'learning_rate': 0.08063273030757595}. Best is trial 73 with value: 0.11430889368057251.
LOCAL_RANK: 0 - CUDA_VISIBLE_DEVICES: [0]
[I 2023-11-30 09:05:54,951] Trial 121 finished with value: 0.12495499104261398 and parameters: {'gradient_clip_val': 0.1534157544760106, 'hidden_size': 59, 'dropout': 0.27537258937019243, 'hidden_continuous_size': 35, 'attention_head_size': 4, 'learning_rate': 0.08534139709761362}. Best is trial 73 with value: 0.11430889368057251.
LOCAL_RANK: 0 - CUDA_VISIBLE_DEVICES: [0]
[I 2023-11-30 09:06:08,418] Trial 122 finished with value: 0.1307346373796463 and parameters: {'gradient_clip_val': 0.16608687082531676, 'hidden_size': 51, 'dropout': 0.2733555551646247, 'hidden_continuous_size': 36, 'attention_head_size': 4, 'learning_rate': 0.07037831418506205}. Best is trial 73 with value: 0.11430889368057251.
LOCAL_RANK: 0 - CUDA_VISIBLE_DEVICES: [0]
[I 2023-11-30 09:06:21,978] Trial 123 finished with value: 0.17873620986938477 and parameters: {'gradient_clip_val': 0.16593048994153248, 'hidden_size': 53, 'dropout': 0.2715702375433156, 'hidden_continuous_size': 36, 'attention_head_size': 4, 'learning_rate': 0.07292905216865332}. Best is trial 73 with value: 0.11430889368057251.
LOCAL_RANK: 0 - CUDA_VISIBLE_DEVICES: [0]
[I 2023-11-30 09:06:35,271] Trial 124 finished with value: 0.27170777320861816 and parameters: {'gradient_clip_val': 0.15334984219345954, 'hidden_size': 59, 'dropout': 0.2762275138869651, 'hidden_continuous_size': 37, 'attention_head_size': 4, 'learning_rate': 0.08135025188421735}. Best is trial 73 with value: 0.11430889368057251.
LOCAL_RANK: 0 - CUDA_VISIBLE_DEVICES: [0]
[I 2023-11-30 09:06:48,539] Trial 125 finished with value: 0.26802337169647217 and parameters: {'gradient_clip_val': 0.1621172503969717, 'hidden_size': 50, 'dropout': 0.25526423647703933, 'hidden_continuous_size': 34, 'attention_head_size': 4, 'learning_rate': 0.0650689593354693}. Best is trial 73 with value: 0.11430889368057251.
LOCAL_RANK: 0 - CUDA_VISIBLE_DEVICES: [0]
[I 2023-11-30 09:07:02,088] Trial 126 finished with value: 0.16508005559444427 and parameters: {'gradient_clip_val': 0.14600154102683457, 'hidden_size': 57, 'dropout': 0.2629222491428958, 'hidden_continuous_size': 35, 'attention_head_size': 4, 'learning_rate': 0.09401719326679726}. Best is trial 73 with value: 0.11430889368057251.
LOCAL_RANK: 0 - CUDA_VISIBLE_DEVICES: [0]
