[I 2023-11-30 09:46:08,284] Trial 149 finished with value: 0.194416344165802 and parameters: {'gradient_clip_val': 0.39002538847669277, 'hidden_size': 57, 'dropout': 0.12756476004213047, 'hidden_continuous_size': 55, 'attention_head_size': 1, 'learning_rate': 0.037626430469616605}. Best is trial 135 with value: 0.07914016395807266.
[I 2023-11-30 09:46:08,395] A new study created in memory with name: no-name-4fe1cfbb-c944-4571-814f-e8f8c8e3019e
/home/le004/conda/anaconda3/envs/tsff_env/lib/python3.9/site-packages/lightning/fabric/plugins/environments/slurm.py:191: The `srun` command is available on your system but is not used. HINT: If your intention is to run Lightning on SLURM, prepend your python command with `srun` like so: srun python /home/le004/master_thesis/git/TSFusionForecast/code/ ...
LOCAL_RANK: 0 - CUDA_VISIBLE_DEVICES: [0]
[I 2023-11-30 09:46:20,621] Trial 0 finished with value: 3.067711114883423 and parameters: {'gradient_clip_val': 0.15438061844798626, 'hidden_size': 22, 'dropout': 0.3871479913381448, 'hidden_continuous_size': 17, 'attention_head_size': 2, 'learning_rate': 0.0010016953690250604}. Best is trial 0 with value: 3.067711114883423.
LOCAL_RANK: 0 - CUDA_VISIBLE_DEVICES: [0]
[I 2023-11-30 09:46:31,164] Trial 1 finished with value: 1.4506282806396484 and parameters: {'gradient_clip_val': 0.15767970935130887, 'hidden_size': 18, 'dropout': 0.15127112851727997, 'hidden_continuous_size': 18, 'attention_head_size': 4, 'learning_rate': 0.0035373476193998055}. Best is trial 1 with value: 1.4506282806396484.
LOCAL_RANK: 0 - CUDA_VISIBLE_DEVICES: [0]
[I 2023-11-30 09:46:43,119] Trial 2 finished with value: 1.0004419088363647 and parameters: {'gradient_clip_val': 0.26057510178403065, 'hidden_size': 13, 'dropout': 0.12608853624549565, 'hidden_continuous_size': 10, 'attention_head_size': 1, 'learning_rate': 0.010252580739448694}. Best is trial 2 with value: 1.0004419088363647.
LOCAL_RANK: 0 - CUDA_VISIBLE_DEVICES: [0]
[I 2023-11-30 09:46:56,747] Trial 3 finished with value: 0.11503800004720688 and parameters: {'gradient_clip_val': 0.12754206022305098, 'hidden_size': 98, 'dropout': 0.24858292860840697, 'hidden_continuous_size': 24, 'attention_head_size': 2, 'learning_rate': 0.023783900729063508}. Best is trial 3 with value: 0.11503800004720688.
LOCAL_RANK: 0 - CUDA_VISIBLE_DEVICES: [0]
[I 2023-11-30 09:47:08,925] Trial 4 finished with value: 0.3696347773075104 and parameters: {'gradient_clip_val': 0.2957328962728041, 'hidden_size': 17, 'dropout': 0.37851646921030135, 'hidden_continuous_size': 11, 'attention_head_size': 2, 'learning_rate': 0.024338719525163064}. Best is trial 3 with value: 0.11503800004720688.
LOCAL_RANK: 0 - CUDA_VISIBLE_DEVICES: [0]
[I 2023-11-30 09:47:19,505] Trial 5 finished with value: 0.45936933159828186 and parameters: {'gradient_clip_val': 0.11330671102921203, 'hidden_size': 43, 'dropout': 0.22017993245273532, 'hidden_continuous_size': 43, 'attention_head_size': 2, 'learning_rate': 0.0038214875549615985}. Best is trial 3 with value: 0.11503800004720688.
LOCAL_RANK: 0 - CUDA_VISIBLE_DEVICES: [0]
[I 2023-11-30 09:47:32,435] Trial 6 finished with value: 0.13968975841999054 and parameters: {'gradient_clip_val': 0.8387382915985941, 'hidden_size': 42, 'dropout': 0.23180992057088867, 'hidden_continuous_size': 32, 'attention_head_size': 2, 'learning_rate': 0.047923686130035996}. Best is trial 3 with value: 0.11503800004720688.
LOCAL_RANK: 0 - CUDA_VISIBLE_DEVICES: [0]
[I 2023-11-30 09:47:47,021] Trial 7 finished with value: 0.1879330277442932 and parameters: {'gradient_clip_val': 0.3574876692798152, 'hidden_size': 137, 'dropout': 0.14298503169932394, 'hidden_continuous_size': 89, 'attention_head_size': 4, 'learning_rate': 0.01767598067331487}. Best is trial 3 with value: 0.11503800004720688.
LOCAL_RANK: 0 - CUDA_VISIBLE_DEVICES: [0]
[I 2023-11-30 09:48:00,950] Trial 8 finished with value: 0.14298738539218903 and parameters: {'gradient_clip_val': 0.40587966298796235, 'hidden_size': 104, 'dropout': 0.3676511915006827, 'hidden_continuous_size': 83, 'attention_head_size': 3, 'learning_rate': 0.016366129617955357}. Best is trial 3 with value: 0.11503800004720688.
LOCAL_RANK: 0 - CUDA_VISIBLE_DEVICES: [0]
[I 2023-11-30 09:48:13,797] Trial 9 finished with value: 1.4341983795166016 and parameters: {'gradient_clip_val': 0.14957018025094018, 'hidden_size': 30, 'dropout': 0.10542193219278298, 'hidden_continuous_size': 29, 'attention_head_size': 4, 'learning_rate': 0.00358195526942574}. Best is trial 3 with value: 0.11503800004720688.
LOCAL_RANK: 0 - CUDA_VISIBLE_DEVICES: [0]
[I 2023-11-30 09:48:26,987] Trial 10 finished with value: 0.15313459932804108 and parameters: {'gradient_clip_val': 0.10554250564526736, 'hidden_size': 80, 'dropout': 0.297160829546575, 'hidden_continuous_size': 19, 'attention_head_size': 1, 'learning_rate': 0.09855982587577652}. Best is trial 3 with value: 0.11503800004720688.
LOCAL_RANK: 0 - CUDA_VISIBLE_DEVICES: [0]
[I 2023-11-30 09:48:40,263] Trial 11 finished with value: 0.14775031805038452 and parameters: {'gradient_clip_val': 0.9158867439777035, 'hidden_size': 62, 'dropout': 0.23884793947131217, 'hidden_continuous_size': 30, 'attention_head_size': 3, 'learning_rate': 0.05394360003992761}. Best is trial 3 with value: 0.11503800004720688.
LOCAL_RANK: 0 - CUDA_VISIBLE_DEVICES: [0]
[I 2023-11-30 09:48:53,145] Trial 12 finished with value: 0.13365133106708527 and parameters: {'gradient_clip_val': 0.7609140439426593, 'hidden_size': 51, 'dropout': 0.20425256159420632, 'hidden_continuous_size': 26, 'attention_head_size': 2, 'learning_rate': 0.035308681595352005}. Best is trial 3 with value: 0.11503800004720688.
LOCAL_RANK: 0 - CUDA_VISIBLE_DEVICES: [0]
[I 2023-11-30 09:49:06,089] Trial 13 finished with value: 0.08762560039758682 and parameters: {'gradient_clip_val': 0.5842322621506993, 'hidden_size': 60, 'dropout': 0.18068955507689866, 'hidden_continuous_size': 23, 'attention_head_size': 1, 'learning_rate': 0.030538390165274105}. Best is trial 13 with value: 0.08762560039758682.
LOCAL_RANK: 0 - CUDA_VISIBLE_DEVICES: [0]
[I 2023-11-30 09:49:19,318] Trial 14 finished with value: 0.10058468580245972 and parameters: {'gradient_clip_val': 0.5600704229528274, 'hidden_size': 76, 'dropout': 0.27404735170197275, 'hidden_continuous_size': 22, 'attention_head_size': 1, 'learning_rate': 0.032701324706729644}. Best is trial 13 with value: 0.08762560039758682.
LOCAL_RANK: 0 - CUDA_VISIBLE_DEVICES: [0]
[I 2023-11-30 09:49:32,131] Trial 15 finished with value: 0.22465790808200836 and parameters: {'gradient_clip_val': 0.5668604664620841, 'hidden_size': 64, 'dropout': 0.1803567421684964, 'hidden_continuous_size': 13, 'attention_head_size': 1, 'learning_rate': 0.06682927697958382}. Best is trial 13 with value: 0.08762560039758682.
LOCAL_RANK: 0 - CUDA_VISIBLE_DEVICES: [0]
[I 2023-11-30 09:49:44,320] Trial 16 finished with value: 0.14951324462890625 and parameters: {'gradient_clip_val': 0.5566470650265567, 'hidden_size': 32, 'dropout': 0.2909170191931505, 'hidden_continuous_size': 15, 'attention_head_size': 1, 'learning_rate': 0.03463160926861493}. Best is trial 13 with value: 0.08762560039758682.
LOCAL_RANK: 0 - CUDA_VISIBLE_DEVICES: [0]
[I 2023-11-30 09:49:57,179] Trial 17 finished with value: 0.1312744915485382 and parameters: {'gradient_clip_val': 0.6055189715004856, 'hidden_size': 64, 'dropout': 0.1749626607687173, 'hidden_continuous_size': 21, 'attention_head_size': 1, 'learning_rate': 0.07277303312674983}. Best is trial 13 with value: 0.08762560039758682.
LOCAL_RANK: 0 - CUDA_VISIBLE_DEVICES: [0]
[I 2023-11-30 09:50:11,347] Trial 18 finished with value: 0.15390612185001373 and parameters: {'gradient_clip_val': 0.46861657125503003, 'hidden_size': 145, 'dropout': 0.27047377423469193, 'hidden_continuous_size': 41, 'attention_head_size': 1, 'learning_rate': 0.09972144239754797}. Best is trial 13 with value: 0.08762560039758682.
LOCAL_RANK: 0 - CUDA_VISIBLE_DEVICES: [0]
[I 2023-11-30 09:50:21,925] Trial 19 finished with value: 0.3834986388683319 and parameters: {'gradient_clip_val': 0.6915415650200151, 'hidden_size': 10, 'dropout': 0.19849271148648645, 'hidden_continuous_size': 10, 'attention_head_size': 3, 'learning_rate': 0.03625729085183437}. Best is trial 13 with value: 0.08762560039758682.
LOCAL_RANK: 0 - CUDA_VISIBLE_DEVICES: [0]
[I 2023-11-30 09:50:35,086] Trial 20 finished with value: 0.18819548189640045 and parameters: {'gradient_clip_val': 0.9793067885823341, 'hidden_size': 84, 'dropout': 0.32792530731350317, 'hidden_continuous_size': 22, 'attention_head_size': 1, 'learning_rate': 0.01190239501004324}. Best is trial 13 with value: 0.08762560039758682.
LOCAL_RANK: 0 - CUDA_VISIBLE_DEVICES: [0]
[I 2023-11-30 09:50:48,853] Trial 21 finished with value: 0.16051505506038666 and parameters: {'gradient_clip_val': 0.45464533501409665, 'hidden_size': 99, 'dropout': 0.25603670231278364, 'hidden_continuous_size': 22, 'attention_head_size': 2, 'learning_rate': 0.02335182139261535}. Best is trial 13 with value: 0.08762560039758682.
LOCAL_RANK: 0 - CUDA_VISIBLE_DEVICES: [0]
[I 2023-11-30 09:51:02,309] Trial 22 finished with value: 0.15327169001102448 and parameters: {'gradient_clip_val': 0.24352506951766978, 'hidden_size': 114, 'dropout': 0.2560315893331962, 'hidden_continuous_size': 14, 'attention_head_size': 1, 'learning_rate': 0.024842641525067242}. Best is trial 13 with value: 0.08762560039758682.
LOCAL_RANK: 0 - CUDA_VISIBLE_DEVICES: [0]
[I 2023-11-30 09:51:15,665] Trial 23 finished with value: 0.14765867590904236 and parameters: {'gradient_clip_val': 0.34812669615685987, 'hidden_size': 78, 'dropout': 0.2185127107043687, 'hidden_continuous_size': 24, 'attention_head_size': 2, 'learning_rate': 0.0424647452220519}. Best is trial 13 with value: 0.08762560039758682.
LOCAL_RANK: 0 - CUDA_VISIBLE_DEVICES: [0]
[I 2023-11-30 09:51:28,634] Trial 24 finished with value: 0.08785632997751236 and parameters: {'gradient_clip_val': 0.7006550744400333, 'hidden_size': 53, 'dropout': 0.2788960173189035, 'hidden_continuous_size': 19, 'attention_head_size': 1, 'learning_rate': 0.02864160984826315}. Best is trial 13 with value: 0.08762560039758682.
LOCAL_RANK: 0 - CUDA_VISIBLE_DEVICES: [0]
[I 2023-11-30 09:51:41,584] Trial 25 finished with value: 0.0966971144080162 and parameters: {'gradient_clip_val': 0.702340935208624, 'hidden_size': 58, 'dropout': 0.2781461278274129, 'hidden_continuous_size': 16, 'attention_head_size': 1, 'learning_rate': 0.055611054030000606}. Best is trial 13 with value: 0.08762560039758682.
LOCAL_RANK: 0 - CUDA_VISIBLE_DEVICES: [0]
[I 2023-11-30 09:51:54,221] Trial 26 finished with value: 0.09001442790031433 and parameters: {'gradient_clip_val': 0.7133369850496327, 'hidden_size': 52, 'dropout': 0.29866154158324987, 'hidden_continuous_size': 16, 'attention_head_size': 1, 'learning_rate': 0.060202465657836525}. Best is trial 13 with value: 0.08762560039758682.
LOCAL_RANK: 0 - CUDA_VISIBLE_DEVICES: [0]
[I 2023-11-30 09:52:07,087] Trial 27 finished with value: 0.0641268864274025 and parameters: {'gradient_clip_val': 0.8236543308590226, 'hidden_size': 50, 'dropout': 0.3186162652393737, 'hidden_continuous_size': 19, 'attention_head_size': 1, 'learning_rate': 0.0734892896959451}. Best is trial 27 with value: 0.0641268864274025.
LOCAL_RANK: 0 - CUDA_VISIBLE_DEVICES: [0]
[I 2023-11-30 09:52:19,647] Trial 28 finished with value: 0.08509350568056107 and parameters: {'gradient_clip_val': 0.9600725861095761, 'hidden_size': 35, 'dropout': 0.3268522063548016, 'hidden_continuous_size': 19, 'attention_head_size': 1, 'learning_rate': 0.07243394251759147}. Best is trial 27 with value: 0.0641268864274025.
LOCAL_RANK: 0 - CUDA_VISIBLE_DEVICES: [0]
[I 2023-11-30 09:52:32,245] Trial 29 finished with value: 0.1119791641831398 and parameters: {'gradient_clip_val': 0.9637477648249214, 'hidden_size': 31, 'dropout': 0.33467939542642305, 'hidden_continuous_size': 17, 'attention_head_size': 2, 'learning_rate': 0.07329184756509267}. Best is trial 27 with value: 0.0641268864274025.
LOCAL_RANK: 0 - CUDA_VISIBLE_DEVICES: [0]
[I 2023-11-30 09:52:44,670] Trial 30 finished with value: 0.12990732491016388 and parameters: {'gradient_clip_val': 0.8553764990587561, 'hidden_size': 37, 'dropout': 0.3957233990594181, 'hidden_continuous_size': 19, 'attention_head_size': 1, 'learning_rate': 0.04512137968199761}. Best is trial 27 with value: 0.0641268864274025.
LOCAL_RANK: 0 - CUDA_VISIBLE_DEVICES: [0]
[I 2023-11-30 09:52:57,561] Trial 31 finished with value: 0.15827979147434235 and parameters: {'gradient_clip_val': 0.8117486319572234, 'hidden_size': 45, 'dropout': 0.31766605980844814, 'hidden_continuous_size': 19, 'attention_head_size': 1, 'learning_rate': 0.08028937172419627}. Best is trial 27 with value: 0.0641268864274025.
LOCAL_RANK: 0 - CUDA_VISIBLE_DEVICES: [0]
[I 2023-11-30 09:53:09,777] Trial 32 finished with value: 0.13601872324943542 and parameters: {'gradient_clip_val': 0.6366939849860564, 'hidden_size': 26, 'dropout': 0.3530008939639792, 'hidden_continuous_size': 18, 'attention_head_size': 1, 'learning_rate': 0.050881593397899244}. Best is trial 27 with value: 0.0641268864274025.
LOCAL_RANK: 0 - CUDA_VISIBLE_DEVICES: [0]
[I 2023-11-30 09:53:22,179] Trial 33 finished with value: 0.16397595405578613 and parameters: {'gradient_clip_val': 0.9895181944443737, 'hidden_size': 37, 'dropout': 0.30923072091463993, 'hidden_continuous_size': 20, 'attention_head_size': 1, 'learning_rate': 0.08102730904475139}. Best is trial 27 with value: 0.0641268864274025.
LOCAL_RANK: 0 - CUDA_VISIBLE_DEVICES: [0]
[I 2023-11-30 09:53:35,000] Trial 34 finished with value: 0.10782422870397568 and parameters: {'gradient_clip_val': 0.7741388949073615, 'hidden_size': 50, 'dropout': 0.3401261632970421, 'hidden_continuous_size': 17, 'attention_head_size': 1, 'learning_rate': 0.09981659471696912}. Best is trial 27 with value: 0.0641268864274025.
LOCAL_RANK: 0 - CUDA_VISIBLE_DEVICES: [0]
[I 2023-11-30 09:53:47,191] Trial 35 finished with value: 0.15681138634681702 and parameters: {'gradient_clip_val': 0.841693385649977, 'hidden_size': 23, 'dropout': 0.31319540917329325, 'hidden_continuous_size': 17, 'attention_head_size': 2, 'learning_rate': 0.06095820077960832}. Best is trial 27 with value: 0.0641268864274025.
LOCAL_RANK: 0 - CUDA_VISIBLE_DEVICES: [0]
[I 2023-11-30 09:53:59,761] Trial 36 finished with value: 0.22632360458374023 and parameters: {'gradient_clip_val': 0.6341759692935516, 'hidden_size': 41, 'dropout': 0.3749959769841081, 'hidden_continuous_size': 20, 'attention_head_size': 1, 'learning_rate': 0.030003105394817785}. Best is trial 27 with value: 0.0641268864274025.
LOCAL_RANK: 0 - CUDA_VISIBLE_DEVICES: [0]
[I 2023-11-30 09:54:12,319] Trial 37 finished with value: 0.1713370680809021 and parameters: {'gradient_clip_val': 0.7633412492355675, 'hidden_size': 48, 'dropout': 0.3558007763304446, 'hidden_continuous_size': 13, 'attention_head_size': 2, 'learning_rate': 0.0428651966601129}. Best is trial 27 with value: 0.0641268864274025.
LOCAL_RANK: 0 - CUDA_VISIBLE_DEVICES: [0]
[I 2023-11-30 09:54:25,251] Trial 38 finished with value: 0.13743381202220917 and parameters: {'gradient_clip_val': 0.8879271584177647, 'hidden_size': 56, 'dropout': 0.32243104119421406, 'hidden_continuous_size': 24, 'attention_head_size': 1, 'learning_rate': 0.019307240889478286}. Best is trial 27 with value: 0.0641268864274025.
LOCAL_RANK: 0 - CUDA_VISIBLE_DEVICES: [0]
[I 2023-11-30 09:54:37,876] Trial 39 finished with value: 0.4800843894481659 and parameters: {'gradient_clip_val': 0.5014639831791518, 'hidden_size': 37, 'dropout': 0.2854431060874073, 'hidden_continuous_size': 18, 'attention_head_size': 2, 'learning_rate': 0.007057786708837347}. Best is trial 27 with value: 0.0641268864274025.
LOCAL_RANK: 0 - CUDA_VISIBLE_DEVICES: [0]
[I 2023-11-30 09:54:50,676] Trial 40 finished with value: 0.1970946043729782 and parameters: {'gradient_clip_val': 0.6448469080492784, 'hidden_size': 68, 'dropout': 0.2645387876869232, 'hidden_continuous_size': 12, 'attention_head_size': 3, 'learning_rate': 0.013797183490347316}. Best is trial 27 with value: 0.0641268864274025.
LOCAL_RANK: 0 - CUDA_VISIBLE_DEVICES: [0]
[I 2023-11-30 09:55:03,435] Trial 41 finished with value: 0.1089177131652832 and parameters: {'gradient_clip_val': 0.7253492526128589, 'hidden_size': 54, 'dropout': 0.29849373443954247, 'hidden_continuous_size': 14, 'attention_head_size': 1, 'learning_rate': 0.06254888809503792}. Best is trial 27 with value: 0.0641268864274025.
LOCAL_RANK: 0 - CUDA_VISIBLE_DEVICES: [0]
[I 2023-11-30 09:55:16,128] Trial 42 finished with value: 0.09129965305328369 and parameters: {'gradient_clip_val': 0.6979808231365404, 'hidden_size': 46, 'dropout': 0.2994693554477804, 'hidden_continuous_size': 16, 'attention_head_size': 1, 'learning_rate': 0.04736718815257748}. Best is trial 27 with value: 0.0641268864274025.
LOCAL_RANK: 0 - CUDA_VISIBLE_DEVICES: [0]
[I 2023-11-30 09:55:28,996] Trial 43 finished with value: 0.18469379842281342 and parameters: {'gradient_clip_val': 0.8404812938783619, 'hidden_size': 55, 'dropout': 0.30818086519372956, 'hidden_continuous_size': 20, 'attention_head_size': 1, 'learning_rate': 0.06132162469960539}. Best is trial 27 with value: 0.0641268864274025.
LOCAL_RANK: 0 - CUDA_VISIBLE_DEVICES: [0]
[I 2023-11-30 09:55:41,771] Trial 44 finished with value: 0.129961296916008 and parameters: {'gradient_clip_val': 0.9023132541163458, 'hidden_size': 43, 'dropout': 0.28458040549027547, 'hidden_continuous_size': 16, 'attention_head_size': 1, 'learning_rate': 0.027602179780428643}. Best is trial 27 with value: 0.0641268864274025.
LOCAL_RANK: 0 - CUDA_VISIBLE_DEVICES: [0]
[I 2023-11-30 09:55:54,490] Trial 45 finished with value: 0.17689745128154755 and parameters: {'gradient_clip_val': 0.7722693947825436, 'hidden_size': 50, 'dropout': 0.24455724643460935, 'hidden_continuous_size': 18, 'attention_head_size': 1, 'learning_rate': 0.04301519232151581}. Best is trial 27 with value: 0.0641268864274025.
LOCAL_RANK: 0 - CUDA_VISIBLE_DEVICES: [0]
[I 2023-11-30 09:56:07,464] Trial 46 finished with value: 0.18205495178699493 and parameters: {'gradient_clip_val': 0.6737450914441309, 'hidden_size': 60, 'dropout': 0.33450417308733926, 'hidden_continuous_size': 15, 'attention_head_size': 4, 'learning_rate': 0.020609483894709332}. Best is trial 27 with value: 0.0641268864274025.
LOCAL_RANK: 0 - CUDA_VISIBLE_DEVICES: [0]
[I 2023-11-30 09:56:20,698] Trial 47 finished with value: 0.11750271171331406 and parameters: {'gradient_clip_val': 0.5887841255433656, 'hidden_size': 68, 'dropout': 0.26335706572070466, 'hidden_continuous_size': 25, 'attention_head_size': 2, 'learning_rate': 0.02882624357415057}. Best is trial 27 with value: 0.0641268864274025.
LOCAL_RANK: 0 - CUDA_VISIBLE_DEVICES: [0]
[I 2023-11-30 09:56:33,296] Trial 48 finished with value: 0.09956280142068863 and parameters: {'gradient_clip_val': 0.5288716630973249, 'hidden_size': 34, 'dropout': 0.2925155865773961, 'hidden_continuous_size': 19, 'attention_head_size': 1, 'learning_rate': 0.03849422118839237}. Best is trial 27 with value: 0.0641268864274025.
LOCAL_RANK: 0 - CUDA_VISIBLE_DEVICES: [0]
[I 2023-11-30 09:56:46,166] Trial 49 finished with value: 0.12255895137786865 and parameters: {'gradient_clip_val': 0.7440450304024901, 'hidden_size': 41, 'dropout': 0.27689059089653845, 'hidden_continuous_size': 21, 'attention_head_size': 1, 'learning_rate': 0.052816306668599655}. Best is trial 27 with value: 0.0641268864274025.
LOCAL_RANK: 0 - CUDA_VISIBLE_DEVICES: [0]
[I 2023-11-30 09:56:58,467] Trial 50 finished with value: 0.1022060289978981 and parameters: {'gradient_clip_val': 0.9172476213872588, 'hidden_size': 27, 'dropout': 0.23895468720291335, 'hidden_continuous_size': 18, 'attention_head_size': 2, 'learning_rate': 0.08263859073341807}. Best is trial 27 with value: 0.0641268864274025.
LOCAL_RANK: 0 - CUDA_VISIBLE_DEVICES: [0]
[I 2023-11-30 09:57:11,353] Trial 51 finished with value: 0.14811955392360687 and parameters: {'gradient_clip_val': 0.6773264836500973, 'hidden_size': 47, 'dropout': 0.3039027838447994, 'hidden_continuous_size': 16, 'attention_head_size': 1, 'learning_rate': 0.05112903455877176}. Best is trial 27 with value: 0.0641268864274025.
LOCAL_RANK: 0 - CUDA_VISIBLE_DEVICES: [0]
[I 2023-11-30 09:57:23,985] Trial 52 finished with value: 0.08867040276527405 and parameters: {'gradient_clip_val': 0.5888229962486985, 'hidden_size': 47, 'dropout': 0.2998114745041399, 'hidden_continuous_size': 23, 'attention_head_size': 1, 'learning_rate': 0.03469246568837329}. Best is trial 27 with value: 0.0641268864274025.
LOCAL_RANK: 0 - CUDA_VISIBLE_DEVICES: [0]
[I 2023-11-30 09:57:36,848] Trial 53 finished with value: 0.15263491868972778 and parameters: {'gradient_clip_val': 0.5999979737569382, 'hidden_size': 53, 'dropout': 0.32366232894565966, 'hidden_continuous_size': 23, 'attention_head_size': 1, 'learning_rate': 0.033705060085961164}. Best is trial 27 with value: 0.0641268864274025.
LOCAL_RANK: 0 - CUDA_VISIBLE_DEVICES: [0]
[I 2023-11-30 09:57:49,305] Trial 54 finished with value: 0.162343367934227 and parameters: {'gradient_clip_val': 0.8104866784248326, 'hidden_size': 40, 'dropout': 0.2897449168559262, 'hidden_continuous_size': 21, 'attention_head_size': 1, 'learning_rate': 0.06271453870237981}. Best is trial 27 with value: 0.0641268864274025.
LOCAL_RANK: 0 - CUDA_VISIBLE_DEVICES: [0]
[I 2023-11-30 09:58:01,981] Trial 55 finished with value: 0.11615332961082458 and parameters: {'gradient_clip_val': 0.5242891721623915, 'hidden_size': 34, 'dropout': 0.31384745679943615, 'hidden_continuous_size': 23, 'attention_head_size': 1, 'learning_rate': 0.07057688868621637}. Best is trial 27 with value: 0.0641268864274025.
LOCAL_RANK: 0 - CUDA_VISIBLE_DEVICES: [0]
