[I 2023-11-30 10:48:02,892] Trial 139 finished with value: 0.18996526300907135 and parameters: {'gradient_clip_val': 0.3874743430760656, 'hidden_size': 37, 'dropout': 0.2813054609974274, 'hidden_continuous_size': 16, 'attention_head_size': 3, 'learning_rate': 0.08097003616409343}. Best is trial 121 with value: 0.11531982570886612.
LOCAL_RANK: 0 - CUDA_VISIBLE_DEVICES: [0]
[I 2023-11-30 10:48:15,824] Trial 140 finished with value: 0.20929495990276337 and parameters: {'gradient_clip_val': 0.273223010011015, 'hidden_size': 43, 'dropout': 0.24530063564030946, 'hidden_continuous_size': 27, 'attention_head_size': 3, 'learning_rate': 0.04564000784502118}. Best is trial 121 with value: 0.11531982570886612.
LOCAL_RANK: 0 - CUDA_VISIBLE_DEVICES: [0]
[I 2023-11-30 10:48:28,567] Trial 141 finished with value: 0.15983161330223083 and parameters: {'gradient_clip_val': 0.3594253731491412, 'hidden_size': 44, 'dropout': 0.27654379542383584, 'hidden_continuous_size': 22, 'attention_head_size': 3, 'learning_rate': 0.07224075908061785}. Best is trial 121 with value: 0.11531982570886612.
LOCAL_RANK: 0 - CUDA_VISIBLE_DEVICES: [0]
[I 2023-11-30 10:48:41,460] Trial 142 finished with value: 0.17479825019836426 and parameters: {'gradient_clip_val': 0.3709412242537273, 'hidden_size': 41, 'dropout': 0.28707378329599653, 'hidden_continuous_size': 24, 'attention_head_size': 3, 'learning_rate': 0.09997963935471985}. Best is trial 121 with value: 0.11531982570886612.
LOCAL_RANK: 0 - CUDA_VISIBLE_DEVICES: [0]
[I 2023-11-30 10:48:54,160] Trial 143 finished with value: 0.2040887027978897 and parameters: {'gradient_clip_val': 0.332386272216507, 'hidden_size': 31, 'dropout': 0.27495644670015, 'hidden_continuous_size': 22, 'attention_head_size': 3, 'learning_rate': 0.08952964221416561}. Best is trial 121 with value: 0.11531982570886612.
LOCAL_RANK: 0 - CUDA_VISIBLE_DEVICES: [0]
[I 2023-11-30 10:49:07,062] Trial 144 finished with value: 0.16025976836681366 and parameters: {'gradient_clip_val': 0.3985199942692002, 'hidden_size': 34, 'dropout': 0.25802427253373167, 'hidden_continuous_size': 21, 'attention_head_size': 3, 'learning_rate': 0.08311626172717242}. Best is trial 121 with value: 0.11531982570886612.
LOCAL_RANK: 0 - CUDA_VISIBLE_DEVICES: [0]
[I 2023-11-30 10:49:19,895] Trial 145 finished with value: 0.24723903834819794 and parameters: {'gradient_clip_val': 0.29295752825204396, 'hidden_size': 38, 'dropout': 0.30310436779740224, 'hidden_continuous_size': 23, 'attention_head_size': 3, 'learning_rate': 0.0641134785330032}. Best is trial 121 with value: 0.11531982570886612.
LOCAL_RANK: 0 - CUDA_VISIBLE_DEVICES: [0]
[I 2023-11-30 10:49:32,552] Trial 146 finished with value: 0.1686289757490158 and parameters: {'gradient_clip_val': 0.3505276239377354, 'hidden_size': 40, 'dropout': 0.26715003720579655, 'hidden_continuous_size': 21, 'attention_head_size': 3, 'learning_rate': 0.05206383698921991}. Best is trial 121 with value: 0.11531982570886612.
LOCAL_RANK: 0 - CUDA_VISIBLE_DEVICES: [0]
[I 2023-11-30 10:49:44,790] Trial 147 finished with value: 0.14641496539115906 and parameters: {'gradient_clip_val': 0.44087674604678734, 'hidden_size': 24, 'dropout': 0.2925917052547021, 'hidden_continuous_size': 22, 'attention_head_size': 3, 'learning_rate': 0.07201045246663776}. Best is trial 121 with value: 0.11531982570886612.
LOCAL_RANK: 0 - CUDA_VISIBLE_DEVICES: [0]
[I 2023-11-30 10:49:57,325] Trial 148 finished with value: 0.17413955926895142 and parameters: {'gradient_clip_val': 0.4230857401846162, 'hidden_size': 30, 'dropout': 0.2143590200054689, 'hidden_continuous_size': 18, 'attention_head_size': 3, 'learning_rate': 0.07731751485873008}. Best is trial 121 with value: 0.11531982570886612.
LOCAL_RANK: 0 - CUDA_VISIBLE_DEVICES: [0]
[I 2023-11-30 10:50:09,661] Trial 149 finished with value: 0.1467219740152359 and parameters: {'gradient_clip_val': 0.24658015614801151, 'hidden_size': 28, 'dropout': 0.23200252317031406, 'hidden_continuous_size': 12, 'attention_head_size': 3, 'learning_rate': 0.058272614311144326}. Best is trial 121 with value: 0.11531982570886612.
[I 2023-11-30 10:50:09,771] A new study created in memory with name: no-name-967590d8-a821-4405-8846-1b91a54d0733
/home/le004/conda/anaconda3/envs/tsff_env/lib/python3.9/site-packages/lightning/fabric/plugins/environments/slurm.py:191: The `srun` command is available on your system but is not used. HINT: If your intention is to run Lightning on SLURM, prepend your python command with `srun` like so: srun python /home/le004/master_thesis/git/TSFusionForecast/code/ ...
LOCAL_RANK: 0 - CUDA_VISIBLE_DEVICES: [0]
[I 2023-11-30 10:50:20,300] Trial 0 finished with value: 1.0421462059020996 and parameters: {'gradient_clip_val': 0.969681913820775, 'hidden_size': 13, 'dropout': 0.26651624604771795, 'hidden_continuous_size': 13, 'attention_head_size': 4, 'learning_rate': 0.025021476521696208}. Best is trial 0 with value: 1.0421462059020996.
LOCAL_RANK: 0 - CUDA_VISIBLE_DEVICES: [0]
[I 2023-11-30 10:50:33,838] Trial 1 finished with value: 0.20003728568553925 and parameters: {'gradient_clip_val': 0.36788521401902197, 'hidden_size': 59, 'dropout': 0.19675654865896397, 'hidden_continuous_size': 44, 'attention_head_size': 4, 'learning_rate': 0.009528601075597203}. Best is trial 1 with value: 0.20003728568553925.
LOCAL_RANK: 0 - CUDA_VISIBLE_DEVICES: [0]
[I 2023-11-30 10:50:45,858] Trial 2 finished with value: 0.27513328194618225 and parameters: {'gradient_clip_val': 0.7213768086498717, 'hidden_size': 17, 'dropout': 0.11878536758839267, 'hidden_continuous_size': 11, 'attention_head_size': 1, 'learning_rate': 0.037121026826234214}. Best is trial 1 with value: 0.20003728568553925.
LOCAL_RANK: 0 - CUDA_VISIBLE_DEVICES: [0]
[I 2023-11-30 10:50:57,962] Trial 3 finished with value: 1.7503862380981445 and parameters: {'gradient_clip_val': 0.45924524568068764, 'hidden_size': 22, 'dropout': 0.3824816283310063, 'hidden_continuous_size': 14, 'attention_head_size': 1, 'learning_rate': 0.0037271316269880915}. Best is trial 1 with value: 0.20003728568553925.
LOCAL_RANK: 0 - CUDA_VISIBLE_DEVICES: [0]
[I 2023-11-30 10:51:11,652] Trial 4 finished with value: 0.23463372886180878 and parameters: {'gradient_clip_val': 0.8416988500260939, 'hidden_size': 88, 'dropout': 0.3227167081333944, 'hidden_continuous_size': 33, 'attention_head_size': 2, 'learning_rate': 0.00527305792356316}. Best is trial 1 with value: 0.20003728568553925.
LOCAL_RANK: 0 - CUDA_VISIBLE_DEVICES: [0]
[I 2023-11-30 10:51:24,296] Trial 5 finished with value: 0.150053933262825 and parameters: {'gradient_clip_val': 0.19327580337967246, 'hidden_size': 59, 'dropout': 0.19410892806969055, 'hidden_continuous_size': 12, 'attention_head_size': 2, 'learning_rate': 0.03323843316830299}. Best is trial 5 with value: 0.150053933262825.
LOCAL_RANK: 0 - CUDA_VISIBLE_DEVICES: [0]
[I 2023-11-30 10:51:38,299] Trial 6 finished with value: 0.15783369541168213 and parameters: {'gradient_clip_val': 0.14559452659202074, 'hidden_size': 135, 'dropout': 0.22142591634276573, 'hidden_continuous_size': 63, 'attention_head_size': 1, 'learning_rate': 0.0316119145392}. Best is trial 5 with value: 0.150053933262825.
LOCAL_RANK: 0 - CUDA_VISIBLE_DEVICES: [0]
[I 2023-11-30 10:51:48,590] Trial 7 finished with value: 2.2359447479248047 and parameters: {'gradient_clip_val': 0.33418237546878476, 'hidden_size': 14, 'dropout': 0.3885482922981789, 'hidden_continuous_size': 14, 'attention_head_size': 1, 'learning_rate': 0.0016360593499232876}. Best is trial 5 with value: 0.150053933262825.
LOCAL_RANK: 0 - CUDA_VISIBLE_DEVICES: [0]
[I 2023-11-30 10:52:01,573] Trial 8 finished with value: 0.5774469971656799 and parameters: {'gradient_clip_val': 0.12043649441041919, 'hidden_size': 46, 'dropout': 0.21644374997201482, 'hidden_continuous_size': 27, 'attention_head_size': 3, 'learning_rate': 0.004828003063200352}. Best is trial 5 with value: 0.150053933262825.
LOCAL_RANK: 0 - CUDA_VISIBLE_DEVICES: [0]
[I 2023-11-30 10:52:15,019] Trial 9 finished with value: 0.5023460984230042 and parameters: {'gradient_clip_val': 0.478328980838033, 'hidden_size': 65, 'dropout': 0.2742028783303401, 'hidden_continuous_size': 39, 'attention_head_size': 1, 'learning_rate': 0.003329949884197449}. Best is trial 5 with value: 0.150053933262825.
LOCAL_RANK: 0 - CUDA_VISIBLE_DEVICES: [0]
[I 2023-11-30 10:52:27,432] Trial 10 finished with value: 0.1552848219871521 and parameters: {'gradient_clip_val': 0.1808368388668008, 'hidden_size': 30, 'dropout': 0.147395219473225, 'hidden_continuous_size': 10, 'attention_head_size': 3, 'learning_rate': 0.09857908092338281}. Best is trial 5 with value: 0.150053933262825.
LOCAL_RANK: 0 - CUDA_VISIBLE_DEVICES: [0]
[I 2023-11-30 10:52:39,749] Trial 11 finished with value: 0.11296925693750381 and parameters: {'gradient_clip_val': 0.19609225321594737, 'hidden_size': 31, 'dropout': 0.14321201121565502, 'hidden_continuous_size': 10, 'attention_head_size': 3, 'learning_rate': 0.08320488623964849}. Best is trial 11 with value: 0.11296925693750381.
LOCAL_RANK: 0 - CUDA_VISIBLE_DEVICES: [0]
[I 2023-11-30 10:52:51,892] Trial 12 finished with value: 0.18057359755039215 and parameters: {'gradient_clip_val': 0.21784826494185452, 'hidden_size': 32, 'dropout': 0.16344090533775235, 'hidden_continuous_size': 10, 'attention_head_size': 2, 'learning_rate': 0.08940651412215163}. Best is trial 11 with value: 0.11296925693750381.
LOCAL_RANK: 0 - CUDA_VISIBLE_DEVICES: [0]
[I 2023-11-30 10:53:02,214] Trial 13 finished with value: 0.4582018554210663 and parameters: {'gradient_clip_val': 0.21140043476754333, 'hidden_size': 10, 'dropout': 0.15883387805987786, 'hidden_continuous_size': 10, 'attention_head_size': 3, 'learning_rate': 0.051924908943344096}. Best is trial 11 with value: 0.11296925693750381.
LOCAL_RANK: 0 - CUDA_VISIBLE_DEVICES: [0]
[I 2023-11-30 10:53:15,735] Trial 14 finished with value: 0.784511387348175 and parameters: {'gradient_clip_val': 0.1110926287857476, 'hidden_size': 39, 'dropout': 0.1089346990511591, 'hidden_continuous_size': 17, 'attention_head_size': 2, 'learning_rate': 0.01832370765211829}. Best is trial 11 with value: 0.11296925693750381.
LOCAL_RANK: 0 - CUDA_VISIBLE_DEVICES: [0]
[I 2023-11-30 10:53:27,794] Trial 15 finished with value: 0.1907607764005661 and parameters: {'gradient_clip_val': 0.24759559773051842, 'hidden_size': 24, 'dropout': 0.18739761958521453, 'hidden_continuous_size': 12, 'attention_head_size': 3, 'learning_rate': 0.05583090058450387}. Best is trial 11 with value: 0.11296925693750381.
LOCAL_RANK: 0 - CUDA_VISIBLE_DEVICES: [0]
[I 2023-11-30 10:53:40,523] Trial 16 finished with value: 0.23102468252182007 and parameters: {'gradient_clip_val': 0.14467953880523474, 'hidden_size': 43, 'dropout': 0.1028180740151904, 'hidden_continuous_size': 18, 'attention_head_size': 2, 'learning_rate': 0.01749249068904977}. Best is trial 11 with value: 0.11296925693750381.
LOCAL_RANK: 0 - CUDA_VISIBLE_DEVICES: [0]
[I 2023-11-30 10:53:53,672] Trial 17 finished with value: 0.11283507198095322 and parameters: {'gradient_clip_val': 0.2691392527727495, 'hidden_size': 59, 'dropout': 0.23472745700042824, 'hidden_continuous_size': 20, 'attention_head_size': 4, 'learning_rate': 0.05388221189245218}. Best is trial 17 with value: 0.11283507198095322.
LOCAL_RANK: 0 - CUDA_VISIBLE_DEVICES: [0]
[I 2023-11-30 10:54:06,079] Trial 18 finished with value: 0.17217741906642914 and parameters: {'gradient_clip_val': 0.2704246610067301, 'hidden_size': 28, 'dropout': 0.24270814155204368, 'hidden_continuous_size': 16, 'attention_head_size': 4, 'learning_rate': 0.06324693647988934}. Best is trial 17 with value: 0.11283507198095322.
LOCAL_RANK: 0 - CUDA_VISIBLE_DEVICES: [0]
[I 2023-11-30 10:54:18,564] Trial 19 finished with value: 0.1403704732656479 and parameters: {'gradient_clip_val': 0.2934213382523638, 'hidden_size': 21, 'dropout': 0.13990437341396916, 'hidden_continuous_size': 13, 'attention_head_size': 4, 'learning_rate': 0.09687680380082223}. Best is trial 17 with value: 0.11283507198095322.
LOCAL_RANK: 0 - CUDA_VISIBLE_DEVICES: [0]
[I 2023-11-30 10:54:31,491] Trial 20 finished with value: 0.12615762650966644 and parameters: {'gradient_clip_val': 0.10064351354962102, 'hidden_size': 35, 'dropout': 0.2998109821053762, 'hidden_continuous_size': 20, 'attention_head_size': 4, 'learning_rate': 0.05458954690254085}. Best is trial 17 with value: 0.11283507198095322.
LOCAL_RANK: 0 - CUDA_VISIBLE_DEVICES: [0]
[I 2023-11-30 10:54:44,153] Trial 21 finished with value: 0.17231965065002441 and parameters: {'gradient_clip_val': 0.10413771832216404, 'hidden_size': 36, 'dropout': 0.2923844967081263, 'hidden_continuous_size': 20, 'attention_head_size': 4, 'learning_rate': 0.055599646285173616}. Best is trial 17 with value: 0.11283507198095322.
LOCAL_RANK: 0 - CUDA_VISIBLE_DEVICES: [0]
[I 2023-11-30 10:54:57,129] Trial 22 finished with value: 0.18362437188625336 and parameters: {'gradient_clip_val': 0.1609082610589354, 'hidden_size': 45, 'dropout': 0.310458803171238, 'hidden_continuous_size': 22, 'attention_head_size': 4, 'learning_rate': 0.043996990545068976}. Best is trial 17 with value: 0.11283507198095322.
LOCAL_RANK: 0 - CUDA_VISIBLE_DEVICES: [0]
[I 2023-11-30 10:55:09,509] Trial 23 finished with value: 0.1199793815612793 and parameters: {'gradient_clip_val': 0.14588205491986403, 'hidden_size': 27, 'dropout': 0.24625026100553266, 'hidden_continuous_size': 16, 'attention_head_size': 3, 'learning_rate': 0.0666254420136551}. Best is trial 17 with value: 0.11283507198095322.
LOCAL_RANK: 0 - CUDA_VISIBLE_DEVICES: [0]
[I 2023-11-30 10:55:21,956] Trial 24 finished with value: 0.17885057628154755 and parameters: {'gradient_clip_val': 0.22341107962607612, 'hidden_size': 22, 'dropout': 0.24095036668890268, 'hidden_continuous_size': 15, 'attention_head_size': 3, 'learning_rate': 0.0716982979480207}. Best is trial 17 with value: 0.11283507198095322.
LOCAL_RANK: 0 - CUDA_VISIBLE_DEVICES: [0]
[I 2023-11-30 10:55:34,373] Trial 25 finished with value: 0.13944171369075775 and parameters: {'gradient_clip_val': 0.17413638324391154, 'hidden_size': 29, 'dropout': 0.21970806069071602, 'hidden_continuous_size': 16, 'attention_head_size': 3, 'learning_rate': 0.07654508078743416}. Best is trial 17 with value: 0.11283507198095322.
LOCAL_RANK: 0 - CUDA_VISIBLE_DEVICES: [0]
[I 2023-11-30 10:55:46,685] Trial 26 finished with value: 0.15312081575393677 and parameters: {'gradient_clip_val': 0.1305660733262268, 'hidden_size': 27, 'dropout': 0.18288218631635011, 'hidden_continuous_size': 15, 'attention_head_size': 3, 'learning_rate': 0.040368837927456075}. Best is trial 17 with value: 0.11283507198095322.
LOCAL_RANK: 0 - CUDA_VISIBLE_DEVICES: [0]
[I 2023-11-30 10:55:59,594] Trial 27 finished with value: 0.11776604503393173 and parameters: {'gradient_clip_val': 0.15939431124645803, 'hidden_size': 49, 'dropout': 0.13778081213445745, 'hidden_continuous_size': 23, 'attention_head_size': 3, 'learning_rate': 0.06878951216639116}. Best is trial 17 with value: 0.11283507198095322.
LOCAL_RANK: 0 - CUDA_VISIBLE_DEVICES: [0]
[I 2023-11-30 10:56:12,485] Trial 28 finished with value: 0.11562030762434006 and parameters: {'gradient_clip_val': 0.24549743480636663, 'hidden_size': 48, 'dropout': 0.1257576167721025, 'hidden_continuous_size': 24, 'attention_head_size': 3, 'learning_rate': 0.023664724073384994}. Best is trial 17 with value: 0.11283507198095322.
LOCAL_RANK: 0 - CUDA_VISIBLE_DEVICES: [0]
[I 2023-11-30 10:56:26,343] Trial 29 finished with value: 0.15551024675369263 and parameters: {'gradient_clip_val': 0.24658035802999514, 'hidden_size': 77, 'dropout': 0.16392644339331836, 'hidden_continuous_size': 28, 'attention_head_size': 4, 'learning_rate': 0.022037610684562482}. Best is trial 17 with value: 0.11283507198095322.
LOCAL_RANK: 0 - CUDA_VISIBLE_DEVICES: [0]
[I 2023-11-30 10:56:39,228] Trial 30 finished with value: 0.2021586298942566 and parameters: {'gradient_clip_val': 0.1911438130515849, 'hidden_size': 52, 'dropout': 0.12875135684651381, 'hidden_continuous_size': 18, 'attention_head_size': 4, 'learning_rate': 0.02951069622084834}. Best is trial 17 with value: 0.11283507198095322.
LOCAL_RANK: 0 - CUDA_VISIBLE_DEVICES: [0]
[I 2023-11-30 10:56:52,273] Trial 31 finished with value: 0.11380060762166977 and parameters: {'gradient_clip_val': 0.2693909511240196, 'hidden_size': 50, 'dropout': 0.1321594768947754, 'hidden_continuous_size': 22, 'attention_head_size': 3, 'learning_rate': 0.04414266784432177}. Best is trial 17 with value: 0.11283507198095322.
LOCAL_RANK: 0 - CUDA_VISIBLE_DEVICES: [0]
[I 2023-11-30 10:57:05,339] Trial 32 finished with value: 0.19551019370555878 and parameters: {'gradient_clip_val': 0.2851847416509044, 'hidden_size': 39, 'dropout': 0.12298523832254557, 'hidden_continuous_size': 22, 'attention_head_size': 3, 'learning_rate': 0.027140621873981315}. Best is trial 17 with value: 0.11283507198095322.
LOCAL_RANK: 0 - CUDA_VISIBLE_DEVICES: [0]
[I 2023-11-30 10:57:18,477] Trial 33 finished with value: 0.12334855645895004 and parameters: {'gradient_clip_val': 0.32681095397993826, 'hidden_size': 54, 'dropout': 0.10048760426729361, 'hidden_continuous_size': 25, 'attention_head_size': 3, 'learning_rate': 0.043042522258515646}. Best is trial 17 with value: 0.11283507198095322.
LOCAL_RANK: 0 - CUDA_VISIBLE_DEVICES: [0]
[I 2023-11-30 10:57:32,199] Trial 34 finished with value: 0.1142052412033081 and parameters: {'gradient_clip_val': 0.23067343048232447, 'hidden_size': 66, 'dropout': 0.12505637388831678, 'hidden_continuous_size': 30, 'attention_head_size': 2, 'learning_rate': 0.023103645965511684}. Best is trial 17 with value: 0.11283507198095322.
LOCAL_RANK: 0 - CUDA_VISIBLE_DEVICES: [0]
[I 2023-11-30 10:57:45,388] Trial 35 finished with value: 0.12649579346179962 and parameters: {'gradient_clip_val': 0.33543551588855847, 'hidden_size': 66, 'dropout': 0.174732421817903, 'hidden_continuous_size': 29, 'attention_head_size': 2, 'learning_rate': 0.037829934965681114}. Best is trial 17 with value: 0.11283507198095322.
LOCAL_RANK: 0 - CUDA_VISIBLE_DEVICES: [0]
[I 2023-11-30 10:57:58,891] Trial 36 finished with value: 0.24175651371479034 and parameters: {'gradient_clip_val': 0.38911401382073707, 'hidden_size': 83, 'dropout': 0.14979656067780342, 'hidden_continuous_size': 33, 'attention_head_size': 2, 'learning_rate': 0.011951409759894865}. Best is trial 17 with value: 0.11283507198095322.
LOCAL_RANK: 0 - CUDA_VISIBLE_DEVICES: [0]
[I 2023-11-30 10:58:11,740] Trial 37 finished with value: 0.1481952965259552 and parameters: {'gradient_clip_val': 0.19929673220797053, 'hidden_size': 61, 'dropout': 0.20383387312386342, 'hidden_continuous_size': 11, 'attention_head_size': 2, 'learning_rate': 0.04513628318562689}. Best is trial 17 with value: 0.11283507198095322.
LOCAL_RANK: 0 - CUDA_VISIBLE_DEVICES: [0]
[I 2023-11-30 10:58:25,084] Trial 38 finished with value: 0.11401775479316711 and parameters: {'gradient_clip_val': 0.22965264898173385, 'hidden_size': 72, 'dropout': 0.11737135933741946, 'hidden_continuous_size': 20, 'attention_head_size': 2, 'learning_rate': 0.03463866447125606}. Best is trial 17 with value: 0.11283507198095322.
LOCAL_RANK: 0 - CUDA_VISIBLE_DEVICES: [0]
[I 2023-11-30 10:58:38,622] Trial 39 finished with value: 0.15327997505664825 and parameters: {'gradient_clip_val': 0.2729772952836502, 'hidden_size': 96, 'dropout': 0.17385459827904975, 'hidden_continuous_size': 13, 'attention_head_size': 4, 'learning_rate': 0.033025391509512746}. Best is trial 17 with value: 0.11283507198095322.
LOCAL_RANK: 0 - CUDA_VISIBLE_DEVICES: [0]
[I 2023-11-30 10:58:52,196] Trial 40 finished with value: 0.13118833303451538 and parameters: {'gradient_clip_val': 0.3782476497766128, 'hidden_size': 106, 'dropout': 0.11375914550716851, 'hidden_continuous_size': 19, 'attention_head_size': 1, 'learning_rate': 0.08260713332011863}. Best is trial 17 with value: 0.11283507198095322.
LOCAL_RANK: 0 - CUDA_VISIBLE_DEVICES: [0]
[I 2023-11-30 10:59:05,674] Trial 41 finished with value: 0.1643267422914505 and parameters: {'gradient_clip_val': 0.22294109562997735, 'hidden_size': 73, 'dropout': 0.1309853503790704, 'hidden_continuous_size': 20, 'attention_head_size': 2, 'learning_rate': 0.035901570947600346}. Best is trial 17 with value: 0.11283507198095322.
LOCAL_RANK: 0 - CUDA_VISIBLE_DEVICES: [0]
[I 2023-11-30 10:59:18,499] Trial 42 finished with value: 0.11400344967842102 and parameters: {'gradient_clip_val': 0.19804784488795385, 'hidden_size': 56, 'dropout': 0.11758956021235595, 'hidden_continuous_size': 21, 'attention_head_size': 2, 'learning_rate': 0.05212222931067269}. Best is trial 17 with value: 0.11283507198095322.
LOCAL_RANK: 0 - CUDA_VISIBLE_DEVICES: [0]
[I 2023-11-30 10:59:31,374] Trial 43 finished with value: 0.21225523948669434 and parameters: {'gradient_clip_val': 0.19888900049267733, 'hidden_size': 56, 'dropout': 0.11636264313542859, 'hidden_continuous_size': 21, 'attention_head_size': 2, 'learning_rate': 0.05234242857139706}. Best is trial 17 with value: 0.11283507198095322.
LOCAL_RANK: 0 - CUDA_VISIBLE_DEVICES: [0]
[I 2023-11-30 10:59:44,176] Trial 44 finished with value: 0.09011583775281906 and parameters: {'gradient_clip_val': 0.17838386133819295, 'hidden_size': 56, 'dropout': 0.1512531739403276, 'hidden_continuous_size': 25, 'attention_head_size': 2, 'learning_rate': 0.09994940776512212}. Best is trial 44 with value: 0.09011583775281906.
LOCAL_RANK: 0 - CUDA_VISIBLE_DEVICES: [0]
[I 2023-11-30 10:59:57,188] Trial 45 finished with value: 0.16142620146274567 and parameters: {'gradient_clip_val': 0.16829716128206015, 'hidden_size': 57, 'dropout': 0.14770226762725933, 'hidden_continuous_size': 25, 'attention_head_size': 1, 'learning_rate': 0.08798414236805192}. Best is trial 44 with value: 0.09011583775281906.
LOCAL_RANK: 0 - CUDA_VISIBLE_DEVICES: [0]
