[I 2023-11-30 04:29:41,010] Trial 56 finished with value: 0.0957094058394432 and parameters: {'gradient_clip_val': 0.40556627584995747, 'hidden_size': 37, 'dropout': 0.3247853082716232, 'hidden_continuous_size': 18, 'attention_head_size': 3, 'learning_rate': 0.0670849766361466}. Best is trial 28 with value: 0.07727085798978806.
LOCAL_RANK: 0 - CUDA_VISIBLE_DEVICES: [0]
[I 2023-11-30 04:29:53,881] Trial 57 finished with value: 0.11452903598546982 and parameters: {'gradient_clip_val': 0.3626624508357162, 'hidden_size': 50, 'dropout': 0.33469360348195626, 'hidden_continuous_size': 16, 'attention_head_size': 3, 'learning_rate': 0.09972302847949145}. Best is trial 28 with value: 0.07727085798978806.
LOCAL_RANK: 0 - CUDA_VISIBLE_DEVICES: [0]
[I 2023-11-30 04:30:07,927] Trial 58 finished with value: 0.10036977380514145 and parameters: {'gradient_clip_val': 0.45261628137332244, 'hidden_size': 69, 'dropout': 0.35803472188745705, 'hidden_continuous_size': 68, 'attention_head_size': 4, 'learning_rate': 0.037784137810108524}. Best is trial 28 with value: 0.07727085798978806.
LOCAL_RANK: 0 - CUDA_VISIBLE_DEVICES: [0]
[I 2023-11-30 04:30:20,576] Trial 59 finished with value: 0.09477883577346802 and parameters: {'gradient_clip_val': 0.5277996389006785, 'hidden_size': 37, 'dropout': 0.3399149833179983, 'hidden_continuous_size': 17, 'attention_head_size': 2, 'learning_rate': 0.07775995917473631}. Best is trial 28 with value: 0.07727085798978806.
LOCAL_RANK: 0 - CUDA_VISIBLE_DEVICES: [0]
[I 2023-11-30 04:30:33,604] Trial 60 finished with value: 0.09353610128164291 and parameters: {'gradient_clip_val': 0.9525932302787259, 'hidden_size': 59, 'dropout': 0.3047107619726155, 'hidden_continuous_size': 21, 'attention_head_size': 3, 'learning_rate': 0.05662732563070332}. Best is trial 28 with value: 0.07727085798978806.
LOCAL_RANK: 0 - CUDA_VISIBLE_DEVICES: [0]
[I 2023-11-30 04:30:46,565] Trial 61 finished with value: 0.08307915180921555 and parameters: {'gradient_clip_val': 0.9649710642933789, 'hidden_size': 57, 'dropout': 0.3031295889449301, 'hidden_continuous_size': 21, 'attention_head_size': 3, 'learning_rate': 0.058949467126530576}. Best is trial 28 with value: 0.07727085798978806.
LOCAL_RANK: 0 - CUDA_VISIBLE_DEVICES: [0]
[I 2023-11-30 04:30:59,480] Trial 62 finished with value: 0.0932990312576294 and parameters: {'gradient_clip_val': 0.988939597636009, 'hidden_size': 57, 'dropout': 0.307760591796878, 'hidden_continuous_size': 22, 'attention_head_size': 3, 'learning_rate': 0.05678835322378503}. Best is trial 28 with value: 0.07727085798978806.
LOCAL_RANK: 0 - CUDA_VISIBLE_DEVICES: [0]
[I 2023-11-30 04:31:12,425] Trial 63 finished with value: 0.13110454380512238 and parameters: {'gradient_clip_val': 0.9725520241916443, 'hidden_size': 56, 'dropout': 0.30356296982689657, 'hidden_continuous_size': 22, 'attention_head_size': 3, 'learning_rate': 0.04514611203261912}. Best is trial 28 with value: 0.07727085798978806.
LOCAL_RANK: 0 - CUDA_VISIBLE_DEVICES: [0]
[I 2023-11-30 04:31:25,394] Trial 64 finished with value: 0.11287063360214233 and parameters: {'gradient_clip_val': 0.8927349254741641, 'hidden_size': 46, 'dropout': 0.3209133832679539, 'hidden_continuous_size': 19, 'attention_head_size': 3, 'learning_rate': 0.058425139641878045}. Best is trial 28 with value: 0.07727085798978806.
LOCAL_RANK: 0 - CUDA_VISIBLE_DEVICES: [0]
[I 2023-11-30 04:31:38,488] Trial 65 finished with value: 0.09267726540565491 and parameters: {'gradient_clip_val': 0.8302248267110118, 'hidden_size': 54, 'dropout': 0.2892258012054958, 'hidden_continuous_size': 25, 'attention_head_size': 3, 'learning_rate': 0.06820228837283991}. Best is trial 28 with value: 0.07727085798978806.
LOCAL_RANK: 0 - CUDA_VISIBLE_DEVICES: [0]
[I 2023-11-30 04:31:51,833] Trial 66 finished with value: 0.07661587744951248 and parameters: {'gradient_clip_val': 0.8609630170875414, 'hidden_size': 68, 'dropout': 0.28989992255307595, 'hidden_continuous_size': 27, 'attention_head_size': 3, 'learning_rate': 0.06470998206969025}. Best is trial 66 with value: 0.07661587744951248.
LOCAL_RANK: 0 - CUDA_VISIBLE_DEVICES: [0]
[I 2023-11-30 04:32:05,539] Trial 67 finished with value: 0.09250622987747192 and parameters: {'gradient_clip_val': 0.8944219587598551, 'hidden_size': 72, 'dropout': 0.37020495551282506, 'hidden_continuous_size': 29, 'attention_head_size': 4, 'learning_rate': 0.03820561167481098}. Best is trial 66 with value: 0.07661587744951248.
LOCAL_RANK: 0 - CUDA_VISIBLE_DEVICES: [0]
[I 2023-11-30 04:32:18,904] Trial 68 finished with value: 0.10865835100412369 and parameters: {'gradient_clip_val': 0.7020391875643033, 'hidden_size': 64, 'dropout': 0.34724411674667643, 'hidden_continuous_size': 27, 'attention_head_size': 3, 'learning_rate': 0.04640618597795389}. Best is trial 66 with value: 0.07661587744951248.
LOCAL_RANK: 0 - CUDA_VISIBLE_DEVICES: [0]
[I 2023-11-30 04:32:32,266] Trial 69 finished with value: 0.16488459706306458 and parameters: {'gradient_clip_val': 0.8043751679988346, 'hidden_size': 81, 'dropout': 0.28564426691399314, 'hidden_continuous_size': 31, 'attention_head_size': 3, 'learning_rate': 0.08804974895557739}. Best is trial 66 with value: 0.07661587744951248.
LOCAL_RANK: 0 - CUDA_VISIBLE_DEVICES: [0]
[I 2023-11-30 04:32:45,934] Trial 70 finished with value: 0.07264667004346848 and parameters: {'gradient_clip_val': 0.2966813912612155, 'hidden_size': 99, 'dropout': 0.29684268231280453, 'hidden_continuous_size': 24, 'attention_head_size': 4, 'learning_rate': 0.07422218539472691}. Best is trial 70 with value: 0.07264667004346848.
LOCAL_RANK: 0 - CUDA_VISIBLE_DEVICES: [0]
[I 2023-11-30 04:32:59,684] Trial 71 finished with value: 0.12081289291381836 and parameters: {'gradient_clip_val': 0.29053879898114415, 'hidden_size': 116, 'dropout': 0.29846193228664647, 'hidden_continuous_size': 24, 'attention_head_size': 4, 'learning_rate': 0.06624104125989468}. Best is trial 70 with value: 0.07264667004346848.
LOCAL_RANK: 0 - CUDA_VISIBLE_DEVICES: [0]
[I 2023-11-30 04:33:13,558] Trial 72 finished with value: 0.0842355415225029 and parameters: {'gradient_clip_val': 0.339282056964617, 'hidden_size': 104, 'dropout': 0.31371334341971163, 'hidden_continuous_size': 35, 'attention_head_size': 4, 'learning_rate': 0.07424905888194566}. Best is trial 70 with value: 0.07264667004346848.
LOCAL_RANK: 0 - CUDA_VISIBLE_DEVICES: [0]
[I 2023-11-30 04:33:27,296] Trial 73 finished with value: 0.0765719786286354 and parameters: {'gradient_clip_val': 0.32609218107085264, 'hidden_size': 100, 'dropout': 0.31270212097738515, 'hidden_continuous_size': 36, 'attention_head_size': 4, 'learning_rate': 0.0761823150212924}. Best is trial 70 with value: 0.07264667004346848.
LOCAL_RANK: 0 - CUDA_VISIBLE_DEVICES: [0]
[I 2023-11-30 04:33:41,301] Trial 74 finished with value: 0.0966649278998375 and parameters: {'gradient_clip_val': 0.32591209875284854, 'hidden_size': 98, 'dropout': 0.3154574348301508, 'hidden_continuous_size': 35, 'attention_head_size': 4, 'learning_rate': 0.07467173709406756}. Best is trial 70 with value: 0.07264667004346848.
LOCAL_RANK: 0 - CUDA_VISIBLE_DEVICES: [0]
[I 2023-11-30 04:33:55,206] Trial 75 finished with value: 0.15537314116954803 and parameters: {'gradient_clip_val': 0.29701024716658214, 'hidden_size': 105, 'dropout': 0.29878554013843034, 'hidden_continuous_size': 33, 'attention_head_size': 4, 'learning_rate': 0.09076010077852076}. Best is trial 70 with value: 0.07264667004346848.
LOCAL_RANK: 0 - CUDA_VISIBLE_DEVICES: [0]
[I 2023-11-30 04:34:08,989] Trial 76 finished with value: 0.14013729989528656 and parameters: {'gradient_clip_val': 0.7846365633166583, 'hidden_size': 91, 'dropout': 0.27614411449364545, 'hidden_continuous_size': 38, 'attention_head_size': 4, 'learning_rate': 0.07737132747465542}. Best is trial 70 with value: 0.07264667004346848.
LOCAL_RANK: 0 - CUDA_VISIBLE_DEVICES: [0]
[I 2023-11-30 04:34:23,227] Trial 77 finished with value: 0.08193425089120865 and parameters: {'gradient_clip_val': 0.874073194479403, 'hidden_size': 134, 'dropout': 0.32561767083976695, 'hidden_continuous_size': 41, 'attention_head_size': 4, 'learning_rate': 0.05245057244358277}. Best is trial 70 with value: 0.07264667004346848.
LOCAL_RANK: 0 - CUDA_VISIBLE_DEVICES: [0]
[I 2023-11-30 04:34:37,585] Trial 78 finished with value: 0.10642004013061523 and parameters: {'gradient_clip_val': 0.8938686401649488, 'hidden_size': 143, 'dropout': 0.31035616309211983, 'hidden_continuous_size': 44, 'attention_head_size': 4, 'learning_rate': 0.05095416615546908}. Best is trial 70 with value: 0.07264667004346848.
LOCAL_RANK: 0 - CUDA_VISIBLE_DEVICES: [0]
[I 2023-11-30 04:34:51,813] Trial 79 finished with value: 0.11718865483999252 and parameters: {'gradient_clip_val': 0.7617945954020733, 'hidden_size': 119, 'dropout': 0.32783370450912874, 'hidden_continuous_size': 37, 'attention_head_size': 4, 'learning_rate': 0.09955459530869867}. Best is trial 70 with value: 0.07264667004346848.
LOCAL_RANK: 0 - CUDA_VISIBLE_DEVICES: [0]
[I 2023-11-30 04:35:05,671] Trial 80 finished with value: 0.17583489418029785 and parameters: {'gradient_clip_val': 0.8568857224017791, 'hidden_size': 111, 'dropout': 0.31723986253547837, 'hidden_continuous_size': 27, 'attention_head_size': 4, 'learning_rate': 0.07443304276826489}. Best is trial 70 with value: 0.07264667004346848.
LOCAL_RANK: 0 - CUDA_VISIBLE_DEVICES: [0]
[I 2023-11-30 04:35:19,835] Trial 81 finished with value: 0.08964797109365463 and parameters: {'gradient_clip_val': 0.6940123174707373, 'hidden_size': 129, 'dropout': 0.3238225377845332, 'hidden_continuous_size': 32, 'attention_head_size': 4, 'learning_rate': 0.08548430797997135}. Best is trial 70 with value: 0.07264667004346848.
LOCAL_RANK: 0 - CUDA_VISIBLE_DEVICES: [0]
[I 2023-11-30 04:35:33,578] Trial 82 finished with value: 0.11049505323171616 and parameters: {'gradient_clip_val': 0.9325783859511961, 'hidden_size': 100, 'dropout': 0.28368948116280224, 'hidden_continuous_size': 40, 'attention_head_size': 4, 'learning_rate': 0.06696653515559685}. Best is trial 70 with value: 0.07264667004346848.
LOCAL_RANK: 0 - CUDA_VISIBLE_DEVICES: [0]
[I 2023-11-30 04:35:47,455] Trial 83 finished with value: 0.09351734071969986 and parameters: {'gradient_clip_val': 0.33862131924562533, 'hidden_size': 93, 'dropout': 0.29269850203572684, 'hidden_continuous_size': 43, 'attention_head_size': 4, 'learning_rate': 0.05556117771297584}. Best is trial 70 with value: 0.07264667004346848.
LOCAL_RANK: 0 - CUDA_VISIBLE_DEVICES: [0]
[I 2023-11-30 04:36:01,933] Trial 84 finished with value: 0.1094115749001503 and parameters: {'gradient_clip_val': 0.8169747478422531, 'hidden_size': 142, 'dropout': 0.3102683620408259, 'hidden_continuous_size': 28, 'attention_head_size': 4, 'learning_rate': 0.049872312768112846}. Best is trial 70 with value: 0.07264667004346848.
LOCAL_RANK: 0 - CUDA_VISIBLE_DEVICES: [0]
[I 2023-11-30 04:36:15,941] Trial 85 finished with value: 0.08324649930000305 and parameters: {'gradient_clip_val': 0.7564541129246337, 'hidden_size': 123, 'dropout': 0.3320850741686665, 'hidden_continuous_size': 30, 'attention_head_size': 4, 'learning_rate': 0.07255321167903907}. Best is trial 70 with value: 0.07264667004346848.
LOCAL_RANK: 0 - CUDA_VISIBLE_DEVICES: [0]
[I 2023-11-30 04:36:29,764] Trial 86 finished with value: 0.09925829619169235 and parameters: {'gradient_clip_val': 0.7359130459170317, 'hidden_size': 123, 'dropout': 0.33090289930603545, 'hidden_continuous_size': 30, 'attention_head_size': 4, 'learning_rate': 0.07883141676558544}. Best is trial 70 with value: 0.07264667004346848.
LOCAL_RANK: 0 - CUDA_VISIBLE_DEVICES: [0]
[I 2023-11-30 04:36:43,770] Trial 87 finished with value: 0.10633521527051926 and parameters: {'gradient_clip_val': 0.8511642323729723, 'hidden_size': 110, 'dropout': 0.3413288989962234, 'hidden_continuous_size': 35, 'attention_head_size': 4, 'learning_rate': 0.08969595474615877}. Best is trial 70 with value: 0.07264667004346848.
LOCAL_RANK: 0 - CUDA_VISIBLE_DEVICES: [0]
[I 2023-11-30 04:36:58,085] Trial 88 finished with value: 0.14475280046463013 and parameters: {'gradient_clip_val': 0.7775453070345395, 'hidden_size': 136, 'dropout': 0.3015656710127382, 'hidden_continuous_size': 33, 'attention_head_size': 4, 'learning_rate': 0.06827183337881626}. Best is trial 70 with value: 0.07264667004346848.
LOCAL_RANK: 0 - CUDA_VISIBLE_DEVICES: [0]
[I 2023-11-30 04:37:12,049] Trial 89 finished with value: 0.19222666323184967 and parameters: {'gradient_clip_val': 0.9191077570950081, 'hidden_size': 128, 'dropout': 0.31941570760656285, 'hidden_continuous_size': 28, 'attention_head_size': 4, 'learning_rate': 0.07276942906744076}. Best is trial 70 with value: 0.07264667004346848.
LOCAL_RANK: 0 - CUDA_VISIBLE_DEVICES: [0]
[I 2023-11-30 04:37:25,579] Trial 90 finished with value: 0.10919497162103653 and parameters: {'gradient_clip_val': 0.6858520904461016, 'hidden_size': 104, 'dropout': 0.31319793931239975, 'hidden_continuous_size': 30, 'attention_head_size': 4, 'learning_rate': 0.05220133946485048}. Best is trial 70 with value: 0.07264667004346848.
LOCAL_RANK: 0 - CUDA_VISIBLE_DEVICES: [0]
[I 2023-11-30 04:37:39,902] Trial 91 finished with value: 0.09310842305421829 and parameters: {'gradient_clip_val': 0.8565959879781144, 'hidden_size': 150, 'dropout': 0.3266857377278259, 'hidden_continuous_size': 25, 'attention_head_size': 4, 'learning_rate': 0.06375265316842604}. Best is trial 70 with value: 0.07264667004346848.
LOCAL_RANK: 0 - CUDA_VISIBLE_DEVICES: [0]
[I 2023-11-30 04:37:53,710] Trial 92 finished with value: 0.13336676359176636 and parameters: {'gradient_clip_val': 0.9959525414579445, 'hidden_size': 113, 'dropout': 0.3351024252518379, 'hidden_continuous_size': 27, 'attention_head_size': 4, 'learning_rate': 0.08496383236865333}. Best is trial 70 with value: 0.07264667004346848.
LOCAL_RANK: 0 - CUDA_VISIBLE_DEVICES: [0]
[I 2023-11-30 04:38:07,995] Trial 93 finished with value: 0.19015638530254364 and parameters: {'gradient_clip_val': 0.28490868618709636, 'hidden_size': 121, 'dropout': 0.29218735730143797, 'hidden_continuous_size': 32, 'attention_head_size': 4, 'learning_rate': 0.06343251631769467}. Best is trial 70 with value: 0.07264667004346848.
LOCAL_RANK: 0 - CUDA_VISIBLE_DEVICES: [0]
[I 2023-11-30 04:38:21,285] Trial 94 finished with value: 0.10944851487874985 and parameters: {'gradient_clip_val': 0.31194905043316473, 'hidden_size': 83, 'dropout': 0.3061290483343313, 'hidden_continuous_size': 23, 'attention_head_size': 1, 'learning_rate': 0.04225516087471316}. Best is trial 70 with value: 0.07264667004346848.
LOCAL_RANK: 0 - CUDA_VISIBLE_DEVICES: [0]
[I 2023-11-30 04:38:35,488] Trial 95 finished with value: 0.09556889533996582 and parameters: {'gradient_clip_val': 0.9344950726455773, 'hidden_size': 134, 'dropout': 0.3453616747770177, 'hidden_continuous_size': 26, 'attention_head_size': 4, 'learning_rate': 0.059882757599402335}. Best is trial 70 with value: 0.07264667004346848.
LOCAL_RANK: 0 - CUDA_VISIBLE_DEVICES: [0]
[I 2023-11-30 04:38:49,195] Trial 96 finished with value: 0.06743515282869339 and parameters: {'gradient_clip_val': 0.5943922603802801, 'hidden_size': 75, 'dropout': 0.2679479071096478, 'hidden_continuous_size': 45, 'attention_head_size': 4, 'learning_rate': 0.07319264246159568}. Best is trial 96 with value: 0.06743515282869339.
LOCAL_RANK: 0 - CUDA_VISIBLE_DEVICES: [0]
[I 2023-11-30 04:39:03,345] Trial 97 finished with value: 0.18717581033706665 and parameters: {'gradient_clip_val': 0.6239418783786724, 'hidden_size': 94, 'dropout': 0.2630030422247432, 'hidden_continuous_size': 45, 'attention_head_size': 4, 'learning_rate': 0.07234232755314968}. Best is trial 96 with value: 0.06743515282869339.
LOCAL_RANK: 0 - CUDA_VISIBLE_DEVICES: [0]
[I 2023-11-30 04:39:16,968] Trial 98 finished with value: 0.10591673105955124 and parameters: {'gradient_clip_val': 0.5947760887012988, 'hidden_size': 76, 'dropout': 0.2963408714489573, 'hidden_continuous_size': 41, 'attention_head_size': 4, 'learning_rate': 0.08118875271978637}. Best is trial 96 with value: 0.06743515282869339.
LOCAL_RANK: 0 - CUDA_VISIBLE_DEVICES: [0]
[I 2023-11-30 04:39:30,865] Trial 99 finished with value: 0.19294901192188263 and parameters: {'gradient_clip_val': 0.7441825885481348, 'hidden_size': 106, 'dropout': 0.3200273756761916, 'hidden_continuous_size': 48, 'attention_head_size': 4, 'learning_rate': 0.09087633674192472}. Best is trial 96 with value: 0.06743515282869339.
LOCAL_RANK: 0 - CUDA_VISIBLE_DEVICES: [0]
[I 2023-11-30 04:39:44,743] Trial 100 finished with value: 0.07634902000427246 and parameters: {'gradient_clip_val': 0.668924653446051, 'hidden_size': 91, 'dropout': 0.27983564441510805, 'hidden_continuous_size': 39, 'attention_head_size': 4, 'learning_rate': 0.05409335624235376}. Best is trial 96 with value: 0.06743515282869339.
LOCAL_RANK: 0 - CUDA_VISIBLE_DEVICES: [0]
[I 2023-11-30 04:39:58,624] Trial 101 finished with value: 0.09555085748434067 and parameters: {'gradient_clip_val': 0.6585438078603391, 'hidden_size': 84, 'dropout': 0.28665906705737404, 'hidden_continuous_size': 39, 'attention_head_size': 4, 'learning_rate': 0.05515818910424341}. Best is trial 96 with value: 0.06743515282869339.
LOCAL_RANK: 0 - CUDA_VISIBLE_DEVICES: [0]
[I 2023-11-30 04:40:12,410] Trial 102 finished with value: 0.10509747266769409 and parameters: {'gradient_clip_val': 0.6735118614877884, 'hidden_size': 93, 'dropout': 0.26994538516281785, 'hidden_continuous_size': 41, 'attention_head_size': 4, 'learning_rate': 0.04568605785359272}. Best is trial 96 with value: 0.06743515282869339.
LOCAL_RANK: 0 - CUDA_VISIBLE_DEVICES: [0]
[I 2023-11-30 04:40:26,266] Trial 103 finished with value: 0.10818919539451599 and parameters: {'gradient_clip_val': 0.7184535171335391, 'hidden_size': 86, 'dropout': 0.28122476898228704, 'hidden_continuous_size': 37, 'attention_head_size': 4, 'learning_rate': 0.07189762697162029}. Best is trial 96 with value: 0.06743515282869339.
LOCAL_RANK: 0 - CUDA_VISIBLE_DEVICES: [0]
[I 2023-11-30 04:40:40,151] Trial 104 finished with value: 0.07423453778028488 and parameters: {'gradient_clip_val': 0.7971327571028872, 'hidden_size': 100, 'dropout': 0.3020248788277086, 'hidden_continuous_size': 52, 'attention_head_size': 4, 'learning_rate': 0.048699234367955785}. Best is trial 96 with value: 0.06743515282869339.
LOCAL_RANK: 0 - CUDA_VISIBLE_DEVICES: [0]
[I 2023-11-30 04:40:53,974] Trial 105 finished with value: 0.13740992546081543 and parameters: {'gradient_clip_val': 0.79359569145474, 'hidden_size': 76, 'dropout': 0.30345896239639225, 'hidden_continuous_size': 45, 'attention_head_size': 4, 'learning_rate': 0.051127150668462296}. Best is trial 96 with value: 0.06743515282869339.
LOCAL_RANK: 0 - CUDA_VISIBLE_DEVICES: [0]
[I 2023-11-30 04:41:07,942] Trial 106 finished with value: 0.2092238813638687 and parameters: {'gradient_clip_val': 0.6313920853743432, 'hidden_size': 89, 'dropout': 0.2796850943015125, 'hidden_continuous_size': 53, 'attention_head_size': 4, 'learning_rate': 0.04778133915614276}. Best is trial 96 with value: 0.06743515282869339.
LOCAL_RANK: 0 - CUDA_VISIBLE_DEVICES: [0]
[I 2023-11-30 04:41:21,830] Trial 107 finished with value: 0.12454064935445786 and parameters: {'gradient_clip_val': 0.7570047115986961, 'hidden_size': 98, 'dropout': 0.2947026629172407, 'hidden_continuous_size': 47, 'attention_head_size': 4, 'learning_rate': 0.04180005637401874}. Best is trial 96 with value: 0.06743515282869339.
LOCAL_RANK: 0 - CUDA_VISIBLE_DEVICES: [0]
[I 2023-11-30 04:41:35,850] Trial 108 finished with value: 0.1004006639122963 and parameters: {'gradient_clip_val': 0.5692207401048236, 'hidden_size': 67, 'dropout': 0.28948902824603434, 'hidden_continuous_size': 42, 'attention_head_size': 4, 'learning_rate': 0.06265633955385806}. Best is trial 96 with value: 0.06743515282869339.
LOCAL_RANK: 0 - CUDA_VISIBLE_DEVICES: [0]
[I 2023-11-30 04:41:49,800] Trial 109 finished with value: 0.0734841451048851 and parameters: {'gradient_clip_val': 0.8130493404466487, 'hidden_size': 88, 'dropout': 0.30668693465191194, 'hidden_continuous_size': 51, 'attention_head_size': 4, 'learning_rate': 0.0552018064044992}. Best is trial 96 with value: 0.06743515282869339.
LOCAL_RANK: 0 - CUDA_VISIBLE_DEVICES: [0]
[I 2023-11-30 04:42:03,502] Trial 110 finished with value: 0.07431423664093018 and parameters: {'gradient_clip_val': 0.8303654489415823, 'hidden_size': 80, 'dropout': 0.2993624129724256, 'hidden_continuous_size': 52, 'attention_head_size': 4, 'learning_rate': 0.05466102115958273}. Best is trial 96 with value: 0.06743515282869339.
LOCAL_RANK: 0 - CUDA_VISIBLE_DEVICES: [0]
[I 2023-11-30 04:42:17,202] Trial 111 finished with value: 0.17609618604183197 and parameters: {'gradient_clip_val': 0.8281871140351655, 'hidden_size': 89, 'dropout': 0.3072332612133702, 'hidden_continuous_size': 43, 'attention_head_size': 4, 'learning_rate': 0.05430454873425407}. Best is trial 96 with value: 0.06743515282869339.
LOCAL_RANK: 0 - CUDA_VISIBLE_DEVICES: [0]
[I 2023-11-30 04:42:30,966] Trial 112 finished with value: 0.09027981758117676 and parameters: {'gradient_clip_val': 0.8899522828273165, 'hidden_size': 77, 'dropout': 0.2986517276527947, 'hidden_continuous_size': 51, 'attention_head_size': 4, 'learning_rate': 0.058107567026816735}. Best is trial 96 with value: 0.06743515282869339.
LOCAL_RANK: 0 - CUDA_VISIBLE_DEVICES: [0]
[I 2023-11-30 04:42:45,100] Trial 113 finished with value: 0.10815924406051636 and parameters: {'gradient_clip_val': 0.7144136477807298, 'hidden_size': 82, 'dropout': 0.28634678886453946, 'hidden_continuous_size': 57, 'attention_head_size': 4, 'learning_rate': 0.035989734949121575}. Best is trial 96 with value: 0.06743515282869339.
LOCAL_RANK: 0 - CUDA_VISIBLE_DEVICES: [0]
