[I 2023-11-30 03:06:17,076] Trial 103 finished with value: 0.14301271736621857 and parameters: {'gradient_clip_val': 0.584396358056772, 'hidden_size': 45, 'dropout': 0.3649428856002889, 'hidden_continuous_size': 20, 'attention_head_size': 3, 'learning_rate': 0.047494603806630245}. Best is trial 87 with value: 0.10035955905914307.
LOCAL_RANK: 0 - CUDA_VISIBLE_DEVICES: [0]
[I 2023-11-30 03:06:29,965] Trial 104 finished with value: 0.15764951705932617 and parameters: {'gradient_clip_val': 0.8610642576588701, 'hidden_size': 38, 'dropout': 0.3745557947871044, 'hidden_continuous_size': 18, 'attention_head_size': 3, 'learning_rate': 0.07007720383310478}. Best is trial 87 with value: 0.10035955905914307.
LOCAL_RANK: 0 - CUDA_VISIBLE_DEVICES: [0]
[I 2023-11-30 03:06:42,867] Trial 105 finished with value: 0.14453445374965668 and parameters: {'gradient_clip_val': 0.4753061088097368, 'hidden_size': 50, 'dropout': 0.3374929545464472, 'hidden_continuous_size': 15, 'attention_head_size': 3, 'learning_rate': 0.05801105270990098}. Best is trial 87 with value: 0.10035955905914307.
LOCAL_RANK: 0 - CUDA_VISIBLE_DEVICES: [0]
[I 2023-11-30 03:06:55,269] Trial 106 finished with value: 0.20633883774280548 and parameters: {'gradient_clip_val': 0.44413782781446026, 'hidden_size': 30, 'dropout': 0.3569986726290945, 'hidden_continuous_size': 16, 'attention_head_size': 3, 'learning_rate': 0.041276456722173636}. Best is trial 87 with value: 0.10035955905914307.
LOCAL_RANK: 0 - CUDA_VISIBLE_DEVICES: [0]
[I 2023-11-30 03:07:08,041] Trial 107 finished with value: 0.16214795410633087 and parameters: {'gradient_clip_val': 0.7398378363443064, 'hidden_size': 43, 'dropout': 0.33063582461681457, 'hidden_continuous_size': 19, 'attention_head_size': 3, 'learning_rate': 0.06529537878563695}. Best is trial 87 with value: 0.10035955905914307.
LOCAL_RANK: 0 - CUDA_VISIBLE_DEVICES: [0]
[I 2023-11-30 03:07:21,028] Trial 108 finished with value: 0.15395309031009674 and parameters: {'gradient_clip_val': 0.6867876544358325, 'hidden_size': 53, 'dropout': 0.30416975722343814, 'hidden_continuous_size': 24, 'attention_head_size': 3, 'learning_rate': 0.0794986566912708}. Best is trial 87 with value: 0.10035955905914307.
LOCAL_RANK: 0 - CUDA_VISIBLE_DEVICES: [0]
[I 2023-11-30 03:07:33,491] Trial 109 finished with value: 0.20308180153369904 and parameters: {'gradient_clip_val': 0.637314126028394, 'hidden_size': 32, 'dropout': 0.3804815336595032, 'hidden_continuous_size': 17, 'attention_head_size': 2, 'learning_rate': 0.053573088668892106}. Best is trial 87 with value: 0.10035955905914307.
LOCAL_RANK: 0 - CUDA_VISIBLE_DEVICES: [0]
[I 2023-11-30 03:07:46,356] Trial 110 finished with value: 0.19534485042095184 and parameters: {'gradient_clip_val': 0.7916854509713338, 'hidden_size': 57, 'dropout': 0.31752568503645234, 'hidden_continuous_size': 15, 'attention_head_size': 3, 'learning_rate': 0.0915352857117831}. Best is trial 87 with value: 0.10035955905914307.
LOCAL_RANK: 0 - CUDA_VISIBLE_DEVICES: [0]
[I 2023-11-30 03:07:59,041] Trial 111 finished with value: 0.15322910249233246 and parameters: {'gradient_clip_val': 0.564204262190048, 'hidden_size': 45, 'dropout': 0.38949275347168993, 'hidden_continuous_size': 18, 'attention_head_size': 3, 'learning_rate': 0.07235462141271168}. Best is trial 87 with value: 0.10035955905914307.
LOCAL_RANK: 0 - CUDA_VISIBLE_DEVICES: [0]
[I 2023-11-30 03:08:11,801] Trial 112 finished with value: 0.1708531379699707 and parameters: {'gradient_clip_val': 0.8390878610427374, 'hidden_size': 48, 'dropout': 0.3938737260311346, 'hidden_continuous_size': 23, 'attention_head_size': 3, 'learning_rate': 0.05795254101284448}. Best is trial 87 with value: 0.10035955905914307.
LOCAL_RANK: 0 - CUDA_VISIBLE_DEVICES: [0]
[I 2023-11-30 03:08:24,340] Trial 113 finished with value: 0.24422931671142578 and parameters: {'gradient_clip_val': 0.7005212099511319, 'hidden_size': 40, 'dropout': 0.3865785262283809, 'hidden_continuous_size': 19, 'attention_head_size': 3, 'learning_rate': 0.036437316438574605}. Best is trial 87 with value: 0.10035955905914307.
LOCAL_RANK: 0 - CUDA_VISIBLE_DEVICES: [0]
[I 2023-11-30 03:08:37,249] Trial 114 finished with value: 0.266048401594162 and parameters: {'gradient_clip_val': 0.5972418744593773, 'hidden_size': 42, 'dropout': 0.37370949579137985, 'hidden_continuous_size': 20, 'attention_head_size': 3, 'learning_rate': 0.048274888321392685}. Best is trial 87 with value: 0.10035955905914307.
LOCAL_RANK: 0 - CUDA_VISIBLE_DEVICES: [0]
[I 2023-11-30 03:08:49,948] Trial 115 finished with value: 0.22628919780254364 and parameters: {'gradient_clip_val': 0.6564675306067046, 'hidden_size': 38, 'dropout': 0.3612793335219419, 'hidden_continuous_size': 25, 'attention_head_size': 3, 'learning_rate': 0.03275990846019334}. Best is trial 87 with value: 0.10035955905914307.
LOCAL_RANK: 0 - CUDA_VISIBLE_DEVICES: [0]
[I 2023-11-30 03:09:02,557] Trial 116 finished with value: 0.22839240729808807 and parameters: {'gradient_clip_val': 0.7682333503707409, 'hidden_size': 34, 'dropout': 0.3825803436673202, 'hidden_continuous_size': 17, 'attention_head_size': 3, 'learning_rate': 0.06424207296979544}. Best is trial 87 with value: 0.10035955905914307.
LOCAL_RANK: 0 - CUDA_VISIBLE_DEVICES: [0]
[I 2023-11-30 03:09:15,185] Trial 117 finished with value: 0.18796761333942413 and parameters: {'gradient_clip_val': 0.51489851980797, 'hidden_size': 45, 'dropout': 0.3956040077380387, 'hidden_continuous_size': 18, 'attention_head_size': 2, 'learning_rate': 0.08323727049302689}. Best is trial 87 with value: 0.10035955905914307.
LOCAL_RANK: 0 - CUDA_VISIBLE_DEVICES: [0]
[I 2023-11-30 03:09:28,350] Trial 118 finished with value: 0.1354171186685562 and parameters: {'gradient_clip_val': 0.5485519277093743, 'hidden_size': 51, 'dropout': 0.36718919402010364, 'hidden_continuous_size': 21, 'attention_head_size': 4, 'learning_rate': 0.044466093448522884}. Best is trial 87 with value: 0.10035955905914307.
LOCAL_RANK: 0 - CUDA_VISIBLE_DEVICES: [0]
[I 2023-11-30 03:09:41,162] Trial 119 finished with value: 0.15964655578136444 and parameters: {'gradient_clip_val': 0.4747243505638315, 'hidden_size': 48, 'dropout': 0.3478527833628885, 'hidden_continuous_size': 16, 'attention_head_size': 3, 'learning_rate': 0.07387484697041519}. Best is trial 87 with value: 0.10035955905914307.
LOCAL_RANK: 0 - CUDA_VISIBLE_DEVICES: [0]
[I 2023-11-30 03:09:53,791] Trial 120 finished with value: 0.20333321392536163 and parameters: {'gradient_clip_val': 0.6286814861496313, 'hidden_size': 37, 'dropout': 0.29312375670731833, 'hidden_continuous_size': 22, 'attention_head_size': 3, 'learning_rate': 0.05264159533386766}. Best is trial 87 with value: 0.10035955905914307.
LOCAL_RANK: 0 - CUDA_VISIBLE_DEVICES: [0]
[I 2023-11-30 03:10:06,204] Trial 121 finished with value: 0.1449894905090332 and parameters: {'gradient_clip_val': 0.8960582222316016, 'hidden_size': 42, 'dropout': 0.3111802258496258, 'hidden_continuous_size': 19, 'attention_head_size': 1, 'learning_rate': 0.09287705001122945}. Best is trial 87 with value: 0.10035955905914307.
LOCAL_RANK: 0 - CUDA_VISIBLE_DEVICES: [0]
[I 2023-11-30 03:10:18,767] Trial 122 finished with value: 0.2597387135028839 and parameters: {'gradient_clip_val': 0.8275767698866948, 'hidden_size': 39, 'dropout': 0.3762311593953838, 'hidden_continuous_size': 20, 'attention_head_size': 1, 'learning_rate': 0.09827827306209631}. Best is trial 87 with value: 0.10035955905914307.
LOCAL_RANK: 0 - CUDA_VISIBLE_DEVICES: [0]
[I 2023-11-30 03:10:31,516] Trial 123 finished with value: 0.21444223821163177 and parameters: {'gradient_clip_val': 0.9604404277971936, 'hidden_size': 56, 'dropout': 0.3560390363743647, 'hidden_continuous_size': 22, 'attention_head_size': 1, 'learning_rate': 0.08575186133603274}. Best is trial 87 with value: 0.10035955905914307.
LOCAL_RANK: 0 - CUDA_VISIBLE_DEVICES: [0]
[I 2023-11-30 03:10:43,992] Trial 124 finished with value: 0.16284312307834625 and parameters: {'gradient_clip_val': 0.7399024924330436, 'hidden_size': 36, 'dropout': 0.385878742310045, 'hidden_continuous_size': 18, 'attention_head_size': 1, 'learning_rate': 0.07862917324709978}. Best is trial 87 with value: 0.10035955905914307.
LOCAL_RANK: 0 - CUDA_VISIBLE_DEVICES: [0]
[I 2023-11-30 03:10:56,329] Trial 125 finished with value: 0.17701780796051025 and parameters: {'gradient_clip_val': 0.8794090853034184, 'hidden_size': 29, 'dropout': 0.32624619173622, 'hidden_continuous_size': 18, 'attention_head_size': 1, 'learning_rate': 0.062227121463683935}. Best is trial 87 with value: 0.10035955905914307.
LOCAL_RANK: 0 - CUDA_VISIBLE_DEVICES: [0]
[I 2023-11-30 03:11:09,619] Trial 126 finished with value: 0.14833784103393555 and parameters: {'gradient_clip_val': 0.7983611475437357, 'hidden_size': 62, 'dropout': 0.27588123425338046, 'hidden_continuous_size': 29, 'attention_head_size': 3, 'learning_rate': 0.06988480765111668}. Best is trial 87 with value: 0.10035955905914307.
LOCAL_RANK: 0 - CUDA_VISIBLE_DEVICES: [0]
[I 2023-11-30 03:11:22,035] Trial 127 finished with value: 0.207636296749115 and parameters: {'gradient_clip_val': 0.9342241122533547, 'hidden_size': 33, 'dropout': 0.3707164414099675, 'hidden_continuous_size': 19, 'attention_head_size': 1, 'learning_rate': 0.08513770892397435}. Best is trial 87 with value: 0.10035955905914307.
LOCAL_RANK: 0 - CUDA_VISIBLE_DEVICES: [0]
[I 2023-11-30 03:11:34,620] Trial 128 finished with value: 0.13363118469715118 and parameters: {'gradient_clip_val': 0.6845864439924266, 'hidden_size': 44, 'dropout': 0.3995374355214072, 'hidden_continuous_size': 20, 'attention_head_size': 3, 'learning_rate': 0.06707250030034233}. Best is trial 87 with value: 0.10035955905914307.
LOCAL_RANK: 0 - CUDA_VISIBLE_DEVICES: [0]
[I 2023-11-30 03:11:47,704] Trial 129 finished with value: 0.19032245874404907 and parameters: {'gradient_clip_val': 0.617423670819256, 'hidden_size': 49, 'dropout': 0.38064041844585766, 'hidden_continuous_size': 21, 'attention_head_size': 3, 'learning_rate': 0.07826145748719156}. Best is trial 87 with value: 0.10035955905914307.
LOCAL_RANK: 0 - CUDA_VISIBLE_DEVICES: [0]
[I 2023-11-30 03:12:00,419] Trial 130 finished with value: 0.11017446964979172 and parameters: {'gradient_clip_val': 0.5819448068871786, 'hidden_size': 41, 'dropout': 0.363258633914835, 'hidden_continuous_size': 17, 'attention_head_size': 3, 'learning_rate': 0.09919045148965776}. Best is trial 87 with value: 0.10035955905914307.
LOCAL_RANK: 0 - CUDA_VISIBLE_DEVICES: [0]
[I 2023-11-30 03:12:13,107] Trial 131 finished with value: 0.20951741933822632 and parameters: {'gradient_clip_val': 0.5560764934136949, 'hidden_size': 42, 'dropout': 0.3628674754663054, 'hidden_continuous_size': 17, 'attention_head_size': 3, 'learning_rate': 0.09484146992230386}. Best is trial 87 with value: 0.10035955905914307.
LOCAL_RANK: 0 - CUDA_VISIBLE_DEVICES: [0]
[I 2023-11-30 03:12:25,766] Trial 132 finished with value: 0.15310503542423248 and parameters: {'gradient_clip_val': 0.4982841225887101, 'hidden_size': 39, 'dropout': 0.3543430180894957, 'hidden_continuous_size': 17, 'attention_head_size': 3, 'learning_rate': 0.08976408324396826}. Best is trial 87 with value: 0.10035955905914307.
LOCAL_RANK: 0 - CUDA_VISIBLE_DEVICES: [0]
[I 2023-11-30 03:12:38,563] Trial 133 finished with value: 0.18813692033290863 and parameters: {'gradient_clip_val': 0.5776227938241126, 'hidden_size': 46, 'dropout': 0.34476899467447925, 'hidden_continuous_size': 16, 'attention_head_size': 3, 'learning_rate': 0.057622507080103094}. Best is trial 87 with value: 0.10035955905914307.
LOCAL_RANK: 0 - CUDA_VISIBLE_DEVICES: [0]
[I 2023-11-30 03:12:51,632] Trial 134 finished with value: 0.25784584879875183 and parameters: {'gradient_clip_val': 0.6675254935861754, 'hidden_size': 53, 'dropout': 0.36639213299432505, 'hidden_continuous_size': 14, 'attention_head_size': 3, 'learning_rate': 0.09848566201171435}. Best is trial 87 with value: 0.10035955905914307.
LOCAL_RANK: 0 - CUDA_VISIBLE_DEVICES: [0]
[I 2023-11-30 03:13:04,274] Trial 135 finished with value: 0.10677168518304825 and parameters: {'gradient_clip_val': 0.7175967184002332, 'hidden_size': 35, 'dropout': 0.39157398181764985, 'hidden_continuous_size': 18, 'attention_head_size': 3, 'learning_rate': 0.07534645918592371}. Best is trial 87 with value: 0.10035955905914307.
LOCAL_RANK: 0 - CUDA_VISIBLE_DEVICES: [0]
[I 2023-11-30 03:13:16,757] Trial 136 finished with value: 0.16998432576656342 and parameters: {'gradient_clip_val': 0.7190702171425458, 'hidden_size': 35, 'dropout': 0.3793702110603444, 'hidden_continuous_size': 17, 'attention_head_size': 3, 'learning_rate': 0.07207694231726605}. Best is trial 87 with value: 0.10035955905914307.
LOCAL_RANK: 0 - CUDA_VISIBLE_DEVICES: [0]
[I 2023-11-30 03:13:29,391] Trial 137 finished with value: 0.24313819408416748 and parameters: {'gradient_clip_val': 0.5213126865333746, 'hidden_size': 41, 'dropout': 0.39150206602367477, 'hidden_continuous_size': 18, 'attention_head_size': 3, 'learning_rate': 0.06444843012163075}. Best is trial 87 with value: 0.10035955905914307.
LOCAL_RANK: 0 - CUDA_VISIBLE_DEVICES: [0]
[I 2023-11-30 03:13:42,159] Trial 138 finished with value: 0.15165844559669495 and parameters: {'gradient_clip_val': 0.6028833425562369, 'hidden_size': 37, 'dropout': 0.38670522508130833, 'hidden_continuous_size': 16, 'attention_head_size': 3, 'learning_rate': 0.05220533404698849}. Best is trial 87 with value: 0.10035955905914307.
LOCAL_RANK: 0 - CUDA_VISIBLE_DEVICES: [0]
[I 2023-11-30 03:13:54,942] Trial 139 finished with value: 0.1613135188817978 and parameters: {'gradient_clip_val': 0.7586725418777476, 'hidden_size': 33, 'dropout': 0.30087099862675615, 'hidden_continuous_size': 17, 'attention_head_size': 3, 'learning_rate': 0.07647049405749133}. Best is trial 87 with value: 0.10035955905914307.
LOCAL_RANK: 0 - CUDA_VISIBLE_DEVICES: [0]
[I 2023-11-30 03:14:07,563] Trial 140 finished with value: 0.15000082552433014 and parameters: {'gradient_clip_val': 0.5404582179751669, 'hidden_size': 31, 'dropout': 0.39393123222506987, 'hidden_continuous_size': 18, 'attention_head_size': 3, 'learning_rate': 0.058154711424372806}. Best is trial 87 with value: 0.10035955905914307.
LOCAL_RANK: 0 - CUDA_VISIBLE_DEVICES: [0]
[I 2023-11-30 03:14:20,180] Trial 141 finished with value: 0.1811819225549698 and parameters: {'gradient_clip_val': 0.7184621914794803, 'hidden_size': 39, 'dropout': 0.37045145094088733, 'hidden_continuous_size': 19, 'attention_head_size': 3, 'learning_rate': 0.08376436471449085}. Best is trial 87 with value: 0.10035955905914307.
LOCAL_RANK: 0 - CUDA_VISIBLE_DEVICES: [0]
[I 2023-11-30 03:14:32,758] Trial 142 finished with value: 0.20525914430618286 and parameters: {'gradient_clip_val': 0.6586323396166321, 'hidden_size': 44, 'dropout': 0.37604092504592235, 'hidden_continuous_size': 19, 'attention_head_size': 3, 'learning_rate': 0.09914394662024713}. Best is trial 87 with value: 0.10035955905914307.
LOCAL_RANK: 0 - CUDA_VISIBLE_DEVICES: [0]
[I 2023-11-30 03:14:45,184] Trial 143 finished with value: 0.4528363049030304 and parameters: {'gradient_clip_val': 0.8491551854495879, 'hidden_size': 35, 'dropout': 0.2870858043234651, 'hidden_continuous_size': 10, 'attention_head_size': 3, 'learning_rate': 0.014668373595633158}. Best is trial 87 with value: 0.10035955905914307.
LOCAL_RANK: 0 - CUDA_VISIBLE_DEVICES: [0]
[I 2023-11-30 03:14:58,555] Trial 144 finished with value: 0.2678535580635071 and parameters: {'gradient_clip_val': 0.6389985321204005, 'hidden_size': 48, 'dropout': 0.36102675853114974, 'hidden_continuous_size': 43, 'attention_head_size': 3, 'learning_rate': 0.06851572202797516}. Best is trial 87 with value: 0.10035955905914307.
LOCAL_RANK: 0 - CUDA_VISIBLE_DEVICES: [0]
[I 2023-11-30 03:15:11,415] Trial 145 finished with value: 0.16261757910251617 and parameters: {'gradient_clip_val': 0.7962816270866538, 'hidden_size': 51, 'dropout': 0.33797900051632335, 'hidden_continuous_size': 16, 'attention_head_size': 3, 'learning_rate': 0.07922371727425297}. Best is trial 87 with value: 0.10035955905914307.
LOCAL_RANK: 0 - CUDA_VISIBLE_DEVICES: [0]
[I 2023-11-30 03:15:23,917] Trial 146 finished with value: 0.2541007697582245 and parameters: {'gradient_clip_val': 0.6906021169128334, 'hidden_size': 40, 'dropout': 0.3861692161531423, 'hidden_continuous_size': 19, 'attention_head_size': 3, 'learning_rate': 0.08955087331770922}. Best is trial 87 with value: 0.10035955905914307.
LOCAL_RANK: 0 - CUDA_VISIBLE_DEVICES: [0]
[I 2023-11-30 03:15:36,542] Trial 147 finished with value: 0.1716301590204239 and parameters: {'gradient_clip_val': 0.5882730951507184, 'hidden_size': 37, 'dropout': 0.3536582690070184, 'hidden_continuous_size': 18, 'attention_head_size': 3, 'learning_rate': 0.04257144473783566}. Best is trial 87 with value: 0.10035955905914307.
LOCAL_RANK: 0 - CUDA_VISIBLE_DEVICES: [0]
[I 2023-11-30 03:15:49,228] Trial 148 finished with value: 0.18273098766803741 and parameters: {'gradient_clip_val': 0.7531893967253465, 'hidden_size': 46, 'dropout': 0.3142904146118181, 'hidden_continuous_size': 15, 'attention_head_size': 3, 'learning_rate': 0.048917414224020205}. Best is trial 87 with value: 0.10035955905914307.
LOCAL_RANK: 0 - CUDA_VISIBLE_DEVICES: [0]
[I 2023-11-30 03:16:02,067] Trial 149 finished with value: 0.16943864524364471 and parameters: {'gradient_clip_val': 0.9137710164872831, 'hidden_size': 43, 'dropout': 0.37281868232039583, 'hidden_continuous_size': 20, 'attention_head_size': 1, 'learning_rate': 0.06500193706751613}. Best is trial 87 with value: 0.10035955905914307.
[I 2023-11-30 03:16:02,176] A new study created in memory with name: no-name-065b054b-7904-401b-bcc8-3e68be66dedf
/home/le004/conda/anaconda3/envs/tsff_env/lib/python3.9/site-packages/lightning/fabric/plugins/environments/slurm.py:191: The `srun` command is available on your system but is not used. HINT: If your intention is to run Lightning on SLURM, prepend your python command with `srun` like so: srun python /home/le004/master_thesis/git/TSFusionForecast/code/ ...
LOCAL_RANK: 0 - CUDA_VISIBLE_DEVICES: [0]
[I 2023-11-30 03:16:12,462] Trial 0 finished with value: 1.940993309020996 and parameters: {'gradient_clip_val': 0.10321282359677401, 'hidden_size': 18, 'dropout': 0.36002190911020426, 'hidden_continuous_size': 18, 'attention_head_size': 1, 'learning_rate': 0.0032605020265652988}. Best is trial 0 with value: 1.940993309020996.
LOCAL_RANK: 0 - CUDA_VISIBLE_DEVICES: [0]
[I 2023-11-30 03:16:22,555] Trial 1 finished with value: 1.171160340309143 and parameters: {'gradient_clip_val': 0.7954000060510668, 'hidden_size': 10, 'dropout': 0.3835552635907702, 'hidden_continuous_size': 10, 'attention_head_size': 1, 'learning_rate': 0.022581852120795186}. Best is trial 1 with value: 1.171160340309143.
LOCAL_RANK: 0 - CUDA_VISIBLE_DEVICES: [0]
[I 2023-11-30 03:16:34,807] Trial 2 finished with value: 1.629346251487732 and parameters: {'gradient_clip_val': 0.1944058058633187, 'hidden_size': 14, 'dropout': 0.369892461419537, 'hidden_continuous_size': 13, 'attention_head_size': 2, 'learning_rate': 0.006143920870351631}. Best is trial 1 with value: 1.171160340309143.
LOCAL_RANK: 0 - CUDA_VISIBLE_DEVICES: [0]
[I 2023-11-30 03:16:44,975] Trial 3 finished with value: 0.24776430428028107 and parameters: {'gradient_clip_val': 0.14398095209198206, 'hidden_size': 10, 'dropout': 0.27550160121667144, 'hidden_continuous_size': 10, 'attention_head_size': 3, 'learning_rate': 0.08302070668275567}. Best is trial 3 with value: 0.24776430428028107.
LOCAL_RANK: 0 - CUDA_VISIBLE_DEVICES: [0]
[I 2023-11-30 03:16:58,945] Trial 4 finished with value: 0.12367957085371017 and parameters: {'gradient_clip_val': 0.17366601285949726, 'hidden_size': 88, 'dropout': 0.3192925890473972, 'hidden_continuous_size': 41, 'attention_head_size': 2, 'learning_rate': 0.04371643216351578}. Best is trial 4 with value: 0.12367957085371017.
LOCAL_RANK: 0 - CUDA_VISIBLE_DEVICES: [0]
[I 2023-11-30 03:17:12,848] Trial 5 finished with value: 0.1555357128381729 and parameters: {'gradient_clip_val': 0.3809224558053045, 'hidden_size': 129, 'dropout': 0.17963443544653102, 'hidden_continuous_size': 28, 'attention_head_size': 2, 'learning_rate': 0.02076580921431668}. Best is trial 4 with value: 0.12367957085371017.
LOCAL_RANK: 0 - CUDA_VISIBLE_DEVICES: [0]
[I 2023-11-30 03:17:26,139] Trial 6 finished with value: 0.11811824887990952 and parameters: {'gradient_clip_val': 0.2252402680941334, 'hidden_size': 69, 'dropout': 0.16244765856927135, 'hidden_continuous_size': 28, 'attention_head_size': 2, 'learning_rate': 0.025719062146193485}. Best is trial 6 with value: 0.11811824887990952.
LOCAL_RANK: 0 - CUDA_VISIBLE_DEVICES: [0]
[I 2023-11-30 03:17:38,788] Trial 7 finished with value: 1.1737556457519531 and parameters: {'gradient_clip_val': 0.30906041648711324, 'hidden_size': 42, 'dropout': 0.13399964266729483, 'hidden_continuous_size': 16, 'attention_head_size': 2, 'learning_rate': 0.0015911245835042761}. Best is trial 6 with value: 0.11811824887990952.
LOCAL_RANK: 0 - CUDA_VISIBLE_DEVICES: [0]
[I 2023-11-30 03:17:51,739] Trial 8 finished with value: 1.518035888671875 and parameters: {'gradient_clip_val': 0.12616408415573258, 'hidden_size': 51, 'dropout': 0.2962509983019106, 'hidden_continuous_size': 17, 'attention_head_size': 4, 'learning_rate': 0.0011240868688825406}. Best is trial 6 with value: 0.11811824887990952.
LOCAL_RANK: 0 - CUDA_VISIBLE_DEVICES: [0]
[I 2023-11-30 03:18:04,827] Trial 9 finished with value: 0.11518041044473648 and parameters: {'gradient_clip_val': 0.7970947356941268, 'hidden_size': 44, 'dropout': 0.380125945082868, 'hidden_continuous_size': 36, 'attention_head_size': 3, 'learning_rate': 0.027104229948631996}. Best is trial 9 with value: 0.11518041044473648.
LOCAL_RANK: 0 - CUDA_VISIBLE_DEVICES: [0]
