[I 2023-11-30 07:01:08,464] Trial 148 finished with value: 0.10667016357183456 and parameters: {'gradient_clip_val': 0.42811807286530806, 'hidden_size': 30, 'dropout': 0.21624800700661456, 'hidden_continuous_size': 23, 'attention_head_size': 4, 'learning_rate': 0.08520086242382602}. Best is trial 146 with value: 0.0763053223490715.
LOCAL_RANK: 0 - CUDA_VISIBLE_DEVICES: [0]
[I 2023-11-30 07:01:20,755] Trial 149 finished with value: 0.14669281244277954 and parameters: {'gradient_clip_val': 0.4071881216059937, 'hidden_size': 32, 'dropout': 0.2077507379129771, 'hidden_continuous_size': 22, 'attention_head_size': 4, 'learning_rate': 0.08748553519482832}. Best is trial 146 with value: 0.0763053223490715.
[I 2023-11-30 07:01:20,877] A new study created in memory with name: no-name-e00b60ae-def5-4575-b67f-d514c7277fc4
/home/le004/conda/anaconda3/envs/tsff_env/lib/python3.9/site-packages/lightning/fabric/plugins/environments/slurm.py:191: The `srun` command is available on your system but is not used. HINT: If your intention is to run Lightning on SLURM, prepend your python command with `srun` like so: srun python /home/le004/master_thesis/git/TSFusionForecast/code/ ...
LOCAL_RANK: 0 - CUDA_VISIBLE_DEVICES: [0]
[I 2023-11-30 07:01:34,714] Trial 0 finished with value: 1.4791349172592163 and parameters: {'gradient_clip_val': 0.13161607648709112, 'hidden_size': 135, 'dropout': 0.3624568713212323, 'hidden_continuous_size': 22, 'attention_head_size': 1, 'learning_rate': 0.0023511236597435732}. Best is trial 0 with value: 1.4791349172592163.
LOCAL_RANK: 0 - CUDA_VISIBLE_DEVICES: [0]
[I 2023-11-30 07:01:48,450] Trial 1 finished with value: 1.193700909614563 and parameters: {'gradient_clip_val': 0.24583032960614223, 'hidden_size': 78, 'dropout': 0.3510506214408827, 'hidden_continuous_size': 48, 'attention_head_size': 4, 'learning_rate': 0.0873091528297894}. Best is trial 1 with value: 1.193700909614563.
LOCAL_RANK: 0 - CUDA_VISIBLE_DEVICES: [0]
[I 2023-11-30 07:02:00,442] Trial 2 finished with value: 1.3255435228347778 and parameters: {'gradient_clip_val': 0.12177958806200871, 'hidden_size': 11, 'dropout': 0.16010265108642446, 'hidden_continuous_size': 10, 'attention_head_size': 2, 'learning_rate': 0.028154453440986556}. Best is trial 1 with value: 1.193700909614563.
LOCAL_RANK: 0 - CUDA_VISIBLE_DEVICES: [0]
[I 2023-11-30 07:02:13,120] Trial 3 finished with value: 1.2843292951583862 and parameters: {'gradient_clip_val': 0.3517644162267045, 'hidden_size': 46, 'dropout': 0.2130689804485696, 'hidden_continuous_size': 23, 'attention_head_size': 1, 'learning_rate': 0.03572013739508311}. Best is trial 1 with value: 1.193700909614563.
LOCAL_RANK: 0 - CUDA_VISIBLE_DEVICES: [0]
[I 2023-11-30 07:02:25,863] Trial 4 finished with value: 0.9943564534187317 and parameters: {'gradient_clip_val': 0.1000063336287209, 'hidden_size': 58, 'dropout': 0.3691933670116394, 'hidden_continuous_size': 10, 'attention_head_size': 2, 'learning_rate': 0.029116598161095013}. Best is trial 4 with value: 0.9943564534187317.
LOCAL_RANK: 0 - CUDA_VISIBLE_DEVICES: [0]
[I 2023-11-30 07:02:36,540] Trial 5 finished with value: 2.232045888900757 and parameters: {'gradient_clip_val': 0.1231492819247534, 'hidden_size': 10, 'dropout': 0.25955980871571716, 'hidden_continuous_size': 10, 'attention_head_size': 4, 'learning_rate': 0.0020784761094527916}. Best is trial 4 with value: 0.9943564534187317.
LOCAL_RANK: 0 - CUDA_VISIBLE_DEVICES: [0]
[I 2023-11-30 07:02:48,615] Trial 6 finished with value: 0.9668187499046326 and parameters: {'gradient_clip_val': 0.15352806013393072, 'hidden_size': 15, 'dropout': 0.17690544962995963, 'hidden_continuous_size': 12, 'attention_head_size': 2, 'learning_rate': 0.09708759473007891}. Best is trial 6 with value: 0.9668187499046326.
LOCAL_RANK: 0 - CUDA_VISIBLE_DEVICES: [0]
[I 2023-11-30 07:03:00,522] Trial 7 finished with value: 1.728860855102539 and parameters: {'gradient_clip_val': 0.14106733940308636, 'hidden_size': 24, 'dropout': 0.1744581765596003, 'hidden_continuous_size': 20, 'attention_head_size': 1, 'learning_rate': 0.0051311696661757375}. Best is trial 6 with value: 0.9668187499046326.
LOCAL_RANK: 0 - CUDA_VISIBLE_DEVICES: [0]
[I 2023-11-30 07:03:12,594] Trial 8 finished with value: 1.2060856819152832 and parameters: {'gradient_clip_val': 0.5730580604880573, 'hidden_size': 15, 'dropout': 0.236909527163203, 'hidden_continuous_size': 12, 'attention_head_size': 4, 'learning_rate': 0.04595135565895133}. Best is trial 6 with value: 0.9668187499046326.
LOCAL_RANK: 0 - CUDA_VISIBLE_DEVICES: [0]
[I 2023-11-30 07:03:26,206] Trial 9 finished with value: 1.3892110586166382 and parameters: {'gradient_clip_val': 0.8729942367542188, 'hidden_size': 94, 'dropout': 0.15232687891528218, 'hidden_continuous_size': 36, 'attention_head_size': 1, 'learning_rate': 0.007929105321613809}. Best is trial 6 with value: 0.9668187499046326.
LOCAL_RANK: 0 - CUDA_VISIBLE_DEVICES: [0]
[I 2023-11-30 07:03:38,626] Trial 10 finished with value: 1.3211123943328857 and parameters: {'gradient_clip_val': 0.21641162198313374, 'hidden_size': 28, 'dropout': 0.10353454461891398, 'hidden_continuous_size': 14, 'attention_head_size': 3, 'learning_rate': 0.09397630658695375}. Best is trial 6 with value: 0.9668187499046326.
LOCAL_RANK: 0 - CUDA_VISIBLE_DEVICES: [0]
[I 2023-11-30 07:03:51,190] Trial 11 finished with value: 1.1423603296279907 and parameters: {'gradient_clip_val': 0.10526482839050204, 'hidden_size': 47, 'dropout': 0.3994326875945234, 'hidden_continuous_size': 13, 'attention_head_size': 2, 'learning_rate': 0.019328255175635044}. Best is trial 6 with value: 0.9668187499046326.
LOCAL_RANK: 0 - CUDA_VISIBLE_DEVICES: [0]
[I 2023-11-30 07:04:03,120] Trial 12 finished with value: 1.3986345529556274 and parameters: {'gradient_clip_val': 0.18931743435750212, 'hidden_size': 20, 'dropout': 0.29252450216502596, 'hidden_continuous_size': 11, 'attention_head_size': 2, 'learning_rate': 0.015280375336537618}. Best is trial 6 with value: 0.9668187499046326.
LOCAL_RANK: 0 - CUDA_VISIBLE_DEVICES: [0]
[I 2023-11-30 07:04:15,688] Trial 13 finished with value: 1.143100619316101 and parameters: {'gradient_clip_val': 0.10174638656614562, 'hidden_size': 38, 'dropout': 0.3010399291175625, 'hidden_continuous_size': 15, 'attention_head_size': 3, 'learning_rate': 0.04914163895024799}. Best is trial 6 with value: 0.9668187499046326.
LOCAL_RANK: 0 - CUDA_VISIBLE_DEVICES: [0]
[I 2023-11-30 07:04:27,743] Trial 14 finished with value: 1.3239747285842896 and parameters: {'gradient_clip_val': 0.17493654142525122, 'hidden_size': 16, 'dropout': 0.19865211523290435, 'hidden_continuous_size': 10, 'attention_head_size': 3, 'learning_rate': 0.06361681406205981}. Best is trial 6 with value: 0.9668187499046326.
LOCAL_RANK: 0 - CUDA_VISIBLE_DEVICES: [0]
[I 2023-11-30 07:04:40,079] Trial 15 finished with value: 1.2640312910079956 and parameters: {'gradient_clip_val': 0.15091404686411164, 'hidden_size': 31, 'dropout': 0.27600585450435455, 'hidden_continuous_size': 12, 'attention_head_size': 2, 'learning_rate': 0.025923949141562836}. Best is trial 6 with value: 0.9668187499046326.
LOCAL_RANK: 0 - CUDA_VISIBLE_DEVICES: [0]
[I 2023-11-30 07:04:52,935] Trial 16 finished with value: 0.9422810673713684 and parameters: {'gradient_clip_val': 0.2791056873136208, 'hidden_size': 60, 'dropout': 0.3138075102414298, 'hidden_continuous_size': 17, 'attention_head_size': 2, 'learning_rate': 0.09484307455640847}. Best is trial 16 with value: 0.9422810673713684.
LOCAL_RANK: 0 - CUDA_VISIBLE_DEVICES: [0]
[I 2023-11-30 07:05:05,176] Trial 17 finished with value: 1.279586911201477 and parameters: {'gradient_clip_val': 0.3000301177470051, 'hidden_size': 31, 'dropout': 0.2372053384691754, 'hidden_continuous_size': 16, 'attention_head_size': 3, 'learning_rate': 0.08293076293470886}. Best is trial 16 with value: 0.9422810673713684.
LOCAL_RANK: 0 - CUDA_VISIBLE_DEVICES: [0]
[I 2023-11-30 07:05:17,038] Trial 18 finished with value: 1.178792953491211 and parameters: {'gradient_clip_val': 0.27209015941231113, 'hidden_size': 20, 'dropout': 0.29612940612442273, 'hidden_continuous_size': 11, 'attention_head_size': 2, 'learning_rate': 0.056613095719072304}. Best is trial 16 with value: 0.9422810673713684.
LOCAL_RANK: 0 - CUDA_VISIBLE_DEVICES: [0]
[I 2023-11-30 07:05:30,295] Trial 19 finished with value: 1.2174623012542725 and parameters: {'gradient_clip_val': 0.3703068825709698, 'hidden_size': 63, 'dropout': 0.33520699659174563, 'hidden_continuous_size': 17, 'attention_head_size': 3, 'learning_rate': 0.09764795922928263}. Best is trial 16 with value: 0.9422810673713684.
LOCAL_RANK: 0 - CUDA_VISIBLE_DEVICES: [0]
[I 2023-11-30 07:05:42,673] Trial 20 finished with value: 1.2345563173294067 and parameters: {'gradient_clip_val': 0.1883724163015423, 'hidden_size': 38, 'dropout': 0.324273974605639, 'hidden_continuous_size': 14, 'attention_head_size': 1, 'learning_rate': 0.04245529801304448}. Best is trial 16 with value: 0.9422810673713684.
LOCAL_RANK: 0 - CUDA_VISIBLE_DEVICES: [0]
[I 2023-11-30 07:05:55,548] Trial 21 finished with value: 1.3811273574829102 and parameters: {'gradient_clip_val': 0.1535688156643537, 'hidden_size': 57, 'dropout': 0.37763950984231465, 'hidden_continuous_size': 19, 'attention_head_size': 2, 'learning_rate': 0.0616188532102385}. Best is trial 16 with value: 0.9422810673713684.
LOCAL_RANK: 0 - CUDA_VISIBLE_DEVICES: [0]
[I 2023-11-30 07:06:08,844] Trial 22 finished with value: 1.3683785200119019 and parameters: {'gradient_clip_val': 0.10461441979618485, 'hidden_size': 73, 'dropout': 0.32239532603423726, 'hidden_continuous_size': 17, 'attention_head_size': 2, 'learning_rate': 0.03152556138034862}. Best is trial 16 with value: 0.9422810673713684.
LOCAL_RANK: 0 - CUDA_VISIBLE_DEVICES: [0]
[I 2023-11-30 07:06:21,566] Trial 23 finished with value: 0.9998795390129089 and parameters: {'gradient_clip_val': 0.2198895584156112, 'hidden_size': 51, 'dropout': 0.3432357816696831, 'hidden_continuous_size': 13, 'attention_head_size': 2, 'learning_rate': 0.06258110864846195}. Best is trial 16 with value: 0.9422810673713684.
LOCAL_RANK: 0 - CUDA_VISIBLE_DEVICES: [0]
[I 2023-11-30 07:06:34,237] Trial 24 finished with value: 1.29876708984375 and parameters: {'gradient_clip_val': 0.16368891595308563, 'hidden_size': 42, 'dropout': 0.38218787320354747, 'hidden_continuous_size': 12, 'attention_head_size': 2, 'learning_rate': 0.01968496209132385}. Best is trial 16 with value: 0.9422810673713684.
LOCAL_RANK: 0 - CUDA_VISIBLE_DEVICES: [0]
[I 2023-11-30 07:06:47,160] Trial 25 finished with value: 1.3782745599746704 and parameters: {'gradient_clip_val': 0.12504576060036374, 'hidden_size': 56, 'dropout': 0.36306600410174733, 'hidden_continuous_size': 26, 'attention_head_size': 3, 'learning_rate': 0.03341792868763358}. Best is trial 16 with value: 0.9422810673713684.
LOCAL_RANK: 0 - CUDA_VISIBLE_DEVICES: [0]
[I 2023-11-30 07:07:00,465] Trial 26 finished with value: 0.9211087226867676 and parameters: {'gradient_clip_val': 0.20484224552950808, 'hidden_size': 92, 'dropout': 0.31292693465507515, 'hidden_continuous_size': 17, 'attention_head_size': 2, 'learning_rate': 0.06757478514629277}. Best is trial 26 with value: 0.9211087226867676.
LOCAL_RANK: 0 - CUDA_VISIBLE_DEVICES: [0]
[I 2023-11-30 07:07:14,369] Trial 27 finished with value: 1.153816819190979 and parameters: {'gradient_clip_val': 0.23273771812990135, 'hidden_size': 96, 'dropout': 0.2618113141146906, 'hidden_continuous_size': 93, 'attention_head_size': 1, 'learning_rate': 0.09710156640846224}. Best is trial 26 with value: 0.9211087226867676.
LOCAL_RANK: 0 - CUDA_VISIBLE_DEVICES: [0]
[I 2023-11-30 07:07:28,518] Trial 28 finished with value: 1.174859642982483 and parameters: {'gradient_clip_val': 0.1961983096218973, 'hidden_size': 145, 'dropout': 0.3088901249969274, 'hidden_continuous_size': 28, 'attention_head_size': 2, 'learning_rate': 0.06666909444762532}. Best is trial 26 with value: 0.9211087226867676.
LOCAL_RANK: 0 - CUDA_VISIBLE_DEVICES: [0]
[I 2023-11-30 07:07:42,377] Trial 29 finished with value: 1.1076735258102417 and parameters: {'gradient_clip_val': 0.26203985953250547, 'hidden_size': 119, 'dropout': 0.32655271186492973, 'hidden_continuous_size': 20, 'attention_head_size': 1, 'learning_rate': 0.00113260554451279}. Best is trial 26 with value: 0.9211087226867676.
LOCAL_RANK: 0 - CUDA_VISIBLE_DEVICES: [0]
[I 2023-11-30 07:07:56,105] Trial 30 finished with value: 0.9187169075012207 and parameters: {'gradient_clip_val': 0.30350523580549627, 'hidden_size': 121, 'dropout': 0.28186919104997477, 'hidden_continuous_size': 15, 'attention_head_size': 3, 'learning_rate': 0.04351998763318833}. Best is trial 30 with value: 0.9187169075012207.
LOCAL_RANK: 0 - CUDA_VISIBLE_DEVICES: [0]
[I 2023-11-30 07:08:09,857] Trial 31 finished with value: 1.341867446899414 and parameters: {'gradient_clip_val': 0.30725821294290073, 'hidden_size': 123, 'dropout': 0.28786754028413347, 'hidden_continuous_size': 16, 'attention_head_size': 3, 'learning_rate': 0.043809213088420146}. Best is trial 30 with value: 0.9187169075012207.
LOCAL_RANK: 0 - CUDA_VISIBLE_DEVICES: [0]
[I 2023-11-30 07:08:23,246] Trial 32 finished with value: 1.0884686708450317 and parameters: {'gradient_clip_val': 0.3881228272832476, 'hidden_size': 98, 'dropout': 0.2757312029845655, 'hidden_continuous_size': 15, 'attention_head_size': 3, 'learning_rate': 0.07244607223801072}. Best is trial 30 with value: 0.9187169075012207.
LOCAL_RANK: 0 - CUDA_VISIBLE_DEVICES: [0]
[I 2023-11-30 07:08:36,459] Trial 33 finished with value: 1.0197267532348633 and parameters: {'gradient_clip_val': 0.2546450284751479, 'hidden_size': 76, 'dropout': 0.31392814191588436, 'hidden_continuous_size': 18, 'attention_head_size': 2, 'learning_rate': 0.08174730320315111}. Best is trial 30 with value: 0.9187169075012207.
LOCAL_RANK: 0 - CUDA_VISIBLE_DEVICES: [0]
[I 2023-11-30 07:08:50,603] Trial 34 finished with value: 0.92896968126297 and parameters: {'gradient_clip_val': 0.21214776753271558, 'hidden_size': 110, 'dropout': 0.3410329085811021, 'hidden_continuous_size': 23, 'attention_head_size': 4, 'learning_rate': 0.05073669097273886}. Best is trial 30 with value: 0.9187169075012207.
LOCAL_RANK: 0 - CUDA_VISIBLE_DEVICES: [0]
[I 2023-11-30 07:09:04,448] Trial 35 finished with value: 1.3651567697525024 and parameters: {'gradient_clip_val': 0.21901867224091454, 'hidden_size': 115, 'dropout': 0.34618339021761463, 'hidden_continuous_size': 23, 'attention_head_size': 4, 'learning_rate': 0.051467073533997564}. Best is trial 30 with value: 0.9187169075012207.
LOCAL_RANK: 0 - CUDA_VISIBLE_DEVICES: [0]
[I 2023-11-30 07:09:18,615] Trial 36 finished with value: 1.2332905530929565 and parameters: {'gradient_clip_val': 0.3246412385613455, 'hidden_size': 148, 'dropout': 0.3561431999651452, 'hidden_continuous_size': 22, 'attention_head_size': 4, 'learning_rate': 0.04259349589785039}. Best is trial 30 with value: 0.9187169075012207.
LOCAL_RANK: 0 - CUDA_VISIBLE_DEVICES: [0]
[I 2023-11-30 07:09:32,238] Trial 37 finished with value: 1.274721384048462 and parameters: {'gradient_clip_val': 0.27649852588134716, 'hidden_size': 83, 'dropout': 0.33642099036906153, 'hidden_continuous_size': 19, 'attention_head_size': 4, 'learning_rate': 0.0700785184502481}. Best is trial 30 with value: 0.9187169075012207.
LOCAL_RANK: 0 - CUDA_VISIBLE_DEVICES: [0]
[I 2023-11-30 07:09:46,039] Trial 38 finished with value: 1.1174062490463257 and parameters: {'gradient_clip_val': 0.24432759244367103, 'hidden_size': 111, 'dropout': 0.3115682611129474, 'hidden_continuous_size': 22, 'attention_head_size': 4, 'learning_rate': 0.03730259609477141}. Best is trial 30 with value: 0.9187169075012207.
LOCAL_RANK: 0 - CUDA_VISIBLE_DEVICES: [0]
[I 2023-11-30 07:09:59,485] Trial 39 finished with value: 1.3154182434082031 and parameters: {'gradient_clip_val': 0.42386555525033925, 'hidden_size': 67, 'dropout': 0.35668302783745254, 'hidden_continuous_size': 17, 'attention_head_size': 4, 'learning_rate': 0.053473597454687945}. Best is trial 30 with value: 0.9187169075012207.
LOCAL_RANK: 0 - CUDA_VISIBLE_DEVICES: [0]
[I 2023-11-30 07:10:13,253] Trial 40 finished with value: 1.0607022047042847 and parameters: {'gradient_clip_val': 0.17861632373688657, 'hidden_size': 85, 'dropout': 0.3087392467959088, 'hidden_continuous_size': 25, 'attention_head_size': 3, 'learning_rate': 0.07958608059931079}. Best is trial 30 with value: 0.9187169075012207.
LOCAL_RANK: 0 - CUDA_VISIBLE_DEVICES: [0]
[I 2023-11-30 07:10:26,893] Trial 41 finished with value: 0.924967348575592 and parameters: {'gradient_clip_val': 0.2062273456499377, 'hidden_size': 132, 'dropout': 0.28444250505432606, 'hidden_continuous_size': 15, 'attention_head_size': 2, 'learning_rate': 0.0786669059472555}. Best is trial 30 with value: 0.9187169075012207.
LOCAL_RANK: 0 - CUDA_VISIBLE_DEVICES: [0]
[I 2023-11-30 07:10:40,714] Trial 42 finished with value: 1.1183571815490723 and parameters: {'gradient_clip_val': 0.2116489002557321, 'hidden_size': 136, 'dropout': 0.27880255828521844, 'hidden_continuous_size': 29, 'attention_head_size': 2, 'learning_rate': 0.07434862926682612}. Best is trial 30 with value: 0.9187169075012207.
LOCAL_RANK: 0 - CUDA_VISIBLE_DEVICES: [0]
[I 2023-11-30 07:10:54,320] Trial 43 finished with value: 0.9442259669303894 and parameters: {'gradient_clip_val': 0.24274416583269504, 'hidden_size': 99, 'dropout': 0.2589794209206938, 'hidden_continuous_size': 20, 'attention_head_size': 2, 'learning_rate': 0.05439472860121711}. Best is trial 30 with value: 0.9187169075012207.
LOCAL_RANK: 0 - CUDA_VISIBLE_DEVICES: [0]
[I 2023-11-30 07:11:08,042] Trial 44 finished with value: 1.3921476602554321 and parameters: {'gradient_clip_val': 0.20890351950739613, 'hidden_size': 128, 'dropout': 0.2908749503147445, 'hidden_continuous_size': 14, 'attention_head_size': 2, 'learning_rate': 0.03884653864258289}. Best is trial 30 with value: 0.9187169075012207.
LOCAL_RANK: 0 - CUDA_VISIBLE_DEVICES: [0]
[I 2023-11-30 07:11:21,373] Trial 45 finished with value: 1.2872167825698853 and parameters: {'gradient_clip_val': 0.2872341164541958, 'hidden_size': 108, 'dropout': 0.33157907758692867, 'hidden_continuous_size': 15, 'attention_head_size': 1, 'learning_rate': 0.025917560648162998}. Best is trial 30 with value: 0.9187169075012207.
LOCAL_RANK: 0 - CUDA_VISIBLE_DEVICES: [0]
[I 2023-11-30 07:11:34,870] Trial 46 finished with value: 1.2562639713287354 and parameters: {'gradient_clip_val': 0.3347044691773335, 'hidden_size': 89, 'dropout': 0.3228112936915699, 'hidden_continuous_size': 18, 'attention_head_size': 3, 'learning_rate': 0.08114092962975233}. Best is trial 30 with value: 0.9187169075012207.
LOCAL_RANK: 0 - CUDA_VISIBLE_DEVICES: [0]
[I 2023-11-30 07:11:48,799] Trial 47 finished with value: 1.127293586730957 and parameters: {'gradient_clip_val': 0.16971780430101008, 'hidden_size': 133, 'dropout': 0.3455593897010555, 'hidden_continuous_size': 21, 'attention_head_size': 2, 'learning_rate': 0.04647425709540206}. Best is trial 30 with value: 0.9187169075012207.
LOCAL_RANK: 0 - CUDA_VISIBLE_DEVICES: [0]
[I 2023-11-30 07:12:02,792] Trial 48 finished with value: 0.9501724243164062 and parameters: {'gradient_clip_val': 0.1388476365258502, 'hidden_size': 103, 'dropout': 0.30499934695951836, 'hidden_continuous_size': 24, 'attention_head_size': 4, 'learning_rate': 0.0996557979757605}. Best is trial 30 with value: 0.9187169075012207.
LOCAL_RANK: 0 - CUDA_VISIBLE_DEVICES: [0]
[I 2023-11-30 07:12:16,075] Trial 49 finished with value: 1.1974334716796875 and parameters: {'gradient_clip_val': 0.24450367763005854, 'hidden_size': 85, 'dropout': 0.28490656629619704, 'hidden_continuous_size': 16, 'attention_head_size': 2, 'learning_rate': 0.05959566640171237}. Best is trial 30 with value: 0.9187169075012207.
LOCAL_RANK: 0 - CUDA_VISIBLE_DEVICES: [0]
[I 2023-11-30 07:12:29,494] Trial 50 finished with value: 1.283603310585022 and parameters: {'gradient_clip_val': 0.3111588021117543, 'hidden_size': 108, 'dropout': 0.2972161086619628, 'hidden_continuous_size': 20, 'attention_head_size': 3, 'learning_rate': 0.03678836937175681}. Best is trial 30 with value: 0.9187169075012207.
LOCAL_RANK: 0 - CUDA_VISIBLE_DEVICES: [0]
[I 2023-11-30 07:12:42,936] Trial 51 finished with value: 1.2986620664596558 and parameters: {'gradient_clip_val': 0.2298030099542609, 'hidden_size': 95, 'dropout': 0.25976149603482324, 'hidden_continuous_size': 21, 'attention_head_size': 2, 'learning_rate': 0.054554829202621634}. Best is trial 30 with value: 0.9187169075012207.
LOCAL_RANK: 0 - CUDA_VISIBLE_DEVICES: [0]
[I 2023-11-30 07:12:56,834] Trial 52 finished with value: 1.2840489149093628 and parameters: {'gradient_clip_val': 0.26027102587007983, 'hidden_size': 124, 'dropout': 0.26847580444156127, 'hidden_continuous_size': 18, 'attention_head_size': 2, 'learning_rate': 0.0712483955943002}. Best is trial 30 with value: 0.9187169075012207.
LOCAL_RANK: 0 - CUDA_VISIBLE_DEVICES: [0]
[I 2023-11-30 07:13:10,269] Trial 53 finished with value: 1.0275577306747437 and parameters: {'gradient_clip_val': 0.20236703278765325, 'hidden_size': 74, 'dropout': 0.25884984403736955, 'hidden_continuous_size': 19, 'attention_head_size': 2, 'learning_rate': 0.05213743586696209}. Best is trial 30 with value: 0.9187169075012207.
LOCAL_RANK: 0 - CUDA_VISIBLE_DEVICES: [0]
[I 2023-11-30 07:13:24,513] Trial 54 finished with value: 1.0336793661117554 and parameters: {'gradient_clip_val': 0.18336137199458982, 'hidden_size': 149, 'dropout': 0.2818019328956552, 'hidden_continuous_size': 13, 'attention_head_size': 2, 'learning_rate': 0.08659557153263589}. Best is trial 30 with value: 0.9187169075012207.
LOCAL_RANK: 0 - CUDA_VISIBLE_DEVICES: [0]
