[I 2023-11-30 03:42:56,339] Trial 126 finished with value: 0.16736896336078644 and parameters: {'gradient_clip_val': 0.48988143136030077, 'hidden_size': 40, 'dropout': 0.19049910143916307, 'hidden_continuous_size': 24, 'attention_head_size': 2, 'learning_rate': 0.046613125287711145}. Best is trial 60 with value: 0.062327805906534195.
LOCAL_RANK: 0 - CUDA_VISIBLE_DEVICES: [0]
[I 2023-11-30 03:43:09,170] Trial 127 finished with value: 0.11738704890012741 and parameters: {'gradient_clip_val': 0.39978357316891355, 'hidden_size': 45, 'dropout': 0.20635400285651218, 'hidden_continuous_size': 23, 'attention_head_size': 3, 'learning_rate': 0.061028051891233184}. Best is trial 60 with value: 0.062327805906534195.
LOCAL_RANK: 0 - CUDA_VISIBLE_DEVICES: [0]
[I 2023-11-30 03:43:22,378] Trial 128 finished with value: 0.17149488627910614 and parameters: {'gradient_clip_val': 0.5965048426246603, 'hidden_size': 51, 'dropout': 0.23565172156074807, 'hidden_continuous_size': 29, 'attention_head_size': 2, 'learning_rate': 0.04176188424427199}. Best is trial 60 with value: 0.062327805906534195.
LOCAL_RANK: 0 - CUDA_VISIBLE_DEVICES: [0]
[I 2023-11-30 03:43:33,167] Trial 129 finished with value: 0.07393313199281693 and parameters: {'gradient_clip_val': 0.5232557133830718, 'hidden_size': 42, 'dropout': 0.13838212139825892, 'hidden_continuous_size': 42, 'attention_head_size': 2, 'learning_rate': 0.0716981056252312}. Best is trial 60 with value: 0.062327805906534195.
LOCAL_RANK: 0 - CUDA_VISIBLE_DEVICES: [0]
[I 2023-11-30 03:43:45,794] Trial 130 finished with value: 0.14208297431468964 and parameters: {'gradient_clip_val': 0.5255813449645133, 'hidden_size': 36, 'dropout': 0.13924641980415686, 'hidden_continuous_size': 33, 'attention_head_size': 2, 'learning_rate': 0.06638516604363606}. Best is trial 60 with value: 0.062327805906534195.
LOCAL_RANK: 0 - CUDA_VISIBLE_DEVICES: [0]
[I 2023-11-30 03:43:58,375] Trial 131 finished with value: 0.09149331599473953 and parameters: {'gradient_clip_val': 0.6268989562193995, 'hidden_size': 42, 'dropout': 0.1455020504385914, 'hidden_continuous_size': 28, 'attention_head_size': 2, 'learning_rate': 0.07274320057723012}. Best is trial 60 with value: 0.062327805906534195.
LOCAL_RANK: 0 - CUDA_VISIBLE_DEVICES: [0]
[I 2023-11-30 03:44:11,734] Trial 132 finished with value: 0.09863225370645523 and parameters: {'gradient_clip_val': 0.5496353974053694, 'hidden_size': 62, 'dropout': 0.1349735039662454, 'hidden_continuous_size': 43, 'attention_head_size': 2, 'learning_rate': 0.08486179124872335}. Best is trial 60 with value: 0.062327805906534195.
LOCAL_RANK: 0 - CUDA_VISIBLE_DEVICES: [0]
[I 2023-11-30 03:44:24,436] Trial 133 finished with value: 0.05878876522183418 and parameters: {'gradient_clip_val': 0.47134353415417996, 'hidden_size': 39, 'dropout': 0.21965258439621638, 'hidden_continuous_size': 25, 'attention_head_size': 2, 'learning_rate': 0.04962472588629964}. Best is trial 133 with value: 0.05878876522183418.
LOCAL_RANK: 0 - CUDA_VISIBLE_DEVICES: [0]
[I 2023-11-30 03:44:37,147] Trial 134 finished with value: 0.11350643634796143 and parameters: {'gradient_clip_val': 0.47283389229986567, 'hidden_size': 37, 'dropout': 0.22527391112453482, 'hidden_continuous_size': 25, 'attention_head_size': 2, 'learning_rate': 0.054509199482858935}. Best is trial 133 with value: 0.05878876522183418.
LOCAL_RANK: 0 - CUDA_VISIBLE_DEVICES: [0]
[I 2023-11-30 03:44:49,553] Trial 135 finished with value: 0.11272970587015152 and parameters: {'gradient_clip_val': 0.5097352698573057, 'hidden_size': 40, 'dropout': 0.15175816487135438, 'hidden_continuous_size': 27, 'attention_head_size': 2, 'learning_rate': 0.050354290618803615}. Best is trial 133 with value: 0.05878876522183418.
LOCAL_RANK: 0 - CUDA_VISIBLE_DEVICES: [0]
[I 2023-11-30 03:45:02,345] Trial 136 finished with value: 0.08161097019910812 and parameters: {'gradient_clip_val': 0.5718712864905411, 'hidden_size': 34, 'dropout': 0.15738602291490195, 'hidden_continuous_size': 26, 'attention_head_size': 2, 'learning_rate': 0.07653725525401277}. Best is trial 133 with value: 0.05878876522183418.
LOCAL_RANK: 0 - CUDA_VISIBLE_DEVICES: [0]
[I 2023-11-30 03:45:14,946] Trial 137 finished with value: 0.06891483813524246 and parameters: {'gradient_clip_val': 0.4475511066341012, 'hidden_size': 31, 'dropout': 0.14600585262978216, 'hidden_continuous_size': 26, 'attention_head_size': 2, 'learning_rate': 0.060925549681151055}. Best is trial 133 with value: 0.05878876522183418.
LOCAL_RANK: 0 - CUDA_VISIBLE_DEVICES: [0]
[I 2023-11-30 03:45:27,540] Trial 138 finished with value: 0.10364390164613724 and parameters: {'gradient_clip_val': 0.4893560219476506, 'hidden_size': 33, 'dropout': 0.14824797558971572, 'hidden_continuous_size': 25, 'attention_head_size': 2, 'learning_rate': 0.0591370528498566}. Best is trial 133 with value: 0.05878876522183418.
LOCAL_RANK: 0 - CUDA_VISIBLE_DEVICES: [0]
[I 2023-11-30 03:45:38,324] Trial 139 finished with value: 0.12152305990457535 and parameters: {'gradient_clip_val': 0.43593393430238836, 'hidden_size': 38, 'dropout': 0.16283093271239546, 'hidden_continuous_size': 38, 'attention_head_size': 2, 'learning_rate': 0.09234918094412646}. Best is trial 133 with value: 0.05878876522183418.
LOCAL_RANK: 0 - CUDA_VISIBLE_DEVICES: [0]
[I 2023-11-30 03:45:50,981] Trial 140 finished with value: 0.1305607408285141 and parameters: {'gradient_clip_val': 0.5314414545402554, 'hidden_size': 30, 'dropout': 0.24191292492046232, 'hidden_continuous_size': 27, 'attention_head_size': 2, 'learning_rate': 0.048220907552759595}. Best is trial 133 with value: 0.05878876522183418.
LOCAL_RANK: 0 - CUDA_VISIBLE_DEVICES: [0]
[I 2023-11-30 03:46:03,754] Trial 141 finished with value: 0.11992698907852173 and parameters: {'gradient_clip_val': 0.4541642918343699, 'hidden_size': 42, 'dropout': 0.14233478371514016, 'hidden_continuous_size': 24, 'attention_head_size': 2, 'learning_rate': 0.06642096398321728}. Best is trial 133 with value: 0.05878876522183418.
LOCAL_RANK: 0 - CUDA_VISIBLE_DEVICES: [0]
[I 2023-11-30 03:46:16,730] Trial 142 finished with value: 0.11634374409914017 and parameters: {'gradient_clip_val': 0.4763615855366545, 'hidden_size': 46, 'dropout': 0.12543405789595166, 'hidden_continuous_size': 26, 'attention_head_size': 2, 'learning_rate': 0.06281187565976033}. Best is trial 133 with value: 0.05878876522183418.
LOCAL_RANK: 0 - CUDA_VISIBLE_DEVICES: [0]
[I 2023-11-30 03:46:29,149] Trial 143 finished with value: 0.12196528911590576 and parameters: {'gradient_clip_val': 0.5053206932935436, 'hidden_size': 31, 'dropout': 0.1324336678283414, 'hidden_continuous_size': 28, 'attention_head_size': 2, 'learning_rate': 0.07003691326158255}. Best is trial 133 with value: 0.05878876522183418.
LOCAL_RANK: 0 - CUDA_VISIBLE_DEVICES: [0]
[I 2023-11-30 03:46:41,996] Trial 144 finished with value: 0.1150752529501915 and parameters: {'gradient_clip_val': 0.5560725605075193, 'hidden_size': 39, 'dropout': 0.15520519754118575, 'hidden_continuous_size': 25, 'attention_head_size': 2, 'learning_rate': 0.05398970208284113}. Best is trial 133 with value: 0.05878876522183418.
LOCAL_RANK: 0 - CUDA_VISIBLE_DEVICES: [0]
[I 2023-11-30 03:46:55,090] Trial 145 finished with value: 0.1410953551530838 and parameters: {'gradient_clip_val': 0.43005039676737816, 'hidden_size': 44, 'dropout': 0.21798964807755578, 'hidden_continuous_size': 43, 'attention_head_size': 2, 'learning_rate': 0.07986464746358005}. Best is trial 133 with value: 0.05878876522183418.
LOCAL_RANK: 0 - CUDA_VISIBLE_DEVICES: [0]
[I 2023-11-30 03:47:07,677] Trial 146 finished with value: 0.10805600881576538 and parameters: {'gradient_clip_val': 0.5878287317965718, 'hidden_size': 35, 'dropout': 0.13125501837311893, 'hidden_continuous_size': 26, 'attention_head_size': 2, 'learning_rate': 0.060725491402560956}. Best is trial 133 with value: 0.05878876522183418.
LOCAL_RANK: 0 - CUDA_VISIBLE_DEVICES: [0]
[I 2023-11-30 03:47:20,611] Trial 147 finished with value: 0.11428896337747574 and parameters: {'gradient_clip_val': 0.6384467864438474, 'hidden_size': 50, 'dropout': 0.139001728210915, 'hidden_continuous_size': 23, 'attention_head_size': 2, 'learning_rate': 0.045986289948388305}. Best is trial 133 with value: 0.05878876522183418.
LOCAL_RANK: 0 - CUDA_VISIBLE_DEVICES: [0]
[I 2023-11-30 03:47:33,185] Trial 148 finished with value: 0.06592311710119247 and parameters: {'gradient_clip_val': 0.4581896926747545, 'hidden_size': 42, 'dropout': 0.11799561704846893, 'hidden_continuous_size': 24, 'attention_head_size': 2, 'learning_rate': 0.0517523986810682}. Best is trial 133 with value: 0.05878876522183418.
LOCAL_RANK: 0 - CUDA_VISIBLE_DEVICES: [0]
[I 2023-11-30 03:47:45,910] Trial 149 finished with value: 0.1417396366596222 and parameters: {'gradient_clip_val': 0.6802409137763437, 'hidden_size': 42, 'dropout': 0.10953692663417038, 'hidden_continuous_size': 24, 'attention_head_size': 2, 'learning_rate': 0.03744590947428076}. Best is trial 133 with value: 0.05878876522183418.
[I 2023-11-30 03:47:46,019] A new study created in memory with name: no-name-d7bc60b2-8b69-4408-9605-f0799033f4ff
/home/le004/conda/anaconda3/envs/tsff_env/lib/python3.9/site-packages/lightning/fabric/plugins/environments/slurm.py:191: The `srun` command is available on your system but is not used. HINT: If your intention is to run Lightning on SLURM, prepend your python command with `srun` like so: srun python /home/le004/master_thesis/git/TSFusionForecast/code/ ...
LOCAL_RANK: 0 - CUDA_VISIBLE_DEVICES: [0]
[I 2023-11-30 03:47:58,656] Trial 0 finished with value: 1.6993464231491089 and parameters: {'gradient_clip_val': 0.33461460598617515, 'hidden_size': 29, 'dropout': 0.17692292895948608, 'hidden_continuous_size': 24, 'attention_head_size': 3, 'learning_rate': 0.007088410914171919}. Best is trial 0 with value: 1.6993464231491089.
LOCAL_RANK: 0 - CUDA_VISIBLE_DEVICES: [0]
[I 2023-11-30 03:48:10,926] Trial 1 finished with value: 2.7252819538116455 and parameters: {'gradient_clip_val': 0.6659629314285392, 'hidden_size': 23, 'dropout': 0.18064646463511963, 'hidden_continuous_size': 13, 'attention_head_size': 4, 'learning_rate': 0.00471543632608335}. Best is trial 0 with value: 1.6993464231491089.
LOCAL_RANK: 0 - CUDA_VISIBLE_DEVICES: [0]
[I 2023-11-30 03:48:23,056] Trial 2 finished with value: 3.0102531909942627 and parameters: {'gradient_clip_val': 0.39402511497930737, 'hidden_size': 18, 'dropout': 0.19686441493894544, 'hidden_continuous_size': 13, 'attention_head_size': 3, 'learning_rate': 0.003669394545044951}. Best is trial 0 with value: 1.6993464231491089.
LOCAL_RANK: 0 - CUDA_VISIBLE_DEVICES: [0]
[I 2023-11-30 03:48:33,267] Trial 3 finished with value: 1.6173864603042603 and parameters: {'gradient_clip_val': 0.6087784024722571, 'hidden_size': 10, 'dropout': 0.3962424253495337, 'hidden_continuous_size': 10, 'attention_head_size': 1, 'learning_rate': 0.011795012999816406}. Best is trial 3 with value: 1.6173864603042603.
LOCAL_RANK: 0 - CUDA_VISIBLE_DEVICES: [0]
[I 2023-11-30 03:48:45,508] Trial 4 finished with value: 3.065309762954712 and parameters: {'gradient_clip_val': 0.6257542297034984, 'hidden_size': 14, 'dropout': 0.2739695121258601, 'hidden_continuous_size': 13, 'attention_head_size': 1, 'learning_rate': 0.003374989854902388}. Best is trial 3 with value: 1.6173864603042603.
LOCAL_RANK: 0 - CUDA_VISIBLE_DEVICES: [0]
[I 2023-11-30 03:48:55,813] Trial 5 finished with value: 3.1016836166381836 and parameters: {'gradient_clip_val': 0.11888367482134668, 'hidden_size': 12, 'dropout': 0.16730877144452908, 'hidden_continuous_size': 12, 'attention_head_size': 4, 'learning_rate': 0.013889925914548955}. Best is trial 3 with value: 1.6173864603042603.
LOCAL_RANK: 0 - CUDA_VISIBLE_DEVICES: [0]
[I 2023-11-30 03:49:07,894] Trial 6 finished with value: 1.8273811340332031 and parameters: {'gradient_clip_val': 0.8045825871457931, 'hidden_size': 24, 'dropout': 0.22192952450602538, 'hidden_continuous_size': 12, 'attention_head_size': 3, 'learning_rate': 0.02984113473876424}. Best is trial 3 with value: 1.6173864603042603.
LOCAL_RANK: 0 - CUDA_VISIBLE_DEVICES: [0]
[I 2023-11-30 03:49:20,597] Trial 7 finished with value: 2.124061346054077 and parameters: {'gradient_clip_val': 0.20012585103897806, 'hidden_size': 31, 'dropout': 0.39678010391957474, 'hidden_continuous_size': 26, 'attention_head_size': 3, 'learning_rate': 0.08047951672013574}. Best is trial 3 with value: 1.6173864603042603.
LOCAL_RANK: 0 - CUDA_VISIBLE_DEVICES: [0]
[I 2023-11-30 03:49:33,530] Trial 8 finished with value: 2.0204694271087646 and parameters: {'gradient_clip_val': 0.7473572525395227, 'hidden_size': 64, 'dropout': 0.2084390310766977, 'hidden_continuous_size': 26, 'attention_head_size': 1, 'learning_rate': 0.06693980795096187}. Best is trial 3 with value: 1.6173864603042603.
LOCAL_RANK: 0 - CUDA_VISIBLE_DEVICES: [0]
[I 2023-11-30 03:49:46,462] Trial 9 finished with value: 1.8734830617904663 and parameters: {'gradient_clip_val': 0.4609901673880589, 'hidden_size': 37, 'dropout': 0.36119062100545496, 'hidden_continuous_size': 33, 'attention_head_size': 3, 'learning_rate': 0.005005922592718336}. Best is trial 3 with value: 1.6173864603042603.
LOCAL_RANK: 0 - CUDA_VISIBLE_DEVICES: [0]
[I 2023-11-30 03:49:56,591] Trial 10 finished with value: 4.101372241973877 and parameters: {'gradient_clip_val': 0.9555956662320211, 'hidden_size': 10, 'dropout': 0.3083622095787275, 'hidden_continuous_size': 10, 'attention_head_size': 2, 'learning_rate': 0.0018638791729584346}. Best is trial 3 with value: 1.6173864603042603.
LOCAL_RANK: 0 - CUDA_VISIBLE_DEVICES: [0]
[I 2023-11-30 03:50:10,815] Trial 11 finished with value: 2.2994511127471924 and parameters: {'gradient_clip_val': 0.2985853898275452, 'hidden_size': 111, 'dropout': 0.10777845764439925, 'hidden_continuous_size': 82, 'attention_head_size': 2, 'learning_rate': 0.01177357309725797}. Best is trial 3 with value: 1.6173864603042603.
LOCAL_RANK: 0 - CUDA_VISIBLE_DEVICES: [0]
[I 2023-11-30 03:50:20,884] Trial 12 finished with value: 2.1079599857330322 and parameters: {'gradient_clip_val': 0.3091967311145479, 'hidden_size': 10, 'dropout': 0.32294557722124817, 'hidden_continuous_size': 10, 'attention_head_size': 2, 'learning_rate': 0.00954332906094331}. Best is trial 3 with value: 1.6173864603042603.
LOCAL_RANK: 0 - CUDA_VISIBLE_DEVICES: [0]
[I 2023-11-30 03:50:33,584] Trial 13 finished with value: 2.5347461700439453 and parameters: {'gradient_clip_val': 0.46442252565880293, 'hidden_size': 52, 'dropout': 0.2657666359724078, 'hidden_continuous_size': 17, 'attention_head_size': 1, 'learning_rate': 0.0010374563039709554}. Best is trial 3 with value: 1.6173864603042603.
LOCAL_RANK: 0 - CUDA_VISIBLE_DEVICES: [0]
[I 2023-11-30 03:50:45,831] Trial 14 finished with value: 1.6601057052612305 and parameters: {'gradient_clip_val': 0.23706819784041064, 'hidden_size': 17, 'dropout': 0.3964387668833267, 'hidden_continuous_size': 10, 'attention_head_size': 2, 'learning_rate': 0.02121565723234335}. Best is trial 3 with value: 1.6173864603042603.
LOCAL_RANK: 0 - CUDA_VISIBLE_DEVICES: [0]
[I 2023-11-30 03:50:57,616] Trial 15 finished with value: 2.006122589111328 and parameters: {'gradient_clip_val': 0.22567829346383478, 'hidden_size': 16, 'dropout': 0.396766023346108, 'hidden_continuous_size': 10, 'attention_head_size': 1, 'learning_rate': 0.021873067013270228}. Best is trial 3 with value: 1.6173864603042603.
LOCAL_RANK: 0 - CUDA_VISIBLE_DEVICES: [0]
[I 2023-11-30 03:51:09,645] Trial 16 finished with value: 1.5722748041152954 and parameters: {'gradient_clip_val': 0.5752319350436639, 'hidden_size': 17, 'dropout': 0.35665357559450306, 'hidden_continuous_size': 10, 'attention_head_size': 2, 'learning_rate': 0.029175398096247113}. Best is trial 16 with value: 1.5722748041152954.
LOCAL_RANK: 0 - CUDA_VISIBLE_DEVICES: [0]
[I 2023-11-30 03:51:21,361] Trial 17 finished with value: 1.668174386024475 and parameters: {'gradient_clip_val': 0.5800150290201366, 'hidden_size': 12, 'dropout': 0.34997274354300933, 'hidden_continuous_size': 10, 'attention_head_size': 1, 'learning_rate': 0.048618296063285146}. Best is trial 16 with value: 1.5722748041152954.
LOCAL_RANK: 0 - CUDA_VISIBLE_DEVICES: [0]
[I 2023-11-30 03:51:33,439] Trial 18 finished with value: 1.8544620275497437 and parameters: {'gradient_clip_val': 0.9274108445304449, 'hidden_size': 21, 'dropout': 0.36204087252959594, 'hidden_continuous_size': 11, 'attention_head_size': 2, 'learning_rate': 0.040347470320921466}. Best is trial 16 with value: 1.5722748041152954.
LOCAL_RANK: 0 - CUDA_VISIBLE_DEVICES: [0]
[I 2023-11-30 03:51:45,306] Trial 19 finished with value: 1.4923642873764038 and parameters: {'gradient_clip_val': 0.5363128698308789, 'hidden_size': 16, 'dropout': 0.30439400872040107, 'hidden_continuous_size': 11, 'attention_head_size': 1, 'learning_rate': 0.01833083101384739}. Best is trial 19 with value: 1.4923642873764038.
LOCAL_RANK: 0 - CUDA_VISIBLE_DEVICES: [0]
[I 2023-11-30 03:51:57,274] Trial 20 finished with value: 2.258537530899048 and parameters: {'gradient_clip_val': 0.4762476612847319, 'hidden_size': 20, 'dropout': 0.2964097951275165, 'hidden_continuous_size': 11, 'attention_head_size': 2, 'learning_rate': 0.0912678031603808}. Best is trial 19 with value: 1.4923642873764038.
LOCAL_RANK: 0 - CUDA_VISIBLE_DEVICES: [0]
[I 2023-11-30 03:52:09,235] Trial 21 finished with value: 1.660822868347168 and parameters: {'gradient_clip_val': 0.5836454421455033, 'hidden_size': 14, 'dropout': 0.3392624183712157, 'hidden_continuous_size': 10, 'attention_head_size': 1, 'learning_rate': 0.016490865250828407}. Best is trial 19 with value: 1.4923642873764038.
LOCAL_RANK: 0 - CUDA_VISIBLE_DEVICES: [0]
[I 2023-11-30 03:52:19,294] Trial 22 finished with value: 1.8232558965682983 and parameters: {'gradient_clip_val': 0.5431513559342283, 'hidden_size': 10, 'dropout': 0.3224998755944741, 'hidden_continuous_size': 10, 'attention_head_size': 1, 'learning_rate': 0.029933301673533235}. Best is trial 19 with value: 1.4923642873764038.
LOCAL_RANK: 0 - CUDA_VISIBLE_DEVICES: [0]
[I 2023-11-30 03:52:31,270] Trial 23 finished with value: 2.2868399620056152 and parameters: {'gradient_clip_val': 0.7434634706880701, 'hidden_size': 14, 'dropout': 0.37258145808947735, 'hidden_continuous_size': 11, 'attention_head_size': 1, 'learning_rate': 0.010075640199879601}. Best is trial 19 with value: 1.4923642873764038.
LOCAL_RANK: 0 - CUDA_VISIBLE_DEVICES: [0]
[I 2023-11-30 03:52:43,159] Trial 24 finished with value: 1.8088639974594116 and parameters: {'gradient_clip_val': 0.6903769524121718, 'hidden_size': 17, 'dropout': 0.3358312409604282, 'hidden_continuous_size': 11, 'attention_head_size': 2, 'learning_rate': 0.016359810594661534}. Best is trial 19 with value: 1.4923642873764038.
LOCAL_RANK: 0 - CUDA_VISIBLE_DEVICES: [0]
[I 2023-11-30 03:52:55,006] Trial 25 finished with value: 1.717074990272522 and parameters: {'gradient_clip_val': 0.505159062629914, 'hidden_size': 12, 'dropout': 0.29521057571856824, 'hidden_continuous_size': 10, 'attention_head_size': 1, 'learning_rate': 0.022327512527600565}. Best is trial 19 with value: 1.4923642873764038.
LOCAL_RANK: 0 - CUDA_VISIBLE_DEVICES: [0]
[I 2023-11-30 03:53:07,255] Trial 26 finished with value: 1.8613265752792358 and parameters: {'gradient_clip_val': 0.3966825109465637, 'hidden_size': 25, 'dropout': 0.3676733881035413, 'hidden_continuous_size': 11, 'attention_head_size': 2, 'learning_rate': 0.008378499067454593}. Best is trial 19 with value: 1.4923642873764038.
LOCAL_RANK: 0 - CUDA_VISIBLE_DEVICES: [0]
[I 2023-11-30 03:53:18,974] Trial 27 finished with value: 2.2120769023895264 and parameters: {'gradient_clip_val': 0.8426155110403147, 'hidden_size': 20, 'dropout': 0.37717685085919644, 'hidden_continuous_size': 11, 'attention_head_size': 1, 'learning_rate': 0.04737232071338404}. Best is trial 19 with value: 1.4923642873764038.
LOCAL_RANK: 0 - CUDA_VISIBLE_DEVICES: [0]
[I 2023-11-30 03:53:31,080] Trial 28 finished with value: 2.4836390018463135 and parameters: {'gradient_clip_val': 0.6782646861911875, 'hidden_size': 15, 'dropout': 0.345613519643838, 'hidden_continuous_size': 10, 'attention_head_size': 1, 'learning_rate': 0.013592199134441433}. Best is trial 19 with value: 1.4923642873764038.
LOCAL_RANK: 0 - CUDA_VISIBLE_DEVICES: [0]
[I 2023-11-30 03:53:43,096] Trial 29 finished with value: 1.7778676748275757 and parameters: {'gradient_clip_val': 0.5888922106618082, 'hidden_size': 28, 'dropout': 0.31740922723907555, 'hidden_continuous_size': 12, 'attention_head_size': 2, 'learning_rate': 0.007339589342362675}. Best is trial 19 with value: 1.4923642873764038.
LOCAL_RANK: 0 - CUDA_VISIBLE_DEVICES: [0]
[I 2023-11-30 03:53:55,383] Trial 30 finished with value: 2.3448150157928467 and parameters: {'gradient_clip_val': 0.9936161490376377, 'hidden_size': 19, 'dropout': 0.37986493690823114, 'hidden_continuous_size': 11, 'attention_head_size': 4, 'learning_rate': 0.01019594191857701}. Best is trial 19 with value: 1.4923642873764038.
LOCAL_RANK: 0 - CUDA_VISIBLE_DEVICES: [0]
[I 2023-11-30 03:54:07,189] Trial 31 finished with value: 1.9697397947311401 and parameters: {'gradient_clip_val': 0.3872876134516223, 'hidden_size': 16, 'dropout': 0.3976922028703744, 'hidden_continuous_size': 10, 'attention_head_size': 2, 'learning_rate': 0.022005864537654476}. Best is trial 19 with value: 1.4923642873764038.
LOCAL_RANK: 0 - CUDA_VISIBLE_DEVICES: [0]
[I 2023-11-30 03:54:18,908] Trial 32 finished with value: 2.52268385887146 and parameters: {'gradient_clip_val': 0.6593273195799199, 'hidden_size': 12, 'dropout': 0.3815968258310496, 'hidden_continuous_size': 10, 'attention_head_size': 2, 'learning_rate': 0.018022860204078794}. Best is trial 19 with value: 1.4923642873764038.
LOCAL_RANK: 0 - CUDA_VISIBLE_DEVICES: [0]
