[I 2023-11-29 23:30:26,540] Trial 23 finished with value: 0.15186168253421783 and parameters: {'gradient_clip_val': 0.35473981496963947, 'hidden_size': 29, 'dropout': 0.16320320202398397, 'hidden_continuous_size': 14, 'attention_head_size': 1, 'learning_rate': 0.03452620540067624}. Best is trial 10 with value: 0.11619964987039566.
LOCAL_RANK: 0 - CUDA_VISIBLE_DEVICES: [0]
[I 2023-11-29 23:30:38,669] Trial 24 finished with value: 0.1681932955980301 and parameters: {'gradient_clip_val': 0.4664946455182327, 'hidden_size': 21, 'dropout': 0.1298357099443243, 'hidden_continuous_size': 11, 'attention_head_size': 3, 'learning_rate': 0.03733332904325921}. Best is trial 10 with value: 0.11619964987039566.
LOCAL_RANK: 0 - CUDA_VISIBLE_DEVICES: [0]
[I 2023-11-29 23:30:50,922] Trial 25 finished with value: 0.1262834519147873 and parameters: {'gradient_clip_val': 0.27413031647854313, 'hidden_size': 18, 'dropout': 0.17894468076242626, 'hidden_continuous_size': 13, 'attention_head_size': 2, 'learning_rate': 0.06435856906318431}. Best is trial 10 with value: 0.11619964987039566.
LOCAL_RANK: 0 - CUDA_VISIBLE_DEVICES: [0]
[I 2023-11-29 23:31:02,571] Trial 26 finished with value: 0.27588188648223877 and parameters: {'gradient_clip_val': 0.18911631787218966, 'hidden_size': 12, 'dropout': 0.20395425397501898, 'hidden_continuous_size': 10, 'attention_head_size': 1, 'learning_rate': 0.05944187700134866}. Best is trial 10 with value: 0.11619964987039566.
LOCAL_RANK: 0 - CUDA_VISIBLE_DEVICES: [0]
[I 2023-11-29 23:31:14,579] Trial 27 finished with value: 0.4658162593841553 and parameters: {'gradient_clip_val': 0.26685534855362414, 'hidden_size': 15, 'dropout': 0.26547816820499287, 'hidden_continuous_size': 11, 'attention_head_size': 2, 'learning_rate': 0.07310490028056364}. Best is trial 10 with value: 0.11619964987039566.
LOCAL_RANK: 0 - CUDA_VISIBLE_DEVICES: [0]
[I 2023-11-29 23:31:24,803] Trial 28 finished with value: 0.3904848098754883 and parameters: {'gradient_clip_val': 0.15232817698156897, 'hidden_size': 10, 'dropout': 0.17868624344999134, 'hidden_continuous_size': 10, 'attention_head_size': 1, 'learning_rate': 0.04452003634190753}. Best is trial 10 with value: 0.11619964987039566.
LOCAL_RANK: 0 - CUDA_VISIBLE_DEVICES: [0]
[I 2023-11-29 23:31:36,992] Trial 29 finished with value: 0.837332546710968 and parameters: {'gradient_clip_val': 0.3025284111184321, 'hidden_size': 17, 'dropout': 0.19449563231018735, 'hidden_continuous_size': 12, 'attention_head_size': 2, 'learning_rate': 0.01712929259076635}. Best is trial 10 with value: 0.11619964987039566.
LOCAL_RANK: 0 - CUDA_VISIBLE_DEVICES: [0]
[I 2023-11-29 23:31:49,587] Trial 30 finished with value: 0.273929625749588 and parameters: {'gradient_clip_val': 0.24519650641030796, 'hidden_size': 30, 'dropout': 0.21652329324433023, 'hidden_continuous_size': 14, 'attention_head_size': 2, 'learning_rate': 0.033635497786342394}. Best is trial 10 with value: 0.11619964987039566.
LOCAL_RANK: 0 - CUDA_VISIBLE_DEVICES: [0]
[I 2023-11-29 23:32:01,799] Trial 31 finished with value: 0.18955858051776886 and parameters: {'gradient_clip_val': 0.31562516457123513, 'hidden_size': 19, 'dropout': 0.16932718623872686, 'hidden_continuous_size': 13, 'attention_head_size': 3, 'learning_rate': 0.07068310247053243}. Best is trial 10 with value: 0.11619964987039566.
LOCAL_RANK: 0 - CUDA_VISIBLE_DEVICES: [0]
[I 2023-11-29 23:32:13,875] Trial 32 finished with value: 0.14937041699886322 and parameters: {'gradient_clip_val': 0.13229681310150423, 'hidden_size': 22, 'dropout': 0.14416647733402896, 'hidden_continuous_size': 13, 'attention_head_size': 1, 'learning_rate': 0.07783839437246239}. Best is trial 10 with value: 0.11619964987039566.
LOCAL_RANK: 0 - CUDA_VISIBLE_DEVICES: [0]
[I 2023-11-29 23:32:25,880] Trial 33 finished with value: 0.3097745478153229 and parameters: {'gradient_clip_val': 0.20304277841169582, 'hidden_size': 14, 'dropout': 0.11656120268957726, 'hidden_continuous_size': 11, 'attention_head_size': 2, 'learning_rate': 0.04977299965046511}. Best is trial 10 with value: 0.11619964987039566.
LOCAL_RANK: 0 - CUDA_VISIBLE_DEVICES: [0]
[I 2023-11-29 23:32:37,783] Trial 34 finished with value: 0.14508864283561707 and parameters: {'gradient_clip_val': 0.2649365420967362, 'hidden_size': 19, 'dropout': 0.14896978773829647, 'hidden_continuous_size': 14, 'attention_head_size': 1, 'learning_rate': 0.08227522906003364}. Best is trial 10 with value: 0.11619964987039566.
LOCAL_RANK: 0 - CUDA_VISIBLE_DEVICES: [0]
[I 2023-11-29 23:32:49,696] Trial 35 finished with value: 0.28797081112861633 and parameters: {'gradient_clip_val': 0.10069347904843232, 'hidden_size': 12, 'dropout': 0.20922389501627003, 'hidden_continuous_size': 10, 'attention_head_size': 4, 'learning_rate': 0.05820803528068562}. Best is trial 10 with value: 0.11619964987039566.
LOCAL_RANK: 0 - CUDA_VISIBLE_DEVICES: [0]
[I 2023-11-29 23:33:02,391] Trial 36 finished with value: 0.12019666284322739 and parameters: {'gradient_clip_val': 0.2816616646402858, 'hidden_size': 42, 'dropout': 0.17037679128123043, 'hidden_continuous_size': 16, 'attention_head_size': 3, 'learning_rate': 0.09789444874464466}. Best is trial 10 with value: 0.11619964987039566.
LOCAL_RANK: 0 - CUDA_VISIBLE_DEVICES: [0]
[I 2023-11-29 23:33:15,225] Trial 37 finished with value: 0.2134941667318344 and parameters: {'gradient_clip_val': 0.23516926861568016, 'hidden_size': 51, 'dropout': 0.17088554036207376, 'hidden_continuous_size': 16, 'attention_head_size': 3, 'learning_rate': 0.09779386577134913}. Best is trial 10 with value: 0.11619964987039566.
LOCAL_RANK: 0 - CUDA_VISIBLE_DEVICES: [0]
[I 2023-11-29 23:33:27,924] Trial 38 finished with value: 0.18211157619953156 and parameters: {'gradient_clip_val': 0.27538292327173325, 'hidden_size': 45, 'dropout': 0.12045823462840766, 'hidden_continuous_size': 16, 'attention_head_size': 3, 'learning_rate': 0.054914550426373644}. Best is trial 10 with value: 0.11619964987039566.
LOCAL_RANK: 0 - CUDA_VISIBLE_DEVICES: [0]
[I 2023-11-29 23:33:40,425] Trial 39 finished with value: 0.24158167839050293 and parameters: {'gradient_clip_val': 0.35652544498180405, 'hidden_size': 35, 'dropout': 0.24409175332427674, 'hidden_continuous_size': 15, 'attention_head_size': 2, 'learning_rate': 0.042465969047194026}. Best is trial 10 with value: 0.11619964987039566.
LOCAL_RANK: 0 - CUDA_VISIBLE_DEVICES: [0]
[I 2023-11-29 23:33:53,275] Trial 40 finished with value: 0.25852248072624207 and parameters: {'gradient_clip_val': 0.2969022578604031, 'hidden_size': 33, 'dropout': 0.1432843591721064, 'hidden_continuous_size': 15, 'attention_head_size': 3, 'learning_rate': 0.00961127988977632}. Best is trial 10 with value: 0.11619964987039566.
LOCAL_RANK: 0 - CUDA_VISIBLE_DEVICES: [0]
[I 2023-11-29 23:34:05,585] Trial 41 finished with value: 0.17562536895275116 and parameters: {'gradient_clip_val': 0.3469839468126276, 'hidden_size': 25, 'dropout': 0.2207859365116994, 'hidden_continuous_size': 17, 'attention_head_size': 2, 'learning_rate': 0.07724166601115633}. Best is trial 10 with value: 0.11619964987039566.
LOCAL_RANK: 0 - CUDA_VISIBLE_DEVICES: [0]
[I 2023-11-29 23:34:17,837] Trial 42 finished with value: 0.19850921630859375 and parameters: {'gradient_clip_val': 0.42140585514586665, 'hidden_size': 25, 'dropout': 0.19858584049824113, 'hidden_continuous_size': 15, 'attention_head_size': 4, 'learning_rate': 0.06322435054901082}. Best is trial 10 with value: 0.11619964987039566.
LOCAL_RANK: 0 - CUDA_VISIBLE_DEVICES: [0]
[I 2023-11-29 23:34:30,040] Trial 43 finished with value: 0.2381688952445984 and parameters: {'gradient_clip_val': 0.4978798980775481, 'hidden_size': 17, 'dropout': 0.17289283067725442, 'hidden_continuous_size': 13, 'attention_head_size': 1, 'learning_rate': 0.04968658476942744}. Best is trial 10 with value: 0.11619964987039566.
LOCAL_RANK: 0 - CUDA_VISIBLE_DEVICES: [0]
[I 2023-11-29 23:34:42,553] Trial 44 finished with value: 0.11156216263771057 and parameters: {'gradient_clip_val': 0.392077874820462, 'hidden_size': 40, 'dropout': 0.15023654480590903, 'hidden_continuous_size': 19, 'attention_head_size': 3, 'learning_rate': 0.08595410856705167}. Best is trial 44 with value: 0.11156216263771057.
LOCAL_RANK: 0 - CUDA_VISIBLE_DEVICES: [0]
[I 2023-11-29 23:34:55,507] Trial 45 finished with value: 0.1505715698003769 and parameters: {'gradient_clip_val': 0.38795000715212147, 'hidden_size': 41, 'dropout': 0.1550590200865072, 'hidden_continuous_size': 18, 'attention_head_size': 3, 'learning_rate': 0.09977815557866183}. Best is trial 44 with value: 0.11156216263771057.
LOCAL_RANK: 0 - CUDA_VISIBLE_DEVICES: [0]
[I 2023-11-29 23:35:08,295] Trial 46 finished with value: 0.1397007405757904 and parameters: {'gradient_clip_val': 0.34436076099189356, 'hidden_size': 51, 'dropout': 0.13986131495512238, 'hidden_continuous_size': 19, 'attention_head_size': 3, 'learning_rate': 0.08125743527268613}. Best is trial 44 with value: 0.11156216263771057.
LOCAL_RANK: 0 - CUDA_VISIBLE_DEVICES: [0]
[I 2023-11-29 23:35:20,825] Trial 47 finished with value: 0.10697893053293228 and parameters: {'gradient_clip_val': 0.31849444244780895, 'hidden_size': 31, 'dropout': 0.10986653519943468, 'hidden_continuous_size': 17, 'attention_head_size': 3, 'learning_rate': 0.06442115043677539}. Best is trial 47 with value: 0.10697893053293228.
LOCAL_RANK: 0 - CUDA_VISIBLE_DEVICES: [0]
[I 2023-11-29 23:35:33,424] Trial 48 finished with value: 0.1109403669834137 and parameters: {'gradient_clip_val': 0.32314344289708885, 'hidden_size': 33, 'dropout': 0.1100930416376238, 'hidden_continuous_size': 20, 'attention_head_size': 3, 'learning_rate': 0.04996536022432711}. Best is trial 47 with value: 0.10697893053293228.
LOCAL_RANK: 0 - CUDA_VISIBLE_DEVICES: [0]
[I 2023-11-29 23:35:46,229] Trial 49 finished with value: 0.12334760278463364 and parameters: {'gradient_clip_val': 0.5675835708173814, 'hidden_size': 39, 'dropout': 0.11073062287634701, 'hidden_continuous_size': 20, 'attention_head_size': 3, 'learning_rate': 0.08606319660108804}. Best is trial 47 with value: 0.10697893053293228.
LOCAL_RANK: 0 - CUDA_VISIBLE_DEVICES: [0]
[I 2023-11-29 23:35:59,138] Trial 50 finished with value: 0.14205698668956757 and parameters: {'gradient_clip_val': 0.4002918038666989, 'hidden_size': 35, 'dropout': 0.10121666416165728, 'hidden_continuous_size': 21, 'attention_head_size': 3, 'learning_rate': 0.03011632701620099}. Best is trial 47 with value: 0.10697893053293228.
LOCAL_RANK: 0 - CUDA_VISIBLE_DEVICES: [0]
[I 2023-11-29 23:36:11,438] Trial 51 finished with value: 0.17363525927066803 and parameters: {'gradient_clip_val': 0.326399163617958, 'hidden_size': 32, 'dropout': 0.117968358814936, 'hidden_continuous_size': 18, 'attention_head_size': 3, 'learning_rate': 0.04861989353435811}. Best is trial 47 with value: 0.10697893053293228.
LOCAL_RANK: 0 - CUDA_VISIBLE_DEVICES: [0]
[I 2023-11-29 23:36:23,880] Trial 52 finished with value: 0.22427856922149658 and parameters: {'gradient_clip_val': 0.29779828807714165, 'hidden_size': 27, 'dropout': 0.12506790215375968, 'hidden_continuous_size': 17, 'attention_head_size': 3, 'learning_rate': 0.04017733787543191}. Best is trial 47 with value: 0.10697893053293228.
LOCAL_RANK: 0 - CUDA_VISIBLE_DEVICES: [0]
[I 2023-11-29 23:36:36,684] Trial 53 finished with value: 0.08693423122167587 and parameters: {'gradient_clip_val': 0.43602008181659613, 'hidden_size': 46, 'dropout': 0.10913468766850955, 'hidden_continuous_size': 22, 'attention_head_size': 3, 'learning_rate': 0.06223137550315149}. Best is trial 53 with value: 0.08693423122167587.
LOCAL_RANK: 0 - CUDA_VISIBLE_DEVICES: [0]
[I 2023-11-29 23:36:49,284] Trial 54 finished with value: 0.09928353875875473 and parameters: {'gradient_clip_val': 0.639508875994476, 'hidden_size': 46, 'dropout': 0.11116242371488338, 'hidden_continuous_size': 23, 'attention_head_size': 3, 'learning_rate': 0.057976944838043006}. Best is trial 53 with value: 0.08693423122167587.
LOCAL_RANK: 0 - CUDA_VISIBLE_DEVICES: [0]
[I 2023-11-29 23:37:02,789] Trial 55 finished with value: 0.14203691482543945 and parameters: {'gradient_clip_val': 0.6401585805045474, 'hidden_size': 61, 'dropout': 0.11090380792504109, 'hidden_continuous_size': 22, 'attention_head_size': 3, 'learning_rate': 0.0602329915515938}. Best is trial 53 with value: 0.08693423122167587.
LOCAL_RANK: 0 - CUDA_VISIBLE_DEVICES: [0]
[I 2023-11-29 23:37:15,392] Trial 56 finished with value: 0.19046330451965332 and parameters: {'gradient_clip_val': 0.43071721188406464, 'hidden_size': 38, 'dropout': 0.10322993931741867, 'hidden_continuous_size': 23, 'attention_head_size': 3, 'learning_rate': 0.05171984726439194}. Best is trial 53 with value: 0.08693423122167587.
LOCAL_RANK: 0 - CUDA_VISIBLE_DEVICES: [0]
[I 2023-11-29 23:37:28,327] Trial 57 finished with value: 0.12418005615472794 and parameters: {'gradient_clip_val': 0.4915036159287476, 'hidden_size': 46, 'dropout': 0.13010477213518357, 'hidden_continuous_size': 24, 'attention_head_size': 3, 'learning_rate': 0.07086785539716417}. Best is trial 53 with value: 0.08693423122167587.
LOCAL_RANK: 0 - CUDA_VISIBLE_DEVICES: [0]
[I 2023-11-29 23:37:41,008] Trial 58 finished with value: 0.1141042411327362 and parameters: {'gradient_clip_val': 0.38066940962298296, 'hidden_size': 37, 'dropout': 0.11815398800706503, 'hidden_continuous_size': 25, 'attention_head_size': 3, 'learning_rate': 0.03818055614797374}. Best is trial 53 with value: 0.08693423122167587.
LOCAL_RANK: 0 - CUDA_VISIBLE_DEVICES: [0]
[I 2023-11-29 23:37:53,355] Trial 59 finished with value: 0.13828438520431519 and parameters: {'gradient_clip_val': 0.37661480706029726, 'hidden_size': 36, 'dropout': 0.1348703146285457, 'hidden_continuous_size': 24, 'attention_head_size': 3, 'learning_rate': 0.03608188578446155}. Best is trial 53 with value: 0.08693423122167587.
LOCAL_RANK: 0 - CUDA_VISIBLE_DEVICES: [0]
[I 2023-11-29 23:38:06,277] Trial 60 finished with value: 0.13096760213375092 and parameters: {'gradient_clip_val': 0.4530008379227524, 'hidden_size': 38, 'dropout': 0.11815529556382119, 'hidden_continuous_size': 26, 'attention_head_size': 4, 'learning_rate': 0.029267005035767648}. Best is trial 53 with value: 0.08693423122167587.
LOCAL_RANK: 0 - CUDA_VISIBLE_DEVICES: [0]
[I 2023-11-29 23:38:18,762] Trial 61 finished with value: 0.1355249136686325 and parameters: {'gradient_clip_val': 0.414904412247914, 'hidden_size': 29, 'dropout': 0.10022754412422591, 'hidden_continuous_size': 21, 'attention_head_size': 3, 'learning_rate': 0.057233240032532266}. Best is trial 53 with value: 0.08693423122167587.
LOCAL_RANK: 0 - CUDA_VISIBLE_DEVICES: [0]
[I 2023-11-29 23:38:31,420] Trial 62 finished with value: 0.13911700248718262 and parameters: {'gradient_clip_val': 0.6305982633482681, 'hidden_size': 46, 'dropout': 0.1114963400761751, 'hidden_continuous_size': 20, 'attention_head_size': 3, 'learning_rate': 0.06735265559410888}. Best is trial 53 with value: 0.08693423122167587.
LOCAL_RANK: 0 - CUDA_VISIBLE_DEVICES: [0]
[I 2023-11-29 23:38:43,662] Trial 63 finished with value: 0.15464001893997192 and parameters: {'gradient_clip_val': 0.38115895448470916, 'hidden_size': 23, 'dropout': 0.1395022019242819, 'hidden_continuous_size': 19, 'attention_head_size': 3, 'learning_rate': 0.08223185784624902}. Best is trial 53 with value: 0.08693423122167587.
LOCAL_RANK: 0 - CUDA_VISIBLE_DEVICES: [0]
[I 2023-11-29 23:38:56,877] Trial 64 finished with value: 0.14496971666812897 and parameters: {'gradient_clip_val': 0.3247948720970451, 'hidden_size': 57, 'dropout': 0.12484308684065834, 'hidden_continuous_size': 29, 'attention_head_size': 3, 'learning_rate': 0.04698110399416301}. Best is trial 53 with value: 0.08693423122167587.
LOCAL_RANK: 0 - CUDA_VISIBLE_DEVICES: [0]
[I 2023-11-29 23:39:09,760] Trial 65 finished with value: 0.1082015112042427 and parameters: {'gradient_clip_val': 0.515250055498964, 'hidden_size': 41, 'dropout': 0.11002328525419736, 'hidden_continuous_size': 22, 'attention_head_size': 3, 'learning_rate': 0.03832850631517238}. Best is trial 53 with value: 0.08693423122167587.
LOCAL_RANK: 0 - CUDA_VISIBLE_DEVICES: [0]
[I 2023-11-29 23:39:22,322] Trial 66 finished with value: 0.2638109624385834 and parameters: {'gradient_clip_val': 0.4797089116459719, 'hidden_size': 41, 'dropout': 0.12564569213922955, 'hidden_continuous_size': 22, 'attention_head_size': 3, 'learning_rate': 0.023686047270575727}. Best is trial 53 with value: 0.08693423122167587.
LOCAL_RANK: 0 - CUDA_VISIBLE_DEVICES: [0]
[I 2023-11-29 23:39:34,699] Trial 67 finished with value: 0.1353515386581421 and parameters: {'gradient_clip_val': 0.4449627527814593, 'hidden_size': 32, 'dropout': 0.10834975835834856, 'hidden_continuous_size': 21, 'attention_head_size': 3, 'learning_rate': 0.03762916783004249}. Best is trial 53 with value: 0.08693423122167587.
LOCAL_RANK: 0 - CUDA_VISIBLE_DEVICES: [0]
[I 2023-11-29 23:39:47,386] Trial 68 finished with value: 0.1421079784631729 and parameters: {'gradient_clip_val': 0.5159138294217046, 'hidden_size': 35, 'dropout': 0.153175449122604, 'hidden_continuous_size': 19, 'attention_head_size': 3, 'learning_rate': 0.03213494270727069}. Best is trial 53 with value: 0.08693423122167587.
LOCAL_RANK: 0 - CUDA_VISIBLE_DEVICES: [0]
[I 2023-11-29 23:40:00,317] Trial 69 finished with value: 0.15455742180347443 and parameters: {'gradient_clip_val': 0.5423449062833003, 'hidden_size': 50, 'dropout': 0.13492748786490588, 'hidden_continuous_size': 24, 'attention_head_size': 4, 'learning_rate': 0.04388437560065877}. Best is trial 53 with value: 0.08693423122167587.
LOCAL_RANK: 0 - CUDA_VISIBLE_DEVICES: [0]
[I 2023-11-29 23:40:13,291] Trial 70 finished with value: 0.14286644756793976 and parameters: {'gradient_clip_val': 0.4125237075464167, 'hidden_size': 44, 'dropout': 0.11652753243280517, 'hidden_continuous_size': 22, 'attention_head_size': 3, 'learning_rate': 0.054096222197413495}. Best is trial 53 with value: 0.08693423122167587.
LOCAL_RANK: 0 - CUDA_VISIBLE_DEVICES: [0]
[I 2023-11-29 23:40:26,657] Trial 71 finished with value: 0.24739901721477509 and parameters: {'gradient_clip_val': 0.34678268799409356, 'hidden_size': 70, 'dropout': 0.10917871643762433, 'hidden_continuous_size': 26, 'attention_head_size': 3, 'learning_rate': 0.06973296349917751}. Best is trial 53 with value: 0.08693423122167587.
LOCAL_RANK: 0 - CUDA_VISIBLE_DEVICES: [0]
[I 2023-11-29 23:40:39,363] Trial 72 finished with value: 0.12849092483520508 and parameters: {'gradient_clip_val': 0.3699675485344764, 'hidden_size': 39, 'dropout': 0.1185492483266871, 'hidden_continuous_size': 20, 'attention_head_size': 3, 'learning_rate': 0.062394976267207365}. Best is trial 53 with value: 0.08693423122167587.
LOCAL_RANK: 0 - CUDA_VISIBLE_DEVICES: [0]
[I 2023-11-29 23:40:52,133] Trial 73 finished with value: 0.12946943938732147 and parameters: {'gradient_clip_val': 0.10963178248507394, 'hidden_size': 48, 'dropout': 0.13192304463840634, 'hidden_continuous_size': 23, 'attention_head_size': 3, 'learning_rate': 0.08888774714807472}. Best is trial 53 with value: 0.08693423122167587.
LOCAL_RANK: 0 - CUDA_VISIBLE_DEVICES: [0]
[I 2023-11-29 23:41:05,172] Trial 74 finished with value: 0.14531289041042328 and parameters: {'gradient_clip_val': 0.310542614263077, 'hidden_size': 56, 'dropout': 0.10013754237168304, 'hidden_continuous_size': 26, 'attention_head_size': 3, 'learning_rate': 0.038327200627196245}. Best is trial 53 with value: 0.08693423122167587.
LOCAL_RANK: 0 - CUDA_VISIBLE_DEVICES: [0]
[I 2023-11-29 23:41:18,093] Trial 75 finished with value: 0.21314549446105957 and parameters: {'gradient_clip_val': 0.46288488776486125, 'hidden_size': 43, 'dropout': 0.14873906903488063, 'hidden_continuous_size': 21, 'attention_head_size': 3, 'learning_rate': 0.07468513804924351}. Best is trial 53 with value: 0.08693423122167587.
LOCAL_RANK: 0 - CUDA_VISIBLE_DEVICES: [0]
[I 2023-11-29 23:41:30,357] Trial 76 finished with value: 0.10975766181945801 and parameters: {'gradient_clip_val': 0.3984858114322824, 'hidden_size': 21, 'dropout': 0.12329612810970776, 'hidden_continuous_size': 18, 'attention_head_size': 3, 'learning_rate': 0.05476255856408668}. Best is trial 53 with value: 0.08693423122167587.
LOCAL_RANK: 0 - CUDA_VISIBLE_DEVICES: [0]
[I 2023-11-29 23:41:42,841] Trial 77 finished with value: 0.1263146549463272 and parameters: {'gradient_clip_val': 0.4007687199681664, 'hidden_size': 40, 'dropout': 0.1249011827860713, 'hidden_continuous_size': 18, 'attention_head_size': 3, 'learning_rate': 0.04544698427664323}. Best is trial 53 with value: 0.08693423122167587.
LOCAL_RANK: 0 - CUDA_VISIBLE_DEVICES: [0]
[I 2023-11-29 23:41:55,366] Trial 78 finished with value: 0.09616414457559586 and parameters: {'gradient_clip_val': 0.4242841998581914, 'hidden_size': 30, 'dropout': 0.14116677858168536, 'hidden_continuous_size': 19, 'attention_head_size': 3, 'learning_rate': 0.054755069740878126}. Best is trial 53 with value: 0.08693423122167587.
LOCAL_RANK: 0 - CUDA_VISIBLE_DEVICES: [0]
[I 2023-11-29 23:42:07,823] Trial 79 finished with value: 0.1526213139295578 and parameters: {'gradient_clip_val': 0.4493886549429056, 'hidden_size': 27, 'dropout': 0.14418591494213656, 'hidden_continuous_size': 18, 'attention_head_size': 3, 'learning_rate': 0.05627692307505853}. Best is trial 53 with value: 0.08693423122167587.
LOCAL_RANK: 0 - CUDA_VISIBLE_DEVICES: [0]
[I 2023-11-29 23:42:20,659] Trial 80 finished with value: 0.1182531788945198 and parameters: {'gradient_clip_val': 0.42747978658738134, 'hidden_size': 34, 'dropout': 0.1334810066695976, 'hidden_continuous_size': 17, 'attention_head_size': 3, 'learning_rate': 0.0642042320802684}. Best is trial 53 with value: 0.08693423122167587.
LOCAL_RANK: 0 - CUDA_VISIBLE_DEVICES: [0]
