[I 2023-11-30 12:02:33,634] Trial 34 finished with value: 0.12699946761131287 and parameters: {'gradient_clip_val': 0.4415329172047165, 'hidden_size': 84, 'dropout': 0.11366208335579056, 'hidden_continuous_size': 34, 'attention_head_size': 3, 'learning_rate': 0.09980328739788054}. Best is trial 17 with value: 0.06940385699272156.
LOCAL_RANK: 0 - CUDA_VISIBLE_DEVICES: [0]
[I 2023-11-30 12:02:48,095] Trial 35 finished with value: 0.1521819829940796 and parameters: {'gradient_clip_val': 0.7901857801316469, 'hidden_size': 150, 'dropout': 0.13842999232183564, 'hidden_continuous_size': 44, 'attention_head_size': 4, 'learning_rate': 0.0425927643961454}. Best is trial 17 with value: 0.06940385699272156.
LOCAL_RANK: 0 - CUDA_VISIBLE_DEVICES: [0]
[I 2023-11-30 12:03:01,903] Trial 36 finished with value: 0.21888476610183716 and parameters: {'gradient_clip_val': 0.341429907847648, 'hidden_size': 124, 'dropout': 0.3820543706335218, 'hidden_continuous_size': 37, 'attention_head_size': 2, 'learning_rate': 0.028955721021014232}. Best is trial 17 with value: 0.06940385699272156.
LOCAL_RANK: 0 - CUDA_VISIBLE_DEVICES: [0]
[I 2023-11-30 12:03:15,048] Trial 37 finished with value: 0.11030679941177368 and parameters: {'gradient_clip_val': 0.6195808944903387, 'hidden_size': 52, 'dropout': 0.351671931078732, 'hidden_continuous_size': 33, 'attention_head_size': 1, 'learning_rate': 0.07131642427700075}. Best is trial 17 with value: 0.06940385699272156.
LOCAL_RANK: 0 - CUDA_VISIBLE_DEVICES: [0]
[I 2023-11-30 12:03:27,549] Trial 38 finished with value: 0.20989905297756195 and parameters: {'gradient_clip_val': 0.7131214314444377, 'hidden_size': 40, 'dropout': 0.3164882323571183, 'hidden_continuous_size': 10, 'attention_head_size': 4, 'learning_rate': 0.055980358992444246}. Best is trial 17 with value: 0.06940385699272156.
LOCAL_RANK: 0 - CUDA_VISIBLE_DEVICES: [0]
[I 2023-11-30 12:03:40,938] Trial 39 finished with value: 0.3835487365722656 and parameters: {'gradient_clip_val': 0.5267555041804807, 'hidden_size': 65, 'dropout': 0.39929507557106636, 'hidden_continuous_size': 30, 'attention_head_size': 3, 'learning_rate': 0.04125148364521372}. Best is trial 17 with value: 0.06940385699272156.
LOCAL_RANK: 0 - CUDA_VISIBLE_DEVICES: [0]
[I 2023-11-30 12:03:54,630] Trial 40 finished with value: 0.11503525823354721 and parameters: {'gradient_clip_val': 0.4534679793425371, 'hidden_size': 77, 'dropout': 0.331275354486966, 'hidden_continuous_size': 37, 'attention_head_size': 4, 'learning_rate': 0.07770833199696588}. Best is trial 17 with value: 0.06940385699272156.
LOCAL_RANK: 0 - CUDA_VISIBLE_DEVICES: [0]
[I 2023-11-30 12:04:08,500] Trial 41 finished with value: 0.2945059835910797 and parameters: {'gradient_clip_val': 0.3341112915914643, 'hidden_size': 103, 'dropout': 0.3434115540149261, 'hidden_continuous_size': 27, 'attention_head_size': 4, 'learning_rate': 0.07076498702414387}. Best is trial 17 with value: 0.06940385699272156.
LOCAL_RANK: 0 - CUDA_VISIBLE_DEVICES: [0]
[I 2023-11-30 12:04:22,054] Trial 42 finished with value: 0.13937883079051971 and parameters: {'gradient_clip_val': 0.30170227379311426, 'hidden_size': 59, 'dropout': 0.3602022928724253, 'hidden_continuous_size': 29, 'attention_head_size': 4, 'learning_rate': 0.05352187882656629}. Best is trial 17 with value: 0.06940385699272156.
LOCAL_RANK: 0 - CUDA_VISIBLE_DEVICES: [0]
[I 2023-11-30 12:04:36,008] Trial 43 finished with value: 0.14659667015075684 and parameters: {'gradient_clip_val': 0.27005751407156764, 'hidden_size': 123, 'dropout': 0.38160238340676467, 'hidden_continuous_size': 22, 'attention_head_size': 4, 'learning_rate': 0.09906313286733313}. Best is trial 17 with value: 0.06940385699272156.
LOCAL_RANK: 0 - CUDA_VISIBLE_DEVICES: [0]
[I 2023-11-30 12:04:49,757] Trial 44 finished with value: 0.09274188429117203 and parameters: {'gradient_clip_val': 0.8772758265113437, 'hidden_size': 87, 'dropout': 0.3384722241464575, 'hidden_continuous_size': 33, 'attention_head_size': 4, 'learning_rate': 0.0758958411385278}. Best is trial 17 with value: 0.06940385699272156.
LOCAL_RANK: 0 - CUDA_VISIBLE_DEVICES: [0]
[I 2023-11-30 12:05:03,226] Trial 45 finished with value: 0.07764685899019241 and parameters: {'gradient_clip_val': 0.8879201448481765, 'hidden_size': 88, 'dropout': 0.3628854803271132, 'hidden_continuous_size': 32, 'attention_head_size': 3, 'learning_rate': 0.03345529662235183}. Best is trial 17 with value: 0.06940385699272156.
LOCAL_RANK: 0 - CUDA_VISIBLE_DEVICES: [0]
[I 2023-11-30 12:05:16,785] Trial 46 finished with value: 0.11929386854171753 and parameters: {'gradient_clip_val': 0.8967005249975283, 'hidden_size': 87, 'dropout': 0.36610590187318615, 'hidden_continuous_size': 32, 'attention_head_size': 4, 'learning_rate': 0.030907367446647963}. Best is trial 17 with value: 0.06940385699272156.
LOCAL_RANK: 0 - CUDA_VISIBLE_DEVICES: [0]
[I 2023-11-30 12:05:30,793] Trial 47 finished with value: 0.09934944659471512 and parameters: {'gradient_clip_val': 0.89991485646263, 'hidden_size': 104, 'dropout': 0.32898960840413166, 'hidden_continuous_size': 43, 'attention_head_size': 3, 'learning_rate': 0.021834234802831823}. Best is trial 17 with value: 0.06940385699272156.
LOCAL_RANK: 0 - CUDA_VISIBLE_DEVICES: [0]
[I 2023-11-30 12:05:44,390] Trial 48 finished with value: 0.2450522929430008 and parameters: {'gradient_clip_val': 0.751868647962515, 'hidden_size': 73, 'dropout': 0.34713358948592304, 'hidden_continuous_size': 39, 'attention_head_size': 4, 'learning_rate': 0.04603616212263022}. Best is trial 17 with value: 0.06940385699272156.
LOCAL_RANK: 0 - CUDA_VISIBLE_DEVICES: [0]
[I 2023-11-30 12:05:58,533] Trial 49 finished with value: 0.15480224788188934 and parameters: {'gradient_clip_val': 0.8682282363230196, 'hidden_size': 134, 'dropout': 0.3830076813619716, 'hidden_continuous_size': 20, 'attention_head_size': 4, 'learning_rate': 0.0825052641315868}. Best is trial 17 with value: 0.06940385699272156.
LOCAL_RANK: 0 - CUDA_VISIBLE_DEVICES: [0]
[I 2023-11-30 12:06:11,695] Trial 50 finished with value: 0.12341329455375671 and parameters: {'gradient_clip_val': 0.998804382054023, 'hidden_size': 88, 'dropout': 0.31692684446779507, 'hidden_continuous_size': 25, 'attention_head_size': 3, 'learning_rate': 0.03673763915121271}. Best is trial 17 with value: 0.06940385699272156.
LOCAL_RANK: 0 - CUDA_VISIBLE_DEVICES: [0]
[I 2023-11-30 12:06:25,404] Trial 51 finished with value: 0.21039466559886932 and parameters: {'gradient_clip_val': 0.888020978012395, 'hidden_size': 104, 'dropout': 0.3313925247004159, 'hidden_continuous_size': 44, 'attention_head_size': 3, 'learning_rate': 0.021258165347264945}. Best is trial 17 with value: 0.06940385699272156.
LOCAL_RANK: 0 - CUDA_VISIBLE_DEVICES: [0]
[I 2023-11-30 12:06:39,299] Trial 52 finished with value: 0.22500081360340118 and parameters: {'gradient_clip_val': 0.7539168563248645, 'hidden_size': 104, 'dropout': 0.36430086372433373, 'hidden_continuous_size': 44, 'attention_head_size': 3, 'learning_rate': 0.015961231043183022}. Best is trial 17 with value: 0.06940385699272156.
LOCAL_RANK: 0 - CUDA_VISIBLE_DEVICES: [0]
[I 2023-11-30 12:06:52,839] Trial 53 finished with value: 0.12894199788570404 and parameters: {'gradient_clip_val': 0.6228649224962048, 'hidden_size': 82, 'dropout': 0.3537658529479178, 'hidden_continuous_size': 34, 'attention_head_size': 2, 'learning_rate': 0.02340567021170151}. Best is trial 17 with value: 0.06940385699272156.
LOCAL_RANK: 0 - CUDA_VISIBLE_DEVICES: [0]
[I 2023-11-30 12:07:06,654] Trial 54 finished with value: 0.11382833868265152 and parameters: {'gradient_clip_val': 0.904223289255811, 'hidden_size': 98, 'dropout': 0.3119603557729479, 'hidden_continuous_size': 39, 'attention_head_size': 3, 'learning_rate': 0.012032420526464114}. Best is trial 17 with value: 0.06940385699272156.
LOCAL_RANK: 0 - CUDA_VISIBLE_DEVICES: [0]
[I 2023-11-30 12:07:20,799] Trial 55 finished with value: 0.18483255803585052 and parameters: {'gradient_clip_val': 0.820628076893912, 'hidden_size': 126, 'dropout': 0.32814381577516494, 'hidden_continuous_size': 53, 'attention_head_size': 4, 'learning_rate': 0.026468756941742812}. Best is trial 17 with value: 0.06940385699272156.
LOCAL_RANK: 0 - CUDA_VISIBLE_DEVICES: [0]
[I 2023-11-30 12:07:34,229] Trial 56 finished with value: 0.19812864065170288 and parameters: {'gradient_clip_val': 0.6907161719542081, 'hidden_size': 77, 'dropout': 0.39094545598398756, 'hidden_continuous_size': 32, 'attention_head_size': 3, 'learning_rate': 0.03284156627472788}. Best is trial 17 with value: 0.06940385699272156.
LOCAL_RANK: 0 - CUDA_VISIBLE_DEVICES: [0]
[I 2023-11-30 12:07:48,530] Trial 57 finished with value: 0.2599376142024994 and parameters: {'gradient_clip_val': 0.573349584220172, 'hidden_size': 136, 'dropout': 0.2898377087289389, 'hidden_continuous_size': 48, 'attention_head_size': 4, 'learning_rate': 0.06454728736793762}. Best is trial 17 with value: 0.06940385699272156.
LOCAL_RANK: 0 - CUDA_VISIBLE_DEVICES: [0]
[I 2023-11-30 12:08:02,454] Trial 58 finished with value: 0.21731770038604736 and parameters: {'gradient_clip_val': 0.9391675601476631, 'hidden_size': 105, 'dropout': 0.3416920919592638, 'hidden_continuous_size': 37, 'attention_head_size': 4, 'learning_rate': 0.037237717587794886}. Best is trial 17 with value: 0.06940385699272156.
LOCAL_RANK: 0 - CUDA_VISIBLE_DEVICES: [0]
[I 2023-11-30 12:08:16,295] Trial 59 finished with value: 0.18905170261859894 and parameters: {'gradient_clip_val': 0.7564515492606209, 'hidden_size': 95, 'dropout': 0.37284674436028037, 'hidden_continuous_size': 41, 'attention_head_size': 2, 'learning_rate': 0.04938396533859864}. Best is trial 17 with value: 0.06940385699272156.
LOCAL_RANK: 0 - CUDA_VISIBLE_DEVICES: [0]
[I 2023-11-30 12:08:30,343] Trial 60 finished with value: 0.16740727424621582 and parameters: {'gradient_clip_val': 0.8457131795190399, 'hidden_size': 114, 'dropout': 0.3072637237325026, 'hidden_continuous_size': 45, 'attention_head_size': 3, 'learning_rate': 0.02554137718513325}. Best is trial 17 with value: 0.06940385699272156.
LOCAL_RANK: 0 - CUDA_VISIBLE_DEVICES: [0]
[I 2023-11-30 12:08:44,352] Trial 61 finished with value: 0.14649398624897003 and parameters: {'gradient_clip_val': 0.9358403494671731, 'hidden_size': 140, 'dropout': 0.25922310331409104, 'hidden_continuous_size': 34, 'attention_head_size': 3, 'learning_rate': 0.05142383596094836}. Best is trial 17 with value: 0.06940385699272156.
LOCAL_RANK: 0 - CUDA_VISIBLE_DEVICES: [0]
[I 2023-11-30 12:08:58,298] Trial 62 finished with value: 0.2835696041584015 and parameters: {'gradient_clip_val': 0.6576520868221648, 'hidden_size': 120, 'dropout': 0.322855239847236, 'hidden_continuous_size': 39, 'attention_head_size': 3, 'learning_rate': 0.08753863162709057}. Best is trial 17 with value: 0.06940385699272156.
LOCAL_RANK: 0 - CUDA_VISIBLE_DEVICES: [0]
[I 2023-11-30 12:09:11,957] Trial 63 finished with value: 0.20137441158294678 and parameters: {'gradient_clip_val': 0.8037784703759583, 'hidden_size': 91, 'dropout': 0.3512911706303798, 'hidden_continuous_size': 31, 'attention_head_size': 4, 'learning_rate': 0.059285083974350936}. Best is trial 17 with value: 0.06940385699272156.
LOCAL_RANK: 0 - CUDA_VISIBLE_DEVICES: [0]
[I 2023-11-30 12:09:25,841] Trial 64 finished with value: 0.1863306760787964 and parameters: {'gradient_clip_val': 0.8735501457618707, 'hidden_size': 109, 'dropout': 0.39040756086858763, 'hidden_continuous_size': 35, 'attention_head_size': 3, 'learning_rate': 0.042929964475692604}. Best is trial 17 with value: 0.06940385699272156.
LOCAL_RANK: 0 - CUDA_VISIBLE_DEVICES: [0]
[I 2023-11-30 12:09:39,933] Trial 65 finished with value: 0.16164492070674896 and parameters: {'gradient_clip_val': 0.7016486724008574, 'hidden_size': 131, 'dropout': 0.23107110906161166, 'hidden_continuous_size': 28, 'attention_head_size': 4, 'learning_rate': 0.06575756259657371}. Best is trial 17 with value: 0.06940385699272156.
LOCAL_RANK: 0 - CUDA_VISIBLE_DEVICES: [0]
[I 2023-11-30 12:09:53,656] Trial 66 finished with value: 0.2652016580104828 and parameters: {'gradient_clip_val': 0.9686618887519061, 'hidden_size': 116, 'dropout': 0.2786838714127624, 'hidden_continuous_size': 51, 'attention_head_size': 1, 'learning_rate': 0.08269284299403981}. Best is trial 17 with value: 0.06940385699272156.
LOCAL_RANK: 0 - CUDA_VISIBLE_DEVICES: [0]
[I 2023-11-30 12:10:07,525] Trial 67 finished with value: 0.31123390793800354 and parameters: {'gradient_clip_val': 0.7450174129266208, 'hidden_size': 90, 'dropout': 0.36000180564015627, 'hidden_continuous_size': 33, 'attention_head_size': 3, 'learning_rate': 0.0338955258297104}. Best is trial 17 with value: 0.06940385699272156.
LOCAL_RANK: 0 - CUDA_VISIBLE_DEVICES: [0]
[I 2023-11-30 12:10:21,155] Trial 68 finished with value: 0.40971922874450684 and parameters: {'gradient_clip_val': 0.8282222706380485, 'hidden_size': 100, 'dropout': 0.3372939564791966, 'hidden_continuous_size': 30, 'attention_head_size': 4, 'learning_rate': 0.042623836710015156}. Best is trial 17 with value: 0.06940385699272156.
LOCAL_RANK: 0 - CUDA_VISIBLE_DEVICES: [0]
[I 2023-11-30 12:10:35,229] Trial 69 finished with value: 0.16796505451202393 and parameters: {'gradient_clip_val': 0.6504168145350571, 'hidden_size': 141, 'dropout': 0.3745045308233665, 'hidden_continuous_size': 25, 'attention_head_size': 2, 'learning_rate': 0.019338107629755158}. Best is trial 17 with value: 0.06940385699272156.
LOCAL_RANK: 0 - CUDA_VISIBLE_DEVICES: [0]
[I 2023-11-30 12:10:48,899] Trial 70 finished with value: 0.1618141233921051 and parameters: {'gradient_clip_val': 0.40876071254108226, 'hidden_size': 80, 'dropout': 0.30517428298127136, 'hidden_continuous_size': 37, 'attention_head_size': 4, 'learning_rate': 0.053206150668699735}. Best is trial 17 with value: 0.06940385699272156.
LOCAL_RANK: 0 - CUDA_VISIBLE_DEVICES: [0]
[I 2023-11-30 12:11:02,758] Trial 71 finished with value: 0.1472954899072647 and parameters: {'gradient_clip_val': 0.3684162054298147, 'hidden_size': 108, 'dropout': 0.34231862148893305, 'hidden_continuous_size': 29, 'attention_head_size': 4, 'learning_rate': 0.08045704908920573}. Best is trial 17 with value: 0.06940385699272156.
LOCAL_RANK: 0 - CUDA_VISIBLE_DEVICES: [0]
[I 2023-11-30 12:11:16,932] Trial 72 finished with value: 0.16795484721660614 and parameters: {'gradient_clip_val': 0.7814946560187339, 'hidden_size': 95, 'dropout': 0.3215176242564766, 'hidden_continuous_size': 41, 'attention_head_size': 4, 'learning_rate': 0.06611737449877647}. Best is trial 17 with value: 0.06940385699272156.
LOCAL_RANK: 0 - CUDA_VISIBLE_DEVICES: [0]
[I 2023-11-30 12:11:31,144] Trial 73 finished with value: 0.20996694266796112 and parameters: {'gradient_clip_val': 0.4749863151776597, 'hidden_size': 123, 'dropout': 0.363927540283231, 'hidden_continuous_size': 27, 'attention_head_size': 4, 'learning_rate': 0.07235460274585075}. Best is trial 17 with value: 0.06940385699272156.
LOCAL_RANK: 0 - CUDA_VISIBLE_DEVICES: [0]
[I 2023-11-30 12:11:44,771] Trial 74 finished with value: 0.2079324722290039 and parameters: {'gradient_clip_val': 0.7130229595123391, 'hidden_size': 85, 'dropout': 0.3347782137872161, 'hidden_continuous_size': 32, 'attention_head_size': 4, 'learning_rate': 0.09074035531199039}. Best is trial 17 with value: 0.06940385699272156.
LOCAL_RANK: 0 - CUDA_VISIBLE_DEVICES: [0]
[I 2023-11-30 12:11:57,984] Trial 75 finished with value: 0.15141983330249786 and parameters: {'gradient_clip_val': 0.5842794380228526, 'hidden_size': 64, 'dropout': 0.3476069299441465, 'hidden_continuous_size': 35, 'attention_head_size': 3, 'learning_rate': 0.05843302362731283}. Best is trial 17 with value: 0.06940385699272156.
LOCAL_RANK: 0 - CUDA_VISIBLE_DEVICES: [0]
[I 2023-11-30 12:12:11,743] Trial 76 finished with value: 0.17267964780330658 and parameters: {'gradient_clip_val': 0.8553906620333918, 'hidden_size': 72, 'dropout': 0.3555798920572976, 'hidden_continuous_size': 36, 'attention_head_size': 4, 'learning_rate': 0.07296312091808616}. Best is trial 17 with value: 0.06940385699272156.
LOCAL_RANK: 0 - CUDA_VISIBLE_DEVICES: [0]
[I 2023-11-30 12:12:25,646] Trial 77 finished with value: 0.11856558918952942 and parameters: {'gradient_clip_val': 0.9294227236949981, 'hidden_size': 111, 'dropout': 0.33809840386159407, 'hidden_continuous_size': 30, 'attention_head_size': 4, 'learning_rate': 0.04612739896045295}. Best is trial 17 with value: 0.06940385699272156.
LOCAL_RANK: 0 - CUDA_VISIBLE_DEVICES: [0]
[I 2023-11-30 12:12:39,640] Trial 78 finished with value: 0.13334928452968597 and parameters: {'gradient_clip_val': 0.5443090564108727, 'hidden_size': 101, 'dropout': 0.328845769754075, 'hidden_continuous_size': 39, 'attention_head_size': 4, 'learning_rate': 0.08607515223270487}. Best is trial 17 with value: 0.06940385699272156.
LOCAL_RANK: 0 - CUDA_VISIBLE_DEVICES: [0]
[I 2023-11-30 12:12:53,690] Trial 79 finished with value: 0.1742386817932129 and parameters: {'gradient_clip_val': 0.9950210194191581, 'hidden_size': 121, 'dropout': 0.36775469035570185, 'hidden_continuous_size': 42, 'attention_head_size': 3, 'learning_rate': 0.038080071874688995}. Best is trial 17 with value: 0.06940385699272156.
LOCAL_RANK: 0 - CUDA_VISIBLE_DEVICES: [0]
[I 2023-11-30 12:13:07,440] Trial 80 finished with value: 0.16779160499572754 and parameters: {'gradient_clip_val': 0.6200652730488311, 'hidden_size': 90, 'dropout': 0.37726581619381394, 'hidden_continuous_size': 33, 'attention_head_size': 4, 'learning_rate': 0.06303087861803812}. Best is trial 17 with value: 0.06940385699272156.
LOCAL_RANK: 0 - CUDA_VISIBLE_DEVICES: [0]
[I 2023-11-30 12:13:21,273] Trial 81 finished with value: 0.14705073833465576 and parameters: {'gradient_clip_val': 0.938314167893054, 'hidden_size': 82, 'dropout': 0.35594359750819077, 'hidden_continuous_size': 28, 'attention_head_size': 4, 'learning_rate': 0.05376329381194303}. Best is trial 17 with value: 0.06940385699272156.
LOCAL_RANK: 0 - CUDA_VISIBLE_DEVICES: [0]
[I 2023-11-30 12:13:34,977] Trial 82 finished with value: 0.14837472140789032 and parameters: {'gradient_clip_val': 0.791513045219201, 'hidden_size': 77, 'dropout': 0.3679108120773401, 'hidden_continuous_size': 38, 'attention_head_size': 4, 'learning_rate': 0.0745746939291248}. Best is trial 17 with value: 0.06940385699272156.
LOCAL_RANK: 0 - CUDA_VISIBLE_DEVICES: [0]
[I 2023-11-30 12:13:48,736] Trial 83 finished with value: 0.2302572876214981 and parameters: {'gradient_clip_val': 0.8920704895702061, 'hidden_size': 98, 'dropout': 0.35010381436461724, 'hidden_continuous_size': 23, 'attention_head_size': 4, 'learning_rate': 0.0475371406234676}. Best is trial 17 with value: 0.06940385699272156.
LOCAL_RANK: 0 - CUDA_VISIBLE_DEVICES: [0]
[I 2023-11-30 12:14:02,300] Trial 84 finished with value: 0.16513994336128235 and parameters: {'gradient_clip_val': 0.8240417496784128, 'hidden_size': 69, 'dropout': 0.3821305037348606, 'hidden_continuous_size': 35, 'attention_head_size': 4, 'learning_rate': 0.029230623362598244}. Best is trial 17 with value: 0.06940385699272156.
LOCAL_RANK: 0 - CUDA_VISIBLE_DEVICES: [0]
[I 2023-11-30 12:14:16,360] Trial 85 finished with value: 0.216359481215477 and parameters: {'gradient_clip_val': 0.9951700075774743, 'hidden_size': 131, 'dropout': 0.3600450006443061, 'hidden_continuous_size': 27, 'attention_head_size': 4, 'learning_rate': 0.09618902944207255}. Best is trial 17 with value: 0.06940385699272156.
LOCAL_RANK: 0 - CUDA_VISIBLE_DEVICES: [0]
[I 2023-11-30 12:14:30,514] Trial 86 finished with value: 0.10259399563074112 and parameters: {'gradient_clip_val': 0.7285214469513741, 'hidden_size': 106, 'dropout': 0.317705471695236, 'hidden_continuous_size': 46, 'attention_head_size': 3, 'learning_rate': 0.03320570523996618}. Best is trial 17 with value: 0.06940385699272156.
LOCAL_RANK: 0 - CUDA_VISIBLE_DEVICES: [0]
[I 2023-11-30 12:14:44,365] Trial 87 finished with value: 0.13917392492294312 and parameters: {'gradient_clip_val': 0.6796194536345163, 'hidden_size': 109, 'dropout': 0.3173276836631858, 'hidden_continuous_size': 46, 'attention_head_size': 3, 'learning_rate': 0.03284704509227789}. Best is trial 17 with value: 0.06940385699272156.
LOCAL_RANK: 0 - CUDA_VISIBLE_DEVICES: [0]
[I 2023-11-30 12:14:58,332] Trial 88 finished with value: 0.1489606648683548 and parameters: {'gradient_clip_val': 0.758996048002974, 'hidden_size': 116, 'dropout': 0.3270323532752125, 'hidden_continuous_size': 47, 'attention_head_size': 3, 'learning_rate': 0.026397546745606355}. Best is trial 17 with value: 0.06940385699272156.
LOCAL_RANK: 0 - CUDA_VISIBLE_DEVICES: [0]
[I 2023-11-30 12:15:12,592] Trial 89 finished with value: 0.14686627686023712 and parameters: {'gradient_clip_val': 0.7327636967854346, 'hidden_size': 130, 'dropout': 0.2935184444394565, 'hidden_continuous_size': 42, 'attention_head_size': 3, 'learning_rate': 0.03604593900251408}. Best is trial 17 with value: 0.06940385699272156.
LOCAL_RANK: 0 - CUDA_VISIBLE_DEVICES: [0]
[I 2023-11-30 12:15:26,467] Trial 90 finished with value: 0.13382260501384735 and parameters: {'gradient_clip_val': 0.7129080035357106, 'hidden_size': 103, 'dropout': 0.31088899188919583, 'hidden_continuous_size': 43, 'attention_head_size': 3, 'learning_rate': 0.04008281149870612}. Best is trial 17 with value: 0.06940385699272156.
LOCAL_RANK: 0 - CUDA_VISIBLE_DEVICES: [0]
[I 2023-11-30 12:15:40,351] Trial 91 finished with value: 0.13585974276065826 and parameters: {'gradient_clip_val': 0.860568401780244, 'hidden_size': 85, 'dropout': 0.3423935844776798, 'hidden_continuous_size': 38, 'attention_head_size': 3, 'learning_rate': 0.05647467002234748}. Best is trial 17 with value: 0.06940385699272156.
LOCAL_RANK: 0 - CUDA_VISIBLE_DEVICES: [0]
