[I 2023-11-29 22:14:16,776] Trial 128 finished with value: 0.08040641993284225 and parameters: {'gradient_clip_val': 0.33522224170451725, 'hidden_size': 87, 'dropout': 0.13856043286988814, 'hidden_continuous_size': 66, 'attention_head_size': 2, 'learning_rate': 0.03545770781285343}. Best is trial 95 with value: 0.07832308858633041.
LOCAL_RANK: 0 - CUDA_VISIBLE_DEVICES: [0]
[I 2023-11-29 22:14:30,700] Trial 129 finished with value: 0.12427294999361038 and parameters: {'gradient_clip_val': 0.3464288030763381, 'hidden_size': 85, 'dropout': 0.13894001758237237, 'hidden_continuous_size': 68, 'attention_head_size': 2, 'learning_rate': 0.04034611910555052}. Best is trial 95 with value: 0.07832308858633041.
LOCAL_RANK: 0 - CUDA_VISIBLE_DEVICES: [0]
[I 2023-11-29 22:14:44,898] Trial 130 finished with value: 0.14674542844295502 and parameters: {'gradient_clip_val': 0.3337653267424197, 'hidden_size': 96, 'dropout': 0.16689287968274305, 'hidden_continuous_size': 79, 'attention_head_size': 2, 'learning_rate': 0.03475961747616399}. Best is trial 95 with value: 0.07832308858633041.
LOCAL_RANK: 0 - CUDA_VISIBLE_DEVICES: [0]
[I 2023-11-29 22:14:58,626] Trial 131 finished with value: 0.15865276753902435 and parameters: {'gradient_clip_val': 0.3642520794191448, 'hidden_size': 79, 'dropout': 0.14309838744162767, 'hidden_continuous_size': 65, 'attention_head_size': 2, 'learning_rate': 0.03126959655149763}. Best is trial 95 with value: 0.07832308858633041.
LOCAL_RANK: 0 - CUDA_VISIBLE_DEVICES: [0]
[I 2023-11-29 22:15:12,314] Trial 132 finished with value: 0.1452411562204361 and parameters: {'gradient_clip_val': 0.3054910111384409, 'hidden_size': 68, 'dropout': 0.1531736247706271, 'hidden_continuous_size': 60, 'attention_head_size': 2, 'learning_rate': 0.02554018159474866}. Best is trial 95 with value: 0.07832308858633041.
LOCAL_RANK: 0 - CUDA_VISIBLE_DEVICES: [0]
[I 2023-11-29 22:15:26,311] Trial 133 finished with value: 0.15047965943813324 and parameters: {'gradient_clip_val': 0.26781671354708037, 'hidden_size': 89, 'dropout': 0.13145647134309538, 'hidden_continuous_size': 67, 'attention_head_size': 2, 'learning_rate': 0.01990250305205296}. Best is trial 95 with value: 0.07832308858633041.
LOCAL_RANK: 0 - CUDA_VISIBLE_DEVICES: [0]
[I 2023-11-29 22:15:40,120] Trial 134 finished with value: 0.11576273292303085 and parameters: {'gradient_clip_val': 0.318828987213453, 'hidden_size': 73, 'dropout': 0.17237118670846358, 'hidden_continuous_size': 64, 'attention_head_size': 2, 'learning_rate': 0.04356300495185461}. Best is trial 95 with value: 0.07832308858633041.
LOCAL_RANK: 0 - CUDA_VISIBLE_DEVICES: [0]
[I 2023-11-29 22:15:54,201] Trial 135 finished with value: 0.1840040236711502 and parameters: {'gradient_clip_val': 0.2852584039491191, 'hidden_size': 82, 'dropout': 0.16266051506600668, 'hidden_continuous_size': 69, 'attention_head_size': 2, 'learning_rate': 0.03765664183903051}. Best is trial 95 with value: 0.07832308858633041.
LOCAL_RANK: 0 - CUDA_VISIBLE_DEVICES: [0]
[I 2023-11-29 22:16:07,685] Trial 136 finished with value: 0.11574685573577881 and parameters: {'gradient_clip_val': 0.27610675399442497, 'hidden_size': 62, 'dropout': 0.14788032379330823, 'hidden_continuous_size': 57, 'attention_head_size': 2, 'learning_rate': 0.029254584792539375}. Best is trial 95 with value: 0.07832308858633041.
LOCAL_RANK: 0 - CUDA_VISIBLE_DEVICES: [0]
[I 2023-11-29 22:16:21,670] Trial 137 finished with value: 0.10250753164291382 and parameters: {'gradient_clip_val': 0.2612088006401666, 'hidden_size': 93, 'dropout': 0.1574639827347467, 'hidden_continuous_size': 73, 'attention_head_size': 2, 'learning_rate': 0.022480071337998744}. Best is trial 95 with value: 0.07832308858633041.
LOCAL_RANK: 0 - CUDA_VISIBLE_DEVICES: [0]
[I 2023-11-29 22:16:35,553] Trial 138 finished with value: 0.10476285964250565 and parameters: {'gradient_clip_val': 0.24433472476975135, 'hidden_size': 86, 'dropout': 0.1875747142822147, 'hidden_continuous_size': 46, 'attention_head_size': 2, 'learning_rate': 0.018709195678533127}. Best is trial 95 with value: 0.07832308858633041.
LOCAL_RANK: 0 - CUDA_VISIBLE_DEVICES: [0]
[I 2023-11-29 22:16:49,091] Trial 139 finished with value: 0.1405266374349594 and parameters: {'gradient_clip_val': 0.29906000776046593, 'hidden_size': 77, 'dropout': 0.1785657108791607, 'hidden_continuous_size': 62, 'attention_head_size': 2, 'learning_rate': 0.03442701030241619}. Best is trial 95 with value: 0.07832308858633041.
LOCAL_RANK: 0 - CUDA_VISIBLE_DEVICES: [0]
[I 2023-11-29 22:17:03,320] Trial 140 finished with value: 0.08626246452331543 and parameters: {'gradient_clip_val': 0.32984907236415634, 'hidden_size': 104, 'dropout': 0.12636139980199856, 'hidden_continuous_size': 81, 'attention_head_size': 2, 'learning_rate': 0.02468765047139353}. Best is trial 95 with value: 0.07832308858633041.
LOCAL_RANK: 0 - CUDA_VISIBLE_DEVICES: [0]
[I 2023-11-29 22:17:17,451] Trial 141 finished with value: 0.12839670479297638 and parameters: {'gradient_clip_val': 0.36303274756273257, 'hidden_size': 105, 'dropout': 0.12488281826856695, 'hidden_continuous_size': 82, 'attention_head_size': 2, 'learning_rate': 0.023843176288235544}. Best is trial 95 with value: 0.07832308858633041.
LOCAL_RANK: 0 - CUDA_VISIBLE_DEVICES: [0]
[I 2023-11-29 22:17:31,554] Trial 142 finished with value: 0.138419970870018 and parameters: {'gradient_clip_val': 0.32653539084622335, 'hidden_size': 99, 'dropout': 0.1398404170225118, 'hidden_continuous_size': 74, 'attention_head_size': 2, 'learning_rate': 0.027974196244780713}. Best is trial 95 with value: 0.07832308858633041.
LOCAL_RANK: 0 - CUDA_VISIBLE_DEVICES: [0]
[I 2023-11-29 22:17:45,494] Trial 143 finished with value: 0.17817747592926025 and parameters: {'gradient_clip_val': 0.3387071591803476, 'hidden_size': 89, 'dropout': 0.12059824878753356, 'hidden_continuous_size': 70, 'attention_head_size': 2, 'learning_rate': 0.021537193386350597}. Best is trial 95 with value: 0.07832308858633041.
LOCAL_RANK: 0 - CUDA_VISIBLE_DEVICES: [0]
[I 2023-11-29 22:17:59,270] Trial 144 finished with value: 0.2118489295244217 and parameters: {'gradient_clip_val': 0.31729319942421386, 'hidden_size': 95, 'dropout': 0.13549133970334, 'hidden_continuous_size': 51, 'attention_head_size': 2, 'learning_rate': 0.031486308148382706}. Best is trial 95 with value: 0.07832308858633041.
LOCAL_RANK: 0 - CUDA_VISIBLE_DEVICES: [0]
[I 2023-11-29 22:18:13,191] Trial 145 finished with value: 0.11769083142280579 and parameters: {'gradient_clip_val': 0.3811630814919041, 'hidden_size': 81, 'dropout': 0.16651608390203793, 'hidden_continuous_size': 54, 'attention_head_size': 2, 'learning_rate': 0.025609485423766773}. Best is trial 95 with value: 0.07832308858633041.
LOCAL_RANK: 0 - CUDA_VISIBLE_DEVICES: [0]
[I 2023-11-29 22:18:26,917] Trial 146 finished with value: 0.0946303978562355 and parameters: {'gradient_clip_val': 0.25618355562233225, 'hidden_size': 69, 'dropout': 0.14947939269279384, 'hidden_continuous_size': 63, 'attention_head_size': 2, 'learning_rate': 0.0178674802237619}. Best is trial 95 with value: 0.07832308858633041.
LOCAL_RANK: 0 - CUDA_VISIBLE_DEVICES: [0]
[I 2023-11-29 22:18:40,451] Trial 147 finished with value: 0.14348860085010529 and parameters: {'gradient_clip_val': 0.2283540880646485, 'hidden_size': 66, 'dropout': 0.13011149032835495, 'hidden_continuous_size': 58, 'attention_head_size': 2, 'learning_rate': 0.018086142655346932}. Best is trial 95 with value: 0.07832308858633041.
LOCAL_RANK: 0 - CUDA_VISIBLE_DEVICES: [0]
[I 2023-11-29 22:18:54,506] Trial 148 finished with value: 0.10895577073097229 and parameters: {'gradient_clip_val': 0.2528316929476232, 'hidden_size': 106, 'dropout': 0.1444223900296779, 'hidden_continuous_size': 83, 'attention_head_size': 2, 'learning_rate': 0.044507573264455494}. Best is trial 95 with value: 0.07832308858633041.
LOCAL_RANK: 0 - CUDA_VISIBLE_DEVICES: [0]
[I 2023-11-29 22:19:08,223] Trial 149 finished with value: 0.12537717819213867 and parameters: {'gradient_clip_val': 0.23722818270940896, 'hidden_size': 86, 'dropout': 0.17566800766063723, 'hidden_continuous_size': 64, 'attention_head_size': 2, 'learning_rate': 0.02023029310636466}. Best is trial 95 with value: 0.07832308858633041.
[I 2023-11-29 22:19:08,336] A new study created in memory with name: no-name-26ed1e5c-8664-4f93-be15-e1916805f358
/home/le004/conda/anaconda3/envs/tsff_env/lib/python3.9/site-packages/lightning/fabric/plugins/environments/slurm.py:191: The `srun` command is available on your system but is not used. HINT: If your intention is to run Lightning on SLURM, prepend your python command with `srun` like so: srun python /home/le004/master_thesis/git/TSFusionForecast/code/ ...
LOCAL_RANK: 0 - CUDA_VISIBLE_DEVICES: [0]
[I 2023-11-29 22:19:18,962] Trial 0 finished with value: 1.060725212097168 and parameters: {'gradient_clip_val': 0.4200759237771567, 'hidden_size': 26, 'dropout': 0.3922765582651948, 'hidden_continuous_size': 26, 'attention_head_size': 1, 'learning_rate': 0.00254077048425696}. Best is trial 0 with value: 1.060725212097168.
LOCAL_RANK: 0 - CUDA_VISIBLE_DEVICES: [0]
[I 2023-11-29 22:19:30,781] Trial 1 finished with value: 2.0225751399993896 and parameters: {'gradient_clip_val': 0.1193981572036235, 'hidden_size': 12, 'dropout': 0.13400281907391431, 'hidden_continuous_size': 10, 'attention_head_size': 2, 'learning_rate': 0.0067628313304473045}. Best is trial 0 with value: 1.060725212097168.
LOCAL_RANK: 0 - CUDA_VISIBLE_DEVICES: [0]
[I 2023-11-29 22:19:43,524] Trial 2 finished with value: 1.4897228479385376 and parameters: {'gradient_clip_val': 0.8340901647262587, 'hidden_size': 46, 'dropout': 0.20031948329827237, 'hidden_continuous_size': 12, 'attention_head_size': 1, 'learning_rate': 0.0023854479047254497}. Best is trial 0 with value: 1.060725212097168.
LOCAL_RANK: 0 - CUDA_VISIBLE_DEVICES: [0]
[I 2023-11-29 22:19:56,133] Trial 3 finished with value: 0.47371867299079895 and parameters: {'gradient_clip_val': 0.1037785608480706, 'hidden_size': 37, 'dropout': 0.31949931836905066, 'hidden_continuous_size': 21, 'attention_head_size': 2, 'learning_rate': 0.009662388754324798}. Best is trial 3 with value: 0.47371867299079895.
LOCAL_RANK: 0 - CUDA_VISIBLE_DEVICES: [0]
[I 2023-11-29 22:20:08,713] Trial 4 finished with value: 0.17716646194458008 and parameters: {'gradient_clip_val': 0.11064301278678929, 'hidden_size': 37, 'dropout': 0.1012489228743404, 'hidden_continuous_size': 19, 'attention_head_size': 3, 'learning_rate': 0.018877325990363583}. Best is trial 4 with value: 0.17716646194458008.
LOCAL_RANK: 0 - CUDA_VISIBLE_DEVICES: [0]
[I 2023-11-29 22:20:20,998] Trial 5 finished with value: 3.3083841800689697 and parameters: {'gradient_clip_val': 0.14457626432907264, 'hidden_size': 31, 'dropout': 0.3897106828230348, 'hidden_continuous_size': 10, 'attention_head_size': 1, 'learning_rate': 0.0011133547654965496}. Best is trial 4 with value: 0.17716646194458008.
LOCAL_RANK: 0 - CUDA_VISIBLE_DEVICES: [0]
[I 2023-11-29 22:20:34,211] Trial 6 finished with value: 0.08903259038925171 and parameters: {'gradient_clip_val': 0.31994543111647666, 'hidden_size': 82, 'dropout': 0.357345418379618, 'hidden_continuous_size': 22, 'attention_head_size': 1, 'learning_rate': 0.028273770640792107}. Best is trial 6 with value: 0.08903259038925171.
LOCAL_RANK: 0 - CUDA_VISIBLE_DEVICES: [0]
[I 2023-11-29 22:20:47,037] Trial 7 finished with value: 0.12137782573699951 and parameters: {'gradient_clip_val': 0.16040802636928617, 'hidden_size': 41, 'dropout': 0.36022705552240686, 'hidden_continuous_size': 28, 'attention_head_size': 2, 'learning_rate': 0.020649969983294877}. Best is trial 6 with value: 0.08903259038925171.
LOCAL_RANK: 0 - CUDA_VISIBLE_DEVICES: [0]
[I 2023-11-29 22:20:59,379] Trial 8 finished with value: 0.41672268509864807 and parameters: {'gradient_clip_val': 0.24648509198184318, 'hidden_size': 27, 'dropout': 0.3992967119004953, 'hidden_continuous_size': 26, 'attention_head_size': 2, 'learning_rate': 0.009918038130606382}. Best is trial 6 with value: 0.08903259038925171.
LOCAL_RANK: 0 - CUDA_VISIBLE_DEVICES: [0]
[I 2023-11-29 22:21:13,040] Trial 9 finished with value: 0.11953551322221756 and parameters: {'gradient_clip_val': 0.533879292396696, 'hidden_size': 92, 'dropout': 0.2530929027734521, 'hidden_continuous_size': 41, 'attention_head_size': 1, 'learning_rate': 0.029570315813136246}. Best is trial 6 with value: 0.08903259038925171.
LOCAL_RANK: 0 - CUDA_VISIBLE_DEVICES: [0]
[I 2023-11-29 22:21:27,765] Trial 10 finished with value: 0.1961643546819687 and parameters: {'gradient_clip_val': 0.25136744774519704, 'hidden_size': 146, 'dropout': 0.3045278368157445, 'hidden_continuous_size': 91, 'attention_head_size': 4, 'learning_rate': 0.09122978251851624}. Best is trial 6 with value: 0.08903259038925171.
LOCAL_RANK: 0 - CUDA_VISIBLE_DEVICES: [0]
[I 2023-11-29 22:21:41,424] Trial 11 finished with value: 0.1986689567565918 and parameters: {'gradient_clip_val': 0.41676334924765374, 'hidden_size': 105, 'dropout': 0.25597159497835387, 'hidden_continuous_size': 48, 'attention_head_size': 1, 'learning_rate': 0.047096136375746354}. Best is trial 6 with value: 0.08903259038925171.
LOCAL_RANK: 0 - CUDA_VISIBLE_DEVICES: [0]
[I 2023-11-29 22:21:55,020] Trial 12 finished with value: 0.10220710188150406 and parameters: {'gradient_clip_val': 0.6055662779585701, 'hidden_size': 79, 'dropout': 0.2605188975163667, 'hidden_continuous_size': 38, 'attention_head_size': 3, 'learning_rate': 0.03208666787018834}. Best is trial 6 with value: 0.08903259038925171.
LOCAL_RANK: 0 - CUDA_VISIBLE_DEVICES: [0]
[I 2023-11-29 22:22:08,328] Trial 13 finished with value: 0.12253972142934799 and parameters: {'gradient_clip_val': 0.9742964155206622, 'hidden_size': 70, 'dropout': 0.3152612602486976, 'hidden_continuous_size': 16, 'attention_head_size': 3, 'learning_rate': 0.05365221402718174}. Best is trial 6 with value: 0.08903259038925171.
LOCAL_RANK: 0 - CUDA_VISIBLE_DEVICES: [0]
[I 2023-11-29 22:22:21,708] Trial 14 finished with value: 0.08422795683145523 and parameters: {'gradient_clip_val': 0.6430850597701275, 'hidden_size': 63, 'dropout': 0.20982109239207644, 'hidden_continuous_size': 31, 'attention_head_size': 4, 'learning_rate': 0.09832737515185455}. Best is trial 14 with value: 0.08422795683145523.
LOCAL_RANK: 0 - CUDA_VISIBLE_DEVICES: [0]
[I 2023-11-29 22:22:35,198] Trial 15 finished with value: 0.1756698340177536 and parameters: {'gradient_clip_val': 0.3115567334016052, 'hidden_size': 62, 'dropout': 0.20685826015180947, 'hidden_continuous_size': 15, 'attention_head_size': 4, 'learning_rate': 0.09376466915891539}. Best is trial 14 with value: 0.08422795683145523.
LOCAL_RANK: 0 - CUDA_VISIBLE_DEVICES: [0]
[I 2023-11-29 22:22:48,328] Trial 16 finished with value: 0.26523473858833313 and parameters: {'gradient_clip_val': 0.7496742659912687, 'hidden_size': 59, 'dropout': 0.20534566038273577, 'hidden_continuous_size': 21, 'attention_head_size': 4, 'learning_rate': 0.060582125183902595}. Best is trial 14 with value: 0.08422795683145523.
LOCAL_RANK: 0 - CUDA_VISIBLE_DEVICES: [0]
[I 2023-11-29 22:23:02,389] Trial 17 finished with value: 0.2420145869255066 and parameters: {'gradient_clip_val': 0.6591109679567152, 'hidden_size': 126, 'dropout': 0.3369489969735757, 'hidden_continuous_size': 57, 'attention_head_size': 3, 'learning_rate': 0.07949502660385349}. Best is trial 14 with value: 0.08422795683145523.
LOCAL_RANK: 0 - CUDA_VISIBLE_DEVICES: [0]
[I 2023-11-29 22:23:15,990] Trial 18 finished with value: 0.13279205560684204 and parameters: {'gradient_clip_val': 0.4532892020158288, 'hidden_size': 104, 'dropout': 0.28390101458743244, 'hidden_continuous_size': 31, 'attention_head_size': 4, 'learning_rate': 0.038834545541820226}. Best is trial 14 with value: 0.08422795683145523.
LOCAL_RANK: 0 - CUDA_VISIBLE_DEVICES: [0]
[I 2023-11-29 22:23:29,096] Trial 19 finished with value: 0.104789137840271 and parameters: {'gradient_clip_val': 0.5223233443851938, 'hidden_size': 56, 'dropout': 0.34311560473935054, 'hidden_continuous_size': 23, 'attention_head_size': 3, 'learning_rate': 0.06167452713316001}. Best is trial 14 with value: 0.08422795683145523.
LOCAL_RANK: 0 - CUDA_VISIBLE_DEVICES: [0]
[I 2023-11-29 22:23:42,468] Trial 20 finished with value: 0.15783999860286713 and parameters: {'gradient_clip_val': 0.34755323572257646, 'hidden_size': 82, 'dropout': 0.2801344774762079, 'hidden_continuous_size': 32, 'attention_head_size': 2, 'learning_rate': 0.020814817550546365}. Best is trial 14 with value: 0.08422795683145523.
LOCAL_RANK: 0 - CUDA_VISIBLE_DEVICES: [0]
[I 2023-11-29 22:23:55,835] Trial 21 finished with value: 0.06277132034301758 and parameters: {'gradient_clip_val': 0.6347646946958506, 'hidden_size': 76, 'dropout': 0.22075872600341168, 'hidden_continuous_size': 35, 'attention_head_size': 3, 'learning_rate': 0.03019232610988878}. Best is trial 21 with value: 0.06277132034301758.
LOCAL_RANK: 0 - CUDA_VISIBLE_DEVICES: [0]
[I 2023-11-29 22:24:09,127] Trial 22 finished with value: 0.12693917751312256 and parameters: {'gradient_clip_val': 0.6462347750478296, 'hidden_size': 76, 'dropout': 0.22995564761871784, 'hidden_continuous_size': 32, 'attention_head_size': 4, 'learning_rate': 0.035422264974135885}. Best is trial 21 with value: 0.06277132034301758.
LOCAL_RANK: 0 - CUDA_VISIBLE_DEVICES: [0]
[I 2023-11-29 22:24:23,062] Trial 23 finished with value: 0.19722430408000946 and parameters: {'gradient_clip_val': 0.9574572112235902, 'hidden_size': 110, 'dropout': 0.1787244281304234, 'hidden_continuous_size': 37, 'attention_head_size': 3, 'learning_rate': 0.09802657410929409}. Best is trial 21 with value: 0.06277132034301758.
LOCAL_RANK: 0 - CUDA_VISIBLE_DEVICES: [0]
[I 2023-11-29 22:24:36,278] Trial 24 finished with value: 0.13190913200378418 and parameters: {'gradient_clip_val': 0.7416780155376632, 'hidden_size': 51, 'dropout': 0.2370644194390107, 'hidden_continuous_size': 23, 'attention_head_size': 4, 'learning_rate': 0.058004661952123185}. Best is trial 21 with value: 0.06277132034301758.
LOCAL_RANK: 0 - CUDA_VISIBLE_DEVICES: [0]
[I 2023-11-29 22:24:49,665] Trial 25 finished with value: 0.3098706901073456 and parameters: {'gradient_clip_val': 0.5418606810782949, 'hidden_size': 69, 'dropout': 0.1719522960332304, 'hidden_continuous_size': 28, 'attention_head_size': 3, 'learning_rate': 0.02662369692095543}. Best is trial 21 with value: 0.06277132034301758.
LOCAL_RANK: 0 - CUDA_VISIBLE_DEVICES: [0]
[I 2023-11-29 22:25:03,007] Trial 26 finished with value: 0.11289111524820328 and parameters: {'gradient_clip_val': 0.7710970387405451, 'hidden_size': 96, 'dropout': 0.22182526541101777, 'hidden_continuous_size': 18, 'attention_head_size': 2, 'learning_rate': 0.014667540243393175}. Best is trial 21 with value: 0.06277132034301758.
LOCAL_RANK: 0 - CUDA_VISIBLE_DEVICES: [0]
[I 2023-11-29 22:25:17,554] Trial 27 finished with value: 0.13180364668369293 and parameters: {'gradient_clip_val': 0.6065307667356897, 'hidden_size': 150, 'dropout': 0.2794087070458201, 'hidden_continuous_size': 56, 'attention_head_size': 4, 'learning_rate': 0.041169757919912564}. Best is trial 21 with value: 0.06277132034301758.
LOCAL_RANK: 0 - CUDA_VISIBLE_DEVICES: [0]
[I 2023-11-29 22:25:31,025] Trial 28 finished with value: 0.10575898736715317 and parameters: {'gradient_clip_val': 0.8656208152001845, 'hidden_size': 80, 'dropout': 0.23553863092364652, 'hidden_continuous_size': 35, 'attention_head_size': 3, 'learning_rate': 0.04399760178729803}. Best is trial 21 with value: 0.06277132034301758.
LOCAL_RANK: 0 - CUDA_VISIBLE_DEVICES: [0]
[I 2023-11-29 22:25:43,956] Trial 29 finished with value: 0.11144598573446274 and parameters: {'gradient_clip_val': 0.4471477081156626, 'hidden_size': 49, 'dropout': 0.17915688511924818, 'hidden_continuous_size': 24, 'attention_head_size': 1, 'learning_rate': 0.06735465254273837}. Best is trial 21 with value: 0.06277132034301758.
LOCAL_RANK: 0 - CUDA_VISIBLE_DEVICES: [0]
[I 2023-11-29 22:25:57,172] Trial 30 finished with value: 0.08715323358774185 and parameters: {'gradient_clip_val': 0.36210724946575157, 'hidden_size': 57, 'dropout': 0.29490104184787463, 'hidden_continuous_size': 26, 'attention_head_size': 4, 'learning_rate': 0.026310495113148345}. Best is trial 21 with value: 0.06277132034301758.
LOCAL_RANK: 0 - CUDA_VISIBLE_DEVICES: [0]
[I 2023-11-29 22:26:10,516] Trial 31 finished with value: 0.11123957484960556 and parameters: {'gradient_clip_val': 0.35686357501815424, 'hidden_size': 62, 'dropout': 0.29675782347974, 'hidden_continuous_size': 27, 'attention_head_size': 4, 'learning_rate': 0.02601339102151557}. Best is trial 21 with value: 0.06277132034301758.
LOCAL_RANK: 0 - CUDA_VISIBLE_DEVICES: [0]
[I 2023-11-29 22:26:23,706] Trial 32 finished with value: 0.3161545693874359 and parameters: {'gradient_clip_val': 0.4964492645403592, 'hidden_size': 55, 'dropout': 0.3594332276676016, 'hidden_continuous_size': 25, 'attention_head_size': 4, 'learning_rate': 0.015530143358093345}. Best is trial 21 with value: 0.06277132034301758.
LOCAL_RANK: 0 - CUDA_VISIBLE_DEVICES: [0]
[I 2023-11-29 22:26:36,674] Trial 33 finished with value: 0.08651978522539139 and parameters: {'gradient_clip_val': 0.42369537627947784, 'hidden_size': 46, 'dropout': 0.2527735089802268, 'hidden_continuous_size': 29, 'attention_head_size': 4, 'learning_rate': 0.04614234439642652}. Best is trial 21 with value: 0.06277132034301758.
LOCAL_RANK: 0 - CUDA_VISIBLE_DEVICES: [0]
[I 2023-11-29 22:26:49,709] Trial 34 finished with value: 0.15050114691257477 and parameters: {'gradient_clip_val': 0.400210318143391, 'hidden_size': 46, 'dropout': 0.27481883003927954, 'hidden_continuous_size': 29, 'attention_head_size': 4, 'learning_rate': 0.07240251771870004}. Best is trial 21 with value: 0.06277132034301758.
LOCAL_RANK: 0 - CUDA_VISIBLE_DEVICES: [0]
