[I 2023-11-30 07:26:49,950] Trial 114 finished with value: 1.2758976221084595 and parameters: {'gradient_clip_val': 0.20383567431583532, 'hidden_size': 105, 'dropout': 0.30910877216079985, 'hidden_continuous_size': 16, 'attention_head_size': 4, 'learning_rate': 0.07845694097376066}. Best is trial 103 with value: 0.7115228772163391.
LOCAL_RANK: 0 - CUDA_VISIBLE_DEVICES: [0]
[I 2023-11-30 07:27:04,022] Trial 115 finished with value: 1.1525241136550903 and parameters: {'gradient_clip_val': 0.22346078220351978, 'hidden_size': 137, 'dropout': 0.3196361780852164, 'hidden_continuous_size': 20, 'attention_head_size': 4, 'learning_rate': 0.04690906528454352}. Best is trial 103 with value: 0.7115228772163391.
LOCAL_RANK: 0 - CUDA_VISIBLE_DEVICES: [0]
[I 2023-11-30 07:27:17,286] Trial 116 finished with value: 1.3445998430252075 and parameters: {'gradient_clip_val': 0.1900030225095569, 'hidden_size': 71, 'dropout': 0.2973849981417676, 'hidden_continuous_size': 15, 'attention_head_size': 4, 'learning_rate': 0.06108928350448238}. Best is trial 103 with value: 0.7115228772163391.
LOCAL_RANK: 0 - CUDA_VISIBLE_DEVICES: [0]
[I 2023-11-30 07:27:30,590] Trial 117 finished with value: 0.9096313118934631 and parameters: {'gradient_clip_val': 0.17622237889750064, 'hidden_size': 92, 'dropout': 0.32887611002364203, 'hidden_continuous_size': 18, 'attention_head_size': 2, 'learning_rate': 0.04041567350208591}. Best is trial 103 with value: 0.7115228772163391.
LOCAL_RANK: 0 - CUDA_VISIBLE_DEVICES: [0]
[I 2023-11-30 07:27:44,143] Trial 118 finished with value: 1.0287634134292603 and parameters: {'gradient_clip_val': 0.17749314105708158, 'hidden_size': 90, 'dropout': 0.3277603525877884, 'hidden_continuous_size': 18, 'attention_head_size': 2, 'learning_rate': 0.04276804059117867}. Best is trial 103 with value: 0.7115228772163391.
LOCAL_RANK: 0 - CUDA_VISIBLE_DEVICES: [0]
[I 2023-11-30 07:27:57,572] Trial 119 finished with value: 1.387163519859314 and parameters: {'gradient_clip_val': 0.17178017566752043, 'hidden_size': 83, 'dropout': 0.34539279087830693, 'hidden_continuous_size': 17, 'attention_head_size': 3, 'learning_rate': 0.03981621141327147}. Best is trial 103 with value: 0.7115228772163391.
LOCAL_RANK: 0 - CUDA_VISIBLE_DEVICES: [0]
[I 2023-11-30 07:28:10,966] Trial 120 finished with value: 1.3665670156478882 and parameters: {'gradient_clip_val': 0.1885282879146892, 'hidden_size': 95, 'dropout': 0.2645937338388603, 'hidden_continuous_size': 22, 'attention_head_size': 2, 'learning_rate': 0.07413900624695581}. Best is trial 103 with value: 0.7115228772163391.
LOCAL_RANK: 0 - CUDA_VISIBLE_DEVICES: [0]
[I 2023-11-30 07:28:24,566] Trial 121 finished with value: 1.2595043182373047 and parameters: {'gradient_clip_val': 0.20904433467426406, 'hidden_size': 114, 'dropout': 0.31439374545665943, 'hidden_continuous_size': 15, 'attention_head_size': 2, 'learning_rate': 0.05309804248095125}. Best is trial 103 with value: 0.7115228772163391.
LOCAL_RANK: 0 - CUDA_VISIBLE_DEVICES: [0]
[I 2023-11-30 07:28:38,179] Trial 122 finished with value: 1.2756781578063965 and parameters: {'gradient_clip_val': 0.19490452529944738, 'hidden_size': 100, 'dropout': 0.33407082882309114, 'hidden_continuous_size': 16, 'attention_head_size': 2, 'learning_rate': 0.03638117398140771}. Best is trial 103 with value: 0.7115228772163391.
LOCAL_RANK: 0 - CUDA_VISIBLE_DEVICES: [0]
[I 2023-11-30 07:28:51,543] Trial 123 finished with value: 1.0760527849197388 and parameters: {'gradient_clip_val': 0.2329911393593114, 'hidden_size': 109, 'dropout': 0.3218837830835875, 'hidden_continuous_size': 13, 'attention_head_size': 2, 'learning_rate': 0.0457557389442843}. Best is trial 103 with value: 0.7115228772163391.
LOCAL_RANK: 0 - CUDA_VISIBLE_DEVICES: [0]
[I 2023-11-30 07:29:05,373] Trial 124 finished with value: 1.3413742780685425 and parameters: {'gradient_clip_val': 0.17919544478618452, 'hidden_size': 130, 'dropout': 0.3058231630793601, 'hidden_continuous_size': 12, 'attention_head_size': 2, 'learning_rate': 0.06313887633352552}. Best is trial 103 with value: 0.7115228772163391.
LOCAL_RANK: 0 - CUDA_VISIBLE_DEVICES: [0]
[I 2023-11-30 07:29:18,723] Trial 125 finished with value: 1.4787040948867798 and parameters: {'gradient_clip_val': 0.1612949848670458, 'hidden_size': 77, 'dropout': 0.33953851417272546, 'hidden_continuous_size': 16, 'attention_head_size': 2, 'learning_rate': 0.029416994183095024}. Best is trial 103 with value: 0.7115228772163391.
LOCAL_RANK: 0 - CUDA_VISIBLE_DEVICES: [0]
[I 2023-11-30 07:29:31,885] Trial 126 finished with value: 1.2399853467941284 and parameters: {'gradient_clip_val': 0.21334930336807625, 'hidden_size': 88, 'dropout': 0.2929689147643695, 'hidden_continuous_size': 17, 'attention_head_size': 2, 'learning_rate': 0.058771313304577036}. Best is trial 103 with value: 0.7115228772163391.
LOCAL_RANK: 0 - CUDA_VISIBLE_DEVICES: [0]
[I 2023-11-30 07:29:45,662] Trial 127 finished with value: 1.2239595651626587 and parameters: {'gradient_clip_val': 0.2005500948489633, 'hidden_size': 121, 'dropout': 0.27740754601993517, 'hidden_continuous_size': 14, 'attention_head_size': 2, 'learning_rate': 0.07024717232796202}. Best is trial 103 with value: 0.7115228772163391.
LOCAL_RANK: 0 - CUDA_VISIBLE_DEVICES: [0]
[I 2023-11-30 07:29:59,320] Trial 128 finished with value: 1.1290136575698853 and parameters: {'gradient_clip_val': 0.250081741419917, 'hidden_size': 104, 'dropout': 0.3030206656903059, 'hidden_continuous_size': 19, 'attention_head_size': 4, 'learning_rate': 0.08371909923252514}. Best is trial 103 with value: 0.7115228772163391.
LOCAL_RANK: 0 - CUDA_VISIBLE_DEVICES: [0]
[I 2023-11-30 07:30:13,690] Trial 129 finished with value: 0.9273614883422852 and parameters: {'gradient_clip_val': 0.30251997241334777, 'hidden_size': 143, 'dropout': 0.31174570337132906, 'hidden_continuous_size': 41, 'attention_head_size': 2, 'learning_rate': 0.05079495960172569}. Best is trial 103 with value: 0.7115228772163391.
LOCAL_RANK: 0 - CUDA_VISIBLE_DEVICES: [0]
[I 2023-11-30 07:30:27,058] Trial 130 finished with value: 1.4052702188491821 and parameters: {'gradient_clip_val': 0.30662484243001226, 'hidden_size': 59, 'dropout': 0.3108507206392875, 'hidden_continuous_size': 36, 'attention_head_size': 2, 'learning_rate': 0.025393400761449598}. Best is trial 103 with value: 0.7115228772163391.
LOCAL_RANK: 0 - CUDA_VISIBLE_DEVICES: [0]
[I 2023-11-30 07:30:41,084] Trial 131 finished with value: 1.2659400701522827 and parameters: {'gradient_clip_val': 0.32044433240762754, 'hidden_size': 142, 'dropout': 0.3283127167373305, 'hidden_continuous_size': 38, 'attention_head_size': 2, 'learning_rate': 0.049813539336845285}. Best is trial 103 with value: 0.7115228772163391.
LOCAL_RANK: 0 - CUDA_VISIBLE_DEVICES: [0]
[I 2023-11-30 07:30:55,128] Trial 132 finished with value: 0.9849331974983215 and parameters: {'gradient_clip_val': 0.2280374628137853, 'hidden_size': 132, 'dropout': 0.31681726155128326, 'hidden_continuous_size': 41, 'attention_head_size': 2, 'learning_rate': 0.04331306059822804}. Best is trial 103 with value: 0.7115228772163391.
LOCAL_RANK: 0 - CUDA_VISIBLE_DEVICES: [0]
[I 2023-11-30 07:31:09,219] Trial 133 finished with value: 0.9445939064025879 and parameters: {'gradient_clip_val': 0.2670681689529557, 'hidden_size': 148, 'dropout': 0.2857698857817984, 'hidden_continuous_size': 14, 'attention_head_size': 2, 'learning_rate': 0.05461132040243384}. Best is trial 103 with value: 0.7115228772163391.
LOCAL_RANK: 0 - CUDA_VISIBLE_DEVICES: [0]
[I 2023-11-30 07:31:23,565] Trial 134 finished with value: 1.1321660280227661 and parameters: {'gradient_clip_val': 0.2749993502524388, 'hidden_size': 150, 'dropout': 0.2831710415859596, 'hidden_continuous_size': 46, 'attention_head_size': 2, 'learning_rate': 0.0601165705088784}. Best is trial 103 with value: 0.7115228772163391.
LOCAL_RANK: 0 - CUDA_VISIBLE_DEVICES: [0]
[I 2023-11-30 07:31:37,282] Trial 135 finished with value: 1.2561392784118652 and parameters: {'gradient_clip_val': 0.3416473695930686, 'hidden_size': 125, 'dropout': 0.2724006766504001, 'hidden_continuous_size': 18, 'attention_head_size': 2, 'learning_rate': 0.06694552430116237}. Best is trial 103 with value: 0.7115228772163391.
LOCAL_RANK: 0 - CUDA_VISIBLE_DEVICES: [0]
[I 2023-11-30 07:31:50,410] Trial 136 finished with value: 1.1763702630996704 and parameters: {'gradient_clip_val': 0.29942069144849537, 'hidden_size': 64, 'dropout': 0.2980342361852609, 'hidden_continuous_size': 31, 'attention_head_size': 2, 'learning_rate': 0.038039107887940404}. Best is trial 103 with value: 0.7115228772163391.
LOCAL_RANK: 0 - CUDA_VISIBLE_DEVICES: [0]
[I 2023-11-30 07:32:04,092] Trial 137 finished with value: 1.2174328565597534 and parameters: {'gradient_clip_val': 0.29074756561226767, 'hidden_size': 113, 'dropout': 0.2542840778064127, 'hidden_continuous_size': 20, 'attention_head_size': 2, 'learning_rate': 0.05653538357772871}. Best is trial 103 with value: 0.7115228772163391.
LOCAL_RANK: 0 - CUDA_VISIBLE_DEVICES: [0]
[I 2023-11-30 07:32:17,952] Trial 138 finished with value: 0.9889158606529236 and parameters: {'gradient_clip_val': 0.2678569333172097, 'hidden_size': 93, 'dropout': 0.2876469852674368, 'hidden_continuous_size': 15, 'attention_head_size': 4, 'learning_rate': 0.07613973401808952}. Best is trial 103 with value: 0.7115228772163391.
LOCAL_RANK: 0 - CUDA_VISIBLE_DEVICES: [0]
[I 2023-11-30 07:32:31,784] Trial 139 finished with value: 1.302262544631958 and parameters: {'gradient_clip_val': 0.2507666146870216, 'hidden_size': 118, 'dropout': 0.29157359394455834, 'hidden_continuous_size': 17, 'attention_head_size': 2, 'learning_rate': 0.09181431857086714}. Best is trial 103 with value: 0.7115228772163391.
LOCAL_RANK: 0 - CUDA_VISIBLE_DEVICES: [0]
[I 2023-11-30 07:32:45,268] Trial 140 finished with value: 1.015637993812561 and parameters: {'gradient_clip_val': 0.2836205649278286, 'hidden_size': 100, 'dropout': 0.24308103718649926, 'hidden_continuous_size': 21, 'attention_head_size': 2, 'learning_rate': 0.042779616671524884}. Best is trial 103 with value: 0.7115228772163391.
LOCAL_RANK: 0 - CUDA_VISIBLE_DEVICES: [0]
[I 2023-11-30 07:32:58,958] Trial 141 finished with value: 0.9462082386016846 and parameters: {'gradient_clip_val': 0.21745990716423802, 'hidden_size': 136, 'dropout': 0.30721114953840933, 'hidden_continuous_size': 14, 'attention_head_size': 2, 'learning_rate': 0.0520475868420042}. Best is trial 103 with value: 0.7115228772163391.
LOCAL_RANK: 0 - CUDA_VISIBLE_DEVICES: [0]
[I 2023-11-30 07:33:12,907] Trial 142 finished with value: 1.148511528968811 and parameters: {'gradient_clip_val': 0.2591181813877725, 'hidden_size': 135, 'dropout': 0.30440429849210315, 'hidden_continuous_size': 13, 'attention_head_size': 2, 'learning_rate': 0.05000705626338001}. Best is trial 103 with value: 0.7115228772163391.
LOCAL_RANK: 0 - CUDA_VISIBLE_DEVICES: [0]
[I 2023-11-30 07:33:27,117] Trial 143 finished with value: 1.3234745264053345 and parameters: {'gradient_clip_val': 0.23867133126968412, 'hidden_size': 145, 'dropout': 0.23068392092285034, 'hidden_continuous_size': 14, 'attention_head_size': 2, 'learning_rate': 0.055954839322051725}. Best is trial 103 with value: 0.7115228772163391.
LOCAL_RANK: 0 - CUDA_VISIBLE_DEVICES: [0]
[I 2023-11-30 07:33:41,076] Trial 144 finished with value: 1.1552313566207886 and parameters: {'gradient_clip_val': 0.22052547144295379, 'hidden_size': 127, 'dropout': 0.3091187868348298, 'hidden_continuous_size': 15, 'attention_head_size': 2, 'learning_rate': 0.04670788169978902}. Best is trial 103 with value: 0.7115228772163391.
LOCAL_RANK: 0 - CUDA_VISIBLE_DEVICES: [0]
[I 2023-11-30 07:33:54,081] Trial 145 finished with value: 1.2331517934799194 and parameters: {'gradient_clip_val': 0.18236969081938756, 'hidden_size': 51, 'dropout': 0.2620425663024539, 'hidden_continuous_size': 30, 'attention_head_size': 2, 'learning_rate': 0.06356349284361544}. Best is trial 103 with value: 0.7115228772163391.
LOCAL_RANK: 0 - CUDA_VISIBLE_DEVICES: [0]
[I 2023-11-30 07:34:07,857] Trial 146 finished with value: 1.1650177240371704 and parameters: {'gradient_clip_val': 0.21492837696697545, 'hidden_size': 107, 'dropout': 0.2990779078723332, 'hidden_continuous_size': 18, 'attention_head_size': 4, 'learning_rate': 0.08237341042073162}. Best is trial 103 with value: 0.7115228772163391.
LOCAL_RANK: 0 - CUDA_VISIBLE_DEVICES: [0]
[I 2023-11-30 07:34:21,780] Trial 147 finished with value: 1.1965545415878296 and parameters: {'gradient_clip_val': 0.33022749059712725, 'hidden_size': 135, 'dropout': 0.2793910103923575, 'hidden_continuous_size': 16, 'attention_head_size': 2, 'learning_rate': 0.07148901415413818}. Best is trial 103 with value: 0.7115228772163391.
LOCAL_RANK: 0 - CUDA_VISIBLE_DEVICES: [0]
[I 2023-11-30 07:34:35,621] Trial 148 finished with value: 1.3435550928115845 and parameters: {'gradient_clip_val': 0.16785649371014505, 'hidden_size': 122, 'dropout': 0.3240357637972895, 'hidden_continuous_size': 13, 'attention_head_size': 2, 'learning_rate': 0.03932218736801595}. Best is trial 103 with value: 0.7115228772163391.
LOCAL_RANK: 0 - CUDA_VISIBLE_DEVICES: [0]
[I 2023-11-30 07:34:48,808] Trial 149 finished with value: 1.4145236015319824 and parameters: {'gradient_clip_val': 0.1465708408598765, 'hidden_size': 57, 'dropout': 0.27396830068378597, 'hidden_continuous_size': 24, 'attention_head_size': 4, 'learning_rate': 0.034339786649803854}. Best is trial 103 with value: 0.7115228772163391.
[I 2023-11-30 07:34:48,919] A new study created in memory with name: no-name-cd456e4c-1aff-4d42-9217-8eda3dafe167
/home/le004/conda/anaconda3/envs/tsff_env/lib/python3.9/site-packages/lightning/fabric/plugins/environments/slurm.py:191: The `srun` command is available on your system but is not used. HINT: If your intention is to run Lightning on SLURM, prepend your python command with `srun` like so: srun python /home/le004/master_thesis/git/TSFusionForecast/code/ ...
LOCAL_RANK: 0 - CUDA_VISIBLE_DEVICES: [0]
[I 2023-11-30 07:35:02,135] Trial 0 finished with value: 0.12011989206075668 and parameters: {'gradient_clip_val': 0.6707331613089632, 'hidden_size': 69, 'dropout': 0.2819191761635003, 'hidden_continuous_size': 30, 'attention_head_size': 3, 'learning_rate': 0.031611261356979156}. Best is trial 0 with value: 0.12011989206075668.
LOCAL_RANK: 0 - CUDA_VISIBLE_DEVICES: [0]
[I 2023-11-30 07:35:14,795] Trial 1 finished with value: 0.0975017175078392 and parameters: {'gradient_clip_val': 0.5870939693090523, 'hidden_size': 35, 'dropout': 0.13547334642575687, 'hidden_continuous_size': 22, 'attention_head_size': 4, 'learning_rate': 0.06363617382235284}. Best is trial 1 with value: 0.0975017175078392.
LOCAL_RANK: 0 - CUDA_VISIBLE_DEVICES: [0]
[I 2023-11-30 07:35:27,432] Trial 2 finished with value: 1.7492691278457642 and parameters: {'gradient_clip_val': 0.15067950715899314, 'hidden_size': 39, 'dropout': 0.21969908024416213, 'hidden_continuous_size': 13, 'attention_head_size': 2, 'learning_rate': 0.0026371091772646473}. Best is trial 1 with value: 0.0975017175078392.
LOCAL_RANK: 0 - CUDA_VISIBLE_DEVICES: [0]
[I 2023-11-30 07:35:39,695] Trial 3 finished with value: 2.337327241897583 and parameters: {'gradient_clip_val': 0.16642816174712316, 'hidden_size': 14, 'dropout': 0.23011313337934794, 'hidden_continuous_size': 12, 'attention_head_size': 4, 'learning_rate': 0.0010165855922472742}. Best is trial 1 with value: 0.0975017175078392.
LOCAL_RANK: 0 - CUDA_VISIBLE_DEVICES: [0]
[I 2023-11-30 07:35:52,223] Trial 4 finished with value: 0.32057079672813416 and parameters: {'gradient_clip_val': 0.4120343213150007, 'hidden_size': 38, 'dropout': 0.3629486931181757, 'hidden_continuous_size': 30, 'attention_head_size': 1, 'learning_rate': 0.012444512455137289}. Best is trial 1 with value: 0.0975017175078392.
LOCAL_RANK: 0 - CUDA_VISIBLE_DEVICES: [0]
[I 2023-11-30 07:36:02,313] Trial 5 finished with value: 2.553988218307495 and parameters: {'gradient_clip_val': 0.29707978616342845, 'hidden_size': 12, 'dropout': 0.14677211007475077, 'hidden_continuous_size': 12, 'attention_head_size': 1, 'learning_rate': 0.002241946549519291}. Best is trial 1 with value: 0.0975017175078392.
LOCAL_RANK: 0 - CUDA_VISIBLE_DEVICES: [0]
[I 2023-11-30 07:36:14,341] Trial 6 finished with value: 0.3069234788417816 and parameters: {'gradient_clip_val': 0.2800650511066301, 'hidden_size': 14, 'dropout': 0.2712008201415491, 'hidden_continuous_size': 12, 'attention_head_size': 4, 'learning_rate': 0.03315988001910669}. Best is trial 1 with value: 0.0975017175078392.
LOCAL_RANK: 0 - CUDA_VISIBLE_DEVICES: [0]
[I 2023-11-30 07:36:26,445] Trial 7 finished with value: 0.4554324448108673 and parameters: {'gradient_clip_val': 0.10926509425040813, 'hidden_size': 19, 'dropout': 0.24603486812163247, 'hidden_continuous_size': 14, 'attention_head_size': 2, 'learning_rate': 0.014842530666610974}. Best is trial 1 with value: 0.0975017175078392.
LOCAL_RANK: 0 - CUDA_VISIBLE_DEVICES: [0]
[I 2023-11-30 07:36:39,290] Trial 8 finished with value: 0.1142023578286171 and parameters: {'gradient_clip_val': 0.35255640894940415, 'hidden_size': 50, 'dropout': 0.37925740602864155, 'hidden_continuous_size': 13, 'attention_head_size': 2, 'learning_rate': 0.04756594010798877}. Best is trial 1 with value: 0.0975017175078392.
LOCAL_RANK: 0 - CUDA_VISIBLE_DEVICES: [0]
[I 2023-11-30 07:36:51,483] Trial 9 finished with value: 1.4766534566879272 and parameters: {'gradient_clip_val': 0.4095811116558253, 'hidden_size': 17, 'dropout': 0.27486268714865725, 'hidden_continuous_size': 11, 'attention_head_size': 4, 'learning_rate': 0.003975158184503148}. Best is trial 1 with value: 0.0975017175078392.
LOCAL_RANK: 0 - CUDA_VISIBLE_DEVICES: [0]
[I 2023-11-30 07:37:02,508] Trial 10 finished with value: 0.1349625587463379 and parameters: {'gradient_clip_val': 0.9295713343164451, 'hidden_size': 134, 'dropout': 0.10019192589022788, 'hidden_continuous_size': 134, 'attention_head_size': 3, 'learning_rate': 0.09981093611057976}. Best is trial 1 with value: 0.0975017175078392.
LOCAL_RANK: 0 - CUDA_VISIBLE_DEVICES: [0]
[I 2023-11-30 07:37:15,276] Trial 11 finished with value: 0.0847262516617775 and parameters: {'gradient_clip_val': 0.5862249094822566, 'hidden_size': 53, 'dropout': 0.3701991144371128, 'hidden_continuous_size': 16, 'attention_head_size': 2, 'learning_rate': 0.09539512916215388}. Best is trial 11 with value: 0.0847262516617775.
LOCAL_RANK: 0 - CUDA_VISIBLE_DEVICES: [0]
[I 2023-11-30 07:37:27,533] Trial 12 finished with value: 0.12495871633291245 and parameters: {'gradient_clip_val': 0.611242033935955, 'hidden_size': 25, 'dropout': 0.3358057515478394, 'hidden_continuous_size': 17, 'attention_head_size': 3, 'learning_rate': 0.0934467860038997}. Best is trial 11 with value: 0.0847262516617775.
LOCAL_RANK: 0 - CUDA_VISIBLE_DEVICES: [0]
[I 2023-11-30 07:37:39,958] Trial 13 finished with value: 0.15196050703525543 and parameters: {'gradient_clip_val': 0.5806195319234838, 'hidden_size': 29, 'dropout': 0.398937085134721, 'hidden_continuous_size': 17, 'attention_head_size': 2, 'learning_rate': 0.05869023816519718}. Best is trial 11 with value: 0.0847262516617775.
LOCAL_RANK: 0 - CUDA_VISIBLE_DEVICES: [0]
[I 2023-11-30 07:37:53,047] Trial 14 finished with value: 0.12674130499362946 and parameters: {'gradient_clip_val': 0.9786909337114675, 'hidden_size': 60, 'dropout': 0.18792897612511622, 'hidden_continuous_size': 20, 'attention_head_size': 3, 'learning_rate': 0.022263072657388333}. Best is trial 11 with value: 0.0847262516617775.
LOCAL_RANK: 0 - CUDA_VISIBLE_DEVICES: [0]
[I 2023-11-30 07:38:06,277] Trial 15 finished with value: 0.08422645181417465 and parameters: {'gradient_clip_val': 0.5146614785884129, 'hidden_size': 74, 'dropout': 0.3234145001472272, 'hidden_continuous_size': 23, 'attention_head_size': 1, 'learning_rate': 0.06007694126684167}. Best is trial 15 with value: 0.08422645181417465.
LOCAL_RANK: 0 - CUDA_VISIBLE_DEVICES: [0]
[I 2023-11-30 07:38:19,590] Trial 16 finished with value: 0.21526145935058594 and parameters: {'gradient_clip_val': 0.4813387468991769, 'hidden_size': 86, 'dropout': 0.32402772087124954, 'hidden_continuous_size': 24, 'attention_head_size': 1, 'learning_rate': 0.03969084970852159}. Best is trial 15 with value: 0.08422645181417465.
LOCAL_RANK: 0 - CUDA_VISIBLE_DEVICES: [0]
[I 2023-11-30 07:38:33,215] Trial 17 finished with value: 0.1503104716539383 and parameters: {'gradient_clip_val': 0.7805620477100085, 'hidden_size': 94, 'dropout': 0.3202936054143112, 'hidden_continuous_size': 38, 'attention_head_size': 1, 'learning_rate': 0.022414247437534437}. Best is trial 15 with value: 0.08422645181417465.
LOCAL_RANK: 0 - CUDA_VISIBLE_DEVICES: [0]
[I 2023-11-30 07:38:45,982] Trial 18 finished with value: 0.1064455434679985 and parameters: {'gradient_clip_val': 0.7738423509307621, 'hidden_size': 49, 'dropout': 0.3499396378982388, 'hidden_continuous_size': 16, 'attention_head_size': 1, 'learning_rate': 0.09792897414192121}. Best is trial 15 with value: 0.08422645181417465.
LOCAL_RANK: 0 - CUDA_VISIBLE_DEVICES: [0]
[I 2023-11-30 07:38:59,178] Trial 19 finished with value: 0.20878076553344727 and parameters: {'gradient_clip_val': 0.4926730253333843, 'hidden_size': 95, 'dropout': 0.3152746422533704, 'hidden_continuous_size': 10, 'attention_head_size': 2, 'learning_rate': 0.007948537116530546}. Best is trial 15 with value: 0.08422645181417465.
LOCAL_RANK: 0 - CUDA_VISIBLE_DEVICES: [0]
[I 2023-11-30 07:39:13,221] Trial 20 finished with value: 0.09958048909902573 and parameters: {'gradient_clip_val': 0.25105145628402487, 'hidden_size': 145, 'dropout': 0.3961399079630623, 'hidden_continuous_size': 43, 'attention_head_size': 1, 'learning_rate': 0.061279361318345056}. Best is trial 15 with value: 0.08422645181417465.
LOCAL_RANK: 0 - CUDA_VISIBLE_DEVICES: [0]
