[I 2023-11-30 05:23:00,505] Trial 137 finished with value: 0.3177993893623352 and parameters: {'gradient_clip_val': 0.5764884476123695, 'hidden_size': 90, 'dropout': 0.19573590042070985, 'hidden_continuous_size': 82, 'attention_head_size': 1, 'learning_rate': 0.018544943370971928}. Best is trial 41 with value: 0.3046448826789856.
LOCAL_RANK: 0 - CUDA_VISIBLE_DEVICES: [0]
[I 2023-11-30 05:23:14,335] Trial 138 finished with value: 0.4297933578491211 and parameters: {'gradient_clip_val': 0.5749130223327583, 'hidden_size': 88, 'dropout': 0.19515516868115967, 'hidden_continuous_size': 81, 'attention_head_size': 1, 'learning_rate': 0.01772548040655844}. Best is trial 41 with value: 0.3046448826789856.
LOCAL_RANK: 0 - CUDA_VISIBLE_DEVICES: [0]
[I 2023-11-30 05:23:28,171] Trial 139 finished with value: 0.724464476108551 and parameters: {'gradient_clip_val': 0.6558805251423491, 'hidden_size': 77, 'dropout': 0.2574577475156313, 'hidden_continuous_size': 71, 'attention_head_size': 1, 'learning_rate': 0.015528676591767748}. Best is trial 41 with value: 0.3046448826789856.
LOCAL_RANK: 0 - CUDA_VISIBLE_DEVICES: [0]
[I 2023-11-30 05:23:41,856] Trial 140 finished with value: 0.8772165179252625 and parameters: {'gradient_clip_val': 0.518359652738191, 'hidden_size': 62, 'dropout': 0.24460562014603693, 'hidden_continuous_size': 60, 'attention_head_size': 1, 'learning_rate': 0.02042046873266301}. Best is trial 41 with value: 0.3046448826789856.
LOCAL_RANK: 0 - CUDA_VISIBLE_DEVICES: [0]
[I 2023-11-30 05:23:55,795] Trial 141 finished with value: 0.36360183358192444 and parameters: {'gradient_clip_val': 0.6062079065790953, 'hidden_size': 101, 'dropout': 0.18425409493770878, 'hidden_continuous_size': 88, 'attention_head_size': 1, 'learning_rate': 0.02504593854312977}. Best is trial 41 with value: 0.3046448826789856.
LOCAL_RANK: 0 - CUDA_VISIBLE_DEVICES: [0]
[I 2023-11-30 05:24:09,744] Trial 142 finished with value: 0.35744690895080566 and parameters: {'gradient_clip_val': 0.5647347122262474, 'hidden_size': 91, 'dropout': 0.1755974992488632, 'hidden_continuous_size': 83, 'attention_head_size': 1, 'learning_rate': 0.029782517725038118}. Best is trial 41 with value: 0.3046448826789856.
LOCAL_RANK: 0 - CUDA_VISIBLE_DEVICES: [0]
[I 2023-11-30 05:24:23,605] Trial 143 finished with value: 0.40450605750083923 and parameters: {'gradient_clip_val': 0.48986505654100726, 'hidden_size': 85, 'dropout': 0.19563731093439224, 'hidden_continuous_size': 78, 'attention_head_size': 1, 'learning_rate': 0.01933978485440469}. Best is trial 41 with value: 0.3046448826789856.
LOCAL_RANK: 0 - CUDA_VISIBLE_DEVICES: [0]
[I 2023-11-30 05:24:37,561] Trial 144 finished with value: 0.4566432535648346 and parameters: {'gradient_clip_val': 0.5359436635084566, 'hidden_size': 110, 'dropout': 0.1899748615951481, 'hidden_continuous_size': 96, 'attention_head_size': 1, 'learning_rate': 0.02253716779241063}. Best is trial 41 with value: 0.3046448826789856.
LOCAL_RANK: 0 - CUDA_VISIBLE_DEVICES: [0]
[I 2023-11-30 05:24:51,859] Trial 145 finished with value: 0.4768724739551544 and parameters: {'gradient_clip_val': 0.8057607287055605, 'hidden_size': 135, 'dropout': 0.20251098331973194, 'hidden_continuous_size': 57, 'attention_head_size': 1, 'learning_rate': 0.026455959794972807}. Best is trial 41 with value: 0.3046448826789856.
LOCAL_RANK: 0 - CUDA_VISIBLE_DEVICES: [0]
[I 2023-11-30 05:25:05,785] Trial 146 finished with value: 0.4718608856201172 and parameters: {'gradient_clip_val': 0.9447379184012298, 'hidden_size': 97, 'dropout': 0.22952705029977588, 'hidden_continuous_size': 68, 'attention_head_size': 1, 'learning_rate': 0.03296661946242374}. Best is trial 41 with value: 0.3046448826789856.
LOCAL_RANK: 0 - CUDA_VISIBLE_DEVICES: [0]
[I 2023-11-30 05:25:19,581] Trial 147 finished with value: 0.46343156695365906 and parameters: {'gradient_clip_val': 0.6407991179491638, 'hidden_size': 74, 'dropout': 0.21525311523500965, 'hidden_continuous_size': 70, 'attention_head_size': 1, 'learning_rate': 0.017431395917308724}. Best is trial 41 with value: 0.3046448826789856.
LOCAL_RANK: 0 - CUDA_VISIBLE_DEVICES: [0]
[I 2023-11-30 05:25:33,854] Trial 148 finished with value: 0.47784218192100525 and parameters: {'gradient_clip_val': 0.5895209102159805, 'hidden_size': 119, 'dropout': 0.17893677933000285, 'hidden_continuous_size': 86, 'attention_head_size': 3, 'learning_rate': 0.013778983138423122}. Best is trial 41 with value: 0.3046448826789856.
LOCAL_RANK: 0 - CUDA_VISIBLE_DEVICES: [0]
[I 2023-11-30 05:25:47,596] Trial 149 finished with value: 0.6299126148223877 and parameters: {'gradient_clip_val': 0.72784669053162, 'hidden_size': 80, 'dropout': 0.23768993381641326, 'hidden_continuous_size': 75, 'attention_head_size': 1, 'learning_rate': 0.011365537628957223}. Best is trial 41 with value: 0.3046448826789856.
[I 2023-11-30 05:25:47,714] A new study created in memory with name: no-name-fe7615f5-a514-4bb6-bcd5-f89c1f893d1f
/home/le004/conda/anaconda3/envs/tsff_env/lib/python3.9/site-packages/lightning/fabric/plugins/environments/slurm.py:191: The `srun` command is available on your system but is not used. HINT: If your intention is to run Lightning on SLURM, prepend your python command with `srun` like so: srun python /home/le004/master_thesis/git/TSFusionForecast/code/ ...
LOCAL_RANK: 0 - CUDA_VISIBLE_DEVICES: [0]
[I 2023-11-30 05:26:01,135] Trial 0 finished with value: 0.2014060616493225 and parameters: {'gradient_clip_val': 0.4059496135760218, 'hidden_size': 108, 'dropout': 0.28601540768627115, 'hidden_continuous_size': 13, 'attention_head_size': 1, 'learning_rate': 0.024959576430323524}. Best is trial 0 with value: 0.2014060616493225.
LOCAL_RANK: 0 - CUDA_VISIBLE_DEVICES: [0]
[I 2023-11-30 05:26:13,598] Trial 1 finished with value: 0.16412588953971863 and parameters: {'gradient_clip_val': 0.23367254059733394, 'hidden_size': 37, 'dropout': 0.17948322592770077, 'hidden_continuous_size': 15, 'attention_head_size': 2, 'learning_rate': 0.07149527596582432}. Best is trial 1 with value: 0.16412588953971863.
LOCAL_RANK: 0 - CUDA_VISIBLE_DEVICES: [0]
[I 2023-11-30 05:26:26,055] Trial 2 finished with value: 0.26265254616737366 and parameters: {'gradient_clip_val': 0.24088305587920608, 'hidden_size': 36, 'dropout': 0.10826607658004307, 'hidden_continuous_size': 12, 'attention_head_size': 4, 'learning_rate': 0.02277499172611263}. Best is trial 1 with value: 0.16412588953971863.
LOCAL_RANK: 0 - CUDA_VISIBLE_DEVICES: [0]
[I 2023-11-30 05:26:38,123] Trial 3 finished with value: 1.6742066144943237 and parameters: {'gradient_clip_val': 0.5534676636484084, 'hidden_size': 18, 'dropout': 0.13663594243782096, 'hidden_continuous_size': 11, 'attention_head_size': 2, 'learning_rate': 0.002208739662052204}. Best is trial 1 with value: 0.16412588953971863.
LOCAL_RANK: 0 - CUDA_VISIBLE_DEVICES: [0]
[I 2023-11-30 05:26:50,654] Trial 4 finished with value: 0.6049564480781555 and parameters: {'gradient_clip_val': 0.5622008053954498, 'hidden_size': 48, 'dropout': 0.16326695410904696, 'hidden_continuous_size': 14, 'attention_head_size': 2, 'learning_rate': 0.009291453764178973}. Best is trial 1 with value: 0.16412588953971863.
LOCAL_RANK: 0 - CUDA_VISIBLE_DEVICES: [0]
[I 2023-11-30 05:27:04,572] Trial 5 finished with value: 0.4879399836063385 and parameters: {'gradient_clip_val': 0.17796940165300382, 'hidden_size': 94, 'dropout': 0.14174112837973507, 'hidden_continuous_size': 41, 'attention_head_size': 3, 'learning_rate': 0.0057662751484627295}. Best is trial 1 with value: 0.16412588953971863.
LOCAL_RANK: 0 - CUDA_VISIBLE_DEVICES: [0]
[I 2023-11-30 05:27:15,043] Trial 6 finished with value: 0.40356191992759705 and parameters: {'gradient_clip_val': 0.12983663544394058, 'hidden_size': 10, 'dropout': 0.393340835733343, 'hidden_continuous_size': 10, 'attention_head_size': 4, 'learning_rate': 0.05668299411881418}. Best is trial 1 with value: 0.16412588953971863.
LOCAL_RANK: 0 - CUDA_VISIBLE_DEVICES: [0]
[I 2023-11-30 05:27:27,930] Trial 7 finished with value: 1.5856903791427612 and parameters: {'gradient_clip_val': 0.10898990014068945, 'hidden_size': 62, 'dropout': 0.39827963165565694, 'hidden_continuous_size': 17, 'attention_head_size': 1, 'learning_rate': 0.0010415971242599272}. Best is trial 1 with value: 0.16412588953971863.
LOCAL_RANK: 0 - CUDA_VISIBLE_DEVICES: [0]
[I 2023-11-30 05:27:40,321] Trial 8 finished with value: 0.25992390513420105 and parameters: {'gradient_clip_val': 0.29286051589703255, 'hidden_size': 40, 'dropout': 0.15238467146435897, 'hidden_continuous_size': 18, 'attention_head_size': 2, 'learning_rate': 0.013440346539534387}. Best is trial 1 with value: 0.16412588953971863.
LOCAL_RANK: 0 - CUDA_VISIBLE_DEVICES: [0]
[I 2023-11-30 05:27:50,274] Trial 9 finished with value: 1.837833046913147 and parameters: {'gradient_clip_val': 0.20241682227784552, 'hidden_size': 10, 'dropout': 0.12860727321652676, 'hidden_continuous_size': 10, 'attention_head_size': 1, 'learning_rate': 0.0056569774244518535}. Best is trial 1 with value: 0.16412588953971863.
LOCAL_RANK: 0 - CUDA_VISIBLE_DEVICES: [0]
[I 2023-11-30 05:28:02,677] Trial 10 finished with value: 0.09548939019441605 and parameters: {'gradient_clip_val': 0.7283568324028711, 'hidden_size': 25, 'dropout': 0.1999397988066403, 'hidden_continuous_size': 15, 'attention_head_size': 3, 'learning_rate': 0.09568591502657345}. Best is trial 10 with value: 0.09548939019441605.
LOCAL_RANK: 0 - CUDA_VISIBLE_DEVICES: [0]
[I 2023-11-30 05:28:14,718] Trial 11 finished with value: 0.10007747262716293 and parameters: {'gradient_clip_val': 0.8204946641776872, 'hidden_size': 24, 'dropout': 0.2100174649767772, 'hidden_continuous_size': 15, 'attention_head_size': 3, 'learning_rate': 0.0967708888900679}. Best is trial 10 with value: 0.09548939019441605.
LOCAL_RANK: 0 - CUDA_VISIBLE_DEVICES: [0]
[I 2023-11-30 05:28:26,997] Trial 12 finished with value: 0.09004301577806473 and parameters: {'gradient_clip_val': 0.9778774586303522, 'hidden_size': 23, 'dropout': 0.23151484062015104, 'hidden_continuous_size': 16, 'attention_head_size': 3, 'learning_rate': 0.09754930411143621}. Best is trial 12 with value: 0.09004301577806473.
LOCAL_RANK: 0 - CUDA_VISIBLE_DEVICES: [0]
[I 2023-11-30 05:28:39,304] Trial 13 finished with value: 0.25035107135772705 and parameters: {'gradient_clip_val': 0.9889576379506291, 'hidden_size': 22, 'dropout': 0.24491883791914978, 'hidden_continuous_size': 17, 'attention_head_size': 3, 'learning_rate': 0.050416805198469514}. Best is trial 12 with value: 0.09004301577806473.
LOCAL_RANK: 0 - CUDA_VISIBLE_DEVICES: [0]
[I 2023-11-30 05:28:51,449] Trial 14 finished with value: 0.20985479652881622 and parameters: {'gradient_clip_val': 0.9989757867499686, 'hidden_size': 16, 'dropout': 0.22134317573707932, 'hidden_continuous_size': 14, 'attention_head_size': 4, 'learning_rate': 0.09183563970428771}. Best is trial 12 with value: 0.09004301577806473.
LOCAL_RANK: 0 - CUDA_VISIBLE_DEVICES: [0]
[I 2023-11-30 05:29:04,102] Trial 15 finished with value: 0.25794726610183716 and parameters: {'gradient_clip_val': 0.7253614693498329, 'hidden_size': 27, 'dropout': 0.27451246923486156, 'hidden_continuous_size': 19, 'attention_head_size': 3, 'learning_rate': 0.041512634217291}. Best is trial 12 with value: 0.09004301577806473.
LOCAL_RANK: 0 - CUDA_VISIBLE_DEVICES: [0]
[I 2023-11-30 05:29:16,224] Trial 16 finished with value: 0.2544732987880707 and parameters: {'gradient_clip_val': 0.6317438318934374, 'hidden_size': 15, 'dropout': 0.1936751163231662, 'hidden_continuous_size': 12, 'attention_head_size': 3, 'learning_rate': 0.0348285424854429}. Best is trial 12 with value: 0.09004301577806473.
LOCAL_RANK: 0 - CUDA_VISIBLE_DEVICES: [0]
[I 2023-11-30 05:29:30,653] Trial 17 finished with value: 0.2245532125234604 and parameters: {'gradient_clip_val': 0.4369056309553176, 'hidden_size': 149, 'dropout': 0.24148543803264805, 'hidden_continuous_size': 27, 'attention_head_size': 4, 'learning_rate': 0.09752759129945592}. Best is trial 12 with value: 0.09004301577806473.
LOCAL_RANK: 0 - CUDA_VISIBLE_DEVICES: [0]
[I 2023-11-30 05:29:42,876] Trial 18 finished with value: 0.2154000848531723 and parameters: {'gradient_clip_val': 0.7532347147038342, 'hidden_size': 26, 'dropout': 0.18907720514064977, 'hidden_continuous_size': 16, 'attention_head_size': 3, 'learning_rate': 0.05290529202863379}. Best is trial 12 with value: 0.09004301577806473.
LOCAL_RANK: 0 - CUDA_VISIBLE_DEVICES: [0]
[I 2023-11-30 05:29:55,380] Trial 19 finished with value: 0.16377121210098267 and parameters: {'gradient_clip_val': 0.4952730218627769, 'hidden_size': 31, 'dropout': 0.27297487195310594, 'hidden_continuous_size': 20, 'attention_head_size': 2, 'learning_rate': 0.02999293459162473}. Best is trial 12 with value: 0.09004301577806473.
LOCAL_RANK: 0 - CUDA_VISIBLE_DEVICES: [0]
[I 2023-11-30 05:30:07,783] Trial 20 finished with value: 0.1280081868171692 and parameters: {'gradient_clip_val': 0.36151725804063256, 'hidden_size': 21, 'dropout': 0.21625163927956648, 'hidden_continuous_size': 13, 'attention_head_size': 4, 'learning_rate': 0.05695590210286821}. Best is trial 12 with value: 0.09004301577806473.
LOCAL_RANK: 0 - CUDA_VISIBLE_DEVICES: [0]
[I 2023-11-30 05:30:20,057] Trial 21 finished with value: 0.17064325511455536 and parameters: {'gradient_clip_val': 0.8083424257458142, 'hidden_size': 25, 'dropout': 0.21292223332480428, 'hidden_continuous_size': 15, 'attention_head_size': 3, 'learning_rate': 0.08772359779930267}. Best is trial 12 with value: 0.09004301577806473.
LOCAL_RANK: 0 - CUDA_VISIBLE_DEVICES: [0]
[I 2023-11-30 05:30:32,183] Trial 22 finished with value: 0.12793658673763275 and parameters: {'gradient_clip_val': 0.8282281026784415, 'hidden_size': 19, 'dropout': 0.17704751622948983, 'hidden_continuous_size': 15, 'attention_head_size': 3, 'learning_rate': 0.0700843876295602}. Best is trial 12 with value: 0.09004301577806473.
LOCAL_RANK: 0 - CUDA_VISIBLE_DEVICES: [0]
[I 2023-11-30 05:30:44,557] Trial 23 finished with value: 0.15245477855205536 and parameters: {'gradient_clip_val': 0.6435123413762073, 'hidden_size': 32, 'dropout': 0.21063963402060273, 'hidden_continuous_size': 20, 'attention_head_size': 3, 'learning_rate': 0.0922477099707878}. Best is trial 12 with value: 0.09004301577806473.
LOCAL_RANK: 0 - CUDA_VISIBLE_DEVICES: [0]
[I 2023-11-30 05:30:56,629] Trial 24 finished with value: 0.6487799286842346 and parameters: {'gradient_clip_val': 0.9959653819852156, 'hidden_size': 13, 'dropout': 0.24219388368079894, 'hidden_continuous_size': 10, 'attention_head_size': 3, 'learning_rate': 0.03814997638838959}. Best is trial 12 with value: 0.09004301577806473.
LOCAL_RANK: 0 - CUDA_VISIBLE_DEVICES: [0]
[I 2023-11-30 05:31:09,004] Trial 25 finished with value: 0.10029667615890503 and parameters: {'gradient_clip_val': 0.6724893866295317, 'hidden_size': 23, 'dropout': 0.16306481293674033, 'hidden_continuous_size': 16, 'attention_head_size': 2, 'learning_rate': 0.06866953437524446}. Best is trial 12 with value: 0.09004301577806473.
LOCAL_RANK: 0 - CUDA_VISIBLE_DEVICES: [0]
[I 2023-11-30 05:31:21,124] Trial 26 finished with value: 0.1997130662202835 and parameters: {'gradient_clip_val': 0.840416979819029, 'hidden_size': 19, 'dropout': 0.1981388168872371, 'hidden_continuous_size': 14, 'attention_head_size': 3, 'learning_rate': 0.09862973802366364}. Best is trial 12 with value: 0.09004301577806473.
LOCAL_RANK: 0 - CUDA_VISIBLE_DEVICES: [0]
[I 2023-11-30 05:31:33,477] Trial 27 finished with value: 0.16137564182281494 and parameters: {'gradient_clip_val': 0.5330606948590444, 'hidden_size': 26, 'dropout': 0.22925607976573445, 'hidden_continuous_size': 17, 'attention_head_size': 4, 'learning_rate': 0.046969148833409226}. Best is trial 12 with value: 0.09004301577806473.
LOCAL_RANK: 0 - CUDA_VISIBLE_DEVICES: [0]
[I 2023-11-30 05:31:45,546] Trial 28 finished with value: 0.505973756313324 and parameters: {'gradient_clip_val': 0.6307945795347125, 'hidden_size': 14, 'dropout': 0.2612446442105691, 'hidden_continuous_size': 11, 'attention_head_size': 3, 'learning_rate': 0.021225677373776758}. Best is trial 12 with value: 0.09004301577806473.
LOCAL_RANK: 0 - CUDA_VISIBLE_DEVICES: [0]
[I 2023-11-30 05:31:57,804] Trial 29 finished with value: 0.16489088535308838 and parameters: {'gradient_clip_val': 0.4404234113934703, 'hidden_size': 30, 'dropout': 0.2905587631690294, 'hidden_continuous_size': 13, 'attention_head_size': 2, 'learning_rate': 0.028759647338739574}. Best is trial 12 with value: 0.09004301577806473.
LOCAL_RANK: 0 - CUDA_VISIBLE_DEVICES: [0]
[I 2023-11-30 05:32:10,150] Trial 30 finished with value: 0.20273129642009735 and parameters: {'gradient_clip_val': 0.8444599797924297, 'hidden_size': 20, 'dropout': 0.2968437942493827, 'hidden_continuous_size': 15, 'attention_head_size': 4, 'learning_rate': 0.06428070587428841}. Best is trial 12 with value: 0.09004301577806473.
LOCAL_RANK: 0 - CUDA_VISIBLE_DEVICES: [0]
[I 2023-11-30 05:32:22,191] Trial 31 finished with value: 0.16792815923690796 and parameters: {'gradient_clip_val': 0.6934537183375665, 'hidden_size': 23, 'dropout': 0.16341276297089713, 'hidden_continuous_size': 16, 'attention_head_size': 2, 'learning_rate': 0.06557628315731386}. Best is trial 12 with value: 0.09004301577806473.
LOCAL_RANK: 0 - CUDA_VISIBLE_DEVICES: [0]
[I 2023-11-30 05:32:34,294] Trial 32 finished with value: 0.2253584861755371 and parameters: {'gradient_clip_val': 0.7235052152399281, 'hidden_size': 22, 'dropout': 0.176103790540892, 'hidden_continuous_size': 16, 'attention_head_size': 1, 'learning_rate': 0.07645079280395717}. Best is trial 12 with value: 0.09004301577806473.
LOCAL_RANK: 0 - CUDA_VISIBLE_DEVICES: [0]
[I 2023-11-30 05:32:46,691] Trial 33 finished with value: 0.12823385000228882 and parameters: {'gradient_clip_val': 0.8962851638126862, 'hidden_size': 29, 'dropout': 0.19922818156498828, 'hidden_continuous_size': 18, 'attention_head_size': 2, 'learning_rate': 0.0711333873200578}. Best is trial 12 with value: 0.09004301577806473.
LOCAL_RANK: 0 - CUDA_VISIBLE_DEVICES: [0]
[I 2023-11-30 05:32:59,200] Trial 34 finished with value: 0.15689916908740997 and parameters: {'gradient_clip_val': 0.6401451336098755, 'hidden_size': 37, 'dropout': 0.12120868535485793, 'hidden_continuous_size': 13, 'attention_head_size': 3, 'learning_rate': 0.04462350879929702}. Best is trial 12 with value: 0.09004301577806473.
LOCAL_RANK: 0 - CUDA_VISIBLE_DEVICES: [0]
[I 2023-11-30 05:33:11,488] Trial 35 finished with value: 0.21162422001361847 and parameters: {'gradient_clip_val': 0.874186818017471, 'hidden_size': 17, 'dropout': 0.15446021644733238, 'hidden_continuous_size': 14, 'attention_head_size': 2, 'learning_rate': 0.07632301711392893}. Best is trial 12 with value: 0.09004301577806473.
LOCAL_RANK: 0 - CUDA_VISIBLE_DEVICES: [0]
[I 2023-11-30 05:33:23,507] Trial 36 finished with value: 0.15309391915798187 and parameters: {'gradient_clip_val': 0.5712614057822265, 'hidden_size': 24, 'dropout': 0.10898570232737533, 'hidden_continuous_size': 15, 'attention_head_size': 2, 'learning_rate': 0.09995640690791759}. Best is trial 12 with value: 0.09004301577806473.
LOCAL_RANK: 0 - CUDA_VISIBLE_DEVICES: [0]
[I 2023-11-30 05:33:36,090] Trial 37 finished with value: 0.1943090707063675 and parameters: {'gradient_clip_val': 0.7600436238703353, 'hidden_size': 34, 'dropout': 0.17086555986788207, 'hidden_continuous_size': 12, 'attention_head_size': 3, 'learning_rate': 0.06015421766197599}. Best is trial 12 with value: 0.09004301577806473.
LOCAL_RANK: 0 - CUDA_VISIBLE_DEVICES: [0]
[I 2023-11-30 05:33:48,268] Trial 38 finished with value: 0.4164315164089203 and parameters: {'gradient_clip_val': 0.49064607583803443, 'hidden_size': 18, 'dropout': 0.14857904352295054, 'hidden_continuous_size': 15, 'attention_head_size': 3, 'learning_rate': 0.03885983020986598}. Best is trial 12 with value: 0.09004301577806473.
LOCAL_RANK: 0 - CUDA_VISIBLE_DEVICES: [0]
[I 2023-11-30 05:34:00,947] Trial 39 finished with value: 0.16354592144489288 and parameters: {'gradient_clip_val': 0.6947575133380378, 'hidden_size': 43, 'dropout': 0.18198167387719494, 'hidden_continuous_size': 22, 'attention_head_size': 2, 'learning_rate': 0.07245632171294225}. Best is trial 12 with value: 0.09004301577806473.
LOCAL_RANK: 0 - CUDA_VISIBLE_DEVICES: [0]
[I 2023-11-30 05:34:13,810] Trial 40 finished with value: 0.38000667095184326 and parameters: {'gradient_clip_val': 0.9134816619460538, 'hidden_size': 51, 'dropout': 0.14213260776660164, 'hidden_continuous_size': 24, 'attention_head_size': 1, 'learning_rate': 0.0533182127733846}. Best is trial 12 with value: 0.09004301577806473.
LOCAL_RANK: 0 - CUDA_VISIBLE_DEVICES: [0]
[I 2023-11-30 05:34:26,031] Trial 41 finished with value: 0.2328256368637085 and parameters: {'gradient_clip_val': 0.7953340150017325, 'hidden_size': 19, 'dropout': 0.17874684658590864, 'hidden_continuous_size': 15, 'attention_head_size': 3, 'learning_rate': 0.07495129208639073}. Best is trial 12 with value: 0.09004301577806473.
LOCAL_RANK: 0 - CUDA_VISIBLE_DEVICES: [0]
[I 2023-11-30 05:34:38,304] Trial 42 finished with value: 0.3288988173007965 and parameters: {'gradient_clip_val': 0.8707734300436281, 'hidden_size': 23, 'dropout': 0.16286866394304686, 'hidden_continuous_size': 16, 'attention_head_size': 3, 'learning_rate': 0.06398949663211412}. Best is trial 12 with value: 0.09004301577806473.
LOCAL_RANK: 0 - CUDA_VISIBLE_DEVICES: [0]
[I 2023-11-30 05:34:50,488] Trial 43 finished with value: 0.1350417584180832 and parameters: {'gradient_clip_val': 0.7731463110460337, 'hidden_size': 28, 'dropout': 0.201697044190087, 'hidden_continuous_size': 14, 'attention_head_size': 3, 'learning_rate': 0.07959013423345565}. Best is trial 12 with value: 0.09004301577806473.
LOCAL_RANK: 0 - CUDA_VISIBLE_DEVICES: [0]
