[I 2023-11-30 06:25:05,033] Trial 125 finished with value: 0.08490265160799026 and parameters: {'gradient_clip_val': 0.2118495407527491, 'hidden_size': 70, 'dropout': 0.3817476564681737, 'hidden_continuous_size': 50, 'attention_head_size': 4, 'learning_rate': 0.03838626758660336}. Best is trial 73 with value: 0.06526132673025131.
LOCAL_RANK: 0 - CUDA_VISIBLE_DEVICES: [0]
[I 2023-11-30 06:25:18,884] Trial 126 finished with value: 0.2463611364364624 and parameters: {'gradient_clip_val': 0.1890672784695898, 'hidden_size': 72, 'dropout': 0.387947606453182, 'hidden_continuous_size': 44, 'attention_head_size': 4, 'learning_rate': 0.06464520957481822}. Best is trial 73 with value: 0.06526132673025131.
LOCAL_RANK: 0 - CUDA_VISIBLE_DEVICES: [0]
[I 2023-11-30 06:25:32,442] Trial 127 finished with value: 0.13684028387069702 and parameters: {'gradient_clip_val': 0.21052590630663937, 'hidden_size': 64, 'dropout': 0.3841844097024345, 'hidden_continuous_size': 50, 'attention_head_size': 4, 'learning_rate': 0.03753675973392817}. Best is trial 73 with value: 0.06526132673025131.
LOCAL_RANK: 0 - CUDA_VISIBLE_DEVICES: [0]
[I 2023-11-30 06:25:45,808] Trial 128 finished with value: 0.15747123956680298 and parameters: {'gradient_clip_val': 0.19823643890545056, 'hidden_size': 53, 'dropout': 0.3918372613199964, 'hidden_continuous_size': 46, 'attention_head_size': 4, 'learning_rate': 0.05712649697466672}. Best is trial 73 with value: 0.06526132673025131.
LOCAL_RANK: 0 - CUDA_VISIBLE_DEVICES: [0]
[I 2023-11-30 06:25:59,375] Trial 129 finished with value: 0.08804478496313095 and parameters: {'gradient_clip_val': 0.25378870237523166, 'hidden_size': 60, 'dropout': 0.3758208250379735, 'hidden_continuous_size': 47, 'attention_head_size': 4, 'learning_rate': 0.04030276685796697}. Best is trial 73 with value: 0.06526132673025131.
LOCAL_RANK: 0 - CUDA_VISIBLE_DEVICES: [0]
[I 2023-11-30 06:26:12,716] Trial 130 finished with value: 0.18188506364822388 and parameters: {'gradient_clip_val': 0.24343380080653315, 'hidden_size': 60, 'dropout': 0.3784071261640435, 'hidden_continuous_size': 47, 'attention_head_size': 4, 'learning_rate': 0.04505852562652117}. Best is trial 73 with value: 0.06526132673025131.
LOCAL_RANK: 0 - CUDA_VISIBLE_DEVICES: [0]
[I 2023-11-30 06:26:26,380] Trial 131 finished with value: 0.11443872004747391 and parameters: {'gradient_clip_val': 0.2533288004283418, 'hidden_size': 81, 'dropout': 0.39982972049529614, 'hidden_continuous_size': 40, 'attention_head_size': 4, 'learning_rate': 0.05023634680161858}. Best is trial 73 with value: 0.06526132673025131.
LOCAL_RANK: 0 - CUDA_VISIBLE_DEVICES: [0]
[I 2023-11-30 06:26:40,093] Trial 132 finished with value: 0.11435231566429138 and parameters: {'gradient_clip_val': 0.23856897296332485, 'hidden_size': 66, 'dropout': 0.37387062668839666, 'hidden_continuous_size': 51, 'attention_head_size': 4, 'learning_rate': 0.03789954226398636}. Best is trial 73 with value: 0.06526132673025131.
LOCAL_RANK: 0 - CUDA_VISIBLE_DEVICES: [0]
[I 2023-11-30 06:26:53,768] Trial 133 finished with value: 0.07377427071332932 and parameters: {'gradient_clip_val': 0.2564591053164124, 'hidden_size': 73, 'dropout': 0.3937239142532963, 'hidden_continuous_size': 48, 'attention_head_size': 4, 'learning_rate': 0.042841022084890726}. Best is trial 73 with value: 0.06526132673025131.
LOCAL_RANK: 0 - CUDA_VISIBLE_DEVICES: [0]
[I 2023-11-30 06:27:07,557] Trial 134 finished with value: 0.07591742277145386 and parameters: {'gradient_clip_val': 0.25788348007279366, 'hidden_size': 76, 'dropout': 0.39463629538917877, 'hidden_continuous_size': 43, 'attention_head_size': 4, 'learning_rate': 0.04100701874996869}. Best is trial 73 with value: 0.06526132673025131.
LOCAL_RANK: 0 - CUDA_VISIBLE_DEVICES: [0]
[I 2023-11-30 06:27:21,185] Trial 135 finished with value: 0.12431281059980392 and parameters: {'gradient_clip_val': 0.2985757421000019, 'hidden_size': 69, 'dropout': 0.39411103960088534, 'hidden_continuous_size': 43, 'attention_head_size': 4, 'learning_rate': 0.041656466541304095}. Best is trial 73 with value: 0.06526132673025131.
LOCAL_RANK: 0 - CUDA_VISIBLE_DEVICES: [0]
[I 2023-11-30 06:27:34,732] Trial 136 finished with value: 0.14584769308567047 and parameters: {'gradient_clip_val': 0.26186779696528173, 'hidden_size': 73, 'dropout': 0.38686782474156645, 'hidden_continuous_size': 44, 'attention_head_size': 4, 'learning_rate': 0.0534635965523192}. Best is trial 73 with value: 0.06526132673025131.
LOCAL_RANK: 0 - CUDA_VISIBLE_DEVICES: [0]
[I 2023-11-30 06:27:48,185] Trial 137 finished with value: 0.236018106341362 and parameters: {'gradient_clip_val': 0.27679296845157464, 'hidden_size': 76, 'dropout': 0.39421529173262676, 'hidden_continuous_size': 41, 'attention_head_size': 4, 'learning_rate': 0.04686984683852338}. Best is trial 73 with value: 0.06526132673025131.
LOCAL_RANK: 0 - CUDA_VISIBLE_DEVICES: [0]
[I 2023-11-30 06:28:01,781] Trial 138 finished with value: 0.15438593924045563 and parameters: {'gradient_clip_val': 0.25715597872429335, 'hidden_size': 66, 'dropout': 0.3826120984380378, 'hidden_continuous_size': 47, 'attention_head_size': 4, 'learning_rate': 0.08372733734042244}. Best is trial 73 with value: 0.06526132673025131.
LOCAL_RANK: 0 - CUDA_VISIBLE_DEVICES: [0]
[I 2023-11-30 06:28:15,360] Trial 139 finished with value: 0.23321443796157837 and parameters: {'gradient_clip_val': 0.2864968890021399, 'hidden_size': 61, 'dropout': 0.388728185939454, 'hidden_continuous_size': 39, 'attention_head_size': 4, 'learning_rate': 0.060681417391017824}. Best is trial 73 with value: 0.06526132673025131.
LOCAL_RANK: 0 - CUDA_VISIBLE_DEVICES: [0]
[I 2023-11-30 06:28:29,045] Trial 140 finished with value: 0.10539833456277847 and parameters: {'gradient_clip_val': 0.24755563128600216, 'hidden_size': 70, 'dropout': 0.37884584801586435, 'hidden_continuous_size': 49, 'attention_head_size': 4, 'learning_rate': 0.039390050564789315}. Best is trial 73 with value: 0.06526132673025131.
LOCAL_RANK: 0 - CUDA_VISIBLE_DEVICES: [0]
[I 2023-11-30 06:28:42,859] Trial 141 finished with value: 0.18767108023166656 and parameters: {'gradient_clip_val': 0.23330725875203293, 'hidden_size': 85, 'dropout': 0.3970359576022328, 'hidden_continuous_size': 42, 'attention_head_size': 4, 'learning_rate': 0.03554967091268737}. Best is trial 73 with value: 0.06526132673025131.
LOCAL_RANK: 0 - CUDA_VISIBLE_DEVICES: [0]
[I 2023-11-30 06:28:56,608] Trial 142 finished with value: 0.20234674215316772 and parameters: {'gradient_clip_val': 0.2666168985509904, 'hidden_size': 79, 'dropout': 0.3661676398191007, 'hidden_continuous_size': 45, 'attention_head_size': 4, 'learning_rate': 0.04343106395867787}. Best is trial 73 with value: 0.06526132673025131.
LOCAL_RANK: 0 - CUDA_VISIBLE_DEVICES: [0]
[I 2023-11-30 06:29:09,937] Trial 143 finished with value: 0.13642312586307526 and parameters: {'gradient_clip_val': 0.22069241784955218, 'hidden_size': 56, 'dropout': 0.38849806917232355, 'hidden_continuous_size': 49, 'attention_head_size': 4, 'learning_rate': 0.033644243340844}. Best is trial 73 with value: 0.06526132673025131.
LOCAL_RANK: 0 - CUDA_VISIBLE_DEVICES: [0]
[I 2023-11-30 06:29:23,691] Trial 144 finished with value: 0.1151561513543129 and parameters: {'gradient_clip_val': 0.24702858675007247, 'hidden_size': 63, 'dropout': 0.3723020005404454, 'hidden_continuous_size': 53, 'attention_head_size': 4, 'learning_rate': 0.048828102186910055}. Best is trial 73 with value: 0.06526132673025131.
LOCAL_RANK: 0 - CUDA_VISIBLE_DEVICES: [0]
[I 2023-11-30 06:29:37,458] Trial 145 finished with value: 0.12498226016759872 and parameters: {'gradient_clip_val': 0.31141709990248095, 'hidden_size': 74, 'dropout': 0.38221456188426844, 'hidden_continuous_size': 55, 'attention_head_size': 4, 'learning_rate': 0.07064529750217603}. Best is trial 73 with value: 0.06526132673025131.
LOCAL_RANK: 0 - CUDA_VISIBLE_DEVICES: [0]
[I 2023-11-30 06:29:50,752] Trial 146 finished with value: 0.2067154198884964 and parameters: {'gradient_clip_val': 0.21239865472290675, 'hidden_size': 46, 'dropout': 0.3996234503496298, 'hidden_continuous_size': 44, 'attention_head_size': 4, 'learning_rate': 0.040696184061145994}. Best is trial 73 with value: 0.06526132673025131.
LOCAL_RANK: 0 - CUDA_VISIBLE_DEVICES: [0]
[I 2023-11-30 06:30:04,624] Trial 147 finished with value: 0.1056552305817604 and parameters: {'gradient_clip_val': 0.2041353551911522, 'hidden_size': 87, 'dropout': 0.39158188108417435, 'hidden_continuous_size': 47, 'attention_head_size': 4, 'learning_rate': 0.031089163326580342}. Best is trial 73 with value: 0.06526132673025131.
LOCAL_RANK: 0 - CUDA_VISIBLE_DEVICES: [0]
[I 2023-11-30 06:30:18,514] Trial 148 finished with value: 0.10583803802728653 and parameters: {'gradient_clip_val': 0.22794960651708165, 'hidden_size': 81, 'dropout': 0.3632014108458165, 'hidden_continuous_size': 52, 'attention_head_size': 4, 'learning_rate': 0.036295307295269974}. Best is trial 73 with value: 0.06526132673025131.
LOCAL_RANK: 0 - CUDA_VISIBLE_DEVICES: [0]
[I 2023-11-30 06:30:32,176] Trial 149 finished with value: 0.2292783111333847 and parameters: {'gradient_clip_val': 0.2586916107666169, 'hidden_size': 59, 'dropout': 0.3773603460512721, 'hidden_continuous_size': 50, 'attention_head_size': 4, 'learning_rate': 0.052783784766031364}. Best is trial 73 with value: 0.06526132673025131.
[I 2023-11-30 06:30:32,293] A new study created in memory with name: no-name-7bc5af16-093e-4ab6-a0d7-4abaaff4c836
/home/le004/conda/anaconda3/envs/tsff_env/lib/python3.9/site-packages/lightning/fabric/plugins/environments/slurm.py:191: The `srun` command is available on your system but is not used. HINT: If your intention is to run Lightning on SLURM, prepend your python command with `srun` like so: srun python /home/le004/master_thesis/git/TSFusionForecast/code/ ...
LOCAL_RANK: 0 - CUDA_VISIBLE_DEVICES: [0]
[I 2023-11-30 06:30:44,842] Trial 0 finished with value: 0.9962990283966064 and parameters: {'gradient_clip_val': 0.21994349485103898, 'hidden_size': 35, 'dropout': 0.27243058505166173, 'hidden_continuous_size': 17, 'attention_head_size': 2, 'learning_rate': 0.0036254001964741503}. Best is trial 0 with value: 0.9962990283966064.
LOCAL_RANK: 0 - CUDA_VISIBLE_DEVICES: [0]
[I 2023-11-30 06:30:56,966] Trial 1 finished with value: 0.21240921318531036 and parameters: {'gradient_clip_val': 0.8335695211824236, 'hidden_size': 19, 'dropout': 0.2755752570393136, 'hidden_continuous_size': 11, 'attention_head_size': 4, 'learning_rate': 0.09392632433286235}. Best is trial 1 with value: 0.21240921318531036.
LOCAL_RANK: 0 - CUDA_VISIBLE_DEVICES: [0]
[I 2023-11-30 06:31:11,156] Trial 2 finished with value: 0.2799822986125946 and parameters: {'gradient_clip_val': 0.14886550999617937, 'hidden_size': 135, 'dropout': 0.38178597901740496, 'hidden_continuous_size': 35, 'attention_head_size': 4, 'learning_rate': 0.004735241026167654}. Best is trial 1 with value: 0.21240921318531036.
LOCAL_RANK: 0 - CUDA_VISIBLE_DEVICES: [0]
[I 2023-11-30 06:31:21,567] Trial 3 finished with value: 0.17754380404949188 and parameters: {'gradient_clip_val': 0.40706566671449124, 'hidden_size': 18, 'dropout': 0.2853009705954319, 'hidden_continuous_size': 18, 'attention_head_size': 1, 'learning_rate': 0.049781088277085474}. Best is trial 3 with value: 0.17754380404949188.
LOCAL_RANK: 0 - CUDA_VISIBLE_DEVICES: [0]
[I 2023-11-30 06:31:33,959] Trial 4 finished with value: 0.5132536292076111 and parameters: {'gradient_clip_val': 0.40253814229609547, 'hidden_size': 13, 'dropout': 0.14937910289320275, 'hidden_continuous_size': 11, 'attention_head_size': 4, 'learning_rate': 0.03165320196130175}. Best is trial 3 with value: 0.17754380404949188.
LOCAL_RANK: 0 - CUDA_VISIBLE_DEVICES: [0]
[I 2023-11-30 06:31:46,311] Trial 5 finished with value: 0.2820237874984741 and parameters: {'gradient_clip_val': 0.2796337423748004, 'hidden_size': 40, 'dropout': 0.23956768337334913, 'hidden_continuous_size': 16, 'attention_head_size': 2, 'learning_rate': 0.04543147192832024}. Best is trial 3 with value: 0.17754380404949188.
LOCAL_RANK: 0 - CUDA_VISIBLE_DEVICES: [0]
[I 2023-11-30 06:32:00,356] Trial 6 finished with value: 1.083736538887024 and parameters: {'gradient_clip_val': 0.3043268347730669, 'hidden_size': 123, 'dropout': 0.38036660481120577, 'hidden_continuous_size': 36, 'attention_head_size': 1, 'learning_rate': 0.0010758988017275204}. Best is trial 3 with value: 0.17754380404949188.
LOCAL_RANK: 0 - CUDA_VISIBLE_DEVICES: [0]
[I 2023-11-30 06:32:12,458] Trial 7 finished with value: 1.6404927968978882 and parameters: {'gradient_clip_val': 0.25693282697612324, 'hidden_size': 14, 'dropout': 0.3713700901021896, 'hidden_continuous_size': 12, 'attention_head_size': 2, 'learning_rate': 0.004834004389533646}. Best is trial 3 with value: 0.17754380404949188.
LOCAL_RANK: 0 - CUDA_VISIBLE_DEVICES: [0]
[I 2023-11-30 06:32:24,354] Trial 8 finished with value: 0.52298504114151 and parameters: {'gradient_clip_val': 0.5538005201175246, 'hidden_size': 15, 'dropout': 0.11361690302085077, 'hidden_continuous_size': 10, 'attention_head_size': 1, 'learning_rate': 0.01863015711146641}. Best is trial 3 with value: 0.17754380404949188.
LOCAL_RANK: 0 - CUDA_VISIBLE_DEVICES: [0]
[I 2023-11-30 06:32:36,372] Trial 9 finished with value: 0.5439475178718567 and parameters: {'gradient_clip_val': 0.9619410060517899, 'hidden_size': 11, 'dropout': 0.1774699330328312, 'hidden_continuous_size': 10, 'attention_head_size': 4, 'learning_rate': 0.050101083833382125}. Best is trial 3 with value: 0.17754380404949188.
LOCAL_RANK: 0 - CUDA_VISIBLE_DEVICES: [0]
[I 2023-11-30 06:32:48,678] Trial 10 finished with value: 0.5292037129402161 and parameters: {'gradient_clip_val': 0.11565766737368616, 'hidden_size': 24, 'dropout': 0.32192701912749455, 'hidden_continuous_size': 19, 'attention_head_size': 3, 'learning_rate': 0.013950591172756257}. Best is trial 3 with value: 0.17754380404949188.
LOCAL_RANK: 0 - CUDA_VISIBLE_DEVICES: [0]
[I 2023-11-30 06:33:00,888] Trial 11 finished with value: 0.1623631715774536 and parameters: {'gradient_clip_val': 0.7852978733740188, 'hidden_size': 21, 'dropout': 0.2708106605597815, 'hidden_continuous_size': 13, 'attention_head_size': 3, 'learning_rate': 0.07245853212104465}. Best is trial 11 with value: 0.1623631715774536.
LOCAL_RANK: 0 - CUDA_VISIBLE_DEVICES: [0]
[I 2023-11-30 06:33:13,256] Trial 12 finished with value: 0.3325263559818268 and parameters: {'gradient_clip_val': 0.558527944399068, 'hidden_size': 25, 'dropout': 0.2153600335428117, 'hidden_continuous_size': 13, 'attention_head_size': 3, 'learning_rate': 0.07835489538307056}. Best is trial 11 with value: 0.1623631715774536.
LOCAL_RANK: 0 - CUDA_VISIBLE_DEVICES: [0]
[I 2023-11-30 06:33:24,387] Trial 13 finished with value: 0.803625762462616 and parameters: {'gradient_clip_val': 0.6726373941565913, 'hidden_size': 10, 'dropout': 0.31051533352174665, 'hidden_continuous_size': 10, 'attention_head_size': 3, 'learning_rate': 0.02737476350644417}. Best is trial 11 with value: 0.1623631715774536.
LOCAL_RANK: 0 - CUDA_VISIBLE_DEVICES: [0]
[I 2023-11-30 06:33:36,429] Trial 14 finished with value: 0.10450214147567749 and parameters: {'gradient_clip_val': 0.44796989570238765, 'hidden_size': 20, 'dropout': 0.2077117827793034, 'hidden_continuous_size': 14, 'attention_head_size': 1, 'learning_rate': 0.09823388830663944}. Best is trial 14 with value: 0.10450214147567749.
LOCAL_RANK: 0 - CUDA_VISIBLE_DEVICES: [0]
[I 2023-11-30 06:33:48,879] Trial 15 finished with value: 0.11788183450698853 and parameters: {'gradient_clip_val': 0.7258400748235151, 'hidden_size': 34, 'dropout': 0.21377786075129734, 'hidden_continuous_size': 14, 'attention_head_size': 2, 'learning_rate': 0.08721373918493426}. Best is trial 14 with value: 0.10450214147567749.
LOCAL_RANK: 0 - CUDA_VISIBLE_DEVICES: [0]
[I 2023-11-30 06:34:01,347] Trial 16 finished with value: 0.16139471530914307 and parameters: {'gradient_clip_val': 0.4950615742344948, 'hidden_size': 39, 'dropout': 0.205775012479154, 'hidden_continuous_size': 14, 'attention_head_size': 1, 'learning_rate': 0.09719705669143637}. Best is trial 14 with value: 0.10450214147567749.
LOCAL_RANK: 0 - CUDA_VISIBLE_DEVICES: [0]
[I 2023-11-30 06:34:14,467] Trial 17 finished with value: 0.1628924459218979 and parameters: {'gradient_clip_val': 0.6678597567770357, 'hidden_size': 56, 'dropout': 0.18388767163065733, 'hidden_continuous_size': 24, 'attention_head_size': 2, 'learning_rate': 0.030797901399637156}. Best is trial 14 with value: 0.10450214147567749.
LOCAL_RANK: 0 - CUDA_VISIBLE_DEVICES: [0]
[I 2023-11-30 06:34:26,576] Trial 18 finished with value: 0.12655682861804962 and parameters: {'gradient_clip_val': 0.9878127656545942, 'hidden_size': 32, 'dropout': 0.23703295442386274, 'hidden_continuous_size': 15, 'attention_head_size': 1, 'learning_rate': 0.05694347582201063}. Best is trial 14 with value: 0.10450214147567749.
LOCAL_RANK: 0 - CUDA_VISIBLE_DEVICES: [0]
[I 2023-11-30 06:34:39,755] Trial 19 finished with value: 0.09808225184679031 and parameters: {'gradient_clip_val': 0.39714823492307527, 'hidden_size': 55, 'dropout': 0.14416244432424516, 'hidden_continuous_size': 23, 'attention_head_size': 2, 'learning_rate': 0.09857977835477431}. Best is trial 19 with value: 0.09808225184679031.
LOCAL_RANK: 0 - CUDA_VISIBLE_DEVICES: [0]
[I 2023-11-30 06:34:52,746] Trial 20 finished with value: 0.2140466719865799 and parameters: {'gradient_clip_val': 0.3670559915915062, 'hidden_size': 57, 'dropout': 0.1047915896217435, 'hidden_continuous_size': 24, 'attention_head_size': 1, 'learning_rate': 0.01878761162688833}. Best is trial 19 with value: 0.09808225184679031.
LOCAL_RANK: 0 - CUDA_VISIBLE_DEVICES: [0]
[I 2023-11-30 06:35:05,608] Trial 21 finished with value: 0.16468696296215057 and parameters: {'gradient_clip_val': 0.4617067066081874, 'hidden_size': 53, 'dropout': 0.14565182794826853, 'hidden_continuous_size': 21, 'attention_head_size': 2, 'learning_rate': 0.09328070061613465}. Best is trial 19 with value: 0.09808225184679031.
LOCAL_RANK: 0 - CUDA_VISIBLE_DEVICES: [0]
[I 2023-11-30 06:35:17,720] Trial 22 finished with value: 0.10322034358978271 and parameters: {'gradient_clip_val': 0.3539410078650887, 'hidden_size': 28, 'dropout': 0.20869298437564643, 'hidden_continuous_size': 15, 'attention_head_size': 2, 'learning_rate': 0.06273518749574332}. Best is trial 19 with value: 0.09808225184679031.
LOCAL_RANK: 0 - CUDA_VISIBLE_DEVICES: [0]
[I 2023-11-30 06:35:30,052] Trial 23 finished with value: 0.11931702494621277 and parameters: {'gradient_clip_val': 0.32468827563733116, 'hidden_size': 29, 'dropout': 0.17325986718904476, 'hidden_continuous_size': 16, 'attention_head_size': 2, 'learning_rate': 0.05827722058819618}. Best is trial 19 with value: 0.09808225184679031.
LOCAL_RANK: 0 - CUDA_VISIBLE_DEVICES: [0]
[I 2023-11-30 06:35:42,580] Trial 24 finished with value: 0.16920919716358185 and parameters: {'gradient_clip_val': 0.36486805077619605, 'hidden_size': 26, 'dropout': 0.1471380246125959, 'hidden_continuous_size': 15, 'attention_head_size': 2, 'learning_rate': 0.03892952114578937}. Best is trial 19 with value: 0.09808225184679031.
LOCAL_RANK: 0 - CUDA_VISIBLE_DEVICES: [0]
[I 2023-11-30 06:35:54,656] Trial 25 finished with value: 0.2880440652370453 and parameters: {'gradient_clip_val': 0.44773168825785364, 'hidden_size': 20, 'dropout': 0.20284947951862323, 'hidden_continuous_size': 13, 'attention_head_size': 1, 'learning_rate': 0.06418569160459221}. Best is trial 19 with value: 0.09808225184679031.
LOCAL_RANK: 0 - CUDA_VISIBLE_DEVICES: [0]
[I 2023-11-30 06:36:07,440] Trial 26 finished with value: 0.11442476511001587 and parameters: {'gradient_clip_val': 0.5384180372473993, 'hidden_size': 45, 'dropout': 0.23385035472164506, 'hidden_continuous_size': 19, 'attention_head_size': 3, 'learning_rate': 0.06599514944042743}. Best is trial 19 with value: 0.09808225184679031.
LOCAL_RANK: 0 - CUDA_VISIBLE_DEVICES: [0]
[I 2023-11-30 06:36:20,853] Trial 27 finished with value: 0.1422039419412613 and parameters: {'gradient_clip_val': 0.3328518556876497, 'hidden_size': 67, 'dropout': 0.1938063605655875, 'hidden_continuous_size': 31, 'attention_head_size': 2, 'learning_rate': 0.09862774207973136}. Best is trial 19 with value: 0.09808225184679031.
LOCAL_RANK: 0 - CUDA_VISIBLE_DEVICES: [0]
[I 2023-11-30 06:36:32,981] Trial 28 finished with value: 0.2591407895088196 and parameters: {'gradient_clip_val': 0.23169410583643377, 'hidden_size': 27, 'dropout': 0.16523958611061357, 'hidden_continuous_size': 17, 'attention_head_size': 1, 'learning_rate': 0.041981895293292805}. Best is trial 19 with value: 0.09808225184679031.
LOCAL_RANK: 0 - CUDA_VISIBLE_DEVICES: [0]
[I 2023-11-30 06:36:45,789] Trial 29 finished with value: 0.16594235599040985 and parameters: {'gradient_clip_val': 0.21017757054156175, 'hidden_size': 33, 'dropout': 0.12472948248201127, 'hidden_continuous_size': 21, 'attention_head_size': 2, 'learning_rate': 0.06651960325600592}. Best is trial 19 with value: 0.09808225184679031.
LOCAL_RANK: 0 - CUDA_VISIBLE_DEVICES: [0]
[I 2023-11-30 06:36:57,968] Trial 30 finished with value: 0.16042937338352203 and parameters: {'gradient_clip_val': 0.4202674904369745, 'hidden_size': 17, 'dropout': 0.22018250962720068, 'hidden_continuous_size': 12, 'attention_head_size': 3, 'learning_rate': 0.03873988321747672}. Best is trial 19 with value: 0.09808225184679031.
LOCAL_RANK: 0 - CUDA_VISIBLE_DEVICES: [0]
[I 2023-11-30 06:37:10,547] Trial 31 finished with value: 0.1118207573890686 and parameters: {'gradient_clip_val': 0.5401766105819006, 'hidden_size': 38, 'dropout': 0.24139944768804844, 'hidden_continuous_size': 18, 'attention_head_size': 3, 'learning_rate': 0.0689341735303948}. Best is trial 19 with value: 0.09808225184679031.
LOCAL_RANK: 0 - CUDA_VISIBLE_DEVICES: [0]
