[I 2023-11-29 20:19:28,141] Trial 58 finished with value: 872.2830200195312 and parameters: {'gradient_clip_val': 0.37881170723200985, 'hidden_size': 74, 'dropout': 0.37646929103697535, 'hidden_continuous_size': 19, 'attention_head_size': 1, 'learning_rate': 0.00436683058610614}. Best is trial 36 with value: 701.1680297851562.
LOCAL_RANK: 0 - CUDA_VISIBLE_DEVICES: [0]
[I 2023-11-29 20:19:41,469] Trial 59 finished with value: 1014.55615234375 and parameters: {'gradient_clip_val': 0.4380336910199581, 'hidden_size': 91, 'dropout': 0.3883694418783176, 'hidden_continuous_size': 28, 'attention_head_size': 1, 'learning_rate': 0.005732872187133226}. Best is trial 36 with value: 701.1680297851562.
LOCAL_RANK: 0 - CUDA_VISIBLE_DEVICES: [0]
[I 2023-11-29 20:19:54,576] Trial 60 finished with value: 1139.5103759765625 and parameters: {'gradient_clip_val': 0.38645023866281597, 'hidden_size': 82, 'dropout': 0.3683522791068234, 'hidden_continuous_size': 14, 'attention_head_size': 1, 'learning_rate': 0.008748599855259848}. Best is trial 36 with value: 701.1680297851562.
LOCAL_RANK: 0 - CUDA_VISIBLE_DEVICES: [0]
[I 2023-11-29 20:20:07,513] Trial 61 finished with value: 924.77392578125 and parameters: {'gradient_clip_val': 0.48279946510408434, 'hidden_size': 61, 'dropout': 0.3994424718306598, 'hidden_continuous_size': 17, 'attention_head_size': 1, 'learning_rate': 0.0046873908541819045}. Best is trial 36 with value: 701.1680297851562.
LOCAL_RANK: 0 - CUDA_VISIBLE_DEVICES: [0]
[I 2023-11-29 20:20:20,719] Trial 62 finished with value: 883.12353515625 and parameters: {'gradient_clip_val': 0.34111841034785667, 'hidden_size': 67, 'dropout': 0.3921145089580283, 'hidden_continuous_size': 20, 'attention_head_size': 1, 'learning_rate': 0.0055083061497493}. Best is trial 36 with value: 701.1680297851562.
LOCAL_RANK: 0 - CUDA_VISIBLE_DEVICES: [0]
[I 2023-11-29 20:20:34,052] Trial 63 finished with value: 890.4830932617188 and parameters: {'gradient_clip_val': 0.34535914215017455, 'hidden_size': 73, 'dropout': 0.37622822768432956, 'hidden_continuous_size': 19, 'attention_head_size': 1, 'learning_rate': 0.003791006026276765}. Best is trial 36 with value: 701.1680297851562.
LOCAL_RANK: 0 - CUDA_VISIBLE_DEVICES: [0]
[I 2023-11-29 20:20:46,804] Trial 64 finished with value: 750.6799926757812 and parameters: {'gradient_clip_val': 0.3935942107815807, 'hidden_size': 56, 'dropout': 0.3547166872690193, 'hidden_continuous_size': 21, 'attention_head_size': 1, 'learning_rate': 0.0073980138795226}. Best is trial 36 with value: 701.1680297851562.
LOCAL_RANK: 0 - CUDA_VISIBLE_DEVICES: [0]
[I 2023-11-29 20:20:59,528] Trial 65 finished with value: 921.9739379882812 and parameters: {'gradient_clip_val': 0.42975855048022304, 'hidden_size': 60, 'dropout': 0.3999986346147652, 'hidden_continuous_size': 19, 'attention_head_size': 1, 'learning_rate': 0.005456743395086124}. Best is trial 36 with value: 701.1680297851562.
LOCAL_RANK: 0 - CUDA_VISIBLE_DEVICES: [0]
[I 2023-11-29 20:21:12,671] Trial 66 finished with value: 784.1785278320312 and parameters: {'gradient_clip_val': 0.3706040530301567, 'hidden_size': 65, 'dropout': 0.3684667957183624, 'hidden_continuous_size': 27, 'attention_head_size': 1, 'learning_rate': 0.004972681716610259}. Best is trial 36 with value: 701.1680297851562.
LOCAL_RANK: 0 - CUDA_VISIBLE_DEVICES: [0]
[I 2023-11-29 20:21:25,695] Trial 67 finished with value: 834.4253540039062 and parameters: {'gradient_clip_val': 0.4575079360229967, 'hidden_size': 71, 'dropout': 0.3890646160315984, 'hidden_continuous_size': 17, 'attention_head_size': 1, 'learning_rate': 0.0061432199794337165}. Best is trial 36 with value: 701.1680297851562.
LOCAL_RANK: 0 - CUDA_VISIBLE_DEVICES: [0]
[I 2023-11-29 20:21:39,096] Trial 68 finished with value: 792.970458984375 and parameters: {'gradient_clip_val': 0.33392213731464354, 'hidden_size': 88, 'dropout': 0.3471200155163854, 'hidden_continuous_size': 26, 'attention_head_size': 1, 'learning_rate': 0.0034843936713287367}. Best is trial 36 with value: 701.1680297851562.
LOCAL_RANK: 0 - CUDA_VISIBLE_DEVICES: [0]
[I 2023-11-29 20:21:51,825] Trial 69 finished with value: 1339.4132080078125 and parameters: {'gradient_clip_val': 0.32013881115302223, 'hidden_size': 47, 'dropout': 0.36928154978671507, 'hidden_continuous_size': 21, 'attention_head_size': 2, 'learning_rate': 0.004211303912581758}. Best is trial 36 with value: 701.1680297851562.
LOCAL_RANK: 0 - CUDA_VISIBLE_DEVICES: [0]
[I 2023-11-29 20:22:05,472] Trial 70 finished with value: 836.2166137695312 and parameters: {'gradient_clip_val': 0.3026127044288816, 'hidden_size': 105, 'dropout': 0.38305742112461927, 'hidden_continuous_size': 33, 'attention_head_size': 1, 'learning_rate': 0.002643817980794533}. Best is trial 36 with value: 701.1680297851562.
LOCAL_RANK: 0 - CUDA_VISIBLE_DEVICES: [0]
[I 2023-11-29 20:22:18,029] Trial 71 finished with value: 973.9187622070312 and parameters: {'gradient_clip_val': 0.40052318472384546, 'hidden_size': 56, 'dropout': 0.3535945234947373, 'hidden_continuous_size': 21, 'attention_head_size': 1, 'learning_rate': 0.008019558550350298}. Best is trial 36 with value: 701.1680297851562.
LOCAL_RANK: 0 - CUDA_VISIBLE_DEVICES: [0]
[I 2023-11-29 20:22:30,607] Trial 72 finished with value: 809.985107421875 and parameters: {'gradient_clip_val': 0.3965854650475367, 'hidden_size': 56, 'dropout': 0.35644472298323604, 'hidden_continuous_size': 20, 'attention_head_size': 1, 'learning_rate': 0.007125710183527295}. Best is trial 36 with value: 701.1680297851562.
LOCAL_RANK: 0 - CUDA_VISIBLE_DEVICES: [0]
[I 2023-11-29 20:22:43,457] Trial 73 finished with value: 870.58056640625 and parameters: {'gradient_clip_val': 0.37517841974682126, 'hidden_size': 47, 'dropout': 0.3459805050391328, 'hidden_continuous_size': 20, 'attention_head_size': 1, 'learning_rate': 0.007055297514849895}. Best is trial 36 with value: 701.1680297851562.
LOCAL_RANK: 0 - CUDA_VISIBLE_DEVICES: [0]
[I 2023-11-29 20:22:56,464] Trial 74 finished with value: 861.9697875976562 and parameters: {'gradient_clip_val': 0.3649795842341301, 'hidden_size': 63, 'dropout': 0.37120171886819625, 'hidden_continuous_size': 23, 'attention_head_size': 1, 'learning_rate': 0.009415126087523222}. Best is trial 36 with value: 701.1680297851562.
LOCAL_RANK: 0 - CUDA_VISIBLE_DEVICES: [0]
[I 2023-11-29 20:23:09,599] Trial 75 finished with value: 758.0289916992188 and parameters: {'gradient_clip_val': 0.4323441951664855, 'hidden_size': 69, 'dropout': 0.3919998898085663, 'hidden_continuous_size': 18, 'attention_head_size': 1, 'learning_rate': 0.004797408402505365}. Best is trial 36 with value: 701.1680297851562.
LOCAL_RANK: 0 - CUDA_VISIBLE_DEVICES: [0]
[I 2023-11-29 20:23:22,478] Trial 76 finished with value: 793.88232421875 and parameters: {'gradient_clip_val': 0.49675553909286035, 'hidden_size': 53, 'dropout': 0.3631998286637694, 'hidden_continuous_size': 24, 'attention_head_size': 1, 'learning_rate': 0.005934015572461318}. Best is trial 36 with value: 701.1680297851562.
LOCAL_RANK: 0 - CUDA_VISIBLE_DEVICES: [0]
[I 2023-11-29 20:23:35,803] Trial 77 finished with value: 924.8595581054688 and parameters: {'gradient_clip_val': 0.4035713422905124, 'hidden_size': 77, 'dropout': 0.37736410768331985, 'hidden_continuous_size': 25, 'attention_head_size': 1, 'learning_rate': 0.008076048171689278}. Best is trial 36 with value: 701.1680297851562.
LOCAL_RANK: 0 - CUDA_VISIBLE_DEVICES: [0]
[I 2023-11-29 20:23:48,932] Trial 78 finished with value: 976.3013305664062 and parameters: {'gradient_clip_val': 0.46461932023130975, 'hidden_size': 63, 'dropout': 0.33145858009993456, 'hidden_continuous_size': 22, 'attention_head_size': 1, 'learning_rate': 0.005239170309919284}. Best is trial 36 with value: 701.1680297851562.
LOCAL_RANK: 0 - CUDA_VISIBLE_DEVICES: [0]
[I 2023-11-29 20:24:01,817] Trial 79 finished with value: 913.9375610351562 and parameters: {'gradient_clip_val': 0.5360454351931242, 'hidden_size': 49, 'dropout': 0.3495627011108444, 'hidden_continuous_size': 21, 'attention_head_size': 2, 'learning_rate': 0.007372163720816281}. Best is trial 36 with value: 701.1680297851562.
LOCAL_RANK: 0 - CUDA_VISIBLE_DEVICES: [0]
[I 2023-11-29 20:24:14,851] Trial 80 finished with value: 1180.1988525390625 and parameters: {'gradient_clip_val': 0.33235426081084823, 'hidden_size': 59, 'dropout': 0.32824995703541965, 'hidden_continuous_size': 19, 'attention_head_size': 1, 'learning_rate': 0.006493076568356701}. Best is trial 36 with value: 701.1680297851562.
LOCAL_RANK: 0 - CUDA_VISIBLE_DEVICES: [0]
[I 2023-11-29 20:24:28,006] Trial 81 finished with value: 861.762939453125 and parameters: {'gradient_clip_val': 0.41769270282712434, 'hidden_size': 71, 'dropout': 0.3920293784195837, 'hidden_continuous_size': 18, 'attention_head_size': 1, 'learning_rate': 0.0051401454831185855}. Best is trial 36 with value: 701.1680297851562.
LOCAL_RANK: 0 - CUDA_VISIBLE_DEVICES: [0]
[I 2023-11-29 20:24:40,654] Trial 82 finished with value: 974.0761108398438 and parameters: {'gradient_clip_val': 0.4379689435161109, 'hidden_size': 54, 'dropout': 0.38380085838488737, 'hidden_continuous_size': 17, 'attention_head_size': 1, 'learning_rate': 0.004354514077637671}. Best is trial 36 with value: 701.1680297851562.
LOCAL_RANK: 0 - CUDA_VISIBLE_DEVICES: [0]
[I 2023-11-29 20:24:53,646] Trial 83 finished with value: 823.8634643554688 and parameters: {'gradient_clip_val': 0.3560267690392169, 'hidden_size': 68, 'dropout': 0.39090658534847444, 'hidden_continuous_size': 16, 'attention_head_size': 1, 'learning_rate': 0.003972063648471933}. Best is trial 36 with value: 701.1680297851562.
LOCAL_RANK: 0 - CUDA_VISIBLE_DEVICES: [0]
[I 2023-11-29 20:25:07,063] Trial 84 finished with value: 840.1207885742188 and parameters: {'gradient_clip_val': 0.38898717280548895, 'hidden_size': 81, 'dropout': 0.37523122257018804, 'hidden_continuous_size': 15, 'attention_head_size': 4, 'learning_rate': 0.004675067348330486}. Best is trial 36 with value: 701.1680297851562.
LOCAL_RANK: 0 - CUDA_VISIBLE_DEVICES: [0]
[I 2023-11-29 20:25:20,224] Trial 85 finished with value: 825.8168334960938 and parameters: {'gradient_clip_val': 0.459787241166174, 'hidden_size': 69, 'dropout': 0.36001718830269364, 'hidden_continuous_size': 23, 'attention_head_size': 1, 'learning_rate': 0.005884034098070852}. Best is trial 36 with value: 701.1680297851562.
LOCAL_RANK: 0 - CUDA_VISIBLE_DEVICES: [0]
[I 2023-11-29 20:25:33,133] Trial 86 finished with value: 797.793212890625 and parameters: {'gradient_clip_val': 0.5132872412311927, 'hidden_size': 64, 'dropout': 0.39660884539908275, 'hidden_continuous_size': 20, 'attention_head_size': 1, 'learning_rate': 0.003521591349184908}. Best is trial 36 with value: 701.1680297851562.
LOCAL_RANK: 0 - CUDA_VISIBLE_DEVICES: [0]
[I 2023-11-29 20:25:45,927] Trial 87 finished with value: 938.254638671875 and parameters: {'gradient_clip_val': 0.427384073595372, 'hidden_size': 58, 'dropout': 0.3409767317272899, 'hidden_continuous_size': 18, 'attention_head_size': 1, 'learning_rate': 0.006853198039383649}. Best is trial 36 with value: 701.1680297851562.
LOCAL_RANK: 0 - CUDA_VISIBLE_DEVICES: [0]
[I 2023-11-29 20:25:58,656] Trial 88 finished with value: 775.2500610351562 and parameters: {'gradient_clip_val': 0.3093030803880759, 'hidden_size': 53, 'dropout': 0.38089210390740297, 'hidden_continuous_size': 21, 'attention_head_size': 1, 'learning_rate': 0.004814228585033878}. Best is trial 36 with value: 701.1680297851562.
LOCAL_RANK: 0 - CUDA_VISIBLE_DEVICES: [0]
[I 2023-11-29 20:26:12,153] Trial 89 finished with value: 776.0031127929688 and parameters: {'gradient_clip_val': 0.28223877575805834, 'hidden_size': 85, 'dropout': 0.3665381168265626, 'hidden_continuous_size': 30, 'attention_head_size': 1, 'learning_rate': 0.009312921500354291}. Best is trial 36 with value: 701.1680297851562.
LOCAL_RANK: 0 - CUDA_VISIBLE_DEVICES: [0]
[I 2023-11-29 20:26:25,464] Trial 90 finished with value: 1035.376708984375 and parameters: {'gradient_clip_val': 0.5711028365526892, 'hidden_size': 75, 'dropout': 0.3557125492274668, 'hidden_continuous_size': 28, 'attention_head_size': 1, 'learning_rate': 0.007439930193955346}. Best is trial 36 with value: 701.1680297851562.
LOCAL_RANK: 0 - CUDA_VISIBLE_DEVICES: [0]
[I 2023-11-29 20:26:38,232] Trial 91 finished with value: 768.0426635742188 and parameters: {'gradient_clip_val': 0.41193070418139244, 'hidden_size': 49, 'dropout': 0.31979517518859313, 'hidden_continuous_size': 19, 'attention_head_size': 1, 'learning_rate': 0.0060846778948574366}. Best is trial 36 with value: 701.1680297851562.
LOCAL_RANK: 0 - CUDA_VISIBLE_DEVICES: [0]
[I 2023-11-29 20:26:51,030] Trial 92 finished with value: 900.8585815429688 and parameters: {'gradient_clip_val': 0.4802562777634368, 'hidden_size': 50, 'dropout': 0.3476895601923352, 'hidden_continuous_size': 19, 'attention_head_size': 1, 'learning_rate': 0.0061286973297736925}. Best is trial 36 with value: 701.1680297851562.
LOCAL_RANK: 0 - CUDA_VISIBLE_DEVICES: [0]
[I 2023-11-29 20:27:03,860] Trial 93 finished with value: 822.0735473632812 and parameters: {'gradient_clip_val': 0.35528074691679046, 'hidden_size': 60, 'dropout': 0.3215634242404442, 'hidden_continuous_size': 18, 'attention_head_size': 1, 'learning_rate': 0.0052900374990428505}. Best is trial 36 with value: 701.1680297851562.
LOCAL_RANK: 0 - CUDA_VISIBLE_DEVICES: [0]
[I 2023-11-29 20:27:16,699] Trial 94 finished with value: 702.4459838867188 and parameters: {'gradient_clip_val': 0.41875664691948067, 'hidden_size': 46, 'dropout': 0.38700461623946286, 'hidden_continuous_size': 22, 'attention_head_size': 1, 'learning_rate': 0.008474438621725425}. Best is trial 36 with value: 701.1680297851562.
LOCAL_RANK: 0 - CUDA_VISIBLE_DEVICES: [0]
[I 2023-11-29 20:27:29,709] Trial 95 finished with value: 1065.2513427734375 and parameters: {'gradient_clip_val': 0.44956118538240863, 'hidden_size': 65, 'dropout': 0.3885592619708986, 'hidden_continuous_size': 24, 'attention_head_size': 1, 'learning_rate': 0.008503502170372325}. Best is trial 36 with value: 701.1680297851562.
LOCAL_RANK: 0 - CUDA_VISIBLE_DEVICES: [0]
[I 2023-11-29 20:27:42,339] Trial 96 finished with value: 804.2374877929688 and parameters: {'gradient_clip_val': 0.3864089071735172, 'hidden_size': 45, 'dropout': 0.3745913651362766, 'hidden_continuous_size': 22, 'attention_head_size': 1, 'learning_rate': 0.010444242968532453}. Best is trial 36 with value: 701.1680297851562.
LOCAL_RANK: 0 - CUDA_VISIBLE_DEVICES: [0]
[I 2023-11-29 20:27:55,681] Trial 97 finished with value: 981.499267578125 and parameters: {'gradient_clip_val': 0.49630221072526387, 'hidden_size': 78, 'dropout': 0.39468930694231646, 'hidden_continuous_size': 26, 'attention_head_size': 1, 'learning_rate': 0.0076056877037791}. Best is trial 36 with value: 701.1680297851562.
LOCAL_RANK: 0 - CUDA_VISIBLE_DEVICES: [0]
[I 2023-11-29 20:28:09,054] Trial 98 finished with value: 914.8543090820312 and parameters: {'gradient_clip_val': 0.43166160601273385, 'hidden_size': 70, 'dropout': 0.3648504914395289, 'hidden_continuous_size': 21, 'attention_head_size': 2, 'learning_rate': 0.006586670307067312}. Best is trial 36 with value: 701.1680297851562.
LOCAL_RANK: 0 - CUDA_VISIBLE_DEVICES: [0]
[I 2023-11-29 20:28:22,183] Trial 99 finished with value: 705.1393432617188 and parameters: {'gradient_clip_val': 0.5572537317712064, 'hidden_size': 57, 'dropout': 0.3823190129284808, 'hidden_continuous_size': 22, 'attention_head_size': 1, 'learning_rate': 0.004536174027854191}. Best is trial 36 with value: 701.1680297851562.
LOCAL_RANK: 0 - CUDA_VISIBLE_DEVICES: [0]
[I 2023-11-29 20:28:34,906] Trial 100 finished with value: 808.5402221679688 and parameters: {'gradient_clip_val': 0.5498923109886636, 'hidden_size': 55, 'dropout': 0.38235424733064216, 'hidden_continuous_size': 20, 'attention_head_size': 1, 'learning_rate': 0.005604662585832431}. Best is trial 36 with value: 701.1680297851562.
LOCAL_RANK: 0 - CUDA_VISIBLE_DEVICES: [0]
[I 2023-11-29 20:28:48,111] Trial 101 finished with value: 851.595703125 and parameters: {'gradient_clip_val': 0.5287688252120093, 'hidden_size': 62, 'dropout': 0.3727999554232734, 'hidden_continuous_size': 23, 'attention_head_size': 1, 'learning_rate': 0.004662273283432303}. Best is trial 36 with value: 701.1680297851562.
LOCAL_RANK: 0 - CUDA_VISIBLE_DEVICES: [0]
[I 2023-11-29 20:29:01,119] Trial 102 finished with value: 900.6375122070312 and parameters: {'gradient_clip_val': 0.46983276020243964, 'hidden_size': 59, 'dropout': 0.38653383049852785, 'hidden_continuous_size': 22, 'attention_head_size': 1, 'learning_rate': 0.00419409725946852}. Best is trial 36 with value: 701.1680297851562.
LOCAL_RANK: 0 - CUDA_VISIBLE_DEVICES: [0]
[I 2023-11-29 20:29:13,879] Trial 103 finished with value: 869.1433715820312 and parameters: {'gradient_clip_val': 0.49748342613837715, 'hidden_size': 51, 'dropout': 0.395726320135059, 'hidden_continuous_size': 21, 'attention_head_size': 1, 'learning_rate': 0.005156941388494805}. Best is trial 36 with value: 701.1680297851562.
LOCAL_RANK: 0 - CUDA_VISIBLE_DEVICES: [0]
[I 2023-11-29 20:29:26,938] Trial 104 finished with value: 1085.8101806640625 and parameters: {'gradient_clip_val': 0.3643845063357467, 'hidden_size': 57, 'dropout': 0.37835076583049493, 'hidden_continuous_size': 25, 'attention_head_size': 1, 'learning_rate': 0.003948206979810253}. Best is trial 36 with value: 701.1680297851562.
LOCAL_RANK: 0 - CUDA_VISIBLE_DEVICES: [0]
[I 2023-11-29 20:29:40,015] Trial 105 finished with value: 865.7600708007812 and parameters: {'gradient_clip_val': 0.44775219890144413, 'hidden_size': 66, 'dropout': 0.3998637582436104, 'hidden_continuous_size': 24, 'attention_head_size': 1, 'learning_rate': 0.006783078015254808}. Best is trial 36 with value: 701.1680297851562.
LOCAL_RANK: 0 - CUDA_VISIBLE_DEVICES: [0]
[I 2023-11-29 20:29:53,357] Trial 106 finished with value: 939.2109375 and parameters: {'gradient_clip_val': 0.3903102215765229, 'hidden_size': 73, 'dropout': 0.35933036563234366, 'hidden_continuous_size': 27, 'attention_head_size': 1, 'learning_rate': 0.00849854552036885}. Best is trial 36 with value: 701.1680297851562.
LOCAL_RANK: 0 - CUDA_VISIBLE_DEVICES: [0]
[I 2023-11-29 20:30:06,375] Trial 107 finished with value: 859.5852661132812 and parameters: {'gradient_clip_val': 0.4071515686050692, 'hidden_size': 54, 'dropout': 0.3682948833790678, 'hidden_continuous_size': 22, 'attention_head_size': 3, 'learning_rate': 0.005682404891207512}. Best is trial 36 with value: 701.1680297851562.
LOCAL_RANK: 0 - CUDA_VISIBLE_DEVICES: [0]
[I 2023-11-29 20:30:19,011] Trial 108 finished with value: 838.93505859375 and parameters: {'gradient_clip_val': 0.5928990806352236, 'hidden_size': 46, 'dropout': 0.3891142695868265, 'hidden_continuous_size': 20, 'attention_head_size': 1, 'learning_rate': 0.004641017253674106}. Best is trial 36 with value: 701.1680297851562.
LOCAL_RANK: 0 - CUDA_VISIBLE_DEVICES: [0]
[I 2023-11-29 20:30:31,827] Trial 109 finished with value: 772.9869995117188 and parameters: {'gradient_clip_val': 0.3461200518171562, 'hidden_size': 41, 'dropout': 0.35096542707340844, 'hidden_continuous_size': 19, 'attention_head_size': 1, 'learning_rate': 0.00792877105383922}. Best is trial 36 with value: 701.1680297851562.
LOCAL_RANK: 0 - CUDA_VISIBLE_DEVICES: [0]
[I 2023-11-29 20:30:44,798] Trial 110 finished with value: 811.8992309570312 and parameters: {'gradient_clip_val': 0.42381079374838204, 'hidden_size': 62, 'dropout': 0.38206014835357244, 'hidden_continuous_size': 23, 'attention_head_size': 1, 'learning_rate': 0.00942104782603596}. Best is trial 36 with value: 701.1680297851562.
LOCAL_RANK: 0 - CUDA_VISIBLE_DEVICES: [0]
[I 2023-11-29 20:30:57,642] Trial 111 finished with value: 881.31298828125 and parameters: {'gradient_clip_val': 0.4073608099990252, 'hidden_size': 50, 'dropout': 0.3410061351227327, 'hidden_continuous_size': 19, 'attention_head_size': 1, 'learning_rate': 0.006340249441282978}. Best is trial 36 with value: 701.1680297851562.
LOCAL_RANK: 0 - CUDA_VISIBLE_DEVICES: [0]
[I 2023-11-29 20:31:10,525] Trial 112 finished with value: 879.8928833007812 and parameters: {'gradient_clip_val': 0.37502566961363676, 'hidden_size': 49, 'dropout': 0.3655115906735491, 'hidden_continuous_size': 20, 'attention_head_size': 1, 'learning_rate': 0.0059941104264418805}. Best is trial 36 with value: 701.1680297851562.
LOCAL_RANK: 0 - CUDA_VISIBLE_DEVICES: [0]
[I 2023-11-29 20:31:23,134] Trial 113 finished with value: 995.706787109375 and parameters: {'gradient_clip_val': 0.46714366523105333, 'hidden_size': 57, 'dropout': 0.35390672217350994, 'hidden_continuous_size': 17, 'attention_head_size': 1, 'learning_rate': 0.005042737586634322}. Best is trial 36 with value: 701.1680297851562.
LOCAL_RANK: 0 - CUDA_VISIBLE_DEVICES: [0]
[I 2023-11-29 20:31:35,871] Trial 114 finished with value: 1238.1357421875 and parameters: {'gradient_clip_val': 0.5196252467616008, 'hidden_size': 47, 'dropout': 0.3742699135211761, 'hidden_continuous_size': 18, 'attention_head_size': 1, 'learning_rate': 0.007111115331118819}. Best is trial 36 with value: 701.1680297851562.
LOCAL_RANK: 0 - CUDA_VISIBLE_DEVICES: [0]
[I 2023-11-29 20:31:48,831] Trial 115 finished with value: 695.7722778320312 and parameters: {'gradient_clip_val': 0.4218448937174308, 'hidden_size': 68, 'dropout': 0.3315457510121493, 'hidden_continuous_size': 17, 'attention_head_size': 1, 'learning_rate': 0.0064133590992681115}. Best is trial 115 with value: 695.7722778320312.
LOCAL_RANK: 0 - CUDA_VISIBLE_DEVICES: [0]
[I 2023-11-29 20:32:01,737] Trial 116 finished with value: 1239.8905029296875 and parameters: {'gradient_clip_val': 0.3248048159299991, 'hidden_size': 66, 'dropout': 0.3350356195744275, 'hidden_continuous_size': 16, 'attention_head_size': 1, 'learning_rate': 0.005503739834323496}. Best is trial 115 with value: 695.7722778320312.
LOCAL_RANK: 0 - CUDA_VISIBLE_DEVICES: [0]
