[I 2023-11-29 20:44:42,074] Trial 24 finished with value: 0.5596356987953186 and parameters: {'gradient_clip_val': 0.6389630950561003, 'hidden_size': 88, 'dropout': 0.1709377404497825, 'hidden_continuous_size': 43, 'attention_head_size': 1, 'learning_rate': 0.09025147540534317}. Best is trial 13 with value: 0.08936607092618942.
LOCAL_RANK: 0 - CUDA_VISIBLE_DEVICES: [0]
[I 2023-11-29 20:44:55,945] Trial 25 finished with value: 0.14778171479701996 and parameters: {'gradient_clip_val': 0.8124847236872047, 'hidden_size': 111, 'dropout': 0.28259186745485027, 'hidden_continuous_size': 56, 'attention_head_size': 2, 'learning_rate': 0.0407622021905321}. Best is trial 13 with value: 0.08936607092618942.
LOCAL_RANK: 0 - CUDA_VISIBLE_DEVICES: [0]
[I 2023-11-29 20:45:10,084] Trial 26 finished with value: 0.09129852801561356 and parameters: {'gradient_clip_val': 0.5942178930093374, 'hidden_size': 127, 'dropout': 0.24072680189661197, 'hidden_continuous_size': 79, 'attention_head_size': 1, 'learning_rate': 0.058534766539303194}. Best is trial 13 with value: 0.08936607092618942.
LOCAL_RANK: 0 - CUDA_VISIBLE_DEVICES: [0]
[I 2023-11-29 20:45:23,491] Trial 27 finished with value: 0.10345733165740967 and parameters: {'gradient_clip_val': 0.5866377551765248, 'hidden_size': 81, 'dropout': 0.24910727515516862, 'hidden_continuous_size': 32, 'attention_head_size': 2, 'learning_rate': 0.029031253779147947}. Best is trial 13 with value: 0.08936607092618942.
LOCAL_RANK: 0 - CUDA_VISIBLE_DEVICES: [0]
[I 2023-11-29 20:45:36,423] Trial 28 finished with value: 0.10799920558929443 and parameters: {'gradient_clip_val': 0.5805948808857047, 'hidden_size': 64, 'dropout': 0.28302488878814624, 'hidden_continuous_size': 22, 'attention_head_size': 1, 'learning_rate': 0.06298395621973381}. Best is trial 13 with value: 0.08936607092618942.
LOCAL_RANK: 0 - CUDA_VISIBLE_DEVICES: [0]
[I 2023-11-29 20:45:49,668] Trial 29 finished with value: 0.1527547687292099 and parameters: {'gradient_clip_val': 0.49229858157632894, 'hidden_size': 88, 'dropout': 0.2374035429702918, 'hidden_continuous_size': 19, 'attention_head_size': 1, 'learning_rate': 0.09507951684151353}. Best is trial 13 with value: 0.08936607092618942.
LOCAL_RANK: 0 - CUDA_VISIBLE_DEVICES: [0]
[I 2023-11-29 20:46:02,400] Trial 30 finished with value: 0.23635341227054596 and parameters: {'gradient_clip_val': 0.4348602353107875, 'hidden_size': 50, 'dropout': 0.1966547992576295, 'hidden_continuous_size': 24, 'attention_head_size': 1, 'learning_rate': 0.023432666852087523}. Best is trial 13 with value: 0.08936607092618942.
LOCAL_RANK: 0 - CUDA_VISIBLE_DEVICES: [0]
[I 2023-11-29 20:46:16,496] Trial 31 finished with value: 0.18078108131885529 and parameters: {'gradient_clip_val': 0.7994796343880153, 'hidden_size': 126, 'dropout': 0.22229170311366947, 'hidden_continuous_size': 84, 'attention_head_size': 1, 'learning_rate': 0.059746398534402945}. Best is trial 13 with value: 0.08936607092618942.
LOCAL_RANK: 0 - CUDA_VISIBLE_DEVICES: [0]
[I 2023-11-29 20:46:30,631] Trial 32 finished with value: 0.1428583413362503 and parameters: {'gradient_clip_val': 0.8710845373817985, 'hidden_size': 126, 'dropout': 0.22742638363470438, 'hidden_continuous_size': 119, 'attention_head_size': 1, 'learning_rate': 0.04339995643285991}. Best is trial 13 with value: 0.08936607092618942.
LOCAL_RANK: 0 - CUDA_VISIBLE_DEVICES: [0]
[I 2023-11-29 20:46:44,316] Trial 33 finished with value: 0.15522988140583038 and parameters: {'gradient_clip_val': 0.7241640794552234, 'hidden_size': 98, 'dropout': 0.24978975604127593, 'hidden_continuous_size': 60, 'attention_head_size': 1, 'learning_rate': 0.06472507481419892}. Best is trial 13 with value: 0.08936607092618942.
LOCAL_RANK: 0 - CUDA_VISIBLE_DEVICES: [0]
[I 2023-11-29 20:46:57,795] Trial 34 finished with value: 0.10177022218704224 and parameters: {'gradient_clip_val': 0.6050056739406353, 'hidden_size': 63, 'dropout': 0.20897116732685844, 'hidden_continuous_size': 51, 'attention_head_size': 2, 'learning_rate': 0.035295512037816355}. Best is trial 13 with value: 0.08936607092618942.
LOCAL_RANK: 0 - CUDA_VISIBLE_DEVICES: [0]
[I 2023-11-29 20:47:11,780] Trial 35 finished with value: 0.11575769633054733 and parameters: {'gradient_clip_val': 0.9795321544776616, 'hidden_size': 127, 'dropout': 0.19096609658421054, 'hidden_continuous_size': 77, 'attention_head_size': 1, 'learning_rate': 0.05085036508321569}. Best is trial 13 with value: 0.08936607092618942.
LOCAL_RANK: 0 - CUDA_VISIBLE_DEVICES: [0]
[I 2023-11-29 20:47:25,415] Trial 36 finished with value: 0.20306961238384247 and parameters: {'gradient_clip_val': 0.7608417362022267, 'hidden_size': 96, 'dropout': 0.17248013746496485, 'hidden_continuous_size': 47, 'attention_head_size': 2, 'learning_rate': 0.019563772800880737}. Best is trial 13 with value: 0.08936607092618942.
LOCAL_RANK: 0 - CUDA_VISIBLE_DEVICES: [0]
[I 2023-11-29 20:47:38,879] Trial 37 finished with value: 0.173408642411232 and parameters: {'gradient_clip_val': 0.8966238463975357, 'hidden_size': 78, 'dropout': 0.22203287741268674, 'hidden_continuous_size': 47, 'attention_head_size': 1, 'learning_rate': 0.047848477196768394}. Best is trial 13 with value: 0.08936607092618942.
LOCAL_RANK: 0 - CUDA_VISIBLE_DEVICES: [0]
[I 2023-11-29 20:47:53,019] Trial 38 finished with value: 0.1032475009560585 and parameters: {'gradient_clip_val': 0.5315066673377876, 'hidden_size': 124, 'dropout': 0.24543127926394281, 'hidden_continuous_size': 65, 'attention_head_size': 3, 'learning_rate': 0.03269255759800021}. Best is trial 13 with value: 0.08936607092618942.
LOCAL_RANK: 0 - CUDA_VISIBLE_DEVICES: [0]
[I 2023-11-29 20:48:06,190] Trial 39 finished with value: 0.1753651648759842 and parameters: {'gradient_clip_val': 0.6333630124119545, 'hidden_size': 45, 'dropout': 0.1559217170573204, 'hidden_continuous_size': 37, 'attention_head_size': 2, 'learning_rate': 0.09820138881330837}. Best is trial 13 with value: 0.08936607092618942.
LOCAL_RANK: 0 - CUDA_VISIBLE_DEVICES: [0]
[I 2023-11-29 20:48:20,779] Trial 40 finished with value: 0.4067046344280243 and parameters: {'gradient_clip_val': 0.7481532223367529, 'hidden_size': 147, 'dropout': 0.2881599679718727, 'hidden_continuous_size': 89, 'attention_head_size': 1, 'learning_rate': 0.07048118639760352}. Best is trial 13 with value: 0.08936607092618942.
LOCAL_RANK: 0 - CUDA_VISIBLE_DEVICES: [0]
[I 2023-11-29 20:48:34,083] Trial 41 finished with value: 0.09804186969995499 and parameters: {'gradient_clip_val': 0.6203546379285012, 'hidden_size': 55, 'dropout': 0.20049610610471907, 'hidden_continuous_size': 44, 'attention_head_size': 2, 'learning_rate': 0.03826162154802461}. Best is trial 13 with value: 0.08936607092618942.
LOCAL_RANK: 0 - CUDA_VISIBLE_DEVICES: [0]
[I 2023-11-29 20:48:47,497] Trial 42 finished with value: 0.18178331851959229 and parameters: {'gradient_clip_val': 0.8667817530483289, 'hidden_size': 61, 'dropout': 0.200773966206898, 'hidden_continuous_size': 44, 'attention_head_size': 2, 'learning_rate': 0.047201749599377334}. Best is trial 13 with value: 0.08936607092618942.
LOCAL_RANK: 0 - CUDA_VISIBLE_DEVICES: [0]
[I 2023-11-29 20:49:01,283] Trial 43 finished with value: 0.20934469997882843 and parameters: {'gradient_clip_val': 0.45737132061643904, 'hidden_size': 101, 'dropout': 0.22984211129131457, 'hidden_continuous_size': 39, 'attention_head_size': 2, 'learning_rate': 0.06593169268288347}. Best is trial 13 with value: 0.08936607092618942.
LOCAL_RANK: 0 - CUDA_VISIBLE_DEVICES: [0]
[I 2023-11-29 20:49:15,241] Trial 44 finished with value: 0.14853213727474213 and parameters: {'gradient_clip_val': 0.5440246837527611, 'hidden_size': 81, 'dropout': 0.2137639517410628, 'hidden_continuous_size': 56, 'attention_head_size': 2, 'learning_rate': 0.03341806036191351}. Best is trial 13 with value: 0.08936607092618942.
LOCAL_RANK: 0 - CUDA_VISIBLE_DEVICES: [0]
[I 2023-11-29 20:49:28,220] Trial 45 finished with value: 0.24869851768016815 and parameters: {'gradient_clip_val': 0.4107561146631206, 'hidden_size': 42, 'dropout': 0.25807202127328366, 'hidden_continuous_size': 38, 'attention_head_size': 3, 'learning_rate': 0.0411123207280956}. Best is trial 13 with value: 0.08936607092618942.
LOCAL_RANK: 0 - CUDA_VISIBLE_DEVICES: [0]
[I 2023-11-29 20:49:41,610] Trial 46 finished with value: 0.14299660921096802 and parameters: {'gradient_clip_val': 0.6580286877465805, 'hidden_size': 70, 'dropout': 0.18634287899384733, 'hidden_continuous_size': 50, 'attention_head_size': 1, 'learning_rate': 0.07593180189241916}. Best is trial 13 with value: 0.08936607092618942.
LOCAL_RANK: 0 - CUDA_VISIBLE_DEVICES: [0]
[I 2023-11-29 20:49:55,446] Trial 47 finished with value: 0.15211717784404755 and parameters: {'gradient_clip_val': 0.4876578782497119, 'hidden_size': 120, 'dropout': 0.23543922588725466, 'hidden_continuous_size': 31, 'attention_head_size': 4, 'learning_rate': 0.052811286916299785}. Best is trial 13 with value: 0.08936607092618942.
LOCAL_RANK: 0 - CUDA_VISIBLE_DEVICES: [0]
[I 2023-11-29 20:50:08,871] Trial 48 finished with value: 0.19440805912017822 and parameters: {'gradient_clip_val': 0.9110370397058256, 'hidden_size': 58, 'dropout': 0.22024982596888312, 'hidden_continuous_size': 46, 'attention_head_size': 3, 'learning_rate': 0.013595726429000197}. Best is trial 13 with value: 0.08936607092618942.
LOCAL_RANK: 0 - CUDA_VISIBLE_DEVICES: [0]
[I 2023-11-29 20:50:22,180] Trial 49 finished with value: 0.12891852855682373 and parameters: {'gradient_clip_val': 0.718663745562182, 'hidden_size': 52, 'dropout': 0.25308025165079506, 'hidden_continuous_size': 42, 'attention_head_size': 2, 'learning_rate': 0.029611828809486974}. Best is trial 13 with value: 0.08936607092618942.
LOCAL_RANK: 0 - CUDA_VISIBLE_DEVICES: [0]
[I 2023-11-29 20:50:36,132] Trial 50 finished with value: 0.15322236716747284 and parameters: {'gradient_clip_val': 0.3860665878266329, 'hidden_size': 94, 'dropout': 0.20864072958277421, 'hidden_continuous_size': 34, 'attention_head_size': 1, 'learning_rate': 0.07734174073428063}. Best is trial 13 with value: 0.08936607092618942.
LOCAL_RANK: 0 - CUDA_VISIBLE_DEVICES: [0]
[I 2023-11-29 20:50:50,529] Trial 51 finished with value: 0.1395576447248459 and parameters: {'gradient_clip_val': 0.5840972631462287, 'hidden_size': 67, 'dropout': 0.20330319943386183, 'hidden_continuous_size': 52, 'attention_head_size': 2, 'learning_rate': 0.03279197570731272}. Best is trial 13 with value: 0.08936607092618942.
LOCAL_RANK: 0 - CUDA_VISIBLE_DEVICES: [0]
[I 2023-11-29 20:51:04,223] Trial 52 finished with value: 0.181892991065979 and parameters: {'gradient_clip_val': 0.6159418440191287, 'hidden_size': 75, 'dropout': 0.18249393733529562, 'hidden_continuous_size': 52, 'attention_head_size': 2, 'learning_rate': 0.03835116425895461}. Best is trial 13 with value: 0.08936607092618942.
LOCAL_RANK: 0 - CUDA_VISIBLE_DEVICES: [0]
[I 2023-11-29 20:51:17,485] Trial 53 finished with value: 0.11943641304969788 and parameters: {'gradient_clip_val': 0.6686915803302855, 'hidden_size': 64, 'dropout': 0.21269650807093274, 'hidden_continuous_size': 48, 'attention_head_size': 2, 'learning_rate': 0.05305370098513304}. Best is trial 13 with value: 0.08936607092618942.
LOCAL_RANK: 0 - CUDA_VISIBLE_DEVICES: [0]
[I 2023-11-29 20:51:31,631] Trial 54 finished with value: 0.1434401422739029 and parameters: {'gradient_clip_val': 0.7625775844024641, 'hidden_size': 105, 'dropout': 0.23391802802484926, 'hidden_continuous_size': 70, 'attention_head_size': 2, 'learning_rate': 0.02510878921610579}. Best is trial 13 with value: 0.08936607092618942.
LOCAL_RANK: 0 - CUDA_VISIBLE_DEVICES: [0]
[I 2023-11-29 20:51:45,203] Trial 55 finished with value: 0.20947907865047455 and parameters: {'gradient_clip_val': 0.5203122398080595, 'hidden_size': 86, 'dropout': 0.2681818343232732, 'hidden_continuous_size': 39, 'attention_head_size': 2, 'learning_rate': 0.0404670451073118}. Best is trial 13 with value: 0.08936607092618942.
LOCAL_RANK: 0 - CUDA_VISIBLE_DEVICES: [0]
[I 2023-11-29 20:51:59,194] Trial 56 finished with value: 0.12083753198385239 and parameters: {'gradient_clip_val': 0.8638827331295579, 'hidden_size': 136, 'dropout': 0.20146853827899605, 'hidden_continuous_size': 30, 'attention_head_size': 3, 'learning_rate': 0.048572827898393046}. Best is trial 13 with value: 0.08936607092618942.
LOCAL_RANK: 0 - CUDA_VISIBLE_DEVICES: [0]
[I 2023-11-29 20:52:13,004] Trial 57 finished with value: 0.10423067957162857 and parameters: {'gradient_clip_val': 0.6912538066996322, 'hidden_size': 115, 'dropout': 0.2230872141338229, 'hidden_continuous_size': 61, 'attention_head_size': 1, 'learning_rate': 0.037135707834543306}. Best is trial 13 with value: 0.08936607092618942.
LOCAL_RANK: 0 - CUDA_VISIBLE_DEVICES: [0]
[I 2023-11-29 20:52:26,355] Trial 58 finished with value: 0.27415981888771057 and parameters: {'gradient_clip_val': 0.9195861215092589, 'hidden_size': 71, 'dropout': 0.23743450594736995, 'hidden_continuous_size': 44, 'attention_head_size': 2, 'learning_rate': 0.058874611502908715}. Best is trial 13 with value: 0.08936607092618942.
LOCAL_RANK: 0 - CUDA_VISIBLE_DEVICES: [0]
[I 2023-11-29 20:52:40,180] Trial 59 finished with value: 0.11329136043787003 and parameters: {'gradient_clip_val': 0.5717868021496897, 'hidden_size': 106, 'dropout': 0.19454665070971458, 'hidden_continuous_size': 35, 'attention_head_size': 1, 'learning_rate': 0.08128809233096612}. Best is trial 13 with value: 0.08936607092618942.
LOCAL_RANK: 0 - CUDA_VISIBLE_DEVICES: [0]
[I 2023-11-29 20:52:54,095] Trial 60 finished with value: 0.1620795726776123 and parameters: {'gradient_clip_val': 0.9990133742732814, 'hidden_size': 138, 'dropout': 0.2449546982503762, 'hidden_continuous_size': 29, 'attention_head_size': 1, 'learning_rate': 0.022434791472859258}. Best is trial 13 with value: 0.08936607092618942.
LOCAL_RANK: 0 - CUDA_VISIBLE_DEVICES: [0]
[I 2023-11-29 20:53:08,283] Trial 61 finished with value: 0.19033260643482208 and parameters: {'gradient_clip_val': 0.5332961376840443, 'hidden_size': 118, 'dropout': 0.24530301485360856, 'hidden_continuous_size': 66, 'attention_head_size': 3, 'learning_rate': 0.03345500255446813}. Best is trial 13 with value: 0.08936607092618942.
LOCAL_RANK: 0 - CUDA_VISIBLE_DEVICES: [0]
[I 2023-11-29 20:53:22,516] Trial 62 finished with value: 0.2079160064458847 and parameters: {'gradient_clip_val': 0.6308745675723869, 'hidden_size': 133, 'dropout': 0.25812640280419497, 'hidden_continuous_size': 56, 'attention_head_size': 3, 'learning_rate': 0.029079278915930283}. Best is trial 13 with value: 0.08936607092618942.
LOCAL_RANK: 0 - CUDA_VISIBLE_DEVICES: [0]
[I 2023-11-29 20:53:36,567] Trial 63 finished with value: 0.18654310703277588 and parameters: {'gradient_clip_val': 0.8024528213922129, 'hidden_size': 94, 'dropout': 0.21506729620816917, 'hidden_continuous_size': 65, 'attention_head_size': 3, 'learning_rate': 0.04434790319445172}. Best is trial 13 with value: 0.08936607092618942.
LOCAL_RANK: 0 - CUDA_VISIBLE_DEVICES: [0]
[I 2023-11-29 20:53:51,084] Trial 64 finished with value: 0.12128710746765137 and parameters: {'gradient_clip_val': 0.502950748337382, 'hidden_size': 119, 'dropout': 0.2325915947269378, 'hidden_continuous_size': 75, 'attention_head_size': 4, 'learning_rate': 0.035422588395944435}. Best is trial 13 with value: 0.08936607092618942.
LOCAL_RANK: 0 - CUDA_VISIBLE_DEVICES: [0]
[I 2023-11-29 20:54:04,821] Trial 65 finished with value: 0.09061656147241592 and parameters: {'gradient_clip_val': 0.608750157458037, 'hidden_size': 83, 'dropout': 0.24250745276210617, 'hidden_continuous_size': 50, 'attention_head_size': 3, 'learning_rate': 0.02732855716362574}. Best is trial 13 with value: 0.08936607092618942.
LOCAL_RANK: 0 - CUDA_VISIBLE_DEVICES: [0]
[I 2023-11-29 20:54:18,535] Trial 66 finished with value: 0.08662376552820206 and parameters: {'gradient_clip_val': 0.6094311161311161, 'hidden_size': 75, 'dropout': 0.20790167891867625, 'hidden_continuous_size': 50, 'attention_head_size': 3, 'learning_rate': 0.025977972263148588}. Best is trial 66 with value: 0.08662376552820206.
LOCAL_RANK: 0 - CUDA_VISIBLE_DEVICES: [0]
[I 2023-11-29 20:54:32,186] Trial 67 finished with value: 0.11545675992965698 and parameters: {'gradient_clip_val': 0.6888276234345172, 'hidden_size': 78, 'dropout': 0.22590186850002464, 'hidden_continuous_size': 42, 'attention_head_size': 3, 'learning_rate': 0.027661302062912736}. Best is trial 66 with value: 0.08662376552820206.
LOCAL_RANK: 0 - CUDA_VISIBLE_DEVICES: [0]
[I 2023-11-29 20:54:45,873] Trial 68 finished with value: 0.09595923870801926 and parameters: {'gradient_clip_val': 0.8063363188665514, 'hidden_size': 85, 'dropout': 0.27396719337556935, 'hidden_continuous_size': 45, 'attention_head_size': 3, 'learning_rate': 0.02036181488295899}. Best is trial 66 with value: 0.08662376552820206.
LOCAL_RANK: 0 - CUDA_VISIBLE_DEVICES: [0]
[I 2023-11-29 20:54:59,421] Trial 69 finished with value: 0.5644497275352478 and parameters: {'gradient_clip_val': 0.7866646734098859, 'hidden_size': 84, 'dropout': 0.2646339862276409, 'hidden_continuous_size': 32, 'attention_head_size': 3, 'learning_rate': 0.018702270577899954}. Best is trial 66 with value: 0.08662376552820206.
LOCAL_RANK: 0 - CUDA_VISIBLE_DEVICES: [0]
[I 2023-11-29 20:55:12,989] Trial 70 finished with value: 0.23205624520778656 and parameters: {'gradient_clip_val': 0.8319324434049017, 'hidden_size': 73, 'dropout': 0.273436164291572, 'hidden_continuous_size': 49, 'attention_head_size': 3, 'learning_rate': 0.02173368473240988}. Best is trial 66 with value: 0.08662376552820206.
LOCAL_RANK: 0 - CUDA_VISIBLE_DEVICES: [0]
[I 2023-11-29 20:55:26,686] Trial 71 finished with value: 0.18912863731384277 and parameters: {'gradient_clip_val': 0.7349367394637023, 'hidden_size': 92, 'dropout': 0.24988324654164334, 'hidden_continuous_size': 44, 'attention_head_size': 3, 'learning_rate': 0.027696516925900673}. Best is trial 66 with value: 0.08662376552820206.
LOCAL_RANK: 0 - CUDA_VISIBLE_DEVICES: [0]
[I 2023-11-29 20:55:40,601] Trial 72 finished with value: 0.1488448530435562 and parameters: {'gradient_clip_val': 0.9315691694680253, 'hidden_size': 105, 'dropout': 0.24278856724386838, 'hidden_continuous_size': 40, 'attention_head_size': 3, 'learning_rate': 0.04346360422438684}. Best is trial 66 with value: 0.08662376552820206.
LOCAL_RANK: 0 - CUDA_VISIBLE_DEVICES: [0]
[I 2023-11-29 20:55:54,221] Trial 73 finished with value: 0.24288904666900635 and parameters: {'gradient_clip_val': 0.6566508518274273, 'hidden_size': 83, 'dropout': 0.2208716731524841, 'hidden_continuous_size': 54, 'attention_head_size': 3, 'learning_rate': 0.053894679272743946}. Best is trial 66 with value: 0.08662376552820206.
LOCAL_RANK: 0 - CUDA_VISIBLE_DEVICES: [0]
[I 2023-11-29 20:56:08,195] Trial 74 finished with value: 0.10977303981781006 and parameters: {'gradient_clip_val': 0.8342247087664764, 'hidden_size': 89, 'dropout': 0.2545220401325983, 'hidden_continuous_size': 59, 'attention_head_size': 3, 'learning_rate': 0.02575074911919894}. Best is trial 66 with value: 0.08662376552820206.
LOCAL_RANK: 0 - CUDA_VISIBLE_DEVICES: [0]
[I 2023-11-29 20:56:21,928] Trial 75 finished with value: 0.10246049612760544 and parameters: {'gradient_clip_val': 0.5751917603861446, 'hidden_size': 77, 'dropout': 0.2389657472135161, 'hidden_continuous_size': 46, 'attention_head_size': 4, 'learning_rate': 0.030004631524048943}. Best is trial 66 with value: 0.08662376552820206.
LOCAL_RANK: 0 - CUDA_VISIBLE_DEVICES: [0]
[I 2023-11-29 20:56:35,472] Trial 76 finished with value: 0.27196624875068665 and parameters: {'gradient_clip_val': 0.7612113964691952, 'hidden_size': 100, 'dropout': 0.23076270444206742, 'hidden_continuous_size': 36, 'attention_head_size': 1, 'learning_rate': 0.06980506814174711}. Best is trial 66 with value: 0.08662376552820206.
LOCAL_RANK: 0 - CUDA_VISIBLE_DEVICES: [0]
[I 2023-11-29 20:56:49,361] Trial 77 finished with value: 0.07833334058523178 and parameters: {'gradient_clip_val': 0.6957952906306162, 'hidden_size': 111, 'dropout': 0.2052362304105335, 'hidden_continuous_size': 37, 'attention_head_size': 3, 'learning_rate': 0.0378369365723578}. Best is trial 77 with value: 0.07833334058523178.
LOCAL_RANK: 0 - CUDA_VISIBLE_DEVICES: [0]
[I 2023-11-29 20:57:02,764] Trial 78 finished with value: 0.08992091566324234 and parameters: {'gradient_clip_val': 0.694112437215785, 'hidden_size': 68, 'dropout': 0.19311110679380122, 'hidden_continuous_size': 37, 'attention_head_size': 3, 'learning_rate': 0.04017231463498419}. Best is trial 77 with value: 0.07833334058523178.
LOCAL_RANK: 0 - CUDA_VISIBLE_DEVICES: [0]
[I 2023-11-29 20:57:16,988] Trial 79 finished with value: 0.26685309410095215 and parameters: {'gradient_clip_val': 0.7050471911220779, 'hidden_size': 112, 'dropout': 0.1806427151879698, 'hidden_continuous_size': 33, 'attention_head_size': 3, 'learning_rate': 0.044897493101939225}. Best is trial 77 with value: 0.07833334058523178.
LOCAL_RANK: 0 - CUDA_VISIBLE_DEVICES: [0]
[I 2023-11-29 20:57:30,433] Trial 80 finished with value: 0.1394302248954773 and parameters: {'gradient_clip_val': 0.6618310891099949, 'hidden_size': 66, 'dropout': 0.20708722267092303, 'hidden_continuous_size': 37, 'attention_head_size': 3, 'learning_rate': 0.016258580171551212}. Best is trial 77 with value: 0.07833334058523178.
LOCAL_RANK: 0 - CUDA_VISIBLE_DEVICES: [0]
[I 2023-11-29 20:57:43,920] Trial 81 finished with value: 0.09820106625556946 and parameters: {'gradient_clip_val': 0.616519217798791, 'hidden_size': 70, 'dropout': 0.19461907088556576, 'hidden_continuous_size': 38, 'attention_head_size': 3, 'learning_rate': 0.038168915184680345}. Best is trial 77 with value: 0.07833334058523178.
LOCAL_RANK: 0 - CUDA_VISIBLE_DEVICES: [0]
