[I 2023-11-29 22:27:02,585] Trial 35 finished with value: 0.11040874570608139 and parameters: {'gradient_clip_val': 0.6826264984376924, 'hidden_size': 43, 'dropout': 0.2446331891176485, 'hidden_continuous_size': 25, 'attention_head_size': 4, 'learning_rate': 0.046189847179755654}. Best is trial 21 with value: 0.06277132034301758.
LOCAL_RANK: 0 - CUDA_VISIBLE_DEVICES: [0]
[I 2023-11-29 22:27:15,522] Trial 36 finished with value: 0.5856798887252808 and parameters: {'gradient_clip_val': 0.5592048285781094, 'hidden_size': 39, 'dropout': 0.2189387585922476, 'hidden_continuous_size': 26, 'attention_head_size': 4, 'learning_rate': 0.005690286685031714}. Best is trial 21 with value: 0.06277132034301758.
LOCAL_RANK: 0 - CUDA_VISIBLE_DEVICES: [0]
[I 2023-11-29 22:27:27,945] Trial 37 finished with value: 0.11511649936437607 and parameters: {'gradient_clip_val': 0.46873008039206654, 'hidden_size': 32, 'dropout': 0.258134003001739, 'hidden_continuous_size': 20, 'attention_head_size': 3, 'learning_rate': 0.07549485163476385}. Best is trial 21 with value: 0.06277132034301758.
LOCAL_RANK: 0 - CUDA_VISIBLE_DEVICES: [0]
[I 2023-11-29 22:27:40,315] Trial 38 finished with value: 0.22077320516109467 and parameters: {'gradient_clip_val': 0.5929679489860445, 'hidden_size': 21, 'dropout': 0.19087206916188643, 'hidden_continuous_size': 13, 'attention_head_size': 4, 'learning_rate': 0.03717522209477484}. Best is trial 21 with value: 0.06277132034301758.
LOCAL_RANK: 0 - CUDA_VISIBLE_DEVICES: [0]
[I 2023-11-29 22:27:53,600] Trial 39 finished with value: 0.14076466858386993 and parameters: {'gradient_clip_val': 0.3925096492602219, 'hidden_size': 50, 'dropout': 0.21773307009774243, 'hidden_continuous_size': 30, 'attention_head_size': 4, 'learning_rate': 0.05313779103633169}. Best is trial 21 with value: 0.06277132034301758.
LOCAL_RANK: 0 - CUDA_VISIBLE_DEVICES: [0]
[I 2023-11-29 22:28:06,719] Trial 40 finished with value: 0.13080982863903046 and parameters: {'gradient_clip_val': 0.5050846668863342, 'hidden_size': 64, 'dropout': 0.16196647464365635, 'hidden_continuous_size': 22, 'attention_head_size': 3, 'learning_rate': 0.02218698251875996}. Best is trial 21 with value: 0.06277132034301758.
LOCAL_RANK: 0 - CUDA_VISIBLE_DEVICES: [0]
[I 2023-11-29 22:28:20,145] Trial 41 finished with value: 0.07490362972021103 and parameters: {'gradient_clip_val': 0.286512338753124, 'hidden_size': 71, 'dropout': 0.38117829754866545, 'hidden_continuous_size': 34, 'attention_head_size': 2, 'learning_rate': 0.03217942428676565}. Best is trial 21 with value: 0.06277132034301758.
LOCAL_RANK: 0 - CUDA_VISIBLE_DEVICES: [0]
[I 2023-11-29 22:28:33,556] Trial 42 finished with value: 0.11633113026618958 and parameters: {'gradient_clip_val': 0.28346110830948507, 'hidden_size': 69, 'dropout': 0.38875723422816044, 'hidden_continuous_size': 33, 'attention_head_size': 2, 'learning_rate': 0.03123113071913146}. Best is trial 21 with value: 0.06277132034301758.
LOCAL_RANK: 0 - CUDA_VISIBLE_DEVICES: [0]
[I 2023-11-29 22:28:46,463] Trial 43 finished with value: 0.1287703514099121 and parameters: {'gradient_clip_val': 0.22027773067387263, 'hidden_size': 52, 'dropout': 0.23973037509645664, 'hidden_continuous_size': 28, 'attention_head_size': 2, 'learning_rate': 0.03688779586852239}. Best is trial 21 with value: 0.06277132034301758.
LOCAL_RANK: 0 - CUDA_VISIBLE_DEVICES: [0]
[I 2023-11-29 22:29:00,140] Trial 44 finished with value: 0.21291255950927734 and parameters: {'gradient_clip_val': 0.3712265138389089, 'hidden_size': 88, 'dropout': 0.2971684430563083, 'hidden_continuous_size': 41, 'attention_head_size': 2, 'learning_rate': 0.025482223503815415}. Best is trial 21 with value: 0.06277132034301758.
LOCAL_RANK: 0 - CUDA_VISIBLE_DEVICES: [0]
[I 2023-11-29 22:29:13,074] Trial 45 finished with value: 0.1466498076915741 and parameters: {'gradient_clip_val': 0.429950897732437, 'hidden_size': 45, 'dropout': 0.31876430066053546, 'hidden_continuous_size': 30, 'attention_head_size': 4, 'learning_rate': 0.050732258769438925}. Best is trial 21 with value: 0.06277132034301758.
LOCAL_RANK: 0 - CUDA_VISIBLE_DEVICES: [0]
[I 2023-11-29 22:29:26,355] Trial 46 finished with value: 0.14541703462600708 and parameters: {'gradient_clip_val': 0.32726791733930677, 'hidden_size': 72, 'dropout': 0.3783742090128339, 'hidden_continuous_size': 34, 'attention_head_size': 3, 'learning_rate': 0.016347252223139392}. Best is trial 21 with value: 0.06277132034301758.
LOCAL_RANK: 0 - CUDA_VISIBLE_DEVICES: [0]
[I 2023-11-29 22:29:39,331] Trial 47 finished with value: 0.12126299738883972 and parameters: {'gradient_clip_val': 0.4835469378810131, 'hidden_size': 56, 'dropout': 0.2510044711729358, 'hidden_continuous_size': 26, 'attention_head_size': 2, 'learning_rate': 0.07850955721990605}. Best is trial 21 with value: 0.06277132034301758.
LOCAL_RANK: 0 - CUDA_VISIBLE_DEVICES: [0]
[I 2023-11-29 22:29:52,797] Trial 48 finished with value: 0.10065621137619019 and parameters: {'gradient_clip_val': 0.41008989387991435, 'hidden_size': 65, 'dropout': 0.2636380044765155, 'hidden_continuous_size': 36, 'attention_head_size': 4, 'learning_rate': 0.030729654984396153}. Best is trial 21 with value: 0.06277132034301758.
LOCAL_RANK: 0 - CUDA_VISIBLE_DEVICES: [0]
[I 2023-11-29 22:30:06,593] Trial 49 finished with value: 0.1121680736541748 and parameters: {'gradient_clip_val': 0.2966076815725942, 'hidden_size': 88, 'dropout': 0.33205020074419817, 'hidden_continuous_size': 44, 'attention_head_size': 2, 'learning_rate': 0.044990685706125064}. Best is trial 21 with value: 0.06277132034301758.
LOCAL_RANK: 0 - CUDA_VISIBLE_DEVICES: [0]
[I 2023-11-29 22:30:19,700] Trial 50 finished with value: 0.07818551361560822 and parameters: {'gradient_clip_val': 0.3675012540043964, 'hidden_size': 72, 'dropout': 0.3499281313689623, 'hidden_continuous_size': 34, 'attention_head_size': 3, 'learning_rate': 0.06205916782000695}. Best is trial 21 with value: 0.06277132034301758.
LOCAL_RANK: 0 - CUDA_VISIBLE_DEVICES: [0]
[I 2023-11-29 22:30:33,156] Trial 51 finished with value: 0.09973730891942978 and parameters: {'gradient_clip_val': 0.3733812696929555, 'hidden_size': 74, 'dropout': 0.35253201282177693, 'hidden_continuous_size': 34, 'attention_head_size': 3, 'learning_rate': 0.0650843594200822}. Best is trial 21 with value: 0.06277132034301758.
LOCAL_RANK: 0 - CUDA_VISIBLE_DEVICES: [0]
[I 2023-11-29 22:30:46,447] Trial 52 finished with value: 0.09965942054986954 and parameters: {'gradient_clip_val': 0.338783053892784, 'hidden_size': 62, 'dropout': 0.37346032624457604, 'hidden_continuous_size': 30, 'attention_head_size': 3, 'learning_rate': 0.05580208563991427}. Best is trial 21 with value: 0.06277132034301758.
LOCAL_RANK: 0 - CUDA_VISIBLE_DEVICES: [0]
[I 2023-11-29 22:30:59,629] Trial 53 finished with value: 0.19639062881469727 and parameters: {'gradient_clip_val': 0.26464713984691157, 'hidden_size': 55, 'dropout': 0.33178491722854464, 'hidden_continuous_size': 32, 'attention_head_size': 3, 'learning_rate': 0.08413962754168688}. Best is trial 21 with value: 0.06277132034301758.
LOCAL_RANK: 0 - CUDA_VISIBLE_DEVICES: [0]
[I 2023-11-29 22:31:13,270] Trial 54 finished with value: 0.15341849625110626 and parameters: {'gradient_clip_val': 0.32211170603779016, 'hidden_size': 80, 'dropout': 0.3968734930782645, 'hidden_continuous_size': 39, 'attention_head_size': 4, 'learning_rate': 0.08985751039395029}. Best is trial 21 with value: 0.06277132034301758.
LOCAL_RANK: 0 - CUDA_VISIBLE_DEVICES: [0]
[I 2023-11-29 22:31:26,727] Trial 55 finished with value: 0.120554618537426 and parameters: {'gradient_clip_val': 0.4296783425087479, 'hidden_size': 67, 'dropout': 0.36838846839662653, 'hidden_continuous_size': 36, 'attention_head_size': 3, 'learning_rate': 0.03501340563544877}. Best is trial 21 with value: 0.06277132034301758.
LOCAL_RANK: 0 - CUDA_VISIBLE_DEVICES: [0]
[I 2023-11-29 22:31:39,845] Trial 56 finished with value: 0.11539214849472046 and parameters: {'gradient_clip_val': 0.3757127516836316, 'hidden_size': 57, 'dropout': 0.34927903486608036, 'hidden_continuous_size': 28, 'attention_head_size': 2, 'learning_rate': 0.06538229374686891}. Best is trial 21 with value: 0.06277132034301758.
LOCAL_RANK: 0 - CUDA_VISIBLE_DEVICES: [0]
[I 2023-11-29 22:31:53,539] Trial 57 finished with value: 0.22016382217407227 and parameters: {'gradient_clip_val': 0.44604651668791734, 'hidden_size': 96, 'dropout': 0.3070891870224214, 'hidden_continuous_size': 41, 'attention_head_size': 4, 'learning_rate': 0.04389087557984907}. Best is trial 21 with value: 0.06277132034301758.
LOCAL_RANK: 0 - CUDA_VISIBLE_DEVICES: [0]
[I 2023-11-29 22:32:06,307] Trial 58 finished with value: 0.1516541689634323 and parameters: {'gradient_clip_val': 0.5603224576831002, 'hidden_size': 41, 'dropout': 0.3246576492599976, 'hidden_continuous_size': 31, 'attention_head_size': 3, 'learning_rate': 0.05366725519484477}. Best is trial 21 with value: 0.06277132034301758.
LOCAL_RANK: 0 - CUDA_VISIBLE_DEVICES: [0]
[I 2023-11-29 22:32:19,946] Trial 59 finished with value: 0.10344865918159485 and parameters: {'gradient_clip_val': 0.2976907337328666, 'hidden_size': 71, 'dropout': 0.3431148065833266, 'hidden_continuous_size': 34, 'attention_head_size': 4, 'learning_rate': 0.03332116580071632}. Best is trial 21 with value: 0.06277132034301758.
LOCAL_RANK: 0 - CUDA_VISIBLE_DEVICES: [0]
[I 2023-11-29 22:32:33,031] Trial 60 finished with value: 0.14975355565547943 and parameters: {'gradient_clip_val': 0.3465010293996231, 'hidden_size': 61, 'dropout': 0.26912560281702097, 'hidden_continuous_size': 27, 'attention_head_size': 1, 'learning_rate': 0.09753843081568608}. Best is trial 21 with value: 0.06277132034301758.
LOCAL_RANK: 0 - CUDA_VISIBLE_DEVICES: [0]
[I 2023-11-29 22:32:46,178] Trial 61 finished with value: 0.1919054538011551 and parameters: {'gradient_clip_val': 0.3233950954844118, 'hidden_size': 84, 'dropout': 0.3658926883299101, 'hidden_continuous_size': 23, 'attention_head_size': 1, 'learning_rate': 0.02695356019640638}. Best is trial 21 with value: 0.06277132034301758.
LOCAL_RANK: 0 - CUDA_VISIBLE_DEVICES: [0]
[I 2023-11-29 22:32:59,372] Trial 62 finished with value: 0.15819557011127472 and parameters: {'gradient_clip_val': 0.2387699559106884, 'hidden_size': 78, 'dropout': 0.3799559099232389, 'hidden_continuous_size': 21, 'attention_head_size': 1, 'learning_rate': 0.03985119654619536}. Best is trial 21 with value: 0.06277132034301758.
LOCAL_RANK: 0 - CUDA_VISIBLE_DEVICES: [0]
[I 2023-11-29 22:33:12,606] Trial 63 finished with value: 0.14731179177761078 and parameters: {'gradient_clip_val': 0.3855941299842489, 'hidden_size': 75, 'dropout': 0.22761150857543885, 'hidden_continuous_size': 24, 'attention_head_size': 1, 'learning_rate': 0.022156683019057495}. Best is trial 21 with value: 0.06277132034301758.
LOCAL_RANK: 0 - CUDA_VISIBLE_DEVICES: [0]
[I 2023-11-29 22:33:26,334] Trial 64 finished with value: 0.18106186389923096 and parameters: {'gradient_clip_val': 0.4738382329017094, 'hidden_size': 92, 'dropout': 0.3883079314847349, 'hidden_continuous_size': 38, 'attention_head_size': 3, 'learning_rate': 0.02867072281815198}. Best is trial 21 with value: 0.06277132034301758.
LOCAL_RANK: 0 - CUDA_VISIBLE_DEVICES: [0]
[I 2023-11-29 22:33:39,945] Trial 65 finished with value: 0.26806601881980896 and parameters: {'gradient_clip_val': 0.3539727149126308, 'hidden_size': 101, 'dropout': 0.36391257787692427, 'hidden_continuous_size': 19, 'attention_head_size': 4, 'learning_rate': 0.05917223276863117}. Best is trial 21 with value: 0.06277132034301758.
LOCAL_RANK: 0 - CUDA_VISIBLE_DEVICES: [0]
[I 2023-11-29 22:33:53,700] Trial 66 finished with value: 0.5455028414726257 and parameters: {'gradient_clip_val': 0.6751718679740768, 'hidden_size': 119, 'dropout': 0.35177195426388336, 'hidden_continuous_size': 22, 'attention_head_size': 2, 'learning_rate': 0.07376444004727517}. Best is trial 21 with value: 0.06277132034301758.
LOCAL_RANK: 0 - CUDA_VISIBLE_DEVICES: [0]
[I 2023-11-29 22:34:07,149] Trial 67 finished with value: 0.14560212194919586 and parameters: {'gradient_clip_val': 0.526569850657594, 'hidden_size': 88, 'dropout': 0.2893736619186382, 'hidden_continuous_size': 29, 'attention_head_size': 4, 'learning_rate': 0.04150438941608963}. Best is trial 21 with value: 0.06277132034301758.
LOCAL_RANK: 0 - CUDA_VISIBLE_DEVICES: [0]
[I 2023-11-29 22:34:20,347] Trial 68 finished with value: 0.16198794543743134 and parameters: {'gradient_clip_val': 0.41334704808427186, 'hidden_size': 67, 'dropout': 0.311453017510549, 'hidden_continuous_size': 32, 'attention_head_size': 1, 'learning_rate': 0.05064258041110115}. Best is trial 21 with value: 0.06277132034301758.
LOCAL_RANK: 0 - CUDA_VISIBLE_DEVICES: [0]
[I 2023-11-29 22:34:33,767] Trial 69 finished with value: 0.13526660203933716 and parameters: {'gradient_clip_val': 0.6317428521297834, 'hidden_size': 61, 'dropout': 0.2464453537209283, 'hidden_continuous_size': 27, 'attention_head_size': 3, 'learning_rate': 0.018613899061597133}. Best is trial 21 with value: 0.06277132034301758.
LOCAL_RANK: 0 - CUDA_VISIBLE_DEVICES: [0]
[I 2023-11-29 22:34:46,981] Trial 70 finished with value: 0.10385000705718994 and parameters: {'gradient_clip_val': 0.31210945516962363, 'hidden_size': 49, 'dropout': 0.21390496921693677, 'hidden_continuous_size': 33, 'attention_head_size': 4, 'learning_rate': 0.03297179298078941}. Best is trial 21 with value: 0.06277132034301758.
LOCAL_RANK: 0 - CUDA_VISIBLE_DEVICES: [0]
[I 2023-11-29 22:35:00,146] Trial 71 finished with value: 0.16596491634845734 and parameters: {'gradient_clip_val': 0.3449407596884462, 'hidden_size': 61, 'dropout': 0.3794209864062289, 'hidden_continuous_size': 30, 'attention_head_size': 3, 'learning_rate': 0.05788085371784233}. Best is trial 21 with value: 0.06277132034301758.
LOCAL_RANK: 0 - CUDA_VISIBLE_DEVICES: [0]
[I 2023-11-29 22:35:13,599] Trial 72 finished with value: 0.20688430964946747 and parameters: {'gradient_clip_val': 0.2665505377968446, 'hidden_size': 74, 'dropout': 0.3399011456431822, 'hidden_continuous_size': 30, 'attention_head_size': 3, 'learning_rate': 0.049386148077061445}. Best is trial 21 with value: 0.06277132034301758.
LOCAL_RANK: 0 - CUDA_VISIBLE_DEVICES: [0]
[I 2023-11-29 22:35:26,997] Trial 73 finished with value: 0.2116258144378662 and parameters: {'gradient_clip_val': 0.3349838902106051, 'hidden_size': 66, 'dropout': 0.37149302343870955, 'hidden_continuous_size': 35, 'attention_head_size': 3, 'learning_rate': 0.06870924528207298}. Best is trial 21 with value: 0.06277132034301758.
LOCAL_RANK: 0 - CUDA_VISIBLE_DEVICES: [0]
[I 2023-11-29 22:35:40,682] Trial 74 finished with value: 0.10628074407577515 and parameters: {'gradient_clip_val': 0.3039111849289393, 'hidden_size': 82, 'dropout': 0.2064855458829507, 'hidden_continuous_size': 25, 'attention_head_size': 3, 'learning_rate': 0.08547358614042332}. Best is trial 21 with value: 0.06277132034301758.
LOCAL_RANK: 0 - CUDA_VISIBLE_DEVICES: [0]
[I 2023-11-29 22:35:53,764] Trial 75 finished with value: 0.1362566351890564 and parameters: {'gradient_clip_val': 0.39547127670880683, 'hidden_size': 54, 'dropout': 0.35673025497438, 'hidden_continuous_size': 29, 'attention_head_size': 2, 'learning_rate': 0.040959439452381174}. Best is trial 21 with value: 0.06277132034301758.
LOCAL_RANK: 0 - CUDA_VISIBLE_DEVICES: [0]
[I 2023-11-29 22:36:07,179] Trial 76 finished with value: 0.1735127717256546 and parameters: {'gradient_clip_val': 0.36292920524451566, 'hidden_size': 58, 'dropout': 0.3570129373788461, 'hidden_continuous_size': 31, 'attention_head_size': 4, 'learning_rate': 0.05701163656578083}. Best is trial 21 with value: 0.06277132034301758.
LOCAL_RANK: 0 - CUDA_VISIBLE_DEVICES: [0]
[I 2023-11-29 22:36:20,735] Trial 77 finished with value: 0.12094239145517349 and parameters: {'gradient_clip_val': 0.28053485492393604, 'hidden_size': 71, 'dropout': 0.39794463794426493, 'hidden_continuous_size': 37, 'attention_head_size': 3, 'learning_rate': 0.03759162506078311}. Best is trial 21 with value: 0.06277132034301758.
LOCAL_RANK: 0 - CUDA_VISIBLE_DEVICES: [0]
[I 2023-11-29 22:36:33,855] Trial 78 finished with value: 0.1656283736228943 and parameters: {'gradient_clip_val': 0.46219093761135016, 'hidden_size': 47, 'dropout': 0.32348749614258593, 'hidden_continuous_size': 33, 'attention_head_size': 3, 'learning_rate': 0.024643950801212237}. Best is trial 21 with value: 0.06277132034301758.
LOCAL_RANK: 0 - CUDA_VISIBLE_DEVICES: [0]
[I 2023-11-29 22:36:47,150] Trial 79 finished with value: 0.12328235059976578 and parameters: {'gradient_clip_val': 0.49900035115746516, 'hidden_size': 64, 'dropout': 0.34822130231636733, 'hidden_continuous_size': 27, 'attention_head_size': 2, 'learning_rate': 0.03103930626395988}. Best is trial 21 with value: 0.06277132034301758.
LOCAL_RANK: 0 - CUDA_VISIBLE_DEVICES: [0]
[I 2023-11-29 22:37:00,475] Trial 80 finished with value: 0.11357885599136353 and parameters: {'gradient_clip_val': 0.33794123309698415, 'hidden_size': 59, 'dropout': 0.37141348400674046, 'hidden_continuous_size': 26, 'attention_head_size': 4, 'learning_rate': 0.04758537289332668}. Best is trial 21 with value: 0.06277132034301758.
LOCAL_RANK: 0 - CUDA_VISIBLE_DEVICES: [0]
[I 2023-11-29 22:37:13,947] Trial 81 finished with value: 0.11859145015478134 and parameters: {'gradient_clip_val': 0.37831033534396863, 'hidden_size': 75, 'dropout': 0.3531881252931388, 'hidden_continuous_size': 36, 'attention_head_size': 3, 'learning_rate': 0.06359331165053622}. Best is trial 21 with value: 0.06277132034301758.
LOCAL_RANK: 0 - CUDA_VISIBLE_DEVICES: [0]
[I 2023-11-29 22:37:27,014] Trial 82 finished with value: 0.14622364938259125 and parameters: {'gradient_clip_val': 0.4212837103129314, 'hidden_size': 53, 'dropout': 0.33414127803116583, 'hidden_continuous_size': 31, 'attention_head_size': 3, 'learning_rate': 0.07888742106285705}. Best is trial 21 with value: 0.06277132034301758.
LOCAL_RANK: 0 - CUDA_VISIBLE_DEVICES: [0]
[I 2023-11-29 22:37:40,507] Trial 83 finished with value: 0.1291252225637436 and parameters: {'gradient_clip_val': 0.7220200960307508, 'hidden_size': 74, 'dropout': 0.3611995566949747, 'hidden_continuous_size': 34, 'attention_head_size': 3, 'learning_rate': 0.06371192590117479}. Best is trial 21 with value: 0.06277132034301758.
LOCAL_RANK: 0 - CUDA_VISIBLE_DEVICES: [0]
[I 2023-11-29 22:37:54,051] Trial 84 finished with value: 0.14592184126377106 and parameters: {'gradient_clip_val': 0.36606149639143204, 'hidden_size': 68, 'dropout': 0.3852353319729094, 'hidden_continuous_size': 35, 'attention_head_size': 3, 'learning_rate': 0.09859824469003271}. Best is trial 21 with value: 0.06277132034301758.
LOCAL_RANK: 0 - CUDA_VISIBLE_DEVICES: [0]
[I 2023-11-29 22:38:07,542] Trial 85 finished with value: 0.14835487306118011 and parameters: {'gradient_clip_val': 0.3164204189725031, 'hidden_size': 80, 'dropout': 0.37404898317921825, 'hidden_continuous_size': 39, 'attention_head_size': 3, 'learning_rate': 0.06995891571169698}. Best is trial 21 with value: 0.06277132034301758.
LOCAL_RANK: 0 - CUDA_VISIBLE_DEVICES: [0]
[I 2023-11-29 22:38:20,955] Trial 86 finished with value: 0.16416503489017487 and parameters: {'gradient_clip_val': 0.4044335211340743, 'hidden_size': 84, 'dropout': 0.3473526132831315, 'hidden_continuous_size': 29, 'attention_head_size': 4, 'learning_rate': 0.053066272607369534}. Best is trial 21 with value: 0.06277132034301758.
LOCAL_RANK: 0 - CUDA_VISIBLE_DEVICES: [0]
[I 2023-11-29 22:38:33,995] Trial 87 finished with value: 0.15194781124591827 and parameters: {'gradient_clip_val': 0.5837621265290183, 'hidden_size': 50, 'dropout': 0.36550535953066493, 'hidden_continuous_size': 33, 'attention_head_size': 2, 'learning_rate': 0.04518506365240711}. Best is trial 21 with value: 0.06277132034301758.
LOCAL_RANK: 0 - CUDA_VISIBLE_DEVICES: [0]
[I 2023-11-29 22:38:47,449] Trial 88 finished with value: 0.14042843878269196 and parameters: {'gradient_clip_val': 0.45026853191141736, 'hidden_size': 62, 'dropout': 0.3922355659108285, 'hidden_continuous_size': 28, 'attention_head_size': 4, 'learning_rate': 0.034723707029997546}. Best is trial 21 with value: 0.06277132034301758.
LOCAL_RANK: 0 - CUDA_VISIBLE_DEVICES: [0]
[I 2023-11-29 22:39:00,911] Trial 89 finished with value: 0.12768293917179108 and parameters: {'gradient_clip_val': 0.35710856530477364, 'hidden_size': 57, 'dropout': 0.3393722153281759, 'hidden_continuous_size': 32, 'attention_head_size': 3, 'learning_rate': 0.08266340666744673}. Best is trial 21 with value: 0.06277132034301758.
LOCAL_RANK: 0 - CUDA_VISIBLE_DEVICES: [0]
[I 2023-11-29 22:39:14,312] Trial 90 finished with value: 0.22754602134227753 and parameters: {'gradient_clip_val': 0.3315996920127629, 'hidden_size': 70, 'dropout': 0.25575391369100037, 'hidden_continuous_size': 24, 'attention_head_size': 4, 'learning_rate': 0.07336523944698409}. Best is trial 21 with value: 0.06277132034301758.
LOCAL_RANK: 0 - CUDA_VISIBLE_DEVICES: [0]
[I 2023-11-29 22:39:27,632] Trial 91 finished with value: 0.21205921471118927 and parameters: {'gradient_clip_val': 0.4043606340202215, 'hidden_size': 64, 'dropout': 0.2631730535266169, 'hidden_continuous_size': 37, 'attention_head_size': 4, 'learning_rate': 0.02939406842569106}. Best is trial 21 with value: 0.06277132034301758.
LOCAL_RANK: 0 - CUDA_VISIBLE_DEVICES: [0]
[I 2023-11-29 22:39:41,026] Trial 92 finished with value: 0.11685028672218323 and parameters: {'gradient_clip_val': 0.3832879366873576, 'hidden_size': 66, 'dropout': 0.23972848937057278, 'hidden_continuous_size': 35, 'attention_head_size': 4, 'learning_rate': 0.038271471811075784}. Best is trial 21 with value: 0.06277132034301758.
LOCAL_RANK: 0 - CUDA_VISIBLE_DEVICES: [0]
