[I 2023-11-30 02:16:07,829] Trial 21 finished with value: 15.9010009765625 and parameters: {'gradient_clip_val': 0.209797700873902, 'hidden_size': 31, 'dropout': 0.27771959615423025, 'hidden_continuous_size': 12, 'attention_head_size': 4, 'learning_rate': 0.014307412047711706}. Best is trial 21 with value: 15.9010009765625.
LOCAL_RANK: 0 - CUDA_VISIBLE_DEVICES: [0]
[I 2023-11-30 02:16:20,648] Trial 22 finished with value: 29.256948471069336 and parameters: {'gradient_clip_val': 0.2133247646265043, 'hidden_size': 47, 'dropout': 0.29933756843266157, 'hidden_continuous_size': 12, 'attention_head_size': 4, 'learning_rate': 0.020547138471999564}. Best is trial 21 with value: 15.9010009765625.
LOCAL_RANK: 0 - CUDA_VISIBLE_DEVICES: [0]
[I 2023-11-30 02:16:32,947] Trial 23 finished with value: 21.168041229248047 and parameters: {'gradient_clip_val': 0.14248270675045807, 'hidden_size': 32, 'dropout': 0.2549253549798845, 'hidden_continuous_size': 11, 'attention_head_size': 4, 'learning_rate': 0.057580800874994426}. Best is trial 21 with value: 15.9010009765625.
LOCAL_RANK: 0 - CUDA_VISIBLE_DEVICES: [0]
[I 2023-11-30 02:16:45,055] Trial 24 finished with value: 19.577011108398438 and parameters: {'gradient_clip_val': 0.10019763397527477, 'hidden_size': 20, 'dropout': 0.2847601360543736, 'hidden_continuous_size': 11, 'attention_head_size': 3, 'learning_rate': 0.04231904940405089}. Best is trial 21 with value: 15.9010009765625.
LOCAL_RANK: 0 - CUDA_VISIBLE_DEVICES: [0]
[I 2023-11-30 02:16:57,277] Trial 25 finished with value: 25.36604881286621 and parameters: {'gradient_clip_val': 0.23568057661407638, 'hidden_size': 28, 'dropout': 0.31807491832732904, 'hidden_continuous_size': 13, 'attention_head_size': 4, 'learning_rate': 0.029683381797251822}. Best is trial 21 with value: 15.9010009765625.
LOCAL_RANK: 0 - CUDA_VISIBLE_DEVICES: [0]
[I 2023-11-30 02:17:09,757] Trial 26 finished with value: 33.28529739379883 and parameters: {'gradient_clip_val': 0.3515211531233402, 'hidden_size': 36, 'dropout': 0.22999120884384971, 'hidden_continuous_size': 15, 'attention_head_size': 3, 'learning_rate': 0.012230891451714777}. Best is trial 21 with value: 15.9010009765625.
LOCAL_RANK: 0 - CUDA_VISIBLE_DEVICES: [0]
[I 2023-11-30 02:17:23,027] Trial 27 finished with value: 21.982698440551758 and parameters: {'gradient_clip_val': 0.31663480389121107, 'hidden_size': 79, 'dropout': 0.2968580071066855, 'hidden_continuous_size': 23, 'attention_head_size': 1, 'learning_rate': 0.006708512522612484}. Best is trial 21 with value: 15.9010009765625.
LOCAL_RANK: 0 - CUDA_VISIBLE_DEVICES: [0]
[I 2023-11-30 02:17:36,002] Trial 28 finished with value: 26.829870223999023 and parameters: {'gradient_clip_val': 0.16437778499348818, 'hidden_size': 56, 'dropout': 0.2747828755247206, 'hidden_continuous_size': 16, 'attention_head_size': 4, 'learning_rate': 0.016472928381373198}. Best is trial 21 with value: 15.9010009765625.
LOCAL_RANK: 0 - CUDA_VISIBLE_DEVICES: [0]
[I 2023-11-30 02:17:48,703] Trial 29 finished with value: 30.55391502380371 and parameters: {'gradient_clip_val': 0.2639936331029269, 'hidden_size': 39, 'dropout': 0.34565000040271543, 'hidden_continuous_size': 17, 'attention_head_size': 1, 'learning_rate': 0.02542553262273023}. Best is trial 21 with value: 15.9010009765625.
LOCAL_RANK: 0 - CUDA_VISIBLE_DEVICES: [0]
[I 2023-11-30 02:18:01,258] Trial 30 finished with value: 22.218469619750977 and parameters: {'gradient_clip_val': 0.19427351531414344, 'hidden_size': 39, 'dropout': 0.3637541022682113, 'hidden_continuous_size': 19, 'attention_head_size': 2, 'learning_rate': 0.03657577569332244}. Best is trial 21 with value: 15.9010009765625.
LOCAL_RANK: 0 - CUDA_VISIBLE_DEVICES: [0]
[I 2023-11-30 02:18:13,723] Trial 31 finished with value: 20.366348266601562 and parameters: {'gradient_clip_val': 0.21341728063800777, 'hidden_size': 30, 'dropout': 0.27023213812038477, 'hidden_continuous_size': 12, 'attention_head_size': 4, 'learning_rate': 0.0136568987199072}. Best is trial 21 with value: 15.9010009765625.
LOCAL_RANK: 0 - CUDA_VISIBLE_DEVICES: [0]
[I 2023-11-30 02:18:26,393] Trial 32 finished with value: 18.495580673217773 and parameters: {'gradient_clip_val': 0.2913411966681863, 'hidden_size': 48, 'dropout': 0.29411928055584946, 'hidden_continuous_size': 13, 'attention_head_size': 4, 'learning_rate': 0.012138561358431986}. Best is trial 21 with value: 15.9010009765625.
LOCAL_RANK: 0 - CUDA_VISIBLE_DEVICES: [0]
[I 2023-11-30 02:18:39,377] Trial 33 finished with value: 18.34617042541504 and parameters: {'gradient_clip_val': 0.30747183129625294, 'hidden_size': 51, 'dropout': 0.3011237972126904, 'hidden_continuous_size': 14, 'attention_head_size': 4, 'learning_rate': 0.010170761774362316}. Best is trial 21 with value: 15.9010009765625.
LOCAL_RANK: 0 - CUDA_VISIBLE_DEVICES: [0]
[I 2023-11-30 02:18:52,570] Trial 34 finished with value: 15.516501426696777 and parameters: {'gradient_clip_val': 0.3118578937456158, 'hidden_size': 57, 'dropout': 0.33201630557264283, 'hidden_continuous_size': 15, 'attention_head_size': 4, 'learning_rate': 0.006338637620615233}. Best is trial 34 with value: 15.516501426696777.
LOCAL_RANK: 0 - CUDA_VISIBLE_DEVICES: [0]
[I 2023-11-30 02:19:06,051] Trial 35 finished with value: 18.143808364868164 and parameters: {'gradient_clip_val': 0.4995706109080886, 'hidden_size': 80, 'dropout': 0.3260581362046968, 'hidden_continuous_size': 20, 'attention_head_size': 4, 'learning_rate': 0.005122468860995364}. Best is trial 34 with value: 15.516501426696777.
LOCAL_RANK: 0 - CUDA_VISIBLE_DEVICES: [0]
[I 2023-11-30 02:19:19,477] Trial 36 finished with value: 20.495290756225586 and parameters: {'gradient_clip_val': 0.5242873225455751, 'hidden_size': 82, 'dropout': 0.33017373146007556, 'hidden_continuous_size': 16, 'attention_head_size': 4, 'learning_rate': 0.006325483083527761}. Best is trial 34 with value: 15.516501426696777.
LOCAL_RANK: 0 - CUDA_VISIBLE_DEVICES: [0]
[I 2023-11-30 02:19:32,560] Trial 37 finished with value: 20.92698860168457 and parameters: {'gradient_clip_val': 0.3475631300757118, 'hidden_size': 60, 'dropout': 0.3641989707806164, 'hidden_continuous_size': 20, 'attention_head_size': 4, 'learning_rate': 0.004039123541476249}. Best is trial 34 with value: 15.516501426696777.
LOCAL_RANK: 0 - CUDA_VISIBLE_DEVICES: [0]
[I 2023-11-30 02:19:45,948] Trial 38 finished with value: 18.952804565429688 and parameters: {'gradient_clip_val': 0.9652038969839161, 'hidden_size': 67, 'dropout': 0.3209348550123897, 'hidden_continuous_size': 18, 'attention_head_size': 4, 'learning_rate': 0.009115311607032037}. Best is trial 34 with value: 15.516501426696777.
LOCAL_RANK: 0 - CUDA_VISIBLE_DEVICES: [0]
[I 2023-11-30 02:19:59,750] Trial 39 finished with value: 17.360746383666992 and parameters: {'gradient_clip_val': 0.26169904275148814, 'hidden_size': 96, 'dropout': 0.33948005318951163, 'hidden_continuous_size': 22, 'attention_head_size': 4, 'learning_rate': 0.006410274370639131}. Best is trial 34 with value: 15.516501426696777.
LOCAL_RANK: 0 - CUDA_VISIBLE_DEVICES: [0]
[I 2023-11-30 02:20:13,359] Trial 40 finished with value: 41.47106170654297 and parameters: {'gradient_clip_val': 0.25872320236632107, 'hidden_size': 98, 'dropout': 0.3454247599445229, 'hidden_continuous_size': 23, 'attention_head_size': 3, 'learning_rate': 0.06168487282146468}. Best is trial 34 with value: 15.516501426696777.
LOCAL_RANK: 0 - CUDA_VISIBLE_DEVICES: [0]
[I 2023-11-30 02:20:26,326] Trial 41 finished with value: 18.10753059387207 and parameters: {'gradient_clip_val': 0.23458505671401664, 'hidden_size': 57, 'dropout': 0.3371656012502577, 'hidden_continuous_size': 21, 'attention_head_size': 4, 'learning_rate': 0.005489708227626371}. Best is trial 34 with value: 15.516501426696777.
LOCAL_RANK: 0 - CUDA_VISIBLE_DEVICES: [0]
[I 2023-11-30 02:20:39,120] Trial 42 finished with value: 21.469520568847656 and parameters: {'gradient_clip_val': 0.23823897230746907, 'hidden_size': 43, 'dropout': 0.3587239090411936, 'hidden_continuous_size': 13, 'attention_head_size': 4, 'learning_rate': 0.0070400635110460935}. Best is trial 34 with value: 15.516501426696777.
LOCAL_RANK: 0 - CUDA_VISIBLE_DEVICES: [0]
[I 2023-11-30 02:20:52,209] Trial 43 finished with value: 20.116811752319336 and parameters: {'gradient_clip_val': 0.25717206909949086, 'hidden_size': 59, 'dropout': 0.3827447090922335, 'hidden_continuous_size': 21, 'attention_head_size': 4, 'learning_rate': 0.006170406894639892}. Best is trial 34 with value: 15.516501426696777.
LOCAL_RANK: 0 - CUDA_VISIBLE_DEVICES: [0]
[I 2023-11-30 02:21:05,218] Trial 44 finished with value: 16.556968688964844 and parameters: {'gradient_clip_val': 0.28713200169112396, 'hidden_size': 52, 'dropout': 0.3098825680584323, 'hidden_continuous_size': 10, 'attention_head_size': 4, 'learning_rate': 0.009674780131509597}. Best is trial 34 with value: 15.516501426696777.
LOCAL_RANK: 0 - CUDA_VISIBLE_DEVICES: [0]
[I 2023-11-30 02:21:18,310] Trial 45 finished with value: 25.667909622192383 and parameters: {'gradient_clip_val': 0.31168836441112047, 'hidden_size': 66, 'dropout': 0.31045590353403424, 'hidden_continuous_size': 10, 'attention_head_size': 4, 'learning_rate': 0.008902192746648984}. Best is trial 34 with value: 15.516501426696777.
LOCAL_RANK: 0 - CUDA_VISIBLE_DEVICES: [0]
[I 2023-11-30 02:21:32,268] Trial 46 finished with value: 31.721967697143555 and parameters: {'gradient_clip_val': 0.27608247266124336, 'hidden_size': 149, 'dropout': 0.31166245305224793, 'hidden_continuous_size': 10, 'attention_head_size': 3, 'learning_rate': 0.010063431032080367}. Best is trial 34 with value: 15.516501426696777.
LOCAL_RANK: 0 - CUDA_VISIBLE_DEVICES: [0]
[I 2023-11-30 02:21:44,890] Trial 47 finished with value: 25.217453002929688 and parameters: {'gradient_clip_val': 0.28521119797652644, 'hidden_size': 44, 'dropout': 0.286177965634378, 'hidden_continuous_size': 11, 'attention_head_size': 4, 'learning_rate': 0.01892132248316708}. Best is trial 34 with value: 15.516501426696777.
LOCAL_RANK: 0 - CUDA_VISIBLE_DEVICES: [0]
[I 2023-11-30 02:21:57,441] Trial 48 finished with value: 19.217788696289062 and parameters: {'gradient_clip_val': 0.33880639427462006, 'hidden_size': 34, 'dropout': 0.3372072794543787, 'hidden_continuous_size': 10, 'attention_head_size': 4, 'learning_rate': 0.007646966959478556}. Best is trial 34 with value: 15.516501426696777.
LOCAL_RANK: 0 - CUDA_VISIBLE_DEVICES: [0]
[I 2023-11-30 02:22:09,874] Trial 49 finished with value: 28.310068130493164 and parameters: {'gradient_clip_val': 0.3762206374989077, 'hidden_size': 25, 'dropout': 0.3075473694317154, 'hidden_continuous_size': 11, 'attention_head_size': 3, 'learning_rate': 0.002808859473518548}. Best is trial 34 with value: 15.516501426696777.
LOCAL_RANK: 0 - CUDA_VISIBLE_DEVICES: [0]
[I 2023-11-30 02:22:22,116] Trial 50 finished with value: 20.242595672607422 and parameters: {'gradient_clip_val': 0.3193113773769036, 'hidden_size': 14, 'dropout': 0.3190295654850766, 'hidden_continuous_size': 12, 'attention_head_size': 4, 'learning_rate': 0.011044294167193198}. Best is trial 34 with value: 15.516501426696777.
LOCAL_RANK: 0 - CUDA_VISIBLE_DEVICES: [0]
[I 2023-11-30 02:22:35,253] Trial 51 finished with value: 16.969736099243164 and parameters: {'gradient_clip_val': 0.23794956889674757, 'hidden_size': 60, 'dropout': 0.3434694173129232, 'hidden_continuous_size': 24, 'attention_head_size': 4, 'learning_rate': 0.005386254926299371}. Best is trial 34 with value: 15.516501426696777.
LOCAL_RANK: 0 - CUDA_VISIBLE_DEVICES: [0]
[I 2023-11-30 02:22:48,050] Trial 52 finished with value: 17.926118850708008 and parameters: {'gradient_clip_val': 0.2815266756135575, 'hidden_size': 52, 'dropout': 0.3473914979009196, 'hidden_continuous_size': 25, 'attention_head_size': 4, 'learning_rate': 0.008664416878579297}. Best is trial 34 with value: 15.516501426696777.
LOCAL_RANK: 0 - CUDA_VISIBLE_DEVICES: [0]
[I 2023-11-30 02:23:01,179] Trial 53 finished with value: 17.14731788635254 and parameters: {'gradient_clip_val': 0.28700470952350626, 'hidden_size': 53, 'dropout': 0.35423288155572097, 'hidden_continuous_size': 24, 'attention_head_size': 4, 'learning_rate': 0.007929940051446935}. Best is trial 34 with value: 15.516501426696777.
LOCAL_RANK: 0 - CUDA_VISIBLE_DEVICES: [0]
[I 2023-11-30 02:23:13,837] Trial 54 finished with value: 19.84436798095703 and parameters: {'gradient_clip_val': 0.22532001150276315, 'hidden_size': 40, 'dropout': 0.35757942349925875, 'hidden_continuous_size': 23, 'attention_head_size': 4, 'learning_rate': 0.007413557873413026}. Best is trial 34 with value: 15.516501426696777.
LOCAL_RANK: 0 - CUDA_VISIBLE_DEVICES: [0]
[I 2023-11-30 02:23:27,325] Trial 55 finished with value: 23.09763526916504 and parameters: {'gradient_clip_val': 0.24533791536392185, 'hidden_size': 72, 'dropout': 0.34113780616941125, 'hidden_continuous_size': 29, 'attention_head_size': 4, 'learning_rate': 0.005535445043361014}. Best is trial 34 with value: 15.516501426696777.
LOCAL_RANK: 0 - CUDA_VISIBLE_DEVICES: [0]
[I 2023-11-30 02:23:40,394] Trial 56 finished with value: 22.89302635192871 and parameters: {'gradient_clip_val': 0.2655793596547538, 'hidden_size': 49, 'dropout': 0.3767789558810747, 'hidden_continuous_size': 25, 'attention_head_size': 4, 'learning_rate': 0.003986605743182177}. Best is trial 34 with value: 15.516501426696777.
LOCAL_RANK: 0 - CUDA_VISIBLE_DEVICES: [0]
[I 2023-11-30 02:23:53,689] Trial 57 finished with value: 19.132314682006836 and parameters: {'gradient_clip_val': 0.22561956044512788, 'hidden_size': 55, 'dropout': 0.3523215032118046, 'hidden_continuous_size': 32, 'attention_head_size': 4, 'learning_rate': 0.007612821842590142}. Best is trial 34 with value: 15.516501426696777.
LOCAL_RANK: 0 - CUDA_VISIBLE_DEVICES: [0]
[I 2023-11-30 02:24:06,975] Trial 58 finished with value: 17.001066207885742 and parameters: {'gradient_clip_val': 0.1858734983792796, 'hidden_size': 62, 'dropout': 0.3276977212816049, 'hidden_continuous_size': 27, 'attention_head_size': 3, 'learning_rate': 0.004443305391124251}. Best is trial 34 with value: 15.516501426696777.
LOCAL_RANK: 0 - CUDA_VISIBLE_DEVICES: [0]
[I 2023-11-30 02:24:20,188] Trial 59 finished with value: 20.28703498840332 and parameters: {'gradient_clip_val': 0.17702865022095524, 'hidden_size': 61, 'dropout': 0.3284152757029595, 'hidden_continuous_size': 27, 'attention_head_size': 3, 'learning_rate': 0.004461368976957715}. Best is trial 34 with value: 15.516501426696777.
LOCAL_RANK: 0 - CUDA_VISIBLE_DEVICES: [0]
[I 2023-11-30 02:24:33,073] Trial 60 finished with value: 19.61244773864746 and parameters: {'gradient_clip_val': 0.2132462818289807, 'hidden_size': 43, 'dropout': 0.37212092591621815, 'hidden_continuous_size': 25, 'attention_head_size': 2, 'learning_rate': 0.0032611882198612654}. Best is trial 34 with value: 15.516501426696777.
LOCAL_RANK: 0 - CUDA_VISIBLE_DEVICES: [0]
[I 2023-11-30 02:24:46,082] Trial 61 finished with value: 17.70316505432129 and parameters: {'gradient_clip_val': 0.25037958659738097, 'hidden_size': 47, 'dropout': 0.336599822233142, 'hidden_continuous_size': 22, 'attention_head_size': 4, 'learning_rate': 0.005903309624953358}. Best is trial 34 with value: 15.516501426696777.
LOCAL_RANK: 0 - CUDA_VISIBLE_DEVICES: [0]
[I 2023-11-30 02:24:59,296] Trial 62 finished with value: 21.12411117553711 and parameters: {'gradient_clip_val': 0.2899806326230927, 'hidden_size': 64, 'dropout': 0.32104291526682033, 'hidden_continuous_size': 33, 'attention_head_size': 4, 'learning_rate': 0.004766136974152465}. Best is trial 34 with value: 15.516501426696777.
LOCAL_RANK: 0 - CUDA_VISIBLE_DEVICES: [0]
[I 2023-11-30 02:25:12,304] Trial 63 finished with value: 19.220205307006836 and parameters: {'gradient_clip_val': 0.19039662445761882, 'hidden_size': 53, 'dropout': 0.36000897618568234, 'hidden_continuous_size': 24, 'attention_head_size': 3, 'learning_rate': 0.00838646111811433}. Best is trial 34 with value: 15.516501426696777.
LOCAL_RANK: 0 - CUDA_VISIBLE_DEVICES: [0]
[I 2023-11-30 02:25:25,564] Trial 64 finished with value: 29.40375328063965 and parameters: {'gradient_clip_val': 0.1989558600993811, 'hidden_size': 72, 'dropout': 0.3049465380469318, 'hidden_continuous_size': 28, 'attention_head_size': 4, 'learning_rate': 0.0064459244054057875}. Best is trial 34 with value: 15.516501426696777.
LOCAL_RANK: 0 - CUDA_VISIBLE_DEVICES: [0]
[I 2023-11-30 02:25:38,883] Trial 65 finished with value: 19.426488876342773 and parameters: {'gradient_clip_val': 0.27563913639830917, 'hidden_size': 57, 'dropout': 0.3525375304182067, 'hidden_continuous_size': 26, 'attention_head_size': 3, 'learning_rate': 0.011593184360883661}. Best is trial 34 with value: 15.516501426696777.
LOCAL_RANK: 0 - CUDA_VISIBLE_DEVICES: [0]
[I 2023-11-30 02:25:52,473] Trial 66 finished with value: 25.729455947875977 and parameters: {'gradient_clip_val': 0.223371618067145, 'hidden_size': 90, 'dropout': 0.28690627644297145, 'hidden_continuous_size': 30, 'attention_head_size': 4, 'learning_rate': 0.009671900441017078}. Best is trial 34 with value: 15.516501426696777.
LOCAL_RANK: 0 - CUDA_VISIBLE_DEVICES: [0]
[I 2023-11-30 02:26:05,809] Trial 67 finished with value: 21.17658805847168 and parameters: {'gradient_clip_val': 0.24686208346332014, 'hidden_size': 64, 'dropout': 0.32796552738881407, 'hidden_continuous_size': 19, 'attention_head_size': 4, 'learning_rate': 0.00492755471375133}. Best is trial 34 with value: 15.516501426696777.
LOCAL_RANK: 0 - CUDA_VISIBLE_DEVICES: [0]
[I 2023-11-30 02:26:19,842] Trial 68 finished with value: 30.378557205200195 and parameters: {'gradient_clip_val': 0.3050065981629888, 'hidden_size': 113, 'dropout': 0.3420624218435226, 'hidden_continuous_size': 36, 'attention_head_size': 4, 'learning_rate': 0.007454111357818892}. Best is trial 34 with value: 15.516501426696777.
LOCAL_RANK: 0 - CUDA_VISIBLE_DEVICES: [0]
[I 2023-11-30 02:26:32,830] Trial 69 finished with value: 25.905799865722656 and parameters: {'gradient_clip_val': 0.18765423434936002, 'hidden_size': 47, 'dropout': 0.3167584446649709, 'hidden_continuous_size': 22, 'attention_head_size': 4, 'learning_rate': 0.014168900203242785}. Best is trial 34 with value: 15.516501426696777.
LOCAL_RANK: 0 - CUDA_VISIBLE_DEVICES: [0]
[I 2023-11-30 02:26:45,459] Trial 70 finished with value: 18.3570499420166 and parameters: {'gradient_clip_val': 0.20294401994720096, 'hidden_size': 38, 'dropout': 0.30053915298956385, 'hidden_continuous_size': 14, 'attention_head_size': 3, 'learning_rate': 0.0067822698755520576}. Best is trial 34 with value: 15.516501426696777.
LOCAL_RANK: 0 - CUDA_VISIBLE_DEVICES: [0]
[I 2023-11-30 02:26:58,269] Trial 71 finished with value: 20.813514709472656 and parameters: {'gradient_clip_val': 0.24854934883792879, 'hidden_size': 47, 'dropout': 0.33563681348500324, 'hidden_continuous_size': 24, 'attention_head_size': 4, 'learning_rate': 0.005719900298946096}. Best is trial 34 with value: 15.516501426696777.
LOCAL_RANK: 0 - CUDA_VISIBLE_DEVICES: [0]
[I 2023-11-30 02:27:11,302] Trial 72 finished with value: 20.465696334838867 and parameters: {'gradient_clip_val': 0.26618192176569533, 'hidden_size': 51, 'dropout': 0.33090036915195503, 'hidden_continuous_size': 22, 'attention_head_size': 4, 'learning_rate': 0.005838119705060479}. Best is trial 34 with value: 15.516501426696777.
LOCAL_RANK: 0 - CUDA_VISIBLE_DEVICES: [0]
[I 2023-11-30 02:27:24,240] Trial 73 finished with value: 18.74739646911621 and parameters: {'gradient_clip_val': 0.2180144311692269, 'hidden_size': 41, 'dropout': 0.33936128081748146, 'hidden_continuous_size': 20, 'attention_head_size': 4, 'learning_rate': 0.010014645749733861}. Best is trial 34 with value: 15.516501426696777.
LOCAL_RANK: 0 - CUDA_VISIBLE_DEVICES: [0]
[I 2023-11-30 02:27:36,971] Trial 74 finished with value: 20.97319221496582 and parameters: {'gradient_clip_val': 0.23412467527227596, 'hidden_size': 36, 'dropout': 0.3488380656197937, 'hidden_continuous_size': 11, 'attention_head_size': 4, 'learning_rate': 0.008396097161683089}. Best is trial 34 with value: 15.516501426696777.
LOCAL_RANK: 0 - CUDA_VISIBLE_DEVICES: [0]
[I 2023-11-30 02:27:50,194] Trial 75 finished with value: 17.10587501525879 and parameters: {'gradient_clip_val': 0.3263479448238809, 'hidden_size': 54, 'dropout': 0.3225024308378153, 'hidden_continuous_size': 22, 'attention_head_size': 4, 'learning_rate': 0.0064732321054316025}. Best is trial 34 with value: 15.516501426696777.
LOCAL_RANK: 0 - CUDA_VISIBLE_DEVICES: [0]
[I 2023-11-30 02:28:03,009] Trial 76 finished with value: 20.155075073242188 and parameters: {'gradient_clip_val': 0.32379545270772875, 'hidden_size': 54, 'dropout': 0.3116820132430982, 'hidden_continuous_size': 18, 'attention_head_size': 4, 'learning_rate': 0.006797682543168444}. Best is trial 34 with value: 15.516501426696777.
LOCAL_RANK: 0 - CUDA_VISIBLE_DEVICES: [0]
[I 2023-11-30 02:28:16,415] Trial 77 finished with value: 22.824865341186523 and parameters: {'gradient_clip_val': 0.2979317090646726, 'hidden_size': 70, 'dropout': 0.3239101101708983, 'hidden_continuous_size': 26, 'attention_head_size': 2, 'learning_rate': 0.011529123114204228}. Best is trial 34 with value: 15.516501426696777.
LOCAL_RANK: 0 - CUDA_VISIBLE_DEVICES: [0]
[I 2023-11-30 02:28:29,366] Trial 78 finished with value: 24.6955623626709 and parameters: {'gradient_clip_val': 0.3628428927270012, 'hidden_size': 60, 'dropout': 0.3040763237645255, 'hidden_continuous_size': 15, 'attention_head_size': 4, 'learning_rate': 0.0044210229528482605}. Best is trial 34 with value: 15.516501426696777.
LOCAL_RANK: 0 - CUDA_VISIBLE_DEVICES: [0]
[I 2023-11-30 02:28:42,964] Trial 79 finished with value: 28.39685821533203 and parameters: {'gradient_clip_val': 0.33726619301191, 'hidden_size': 76, 'dropout': 0.293582885546725, 'hidden_continuous_size': 21, 'attention_head_size': 4, 'learning_rate': 0.005313022481956368}. Best is trial 34 with value: 15.516501426696777.
LOCAL_RANK: 0 - CUDA_VISIBLE_DEVICES: [0]
