[I 2023-11-29 21:47:33,249] Trial 12 finished with value: 0.15328679978847504 and parameters: {'gradient_clip_val': 0.1761171868820517, 'hidden_size': 140, 'dropout': 0.14878026945531656, 'hidden_continuous_size': 69, 'attention_head_size': 1, 'learning_rate': 0.015989520889082464}. Best is trial 10 with value: 0.10686475038528442.
LOCAL_RANK: 0 - CUDA_VISIBLE_DEVICES: [0]
[I 2023-11-29 21:47:47,242] Trial 13 finished with value: 0.15558499097824097 and parameters: {'gradient_clip_val': 0.1787012118390785, 'hidden_size': 108, 'dropout': 0.13635383976088616, 'hidden_continuous_size': 103, 'attention_head_size': 1, 'learning_rate': 0.03342505093660409}. Best is trial 10 with value: 0.10686475038528442.
LOCAL_RANK: 0 - CUDA_VISIBLE_DEVICES: [0]
[I 2023-11-29 21:48:00,975] Trial 14 finished with value: 0.1352659910917282 and parameters: {'gradient_clip_val': 0.10115379589187996, 'hidden_size': 146, 'dropout': 0.1724333815571297, 'hidden_continuous_size': 10, 'attention_head_size': 1, 'learning_rate': 0.010462964533303884}. Best is trial 10 with value: 0.10686475038528442.
LOCAL_RANK: 0 - CUDA_VISIBLE_DEVICES: [0]
[I 2023-11-29 21:48:14,420] Trial 15 finished with value: 0.25128963589668274 and parameters: {'gradient_clip_val': 0.21133026357289045, 'hidden_size': 98, 'dropout': 0.10248664854139472, 'hidden_continuous_size': 13, 'attention_head_size': 2, 'learning_rate': 0.036538706623423574}. Best is trial 10 with value: 0.10686475038528442.
LOCAL_RANK: 0 - CUDA_VISIBLE_DEVICES: [0]
[I 2023-11-29 21:48:27,423] Trial 16 finished with value: 0.47618091106414795 and parameters: {'gradient_clip_val': 0.13668570631459623, 'hidden_size': 59, 'dropout': 0.13853574644130262, 'hidden_continuous_size': 15, 'attention_head_size': 4, 'learning_rate': 0.004893498113150869}. Best is trial 10 with value: 0.10686475038528442.
LOCAL_RANK: 0 - CUDA_VISIBLE_DEVICES: [0]
[I 2023-11-29 21:48:40,776] Trial 17 finished with value: 0.20918850600719452 and parameters: {'gradient_clip_val': 0.13836896454627493, 'hidden_size': 87, 'dropout': 0.19480051634123957, 'hidden_continuous_size': 22, 'attention_head_size': 1, 'learning_rate': 0.010504877066523262}. Best is trial 10 with value: 0.10686475038528442.
LOCAL_RANK: 0 - CUDA_VISIBLE_DEVICES: [0]
[I 2023-11-29 21:48:54,695] Trial 18 finished with value: 0.08766483515501022 and parameters: {'gradient_clip_val': 0.2205856583203934, 'hidden_size': 107, 'dropout': 0.2155226605383772, 'hidden_continuous_size': 44, 'attention_head_size': 2, 'learning_rate': 0.022271156230175806}. Best is trial 18 with value: 0.08766483515501022.
LOCAL_RANK: 0 - CUDA_VISIBLE_DEVICES: [0]
[I 2023-11-29 21:49:08,765] Trial 19 finished with value: 0.11496337503194809 and parameters: {'gradient_clip_val': 0.38451828172455904, 'hidden_size': 110, 'dropout': 0.20220703407922444, 'hidden_continuous_size': 44, 'attention_head_size': 3, 'learning_rate': 0.027821564847709354}. Best is trial 18 with value: 0.08766483515501022.
LOCAL_RANK: 0 - CUDA_VISIBLE_DEVICES: [0]
[I 2023-11-29 21:49:22,835] Trial 20 finished with value: 0.14337784051895142 and parameters: {'gradient_clip_val': 0.2249688048849669, 'hidden_size': 146, 'dropout': 0.2241979126535635, 'hidden_continuous_size': 49, 'attention_head_size': 1, 'learning_rate': 0.05925848852114517}. Best is trial 18 with value: 0.08766483515501022.
LOCAL_RANK: 0 - CUDA_VISIBLE_DEVICES: [0]
[I 2023-11-29 21:49:36,596] Trial 21 finished with value: 0.12855271995067596 and parameters: {'gradient_clip_val': 0.3500048488149478, 'hidden_size': 110, 'dropout': 0.2217632986842197, 'hidden_continuous_size': 48, 'attention_head_size': 3, 'learning_rate': 0.02552694907030031}. Best is trial 18 with value: 0.08766483515501022.
LOCAL_RANK: 0 - CUDA_VISIBLE_DEVICES: [0]
[I 2023-11-29 21:49:50,556] Trial 22 finished with value: 0.14771056175231934 and parameters: {'gradient_clip_val': 0.44941978132301047, 'hidden_size': 114, 'dropout': 0.17713915143283443, 'hidden_continuous_size': 45, 'attention_head_size': 3, 'learning_rate': 0.04889308739266555}. Best is trial 18 with value: 0.08766483515501022.
LOCAL_RANK: 0 - CUDA_VISIBLE_DEVICES: [0]
[I 2023-11-29 21:50:04,360] Trial 23 finished with value: 0.1303684562444687 and parameters: {'gradient_clip_val': 0.40898588883999787, 'hidden_size': 89, 'dropout': 0.292290645074301, 'hidden_continuous_size': 40, 'attention_head_size': 4, 'learning_rate': 0.023629740155122033}. Best is trial 18 with value: 0.08766483515501022.
LOCAL_RANK: 0 - CUDA_VISIBLE_DEVICES: [0]
[I 2023-11-29 21:50:18,495] Trial 24 finished with value: 0.14005641639232635 and parameters: {'gradient_clip_val': 0.24473628307620526, 'hidden_size': 122, 'dropout': 0.23088341490642983, 'hidden_continuous_size': 56, 'attention_head_size': 3, 'learning_rate': 0.02901065353920558}. Best is trial 18 with value: 0.08766483515501022.
LOCAL_RANK: 0 - CUDA_VISIBLE_DEVICES: [0]
[I 2023-11-29 21:50:32,213] Trial 25 finished with value: 0.2218836098909378 and parameters: {'gradient_clip_val': 0.2000328081749076, 'hidden_size': 91, 'dropout': 0.18860329084614766, 'hidden_continuous_size': 40, 'attention_head_size': 2, 'learning_rate': 0.013078312479965987}. Best is trial 18 with value: 0.08766483515501022.
LOCAL_RANK: 0 - CUDA_VISIBLE_DEVICES: [0]
[I 2023-11-29 21:50:46,195] Trial 26 finished with value: 0.09960498660802841 and parameters: {'gradient_clip_val': 0.25933289825794953, 'hidden_size': 119, 'dropout': 0.21202261584952822, 'hidden_continuous_size': 62, 'attention_head_size': 3, 'learning_rate': 0.04716400177385656}. Best is trial 18 with value: 0.08766483515501022.
LOCAL_RANK: 0 - CUDA_VISIBLE_DEVICES: [0]
[I 2023-11-29 21:51:00,331] Trial 27 finished with value: 0.16679747402668 and parameters: {'gradient_clip_val': 0.2437389571071044, 'hidden_size': 125, 'dropout': 0.23554892466522911, 'hidden_continuous_size': 86, 'attention_head_size': 2, 'learning_rate': 0.053075001437774244}. Best is trial 18 with value: 0.08766483515501022.
LOCAL_RANK: 0 - CUDA_VISIBLE_DEVICES: [0]
[I 2023-11-29 21:51:14,253] Trial 28 finished with value: 0.12115713208913803 and parameters: {'gradient_clip_val': 0.2767344193781583, 'hidden_size': 90, 'dropout': 0.1614847559791533, 'hidden_continuous_size': 59, 'attention_head_size': 4, 'learning_rate': 0.042150574745140015}. Best is trial 18 with value: 0.08766483515501022.
LOCAL_RANK: 0 - CUDA_VISIBLE_DEVICES: [0]
[I 2023-11-29 21:51:27,277] Trial 29 finished with value: 0.12518203258514404 and parameters: {'gradient_clip_val': 0.2893013715579326, 'hidden_size': 56, 'dropout': 0.20041545816729717, 'hidden_continuous_size': 37, 'attention_head_size': 2, 'learning_rate': 0.09615302078523603}. Best is trial 18 with value: 0.08766483515501022.
LOCAL_RANK: 0 - CUDA_VISIBLE_DEVICES: [0]
[I 2023-11-29 21:51:37,720] Trial 30 finished with value: 0.3945976793766022 and parameters: {'gradient_clip_val': 0.19968958380457513, 'hidden_size': 10, 'dropout': 0.21652023427663059, 'hidden_continuous_size': 10, 'attention_head_size': 2, 'learning_rate': 0.049737138809271234}. Best is trial 18 with value: 0.08766483515501022.
LOCAL_RANK: 0 - CUDA_VISIBLE_DEVICES: [0]
[I 2023-11-29 21:51:51,799] Trial 31 finished with value: 0.20539331436157227 and parameters: {'gradient_clip_val': 0.369465959070241, 'hidden_size': 120, 'dropout': 0.20374882670194758, 'hidden_continuous_size': 60, 'attention_head_size': 3, 'learning_rate': 0.026446327189263055}. Best is trial 18 with value: 0.08766483515501022.
LOCAL_RANK: 0 - CUDA_VISIBLE_DEVICES: [0]
[I 2023-11-29 21:52:06,247] Trial 32 finished with value: 0.17680762708187103 and parameters: {'gradient_clip_val': 0.29441641031309523, 'hidden_size': 148, 'dropout': 0.1990759892383851, 'hidden_continuous_size': 77, 'attention_head_size': 3, 'learning_rate': 0.021943386877130294}. Best is trial 18 with value: 0.08766483515501022.
LOCAL_RANK: 0 - CUDA_VISIBLE_DEVICES: [0]
[I 2023-11-29 21:52:20,278] Trial 33 finished with value: 0.16836746037006378 and parameters: {'gradient_clip_val': 0.2284110403036057, 'hidden_size': 121, 'dropout': 0.1649424465182173, 'hidden_continuous_size': 52, 'attention_head_size': 3, 'learning_rate': 0.06648973956561306}. Best is trial 18 with value: 0.08766483515501022.
LOCAL_RANK: 0 - CUDA_VISIBLE_DEVICES: [0]
[I 2023-11-29 21:52:33,818] Trial 34 finished with value: 0.184732124209404 and parameters: {'gradient_clip_val': 0.33107664563985273, 'hidden_size': 77, 'dropout': 0.12513434901465514, 'hidden_continuous_size': 43, 'attention_head_size': 3, 'learning_rate': 0.03461879421532332}. Best is trial 18 with value: 0.08766483515501022.
LOCAL_RANK: 0 - CUDA_VISIBLE_DEVICES: [0]
[I 2023-11-29 21:52:47,812] Trial 35 finished with value: 0.10670819878578186 and parameters: {'gradient_clip_val': 0.4383371091491257, 'hidden_size': 104, 'dropout': 0.12042579211014921, 'hidden_continuous_size': 61, 'attention_head_size': 4, 'learning_rate': 0.029188664445681183}. Best is trial 18 with value: 0.08766483515501022.
LOCAL_RANK: 0 - CUDA_VISIBLE_DEVICES: [0]
[I 2023-11-29 21:53:01,386] Trial 36 finished with value: 0.12587149441242218 and parameters: {'gradient_clip_val': 0.4886402856216155, 'hidden_size': 66, 'dropout': 0.1074264002358194, 'hidden_continuous_size': 52, 'attention_head_size': 4, 'learning_rate': 0.07532709212071861}. Best is trial 18 with value: 0.08766483515501022.
LOCAL_RANK: 0 - CUDA_VISIBLE_DEVICES: [0]
[I 2023-11-29 21:53:15,440] Trial 37 finished with value: 0.11445819586515427 and parameters: {'gradient_clip_val': 0.5584357796874988, 'hidden_size': 97, 'dropout': 0.12356672280893698, 'hidden_continuous_size': 65, 'attention_head_size': 4, 'learning_rate': 0.020569375386197544}. Best is trial 18 with value: 0.08766483515501022.
LOCAL_RANK: 0 - CUDA_VISIBLE_DEVICES: [0]
[I 2023-11-29 21:53:28,050] Trial 38 finished with value: 0.11952388286590576 and parameters: {'gradient_clip_val': 0.2678242782706289, 'hidden_size': 27, 'dropout': 0.12127344171617797, 'hidden_continuous_size': 24, 'attention_head_size': 4, 'learning_rate': 0.04350406769306842}. Best is trial 18 with value: 0.08766483515501022.
LOCAL_RANK: 0 - CUDA_VISIBLE_DEVICES: [0]
[I 2023-11-29 21:53:41,906] Trial 39 finished with value: 0.12792833149433136 and parameters: {'gradient_clip_val': 0.3210245893045122, 'hidden_size': 81, 'dropout': 0.15931749233222722, 'hidden_continuous_size': 58, 'attention_head_size': 4, 'learning_rate': 0.014577483461175812}. Best is trial 18 with value: 0.08766483515501022.
LOCAL_RANK: 0 - CUDA_VISIBLE_DEVICES: [0]
[I 2023-11-29 21:53:55,678] Trial 40 finished with value: 0.4575735032558441 and parameters: {'gradient_clip_val': 0.15800520460983547, 'hidden_size': 98, 'dropout': 0.18469274467740693, 'hidden_continuous_size': 30, 'attention_head_size': 2, 'learning_rate': 0.06876090953213741}. Best is trial 18 with value: 0.08766483515501022.
LOCAL_RANK: 0 - CUDA_VISIBLE_DEVICES: [0]
[I 2023-11-29 21:54:10,071] Trial 41 finished with value: 0.22536270320415497 and parameters: {'gradient_clip_val': 0.6089295878473515, 'hidden_size': 132, 'dropout': 0.12232779043007776, 'hidden_continuous_size': 66, 'attention_head_size': 4, 'learning_rate': 0.021423799588651482}. Best is trial 18 with value: 0.08766483515501022.
LOCAL_RANK: 0 - CUDA_VISIBLE_DEVICES: [0]
[I 2023-11-29 21:54:23,881] Trial 42 finished with value: 0.705213725566864 and parameters: {'gradient_clip_val': 0.5266711370970675, 'hidden_size': 99, 'dropout': 0.14404168342999268, 'hidden_continuous_size': 64, 'attention_head_size': 4, 'learning_rate': 0.019176342920030846}. Best is trial 18 with value: 0.08766483515501022.
LOCAL_RANK: 0 - CUDA_VISIBLE_DEVICES: [0]
[I 2023-11-29 21:54:38,286] Trial 43 finished with value: 0.1852066069841385 and parameters: {'gradient_clip_val': 0.6301218776213705, 'hidden_size': 125, 'dropout': 0.12704876207728302, 'hidden_continuous_size': 77, 'attention_head_size': 4, 'learning_rate': 0.031543866081472825}. Best is trial 18 with value: 0.08766483515501022.
LOCAL_RANK: 0 - CUDA_VISIBLE_DEVICES: [0]
[I 2023-11-29 21:54:52,275] Trial 44 finished with value: 0.12602120637893677 and parameters: {'gradient_clip_val': 0.11802756916099237, 'hidden_size': 71, 'dropout': 0.1512674215219965, 'hidden_continuous_size': 55, 'attention_head_size': 4, 'learning_rate': 0.017683738123889365}. Best is trial 18 with value: 0.08766483515501022.
LOCAL_RANK: 0 - CUDA_VISIBLE_DEVICES: [0]
[I 2023-11-29 21:55:06,056] Trial 45 finished with value: 0.12386015802621841 and parameters: {'gradient_clip_val': 0.30347638751069933, 'hidden_size': 101, 'dropout': 0.10033255122864504, 'hidden_continuous_size': 62, 'attention_head_size': 1, 'learning_rate': 0.012689941555822185}. Best is trial 18 with value: 0.08766483515501022.
LOCAL_RANK: 0 - CUDA_VISIBLE_DEVICES: [0]
[I 2023-11-29 21:55:19,776] Trial 46 finished with value: 0.10472724586725235 and parameters: {'gradient_clip_val': 0.1911137891517745, 'hidden_size': 84, 'dropout': 0.1124872256009207, 'hidden_continuous_size': 53, 'attention_head_size': 3, 'learning_rate': 0.04003063478897919}. Best is trial 18 with value: 0.08766483515501022.
LOCAL_RANK: 0 - CUDA_VISIBLE_DEVICES: [0]
[I 2023-11-29 21:55:34,296] Trial 47 finished with value: 0.08031192421913147 and parameters: {'gradient_clip_val': 0.18879623943215476, 'hidden_size': 139, 'dropout': 0.1722432443249735, 'hidden_continuous_size': 96, 'attention_head_size': 3, 'learning_rate': 0.03963001496422579}. Best is trial 47 with value: 0.08031192421913147.
LOCAL_RANK: 0 - CUDA_VISIBLE_DEVICES: [0]
[I 2023-11-29 21:55:48,054] Trial 48 finished with value: 0.23803408443927765 and parameters: {'gradient_clip_val': 0.20259850636800872, 'hidden_size': 82, 'dropout': 0.1726618949660349, 'hidden_continuous_size': 51, 'attention_head_size': 3, 'learning_rate': 0.03951021264500514}. Best is trial 47 with value: 0.08031192421913147.
LOCAL_RANK: 0 - CUDA_VISIBLE_DEVICES: [0]
[I 2023-11-29 21:56:02,298] Trial 49 finished with value: 0.32614636421203613 and parameters: {'gradient_clip_val': 0.15499984565554695, 'hidden_size': 132, 'dropout': 0.1785792478922734, 'hidden_continuous_size': 115, 'attention_head_size': 3, 'learning_rate': 0.061332423114267086}. Best is trial 47 with value: 0.08031192421913147.
LOCAL_RANK: 0 - CUDA_VISIBLE_DEVICES: [0]
[I 2023-11-29 21:56:16,512] Trial 50 finished with value: 0.1187499538064003 and parameters: {'gradient_clip_val': 0.1861608145356034, 'hidden_size': 110, 'dropout': 0.21174102460282457, 'hidden_continuous_size': 82, 'attention_head_size': 2, 'learning_rate': 0.03195241902819213}. Best is trial 47 with value: 0.08031192421913147.
LOCAL_RANK: 0 - CUDA_VISIBLE_DEVICES: [0]
[I 2023-11-29 21:56:27,730] Trial 51 finished with value: 0.22593756020069122 and parameters: {'gradient_clip_val': 0.22520716195738616, 'hidden_size': 135, 'dropout': 0.11286671262369292, 'hidden_continuous_size': 135, 'attention_head_size': 3, 'learning_rate': 0.03838856461675367}. Best is trial 47 with value: 0.08031192421913147.
LOCAL_RANK: 0 - CUDA_VISIBLE_DEVICES: [0]
[I 2023-11-29 21:56:42,585] Trial 52 finished with value: 0.14896240830421448 and parameters: {'gradient_clip_val': 0.19040700159963422, 'hidden_size': 150, 'dropout': 0.1336580703573061, 'hidden_continuous_size': 95, 'attention_head_size': 3, 'learning_rate': 0.025582925998223212}. Best is trial 47 with value: 0.08031192421913147.
LOCAL_RANK: 0 - CUDA_VISIBLE_DEVICES: [0]
[I 2023-11-29 21:56:56,386] Trial 53 finished with value: 0.19832904636859894 and parameters: {'gradient_clip_val': 0.17852809304866935, 'hidden_size': 112, 'dropout': 0.11439184822952048, 'hidden_continuous_size': 71, 'attention_head_size': 1, 'learning_rate': 0.030511541825178505}. Best is trial 47 with value: 0.08031192421913147.
LOCAL_RANK: 0 - CUDA_VISIBLE_DEVICES: [0]
[I 2023-11-29 21:57:10,850] Trial 54 finished with value: 0.2548491954803467 and parameters: {'gradient_clip_val': 0.21450104880391854, 'hidden_size': 134, 'dropout': 0.13866405183956618, 'hidden_continuous_size': 75, 'attention_head_size': 3, 'learning_rate': 0.044491674585484295}. Best is trial 47 with value: 0.08031192421913147.
LOCAL_RANK: 0 - CUDA_VISIBLE_DEVICES: [0]
[I 2023-11-29 21:57:25,166] Trial 55 finished with value: 0.15199792385101318 and parameters: {'gradient_clip_val': 0.2564111019449067, 'hidden_size': 109, 'dropout': 0.15502397639004667, 'hidden_continuous_size': 69, 'attention_head_size': 3, 'learning_rate': 0.05299073718678658}. Best is trial 47 with value: 0.08031192421913147.
LOCAL_RANK: 0 - CUDA_VISIBLE_DEVICES: [0]
[I 2023-11-29 21:57:39,092] Trial 56 finished with value: 0.1800549030303955 and parameters: {'gradient_clip_val': 0.17018637384618004, 'hidden_size': 120, 'dropout': 0.11199210636182134, 'hidden_continuous_size': 48, 'attention_head_size': 2, 'learning_rate': 0.03730333907403278}. Best is trial 47 with value: 0.08031192421913147.
LOCAL_RANK: 0 - CUDA_VISIBLE_DEVICES: [0]
[I 2023-11-29 21:57:53,119] Trial 57 finished with value: 0.08119741082191467 and parameters: {'gradient_clip_val': 0.2382527585612662, 'hidden_size': 89, 'dropout': 0.147906902170758, 'hidden_continuous_size': 55, 'attention_head_size': 3, 'learning_rate': 0.024365633509016743}. Best is trial 47 with value: 0.08031192421913147.
LOCAL_RANK: 0 - CUDA_VISIBLE_DEVICES: [0]
[I 2023-11-29 21:58:06,778] Trial 58 finished with value: 0.11882869154214859 and parameters: {'gradient_clip_val': 0.23800607933033713, 'hidden_size': 89, 'dropout': 0.14744013867641237, 'hidden_continuous_size': 57, 'attention_head_size': 3, 'learning_rate': 0.025115529261645127}. Best is trial 47 with value: 0.08031192421913147.
LOCAL_RANK: 0 - CUDA_VISIBLE_DEVICES: [0]
[I 2023-11-29 21:58:20,451] Trial 59 finished with value: 0.195675328373909 and parameters: {'gradient_clip_val': 0.2538144238654724, 'hidden_size': 72, 'dropout': 0.1916686111092431, 'hidden_continuous_size': 54, 'attention_head_size': 3, 'learning_rate': 0.03351234163812945}. Best is trial 47 with value: 0.08031192421913147.
LOCAL_RANK: 0 - CUDA_VISIBLE_DEVICES: [0]
[I 2023-11-29 21:58:34,564] Trial 60 finished with value: 0.22951161861419678 and parameters: {'gradient_clip_val': 0.21676091596026137, 'hidden_size': 105, 'dropout': 0.17064181382632115, 'hidden_continuous_size': 47, 'attention_head_size': 3, 'learning_rate': 0.07771267197297739}. Best is trial 47 with value: 0.08031192421913147.
LOCAL_RANK: 0 - CUDA_VISIBLE_DEVICES: [0]
[I 2023-11-29 21:58:48,811] Trial 61 finished with value: 0.13940636813640594 and parameters: {'gradient_clip_val': 0.21084508722237136, 'hidden_size': 137, 'dropout': 0.10058705474077323, 'hidden_continuous_size': 62, 'attention_head_size': 3, 'learning_rate': 0.02251755686125969}. Best is trial 47 with value: 0.08031192421913147.
LOCAL_RANK: 0 - CUDA_VISIBLE_DEVICES: [0]
[I 2023-11-29 21:59:02,923] Trial 62 finished with value: 0.1738177090883255 and parameters: {'gradient_clip_val': 0.26822300530034693, 'hidden_size': 150, 'dropout': 0.13425775723435338, 'hidden_continuous_size': 34, 'attention_head_size': 1, 'learning_rate': 0.01858191684268009}. Best is trial 47 with value: 0.08031192421913147.
LOCAL_RANK: 0 - CUDA_VISIBLE_DEVICES: [0]
[I 2023-11-29 21:59:17,031] Trial 63 finished with value: 0.15639525651931763 and parameters: {'gradient_clip_val': 0.1896074931259707, 'hidden_size': 94, 'dropout': 0.14158437435035934, 'hidden_continuous_size': 69, 'attention_head_size': 2, 'learning_rate': 0.028819765262262664}. Best is trial 47 with value: 0.08031192421913147.
LOCAL_RANK: 0 - CUDA_VISIBLE_DEVICES: [0]
[I 2023-11-29 21:59:30,671] Trial 64 finished with value: 0.11245933920145035 and parameters: {'gradient_clip_val': 0.2354620758957459, 'hidden_size': 84, 'dropout': 0.15877936110712704, 'hidden_continuous_size': 61, 'attention_head_size': 3, 'learning_rate': 0.04800557313545897}. Best is trial 47 with value: 0.08031192421913147.
LOCAL_RANK: 0 - CUDA_VISIBLE_DEVICES: [0]
[I 2023-11-29 21:59:44,545] Trial 65 finished with value: 0.09268144518136978 and parameters: {'gradient_clip_val': 0.28153589954561103, 'hidden_size': 116, 'dropout': 0.13253500986852754, 'hidden_continuous_size': 42, 'attention_head_size': 2, 'learning_rate': 0.01564074336684475}. Best is trial 47 with value: 0.08031192421913147.
LOCAL_RANK: 0 - CUDA_VISIBLE_DEVICES: [0]
[I 2023-11-29 21:59:58,197] Trial 66 finished with value: 0.10559570044279099 and parameters: {'gradient_clip_val': 0.27762722143950186, 'hidden_size': 104, 'dropout': 0.1511984951465124, 'hidden_continuous_size': 42, 'attention_head_size': 2, 'learning_rate': 0.015388394837188008}. Best is trial 47 with value: 0.08031192421913147.
LOCAL_RANK: 0 - CUDA_VISIBLE_DEVICES: [0]
[I 2023-11-29 22:00:12,079] Trial 67 finished with value: 0.1207781657576561 and parameters: {'gradient_clip_val': 0.27288857890994805, 'hidden_size': 118, 'dropout': 0.18608925881551008, 'hidden_continuous_size': 41, 'attention_head_size': 2, 'learning_rate': 0.01627985141305673}. Best is trial 47 with value: 0.08031192421913147.
LOCAL_RANK: 0 - CUDA_VISIBLE_DEVICES: [0]
[I 2023-11-29 22:00:25,873] Trial 68 finished with value: 0.15117661654949188 and parameters: {'gradient_clip_val': 0.29180397507097794, 'hidden_size': 92, 'dropout': 0.16470568671722952, 'hidden_continuous_size': 46, 'attention_head_size': 2, 'learning_rate': 0.015559946438224616}. Best is trial 47 with value: 0.08031192421913147.
LOCAL_RANK: 0 - CUDA_VISIBLE_DEVICES: [0]
[I 2023-11-29 22:00:39,530] Trial 69 finished with value: 0.16958127915859222 and parameters: {'gradient_clip_val': 0.25452180349954523, 'hidden_size': 77, 'dropout': 0.1534930948585892, 'hidden_continuous_size': 49, 'attention_head_size': 2, 'learning_rate': 0.009270705906441324}. Best is trial 47 with value: 0.08031192421913147.
LOCAL_RANK: 0 - CUDA_VISIBLE_DEVICES: [0]
