[I 2023-11-30 06:37:22,783] Trial 32 finished with value: 0.17514248192310333 and parameters: {'gradient_clip_val': 0.4938659433676548, 'hidden_size': 22, 'dropout': 0.25263094429321536, 'hidden_continuous_size': 16, 'attention_head_size': 3, 'learning_rate': 0.07500463241468976}. Best is trial 19 with value: 0.09808225184679031.
LOCAL_RANK: 0 - CUDA_VISIBLE_DEVICES: [0]
[I 2023-11-30 06:37:35,234] Trial 33 finished with value: 0.15141117572784424 and parameters: {'gradient_clip_val': 0.6021706230563982, 'hidden_size': 30, 'dropout': 0.19076178361451157, 'hidden_continuous_size': 17, 'attention_head_size': 3, 'learning_rate': 0.05665121440020285}. Best is trial 19 with value: 0.09808225184679031.
LOCAL_RANK: 0 - CUDA_VISIBLE_DEVICES: [0]
[I 2023-11-30 06:37:47,648] Trial 34 finished with value: 0.11578061431646347 and parameters: {'gradient_clip_val': 0.36835461884960413, 'hidden_size': 38, 'dropout': 0.22559920250709714, 'hidden_continuous_size': 21, 'attention_head_size': 2, 'learning_rate': 0.09802770849454681}. Best is trial 19 with value: 0.09808225184679031.
LOCAL_RANK: 0 - CUDA_VISIBLE_DEVICES: [0]
[I 2023-11-30 06:38:00,105] Trial 35 finished with value: 0.13089826703071594 and parameters: {'gradient_clip_val': 0.4159617521598364, 'hidden_size': 18, 'dropout': 0.16383498074263494, 'hidden_continuous_size': 14, 'attention_head_size': 4, 'learning_rate': 0.07592253354244068}. Best is trial 19 with value: 0.09808225184679031.
LOCAL_RANK: 0 - CUDA_VISIBLE_DEVICES: [0]
[I 2023-11-30 06:38:12,293] Trial 36 finished with value: 0.14910463988780975 and parameters: {'gradient_clip_val': 0.46942000330353223, 'hidden_size': 23, 'dropout': 0.25509357982385805, 'hidden_continuous_size': 15, 'attention_head_size': 3, 'learning_rate': 0.04614270537366944}. Best is trial 19 with value: 0.09808225184679031.
LOCAL_RANK: 0 - CUDA_VISIBLE_DEVICES: [0]
[I 2023-11-30 06:38:24,969] Trial 37 finished with value: 0.2603362500667572 and parameters: {'gradient_clip_val': 0.6092196837232196, 'hidden_size': 45, 'dropout': 0.19851341000896586, 'hidden_continuous_size': 18, 'attention_head_size': 1, 'learning_rate': 0.033983681050131956}. Best is trial 19 with value: 0.09808225184679031.
LOCAL_RANK: 0 - CUDA_VISIBLE_DEVICES: [0]
[I 2023-11-30 06:38:38,395] Trial 38 finished with value: 0.20201770961284637 and parameters: {'gradient_clip_val': 0.2921217700357386, 'hidden_size': 72, 'dropout': 0.13651014407397138, 'hidden_continuous_size': 47, 'attention_head_size': 2, 'learning_rate': 0.051255632098002796}. Best is trial 19 with value: 0.09808225184679031.
LOCAL_RANK: 0 - CUDA_VISIBLE_DEVICES: [0]
[I 2023-11-30 06:38:50,410] Trial 39 finished with value: 0.2630881369113922 and parameters: {'gradient_clip_val': 0.3883406577275639, 'hidden_size': 16, 'dropout': 0.16107936602630635, 'hidden_continuous_size': 13, 'attention_head_size': 4, 'learning_rate': 0.026297611697807304}. Best is trial 19 with value: 0.09808225184679031.
LOCAL_RANK: 0 - CUDA_VISIBLE_DEVICES: [0]
[I 2023-11-30 06:39:02,780] Trial 40 finished with value: 0.1098509430885315 and parameters: {'gradient_clip_val': 0.33193337856252986, 'hidden_size': 27, 'dropout': 0.18437085735658232, 'hidden_continuous_size': 15, 'attention_head_size': 2, 'learning_rate': 0.07470900017179222}. Best is trial 19 with value: 0.09808225184679031.
LOCAL_RANK: 0 - CUDA_VISIBLE_DEVICES: [0]
[I 2023-11-30 06:39:14,768] Trial 41 finished with value: 0.18533869087696075 and parameters: {'gradient_clip_val': 0.3225834319530936, 'hidden_size': 20, 'dropout': 0.18475884122522418, 'hidden_continuous_size': 15, 'attention_head_size': 2, 'learning_rate': 0.07325551430786088}. Best is trial 19 with value: 0.09808225184679031.
LOCAL_RANK: 0 - CUDA_VISIBLE_DEVICES: [0]
[I 2023-11-30 06:39:26,797] Trial 42 finished with value: 0.09743929654359818 and parameters: {'gradient_clip_val': 0.42554228472677963, 'hidden_size': 28, 'dropout': 0.20688781576530513, 'hidden_continuous_size': 16, 'attention_head_size': 2, 'learning_rate': 0.04871227682122754}. Best is trial 42 with value: 0.09743929654359818.
LOCAL_RANK: 0 - CUDA_VISIBLE_DEVICES: [0]
[I 2023-11-30 06:39:38,725] Trial 43 finished with value: 0.12442582100629807 and parameters: {'gradient_clip_val': 0.2733583765107994, 'hidden_size': 28, 'dropout': 0.1798439330260862, 'hidden_continuous_size': 16, 'attention_head_size': 2, 'learning_rate': 0.05210442156685359}. Best is trial 42 with value: 0.09743929654359818.
LOCAL_RANK: 0 - CUDA_VISIBLE_DEVICES: [0]
[I 2023-11-30 06:39:50,624] Trial 44 finished with value: 0.2178734987974167 and parameters: {'gradient_clip_val': 0.4183238112036619, 'hidden_size': 24, 'dropout': 0.20799458895665038, 'hidden_continuous_size': 14, 'attention_head_size': 2, 'learning_rate': 0.0804144624539721}. Best is trial 42 with value: 0.09743929654359818.
LOCAL_RANK: 0 - CUDA_VISIBLE_DEVICES: [0]
[I 2023-11-30 06:40:02,673] Trial 45 finished with value: 0.12758322060108185 and parameters: {'gradient_clip_val': 0.3446788861830294, 'hidden_size': 20, 'dropout': 0.22157645040672852, 'hidden_continuous_size': 15, 'attention_head_size': 2, 'learning_rate': 0.045879781847039565}. Best is trial 42 with value: 0.09743929654359818.
LOCAL_RANK: 0 - CUDA_VISIBLE_DEVICES: [0]
[I 2023-11-30 06:40:14,649] Trial 46 finished with value: 0.2158886194229126 and parameters: {'gradient_clip_val': 0.39157606480212864, 'hidden_size': 13, 'dropout': 0.19350982276362083, 'hidden_continuous_size': 11, 'attention_head_size': 1, 'learning_rate': 0.057910029859823936}. Best is trial 42 with value: 0.09743929654359818.
LOCAL_RANK: 0 - CUDA_VISIBLE_DEVICES: [0]
[I 2023-11-30 06:40:26,962] Trial 47 finished with value: 0.12929628789424896 and parameters: {'gradient_clip_val': 0.30683080845068156, 'hidden_size': 30, 'dropout': 0.15663731043974347, 'hidden_continuous_size': 12, 'attention_head_size': 2, 'learning_rate': 0.0888834052392658}. Best is trial 42 with value: 0.09743929654359818.
LOCAL_RANK: 0 - CUDA_VISIBLE_DEVICES: [0]
[I 2023-11-30 06:40:38,964] Trial 48 finished with value: 0.11155679076910019 and parameters: {'gradient_clip_val': 0.4447026303406108, 'hidden_size': 25, 'dropout': 0.1735008930814437, 'hidden_continuous_size': 14, 'attention_head_size': 1, 'learning_rate': 0.07902886075862196}. Best is trial 42 with value: 0.09743929654359818.
LOCAL_RANK: 0 - CUDA_VISIBLE_DEVICES: [0]
[I 2023-11-30 06:40:51,026] Trial 49 finished with value: 0.277490496635437 and parameters: {'gradient_clip_val': 0.34823364610229646, 'hidden_size': 15, 'dropout': 0.13062458847263925, 'hidden_continuous_size': 11, 'attention_head_size': 2, 'learning_rate': 0.04018773371479509}. Best is trial 42 with value: 0.09743929654359818.
LOCAL_RANK: 0 - CUDA_VISIBLE_DEVICES: [0]
[I 2023-11-30 06:41:03,633] Trial 50 finished with value: 0.42213353514671326 and parameters: {'gradient_clip_val': 0.4983293488814782, 'hidden_size': 33, 'dropout': 0.20417474532703106, 'hidden_continuous_size': 16, 'attention_head_size': 2, 'learning_rate': 0.008035404342899228}. Best is trial 42 with value: 0.09743929654359818.
LOCAL_RANK: 0 - CUDA_VISIBLE_DEVICES: [0]
[I 2023-11-30 06:41:15,644] Trial 51 finished with value: 0.2310492843389511 and parameters: {'gradient_clip_val': 0.44759060814537227, 'hidden_size': 23, 'dropout': 0.1795487893049983, 'hidden_continuous_size': 14, 'attention_head_size': 1, 'learning_rate': 0.08009908544957631}. Best is trial 42 with value: 0.09743929654359818.
LOCAL_RANK: 0 - CUDA_VISIBLE_DEVICES: [0]
[I 2023-11-30 06:41:27,756] Trial 52 finished with value: 0.1465701162815094 and parameters: {'gradient_clip_val': 0.3908254973369802, 'hidden_size': 26, 'dropout': 0.16949919272231945, 'hidden_continuous_size': 14, 'attention_head_size': 1, 'learning_rate': 0.0988462038984564}. Best is trial 42 with value: 0.09743929654359818.
LOCAL_RANK: 0 - CUDA_VISIBLE_DEVICES: [0]
[I 2023-11-30 06:41:39,958] Trial 53 finished with value: 0.14295344054698944 and parameters: {'gradient_clip_val': 0.30041420481812575, 'hidden_size': 18, 'dropout': 0.2105561890078048, 'hidden_continuous_size': 13, 'attention_head_size': 1, 'learning_rate': 0.06339248949619308}. Best is trial 42 with value: 0.09743929654359818.
LOCAL_RANK: 0 - CUDA_VISIBLE_DEVICES: [0]
[I 2023-11-30 06:41:51,828] Trial 54 finished with value: 0.10467326641082764 and parameters: {'gradient_clip_val': 0.4248241745909769, 'hidden_size': 24, 'dropout': 0.1515367492184721, 'hidden_continuous_size': 16, 'attention_head_size': 1, 'learning_rate': 0.07990263233151593}. Best is trial 42 with value: 0.09743929654359818.
LOCAL_RANK: 0 - CUDA_VISIBLE_DEVICES: [0]
[I 2023-11-30 06:42:04,196] Trial 55 finished with value: 0.17614297568798065 and parameters: {'gradient_clip_val': 0.3529670194779607, 'hidden_size': 22, 'dropout': 0.15644483216191213, 'hidden_continuous_size': 16, 'attention_head_size': 2, 'learning_rate': 0.05083298963969822}. Best is trial 42 with value: 0.09743929654359818.
LOCAL_RANK: 0 - CUDA_VISIBLE_DEVICES: [0]
[I 2023-11-30 06:42:16,926] Trial 56 finished with value: 0.12987273931503296 and parameters: {'gradient_clip_val': 0.3820210565788263, 'hidden_size': 35, 'dropout': 0.14132754155803068, 'hidden_continuous_size': 17, 'attention_head_size': 1, 'learning_rate': 0.06327847376020178}. Best is trial 42 with value: 0.09743929654359818.
LOCAL_RANK: 0 - CUDA_VISIBLE_DEVICES: [0]
[I 2023-11-30 06:42:29,086] Trial 57 finished with value: 0.19369976222515106 and parameters: {'gradient_clip_val': 0.32907833770382994, 'hidden_size': 28, 'dropout': 0.1254943323365363, 'hidden_continuous_size': 17, 'attention_head_size': 2, 'learning_rate': 0.08233606005024306}. Best is trial 42 with value: 0.09743929654359818.
LOCAL_RANK: 0 - CUDA_VISIBLE_DEVICES: [0]
[I 2023-11-30 06:42:41,073] Trial 58 finished with value: 0.10145462304353714 and parameters: {'gradient_clip_val': 0.42969173475521966, 'hidden_size': 19, 'dropout': 0.189996591261583, 'hidden_continuous_size': 15, 'attention_head_size': 1, 'learning_rate': 0.08658416225347093}. Best is trial 42 with value: 0.09743929654359818.
LOCAL_RANK: 0 - CUDA_VISIBLE_DEVICES: [0]
[I 2023-11-30 06:42:52,940] Trial 59 finished with value: 0.1175970807671547 and parameters: {'gradient_clip_val': 0.5126924653588919, 'hidden_size': 19, 'dropout': 0.15187308959136164, 'hidden_continuous_size': 15, 'attention_head_size': 1, 'learning_rate': 0.09984199277731698}. Best is trial 42 with value: 0.09743929654359818.
LOCAL_RANK: 0 - CUDA_VISIBLE_DEVICES: [0]
[I 2023-11-30 06:43:05,200] Trial 60 finished with value: 0.3262890577316284 and parameters: {'gradient_clip_val': 0.41607291078056985, 'hidden_size': 21, 'dropout': 0.11624256358942082, 'hidden_continuous_size': 13, 'attention_head_size': 1, 'learning_rate': 0.0563832472303593}. Best is trial 42 with value: 0.09743929654359818.
LOCAL_RANK: 0 - CUDA_VISIBLE_DEVICES: [0]
[I 2023-11-30 06:43:16,985] Trial 61 finished with value: 0.1890760213136673 and parameters: {'gradient_clip_val': 0.47063680631717963, 'hidden_size': 24, 'dropout': 0.1880557010092815, 'hidden_continuous_size': 15, 'attention_head_size': 1, 'learning_rate': 0.08512337812748356}. Best is trial 42 with value: 0.09743929654359818.
LOCAL_RANK: 0 - CUDA_VISIBLE_DEVICES: [0]
[I 2023-11-30 06:43:29,299] Trial 62 finished with value: 0.17575983703136444 and parameters: {'gradient_clip_val': 0.44061710041797014, 'hidden_size': 31, 'dropout': 0.1998042037587667, 'hidden_continuous_size': 16, 'attention_head_size': 1, 'learning_rate': 0.06980757475443053}. Best is trial 42 with value: 0.09743929654359818.
LOCAL_RANK: 0 - CUDA_VISIBLE_DEVICES: [0]
[I 2023-11-30 06:43:41,436] Trial 63 finished with value: 0.1193770095705986 and parameters: {'gradient_clip_val': 0.38089351504738034, 'hidden_size': 27, 'dropout': 0.17528000639162036, 'hidden_continuous_size': 15, 'attention_head_size': 2, 'learning_rate': 0.08504663002850624}. Best is trial 42 with value: 0.09743929654359818.
LOCAL_RANK: 0 - CUDA_VISIBLE_DEVICES: [0]
[I 2023-11-30 06:43:53,367] Trial 64 finished with value: 0.09968272596597672 and parameters: {'gradient_clip_val': 0.34914918979315435, 'hidden_size': 22, 'dropout': 0.21535477136779352, 'hidden_continuous_size': 16, 'attention_head_size': 1, 'learning_rate': 0.06207880563816504}. Best is trial 42 with value: 0.09743929654359818.
LOCAL_RANK: 0 - CUDA_VISIBLE_DEVICES: [0]
[I 2023-11-30 06:44:05,630] Trial 65 finished with value: 0.16555915772914886 and parameters: {'gradient_clip_val': 0.4043182653927143, 'hidden_size': 17, 'dropout': 0.2185370456894336, 'hidden_continuous_size': 12, 'attention_head_size': 1, 'learning_rate': 0.04677373598954309}. Best is trial 42 with value: 0.09743929654359818.
LOCAL_RANK: 0 - CUDA_VISIBLE_DEVICES: [0]
[I 2023-11-30 06:44:17,640] Trial 66 finished with value: 0.21710024774074554 and parameters: {'gradient_clip_val': 0.36281181795086176, 'hidden_size': 21, 'dropout': 0.23318225178910446, 'hidden_continuous_size': 16, 'attention_head_size': 1, 'learning_rate': 0.06183502523710252}. Best is trial 42 with value: 0.09743929654359818.
LOCAL_RANK: 0 - CUDA_VISIBLE_DEVICES: [0]
[I 2023-11-30 06:44:29,757] Trial 67 finished with value: 0.14492271840572357 and parameters: {'gradient_clip_val': 0.4317452493292038, 'hidden_size': 25, 'dropout': 0.22847615906441093, 'hidden_continuous_size': 17, 'attention_head_size': 1, 'learning_rate': 0.055393826132355065}. Best is trial 42 with value: 0.09743929654359818.
LOCAL_RANK: 0 - CUDA_VISIBLE_DEVICES: [0]
[I 2023-11-30 06:44:41,659] Trial 68 finished with value: 0.142271026968956 and parameters: {'gradient_clip_val': 0.47343580123412005, 'hidden_size': 19, 'dropout': 0.217120865255419, 'hidden_continuous_size': 14, 'attention_head_size': 1, 'learning_rate': 0.06867157631213536}. Best is trial 42 with value: 0.09743929654359818.
LOCAL_RANK: 0 - CUDA_VISIBLE_DEVICES: [0]
[I 2023-11-30 06:44:53,817] Trial 69 finished with value: 0.24458245933055878 and parameters: {'gradient_clip_val': 0.5153228386619182, 'hidden_size': 23, 'dropout': 0.20984932149821753, 'hidden_continuous_size': 18, 'attention_head_size': 1, 'learning_rate': 0.08851313925000749}. Best is trial 42 with value: 0.09743929654359818.
LOCAL_RANK: 0 - CUDA_VISIBLE_DEVICES: [0]
[I 2023-11-30 06:45:06,235] Trial 70 finished with value: 0.17752432823181152 and parameters: {'gradient_clip_val': 0.5692835685241454, 'hidden_size': 31, 'dropout': 0.16768082761247305, 'hidden_continuous_size': 19, 'attention_head_size': 1, 'learning_rate': 0.042804870746975025}. Best is trial 42 with value: 0.09743929654359818.
LOCAL_RANK: 0 - CUDA_VISIBLE_DEVICES: [0]
[I 2023-11-30 06:45:18,290] Trial 71 finished with value: 0.1153016984462738 and parameters: {'gradient_clip_val': 0.33327818317616936, 'hidden_size': 28, 'dropout': 0.19527918463759497, 'hidden_continuous_size': 15, 'attention_head_size': 2, 'learning_rate': 0.07507974170875631}. Best is trial 42 with value: 0.09743929654359818.
LOCAL_RANK: 0 - CUDA_VISIBLE_DEVICES: [0]
[I 2023-11-30 06:45:30,603] Trial 72 finished with value: 0.16863436996936798 and parameters: {'gradient_clip_val': 0.3588481801726669, 'hidden_size': 26, 'dropout': 0.1859621435633849, 'hidden_continuous_size': 17, 'attention_head_size': 2, 'learning_rate': 0.06900045089755541}. Best is trial 42 with value: 0.09743929654359818.
LOCAL_RANK: 0 - CUDA_VISIBLE_DEVICES: [0]
[I 2023-11-30 06:45:42,547] Trial 73 finished with value: 0.13707906007766724 and parameters: {'gradient_clip_val': 0.41180806438959594, 'hidden_size': 21, 'dropout': 0.19732608527249132, 'hidden_continuous_size': 15, 'attention_head_size': 2, 'learning_rate': 0.08967716991339066}. Best is trial 42 with value: 0.09743929654359818.
LOCAL_RANK: 0 - CUDA_VISIBLE_DEVICES: [0]
[I 2023-11-30 06:45:54,760] Trial 74 finished with value: 0.15190726518630981 and parameters: {'gradient_clip_val': 0.32044727051129895, 'hidden_size': 29, 'dropout': 0.20632355342435188, 'hidden_continuous_size': 16, 'attention_head_size': 1, 'learning_rate': 0.09981334509087829}. Best is trial 42 with value: 0.09743929654359818.
LOCAL_RANK: 0 - CUDA_VISIBLE_DEVICES: [0]
[I 2023-11-30 06:46:07,611] Trial 75 finished with value: 0.11131107807159424 and parameters: {'gradient_clip_val': 0.3696853547510342, 'hidden_size': 35, 'dropout': 0.18253326463610178, 'hidden_continuous_size': 19, 'attention_head_size': 1, 'learning_rate': 0.05871555458238188}. Best is trial 42 with value: 0.09743929654359818.
LOCAL_RANK: 0 - CUDA_VISIBLE_DEVICES: [0]
[I 2023-11-30 06:46:19,713] Trial 76 finished with value: 0.12692300975322723 and parameters: {'gradient_clip_val': 0.27673122901532266, 'hidden_size': 23, 'dropout': 0.14691340376518372, 'hidden_continuous_size': 16, 'attention_head_size': 2, 'learning_rate': 0.0736275730295861}. Best is trial 42 with value: 0.09743929654359818.
LOCAL_RANK: 0 - CUDA_VISIBLE_DEVICES: [0]
[I 2023-11-30 06:46:32,017] Trial 77 finished with value: 0.08241305500268936 and parameters: {'gradient_clip_val': 0.4775233762537569, 'hidden_size': 32, 'dropout': 0.22545799302891184, 'hidden_continuous_size': 18, 'attention_head_size': 2, 'learning_rate': 0.05092652309963026}. Best is trial 77 with value: 0.08241305500268936.
LOCAL_RANK: 0 - CUDA_VISIBLE_DEVICES: [0]
[I 2023-11-30 06:46:44,450] Trial 78 finished with value: 0.1568293422460556 and parameters: {'gradient_clip_val': 0.48517164711969635, 'hidden_size': 33, 'dropout': 0.22930819819184456, 'hidden_continuous_size': 18, 'attention_head_size': 1, 'learning_rate': 0.03541173050748159}. Best is trial 77 with value: 0.08241305500268936.
LOCAL_RANK: 0 - CUDA_VISIBLE_DEVICES: [0]
[I 2023-11-30 06:46:57,005] Trial 79 finished with value: 0.1997097134590149 and parameters: {'gradient_clip_val': 0.45597982024604417, 'hidden_size': 41, 'dropout': 0.21505964783575998, 'hidden_continuous_size': 20, 'attention_head_size': 2, 'learning_rate': 0.04976352962374253}. Best is trial 77 with value: 0.08241305500268936.
LOCAL_RANK: 0 - CUDA_VISIBLE_DEVICES: [0]
[I 2023-11-30 06:47:09,473] Trial 80 finished with value: 0.13939818739891052 and parameters: {'gradient_clip_val': 0.4290894231210853, 'hidden_size': 25, 'dropout': 0.2399619161190834, 'hidden_continuous_size': 17, 'attention_head_size': 3, 'learning_rate': 0.05281358565981121}. Best is trial 77 with value: 0.08241305500268936.
LOCAL_RANK: 0 - CUDA_VISIBLE_DEVICES: [0]
[I 2023-11-30 06:47:21,969] Trial 81 finished with value: 0.28474655747413635 and parameters: {'gradient_clip_val': 0.3962832036703985, 'hidden_size': 30, 'dropout': 0.22382420478754714, 'hidden_continuous_size': 24, 'attention_head_size': 2, 'learning_rate': 0.08574069820071852}. Best is trial 77 with value: 0.08241305500268936.
LOCAL_RANK: 0 - CUDA_VISIBLE_DEVICES: [0]
[I 2023-11-30 06:47:34,229] Trial 82 finished with value: 0.14222373068332672 and parameters: {'gradient_clip_val': 0.3433333495726351, 'hidden_size': 27, 'dropout': 0.19063495159093796, 'hidden_continuous_size': 15, 'attention_head_size': 2, 'learning_rate': 0.06354042483339097}. Best is trial 77 with value: 0.08241305500268936.
LOCAL_RANK: 0 - CUDA_VISIBLE_DEVICES: [0]
[I 2023-11-30 06:47:46,659] Trial 83 finished with value: 0.08512622117996216 and parameters: {'gradient_clip_val': 0.5230909000121998, 'hidden_size': 35, 'dropout': 0.24655149944761445, 'hidden_continuous_size': 18, 'attention_head_size': 2, 'learning_rate': 0.07454212075027894}. Best is trial 77 with value: 0.08241305500268936.
LOCAL_RANK: 0 - CUDA_VISIBLE_DEVICES: [0]
[I 2023-11-30 06:47:59,249] Trial 84 finished with value: 0.14749716222286224 and parameters: {'gradient_clip_val': 0.5296850863744881, 'hidden_size': 37, 'dropout': 0.26315795712199885, 'hidden_continuous_size': 18, 'attention_head_size': 2, 'learning_rate': 0.06075352145787655}. Best is trial 77 with value: 0.08241305500268936.
LOCAL_RANK: 0 - CUDA_VISIBLE_DEVICES: [0]
[I 2023-11-30 06:48:11,693] Trial 85 finished with value: 0.11405075341463089 and parameters: {'gradient_clip_val': 0.48829077070923577, 'hidden_size': 32, 'dropout': 0.24264901253477736, 'hidden_continuous_size': 20, 'attention_head_size': 2, 'learning_rate': 0.04283583424540477}. Best is trial 77 with value: 0.08241305500268936.
LOCAL_RANK: 0 - CUDA_VISIBLE_DEVICES: [0]
[I 2023-11-30 06:48:24,151] Trial 86 finished with value: 0.24499504268169403 and parameters: {'gradient_clip_val': 0.5627712968753981, 'hidden_size': 35, 'dropout': 0.24697242752866788, 'hidden_continuous_size': 20, 'attention_head_size': 2, 'learning_rate': 0.09141082622416709}. Best is trial 77 with value: 0.08241305500268936.
LOCAL_RANK: 0 - CUDA_VISIBLE_DEVICES: [0]
[I 2023-11-30 06:48:36,542] Trial 87 finished with value: 0.14199374616146088 and parameters: {'gradient_clip_val': 0.4544638898977291, 'hidden_size': 41, 'dropout': 0.23391971929831676, 'hidden_continuous_size': 21, 'attention_head_size': 1, 'learning_rate': 0.07811895828085118}. Best is trial 77 with value: 0.08241305500268936.
LOCAL_RANK: 0 - CUDA_VISIBLE_DEVICES: [0]
[I 2023-11-30 06:48:48,909] Trial 88 finished with value: 0.1843278855085373 and parameters: {'gradient_clip_val': 0.4256860561997984, 'hidden_size': 30, 'dropout': 0.20230929746074344, 'hidden_continuous_size': 18, 'attention_head_size': 2, 'learning_rate': 0.0671559746729517}. Best is trial 77 with value: 0.08241305500268936.
LOCAL_RANK: 0 - CUDA_VISIBLE_DEVICES: [0]
[I 2023-11-30 06:49:01,045] Trial 89 finished with value: 0.18582598865032196 and parameters: {'gradient_clip_val': 0.5078054132923565, 'hidden_size': 22, 'dropout': 0.22154168161950263, 'hidden_continuous_size': 17, 'attention_head_size': 2, 'learning_rate': 0.04666050175576327}. Best is trial 77 with value: 0.08241305500268936.
LOCAL_RANK: 0 - CUDA_VISIBLE_DEVICES: [0]
