[I 2023-11-30 11:49:49,253] Trial 127 finished with value: 0.14401878416538239 and parameters: {'gradient_clip_val': 0.17388075639928194, 'hidden_size': 41, 'dropout': 0.2855279545543197, 'hidden_continuous_size': 25, 'attention_head_size': 3, 'learning_rate': 0.038711961952044904}. Best is trial 100 with value: 0.08364403247833252.
LOCAL_RANK: 0 - CUDA_VISIBLE_DEVICES: [0]
[I 2023-11-30 11:50:02,684] Trial 128 finished with value: 0.25662925839424133 and parameters: {'gradient_clip_val': 0.128292042703589, 'hidden_size': 80, 'dropout': 0.32011342970907297, 'hidden_continuous_size': 30, 'attention_head_size': 4, 'learning_rate': 0.07294629662003867}. Best is trial 100 with value: 0.08364403247833252.
LOCAL_RANK: 0 - CUDA_VISIBLE_DEVICES: [0]
[I 2023-11-30 11:50:15,435] Trial 129 finished with value: 0.1645967811346054 and parameters: {'gradient_clip_val': 0.1473706999607701, 'hidden_size': 39, 'dropout': 0.3326688192586145, 'hidden_continuous_size': 24, 'attention_head_size': 3, 'learning_rate': 0.057316113797395846}. Best is trial 100 with value: 0.08364403247833252.
LOCAL_RANK: 0 - CUDA_VISIBLE_DEVICES: [0]
[I 2023-11-30 11:50:29,839] Trial 130 finished with value: 0.26712390780448914 and parameters: {'gradient_clip_val': 0.18509702577401774, 'hidden_size': 150, 'dropout': 0.26681315338543465, 'hidden_continuous_size': 29, 'attention_head_size': 4, 'learning_rate': 0.09019814945772238}. Best is trial 100 with value: 0.08364403247833252.
LOCAL_RANK: 0 - CUDA_VISIBLE_DEVICES: [0]
[I 2023-11-30 11:50:42,335] Trial 131 finished with value: 0.12395063787698746 and parameters: {'gradient_clip_val': 0.1660878305179359, 'hidden_size': 32, 'dropout': 0.33727075646862864, 'hidden_continuous_size': 20, 'attention_head_size': 3, 'learning_rate': 0.07454010055721283}. Best is trial 100 with value: 0.08364403247833252.
LOCAL_RANK: 0 - CUDA_VISIBLE_DEVICES: [0]
[I 2023-11-30 11:50:54,838] Trial 132 finished with value: 0.14829190075397491 and parameters: {'gradient_clip_val': 0.13990701646948395, 'hidden_size': 32, 'dropout': 0.3431151006655049, 'hidden_continuous_size': 22, 'attention_head_size': 3, 'learning_rate': 0.06597442899239629}. Best is trial 100 with value: 0.08364403247833252.
LOCAL_RANK: 0 - CUDA_VISIBLE_DEVICES: [0]
[I 2023-11-30 11:51:07,267] Trial 133 finished with value: 0.1886986941099167 and parameters: {'gradient_clip_val': 0.16903640678778348, 'hidden_size': 30, 'dropout': 0.329165368927002, 'hidden_continuous_size': 10, 'attention_head_size': 3, 'learning_rate': 0.07645300022511597}. Best is trial 100 with value: 0.08364403247833252.
LOCAL_RANK: 0 - CUDA_VISIBLE_DEVICES: [0]
[I 2023-11-30 11:51:20,087] Trial 134 finished with value: 0.13795964419841766 and parameters: {'gradient_clip_val': 0.15225651218938163, 'hidden_size': 33, 'dropout': 0.36284662429647335, 'hidden_continuous_size': 20, 'attention_head_size': 3, 'learning_rate': 0.09067746744556986}. Best is trial 100 with value: 0.08364403247833252.
LOCAL_RANK: 0 - CUDA_VISIBLE_DEVICES: [0]
[I 2023-11-30 11:51:32,687] Trial 135 finished with value: 0.24445877969264984 and parameters: {'gradient_clip_val': 0.1575608446422986, 'hidden_size': 28, 'dropout': 0.31520800020278017, 'hidden_continuous_size': 23, 'attention_head_size': 3, 'learning_rate': 0.07994047447778377}. Best is trial 100 with value: 0.08364403247833252.
LOCAL_RANK: 0 - CUDA_VISIBLE_DEVICES: [0]
[I 2023-11-30 11:51:45,287] Trial 136 finished with value: 0.13678471744060516 and parameters: {'gradient_clip_val': 0.17716041212637207, 'hidden_size': 35, 'dropout': 0.2812029430942862, 'hidden_continuous_size': 19, 'attention_head_size': 3, 'learning_rate': 0.09999777239724657}. Best is trial 100 with value: 0.08364403247833252.
LOCAL_RANK: 0 - CUDA_VISIBLE_DEVICES: [0]
[I 2023-11-30 11:51:58,722] Trial 137 finished with value: 0.12338443845510483 and parameters: {'gradient_clip_val': 0.12503378479667476, 'hidden_size': 59, 'dropout': 0.2529765593819278, 'hidden_continuous_size': 27, 'attention_head_size': 3, 'learning_rate': 0.06932854174920451}. Best is trial 100 with value: 0.08364403247833252.
LOCAL_RANK: 0 - CUDA_VISIBLE_DEVICES: [0]
[I 2023-11-30 11:52:12,009] Trial 138 finished with value: 0.41324636340141296 and parameters: {'gradient_clip_val': 0.1339979747648174, 'hidden_size': 51, 'dropout': 0.2506505631323841, 'hidden_continuous_size': 27, 'attention_head_size': 4, 'learning_rate': 0.06199083008334036}. Best is trial 100 with value: 0.08364403247833252.
LOCAL_RANK: 0 - CUDA_VISIBLE_DEVICES: [0]
[I 2023-11-30 11:52:25,387] Trial 139 finished with value: 0.13108064234256744 and parameters: {'gradient_clip_val': 0.12256869473415778, 'hidden_size': 68, 'dropout': 0.2596238913084896, 'hidden_continuous_size': 27, 'attention_head_size': 3, 'learning_rate': 0.0438603475894484}. Best is trial 100 with value: 0.08364403247833252.
LOCAL_RANK: 0 - CUDA_VISIBLE_DEVICES: [0]
[I 2023-11-30 11:52:38,503] Trial 140 finished with value: 0.1702796369791031 and parameters: {'gradient_clip_val': 0.11692479807176377, 'hidden_size': 46, 'dropout': 0.29847465667078554, 'hidden_continuous_size': 26, 'attention_head_size': 4, 'learning_rate': 0.053391197549824285}. Best is trial 100 with value: 0.08364403247833252.
LOCAL_RANK: 0 - CUDA_VISIBLE_DEVICES: [0]
[I 2023-11-30 11:52:51,679] Trial 141 finished with value: 0.1087050661444664 and parameters: {'gradient_clip_val': 0.1925206633857785, 'hidden_size': 61, 'dropout': 0.27474783516209256, 'hidden_continuous_size': 21, 'attention_head_size': 3, 'learning_rate': 0.06974896544565826}. Best is trial 100 with value: 0.08364403247833252.
LOCAL_RANK: 0 - CUDA_VISIBLE_DEVICES: [0]
[I 2023-11-30 11:53:05,147] Trial 142 finished with value: 0.1408403068780899 and parameters: {'gradient_clip_val': 0.1918566380493253, 'hidden_size': 75, 'dropout': 0.2654305701668518, 'hidden_continuous_size': 28, 'attention_head_size': 3, 'learning_rate': 0.06785148854580476}. Best is trial 100 with value: 0.08364403247833252.
LOCAL_RANK: 0 - CUDA_VISIBLE_DEVICES: [0]
[I 2023-11-30 11:53:18,321] Trial 143 finished with value: 0.21587711572647095 and parameters: {'gradient_clip_val': 0.19948376254768155, 'hidden_size': 53, 'dropout': 0.2751236897103638, 'hidden_continuous_size': 21, 'attention_head_size': 3, 'learning_rate': 0.0894927724560289}. Best is trial 100 with value: 0.08364403247833252.
LOCAL_RANK: 0 - CUDA_VISIBLE_DEVICES: [0]
[I 2023-11-30 11:53:31,683] Trial 144 finished with value: 0.15582427382469177 and parameters: {'gradient_clip_val': 0.2335082995179602, 'hidden_size': 67, 'dropout': 0.25213837542132395, 'hidden_continuous_size': 25, 'attention_head_size': 3, 'learning_rate': 0.04921197386534325}. Best is trial 100 with value: 0.08364403247833252.
LOCAL_RANK: 0 - CUDA_VISIBLE_DEVICES: [0]
[I 2023-11-30 11:53:44,799] Trial 145 finished with value: 0.33061346411705017 and parameters: {'gradient_clip_val': 0.21289154129449098, 'hidden_size': 60, 'dropout': 0.2716836277451929, 'hidden_continuous_size': 22, 'attention_head_size': 3, 'learning_rate': 0.08377889123418068}. Best is trial 100 with value: 0.08364403247833252.
LOCAL_RANK: 0 - CUDA_VISIBLE_DEVICES: [0]
[I 2023-11-30 11:53:58,112] Trial 146 finished with value: 0.25239694118499756 and parameters: {'gradient_clip_val': 0.12626102617753412, 'hidden_size': 55, 'dropout': 0.2884969808914285, 'hidden_continuous_size': 24, 'attention_head_size': 3, 'learning_rate': 0.06939362540924397}. Best is trial 100 with value: 0.08364403247833252.
LOCAL_RANK: 0 - CUDA_VISIBLE_DEVICES: [0]
[I 2023-11-30 11:54:11,249] Trial 147 finished with value: 0.14574693143367767 and parameters: {'gradient_clip_val': 0.18091200128462265, 'hidden_size': 59, 'dropout': 0.27993529683791124, 'hidden_continuous_size': 23, 'attention_head_size': 3, 'learning_rate': 0.05972942549434134}. Best is trial 100 with value: 0.08364403247833252.
LOCAL_RANK: 0 - CUDA_VISIBLE_DEVICES: [0]
[I 2023-11-30 11:54:24,064] Trial 148 finished with value: 0.1261288970708847 and parameters: {'gradient_clip_val': 0.1417389071956969, 'hidden_size': 39, 'dropout': 0.2403757366853265, 'hidden_continuous_size': 11, 'attention_head_size': 4, 'learning_rate': 0.07925962538084104}. Best is trial 100 with value: 0.08364403247833252.
LOCAL_RANK: 0 - CUDA_VISIBLE_DEVICES: [0]
[I 2023-11-30 11:54:36,806] Trial 149 finished with value: 0.19280560314655304 and parameters: {'gradient_clip_val': 0.11023947041015414, 'hidden_size': 43, 'dropout': 0.1474914082597838, 'hidden_continuous_size': 22, 'attention_head_size': 2, 'learning_rate': 0.09130753492340779}. Best is trial 100 with value: 0.08364403247833252.
[I 2023-11-30 11:54:36,915] A new study created in memory with name: no-name-a1b8043b-e610-46d9-a002-55e651899155
/home/le004/conda/anaconda3/envs/tsff_env/lib/python3.9/site-packages/lightning/fabric/plugins/environments/slurm.py:191: The `srun` command is available on your system but is not used. HINT: If your intention is to run Lightning on SLURM, prepend your python command with `srun` like so: srun python /home/le004/master_thesis/git/TSFusionForecast/code/ ...
LOCAL_RANK: 0 - CUDA_VISIBLE_DEVICES: [0]
[I 2023-11-30 11:54:49,663] Trial 0 finished with value: 0.14826060831546783 and parameters: {'gradient_clip_val': 0.1518140347217802, 'hidden_size': 51, 'dropout': 0.18390784942257996, 'hidden_continuous_size': 11, 'attention_head_size': 2, 'learning_rate': 0.056798652619147724}. Best is trial 0 with value: 0.14826060831546783.
LOCAL_RANK: 0 - CUDA_VISIBLE_DEVICES: [0]
[I 2023-11-30 11:55:02,917] Trial 1 finished with value: 0.569176197052002 and parameters: {'gradient_clip_val': 0.25779147266215907, 'hidden_size': 52, 'dropout': 0.11859721297161352, 'hidden_continuous_size': 42, 'attention_head_size': 3, 'learning_rate': 0.003278825391197631}. Best is trial 0 with value: 0.14826060831546783.
LOCAL_RANK: 0 - CUDA_VISIBLE_DEVICES: [0]
[I 2023-11-30 11:55:15,905] Trial 2 finished with value: 0.14257195591926575 and parameters: {'gradient_clip_val': 0.2940679938847449, 'hidden_size': 33, 'dropout': 0.3798344214653451, 'hidden_continuous_size': 31, 'attention_head_size': 4, 'learning_rate': 0.09524827746437105}. Best is trial 2 with value: 0.14257195591926575.
LOCAL_RANK: 0 - CUDA_VISIBLE_DEVICES: [0]
[I 2023-11-30 11:55:28,330] Trial 3 finished with value: 3.194517135620117 and parameters: {'gradient_clip_val': 0.47461329195848484, 'hidden_size': 25, 'dropout': 0.3525936048445105, 'hidden_continuous_size': 22, 'attention_head_size': 3, 'learning_rate': 0.0016134006329857331}. Best is trial 2 with value: 0.14257195591926575.
LOCAL_RANK: 0 - CUDA_VISIBLE_DEVICES: [0]
[I 2023-11-30 11:55:40,773] Trial 4 finished with value: 1.1349891424179077 and parameters: {'gradient_clip_val': 0.2861685429610246, 'hidden_size': 27, 'dropout': 0.2107578108224246, 'hidden_continuous_size': 19, 'attention_head_size': 4, 'learning_rate': 0.0025600422869798355}. Best is trial 2 with value: 0.14257195591926575.
LOCAL_RANK: 0 - CUDA_VISIBLE_DEVICES: [0]
[I 2023-11-30 11:55:52,683] Trial 5 finished with value: 0.4411676824092865 and parameters: {'gradient_clip_val': 0.17665446427083242, 'hidden_size': 16, 'dropout': 0.214118437577748, 'hidden_continuous_size': 13, 'attention_head_size': 1, 'learning_rate': 0.021981753473752773}. Best is trial 2 with value: 0.14257195591926575.
LOCAL_RANK: 0 - CUDA_VISIBLE_DEVICES: [0]
[I 2023-11-30 11:56:05,461] Trial 6 finished with value: 0.2770874798297882 and parameters: {'gradient_clip_val': 0.28506311120077105, 'hidden_size': 51, 'dropout': 0.18928200059731062, 'hidden_continuous_size': 19, 'attention_head_size': 3, 'learning_rate': 0.029344738544719175}. Best is trial 2 with value: 0.14257195591926575.
LOCAL_RANK: 0 - CUDA_VISIBLE_DEVICES: [0]
[I 2023-11-30 11:56:18,833] Trial 7 finished with value: 0.1669348031282425 and parameters: {'gradient_clip_val': 0.8584359460756883, 'hidden_size': 78, 'dropout': 0.3261908231629655, 'hidden_continuous_size': 17, 'attention_head_size': 3, 'learning_rate': 0.012816677210118683}. Best is trial 2 with value: 0.14257195591926575.
LOCAL_RANK: 0 - CUDA_VISIBLE_DEVICES: [0]
[I 2023-11-30 11:56:33,037] Trial 8 finished with value: 0.10200908035039902 and parameters: {'gradient_clip_val': 0.8303468926081358, 'hidden_size': 122, 'dropout': 0.23892788053773029, 'hidden_continuous_size': 34, 'attention_head_size': 3, 'learning_rate': 0.052876410691819954}. Best is trial 8 with value: 0.10200908035039902.
LOCAL_RANK: 0 - CUDA_VISIBLE_DEVICES: [0]
[I 2023-11-30 11:56:46,147] Trial 9 finished with value: 0.22858919203281403 and parameters: {'gradient_clip_val': 0.1765914052883282, 'hidden_size': 58, 'dropout': 0.32072850688662097, 'hidden_continuous_size': 21, 'attention_head_size': 3, 'learning_rate': 0.08386714179626206}. Best is trial 8 with value: 0.10200908035039902.
LOCAL_RANK: 0 - CUDA_VISIBLE_DEVICES: [0]
[I 2023-11-30 11:57:00,509] Trial 10 finished with value: 0.15440841019153595 and parameters: {'gradient_clip_val': 0.9216729218456786, 'hidden_size': 141, 'dropout': 0.27353807840114064, 'hidden_continuous_size': 73, 'attention_head_size': 1, 'learning_rate': 0.006174319019058741}. Best is trial 8 with value: 0.10200908035039902.
LOCAL_RANK: 0 - CUDA_VISIBLE_DEVICES: [0]
[I 2023-11-30 11:57:14,494] Trial 11 finished with value: 0.09274550527334213 and parameters: {'gradient_clip_val': 0.5429443746117789, 'hidden_size': 123, 'dropout': 0.3820986963726537, 'hidden_continuous_size': 37, 'attention_head_size': 4, 'learning_rate': 0.08844661580221282}. Best is trial 11 with value: 0.09274550527334213.
LOCAL_RANK: 0 - CUDA_VISIBLE_DEVICES: [0]
[I 2023-11-30 11:57:28,576] Trial 12 finished with value: 0.22090387344360352 and parameters: {'gradient_clip_val': 0.5768539123674512, 'hidden_size': 132, 'dropout': 0.27838882174798596, 'hidden_continuous_size': 49, 'attention_head_size': 4, 'learning_rate': 0.04720597021406146}. Best is trial 11 with value: 0.09274550527334213.
LOCAL_RANK: 0 - CUDA_VISIBLE_DEVICES: [0]
[I 2023-11-30 11:57:42,249] Trial 13 finished with value: 0.3339284658432007 and parameters: {'gradient_clip_val': 0.5824496366505788, 'hidden_size': 96, 'dropout': 0.39593612467221595, 'hidden_continuous_size': 32, 'attention_head_size': 2, 'learning_rate': 0.0361373301070017}. Best is trial 11 with value: 0.09274550527334213.
LOCAL_RANK: 0 - CUDA_VISIBLE_DEVICES: [0]
[I 2023-11-30 11:57:56,189] Trial 14 finished with value: 0.16457070410251617 and parameters: {'gradient_clip_val': 0.4398848952850795, 'hidden_size': 93, 'dropout': 0.30854544818739693, 'hidden_continuous_size': 48, 'attention_head_size': 4, 'learning_rate': 0.09305956922167946}. Best is trial 11 with value: 0.09274550527334213.
LOCAL_RANK: 0 - CUDA_VISIBLE_DEVICES: [0]
[I 2023-11-30 11:58:10,671] Trial 15 finished with value: 0.10514295846223831 and parameters: {'gradient_clip_val': 0.754383574062585, 'hidden_size': 135, 'dropout': 0.25194037665000585, 'hidden_continuous_size': 114, 'attention_head_size': 2, 'learning_rate': 0.015723919911832154}. Best is trial 11 with value: 0.09274550527334213.
LOCAL_RANK: 0 - CUDA_VISIBLE_DEVICES: [0]
[I 2023-11-30 11:58:24,200] Trial 16 finished with value: 0.1027418002486229 and parameters: {'gradient_clip_val': 0.9638000170762471, 'hidden_size': 79, 'dropout': 0.35691287640014174, 'hidden_continuous_size': 27, 'attention_head_size': 4, 'learning_rate': 0.04923348920836706}. Best is trial 11 with value: 0.09274550527334213.
LOCAL_RANK: 0 - CUDA_VISIBLE_DEVICES: [0]
[I 2023-11-30 11:58:38,045] Trial 17 finished with value: 0.06940385699272156 and parameters: {'gradient_clip_val': 0.695186651695173, 'hidden_size': 104, 'dropout': 0.29321533675931494, 'hidden_continuous_size': 38, 'attention_head_size': 4, 'learning_rate': 0.022352192807549437}. Best is trial 17 with value: 0.06940385699272156.
LOCAL_RANK: 0 - CUDA_VISIBLE_DEVICES: [0]
[I 2023-11-30 11:58:52,579] Trial 18 finished with value: 0.33333227038383484 and parameters: {'gradient_clip_val': 0.10364014009796252, 'hidden_size': 150, 'dropout': 0.38873683035921375, 'hidden_continuous_size': 48, 'attention_head_size': 4, 'learning_rate': 0.008051499675993891}. Best is trial 17 with value: 0.06940385699272156.
LOCAL_RANK: 0 - CUDA_VISIBLE_DEVICES: [0]
[I 2023-11-30 11:59:06,176] Trial 19 finished with value: 0.15145929157733917 and parameters: {'gradient_clip_val': 0.4002467216758781, 'hidden_size': 100, 'dropout': 0.35029214350652643, 'hidden_continuous_size': 25, 'attention_head_size': 4, 'learning_rate': 0.022417870559711655}. Best is trial 17 with value: 0.06940385699272156.
LOCAL_RANK: 0 - CUDA_VISIBLE_DEVICES: [0]
[I 2023-11-30 11:59:19,658] Trial 20 finished with value: 0.18184976279735565 and parameters: {'gradient_clip_val': 0.6709569918607249, 'hidden_size': 72, 'dropout': 0.29692471083359356, 'hidden_continuous_size': 35, 'attention_head_size': 4, 'learning_rate': 0.01809839316804108}. Best is trial 17 with value: 0.06940385699272156.
LOCAL_RANK: 0 - CUDA_VISIBLE_DEVICES: [0]
[I 2023-11-30 11:59:33,476] Trial 21 finished with value: 0.17195163667201996 and parameters: {'gradient_clip_val': 0.7119841675832194, 'hidden_size': 116, 'dropout': 0.24723276472170685, 'hidden_continuous_size': 36, 'attention_head_size': 3, 'learning_rate': 0.03515431441006177}. Best is trial 17 with value: 0.06940385699272156.
LOCAL_RANK: 0 - CUDA_VISIBLE_DEVICES: [0]
[I 2023-11-30 11:59:47,269] Trial 22 finished with value: 0.1394527554512024 and parameters: {'gradient_clip_val': 0.5867976389871598, 'hidden_size': 112, 'dropout': 0.32399212574443925, 'hidden_continuous_size': 27, 'attention_head_size': 3, 'learning_rate': 0.058739177329288336}. Best is trial 17 with value: 0.06940385699272156.
LOCAL_RANK: 0 - CUDA_VISIBLE_DEVICES: [0]
[I 2023-11-30 12:00:01,504] Trial 23 finished with value: 0.10476981848478317 and parameters: {'gradient_clip_val': 0.820663165994178, 'hidden_size': 110, 'dropout': 0.36843710119368267, 'hidden_continuous_size': 59, 'attention_head_size': 4, 'learning_rate': 0.029381675394203482}. Best is trial 17 with value: 0.06940385699272156.
LOCAL_RANK: 0 - CUDA_VISIBLE_DEVICES: [0]
[I 2023-11-30 12:00:14,936] Trial 24 finished with value: 0.17024874687194824 and parameters: {'gradient_clip_val': 0.6802924440892675, 'hidden_size': 69, 'dropout': 0.34324151885778154, 'hidden_continuous_size': 40, 'attention_head_size': 2, 'learning_rate': 0.06450718200644809}. Best is trial 17 with value: 0.06940385699272156.
LOCAL_RANK: 0 - CUDA_VISIBLE_DEVICES: [0]
[I 2023-11-30 12:00:28,474] Trial 25 finished with value: 0.13075591623783112 and parameters: {'gradient_clip_val': 0.9892036147906789, 'hidden_size': 85, 'dropout': 0.3995788861122491, 'hidden_continuous_size': 31, 'attention_head_size': 3, 'learning_rate': 0.0396459436228425}. Best is trial 17 with value: 0.06940385699272156.
LOCAL_RANK: 0 - CUDA_VISIBLE_DEVICES: [0]
[I 2023-11-30 12:00:42,964] Trial 26 finished with value: 0.4257276952266693 and parameters: {'gradient_clip_val': 0.5056415918959069, 'hidden_size': 148, 'dropout': 0.2996731005782668, 'hidden_continuous_size': 61, 'attention_head_size': 4, 'learning_rate': 0.05783412204535278}. Best is trial 17 with value: 0.06940385699272156.
LOCAL_RANK: 0 - CUDA_VISIBLE_DEVICES: [0]
[I 2023-11-30 12:00:57,317] Trial 27 finished with value: 0.09109554439783096 and parameters: {'gradient_clip_val': 0.380028069204918, 'hidden_size': 117, 'dropout': 0.36740364849621154, 'hidden_continuous_size': 39, 'attention_head_size': 4, 'learning_rate': 0.07313595173078973}. Best is trial 17 with value: 0.06940385699272156.
LOCAL_RANK: 0 - CUDA_VISIBLE_DEVICES: [0]
[I 2023-11-30 12:01:11,009] Trial 28 finished with value: 0.13315905630588531 and parameters: {'gradient_clip_val': 0.38023247905182256, 'hidden_size': 96, 'dropout': 0.3710274707367906, 'hidden_continuous_size': 40, 'attention_head_size': 4, 'learning_rate': 0.08118518636008262}. Best is trial 17 with value: 0.06940385699272156.
LOCAL_RANK: 0 - CUDA_VISIBLE_DEVICES: [0]
[I 2023-11-30 12:01:24,373] Trial 29 finished with value: 0.10245773941278458 and parameters: {'gradient_clip_val': 0.3593552661785973, 'hidden_size': 63, 'dropout': 0.3382255170426859, 'hidden_continuous_size': 28, 'attention_head_size': 4, 'learning_rate': 0.07463018896982446}. Best is trial 17 with value: 0.06940385699272156.
LOCAL_RANK: 0 - CUDA_VISIBLE_DEVICES: [0]
[I 2023-11-30 12:01:38,220] Trial 30 finished with value: 0.2567479908466339 and parameters: {'gradient_clip_val': 0.4975232415375837, 'hidden_size': 114, 'dropout': 0.37313997163320534, 'hidden_continuous_size': 24, 'attention_head_size': 4, 'learning_rate': 0.07220092453620847}. Best is trial 17 with value: 0.06940385699272156.
LOCAL_RANK: 0 - CUDA_VISIBLE_DEVICES: [0]
[I 2023-11-30 12:01:52,194] Trial 31 finished with value: 0.14827291667461395 and parameters: {'gradient_clip_val': 0.6431715616718942, 'hidden_size': 115, 'dropout': 0.3349677704691814, 'hidden_continuous_size': 36, 'attention_head_size': 3, 'learning_rate': 0.0484099150590852}. Best is trial 17 with value: 0.06940385699272156.
LOCAL_RANK: 0 - CUDA_VISIBLE_DEVICES: [0]
[I 2023-11-30 12:02:06,088] Trial 32 finished with value: 0.3193340003490448 and parameters: {'gradient_clip_val': 0.8098885991903916, 'hidden_size': 93, 'dropout': 0.358898368071851, 'hidden_continuous_size': 30, 'attention_head_size': 4, 'learning_rate': 0.06032384728911677}. Best is trial 17 with value: 0.06940385699272156.
LOCAL_RANK: 0 - CUDA_VISIBLE_DEVICES: [0]
[I 2023-11-30 12:02:20,134] Trial 33 finished with value: 0.18064777553081512 and parameters: {'gradient_clip_val': 0.5388068701938286, 'hidden_size': 127, 'dropout': 0.37993029954892527, 'hidden_continuous_size': 42, 'attention_head_size': 3, 'learning_rate': 0.09654597482718924}. Best is trial 17 with value: 0.06940385699272156.
LOCAL_RANK: 0 - CUDA_VISIBLE_DEVICES: [0]
