[I 2023-11-29 23:05:22,078] Trial 58 finished with value: 0.17398159205913544 and parameters: {'gradient_clip_val': 0.2277065889073138, 'hidden_size': 52, 'dropout': 0.11343267901948727, 'hidden_continuous_size': 25, 'attention_head_size': 2, 'learning_rate': 0.09830714830379741}. Best is trial 40 with value: 0.11477255821228027.
LOCAL_RANK: 0 - CUDA_VISIBLE_DEVICES: [0]
[I 2023-11-29 23:05:34,692] Trial 59 finished with value: 0.6570622324943542 and parameters: {'gradient_clip_val': 0.1637837713224332, 'hidden_size': 39, 'dropout': 0.130579576594376, 'hidden_continuous_size': 20, 'attention_head_size': 1, 'learning_rate': 0.04566790235692739}. Best is trial 40 with value: 0.11477255821228027.
LOCAL_RANK: 0 - CUDA_VISIBLE_DEVICES: [0]
[I 2023-11-29 23:05:48,162] Trial 60 finished with value: 0.32408058643341064 and parameters: {'gradient_clip_val': 0.13496364911883094, 'hidden_size': 67, 'dropout': 0.10182087015387233, 'hidden_continuous_size': 27, 'attention_head_size': 1, 'learning_rate': 0.035862142600844284}. Best is trial 40 with value: 0.11477255821228027.
LOCAL_RANK: 0 - CUDA_VISIBLE_DEVICES: [0]
[I 2023-11-29 23:06:01,602] Trial 61 finished with value: 0.1551150381565094 and parameters: {'gradient_clip_val': 0.10924065895707698, 'hidden_size': 83, 'dropout': 0.15717095035135556, 'hidden_continuous_size': 35, 'attention_head_size': 1, 'learning_rate': 0.05203268575844074}. Best is trial 40 with value: 0.11477255821228027.
LOCAL_RANK: 0 - CUDA_VISIBLE_DEVICES: [0]
[I 2023-11-29 23:06:15,372] Trial 62 finished with value: 0.21538211405277252 and parameters: {'gradient_clip_val': 0.12335895999071737, 'hidden_size': 99, 'dropout': 0.1424012769714473, 'hidden_continuous_size': 34, 'attention_head_size': 1, 'learning_rate': 0.06159491952782929}. Best is trial 40 with value: 0.11477255821228027.
LOCAL_RANK: 0 - CUDA_VISIBLE_DEVICES: [0]
[I 2023-11-29 23:06:28,548] Trial 63 finished with value: 0.1707272082567215 and parameters: {'gradient_clip_val': 0.1482214298904005, 'hidden_size': 74, 'dropout': 0.16716964608569496, 'hidden_continuous_size': 29, 'attention_head_size': 1, 'learning_rate': 0.03955020664854724}. Best is trial 40 with value: 0.11477255821228027.
LOCAL_RANK: 0 - CUDA_VISIBLE_DEVICES: [0]
[I 2023-11-29 23:06:41,511] Trial 64 finished with value: 0.21150970458984375 and parameters: {'gradient_clip_val': 0.10477667801649952, 'hidden_size': 59, 'dropout': 0.18579136940432292, 'hidden_continuous_size': 24, 'attention_head_size': 1, 'learning_rate': 0.07121004689017787}. Best is trial 40 with value: 0.11477255821228027.
LOCAL_RANK: 0 - CUDA_VISIBLE_DEVICES: [0]
[I 2023-11-29 23:06:54,574] Trial 65 finished with value: 0.1606302261352539 and parameters: {'gradient_clip_val': 0.13024023363748066, 'hidden_size': 64, 'dropout': 0.15335235624523974, 'hidden_continuous_size': 30, 'attention_head_size': 1, 'learning_rate': 0.04579160806642504}. Best is trial 40 with value: 0.11477255821228027.
LOCAL_RANK: 0 - CUDA_VISIBLE_DEVICES: [0]
[I 2023-11-29 23:07:07,196] Trial 66 finished with value: 0.17264962196350098 and parameters: {'gradient_clip_val': 0.16824603287878404, 'hidden_size': 52, 'dropout': 0.170158403899861, 'hidden_continuous_size': 26, 'attention_head_size': 1, 'learning_rate': 0.029293864032079325}. Best is trial 40 with value: 0.11477255821228027.
LOCAL_RANK: 0 - CUDA_VISIBLE_DEVICES: [0]
[I 2023-11-29 23:07:20,353] Trial 67 finished with value: 0.1344437450170517 and parameters: {'gradient_clip_val': 0.12296142233458264, 'hidden_size': 80, 'dropout': 0.12551999275778816, 'hidden_continuous_size': 30, 'attention_head_size': 1, 'learning_rate': 0.08502772358984313}. Best is trial 40 with value: 0.11477255821228027.
LOCAL_RANK: 0 - CUDA_VISIBLE_DEVICES: [0]
[I 2023-11-29 23:07:33,979] Trial 68 finished with value: 0.11296695470809937 and parameters: {'gradient_clip_val': 0.10024120694592265, 'hidden_size': 73, 'dropout': 0.13952983419178433, 'hidden_continuous_size': 33, 'attention_head_size': 2, 'learning_rate': 0.05881771265121893}. Best is trial 68 with value: 0.11296695470809937.
LOCAL_RANK: 0 - CUDA_VISIBLE_DEVICES: [0]
[I 2023-11-29 23:07:47,082] Trial 69 finished with value: 0.14319120347499847 and parameters: {'gradient_clip_val': 0.10596282682233264, 'hidden_size': 49, 'dropout': 0.1418478880996115, 'hidden_continuous_size': 23, 'attention_head_size': 2, 'learning_rate': 0.05727572717060273}. Best is trial 68 with value: 0.11296695470809937.
LOCAL_RANK: 0 - CUDA_VISIBLE_DEVICES: [0]
[I 2023-11-29 23:08:00,590] Trial 70 finished with value: 0.36922958493232727 and parameters: {'gradient_clip_val': 0.11507441834090071, 'hidden_size': 74, 'dropout': 0.11522362035173615, 'hidden_continuous_size': 28, 'attention_head_size': 3, 'learning_rate': 0.062343337574155375}. Best is trial 68 with value: 0.11296695470809937.
LOCAL_RANK: 0 - CUDA_VISIBLE_DEVICES: [0]
[I 2023-11-29 23:08:14,139] Trial 71 finished with value: 0.35768139362335205 and parameters: {'gradient_clip_val': 0.10164948056288554, 'hidden_size': 95, 'dropout': 0.15618133672505366, 'hidden_continuous_size': 33, 'attention_head_size': 2, 'learning_rate': 0.04038361557509889}. Best is trial 68 with value: 0.11296695470809937.
LOCAL_RANK: 0 - CUDA_VISIBLE_DEVICES: [0]
[I 2023-11-29 23:08:27,467] Trial 72 finished with value: 0.29746493697166443 and parameters: {'gradient_clip_val': 0.13965973808267756, 'hidden_size': 58, 'dropout': 0.1817265451549484, 'hidden_continuous_size': 36, 'attention_head_size': 2, 'learning_rate': 0.09982265559077247}. Best is trial 68 with value: 0.11296695470809937.
LOCAL_RANK: 0 - CUDA_VISIBLE_DEVICES: [0]
[I 2023-11-29 23:08:41,145] Trial 73 finished with value: 0.2543657124042511 and parameters: {'gradient_clip_val': 0.12326192756055471, 'hidden_size': 88, 'dropout': 0.1948294590343751, 'hidden_continuous_size': 39, 'attention_head_size': 1, 'learning_rate': 0.05136881512200396}. Best is trial 68 with value: 0.11296695470809937.
LOCAL_RANK: 0 - CUDA_VISIBLE_DEVICES: [0]
[I 2023-11-29 23:08:54,441] Trial 74 finished with value: 0.17917804419994354 and parameters: {'gradient_clip_val': 0.15373444756949342, 'hidden_size': 67, 'dropout': 0.12589223359851687, 'hidden_continuous_size': 33, 'attention_head_size': 2, 'learning_rate': 0.07107387933135846}. Best is trial 68 with value: 0.11296695470809937.
LOCAL_RANK: 0 - CUDA_VISIBLE_DEVICES: [0]
[I 2023-11-29 23:09:07,891] Trial 75 finished with value: 0.1776679903268814 and parameters: {'gradient_clip_val': 0.1137948422568601, 'hidden_size': 72, 'dropout': 0.13440756170435517, 'hidden_continuous_size': 25, 'attention_head_size': 1, 'learning_rate': 0.04725616068083105}. Best is trial 68 with value: 0.11296695470809937.
LOCAL_RANK: 0 - CUDA_VISIBLE_DEVICES: [0]
[I 2023-11-29 23:09:20,958] Trial 76 finished with value: 0.21422165632247925 and parameters: {'gradient_clip_val': 0.14122376995265312, 'hidden_size': 80, 'dropout': 0.16883826655346346, 'hidden_continuous_size': 31, 'attention_head_size': 1, 'learning_rate': 0.05764562752350267}. Best is trial 68 with value: 0.11296695470809937.
LOCAL_RANK: 0 - CUDA_VISIBLE_DEVICES: [0]
[I 2023-11-29 23:09:34,162] Trial 77 finished with value: 0.19544099271297455 and parameters: {'gradient_clip_val': 0.10041512938951942, 'hidden_size': 62, 'dropout': 0.13915131057103464, 'hidden_continuous_size': 30, 'attention_head_size': 2, 'learning_rate': 0.03781620649672206}. Best is trial 68 with value: 0.11296695470809937.
LOCAL_RANK: 0 - CUDA_VISIBLE_DEVICES: [0]
[I 2023-11-29 23:09:47,384] Trial 78 finished with value: 0.8971598148345947 and parameters: {'gradient_clip_val': 0.13040216366831286, 'hidden_size': 70, 'dropout': 0.1489780231785881, 'hidden_continuous_size': 27, 'attention_head_size': 1, 'learning_rate': 0.08398205577350251}. Best is trial 68 with value: 0.11296695470809937.
LOCAL_RANK: 0 - CUDA_VISIBLE_DEVICES: [0]
[I 2023-11-29 23:10:00,264] Trial 79 finished with value: 0.20205353200435638 and parameters: {'gradient_clip_val': 0.16002157606892783, 'hidden_size': 55, 'dropout': 0.16176703836140907, 'hidden_continuous_size': 26, 'attention_head_size': 1, 'learning_rate': 0.06690178821544371}. Best is trial 68 with value: 0.11296695470809937.
LOCAL_RANK: 0 - CUDA_VISIBLE_DEVICES: [0]
[I 2023-11-29 23:10:13,584] Trial 80 finished with value: 0.16347096860408783 and parameters: {'gradient_clip_val': 0.11403001624066762, 'hidden_size': 64, 'dropout': 0.1747637331352912, 'hidden_continuous_size': 29, 'attention_head_size': 2, 'learning_rate': 0.04328742548554873}. Best is trial 68 with value: 0.11296695470809937.
LOCAL_RANK: 0 - CUDA_VISIBLE_DEVICES: [0]
[I 2023-11-29 23:10:27,070] Trial 81 finished with value: 0.18918077647686005 and parameters: {'gradient_clip_val': 0.11808031772104681, 'hidden_size': 78, 'dropout': 0.1258373130928754, 'hidden_continuous_size': 31, 'attention_head_size': 1, 'learning_rate': 0.08431707278258446}. Best is trial 68 with value: 0.11296695470809937.
LOCAL_RANK: 0 - CUDA_VISIBLE_DEVICES: [0]
[I 2023-11-29 23:10:40,681] Trial 82 finished with value: 0.2000076323747635 and parameters: {'gradient_clip_val': 0.12656956417777457, 'hidden_size': 87, 'dropout': 0.1245128163137139, 'hidden_continuous_size': 36, 'attention_head_size': 1, 'learning_rate': 0.07624946094133053}. Best is trial 68 with value: 0.11296695470809937.
LOCAL_RANK: 0 - CUDA_VISIBLE_DEVICES: [0]
[I 2023-11-29 23:10:54,138] Trial 83 finished with value: 0.1564939320087433 and parameters: {'gradient_clip_val': 0.13397094212842772, 'hidden_size': 82, 'dropout': 0.11786254481343099, 'hidden_continuous_size': 34, 'attention_head_size': 1, 'learning_rate': 0.0879999740041089}. Best is trial 68 with value: 0.11296695470809937.
LOCAL_RANK: 0 - CUDA_VISIBLE_DEVICES: [0]
[I 2023-11-29 23:11:07,549] Trial 84 finished with value: 0.11997011303901672 and parameters: {'gradient_clip_val': 0.12315192081046868, 'hidden_size': 79, 'dropout': 0.13621046437698278, 'hidden_continuous_size': 29, 'attention_head_size': 1, 'learning_rate': 0.05122299659955452}. Best is trial 68 with value: 0.11296695470809937.
LOCAL_RANK: 0 - CUDA_VISIBLE_DEVICES: [0]
[I 2023-11-29 23:11:20,873] Trial 85 finished with value: 0.2049398422241211 and parameters: {'gradient_clip_val': 0.1088370387271665, 'hidden_size': 66, 'dropout': 0.15192536521321937, 'hidden_continuous_size': 21, 'attention_head_size': 1, 'learning_rate': 0.05368250251335204}. Best is trial 68 with value: 0.11296695470809937.
LOCAL_RANK: 0 - CUDA_VISIBLE_DEVICES: [0]
[I 2023-11-29 23:11:34,696] Trial 86 finished with value: 0.16674380004405975 and parameters: {'gradient_clip_val': 0.14792274686703114, 'hidden_size': 101, 'dropout': 0.1367984749301698, 'hidden_continuous_size': 39, 'attention_head_size': 3, 'learning_rate': 0.048449973185912966}. Best is trial 68 with value: 0.11296695470809937.
LOCAL_RANK: 0 - CUDA_VISIBLE_DEVICES: [0]
[I 2023-11-29 23:11:48,228] Trial 87 finished with value: 0.19898800551891327 and parameters: {'gradient_clip_val': 0.11851513654347892, 'hidden_size': 93, 'dropout': 0.15907668298154773, 'hidden_continuous_size': 28, 'attention_head_size': 1, 'learning_rate': 0.032711535358998844}. Best is trial 68 with value: 0.11296695470809937.
LOCAL_RANK: 0 - CUDA_VISIBLE_DEVICES: [0]
[I 2023-11-29 23:12:01,869] Trial 88 finished with value: 0.26645946502685547 and parameters: {'gradient_clip_val': 0.13697495392317902, 'hidden_size': 114, 'dropout': 0.17885417049570823, 'hidden_continuous_size': 33, 'attention_head_size': 1, 'learning_rate': 0.061876816773630446}. Best is trial 68 with value: 0.11296695470809937.
LOCAL_RANK: 0 - CUDA_VISIBLE_DEVICES: [0]
[I 2023-11-29 23:12:15,140] Trial 89 finished with value: 0.23621340095996857 and parameters: {'gradient_clip_val': 0.1547902581031142, 'hidden_size': 76, 'dropout': 0.10666935813445141, 'hidden_continuous_size': 26, 'attention_head_size': 1, 'learning_rate': 0.04274256282200027}. Best is trial 68 with value: 0.11296695470809937.
LOCAL_RANK: 0 - CUDA_VISIBLE_DEVICES: [0]
[I 2023-11-29 23:12:28,350] Trial 90 finished with value: 0.35893476009368896 and parameters: {'gradient_clip_val': 0.12741183774803017, 'hidden_size': 71, 'dropout': 0.14532013729688198, 'hidden_continuous_size': 24, 'attention_head_size': 1, 'learning_rate': 0.0377862648786886}. Best is trial 68 with value: 0.11296695470809937.
LOCAL_RANK: 0 - CUDA_VISIBLE_DEVICES: [0]
[I 2023-11-29 23:12:41,527] Trial 91 finished with value: 0.16040223836898804 and parameters: {'gradient_clip_val': 0.12166504013673254, 'hidden_size': 58, 'dropout': 0.13227734821474887, 'hidden_continuous_size': 30, 'attention_head_size': 1, 'learning_rate': 0.06752053316226439}. Best is trial 68 with value: 0.11296695470809937.
LOCAL_RANK: 0 - CUDA_VISIBLE_DEVICES: [0]
[I 2023-11-29 23:12:55,083] Trial 92 finished with value: 0.4100912809371948 and parameters: {'gradient_clip_val': 0.14244416564740012, 'hidden_size': 90, 'dropout': 0.11626875076248652, 'hidden_continuous_size': 37, 'attention_head_size': 1, 'learning_rate': 0.07397473129779597}. Best is trial 68 with value: 0.11296695470809937.
LOCAL_RANK: 0 - CUDA_VISIBLE_DEVICES: [0]
[I 2023-11-29 23:13:08,389] Trial 93 finished with value: 0.3674931526184082 and parameters: {'gradient_clip_val': 0.1088622092090308, 'hidden_size': 83, 'dropout': 0.12776574495736853, 'hidden_continuous_size': 32, 'attention_head_size': 1, 'learning_rate': 0.08766298473863188}. Best is trial 68 with value: 0.11296695470809937.
LOCAL_RANK: 0 - CUDA_VISIBLE_DEVICES: [0]
[I 2023-11-29 23:13:21,622] Trial 94 finished with value: 0.18052685260772705 and parameters: {'gradient_clip_val': 0.12412570699176306, 'hidden_size': 79, 'dropout': 0.12190035395322962, 'hidden_continuous_size': 29, 'attention_head_size': 1, 'learning_rate': 0.055944748602410936}. Best is trial 68 with value: 0.11296695470809937.
LOCAL_RANK: 0 - CUDA_VISIBLE_DEVICES: [0]
[I 2023-11-29 23:13:35,064] Trial 95 finished with value: 0.19937162101268768 and parameters: {'gradient_clip_val': 0.1343976288243743, 'hidden_size': 101, 'dropout': 0.1359259538362654, 'hidden_continuous_size': 22, 'attention_head_size': 1, 'learning_rate': 0.05089440364883092}. Best is trial 68 with value: 0.11296695470809937.
LOCAL_RANK: 0 - CUDA_VISIBLE_DEVICES: [0]
[I 2023-11-29 23:13:48,427] Trial 96 finished with value: 0.18383558094501495 and parameters: {'gradient_clip_val': 0.11886976094533622, 'hidden_size': 61, 'dropout': 0.11101109575620957, 'hidden_continuous_size': 25, 'attention_head_size': 1, 'learning_rate': 0.0645192023687746}. Best is trial 68 with value: 0.11296695470809937.
LOCAL_RANK: 0 - CUDA_VISIBLE_DEVICES: [0]
[I 2023-11-29 23:14:01,557] Trial 97 finished with value: 0.12587998807430267 and parameters: {'gradient_clip_val': 0.16961572380595008, 'hidden_size': 68, 'dropout': 0.14817041385548205, 'hidden_continuous_size': 28, 'attention_head_size': 1, 'learning_rate': 0.07968162797192427}. Best is trial 68 with value: 0.11296695470809937.
LOCAL_RANK: 0 - CUDA_VISIBLE_DEVICES: [0]
[I 2023-11-29 23:14:14,580] Trial 98 finished with value: 0.16227440536022186 and parameters: {'gradient_clip_val': 0.1831898016448688, 'hidden_size': 68, 'dropout': 0.1496382019580257, 'hidden_continuous_size': 27, 'attention_head_size': 1, 'learning_rate': 0.0760834450894223}. Best is trial 68 with value: 0.11296695470809937.
LOCAL_RANK: 0 - CUDA_VISIBLE_DEVICES: [0]
[I 2023-11-29 23:14:27,364] Trial 99 finished with value: 0.1380840390920639 and parameters: {'gradient_clip_val': 0.1710520417286058, 'hidden_size': 56, 'dropout': 0.16423047791389722, 'hidden_continuous_size': 23, 'attention_head_size': 1, 'learning_rate': 0.05825987467200807}. Best is trial 68 with value: 0.11296695470809937.
LOCAL_RANK: 0 - CUDA_VISIBLE_DEVICES: [0]
[I 2023-11-29 23:14:40,601] Trial 100 finished with value: 0.17508552968502045 and parameters: {'gradient_clip_val': 0.1560671663446038, 'hidden_size': 73, 'dropout': 0.1432675159290683, 'hidden_continuous_size': 25, 'attention_head_size': 2, 'learning_rate': 0.04797574976314935}. Best is trial 68 with value: 0.11296695470809937.
LOCAL_RANK: 0 - CUDA_VISIBLE_DEVICES: [0]
[I 2023-11-29 23:14:53,944] Trial 101 finished with value: 0.1493455022573471 and parameters: {'gradient_clip_val': 0.14497702707407967, 'hidden_size': 63, 'dropout': 0.15413797858538264, 'hidden_continuous_size': 28, 'attention_head_size': 1, 'learning_rate': 0.08258294153674643}. Best is trial 68 with value: 0.11296695470809937.
LOCAL_RANK: 0 - CUDA_VISIBLE_DEVICES: [0]
[I 2023-11-29 23:15:07,213] Trial 102 finished with value: 0.19932477176189423 and parameters: {'gradient_clip_val': 0.129590917752122, 'hidden_size': 85, 'dropout': 0.13807871791884957, 'hidden_continuous_size': 30, 'attention_head_size': 1, 'learning_rate': 0.0935863880881551}. Best is trial 68 with value: 0.11296695470809937.
LOCAL_RANK: 0 - CUDA_VISIBLE_DEVICES: [0]
[I 2023-11-29 23:15:20,424] Trial 103 finished with value: 0.1582413762807846 and parameters: {'gradient_clip_val': 0.16376525347214269, 'hidden_size': 79, 'dropout': 0.17134077767092115, 'hidden_continuous_size': 26, 'attention_head_size': 1, 'learning_rate': 0.06876740772774859}. Best is trial 68 with value: 0.11296695470809937.
LOCAL_RANK: 0 - CUDA_VISIBLE_DEVICES: [0]
[I 2023-11-29 23:15:33,695] Trial 104 finished with value: 0.17861102521419525 and parameters: {'gradient_clip_val': 0.11199342492415254, 'hidden_size': 67, 'dropout': 0.1232619200652174, 'hidden_continuous_size': 32, 'attention_head_size': 1, 'learning_rate': 0.05963524370408322}. Best is trial 68 with value: 0.11296695470809937.
LOCAL_RANK: 0 - CUDA_VISIBLE_DEVICES: [0]
[I 2023-11-29 23:15:46,766] Trial 105 finished with value: 0.20786841213703156 and parameters: {'gradient_clip_val': 0.1044104445810914, 'hidden_size': 73, 'dropout': 0.1301049649033323, 'hidden_continuous_size': 28, 'attention_head_size': 1, 'learning_rate': 0.08048582603899707}. Best is trial 68 with value: 0.11296695470809937.
LOCAL_RANK: 0 - CUDA_VISIBLE_DEVICES: [0]
[I 2023-11-29 23:16:00,247] Trial 106 finished with value: 0.10939409583806992 and parameters: {'gradient_clip_val': 0.15008140582789642, 'hidden_size': 91, 'dropout': 0.10666110181513161, 'hidden_continuous_size': 21, 'attention_head_size': 1, 'learning_rate': 0.04306864321109311}. Best is trial 106 with value: 0.10939409583806992.
LOCAL_RANK: 0 - CUDA_VISIBLE_DEVICES: [0]
[I 2023-11-29 23:16:13,659] Trial 107 finished with value: 0.14310739934444427 and parameters: {'gradient_clip_val': 0.14573254918819126, 'hidden_size': 95, 'dropout': 0.11028459491852333, 'hidden_continuous_size': 19, 'attention_head_size': 3, 'learning_rate': 0.04312566343443442}. Best is trial 106 with value: 0.10939409583806992.
LOCAL_RANK: 0 - CUDA_VISIBLE_DEVICES: [0]
[I 2023-11-29 23:16:26,862] Trial 108 finished with value: 0.339372843503952 and parameters: {'gradient_clip_val': 0.13718638801015257, 'hidden_size': 92, 'dropout': 0.10003836017170623, 'hidden_continuous_size': 20, 'attention_head_size': 1, 'learning_rate': 0.0361930725493653}. Best is trial 106 with value: 0.10939409583806992.
LOCAL_RANK: 0 - CUDA_VISIBLE_DEVICES: [0]
[I 2023-11-29 23:16:40,080] Trial 109 finished with value: 0.21845035254955292 and parameters: {'gradient_clip_val': 0.18754608511258314, 'hidden_size': 76, 'dropout': 0.11848832918469074, 'hidden_continuous_size': 24, 'attention_head_size': 4, 'learning_rate': 0.05070176729870005}. Best is trial 106 with value: 0.10939409583806992.
LOCAL_RANK: 0 - CUDA_VISIBLE_DEVICES: [0]
[I 2023-11-29 23:16:53,155] Trial 110 finished with value: 0.2833244502544403 and parameters: {'gradient_clip_val': 0.16729516505948505, 'hidden_size': 59, 'dropout': 0.10570421775011084, 'hidden_continuous_size': 22, 'attention_head_size': 1, 'learning_rate': 0.04274105156129135}. Best is trial 106 with value: 0.10939409583806992.
LOCAL_RANK: 0 - CUDA_VISIBLE_DEVICES: [0]
[I 2023-11-29 23:17:06,723] Trial 111 finished with value: 0.1548626571893692 and parameters: {'gradient_clip_val': 0.1501975299954711, 'hidden_size': 86, 'dropout': 0.11452126412397058, 'hidden_continuous_size': 31, 'attention_head_size': 1, 'learning_rate': 0.054555547920944886}. Best is trial 106 with value: 0.10939409583806992.
LOCAL_RANK: 0 - CUDA_VISIBLE_DEVICES: [0]
[I 2023-11-29 23:17:20,103] Trial 112 finished with value: 0.47141674160957336 and parameters: {'gradient_clip_val': 0.12416908639707805, 'hidden_size': 82, 'dropout': 0.142068754690285, 'hidden_continuous_size': 23, 'attention_head_size': 1, 'learning_rate': 0.06794038941376539}. Best is trial 106 with value: 0.10939409583806992.
LOCAL_RANK: 0 - CUDA_VISIBLE_DEVICES: [0]
[I 2023-11-29 23:17:33,577] Trial 113 finished with value: 0.14485298097133636 and parameters: {'gradient_clip_val': 0.1571071086354068, 'hidden_size': 71, 'dropout': 0.12776924974715154, 'hidden_continuous_size': 27, 'attention_head_size': 1, 'learning_rate': 0.09005622726162825}. Best is trial 106 with value: 0.10939409583806992.
LOCAL_RANK: 0 - CUDA_VISIBLE_DEVICES: [0]
[I 2023-11-29 23:17:46,742] Trial 114 finished with value: 0.3358862102031708 and parameters: {'gradient_clip_val': 0.1347148291237851, 'hidden_size': 65, 'dropout': 0.14644907613662528, 'hidden_continuous_size': 26, 'attention_head_size': 1, 'learning_rate': 0.06125805175636376}. Best is trial 106 with value: 0.10939409583806992.
LOCAL_RANK: 0 - CUDA_VISIBLE_DEVICES: [0]
[I 2023-11-29 23:17:59,545] Trial 115 finished with value: 0.13617070019245148 and parameters: {'gradient_clip_val': 0.14106304750306398, 'hidden_size': 53, 'dropout': 0.1582519946087403, 'hidden_continuous_size': 21, 'attention_head_size': 1, 'learning_rate': 0.04715024787550442}. Best is trial 106 with value: 0.10939409583806992.
LOCAL_RANK: 0 - CUDA_VISIBLE_DEVICES: [0]
