[I 2023-11-30 01:24:00,241] Trial 92 finished with value: 0.1584145575761795 and parameters: {'gradient_clip_val': 0.22569115488670796, 'hidden_size': 90, 'dropout': 0.25095534865306823, 'hidden_continuous_size': 28, 'attention_head_size': 4, 'learning_rate': 0.03785674570207002}. Best is trial 66 with value: 0.09242397546768188.
LOCAL_RANK: 0 - CUDA_VISIBLE_DEVICES: [0]
[I 2023-11-30 01:24:13,588] Trial 93 finished with value: 0.15567751228809357 and parameters: {'gradient_clip_val': 0.28565296701342996, 'hidden_size': 68, 'dropout': 0.2777335459309226, 'hidden_continuous_size': 26, 'attention_head_size': 4, 'learning_rate': 0.043056795082640945}. Best is trial 66 with value: 0.09242397546768188.
LOCAL_RANK: 0 - CUDA_VISIBLE_DEVICES: [0]
[I 2023-11-30 01:24:27,150] Trial 94 finished with value: 0.13248299062252045 and parameters: {'gradient_clip_val': 0.2657264438977204, 'hidden_size': 79, 'dropout': 0.25803690497976495, 'hidden_continuous_size': 23, 'attention_head_size': 4, 'learning_rate': 0.059380973966574414}. Best is trial 66 with value: 0.09242397546768188.
LOCAL_RANK: 0 - CUDA_VISIBLE_DEVICES: [0]
[I 2023-11-30 01:24:40,561] Trial 95 finished with value: 0.10563790798187256 and parameters: {'gradient_clip_val': 0.2741135580421979, 'hidden_size': 79, 'dropout': 0.2595326754334176, 'hidden_continuous_size': 23, 'attention_head_size': 4, 'learning_rate': 0.059942334713817345}. Best is trial 66 with value: 0.09242397546768188.
LOCAL_RANK: 0 - CUDA_VISIBLE_DEVICES: [0]
[I 2023-11-30 01:24:54,235] Trial 96 finished with value: 0.1668938398361206 and parameters: {'gradient_clip_val': 0.24779451893036705, 'hidden_size': 108, 'dropout': 0.262680745145973, 'hidden_continuous_size': 24, 'attention_head_size': 4, 'learning_rate': 0.0326791903103522}. Best is trial 66 with value: 0.09242397546768188.
LOCAL_RANK: 0 - CUDA_VISIBLE_DEVICES: [0]
[I 2023-11-30 01:25:07,944] Trial 97 finished with value: 0.17074859142303467 and parameters: {'gradient_clip_val': 0.2946158824833209, 'hidden_size': 82, 'dropout': 0.2696862389142018, 'hidden_continuous_size': 22, 'attention_head_size': 4, 'learning_rate': 0.04746028463806798}. Best is trial 66 with value: 0.09242397546768188.
LOCAL_RANK: 0 - CUDA_VISIBLE_DEVICES: [0]
[I 2023-11-30 01:25:21,477] Trial 98 finished with value: 0.17170655727386475 and parameters: {'gradient_clip_val': 0.31760477124938463, 'hidden_size': 73, 'dropout': 0.2278434728725881, 'hidden_continuous_size': 25, 'attention_head_size': 4, 'learning_rate': 0.039278008060801915}. Best is trial 66 with value: 0.09242397546768188.
LOCAL_RANK: 0 - CUDA_VISIBLE_DEVICES: [0]
[I 2023-11-30 01:25:35,468] Trial 99 finished with value: 0.16899965703487396 and parameters: {'gradient_clip_val': 0.24157611737770743, 'hidden_size': 129, 'dropout': 0.2430791013855103, 'hidden_continuous_size': 20, 'attention_head_size': 4, 'learning_rate': 0.05282435026880867}. Best is trial 66 with value: 0.09242397546768188.
LOCAL_RANK: 0 - CUDA_VISIBLE_DEVICES: [0]
[I 2023-11-30 01:25:49,419] Trial 100 finished with value: 0.24834316968917847 and parameters: {'gradient_clip_val': 0.34410180600928053, 'hidden_size': 140, 'dropout': 0.24990010563772147, 'hidden_continuous_size': 19, 'attention_head_size': 2, 'learning_rate': 0.03119422432520523}. Best is trial 66 with value: 0.09242397546768188.
LOCAL_RANK: 0 - CUDA_VISIBLE_DEVICES: [0]
[I 2023-11-30 01:26:02,728] Trial 101 finished with value: 0.25389164686203003 and parameters: {'gradient_clip_val': 0.25895783170841136, 'hidden_size': 79, 'dropout': 0.2525962631323622, 'hidden_continuous_size': 23, 'attention_head_size': 4, 'learning_rate': 0.0621163918445111}. Best is trial 66 with value: 0.09242397546768188.
LOCAL_RANK: 0 - CUDA_VISIBLE_DEVICES: [0]
[I 2023-11-30 01:26:16,317] Trial 102 finished with value: 0.21340401470661163 and parameters: {'gradient_clip_val': 0.26987579734420836, 'hidden_size': 69, 'dropout': 0.2579824156317, 'hidden_continuous_size': 24, 'attention_head_size': 4, 'learning_rate': 0.057002433477534066}. Best is trial 66 with value: 0.09242397546768188.
LOCAL_RANK: 0 - CUDA_VISIBLE_DEVICES: [0]
[I 2023-11-30 01:26:29,908] Trial 103 finished with value: 0.17251984775066376 and parameters: {'gradient_clip_val': 0.2735473083987019, 'hidden_size': 87, 'dropout': 0.261421297333311, 'hidden_continuous_size': 26, 'attention_head_size': 4, 'learning_rate': 0.043728636474537536}. Best is trial 66 with value: 0.09242397546768188.
LOCAL_RANK: 0 - CUDA_VISIBLE_DEVICES: [0]
[I 2023-11-30 01:26:43,550] Trial 104 finished with value: 0.14580978453159332 and parameters: {'gradient_clip_val': 0.3030208633537293, 'hidden_size': 78, 'dropout': 0.23576545629209658, 'hidden_continuous_size': 28, 'attention_head_size': 4, 'learning_rate': 0.07599325594449381}. Best is trial 66 with value: 0.09242397546768188.
LOCAL_RANK: 0 - CUDA_VISIBLE_DEVICES: [0]
[I 2023-11-30 01:26:57,239] Trial 105 finished with value: 0.15241876244544983 and parameters: {'gradient_clip_val': 0.23782520931574935, 'hidden_size': 99, 'dropout': 0.22102091285737907, 'hidden_continuous_size': 21, 'attention_head_size': 4, 'learning_rate': 0.059139053019319085}. Best is trial 66 with value: 0.09242397546768188.
LOCAL_RANK: 0 - CUDA_VISIBLE_DEVICES: [0]
[I 2023-11-30 01:27:10,905] Trial 106 finished with value: 0.16309118270874023 and parameters: {'gradient_clip_val': 0.28545358229255136, 'hidden_size': 108, 'dropout': 0.26700100503684404, 'hidden_continuous_size': 22, 'attention_head_size': 4, 'learning_rate': 0.06808883943232558}. Best is trial 66 with value: 0.09242397546768188.
LOCAL_RANK: 0 - CUDA_VISIBLE_DEVICES: [0]
[I 2023-11-30 01:27:24,648] Trial 107 finished with value: 0.1396307349205017 and parameters: {'gradient_clip_val': 0.3224750391028184, 'hidden_size': 91, 'dropout': 0.2546270970216674, 'hidden_continuous_size': 29, 'attention_head_size': 4, 'learning_rate': 0.03650260006414775}. Best is trial 66 with value: 0.09242397546768188.
LOCAL_RANK: 0 - CUDA_VISIBLE_DEVICES: [0]
[I 2023-11-30 01:27:38,121] Trial 108 finished with value: 0.20510464906692505 and parameters: {'gradient_clip_val': 0.26540810963944594, 'hidden_size': 84, 'dropout': 0.2463475207179805, 'hidden_continuous_size': 25, 'attention_head_size': 2, 'learning_rate': 0.04234833779382808}. Best is trial 66 with value: 0.09242397546768188.
LOCAL_RANK: 0 - CUDA_VISIBLE_DEVICES: [0]
[I 2023-11-30 01:27:51,717] Trial 109 finished with value: 0.24177221953868866 and parameters: {'gradient_clip_val': 0.3715179198299503, 'hidden_size': 100, 'dropout': 0.24120613084752818, 'hidden_continuous_size': 23, 'attention_head_size': 4, 'learning_rate': 0.050221221553425524}. Best is trial 66 with value: 0.09242397546768188.
LOCAL_RANK: 0 - CUDA_VISIBLE_DEVICES: [0]
[I 2023-11-30 01:28:05,356] Trial 110 finished with value: 0.1851666122674942 and parameters: {'gradient_clip_val': 0.21950950138173403, 'hidden_size': 81, 'dropout': 0.2716505958205297, 'hidden_continuous_size': 27, 'attention_head_size': 2, 'learning_rate': 0.09158870007578045}. Best is trial 66 with value: 0.09242397546768188.
LOCAL_RANK: 0 - CUDA_VISIBLE_DEVICES: [0]
[I 2023-11-30 01:28:19,199] Trial 111 finished with value: 0.13974030315876007 and parameters: {'gradient_clip_val': 0.4588346250919492, 'hidden_size': 95, 'dropout': 0.18606143495135383, 'hidden_continuous_size': 47, 'attention_head_size': 4, 'learning_rate': 0.07523178841006423}. Best is trial 66 with value: 0.09242397546768188.
LOCAL_RANK: 0 - CUDA_VISIBLE_DEVICES: [0]
[I 2023-11-30 01:28:32,937] Trial 112 finished with value: 0.21362225711345673 and parameters: {'gradient_clip_val': 0.41626262705012285, 'hidden_size': 74, 'dropout': 0.19834166632486433, 'hidden_continuous_size': 45, 'attention_head_size': 2, 'learning_rate': 0.06503069744037777}. Best is trial 66 with value: 0.09242397546768188.
LOCAL_RANK: 0 - CUDA_VISIBLE_DEVICES: [0]
[I 2023-11-30 01:28:46,813] Trial 113 finished with value: 0.28495585918426514 and parameters: {'gradient_clip_val': 0.4009648266174327, 'hidden_size': 104, 'dropout': 0.2298566649379119, 'hidden_continuous_size': 43, 'attention_head_size': 4, 'learning_rate': 0.056104007600986446}. Best is trial 66 with value: 0.09242397546768188.
LOCAL_RANK: 0 - CUDA_VISIBLE_DEVICES: [0]
[I 2023-11-30 01:29:00,511] Trial 114 finished with value: 0.23179543018341064 and parameters: {'gradient_clip_val': 0.2566637338697404, 'hidden_size': 112, 'dropout': 0.2590519568764436, 'hidden_continuous_size': 18, 'attention_head_size': 3, 'learning_rate': 0.07321912874443821}. Best is trial 66 with value: 0.09242397546768188.
LOCAL_RANK: 0 - CUDA_VISIBLE_DEVICES: [0]
[I 2023-11-30 01:29:14,696] Trial 115 finished with value: 0.15293560922145844 and parameters: {'gradient_clip_val': 0.23351642259969554, 'hidden_size': 150, 'dropout': 0.21142921817710206, 'hidden_continuous_size': 34, 'attention_head_size': 2, 'learning_rate': 0.04712328604666971}. Best is trial 66 with value: 0.09242397546768188.
LOCAL_RANK: 0 - CUDA_VISIBLE_DEVICES: [0]
[I 2023-11-30 01:29:28,232] Trial 116 finished with value: 0.15004022419452667 and parameters: {'gradient_clip_val': 0.29772308044766654, 'hidden_size': 91, 'dropout': 0.28505319215671904, 'hidden_continuous_size': 31, 'attention_head_size': 4, 'learning_rate': 0.029155722481461182}. Best is trial 66 with value: 0.09242397546768188.
LOCAL_RANK: 0 - CUDA_VISIBLE_DEVICES: [0]
[I 2023-11-30 01:29:42,159] Trial 117 finished with value: 0.29033222794532776 and parameters: {'gradient_clip_val': 0.27864230493269354, 'hidden_size': 121, 'dropout': 0.19013065918572106, 'hidden_continuous_size': 20, 'attention_head_size': 1, 'learning_rate': 0.06189584283145915}. Best is trial 66 with value: 0.09242397546768188.
LOCAL_RANK: 0 - CUDA_VISIBLE_DEVICES: [0]
[I 2023-11-30 01:29:56,066] Trial 118 finished with value: 0.2073010951280594 and parameters: {'gradient_clip_val': 0.5208595670363744, 'hidden_size': 86, 'dropout': 0.22156710735709803, 'hidden_continuous_size': 50, 'attention_head_size': 3, 'learning_rate': 0.026036925524062227}. Best is trial 66 with value: 0.09242397546768188.
LOCAL_RANK: 0 - CUDA_VISIBLE_DEVICES: [0]
[I 2023-11-30 01:30:09,537] Trial 119 finished with value: 0.19682268798351288 and parameters: {'gradient_clip_val': 0.4745818475280078, 'hidden_size': 78, 'dropout': 0.2041677029391617, 'hidden_continuous_size': 26, 'attention_head_size': 2, 'learning_rate': 0.08053245931136835}. Best is trial 66 with value: 0.09242397546768188.
LOCAL_RANK: 0 - CUDA_VISIBLE_DEVICES: [0]
[I 2023-11-30 01:30:23,117] Trial 120 finished with value: 0.1414061337709427 and parameters: {'gradient_clip_val': 0.24761626885008858, 'hidden_size': 62, 'dropout': 0.27878428071942785, 'hidden_continuous_size': 46, 'attention_head_size': 4, 'learning_rate': 0.052784634905521384}. Best is trial 66 with value: 0.09242397546768188.
LOCAL_RANK: 0 - CUDA_VISIBLE_DEVICES: [0]
[I 2023-11-30 01:30:36,607] Trial 121 finished with value: 0.2345515340566635 and parameters: {'gradient_clip_val': 0.26887208212565766, 'hidden_size': 71, 'dropout': 0.2696782677169756, 'hidden_continuous_size': 25, 'attention_head_size': 4, 'learning_rate': 0.03914619913978569}. Best is trial 66 with value: 0.09242397546768188.
LOCAL_RANK: 0 - CUDA_VISIBLE_DEVICES: [0]
[I 2023-11-30 01:30:50,308] Trial 122 finished with value: 0.2301514595746994 and parameters: {'gradient_clip_val': 0.27508583698297207, 'hidden_size': 82, 'dropout': 0.2741283916152118, 'hidden_continuous_size': 24, 'attention_head_size': 4, 'learning_rate': 0.04179863605469232}. Best is trial 66 with value: 0.09242397546768188.
LOCAL_RANK: 0 - CUDA_VISIBLE_DEVICES: [0]
[I 2023-11-30 01:31:03,612] Trial 123 finished with value: 0.137920543551445 and parameters: {'gradient_clip_val': 0.29072260589097904, 'hidden_size': 59, 'dropout': 0.2547472402259118, 'hidden_continuous_size': 23, 'attention_head_size': 4, 'learning_rate': 0.03502115283763368}. Best is trial 66 with value: 0.09242397546768188.
LOCAL_RANK: 0 - CUDA_VISIBLE_DEVICES: [0]
[I 2023-11-30 01:31:16,919] Trial 124 finished with value: 0.1877424269914627 and parameters: {'gradient_clip_val': 0.33268633220990423, 'hidden_size': 56, 'dropout': 0.247745525005163, 'hidden_continuous_size': 42, 'attention_head_size': 4, 'learning_rate': 0.032740330505558655}. Best is trial 66 with value: 0.09242397546768188.
LOCAL_RANK: 0 - CUDA_VISIBLE_DEVICES: [0]
[I 2023-11-30 01:31:30,977] Trial 125 finished with value: 0.24098074436187744 and parameters: {'gradient_clip_val': 0.29110612335172387, 'hidden_size': 97, 'dropout': 0.2648475801274539, 'hidden_continuous_size': 55, 'attention_head_size': 4, 'learning_rate': 0.03536568780089041}. Best is trial 66 with value: 0.09242397546768188.
LOCAL_RANK: 0 - CUDA_VISIBLE_DEVICES: [0]
[I 2023-11-30 01:31:44,428] Trial 126 finished with value: 0.14050202071666718 and parameters: {'gradient_clip_val': 0.3056302480233614, 'hidden_size': 66, 'dropout': 0.2542057729635163, 'hidden_continuous_size': 23, 'attention_head_size': 4, 'learning_rate': 0.04564719009689287}. Best is trial 66 with value: 0.09242397546768188.
LOCAL_RANK: 0 - CUDA_VISIBLE_DEVICES: [0]
[I 2023-11-30 01:31:58,115] Trial 127 finished with value: 0.16804857552051544 and parameters: {'gradient_clip_val': 0.35849332033478004, 'hidden_size': 75, 'dropout': 0.23976346529747783, 'hidden_continuous_size': 40, 'attention_head_size': 2, 'learning_rate': 0.07051451376380569}. Best is trial 66 with value: 0.09242397546768188.
LOCAL_RANK: 0 - CUDA_VISIBLE_DEVICES: [0]
[I 2023-11-30 01:32:11,842] Trial 128 finished with value: 0.15045155584812164 and parameters: {'gradient_clip_val': 0.38062424081670415, 'hidden_size': 103, 'dropout': 0.2620673160504727, 'hidden_continuous_size': 30, 'attention_head_size': 4, 'learning_rate': 0.023683972051653113}. Best is trial 66 with value: 0.09242397546768188.
LOCAL_RANK: 0 - CUDA_VISIBLE_DEVICES: [0]
[I 2023-11-30 01:32:25,403] Trial 129 finished with value: 0.19648869335651398 and parameters: {'gradient_clip_val': 0.44919749076894405, 'hidden_size': 67, 'dropout': 0.17689359453732748, 'hidden_continuous_size': 49, 'attention_head_size': 2, 'learning_rate': 0.058890333953897187}. Best is trial 66 with value: 0.09242397546768188.
LOCAL_RANK: 0 - CUDA_VISIBLE_DEVICES: [0]
[I 2023-11-30 01:32:38,819] Trial 130 finished with value: 0.13352973759174347 and parameters: {'gradient_clip_val': 0.31293083325205234, 'hidden_size': 49, 'dropout': 0.1955192568441126, 'hidden_continuous_size': 44, 'attention_head_size': 3, 'learning_rate': 0.04980976081125286}. Best is trial 66 with value: 0.09242397546768188.
LOCAL_RANK: 0 - CUDA_VISIBLE_DEVICES: [0]
[I 2023-11-30 01:32:52,062] Trial 131 finished with value: 0.12305279821157455 and parameters: {'gradient_clip_val': 0.31768032654489153, 'hidden_size': 60, 'dropout': 0.18070185586072637, 'hidden_continuous_size': 37, 'attention_head_size': 3, 'learning_rate': 0.05020945944625605}. Best is trial 66 with value: 0.09242397546768188.
LOCAL_RANK: 0 - CUDA_VISIBLE_DEVICES: [0]
[I 2023-11-30 01:33:05,531] Trial 132 finished with value: 0.18109221756458282 and parameters: {'gradient_clip_val': 0.31524096868816853, 'hidden_size': 50, 'dropout': 0.19637011968123985, 'hidden_continuous_size': 37, 'attention_head_size': 3, 'learning_rate': 0.05053350148586376}. Best is trial 66 with value: 0.09242397546768188.
LOCAL_RANK: 0 - CUDA_VISIBLE_DEVICES: [0]
[I 2023-11-30 01:33:18,715] Trial 133 finished with value: 0.1747029423713684 and parameters: {'gradient_clip_val': 0.341273112805112, 'hidden_size': 45, 'dropout': 0.19047944723228405, 'hidden_continuous_size': 40, 'attention_head_size': 3, 'learning_rate': 0.05578875137354489}. Best is trial 66 with value: 0.09242397546768188.
LOCAL_RANK: 0 - CUDA_VISIBLE_DEVICES: [0]
[I 2023-11-30 01:33:32,592] Trial 134 finished with value: 0.22026972472667694 and parameters: {'gradient_clip_val': 0.4986387564769352, 'hidden_size': 71, 'dropout': 0.18286159689474593, 'hidden_continuous_size': 44, 'attention_head_size': 3, 'learning_rate': 0.0680795227996201}. Best is trial 66 with value: 0.09242397546768188.
LOCAL_RANK: 0 - CUDA_VISIBLE_DEVICES: [0]
[I 2023-11-30 01:33:46,382] Trial 135 finished with value: 0.10510943084955215 and parameters: {'gradient_clip_val': 0.32348572125217834, 'hidden_size': 93, 'dropout': 0.19975877631832717, 'hidden_continuous_size': 35, 'attention_head_size': 3, 'learning_rate': 0.0470879419186369}. Best is trial 66 with value: 0.09242397546768188.
LOCAL_RANK: 0 - CUDA_VISIBLE_DEVICES: [0]
[I 2023-11-30 01:34:00,085] Trial 136 finished with value: 0.17826427519321442 and parameters: {'gradient_clip_val': 0.31126719208893044, 'hidden_size': 88, 'dropout': 0.20858829554508795, 'hidden_continuous_size': 34, 'attention_head_size': 3, 'learning_rate': 0.04629522502490117}. Best is trial 66 with value: 0.09242397546768188.
LOCAL_RANK: 0 - CUDA_VISIBLE_DEVICES: [0]
[I 2023-11-30 01:34:13,629] Trial 137 finished with value: 0.134629487991333 and parameters: {'gradient_clip_val': 0.35991390751237917, 'hidden_size': 63, 'dropout': 0.21611286452873568, 'hidden_continuous_size': 32, 'attention_head_size': 3, 'learning_rate': 0.04046509056533772}. Best is trial 66 with value: 0.09242397546768188.
LOCAL_RANK: 0 - CUDA_VISIBLE_DEVICES: [0]
[I 2023-11-30 01:34:26,128] Trial 138 finished with value: 0.16689454019069672 and parameters: {'gradient_clip_val': 0.3263317919303482, 'hidden_size': 25, 'dropout': 0.199566499365886, 'hidden_continuous_size': 24, 'attention_head_size': 3, 'learning_rate': 0.05066748900402235}. Best is trial 66 with value: 0.09242397546768188.
LOCAL_RANK: 0 - CUDA_VISIBLE_DEVICES: [0]
[I 2023-11-30 01:34:39,879] Trial 139 finished with value: 0.3646601140499115 and parameters: {'gradient_clip_val': 0.3028348761918098, 'hidden_size': 92, 'dropout': 0.19490613071995552, 'hidden_continuous_size': 35, 'attention_head_size': 3, 'learning_rate': 0.043479864535758785}. Best is trial 66 with value: 0.09242397546768188.
LOCAL_RANK: 0 - CUDA_VISIBLE_DEVICES: [0]
[I 2023-11-30 01:34:53,548] Trial 140 finished with value: 0.26456817984580994 and parameters: {'gradient_clip_val': 0.2581026488532012, 'hidden_size': 77, 'dropout': 0.1673187178661133, 'hidden_continuous_size': 38, 'attention_head_size': 3, 'learning_rate': 0.062606189703405}. Best is trial 66 with value: 0.09242397546768188.
LOCAL_RANK: 0 - CUDA_VISIBLE_DEVICES: [0]
[I 2023-11-30 01:35:06,932] Trial 141 finished with value: 0.1585618555545807 and parameters: {'gradient_clip_val': 0.35593527043290235, 'hidden_size': 68, 'dropout': 0.217743014168745, 'hidden_continuous_size': 37, 'attention_head_size': 3, 'learning_rate': 0.038743746733391635}. Best is trial 66 with value: 0.09242397546768188.
LOCAL_RANK: 0 - CUDA_VISIBLE_DEVICES: [0]
[I 2023-11-30 01:35:20,638] Trial 142 finished with value: 0.10322993993759155 and parameters: {'gradient_clip_val': 0.3730443278205261, 'hidden_size': 63, 'dropout': 0.21455588363126887, 'hidden_continuous_size': 32, 'attention_head_size': 3, 'learning_rate': 0.04045490139212922}. Best is trial 66 with value: 0.09242397546768188.
LOCAL_RANK: 0 - CUDA_VISIBLE_DEVICES: [0]
[I 2023-11-30 01:35:34,002] Trial 143 finished with value: 0.12857124209403992 and parameters: {'gradient_clip_val': 0.33355786466757487, 'hidden_size': 80, 'dropout': 0.2050483635339083, 'hidden_continuous_size': 29, 'attention_head_size': 3, 'learning_rate': 0.05298052353313083}. Best is trial 66 with value: 0.09242397546768188.
LOCAL_RANK: 0 - CUDA_VISIBLE_DEVICES: [0]
[I 2023-11-30 01:35:47,548] Trial 144 finished with value: 0.15216828882694244 and parameters: {'gradient_clip_val': 0.3920276347733188, 'hidden_size': 81, 'dropout': 0.2234003070565669, 'hidden_continuous_size': 28, 'attention_head_size': 3, 'learning_rate': 0.05525048592209143}. Best is trial 66 with value: 0.09242397546768188.
LOCAL_RANK: 0 - CUDA_VISIBLE_DEVICES: [0]
[I 2023-11-30 01:36:01,096] Trial 145 finished with value: 0.14332537353038788 and parameters: {'gradient_clip_val': 0.3433078218038462, 'hidden_size': 73, 'dropout': 0.20543724110421066, 'hidden_continuous_size': 30, 'attention_head_size': 3, 'learning_rate': 0.030082559784225138}. Best is trial 66 with value: 0.09242397546768188.
LOCAL_RANK: 0 - CUDA_VISIBLE_DEVICES: [0]
[I 2023-11-30 01:36:14,925] Trial 146 finished with value: 0.17078208923339844 and parameters: {'gradient_clip_val': 0.3291400653932909, 'hidden_size': 86, 'dropout': 0.21102361301801217, 'hidden_continuous_size': 32, 'attention_head_size': 3, 'learning_rate': 0.045671236306010325}. Best is trial 66 with value: 0.09242397546768188.
LOCAL_RANK: 0 - CUDA_VISIBLE_DEVICES: [0]
[I 2023-11-30 01:36:28,883] Trial 147 finished with value: 0.22376179695129395 and parameters: {'gradient_clip_val': 0.414260805313068, 'hidden_size': 93, 'dropout': 0.22956284098804972, 'hidden_continuous_size': 34, 'attention_head_size': 2, 'learning_rate': 0.03710106736312544}. Best is trial 66 with value: 0.09242397546768188.
LOCAL_RANK: 0 - CUDA_VISIBLE_DEVICES: [0]
[I 2023-11-30 01:36:42,584] Trial 148 finished with value: 0.14313383400440216 and parameters: {'gradient_clip_val': 0.3807985301352238, 'hidden_size': 79, 'dropout': 0.20239038471852588, 'hidden_continuous_size': 27, 'attention_head_size': 3, 'learning_rate': 0.042331109341715176}. Best is trial 66 with value: 0.09242397546768188.
LOCAL_RANK: 0 - CUDA_VISIBLE_DEVICES: [0]
