[I 2023-11-30 01:49:43,364] Trial 56 finished with value: 0.13326594233512878 and parameters: {'gradient_clip_val': 0.7778471380019724, 'hidden_size': 144, 'dropout': 0.3138488020726664, 'hidden_continuous_size': 43, 'attention_head_size': 2, 'learning_rate': 0.006559524354775214}. Best is trial 55 with value: 0.058706700801849365.
LOCAL_RANK: 0 - CUDA_VISIBLE_DEVICES: [0]
[I 2023-11-30 01:49:57,455] Trial 57 finished with value: 0.45094671845436096 and parameters: {'gradient_clip_val': 0.7045967070093163, 'hidden_size': 117, 'dropout': 0.33833662981602236, 'hidden_continuous_size': 55, 'attention_head_size': 4, 'learning_rate': 0.02113017522686145}. Best is trial 55 with value: 0.058706700801849365.
LOCAL_RANK: 0 - CUDA_VISIBLE_DEVICES: [0]
[I 2023-11-30 01:50:11,790] Trial 58 finished with value: 0.17081622779369354 and parameters: {'gradient_clip_val': 0.5898798564635737, 'hidden_size': 133, 'dropout': 0.2928436581583868, 'hidden_continuous_size': 46, 'attention_head_size': 3, 'learning_rate': 0.026817079818750297}. Best is trial 55 with value: 0.058706700801849365.
LOCAL_RANK: 0 - CUDA_VISIBLE_DEVICES: [0]
[I 2023-11-30 01:50:25,415] Trial 59 finished with value: 0.7927041053771973 and parameters: {'gradient_clip_val': 0.5202143036194476, 'hidden_size': 106, 'dropout': 0.3097775550497223, 'hidden_continuous_size': 23, 'attention_head_size': 2, 'learning_rate': 0.011324086893442121}. Best is trial 55 with value: 0.058706700801849365.
LOCAL_RANK: 0 - CUDA_VISIBLE_DEVICES: [0]
[I 2023-11-30 01:50:39,565] Trial 60 finished with value: 0.1366029679775238 and parameters: {'gradient_clip_val': 0.9093443024864978, 'hidden_size': 138, 'dropout': 0.27765764735299797, 'hidden_continuous_size': 21, 'attention_head_size': 4, 'learning_rate': 0.008268610324325557}. Best is trial 55 with value: 0.058706700801849365.
LOCAL_RANK: 0 - CUDA_VISIBLE_DEVICES: [0]
[I 2023-11-30 01:50:53,447] Trial 61 finished with value: 0.17798449099063873 and parameters: {'gradient_clip_val': 0.6300149966792966, 'hidden_size': 94, 'dropout': 0.2947695175982262, 'hidden_continuous_size': 38, 'attention_head_size': 4, 'learning_rate': 0.015241237740424352}. Best is trial 55 with value: 0.058706700801849365.
LOCAL_RANK: 0 - CUDA_VISIBLE_DEVICES: [0]
[I 2023-11-30 01:51:07,354] Trial 62 finished with value: 0.1113380715250969 and parameters: {'gradient_clip_val': 0.6932464166019128, 'hidden_size': 120, 'dropout': 0.3081061258495076, 'hidden_continuous_size': 30, 'attention_head_size': 4, 'learning_rate': 0.010497526296454824}. Best is trial 55 with value: 0.058706700801849365.
LOCAL_RANK: 0 - CUDA_VISIBLE_DEVICES: [0]
[I 2023-11-30 01:51:21,449] Trial 63 finished with value: 0.15854088962078094 and parameters: {'gradient_clip_val': 0.6972805889924475, 'hidden_size': 118, 'dropout': 0.30699604124026186, 'hidden_continuous_size': 28, 'attention_head_size': 4, 'learning_rate': 0.010105354149815267}. Best is trial 55 with value: 0.058706700801849365.
LOCAL_RANK: 0 - CUDA_VISIBLE_DEVICES: [0]
[I 2023-11-30 01:51:35,584] Trial 64 finished with value: 0.1926073580980301 and parameters: {'gradient_clip_val': 0.8156187531254049, 'hidden_size': 137, 'dropout': 0.3047834587645226, 'hidden_continuous_size': 17, 'attention_head_size': 4, 'learning_rate': 0.006888812427348164}. Best is trial 55 with value: 0.058706700801849365.
LOCAL_RANK: 0 - CUDA_VISIBLE_DEVICES: [0]
[I 2023-11-30 01:51:49,165] Trial 65 finished with value: 0.20644526183605194 and parameters: {'gradient_clip_val': 0.5662225311153849, 'hidden_size': 104, 'dropout': 0.3235512835765082, 'hidden_continuous_size': 25, 'attention_head_size': 3, 'learning_rate': 0.018291686350458178}. Best is trial 55 with value: 0.058706700801849365.
LOCAL_RANK: 0 - CUDA_VISIBLE_DEVICES: [0]
[I 2023-11-30 01:52:03,097] Trial 66 finished with value: 0.2363876849412918 and parameters: {'gradient_clip_val': 0.7462729537944872, 'hidden_size': 121, 'dropout': 0.29318881318353535, 'hidden_continuous_size': 22, 'attention_head_size': 4, 'learning_rate': 0.013177140072966009}. Best is trial 55 with value: 0.058706700801849365.
LOCAL_RANK: 0 - CUDA_VISIBLE_DEVICES: [0]
[I 2023-11-30 01:52:16,656] Trial 67 finished with value: 0.14323830604553223 and parameters: {'gradient_clip_val': 0.670462657388679, 'hidden_size': 93, 'dropout': 0.2823236820216433, 'hidden_continuous_size': 29, 'attention_head_size': 3, 'learning_rate': 0.008556169275190793}. Best is trial 55 with value: 0.058706700801849365.
LOCAL_RANK: 0 - CUDA_VISIBLE_DEVICES: [0]
[I 2023-11-30 01:52:31,123] Trial 68 finished with value: 0.0944117084145546 and parameters: {'gradient_clip_val': 0.8349232252112492, 'hidden_size': 135, 'dropout': 0.31709453485946604, 'hidden_continuous_size': 37, 'attention_head_size': 4, 'learning_rate': 0.016044062678751005}. Best is trial 55 with value: 0.058706700801849365.
LOCAL_RANK: 0 - CUDA_VISIBLE_DEVICES: [0]
[I 2023-11-30 01:52:45,083] Trial 69 finished with value: 0.1434992104768753 and parameters: {'gradient_clip_val': 0.8541006813481188, 'hidden_size': 137, 'dropout': 0.3307741514858322, 'hidden_continuous_size': 41, 'attention_head_size': 2, 'learning_rate': 0.016460612177360803}. Best is trial 55 with value: 0.058706700801849365.
LOCAL_RANK: 0 - CUDA_VISIBLE_DEVICES: [0]
[I 2023-11-30 01:52:59,604] Trial 70 finished with value: 0.09406280517578125 and parameters: {'gradient_clip_val': 0.9388272234844699, 'hidden_size': 149, 'dropout': 0.35667850553235114, 'hidden_continuous_size': 59, 'attention_head_size': 4, 'learning_rate': 0.022312651472730555}. Best is trial 55 with value: 0.058706700801849365.
LOCAL_RANK: 0 - CUDA_VISIBLE_DEVICES: [0]
[I 2023-11-30 01:53:14,102] Trial 71 finished with value: 0.08571688085794449 and parameters: {'gradient_clip_val': 0.9174664569493511, 'hidden_size': 150, 'dropout': 0.35480637980341584, 'hidden_continuous_size': 59, 'attention_head_size': 4, 'learning_rate': 0.01968791850910636}. Best is trial 55 with value: 0.058706700801849365.
LOCAL_RANK: 0 - CUDA_VISIBLE_DEVICES: [0]
[I 2023-11-30 01:53:28,618] Trial 72 finished with value: 0.11465641111135483 and parameters: {'gradient_clip_val': 0.9544410999532339, 'hidden_size': 150, 'dropout': 0.3671904600803424, 'hidden_continuous_size': 59, 'attention_head_size': 4, 'learning_rate': 0.022521178364354442}. Best is trial 55 with value: 0.058706700801849365.
LOCAL_RANK: 0 - CUDA_VISIBLE_DEVICES: [0]
[I 2023-11-30 01:53:43,153] Trial 73 finished with value: 0.39970433712005615 and parameters: {'gradient_clip_val': 0.9996283697335181, 'hidden_size': 129, 'dropout': 0.350824485116755, 'hidden_continuous_size': 65, 'attention_head_size': 4, 'learning_rate': 0.018947887655378956}. Best is trial 55 with value: 0.058706700801849365.
LOCAL_RANK: 0 - CUDA_VISIBLE_DEVICES: [0]
[I 2023-11-30 01:53:57,450] Trial 74 finished with value: 0.18225443363189697 and parameters: {'gradient_clip_val': 0.8423827501669551, 'hidden_size': 141, 'dropout': 0.36756082794123934, 'hidden_continuous_size': 48, 'attention_head_size': 4, 'learning_rate': 0.02992113893848448}. Best is trial 55 with value: 0.058706700801849365.
LOCAL_RANK: 0 - CUDA_VISIBLE_DEVICES: [0]
[I 2023-11-30 01:54:11,462] Trial 75 finished with value: 0.16322177648544312 and parameters: {'gradient_clip_val': 0.9094914062821233, 'hidden_size': 111, 'dropout': 0.33374555914201304, 'hidden_continuous_size': 53, 'attention_head_size': 4, 'learning_rate': 0.02505502630403824}. Best is trial 55 with value: 0.058706700801849365.
LOCAL_RANK: 0 - CUDA_VISIBLE_DEVICES: [0]
[I 2023-11-30 01:54:25,611] Trial 76 finished with value: 0.42166683077812195 and parameters: {'gradient_clip_val': 0.778576667302672, 'hidden_size': 134, 'dropout': 0.36040545635142957, 'hidden_continuous_size': 44, 'attention_head_size': 3, 'learning_rate': 0.017004070563064112}. Best is trial 55 with value: 0.058706700801849365.
LOCAL_RANK: 0 - CUDA_VISIBLE_DEVICES: [0]
[I 2023-11-30 01:54:39,765] Trial 77 finished with value: 0.1564965546131134 and parameters: {'gradient_clip_val': 0.7880994413659101, 'hidden_size': 125, 'dropout': 0.32188135566314424, 'hidden_continuous_size': 49, 'attention_head_size': 4, 'learning_rate': 0.03496967069286256}. Best is trial 55 with value: 0.058706700801849365.
LOCAL_RANK: 0 - CUDA_VISIBLE_DEVICES: [0]
[I 2023-11-30 01:54:53,884] Trial 78 finished with value: 0.15402117371559143 and parameters: {'gradient_clip_val': 0.9323578622842668, 'hidden_size': 112, 'dropout': 0.31626063726935894, 'hidden_continuous_size': 73, 'attention_head_size': 3, 'learning_rate': 0.01943275782937812}. Best is trial 55 with value: 0.058706700801849365.
LOCAL_RANK: 0 - CUDA_VISIBLE_DEVICES: [0]
[I 2023-11-30 01:55:08,194] Trial 79 finished with value: 0.11878936737775803 and parameters: {'gradient_clip_val': 0.8557669296003907, 'hidden_size': 148, 'dropout': 0.3443602018862468, 'hidden_continuous_size': 45, 'attention_head_size': 4, 'learning_rate': 0.02812345284204865}. Best is trial 55 with value: 0.058706700801849365.
LOCAL_RANK: 0 - CUDA_VISIBLE_DEVICES: [0]
[I 2023-11-30 01:55:22,007] Trial 80 finished with value: 0.11988087743520737 and parameters: {'gradient_clip_val': 0.7706954040469978, 'hidden_size': 132, 'dropout': 0.2979772087769329, 'hidden_continuous_size': 40, 'attention_head_size': 1, 'learning_rate': 0.013971878298083905}. Best is trial 55 with value: 0.058706700801849365.
LOCAL_RANK: 0 - CUDA_VISIBLE_DEVICES: [0]
[I 2023-11-30 01:55:35,976] Trial 81 finished with value: 0.26541194319725037 and parameters: {'gradient_clip_val': 0.726437832944803, 'hidden_size': 121, 'dropout': 0.3054905412548173, 'hidden_continuous_size': 31, 'attention_head_size': 4, 'learning_rate': 0.02204410526619885}. Best is trial 55 with value: 0.058706700801849365.
LOCAL_RANK: 0 - CUDA_VISIBLE_DEVICES: [0]
[I 2023-11-30 01:55:49,874] Trial 82 finished with value: 0.2050001621246338 and parameters: {'gradient_clip_val': 0.6589988246256051, 'hidden_size': 103, 'dropout': 0.31512427685622457, 'hidden_continuous_size': 35, 'attention_head_size': 4, 'learning_rate': 0.0112278036238213}. Best is trial 55 with value: 0.058706700801849365.
LOCAL_RANK: 0 - CUDA_VISIBLE_DEVICES: [0]
[I 2023-11-30 01:56:03,950] Trial 83 finished with value: 0.24961912631988525 and parameters: {'gradient_clip_val': 0.9191838188510779, 'hidden_size': 118, 'dropout': 0.3368600721883557, 'hidden_continuous_size': 30, 'attention_head_size': 4, 'learning_rate': 0.015122209818022}. Best is trial 55 with value: 0.058706700801849365.
LOCAL_RANK: 0 - CUDA_VISIBLE_DEVICES: [0]
[I 2023-11-30 01:56:18,316] Trial 84 finished with value: 0.5646675229072571 and parameters: {'gradient_clip_val': 0.601618907334203, 'hidden_size': 150, 'dropout': 0.29984901655099977, 'hidden_continuous_size': 27, 'attention_head_size': 4, 'learning_rate': 0.013254302793119989}. Best is trial 55 with value: 0.058706700801849365.
LOCAL_RANK: 0 - CUDA_VISIBLE_DEVICES: [0]
[I 2023-11-30 01:56:32,362] Trial 85 finished with value: 0.0943148210644722 and parameters: {'gradient_clip_val': 0.8129001890041034, 'hidden_size': 127, 'dropout': 0.3223785963969623, 'hidden_continuous_size': 33, 'attention_head_size': 4, 'learning_rate': 0.01688769574317427}. Best is trial 55 with value: 0.058706700801849365.
LOCAL_RANK: 0 - CUDA_VISIBLE_DEVICES: [0]
[I 2023-11-30 01:56:46,648] Trial 86 finished with value: 0.09740793704986572 and parameters: {'gradient_clip_val': 0.8396155705272776, 'hidden_size': 138, 'dropout': 0.28704864037353556, 'hidden_continuous_size': 42, 'attention_head_size': 4, 'learning_rate': 0.017617196065420566}. Best is trial 55 with value: 0.058706700801849365.
LOCAL_RANK: 0 - CUDA_VISIBLE_DEVICES: [0]
[I 2023-11-30 01:57:00,935] Trial 87 finished with value: 0.2355055809020996 and parameters: {'gradient_clip_val': 0.8306070795213741, 'hidden_size': 140, 'dropout': 0.28664451786306966, 'hidden_continuous_size': 50, 'attention_head_size': 4, 'learning_rate': 0.0177864931329194}. Best is trial 55 with value: 0.058706700801849365.
LOCAL_RANK: 0 - CUDA_VISIBLE_DEVICES: [0]
[I 2023-11-30 01:57:15,066] Trial 88 finished with value: 0.3722446858882904 and parameters: {'gradient_clip_val': 0.8774008207753604, 'hidden_size': 129, 'dropout': 0.3233760431015861, 'hidden_continuous_size': 41, 'attention_head_size': 4, 'learning_rate': 0.02024322198352982}. Best is trial 55 with value: 0.058706700801849365.
LOCAL_RANK: 0 - CUDA_VISIBLE_DEVICES: [0]
[I 2023-11-30 01:57:29,318] Trial 89 finished with value: 0.731816291809082 and parameters: {'gradient_clip_val': 0.9489248529599384, 'hidden_size': 135, 'dropout': 0.3748826963602765, 'hidden_continuous_size': 38, 'attention_head_size': 4, 'learning_rate': 0.015932450424845996}. Best is trial 55 with value: 0.058706700801849365.
LOCAL_RANK: 0 - CUDA_VISIBLE_DEVICES: [0]
[I 2023-11-30 01:57:43,296] Trial 90 finished with value: 0.41309645771980286 and parameters: {'gradient_clip_val': 0.8168370657795739, 'hidden_size': 110, 'dropout': 0.32916161181003234, 'hidden_continuous_size': 34, 'attention_head_size': 4, 'learning_rate': 0.02361492111284985}. Best is trial 55 with value: 0.058706700801849365.
LOCAL_RANK: 0 - CUDA_VISIBLE_DEVICES: [0]
[I 2023-11-30 01:57:57,277] Trial 91 finished with value: 0.2125524878501892 and parameters: {'gradient_clip_val': 0.7650038166166392, 'hidden_size': 124, 'dropout': 0.288788453840801, 'hidden_continuous_size': 44, 'attention_head_size': 4, 'learning_rate': 0.020402191769689697}. Best is trial 55 with value: 0.058706700801849365.
LOCAL_RANK: 0 - CUDA_VISIBLE_DEVICES: [0]
[I 2023-11-30 01:58:11,352] Trial 92 finished with value: 0.08686232566833496 and parameters: {'gradient_clip_val': 0.7428095274046173, 'hidden_size': 98, 'dropout': 0.343593064292366, 'hidden_continuous_size': 36, 'attention_head_size': 4, 'learning_rate': 0.012575440753649235}. Best is trial 55 with value: 0.058706700801849365.
LOCAL_RANK: 0 - CUDA_VISIBLE_DEVICES: [0]
[I 2023-11-30 01:58:25,549] Trial 93 finished with value: 0.14737214148044586 and parameters: {'gradient_clip_val': 0.8102740292490829, 'hidden_size': 141, 'dropout': 0.3390734461885148, 'hidden_continuous_size': 37, 'attention_head_size': 4, 'learning_rate': 0.012365877979229905}. Best is trial 55 with value: 0.058706700801849365.
LOCAL_RANK: 0 - CUDA_VISIBLE_DEVICES: [0]
[I 2023-11-30 01:58:39,460] Trial 94 finished with value: 0.09488321095705032 and parameters: {'gradient_clip_val': 0.8746256927015297, 'hidden_size': 99, 'dropout': 0.3491942510609858, 'hidden_continuous_size': 42, 'attention_head_size': 4, 'learning_rate': 0.017494082589519896}. Best is trial 55 with value: 0.058706700801849365.
LOCAL_RANK: 0 - CUDA_VISIBLE_DEVICES: [0]
[I 2023-11-30 01:58:53,260] Trial 95 finished with value: 0.2285522073507309 and parameters: {'gradient_clip_val': 0.9925262346112872, 'hidden_size': 98, 'dropout': 0.3541937248532222, 'hidden_continuous_size': 42, 'attention_head_size': 4, 'learning_rate': 0.014405337418716694}. Best is trial 55 with value: 0.058706700801849365.
LOCAL_RANK: 0 - CUDA_VISIBLE_DEVICES: [0]
[I 2023-11-30 01:59:07,183] Trial 96 finished with value: 0.19319593906402588 and parameters: {'gradient_clip_val': 0.9088686381799861, 'hidden_size': 90, 'dropout': 0.344523663909651, 'hidden_continuous_size': 40, 'attention_head_size': 4, 'learning_rate': 0.01573184182745631}. Best is trial 55 with value: 0.058706700801849365.
LOCAL_RANK: 0 - CUDA_VISIBLE_DEVICES: [0]
[I 2023-11-30 01:59:21,400] Trial 97 finished with value: 0.26922768354415894 and parameters: {'gradient_clip_val': 0.8761027393620648, 'hidden_size': 115, 'dropout': 0.3574522793502832, 'hidden_continuous_size': 46, 'attention_head_size': 4, 'learning_rate': 0.017186419555591928}. Best is trial 55 with value: 0.058706700801849365.
LOCAL_RANK: 0 - CUDA_VISIBLE_DEVICES: [0]
[I 2023-11-30 01:59:35,498] Trial 98 finished with value: 0.08570625633001328 and parameters: {'gradient_clip_val': 0.7344429630939837, 'hidden_size': 127, 'dropout': 0.35060476492440673, 'hidden_continuous_size': 36, 'attention_head_size': 4, 'learning_rate': 0.012678218955613668}. Best is trial 55 with value: 0.058706700801849365.
LOCAL_RANK: 0 - CUDA_VISIBLE_DEVICES: [0]
[I 2023-11-30 01:59:49,472] Trial 99 finished with value: 0.0814301148056984 and parameters: {'gradient_clip_val': 0.9510643163876847, 'hidden_size': 107, 'dropout': 0.3457565971939719, 'hidden_continuous_size': 33, 'attention_head_size': 4, 'learning_rate': 0.013205916323133523}. Best is trial 55 with value: 0.058706700801849365.
LOCAL_RANK: 0 - CUDA_VISIBLE_DEVICES: [0]
[I 2023-11-30 02:00:03,339] Trial 100 finished with value: 0.15256956219673157 and parameters: {'gradient_clip_val': 0.953850624621827, 'hidden_size': 105, 'dropout': 0.3527726329908967, 'hidden_continuous_size': 36, 'attention_head_size': 4, 'learning_rate': 0.012654826026427132}. Best is trial 55 with value: 0.058706700801849365.
LOCAL_RANK: 0 - CUDA_VISIBLE_DEVICES: [0]
[I 2023-11-30 02:00:17,637] Trial 101 finished with value: 0.106048583984375 and parameters: {'gradient_clip_val': 0.8400472628556249, 'hidden_size': 142, 'dropout': 0.34510721895619423, 'hidden_continuous_size': 33, 'attention_head_size': 4, 'learning_rate': 0.010795827690974773}. Best is trial 55 with value: 0.058706700801849365.
LOCAL_RANK: 0 - CUDA_VISIBLE_DEVICES: [0]
[I 2023-11-30 02:00:31,780] Trial 102 finished with value: 0.140671506524086 and parameters: {'gradient_clip_val': 0.8886664791630993, 'hidden_size': 126, 'dropout': 0.34748094942144053, 'hidden_continuous_size': 35, 'attention_head_size': 4, 'learning_rate': 0.014207533456325378}. Best is trial 55 with value: 0.058706700801849365.
LOCAL_RANK: 0 - CUDA_VISIBLE_DEVICES: [0]
[I 2023-11-30 02:00:45,672] Trial 103 finished with value: 0.4311584234237671 and parameters: {'gradient_clip_val': 0.8048448891724103, 'hidden_size': 108, 'dropout': 0.33362997291234336, 'hidden_continuous_size': 38, 'attention_head_size': 4, 'learning_rate': 0.012141727825370855}. Best is trial 55 with value: 0.058706700801849365.
LOCAL_RANK: 0 - CUDA_VISIBLE_DEVICES: [0]
[I 2023-11-30 02:00:59,504] Trial 104 finished with value: 0.11514966934919357 and parameters: {'gradient_clip_val': 0.9347163449448502, 'hidden_size': 115, 'dropout': 0.33970881170103656, 'hidden_continuous_size': 32, 'attention_head_size': 4, 'learning_rate': 0.00963536469326475}. Best is trial 55 with value: 0.058706700801849365.
LOCAL_RANK: 0 - CUDA_VISIBLE_DEVICES: [0]
[I 2023-11-30 02:01:13,383] Trial 105 finished with value: 0.13364481925964355 and parameters: {'gradient_clip_val': 0.7477699254497191, 'hidden_size': 97, 'dropout': 0.3637046822372297, 'hidden_continuous_size': 39, 'attention_head_size': 4, 'learning_rate': 0.018982637728239587}. Best is trial 55 with value: 0.058706700801849365.
LOCAL_RANK: 0 - CUDA_VISIBLE_DEVICES: [0]
[I 2023-11-30 02:01:27,616] Trial 106 finished with value: 0.11952119320631027 and parameters: {'gradient_clip_val': 0.7231576319065651, 'hidden_size': 133, 'dropout': 0.32984733653341336, 'hidden_continuous_size': 42, 'attention_head_size': 4, 'learning_rate': 0.015300620982784764}. Best is trial 55 with value: 0.058706700801849365.
LOCAL_RANK: 0 - CUDA_VISIBLE_DEVICES: [0]
[I 2023-11-30 02:01:41,857] Trial 107 finished with value: 0.13744215667247772 and parameters: {'gradient_clip_val': 0.8545707652322966, 'hidden_size': 121, 'dropout': 0.3777230739950811, 'hidden_continuous_size': 36, 'attention_head_size': 4, 'learning_rate': 0.0129829906313834}. Best is trial 55 with value: 0.058706700801849365.
LOCAL_RANK: 0 - CUDA_VISIBLE_DEVICES: [0]
[I 2023-11-30 02:01:56,160] Trial 108 finished with value: 0.10744255036115646 and parameters: {'gradient_clip_val': 0.6933165597729765, 'hidden_size': 143, 'dropout': 0.3524260874424905, 'hidden_continuous_size': 39, 'attention_head_size': 4, 'learning_rate': 0.01128523487511823}. Best is trial 55 with value: 0.058706700801849365.
LOCAL_RANK: 0 - CUDA_VISIBLE_DEVICES: [0]
[I 2023-11-30 02:02:09,627] Trial 109 finished with value: 0.11368148773908615 and parameters: {'gradient_clip_val': 0.6472421395525172, 'hidden_size': 84, 'dropout': 0.3220499401004017, 'hidden_continuous_size': 34, 'attention_head_size': 4, 'learning_rate': 0.016440270492650913}. Best is trial 55 with value: 0.058706700801849365.
LOCAL_RANK: 0 - CUDA_VISIBLE_DEVICES: [0]
[I 2023-11-30 02:02:23,305] Trial 110 finished with value: 0.3418276309967041 and parameters: {'gradient_clip_val': 0.7796399455425772, 'hidden_size': 93, 'dropout': 0.3581539867478059, 'hidden_continuous_size': 32, 'attention_head_size': 4, 'learning_rate': 0.021000273384641114}. Best is trial 55 with value: 0.058706700801849365.
LOCAL_RANK: 0 - CUDA_VISIBLE_DEVICES: [0]
[I 2023-11-30 02:02:37,364] Trial 111 finished with value: 0.30861547589302063 and parameters: {'gradient_clip_val': 0.8976180085985881, 'hidden_size': 131, 'dropout': 0.3125358440123988, 'hidden_continuous_size': 42, 'attention_head_size': 4, 'learning_rate': 0.017742306935813457}. Best is trial 55 with value: 0.058706700801849365.
LOCAL_RANK: 0 - CUDA_VISIBLE_DEVICES: [0]
[I 2023-11-30 02:02:51,553] Trial 112 finished with value: 0.06869988888502121 and parameters: {'gradient_clip_val': 0.9954646558374024, 'hidden_size': 124, 'dropout': 0.31803346052718234, 'hidden_continuous_size': 47, 'attention_head_size': 4, 'learning_rate': 0.014085649727672223}. Best is trial 55 with value: 0.058706700801849365.
LOCAL_RANK: 0 - CUDA_VISIBLE_DEVICES: [0]
[I 2023-11-30 02:03:05,741] Trial 113 finished with value: 0.2079273909330368 and parameters: {'gradient_clip_val': 0.9978944312529896, 'hidden_size': 123, 'dropout': 0.31886191823897064, 'hidden_continuous_size': 46, 'attention_head_size': 4, 'learning_rate': 0.013954044704872458}. Best is trial 55 with value: 0.058706700801849365.
LOCAL_RANK: 0 - CUDA_VISIBLE_DEVICES: [0]
