[I 2023-11-30 14:13:34,228] Trial 9 finished with value: 22.22600746154785 and parameters: {'gradient_clip_val': 0.5808526969328927, 'hidden_size': 41, 'dropout': 0.1614940513421661, 'hidden_continuous_size': 29, 'attention_head_size': 1, 'learning_rate': 0.005971356289620656}. Best is trial 6 with value: 17.66575050354004.
LOCAL_RANK: 0 - CUDA_VISIBLE_DEVICES: [0]
[I 2023-11-30 14:13:49,733] Trial 10 finished with value: 19.43864631652832 and parameters: {'gradient_clip_val': 0.9938318760823904, 'hidden_size': 81, 'dropout': 0.10887683439007373, 'hidden_continuous_size': 60, 'attention_head_size': 4, 'learning_rate': 0.07858093648164391}. Best is trial 6 with value: 17.66575050354004.
LOCAL_RANK: 0 - CUDA_VISIBLE_DEVICES: [0]
[I 2023-11-30 14:14:04,261] Trial 11 finished with value: 16.1313419342041 and parameters: {'gradient_clip_val': 0.9873870594444479, 'hidden_size': 61, 'dropout': 0.10766392265062638, 'hidden_continuous_size': 27, 'attention_head_size': 3, 'learning_rate': 0.09793009904242174}. Best is trial 11 with value: 16.1313419342041.
LOCAL_RANK: 0 - CUDA_VISIBLE_DEVICES: [0]
[I 2023-11-30 14:14:18,288] Trial 12 finished with value: 18.57008171081543 and parameters: {'gradient_clip_val': 0.567856367664857, 'hidden_size': 72, 'dropout': 0.10667498530910233, 'hidden_continuous_size': 39, 'attention_head_size': 3, 'learning_rate': 0.045941172511150596}. Best is trial 11 with value: 16.1313419342041.
LOCAL_RANK: 0 - CUDA_VISIBLE_DEVICES: [0]
[I 2023-11-30 14:14:29,612] Trial 13 finished with value: 17.64276123046875 and parameters: {'gradient_clip_val': 0.7658070309731302, 'hidden_size': 123, 'dropout': 0.1022988254113503, 'hidden_continuous_size': 123, 'attention_head_size': 3, 'learning_rate': 0.09139376910980503}. Best is trial 11 with value: 16.1313419342041.
LOCAL_RANK: 0 - CUDA_VISIBLE_DEVICES: [0]
[I 2023-11-30 14:14:41,959] Trial 14 finished with value: 21.556320190429688 and parameters: {'gradient_clip_val': 0.7038853395665944, 'hidden_size': 148, 'dropout': 0.1458528959338865, 'hidden_continuous_size': 148, 'attention_head_size': 3, 'learning_rate': 0.041392934170996105}. Best is trial 11 with value: 16.1313419342041.
LOCAL_RANK: 0 - CUDA_VISIBLE_DEVICES: [0]
[I 2023-11-30 14:14:57,638] Trial 15 finished with value: 21.472244262695312 and parameters: {'gradient_clip_val': 0.4106274231143173, 'hidden_size': 139, 'dropout': 0.14524308689919452, 'hidden_continuous_size': 131, 'attention_head_size': 3, 'learning_rate': 0.013279530179596504}. Best is trial 11 with value: 16.1313419342041.
LOCAL_RANK: 0 - CUDA_VISIBLE_DEVICES: [0]
[I 2023-11-30 14:15:12,240] Trial 16 finished with value: 21.14476203918457 and parameters: {'gradient_clip_val': 0.7340576045509808, 'hidden_size': 99, 'dropout': 0.10311326236728985, 'hidden_continuous_size': 23, 'attention_head_size': 3, 'learning_rate': 0.0329649601323977}. Best is trial 11 with value: 16.1313419342041.
LOCAL_RANK: 0 - CUDA_VISIBLE_DEVICES: [0]
[I 2023-11-30 14:15:27,322] Trial 17 finished with value: 21.048784255981445 and parameters: {'gradient_clip_val': 0.3958084200098517, 'hidden_size': 62, 'dropout': 0.13536413023874383, 'hidden_continuous_size': 22, 'attention_head_size': 4, 'learning_rate': 0.09174838676212799}. Best is trial 11 with value: 16.1313419342041.
LOCAL_RANK: 0 - CUDA_VISIBLE_DEVICES: [0]
[I 2023-11-30 14:15:42,488] Trial 18 finished with value: 20.21592140197754 and parameters: {'gradient_clip_val': 0.7908121427122975, 'hidden_size': 104, 'dropout': 0.1803224953025121, 'hidden_continuous_size': 66, 'attention_head_size': 3, 'learning_rate': 0.05927412530812804}. Best is trial 11 with value: 16.1313419342041.
LOCAL_RANK: 0 - CUDA_VISIBLE_DEVICES: [0]
[I 2023-11-30 14:15:57,372] Trial 19 finished with value: 16.105104446411133 and parameters: {'gradient_clip_val': 0.9781077490299266, 'hidden_size': 54, 'dropout': 0.13316320732791473, 'hidden_continuous_size': 21, 'attention_head_size': 4, 'learning_rate': 0.03549349766488431}. Best is trial 19 with value: 16.105104446411133.
LOCAL_RANK: 0 - CUDA_VISIBLE_DEVICES: [0]
[I 2023-11-30 14:16:11,405] Trial 20 finished with value: 13.634937286376953 and parameters: {'gradient_clip_val': 0.9913844567092472, 'hidden_size': 54, 'dropout': 0.21030585865255758, 'hidden_continuous_size': 19, 'attention_head_size': 4, 'learning_rate': 0.03237416785328891}. Best is trial 20 with value: 13.634937286376953.
LOCAL_RANK: 0 - CUDA_VISIBLE_DEVICES: [0]
[I 2023-11-30 14:16:25,719] Trial 21 finished with value: 19.49376678466797 and parameters: {'gradient_clip_val': 0.9975844576669454, 'hidden_size': 50, 'dropout': 0.2099065515751069, 'hidden_continuous_size': 18, 'attention_head_size': 4, 'learning_rate': 0.03247257165359472}. Best is trial 20 with value: 13.634937286376953.
LOCAL_RANK: 0 - CUDA_VISIBLE_DEVICES: [0]
[I 2023-11-30 14:16:40,739] Trial 22 finished with value: 23.425622940063477 and parameters: {'gradient_clip_val': 0.6555815698530045, 'hidden_size': 65, 'dropout': 0.13979006467327482, 'hidden_continuous_size': 21, 'attention_head_size': 4, 'learning_rate': 0.05452381265721087}. Best is trial 20 with value: 13.634937286376953.
LOCAL_RANK: 0 - CUDA_VISIBLE_DEVICES: [0]
[I 2023-11-30 14:16:55,258] Trial 23 finished with value: 19.90884780883789 and parameters: {'gradient_clip_val': 0.8315584983788382, 'hidden_size': 52, 'dropout': 0.17231966504683036, 'hidden_continuous_size': 19, 'attention_head_size': 4, 'learning_rate': 0.0129996367328651}. Best is trial 20 with value: 13.634937286376953.
LOCAL_RANK: 0 - CUDA_VISIBLE_DEVICES: [0]
[I 2023-11-30 14:17:11,014] Trial 24 finished with value: 19.195646286010742 and parameters: {'gradient_clip_val': 0.850093424646796, 'hidden_size': 90, 'dropout': 0.12879837533343155, 'hidden_continuous_size': 26, 'attention_head_size': 4, 'learning_rate': 0.03224090953404069}. Best is trial 20 with value: 13.634937286376953.
LOCAL_RANK: 0 - CUDA_VISIBLE_DEVICES: [0]
[I 2023-11-30 14:17:26,102] Trial 25 finished with value: 16.01160430908203 and parameters: {'gradient_clip_val': 0.9900780100557621, 'hidden_size': 73, 'dropout': 0.15967109904384186, 'hidden_continuous_size': 27, 'attention_head_size': 4, 'learning_rate': 0.0638559672264808}. Best is trial 20 with value: 13.634937286376953.
LOCAL_RANK: 0 - CUDA_VISIBLE_DEVICES: [0]
[I 2023-11-30 14:17:41,088] Trial 26 finished with value: 19.75052833557129 and parameters: {'gradient_clip_val': 0.675713722714701, 'hidden_size': 82, 'dropout': 0.20036110421036787, 'hidden_continuous_size': 17, 'attention_head_size': 4, 'learning_rate': 0.02689348084414044}. Best is trial 20 with value: 13.634937286376953.
LOCAL_RANK: 0 - CUDA_VISIBLE_DEVICES: [0]
[I 2023-11-30 14:17:54,984] Trial 27 finished with value: 24.926681518554688 and parameters: {'gradient_clip_val': 0.4706154299403313, 'hidden_size': 41, 'dropout': 0.15961785840667048, 'hidden_continuous_size': 19, 'attention_head_size': 4, 'learning_rate': 0.0603408703381735}. Best is trial 20 with value: 13.634937286376953.
LOCAL_RANK: 0 - CUDA_VISIBLE_DEVICES: [0]
[I 2023-11-30 14:18:10,307] Trial 28 finished with value: 22.314483642578125 and parameters: {'gradient_clip_val': 0.8423226851460813, 'hidden_size': 77, 'dropout': 0.24364235899077719, 'hidden_continuous_size': 14, 'attention_head_size': 4, 'learning_rate': 0.01734113299752694}. Best is trial 20 with value: 13.634937286376953.
LOCAL_RANK: 0 - CUDA_VISIBLE_DEVICES: [0]
[I 2023-11-30 14:18:24,599] Trial 29 finished with value: 24.66068458557129 and parameters: {'gradient_clip_val': 0.8819138069382173, 'hidden_size': 34, 'dropout': 0.20730157606419533, 'hidden_continuous_size': 20, 'attention_head_size': 4, 'learning_rate': 0.03945911627536592}. Best is trial 20 with value: 13.634937286376953.
LOCAL_RANK: 0 - CUDA_VISIBLE_DEVICES: [0]
[I 2023-11-30 14:18:39,479] Trial 30 finished with value: 18.512964248657227 and parameters: {'gradient_clip_val': 0.6403464831732543, 'hidden_size': 105, 'dropout': 0.16339076789093687, 'hidden_continuous_size': 24, 'attention_head_size': 3, 'learning_rate': 0.02599900522508068}. Best is trial 20 with value: 13.634937286376953.
LOCAL_RANK: 0 - CUDA_VISIBLE_DEVICES: [0]
[I 2023-11-30 14:18:54,211] Trial 31 finished with value: 23.402204513549805 and parameters: {'gradient_clip_val': 0.9314653292192293, 'hidden_size': 63, 'dropout': 0.12630480225975055, 'hidden_continuous_size': 27, 'attention_head_size': 4, 'learning_rate': 0.06412422658027651}. Best is trial 20 with value: 13.634937286376953.
LOCAL_RANK: 0 - CUDA_VISIBLE_DEVICES: [0]
[I 2023-11-30 14:19:09,208] Trial 32 finished with value: 19.79168701171875 and parameters: {'gradient_clip_val': 0.766547423545919, 'hidden_size': 58, 'dropout': 0.125262550472614, 'hidden_continuous_size': 21, 'attention_head_size': 3, 'learning_rate': 0.09915001420327244}. Best is trial 20 with value: 13.634937286376953.
LOCAL_RANK: 0 - CUDA_VISIBLE_DEVICES: [0]
[I 2023-11-30 14:19:24,203] Trial 33 finished with value: 18.433746337890625 and parameters: {'gradient_clip_val': 0.9559352796916253, 'hidden_size': 45, 'dropout': 0.15417764860520675, 'hidden_continuous_size': 18, 'attention_head_size': 4, 'learning_rate': 0.06279900765637035}. Best is trial 20 with value: 13.634937286376953.
LOCAL_RANK: 0 - CUDA_VISIBLE_DEVICES: [0]
[I 2023-11-30 14:19:39,224] Trial 34 finished with value: 27.238027572631836 and parameters: {'gradient_clip_val': 0.9817503152821221, 'hidden_size': 73, 'dropout': 0.22461426349721958, 'hidden_continuous_size': 29, 'attention_head_size': 3, 'learning_rate': 0.04670740707816477}. Best is trial 20 with value: 13.634937286376953.
LOCAL_RANK: 0 - CUDA_VISIBLE_DEVICES: [0]
[I 2023-11-30 14:19:53,436] Trial 35 finished with value: 16.572154998779297 and parameters: {'gradient_clip_val': 0.740195737666405, 'hidden_size': 57, 'dropout': 0.17251939617996964, 'hidden_continuous_size': 16, 'attention_head_size': 2, 'learning_rate': 0.03866224972800977}. Best is trial 20 with value: 13.634937286376953.
LOCAL_RANK: 0 - CUDA_VISIBLE_DEVICES: [0]
[I 2023-11-30 14:20:08,001] Trial 36 finished with value: 19.253061294555664 and parameters: {'gradient_clip_val': 0.9965797325926109, 'hidden_size': 36, 'dropout': 0.12994755822362064, 'hidden_continuous_size': 20, 'attention_head_size': 4, 'learning_rate': 0.07297870500550312}. Best is trial 20 with value: 13.634937286376953.
LOCAL_RANK: 0 - CUDA_VISIBLE_DEVICES: [0]
[I 2023-11-30 14:20:23,289] Trial 37 finished with value: 25.043411254882812 and parameters: {'gradient_clip_val': 0.8316734277160961, 'hidden_size': 67, 'dropout': 0.14619066801533293, 'hidden_continuous_size': 24, 'attention_head_size': 3, 'learning_rate': 0.04775612729916933}. Best is trial 20 with value: 13.634937286376953.
LOCAL_RANK: 0 - CUDA_VISIBLE_DEVICES: [0]
[I 2023-11-30 14:20:38,049] Trial 38 finished with value: 17.688417434692383 and parameters: {'gradient_clip_val': 0.6226504712335278, 'hidden_size': 46, 'dropout': 0.1921428985770273, 'hidden_continuous_size': 22, 'attention_head_size': 4, 'learning_rate': 0.07466349558100381}. Best is trial 20 with value: 13.634937286376953.
LOCAL_RANK: 0 - CUDA_VISIBLE_DEVICES: [0]
[I 2023-11-30 14:20:51,660] Trial 39 finished with value: 15.895366668701172 and parameters: {'gradient_clip_val': 0.7148303244012923, 'hidden_size': 30, 'dropout': 0.11795793064361015, 'hidden_continuous_size': 16, 'attention_head_size': 2, 'learning_rate': 0.057627503083132796}. Best is trial 20 with value: 13.634937286376953.
LOCAL_RANK: 0 - CUDA_VISIBLE_DEVICES: [0]
[I 2023-11-30 14:21:05,125] Trial 40 finished with value: 19.19700813293457 and parameters: {'gradient_clip_val': 0.8349161587995563, 'hidden_size': 29, 'dropout': 0.1706489801668418, 'hidden_continuous_size': 15, 'attention_head_size': 2, 'learning_rate': 0.017752409895493315}. Best is trial 20 with value: 13.634937286376953.
LOCAL_RANK: 0 - CUDA_VISIBLE_DEVICES: [0]
[I 2023-11-30 14:21:19,515] Trial 41 finished with value: 24.100488662719727 and parameters: {'gradient_clip_val': 0.8966200062261104, 'hidden_size': 52, 'dropout': 0.11939549286814982, 'hidden_continuous_size': 17, 'attention_head_size': 2, 'learning_rate': 0.05205705373155772}. Best is trial 20 with value: 13.634937286376953.
LOCAL_RANK: 0 - CUDA_VISIBLE_DEVICES: [0]
[I 2023-11-30 14:21:33,124] Trial 42 finished with value: 32.19637680053711 and parameters: {'gradient_clip_val': 0.7319852952163719, 'hidden_size': 29, 'dropout': 0.11447049069553432, 'hidden_continuous_size': 16, 'attention_head_size': 2, 'learning_rate': 0.07079134892304748}. Best is trial 20 with value: 13.634937286376953.
LOCAL_RANK: 0 - CUDA_VISIBLE_DEVICES: [0]
[I 2023-11-30 14:21:46,910] Trial 43 finished with value: 18.73988914489746 and parameters: {'gradient_clip_val': 0.9088572338343608, 'hidden_size': 40, 'dropout': 0.1524613350321546, 'hidden_continuous_size': 12, 'attention_head_size': 1, 'learning_rate': 0.09727555043213745}. Best is trial 20 with value: 13.634937286376953.
LOCAL_RANK: 0 - CUDA_VISIBLE_DEVICES: [0]
[I 2023-11-30 14:22:01,130] Trial 44 finished with value: 20.125843048095703 and parameters: {'gradient_clip_val': 0.8015960903315972, 'hidden_size': 47, 'dropout': 0.12070045149054938, 'hidden_continuous_size': 24, 'attention_head_size': 2, 'learning_rate': 0.04924866957028618}. Best is trial 20 with value: 13.634937286376953.
LOCAL_RANK: 0 - CUDA_VISIBLE_DEVICES: [0]
[I 2023-11-30 14:22:15,168] Trial 45 finished with value: 22.931974411010742 and parameters: {'gradient_clip_val': 0.5459743064133601, 'hidden_size': 57, 'dropout': 0.13501405404985642, 'hidden_continuous_size': 13, 'attention_head_size': 2, 'learning_rate': 0.0809649822712108}. Best is trial 20 with value: 13.634937286376953.
LOCAL_RANK: 0 - CUDA_VISIBLE_DEVICES: [0]
[I 2023-11-30 14:22:30,240] Trial 46 finished with value: 15.733832359313965 and parameters: {'gradient_clip_val': 0.6928513780090033, 'hidden_size': 71, 'dropout': 0.10310360339403937, 'hidden_continuous_size': 32, 'attention_head_size': 1, 'learning_rate': 0.0400161607193696}. Best is trial 20 with value: 13.634937286376953.
LOCAL_RANK: 0 - CUDA_VISIBLE_DEVICES: [0]
[I 2023-11-30 14:22:44,964] Trial 47 finished with value: 16.865449905395508 and parameters: {'gradient_clip_val': 0.7200761091015001, 'hidden_size': 74, 'dropout': 0.1150559535748106, 'hidden_continuous_size': 31, 'attention_head_size': 1, 'learning_rate': 0.035348102247105086}. Best is trial 20 with value: 13.634937286376953.
LOCAL_RANK: 0 - CUDA_VISIBLE_DEVICES: [0]
[I 2023-11-30 14:22:58,522] Trial 48 finished with value: 21.10853385925293 and parameters: {'gradient_clip_val': 0.6118552042280633, 'hidden_size': 18, 'dropout': 0.14155469558039627, 'hidden_continuous_size': 15, 'attention_head_size': 1, 'learning_rate': 0.02768335980145371}. Best is trial 20 with value: 13.634937286376953.
LOCAL_RANK: 0 - CUDA_VISIBLE_DEVICES: [0]
[I 2023-11-30 14:23:13,923] Trial 49 finished with value: 17.90305519104004 and parameters: {'gradient_clip_val': 0.545716675451006, 'hidden_size': 89, 'dropout': 0.10236529049382893, 'hidden_continuous_size': 31, 'attention_head_size': 1, 'learning_rate': 0.020939212440781986}. Best is trial 20 with value: 13.634937286376953.
LOCAL_RANK: 0 - CUDA_VISIBLE_DEVICES: [0]
[I 2023-11-30 14:23:28,510] Trial 50 finished with value: 16.94832420349121 and parameters: {'gradient_clip_val': 0.689468825881917, 'hidden_size': 68, 'dropout': 0.17866549378853794, 'hidden_continuous_size': 25, 'attention_head_size': 1, 'learning_rate': 0.04162075093761304}. Best is trial 20 with value: 13.634937286376953.
LOCAL_RANK: 0 - CUDA_VISIBLE_DEVICES: [0]
[I 2023-11-30 14:23:43,299] Trial 51 finished with value: 26.582849502563477 and parameters: {'gradient_clip_val': 0.8942280784565944, 'hidden_size': 56, 'dropout': 0.1000075125796272, 'hidden_continuous_size': 22, 'attention_head_size': 3, 'learning_rate': 0.05442548182338425}. Best is trial 20 with value: 13.634937286376953.
LOCAL_RANK: 0 - CUDA_VISIBLE_DEVICES: [0]
[I 2023-11-30 14:23:57,427] Trial 52 finished with value: 19.80257797241211 and parameters: {'gradient_clip_val': 0.7990976207226542, 'hidden_size': 44, 'dropout': 0.11386967297176939, 'hidden_continuous_size': 27, 'attention_head_size': 4, 'learning_rate': 0.06664475054269227}. Best is trial 20 with value: 13.634937286376953.
LOCAL_RANK: 0 - CUDA_VISIBLE_DEVICES: [0]
[I 2023-11-30 14:24:11,943] Trial 53 finished with value: 21.292268753051758 and parameters: {'gradient_clip_val': 0.9919519298086176, 'hidden_size': 65, 'dropout': 0.13509807709881058, 'hidden_continuous_size': 33, 'attention_head_size': 2, 'learning_rate': 0.08567784358135866}. Best is trial 20 with value: 13.634937286376953.
LOCAL_RANK: 0 - CUDA_VISIBLE_DEVICES: [0]
[I 2023-11-30 14:24:25,629] Trial 54 finished with value: 16.874990463256836 and parameters: {'gradient_clip_val': 0.9065372998911826, 'hidden_size': 38, 'dropout': 0.1499648287280535, 'hidden_continuous_size': 23, 'attention_head_size': 3, 'learning_rate': 0.04256647718503973}. Best is trial 20 with value: 13.634937286376953.
LOCAL_RANK: 0 - CUDA_VISIBLE_DEVICES: [0]
[I 2023-11-30 14:24:39,489] Trial 55 finished with value: 20.922290802001953 and parameters: {'gradient_clip_val': 0.6934266882979793, 'hidden_size': 50, 'dropout': 0.11364346541056045, 'hidden_continuous_size': 26, 'attention_head_size': 4, 'learning_rate': 0.031615387708175416}. Best is trial 20 with value: 13.634937286376953.
LOCAL_RANK: 0 - CUDA_VISIBLE_DEVICES: [0]
[I 2023-11-30 14:24:53,972] Trial 56 finished with value: 15.774940490722656 and parameters: {'gradient_clip_val': 0.7784717203100834, 'hidden_size': 80, 'dropout': 0.13490083125206376, 'hidden_continuous_size': 36, 'attention_head_size': 4, 'learning_rate': 0.057180068989489345}. Best is trial 20 with value: 13.634937286376953.
LOCAL_RANK: 0 - CUDA_VISIBLE_DEVICES: [0]
[I 2023-11-30 14:25:08,547] Trial 57 finished with value: 21.988439559936523 and parameters: {'gradient_clip_val': 0.7655384761802787, 'hidden_size': 86, 'dropout': 0.1603415949920935, 'hidden_continuous_size': 37, 'attention_head_size': 4, 'learning_rate': 0.04758839583050137}. Best is trial 20 with value: 13.634937286376953.
LOCAL_RANK: 0 - CUDA_VISIBLE_DEVICES: [0]
[I 2023-11-30 14:25:22,772] Trial 58 finished with value: 15.709747314453125 and parameters: {'gradient_clip_val': 0.5913420044748648, 'hidden_size': 72, 'dropout': 0.141912634826117, 'hidden_continuous_size': 19, 'attention_head_size': 4, 'learning_rate': 0.037265471307793306}. Best is trial 20 with value: 13.634937286376953.
LOCAL_RANK: 0 - CUDA_VISIBLE_DEVICES: [0]
[I 2023-11-30 14:25:37,023] Trial 59 finished with value: 19.4572696685791 and parameters: {'gradient_clip_val': 0.5819644719129049, 'hidden_size': 76, 'dropout': 0.18764404790963873, 'hidden_continuous_size': 38, 'attention_head_size': 4, 'learning_rate': 0.054460749966237954}. Best is trial 20 with value: 13.634937286376953.
LOCAL_RANK: 0 - CUDA_VISIBLE_DEVICES: [0]
[I 2023-11-30 14:25:51,254] Trial 60 finished with value: 27.145978927612305 and parameters: {'gradient_clip_val': 0.513256549016436, 'hidden_size': 82, 'dropout': 0.14125325983299172, 'hidden_continuous_size': 11, 'attention_head_size': 4, 'learning_rate': 0.024135767705055336}. Best is trial 20 with value: 13.634937286376953.
LOCAL_RANK: 0 - CUDA_VISIBLE_DEVICES: [0]
[I 2023-11-30 14:26:05,885] Trial 61 finished with value: 16.788589477539062 and parameters: {'gradient_clip_val': 0.6437521208603596, 'hidden_size': 69, 'dropout': 0.12304336424681256, 'hidden_continuous_size': 19, 'attention_head_size': 4, 'learning_rate': 0.03592646179897401}. Best is trial 20 with value: 13.634937286376953.
LOCAL_RANK: 0 - CUDA_VISIBLE_DEVICES: [0]
[I 2023-11-30 14:26:19,991] Trial 62 finished with value: 15.5912446975708 and parameters: {'gradient_clip_val': 0.7743987494706629, 'hidden_size': 61, 'dropout': 0.16331973283052853, 'hidden_continuous_size': 17, 'attention_head_size': 4, 'learning_rate': 0.029735558036112695}. Best is trial 20 with value: 13.634937286376953.
LOCAL_RANK: 0 - CUDA_VISIBLE_DEVICES: [0]
[I 2023-11-30 14:26:34,217] Trial 63 finished with value: 17.03409767150879 and parameters: {'gradient_clip_val': 0.6948649203484539, 'hidden_size': 63, 'dropout': 0.16385010745325793, 'hidden_continuous_size': 18, 'attention_head_size': 4, 'learning_rate': 0.0283977866544096}. Best is trial 20 with value: 13.634937286376953.
LOCAL_RANK: 0 - CUDA_VISIBLE_DEVICES: [0]
[I 2023-11-30 14:26:48,295] Trial 64 finished with value: 16.5870418548584 and parameters: {'gradient_clip_val': 0.7820829139214117, 'hidden_size': 72, 'dropout': 0.15130610014730322, 'hidden_continuous_size': 17, 'attention_head_size': 4, 'learning_rate': 0.04150700993795198}. Best is trial 20 with value: 13.634937286376953.
LOCAL_RANK: 0 - CUDA_VISIBLE_DEVICES: [0]
[I 2023-11-30 14:27:03,882] Trial 65 finished with value: 18.136423110961914 and parameters: {'gradient_clip_val': 0.8565395861885524, 'hidden_size': 99, 'dropout': 0.13054804847947363, 'hidden_continuous_size': 29, 'attention_head_size': 4, 'learning_rate': 0.060678264491069916}. Best is trial 20 with value: 13.634937286376953.
LOCAL_RANK: 0 - CUDA_VISIBLE_DEVICES: [0]
[I 2023-11-30 14:27:18,276] Trial 66 finished with value: 15.08420181274414 and parameters: {'gradient_clip_val': 0.6543241496580723, 'hidden_size': 79, 'dropout': 0.142113819745568, 'hidden_continuous_size': 14, 'attention_head_size': 4, 'learning_rate': 0.028791565140857987}. Best is trial 20 with value: 13.634937286376953.
LOCAL_RANK: 0 - CUDA_VISIBLE_DEVICES: [0]
[I 2023-11-30 14:27:32,513] Trial 67 finished with value: 25.990341186523438 and parameters: {'gradient_clip_val': 0.6179958886180843, 'hidden_size': 93, 'dropout': 0.14155680902488826, 'hidden_continuous_size': 14, 'attention_head_size': 4, 'learning_rate': 0.03195502352701489}. Best is trial 20 with value: 13.634937286376953.
LOCAL_RANK: 0 - CUDA_VISIBLE_DEVICES: [0]
