[I 2023-11-30 10:35:31,093] Trial 81 finished with value: 0.185139998793602 and parameters: {'gradient_clip_val': 0.2650963165423025, 'hidden_size': 53, 'dropout': 0.3304015921591221, 'hidden_continuous_size': 24, 'attention_head_size': 1, 'learning_rate': 0.07895422830455574}. Best is trial 68 with value: 0.11846712976694107.
LOCAL_RANK: 0 - CUDA_VISIBLE_DEVICES: [0]
[I 2023-11-30 10:35:43,750] Trial 82 finished with value: 0.1776830404996872 and parameters: {'gradient_clip_val': 0.28763429170122395, 'hidden_size': 41, 'dropout': 0.30831747200328546, 'hidden_continuous_size': 15, 'attention_head_size': 3, 'learning_rate': 0.08903090855086616}. Best is trial 68 with value: 0.11846712976694107.
LOCAL_RANK: 0 - CUDA_VISIBLE_DEVICES: [0]
[I 2023-11-30 10:35:56,493] Trial 83 finished with value: 0.21478144824504852 and parameters: {'gradient_clip_val': 0.3226713788098803, 'hidden_size': 44, 'dropout': 0.2929525821583837, 'hidden_continuous_size': 25, 'attention_head_size': 3, 'learning_rate': 0.06608029021740229}. Best is trial 68 with value: 0.11846712976694107.
LOCAL_RANK: 0 - CUDA_VISIBLE_DEVICES: [0]
[I 2023-11-30 10:36:09,239] Trial 84 finished with value: 0.23135094344615936 and parameters: {'gradient_clip_val': 0.39317691751707406, 'hidden_size': 47, 'dropout': 0.29933491695429004, 'hidden_continuous_size': 16, 'attention_head_size': 3, 'learning_rate': 0.0972923026698801}. Best is trial 68 with value: 0.11846712976694107.
LOCAL_RANK: 0 - CUDA_VISIBLE_DEVICES: [0]
[I 2023-11-30 10:36:22,020] Trial 85 finished with value: 0.17799782752990723 and parameters: {'gradient_clip_val': 0.3456120220205302, 'hidden_size': 37, 'dropout': 0.27265592273785016, 'hidden_continuous_size': 17, 'attention_head_size': 3, 'learning_rate': 0.055353511378906164}. Best is trial 68 with value: 0.11846712976694107.
LOCAL_RANK: 0 - CUDA_VISIBLE_DEVICES: [0]
[I 2023-11-30 10:36:34,452] Trial 86 finished with value: 0.1265696883201599 and parameters: {'gradient_clip_val': 0.22568833477068195, 'hidden_size': 31, 'dropout': 0.2865281009130226, 'hidden_continuous_size': 16, 'attention_head_size': 3, 'learning_rate': 0.07604320742408595}. Best is trial 68 with value: 0.11846712976694107.
LOCAL_RANK: 0 - CUDA_VISIBLE_DEVICES: [0]
[I 2023-11-30 10:36:46,824] Trial 87 finished with value: 0.17137746512889862 and parameters: {'gradient_clip_val': 0.22557706951205247, 'hidden_size': 31, 'dropout': 0.28526717827412745, 'hidden_continuous_size': 16, 'attention_head_size': 3, 'learning_rate': 0.07353856687218181}. Best is trial 68 with value: 0.11846712976694107.
LOCAL_RANK: 0 - CUDA_VISIBLE_DEVICES: [0]
[I 2023-11-30 10:36:59,482] Trial 88 finished with value: 0.15274254977703094 and parameters: {'gradient_clip_val': 0.24745587356943557, 'hidden_size': 34, 'dropout': 0.261878779230333, 'hidden_continuous_size': 18, 'attention_head_size': 3, 'learning_rate': 0.04959684253509178}. Best is trial 68 with value: 0.11846712976694107.
LOCAL_RANK: 0 - CUDA_VISIBLE_DEVICES: [0]
[I 2023-11-30 10:37:11,876] Trial 89 finished with value: 0.16120488941669464 and parameters: {'gradient_clip_val': 0.18620320988136407, 'hidden_size': 23, 'dropout': 0.25383386576714406, 'hidden_continuous_size': 18, 'attention_head_size': 4, 'learning_rate': 0.06091733946517014}. Best is trial 68 with value: 0.11846712976694107.
LOCAL_RANK: 0 - CUDA_VISIBLE_DEVICES: [0]
[I 2023-11-30 10:37:24,341] Trial 90 finished with value: 0.1544407606124878 and parameters: {'gradient_clip_val': 0.24549491086259234, 'hidden_size': 29, 'dropout': 0.28759197600942715, 'hidden_continuous_size': 16, 'attention_head_size': 3, 'learning_rate': 0.04313013504717433}. Best is trial 68 with value: 0.11846712976694107.
LOCAL_RANK: 0 - CUDA_VISIBLE_DEVICES: [0]
[I 2023-11-30 10:37:36,830] Trial 91 finished with value: 0.19328272342681885 and parameters: {'gradient_clip_val': 0.2678069323526443, 'hidden_size': 38, 'dropout': 0.2737736374007826, 'hidden_continuous_size': 15, 'attention_head_size': 1, 'learning_rate': 0.07807568454585422}. Best is trial 68 with value: 0.11846712976694107.
LOCAL_RANK: 0 - CUDA_VISIBLE_DEVICES: [0]
[I 2023-11-30 10:37:49,110] Trial 92 finished with value: 0.20797163248062134 and parameters: {'gradient_clip_val': 0.3031136166769036, 'hidden_size': 32, 'dropout': 0.29835394615662153, 'hidden_continuous_size': 14, 'attention_head_size': 3, 'learning_rate': 0.08958126169052276}. Best is trial 68 with value: 0.11846712976694107.
LOCAL_RANK: 0 - CUDA_VISIBLE_DEVICES: [0]
[I 2023-11-30 10:38:01,986] Trial 93 finished with value: 0.1768215149641037 and parameters: {'gradient_clip_val': 0.2301842749319574, 'hidden_size': 45, 'dropout': 0.24999809860182848, 'hidden_continuous_size': 19, 'attention_head_size': 3, 'learning_rate': 0.09984372901412596}. Best is trial 68 with value: 0.11846712976694107.
LOCAL_RANK: 0 - CUDA_VISIBLE_DEVICES: [0]
[I 2023-11-30 10:38:14,489] Trial 94 finished with value: 0.14248035848140717 and parameters: {'gradient_clip_val': 0.36057645666438537, 'hidden_size': 40, 'dropout': 0.26774161695832643, 'hidden_continuous_size': 21, 'attention_head_size': 3, 'learning_rate': 0.06697891510193314}. Best is trial 68 with value: 0.11846712976694107.
LOCAL_RANK: 0 - CUDA_VISIBLE_DEVICES: [0]
[I 2023-11-30 10:38:27,160] Trial 95 finished with value: 0.1824195384979248 and parameters: {'gradient_clip_val': 0.3708341622868308, 'hidden_size': 40, 'dropout': 0.26497809100300174, 'hidden_continuous_size': 21, 'attention_head_size': 3, 'learning_rate': 0.06604186723247132}. Best is trial 68 with value: 0.11846712976694107.
LOCAL_RANK: 0 - CUDA_VISIBLE_DEVICES: [0]
[I 2023-11-30 10:38:40,922] Trial 96 finished with value: 0.20918972790241241 and parameters: {'gradient_clip_val': 0.34823257506944216, 'hidden_size': 35, 'dropout': 0.27873425310063144, 'hidden_continuous_size': 20, 'attention_head_size': 3, 'learning_rate': 0.05404333108108041}. Best is trial 68 with value: 0.11846712976694107.
LOCAL_RANK: 0 - CUDA_VISIBLE_DEVICES: [0]
[I 2023-11-30 10:38:53,786] Trial 97 finished with value: 0.14498814940452576 and parameters: {'gradient_clip_val': 0.3311405970130005, 'hidden_size': 30, 'dropout': 0.233823196606567, 'hidden_continuous_size': 22, 'attention_head_size': 3, 'learning_rate': 0.08183301574347195}. Best is trial 68 with value: 0.11846712976694107.
LOCAL_RANK: 0 - CUDA_VISIBLE_DEVICES: [0]
[I 2023-11-30 10:39:07,336] Trial 98 finished with value: 0.2820749580860138 and parameters: {'gradient_clip_val': 0.3125909002493434, 'hidden_size': 37, 'dropout': 0.26676864603186934, 'hidden_continuous_size': 21, 'attention_head_size': 3, 'learning_rate': 0.07476770133156191}. Best is trial 68 with value: 0.11846712976694107.
LOCAL_RANK: 0 - CUDA_VISIBLE_DEVICES: [0]
[I 2023-11-30 10:39:20,146] Trial 99 finished with value: 0.4188655614852905 and parameters: {'gradient_clip_val': 0.255899908471131, 'hidden_size': 34, 'dropout': 0.24290941676047084, 'hidden_continuous_size': 17, 'attention_head_size': 3, 'learning_rate': 0.046036097617151814}. Best is trial 68 with value: 0.11846712976694107.
LOCAL_RANK: 0 - CUDA_VISIBLE_DEVICES: [0]
[I 2023-11-30 10:39:33,739] Trial 100 finished with value: 0.19054646790027618 and parameters: {'gradient_clip_val': 0.41567401392065484, 'hidden_size': 42, 'dropout': 0.28843392440883486, 'hidden_continuous_size': 19, 'attention_head_size': 3, 'learning_rate': 0.05912229538052406}. Best is trial 68 with value: 0.11846712976694107.
LOCAL_RANK: 0 - CUDA_VISIBLE_DEVICES: [0]
[I 2023-11-30 10:39:46,432] Trial 101 finished with value: 0.1949516385793686 and parameters: {'gradient_clip_val': 0.33147382674296244, 'hidden_size': 30, 'dropout': 0.2579621645768033, 'hidden_continuous_size': 22, 'attention_head_size': 3, 'learning_rate': 0.08452875616747982}. Best is trial 68 with value: 0.11846712976694107.
LOCAL_RANK: 0 - CUDA_VISIBLE_DEVICES: [0]
[I 2023-11-30 10:39:59,421] Trial 102 finished with value: 0.12356563657522202 and parameters: {'gradient_clip_val': 0.39158408408039536, 'hidden_size': 27, 'dropout': 0.23246170231467309, 'hidden_continuous_size': 22, 'attention_head_size': 3, 'learning_rate': 0.06757847258997837}. Best is trial 68 with value: 0.11846712976694107.
LOCAL_RANK: 0 - CUDA_VISIBLE_DEVICES: [0]
[I 2023-11-30 10:40:12,103] Trial 103 finished with value: 0.1297774314880371 and parameters: {'gradient_clip_val': 0.3861511285261947, 'hidden_size': 24, 'dropout': 0.22977596824357074, 'hidden_continuous_size': 18, 'attention_head_size': 3, 'learning_rate': 0.06364545071282143}. Best is trial 68 with value: 0.11846712976694107.
LOCAL_RANK: 0 - CUDA_VISIBLE_DEVICES: [0]
[I 2023-11-30 10:40:25,002] Trial 104 finished with value: 0.1915651112794876 and parameters: {'gradient_clip_val': 0.4406256372377325, 'hidden_size': 26, 'dropout': 0.22856046237045624, 'hidden_continuous_size': 18, 'attention_head_size': 3, 'learning_rate': 0.06780234019525312}. Best is trial 68 with value: 0.11846712976694107.
LOCAL_RANK: 0 - CUDA_VISIBLE_DEVICES: [0]
[I 2023-11-30 10:40:37,665] Trial 105 finished with value: 0.20301280915737152 and parameters: {'gradient_clip_val': 0.3907508354286175, 'hidden_size': 27, 'dropout': 0.21864174147708149, 'hidden_continuous_size': 23, 'attention_head_size': 3, 'learning_rate': 0.06420935314390272}. Best is trial 68 with value: 0.11846712976694107.
LOCAL_RANK: 0 - CUDA_VISIBLE_DEVICES: [0]
[I 2023-11-30 10:40:50,166] Trial 106 finished with value: 0.18098433315753937 and parameters: {'gradient_clip_val': 0.35660230429363204, 'hidden_size': 24, 'dropout': 0.23439800506191483, 'hidden_continuous_size': 11, 'attention_head_size': 3, 'learning_rate': 0.0725433660054911}. Best is trial 68 with value: 0.11846712976694107.
LOCAL_RANK: 0 - CUDA_VISIBLE_DEVICES: [0]
[I 2023-11-30 10:41:02,737] Trial 107 finished with value: 0.2057405561208725 and parameters: {'gradient_clip_val': 0.3852235873054204, 'hidden_size': 21, 'dropout': 0.24031579271657294, 'hidden_continuous_size': 18, 'attention_head_size': 3, 'learning_rate': 0.05206444623627042}. Best is trial 68 with value: 0.11846712976694107.
LOCAL_RANK: 0 - CUDA_VISIBLE_DEVICES: [0]
[I 2023-11-30 10:41:15,789] Trial 108 finished with value: 0.13605819642543793 and parameters: {'gradient_clip_val': 0.42207560216902734, 'hidden_size': 32, 'dropout': 0.27195725143362676, 'hidden_continuous_size': 20, 'attention_head_size': 3, 'learning_rate': 0.05787312343194634}. Best is trial 68 with value: 0.11846712976694107.
LOCAL_RANK: 0 - CUDA_VISIBLE_DEVICES: [0]
[I 2023-11-30 10:41:28,847] Trial 109 finished with value: 0.14776568114757538 and parameters: {'gradient_clip_val': 0.40525658693820477, 'hidden_size': 32, 'dropout': 0.2700999447911775, 'hidden_continuous_size': 20, 'attention_head_size': 3, 'learning_rate': 0.057275800190442726}. Best is trial 68 with value: 0.11846712976694107.
LOCAL_RANK: 0 - CUDA_VISIBLE_DEVICES: [0]
[I 2023-11-30 10:41:41,485] Trial 110 finished with value: 0.15822185575962067 and parameters: {'gradient_clip_val': 0.466213336457765, 'hidden_size': 28, 'dropout': 0.24613806752693573, 'hidden_continuous_size': 19, 'attention_head_size': 3, 'learning_rate': 0.04663547514640634}. Best is trial 68 with value: 0.11846712976694107.
LOCAL_RANK: 0 - CUDA_VISIBLE_DEVICES: [0]
[I 2023-11-30 10:41:53,950] Trial 111 finished with value: 0.1681894212961197 and parameters: {'gradient_clip_val': 0.40996355094802117, 'hidden_size': 25, 'dropout': 0.28206209950335465, 'hidden_continuous_size': 21, 'attention_head_size': 3, 'learning_rate': 0.06261976562271578}. Best is trial 68 with value: 0.11846712976694107.
LOCAL_RANK: 0 - CUDA_VISIBLE_DEVICES: [0]
[I 2023-11-30 10:42:07,130] Trial 112 finished with value: 0.1826533079147339 and parameters: {'gradient_clip_val': 0.43478458809570036, 'hidden_size': 40, 'dropout': 0.2755770795840556, 'hidden_continuous_size': 21, 'attention_head_size': 3, 'learning_rate': 0.0501912842739309}. Best is trial 68 with value: 0.11846712976694107.
LOCAL_RANK: 0 - CUDA_VISIBLE_DEVICES: [0]
[I 2023-11-30 10:42:20,584] Trial 113 finished with value: 0.19052338600158691 and parameters: {'gradient_clip_val': 0.4239169867992033, 'hidden_size': 29, 'dropout': 0.292824133925678, 'hidden_continuous_size': 22, 'attention_head_size': 3, 'learning_rate': 0.09182709261193855}. Best is trial 68 with value: 0.11846712976694107.
LOCAL_RANK: 0 - CUDA_VISIBLE_DEVICES: [0]
[I 2023-11-30 10:42:33,444] Trial 114 finished with value: 0.25626686215400696 and parameters: {'gradient_clip_val': 0.3613881707555915, 'hidden_size': 32, 'dropout': 0.2611955919198599, 'hidden_continuous_size': 20, 'attention_head_size': 3, 'learning_rate': 0.07170428601091475}. Best is trial 68 with value: 0.11846712976694107.
LOCAL_RANK: 0 - CUDA_VISIBLE_DEVICES: [0]
[I 2023-11-30 10:42:46,594] Trial 115 finished with value: 0.13975919783115387 and parameters: {'gradient_clip_val': 0.39940261662764276, 'hidden_size': 37, 'dropout': 0.28424045171639545, 'hidden_continuous_size': 20, 'attention_head_size': 3, 'learning_rate': 0.07940683052507791}. Best is trial 68 with value: 0.11846712976694107.
LOCAL_RANK: 0 - CUDA_VISIBLE_DEVICES: [0]
[I 2023-11-30 10:42:59,993] Trial 116 finished with value: 0.19218528270721436 and parameters: {'gradient_clip_val': 0.4746859907362929, 'hidden_size': 35, 'dropout': 0.3046310022249197, 'hidden_continuous_size': 19, 'attention_head_size': 3, 'learning_rate': 0.05404102159490586}. Best is trial 68 with value: 0.11846712976694107.
LOCAL_RANK: 0 - CUDA_VISIBLE_DEVICES: [0]
[I 2023-11-30 10:43:13,005] Trial 117 finished with value: 0.17090065777301788 and parameters: {'gradient_clip_val': 0.38121884814569856, 'hidden_size': 27, 'dropout': 0.28434966094272496, 'hidden_continuous_size': 17, 'attention_head_size': 3, 'learning_rate': 0.03763825375652366}. Best is trial 68 with value: 0.11846712976694107.
LOCAL_RANK: 0 - CUDA_VISIBLE_DEVICES: [0]
[I 2023-11-30 10:43:26,305] Trial 118 finished with value: 0.16952168941497803 and parameters: {'gradient_clip_val': 0.4522495607014563, 'hidden_size': 36, 'dropout': 0.29535013635481683, 'hidden_continuous_size': 20, 'attention_head_size': 3, 'learning_rate': 0.042063084910248925}. Best is trial 68 with value: 0.11846712976694107.
LOCAL_RANK: 0 - CUDA_VISIBLE_DEVICES: [0]
[I 2023-11-30 10:43:39,775] Trial 119 finished with value: 0.18735502660274506 and parameters: {'gradient_clip_val': 0.2032652420961642, 'hidden_size': 38, 'dropout': 0.3128065197051609, 'hidden_continuous_size': 19, 'attention_head_size': 3, 'learning_rate': 0.07904242239654963}. Best is trial 68 with value: 0.11846712976694107.
LOCAL_RANK: 0 - CUDA_VISIBLE_DEVICES: [0]
[I 2023-11-30 10:43:53,145] Trial 120 finished with value: 0.2012830525636673 and parameters: {'gradient_clip_val': 0.39735166188020926, 'hidden_size': 31, 'dropout': 0.24951530876897726, 'hidden_continuous_size': 19, 'attention_head_size': 3, 'learning_rate': 0.06621753890673361}. Best is trial 68 with value: 0.11846712976694107.
LOCAL_RANK: 0 - CUDA_VISIBLE_DEVICES: [0]
[I 2023-11-30 10:44:06,592] Trial 121 finished with value: 0.11531982570886612 and parameters: {'gradient_clip_val': 0.36856894273853547, 'hidden_size': 33, 'dropout': 0.270939736938672, 'hidden_continuous_size': 22, 'attention_head_size': 3, 'learning_rate': 0.07865757040396247}. Best is trial 121 with value: 0.11531982570886612.
LOCAL_RANK: 0 - CUDA_VISIBLE_DEVICES: [0]
[I 2023-11-30 10:44:19,758] Trial 122 finished with value: 0.2694816291332245 and parameters: {'gradient_clip_val': 0.42701203132134813, 'hidden_size': 34, 'dropout': 0.2697695281075944, 'hidden_continuous_size': 24, 'attention_head_size': 3, 'learning_rate': 0.06025275226521231}. Best is trial 121 with value: 0.11531982570886612.
LOCAL_RANK: 0 - CUDA_VISIBLE_DEVICES: [0]
[I 2023-11-30 10:44:32,759] Trial 123 finished with value: 0.16556471586227417 and parameters: {'gradient_clip_val': 0.379169541724128, 'hidden_size': 29, 'dropout': 0.2546693792525571, 'hidden_continuous_size': 21, 'attention_head_size': 3, 'learning_rate': 0.07590435502696091}. Best is trial 121 with value: 0.11531982570886612.
LOCAL_RANK: 0 - CUDA_VISIBLE_DEVICES: [0]
[I 2023-11-30 10:44:45,906] Trial 124 finished with value: 0.17381764948368073 and parameters: {'gradient_clip_val': 0.5160351255275153, 'hidden_size': 26, 'dropout': 0.2873775987792713, 'hidden_continuous_size': 17, 'attention_head_size': 3, 'learning_rate': 0.07018125820177522}. Best is trial 121 with value: 0.11531982570886612.
LOCAL_RANK: 0 - CUDA_VISIBLE_DEVICES: [0]
[I 2023-11-30 10:44:59,066] Trial 125 finished with value: 0.15430505573749542 and parameters: {'gradient_clip_val': 0.2955521987511957, 'hidden_size': 33, 'dropout': 0.23996123831357988, 'hidden_continuous_size': 20, 'attention_head_size': 3, 'learning_rate': 0.08054896047763695}. Best is trial 121 with value: 0.11531982570886612.
LOCAL_RANK: 0 - CUDA_VISIBLE_DEVICES: [0]
[I 2023-11-30 10:45:12,172] Trial 126 finished with value: 0.13224507868289948 and parameters: {'gradient_clip_val': 0.34555745600172005, 'hidden_size': 31, 'dropout': 0.2773258984554303, 'hidden_continuous_size': 18, 'attention_head_size': 3, 'learning_rate': 0.05185080866352636}. Best is trial 121 with value: 0.11531982570886612.
LOCAL_RANK: 0 - CUDA_VISIBLE_DEVICES: [0]
[I 2023-11-30 10:45:25,543] Trial 127 finished with value: 0.1941899061203003 and parameters: {'gradient_clip_val': 0.3400951542966167, 'hidden_size': 31, 'dropout': 0.30036970775609145, 'hidden_continuous_size': 18, 'attention_head_size': 3, 'learning_rate': 0.04969228650267494}. Best is trial 121 with value: 0.11531982570886612.
LOCAL_RANK: 0 - CUDA_VISIBLE_DEVICES: [0]
[I 2023-11-30 10:45:38,565] Trial 128 finished with value: 0.17039942741394043 and parameters: {'gradient_clip_val': 0.2784189759531248, 'hidden_size': 28, 'dropout': 0.2815620895155574, 'hidden_continuous_size': 16, 'attention_head_size': 3, 'learning_rate': 0.058165356286724534}. Best is trial 121 with value: 0.11531982570886612.
LOCAL_RANK: 0 - CUDA_VISIBLE_DEVICES: [0]
[I 2023-11-30 10:45:51,368] Trial 129 finished with value: 0.19524145126342773 and parameters: {'gradient_clip_val': 0.39618821554055544, 'hidden_size': 23, 'dropout': 0.2737269233253602, 'hidden_continuous_size': 18, 'attention_head_size': 3, 'learning_rate': 0.08817193282821802}. Best is trial 121 with value: 0.11531982570886612.
LOCAL_RANK: 0 - CUDA_VISIBLE_DEVICES: [0]
[I 2023-11-30 10:46:04,601] Trial 130 finished with value: 0.1694066971540451 and parameters: {'gradient_clip_val': 0.3432191342659559, 'hidden_size': 30, 'dropout': 0.22835462121127503, 'hidden_continuous_size': 17, 'attention_head_size': 3, 'learning_rate': 0.03404747917944237}. Best is trial 121 with value: 0.11531982570886612.
LOCAL_RANK: 0 - CUDA_VISIBLE_DEVICES: [0]
[I 2023-11-30 10:46:17,847] Trial 131 finished with value: 0.1576584428548813 and parameters: {'gradient_clip_val': 0.3731884278772319, 'hidden_size': 39, 'dropout': 0.2601905208486721, 'hidden_continuous_size': 20, 'attention_head_size': 3, 'learning_rate': 0.05381652037854865}. Best is trial 121 with value: 0.11531982570886612.
LOCAL_RANK: 0 - CUDA_VISIBLE_DEVICES: [0]
[I 2023-11-30 10:46:31,156] Trial 132 finished with value: 0.1612582951784134 and parameters: {'gradient_clip_val': 0.364655556364505, 'hidden_size': 37, 'dropout': 0.2671464552564981, 'hidden_continuous_size': 21, 'attention_head_size': 3, 'learning_rate': 0.06149866342391}. Best is trial 121 with value: 0.11531982570886612.
LOCAL_RANK: 0 - CUDA_VISIBLE_DEVICES: [0]
[I 2023-11-30 10:46:44,766] Trial 133 finished with value: 0.14673925936222076 and parameters: {'gradient_clip_val': 0.324336786356619, 'hidden_size': 32, 'dropout': 0.2789082479706381, 'hidden_continuous_size': 23, 'attention_head_size': 3, 'learning_rate': 0.06694548307846479}. Best is trial 121 with value: 0.11531982570886612.
LOCAL_RANK: 0 - CUDA_VISIBLE_DEVICES: [0]
[I 2023-11-30 10:46:58,414] Trial 134 finished with value: 0.28563669323921204 and parameters: {'gradient_clip_val': 0.3505145049832802, 'hidden_size': 35, 'dropout': 0.2953519610459682, 'hidden_continuous_size': 22, 'attention_head_size': 3, 'learning_rate': 0.06575967821111879}. Best is trial 121 with value: 0.11531982570886612.
LOCAL_RANK: 0 - CUDA_VISIBLE_DEVICES: [0]
[I 2023-11-30 10:47:11,643] Trial 135 finished with value: 0.1471330225467682 and parameters: {'gradient_clip_val': 0.41595481711797466, 'hidden_size': 33, 'dropout': 0.2895659451850553, 'hidden_continuous_size': 19, 'attention_head_size': 3, 'learning_rate': 0.043668746205866485}. Best is trial 121 with value: 0.11531982570886612.
LOCAL_RANK: 0 - CUDA_VISIBLE_DEVICES: [0]
[I 2023-11-30 10:47:25,016] Trial 136 finished with value: 0.24314111471176147 and parameters: {'gradient_clip_val': 0.23522649077507662, 'hidden_size': 25, 'dropout': 0.27091607032134135, 'hidden_continuous_size': 18, 'attention_head_size': 3, 'learning_rate': 0.07554439471863918}. Best is trial 121 with value: 0.11531982570886612.
LOCAL_RANK: 0 - CUDA_VISIBLE_DEVICES: [0]
[I 2023-11-30 10:47:37,739] Trial 137 finished with value: 0.2321336269378662 and parameters: {'gradient_clip_val': 0.31120769152038086, 'hidden_size': 29, 'dropout': 0.26439809564449296, 'hidden_continuous_size': 20, 'attention_head_size': 3, 'learning_rate': 0.05743451742864751}. Best is trial 121 with value: 0.11531982570886612.
LOCAL_RANK: 0 - CUDA_VISIBLE_DEVICES: [0]
[I 2023-11-30 10:47:50,233] Trial 138 finished with value: 0.1616721749305725 and parameters: {'gradient_clip_val': 0.21851395826738043, 'hidden_size': 27, 'dropout': 0.25293320345520726, 'hidden_continuous_size': 15, 'attention_head_size': 3, 'learning_rate': 0.09015372757835238}. Best is trial 121 with value: 0.11531982570886612.
LOCAL_RANK: 0 - CUDA_VISIBLE_DEVICES: [0]
