[I 2023-11-30 12:54:16,880] Trial 114 finished with value: 0.15924260020256042 and parameters: {'gradient_clip_val': 0.524896915825087, 'hidden_size': 65, 'dropout': 0.3474056614703862, 'hidden_continuous_size': 20, 'attention_head_size': 2, 'learning_rate': 0.05130584516350019}. Best is trial 68 with value: 0.08735877275466919.
LOCAL_RANK: 0 - CUDA_VISIBLE_DEVICES: [0]
[I 2023-11-30 12:54:29,963] Trial 115 finished with value: 0.16162754595279694 and parameters: {'gradient_clip_val': 0.7864804215328198, 'hidden_size': 54, 'dropout': 0.3371646491224675, 'hidden_continuous_size': 22, 'attention_head_size': 3, 'learning_rate': 0.0418515995380007}. Best is trial 68 with value: 0.08735877275466919.
LOCAL_RANK: 0 - CUDA_VISIBLE_DEVICES: [0]
[I 2023-11-30 12:54:43,139] Trial 116 finished with value: 0.11366906017065048 and parameters: {'gradient_clip_val': 0.6106147818994843, 'hidden_size': 61, 'dropout': 0.3146008781667561, 'hidden_continuous_size': 23, 'attention_head_size': 2, 'learning_rate': 0.0584916040967739}. Best is trial 68 with value: 0.08735877275466919.
LOCAL_RANK: 0 - CUDA_VISIBLE_DEVICES: [0]
[I 2023-11-30 12:54:56,311] Trial 117 finished with value: 0.1687132567167282 and parameters: {'gradient_clip_val': 0.6141666667947955, 'hidden_size': 61, 'dropout': 0.31381641929248927, 'hidden_continuous_size': 23, 'attention_head_size': 3, 'learning_rate': 0.05773046049901568}. Best is trial 68 with value: 0.08735877275466919.
LOCAL_RANK: 0 - CUDA_VISIBLE_DEVICES: [0]
[I 2023-11-30 12:55:09,328] Trial 118 finished with value: 0.20870482921600342 and parameters: {'gradient_clip_val': 0.5617797219581099, 'hidden_size': 49, 'dropout': 0.32163997063051886, 'hidden_continuous_size': 23, 'attention_head_size': 2, 'learning_rate': 0.08220861405173543}. Best is trial 68 with value: 0.08735877275466919.
LOCAL_RANK: 0 - CUDA_VISIBLE_DEVICES: [0]
[I 2023-11-30 12:55:22,439] Trial 119 finished with value: 0.16962213814258575 and parameters: {'gradient_clip_val': 0.650220073661091, 'hidden_size': 59, 'dropout': 0.33122658126036875, 'hidden_continuous_size': 25, 'attention_head_size': 2, 'learning_rate': 0.07014431586729196}. Best is trial 68 with value: 0.08735877275466919.
LOCAL_RANK: 0 - CUDA_VISIBLE_DEVICES: [0]
[I 2023-11-30 12:55:35,802] Trial 120 finished with value: 0.15072022378444672 and parameters: {'gradient_clip_val': 0.5740523322798041, 'hidden_size': 71, 'dropout': 0.3271483046887154, 'hidden_continuous_size': 30, 'attention_head_size': 3, 'learning_rate': 0.046500043653816533}. Best is trial 68 with value: 0.08735877275466919.
LOCAL_RANK: 0 - CUDA_VISIBLE_DEVICES: [0]
[I 2023-11-30 12:55:49,061] Trial 121 finished with value: 0.12042882293462753 and parameters: {'gradient_clip_val': 0.697318384205596, 'hidden_size': 66, 'dropout': 0.3198779234252195, 'hidden_continuous_size': 21, 'attention_head_size': 2, 'learning_rate': 0.03847450030408313}. Best is trial 68 with value: 0.08735877275466919.
LOCAL_RANK: 0 - CUDA_VISIBLE_DEVICES: [0]
[I 2023-11-30 12:56:02,352] Trial 122 finished with value: 0.18744122982025146 and parameters: {'gradient_clip_val': 0.6026202374620582, 'hidden_size': 66, 'dropout': 0.3193751579385245, 'hidden_continuous_size': 19, 'attention_head_size': 2, 'learning_rate': 0.06136881004075893}. Best is trial 68 with value: 0.08735877275466919.
LOCAL_RANK: 0 - CUDA_VISIBLE_DEVICES: [0]
[I 2023-11-30 12:56:15,670] Trial 123 finished with value: 0.13485759496688843 and parameters: {'gradient_clip_val': 0.6956593257324789, 'hidden_size': 56, 'dropout': 0.2949073553765333, 'hidden_continuous_size': 22, 'attention_head_size': 2, 'learning_rate': 0.07693782368224904}. Best is trial 68 with value: 0.08735877275466919.
LOCAL_RANK: 0 - CUDA_VISIBLE_DEVICES: [0]
[I 2023-11-30 12:56:28,890] Trial 124 finished with value: 0.16757936775684357 and parameters: {'gradient_clip_val': 0.4747454471054889, 'hidden_size': 62, 'dropout': 0.3107572264290979, 'hidden_continuous_size': 26, 'attention_head_size': 2, 'learning_rate': 0.05041676687089203}. Best is trial 68 with value: 0.08735877275466919.
LOCAL_RANK: 0 - CUDA_VISIBLE_DEVICES: [0]
[I 2023-11-30 12:56:41,771] Trial 125 finished with value: 0.19794924557209015 and parameters: {'gradient_clip_val': 0.5294860198024504, 'hidden_size': 52, 'dropout': 0.3048254248462599, 'hidden_continuous_size': 24, 'attention_head_size': 2, 'learning_rate': 0.09105784178937947}. Best is trial 68 with value: 0.08735877275466919.
LOCAL_RANK: 0 - CUDA_VISIBLE_DEVICES: [0]
[I 2023-11-30 12:56:55,387] Trial 126 finished with value: 0.11733458191156387 and parameters: {'gradient_clip_val': 0.6305908834189108, 'hidden_size': 65, 'dropout': 0.3143682889039123, 'hidden_continuous_size': 20, 'attention_head_size': 2, 'learning_rate': 0.0359915498648089}. Best is trial 68 with value: 0.08735877275466919.
LOCAL_RANK: 0 - CUDA_VISIBLE_DEVICES: [0]
[I 2023-11-30 12:57:08,701] Trial 127 finished with value: 0.1626342087984085 and parameters: {'gradient_clip_val': 0.6451131087932811, 'hidden_size': 72, 'dropout': 0.37299379684233125, 'hidden_continuous_size': 20, 'attention_head_size': 2, 'learning_rate': 0.03618104968830114}. Best is trial 68 with value: 0.08735877275466919.
LOCAL_RANK: 0 - CUDA_VISIBLE_DEVICES: [0]
[I 2023-11-30 12:57:22,356] Trial 128 finished with value: 0.2215888500213623 and parameters: {'gradient_clip_val': 0.5112557278979983, 'hidden_size': 89, 'dropout': 0.325149166259051, 'hidden_continuous_size': 19, 'attention_head_size': 2, 'learning_rate': 0.0371362864198966}. Best is trial 68 with value: 0.08735877275466919.
LOCAL_RANK: 0 - CUDA_VISIBLE_DEVICES: [0]
[I 2023-11-30 12:57:35,454] Trial 129 finished with value: 0.12645858526229858 and parameters: {'gradient_clip_val': 0.6185773258705131, 'hidden_size': 66, 'dropout': 0.31703883787192294, 'hidden_continuous_size': 21, 'attention_head_size': 2, 'learning_rate': 0.03151852223125629}. Best is trial 68 with value: 0.08735877275466919.
LOCAL_RANK: 0 - CUDA_VISIBLE_DEVICES: [0]
[I 2023-11-30 12:57:48,436] Trial 130 finished with value: 0.24223142862319946 and parameters: {'gradient_clip_val': 0.5432243340149884, 'hidden_size': 60, 'dropout': 0.3399837783100041, 'hidden_continuous_size': 23, 'attention_head_size': 2, 'learning_rate': 0.028060404317339804}. Best is trial 68 with value: 0.08735877275466919.
LOCAL_RANK: 0 - CUDA_VISIBLE_DEVICES: [0]
[I 2023-11-30 12:58:01,733] Trial 131 finished with value: 0.2147061675786972 and parameters: {'gradient_clip_val': 0.7105997653997045, 'hidden_size': 69, 'dropout': 0.3141588451085869, 'hidden_continuous_size': 27, 'attention_head_size': 2, 'learning_rate': 0.04524742708634399}. Best is trial 68 with value: 0.08735877275466919.
LOCAL_RANK: 0 - CUDA_VISIBLE_DEVICES: [0]
[I 2023-11-30 12:58:15,124] Trial 132 finished with value: 0.14275015890598297 and parameters: {'gradient_clip_val': 0.6690648082105352, 'hidden_size': 57, 'dropout': 0.3231959821450754, 'hidden_continuous_size': 24, 'attention_head_size': 2, 'learning_rate': 0.054446870717534616}. Best is trial 68 with value: 0.08735877275466919.
LOCAL_RANK: 0 - CUDA_VISIBLE_DEVICES: [0]
[I 2023-11-30 12:58:28,474] Trial 133 finished with value: 0.13847146928310394 and parameters: {'gradient_clip_val': 0.5958629543540441, 'hidden_size': 64, 'dropout': 0.32849882385532564, 'hidden_continuous_size': 26, 'attention_head_size': 2, 'learning_rate': 0.06650028481195254}. Best is trial 68 with value: 0.08735877275466919.
LOCAL_RANK: 0 - CUDA_VISIBLE_DEVICES: [0]
[I 2023-11-30 12:58:41,965] Trial 134 finished with value: 0.2165267914533615 and parameters: {'gradient_clip_val': 0.7392702050562134, 'hidden_size': 76, 'dropout': 0.3025185910911141, 'hidden_continuous_size': 29, 'attention_head_size': 2, 'learning_rate': 0.04290266453478391}. Best is trial 68 with value: 0.08735877275466919.
LOCAL_RANK: 0 - CUDA_VISIBLE_DEVICES: [0]
[I 2023-11-30 12:58:54,892] Trial 135 finished with value: 0.09553422778844833 and parameters: {'gradient_clip_val': 0.6280570232627692, 'hidden_size': 54, 'dropout': 0.33508583333671854, 'hidden_continuous_size': 22, 'attention_head_size': 2, 'learning_rate': 0.056637358764642334}. Best is trial 68 with value: 0.08735877275466919.
LOCAL_RANK: 0 - CUDA_VISIBLE_DEVICES: [0]
[I 2023-11-30 12:59:07,898] Trial 136 finished with value: 0.13923896849155426 and parameters: {'gradient_clip_val': 0.5737270510422993, 'hidden_size': 51, 'dropout': 0.33614498645323976, 'hidden_continuous_size': 22, 'attention_head_size': 2, 'learning_rate': 0.033639643578148824}. Best is trial 68 with value: 0.08735877275466919.
LOCAL_RANK: 0 - CUDA_VISIBLE_DEVICES: [0]
[I 2023-11-30 12:59:20,820] Trial 137 finished with value: 0.25084567070007324 and parameters: {'gradient_clip_val': 0.6286268962714731, 'hidden_size': 54, 'dropout': 0.33243131872460296, 'hidden_continuous_size': 21, 'attention_head_size': 2, 'learning_rate': 0.08123864843678105}. Best is trial 68 with value: 0.08735877275466919.
LOCAL_RANK: 0 - CUDA_VISIBLE_DEVICES: [0]
[I 2023-11-30 12:59:33,731] Trial 138 finished with value: 0.19655048847198486 and parameters: {'gradient_clip_val': 0.4969754242689127, 'hidden_size': 48, 'dropout': 0.3081441622761252, 'hidden_continuous_size': 23, 'attention_head_size': 2, 'learning_rate': 0.04992741331363246}. Best is trial 68 with value: 0.08735877275466919.
LOCAL_RANK: 0 - CUDA_VISIBLE_DEVICES: [0]
[I 2023-11-30 12:59:47,059] Trial 139 finished with value: 0.23300015926361084 and parameters: {'gradient_clip_val': 0.5391320727034318, 'hidden_size': 84, 'dropout': 0.34396753348725084, 'hidden_continuous_size': 20, 'attention_head_size': 2, 'learning_rate': 0.07175790121894526}. Best is trial 68 with value: 0.08735877275466919.
LOCAL_RANK: 0 - CUDA_VISIBLE_DEVICES: [0]
[I 2023-11-30 13:00:00,119] Trial 140 finished with value: 0.142964169383049 and parameters: {'gradient_clip_val': 0.6794217078347905, 'hidden_size': 60, 'dropout': 0.3197273024125177, 'hidden_continuous_size': 25, 'attention_head_size': 2, 'learning_rate': 0.05796524145031431}. Best is trial 68 with value: 0.08735877275466919.
LOCAL_RANK: 0 - CUDA_VISIBLE_DEVICES: [0]
[I 2023-11-30 13:00:13,182] Trial 141 finished with value: 0.19901590049266815 and parameters: {'gradient_clip_val': 0.6363886489798806, 'hidden_size': 64, 'dropout': 0.3137987895111611, 'hidden_continuous_size': 22, 'attention_head_size': 2, 'learning_rate': 0.06695252916988052}. Best is trial 68 with value: 0.08735877275466919.
LOCAL_RANK: 0 - CUDA_VISIBLE_DEVICES: [0]
[I 2023-11-30 13:00:26,243] Trial 142 finished with value: 0.1252177506685257 and parameters: {'gradient_clip_val': 0.5920732215576759, 'hidden_size': 57, 'dropout': 0.3271384078000996, 'hidden_continuous_size': 24, 'attention_head_size': 3, 'learning_rate': 0.039260387070329}. Best is trial 68 with value: 0.08735877275466919.
LOCAL_RANK: 0 - CUDA_VISIBLE_DEVICES: [0]
[I 2023-11-30 13:00:39,215] Trial 143 finished with value: 0.12659050524234772 and parameters: {'gradient_clip_val': 0.6854002877736117, 'hidden_size': 68, 'dropout': 0.33632529159274666, 'hidden_continuous_size': 13, 'attention_head_size': 2, 'learning_rate': 0.05477865338160036}. Best is trial 68 with value: 0.08735877275466919.
LOCAL_RANK: 0 - CUDA_VISIBLE_DEVICES: [0]
[I 2023-11-30 13:00:52,878] Trial 144 finished with value: 0.13598398864269257 and parameters: {'gradient_clip_val': 0.7279666381616824, 'hidden_size': 70, 'dropout': 0.3180350011644113, 'hidden_continuous_size': 18, 'attention_head_size': 2, 'learning_rate': 0.02525187269582427}. Best is trial 68 with value: 0.08735877275466919.
LOCAL_RANK: 0 - CUDA_VISIBLE_DEVICES: [0]
[I 2023-11-30 13:01:06,023] Trial 145 finished with value: 0.1540611982345581 and parameters: {'gradient_clip_val': 0.7725589110889155, 'hidden_size': 61, 'dropout': 0.2989924679999277, 'hidden_continuous_size': 23, 'attention_head_size': 2, 'learning_rate': 0.0917676993342162}. Best is trial 68 with value: 0.08735877275466919.
LOCAL_RANK: 0 - CUDA_VISIBLE_DEVICES: [0]
[I 2023-11-30 13:01:19,449] Trial 146 finished with value: 0.12393972277641296 and parameters: {'gradient_clip_val': 0.6550401670066811, 'hidden_size': 74, 'dropout': 0.2917714537287815, 'hidden_continuous_size': 20, 'attention_head_size': 3, 'learning_rate': 0.061378667586120615}. Best is trial 68 with value: 0.08735877275466919.
LOCAL_RANK: 0 - CUDA_VISIBLE_DEVICES: [0]
[I 2023-11-30 13:01:32,995] Trial 147 finished with value: 0.1839628964662552 and parameters: {'gradient_clip_val': 0.5707582313420426, 'hidden_size': 80, 'dropout': 0.3090853545636585, 'hidden_continuous_size': 27, 'attention_head_size': 2, 'learning_rate': 0.04739353294843168}. Best is trial 68 with value: 0.08735877275466919.
LOCAL_RANK: 0 - CUDA_VISIBLE_DEVICES: [0]
[I 2023-11-30 13:01:45,996] Trial 148 finished with value: 0.21504484117031097 and parameters: {'gradient_clip_val': 0.6214613987778957, 'hidden_size': 55, 'dropout': 0.32377460753248893, 'hidden_continuous_size': 25, 'attention_head_size': 3, 'learning_rate': 0.09976045789611324}. Best is trial 68 with value: 0.08735877275466919.
LOCAL_RANK: 0 - CUDA_VISIBLE_DEVICES: [0]
[I 2023-11-30 13:01:59,349] Trial 149 finished with value: 0.20838801562786102 and parameters: {'gradient_clip_val': 0.712095335225844, 'hidden_size': 65, 'dropout': 0.3311514702097964, 'hidden_continuous_size': 22, 'attention_head_size': 2, 'learning_rate': 0.029766891829114565}. Best is trial 68 with value: 0.08735877275466919.
[I 2023-11-30 13:01:59,458] A new study created in memory with name: no-name-a39afc26-9d78-4cae-8730-6a33034feb2f
/home/le004/conda/anaconda3/envs/tsff_env/lib/python3.9/site-packages/lightning/fabric/plugins/environments/slurm.py:191: The `srun` command is available on your system but is not used. HINT: If your intention is to run Lightning on SLURM, prepend your python command with `srun` like so: srun python /home/le004/master_thesis/git/TSFusionForecast/code/ ...
LOCAL_RANK: 0 - CUDA_VISIBLE_DEVICES: [0]
[I 2023-11-30 13:02:12,490] Trial 0 finished with value: 0.4632848799228668 and parameters: {'gradient_clip_val': 0.8846162126180566, 'hidden_size': 74, 'dropout': 0.3622529834780598, 'hidden_continuous_size': 16, 'attention_head_size': 1, 'learning_rate': 0.008164393818368382}. Best is trial 0 with value: 0.4632848799228668.
LOCAL_RANK: 0 - CUDA_VISIBLE_DEVICES: [0]
[I 2023-11-30 13:02:26,380] Trial 1 finished with value: 0.24880468845367432 and parameters: {'gradient_clip_val': 0.27713140911856315, 'hidden_size': 111, 'dropout': 0.28264332942184284, 'hidden_continuous_size': 33, 'attention_head_size': 4, 'learning_rate': 0.03573013535559893}. Best is trial 1 with value: 0.24880468845367432.
LOCAL_RANK: 0 - CUDA_VISIBLE_DEVICES: [0]
[I 2023-11-30 13:02:38,288] Trial 2 finished with value: 5.591283798217773 and parameters: {'gradient_clip_val': 0.22981285870588528, 'hidden_size': 12, 'dropout': 0.21025202131323958, 'hidden_continuous_size': 11, 'attention_head_size': 3, 'learning_rate': 0.0012499096089436674}. Best is trial 1 with value: 0.24880468845367432.
LOCAL_RANK: 0 - CUDA_VISIBLE_DEVICES: [0]
[I 2023-11-30 13:02:50,729] Trial 3 finished with value: 3.0552823543548584 and parameters: {'gradient_clip_val': 0.10296344480920641, 'hidden_size': 24, 'dropout': 0.30406431431277914, 'hidden_continuous_size': 23, 'attention_head_size': 3, 'learning_rate': 0.0024615320426790723}. Best is trial 1 with value: 0.24880468845367432.
LOCAL_RANK: 0 - CUDA_VISIBLE_DEVICES: [0]
[I 2023-11-30 13:03:04,790] Trial 4 finished with value: 0.14947229623794556 and parameters: {'gradient_clip_val': 0.5469718105662156, 'hidden_size': 77, 'dropout': 0.11802051019152465, 'hidden_continuous_size': 67, 'attention_head_size': 3, 'learning_rate': 0.031049344864654556}. Best is trial 4 with value: 0.14947229623794556.
LOCAL_RANK: 0 - CUDA_VISIBLE_DEVICES: [0]
[I 2023-11-30 13:03:18,300] Trial 5 finished with value: 0.2221890687942505 and parameters: {'gradient_clip_val': 0.11755927982181193, 'hidden_size': 66, 'dropout': 0.3159749349554808, 'hidden_continuous_size': 45, 'attention_head_size': 4, 'learning_rate': 0.03438325875379761}. Best is trial 4 with value: 0.14947229623794556.
LOCAL_RANK: 0 - CUDA_VISIBLE_DEVICES: [0]
[I 2023-11-30 13:03:31,673] Trial 6 finished with value: 0.15512801706790924 and parameters: {'gradient_clip_val': 0.15681284256470238, 'hidden_size': 100, 'dropout': 0.24866034690372912, 'hidden_continuous_size': 19, 'attention_head_size': 2, 'learning_rate': 0.025720677002673584}. Best is trial 4 with value: 0.14947229623794556.
LOCAL_RANK: 0 - CUDA_VISIBLE_DEVICES: [0]
[I 2023-11-30 13:03:43,658] Trial 7 finished with value: 0.33963561058044434 and parameters: {'gradient_clip_val': 0.19577078527547723, 'hidden_size': 11, 'dropout': 0.12648576346113996, 'hidden_continuous_size': 10, 'attention_head_size': 2, 'learning_rate': 0.0899084595037151}. Best is trial 4 with value: 0.14947229623794556.
LOCAL_RANK: 0 - CUDA_VISIBLE_DEVICES: [0]
[I 2023-11-30 13:03:56,620] Trial 8 finished with value: 0.8818157315254211 and parameters: {'gradient_clip_val': 0.3044782471188848, 'hidden_size': 33, 'dropout': 0.356115168590747, 'hidden_continuous_size': 19, 'attention_head_size': 3, 'learning_rate': 0.006151663541663033}. Best is trial 4 with value: 0.14947229623794556.
LOCAL_RANK: 0 - CUDA_VISIBLE_DEVICES: [0]
[I 2023-11-30 13:04:10,019] Trial 9 finished with value: 0.18243055045604706 and parameters: {'gradient_clip_val': 0.9584312971424023, 'hidden_size': 115, 'dropout': 0.3563089315810122, 'hidden_continuous_size': 10, 'attention_head_size': 1, 'learning_rate': 0.016877771777326103}. Best is trial 4 with value: 0.14947229623794556.
LOCAL_RANK: 0 - CUDA_VISIBLE_DEVICES: [0]
[I 2023-11-30 13:04:23,463] Trial 10 finished with value: 0.16423708200454712 and parameters: {'gradient_clip_val': 0.49380539834359843, 'hidden_size': 52, 'dropout': 0.10399186299296491, 'hidden_continuous_size': 50, 'attention_head_size': 4, 'learning_rate': 0.09870926384599225}. Best is trial 4 with value: 0.14947229623794556.
LOCAL_RANK: 0 - CUDA_VISIBLE_DEVICES: [0]
[I 2023-11-30 13:04:38,037] Trial 11 finished with value: 0.29992246627807617 and parameters: {'gradient_clip_val': 0.5596334333937438, 'hidden_size': 130, 'dropout': 0.20811566173234605, 'hidden_continuous_size': 125, 'attention_head_size': 2, 'learning_rate': 0.02083472470782293}. Best is trial 4 with value: 0.14947229623794556.
LOCAL_RANK: 0 - CUDA_VISIBLE_DEVICES: [0]
[I 2023-11-30 13:04:51,430] Trial 12 finished with value: 0.31428423523902893 and parameters: {'gradient_clip_val': 0.16704420855990576, 'hidden_size': 87, 'dropout': 0.1579831226581095, 'hidden_continuous_size': 30, 'attention_head_size': 2, 'learning_rate': 0.0412936728834119}. Best is trial 4 with value: 0.14947229623794556.
LOCAL_RANK: 0 - CUDA_VISIBLE_DEVICES: [0]
[I 2023-11-30 13:05:05,972] Trial 13 finished with value: 0.23759062588214874 and parameters: {'gradient_clip_val': 0.4346096128665384, 'hidden_size': 148, 'dropout': 0.23788640853529927, 'hidden_continuous_size': 68, 'attention_head_size': 2, 'learning_rate': 0.014013513887014783}. Best is trial 4 with value: 0.14947229623794556.
LOCAL_RANK: 0 - CUDA_VISIBLE_DEVICES: [0]
[I 2023-11-30 13:05:18,712] Trial 14 finished with value: 1.1179474592208862 and parameters: {'gradient_clip_val': 0.15685424064425207, 'hidden_size': 52, 'dropout': 0.168654965188327, 'hidden_continuous_size': 15, 'attention_head_size': 3, 'learning_rate': 0.006899258676245908}. Best is trial 4 with value: 0.14947229623794556.
LOCAL_RANK: 0 - CUDA_VISIBLE_DEVICES: [0]
[I 2023-11-30 13:05:32,095] Trial 15 finished with value: 0.21348583698272705 and parameters: {'gradient_clip_val': 0.3821084192368431, 'hidden_size': 90, 'dropout': 0.2587495592900295, 'hidden_continuous_size': 24, 'attention_head_size': 1, 'learning_rate': 0.05474153114834912}. Best is trial 4 with value: 0.14947229623794556.
LOCAL_RANK: 0 - CUDA_VISIBLE_DEVICES: [0]
[I 2023-11-30 13:05:45,216] Trial 16 finished with value: 0.1651095598936081 and parameters: {'gradient_clip_val': 0.6323239532696094, 'hidden_size': 62, 'dropout': 0.399966770534694, 'hidden_continuous_size': 19, 'attention_head_size': 2, 'learning_rate': 0.023149912139218975}. Best is trial 4 with value: 0.14947229623794556.
LOCAL_RANK: 0 - CUDA_VISIBLE_DEVICES: [0]
[I 2023-11-30 13:05:58,974] Trial 17 finished with value: 0.1843542605638504 and parameters: {'gradient_clip_val': 0.350479337679602, 'hidden_size': 94, 'dropout': 0.16246307998468293, 'hidden_continuous_size': 37, 'attention_head_size': 3, 'learning_rate': 0.01252174978950299}. Best is trial 4 with value: 0.14947229623794556.
LOCAL_RANK: 0 - CUDA_VISIBLE_DEVICES: [0]
[I 2023-11-30 13:06:13,747] Trial 18 finished with value: 0.28949999809265137 and parameters: {'gradient_clip_val': 0.2370933811986561, 'hidden_size': 150, 'dropout': 0.22055593435678672, 'hidden_continuous_size': 73, 'attention_head_size': 3, 'learning_rate': 0.026282289800952204}. Best is trial 4 with value: 0.14947229623794556.
LOCAL_RANK: 0 - CUDA_VISIBLE_DEVICES: [0]
[I 2023-11-30 13:06:27,463] Trial 19 finished with value: 0.17257852852344513 and parameters: {'gradient_clip_val': 0.7132984223225564, 'hidden_size': 101, 'dropout': 0.1866924821102311, 'hidden_continuous_size': 26, 'attention_head_size': 2, 'learning_rate': 0.057874303727572164}. Best is trial 4 with value: 0.14947229623794556.
LOCAL_RANK: 0 - CUDA_VISIBLE_DEVICES: [0]
[I 2023-11-30 13:06:40,163] Trial 20 finished with value: 0.4228317439556122 and parameters: {'gradient_clip_val': 0.4414366553588656, 'hidden_size': 46, 'dropout': 0.10201131520235956, 'hidden_continuous_size': 14, 'attention_head_size': 1, 'learning_rate': 0.010162794207050244}. Best is trial 4 with value: 0.14947229623794556.
LOCAL_RANK: 0 - CUDA_VISIBLE_DEVICES: [0]
