[I 2023-11-30 05:58:31,268] Trial 9 finished with value: 2.623311996459961 and parameters: {'gradient_clip_val': 0.4207673942149612, 'hidden_size': 26, 'dropout': 0.20864455634200027, 'hidden_continuous_size': 15, 'attention_head_size': 4, 'learning_rate': 0.001347178333384712}. Best is trial 4 with value: 0.09106600284576416.
LOCAL_RANK: 0 - CUDA_VISIBLE_DEVICES: [0]
[I 2023-11-30 05:58:44,301] Trial 10 finished with value: 0.21222203969955444 and parameters: {'gradient_clip_val': 0.11366006847473865, 'hidden_size': 60, 'dropout': 0.305699524603333, 'hidden_continuous_size': 25, 'attention_head_size': 2, 'learning_rate': 0.01319361607846594}. Best is trial 4 with value: 0.09106600284576416.
LOCAL_RANK: 0 - CUDA_VISIBLE_DEVICES: [0]
[I 2023-11-30 05:58:57,817] Trial 11 finished with value: 0.16787727177143097 and parameters: {'gradient_clip_val': 0.9096760921503071, 'hidden_size': 81, 'dropout': 0.3982082200917858, 'hidden_continuous_size': 38, 'attention_head_size': 3, 'learning_rate': 0.021094925316242106}. Best is trial 4 with value: 0.09106600284576416.
LOCAL_RANK: 0 - CUDA_VISIBLE_DEVICES: [0]
[I 2023-11-30 05:59:11,072] Trial 12 finished with value: 0.09715739637613297 and parameters: {'gradient_clip_val': 0.2453717093506249, 'hidden_size': 59, 'dropout': 0.32751116453348916, 'hidden_continuous_size': 38, 'attention_head_size': 3, 'learning_rate': 0.026498752036095512}. Best is trial 4 with value: 0.09106600284576416.
LOCAL_RANK: 0 - CUDA_VISIBLE_DEVICES: [0]
[I 2023-11-30 05:59:24,153] Trial 13 finished with value: 0.1705695390701294 and parameters: {'gradient_clip_val': 0.23720084610839284, 'hidden_size': 51, 'dropout': 0.31549047394783075, 'hidden_continuous_size': 28, 'attention_head_size': 2, 'learning_rate': 0.015159611096725836}. Best is trial 4 with value: 0.09106600284576416.
LOCAL_RANK: 0 - CUDA_VISIBLE_DEVICES: [0]
[I 2023-11-30 05:59:37,123] Trial 14 finished with value: 0.086461640894413 and parameters: {'gradient_clip_val': 0.2492104477829733, 'hidden_size': 47, 'dropout': 0.3173426011067975, 'hidden_continuous_size': 31, 'attention_head_size': 4, 'learning_rate': 0.038722446373895845}. Best is trial 14 with value: 0.086461640894413.
LOCAL_RANK: 0 - CUDA_VISIBLE_DEVICES: [0]
[I 2023-11-30 05:59:49,855] Trial 15 finished with value: 0.18510131537914276 and parameters: {'gradient_clip_val': 0.3275520979963906, 'hidden_size': 41, 'dropout': 0.29162575471328456, 'hidden_continuous_size': 19, 'attention_head_size': 4, 'learning_rate': 0.05871065163408772}. Best is trial 14 with value: 0.086461640894413.
LOCAL_RANK: 0 - CUDA_VISIBLE_DEVICES: [0]
[I 2023-11-30 06:00:03,360] Trial 16 finished with value: 0.22551393508911133 and parameters: {'gradient_clip_val': 0.18756152418732217, 'hidden_size': 86, 'dropout': 0.27590437312038646, 'hidden_continuous_size': 31, 'attention_head_size': 1, 'learning_rate': 0.09129981757941928}. Best is trial 14 with value: 0.086461640894413.
LOCAL_RANK: 0 - CUDA_VISIBLE_DEVICES: [0]
[I 2023-11-30 06:00:16,208] Trial 17 finished with value: 0.6607961654663086 and parameters: {'gradient_clip_val': 0.44622603477402206, 'hidden_size': 38, 'dropout': 0.34945465753644717, 'hidden_continuous_size': 19, 'attention_head_size': 4, 'learning_rate': 0.008637294425389063}. Best is trial 14 with value: 0.086461640894413.
LOCAL_RANK: 0 - CUDA_VISIBLE_DEVICES: [0]
[I 2023-11-30 06:00:29,578] Trial 18 finished with value: 0.15511716902256012 and parameters: {'gradient_clip_val': 0.10303344194569904, 'hidden_size': 81, 'dropout': 0.33783671050663333, 'hidden_continuous_size': 30, 'attention_head_size': 4, 'learning_rate': 0.04107073714503954}. Best is trial 14 with value: 0.086461640894413.
LOCAL_RANK: 0 - CUDA_VISIBLE_DEVICES: [0]
[I 2023-11-30 06:00:42,599] Trial 19 finished with value: 0.2220708578824997 and parameters: {'gradient_clip_val': 0.2043614296281086, 'hidden_size': 49, 'dropout': 0.2742575558398078, 'hidden_continuous_size': 24, 'attention_head_size': 3, 'learning_rate': 0.05716448152422664}. Best is trial 14 with value: 0.086461640894413.
LOCAL_RANK: 0 - CUDA_VISIBLE_DEVICES: [0]
[I 2023-11-30 06:00:55,351] Trial 20 finished with value: 0.21754993498325348 and parameters: {'gradient_clip_val': 0.2891338431998578, 'hidden_size': 34, 'dropout': 0.3432211708487239, 'hidden_continuous_size': 15, 'attention_head_size': 4, 'learning_rate': 0.03461017585351363}. Best is trial 14 with value: 0.086461640894413.
LOCAL_RANK: 0 - CUDA_VISIBLE_DEVICES: [0]
[I 2023-11-30 06:01:08,668] Trial 21 finished with value: 0.10121194273233414 and parameters: {'gradient_clip_val': 0.2419773776211004, 'hidden_size': 63, 'dropout': 0.3197201174071974, 'hidden_continuous_size': 35, 'attention_head_size': 3, 'learning_rate': 0.022764179192441007}. Best is trial 14 with value: 0.086461640894413.
LOCAL_RANK: 0 - CUDA_VISIBLE_DEVICES: [0]
[I 2023-11-30 06:01:21,922] Trial 22 finished with value: 0.1575963944196701 and parameters: {'gradient_clip_val': 0.2911476116219912, 'hidden_size': 64, 'dropout': 0.3665434724889674, 'hidden_continuous_size': 37, 'attention_head_size': 3, 'learning_rate': 0.02518022268920214}. Best is trial 14 with value: 0.086461640894413.
LOCAL_RANK: 0 - CUDA_VISIBLE_DEVICES: [0]
[I 2023-11-30 06:01:35,938] Trial 23 finished with value: 0.08309295773506165 and parameters: {'gradient_clip_val': 0.22009856818385864, 'hidden_size': 103, 'dropout': 0.33110239204052716, 'hidden_continuous_size': 45, 'attention_head_size': 4, 'learning_rate': 0.016967215495800717}. Best is trial 23 with value: 0.08309295773506165.
LOCAL_RANK: 0 - CUDA_VISIBLE_DEVICES: [0]
[I 2023-11-30 06:01:49,971] Trial 24 finished with value: 0.1299462467432022 and parameters: {'gradient_clip_val': 0.20103090307936164, 'hidden_size': 104, 'dropout': 0.2846424758936989, 'hidden_continuous_size': 44, 'attention_head_size': 4, 'learning_rate': 0.016876158988449835}. Best is trial 23 with value: 0.08309295773506165.
LOCAL_RANK: 0 - CUDA_VISIBLE_DEVICES: [0]
[I 2023-11-30 06:02:03,908] Trial 25 finished with value: 0.17722439765930176 and parameters: {'gradient_clip_val': 0.14313426698700163, 'hidden_size': 99, 'dropout': 0.34998404602943606, 'hidden_continuous_size': 47, 'attention_head_size': 4, 'learning_rate': 0.010674089138583311}. Best is trial 23 with value: 0.08309295773506165.
LOCAL_RANK: 0 - CUDA_VISIBLE_DEVICES: [0]
[I 2023-11-30 06:02:17,320] Trial 26 finished with value: 0.16924230754375458 and parameters: {'gradient_clip_val': 0.17940225392376402, 'hidden_size': 73, 'dropout': 0.3062832664380396, 'hidden_continuous_size': 32, 'attention_head_size': 4, 'learning_rate': 0.036036617237062786}. Best is trial 23 with value: 0.08309295773506165.
LOCAL_RANK: 0 - CUDA_VISIBLE_DEVICES: [0]
[I 2023-11-30 06:02:31,305] Trial 27 finished with value: 0.13340772688388824 and parameters: {'gradient_clip_val': 0.21367563332937808, 'hidden_size': 107, 'dropout': 0.2658380742305595, 'hidden_continuous_size': 60, 'attention_head_size': 4, 'learning_rate': 0.0200228096349231}. Best is trial 23 with value: 0.08309295773506165.
LOCAL_RANK: 0 - CUDA_VISIBLE_DEVICES: [0]
[I 2023-11-30 06:02:45,695] Trial 28 finished with value: 0.09517578035593033 and parameters: {'gradient_clip_val': 0.28691505001029793, 'hidden_size': 149, 'dropout': 0.3282568235234191, 'hidden_continuous_size': 72, 'attention_head_size': 2, 'learning_rate': 0.013748261434294091}. Best is trial 23 with value: 0.08309295773506165.
LOCAL_RANK: 0 - CUDA_VISIBLE_DEVICES: [0]
[I 2023-11-30 06:02:59,300] Trial 29 finished with value: 0.2960367500782013 and parameters: {'gradient_clip_val': 0.13619900832549212, 'hidden_size': 87, 'dropout': 0.3779101816145636, 'hidden_continuous_size': 28, 'attention_head_size': 1, 'learning_rate': 0.008976730373464253}. Best is trial 23 with value: 0.08309295773506165.
LOCAL_RANK: 0 - CUDA_VISIBLE_DEVICES: [0]
[I 2023-11-30 06:03:12,331] Trial 30 finished with value: 0.32025301456451416 and parameters: {'gradient_clip_val': 0.1679658464331559, 'hidden_size': 48, 'dropout': 0.3757173431104761, 'hidden_continuous_size': 33, 'attention_head_size': 4, 'learning_rate': 0.006872615640661748}. Best is trial 23 with value: 0.08309295773506165.
LOCAL_RANK: 0 - CUDA_VISIBLE_DEVICES: [0]
[I 2023-11-30 06:03:26,696] Trial 31 finished with value: 0.08425711840391159 and parameters: {'gradient_clip_val': 0.26446292028516194, 'hidden_size': 148, 'dropout': 0.33323948575774925, 'hidden_continuous_size': 79, 'attention_head_size': 2, 'learning_rate': 0.014454463025524675}. Best is trial 23 with value: 0.08309295773506165.
LOCAL_RANK: 0 - CUDA_VISIBLE_DEVICES: [0]
[I 2023-11-30 06:03:40,892] Trial 32 finished with value: 0.09228867292404175 and parameters: {'gradient_clip_val': 0.22138551773447385, 'hidden_size': 122, 'dropout': 0.2998279037189499, 'hidden_continuous_size': 82, 'attention_head_size': 2, 'learning_rate': 0.018883502908840645}. Best is trial 23 with value: 0.08309295773506165.
LOCAL_RANK: 0 - CUDA_VISIBLE_DEVICES: [0]
[I 2023-11-30 06:03:54,527] Trial 33 finished with value: 0.11299031972885132 and parameters: {'gradient_clip_val': 0.2692666295809761, 'hidden_size': 124, 'dropout': 0.3332204195091049, 'hidden_continuous_size': 42, 'attention_head_size': 1, 'learning_rate': 0.015116326038776051}. Best is trial 23 with value: 0.08309295773506165.
LOCAL_RANK: 0 - CUDA_VISIBLE_DEVICES: [0]
[I 2023-11-30 06:04:08,552] Trial 34 finished with value: 0.08892747014760971 and parameters: {'gradient_clip_val': 0.1779392034324206, 'hidden_size': 101, 'dropout': 0.35666255288075965, 'hidden_continuous_size': 52, 'attention_head_size': 2, 'learning_rate': 0.02865624158712352}. Best is trial 23 with value: 0.08309295773506165.
LOCAL_RANK: 0 - CUDA_VISIBLE_DEVICES: [0]
[I 2023-11-30 06:04:22,571] Trial 35 finished with value: 0.12987752258777618 and parameters: {'gradient_clip_val': 0.17133011180603452, 'hidden_size': 129, 'dropout': 0.3168562558057218, 'hidden_continuous_size': 50, 'attention_head_size': 2, 'learning_rate': 0.011367936300633263}. Best is trial 23 with value: 0.08309295773506165.
LOCAL_RANK: 0 - CUDA_VISIBLE_DEVICES: [0]
[I 2023-11-30 06:04:37,243] Trial 36 finished with value: 0.14293910562992096 and parameters: {'gradient_clip_val': 0.19498209793121252, 'hidden_size': 143, 'dropout': 0.2577294556597977, 'hidden_continuous_size': 139, 'attention_head_size': 2, 'learning_rate': 0.02722648446802433}. Best is trial 23 with value: 0.08309295773506165.
LOCAL_RANK: 0 - CUDA_VISIBLE_DEVICES: [0]
[I 2023-11-30 06:04:50,913] Trial 37 finished with value: 0.11534887552261353 and parameters: {'gradient_clip_val': 0.1432605265020092, 'hidden_size': 99, 'dropout': 0.295763900794519, 'hidden_continuous_size': 54, 'attention_head_size': 1, 'learning_rate': 0.018248908828090462}. Best is trial 23 with value: 0.08309295773506165.
LOCAL_RANK: 0 - CUDA_VISIBLE_DEVICES: [0]
[I 2023-11-30 06:05:04,664] Trial 38 finished with value: 0.14270277321338654 and parameters: {'gradient_clip_val': 0.32820669777102335, 'hidden_size': 116, 'dropout': 0.3540165039078462, 'hidden_continuous_size': 43, 'attention_head_size': 2, 'learning_rate': 0.043907709293560034}. Best is trial 23 with value: 0.08309295773506165.
LOCAL_RANK: 0 - CUDA_VISIBLE_DEVICES: [0]
[I 2023-11-30 06:05:18,614] Trial 39 finished with value: 0.08570945262908936 and parameters: {'gradient_clip_val': 0.15794147016573004, 'hidden_size': 93, 'dropout': 0.3559409339639094, 'hidden_continuous_size': 50, 'attention_head_size': 2, 'learning_rate': 0.028473697692802256}. Best is trial 23 with value: 0.08309295773506165.
LOCAL_RANK: 0 - CUDA_VISIBLE_DEVICES: [0]
[I 2023-11-30 06:05:32,980] Trial 40 finished with value: 0.175303116440773 and parameters: {'gradient_clip_val': 0.15526948209737998, 'hidden_size': 135, 'dropout': 0.33529902900855224, 'hidden_continuous_size': 70, 'attention_head_size': 3, 'learning_rate': 0.005660347971192726}. Best is trial 23 with value: 0.08309295773506165.
LOCAL_RANK: 0 - CUDA_VISIBLE_DEVICES: [0]
[I 2023-11-30 06:05:46,764] Trial 41 finished with value: 0.19173146784305573 and parameters: {'gradient_clip_val': 0.22137485463114845, 'hidden_size': 94, 'dropout': 0.35253588860241314, 'hidden_continuous_size': 54, 'attention_head_size': 2, 'learning_rate': 0.029014461366283387}. Best is trial 23 with value: 0.08309295773506165.
LOCAL_RANK: 0 - CUDA_VISIBLE_DEVICES: [0]
[I 2023-11-30 06:06:00,330] Trial 42 finished with value: 0.141886368393898 and parameters: {'gradient_clip_val': 0.17546581122179453, 'hidden_size': 74, 'dropout': 0.3857804830658401, 'hidden_continuous_size': 47, 'attention_head_size': 2, 'learning_rate': 0.023062856779363802}. Best is trial 23 with value: 0.08309295773506165.
LOCAL_RANK: 0 - CUDA_VISIBLE_DEVICES: [0]
[I 2023-11-30 06:06:14,128] Trial 43 finished with value: 0.1258663535118103 and parameters: {'gradient_clip_val': 0.19038988754112107, 'hidden_size': 107, 'dropout': 0.36387956577881697, 'hidden_continuous_size': 41, 'attention_head_size': 2, 'learning_rate': 0.0328502220896748}. Best is trial 23 with value: 0.08309295773506165.
LOCAL_RANK: 0 - CUDA_VISIBLE_DEVICES: [0]
[I 2023-11-30 06:06:28,493] Trial 44 finished with value: 0.12004715949296951 and parameters: {'gradient_clip_val': 0.25104208554439356, 'hidden_size': 149, 'dropout': 0.3620772076614912, 'hidden_continuous_size': 59, 'attention_head_size': 2, 'learning_rate': 0.04555488973334671}. Best is trial 23 with value: 0.08309295773506165.
LOCAL_RANK: 0 - CUDA_VISIBLE_DEVICES: [0]
[I 2023-11-30 06:06:42,461] Trial 45 finished with value: 0.10451338440179825 and parameters: {'gradient_clip_val': 0.16075071998660842, 'hidden_size': 116, 'dropout': 0.31122588771858134, 'hidden_continuous_size': 48, 'attention_head_size': 2, 'learning_rate': 0.028610196819233536}. Best is trial 23 with value: 0.08309295773506165.
LOCAL_RANK: 0 - CUDA_VISIBLE_DEVICES: [0]
[I 2023-11-30 06:06:56,025] Trial 46 finished with value: 0.07913118600845337 and parameters: {'gradient_clip_val': 0.22219544738694139, 'hidden_size': 93, 'dropout': 0.3923248865050791, 'hidden_continuous_size': 40, 'attention_head_size': 1, 'learning_rate': 0.06916142073997106}. Best is trial 46 with value: 0.07913118600845337.
LOCAL_RANK: 0 - CUDA_VISIBLE_DEVICES: [0]
[I 2023-11-30 06:07:09,504] Trial 47 finished with value: 0.1847822666168213 and parameters: {'gradient_clip_val': 0.21943801359025475, 'hidden_size': 91, 'dropout': 0.39875648482551784, 'hidden_continuous_size': 35, 'attention_head_size': 1, 'learning_rate': 0.06497839542042301}. Best is trial 46 with value: 0.07913118600845337.
LOCAL_RANK: 0 - CUDA_VISIBLE_DEVICES: [0]
[I 2023-11-30 06:07:22,858] Trial 48 finished with value: 0.08144039660692215 and parameters: {'gradient_clip_val': 0.23974286458601907, 'hidden_size': 71, 'dropout': 0.3860347821088334, 'hidden_continuous_size': 40, 'attention_head_size': 1, 'learning_rate': 0.07382306732852018}. Best is trial 46 with value: 0.07913118600845337.
LOCAL_RANK: 0 - CUDA_VISIBLE_DEVICES: [0]
[I 2023-11-30 06:07:36,018] Trial 49 finished with value: 0.16329455375671387 and parameters: {'gradient_clip_val': 0.2722760741344434, 'hidden_size': 71, 'dropout': 0.3853490109232742, 'hidden_continuous_size': 40, 'attention_head_size': 1, 'learning_rate': 0.0716937250926432}. Best is trial 46 with value: 0.07913118600845337.
LOCAL_RANK: 0 - CUDA_VISIBLE_DEVICES: [0]
[I 2023-11-30 06:07:49,768] Trial 50 finished with value: 0.11326614767313004 and parameters: {'gradient_clip_val': 0.2303576374694186, 'hidden_size': 86, 'dropout': 0.38713025742482965, 'hidden_continuous_size': 45, 'attention_head_size': 1, 'learning_rate': 0.0766362981453425}. Best is trial 46 with value: 0.07913118600845337.
LOCAL_RANK: 0 - CUDA_VISIBLE_DEVICES: [0]
[I 2023-11-30 06:08:03,106] Trial 51 finished with value: 0.10458087176084518 and parameters: {'gradient_clip_val': 0.2530458118388069, 'hidden_size': 76, 'dropout': 0.36796410245979444, 'hidden_continuous_size': 39, 'attention_head_size': 1, 'learning_rate': 0.09234343025335394}. Best is trial 46 with value: 0.07913118600845337.
LOCAL_RANK: 0 - CUDA_VISIBLE_DEVICES: [0]
[I 2023-11-30 06:08:16,176] Trial 52 finished with value: 0.1254209727048874 and parameters: {'gradient_clip_val': 0.2038027150651351, 'hidden_size': 68, 'dropout': 0.3427955428669483, 'hidden_continuous_size': 35, 'attention_head_size': 1, 'learning_rate': 0.05198741312742586}. Best is trial 46 with value: 0.07913118600845337.
LOCAL_RANK: 0 - CUDA_VISIBLE_DEVICES: [0]
[I 2023-11-30 06:08:29,435] Trial 53 finished with value: 0.10575714707374573 and parameters: {'gradient_clip_val': 0.23734244299098123, 'hidden_size': 57, 'dropout': 0.32653897799713477, 'hidden_continuous_size': 40, 'attention_head_size': 1, 'learning_rate': 0.06451231030918111}. Best is trial 46 with value: 0.07913118600845337.
LOCAL_RANK: 0 - CUDA_VISIBLE_DEVICES: [0]
[I 2023-11-30 06:08:43,000] Trial 54 finished with value: 0.09249977022409439 and parameters: {'gradient_clip_val': 0.31257717351613173, 'hidden_size': 81, 'dropout': 0.3764580149803701, 'hidden_continuous_size': 45, 'attention_head_size': 3, 'learning_rate': 0.09726189479371446}. Best is trial 46 with value: 0.07913118600845337.
LOCAL_RANK: 0 - CUDA_VISIBLE_DEVICES: [0]
[I 2023-11-30 06:08:56,603] Trial 55 finished with value: 0.194677472114563 and parameters: {'gradient_clip_val': 0.2576539660312086, 'hidden_size': 116, 'dropout': 0.3454376504589733, 'hidden_continuous_size': 29, 'attention_head_size': 1, 'learning_rate': 0.049776774061337216}. Best is trial 46 with value: 0.07913118600845337.
LOCAL_RANK: 0 - CUDA_VISIBLE_DEVICES: [0]
[I 2023-11-30 06:09:10,226] Trial 56 finished with value: 0.21745948493480682 and parameters: {'gradient_clip_val': 0.36123970305557757, 'hidden_size': 93, 'dropout': 0.3938127005123264, 'hidden_continuous_size': 36, 'attention_head_size': 3, 'learning_rate': 0.03887474763813135}. Best is trial 46 with value: 0.07913118600845337.
LOCAL_RANK: 0 - CUDA_VISIBLE_DEVICES: [0]
[I 2023-11-30 06:09:24,123] Trial 57 finished with value: 0.10778933763504028 and parameters: {'gradient_clip_val': 0.20641911927569773, 'hidden_size': 137, 'dropout': 0.371803082079591, 'hidden_continuous_size': 32, 'attention_head_size': 1, 'learning_rate': 0.07786889595626656}. Best is trial 46 with value: 0.07913118600845337.
LOCAL_RANK: 0 - CUDA_VISIBLE_DEVICES: [0]
[I 2023-11-30 06:09:37,581] Trial 58 finished with value: 0.12396789342164993 and parameters: {'gradient_clip_val': 0.18986182863631293, 'hidden_size': 67, 'dropout': 0.3220341098555595, 'hidden_continuous_size': 43, 'attention_head_size': 3, 'learning_rate': 0.055301684748185136}. Best is trial 46 with value: 0.07913118600845337.
LOCAL_RANK: 0 - CUDA_VISIBLE_DEVICES: [0]
[I 2023-11-30 06:09:51,178] Trial 59 finished with value: 0.10909345000982285 and parameters: {'gradient_clip_val': 0.22790011381966724, 'hidden_size': 79, 'dropout': 0.36014090138516935, 'hidden_continuous_size': 38, 'attention_head_size': 4, 'learning_rate': 0.0407515815963701}. Best is trial 46 with value: 0.07913118600845337.
LOCAL_RANK: 0 - CUDA_VISIBLE_DEVICES: [0]
[I 2023-11-30 06:10:04,986] Trial 60 finished with value: 0.14624853432178497 and parameters: {'gradient_clip_val': 0.2656647338251464, 'hidden_size': 111, 'dropout': 0.3399848203658463, 'hidden_continuous_size': 26, 'attention_head_size': 1, 'learning_rate': 0.046675963801783224}. Best is trial 46 with value: 0.07913118600845337.
LOCAL_RANK: 0 - CUDA_VISIBLE_DEVICES: [0]
[I 2023-11-30 06:10:18,650] Trial 61 finished with value: 0.13151198625564575 and parameters: {'gradient_clip_val': 0.18585260397163478, 'hidden_size': 100, 'dropout': 0.35661128031119055, 'hidden_continuous_size': 48, 'attention_head_size': 2, 'learning_rate': 0.030841511182430538}. Best is trial 46 with value: 0.07913118600845337.
LOCAL_RANK: 0 - CUDA_VISIBLE_DEVICES: [0]
[I 2023-11-30 06:10:32,497] Trial 62 finished with value: 0.23965008556842804 and parameters: {'gradient_clip_val': 0.2107821718140571, 'hidden_size': 128, 'dropout': 0.3828001497641999, 'hidden_continuous_size': 52, 'attention_head_size': 2, 'learning_rate': 0.02236578532536157}. Best is trial 46 with value: 0.07913118600845337.
LOCAL_RANK: 0 - CUDA_VISIBLE_DEVICES: [0]
[I 2023-11-30 06:10:46,312] Trial 63 finished with value: 0.08813159912824631 and parameters: {'gradient_clip_val': 0.17497742692360788, 'hidden_size': 89, 'dropout': 0.3497683549482849, 'hidden_continuous_size': 55, 'attention_head_size': 2, 'learning_rate': 0.0367218502319747}. Best is trial 46 with value: 0.07913118600845337.
LOCAL_RANK: 0 - CUDA_VISIBLE_DEVICES: [0]
[I 2023-11-30 06:10:59,951] Trial 64 finished with value: 0.07665131986141205 and parameters: {'gradient_clip_val': 0.24239446032932307, 'hidden_size': 89, 'dropout': 0.3334122462010887, 'hidden_continuous_size': 56, 'attention_head_size': 2, 'learning_rate': 0.036703107309016283}. Best is trial 64 with value: 0.07665131986141205.
LOCAL_RANK: 0 - CUDA_VISIBLE_DEVICES: [0]
[I 2023-11-30 06:11:13,828] Trial 65 finished with value: 0.1416662633419037 and parameters: {'gradient_clip_val': 0.30366613470892734, 'hidden_size': 83, 'dropout': 0.3307546159943077, 'hidden_continuous_size': 33, 'attention_head_size': 4, 'learning_rate': 0.060655476561075616}. Best is trial 64 with value: 0.07665131986141205.
LOCAL_RANK: 0 - CUDA_VISIBLE_DEVICES: [0]
[I 2023-11-30 06:11:27,294] Trial 66 finished with value: 0.14268484711647034 and parameters: {'gradient_clip_val': 0.247991087495508, 'hidden_size': 75, 'dropout': 0.3065255800849825, 'hidden_continuous_size': 42, 'attention_head_size': 2, 'learning_rate': 0.017045399144618743}. Best is trial 64 with value: 0.07665131986141205.
LOCAL_RANK: 0 - CUDA_VISIBLE_DEVICES: [0]
