[I 2023-11-29 23:42:33,264] Trial 81 finished with value: 0.18898873031139374 and parameters: {'gradient_clip_val': 0.3667692304469939, 'hidden_size': 37, 'dropout': 0.11006143626346275, 'hidden_continuous_size': 19, 'attention_head_size': 3, 'learning_rate': 0.0519658845629002}. Best is trial 53 with value: 0.08693423122167587.
LOCAL_RANK: 0 - CUDA_VISIBLE_DEVICES: [0]
[I 2023-11-29 23:42:45,728] Trial 82 finished with value: 0.1992707997560501 and parameters: {'gradient_clip_val': 0.39693860377130813, 'hidden_size': 30, 'dropout': 0.15847821375427165, 'hidden_continuous_size': 20, 'attention_head_size': 3, 'learning_rate': 0.033969788791252696}. Best is trial 53 with value: 0.08693423122167587.
LOCAL_RANK: 0 - CUDA_VISIBLE_DEVICES: [0]
[I 2023-11-29 23:42:58,487] Trial 83 finished with value: 0.11332955211400986 and parameters: {'gradient_clip_val': 0.3458110693020412, 'hidden_size': 42, 'dropout': 0.11724363482831514, 'hidden_continuous_size': 19, 'attention_head_size': 3, 'learning_rate': 0.041790691361544945}. Best is trial 53 with value: 0.08693423122167587.
LOCAL_RANK: 0 - CUDA_VISIBLE_DEVICES: [0]
[I 2023-11-29 23:43:11,138] Trial 84 finished with value: 0.11724518984556198 and parameters: {'gradient_clip_val': 0.33670863877098123, 'hidden_size': 43, 'dropout': 0.12649136348158185, 'hidden_continuous_size': 19, 'attention_head_size': 3, 'learning_rate': 0.04245718781270447}. Best is trial 53 with value: 0.08693423122167587.
LOCAL_RANK: 0 - CUDA_VISIBLE_DEVICES: [0]
[I 2023-11-29 23:43:23,962] Trial 85 finished with value: 0.1974962204694748 and parameters: {'gradient_clip_val': 0.31942041226025975, 'hidden_size': 31, 'dropout': 0.13892487839195541, 'hidden_continuous_size': 18, 'attention_head_size': 3, 'learning_rate': 0.05844961437999716}. Best is trial 53 with value: 0.08693423122167587.
LOCAL_RANK: 0 - CUDA_VISIBLE_DEVICES: [0]
[I 2023-11-29 23:43:36,558] Trial 86 finished with value: 0.10599979013204575 and parameters: {'gradient_clip_val': 0.35982455672843383, 'hidden_size': 33, 'dropout': 0.14771302532076536, 'hidden_continuous_size': 17, 'attention_head_size': 3, 'learning_rate': 0.08863360482565642}. Best is trial 53 with value: 0.08693423122167587.
LOCAL_RANK: 0 - CUDA_VISIBLE_DEVICES: [0]
[I 2023-11-29 23:43:48,988] Trial 87 finished with value: 0.11492642015218735 and parameters: {'gradient_clip_val': 0.3664152392665607, 'hidden_size': 34, 'dropout': 0.14816885944288294, 'hidden_continuous_size': 17, 'attention_head_size': 3, 'learning_rate': 0.07660630526054163}. Best is trial 53 with value: 0.08693423122167587.
LOCAL_RANK: 0 - CUDA_VISIBLE_DEVICES: [0]
[I 2023-11-29 23:44:01,189] Trial 88 finished with value: 0.1939571350812912 and parameters: {'gradient_clip_val': 0.4725908966542549, 'hidden_size': 28, 'dropout': 0.16427500896600294, 'hidden_continuous_size': 18, 'attention_head_size': 2, 'learning_rate': 0.07097479652621977}. Best is trial 53 with value: 0.08693423122167587.
LOCAL_RANK: 0 - CUDA_VISIBLE_DEVICES: [0]
[I 2023-11-29 23:44:13,543] Trial 89 finished with value: 0.16208314895629883 and parameters: {'gradient_clip_val': 0.5154192505199958, 'hidden_size': 32, 'dropout': 0.106360930562474, 'hidden_continuous_size': 17, 'attention_head_size': 3, 'learning_rate': 0.08908844594963766}. Best is trial 53 with value: 0.08693423122167587.
LOCAL_RANK: 0 - CUDA_VISIBLE_DEVICES: [0]
[I 2023-11-29 23:44:26,189] Trial 90 finished with value: 0.18810217082500458 and parameters: {'gradient_clip_val': 0.4113441080238797, 'hidden_size': 25, 'dropout': 0.14257437457939234, 'hidden_continuous_size': 16, 'attention_head_size': 4, 'learning_rate': 0.049693459031753894}. Best is trial 53 with value: 0.08693423122167587.
LOCAL_RANK: 0 - CUDA_VISIBLE_DEVICES: [0]
[I 2023-11-29 23:44:38,761] Trial 91 finished with value: 0.1267845183610916 and parameters: {'gradient_clip_val': 0.34969919401960553, 'hidden_size': 40, 'dropout': 0.11320276601169883, 'hidden_continuous_size': 21, 'attention_head_size': 3, 'learning_rate': 0.06462567287995892}. Best is trial 53 with value: 0.08693423122167587.
LOCAL_RANK: 0 - CUDA_VISIBLE_DEVICES: [0]
[I 2023-11-29 23:44:51,358] Trial 92 finished with value: 0.08474432677030563 and parameters: {'gradient_clip_val': 0.4353842463459736, 'hidden_size': 30, 'dropout': 0.12223935870323946, 'hidden_continuous_size': 20, 'attention_head_size': 3, 'learning_rate': 0.08860351539054033}. Best is trial 92 with value: 0.08474432677030563.
LOCAL_RANK: 0 - CUDA_VISIBLE_DEVICES: [0]
[I 2023-11-29 23:45:03,749] Trial 93 finished with value: 0.10198608785867691 and parameters: {'gradient_clip_val': 0.4396416865604621, 'hidden_size': 30, 'dropout': 0.12285931315526424, 'hidden_continuous_size': 20, 'attention_head_size': 3, 'learning_rate': 0.09109028894300503}. Best is trial 92 with value: 0.08474432677030563.
LOCAL_RANK: 0 - CUDA_VISIBLE_DEVICES: [0]
[I 2023-11-29 23:45:16,089] Trial 94 finished with value: 0.12433097511529922 and parameters: {'gradient_clip_val': 0.4841402835416708, 'hidden_size': 30, 'dropout': 0.12253033357405715, 'hidden_continuous_size': 20, 'attention_head_size': 3, 'learning_rate': 0.08793783769096272}. Best is trial 92 with value: 0.08474432677030563.
LOCAL_RANK: 0 - CUDA_VISIBLE_DEVICES: [0]
[I 2023-11-29 23:45:28,683] Trial 95 finished with value: 0.072086401283741 and parameters: {'gradient_clip_val': 0.44070703727810057, 'hidden_size': 26, 'dropout': 0.10608115091582204, 'hidden_continuous_size': 20, 'attention_head_size': 3, 'learning_rate': 0.07625122443701707}. Best is trial 95 with value: 0.072086401283741.
LOCAL_RANK: 0 - CUDA_VISIBLE_DEVICES: [0]
[I 2023-11-29 23:45:40,905] Trial 96 finished with value: 0.18375378847122192 and parameters: {'gradient_clip_val': 0.44650724433156047, 'hidden_size': 26, 'dropout': 0.13228616497619347, 'hidden_continuous_size': 22, 'attention_head_size': 3, 'learning_rate': 0.09952007695922947}. Best is trial 95 with value: 0.072086401283741.
LOCAL_RANK: 0 - CUDA_VISIBLE_DEVICES: [0]
[I 2023-11-29 23:45:53,173] Trial 97 finished with value: 0.12084096670150757 and parameters: {'gradient_clip_val': 0.4309123415448283, 'hidden_size': 21, 'dropout': 0.10593002152611834, 'hidden_continuous_size': 20, 'attention_head_size': 3, 'learning_rate': 0.07908132567790672}. Best is trial 95 with value: 0.072086401283741.
LOCAL_RANK: 0 - CUDA_VISIBLE_DEVICES: [0]
[I 2023-11-29 23:46:05,371] Trial 98 finished with value: 0.15565676987171173 and parameters: {'gradient_clip_val': 0.4588571993703022, 'hidden_size': 28, 'dropout': 0.12968806917854897, 'hidden_continuous_size': 21, 'attention_head_size': 3, 'learning_rate': 0.07451824631030203}. Best is trial 95 with value: 0.072086401283741.
LOCAL_RANK: 0 - CUDA_VISIBLE_DEVICES: [0]
[I 2023-11-29 23:46:17,515] Trial 99 finished with value: 0.12564879655838013 and parameters: {'gradient_clip_val': 0.4291608983014242, 'hidden_size': 24, 'dropout': 0.12336291644747721, 'hidden_continuous_size': 18, 'attention_head_size': 3, 'learning_rate': 0.09011741191708304}. Best is trial 95 with value: 0.072086401283741.
LOCAL_RANK: 0 - CUDA_VISIBLE_DEVICES: [0]
[I 2023-11-29 23:46:30,336] Trial 100 finished with value: 0.16500312089920044 and parameters: {'gradient_clip_val': 0.5107141143036128, 'hidden_size': 31, 'dropout': 0.11378441170075104, 'hidden_continuous_size': 22, 'attention_head_size': 3, 'learning_rate': 0.06801022572469387}. Best is trial 95 with value: 0.072086401283741.
LOCAL_RANK: 0 - CUDA_VISIBLE_DEVICES: [0]
[I 2023-11-29 23:46:42,908] Trial 101 finished with value: 0.19156289100646973 and parameters: {'gradient_clip_val': 0.3906618094783172, 'hidden_size': 33, 'dropout': 0.10555814357764155, 'hidden_continuous_size': 20, 'attention_head_size': 3, 'learning_rate': 0.05996042285234808}. Best is trial 95 with value: 0.072086401283741.
LOCAL_RANK: 0 - CUDA_VISIBLE_DEVICES: [0]
[I 2023-11-29 23:46:55,484] Trial 102 finished with value: 0.11864718049764633 and parameters: {'gradient_clip_val': 0.36336486213646135, 'hidden_size': 29, 'dropout': 0.11935559770060239, 'hidden_continuous_size': 23, 'attention_head_size': 3, 'learning_rate': 0.053476735685662906}. Best is trial 95 with value: 0.072086401283741.
LOCAL_RANK: 0 - CUDA_VISIBLE_DEVICES: [0]
[I 2023-11-29 23:47:08,078] Trial 103 finished with value: 0.15670500695705414 and parameters: {'gradient_clip_val': 0.41397144569650035, 'hidden_size': 36, 'dropout': 0.11125681496685683, 'hidden_continuous_size': 21, 'attention_head_size': 3, 'learning_rate': 0.07612446797766088}. Best is trial 95 with value: 0.072086401283741.
LOCAL_RANK: 0 - CUDA_VISIBLE_DEVICES: [0]
[I 2023-11-29 23:47:20,280] Trial 104 finished with value: 0.08385646343231201 and parameters: {'gradient_clip_val': 0.3324149677521778, 'hidden_size': 26, 'dropout': 0.10552921284199152, 'hidden_continuous_size': 19, 'attention_head_size': 3, 'learning_rate': 0.06513913310329021}. Best is trial 95 with value: 0.072086401283741.
LOCAL_RANK: 0 - CUDA_VISIBLE_DEVICES: [0]
[I 2023-11-29 23:47:32,725] Trial 105 finished with value: 0.3092813491821289 and parameters: {'gradient_clip_val': 0.48564375571380475, 'hidden_size': 23, 'dropout': 0.10528937766656574, 'hidden_continuous_size': 19, 'attention_head_size': 3, 'learning_rate': 0.06554946714367388}. Best is trial 95 with value: 0.072086401283741.
LOCAL_RANK: 0 - CUDA_VISIBLE_DEVICES: [0]
[I 2023-11-29 23:47:44,956] Trial 106 finished with value: 0.15686936676502228 and parameters: {'gradient_clip_val': 0.38169777687417866, 'hidden_size': 26, 'dropout': 0.1380634206005065, 'hidden_continuous_size': 17, 'attention_head_size': 3, 'learning_rate': 0.08404643678292327}. Best is trial 95 with value: 0.072086401283741.
LOCAL_RANK: 0 - CUDA_VISIBLE_DEVICES: [0]
[I 2023-11-29 23:47:57,279] Trial 107 finished with value: 0.1495257019996643 and parameters: {'gradient_clip_val': 0.5411325752753663, 'hidden_size': 22, 'dropout': 0.1223336043819241, 'hidden_continuous_size': 19, 'attention_head_size': 3, 'learning_rate': 0.09105836479591553}. Best is trial 95 with value: 0.072086401283741.
LOCAL_RANK: 0 - CUDA_VISIBLE_DEVICES: [0]
[I 2023-11-29 23:48:09,666] Trial 108 finished with value: 0.12600912153720856 and parameters: {'gradient_clip_val': 0.43745655447092496, 'hidden_size': 27, 'dropout': 0.11535562229842991, 'hidden_continuous_size': 18, 'attention_head_size': 3, 'learning_rate': 0.05881870894895484}. Best is trial 95 with value: 0.072086401283741.
LOCAL_RANK: 0 - CUDA_VISIBLE_DEVICES: [0]
[I 2023-11-29 23:48:22,051] Trial 109 finished with value: 0.23966455459594727 and parameters: {'gradient_clip_val': 0.33266071723139357, 'hidden_size': 29, 'dropout': 0.12660071513841337, 'hidden_continuous_size': 20, 'attention_head_size': 3, 'learning_rate': 0.07911505006543858}. Best is trial 95 with value: 0.072086401283741.
LOCAL_RANK: 0 - CUDA_VISIBLE_DEVICES: [0]
[I 2023-11-29 23:48:34,557] Trial 110 finished with value: 0.16425076127052307 and parameters: {'gradient_clip_val': 0.4675366883619236, 'hidden_size': 31, 'dropout': 0.10481403663426293, 'hidden_continuous_size': 16, 'attention_head_size': 3, 'learning_rate': 0.06980107123043056}. Best is trial 95 with value: 0.072086401283741.
LOCAL_RANK: 0 - CUDA_VISIBLE_DEVICES: [0]
[I 2023-11-29 23:48:47,026] Trial 111 finished with value: 0.12572455406188965 and parameters: {'gradient_clip_val': 0.30603879421300334, 'hidden_size': 33, 'dropout': 0.11339864425004834, 'hidden_continuous_size': 21, 'attention_head_size': 3, 'learning_rate': 0.04931981181098919}. Best is trial 95 with value: 0.072086401283741.
LOCAL_RANK: 0 - CUDA_VISIBLE_DEVICES: [0]
[I 2023-11-29 23:48:59,451] Trial 112 finished with value: 0.100326307117939 and parameters: {'gradient_clip_val': 0.29063852624140923, 'hidden_size': 36, 'dropout': 0.1031508231615157, 'hidden_continuous_size': 22, 'attention_head_size': 3, 'learning_rate': 0.06269595789540408}. Best is trial 95 with value: 0.072086401283741.
LOCAL_RANK: 0 - CUDA_VISIBLE_DEVICES: [0]
[I 2023-11-29 23:49:12,113] Trial 113 finished with value: 0.14256684482097626 and parameters: {'gradient_clip_val': 0.40672440829285095, 'hidden_size': 37, 'dropout': 0.10117359246558898, 'hidden_continuous_size': 22, 'attention_head_size': 3, 'learning_rate': 0.0623099936908827}. Best is trial 95 with value: 0.072086401283741.
LOCAL_RANK: 0 - CUDA_VISIBLE_DEVICES: [0]
[I 2023-11-29 23:49:24,431] Trial 114 finished with value: 0.11236358433961868 and parameters: {'gradient_clip_val': 0.29002257175962987, 'hidden_size': 28, 'dropout': 0.13031293509307065, 'hidden_continuous_size': 23, 'attention_head_size': 3, 'learning_rate': 0.05449394880855689}. Best is trial 95 with value: 0.072086401283741.
LOCAL_RANK: 0 - CUDA_VISIBLE_DEVICES: [0]
[I 2023-11-29 23:49:36,651] Trial 115 finished with value: 0.15401645004749298 and parameters: {'gradient_clip_val': 0.3608717132819506, 'hidden_size': 24, 'dropout': 0.12190552102688533, 'hidden_continuous_size': 19, 'attention_head_size': 3, 'learning_rate': 0.045657867118885496}. Best is trial 95 with value: 0.072086401283741.
LOCAL_RANK: 0 - CUDA_VISIBLE_DEVICES: [0]
[I 2023-11-29 23:49:49,287] Trial 116 finished with value: 0.24917642772197723 and parameters: {'gradient_clip_val': 0.38666922130620984, 'hidden_size': 35, 'dropout': 0.10077166659933826, 'hidden_continuous_size': 23, 'attention_head_size': 3, 'learning_rate': 0.08203579632980702}. Best is trial 95 with value: 0.072086401283741.
LOCAL_RANK: 0 - CUDA_VISIBLE_DEVICES: [0]
[I 2023-11-29 23:50:01,777] Trial 117 finished with value: 0.0842653289437294 and parameters: {'gradient_clip_val': 0.3146956715038212, 'hidden_size': 26, 'dropout': 0.11417382858754453, 'hidden_continuous_size': 22, 'attention_head_size': 3, 'learning_rate': 0.07124736322090311}. Best is trial 95 with value: 0.072086401283741.
LOCAL_RANK: 0 - CUDA_VISIBLE_DEVICES: [0]
[I 2023-11-29 23:50:14,346] Trial 118 finished with value: 0.12563246488571167 and parameters: {'gradient_clip_val': 0.28994824784688766, 'hidden_size': 30, 'dropout': 0.10803307022882584, 'hidden_continuous_size': 22, 'attention_head_size': 3, 'learning_rate': 0.09473547516410062}. Best is trial 95 with value: 0.072086401283741.
LOCAL_RANK: 0 - CUDA_VISIBLE_DEVICES: [0]
[I 2023-11-29 23:50:26,734] Trial 119 finished with value: 0.14976949989795685 and parameters: {'gradient_clip_val': 0.3077837560280909, 'hidden_size': 26, 'dropout': 0.11473938121404705, 'hidden_continuous_size': 21, 'attention_head_size': 3, 'learning_rate': 0.07339624901601556}. Best is trial 95 with value: 0.072086401283741.
LOCAL_RANK: 0 - CUDA_VISIBLE_DEVICES: [0]
[I 2023-11-29 23:50:39,721] Trial 120 finished with value: 0.14182455837726593 and parameters: {'gradient_clip_val': 0.2821520445036427, 'hidden_size': 39, 'dropout': 0.13743446125123518, 'hidden_continuous_size': 24, 'attention_head_size': 3, 'learning_rate': 0.06558671024202627}. Best is trial 95 with value: 0.072086401283741.
LOCAL_RANK: 0 - CUDA_VISIBLE_DEVICES: [0]
[I 2023-11-29 23:50:51,940] Trial 121 finished with value: 0.1998484581708908 and parameters: {'gradient_clip_val': 0.33624052344454586, 'hidden_size': 20, 'dropout': 0.12069573296106688, 'hidden_continuous_size': 19, 'attention_head_size': 3, 'learning_rate': 0.057314223594678616}. Best is trial 95 with value: 0.072086401283741.
LOCAL_RANK: 0 - CUDA_VISIBLE_DEVICES: [0]
[I 2023-11-29 23:51:04,275] Trial 122 finished with value: 0.14945514500141144 and parameters: {'gradient_clip_val': 0.26281093984352044, 'hidden_size': 28, 'dropout': 0.12896582680922541, 'hidden_continuous_size': 22, 'attention_head_size': 3, 'learning_rate': 0.0717901936575505}. Best is trial 95 with value: 0.072086401283741.
LOCAL_RANK: 0 - CUDA_VISIBLE_DEVICES: [0]
[I 2023-11-29 23:51:16,574] Trial 123 finished with value: 0.16744785010814667 and parameters: {'gradient_clip_val': 0.3190571767397185, 'hidden_size': 25, 'dropout': 0.11081832876022314, 'hidden_continuous_size': 20, 'attention_head_size': 3, 'learning_rate': 0.08282065943177677}. Best is trial 95 with value: 0.072086401283741.
LOCAL_RANK: 0 - CUDA_VISIBLE_DEVICES: [0]
[I 2023-11-29 23:51:29,115] Trial 124 finished with value: 0.14393751323223114 and parameters: {'gradient_clip_val': 0.35574214710615687, 'hidden_size': 35, 'dropout': 0.11765306469725628, 'hidden_continuous_size': 21, 'attention_head_size': 3, 'learning_rate': 0.06156769003369449}. Best is trial 95 with value: 0.072086401283741.
LOCAL_RANK: 0 - CUDA_VISIBLE_DEVICES: [0]
[I 2023-11-29 23:51:41,777] Trial 125 finished with value: 0.137289360165596 and parameters: {'gradient_clip_val': 0.4277110194515808, 'hidden_size': 32, 'dropout': 0.10758133829018476, 'hidden_continuous_size': 23, 'attention_head_size': 3, 'learning_rate': 0.054027701348842425}. Best is trial 95 with value: 0.072086401283741.
LOCAL_RANK: 0 - CUDA_VISIBLE_DEVICES: [0]
[I 2023-11-29 23:51:54,647] Trial 126 finished with value: 0.1044720709323883 and parameters: {'gradient_clip_val': 0.45839665297015414, 'hidden_size': 47, 'dropout': 0.10087008756456932, 'hidden_continuous_size': 20, 'attention_head_size': 3, 'learning_rate': 0.09030008491204529}. Best is trial 95 with value: 0.072086401283741.
LOCAL_RANK: 0 - CUDA_VISIBLE_DEVICES: [0]
[I 2023-11-29 23:52:07,521] Trial 127 finished with value: 0.11191513389348984 and parameters: {'gradient_clip_val': 0.6059873988549671, 'hidden_size': 46, 'dropout': 0.10142905801400588, 'hidden_continuous_size': 25, 'attention_head_size': 3, 'learning_rate': 0.09328021858122405}. Best is trial 95 with value: 0.072086401283741.
LOCAL_RANK: 0 - CUDA_VISIBLE_DEVICES: [0]
[I 2023-11-29 23:52:20,191] Trial 128 finished with value: 0.12729571759700775 and parameters: {'gradient_clip_val': 0.4552757141332494, 'hidden_size': 42, 'dropout': 0.10725349462431832, 'hidden_continuous_size': 22, 'attention_head_size': 3, 'learning_rate': 0.09993575368055228}. Best is trial 95 with value: 0.072086401283741.
LOCAL_RANK: 0 - CUDA_VISIBLE_DEVICES: [0]
[I 2023-11-29 23:52:33,115] Trial 129 finished with value: 0.22747592628002167 and parameters: {'gradient_clip_val': 0.5042823473346713, 'hidden_size': 50, 'dropout': 0.1152659773105424, 'hidden_continuous_size': 20, 'attention_head_size': 3, 'learning_rate': 0.08042212229999095}. Best is trial 95 with value: 0.072086401283741.
LOCAL_RANK: 0 - CUDA_VISIBLE_DEVICES: [0]
[I 2023-11-29 23:52:46,021] Trial 130 finished with value: 0.13434024155139923 and parameters: {'gradient_clip_val': 0.6778429877742173, 'hidden_size': 45, 'dropout': 0.13412888563949663, 'hidden_continuous_size': 21, 'attention_head_size': 3, 'learning_rate': 0.06748126638351765}. Best is trial 95 with value: 0.072086401283741.
LOCAL_RANK: 0 - CUDA_VISIBLE_DEVICES: [0]
[I 2023-11-29 23:52:59,140] Trial 131 finished with value: 0.12727804481983185 and parameters: {'gradient_clip_val': 0.41590117799131404, 'hidden_size': 48, 'dropout': 0.1003177959394375, 'hidden_continuous_size': 38, 'attention_head_size': 3, 'learning_rate': 0.07414163756191468}. Best is trial 95 with value: 0.072086401283741.
LOCAL_RANK: 0 - CUDA_VISIBLE_DEVICES: [0]
[I 2023-11-29 23:53:11,846] Trial 132 finished with value: 0.12660789489746094 and parameters: {'gradient_clip_val': 0.475053475631405, 'hidden_size': 37, 'dropout': 0.12302208911405228, 'hidden_continuous_size': 20, 'attention_head_size': 3, 'learning_rate': 0.08695572465664787}. Best is trial 95 with value: 0.072086401283741.
LOCAL_RANK: 0 - CUDA_VISIBLE_DEVICES: [0]
[I 2023-11-29 23:53:24,366] Trial 133 finished with value: 0.28467822074890137 and parameters: {'gradient_clip_val': 0.3783313838215618, 'hidden_size': 34, 'dropout': 0.11364074871266903, 'hidden_continuous_size': 19, 'attention_head_size': 3, 'learning_rate': 0.06386449406468976}. Best is trial 95 with value: 0.072086401283741.
LOCAL_RANK: 0 - CUDA_VISIBLE_DEVICES: [0]
[I 2023-11-29 23:53:36,735] Trial 134 finished with value: 0.12591974437236786 and parameters: {'gradient_clip_val': 0.4498058956529931, 'hidden_size': 26, 'dropout': 0.1269320394623093, 'hidden_continuous_size': 18, 'attention_head_size': 3, 'learning_rate': 0.0496909043263865}. Best is trial 95 with value: 0.072086401283741.
LOCAL_RANK: 0 - CUDA_VISIBLE_DEVICES: [0]
[I 2023-11-29 23:53:49,501] Trial 135 finished with value: 0.11806615442037582 and parameters: {'gradient_clip_val': 0.4057888009601426, 'hidden_size': 31, 'dropout': 0.14547465785273597, 'hidden_continuous_size': 21, 'attention_head_size': 3, 'learning_rate': 0.07643048192743267}. Best is trial 95 with value: 0.072086401283741.
LOCAL_RANK: 0 - CUDA_VISIBLE_DEVICES: [0]
[I 2023-11-29 23:54:01,576] Trial 136 finished with value: 0.17516690492630005 and parameters: {'gradient_clip_val': 0.5292125837068481, 'hidden_size': 24, 'dropout': 0.12071861942091157, 'hidden_continuous_size': 20, 'attention_head_size': 3, 'learning_rate': 0.059532292038988625}. Best is trial 95 with value: 0.072086401283741.
LOCAL_RANK: 0 - CUDA_VISIBLE_DEVICES: [0]
[I 2023-11-29 23:54:14,230] Trial 137 finished with value: 0.08238110691308975 and parameters: {'gradient_clip_val': 0.49006601561977464, 'hidden_size': 38, 'dropout': 0.10845879698295018, 'hidden_continuous_size': 18, 'attention_head_size': 3, 'learning_rate': 0.09062328666814172}. Best is trial 95 with value: 0.072086401283741.
LOCAL_RANK: 0 - CUDA_VISIBLE_DEVICES: [0]
[I 2023-11-29 23:54:26,980] Trial 138 finished with value: 0.14786642789840698 and parameters: {'gradient_clip_val': 0.567323594777667, 'hidden_size': 39, 'dropout': 0.10658845065033028, 'hidden_continuous_size': 22, 'attention_head_size': 3, 'learning_rate': 0.08781759326533478}. Best is trial 95 with value: 0.072086401283741.
LOCAL_RANK: 0 - CUDA_VISIBLE_DEVICES: [0]
