[I 2023-11-30 07:39:25,823] Trial 21 finished with value: 0.08191174268722534 and parameters: {'gradient_clip_val': 0.5975108047105342, 'hidden_size': 48, 'dropout': 0.36256119333459647, 'hidden_continuous_size': 20, 'attention_head_size': 2, 'learning_rate': 0.06807963774748337}. Best is trial 21 with value: 0.08191174268722534.
LOCAL_RANK: 0 - CUDA_VISIBLE_DEVICES: [0]
[I 2023-11-30 07:39:39,264] Trial 22 finished with value: 0.12782418727874756 and parameters: {'gradient_clip_val': 0.48518923261696867, 'hidden_size': 67, 'dropout': 0.36348334130216586, 'hidden_continuous_size': 20, 'attention_head_size': 2, 'learning_rate': 0.059070765883664424}. Best is trial 21 with value: 0.08191174268722534.
LOCAL_RANK: 0 - CUDA_VISIBLE_DEVICES: [0]
[I 2023-11-30 07:39:52,056] Trial 23 finished with value: 0.09767463058233261 and parameters: {'gradient_clip_val': 0.7948737016967157, 'hidden_size': 54, 'dropout': 0.35022119554712117, 'hidden_continuous_size': 15, 'attention_head_size': 2, 'learning_rate': 0.04111430075998146}. Best is trial 21 with value: 0.08191174268722534.
LOCAL_RANK: 0 - CUDA_VISIBLE_DEVICES: [0]
[I 2023-11-30 07:40:04,811] Trial 24 finished with value: 0.15798510611057281 and parameters: {'gradient_clip_val': 0.6779227306473977, 'hidden_size': 45, 'dropout': 0.3045386430233425, 'hidden_continuous_size': 18, 'attention_head_size': 2, 'learning_rate': 0.06812796938482704}. Best is trial 21 with value: 0.08191174268722534.
LOCAL_RANK: 0 - CUDA_VISIBLE_DEVICES: [0]
[I 2023-11-30 07:40:17,864] Trial 25 finished with value: 0.09870734065771103 and parameters: {'gradient_clip_val': 0.5520257924421916, 'hidden_size': 67, 'dropout': 0.37177293958098934, 'hidden_continuous_size': 20, 'attention_head_size': 1, 'learning_rate': 0.07614080836395189}. Best is trial 21 with value: 0.08191174268722534.
LOCAL_RANK: 0 - CUDA_VISIBLE_DEVICES: [0]
[I 2023-11-30 07:40:31,241] Trial 26 finished with value: 0.16075661778450012 and parameters: {'gradient_clip_val': 0.38435927822459753, 'hidden_size': 76, 'dropout': 0.3430834778528816, 'hidden_continuous_size': 26, 'attention_head_size': 3, 'learning_rate': 0.04624436400311301}. Best is trial 21 with value: 0.08191174268722534.
LOCAL_RANK: 0 - CUDA_VISIBLE_DEVICES: [0]
[I 2023-11-30 07:40:44,253] Trial 27 finished with value: 0.10995212197303772 and parameters: {'gradient_clip_val': 0.46581405141339594, 'hidden_size': 58, 'dropout': 0.29963616036465934, 'hidden_continuous_size': 15, 'attention_head_size': 2, 'learning_rate': 0.0793863894883212}. Best is trial 21 with value: 0.08191174268722534.
LOCAL_RANK: 0 - CUDA_VISIBLE_DEVICES: [0]
[I 2023-11-30 07:40:57,846] Trial 28 finished with value: 0.12228325754404068 and parameters: {'gradient_clip_val': 0.7005553464848939, 'hidden_size': 109, 'dropout': 0.38021403605473025, 'hidden_continuous_size': 25, 'attention_head_size': 1, 'learning_rate': 0.028798907177935658}. Best is trial 21 with value: 0.08191174268722534.
LOCAL_RANK: 0 - CUDA_VISIBLE_DEVICES: [0]
[I 2023-11-30 07:41:11,279] Trial 29 finished with value: 0.09553716331720352 and parameters: {'gradient_clip_val': 0.6382361734638807, 'hidden_size': 75, 'dropout': 0.2939965558805848, 'hidden_continuous_size': 22, 'attention_head_size': 3, 'learning_rate': 0.029886380456620305}. Best is trial 21 with value: 0.08191174268722534.
LOCAL_RANK: 0 - CUDA_VISIBLE_DEVICES: [0]
[I 2023-11-30 07:41:23,902] Trial 30 finished with value: 0.14862225949764252 and parameters: {'gradient_clip_val': 0.3439808259916097, 'hidden_size': 45, 'dropout': 0.3381588934096498, 'hidden_continuous_size': 18, 'attention_head_size': 2, 'learning_rate': 0.04747376288513383}. Best is trial 21 with value: 0.08191174268722534.
LOCAL_RANK: 0 - CUDA_VISIBLE_DEVICES: [0]
[I 2023-11-30 07:41:37,247] Trial 31 finished with value: 0.09042521566152573 and parameters: {'gradient_clip_val': 0.6241620911662725, 'hidden_size': 74, 'dropout': 0.2860172985462439, 'hidden_continuous_size': 22, 'attention_head_size': 3, 'learning_rate': 0.027328031386739282}. Best is trial 21 with value: 0.08191174268722534.
LOCAL_RANK: 0 - CUDA_VISIBLE_DEVICES: [0]
[I 2023-11-30 07:41:50,474] Trial 32 finished with value: 0.1019887626171112 and parameters: {'gradient_clip_val': 0.5438191102982811, 'hidden_size': 61, 'dropout': 0.32350333038997836, 'hidden_continuous_size': 19, 'attention_head_size': 3, 'learning_rate': 0.07160108931516963}. Best is trial 21 with value: 0.08191174268722534.
LOCAL_RANK: 0 - CUDA_VISIBLE_DEVICES: [0]
[I 2023-11-30 07:42:03,795] Trial 33 finished with value: 0.09278716892004013 and parameters: {'gradient_clip_val': 0.6749731108884764, 'hidden_size': 75, 'dropout': 0.357294484496791, 'hidden_continuous_size': 23, 'attention_head_size': 3, 'learning_rate': 0.05145022098666948}. Best is trial 21 with value: 0.08191174268722534.
LOCAL_RANK: 0 - CUDA_VISIBLE_DEVICES: [0]
[I 2023-11-30 07:42:16,499] Trial 34 finished with value: 0.13155950605869293 and parameters: {'gradient_clip_val': 0.5533806610596653, 'hidden_size': 42, 'dropout': 0.2796421868808425, 'hidden_continuous_size': 21, 'attention_head_size': 2, 'learning_rate': 0.07315614848126528}. Best is trial 21 with value: 0.08191174268722534.
LOCAL_RANK: 0 - CUDA_VISIBLE_DEVICES: [0]
[I 2023-11-30 07:42:29,183] Trial 35 finished with value: 0.13269484043121338 and parameters: {'gradient_clip_val': 0.869705392460674, 'hidden_size': 37, 'dropout': 0.3384360841678055, 'hidden_continuous_size': 18, 'attention_head_size': 4, 'learning_rate': 0.035286382797078866}. Best is trial 21 with value: 0.08191174268722534.
LOCAL_RANK: 0 - CUDA_VISIBLE_DEVICES: [0]
[I 2023-11-30 07:42:42,230] Trial 36 finished with value: 0.0816848948597908 and parameters: {'gradient_clip_val': 0.7310667229950873, 'hidden_size': 53, 'dropout': 0.29705336253196357, 'hidden_continuous_size': 21, 'attention_head_size': 3, 'learning_rate': 0.05403703692212675}. Best is trial 36 with value: 0.0816848948597908.
LOCAL_RANK: 0 - CUDA_VISIBLE_DEVICES: [0]
[I 2023-11-30 07:42:54,705] Trial 37 finished with value: 0.08927688002586365 and parameters: {'gradient_clip_val': 0.7309277017156635, 'hidden_size': 32, 'dropout': 0.30889662357181374, 'hidden_continuous_size': 19, 'attention_head_size': 2, 'learning_rate': 0.05924451150746985}. Best is trial 36 with value: 0.0816848948597908.
LOCAL_RANK: 0 - CUDA_VISIBLE_DEVICES: [0]
[I 2023-11-30 07:43:07,244] Trial 38 finished with value: 0.09230244159698486 and parameters: {'gradient_clip_val': 0.9056289171230396, 'hidden_size': 53, 'dropout': 0.384967262413621, 'hidden_continuous_size': 15, 'attention_head_size': 1, 'learning_rate': 0.08141515557047639}. Best is trial 36 with value: 0.0816848948597908.
LOCAL_RANK: 0 - CUDA_VISIBLE_DEVICES: [0]
[I 2023-11-30 07:43:19,967] Trial 39 finished with value: 0.1419641226530075 and parameters: {'gradient_clip_val': 0.8392238717400086, 'hidden_size': 39, 'dropout': 0.3646932818765639, 'hidden_continuous_size': 21, 'attention_head_size': 4, 'learning_rate': 0.04224617924427277}. Best is trial 36 with value: 0.0816848948597908.
LOCAL_RANK: 0 - CUDA_VISIBLE_DEVICES: [0]
[I 2023-11-30 07:43:32,604] Trial 40 finished with value: 0.13041159510612488 and parameters: {'gradient_clip_val': 0.7353739020825829, 'hidden_size': 47, 'dropout': 0.26264467524689816, 'hidden_continuous_size': 16, 'attention_head_size': 2, 'learning_rate': 0.09684761985318942}. Best is trial 36 with value: 0.0816848948597908.
LOCAL_RANK: 0 - CUDA_VISIBLE_DEVICES: [0]
[I 2023-11-30 07:43:44,986] Trial 41 finished with value: 0.1328720599412918 and parameters: {'gradient_clip_val': 0.7114280095553973, 'hidden_size': 33, 'dropout': 0.3072761688589797, 'hidden_continuous_size': 19, 'attention_head_size': 2, 'learning_rate': 0.057810832947020885}. Best is trial 36 with value: 0.0816848948597908.
LOCAL_RANK: 0 - CUDA_VISIBLE_DEVICES: [0]
[I 2023-11-30 07:43:57,609] Trial 42 finished with value: 0.10000116378068924 and parameters: {'gradient_clip_val': 0.6174496973595124, 'hidden_size': 34, 'dropout': 0.2942084944422775, 'hidden_continuous_size': 19, 'attention_head_size': 2, 'learning_rate': 0.05338034986560575}. Best is trial 36 with value: 0.0816848948597908.
LOCAL_RANK: 0 - CUDA_VISIBLE_DEVICES: [0]
[I 2023-11-30 07:44:10,180] Trial 43 finished with value: 0.10297747701406479 and parameters: {'gradient_clip_val': 0.8018077784027536, 'hidden_size': 42, 'dropout': 0.32787358359451224, 'hidden_continuous_size': 22, 'attention_head_size': 2, 'learning_rate': 0.0687980524985477}. Best is trial 36 with value: 0.0816848948597908.
LOCAL_RANK: 0 - CUDA_VISIBLE_DEVICES: [0]
[I 2023-11-30 07:44:23,192] Trial 44 finished with value: 0.10477602481842041 and parameters: {'gradient_clip_val': 0.7017757390839708, 'hidden_size': 54, 'dropout': 0.3119375723907191, 'hidden_continuous_size': 26, 'attention_head_size': 3, 'learning_rate': 0.03644493516214707}. Best is trial 36 with value: 0.0816848948597908.
LOCAL_RANK: 0 - CUDA_VISIBLE_DEVICES: [0]
[I 2023-11-30 07:44:35,596] Trial 45 finished with value: 0.1366627812385559 and parameters: {'gradient_clip_val': 0.9903719667313179, 'hidden_size': 29, 'dropout': 0.35831191281714836, 'hidden_continuous_size': 18, 'attention_head_size': 2, 'learning_rate': 0.05355411717574432}. Best is trial 36 with value: 0.0816848948597908.
LOCAL_RANK: 0 - CUDA_VISIBLE_DEVICES: [0]
[I 2023-11-30 07:44:48,287] Trial 46 finished with value: 0.14042703807353973 and parameters: {'gradient_clip_val': 0.4421277735817347, 'hidden_size': 62, 'dropout': 0.3414011627875371, 'hidden_continuous_size': 13, 'attention_head_size': 1, 'learning_rate': 0.08014712086425538}. Best is trial 36 with value: 0.0816848948597908.
LOCAL_RANK: 0 - CUDA_VISIBLE_DEVICES: [0]
[I 2023-11-30 07:45:01,123] Trial 47 finished with value: 0.13353021442890167 and parameters: {'gradient_clip_val': 0.5456819319645494, 'hidden_size': 52, 'dropout': 0.2590686525071403, 'hidden_continuous_size': 17, 'attention_head_size': 3, 'learning_rate': 0.09943521071224541}. Best is trial 36 with value: 0.0816848948597908.
LOCAL_RANK: 0 - CUDA_VISIBLE_DEVICES: [0]
[I 2023-11-30 07:45:13,792] Trial 48 finished with value: 0.09224417060613632 and parameters: {'gradient_clip_val': 0.5915419295014667, 'hidden_size': 40, 'dropout': 0.3302842512546183, 'hidden_continuous_size': 21, 'attention_head_size': 2, 'learning_rate': 0.04317605677360862}. Best is trial 36 with value: 0.0816848948597908.
LOCAL_RANK: 0 - CUDA_VISIBLE_DEVICES: [0]
[I 2023-11-30 07:45:26,491] Trial 49 finished with value: 0.09839365631341934 and parameters: {'gradient_clip_val': 0.8896468386220145, 'hidden_size': 49, 'dropout': 0.37273150351193735, 'hidden_continuous_size': 23, 'attention_head_size': 1, 'learning_rate': 0.061864429161350896}. Best is trial 36 with value: 0.0816848948597908.
LOCAL_RANK: 0 - CUDA_VISIBLE_DEVICES: [0]
[I 2023-11-30 07:45:38,645] Trial 50 finished with value: 0.15020757913589478 and parameters: {'gradient_clip_val': 0.5076146039377195, 'hidden_size': 23, 'dropout': 0.31414791892515576, 'hidden_continuous_size': 16, 'attention_head_size': 2, 'learning_rate': 0.08292642022705225}. Best is trial 36 with value: 0.0816848948597908.
LOCAL_RANK: 0 - CUDA_VISIBLE_DEVICES: [0]
[I 2023-11-30 07:45:51,929] Trial 51 finished with value: 0.12539377808570862 and parameters: {'gradient_clip_val': 0.6335801869314528, 'hidden_size': 65, 'dropout': 0.2892590153086954, 'hidden_continuous_size': 24, 'attention_head_size': 3, 'learning_rate': 0.027247257365581756}. Best is trial 36 with value: 0.0816848948597908.
LOCAL_RANK: 0 - CUDA_VISIBLE_DEVICES: [0]
[I 2023-11-30 07:46:05,174] Trial 52 finished with value: 0.09851682931184769 and parameters: {'gradient_clip_val': 0.6102314919089281, 'hidden_size': 58, 'dropout': 0.28093589859572166, 'hidden_continuous_size': 22, 'attention_head_size': 3, 'learning_rate': 0.03408977459668142}. Best is trial 36 with value: 0.0816848948597908.
LOCAL_RANK: 0 - CUDA_VISIBLE_DEVICES: [0]
[I 2023-11-30 07:46:18,819] Trial 53 finished with value: 0.1590813249349594 and parameters: {'gradient_clip_val': 0.7570199154286855, 'hidden_size': 84, 'dropout': 0.28480494520950406, 'hidden_continuous_size': 28, 'attention_head_size': 3, 'learning_rate': 0.05083368897124336}. Best is trial 36 with value: 0.0816848948597908.
LOCAL_RANK: 0 - CUDA_VISIBLE_DEVICES: [0]
[I 2023-11-30 07:46:32,246] Trial 54 finished with value: 0.08257340639829636 and parameters: {'gradient_clip_val': 0.6636747908938901, 'hidden_size': 71, 'dropout': 0.30629785713383956, 'hidden_continuous_size': 28, 'attention_head_size': 3, 'learning_rate': 0.06519986289064049}. Best is trial 36 with value: 0.0816848948597908.
LOCAL_RANK: 0 - CUDA_VISIBLE_DEVICES: [0]
[I 2023-11-30 07:46:45,146] Trial 55 finished with value: 0.138885036110878 and parameters: {'gradient_clip_val': 0.8198651640256294, 'hidden_size': 45, 'dropout': 0.3064679526723375, 'hidden_continuous_size': 24, 'attention_head_size': 4, 'learning_rate': 0.06420705150081715}. Best is trial 36 with value: 0.0816848948597908.
LOCAL_RANK: 0 - CUDA_VISIBLE_DEVICES: [0]
[I 2023-11-30 07:46:58,435] Trial 56 finished with value: 0.0942208394408226 and parameters: {'gradient_clip_val': 0.7369443729629671, 'hidden_size': 67, 'dropout': 0.3531132262144249, 'hidden_continuous_size': 28, 'attention_head_size': 2, 'learning_rate': 0.08547003406999404}. Best is trial 36 with value: 0.0816848948597908.
LOCAL_RANK: 0 - CUDA_VISIBLE_DEVICES: [0]
[I 2023-11-30 07:47:11,460] Trial 57 finished with value: 0.1263178288936615 and parameters: {'gradient_clip_val': 0.516616464134819, 'hidden_size': 57, 'dropout': 0.3220764900456087, 'hidden_continuous_size': 20, 'attention_head_size': 3, 'learning_rate': 0.06688368057499004}. Best is trial 36 with value: 0.0816848948597908.
LOCAL_RANK: 0 - CUDA_VISIBLE_DEVICES: [0]
[I 2023-11-30 07:47:24,470] Trial 58 finished with value: 0.16607977449893951 and parameters: {'gradient_clip_val': 0.4450726131823685, 'hidden_size': 49, 'dropout': 0.3449553994237665, 'hidden_continuous_size': 20, 'attention_head_size': 3, 'learning_rate': 0.04027815902913698}. Best is trial 36 with value: 0.0816848948597908.
LOCAL_RANK: 0 - CUDA_VISIBLE_DEVICES: [0]
[I 2023-11-30 07:47:36,780] Trial 59 finished with value: 0.1404879242181778 and parameters: {'gradient_clip_val': 0.6710833920031948, 'hidden_size': 36, 'dropout': 0.3322896973904557, 'hidden_continuous_size': 17, 'attention_head_size': 2, 'learning_rate': 0.05474572520322099}. Best is trial 36 with value: 0.0816848948597908.
LOCAL_RANK: 0 - CUDA_VISIBLE_DEVICES: [0]
[I 2023-11-30 07:47:49,512] Trial 60 finished with value: 0.09573635458946228 and parameters: {'gradient_clip_val': 0.5762835405901177, 'hidden_size': 68, 'dropout': 0.30053361324068306, 'hidden_continuous_size': 14, 'attention_head_size': 1, 'learning_rate': 0.09164049291105417}. Best is trial 36 with value: 0.0816848948597908.
LOCAL_RANK: 0 - CUDA_VISIBLE_DEVICES: [0]
[I 2023-11-30 07:48:02,732] Trial 61 finished with value: 0.11468770354986191 and parameters: {'gradient_clip_val': 0.653598282408591, 'hidden_size': 61, 'dropout': 0.2728382688345394, 'hidden_continuous_size': 23, 'attention_head_size': 3, 'learning_rate': 0.04711344709607178}. Best is trial 36 with value: 0.0816848948597908.
LOCAL_RANK: 0 - CUDA_VISIBLE_DEVICES: [0]
[I 2023-11-30 07:48:16,054] Trial 62 finished with value: 0.08757438510656357 and parameters: {'gradient_clip_val': 0.5989317902467559, 'hidden_size': 75, 'dropout': 0.31622432809510737, 'hidden_continuous_size': 31, 'attention_head_size': 3, 'learning_rate': 0.06295228160091225}. Best is trial 36 with value: 0.0816848948597908.
LOCAL_RANK: 0 - CUDA_VISIBLE_DEVICES: [0]
[I 2023-11-30 07:48:29,465] Trial 63 finished with value: 0.11310174316167831 and parameters: {'gradient_clip_val': 0.5136575324407665, 'hidden_size': 56, 'dropout': 0.3146589229965175, 'hidden_continuous_size': 33, 'attention_head_size': 3, 'learning_rate': 0.07049326779668917}. Best is trial 36 with value: 0.0816848948597908.
LOCAL_RANK: 0 - CUDA_VISIBLE_DEVICES: [0]
[I 2023-11-30 07:48:42,921] Trial 64 finished with value: 0.11758371442556381 and parameters: {'gradient_clip_val': 0.5744801098176764, 'hidden_size': 82, 'dropout': 0.34960995852349724, 'hidden_continuous_size': 32, 'attention_head_size': 3, 'learning_rate': 0.05940111668594495}. Best is trial 36 with value: 0.0816848948597908.
LOCAL_RANK: 0 - CUDA_VISIBLE_DEVICES: [0]
[I 2023-11-30 07:48:56,463] Trial 65 finished with value: 0.11683563143014908 and parameters: {'gradient_clip_val': 0.7642024321253341, 'hidden_size': 91, 'dropout': 0.32274517163200755, 'hidden_continuous_size': 26, 'attention_head_size': 3, 'learning_rate': 0.08581205601467147}. Best is trial 36 with value: 0.0816848948597908.
LOCAL_RANK: 0 - CUDA_VISIBLE_DEVICES: [0]
[I 2023-11-30 07:49:09,861] Trial 66 finished with value: 0.11445639282464981 and parameters: {'gradient_clip_val': 0.6668963513666883, 'hidden_size': 71, 'dropout': 0.30144467928162477, 'hidden_continuous_size': 28, 'attention_head_size': 4, 'learning_rate': 0.0738540457927141}. Best is trial 36 with value: 0.0816848948597908.
LOCAL_RANK: 0 - CUDA_VISIBLE_DEVICES: [0]
[I 2023-11-30 07:49:23,885] Trial 67 finished with value: 0.15126743912696838 and parameters: {'gradient_clip_val': 0.7380992452637224, 'hidden_size': 99, 'dropout': 0.33387912516911444, 'hidden_continuous_size': 34, 'attention_head_size': 2, 'learning_rate': 0.04904151541441133}. Best is trial 36 with value: 0.0816848948597908.
LOCAL_RANK: 0 - CUDA_VISIBLE_DEVICES: [0]
[I 2023-11-30 07:49:37,117] Trial 68 finished with value: 0.11513108015060425 and parameters: {'gradient_clip_val': 0.8588124546545203, 'hidden_size': 80, 'dropout': 0.3179364819822343, 'hidden_continuous_size': 25, 'attention_head_size': 3, 'learning_rate': 0.06210699675870588}. Best is trial 36 with value: 0.0816848948597908.
LOCAL_RANK: 0 - CUDA_VISIBLE_DEVICES: [0]
[I 2023-11-30 07:49:50,479] Trial 69 finished with value: 0.14301882684230804 and parameters: {'gradient_clip_val': 0.5928443151159081, 'hidden_size': 63, 'dropout': 0.3881501552078174, 'hidden_continuous_size': 29, 'attention_head_size': 2, 'learning_rate': 0.08750888850672096}. Best is trial 36 with value: 0.0816848948597908.
LOCAL_RANK: 0 - CUDA_VISIBLE_DEVICES: [0]
[I 2023-11-30 07:50:03,802] Trial 70 finished with value: 0.10636389255523682 and parameters: {'gradient_clip_val': 0.5313354457076541, 'hidden_size': 70, 'dropout': 0.36451563372214213, 'hidden_continuous_size': 30, 'attention_head_size': 3, 'learning_rate': 0.03810255350176849}. Best is trial 36 with value: 0.0816848948597908.
LOCAL_RANK: 0 - CUDA_VISIBLE_DEVICES: [0]
[I 2023-11-30 07:50:17,283] Trial 71 finished with value: 0.1283842772245407 and parameters: {'gradient_clip_val': 0.6292217071493467, 'hidden_size': 79, 'dropout': 0.2925801840620555, 'hidden_continuous_size': 26, 'attention_head_size': 3, 'learning_rate': 0.042840965574750575}. Best is trial 36 with value: 0.0816848948597908.
LOCAL_RANK: 0 - CUDA_VISIBLE_DEVICES: [0]
[I 2023-11-30 07:50:30,633] Trial 72 finished with value: 0.10695481300354004 and parameters: {'gradient_clip_val': 0.6880609485004191, 'hidden_size': 75, 'dropout': 0.3099693881692924, 'hidden_continuous_size': 24, 'attention_head_size': 3, 'learning_rate': 0.07451379709648373}. Best is trial 36 with value: 0.0816848948597908.
LOCAL_RANK: 0 - CUDA_VISIBLE_DEVICES: [0]
[I 2023-11-30 07:50:43,627] Trial 73 finished with value: 0.12900203466415405 and parameters: {'gradient_clip_val': 0.627996602911956, 'hidden_size': 52, 'dropout': 0.285026227022023, 'hidden_continuous_size': 21, 'attention_head_size': 3, 'learning_rate': 0.05697762547192395}. Best is trial 36 with value: 0.0816848948597908.
LOCAL_RANK: 0 - CUDA_VISIBLE_DEVICES: [0]
[I 2023-11-30 07:50:56,903] Trial 74 finished with value: 0.16012217104434967 and parameters: {'gradient_clip_val': 0.48675286665348894, 'hidden_size': 73, 'dropout': 0.29555024375090827, 'hidden_continuous_size': 23, 'attention_head_size': 3, 'learning_rate': 0.031624787174803985}. Best is trial 36 with value: 0.0816848948597908.
LOCAL_RANK: 0 - CUDA_VISIBLE_DEVICES: [0]
[I 2023-11-30 07:51:09,823] Trial 75 finished with value: 0.10724789649248123 and parameters: {'gradient_clip_val': 0.5753537681533001, 'hidden_size': 64, 'dropout': 0.3273796246454273, 'hidden_continuous_size': 19, 'attention_head_size': 2, 'learning_rate': 0.06503452850528733}. Best is trial 36 with value: 0.0816848948597908.
LOCAL_RANK: 0 - CUDA_VISIBLE_DEVICES: [0]
[I 2023-11-30 07:51:23,082] Trial 76 finished with value: 0.09740763157606125 and parameters: {'gradient_clip_val': 0.7186132124885506, 'hidden_size': 90, 'dropout': 0.27665212561304464, 'hidden_continuous_size': 18, 'attention_head_size': 1, 'learning_rate': 0.046345885175226406}. Best is trial 36 with value: 0.0816848948597908.
LOCAL_RANK: 0 - CUDA_VISIBLE_DEVICES: [0]
[I 2023-11-30 07:51:36,200] Trial 77 finished with value: 0.12161067873239517 and parameters: {'gradient_clip_val': 0.8146753270279621, 'hidden_size': 58, 'dropout': 0.30795970314987997, 'hidden_continuous_size': 22, 'attention_head_size': 3, 'learning_rate': 0.07722285746362995}. Best is trial 36 with value: 0.0816848948597908.
LOCAL_RANK: 0 - CUDA_VISIBLE_DEVICES: [0]
[I 2023-11-30 07:51:49,508] Trial 78 finished with value: 0.11729804426431656 and parameters: {'gradient_clip_val': 0.9237373843449066, 'hidden_size': 85, 'dropout': 0.3442878590636469, 'hidden_continuous_size': 27, 'attention_head_size': 2, 'learning_rate': 0.09945305698207553}. Best is trial 36 with value: 0.0816848948597908.
LOCAL_RANK: 0 - CUDA_VISIBLE_DEVICES: [0]
[I 2023-11-30 07:52:02,605] Trial 79 finished with value: 0.1262418031692505 and parameters: {'gradient_clip_val': 0.6584164489937617, 'hidden_size': 46, 'dropout': 0.2671159182421099, 'hidden_continuous_size': 20, 'attention_head_size': 4, 'learning_rate': 0.02594072853088707}. Best is trial 36 with value: 0.0816848948597908.
LOCAL_RANK: 0 - CUDA_VISIBLE_DEVICES: [0]
