[I 2023-11-30 09:58:14,744] Trial 56 finished with value: 0.11949809640645981 and parameters: {'gradient_clip_val': 0.6078380333216953, 'hidden_size': 60, 'dropout': 0.27434184688740065, 'hidden_continuous_size': 25, 'attention_head_size': 1, 'learning_rate': 0.03600840855675977}. Best is trial 27 with value: 0.0641268864274025.
LOCAL_RANK: 0 - CUDA_VISIBLE_DEVICES: [0]
[I 2023-11-30 09:58:28,044] Trial 57 finished with value: 0.11960909515619278 and parameters: {'gradient_clip_val': 0.7245172822674213, 'hidden_size': 70, 'dropout': 0.3029574583498584, 'hidden_continuous_size': 26, 'attention_head_size': 1, 'learning_rate': 0.02442875860965671}. Best is trial 27 with value: 0.0641268864274025.
LOCAL_RANK: 0 - CUDA_VISIBLE_DEVICES: [0]
[I 2023-11-30 09:58:40,614] Trial 58 finished with value: 0.21193408966064453 and parameters: {'gradient_clip_val': 0.42495865027382174, 'hidden_size': 44, 'dropout': 0.25178578584738787, 'hidden_continuous_size': 22, 'attention_head_size': 1, 'learning_rate': 0.03920020036847409}. Best is trial 27 with value: 0.0641268864274025.
LOCAL_RANK: 0 - CUDA_VISIBLE_DEVICES: [0]
[I 2023-11-30 09:58:53,364] Trial 59 finished with value: 0.149311363697052 and parameters: {'gradient_clip_val': 0.5649481144362586, 'hidden_size': 49, 'dropout': 0.14453322414815636, 'hidden_continuous_size': 20, 'attention_head_size': 1, 'learning_rate': 0.08552137824378382}. Best is trial 27 with value: 0.0641268864274025.
LOCAL_RANK: 0 - CUDA_VISIBLE_DEVICES: [0]
[I 2023-11-30 09:59:07,040] Trial 60 finished with value: 0.09356208890676498 and parameters: {'gradient_clip_val': 0.9997038018730011, 'hidden_size': 89, 'dropout': 0.28314160596312826, 'hidden_continuous_size': 28, 'attention_head_size': 2, 'learning_rate': 0.03135327366206614}. Best is trial 27 with value: 0.0641268864274025.
LOCAL_RANK: 0 - CUDA_VISIBLE_DEVICES: [0]
[I 2023-11-30 09:59:19,681] Trial 61 finished with value: 0.10595027357339859 and parameters: {'gradient_clip_val': 0.7051136331700664, 'hidden_size': 45, 'dropout': 0.3016872518493406, 'hidden_continuous_size': 19, 'attention_head_size': 1, 'learning_rate': 0.044516396285751866}. Best is trial 27 with value: 0.0641268864274025.
LOCAL_RANK: 0 - CUDA_VISIBLE_DEVICES: [0]
[I 2023-11-30 09:59:32,444] Trial 62 finished with value: 0.08507946878671646 and parameters: {'gradient_clip_val': 0.6646071731282208, 'hidden_size': 55, 'dropout': 0.2961018168880938, 'hidden_continuous_size': 16, 'attention_head_size': 1, 'learning_rate': 0.04797659587629211}. Best is trial 27 with value: 0.0641268864274025.
LOCAL_RANK: 0 - CUDA_VISIBLE_DEVICES: [0]
[I 2023-11-30 09:59:45,470] Trial 63 finished with value: 0.14921000599861145 and parameters: {'gradient_clip_val': 0.8048591342139775, 'hidden_size': 62, 'dropout': 0.3180547948603497, 'hidden_continuous_size': 23, 'attention_head_size': 1, 'learning_rate': 0.05668994854325334}. Best is trial 27 with value: 0.0641268864274025.
LOCAL_RANK: 0 - CUDA_VISIBLE_DEVICES: [0]
[I 2023-11-30 09:59:58,557] Trial 64 finished with value: 0.1188608705997467 and parameters: {'gradient_clip_val': 0.8945873720824895, 'hidden_size': 57, 'dropout': 0.2902063898713802, 'hidden_continuous_size': 21, 'attention_head_size': 1, 'learning_rate': 0.049975646108665596}. Best is trial 27 with value: 0.0641268864274025.
LOCAL_RANK: 0 - CUDA_VISIBLE_DEVICES: [0]
[I 2023-11-30 10:00:11,904] Trial 65 finished with value: 0.20435309410095215 and parameters: {'gradient_clip_val': 0.6712322900344636, 'hidden_size': 71, 'dropout': 0.267056255514886, 'hidden_continuous_size': 17, 'attention_head_size': 1, 'learning_rate': 0.0726095192924961}. Best is trial 27 with value: 0.0641268864274025.
LOCAL_RANK: 0 - CUDA_VISIBLE_DEVICES: [0]
[I 2023-11-30 10:00:24,727] Trial 66 finished with value: 0.14552593231201172 and parameters: {'gradient_clip_val': 0.6450443002876578, 'hidden_size': 51, 'dropout': 0.3271037680206547, 'hidden_continuous_size': 15, 'attention_head_size': 1, 'learning_rate': 0.040092754238543735}. Best is trial 27 with value: 0.0641268864274025.
LOCAL_RANK: 0 - CUDA_VISIBLE_DEVICES: [0]
[I 2023-11-30 10:00:37,607] Trial 67 finished with value: 0.1949959546327591 and parameters: {'gradient_clip_val': 0.7510240401364803, 'hidden_size': 64, 'dropout': 0.34172742885216373, 'hidden_continuous_size': 18, 'attention_head_size': 1, 'learning_rate': 0.08739344114303765}. Best is trial 27 with value: 0.0641268864274025.
LOCAL_RANK: 0 - CUDA_VISIBLE_DEVICES: [0]
[I 2023-11-30 10:00:50,663] Trial 68 finished with value: 0.11864826828241348 and parameters: {'gradient_clip_val': 0.8008776946212898, 'hidden_size': 54, 'dropout': 0.3150772236449537, 'hidden_continuous_size': 22, 'attention_head_size': 3, 'learning_rate': 0.0571178374944049}. Best is trial 27 with value: 0.0641268864274025.
LOCAL_RANK: 0 - CUDA_VISIBLE_DEVICES: [0]
[I 2023-11-30 10:01:03,214] Trial 69 finished with value: 0.1586664766073227 and parameters: {'gradient_clip_val': 0.5441271068564838, 'hidden_size': 39, 'dropout': 0.27752957033124376, 'hidden_continuous_size': 19, 'attention_head_size': 1, 'learning_rate': 0.06758019453735371}. Best is trial 27 with value: 0.0641268864274025.
LOCAL_RANK: 0 - CUDA_VISIBLE_DEVICES: [0]
[I 2023-11-30 10:01:16,965] Trial 70 finished with value: 0.09909673780202866 and parameters: {'gradient_clip_val': 0.48720995243234344, 'hidden_size': 78, 'dropout': 0.16961750540757373, 'hidden_continuous_size': 30, 'attention_head_size': 4, 'learning_rate': 0.03184958301863102}. Best is trial 27 with value: 0.0641268864274025.
LOCAL_RANK: 0 - CUDA_VISIBLE_DEVICES: [0]
[I 2023-11-30 10:01:29,719] Trial 71 finished with value: 0.09610763937234879 and parameters: {'gradient_clip_val': 0.7122104490815013, 'hidden_size': 48, 'dropout': 0.2969816504582855, 'hidden_continuous_size': 16, 'attention_head_size': 1, 'learning_rate': 0.051093529435663684}. Best is trial 27 with value: 0.0641268864274025.
LOCAL_RANK: 0 - CUDA_VISIBLE_DEVICES: [0]
[I 2023-11-30 10:01:42,173] Trial 72 finished with value: 0.20464985072612762 and parameters: {'gradient_clip_val': 0.6172484404209952, 'hidden_size': 44, 'dropout': 0.30809164000229045, 'hidden_continuous_size': 17, 'attention_head_size': 1, 'learning_rate': 0.048657683194856624}. Best is trial 27 with value: 0.0641268864274025.
LOCAL_RANK: 0 - CUDA_VISIBLE_DEVICES: [0]
[I 2023-11-30 10:01:54,865] Trial 73 finished with value: 0.07882285863161087 and parameters: {'gradient_clip_val': 0.8615376148052135, 'hidden_size': 57, 'dropout': 0.2949309845350232, 'hidden_continuous_size': 16, 'attention_head_size': 1, 'learning_rate': 0.04407715189484017}. Best is trial 27 with value: 0.0641268864274025.
LOCAL_RANK: 0 - CUDA_VISIBLE_DEVICES: [0]
[I 2023-11-30 10:02:07,978] Trial 74 finished with value: 0.09425109624862671 and parameters: {'gradient_clip_val': 0.9403830251731381, 'hidden_size': 59, 'dropout': 0.2936813389855771, 'hidden_continuous_size': 20, 'attention_head_size': 1, 'learning_rate': 0.027133685718851684}. Best is trial 27 with value: 0.0641268864274025.
LOCAL_RANK: 0 - CUDA_VISIBLE_DEVICES: [0]
[I 2023-11-30 10:02:20,592] Trial 75 finished with value: 0.14471524953842163 and parameters: {'gradient_clip_val': 0.8683763050082622, 'hidden_size': 52, 'dropout': 0.26146965476434086, 'hidden_continuous_size': 14, 'attention_head_size': 1, 'learning_rate': 0.04052031359118835}. Best is trial 27 with value: 0.0641268864274025.
LOCAL_RANK: 0 - CUDA_VISIBLE_DEVICES: [0]
[I 2023-11-30 10:02:33,471] Trial 76 finished with value: 0.11545851081609726 and parameters: {'gradient_clip_val': 0.853901559406357, 'hidden_size': 65, 'dropout': 0.28250407776900693, 'hidden_continuous_size': 15, 'attention_head_size': 1, 'learning_rate': 0.03443740909022128}. Best is trial 27 with value: 0.0641268864274025.
LOCAL_RANK: 0 - CUDA_VISIBLE_DEVICES: [0]
[I 2023-11-30 10:02:46,076] Trial 77 finished with value: 0.1585892289876938 and parameters: {'gradient_clip_val': 0.9211152503429736, 'hidden_size': 56, 'dropout': 0.31124751275246987, 'hidden_continuous_size': 17, 'attention_head_size': 1, 'learning_rate': 0.0674185380919193}. Best is trial 27 with value: 0.0641268864274025.
LOCAL_RANK: 0 - CUDA_VISIBLE_DEVICES: [0]
[I 2023-11-30 10:02:58,901] Trial 78 finished with value: 0.1408277451992035 and parameters: {'gradient_clip_val': 0.7892392269260184, 'hidden_size': 42, 'dropout': 0.27081817135554226, 'hidden_continuous_size': 18, 'attention_head_size': 1, 'learning_rate': 0.021794471054238068}. Best is trial 27 with value: 0.0641268864274025.
LOCAL_RANK: 0 - CUDA_VISIBLE_DEVICES: [0]
[I 2023-11-30 10:03:12,328] Trial 79 finished with value: 0.11296731233596802 and parameters: {'gradient_clip_val': 0.5787060551397079, 'hidden_size': 72, 'dropout': 0.31876350852079327, 'hidden_continuous_size': 13, 'attention_head_size': 2, 'learning_rate': 0.043996178595563776}. Best is trial 27 with value: 0.0641268864274025.
LOCAL_RANK: 0 - CUDA_VISIBLE_DEVICES: [0]
[I 2023-11-30 10:03:25,289] Trial 80 finished with value: 0.15256673097610474 and parameters: {'gradient_clip_val': 0.647731302472806, 'hidden_size': 47, 'dropout': 0.33004627105276707, 'hidden_continuous_size': 20, 'attention_head_size': 1, 'learning_rate': 0.060648168976292556}. Best is trial 27 with value: 0.0641268864274025.
LOCAL_RANK: 0 - CUDA_VISIBLE_DEVICES: [0]
[I 2023-11-30 10:03:37,840] Trial 81 finished with value: 0.17429129779338837 and parameters: {'gradient_clip_val': 0.7424576019192033, 'hidden_size': 47, 'dropout': 0.2943721492815617, 'hidden_continuous_size': 18, 'attention_head_size': 1, 'learning_rate': 0.056337646192739385}. Best is trial 27 with value: 0.0641268864274025.
LOCAL_RANK: 0 - CUDA_VISIBLE_DEVICES: [0]
[I 2023-11-30 10:03:50,580] Trial 82 finished with value: 0.21201592683792114 and parameters: {'gradient_clip_val': 0.6906637994923572, 'hidden_size': 53, 'dropout': 0.3018690536557723, 'hidden_continuous_size': 16, 'attention_head_size': 1, 'learning_rate': 0.047181213850859154}. Best is trial 27 with value: 0.0641268864274025.
LOCAL_RANK: 0 - CUDA_VISIBLE_DEVICES: [0]
[I 2023-11-30 10:04:03,303] Trial 83 finished with value: 0.11093437671661377 and parameters: {'gradient_clip_val': 0.8298966567605649, 'hidden_size': 57, 'dropout': 0.2864273359940434, 'hidden_continuous_size': 16, 'attention_head_size': 1, 'learning_rate': 0.02648384812674271}. Best is trial 27 with value: 0.0641268864274025.
LOCAL_RANK: 0 - CUDA_VISIBLE_DEVICES: [0]
[I 2023-11-30 10:04:16,182] Trial 84 finished with value: 0.14676134288311005 and parameters: {'gradient_clip_val': 0.6693146556835197, 'hidden_size': 39, 'dropout': 0.3232518524320013, 'hidden_continuous_size': 19, 'attention_head_size': 1, 'learning_rate': 0.0354022507445388}. Best is trial 27 with value: 0.0641268864274025.
LOCAL_RANK: 0 - CUDA_VISIBLE_DEVICES: [0]
[I 2023-11-30 10:04:28,957] Trial 85 finished with value: 0.20748615264892578 and parameters: {'gradient_clip_val': 0.9376130722579167, 'hidden_size': 60, 'dropout': 0.30948496925835445, 'hidden_continuous_size': 14, 'attention_head_size': 1, 'learning_rate': 0.09325994741185197}. Best is trial 27 with value: 0.0641268864274025.
LOCAL_RANK: 0 - CUDA_VISIBLE_DEVICES: [0]
[I 2023-11-30 10:04:41,694] Trial 86 finished with value: 0.12418553978204727 and parameters: {'gradient_clip_val': 0.7686784510939961, 'hidden_size': 50, 'dropout': 0.2992648007227336, 'hidden_continuous_size': 17, 'attention_head_size': 1, 'learning_rate': 0.07468182570802516}. Best is trial 27 with value: 0.0641268864274025.
LOCAL_RANK: 0 - CUDA_VISIBLE_DEVICES: [0]
[I 2023-11-30 10:04:54,414] Trial 87 finished with value: 0.13721013069152832 and parameters: {'gradient_clip_val': 0.8584570777433631, 'hidden_size': 45, 'dropout': 0.27806273049615565, 'hidden_continuous_size': 21, 'attention_head_size': 1, 'learning_rate': 0.07678298469621757}. Best is trial 27 with value: 0.0641268864274025.
LOCAL_RANK: 0 - CUDA_VISIBLE_DEVICES: [0]
[I 2023-11-30 10:05:07,051] Trial 88 finished with value: 0.09434554725885391 and parameters: {'gradient_clip_val': 0.6055166559679389, 'hidden_size': 36, 'dropout': 0.30525558794720675, 'hidden_continuous_size': 17, 'attention_head_size': 1, 'learning_rate': 0.03749524889570157}. Best is trial 27 with value: 0.0641268864274025.
LOCAL_RANK: 0 - CUDA_VISIBLE_DEVICES: [0]
[I 2023-11-30 10:05:19,897] Trial 89 finished with value: 0.1774509996175766 and parameters: {'gradient_clip_val': 0.7184494015854228, 'hidden_size': 42, 'dropout': 0.28968539574541496, 'hidden_continuous_size': 19, 'attention_head_size': 1, 'learning_rate': 0.029603559940964405}. Best is trial 27 with value: 0.0641268864274025.
LOCAL_RANK: 0 - CUDA_VISIBLE_DEVICES: [0]
[I 2023-11-30 10:05:32,621] Trial 90 finished with value: 0.1113172397017479 and parameters: {'gradient_clip_val': 0.7797023441881659, 'hidden_size': 64, 'dropout': 0.31888151288619127, 'hidden_continuous_size': 15, 'attention_head_size': 1, 'learning_rate': 0.04452790091807563}. Best is trial 27 with value: 0.0641268864274025.
LOCAL_RANK: 0 - CUDA_VISIBLE_DEVICES: [0]
[I 2023-11-30 10:05:46,054] Trial 91 finished with value: 0.15786783397197723 and parameters: {'gradient_clip_val': 0.9983026291324418, 'hidden_size': 96, 'dropout': 0.28376577416723925, 'hidden_continuous_size': 26, 'attention_head_size': 3, 'learning_rate': 0.031490318396937805}. Best is trial 27 with value: 0.0641268864274025.
LOCAL_RANK: 0 - CUDA_VISIBLE_DEVICES: [0]
[I 2023-11-30 10:05:58,917] Trial 92 finished with value: 0.11230150610208511 and parameters: {'gradient_clip_val': 0.995395366557968, 'hidden_size': 52, 'dropout': 0.2710692045112003, 'hidden_continuous_size': 24, 'attention_head_size': 2, 'learning_rate': 0.023358708851447196}. Best is trial 27 with value: 0.0641268864274025.
LOCAL_RANK: 0 - CUDA_VISIBLE_DEVICES: [0]
[I 2023-11-30 10:06:12,361] Trial 93 finished with value: 0.11812266707420349 and parameters: {'gradient_clip_val': 0.8835386424504265, 'hidden_size': 75, 'dropout': 0.29500004078546327, 'hidden_continuous_size': 28, 'attention_head_size': 2, 'learning_rate': 0.03921933383275501}. Best is trial 27 with value: 0.0641268864274025.
LOCAL_RANK: 0 - CUDA_VISIBLE_DEVICES: [0]
[I 2023-11-30 10:06:25,757] Trial 94 finished with value: 0.20307235419750214 and parameters: {'gradient_clip_val': 0.9439367628216853, 'hidden_size': 67, 'dropout': 0.2813630769902072, 'hidden_continuous_size': 23, 'attention_head_size': 1, 'learning_rate': 0.0318361274774973}. Best is trial 27 with value: 0.0641268864274025.
LOCAL_RANK: 0 - CUDA_VISIBLE_DEVICES: [0]
[I 2023-11-30 10:06:38,682] Trial 95 finished with value: 0.11267715692520142 and parameters: {'gradient_clip_val': 0.8396705262081867, 'hidden_size': 55, 'dropout': 0.30945750625828, 'hidden_continuous_size': 22, 'attention_head_size': 2, 'learning_rate': 0.05390453995160264}. Best is trial 27 with value: 0.0641268864274025.
LOCAL_RANK: 0 - CUDA_VISIBLE_DEVICES: [0]
[I 2023-11-30 10:06:51,977] Trial 96 finished with value: 0.1061859205365181 and parameters: {'gradient_clip_val': 0.7349194664288252, 'hidden_size': 62, 'dropout': 0.26006004693474816, 'hidden_continuous_size': 34, 'attention_head_size': 1, 'learning_rate': 0.04716924872811384}. Best is trial 27 with value: 0.0641268864274025.
LOCAL_RANK: 0 - CUDA_VISIBLE_DEVICES: [0]
[I 2023-11-30 10:07:04,672] Trial 97 finished with value: 0.17876414954662323 and parameters: {'gradient_clip_val': 0.8145632893850602, 'hidden_size': 46, 'dropout': 0.268638452201298, 'hidden_continuous_size': 16, 'attention_head_size': 1, 'learning_rate': 0.02658473937079939}. Best is trial 27 with value: 0.0641268864274025.
LOCAL_RANK: 0 - CUDA_VISIBLE_DEVICES: [0]
[I 2023-11-30 10:07:17,496] Trial 98 finished with value: 0.0918780192732811 and parameters: {'gradient_clip_val': 0.9067013324538992, 'hidden_size': 50, 'dropout': 0.3004826799084806, 'hidden_continuous_size': 20, 'attention_head_size': 1, 'learning_rate': 0.06825188738187564}. Best is trial 27 with value: 0.0641268864274025.
LOCAL_RANK: 0 - CUDA_VISIBLE_DEVICES: [0]
[I 2023-11-30 10:07:30,388] Trial 99 finished with value: 0.09992199391126633 and parameters: {'gradient_clip_val': 0.5740249106217116, 'hidden_size': 49, 'dropout': 0.29958149685484076, 'hidden_continuous_size': 20, 'attention_head_size': 1, 'learning_rate': 0.061430368481494996}. Best is trial 27 with value: 0.0641268864274025.
LOCAL_RANK: 0 - CUDA_VISIBLE_DEVICES: [0]
[I 2023-11-30 10:07:42,983] Trial 100 finished with value: 0.10811308771371841 and parameters: {'gradient_clip_val': 0.6305992761851427, 'hidden_size': 41, 'dropout': 0.3153598258074852, 'hidden_continuous_size': 21, 'attention_head_size': 1, 'learning_rate': 0.0674045346459194}. Best is trial 27 with value: 0.0641268864274025.
LOCAL_RANK: 0 - CUDA_VISIBLE_DEVICES: [0]
[I 2023-11-30 10:07:55,857] Trial 101 finished with value: 0.15996040403842926 and parameters: {'gradient_clip_val': 0.956448351355615, 'hidden_size': 57, 'dropout': 0.29216046715108895, 'hidden_continuous_size': 22, 'attention_head_size': 1, 'learning_rate': 0.07929667224832049}. Best is trial 27 with value: 0.0641268864274025.
LOCAL_RANK: 0 - CUDA_VISIBLE_DEVICES: [0]
[I 2023-11-30 10:08:08,867] Trial 102 finished with value: 0.09695988148450851 and parameters: {'gradient_clip_val': 0.906693306360773, 'hidden_size': 51, 'dropout': 0.3055547867781967, 'hidden_continuous_size': 23, 'attention_head_size': 3, 'learning_rate': 0.08930485787474673}. Best is trial 27 with value: 0.0641268864274025.
LOCAL_RANK: 0 - CUDA_VISIBLE_DEVICES: [0]
[I 2023-11-30 10:08:22,050] Trial 103 finished with value: 0.14303357899188995 and parameters: {'gradient_clip_val': 0.8719708177370303, 'hidden_size': 84, 'dropout': 0.28648321002450744, 'hidden_continuous_size': 27, 'attention_head_size': 1, 'learning_rate': 0.050566700202725856}. Best is trial 27 with value: 0.0641268864274025.
LOCAL_RANK: 0 - CUDA_VISIBLE_DEVICES: [0]
[I 2023-11-30 10:08:34,937] Trial 104 finished with value: 0.10553083568811417 and parameters: {'gradient_clip_val': 0.6931745764858803, 'hidden_size': 44, 'dropout': 0.2809558917770894, 'hidden_continuous_size': 19, 'attention_head_size': 1, 'learning_rate': 0.041509948103496536}. Best is trial 27 with value: 0.0641268864274025.
LOCAL_RANK: 0 - CUDA_VISIBLE_DEVICES: [0]
[I 2023-11-30 10:08:47,728] Trial 105 finished with value: 0.16993923485279083 and parameters: {'gradient_clip_val': 0.7610362447968955, 'hidden_size': 54, 'dropout': 0.30192461293654266, 'hidden_continuous_size': 18, 'attention_head_size': 1, 'learning_rate': 0.056636453047164304}. Best is trial 27 with value: 0.0641268864274025.
LOCAL_RANK: 0 - CUDA_VISIBLE_DEVICES: [0]
[I 2023-11-30 10:09:00,324] Trial 106 finished with value: 0.1844182014465332 and parameters: {'gradient_clip_val': 0.8105035595003052, 'hidden_size': 48, 'dropout': 0.2734320939805288, 'hidden_continuous_size': 21, 'attention_head_size': 1, 'learning_rate': 0.06454244229386139}. Best is trial 27 with value: 0.0641268864274025.
LOCAL_RANK: 0 - CUDA_VISIBLE_DEVICES: [0]
[I 2023-11-30 10:09:13,323] Trial 107 finished with value: 0.1396886259317398 and parameters: {'gradient_clip_val': 0.9013158032125452, 'hidden_size': 61, 'dropout': 0.297250887232026, 'hidden_continuous_size': 24, 'attention_head_size': 1, 'learning_rate': 0.07272865841714331}. Best is trial 27 with value: 0.0641268864274025.
LOCAL_RANK: 0 - CUDA_VISIBLE_DEVICES: [0]
[I 2023-11-30 10:09:25,870] Trial 108 finished with value: 0.11727646738290787 and parameters: {'gradient_clip_val': 0.9600644516541309, 'hidden_size': 38, 'dropout': 0.3286486627914651, 'hidden_continuous_size': 25, 'attention_head_size': 1, 'learning_rate': 0.035075659877797524}. Best is trial 27 with value: 0.0641268864274025.
LOCAL_RANK: 0 - CUDA_VISIBLE_DEVICES: [0]
[I 2023-11-30 10:09:39,072] Trial 109 finished with value: 0.11017483472824097 and parameters: {'gradient_clip_val': 0.6603321753194594, 'hidden_size': 58, 'dropout': 0.3120319685588387, 'hidden_continuous_size': 20, 'attention_head_size': 1, 'learning_rate': 0.046374963629887946}. Best is trial 27 with value: 0.0641268864274025.
LOCAL_RANK: 0 - CUDA_VISIBLE_DEVICES: [0]
[I 2023-11-30 10:09:51,785] Trial 110 finished with value: 0.14681245386600494 and parameters: {'gradient_clip_val': 0.7207309669244178, 'hidden_size': 43, 'dropout': 0.3208923392945927, 'hidden_continuous_size': 18, 'attention_head_size': 1, 'learning_rate': 0.038019083784113894}. Best is trial 27 with value: 0.0641268864274025.
LOCAL_RANK: 0 - CUDA_VISIBLE_DEVICES: [0]
[I 2023-11-30 10:10:04,767] Trial 111 finished with value: 0.13245455920696259 and parameters: {'gradient_clip_val': 0.9335275569353305, 'hidden_size': 59, 'dropout': 0.2907466988640036, 'hidden_continuous_size': 20, 'attention_head_size': 1, 'learning_rate': 0.028531373787001237}. Best is trial 27 with value: 0.0641268864274025.
LOCAL_RANK: 0 - CUDA_VISIBLE_DEVICES: [0]
[I 2023-11-30 10:10:17,828] Trial 112 finished with value: 0.10424790531396866 and parameters: {'gradient_clip_val': 0.9983587705606629, 'hidden_size': 51, 'dropout': 0.29685306140975515, 'hidden_continuous_size': 19, 'attention_head_size': 1, 'learning_rate': 0.032326304125031104}. Best is trial 27 with value: 0.0641268864274025.
LOCAL_RANK: 0 - CUDA_VISIBLE_DEVICES: [0]
[I 2023-11-30 10:10:30,867] Trial 113 finished with value: 0.05701502040028572 and parameters: {'gradient_clip_val': 0.8391547024914604, 'hidden_size': 66, 'dropout': 0.2866958990846619, 'hidden_continuous_size': 17, 'attention_head_size': 1, 'learning_rate': 0.026024214183305444}. Best is trial 113 with value: 0.05701502040028572.
LOCAL_RANK: 0 - CUDA_VISIBLE_DEVICES: [0]
[I 2023-11-30 10:10:44,067] Trial 114 finished with value: 0.1410517543554306 and parameters: {'gradient_clip_val': 0.8308340760486325, 'hidden_size': 66, 'dropout': 0.28721116199930846, 'hidden_continuous_size': 17, 'attention_head_size': 1, 'learning_rate': 0.024949665458698207}. Best is trial 113 with value: 0.05701502040028572.
LOCAL_RANK: 0 - CUDA_VISIBLE_DEVICES: [0]
