[I 2023-11-30 09:33:03,223] Trial 92 finished with value: 0.22816050052642822 and parameters: {'gradient_clip_val': 0.2667858378992632, 'hidden_size': 94, 'dropout': 0.2289828318916838, 'hidden_continuous_size': 73, 'attention_head_size': 2, 'learning_rate': 0.021053385996265512}. Best is trial 64 with value: 0.08573628216981888.
LOCAL_RANK: 0 - CUDA_VISIBLE_DEVICES: [0]
[I 2023-11-30 09:33:17,441] Trial 93 finished with value: 0.14546196162700653 and parameters: {'gradient_clip_val': 0.2612588691375885, 'hidden_size': 120, 'dropout': 0.19658250057275517, 'hidden_continuous_size': 91, 'attention_head_size': 2, 'learning_rate': 0.024184824404866825}. Best is trial 64 with value: 0.08573628216981888.
LOCAL_RANK: 0 - CUDA_VISIBLE_DEVICES: [0]
[I 2023-11-30 09:33:31,802] Trial 94 finished with value: 0.15556780993938446 and parameters: {'gradient_clip_val': 0.22192963513457706, 'hidden_size': 148, 'dropout': 0.21498328387065582, 'hidden_continuous_size': 85, 'attention_head_size': 2, 'learning_rate': 0.016744750640447035}. Best is trial 64 with value: 0.08573628216981888.
LOCAL_RANK: 0 - CUDA_VISIBLE_DEVICES: [0]
[I 2023-11-30 09:33:45,980] Trial 95 finished with value: 0.2558857500553131 and parameters: {'gradient_clip_val': 0.31529073135956404, 'hidden_size': 131, 'dropout': 0.20376168028120822, 'hidden_continuous_size': 76, 'attention_head_size': 2, 'learning_rate': 0.029546692163832544}. Best is trial 64 with value: 0.08573628216981888.
LOCAL_RANK: 0 - CUDA_VISIBLE_DEVICES: [0]
[I 2023-11-30 09:33:59,744] Trial 96 finished with value: 0.23379719257354736 and parameters: {'gradient_clip_val': 0.2880294179232983, 'hidden_size': 84, 'dropout': 0.18391431830129573, 'hidden_continuous_size': 71, 'attention_head_size': 2, 'learning_rate': 0.03395525129731995}. Best is trial 64 with value: 0.08573628216981888.
LOCAL_RANK: 0 - CUDA_VISIBLE_DEVICES: [0]
[I 2023-11-30 09:34:13,784] Trial 97 finished with value: 0.13085679709911346 and parameters: {'gradient_clip_val': 0.3455502728189009, 'hidden_size': 109, 'dropout': 0.15932710291532418, 'hidden_continuous_size': 91, 'attention_head_size': 1, 'learning_rate': 0.03890618728461106}. Best is trial 64 with value: 0.08573628216981888.
LOCAL_RANK: 0 - CUDA_VISIBLE_DEVICES: [0]
[I 2023-11-30 09:34:27,627] Trial 98 finished with value: 0.13359005749225616 and parameters: {'gradient_clip_val': 0.25507759725716284, 'hidden_size': 69, 'dropout': 0.18899150100323606, 'hidden_continuous_size': 63, 'attention_head_size': 3, 'learning_rate': 0.01969894039696239}. Best is trial 64 with value: 0.08573628216981888.
LOCAL_RANK: 0 - CUDA_VISIBLE_DEVICES: [0]
[I 2023-11-30 09:34:41,158] Trial 99 finished with value: 0.3114205300807953 and parameters: {'gradient_clip_val': 0.23970893661914522, 'hidden_size': 120, 'dropout': 0.17614759679933428, 'hidden_continuous_size': 49, 'attention_head_size': 1, 'learning_rate': 0.026029025921330533}. Best is trial 64 with value: 0.08573628216981888.
LOCAL_RANK: 0 - CUDA_VISIBLE_DEVICES: [0]
[I 2023-11-30 09:34:55,266] Trial 100 finished with value: 0.13688810169696808 and parameters: {'gradient_clip_val': 0.3063108569367772, 'hidden_size': 101, 'dropout': 0.2055274540342749, 'hidden_continuous_size': 67, 'attention_head_size': 2, 'learning_rate': 0.018290854768117273}. Best is trial 64 with value: 0.08573628216981888.
LOCAL_RANK: 0 - CUDA_VISIBLE_DEVICES: [0]
[I 2023-11-30 09:35:08,474] Trial 101 finished with value: 0.17966532707214355 and parameters: {'gradient_clip_val': 0.27911172658755556, 'hidden_size': 58, 'dropout': 0.16006088751575895, 'hidden_continuous_size': 54, 'attention_head_size': 1, 'learning_rate': 0.06633909547136826}. Best is trial 64 with value: 0.08573628216981888.
LOCAL_RANK: 0 - CUDA_VISIBLE_DEVICES: [0]
[I 2023-11-30 09:35:21,998] Trial 102 finished with value: 0.155572310090065 and parameters: {'gradient_clip_val': 0.26055480104385925, 'hidden_size': 78, 'dropout': 0.1960179673244566, 'hidden_continuous_size': 59, 'attention_head_size': 1, 'learning_rate': 0.045945320114709705}. Best is trial 64 with value: 0.08573628216981888.
LOCAL_RANK: 0 - CUDA_VISIBLE_DEVICES: [0]
[I 2023-11-30 09:35:35,886] Trial 103 finished with value: 0.13551615178585052 and parameters: {'gradient_clip_val': 0.22900518108485896, 'hidden_size': 73, 'dropout': 0.16695656891548927, 'hidden_continuous_size': 65, 'attention_head_size': 1, 'learning_rate': 0.05371459059288321}. Best is trial 64 with value: 0.08573628216981888.
LOCAL_RANK: 0 - CUDA_VISIBLE_DEVICES: [0]
[I 2023-11-30 09:35:49,529] Trial 104 finished with value: 0.1325005143880844 and parameters: {'gradient_clip_val': 0.2902296835926435, 'hidden_size': 88, 'dropout': 0.17730603920091914, 'hidden_continuous_size': 76, 'attention_head_size': 1, 'learning_rate': 0.03200637733828585}. Best is trial 64 with value: 0.08573628216981888.
LOCAL_RANK: 0 - CUDA_VISIBLE_DEVICES: [0]
[I 2023-11-30 09:36:02,764] Trial 105 finished with value: 0.13043102622032166 and parameters: {'gradient_clip_val': 0.3304071272250625, 'hidden_size': 61, 'dropout': 0.21215366744345115, 'hidden_continuous_size': 57, 'attention_head_size': 1, 'learning_rate': 0.05593850109357038}. Best is trial 64 with value: 0.08573628216981888.
LOCAL_RANK: 0 - CUDA_VISIBLE_DEVICES: [0]
[I 2023-11-30 09:36:16,180] Trial 106 finished with value: 0.1648666262626648 and parameters: {'gradient_clip_val': 0.2744874053573356, 'hidden_size': 65, 'dropout': 0.18378199523872163, 'hidden_continuous_size': 58, 'attention_head_size': 1, 'learning_rate': 0.06072467346091682}. Best is trial 64 with value: 0.08573628216981888.
LOCAL_RANK: 0 - CUDA_VISIBLE_DEVICES: [0]
[I 2023-11-30 09:36:29,765] Trial 107 finished with value: 0.22333484888076782 and parameters: {'gradient_clip_val': 0.2465342076785817, 'hidden_size': 80, 'dropout': 0.22263095295746035, 'hidden_continuous_size': 71, 'attention_head_size': 1, 'learning_rate': 0.03815489272171034}. Best is trial 64 with value: 0.08573628216981888.
LOCAL_RANK: 0 - CUDA_VISIBLE_DEVICES: [0]
[I 2023-11-30 09:36:43,801] Trial 108 finished with value: 0.12480626255273819 and parameters: {'gradient_clip_val': 0.31515493157187596, 'hidden_size': 95, 'dropout': 0.19376188572841918, 'hidden_continuous_size': 62, 'attention_head_size': 2, 'learning_rate': 0.021569592038244472}. Best is trial 64 with value: 0.08573628216981888.
LOCAL_RANK: 0 - CUDA_VISIBLE_DEVICES: [0]
[I 2023-11-30 09:36:57,017] Trial 109 finished with value: 0.24333274364471436 and parameters: {'gradient_clip_val': 0.3691183060466431, 'hidden_size': 116, 'dropout': 0.1337421268773918, 'hidden_continuous_size': 11, 'attention_head_size': 1, 'learning_rate': 0.04759958550806981}. Best is trial 64 with value: 0.08573628216981888.
LOCAL_RANK: 0 - CUDA_VISIBLE_DEVICES: [0]
[I 2023-11-30 09:37:10,553] Trial 110 finished with value: 0.1504993885755539 and parameters: {'gradient_clip_val': 0.29812415894981553, 'hidden_size': 70, 'dropout': 0.1703741111721289, 'hidden_continuous_size': 61, 'attention_head_size': 1, 'learning_rate': 0.07403722454828908}. Best is trial 64 with value: 0.08573628216981888.
LOCAL_RANK: 0 - CUDA_VISIBLE_DEVICES: [0]
[I 2023-11-30 09:37:24,002] Trial 111 finished with value: 0.13746823370456696 and parameters: {'gradient_clip_val': 0.345014270445723, 'hidden_size': 67, 'dropout': 0.18915505914595387, 'hidden_continuous_size': 60, 'attention_head_size': 1, 'learning_rate': 0.028644428227776367}. Best is trial 64 with value: 0.08573628216981888.
LOCAL_RANK: 0 - CUDA_VISIBLE_DEVICES: [0]
[I 2023-11-30 09:37:37,360] Trial 112 finished with value: 0.12758111953735352 and parameters: {'gradient_clip_val': 0.38470670733288403, 'hidden_size': 63, 'dropout': 0.1890258555955245, 'hidden_continuous_size': 57, 'attention_head_size': 1, 'learning_rate': 0.024773272466522105}. Best is trial 64 with value: 0.08573628216981888.
LOCAL_RANK: 0 - CUDA_VISIBLE_DEVICES: [0]
[I 2023-11-30 09:37:50,355] Trial 113 finished with value: 0.1832064837217331 and parameters: {'gradient_clip_val': 0.3295335897507814, 'hidden_size': 56, 'dropout': 0.1988601232765081, 'hidden_continuous_size': 53, 'attention_head_size': 1, 'learning_rate': 0.030330204972476186}. Best is trial 64 with value: 0.08573628216981888.
LOCAL_RANK: 0 - CUDA_VISIBLE_DEVICES: [0]
[I 2023-11-30 09:38:04,553] Trial 114 finished with value: 0.15707093477249146 and parameters: {'gradient_clip_val': 0.3237939244920728, 'hidden_size': 139, 'dropout': 0.20951445949709732, 'hidden_continuous_size': 40, 'attention_head_size': 1, 'learning_rate': 0.04116759332892642}. Best is trial 64 with value: 0.08573628216981888.
LOCAL_RANK: 0 - CUDA_VISIBLE_DEVICES: [0]
[I 2023-11-30 09:38:18,336] Trial 115 finished with value: 0.22164171934127808 and parameters: {'gradient_clip_val': 0.27893527926816525, 'hidden_size': 77, 'dropout': 0.1844710067778737, 'hidden_continuous_size': 68, 'attention_head_size': 1, 'learning_rate': 0.035071028170881535}. Best is trial 64 with value: 0.08573628216981888.
LOCAL_RANK: 0 - CUDA_VISIBLE_DEVICES: [0]
[I 2023-11-30 09:38:31,839] Trial 116 finished with value: 0.13077537715435028 and parameters: {'gradient_clip_val': 0.2587080189489452, 'hidden_size': 59, 'dropout': 0.14594825384888996, 'hidden_continuous_size': 56, 'attention_head_size': 1, 'learning_rate': 0.02749625040484391}. Best is trial 64 with value: 0.08573628216981888.
LOCAL_RANK: 0 - CUDA_VISIBLE_DEVICES: [0]
[I 2023-11-30 09:38:45,764] Trial 117 finished with value: 0.1355598121881485 and parameters: {'gradient_clip_val': 0.21296201295148923, 'hidden_size': 83, 'dropout': 0.20368779801380957, 'hidden_continuous_size': 73, 'attention_head_size': 1, 'learning_rate': 0.030582662783535403}. Best is trial 64 with value: 0.08573628216981888.
LOCAL_RANK: 0 - CUDA_VISIBLE_DEVICES: [0]
[I 2023-11-30 09:38:59,607] Trial 118 finished with value: 0.1323058158159256 and parameters: {'gradient_clip_val': 0.3547608100604388, 'hidden_size': 74, 'dropout': 0.15665301798523829, 'hidden_continuous_size': 65, 'attention_head_size': 1, 'learning_rate': 0.02284234239498065}. Best is trial 64 with value: 0.08573628216981888.
LOCAL_RANK: 0 - CUDA_VISIBLE_DEVICES: [0]
[I 2023-11-30 09:39:13,105] Trial 119 finished with value: 0.18549199402332306 and parameters: {'gradient_clip_val': 0.3078443269706162, 'hidden_size': 53, 'dropout': 0.11358602639841454, 'hidden_continuous_size': 50, 'attention_head_size': 2, 'learning_rate': 0.020849017853128135}. Best is trial 64 with value: 0.08573628216981888.
LOCAL_RANK: 0 - CUDA_VISIBLE_DEVICES: [0]
[I 2023-11-30 09:39:27,265] Trial 120 finished with value: 0.198988139629364 and parameters: {'gradient_clip_val': 0.29273861759279873, 'hidden_size': 91, 'dropout': 0.21771644954405142, 'hidden_continuous_size': 79, 'attention_head_size': 4, 'learning_rate': 0.034688766971493694}. Best is trial 64 with value: 0.08573628216981888.
LOCAL_RANK: 0 - CUDA_VISIBLE_DEVICES: [0]
[I 2023-11-30 09:39:41,112] Trial 121 finished with value: 0.15620388090610504 and parameters: {'gradient_clip_val': 0.2675832649462568, 'hidden_size': 130, 'dropout': 0.16404860635998333, 'hidden_continuous_size': 45, 'attention_head_size': 1, 'learning_rate': 0.015586665376977376}. Best is trial 64 with value: 0.08573628216981888.
LOCAL_RANK: 0 - CUDA_VISIBLE_DEVICES: [0]
[I 2023-11-30 09:39:55,005] Trial 122 finished with value: 0.13614894449710846 and parameters: {'gradient_clip_val': 0.23649858124713083, 'hidden_size': 99, 'dropout': 0.1811307276915832, 'hidden_continuous_size': 82, 'attention_head_size': 1, 'learning_rate': 0.04299341853149718}. Best is trial 64 with value: 0.08573628216981888.
LOCAL_RANK: 0 - CUDA_VISIBLE_DEVICES: [0]
[I 2023-11-30 09:40:09,012] Trial 123 finished with value: 0.17650239169597626 and parameters: {'gradient_clip_val': 0.3230710291381904, 'hidden_size': 121, 'dropout': 0.1767043764707902, 'hidden_continuous_size': 96, 'attention_head_size': 1, 'learning_rate': 0.024916386252101606}. Best is trial 64 with value: 0.08573628216981888.
LOCAL_RANK: 0 - CUDA_VISIBLE_DEVICES: [0]
[I 2023-11-30 09:40:22,728] Trial 124 finished with value: 0.17841005325317383 and parameters: {'gradient_clip_val': 0.30960592501253864, 'hidden_size': 111, 'dropout': 0.1908050271993676, 'hidden_continuous_size': 14, 'attention_head_size': 1, 'learning_rate': 0.02762283592394891}. Best is trial 64 with value: 0.08573628216981888.
LOCAL_RANK: 0 - CUDA_VISIBLE_DEVICES: [0]
[I 2023-11-30 09:40:36,945] Trial 125 finished with value: 0.26642656326293945 and parameters: {'gradient_clip_val': 0.2507687132201435, 'hidden_size': 127, 'dropout': 0.15331355519073486, 'hidden_continuous_size': 107, 'attention_head_size': 1, 'learning_rate': 0.08425585959972415}. Best is trial 64 with value: 0.08573628216981888.
LOCAL_RANK: 0 - CUDA_VISIBLE_DEVICES: [0]
[I 2023-11-30 09:40:51,537] Trial 126 finished with value: 0.16848058998584747 and parameters: {'gradient_clip_val': 0.2815271060112254, 'hidden_size': 139, 'dropout': 0.17091036079163865, 'hidden_continuous_size': 114, 'attention_head_size': 2, 'learning_rate': 0.050042318403753505}. Best is trial 64 with value: 0.08573628216981888.
LOCAL_RANK: 0 - CUDA_VISIBLE_DEVICES: [0]
[I 2023-11-30 09:41:05,322] Trial 127 finished with value: 0.14499470591545105 and parameters: {'gradient_clip_val': 0.29612906432822284, 'hidden_size': 106, 'dropout': 0.22715469733953567, 'hidden_continuous_size': 47, 'attention_head_size': 1, 'learning_rate': 0.01829267840982912}. Best is trial 64 with value: 0.08573628216981888.
LOCAL_RANK: 0 - CUDA_VISIBLE_DEVICES: [0]
[I 2023-11-30 09:41:19,189] Trial 128 finished with value: 0.18200485408306122 and parameters: {'gradient_clip_val': 0.3602815130668261, 'hidden_size': 87, 'dropout': 0.19752753649558072, 'hidden_continuous_size': 75, 'attention_head_size': 1, 'learning_rate': 0.030284744023588085}. Best is trial 64 with value: 0.08573628216981888.
LOCAL_RANK: 0 - CUDA_VISIBLE_DEVICES: [0]
[I 2023-11-30 09:41:32,780] Trial 129 finished with value: 0.3047872483730316 and parameters: {'gradient_clip_val': 0.26771696021229524, 'hidden_size': 64, 'dropout': 0.23888168853534203, 'hidden_continuous_size': 61, 'attention_head_size': 2, 'learning_rate': 0.020116403756342372}. Best is trial 64 with value: 0.08573628216981888.
LOCAL_RANK: 0 - CUDA_VISIBLE_DEVICES: [0]
[I 2023-11-30 09:41:45,865] Trial 130 finished with value: 0.12742199003696442 and parameters: {'gradient_clip_val': 0.22915769803314215, 'hidden_size': 49, 'dropout': 0.1641160535513732, 'hidden_continuous_size': 47, 'attention_head_size': 1, 'learning_rate': 0.03614313396703567}. Best is trial 64 with value: 0.08573628216981888.
LOCAL_RANK: 0 - CUDA_VISIBLE_DEVICES: [0]
[I 2023-11-30 09:42:00,014] Trial 131 finished with value: 0.3248192369937897 and parameters: {'gradient_clip_val': 0.3152056560616995, 'hidden_size': 115, 'dropout': 0.13929147402757405, 'hidden_continuous_size': 101, 'attention_head_size': 1, 'learning_rate': 0.012175599210864002}. Best is trial 64 with value: 0.08573628216981888.
LOCAL_RANK: 0 - CUDA_VISIBLE_DEVICES: [0]
[I 2023-11-30 09:42:14,191] Trial 132 finished with value: 0.215656116604805 and parameters: {'gradient_clip_val': 0.339976500119278, 'hidden_size': 124, 'dropout': 0.14642045252729075, 'hidden_continuous_size': 116, 'attention_head_size': 1, 'learning_rate': 0.017124610032799924}. Best is trial 64 with value: 0.08573628216981888.
LOCAL_RANK: 0 - CUDA_VISIBLE_DEVICES: [0]
[I 2023-11-30 09:42:28,237] Trial 133 finished with value: 0.16252116858959198 and parameters: {'gradient_clip_val': 0.3004412200789766, 'hidden_size': 110, 'dropout': 0.15627336284534188, 'hidden_continuous_size': 90, 'attention_head_size': 1, 'learning_rate': 0.01010098188116928}. Best is trial 64 with value: 0.08573628216981888.
LOCAL_RANK: 0 - CUDA_VISIBLE_DEVICES: [0]
[I 2023-11-30 09:42:42,499] Trial 134 finished with value: 0.15651655197143555 and parameters: {'gradient_clip_val': 0.28119642045256515, 'hidden_size': 97, 'dropout': 0.17418697393470295, 'hidden_continuous_size': 90, 'attention_head_size': 1, 'learning_rate': 0.014806468115083923}. Best is trial 64 with value: 0.08573628216981888.
LOCAL_RANK: 0 - CUDA_VISIBLE_DEVICES: [0]
[I 2023-11-30 09:42:56,448] Trial 135 finished with value: 0.07914016395807266 and parameters: {'gradient_clip_val': 0.25951285935182405, 'hidden_size': 71, 'dropout': 0.13123694060479435, 'hidden_continuous_size': 67, 'attention_head_size': 1, 'learning_rate': 0.03830374934113958}. Best is trial 135 with value: 0.07914016395807266.
LOCAL_RANK: 0 - CUDA_VISIBLE_DEVICES: [0]
[I 2023-11-30 09:43:09,856] Trial 136 finished with value: 0.1477031260728836 and parameters: {'gradient_clip_val': 0.24855455800252074, 'hidden_size': 68, 'dropout': 0.1251158979328671, 'hidden_continuous_size': 64, 'attention_head_size': 1, 'learning_rate': 0.04039915147764103}. Best is trial 135 with value: 0.07914016395807266.
LOCAL_RANK: 0 - CUDA_VISIBLE_DEVICES: [0]
[I 2023-11-30 09:43:23,580] Trial 137 finished with value: 0.15984676778316498 and parameters: {'gradient_clip_val': 0.25891384446336574, 'hidden_size': 71, 'dropout': 0.2092514723908804, 'hidden_continuous_size': 66, 'attention_head_size': 3, 'learning_rate': 0.0319309938466375}. Best is trial 135 with value: 0.07914016395807266.
LOCAL_RANK: 0 - CUDA_VISIBLE_DEVICES: [0]
[I 2023-11-30 09:43:37,317] Trial 138 finished with value: 0.1635221391916275 and parameters: {'gradient_clip_val': 0.23918334532184152, 'hidden_size': 77, 'dropout': 0.25634926702377525, 'hidden_continuous_size': 69, 'attention_head_size': 1, 'learning_rate': 0.03836690702329921}. Best is trial 135 with value: 0.07914016395807266.
LOCAL_RANK: 0 - CUDA_VISIBLE_DEVICES: [0]
[I 2023-11-30 09:43:51,379] Trial 139 finished with value: 0.13540129363536835 and parameters: {'gradient_clip_val': 0.2717264443237847, 'hidden_size': 81, 'dropout': 0.18605954730269691, 'hidden_continuous_size': 70, 'attention_head_size': 2, 'learning_rate': 0.04607196615463281}. Best is trial 135 with value: 0.07914016395807266.
LOCAL_RANK: 0 - CUDA_VISIBLE_DEVICES: [0]
[I 2023-11-30 09:44:05,191] Trial 140 finished with value: 0.17075075209140778 and parameters: {'gradient_clip_val': 0.21880213485403505, 'hidden_size': 85, 'dropout': 0.1290457636018811, 'hidden_continuous_size': 77, 'attention_head_size': 1, 'learning_rate': 0.025662015169021862}. Best is trial 135 with value: 0.07914016395807266.
LOCAL_RANK: 0 - CUDA_VISIBLE_DEVICES: [0]
[I 2023-11-30 09:44:19,112] Trial 141 finished with value: 0.16824786365032196 and parameters: {'gradient_clip_val': 0.28895259650348987, 'hidden_size': 93, 'dropout': 0.14301320804147177, 'hidden_continuous_size': 86, 'attention_head_size': 1, 'learning_rate': 0.0333472745218818}. Best is trial 135 with value: 0.07914016395807266.
LOCAL_RANK: 0 - CUDA_VISIBLE_DEVICES: [0]
[I 2023-11-30 09:44:32,546] Trial 142 finished with value: 0.13276158273220062 and parameters: {'gradient_clip_val': 0.30934335427050125, 'hidden_size': 62, 'dropout': 0.14945744449757625, 'hidden_continuous_size': 59, 'attention_head_size': 1, 'learning_rate': 0.022769386358011783}. Best is trial 135 with value: 0.07914016395807266.
LOCAL_RANK: 0 - CUDA_VISIBLE_DEVICES: [0]
[I 2023-11-30 09:44:46,124] Trial 143 finished with value: 0.0951608344912529 and parameters: {'gradient_clip_val': 0.33994289757051327, 'hidden_size': 103, 'dropout': 0.13841045253921586, 'hidden_continuous_size': 26, 'attention_head_size': 1, 'learning_rate': 0.027108460797040924}. Best is trial 135 with value: 0.07914016395807266.
LOCAL_RANK: 0 - CUDA_VISIBLE_DEVICES: [0]
[I 2023-11-30 09:45:00,085] Trial 144 finished with value: 0.23261462152004242 and parameters: {'gradient_clip_val': 0.37287310167529375, 'hidden_size': 102, 'dropout': 0.13357450065939688, 'hidden_continuous_size': 33, 'attention_head_size': 1, 'learning_rate': 0.029028176837417152}. Best is trial 135 with value: 0.07914016395807266.
LOCAL_RANK: 0 - CUDA_VISIBLE_DEVICES: [0]
[I 2023-11-30 09:45:13,842] Trial 145 finished with value: 0.1674271821975708 and parameters: {'gradient_clip_val': 0.3448806802675316, 'hidden_size': 76, 'dropout': 0.1148605055449356, 'hidden_continuous_size': 69, 'attention_head_size': 1, 'learning_rate': 0.027805269794009015}. Best is trial 135 with value: 0.07914016395807266.
LOCAL_RANK: 0 - CUDA_VISIBLE_DEVICES: [0]
[I 2023-11-30 09:45:27,377] Trial 146 finished with value: 0.13550113141536713 and parameters: {'gradient_clip_val': 0.3276444651877316, 'hidden_size': 71, 'dropout': 0.20297952951730336, 'hidden_continuous_size': 63, 'attention_head_size': 1, 'learning_rate': 0.02368580193033575}. Best is trial 135 with value: 0.07914016395807266.
LOCAL_RANK: 0 - CUDA_VISIBLE_DEVICES: [0]
[I 2023-11-30 09:45:40,875] Trial 147 finished with value: 0.1945202797651291 and parameters: {'gradient_clip_val': 0.2586274372847431, 'hidden_size': 67, 'dropout': 0.1392524904915025, 'hidden_continuous_size': 63, 'attention_head_size': 1, 'learning_rate': 0.033787105319524884}. Best is trial 135 with value: 0.07914016395807266.
LOCAL_RANK: 0 - CUDA_VISIBLE_DEVICES: [0]
[I 2023-11-30 09:45:54,822] Trial 148 finished with value: 0.14120207726955414 and parameters: {'gradient_clip_val': 0.27100723992058057, 'hidden_size': 90, 'dropout': 0.19103502386203394, 'hidden_continuous_size': 82, 'attention_head_size': 2, 'learning_rate': 0.04326895854015181}. Best is trial 135 with value: 0.07914016395807266.
LOCAL_RANK: 0 - CUDA_VISIBLE_DEVICES: [0]
