[I 2023-11-30 07:52:16,148] Trial 80 finished with value: 0.1316371113061905 and parameters: {'gradient_clip_val': 0.5394824471666032, 'hidden_size': 101, 'dropout': 0.30082143301231945, 'hidden_continuous_size': 31, 'attention_head_size': 2, 'learning_rate': 0.05235233368309679}. Best is trial 36 with value: 0.0816848948597908.
LOCAL_RANK: 0 - CUDA_VISIBLE_DEVICES: [0]
[I 2023-11-30 07:52:28,893] Trial 81 finished with value: 0.13588003814220428 and parameters: {'gradient_clip_val': 0.6134481097476073, 'hidden_size': 41, 'dropout': 0.3286620325394307, 'hidden_continuous_size': 21, 'attention_head_size': 2, 'learning_rate': 0.042336533679006166}. Best is trial 36 with value: 0.0816848948597908.
LOCAL_RANK: 0 - CUDA_VISIBLE_DEVICES: [0]
[I 2023-11-30 07:52:41,878] Trial 82 finished with value: 0.11308185011148453 and parameters: {'gradient_clip_val': 0.582847411134706, 'hidden_size': 54, 'dropout': 0.336380703653946, 'hidden_continuous_size': 21, 'attention_head_size': 2, 'learning_rate': 0.035904717642957586}. Best is trial 36 with value: 0.0816848948597908.
LOCAL_RANK: 0 - CUDA_VISIBLE_DEVICES: [0]
[I 2023-11-30 07:52:54,303] Trial 83 finished with value: 0.11028885841369629 and parameters: {'gradient_clip_val': 0.6919288057664871, 'hidden_size': 40, 'dropout': 0.3144059908756779, 'hidden_continuous_size': 19, 'attention_head_size': 2, 'learning_rate': 0.06581035002591744}. Best is trial 36 with value: 0.0816848948597908.
LOCAL_RANK: 0 - CUDA_VISIBLE_DEVICES: [0]
[I 2023-11-30 07:53:07,071] Trial 84 finished with value: 0.10506851226091385 and parameters: {'gradient_clip_val': 0.5630076071613387, 'hidden_size': 44, 'dropout': 0.32178955746347215, 'hidden_continuous_size': 21, 'attention_head_size': 2, 'learning_rate': 0.05641846089607468}. Best is trial 36 with value: 0.0816848948597908.
LOCAL_RANK: 0 - CUDA_VISIBLE_DEVICES: [0]
[I 2023-11-30 07:53:20,001] Trial 85 finished with value: 0.11452154070138931 and parameters: {'gradient_clip_val': 0.7646619216272804, 'hidden_size': 49, 'dropout': 0.37142481514369124, 'hidden_continuous_size': 22, 'attention_head_size': 3, 'learning_rate': 0.04390688166608324}. Best is trial 36 with value: 0.0816848948597908.
LOCAL_RANK: 0 - CUDA_VISIBLE_DEVICES: [0]
[I 2023-11-30 07:53:32,546] Trial 86 finished with value: 0.1101858839392662 and parameters: {'gradient_clip_val': 0.6009614835554491, 'hidden_size': 38, 'dropout': 0.3319888640601823, 'hidden_continuous_size': 20, 'attention_head_size': 1, 'learning_rate': 0.04870521799590836}. Best is trial 36 with value: 0.0816848948597908.
LOCAL_RANK: 0 - CUDA_VISIBLE_DEVICES: [0]
[I 2023-11-30 07:53:45,944] Trial 87 finished with value: 0.11216739565134048 and parameters: {'gradient_clip_val': 0.6454457570461929, 'hidden_size': 61, 'dropout': 0.2923907466426636, 'hidden_continuous_size': 25, 'attention_head_size': 3, 'learning_rate': 0.07826697565804293}. Best is trial 36 with value: 0.0816848948597908.
LOCAL_RANK: 0 - CUDA_VISIBLE_DEVICES: [0]
[I 2023-11-30 07:53:59,162] Trial 88 finished with value: 0.09922485798597336 and parameters: {'gradient_clip_val': 0.5093795027589163, 'hidden_size': 69, 'dropout': 0.35433355150009277, 'hidden_continuous_size': 17, 'attention_head_size': 2, 'learning_rate': 0.03940764831801888}. Best is trial 36 with value: 0.0816848948597908.
LOCAL_RANK: 0 - CUDA_VISIBLE_DEVICES: [0]
[I 2023-11-30 07:54:12,172] Trial 89 finished with value: 0.0991271361708641 and parameters: {'gradient_clip_val': 0.7935055466204387, 'hidden_size': 51, 'dropout': 0.3058661323395617, 'hidden_continuous_size': 19, 'attention_head_size': 2, 'learning_rate': 0.05907982873996734}. Best is trial 36 with value: 0.0816848948597908.
LOCAL_RANK: 0 - CUDA_VISIBLE_DEVICES: [0]
[I 2023-11-30 07:54:25,584] Trial 90 finished with value: 0.08272130787372589 and parameters: {'gradient_clip_val': 0.4673325009881698, 'hidden_size': 77, 'dropout': 0.31788824292578544, 'hidden_continuous_size': 27, 'attention_head_size': 3, 'learning_rate': 0.06744974509369446}. Best is trial 36 with value: 0.0816848948597908.
LOCAL_RANK: 0 - CUDA_VISIBLE_DEVICES: [0]
[I 2023-11-30 07:54:38,924] Trial 91 finished with value: 0.12069576978683472 and parameters: {'gradient_clip_val': 0.5430055799085748, 'hidden_size': 77, 'dropout': 0.31475738673071296, 'hidden_continuous_size': 23, 'attention_head_size': 3, 'learning_rate': 0.0711506842429298}. Best is trial 36 with value: 0.0816848948597908.
LOCAL_RANK: 0 - CUDA_VISIBLE_DEVICES: [0]
[I 2023-11-30 07:54:52,225] Trial 92 finished with value: 0.08296231180429459 and parameters: {'gradient_clip_val': 0.6077629399346625, 'hidden_size': 73, 'dropout': 0.3398613009313183, 'hidden_continuous_size': 27, 'attention_head_size': 3, 'learning_rate': 0.08688027949280351}. Best is trial 36 with value: 0.0816848948597908.
LOCAL_RANK: 0 - CUDA_VISIBLE_DEVICES: [0]
[I 2023-11-30 07:55:05,825] Trial 93 finished with value: 0.14071206748485565 and parameters: {'gradient_clip_val': 0.6982879181765936, 'hidden_size': 74, 'dropout': 0.3412308018614246, 'hidden_continuous_size': 29, 'attention_head_size': 3, 'learning_rate': 0.08573666788315001}. Best is trial 36 with value: 0.0816848948597908.
LOCAL_RANK: 0 - CUDA_VISIBLE_DEVICES: [0]
[I 2023-11-30 07:55:19,149] Trial 94 finished with value: 0.09159507602453232 and parameters: {'gradient_clip_val': 0.4771996658975131, 'hidden_size': 67, 'dropout': 0.3200885937942077, 'hidden_continuous_size': 25, 'attention_head_size': 3, 'learning_rate': 0.0919846139567531}. Best is trial 36 with value: 0.0816848948597908.
LOCAL_RANK: 0 - CUDA_VISIBLE_DEVICES: [0]
[I 2023-11-30 07:55:32,661] Trial 95 finished with value: 0.13177423179149628 and parameters: {'gradient_clip_val': 0.4468315814865106, 'hidden_size': 82, 'dropout': 0.3485584492754431, 'hidden_continuous_size': 27, 'attention_head_size': 3, 'learning_rate': 0.0654272834485393}. Best is trial 36 with value: 0.0816848948597908.
LOCAL_RANK: 0 - CUDA_VISIBLE_DEVICES: [0]
[I 2023-11-30 07:55:46,127] Trial 96 finished with value: 0.09821709245443344 and parameters: {'gradient_clip_val': 0.6500702504244317, 'hidden_size': 88, 'dropout': 0.33738594495762325, 'hidden_continuous_size': 27, 'attention_head_size': 3, 'learning_rate': 0.0783052264288904}. Best is trial 36 with value: 0.0816848948597908.
LOCAL_RANK: 0 - CUDA_VISIBLE_DEVICES: [0]
[I 2023-11-30 07:55:59,443] Trial 97 finished with value: 0.09781137853860855 and parameters: {'gradient_clip_val': 0.6027101268914542, 'hidden_size': 72, 'dropout': 0.2864265710767929, 'hidden_continuous_size': 24, 'attention_head_size': 3, 'learning_rate': 0.052912794128051124}. Best is trial 36 with value: 0.0816848948597908.
LOCAL_RANK: 0 - CUDA_VISIBLE_DEVICES: [0]
[I 2023-11-30 07:56:12,782] Trial 98 finished with value: 0.16177982091903687 and parameters: {'gradient_clip_val': 0.7364679490856044, 'hidden_size': 64, 'dropout': 0.30037752123503614, 'hidden_continuous_size': 26, 'attention_head_size': 3, 'learning_rate': 0.09146318356479348}. Best is trial 36 with value: 0.0816848948597908.
LOCAL_RANK: 0 - CUDA_VISIBLE_DEVICES: [0]
[I 2023-11-30 07:56:25,718] Trial 99 finished with value: 0.11442404985427856 and parameters: {'gradient_clip_val': 0.5607201488431733, 'hidden_size': 56, 'dropout': 0.3595876341775854, 'hidden_continuous_size': 22, 'attention_head_size': 3, 'learning_rate': 0.0686685430378881}. Best is trial 36 with value: 0.0816848948597908.
LOCAL_RANK: 0 - CUDA_VISIBLE_DEVICES: [0]
[I 2023-11-30 07:56:39,225] Trial 100 finished with value: 0.11695355921983719 and parameters: {'gradient_clip_val': 0.49431885371423534, 'hidden_size': 81, 'dropout': 0.3263524425207144, 'hidden_continuous_size': 30, 'attention_head_size': 3, 'learning_rate': 0.06102148687190649}. Best is trial 36 with value: 0.0816848948597908.
LOCAL_RANK: 0 - CUDA_VISIBLE_DEVICES: [0]
[I 2023-11-30 07:56:52,353] Trial 101 finished with value: 0.1252153366804123 and parameters: {'gradient_clip_val': 0.5264887705596427, 'hidden_size': 67, 'dropout': 0.318940120623511, 'hidden_continuous_size': 25, 'attention_head_size': 3, 'learning_rate': 0.09193688465517848}. Best is trial 36 with value: 0.0816848948597908.
LOCAL_RANK: 0 - CUDA_VISIBLE_DEVICES: [0]
[I 2023-11-30 07:57:05,385] Trial 102 finished with value: 0.09438636153936386 and parameters: {'gradient_clip_val': 0.461803953770925, 'hidden_size': 60, 'dropout': 0.3098654455202357, 'hidden_continuous_size': 29, 'attention_head_size': 3, 'learning_rate': 0.08256103764118661}. Best is trial 36 with value: 0.0816848948597908.
LOCAL_RANK: 0 - CUDA_VISIBLE_DEVICES: [0]
[I 2023-11-30 07:57:18,923] Trial 103 finished with value: 0.10091501474380493 and parameters: {'gradient_clip_val': 0.4747104939595601, 'hidden_size': 77, 'dropout': 0.32036454457149377, 'hidden_continuous_size': 31, 'attention_head_size': 3, 'learning_rate': 0.09923569588786615}. Best is trial 36 with value: 0.0816848948597908.
LOCAL_RANK: 0 - CUDA_VISIBLE_DEVICES: [0]
[I 2023-11-30 07:57:32,311] Trial 104 finished with value: 0.14524073898792267 and parameters: {'gradient_clip_val': 0.4240618936904659, 'hidden_size': 70, 'dropout': 0.30506981058863686, 'hidden_continuous_size': 25, 'attention_head_size': 3, 'learning_rate': 0.0712086903156879}. Best is trial 36 with value: 0.0816848948597908.
LOCAL_RANK: 0 - CUDA_VISIBLE_DEVICES: [0]
[I 2023-11-30 07:57:45,602] Trial 105 finished with value: 0.07731568068265915 and parameters: {'gradient_clip_val': 0.6237631550465336, 'hidden_size': 65, 'dropout': 0.2948085498263321, 'hidden_continuous_size': 24, 'attention_head_size': 3, 'learning_rate': 0.08890052951920353}. Best is trial 105 with value: 0.07731568068265915.
LOCAL_RANK: 0 - CUDA_VISIBLE_DEVICES: [0]
[I 2023-11-30 07:57:58,665] Trial 106 finished with value: 0.0967031940817833 and parameters: {'gradient_clip_val': 0.6735705605627144, 'hidden_size': 65, 'dropout': 0.28091333263802054, 'hidden_continuous_size': 24, 'attention_head_size': 3, 'learning_rate': 0.07591097963458003}. Best is trial 105 with value: 0.07731568068265915.
LOCAL_RANK: 0 - CUDA_VISIBLE_DEVICES: [0]
[I 2023-11-30 07:58:11,774] Trial 107 finished with value: 0.14325635135173798 and parameters: {'gradient_clip_val': 0.6189946080052969, 'hidden_size': 59, 'dropout': 0.2971218611154826, 'hidden_continuous_size': 23, 'attention_head_size': 3, 'learning_rate': 0.05585082909750334}. Best is trial 105 with value: 0.07731568068265915.
LOCAL_RANK: 0 - CUDA_VISIBLE_DEVICES: [0]
[I 2023-11-30 07:58:25,377] Trial 108 finished with value: 0.10838323831558228 and parameters: {'gradient_clip_val': 0.7243396698664334, 'hidden_size': 73, 'dropout': 0.293574227652124, 'hidden_continuous_size': 28, 'attention_head_size': 3, 'learning_rate': 0.061711051320003214}. Best is trial 105 with value: 0.07731568068265915.
LOCAL_RANK: 0 - CUDA_VISIBLE_DEVICES: [0]
[I 2023-11-30 07:58:38,931] Trial 109 finished with value: 0.10097361356019974 and parameters: {'gradient_clip_val': 0.6343927896692443, 'hidden_size': 79, 'dropout': 0.28676232878992386, 'hidden_continuous_size': 34, 'attention_head_size': 3, 'learning_rate': 0.08254899647821648}. Best is trial 105 with value: 0.07731568068265915.
LOCAL_RANK: 0 - CUDA_VISIBLE_DEVICES: [0]
[I 2023-11-30 07:58:52,399] Trial 110 finished with value: 0.07980436086654663 and parameters: {'gradient_clip_val': 0.5614479775767247, 'hidden_size': 86, 'dropout': 0.3104961726952296, 'hidden_continuous_size': 18, 'attention_head_size': 4, 'learning_rate': 0.06825826151052078}. Best is trial 105 with value: 0.07731568068265915.
LOCAL_RANK: 0 - CUDA_VISIBLE_DEVICES: [0]
[I 2023-11-30 07:59:05,770] Trial 111 finished with value: 0.1870630532503128 and parameters: {'gradient_clip_val': 0.5638037950570168, 'hidden_size': 86, 'dropout': 0.31365201114545394, 'hidden_continuous_size': 16, 'attention_head_size': 4, 'learning_rate': 0.06944082563635894}. Best is trial 105 with value: 0.07731568068265915.
LOCAL_RANK: 0 - CUDA_VISIBLE_DEVICES: [0]
[I 2023-11-30 07:59:19,327] Trial 112 finished with value: 0.14729255437850952 and parameters: {'gradient_clip_val': 0.5935552852890557, 'hidden_size': 94, 'dropout': 0.2988529623912638, 'hidden_continuous_size': 18, 'attention_head_size': 4, 'learning_rate': 0.08685036817999023}. Best is trial 105 with value: 0.07731568068265915.
LOCAL_RANK: 0 - CUDA_VISIBLE_DEVICES: [0]
[I 2023-11-30 07:59:32,937] Trial 113 finished with value: 0.10526371747255325 and parameters: {'gradient_clip_val': 0.5362002429126438, 'hidden_size': 76, 'dropout': 0.30673597602368396, 'hidden_continuous_size': 19, 'attention_head_size': 4, 'learning_rate': 0.07485844406684168}. Best is trial 105 with value: 0.07731568068265915.
LOCAL_RANK: 0 - CUDA_VISIBLE_DEVICES: [0]
[I 2023-11-30 07:59:46,322] Trial 114 finished with value: 0.0816267877817154 and parameters: {'gradient_clip_val': 0.666239126716972, 'hidden_size': 63, 'dropout': 0.3268208359993512, 'hidden_continuous_size': 23, 'attention_head_size': 4, 'learning_rate': 0.0499776570707841}. Best is trial 105 with value: 0.07731568068265915.
LOCAL_RANK: 0 - CUDA_VISIBLE_DEVICES: [0]
[I 2023-11-30 07:59:59,271] Trial 115 finished with value: 0.08938771486282349 and parameters: {'gradient_clip_val': 0.6754976956291731, 'hidden_size': 56, 'dropout': 0.32674511585378146, 'hidden_continuous_size': 23, 'attention_head_size': 4, 'learning_rate': 0.05292020769143814}. Best is trial 105 with value: 0.07731568068265915.
LOCAL_RANK: 0 - CUDA_VISIBLE_DEVICES: [0]
[I 2023-11-30 08:00:12,560] Trial 116 finished with value: 0.1134905219078064 and parameters: {'gradient_clip_val': 0.5791007894107052, 'hidden_size': 63, 'dropout': 0.33634027541066974, 'hidden_continuous_size': 27, 'attention_head_size': 4, 'learning_rate': 0.049213400463657866}. Best is trial 105 with value: 0.07731568068265915.
LOCAL_RANK: 0 - CUDA_VISIBLE_DEVICES: [0]
[I 2023-11-30 08:00:25,639] Trial 117 finished with value: 0.09725163131952286 and parameters: {'gradient_clip_val': 0.6459849949907981, 'hidden_size': 54, 'dropout': 0.3480406519502743, 'hidden_continuous_size': 24, 'attention_head_size': 4, 'learning_rate': 0.06317255547130958}. Best is trial 105 with value: 0.07731568068265915.
LOCAL_RANK: 0 - CUDA_VISIBLE_DEVICES: [0]
[I 2023-11-30 08:00:39,154] Trial 118 finished with value: 0.10630615800619125 and parameters: {'gradient_clip_val': 0.7042388493016891, 'hidden_size': 67, 'dropout': 0.3413655973626784, 'hidden_continuous_size': 17, 'attention_head_size': 4, 'learning_rate': 0.05775618775958938}. Best is trial 105 with value: 0.07731568068265915.
LOCAL_RANK: 0 - CUDA_VISIBLE_DEVICES: [0]
[I 2023-11-30 08:00:52,169] Trial 119 finished with value: 0.10161992162466049 and parameters: {'gradient_clip_val': 0.7818614411349447, 'hidden_size': 60, 'dropout': 0.32566751710567204, 'hidden_continuous_size': 20, 'attention_head_size': 1, 'learning_rate': 0.06671647446010494}. Best is trial 105 with value: 0.07731568068265915.
LOCAL_RANK: 0 - CUDA_VISIBLE_DEVICES: [0]
[I 2023-11-30 08:01:05,480] Trial 120 finished with value: 0.13400274515151978 and parameters: {'gradient_clip_val': 0.513830226154009, 'hidden_size': 70, 'dropout': 0.33242937377226994, 'hidden_continuous_size': 21, 'attention_head_size': 4, 'learning_rate': 0.07933297101590359}. Best is trial 105 with value: 0.07731568068265915.
LOCAL_RANK: 0 - CUDA_VISIBLE_DEVICES: [0]
[I 2023-11-30 08:01:18,638] Trial 121 finished with value: 0.09198596328496933 and parameters: {'gradient_clip_val': 0.6691604540643816, 'hidden_size': 57, 'dropout': 0.32691881523242455, 'hidden_continuous_size': 22, 'attention_head_size': 4, 'learning_rate': 0.0528750288883068}. Best is trial 105 with value: 0.07731568068265915.
LOCAL_RANK: 0 - CUDA_VISIBLE_DEVICES: [0]
[I 2023-11-30 08:01:31,774] Trial 122 finished with value: 0.12271186709403992 and parameters: {'gradient_clip_val': 0.608014856446817, 'hidden_size': 55, 'dropout': 0.31055096924404474, 'hidden_continuous_size': 23, 'attention_head_size': 4, 'learning_rate': 0.046785649444072826}. Best is trial 105 with value: 0.07731568068265915.
LOCAL_RANK: 0 - CUDA_VISIBLE_DEVICES: [0]
[I 2023-11-30 08:01:45,148] Trial 123 finished with value: 0.10123321413993835 and parameters: {'gradient_clip_val': 0.6847557465676054, 'hidden_size': 63, 'dropout': 0.31632620893589414, 'hidden_continuous_size': 26, 'attention_head_size': 4, 'learning_rate': 0.05710367339218776}. Best is trial 105 with value: 0.07731568068265915.
LOCAL_RANK: 0 - CUDA_VISIBLE_DEVICES: [0]
[I 2023-11-30 08:01:58,065] Trial 124 finished with value: 0.0948815867304802 and parameters: {'gradient_clip_val': 0.5515003800878983, 'hidden_size': 47, 'dropout': 0.33150990733065067, 'hidden_continuous_size': 23, 'attention_head_size': 4, 'learning_rate': 0.06995260366941629}. Best is trial 105 with value: 0.07731568068265915.
LOCAL_RANK: 0 - CUDA_VISIBLE_DEVICES: [0]
[I 2023-11-30 08:02:11,219] Trial 125 finished with value: 0.0932425856590271 and parameters: {'gradient_clip_val': 0.7256849000189395, 'hidden_size': 51, 'dropout': 0.32188216952246634, 'hidden_continuous_size': 20, 'attention_head_size': 4, 'learning_rate': 0.0512949648737867}. Best is trial 105 with value: 0.07731568068265915.
LOCAL_RANK: 0 - CUDA_VISIBLE_DEVICES: [0]
[I 2023-11-30 08:02:24,841] Trial 126 finished with value: 0.11149873584508896 and parameters: {'gradient_clip_val': 0.8255550892519357, 'hidden_size': 86, 'dropout': 0.3556227122000236, 'hidden_continuous_size': 28, 'attention_head_size': 4, 'learning_rate': 0.08836652695544192}. Best is trial 105 with value: 0.07731568068265915.
LOCAL_RANK: 0 - CUDA_VISIBLE_DEVICES: [0]
[I 2023-11-30 08:02:37,804] Trial 127 finished with value: 0.11369607597589493 and parameters: {'gradient_clip_val': 0.644171412078032, 'hidden_size': 49, 'dropout': 0.30422712770960736, 'hidden_continuous_size': 18, 'attention_head_size': 2, 'learning_rate': 0.06138581234073165}. Best is trial 105 with value: 0.07731568068265915.
LOCAL_RANK: 0 - CUDA_VISIBLE_DEVICES: [0]
[I 2023-11-30 08:02:50,826] Trial 128 finished with value: 0.08721476048231125 and parameters: {'gradient_clip_val': 0.7661624315776278, 'hidden_size': 52, 'dropout': 0.34482410285636295, 'hidden_continuous_size': 22, 'attention_head_size': 4, 'learning_rate': 0.04590525292458046}. Best is trial 105 with value: 0.07731568068265915.
LOCAL_RANK: 0 - CUDA_VISIBLE_DEVICES: [0]
[I 2023-11-30 08:03:03,494] Trial 129 finished with value: 0.1277523785829544 and parameters: {'gradient_clip_val': 0.7615712227480526, 'hidden_size': 43, 'dropout': 0.36887722442977944, 'hidden_continuous_size': 21, 'attention_head_size': 1, 'learning_rate': 0.07485617619931412}. Best is trial 105 with value: 0.07731568068265915.
LOCAL_RANK: 0 - CUDA_VISIBLE_DEVICES: [0]
[I 2023-11-30 08:03:16,244] Trial 130 finished with value: 0.1168687641620636 and parameters: {'gradient_clip_val': 0.8544859588232874, 'hidden_size': 52, 'dropout': 0.3458551943219799, 'hidden_continuous_size': 22, 'attention_head_size': 2, 'learning_rate': 0.045529565429972906}. Best is trial 105 with value: 0.07731568068265915.
LOCAL_RANK: 0 - CUDA_VISIBLE_DEVICES: [0]
[I 2023-11-30 08:03:29,205] Trial 131 finished with value: 0.13028614223003387 and parameters: {'gradient_clip_val': 0.6171821220580251, 'hidden_size': 56, 'dropout': 0.3379314439655445, 'hidden_continuous_size': 24, 'attention_head_size': 4, 'learning_rate': 0.04102821229480911}. Best is trial 105 with value: 0.07731568068265915.
LOCAL_RANK: 0 - CUDA_VISIBLE_DEVICES: [0]
[I 2023-11-30 08:03:42,672] Trial 132 finished with value: 0.07398898899555206 and parameters: {'gradient_clip_val': 0.7092333219108246, 'hidden_size': 60, 'dropout': 0.3783008414036748, 'hidden_continuous_size': 25, 'attention_head_size': 4, 'learning_rate': 0.05208247946045749}. Best is trial 132 with value: 0.07398898899555206.
LOCAL_RANK: 0 - CUDA_VISIBLE_DEVICES: [0]
[I 2023-11-30 08:03:56,041] Trial 133 finished with value: 0.10378112643957138 and parameters: {'gradient_clip_val': 0.793063051930933, 'hidden_size': 72, 'dropout': 0.37606465013242457, 'hidden_continuous_size': 25, 'attention_head_size': 4, 'learning_rate': 0.06327009501525685}. Best is trial 132 with value: 0.07398898899555206.
LOCAL_RANK: 0 - CUDA_VISIBLE_DEVICES: [0]
[I 2023-11-30 08:04:09,114] Trial 134 finished with value: 0.1275050938129425 and parameters: {'gradient_clip_val': 0.7114562128090314, 'hidden_size': 60, 'dropout': 0.36378342710874206, 'hidden_continuous_size': 26, 'attention_head_size': 4, 'learning_rate': 0.03635758735416849}. Best is trial 132 with value: 0.07398898899555206.
LOCAL_RANK: 0 - CUDA_VISIBLE_DEVICES: [0]
[I 2023-11-30 08:04:22,394] Trial 135 finished with value: 0.12663036584854126 and parameters: {'gradient_clip_val': 0.5825591420098388, 'hidden_size': 80, 'dropout': 0.3873356622473408, 'hidden_continuous_size': 29, 'attention_head_size': 4, 'learning_rate': 0.0940271417451022}. Best is trial 132 with value: 0.07398898899555206.
LOCAL_RANK: 0 - CUDA_VISIBLE_DEVICES: [0]
[I 2023-11-30 08:04:35,754] Trial 136 finished with value: 0.10977437347173691 and parameters: {'gradient_clip_val': 0.7620163312282316, 'hidden_size': 66, 'dropout': 0.38027374032792505, 'hidden_continuous_size': 24, 'attention_head_size': 4, 'learning_rate': 0.05741542159871177}. Best is trial 132 with value: 0.07398898899555206.
LOCAL_RANK: 0 - CUDA_VISIBLE_DEVICES: [0]
[I 2023-11-30 08:04:49,303] Trial 137 finished with value: 0.07859674096107483 and parameters: {'gradient_clip_val': 0.654599774554852, 'hidden_size': 63, 'dropout': 0.3600026731767408, 'hidden_continuous_size': 27, 'attention_head_size': 3, 'learning_rate': 0.08340018784159688}. Best is trial 132 with value: 0.07398898899555206.
LOCAL_RANK: 0 - CUDA_VISIBLE_DEVICES: [0]
