[I 2023-11-30 08:29:13,326] Trial 104 finished with value: 24.03348731994629 and parameters: {'gradient_clip_val': 0.11923234112933959, 'hidden_size': 28, 'dropout': 0.3123677845021484, 'hidden_continuous_size': 11, 'attention_head_size': 2, 'learning_rate': 0.03207128961169189}. Best is trial 68 with value: 11.643933296203613.
LOCAL_RANK: 0 - CUDA_VISIBLE_DEVICES: [0]
[I 2023-11-30 08:29:25,681] Trial 105 finished with value: 17.683387756347656 and parameters: {'gradient_clip_val': 0.14805305510849437, 'hidden_size': 37, 'dropout': 0.3465064130616351, 'hidden_continuous_size': 12, 'attention_head_size': 2, 'learning_rate': 0.04881430317681359}. Best is trial 68 with value: 11.643933296203613.
LOCAL_RANK: 0 - CUDA_VISIBLE_DEVICES: [0]
[I 2023-11-30 08:29:37,771] Trial 106 finished with value: 20.41048240661621 and parameters: {'gradient_clip_val': 0.12770670565007902, 'hidden_size': 26, 'dropout': 0.28948716873135544, 'hidden_continuous_size': 10, 'attention_head_size': 2, 'learning_rate': 0.061759485386752466}. Best is trial 68 with value: 11.643933296203613.
LOCAL_RANK: 0 - CUDA_VISIBLE_DEVICES: [0]
[I 2023-11-30 08:29:50,548] Trial 107 finished with value: 17.46373176574707 and parameters: {'gradient_clip_val': 0.1689911229852453, 'hidden_size': 41, 'dropout': 0.3038657395999033, 'hidden_continuous_size': 13, 'attention_head_size': 3, 'learning_rate': 0.03971391164118711}. Best is trial 68 with value: 11.643933296203613.
LOCAL_RANK: 0 - CUDA_VISIBLE_DEVICES: [0]
[I 2023-11-30 08:30:03,044] Trial 108 finished with value: 14.757723808288574 and parameters: {'gradient_clip_val': 0.13560166642066482, 'hidden_size': 35, 'dropout': 0.3207975249285274, 'hidden_continuous_size': 11, 'attention_head_size': 2, 'learning_rate': 0.03504342148628176}. Best is trial 68 with value: 11.643933296203613.
LOCAL_RANK: 0 - CUDA_VISIBLE_DEVICES: [0]
[I 2023-11-30 08:30:15,691] Trial 109 finished with value: 15.882533073425293 and parameters: {'gradient_clip_val': 0.15459393156540568, 'hidden_size': 30, 'dropout': 0.332110705790234, 'hidden_continuous_size': 14, 'attention_head_size': 3, 'learning_rate': 0.04544676020908798}. Best is trial 68 with value: 11.643933296203613.
LOCAL_RANK: 0 - CUDA_VISIBLE_DEVICES: [0]
[I 2023-11-30 08:30:27,873] Trial 110 finished with value: 14.172564506530762 and parameters: {'gradient_clip_val': 0.11552614209413184, 'hidden_size': 21, 'dropout': 0.33979067781635397, 'hidden_continuous_size': 13, 'attention_head_size': 2, 'learning_rate': 0.05630773939349181}. Best is trial 68 with value: 11.643933296203613.
LOCAL_RANK: 0 - CUDA_VISIBLE_DEVICES: [0]
[I 2023-11-30 08:30:40,050] Trial 111 finished with value: 14.656756401062012 and parameters: {'gradient_clip_val': 0.11242018668120861, 'hidden_size': 25, 'dropout': 0.34122325219021377, 'hidden_continuous_size': 13, 'attention_head_size': 2, 'learning_rate': 0.07145461933772644}. Best is trial 68 with value: 11.643933296203613.
LOCAL_RANK: 0 - CUDA_VISIBLE_DEVICES: [0]
[I 2023-11-30 08:30:52,271] Trial 112 finished with value: 15.6578369140625 and parameters: {'gradient_clip_val': 0.10322771528676214, 'hidden_size': 21, 'dropout': 0.3485482124145836, 'hidden_continuous_size': 13, 'attention_head_size': 2, 'learning_rate': 0.05469478693860379}. Best is trial 68 with value: 11.643933296203613.
LOCAL_RANK: 0 - CUDA_VISIBLE_DEVICES: [0]
[I 2023-11-30 08:31:04,723] Trial 113 finished with value: 21.303380966186523 and parameters: {'gradient_clip_val': 0.12311826071390565, 'hidden_size': 33, 'dropout': 0.32977321438065044, 'hidden_continuous_size': 12, 'attention_head_size': 2, 'learning_rate': 0.0659352256094139}. Best is trial 68 with value: 11.643933296203613.
LOCAL_RANK: 0 - CUDA_VISIBLE_DEVICES: [0]
[I 2023-11-30 08:31:16,792] Trial 114 finished with value: 17.771577835083008 and parameters: {'gradient_clip_val': 0.11597298093316247, 'hidden_size': 23, 'dropout': 0.2631163172567597, 'hidden_continuous_size': 10, 'attention_head_size': 2, 'learning_rate': 0.0487763904991396}. Best is trial 68 with value: 11.643933296203613.
LOCAL_RANK: 0 - CUDA_VISIBLE_DEVICES: [0]
[I 2023-11-30 08:31:29,331] Trial 115 finished with value: 15.875699043273926 and parameters: {'gradient_clip_val': 0.1445162797497566, 'hidden_size': 29, 'dropout': 0.3392212885700684, 'hidden_continuous_size': 14, 'attention_head_size': 2, 'learning_rate': 0.042706853991391985}. Best is trial 68 with value: 11.643933296203613.
LOCAL_RANK: 0 - CUDA_VISIBLE_DEVICES: [0]
[I 2023-11-30 08:31:41,817] Trial 116 finished with value: 18.19626808166504 and parameters: {'gradient_clip_val': 0.16158538269607212, 'hidden_size': 36, 'dropout': 0.31566013203687016, 'hidden_continuous_size': 15, 'attention_head_size': 3, 'learning_rate': 0.058102989630875464}. Best is trial 68 with value: 11.643933296203613.
LOCAL_RANK: 0 - CUDA_VISIBLE_DEVICES: [0]
[I 2023-11-30 08:31:54,214] Trial 117 finished with value: 17.99259376525879 and parameters: {'gradient_clip_val': 0.10845300180431351, 'hidden_size': 27, 'dropout': 0.32306924550981125, 'hidden_continuous_size': 13, 'attention_head_size': 2, 'learning_rate': 0.02592679797205757}. Best is trial 68 with value: 11.643933296203613.
LOCAL_RANK: 0 - CUDA_VISIBLE_DEVICES: [0]
[I 2023-11-30 08:32:06,937] Trial 118 finished with value: 17.634313583374023 and parameters: {'gradient_clip_val': 0.12935525486913568, 'hidden_size': 39, 'dropout': 0.33398624193999815, 'hidden_continuous_size': 17, 'attention_head_size': 3, 'learning_rate': 0.08307030398211496}. Best is trial 68 with value: 11.643933296203613.
LOCAL_RANK: 0 - CUDA_VISIBLE_DEVICES: [0]
[I 2023-11-30 08:32:19,633] Trial 119 finished with value: 16.332117080688477 and parameters: {'gradient_clip_val': 0.1839566062365143, 'hidden_size': 43, 'dropout': 0.2816010680154382, 'hidden_continuous_size': 21, 'attention_head_size': 3, 'learning_rate': 0.03847069642582567}. Best is trial 68 with value: 11.643933296203613.
LOCAL_RANK: 0 - CUDA_VISIBLE_DEVICES: [0]
[I 2023-11-30 08:32:31,958] Trial 120 finished with value: 16.211074829101562 and parameters: {'gradient_clip_val': 0.13968252933926578, 'hidden_size': 32, 'dropout': 0.35449386933448246, 'hidden_continuous_size': 12, 'attention_head_size': 2, 'learning_rate': 0.0646469399184643}. Best is trial 68 with value: 11.643933296203613.
LOCAL_RANK: 0 - CUDA_VISIBLE_DEVICES: [0]
[I 2023-11-30 08:32:44,342] Trial 121 finished with value: 17.943384170532227 and parameters: {'gradient_clip_val': 0.13289435575461764, 'hidden_size': 30, 'dropout': 0.32628490777887387, 'hidden_continuous_size': 13, 'attention_head_size': 2, 'learning_rate': 0.03081368120629551}. Best is trial 68 with value: 11.643933296203613.
LOCAL_RANK: 0 - CUDA_VISIBLE_DEVICES: [0]
[I 2023-11-30 08:32:56,311] Trial 122 finished with value: 17.11016845703125 and parameters: {'gradient_clip_val': 0.15140065579654324, 'hidden_size': 24, 'dropout': 0.3289776826214535, 'hidden_continuous_size': 13, 'attention_head_size': 2, 'learning_rate': 0.023782500423073054}. Best is trial 68 with value: 11.643933296203613.
LOCAL_RANK: 0 - CUDA_VISIBLE_DEVICES: [0]
[I 2023-11-30 08:33:08,983] Trial 123 finished with value: 14.863009452819824 and parameters: {'gradient_clip_val': 0.11795285943571317, 'hidden_size': 34, 'dropout': 0.3399942178425302, 'hidden_continuous_size': 14, 'attention_head_size': 2, 'learning_rate': 0.0208195912419833}. Best is trial 68 with value: 11.643933296203613.
LOCAL_RANK: 0 - CUDA_VISIBLE_DEVICES: [0]
[I 2023-11-30 08:33:21,171] Trial 124 finished with value: 17.54108238220215 and parameters: {'gradient_clip_val': 0.12692081657621584, 'hidden_size': 30, 'dropout': 0.2966419831658607, 'hidden_continuous_size': 12, 'attention_head_size': 2, 'learning_rate': 0.03412926575625968}. Best is trial 68 with value: 11.643933296203613.
LOCAL_RANK: 0 - CUDA_VISIBLE_DEVICES: [0]
[I 2023-11-30 08:33:33,269] Trial 125 finished with value: 18.20467185974121 and parameters: {'gradient_clip_val': 0.10098993962343461, 'hidden_size': 27, 'dropout': 0.31939506710011223, 'hidden_continuous_size': 11, 'attention_head_size': 2, 'learning_rate': 0.029456958231675545}. Best is trial 68 with value: 11.643933296203613.
LOCAL_RANK: 0 - CUDA_VISIBLE_DEVICES: [0]
[I 2023-11-30 08:33:45,759] Trial 126 finished with value: 17.259510040283203 and parameters: {'gradient_clip_val': 0.1345581497612522, 'hidden_size': 31, 'dropout': 0.3092659953790038, 'hidden_continuous_size': 14, 'attention_head_size': 3, 'learning_rate': 0.027753876050528085}. Best is trial 68 with value: 11.643933296203613.
LOCAL_RANK: 0 - CUDA_VISIBLE_DEVICES: [0]
[I 2023-11-30 08:33:58,404] Trial 127 finished with value: 17.269113540649414 and parameters: {'gradient_clip_val': 0.1636189779015428, 'hidden_size': 36, 'dropout': 0.30237399517145946, 'hidden_continuous_size': 15, 'attention_head_size': 2, 'learning_rate': 0.044092000183431485}. Best is trial 68 with value: 11.643933296203613.
LOCAL_RANK: 0 - CUDA_VISIBLE_DEVICES: [0]
[I 2023-11-30 08:34:10,325] Trial 128 finished with value: 15.240063667297363 and parameters: {'gradient_clip_val': 0.1431240266295086, 'hidden_size': 20, 'dropout': 0.3367636561430682, 'hidden_continuous_size': 13, 'attention_head_size': 3, 'learning_rate': 0.05266972169130143}. Best is trial 68 with value: 11.643933296203613.
LOCAL_RANK: 0 - CUDA_VISIBLE_DEVICES: [0]
[I 2023-11-30 08:34:22,832] Trial 129 finished with value: 17.956514358520508 and parameters: {'gradient_clip_val': 0.10933727523221501, 'hidden_size': 38, 'dropout': 0.28996065159009493, 'hidden_continuous_size': 11, 'attention_head_size': 2, 'learning_rate': 0.039495897796486094}. Best is trial 68 with value: 11.643933296203613.
LOCAL_RANK: 0 - CUDA_VISIBLE_DEVICES: [0]
[I 2023-11-30 08:34:35,187] Trial 130 finished with value: 14.795268058776855 and parameters: {'gradient_clip_val': 0.12050247802423436, 'hidden_size': 33, 'dropout': 0.2709546213203195, 'hidden_continuous_size': 12, 'attention_head_size': 1, 'learning_rate': 0.03185861544991192}. Best is trial 68 with value: 11.643933296203613.
LOCAL_RANK: 0 - CUDA_VISIBLE_DEVICES: [0]
[I 2023-11-30 08:34:47,335] Trial 131 finished with value: 18.90517234802246 and parameters: {'gradient_clip_val': 0.1253898713652208, 'hidden_size': 28, 'dropout': 0.3429639858802276, 'hidden_continuous_size': 13, 'attention_head_size': 2, 'learning_rate': 0.07234933097445297}. Best is trial 68 with value: 11.643933296203613.
LOCAL_RANK: 0 - CUDA_VISIBLE_DEVICES: [0]
[I 2023-11-30 08:34:59,491] Trial 132 finished with value: 21.884851455688477 and parameters: {'gradient_clip_val': 0.11309709647868481, 'hidden_size': 26, 'dropout': 0.35027667715842725, 'hidden_continuous_size': 13, 'attention_head_size': 2, 'learning_rate': 0.058556147037276976}. Best is trial 68 with value: 11.643933296203613.
LOCAL_RANK: 0 - CUDA_VISIBLE_DEVICES: [0]
[I 2023-11-30 08:35:11,813] Trial 133 finished with value: 16.173364639282227 and parameters: {'gradient_clip_val': 0.10427642522036781, 'hidden_size': 25, 'dropout': 0.3665648198691073, 'hidden_continuous_size': 13, 'attention_head_size': 2, 'learning_rate': 0.049998486302292894}. Best is trial 68 with value: 11.643933296203613.
LOCAL_RANK: 0 - CUDA_VISIBLE_DEVICES: [0]
[I 2023-11-30 08:35:23,724] Trial 134 finished with value: 17.101930618286133 and parameters: {'gradient_clip_val': 0.11583900009229994, 'hidden_size': 24, 'dropout': 0.32933042468026186, 'hidden_continuous_size': 10, 'attention_head_size': 2, 'learning_rate': 0.06289560329705329}. Best is trial 68 with value: 11.643933296203613.
LOCAL_RANK: 0 - CUDA_VISIBLE_DEVICES: [0]
[I 2023-11-30 08:35:35,906] Trial 135 finished with value: 16.798891067504883 and parameters: {'gradient_clip_val': 0.1569840620429034, 'hidden_size': 22, 'dropout': 0.33466899235745245, 'hidden_continuous_size': 13, 'attention_head_size': 2, 'learning_rate': 0.07374471142244027}. Best is trial 68 with value: 11.643933296203613.
LOCAL_RANK: 0 - CUDA_VISIBLE_DEVICES: [0]
[I 2023-11-30 08:35:48,288] Trial 136 finished with value: 16.087034225463867 and parameters: {'gradient_clip_val': 0.11179190717036987, 'hidden_size': 29, 'dropout': 0.32393041295214886, 'hidden_continuous_size': 14, 'attention_head_size': 3, 'learning_rate': 0.08867740553984176}. Best is trial 68 with value: 11.643933296203613.
LOCAL_RANK: 0 - CUDA_VISIBLE_DEVICES: [0]
[I 2023-11-30 08:36:00,982] Trial 137 finished with value: 15.897788047790527 and parameters: {'gradient_clip_val': 0.13818155756152117, 'hidden_size': 34, 'dropout': 0.34224345342771834, 'hidden_continuous_size': 28, 'attention_head_size': 2, 'learning_rate': 0.016607980300924162}. Best is trial 68 with value: 11.643933296203613.
LOCAL_RANK: 0 - CUDA_VISIBLE_DEVICES: [0]
[I 2023-11-30 08:36:13,288] Trial 138 finished with value: 16.18703842163086 and parameters: {'gradient_clip_val': 0.19228429708318973, 'hidden_size': 25, 'dropout': 0.3107338475848704, 'hidden_continuous_size': 16, 'attention_head_size': 2, 'learning_rate': 0.021970067009827517}. Best is trial 68 with value: 11.643933296203613.
LOCAL_RANK: 0 - CUDA_VISIBLE_DEVICES: [0]
[I 2023-11-30 08:36:25,544] Trial 139 finished with value: 15.29967975616455 and parameters: {'gradient_clip_val': 0.13158639399210698, 'hidden_size': 32, 'dropout': 0.3175699977746891, 'hidden_continuous_size': 18, 'attention_head_size': 3, 'learning_rate': 0.06756605214760629}. Best is trial 68 with value: 11.643933296203613.
LOCAL_RANK: 0 - CUDA_VISIBLE_DEVICES: [0]
[I 2023-11-30 08:36:37,924] Trial 140 finished with value: 16.75514030456543 and parameters: {'gradient_clip_val': 0.17478755027173332, 'hidden_size': 40, 'dropout': 0.24996457926168308, 'hidden_continuous_size': 12, 'attention_head_size': 3, 'learning_rate': 0.03642647850874638}. Best is trial 68 with value: 11.643933296203613.
LOCAL_RANK: 0 - CUDA_VISIBLE_DEVICES: [0]
[I 2023-11-30 08:36:50,162] Trial 141 finished with value: 18.23869514465332 and parameters: {'gradient_clip_val': 0.1677768519777785, 'hidden_size': 27, 'dropout': 0.30651224754976625, 'hidden_continuous_size': 11, 'attention_head_size': 2, 'learning_rate': 0.08057716347488353}. Best is trial 68 with value: 11.643933296203613.
LOCAL_RANK: 0 - CUDA_VISIBLE_DEVICES: [0]
[I 2023-11-30 08:37:02,208] Trial 142 finished with value: 19.99363899230957 and parameters: {'gradient_clip_val': 0.14772402466435902, 'hidden_size': 23, 'dropout': 0.2986050781051116, 'hidden_continuous_size': 11, 'attention_head_size': 2, 'learning_rate': 0.07282301440917062}. Best is trial 68 with value: 11.643933296203613.
LOCAL_RANK: 0 - CUDA_VISIBLE_DEVICES: [0]
[I 2023-11-30 08:37:14,366] Trial 143 finished with value: 19.841060638427734 and parameters: {'gradient_clip_val': 0.1793912798152247, 'hidden_size': 21, 'dropout': 0.3153055821632266, 'hidden_continuous_size': 10, 'attention_head_size': 2, 'learning_rate': 0.056097578538601256}. Best is trial 68 with value: 11.643933296203613.
LOCAL_RANK: 0 - CUDA_VISIBLE_DEVICES: [0]
[I 2023-11-30 08:37:26,717] Trial 144 finished with value: 17.65863609313965 and parameters: {'gradient_clip_val': 0.15715601046578767, 'hidden_size': 30, 'dropout': 0.32600618019611177, 'hidden_continuous_size': 12, 'attention_head_size': 2, 'learning_rate': 0.04618397851281423}. Best is trial 68 with value: 11.643933296203613.
LOCAL_RANK: 0 - CUDA_VISIBLE_DEVICES: [0]
[I 2023-11-30 08:37:38,736] Trial 145 finished with value: 17.307720184326172 and parameters: {'gradient_clip_val': 0.19839921544689046, 'hidden_size': 25, 'dropout': 0.3044710737434279, 'hidden_continuous_size': 11, 'attention_head_size': 2, 'learning_rate': 0.026552484562884896}. Best is trial 68 with value: 11.643933296203613.
LOCAL_RANK: 0 - CUDA_VISIBLE_DEVICES: [0]
[I 2023-11-30 08:37:51,257] Trial 146 finished with value: 19.27300453186035 and parameters: {'gradient_clip_val': 0.15108503472290472, 'hidden_size': 35, 'dropout': 0.2766502394590904, 'hidden_continuous_size': 14, 'attention_head_size': 2, 'learning_rate': 0.09082762060020541}. Best is trial 68 with value: 11.643933296203613.
LOCAL_RANK: 0 - CUDA_VISIBLE_DEVICES: [0]
[I 2023-11-30 08:38:03,697] Trial 147 finished with value: 19.925207138061523 and parameters: {'gradient_clip_val': 0.10858004687206918, 'hidden_size': 31, 'dropout': 0.34003662927007683, 'hidden_continuous_size': 15, 'attention_head_size': 3, 'learning_rate': 0.069724314338233}. Best is trial 68 with value: 11.643933296203613.
LOCAL_RANK: 0 - CUDA_VISIBLE_DEVICES: [0]
[I 2023-11-30 08:38:15,764] Trial 148 finished with value: 15.341963768005371 and parameters: {'gradient_clip_val': 0.16374726367679904, 'hidden_size': 28, 'dropout': 0.26202986848715537, 'hidden_continuous_size': 10, 'attention_head_size': 2, 'learning_rate': 0.0296230336794648}. Best is trial 68 with value: 11.643933296203613.
LOCAL_RANK: 0 - CUDA_VISIBLE_DEVICES: [0]
[I 2023-11-30 08:38:27,980] Trial 149 finished with value: 15.286311149597168 and parameters: {'gradient_clip_val': 0.12173699534918817, 'hidden_size': 26, 'dropout': 0.286429920094475, 'hidden_continuous_size': 13, 'attention_head_size': 2, 'learning_rate': 0.019607776564154085}. Best is trial 68 with value: 11.643933296203613.
[I 2023-11-30 08:38:28,090] A new study created in memory with name: no-name-6b0e8e5d-d707-40c7-a170-ec69b0d5be49
/home/le004/conda/anaconda3/envs/tsff_env/lib/python3.9/site-packages/lightning/fabric/plugins/environments/slurm.py:191: The `srun` command is available on your system but is not used. HINT: If your intention is to run Lightning on SLURM, prepend your python command with `srun` like so: srun python /home/le004/master_thesis/git/TSFusionForecast/code/ ...
LOCAL_RANK: 0 - CUDA_VISIBLE_DEVICES: [0]
[I 2023-11-30 08:38:40,266] Trial 0 finished with value: 1.316203236579895 and parameters: {'gradient_clip_val': 0.9812352611306102, 'hidden_size': 13, 'dropout': 0.2307500706097054, 'hidden_continuous_size': 11, 'attention_head_size': 4, 'learning_rate': 0.006734340980255812}. Best is trial 0 with value: 1.316203236579895.
LOCAL_RANK: 0 - CUDA_VISIBLE_DEVICES: [0]
[I 2023-11-30 08:38:52,127] Trial 1 finished with value: 0.37199345231056213 and parameters: {'gradient_clip_val': 0.554014543444057, 'hidden_size': 23, 'dropout': 0.20902114592796983, 'hidden_continuous_size': 11, 'attention_head_size': 1, 'learning_rate': 0.0955252335295271}. Best is trial 1 with value: 0.37199345231056213.
LOCAL_RANK: 0 - CUDA_VISIBLE_DEVICES: [0]
[I 2023-11-30 08:39:05,143] Trial 2 finished with value: 0.3496500551700592 and parameters: {'gradient_clip_val': 0.2066267998689815, 'hidden_size': 52, 'dropout': 0.37515626109887157, 'hidden_continuous_size': 38, 'attention_head_size': 2, 'learning_rate': 0.013944672840270496}. Best is trial 2 with value: 0.3496500551700592.
LOCAL_RANK: 0 - CUDA_VISIBLE_DEVICES: [0]
[I 2023-11-30 08:39:17,292] Trial 3 finished with value: 2.0375916957855225 and parameters: {'gradient_clip_val': 0.17248582255667588, 'hidden_size': 15, 'dropout': 0.13589643139645285, 'hidden_continuous_size': 13, 'attention_head_size': 1, 'learning_rate': 0.002196230098498752}. Best is trial 2 with value: 0.3496500551700592.
LOCAL_RANK: 0 - CUDA_VISIBLE_DEVICES: [0]
[I 2023-11-30 08:39:29,220] Trial 4 finished with value: 2.5316193103790283 and parameters: {'gradient_clip_val': 0.4940808994325712, 'hidden_size': 12, 'dropout': 0.37281762264980545, 'hidden_continuous_size': 11, 'attention_head_size': 2, 'learning_rate': 0.002728067927530214}. Best is trial 2 with value: 0.3496500551700592.
LOCAL_RANK: 0 - CUDA_VISIBLE_DEVICES: [0]
[I 2023-11-30 08:39:41,293] Trial 5 finished with value: 0.16512605547904968 and parameters: {'gradient_clip_val': 0.26757623068761904, 'hidden_size': 15, 'dropout': 0.21741643590616685, 'hidden_continuous_size': 10, 'attention_head_size': 4, 'learning_rate': 0.09112760328337138}. Best is trial 5 with value: 0.16512605547904968.
LOCAL_RANK: 0 - CUDA_VISIBLE_DEVICES: [0]
[I 2023-11-30 08:39:55,340] Trial 6 finished with value: 0.8807231783866882 and parameters: {'gradient_clip_val': 0.5695053296186066, 'hidden_size': 67, 'dropout': 0.28217625823153925, 'hidden_continuous_size': 66, 'attention_head_size': 4, 'learning_rate': 0.0021657657798055336}. Best is trial 5 with value: 0.16512605547904968.
LOCAL_RANK: 0 - CUDA_VISIBLE_DEVICES: [0]
[I 2023-11-30 08:40:07,939] Trial 7 finished with value: 0.29660335183143616 and parameters: {'gradient_clip_val': 0.11510642452350457, 'hidden_size': 27, 'dropout': 0.33991903606810253, 'hidden_continuous_size': 26, 'attention_head_size': 4, 'learning_rate': 0.032588800566755595}. Best is trial 5 with value: 0.16512605547904968.
LOCAL_RANK: 0 - CUDA_VISIBLE_DEVICES: [0]
[I 2023-11-30 08:40:20,264] Trial 8 finished with value: 1.705198884010315 and parameters: {'gradient_clip_val': 0.13549959423778762, 'hidden_size': 36, 'dropout': 0.10995327037349528, 'hidden_continuous_size': 10, 'attention_head_size': 1, 'learning_rate': 0.0018512350801619213}. Best is trial 5 with value: 0.16512605547904968.
LOCAL_RANK: 0 - CUDA_VISIBLE_DEVICES: [0]
[I 2023-11-30 08:40:34,152] Trial 9 finished with value: 0.17820830643177032 and parameters: {'gradient_clip_val': 0.18001026363848643, 'hidden_size': 95, 'dropout': 0.3629936639667294, 'hidden_continuous_size': 46, 'attention_head_size': 4, 'learning_rate': 0.02947624541007329}. Best is trial 5 with value: 0.16512605547904968.
LOCAL_RANK: 0 - CUDA_VISIBLE_DEVICES: [0]
[I 2023-11-30 08:40:44,563] Trial 10 finished with value: 0.2987440824508667 and parameters: {'gradient_clip_val': 0.27894734783069475, 'hidden_size': 10, 'dropout': 0.1836959407103099, 'hidden_continuous_size': 10, 'attention_head_size': 3, 'learning_rate': 0.0820044048243226}. Best is trial 5 with value: 0.16512605547904968.
LOCAL_RANK: 0 - CUDA_VISIBLE_DEVICES: [0]
