[I 2023-11-29 22:00:53,313] Trial 70 finished with value: 0.0873570665717125 and parameters: {'gradient_clip_val': 0.23287044175283922, 'hidden_size': 85, 'dropout': 0.17100315488253168, 'hidden_continuous_size': 38, 'attention_head_size': 2, 'learning_rate': 0.02270716125795333}. Best is trial 47 with value: 0.08031192421913147.
LOCAL_RANK: 0 - CUDA_VISIBLE_DEVICES: [0]
[I 2023-11-29 22:01:06,743] Trial 71 finished with value: 0.19965268671512604 and parameters: {'gradient_clip_val': 0.23870266811151952, 'hidden_size': 84, 'dropout': 0.16913979283773595, 'hidden_continuous_size': 43, 'attention_head_size': 2, 'learning_rate': 0.021266661749855694}. Best is trial 47 with value: 0.08031192421913147.
LOCAL_RANK: 0 - CUDA_VISIBLE_DEVICES: [0]
[I 2023-11-29 22:01:20,670] Trial 72 finished with value: 0.2718162536621094 and parameters: {'gradient_clip_val': 0.22369810268827225, 'hidden_size': 115, 'dropout': 0.17957539902613404, 'hidden_continuous_size': 38, 'attention_head_size': 2, 'learning_rate': 0.024627393179207566}. Best is trial 47 with value: 0.08031192421913147.
LOCAL_RANK: 0 - CUDA_VISIBLE_DEVICES: [0]
[I 2023-11-29 22:01:34,392] Trial 73 finished with value: 0.21183501183986664 and parameters: {'gradient_clip_val': 0.28117621531851344, 'hidden_size': 99, 'dropout': 0.20737392970766777, 'hidden_continuous_size': 35, 'attention_head_size': 2, 'learning_rate': 0.018800154281896336}. Best is trial 47 with value: 0.08031192421913147.
LOCAL_RANK: 0 - CUDA_VISIBLE_DEVICES: [0]
[I 2023-11-29 22:01:48,264] Trial 74 finished with value: 0.2119758576154709 and parameters: {'gradient_clip_val': 0.3076035316505483, 'hidden_size': 126, 'dropout': 0.1931286146454284, 'hidden_continuous_size': 38, 'attention_head_size': 2, 'learning_rate': 0.04066491018537787}. Best is trial 47 with value: 0.08031192421913147.
LOCAL_RANK: 0 - CUDA_VISIBLE_DEVICES: [0]
[I 2023-11-29 22:02:02,170] Trial 75 finished with value: 0.13622868061065674 and parameters: {'gradient_clip_val': 0.20278697936261786, 'hidden_size': 106, 'dropout': 0.1473177867063789, 'hidden_continuous_size': 32, 'attention_head_size': 2, 'learning_rate': 0.03438200238762496}. Best is trial 47 with value: 0.08031192421913147.
LOCAL_RANK: 0 - CUDA_VISIBLE_DEVICES: [0]
[I 2023-11-29 22:02:15,983] Trial 76 finished with value: 0.1875755786895752 and parameters: {'gradient_clip_val': 0.2326335437635423, 'hidden_size': 94, 'dropout': 0.1305461093986014, 'hidden_continuous_size': 41, 'attention_head_size': 2, 'learning_rate': 0.02745687631743903}. Best is trial 47 with value: 0.08031192421913147.
LOCAL_RANK: 0 - CUDA_VISIBLE_DEVICES: [0]
[I 2023-11-29 22:02:29,888] Trial 77 finished with value: 0.16165035963058472 and parameters: {'gradient_clip_val': 0.26116335760914205, 'hidden_size': 114, 'dropout': 0.1629973545416365, 'hidden_continuous_size': 44, 'attention_head_size': 2, 'learning_rate': 0.014154604512154181}. Best is trial 47 with value: 0.08031192421913147.
LOCAL_RANK: 0 - CUDA_VISIBLE_DEVICES: [0]
[I 2023-11-29 22:02:43,716] Trial 78 finished with value: 0.13696347177028656 and parameters: {'gradient_clip_val': 0.3405113425376749, 'hidden_size': 87, 'dropout': 0.24132902369556936, 'hidden_continuous_size': 51, 'attention_head_size': 3, 'learning_rate': 0.02265434856418975}. Best is trial 47 with value: 0.08031192421913147.
LOCAL_RANK: 0 - CUDA_VISIBLE_DEVICES: [0]
[I 2023-11-29 22:02:57,821] Trial 79 finished with value: 0.10475935786962509 and parameters: {'gradient_clip_val': 0.2469519845173107, 'hidden_size': 128, 'dropout': 0.21405342991048878, 'hidden_continuous_size': 39, 'attention_head_size': 3, 'learning_rate': 0.016791954395732233}. Best is trial 47 with value: 0.08031192421913147.
LOCAL_RANK: 0 - CUDA_VISIBLE_DEVICES: [0]
[I 2023-11-29 22:03:11,897] Trial 80 finished with value: 0.11054714769124985 and parameters: {'gradient_clip_val': 0.24633767377949167, 'hidden_size': 126, 'dropout': 0.21327683300823957, 'hidden_continuous_size': 46, 'attention_head_size': 3, 'learning_rate': 0.02021558764208954}. Best is trial 47 with value: 0.08031192421913147.
LOCAL_RANK: 0 - CUDA_VISIBLE_DEVICES: [0]
[I 2023-11-29 22:03:25,674] Trial 81 finished with value: 0.19852544367313385 and parameters: {'gradient_clip_val': 0.28646179781941883, 'hidden_size': 104, 'dropout': 0.22059313726172794, 'hidden_continuous_size': 39, 'attention_head_size': 3, 'learning_rate': 0.01716510172708271}. Best is trial 47 with value: 0.08031192421913147.
LOCAL_RANK: 0 - CUDA_VISIBLE_DEVICES: [0]
[I 2023-11-29 22:03:39,903] Trial 82 finished with value: 0.09912136197090149 and parameters: {'gradient_clip_val': 0.21634475368625858, 'hidden_size': 139, 'dropout': 0.1964188681509272, 'hidden_continuous_size': 36, 'attention_head_size': 3, 'learning_rate': 0.01243399646154775}. Best is trial 47 with value: 0.08031192421913147.
LOCAL_RANK: 0 - CUDA_VISIBLE_DEVICES: [0]
[I 2023-11-29 22:03:54,055] Trial 83 finished with value: 0.13960547745227814 and parameters: {'gradient_clip_val': 0.21115183505480323, 'hidden_size': 143, 'dropout': 0.2034564388407379, 'hidden_continuous_size': 36, 'attention_head_size': 3, 'learning_rate': 0.012629303143330798}. Best is trial 47 with value: 0.08031192421913147.
LOCAL_RANK: 0 - CUDA_VISIBLE_DEVICES: [0]
[I 2023-11-29 22:04:07,988] Trial 84 finished with value: 0.19301454722881317 and parameters: {'gradient_clip_val': 0.22751568055434931, 'hidden_size': 136, 'dropout': 0.19815498532816647, 'hidden_continuous_size': 33, 'attention_head_size': 3, 'learning_rate': 0.02331397878475519}. Best is trial 47 with value: 0.08031192421913147.
LOCAL_RANK: 0 - CUDA_VISIBLE_DEVICES: [0]
[I 2023-11-29 22:04:22,233] Trial 85 finished with value: 0.14659340679645538 and parameters: {'gradient_clip_val': 0.2457510902230737, 'hidden_size': 130, 'dropout': 0.1881748045761308, 'hidden_continuous_size': 29, 'attention_head_size': 3, 'learning_rate': 0.027715478550821286}. Best is trial 47 with value: 0.08031192421913147.
LOCAL_RANK: 0 - CUDA_VISIBLE_DEVICES: [0]
[I 2023-11-29 22:04:36,202] Trial 86 finished with value: 0.1378064751625061 and parameters: {'gradient_clip_val': 0.19538307625103074, 'hidden_size': 119, 'dropout': 0.21095130197079942, 'hidden_continuous_size': 37, 'attention_head_size': 3, 'learning_rate': 0.01185928404159541}. Best is trial 47 with value: 0.08031192421913147.
LOCAL_RANK: 0 - CUDA_VISIBLE_DEVICES: [0]
[I 2023-11-29 22:04:50,463] Trial 87 finished with value: 0.1393735557794571 and parameters: {'gradient_clip_val': 0.2163210767454299, 'hidden_size': 141, 'dropout': 0.2293456588733537, 'hidden_continuous_size': 52, 'attention_head_size': 3, 'learning_rate': 0.016758638933195083}. Best is trial 47 with value: 0.08031192421913147.
LOCAL_RANK: 0 - CUDA_VISIBLE_DEVICES: [0]
[I 2023-11-29 22:05:04,477] Trial 88 finished with value: 0.10434895753860474 and parameters: {'gradient_clip_val': 0.20646945253313626, 'hidden_size': 127, 'dropout': 0.18106889406294888, 'hidden_continuous_size': 44, 'attention_head_size': 3, 'learning_rate': 0.05713324036302401}. Best is trial 47 with value: 0.08031192421913147.
LOCAL_RANK: 0 - CUDA_VISIBLE_DEVICES: [0]
[I 2023-11-29 22:05:18,468] Trial 89 finished with value: 0.37842240929603577 and parameters: {'gradient_clip_val': 0.20104711827186622, 'hidden_size': 111, 'dropout': 0.1758729095443356, 'hidden_continuous_size': 55, 'attention_head_size': 3, 'learning_rate': 0.05756343253195671}. Best is trial 47 with value: 0.08031192421913147.
LOCAL_RANK: 0 - CUDA_VISIBLE_DEVICES: [0]
[I 2023-11-29 22:05:32,193] Trial 90 finished with value: 0.09464076906442642 and parameters: {'gradient_clip_val': 0.18174843251182857, 'hidden_size': 80, 'dropout': 0.18200485396633137, 'hidden_continuous_size': 44, 'attention_head_size': 3, 'learning_rate': 0.04544184413224039}. Best is trial 47 with value: 0.08031192421913147.
LOCAL_RANK: 0 - CUDA_VISIBLE_DEVICES: [0]
[I 2023-11-29 22:05:45,797] Trial 91 finished with value: 0.11805292963981628 and parameters: {'gradient_clip_val': 0.18634944738117645, 'hidden_size': 78, 'dropout': 0.1828183827566416, 'hidden_continuous_size': 45, 'attention_head_size': 3, 'learning_rate': 0.045013920222553995}. Best is trial 47 with value: 0.08031192421913147.
LOCAL_RANK: 0 - CUDA_VISIBLE_DEVICES: [0]
[I 2023-11-29 22:05:59,788] Trial 92 finished with value: 0.20557554066181183 and parameters: {'gradient_clip_val': 0.17046809227051957, 'hidden_size': 95, 'dropout': 0.17049019102702817, 'hidden_continuous_size': 43, 'attention_head_size': 3, 'learning_rate': 0.03625531847359011}. Best is trial 47 with value: 0.08031192421913147.
LOCAL_RANK: 0 - CUDA_VISIBLE_DEVICES: [0]
[I 2023-11-29 22:06:14,058] Trial 93 finished with value: 0.16588976979255676 and parameters: {'gradient_clip_val': 0.20461762780759774, 'hidden_size': 118, 'dropout': 0.1982779902832524, 'hidden_continuous_size': 41, 'attention_head_size': 3, 'learning_rate': 0.052759338801048404}. Best is trial 47 with value: 0.08031192421913147.
LOCAL_RANK: 0 - CUDA_VISIBLE_DEVICES: [0]
[I 2023-11-29 22:06:27,667] Trial 94 finished with value: 0.1044371947646141 and parameters: {'gradient_clip_val': 0.22131083732150977, 'hidden_size': 69, 'dropout': 0.19191044439622845, 'hidden_continuous_size': 49, 'attention_head_size': 3, 'learning_rate': 0.04553024760646882}. Best is trial 47 with value: 0.08031192421913147.
LOCAL_RANK: 0 - CUDA_VISIBLE_DEVICES: [0]
[I 2023-11-29 22:06:41,321] Trial 95 finished with value: 0.07832308858633041 and parameters: {'gradient_clip_val': 0.22085489296447583, 'hidden_size': 70, 'dropout': 0.18808177026171208, 'hidden_continuous_size': 49, 'attention_head_size': 3, 'learning_rate': 0.047042303904151136}. Best is trial 95 with value: 0.07832308858633041.
LOCAL_RANK: 0 - CUDA_VISIBLE_DEVICES: [0]
[I 2023-11-29 22:06:55,202] Trial 96 finished with value: 0.09906282275915146 and parameters: {'gradient_clip_val': 0.23101313257848874, 'hidden_size': 99, 'dropout': 0.18247961897948997, 'hidden_continuous_size': 58, 'attention_head_size': 3, 'learning_rate': 0.061060126306957084}. Best is trial 95 with value: 0.07832308858633041.
LOCAL_RANK: 0 - CUDA_VISIBLE_DEVICES: [0]
[I 2023-11-29 22:07:09,004] Trial 97 finished with value: 0.1328640729188919 and parameters: {'gradient_clip_val': 0.2635685280613252, 'hidden_size': 99, 'dropout': 0.18617809075676778, 'hidden_continuous_size': 57, 'attention_head_size': 3, 'learning_rate': 0.06678405635934893}. Best is trial 95 with value: 0.07832308858633041.
LOCAL_RANK: 0 - CUDA_VISIBLE_DEVICES: [0]
[I 2023-11-29 22:07:22,752] Trial 98 finished with value: 0.12111473083496094 and parameters: {'gradient_clip_val': 0.23290028573563135, 'hidden_size': 89, 'dropout': 0.17591192979678302, 'hidden_continuous_size': 59, 'attention_head_size': 3, 'learning_rate': 0.04938749989142468}. Best is trial 95 with value: 0.07832308858633041.
LOCAL_RANK: 0 - CUDA_VISIBLE_DEVICES: [0]
[I 2023-11-29 22:07:36,358] Trial 99 finished with value: 0.11753033846616745 and parameters: {'gradient_clip_val': 0.2236981946481688, 'hidden_size': 80, 'dropout': 0.20597980175600522, 'hidden_continuous_size': 50, 'attention_head_size': 3, 'learning_rate': 0.03056621877292236}. Best is trial 95 with value: 0.07832308858633041.
LOCAL_RANK: 0 - CUDA_VISIBLE_DEVICES: [0]
[I 2023-11-29 22:07:50,199] Trial 100 finished with value: 0.1335696280002594 and parameters: {'gradient_clip_val': 0.18059116426971455, 'hidden_size': 74, 'dropout': 0.16533905483391848, 'hidden_continuous_size': 47, 'attention_head_size': 3, 'learning_rate': 0.08581278230466338}. Best is trial 95 with value: 0.07832308858633041.
LOCAL_RANK: 0 - CUDA_VISIBLE_DEVICES: [0]
[I 2023-11-29 22:08:04,047] Trial 101 finished with value: 0.12042554467916489 and parameters: {'gradient_clip_val': 0.20542173112980167, 'hidden_size': 124, 'dropout': 0.1836226194242261, 'hidden_continuous_size': 36, 'attention_head_size': 3, 'learning_rate': 0.06048490250308109}. Best is trial 95 with value: 0.07832308858633041.
LOCAL_RANK: 0 - CUDA_VISIBLE_DEVICES: [0]
[I 2023-11-29 22:08:17,936] Trial 102 finished with value: 0.137286975979805 and parameters: {'gradient_clip_val': 0.2125199313542866, 'hidden_size': 109, 'dropout': 0.1964840608476641, 'hidden_continuous_size': 44, 'attention_head_size': 3, 'learning_rate': 0.04245557164024879}. Best is trial 95 with value: 0.07832308858633041.
LOCAL_RANK: 0 - CUDA_VISIBLE_DEVICES: [0]
[I 2023-11-29 22:08:32,222] Trial 103 finished with value: 0.2227589339017868 and parameters: {'gradient_clip_val': 0.23928523911373953, 'hidden_size': 141, 'dropout': 0.15831114201730487, 'hidden_continuous_size': 54, 'attention_head_size': 3, 'learning_rate': 0.05568151123797177}. Best is trial 95 with value: 0.07832308858633041.
LOCAL_RANK: 0 - CUDA_VISIBLE_DEVICES: [0]
[I 2023-11-29 22:08:46,019] Trial 104 finished with value: 0.11677449941635132 and parameters: {'gradient_clip_val': 0.25491558072653053, 'hidden_size': 102, 'dropout': 0.179548549640054, 'hidden_continuous_size': 40, 'attention_head_size': 3, 'learning_rate': 0.06314315898974643}. Best is trial 95 with value: 0.07832308858633041.
LOCAL_RANK: 0 - CUDA_VISIBLE_DEVICES: [0]
[I 2023-11-29 22:09:00,149] Trial 105 finished with value: 0.2585137188434601 and parameters: {'gradient_clip_val': 0.1922301104098484, 'hidden_size': 113, 'dropout': 0.19159989140113112, 'hidden_continuous_size': 48, 'attention_head_size': 3, 'learning_rate': 0.049370612422727146}. Best is trial 95 with value: 0.07832308858633041.
LOCAL_RANK: 0 - CUDA_VISIBLE_DEVICES: [0]
[I 2023-11-29 22:09:14,148] Trial 106 finished with value: 0.09808752685785294 and parameters: {'gradient_clip_val': 0.26762602379080425, 'hidden_size': 93, 'dropout': 0.17863260033187567, 'hidden_continuous_size': 65, 'attention_head_size': 3, 'learning_rate': 0.03561592710377267}. Best is trial 95 with value: 0.07832308858633041.
LOCAL_RANK: 0 - CUDA_VISIBLE_DEVICES: [0]
[I 2023-11-29 22:09:28,004] Trial 107 finished with value: 0.09264454990625381 and parameters: {'gradient_clip_val': 0.31136175908643576, 'hidden_size': 91, 'dropout': 0.16710984745838695, 'hidden_continuous_size': 65, 'attention_head_size': 2, 'learning_rate': 0.03786286293060023}. Best is trial 95 with value: 0.07832308858633041.
LOCAL_RANK: 0 - CUDA_VISIBLE_DEVICES: [0]
[I 2023-11-29 22:09:41,728] Trial 108 finished with value: 0.18804754316806793 and parameters: {'gradient_clip_val': 0.3158222251134702, 'hidden_size': 93, 'dropout': 0.16861642805420324, 'hidden_continuous_size': 64, 'attention_head_size': 2, 'learning_rate': 0.03774592581117752}. Best is trial 95 with value: 0.07832308858633041.
LOCAL_RANK: 0 - CUDA_VISIBLE_DEVICES: [0]
[I 2023-11-29 22:09:55,736] Trial 109 finished with value: 0.11342925578355789 and parameters: {'gradient_clip_val': 0.295641028702558, 'hidden_size': 83, 'dropout': 0.1587593108257644, 'hidden_continuous_size': 58, 'attention_head_size': 2, 'learning_rate': 0.031760912269066195}. Best is trial 95 with value: 0.07832308858633041.
LOCAL_RANK: 0 - CUDA_VISIBLE_DEVICES: [0]
[I 2023-11-29 22:10:09,455] Trial 110 finished with value: 0.08765534311532974 and parameters: {'gradient_clip_val': 0.2711706198707213, 'hidden_size': 76, 'dropout': 0.17646830491272175, 'hidden_continuous_size': 56, 'attention_head_size': 2, 'learning_rate': 0.03442997391339921}. Best is trial 95 with value: 0.07832308858633041.
LOCAL_RANK: 0 - CUDA_VISIBLE_DEVICES: [0]
[I 2023-11-29 22:10:23,425] Trial 111 finished with value: 0.1296796053647995 and parameters: {'gradient_clip_val': 0.2672923337249295, 'hidden_size': 77, 'dropout': 0.17336121434068405, 'hidden_continuous_size': 66, 'attention_head_size': 2, 'learning_rate': 0.0365952000928487}. Best is trial 95 with value: 0.07832308858633041.
LOCAL_RANK: 0 - CUDA_VISIBLE_DEVICES: [0]
[I 2023-11-29 22:10:37,151] Trial 112 finished with value: 0.11136225610971451 and parameters: {'gradient_clip_val': 0.27052937035384217, 'hidden_size': 88, 'dropout': 0.16720638763969914, 'hidden_continuous_size': 53, 'attention_head_size': 2, 'learning_rate': 0.033178621989260915}. Best is trial 95 with value: 0.07832308858633041.
LOCAL_RANK: 0 - CUDA_VISIBLE_DEVICES: [0]
[I 2023-11-29 22:10:50,827] Trial 113 finished with value: 0.10539427399635315 and parameters: {'gradient_clip_val': 0.32524958847652313, 'hidden_size': 67, 'dropout': 0.17450825529884853, 'hidden_continuous_size': 56, 'attention_head_size': 2, 'learning_rate': 0.040694077679403674}. Best is trial 95 with value: 0.07832308858633041.
LOCAL_RANK: 0 - CUDA_VISIBLE_DEVICES: [0]
[I 2023-11-29 22:11:04,529] Trial 114 finished with value: 0.08386874198913574 and parameters: {'gradient_clip_val': 0.30206237987053863, 'hidden_size': 72, 'dropout': 0.14475834698368595, 'hidden_continuous_size': 60, 'attention_head_size': 2, 'learning_rate': 0.025722325163317527}. Best is trial 95 with value: 0.07832308858633041.
LOCAL_RANK: 0 - CUDA_VISIBLE_DEVICES: [0]
[I 2023-11-29 22:11:18,155] Trial 115 finished with value: 0.12655209004878998 and parameters: {'gradient_clip_val': 0.30312250558810233, 'hidden_size': 62, 'dropout': 0.14409957011346533, 'hidden_continuous_size': 55, 'attention_head_size': 2, 'learning_rate': 0.02875745457837527}. Best is trial 95 with value: 0.07832308858633041.
LOCAL_RANK: 0 - CUDA_VISIBLE_DEVICES: [0]
[I 2023-11-29 22:11:31,785] Trial 116 finished with value: 0.09885654598474503 and parameters: {'gradient_clip_val': 0.28726169027609233, 'hidden_size': 72, 'dropout': 0.1531164182927662, 'hidden_continuous_size': 60, 'attention_head_size': 2, 'learning_rate': 0.026026083261838386}. Best is trial 95 with value: 0.07832308858633041.
LOCAL_RANK: 0 - CUDA_VISIBLE_DEVICES: [0]
[I 2023-11-29 22:11:45,206] Trial 117 finished with value: 0.13195526599884033 and parameters: {'gradient_clip_val': 0.27976030986041517, 'hidden_size': 72, 'dropout': 0.1523700001349017, 'hidden_continuous_size': 63, 'attention_head_size': 2, 'learning_rate': 0.026901398378564815}. Best is trial 95 with value: 0.07832308858633041.
LOCAL_RANK: 0 - CUDA_VISIBLE_DEVICES: [0]
[I 2023-11-29 22:11:59,031] Trial 118 finished with value: 0.10747978836297989 and parameters: {'gradient_clip_val': 0.3483177418805183, 'hidden_size': 75, 'dropout': 0.13937474818460455, 'hidden_continuous_size': 60, 'attention_head_size': 2, 'learning_rate': 0.025742599189412713}. Best is trial 95 with value: 0.07832308858633041.
LOCAL_RANK: 0 - CUDA_VISIBLE_DEVICES: [0]
[I 2023-11-29 22:12:12,886] Trial 119 finished with value: 0.16745318472385406 and parameters: {'gradient_clip_val': 0.2982614062254505, 'hidden_size': 82, 'dropout': 0.1613409874063908, 'hidden_continuous_size': 67, 'attention_head_size': 2, 'learning_rate': 0.023712780347064692}. Best is trial 95 with value: 0.07832308858633041.
LOCAL_RANK: 0 - CUDA_VISIBLE_DEVICES: [0]
[I 2023-11-29 22:12:26,561] Trial 120 finished with value: 0.128616064786911 and parameters: {'gradient_clip_val': 0.3228247190451403, 'hidden_size': 70, 'dropout': 0.15550460102117672, 'hidden_continuous_size': 50, 'attention_head_size': 2, 'learning_rate': 0.03416893634735731}. Best is trial 95 with value: 0.07832308858633041.
LOCAL_RANK: 0 - CUDA_VISIBLE_DEVICES: [0]
[I 2023-11-29 22:12:40,345] Trial 121 finished with value: 0.09275756031274796 and parameters: {'gradient_clip_val': 0.2832318541887717, 'hidden_size': 87, 'dropout': 0.15070321407324966, 'hidden_continuous_size': 61, 'attention_head_size': 2, 'learning_rate': 0.019786978581537436}. Best is trial 95 with value: 0.07832308858633041.
LOCAL_RANK: 0 - CUDA_VISIBLE_DEVICES: [0]
[I 2023-11-29 22:12:53,751] Trial 122 finished with value: 0.1046954020857811 and parameters: {'gradient_clip_val': 0.2858451708955724, 'hidden_size': 64, 'dropout': 0.1453649089115529, 'hidden_continuous_size': 56, 'attention_head_size': 2, 'learning_rate': 0.020862807593685875}. Best is trial 95 with value: 0.07832308858633041.
LOCAL_RANK: 0 - CUDA_VISIBLE_DEVICES: [0]
[I 2023-11-29 22:13:07,524] Trial 123 finished with value: 0.14731910824775696 and parameters: {'gradient_clip_val': 0.3101421606243683, 'hidden_size': 79, 'dropout': 0.14841092709015208, 'hidden_continuous_size': 62, 'attention_head_size': 2, 'learning_rate': 0.0305742307687497}. Best is trial 95 with value: 0.07832308858633041.
LOCAL_RANK: 0 - CUDA_VISIBLE_DEVICES: [0]
[I 2023-11-29 22:13:21,454] Trial 124 finished with value: 0.10599955171346664 and parameters: {'gradient_clip_val': 0.2548284606309697, 'hidden_size': 86, 'dropout': 0.16168479916224499, 'hidden_continuous_size': 72, 'attention_head_size': 2, 'learning_rate': 0.01939146025684948}. Best is trial 95 with value: 0.07832308858633041.
LOCAL_RANK: 0 - CUDA_VISIBLE_DEVICES: [0]
[I 2023-11-29 22:13:35,338] Trial 125 finished with value: 0.11181352287530899 and parameters: {'gradient_clip_val': 0.2775248654378053, 'hidden_size': 74, 'dropout': 0.1356342660114692, 'hidden_continuous_size': 60, 'attention_head_size': 2, 'learning_rate': 0.02441624874616954}. Best is trial 95 with value: 0.07832308858633041.
LOCAL_RANK: 0 - CUDA_VISIBLE_DEVICES: [0]
[I 2023-11-29 22:13:49,399] Trial 126 finished with value: 0.1226624846458435 and parameters: {'gradient_clip_val': 0.2929881800405231, 'hidden_size': 92, 'dropout': 0.12888872089767406, 'hidden_continuous_size': 73, 'attention_head_size': 2, 'learning_rate': 0.021813315590125396}. Best is trial 95 with value: 0.07832308858633041.
LOCAL_RANK: 0 - CUDA_VISIBLE_DEVICES: [0]
[I 2023-11-29 22:14:02,809] Trial 127 finished with value: 0.1735406070947647 and parameters: {'gradient_clip_val': 0.24542854623823823, 'hidden_size': 58, 'dropout': 0.15376071670905161, 'hidden_continuous_size': 52, 'attention_head_size': 2, 'learning_rate': 0.027264829541849854}. Best is trial 95 with value: 0.07832308858633041.
LOCAL_RANK: 0 - CUDA_VISIBLE_DEVICES: [0]
