[I 2023-11-30 05:46:52,963] Trial 102 finished with value: 0.20144778490066528 and parameters: {'gradient_clip_val': 0.852707412372415, 'hidden_size': 17, 'dropout': 0.200157985770473, 'hidden_continuous_size': 15, 'attention_head_size': 3, 'learning_rate': 0.09052535355941388}. Best is trial 12 with value: 0.09004301577806473.
LOCAL_RANK: 0 - CUDA_VISIBLE_DEVICES: [0]
[I 2023-11-30 05:47:05,187] Trial 103 finished with value: 0.17972320318222046 and parameters: {'gradient_clip_val': 0.8674641300597687, 'hidden_size': 22, 'dropout': 0.1966932359583495, 'hidden_continuous_size': 16, 'attention_head_size': 3, 'learning_rate': 0.0780289659685565}. Best is trial 12 with value: 0.09004301577806473.
LOCAL_RANK: 0 - CUDA_VISIBLE_DEVICES: [0]
[I 2023-11-30 05:47:17,442] Trial 104 finished with value: 0.2479279488325119 and parameters: {'gradient_clip_val': 0.9962244319992418, 'hidden_size': 21, 'dropout': 0.1811170403750567, 'hidden_continuous_size': 10, 'attention_head_size': 3, 'learning_rate': 0.07134179847806596}. Best is trial 12 with value: 0.09004301577806473.
LOCAL_RANK: 0 - CUDA_VISIBLE_DEVICES: [0]
[I 2023-11-30 05:47:29,652] Trial 105 finished with value: 0.17280812561511993 and parameters: {'gradient_clip_val': 0.7645718376038507, 'hidden_size': 26, 'dropout': 0.1897604261012309, 'hidden_continuous_size': 18, 'attention_head_size': 3, 'learning_rate': 0.08386299174155329}. Best is trial 12 with value: 0.09004301577806473.
LOCAL_RANK: 0 - CUDA_VISIBLE_DEVICES: [0]
[I 2023-11-30 05:47:41,741] Trial 106 finished with value: 0.1297825127840042 and parameters: {'gradient_clip_val': 0.6746297644603299, 'hidden_size': 18, 'dropout': 0.2189602124833247, 'hidden_continuous_size': 16, 'attention_head_size': 2, 'learning_rate': 0.06409769375079317}. Best is trial 12 with value: 0.09004301577806473.
LOCAL_RANK: 0 - CUDA_VISIBLE_DEVICES: [0]
[I 2023-11-30 05:47:53,681] Trial 107 finished with value: 0.20798246562480927 and parameters: {'gradient_clip_val': 0.5937662006199453, 'hidden_size': 16, 'dropout': 0.22150331177274743, 'hidden_continuous_size': 15, 'attention_head_size': 2, 'learning_rate': 0.060258343282004925}. Best is trial 12 with value: 0.09004301577806473.
LOCAL_RANK: 0 - CUDA_VISIBLE_DEVICES: [0]
[I 2023-11-30 05:48:05,651] Trial 108 finished with value: 0.25921690464019775 and parameters: {'gradient_clip_val': 0.6785348220222113, 'hidden_size': 18, 'dropout': 0.20630220746189615, 'hidden_continuous_size': 12, 'attention_head_size': 2, 'learning_rate': 0.06512697939552765}. Best is trial 12 with value: 0.09004301577806473.
LOCAL_RANK: 0 - CUDA_VISIBLE_DEVICES: [0]
[I 2023-11-30 05:48:18,011] Trial 109 finished with value: 0.19784249365329742 and parameters: {'gradient_clip_val': 0.6411686484054095, 'hidden_size': 19, 'dropout': 0.24498457429182677, 'hidden_continuous_size': 16, 'attention_head_size': 2, 'learning_rate': 0.09331017910098728}. Best is trial 12 with value: 0.09004301577806473.
LOCAL_RANK: 0 - CUDA_VISIBLE_DEVICES: [0]
[I 2023-11-30 05:48:30,043] Trial 110 finished with value: 0.1886635273694992 and parameters: {'gradient_clip_val': 0.7967025546032712, 'hidden_size': 15, 'dropout': 0.21832103315047158, 'hidden_continuous_size': 14, 'attention_head_size': 2, 'learning_rate': 0.04567702676928111}. Best is trial 12 with value: 0.09004301577806473.
LOCAL_RANK: 0 - CUDA_VISIBLE_DEVICES: [0]
[I 2023-11-30 05:48:42,136] Trial 111 finished with value: 0.163719043135643 and parameters: {'gradient_clip_val': 0.8481966632010696, 'hidden_size': 22, 'dropout': 0.2098779355102904, 'hidden_continuous_size': 16, 'attention_head_size': 3, 'learning_rate': 0.08148965758896856}. Best is trial 12 with value: 0.09004301577806473.
LOCAL_RANK: 0 - CUDA_VISIBLE_DEVICES: [0]
[I 2023-11-30 05:48:54,412] Trial 112 finished with value: 0.2093927413225174 and parameters: {'gradient_clip_val': 0.9040832119805414, 'hidden_size': 23, 'dropout': 0.19920854809300748, 'hidden_continuous_size': 16, 'attention_head_size': 2, 'learning_rate': 0.06897137827031542}. Best is trial 12 with value: 0.09004301577806473.
LOCAL_RANK: 0 - CUDA_VISIBLE_DEVICES: [0]
[I 2023-11-30 05:49:06,408] Trial 113 finished with value: 0.18150834739208221 and parameters: {'gradient_clip_val': 0.734905251733129, 'hidden_size': 20, 'dropout': 0.22769054254729407, 'hidden_continuous_size': 15, 'attention_head_size': 1, 'learning_rate': 0.07439884201303651}. Best is trial 12 with value: 0.09004301577806473.
LOCAL_RANK: 0 - CUDA_VISIBLE_DEVICES: [0]
[I 2023-11-30 05:49:18,906] Trial 114 finished with value: 0.1984085887670517 and parameters: {'gradient_clip_val': 0.8044276962973657, 'hidden_size': 25, 'dropout': 0.18651857888519335, 'hidden_continuous_size': 17, 'attention_head_size': 3, 'learning_rate': 0.05646798289370174}. Best is trial 12 with value: 0.09004301577806473.
LOCAL_RANK: 0 - CUDA_VISIBLE_DEVICES: [0]
[I 2023-11-30 05:49:31,089] Trial 115 finished with value: 0.11746267229318619 and parameters: {'gradient_clip_val': 0.6816024807113547, 'hidden_size': 21, 'dropout': 0.2344588279670208, 'hidden_continuous_size': 13, 'attention_head_size': 2, 'learning_rate': 0.09169604546754542}. Best is trial 12 with value: 0.09004301577806473.
LOCAL_RANK: 0 - CUDA_VISIBLE_DEVICES: [0]
[I 2023-11-30 05:49:43,410] Trial 116 finished with value: 0.18416757881641388 and parameters: {'gradient_clip_val': 0.6739251436290817, 'hidden_size': 29, 'dropout': 0.23050168798169376, 'hidden_continuous_size': 13, 'attention_head_size': 2, 'learning_rate': 0.0993848551302504}. Best is trial 12 with value: 0.09004301577806473.
LOCAL_RANK: 0 - CUDA_VISIBLE_DEVICES: [0]
[I 2023-11-30 05:49:55,528] Trial 117 finished with value: 0.20662201941013336 and parameters: {'gradient_clip_val': 0.7150736585442725, 'hidden_size': 24, 'dropout': 0.23618442114692934, 'hidden_continuous_size': 20, 'attention_head_size': 2, 'learning_rate': 0.09080947143477125}. Best is trial 12 with value: 0.09004301577806473.
LOCAL_RANK: 0 - CUDA_VISIBLE_DEVICES: [0]
[I 2023-11-30 05:50:07,515] Trial 118 finished with value: 0.2899363338947296 and parameters: {'gradient_clip_val': 0.6147618581821385, 'hidden_size': 21, 'dropout': 0.21616773372288856, 'hidden_continuous_size': 13, 'attention_head_size': 2, 'learning_rate': 0.06621238176729952}. Best is trial 12 with value: 0.09004301577806473.
LOCAL_RANK: 0 - CUDA_VISIBLE_DEVICES: [0]
[I 2023-11-30 05:50:19,869] Trial 119 finished with value: 0.1697232574224472 and parameters: {'gradient_clip_val': 0.5856215182153427, 'hidden_size': 18, 'dropout': 0.22299939778965502, 'hidden_continuous_size': 12, 'attention_head_size': 2, 'learning_rate': 0.049917500194220484}. Best is trial 12 with value: 0.09004301577806473.
LOCAL_RANK: 0 - CUDA_VISIBLE_DEVICES: [0]
[I 2023-11-30 05:50:32,148] Trial 120 finished with value: 0.17948828637599945 and parameters: {'gradient_clip_val': 0.7537536749861109, 'hidden_size': 27, 'dropout': 0.2507163187290442, 'hidden_continuous_size': 14, 'attention_head_size': 2, 'learning_rate': 0.08401627024806307}. Best is trial 12 with value: 0.09004301577806473.
LOCAL_RANK: 0 - CUDA_VISIBLE_DEVICES: [0]
[I 2023-11-30 05:50:44,383] Trial 121 finished with value: 0.19686000049114227 and parameters: {'gradient_clip_val': 0.8794839191319829, 'hidden_size': 22, 'dropout': 0.2100798459996569, 'hidden_continuous_size': 17, 'attention_head_size': 3, 'learning_rate': 0.08052669499991144}. Best is trial 12 with value: 0.09004301577806473.
LOCAL_RANK: 0 - CUDA_VISIBLE_DEVICES: [0]
[I 2023-11-30 05:50:56,367] Trial 122 finished with value: 0.15235693752765656 and parameters: {'gradient_clip_val': 0.7738431181882927, 'hidden_size': 20, 'dropout': 0.19825436115479864, 'hidden_continuous_size': 15, 'attention_head_size': 4, 'learning_rate': 0.07368884575270492}. Best is trial 12 with value: 0.09004301577806473.
LOCAL_RANK: 0 - CUDA_VISIBLE_DEVICES: [0]
[I 2023-11-30 05:51:08,765] Trial 123 finished with value: 0.12606599926948547 and parameters: {'gradient_clip_val': 0.7003640888496049, 'hidden_size': 19, 'dropout': 0.17171717773605538, 'hidden_continuous_size': 16, 'attention_head_size': 2, 'learning_rate': 0.09106935095452541}. Best is trial 12 with value: 0.09004301577806473.
LOCAL_RANK: 0 - CUDA_VISIBLE_DEVICES: [0]
[I 2023-11-30 05:51:20,703] Trial 124 finished with value: 0.21077923476696014 and parameters: {'gradient_clip_val': 0.6596994871683302, 'hidden_size': 19, 'dropout': 0.1576113354538076, 'hidden_continuous_size': 11, 'attention_head_size': 2, 'learning_rate': 0.08814761482091474}. Best is trial 12 with value: 0.09004301577806473.
LOCAL_RANK: 0 - CUDA_VISIBLE_DEVICES: [0]
[I 2023-11-30 05:51:32,973] Trial 125 finished with value: 0.12170267850160599 and parameters: {'gradient_clip_val': 0.69021390784932, 'hidden_size': 17, 'dropout': 0.17237310022125102, 'hidden_continuous_size': 13, 'attention_head_size': 2, 'learning_rate': 0.09447720113430037}. Best is trial 12 with value: 0.09004301577806473.
LOCAL_RANK: 0 - CUDA_VISIBLE_DEVICES: [0]
[I 2023-11-30 05:51:45,020] Trial 126 finished with value: 0.2176646739244461 and parameters: {'gradient_clip_val': 0.5553129179675551, 'hidden_size': 19, 'dropout': 0.17414657146333903, 'hidden_continuous_size': 13, 'attention_head_size': 2, 'learning_rate': 0.09216350002016384}. Best is trial 12 with value: 0.09004301577806473.
LOCAL_RANK: 0 - CUDA_VISIBLE_DEVICES: [0]
[I 2023-11-30 05:51:57,178] Trial 127 finished with value: 0.12582515180110931 and parameters: {'gradient_clip_val': 0.7069858214857251, 'hidden_size': 16, 'dropout': 0.16319341161798417, 'hidden_continuous_size': 13, 'attention_head_size': 2, 'learning_rate': 0.0997212459042778}. Best is trial 12 with value: 0.09004301577806473.
LOCAL_RANK: 0 - CUDA_VISIBLE_DEVICES: [0]
[I 2023-11-30 05:52:09,445] Trial 128 finished with value: 0.16558903455734253 and parameters: {'gradient_clip_val': 0.6350165939228358, 'hidden_size': 16, 'dropout': 0.16269462302213233, 'hidden_continuous_size': 13, 'attention_head_size': 2, 'learning_rate': 0.09959682755767654}. Best is trial 12 with value: 0.09004301577806473.
LOCAL_RANK: 0 - CUDA_VISIBLE_DEVICES: [0]
[I 2023-11-30 05:52:21,533] Trial 129 finished with value: 0.15238092839717865 and parameters: {'gradient_clip_val': 0.7075898083003483, 'hidden_size': 17, 'dropout': 0.1676642291117393, 'hidden_continuous_size': 13, 'attention_head_size': 2, 'learning_rate': 0.09075960264196807}. Best is trial 12 with value: 0.09004301577806473.
LOCAL_RANK: 0 - CUDA_VISIBLE_DEVICES: [0]
[I 2023-11-30 05:52:33,214] Trial 130 finished with value: 0.22341077029705048 and parameters: {'gradient_clip_val': 0.8269781240264934, 'hidden_size': 16, 'dropout': 0.17576032330871796, 'hidden_continuous_size': 13, 'attention_head_size': 2, 'learning_rate': 0.07168778008830178}. Best is trial 12 with value: 0.09004301577806473.
LOCAL_RANK: 0 - CUDA_VISIBLE_DEVICES: [0]
[I 2023-11-30 05:52:45,284] Trial 131 finished with value: 0.2385757714509964 and parameters: {'gradient_clip_val': 0.6997161559203412, 'hidden_size': 15, 'dropout': 0.14999339443090057, 'hidden_continuous_size': 14, 'attention_head_size': 2, 'learning_rate': 0.08338554516501719}. Best is trial 12 with value: 0.09004301577806473.
LOCAL_RANK: 0 - CUDA_VISIBLE_DEVICES: [0]
[I 2023-11-30 05:52:57,514] Trial 132 finished with value: 0.19094158709049225 and parameters: {'gradient_clip_val': 0.7535619851817016, 'hidden_size': 18, 'dropout': 0.15493616186290182, 'hidden_continuous_size': 16, 'attention_head_size': 2, 'learning_rate': 0.09217272114058345}. Best is trial 12 with value: 0.09004301577806473.
LOCAL_RANK: 0 - CUDA_VISIBLE_DEVICES: [0]
[I 2023-11-30 05:53:09,485] Trial 133 finished with value: 0.33504387736320496 and parameters: {'gradient_clip_val': 0.6531205292150231, 'hidden_size': 17, 'dropout': 0.16687065805165613, 'hidden_continuous_size': 12, 'attention_head_size': 2, 'learning_rate': 0.06187944793864366}. Best is trial 12 with value: 0.09004301577806473.
LOCAL_RANK: 0 - CUDA_VISIBLE_DEVICES: [0]
[I 2023-11-30 05:53:21,781] Trial 134 finished with value: 0.13723012804985046 and parameters: {'gradient_clip_val': 0.9248306138879355, 'hidden_size': 20, 'dropout': 0.1737071800584753, 'hidden_continuous_size': 15, 'attention_head_size': 2, 'learning_rate': 0.09810451796576083}. Best is trial 12 with value: 0.09004301577806473.
LOCAL_RANK: 0 - CUDA_VISIBLE_DEVICES: [0]
[I 2023-11-30 05:53:33,860] Trial 135 finished with value: 0.1662861704826355 and parameters: {'gradient_clip_val': 0.6080802517587196, 'hidden_size': 18, 'dropout': 0.1815390901610789, 'hidden_continuous_size': 16, 'attention_head_size': 2, 'learning_rate': 0.07635475680847327}. Best is trial 12 with value: 0.09004301577806473.
LOCAL_RANK: 0 - CUDA_VISIBLE_DEVICES: [0]
[I 2023-11-30 05:53:44,303] Trial 136 finished with value: 0.2731945812702179 and parameters: {'gradient_clip_val': 0.5258246838615028, 'hidden_size': 13, 'dropout': 0.16890246841947779, 'hidden_continuous_size': 13, 'attention_head_size': 2, 'learning_rate': 0.06850193378338143}. Best is trial 12 with value: 0.09004301577806473.
LOCAL_RANK: 0 - CUDA_VISIBLE_DEVICES: [0]
[I 2023-11-30 05:53:56,340] Trial 137 finished with value: 0.2312738448381424 and parameters: {'gradient_clip_val': 0.7897512554184659, 'hidden_size': 14, 'dropout': 0.14359990297936942, 'hidden_continuous_size': 13, 'attention_head_size': 2, 'learning_rate': 0.08419232603486197}. Best is trial 12 with value: 0.09004301577806473.
LOCAL_RANK: 0 - CUDA_VISIBLE_DEVICES: [0]
[I 2023-11-30 05:54:08,387] Trial 138 finished with value: 0.42496243119239807 and parameters: {'gradient_clip_val': 0.7282980423624335, 'hidden_size': 21, 'dropout': 0.19185129839440293, 'hidden_continuous_size': 11, 'attention_head_size': 2, 'learning_rate': 0.02549032574874158}. Best is trial 12 with value: 0.09004301577806473.
LOCAL_RANK: 0 - CUDA_VISIBLE_DEVICES: [0]
[I 2023-11-30 05:54:20,676] Trial 139 finished with value: 0.28084614872932434 and parameters: {'gradient_clip_val': 0.41225646624540707, 'hidden_size': 19, 'dropout': 0.16089372253339454, 'hidden_continuous_size': 10, 'attention_head_size': 2, 'learning_rate': 0.09968644552320174}. Best is trial 12 with value: 0.09004301577806473.
LOCAL_RANK: 0 - CUDA_VISIBLE_DEVICES: [0]
[I 2023-11-30 05:54:32,824] Trial 140 finished with value: 0.17082341015338898 and parameters: {'gradient_clip_val': 0.4726808463202367, 'hidden_size': 23, 'dropout': 0.15648422465958478, 'hidden_continuous_size': 19, 'attention_head_size': 2, 'learning_rate': 0.07607801736730935}. Best is trial 12 with value: 0.09004301577806473.
LOCAL_RANK: 0 - CUDA_VISIBLE_DEVICES: [0]
[I 2023-11-30 05:54:44,949] Trial 141 finished with value: 0.15816400945186615 and parameters: {'gradient_clip_val': 0.6822918697660529, 'hidden_size': 24, 'dropout': 0.22761497262522948, 'hidden_continuous_size': 17, 'attention_head_size': 2, 'learning_rate': 0.08432132892189283}. Best is trial 12 with value: 0.09004301577806473.
LOCAL_RANK: 0 - CUDA_VISIBLE_DEVICES: [0]
[I 2023-11-30 05:54:57,384] Trial 142 finished with value: 0.18236692249774933 and parameters: {'gradient_clip_val': 0.6870349660767586, 'hidden_size': 25, 'dropout': 0.18222651707996587, 'hidden_continuous_size': 15, 'attention_head_size': 4, 'learning_rate': 0.06561128277885721}. Best is trial 12 with value: 0.09004301577806473.
LOCAL_RANK: 0 - CUDA_VISIBLE_DEVICES: [0]
[I 2023-11-30 05:55:09,328] Trial 143 finished with value: 0.1801379770040512 and parameters: {'gradient_clip_val': 0.6285608355292804, 'hidden_size': 21, 'dropout': 0.24180777598257733, 'hidden_continuous_size': 14, 'attention_head_size': 2, 'learning_rate': 0.08839354224369217}. Best is trial 12 with value: 0.09004301577806473.
LOCAL_RANK: 0 - CUDA_VISIBLE_DEVICES: [0]
[I 2023-11-30 05:55:21,970] Trial 144 finished with value: 0.37355080246925354 and parameters: {'gradient_clip_val': 0.5671560116638275, 'hidden_size': 27, 'dropout': 0.234504189092477, 'hidden_continuous_size': 18, 'attention_head_size': 4, 'learning_rate': 0.01524630684324783}. Best is trial 12 with value: 0.09004301577806473.
LOCAL_RANK: 0 - CUDA_VISIBLE_DEVICES: [0]
[I 2023-11-30 05:55:33,993] Trial 145 finished with value: 0.20593351125717163 and parameters: {'gradient_clip_val': 0.8270427228487298, 'hidden_size': 23, 'dropout': 0.21946064955463662, 'hidden_continuous_size': 15, 'attention_head_size': 2, 'learning_rate': 0.060163030002931855}. Best is trial 12 with value: 0.09004301577806473.
LOCAL_RANK: 0 - CUDA_VISIBLE_DEVICES: [0]
[I 2023-11-30 05:55:46,016] Trial 146 finished with value: 0.24492965638637543 and parameters: {'gradient_clip_val': 0.7376450584746855, 'hidden_size': 20, 'dropout': 0.2047486717829402, 'hidden_continuous_size': 11, 'attention_head_size': 2, 'learning_rate': 0.07690852906906283}. Best is trial 12 with value: 0.09004301577806473.
LOCAL_RANK: 0 - CUDA_VISIBLE_DEVICES: [0]
[I 2023-11-30 05:55:58,412] Trial 147 finished with value: 0.36038127541542053 and parameters: {'gradient_clip_val': 0.8562940160269641, 'hidden_size': 29, 'dropout': 0.18685238553403746, 'hidden_continuous_size': 12, 'attention_head_size': 3, 'learning_rate': 0.05434853657846719}. Best is trial 12 with value: 0.09004301577806473.
LOCAL_RANK: 0 - CUDA_VISIBLE_DEVICES: [0]
[I 2023-11-30 05:56:10,828] Trial 148 finished with value: 0.23460589349269867 and parameters: {'gradient_clip_val': 0.9481281084344881, 'hidden_size': 17, 'dropout': 0.21541453840395772, 'hidden_continuous_size': 16, 'attention_head_size': 2, 'learning_rate': 0.07134842555713199}. Best is trial 12 with value: 0.09004301577806473.
LOCAL_RANK: 0 - CUDA_VISIBLE_DEVICES: [0]
[I 2023-11-30 05:56:21,552] Trial 149 finished with value: 0.22283415496349335 and parameters: {'gradient_clip_val': 0.3449073130012824, 'hidden_size': 26, 'dropout': 0.17814937553096982, 'hidden_continuous_size': 26, 'attention_head_size': 4, 'learning_rate': 0.09983756786296583}. Best is trial 12 with value: 0.09004301577806473.
[I 2023-11-30 05:56:21,663] A new study created in memory with name: no-name-2f4999e3-42ba-4d79-a4c1-6ff4da7ef6de
/home/le004/conda/anaconda3/envs/tsff_env/lib/python3.9/site-packages/lightning/fabric/plugins/environments/slurm.py:191: The `srun` command is available on your system but is not used. HINT: If your intention is to run Lightning on SLURM, prepend your python command with `srun` like so: srun python /home/le004/master_thesis/git/TSFusionForecast/code/ ...
LOCAL_RANK: 0 - CUDA_VISIBLE_DEVICES: [0]
[I 2023-11-30 05:56:34,092] Trial 0 finished with value: 1.4288302659988403 and parameters: {'gradient_clip_val': 0.817754347841839, 'hidden_size': 27, 'dropout': 0.3751730291001557, 'hidden_continuous_size': 22, 'attention_head_size': 1, 'learning_rate': 0.00346459005061975}. Best is trial 0 with value: 1.4288302659988403.
LOCAL_RANK: 0 - CUDA_VISIBLE_DEVICES: [0]
[I 2023-11-30 05:56:46,280] Trial 1 finished with value: 1.4032474756240845 and parameters: {'gradient_clip_val': 0.16292145978732814, 'hidden_size': 13, 'dropout': 0.19132153945113645, 'hidden_continuous_size': 12, 'attention_head_size': 4, 'learning_rate': 0.004946252993592508}. Best is trial 1 with value: 1.4032474756240845.
LOCAL_RANK: 0 - CUDA_VISIBLE_DEVICES: [0]
[I 2023-11-30 05:56:58,254] Trial 2 finished with value: 2.0590708255767822 and parameters: {'gradient_clip_val': 0.1518179572779735, 'hidden_size': 13, 'dropout': 0.2338524882301599, 'hidden_continuous_size': 11, 'attention_head_size': 4, 'learning_rate': 0.0010706042456309728}. Best is trial 1 with value: 1.4032474756240845.
LOCAL_RANK: 0 - CUDA_VISIBLE_DEVICES: [0]
[I 2023-11-30 05:57:12,422] Trial 3 finished with value: 0.15145571529865265 and parameters: {'gradient_clip_val': 0.9217926613544931, 'hidden_size': 144, 'dropout': 0.3999395170162834, 'hidden_continuous_size': 52, 'attention_head_size': 3, 'learning_rate': 0.026379746141984756}. Best is trial 3 with value: 0.15145571529865265.
LOCAL_RANK: 0 - CUDA_VISIBLE_DEVICES: [0]
[I 2023-11-30 05:57:25,946] Trial 4 finished with value: 0.09106600284576416 and parameters: {'gradient_clip_val': 0.2256051679105571, 'hidden_size': 80, 'dropout': 0.3766217970097916, 'hidden_continuous_size': 37, 'attention_head_size': 4, 'learning_rate': 0.032644219340725755}. Best is trial 4 with value: 0.09106600284576416.
LOCAL_RANK: 0 - CUDA_VISIBLE_DEVICES: [0]
[I 2023-11-30 05:57:38,272] Trial 5 finished with value: 0.22336030006408691 and parameters: {'gradient_clip_val': 0.6470888140840996, 'hidden_size': 19, 'dropout': 0.1434813337047653, 'hidden_continuous_size': 15, 'attention_head_size': 4, 'learning_rate': 0.03447460538125472}. Best is trial 4 with value: 0.09106600284576416.
LOCAL_RANK: 0 - CUDA_VISIBLE_DEVICES: [0]
[I 2023-11-30 05:57:52,388] Trial 6 finished with value: 0.18621450662612915 and parameters: {'gradient_clip_val': 0.36010486834083977, 'hidden_size': 133, 'dropout': 0.365417492807934, 'hidden_continuous_size': 60, 'attention_head_size': 3, 'learning_rate': 0.05187000689427523}. Best is trial 4 with value: 0.09106600284576416.
LOCAL_RANK: 0 - CUDA_VISIBLE_DEVICES: [0]
[I 2023-11-30 05:58:04,484] Trial 7 finished with value: 0.19946879148483276 and parameters: {'gradient_clip_val': 0.2559735198860833, 'hidden_size': 14, 'dropout': 0.21786406713583248, 'hidden_continuous_size': 11, 'attention_head_size': 3, 'learning_rate': 0.08468286963532573}. Best is trial 4 with value: 0.09106600284576416.
LOCAL_RANK: 0 - CUDA_VISIBLE_DEVICES: [0]
[I 2023-11-30 05:58:18,731] Trial 8 finished with value: 0.3998219668865204 and parameters: {'gradient_clip_val': 0.6269502061904524, 'hidden_size': 112, 'dropout': 0.24237156208591618, 'hidden_continuous_size': 105, 'attention_head_size': 2, 'learning_rate': 0.0014394218280403943}. Best is trial 4 with value: 0.09106600284576416.
LOCAL_RANK: 0 - CUDA_VISIBLE_DEVICES: [0]
