[I 2023-11-30 01:36:56,076] Trial 149 finished with value: 0.09695261716842651 and parameters: {'gradient_clip_val': 0.28123852660239945, 'hidden_size': 83, 'dropout': 0.23556408894095754, 'hidden_continuous_size': 29, 'attention_head_size': 2, 'learning_rate': 0.059264188752055476}. Best is trial 66 with value: 0.09242397546768188.
[I 2023-11-30 01:36:56,188] A new study created in memory with name: no-name-045f276f-55ff-4d04-ae98-ac39ea03c2b8
/home/le004/conda/anaconda3/envs/tsff_env/lib/python3.9/site-packages/lightning/fabric/plugins/environments/slurm.py:191: The `srun` command is available on your system but is not used. HINT: If your intention is to run Lightning on SLURM, prepend your python command with `srun` like so: srun python /home/le004/master_thesis/git/TSFusionForecast/code/ ...
LOCAL_RANK: 0 - CUDA_VISIBLE_DEVICES: [0]
[I 2023-11-30 01:37:09,557] Trial 0 finished with value: 0.4755140244960785 and parameters: {'gradient_clip_val': 0.8758915123953006, 'hidden_size': 82, 'dropout': 0.3635909324471792, 'hidden_continuous_size': 31, 'attention_head_size': 3, 'learning_rate': 0.0035262512187711026}. Best is trial 0 with value: 0.4755140244960785.
LOCAL_RANK: 0 - CUDA_VISIBLE_DEVICES: [0]
[I 2023-11-30 01:37:22,447] Trial 1 finished with value: 0.6110432744026184 and parameters: {'gradient_clip_val': 0.1356258859251613, 'hidden_size': 56, 'dropout': 0.27690580951980925, 'hidden_continuous_size': 17, 'attention_head_size': 3, 'learning_rate': 0.004530275828130974}. Best is trial 0 with value: 0.4755140244960785.
LOCAL_RANK: 0 - CUDA_VISIBLE_DEVICES: [0]
[I 2023-11-30 01:37:33,434] Trial 2 finished with value: 1.7233470678329468 and parameters: {'gradient_clip_val': 0.6819199483225511, 'hidden_size': 10, 'dropout': 0.26187008793353467, 'hidden_continuous_size': 10, 'attention_head_size': 4, 'learning_rate': 0.007585771913461096}. Best is trial 0 with value: 0.4755140244960785.
LOCAL_RANK: 0 - CUDA_VISIBLE_DEVICES: [0]
[I 2023-11-30 01:37:46,519] Trial 3 finished with value: 0.4874136447906494 and parameters: {'gradient_clip_val': 0.1890504850773774, 'hidden_size': 80, 'dropout': 0.3181037895032146, 'hidden_continuous_size': 10, 'attention_head_size': 2, 'learning_rate': 0.01189615692853473}. Best is trial 0 with value: 0.4755140244960785.
LOCAL_RANK: 0 - CUDA_VISIBLE_DEVICES: [0]
[I 2023-11-30 01:37:56,841] Trial 4 finished with value: 1.6062101125717163 and parameters: {'gradient_clip_val': 0.1810932215480934, 'hidden_size': 11, 'dropout': 0.2780803850493525, 'hidden_continuous_size': 11, 'attention_head_size': 3, 'learning_rate': 0.005098673556236504}. Best is trial 0 with value: 0.4755140244960785.
LOCAL_RANK: 0 - CUDA_VISIBLE_DEVICES: [0]
[I 2023-11-30 01:38:09,914] Trial 5 finished with value: 0.11883176118135452 and parameters: {'gradient_clip_val': 0.8222979614742632, 'hidden_size': 60, 'dropout': 0.19445048599240117, 'hidden_continuous_size': 33, 'attention_head_size': 1, 'learning_rate': 0.01687663314752498}. Best is trial 5 with value: 0.11883176118135452.
LOCAL_RANK: 0 - CUDA_VISIBLE_DEVICES: [0]
[I 2023-11-30 01:38:22,065] Trial 6 finished with value: 1.2981923818588257 and parameters: {'gradient_clip_val': 0.4061786787254957, 'hidden_size': 22, 'dropout': 0.3548921670443743, 'hidden_continuous_size': 17, 'attention_head_size': 1, 'learning_rate': 0.0018605334182644872}. Best is trial 5 with value: 0.11883176118135452.
LOCAL_RANK: 0 - CUDA_VISIBLE_DEVICES: [0]
[I 2023-11-30 01:38:34,600] Trial 7 finished with value: 0.16622446477413177 and parameters: {'gradient_clip_val': 0.20792235608685944, 'hidden_size': 42, 'dropout': 0.3459396770456734, 'hidden_continuous_size': 14, 'attention_head_size': 2, 'learning_rate': 0.028207593105761073}. Best is trial 5 with value: 0.11883176118135452.
LOCAL_RANK: 0 - CUDA_VISIBLE_DEVICES: [0]
[I 2023-11-30 01:38:47,055] Trial 8 finished with value: 0.3783731758594513 and parameters: {'gradient_clip_val': 0.3072495551982128, 'hidden_size': 30, 'dropout': 0.19809569212046496, 'hidden_continuous_size': 13, 'attention_head_size': 2, 'learning_rate': 0.00974501632490378}. Best is trial 5 with value: 0.11883176118135452.
LOCAL_RANK: 0 - CUDA_VISIBLE_DEVICES: [0]
[I 2023-11-30 01:39:00,486] Trial 9 finished with value: 0.3996456563472748 and parameters: {'gradient_clip_val': 0.14685942042712102, 'hidden_size': 54, 'dropout': 0.3914943335812836, 'hidden_continuous_size': 36, 'attention_head_size': 3, 'learning_rate': 0.007342478445088348}. Best is trial 5 with value: 0.11883176118135452.
LOCAL_RANK: 0 - CUDA_VISIBLE_DEVICES: [0]
[I 2023-11-30 01:39:14,913] Trial 10 finished with value: 0.21594922244548798 and parameters: {'gradient_clip_val': 0.5580239773037742, 'hidden_size': 139, 'dropout': 0.11347325830345427, 'hidden_continuous_size': 99, 'attention_head_size': 1, 'learning_rate': 0.08757900548507015}. Best is trial 5 with value: 0.11883176118135452.
LOCAL_RANK: 0 - CUDA_VISIBLE_DEVICES: [0]
[I 2023-11-30 01:39:27,353] Trial 11 finished with value: 0.6079760193824768 and parameters: {'gradient_clip_val': 0.9209875474321305, 'hidden_size': 36, 'dropout': 0.21160242485974434, 'hidden_continuous_size': 14, 'attention_head_size': 1, 'learning_rate': 0.024007671151733974}. Best is trial 5 with value: 0.11883176118135452.
LOCAL_RANK: 0 - CUDA_VISIBLE_DEVICES: [0]
[I 2023-11-30 01:39:39,620] Trial 12 finished with value: 0.1747196465730667 and parameters: {'gradient_clip_val': 0.25247428900713403, 'hidden_size': 26, 'dropout': 0.20178594718981635, 'hidden_continuous_size': 15, 'attention_head_size': 2, 'learning_rate': 0.024369124112874337}. Best is trial 5 with value: 0.11883176118135452.
LOCAL_RANK: 0 - CUDA_VISIBLE_DEVICES: [0]
[I 2023-11-30 01:39:52,525] Trial 13 finished with value: 0.38368597626686096 and parameters: {'gradient_clip_val': 0.4621243748691639, 'hidden_size': 46, 'dropout': 0.32140337670615293, 'hidden_continuous_size': 22, 'attention_head_size': 1, 'learning_rate': 0.022915747093809686}. Best is trial 5 with value: 0.11883176118135452.
LOCAL_RANK: 0 - CUDA_VISIBLE_DEVICES: [0]
[I 2023-11-30 01:40:05,795] Trial 14 finished with value: 0.12362875789403915 and parameters: {'gradient_clip_val': 0.10188089829770168, 'hidden_size': 75, 'dropout': 0.3970068635856988, 'hidden_continuous_size': 23, 'attention_head_size': 2, 'learning_rate': 0.04509341507626945}. Best is trial 5 with value: 0.11883176118135452.
LOCAL_RANK: 0 - CUDA_VISIBLE_DEVICES: [0]
[I 2023-11-30 01:40:19,632] Trial 15 finished with value: 0.19687420129776 and parameters: {'gradient_clip_val': 0.10307271872302579, 'hidden_size': 86, 'dropout': 0.15183912106410244, 'hidden_continuous_size': 43, 'attention_head_size': 1, 'learning_rate': 0.06414995941527651}. Best is trial 5 with value: 0.11883176118135452.
LOCAL_RANK: 0 - CUDA_VISIBLE_DEVICES: [0]
[I 2023-11-30 01:40:33,840] Trial 16 finished with value: 0.18618667125701904 and parameters: {'gradient_clip_val': 0.3665156536489698, 'hidden_size': 146, 'dropout': 0.3920621243739721, 'hidden_continuous_size': 52, 'attention_head_size': 2, 'learning_rate': 0.045814447179594105}. Best is trial 5 with value: 0.11883176118135452.
LOCAL_RANK: 0 - CUDA_VISIBLE_DEVICES: [0]
[I 2023-11-30 01:40:47,295] Trial 17 finished with value: 0.23712240159511566 and parameters: {'gradient_clip_val': 0.33155303210856585, 'hidden_size': 65, 'dropout': 0.23769453819911407, 'hidden_continuous_size': 23, 'attention_head_size': 4, 'learning_rate': 0.04395091812987714}. Best is trial 5 with value: 0.11883176118135452.
LOCAL_RANK: 0 - CUDA_VISIBLE_DEVICES: [0]
[I 2023-11-30 01:41:00,695] Trial 18 finished with value: 0.15673023462295532 and parameters: {'gradient_clip_val': 0.26982432824573305, 'hidden_size': 95, 'dropout': 0.3015076140192757, 'hidden_continuous_size': 25, 'attention_head_size': 1, 'learning_rate': 0.013539442862182838}. Best is trial 5 with value: 0.11883176118135452.
LOCAL_RANK: 0 - CUDA_VISIBLE_DEVICES: [0]
[I 2023-11-30 01:41:13,960] Trial 19 finished with value: 0.1317271739244461 and parameters: {'gradient_clip_val': 0.5380571947419747, 'hidden_size': 64, 'dropout': 0.2396878804483438, 'hidden_continuous_size': 20, 'attention_head_size': 2, 'learning_rate': 0.016235739078806117}. Best is trial 5 with value: 0.11883176118135452.
LOCAL_RANK: 0 - CUDA_VISIBLE_DEVICES: [0]
[I 2023-11-30 01:41:27,738] Trial 20 finished with value: 0.18211448192596436 and parameters: {'gradient_clip_val': 0.10560119127420693, 'hidden_size': 111, 'dropout': 0.16420814919067814, 'hidden_continuous_size': 29, 'attention_head_size': 1, 'learning_rate': 0.08877791153456968}. Best is trial 5 with value: 0.11883176118135452.
LOCAL_RANK: 0 - CUDA_VISIBLE_DEVICES: [0]
[I 2023-11-30 01:41:40,891] Trial 21 finished with value: 0.13387252390384674 and parameters: {'gradient_clip_val': 0.674115286807042, 'hidden_size': 66, 'dropout': 0.24572321415096957, 'hidden_continuous_size': 19, 'attention_head_size': 2, 'learning_rate': 0.01671307821627504}. Best is trial 5 with value: 0.11883176118135452.
LOCAL_RANK: 0 - CUDA_VISIBLE_DEVICES: [0]
[I 2023-11-30 01:41:54,068] Trial 22 finished with value: 0.2965543270111084 and parameters: {'gradient_clip_val': 0.4758951409800528, 'hidden_size': 61, 'dropout': 0.2326450801454431, 'hidden_continuous_size': 20, 'attention_head_size': 2, 'learning_rate': 0.03559402772601756}. Best is trial 5 with value: 0.11883176118135452.
LOCAL_RANK: 0 - CUDA_VISIBLE_DEVICES: [0]
[I 2023-11-30 01:42:07,784] Trial 23 finished with value: 0.10811516642570496 and parameters: {'gradient_clip_val': 0.7122490517835545, 'hidden_size': 103, 'dropout': 0.2946307806699783, 'hidden_continuous_size': 26, 'attention_head_size': 2, 'learning_rate': 0.01780250211449383}. Best is trial 23 with value: 0.10811516642570496.
LOCAL_RANK: 0 - CUDA_VISIBLE_DEVICES: [0]
[I 2023-11-30 01:42:21,756] Trial 24 finished with value: 0.1090070903301239 and parameters: {'gradient_clip_val': 0.7408079341119884, 'hidden_size': 110, 'dropout': 0.293496895798364, 'hidden_continuous_size': 26, 'attention_head_size': 3, 'learning_rate': 0.03568621735478027}. Best is trial 23 with value: 0.10811516642570496.
LOCAL_RANK: 0 - CUDA_VISIBLE_DEVICES: [0]
[I 2023-11-30 01:42:35,591] Trial 25 finished with value: 0.6636397242546082 and parameters: {'gradient_clip_val': 0.8349889543820288, 'hidden_size': 104, 'dropout': 0.2989684055012666, 'hidden_continuous_size': 28, 'attention_head_size': 3, 'learning_rate': 0.02050905970233491}. Best is trial 23 with value: 0.10811516642570496.
LOCAL_RANK: 0 - CUDA_VISIBLE_DEVICES: [0]
[I 2023-11-30 01:42:49,681] Trial 26 finished with value: 0.14632348716259003 and parameters: {'gradient_clip_val': 0.9554634306637314, 'hidden_size': 117, 'dropout': 0.27148258889088595, 'hidden_continuous_size': 36, 'attention_head_size': 4, 'learning_rate': 0.031069101200353114}. Best is trial 23 with value: 0.10811516642570496.
LOCAL_RANK: 0 - CUDA_VISIBLE_DEVICES: [0]
[I 2023-11-30 01:43:03,552] Trial 27 finished with value: 0.10079840570688248 and parameters: {'gradient_clip_val': 0.746068411947757, 'hidden_size': 128, 'dropout': 0.2895375986721293, 'hidden_continuous_size': 43, 'attention_head_size': 3, 'learning_rate': 0.01730792563081086}. Best is trial 27 with value: 0.10079840570688248.
LOCAL_RANK: 0 - CUDA_VISIBLE_DEVICES: [0]
[I 2023-11-30 01:43:17,646] Trial 28 finished with value: 0.37291452288627625 and parameters: {'gradient_clip_val': 0.692476093774573, 'hidden_size': 129, 'dropout': 0.2995732027396965, 'hidden_continuous_size': 50, 'attention_head_size': 3, 'learning_rate': 0.010274723190983787}. Best is trial 27 with value: 0.10079840570688248.
LOCAL_RANK: 0 - CUDA_VISIBLE_DEVICES: [0]
[I 2023-11-30 01:43:31,549] Trial 29 finished with value: 0.19720309972763062 and parameters: {'gradient_clip_val': 0.7453268320550361, 'hidden_size': 99, 'dropout': 0.3446987094648106, 'hidden_continuous_size': 28, 'attention_head_size': 3, 'learning_rate': 0.01865223972480533}. Best is trial 27 with value: 0.10079840570688248.
LOCAL_RANK: 0 - CUDA_VISIBLE_DEVICES: [0]
[I 2023-11-30 01:43:46,016] Trial 30 finished with value: 0.5338215827941895 and parameters: {'gradient_clip_val': 0.6045943377214562, 'hidden_size': 146, 'dropout': 0.32658758469863824, 'hidden_continuous_size': 64, 'attention_head_size': 4, 'learning_rate': 0.0010069224310525263}. Best is trial 27 with value: 0.10079840570688248.
LOCAL_RANK: 0 - CUDA_VISIBLE_DEVICES: [0]
[I 2023-11-30 01:43:59,724] Trial 31 finished with value: 0.1325794756412506 and parameters: {'gradient_clip_val': 0.8201273099803583, 'hidden_size': 112, 'dropout': 0.28473076840429884, 'hidden_continuous_size': 32, 'attention_head_size': 3, 'learning_rate': 0.014509510551254793}. Best is trial 27 with value: 0.10079840570688248.
LOCAL_RANK: 0 - CUDA_VISIBLE_DEVICES: [0]
[I 2023-11-30 01:44:13,043] Trial 32 finished with value: 0.1323619931936264 and parameters: {'gradient_clip_val': 0.9745864652570321, 'hidden_size': 88, 'dropout': 0.25970851662810474, 'hidden_continuous_size': 31, 'attention_head_size': 3, 'learning_rate': 0.018720116824618716}. Best is trial 27 with value: 0.10079840570688248.
LOCAL_RANK: 0 - CUDA_VISIBLE_DEVICES: [0]
[I 2023-11-30 01:44:26,998] Trial 33 finished with value: 0.3017108142375946 and parameters: {'gradient_clip_val': 0.7999771075082711, 'hidden_size': 122, 'dropout': 0.28693375925281794, 'hidden_continuous_size': 26, 'attention_head_size': 3, 'learning_rate': 0.03148969085860143}. Best is trial 27 with value: 0.10079840570688248.
LOCAL_RANK: 0 - CUDA_VISIBLE_DEVICES: [0]
[I 2023-11-30 01:44:40,606] Trial 34 finished with value: 0.11305296421051025 and parameters: {'gradient_clip_val': 0.627405230381024, 'hidden_size': 76, 'dropout': 0.2626948082358556, 'hidden_continuous_size': 34, 'attention_head_size': 4, 'learning_rate': 0.014559671612394827}. Best is trial 27 with value: 0.10079840570688248.
LOCAL_RANK: 0 - CUDA_VISIBLE_DEVICES: [0]
[I 2023-11-30 01:44:53,908] Trial 35 finished with value: 0.24195337295532227 and parameters: {'gradient_clip_val': 0.6318534483019701, 'hidden_size': 76, 'dropout': 0.26063871601258926, 'hidden_continuous_size': 26, 'attention_head_size': 4, 'learning_rate': 0.012199392767818519}. Best is trial 27 with value: 0.10079840570688248.
LOCAL_RANK: 0 - CUDA_VISIBLE_DEVICES: [0]
[I 2023-11-30 01:45:07,740] Trial 36 finished with value: 0.11170563846826553 and parameters: {'gradient_clip_val': 0.713611613721474, 'hidden_size': 100, 'dropout': 0.27399045466414723, 'hidden_continuous_size': 37, 'attention_head_size': 4, 'learning_rate': 0.007283437516910742}. Best is trial 27 with value: 0.10079840570688248.
LOCAL_RANK: 0 - CUDA_VISIBLE_DEVICES: [0]
[I 2023-11-30 01:45:21,662] Trial 37 finished with value: 0.13596728444099426 and parameters: {'gradient_clip_val': 0.7429357137863817, 'hidden_size': 98, 'dropout': 0.31806758697903403, 'hidden_continuous_size': 40, 'attention_head_size': 4, 'learning_rate': 0.005565212740984838}. Best is trial 27 with value: 0.10079840570688248.
LOCAL_RANK: 0 - CUDA_VISIBLE_DEVICES: [0]
[I 2023-11-30 01:45:35,701] Trial 38 finished with value: 0.14996768534183502 and parameters: {'gradient_clip_val': 0.7384860421757072, 'hidden_size': 126, 'dropout': 0.28200529354007836, 'hidden_continuous_size': 41, 'attention_head_size': 3, 'learning_rate': 0.00891577920644397}. Best is trial 27 with value: 0.10079840570688248.
LOCAL_RANK: 0 - CUDA_VISIBLE_DEVICES: [0]
[I 2023-11-30 01:45:49,215] Trial 39 finished with value: 0.32602572441101074 and parameters: {'gradient_clip_val': 0.9930222322564465, 'hidden_size': 88, 'dropout': 0.3016245762751285, 'hidden_continuous_size': 30, 'attention_head_size': 3, 'learning_rate': 0.007539425194027975}. Best is trial 27 with value: 0.10079840570688248.
LOCAL_RANK: 0 - CUDA_VISIBLE_DEVICES: [0]
[I 2023-11-30 01:46:03,136] Trial 40 finished with value: 0.140055850148201 and parameters: {'gradient_clip_val': 0.8674042969357783, 'hidden_size': 109, 'dropout': 0.2718863696272582, 'hidden_continuous_size': 36, 'attention_head_size': 4, 'learning_rate': 0.00604537497473542}. Best is trial 27 with value: 0.10079840570688248.
LOCAL_RANK: 0 - CUDA_VISIBLE_DEVICES: [0]
[I 2023-11-30 01:46:16,666] Trial 41 finished with value: 0.09175785630941391 and parameters: {'gradient_clip_val': 0.6357087680548242, 'hidden_size': 79, 'dropout': 0.2573192440837063, 'hidden_continuous_size': 33, 'attention_head_size': 4, 'learning_rate': 0.011610395811647318}. Best is trial 41 with value: 0.09175785630941391.
LOCAL_RANK: 0 - CUDA_VISIBLE_DEVICES: [0]
[I 2023-11-30 01:46:31,072] Trial 42 finished with value: 0.25229641795158386 and parameters: {'gradient_clip_val': 0.5630223952447267, 'hidden_size': 150, 'dropout': 0.2537122934922191, 'hidden_continuous_size': 46, 'attention_head_size': 4, 'learning_rate': 0.004304706997089584}. Best is trial 41 with value: 0.09175785630941391.
LOCAL_RANK: 0 - CUDA_VISIBLE_DEVICES: [0]
[I 2023-11-30 01:46:45,259] Trial 43 finished with value: 0.11700361967086792 and parameters: {'gradient_clip_val': 0.730900380606384, 'hidden_size': 128, 'dropout': 0.28631240478595327, 'hidden_continuous_size': 38, 'attention_head_size': 4, 'learning_rate': 0.011743105692412737}. Best is trial 41 with value: 0.09175785630941391.
LOCAL_RANK: 0 - CUDA_VISIBLE_DEVICES: [0]
[I 2023-11-30 01:46:59,052] Trial 44 finished with value: 0.18318051099777222 and parameters: {'gradient_clip_val': 0.6595597182367577, 'hidden_size': 97, 'dropout': 0.22738613030466337, 'hidden_continuous_size': 33, 'attention_head_size': 4, 'learning_rate': 0.009261938079760555}. Best is trial 41 with value: 0.09175785630941391.
LOCAL_RANK: 0 - CUDA_VISIBLE_DEVICES: [0]
[I 2023-11-30 01:47:12,637] Trial 45 finished with value: 0.15027229487895966 and parameters: {'gradient_clip_val': 0.878298440499903, 'hidden_size': 83, 'dropout': 0.2703999174956814, 'hidden_continuous_size': 32, 'attention_head_size': 3, 'learning_rate': 0.011308126876389362}. Best is trial 41 with value: 0.09175785630941391.
LOCAL_RANK: 0 - CUDA_VISIBLE_DEVICES: [0]
[I 2023-11-30 01:47:26,340] Trial 46 finished with value: 0.1285286694765091 and parameters: {'gradient_clip_val': 0.5126410544739913, 'hidden_size': 114, 'dropout': 0.24547330147404994, 'hidden_continuous_size': 26, 'attention_head_size': 2, 'learning_rate': 0.02062280651269088}. Best is trial 41 with value: 0.09175785630941391.
LOCAL_RANK: 0 - CUDA_VISIBLE_DEVICES: [0]
[I 2023-11-30 01:47:40,395] Trial 47 finished with value: 0.18035602569580078 and parameters: {'gradient_clip_val': 0.7886951438600752, 'hidden_size': 127, 'dropout': 0.2554381044995397, 'hidden_continuous_size': 38, 'attention_head_size': 4, 'learning_rate': 0.025610463322403344}. Best is trial 41 with value: 0.09175785630941391.
LOCAL_RANK: 0 - CUDA_VISIBLE_DEVICES: [0]
[I 2023-11-30 01:47:53,924] Trial 48 finished with value: 0.15958558022975922 and parameters: {'gradient_clip_val': 0.5690140499314562, 'hidden_size': 72, 'dropout': 0.3115879474819972, 'hidden_continuous_size': 29, 'attention_head_size': 3, 'learning_rate': 0.007642831312043438}. Best is trial 41 with value: 0.09175785630941391.
LOCAL_RANK: 0 - CUDA_VISIBLE_DEVICES: [0]
[I 2023-11-30 01:48:07,378] Trial 49 finished with value: 0.20860248804092407 and parameters: {'gradient_clip_val': 0.6115794862610705, 'hidden_size': 90, 'dropout': 0.32773243211369385, 'hidden_continuous_size': 24, 'attention_head_size': 3, 'learning_rate': 0.013584731253203593}. Best is trial 41 with value: 0.09175785630941391.
LOCAL_RANK: 0 - CUDA_VISIBLE_DEVICES: [0]
[I 2023-11-30 01:48:20,300] Trial 50 finished with value: 0.21165771782398224 and parameters: {'gradient_clip_val': 0.8850806815899425, 'hidden_size': 51, 'dropout': 0.2907993095690126, 'hidden_continuous_size': 27, 'attention_head_size': 2, 'learning_rate': 0.017064624368570803}. Best is trial 41 with value: 0.09175785630941391.
LOCAL_RANK: 0 - CUDA_VISIBLE_DEVICES: [0]
[I 2023-11-30 01:48:33,824] Trial 51 finished with value: 0.2150229960680008 and parameters: {'gradient_clip_val': 0.6439098970664913, 'hidden_size': 79, 'dropout': 0.27695271674085276, 'hidden_continuous_size': 33, 'attention_head_size': 4, 'learning_rate': 0.015144036321446409}. Best is trial 41 with value: 0.09175785630941391.
LOCAL_RANK: 0 - CUDA_VISIBLE_DEVICES: [0]
[I 2023-11-30 01:48:47,637] Trial 52 finished with value: 0.13795477151870728 and parameters: {'gradient_clip_val': 0.6801082185145593, 'hidden_size': 104, 'dropout': 0.26847787944246615, 'hidden_continuous_size': 34, 'attention_head_size': 4, 'learning_rate': 0.023123628706339616}. Best is trial 41 with value: 0.09175785630941391.
LOCAL_RANK: 0 - CUDA_VISIBLE_DEVICES: [0]
[I 2023-11-30 01:49:01,185] Trial 53 finished with value: 0.19051064550876617 and parameters: {'gradient_clip_val': 0.4363086444021295, 'hidden_size': 70, 'dropout': 0.25312833814235336, 'hidden_continuous_size': 31, 'attention_head_size': 4, 'learning_rate': 0.012586722769065594}. Best is trial 41 with value: 0.09175785630941391.
LOCAL_RANK: 0 - CUDA_VISIBLE_DEVICES: [0]
[I 2023-11-30 01:49:15,106] Trial 54 finished with value: 0.15170224010944366 and parameters: {'gradient_clip_val': 0.5161407721323902, 'hidden_size': 83, 'dropout': 0.26549837269065796, 'hidden_continuous_size': 35, 'attention_head_size': 4, 'learning_rate': 0.009676188061306186}. Best is trial 41 with value: 0.09175785630941391.
LOCAL_RANK: 0 - CUDA_VISIBLE_DEVICES: [0]
[I 2023-11-30 01:49:29,314] Trial 55 finished with value: 0.058706700801849365 and parameters: {'gradient_clip_val': 0.5777396154820333, 'hidden_size': 134, 'dropout': 0.30871139598217234, 'hidden_continuous_size': 44, 'attention_head_size': 4, 'learning_rate': 0.014302320206432883}. Best is trial 55 with value: 0.058706700801849365.
LOCAL_RANK: 0 - CUDA_VISIBLE_DEVICES: [0]
