[I 2023-11-30 09:07:15,809] Trial 127 finished with value: 0.22955703735351562 and parameters: {'gradient_clip_val': 0.17322046124462853, 'hidden_size': 65, 'dropout': 0.2778129438514387, 'hidden_continuous_size': 39, 'attention_head_size': 4, 'learning_rate': 0.058392226691760626}. Best is trial 73 with value: 0.11430889368057251.
LOCAL_RANK: 0 - CUDA_VISIBLE_DEVICES: [0]
[I 2023-11-30 09:07:29,174] Trial 128 finished with value: 0.1185767650604248 and parameters: {'gradient_clip_val': 0.15349014067284522, 'hidden_size': 61, 'dropout': 0.2682441609224928, 'hidden_continuous_size': 33, 'attention_head_size': 4, 'learning_rate': 0.07117423575827835}. Best is trial 73 with value: 0.11430889368057251.
LOCAL_RANK: 0 - CUDA_VISIBLE_DEVICES: [0]
[I 2023-11-30 09:07:42,524] Trial 129 finished with value: 0.166037455201149 and parameters: {'gradient_clip_val': 0.1412547136587404, 'hidden_size': 54, 'dropout': 0.26845161050635574, 'hidden_continuous_size': 33, 'attention_head_size': 4, 'learning_rate': 0.06994831907862936}. Best is trial 73 with value: 0.11430889368057251.
LOCAL_RANK: 0 - CUDA_VISIBLE_DEVICES: [0]
[I 2023-11-30 09:07:55,640] Trial 130 finished with value: 0.1876956671476364 and parameters: {'gradient_clip_val': 0.1534272988640979, 'hidden_size': 62, 'dropout': 0.28693099107980924, 'hidden_continuous_size': 30, 'attention_head_size': 1, 'learning_rate': 0.0631130376271784}. Best is trial 73 with value: 0.11430889368057251.
LOCAL_RANK: 0 - CUDA_VISIBLE_DEVICES: [0]
[I 2023-11-30 09:08:09,040] Trial 131 finished with value: 0.19863761961460114 and parameters: {'gradient_clip_val': 0.16643212297364185, 'hidden_size': 61, 'dropout': 0.2715160826449993, 'hidden_continuous_size': 35, 'attention_head_size': 4, 'learning_rate': 0.0784694440624759}. Best is trial 73 with value: 0.11430889368057251.
LOCAL_RANK: 0 - CUDA_VISIBLE_DEVICES: [0]
[I 2023-11-30 09:08:22,368] Trial 132 finished with value: 0.21635191142559052 and parameters: {'gradient_clip_val': 0.17824007374178602, 'hidden_size': 50, 'dropout': 0.2570291051441277, 'hidden_continuous_size': 33, 'attention_head_size': 4, 'learning_rate': 0.08725765936513324}. Best is trial 73 with value: 0.11430889368057251.
LOCAL_RANK: 0 - CUDA_VISIBLE_DEVICES: [0]
[I 2023-11-30 09:08:35,619] Trial 133 finished with value: 0.19801777601242065 and parameters: {'gradient_clip_val': 0.16076617326161108, 'hidden_size': 56, 'dropout': 0.28237667391491067, 'hidden_continuous_size': 37, 'attention_head_size': 4, 'learning_rate': 0.05676245767527774}. Best is trial 73 with value: 0.11430889368057251.
LOCAL_RANK: 0 - CUDA_VISIBLE_DEVICES: [0]
[I 2023-11-30 09:08:49,084] Trial 134 finished with value: 0.18439389765262604 and parameters: {'gradient_clip_val': 0.18914385729182545, 'hidden_size': 65, 'dropout': 0.24938063601554225, 'hidden_continuous_size': 38, 'attention_head_size': 4, 'learning_rate': 0.07189817662086229}. Best is trial 73 with value: 0.11430889368057251.
LOCAL_RANK: 0 - CUDA_VISIBLE_DEVICES: [0]
[I 2023-11-30 09:09:02,681] Trial 135 finished with value: 0.14240418374538422 and parameters: {'gradient_clip_val': 0.15388999076137994, 'hidden_size': 68, 'dropout': 0.26437357997579014, 'hidden_continuous_size': 40, 'attention_head_size': 4, 'learning_rate': 0.0511931330165948}. Best is trial 73 with value: 0.11430889368057251.
LOCAL_RANK: 0 - CUDA_VISIBLE_DEVICES: [0]
[I 2023-11-30 09:09:16,091] Trial 136 finished with value: 0.20424425601959229 and parameters: {'gradient_clip_val': 0.1451481441744755, 'hidden_size': 59, 'dropout': 0.2743882266631005, 'hidden_continuous_size': 34, 'attention_head_size': 4, 'learning_rate': 0.0999120725636277}. Best is trial 73 with value: 0.11430889368057251.
LOCAL_RANK: 0 - CUDA_VISIBLE_DEVICES: [0]
[I 2023-11-30 09:09:29,260] Trial 137 finished with value: 0.16486717760562897 and parameters: {'gradient_clip_val': 0.2037338034860329, 'hidden_size': 45, 'dropout': 0.29797279071834787, 'hidden_continuous_size': 31, 'attention_head_size': 4, 'learning_rate': 0.06517896807391695}. Best is trial 73 with value: 0.11430889368057251.
LOCAL_RANK: 0 - CUDA_VISIBLE_DEVICES: [0]
[I 2023-11-30 09:09:42,588] Trial 138 finished with value: 0.1562965363264084 and parameters: {'gradient_clip_val': 0.17530904690515373, 'hidden_size': 53, 'dropout': 0.29115751894203384, 'hidden_continuous_size': 36, 'attention_head_size': 4, 'learning_rate': 0.07700819189345173}. Best is trial 73 with value: 0.11430889368057251.
LOCAL_RANK: 0 - CUDA_VISIBLE_DEVICES: [0]
[I 2023-11-30 09:09:56,034] Trial 139 finished with value: 0.1695854663848877 and parameters: {'gradient_clip_val': 0.16756431953789797, 'hidden_size': 57, 'dropout': 0.28028812691289795, 'hidden_continuous_size': 33, 'attention_head_size': 4, 'learning_rate': 0.08600453537718084}. Best is trial 73 with value: 0.11430889368057251.
LOCAL_RANK: 0 - CUDA_VISIBLE_DEVICES: [0]
[I 2023-11-30 09:10:09,409] Trial 140 finished with value: 0.3091053366661072 and parameters: {'gradient_clip_val': 0.15327441978457926, 'hidden_size': 70, 'dropout': 0.26259309551438575, 'hidden_continuous_size': 29, 'attention_head_size': 4, 'learning_rate': 0.0400442254347253}. Best is trial 73 with value: 0.11430889368057251.
LOCAL_RANK: 0 - CUDA_VISIBLE_DEVICES: [0]
[I 2023-11-30 09:10:22,983] Trial 141 finished with value: 0.2588600814342499 and parameters: {'gradient_clip_val': 0.13443162353644605, 'hidden_size': 66, 'dropout': 0.2663687826048675, 'hidden_continuous_size': 42, 'attention_head_size': 4, 'learning_rate': 0.05121741830950978}. Best is trial 73 with value: 0.11430889368057251.
LOCAL_RANK: 0 - CUDA_VISIBLE_DEVICES: [0]
[I 2023-11-30 09:10:36,546] Trial 142 finished with value: 0.13949048519134521 and parameters: {'gradient_clip_val': 0.15779141525947812, 'hidden_size': 60, 'dropout': 0.27532632358646025, 'hidden_continuous_size': 40, 'attention_head_size': 4, 'learning_rate': 0.05700723186007489}. Best is trial 73 with value: 0.11430889368057251.
LOCAL_RANK: 0 - CUDA_VISIBLE_DEVICES: [0]
[I 2023-11-30 09:10:49,740] Trial 143 finished with value: 0.2441333532333374 and parameters: {'gradient_clip_val': 0.15752434959305506, 'hidden_size': 60, 'dropout': 0.2721495714820019, 'hidden_continuous_size': 38, 'attention_head_size': 4, 'learning_rate': 0.061889017824394446}. Best is trial 73 with value: 0.11430889368057251.
LOCAL_RANK: 0 - CUDA_VISIBLE_DEVICES: [0]
[I 2023-11-30 09:11:03,209] Trial 144 finished with value: 0.14723700284957886 and parameters: {'gradient_clip_val': 0.18097728296358845, 'hidden_size': 62, 'dropout': 0.28488946014291994, 'hidden_continuous_size': 35, 'attention_head_size': 4, 'learning_rate': 0.05640261472189245}. Best is trial 73 with value: 0.11430889368057251.
LOCAL_RANK: 0 - CUDA_VISIBLE_DEVICES: [0]
[I 2023-11-30 09:11:16,396] Trial 145 finished with value: 0.14884035289287567 and parameters: {'gradient_clip_val': 0.1946552402112157, 'hidden_size': 56, 'dropout': 0.2758423889788196, 'hidden_continuous_size': 34, 'attention_head_size': 2, 'learning_rate': 0.06805144769775533}. Best is trial 73 with value: 0.11430889368057251.
LOCAL_RANK: 0 - CUDA_VISIBLE_DEVICES: [0]
[I 2023-11-30 09:11:29,801] Trial 146 finished with value: 0.22197818756103516 and parameters: {'gradient_clip_val': 0.14774638867744105, 'hidden_size': 73, 'dropout': 0.25478447123132014, 'hidden_continuous_size': 28, 'attention_head_size': 4, 'learning_rate': 0.07634868538841347}. Best is trial 73 with value: 0.11430889368057251.
LOCAL_RANK: 0 - CUDA_VISIBLE_DEVICES: [0]
[I 2023-11-30 09:11:43,410] Trial 147 finished with value: 0.1854787915945053 and parameters: {'gradient_clip_val': 0.17133506518564778, 'hidden_size': 69, 'dropout': 0.28984673921490134, 'hidden_continuous_size': 31, 'attention_head_size': 4, 'learning_rate': 0.04429307360295296}. Best is trial 73 with value: 0.11430889368057251.
LOCAL_RANK: 0 - CUDA_VISIBLE_DEVICES: [0]
[I 2023-11-30 09:11:56,327] Trial 148 finished with value: 0.12915505468845367 and parameters: {'gradient_clip_val': 0.16227076184657405, 'hidden_size': 50, 'dropout': 0.29716810236038443, 'hidden_continuous_size': 15, 'attention_head_size': 4, 'learning_rate': 0.06036087293486081}. Best is trial 73 with value: 0.11430889368057251.
LOCAL_RANK: 0 - CUDA_VISIBLE_DEVICES: [0]
[I 2023-11-30 09:12:09,185] Trial 149 finished with value: 0.1748143881559372 and parameters: {'gradient_clip_val': 0.16476684457182544, 'hidden_size': 51, 'dropout': 0.29647977519140434, 'hidden_continuous_size': 15, 'attention_head_size': 4, 'learning_rate': 0.060627444183231786}. Best is trial 73 with value: 0.11430889368057251.
[I 2023-11-30 09:12:09,295] A new study created in memory with name: no-name-4cfa4dd3-93dc-4d86-8044-9700e95eb570
/home/le004/conda/anaconda3/envs/tsff_env/lib/python3.9/site-packages/lightning/fabric/plugins/environments/slurm.py:191: The `srun` command is available on your system but is not used. HINT: If your intention is to run Lightning on SLURM, prepend your python command with `srun` like so: srun python /home/le004/master_thesis/git/TSFusionForecast/code/ ...
LOCAL_RANK: 0 - CUDA_VISIBLE_DEVICES: [0]
[I 2023-11-30 09:12:19,719] Trial 0 finished with value: 0.2302340716123581 and parameters: {'gradient_clip_val': 0.6391413492537698, 'hidden_size': 10, 'dropout': 0.13625375791255342, 'hidden_continuous_size': 10, 'attention_head_size': 3, 'learning_rate': 0.07410133305697963}. Best is trial 0 with value: 0.2302340716123581.
LOCAL_RANK: 0 - CUDA_VISIBLE_DEVICES: [0]
[I 2023-11-30 09:12:31,962] Trial 1 finished with value: 1.202880859375 and parameters: {'gradient_clip_val': 0.16278648411488947, 'hidden_size': 15, 'dropout': 0.19287365291619246, 'hidden_continuous_size': 12, 'attention_head_size': 1, 'learning_rate': 0.011144109472992908}. Best is trial 0 with value: 0.2302340716123581.
LOCAL_RANK: 0 - CUDA_VISIBLE_DEVICES: [0]
[I 2023-11-30 09:12:42,425] Trial 2 finished with value: 0.31699350476264954 and parameters: {'gradient_clip_val': 0.6468109439445175, 'hidden_size': 16, 'dropout': 0.34286301362481786, 'hidden_continuous_size': 16, 'attention_head_size': 2, 'learning_rate': 0.034439332158591116}. Best is trial 0 with value: 0.2302340716123581.
LOCAL_RANK: 0 - CUDA_VISIBLE_DEVICES: [0]
[I 2023-11-30 09:12:56,639] Trial 3 finished with value: 0.26240670680999756 and parameters: {'gradient_clip_val': 0.11894581969701518, 'hidden_size': 118, 'dropout': 0.13680606206844237, 'hidden_continuous_size': 98, 'attention_head_size': 3, 'learning_rate': 0.0029829643058244286}. Best is trial 0 with value: 0.2302340716123581.
LOCAL_RANK: 0 - CUDA_VISIBLE_DEVICES: [0]
[I 2023-11-30 09:13:06,888] Trial 4 finished with value: 1.0690642595291138 and parameters: {'gradient_clip_val': 0.8604004137516641, 'hidden_size': 10, 'dropout': 0.24776371003700623, 'hidden_continuous_size': 10, 'attention_head_size': 2, 'learning_rate': 0.006091284196953255}. Best is trial 0 with value: 0.2302340716123581.
LOCAL_RANK: 0 - CUDA_VISIBLE_DEVICES: [0]
[I 2023-11-30 09:13:20,914] Trial 5 finished with value: 0.1022242084145546 and parameters: {'gradient_clip_val': 0.3411246823265451, 'hidden_size': 79, 'dropout': 0.24560898990221897, 'hidden_continuous_size': 69, 'attention_head_size': 2, 'learning_rate': 0.021611807842499497}. Best is trial 5 with value: 0.1022242084145546.
LOCAL_RANK: 0 - CUDA_VISIBLE_DEVICES: [0]
[I 2023-11-30 09:13:33,591] Trial 6 finished with value: 0.11903825402259827 and parameters: {'gradient_clip_val': 0.26368289619684493, 'hidden_size': 60, 'dropout': 0.11796490673328155, 'hidden_continuous_size': 14, 'attention_head_size': 1, 'learning_rate': 0.07585025245895399}. Best is trial 5 with value: 0.1022242084145546.
LOCAL_RANK: 0 - CUDA_VISIBLE_DEVICES: [0]
[I 2023-11-30 09:13:45,869] Trial 7 finished with value: 1.1143484115600586 and parameters: {'gradient_clip_val': 0.3079815673459754, 'hidden_size': 21, 'dropout': 0.20157558091528888, 'hidden_continuous_size': 19, 'attention_head_size': 2, 'learning_rate': 0.005773899782726152}. Best is trial 5 with value: 0.1022242084145546.
LOCAL_RANK: 0 - CUDA_VISIBLE_DEVICES: [0]
[I 2023-11-30 09:13:57,899] Trial 8 finished with value: 3.215352773666382 and parameters: {'gradient_clip_val': 0.15410165907561005, 'hidden_size': 18, 'dropout': 0.3000023261514604, 'hidden_continuous_size': 10, 'attention_head_size': 1, 'learning_rate': 0.0015093629082433646}. Best is trial 5 with value: 0.1022242084145546.
LOCAL_RANK: 0 - CUDA_VISIBLE_DEVICES: [0]
[I 2023-11-30 09:14:10,209] Trial 9 finished with value: 2.4376940727233887 and parameters: {'gradient_clip_val': 0.9532357862279746, 'hidden_size': 29, 'dropout': 0.288808460665098, 'hidden_continuous_size': 13, 'attention_head_size': 3, 'learning_rate': 0.0017072127426029727}. Best is trial 5 with value: 0.1022242084145546.
LOCAL_RANK: 0 - CUDA_VISIBLE_DEVICES: [0]
[I 2023-11-30 09:14:23,543] Trial 10 finished with value: 0.12956134974956512 and parameters: {'gradient_clip_val': 0.3952647346005023, 'hidden_size': 55, 'dropout': 0.37450470607863556, 'hidden_continuous_size': 35, 'attention_head_size': 4, 'learning_rate': 0.02008902127919578}. Best is trial 5 with value: 0.1022242084145546.
LOCAL_RANK: 0 - CUDA_VISIBLE_DEVICES: [0]
[I 2023-11-30 09:14:36,636] Trial 11 finished with value: 0.21309983730316162 and parameters: {'gradient_clip_val': 0.2661988826983615, 'hidden_size': 62, 'dropout': 0.10760761399423135, 'hidden_continuous_size': 27, 'attention_head_size': 1, 'learning_rate': 0.0921664593214761}. Best is trial 5 with value: 0.1022242084145546.
LOCAL_RANK: 0 - CUDA_VISIBLE_DEVICES: [0]
[I 2023-11-30 09:14:50,681] Trial 12 finished with value: 0.08852671831846237 and parameters: {'gradient_clip_val': 0.24192334365627305, 'hidden_size': 111, 'dropout': 0.19063002762797254, 'hidden_continuous_size': 58, 'attention_head_size': 1, 'learning_rate': 0.03677010326689531}. Best is trial 12 with value: 0.08852671831846237.
LOCAL_RANK: 0 - CUDA_VISIBLE_DEVICES: [0]
[I 2023-11-30 09:15:04,836] Trial 13 finished with value: 0.14063255488872528 and parameters: {'gradient_clip_val': 0.43734248712800844, 'hidden_size': 122, 'dropout': 0.21701789949875303, 'hidden_continuous_size': 69, 'attention_head_size': 2, 'learning_rate': 0.02879474396406843}. Best is trial 12 with value: 0.08852671831846237.
LOCAL_RANK: 0 - CUDA_VISIBLE_DEVICES: [0]
[I 2023-11-30 09:15:18,900] Trial 14 finished with value: 0.13214565813541412 and parameters: {'gradient_clip_val': 0.21418259779236, 'hidden_size': 148, 'dropout': 0.17335233402087155, 'hidden_continuous_size': 58, 'attention_head_size': 1, 'learning_rate': 0.01427872497949838}. Best is trial 12 with value: 0.08852671831846237.
LOCAL_RANK: 0 - CUDA_VISIBLE_DEVICES: [0]
[I 2023-11-30 09:15:32,552] Trial 15 finished with value: 0.2560659646987915 and parameters: {'gradient_clip_val': 0.3795909077147355, 'hidden_size': 81, 'dropout': 0.24609443748178073, 'hidden_continuous_size': 44, 'attention_head_size': 2, 'learning_rate': 0.039845787577324876}. Best is trial 12 with value: 0.08852671831846237.
LOCAL_RANK: 0 - CUDA_VISIBLE_DEVICES: [0]
[I 2023-11-30 09:15:46,338] Trial 16 finished with value: 0.16251930594444275 and parameters: {'gradient_clip_val': 0.2117752394600857, 'hidden_size': 88, 'dropout': 0.23511238528809564, 'hidden_continuous_size': 50, 'attention_head_size': 4, 'learning_rate': 0.019491128016443638}. Best is trial 12 with value: 0.08852671831846237.
LOCAL_RANK: 0 - CUDA_VISIBLE_DEVICES: [0]
[I 2023-11-30 09:15:58,897] Trial 17 finished with value: 0.17294031381607056 and parameters: {'gradient_clip_val': 0.1023637582218071, 'hidden_size': 40, 'dropout': 0.17044247002823593, 'hidden_continuous_size': 26, 'attention_head_size': 1, 'learning_rate': 0.04919028442851376}. Best is trial 12 with value: 0.08852671831846237.
LOCAL_RANK: 0 - CUDA_VISIBLE_DEVICES: [0]
[I 2023-11-30 09:16:12,535] Trial 18 finished with value: 0.13285107910633087 and parameters: {'gradient_clip_val': 0.4852268281163846, 'hidden_size': 88, 'dropout': 0.27977255345446067, 'hidden_continuous_size': 75, 'attention_head_size': 2, 'learning_rate': 0.024450732450998932}. Best is trial 12 with value: 0.08852671831846237.
LOCAL_RANK: 0 - CUDA_VISIBLE_DEVICES: [0]
[I 2023-11-30 09:16:25,340] Trial 19 finished with value: 0.14250391721725464 and parameters: {'gradient_clip_val': 0.3451389818883311, 'hidden_size': 43, 'dropout': 0.22300675348152774, 'hidden_continuous_size': 30, 'attention_head_size': 3, 'learning_rate': 0.054297887084837404}. Best is trial 12 with value: 0.08852671831846237.
LOCAL_RANK: 0 - CUDA_VISIBLE_DEVICES: [0]
[I 2023-11-30 09:16:39,440] Trial 20 finished with value: 0.1267465353012085 and parameters: {'gradient_clip_val': 0.289740005042803, 'hidden_size': 112, 'dropout': 0.2648412382405255, 'hidden_continuous_size': 110, 'attention_head_size': 1, 'learning_rate': 0.01227122671968295}. Best is trial 12 with value: 0.08852671831846237.
LOCAL_RANK: 0 - CUDA_VISIBLE_DEVICES: [0]
[I 2023-11-30 09:16:52,527] Trial 21 finished with value: 0.18326766788959503 and parameters: {'gradient_clip_val': 0.24546701691510986, 'hidden_size': 65, 'dropout': 0.10406237719197316, 'hidden_continuous_size': 20, 'attention_head_size': 1, 'learning_rate': 0.06755933950650089}. Best is trial 12 with value: 0.08852671831846237.
LOCAL_RANK: 0 - CUDA_VISIBLE_DEVICES: [0]
[I 2023-11-30 09:17:06,053] Trial 22 finished with value: 0.172907754778862 and parameters: {'gradient_clip_val': 0.3275019083551069, 'hidden_size': 74, 'dropout': 0.16429567982912463, 'hidden_continuous_size': 43, 'attention_head_size': 1, 'learning_rate': 0.09437708542329278}. Best is trial 12 with value: 0.08852671831846237.
LOCAL_RANK: 0 - CUDA_VISIBLE_DEVICES: [0]
[I 2023-11-30 09:17:19,094] Trial 23 finished with value: 0.1533162146806717 and parameters: {'gradient_clip_val': 0.23795936572311926, 'hidden_size': 52, 'dropout': 0.20658755524303785, 'hidden_continuous_size': 36, 'attention_head_size': 2, 'learning_rate': 0.0392301162772265}. Best is trial 12 with value: 0.08852671831846237.
LOCAL_RANK: 0 - CUDA_VISIBLE_DEVICES: [0]
[I 2023-11-30 09:17:32,803] Trial 24 finished with value: 0.18797044456005096 and parameters: {'gradient_clip_val': 0.28627851141847965, 'hidden_size': 98, 'dropout': 0.14076432396247374, 'hidden_continuous_size': 58, 'attention_head_size': 1, 'learning_rate': 0.05672375767904166}. Best is trial 12 with value: 0.08852671831846237.
LOCAL_RANK: 0 - CUDA_VISIBLE_DEVICES: [0]
[I 2023-11-30 09:17:45,978] Trial 25 finished with value: 0.19104254245758057 and parameters: {'gradient_clip_val': 0.18575206864218807, 'hidden_size': 67, 'dropout': 0.1824429428364016, 'hidden_continuous_size': 22, 'attention_head_size': 2, 'learning_rate': 0.0317411601881681}. Best is trial 12 with value: 0.08852671831846237.
LOCAL_RANK: 0 - CUDA_VISIBLE_DEVICES: [0]
[I 2023-11-30 09:17:58,791] Trial 26 finished with value: 0.17323796451091766 and parameters: {'gradient_clip_val': 0.2598409693408358, 'hidden_size': 49, 'dropout': 0.22057718266466242, 'hidden_continuous_size': 16, 'attention_head_size': 1, 'learning_rate': 0.04436360747682193}. Best is trial 12 with value: 0.08852671831846237.
LOCAL_RANK: 0 - CUDA_VISIBLE_DEVICES: [0]
[I 2023-11-30 09:18:12,214] Trial 27 finished with value: 0.2753793001174927 and parameters: {'gradient_clip_val': 0.35122881055619243, 'hidden_size': 76, 'dropout': 0.2585513022824291, 'hidden_continuous_size': 38, 'attention_head_size': 1, 'learning_rate': 0.024790955151363762}. Best is trial 12 with value: 0.08852671831846237.
LOCAL_RANK: 0 - CUDA_VISIBLE_DEVICES: [0]
[I 2023-11-30 09:18:26,083] Trial 28 finished with value: 0.14319981634616852 and parameters: {'gradient_clip_val': 0.2288345614666222, 'hidden_size': 96, 'dropout': 0.20169482319757653, 'hidden_continuous_size': 75, 'attention_head_size': 2, 'learning_rate': 0.06470461025634902}. Best is trial 12 with value: 0.08852671831846237.
LOCAL_RANK: 0 - CUDA_VISIBLE_DEVICES: [0]
[I 2023-11-30 09:18:40,574] Trial 29 finished with value: 0.18578803539276123 and parameters: {'gradient_clip_val': 0.48845387090032283, 'hidden_size': 137, 'dropout': 0.12104736745621686, 'hidden_continuous_size': 92, 'attention_head_size': 3, 'learning_rate': 0.0778960967824861}. Best is trial 12 with value: 0.08852671831846237.
LOCAL_RANK: 0 - CUDA_VISIBLE_DEVICES: [0]
[I 2023-11-30 09:18:54,292] Trial 30 finished with value: 0.2011748105287552 and parameters: {'gradient_clip_val': 0.19034155738494624, 'hidden_size': 102, 'dropout': 0.1521291304667229, 'hidden_continuous_size': 54, 'attention_head_size': 1, 'learning_rate': 0.017033737615726807}. Best is trial 12 with value: 0.08852671831846237.
LOCAL_RANK: 0 - CUDA_VISIBLE_DEVICES: [0]
[I 2023-11-30 09:19:04,998] Trial 31 finished with value: 0.12062495946884155 and parameters: {'gradient_clip_val': 0.3134305702459977, 'hidden_size': 114, 'dropout': 0.15352847247862894, 'hidden_continuous_size': 114, 'attention_head_size': 1, 'learning_rate': 0.012481481830465966}. Best is trial 12 with value: 0.08852671831846237.
LOCAL_RANK: 0 - CUDA_VISIBLE_DEVICES: [0]
[I 2023-11-30 09:19:19,427] Trial 32 finished with value: 0.11977549642324448 and parameters: {'gradient_clip_val': 0.30492045165994225, 'hidden_size': 123, 'dropout': 0.1538244973534571, 'hidden_continuous_size': 119, 'attention_head_size': 1, 'learning_rate': 0.009085332362811591}. Best is trial 12 with value: 0.08852671831846237.
LOCAL_RANK: 0 - CUDA_VISIBLE_DEVICES: [0]
[I 2023-11-30 09:19:33,676] Trial 33 finished with value: 0.17604190111160278 and parameters: {'gradient_clip_val': 0.30015774541214313, 'hidden_size': 135, 'dropout': 0.12197359819478577, 'hidden_continuous_size': 85, 'attention_head_size': 1, 'learning_rate': 0.007908139868725279}. Best is trial 12 with value: 0.08852671831846237.
LOCAL_RANK: 0 - CUDA_VISIBLE_DEVICES: [0]
