[I 2023-11-30 11:37:32,716] Trial 69 finished with value: 0.192853644490242 and parameters: {'gradient_clip_val': 0.11522819066968927, 'hidden_size': 24, 'dropout': 0.25522036105054097, 'hidden_continuous_size': 20, 'attention_head_size': 4, 'learning_rate': 0.08912280891583739}. Best is trial 62 with value: 0.08931819349527359.
LOCAL_RANK: 0 - CUDA_VISIBLE_DEVICES: [0]
[I 2023-11-30 11:37:45,603] Trial 70 finished with value: 0.16956056654453278 and parameters: {'gradient_clip_val': 0.1374252662961199, 'hidden_size': 43, 'dropout': 0.27701477639011635, 'hidden_continuous_size': 15, 'attention_head_size': 3, 'learning_rate': 0.029583403571921473}. Best is trial 62 with value: 0.08931819349527359.
LOCAL_RANK: 0 - CUDA_VISIBLE_DEVICES: [0]
[I 2023-11-30 11:37:58,463] Trial 71 finished with value: 0.16159631311893463 and parameters: {'gradient_clip_val': 0.11146223006985646, 'hidden_size': 33, 'dropout': 0.24795631813677801, 'hidden_continuous_size': 22, 'attention_head_size': 4, 'learning_rate': 0.052801686453792206}. Best is trial 62 with value: 0.08931819349527359.
LOCAL_RANK: 0 - CUDA_VISIBLE_DEVICES: [0]
[I 2023-11-30 11:38:11,006] Trial 72 finished with value: 0.20484262704849243 and parameters: {'gradient_clip_val': 0.10750454494671545, 'hidden_size': 28, 'dropout': 0.2429770723683986, 'hidden_continuous_size': 23, 'attention_head_size': 4, 'learning_rate': 0.05485031597256951}. Best is trial 62 with value: 0.08931819349527359.
LOCAL_RANK: 0 - CUDA_VISIBLE_DEVICES: [0]
[I 2023-11-30 11:38:23,886] Trial 73 finished with value: 0.19404840469360352 and parameters: {'gradient_clip_val': 0.12382673001991717, 'hidden_size': 38, 'dropout': 0.2620290763670782, 'hidden_continuous_size': 21, 'attention_head_size': 4, 'learning_rate': 0.04669428268921828}. Best is trial 62 with value: 0.08931819349527359.
LOCAL_RANK: 0 - CUDA_VISIBLE_DEVICES: [0]
[I 2023-11-30 11:38:36,601] Trial 74 finished with value: 0.16667675971984863 and parameters: {'gradient_clip_val': 0.10531739798729431, 'hidden_size': 34, 'dropout': 0.23375901474363464, 'hidden_continuous_size': 19, 'attention_head_size': 4, 'learning_rate': 0.07207038564439547}. Best is trial 62 with value: 0.08931819349527359.
LOCAL_RANK: 0 - CUDA_VISIBLE_DEVICES: [0]
[I 2023-11-30 11:38:49,261] Trial 75 finished with value: 0.11586163192987442 and parameters: {'gradient_clip_val': 0.11641925932171214, 'hidden_size': 40, 'dropout': 0.30341360481354074, 'hidden_continuous_size': 22, 'attention_head_size': 4, 'learning_rate': 0.0898974638374108}. Best is trial 62 with value: 0.08931819349527359.
LOCAL_RANK: 0 - CUDA_VISIBLE_DEVICES: [0]
[I 2023-11-30 11:39:02,197] Trial 76 finished with value: 0.15273946523666382 and parameters: {'gradient_clip_val': 0.1337049182428689, 'hidden_size': 44, 'dropout': 0.30209967871324306, 'hidden_continuous_size': 27, 'attention_head_size': 3, 'learning_rate': 0.0898441250313401}. Best is trial 62 with value: 0.08931819349527359.
LOCAL_RANK: 0 - CUDA_VISIBLE_DEVICES: [0]
[I 2023-11-30 11:39:14,940] Trial 77 finished with value: 0.12321130186319351 and parameters: {'gradient_clip_val': 0.15794122297275337, 'hidden_size': 39, 'dropout': 0.290897828977322, 'hidden_continuous_size': 25, 'attention_head_size': 4, 'learning_rate': 0.08861416460253582}. Best is trial 62 with value: 0.08931819349527359.
LOCAL_RANK: 0 - CUDA_VISIBLE_DEVICES: [0]
[I 2023-11-30 11:39:28,290] Trial 78 finished with value: 0.36557528376579285 and parameters: {'gradient_clip_val': 0.15841312693946658, 'hidden_size': 65, 'dropout': 0.28534444627000083, 'hidden_continuous_size': 29, 'attention_head_size': 4, 'learning_rate': 0.09842421976388396}. Best is trial 62 with value: 0.08931819349527359.
LOCAL_RANK: 0 - CUDA_VISIBLE_DEVICES: [0]
[I 2023-11-30 11:39:41,368] Trial 79 finished with value: 0.1978960484266281 and parameters: {'gradient_clip_val': 0.14491245925651955, 'hidden_size': 54, 'dropout': 0.2932083372938641, 'hidden_continuous_size': 26, 'attention_head_size': 4, 'learning_rate': 0.07718664658614859}. Best is trial 62 with value: 0.08931819349527359.
LOCAL_RANK: 0 - CUDA_VISIBLE_DEVICES: [0]
[I 2023-11-30 11:39:54,021] Trial 80 finished with value: 0.15560613572597504 and parameters: {'gradient_clip_val': 0.12300390719806546, 'hidden_size': 40, 'dropout': 0.3100586254312863, 'hidden_continuous_size': 24, 'attention_head_size': 4, 'learning_rate': 0.06441354655299913}. Best is trial 62 with value: 0.08931819349527359.
LOCAL_RANK: 0 - CUDA_VISIBLE_DEVICES: [0]
[I 2023-11-30 11:40:07,117] Trial 81 finished with value: 0.18242408335208893 and parameters: {'gradient_clip_val': 0.11405698961316187, 'hidden_size': 47, 'dropout': 0.3018558477505026, 'hidden_continuous_size': 25, 'attention_head_size': 4, 'learning_rate': 0.08799222046491811}. Best is trial 62 with value: 0.08931819349527359.
LOCAL_RANK: 0 - CUDA_VISIBLE_DEVICES: [0]
[I 2023-11-30 11:40:19,916] Trial 82 finished with value: 0.14089031517505646 and parameters: {'gradient_clip_val': 0.11750829111980507, 'hidden_size': 39, 'dropout': 0.2737791456859852, 'hidden_continuous_size': 24, 'attention_head_size': 3, 'learning_rate': 0.07578391901180373}. Best is trial 62 with value: 0.08931819349527359.
LOCAL_RANK: 0 - CUDA_VISIBLE_DEVICES: [0]
[I 2023-11-30 11:40:32,651] Trial 83 finished with value: 0.23372672498226166 and parameters: {'gradient_clip_val': 0.19747031382746458, 'hidden_size': 35, 'dropout': 0.2902115256553295, 'hidden_continuous_size': 23, 'attention_head_size': 4, 'learning_rate': 0.06276043590984387}. Best is trial 62 with value: 0.08931819349527359.
LOCAL_RANK: 0 - CUDA_VISIBLE_DEVICES: [0]
[I 2023-11-30 11:40:45,093] Trial 84 finished with value: 0.20206737518310547 and parameters: {'gradient_clip_val': 0.13457019622260952, 'hidden_size': 32, 'dropout': 0.2793250296463655, 'hidden_continuous_size': 21, 'attention_head_size': 3, 'learning_rate': 0.08370810726350492}. Best is trial 62 with value: 0.08931819349527359.
LOCAL_RANK: 0 - CUDA_VISIBLE_DEVICES: [0]
[I 2023-11-30 11:40:57,682] Trial 85 finished with value: 0.18176858127117157 and parameters: {'gradient_clip_val': 0.10006025617033455, 'hidden_size': 44, 'dropout': 0.27129058329773265, 'hidden_continuous_size': 25, 'attention_head_size': 3, 'learning_rate': 0.09099118939604336}. Best is trial 62 with value: 0.08931819349527359.
LOCAL_RANK: 0 - CUDA_VISIBLE_DEVICES: [0]
[I 2023-11-30 11:41:10,596] Trial 86 finished with value: 0.49705591797828674 and parameters: {'gradient_clip_val': 0.1260524267564178, 'hidden_size': 38, 'dropout': 0.3023680696313613, 'hidden_continuous_size': 22, 'attention_head_size': 4, 'learning_rate': 0.07058702364006758}. Best is trial 62 with value: 0.08931819349527359.
LOCAL_RANK: 0 - CUDA_VISIBLE_DEVICES: [0]
[I 2023-11-30 11:41:23,225] Trial 87 finished with value: 0.1300431191921234 and parameters: {'gradient_clip_val': 0.11420856985417953, 'hidden_size': 30, 'dropout': 0.3185715588498115, 'hidden_continuous_size': 23, 'attention_head_size': 3, 'learning_rate': 0.09903510601368293}. Best is trial 62 with value: 0.08931819349527359.
LOCAL_RANK: 0 - CUDA_VISIBLE_DEVICES: [0]
[I 2023-11-30 11:41:35,723] Trial 88 finished with value: 0.11684286594390869 and parameters: {'gradient_clip_val': 0.16330750057369306, 'hidden_size': 29, 'dropout': 0.31973945176172963, 'hidden_continuous_size': 23, 'attention_head_size': 3, 'learning_rate': 0.09966841177243257}. Best is trial 62 with value: 0.08931819349527359.
LOCAL_RANK: 0 - CUDA_VISIBLE_DEVICES: [0]
[I 2023-11-30 11:41:48,147] Trial 89 finished with value: 0.19514083862304688 and parameters: {'gradient_clip_val': 0.16184109508133762, 'hidden_size': 32, 'dropout': 0.2889722798915324, 'hidden_continuous_size': 24, 'attention_head_size': 3, 'learning_rate': 0.08144830862874407}. Best is trial 62 with value: 0.08931819349527359.
LOCAL_RANK: 0 - CUDA_VISIBLE_DEVICES: [0]
[I 2023-11-30 11:42:00,544] Trial 90 finished with value: 0.13727882504463196 and parameters: {'gradient_clip_val': 0.15150196526778187, 'hidden_size': 29, 'dropout': 0.32454551667996956, 'hidden_continuous_size': 23, 'attention_head_size': 1, 'learning_rate': 0.0593015366256942}. Best is trial 62 with value: 0.08931819349527359.
LOCAL_RANK: 0 - CUDA_VISIBLE_DEVICES: [0]
[I 2023-11-30 11:42:13,140] Trial 91 finished with value: 0.13890987634658813 and parameters: {'gradient_clip_val': 0.17156705931861507, 'hidden_size': 36, 'dropout': 0.3165389393844794, 'hidden_continuous_size': 22, 'attention_head_size': 3, 'learning_rate': 0.099455889582404}. Best is trial 62 with value: 0.08931819349527359.
LOCAL_RANK: 0 - CUDA_VISIBLE_DEVICES: [0]
[I 2023-11-30 11:42:25,789] Trial 92 finished with value: 0.11156783252954483 and parameters: {'gradient_clip_val': 0.1415469549489589, 'hidden_size': 30, 'dropout': 0.31320804719752804, 'hidden_continuous_size': 23, 'attention_head_size': 3, 'learning_rate': 0.08948040527798688}. Best is trial 62 with value: 0.08931819349527359.
LOCAL_RANK: 0 - CUDA_VISIBLE_DEVICES: [0]
[I 2023-11-30 11:42:38,480] Trial 93 finished with value: 0.13008908927440643 and parameters: {'gradient_clip_val': 0.14307137608171472, 'hidden_size': 34, 'dropout': 0.3067309516363546, 'hidden_continuous_size': 21, 'attention_head_size': 3, 'learning_rate': 0.07672294111585323}. Best is trial 62 with value: 0.08931819349527359.
LOCAL_RANK: 0 - CUDA_VISIBLE_DEVICES: [0]
[I 2023-11-30 11:42:51,269] Trial 94 finished with value: 0.12338188290596008 and parameters: {'gradient_clip_val': 0.16446512483716463, 'hidden_size': 42, 'dropout': 0.3349017800338631, 'hidden_continuous_size': 25, 'attention_head_size': 3, 'learning_rate': 0.08829129733863426}. Best is trial 62 with value: 0.08931819349527359.
LOCAL_RANK: 0 - CUDA_VISIBLE_DEVICES: [0]
[I 2023-11-30 11:43:03,764] Trial 95 finished with value: 0.15386487543582916 and parameters: {'gradient_clip_val': 0.1615879235642591, 'hidden_size': 29, 'dropout': 0.3289742150578017, 'hidden_continuous_size': 25, 'attention_head_size': 3, 'learning_rate': 0.08666989493071063}. Best is trial 62 with value: 0.08931819349527359.
LOCAL_RANK: 0 - CUDA_VISIBLE_DEVICES: [0]
[I 2023-11-30 11:43:16,634] Trial 96 finished with value: 0.13442301750183105 and parameters: {'gradient_clip_val': 0.17878708455428885, 'hidden_size': 41, 'dropout': 0.33514788115858163, 'hidden_continuous_size': 27, 'attention_head_size': 3, 'learning_rate': 0.06829052580488756}. Best is trial 62 with value: 0.08931819349527359.
LOCAL_RANK: 0 - CUDA_VISIBLE_DEVICES: [0]
[I 2023-11-30 11:43:29,367] Trial 97 finished with value: 0.20259827375411987 and parameters: {'gradient_clip_val': 0.1532136184311124, 'hidden_size': 36, 'dropout': 0.35078342838916676, 'hidden_continuous_size': 30, 'attention_head_size': 3, 'learning_rate': 0.08826562013361507}. Best is trial 62 with value: 0.08931819349527359.
LOCAL_RANK: 0 - CUDA_VISIBLE_DEVICES: [0]
[I 2023-11-30 11:43:41,486] Trial 98 finished with value: 0.16239339113235474 and parameters: {'gradient_clip_val': 0.1410300238352011, 'hidden_size': 24, 'dropout': 0.3130462504045868, 'hidden_continuous_size': 22, 'attention_head_size': 2, 'learning_rate': 0.06047811454930029}. Best is trial 62 with value: 0.08931819349527359.
LOCAL_RANK: 0 - CUDA_VISIBLE_DEVICES: [0]
[I 2023-11-30 11:43:53,820] Trial 99 finished with value: 0.12411902099847794 and parameters: {'gradient_clip_val': 0.1661473092257152, 'hidden_size': 32, 'dropout': 0.3356044905745375, 'hidden_continuous_size': 20, 'attention_head_size': 3, 'learning_rate': 0.07529294086381115}. Best is trial 62 with value: 0.08931819349527359.
LOCAL_RANK: 0 - CUDA_VISIBLE_DEVICES: [0]
[I 2023-11-30 11:44:06,489] Trial 100 finished with value: 0.08364403247833252 and parameters: {'gradient_clip_val': 0.19549562988276076, 'hidden_size': 31, 'dropout': 0.3369318398110621, 'hidden_continuous_size': 24, 'attention_head_size': 4, 'learning_rate': 0.07831899262691036}. Best is trial 100 with value: 0.08364403247833252.
LOCAL_RANK: 0 - CUDA_VISIBLE_DEVICES: [0]
[I 2023-11-30 11:44:19,180] Trial 101 finished with value: 0.183240607380867 and parameters: {'gradient_clip_val': 0.19024919231443538, 'hidden_size': 33, 'dropout': 0.3387673375292258, 'hidden_continuous_size': 24, 'attention_head_size': 4, 'learning_rate': 0.07913378208672439}. Best is trial 100 with value: 0.08364403247833252.
LOCAL_RANK: 0 - CUDA_VISIBLE_DEVICES: [0]
[I 2023-11-30 11:44:32,016] Trial 102 finished with value: 0.12590749561786652 and parameters: {'gradient_clip_val': 0.1691176502856347, 'hidden_size': 31, 'dropout': 0.35076889458634836, 'hidden_continuous_size': 25, 'attention_head_size': 4, 'learning_rate': 0.09094459305348927}. Best is trial 100 with value: 0.08364403247833252.
LOCAL_RANK: 0 - CUDA_VISIBLE_DEVICES: [0]
[I 2023-11-30 11:44:44,542] Trial 103 finished with value: 0.12261416763067245 and parameters: {'gradient_clip_val': 0.19846108046630306, 'hidden_size': 27, 'dropout': 0.33319683145843493, 'hidden_continuous_size': 23, 'attention_head_size': 4, 'learning_rate': 0.07506126329379025}. Best is trial 100 with value: 0.08364403247833252.
LOCAL_RANK: 0 - CUDA_VISIBLE_DEVICES: [0]
[I 2023-11-30 11:44:57,047] Trial 104 finished with value: 0.1378055363893509 and parameters: {'gradient_clip_val': 0.20783495487256154, 'hidden_size': 27, 'dropout': 0.3241069439451937, 'hidden_continuous_size': 23, 'attention_head_size': 4, 'learning_rate': 0.06422270399010667}. Best is trial 100 with value: 0.08364403247833252.
LOCAL_RANK: 0 - CUDA_VISIBLE_DEVICES: [0]
[I 2023-11-30 11:45:09,406] Trial 105 finished with value: 0.19689200818538666 and parameters: {'gradient_clip_val': 0.18751815375021855, 'hidden_size': 24, 'dropout': 0.2984092294330276, 'hidden_continuous_size': 22, 'attention_head_size': 4, 'learning_rate': 0.08300074994663656}. Best is trial 100 with value: 0.08364403247833252.
LOCAL_RANK: 0 - CUDA_VISIBLE_DEVICES: [0]
[I 2023-11-30 11:45:22,366] Trial 106 finished with value: 0.17492389678955078 and parameters: {'gradient_clip_val': 0.1796951970043573, 'hidden_size': 42, 'dropout': 0.31008038346719696, 'hidden_continuous_size': 28, 'attention_head_size': 4, 'learning_rate': 0.0918476993435885}. Best is trial 100 with value: 0.08364403247833252.
LOCAL_RANK: 0 - CUDA_VISIBLE_DEVICES: [0]
[I 2023-11-30 11:45:35,245] Trial 107 finished with value: 0.16085849702358246 and parameters: {'gradient_clip_val': 0.15555437341342065, 'hidden_size': 37, 'dropout': 0.3318151124524302, 'hidden_continuous_size': 24, 'attention_head_size': 4, 'learning_rate': 0.06987013426544424}. Best is trial 100 with value: 0.08364403247833252.
LOCAL_RANK: 0 - CUDA_VISIBLE_DEVICES: [0]
[I 2023-11-30 11:45:48,033] Trial 108 finished with value: 0.117468923330307 and parameters: {'gradient_clip_val': 0.17459628690536247, 'hidden_size': 39, 'dropout': 0.29187820553439386, 'hidden_continuous_size': 27, 'attention_head_size': 4, 'learning_rate': 0.054874112292692956}. Best is trial 100 with value: 0.08364403247833252.
LOCAL_RANK: 0 - CUDA_VISIBLE_DEVICES: [0]
[I 2023-11-30 11:46:00,831] Trial 109 finished with value: 0.12461894750595093 and parameters: {'gradient_clip_val': 0.17486452443180317, 'hidden_size': 30, 'dropout': 0.2899622327558163, 'hidden_continuous_size': 26, 'attention_head_size': 4, 'learning_rate': 0.056463973246147284}. Best is trial 100 with value: 0.08364403247833252.
LOCAL_RANK: 0 - CUDA_VISIBLE_DEVICES: [0]
[I 2023-11-30 11:46:13,364] Trial 110 finished with value: 0.11102142930030823 and parameters: {'gradient_clip_val': 0.20529038730295698, 'hidden_size': 25, 'dropout': 0.2810058704422502, 'hidden_continuous_size': 23, 'attention_head_size': 4, 'learning_rate': 0.05207142971809394}. Best is trial 100 with value: 0.08364403247833252.
LOCAL_RANK: 0 - CUDA_VISIBLE_DEVICES: [0]
[I 2023-11-30 11:46:25,698] Trial 111 finished with value: 0.1399037390947342 and parameters: {'gradient_clip_val': 0.1986928954444562, 'hidden_size': 25, 'dropout': 0.28210969526557256, 'hidden_continuous_size': 23, 'attention_head_size': 4, 'learning_rate': 0.04936568177659316}. Best is trial 100 with value: 0.08364403247833252.
LOCAL_RANK: 0 - CUDA_VISIBLE_DEVICES: [0]
[I 2023-11-30 11:46:36,584] Trial 112 finished with value: 0.15474620461463928 and parameters: {'gradient_clip_val': 0.22579810191638056, 'hidden_size': 21, 'dropout': 0.30458141274086287, 'hidden_continuous_size': 21, 'attention_head_size': 4, 'learning_rate': 0.054890982742807286}. Best is trial 100 with value: 0.08364403247833252.
LOCAL_RANK: 0 - CUDA_VISIBLE_DEVICES: [0]
[I 2023-11-30 11:46:49,228] Trial 113 finished with value: 0.20360088348388672 and parameters: {'gradient_clip_val': 0.21679026786868424, 'hidden_size': 27, 'dropout': 0.2939154179297698, 'hidden_continuous_size': 24, 'attention_head_size': 4, 'learning_rate': 0.06328943825623262}. Best is trial 100 with value: 0.08364403247833252.
LOCAL_RANK: 0 - CUDA_VISIBLE_DEVICES: [0]
[I 2023-11-30 11:47:02,200] Trial 114 finished with value: 0.1345164030790329 and parameters: {'gradient_clip_val': 0.17870572535008308, 'hidden_size': 31, 'dropout': 0.2995102351612419, 'hidden_continuous_size': 27, 'attention_head_size': 4, 'learning_rate': 0.07259818647816994}. Best is trial 100 with value: 0.08364403247833252.
LOCAL_RANK: 0 - CUDA_VISIBLE_DEVICES: [0]
[I 2023-11-30 11:47:14,665] Trial 115 finished with value: 0.1554798185825348 and parameters: {'gradient_clip_val': 0.24622113939374102, 'hidden_size': 28, 'dropout': 0.279093728968284, 'hidden_continuous_size': 23, 'attention_head_size': 4, 'learning_rate': 0.045673131638551696}. Best is trial 100 with value: 0.08364403247833252.
LOCAL_RANK: 0 - CUDA_VISIBLE_DEVICES: [0]
[I 2023-11-30 11:47:27,170] Trial 116 finished with value: 0.26253095269203186 and parameters: {'gradient_clip_val': 0.14768997754465035, 'hidden_size': 22, 'dropout': 0.2872111788736647, 'hidden_continuous_size': 21, 'attention_head_size': 4, 'learning_rate': 0.08115004985387714}. Best is trial 100 with value: 0.08364403247833252.
LOCAL_RANK: 0 - CUDA_VISIBLE_DEVICES: [0]
[I 2023-11-30 11:47:39,949] Trial 117 finished with value: 0.18403781950473785 and parameters: {'gradient_clip_val': 0.18362864266774526, 'hidden_size': 29, 'dropout': 0.26893022015317525, 'hidden_continuous_size': 25, 'attention_head_size': 4, 'learning_rate': 0.05127259078037275}. Best is trial 100 with value: 0.08364403247833252.
LOCAL_RANK: 0 - CUDA_VISIBLE_DEVICES: [0]
[I 2023-11-30 11:47:52,760] Trial 118 finished with value: 0.2165209800004959 and parameters: {'gradient_clip_val': 0.20184531296539207, 'hidden_size': 39, 'dropout': 0.31512094657380785, 'hidden_continuous_size': 26, 'attention_head_size': 4, 'learning_rate': 0.0598498735706879}. Best is trial 100 with value: 0.08364403247833252.
LOCAL_RANK: 0 - CUDA_VISIBLE_DEVICES: [0]
[I 2023-11-30 11:48:05,263] Trial 119 finished with value: 0.2188558578491211 and parameters: {'gradient_clip_val': 0.13548395371199548, 'hidden_size': 26, 'dropout': 0.26005194644751506, 'hidden_continuous_size': 24, 'attention_head_size': 4, 'learning_rate': 0.09904448109008744}. Best is trial 100 with value: 0.08364403247833252.
LOCAL_RANK: 0 - CUDA_VISIBLE_DEVICES: [0]
[I 2023-11-30 11:48:17,894] Trial 120 finished with value: 0.23850083351135254 and parameters: {'gradient_clip_val': 0.1701136825063409, 'hidden_size': 34, 'dropout': 0.3222710404476014, 'hidden_continuous_size': 22, 'attention_head_size': 4, 'learning_rate': 0.06552720550214494}. Best is trial 100 with value: 0.08364403247833252.
LOCAL_RANK: 0 - CUDA_VISIBLE_DEVICES: [0]
[I 2023-11-30 11:48:31,623] Trial 121 finished with value: 0.16544435918331146 and parameters: {'gradient_clip_val': 0.1620166728705988, 'hidden_size': 94, 'dropout': 0.31167701876143766, 'hidden_continuous_size': 32, 'attention_head_size': 4, 'learning_rate': 0.07748232726658548}. Best is trial 100 with value: 0.08364403247833252.
LOCAL_RANK: 0 - CUDA_VISIBLE_DEVICES: [0]
[I 2023-11-30 11:48:44,559] Trial 122 finished with value: 0.12980793416500092 and parameters: {'gradient_clip_val': 0.18740813376559107, 'hidden_size': 44, 'dropout': 0.30502275837370796, 'hidden_continuous_size': 25, 'attention_head_size': 4, 'learning_rate': 0.09109480559307925}. Best is trial 100 with value: 0.08364403247833252.
LOCAL_RANK: 0 - CUDA_VISIBLE_DEVICES: [0]
[I 2023-11-30 11:48:57,693] Trial 123 finished with value: 0.1452244371175766 and parameters: {'gradient_clip_val': 0.1946455872394901, 'hidden_size': 47, 'dropout': 0.34047657054995245, 'hidden_continuous_size': 34, 'attention_head_size': 4, 'learning_rate': 0.08244453610255308}. Best is trial 100 with value: 0.08364403247833252.
LOCAL_RANK: 0 - CUDA_VISIBLE_DEVICES: [0]
[I 2023-11-30 11:49:10,782] Trial 124 finished with value: 0.12907135486602783 and parameters: {'gradient_clip_val': 0.2091305808804513, 'hidden_size': 49, 'dropout': 0.3265344628157842, 'hidden_continuous_size': 28, 'attention_head_size': 4, 'learning_rate': 0.07057467737643336}. Best is trial 100 with value: 0.08364403247833252.
LOCAL_RANK: 0 - CUDA_VISIBLE_DEVICES: [0]
[I 2023-11-30 11:49:23,606] Trial 125 finished with value: 0.2531813979148865 and parameters: {'gradient_clip_val': 0.16330886750341797, 'hidden_size': 37, 'dropout': 0.2942586780008797, 'hidden_continuous_size': 26, 'attention_head_size': 3, 'learning_rate': 0.09977109539704211}. Best is trial 100 with value: 0.08364403247833252.
LOCAL_RANK: 0 - CUDA_VISIBLE_DEVICES: [0]
[I 2023-11-30 11:49:36,287] Trial 126 finished with value: 0.17524869740009308 and parameters: {'gradient_clip_val': 0.1544725876746017, 'hidden_size': 35, 'dropout': 0.27443640176827927, 'hidden_continuous_size': 23, 'attention_head_size': 4, 'learning_rate': 0.08471356824862644}. Best is trial 100 with value: 0.08364403247833252.
LOCAL_RANK: 0 - CUDA_VISIBLE_DEVICES: [0]
