[I 2023-11-30 04:06:02,501] Trial 92 finished with value: 1.7297741174697876 and parameters: {'gradient_clip_val': 0.5811896897388342, 'hidden_size': 18, 'dropout': 0.3662131791139185, 'hidden_continuous_size': 16, 'attention_head_size': 2, 'learning_rate': 0.019615660072023994}. Best is trial 19 with value: 1.4923642873764038.
LOCAL_RANK: 0 - CUDA_VISIBLE_DEVICES: [0]
[I 2023-11-30 04:06:14,794] Trial 93 finished with value: 1.5898555517196655 and parameters: {'gradient_clip_val': 0.5142078503378602, 'hidden_size': 25, 'dropout': 0.386915941232714, 'hidden_continuous_size': 15, 'attention_head_size': 2, 'learning_rate': 0.01187811020433298}. Best is trial 19 with value: 1.4923642873764038.
LOCAL_RANK: 0 - CUDA_VISIBLE_DEVICES: [0]
[I 2023-11-30 04:06:27,025] Trial 94 finished with value: 1.6149101257324219 and parameters: {'gradient_clip_val': 0.5348649377584028, 'hidden_size': 27, 'dropout': 0.3864876531965781, 'hidden_continuous_size': 16, 'attention_head_size': 2, 'learning_rate': 0.011822306802578408}. Best is trial 19 with value: 1.4923642873764038.
LOCAL_RANK: 0 - CUDA_VISIBLE_DEVICES: [0]
[I 2023-11-30 04:06:39,459] Trial 95 finished with value: 1.5568732023239136 and parameters: {'gradient_clip_val': 0.5268886161398343, 'hidden_size': 26, 'dropout': 0.3701773009990431, 'hidden_continuous_size': 17, 'attention_head_size': 2, 'learning_rate': 0.011969079689042974}. Best is trial 19 with value: 1.4923642873764038.
LOCAL_RANK: 0 - CUDA_VISIBLE_DEVICES: [0]
[I 2023-11-30 04:06:51,612] Trial 96 finished with value: 1.8033987283706665 and parameters: {'gradient_clip_val': 0.5257300371165226, 'hidden_size': 26, 'dropout': 0.3869704472541229, 'hidden_continuous_size': 17, 'attention_head_size': 2, 'learning_rate': 0.01367129485174328}. Best is trial 19 with value: 1.4923642873764038.
LOCAL_RANK: 0 - CUDA_VISIBLE_DEVICES: [0]
[I 2023-11-30 04:07:03,877] Trial 97 finished with value: 1.6719309091567993 and parameters: {'gradient_clip_val': 0.45519223851545826, 'hidden_size': 28, 'dropout': 0.361316339991432, 'hidden_continuous_size': 16, 'attention_head_size': 3, 'learning_rate': 0.012562447418801906}. Best is trial 19 with value: 1.4923642873764038.
LOCAL_RANK: 0 - CUDA_VISIBLE_DEVICES: [0]
[I 2023-11-30 04:07:16,021] Trial 98 finished with value: 1.5812853574752808 and parameters: {'gradient_clip_val': 0.505372534590822, 'hidden_size': 23, 'dropout': 0.3715858150258586, 'hidden_continuous_size': 16, 'attention_head_size': 2, 'learning_rate': 0.010346408799983607}. Best is trial 19 with value: 1.4923642873764038.
LOCAL_RANK: 0 - CUDA_VISIBLE_DEVICES: [0]
[I 2023-11-30 04:07:28,286] Trial 99 finished with value: 2.433344602584839 and parameters: {'gradient_clip_val': 0.5066416687201056, 'hidden_size': 24, 'dropout': 0.3698872372417843, 'hidden_continuous_size': 17, 'attention_head_size': 2, 'learning_rate': 0.011471366810075542}. Best is trial 19 with value: 1.4923642873764038.
LOCAL_RANK: 0 - CUDA_VISIBLE_DEVICES: [0]
[I 2023-11-30 04:07:40,320] Trial 100 finished with value: 1.9355484247207642 and parameters: {'gradient_clip_val': 0.4423668689903602, 'hidden_size': 22, 'dropout': 0.34884873119779897, 'hidden_continuous_size': 16, 'attention_head_size': 2, 'learning_rate': 0.009469590287268629}. Best is trial 19 with value: 1.4923642873764038.
LOCAL_RANK: 0 - CUDA_VISIBLE_DEVICES: [0]
[I 2023-11-30 04:07:52,475] Trial 101 finished with value: 1.9913517236709595 and parameters: {'gradient_clip_val': 0.5452702258041574, 'hidden_size': 26, 'dropout': 0.3816993658284305, 'hidden_continuous_size': 15, 'attention_head_size': 2, 'learning_rate': 0.015007438985225356}. Best is trial 19 with value: 1.4923642873764038.
LOCAL_RANK: 0 - CUDA_VISIBLE_DEVICES: [0]
[I 2023-11-30 04:08:04,583] Trial 102 finished with value: 1.762734055519104 and parameters: {'gradient_clip_val': 0.609803589150353, 'hidden_size': 23, 'dropout': 0.3939217455151124, 'hidden_continuous_size': 15, 'attention_head_size': 2, 'learning_rate': 0.01716631829804286}. Best is trial 19 with value: 1.4923642873764038.
LOCAL_RANK: 0 - CUDA_VISIBLE_DEVICES: [0]
[I 2023-11-30 04:08:16,707] Trial 103 finished with value: 1.5819765329360962 and parameters: {'gradient_clip_val': 0.48475375951030647, 'hidden_size': 21, 'dropout': 0.3652706195910808, 'hidden_continuous_size': 15, 'attention_head_size': 2, 'learning_rate': 0.01216083249489131}. Best is trial 19 with value: 1.4923642873764038.
LOCAL_RANK: 0 - CUDA_VISIBLE_DEVICES: [0]
[I 2023-11-30 04:08:28,898] Trial 104 finished with value: 1.9294065237045288 and parameters: {'gradient_clip_val': 0.47201729347705096, 'hidden_size': 21, 'dropout': 0.3591481658155323, 'hidden_continuous_size': 15, 'attention_head_size': 2, 'learning_rate': 0.0105824606170458}. Best is trial 19 with value: 1.4923642873764038.
LOCAL_RANK: 0 - CUDA_VISIBLE_DEVICES: [0]
[I 2023-11-30 04:08:40,999] Trial 105 finished with value: 2.276270627975464 and parameters: {'gradient_clip_val': 0.5133912637614115, 'hidden_size': 25, 'dropout': 0.3648786219933861, 'hidden_continuous_size': 17, 'attention_head_size': 2, 'learning_rate': 0.012069059163863534}. Best is trial 19 with value: 1.4923642873764038.
LOCAL_RANK: 0 - CUDA_VISIBLE_DEVICES: [0]
[I 2023-11-30 04:08:53,379] Trial 106 finished with value: 2.170917272567749 and parameters: {'gradient_clip_val': 0.49276325817990146, 'hidden_size': 30, 'dropout': 0.3435765231979682, 'hidden_continuous_size': 19, 'attention_head_size': 2, 'learning_rate': 0.013108389975126328}. Best is trial 19 with value: 1.4923642873764038.
LOCAL_RANK: 0 - CUDA_VISIBLE_DEVICES: [0]
[I 2023-11-30 04:09:05,341] Trial 107 finished with value: 1.6103626489639282 and parameters: {'gradient_clip_val': 0.5649815790423132, 'hidden_size': 20, 'dropout': 0.35576406995496307, 'hidden_continuous_size': 15, 'attention_head_size': 2, 'learning_rate': 0.008594961352440285}. Best is trial 19 with value: 1.4923642873764038.
LOCAL_RANK: 0 - CUDA_VISIBLE_DEVICES: [0]
[I 2023-11-30 04:09:17,460] Trial 108 finished with value: 1.7657889127731323 and parameters: {'gradient_clip_val': 0.5942714562216036, 'hidden_size': 19, 'dropout': 0.35699634993506285, 'hidden_continuous_size': 15, 'attention_head_size': 2, 'learning_rate': 0.008518366288252444}. Best is trial 19 with value: 1.4923642873764038.
LOCAL_RANK: 0 - CUDA_VISIBLE_DEVICES: [0]
[I 2023-11-30 04:09:29,683] Trial 109 finished with value: 1.9546254873275757 and parameters: {'gradient_clip_val': 0.5724631111364358, 'hidden_size': 21, 'dropout': 0.33693404292863954, 'hidden_continuous_size': 15, 'attention_head_size': 2, 'learning_rate': 0.01466256740808764}. Best is trial 19 with value: 1.4923642873764038.
LOCAL_RANK: 0 - CUDA_VISIBLE_DEVICES: [0]
[I 2023-11-30 04:09:41,504] Trial 110 finished with value: 1.6189136505126953 and parameters: {'gradient_clip_val': 0.46228599902350515, 'hidden_size': 20, 'dropout': 0.3718169320493932, 'hidden_continuous_size': 14, 'attention_head_size': 2, 'learning_rate': 0.010872923503652997}. Best is trial 19 with value: 1.4923642873764038.
LOCAL_RANK: 0 - CUDA_VISIBLE_DEVICES: [0]
[I 2023-11-30 04:09:53,674] Trial 111 finished with value: 1.8259369134902954 and parameters: {'gradient_clip_val': 0.5403926427824507, 'hidden_size': 23, 'dropout': 0.35454122685131256, 'hidden_continuous_size': 16, 'attention_head_size': 2, 'learning_rate': 0.009670992877888217}. Best is trial 19 with value: 1.4923642873764038.
LOCAL_RANK: 0 - CUDA_VISIBLE_DEVICES: [0]
[I 2023-11-30 04:10:05,934] Trial 112 finished with value: 1.6764179468154907 and parameters: {'gradient_clip_val': 0.5222537427669959, 'hidden_size': 28, 'dropout': 0.3844969830944754, 'hidden_continuous_size': 18, 'attention_head_size': 2, 'learning_rate': 0.011547996537342602}. Best is trial 19 with value: 1.4923642873764038.
LOCAL_RANK: 0 - CUDA_VISIBLE_DEVICES: [0]
[I 2023-11-30 04:10:18,084] Trial 113 finished with value: 2.1349432468414307 and parameters: {'gradient_clip_val': 0.4852670971729988, 'hidden_size': 27, 'dropout': 0.3656883011207013, 'hidden_continuous_size': 13, 'attention_head_size': 2, 'learning_rate': 0.012534738067903638}. Best is trial 19 with value: 1.4923642873764038.
LOCAL_RANK: 0 - CUDA_VISIBLE_DEVICES: [0]
[I 2023-11-30 04:10:30,251] Trial 114 finished with value: 2.152528762817383 and parameters: {'gradient_clip_val': 0.5475625090015884, 'hidden_size': 24, 'dropout': 0.3703453812065124, 'hidden_continuous_size': 16, 'attention_head_size': 2, 'learning_rate': 0.01683723054615918}. Best is trial 19 with value: 1.4923642873764038.
LOCAL_RANK: 0 - CUDA_VISIBLE_DEVICES: [0]
[I 2023-11-30 04:10:42,540] Trial 115 finished with value: 1.708051085472107 and parameters: {'gradient_clip_val': 0.5693762891449571, 'hidden_size': 32, 'dropout': 0.34950441200346755, 'hidden_continuous_size': 18, 'attention_head_size': 2, 'learning_rate': 0.008908162227078827}. Best is trial 19 with value: 1.4923642873764038.
LOCAL_RANK: 0 - CUDA_VISIBLE_DEVICES: [0]
[I 2023-11-30 04:10:54,588] Trial 116 finished with value: 1.90931236743927 and parameters: {'gradient_clip_val': 0.6075587049062645, 'hidden_size': 19, 'dropout': 0.37519044169486426, 'hidden_continuous_size': 15, 'attention_head_size': 2, 'learning_rate': 0.01027682139144015}. Best is trial 19 with value: 1.4923642873764038.
LOCAL_RANK: 0 - CUDA_VISIBLE_DEVICES: [0]
[I 2023-11-30 04:11:06,594] Trial 117 finished with value: 1.528051733970642 and parameters: {'gradient_clip_val': 0.5024652043489066, 'hidden_size': 21, 'dropout': 0.3867963835464219, 'hidden_continuous_size': 15, 'attention_head_size': 2, 'learning_rate': 0.013406628507099118}. Best is trial 19 with value: 1.4923642873764038.
LOCAL_RANK: 0 - CUDA_VISIBLE_DEVICES: [0]
[I 2023-11-30 04:11:18,703] Trial 118 finished with value: 1.9817172288894653 and parameters: {'gradient_clip_val': 0.51082568253257, 'hidden_size': 22, 'dropout': 0.3259701947120805, 'hidden_continuous_size': 15, 'attention_head_size': 2, 'learning_rate': 0.00734682227496349}. Best is trial 19 with value: 1.4923642873764038.
LOCAL_RANK: 0 - CUDA_VISIBLE_DEVICES: [0]
[I 2023-11-30 04:11:31,089] Trial 119 finished with value: 1.5816129446029663 and parameters: {'gradient_clip_val': 0.41129267582241785, 'hidden_size': 18, 'dropout': 0.3632002153632944, 'hidden_continuous_size': 15, 'attention_head_size': 2, 'learning_rate': 0.0137249988871331}. Best is trial 19 with value: 1.4923642873764038.
LOCAL_RANK: 0 - CUDA_VISIBLE_DEVICES: [0]
[I 2023-11-30 04:11:43,109] Trial 120 finished with value: 1.7849349975585938 and parameters: {'gradient_clip_val': 0.41791888219056167, 'hidden_size': 17, 'dropout': 0.37811917872719725, 'hidden_continuous_size': 14, 'attention_head_size': 2, 'learning_rate': 0.014345596062019126}. Best is trial 19 with value: 1.4923642873764038.
LOCAL_RANK: 0 - CUDA_VISIBLE_DEVICES: [0]
[I 2023-11-30 04:11:55,068] Trial 121 finished with value: 1.6536340713500977 and parameters: {'gradient_clip_val': 0.4727355041377652, 'hidden_size': 20, 'dropout': 0.35930962604899747, 'hidden_continuous_size': 15, 'attention_head_size': 2, 'learning_rate': 0.013640641430558173}. Best is trial 19 with value: 1.4923642873764038.
LOCAL_RANK: 0 - CUDA_VISIBLE_DEVICES: [0]
[I 2023-11-30 04:12:07,031] Trial 122 finished with value: 1.914144515991211 and parameters: {'gradient_clip_val': 0.44332815584915425, 'hidden_size': 18, 'dropout': 0.36387787254458864, 'hidden_continuous_size': 15, 'attention_head_size': 2, 'learning_rate': 0.016066506916121624}. Best is trial 19 with value: 1.4923642873764038.
LOCAL_RANK: 0 - CUDA_VISIBLE_DEVICES: [0]
[I 2023-11-30 04:12:19,206] Trial 123 finished with value: 2.485586166381836 and parameters: {'gradient_clip_val': 0.4964655705132947, 'hidden_size': 23, 'dropout': 0.33160167024464543, 'hidden_continuous_size': 14, 'attention_head_size': 2, 'learning_rate': 0.01788430323569978}. Best is trial 19 with value: 1.4923642873764038.
LOCAL_RANK: 0 - CUDA_VISIBLE_DEVICES: [0]
[I 2023-11-30 04:12:31,599] Trial 124 finished with value: 1.7229194641113281 and parameters: {'gradient_clip_val': 0.5670582556339229, 'hidden_size': 25, 'dropout': 0.37123635157364604, 'hidden_continuous_size': 16, 'attention_head_size': 2, 'learning_rate': 0.02056187771258676}. Best is trial 19 with value: 1.4923642873764038.
LOCAL_RANK: 0 - CUDA_VISIBLE_DEVICES: [0]
[I 2023-11-30 04:12:43,616] Trial 125 finished with value: 1.665876865386963 and parameters: {'gradient_clip_val': 0.5106270794167734, 'hidden_size': 21, 'dropout': 0.3409983382367408, 'hidden_continuous_size': 15, 'attention_head_size': 2, 'learning_rate': 0.010722505764721826}. Best is trial 19 with value: 1.4923642873764038.
LOCAL_RANK: 0 - CUDA_VISIBLE_DEVICES: [0]
[I 2023-11-30 04:12:55,478] Trial 126 finished with value: 2.2271459102630615 and parameters: {'gradient_clip_val': 0.45722279573008023, 'hidden_size': 16, 'dropout': 0.35218109132491004, 'hidden_continuous_size': 13, 'attention_head_size': 2, 'learning_rate': 0.012638213070851965}. Best is trial 19 with value: 1.4923642873764038.
LOCAL_RANK: 0 - CUDA_VISIBLE_DEVICES: [0]
[I 2023-11-30 04:13:07,591] Trial 127 finished with value: 1.9433603286743164 and parameters: {'gradient_clip_val': 0.4781103594043476, 'hidden_size': 18, 'dropout': 0.345639013606688, 'hidden_continuous_size': 12, 'attention_head_size': 2, 'learning_rate': 0.008054079282387544}. Best is trial 19 with value: 1.4923642873764038.
LOCAL_RANK: 0 - CUDA_VISIBLE_DEVICES: [0]
[I 2023-11-30 04:13:19,592] Trial 128 finished with value: 2.0599288940429688 and parameters: {'gradient_clip_val': 0.6358919772538089, 'hidden_size': 21, 'dropout': 0.38101584541461603, 'hidden_continuous_size': 15, 'attention_head_size': 2, 'learning_rate': 0.00987709124328887}. Best is trial 19 with value: 1.4923642873764038.
LOCAL_RANK: 0 - CUDA_VISIBLE_DEVICES: [0]
[I 2023-11-30 04:13:31,851] Trial 129 finished with value: 1.8148757219314575 and parameters: {'gradient_clip_val': 0.4341562955321202, 'hidden_size': 19, 'dropout': 0.3930419292820301, 'hidden_continuous_size': 15, 'attention_head_size': 2, 'learning_rate': 0.014667974923165733}. Best is trial 19 with value: 1.4923642873764038.
LOCAL_RANK: 0 - CUDA_VISIBLE_DEVICES: [0]
[I 2023-11-30 04:13:43,648] Trial 130 finished with value: 1.622271180152893 and parameters: {'gradient_clip_val': 0.41109120318158326, 'hidden_size': 20, 'dropout': 0.36688632714074143, 'hidden_continuous_size': 14, 'attention_head_size': 2, 'learning_rate': 0.01843126557687094}. Best is trial 19 with value: 1.4923642873764038.
LOCAL_RANK: 0 - CUDA_VISIBLE_DEVICES: [0]
[I 2023-11-30 04:13:55,950] Trial 131 finished with value: 2.097656488418579 and parameters: {'gradient_clip_val': 0.5365682273630243, 'hidden_size': 26, 'dropout': 0.3856157971600668, 'hidden_continuous_size': 16, 'attention_head_size': 2, 'learning_rate': 0.012118333363790338}. Best is trial 19 with value: 1.4923642873764038.
LOCAL_RANK: 0 - CUDA_VISIBLE_DEVICES: [0]
[I 2023-11-30 04:14:08,026] Trial 132 finished with value: 1.6489914655685425 and parameters: {'gradient_clip_val': 0.5335072552146797, 'hidden_size': 23, 'dropout': 0.3864257932972875, 'hidden_continuous_size': 16, 'attention_head_size': 2, 'learning_rate': 0.01362649579726318}. Best is trial 19 with value: 1.4923642873764038.
LOCAL_RANK: 0 - CUDA_VISIBLE_DEVICES: [0]
[I 2023-11-30 04:14:20,021] Trial 133 finished with value: 1.7131438255310059 and parameters: {'gradient_clip_val': 0.57519520016536, 'hidden_size': 24, 'dropout': 0.37582993364134365, 'hidden_continuous_size': 21, 'attention_head_size': 2, 'learning_rate': 0.009022111388790017}. Best is trial 19 with value: 1.4923642873764038.
LOCAL_RANK: 0 - CUDA_VISIBLE_DEVICES: [0]
[I 2023-11-30 04:14:32,569] Trial 134 finished with value: 1.649387001991272 and parameters: {'gradient_clip_val': 0.4900252611581275, 'hidden_size': 29, 'dropout': 0.3898599598047494, 'hidden_continuous_size': 17, 'attention_head_size': 2, 'learning_rate': 0.011612362701748057}. Best is trial 19 with value: 1.4923642873764038.
LOCAL_RANK: 0 - CUDA_VISIBLE_DEVICES: [0]
[I 2023-11-30 04:14:44,699] Trial 135 finished with value: 2.173435926437378 and parameters: {'gradient_clip_val': 0.5174531952993124, 'hidden_size': 17, 'dropout': 0.35785328501594077, 'hidden_continuous_size': 12, 'attention_head_size': 2, 'learning_rate': 0.010761139527942923}. Best is trial 19 with value: 1.4923642873764038.
LOCAL_RANK: 0 - CUDA_VISIBLE_DEVICES: [0]
[I 2023-11-30 04:14:56,712] Trial 136 finished with value: 2.0374252796173096 and parameters: {'gradient_clip_val': 0.5513927886492074, 'hidden_size': 19, 'dropout': 0.3712068066249558, 'hidden_continuous_size': 15, 'attention_head_size': 2, 'learning_rate': 0.016318154893346037}. Best is trial 19 with value: 1.4923642873764038.
LOCAL_RANK: 0 - CUDA_VISIBLE_DEVICES: [0]
[I 2023-11-30 04:15:09,037] Trial 137 finished with value: 1.9327902793884277 and parameters: {'gradient_clip_val': 0.5986205706607995, 'hidden_size': 27, 'dropout': 0.3629166370745975, 'hidden_continuous_size': 16, 'attention_head_size': 2, 'learning_rate': 0.009841628197958729}. Best is trial 19 with value: 1.4923642873764038.
LOCAL_RANK: 0 - CUDA_VISIBLE_DEVICES: [0]
[I 2023-11-30 04:15:21,267] Trial 138 finished with value: 1.6773699522018433 and parameters: {'gradient_clip_val': 0.6711892655934083, 'hidden_size': 22, 'dropout': 0.35511413039133655, 'hidden_continuous_size': 16, 'attention_head_size': 2, 'learning_rate': 0.012956730265547006}. Best is trial 19 with value: 1.4923642873764038.
LOCAL_RANK: 0 - CUDA_VISIBLE_DEVICES: [0]
[I 2023-11-30 04:15:33,504] Trial 139 finished with value: 1.7233556509017944 and parameters: {'gradient_clip_val': 0.4942073857368823, 'hidden_size': 17, 'dropout': 0.3795010049327768, 'hidden_continuous_size': 15, 'attention_head_size': 3, 'learning_rate': 0.015282933132328737}. Best is trial 19 with value: 1.4923642873764038.
LOCAL_RANK: 0 - CUDA_VISIBLE_DEVICES: [0]
[I 2023-11-30 04:15:45,649] Trial 140 finished with value: 1.780084490776062 and parameters: {'gradient_clip_val': 0.4626647516957978, 'hidden_size': 21, 'dropout': 0.289012177039088, 'hidden_continuous_size': 14, 'attention_head_size': 2, 'learning_rate': 0.025098043954492163}. Best is trial 19 with value: 1.4923642873764038.
LOCAL_RANK: 0 - CUDA_VISIBLE_DEVICES: [0]
[I 2023-11-30 04:15:57,858] Trial 141 finished with value: 1.9785484075546265 and parameters: {'gradient_clip_val': 0.6239358301304442, 'hidden_size': 25, 'dropout': 0.3986590400319145, 'hidden_continuous_size': 17, 'attention_head_size': 2, 'learning_rate': 0.01142694284086015}. Best is trial 19 with value: 1.4923642873764038.
LOCAL_RANK: 0 - CUDA_VISIBLE_DEVICES: [0]
[I 2023-11-30 04:16:09,669] Trial 142 finished with value: 2.097808837890625 and parameters: {'gradient_clip_val': 0.5441832274831281, 'hidden_size': 16, 'dropout': 0.3925311737645772, 'hidden_continuous_size': 15, 'attention_head_size': 2, 'learning_rate': 0.013443101621758826}. Best is trial 19 with value: 1.4923642873764038.
LOCAL_RANK: 0 - CUDA_VISIBLE_DEVICES: [0]
[I 2023-11-30 04:16:21,727] Trial 143 finished with value: 1.8677526712417603 and parameters: {'gradient_clip_val': 0.5700390497053598, 'hidden_size': 22, 'dropout': 0.3836479137399127, 'hidden_continuous_size': 16, 'attention_head_size': 2, 'learning_rate': 0.008035946178923834}. Best is trial 19 with value: 1.4923642873764038.
LOCAL_RANK: 0 - CUDA_VISIBLE_DEVICES: [0]
[I 2023-11-30 04:16:33,860] Trial 144 finished with value: 1.6803570985794067 and parameters: {'gradient_clip_val': 0.5156759714992273, 'hidden_size': 20, 'dropout': 0.3892860995114565, 'hidden_continuous_size': 15, 'attention_head_size': 2, 'learning_rate': 0.010608318203433413}. Best is trial 19 with value: 1.4923642873764038.
LOCAL_RANK: 0 - CUDA_VISIBLE_DEVICES: [0]
[I 2023-11-30 04:16:45,695] Trial 145 finished with value: 1.8710378408432007 and parameters: {'gradient_clip_val': 0.593470846375176, 'hidden_size': 24, 'dropout': 0.374560570910912, 'hidden_continuous_size': 13, 'attention_head_size': 1, 'learning_rate': 0.009405688418970687}. Best is trial 19 with value: 1.4923642873764038.
LOCAL_RANK: 0 - CUDA_VISIBLE_DEVICES: [0]
[I 2023-11-30 04:16:58,136] Trial 146 finished with value: 1.5853947401046753 and parameters: {'gradient_clip_val': 0.5401109851067352, 'hidden_size': 32, 'dropout': 0.36761622494410345, 'hidden_continuous_size': 29, 'attention_head_size': 2, 'learning_rate': 0.012496748293620562}. Best is trial 19 with value: 1.4923642873764038.
LOCAL_RANK: 0 - CUDA_VISIBLE_DEVICES: [0]
[I 2023-11-30 04:17:10,597] Trial 147 finished with value: 1.7381895780563354 and parameters: {'gradient_clip_val': 0.5346892628605608, 'hidden_size': 30, 'dropout': 0.3659476850402168, 'hidden_continuous_size': 25, 'attention_head_size': 2, 'learning_rate': 0.011967378070760733}. Best is trial 19 with value: 1.4923642873764038.
LOCAL_RANK: 0 - CUDA_VISIBLE_DEVICES: [0]
[I 2023-11-30 04:17:22,986] Trial 148 finished with value: 2.01481032371521 and parameters: {'gradient_clip_val': 0.4743910282361093, 'hidden_size': 25, 'dropout': 0.3473304372289823, 'hidden_continuous_size': 24, 'attention_head_size': 2, 'learning_rate': 0.02235518022611497}. Best is trial 19 with value: 1.4923642873764038.
LOCAL_RANK: 0 - CUDA_VISIBLE_DEVICES: [0]
