[I 2023-11-30 08:44:34,202] Trial 50 finished with value: 0.15421462059020996 and parameters: {'gradient_clip_val': 0.6528659377144526, 'hidden_size': 67, 'dropout': 0.2993250437478828, 'hidden_continuous_size': 40, 'attention_head_size': 2, 'learning_rate': 0.07919406536432037}. Best is trial 32 with value: 0.15321259200572968.
LOCAL_RANK: 0 - CUDA_VISIBLE_DEVICES: [0]
[I 2023-11-30 08:44:47,707] Trial 51 finished with value: 0.23977650701999664 and parameters: {'gradient_clip_val': 0.6666727782733687, 'hidden_size': 67, 'dropout': 0.305816111114554, 'hidden_continuous_size': 40, 'attention_head_size': 2, 'learning_rate': 0.08275580602300464}. Best is trial 32 with value: 0.15321259200572968.
LOCAL_RANK: 0 - CUDA_VISIBLE_DEVICES: [0]
[I 2023-11-30 08:45:01,662] Trial 52 finished with value: 0.3635118305683136 and parameters: {'gradient_clip_val': 0.5663954645828505, 'hidden_size': 101, 'dropout': 0.2958459472418001, 'hidden_continuous_size': 34, 'attention_head_size': 2, 'learning_rate': 0.09990380840540085}. Best is trial 32 with value: 0.15321259200572968.
LOCAL_RANK: 0 - CUDA_VISIBLE_DEVICES: [0]
[I 2023-11-30 08:45:15,631] Trial 53 finished with value: 0.19483667612075806 and parameters: {'gradient_clip_val': 0.8348479961265022, 'hidden_size': 87, 'dropout': 0.3269372085892319, 'hidden_continuous_size': 48, 'attention_head_size': 1, 'learning_rate': 0.05935816642682248}. Best is trial 32 with value: 0.15321259200572968.
LOCAL_RANK: 0 - CUDA_VISIBLE_DEVICES: [0]
[I 2023-11-30 08:45:29,076] Trial 54 finished with value: 0.26105380058288574 and parameters: {'gradient_clip_val': 0.6280247796137213, 'hidden_size': 57, 'dropout': 0.30056726524707317, 'hidden_continuous_size': 39, 'attention_head_size': 2, 'learning_rate': 0.06979668450781147}. Best is trial 32 with value: 0.15321259200572968.
LOCAL_RANK: 0 - CUDA_VISIBLE_DEVICES: [0]
[I 2023-11-30 08:45:42,829] Trial 55 finished with value: 0.3294930160045624 and parameters: {'gradient_clip_val': 0.7262029064346304, 'hidden_size': 69, 'dropout': 0.2892653323699503, 'hidden_continuous_size': 47, 'attention_head_size': 2, 'learning_rate': 0.044126902760774064}. Best is trial 32 with value: 0.15321259200572968.
LOCAL_RANK: 0 - CUDA_VISIBLE_DEVICES: [0]
[I 2023-11-30 08:45:56,808] Trial 56 finished with value: 0.3346504271030426 and parameters: {'gradient_clip_val': 0.5663907509882669, 'hidden_size': 99, 'dropout': 0.2570258175079359, 'hidden_continuous_size': 35, 'attention_head_size': 3, 'learning_rate': 0.0356615802131904}. Best is trial 32 with value: 0.15321259200572968.
LOCAL_RANK: 0 - CUDA_VISIBLE_DEVICES: [0]
[I 2023-11-30 08:46:09,937] Trial 57 finished with value: 0.3947599232196808 and parameters: {'gradient_clip_val': 0.9879671266949319, 'hidden_size': 41, 'dropout': 0.31204534272190415, 'hidden_continuous_size': 37, 'attention_head_size': 3, 'learning_rate': 0.08073405690596314}. Best is trial 32 with value: 0.15321259200572968.
LOCAL_RANK: 0 - CUDA_VISIBLE_DEVICES: [0]
[I 2023-11-30 08:46:23,534] Trial 58 finished with value: 0.25063958764076233 and parameters: {'gradient_clip_val': 0.6629902020570859, 'hidden_size': 72, 'dropout': 0.36673172172248636, 'hidden_continuous_size': 40, 'attention_head_size': 1, 'learning_rate': 0.063045539694144}. Best is trial 32 with value: 0.15321259200572968.
LOCAL_RANK: 0 - CUDA_VISIBLE_DEVICES: [0]
[I 2023-11-30 08:46:37,888] Trial 59 finished with value: 0.3878439962863922 and parameters: {'gradient_clip_val': 0.476367794499941, 'hidden_size': 139, 'dropout': 0.24399430078963597, 'hidden_continuous_size': 57, 'attention_head_size': 2, 'learning_rate': 0.05371698978405984}. Best is trial 32 with value: 0.15321259200572968.
LOCAL_RANK: 0 - CUDA_VISIBLE_DEVICES: [0]
[I 2023-11-30 08:46:52,058] Trial 60 finished with value: 0.26879847049713135 and parameters: {'gradient_clip_val': 0.805242274142966, 'hidden_size': 120, 'dropout': 0.25714816672775503, 'hidden_continuous_size': 60, 'attention_head_size': 4, 'learning_rate': 0.033102598903972213}. Best is trial 32 with value: 0.15321259200572968.
LOCAL_RANK: 0 - CUDA_VISIBLE_DEVICES: [0]
[I 2023-11-30 08:47:05,964] Trial 61 finished with value: 0.22895200550556183 and parameters: {'gradient_clip_val': 0.49044564165230436, 'hidden_size': 84, 'dropout': 0.27136972852831226, 'hidden_continuous_size': 52, 'attention_head_size': 4, 'learning_rate': 0.05624740717065914}. Best is trial 32 with value: 0.15321259200572968.
LOCAL_RANK: 0 - CUDA_VISIBLE_DEVICES: [0]
[I 2023-11-30 08:47:19,970] Trial 62 finished with value: 0.13680751621723175 and parameters: {'gradient_clip_val': 0.5975394600288375, 'hidden_size': 90, 'dropout': 0.2879916636124837, 'hidden_continuous_size': 33, 'attention_head_size': 4, 'learning_rate': 0.05474240835528242}. Best is trial 62 with value: 0.13680751621723175.
LOCAL_RANK: 0 - CUDA_VISIBLE_DEVICES: [0]
[I 2023-11-30 08:47:34,131] Trial 63 finished with value: 0.24079962074756622 and parameters: {'gradient_clip_val': 0.615835361015314, 'hidden_size': 94, 'dropout': 0.3044992026653293, 'hidden_continuous_size': 34, 'attention_head_size': 4, 'learning_rate': 0.04060493621370971}. Best is trial 62 with value: 0.13680751621723175.
LOCAL_RANK: 0 - CUDA_VISIBLE_DEVICES: [0]
[I 2023-11-30 08:47:48,185] Trial 64 finished with value: 0.33126550912857056 and parameters: {'gradient_clip_val': 0.7018726005360907, 'hidden_size': 105, 'dropout': 0.2867479393812345, 'hidden_continuous_size': 32, 'attention_head_size': 4, 'learning_rate': 0.08669341976798359}. Best is trial 62 with value: 0.13680751621723175.
LOCAL_RANK: 0 - CUDA_VISIBLE_DEVICES: [0]
[I 2023-11-30 08:48:02,115] Trial 65 finished with value: 0.2238444834947586 and parameters: {'gradient_clip_val': 0.5559782779385398, 'hidden_size': 87, 'dropout': 0.26329129858118977, 'hidden_continuous_size': 41, 'attention_head_size': 4, 'learning_rate': 0.044388892647246055}. Best is trial 62 with value: 0.13680751621723175.
LOCAL_RANK: 0 - CUDA_VISIBLE_DEVICES: [0]
[I 2023-11-30 08:48:16,086] Trial 66 finished with value: 0.4320695400238037 and parameters: {'gradient_clip_val': 0.7522935909359776, 'hidden_size': 116, 'dropout': 0.2953969970361503, 'hidden_continuous_size': 31, 'attention_head_size': 4, 'learning_rate': 0.06943134329241575}. Best is trial 62 with value: 0.13680751621723175.
LOCAL_RANK: 0 - CUDA_VISIBLE_DEVICES: [0]
[I 2023-11-30 08:48:29,911] Trial 67 finished with value: 0.36370930075645447 and parameters: {'gradient_clip_val': 0.6406300137268705, 'hidden_size': 74, 'dropout': 0.24972016107024966, 'hidden_continuous_size': 37, 'attention_head_size': 4, 'learning_rate': 0.05121903862210635}. Best is trial 62 with value: 0.13680751621723175.
LOCAL_RANK: 0 - CUDA_VISIBLE_DEVICES: [0]
[I 2023-11-30 08:48:43,693] Trial 68 finished with value: 0.17791800200939178 and parameters: {'gradient_clip_val': 0.5960056554084122, 'hidden_size': 55, 'dropout': 0.3184581557662369, 'hidden_continuous_size': 42, 'attention_head_size': 4, 'learning_rate': 0.08285760967169162}. Best is trial 62 with value: 0.13680751621723175.
LOCAL_RANK: 0 - CUDA_VISIBLE_DEVICES: [0]
[I 2023-11-30 08:48:57,236] Trial 69 finished with value: 0.2119164615869522 and parameters: {'gradient_clip_val': 0.4392759662383699, 'hidden_size': 62, 'dropout': 0.31684841255666374, 'hidden_continuous_size': 46, 'attention_head_size': 3, 'learning_rate': 0.08499485042098281}. Best is trial 62 with value: 0.13680751621723175.
LOCAL_RANK: 0 - CUDA_VISIBLE_DEVICES: [0]
[I 2023-11-30 08:49:10,824] Trial 70 finished with value: 0.20478864014148712 and parameters: {'gradient_clip_val': 0.5402501151559495, 'hidden_size': 53, 'dropout': 0.3098927514493941, 'hidden_continuous_size': 42, 'attention_head_size': 4, 'learning_rate': 0.07240186485799428}. Best is trial 62 with value: 0.13680751621723175.
LOCAL_RANK: 0 - CUDA_VISIBLE_DEVICES: [0]
[I 2023-11-30 08:49:24,230] Trial 71 finished with value: 0.17619526386260986 and parameters: {'gradient_clip_val': 0.6045744568513411, 'hidden_size': 47, 'dropout': 0.2831713483205046, 'hidden_continuous_size': 38, 'attention_head_size': 4, 'learning_rate': 0.061441879165122684}. Best is trial 62 with value: 0.13680751621723175.
LOCAL_RANK: 0 - CUDA_VISIBLE_DEVICES: [0]
[I 2023-11-30 08:49:37,436] Trial 72 finished with value: 0.3515649735927582 and parameters: {'gradient_clip_val': 0.7023270249070601, 'hidden_size': 44, 'dropout': 0.32060397585523565, 'hidden_continuous_size': 38, 'attention_head_size': 4, 'learning_rate': 0.06242158308116403}. Best is trial 62 with value: 0.13680751621723175.
LOCAL_RANK: 0 - CUDA_VISIBLE_DEVICES: [0]
[I 2023-11-30 08:49:51,292] Trial 73 finished with value: 0.3382684290409088 and parameters: {'gradient_clip_val': 0.5920620446371724, 'hidden_size': 65, 'dropout': 0.2987891592584341, 'hidden_continuous_size': 35, 'attention_head_size': 4, 'learning_rate': 0.0818472188039413}. Best is trial 62 with value: 0.13680751621723175.
LOCAL_RANK: 0 - CUDA_VISIBLE_DEVICES: [0]
[I 2023-11-30 08:50:04,940] Trial 74 finished with value: 0.37208354473114014 and parameters: {'gradient_clip_val': 0.6185408585540738, 'hidden_size': 57, 'dropout': 0.2829939122538465, 'hidden_continuous_size': 43, 'attention_head_size': 4, 'learning_rate': 0.06206463019062317}. Best is trial 62 with value: 0.13680751621723175.
LOCAL_RANK: 0 - CUDA_VISIBLE_DEVICES: [0]
[I 2023-11-30 08:50:18,729] Trial 75 finished with value: 0.5264955163002014 and parameters: {'gradient_clip_val': 0.5364305572116005, 'hidden_size': 69, 'dropout': 0.27171335013950765, 'hidden_continuous_size': 39, 'attention_head_size': 4, 'learning_rate': 0.05433486997077302}. Best is trial 62 with value: 0.13680751621723175.
LOCAL_RANK: 0 - CUDA_VISIBLE_DEVICES: [0]
[I 2023-11-30 08:50:32,098] Trial 76 finished with value: 0.21778178215026855 and parameters: {'gradient_clip_val': 0.4945789967910179, 'hidden_size': 48, 'dropout': 0.3364630852698079, 'hidden_continuous_size': 42, 'attention_head_size': 4, 'learning_rate': 0.09071218707489198}. Best is trial 62 with value: 0.13680751621723175.
LOCAL_RANK: 0 - CUDA_VISIBLE_DEVICES: [0]
[I 2023-11-30 08:50:46,042] Trial 77 finished with value: 0.47099530696868896 and parameters: {'gradient_clip_val': 0.6598327041789868, 'hidden_size': 79, 'dropout': 0.30643473928150294, 'hidden_continuous_size': 45, 'attention_head_size': 4, 'learning_rate': 0.0752569211756622}. Best is trial 62 with value: 0.13680751621723175.
LOCAL_RANK: 0 - CUDA_VISIBLE_DEVICES: [0]
[I 2023-11-30 08:50:59,903] Trial 78 finished with value: 0.1890992969274521 and parameters: {'gradient_clip_val': 0.5984880806595236, 'hidden_size': 75, 'dropout': 0.28219880004721143, 'hidden_continuous_size': 30, 'attention_head_size': 4, 'learning_rate': 0.042547511365057245}. Best is trial 62 with value: 0.13680751621723175.
LOCAL_RANK: 0 - CUDA_VISIBLE_DEVICES: [0]
[I 2023-11-30 08:51:13,449] Trial 79 finished with value: 0.20883126556873322 and parameters: {'gradient_clip_val': 0.7316131626022372, 'hidden_size': 65, 'dropout': 0.2900320946961201, 'hidden_continuous_size': 45, 'attention_head_size': 4, 'learning_rate': 0.06689963627452605}. Best is trial 62 with value: 0.13680751621723175.
LOCAL_RANK: 0 - CUDA_VISIBLE_DEVICES: [0]
[I 2023-11-30 08:51:27,344] Trial 80 finished with value: 0.6303197741508484 and parameters: {'gradient_clip_val': 0.5337808150020886, 'hidden_size': 94, 'dropout': 0.3226927980649162, 'hidden_continuous_size': 33, 'attention_head_size': 3, 'learning_rate': 0.05249846430578258}. Best is trial 62 with value: 0.13680751621723175.
LOCAL_RANK: 0 - CUDA_VISIBLE_DEVICES: [0]
[I 2023-11-30 08:51:41,430] Trial 81 finished with value: 0.1697155088186264 and parameters: {'gradient_clip_val': 0.5819795290297447, 'hidden_size': 108, 'dropout': 0.268107310362571, 'hidden_continuous_size': 51, 'attention_head_size': 4, 'learning_rate': 0.0475084339456128}. Best is trial 62 with value: 0.13680751621723175.
LOCAL_RANK: 0 - CUDA_VISIBLE_DEVICES: [0]
[I 2023-11-30 08:51:55,684] Trial 82 finished with value: 0.215115487575531 and parameters: {'gradient_clip_val': 0.582002347379204, 'hidden_size': 110, 'dropout': 0.27409354590598817, 'hidden_continuous_size': 52, 'attention_head_size': 4, 'learning_rate': 0.036566615328672954}. Best is trial 62 with value: 0.13680751621723175.
LOCAL_RANK: 0 - CUDA_VISIBLE_DEVICES: [0]
[I 2023-11-30 08:52:09,853] Trial 83 finished with value: 0.44078123569488525 and parameters: {'gradient_clip_val': 0.6431539800626102, 'hidden_size': 83, 'dropout': 0.26475799243420406, 'hidden_continuous_size': 50, 'attention_head_size': 4, 'learning_rate': 0.045458938518163676}. Best is trial 62 with value: 0.13680751621723175.
LOCAL_RANK: 0 - CUDA_VISIBLE_DEVICES: [0]
[I 2023-11-30 08:52:23,635] Trial 84 finished with value: 0.24469272792339325 and parameters: {'gradient_clip_val': 0.6898839553612757, 'hidden_size': 88, 'dropout': 0.30118282633779847, 'hidden_continuous_size': 36, 'attention_head_size': 4, 'learning_rate': 0.05749810853651194}. Best is trial 62 with value: 0.13680751621723175.
LOCAL_RANK: 0 - CUDA_VISIBLE_DEVICES: [0]
[I 2023-11-30 08:52:37,767] Trial 85 finished with value: 0.7892888188362122 and parameters: {'gradient_clip_val': 0.7654441605504168, 'hidden_size': 105, 'dropout': 0.2922158814795169, 'hidden_continuous_size': 47, 'attention_head_size': 4, 'learning_rate': 0.0982608269806732}. Best is trial 62 with value: 0.13680751621723175.
LOCAL_RANK: 0 - CUDA_VISIBLE_DEVICES: [0]
[I 2023-11-30 08:52:51,604] Trial 86 finished with value: 0.28068479895591736 and parameters: {'gradient_clip_val': 0.4928996866425535, 'hidden_size': 78, 'dropout': 0.27933243488381276, 'hidden_continuous_size': 40, 'attention_head_size': 4, 'learning_rate': 0.07802301250225747}. Best is trial 62 with value: 0.13680751621723175.
LOCAL_RANK: 0 - CUDA_VISIBLE_DEVICES: [0]
[I 2023-11-30 08:53:05,326] Trial 87 finished with value: 0.186056450009346 and parameters: {'gradient_clip_val': 0.6084837483211585, 'hidden_size': 72, 'dropout': 0.3105046128199859, 'hidden_continuous_size': 43, 'attention_head_size': 4, 'learning_rate': 0.04972574252338057}. Best is trial 62 with value: 0.13680751621723175.
LOCAL_RANK: 0 - CUDA_VISIBLE_DEVICES: [0]
[I 2023-11-30 08:53:19,497] Trial 88 finished with value: 0.2832920253276825 and parameters: {'gradient_clip_val': 0.5433269357824406, 'hidden_size': 93, 'dropout': 0.2696837263696332, 'hidden_continuous_size': 54, 'attention_head_size': 2, 'learning_rate': 0.06741472009404184}. Best is trial 62 with value: 0.13680751621723175.
LOCAL_RANK: 0 - CUDA_VISIBLE_DEVICES: [0]
[I 2023-11-30 08:53:33,603] Trial 89 finished with value: 0.19117431342601776 and parameters: {'gradient_clip_val': 0.4553615177734078, 'hidden_size': 100, 'dropout': 0.2941672652357631, 'hidden_continuous_size': 50, 'attention_head_size': 4, 'learning_rate': 0.090174352999999}. Best is trial 62 with value: 0.13680751621723175.
LOCAL_RANK: 0 - CUDA_VISIBLE_DEVICES: [0]
[I 2023-11-30 08:53:47,508] Trial 90 finished with value: 0.2567579746246338 and parameters: {'gradient_clip_val': 0.682354322152568, 'hidden_size': 97, 'dropout': 0.253064100203279, 'hidden_continuous_size': 37, 'attention_head_size': 2, 'learning_rate': 0.03971216969184236}. Best is trial 62 with value: 0.13680751621723175.
LOCAL_RANK: 0 - CUDA_VISIBLE_DEVICES: [0]
[I 2023-11-30 08:54:01,371] Trial 91 finished with value: 0.17437921464443207 and parameters: {'gradient_clip_val': 0.6127620536531111, 'hidden_size': 73, 'dropout': 0.30962533499732753, 'hidden_continuous_size': 44, 'attention_head_size': 4, 'learning_rate': 0.04969171100481225}. Best is trial 62 with value: 0.13680751621723175.
LOCAL_RANK: 0 - CUDA_VISIBLE_DEVICES: [0]
[I 2023-11-30 08:54:15,051] Trial 92 finished with value: 0.37735724449157715 and parameters: {'gradient_clip_val': 0.5739874822562363, 'hidden_size': 69, 'dropout': 0.315616802386004, 'hidden_continuous_size': 45, 'attention_head_size': 4, 'learning_rate': 0.05859402569833359}. Best is trial 62 with value: 0.13680751621723175.
LOCAL_RANK: 0 - CUDA_VISIBLE_DEVICES: [0]
[I 2023-11-30 08:54:29,082] Trial 93 finished with value: 0.3074190318584442 and parameters: {'gradient_clip_val': 0.6224090468711231, 'hidden_size': 81, 'dropout': 0.30541218767691464, 'hidden_continuous_size': 40, 'attention_head_size': 4, 'learning_rate': 0.04629013583943423}. Best is trial 62 with value: 0.13680751621723175.
LOCAL_RANK: 0 - CUDA_VISIBLE_DEVICES: [0]
[I 2023-11-30 08:54:43,171] Trial 94 finished with value: 0.21302080154418945 and parameters: {'gradient_clip_val': 0.5158208025810682, 'hidden_size': 87, 'dropout': 0.28302241217138224, 'hidden_continuous_size': 49, 'attention_head_size': 4, 'learning_rate': 0.06657880520443661}. Best is trial 62 with value: 0.13680751621723175.
LOCAL_RANK: 0 - CUDA_VISIBLE_DEVICES: [0]
[I 2023-11-30 08:54:56,771] Trial 95 finished with value: 0.624094545841217 and parameters: {'gradient_clip_val': 0.6357102438727974, 'hidden_size': 64, 'dropout': 0.2971138783558364, 'hidden_continuous_size': 46, 'attention_head_size': 4, 'learning_rate': 0.0326529537601774}. Best is trial 62 with value: 0.13680751621723175.
LOCAL_RANK: 0 - CUDA_VISIBLE_DEVICES: [0]
[I 2023-11-30 08:55:10,437] Trial 96 finished with value: 0.17355914413928986 and parameters: {'gradient_clip_val': 0.5640656925297809, 'hidden_size': 54, 'dropout': 0.32309644237270835, 'hidden_continuous_size': 43, 'attention_head_size': 4, 'learning_rate': 0.05213400450787417}. Best is trial 62 with value: 0.13680751621723175.
LOCAL_RANK: 0 - CUDA_VISIBLE_DEVICES: [0]
[I 2023-11-30 08:55:24,251] Trial 97 finished with value: 0.17189860343933105 and parameters: {'gradient_clip_val': 0.7157708347113959, 'hidden_size': 59, 'dropout': 0.331628982569125, 'hidden_continuous_size': 42, 'attention_head_size': 4, 'learning_rate': 0.05656033808296644}. Best is trial 62 with value: 0.13680751621723175.
LOCAL_RANK: 0 - CUDA_VISIBLE_DEVICES: [0]
[I 2023-11-30 08:55:37,894] Trial 98 finished with value: 0.570946455001831 and parameters: {'gradient_clip_val': 0.8078405101946571, 'hidden_size': 60, 'dropout': 0.32858424869922925, 'hidden_continuous_size': 38, 'attention_head_size': 4, 'learning_rate': 0.05198252337402945}. Best is trial 62 with value: 0.13680751621723175.
LOCAL_RANK: 0 - CUDA_VISIBLE_DEVICES: [0]
[I 2023-11-30 08:55:51,509] Trial 99 finished with value: 0.2312721461057663 and parameters: {'gradient_clip_val': 0.6981897980309277, 'hidden_size': 51, 'dropout': 0.34066716551444826, 'hidden_continuous_size': 43, 'attention_head_size': 4, 'learning_rate': 0.05668593280485786}. Best is trial 62 with value: 0.13680751621723175.
LOCAL_RANK: 0 - CUDA_VISIBLE_DEVICES: [0]
[I 2023-11-30 08:56:05,381] Trial 100 finished with value: 0.388887494802475 and parameters: {'gradient_clip_val': 0.7299205899846843, 'hidden_size': 75, 'dropout': 0.3249673501879855, 'hidden_continuous_size': 35, 'attention_head_size': 4, 'learning_rate': 0.04177683281063433}. Best is trial 62 with value: 0.13680751621723175.
LOCAL_RANK: 0 - CUDA_VISIBLE_DEVICES: [0]
[I 2023-11-30 08:56:19,064] Trial 101 finished with value: 0.5202828645706177 and parameters: {'gradient_clip_val': 0.5592863603185074, 'hidden_size': 58, 'dropout': 0.32103763919969136, 'hidden_continuous_size': 41, 'attention_head_size': 4, 'learning_rate': 0.0622049866520655}. Best is trial 62 with value: 0.13680751621723175.
LOCAL_RANK: 0 - CUDA_VISIBLE_DEVICES: [0]
[I 2023-11-30 08:56:32,537] Trial 102 finished with value: 0.20210154354572296 and parameters: {'gradient_clip_val': 0.6575555800529745, 'hidden_size': 54, 'dropout': 0.3313832641361226, 'hidden_continuous_size': 44, 'attention_head_size': 4, 'learning_rate': 0.04824197708452244}. Best is trial 62 with value: 0.13680751621723175.
LOCAL_RANK: 0 - CUDA_VISIBLE_DEVICES: [0]
[I 2023-11-30 08:56:46,289] Trial 103 finished with value: 0.2995915710926056 and parameters: {'gradient_clip_val': 0.6411326570433465, 'hidden_size': 47, 'dropout': 0.318268726052082, 'hidden_continuous_size': 42, 'attention_head_size': 4, 'learning_rate': 0.07501818138985161}. Best is trial 62 with value: 0.13680751621723175.
LOCAL_RANK: 0 - CUDA_VISIBLE_DEVICES: [0]
[I 2023-11-30 08:56:59,906] Trial 104 finished with value: 0.34295251965522766 and parameters: {'gradient_clip_val': 0.5803904267367255, 'hidden_size': 62, 'dropout': 0.340231078663806, 'hidden_continuous_size': 39, 'attention_head_size': 4, 'learning_rate': 0.0805885751189255}. Best is trial 62 with value: 0.13680751621723175.
LOCAL_RANK: 0 - CUDA_VISIBLE_DEVICES: [0]
[I 2023-11-30 08:57:13,399] Trial 105 finished with value: 0.4723612368106842 and parameters: {'gradient_clip_val': 0.5943560970973971, 'hidden_size': 53, 'dropout': 0.310136916303235, 'hidden_continuous_size': 41, 'attention_head_size': 3, 'learning_rate': 0.06879068787342647}. Best is trial 62 with value: 0.13680751621723175.
LOCAL_RANK: 0 - CUDA_VISIBLE_DEVICES: [0]
[I 2023-11-30 08:57:27,308] Trial 106 finished with value: 0.19563472270965576 and parameters: {'gradient_clip_val': 0.5526897949031341, 'hidden_size': 65, 'dropout': 0.3031133354471908, 'hidden_continuous_size': 47, 'attention_head_size': 4, 'learning_rate': 0.09014795236846966}. Best is trial 62 with value: 0.13680751621723175.
LOCAL_RANK: 0 - CUDA_VISIBLE_DEVICES: [0]
[I 2023-11-30 08:57:40,844] Trial 107 finished with value: 0.24298350512981415 and parameters: {'gradient_clip_val': 0.5126852679628265, 'hidden_size': 55, 'dropout': 0.31456289430791884, 'hidden_continuous_size': 39, 'attention_head_size': 4, 'learning_rate': 0.03605855068915452}. Best is trial 62 with value: 0.13680751621723175.
LOCAL_RANK: 0 - CUDA_VISIBLE_DEVICES: [0]
