[I 2023-11-30 06:45:27,224] Trial 131 finished with value: 0.1326489895582199 and parameters: {'gradient_clip_val': 0.5679819915846305, 'hidden_size': 69, 'dropout': 0.2600726453721843, 'hidden_continuous_size': 52, 'attention_head_size': 4, 'learning_rate': 0.030757148712220975}. Best is trial 56 with value: 0.10131225734949112.
LOCAL_RANK: 0 - CUDA_VISIBLE_DEVICES: [0]
[I 2023-11-30 06:45:41,479] Trial 132 finished with value: 0.3279951214790344 and parameters: {'gradient_clip_val': 0.6100195772516086, 'hidden_size': 91, 'dropout': 0.254013186155598, 'hidden_continuous_size': 45, 'attention_head_size': 4, 'learning_rate': 0.06644371852889673}. Best is trial 56 with value: 0.10131225734949112.
LOCAL_RANK: 0 - CUDA_VISIBLE_DEVICES: [0]
[I 2023-11-30 06:45:55,212] Trial 133 finished with value: 0.16006255149841309 and parameters: {'gradient_clip_val': 0.6739277949570153, 'hidden_size': 61, 'dropout': 0.2872738889091928, 'hidden_continuous_size': 55, 'attention_head_size': 4, 'learning_rate': 0.04218547033059361}. Best is trial 56 with value: 0.10131225734949112.
LOCAL_RANK: 0 - CUDA_VISIBLE_DEVICES: [0]
[I 2023-11-30 06:46:09,287] Trial 134 finished with value: 0.17873139679431915 and parameters: {'gradient_clip_val': 0.9671719628625337, 'hidden_size': 77, 'dropout': 0.24508950680270372, 'hidden_continuous_size': 61, 'attention_head_size': 4, 'learning_rate': 0.046569841837866936}. Best is trial 56 with value: 0.10131225734949112.
LOCAL_RANK: 0 - CUDA_VISIBLE_DEVICES: [0]
[I 2023-11-30 06:46:23,168] Trial 135 finished with value: 0.15391813218593597 and parameters: {'gradient_clip_val': 0.6247816803109323, 'hidden_size': 71, 'dropout': 0.27496867929013047, 'hidden_continuous_size': 47, 'attention_head_size': 4, 'learning_rate': 0.036282891486465706}. Best is trial 56 with value: 0.10131225734949112.
LOCAL_RANK: 0 - CUDA_VISIBLE_DEVICES: [0]
[I 2023-11-30 06:46:36,926] Trial 136 finished with value: 0.17334140837192535 and parameters: {'gradient_clip_val': 0.7453024348606473, 'hidden_size': 64, 'dropout': 0.30075617529869375, 'hidden_continuous_size': 57, 'attention_head_size': 4, 'learning_rate': 0.027458884079514242}. Best is trial 56 with value: 0.10131225734949112.
LOCAL_RANK: 0 - CUDA_VISIBLE_DEVICES: [0]
[I 2023-11-30 06:46:51,001] Trial 137 finished with value: 0.22768151760101318 and parameters: {'gradient_clip_val': 0.5956127431181979, 'hidden_size': 96, 'dropout': 0.26721511599874426, 'hidden_continuous_size': 50, 'attention_head_size': 2, 'learning_rate': 0.019859719363424535}. Best is trial 56 with value: 0.10131225734949112.
LOCAL_RANK: 0 - CUDA_VISIBLE_DEVICES: [0]
[I 2023-11-30 06:47:05,136] Trial 138 finished with value: 0.14359284937381744 and parameters: {'gradient_clip_val': 0.5344499942203714, 'hidden_size': 87, 'dropout': 0.2911724680563144, 'hidden_continuous_size': 65, 'attention_head_size': 2, 'learning_rate': 0.03199428838350419}. Best is trial 56 with value: 0.10131225734949112.
LOCAL_RANK: 0 - CUDA_VISIBLE_DEVICES: [0]
[I 2023-11-30 06:47:18,670] Trial 139 finished with value: 0.1909140944480896 and parameters: {'gradient_clip_val': 0.6507594744013866, 'hidden_size': 54, 'dropout': 0.30999476188629144, 'hidden_continuous_size': 51, 'attention_head_size': 2, 'learning_rate': 0.0542664237547311}. Best is trial 56 with value: 0.10131225734949112.
LOCAL_RANK: 0 - CUDA_VISIBLE_DEVICES: [0]
[I 2023-11-30 06:47:32,600] Trial 140 finished with value: 0.12058154493570328 and parameters: {'gradient_clip_val': 0.4976343066751131, 'hidden_size': 81, 'dropout': 0.2958791487633982, 'hidden_continuous_size': 62, 'attention_head_size': 2, 'learning_rate': 0.03997683915931737}. Best is trial 56 with value: 0.10131225734949112.
LOCAL_RANK: 0 - CUDA_VISIBLE_DEVICES: [0]
[I 2023-11-30 06:47:46,567] Trial 141 finished with value: 0.2648920714855194 and parameters: {'gradient_clip_val': 0.574298892297907, 'hidden_size': 82, 'dropout': 0.29857127859457844, 'hidden_continuous_size': 62, 'attention_head_size': 2, 'learning_rate': 0.0392883596530595}. Best is trial 56 with value: 0.10131225734949112.
LOCAL_RANK: 0 - CUDA_VISIBLE_DEVICES: [0]
[I 2023-11-30 06:48:00,707] Trial 142 finished with value: 0.17652243375778198 and parameters: {'gradient_clip_val': 0.4977831949724445, 'hidden_size': 74, 'dropout': 0.29204506139179115, 'hidden_continuous_size': 59, 'attention_head_size': 2, 'learning_rate': 0.03415622704583154}. Best is trial 56 with value: 0.10131225734949112.
LOCAL_RANK: 0 - CUDA_VISIBLE_DEVICES: [0]
[I 2023-11-30 06:48:14,940] Trial 143 finished with value: 0.20945985615253448 and parameters: {'gradient_clip_val': 0.4215228480819343, 'hidden_size': 89, 'dropout': 0.2846818564841033, 'hidden_continuous_size': 67, 'attention_head_size': 2, 'learning_rate': 0.04332827081932472}. Best is trial 56 with value: 0.10131225734949112.
LOCAL_RANK: 0 - CUDA_VISIBLE_DEVICES: [0]
[I 2023-11-30 06:48:28,876] Trial 144 finished with value: 0.11908909678459167 and parameters: {'gradient_clip_val': 0.52304600776386, 'hidden_size': 78, 'dropout': 0.2775826097502336, 'hidden_continuous_size': 57, 'attention_head_size': 2, 'learning_rate': 0.02931088724766374}. Best is trial 56 with value: 0.10131225734949112.
LOCAL_RANK: 0 - CUDA_VISIBLE_DEVICES: [0]
[I 2023-11-30 06:48:42,672] Trial 145 finished with value: 0.16710299253463745 and parameters: {'gradient_clip_val': 0.5197905497158549, 'hidden_size': 80, 'dropout': 0.28087779051369416, 'hidden_continuous_size': 63, 'attention_head_size': 2, 'learning_rate': 0.030006876685060795}. Best is trial 56 with value: 0.10131225734949112.
LOCAL_RANK: 0 - CUDA_VISIBLE_DEVICES: [0]
[I 2023-11-30 06:48:56,969] Trial 146 finished with value: 0.20906050503253937 and parameters: {'gradient_clip_val': 0.4890921826808714, 'hidden_size': 101, 'dropout': 0.30435724333443875, 'hidden_continuous_size': 74, 'attention_head_size': 2, 'learning_rate': 0.025479278342498062}. Best is trial 56 with value: 0.10131225734949112.
LOCAL_RANK: 0 - CUDA_VISIBLE_DEVICES: [0]
[I 2023-11-30 06:49:11,093] Trial 147 finished with value: 0.13238690793514252 and parameters: {'gradient_clip_val': 0.5471910821880994, 'hidden_size': 93, 'dropout': 0.3129745743469426, 'hidden_continuous_size': 58, 'attention_head_size': 2, 'learning_rate': 0.04923917399147535}. Best is trial 56 with value: 0.10131225734949112.
LOCAL_RANK: 0 - CUDA_VISIBLE_DEVICES: [0]
[I 2023-11-30 06:49:25,070] Trial 148 finished with value: 0.14345186948776245 and parameters: {'gradient_clip_val': 0.9232062625589386, 'hidden_size': 84, 'dropout': 0.32114480093529363, 'hidden_continuous_size': 55, 'attention_head_size': 2, 'learning_rate': 0.020996711107137064}. Best is trial 56 with value: 0.10131225734949112.
LOCAL_RANK: 0 - CUDA_VISIBLE_DEVICES: [0]
[I 2023-11-30 06:49:38,798] Trial 149 finished with value: 0.14933371543884277 and parameters: {'gradient_clip_val': 0.7126365095802241, 'hidden_size': 76, 'dropout': 0.27703613898978335, 'hidden_continuous_size': 61, 'attention_head_size': 2, 'learning_rate': 0.08659199462369155}. Best is trial 56 with value: 0.10131225734949112.
[I 2023-11-30 06:49:38,909] A new study created in memory with name: no-name-a980bb5e-f995-47d9-9362-aa831e97f8fb
/home/le004/conda/anaconda3/envs/tsff_env/lib/python3.9/site-packages/lightning/fabric/plugins/environments/slurm.py:191: The `srun` command is available on your system but is not used. HINT: If your intention is to run Lightning on SLURM, prepend your python command with `srun` like so: srun python /home/le004/master_thesis/git/TSFusionForecast/code/ ...
LOCAL_RANK: 0 - CUDA_VISIBLE_DEVICES: [0]
[I 2023-11-30 06:49:51,888] Trial 0 finished with value: 0.4440130293369293 and parameters: {'gradient_clip_val': 0.22340369545151698, 'hidden_size': 45, 'dropout': 0.3235365916001657, 'hidden_continuous_size': 18, 'attention_head_size': 3, 'learning_rate': 0.0036921630672169907}. Best is trial 0 with value: 0.4440130293369293.
LOCAL_RANK: 0 - CUDA_VISIBLE_DEVICES: [0]
[I 2023-11-30 06:50:05,425] Trial 1 finished with value: 0.40139564871788025 and parameters: {'gradient_clip_val': 0.31959857495257427, 'hidden_size': 66, 'dropout': 0.1540564391409907, 'hidden_continuous_size': 34, 'attention_head_size': 2, 'learning_rate': 0.0024759357278455415}. Best is trial 1 with value: 0.40139564871788025.
LOCAL_RANK: 0 - CUDA_VISIBLE_DEVICES: [0]
[I 2023-11-30 06:50:18,644] Trial 2 finished with value: 0.5541366338729858 and parameters: {'gradient_clip_val': 0.7505482645402579, 'hidden_size': 50, 'dropout': 0.19350493605979496, 'hidden_continuous_size': 34, 'attention_head_size': 1, 'learning_rate': 0.0023405290069731916}. Best is trial 1 with value: 0.40139564871788025.
LOCAL_RANK: 0 - CUDA_VISIBLE_DEVICES: [0]
[I 2023-11-30 06:50:31,164] Trial 3 finished with value: 1.4834696054458618 and parameters: {'gradient_clip_val': 0.5030002617794302, 'hidden_size': 13, 'dropout': 0.34490479180534356, 'hidden_continuous_size': 12, 'attention_head_size': 3, 'learning_rate': 0.0028323083176139833}. Best is trial 1 with value: 0.40139564871788025.
LOCAL_RANK: 0 - CUDA_VISIBLE_DEVICES: [0]
[I 2023-11-30 06:50:44,754] Trial 4 finished with value: 0.41056808829307556 and parameters: {'gradient_clip_val': 0.47089171333718555, 'hidden_size': 94, 'dropout': 0.36328947240200427, 'hidden_continuous_size': 13, 'attention_head_size': 4, 'learning_rate': 0.001871194000158074}. Best is trial 1 with value: 0.40139564871788025.
LOCAL_RANK: 0 - CUDA_VISIBLE_DEVICES: [0]
[I 2023-11-30 06:50:55,074] Trial 5 finished with value: 0.43594828248023987 and parameters: {'gradient_clip_val': 0.49104644979111234, 'hidden_size': 11, 'dropout': 0.2020070605427663, 'hidden_continuous_size': 11, 'attention_head_size': 2, 'learning_rate': 0.03618495857895929}. Best is trial 1 with value: 0.40139564871788025.
LOCAL_RANK: 0 - CUDA_VISIBLE_DEVICES: [0]
[I 2023-11-30 06:51:07,329] Trial 6 finished with value: 0.8944287300109863 and parameters: {'gradient_clip_val': 0.46393243133371437, 'hidden_size': 18, 'dropout': 0.2156698870753588, 'hidden_continuous_size': 12, 'attention_head_size': 3, 'learning_rate': 0.007082765751976782}. Best is trial 1 with value: 0.40139564871788025.
LOCAL_RANK: 0 - CUDA_VISIBLE_DEVICES: [0]
[I 2023-11-30 06:51:20,570] Trial 7 finished with value: 0.8718530535697937 and parameters: {'gradient_clip_val': 0.13675577845439976, 'hidden_size': 47, 'dropout': 0.2155871409130566, 'hidden_continuous_size': 13, 'attention_head_size': 4, 'learning_rate': 0.006108658625273472}. Best is trial 1 with value: 0.40139564871788025.
LOCAL_RANK: 0 - CUDA_VISIBLE_DEVICES: [0]
[I 2023-11-30 06:51:33,293] Trial 8 finished with value: 1.1122050285339355 and parameters: {'gradient_clip_val': 0.24989954650055457, 'hidden_size': 34, 'dropout': 0.39405479881351146, 'hidden_continuous_size': 23, 'attention_head_size': 2, 'learning_rate': 0.002019006348397718}. Best is trial 1 with value: 0.40139564871788025.
LOCAL_RANK: 0 - CUDA_VISIBLE_DEVICES: [0]
[I 2023-11-30 06:51:46,916] Trial 9 finished with value: 0.08958279341459274 and parameters: {'gradient_clip_val': 0.8882665825357657, 'hidden_size': 65, 'dropout': 0.3128431655738445, 'hidden_continuous_size': 50, 'attention_head_size': 1, 'learning_rate': 0.04485740857020352}. Best is trial 9 with value: 0.08958279341459274.
LOCAL_RANK: 0 - CUDA_VISIBLE_DEVICES: [0]
[I 2023-11-30 06:52:01,574] Trial 10 finished with value: 0.15831539034843445 and parameters: {'gradient_clip_val': 0.883150410062324, 'hidden_size': 150, 'dropout': 0.3082162973306897, 'hidden_continuous_size': 89, 'attention_head_size': 1, 'learning_rate': 0.06622655990854975}. Best is trial 9 with value: 0.08958279341459274.
LOCAL_RANK: 0 - CUDA_VISIBLE_DEVICES: [0]
[I 2023-11-30 06:52:16,145] Trial 11 finished with value: 0.12239638715982437 and parameters: {'gradient_clip_val': 0.9525826036933576, 'hidden_size': 143, 'dropout': 0.2897479258691411, 'hidden_continuous_size': 86, 'attention_head_size': 1, 'learning_rate': 0.0896876921868765}. Best is trial 9 with value: 0.08958279341459274.
LOCAL_RANK: 0 - CUDA_VISIBLE_DEVICES: [0]
[I 2023-11-30 06:52:30,665] Trial 12 finished with value: 0.09816751629114151 and parameters: {'gradient_clip_val': 0.9798711365074078, 'hidden_size': 129, 'dropout': 0.2751022734618474, 'hidden_continuous_size': 69, 'attention_head_size': 1, 'learning_rate': 0.08395254962027054}. Best is trial 9 with value: 0.08958279341459274.
LOCAL_RANK: 0 - CUDA_VISIBLE_DEVICES: [0]
[I 2023-11-30 06:52:44,435] Trial 13 finished with value: 0.08089331537485123 and parameters: {'gradient_clip_val': 0.9751485966323308, 'hidden_size': 88, 'dropout': 0.2683896321366676, 'hidden_continuous_size': 55, 'attention_head_size': 1, 'learning_rate': 0.02133839189870356}. Best is trial 13 with value: 0.08089331537485123.
LOCAL_RANK: 0 - CUDA_VISIBLE_DEVICES: [0]
[I 2023-11-30 06:52:58,217] Trial 14 finished with value: 0.08831020444631577 and parameters: {'gradient_clip_val': 0.6837926594523058, 'hidden_size': 81, 'dropout': 0.2740398441414891, 'hidden_continuous_size': 51, 'attention_head_size': 1, 'learning_rate': 0.018362208857148076}. Best is trial 13 with value: 0.08089331537485123.
LOCAL_RANK: 0 - CUDA_VISIBLE_DEVICES: [0]
[I 2023-11-30 06:53:12,216] Trial 15 finished with value: 0.10556568950414658 and parameters: {'gradient_clip_val': 0.6667891582058953, 'hidden_size': 85, 'dropout': 0.26097953783894956, 'hidden_continuous_size': 53, 'attention_head_size': 2, 'learning_rate': 0.017796017177607162}. Best is trial 13 with value: 0.08089331537485123.
LOCAL_RANK: 0 - CUDA_VISIBLE_DEVICES: [0]
[I 2023-11-30 06:53:26,007] Trial 16 finished with value: 0.06615066528320312 and parameters: {'gradient_clip_val': 0.6380667316348982, 'hidden_size': 93, 'dropout': 0.25755948732582196, 'hidden_continuous_size': 45, 'attention_head_size': 1, 'learning_rate': 0.017293639397152043}. Best is trial 16 with value: 0.06615066528320312.
LOCAL_RANK: 0 - CUDA_VISIBLE_DEVICES: [0]
[I 2023-11-30 06:53:40,411] Trial 17 finished with value: 0.07830549031496048 and parameters: {'gradient_clip_val': 0.6458176987339234, 'hidden_size': 108, 'dropout': 0.10194323428340152, 'hidden_continuous_size': 100, 'attention_head_size': 2, 'learning_rate': 0.015120567192761303}. Best is trial 16 with value: 0.06615066528320312.
LOCAL_RANK: 0 - CUDA_VISIBLE_DEVICES: [0]
[I 2023-11-30 06:53:54,878] Trial 18 finished with value: 0.08478673547506332 and parameters: {'gradient_clip_val': 0.5790476602957318, 'hidden_size': 111, 'dropout': 0.11272467342200349, 'hidden_continuous_size': 110, 'attention_head_size': 2, 'learning_rate': 0.011480814636030926}. Best is trial 16 with value: 0.06615066528320312.
LOCAL_RANK: 0 - CUDA_VISIBLE_DEVICES: [0]
[I 2023-11-30 06:54:09,242] Trial 19 finished with value: 0.39124706387519836 and parameters: {'gradient_clip_val': 0.3470926384871234, 'hidden_size': 111, 'dropout': 0.10560967142282815, 'hidden_continuous_size': 110, 'attention_head_size': 2, 'learning_rate': 0.001005430643229242}. Best is trial 16 with value: 0.06615066528320312.
LOCAL_RANK: 0 - CUDA_VISIBLE_DEVICES: [0]
[I 2023-11-30 06:54:21,990] Trial 20 finished with value: 0.2871227562427521 and parameters: {'gradient_clip_val': 0.38806115324443613, 'hidden_size': 31, 'dropout': 0.15910873467852232, 'hidden_continuous_size': 19, 'attention_head_size': 3, 'learning_rate': 0.01146786514468564}. Best is trial 16 with value: 0.06615066528320312.
LOCAL_RANK: 0 - CUDA_VISIBLE_DEVICES: [0]
[I 2023-11-30 06:54:35,854] Trial 21 finished with value: 0.09821561723947525 and parameters: {'gradient_clip_val': 0.7273891371132265, 'hidden_size': 104, 'dropout': 0.24722088229001854, 'hidden_continuous_size': 42, 'attention_head_size': 1, 'learning_rate': 0.019657339724128343}. Best is trial 16 with value: 0.06615066528320312.
LOCAL_RANK: 0 - CUDA_VISIBLE_DEVICES: [0]
[I 2023-11-30 06:54:49,585] Trial 22 finished with value: 0.09554609656333923 and parameters: {'gradient_clip_val': 0.6396091486888171, 'hidden_size': 73, 'dropout': 0.24179018376476646, 'hidden_continuous_size': 40, 'attention_head_size': 1, 'learning_rate': 0.03113731624446808}. Best is trial 16 with value: 0.06615066528320312.
LOCAL_RANK: 0 - CUDA_VISIBLE_DEVICES: [0]
[I 2023-11-30 06:55:03,796] Trial 23 finished with value: 0.11729680746793747 and parameters: {'gradient_clip_val': 0.8006289562899667, 'hidden_size': 95, 'dropout': 0.24210598740449027, 'hidden_continuous_size': 66, 'attention_head_size': 2, 'learning_rate': 0.024460956890794833}. Best is trial 16 with value: 0.06615066528320312.
LOCAL_RANK: 0 - CUDA_VISIBLE_DEVICES: [0]
[I 2023-11-30 06:55:18,283] Trial 24 finished with value: 0.09515407681465149 and parameters: {'gradient_clip_val': 0.55661931869863, 'hidden_size': 126, 'dropout': 0.2921996655708276, 'hidden_continuous_size': 125, 'attention_head_size': 1, 'learning_rate': 0.013197819372201519}. Best is trial 16 with value: 0.06615066528320312.
LOCAL_RANK: 0 - CUDA_VISIBLE_DEVICES: [0]
[I 2023-11-30 06:55:31,715] Trial 25 finished with value: 0.3096719980239868 and parameters: {'gradient_clip_val': 0.7835181408033591, 'hidden_size': 63, 'dropout': 0.17408322519909114, 'hidden_continuous_size': 30, 'attention_head_size': 2, 'learning_rate': 0.007815525884610637}. Best is trial 16 with value: 0.06615066528320312.
LOCAL_RANK: 0 - CUDA_VISIBLE_DEVICES: [0]
[I 2023-11-30 06:55:45,459] Trial 26 finished with value: 0.07884521037340164 and parameters: {'gradient_clip_val': 0.6216600103859706, 'hidden_size': 79, 'dropout': 0.2299695859666682, 'hidden_continuous_size': 43, 'attention_head_size': 1, 'learning_rate': 0.02489384106241603}. Best is trial 16 with value: 0.06615066528320312.
LOCAL_RANK: 0 - CUDA_VISIBLE_DEVICES: [0]
[I 2023-11-30 06:55:59,821] Trial 27 finished with value: 0.08971110731363297 and parameters: {'gradient_clip_val': 0.5861088090059954, 'hidden_size': 117, 'dropout': 0.11901463066794184, 'hidden_continuous_size': 68, 'attention_head_size': 1, 'learning_rate': 0.044849390444983}. Best is trial 16 with value: 0.06615066528320312.
LOCAL_RANK: 0 - CUDA_VISIBLE_DEVICES: [0]
[I 2023-11-30 06:56:13,375] Trial 28 finished with value: 0.11497566848993301 and parameters: {'gradient_clip_val': 0.4285763106600238, 'hidden_size': 73, 'dropout': 0.14432200089949832, 'hidden_continuous_size': 40, 'attention_head_size': 2, 'learning_rate': 0.013703045552981305}. Best is trial 16 with value: 0.06615066528320312.
LOCAL_RANK: 0 - CUDA_VISIBLE_DEVICES: [0]
[I 2023-11-30 06:56:26,651] Trial 29 finished with value: 0.14218197762966156 and parameters: {'gradient_clip_val': 0.3930109065306401, 'hidden_size': 55, 'dropout': 0.1389593385452047, 'hidden_continuous_size': 25, 'attention_head_size': 3, 'learning_rate': 0.027899101014338092}. Best is trial 16 with value: 0.06615066528320312.
LOCAL_RANK: 0 - CUDA_VISIBLE_DEVICES: [0]
[I 2023-11-30 06:56:40,928] Trial 30 finished with value: 0.11536041647195816 and parameters: {'gradient_clip_val': 0.569713783326411, 'hidden_size': 102, 'dropout': 0.1731830620410784, 'hidden_continuous_size': 61, 'attention_head_size': 4, 'learning_rate': 0.009182701265599691}. Best is trial 16 with value: 0.06615066528320312.
LOCAL_RANK: 0 - CUDA_VISIBLE_DEVICES: [0]
[I 2023-11-30 06:56:54,764] Trial 31 finished with value: 0.07597506791353226 and parameters: {'gradient_clip_val': 0.7854859205352813, 'hidden_size': 86, 'dropout': 0.2402276308962744, 'hidden_continuous_size': 46, 'attention_head_size': 1, 'learning_rate': 0.021457324348288027}. Best is trial 16 with value: 0.06615066528320312.
LOCAL_RANK: 0 - CUDA_VISIBLE_DEVICES: [0]
[I 2023-11-30 06:57:08,691] Trial 32 finished with value: 0.08972028642892838 and parameters: {'gradient_clip_val': 0.6612636970975021, 'hidden_size': 82, 'dropout': 0.22896642998889835, 'hidden_continuous_size': 46, 'attention_head_size': 1, 'learning_rate': 0.015833099192558608}. Best is trial 16 with value: 0.06615066528320312.
LOCAL_RANK: 0 - CUDA_VISIBLE_DEVICES: [0]
[I 2023-11-30 06:57:21,878] Trial 33 finished with value: 0.10365024954080582 and parameters: {'gradient_clip_val': 0.8091078553272593, 'hidden_size': 55, 'dropout': 0.23103868577233602, 'hidden_continuous_size': 36, 'attention_head_size': 1, 'learning_rate': 0.022570274833104812}. Best is trial 16 with value: 0.06615066528320312.
LOCAL_RANK: 0 - CUDA_VISIBLE_DEVICES: [0]
[I 2023-11-30 06:57:35,985] Trial 34 finished with value: 0.12104751914739609 and parameters: {'gradient_clip_val': 0.7442728891688801, 'hidden_size': 129, 'dropout': 0.19210855684397127, 'hidden_continuous_size': 33, 'attention_head_size': 1, 'learning_rate': 0.016166080298104426}. Best is trial 16 with value: 0.06615066528320312.
LOCAL_RANK: 0 - CUDA_VISIBLE_DEVICES: [0]
[I 2023-11-30 06:57:50,008] Trial 35 finished with value: 0.09591900557279587 and parameters: {'gradient_clip_val': 0.5262790062222904, 'hidden_size': 97, 'dropout': 0.2566301624821188, 'hidden_continuous_size': 45, 'attention_head_size': 2, 'learning_rate': 0.024894402569428434}. Best is trial 16 with value: 0.06615066528320312.
LOCAL_RANK: 0 - CUDA_VISIBLE_DEVICES: [0]
[I 2023-11-30 06:58:03,414] Trial 36 finished with value: 0.0994858369231224 and parameters: {'gradient_clip_val': 0.629524614792626, 'hidden_size': 71, 'dropout': 0.13269302688117957, 'hidden_continuous_size': 29, 'attention_head_size': 1, 'learning_rate': 0.03289896330589678}. Best is trial 16 with value: 0.06615066528320312.
LOCAL_RANK: 0 - CUDA_VISIBLE_DEVICES: [0]
[I 2023-11-30 06:58:16,808] Trial 37 finished with value: 0.14324399828910828 and parameters: {'gradient_clip_val': 0.5060703520053479, 'hidden_size': 43, 'dropout': 0.10172183789174344, 'hidden_continuous_size': 35, 'attention_head_size': 2, 'learning_rate': 0.009743550640294299}. Best is trial 16 with value: 0.06615066528320312.
LOCAL_RANK: 0 - CUDA_VISIBLE_DEVICES: [0]
