[I 2023-11-30 15:15:43,973] Trial 138 finished with value: 0.10953544825315475 and parameters: {'gradient_clip_val': 0.49518090901827855, 'hidden_size': 83, 'dropout': 0.269076488850375, 'hidden_continuous_size': 52, 'attention_head_size': 1, 'learning_rate': 0.0201671452966717}. Best is trial 42 with value: 0.0820198506116867.
LOCAL_RANK: 0 - CUDA_VISIBLE_DEVICES: [0]
[I 2023-11-30 15:15:58,799] Trial 139 finished with value: 0.1572660654783249 and parameters: {'gradient_clip_val': 0.7555757256729692, 'hidden_size': 77, 'dropout': 0.32038687604785243, 'hidden_continuous_size': 33, 'attention_head_size': 4, 'learning_rate': 0.036937336284612335}. Best is trial 42 with value: 0.0820198506116867.
LOCAL_RANK: 0 - CUDA_VISIBLE_DEVICES: [0]
[I 2023-11-30 15:16:13,444] Trial 140 finished with value: 0.19777560234069824 and parameters: {'gradient_clip_val': 0.4050749120968039, 'hidden_size': 88, 'dropout': 0.36774226053412806, 'hidden_continuous_size': 47, 'attention_head_size': 4, 'learning_rate': 0.024339351523522793}. Best is trial 42 with value: 0.0820198506116867.
LOCAL_RANK: 0 - CUDA_VISIBLE_DEVICES: [0]
[I 2023-11-30 15:16:27,619] Trial 141 finished with value: 0.10377439111471176 and parameters: {'gradient_clip_val': 0.8659628662629092, 'hidden_size': 66, 'dropout': 0.2593582006998633, 'hidden_continuous_size': 37, 'attention_head_size': 4, 'learning_rate': 0.039348838126336085}. Best is trial 42 with value: 0.0820198506116867.
LOCAL_RANK: 0 - CUDA_VISIBLE_DEVICES: [0]
[I 2023-11-30 15:16:41,901] Trial 142 finished with value: 0.2115526795387268 and parameters: {'gradient_clip_val': 0.17695262644523516, 'hidden_size': 72, 'dropout': 0.2579258598355833, 'hidden_continuous_size': 40, 'attention_head_size': 4, 'learning_rate': 0.040026946897998704}. Best is trial 42 with value: 0.0820198506116867.
LOCAL_RANK: 0 - CUDA_VISIBLE_DEVICES: [0]
[I 2023-11-30 15:16:56,313] Trial 143 finished with value: 0.1424533724784851 and parameters: {'gradient_clip_val': 0.9486087874230548, 'hidden_size': 64, 'dropout': 0.267051991042269, 'hidden_continuous_size': 43, 'attention_head_size': 4, 'learning_rate': 0.0339841476735978}. Best is trial 42 with value: 0.0820198506116867.
LOCAL_RANK: 0 - CUDA_VISIBLE_DEVICES: [0]
[I 2023-11-30 15:17:10,902] Trial 144 finished with value: 0.12140203267335892 and parameters: {'gradient_clip_val': 0.8534117152113099, 'hidden_size': 67, 'dropout': 0.28347459364692584, 'hidden_continuous_size': 39, 'attention_head_size': 4, 'learning_rate': 0.03193771646189432}. Best is trial 42 with value: 0.0820198506116867.
LOCAL_RANK: 0 - CUDA_VISIBLE_DEVICES: [0]
[I 2023-11-30 15:17:25,297] Trial 145 finished with value: 0.14232181012630463 and parameters: {'gradient_clip_val': 0.12483512787490031, 'hidden_size': 99, 'dropout': 0.2586035308185203, 'hidden_continuous_size': 15, 'attention_head_size': 4, 'learning_rate': 0.028330445896701306}. Best is trial 42 with value: 0.0820198506116867.
LOCAL_RANK: 0 - CUDA_VISIBLE_DEVICES: [0]
[I 2023-11-30 15:17:39,448] Trial 146 finished with value: 0.16526566445827484 and parameters: {'gradient_clip_val': 0.6574887654237893, 'hidden_size': 80, 'dropout': 0.2377443288550341, 'hidden_continuous_size': 34, 'attention_head_size': 4, 'learning_rate': 0.04226015949208926}. Best is trial 42 with value: 0.0820198506116867.
LOCAL_RANK: 0 - CUDA_VISIBLE_DEVICES: [0]
[I 2023-11-30 15:17:53,838] Trial 147 finished with value: 0.107488252222538 and parameters: {'gradient_clip_val': 0.7072905287145729, 'hidden_size': 92, 'dropout': 0.27275190158770907, 'hidden_continuous_size': 32, 'attention_head_size': 3, 'learning_rate': 0.03741279029183168}. Best is trial 42 with value: 0.0820198506116867.
LOCAL_RANK: 0 - CUDA_VISIBLE_DEVICES: [0]
[I 2023-11-30 15:18:08,288] Trial 148 finished with value: 0.21994508802890778 and parameters: {'gradient_clip_val': 0.7114451722329508, 'hidden_size': 105, 'dropout': 0.27693790781383393, 'hidden_continuous_size': 31, 'attention_head_size': 3, 'learning_rate': 0.03782576539990805}. Best is trial 42 with value: 0.0820198506116867.
LOCAL_RANK: 0 - CUDA_VISIBLE_DEVICES: [0]
[I 2023-11-30 15:18:22,748] Trial 149 finished with value: 0.19712312519550323 and parameters: {'gradient_clip_val': 0.6248947710806699, 'hidden_size': 92, 'dropout': 0.292564058385394, 'hidden_continuous_size': 32, 'attention_head_size': 3, 'learning_rate': 0.030373706676592085}. Best is trial 42 with value: 0.0820198506116867.
[I 2023-11-30 15:18:22,875] A new study created in memory with name: no-name-c0a0844c-4bf1-4cac-95c3-0127da0ef1da
/home/le004/conda/anaconda3/envs/tsff_env/lib/python3.9/site-packages/lightning/fabric/plugins/environments/slurm.py:191: The `srun` command is available on your system but is not used. HINT: If your intention is to run Lightning on SLURM, prepend your python command with `srun` like so: srun python /home/le004/master_thesis/git/TSFusionForecast/code/ ...
LOCAL_RANK: 0 - CUDA_VISIBLE_DEVICES: [0]
[I 2023-11-30 15:18:33,938] Trial 0 finished with value: 1.0014455318450928 and parameters: {'gradient_clip_val': 0.42938494719772957, 'hidden_size': 10, 'dropout': 0.12359280477334465, 'hidden_continuous_size': 10, 'attention_head_size': 4, 'learning_rate': 0.019824838121175505}. Best is trial 0 with value: 1.0014455318450928.
LOCAL_RANK: 0 - CUDA_VISIBLE_DEVICES: [0]
[I 2023-11-30 15:18:47,599] Trial 1 finished with value: 0.6215434670448303 and parameters: {'gradient_clip_val': 0.4661658452639422, 'hidden_size': 57, 'dropout': 0.12967043331903902, 'hidden_continuous_size': 14, 'attention_head_size': 4, 'learning_rate': 0.0030752523304091012}. Best is trial 1 with value: 0.6215434670448303.
LOCAL_RANK: 0 - CUDA_VISIBLE_DEVICES: [0]
[I 2023-11-30 15:19:00,605] Trial 2 finished with value: 1.1672321557998657 and parameters: {'gradient_clip_val': 0.5697856452342013, 'hidden_size': 11, 'dropout': 0.19492094562329637, 'hidden_continuous_size': 10, 'attention_head_size': 3, 'learning_rate': 0.02622085457232104}. Best is trial 1 with value: 0.6215434670448303.
LOCAL_RANK: 0 - CUDA_VISIBLE_DEVICES: [0]
[I 2023-11-30 15:19:15,264] Trial 3 finished with value: 0.33385348320007324 and parameters: {'gradient_clip_val': 0.2175768589916547, 'hidden_size': 93, 'dropout': 0.12054870479400352, 'hidden_continuous_size': 12, 'attention_head_size': 4, 'learning_rate': 0.003265640430406316}. Best is trial 3 with value: 0.33385348320007324.
LOCAL_RANK: 0 - CUDA_VISIBLE_DEVICES: [0]
[I 2023-11-30 15:19:29,021] Trial 4 finished with value: 0.17609460651874542 and parameters: {'gradient_clip_val': 0.15895365106646903, 'hidden_size': 35, 'dropout': 0.3347228387749867, 'hidden_continuous_size': 27, 'attention_head_size': 4, 'learning_rate': 0.03570765115392507}. Best is trial 4 with value: 0.17609460651874542.
LOCAL_RANK: 0 - CUDA_VISIBLE_DEVICES: [0]
[I 2023-11-30 15:19:42,076] Trial 5 finished with value: 0.9974431991577148 and parameters: {'gradient_clip_val': 0.35192186874897474, 'hidden_size': 42, 'dropout': 0.3697178028254431, 'hidden_continuous_size': 18, 'attention_head_size': 1, 'learning_rate': 0.0040394399759786405}. Best is trial 4 with value: 0.17609460651874542.
LOCAL_RANK: 0 - CUDA_VISIBLE_DEVICES: [0]
[I 2023-11-30 15:19:56,101] Trial 6 finished with value: 1.5846730470657349 and parameters: {'gradient_clip_val': 0.11789074148774539, 'hidden_size': 45, 'dropout': 0.17826335349715605, 'hidden_continuous_size': 13, 'attention_head_size': 1, 'learning_rate': 0.0032572605701607815}. Best is trial 4 with value: 0.17609460651874542.
LOCAL_RANK: 0 - CUDA_VISIBLE_DEVICES: [0]
[I 2023-11-30 15:20:09,367] Trial 7 finished with value: 2.93265700340271 and parameters: {'gradient_clip_val': 0.40269789052935356, 'hidden_size': 15, 'dropout': 0.1857422379965724, 'hidden_continuous_size': 10, 'attention_head_size': 3, 'learning_rate': 0.002832918631746473}. Best is trial 4 with value: 0.17609460651874542.
LOCAL_RANK: 0 - CUDA_VISIBLE_DEVICES: [0]
[I 2023-11-30 15:20:22,117] Trial 8 finished with value: 1.3703304529190063 and parameters: {'gradient_clip_val': 0.19761315233563848, 'hidden_size': 24, 'dropout': 0.2849601314020601, 'hidden_continuous_size': 16, 'attention_head_size': 3, 'learning_rate': 0.008350918113490865}. Best is trial 4 with value: 0.17609460651874542.
LOCAL_RANK: 0 - CUDA_VISIBLE_DEVICES: [0]
[I 2023-11-30 15:20:35,540] Trial 9 finished with value: 1.5030702352523804 and parameters: {'gradient_clip_val': 0.2994189113259162, 'hidden_size': 29, 'dropout': 0.3521842616932114, 'hidden_continuous_size': 10, 'attention_head_size': 4, 'learning_rate': 0.004736435039236972}. Best is trial 4 with value: 0.17609460651874542.
LOCAL_RANK: 0 - CUDA_VISIBLE_DEVICES: [0]
[I 2023-11-30 15:20:50,999] Trial 10 finished with value: 0.22596551477909088 and parameters: {'gradient_clip_val': 0.7652737601478035, 'hidden_size': 141, 'dropout': 0.3995529764112854, 'hidden_continuous_size': 55, 'attention_head_size': 2, 'learning_rate': 0.08124019790734377}. Best is trial 4 with value: 0.17609460651874542.
LOCAL_RANK: 0 - CUDA_VISIBLE_DEVICES: [0]
[I 2023-11-30 15:21:06,985] Trial 11 finished with value: 0.17753972113132477 and parameters: {'gradient_clip_val': 0.8360812204816861, 'hidden_size': 148, 'dropout': 0.3893506942933816, 'hidden_continuous_size': 70, 'attention_head_size': 2, 'learning_rate': 0.07565335961184344}. Best is trial 4 with value: 0.17609460651874542.
LOCAL_RANK: 0 - CUDA_VISIBLE_DEVICES: [0]
[I 2023-11-30 15:21:21,543] Trial 12 finished with value: 0.14220474660396576 and parameters: {'gradient_clip_val': 0.9686931511135101, 'hidden_size': 69, 'dropout': 0.32613687839570427, 'hidden_continuous_size': 42, 'attention_head_size': 2, 'learning_rate': 0.08655269852016537}. Best is trial 12 with value: 0.14220474660396576.
LOCAL_RANK: 0 - CUDA_VISIBLE_DEVICES: [0]
[I 2023-11-30 15:21:35,556] Trial 13 finished with value: 0.11285746842622757 and parameters: {'gradient_clip_val': 0.8446463958518279, 'hidden_size': 65, 'dropout': 0.30882743575824867, 'hidden_continuous_size': 33, 'attention_head_size': 2, 'learning_rate': 0.03790500379752146}. Best is trial 13 with value: 0.11285746842622757.
LOCAL_RANK: 0 - CUDA_VISIBLE_DEVICES: [0]
[I 2023-11-30 15:21:49,959] Trial 14 finished with value: 0.1254921406507492 and parameters: {'gradient_clip_val': 0.9423421723893617, 'hidden_size': 70, 'dropout': 0.2951739768195769, 'hidden_continuous_size': 37, 'attention_head_size': 2, 'learning_rate': 0.04450187552152871}. Best is trial 13 with value: 0.11285746842622757.
LOCAL_RANK: 0 - CUDA_VISIBLE_DEVICES: [0]
[I 2023-11-30 15:22:04,463] Trial 15 finished with value: 0.14537860453128815 and parameters: {'gradient_clip_val': 0.6527352734412621, 'hidden_size': 82, 'dropout': 0.2805187158147891, 'hidden_continuous_size': 33, 'attention_head_size': 2, 'learning_rate': 0.04000198450366368}. Best is trial 13 with value: 0.11285746842622757.
LOCAL_RANK: 0 - CUDA_VISIBLE_DEVICES: [0]
[I 2023-11-30 15:22:17,494] Trial 16 finished with value: 0.21962206065654755 and parameters: {'gradient_clip_val': 0.9145131852268371, 'hidden_size': 53, 'dropout': 0.299642212304104, 'hidden_continuous_size': 24, 'attention_head_size': 1, 'learning_rate': 0.013799679394941066}. Best is trial 13 with value: 0.11285746842622757.
LOCAL_RANK: 0 - CUDA_VISIBLE_DEVICES: [0]
[I 2023-11-30 15:22:28,117] Trial 17 finished with value: 0.7822769284248352 and parameters: {'gradient_clip_val': 0.6432079113585082, 'hidden_size': 93, 'dropout': 0.26187650519480354, 'hidden_continuous_size': 93, 'attention_head_size': 2, 'learning_rate': 0.0012945739691818854}. Best is trial 13 with value: 0.11285746842622757.
LOCAL_RANK: 0 - CUDA_VISIBLE_DEVICES: [0]
[I 2023-11-30 15:22:41,629] Trial 18 finished with value: 0.22899876534938812 and parameters: {'gradient_clip_val': 0.9662681990805224, 'hidden_size': 65, 'dropout': 0.2381507690863035, 'hidden_continuous_size': 33, 'attention_head_size': 3, 'learning_rate': 0.04731798879889939}. Best is trial 13 with value: 0.11285746842622757.
LOCAL_RANK: 0 - CUDA_VISIBLE_DEVICES: [0]
[I 2023-11-30 15:22:55,715] Trial 19 finished with value: 0.15302406251430511 and parameters: {'gradient_clip_val': 0.5427349342075622, 'hidden_size': 109, 'dropout': 0.3220758228149547, 'hidden_continuous_size': 45, 'attention_head_size': 1, 'learning_rate': 0.02054705471014189}. Best is trial 13 with value: 0.11285746842622757.
LOCAL_RANK: 0 - CUDA_VISIBLE_DEVICES: [0]
[I 2023-11-30 15:23:09,355] Trial 20 finished with value: 0.20213846862316132 and parameters: {'gradient_clip_val': 0.729513743152172, 'hidden_size': 73, 'dropout': 0.2365758690633795, 'hidden_continuous_size': 21, 'attention_head_size': 2, 'learning_rate': 0.052210941538667226}. Best is trial 13 with value: 0.11285746842622757.
LOCAL_RANK: 0 - CUDA_VISIBLE_DEVICES: [0]
[I 2023-11-30 15:23:22,659] Trial 21 finished with value: 0.14028818905353546 and parameters: {'gradient_clip_val': 0.9568468622471052, 'hidden_size': 60, 'dropout': 0.31076685903071516, 'hidden_continuous_size': 36, 'attention_head_size': 2, 'learning_rate': 0.07043056880818548}. Best is trial 13 with value: 0.11285746842622757.
LOCAL_RANK: 0 - CUDA_VISIBLE_DEVICES: [0]
[I 2023-11-30 15:23:36,335] Trial 22 finished with value: 0.19397003948688507 and parameters: {'gradient_clip_val': 0.7773378324382344, 'hidden_size': 50, 'dropout': 0.3120732767669738, 'hidden_continuous_size': 29, 'attention_head_size': 2, 'learning_rate': 0.05933397976473356}. Best is trial 13 with value: 0.11285746842622757.
LOCAL_RANK: 0 - CUDA_VISIBLE_DEVICES: [0]
[I 2023-11-30 15:23:50,729] Trial 23 finished with value: 0.13526982069015503 and parameters: {'gradient_clip_val': 0.8193960656091906, 'hidden_size': 61, 'dropout': 0.3456104972650085, 'hidden_continuous_size': 35, 'attention_head_size': 2, 'learning_rate': 0.0333022331469429}. Best is trial 13 with value: 0.11285746842622757.
LOCAL_RANK: 0 - CUDA_VISIBLE_DEVICES: [0]
[I 2023-11-30 15:24:05,048] Trial 24 finished with value: 0.12196946889162064 and parameters: {'gradient_clip_val': 0.6493345961494176, 'hidden_size': 79, 'dropout': 0.35146593005422133, 'hidden_continuous_size': 40, 'attention_head_size': 3, 'learning_rate': 0.031744629202802355}. Best is trial 13 with value: 0.11285746842622757.
LOCAL_RANK: 0 - CUDA_VISIBLE_DEVICES: [0]
[I 2023-11-30 15:24:20,005] Trial 25 finished with value: 0.18622533977031708 and parameters: {'gradient_clip_val': 0.5959078012089823, 'hidden_size': 111, 'dropout': 0.3632775368946249, 'hidden_continuous_size': 47, 'attention_head_size': 3, 'learning_rate': 0.029638601937429926}. Best is trial 13 with value: 0.11285746842622757.
LOCAL_RANK: 0 - CUDA_VISIBLE_DEVICES: [0]
[I 2023-11-30 15:24:34,500] Trial 26 finished with value: 0.1886899471282959 and parameters: {'gradient_clip_val': 0.6905809806714545, 'hidden_size': 81, 'dropout': 0.3426098978934475, 'hidden_continuous_size': 27, 'attention_head_size': 3, 'learning_rate': 0.05241502740461952}. Best is trial 13 with value: 0.11285746842622757.
LOCAL_RANK: 0 - CUDA_VISIBLE_DEVICES: [0]
[I 2023-11-30 15:24:48,101] Trial 27 finished with value: 0.20725345611572266 and parameters: {'gradient_clip_val': 0.5542946906872191, 'hidden_size': 48, 'dropout': 0.37452469034085, 'hidden_continuous_size': 30, 'attention_head_size': 3, 'learning_rate': 0.02423845171888119}. Best is trial 13 with value: 0.11285746842622757.
LOCAL_RANK: 0 - CUDA_VISIBLE_DEVICES: [0]
[I 2023-11-30 15:25:01,903] Trial 28 finished with value: 0.19358910620212555 and parameters: {'gradient_clip_val': 0.7963206436535796, 'hidden_size': 37, 'dropout': 0.29696382633246055, 'hidden_continuous_size': 23, 'attention_head_size': 1, 'learning_rate': 0.09666112988414204}. Best is trial 13 with value: 0.11285746842622757.
LOCAL_RANK: 0 - CUDA_VISIBLE_DEVICES: [0]
[I 2023-11-30 15:25:16,115] Trial 29 finished with value: 0.11238989979028702 and parameters: {'gradient_clip_val': 0.48798015674349815, 'hidden_size': 73, 'dropout': 0.33739231378821516, 'hidden_continuous_size': 39, 'attention_head_size': 3, 'learning_rate': 0.018827275920743205}. Best is trial 29 with value: 0.11238989979028702.
LOCAL_RANK: 0 - CUDA_VISIBLE_DEVICES: [0]
[I 2023-11-30 15:25:30,829] Trial 30 finished with value: 0.20583729445934296 and parameters: {'gradient_clip_val': 0.4842048521808162, 'hidden_size': 55, 'dropout': 0.33349741521568305, 'hidden_continuous_size': 39, 'attention_head_size': 3, 'learning_rate': 0.01589492839568616}. Best is trial 29 with value: 0.11238989979028702.
LOCAL_RANK: 0 - CUDA_VISIBLE_DEVICES: [0]
[I 2023-11-30 15:25:45,435] Trial 31 finished with value: 0.14935828745365143 and parameters: {'gradient_clip_val': 0.6704767689472644, 'hidden_size': 73, 'dropout': 0.35746770551747536, 'hidden_continuous_size': 38, 'attention_head_size': 3, 'learning_rate': 0.03906084460241866}. Best is trial 29 with value: 0.11238989979028702.
LOCAL_RANK: 0 - CUDA_VISIBLE_DEVICES: [0]
[I 2023-11-30 15:26:00,560] Trial 32 finished with value: 0.15737710893154144 and parameters: {'gradient_clip_val': 0.5104558906878109, 'hidden_size': 84, 'dropout': 0.32264124087323953, 'hidden_continuous_size': 47, 'attention_head_size': 3, 'learning_rate': 0.020572699640427006}. Best is trial 29 with value: 0.11238989979028702.
LOCAL_RANK: 0 - CUDA_VISIBLE_DEVICES: [0]
[I 2023-11-30 15:26:14,517] Trial 33 finished with value: 0.1308174580335617 and parameters: {'gradient_clip_val': 0.4536198701827589, 'hidden_size': 58, 'dropout': 0.27450949863964685, 'hidden_continuous_size': 32, 'attention_head_size': 2, 'learning_rate': 0.029852543340748664}. Best is trial 29 with value: 0.11238989979028702.
LOCAL_RANK: 0 - CUDA_VISIBLE_DEVICES: [0]
[I 2023-11-30 15:26:29,132] Trial 34 finished with value: 0.16781163215637207 and parameters: {'gradient_clip_val': 0.6155000200653302, 'hidden_size': 102, 'dropout': 0.3033696719185923, 'hidden_continuous_size': 50, 'attention_head_size': 4, 'learning_rate': 0.026586769390823117}. Best is trial 29 with value: 0.11238989979028702.
LOCAL_RANK: 0 - CUDA_VISIBLE_DEVICES: [0]
[I 2023-11-30 15:26:43,674] Trial 35 finished with value: 0.13762664794921875 and parameters: {'gradient_clip_val': 0.8435401988803135, 'hidden_size': 69, 'dropout': 0.34190107614686327, 'hidden_continuous_size': 39, 'attention_head_size': 3, 'learning_rate': 0.04238919651312535}. Best is trial 29 with value: 0.11238989979028702.
LOCAL_RANK: 0 - CUDA_VISIBLE_DEVICES: [0]
[I 2023-11-30 15:26:59,818] Trial 36 finished with value: 0.16574059426784515 and parameters: {'gradient_clip_val': 0.6953448168326812, 'hidden_size': 124, 'dropout': 0.37531492675565936, 'hidden_continuous_size': 58, 'attention_head_size': 4, 'learning_rate': 0.015150896104852775}. Best is trial 29 with value: 0.11238989979028702.
LOCAL_RANK: 0 - CUDA_VISIBLE_DEVICES: [0]
[I 2023-11-30 15:27:14,428] Trial 37 finished with value: 0.12301093339920044 and parameters: {'gradient_clip_val': 0.5698372008055053, 'hidden_size': 79, 'dropout': 0.3240966046827229, 'hidden_continuous_size': 42, 'attention_head_size': 2, 'learning_rate': 0.06275917987266216}. Best is trial 29 with value: 0.11238989979028702.
LOCAL_RANK: 0 - CUDA_VISIBLE_DEVICES: [0]
[I 2023-11-30 15:27:28,628] Trial 38 finished with value: 0.18505637347698212 and parameters: {'gradient_clip_val': 0.41422401102425027, 'hidden_size': 94, 'dropout': 0.35177841240563706, 'hidden_continuous_size': 29, 'attention_head_size': 3, 'learning_rate': 0.06439475968660795}. Best is trial 29 with value: 0.11238989979028702.
LOCAL_RANK: 0 - CUDA_VISIBLE_DEVICES: [0]
[I 2023-11-30 15:27:43,666] Trial 39 finished with value: 0.17535333335399628 and parameters: {'gradient_clip_val': 0.5497796345344647, 'hidden_size': 124, 'dropout': 0.33244881890235245, 'hidden_continuous_size': 64, 'attention_head_size': 4, 'learning_rate': 0.035643425588035314}. Best is trial 29 with value: 0.11238989979028702.
LOCAL_RANK: 0 - CUDA_VISIBLE_DEVICES: [0]
[I 2023-11-30 15:27:57,866] Trial 40 finished with value: 0.13949048519134521 and parameters: {'gradient_clip_val': 0.48379106387597803, 'hidden_size': 44, 'dropout': 0.3163749486335611, 'hidden_continuous_size': 34, 'attention_head_size': 3, 'learning_rate': 0.026503434872723802}. Best is trial 29 with value: 0.11238989979028702.
LOCAL_RANK: 0 - CUDA_VISIBLE_DEVICES: [0]
[I 2023-11-30 15:28:12,932] Trial 41 finished with value: 0.15074792504310608 and parameters: {'gradient_clip_val': 0.5993407058000079, 'hidden_size': 78, 'dropout': 0.29243644848977973, 'hidden_continuous_size': 42, 'attention_head_size': 2, 'learning_rate': 0.0503348684732151}. Best is trial 29 with value: 0.11238989979028702.
LOCAL_RANK: 0 - CUDA_VISIBLE_DEVICES: [0]
[I 2023-11-30 15:28:27,099] Trial 42 finished with value: 0.23741210997104645 and parameters: {'gradient_clip_val': 0.7313160259583986, 'hidden_size': 64, 'dropout': 0.3146174651949592, 'hidden_continuous_size': 37, 'attention_head_size': 2, 'learning_rate': 0.06027628150766095}. Best is trial 29 with value: 0.11238989979028702.
LOCAL_RANK: 0 - CUDA_VISIBLE_DEVICES: [0]
[I 2023-11-30 15:28:42,016] Trial 43 finished with value: 0.12867876887321472 and parameters: {'gradient_clip_val': 0.872986447948878, 'hidden_size': 91, 'dropout': 0.33952216369606203, 'hidden_continuous_size': 40, 'attention_head_size': 2, 'learning_rate': 0.03689388660251196}. Best is trial 29 with value: 0.11238989979028702.
LOCAL_RANK: 0 - CUDA_VISIBLE_DEVICES: [0]
[I 2023-11-30 15:28:56,485] Trial 44 finished with value: 0.10515791922807693 and parameters: {'gradient_clip_val': 0.38164783109801087, 'hidden_size': 77, 'dropout': 0.3612706383078243, 'hidden_continuous_size': 42, 'attention_head_size': 2, 'learning_rate': 0.0988024245302793}. Best is trial 44 with value: 0.10515791922807693.
LOCAL_RANK: 0 - CUDA_VISIBLE_DEVICES: [0]
