[I 2023-11-30 03:25:28,394] Trial 12 finished with value: 0.3563865125179291 and parameters: {'gradient_clip_val': 0.29029136377763964, 'hidden_size': 17, 'dropout': 0.3083592966213589, 'hidden_continuous_size': 12, 'attention_head_size': 3, 'learning_rate': 0.024154884695497165}. Best is trial 1 with value: 0.14826714992523193.
LOCAL_RANK: 0 - CUDA_VISIBLE_DEVICES: [0]
[I 2023-11-30 03:25:40,928] Trial 13 finished with value: 0.14928947389125824 and parameters: {'gradient_clip_val': 0.5743004188467669, 'hidden_size': 29, 'dropout': 0.3240438582142024, 'hidden_continuous_size': 14, 'attention_head_size': 2, 'learning_rate': 0.042519337018453576}. Best is trial 1 with value: 0.14826714992523193.
LOCAL_RANK: 0 - CUDA_VISIBLE_DEVICES: [0]
[I 2023-11-30 03:25:53,596] Trial 14 finished with value: 0.33979976177215576 and parameters: {'gradient_clip_val': 0.624813344622214, 'hidden_size': 33, 'dropout': 0.3404739016201036, 'hidden_continuous_size': 13, 'attention_head_size': 2, 'learning_rate': 0.08959467912523232}. Best is trial 1 with value: 0.14826714992523193.
LOCAL_RANK: 0 - CUDA_VISIBLE_DEVICES: [0]
[I 2023-11-30 03:26:07,003] Trial 15 finished with value: 0.24886691570281982 and parameters: {'gradient_clip_val': 0.6722461149113453, 'hidden_size': 60, 'dropout': 0.3907375005748452, 'hidden_continuous_size': 23, 'attention_head_size': 1, 'learning_rate': 0.015931327268509144}. Best is trial 1 with value: 0.14826714992523193.
LOCAL_RANK: 0 - CUDA_VISIBLE_DEVICES: [0]
[I 2023-11-30 03:26:21,056] Trial 16 finished with value: 0.14651913940906525 and parameters: {'gradient_clip_val': 0.39789053117909107, 'hidden_size': 140, 'dropout': 0.3155939615645249, 'hidden_continuous_size': 30, 'attention_head_size': 2, 'learning_rate': 0.04918571540843306}. Best is trial 16 with value: 0.14651913940906525.
LOCAL_RANK: 0 - CUDA_VISIBLE_DEVICES: [0]
[I 2023-11-30 03:26:35,309] Trial 17 finished with value: 0.27171793580055237 and parameters: {'gradient_clip_val': 0.3929630479005528, 'hidden_size': 150, 'dropout': 0.3095206295438359, 'hidden_continuous_size': 30, 'attention_head_size': 1, 'learning_rate': 0.05401764680841003}. Best is trial 16 with value: 0.14651913940906525.
LOCAL_RANK: 0 - CUDA_VISIBLE_DEVICES: [0]
[I 2023-11-30 03:26:47,931] Trial 18 finished with value: 0.1547539085149765 and parameters: {'gradient_clip_val': 0.7382048343962977, 'hidden_size': 44, 'dropout': 0.35820840943949706, 'hidden_continuous_size': 24, 'attention_head_size': 2, 'learning_rate': 0.028454796491581034}. Best is trial 16 with value: 0.14651913940906525.
LOCAL_RANK: 0 - CUDA_VISIBLE_DEVICES: [0]
[I 2023-11-30 03:27:01,244] Trial 19 finished with value: 0.1430235207080841 and parameters: {'gradient_clip_val': 0.4693440416948296, 'hidden_size': 65, 'dropout': 0.2909597525366872, 'hidden_continuous_size': 31, 'attention_head_size': 1, 'learning_rate': 0.059997523866812244}. Best is trial 19 with value: 0.1430235207080841.
LOCAL_RANK: 0 - CUDA_VISIBLE_DEVICES: [0]
[I 2023-11-30 03:27:15,812] Trial 20 finished with value: 0.10862338542938232 and parameters: {'gradient_clip_val': 0.33627960509797455, 'hidden_size': 147, 'dropout': 0.29725740893619546, 'hidden_continuous_size': 47, 'attention_head_size': 2, 'learning_rate': 0.015150469694367723}. Best is trial 20 with value: 0.10862338542938232.
LOCAL_RANK: 0 - CUDA_VISIBLE_DEVICES: [0]
[I 2023-11-30 03:27:30,034] Trial 21 finished with value: 0.1426505297422409 and parameters: {'gradient_clip_val': 0.35358044176420544, 'hidden_size': 134, 'dropout': 0.28953619487253224, 'hidden_continuous_size': 39, 'attention_head_size': 2, 'learning_rate': 0.01621485707087421}. Best is trial 20 with value: 0.10862338542938232.
LOCAL_RANK: 0 - CUDA_VISIBLE_DEVICES: [0]
[I 2023-11-30 03:27:44,254] Trial 22 finished with value: 0.2007024884223938 and parameters: {'gradient_clip_val': 0.321295669594089, 'hidden_size': 115, 'dropout': 0.2922255751262287, 'hidden_continuous_size': 44, 'attention_head_size': 3, 'learning_rate': 0.011304088554446413}. Best is trial 20 with value: 0.10862338542938232.
LOCAL_RANK: 0 - CUDA_VISIBLE_DEVICES: [0]
[I 2023-11-30 03:27:57,995] Trial 23 finished with value: 0.10386428982019424 and parameters: {'gradient_clip_val': 0.4844597173175341, 'hidden_size': 77, 'dropout': 0.2852286547524739, 'hidden_continuous_size': 39, 'attention_head_size': 2, 'learning_rate': 0.015199021480367612}. Best is trial 23 with value: 0.10386428982019424.
LOCAL_RANK: 0 - CUDA_VISIBLE_DEVICES: [0]
[I 2023-11-30 03:28:11,804] Trial 24 finished with value: 0.33771947026252747 and parameters: {'gradient_clip_val': 0.3271742736733243, 'hidden_size': 87, 'dropout': 0.2792078882348054, 'hidden_continuous_size': 42, 'attention_head_size': 2, 'learning_rate': 0.014678747728410203}. Best is trial 23 with value: 0.10386428982019424.
LOCAL_RANK: 0 - CUDA_VISIBLE_DEVICES: [0]
[I 2023-11-30 03:28:26,132] Trial 25 finished with value: 0.2429775446653366 and parameters: {'gradient_clip_val': 0.5315981990008888, 'hidden_size': 114, 'dropout': 0.2793808473435593, 'hidden_continuous_size': 49, 'attention_head_size': 2, 'learning_rate': 0.00907933104298557}. Best is trial 23 with value: 0.10386428982019424.
LOCAL_RANK: 0 - CUDA_VISIBLE_DEVICES: [0]
[I 2023-11-30 03:28:40,527] Trial 26 finished with value: 0.15180131793022156 and parameters: {'gradient_clip_val': 0.2684392514473174, 'hidden_size': 130, 'dropout': 0.3239871284524663, 'hidden_continuous_size': 61, 'attention_head_size': 3, 'learning_rate': 0.01705861557395983}. Best is trial 23 with value: 0.10386428982019424.
LOCAL_RANK: 0 - CUDA_VISIBLE_DEVICES: [0]
[I 2023-11-30 03:28:54,361] Trial 27 finished with value: 0.20456562936306 and parameters: {'gradient_clip_val': 0.33386216002928, 'hidden_size': 90, 'dropout': 0.2770314007112533, 'hidden_continuous_size': 35, 'attention_head_size': 2, 'learning_rate': 0.03070741806535573}. Best is trial 23 with value: 0.10386428982019424.
LOCAL_RANK: 0 - CUDA_VISIBLE_DEVICES: [0]
[I 2023-11-30 03:29:08,804] Trial 28 finished with value: 0.20031075179576874 and parameters: {'gradient_clip_val': 0.47990841281088437, 'hidden_size': 143, 'dropout': 0.3353677060925354, 'hidden_continuous_size': 58, 'attention_head_size': 3, 'learning_rate': 0.02019014505934666}. Best is trial 23 with value: 0.10386428982019424.
LOCAL_RANK: 0 - CUDA_VISIBLE_DEVICES: [0]
[I 2023-11-30 03:29:23,130] Trial 29 finished with value: 0.07495781034231186 and parameters: {'gradient_clip_val': 0.5852256125118906, 'hidden_size': 105, 'dropout': 0.29725642089782056, 'hidden_continuous_size': 71, 'attention_head_size': 2, 'learning_rate': 0.01304335242698989}. Best is trial 29 with value: 0.07495781034231186.
LOCAL_RANK: 0 - CUDA_VISIBLE_DEVICES: [0]
[I 2023-11-30 03:29:33,925] Trial 30 finished with value: 0.24494145810604095 and parameters: {'gradient_clip_val': 0.6041353559932173, 'hidden_size': 104, 'dropout': 0.3057965503828997, 'hidden_continuous_size': 104, 'attention_head_size': 2, 'learning_rate': 0.011926326686537243}. Best is trial 29 with value: 0.07495781034231186.
LOCAL_RANK: 0 - CUDA_VISIBLE_DEVICES: [0]
[I 2023-11-30 03:29:48,234] Trial 31 finished with value: 0.1219484731554985 and parameters: {'gradient_clip_val': 0.5349608541263396, 'hidden_size': 119, 'dropout': 0.2896331685893212, 'hidden_continuous_size': 66, 'attention_head_size': 2, 'learning_rate': 0.013067545867259216}. Best is trial 29 with value: 0.07495781034231186.
LOCAL_RANK: 0 - CUDA_VISIBLE_DEVICES: [0]
[I 2023-11-30 03:30:02,494] Trial 32 finished with value: 0.1770973950624466 and parameters: {'gradient_clip_val': 0.5283238854823156, 'hidden_size': 106, 'dropout': 0.26760406596429026, 'hidden_continuous_size': 67, 'attention_head_size': 2, 'learning_rate': 0.007402544035219346}. Best is trial 29 with value: 0.07495781034231186.
LOCAL_RANK: 0 - CUDA_VISIBLE_DEVICES: [0]
[I 2023-11-30 03:30:16,377] Trial 33 finished with value: 0.13416074216365814 and parameters: {'gradient_clip_val': 0.7090700645613792, 'hidden_size': 78, 'dropout': 0.2978904657295613, 'hidden_continuous_size': 51, 'attention_head_size': 2, 'learning_rate': 0.012868683131621709}. Best is trial 29 with value: 0.07495781034231186.
LOCAL_RANK: 0 - CUDA_VISIBLE_DEVICES: [0]
[I 2023-11-30 03:30:30,629] Trial 34 finished with value: 0.06470241397619247 and parameters: {'gradient_clip_val': 0.44255512373025596, 'hidden_size': 116, 'dropout': 0.32950428152555883, 'hidden_continuous_size': 72, 'attention_head_size': 2, 'learning_rate': 0.02061988182687911}. Best is trial 34 with value: 0.06470241397619247.
LOCAL_RANK: 0 - CUDA_VISIBLE_DEVICES: [0]
[I 2023-11-30 03:30:45,124] Trial 35 finished with value: 0.3029228448867798 and parameters: {'gradient_clip_val': 0.4300020741224476, 'hidden_size': 98, 'dropout': 0.3308825583635418, 'hidden_continuous_size': 79, 'attention_head_size': 3, 'learning_rate': 0.02145161181021984}. Best is trial 34 with value: 0.06470241397619247.
LOCAL_RANK: 0 - CUDA_VISIBLE_DEVICES: [0]
[I 2023-11-30 03:30:58,937] Trial 36 finished with value: 0.1976872682571411 and parameters: {'gradient_clip_val': 0.43804432044984065, 'hidden_size': 116, 'dropout': 0.35389217772112197, 'hidden_continuous_size': 54, 'attention_head_size': 1, 'learning_rate': 0.030821614095798096}. Best is trial 34 with value: 0.06470241397619247.
LOCAL_RANK: 0 - CUDA_VISIBLE_DEVICES: [0]
[I 2023-11-30 03:31:12,784] Trial 37 finished with value: 0.1652245670557022 and parameters: {'gradient_clip_val': 0.3638462457324279, 'hidden_size': 82, 'dropout': 0.3174333006449389, 'hidden_continuous_size': 47, 'attention_head_size': 2, 'learning_rate': 0.018817462466843553}. Best is trial 34 with value: 0.06470241397619247.
LOCAL_RANK: 0 - CUDA_VISIBLE_DEVICES: [0]
[I 2023-11-30 03:31:26,521] Trial 38 finished with value: 0.2730551064014435 and parameters: {'gradient_clip_val': 0.48473156744425394, 'hidden_size': 69, 'dropout': 0.3735004116617179, 'hidden_continuous_size': 53, 'attention_head_size': 2, 'learning_rate': 0.037193198235571344}. Best is trial 34 with value: 0.06470241397619247.
LOCAL_RANK: 0 - CUDA_VISIBLE_DEVICES: [0]
[I 2023-11-30 03:31:40,465] Trial 39 finished with value: 0.15629738569259644 and parameters: {'gradient_clip_val': 0.41571658501209263, 'hidden_size': 98, 'dropout': 0.33845706559621397, 'hidden_continuous_size': 70, 'attention_head_size': 1, 'learning_rate': 0.02334563082964815}. Best is trial 34 with value: 0.06470241397619247.
LOCAL_RANK: 0 - CUDA_VISIBLE_DEVICES: [0]
[I 2023-11-30 03:31:55,183] Trial 40 finished with value: 0.31960949301719666 and parameters: {'gradient_clip_val': 0.8047178750236124, 'hidden_size': 150, 'dropout': 0.2642686164957573, 'hidden_continuous_size': 96, 'attention_head_size': 2, 'learning_rate': 0.009718186259151065}. Best is trial 34 with value: 0.06470241397619247.
LOCAL_RANK: 0 - CUDA_VISIBLE_DEVICES: [0]
[I 2023-11-30 03:32:09,639] Trial 41 finished with value: 0.1518007069826126 and parameters: {'gradient_clip_val': 0.58175166913068, 'hidden_size': 124, 'dropout': 0.29646862057787154, 'hidden_continuous_size': 121, 'attention_head_size': 2, 'learning_rate': 0.013422554580463037}. Best is trial 34 with value: 0.06470241397619247.
LOCAL_RANK: 0 - CUDA_VISIBLE_DEVICES: [0]
[I 2023-11-30 03:32:23,752] Trial 42 finished with value: 0.12617617845535278 and parameters: {'gradient_clip_val': 0.521845566446553, 'hidden_size': 124, 'dropout': 0.23984473155826172, 'hidden_continuous_size': 67, 'attention_head_size': 2, 'learning_rate': 0.014787653453297694}. Best is trial 34 with value: 0.06470241397619247.
LOCAL_RANK: 0 - CUDA_VISIBLE_DEVICES: [0]
[I 2023-11-30 03:32:37,968] Trial 43 finished with value: 0.1967451423406601 and parameters: {'gradient_clip_val': 0.4345463253786564, 'hidden_size': 105, 'dropout': 0.3085034366192216, 'hidden_continuous_size': 77, 'attention_head_size': 2, 'learning_rate': 0.018847405278460416}. Best is trial 34 with value: 0.06470241397619247.
LOCAL_RANK: 0 - CUDA_VISIBLE_DEVICES: [0]
[I 2023-11-30 03:32:51,988] Trial 44 finished with value: 0.14863167703151703 and parameters: {'gradient_clip_val': 0.36106778266756406, 'hidden_size': 86, 'dropout': 0.25372015284772376, 'hidden_continuous_size': 59, 'attention_head_size': 2, 'learning_rate': 0.007614209730911329}. Best is trial 34 with value: 0.06470241397619247.
LOCAL_RANK: 0 - CUDA_VISIBLE_DEVICES: [0]
[I 2023-11-30 03:33:06,709] Trial 45 finished with value: 0.3215872347354889 and parameters: {'gradient_clip_val': 0.5113487971473927, 'hidden_size': 122, 'dropout': 0.2746603601919229, 'hidden_continuous_size': 85, 'attention_head_size': 3, 'learning_rate': 0.011387477661433994}. Best is trial 34 with value: 0.06470241397619247.
LOCAL_RANK: 0 - CUDA_VISIBLE_DEVICES: [0]
[I 2023-11-30 03:33:20,916] Trial 46 finished with value: 0.27806296944618225 and parameters: {'gradient_clip_val': 0.6479448842433488, 'hidden_size': 95, 'dropout': 0.23256905939695774, 'hidden_continuous_size': 71, 'attention_head_size': 2, 'learning_rate': 0.023319623411909917}. Best is trial 34 with value: 0.06470241397619247.
LOCAL_RANK: 0 - CUDA_VISIBLE_DEVICES: [0]
[I 2023-11-30 03:33:34,878] Trial 47 finished with value: 0.20218296349048615 and parameters: {'gradient_clip_val': 0.5621108586108379, 'hidden_size': 75, 'dropout': 0.3479636877891703, 'hidden_continuous_size': 61, 'attention_head_size': 2, 'learning_rate': 0.01397320604440514}. Best is trial 34 with value: 0.06470241397619247.
LOCAL_RANK: 0 - CUDA_VISIBLE_DEVICES: [0]
[I 2023-11-30 03:33:49,074] Trial 48 finished with value: 0.14041122794151306 and parameters: {'gradient_clip_val': 0.2932783382095141, 'hidden_size': 130, 'dropout': 0.25990947268633247, 'hidden_continuous_size': 48, 'attention_head_size': 1, 'learning_rate': 0.02553001804264061}. Best is trial 34 with value: 0.06470241397619247.
LOCAL_RANK: 0 - CUDA_VISIBLE_DEVICES: [0]
[I 2023-11-30 03:34:03,143] Trial 49 finished with value: 0.1934642791748047 and parameters: {'gradient_clip_val': 0.6178211846996552, 'hidden_size': 108, 'dropout': 0.3294264425168604, 'hidden_continuous_size': 54, 'attention_head_size': 3, 'learning_rate': 0.01828290693644803}. Best is trial 34 with value: 0.06470241397619247.
LOCAL_RANK: 0 - CUDA_VISIBLE_DEVICES: [0]
[I 2023-11-30 03:34:16,796] Trial 50 finished with value: 0.24191975593566895 and parameters: {'gradient_clip_val': 0.4596596931518968, 'hidden_size': 57, 'dropout': 0.31722158322924715, 'hidden_continuous_size': 46, 'attention_head_size': 1, 'learning_rate': 0.01031028351993623}. Best is trial 34 with value: 0.06470241397619247.
LOCAL_RANK: 0 - CUDA_VISIBLE_DEVICES: [0]
[I 2023-11-30 03:34:30,877] Trial 51 finished with value: 0.16842728853225708 and parameters: {'gradient_clip_val': 0.5416415498974604, 'hidden_size': 124, 'dropout': 0.24049480854182467, 'hidden_continuous_size': 65, 'attention_head_size': 2, 'learning_rate': 0.015967773316724707}. Best is trial 34 with value: 0.06470241397619247.
LOCAL_RANK: 0 - CUDA_VISIBLE_DEVICES: [0]
[I 2023-11-30 03:34:45,376] Trial 52 finished with value: 0.16982100903987885 and parameters: {'gradient_clip_val': 0.5096529593995028, 'hidden_size': 137, 'dropout': 0.21951411170902377, 'hidden_continuous_size': 74, 'attention_head_size': 2, 'learning_rate': 0.013761132516095339}. Best is trial 34 with value: 0.06470241397619247.
LOCAL_RANK: 0 - CUDA_VISIBLE_DEVICES: [0]
[I 2023-11-30 03:34:59,488] Trial 53 finished with value: 0.2936204671859741 and parameters: {'gradient_clip_val': 0.6615329434045225, 'hidden_size': 113, 'dropout': 0.2841116147829232, 'hidden_continuous_size': 64, 'attention_head_size': 2, 'learning_rate': 0.01647413961304114}. Best is trial 34 with value: 0.06470241397619247.
LOCAL_RANK: 0 - CUDA_VISIBLE_DEVICES: [0]
[I 2023-11-30 03:35:13,578] Trial 54 finished with value: 0.12618575990200043 and parameters: {'gradient_clip_val': 0.40753619307601235, 'hidden_size': 92, 'dropout': 0.26904799637959803, 'hidden_continuous_size': 71, 'attention_head_size': 2, 'learning_rate': 0.008405507835025876}. Best is trial 34 with value: 0.06470241397619247.
LOCAL_RANK: 0 - CUDA_VISIBLE_DEVICES: [0]
[I 2023-11-30 03:35:28,143] Trial 55 finished with value: 0.07908322662115097 and parameters: {'gradient_clip_val': 0.5634731269698006, 'hidden_size': 130, 'dropout': 0.30012086604460864, 'hidden_continuous_size': 86, 'attention_head_size': 2, 'learning_rate': 0.011334653905627717}. Best is trial 34 with value: 0.06470241397619247.
LOCAL_RANK: 0 - CUDA_VISIBLE_DEVICES: [0]
[I 2023-11-30 03:35:42,895] Trial 56 finished with value: 0.14004719257354736 and parameters: {'gradient_clip_val': 0.5981471137280796, 'hidden_size': 145, 'dropout': 0.3011421186155353, 'hidden_continuous_size': 91, 'attention_head_size': 2, 'learning_rate': 0.006639308083650801}. Best is trial 34 with value: 0.06470241397619247.
LOCAL_RANK: 0 - CUDA_VISIBLE_DEVICES: [0]
[I 2023-11-30 03:35:57,115] Trial 57 finished with value: 0.16169311106204987 and parameters: {'gradient_clip_val': 0.3795633793660552, 'hidden_size': 97, 'dropout': 0.28958330122491, 'hidden_continuous_size': 79, 'attention_head_size': 2, 'learning_rate': 0.011308293114870869}. Best is trial 34 with value: 0.06470241397619247.
LOCAL_RANK: 0 - CUDA_VISIBLE_DEVICES: [0]
[I 2023-11-30 03:36:11,203] Trial 58 finished with value: 0.23127484321594238 and parameters: {'gradient_clip_val': 0.4581470193672096, 'hidden_size': 83, 'dropout': 0.3057117269254175, 'hidden_continuous_size': 56, 'attention_head_size': 2, 'learning_rate': 0.010190037159002798}. Best is trial 34 with value: 0.06470241397619247.
LOCAL_RANK: 0 - CUDA_VISIBLE_DEVICES: [0]
[I 2023-11-30 03:36:25,595] Trial 59 finished with value: 0.33686184883117676 and parameters: {'gradient_clip_val': 0.7005905641171316, 'hidden_size': 136, 'dropout': 0.32220989915808235, 'hidden_continuous_size': 84, 'attention_head_size': 3, 'learning_rate': 0.004547488634677099}. Best is trial 34 with value: 0.06470241397619247.
LOCAL_RANK: 0 - CUDA_VISIBLE_DEVICES: [0]
[I 2023-11-30 03:36:39,952] Trial 60 finished with value: 0.17237967252731323 and parameters: {'gradient_clip_val': 0.5723132982936892, 'hidden_size': 117, 'dropout': 0.28487848723421244, 'hidden_continuous_size': 42, 'attention_head_size': 4, 'learning_rate': 0.012429868916246903}. Best is trial 34 with value: 0.06470241397619247.
LOCAL_RANK: 0 - CUDA_VISIBLE_DEVICES: [0]
[I 2023-11-30 03:36:54,216] Trial 61 finished with value: 0.18003825843334198 and parameters: {'gradient_clip_val': 0.4888149597594568, 'hidden_size': 130, 'dropout': 0.27215515242536475, 'hidden_continuous_size': 68, 'attention_head_size': 2, 'learning_rate': 0.014991552852718089}. Best is trial 34 with value: 0.06470241397619247.
LOCAL_RANK: 0 - CUDA_VISIBLE_DEVICES: [0]
[I 2023-11-30 03:37:08,339] Trial 62 finished with value: 0.21019215881824493 and parameters: {'gradient_clip_val': 0.5430996698862425, 'hidden_size': 104, 'dropout': 0.2966246000008991, 'hidden_continuous_size': 75, 'attention_head_size': 2, 'learning_rate': 0.019788922677728533}. Best is trial 34 with value: 0.06470241397619247.
LOCAL_RANK: 0 - CUDA_VISIBLE_DEVICES: [0]
[I 2023-11-30 03:37:22,549] Trial 63 finished with value: 0.15428176522254944 and parameters: {'gradient_clip_val': 0.4969940087698406, 'hidden_size': 123, 'dropout': 0.31258884946756604, 'hidden_continuous_size': 62, 'attention_head_size': 2, 'learning_rate': 0.01484297372746971}. Best is trial 34 with value: 0.06470241397619247.
LOCAL_RANK: 0 - CUDA_VISIBLE_DEVICES: [0]
[I 2023-11-30 03:37:37,013] Trial 64 finished with value: 0.09218452125787735 and parameters: {'gradient_clip_val': 0.3987192871771608, 'hidden_size': 144, 'dropout': 0.2491829353968127, 'hidden_continuous_size': 92, 'attention_head_size': 2, 'learning_rate': 0.009535295450497009}. Best is trial 34 with value: 0.06470241397619247.
LOCAL_RANK: 0 - CUDA_VISIBLE_DEVICES: [0]
[I 2023-11-30 03:37:51,998] Trial 65 finished with value: 0.14587432146072388 and parameters: {'gradient_clip_val': 0.40636760697397045, 'hidden_size': 150, 'dropout': 0.2579267521655927, 'hidden_continuous_size': 101, 'attention_head_size': 2, 'learning_rate': 0.008864381350004828}. Best is trial 34 with value: 0.06470241397619247.
LOCAL_RANK: 0 - CUDA_VISIBLE_DEVICES: [0]
[I 2023-11-30 03:38:06,304] Trial 66 finished with value: 0.2622195780277252 and parameters: {'gradient_clip_val': 0.3844280218875743, 'hidden_size': 136, 'dropout': 0.28232870429581064, 'hidden_continuous_size': 86, 'attention_head_size': 2, 'learning_rate': 0.010132270972058918}. Best is trial 34 with value: 0.06470241397619247.
LOCAL_RANK: 0 - CUDA_VISIBLE_DEVICES: [0]
[I 2023-11-30 03:38:20,567] Trial 67 finished with value: 0.13175515830516815 and parameters: {'gradient_clip_val': 0.44380610714596924, 'hidden_size': 111, 'dropout': 0.2994205939537332, 'hidden_continuous_size': 82, 'attention_head_size': 2, 'learning_rate': 0.01225960160670091}. Best is trial 34 with value: 0.06470241397619247.
LOCAL_RANK: 0 - CUDA_VISIBLE_DEVICES: [0]
[I 2023-11-30 03:38:35,308] Trial 68 finished with value: 0.25793886184692383 and parameters: {'gradient_clip_val': 0.34945770342982596, 'hidden_size': 150, 'dropout': 0.32726956515159666, 'hidden_continuous_size': 106, 'attention_head_size': 2, 'learning_rate': 0.01753137612768778}. Best is trial 34 with value: 0.06470241397619247.
LOCAL_RANK: 0 - CUDA_VISIBLE_DEVICES: [0]
[I 2023-11-30 03:38:49,598] Trial 69 finished with value: 0.22029109299182892 and parameters: {'gradient_clip_val': 0.4583752364035101, 'hidden_size': 101, 'dropout': 0.2882553095666898, 'hidden_continuous_size': 77, 'attention_head_size': 3, 'learning_rate': 0.008156511095047368}. Best is trial 34 with value: 0.06470241397619247.
LOCAL_RANK: 0 - CUDA_VISIBLE_DEVICES: [0]
