[I 2023-11-30 10:28:11,001] Trial 65 finished with value: 85.11881256103516 and parameters: {'gradient_clip_val': 0.17426202737522414, 'hidden_size': 56, 'dropout': 0.324709743880815, 'hidden_continuous_size': 19, 'attention_head_size': 1, 'learning_rate': 0.00784660401279081}. Best is trial 53 with value: 81.1600570678711.
LOCAL_RANK: 0 - CUDA_VISIBLE_DEVICES: [0]
[I 2023-11-30 10:28:24,829] Trial 66 finished with value: 92.34490966796875 and parameters: {'gradient_clip_val': 0.17430668024530305, 'hidden_size': 84, 'dropout': 0.32317587244377216, 'hidden_continuous_size': 19, 'attention_head_size': 1, 'learning_rate': 0.007910930556818789}. Best is trial 53 with value: 81.1600570678711.
LOCAL_RANK: 0 - CUDA_VISIBLE_DEVICES: [0]
[I 2023-11-30 10:28:38,413] Trial 67 finished with value: 108.52593994140625 and parameters: {'gradient_clip_val': 0.10802803726493197, 'hidden_size': 77, 'dropout': 0.34712135313054016, 'hidden_continuous_size': 16, 'attention_head_size': 1, 'learning_rate': 0.010907775328860975}. Best is trial 53 with value: 81.1600570678711.
LOCAL_RANK: 0 - CUDA_VISIBLE_DEVICES: [0]
[I 2023-11-30 10:28:52,132] Trial 68 finished with value: 87.68071746826172 and parameters: {'gradient_clip_val': 0.1255903966438164, 'hidden_size': 98, 'dropout': 0.32209845098484985, 'hidden_continuous_size': 30, 'attention_head_size': 1, 'learning_rate': 0.006563818963585706}. Best is trial 53 with value: 81.1600570678711.
LOCAL_RANK: 0 - CUDA_VISIBLE_DEVICES: [0]
[I 2023-11-30 10:29:06,218] Trial 69 finished with value: 83.64412689208984 and parameters: {'gradient_clip_val': 0.1272812995130131, 'hidden_size': 134, 'dropout': 0.33677474828519915, 'hidden_continuous_size': 32, 'attention_head_size': 1, 'learning_rate': 0.006514720861471216}. Best is trial 53 with value: 81.1600570678711.
LOCAL_RANK: 0 - CUDA_VISIBLE_DEVICES: [0]
[I 2023-11-30 10:29:20,333] Trial 70 finished with value: 154.47579956054688 and parameters: {'gradient_clip_val': 0.1002597929712077, 'hidden_size': 136, 'dropout': 0.340469283725536, 'hidden_continuous_size': 28, 'attention_head_size': 1, 'learning_rate': 0.009283738458415389}. Best is trial 53 with value: 81.1600570678711.
LOCAL_RANK: 0 - CUDA_VISIBLE_DEVICES: [0]
[I 2023-11-30 10:29:34,638] Trial 71 finished with value: 98.34869384765625 and parameters: {'gradient_clip_val': 0.12565842047029835, 'hidden_size': 98, 'dropout': 0.335539979001802, 'hidden_continuous_size': 30, 'attention_head_size': 1, 'learning_rate': 0.006452511514757628}. Best is trial 53 with value: 81.1600570678711.
LOCAL_RANK: 0 - CUDA_VISIBLE_DEVICES: [0]
[I 2023-11-30 10:29:48,558] Trial 72 finished with value: 100.80785369873047 and parameters: {'gradient_clip_val': 0.11768133064330287, 'hidden_size': 115, 'dropout': 0.3138414731186963, 'hidden_continuous_size': 33, 'attention_head_size': 1, 'learning_rate': 0.008294853165193622}. Best is trial 53 with value: 81.1600570678711.
LOCAL_RANK: 0 - CUDA_VISIBLE_DEVICES: [0]
[I 2023-11-30 10:30:02,583] Trial 73 finished with value: 92.81304931640625 and parameters: {'gradient_clip_val': 0.14036273511874245, 'hidden_size': 131, 'dropout': 0.35147118664703864, 'hidden_continuous_size': 38, 'attention_head_size': 1, 'learning_rate': 0.005652429937693373}. Best is trial 53 with value: 81.1600570678711.
LOCAL_RANK: 0 - CUDA_VISIBLE_DEVICES: [0]
[I 2023-11-30 10:30:16,264] Trial 74 finished with value: 113.22369384765625 and parameters: {'gradient_clip_val': 0.13047802478314752, 'hidden_size': 102, 'dropout': 0.3209867316613141, 'hidden_continuous_size': 29, 'attention_head_size': 1, 'learning_rate': 0.006912737856741428}. Best is trial 53 with value: 81.1600570678711.
LOCAL_RANK: 0 - CUDA_VISIBLE_DEVICES: [0]
[I 2023-11-30 10:30:30,319] Trial 75 finished with value: 100.43353271484375 and parameters: {'gradient_clip_val': 0.10920780387936031, 'hidden_size': 120, 'dropout': 0.3338675638878969, 'hidden_continuous_size': 31, 'attention_head_size': 1, 'learning_rate': 0.006242782357231185}. Best is trial 53 with value: 81.1600570678711.
LOCAL_RANK: 0 - CUDA_VISIBLE_DEVICES: [0]
[I 2023-11-30 10:30:43,929] Trial 76 finished with value: 126.4811019897461 and parameters: {'gradient_clip_val': 0.1575148840791408, 'hidden_size': 112, 'dropout': 0.2945326883323609, 'hidden_continuous_size': 27, 'attention_head_size': 1, 'learning_rate': 0.007708090871145721}. Best is trial 53 with value: 81.1600570678711.
LOCAL_RANK: 0 - CUDA_VISIBLE_DEVICES: [0]
[I 2023-11-30 10:30:58,124] Trial 77 finished with value: 91.86902618408203 and parameters: {'gradient_clip_val': 0.12385887268751297, 'hidden_size': 145, 'dropout': 0.3745153301005079, 'hidden_continuous_size': 25, 'attention_head_size': 1, 'learning_rate': 0.009432187005509175}. Best is trial 53 with value: 81.1600570678711.
LOCAL_RANK: 0 - CUDA_VISIBLE_DEVICES: [0]
[I 2023-11-30 10:31:11,730] Trial 78 finished with value: 86.6434555053711 and parameters: {'gradient_clip_val': 0.13701703611039245, 'hidden_size': 89, 'dropout': 0.3582925718671607, 'hidden_continuous_size': 31, 'attention_head_size': 1, 'learning_rate': 0.005297459595861279}. Best is trial 53 with value: 81.1600570678711.
LOCAL_RANK: 0 - CUDA_VISIBLE_DEVICES: [0]
[I 2023-11-30 10:31:25,461] Trial 79 finished with value: 115.8725814819336 and parameters: {'gradient_clip_val': 0.13430387772484975, 'hidden_size': 87, 'dropout': 0.3562492560769271, 'hidden_continuous_size': 34, 'attention_head_size': 1, 'learning_rate': 0.005440874520950087}. Best is trial 53 with value: 81.1600570678711.
LOCAL_RANK: 0 - CUDA_VISIBLE_DEVICES: [0]
[I 2023-11-30 10:31:39,265] Trial 80 finished with value: 107.78485107421875 and parameters: {'gradient_clip_val': 0.1648682828538758, 'hidden_size': 92, 'dropout': 0.38735064444128353, 'hidden_continuous_size': 32, 'attention_head_size': 1, 'learning_rate': 0.00434907766269639}. Best is trial 53 with value: 81.1600570678711.
LOCAL_RANK: 0 - CUDA_VISIBLE_DEVICES: [0]
[I 2023-11-30 10:31:52,966] Trial 81 finished with value: 124.1802978515625 and parameters: {'gradient_clip_val': 0.14437045199559745, 'hidden_size': 99, 'dropout': 0.3425211325090677, 'hidden_continuous_size': 30, 'attention_head_size': 1, 'learning_rate': 0.006835701772436007}. Best is trial 53 with value: 81.1600570678711.
LOCAL_RANK: 0 - CUDA_VISIBLE_DEVICES: [0]
[I 2023-11-30 10:32:07,043] Trial 82 finished with value: 87.67632293701172 and parameters: {'gradient_clip_val': 0.11714521788652597, 'hidden_size': 125, 'dropout': 0.37153590903524325, 'hidden_continuous_size': 38, 'attention_head_size': 1, 'learning_rate': 0.0050698851336728554}. Best is trial 53 with value: 81.1600570678711.
LOCAL_RANK: 0 - CUDA_VISIBLE_DEVICES: [0]
[I 2023-11-30 10:32:21,151] Trial 83 finished with value: 115.38995361328125 and parameters: {'gradient_clip_val': 0.11364314342038008, 'hidden_size': 126, 'dropout': 0.35828301850054906, 'hidden_continuous_size': 43, 'attention_head_size': 1, 'learning_rate': 0.0048092104681175364}. Best is trial 53 with value: 81.1600570678711.
LOCAL_RANK: 0 - CUDA_VISIBLE_DEVICES: [0]
[I 2023-11-30 10:32:35,077] Trial 84 finished with value: 83.6321792602539 and parameters: {'gradient_clip_val': 0.1060599313316702, 'hidden_size': 115, 'dropout': 0.3610629828908759, 'hidden_continuous_size': 34, 'attention_head_size': 1, 'learning_rate': 0.003664396423229311}. Best is trial 53 with value: 81.1600570678711.
LOCAL_RANK: 0 - CUDA_VISIBLE_DEVICES: [0]
[I 2023-11-30 10:32:48,977] Trial 85 finished with value: 87.99108123779297 and parameters: {'gradient_clip_val': 0.10591061955643247, 'hidden_size': 112, 'dropout': 0.3527882808398337, 'hidden_continuous_size': 34, 'attention_head_size': 1, 'learning_rate': 0.0036519765193003713}. Best is trial 53 with value: 81.1600570678711.
LOCAL_RANK: 0 - CUDA_VISIBLE_DEVICES: [0]
[I 2023-11-30 10:33:02,477] Trial 86 finished with value: 97.49491119384766 and parameters: {'gradient_clip_val': 0.1358291961636834, 'hidden_size': 88, 'dropout': 0.3625915437513949, 'hidden_continuous_size': 27, 'attention_head_size': 1, 'learning_rate': 0.008638570239103196}. Best is trial 53 with value: 81.1600570678711.
LOCAL_RANK: 0 - CUDA_VISIBLE_DEVICES: [0]
[I 2023-11-30 10:33:16,539] Trial 87 finished with value: 88.7045669555664 and parameters: {'gradient_clip_val': 0.15525167526640118, 'hidden_size': 140, 'dropout': 0.38997328485773225, 'hidden_continuous_size': 36, 'attention_head_size': 1, 'learning_rate': 0.011156168154775263}. Best is trial 53 with value: 81.1600570678711.
LOCAL_RANK: 0 - CUDA_VISIBLE_DEVICES: [0]
[I 2023-11-30 10:33:30,442] Trial 88 finished with value: 77.83583068847656 and parameters: {'gradient_clip_val': 0.10315701110900596, 'hidden_size': 103, 'dropout': 0.371351449501299, 'hidden_continuous_size': 43, 'attention_head_size': 1, 'learning_rate': 0.0056478265593567275}. Best is trial 88 with value: 77.83583068847656.
LOCAL_RANK: 0 - CUDA_VISIBLE_DEVICES: [0]
[I 2023-11-30 10:33:44,334] Trial 89 finished with value: 79.04332733154297 and parameters: {'gradient_clip_val': 0.10232674250918701, 'hidden_size': 116, 'dropout': 0.380310274332328, 'hidden_continuous_size': 44, 'attention_head_size': 1, 'learning_rate': 0.007632026023528473}. Best is trial 88 with value: 77.83583068847656.
LOCAL_RANK: 0 - CUDA_VISIBLE_DEVICES: [0]
[I 2023-11-30 10:33:58,455] Trial 90 finished with value: 89.06885528564453 and parameters: {'gradient_clip_val': 0.10085637751905822, 'hidden_size': 107, 'dropout': 0.38112501586065994, 'hidden_continuous_size': 52, 'attention_head_size': 1, 'learning_rate': 0.007171039197218126}. Best is trial 88 with value: 77.83583068847656.
LOCAL_RANK: 0 - CUDA_VISIBLE_DEVICES: [0]
[I 2023-11-30 10:34:12,444] Trial 91 finished with value: 96.80548095703125 and parameters: {'gradient_clip_val': 0.10894692168184018, 'hidden_size': 132, 'dropout': 0.37442350161553417, 'hidden_continuous_size': 47, 'attention_head_size': 1, 'learning_rate': 0.008356969309442198}. Best is trial 88 with value: 77.83583068847656.
LOCAL_RANK: 0 - CUDA_VISIBLE_DEVICES: [0]
[I 2023-11-30 10:34:26,435] Trial 92 finished with value: 116.6028823852539 and parameters: {'gradient_clip_val': 0.11391851694537784, 'hidden_size': 118, 'dropout': 0.367641939910118, 'hidden_continuous_size': 42, 'attention_head_size': 1, 'learning_rate': 0.006114006640757969}. Best is trial 88 with value: 77.83583068847656.
LOCAL_RANK: 0 - CUDA_VISIBLE_DEVICES: [0]
[I 2023-11-30 10:34:40,359] Trial 93 finished with value: 88.8178939819336 and parameters: {'gradient_clip_val': 0.10336270602146055, 'hidden_size': 109, 'dropout': 0.34744228951933953, 'hidden_continuous_size': 38, 'attention_head_size': 1, 'learning_rate': 0.007523028295340307}. Best is trial 88 with value: 77.83583068847656.
LOCAL_RANK: 0 - CUDA_VISIBLE_DEVICES: [0]
[I 2023-11-30 10:34:54,609] Trial 94 finished with value: 94.96302032470703 and parameters: {'gradient_clip_val': 0.11939499418798778, 'hidden_size': 150, 'dropout': 0.39080042870211473, 'hidden_continuous_size': 36, 'attention_head_size': 1, 'learning_rate': 0.00999388296439672}. Best is trial 88 with value: 77.83583068847656.
LOCAL_RANK: 0 - CUDA_VISIBLE_DEVICES: [0]
[I 2023-11-30 10:35:08,627] Trial 95 finished with value: 85.94181060791016 and parameters: {'gradient_clip_val': 0.10511489454132229, 'hidden_size': 105, 'dropout': 0.38318833085805376, 'hidden_continuous_size': 41, 'attention_head_size': 1, 'learning_rate': 0.005948056215028611}. Best is trial 88 with value: 77.83583068847656.
LOCAL_RANK: 0 - CUDA_VISIBLE_DEVICES: [0]
[I 2023-11-30 10:35:22,670] Trial 96 finished with value: 94.95446014404297 and parameters: {'gradient_clip_val': 0.12692676301544403, 'hidden_size': 122, 'dropout': 0.37237681520167915, 'hidden_continuous_size': 44, 'attention_head_size': 1, 'learning_rate': 0.0083757788327528}. Best is trial 88 with value: 77.83583068847656.
LOCAL_RANK: 0 - CUDA_VISIBLE_DEVICES: [0]
[I 2023-11-30 10:35:36,468] Trial 97 finished with value: 121.33943939208984 and parameters: {'gradient_clip_val': 0.1136936960374335, 'hidden_size': 93, 'dropout': 0.3945266356219236, 'hidden_continuous_size': 40, 'attention_head_size': 1, 'learning_rate': 0.007487350272905166}. Best is trial 88 with value: 77.83583068847656.
LOCAL_RANK: 0 - CUDA_VISIBLE_DEVICES: [0]
[I 2023-11-30 10:35:50,245] Trial 98 finished with value: 85.57288360595703 and parameters: {'gradient_clip_val': 0.12096214838671143, 'hidden_size': 79, 'dropout': 0.33002228248592114, 'hidden_continuous_size': 50, 'attention_head_size': 1, 'learning_rate': 0.008987271262299656}. Best is trial 88 with value: 77.83583068847656.
LOCAL_RANK: 0 - CUDA_VISIBLE_DEVICES: [0]
[I 2023-11-30 10:36:04,143] Trial 99 finished with value: 102.10176849365234 and parameters: {'gradient_clip_val': 0.12052787360389346, 'hidden_size': 81, 'dropout': 0.32976724199100266, 'hidden_continuous_size': 53, 'attention_head_size': 1, 'learning_rate': 0.01199290202092339}. Best is trial 88 with value: 77.83583068847656.
LOCAL_RANK: 0 - CUDA_VISIBLE_DEVICES: [0]
[I 2023-11-30 10:36:17,854] Trial 100 finished with value: 90.94577026367188 and parameters: {'gradient_clip_val': 0.11197036789044851, 'hidden_size': 67, 'dropout': 0.3387158277917946, 'hidden_continuous_size': 45, 'attention_head_size': 1, 'learning_rate': 0.00570786861102117}. Best is trial 88 with value: 77.83583068847656.
LOCAL_RANK: 0 - CUDA_VISIBLE_DEVICES: [0]
[I 2023-11-30 10:36:31,468] Trial 101 finished with value: 101.03802490234375 and parameters: {'gradient_clip_val': 0.10743672142673065, 'hidden_size': 73, 'dropout': 0.31023366394440716, 'hidden_continuous_size': 47, 'attention_head_size': 1, 'learning_rate': 0.008801796485870074}. Best is trial 88 with value: 77.83583068847656.
LOCAL_RANK: 0 - CUDA_VISIBLE_DEVICES: [0]
[I 2023-11-30 10:36:45,349] Trial 102 finished with value: 81.35981750488281 and parameters: {'gradient_clip_val': 0.14691343835241744, 'hidden_size': 101, 'dropout': 0.32828592184622124, 'hidden_continuous_size': 43, 'attention_head_size': 1, 'learning_rate': 0.010394109409878838}. Best is trial 88 with value: 77.83583068847656.
LOCAL_RANK: 0 - CUDA_VISIBLE_DEVICES: [0]
[I 2023-11-30 10:36:58,845] Trial 103 finished with value: 97.8513412475586 and parameters: {'gradient_clip_val': 0.1476456577999966, 'hidden_size': 63, 'dropout': 0.3168812596107815, 'hidden_continuous_size': 49, 'attention_head_size': 1, 'learning_rate': 0.010173460299237736}. Best is trial 88 with value: 77.83583068847656.
LOCAL_RANK: 0 - CUDA_VISIBLE_DEVICES: [0]
[I 2023-11-30 10:37:12,857] Trial 104 finished with value: 108.79159545898438 and parameters: {'gradient_clip_val': 0.13007095057987694, 'hidden_size': 102, 'dropout': 0.328439301118921, 'hidden_continuous_size': 63, 'attention_head_size': 1, 'learning_rate': 0.006634958816736274}. Best is trial 88 with value: 77.83583068847656.
LOCAL_RANK: 0 - CUDA_VISIBLE_DEVICES: [0]
[I 2023-11-30 10:37:26,396] Trial 105 finished with value: 94.8001937866211 and parameters: {'gradient_clip_val': 0.12186237479526063, 'hidden_size': 71, 'dropout': 0.33517593426981784, 'hidden_continuous_size': 20, 'attention_head_size': 1, 'learning_rate': 0.010940237261251482}. Best is trial 88 with value: 77.83583068847656.
LOCAL_RANK: 0 - CUDA_VISIBLE_DEVICES: [0]
[I 2023-11-30 10:37:39,988] Trial 106 finished with value: 86.26078033447266 and parameters: {'gradient_clip_val': 0.14558026111096167, 'hidden_size': 77, 'dropout': 0.32562276437686105, 'hidden_continuous_size': 43, 'attention_head_size': 1, 'learning_rate': 0.007837160681491004}. Best is trial 88 with value: 77.83583068847656.
LOCAL_RANK: 0 - CUDA_VISIBLE_DEVICES: [0]
[I 2023-11-30 10:37:53,582] Trial 107 finished with value: 131.3385009765625 and parameters: {'gradient_clip_val': 0.17143397365859994, 'hidden_size': 95, 'dropout': 0.29950436652437273, 'hidden_continuous_size': 22, 'attention_head_size': 1, 'learning_rate': 0.009127852326221982}. Best is trial 88 with value: 77.83583068847656.
LOCAL_RANK: 0 - CUDA_VISIBLE_DEVICES: [0]
[I 2023-11-30 10:38:07,119] Trial 108 finished with value: 87.26590728759766 and parameters: {'gradient_clip_val': 0.10446467911872817, 'hidden_size': 87, 'dropout': 0.34525255813891353, 'hidden_continuous_size': 20, 'attention_head_size': 1, 'learning_rate': 0.006636591542266737}. Best is trial 88 with value: 77.83583068847656.
LOCAL_RANK: 0 - CUDA_VISIBLE_DEVICES: [0]
[I 2023-11-30 10:38:20,543] Trial 109 finished with value: 107.63568115234375 and parameters: {'gradient_clip_val': 0.11703058463558269, 'hidden_size': 85, 'dropout': 0.3189979516763169, 'hidden_continuous_size': 19, 'attention_head_size': 1, 'learning_rate': 0.005114907205203565}. Best is trial 88 with value: 77.83583068847656.
LOCAL_RANK: 0 - CUDA_VISIBLE_DEVICES: [0]
[I 2023-11-30 10:38:34,151] Trial 110 finished with value: 84.70207977294922 and parameters: {'gradient_clip_val': 0.13455352502046505, 'hidden_size': 80, 'dropout': 0.3111710974865968, 'hidden_continuous_size': 17, 'attention_head_size': 1, 'learning_rate': 0.004416421070447591}. Best is trial 88 with value: 77.83583068847656.
LOCAL_RANK: 0 - CUDA_VISIBLE_DEVICES: [0]
[I 2023-11-30 10:38:48,382] Trial 111 finished with value: 99.86764526367188 and parameters: {'gradient_clip_val': 0.12703410172752097, 'hidden_size': 81, 'dropout': 0.30751057914240437, 'hidden_continuous_size': 17, 'attention_head_size': 1, 'learning_rate': 0.00454768398485721}. Best is trial 88 with value: 77.83583068847656.
LOCAL_RANK: 0 - CUDA_VISIBLE_DEVICES: [0]
[I 2023-11-30 10:39:02,173] Trial 112 finished with value: 96.40462493896484 and parameters: {'gradient_clip_val': 0.1347916002594768, 'hidden_size': 79, 'dropout': 0.30121585439035037, 'hidden_continuous_size': 18, 'attention_head_size': 1, 'learning_rate': 0.003998916683102647}. Best is trial 88 with value: 77.83583068847656.
LOCAL_RANK: 0 - CUDA_VISIBLE_DEVICES: [0]
[I 2023-11-30 10:39:16,173] Trial 113 finished with value: 90.69905853271484 and parameters: {'gradient_clip_val': 0.14142724131698745, 'hidden_size': 73, 'dropout': 0.30983308215097627, 'hidden_continuous_size': 22, 'attention_head_size': 1, 'learning_rate': 0.005844196289525857}. Best is trial 88 with value: 77.83583068847656.
LOCAL_RANK: 0 - CUDA_VISIBLE_DEVICES: [0]
[I 2023-11-30 10:39:29,865] Trial 114 finished with value: 91.4338607788086 and parameters: {'gradient_clip_val': 0.15263714467143172, 'hidden_size': 95, 'dropout': 0.3152869570855062, 'hidden_continuous_size': 17, 'attention_head_size': 1, 'learning_rate': 0.0071339504829234235}. Best is trial 88 with value: 77.83583068847656.
LOCAL_RANK: 0 - CUDA_VISIBLE_DEVICES: [0]
[I 2023-11-30 10:39:43,734] Trial 115 finished with value: 103.70453643798828 and parameters: {'gradient_clip_val': 0.1104242300566518, 'hidden_size': 69, 'dropout': 0.33111443639189325, 'hidden_continuous_size': 21, 'attention_head_size': 1, 'learning_rate': 0.005455433119283066}. Best is trial 88 with value: 77.83583068847656.
LOCAL_RANK: 0 - CUDA_VISIBLE_DEVICES: [0]
[I 2023-11-30 10:39:57,979] Trial 116 finished with value: 132.6909637451172 and parameters: {'gradient_clip_val': 0.1234969831589457, 'hidden_size': 100, 'dropout': 0.3507757117352652, 'hidden_continuous_size': 14, 'attention_head_size': 1, 'learning_rate': 0.004653705689487273}. Best is trial 88 with value: 77.83583068847656.
LOCAL_RANK: 0 - CUDA_VISIBLE_DEVICES: [0]
[I 2023-11-30 10:40:12,175] Trial 117 finished with value: 100.1453857421875 and parameters: {'gradient_clip_val': 0.10031151544458716, 'hidden_size': 84, 'dropout': 0.3237753586173127, 'hidden_continuous_size': 24, 'attention_head_size': 1, 'learning_rate': 0.0035840384231344523}. Best is trial 88 with value: 77.83583068847656.
LOCAL_RANK: 0 - CUDA_VISIBLE_DEVICES: [0]
[I 2023-11-30 10:40:25,973] Trial 118 finished with value: 110.31512451171875 and parameters: {'gradient_clip_val': 0.12998218310403392, 'hidden_size': 63, 'dropout': 0.3375203921965185, 'hidden_continuous_size': 19, 'attention_head_size': 1, 'learning_rate': 0.006384906672056678}. Best is trial 88 with value: 77.83583068847656.
LOCAL_RANK: 0 - CUDA_VISIBLE_DEVICES: [0]
[I 2023-11-30 10:40:40,319] Trial 119 finished with value: 87.5465087890625 and parameters: {'gradient_clip_val': 0.1573546840424255, 'hidden_size': 115, 'dropout': 0.3628444279451003, 'hidden_continuous_size': 39, 'attention_head_size': 1, 'learning_rate': 0.008149446441397595}. Best is trial 88 with value: 77.83583068847656.
LOCAL_RANK: 0 - CUDA_VISIBLE_DEVICES: [0]
[I 2023-11-30 10:40:54,436] Trial 120 finished with value: 91.62581634521484 and parameters: {'gradient_clip_val': 0.11742753565602947, 'hidden_size': 77, 'dropout': 0.34329944864447126, 'hidden_continuous_size': 16, 'attention_head_size': 1, 'learning_rate': 0.004181625021256495}. Best is trial 88 with value: 77.83583068847656.
LOCAL_RANK: 0 - CUDA_VISIBLE_DEVICES: [0]
[I 2023-11-30 10:41:08,568] Trial 121 finished with value: 109.81609344482422 and parameters: {'gradient_clip_val': 0.18717553545601295, 'hidden_size': 114, 'dropout': 0.3775220727828953, 'hidden_continuous_size': 18, 'attention_head_size': 1, 'learning_rate': 0.009593364810476453}. Best is trial 88 with value: 77.83583068847656.
LOCAL_RANK: 0 - CUDA_VISIBLE_DEVICES: [0]
[I 2023-11-30 10:41:23,288] Trial 122 finished with value: 121.33135223388672 and parameters: {'gradient_clip_val': 0.1657561467009225, 'hidden_size': 105, 'dropout': 0.3125233875969169, 'hidden_continuous_size': 41, 'attention_head_size': 1, 'learning_rate': 0.012669898281934282}. Best is trial 88 with value: 77.83583068847656.
LOCAL_RANK: 0 - CUDA_VISIBLE_DEVICES: [0]
[I 2023-11-30 10:41:37,649] Trial 123 finished with value: 97.59750366210938 and parameters: {'gradient_clip_val': 0.13745928929496912, 'hidden_size': 92, 'dropout': 0.38386468141034996, 'hidden_continuous_size': 37, 'attention_head_size': 2, 'learning_rate': 0.007459872977925637}. Best is trial 88 with value: 77.83583068847656.
LOCAL_RANK: 0 - CUDA_VISIBLE_DEVICES: [0]
