[I 2023-11-29 22:28:40,401] Trial 36 finished with value: 0.09850748628377914 and parameters: {'gradient_clip_val': 0.11561992237300141, 'hidden_size': 22, 'dropout': 0.3096550973668636, 'hidden_continuous_size': 13, 'attention_head_size': 3, 'learning_rate': 0.06201143015976007}. Best is trial 23 with value: 0.08637227863073349.
LOCAL_RANK: 0 - CUDA_VISIBLE_DEVICES: [0]
[I 2023-11-29 22:28:52,787] Trial 37 finished with value: 0.09344377368688583 and parameters: {'gradient_clip_val': 0.1861497561974665, 'hidden_size': 28, 'dropout': 0.2524007377700874, 'hidden_continuous_size': 15, 'attention_head_size': 3, 'learning_rate': 0.07759172969342173}. Best is trial 23 with value: 0.08637227863073349.
LOCAL_RANK: 0 - CUDA_VISIBLE_DEVICES: [0]
[I 2023-11-29 22:29:05,641] Trial 38 finished with value: 0.1848694533109665 and parameters: {'gradient_clip_val': 0.14399293055074341, 'hidden_size': 47, 'dropout': 0.35762919179852437, 'hidden_continuous_size': 12, 'attention_head_size': 2, 'learning_rate': 0.016728685023815117}. Best is trial 23 with value: 0.08637227863073349.
LOCAL_RANK: 0 - CUDA_VISIBLE_DEVICES: [0]
[I 2023-11-29 22:29:19,029] Trial 39 finished with value: 0.09972745180130005 and parameters: {'gradient_clip_val': 0.24786621623419117, 'hidden_size': 61, 'dropout': 0.38146077946993184, 'hidden_continuous_size': 24, 'attention_head_size': 3, 'learning_rate': 0.032361273095408136}. Best is trial 23 with value: 0.08637227863073349.
LOCAL_RANK: 0 - CUDA_VISIBLE_DEVICES: [0]
[I 2023-11-29 22:29:31,920] Trial 40 finished with value: 0.09746243804693222 and parameters: {'gradient_clip_val': 0.16195702813159266, 'hidden_size': 37, 'dropout': 0.37079692034098055, 'hidden_continuous_size': 19, 'attention_head_size': 3, 'learning_rate': 0.05215155751938709}. Best is trial 23 with value: 0.08637227863073349.
LOCAL_RANK: 0 - CUDA_VISIBLE_DEVICES: [0]
[I 2023-11-29 22:29:44,505] Trial 41 finished with value: 0.11080322414636612 and parameters: {'gradient_clip_val': 0.1084636865480146, 'hidden_size': 17, 'dropout': 0.33358037725138046, 'hidden_continuous_size': 12, 'attention_head_size': 4, 'learning_rate': 0.08260888923687641}. Best is trial 23 with value: 0.08637227863073349.
LOCAL_RANK: 0 - CUDA_VISIBLE_DEVICES: [0]
[I 2023-11-29 22:29:56,706] Trial 42 finished with value: 0.08206752687692642 and parameters: {'gradient_clip_val': 0.1015049634706447, 'hidden_size': 24, 'dropout': 0.34678350728487484, 'hidden_continuous_size': 13, 'attention_head_size': 4, 'learning_rate': 0.09773545099682611}. Best is trial 42 with value: 0.08206752687692642.
LOCAL_RANK: 0 - CUDA_VISIBLE_DEVICES: [0]
[I 2023-11-29 22:30:09,186] Trial 43 finished with value: 0.09013741463422775 and parameters: {'gradient_clip_val': 0.12510456285223623, 'hidden_size': 29, 'dropout': 0.39737961316103343, 'hidden_continuous_size': 11, 'attention_head_size': 4, 'learning_rate': 0.09926354023479939}. Best is trial 42 with value: 0.08206752687692642.
LOCAL_RANK: 0 - CUDA_VISIBLE_DEVICES: [0]
[I 2023-11-29 22:30:21,809] Trial 44 finished with value: 0.09344327449798584 and parameters: {'gradient_clip_val': 0.12601608334189016, 'hidden_size': 30, 'dropout': 0.39459023079764566, 'hidden_continuous_size': 11, 'attention_head_size': 4, 'learning_rate': 0.08370774276611376}. Best is trial 42 with value: 0.08206752687692642.
LOCAL_RANK: 0 - CUDA_VISIBLE_DEVICES: [0]
[I 2023-11-29 22:30:34,055] Trial 45 finished with value: 0.0809388980269432 and parameters: {'gradient_clip_val': 0.13056090641204207, 'hidden_size': 24, 'dropout': 0.38373190877766156, 'hidden_continuous_size': 14, 'attention_head_size': 4, 'learning_rate': 0.06412481964430637}. Best is trial 45 with value: 0.0809388980269432.
LOCAL_RANK: 0 - CUDA_VISIBLE_DEVICES: [0]
[I 2023-11-29 22:30:46,394] Trial 46 finished with value: 0.14284291863441467 and parameters: {'gradient_clip_val': 0.11283829546202505, 'hidden_size': 25, 'dropout': 0.36249731642320215, 'hidden_continuous_size': 14, 'attention_head_size': 4, 'learning_rate': 0.06677291788310405}. Best is trial 45 with value: 0.0809388980269432.
LOCAL_RANK: 0 - CUDA_VISIBLE_DEVICES: [0]
[I 2023-11-29 22:30:58,740] Trial 47 finished with value: 0.16386272013187408 and parameters: {'gradient_clip_val': 0.17644878848850568, 'hidden_size': 22, 'dropout': 0.3768549837375022, 'hidden_continuous_size': 13, 'attention_head_size': 4, 'learning_rate': 0.0598795127151761}. Best is trial 45 with value: 0.0809388980269432.
LOCAL_RANK: 0 - CUDA_VISIBLE_DEVICES: [0]
[I 2023-11-29 22:31:11,555] Trial 48 finished with value: 0.11172781139612198 and parameters: {'gradient_clip_val': 0.14900348961056017, 'hidden_size': 34, 'dropout': 0.32824887184104595, 'hidden_continuous_size': 19, 'attention_head_size': 4, 'learning_rate': 0.0459521173602848}. Best is trial 45 with value: 0.0809388980269432.
LOCAL_RANK: 0 - CUDA_VISIBLE_DEVICES: [0]
[I 2023-11-29 22:31:23,654] Trial 49 finished with value: 0.10466458648443222 and parameters: {'gradient_clip_val': 0.13401069531253393, 'hidden_size': 24, 'dropout': 0.3471231741303728, 'hidden_continuous_size': 14, 'attention_head_size': 4, 'learning_rate': 0.07586147223792558}. Best is trial 45 with value: 0.0809388980269432.
LOCAL_RANK: 0 - CUDA_VISIBLE_DEVICES: [0]
[I 2023-11-29 22:31:36,175] Trial 50 finished with value: 0.1520475447177887 and parameters: {'gradient_clip_val': 0.14566242469070614, 'hidden_size': 32, 'dropout': 0.38308498086625814, 'hidden_continuous_size': 16, 'attention_head_size': 1, 'learning_rate': 0.038355003228661914}. Best is trial 45 with value: 0.0809388980269432.
LOCAL_RANK: 0 - CUDA_VISIBLE_DEVICES: [0]
[I 2023-11-29 22:31:48,488] Trial 51 finished with value: 0.08311614394187927 and parameters: {'gradient_clip_val': 0.11202240837285397, 'hidden_size': 28, 'dropout': 0.3981892440445225, 'hidden_continuous_size': 12, 'attention_head_size': 4, 'learning_rate': 0.09897701491949973}. Best is trial 45 with value: 0.0809388980269432.
LOCAL_RANK: 0 - CUDA_VISIBLE_DEVICES: [0]
[I 2023-11-29 22:32:00,930] Trial 52 finished with value: 0.09343105554580688 and parameters: {'gradient_clip_val': 0.10795014546046222, 'hidden_size': 27, 'dropout': 0.38240382130749045, 'hidden_continuous_size': 13, 'attention_head_size': 4, 'learning_rate': 0.09945281871441734}. Best is trial 45 with value: 0.0809388980269432.
LOCAL_RANK: 0 - CUDA_VISIBLE_DEVICES: [0]
[I 2023-11-29 22:32:13,944] Trial 53 finished with value: 0.08076068013906479 and parameters: {'gradient_clip_val': 0.10767481274710589, 'hidden_size': 43, 'dropout': 0.3979420819482315, 'hidden_continuous_size': 17, 'attention_head_size': 4, 'learning_rate': 0.08376150088413965}. Best is trial 53 with value: 0.08076068013906479.
LOCAL_RANK: 0 - CUDA_VISIBLE_DEVICES: [0]
[I 2023-11-29 22:32:26,811] Trial 54 finished with value: 0.06666592508554459 and parameters: {'gradient_clip_val': 0.11235481703611759, 'hidden_size': 41, 'dropout': 0.3975351131090736, 'hidden_continuous_size': 15, 'attention_head_size': 4, 'learning_rate': 0.08282598064514227}. Best is trial 54 with value: 0.06666592508554459.
LOCAL_RANK: 0 - CUDA_VISIBLE_DEVICES: [0]
[I 2023-11-29 22:32:39,373] Trial 55 finished with value: 0.11151643842458725 and parameters: {'gradient_clip_val': 0.11168949957787386, 'hidden_size': 25, 'dropout': 0.395857456825987, 'hidden_continuous_size': 15, 'attention_head_size': 4, 'learning_rate': 0.08441983243102097}. Best is trial 54 with value: 0.06666592508554459.
LOCAL_RANK: 0 - CUDA_VISIBLE_DEVICES: [0]
[I 2023-11-29 22:32:51,762] Trial 56 finished with value: 0.09601899236440659 and parameters: {'gradient_clip_val': 0.10226363568144166, 'hidden_size': 21, 'dropout': 0.399990013018708, 'hidden_continuous_size': 13, 'attention_head_size': 4, 'learning_rate': 0.07353177595036398}. Best is trial 54 with value: 0.06666592508554459.
LOCAL_RANK: 0 - CUDA_VISIBLE_DEVICES: [0]
[I 2023-11-29 22:33:04,642] Trial 57 finished with value: 0.09096062183380127 and parameters: {'gradient_clip_val': 0.1167572404780523, 'hidden_size': 42, 'dropout': 0.38611016889726163, 'hidden_continuous_size': 12, 'attention_head_size': 4, 'learning_rate': 0.08504237820730745}. Best is trial 54 with value: 0.06666592508554459.
LOCAL_RANK: 0 - CUDA_VISIBLE_DEVICES: [0]
[I 2023-11-29 22:33:16,991] Trial 58 finished with value: 0.19910551607608795 and parameters: {'gradient_clip_val': 0.10074138856541176, 'hidden_size': 18, 'dropout': 0.36390293644144517, 'hidden_continuous_size': 14, 'attention_head_size': 4, 'learning_rate': 0.049290479312456476}. Best is trial 54 with value: 0.06666592508554459.
LOCAL_RANK: 0 - CUDA_VISIBLE_DEVICES: [0]
[I 2023-11-29 22:33:29,394] Trial 59 finished with value: 0.10357022285461426 and parameters: {'gradient_clip_val': 0.11058864124824672, 'hidden_size': 21, 'dropout': 0.3729103674847028, 'hidden_continuous_size': 15, 'attention_head_size': 4, 'learning_rate': 0.06948594401993814}. Best is trial 54 with value: 0.06666592508554459.
LOCAL_RANK: 0 - CUDA_VISIBLE_DEVICES: [0]
[I 2023-11-29 22:33:41,979] Trial 60 finished with value: 0.09210877865552902 and parameters: {'gradient_clip_val': 0.13515255653953331, 'hidden_size': 23, 'dropout': 0.38674369262412106, 'hidden_continuous_size': 16, 'attention_head_size': 4, 'learning_rate': 0.0983048895658737}. Best is trial 54 with value: 0.06666592508554459.
LOCAL_RANK: 0 - CUDA_VISIBLE_DEVICES: [0]
[I 2023-11-29 22:33:55,016] Trial 61 finished with value: 0.09786948561668396 and parameters: {'gradient_clip_val': 0.11788797031496939, 'hidden_size': 45, 'dropout': 0.3555945284667357, 'hidden_continuous_size': 16, 'attention_head_size': 4, 'learning_rate': 0.057913483257646024}. Best is trial 54 with value: 0.06666592508554459.
LOCAL_RANK: 0 - CUDA_VISIBLE_DEVICES: [0]
[I 2023-11-29 22:34:07,979] Trial 62 finished with value: 0.11572513729333878 and parameters: {'gradient_clip_val': 0.13358495910496573, 'hidden_size': 37, 'dropout': 0.34188771656567013, 'hidden_continuous_size': 20, 'attention_head_size': 4, 'learning_rate': 0.08501661387307466}. Best is trial 54 with value: 0.06666592508554459.
LOCAL_RANK: 0 - CUDA_VISIBLE_DEVICES: [0]
[I 2023-11-29 22:34:20,465] Trial 63 finished with value: 0.127055361866951 and parameters: {'gradient_clip_val': 0.10720127559911395, 'hidden_size': 32, 'dropout': 0.365473898058046, 'hidden_continuous_size': 17, 'attention_head_size': 4, 'learning_rate': 0.06629301869697761}. Best is trial 54 with value: 0.06666592508554459.
LOCAL_RANK: 0 - CUDA_VISIBLE_DEVICES: [0]
[I 2023-11-29 22:34:33,446] Trial 64 finished with value: 0.1448144167661667 and parameters: {'gradient_clip_val': 0.17061869402899496, 'hidden_size': 47, 'dropout': 0.37694925873842233, 'hidden_continuous_size': 12, 'attention_head_size': 4, 'learning_rate': 0.052484704879676734}. Best is trial 54 with value: 0.06666592508554459.
LOCAL_RANK: 0 - CUDA_VISIBLE_DEVICES: [0]
[I 2023-11-29 22:34:46,113] Trial 65 finished with value: 0.145943284034729 and parameters: {'gradient_clip_val': 0.1192161375740469, 'hidden_size': 26, 'dropout': 0.38752236562289055, 'hidden_continuous_size': 15, 'attention_head_size': 4, 'learning_rate': 0.08547674240492756}. Best is trial 54 with value: 0.06666592508554459.
LOCAL_RANK: 0 - CUDA_VISIBLE_DEVICES: [0]
[I 2023-11-29 22:34:59,011] Trial 66 finished with value: 0.08411266654729843 and parameters: {'gradient_clip_val': 0.1562656261224333, 'hidden_size': 42, 'dropout': 0.351385245748326, 'hidden_continuous_size': 17, 'attention_head_size': 4, 'learning_rate': 0.04305290133499691}. Best is trial 54 with value: 0.06666592508554459.
LOCAL_RANK: 0 - CUDA_VISIBLE_DEVICES: [0]
[I 2023-11-29 22:35:11,809] Trial 67 finished with value: 0.08773958683013916 and parameters: {'gradient_clip_val': 0.1524512428143598, 'hidden_size': 40, 'dropout': 0.35087413162427505, 'hidden_continuous_size': 17, 'attention_head_size': 4, 'learning_rate': 0.04342061272992143}. Best is trial 54 with value: 0.06666592508554459.
LOCAL_RANK: 0 - CUDA_VISIBLE_DEVICES: [0]
[I 2023-11-29 22:35:24,581] Trial 68 finished with value: 0.1051153913140297 and parameters: {'gradient_clip_val': 0.13994661019483454, 'hidden_size': 30, 'dropout': 0.36519925536544695, 'hidden_continuous_size': 18, 'attention_head_size': 4, 'learning_rate': 0.07310571207585094}. Best is trial 54 with value: 0.06666592508554459.
LOCAL_RANK: 0 - CUDA_VISIBLE_DEVICES: [0]
[I 2023-11-29 22:35:37,386] Trial 69 finished with value: 0.12162251025438309 and parameters: {'gradient_clip_val': 0.1286609067381854, 'hidden_size': 37, 'dropout': 0.3906063823954426, 'hidden_continuous_size': 14, 'attention_head_size': 4, 'learning_rate': 0.060540652131842405}. Best is trial 54 with value: 0.06666592508554459.
LOCAL_RANK: 0 - CUDA_VISIBLE_DEVICES: [0]
[I 2023-11-29 22:35:50,068] Trial 70 finished with value: 0.07965124398469925 and parameters: {'gradient_clip_val': 0.11601013822082543, 'hidden_size': 28, 'dropout': 0.3519378275277813, 'hidden_continuous_size': 16, 'attention_head_size': 4, 'learning_rate': 0.09016237970708896}. Best is trial 54 with value: 0.06666592508554459.
LOCAL_RANK: 0 - CUDA_VISIBLE_DEVICES: [0]
[I 2023-11-29 22:36:02,384] Trial 71 finished with value: 0.0740913674235344 and parameters: {'gradient_clip_val': 0.10642242380738695, 'hidden_size': 28, 'dropout': 0.35227608170452035, 'hidden_continuous_size': 16, 'attention_head_size': 4, 'learning_rate': 0.09410085083115682}. Best is trial 54 with value: 0.06666592508554459.
LOCAL_RANK: 0 - CUDA_VISIBLE_DEVICES: [0]
[I 2023-11-29 22:36:14,770] Trial 72 finished with value: 0.0944938138127327 and parameters: {'gradient_clip_val': 0.10002107667908576, 'hidden_size': 32, 'dropout': 0.3739921487919342, 'hidden_continuous_size': 16, 'attention_head_size': 4, 'learning_rate': 0.08838185776499057}. Best is trial 54 with value: 0.06666592508554459.
LOCAL_RANK: 0 - CUDA_VISIBLE_DEVICES: [0]
[I 2023-11-29 22:36:27,077] Trial 73 finished with value: 0.11378339678049088 and parameters: {'gradient_clip_val': 0.10662768582899644, 'hidden_size': 24, 'dropout': 0.3499563041607429, 'hidden_continuous_size': 17, 'attention_head_size': 4, 'learning_rate': 0.0748231735773577}. Best is trial 54 with value: 0.06666592508554459.
LOCAL_RANK: 0 - CUDA_VISIBLE_DEVICES: [0]
[I 2023-11-29 22:36:39,401] Trial 74 finished with value: 0.10240539163351059 and parameters: {'gradient_clip_val': 0.11200322855661332, 'hidden_size': 28, 'dropout': 0.39835579312278513, 'hidden_continuous_size': 16, 'attention_head_size': 4, 'learning_rate': 0.06644408887900666}. Best is trial 54 with value: 0.06666592508554459.
LOCAL_RANK: 0 - CUDA_VISIBLE_DEVICES: [0]
[I 2023-11-29 22:36:51,815] Trial 75 finished with value: 0.10110340267419815 and parameters: {'gradient_clip_val': 0.12052247410190343, 'hidden_size': 20, 'dropout': 0.3795533121595733, 'hidden_continuous_size': 15, 'attention_head_size': 4, 'learning_rate': 0.08903269187706223}. Best is trial 54 with value: 0.06666592508554459.
LOCAL_RANK: 0 - CUDA_VISIBLE_DEVICES: [0]
[I 2023-11-29 22:37:04,650] Trial 76 finished with value: 0.09329553693532944 and parameters: {'gradient_clip_val': 0.11940927153449467, 'hidden_size': 42, 'dropout': 0.3586013268305101, 'hidden_continuous_size': 13, 'attention_head_size': 4, 'learning_rate': 0.054509161228137884}. Best is trial 54 with value: 0.06666592508554459.
LOCAL_RANK: 0 - CUDA_VISIBLE_DEVICES: [0]
[I 2023-11-29 22:37:17,498] Trial 77 finished with value: 0.10675660520792007 and parameters: {'gradient_clip_val': 0.10567723153848992, 'hidden_size': 35, 'dropout': 0.3368514121182308, 'hidden_continuous_size': 17, 'attention_head_size': 4, 'learning_rate': 0.06435030536308325}. Best is trial 54 with value: 0.06666592508554459.
LOCAL_RANK: 0 - CUDA_VISIBLE_DEVICES: [0]
[I 2023-11-29 22:37:30,084] Trial 78 finished with value: 0.11038804054260254 and parameters: {'gradient_clip_val': 0.13038572295771012, 'hidden_size': 26, 'dropout': 0.38914491044048105, 'hidden_continuous_size': 18, 'attention_head_size': 4, 'learning_rate': 0.07912303478726576}. Best is trial 54 with value: 0.06666592508554459.
LOCAL_RANK: 0 - CUDA_VISIBLE_DEVICES: [0]
[I 2023-11-29 22:37:42,714] Trial 79 finished with value: 0.12529386579990387 and parameters: {'gradient_clip_val': 0.1138681756918839, 'hidden_size': 29, 'dropout': 0.3697402662854919, 'hidden_continuous_size': 16, 'attention_head_size': 4, 'learning_rate': 0.0498399317970634}. Best is trial 54 with value: 0.06666592508554459.
LOCAL_RANK: 0 - CUDA_VISIBLE_DEVICES: [0]
[I 2023-11-29 22:37:55,950] Trial 80 finished with value: 0.11755038052797318 and parameters: {'gradient_clip_val': 0.14004349925968756, 'hidden_size': 56, 'dropout': 0.3550375623707487, 'hidden_continuous_size': 19, 'attention_head_size': 4, 'learning_rate': 0.09212742724401034}. Best is trial 54 with value: 0.06666592508554459.
LOCAL_RANK: 0 - CUDA_VISIBLE_DEVICES: [0]
[I 2023-11-29 22:38:08,462] Trial 81 finished with value: 0.08211643248796463 and parameters: {'gradient_clip_val': 0.12475324105806493, 'hidden_size': 27, 'dropout': 0.3411459387250878, 'hidden_continuous_size': 15, 'attention_head_size': 4, 'learning_rate': 0.09886849552750805}. Best is trial 54 with value: 0.06666592508554459.
LOCAL_RANK: 0 - CUDA_VISIBLE_DEVICES: [0]
[I 2023-11-29 22:38:21,262] Trial 82 finished with value: 0.09984461218118668 and parameters: {'gradient_clip_val': 0.12493129696346127, 'hidden_size': 33, 'dropout': 0.3475113035692008, 'hidden_continuous_size': 15, 'attention_head_size': 4, 'learning_rate': 0.076698560455121}. Best is trial 54 with value: 0.06666592508554459.
LOCAL_RANK: 0 - CUDA_VISIBLE_DEVICES: [0]
[I 2023-11-29 22:38:33,751] Trial 83 finished with value: 0.07533299922943115 and parameters: {'gradient_clip_val': 0.10604954935733343, 'hidden_size': 23, 'dropout': 0.3321430387850408, 'hidden_continuous_size': 16, 'attention_head_size': 4, 'learning_rate': 0.09912247384437949}. Best is trial 54 with value: 0.06666592508554459.
LOCAL_RANK: 0 - CUDA_VISIBLE_DEVICES: [0]
[I 2023-11-29 22:38:46,278] Trial 84 finished with value: 0.10176823288202286 and parameters: {'gradient_clip_val': 0.10570232537775795, 'hidden_size': 23, 'dropout': 0.34141641920484794, 'hidden_continuous_size': 16, 'attention_head_size': 4, 'learning_rate': 0.09944273377296683}. Best is trial 54 with value: 0.06666592508554459.
LOCAL_RANK: 0 - CUDA_VISIBLE_DEVICES: [0]
[I 2023-11-29 22:38:58,937] Trial 85 finished with value: 0.08667847514152527 and parameters: {'gradient_clip_val': 0.1006380809221807, 'hidden_size': 25, 'dropout': 0.33102458960054376, 'hidden_continuous_size': 15, 'attention_head_size': 4, 'learning_rate': 0.08804768872038683}. Best is trial 54 with value: 0.06666592508554459.
LOCAL_RANK: 0 - CUDA_VISIBLE_DEVICES: [0]
[I 2023-11-29 22:39:11,416] Trial 86 finished with value: 0.10746832937002182 and parameters: {'gradient_clip_val': 0.11605317684333241, 'hidden_size': 28, 'dropout': 0.37858107537486296, 'hidden_continuous_size': 14, 'attention_head_size': 4, 'learning_rate': 0.06968506650025806}. Best is trial 54 with value: 0.06666592508554459.
LOCAL_RANK: 0 - CUDA_VISIBLE_DEVICES: [0]
[I 2023-11-29 22:39:23,837] Trial 87 finished with value: 0.11273596435785294 and parameters: {'gradient_clip_val': 0.11227482307071582, 'hidden_size': 22, 'dropout': 0.3926048187118005, 'hidden_continuous_size': 15, 'attention_head_size': 4, 'learning_rate': 0.08054978105952534}. Best is trial 54 with value: 0.06666592508554459.
LOCAL_RANK: 0 - CUDA_VISIBLE_DEVICES: [0]
[I 2023-11-29 22:39:36,182] Trial 88 finished with value: 0.07615635544061661 and parameters: {'gradient_clip_val': 0.12834321177558936, 'hidden_size': 19, 'dropout': 0.36751900215066824, 'hidden_continuous_size': 13, 'attention_head_size': 4, 'learning_rate': 0.09996516099527056}. Best is trial 54 with value: 0.06666592508554459.
LOCAL_RANK: 0 - CUDA_VISIBLE_DEVICES: [0]
[I 2023-11-29 22:39:48,488] Trial 89 finished with value: 0.16396930813789368 and parameters: {'gradient_clip_val': 0.13137827634272406, 'hidden_size': 19, 'dropout': 0.3607278548360649, 'hidden_continuous_size': 13, 'attention_head_size': 4, 'learning_rate': 0.06379004010608862}. Best is trial 54 with value: 0.06666592508554459.
LOCAL_RANK: 0 - CUDA_VISIBLE_DEVICES: [0]
[I 2023-11-29 22:40:01,029] Trial 90 finished with value: 0.12087484449148178 and parameters: {'gradient_clip_val': 0.12283778454162463, 'hidden_size': 18, 'dropout': 0.3184511269762085, 'hidden_continuous_size': 14, 'attention_head_size': 4, 'learning_rate': 0.09051338498462357}. Best is trial 54 with value: 0.06666592508554459.
LOCAL_RANK: 0 - CUDA_VISIBLE_DEVICES: [0]
[I 2023-11-29 22:40:13,448] Trial 91 finished with value: 0.09129860997200012 and parameters: {'gradient_clip_val': 0.10632116951602569, 'hidden_size': 26, 'dropout': 0.37091132147665484, 'hidden_continuous_size': 13, 'attention_head_size': 4, 'learning_rate': 0.0999229311419313}. Best is trial 54 with value: 0.06666592508554459.
LOCAL_RANK: 0 - CUDA_VISIBLE_DEVICES: [0]
[I 2023-11-29 22:40:26,126] Trial 92 finished with value: 0.1040516272187233 and parameters: {'gradient_clip_val': 0.12040771495006773, 'hidden_size': 31, 'dropout': 0.3989701519003842, 'hidden_continuous_size': 16, 'attention_head_size': 4, 'learning_rate': 0.07424980264597601}. Best is trial 54 with value: 0.06666592508554459.
LOCAL_RANK: 0 - CUDA_VISIBLE_DEVICES: [0]
[I 2023-11-29 22:40:38,370] Trial 93 finished with value: 0.19146019220352173 and parameters: {'gradient_clip_val': 0.10959020684030771, 'hidden_size': 24, 'dropout': 0.3380709662383329, 'hidden_continuous_size': 14, 'attention_head_size': 4, 'learning_rate': 0.08027886467840702}. Best is trial 54 with value: 0.06666592508554459.
LOCAL_RANK: 0 - CUDA_VISIBLE_DEVICES: [0]
