[I 2023-11-30 14:48:16,735] Trial 21 finished with value: 0.1767452508211136 and parameters: {'gradient_clip_val': 0.9428694502659115, 'hidden_size': 104, 'dropout': 0.2698590772613132, 'hidden_continuous_size': 61, 'attention_head_size': 2, 'learning_rate': 0.09683698269093952}. Best is trial 0 with value: 0.10452864319086075.
LOCAL_RANK: 0 - CUDA_VISIBLE_DEVICES: [0]
[I 2023-11-30 14:48:31,229] Trial 22 finished with value: 0.10678092390298843 and parameters: {'gradient_clip_val': 0.9714571519841531, 'hidden_size': 80, 'dropout': 0.27437293233871496, 'hidden_continuous_size': 54, 'attention_head_size': 3, 'learning_rate': 0.05864727504795789}. Best is trial 0 with value: 0.10452864319086075.
LOCAL_RANK: 0 - CUDA_VISIBLE_DEVICES: [0]
[I 2023-11-30 14:48:46,250] Trial 23 finished with value: 0.23513704538345337 and parameters: {'gradient_clip_val': 0.8093111816638026, 'hidden_size': 118, 'dropout': 0.2698723491605126, 'hidden_continuous_size': 109, 'attention_head_size': 3, 'learning_rate': 0.036547468184489694}. Best is trial 0 with value: 0.10452864319086075.
LOCAL_RANK: 0 - CUDA_VISIBLE_DEVICES: [0]
[I 2023-11-30 14:49:00,537] Trial 24 finished with value: 0.12880352139472961 and parameters: {'gradient_clip_val': 0.9954811921342043, 'hidden_size': 79, 'dropout': 0.2021620044134848, 'hidden_continuous_size': 45, 'attention_head_size': 3, 'learning_rate': 0.059853409645611776}. Best is trial 0 with value: 0.10452864319086075.
LOCAL_RANK: 0 - CUDA_VISIBLE_DEVICES: [0]
[I 2023-11-30 14:49:16,250] Trial 25 finished with value: 0.24653835594654083 and parameters: {'gradient_clip_val': 0.634637462683982, 'hidden_size': 150, 'dropout': 0.3087062346049478, 'hidden_continuous_size': 149, 'attention_head_size': 3, 'learning_rate': 0.06329721091194464}. Best is trial 0 with value: 0.10452864319086075.
LOCAL_RANK: 0 - CUDA_VISIBLE_DEVICES: [0]
[I 2023-11-30 14:49:30,728] Trial 26 finished with value: 0.134843647480011 and parameters: {'gradient_clip_val': 0.8550070849519537, 'hidden_size': 120, 'dropout': 0.2213790062204196, 'hidden_continuous_size': 51, 'attention_head_size': 3, 'learning_rate': 0.03372689621699604}. Best is trial 0 with value: 0.10452864319086075.
LOCAL_RANK: 0 - CUDA_VISIBLE_DEVICES: [0]
[I 2023-11-30 14:49:44,832] Trial 27 finished with value: 0.16527621448040009 and parameters: {'gradient_clip_val': 0.7054981775530003, 'hidden_size': 81, 'dropout': 0.18797280447708498, 'hidden_continuous_size': 39, 'attention_head_size': 2, 'learning_rate': 0.06722545954569273}. Best is trial 0 with value: 0.10452864319086075.
LOCAL_RANK: 0 - CUDA_VISIBLE_DEVICES: [0]
[I 2023-11-30 14:49:58,528] Trial 28 finished with value: 0.13532136380672455 and parameters: {'gradient_clip_val': 0.6152224804697258, 'hidden_size': 67, 'dropout': 0.1554674056362265, 'hidden_continuous_size': 27, 'attention_head_size': 3, 'learning_rate': 0.037841186175552204}. Best is trial 0 with value: 0.10452864319086075.
LOCAL_RANK: 0 - CUDA_VISIBLE_DEVICES: [0]
[I 2023-11-30 14:50:11,378] Trial 29 finished with value: 0.13615232706069946 and parameters: {'gradient_clip_val': 0.8056158264558662, 'hidden_size': 42, 'dropout': 0.10149617483409612, 'hidden_continuous_size': 25, 'attention_head_size': 1, 'learning_rate': 0.025475969958433736}. Best is trial 0 with value: 0.10452864319086075.
LOCAL_RANK: 0 - CUDA_VISIBLE_DEVICES: [0]
[I 2023-11-30 14:50:24,725] Trial 30 finished with value: 0.1775999665260315 and parameters: {'gradient_clip_val': 0.27427114758849924, 'hidden_size': 61, 'dropout': 0.12684407932304445, 'hidden_continuous_size': 20, 'attention_head_size': 3, 'learning_rate': 0.019054232275842815}. Best is trial 0 with value: 0.10452864319086075.
LOCAL_RANK: 0 - CUDA_VISIBLE_DEVICES: [0]
[I 2023-11-30 14:50:38,701] Trial 31 finished with value: 0.1301347017288208 and parameters: {'gradient_clip_val': 0.9609087987468873, 'hidden_size': 89, 'dropout': 0.2711241644715538, 'hidden_continuous_size': 54, 'attention_head_size': 2, 'learning_rate': 0.07714080643272561}. Best is trial 0 with value: 0.10452864319086075.
LOCAL_RANK: 0 - CUDA_VISIBLE_DEVICES: [0]
[I 2023-11-30 14:50:52,832] Trial 32 finished with value: 0.14812271296977997 and parameters: {'gradient_clip_val': 0.8393162394887904, 'hidden_size': 105, 'dropout': 0.29770815703274317, 'hidden_continuous_size': 62, 'attention_head_size': 1, 'learning_rate': 0.09775599976333894}. Best is trial 0 with value: 0.10452864319086075.
LOCAL_RANK: 0 - CUDA_VISIBLE_DEVICES: [0]
[I 2023-11-30 14:51:06,909] Trial 33 finished with value: 0.14005324244499207 and parameters: {'gradient_clip_val': 0.9990641595435119, 'hidden_size': 85, 'dropout': 0.2549081188743212, 'hidden_continuous_size': 50, 'attention_head_size': 2, 'learning_rate': 0.0677823427493319}. Best is trial 0 with value: 0.10452864319086075.
LOCAL_RANK: 0 - CUDA_VISIBLE_DEVICES: [0]
[I 2023-11-30 14:51:20,772] Trial 34 finished with value: 0.11122139543294907 and parameters: {'gradient_clip_val': 0.7508128034850737, 'hidden_size': 120, 'dropout': 0.30059862017900546, 'hidden_continuous_size': 39, 'attention_head_size': 2, 'learning_rate': 0.04887316194590798}. Best is trial 0 with value: 0.10452864319086075.
LOCAL_RANK: 0 - CUDA_VISIBLE_DEVICES: [0]
[I 2023-11-30 14:51:34,991] Trial 35 finished with value: 0.11049678176641464 and parameters: {'gradient_clip_val': 0.7378429017900567, 'hidden_size': 116, 'dropout': 0.3414310905395909, 'hidden_continuous_size': 38, 'attention_head_size': 4, 'learning_rate': 0.05247103843296044}. Best is trial 0 with value: 0.10452864319086075.
LOCAL_RANK: 0 - CUDA_VISIBLE_DEVICES: [0]
[I 2023-11-30 14:51:48,684] Trial 36 finished with value: 0.10511410236358643 and parameters: {'gradient_clip_val': 0.6907221226844547, 'hidden_size': 67, 'dropout': 0.32792236191575647, 'hidden_continuous_size': 43, 'attention_head_size': 4, 'learning_rate': 0.036058521143483006}. Best is trial 0 with value: 0.10452864319086075.
LOCAL_RANK: 0 - CUDA_VISIBLE_DEVICES: [0]
[I 2023-11-30 14:52:02,464] Trial 37 finished with value: 0.10153821855783463 and parameters: {'gradient_clip_val': 0.5764693082265987, 'hidden_size': 70, 'dropout': 0.34165114295691446, 'hidden_continuous_size': 36, 'attention_head_size': 4, 'learning_rate': 0.035231921630517075}. Best is trial 37 with value: 0.10153821855783463.
LOCAL_RANK: 0 - CUDA_VISIBLE_DEVICES: [0]
[I 2023-11-30 14:52:16,375] Trial 38 finished with value: 0.13587427139282227 and parameters: {'gradient_clip_val': 0.6160806556557082, 'hidden_size': 69, 'dropout': 0.33355861859806113, 'hidden_continuous_size': 44, 'attention_head_size': 4, 'learning_rate': 0.03396999107137072}. Best is trial 37 with value: 0.10153821855783463.
LOCAL_RANK: 0 - CUDA_VISIBLE_DEVICES: [0]
[I 2023-11-30 14:52:29,154] Trial 39 finished with value: 0.3965114653110504 and parameters: {'gradient_clip_val': 0.19463961495161003, 'hidden_size': 33, 'dropout': 0.34244126690760285, 'hidden_continuous_size': 12, 'attention_head_size': 4, 'learning_rate': 0.014379655361552465}. Best is trial 37 with value: 0.10153821855783463.
LOCAL_RANK: 0 - CUDA_VISIBLE_DEVICES: [0]
[I 2023-11-30 14:52:42,311] Trial 40 finished with value: 0.14454816281795502 and parameters: {'gradient_clip_val': 0.4134792948324298, 'hidden_size': 48, 'dropout': 0.319269762978322, 'hidden_continuous_size': 34, 'attention_head_size': 4, 'learning_rate': 0.021349287042914125}. Best is trial 37 with value: 0.10153821855783463.
LOCAL_RANK: 0 - CUDA_VISIBLE_DEVICES: [0]
[I 2023-11-30 14:52:56,036] Trial 41 finished with value: 0.17706038057804108 and parameters: {'gradient_clip_val': 0.548968191316416, 'hidden_size': 66, 'dropout': 0.35956526376136544, 'hidden_continuous_size': 34, 'attention_head_size': 4, 'learning_rate': 0.040848438087364124}. Best is trial 37 with value: 0.10153821855783463.
LOCAL_RANK: 0 - CUDA_VISIBLE_DEVICES: [0]
[I 2023-11-30 14:53:09,745] Trial 42 finished with value: 0.0820198506116867 and parameters: {'gradient_clip_val': 0.7060610691215579, 'hidden_size': 84, 'dropout': 0.3955811410446292, 'hidden_continuous_size': 30, 'attention_head_size': 4, 'learning_rate': 0.03047638421999572}. Best is trial 42 with value: 0.0820198506116867.
LOCAL_RANK: 0 - CUDA_VISIBLE_DEVICES: [0]
[I 2023-11-30 14:53:23,361] Trial 43 finished with value: 0.12334492057561874 and parameters: {'gradient_clip_val': 0.7255172575675354, 'hidden_size': 78, 'dropout': 0.39702425401654584, 'hidden_continuous_size': 30, 'attention_head_size': 4, 'learning_rate': 0.030196441401602814}. Best is trial 42 with value: 0.0820198506116867.
LOCAL_RANK: 0 - CUDA_VISIBLE_DEVICES: [0]
[I 2023-11-30 14:53:37,006] Trial 44 finished with value: 0.196990966796875 and parameters: {'gradient_clip_val': 0.5646837892098536, 'hidden_size': 55, 'dropout': 0.3727727990467237, 'hidden_continuous_size': 29, 'attention_head_size': 4, 'learning_rate': 0.024751969724199387}. Best is trial 42 with value: 0.0820198506116867.
LOCAL_RANK: 0 - CUDA_VISIBLE_DEVICES: [0]
[I 2023-11-30 14:53:50,515] Trial 45 finished with value: 0.19459517300128937 and parameters: {'gradient_clip_val': 0.1316229875115366, 'hidden_size': 76, 'dropout': 0.3234777835530538, 'hidden_continuous_size': 16, 'attention_head_size': 4, 'learning_rate': 0.031008366163690525}. Best is trial 42 with value: 0.0820198506116867.
LOCAL_RANK: 0 - CUDA_VISIBLE_DEVICES: [0]
[I 2023-11-30 14:54:04,017] Trial 46 finished with value: 0.12366845458745956 and parameters: {'gradient_clip_val': 0.783057842641523, 'hidden_size': 65, 'dropout': 0.3543129565816032, 'hidden_continuous_size': 24, 'attention_head_size': 4, 'learning_rate': 0.04168100122796129}. Best is trial 42 with value: 0.0820198506116867.
LOCAL_RANK: 0 - CUDA_VISIBLE_DEVICES: [0]
[I 2023-11-30 14:54:17,754] Trial 47 finished with value: 0.17187745869159698 and parameters: {'gradient_clip_val': 0.6784623786002534, 'hidden_size': 87, 'dropout': 0.3766186585826994, 'hidden_continuous_size': 28, 'attention_head_size': 4, 'learning_rate': 0.016755867603436857}. Best is trial 42 with value: 0.0820198506116867.
LOCAL_RANK: 0 - CUDA_VISIBLE_DEVICES: [0]
[I 2023-11-30 14:54:31,352] Trial 48 finished with value: 0.18194003403186798 and parameters: {'gradient_clip_val': 0.48009550111839755, 'hidden_size': 49, 'dropout': 0.39587897979928954, 'hidden_continuous_size': 33, 'attention_head_size': 4, 'learning_rate': 0.020773162222199874}. Best is trial 42 with value: 0.0820198506116867.
LOCAL_RANK: 0 - CUDA_VISIBLE_DEVICES: [0]
[I 2023-11-30 14:54:44,918] Trial 49 finished with value: 0.18441523611545563 and parameters: {'gradient_clip_val': 0.8844994445922206, 'hidden_size': 61, 'dropout': 0.3513291117621378, 'hidden_continuous_size': 36, 'attention_head_size': 4, 'learning_rate': 0.024255573311410476}. Best is trial 42 with value: 0.0820198506116867.
LOCAL_RANK: 0 - CUDA_VISIBLE_DEVICES: [0]
[I 2023-11-30 14:54:58,591] Trial 50 finished with value: 0.27483028173446655 and parameters: {'gradient_clip_val': 0.4221793498608739, 'hidden_size': 97, 'dropout': 0.3266787715219795, 'hidden_continuous_size': 15, 'attention_head_size': 4, 'learning_rate': 0.043199884130631076}. Best is trial 42 with value: 0.0820198506116867.
LOCAL_RANK: 0 - CUDA_VISIBLE_DEVICES: [0]
[I 2023-11-30 14:55:12,794] Trial 51 finished with value: 0.14083676040172577 and parameters: {'gradient_clip_val': 0.7482470476414719, 'hidden_size': 111, 'dropout': 0.33963826773452155, 'hidden_continuous_size': 43, 'attention_head_size': 4, 'learning_rate': 0.057017445218514456}. Best is trial 42 with value: 0.0820198506116867.
LOCAL_RANK: 0 - CUDA_VISIBLE_DEVICES: [0]
[I 2023-11-30 14:55:26,407] Trial 52 finished with value: 0.16535599529743195 and parameters: {'gradient_clip_val': 0.685556848141152, 'hidden_size': 97, 'dropout': 0.31512935850456636, 'hidden_continuous_size': 18, 'attention_head_size': 4, 'learning_rate': 0.0507025608897679}. Best is trial 42 with value: 0.0820198506116867.
LOCAL_RANK: 0 - CUDA_VISIBLE_DEVICES: [0]
[I 2023-11-30 14:55:40,751] Trial 53 finished with value: 0.19006465375423431 and parameters: {'gradient_clip_val': 0.5941202464860151, 'hidden_size': 132, 'dropout': 0.34703642069946705, 'hidden_continuous_size': 37, 'attention_head_size': 4, 'learning_rate': 0.030440503721768115}. Best is trial 42 with value: 0.0820198506116867.
LOCAL_RANK: 0 - CUDA_VISIBLE_DEVICES: [0]
[I 2023-11-30 14:55:54,492] Trial 54 finished with value: 0.14384707808494568 and parameters: {'gradient_clip_val': 0.5136422960852024, 'hidden_size': 107, 'dropout': 0.33499392608888223, 'hidden_continuous_size': 12, 'attention_head_size': 4, 'learning_rate': 0.07568393777444135}. Best is trial 42 with value: 0.0820198506116867.
LOCAL_RANK: 0 - CUDA_VISIBLE_DEVICES: [0]
[I 2023-11-30 14:56:08,067] Trial 55 finished with value: 0.18136437237262726 and parameters: {'gradient_clip_val': 0.666713009626915, 'hidden_size': 72, 'dropout': 0.3606893915644459, 'hidden_continuous_size': 32, 'attention_head_size': 4, 'learning_rate': 0.03784739700663422}. Best is trial 42 with value: 0.0820198506116867.
LOCAL_RANK: 0 - CUDA_VISIBLE_DEVICES: [0]
[I 2023-11-30 14:56:22,022] Trial 56 finished with value: 0.1079527735710144 and parameters: {'gradient_clip_val': 0.8922526448078858, 'hidden_size': 87, 'dropout': 0.3704553970787318, 'hidden_continuous_size': 41, 'attention_head_size': 4, 'learning_rate': 0.04452386305861305}. Best is trial 42 with value: 0.0820198506116867.
LOCAL_RANK: 0 - CUDA_VISIBLE_DEVICES: [0]
[I 2023-11-30 14:56:36,033] Trial 57 finished with value: 0.13408656418323517 and parameters: {'gradient_clip_val': 0.8838577037124854, 'hidden_size': 85, 'dropout': 0.3700182191932958, 'hidden_continuous_size': 42, 'attention_head_size': 3, 'learning_rate': 0.012426514008530006}. Best is trial 42 with value: 0.0820198506116867.
LOCAL_RANK: 0 - CUDA_VISIBLE_DEVICES: [0]
[I 2023-11-30 14:56:49,697] Trial 58 finished with value: 0.12458837777376175 and parameters: {'gradient_clip_val': 0.8144037865200406, 'hidden_size': 73, 'dropout': 0.3865315809154961, 'hidden_continuous_size': 31, 'attention_head_size': 1, 'learning_rate': 0.04530903229602662}. Best is trial 42 with value: 0.0820198506116867.
LOCAL_RANK: 0 - CUDA_VISIBLE_DEVICES: [0]
[I 2023-11-30 14:57:03,648] Trial 59 finished with value: 0.16198508441448212 and parameters: {'gradient_clip_val': 0.9079528151470043, 'hidden_size': 92, 'dropout': 0.3673632062972223, 'hidden_continuous_size': 46, 'attention_head_size': 3, 'learning_rate': 0.033879102449820855}. Best is trial 42 with value: 0.0820198506116867.
LOCAL_RANK: 0 - CUDA_VISIBLE_DEVICES: [0]
[I 2023-11-30 14:57:17,460] Trial 60 finished with value: 0.18859727680683136 and parameters: {'gradient_clip_val': 0.5893355752631445, 'hidden_size': 82, 'dropout': 0.38499994307386953, 'hidden_continuous_size': 36, 'attention_head_size': 4, 'learning_rate': 0.028565480167444358}. Best is trial 42 with value: 0.0820198506116867.
LOCAL_RANK: 0 - CUDA_VISIBLE_DEVICES: [0]
[I 2023-11-30 14:57:31,522] Trial 61 finished with value: 0.1892191618680954 and parameters: {'gradient_clip_val': 0.7597865894041956, 'hidden_size': 109, 'dropout': 0.35471683414024197, 'hidden_continuous_size': 40, 'attention_head_size': 4, 'learning_rate': 0.0575214713476079}. Best is trial 42 with value: 0.0820198506116867.
LOCAL_RANK: 0 - CUDA_VISIBLE_DEVICES: [0]
[I 2023-11-30 14:57:45,762] Trial 62 finished with value: 0.20754742622375488 and parameters: {'gradient_clip_val': 0.7181923602148947, 'hidden_size': 129, 'dropout': 0.33332260469156755, 'hidden_continuous_size': 47, 'attention_head_size': 4, 'learning_rate': 0.054306925160930136}. Best is trial 42 with value: 0.0820198506116867.
LOCAL_RANK: 0 - CUDA_VISIBLE_DEVICES: [0]
[I 2023-11-30 14:58:00,019] Trial 63 finished with value: 0.10521437972784042 and parameters: {'gradient_clip_val': 0.8384439911383497, 'hidden_size': 95, 'dropout': 0.36293309129292595, 'hidden_continuous_size': 41, 'attention_head_size': 4, 'learning_rate': 0.041770742608730094}. Best is trial 42 with value: 0.0820198506116867.
LOCAL_RANK: 0 - CUDA_VISIBLE_DEVICES: [0]
[I 2023-11-30 14:58:14,047] Trial 64 finished with value: 0.11342867463827133 and parameters: {'gradient_clip_val': 0.8438028764331079, 'hidden_size': 97, 'dropout': 0.3652547949944163, 'hidden_continuous_size': 42, 'attention_head_size': 4, 'learning_rate': 0.03904821866629367}. Best is trial 42 with value: 0.0820198506116867.
LOCAL_RANK: 0 - CUDA_VISIBLE_DEVICES: [0]
[I 2023-11-30 14:58:27,728] Trial 65 finished with value: 0.11503103375434875 and parameters: {'gradient_clip_val': 0.6462377397798089, 'hidden_size': 76, 'dropout': 0.38112849588404585, 'hidden_continuous_size': 35, 'attention_head_size': 4, 'learning_rate': 0.04527455835280745}. Best is trial 42 with value: 0.0820198506116867.
LOCAL_RANK: 0 - CUDA_VISIBLE_DEVICES: [0]
[I 2023-11-30 14:58:41,468] Trial 66 finished with value: 0.1200428232550621 and parameters: {'gradient_clip_val': 0.9015631949236744, 'hidden_size': 91, 'dropout': 0.3479087273983298, 'hidden_continuous_size': 27, 'attention_head_size': 3, 'learning_rate': 0.024724920342101914}. Best is trial 42 with value: 0.0820198506116867.
LOCAL_RANK: 0 - CUDA_VISIBLE_DEVICES: [0]
[I 2023-11-30 14:58:55,257] Trial 67 finished with value: 0.131931871175766 and parameters: {'gradient_clip_val': 0.8145581733066253, 'hidden_size': 82, 'dropout': 0.3627218269763, 'hidden_continuous_size': 40, 'attention_head_size': 4, 'learning_rate': 0.035960573501858384}. Best is trial 42 with value: 0.0820198506116867.
LOCAL_RANK: 0 - CUDA_VISIBLE_DEVICES: [0]
[I 2023-11-30 14:59:08,902] Trial 68 finished with value: 0.12551532685756683 and parameters: {'gradient_clip_val': 0.9387851198480102, 'hidden_size': 64, 'dropout': 0.3778705951811836, 'hidden_continuous_size': 33, 'attention_head_size': 3, 'learning_rate': 0.028523766375247832}. Best is trial 42 with value: 0.0820198506116867.
LOCAL_RANK: 0 - CUDA_VISIBLE_DEVICES: [0]
[I 2023-11-30 14:59:22,722] Trial 69 finished with value: 0.11039722710847855 and parameters: {'gradient_clip_val': 0.9914675199404249, 'hidden_size': 70, 'dropout': 0.2352651667900204, 'hidden_continuous_size': 37, 'attention_head_size': 4, 'learning_rate': 0.0648000630259524}. Best is trial 42 with value: 0.0820198506116867.
LOCAL_RANK: 0 - CUDA_VISIBLE_DEVICES: [0]
[I 2023-11-30 14:59:36,836] Trial 70 finished with value: 0.0993499830365181 and parameters: {'gradient_clip_val': 0.7872391316261538, 'hidden_size': 101, 'dropout': 0.3893578408352484, 'hidden_continuous_size': 56, 'attention_head_size': 3, 'learning_rate': 0.08000454794935927}. Best is trial 42 with value: 0.0820198506116867.
LOCAL_RANK: 0 - CUDA_VISIBLE_DEVICES: [0]
[I 2023-11-30 14:59:50,691] Trial 71 finished with value: 0.1798974722623825 and parameters: {'gradient_clip_val': 0.77318739696395, 'hidden_size': 104, 'dropout': 0.38654486016527245, 'hidden_continuous_size': 56, 'attention_head_size': 3, 'learning_rate': 0.0821475097638579}. Best is trial 42 with value: 0.0820198506116867.
LOCAL_RANK: 0 - CUDA_VISIBLE_DEVICES: [0]
[I 2023-11-30 15:00:04,664] Trial 72 finished with value: 0.14101701974868774 and parameters: {'gradient_clip_val': 0.8592908104656309, 'hidden_size': 89, 'dropout': 0.3706228594654865, 'hidden_continuous_size': 48, 'attention_head_size': 2, 'learning_rate': 0.07618505255592994}. Best is trial 42 with value: 0.0820198506116867.
LOCAL_RANK: 0 - CUDA_VISIBLE_DEVICES: [0]
[I 2023-11-30 15:00:18,903] Trial 73 finished with value: 0.15341897308826447 and parameters: {'gradient_clip_val': 0.6845530409980616, 'hidden_size': 99, 'dropout': 0.3958479526796894, 'hidden_continuous_size': 55, 'attention_head_size': 3, 'learning_rate': 0.049309670264311045}. Best is trial 42 with value: 0.0820198506116867.
LOCAL_RANK: 0 - CUDA_VISIBLE_DEVICES: [0]
[I 2023-11-30 15:00:32,896] Trial 74 finished with value: 0.11166343837976456 and parameters: {'gradient_clip_val': 0.9243062738029447, 'hidden_size': 85, 'dropout': 0.35641104752685, 'hidden_continuous_size': 50, 'attention_head_size': 3, 'learning_rate': 0.06819519259505036}. Best is trial 42 with value: 0.0820198506116867.
LOCAL_RANK: 0 - CUDA_VISIBLE_DEVICES: [0]
[I 2023-11-30 15:00:46,778] Trial 75 finished with value: 0.13135403394699097 and parameters: {'gradient_clip_val': 0.6407990757307017, 'hidden_size': 77, 'dropout': 0.2885603584935617, 'hidden_continuous_size': 46, 'attention_head_size': 4, 'learning_rate': 0.08733647616343397}. Best is trial 42 with value: 0.0820198506116867.
LOCAL_RANK: 0 - CUDA_VISIBLE_DEVICES: [0]
[I 2023-11-30 15:01:00,297] Trial 76 finished with value: 0.1815955638885498 and parameters: {'gradient_clip_val': 0.7891730968566618, 'hidden_size': 113, 'dropout': 0.3095298958760148, 'hidden_continuous_size': 11, 'attention_head_size': 1, 'learning_rate': 0.06005776354245056}. Best is trial 42 with value: 0.0820198506116867.
LOCAL_RANK: 0 - CUDA_VISIBLE_DEVICES: [0]
[I 2023-11-30 15:01:13,852] Trial 77 finished with value: 0.18164598941802979 and parameters: {'gradient_clip_val': 0.7123385999304158, 'hidden_size': 70, 'dropout': 0.3920091141595514, 'hidden_continuous_size': 42, 'attention_head_size': 3, 'learning_rate': 0.043292133507539576}. Best is trial 42 with value: 0.0820198506116867.
LOCAL_RANK: 0 - CUDA_VISIBLE_DEVICES: [0]
[I 2023-11-30 15:01:28,875] Trial 78 finished with value: 0.09591833502054214 and parameters: {'gradient_clip_val': 0.3451733629631589, 'hidden_size': 92, 'dropout': 0.3804318334165443, 'hidden_continuous_size': 48, 'attention_head_size': 4, 'learning_rate': 0.03332027032919776}. Best is trial 42 with value: 0.0820198506116867.
LOCAL_RANK: 0 - CUDA_VISIBLE_DEVICES: [0]
[I 2023-11-30 15:01:43,281] Trial 79 finished with value: 0.1149522066116333 and parameters: {'gradient_clip_val': 0.34623084718163344, 'hidden_size': 58, 'dropout': 0.3811349895652635, 'hidden_continuous_size': 43, 'attention_head_size': 4, 'learning_rate': 0.032900021638803685}. Best is trial 42 with value: 0.0820198506116867.
LOCAL_RANK: 0 - CUDA_VISIBLE_DEVICES: [0]
