[I 2023-11-29 22:53:05,057] Trial 1 finished with value: 2.3591229915618896 and parameters: {'gradient_clip_val': 0.1586708520347435, 'hidden_size': 13, 'dropout': 0.2722588273045684, 'hidden_continuous_size': 12, 'attention_head_size': 4, 'learning_rate': 0.0011672281604872049}. Best is trial 0 with value: 0.3756504952907562.
LOCAL_RANK: 0 - CUDA_VISIBLE_DEVICES: [0]
[I 2023-11-29 22:53:17,314] Trial 2 finished with value: 0.6109867691993713 and parameters: {'gradient_clip_val': 0.12555648750771473, 'hidden_size': 23, 'dropout': 0.1650454835145171, 'hidden_continuous_size': 20, 'attention_head_size': 1, 'learning_rate': 0.012012644707806937}. Best is trial 0 with value: 0.3756504952907562.
LOCAL_RANK: 0 - CUDA_VISIBLE_DEVICES: [0]
[I 2023-11-29 22:53:27,630] Trial 3 finished with value: 1.3057103157043457 and parameters: {'gradient_clip_val': 0.1705354261852082, 'hidden_size': 13, 'dropout': 0.2869297330341547, 'hidden_continuous_size': 13, 'attention_head_size': 2, 'learning_rate': 0.01000255596016795}. Best is trial 0 with value: 0.3756504952907562.
LOCAL_RANK: 0 - CUDA_VISIBLE_DEVICES: [0]
[I 2023-11-29 22:53:40,598] Trial 4 finished with value: 0.29335352778434753 and parameters: {'gradient_clip_val': 0.2809116432633454, 'hidden_size': 56, 'dropout': 0.34149179635129767, 'hidden_continuous_size': 29, 'attention_head_size': 2, 'learning_rate': 0.015775876258733182}. Best is trial 4 with value: 0.29335352778434753.
LOCAL_RANK: 0 - CUDA_VISIBLE_DEVICES: [0]
[I 2023-11-29 22:53:53,621] Trial 5 finished with value: 0.5921244025230408 and parameters: {'gradient_clip_val': 0.11675025542482786, 'hidden_size': 72, 'dropout': 0.3988971990752299, 'hidden_continuous_size': 12, 'attention_head_size': 1, 'learning_rate': 0.003018725890561147}. Best is trial 4 with value: 0.29335352778434753.
LOCAL_RANK: 0 - CUDA_VISIBLE_DEVICES: [0]
[I 2023-11-29 22:54:05,618] Trial 6 finished with value: 2.0648715496063232 and parameters: {'gradient_clip_val': 0.356700455504224, 'hidden_size': 16, 'dropout': 0.10094993952280765, 'hidden_continuous_size': 10, 'attention_head_size': 3, 'learning_rate': 0.004624700947885702}. Best is trial 4 with value: 0.29335352778434753.
LOCAL_RANK: 0 - CUDA_VISIBLE_DEVICES: [0]
[I 2023-11-29 22:54:17,765] Trial 7 finished with value: 1.4409061670303345 and parameters: {'gradient_clip_val': 0.1866682565609864, 'hidden_size': 23, 'dropout': 0.24177204663714513, 'hidden_continuous_size': 14, 'attention_head_size': 2, 'learning_rate': 0.00429077483862176}. Best is trial 4 with value: 0.29335352778434753.
LOCAL_RANK: 0 - CUDA_VISIBLE_DEVICES: [0]
[I 2023-11-29 22:54:30,809] Trial 8 finished with value: 1.7584761381149292 and parameters: {'gradient_clip_val': 0.4818065903362107, 'hidden_size': 50, 'dropout': 0.3411005288691307, 'hidden_continuous_size': 16, 'attention_head_size': 1, 'learning_rate': 0.0011345447207642297}. Best is trial 4 with value: 0.29335352778434753.
LOCAL_RANK: 0 - CUDA_VISIBLE_DEVICES: [0]
[I 2023-11-29 22:54:44,576] Trial 9 finished with value: 0.30958008766174316 and parameters: {'gradient_clip_val': 0.8207834857858338, 'hidden_size': 109, 'dropout': 0.21846210475712804, 'hidden_continuous_size': 21, 'attention_head_size': 2, 'learning_rate': 0.0037015097492482953}. Best is trial 4 with value: 0.29335352778434753.
LOCAL_RANK: 0 - CUDA_VISIBLE_DEVICES: [0]
[I 2023-11-29 22:54:58,757] Trial 10 finished with value: 0.13554655015468597 and parameters: {'gradient_clip_val': 0.23902478188779178, 'hidden_size': 123, 'dropout': 0.38684852222956134, 'hidden_continuous_size': 64, 'attention_head_size': 3, 'learning_rate': 0.03296615211141777}. Best is trial 10 with value: 0.13554655015468597.
LOCAL_RANK: 0 - CUDA_VISIBLE_DEVICES: [0]
[I 2023-11-29 22:55:13,493] Trial 11 finished with value: 0.12875695526599884 and parameters: {'gradient_clip_val': 0.24269308822968713, 'hidden_size': 150, 'dropout': 0.3968335160521652, 'hidden_continuous_size': 67, 'attention_head_size': 3, 'learning_rate': 0.046679147876313054}. Best is trial 11 with value: 0.12875695526599884.
LOCAL_RANK: 0 - CUDA_VISIBLE_DEVICES: [0]
[I 2023-11-29 22:55:28,092] Trial 12 finished with value: 0.11821546405553818 and parameters: {'gradient_clip_val': 0.24377316437909693, 'hidden_size': 144, 'dropout': 0.3973642245133282, 'hidden_continuous_size': 77, 'attention_head_size': 4, 'learning_rate': 0.054748712839854115}. Best is trial 12 with value: 0.11821546405553818.
LOCAL_RANK: 0 - CUDA_VISIBLE_DEVICES: [0]
[I 2023-11-29 22:55:42,858] Trial 13 finished with value: 0.15255588293075562 and parameters: {'gradient_clip_val': 0.2461111673999912, 'hidden_size': 143, 'dropout': 0.3970922972467564, 'hidden_continuous_size': 116, 'attention_head_size': 4, 'learning_rate': 0.09987022961107328}. Best is trial 12 with value: 0.11821546405553818.
LOCAL_RANK: 0 - CUDA_VISIBLE_DEVICES: [0]
[I 2023-11-29 22:55:57,099] Trial 14 finished with value: 0.07023156434297562 and parameters: {'gradient_clip_val': 0.2186357548457209, 'hidden_size': 89, 'dropout': 0.3614617132079427, 'hidden_continuous_size': 54, 'attention_head_size': 4, 'learning_rate': 0.05096763735501589}. Best is trial 14 with value: 0.07023156434297562.
LOCAL_RANK: 0 - CUDA_VISIBLE_DEVICES: [0]
[I 2023-11-29 22:56:11,088] Trial 15 finished with value: 0.1139804944396019 and parameters: {'gradient_clip_val': 0.3277366194271064, 'hidden_size': 92, 'dropout': 0.34045723239825443, 'hidden_continuous_size': 47, 'attention_head_size': 4, 'learning_rate': 0.08290165025480632}. Best is trial 14 with value: 0.07023156434297562.
LOCAL_RANK: 0 - CUDA_VISIBLE_DEVICES: [0]
[I 2023-11-29 22:56:25,242] Trial 16 finished with value: 0.22451524436473846 and parameters: {'gradient_clip_val': 0.5197714165518931, 'hidden_size': 101, 'dropout': 0.31692396834913034, 'hidden_continuous_size': 41, 'attention_head_size': 4, 'learning_rate': 0.09876976965437737}. Best is trial 14 with value: 0.07023156434297562.
LOCAL_RANK: 0 - CUDA_VISIBLE_DEVICES: [0]
[I 2023-11-29 22:56:38,904] Trial 17 finished with value: 0.08678239583969116 and parameters: {'gradient_clip_val': 0.35407839877221603, 'hidden_size': 84, 'dropout': 0.3565479741591943, 'hidden_continuous_size': 39, 'attention_head_size': 3, 'learning_rate': 0.025695704153240177}. Best is trial 14 with value: 0.07023156434297562.
LOCAL_RANK: 0 - CUDA_VISIBLE_DEVICES: [0]
[I 2023-11-29 22:56:52,602] Trial 18 finished with value: 0.09929374605417252 and parameters: {'gradient_clip_val': 0.10690237022796274, 'hidden_size': 73, 'dropout': 0.36410404292261356, 'hidden_continuous_size': 32, 'attention_head_size': 3, 'learning_rate': 0.023718742161041015}. Best is trial 14 with value: 0.07023156434297562.
LOCAL_RANK: 0 - CUDA_VISIBLE_DEVICES: [0]
[I 2023-11-29 22:57:05,498] Trial 19 finished with value: 0.15608960390090942 and parameters: {'gradient_clip_val': 0.6464435527410545, 'hidden_size': 38, 'dropout': 0.30330975695281354, 'hidden_continuous_size': 23, 'attention_head_size': 3, 'learning_rate': 0.022843677053240776}. Best is trial 14 with value: 0.07023156434297562.
LOCAL_RANK: 0 - CUDA_VISIBLE_DEVICES: [0]
[I 2023-11-29 22:57:19,399] Trial 20 finished with value: 0.11179939657449722 and parameters: {'gradient_clip_val': 0.38009117995637565, 'hidden_size': 82, 'dropout': 0.3517283590900408, 'hidden_continuous_size': 35, 'attention_head_size': 4, 'learning_rate': 0.04505555242859649}. Best is trial 14 with value: 0.07023156434297562.
LOCAL_RANK: 0 - CUDA_VISIBLE_DEVICES: [0]
[I 2023-11-29 22:57:32,932] Trial 21 finished with value: 0.11432170867919922 and parameters: {'gradient_clip_val': 0.11521091724146078, 'hidden_size': 72, 'dropout': 0.3642814903425896, 'hidden_continuous_size': 31, 'attention_head_size': 3, 'learning_rate': 0.02436657081584627}. Best is trial 14 with value: 0.07023156434297562.
LOCAL_RANK: 0 - CUDA_VISIBLE_DEVICES: [0]
[I 2023-11-29 22:57:46,401] Trial 22 finished with value: 0.36276981234550476 and parameters: {'gradient_clip_val': 0.10750335338747077, 'hidden_size': 68, 'dropout': 0.3664449571049398, 'hidden_continuous_size': 26, 'attention_head_size': 3, 'learning_rate': 0.019620446477790408}. Best is trial 14 with value: 0.07023156434297562.
LOCAL_RANK: 0 - CUDA_VISIBLE_DEVICES: [0]
[I 2023-11-29 22:58:00,589] Trial 23 finished with value: 0.07167341560125351 and parameters: {'gradient_clip_val': 0.1454477104743325, 'hidden_size': 93, 'dropout': 0.36380869629675294, 'hidden_continuous_size': 42, 'attention_head_size': 3, 'learning_rate': 0.031062657151217508}. Best is trial 14 with value: 0.07023156434297562.
LOCAL_RANK: 0 - CUDA_VISIBLE_DEVICES: [0]
[I 2023-11-29 22:58:14,705] Trial 24 finished with value: 0.0910366103053093 and parameters: {'gradient_clip_val': 0.20317398115845903, 'hidden_size': 95, 'dropout': 0.3127474417130068, 'hidden_continuous_size': 44, 'attention_head_size': 3, 'learning_rate': 0.03331636466291007}. Best is trial 14 with value: 0.07023156434297562.
LOCAL_RANK: 0 - CUDA_VISIBLE_DEVICES: [0]
[I 2023-11-29 22:58:28,936] Trial 25 finished with value: 0.10052254050970078 and parameters: {'gradient_clip_val': 0.15171201515290936, 'hidden_size': 111, 'dropout': 0.3707525586577152, 'hidden_continuous_size': 52, 'attention_head_size': 4, 'learning_rate': 0.06199256309239214}. Best is trial 14 with value: 0.07023156434297562.
LOCAL_RANK: 0 - CUDA_VISIBLE_DEVICES: [0]
[I 2023-11-29 22:58:42,641] Trial 26 finished with value: 0.16336415708065033 and parameters: {'gradient_clip_val': 0.2838780668098865, 'hidden_size': 87, 'dropout': 0.33321701957735195, 'hidden_continuous_size': 37, 'attention_head_size': 2, 'learning_rate': 0.034885545863009904}. Best is trial 14 with value: 0.07023156434297562.
LOCAL_RANK: 0 - CUDA_VISIBLE_DEVICES: [0]
[I 2023-11-29 22:58:56,793] Trial 27 finished with value: 0.2229178547859192 and parameters: {'gradient_clip_val': 0.14044941654374146, 'hidden_size': 120, 'dropout': 0.30435102889239385, 'hidden_continuous_size': 52, 'attention_head_size': 3, 'learning_rate': 0.06472329106014801}. Best is trial 14 with value: 0.07023156434297562.
LOCAL_RANK: 0 - CUDA_VISIBLE_DEVICES: [0]
[I 2023-11-29 22:59:10,884] Trial 28 finished with value: 0.16481773555278778 and parameters: {'gradient_clip_val': 0.18754020922120662, 'hidden_size': 87, 'dropout': 0.35496633022630847, 'hidden_continuous_size': 38, 'attention_head_size': 4, 'learning_rate': 0.014716433225318773}. Best is trial 14 with value: 0.07023156434297562.
LOCAL_RANK: 0 - CUDA_VISIBLE_DEVICES: [0]
[I 2023-11-29 22:59:24,503] Trial 29 finished with value: 0.07652654498815536 and parameters: {'gradient_clip_val': 0.13747857396762989, 'hidden_size': 55, 'dropout': 0.33011052232639665, 'hidden_continuous_size': 33, 'attention_head_size': 3, 'learning_rate': 0.04057752032690208}. Best is trial 14 with value: 0.07023156434297562.
LOCAL_RANK: 0 - CUDA_VISIBLE_DEVICES: [0]
[I 2023-11-29 22:59:37,825] Trial 30 finished with value: 0.11732900142669678 and parameters: {'gradient_clip_val': 0.12696786883123176, 'hidden_size': 57, 'dropout': 0.3779482236541762, 'hidden_continuous_size': 28, 'attention_head_size': 2, 'learning_rate': 0.04240432323746306}. Best is trial 14 with value: 0.07023156434297562.
LOCAL_RANK: 0 - CUDA_VISIBLE_DEVICES: [0]
[I 2023-11-29 22:59:51,114] Trial 31 finished with value: 0.10022542625665665 and parameters: {'gradient_clip_val': 0.14305171318564697, 'hidden_size': 47, 'dropout': 0.33366875292230824, 'hidden_continuous_size': 33, 'attention_head_size': 3, 'learning_rate': 0.029635834363806464}. Best is trial 14 with value: 0.07023156434297562.
LOCAL_RANK: 0 - CUDA_VISIBLE_DEVICES: [0]
[I 2023-11-29 23:00:04,809] Trial 32 finished with value: 0.22953005135059357 and parameters: {'gradient_clip_val': 0.20853251160952108, 'hidden_size': 67, 'dropout': 0.37525039201446597, 'hidden_continuous_size': 39, 'attention_head_size': 3, 'learning_rate': 0.06558424796527036}. Best is trial 14 with value: 0.07023156434297562.
LOCAL_RANK: 0 - CUDA_VISIBLE_DEVICES: [0]
[I 2023-11-29 23:00:18,654] Trial 33 finished with value: 0.0823223888874054 and parameters: {'gradient_clip_val': 0.16440438904238164, 'hidden_size': 62, 'dropout': 0.3221332675873809, 'hidden_continuous_size': 34, 'attention_head_size': 4, 'learning_rate': 0.04114973756005095}. Best is trial 14 with value: 0.07023156434297562.
LOCAL_RANK: 0 - CUDA_VISIBLE_DEVICES: [0]
[I 2023-11-29 23:00:32,300] Trial 34 finished with value: 0.11676061898469925 and parameters: {'gradient_clip_val': 0.1507785201980027, 'hidden_size': 61, 'dropout': 0.28664166540119973, 'hidden_continuous_size': 35, 'attention_head_size': 4, 'learning_rate': 0.04531325931779576}. Best is trial 14 with value: 0.07023156434297562.
LOCAL_RANK: 0 - CUDA_VISIBLE_DEVICES: [0]
[I 2023-11-29 23:00:45,417] Trial 35 finished with value: 0.16410145163536072 and parameters: {'gradient_clip_val': 0.16869013587670428, 'hidden_size': 47, 'dropout': 0.31994542567542844, 'hidden_continuous_size': 25, 'attention_head_size': 4, 'learning_rate': 0.03704550358044579}. Best is trial 14 with value: 0.07023156434297562.
LOCAL_RANK: 0 - CUDA_VISIBLE_DEVICES: [0]
[I 2023-11-29 23:00:58,849] Trial 36 finished with value: 0.2264634370803833 and parameters: {'gradient_clip_val': 0.13160259050120227, 'hidden_size': 59, 'dropout': 0.3260651795628689, 'hidden_continuous_size': 28, 'attention_head_size': 4, 'learning_rate': 0.017184706530400422}. Best is trial 14 with value: 0.07023156434297562.
LOCAL_RANK: 0 - CUDA_VISIBLE_DEVICES: [0]
[I 2023-11-29 23:01:11,766] Trial 37 finished with value: 0.12512783706188202 and parameters: {'gradient_clip_val': 0.1666824633175579, 'hidden_size': 37, 'dropout': 0.2940145764567453, 'hidden_continuous_size': 18, 'attention_head_size': 4, 'learning_rate': 0.05273879629010252}. Best is trial 14 with value: 0.07023156434297562.
LOCAL_RANK: 0 - CUDA_VISIBLE_DEVICES: [0]
[I 2023-11-29 23:01:25,929] Trial 38 finished with value: 0.2819496691226959 and parameters: {'gradient_clip_val': 0.12628679033920873, 'hidden_size': 103, 'dropout': 0.2747374789008314, 'hidden_continuous_size': 30, 'attention_head_size': 4, 'learning_rate': 0.01044910006270788}. Best is trial 14 with value: 0.07023156434297562.
LOCAL_RANK: 0 - CUDA_VISIBLE_DEVICES: [0]
[I 2023-11-29 23:01:39,613] Trial 39 finished with value: 0.1391124576330185 and parameters: {'gradient_clip_val': 0.1629913666721005, 'hidden_size': 77, 'dropout': 0.3485337716064787, 'hidden_continuous_size': 33, 'attention_head_size': 2, 'learning_rate': 0.0767486738327521}. Best is trial 14 with value: 0.07023156434297562.
LOCAL_RANK: 0 - CUDA_VISIBLE_DEVICES: [0]
[I 2023-11-29 23:01:52,935] Trial 40 finished with value: 0.22130827605724335 and parameters: {'gradient_clip_val': 0.1817406837706324, 'hidden_size': 63, 'dropout': 0.32401858884703294, 'hidden_continuous_size': 27, 'attention_head_size': 1, 'learning_rate': 0.00820571065901434}. Best is trial 14 with value: 0.07023156434297562.
LOCAL_RANK: 0 - CUDA_VISIBLE_DEVICES: [0]
[I 2023-11-29 23:02:07,017] Trial 41 finished with value: 0.13418874144554138 and parameters: {'gradient_clip_val': 0.14166202458298474, 'hidden_size': 90, 'dropout': 0.35635951264687726, 'hidden_continuous_size': 43, 'attention_head_size': 3, 'learning_rate': 0.028342480125843256}. Best is trial 14 with value: 0.07023156434297562.
LOCAL_RANK: 0 - CUDA_VISIBLE_DEVICES: [0]
[I 2023-11-29 23:02:20,761] Trial 42 finished with value: 0.16162535548210144 and parameters: {'gradient_clip_val': 0.21190070617413373, 'hidden_size': 80, 'dropout': 0.3792078801464019, 'hidden_continuous_size': 39, 'attention_head_size': 3, 'learning_rate': 0.037764667490805544}. Best is trial 14 with value: 0.07023156434297562.
LOCAL_RANK: 0 - CUDA_VISIBLE_DEVICES: [0]
[I 2023-11-29 23:02:34,428] Trial 43 finished with value: 0.14018671214580536 and parameters: {'gradient_clip_val': 0.15762352332625157, 'hidden_size': 76, 'dropout': 0.3414911821829765, 'hidden_continuous_size': 30, 'attention_head_size': 3, 'learning_rate': 0.026271400619517063}. Best is trial 14 with value: 0.07023156434297562.
LOCAL_RANK: 0 - CUDA_VISIBLE_DEVICES: [0]
[I 2023-11-29 23:02:47,865] Trial 44 finished with value: 0.12854456901550293 and parameters: {'gradient_clip_val': 0.2905069479192818, 'hidden_size': 54, 'dropout': 0.3518774044057739, 'hidden_continuous_size': 36, 'attention_head_size': 3, 'learning_rate': 0.01929126082390008}. Best is trial 14 with value: 0.07023156434297562.
LOCAL_RANK: 0 - CUDA_VISIBLE_DEVICES: [0]
[I 2023-11-29 23:03:01,838] Trial 45 finished with value: 0.12688130140304565 and parameters: {'gradient_clip_val': 0.18509984893477244, 'hidden_size': 128, 'dropout': 0.3303547871488106, 'hidden_continuous_size': 51, 'attention_head_size': 2, 'learning_rate': 0.03976565311609385}. Best is trial 14 with value: 0.07023156434297562.
LOCAL_RANK: 0 - CUDA_VISIBLE_DEVICES: [0]
[I 2023-11-29 23:03:15,910] Trial 46 finished with value: 0.10382434725761414 and parameters: {'gradient_clip_val': 0.11777009015369448, 'hidden_size': 100, 'dropout': 0.37704672189313004, 'hidden_continuous_size': 47, 'attention_head_size': 4, 'learning_rate': 0.05398381258344696}. Best is trial 14 with value: 0.07023156434297562.
LOCAL_RANK: 0 - CUDA_VISIBLE_DEVICES: [0]
[I 2023-11-29 23:03:29,742] Trial 47 finished with value: 0.16361647844314575 and parameters: {'gradient_clip_val': 0.3401086286254108, 'hidden_size': 67, 'dropout': 0.3845375934196166, 'hidden_continuous_size': 34, 'attention_head_size': 3, 'learning_rate': 0.029281498043559145}. Best is trial 14 with value: 0.07023156434297562.
LOCAL_RANK: 0 - CUDA_VISIBLE_DEVICES: [0]
[I 2023-11-29 23:03:43,452] Trial 48 finished with value: 0.14679445326328278 and parameters: {'gradient_clip_val': 0.4078809166869429, 'hidden_size': 84, 'dropout': 0.34544725599316367, 'hidden_continuous_size': 44, 'attention_head_size': 2, 'learning_rate': 0.015096740682593509}. Best is trial 14 with value: 0.07023156434297562.
LOCAL_RANK: 0 - CUDA_VISIBLE_DEVICES: [0]
[I 2023-11-29 23:03:57,606] Trial 49 finished with value: 0.15273062884807587 and parameters: {'gradient_clip_val': 0.10317815527180892, 'hidden_size': 106, 'dropout': 0.3894251272535279, 'hidden_continuous_size': 56, 'attention_head_size': 4, 'learning_rate': 0.048206313628225736}. Best is trial 14 with value: 0.07023156434297562.
LOCAL_RANK: 0 - CUDA_VISIBLE_DEVICES: [0]
[I 2023-11-29 23:04:11,132] Trial 50 finished with value: 0.15018223226070404 and parameters: {'gradient_clip_val': 0.22507222630868196, 'hidden_size': 51, 'dropout': 0.3610612442168531, 'hidden_continuous_size': 40, 'attention_head_size': 3, 'learning_rate': 0.033426402870756926}. Best is trial 14 with value: 0.07023156434297562.
LOCAL_RANK: 0 - CUDA_VISIBLE_DEVICES: [0]
[I 2023-11-29 23:04:25,172] Trial 51 finished with value: 0.14658121764659882 and parameters: {'gradient_clip_val': 0.20305227256783598, 'hidden_size': 95, 'dropout': 0.31392223330271407, 'hidden_continuous_size': 44, 'attention_head_size': 3, 'learning_rate': 0.037049501047806244}. Best is trial 14 with value: 0.07023156434297562.
LOCAL_RANK: 0 - CUDA_VISIBLE_DEVICES: [0]
[I 2023-11-29 23:04:39,345] Trial 52 finished with value: 0.163826122879982 and parameters: {'gradient_clip_val': 0.25312560680905677, 'hidden_size': 94, 'dropout': 0.31230116150522474, 'hidden_continuous_size': 42, 'attention_head_size': 3, 'learning_rate': 0.022751388190709668}. Best is trial 14 with value: 0.07023156434297562.
LOCAL_RANK: 0 - CUDA_VISIBLE_DEVICES: [0]
[I 2023-11-29 23:04:52,983] Trial 53 finished with value: 0.08349216729402542 and parameters: {'gradient_clip_val': 0.1782934927735495, 'hidden_size': 74, 'dropout': 0.33613745806582596, 'hidden_continuous_size': 33, 'attention_head_size': 3, 'learning_rate': 0.030386722309657024}. Best is trial 14 with value: 0.07023156434297562.
LOCAL_RANK: 0 - CUDA_VISIBLE_DEVICES: [0]
[I 2023-11-29 23:05:06,575] Trial 54 finished with value: 0.1050780639052391 and parameters: {'gradient_clip_val': 0.1770128204423876, 'hidden_size': 78, 'dropout': 0.33583865377969285, 'hidden_continuous_size': 31, 'attention_head_size': 3, 'learning_rate': 0.02943229818849564}. Best is trial 14 with value: 0.07023156434297562.
LOCAL_RANK: 0 - CUDA_VISIBLE_DEVICES: [0]
[I 2023-11-29 23:05:20,354] Trial 55 finished with value: 0.15093599259853363 and parameters: {'gradient_clip_val': 0.3127641361593787, 'hidden_size': 65, 'dropout': 0.3462581700407432, 'hidden_continuous_size': 37, 'attention_head_size': 4, 'learning_rate': 0.045070667523764985}. Best is trial 14 with value: 0.07023156434297562.
LOCAL_RANK: 0 - CUDA_VISIBLE_DEVICES: [0]
[I 2023-11-29 23:05:33,930] Trial 56 finished with value: 0.19988085329532623 and parameters: {'gradient_clip_val': 0.15627238205857652, 'hidden_size': 71, 'dropout': 0.3652960783753877, 'hidden_continuous_size': 33, 'attention_head_size': 3, 'learning_rate': 0.05251420444272863}. Best is trial 14 with value: 0.07023156434297562.
LOCAL_RANK: 0 - CUDA_VISIBLE_DEVICES: [0]
[I 2023-11-29 23:05:47,836] Trial 57 finished with value: 0.1973172277212143 and parameters: {'gradient_clip_val': 0.13826232719372014, 'hidden_size': 118, 'dropout': 0.35943617763525115, 'hidden_continuous_size': 23, 'attention_head_size': 3, 'learning_rate': 0.021800652990091728}. Best is trial 14 with value: 0.07023156434297562.
LOCAL_RANK: 0 - CUDA_VISIBLE_DEVICES: [0]
[I 2023-11-29 23:06:01,565] Trial 58 finished with value: 0.15617530047893524 and parameters: {'gradient_clip_val': 0.192537294940108, 'hidden_size': 86, 'dropout': 0.3290578826920944, 'hidden_continuous_size': 29, 'attention_head_size': 2, 'learning_rate': 0.0255166902393728}. Best is trial 14 with value: 0.07023156434297562.
LOCAL_RANK: 0 - CUDA_VISIBLE_DEVICES: [0]
