[I 2023-11-30 06:06:10,217] Trial 108 finished with value: 0.10593923926353455 and parameters: {'gradient_clip_val': 0.9382322247612739, 'hidden_size': 40, 'dropout': 0.24474581581440227, 'hidden_continuous_size': 10, 'attention_head_size': 3, 'learning_rate': 0.04718591945354311}. Best is trial 54 with value: 0.0517381876707077.
LOCAL_RANK: 0 - CUDA_VISIBLE_DEVICES: [0]
[I 2023-11-30 06:06:23,155] Trial 109 finished with value: 0.07237805426120758 and parameters: {'gradient_clip_val': 0.6796606895207223, 'hidden_size': 50, 'dropout': 0.2603133660072992, 'hidden_continuous_size': 13, 'attention_head_size': 2, 'learning_rate': 0.07427371720767963}. Best is trial 54 with value: 0.0517381876707077.
LOCAL_RANK: 0 - CUDA_VISIBLE_DEVICES: [0]
[I 2023-11-30 06:06:36,209] Trial 110 finished with value: 0.07229116559028625 and parameters: {'gradient_clip_val': 0.8511084246793821, 'hidden_size': 46, 'dropout': 0.2337724869919566, 'hidden_continuous_size': 24, 'attention_head_size': 1, 'learning_rate': 0.08447722610968607}. Best is trial 54 with value: 0.0517381876707077.
LOCAL_RANK: 0 - CUDA_VISIBLE_DEVICES: [0]
[I 2023-11-30 06:06:49,251] Trial 111 finished with value: 0.09101170301437378 and parameters: {'gradient_clip_val': 0.9932631958902145, 'hidden_size': 54, 'dropout': 0.25277127804977134, 'hidden_continuous_size': 10, 'attention_head_size': 2, 'learning_rate': 0.05479915925742672}. Best is trial 54 with value: 0.0517381876707077.
LOCAL_RANK: 0 - CUDA_VISIBLE_DEVICES: [0]
[I 2023-11-30 06:07:02,037] Trial 112 finished with value: 0.08528641611337662 and parameters: {'gradient_clip_val': 0.7992799275993855, 'hidden_size': 52, 'dropout': 0.27108696645345687, 'hidden_continuous_size': 11, 'attention_head_size': 2, 'learning_rate': 0.03904624303100096}. Best is trial 54 with value: 0.0517381876707077.
LOCAL_RANK: 0 - CUDA_VISIBLE_DEVICES: [0]
[I 2023-11-30 06:07:14,775] Trial 113 finished with value: 0.07491156458854675 and parameters: {'gradient_clip_val': 0.9063671759941582, 'hidden_size': 60, 'dropout': 0.24525898806003546, 'hidden_continuous_size': 10, 'attention_head_size': 2, 'learning_rate': 0.04423185976865573}. Best is trial 54 with value: 0.0517381876707077.
LOCAL_RANK: 0 - CUDA_VISIBLE_DEVICES: [0]
[I 2023-11-30 06:07:27,517] Trial 114 finished with value: 0.0939096212387085 and parameters: {'gradient_clip_val': 0.9377292242048326, 'hidden_size': 43, 'dropout': 0.2637686695715007, 'hidden_continuous_size': 14, 'attention_head_size': 2, 'learning_rate': 0.0517547932799082}. Best is trial 54 with value: 0.0517381876707077.
LOCAL_RANK: 0 - CUDA_VISIBLE_DEVICES: [0]
[I 2023-11-30 06:07:40,529] Trial 115 finished with value: 0.06200683116912842 and parameters: {'gradient_clip_val': 0.8708491428251571, 'hidden_size': 56, 'dropout': 0.22022169622521043, 'hidden_continuous_size': 13, 'attention_head_size': 2, 'learning_rate': 0.06105865800566768}. Best is trial 54 with value: 0.0517381876707077.
LOCAL_RANK: 0 - CUDA_VISIBLE_DEVICES: [0]
[I 2023-11-30 06:07:53,701] Trial 116 finished with value: 0.05363316461443901 and parameters: {'gradient_clip_val': 0.743443753696959, 'hidden_size': 57, 'dropout': 0.22003199696071507, 'hidden_continuous_size': 13, 'attention_head_size': 4, 'learning_rate': 0.06246599814159317}. Best is trial 54 with value: 0.0517381876707077.
LOCAL_RANK: 0 - CUDA_VISIBLE_DEVICES: [0]
[I 2023-11-30 06:08:06,829] Trial 117 finished with value: 0.08750943094491959 and parameters: {'gradient_clip_val': 0.6582012728591031, 'hidden_size': 64, 'dropout': 0.21617157191388872, 'hidden_continuous_size': 13, 'attention_head_size': 4, 'learning_rate': 0.05888364196673082}. Best is trial 54 with value: 0.0517381876707077.
LOCAL_RANK: 0 - CUDA_VISIBLE_DEVICES: [0]
[I 2023-11-30 06:08:19,975] Trial 118 finished with value: 0.0698053166270256 and parameters: {'gradient_clip_val': 0.8543044775566672, 'hidden_size': 58, 'dropout': 0.2276979125925464, 'hidden_continuous_size': 13, 'attention_head_size': 4, 'learning_rate': 0.06657888313568586}. Best is trial 54 with value: 0.0517381876707077.
LOCAL_RANK: 0 - CUDA_VISIBLE_DEVICES: [0]
[I 2023-11-30 06:08:33,352] Trial 119 finished with value: 0.08765815943479538 and parameters: {'gradient_clip_val': 0.7158355826822873, 'hidden_size': 73, 'dropout': 0.20714944004680935, 'hidden_continuous_size': 12, 'attention_head_size': 4, 'learning_rate': 0.062062601011125526}. Best is trial 54 with value: 0.0517381876707077.
LOCAL_RANK: 0 - CUDA_VISIBLE_DEVICES: [0]
[I 2023-11-30 06:08:46,859] Trial 120 finished with value: 0.12866656482219696 and parameters: {'gradient_clip_val': 0.5892095494043973, 'hidden_size': 67, 'dropout': 0.2217947204381959, 'hidden_continuous_size': 21, 'attention_head_size': 4, 'learning_rate': 0.07155079486938072}. Best is trial 54 with value: 0.0517381876707077.
LOCAL_RANK: 0 - CUDA_VISIBLE_DEVICES: [0]
[I 2023-11-30 06:09:00,247] Trial 121 finished with value: 0.08970087021589279 and parameters: {'gradient_clip_val': 0.7720360287308394, 'hidden_size': 51, 'dropout': 0.2358146587433997, 'hidden_continuous_size': 14, 'attention_head_size': 4, 'learning_rate': 0.09910399806299178}. Best is trial 54 with value: 0.0517381876707077.
LOCAL_RANK: 0 - CUDA_VISIBLE_DEVICES: [0]
[I 2023-11-30 06:09:13,208] Trial 122 finished with value: 0.10049893707036972 and parameters: {'gradient_clip_val': 0.8068799066291582, 'hidden_size': 50, 'dropout': 0.2131006332401775, 'hidden_continuous_size': 15, 'attention_head_size': 2, 'learning_rate': 0.0764103352557222}. Best is trial 54 with value: 0.0517381876707077.
LOCAL_RANK: 0 - CUDA_VISIBLE_DEVICES: [0]
[I 2023-11-30 06:09:26,202] Trial 123 finished with value: 0.09663233906030655 and parameters: {'gradient_clip_val': 0.7481291773116239, 'hidden_size': 56, 'dropout': 0.2291429951921316, 'hidden_continuous_size': 16, 'attention_head_size': 4, 'learning_rate': 0.08553752035343495}. Best is trial 54 with value: 0.0517381876707077.
LOCAL_RANK: 0 - CUDA_VISIBLE_DEVICES: [0]
[I 2023-11-30 06:09:39,032] Trial 124 finished with value: 0.05797278508543968 and parameters: {'gradient_clip_val': 0.4452136933037313, 'hidden_size': 47, 'dropout': 0.19863573308419885, 'hidden_continuous_size': 13, 'attention_head_size': 2, 'learning_rate': 0.04823942284364598}. Best is trial 54 with value: 0.0517381876707077.
LOCAL_RANK: 0 - CUDA_VISIBLE_DEVICES: [0]
[I 2023-11-30 06:09:51,996] Trial 125 finished with value: 0.10785356163978577 and parameters: {'gradient_clip_val': 0.45963981367126316, 'hidden_size': 47, 'dropout': 0.19871137261290492, 'hidden_continuous_size': 13, 'attention_head_size': 3, 'learning_rate': 0.0341575122962456}. Best is trial 54 with value: 0.0517381876707077.
LOCAL_RANK: 0 - CUDA_VISIBLE_DEVICES: [0]
[I 2023-11-30 06:10:04,999] Trial 126 finished with value: 0.10522165149450302 and parameters: {'gradient_clip_val': 0.35336990910564686, 'hidden_size': 61, 'dropout': 0.20466628563013498, 'hidden_continuous_size': 12, 'attention_head_size': 2, 'learning_rate': 0.045070989915075695}. Best is trial 54 with value: 0.0517381876707077.
LOCAL_RANK: 0 - CUDA_VISIBLE_DEVICES: [0]
[I 2023-11-30 06:10:18,108] Trial 127 finished with value: 0.2388361245393753 and parameters: {'gradient_clip_val': 0.6446928242183978, 'hidden_size': 53, 'dropout': 0.19655052356158992, 'hidden_continuous_size': 13, 'attention_head_size': 4, 'learning_rate': 0.023694059527937412}. Best is trial 54 with value: 0.0517381876707077.
LOCAL_RANK: 0 - CUDA_VISIBLE_DEVICES: [0]
[I 2023-11-30 06:10:30,919] Trial 128 finished with value: 0.1224888265132904 and parameters: {'gradient_clip_val': 0.8876932794209219, 'hidden_size': 48, 'dropout': 0.1934511382580262, 'hidden_continuous_size': 20, 'attention_head_size': 2, 'learning_rate': 0.03852115609994591}. Best is trial 54 with value: 0.0517381876707077.
LOCAL_RANK: 0 - CUDA_VISIBLE_DEVICES: [0]
[I 2023-11-30 06:10:44,048] Trial 129 finished with value: 0.10374903678894043 and parameters: {'gradient_clip_val': 0.3966419324147258, 'hidden_size': 57, 'dropout': 0.21356542926109456, 'hidden_continuous_size': 17, 'attention_head_size': 2, 'learning_rate': 0.048543016677037136}. Best is trial 54 with value: 0.0517381876707077.
LOCAL_RANK: 0 - CUDA_VISIBLE_DEVICES: [0]
[I 2023-11-30 06:10:57,474] Trial 130 finished with value: 0.07431311905384064 and parameters: {'gradient_clip_val': 0.7097975684103973, 'hidden_size': 63, 'dropout': 0.18823627982007726, 'hidden_continuous_size': 14, 'attention_head_size': 4, 'learning_rate': 0.05708987609737609}. Best is trial 54 with value: 0.0517381876707077.
LOCAL_RANK: 0 - CUDA_VISIBLE_DEVICES: [0]
[I 2023-11-30 06:11:10,274] Trial 131 finished with value: 0.09998909384012222 and parameters: {'gradient_clip_val': 0.7512473246599729, 'hidden_size': 42, 'dropout': 0.24255891653080436, 'hidden_continuous_size': 15, 'attention_head_size': 2, 'learning_rate': 0.06862057412360383}. Best is trial 54 with value: 0.0517381876707077.
LOCAL_RANK: 0 - CUDA_VISIBLE_DEVICES: [0]
[I 2023-11-30 06:11:23,126] Trial 132 finished with value: 0.07700636237859726 and parameters: {'gradient_clip_val': 0.8149389690654344, 'hidden_size': 45, 'dropout': 0.2215111920826502, 'hidden_continuous_size': 14, 'attention_head_size': 2, 'learning_rate': 0.07813158244659137}. Best is trial 54 with value: 0.0517381876707077.
LOCAL_RANK: 0 - CUDA_VISIBLE_DEVICES: [0]
[I 2023-11-30 06:11:35,913] Trial 133 finished with value: 0.0912957489490509 and parameters: {'gradient_clip_val': 0.6144992579217019, 'hidden_size': 49, 'dropout': 0.24860709226103356, 'hidden_continuous_size': 11, 'attention_head_size': 2, 'learning_rate': 0.06191990983138226}. Best is trial 54 with value: 0.0517381876707077.
LOCAL_RANK: 0 - CUDA_VISIBLE_DEVICES: [0]
[I 2023-11-30 06:11:48,669] Trial 134 finished with value: 0.05447513982653618 and parameters: {'gradient_clip_val': 0.685877918475017, 'hidden_size': 38, 'dropout': 0.23733369085204167, 'hidden_continuous_size': 14, 'attention_head_size': 2, 'learning_rate': 0.041413416904378844}. Best is trial 54 with value: 0.0517381876707077.
LOCAL_RANK: 0 - CUDA_VISIBLE_DEVICES: [0]
[I 2023-11-30 06:12:01,512] Trial 135 finished with value: 0.08544248342514038 and parameters: {'gradient_clip_val': 0.6767479543645697, 'hidden_size': 34, 'dropout': 0.23074119403163534, 'hidden_continuous_size': 14, 'attention_head_size': 2, 'learning_rate': 0.041653543831089164}. Best is trial 54 with value: 0.0517381876707077.
LOCAL_RANK: 0 - CUDA_VISIBLE_DEVICES: [0]
[I 2023-11-30 06:12:14,098] Trial 136 finished with value: 0.11700386554002762 and parameters: {'gradient_clip_val': 0.8483924186776485, 'hidden_size': 38, 'dropout': 0.2555764009292776, 'hidden_continuous_size': 13, 'attention_head_size': 2, 'learning_rate': 0.029568542564790926}. Best is trial 54 with value: 0.0517381876707077.
LOCAL_RANK: 0 - CUDA_VISIBLE_DEVICES: [0]
[I 2023-11-30 06:12:26,602] Trial 137 finished with value: 0.09546404331922531 and parameters: {'gradient_clip_val': 0.5637360972862816, 'hidden_size': 40, 'dropout': 0.2222007110885396, 'hidden_continuous_size': 13, 'attention_head_size': 2, 'learning_rate': 0.052182689103314736}. Best is trial 54 with value: 0.0517381876707077.
LOCAL_RANK: 0 - CUDA_VISIBLE_DEVICES: [0]
[I 2023-11-30 06:12:40,188] Trial 138 finished with value: 0.06614311784505844 and parameters: {'gradient_clip_val': 0.7009191171888216, 'hidden_size': 91, 'dropout': 0.2409736188828947, 'hidden_continuous_size': 12, 'attention_head_size': 4, 'learning_rate': 0.03639351260368364}. Best is trial 54 with value: 0.0517381876707077.
LOCAL_RANK: 0 - CUDA_VISIBLE_DEVICES: [0]
[I 2023-11-30 06:12:53,159] Trial 139 finished with value: 0.06717581301927567 and parameters: {'gradient_clip_val': 0.7771405851388696, 'hidden_size': 53, 'dropout': 0.2492010932298366, 'hidden_continuous_size': 16, 'attention_head_size': 2, 'learning_rate': 0.04506596161199289}. Best is trial 54 with value: 0.0517381876707077.
LOCAL_RANK: 0 - CUDA_VISIBLE_DEVICES: [0]
[I 2023-11-30 06:13:06,086] Trial 140 finished with value: 0.10522395372390747 and parameters: {'gradient_clip_val': 0.6319069933666674, 'hidden_size': 46, 'dropout': 0.20448206047885736, 'hidden_continuous_size': 14, 'attention_head_size': 3, 'learning_rate': 0.03240436655375582}. Best is trial 54 with value: 0.0517381876707077.
LOCAL_RANK: 0 - CUDA_VISIBLE_DEVICES: [0]
[I 2023-11-30 06:13:20,021] Trial 141 finished with value: 0.07233011722564697 and parameters: {'gradient_clip_val': 0.7339031187840789, 'hidden_size': 42, 'dropout': 0.235151233471408, 'hidden_continuous_size': 15, 'attention_head_size': 2, 'learning_rate': 0.05564010605284541}. Best is trial 54 with value: 0.0517381876707077.
LOCAL_RANK: 0 - CUDA_VISIBLE_DEVICES: [0]
[I 2023-11-30 06:13:32,688] Trial 142 finished with value: 0.14884622395038605 and parameters: {'gradient_clip_val': 0.6692635005021654, 'hidden_size': 44, 'dropout': 0.23877247810870572, 'hidden_continuous_size': 15, 'attention_head_size': 2, 'learning_rate': 0.01745258904905917}. Best is trial 54 with value: 0.0517381876707077.
LOCAL_RANK: 0 - CUDA_VISIBLE_DEVICES: [0]
[I 2023-11-30 06:13:45,617] Trial 143 finished with value: 0.11211293935775757 and parameters: {'gradient_clip_val': 0.8036410577709455, 'hidden_size': 50, 'dropout': 0.21606220097285, 'hidden_continuous_size': 16, 'attention_head_size': 2, 'learning_rate': 0.0897464719493602}. Best is trial 54 with value: 0.0517381876707077.
LOCAL_RANK: 0 - CUDA_VISIBLE_DEVICES: [0]
[I 2023-11-30 06:13:58,262] Trial 144 finished with value: 0.0882718563079834 and parameters: {'gradient_clip_val': 0.7454061529940582, 'hidden_size': 37, 'dropout': 0.2265770600169377, 'hidden_continuous_size': 13, 'attention_head_size': 2, 'learning_rate': 0.06693258017841096}. Best is trial 54 with value: 0.0517381876707077.
LOCAL_RANK: 0 - CUDA_VISIBLE_DEVICES: [0]
[I 2023-11-30 06:14:11,719] Trial 145 finished with value: 0.08948242664337158 and parameters: {'gradient_clip_val': 0.5129074799371826, 'hidden_size': 79, 'dropout': 0.2514592194595627, 'hidden_continuous_size': 17, 'attention_head_size': 2, 'learning_rate': 0.04883160362578676}. Best is trial 54 with value: 0.0517381876707077.
LOCAL_RANK: 0 - CUDA_VISIBLE_DEVICES: [0]
[I 2023-11-30 06:14:24,387] Trial 146 finished with value: 0.12438345700502396 and parameters: {'gradient_clip_val': 0.43508911366585457, 'hidden_size': 40, 'dropout': 0.23393645993488563, 'hidden_continuous_size': 14, 'attention_head_size': 2, 'learning_rate': 0.027282607222636035}. Best is trial 54 with value: 0.0517381876707077.
LOCAL_RANK: 0 - CUDA_VISIBLE_DEVICES: [0]
[I 2023-11-30 06:14:37,430] Trial 147 finished with value: 0.0894269347190857 and parameters: {'gradient_clip_val': 0.858733409224243, 'hidden_size': 54, 'dropout': 0.2592055488583974, 'hidden_continuous_size': 15, 'attention_head_size': 2, 'learning_rate': 0.04156676312300959}. Best is trial 54 with value: 0.0517381876707077.
LOCAL_RANK: 0 - CUDA_VISIBLE_DEVICES: [0]
[I 2023-11-30 06:14:50,850] Trial 148 finished with value: 0.09167152643203735 and parameters: {'gradient_clip_val': 0.7100354713558132, 'hidden_size': 59, 'dropout': 0.24438118490987606, 'hidden_continuous_size': 25, 'attention_head_size': 4, 'learning_rate': 0.08125288890511144}. Best is trial 54 with value: 0.0517381876707077.
LOCAL_RANK: 0 - CUDA_VISIBLE_DEVICES: [0]
[I 2023-11-30 06:15:03,306] Trial 149 finished with value: 0.058234166353940964 and parameters: {'gradient_clip_val': 0.8942849504410769, 'hidden_size': 32, 'dropout': 0.21968948248621856, 'hidden_continuous_size': 19, 'attention_head_size': 2, 'learning_rate': 0.060847186415852184}. Best is trial 54 with value: 0.0517381876707077.
[I 2023-11-30 06:15:03,417] A new study created in memory with name: no-name-dec96da5-177b-4dcd-8d2a-5454e4b246f5
/home/le004/conda/anaconda3/envs/tsff_env/lib/python3.9/site-packages/lightning/fabric/plugins/environments/slurm.py:191: The `srun` command is available on your system but is not used. HINT: If your intention is to run Lightning on SLURM, prepend your python command with `srun` like so: srun python /home/le004/master_thesis/git/TSFusionForecast/code/ ...
LOCAL_RANK: 0 - CUDA_VISIBLE_DEVICES: [0]
[I 2023-11-30 06:15:15,520] Trial 0 finished with value: 0.6240283250808716 and parameters: {'gradient_clip_val': 0.1115653408888975, 'hidden_size': 20, 'dropout': 0.2753560410712761, 'hidden_continuous_size': 13, 'attention_head_size': 1, 'learning_rate': 0.021168989821631293}. Best is trial 0 with value: 0.6240283250808716.
LOCAL_RANK: 0 - CUDA_VISIBLE_DEVICES: [0]
[I 2023-11-30 06:15:29,234] Trial 1 finished with value: 0.9442000985145569 and parameters: {'gradient_clip_val': 0.11025608103454457, 'hidden_size': 73, 'dropout': 0.19944294738604618, 'hidden_continuous_size': 32, 'attention_head_size': 4, 'learning_rate': 0.004033439399769199}. Best is trial 0 with value: 0.6240283250808716.
LOCAL_RANK: 0 - CUDA_VISIBLE_DEVICES: [0]
[I 2023-11-30 06:15:41,591] Trial 2 finished with value: 0.18443244695663452 and parameters: {'gradient_clip_val': 0.8475214949639134, 'hidden_size': 27, 'dropout': 0.27569768509016823, 'hidden_continuous_size': 10, 'attention_head_size': 2, 'learning_rate': 0.04026914938361601}. Best is trial 2 with value: 0.18443244695663452.
LOCAL_RANK: 0 - CUDA_VISIBLE_DEVICES: [0]
[I 2023-11-30 06:15:53,831] Trial 3 finished with value: 5.860710144042969 and parameters: {'gradient_clip_val': 0.3816078053634578, 'hidden_size': 13, 'dropout': 0.3148570618577974, 'hidden_continuous_size': 10, 'attention_head_size': 4, 'learning_rate': 0.0012829914519668355}. Best is trial 2 with value: 0.18443244695663452.
LOCAL_RANK: 0 - CUDA_VISIBLE_DEVICES: [0]
[I 2023-11-30 06:16:08,025] Trial 4 finished with value: 0.1448865830898285 and parameters: {'gradient_clip_val': 0.16647769080741331, 'hidden_size': 82, 'dropout': 0.33998984662857745, 'hidden_continuous_size': 73, 'attention_head_size': 3, 'learning_rate': 0.040205135028209896}. Best is trial 4 with value: 0.1448865830898285.
LOCAL_RANK: 0 - CUDA_VISIBLE_DEVICES: [0]
[I 2023-11-30 06:16:20,063] Trial 5 finished with value: 1.1808619499206543 and parameters: {'gradient_clip_val': 0.6887426438224215, 'hidden_size': 14, 'dropout': 0.17343926809732063, 'hidden_continuous_size': 13, 'attention_head_size': 1, 'learning_rate': 0.007687021747852548}. Best is trial 4 with value: 0.1448865830898285.
LOCAL_RANK: 0 - CUDA_VISIBLE_DEVICES: [0]
[I 2023-11-30 06:16:33,372] Trial 6 finished with value: 1.2462968826293945 and parameters: {'gradient_clip_val': 0.36107759057185396, 'hidden_size': 69, 'dropout': 0.3957853515383697, 'hidden_continuous_size': 14, 'attention_head_size': 1, 'learning_rate': 0.001062376696595773}. Best is trial 4 with value: 0.1448865830898285.
LOCAL_RANK: 0 - CUDA_VISIBLE_DEVICES: [0]
[I 2023-11-30 06:16:45,821] Trial 7 finished with value: 0.4342629611492157 and parameters: {'gradient_clip_val': 0.4848786163466951, 'hidden_size': 25, 'dropout': 0.2826893287416359, 'hidden_continuous_size': 13, 'attention_head_size': 4, 'learning_rate': 0.021563770349172312}. Best is trial 4 with value: 0.1448865830898285.
LOCAL_RANK: 0 - CUDA_VISIBLE_DEVICES: [0]
[I 2023-11-30 06:16:58,312] Trial 8 finished with value: 3.246474027633667 and parameters: {'gradient_clip_val': 0.8014457227191504, 'hidden_size': 40, 'dropout': 0.38277223927776327, 'hidden_continuous_size': 15, 'attention_head_size': 1, 'learning_rate': 0.0013738054782017723}. Best is trial 4 with value: 0.1448865830898285.
LOCAL_RANK: 0 - CUDA_VISIBLE_DEVICES: [0]
[I 2023-11-30 06:17:10,990] Trial 9 finished with value: 1.1597603559494019 and parameters: {'gradient_clip_val': 0.7916310125144786, 'hidden_size': 40, 'dropout': 0.11288942956532878, 'hidden_continuous_size': 17, 'attention_head_size': 4, 'learning_rate': 0.004116376686565481}. Best is trial 4 with value: 0.1448865830898285.
LOCAL_RANK: 0 - CUDA_VISIBLE_DEVICES: [0]
[I 2023-11-30 06:17:25,579] Trial 10 finished with value: 0.24758315086364746 and parameters: {'gradient_clip_val': 0.18887056128857055, 'hidden_size': 127, 'dropout': 0.3372746226101406, 'hidden_continuous_size': 122, 'attention_head_size': 3, 'learning_rate': 0.09970080333508223}. Best is trial 4 with value: 0.1448865830898285.
LOCAL_RANK: 0 - CUDA_VISIBLE_DEVICES: [0]
[I 2023-11-30 06:17:35,986] Trial 11 finished with value: 0.21960020065307617 and parameters: {'gradient_clip_val': 0.23015348079532205, 'hidden_size': 10, 'dropout': 0.23395533038802607, 'hidden_continuous_size': 10, 'attention_head_size': 2, 'learning_rate': 0.06439752351132175}. Best is trial 4 with value: 0.1448865830898285.
LOCAL_RANK: 0 - CUDA_VISIBLE_DEVICES: [0]
[I 2023-11-30 06:17:48,724] Trial 12 finished with value: 0.1873948723077774 and parameters: {'gradient_clip_val': 0.47965993404598606, 'hidden_size': 31, 'dropout': 0.3339799895330804, 'hidden_continuous_size': 23, 'attention_head_size': 2, 'learning_rate': 0.04161754195005416}. Best is trial 4 with value: 0.1448865830898285.
LOCAL_RANK: 0 - CUDA_VISIBLE_DEVICES: [0]
[I 2023-11-30 06:18:02,130] Trial 13 finished with value: 0.15818743407726288 and parameters: {'gradient_clip_val': 0.9083570352204201, 'hidden_size': 60, 'dropout': 0.25273701876507265, 'hidden_continuous_size': 38, 'attention_head_size': 3, 'learning_rate': 0.03447483485981158}. Best is trial 4 with value: 0.1448865830898285.
LOCAL_RANK: 0 - CUDA_VISIBLE_DEVICES: [0]
[I 2023-11-30 06:18:15,934] Trial 14 finished with value: 0.1171002984046936 and parameters: {'gradient_clip_val': 0.9987391144070247, 'hidden_size': 66, 'dropout': 0.23321382242659883, 'hidden_continuous_size': 57, 'attention_head_size': 3, 'learning_rate': 0.020532035964943997}. Best is trial 14 with value: 0.1171002984046936.
LOCAL_RANK: 0 - CUDA_VISIBLE_DEVICES: [0]
