[I 2023-11-30 04:20:19,491] Trial 95 finished with value: 2343.794921875 and parameters: {'gradient_clip_val': 0.4034409133238971, 'hidden_size': 83, 'dropout': 0.20102026966560943, 'hidden_continuous_size': 80, 'attention_head_size': 2, 'learning_rate': 0.0032388665132037624}. Best is trial 94 with value: 1782.4796142578125.
LOCAL_RANK: 0 - CUDA_VISIBLE_DEVICES: [0]
[I 2023-11-30 04:20:33,879] Trial 96 finished with value: 2268.728271484375 and parameters: {'gradient_clip_val': 0.3483570554813484, 'hidden_size': 99, 'dropout': 0.15652562729710434, 'hidden_continuous_size': 93, 'attention_head_size': 3, 'learning_rate': 0.0027553448774005253}. Best is trial 94 with value: 1782.4796142578125.
LOCAL_RANK: 0 - CUDA_VISIBLE_DEVICES: [0]
[I 2023-11-30 04:20:48,772] Trial 97 finished with value: 2411.563232421875 and parameters: {'gradient_clip_val': 0.3662264559329899, 'hidden_size': 129, 'dropout': 0.12013087209891381, 'hidden_continuous_size': 118, 'attention_head_size': 3, 'learning_rate': 0.0013959294589274628}. Best is trial 94 with value: 1782.4796142578125.
LOCAL_RANK: 0 - CUDA_VISIBLE_DEVICES: [0]
[I 2023-11-30 04:21:03,228] Trial 98 finished with value: 2136.883056640625 and parameters: {'gradient_clip_val': 0.328640135472639, 'hidden_size': 105, 'dropout': 0.17725636982061388, 'hidden_continuous_size': 98, 'attention_head_size': 3, 'learning_rate': 0.0017117658429208404}. Best is trial 94 with value: 1782.4796142578125.
LOCAL_RANK: 0 - CUDA_VISIBLE_DEVICES: [0]
[I 2023-11-30 04:21:17,490] Trial 99 finished with value: 2398.135986328125 and parameters: {'gradient_clip_val': 0.2697388987756283, 'hidden_size': 93, 'dropout': 0.18115864870260553, 'hidden_continuous_size': 86, 'attention_head_size': 2, 'learning_rate': 0.0016344138418956657}. Best is trial 94 with value: 1782.4796142578125.
LOCAL_RANK: 0 - CUDA_VISIBLE_DEVICES: [0]
[I 2023-11-30 04:21:31,813] Trial 100 finished with value: 2375.0751953125 and parameters: {'gradient_clip_val': 0.32850867612516604, 'hidden_size': 102, 'dropout': 0.17212403780818608, 'hidden_continuous_size': 97, 'attention_head_size': 3, 'learning_rate': 0.0028989828690719616}. Best is trial 94 with value: 1782.4796142578125.
LOCAL_RANK: 0 - CUDA_VISIBLE_DEVICES: [0]
[I 2023-11-30 04:21:46,396] Trial 101 finished with value: 2391.083984375 and parameters: {'gradient_clip_val': 0.38810471670873825, 'hidden_size': 123, 'dropout': 0.19072343746718262, 'hidden_continuous_size': 114, 'attention_head_size': 3, 'learning_rate': 0.001821213793620193}. Best is trial 94 with value: 1782.4796142578125.
LOCAL_RANK: 0 - CUDA_VISIBLE_DEVICES: [0]
[I 2023-11-30 04:22:01,066] Trial 102 finished with value: 2445.924560546875 and parameters: {'gradient_clip_val': 0.3573548640752793, 'hidden_size': 106, 'dropout': 0.16783307225978475, 'hidden_continuous_size': 100, 'attention_head_size': 3, 'learning_rate': 0.002097351264572971}. Best is trial 94 with value: 1782.4796142578125.
LOCAL_RANK: 0 - CUDA_VISIBLE_DEVICES: [0]
[I 2023-11-30 04:22:15,788] Trial 103 finished with value: 2152.310302734375 and parameters: {'gradient_clip_val': 0.4164697498991701, 'hidden_size': 133, 'dropout': 0.14484283452594252, 'hidden_continuous_size': 124, 'attention_head_size': 3, 'learning_rate': 0.0015103178907411522}. Best is trial 94 with value: 1782.4796142578125.
LOCAL_RANK: 0 - CUDA_VISIBLE_DEVICES: [0]
[I 2023-11-30 04:22:30,000] Trial 104 finished with value: 2641.8583984375 and parameters: {'gradient_clip_val': 0.4197769098097344, 'hidden_size': 89, 'dropout': 0.1439219763334396, 'hidden_continuous_size': 84, 'attention_head_size': 3, 'learning_rate': 0.0012807941551947312}. Best is trial 94 with value: 1782.4796142578125.
LOCAL_RANK: 0 - CUDA_VISIBLE_DEVICES: [0]
[I 2023-11-30 04:22:44,502] Trial 105 finished with value: 2245.702880859375 and parameters: {'gradient_clip_val': 0.44792409990483917, 'hidden_size': 111, 'dropout': 0.1633466605068602, 'hidden_continuous_size': 102, 'attention_head_size': 3, 'learning_rate': 0.0015380977719255313}. Best is trial 94 with value: 1782.4796142578125.
LOCAL_RANK: 0 - CUDA_VISIBLE_DEVICES: [0]
[I 2023-11-30 04:22:58,872] Trial 106 finished with value: 2585.849365234375 and parameters: {'gradient_clip_val': 0.33255348924452277, 'hidden_size': 98, 'dropout': 0.15608458096462116, 'hidden_continuous_size': 92, 'attention_head_size': 3, 'learning_rate': 0.0010795525791051847}. Best is trial 94 with value: 1782.4796142578125.
LOCAL_RANK: 0 - CUDA_VISIBLE_DEVICES: [0]
[I 2023-11-30 04:23:13,779] Trial 107 finished with value: 2223.1953125 and parameters: {'gradient_clip_val': 0.28755232353255145, 'hidden_size': 122, 'dropout': 0.1768787359732159, 'hidden_continuous_size': 111, 'attention_head_size': 4, 'learning_rate': 0.002569759838428112}. Best is trial 94 with value: 1782.4796142578125.
LOCAL_RANK: 0 - CUDA_VISIBLE_DEVICES: [0]
[I 2023-11-30 04:23:27,982] Trial 108 finished with value: 2970.375244140625 and parameters: {'gradient_clip_val': 0.2525699993999001, 'hidden_size': 75, 'dropout': 0.1463509091311202, 'hidden_continuous_size': 73, 'attention_head_size': 3, 'learning_rate': 0.001958173366470415}. Best is trial 94 with value: 1782.4796142578125.
LOCAL_RANK: 0 - CUDA_VISIBLE_DEVICES: [0]
[I 2023-11-30 04:23:42,682] Trial 109 finished with value: 2303.743408203125 and parameters: {'gradient_clip_val': 0.3473919094797207, 'hidden_size': 133, 'dropout': 0.13734214192822572, 'hidden_continuous_size': 125, 'attention_head_size': 4, 'learning_rate': 0.0022663187469513586}. Best is trial 94 with value: 1782.4796142578125.
LOCAL_RANK: 0 - CUDA_VISIBLE_DEVICES: [0]
[I 2023-11-30 04:23:57,303] Trial 110 finished with value: 2393.9384765625 and parameters: {'gradient_clip_val': 0.32216119787349, 'hidden_size': 144, 'dropout': 0.15931554457253883, 'hidden_continuous_size': 126, 'attention_head_size': 2, 'learning_rate': 0.0016684209518298694}. Best is trial 94 with value: 1782.4796142578125.
LOCAL_RANK: 0 - CUDA_VISIBLE_DEVICES: [0]
[I 2023-11-30 04:24:12,026] Trial 111 finished with value: 2388.935302734375 and parameters: {'gradient_clip_val': 0.37363295122837675, 'hidden_size': 132, 'dropout': 0.12785079905885538, 'hidden_continuous_size': 119, 'attention_head_size': 3, 'learning_rate': 0.0014677222869935865}. Best is trial 94 with value: 1782.4796142578125.
LOCAL_RANK: 0 - CUDA_VISIBLE_DEVICES: [0]
[I 2023-11-30 04:24:26,418] Trial 112 finished with value: 2328.887939453125 and parameters: {'gradient_clip_val': 0.39029585774003, 'hidden_size': 116, 'dropout': 0.13176027488224495, 'hidden_continuous_size': 109, 'attention_head_size': 3, 'learning_rate': 0.0017490643146354816}. Best is trial 94 with value: 1782.4796142578125.
LOCAL_RANK: 0 - CUDA_VISIBLE_DEVICES: [0]
[I 2023-11-30 04:24:40,829] Trial 113 finished with value: 2571.50146484375 and parameters: {'gradient_clip_val': 0.4104445355065638, 'hidden_size': 107, 'dropout': 0.14651017173553804, 'hidden_continuous_size': 97, 'attention_head_size': 3, 'learning_rate': 0.003329116737275862}. Best is trial 94 with value: 1782.4796142578125.
LOCAL_RANK: 0 - CUDA_VISIBLE_DEVICES: [0]
[I 2023-11-30 04:24:55,386] Trial 114 finished with value: 2435.1357421875 and parameters: {'gradient_clip_val': 0.3059664976880368, 'hidden_size': 123, 'dropout': 0.1399390548935473, 'hidden_continuous_size': 112, 'attention_head_size': 3, 'learning_rate': 0.001295404807662533}. Best is trial 94 with value: 1782.4796142578125.
LOCAL_RANK: 0 - CUDA_VISIBLE_DEVICES: [0]
[I 2023-11-30 04:25:10,217] Trial 115 finished with value: 2488.532470703125 and parameters: {'gradient_clip_val': 0.34028189192940483, 'hidden_size': 140, 'dropout': 0.15510797843574234, 'hidden_continuous_size': 125, 'attention_head_size': 4, 'learning_rate': 0.0019108268015787383}. Best is trial 94 with value: 1782.4796142578125.
LOCAL_RANK: 0 - CUDA_VISIBLE_DEVICES: [0]
[I 2023-11-30 04:25:24,651] Trial 116 finished with value: 2304.266357421875 and parameters: {'gradient_clip_val': 0.3718154181805861, 'hidden_size': 93, 'dropout': 0.16593275708899866, 'hidden_continuous_size': 88, 'attention_head_size': 3, 'learning_rate': 0.0029978841151091524}. Best is trial 94 with value: 1782.4796142578125.
LOCAL_RANK: 0 - CUDA_VISIBLE_DEVICES: [0]
[I 2023-11-30 04:25:39,738] Trial 117 finished with value: 2250.115966796875 and parameters: {'gradient_clip_val': 0.2764571391260301, 'hidden_size': 150, 'dropout': 0.12341975772330827, 'hidden_continuous_size': 134, 'attention_head_size': 4, 'learning_rate': 0.002175138469621433}. Best is trial 94 with value: 1782.4796142578125.
LOCAL_RANK: 0 - CUDA_VISIBLE_DEVICES: [0]
[I 2023-11-30 04:25:54,327] Trial 118 finished with value: 2306.246826171875 and parameters: {'gradient_clip_val': 0.3566958188060237, 'hidden_size': 113, 'dropout': 0.13257438107365527, 'hidden_continuous_size': 104, 'attention_head_size': 4, 'learning_rate': 0.0014279815085505403}. Best is trial 94 with value: 1782.4796142578125.
LOCAL_RANK: 0 - CUDA_VISIBLE_DEVICES: [0]
[I 2023-11-30 04:26:08,675] Trial 119 finished with value: 2359.697021484375 and parameters: {'gradient_clip_val': 0.31494143880831943, 'hidden_size': 86, 'dropout': 0.18170791101089087, 'hidden_continuous_size': 82, 'attention_head_size': 4, 'learning_rate': 0.0026249020266854483}. Best is trial 94 with value: 1782.4796142578125.
LOCAL_RANK: 0 - CUDA_VISIBLE_DEVICES: [0]
[I 2023-11-30 04:26:23,481] Trial 120 finished with value: 2163.860595703125 and parameters: {'gradient_clip_val': 0.44471823549402106, 'hidden_size': 133, 'dropout': 0.14869406034342686, 'hidden_continuous_size': 121, 'attention_head_size': 3, 'learning_rate': 0.001761050396110852}. Best is trial 94 with value: 1782.4796142578125.
LOCAL_RANK: 0 - CUDA_VISIBLE_DEVICES: [0]
[I 2023-11-30 04:26:38,211] Trial 121 finished with value: 2217.870361328125 and parameters: {'gradient_clip_val': 0.4454580142019022, 'hidden_size': 132, 'dropout': 0.14266311861479347, 'hidden_continuous_size': 122, 'attention_head_size': 3, 'learning_rate': 0.00238108366039307}. Best is trial 94 with value: 1782.4796142578125.
LOCAL_RANK: 0 - CUDA_VISIBLE_DEVICES: [0]
[I 2023-11-30 04:26:52,716] Trial 122 finished with value: 2693.312255859375 and parameters: {'gradient_clip_val': 0.47630358468743045, 'hidden_size': 124, 'dropout': 0.15065088259137768, 'hidden_continuous_size': 116, 'attention_head_size': 3, 'learning_rate': 0.0017869580985637528}. Best is trial 94 with value: 1782.4796142578125.
LOCAL_RANK: 0 - CUDA_VISIBLE_DEVICES: [0]
[I 2023-11-30 04:27:07,133] Trial 123 finished with value: 2310.149658203125 and parameters: {'gradient_clip_val': 0.3973861552150305, 'hidden_size': 103, 'dropout': 0.17413384577984187, 'hidden_continuous_size': 97, 'attention_head_size': 3, 'learning_rate': 0.0020741257229275256}. Best is trial 94 with value: 1782.4796142578125.
LOCAL_RANK: 0 - CUDA_VISIBLE_DEVICES: [0]
[I 2023-11-30 04:27:22,096] Trial 124 finished with value: 2195.96435546875 and parameters: {'gradient_clip_val': 0.42681922039321696, 'hidden_size': 143, 'dropout': 0.16013970348884643, 'hidden_continuous_size': 130, 'attention_head_size': 3, 'learning_rate': 0.001156338221589561}. Best is trial 94 with value: 1782.4796142578125.
LOCAL_RANK: 0 - CUDA_VISIBLE_DEVICES: [0]
[I 2023-11-30 04:27:36,874] Trial 125 finished with value: 2120.013671875 and parameters: {'gradient_clip_val': 0.41819138259875765, 'hidden_size': 143, 'dropout': 0.16292254792708172, 'hidden_continuous_size': 133, 'attention_head_size': 3, 'learning_rate': 0.0010942479152189057}. Best is trial 94 with value: 1782.4796142578125.
LOCAL_RANK: 0 - CUDA_VISIBLE_DEVICES: [0]
[I 2023-11-30 04:27:51,581] Trial 126 finished with value: 2233.65087890625 and parameters: {'gradient_clip_val': 0.2878952755649678, 'hidden_size': 137, 'dropout': 0.16748905055055846, 'hidden_continuous_size': 128, 'attention_head_size': 1, 'learning_rate': 0.0011211073517372492}. Best is trial 94 with value: 1782.4796142578125.
LOCAL_RANK: 0 - CUDA_VISIBLE_DEVICES: [0]
[I 2023-11-30 04:28:06,238] Trial 127 finished with value: 2469.437255859375 and parameters: {'gradient_clip_val': 0.22932081341629937, 'hidden_size': 117, 'dropout': 0.1535272076160947, 'hidden_continuous_size': 109, 'attention_head_size': 4, 'learning_rate': 0.0012424880635497873}. Best is trial 94 with value: 1782.4796142578125.
LOCAL_RANK: 0 - CUDA_VISIBLE_DEVICES: [0]
[I 2023-11-30 04:28:20,838] Trial 128 finished with value: 2109.702392578125 and parameters: {'gradient_clip_val': 0.5076295401565726, 'hidden_size': 126, 'dropout': 0.13625940779661486, 'hidden_continuous_size': 118, 'attention_head_size': 3, 'learning_rate': 0.0015630781109691677}. Best is trial 94 with value: 1782.4796142578125.
LOCAL_RANK: 0 - CUDA_VISIBLE_DEVICES: [0]
[I 2023-11-30 04:28:35,314] Trial 129 finished with value: 2208.070556640625 and parameters: {'gradient_clip_val': 0.5443648453304952, 'hidden_size': 132, 'dropout': 0.14569215820548584, 'hidden_continuous_size': 121, 'attention_head_size': 3, 'learning_rate': 0.0015307069133728716}. Best is trial 94 with value: 1782.4796142578125.
LOCAL_RANK: 0 - CUDA_VISIBLE_DEVICES: [0]
[I 2023-11-30 04:28:50,288] Trial 130 finished with value: 2290.757568359375 and parameters: {'gradient_clip_val': 0.48615153971974434, 'hidden_size': 145, 'dropout': 0.1368986761797475, 'hidden_continuous_size': 141, 'attention_head_size': 3, 'learning_rate': 0.0010710101080025247}. Best is trial 94 with value: 1782.4796142578125.
LOCAL_RANK: 0 - CUDA_VISIBLE_DEVICES: [0]
[I 2023-11-30 04:29:04,913] Trial 131 finished with value: 2028.1170654296875 and parameters: {'gradient_clip_val': 0.44152443977586237, 'hidden_size': 124, 'dropout': 0.15576278417277842, 'hidden_continuous_size': 116, 'attention_head_size': 3, 'learning_rate': 0.0013533105575305308}. Best is trial 94 with value: 1782.4796142578125.
LOCAL_RANK: 0 - CUDA_VISIBLE_DEVICES: [0]
[I 2023-11-30 04:29:19,345] Trial 132 finished with value: 2246.178955078125 and parameters: {'gradient_clip_val': 0.502263038924533, 'hidden_size': 124, 'dropout': 0.1610350412447158, 'hidden_continuous_size': 115, 'attention_head_size': 3, 'learning_rate': 0.0014009139800508152}. Best is trial 94 with value: 1782.4796142578125.
LOCAL_RANK: 0 - CUDA_VISIBLE_DEVICES: [0]
[I 2023-11-30 04:29:33,884] Trial 133 finished with value: 2382.22314453125 and parameters: {'gradient_clip_val': 0.4612020289897971, 'hidden_size': 118, 'dropout': 0.14961705418817842, 'hidden_continuous_size': 110, 'attention_head_size': 3, 'learning_rate': 0.001004157022520756}. Best is trial 94 with value: 1782.4796142578125.
LOCAL_RANK: 0 - CUDA_VISIBLE_DEVICES: [0]
[I 2023-11-30 04:29:48,433] Trial 134 finished with value: 2276.802490234375 and parameters: {'gradient_clip_val': 0.4328398151453907, 'hidden_size': 128, 'dropout': 0.17083459845123827, 'hidden_continuous_size': 120, 'attention_head_size': 3, 'learning_rate': 0.0012547770554555925}. Best is trial 94 with value: 1782.4796142578125.
LOCAL_RANK: 0 - CUDA_VISIBLE_DEVICES: [0]
[I 2023-11-30 04:30:02,859] Trial 135 finished with value: 2279.282958984375 and parameters: {'gradient_clip_val': 0.41636180101188375, 'hidden_size': 109, 'dropout': 0.187868735245901, 'hidden_continuous_size': 102, 'attention_head_size': 3, 'learning_rate': 0.0016658160259967075}. Best is trial 94 with value: 1782.4796142578125.
LOCAL_RANK: 0 - CUDA_VISIBLE_DEVICES: [0]
[I 2023-11-30 04:30:17,954] Trial 136 finished with value: 2178.776123046875 and parameters: {'gradient_clip_val': 0.38506273301184957, 'hidden_size': 138, 'dropout': 0.1558085755204884, 'hidden_continuous_size': 134, 'attention_head_size': 3, 'learning_rate': 0.001199365552604029}. Best is trial 94 with value: 1782.4796142578125.
LOCAL_RANK: 0 - CUDA_VISIBLE_DEVICES: [0]
[I 2023-11-30 04:30:32,722] Trial 137 finished with value: 2427.870849609375 and parameters: {'gradient_clip_val': 0.44294791515247023, 'hidden_size': 138, 'dropout': 0.15530721737588232, 'hidden_continuous_size': 131, 'attention_head_size': 3, 'learning_rate': 0.0011300142155324109}. Best is trial 94 with value: 1782.4796142578125.
LOCAL_RANK: 0 - CUDA_VISIBLE_DEVICES: [0]
[I 2023-11-30 04:30:47,576] Trial 138 finished with value: 2372.678955078125 and parameters: {'gradient_clip_val': 0.4621165739466053, 'hidden_size': 142, 'dropout': 0.16355360927905346, 'hidden_continuous_size': 136, 'attention_head_size': 3, 'learning_rate': 0.0013484539792095213}. Best is trial 94 with value: 1782.4796142578125.
LOCAL_RANK: 0 - CUDA_VISIBLE_DEVICES: [0]
[I 2023-11-30 04:31:02,292] Trial 139 finished with value: 2188.545654296875 and parameters: {'gradient_clip_val': 0.39824692876803874, 'hidden_size': 130, 'dropout': 0.1744326112470177, 'hidden_continuous_size': 123, 'attention_head_size': 3, 'learning_rate': 0.0015627630428133093}. Best is trial 94 with value: 1782.4796142578125.
LOCAL_RANK: 0 - CUDA_VISIBLE_DEVICES: [0]
[I 2023-11-30 04:31:17,407] Trial 140 finished with value: 2010.7625732421875 and parameters: {'gradient_clip_val': 0.4117886040874022, 'hidden_size': 150, 'dropout': 0.19369592955305226, 'hidden_continuous_size': 148, 'attention_head_size': 3, 'learning_rate': 0.0012206971652866906}. Best is trial 94 with value: 1782.4796142578125.
LOCAL_RANK: 0 - CUDA_VISIBLE_DEVICES: [0]
[I 2023-11-30 04:31:32,651] Trial 141 finished with value: 2037.1343994140625 and parameters: {'gradient_clip_val': 0.4260444213885212, 'hidden_size': 146, 'dropout': 0.14051246723576893, 'hidden_continuous_size': 141, 'attention_head_size': 3, 'learning_rate': 0.0011709444833776107}. Best is trial 94 with value: 1782.4796142578125.
LOCAL_RANK: 0 - CUDA_VISIBLE_DEVICES: [0]
[I 2023-11-30 04:31:47,651] Trial 142 finished with value: 2458.825927734375 and parameters: {'gradient_clip_val': 0.43304356666192473, 'hidden_size': 148, 'dropout': 0.18099106157165779, 'hidden_continuous_size': 147, 'attention_head_size': 3, 'learning_rate': 0.001211807266413809}. Best is trial 94 with value: 1782.4796142578125.
LOCAL_RANK: 0 - CUDA_VISIBLE_DEVICES: [0]
[I 2023-11-30 04:32:02,384] Trial 143 finished with value: 2109.243408203125 and parameters: {'gradient_clip_val': 0.4142473849686097, 'hidden_size': 136, 'dropout': 0.21365082788167325, 'hidden_continuous_size': 127, 'attention_head_size': 3, 'learning_rate': 0.0013293209685018108}. Best is trial 94 with value: 1782.4796142578125.
LOCAL_RANK: 0 - CUDA_VISIBLE_DEVICES: [0]
[I 2023-11-30 04:32:16,962] Trial 144 finished with value: 2447.343994140625 and parameters: {'gradient_clip_val': 0.41094274178658335, 'hidden_size': 136, 'dropout': 0.20535483060620596, 'hidden_continuous_size': 131, 'attention_head_size': 3, 'learning_rate': 0.001148388193878239}. Best is trial 94 with value: 1782.4796142578125.
LOCAL_RANK: 0 - CUDA_VISIBLE_DEVICES: [0]
[I 2023-11-30 04:32:31,951] Trial 145 finished with value: 2200.58984375 and parameters: {'gradient_clip_val': 0.384946434745134, 'hidden_size': 146, 'dropout': 0.19177692507508937, 'hidden_continuous_size': 139, 'attention_head_size': 3, 'learning_rate': 0.0013244369984743618}. Best is trial 94 with value: 1782.4796142578125.
LOCAL_RANK: 0 - CUDA_VISIBLE_DEVICES: [0]
[I 2023-11-30 04:32:46,499] Trial 146 finished with value: 2319.203125 and parameters: {'gradient_clip_val': 0.4678995128266273, 'hidden_size': 136, 'dropout': 0.2180717386897433, 'hidden_continuous_size': 130, 'attention_head_size': 3, 'learning_rate': 0.0010029036092976324}. Best is trial 94 with value: 1782.4796142578125.
LOCAL_RANK: 0 - CUDA_VISIBLE_DEVICES: [0]
[I 2023-11-30 04:33:01,710] Trial 147 finished with value: 2217.190185546875 and parameters: {'gradient_clip_val': 0.41792689773341063, 'hidden_size': 149, 'dropout': 0.18518818431123593, 'hidden_continuous_size': 147, 'attention_head_size': 3, 'learning_rate': 0.0014279358867208827}. Best is trial 94 with value: 1782.4796142578125.
LOCAL_RANK: 0 - CUDA_VISIBLE_DEVICES: [0]
[I 2023-11-30 04:33:16,336] Trial 148 finished with value: 2382.521484375 and parameters: {'gradient_clip_val': 0.4951969227562394, 'hidden_size': 127, 'dropout': 0.16855063757762823, 'hidden_continuous_size': 117, 'attention_head_size': 3, 'learning_rate': 0.0012418271946197366}. Best is trial 94 with value: 1782.4796142578125.
LOCAL_RANK: 0 - CUDA_VISIBLE_DEVICES: [0]
[I 2023-11-30 04:33:31,178] Trial 149 finished with value: 2268.981201171875 and parameters: {'gradient_clip_val': 0.45311900408538075, 'hidden_size': 139, 'dropout': 0.19514367330514615, 'hidden_continuous_size': 134, 'attention_head_size': 3, 'learning_rate': 0.0011164000367756789}. Best is trial 94 with value: 1782.4796142578125.
[I 2023-11-30 04:33:31,289] A new study created in memory with name: no-name-424c11d1-6152-432b-a917-4f5a459bab87
/home/le004/conda/anaconda3/envs/tsff_env/lib/python3.9/site-packages/lightning/fabric/plugins/environments/slurm.py:191: The `srun` command is available on your system but is not used. HINT: If your intention is to run Lightning on SLURM, prepend your python command with `srun` like so: srun python /home/le004/master_thesis/git/TSFusionForecast/code/ ...
LOCAL_RANK: 0 - CUDA_VISIBLE_DEVICES: [0]
[I 2023-11-30 04:33:44,217] Trial 0 finished with value: 0.17116479575634003 and parameters: {'gradient_clip_val': 0.37584070819052356, 'hidden_size': 48, 'dropout': 0.3383098910870045, 'hidden_continuous_size': 19, 'attention_head_size': 4, 'learning_rate': 0.046869755565190296}. Best is trial 0 with value: 0.17116479575634003.
LOCAL_RANK: 0 - CUDA_VISIBLE_DEVICES: [0]
[I 2023-11-30 04:33:57,596] Trial 1 finished with value: 0.09741687774658203 and parameters: {'gradient_clip_val': 0.4882822245111478, 'hidden_size': 56, 'dropout': 0.12245539755935417, 'hidden_continuous_size': 53, 'attention_head_size': 2, 'learning_rate': 0.03953322282995353}. Best is trial 1 with value: 0.09741687774658203.
LOCAL_RANK: 0 - CUDA_VISIBLE_DEVICES: [0]
