[I 2023-11-30 06:31:56,961] Trial 73 finished with value: 0.2022881954908371 and parameters: {'gradient_clip_val': 0.46766074281998754, 'hidden_size': 93, 'dropout': 0.305371024014404, 'hidden_continuous_size': 43, 'attention_head_size': 2, 'learning_rate': 0.0639169135865969}. Best is trial 56 with value: 0.10131225734949112.
LOCAL_RANK: 0 - CUDA_VISIBLE_DEVICES: [0]
[I 2023-11-30 06:32:10,493] Trial 74 finished with value: 0.13918434083461761 and parameters: {'gradient_clip_val': 0.6980073953218642, 'hidden_size': 64, 'dropout': 0.31908483912679, 'hidden_continuous_size': 56, 'attention_head_size': 2, 'learning_rate': 0.0834490900897386}. Best is trial 56 with value: 0.10131225734949112.
LOCAL_RANK: 0 - CUDA_VISIBLE_DEVICES: [0]
[I 2023-11-30 06:32:24,633] Trial 75 finished with value: 0.20579051971435547 and parameters: {'gradient_clip_val': 0.6534072196255226, 'hidden_size': 103, 'dropout': 0.2778739057080251, 'hidden_continuous_size': 66, 'attention_head_size': 1, 'learning_rate': 0.06808051698668513}. Best is trial 56 with value: 0.10131225734949112.
LOCAL_RANK: 0 - CUDA_VISIBLE_DEVICES: [0]
[I 2023-11-30 06:32:39,166] Trial 76 finished with value: 0.1956036537885666 and parameters: {'gradient_clip_val': 0.7564623453613566, 'hidden_size': 119, 'dropout': 0.2677711023157475, 'hidden_continuous_size': 77, 'attention_head_size': 3, 'learning_rate': 0.05150603779918137}. Best is trial 56 with value: 0.10131225734949112.
LOCAL_RANK: 0 - CUDA_VISIBLE_DEVICES: [0]
[I 2023-11-30 06:32:52,897] Trial 77 finished with value: 0.183664008975029 and parameters: {'gradient_clip_val': 0.8443810130739816, 'hidden_size': 73, 'dropout': 0.2981543376503287, 'hidden_continuous_size': 47, 'attention_head_size': 2, 'learning_rate': 0.04261371144495799}. Best is trial 56 with value: 0.10131225734949112.
LOCAL_RANK: 0 - CUDA_VISIBLE_DEVICES: [0]
[I 2023-11-30 06:33:06,870] Trial 78 finished with value: 0.10774978995323181 and parameters: {'gradient_clip_val': 0.6179533561726617, 'hidden_size': 82, 'dropout': 0.329318189774275, 'hidden_continuous_size': 64, 'attention_head_size': 2, 'learning_rate': 0.034050903968130576}. Best is trial 56 with value: 0.10131225734949112.
LOCAL_RANK: 0 - CUDA_VISIBLE_DEVICES: [0]
[I 2023-11-30 06:33:20,839] Trial 79 finished with value: 0.11151742935180664 and parameters: {'gradient_clip_val': 0.6413837106412045, 'hidden_size': 84, 'dropout': 0.3302325327977437, 'hidden_continuous_size': 64, 'attention_head_size': 2, 'learning_rate': 0.02817562510722156}. Best is trial 56 with value: 0.10131225734949112.
LOCAL_RANK: 0 - CUDA_VISIBLE_DEVICES: [0]
[I 2023-11-30 06:33:34,763] Trial 80 finished with value: 0.1363159418106079 and parameters: {'gradient_clip_val': 0.6340077111732721, 'hidden_size': 70, 'dropout': 0.3293904739824304, 'hidden_continuous_size': 54, 'attention_head_size': 3, 'learning_rate': 0.026574833966324134}. Best is trial 56 with value: 0.10131225734949112.
LOCAL_RANK: 0 - CUDA_VISIBLE_DEVICES: [0]
[I 2023-11-30 06:33:48,680] Trial 81 finished with value: 0.15959160029888153 and parameters: {'gradient_clip_val': 0.6846168223852593, 'hidden_size': 83, 'dropout': 0.31377374953497966, 'hidden_continuous_size': 64, 'attention_head_size': 2, 'learning_rate': 0.03385177934071978}. Best is trial 56 with value: 0.10131225734949112.
LOCAL_RANK: 0 - CUDA_VISIBLE_DEVICES: [0]
[I 2023-11-30 06:34:02,890] Trial 82 finished with value: 0.15301845967769623 and parameters: {'gradient_clip_val': 0.6086695565963249, 'hidden_size': 88, 'dropout': 0.34527837665462197, 'hidden_continuous_size': 70, 'attention_head_size': 2, 'learning_rate': 0.036608645311283314}. Best is trial 56 with value: 0.10131225734949112.
LOCAL_RANK: 0 - CUDA_VISIBLE_DEVICES: [0]
[I 2023-11-30 06:34:16,868] Trial 83 finished with value: 0.263016015291214 and parameters: {'gradient_clip_val': 0.5237615084996202, 'hidden_size': 78, 'dropout': 0.32177777227037513, 'hidden_continuous_size': 57, 'attention_head_size': 2, 'learning_rate': 0.023849695715428762}. Best is trial 56 with value: 0.10131225734949112.
LOCAL_RANK: 0 - CUDA_VISIBLE_DEVICES: [0]
[I 2023-11-30 06:34:30,996] Trial 84 finished with value: 0.16462157666683197 and parameters: {'gradient_clip_val': 0.5701762618226652, 'hidden_size': 97, 'dropout': 0.3072794860975716, 'hidden_continuous_size': 66, 'attention_head_size': 2, 'learning_rate': 0.028668266362094023}. Best is trial 56 with value: 0.10131225734949112.
LOCAL_RANK: 0 - CUDA_VISIBLE_DEVICES: [0]
[I 2023-11-30 06:34:44,975] Trial 85 finished with value: 0.19339501857757568 and parameters: {'gradient_clip_val': 0.7827048637243469, 'hidden_size': 86, 'dropout': 0.3350576027245808, 'hidden_continuous_size': 63, 'attention_head_size': 2, 'learning_rate': 0.03256373202651696}. Best is trial 56 with value: 0.10131225734949112.
LOCAL_RANK: 0 - CUDA_VISIBLE_DEVICES: [0]
[I 2023-11-30 06:34:58,910] Trial 86 finished with value: 0.13833488523960114 and parameters: {'gradient_clip_val': 0.7354978925110361, 'hidden_size': 71, 'dropout': 0.30076998404376265, 'hidden_continuous_size': 59, 'attention_head_size': 1, 'learning_rate': 0.021663933705601632}. Best is trial 56 with value: 0.10131225734949112.
LOCAL_RANK: 0 - CUDA_VISIBLE_DEVICES: [0]
[I 2023-11-30 06:35:12,492] Trial 87 finished with value: 0.12957274913787842 and parameters: {'gradient_clip_val': 0.6714323070672863, 'hidden_size': 62, 'dropout': 0.2881317913111051, 'hidden_continuous_size': 51, 'attention_head_size': 2, 'learning_rate': 0.03856334962580061}. Best is trial 56 with value: 0.10131225734949112.
LOCAL_RANK: 0 - CUDA_VISIBLE_DEVICES: [0]
[I 2023-11-30 06:35:26,300] Trial 88 finished with value: 0.13763518631458282 and parameters: {'gradient_clip_val': 0.9499433699926357, 'hidden_size': 66, 'dropout': 0.32686109545269726, 'hidden_continuous_size': 59, 'attention_head_size': 2, 'learning_rate': 0.028265970559922884}. Best is trial 56 with value: 0.10131225734949112.
LOCAL_RANK: 0 - CUDA_VISIBLE_DEVICES: [0]
[I 2023-11-30 06:35:40,534] Trial 89 finished with value: 0.23824113607406616 and parameters: {'gradient_clip_val': 0.8729602950376852, 'hidden_size': 92, 'dropout': 0.34006402396467855, 'hidden_continuous_size': 80, 'attention_head_size': 2, 'learning_rate': 0.04390164828467033}. Best is trial 56 with value: 0.10131225734949112.
LOCAL_RANK: 0 - CUDA_VISIBLE_DEVICES: [0]
[I 2023-11-30 06:35:54,633] Trial 90 finished with value: 0.13708214461803436 and parameters: {'gradient_clip_val': 0.6139520485478503, 'hidden_size': 81, 'dropout': 0.3163582708579006, 'hidden_continuous_size': 64, 'attention_head_size': 3, 'learning_rate': 0.020677064342012757}. Best is trial 56 with value: 0.10131225734949112.
LOCAL_RANK: 0 - CUDA_VISIBLE_DEVICES: [0]
[I 2023-11-30 06:36:08,893] Trial 91 finished with value: 0.1542222499847412 and parameters: {'gradient_clip_val': 0.5547090245727745, 'hidden_size': 107, 'dropout': 0.308817835244243, 'hidden_continuous_size': 69, 'attention_head_size': 2, 'learning_rate': 0.04862960628411459}. Best is trial 56 with value: 0.10131225734949112.
LOCAL_RANK: 0 - CUDA_VISIBLE_DEVICES: [0]
[I 2023-11-30 06:36:23,050] Trial 92 finished with value: 0.21453820168972015 and parameters: {'gradient_clip_val': 0.7017545910205552, 'hidden_size': 99, 'dropout': 0.3635934112262964, 'hidden_continuous_size': 48, 'attention_head_size': 2, 'learning_rate': 0.07261798921187093}. Best is trial 56 with value: 0.10131225734949112.
LOCAL_RANK: 0 - CUDA_VISIBLE_DEVICES: [0]
[I 2023-11-30 06:36:37,050] Trial 93 finished with value: 0.17877225577831268 and parameters: {'gradient_clip_val': 0.591770932127201, 'hidden_size': 89, 'dropout': 0.37136494129478304, 'hidden_continuous_size': 54, 'attention_head_size': 2, 'learning_rate': 0.0545690828060645}. Best is trial 56 with value: 0.10131225734949112.
LOCAL_RANK: 0 - CUDA_VISIBLE_DEVICES: [0]
[I 2023-11-30 06:36:50,872] Trial 94 finished with value: 0.1406722217798233 and parameters: {'gradient_clip_val': 0.6613379390755736, 'hidden_size': 75, 'dropout': 0.3437346063905901, 'hidden_continuous_size': 49, 'attention_head_size': 2, 'learning_rate': 0.02438782265407461}. Best is trial 56 with value: 0.10131225734949112.
LOCAL_RANK: 0 - CUDA_VISIBLE_DEVICES: [0]
[I 2023-11-30 06:37:04,708] Trial 95 finished with value: 0.15826886892318726 and parameters: {'gradient_clip_val': 0.8278601187261417, 'hidden_size': 82, 'dropout': 0.34827088446052884, 'hidden_continuous_size': 45, 'attention_head_size': 2, 'learning_rate': 0.03195724026215904}. Best is trial 56 with value: 0.10131225734949112.
LOCAL_RANK: 0 - CUDA_VISIBLE_DEVICES: [0]
[I 2023-11-30 06:37:18,961] Trial 96 finished with value: 0.19497549533843994 and parameters: {'gradient_clip_val': 0.5291333067710484, 'hidden_size': 109, 'dropout': 0.3318944169246122, 'hidden_continuous_size': 73, 'attention_head_size': 2, 'learning_rate': 0.039277851419478434}. Best is trial 56 with value: 0.10131225734949112.
LOCAL_RANK: 0 - CUDA_VISIBLE_DEVICES: [0]
[I 2023-11-30 06:37:33,188] Trial 97 finished with value: 0.16729450225830078 and parameters: {'gradient_clip_val': 0.6216172123434784, 'hidden_size': 96, 'dropout': 0.35507599463551215, 'hidden_continuous_size': 61, 'attention_head_size': 4, 'learning_rate': 0.0602352624740363}. Best is trial 56 with value: 0.10131225734949112.
LOCAL_RANK: 0 - CUDA_VISIBLE_DEVICES: [0]
[I 2023-11-30 06:37:47,047] Trial 98 finished with value: 0.17679555714130402 and parameters: {'gradient_clip_val': 0.7883331441982222, 'hidden_size': 68, 'dropout': 0.2957536557601045, 'hidden_continuous_size': 55, 'attention_head_size': 2, 'learning_rate': 0.035490324268779364}. Best is trial 56 with value: 0.10131225734949112.
LOCAL_RANK: 0 - CUDA_VISIBLE_DEVICES: [0]
[I 2023-11-30 06:38:01,032] Trial 99 finished with value: 0.19795823097229004 and parameters: {'gradient_clip_val': 0.721107411553423, 'hidden_size': 79, 'dropout': 0.3197577417034199, 'hidden_continuous_size': 58, 'attention_head_size': 2, 'learning_rate': 0.016895998059753635}. Best is trial 56 with value: 0.10131225734949112.
LOCAL_RANK: 0 - CUDA_VISIBLE_DEVICES: [0]
[I 2023-11-30 06:38:14,993] Trial 100 finished with value: 0.10369022935628891 and parameters: {'gradient_clip_val': 0.4997619803955759, 'hidden_size': 87, 'dropout': 0.29073903508914756, 'hidden_continuous_size': 52, 'attention_head_size': 2, 'learning_rate': 0.04202139295414835}. Best is trial 56 with value: 0.10131225734949112.
LOCAL_RANK: 0 - CUDA_VISIBLE_DEVICES: [0]
[I 2023-11-30 06:38:28,778] Trial 101 finished with value: 0.16321544349193573 and parameters: {'gradient_clip_val': 0.49351188208519275, 'hidden_size': 89, 'dropout': 0.2893071609899491, 'hidden_continuous_size': 51, 'attention_head_size': 2, 'learning_rate': 0.04244090124580553}. Best is trial 56 with value: 0.10131225734949112.
LOCAL_RANK: 0 - CUDA_VISIBLE_DEVICES: [0]
[I 2023-11-30 06:38:43,059] Trial 102 finished with value: 0.15482039749622345 and parameters: {'gradient_clip_val': 0.639512034131801, 'hidden_size': 101, 'dropout': 0.28166736626872885, 'hidden_continuous_size': 52, 'attention_head_size': 2, 'learning_rate': 0.048635648205445095}. Best is trial 56 with value: 0.10131225734949112.
LOCAL_RANK: 0 - CUDA_VISIBLE_DEVICES: [0]
[I 2023-11-30 06:38:56,990] Trial 103 finished with value: 0.1332722306251526 and parameters: {'gradient_clip_val': 0.55953674210074, 'hidden_size': 76, 'dropout': 0.3112105893197656, 'hidden_continuous_size': 56, 'attention_head_size': 2, 'learning_rate': 0.031131730430739496}. Best is trial 56 with value: 0.10131225734949112.
LOCAL_RANK: 0 - CUDA_VISIBLE_DEVICES: [0]
[I 2023-11-30 06:39:10,968] Trial 104 finished with value: 0.16030852496623993 and parameters: {'gradient_clip_val': 0.5877538534746931, 'hidden_size': 85, 'dropout': 0.30058252223488147, 'hidden_continuous_size': 60, 'attention_head_size': 2, 'learning_rate': 0.027086035737523606}. Best is trial 56 with value: 0.10131225734949112.
LOCAL_RANK: 0 - CUDA_VISIBLE_DEVICES: [0]
[I 2023-11-30 06:39:24,879] Trial 105 finished with value: 0.18532879650592804 and parameters: {'gradient_clip_val': 0.6735563066677809, 'hidden_size': 92, 'dropout': 0.2751053341011505, 'hidden_continuous_size': 47, 'attention_head_size': 4, 'learning_rate': 0.03745952444769826}. Best is trial 56 with value: 0.10131225734949112.
LOCAL_RANK: 0 - CUDA_VISIBLE_DEVICES: [0]
[I 2023-11-30 06:39:38,646] Trial 106 finished with value: 0.188120499253273 and parameters: {'gradient_clip_val': 0.5367030514800273, 'hidden_size': 71, 'dropout': 0.30357008962269133, 'hidden_continuous_size': 53, 'attention_head_size': 2, 'learning_rate': 0.05351384690198334}. Best is trial 56 with value: 0.10131225734949112.
LOCAL_RANK: 0 - CUDA_VISIBLE_DEVICES: [0]
[I 2023-11-30 06:39:52,843] Trial 107 finished with value: 0.12282150983810425 and parameters: {'gradient_clip_val': 0.5803545377380578, 'hidden_size': 81, 'dropout': 0.29221842324894687, 'hidden_continuous_size': 58, 'attention_head_size': 2, 'learning_rate': 0.04471144903992598}. Best is trial 56 with value: 0.10131225734949112.
LOCAL_RANK: 0 - CUDA_VISIBLE_DEVICES: [0]
[I 2023-11-30 06:40:06,685] Trial 108 finished with value: 0.15446092188358307 and parameters: {'gradient_clip_val': 0.5767246753134988, 'hidden_size': 80, 'dropout': 0.29076354063913296, 'hidden_continuous_size': 58, 'attention_head_size': 2, 'learning_rate': 0.03412764554386005}. Best is trial 56 with value: 0.10131225734949112.
LOCAL_RANK: 0 - CUDA_VISIBLE_DEVICES: [0]
[I 2023-11-30 06:40:20,699] Trial 109 finished with value: 0.13689258694648743 and parameters: {'gradient_clip_val': 0.6336015377985279, 'hidden_size': 73, 'dropout': 0.2815178676179027, 'hidden_continuous_size': 61, 'attention_head_size': 3, 'learning_rate': 0.044881278263108046}. Best is trial 56 with value: 0.10131225734949112.
LOCAL_RANK: 0 - CUDA_VISIBLE_DEVICES: [0]
[I 2023-11-30 06:40:34,831] Trial 110 finished with value: 0.15167511999607086 and parameters: {'gradient_clip_val': 0.7286785534200202, 'hidden_size': 83, 'dropout': 0.25013097232407544, 'hidden_continuous_size': 66, 'attention_head_size': 2, 'learning_rate': 0.03989704308070347}. Best is trial 56 with value: 0.10131225734949112.
LOCAL_RANK: 0 - CUDA_VISIBLE_DEVICES: [0]
[I 2023-11-30 06:40:48,800] Trial 111 finished with value: 0.2393970489501953 and parameters: {'gradient_clip_val': 0.5108534683144508, 'hidden_size': 94, 'dropout': 0.29672497326292635, 'hidden_continuous_size': 49, 'attention_head_size': 2, 'learning_rate': 0.028827346190472093}. Best is trial 56 with value: 0.10131225734949112.
LOCAL_RANK: 0 - CUDA_VISIBLE_DEVICES: [0]
[I 2023-11-30 06:41:02,763] Trial 112 finished with value: 0.13099738955497742 and parameters: {'gradient_clip_val': 0.5968391976387284, 'hidden_size': 85, 'dropout': 0.3112597123325297, 'hidden_continuous_size': 57, 'attention_head_size': 2, 'learning_rate': 0.06217805108991593}. Best is trial 56 with value: 0.10131225734949112.
LOCAL_RANK: 0 - CUDA_VISIBLE_DEVICES: [0]
[I 2023-11-30 06:41:16,876] Trial 113 finished with value: 0.16276627779006958 and parameters: {'gradient_clip_val': 0.47529088100511246, 'hidden_size': 101, 'dropout': 0.3265446486341897, 'hidden_continuous_size': 63, 'attention_head_size': 2, 'learning_rate': 0.04857194634550329}. Best is trial 56 with value: 0.10131225734949112.
LOCAL_RANK: 0 - CUDA_VISIBLE_DEVICES: [0]
[I 2023-11-30 06:41:30,598] Trial 114 finished with value: 0.14142747223377228 and parameters: {'gradient_clip_val': 0.5538060190487772, 'hidden_size': 76, 'dropout': 0.30525481990174486, 'hidden_continuous_size': 52, 'attention_head_size': 2, 'learning_rate': 0.05690989465553028}. Best is trial 56 with value: 0.10131225734949112.
LOCAL_RANK: 0 - CUDA_VISIBLE_DEVICES: [0]
[I 2023-11-30 06:41:44,776] Trial 115 finished with value: 0.13356788456439972 and parameters: {'gradient_clip_val': 0.6893996547960021, 'hidden_size': 114, 'dropout': 0.3175771450002447, 'hidden_continuous_size': 44, 'attention_head_size': 2, 'learning_rate': 0.0425727102369699}. Best is trial 56 with value: 0.10131225734949112.
LOCAL_RANK: 0 - CUDA_VISIBLE_DEVICES: [0]
[I 2023-11-30 06:41:58,889] Trial 116 finished with value: 0.24872301518917084 and parameters: {'gradient_clip_val': 0.7654173156361828, 'hidden_size': 90, 'dropout': 0.26659348541456285, 'hidden_continuous_size': 55, 'attention_head_size': 4, 'learning_rate': 0.024581027061494103}. Best is trial 56 with value: 0.10131225734949112.
LOCAL_RANK: 0 - CUDA_VISIBLE_DEVICES: [0]
[I 2023-11-30 06:42:13,218] Trial 117 finished with value: 0.15653538703918457 and parameters: {'gradient_clip_val': 0.6170387660180129, 'hidden_size': 97, 'dropout': 0.33920795158066797, 'hidden_continuous_size': 70, 'attention_head_size': 2, 'learning_rate': 0.035781344415540366}. Best is trial 56 with value: 0.10131225734949112.
LOCAL_RANK: 0 - CUDA_VISIBLE_DEVICES: [0]
[I 2023-11-30 06:42:26,746] Trial 118 finished with value: 0.1116492971777916 and parameters: {'gradient_clip_val': 0.6508234320792027, 'hidden_size': 64, 'dropout': 0.29058746323511647, 'hidden_continuous_size': 55, 'attention_head_size': 2, 'learning_rate': 0.032832827452109005}. Best is trial 56 with value: 0.10131225734949112.
LOCAL_RANK: 0 - CUDA_VISIBLE_DEVICES: [0]
[I 2023-11-30 06:42:40,355] Trial 119 finished with value: 0.20586450397968292 and parameters: {'gradient_clip_val': 0.6450772013901585, 'hidden_size': 62, 'dropout': 0.28693126568731936, 'hidden_continuous_size': 55, 'attention_head_size': 2, 'learning_rate': 0.02956086135944832}. Best is trial 56 with value: 0.10131225734949112.
LOCAL_RANK: 0 - CUDA_VISIBLE_DEVICES: [0]
[I 2023-11-30 06:42:54,251] Trial 120 finished with value: 0.13563333451747894 and parameters: {'gradient_clip_val': 0.6650693066649018, 'hidden_size': 69, 'dropout': 0.2730658938255418, 'hidden_continuous_size': 60, 'attention_head_size': 2, 'learning_rate': 0.03194335919659865}. Best is trial 56 with value: 0.10131225734949112.
LOCAL_RANK: 0 - CUDA_VISIBLE_DEVICES: [0]
[I 2023-11-30 06:43:07,847] Trial 121 finished with value: 0.15781600773334503 and parameters: {'gradient_clip_val': 0.5808294191427371, 'hidden_size': 57, 'dropout': 0.2937813696507495, 'hidden_continuous_size': 53, 'attention_head_size': 2, 'learning_rate': 0.03971767886599742}. Best is trial 56 with value: 0.10131225734949112.
LOCAL_RANK: 0 - CUDA_VISIBLE_DEVICES: [0]
[I 2023-11-30 06:43:21,730] Trial 122 finished with value: 0.16605527698993683 and parameters: {'gradient_clip_val': 0.7222672503647721, 'hidden_size': 65, 'dropout': 0.28253043008549805, 'hidden_continuous_size': 57, 'attention_head_size': 2, 'learning_rate': 0.027222642694901572}. Best is trial 56 with value: 0.10131225734949112.
LOCAL_RANK: 0 - CUDA_VISIBLE_DEVICES: [0]
[I 2023-11-30 06:43:35,608] Trial 123 finished with value: 0.25401806831359863 and parameters: {'gradient_clip_val': 0.6051462764301976, 'hidden_size': 79, 'dropout': 0.2982688833748546, 'hidden_continuous_size': 49, 'attention_head_size': 2, 'learning_rate': 0.05163096241200025}. Best is trial 56 with value: 0.10131225734949112.
LOCAL_RANK: 0 - CUDA_VISIBLE_DEVICES: [0]
[I 2023-11-30 06:43:49,405] Trial 124 finished with value: 0.18614424765110016 and parameters: {'gradient_clip_val': 0.5468908424356227, 'hidden_size': 73, 'dropout': 0.3222626879030388, 'hidden_continuous_size': 50, 'attention_head_size': 2, 'learning_rate': 0.04546955485199157}. Best is trial 56 with value: 0.10131225734949112.
LOCAL_RANK: 0 - CUDA_VISIBLE_DEVICES: [0]
[I 2023-11-30 06:44:03,266] Trial 125 finished with value: 0.13123442232608795 and parameters: {'gradient_clip_val': 0.5116187212177119, 'hidden_size': 84, 'dropout': 0.3054897354272005, 'hidden_continuous_size': 64, 'attention_head_size': 2, 'learning_rate': 0.03491839225165421}. Best is trial 56 with value: 0.10131225734949112.
LOCAL_RANK: 0 - CUDA_VISIBLE_DEVICES: [0]
[I 2023-11-30 06:44:17,224] Trial 126 finished with value: 0.16993586719036102 and parameters: {'gradient_clip_val': 0.6939855197169594, 'hidden_size': 86, 'dropout': 0.31566135921850663, 'hidden_continuous_size': 42, 'attention_head_size': 2, 'learning_rate': 0.022638343865787548}. Best is trial 56 with value: 0.10131225734949112.
LOCAL_RANK: 0 - CUDA_VISIBLE_DEVICES: [0]
[I 2023-11-30 06:44:31,306] Trial 127 finished with value: 0.1973208636045456 and parameters: {'gradient_clip_val': 0.636871454157459, 'hidden_size': 67, 'dropout': 0.39007966619557016, 'hidden_continuous_size': 54, 'attention_head_size': 4, 'learning_rate': 0.038133086287538864}. Best is trial 56 with value: 0.10131225734949112.
LOCAL_RANK: 0 - CUDA_VISIBLE_DEVICES: [0]
[I 2023-11-30 06:44:45,297] Trial 128 finished with value: 0.21596384048461914 and parameters: {'gradient_clip_val': 0.7989838055311456, 'hidden_size': 75, 'dropout': 0.23834601544466744, 'hidden_continuous_size': 59, 'attention_head_size': 2, 'learning_rate': 0.02508156225988735}. Best is trial 56 with value: 0.10131225734949112.
LOCAL_RANK: 0 - CUDA_VISIBLE_DEVICES: [0]
[I 2023-11-30 06:44:59,025] Trial 129 finished with value: 0.13929156959056854 and parameters: {'gradient_clip_val': 0.4524459489874392, 'hidden_size': 80, 'dropout': 0.22877996149399477, 'hidden_continuous_size': 46, 'attention_head_size': 2, 'learning_rate': 0.033423648693140635}. Best is trial 56 with value: 0.10131225734949112.
LOCAL_RANK: 0 - CUDA_VISIBLE_DEVICES: [0]
[I 2023-11-30 06:45:13,344] Trial 130 finished with value: 0.219130277633667 and parameters: {'gradient_clip_val': 0.8838137204457298, 'hidden_size': 106, 'dropout': 0.3316470163795457, 'hidden_continuous_size': 67, 'attention_head_size': 3, 'learning_rate': 0.07629168299712343}. Best is trial 56 with value: 0.10131225734949112.
LOCAL_RANK: 0 - CUDA_VISIBLE_DEVICES: [0]
