[I 2023-11-30 01:29:43,270] Trial 93 finished with value: 0.31147220730781555 and parameters: {'gradient_clip_val': 0.816491682842977, 'hidden_size': 98, 'dropout': 0.23817700476058673, 'hidden_continuous_size': 23, 'attention_head_size': 3, 'learning_rate': 0.03205323026312578}. Best is trial 66 with value: 0.1798284649848938.
LOCAL_RANK: 0 - CUDA_VISIBLE_DEVICES: [0]
[I 2023-11-30 01:29:56,987] Trial 94 finished with value: 0.24291253089904785 and parameters: {'gradient_clip_val': 0.5821201280473368, 'hidden_size': 91, 'dropout': 0.30623547229995085, 'hidden_continuous_size': 29, 'attention_head_size': 1, 'learning_rate': 0.0224266617851003}. Best is trial 66 with value: 0.1798284649848938.
LOCAL_RANK: 0 - CUDA_VISIBLE_DEVICES: [0]
[I 2023-11-30 01:30:10,615] Trial 95 finished with value: 0.39288488030433655 and parameters: {'gradient_clip_val': 0.7571043666384184, 'hidden_size': 83, 'dropout': 0.2749707383070784, 'hidden_continuous_size': 20, 'attention_head_size': 3, 'learning_rate': 0.016054631740593753}. Best is trial 66 with value: 0.1798284649848938.
LOCAL_RANK: 0 - CUDA_VISIBLE_DEVICES: [0]
[I 2023-11-30 01:30:24,686] Trial 96 finished with value: 0.28046154975891113 and parameters: {'gradient_clip_val': 0.6229291317841399, 'hidden_size': 127, 'dropout': 0.23122267279152403, 'hidden_continuous_size': 18, 'attention_head_size': 3, 'learning_rate': 0.039171519157058896}. Best is trial 66 with value: 0.1798284649848938.
LOCAL_RANK: 0 - CUDA_VISIBLE_DEVICES: [0]
[I 2023-11-30 01:30:38,404] Trial 97 finished with value: 0.29078570008277893 and parameters: {'gradient_clip_val': 0.7013307665769326, 'hidden_size': 78, 'dropout': 0.25950093734831253, 'hidden_continuous_size': 24, 'attention_head_size': 2, 'learning_rate': 0.026890168239140245}. Best is trial 66 with value: 0.1798284649848938.
LOCAL_RANK: 0 - CUDA_VISIBLE_DEVICES: [0]
[I 2023-11-30 01:30:52,698] Trial 98 finished with value: 0.24604767560958862 and parameters: {'gradient_clip_val': 0.5530820068468499, 'hidden_size': 146, 'dropout': 0.2531208215823474, 'hidden_continuous_size': 17, 'attention_head_size': 3, 'learning_rate': 0.02019529002141397}. Best is trial 66 with value: 0.1798284649848938.
LOCAL_RANK: 0 - CUDA_VISIBLE_DEVICES: [0]
[I 2023-11-30 01:31:06,544] Trial 99 finished with value: 0.315614253282547 and parameters: {'gradient_clip_val': 0.6649325252876326, 'hidden_size': 113, 'dropout': 0.2703179261201009, 'hidden_continuous_size': 16, 'attention_head_size': 3, 'learning_rate': 0.014441969823622582}. Best is trial 66 with value: 0.1798284649848938.
LOCAL_RANK: 0 - CUDA_VISIBLE_DEVICES: [0]
[I 2023-11-30 01:31:20,412] Trial 100 finished with value: 0.2574659287929535 and parameters: {'gradient_clip_val': 0.8393068697227727, 'hidden_size': 104, 'dropout': 0.2435757874584394, 'hidden_continuous_size': 22, 'attention_head_size': 3, 'learning_rate': 0.034670062891429765}. Best is trial 66 with value: 0.1798284649848938.
LOCAL_RANK: 0 - CUDA_VISIBLE_DEVICES: [0]
[I 2023-11-30 01:31:34,673] Trial 101 finished with value: 0.3797576427459717 and parameters: {'gradient_clip_val': 0.6409826248323769, 'hidden_size': 138, 'dropout': 0.25149601710049113, 'hidden_continuous_size': 30, 'attention_head_size': 3, 'learning_rate': 0.02373033837779921}. Best is trial 66 with value: 0.1798284649848938.
LOCAL_RANK: 0 - CUDA_VISIBLE_DEVICES: [0]
[I 2023-11-30 01:31:49,159] Trial 102 finished with value: 0.26614269614219666 and parameters: {'gradient_clip_val': 0.7335180663887968, 'hidden_size': 137, 'dropout': 0.23632257072336968, 'hidden_continuous_size': 28, 'attention_head_size': 3, 'learning_rate': 0.022363826403298082}. Best is trial 66 with value: 0.1798284649848938.
LOCAL_RANK: 0 - CUDA_VISIBLE_DEVICES: [0]
[I 2023-11-30 01:32:03,193] Trial 103 finished with value: 0.28922632336616516 and parameters: {'gradient_clip_val': 0.591567845537994, 'hidden_size': 132, 'dropout': 0.26354843966528146, 'hidden_continuous_size': 32, 'attention_head_size': 3, 'learning_rate': 0.030448927442778523}. Best is trial 66 with value: 0.1798284649848938.
LOCAL_RANK: 0 - CUDA_VISIBLE_DEVICES: [0]
[I 2023-11-30 01:32:17,376] Trial 104 finished with value: 0.26531553268432617 and parameters: {'gradient_clip_val': 0.629166768146204, 'hidden_size': 144, 'dropout': 0.22299907305675876, 'hidden_continuous_size': 35, 'attention_head_size': 3, 'learning_rate': 0.021087184494209207}. Best is trial 66 with value: 0.1798284649848938.
LOCAL_RANK: 0 - CUDA_VISIBLE_DEVICES: [0]
[I 2023-11-30 01:32:31,492] Trial 105 finished with value: 0.22934579849243164 and parameters: {'gradient_clip_val': 0.9550569481204295, 'hidden_size': 125, 'dropout': 0.24798150559367824, 'hidden_continuous_size': 25, 'attention_head_size': 3, 'learning_rate': 0.027085647742847472}. Best is trial 66 with value: 0.1798284649848938.
LOCAL_RANK: 0 - CUDA_VISIBLE_DEVICES: [0]
[I 2023-11-30 01:32:45,663] Trial 106 finished with value: 0.3256894052028656 and parameters: {'gradient_clip_val': 0.8528709175675189, 'hidden_size': 121, 'dropout': 0.27695753554051983, 'hidden_continuous_size': 25, 'attention_head_size': 3, 'learning_rate': 0.02821364025213987}. Best is trial 66 with value: 0.1798284649848938.
LOCAL_RANK: 0 - CUDA_VISIBLE_DEVICES: [0]
[I 2023-11-30 01:32:59,587] Trial 107 finished with value: 0.45927491784095764 and parameters: {'gradient_clip_val': 0.9413049024942274, 'hidden_size': 110, 'dropout': 0.2835357709747829, 'hidden_continuous_size': 21, 'attention_head_size': 3, 'learning_rate': 0.03308903935782169}. Best is trial 66 with value: 0.1798284649848938.
LOCAL_RANK: 0 - CUDA_VISIBLE_DEVICES: [0]
[I 2023-11-30 01:33:13,324] Trial 108 finished with value: 0.2990904748439789 and parameters: {'gradient_clip_val': 0.9447908966042432, 'hidden_size': 95, 'dropout': 0.23328734010458746, 'hidden_continuous_size': 25, 'attention_head_size': 3, 'learning_rate': 0.025990685445672186}. Best is trial 66 with value: 0.1798284649848938.
LOCAL_RANK: 0 - CUDA_VISIBLE_DEVICES: [0]
[I 2023-11-30 01:33:27,336] Trial 109 finished with value: 0.2555195391178131 and parameters: {'gradient_clip_val': 0.8013129924980191, 'hidden_size': 126, 'dropout': 0.268165378484161, 'hidden_continuous_size': 23, 'attention_head_size': 2, 'learning_rate': 0.01829045787041708}. Best is trial 66 with value: 0.1798284649848938.
LOCAL_RANK: 0 - CUDA_VISIBLE_DEVICES: [0]
[I 2023-11-30 01:33:41,193] Trial 110 finished with value: 0.26906052231788635 and parameters: {'gradient_clip_val': 0.8666071217510647, 'hidden_size': 103, 'dropout': 0.24492786897138755, 'hidden_continuous_size': 26, 'attention_head_size': 3, 'learning_rate': 0.016083589773855458}. Best is trial 66 with value: 0.1798284649848938.
LOCAL_RANK: 0 - CUDA_VISIBLE_DEVICES: [0]
[I 2023-11-30 01:33:55,317] Trial 111 finished with value: 0.26254042983055115 and parameters: {'gradient_clip_val': 0.7694234890652942, 'hidden_size': 132, 'dropout': 0.2480952361446959, 'hidden_continuous_size': 28, 'attention_head_size': 3, 'learning_rate': 0.024149383924353392}. Best is trial 66 with value: 0.1798284649848938.
LOCAL_RANK: 0 - CUDA_VISIBLE_DEVICES: [0]
[I 2023-11-30 01:34:09,395] Trial 112 finished with value: 0.3592630922794342 and parameters: {'gradient_clip_val': 0.6689250992319071, 'hidden_size': 123, 'dropout': 0.22483362795437584, 'hidden_continuous_size': 29, 'attention_head_size': 3, 'learning_rate': 0.022906427091247746}. Best is trial 66 with value: 0.1798284649848938.
LOCAL_RANK: 0 - CUDA_VISIBLE_DEVICES: [0]
[I 2023-11-30 01:34:23,641] Trial 113 finished with value: 0.26209351420402527 and parameters: {'gradient_clip_val': 0.9460234038479302, 'hidden_size': 140, 'dropout': 0.25591900564997266, 'hidden_continuous_size': 19, 'attention_head_size': 3, 'learning_rate': 0.01973109475132233}. Best is trial 66 with value: 0.1798284649848938.
LOCAL_RANK: 0 - CUDA_VISIBLE_DEVICES: [0]
[I 2023-11-30 01:34:37,884] Trial 114 finished with value: 0.3023698329925537 and parameters: {'gradient_clip_val': 0.5372565808634909, 'hidden_size': 119, 'dropout': 0.21463354867247594, 'hidden_continuous_size': 27, 'attention_head_size': 3, 'learning_rate': 0.031013660135076778}. Best is trial 66 with value: 0.1798284649848938.
LOCAL_RANK: 0 - CUDA_VISIBLE_DEVICES: [0]
[I 2023-11-30 01:34:52,374] Trial 115 finished with value: 0.278478741645813 and parameters: {'gradient_clip_val': 0.7396830493441858, 'hidden_size': 150, 'dropout': 0.23912882859649187, 'hidden_continuous_size': 38, 'attention_head_size': 3, 'learning_rate': 0.027647471631043002}. Best is trial 66 with value: 0.1798284649848938.
LOCAL_RANK: 0 - CUDA_VISIBLE_DEVICES: [0]
[I 2023-11-30 01:35:06,206] Trial 116 finished with value: 0.40207186341285706 and parameters: {'gradient_clip_val': 0.686107859617226, 'hidden_size': 116, 'dropout': 0.2632224126461796, 'hidden_continuous_size': 24, 'attention_head_size': 3, 'learning_rate': 0.03542471560508911}. Best is trial 66 with value: 0.1798284649848938.
LOCAL_RANK: 0 - CUDA_VISIBLE_DEVICES: [0]
[I 2023-11-30 01:35:20,325] Trial 117 finished with value: 0.4241068661212921 and parameters: {'gradient_clip_val': 0.8905986973554647, 'hidden_size': 107, 'dropout': 0.2946547247576556, 'hidden_continuous_size': 22, 'attention_head_size': 3, 'learning_rate': 0.021085042724635808}. Best is trial 66 with value: 0.1798284649848938.
LOCAL_RANK: 0 - CUDA_VISIBLE_DEVICES: [0]
[I 2023-11-30 01:35:33,827] Trial 118 finished with value: 0.34574970602989197 and parameters: {'gradient_clip_val': 0.8148717614517492, 'hidden_size': 88, 'dropout': 0.25762662660871444, 'hidden_continuous_size': 20, 'attention_head_size': 3, 'learning_rate': 0.016838837921928446}. Best is trial 66 with value: 0.1798284649848938.
LOCAL_RANK: 0 - CUDA_VISIBLE_DEVICES: [0]
[I 2023-11-30 01:35:47,577] Trial 119 finished with value: 0.302428275346756 and parameters: {'gradient_clip_val': 0.6171490570602721, 'hidden_size': 98, 'dropout': 0.23050716297978996, 'hidden_continuous_size': 26, 'attention_head_size': 3, 'learning_rate': 0.04380707777686442}. Best is trial 66 with value: 0.1798284649848938.
LOCAL_RANK: 0 - CUDA_VISIBLE_DEVICES: [0]
[I 2023-11-30 01:36:01,560] Trial 120 finished with value: 0.3160053789615631 and parameters: {'gradient_clip_val': 0.5698035950872481, 'hidden_size': 132, 'dropout': 0.2185900793847085, 'hidden_continuous_size': 32, 'attention_head_size': 3, 'learning_rate': 0.018405166244757017}. Best is trial 66 with value: 0.1798284649848938.
LOCAL_RANK: 0 - CUDA_VISIBLE_DEVICES: [0]
[I 2023-11-30 01:36:15,443] Trial 121 finished with value: 0.27420392632484436 and parameters: {'gradient_clip_val': 0.8795422323211198, 'hidden_size': 102, 'dropout': 0.2506510475273317, 'hidden_continuous_size': 30, 'attention_head_size': 3, 'learning_rate': 0.024892483452633684}. Best is trial 66 with value: 0.1798284649848938.
LOCAL_RANK: 0 - CUDA_VISIBLE_DEVICES: [0]
[I 2023-11-30 01:36:29,277] Trial 122 finished with value: 0.309952050447464 and parameters: {'gradient_clip_val': 0.7831419874444945, 'hidden_size': 83, 'dropout': 0.27056874742679726, 'hidden_continuous_size': 27, 'attention_head_size': 3, 'learning_rate': 0.0146769498247241}. Best is trial 66 with value: 0.1798284649848938.
LOCAL_RANK: 0 - CUDA_VISIBLE_DEVICES: [0]
[I 2023-11-30 01:36:43,161] Trial 123 finished with value: 0.4155081808567047 and parameters: {'gradient_clip_val': 0.7166014295276718, 'hidden_size': 110, 'dropout': 0.2853711254558562, 'hidden_continuous_size': 23, 'attention_head_size': 3, 'learning_rate': 0.015571485912354304}. Best is trial 66 with value: 0.1798284649848938.
LOCAL_RANK: 0 - CUDA_VISIBLE_DEVICES: [0]
[I 2023-11-30 01:36:56,848] Trial 124 finished with value: 0.2559799253940582 and parameters: {'gradient_clip_val': 0.9328666818260591, 'hidden_size': 91, 'dropout': 0.27859305832013626, 'hidden_continuous_size': 25, 'attention_head_size': 3, 'learning_rate': 0.011548150899937071}. Best is trial 66 with value: 0.1798284649848938.
LOCAL_RANK: 0 - CUDA_VISIBLE_DEVICES: [0]
[I 2023-11-30 01:37:11,132] Trial 125 finished with value: 0.3071092963218689 and parameters: {'gradient_clip_val': 0.6525012714399955, 'hidden_size': 142, 'dropout': 0.2571681932754377, 'hidden_continuous_size': 36, 'attention_head_size': 3, 'learning_rate': 0.01331581065989489}. Best is trial 66 with value: 0.1798284649848938.
LOCAL_RANK: 0 - CUDA_VISIBLE_DEVICES: [0]
[I 2023-11-30 01:37:25,436] Trial 126 finished with value: 0.2706238031387329 and parameters: {'gradient_clip_val': 0.8268738086277932, 'hidden_size': 127, 'dropout': 0.289783811721741, 'hidden_continuous_size': 41, 'attention_head_size': 3, 'learning_rate': 0.01892752032583499}. Best is trial 66 with value: 0.1798284649848938.
LOCAL_RANK: 0 - CUDA_VISIBLE_DEVICES: [0]
[I 2023-11-30 01:37:39,300] Trial 127 finished with value: 0.2558314800262451 and parameters: {'gradient_clip_val': 0.9852825555755619, 'hidden_size': 75, 'dropout': 0.2441067836521615, 'hidden_continuous_size': 44, 'attention_head_size': 3, 'learning_rate': 0.022684983842728858}. Best is trial 66 with value: 0.1798284649848938.
LOCAL_RANK: 0 - CUDA_VISIBLE_DEVICES: [0]
[I 2023-11-30 01:37:53,441] Trial 128 finished with value: 0.297325998544693 and parameters: {'gradient_clip_val': 0.9070140257650606, 'hidden_size': 117, 'dropout': 0.2625068063934977, 'hidden_continuous_size': 34, 'attention_head_size': 4, 'learning_rate': 0.02957313859537592}. Best is trial 66 with value: 0.1798284649848938.
LOCAL_RANK: 0 - CUDA_VISIBLE_DEVICES: [0]
[I 2023-11-30 01:38:07,353] Trial 129 finished with value: 0.530628502368927 and parameters: {'gradient_clip_val': 0.5917817567098391, 'hidden_size': 99, 'dropout': 0.20917210819316145, 'hidden_continuous_size': 31, 'attention_head_size': 3, 'learning_rate': 0.017005198775177432}. Best is trial 66 with value: 0.1798284649848938.
LOCAL_RANK: 0 - CUDA_VISIBLE_DEVICES: [0]
[I 2023-11-30 01:38:21,398] Trial 130 finished with value: 0.289293497800827 and parameters: {'gradient_clip_val': 0.7542402350384015, 'hidden_size': 112, 'dropout': 0.2728302232560684, 'hidden_continuous_size': 33, 'attention_head_size': 3, 'learning_rate': 0.02084862892723583}. Best is trial 66 with value: 0.1798284649848938.
LOCAL_RANK: 0 - CUDA_VISIBLE_DEVICES: [0]
[I 2023-11-30 01:38:35,112] Trial 131 finished with value: 0.6042165160179138 and parameters: {'gradient_clip_val': 0.8568940243301308, 'hidden_size': 98, 'dropout': 0.2794320160124119, 'hidden_continuous_size': 17, 'attention_head_size': 2, 'learning_rate': 0.015460057949311986}. Best is trial 66 with value: 0.1798284649848938.
LOCAL_RANK: 0 - CUDA_VISIBLE_DEVICES: [0]
[I 2023-11-30 01:38:48,846] Trial 132 finished with value: 0.20075391232967377 and parameters: {'gradient_clip_val': 0.9765775987549009, 'hidden_size': 90, 'dropout': 0.30122144550578084, 'hidden_continuous_size': 18, 'attention_head_size': 2, 'learning_rate': 0.02562651777364757}. Best is trial 66 with value: 0.1798284649848938.
LOCAL_RANK: 0 - CUDA_VISIBLE_DEVICES: [0]
[I 2023-11-30 01:39:02,296] Trial 133 finished with value: 0.3184729516506195 and parameters: {'gradient_clip_val': 0.9566984839366529, 'hidden_size': 91, 'dropout': 0.30225634291273834, 'hidden_continuous_size': 18, 'attention_head_size': 2, 'learning_rate': 0.0267882568385375}. Best is trial 66 with value: 0.1798284649848938.
LOCAL_RANK: 0 - CUDA_VISIBLE_DEVICES: [0]
[I 2023-11-30 01:39:15,808] Trial 134 finished with value: 0.2973621189594269 and parameters: {'gradient_clip_val': 0.9976958254776463, 'hidden_size': 84, 'dropout': 0.31006764254228397, 'hidden_continuous_size': 24, 'attention_head_size': 2, 'learning_rate': 0.024435915015475967}. Best is trial 66 with value: 0.1798284649848938.
LOCAL_RANK: 0 - CUDA_VISIBLE_DEVICES: [0]
[I 2023-11-30 01:39:29,639] Trial 135 finished with value: 0.20538146793842316 and parameters: {'gradient_clip_val': 0.9016197162849974, 'hidden_size': 106, 'dropout': 0.29302253393413175, 'hidden_continuous_size': 21, 'attention_head_size': 2, 'learning_rate': 0.037550330159560844}. Best is trial 66 with value: 0.1798284649848938.
LOCAL_RANK: 0 - CUDA_VISIBLE_DEVICES: [0]
[I 2023-11-30 01:39:42,807] Trial 136 finished with value: 0.32364070415496826 and parameters: {'gradient_clip_val': 0.9051527566360008, 'hidden_size': 55, 'dropout': 0.29484972005840976, 'hidden_continuous_size': 22, 'attention_head_size': 2, 'learning_rate': 0.03874680759170976}. Best is trial 66 with value: 0.1798284649848938.
LOCAL_RANK: 0 - CUDA_VISIBLE_DEVICES: [0]
[I 2023-11-30 01:39:55,764] Trial 137 finished with value: 0.3495244085788727 and parameters: {'gradient_clip_val': 0.5159695103201676, 'hidden_size': 48, 'dropout': 0.3001702547295413, 'hidden_continuous_size': 21, 'attention_head_size': 2, 'learning_rate': 0.033913858398659576}. Best is trial 66 with value: 0.1798284649848938.
LOCAL_RANK: 0 - CUDA_VISIBLE_DEVICES: [0]
[I 2023-11-30 01:40:09,817] Trial 138 finished with value: 0.4378664493560791 and parameters: {'gradient_clip_val': 0.797254446229337, 'hidden_size': 133, 'dropout': 0.2904879274922187, 'hidden_continuous_size': 20, 'attention_head_size': 2, 'learning_rate': 0.03237859901867196}. Best is trial 66 with value: 0.1798284649848938.
LOCAL_RANK: 0 - CUDA_VISIBLE_DEVICES: [0]
[I 2023-11-30 01:40:23,419] Trial 139 finished with value: 0.3384309709072113 and parameters: {'gradient_clip_val': 0.6878872154846628, 'hidden_size': 106, 'dropout': 0.3154302916752378, 'hidden_continuous_size': 19, 'attention_head_size': 2, 'learning_rate': 0.03738136982922438}. Best is trial 66 with value: 0.1798284649848938.
LOCAL_RANK: 0 - CUDA_VISIBLE_DEVICES: [0]
[I 2023-11-30 01:40:37,288] Trial 140 finished with value: 0.2713329493999481 and parameters: {'gradient_clip_val': 0.48824186436383793, 'hidden_size': 125, 'dropout': 0.2846475788936849, 'hidden_continuous_size': 16, 'attention_head_size': 2, 'learning_rate': 0.029162213554381082}. Best is trial 66 with value: 0.1798284649848938.
LOCAL_RANK: 0 - CUDA_VISIBLE_DEVICES: [0]
[I 2023-11-30 01:40:50,732] Trial 141 finished with value: 0.4291158616542816 and parameters: {'gradient_clip_val': 0.8883975042905886, 'hidden_size': 78, 'dropout': 0.26685117044949663, 'hidden_continuous_size': 18, 'attention_head_size': 2, 'learning_rate': 0.02627209527323727}. Best is trial 66 with value: 0.1798284649848938.
LOCAL_RANK: 0 - CUDA_VISIBLE_DEVICES: [0]
[I 2023-11-30 01:41:04,682] Trial 142 finished with value: 0.3492198884487152 and parameters: {'gradient_clip_val': 0.8447374903549876, 'hidden_size': 95, 'dropout': 0.2524435910094262, 'hidden_continuous_size': 29, 'attention_head_size': 3, 'learning_rate': 0.022284061101105434}. Best is trial 66 with value: 0.1798284649848938.
LOCAL_RANK: 0 - CUDA_VISIBLE_DEVICES: [0]
[I 2023-11-30 01:41:18,181] Trial 143 finished with value: 0.23472444713115692 and parameters: {'gradient_clip_val': 0.9314697432779334, 'hidden_size': 71, 'dropout': 0.23929454372305264, 'hidden_continuous_size': 20, 'attention_head_size': 3, 'learning_rate': 0.019467658042109412}. Best is trial 66 with value: 0.1798284649848938.
LOCAL_RANK: 0 - CUDA_VISIBLE_DEVICES: [0]
[I 2023-11-30 01:41:31,567] Trial 144 finished with value: 0.2739832103252411 and parameters: {'gradient_clip_val': 0.9353397809110388, 'hidden_size': 65, 'dropout': 0.23757240545604869, 'hidden_continuous_size': 21, 'attention_head_size': 3, 'learning_rate': 0.019234872754033884}. Best is trial 66 with value: 0.1798284649848938.
LOCAL_RANK: 0 - CUDA_VISIBLE_DEVICES: [0]
[I 2023-11-30 01:41:45,026] Trial 145 finished with value: 0.21343356370925903 and parameters: {'gradient_clip_val': 0.6425528612818684, 'hidden_size': 73, 'dropout': 0.2261808793380575, 'hidden_continuous_size': 23, 'attention_head_size': 2, 'learning_rate': 0.02427741648290497}. Best is trial 66 with value: 0.1798284649848938.
LOCAL_RANK: 0 - CUDA_VISIBLE_DEVICES: [0]
[I 2023-11-30 01:41:58,539] Trial 146 finished with value: 0.32401153445243835 and parameters: {'gradient_clip_val': 0.7170463950657457, 'hidden_size': 87, 'dropout': 0.22635151532331138, 'hidden_continuous_size': 23, 'attention_head_size': 2, 'learning_rate': 0.030453901470886304}. Best is trial 66 with value: 0.1798284649848938.
LOCAL_RANK: 0 - CUDA_VISIBLE_DEVICES: [0]
[I 2023-11-30 01:42:12,126] Trial 147 finished with value: 0.40606197714805603 and parameters: {'gradient_clip_val': 0.6275366448563545, 'hidden_size': 80, 'dropout': 0.20633122632307682, 'hidden_continuous_size': 25, 'attention_head_size': 2, 'learning_rate': 0.024304142780840872}. Best is trial 66 with value: 0.1798284649848938.
LOCAL_RANK: 0 - CUDA_VISIBLE_DEVICES: [0]
[I 2023-11-30 01:42:26,085] Trial 148 finished with value: 0.25984686613082886 and parameters: {'gradient_clip_val': 0.6496404118113184, 'hidden_size': 118, 'dropout': 0.32281717073630345, 'hidden_continuous_size': 26, 'attention_head_size': 2, 'learning_rate': 0.026559701725235207}. Best is trial 66 with value: 0.1798284649848938.
LOCAL_RANK: 0 - CUDA_VISIBLE_DEVICES: [0]
[I 2023-11-30 01:42:40,320] Trial 149 finished with value: 0.41969260573387146 and parameters: {'gradient_clip_val': 0.5608501825270091, 'hidden_size': 142, 'dropout': 0.22163359656960546, 'hidden_continuous_size': 22, 'attention_head_size': 2, 'learning_rate': 0.04102156501474009}. Best is trial 66 with value: 0.1798284649848938.
[I 2023-11-30 01:42:40,430] A new study created in memory with name: no-name-f176c49b-97c0-48f2-a1f6-fe9f2430ff90
/home/le004/conda/anaconda3/envs/tsff_env/lib/python3.9/site-packages/lightning/fabric/plugins/environments/slurm.py:191: The `srun` command is available on your system but is not used. HINT: If your intention is to run Lightning on SLURM, prepend your python command with `srun` like so: srun python /home/le004/master_thesis/git/TSFusionForecast/code/ ...
LOCAL_RANK: 0 - CUDA_VISIBLE_DEVICES: [0]
