[I 2023-11-30 07:25:40,489] Trial 3 finished with value: 0.9926584362983704 and parameters: {'gradient_clip_val': 0.4465108582239506, 'hidden_size': 45, 'dropout': 0.17951376284043516, 'hidden_continuous_size': 11, 'attention_head_size': 4, 'learning_rate': 0.003358838352989746}. Best is trial 3 with value: 0.9926584362983704.
LOCAL_RANK: 0 - CUDA_VISIBLE_DEVICES: [0]
[I 2023-11-30 07:25:53,491] Trial 4 finished with value: 0.3800477981567383 and parameters: {'gradient_clip_val': 0.21429461165023758, 'hidden_size': 58, 'dropout': 0.1743006762073756, 'hidden_continuous_size': 20, 'attention_head_size': 1, 'learning_rate': 0.007276962669072375}. Best is trial 4 with value: 0.3800477981567383.
LOCAL_RANK: 0 - CUDA_VISIBLE_DEVICES: [0]
[I 2023-11-30 07:26:07,734] Trial 5 finished with value: 0.1262803077697754 and parameters: {'gradient_clip_val': 0.8889356124258908, 'hidden_size': 83, 'dropout': 0.18818251233350214, 'hidden_continuous_size': 74, 'attention_head_size': 4, 'learning_rate': 0.012246019708521582}. Best is trial 5 with value: 0.1262803077697754.
LOCAL_RANK: 0 - CUDA_VISIBLE_DEVICES: [0]
[I 2023-11-30 07:26:19,902] Trial 6 finished with value: 0.2876390516757965 and parameters: {'gradient_clip_val': 0.39329933945698703, 'hidden_size': 19, 'dropout': 0.28922229483298567, 'hidden_continuous_size': 10, 'attention_head_size': 2, 'learning_rate': 0.04797175770681355}. Best is trial 5 with value: 0.1262803077697754.
LOCAL_RANK: 0 - CUDA_VISIBLE_DEVICES: [0]
[I 2023-11-30 07:26:32,460] Trial 7 finished with value: 2.081813097000122 and parameters: {'gradient_clip_val': 0.20589723777754096, 'hidden_size': 26, 'dropout': 0.38594667240924097, 'hidden_continuous_size': 12, 'attention_head_size': 3, 'learning_rate': 0.003756589850505242}. Best is trial 5 with value: 0.1262803077697754.
LOCAL_RANK: 0 - CUDA_VISIBLE_DEVICES: [0]
[I 2023-11-30 07:26:42,840] Trial 8 finished with value: 3.2705917358398438 and parameters: {'gradient_clip_val': 0.16349471687259037, 'hidden_size': 10, 'dropout': 0.176595004109335, 'hidden_continuous_size': 10, 'attention_head_size': 3, 'learning_rate': 0.003528471662846977}. Best is trial 5 with value: 0.1262803077697754.
LOCAL_RANK: 0 - CUDA_VISIBLE_DEVICES: [0]
[I 2023-11-30 07:26:55,054] Trial 9 finished with value: 2.7209246158599854 and parameters: {'gradient_clip_val': 0.3692727353847053, 'hidden_size': 14, 'dropout': 0.184871781050428, 'hidden_continuous_size': 13, 'attention_head_size': 1, 'learning_rate': 0.004074805243453541}. Best is trial 5 with value: 0.1262803077697754.
LOCAL_RANK: 0 - CUDA_VISIBLE_DEVICES: [0]
[I 2023-11-30 07:27:10,003] Trial 10 finished with value: 0.14983518421649933 and parameters: {'gradient_clip_val': 0.9450927824264932, 'hidden_size': 138, 'dropout': 0.10935485193700355, 'hidden_continuous_size': 121, 'attention_head_size': 4, 'learning_rate': 0.02684474654154021}. Best is trial 5 with value: 0.1262803077697754.
LOCAL_RANK: 0 - CUDA_VISIBLE_DEVICES: [0]
[I 2023-11-30 07:27:24,992] Trial 11 finished with value: 0.24791701138019562 and parameters: {'gradient_clip_val': 0.9364377764766375, 'hidden_size': 145, 'dropout': 0.10410075947459271, 'hidden_continuous_size': 124, 'attention_head_size': 4, 'learning_rate': 0.029720634754803486}. Best is trial 5 with value: 0.1262803077697754.
LOCAL_RANK: 0 - CUDA_VISIBLE_DEVICES: [0]
[I 2023-11-30 07:27:39,659] Trial 12 finished with value: 0.22412003576755524 and parameters: {'gradient_clip_val': 0.8858693368628061, 'hidden_size': 144, 'dropout': 0.10564612706518094, 'hidden_continuous_size': 116, 'attention_head_size': 3, 'learning_rate': 0.0221776357469127}. Best is trial 5 with value: 0.1262803077697754.
LOCAL_RANK: 0 - CUDA_VISIBLE_DEVICES: [0]
[I 2023-11-30 07:27:53,749] Trial 13 finished with value: 0.22152818739414215 and parameters: {'gradient_clip_val': 0.6275727733234201, 'hidden_size': 74, 'dropout': 0.13722562999571336, 'hidden_continuous_size': 62, 'attention_head_size': 4, 'learning_rate': 0.09984933040026187}. Best is trial 5 with value: 0.1262803077697754.
LOCAL_RANK: 0 - CUDA_VISIBLE_DEVICES: [0]
[I 2023-11-30 07:28:08,079] Trial 14 finished with value: 0.20896922051906586 and parameters: {'gradient_clip_val': 0.638399267275452, 'hidden_size': 98, 'dropout': 0.22701737087945015, 'hidden_continuous_size': 75, 'attention_head_size': 3, 'learning_rate': 0.017088692071180755}. Best is trial 5 with value: 0.1262803077697754.
LOCAL_RANK: 0 - CUDA_VISIBLE_DEVICES: [0]
[I 2023-11-30 07:28:22,571] Trial 15 finished with value: 0.2624121606349945 and parameters: {'gradient_clip_val': 0.10978957995195894, 'hidden_size': 106, 'dropout': 0.14341200716894148, 'hidden_continuous_size': 81, 'attention_head_size': 4, 'learning_rate': 0.011481878339329496}. Best is trial 5 with value: 0.1262803077697754.
LOCAL_RANK: 0 - CUDA_VISIBLE_DEVICES: [0]
[I 2023-11-30 07:28:36,157] Trial 16 finished with value: 0.2563192546367645 and parameters: {'gradient_clip_val': 0.6991076847715224, 'hidden_size': 64, 'dropout': 0.23390541585290775, 'hidden_continuous_size': 37, 'attention_head_size': 4, 'learning_rate': 0.012136750339661188}. Best is trial 5 with value: 0.1262803077697754.
LOCAL_RANK: 0 - CUDA_VISIBLE_DEVICES: [0]
[I 2023-11-30 07:28:51,238] Trial 17 finished with value: 0.22593097388744354 and parameters: {'gradient_clip_val': 0.9431044112539276, 'hidden_size': 149, 'dropout': 0.13689228376566492, 'hidden_continuous_size': 138, 'attention_head_size': 2, 'learning_rate': 0.03151238808108305}. Best is trial 5 with value: 0.1262803077697754.
LOCAL_RANK: 0 - CUDA_VISIBLE_DEVICES: [0]
[I 2023-11-30 07:29:05,070] Trial 18 finished with value: 0.17642033100128174 and parameters: {'gradient_clip_val': 0.5253543105535685, 'hidden_size': 78, 'dropout': 0.10439422944613054, 'hidden_continuous_size': 46, 'attention_head_size': 3, 'learning_rate': 0.009142633819058239}. Best is trial 5 with value: 0.1262803077697754.
LOCAL_RANK: 0 - CUDA_VISIBLE_DEVICES: [0]
[I 2023-11-30 07:29:18,419] Trial 19 finished with value: 0.3345813751220703 and parameters: {'gradient_clip_val': 0.7977357899353001, 'hidden_size': 56, 'dropout': 0.22150087790199893, 'hidden_continuous_size': 30, 'attention_head_size': 4, 'learning_rate': 0.016298469668683126}. Best is trial 5 with value: 0.1262803077697754.
LOCAL_RANK: 0 - CUDA_VISIBLE_DEVICES: [0]
[I 2023-11-30 07:29:32,709] Trial 20 finished with value: 0.28192126750946045 and parameters: {'gradient_clip_val': 0.7279916410281855, 'hidden_size': 112, 'dropout': 0.2125532240139621, 'hidden_continuous_size': 89, 'attention_head_size': 3, 'learning_rate': 0.049960962976681275}. Best is trial 5 with value: 0.1262803077697754.
LOCAL_RANK: 0 - CUDA_VISIBLE_DEVICES: [0]
[I 2023-11-30 07:29:46,619] Trial 21 finished with value: 0.34886452555656433 and parameters: {'gradient_clip_val': 0.5197683756442915, 'hidden_size': 81, 'dropout': 0.10288119651451466, 'hidden_continuous_size': 47, 'attention_head_size': 3, 'learning_rate': 0.009007129415760868}. Best is trial 5 with value: 0.1262803077697754.
LOCAL_RANK: 0 - CUDA_VISIBLE_DEVICES: [0]
[I 2023-11-30 07:30:00,652] Trial 22 finished with value: 0.16927456855773926 and parameters: {'gradient_clip_val': 0.9912313374311175, 'hidden_size': 74, 'dropout': 0.13376172367412706, 'hidden_continuous_size': 47, 'attention_head_size': 4, 'learning_rate': 0.007326366680661524}. Best is trial 5 with value: 0.1262803077697754.
LOCAL_RANK: 0 - CUDA_VISIBLE_DEVICES: [0]
[I 2023-11-30 07:30:14,994] Trial 23 finished with value: 0.2774723768234253 and parameters: {'gradient_clip_val': 0.9294018748323722, 'hidden_size': 108, 'dropout': 0.1487208985653347, 'hidden_continuous_size': 66, 'attention_head_size': 4, 'learning_rate': 0.016871833082380085}. Best is trial 5 with value: 0.1262803077697754.
LOCAL_RANK: 0 - CUDA_VISIBLE_DEVICES: [0]
[I 2023-11-30 07:30:28,720] Trial 24 finished with value: 0.3202696740627289 and parameters: {'gradient_clip_val': 0.7754309683642777, 'hidden_size': 68, 'dropout': 0.12951282739765987, 'hidden_continuous_size': 53, 'attention_head_size': 4, 'learning_rate': 0.006401029895676026}. Best is trial 5 with value: 0.1262803077697754.
LOCAL_RANK: 0 - CUDA_VISIBLE_DEVICES: [0]
[I 2023-11-30 07:30:42,214] Trial 25 finished with value: 0.21673382818698883 and parameters: {'gradient_clip_val': 0.9828249904565803, 'hidden_size': 52, 'dropout': 0.15410584745556696, 'hidden_continuous_size': 39, 'attention_head_size': 4, 'learning_rate': 0.012211447981483183}. Best is trial 5 with value: 0.1262803077697754.
LOCAL_RANK: 0 - CUDA_VISIBLE_DEVICES: [0]
[I 2023-11-30 07:30:56,180] Trial 26 finished with value: 0.17183208465576172 and parameters: {'gradient_clip_val': 0.6265349636554874, 'hidden_size': 84, 'dropout': 0.12288130359426322, 'hidden_continuous_size': 59, 'attention_head_size': 4, 'learning_rate': 0.007290504945357796}. Best is trial 5 with value: 0.1262803077697754.
LOCAL_RANK: 0 - CUDA_VISIBLE_DEVICES: [0]
[I 2023-11-30 07:31:10,846] Trial 27 finished with value: 0.17678017914295197 and parameters: {'gradient_clip_val': 0.7866814910583089, 'hidden_size': 121, 'dropout': 0.1560696689136065, 'hidden_continuous_size': 93, 'attention_head_size': 3, 'learning_rate': 0.02576445483831117}. Best is trial 5 with value: 0.1262803077697754.
LOCAL_RANK: 0 - CUDA_VISIBLE_DEVICES: [0]
[I 2023-11-30 07:31:25,195] Trial 28 finished with value: 0.1338285207748413 and parameters: {'gradient_clip_val': 0.5304647517228673, 'hidden_size': 91, 'dropout': 0.1988496481713475, 'hidden_continuous_size': 70, 'attention_head_size': 4, 'learning_rate': 0.014591022737143933}. Best is trial 5 with value: 0.1262803077697754.
LOCAL_RANK: 0 - CUDA_VISIBLE_DEVICES: [0]
[I 2023-11-30 07:31:39,602] Trial 29 finished with value: 0.40675389766693115 and parameters: {'gradient_clip_val': 0.5259616838564577, 'hidden_size': 95, 'dropout': 0.2076120215801726, 'hidden_continuous_size': 70, 'attention_head_size': 4, 'learning_rate': 0.002629825681081759}. Best is trial 5 with value: 0.1262803077697754.
LOCAL_RANK: 0 - CUDA_VISIBLE_DEVICES: [0]
[I 2023-11-30 07:31:53,991] Trial 30 finished with value: 0.5129682421684265 and parameters: {'gradient_clip_val': 0.3124448662078574, 'hidden_size': 120, 'dropout': 0.19434430455454485, 'hidden_continuous_size': 103, 'attention_head_size': 2, 'learning_rate': 0.0020225127766902865}. Best is trial 5 with value: 0.1262803077697754.
LOCAL_RANK: 0 - CUDA_VISIBLE_DEVICES: [0]
[I 2023-11-30 07:32:08,167] Trial 31 finished with value: 0.18959462642669678 and parameters: {'gradient_clip_val': 0.8181348936666533, 'hidden_size': 88, 'dropout': 0.16608000897439323, 'hidden_continuous_size': 70, 'attention_head_size': 4, 'learning_rate': 0.013835006632576752}. Best is trial 5 with value: 0.1262803077697754.
LOCAL_RANK: 0 - CUDA_VISIBLE_DEVICES: [0]
[I 2023-11-30 07:32:22,377] Trial 32 finished with value: 0.17092745006084442 and parameters: {'gradient_clip_val': 0.9934525878723829, 'hidden_size': 70, 'dropout': 0.16149413611769176, 'hidden_continuous_size': 57, 'attention_head_size': 4, 'learning_rate': 0.00911576180197617}. Best is trial 5 with value: 0.1262803077697754.
LOCAL_RANK: 0 - CUDA_VISIBLE_DEVICES: [0]
[I 2023-11-30 07:32:36,407] Trial 33 finished with value: 0.945981502532959 and parameters: {'gradient_clip_val': 0.7037545212516612, 'hidden_size': 88, 'dropout': 0.12502732706811356, 'hidden_continuous_size': 65, 'attention_head_size': 4, 'learning_rate': 0.0010278274301066146}. Best is trial 5 with value: 0.1262803077697754.
LOCAL_RANK: 0 - CUDA_VISIBLE_DEVICES: [0]
[I 2023-11-30 07:32:50,025] Trial 34 finished with value: 0.5118834972381592 and parameters: {'gradient_clip_val': 0.8128909313228627, 'hidden_size': 49, 'dropout': 0.19684105454436807, 'hidden_continuous_size': 45, 'attention_head_size': 4, 'learning_rate': 0.00539421799923352}. Best is trial 5 with value: 0.1262803077697754.
LOCAL_RANK: 0 - CUDA_VISIBLE_DEVICES: [0]
[I 2023-11-30 07:33:03,309] Trial 35 finished with value: 0.25547680258750916 and parameters: {'gradient_clip_val': 0.8433106179155518, 'hidden_size': 42, 'dropout': 0.16835036076558127, 'hidden_continuous_size': 38, 'attention_head_size': 4, 'learning_rate': 0.018905355792947158}. Best is trial 5 with value: 0.1262803077697754.
LOCAL_RANK: 0 - CUDA_VISIBLE_DEVICES: [0]
[I 2023-11-30 07:33:16,951] Trial 36 finished with value: 0.20826314389705658 and parameters: {'gradient_clip_val': 0.5648984195532988, 'hidden_size': 60, 'dropout': 0.18714004017566027, 'hidden_continuous_size': 52, 'attention_head_size': 3, 'learning_rate': 0.010569092169572776}. Best is trial 5 with value: 0.1262803077697754.
LOCAL_RANK: 0 - CUDA_VISIBLE_DEVICES: [0]
[I 2023-11-30 07:33:31,583] Trial 37 finished with value: 0.2086768001317978 and parameters: {'gradient_clip_val': 0.4611001700756205, 'hidden_size': 124, 'dropout': 0.12145942847409524, 'hidden_continuous_size': 82, 'attention_head_size': 4, 'learning_rate': 0.0052385390471785575}. Best is trial 5 with value: 0.1262803077697754.
LOCAL_RANK: 0 - CUDA_VISIBLE_DEVICES: [0]
[I 2023-11-30 07:33:45,774] Trial 38 finished with value: 0.2538606822490692 and parameters: {'gradient_clip_val': 0.6642681943169468, 'hidden_size': 96, 'dropout': 0.2482090535375368, 'hidden_continuous_size': 78, 'attention_head_size': 4, 'learning_rate': 0.013945881829139924}. Best is trial 5 with value: 0.1262803077697754.
LOCAL_RANK: 0 - CUDA_VISIBLE_DEVICES: [0]
[I 2023-11-30 07:33:59,562] Trial 39 finished with value: 0.31149134039878845 and parameters: {'gradient_clip_val': 0.879279483386075, 'hidden_size': 73, 'dropout': 0.17252938702148884, 'hidden_continuous_size': 58, 'attention_head_size': 1, 'learning_rate': 0.007410897666061776}. Best is trial 5 with value: 0.1262803077697754.
LOCAL_RANK: 0 - CUDA_VISIBLE_DEVICES: [0]
[I 2023-11-30 07:34:13,226] Trial 40 finished with value: 0.1855180710554123 and parameters: {'gradient_clip_val': 0.7357681091494408, 'hidden_size': 63, 'dropout': 0.15112535790061174, 'hidden_continuous_size': 54, 'attention_head_size': 3, 'learning_rate': 0.01912675095137053}. Best is trial 5 with value: 0.1262803077697754.
LOCAL_RANK: 0 - CUDA_VISIBLE_DEVICES: [0]
[I 2023-11-30 07:34:27,226] Trial 41 finished with value: 0.21355056762695312 and parameters: {'gradient_clip_val': 0.9636654099538803, 'hidden_size': 73, 'dropout': 0.16079570928933268, 'hidden_continuous_size': 59, 'attention_head_size': 4, 'learning_rate': 0.008383679122966324}. Best is trial 5 with value: 0.1262803077697754.
LOCAL_RANK: 0 - CUDA_VISIBLE_DEVICES: [0]
[I 2023-11-30 07:34:41,539] Trial 42 finished with value: 0.2177482396364212 and parameters: {'gradient_clip_val': 0.9982019329261409, 'hidden_size': 84, 'dropout': 0.1716131015606337, 'hidden_continuous_size': 71, 'attention_head_size': 4, 'learning_rate': 0.00937987417564652}. Best is trial 5 with value: 0.1262803077697754.
LOCAL_RANK: 0 - CUDA_VISIBLE_DEVICES: [0]
[I 2023-11-30 07:34:55,986] Trial 43 finished with value: 0.41872820258140564 and parameters: {'gradient_clip_val': 0.849807630248524, 'hidden_size': 102, 'dropout': 0.18833062181527457, 'hidden_continuous_size': 86, 'attention_head_size': 4, 'learning_rate': 0.0066832171746609974}. Best is trial 5 with value: 0.1262803077697754.
LOCAL_RANK: 0 - CUDA_VISIBLE_DEVICES: [0]
[I 2023-11-30 07:35:10,570] Trial 44 finished with value: 0.20392680168151855 and parameters: {'gradient_clip_val': 0.8695899529947879, 'hidden_size': 130, 'dropout': 0.11895012349172748, 'hidden_continuous_size': 92, 'attention_head_size': 4, 'learning_rate': 0.004821985896984524}. Best is trial 5 with value: 0.1262803077697754.
LOCAL_RANK: 0 - CUDA_VISIBLE_DEVICES: [0]
[I 2023-11-30 07:35:24,529] Trial 45 finished with value: 0.1665700525045395 and parameters: {'gradient_clip_val': 0.9982220813621716, 'hidden_size': 67, 'dropout': 0.14140026999959376, 'hidden_continuous_size': 55, 'attention_head_size': 4, 'learning_rate': 0.01015406480859709}. Best is trial 5 with value: 0.1262803077697754.
LOCAL_RANK: 0 - CUDA_VISIBLE_DEVICES: [0]
[I 2023-11-30 07:35:37,401] Trial 46 finished with value: 0.3288019597530365 and parameters: {'gradient_clip_val': 0.7425418053217524, 'hidden_size': 33, 'dropout': 0.13707241296944989, 'hidden_continuous_size': 29, 'attention_head_size': 4, 'learning_rate': 0.014073354074319146}. Best is trial 5 with value: 0.1262803077697754.
LOCAL_RANK: 0 - CUDA_VISIBLE_DEVICES: [0]
[I 2023-11-30 07:35:52,219] Trial 47 finished with value: 0.15040360391139984 and parameters: {'gradient_clip_val': 0.6118412723128042, 'hidden_size': 131, 'dropout': 0.11602321173739749, 'hidden_continuous_size': 111, 'attention_head_size': 3, 'learning_rate': 0.010320773127096032}. Best is trial 5 with value: 0.1262803077697754.
LOCAL_RANK: 0 - CUDA_VISIBLE_DEVICES: [0]
[I 2023-11-30 07:36:06,826] Trial 48 finished with value: 0.33601999282836914 and parameters: {'gradient_clip_val': 0.6051291510631173, 'hidden_size': 133, 'dropout': 0.1442592718001403, 'hidden_continuous_size': 108, 'attention_head_size': 2, 'learning_rate': 0.010741795987143856}. Best is trial 5 with value: 0.1262803077697754.
LOCAL_RANK: 0 - CUDA_VISIBLE_DEVICES: [0]
[I 2023-11-30 07:36:21,252] Trial 49 finished with value: 0.200883150100708 and parameters: {'gradient_clip_val': 0.6850963763650532, 'hidden_size': 111, 'dropout': 0.11296977039158936, 'hidden_continuous_size': 96, 'attention_head_size': 3, 'learning_rate': 0.021176549892053607}. Best is trial 5 with value: 0.1262803077697754.
LOCAL_RANK: 0 - CUDA_VISIBLE_DEVICES: [0]
[I 2023-11-30 07:36:36,087] Trial 50 finished with value: 0.28545841574668884 and parameters: {'gradient_clip_val': 0.6824707978780193, 'hidden_size': 148, 'dropout': 0.11082740380580984, 'hidden_continuous_size': 125, 'attention_head_size': 3, 'learning_rate': 0.024717498716496145}. Best is trial 5 with value: 0.1262803077697754.
LOCAL_RANK: 0 - CUDA_VISIBLE_DEVICES: [0]
[I 2023-11-30 07:36:50,336] Trial 51 finished with value: 0.1514178365468979 and parameters: {'gradient_clip_val': 0.9004425577356027, 'hidden_size': 96, 'dropout': 0.13167425698121663, 'hidden_continuous_size': 78, 'attention_head_size': 4, 'learning_rate': 0.00631424470124815}. Best is trial 5 with value: 0.1262803077697754.
LOCAL_RANK: 0 - CUDA_VISIBLE_DEVICES: [0]
[I 2023-11-30 07:37:04,923] Trial 52 finished with value: 0.1958017200231552 and parameters: {'gradient_clip_val': 0.758681666719172, 'hidden_size': 98, 'dropout': 0.1314062889561906, 'hidden_continuous_size': 81, 'attention_head_size': 4, 'learning_rate': 0.011530772945471694}. Best is trial 5 with value: 0.1262803077697754.
LOCAL_RANK: 0 - CUDA_VISIBLE_DEVICES: [0]
[I 2023-11-30 07:37:19,572] Trial 53 finished with value: 0.26189982891082764 and parameters: {'gradient_clip_val': 0.8855002417892739, 'hidden_size': 134, 'dropout': 0.1149042566333485, 'hidden_continuous_size': 105, 'attention_head_size': 2, 'learning_rate': 0.006088141703291329}. Best is trial 5 with value: 0.1262803077697754.
LOCAL_RANK: 0 - CUDA_VISIBLE_DEVICES: [0]
[I 2023-11-30 07:37:34,001] Trial 54 finished with value: 0.2141232043504715 and parameters: {'gradient_clip_val': 0.8941525790085442, 'hidden_size': 112, 'dropout': 0.10417363724734033, 'hidden_continuous_size': 77, 'attention_head_size': 3, 'learning_rate': 0.015656807572816126}. Best is trial 5 with value: 0.1262803077697754.
LOCAL_RANK: 0 - CUDA_VISIBLE_DEVICES: [0]
[I 2023-11-30 07:37:48,339] Trial 55 finished with value: 0.4570334851741791 and parameters: {'gradient_clip_val': 0.5953604585389262, 'hidden_size': 90, 'dropout': 0.1449427549758823, 'hidden_continuous_size': 75, 'attention_head_size': 4, 'learning_rate': 0.004181573700660841}. Best is trial 5 with value: 0.1262803077697754.
LOCAL_RANK: 0 - CUDA_VISIBLE_DEVICES: [0]
[I 2023-11-30 07:38:02,647] Trial 56 finished with value: 0.2897191047668457 and parameters: {'gradient_clip_val': 0.7948865056360843, 'hidden_size': 103, 'dropout': 0.1331116268258937, 'hidden_continuous_size': 85, 'attention_head_size': 1, 'learning_rate': 0.008096676238904015}. Best is trial 5 with value: 0.1262803077697754.
LOCAL_RANK: 0 - CUDA_VISIBLE_DEVICES: [0]
[I 2023-11-30 07:38:16,867] Trial 57 finished with value: 0.17462487518787384 and parameters: {'gradient_clip_val': 0.9157095407793235, 'hidden_size': 81, 'dropout': 0.1002660667976166, 'hidden_continuous_size': 72, 'attention_head_size': 4, 'learning_rate': 0.009593114007931815}. Best is trial 5 with value: 0.1262803077697754.
LOCAL_RANK: 0 - CUDA_VISIBLE_DEVICES: [0]
[I 2023-11-30 07:38:31,335] Trial 58 finished with value: 0.17559941112995148 and parameters: {'gradient_clip_val': 0.6604609748195676, 'hidden_size': 115, 'dropout': 0.17809726417229862, 'hidden_continuous_size': 99, 'attention_head_size': 3, 'learning_rate': 0.012923287094160766}. Best is trial 5 with value: 0.1262803077697754.
LOCAL_RANK: 0 - CUDA_VISIBLE_DEVICES: [0]
[I 2023-11-30 07:38:46,244] Trial 59 finished with value: 0.16248959302902222 and parameters: {'gradient_clip_val': 0.746588288191186, 'hidden_size': 137, 'dropout': 0.118814171591403, 'hidden_continuous_size': 122, 'attention_head_size': 4, 'learning_rate': 0.011485264365311209}. Best is trial 5 with value: 0.1262803077697754.
LOCAL_RANK: 0 - CUDA_VISIBLE_DEVICES: [0]
[I 2023-11-30 07:39:01,062] Trial 60 finished with value: 0.24702922999858856 and parameters: {'gradient_clip_val': 0.7318722619944129, 'hidden_size': 133, 'dropout': 0.11726377198836575, 'hidden_continuous_size': 115, 'attention_head_size': 4, 'learning_rate': 0.016972233531132707}. Best is trial 5 with value: 0.1262803077697754.
LOCAL_RANK: 0 - CUDA_VISIBLE_DEVICES: [0]
[I 2023-11-30 07:39:16,343] Trial 61 finished with value: 0.213592067360878 and parameters: {'gradient_clip_val': 0.8079550718517148, 'hidden_size': 150, 'dropout': 0.14301432778971318, 'hidden_continuous_size': 130, 'attention_head_size': 4, 'learning_rate': 0.012720567536188242}. Best is trial 5 with value: 0.1262803077697754.
LOCAL_RANK: 0 - CUDA_VISIBLE_DEVICES: [0]
