[I 2023-11-30 02:33:10,561] Trial 82 finished with value: 0.09461694210767746 and parameters: {'gradient_clip_val': 0.6738324317910637, 'hidden_size': 77, 'dropout': 0.3221634093434277, 'hidden_continuous_size': 18, 'attention_head_size': 4, 'learning_rate': 0.0828256157347616}. Best is trial 32 with value: 0.0895693302154541.
LOCAL_RANK: 0 - CUDA_VISIBLE_DEVICES: [0]
[I 2023-11-30 02:33:24,236] Trial 83 finished with value: 0.16710330545902252 and parameters: {'gradient_clip_val': 0.9065282619605471, 'hidden_size': 73, 'dropout': 0.3240733228081977, 'hidden_continuous_size': 16, 'attention_head_size': 4, 'learning_rate': 0.0806128403393698}. Best is trial 32 with value: 0.0895693302154541.
LOCAL_RANK: 0 - CUDA_VISIBLE_DEVICES: [0]
[I 2023-11-30 02:33:37,753] Trial 84 finished with value: 0.16216179728507996 and parameters: {'gradient_clip_val': 0.9960065272122391, 'hidden_size': 77, 'dropout': 0.32672052215308733, 'hidden_continuous_size': 18, 'attention_head_size': 4, 'learning_rate': 0.06707447001348338}. Best is trial 32 with value: 0.0895693302154541.
LOCAL_RANK: 0 - CUDA_VISIBLE_DEVICES: [0]
[I 2023-11-30 02:33:51,042] Trial 85 finished with value: 0.17119349539279938 and parameters: {'gradient_clip_val': 0.6828674511840623, 'hidden_size': 84, 'dropout': 0.34649881168787067, 'hidden_continuous_size': 14, 'attention_head_size': 4, 'learning_rate': 0.09028898736517263}. Best is trial 32 with value: 0.0895693302154541.
LOCAL_RANK: 0 - CUDA_VISIBLE_DEVICES: [0]
[I 2023-11-30 02:34:04,027] Trial 86 finished with value: 0.1478739231824875 and parameters: {'gradient_clip_val': 0.7935116685668708, 'hidden_size': 56, 'dropout': 0.3185032351592847, 'hidden_continuous_size': 17, 'attention_head_size': 1, 'learning_rate': 0.09510983997304645}. Best is trial 32 with value: 0.0895693302154541.
LOCAL_RANK: 0 - CUDA_VISIBLE_DEVICES: [0]
[I 2023-11-30 02:34:17,397] Trial 87 finished with value: 0.10363509505987167 and parameters: {'gradient_clip_val': 0.739136477036555, 'hidden_size': 69, 'dropout': 0.3073596602399393, 'hidden_continuous_size': 15, 'attention_head_size': 3, 'learning_rate': 0.07117169418757775}. Best is trial 32 with value: 0.0895693302154541.
LOCAL_RANK: 0 - CUDA_VISIBLE_DEVICES: [0]
[I 2023-11-30 02:34:30,866] Trial 88 finished with value: 0.17026357352733612 and parameters: {'gradient_clip_val': 0.7239370147882238, 'hidden_size': 67, 'dropout': 0.3035310229721328, 'hidden_continuous_size': 13, 'attention_head_size': 3, 'learning_rate': 0.07254779439464343}. Best is trial 32 with value: 0.0895693302154541.
LOCAL_RANK: 0 - CUDA_VISIBLE_DEVICES: [0]
[I 2023-11-30 02:34:44,122] Trial 89 finished with value: 0.19025343656539917 and parameters: {'gradient_clip_val': 0.8656826768434329, 'hidden_size': 69, 'dropout': 0.29690370362069607, 'hidden_continuous_size': 15, 'attention_head_size': 3, 'learning_rate': 0.05606841079671899}. Best is trial 32 with value: 0.0895693302154541.
LOCAL_RANK: 0 - CUDA_VISIBLE_DEVICES: [0]
[I 2023-11-30 02:34:57,595] Trial 90 finished with value: 0.18301363289356232 and parameters: {'gradient_clip_val': 0.7670168894541919, 'hidden_size': 79, 'dropout': 0.31220687898276445, 'hidden_continuous_size': 14, 'attention_head_size': 3, 'learning_rate': 0.08028075518645485}. Best is trial 32 with value: 0.0895693302154541.
LOCAL_RANK: 0 - CUDA_VISIBLE_DEVICES: [0]
[I 2023-11-30 02:35:10,673] Trial 91 finished with value: 0.20853357017040253 and parameters: {'gradient_clip_val': 0.673446423043566, 'hidden_size': 51, 'dropout': 0.3355062292117254, 'hidden_continuous_size': 18, 'attention_head_size': 3, 'learning_rate': 0.06600871672965851}. Best is trial 32 with value: 0.0895693302154541.
LOCAL_RANK: 0 - CUDA_VISIBLE_DEVICES: [0]
[I 2023-11-30 02:35:23,835] Trial 92 finished with value: 0.16476599872112274 and parameters: {'gradient_clip_val': 0.8201660846744785, 'hidden_size': 60, 'dropout': 0.3288156322962928, 'hidden_continuous_size': 16, 'attention_head_size': 4, 'learning_rate': 0.05553176191718206}. Best is trial 32 with value: 0.0895693302154541.
LOCAL_RANK: 0 - CUDA_VISIBLE_DEVICES: [0]
[I 2023-11-30 02:35:37,426] Trial 93 finished with value: 0.22637295722961426 and parameters: {'gradient_clip_val': 0.6353955447909262, 'hidden_size': 74, 'dropout': 0.2808159700214673, 'hidden_continuous_size': 19, 'attention_head_size': 1, 'learning_rate': 0.04911988399834804}. Best is trial 32 with value: 0.0895693302154541.
LOCAL_RANK: 0 - CUDA_VISIBLE_DEVICES: [0]
[I 2023-11-30 02:35:50,627] Trial 94 finished with value: 0.11522866040468216 and parameters: {'gradient_clip_val': 0.5539647094220339, 'hidden_size': 64, 'dropout': 0.31816465066088234, 'hidden_continuous_size': 17, 'attention_head_size': 3, 'learning_rate': 0.09729935904405686}. Best is trial 32 with value: 0.0895693302154541.
LOCAL_RANK: 0 - CUDA_VISIBLE_DEVICES: [0]
[I 2023-11-30 02:36:03,645] Trial 95 finished with value: 0.0911373421549797 and parameters: {'gradient_clip_val': 0.7037436067795598, 'hidden_size': 55, 'dropout': 0.30988941998367975, 'hidden_continuous_size': 21, 'attention_head_size': 1, 'learning_rate': 0.07246343287094588}. Best is trial 32 with value: 0.0895693302154541.
LOCAL_RANK: 0 - CUDA_VISIBLE_DEVICES: [0]
[I 2023-11-30 02:36:17,029] Trial 96 finished with value: 0.08880868554115295 and parameters: {'gradient_clip_val': 0.7043743521795484, 'hidden_size': 59, 'dropout': 0.29306900025975635, 'hidden_continuous_size': 21, 'attention_head_size': 4, 'learning_rate': 0.07077695518849197}. Best is trial 96 with value: 0.08880868554115295.
LOCAL_RANK: 0 - CUDA_VISIBLE_DEVICES: [0]
[I 2023-11-30 02:36:30,677] Trial 97 finished with value: 0.08791882544755936 and parameters: {'gradient_clip_val': 0.7057634039003087, 'hidden_size': 69, 'dropout': 0.29111011025474176, 'hidden_continuous_size': 22, 'attention_head_size': 4, 'learning_rate': 0.07548317846123817}. Best is trial 97 with value: 0.08791882544755936.
LOCAL_RANK: 0 - CUDA_VISIBLE_DEVICES: [0]
[I 2023-11-30 02:36:43,922] Trial 98 finished with value: 0.1098749116063118 and parameters: {'gradient_clip_val': 0.702142798895493, 'hidden_size': 56, 'dropout': 0.29105368739692034, 'hidden_continuous_size': 22, 'attention_head_size': 4, 'learning_rate': 0.06997576963536212}. Best is trial 97 with value: 0.08791882544755936.
LOCAL_RANK: 0 - CUDA_VISIBLE_DEVICES: [0]
[I 2023-11-30 02:36:57,523] Trial 99 finished with value: 0.08941137790679932 and parameters: {'gradient_clip_val': 0.6529308726196718, 'hidden_size': 88, 'dropout': 0.2854019668114657, 'hidden_continuous_size': 25, 'attention_head_size': 4, 'learning_rate': 0.06109618318894385}. Best is trial 97 with value: 0.08791882544755936.
LOCAL_RANK: 0 - CUDA_VISIBLE_DEVICES: [0]
[I 2023-11-30 02:37:11,257] Trial 100 finished with value: 0.17940670251846313 and parameters: {'gradient_clip_val': 0.6082154525690772, 'hidden_size': 90, 'dropout': 0.2715986622844848, 'hidden_continuous_size': 29, 'attention_head_size': 4, 'learning_rate': 0.061890780980836224}. Best is trial 97 with value: 0.08791882544755936.
LOCAL_RANK: 0 - CUDA_VISIBLE_DEVICES: [0]
[I 2023-11-30 02:37:25,195] Trial 101 finished with value: 0.27790796756744385 and parameters: {'gradient_clip_val': 0.6689746888144372, 'hidden_size': 105, 'dropout': 0.28473013592652635, 'hidden_continuous_size': 25, 'attention_head_size': 4, 'learning_rate': 0.07609143620550678}. Best is trial 97 with value: 0.08791882544755936.
LOCAL_RANK: 0 - CUDA_VISIBLE_DEVICES: [0]
[I 2023-11-30 02:37:38,658] Trial 102 finished with value: 0.1464574784040451 and parameters: {'gradient_clip_val': 0.7428400948124606, 'hidden_size': 76, 'dropout': 0.3011776192858833, 'hidden_continuous_size': 22, 'attention_head_size': 4, 'learning_rate': 0.0647723114772584}. Best is trial 97 with value: 0.08791882544755936.
LOCAL_RANK: 0 - CUDA_VISIBLE_DEVICES: [0]
[I 2023-11-30 02:37:52,353] Trial 103 finished with value: 0.22705288231372833 and parameters: {'gradient_clip_val': 0.6583054691062065, 'hidden_size': 71, 'dropout': 0.30879151451316683, 'hidden_continuous_size': 21, 'attention_head_size': 4, 'learning_rate': 0.07916173381451051}. Best is trial 97 with value: 0.08791882544755936.
LOCAL_RANK: 0 - CUDA_VISIBLE_DEVICES: [0]
[I 2023-11-30 02:38:05,769] Trial 104 finished with value: 0.1625833958387375 and parameters: {'gradient_clip_val': 0.5967218657252786, 'hidden_size': 64, 'dropout': 0.28780595250741875, 'hidden_continuous_size': 23, 'attention_head_size': 4, 'learning_rate': 0.07161340719486173}. Best is trial 97 with value: 0.08791882544755936.
LOCAL_RANK: 0 - CUDA_VISIBLE_DEVICES: [0]
[I 2023-11-30 02:38:19,312] Trial 105 finished with value: 0.22217482328414917 and parameters: {'gradient_clip_val': 0.6372296900777937, 'hidden_size': 84, 'dropout': 0.29210853098905804, 'hidden_continuous_size': 24, 'attention_head_size': 4, 'learning_rate': 0.0990826331076958}. Best is trial 97 with value: 0.08791882544755936.
LOCAL_RANK: 0 - CUDA_VISIBLE_DEVICES: [0]
[I 2023-11-30 02:38:32,629] Trial 106 finished with value: 0.09463638067245483 and parameters: {'gradient_clip_val': 0.729748328903565, 'hidden_size': 60, 'dropout': 0.298266675491301, 'hidden_continuous_size': 25, 'attention_head_size': 4, 'learning_rate': 0.058408056848757495}. Best is trial 97 with value: 0.08791882544755936.
LOCAL_RANK: 0 - CUDA_VISIBLE_DEVICES: [0]
[I 2023-11-30 02:38:46,054] Trial 107 finished with value: 0.20879119634628296 and parameters: {'gradient_clip_val': 0.6921674009274543, 'hidden_size': 59, 'dropout': 0.27879707378103935, 'hidden_continuous_size': 25, 'attention_head_size': 4, 'learning_rate': 0.05173493884218536}. Best is trial 97 with value: 0.08791882544755936.
LOCAL_RANK: 0 - CUDA_VISIBLE_DEVICES: [0]
[I 2023-11-30 02:38:59,314] Trial 108 finished with value: 0.2535543143749237 and parameters: {'gradient_clip_val': 0.5623461238236581, 'hidden_size': 52, 'dropout': 0.29863039933459, 'hidden_continuous_size': 23, 'attention_head_size': 4, 'learning_rate': 0.04453993881707103}. Best is trial 97 with value: 0.08791882544755936.
LOCAL_RANK: 0 - CUDA_VISIBLE_DEVICES: [0]
[I 2023-11-30 02:39:12,494] Trial 109 finished with value: 0.11581575870513916 and parameters: {'gradient_clip_val': 0.631071454086156, 'hidden_size': 50, 'dropout': 0.26775405029341465, 'hidden_continuous_size': 21, 'attention_head_size': 4, 'learning_rate': 0.059827836761728814}. Best is trial 97 with value: 0.08791882544755936.
LOCAL_RANK: 0 - CUDA_VISIBLE_DEVICES: [0]
[I 2023-11-30 02:39:25,933] Trial 110 finished with value: 0.1424996703863144 and parameters: {'gradient_clip_val': 0.5300936832078248, 'hidden_size': 54, 'dropout': 0.2753367452174109, 'hidden_continuous_size': 27, 'attention_head_size': 4, 'learning_rate': 0.039744244453462224}. Best is trial 97 with value: 0.08791882544755936.
LOCAL_RANK: 0 - CUDA_VISIBLE_DEVICES: [0]
[I 2023-11-30 02:39:39,221] Trial 111 finished with value: 0.09916725754737854 and parameters: {'gradient_clip_val': 0.7303767420443923, 'hidden_size': 64, 'dropout': 0.3104750412095452, 'hidden_continuous_size': 24, 'attention_head_size': 4, 'learning_rate': 0.08376496664478669}. Best is trial 97 with value: 0.08791882544755936.
LOCAL_RANK: 0 - CUDA_VISIBLE_DEVICES: [0]
[I 2023-11-30 02:39:52,784] Trial 112 finished with value: 0.18362142145633698 and parameters: {'gradient_clip_val': 0.7801967156742623, 'hidden_size': 65, 'dropout': 0.2975258905757019, 'hidden_continuous_size': 24, 'attention_head_size': 4, 'learning_rate': 0.08360254624916559}. Best is trial 97 with value: 0.08791882544755936.
LOCAL_RANK: 0 - CUDA_VISIBLE_DEVICES: [0]
[I 2023-11-30 02:40:06,208] Trial 113 finished with value: 0.164148211479187 and parameters: {'gradient_clip_val': 0.7056979792434569, 'hidden_size': 60, 'dropout': 0.28934232391575837, 'hidden_continuous_size': 25, 'attention_head_size': 4, 'learning_rate': 0.09005589636792251}. Best is trial 97 with value: 0.08791882544755936.
LOCAL_RANK: 0 - CUDA_VISIBLE_DEVICES: [0]
[I 2023-11-30 02:40:19,462] Trial 114 finished with value: 0.09981328248977661 and parameters: {'gradient_clip_val': 0.6616383210167688, 'hidden_size': 55, 'dropout': 0.31152548695975946, 'hidden_continuous_size': 22, 'attention_head_size': 4, 'learning_rate': 0.057919637836591716}. Best is trial 97 with value: 0.08791882544755936.
LOCAL_RANK: 0 - CUDA_VISIBLE_DEVICES: [0]
[I 2023-11-30 02:40:32,968] Trial 115 finished with value: 0.2211635559797287 and parameters: {'gradient_clip_val': 0.6154508049099361, 'hidden_size': 62, 'dropout': 0.2810172586987709, 'hidden_continuous_size': 23, 'attention_head_size': 4, 'learning_rate': 0.0657423376106138}. Best is trial 97 with value: 0.08791882544755936.
LOCAL_RANK: 0 - CUDA_VISIBLE_DEVICES: [0]
[I 2023-11-30 02:40:46,688] Trial 116 finished with value: 0.3240884244441986 and parameters: {'gradient_clip_val': 0.7222736855170313, 'hidden_size': 71, 'dropout': 0.30674064027887954, 'hidden_continuous_size': 28, 'attention_head_size': 4, 'learning_rate': 0.07533698840508045}. Best is trial 97 with value: 0.08791882544755936.
LOCAL_RANK: 0 - CUDA_VISIBLE_DEVICES: [0]
[I 2023-11-30 02:40:59,855] Trial 117 finished with value: 0.12197285890579224 and parameters: {'gradient_clip_val': 0.7649279000055924, 'hidden_size': 46, 'dropout': 0.25841127876901454, 'hidden_continuous_size': 22, 'attention_head_size': 1, 'learning_rate': 0.05001035502331999}. Best is trial 97 with value: 0.08791882544755936.
LOCAL_RANK: 0 - CUDA_VISIBLE_DEVICES: [0]
[I 2023-11-30 02:41:13,463] Trial 118 finished with value: 0.20371532440185547 and parameters: {'gradient_clip_val': 0.5820968510785856, 'hidden_size': 76, 'dropout': 0.2959406595174538, 'hidden_continuous_size': 26, 'attention_head_size': 4, 'learning_rate': 0.0864814958786165}. Best is trial 97 with value: 0.08791882544755936.
LOCAL_RANK: 0 - CUDA_VISIBLE_DEVICES: [0]
[I 2023-11-30 02:41:27,090] Trial 119 finished with value: 0.13686032593250275 and parameters: {'gradient_clip_val': 0.6892436877560627, 'hidden_size': 80, 'dropout': 0.3024880650261765, 'hidden_continuous_size': 21, 'attention_head_size': 4, 'learning_rate': 0.05416437648783063}. Best is trial 97 with value: 0.08791882544755936.
LOCAL_RANK: 0 - CUDA_VISIBLE_DEVICES: [0]
[I 2023-11-30 02:41:40,283] Trial 120 finished with value: 0.25376230478286743 and parameters: {'gradient_clip_val': 0.7956841670907308, 'hidden_size': 58, 'dropout': 0.26252413948170117, 'hidden_continuous_size': 24, 'attention_head_size': 1, 'learning_rate': 0.06319356505706335}. Best is trial 97 with value: 0.08791882544755936.
LOCAL_RANK: 0 - CUDA_VISIBLE_DEVICES: [0]
[I 2023-11-30 02:41:53,428] Trial 121 finished with value: 0.1163572147488594 and parameters: {'gradient_clip_val': 0.6584783375703555, 'hidden_size': 55, 'dropout': 0.320446097948659, 'hidden_continuous_size': 22, 'attention_head_size': 4, 'learning_rate': 0.05923700988260083}. Best is trial 97 with value: 0.08791882544755936.
LOCAL_RANK: 0 - CUDA_VISIBLE_DEVICES: [0]
[I 2023-11-30 02:42:06,852] Trial 122 finished with value: 0.22964243590831757 and parameters: {'gradient_clip_val': 0.6462843778845825, 'hidden_size': 49, 'dropout': 0.3122185294937339, 'hidden_continuous_size': 20, 'attention_head_size': 4, 'learning_rate': 0.04589540041466871}. Best is trial 97 with value: 0.08791882544755936.
LOCAL_RANK: 0 - CUDA_VISIBLE_DEVICES: [0]
[I 2023-11-30 02:42:20,309] Trial 123 finished with value: 0.17856790125370026 and parameters: {'gradient_clip_val': 0.7386354451667495, 'hidden_size': 64, 'dropout': 0.3145407238325874, 'hidden_continuous_size': 22, 'attention_head_size': 4, 'learning_rate': 0.07951726902527345}. Best is trial 97 with value: 0.08791882544755936.
LOCAL_RANK: 0 - CUDA_VISIBLE_DEVICES: [0]
[I 2023-11-30 02:42:33,549] Trial 124 finished with value: 0.08352538198232651 and parameters: {'gradient_clip_val': 0.6032421507449771, 'hidden_size': 53, 'dropout': 0.2857243287949679, 'hidden_continuous_size': 23, 'attention_head_size': 4, 'learning_rate': 0.05584649149570813}. Best is trial 124 with value: 0.08352538198232651.
LOCAL_RANK: 0 - CUDA_VISIBLE_DEVICES: [0]
[I 2023-11-30 02:42:46,855] Trial 125 finished with value: 0.10323715209960938 and parameters: {'gradient_clip_val': 0.5456963465664832, 'hidden_size': 60, 'dropout': 0.28618105846941805, 'hidden_continuous_size': 25, 'attention_head_size': 4, 'learning_rate': 0.06936753810276558}. Best is trial 124 with value: 0.08352538198232651.
LOCAL_RANK: 0 - CUDA_VISIBLE_DEVICES: [0]
[I 2023-11-30 02:42:59,847] Trial 126 finished with value: 0.10678040981292725 and parameters: {'gradient_clip_val': 0.6096775530715092, 'hidden_size': 44, 'dropout': 0.2759132109305451, 'hidden_continuous_size': 23, 'attention_head_size': 4, 'learning_rate': 0.043279043891040515}. Best is trial 124 with value: 0.08352538198232651.
LOCAL_RANK: 0 - CUDA_VISIBLE_DEVICES: [0]
[I 2023-11-30 02:43:13,296] Trial 127 finished with value: 0.09830152243375778 and parameters: {'gradient_clip_val': 0.5866604218601521, 'hidden_size': 68, 'dropout': 0.29106358946627575, 'hidden_continuous_size': 19, 'attention_head_size': 1, 'learning_rate': 0.03399270428311935}. Best is trial 124 with value: 0.08352538198232651.
LOCAL_RANK: 0 - CUDA_VISIBLE_DEVICES: [0]
[I 2023-11-30 02:43:26,605] Trial 128 finished with value: 0.09887448698282242 and parameters: {'gradient_clip_val': 0.5808641379353264, 'hidden_size': 69, 'dropout': 0.26702796252134503, 'hidden_continuous_size': 19, 'attention_head_size': 1, 'learning_rate': 0.03393008735687001}. Best is trial 124 with value: 0.08352538198232651.
LOCAL_RANK: 0 - CUDA_VISIBLE_DEVICES: [0]
[I 2023-11-30 02:43:39,353] Trial 129 finished with value: 0.179479718208313 and parameters: {'gradient_clip_val': 0.49915025457136575, 'hidden_size': 52, 'dropout': 0.2938870032690326, 'hidden_continuous_size': 21, 'attention_head_size': 1, 'learning_rate': 0.037491119500824635}. Best is trial 124 with value: 0.08352538198232651.
LOCAL_RANK: 0 - CUDA_VISIBLE_DEVICES: [0]
[I 2023-11-30 02:43:52,777] Trial 130 finished with value: 0.16294752061367035 and parameters: {'gradient_clip_val': 0.5225205621225564, 'hidden_size': 74, 'dropout': 0.2849695151288329, 'hidden_continuous_size': 28, 'attention_head_size': 1, 'learning_rate': 0.050110759355464676}. Best is trial 124 with value: 0.08352538198232651.
LOCAL_RANK: 0 - CUDA_VISIBLE_DEVICES: [0]
[I 2023-11-30 02:44:06,055] Trial 131 finished with value: 0.13882328569889069 and parameters: {'gradient_clip_val': 0.5940755889099614, 'hidden_size': 67, 'dropout': 0.2666270584309356, 'hidden_continuous_size': 20, 'attention_head_size': 1, 'learning_rate': 0.03430069283887859}. Best is trial 124 with value: 0.08352538198232651.
LOCAL_RANK: 0 - CUDA_VISIBLE_DEVICES: [0]
[I 2023-11-30 02:44:19,612] Trial 132 finished with value: 0.17188464105129242 and parameters: {'gradient_clip_val': 0.5691928002278933, 'hidden_size': 70, 'dropout': 0.2516576490603853, 'hidden_continuous_size': 19, 'attention_head_size': 1, 'learning_rate': 0.03453337717225565}. Best is trial 124 with value: 0.08352538198232651.
LOCAL_RANK: 0 - CUDA_VISIBLE_DEVICES: [0]
[I 2023-11-30 02:44:32,588] Trial 133 finished with value: 0.1609155684709549 and parameters: {'gradient_clip_val': 0.6213585504846085, 'hidden_size': 57, 'dropout': 0.27712298027337007, 'hidden_continuous_size': 18, 'attention_head_size': 1, 'learning_rate': 0.04075558835243354}. Best is trial 124 with value: 0.08352538198232651.
LOCAL_RANK: 0 - CUDA_VISIBLE_DEVICES: [0]
[I 2023-11-30 02:44:46,013] Trial 134 finished with value: 0.21095649898052216 and parameters: {'gradient_clip_val': 0.5514103266206875, 'hidden_size': 81, 'dropout': 0.2713117457069613, 'hidden_continuous_size': 19, 'attention_head_size': 1, 'learning_rate': 0.03175791275558203}. Best is trial 124 with value: 0.08352538198232651.
LOCAL_RANK: 0 - CUDA_VISIBLE_DEVICES: [0]
[I 2023-11-30 02:44:59,147] Trial 135 finished with value: 0.14216779172420502 and parameters: {'gradient_clip_val': 0.6788444690674297, 'hidden_size': 62, 'dropout': 0.28993457977000875, 'hidden_continuous_size': 19, 'attention_head_size': 1, 'learning_rate': 0.03760812059736529}. Best is trial 124 with value: 0.08352538198232651.
LOCAL_RANK: 0 - CUDA_VISIBLE_DEVICES: [0]
[I 2023-11-30 02:45:12,638] Trial 136 finished with value: 0.12630604207515717 and parameters: {'gradient_clip_val': 0.5824531295960986, 'hidden_size': 87, 'dropout': 0.2604455405060213, 'hidden_continuous_size': 31, 'attention_head_size': 1, 'learning_rate': 0.05533473968211569}. Best is trial 124 with value: 0.08352538198232651.
LOCAL_RANK: 0 - CUDA_VISIBLE_DEVICES: [0]
[I 2023-11-30 02:45:26,350] Trial 137 finished with value: 0.0751008614897728 and parameters: {'gradient_clip_val': 0.5129875034075971, 'hidden_size': 94, 'dropout': 0.29978391323835046, 'hidden_continuous_size': 20, 'attention_head_size': 1, 'learning_rate': 0.04671534297397212}. Best is trial 137 with value: 0.0751008614897728.
LOCAL_RANK: 0 - CUDA_VISIBLE_DEVICES: [0]
[I 2023-11-30 02:45:39,948] Trial 138 finished with value: 0.2027001529932022 and parameters: {'gradient_clip_val': 0.49147509679002216, 'hidden_size': 95, 'dropout': 0.3015720919458779, 'hidden_continuous_size': 20, 'attention_head_size': 1, 'learning_rate': 0.049358119354144366}. Best is trial 137 with value: 0.0751008614897728.
LOCAL_RANK: 0 - CUDA_VISIBLE_DEVICES: [0]
[I 2023-11-30 02:45:53,392] Trial 139 finished with value: 0.11466079950332642 and parameters: {'gradient_clip_val': 0.46429471347461737, 'hidden_size': 94, 'dropout': 0.29921163169869586, 'hidden_continuous_size': 18, 'attention_head_size': 1, 'learning_rate': 0.04589829587542765}. Best is trial 137 with value: 0.0751008614897728.
LOCAL_RANK: 0 - CUDA_VISIBLE_DEVICES: [0]
