[I 2023-11-30 01:16:16,961] Trial 35 finished with value: 0.21500146389007568 and parameters: {'gradient_clip_val': 0.8433894511192142, 'hidden_size': 117, 'dropout': 0.2633143654429592, 'hidden_continuous_size': 29, 'attention_head_size': 3, 'learning_rate': 0.024626555227294025}. Best is trial 35 with value: 0.21500146389007568.
LOCAL_RANK: 0 - CUDA_VISIBLE_DEVICES: [0]
[I 2023-11-30 01:16:31,034] Trial 36 finished with value: 0.24092601239681244 and parameters: {'gradient_clip_val': 0.8519766845532557, 'hidden_size': 110, 'dropout': 0.25553148658272795, 'hidden_continuous_size': 38, 'attention_head_size': 2, 'learning_rate': 0.011809524715435627}. Best is trial 35 with value: 0.21500146389007568.
LOCAL_RANK: 0 - CUDA_VISIBLE_DEVICES: [0]
[I 2023-11-30 01:16:44,864] Trial 37 finished with value: 0.5112990736961365 and parameters: {'gradient_clip_val': 0.6206221551804878, 'hidden_size': 110, 'dropout': 0.2654113273458127, 'hidden_continuous_size': 37, 'attention_head_size': 2, 'learning_rate': 0.009902878426391953}. Best is trial 35 with value: 0.21500146389007568.
LOCAL_RANK: 0 - CUDA_VISIBLE_DEVICES: [0]
[I 2023-11-30 01:16:59,050] Trial 38 finished with value: 0.31608664989471436 and parameters: {'gradient_clip_val': 0.8354025163918006, 'hidden_size': 143, 'dropout': 0.2582756831038362, 'hidden_continuous_size': 41, 'attention_head_size': 1, 'learning_rate': 0.012161024880655983}. Best is trial 35 with value: 0.21500146389007568.
LOCAL_RANK: 0 - CUDA_VISIBLE_DEVICES: [0]
[I 2023-11-30 01:17:13,120] Trial 39 finished with value: 0.31199780106544495 and parameters: {'gradient_clip_val': 0.8457144270268577, 'hidden_size': 122, 'dropout': 0.2269484846696443, 'hidden_continuous_size': 31, 'attention_head_size': 2, 'learning_rate': 0.007521680577608275}. Best is trial 35 with value: 0.21500146389007568.
LOCAL_RANK: 0 - CUDA_VISIBLE_DEVICES: [0]
[I 2023-11-30 01:17:26,627] Trial 40 finished with value: 0.4409986436367035 and parameters: {'gradient_clip_val': 0.6798446292291684, 'hidden_size': 65, 'dropout': 0.29329325602944917, 'hidden_continuous_size': 28, 'attention_head_size': 2, 'learning_rate': 0.01811466012650827}. Best is trial 35 with value: 0.21500146389007568.
LOCAL_RANK: 0 - CUDA_VISIBLE_DEVICES: [0]
[I 2023-11-30 01:17:40,563] Trial 41 finished with value: 0.21755845844745636 and parameters: {'gradient_clip_val': 0.8634567310119319, 'hidden_size': 102, 'dropout': 0.24965205479973593, 'hidden_continuous_size': 21, 'attention_head_size': 3, 'learning_rate': 0.015831975382243253}. Best is trial 35 with value: 0.21500146389007568.
LOCAL_RANK: 0 - CUDA_VISIBLE_DEVICES: [0]
[I 2023-11-30 01:17:54,387] Trial 42 finished with value: 0.23473624885082245 and parameters: {'gradient_clip_val': 0.9015455228798773, 'hidden_size': 102, 'dropout': 0.2555900187875565, 'hidden_continuous_size': 36, 'attention_head_size': 3, 'learning_rate': 0.015513667578341906}. Best is trial 35 with value: 0.21500146389007568.
LOCAL_RANK: 0 - CUDA_VISIBLE_DEVICES: [0]
[I 2023-11-30 01:18:08,299] Trial 43 finished with value: 0.3355066776275635 and parameters: {'gradient_clip_val': 0.8973798440196732, 'hidden_size': 104, 'dropout': 0.21177142042506925, 'hidden_continuous_size': 37, 'attention_head_size': 3, 'learning_rate': 0.015052692787295683}. Best is trial 35 with value: 0.21500146389007568.
LOCAL_RANK: 0 - CUDA_VISIBLE_DEVICES: [0]
[I 2023-11-30 01:18:22,521] Trial 44 finished with value: 0.2530914545059204 and parameters: {'gradient_clip_val': 0.8908746785903535, 'hidden_size': 149, 'dropout': 0.2544274836672309, 'hidden_continuous_size': 20, 'attention_head_size': 2, 'learning_rate': 0.012247182373467884}. Best is trial 35 with value: 0.21500146389007568.
LOCAL_RANK: 0 - CUDA_VISIBLE_DEVICES: [0]
[I 2023-11-30 01:18:36,629] Trial 45 finished with value: 0.2464088350534439 and parameters: {'gradient_clip_val': 0.8458560290381254, 'hidden_size': 130, 'dropout': 0.24733282343181234, 'hidden_continuous_size': 26, 'attention_head_size': 3, 'learning_rate': 0.01657790665621137}. Best is trial 35 with value: 0.21500146389007568.
LOCAL_RANK: 0 - CUDA_VISIBLE_DEVICES: [0]
[I 2023-11-30 01:18:50,168] Trial 46 finished with value: 0.4685278832912445 and parameters: {'gradient_clip_val': 0.7292195781880573, 'hidden_size': 73, 'dropout': 0.24217886519760692, 'hidden_continuous_size': 30, 'attention_head_size': 1, 'learning_rate': 0.0073999433759913144}. Best is trial 35 with value: 0.21500146389007568.
LOCAL_RANK: 0 - CUDA_VISIBLE_DEVICES: [0]
[I 2023-11-30 01:19:03,718] Trial 47 finished with value: 0.2381962686777115 and parameters: {'gradient_clip_val': 0.9962711953156494, 'hidden_size': 99, 'dropout': 0.2770976482434912, 'hidden_continuous_size': 18, 'attention_head_size': 2, 'learning_rate': 0.015686042447001163}. Best is trial 35 with value: 0.21500146389007568.
LOCAL_RANK: 0 - CUDA_VISIBLE_DEVICES: [0]
[I 2023-11-30 01:19:17,378] Trial 48 finished with value: 0.36880049109458923 and parameters: {'gradient_clip_val': 0.988853320154003, 'hidden_size': 97, 'dropout': 0.27265328480498197, 'hidden_continuous_size': 18, 'attention_head_size': 3, 'learning_rate': 0.026358756981550092}. Best is trial 35 with value: 0.21500146389007568.
LOCAL_RANK: 0 - CUDA_VISIBLE_DEVICES: [0]
[I 2023-11-30 01:19:30,798] Trial 49 finished with value: 0.7316908240318298 and parameters: {'gradient_clip_val': 0.9208053186177926, 'hidden_size': 66, 'dropout': 0.2814226061380882, 'hidden_continuous_size': 17, 'attention_head_size': 3, 'learning_rate': 0.016357124355336188}. Best is trial 35 with value: 0.21500146389007568.
LOCAL_RANK: 0 - CUDA_VISIBLE_DEVICES: [0]
[I 2023-11-30 01:19:43,928] Trial 50 finished with value: 0.23184984922409058 and parameters: {'gradient_clip_val': 0.7268305409111493, 'hidden_size': 58, 'dropout': 0.2084954337923965, 'hidden_continuous_size': 20, 'attention_head_size': 2, 'learning_rate': 0.027007136456386048}. Best is trial 35 with value: 0.21500146389007568.
LOCAL_RANK: 0 - CUDA_VISIBLE_DEVICES: [0]
[I 2023-11-30 01:19:57,145] Trial 51 finished with value: 0.38881269097328186 and parameters: {'gradient_clip_val': 0.7239167735173504, 'hidden_size': 58, 'dropout': 0.20767550370061005, 'hidden_continuous_size': 20, 'attention_head_size': 2, 'learning_rate': 0.026905147595699525}. Best is trial 35 with value: 0.21500146389007568.
LOCAL_RANK: 0 - CUDA_VISIBLE_DEVICES: [0]
[I 2023-11-30 01:20:10,659] Trial 52 finished with value: 0.29535767436027527 and parameters: {'gradient_clip_val': 0.8735260479670174, 'hidden_size': 95, 'dropout': 0.2303239079954504, 'hidden_continuous_size': 16, 'attention_head_size': 2, 'learning_rate': 0.018075882409834928}. Best is trial 35 with value: 0.21500146389007568.
LOCAL_RANK: 0 - CUDA_VISIBLE_DEVICES: [0]
[I 2023-11-30 01:20:24,160] Trial 53 finished with value: 0.32992053031921387 and parameters: {'gradient_clip_val': 0.6223910283825166, 'hidden_size': 74, 'dropout': 0.195355967561972, 'hidden_continuous_size': 23, 'attention_head_size': 2, 'learning_rate': 0.014669696608240529}. Best is trial 35 with value: 0.21500146389007568.
LOCAL_RANK: 0 - CUDA_VISIBLE_DEVICES: [0]
[I 2023-11-30 01:20:37,735] Trial 54 finished with value: 0.2189573496580124 and parameters: {'gradient_clip_val': 0.7252060771985538, 'hidden_size': 99, 'dropout': 0.24466871070220542, 'hidden_continuous_size': 19, 'attention_head_size': 3, 'learning_rate': 0.02168656900976422}. Best is trial 35 with value: 0.21500146389007568.
LOCAL_RANK: 0 - CUDA_VISIBLE_DEVICES: [0]
[I 2023-11-30 01:20:51,784] Trial 55 finished with value: 0.5083796977996826 and parameters: {'gradient_clip_val': 0.7088621804480021, 'hidden_size': 117, 'dropout': 0.24198120080876637, 'hidden_continuous_size': 19, 'attention_head_size': 3, 'learning_rate': 0.02167352610345698}. Best is trial 35 with value: 0.21500146389007568.
LOCAL_RANK: 0 - CUDA_VISIBLE_DEVICES: [0]
[I 2023-11-30 01:21:06,091] Trial 56 finished with value: 0.3482474982738495 and parameters: {'gradient_clip_val': 0.5967051074152687, 'hidden_size': 130, 'dropout': 0.2598687904484234, 'hidden_continuous_size': 21, 'attention_head_size': 3, 'learning_rate': 0.03977896887206849}. Best is trial 35 with value: 0.21500146389007568.
LOCAL_RANK: 0 - CUDA_VISIBLE_DEVICES: [0]
[I 2023-11-30 01:21:19,766] Trial 57 finished with value: 0.22325734794139862 and parameters: {'gradient_clip_val': 0.6675174700623315, 'hidden_size': 91, 'dropout': 0.22265389404681377, 'hidden_continuous_size': 15, 'attention_head_size': 3, 'learning_rate': 0.025517918014386253}. Best is trial 35 with value: 0.21500146389007568.
LOCAL_RANK: 0 - CUDA_VISIBLE_DEVICES: [0]
[I 2023-11-30 01:21:33,110] Trial 58 finished with value: 0.26281365752220154 and parameters: {'gradient_clip_val': 0.6699978113757321, 'hidden_size': 80, 'dropout': 0.19475266325443283, 'hidden_continuous_size': 15, 'attention_head_size': 3, 'learning_rate': 0.028992452220698545}. Best is trial 35 with value: 0.21500146389007568.
LOCAL_RANK: 0 - CUDA_VISIBLE_DEVICES: [0]
[I 2023-11-30 01:21:46,829] Trial 59 finished with value: 0.4714713394641876 and parameters: {'gradient_clip_val': 0.5352096457555737, 'hidden_size': 93, 'dropout': 0.22647124938666163, 'hidden_continuous_size': 14, 'attention_head_size': 4, 'learning_rate': 0.023086080861785284}. Best is trial 35 with value: 0.21500146389007568.
LOCAL_RANK: 0 - CUDA_VISIBLE_DEVICES: [0]
[I 2023-11-30 01:22:00,343] Trial 60 finished with value: 0.5358511805534363 and parameters: {'gradient_clip_val': 0.6476945345215276, 'hidden_size': 69, 'dropout': 0.23946995947108143, 'hidden_continuous_size': 19, 'attention_head_size': 3, 'learning_rate': 0.03715867484083118}. Best is trial 35 with value: 0.21500146389007568.
LOCAL_RANK: 0 - CUDA_VISIBLE_DEVICES: [0]
[I 2023-11-30 01:22:13,939] Trial 61 finished with value: 0.3014027774333954 and parameters: {'gradient_clip_val': 0.7433287683382497, 'hidden_size': 105, 'dropout': 0.24927918252168926, 'hidden_continuous_size': 12, 'attention_head_size': 3, 'learning_rate': 0.019849810127448454}. Best is trial 35 with value: 0.21500146389007568.
LOCAL_RANK: 0 - CUDA_VISIBLE_DEVICES: [0]
[I 2023-11-30 01:22:27,731] Trial 62 finished with value: 0.2855674922466278 and parameters: {'gradient_clip_val': 0.823527283862464, 'hidden_size': 87, 'dropout': 0.26565941481996114, 'hidden_continuous_size': 25, 'attention_head_size': 3, 'learning_rate': 0.02515563880403917}. Best is trial 35 with value: 0.21500146389007568.
LOCAL_RANK: 0 - CUDA_VISIBLE_DEVICES: [0]
[I 2023-11-30 01:22:41,694] Trial 63 finished with value: 0.35172390937805176 and parameters: {'gradient_clip_val': 0.7891949889725033, 'hidden_size': 114, 'dropout': 0.21947952655128927, 'hidden_continuous_size': 22, 'attention_head_size': 3, 'learning_rate': 0.028908731738838726}. Best is trial 35 with value: 0.21500146389007568.
LOCAL_RANK: 0 - CUDA_VISIBLE_DEVICES: [0]
[I 2023-11-30 01:22:55,515] Trial 64 finished with value: 0.4621182382106781 and parameters: {'gradient_clip_val': 0.9034321224058863, 'hidden_size': 102, 'dropout': 0.2879535360952074, 'hidden_continuous_size': 17, 'attention_head_size': 3, 'learning_rate': 0.021751812471073287}. Best is trial 35 with value: 0.21500146389007568.
LOCAL_RANK: 0 - CUDA_VISIBLE_DEVICES: [0]
[I 2023-11-30 01:23:08,877] Trial 65 finished with value: 0.2969934046268463 and parameters: {'gradient_clip_val': 0.7294662262428938, 'hidden_size': 80, 'dropout': 0.2350746158450687, 'hidden_continuous_size': 20, 'attention_head_size': 3, 'learning_rate': 0.013654031028848403}. Best is trial 35 with value: 0.21500146389007568.
LOCAL_RANK: 0 - CUDA_VISIBLE_DEVICES: [0]
[I 2023-11-30 01:23:23,108] Trial 66 finished with value: 0.1798284649848938 and parameters: {'gradient_clip_val': 0.5713496969765678, 'hidden_size': 136, 'dropout': 0.26915542587331254, 'hidden_continuous_size': 26, 'attention_head_size': 3, 'learning_rate': 0.018678956645407634}. Best is trial 66 with value: 0.1798284649848938.
LOCAL_RANK: 0 - CUDA_VISIBLE_DEVICES: [0]
[I 2023-11-30 01:23:37,348] Trial 67 finished with value: 0.21700288355350494 and parameters: {'gradient_clip_val': 0.5977497143643661, 'hidden_size': 141, 'dropout': 0.27378831947358, 'hidden_continuous_size': 24, 'attention_head_size': 3, 'learning_rate': 0.032697952077019865}. Best is trial 66 with value: 0.1798284649848938.
LOCAL_RANK: 0 - CUDA_VISIBLE_DEVICES: [0]
[I 2023-11-30 01:23:51,611] Trial 68 finished with value: 0.21772634983062744 and parameters: {'gradient_clip_val': 0.5667722850438048, 'hidden_size': 141, 'dropout': 0.2738782038444544, 'hidden_continuous_size': 26, 'attention_head_size': 3, 'learning_rate': 0.03230494244903714}. Best is trial 66 with value: 0.1798284649848938.
LOCAL_RANK: 0 - CUDA_VISIBLE_DEVICES: [0]
[I 2023-11-30 01:24:05,961] Trial 69 finished with value: 0.4762997627258301 and parameters: {'gradient_clip_val': 0.5691974740364432, 'hidden_size': 139, 'dropout': 0.2739376487939242, 'hidden_continuous_size': 24, 'attention_head_size': 4, 'learning_rate': 0.03242023235187002}. Best is trial 66 with value: 0.1798284649848938.
LOCAL_RANK: 0 - CUDA_VISIBLE_DEVICES: [0]
[I 2023-11-30 01:24:20,271] Trial 70 finished with value: 0.288067489862442 and parameters: {'gradient_clip_val': 0.49817644284991375, 'hidden_size': 137, 'dropout': 0.28848661693866406, 'hidden_continuous_size': 26, 'attention_head_size': 3, 'learning_rate': 0.04251506912406378}. Best is trial 66 with value: 0.1798284649848938.
LOCAL_RANK: 0 - CUDA_VISIBLE_DEVICES: [0]
[I 2023-11-30 01:24:34,298] Trial 71 finished with value: 0.4479392468929291 and parameters: {'gradient_clip_val': 0.4422746883990463, 'hidden_size': 123, 'dropout': 0.26683668750833506, 'hidden_continuous_size': 23, 'attention_head_size': 3, 'learning_rate': 0.01872447961236365}. Best is trial 66 with value: 0.1798284649848938.
LOCAL_RANK: 0 - CUDA_VISIBLE_DEVICES: [0]
[I 2023-11-30 01:24:48,865] Trial 72 finished with value: 0.4553734362125397 and parameters: {'gradient_clip_val': 0.54986956634272, 'hidden_size': 150, 'dropout': 0.27432164020165867, 'hidden_continuous_size': 28, 'attention_head_size': 3, 'learning_rate': 0.03582489367734503}. Best is trial 66 with value: 0.1798284649848938.
LOCAL_RANK: 0 - CUDA_VISIBLE_DEVICES: [0]
[I 2023-11-30 01:25:02,955] Trial 73 finished with value: 0.3955984115600586 and parameters: {'gradient_clip_val': 0.6021028887036902, 'hidden_size': 127, 'dropout': 0.2836085385195198, 'hidden_continuous_size': 32, 'attention_head_size': 3, 'learning_rate': 0.048714574128664166}. Best is trial 66 with value: 0.1798284649848938.
LOCAL_RANK: 0 - CUDA_VISIBLE_DEVICES: [0]
[I 2023-11-30 01:25:17,093] Trial 74 finished with value: 0.23337863385677338 and parameters: {'gradient_clip_val': 0.6425835165287656, 'hidden_size': 139, 'dropout': 0.2484473719103617, 'hidden_continuous_size': 28, 'attention_head_size': 3, 'learning_rate': 0.022993468986166728}. Best is trial 66 with value: 0.1798284649848938.
LOCAL_RANK: 0 - CUDA_VISIBLE_DEVICES: [0]
[I 2023-11-30 01:25:31,192] Trial 75 finished with value: 0.22702400386333466 and parameters: {'gradient_clip_val': 0.4902918381492413, 'hidden_size': 114, 'dropout': 0.29872304657179705, 'hidden_continuous_size': 25, 'attention_head_size': 3, 'learning_rate': 0.01781055943936749}. Best is trial 66 with value: 0.1798284649848938.
LOCAL_RANK: 0 - CUDA_VISIBLE_DEVICES: [0]
[I 2023-11-30 01:25:45,339] Trial 76 finished with value: 0.2730799913406372 and parameters: {'gradient_clip_val': 0.5704392419735358, 'hidden_size': 122, 'dropout': 0.2915898602403918, 'hidden_continuous_size': 30, 'attention_head_size': 3, 'learning_rate': 0.0286065004580031}. Best is trial 66 with value: 0.1798284649848938.
LOCAL_RANK: 0 - CUDA_VISIBLE_DEVICES: [0]
[I 2023-11-30 01:25:59,336] Trial 77 finished with value: 0.3317950665950775 and parameters: {'gradient_clip_val': 0.6799097303992, 'hidden_size': 110, 'dropout': 0.3118906854520423, 'hidden_continuous_size': 22, 'attention_head_size': 3, 'learning_rate': 0.031857944717883814}. Best is trial 66 with value: 0.1798284649848938.
LOCAL_RANK: 0 - CUDA_VISIBLE_DEVICES: [0]
[I 2023-11-30 01:26:13,510] Trial 78 finished with value: 0.26742032170295715 and parameters: {'gradient_clip_val': 0.5297340792409189, 'hidden_size': 136, 'dropout': 0.2640340215088506, 'hidden_continuous_size': 33, 'attention_head_size': 4, 'learning_rate': 0.020210095675130817}. Best is trial 66 with value: 0.1798284649848938.
LOCAL_RANK: 0 - CUDA_VISIBLE_DEVICES: [0]
[I 2023-11-30 01:26:27,337] Trial 79 finished with value: 0.24779878556728363 and parameters: {'gradient_clip_val': 0.6402937716521444, 'hidden_size': 91, 'dropout': 0.2719829954686129, 'hidden_continuous_size': 29, 'attention_head_size': 3, 'learning_rate': 0.025100285432466302}. Best is trial 66 with value: 0.1798284649848938.
LOCAL_RANK: 0 - CUDA_VISIBLE_DEVICES: [0]
[I 2023-11-30 01:26:41,655] Trial 80 finished with value: 0.39504456520080566 and parameters: {'gradient_clip_val': 0.8071343459027341, 'hidden_size': 150, 'dropout': 0.258279813317176, 'hidden_continuous_size': 27, 'attention_head_size': 3, 'learning_rate': 0.023371377650025567}. Best is trial 66 with value: 0.1798284649848938.
LOCAL_RANK: 0 - CUDA_VISIBLE_DEVICES: [0]
[I 2023-11-30 01:26:55,722] Trial 81 finished with value: 0.47473907470703125 and parameters: {'gradient_clip_val': 0.49615112472395556, 'hidden_size': 125, 'dropout': 0.2971440360516567, 'hidden_continuous_size': 25, 'attention_head_size': 3, 'learning_rate': 0.017026452913350094}. Best is trial 66 with value: 0.1798284649848938.
LOCAL_RANK: 0 - CUDA_VISIBLE_DEVICES: [0]
[I 2023-11-30 01:27:09,839] Trial 82 finished with value: 0.5457212328910828 and parameters: {'gradient_clip_val': 0.6096892498474943, 'hidden_size': 114, 'dropout': 0.28218119290795485, 'hidden_continuous_size': 25, 'attention_head_size': 3, 'learning_rate': 0.0196675016390948}. Best is trial 66 with value: 0.1798284649848938.
LOCAL_RANK: 0 - CUDA_VISIBLE_DEVICES: [0]
[I 2023-11-30 01:27:23,774] Trial 83 finished with value: 0.4457562267780304 and parameters: {'gradient_clip_val': 0.676872638970438, 'hidden_size': 119, 'dropout': 0.3000033085098395, 'hidden_continuous_size': 23, 'attention_head_size': 3, 'learning_rate': 0.03670210786068843}. Best is trial 66 with value: 0.1798284649848938.
LOCAL_RANK: 0 - CUDA_VISIBLE_DEVICES: [0]
[I 2023-11-30 01:27:37,819] Trial 84 finished with value: 0.33605727553367615 and parameters: {'gradient_clip_val': 0.5627890636785547, 'hidden_size': 107, 'dropout': 0.316232922693144, 'hidden_continuous_size': 26, 'attention_head_size': 3, 'learning_rate': 0.01874701022946263}. Best is trial 66 with value: 0.1798284649848938.
LOCAL_RANK: 0 - CUDA_VISIBLE_DEVICES: [0]
[I 2023-11-30 01:27:51,951] Trial 85 finished with value: 0.24310578405857086 and parameters: {'gradient_clip_val': 0.7494450274338381, 'hidden_size': 131, 'dropout': 0.2495692503667466, 'hidden_continuous_size': 31, 'attention_head_size': 3, 'learning_rate': 0.013385746642655905}. Best is trial 66 with value: 0.1798284649848938.
LOCAL_RANK: 0 - CUDA_VISIBLE_DEVICES: [0]
[I 2023-11-30 01:28:05,815] Trial 86 finished with value: 0.24486450850963593 and parameters: {'gradient_clip_val': 0.46836514121063844, 'hidden_size': 114, 'dropout': 0.2793832287186231, 'hidden_continuous_size': 27, 'attention_head_size': 3, 'learning_rate': 0.029598553773016904}. Best is trial 66 with value: 0.1798284649848938.
LOCAL_RANK: 0 - CUDA_VISIBLE_DEVICES: [0]
[I 2023-11-30 01:28:19,735] Trial 87 finished with value: 0.30135634541511536 and parameters: {'gradient_clip_val': 0.6053817950024452, 'hidden_size': 95, 'dropout': 0.2879555234489895, 'hidden_continuous_size': 21, 'attention_head_size': 3, 'learning_rate': 0.017690642537007577}. Best is trial 66 with value: 0.1798284649848938.
LOCAL_RANK: 0 - CUDA_VISIBLE_DEVICES: [0]
[I 2023-11-30 01:28:33,515] Trial 88 finished with value: 0.3801672160625458 and parameters: {'gradient_clip_val': 0.5139030929140561, 'hidden_size': 101, 'dropout': 0.26833835449270216, 'hidden_continuous_size': 24, 'attention_head_size': 3, 'learning_rate': 0.02161791360678506}. Best is trial 66 with value: 0.1798284649848938.
LOCAL_RANK: 0 - CUDA_VISIBLE_DEVICES: [0]
[I 2023-11-30 01:28:47,262] Trial 89 finished with value: 0.31537678837776184 and parameters: {'gradient_clip_val': 0.7022836376286389, 'hidden_size': 87, 'dropout': 0.2610223895506244, 'hidden_continuous_size': 27, 'attention_head_size': 3, 'learning_rate': 0.0258210488988006}. Best is trial 66 with value: 0.1798284649848938.
LOCAL_RANK: 0 - CUDA_VISIBLE_DEVICES: [0]
[I 2023-11-30 01:29:01,620] Trial 90 finished with value: 0.25985187292099 and parameters: {'gradient_clip_val': 0.7693273037168915, 'hidden_size': 138, 'dropout': 0.29808171713903275, 'hidden_continuous_size': 34, 'attention_head_size': 3, 'learning_rate': 0.017590721392576024}. Best is trial 66 with value: 0.1798284649848938.
LOCAL_RANK: 0 - CUDA_VISIBLE_DEVICES: [0]
[I 2023-11-30 01:29:15,377] Trial 91 finished with value: 0.33835065364837646 and parameters: {'gradient_clip_val': 0.6517137771475019, 'hidden_size': 107, 'dropout': 0.25264205295186193, 'hidden_continuous_size': 21, 'attention_head_size': 3, 'learning_rate': 0.02802738400997494}. Best is trial 66 with value: 0.1798284649848938.
LOCAL_RANK: 0 - CUDA_VISIBLE_DEVICES: [0]
[I 2023-11-30 01:29:29,508] Trial 92 finished with value: 0.2887321412563324 and parameters: {'gradient_clip_val': 0.7053354411727315, 'hidden_size': 118, 'dropout': 0.24446421137758176, 'hidden_continuous_size': 19, 'attention_head_size': 3, 'learning_rate': 0.02506988643024127}. Best is trial 66 with value: 0.1798284649848938.
LOCAL_RANK: 0 - CUDA_VISIBLE_DEVICES: [0]
