[I 2023-11-30 02:20:14,837] Trial 23 finished with value: 0.1541374921798706 and parameters: {'gradient_clip_val': 0.672808177375922, 'hidden_size': 69, 'dropout': 0.23326420843426557, 'hidden_continuous_size': 18, 'attention_head_size': 2, 'learning_rate': 0.06507209059426355}. Best is trial 15 with value: 0.11032074689865112.
LOCAL_RANK: 0 - CUDA_VISIBLE_DEVICES: [0]
[I 2023-11-30 02:20:27,812] Trial 24 finished with value: 0.12695302069187164 and parameters: {'gradient_clip_val': 0.7462590583607982, 'hidden_size': 53, 'dropout': 0.26390918053449136, 'hidden_continuous_size': 12, 'attention_head_size': 3, 'learning_rate': 0.03538517204618926}. Best is trial 15 with value: 0.11032074689865112.
LOCAL_RANK: 0 - CUDA_VISIBLE_DEVICES: [0]
[I 2023-11-30 02:20:40,600] Trial 25 finished with value: 0.265471488237381 and parameters: {'gradient_clip_val': 0.9696413448554023, 'hidden_size': 42, 'dropout': 0.31195834266122147, 'hidden_continuous_size': 17, 'attention_head_size': 2, 'learning_rate': 0.05880351323191105}. Best is trial 15 with value: 0.11032074689865112.
LOCAL_RANK: 0 - CUDA_VISIBLE_DEVICES: [0]
[I 2023-11-30 02:20:53,442] Trial 26 finished with value: 0.09481748938560486 and parameters: {'gradient_clip_val': 0.6439140695070898, 'hidden_size': 60, 'dropout': 0.27340490522533745, 'hidden_continuous_size': 15, 'attention_head_size': 1, 'learning_rate': 0.03122388408941995}. Best is trial 26 with value: 0.09481748938560486.
LOCAL_RANK: 0 - CUDA_VISIBLE_DEVICES: [0]
[I 2023-11-30 02:21:07,308] Trial 27 finished with value: 0.1579386293888092 and parameters: {'gradient_clip_val': 0.6079861584466892, 'hidden_size': 98, 'dropout': 0.27482908030605324, 'hidden_continuous_size': 27, 'attention_head_size': 1, 'learning_rate': 0.0289810806167964}. Best is trial 26 with value: 0.09481748938560486.
LOCAL_RANK: 0 - CUDA_VISIBLE_DEVICES: [0]
[I 2023-11-30 02:21:21,594] Trial 28 finished with value: 0.14588741958141327 and parameters: {'gradient_clip_val': 0.7993078782714613, 'hidden_size': 150, 'dropout': 0.25081271208018596, 'hidden_continuous_size': 35, 'attention_head_size': 1, 'learning_rate': 0.014333063805782451}. Best is trial 26 with value: 0.09481748938560486.
LOCAL_RANK: 0 - CUDA_VISIBLE_DEVICES: [0]
[I 2023-11-30 02:21:34,817] Trial 29 finished with value: 0.12019592523574829 and parameters: {'gradient_clip_val': 0.7611617936392141, 'hidden_size': 69, 'dropout': 0.3048114786439054, 'hidden_continuous_size': 21, 'attention_head_size': 1, 'learning_rate': 0.0305489840250573}. Best is trial 26 with value: 0.09481748938560486.
LOCAL_RANK: 0 - CUDA_VISIBLE_DEVICES: [0]
[I 2023-11-30 02:21:47,259] Trial 30 finished with value: 0.12997187674045563 and parameters: {'gradient_clip_val': 0.6598936696898164, 'hidden_size': 37, 'dropout': 0.27713336951271933, 'hidden_continuous_size': 13, 'attention_head_size': 1, 'learning_rate': 0.038602371394249345}. Best is trial 26 with value: 0.09481748938560486.
LOCAL_RANK: 0 - CUDA_VISIBLE_DEVICES: [0]
[I 2023-11-30 02:22:00,165] Trial 31 finished with value: 0.220163032412529 and parameters: {'gradient_clip_val': 0.48290893006250385, 'hidden_size': 56, 'dropout': 0.2135471152433734, 'hidden_continuous_size': 15, 'attention_head_size': 2, 'learning_rate': 0.09325217581457637}. Best is trial 26 with value: 0.09481748938560486.
LOCAL_RANK: 0 - CUDA_VISIBLE_DEVICES: [0]
[I 2023-11-30 02:22:13,392] Trial 32 finished with value: 0.0895693302154541 and parameters: {'gradient_clip_val': 0.5943407197941353, 'hidden_size': 63, 'dropout': 0.24218826266279497, 'hidden_continuous_size': 14, 'attention_head_size': 3, 'learning_rate': 0.057485960841109615}. Best is trial 32 with value: 0.0895693302154541.
LOCAL_RANK: 0 - CUDA_VISIBLE_DEVICES: [0]
[I 2023-11-30 02:22:26,486] Trial 33 finished with value: 0.22078675031661987 and parameters: {'gradient_clip_val': 0.5735542082178835, 'hidden_size': 66, 'dropout': 0.2584466017433973, 'hidden_continuous_size': 12, 'attention_head_size': 1, 'learning_rate': 0.05159087884932568}. Best is trial 32 with value: 0.0895693302154541.
LOCAL_RANK: 0 - CUDA_VISIBLE_DEVICES: [0]
[I 2023-11-30 02:22:39,283] Trial 34 finished with value: 0.15910179913043976 and parameters: {'gradient_clip_val': 0.6408021098055822, 'hidden_size': 44, 'dropout': 0.28470435623379314, 'hidden_continuous_size': 14, 'attention_head_size': 3, 'learning_rate': 0.06206621560206265}. Best is trial 32 with value: 0.0895693302154541.
LOCAL_RANK: 0 - CUDA_VISIBLE_DEVICES: [0]
[I 2023-11-30 02:22:52,325] Trial 35 finished with value: 0.15555573999881744 and parameters: {'gradient_clip_val': 0.544092438832227, 'hidden_size': 51, 'dropout': 0.3136816791179469, 'hidden_continuous_size': 20, 'attention_head_size': 2, 'learning_rate': 0.03808249725506691}. Best is trial 32 with value: 0.0895693302154541.
LOCAL_RANK: 0 - CUDA_VISIBLE_DEVICES: [0]
[I 2023-11-30 02:23:05,754] Trial 36 finished with value: 0.09432100504636765 and parameters: {'gradient_clip_val': 0.7348861732034591, 'hidden_size': 82, 'dropout': 0.24350561553811503, 'hidden_continuous_size': 17, 'attention_head_size': 2, 'learning_rate': 0.026506435622213068}. Best is trial 32 with value: 0.0895693302154541.
LOCAL_RANK: 0 - CUDA_VISIBLE_DEVICES: [0]
[I 2023-11-30 02:23:19,133] Trial 37 finished with value: 0.11706360429525375 and parameters: {'gradient_clip_val': 0.7359133097482446, 'hidden_size': 99, 'dropout': 0.2643671390125469, 'hidden_continuous_size': 12, 'attention_head_size': 1, 'learning_rate': 0.07091108868716935}. Best is trial 32 with value: 0.0895693302154541.
LOCAL_RANK: 0 - CUDA_VISIBLE_DEVICES: [0]
[I 2023-11-30 02:23:32,690] Trial 38 finished with value: 0.11527184396982193 and parameters: {'gradient_clip_val': 0.503720191059757, 'hidden_size': 62, 'dropout': 0.2933055073720578, 'hidden_continuous_size': 16, 'attention_head_size': 4, 'learning_rate': 0.024910603731617843}. Best is trial 32 with value: 0.0895693302154541.
LOCAL_RANK: 0 - CUDA_VISIBLE_DEVICES: [0]
[I 2023-11-30 02:23:45,522] Trial 39 finished with value: 0.22293682396411896 and parameters: {'gradient_clip_val': 0.6149703182843305, 'hidden_size': 40, 'dropout': 0.2487583156909936, 'hidden_continuous_size': 17, 'attention_head_size': 3, 'learning_rate': 0.026357981275484638}. Best is trial 32 with value: 0.0895693302154541.
LOCAL_RANK: 0 - CUDA_VISIBLE_DEVICES: [0]
[I 2023-11-30 02:23:58,521] Trial 40 finished with value: 0.0907219871878624 and parameters: {'gradient_clip_val': 0.4415431032185747, 'hidden_size': 47, 'dropout': 0.3727784680280271, 'hidden_continuous_size': 19, 'attention_head_size': 2, 'learning_rate': 0.04113534251390106}. Best is trial 32 with value: 0.0895693302154541.
LOCAL_RANK: 0 - CUDA_VISIBLE_DEVICES: [0]
[I 2023-11-30 02:24:11,243] Trial 41 finished with value: 0.17046880722045898 and parameters: {'gradient_clip_val': 0.4450881210542458, 'hidden_size': 48, 'dropout': 0.34428588765663093, 'hidden_continuous_size': 16, 'attention_head_size': 2, 'learning_rate': 0.04357386322930504}. Best is trial 32 with value: 0.0895693302154541.
LOCAL_RANK: 0 - CUDA_VISIBLE_DEVICES: [0]
[I 2023-11-30 02:24:24,156] Trial 42 finished with value: 0.10473337769508362 and parameters: {'gradient_clip_val': 0.843023101994822, 'hidden_size': 57, 'dropout': 0.38187028844279697, 'hidden_continuous_size': 14, 'attention_head_size': 2, 'learning_rate': 0.05499685966628093}. Best is trial 32 with value: 0.0895693302154541.
LOCAL_RANK: 0 - CUDA_VISIBLE_DEVICES: [0]
[I 2023-11-30 02:24:37,349] Trial 43 finished with value: 0.13401007652282715 and parameters: {'gradient_clip_val': 0.8369741512309047, 'hidden_size': 58, 'dropout': 0.37981627297808535, 'hidden_continuous_size': 14, 'attention_head_size': 2, 'learning_rate': 0.04005558403654573}. Best is trial 32 with value: 0.0895693302154541.
LOCAL_RANK: 0 - CUDA_VISIBLE_DEVICES: [0]
[I 2023-11-30 02:24:50,397] Trial 44 finished with value: 0.16262882947921753 and parameters: {'gradient_clip_val': 0.7041450574843555, 'hidden_size': 58, 'dropout': 0.39656054049094286, 'hidden_continuous_size': 19, 'attention_head_size': 3, 'learning_rate': 0.0713869065449686}. Best is trial 32 with value: 0.0895693302154541.
LOCAL_RANK: 0 - CUDA_VISIBLE_DEVICES: [0]
[I 2023-11-30 02:25:03,387] Trial 45 finished with value: 0.13612307608127594 and parameters: {'gradient_clip_val': 0.8646103588976423, 'hidden_size': 63, 'dropout': 0.3638998744550285, 'hidden_continuous_size': 11, 'attention_head_size': 1, 'learning_rate': 0.08072842537139746}. Best is trial 32 with value: 0.0895693302154541.
LOCAL_RANK: 0 - CUDA_VISIBLE_DEVICES: [0]
[I 2023-11-30 02:25:16,632] Trial 46 finished with value: 0.18577910959720612 and parameters: {'gradient_clip_val': 0.8102262128045398, 'hidden_size': 84, 'dropout': 0.38045487276656115, 'hidden_continuous_size': 13, 'attention_head_size': 2, 'learning_rate': 0.05313226985998659}. Best is trial 32 with value: 0.0895693302154541.
LOCAL_RANK: 0 - CUDA_VISIBLE_DEVICES: [0]
[I 2023-11-30 02:25:29,566] Trial 47 finished with value: 0.12001066654920578 and parameters: {'gradient_clip_val': 0.7192190084408437, 'hidden_size': 51, 'dropout': 0.3983448840562635, 'hidden_continuous_size': 14, 'attention_head_size': 2, 'learning_rate': 0.035812556758239446}. Best is trial 32 with value: 0.0895693302154541.
LOCAL_RANK: 0 - CUDA_VISIBLE_DEVICES: [0]
[I 2023-11-30 02:25:42,345] Trial 48 finished with value: 0.23334898054599762 and parameters: {'gradient_clip_val': 0.5363437168183965, 'hidden_size': 29, 'dropout': 0.35297946215033227, 'hidden_continuous_size': 16, 'attention_head_size': 3, 'learning_rate': 0.045419501559257884}. Best is trial 32 with value: 0.0895693302154541.
LOCAL_RANK: 0 - CUDA_VISIBLE_DEVICES: [0]
[I 2023-11-30 02:25:55,847] Trial 49 finished with value: 0.30907365679740906 and parameters: {'gradient_clip_val': 0.5829221240956618, 'hidden_size': 76, 'dropout': 0.3639334285314802, 'hidden_continuous_size': 19, 'attention_head_size': 2, 'learning_rate': 0.09904957631407081}. Best is trial 32 with value: 0.0895693302154541.
LOCAL_RANK: 0 - CUDA_VISIBLE_DEVICES: [0]
[I 2023-11-30 02:26:08,527] Trial 50 finished with value: 0.10541796684265137 and parameters: {'gradient_clip_val': 0.3995796328120079, 'hidden_size': 38, 'dropout': 0.33517520114203136, 'hidden_continuous_size': 18, 'attention_head_size': 1, 'learning_rate': 0.024221700214092343}. Best is trial 32 with value: 0.0895693302154541.
LOCAL_RANK: 0 - CUDA_VISIBLE_DEVICES: [0]
[I 2023-11-30 02:26:21,243] Trial 51 finished with value: 0.16195839643478394 and parameters: {'gradient_clip_val': 0.3724967555508674, 'hidden_size': 39, 'dropout': 0.33347315624050095, 'hidden_continuous_size': 18, 'attention_head_size': 1, 'learning_rate': 0.02544234077058514}. Best is trial 32 with value: 0.0895693302154541.
LOCAL_RANK: 0 - CUDA_VISIBLE_DEVICES: [0]
[I 2023-11-30 02:26:34,127] Trial 52 finished with value: 0.24756264686584473 and parameters: {'gradient_clip_val': 0.4450405299188955, 'hidden_size': 47, 'dropout': 0.3818189105940062, 'hidden_continuous_size': 20, 'attention_head_size': 1, 'learning_rate': 0.018167975895731416}. Best is trial 32 with value: 0.0895693302154541.
LOCAL_RANK: 0 - CUDA_VISIBLE_DEVICES: [0]
[I 2023-11-30 02:26:47,193] Trial 53 finished with value: 0.22766537964344025 and parameters: {'gradient_clip_val': 0.4049766116815533, 'hidden_size': 56, 'dropout': 0.3682413455182268, 'hidden_continuous_size': 15, 'attention_head_size': 1, 'learning_rate': 0.03216986296394922}. Best is trial 32 with value: 0.0895693302154541.
LOCAL_RANK: 0 - CUDA_VISIBLE_DEVICES: [0]
[I 2023-11-30 02:26:59,871] Trial 54 finished with value: 0.15412046015262604 and parameters: {'gradient_clip_val': 0.5246610996269303, 'hidden_size': 35, 'dropout': 0.35408134142144365, 'hidden_continuous_size': 17, 'attention_head_size': 1, 'learning_rate': 0.05310498939395313}. Best is trial 32 with value: 0.0895693302154541.
LOCAL_RANK: 0 - CUDA_VISIBLE_DEVICES: [0]
[I 2023-11-30 02:27:13,051] Trial 55 finished with value: 0.1831047087907791 and parameters: {'gradient_clip_val': 0.6493866376021341, 'hidden_size': 67, 'dropout': 0.32941752808171787, 'hidden_continuous_size': 13, 'attention_head_size': 2, 'learning_rate': 0.04183578675010697}. Best is trial 32 with value: 0.0895693302154541.
LOCAL_RANK: 0 - CUDA_VISIBLE_DEVICES: [0]
[I 2023-11-30 02:27:26,125] Trial 56 finished with value: 0.22493593394756317 and parameters: {'gradient_clip_val': 0.6916634524798632, 'hidden_size': 53, 'dropout': 0.387037402185502, 'hidden_continuous_size': 16, 'attention_head_size': 3, 'learning_rate': 0.021731098484546234}. Best is trial 32 with value: 0.0895693302154541.
LOCAL_RANK: 0 - CUDA_VISIBLE_DEVICES: [0]
[I 2023-11-30 02:27:38,963] Trial 57 finished with value: 0.1123427152633667 and parameters: {'gradient_clip_val': 0.8778335263500976, 'hidden_size': 46, 'dropout': 0.37676687131325465, 'hidden_continuous_size': 18, 'attention_head_size': 2, 'learning_rate': 0.07530435107430548}. Best is trial 32 with value: 0.0895693302154541.
LOCAL_RANK: 0 - CUDA_VISIBLE_DEVICES: [0]
[I 2023-11-30 02:27:52,544] Trial 58 finished with value: 0.1056835949420929 and parameters: {'gradient_clip_val': 0.5823146500888218, 'hidden_size': 62, 'dropout': 0.3884369908391813, 'hidden_continuous_size': 20, 'attention_head_size': 4, 'learning_rate': 0.028086917993051703}. Best is trial 32 with value: 0.0895693302154541.
LOCAL_RANK: 0 - CUDA_VISIBLE_DEVICES: [0]
[I 2023-11-30 02:28:05,159] Trial 59 finished with value: 0.12791286408901215 and parameters: {'gradient_clip_val': 0.7921205062225474, 'hidden_size': 40, 'dropout': 0.3593858860287886, 'hidden_continuous_size': 15, 'attention_head_size': 2, 'learning_rate': 0.05787822562070376}. Best is trial 32 with value: 0.0895693302154541.
LOCAL_RANK: 0 - CUDA_VISIBLE_DEVICES: [0]
[I 2023-11-30 02:28:17,621] Trial 60 finished with value: 0.18640302121639252 and parameters: {'gradient_clip_val': 0.4747305817500283, 'hidden_size': 29, 'dropout': 0.37013368211305714, 'hidden_continuous_size': 18, 'attention_head_size': 1, 'learning_rate': 0.035441810135962204}. Best is trial 32 with value: 0.0895693302154541.
LOCAL_RANK: 0 - CUDA_VISIBLE_DEVICES: [0]
[I 2023-11-30 02:28:30,909] Trial 61 finished with value: 0.11880853772163391 and parameters: {'gradient_clip_val': 0.5678359986963321, 'hidden_size': 62, 'dropout': 0.371246972380074, 'hidden_continuous_size': 22, 'attention_head_size': 4, 'learning_rate': 0.028195300643816923}. Best is trial 32 with value: 0.0895693302154541.
LOCAL_RANK: 0 - CUDA_VISIBLE_DEVICES: [0]
[I 2023-11-30 02:28:44,540] Trial 62 finished with value: 0.12214774638414383 and parameters: {'gradient_clip_val': 0.6248942205096288, 'hidden_size': 91, 'dropout': 0.38928528133123264, 'hidden_continuous_size': 20, 'attention_head_size': 4, 'learning_rate': 0.04661856906182446}. Best is trial 32 with value: 0.0895693302154541.
LOCAL_RANK: 0 - CUDA_VISIBLE_DEVICES: [0]
[I 2023-11-30 02:28:58,269] Trial 63 finished with value: 0.13521640002727509 and parameters: {'gradient_clip_val': 0.5218779723328865, 'hidden_size': 73, 'dropout': 0.3391726248460424, 'hidden_continuous_size': 23, 'attention_head_size': 4, 'learning_rate': 0.018563842743189334}. Best is trial 32 with value: 0.0895693302154541.
LOCAL_RANK: 0 - CUDA_VISIBLE_DEVICES: [0]
[I 2023-11-30 02:29:12,490] Trial 64 finished with value: 0.21365277469158173 and parameters: {'gradient_clip_val': 0.7522842416194521, 'hidden_size': 79, 'dropout': 0.39815560082576923, 'hidden_continuous_size': 66, 'attention_head_size': 4, 'learning_rate': 0.029970961349137192}. Best is trial 32 with value: 0.0895693302154541.
LOCAL_RANK: 0 - CUDA_VISIBLE_DEVICES: [0]
[I 2023-11-30 02:29:25,880] Trial 65 finished with value: 0.15383976697921753 and parameters: {'gradient_clip_val': 0.5769555832358059, 'hidden_size': 67, 'dropout': 0.3467564223917787, 'hidden_continuous_size': 21, 'attention_head_size': 3, 'learning_rate': 0.02435105797109645}. Best is trial 32 with value: 0.0895693302154541.
LOCAL_RANK: 0 - CUDA_VISIBLE_DEVICES: [0]
[I 2023-11-30 02:29:38,931] Trial 66 finished with value: 0.21275489032268524 and parameters: {'gradient_clip_val': 0.6973067900358912, 'hidden_size': 54, 'dropout': 0.3878605665508821, 'hidden_continuous_size': 17, 'attention_head_size': 2, 'learning_rate': 0.03482924447952695}. Best is trial 32 with value: 0.0895693302154541.
LOCAL_RANK: 0 - CUDA_VISIBLE_DEVICES: [0]
[I 2023-11-30 02:29:52,158] Trial 67 finished with value: 0.11608076095581055 and parameters: {'gradient_clip_val': 0.41116833360001187, 'hidden_size': 60, 'dropout': 0.32237768246002335, 'hidden_continuous_size': 19, 'attention_head_size': 3, 'learning_rate': 0.04313967038359833}. Best is trial 32 with value: 0.0895693302154541.
LOCAL_RANK: 0 - CUDA_VISIBLE_DEVICES: [0]
[I 2023-11-30 02:30:04,844] Trial 68 finished with value: 0.17168645560741425 and parameters: {'gradient_clip_val': 0.34404618469384673, 'hidden_size': 48, 'dropout': 0.3553646317495111, 'hidden_continuous_size': 14, 'attention_head_size': 1, 'learning_rate': 0.05094158022755347}. Best is trial 32 with value: 0.0895693302154541.
LOCAL_RANK: 0 - CUDA_VISIBLE_DEVICES: [0]
[I 2023-11-30 02:30:18,166] Trial 69 finished with value: 0.12960770726203918 and parameters: {'gradient_clip_val': 0.4749220447255799, 'hidden_size': 89, 'dropout': 0.3393557365008091, 'hidden_continuous_size': 11, 'attention_head_size': 2, 'learning_rate': 0.06195446717594937}. Best is trial 32 with value: 0.0895693302154541.
LOCAL_RANK: 0 - CUDA_VISIBLE_DEVICES: [0]
[I 2023-11-30 02:30:31,648] Trial 70 finished with value: 0.12260928004980087 and parameters: {'gradient_clip_val': 0.5935333814267121, 'hidden_size': 71, 'dropout': 0.3645628655131783, 'hidden_continuous_size': 26, 'attention_head_size': 2, 'learning_rate': 0.01578710473453246}. Best is trial 32 with value: 0.0895693302154541.
LOCAL_RANK: 0 - CUDA_VISIBLE_DEVICES: [0]
[I 2023-11-30 02:30:44,470] Trial 71 finished with value: 0.14602741599082947 and parameters: {'gradient_clip_val': 0.6337573449039616, 'hidden_size': 43, 'dropout': 0.22528537966156664, 'hidden_continuous_size': 21, 'attention_head_size': 2, 'learning_rate': 0.038935708588615676}. Best is trial 32 with value: 0.0895693302154541.
LOCAL_RANK: 0 - CUDA_VISIBLE_DEVICES: [0]
[I 2023-11-30 02:30:57,617] Trial 72 finished with value: 0.213582381606102 and parameters: {'gradient_clip_val': 0.6590000349665294, 'hidden_size': 53, 'dropout': 0.24436705212425347, 'hidden_continuous_size': 23, 'attention_head_size': 2, 'learning_rate': 0.029657569051239445}. Best is trial 32 with value: 0.0895693302154541.
LOCAL_RANK: 0 - CUDA_VISIBLE_DEVICES: [0]
[I 2023-11-30 02:31:10,807] Trial 73 finished with value: 0.11404681205749512 and parameters: {'gradient_clip_val': 0.6093216231743483, 'hidden_size': 49, 'dropout': 0.2576691619053857, 'hidden_continuous_size': 16, 'attention_head_size': 2, 'learning_rate': 0.02352688913942344}. Best is trial 32 with value: 0.0895693302154541.
LOCAL_RANK: 0 - CUDA_VISIBLE_DEVICES: [0]
[I 2023-11-30 02:31:24,062] Trial 74 finished with value: 0.09738095849752426 and parameters: {'gradient_clip_val': 0.537693659928817, 'hidden_size': 65, 'dropout': 0.3210670719558576, 'hidden_continuous_size': 24, 'attention_head_size': 1, 'learning_rate': 0.08569770777652266}. Best is trial 32 with value: 0.0895693302154541.
LOCAL_RANK: 0 - CUDA_VISIBLE_DEVICES: [0]
[I 2023-11-30 02:31:37,225] Trial 75 finished with value: 0.18215306103229523 and parameters: {'gradient_clip_val': 0.5026301893945967, 'hidden_size': 64, 'dropout': 0.30437064805270475, 'hidden_continuous_size': 26, 'attention_head_size': 1, 'learning_rate': 0.0857128040209579}. Best is trial 32 with value: 0.0895693302154541.
LOCAL_RANK: 0 - CUDA_VISIBLE_DEVICES: [0]
[I 2023-11-30 02:31:50,486] Trial 76 finished with value: 0.19773034751415253 and parameters: {'gradient_clip_val': 0.5461436583180104, 'hidden_size': 72, 'dropout': 0.375646555716546, 'hidden_continuous_size': 19, 'attention_head_size': 1, 'learning_rate': 0.06696871533602444}. Best is trial 32 with value: 0.0895693302154541.
LOCAL_RANK: 0 - CUDA_VISIBLE_DEVICES: [0]
[I 2023-11-30 02:32:03,774] Trial 77 finished with value: 0.13953466713428497 and parameters: {'gradient_clip_val': 0.9329604535569529, 'hidden_size': 80, 'dropout': 0.31609548722171754, 'hidden_continuous_size': 24, 'attention_head_size': 1, 'learning_rate': 0.07548358972449347}. Best is trial 32 with value: 0.0895693302154541.
LOCAL_RANK: 0 - CUDA_VISIBLE_DEVICES: [0]
[I 2023-11-30 02:32:16,911] Trial 78 finished with value: 0.27556025981903076 and parameters: {'gradient_clip_val': 0.7694491429673985, 'hidden_size': 58, 'dropout': 0.26983428460017245, 'hidden_continuous_size': 15, 'attention_head_size': 1, 'learning_rate': 0.059141753881111814}. Best is trial 32 with value: 0.0895693302154541.
LOCAL_RANK: 0 - CUDA_VISIBLE_DEVICES: [0]
[I 2023-11-30 02:32:29,967] Trial 79 finished with value: 0.11888036876916885 and parameters: {'gradient_clip_val': 0.7244809123320802, 'hidden_size': 61, 'dropout': 0.35181290654682923, 'hidden_continuous_size': 17, 'attention_head_size': 1, 'learning_rate': 0.04754160166028005}. Best is trial 32 with value: 0.0895693302154541.
LOCAL_RANK: 0 - CUDA_VISIBLE_DEVICES: [0]
[I 2023-11-30 02:32:43,410] Trial 80 finished with value: 0.10412564128637314 and parameters: {'gradient_clip_val': 0.8234691476081266, 'hidden_size': 68, 'dropout': 0.334916795377686, 'hidden_continuous_size': 20, 'attention_head_size': 4, 'learning_rate': 0.08583565992197582}. Best is trial 32 with value: 0.0895693302154541.
LOCAL_RANK: 0 - CUDA_VISIBLE_DEVICES: [0]
[I 2023-11-30 02:32:56,929] Trial 81 finished with value: 0.11891987174749374 and parameters: {'gradient_clip_val': 0.8389072558445121, 'hidden_size': 66, 'dropout': 0.3362392676888476, 'hidden_continuous_size': 20, 'attention_head_size': 4, 'learning_rate': 0.08698721894758268}. Best is trial 32 with value: 0.0895693302154541.
LOCAL_RANK: 0 - CUDA_VISIBLE_DEVICES: [0]
