[I 2023-11-29 20:44:59,628] Trial 22 finished with value: 0.20969045162200928 and parameters: {'gradient_clip_val': 0.1426953278541571, 'hidden_size': 44, 'dropout': 0.3472396937999809, 'hidden_continuous_size': 21, 'attention_head_size': 2, 'learning_rate': 0.044443146094005216}. Best is trial 17 with value: 0.1668449193239212.
LOCAL_RANK: 0 - CUDA_VISIBLE_DEVICES: [0]
[I 2023-11-29 20:45:12,447] Trial 23 finished with value: 0.13111604750156403 and parameters: {'gradient_clip_val': 0.1939128134261041, 'hidden_size': 37, 'dropout': 0.37032743451605693, 'hidden_continuous_size': 22, 'attention_head_size': 3, 'learning_rate': 0.06588388682238537}. Best is trial 23 with value: 0.13111604750156403.
LOCAL_RANK: 0 - CUDA_VISIBLE_DEVICES: [0]
[I 2023-11-29 20:45:25,351] Trial 24 finished with value: 0.15719877183437347 and parameters: {'gradient_clip_val': 0.28061025917652194, 'hidden_size': 38, 'dropout': 0.325394586455048, 'hidden_continuous_size': 24, 'attention_head_size': 2, 'learning_rate': 0.07625802775695235}. Best is trial 23 with value: 0.13111604750156403.
LOCAL_RANK: 0 - CUDA_VISIBLE_DEVICES: [0]
[I 2023-11-29 20:45:38,007] Trial 25 finished with value: 0.12431079149246216 and parameters: {'gradient_clip_val': 0.26109717945597244, 'hidden_size': 34, 'dropout': 0.3323437399490812, 'hidden_continuous_size': 20, 'attention_head_size': 2, 'learning_rate': 0.09313564792933927}. Best is trial 25 with value: 0.12431079149246216.
LOCAL_RANK: 0 - CUDA_VISIBLE_DEVICES: [0]
[I 2023-11-29 20:45:50,872] Trial 26 finished with value: 0.1440836787223816 and parameters: {'gradient_clip_val': 0.2623233084566765, 'hidden_size': 38, 'dropout': 0.32645803156856135, 'hidden_continuous_size': 24, 'attention_head_size': 2, 'learning_rate': 0.09830015922944112}. Best is trial 25 with value: 0.12431079149246216.
LOCAL_RANK: 0 - CUDA_VISIBLE_DEVICES: [0]
[I 2023-11-29 20:46:03,072] Trial 27 finished with value: 0.18467865884304047 and parameters: {'gradient_clip_val': 0.2781086917500125, 'hidden_size': 24, 'dropout': 0.3808523502651689, 'hidden_continuous_size': 16, 'attention_head_size': 3, 'learning_rate': 0.09842877195704848}. Best is trial 25 with value: 0.12431079149246216.
LOCAL_RANK: 0 - CUDA_VISIBLE_DEVICES: [0]
[I 2023-11-29 20:46:15,787] Trial 28 finished with value: 0.1850387454032898 and parameters: {'gradient_clip_val': 0.2407194273001588, 'hidden_size': 38, 'dropout': 0.33942724789505824, 'hidden_continuous_size': 20, 'attention_head_size': 2, 'learning_rate': 0.06742373982042602}. Best is trial 25 with value: 0.12431079149246216.
LOCAL_RANK: 0 - CUDA_VISIBLE_DEVICES: [0]
[I 2023-11-29 20:46:28,247] Trial 29 finished with value: 0.1937636286020279 and parameters: {'gradient_clip_val': 0.3005519737122605, 'hidden_size': 32, 'dropout': 0.3797331585289109, 'hidden_continuous_size': 20, 'attention_head_size': 3, 'learning_rate': 0.07044159176749809}. Best is trial 25 with value: 0.12431079149246216.
LOCAL_RANK: 0 - CUDA_VISIBLE_DEVICES: [0]
[I 2023-11-29 20:46:41,771] Trial 30 finished with value: 0.29565882682800293 and parameters: {'gradient_clip_val': 0.31438393839285267, 'hidden_size': 63, 'dropout': 0.3212219086730799, 'hidden_continuous_size': 24, 'attention_head_size': 4, 'learning_rate': 0.09280905085719257}. Best is trial 25 with value: 0.12431079149246216.
LOCAL_RANK: 0 - CUDA_VISIBLE_DEVICES: [0]
[I 2023-11-29 20:46:54,586] Trial 31 finished with value: 0.20136737823486328 and parameters: {'gradient_clip_val': 0.2510123678390009, 'hidden_size': 38, 'dropout': 0.3314291468914292, 'hidden_continuous_size': 23, 'attention_head_size': 2, 'learning_rate': 0.07146651990073848}. Best is trial 25 with value: 0.12431079149246216.
LOCAL_RANK: 0 - CUDA_VISIBLE_DEVICES: [0]
[I 2023-11-29 20:47:07,304] Trial 32 finished with value: 0.1255308836698532 and parameters: {'gradient_clip_val': 0.30444738595543813, 'hidden_size': 37, 'dropout': 0.3579005496115018, 'hidden_continuous_size': 25, 'attention_head_size': 2, 'learning_rate': 0.07100676714353737}. Best is trial 25 with value: 0.12431079149246216.
LOCAL_RANK: 0 - CUDA_VISIBLE_DEVICES: [0]
[I 2023-11-29 20:47:19,798] Trial 33 finished with value: 0.27612683176994324 and parameters: {'gradient_clip_val': 0.22781397361431996, 'hidden_size': 26, 'dropout': 0.35824283575241095, 'hidden_continuous_size': 21, 'attention_head_size': 2, 'learning_rate': 0.04077383582118366}. Best is trial 25 with value: 0.12431079149246216.
LOCAL_RANK: 0 - CUDA_VISIBLE_DEVICES: [0]
[I 2023-11-29 20:47:32,180] Trial 34 finished with value: 0.19058473408222198 and parameters: {'gradient_clip_val': 0.3252459895479674, 'hidden_size': 23, 'dropout': 0.37835788683394356, 'hidden_continuous_size': 13, 'attention_head_size': 3, 'learning_rate': 0.052288512435280446}. Best is trial 25 with value: 0.12431079149246216.
LOCAL_RANK: 0 - CUDA_VISIBLE_DEVICES: [0]
[I 2023-11-29 20:47:44,832] Trial 35 finished with value: 0.15157382190227509 and parameters: {'gradient_clip_val': 0.4429104929883781, 'hidden_size': 31, 'dropout': 0.36063815032170193, 'hidden_continuous_size': 20, 'attention_head_size': 2, 'learning_rate': 0.09595141368950993}. Best is trial 25 with value: 0.12431079149246216.
LOCAL_RANK: 0 - CUDA_VISIBLE_DEVICES: [0]
[I 2023-11-29 20:47:58,154] Trial 36 finished with value: 0.15655945241451263 and parameters: {'gradient_clip_val': 0.2539125110252983, 'hidden_size': 51, 'dropout': 0.39426617956286036, 'hidden_continuous_size': 26, 'attention_head_size': 2, 'learning_rate': 0.0656717025773074}. Best is trial 25 with value: 0.12431079149246216.
LOCAL_RANK: 0 - CUDA_VISIBLE_DEVICES: [0]
[I 2023-11-29 20:48:11,120] Trial 37 finished with value: 0.3011437952518463 and parameters: {'gradient_clip_val': 0.41699634470827873, 'hidden_size': 39, 'dropout': 0.34483531964244746, 'hidden_continuous_size': 22, 'attention_head_size': 3, 'learning_rate': 0.06026533682310234}. Best is trial 25 with value: 0.12431079149246216.
LOCAL_RANK: 0 - CUDA_VISIBLE_DEVICES: [0]
[I 2023-11-29 20:48:24,015] Trial 38 finished with value: 0.2813374698162079 and parameters: {'gradient_clip_val': 0.1854646693597163, 'hidden_size': 34, 'dropout': 0.37040532063696563, 'hidden_continuous_size': 25, 'attention_head_size': 2, 'learning_rate': 0.0326529710798611}. Best is trial 25 with value: 0.12431079149246216.
LOCAL_RANK: 0 - CUDA_VISIBLE_DEVICES: [0]
[I 2023-11-29 20:48:36,154] Trial 39 finished with value: 0.1888078898191452 and parameters: {'gradient_clip_val': 0.46748834893997043, 'hidden_size': 20, 'dropout': 0.2980680990680227, 'hidden_continuous_size': 15, 'attention_head_size': 3, 'learning_rate': 0.0777259742797967}. Best is trial 25 with value: 0.12431079149246216.
LOCAL_RANK: 0 - CUDA_VISIBLE_DEVICES: [0]
[I 2023-11-29 20:48:48,971] Trial 40 finished with value: 0.16422416269779205 and parameters: {'gradient_clip_val': 0.2199944342682927, 'hidden_size': 43, 'dropout': 0.32041093632430595, 'hidden_continuous_size': 23, 'attention_head_size': 2, 'learning_rate': 0.03954728732136881}. Best is trial 25 with value: 0.12431079149246216.
LOCAL_RANK: 0 - CUDA_VISIBLE_DEVICES: [0]
[I 2023-11-29 20:49:01,667] Trial 41 finished with value: 0.1199408546090126 and parameters: {'gradient_clip_val': 0.3297863107865524, 'hidden_size': 31, 'dropout': 0.3585877653808588, 'hidden_continuous_size': 20, 'attention_head_size': 2, 'learning_rate': 0.0946778282391669}. Best is trial 41 with value: 0.1199408546090126.
LOCAL_RANK: 0 - CUDA_VISIBLE_DEVICES: [0]
[I 2023-11-29 20:49:14,281] Trial 42 finished with value: 0.17513234913349152 and parameters: {'gradient_clip_val': 0.33371271439340733, 'hidden_size': 29, 'dropout': 0.349016095831722, 'hidden_continuous_size': 21, 'attention_head_size': 2, 'learning_rate': 0.09999294588002498}. Best is trial 41 with value: 0.1199408546090126.
LOCAL_RANK: 0 - CUDA_VISIBLE_DEVICES: [0]
[I 2023-11-29 20:49:27,036] Trial 43 finished with value: 0.1411452740430832 and parameters: {'gradient_clip_val': 0.36854423085482135, 'hidden_size': 35, 'dropout': 0.36526547036845497, 'hidden_continuous_size': 18, 'attention_head_size': 2, 'learning_rate': 0.05962751297569273}. Best is trial 41 with value: 0.1199408546090126.
LOCAL_RANK: 0 - CUDA_VISIBLE_DEVICES: [0]
[I 2023-11-29 20:49:39,608] Trial 44 finished with value: 0.17637066543102264 and parameters: {'gradient_clip_val': 0.38742522739062557, 'hidden_size': 26, 'dropout': 0.3699509284577815, 'hidden_continuous_size': 18, 'attention_head_size': 2, 'learning_rate': 0.058625540214690915}. Best is trial 41 with value: 0.1199408546090126.
LOCAL_RANK: 0 - CUDA_VISIBLE_DEVICES: [0]
[I 2023-11-29 20:49:52,167] Trial 45 finished with value: 0.284698486328125 and parameters: {'gradient_clip_val': 0.35959677943462803, 'hidden_size': 32, 'dropout': 0.38317230323815965, 'hidden_continuous_size': 19, 'attention_head_size': 2, 'learning_rate': 0.05003406895346965}. Best is trial 41 with value: 0.1199408546090126.
LOCAL_RANK: 0 - CUDA_VISIBLE_DEVICES: [0]
[I 2023-11-29 20:50:04,821] Trial 46 finished with value: 0.1289869099855423 and parameters: {'gradient_clip_val': 0.48216327052806535, 'hidden_size': 34, 'dropout': 0.359493392253672, 'hidden_continuous_size': 17, 'attention_head_size': 1, 'learning_rate': 0.07645954669204931}. Best is trial 41 with value: 0.1199408546090126.
LOCAL_RANK: 0 - CUDA_VISIBLE_DEVICES: [0]
[I 2023-11-29 20:50:17,101] Trial 47 finished with value: 0.17402531206607819 and parameters: {'gradient_clip_val': 0.482683681658139, 'hidden_size': 23, 'dropout': 0.3530578542935761, 'hidden_continuous_size': 17, 'attention_head_size': 1, 'learning_rate': 0.07600486915819868}. Best is trial 41 with value: 0.1199408546090126.
LOCAL_RANK: 0 - CUDA_VISIBLE_DEVICES: [0]
[I 2023-11-29 20:50:29,078] Trial 48 finished with value: 0.23677915334701538 and parameters: {'gradient_clip_val': 0.5195426985780841, 'hidden_size': 20, 'dropout': 0.39941147297018603, 'hidden_continuous_size': 17, 'attention_head_size': 1, 'learning_rate': 0.038724549908446294}. Best is trial 41 with value: 0.1199408546090126.
LOCAL_RANK: 0 - CUDA_VISIBLE_DEVICES: [0]
[I 2023-11-29 20:50:42,558] Trial 49 finished with value: 0.177326962351799 and parameters: {'gradient_clip_val': 0.2943871046882757, 'hidden_size': 48, 'dropout': 0.3420413351185781, 'hidden_continuous_size': 25, 'attention_head_size': 1, 'learning_rate': 0.08278110469494734}. Best is trial 41 with value: 0.1199408546090126.
LOCAL_RANK: 0 - CUDA_VISIBLE_DEVICES: [0]
[I 2023-11-29 20:50:56,437] Trial 50 finished with value: 0.17848391830921173 and parameters: {'gradient_clip_val': 0.5922041728993275, 'hidden_size': 51, 'dropout': 0.38746256287133063, 'hidden_continuous_size': 28, 'attention_head_size': 3, 'learning_rate': 0.04921259200783123}. Best is trial 41 with value: 0.1199408546090126.
LOCAL_RANK: 0 - CUDA_VISIBLE_DEVICES: [0]
[I 2023-11-29 20:51:09,206] Trial 51 finished with value: 0.2350345402956009 and parameters: {'gradient_clip_val': 0.34801172878079706, 'hidden_size': 33, 'dropout': 0.3681948544211653, 'hidden_continuous_size': 19, 'attention_head_size': 1, 'learning_rate': 0.06288960441277285}. Best is trial 41 with value: 0.1199408546090126.
LOCAL_RANK: 0 - CUDA_VISIBLE_DEVICES: [0]
[I 2023-11-29 20:51:21,929] Trial 52 finished with value: 0.16032856702804565 and parameters: {'gradient_clip_val': 0.3874936549743435, 'hidden_size': 35, 'dropout': 0.36413455331691214, 'hidden_continuous_size': 20, 'attention_head_size': 2, 'learning_rate': 0.07846363621600475}. Best is trial 41 with value: 0.1199408546090126.
LOCAL_RANK: 0 - CUDA_VISIBLE_DEVICES: [0]
[I 2023-11-29 20:51:34,779] Trial 53 finished with value: 0.13917507231235504 and parameters: {'gradient_clip_val': 0.3150491862663345, 'hidden_size': 41, 'dropout': 0.37472176152452774, 'hidden_continuous_size': 22, 'attention_head_size': 3, 'learning_rate': 0.05855964256977428}. Best is trial 41 with value: 0.1199408546090126.
LOCAL_RANK: 0 - CUDA_VISIBLE_DEVICES: [0]
[I 2023-11-29 20:51:47,536] Trial 54 finished with value: 0.23722879588603973 and parameters: {'gradient_clip_val': 0.309847244610221, 'hidden_size': 41, 'dropout': 0.3370728890117945, 'hidden_continuous_size': 22, 'attention_head_size': 3, 'learning_rate': 0.08316971941472785}. Best is trial 41 with value: 0.1199408546090126.
LOCAL_RANK: 0 - CUDA_VISIBLE_DEVICES: [0]
[I 2023-11-29 20:51:59,941] Trial 55 finished with value: 0.2569367587566376 and parameters: {'gradient_clip_val': 0.23585959754395808, 'hidden_size': 28, 'dropout': 0.3850574558406269, 'hidden_continuous_size': 19, 'attention_head_size': 3, 'learning_rate': 0.045644683983220885}. Best is trial 41 with value: 0.1199408546090126.
LOCAL_RANK: 0 - CUDA_VISIBLE_DEVICES: [0]
[I 2023-11-29 20:52:12,886] Trial 56 finished with value: 0.15830552577972412 and parameters: {'gradient_clip_val': 0.33644052678994474, 'hidden_size': 41, 'dropout': 0.3540472932910053, 'hidden_continuous_size': 22, 'attention_head_size': 4, 'learning_rate': 0.056111576334048334}. Best is trial 41 with value: 0.1199408546090126.
LOCAL_RANK: 0 - CUDA_VISIBLE_DEVICES: [0]
[I 2023-11-29 20:52:25,631] Trial 57 finished with value: 0.23182068765163422 and parameters: {'gradient_clip_val': 0.27968713714206356, 'hidden_size': 30, 'dropout': 0.37589752398893267, 'hidden_continuous_size': 21, 'attention_head_size': 3, 'learning_rate': 0.07058492236932291}. Best is trial 41 with value: 0.1199408546090126.
LOCAL_RANK: 0 - CUDA_VISIBLE_DEVICES: [0]
[I 2023-11-29 20:52:38,442] Trial 58 finished with value: 0.1197221651673317 and parameters: {'gradient_clip_val': 0.20224572719153885, 'hidden_size': 48, 'dropout': 0.3556078023386349, 'hidden_continuous_size': 28, 'attention_head_size': 3, 'learning_rate': 0.03392112376220555}. Best is trial 58 with value: 0.1197221651673317.
LOCAL_RANK: 0 - CUDA_VISIBLE_DEVICES: [0]
[I 2023-11-29 20:52:51,733] Trial 59 finished with value: 0.21460382640361786 and parameters: {'gradient_clip_val': 0.1981593743866227, 'hidden_size': 56, 'dropout': 0.3126667253474779, 'hidden_continuous_size': 30, 'attention_head_size': 3, 'learning_rate': 0.028765161067782322}. Best is trial 58 with value: 0.1197221651673317.
LOCAL_RANK: 0 - CUDA_VISIBLE_DEVICES: [0]
[I 2023-11-29 20:53:04,256] Trial 60 finished with value: 0.12670843303203583 and parameters: {'gradient_clip_val': 0.21196313372383727, 'hidden_size': 36, 'dropout': 0.3332835493768731, 'hidden_continuous_size': 26, 'attention_head_size': 1, 'learning_rate': 0.08395871827125816}. Best is trial 58 with value: 0.1197221651673317.
LOCAL_RANK: 0 - CUDA_VISIBLE_DEVICES: [0]
[I 2023-11-29 20:53:17,309] Trial 61 finished with value: 0.33075210452079773 and parameters: {'gradient_clip_val': 0.20786242115692272, 'hidden_size': 47, 'dropout': 0.3308731694005433, 'hidden_continuous_size': 26, 'attention_head_size': 1, 'learning_rate': 0.08515901853743037}. Best is trial 58 with value: 0.1197221651673317.
LOCAL_RANK: 0 - CUDA_VISIBLE_DEVICES: [0]
[I 2023-11-29 20:53:30,064] Trial 62 finished with value: 0.1285117268562317 and parameters: {'gradient_clip_val': 0.21815970460007805, 'hidden_size': 34, 'dropout': 0.34255775244713615, 'hidden_continuous_size': 23, 'attention_head_size': 1, 'learning_rate': 0.06810780919667725}. Best is trial 58 with value: 0.1197221651673317.
LOCAL_RANK: 0 - CUDA_VISIBLE_DEVICES: [0]
[I 2023-11-29 20:53:42,642] Trial 63 finished with value: 0.13729353249073029 and parameters: {'gradient_clip_val': 0.2175534177724547, 'hidden_size': 33, 'dropout': 0.3405294704468903, 'hidden_continuous_size': 23, 'attention_head_size': 1, 'learning_rate': 0.08407541546626571}. Best is trial 58 with value: 0.1197221651673317.
LOCAL_RANK: 0 - CUDA_VISIBLE_DEVICES: [0]
[I 2023-11-29 20:53:55,383] Trial 64 finished with value: 0.18712715804576874 and parameters: {'gradient_clip_val': 0.2553951088668228, 'hidden_size': 44, 'dropout': 0.3528679407173869, 'hidden_continuous_size': 28, 'attention_head_size': 1, 'learning_rate': 0.0437687153640888}. Best is trial 58 with value: 0.1197221651673317.
LOCAL_RANK: 0 - CUDA_VISIBLE_DEVICES: [0]
[I 2023-11-29 20:54:08,127] Trial 65 finished with value: 0.17230486869812012 and parameters: {'gradient_clip_val': 0.23808833552948733, 'hidden_size': 35, 'dropout': 0.3168371881718646, 'hidden_continuous_size': 26, 'attention_head_size': 1, 'learning_rate': 0.07027048891666965}. Best is trial 58 with value: 0.1197221651673317.
LOCAL_RANK: 0 - CUDA_VISIBLE_DEVICES: [0]
[I 2023-11-29 20:54:20,654] Trial 66 finished with value: 0.20075024664402008 and parameters: {'gradient_clip_val': 0.269162393914254, 'hidden_size': 28, 'dropout': 0.33587168407819573, 'hidden_continuous_size': 25, 'attention_head_size': 1, 'learning_rate': 0.03647778286623441}. Best is trial 58 with value: 0.1197221651673317.
LOCAL_RANK: 0 - CUDA_VISIBLE_DEVICES: [0]
[I 2023-11-29 20:54:33,109] Trial 67 finished with value: 0.32335522770881653 and parameters: {'gradient_clip_val': 0.1687705495070158, 'hidden_size': 36, 'dropout': 0.35782256179385613, 'hidden_continuous_size': 27, 'attention_head_size': 1, 'learning_rate': 0.052799742818720935}. Best is trial 58 with value: 0.1197221651673317.
LOCAL_RANK: 0 - CUDA_VISIBLE_DEVICES: [0]
[I 2023-11-29 20:54:45,660] Trial 68 finished with value: 0.2900719940662384 and parameters: {'gradient_clip_val': 0.22444835752519163, 'hidden_size': 31, 'dropout': 0.32972324622591404, 'hidden_continuous_size': 23, 'attention_head_size': 1, 'learning_rate': 0.09203532384855988}. Best is trial 58 with value: 0.1197221651673317.
LOCAL_RANK: 0 - CUDA_VISIBLE_DEVICES: [0]
[I 2023-11-29 20:54:58,465] Trial 69 finished with value: 0.26911213994026184 and parameters: {'gradient_clip_val': 0.182008647719325, 'hidden_size': 47, 'dropout': 0.34784535643879627, 'hidden_continuous_size': 31, 'attention_head_size': 1, 'learning_rate': 0.06457417461614445}. Best is trial 58 with value: 0.1197221651673317.
LOCAL_RANK: 0 - CUDA_VISIBLE_DEVICES: [0]
[I 2023-11-29 20:55:11,284] Trial 70 finished with value: 0.15246939659118652 and parameters: {'gradient_clip_val': 0.29034812963231266, 'hidden_size': 39, 'dropout': 0.2943398366059871, 'hidden_continuous_size': 29, 'attention_head_size': 1, 'learning_rate': 0.07818563205302911}. Best is trial 58 with value: 0.1197221651673317.
LOCAL_RANK: 0 - CUDA_VISIBLE_DEVICES: [0]
[I 2023-11-29 20:55:24,248] Trial 71 finished with value: 0.1784554123878479 and parameters: {'gradient_clip_val': 0.1954803236067906, 'hidden_size': 37, 'dropout': 0.35958804293087554, 'hidden_continuous_size': 25, 'attention_head_size': 2, 'learning_rate': 0.06940799532051663}. Best is trial 58 with value: 0.1197221651673317.
LOCAL_RANK: 0 - CUDA_VISIBLE_DEVICES: [0]
[I 2023-11-29 20:55:37,233] Trial 72 finished with value: 0.2631111443042755 and parameters: {'gradient_clip_val': 0.2494796537392649, 'hidden_size': 42, 'dropout': 0.34537181688011054, 'hidden_continuous_size': 24, 'attention_head_size': 4, 'learning_rate': 0.08888529832455329}. Best is trial 58 with value: 0.1197221651673317.
LOCAL_RANK: 0 - CUDA_VISIBLE_DEVICES: [0]
[I 2023-11-29 20:55:49,705] Trial 73 finished with value: 0.2289310246706009 and parameters: {'gradient_clip_val': 0.2093799278753158, 'hidden_size': 36, 'dropout': 0.39003580986778985, 'hidden_continuous_size': 20, 'attention_head_size': 1, 'learning_rate': 0.047291006245435946}. Best is trial 58 with value: 0.1197221651673317.
LOCAL_RANK: 0 - CUDA_VISIBLE_DEVICES: [0]
[I 2023-11-29 20:56:02,395] Trial 74 finished with value: 0.12666770815849304 and parameters: {'gradient_clip_val': 0.23814445488018343, 'hidden_size': 30, 'dropout': 0.3242828692683636, 'hidden_continuous_size': 23, 'attention_head_size': 3, 'learning_rate': 0.06499998177553443}. Best is trial 58 with value: 0.1197221651673317.
LOCAL_RANK: 0 - CUDA_VISIBLE_DEVICES: [0]
[I 2023-11-29 20:56:15,126] Trial 75 finished with value: 0.19305391609668732 and parameters: {'gradient_clip_val': 0.2660993083302882, 'hidden_size': 30, 'dropout': 0.3239914464911152, 'hidden_continuous_size': 23, 'attention_head_size': 2, 'learning_rate': 0.09720064891110247}. Best is trial 58 with value: 0.1197221651673317.
LOCAL_RANK: 0 - CUDA_VISIBLE_DEVICES: [0]
[I 2023-11-29 20:56:27,900] Trial 76 finished with value: 0.130923792719841 and parameters: {'gradient_clip_val': 0.23438660684932247, 'hidden_size': 33, 'dropout': 0.31146331404007943, 'hidden_continuous_size': 24, 'attention_head_size': 3, 'learning_rate': 0.052339407756385715}. Best is trial 58 with value: 0.1197221651673317.
LOCAL_RANK: 0 - CUDA_VISIBLE_DEVICES: [0]
[I 2023-11-29 20:56:40,380] Trial 77 finished with value: 0.24666965007781982 and parameters: {'gradient_clip_val': 0.28537558704438293, 'hidden_size': 27, 'dropout': 0.3381938833229513, 'hidden_continuous_size': 21, 'attention_head_size': 1, 'learning_rate': 0.062402208987250365}. Best is trial 58 with value: 0.1197221651673317.
LOCAL_RANK: 0 - CUDA_VISIBLE_DEVICES: [0]
[I 2023-11-29 20:56:53,101] Trial 78 finished with value: 0.32151374220848083 and parameters: {'gradient_clip_val': 0.2239404245797783, 'hidden_size': 31, 'dropout': 0.3220481548906574, 'hidden_continuous_size': 27, 'attention_head_size': 2, 'learning_rate': 0.0744898674625875}. Best is trial 58 with value: 0.1197221651673317.
LOCAL_RANK: 0 - CUDA_VISIBLE_DEVICES: [0]
[I 2023-11-29 20:57:05,857] Trial 79 finished with value: 0.3173528015613556 and parameters: {'gradient_clip_val': 0.25082118012139976, 'hidden_size': 29, 'dropout': 0.3306407345570436, 'hidden_continuous_size': 23, 'attention_head_size': 3, 'learning_rate': 0.08641863031441782}. Best is trial 58 with value: 0.1197221651673317.
LOCAL_RANK: 0 - CUDA_VISIBLE_DEVICES: [0]
[I 2023-11-29 20:57:18,595] Trial 80 finished with value: 0.28092560172080994 and parameters: {'gradient_clip_val': 0.2958740808202399, 'hidden_size': 26, 'dropout': 0.30409026821660384, 'hidden_continuous_size': 24, 'attention_head_size': 2, 'learning_rate': 0.05600758546851668}. Best is trial 58 with value: 0.1197221651673317.
LOCAL_RANK: 0 - CUDA_VISIBLE_DEVICES: [0]
