[I 2023-11-30 05:27:23,907] Trial 84 finished with value: 1.6279960870742798 and parameters: {'gradient_clip_val': 0.21888740143629756, 'hidden_size': 95, 'dropout': 0.22978478152034737, 'hidden_continuous_size': 25, 'attention_head_size': 1, 'learning_rate': 0.03324464671208267}. Best is trial 71 with value: 0.9627227783203125.
LOCAL_RANK: 0 - CUDA_VISIBLE_DEVICES: [0]
[I 2023-11-30 05:27:37,940] Trial 85 finished with value: 1.9310072660446167 and parameters: {'gradient_clip_val': 0.2539263042949049, 'hidden_size': 125, 'dropout': 0.2045835933588968, 'hidden_continuous_size': 38, 'attention_head_size': 1, 'learning_rate': 0.015279351094181583}. Best is trial 71 with value: 0.9627227783203125.
LOCAL_RANK: 0 - CUDA_VISIBLE_DEVICES: [0]
[I 2023-11-30 05:27:51,950] Trial 86 finished with value: 1.4870179891586304 and parameters: {'gradient_clip_val': 0.3133133831086853, 'hidden_size': 114, 'dropout': 0.2405677160566384, 'hidden_continuous_size': 28, 'attention_head_size': 1, 'learning_rate': 0.02455845735526095}. Best is trial 71 with value: 0.9627227783203125.
LOCAL_RANK: 0 - CUDA_VISIBLE_DEVICES: [0]
[I 2023-11-30 05:28:05,450] Trial 87 finished with value: 1.4718137979507446 and parameters: {'gradient_clip_val': 0.2365241779402338, 'hidden_size': 85, 'dropout': 0.19208132654981652, 'hidden_continuous_size': 18, 'attention_head_size': 1, 'learning_rate': 0.021151158612566466}. Best is trial 71 with value: 0.9627227783203125.
LOCAL_RANK: 0 - CUDA_VISIBLE_DEVICES: [0]
[I 2023-11-30 05:28:19,563] Trial 88 finished with value: 2.674248695373535 and parameters: {'gradient_clip_val': 0.1835886851469522, 'hidden_size': 134, 'dropout': 0.21802290846752032, 'hidden_continuous_size': 31, 'attention_head_size': 1, 'learning_rate': 0.026910540266892918}. Best is trial 71 with value: 0.9627227783203125.
LOCAL_RANK: 0 - CUDA_VISIBLE_DEVICES: [0]
[I 2023-11-30 05:28:33,805] Trial 89 finished with value: 1.9495023488998413 and parameters: {'gradient_clip_val': 0.2871474623108375, 'hidden_size': 149, 'dropout': 0.1971437645692217, 'hidden_continuous_size': 34, 'attention_head_size': 1, 'learning_rate': 0.04236555355498583}. Best is trial 71 with value: 0.9627227783203125.
LOCAL_RANK: 0 - CUDA_VISIBLE_DEVICES: [0]
[I 2023-11-30 05:28:47,392] Trial 90 finished with value: 1.6694897413253784 and parameters: {'gradient_clip_val': 0.2656147386626527, 'hidden_size': 73, 'dropout': 0.22442648013023564, 'hidden_continuous_size': 20, 'attention_head_size': 2, 'learning_rate': 0.03424225105863276}. Best is trial 71 with value: 0.9627227783203125.
LOCAL_RANK: 0 - CUDA_VISIBLE_DEVICES: [0]
[I 2023-11-30 05:29:01,166] Trial 91 finished with value: 1.6491756439208984 and parameters: {'gradient_clip_val': 0.2233735016598385, 'hidden_size': 89, 'dropout': 0.1709337691623072, 'hidden_continuous_size': 22, 'attention_head_size': 1, 'learning_rate': 0.016540685345917985}. Best is trial 71 with value: 0.9627227783203125.
LOCAL_RANK: 0 - CUDA_VISIBLE_DEVICES: [0]
[I 2023-11-30 05:29:14,698] Trial 92 finished with value: 1.967759609222412 and parameters: {'gradient_clip_val': 0.20423794443818388, 'hidden_size': 95, 'dropout': 0.1864018357297491, 'hidden_continuous_size': 24, 'attention_head_size': 1, 'learning_rate': 0.019122777503552416}. Best is trial 71 with value: 0.9627227783203125.
LOCAL_RANK: 0 - CUDA_VISIBLE_DEVICES: [0]
[I 2023-11-30 05:29:28,445] Trial 93 finished with value: 1.91055166721344 and parameters: {'gradient_clip_val': 0.2327964622638528, 'hidden_size': 106, 'dropout': 0.15839235989632647, 'hidden_continuous_size': 21, 'attention_head_size': 1, 'learning_rate': 0.01348030043438473}. Best is trial 71 with value: 0.9627227783203125.
LOCAL_RANK: 0 - CUDA_VISIBLE_DEVICES: [0]
[I 2023-11-30 05:29:41,763] Trial 94 finished with value: 1.991424560546875 and parameters: {'gradient_clip_val': 0.2201807047213756, 'hidden_size': 84, 'dropout': 0.16448332420236564, 'hidden_continuous_size': 23, 'attention_head_size': 1, 'learning_rate': 0.01507294314920002}. Best is trial 71 with value: 0.9627227783203125.
LOCAL_RANK: 0 - CUDA_VISIBLE_DEVICES: [0]
[I 2023-11-30 05:29:55,682] Trial 95 finished with value: 2.008596181869507 and parameters: {'gradient_clip_val': 0.2502555859656093, 'hidden_size': 97, 'dropout': 0.20775495618077144, 'hidden_continuous_size': 53, 'attention_head_size': 1, 'learning_rate': 0.017593481928042262}. Best is trial 71 with value: 0.9627227783203125.
LOCAL_RANK: 0 - CUDA_VISIBLE_DEVICES: [0]
[I 2023-11-30 05:30:09,581] Trial 96 finished with value: 1.9962247610092163 and parameters: {'gradient_clip_val': 0.1871041395651131, 'hidden_size': 102, 'dropout': 0.23558143917041596, 'hidden_continuous_size': 30, 'attention_head_size': 1, 'learning_rate': 0.02230363368519054}. Best is trial 71 with value: 0.9627227783203125.
LOCAL_RANK: 0 - CUDA_VISIBLE_DEVICES: [0]
[I 2023-11-30 05:30:23,476] Trial 97 finished with value: 1.643154501914978 and parameters: {'gradient_clip_val': 0.2103983002458047, 'hidden_size': 122, 'dropout': 0.17466365221394964, 'hidden_continuous_size': 25, 'attention_head_size': 1, 'learning_rate': 0.06279922091172875}. Best is trial 71 with value: 0.9627227783203125.
LOCAL_RANK: 0 - CUDA_VISIBLE_DEVICES: [0]
[I 2023-11-30 05:30:37,364] Trial 98 finished with value: 1.5078665018081665 and parameters: {'gradient_clip_val': 0.24036406873842275, 'hidden_size': 111, 'dropout': 0.18361436909209292, 'hidden_continuous_size': 27, 'attention_head_size': 1, 'learning_rate': 0.02780391267271489}. Best is trial 71 with value: 0.9627227783203125.
LOCAL_RANK: 0 - CUDA_VISIBLE_DEVICES: [0]
[I 2023-11-30 05:30:51,025] Trial 99 finished with value: 2.0125415325164795 and parameters: {'gradient_clip_val': 0.19521969587178425, 'hidden_size': 90, 'dropout': 0.15038782930178882, 'hidden_continuous_size': 20, 'attention_head_size': 3, 'learning_rate': 0.010553575382073316}. Best is trial 71 with value: 0.9627227783203125.
LOCAL_RANK: 0 - CUDA_VISIBLE_DEVICES: [0]
[I 2023-11-30 05:31:04,472] Trial 100 finished with value: 2.576524496078491 and parameters: {'gradient_clip_val': 0.28923395900431603, 'hidden_size': 79, 'dropout': 0.1975109464807249, 'hidden_continuous_size': 17, 'attention_head_size': 2, 'learning_rate': 0.012294611190694069}. Best is trial 71 with value: 0.9627227783203125.
LOCAL_RANK: 0 - CUDA_VISIBLE_DEVICES: [0]
[I 2023-11-30 05:31:18,790] Trial 101 finished with value: 1.9390472173690796 and parameters: {'gradient_clip_val': 0.25825168552366323, 'hidden_size': 112, 'dropout': 0.14479550247878872, 'hidden_continuous_size': 104, 'attention_head_size': 1, 'learning_rate': 0.02474323648463757}. Best is trial 71 with value: 0.9627227783203125.
LOCAL_RANK: 0 - CUDA_VISIBLE_DEVICES: [0]
[I 2023-11-30 05:31:32,467] Trial 102 finished with value: 1.8783674240112305 and parameters: {'gradient_clip_val': 0.27285404802554686, 'hidden_size': 113, 'dropout': 0.1399208202293873, 'hidden_continuous_size': 19, 'attention_head_size': 1, 'learning_rate': 0.031818915587334747}. Best is trial 71 with value: 0.9627227783203125.
LOCAL_RANK: 0 - CUDA_VISIBLE_DEVICES: [0]
[I 2023-11-30 05:31:47,071] Trial 103 finished with value: 1.2435022592544556 and parameters: {'gradient_clip_val': 0.3078187597407742, 'hidden_size': 133, 'dropout': 0.15437810162106474, 'hidden_continuous_size': 101, 'attention_head_size': 1, 'learning_rate': 0.01945934284304398}. Best is trial 71 with value: 0.9627227783203125.
LOCAL_RANK: 0 - CUDA_VISIBLE_DEVICES: [0]
[I 2023-11-30 05:32:01,604] Trial 104 finished with value: 2.1857569217681885 and parameters: {'gradient_clip_val': 0.304391979359588, 'hidden_size': 132, 'dropout': 0.15641087737640677, 'hidden_continuous_size': 123, 'attention_head_size': 1, 'learning_rate': 0.019430651204871124}. Best is trial 71 with value: 0.9627227783203125.
LOCAL_RANK: 0 - CUDA_VISIBLE_DEVICES: [0]
[I 2023-11-30 05:32:15,487] Trial 105 finished with value: 2.147925615310669 and parameters: {'gradient_clip_val': 0.32375961218085536, 'hidden_size': 123, 'dropout': 0.1504855054989982, 'hidden_continuous_size': 26, 'attention_head_size': 1, 'learning_rate': 0.0154878871553738}. Best is trial 71 with value: 0.9627227783203125.
LOCAL_RANK: 0 - CUDA_VISIBLE_DEVICES: [0]
[I 2023-11-30 05:32:29,258] Trial 106 finished with value: 1.847857117652893 and parameters: {'gradient_clip_val': 0.3458897483054519, 'hidden_size': 102, 'dropout': 0.16440670418721073, 'hidden_continuous_size': 22, 'attention_head_size': 1, 'learning_rate': 0.02173291330086024}. Best is trial 71 with value: 0.9627227783203125.
LOCAL_RANK: 0 - CUDA_VISIBLE_DEVICES: [0]
[I 2023-11-30 05:32:43,335] Trial 107 finished with value: 1.912666916847229 and parameters: {'gradient_clip_val': 0.2253860573303239, 'hidden_size': 140, 'dropout': 0.21047127068417504, 'hidden_continuous_size': 32, 'attention_head_size': 1, 'learning_rate': 0.017876339826531494}. Best is trial 71 with value: 0.9627227783203125.
LOCAL_RANK: 0 - CUDA_VISIBLE_DEVICES: [0]
[I 2023-11-30 05:32:57,102] Trial 108 finished with value: 2.2709767818450928 and parameters: {'gradient_clip_val': 0.2435273624741318, 'hidden_size': 88, 'dropout': 0.13634774473864963, 'hidden_continuous_size': 40, 'attention_head_size': 1, 'learning_rate': 0.013541688112902265}. Best is trial 71 with value: 0.9627227783203125.
LOCAL_RANK: 0 - CUDA_VISIBLE_DEVICES: [0]
[I 2023-11-30 05:33:10,346] Trial 109 finished with value: 2.1073930263519287 and parameters: {'gradient_clip_val': 0.29231116953702546, 'hidden_size': 92, 'dropout': 0.16844857407849084, 'hidden_continuous_size': 11, 'attention_head_size': 1, 'learning_rate': 0.02938984741081886}. Best is trial 71 with value: 0.9627227783203125.
LOCAL_RANK: 0 - CUDA_VISIBLE_DEVICES: [0]
[I 2023-11-30 05:33:24,355] Trial 110 finished with value: 2.2028722763061523 and parameters: {'gradient_clip_val': 0.2669212463048345, 'hidden_size': 120, 'dropout': 0.21980925674540497, 'hidden_continuous_size': 23, 'attention_head_size': 3, 'learning_rate': 0.011132213072006828}. Best is trial 71 with value: 0.9627227783203125.
LOCAL_RANK: 0 - CUDA_VISIBLE_DEVICES: [0]
[I 2023-11-30 05:33:38,707] Trial 111 finished with value: 2.729121446609497 and parameters: {'gradient_clip_val': 0.25878833982660693, 'hidden_size': 106, 'dropout': 0.14332763982802546, 'hidden_continuous_size': 80, 'attention_head_size': 1, 'learning_rate': 0.020350903643832036}. Best is trial 71 with value: 0.9627227783203125.
LOCAL_RANK: 0 - CUDA_VISIBLE_DEVICES: [0]
[I 2023-11-30 05:33:52,731] Trial 112 finished with value: 2.0298616886138916 and parameters: {'gradient_clip_val': 0.22927336400603182, 'hidden_size': 97, 'dropout': 0.12826917543314262, 'hidden_continuous_size': 64, 'attention_head_size': 1, 'learning_rate': 0.02447695108577857}. Best is trial 71 with value: 0.9627227783203125.
LOCAL_RANK: 0 - CUDA_VISIBLE_DEVICES: [0]
[I 2023-11-30 05:34:07,188] Trial 113 finished with value: 1.6180917024612427 and parameters: {'gradient_clip_val': 0.3096421522352974, 'hidden_size': 131, 'dropout': 0.15279438417019803, 'hidden_continuous_size': 94, 'attention_head_size': 1, 'learning_rate': 0.025658815163019596}. Best is trial 71 with value: 0.9627227783203125.
LOCAL_RANK: 0 - CUDA_VISIBLE_DEVICES: [0]
[I 2023-11-30 05:34:20,987] Trial 114 finished with value: 1.5659370422363281 and parameters: {'gradient_clip_val': 0.21310697168760812, 'hidden_size': 111, 'dropout': 0.11334319991466904, 'hidden_continuous_size': 28, 'attention_head_size': 1, 'learning_rate': 0.01693013678901203}. Best is trial 71 with value: 0.9627227783203125.
LOCAL_RANK: 0 - CUDA_VISIBLE_DEVICES: [0]
[I 2023-11-30 05:34:35,011] Trial 115 finished with value: 1.1946759223937988 and parameters: {'gradient_clip_val': 0.27825056549885485, 'hidden_size': 117, 'dropout': 0.13944607622609997, 'hidden_continuous_size': 46, 'attention_head_size': 1, 'learning_rate': 0.02248616015185973}. Best is trial 71 with value: 0.9627227783203125.
LOCAL_RANK: 0 - CUDA_VISIBLE_DEVICES: [0]
[I 2023-11-30 05:34:49,342] Trial 116 finished with value: 2.24568510055542 and parameters: {'gradient_clip_val': 0.3293293607301048, 'hidden_size': 143, 'dropout': 0.13716858168458312, 'hidden_continuous_size': 18, 'attention_head_size': 1, 'learning_rate': 0.0184644805240393}. Best is trial 71 with value: 0.9627227783203125.
LOCAL_RANK: 0 - CUDA_VISIBLE_DEVICES: [0]
[I 2023-11-30 05:35:03,153] Trial 117 finished with value: 2.2418971061706543 and parameters: {'gradient_clip_val': 0.2793591298301092, 'hidden_size': 120, 'dropout': 0.22617942556240297, 'hidden_continuous_size': 34, 'attention_head_size': 1, 'learning_rate': 0.029122904913891533}. Best is trial 71 with value: 0.9627227783203125.
LOCAL_RANK: 0 - CUDA_VISIBLE_DEVICES: [0]
[I 2023-11-30 05:35:16,967] Trial 118 finished with value: 2.4904770851135254 and parameters: {'gradient_clip_val': 0.24773121616791416, 'hidden_size': 99, 'dropout': 0.16118132597968238, 'hidden_continuous_size': 25, 'attention_head_size': 2, 'learning_rate': 0.02263677472813451}. Best is trial 71 with value: 0.9627227783203125.
LOCAL_RANK: 0 - CUDA_VISIBLE_DEVICES: [0]
[I 2023-11-30 05:35:30,929] Trial 119 finished with value: 1.5641018152236938 and parameters: {'gradient_clip_val': 0.28911041986346003, 'hidden_size': 136, 'dropout': 0.2021264776519884, 'hidden_continuous_size': 44, 'attention_head_size': 1, 'learning_rate': 0.014273699015450524}. Best is trial 71 with value: 0.9627227783203125.
LOCAL_RANK: 0 - CUDA_VISIBLE_DEVICES: [0]
[I 2023-11-30 05:35:44,615] Trial 120 finished with value: 1.3709207773208618 and parameters: {'gradient_clip_val': 0.20389960649602024, 'hidden_size': 84, 'dropout': 0.13271721770214956, 'hidden_continuous_size': 46, 'attention_head_size': 1, 'learning_rate': 0.03353627920577266}. Best is trial 71 with value: 0.9627227783203125.
LOCAL_RANK: 0 - CUDA_VISIBLE_DEVICES: [0]
[I 2023-11-30 05:35:58,518] Trial 121 finished with value: 1.9665902853012085 and parameters: {'gradient_clip_val': 0.19552894767547263, 'hidden_size': 83, 'dropout': 0.13257503811324628, 'hidden_continuous_size': 46, 'attention_head_size': 1, 'learning_rate': 0.032308710438729106}. Best is trial 71 with value: 0.9627227783203125.
LOCAL_RANK: 0 - CUDA_VISIBLE_DEVICES: [0]
[I 2023-11-30 05:36:12,303] Trial 122 finished with value: 1.965236783027649 and parameters: {'gradient_clip_val': 0.20293724536991675, 'hidden_size': 75, 'dropout': 0.12510952752243665, 'hidden_continuous_size': 51, 'attention_head_size': 1, 'learning_rate': 0.03637019030006556}. Best is trial 71 with value: 0.9627227783203125.
LOCAL_RANK: 0 - CUDA_VISIBLE_DEVICES: [0]
[I 2023-11-30 05:36:26,147] Trial 123 finished with value: 2.1276347637176514 and parameters: {'gradient_clip_val': 0.21767905169044408, 'hidden_size': 92, 'dropout': 0.14655864600644372, 'hidden_continuous_size': 62, 'attention_head_size': 1, 'learning_rate': 0.01970264879845838}. Best is trial 71 with value: 0.9627227783203125.
LOCAL_RANK: 0 - CUDA_VISIBLE_DEVICES: [0]
[I 2023-11-30 05:36:40,260] Trial 124 finished with value: 1.4204756021499634 and parameters: {'gradient_clip_val': 0.2329850830878948, 'hidden_size': 104, 'dropout': 0.15510479295214524, 'hidden_continuous_size': 72, 'attention_head_size': 1, 'learning_rate': 0.026310813539070804}. Best is trial 71 with value: 0.9627227783203125.
LOCAL_RANK: 0 - CUDA_VISIBLE_DEVICES: [0]
[I 2023-11-30 05:36:53,989] Trial 125 finished with value: 1.9166479110717773 and parameters: {'gradient_clip_val': 0.31102117971871, 'hidden_size': 86, 'dropout': 0.21576533276182097, 'hidden_continuous_size': 39, 'attention_head_size': 1, 'learning_rate': 0.021881530643655892}. Best is trial 71 with value: 0.9627227783203125.
LOCAL_RANK: 0 - CUDA_VISIBLE_DEVICES: [0]
[I 2023-11-30 05:37:07,969] Trial 126 finished with value: 2.090059280395508 and parameters: {'gradient_clip_val': 0.17527882831987135, 'hidden_size': 116, 'dropout': 0.17662339541613548, 'hidden_continuous_size': 41, 'attention_head_size': 1, 'learning_rate': 0.015742653264575714}. Best is trial 71 with value: 0.9627227783203125.
LOCAL_RANK: 0 - CUDA_VISIBLE_DEVICES: [0]
[I 2023-11-30 05:37:21,844] Trial 127 finished with value: 1.924098014831543 and parameters: {'gradient_clip_val': 0.20721550374186937, 'hidden_size': 127, 'dropout': 0.14107902984687917, 'hidden_continuous_size': 21, 'attention_head_size': 1, 'learning_rate': 0.02859071453375925}. Best is trial 71 with value: 0.9627227783203125.
LOCAL_RANK: 0 - CUDA_VISIBLE_DEVICES: [0]
[I 2023-11-30 05:37:35,826] Trial 128 finished with value: 1.4851316213607788 and parameters: {'gradient_clip_val': 0.2515264130167322, 'hidden_size': 80, 'dropout': 0.1191945089950841, 'hidden_continuous_size': 51, 'attention_head_size': 4, 'learning_rate': 0.006926264409129516}. Best is trial 71 with value: 0.9627227783203125.
LOCAL_RANK: 0 - CUDA_VISIBLE_DEVICES: [0]
[I 2023-11-30 05:37:49,260] Trial 129 finished with value: 1.6118720769882202 and parameters: {'gradient_clip_val': 0.27265138467551736, 'hidden_size': 68, 'dropout': 0.23152919699828542, 'hidden_continuous_size': 36, 'attention_head_size': 1, 'learning_rate': 0.03888196916008084}. Best is trial 71 with value: 0.9627227783203125.
LOCAL_RANK: 0 - CUDA_VISIBLE_DEVICES: [0]
[I 2023-11-30 05:38:03,629] Trial 130 finished with value: 2.0496370792388916 and parameters: {'gradient_clip_val': 0.18609151308844957, 'hidden_size': 150, 'dropout': 0.2406535137789855, 'hidden_continuous_size': 37, 'attention_head_size': 1, 'learning_rate': 0.017387473110269922}. Best is trial 71 with value: 0.9627227783203125.
LOCAL_RANK: 0 - CUDA_VISIBLE_DEVICES: [0]
[I 2023-11-30 05:38:17,833] Trial 131 finished with value: 1.8387318849563599 and parameters: {'gradient_clip_val': 0.2625676180573898, 'hidden_size': 107, 'dropout': 0.14245001026877896, 'hidden_continuous_size': 70, 'attention_head_size': 1, 'learning_rate': 0.026127004717681354}. Best is trial 71 with value: 0.9627227783203125.
LOCAL_RANK: 0 - CUDA_VISIBLE_DEVICES: [0]
[I 2023-11-30 05:38:31,937] Trial 132 finished with value: 1.1720248460769653 and parameters: {'gradient_clip_val': 0.23469481488075672, 'hidden_size': 98, 'dropout': 0.14848130278243873, 'hidden_continuous_size': 42, 'attention_head_size': 1, 'learning_rate': 0.023743050083820456}. Best is trial 71 with value: 0.9627227783203125.
LOCAL_RANK: 0 - CUDA_VISIBLE_DEVICES: [0]
[I 2023-11-30 05:38:45,850] Trial 133 finished with value: 1.6854867935180664 and parameters: {'gradient_clip_val': 0.23932861969077954, 'hidden_size': 97, 'dropout': 0.13387044221301825, 'hidden_continuous_size': 43, 'attention_head_size': 1, 'learning_rate': 0.0233075120280978}. Best is trial 71 with value: 0.9627227783203125.
LOCAL_RANK: 0 - CUDA_VISIBLE_DEVICES: [0]
[I 2023-11-30 05:38:59,758] Trial 134 finished with value: 1.7715349197387695 and parameters: {'gradient_clip_val': 0.22676550443459556, 'hidden_size': 91, 'dropout': 0.16051506346631667, 'hidden_continuous_size': 46, 'attention_head_size': 1, 'learning_rate': 0.0198959350543717}. Best is trial 71 with value: 0.9627227783203125.
LOCAL_RANK: 0 - CUDA_VISIBLE_DEVICES: [0]
[I 2023-11-30 05:39:13,677] Trial 135 finished with value: 1.9501413106918335 and parameters: {'gradient_clip_val': 0.2186328277574299, 'hidden_size': 102, 'dropout': 0.1503514505831122, 'hidden_continuous_size': 48, 'attention_head_size': 1, 'learning_rate': 0.034117717178398475}. Best is trial 71 with value: 0.9627227783203125.
LOCAL_RANK: 0 - CUDA_VISIBLE_DEVICES: [0]
[I 2023-11-30 05:39:27,720] Trial 136 finished with value: 1.6008625030517578 and parameters: {'gradient_clip_val': 0.20139282664541863, 'hidden_size': 87, 'dropout': 0.16699967892657316, 'hidden_continuous_size': 58, 'attention_head_size': 1, 'learning_rate': 0.021928769392839328}. Best is trial 71 with value: 0.9627227783203125.
LOCAL_RANK: 0 - CUDA_VISIBLE_DEVICES: [0]
[I 2023-11-30 05:39:41,710] Trial 137 finished with value: 2.1155593395233154 and parameters: {'gradient_clip_val': 0.29720335418137894, 'hidden_size': 109, 'dropout': 0.22423064612001353, 'hidden_continuous_size': 43, 'attention_head_size': 1, 'learning_rate': 0.016229910302764588}. Best is trial 71 with value: 0.9627227783203125.
LOCAL_RANK: 0 - CUDA_VISIBLE_DEVICES: [0]
[I 2023-11-30 05:39:55,582] Trial 138 finished with value: 2.59953236579895 and parameters: {'gradient_clip_val': 0.2809467060369513, 'hidden_size': 96, 'dropout': 0.18612183606063754, 'hidden_continuous_size': 37, 'attention_head_size': 2, 'learning_rate': 0.005023065705887665}. Best is trial 71 with value: 0.9627227783203125.
LOCAL_RANK: 0 - CUDA_VISIBLE_DEVICES: [0]
[I 2023-11-30 05:40:08,805] Trial 139 finished with value: 1.7323805093765259 and parameters: {'gradient_clip_val': 0.23886397625460856, 'hidden_size': 64, 'dropout': 0.21261767780746002, 'hidden_continuous_size': 38, 'attention_head_size': 1, 'learning_rate': 0.03134376551388452}. Best is trial 71 with value: 0.9627227783203125.
LOCAL_RANK: 0 - CUDA_VISIBLE_DEVICES: [0]
[I 2023-11-30 05:40:22,540] Trial 140 finished with value: 1.8828834295272827 and parameters: {'gradient_clip_val': 0.1635839417337758, 'hidden_size': 115, 'dropout': 0.2066592420296045, 'hidden_continuous_size': 19, 'attention_head_size': 1, 'learning_rate': 0.041779423340983564}. Best is trial 71 with value: 0.9627227783203125.
LOCAL_RANK: 0 - CUDA_VISIBLE_DEVICES: [0]
[I 2023-11-30 05:40:36,638] Trial 141 finished with value: 1.5909357070922852 and parameters: {'gradient_clip_val': 0.2449961001241634, 'hidden_size': 124, 'dropout': 0.14525334280415705, 'hidden_continuous_size': 33, 'attention_head_size': 1, 'learning_rate': 0.025494215085685737}. Best is trial 71 with value: 0.9627227783203125.
LOCAL_RANK: 0 - CUDA_VISIBLE_DEVICES: [0]
