[I 2023-11-30 15:57:04,601] Trial 10 finished with value: 0.12236350029706955 and parameters: {'gradient_clip_val': 0.5914939289123308, 'hidden_size': 68, 'dropout': 0.132057696718842, 'hidden_continuous_size': 30, 'attention_head_size': 2, 'learning_rate': 0.03305481869178562}. Best is trial 3 with value: 0.0700845941901207.
LOCAL_RANK: 0 - CUDA_VISIBLE_DEVICES: [0]
[I 2023-11-30 15:57:20,027] Trial 11 finished with value: 0.09358581155538559 and parameters: {'gradient_clip_val': 0.9961221596076538, 'hidden_size': 144, 'dropout': 0.10401214050852675, 'hidden_continuous_size': 63, 'attention_head_size': 3, 'learning_rate': 0.006709490082879173}. Best is trial 3 with value: 0.0700845941901207.
LOCAL_RANK: 0 - CUDA_VISIBLE_DEVICES: [0]
[I 2023-11-30 15:57:31,617] Trial 12 finished with value: 0.17829930782318115 and parameters: {'gradient_clip_val': 0.6964732161170907, 'hidden_size': 137, 'dropout': 0.20030976549227306, 'hidden_continuous_size': 137, 'attention_head_size': 2, 'learning_rate': 0.0046185496016401435}. Best is trial 3 with value: 0.0700845941901207.
LOCAL_RANK: 0 - CUDA_VISIBLE_DEVICES: [0]
[I 2023-11-30 15:57:46,661] Trial 13 finished with value: 0.12294483184814453 and parameters: {'gradient_clip_val': 0.5334030109112758, 'hidden_size': 140, 'dropout': 0.3119008554680791, 'hidden_continuous_size': 38, 'attention_head_size': 3, 'learning_rate': 0.02402125643905707}. Best is trial 3 with value: 0.0700845941901207.
LOCAL_RANK: 0 - CUDA_VISIBLE_DEVICES: [0]
[I 2023-11-30 15:58:00,902] Trial 14 finished with value: 0.37022319436073303 and parameters: {'gradient_clip_val': 0.982192495259486, 'hidden_size': 72, 'dropout': 0.1694136969270979, 'hidden_continuous_size': 20, 'attention_head_size': 2, 'learning_rate': 0.004205678076411731}. Best is trial 3 with value: 0.0700845941901207.
LOCAL_RANK: 0 - CUDA_VISIBLE_DEVICES: [0]
[I 2023-11-30 15:58:15,790] Trial 15 finished with value: 0.1317196637392044 and parameters: {'gradient_clip_val': 0.7205124616409384, 'hidden_size': 102, 'dropout': 0.2218235966623102, 'hidden_continuous_size': 46, 'attention_head_size': 3, 'learning_rate': 0.021592107675215647}. Best is trial 3 with value: 0.0700845941901207.
LOCAL_RANK: 0 - CUDA_VISIBLE_DEVICES: [0]
[I 2023-11-30 15:58:29,740] Trial 16 finished with value: 0.12259642034769058 and parameters: {'gradient_clip_val': 0.4286267709407694, 'hidden_size': 57, 'dropout': 0.1904422386835781, 'hidden_continuous_size': 18, 'attention_head_size': 2, 'learning_rate': 0.05372272059303683}. Best is trial 3 with value: 0.0700845941901207.
LOCAL_RANK: 0 - CUDA_VISIBLE_DEVICES: [0]
[I 2023-11-30 15:58:45,410] Trial 17 finished with value: 0.17858828604221344 and parameters: {'gradient_clip_val': 0.3162974113040086, 'hidden_size': 107, 'dropout': 0.22896897068735353, 'hidden_continuous_size': 28, 'attention_head_size': 4, 'learning_rate': 0.09892665375544835}. Best is trial 3 with value: 0.0700845941901207.
LOCAL_RANK: 0 - CUDA_VISIBLE_DEVICES: [0]
[I 2023-11-30 15:58:59,503] Trial 18 finished with value: 0.14660221338272095 and parameters: {'gradient_clip_val': 0.5103117217998779, 'hidden_size': 81, 'dropout': 0.1438459579810012, 'hidden_continuous_size': 24, 'attention_head_size': 2, 'learning_rate': 0.013668163570720988}. Best is trial 3 with value: 0.0700845941901207.
LOCAL_RANK: 0 - CUDA_VISIBLE_DEVICES: [0]
[I 2023-11-30 15:59:14,208] Trial 19 finished with value: 0.12965205311775208 and parameters: {'gradient_clip_val': 0.7474150977460495, 'hidden_size': 115, 'dropout': 0.17329837690708907, 'hidden_continuous_size': 52, 'attention_head_size': 3, 'learning_rate': 0.03990577675256241}. Best is trial 3 with value: 0.0700845941901207.
LOCAL_RANK: 0 - CUDA_VISIBLE_DEVICES: [0]
[I 2023-11-30 15:59:28,677] Trial 20 finished with value: 0.11438411474227905 and parameters: {'gradient_clip_val': 0.6131545374108056, 'hidden_size': 62, 'dropout': 0.2140462747330026, 'hidden_continuous_size': 15, 'attention_head_size': 4, 'learning_rate': 0.02193724394909576}. Best is trial 3 with value: 0.0700845941901207.
LOCAL_RANK: 0 - CUDA_VISIBLE_DEVICES: [0]
[I 2023-11-30 15:59:44,912] Trial 21 finished with value: 0.14306582510471344 and parameters: {'gradient_clip_val': 0.974039015993193, 'hidden_size': 150, 'dropout': 0.1219064442642703, 'hidden_continuous_size': 65, 'attention_head_size': 3, 'learning_rate': 0.007391772232720083}. Best is trial 3 with value: 0.0700845941901207.
LOCAL_RANK: 0 - CUDA_VISIBLE_DEVICES: [0]
[I 2023-11-30 16:00:00,167] Trial 22 finished with value: 0.12117934226989746 and parameters: {'gradient_clip_val': 0.8356055207168169, 'hidden_size': 148, 'dropout': 0.10108328755936968, 'hidden_continuous_size': 72, 'attention_head_size': 3, 'learning_rate': 0.006631642282220005}. Best is trial 3 with value: 0.0700845941901207.
LOCAL_RANK: 0 - CUDA_VISIBLE_DEVICES: [0]
[I 2023-11-30 16:00:15,458] Trial 23 finished with value: 0.09831646829843521 and parameters: {'gradient_clip_val': 0.8482941223143824, 'hidden_size': 110, 'dropout': 0.11186827469269184, 'hidden_continuous_size': 39, 'attention_head_size': 4, 'learning_rate': 0.010943305055834487}. Best is trial 3 with value: 0.0700845941901207.
LOCAL_RANK: 0 - CUDA_VISIBLE_DEVICES: [0]
[I 2023-11-30 16:00:29,802] Trial 24 finished with value: 0.5936759114265442 and parameters: {'gradient_clip_val': 0.9726534561031767, 'hidden_size': 86, 'dropout': 0.14368535062653756, 'hidden_continuous_size': 31, 'attention_head_size': 3, 'learning_rate': 0.0046154154952039875}. Best is trial 3 with value: 0.0700845941901207.
LOCAL_RANK: 0 - CUDA_VISIBLE_DEVICES: [0]
[I 2023-11-30 16:00:45,310] Trial 25 finished with value: 0.09037888050079346 and parameters: {'gradient_clip_val': 0.6640737255615539, 'hidden_size': 119, 'dropout': 0.1537884279687105, 'hidden_continuous_size': 70, 'attention_head_size': 2, 'learning_rate': 0.010048175858702857}. Best is trial 3 with value: 0.0700845941901207.
LOCAL_RANK: 0 - CUDA_VISIBLE_DEVICES: [0]
[I 2023-11-30 16:01:00,003] Trial 26 finished with value: 0.12297097593545914 and parameters: {'gradient_clip_val': 0.5001854252488687, 'hidden_size': 115, 'dropout': 0.1619044074262912, 'hidden_continuous_size': 103, 'attention_head_size': 1, 'learning_rate': 0.053043544047278644}. Best is trial 3 with value: 0.0700845941901207.
LOCAL_RANK: 0 - CUDA_VISIBLE_DEVICES: [0]
[I 2023-11-30 16:01:14,263] Trial 27 finished with value: 0.13547252118587494 and parameters: {'gradient_clip_val': 0.6495996445695902, 'hidden_size': 80, 'dropout': 0.18770418297901534, 'hidden_continuous_size': 23, 'attention_head_size': 2, 'learning_rate': 0.022679372651805026}. Best is trial 3 with value: 0.0700845941901207.
LOCAL_RANK: 0 - CUDA_VISIBLE_DEVICES: [0]
[I 2023-11-30 16:01:28,732] Trial 28 finished with value: 0.16284359991550446 and parameters: {'gradient_clip_val': 0.568547314294252, 'hidden_size': 120, 'dropout': 0.1589025770949492, 'hidden_continuous_size': 52, 'attention_head_size': 1, 'learning_rate': 0.010401681809747777}. Best is trial 3 with value: 0.0700845941901207.
LOCAL_RANK: 0 - CUDA_VISIBLE_DEVICES: [0]
[I 2023-11-30 16:01:43,572] Trial 29 finished with value: 0.11378069967031479 and parameters: {'gradient_clip_val': 0.46182493755396486, 'hidden_size': 95, 'dropout': 0.18438470171503135, 'hidden_continuous_size': 35, 'attention_head_size': 1, 'learning_rate': 0.01695761780158537}. Best is trial 3 with value: 0.0700845941901207.
LOCAL_RANK: 0 - CUDA_VISIBLE_DEVICES: [0]
[I 2023-11-30 16:01:58,957] Trial 30 finished with value: 0.11680720001459122 and parameters: {'gradient_clip_val': 0.38689393625150237, 'hidden_size': 126, 'dropout': 0.20651283191786074, 'hidden_continuous_size': 82, 'attention_head_size': 2, 'learning_rate': 0.028461468655207205}. Best is trial 3 with value: 0.0700845941901207.
LOCAL_RANK: 0 - CUDA_VISIBLE_DEVICES: [0]
[I 2023-11-30 16:02:14,600] Trial 31 finished with value: 0.0872872844338417 and parameters: {'gradient_clip_val': 0.8002790679824615, 'hidden_size': 150, 'dropout': 0.12329537770522517, 'hidden_continuous_size': 61, 'attention_head_size': 3, 'learning_rate': 0.008604495335655648}. Best is trial 3 with value: 0.0700845941901207.
LOCAL_RANK: 0 - CUDA_VISIBLE_DEVICES: [0]
[I 2023-11-30 16:02:29,904] Trial 32 finished with value: 0.09896140545606613 and parameters: {'gradient_clip_val': 0.7913168264923292, 'hidden_size': 127, 'dropout': 0.13028587541641365, 'hidden_continuous_size': 47, 'attention_head_size': 4, 'learning_rate': 0.00970986131737596}. Best is trial 3 with value: 0.0700845941901207.
LOCAL_RANK: 0 - CUDA_VISIBLE_DEVICES: [0]
[I 2023-11-30 16:02:44,561] Trial 33 finished with value: 0.09500548988580704 and parameters: {'gradient_clip_val': 0.6436889536844744, 'hidden_size': 100, 'dropout': 0.13135984175906312, 'hidden_continuous_size': 58, 'attention_head_size': 2, 'learning_rate': 0.017042575422583653}. Best is trial 3 with value: 0.0700845941901207.
LOCAL_RANK: 0 - CUDA_VISIBLE_DEVICES: [0]
[I 2023-11-30 16:02:58,859] Trial 34 finished with value: 0.10010989755392075 and parameters: {'gradient_clip_val': 0.7014934544479111, 'hidden_size': 94, 'dropout': 0.24193790682649968, 'hidden_continuous_size': 10, 'attention_head_size': 1, 'learning_rate': 0.013088370581821687}. Best is trial 3 with value: 0.0700845941901207.
LOCAL_RANK: 0 - CUDA_VISIBLE_DEVICES: [0]
[I 2023-11-30 16:03:13,781] Trial 35 finished with value: 0.08524554967880249 and parameters: {'gradient_clip_val': 0.8417030676637638, 'hidden_size': 126, 'dropout': 0.17388544099402853, 'hidden_continuous_size': 78, 'attention_head_size': 3, 'learning_rate': 0.01684546373811386}. Best is trial 3 with value: 0.0700845941901207.
LOCAL_RANK: 0 - CUDA_VISIBLE_DEVICES: [0]
[I 2023-11-30 16:03:29,066] Trial 36 finished with value: 0.10634321719408035 and parameters: {'gradient_clip_val': 0.7876479964193512, 'hidden_size': 128, 'dropout': 0.17118777982293787, 'hidden_continuous_size': 82, 'attention_head_size': 3, 'learning_rate': 0.016855516551979585}. Best is trial 3 with value: 0.0700845941901207.
LOCAL_RANK: 0 - CUDA_VISIBLE_DEVICES: [0]
[I 2023-11-30 16:03:44,151] Trial 37 finished with value: 0.08162619918584824 and parameters: {'gradient_clip_val': 0.8568769812425749, 'hidden_size': 88, 'dropout': 0.23601954576920825, 'hidden_continuous_size': 45, 'attention_head_size': 4, 'learning_rate': 0.04345436322847843}. Best is trial 3 with value: 0.0700845941901207.
LOCAL_RANK: 0 - CUDA_VISIBLE_DEVICES: [0]
[I 2023-11-30 16:03:58,488] Trial 38 finished with value: 0.07794884592294693 and parameters: {'gradient_clip_val': 0.8592463422295891, 'hidden_size': 78, 'dropout': 0.24993749984669408, 'hidden_continuous_size': 44, 'attention_head_size': 3, 'learning_rate': 0.049650857900601815}. Best is trial 3 with value: 0.0700845941901207.
LOCAL_RANK: 0 - CUDA_VISIBLE_DEVICES: [0]
[I 2023-11-30 16:04:12,673] Trial 39 finished with value: 0.14242881536483765 and parameters: {'gradient_clip_val': 0.5376373120854262, 'hidden_size': 73, 'dropout': 0.25517342750907207, 'hidden_continuous_size': 42, 'attention_head_size': 4, 'learning_rate': 0.0462888670733478}. Best is trial 3 with value: 0.0700845941901207.
LOCAL_RANK: 0 - CUDA_VISIBLE_DEVICES: [0]
[I 2023-11-30 16:04:27,324] Trial 40 finished with value: 0.12683112919330597 and parameters: {'gradient_clip_val': 0.8714964676267966, 'hidden_size': 57, 'dropout': 0.27784281918831194, 'hidden_continuous_size': 33, 'attention_head_size': 3, 'learning_rate': 0.0698603822086512}. Best is trial 3 with value: 0.0700845941901207.
LOCAL_RANK: 0 - CUDA_VISIBLE_DEVICES: [0]
[I 2023-11-30 16:04:42,869] Trial 41 finished with value: 0.09104511141777039 and parameters: {'gradient_clip_val': 0.8722912472157343, 'hidden_size': 86, 'dropout': 0.23240317291004425, 'hidden_continuous_size': 46, 'attention_head_size': 3, 'learning_rate': 0.032371900978067546}. Best is trial 3 with value: 0.0700845941901207.
LOCAL_RANK: 0 - CUDA_VISIBLE_DEVICES: [0]
[I 2023-11-30 16:04:58,280] Trial 42 finished with value: 0.08997563272714615 and parameters: {'gradient_clip_val': 0.7456280085268843, 'hidden_size': 97, 'dropout': 0.24077650319824592, 'hidden_continuous_size': 56, 'attention_head_size': 3, 'learning_rate': 0.06109663147916619}. Best is trial 3 with value: 0.0700845941901207.
LOCAL_RANK: 0 - CUDA_VISIBLE_DEVICES: [0]
[I 2023-11-30 16:05:13,005] Trial 43 finished with value: 0.07505608350038528 and parameters: {'gradient_clip_val': 0.6008076878369882, 'hidden_size': 74, 'dropout': 0.2737470610530369, 'hidden_continuous_size': 41, 'attention_head_size': 4, 'learning_rate': 0.04212209771403704}. Best is trial 3 with value: 0.0700845941901207.
LOCAL_RANK: 0 - CUDA_VISIBLE_DEVICES: [0]
[I 2023-11-30 16:05:28,005] Trial 44 finished with value: 0.08726891130208969 and parameters: {'gradient_clip_val': 0.6217906930538297, 'hidden_size': 65, 'dropout': 0.2681573114952591, 'hidden_continuous_size': 40, 'attention_head_size': 4, 'learning_rate': 0.04245851294795758}. Best is trial 3 with value: 0.0700845941901207.
LOCAL_RANK: 0 - CUDA_VISIBLE_DEVICES: [0]
[I 2023-11-30 16:05:42,016] Trial 45 finished with value: 0.1699962168931961 and parameters: {'gradient_clip_val': 0.583124313389881, 'hidden_size': 77, 'dropout': 0.29611588723365395, 'hidden_continuous_size': 36, 'attention_head_size': 4, 'learning_rate': 0.04761832693139439}. Best is trial 3 with value: 0.0700845941901207.
LOCAL_RANK: 0 - CUDA_VISIBLE_DEVICES: [0]
[I 2023-11-30 16:05:57,188] Trial 46 finished with value: 0.10580333322286606 and parameters: {'gradient_clip_val': 0.693170392374994, 'hidden_size': 72, 'dropout': 0.25048563883819447, 'hidden_continuous_size': 42, 'attention_head_size': 4, 'learning_rate': 0.03645677764917214}. Best is trial 3 with value: 0.0700845941901207.
LOCAL_RANK: 0 - CUDA_VISIBLE_DEVICES: [0]
[I 2023-11-30 16:06:12,426] Trial 47 finished with value: 0.07705485075712204 and parameters: {'gradient_clip_val': 0.5856567867502146, 'hidden_size': 87, 'dropout': 0.26458856541320463, 'hidden_continuous_size': 27, 'attention_head_size': 4, 'learning_rate': 0.0631950175484336}. Best is trial 3 with value: 0.0700845941901207.
LOCAL_RANK: 0 - CUDA_VISIBLE_DEVICES: [0]
[I 2023-11-30 16:06:26,072] Trial 48 finished with value: 0.09566768258810043 and parameters: {'gradient_clip_val': 0.47201335368688163, 'hidden_size': 50, 'dropout': 0.26960488664015914, 'hidden_continuous_size': 29, 'attention_head_size': 4, 'learning_rate': 0.09084977619954453}. Best is trial 3 with value: 0.0700845941901207.
LOCAL_RANK: 0 - CUDA_VISIBLE_DEVICES: [0]
[I 2023-11-30 16:06:40,282] Trial 49 finished with value: 0.12348100543022156 and parameters: {'gradient_clip_val': 0.5576918203550879, 'hidden_size': 89, 'dropout': 0.25815824994985453, 'hidden_continuous_size': 26, 'attention_head_size': 4, 'learning_rate': 0.07537550054030326}. Best is trial 3 with value: 0.0700845941901207.
LOCAL_RANK: 0 - CUDA_VISIBLE_DEVICES: [0]
[I 2023-11-30 16:06:55,012] Trial 50 finished with value: 0.07792506366968155 and parameters: {'gradient_clip_val': 0.3883184584988413, 'hidden_size': 66, 'dropout': 0.2850529068888072, 'hidden_continuous_size': 36, 'attention_head_size': 4, 'learning_rate': 0.06111299734447639}. Best is trial 3 with value: 0.0700845941901207.
LOCAL_RANK: 0 - CUDA_VISIBLE_DEVICES: [0]
[I 2023-11-30 16:07:09,456] Trial 51 finished with value: 0.13506706058979034 and parameters: {'gradient_clip_val': 0.3973958802639645, 'hidden_size': 66, 'dropout': 0.2842825145032031, 'hidden_continuous_size': 33, 'attention_head_size': 4, 'learning_rate': 0.06160100797987265}. Best is trial 3 with value: 0.0700845941901207.
LOCAL_RANK: 0 - CUDA_VISIBLE_DEVICES: [0]
[I 2023-11-30 16:07:24,478] Trial 52 finished with value: 0.13457246124744415 and parameters: {'gradient_clip_val': 0.3617192299048416, 'hidden_size': 78, 'dropout': 0.29750647967404814, 'hidden_continuous_size': 36, 'attention_head_size': 4, 'learning_rate': 0.08536469961380756}. Best is trial 3 with value: 0.0700845941901207.
LOCAL_RANK: 0 - CUDA_VISIBLE_DEVICES: [0]
[I 2023-11-30 16:07:38,451] Trial 53 finished with value: 0.07492638379335403 and parameters: {'gradient_clip_val': 0.4600048972242956, 'hidden_size': 59, 'dropout': 0.24951537576103291, 'hidden_continuous_size': 27, 'attention_head_size': 4, 'learning_rate': 0.06637240602622693}. Best is trial 3 with value: 0.0700845941901207.
LOCAL_RANK: 0 - CUDA_VISIBLE_DEVICES: [0]
[I 2023-11-30 16:07:52,498] Trial 54 finished with value: 0.0997331440448761 and parameters: {'gradient_clip_val': 0.4364944541341266, 'hidden_size': 57, 'dropout': 0.272053570436573, 'hidden_continuous_size': 28, 'attention_head_size': 4, 'learning_rate': 0.06552826184040467}. Best is trial 3 with value: 0.0700845941901207.
LOCAL_RANK: 0 - CUDA_VISIBLE_DEVICES: [0]
[I 2023-11-30 16:08:07,291] Trial 55 finished with value: 0.08121778070926666 and parameters: {'gradient_clip_val': 0.49873070839146694, 'hidden_size': 69, 'dropout': 0.24822596236528882, 'hidden_continuous_size': 26, 'attention_head_size': 4, 'learning_rate': 0.08300868688170066}. Best is trial 3 with value: 0.0700845941901207.
LOCAL_RANK: 0 - CUDA_VISIBLE_DEVICES: [0]
[I 2023-11-30 16:08:22,231] Trial 56 finished with value: 0.11085038632154465 and parameters: {'gradient_clip_val': 0.34894127865353886, 'hidden_size': 61, 'dropout': 0.263169415410985, 'hidden_continuous_size': 22, 'attention_head_size': 4, 'learning_rate': 0.058101088496072796}. Best is trial 3 with value: 0.0700845941901207.
LOCAL_RANK: 0 - CUDA_VISIBLE_DEVICES: [0]
[I 2023-11-30 16:08:35,719] Trial 57 finished with value: 0.09974231570959091 and parameters: {'gradient_clip_val': 0.42937917779363577, 'hidden_size': 40, 'dropout': 0.22107497394902836, 'hidden_continuous_size': 31, 'attention_head_size': 4, 'learning_rate': 0.0978231557537059}. Best is trial 3 with value: 0.0700845941901207.
LOCAL_RANK: 0 - CUDA_VISIBLE_DEVICES: [0]
