[I 2023-11-30 12:48:47,695] Trial 103 finished with value: 0.14991867542266846 and parameters: {'gradient_clip_val': 0.10397597893702125, 'hidden_size': 57, 'dropout': 0.10889497365233829, 'hidden_continuous_size': 40, 'attention_head_size': 4, 'learning_rate': 0.06461607376831274}. Best is trial 35 with value: 0.07881462574005127.
LOCAL_RANK: 0 - CUDA_VISIBLE_DEVICES: [0]
[I 2023-11-30 12:49:01,042] Trial 104 finished with value: 0.10706788301467896 and parameters: {'gradient_clip_val': 0.11049050184207287, 'hidden_size': 48, 'dropout': 0.12143442693382922, 'hidden_continuous_size': 34, 'attention_head_size': 4, 'learning_rate': 0.046618257831733574}. Best is trial 35 with value: 0.07881462574005127.
LOCAL_RANK: 0 - CUDA_VISIBLE_DEVICES: [0]
[I 2023-11-30 12:49:14,691] Trial 105 finished with value: 0.1281188726425171 and parameters: {'gradient_clip_val': 0.11632672358305998, 'hidden_size': 54, 'dropout': 0.11326227310356009, 'hidden_continuous_size': 38, 'attention_head_size': 4, 'learning_rate': 0.07828818550987458}. Best is trial 35 with value: 0.07881462574005127.
LOCAL_RANK: 0 - CUDA_VISIBLE_DEVICES: [0]
[I 2023-11-30 12:49:27,946] Trial 106 finished with value: 0.12392250448465347 and parameters: {'gradient_clip_val': 0.10073354667050666, 'hidden_size': 42, 'dropout': 0.12997927945684015, 'hidden_continuous_size': 28, 'attention_head_size': 4, 'learning_rate': 0.0421908309831073}. Best is trial 35 with value: 0.07881462574005127.
LOCAL_RANK: 0 - CUDA_VISIBLE_DEVICES: [0]
[I 2023-11-30 12:49:41,093] Trial 107 finished with value: 0.19736798107624054 and parameters: {'gradient_clip_val': 0.12445215781313926, 'hidden_size': 46, 'dropout': 0.10354326667168454, 'hidden_continuous_size': 35, 'attention_head_size': 1, 'learning_rate': 0.07115751467053472}. Best is trial 35 with value: 0.07881462574005127.
LOCAL_RANK: 0 - CUDA_VISIBLE_DEVICES: [0]
[I 2023-11-30 12:49:54,764] Trial 108 finished with value: 0.15155428647994995 and parameters: {'gradient_clip_val': 0.13556966814625906, 'hidden_size': 51, 'dropout': 0.14581802235563598, 'hidden_continuous_size': 36, 'attention_head_size': 4, 'learning_rate': 0.04963633526550302}. Best is trial 35 with value: 0.07881462574005127.
LOCAL_RANK: 0 - CUDA_VISIBLE_DEVICES: [0]
[I 2023-11-30 12:50:08,234] Trial 109 finished with value: 0.18337512016296387 and parameters: {'gradient_clip_val': 0.14683376414879115, 'hidden_size': 58, 'dropout': 0.11771940662519739, 'hidden_continuous_size': 40, 'attention_head_size': 1, 'learning_rate': 0.0891936051852917}. Best is trial 35 with value: 0.07881462574005127.
LOCAL_RANK: 0 - CUDA_VISIBLE_DEVICES: [0]
[I 2023-11-30 12:50:21,707] Trial 110 finished with value: 0.11557084321975708 and parameters: {'gradient_clip_val': 0.1093551834000137, 'hidden_size': 44, 'dropout': 0.1110230184535795, 'hidden_continuous_size': 38, 'attention_head_size': 4, 'learning_rate': 0.03132005299161127}. Best is trial 35 with value: 0.07881462574005127.
LOCAL_RANK: 0 - CUDA_VISIBLE_DEVICES: [0]
[I 2023-11-30 12:50:35,207] Trial 111 finished with value: 0.17371249198913574 and parameters: {'gradient_clip_val': 0.11013302142871874, 'hidden_size': 53, 'dropout': 0.12256461994978361, 'hidden_continuous_size': 34, 'attention_head_size': 4, 'learning_rate': 0.04449943949423471}. Best is trial 35 with value: 0.07881462574005127.
LOCAL_RANK: 0 - CUDA_VISIBLE_DEVICES: [0]
[I 2023-11-30 12:50:48,334] Trial 112 finished with value: 0.20195190608501434 and parameters: {'gradient_clip_val': 0.11511597801819122, 'hidden_size': 48, 'dropout': 0.12671026935524476, 'hidden_continuous_size': 33, 'attention_head_size': 4, 'learning_rate': 0.047626386573432856}. Best is trial 35 with value: 0.07881462574005127.
LOCAL_RANK: 0 - CUDA_VISIBLE_DEVICES: [0]
[I 2023-11-30 12:51:01,643] Trial 113 finished with value: 0.09770899266004562 and parameters: {'gradient_clip_val': 0.10483065445226014, 'hidden_size': 49, 'dropout': 0.12001106107456844, 'hidden_continuous_size': 31, 'attention_head_size': 4, 'learning_rate': 0.05838896636091964}. Best is trial 35 with value: 0.07881462574005127.
LOCAL_RANK: 0 - CUDA_VISIBLE_DEVICES: [0]
[I 2023-11-30 12:51:15,105] Trial 114 finished with value: 0.12895072996616364 and parameters: {'gradient_clip_val': 0.10028813101215255, 'hidden_size': 60, 'dropout': 0.13389271717068382, 'hidden_continuous_size': 30, 'attention_head_size': 4, 'learning_rate': 0.05727360540771397}. Best is trial 35 with value: 0.07881462574005127.
LOCAL_RANK: 0 - CUDA_VISIBLE_DEVICES: [0]
[I 2023-11-30 12:51:28,589] Trial 115 finished with value: 0.10739642381668091 and parameters: {'gradient_clip_val': 0.10561598968108805, 'hidden_size': 52, 'dropout': 0.10659206900777425, 'hidden_continuous_size': 32, 'attention_head_size': 4, 'learning_rate': 0.06468914495769743}. Best is trial 35 with value: 0.07881462574005127.
LOCAL_RANK: 0 - CUDA_VISIBLE_DEVICES: [0]
[I 2023-11-30 12:51:41,567] Trial 116 finished with value: 0.12651075422763824 and parameters: {'gradient_clip_val': 0.13002266487793945, 'hidden_size': 41, 'dropout': 0.11550548979206596, 'hidden_continuous_size': 29, 'attention_head_size': 3, 'learning_rate': 0.036155243548521135}. Best is trial 35 with value: 0.07881462574005127.
LOCAL_RANK: 0 - CUDA_VISIBLE_DEVICES: [0]
[I 2023-11-30 12:51:55,361] Trial 117 finished with value: 0.20840466022491455 and parameters: {'gradient_clip_val': 0.12154187810665609, 'hidden_size': 65, 'dropout': 0.15068268328144102, 'hidden_continuous_size': 41, 'attention_head_size': 4, 'learning_rate': 0.028549778425338856}. Best is trial 35 with value: 0.07881462574005127.
LOCAL_RANK: 0 - CUDA_VISIBLE_DEVICES: [0]
[I 2023-11-30 12:52:08,799] Trial 118 finished with value: 0.12648504972457886 and parameters: {'gradient_clip_val': 0.11585752288623688, 'hidden_size': 56, 'dropout': 0.10015200119882647, 'hidden_continuous_size': 27, 'attention_head_size': 4, 'learning_rate': 0.023866319689735398}. Best is trial 35 with value: 0.07881462574005127.
LOCAL_RANK: 0 - CUDA_VISIBLE_DEVICES: [0]
[I 2023-11-30 12:52:21,542] Trial 119 finished with value: 0.15690471231937408 and parameters: {'gradient_clip_val': 0.15447532155266414, 'hidden_size': 44, 'dropout': 0.1313910688037463, 'hidden_continuous_size': 31, 'attention_head_size': 2, 'learning_rate': 0.05910352676286372}. Best is trial 35 with value: 0.07881462574005127.
LOCAL_RANK: 0 - CUDA_VISIBLE_DEVICES: [0]
[I 2023-11-30 12:52:34,682] Trial 120 finished with value: 0.1241099014878273 and parameters: {'gradient_clip_val': 0.12521744116566727, 'hidden_size': 38, 'dropout': 0.1248228144641298, 'hidden_continuous_size': 35, 'attention_head_size': 3, 'learning_rate': 0.04081197182850327}. Best is trial 35 with value: 0.07881462574005127.
LOCAL_RANK: 0 - CUDA_VISIBLE_DEVICES: [0]
[I 2023-11-30 12:52:47,860] Trial 121 finished with value: 0.167668417096138 and parameters: {'gradient_clip_val': 0.10961211117506921, 'hidden_size': 48, 'dropout': 0.11960733772380983, 'hidden_continuous_size': 34, 'attention_head_size': 4, 'learning_rate': 0.05119275873378537}. Best is trial 35 with value: 0.07881462574005127.
LOCAL_RANK: 0 - CUDA_VISIBLE_DEVICES: [0]
[I 2023-11-30 12:53:01,332] Trial 122 finished with value: 0.1634150743484497 and parameters: {'gradient_clip_val': 0.10517742868215865, 'hidden_size': 47, 'dropout': 0.11000697405026956, 'hidden_continuous_size': 37, 'attention_head_size': 4, 'learning_rate': 0.047120747703856554}. Best is trial 35 with value: 0.07881462574005127.
LOCAL_RANK: 0 - CUDA_VISIBLE_DEVICES: [0]
[I 2023-11-30 12:53:14,641] Trial 123 finished with value: 0.13495080173015594 and parameters: {'gradient_clip_val': 0.1140738000832683, 'hidden_size': 49, 'dropout': 0.13690783434090556, 'hidden_continuous_size': 30, 'attention_head_size': 4, 'learning_rate': 0.07551458159091562}. Best is trial 35 with value: 0.07881462574005127.
LOCAL_RANK: 0 - CUDA_VISIBLE_DEVICES: [0]
[I 2023-11-30 12:53:28,217] Trial 124 finished with value: 0.10190070420503616 and parameters: {'gradient_clip_val': 0.11910436119140466, 'hidden_size': 55, 'dropout': 0.11888253165113592, 'hidden_continuous_size': 33, 'attention_head_size': 4, 'learning_rate': 0.06562800102655138}. Best is trial 35 with value: 0.07881462574005127.
LOCAL_RANK: 0 - CUDA_VISIBLE_DEVICES: [0]
[I 2023-11-30 12:53:41,468] Trial 125 finished with value: 0.10849428176879883 and parameters: {'gradient_clip_val': 0.13549196193505308, 'hidden_size': 55, 'dropout': 0.14276976625583745, 'hidden_continuous_size': 25, 'attention_head_size': 4, 'learning_rate': 0.06647202779440504}. Best is trial 35 with value: 0.07881462574005127.
LOCAL_RANK: 0 - CUDA_VISIBLE_DEVICES: [0]
[I 2023-11-30 12:53:55,224] Trial 126 finished with value: 0.12146679311990738 and parameters: {'gradient_clip_val': 0.11911972528248035, 'hidden_size': 60, 'dropout': 0.11267360155317004, 'hidden_continuous_size': 39, 'attention_head_size': 4, 'learning_rate': 0.08459414116956869}. Best is trial 35 with value: 0.07881462574005127.
LOCAL_RANK: 0 - CUDA_VISIBLE_DEVICES: [0]
[I 2023-11-30 12:54:08,735] Trial 127 finished with value: 0.14470112323760986 and parameters: {'gradient_clip_val': 0.13081427506751345, 'hidden_size': 51, 'dropout': 0.12740226772487742, 'hidden_continuous_size': 33, 'attention_head_size': 4, 'learning_rate': 0.055620673258959336}. Best is trial 35 with value: 0.07881462574005127.
LOCAL_RANK: 0 - CUDA_VISIBLE_DEVICES: [0]
[I 2023-11-30 12:54:22,032] Trial 128 finished with value: 0.15894663333892822 and parameters: {'gradient_clip_val': 0.10013578160000876, 'hidden_size': 64, 'dropout': 0.10537954828305725, 'hidden_continuous_size': 45, 'attention_head_size': 1, 'learning_rate': 0.019702714273813576}. Best is trial 35 with value: 0.07881462574005127.
LOCAL_RANK: 0 - CUDA_VISIBLE_DEVICES: [0]
[I 2023-11-30 12:54:35,771] Trial 129 finished with value: 0.1998714953660965 and parameters: {'gradient_clip_val': 0.1238874685832439, 'hidden_size': 70, 'dropout': 0.11949699775438782, 'hidden_continuous_size': 27, 'attention_head_size': 4, 'learning_rate': 0.0708923267248316}. Best is trial 35 with value: 0.07881462574005127.
LOCAL_RANK: 0 - CUDA_VISIBLE_DEVICES: [0]
[I 2023-11-30 12:54:49,020] Trial 130 finished with value: 0.21922415494918823 and parameters: {'gradient_clip_val': 0.1413088100474196, 'hidden_size': 44, 'dropout': 0.15417972669042493, 'hidden_continuous_size': 36, 'attention_head_size': 2, 'learning_rate': 0.034714898376615996}. Best is trial 35 with value: 0.07881462574005127.
LOCAL_RANK: 0 - CUDA_VISIBLE_DEVICES: [0]
[I 2023-11-30 12:55:02,405] Trial 131 finished with value: 0.09764885902404785 and parameters: {'gradient_clip_val': 0.10966446403716061, 'hidden_size': 47, 'dropout': 0.1220741805946455, 'hidden_continuous_size': 33, 'attention_head_size': 4, 'learning_rate': 0.06256612691288115}. Best is trial 35 with value: 0.07881462574005127.
LOCAL_RANK: 0 - CUDA_VISIBLE_DEVICES: [0]
[I 2023-11-30 12:55:15,897] Trial 132 finished with value: 0.12383171916007996 and parameters: {'gradient_clip_val': 0.10645050634037687, 'hidden_size': 53, 'dropout': 0.13233832180627678, 'hidden_continuous_size': 32, 'attention_head_size': 4, 'learning_rate': 0.05926605679131389}. Best is trial 35 with value: 0.07881462574005127.
LOCAL_RANK: 0 - CUDA_VISIBLE_DEVICES: [0]
[I 2023-11-30 12:55:29,225] Trial 133 finished with value: 0.11369868367910385 and parameters: {'gradient_clip_val': 0.11569647574357717, 'hidden_size': 56, 'dropout': 0.11452558762626244, 'hidden_continuous_size': 28, 'attention_head_size': 4, 'learning_rate': 0.0630005497254058}. Best is trial 35 with value: 0.07881462574005127.
LOCAL_RANK: 0 - CUDA_VISIBLE_DEVICES: [0]
[I 2023-11-30 12:55:42,295] Trial 134 finished with value: 0.10986200720071793 and parameters: {'gradient_clip_val': 0.11087568041431943, 'hidden_size': 41, 'dropout': 0.1253160874943962, 'hidden_continuous_size': 33, 'attention_head_size': 4, 'learning_rate': 0.07830634740206198}. Best is trial 35 with value: 0.07881462574005127.
LOCAL_RANK: 0 - CUDA_VISIBLE_DEVICES: [0]
[I 2023-11-30 12:55:55,484] Trial 135 finished with value: 0.14516909420490265 and parameters: {'gradient_clip_val': 0.12084844250702773, 'hidden_size': 46, 'dropout': 0.13961885519076794, 'hidden_continuous_size': 31, 'attention_head_size': 4, 'learning_rate': 0.026719169770457595}. Best is trial 35 with value: 0.07881462574005127.
LOCAL_RANK: 0 - CUDA_VISIBLE_DEVICES: [0]
[I 2023-11-30 12:56:09,161] Trial 136 finished with value: 0.0899667963385582 and parameters: {'gradient_clip_val': 0.12763751129971118, 'hidden_size': 50, 'dropout': 0.1000402775344813, 'hidden_continuous_size': 35, 'attention_head_size': 4, 'learning_rate': 0.05381119216094384}. Best is trial 35 with value: 0.07881462574005127.
LOCAL_RANK: 0 - CUDA_VISIBLE_DEVICES: [0]
[I 2023-11-30 12:56:22,641] Trial 137 finished with value: 0.17472289502620697 and parameters: {'gradient_clip_val': 0.12935820840052312, 'hidden_size': 50, 'dropout': 0.1002675644265728, 'hidden_continuous_size': 35, 'attention_head_size': 4, 'learning_rate': 0.05310611897671722}. Best is trial 35 with value: 0.07881462574005127.
LOCAL_RANK: 0 - CUDA_VISIBLE_DEVICES: [0]
[I 2023-11-30 12:56:36,301] Trial 138 finished with value: 0.15760110318660736 and parameters: {'gradient_clip_val': 0.13473547702314476, 'hidden_size': 59, 'dropout': 0.10969458066030854, 'hidden_continuous_size': 38, 'attention_head_size': 4, 'learning_rate': 0.07085073684711467}. Best is trial 35 with value: 0.07881462574005127.
LOCAL_RANK: 0 - CUDA_VISIBLE_DEVICES: [0]
[I 2023-11-30 12:56:50,099] Trial 139 finished with value: 0.15489555895328522 and parameters: {'gradient_clip_val': 0.14369906426670306, 'hidden_size': 67, 'dropout': 0.11938280344376162, 'hidden_continuous_size': 37, 'attention_head_size': 4, 'learning_rate': 0.058266079028541064}. Best is trial 35 with value: 0.07881462574005127.
LOCAL_RANK: 0 - CUDA_VISIBLE_DEVICES: [0]
[I 2023-11-30 12:57:03,660] Trial 140 finished with value: 0.14422209560871124 and parameters: {'gradient_clip_val': 0.160464541015114, 'hidden_size': 62, 'dropout': 0.10647797525561772, 'hidden_continuous_size': 36, 'attention_head_size': 1, 'learning_rate': 0.09339660042883656}. Best is trial 35 with value: 0.07881462574005127.
LOCAL_RANK: 0 - CUDA_VISIBLE_DEVICES: [0]
[I 2023-11-30 12:57:17,087] Trial 141 finished with value: 0.14260199666023254 and parameters: {'gradient_clip_val': 0.10501829186800814, 'hidden_size': 53, 'dropout': 0.1152234958993094, 'hidden_continuous_size': 34, 'attention_head_size': 4, 'learning_rate': 0.04115914660096045}. Best is trial 35 with value: 0.07881462574005127.
LOCAL_RANK: 0 - CUDA_VISIBLE_DEVICES: [0]
[I 2023-11-30 12:57:30,237] Trial 142 finished with value: 0.07775401324033737 and parameters: {'gradient_clip_val': 0.11844027678329094, 'hidden_size': 46, 'dropout': 0.16184721709866617, 'hidden_continuous_size': 32, 'attention_head_size': 4, 'learning_rate': 0.0658058390382386}. Best is trial 142 with value: 0.07775401324033737.
LOCAL_RANK: 0 - CUDA_VISIBLE_DEVICES: [0]
[I 2023-11-30 12:57:43,575] Trial 143 finished with value: 0.18397359549999237 and parameters: {'gradient_clip_val': 0.12666498565954679, 'hidden_size': 43, 'dropout': 0.22251329555656355, 'hidden_continuous_size': 35, 'attention_head_size': 4, 'learning_rate': 0.06552707063231247}. Best is trial 142 with value: 0.07775401324033737.
LOCAL_RANK: 0 - CUDA_VISIBLE_DEVICES: [0]
[I 2023-11-30 12:57:56,752] Trial 144 finished with value: 0.11204421520233154 and parameters: {'gradient_clip_val': 0.15173725587473272, 'hidden_size': 46, 'dropout': 0.12563370776618432, 'hidden_continuous_size': 32, 'attention_head_size': 4, 'learning_rate': 0.04926318129563997}. Best is trial 142 with value: 0.07775401324033737.
LOCAL_RANK: 0 - CUDA_VISIBLE_DEVICES: [0]
[I 2023-11-30 12:58:10,237] Trial 145 finished with value: 0.09767413139343262 and parameters: {'gradient_clip_val': 0.11882370904730163, 'hidden_size': 49, 'dropout': 0.10629790018462422, 'hidden_continuous_size': 30, 'attention_head_size': 4, 'learning_rate': 0.054068672132519355}. Best is trial 142 with value: 0.07775401324033737.
LOCAL_RANK: 0 - CUDA_VISIBLE_DEVICES: [0]
[I 2023-11-30 12:58:23,409] Trial 146 finished with value: 0.1142180860042572 and parameters: {'gradient_clip_val': 0.11754220473019936, 'hidden_size': 50, 'dropout': 0.10485456051289632, 'hidden_continuous_size': 30, 'attention_head_size': 4, 'learning_rate': 0.0634409392785744}. Best is trial 142 with value: 0.07775401324033737.
LOCAL_RANK: 0 - CUDA_VISIBLE_DEVICES: [0]
[I 2023-11-30 12:58:36,923] Trial 147 finished with value: 0.1383155733346939 and parameters: {'gradient_clip_val': 0.11422654264395217, 'hidden_size': 55, 'dropout': 0.11121766256809294, 'hidden_continuous_size': 29, 'attention_head_size': 4, 'learning_rate': 0.054454603296011414}. Best is trial 142 with value: 0.07775401324033737.
LOCAL_RANK: 0 - CUDA_VISIBLE_DEVICES: [0]
[I 2023-11-30 12:58:50,396] Trial 148 finished with value: 0.14042657613754272 and parameters: {'gradient_clip_val': 0.12123953053880784, 'hidden_size': 51, 'dropout': 0.13423371433114675, 'hidden_continuous_size': 31, 'attention_head_size': 4, 'learning_rate': 0.07157675814391111}. Best is trial 142 with value: 0.07775401324033737.
LOCAL_RANK: 0 - CUDA_VISIBLE_DEVICES: [0]
[I 2023-11-30 12:59:04,065] Trial 149 finished with value: 0.2401704341173172 and parameters: {'gradient_clip_val': 0.108876167512932, 'hidden_size': 58, 'dropout': 0.10364222902544314, 'hidden_continuous_size': 33, 'attention_head_size': 4, 'learning_rate': 0.08034593170652853}. Best is trial 142 with value: 0.07775401324033737.
[I 2023-11-30 12:59:04,186] A new study created in memory with name: no-name-8f3842fb-c5a4-4704-96c1-7b1373b33782
/home/le004/conda/anaconda3/envs/tsff_env/lib/python3.9/site-packages/lightning/fabric/plugins/environments/slurm.py:191: The `srun` command is available on your system but is not used. HINT: If your intention is to run Lightning on SLURM, prepend your python command with `srun` like so: srun python /home/le004/master_thesis/git/TSFusionForecast/code/ ...
LOCAL_RANK: 0 - CUDA_VISIBLE_DEVICES: [0]
[I 2023-11-30 12:59:17,159] Trial 0 finished with value: 0.08120857179164886 and parameters: {'gradient_clip_val': 0.8763213918300086, 'hidden_size': 39, 'dropout': 0.21393414789820292, 'hidden_continuous_size': 10, 'attention_head_size': 3, 'learning_rate': 0.09969853506465129}. Best is trial 0 with value: 0.08120857179164886.
LOCAL_RANK: 0 - CUDA_VISIBLE_DEVICES: [0]
[I 2023-11-30 12:59:31,795] Trial 1 finished with value: 0.1282445192337036 and parameters: {'gradient_clip_val': 0.12005628760476195, 'hidden_size': 145, 'dropout': 0.3525055111457368, 'hidden_continuous_size': 66, 'attention_head_size': 3, 'learning_rate': 0.031646072123838666}. Best is trial 0 with value: 0.08120857179164886.
LOCAL_RANK: 0 - CUDA_VISIBLE_DEVICES: [0]
[I 2023-11-30 12:59:41,999] Trial 2 finished with value: 1.905718445777893 and parameters: {'gradient_clip_val': 0.7641412130622909, 'hidden_size': 11, 'dropout': 0.2781329735438116, 'hidden_continuous_size': 11, 'attention_head_size': 1, 'learning_rate': 0.0017074289520299542}. Best is trial 0 with value: 0.08120857179164886.
LOCAL_RANK: 0 - CUDA_VISIBLE_DEVICES: [0]
[I 2023-11-30 12:59:55,236] Trial 3 finished with value: 0.08295375853776932 and parameters: {'gradient_clip_val': 0.47826660262026144, 'hidden_size': 52, 'dropout': 0.316186009797687, 'hidden_continuous_size': 32, 'attention_head_size': 4, 'learning_rate': 0.07644083515341327}. Best is trial 0 with value: 0.08120857179164886.
LOCAL_RANK: 0 - CUDA_VISIBLE_DEVICES: [0]
[I 2023-11-30 13:00:08,154] Trial 4 finished with value: 1.7338930368423462 and parameters: {'gradient_clip_val': 0.12318073362394959, 'hidden_size': 31, 'dropout': 0.31201288554451667, 'hidden_continuous_size': 28, 'attention_head_size': 4, 'learning_rate': 0.0013323532916305644}. Best is trial 0 with value: 0.08120857179164886.
LOCAL_RANK: 0 - CUDA_VISIBLE_DEVICES: [0]
[I 2023-11-30 13:00:22,584] Trial 5 finished with value: 0.0942554846405983 and parameters: {'gradient_clip_val': 0.4144225325645977, 'hidden_size': 115, 'dropout': 0.18024158654288844, 'hidden_continuous_size': 57, 'attention_head_size': 3, 'learning_rate': 0.04653500270840222}. Best is trial 0 with value: 0.08120857179164886.
LOCAL_RANK: 0 - CUDA_VISIBLE_DEVICES: [0]
[I 2023-11-30 13:00:32,895] Trial 6 finished with value: 1.0555088520050049 and parameters: {'gradient_clip_val': 0.300533493140012, 'hidden_size': 10, 'dropout': 0.1879290103481863, 'hidden_continuous_size': 10, 'attention_head_size': 2, 'learning_rate': 0.00414484357571504}. Best is trial 0 with value: 0.08120857179164886.
LOCAL_RANK: 0 - CUDA_VISIBLE_DEVICES: [0]
[I 2023-11-30 13:00:46,502] Trial 7 finished with value: 0.17407643795013428 and parameters: {'gradient_clip_val': 0.15930559117440657, 'hidden_size': 65, 'dropout': 0.3425506185154676, 'hidden_continuous_size': 18, 'attention_head_size': 4, 'learning_rate': 0.0917577690263497}. Best is trial 0 with value: 0.08120857179164886.
LOCAL_RANK: 0 - CUDA_VISIBLE_DEVICES: [0]
[I 2023-11-30 13:00:57,176] Trial 8 finished with value: 0.12910409271717072 and parameters: {'gradient_clip_val': 0.35895506469496924, 'hidden_size': 50, 'dropout': 0.16121269194169166, 'hidden_continuous_size': 50, 'attention_head_size': 3, 'learning_rate': 0.008563690061467481}. Best is trial 0 with value: 0.08120857179164886.
LOCAL_RANK: 0 - CUDA_VISIBLE_DEVICES: [0]
[I 2023-11-30 13:01:10,645] Trial 9 finished with value: 0.39657172560691833 and parameters: {'gradient_clip_val': 0.2719108804802492, 'hidden_size': 51, 'dropout': 0.38449730979005947, 'hidden_continuous_size': 38, 'attention_head_size': 2, 'learning_rate': 0.006758819438876087}. Best is trial 0 with value: 0.08120857179164886.
LOCAL_RANK: 0 - CUDA_VISIBLE_DEVICES: [0]
