[I 2023-11-29 22:02:58,276] Trial 70 finished with value: 134.2083740234375 and parameters: {'gradient_clip_val': 0.4588021725697643, 'hidden_size': 103, 'dropout': 0.18443421035234425, 'hidden_continuous_size': 16, 'attention_head_size': 2, 'learning_rate': 0.015182946422423267}. Best is trial 38 with value: 58.02490234375.
LOCAL_RANK: 0 - CUDA_VISIBLE_DEVICES: [0]
[I 2023-11-29 22:03:12,133] Trial 71 finished with value: 83.62190246582031 and parameters: {'gradient_clip_val': 0.3984133879815591, 'hidden_size': 117, 'dropout': 0.14902630950650222, 'hidden_continuous_size': 21, 'attention_head_size': 1, 'learning_rate': 0.010368316526330962}. Best is trial 38 with value: 58.02490234375.
LOCAL_RANK: 0 - CUDA_VISIBLE_DEVICES: [0]
[I 2023-11-29 22:03:25,949] Trial 72 finished with value: 96.0294189453125 and parameters: {'gradient_clip_val': 0.3518507928108442, 'hidden_size': 106, 'dropout': 0.16300697365830805, 'hidden_continuous_size': 19, 'attention_head_size': 1, 'learning_rate': 0.006655475472647254}. Best is trial 38 with value: 58.02490234375.
LOCAL_RANK: 0 - CUDA_VISIBLE_DEVICES: [0]
[I 2023-11-29 22:03:39,973] Trial 73 finished with value: 118.03510284423828 and parameters: {'gradient_clip_val': 0.3188723654051042, 'hidden_size': 131, 'dropout': 0.13225492978149933, 'hidden_continuous_size': 30, 'attention_head_size': 1, 'learning_rate': 0.013193744412871347}. Best is trial 38 with value: 58.02490234375.
LOCAL_RANK: 0 - CUDA_VISIBLE_DEVICES: [0]
[I 2023-11-29 22:03:53,444] Trial 74 finished with value: 75.70136260986328 and parameters: {'gradient_clip_val': 0.2876587498170553, 'hidden_size': 86, 'dropout': 0.12115973703543563, 'hidden_continuous_size': 22, 'attention_head_size': 1, 'learning_rate': 0.010917208255108949}. Best is trial 38 with value: 58.02490234375.
LOCAL_RANK: 0 - CUDA_VISIBLE_DEVICES: [0]
[I 2023-11-29 22:04:07,304] Trial 75 finished with value: 159.2368927001953 and parameters: {'gradient_clip_val': 0.4216697349995852, 'hidden_size': 123, 'dropout': 0.17798941675293045, 'hidden_continuous_size': 27, 'attention_head_size': 1, 'learning_rate': 0.0194961010907563}. Best is trial 38 with value: 58.02490234375.
LOCAL_RANK: 0 - CUDA_VISIBLE_DEVICES: [0]
[I 2023-11-29 22:04:20,765] Trial 76 finished with value: 79.45390319824219 and parameters: {'gradient_clip_val': 0.3801822253850641, 'hidden_size': 96, 'dropout': 0.14433766148173605, 'hidden_continuous_size': 20, 'attention_head_size': 1, 'learning_rate': 0.02264151546332581}. Best is trial 38 with value: 58.02490234375.
LOCAL_RANK: 0 - CUDA_VISIBLE_DEVICES: [0]
[I 2023-11-29 22:04:34,403] Trial 77 finished with value: 85.52303314208984 and parameters: {'gradient_clip_val': 0.34036356218715075, 'hidden_size': 79, 'dropout': 0.1860874825225314, 'hidden_continuous_size': 25, 'attention_head_size': 1, 'learning_rate': 0.026545427788807467}. Best is trial 38 with value: 58.02490234375.
LOCAL_RANK: 0 - CUDA_VISIBLE_DEVICES: [0]
[I 2023-11-29 22:04:48,180] Trial 78 finished with value: 93.34374237060547 and parameters: {'gradient_clip_val': 0.25718027502741114, 'hidden_size': 113, 'dropout': 0.10798280344336517, 'hidden_continuous_size': 14, 'attention_head_size': 3, 'learning_rate': 0.013703359704712885}. Best is trial 38 with value: 58.02490234375.
LOCAL_RANK: 0 - CUDA_VISIBLE_DEVICES: [0]
[I 2023-11-29 22:05:01,883] Trial 79 finished with value: 64.95816802978516 and parameters: {'gradient_clip_val': 0.30042858967540903, 'hidden_size': 107, 'dropout': 0.1236446773055428, 'hidden_continuous_size': 17, 'attention_head_size': 1, 'learning_rate': 0.04536632739910975}. Best is trial 38 with value: 58.02490234375.
LOCAL_RANK: 0 - CUDA_VISIBLE_DEVICES: [0]
[I 2023-11-29 22:05:15,507] Trial 80 finished with value: 60.22536849975586 and parameters: {'gradient_clip_val': 0.30401137926560234, 'hidden_size': 104, 'dropout': 0.12844961502911637, 'hidden_continuous_size': 17, 'attention_head_size': 2, 'learning_rate': 0.0408156151218763}. Best is trial 38 with value: 58.02490234375.
LOCAL_RANK: 0 - CUDA_VISIBLE_DEVICES: [0]
[I 2023-11-29 22:05:28,908] Trial 81 finished with value: 133.23362731933594 and parameters: {'gradient_clip_val': 0.30661802554788514, 'hidden_size': 92, 'dropout': 0.12470309388162103, 'hidden_continuous_size': 17, 'attention_head_size': 2, 'learning_rate': 0.04487809378559468}. Best is trial 38 with value: 58.02490234375.
LOCAL_RANK: 0 - CUDA_VISIBLE_DEVICES: [0]
[I 2023-11-29 22:05:42,899] Trial 82 finished with value: 94.31372833251953 and parameters: {'gradient_clip_val': 0.27139004238005665, 'hidden_size': 106, 'dropout': 0.11192933638661039, 'hidden_continuous_size': 18, 'attention_head_size': 2, 'learning_rate': 0.0389852480237619}. Best is trial 38 with value: 58.02490234375.
LOCAL_RANK: 0 - CUDA_VISIBLE_DEVICES: [0]
[I 2023-11-29 22:05:56,663] Trial 83 finished with value: 103.44904327392578 and parameters: {'gradient_clip_val': 0.29908453075620933, 'hidden_size': 123, 'dropout': 0.13081339287070787, 'hidden_continuous_size': 15, 'attention_head_size': 3, 'learning_rate': 0.0494208387249278}. Best is trial 38 with value: 58.02490234375.
LOCAL_RANK: 0 - CUDA_VISIBLE_DEVICES: [0]
[I 2023-11-29 22:06:10,866] Trial 84 finished with value: 108.60617065429688 and parameters: {'gradient_clip_val': 0.27741201094344936, 'hidden_size': 141, 'dropout': 0.15698747858814674, 'hidden_continuous_size': 13, 'attention_head_size': 4, 'learning_rate': 0.031122772307905073}. Best is trial 38 with value: 58.02490234375.
LOCAL_RANK: 0 - CUDA_VISIBLE_DEVICES: [0]
[I 2023-11-29 22:06:24,434] Trial 85 finished with value: 74.97557830810547 and parameters: {'gradient_clip_val': 0.24338750872246173, 'hidden_size': 101, 'dropout': 0.11788319914126731, 'hidden_continuous_size': 16, 'attention_head_size': 1, 'learning_rate': 0.03660146148032263}. Best is trial 38 with value: 58.02490234375.
LOCAL_RANK: 0 - CUDA_VISIBLE_DEVICES: [0]
[I 2023-11-29 22:06:37,951] Trial 86 finished with value: 152.12506103515625 and parameters: {'gradient_clip_val': 0.36970902071368744, 'hidden_size': 81, 'dropout': 0.14726746387037423, 'hidden_continuous_size': 20, 'attention_head_size': 2, 'learning_rate': 0.042743746478014905}. Best is trial 38 with value: 58.02490234375.
LOCAL_RANK: 0 - CUDA_VISIBLE_DEVICES: [0]
[I 2023-11-29 22:06:51,512] Trial 87 finished with value: 125.57284545898438 and parameters: {'gradient_clip_val': 0.31660470018604275, 'hidden_size': 87, 'dropout': 0.13510012994781867, 'hidden_continuous_size': 19, 'attention_head_size': 1, 'learning_rate': 0.053547491257519786}. Best is trial 38 with value: 58.02490234375.
LOCAL_RANK: 0 - CUDA_VISIBLE_DEVICES: [0]
[I 2023-11-29 22:07:05,110] Trial 88 finished with value: 143.93991088867188 and parameters: {'gradient_clip_val': 0.28524551530912595, 'hidden_size': 116, 'dropout': 0.12442978923533474, 'hidden_continuous_size': 17, 'attention_head_size': 1, 'learning_rate': 0.06340785388197522}. Best is trial 38 with value: 58.02490234375.
LOCAL_RANK: 0 - CUDA_VISIBLE_DEVICES: [0]
[I 2023-11-29 22:07:18,575] Trial 89 finished with value: 79.90360260009766 and parameters: {'gradient_clip_val': 0.2504944292432253, 'hidden_size': 76, 'dropout': 0.17061909709848655, 'hidden_continuous_size': 22, 'attention_head_size': 2, 'learning_rate': 0.033061827703061396}. Best is trial 38 with value: 58.02490234375.
LOCAL_RANK: 0 - CUDA_VISIBLE_DEVICES: [0]
[I 2023-11-29 22:07:32,226] Trial 90 finished with value: 142.78189086914062 and parameters: {'gradient_clip_val': 0.3331106017628154, 'hidden_size': 128, 'dropout': 0.1073501182310366, 'hidden_continuous_size': 18, 'attention_head_size': 1, 'learning_rate': 0.04885716040237627}. Best is trial 38 with value: 58.02490234375.
LOCAL_RANK: 0 - CUDA_VISIBLE_DEVICES: [0]
[I 2023-11-29 22:07:45,874] Trial 91 finished with value: 102.9395523071289 and parameters: {'gradient_clip_val': 0.343140561013748, 'hidden_size': 106, 'dropout': 0.13986184669545043, 'hidden_continuous_size': 20, 'attention_head_size': 1, 'learning_rate': 0.00969062113298585}. Best is trial 38 with value: 58.02490234375.
LOCAL_RANK: 0 - CUDA_VISIBLE_DEVICES: [0]
[I 2023-11-29 22:07:59,616] Trial 92 finished with value: 56.4815559387207 and parameters: {'gradient_clip_val': 0.305464347126141, 'hidden_size': 95, 'dropout': 0.1438205213245658, 'hidden_continuous_size': 24, 'attention_head_size': 1, 'learning_rate': 0.008138769225973464}. Best is trial 92 with value: 56.4815559387207.
LOCAL_RANK: 0 - CUDA_VISIBLE_DEVICES: [0]
[I 2023-11-29 22:08:13,212] Trial 93 finished with value: 79.72257232666016 and parameters: {'gradient_clip_val': 0.3037055801800583, 'hidden_size': 90, 'dropout': 0.15657074980661528, 'hidden_continuous_size': 24, 'attention_head_size': 1, 'learning_rate': 0.0076686657664540095}. Best is trial 92 with value: 56.4815559387207.
LOCAL_RANK: 0 - CUDA_VISIBLE_DEVICES: [0]
[I 2023-11-29 22:08:26,671] Trial 94 finished with value: 76.25093078613281 and parameters: {'gradient_clip_val': 0.2659297958132259, 'hidden_size': 95, 'dropout': 0.1127267702110904, 'hidden_continuous_size': 24, 'attention_head_size': 1, 'learning_rate': 0.008843684258201676}. Best is trial 92 with value: 56.4815559387207.
LOCAL_RANK: 0 - CUDA_VISIBLE_DEVICES: [0]
[I 2023-11-29 22:08:40,449] Trial 95 finished with value: 65.18929290771484 and parameters: {'gradient_clip_val': 0.31591351019665925, 'hidden_size': 101, 'dropout': 0.16431154879969084, 'hidden_continuous_size': 33, 'attention_head_size': 1, 'learning_rate': 0.008215653468509535}. Best is trial 92 with value: 56.4815559387207.
LOCAL_RANK: 0 - CUDA_VISIBLE_DEVICES: [0]
[I 2023-11-29 22:08:54,329] Trial 96 finished with value: 101.25421142578125 and parameters: {'gradient_clip_val': 0.31311225374719504, 'hidden_size': 103, 'dropout': 0.164887035219037, 'hidden_continuous_size': 36, 'attention_head_size': 1, 'learning_rate': 0.01164120061868197}. Best is trial 92 with value: 56.4815559387207.
LOCAL_RANK: 0 - CUDA_VISIBLE_DEVICES: [0]
[I 2023-11-29 22:09:08,037] Trial 97 finished with value: 104.6687240600586 and parameters: {'gradient_clip_val': 0.28927236686119195, 'hidden_size': 96, 'dropout': 0.22802398372146726, 'hidden_continuous_size': 32, 'attention_head_size': 1, 'learning_rate': 0.006479544248275938}. Best is trial 92 with value: 56.4815559387207.
LOCAL_RANK: 0 - CUDA_VISIBLE_DEVICES: [0]
[I 2023-11-29 22:09:21,559] Trial 98 finished with value: 125.93734741210938 and parameters: {'gradient_clip_val': 0.3619637164615735, 'hidden_size': 84, 'dropout': 0.14984054317949497, 'hidden_continuous_size': 27, 'attention_head_size': 1, 'learning_rate': 0.02965478357472112}. Best is trial 92 with value: 56.4815559387207.
LOCAL_RANK: 0 - CUDA_VISIBLE_DEVICES: [0]
[I 2023-11-29 22:09:34,892] Trial 99 finished with value: 84.32408142089844 and parameters: {'gradient_clip_val': 0.38280151818026104, 'hidden_size': 70, 'dropout': 0.24073072540362223, 'hidden_continuous_size': 23, 'attention_head_size': 1, 'learning_rate': 0.045963697772795575}. Best is trial 92 with value: 56.4815559387207.
LOCAL_RANK: 0 - CUDA_VISIBLE_DEVICES: [0]
[I 2023-11-29 22:09:48,362] Trial 100 finished with value: 117.81295013427734 and parameters: {'gradient_clip_val': 0.27391576483167823, 'hidden_size': 75, 'dropout': 0.17156697011474736, 'hidden_continuous_size': 26, 'attention_head_size': 2, 'learning_rate': 0.015121591444821387}. Best is trial 92 with value: 56.4815559387207.
LOCAL_RANK: 0 - CUDA_VISIBLE_DEVICES: [0]
[I 2023-11-29 22:10:02,227] Trial 101 finished with value: 129.3727264404297 and parameters: {'gradient_clip_val': 0.31759210651082265, 'hidden_size': 114, 'dropout': 0.1451835014334315, 'hidden_continuous_size': 29, 'attention_head_size': 1, 'learning_rate': 0.008175868336031102}. Best is trial 92 with value: 56.4815559387207.
LOCAL_RANK: 0 - CUDA_VISIBLE_DEVICES: [0]
[I 2023-11-29 22:10:16,066] Trial 102 finished with value: 105.4026107788086 and parameters: {'gradient_clip_val': 0.30047032919042777, 'hidden_size': 99, 'dropout': 0.13679931154342687, 'hidden_continuous_size': 22, 'attention_head_size': 1, 'learning_rate': 0.0088937777570484}. Best is trial 92 with value: 56.4815559387207.
LOCAL_RANK: 0 - CUDA_VISIBLE_DEVICES: [0]
[I 2023-11-29 22:10:30,159] Trial 103 finished with value: 76.40455627441406 and parameters: {'gradient_clip_val': 0.3418094176009416, 'hidden_size': 121, 'dropout': 0.16238404624207142, 'hidden_continuous_size': 25, 'attention_head_size': 1, 'learning_rate': 0.006956006118418071}. Best is trial 92 with value: 56.4815559387207.
LOCAL_RANK: 0 - CUDA_VISIBLE_DEVICES: [0]
[I 2023-11-29 22:10:43,549] Trial 104 finished with value: 99.56710815429688 and parameters: {'gradient_clip_val': 0.25780542078766794, 'hidden_size': 88, 'dropout': 0.15452045207387732, 'hidden_continuous_size': 20, 'attention_head_size': 1, 'learning_rate': 0.005888251858583581}. Best is trial 92 with value: 56.4815559387207.
LOCAL_RANK: 0 - CUDA_VISIBLE_DEVICES: [0]
[I 2023-11-29 22:10:57,141] Trial 105 finished with value: 57.34889602661133 and parameters: {'gradient_clip_val': 0.28039879894296094, 'hidden_size': 108, 'dropout': 0.12926057845693145, 'hidden_continuous_size': 21, 'attention_head_size': 1, 'learning_rate': 0.009012827341196916}. Best is trial 92 with value: 56.4815559387207.
LOCAL_RANK: 0 - CUDA_VISIBLE_DEVICES: [0]
[I 2023-11-29 22:11:10,670] Trial 106 finished with value: 90.5848388671875 and parameters: {'gradient_clip_val': 0.2842637581454632, 'hidden_size': 105, 'dropout': 0.12532861510944254, 'hidden_continuous_size': 17, 'attention_head_size': 1, 'learning_rate': 0.010637334098385501}. Best is trial 92 with value: 56.4815559387207.
LOCAL_RANK: 0 - CUDA_VISIBLE_DEVICES: [0]
[I 2023-11-29 22:11:24,825] Trial 107 finished with value: 144.10227966308594 and parameters: {'gradient_clip_val': 0.22980811447403204, 'hidden_size': 130, 'dropout': 0.10445365805448872, 'hidden_continuous_size': 22, 'attention_head_size': 1, 'learning_rate': 0.0076674909207723576}. Best is trial 92 with value: 56.4815559387207.
LOCAL_RANK: 0 - CUDA_VISIBLE_DEVICES: [0]
[I 2023-11-29 22:11:38,308] Trial 108 finished with value: 110.47527313232422 and parameters: {'gradient_clip_val': 0.26994715748367437, 'hidden_size': 93, 'dropout': 0.11785861662397779, 'hidden_continuous_size': 19, 'attention_head_size': 1, 'learning_rate': 0.011357074734271659}. Best is trial 92 with value: 56.4815559387207.
LOCAL_RANK: 0 - CUDA_VISIBLE_DEVICES: [0]
[I 2023-11-29 22:11:51,668] Trial 109 finished with value: 98.35132598876953 and parameters: {'gradient_clip_val': 0.2528394401380696, 'hidden_size': 80, 'dropout': 0.13273867219534252, 'hidden_continuous_size': 23, 'attention_head_size': 1, 'learning_rate': 0.012498940164534858}. Best is trial 92 with value: 56.4815559387207.
LOCAL_RANK: 0 - CUDA_VISIBLE_DEVICES: [0]
[I 2023-11-29 22:12:05,481] Trial 110 finished with value: 112.82562255859375 and parameters: {'gradient_clip_val': 0.24436852002572834, 'hidden_size': 110, 'dropout': 0.12792360768703756, 'hidden_continuous_size': 34, 'attention_head_size': 1, 'learning_rate': 0.05582103935617351}. Best is trial 92 with value: 56.4815559387207.
LOCAL_RANK: 0 - CUDA_VISIBLE_DEVICES: [0]
[I 2023-11-29 22:12:19,361] Trial 111 finished with value: 72.19342041015625 and parameters: {'gradient_clip_val': 0.32902013752364356, 'hidden_size': 113, 'dropout': 0.1407298869189957, 'hidden_continuous_size': 21, 'attention_head_size': 1, 'learning_rate': 0.008977237967421402}. Best is trial 92 with value: 56.4815559387207.
LOCAL_RANK: 0 - CUDA_VISIBLE_DEVICES: [0]
[I 2023-11-29 22:12:33,128] Trial 112 finished with value: 134.8539581298828 and parameters: {'gradient_clip_val': 0.3000762327585169, 'hidden_size': 101, 'dropout': 0.14773828728180624, 'hidden_continuous_size': 19, 'attention_head_size': 1, 'learning_rate': 0.010056802746439839}. Best is trial 92 with value: 56.4815559387207.
LOCAL_RANK: 0 - CUDA_VISIBLE_DEVICES: [0]
[I 2023-11-29 22:12:46,930] Trial 113 finished with value: 125.36328125 and parameters: {'gradient_clip_val': 0.3549882846453669, 'hidden_size': 119, 'dropout': 0.13522571937567554, 'hidden_continuous_size': 18, 'attention_head_size': 1, 'learning_rate': 0.007847311728015264}. Best is trial 92 with value: 56.4815559387207.
LOCAL_RANK: 0 - CUDA_VISIBLE_DEVICES: [0]
[I 2023-11-29 22:13:00,472] Trial 114 finished with value: 121.56734466552734 and parameters: {'gradient_clip_val': 0.3164763640372875, 'hidden_size': 108, 'dropout': 0.17689613477632324, 'hidden_continuous_size': 21, 'attention_head_size': 1, 'learning_rate': 0.009303034869861998}. Best is trial 92 with value: 56.4815559387207.
LOCAL_RANK: 0 - CUDA_VISIBLE_DEVICES: [0]
[I 2023-11-29 22:13:14,130] Trial 115 finished with value: 101.06317901611328 and parameters: {'gradient_clip_val': 0.2843626511659617, 'hidden_size': 98, 'dropout': 0.1529831371175346, 'hidden_continuous_size': 24, 'attention_head_size': 1, 'learning_rate': 0.008215189682843915}. Best is trial 92 with value: 56.4815559387207.
LOCAL_RANK: 0 - CUDA_VISIBLE_DEVICES: [0]
[I 2023-11-29 22:13:27,311] Trial 116 finished with value: 78.48409271240234 and parameters: {'gradient_clip_val': 0.2986463717362996, 'hidden_size': 64, 'dropout': 0.11506134937675813, 'hidden_continuous_size': 23, 'attention_head_size': 1, 'learning_rate': 0.00688157502960467}. Best is trial 92 with value: 56.4815559387207.
LOCAL_RANK: 0 - CUDA_VISIBLE_DEVICES: [0]
[I 2023-11-29 22:13:40,910] Trial 117 finished with value: 91.57339477539062 and parameters: {'gradient_clip_val': 0.3350991291616195, 'hidden_size': 88, 'dropout': 0.16026603757666485, 'hidden_continuous_size': 28, 'attention_head_size': 1, 'learning_rate': 0.040109969605157045}. Best is trial 92 with value: 56.4815559387207.
LOCAL_RANK: 0 - CUDA_VISIBLE_DEVICES: [0]
[I 2023-11-29 22:13:54,882] Trial 118 finished with value: 60.97343826293945 and parameters: {'gradient_clip_val': 0.3744827501891383, 'hidden_size': 137, 'dropout': 0.1220051540533105, 'hidden_continuous_size': 16, 'attention_head_size': 1, 'learning_rate': 0.005406492144697443}. Best is trial 92 with value: 56.4815559387207.
LOCAL_RANK: 0 - CUDA_VISIBLE_DEVICES: [0]
[I 2023-11-29 22:14:09,057] Trial 119 finished with value: 96.0939712524414 and parameters: {'gradient_clip_val': 0.3694917841345479, 'hidden_size': 142, 'dropout': 0.12080238243804571, 'hidden_continuous_size': 15, 'attention_head_size': 3, 'learning_rate': 0.005702165365120074}. Best is trial 92 with value: 56.4815559387207.
LOCAL_RANK: 0 - CUDA_VISIBLE_DEVICES: [0]
[I 2023-11-29 22:14:22,969] Trial 120 finished with value: 76.75276947021484 and parameters: {'gradient_clip_val': 0.3903857419077433, 'hidden_size': 126, 'dropout': 0.12706394294431272, 'hidden_continuous_size': 16, 'attention_head_size': 1, 'learning_rate': 0.02488625988501714}. Best is trial 92 with value: 56.4815559387207.
LOCAL_RANK: 0 - CUDA_VISIBLE_DEVICES: [0]
[I 2023-11-29 22:14:36,718] Trial 121 finished with value: 87.9041748046875 and parameters: {'gradient_clip_val': 0.3191335423553811, 'hidden_size': 113, 'dropout': 0.14285635266387597, 'hidden_continuous_size': 17, 'attention_head_size': 1, 'learning_rate': 0.007308725651998718}. Best is trial 92 with value: 56.4815559387207.
LOCAL_RANK: 0 - CUDA_VISIBLE_DEVICES: [0]
[I 2023-11-29 22:14:50,608] Trial 122 finished with value: 108.8250732421875 and parameters: {'gradient_clip_val': 0.2635850571948021, 'hidden_size': 120, 'dropout': 0.10100076746965864, 'hidden_continuous_size': 20, 'attention_head_size': 1, 'learning_rate': 0.006237085566960624}. Best is trial 92 with value: 56.4815559387207.
LOCAL_RANK: 0 - CUDA_VISIBLE_DEVICES: [0]
[I 2023-11-29 22:15:04,153] Trial 123 finished with value: 114.7359619140625 and parameters: {'gradient_clip_val': 0.3610219092872839, 'hidden_size': 104, 'dropout': 0.1821785297763763, 'hidden_continuous_size': 16, 'attention_head_size': 1, 'learning_rate': 0.005537754072134571}. Best is trial 92 with value: 56.4815559387207.
LOCAL_RANK: 0 - CUDA_VISIBLE_DEVICES: [0]
[I 2023-11-29 22:15:18,081] Trial 124 finished with value: 97.90840911865234 and parameters: {'gradient_clip_val': 0.3408727209532675, 'hidden_size': 137, 'dropout': 0.1325518106616902, 'hidden_continuous_size': 18, 'attention_head_size': 1, 'learning_rate': 0.004937457296409235}. Best is trial 92 with value: 56.4815559387207.
LOCAL_RANK: 0 - CUDA_VISIBLE_DEVICES: [0]
[I 2023-11-29 22:15:32,076] Trial 125 finished with value: 110.4790267944336 and parameters: {'gradient_clip_val': 0.41401981083675365, 'hidden_size': 129, 'dropout': 0.10869104013891784, 'hidden_continuous_size': 25, 'attention_head_size': 1, 'learning_rate': 0.011584895133843908}. Best is trial 92 with value: 56.4815559387207.
LOCAL_RANK: 0 - CUDA_VISIBLE_DEVICES: [0]
[I 2023-11-29 22:15:45,502] Trial 126 finished with value: 73.23734283447266 and parameters: {'gradient_clip_val': 0.2817592431839388, 'hidden_size': 96, 'dropout': 0.1918746238212134, 'hidden_continuous_size': 21, 'attention_head_size': 1, 'learning_rate': 0.004563573570004471}. Best is trial 92 with value: 56.4815559387207.
LOCAL_RANK: 0 - CUDA_VISIBLE_DEVICES: [0]
[I 2023-11-29 22:15:58,891] Trial 127 finished with value: 66.68366241455078 and parameters: {'gradient_clip_val': 0.3070567498208264, 'hidden_size': 84, 'dropout': 0.12044760268608257, 'hidden_continuous_size': 14, 'attention_head_size': 2, 'learning_rate': 0.006465728210454889}. Best is trial 92 with value: 56.4815559387207.
LOCAL_RANK: 0 - CUDA_VISIBLE_DEVICES: [0]
[I 2023-11-29 22:16:12,392] Trial 128 finished with value: 173.50341796875 and parameters: {'gradient_clip_val': 0.3055079926811848, 'hidden_size': 82, 'dropout': 0.12109972724247646, 'hidden_continuous_size': 14, 'attention_head_size': 2, 'learning_rate': 0.03520721604667605}. Best is trial 92 with value: 56.4815559387207.
LOCAL_RANK: 0 - CUDA_VISIBLE_DEVICES: [0]
