[I 2023-11-30 11:22:03,514] Trial 147 finished with value: 0.19180186092853546 and parameters: {'gradient_clip_val': 0.8576027893947464, 'hidden_size': 121, 'dropout': 0.37673233624683705, 'hidden_continuous_size': 53, 'attention_head_size': 1, 'learning_rate': 0.02614419535804492}. Best is trial 102 with value: 0.07868123799562454.
LOCAL_RANK: 0 - CUDA_VISIBLE_DEVICES: [0]
[I 2023-11-30 11:22:17,538] Trial 148 finished with value: 0.22060318291187286 and parameters: {'gradient_clip_val': 0.9973792890111911, 'hidden_size': 133, 'dropout': 0.372515929341769, 'hidden_continuous_size': 27, 'attention_head_size': 1, 'learning_rate': 0.036686648005137074}. Best is trial 102 with value: 0.07868123799562454.
LOCAL_RANK: 0 - CUDA_VISIBLE_DEVICES: [0]
[I 2023-11-30 11:22:31,449] Trial 149 finished with value: 0.19082237780094147 and parameters: {'gradient_clip_val': 0.8328947917642338, 'hidden_size': 97, 'dropout': 0.3808785079326946, 'hidden_continuous_size': 41, 'attention_head_size': 1, 'learning_rate': 0.02027722417062359}. Best is trial 102 with value: 0.07868123799562454.
[I 2023-11-30 11:22:31,564] A new study created in memory with name: no-name-6dcae4e4-46ac-449e-adf5-7ff48c413a20
/home/le004/conda/anaconda3/envs/tsff_env/lib/python3.9/site-packages/lightning/fabric/plugins/environments/slurm.py:191: The `srun` command is available on your system but is not used. HINT: If your intention is to run Lightning on SLURM, prepend your python command with `srun` like so: srun python /home/le004/master_thesis/git/TSFusionForecast/code/ ...
LOCAL_RANK: 0 - CUDA_VISIBLE_DEVICES: [0]
[I 2023-11-30 11:22:45,097] Trial 0 finished with value: 1.522408127784729 and parameters: {'gradient_clip_val': 0.10449054807481811, 'hidden_size': 67, 'dropout': 0.28284997339748064, 'hidden_continuous_size': 44, 'attention_head_size': 1, 'learning_rate': 0.001520306282488988}. Best is trial 0 with value: 1.522408127784729.
LOCAL_RANK: 0 - CUDA_VISIBLE_DEVICES: [0]
[I 2023-11-30 11:22:58,692] Trial 1 finished with value: 1.1698697805404663 and parameters: {'gradient_clip_val': 0.2837527697209663, 'hidden_size': 73, 'dropout': 0.36525228076213045, 'hidden_continuous_size': 13, 'attention_head_size': 4, 'learning_rate': 0.03454688283629605}. Best is trial 1 with value: 1.1698697805404663.
LOCAL_RANK: 0 - CUDA_VISIBLE_DEVICES: [0]
[I 2023-11-30 11:23:13,235] Trial 2 finished with value: 1.6077698469161987 and parameters: {'gradient_clip_val': 0.40546013053464314, 'hidden_size': 146, 'dropout': 0.14037521733613598, 'hidden_continuous_size': 39, 'attention_head_size': 4, 'learning_rate': 0.019263886988238187}. Best is trial 1 with value: 1.1698697805404663.
LOCAL_RANK: 0 - CUDA_VISIBLE_DEVICES: [0]
[I 2023-11-30 11:23:26,197] Trial 3 finished with value: 1.2830239534378052 and parameters: {'gradient_clip_val': 0.9862166734361372, 'hidden_size': 53, 'dropout': 0.1133953839126066, 'hidden_continuous_size': 16, 'attention_head_size': 1, 'learning_rate': 0.0026599068483030342}. Best is trial 1 with value: 1.1698697805404663.
LOCAL_RANK: 0 - CUDA_VISIBLE_DEVICES: [0]
[I 2023-11-30 11:23:36,625] Trial 4 finished with value: 1.8477054834365845 and parameters: {'gradient_clip_val': 0.34088779163392957, 'hidden_size': 10, 'dropout': 0.27602733802488183, 'hidden_continuous_size': 10, 'attention_head_size': 3, 'learning_rate': 0.0034373971062898615}. Best is trial 1 with value: 1.1698697805404663.
LOCAL_RANK: 0 - CUDA_VISIBLE_DEVICES: [0]
[I 2023-11-30 11:23:48,947] Trial 5 finished with value: 2.230792284011841 and parameters: {'gradient_clip_val': 0.13590728909587388, 'hidden_size': 23, 'dropout': 0.3720344808951761, 'hidden_continuous_size': 19, 'attention_head_size': 1, 'learning_rate': 0.0020947752102315398}. Best is trial 1 with value: 1.1698697805404663.
LOCAL_RANK: 0 - CUDA_VISIBLE_DEVICES: [0]
[I 2023-11-30 11:24:01,958] Trial 6 finished with value: 2.185622215270996 and parameters: {'gradient_clip_val': 0.138603559511016, 'hidden_size': 35, 'dropout': 0.32642980053704806, 'hidden_continuous_size': 29, 'attention_head_size': 2, 'learning_rate': 0.0016847669220546862}. Best is trial 1 with value: 1.1698697805404663.
LOCAL_RANK: 0 - CUDA_VISIBLE_DEVICES: [0]
[I 2023-11-30 11:24:14,894] Trial 7 finished with value: 1.152907371520996 and parameters: {'gradient_clip_val': 0.7573714307002399, 'hidden_size': 38, 'dropout': 0.20918564146350338, 'hidden_continuous_size': 21, 'attention_head_size': 4, 'learning_rate': 0.012565876445794077}. Best is trial 7 with value: 1.152907371520996.
LOCAL_RANK: 0 - CUDA_VISIBLE_DEVICES: [0]
[I 2023-11-30 11:24:27,520] Trial 8 finished with value: 2.3575751781463623 and parameters: {'gradient_clip_val': 0.6244642783668543, 'hidden_size': 25, 'dropout': 0.13031982117473895, 'hidden_continuous_size': 22, 'attention_head_size': 4, 'learning_rate': 0.0024325301660176038}. Best is trial 7 with value: 1.152907371520996.
LOCAL_RANK: 0 - CUDA_VISIBLE_DEVICES: [0]
[I 2023-11-30 11:24:39,624] Trial 9 finished with value: 1.1798051595687866 and parameters: {'gradient_clip_val': 0.5729967793098105, 'hidden_size': 13, 'dropout': 0.3744272356845386, 'hidden_continuous_size': 11, 'attention_head_size': 1, 'learning_rate': 0.037722925646247296}. Best is trial 7 with value: 1.152907371520996.
LOCAL_RANK: 0 - CUDA_VISIBLE_DEVICES: [0]
[I 2023-11-30 11:24:52,119] Trial 10 finished with value: 1.398181438446045 and parameters: {'gradient_clip_val': 0.8918334549200154, 'hidden_size': 18, 'dropout': 0.2029929438281227, 'hidden_continuous_size': 12, 'attention_head_size': 3, 'learning_rate': 0.009722809103783581}. Best is trial 7 with value: 1.152907371520996.
LOCAL_RANK: 0 - CUDA_VISIBLE_DEVICES: [0]
[I 2023-11-30 11:25:06,407] Trial 11 finished with value: 1.4035791158676147 and parameters: {'gradient_clip_val': 0.22195043527647798, 'hidden_size': 76, 'dropout': 0.22510695262121222, 'hidden_continuous_size': 74, 'attention_head_size': 4, 'learning_rate': 0.09220180060302836}. Best is trial 7 with value: 1.152907371520996.
LOCAL_RANK: 0 - CUDA_VISIBLE_DEVICES: [0]
[I 2023-11-30 11:25:19,310] Trial 12 finished with value: 1.2108869552612305 and parameters: {'gradient_clip_val': 0.25239409048143713, 'hidden_size': 41, 'dropout': 0.19939381867668302, 'hidden_continuous_size': 14, 'attention_head_size': 3, 'learning_rate': 0.00968094224158975}. Best is trial 7 with value: 1.152907371520996.
LOCAL_RANK: 0 - CUDA_VISIBLE_DEVICES: [0]
[I 2023-11-30 11:25:33,224] Trial 13 finished with value: 1.795770525932312 and parameters: {'gradient_clip_val': 0.4710751779078813, 'hidden_size': 100, 'dropout': 0.3943970769617565, 'hidden_continuous_size': 23, 'attention_head_size': 4, 'learning_rate': 0.023533917718227246}. Best is trial 7 with value: 1.152907371520996.
LOCAL_RANK: 0 - CUDA_VISIBLE_DEVICES: [0]
[I 2023-11-30 11:25:45,967] Trial 14 finished with value: 1.1915403604507446 and parameters: {'gradient_clip_val': 0.28733766343770367, 'hidden_size': 39, 'dropout': 0.32549685644674137, 'hidden_continuous_size': 13, 'attention_head_size': 2, 'learning_rate': 0.005758331660738693}. Best is trial 7 with value: 1.152907371520996.
LOCAL_RANK: 0 - CUDA_VISIBLE_DEVICES: [0]
[I 2023-11-30 11:25:59,295] Trial 15 finished with value: 1.1394271850585938 and parameters: {'gradient_clip_val': 0.6826830131129608, 'hidden_size': 57, 'dropout': 0.25034311665714915, 'hidden_continuous_size': 17, 'attention_head_size': 3, 'learning_rate': 0.0170449755484513}. Best is trial 15 with value: 1.1394271850585938.
LOCAL_RANK: 0 - CUDA_VISIBLE_DEVICES: [0]
[I 2023-11-30 11:26:12,426] Trial 16 finished with value: 1.2384450435638428 and parameters: {'gradient_clip_val': 0.7534056079735778, 'hidden_size': 51, 'dropout': 0.1720352531855222, 'hidden_continuous_size': 17, 'attention_head_size': 3, 'learning_rate': 0.005332080310027611}. Best is trial 15 with value: 1.1394271850585938.
LOCAL_RANK: 0 - CUDA_VISIBLE_DEVICES: [0]
[I 2023-11-30 11:26:24,855] Trial 17 finished with value: 0.9995043873786926 and parameters: {'gradient_clip_val': 0.7067151964707029, 'hidden_size': 28, 'dropout': 0.2487818827522968, 'hidden_continuous_size': 15, 'attention_head_size': 2, 'learning_rate': 0.016392679898180714}. Best is trial 17 with value: 0.9995043873786926.
LOCAL_RANK: 0 - CUDA_VISIBLE_DEVICES: [0]
[I 2023-11-30 11:26:37,317] Trial 18 finished with value: 2.208667278289795 and parameters: {'gradient_clip_val': 0.5479451716983667, 'hidden_size': 26, 'dropout': 0.24690809023366014, 'hidden_continuous_size': 15, 'attention_head_size': 2, 'learning_rate': 0.0010579513456768445}. Best is trial 17 with value: 0.9995043873786926.
LOCAL_RANK: 0 - CUDA_VISIBLE_DEVICES: [0]
[I 2023-11-30 11:26:49,447] Trial 19 finished with value: 1.2736650705337524 and parameters: {'gradient_clip_val': 0.6700576231378433, 'hidden_size': 18, 'dropout': 0.2519618217954988, 'hidden_continuous_size': 10, 'attention_head_size': 2, 'learning_rate': 0.015894190634024218}. Best is trial 17 with value: 0.9995043873786926.
LOCAL_RANK: 0 - CUDA_VISIBLE_DEVICES: [0]
[I 2023-11-30 11:27:01,998] Trial 20 finished with value: 1.2684744596481323 and parameters: {'gradient_clip_val': 0.45371950988408155, 'hidden_size': 31, 'dropout': 0.17947943492741245, 'hidden_continuous_size': 15, 'attention_head_size': 2, 'learning_rate': 0.007414373670750719}. Best is trial 17 with value: 0.9995043873786926.
LOCAL_RANK: 0 - CUDA_VISIBLE_DEVICES: [0]
[I 2023-11-30 11:27:15,091] Trial 21 finished with value: 1.1543105840682983 and parameters: {'gradient_clip_val': 0.7882916812806219, 'hidden_size': 45, 'dropout': 0.23435401746525306, 'hidden_continuous_size': 18, 'attention_head_size': 3, 'learning_rate': 0.01458206135893962}. Best is trial 17 with value: 0.9995043873786926.
LOCAL_RANK: 0 - CUDA_VISIBLE_DEVICES: [0]
[I 2023-11-30 11:27:27,702] Trial 22 finished with value: 1.0593045949935913 and parameters: {'gradient_clip_val': 0.7910838419762352, 'hidden_size': 31, 'dropout': 0.26983218051935104, 'hidden_continuous_size': 16, 'attention_head_size': 3, 'learning_rate': 0.011957329430215557}. Best is trial 17 with value: 0.9995043873786926.
LOCAL_RANK: 0 - CUDA_VISIBLE_DEVICES: [0]
[I 2023-11-30 11:27:40,186] Trial 23 finished with value: 1.1879863739013672 and parameters: {'gradient_clip_val': 0.9606073898671056, 'hidden_size': 31, 'dropout': 0.2735089108385607, 'hidden_continuous_size': 16, 'attention_head_size': 3, 'learning_rate': 0.02718222745226041}. Best is trial 17 with value: 0.9995043873786926.
LOCAL_RANK: 0 - CUDA_VISIBLE_DEVICES: [0]
[I 2023-11-30 11:27:53,434] Trial 24 finished with value: 0.946845293045044 and parameters: {'gradient_clip_val': 0.6326909819950641, 'hidden_size': 55, 'dropout': 0.29816065977368883, 'hidden_continuous_size': 13, 'attention_head_size': 3, 'learning_rate': 0.01209713241764195}. Best is trial 24 with value: 0.946845293045044.
LOCAL_RANK: 0 - CUDA_VISIBLE_DEVICES: [0]
[I 2023-11-30 11:28:05,857] Trial 25 finished with value: 1.2381919622421265 and parameters: {'gradient_clip_val': 0.8238594792949704, 'hidden_size': 31, 'dropout': 0.3014677187261421, 'hidden_continuous_size': 12, 'attention_head_size': 2, 'learning_rate': 0.011094173006833906}. Best is trial 24 with value: 0.946845293045044.
LOCAL_RANK: 0 - CUDA_VISIBLE_DEVICES: [0]
[I 2023-11-30 11:28:18,868] Trial 26 finished with value: 1.138542890548706 and parameters: {'gradient_clip_val': 0.5825388933449636, 'hidden_size': 45, 'dropout': 0.30405719090874367, 'hidden_continuous_size': 13, 'attention_head_size': 3, 'learning_rate': 0.007584277154717607}. Best is trial 24 with value: 0.946845293045044.
LOCAL_RANK: 0 - CUDA_VISIBLE_DEVICES: [0]
[I 2023-11-30 11:28:31,815] Trial 27 finished with value: 1.2459704875946045 and parameters: {'gradient_clip_val': 0.8633151812111229, 'hidden_size': 58, 'dropout': 0.27447091125717304, 'hidden_continuous_size': 11, 'attention_head_size': 2, 'learning_rate': 0.0037433027695253558}. Best is trial 24 with value: 0.946845293045044.
LOCAL_RANK: 0 - CUDA_VISIBLE_DEVICES: [0]
[I 2023-11-30 11:28:44,008] Trial 28 finished with value: 1.0960081815719604 and parameters: {'gradient_clip_val': 0.5276785977806274, 'hidden_size': 20, 'dropout': 0.25699631540910445, 'hidden_continuous_size': 14, 'attention_head_size': 3, 'learning_rate': 0.012386592659829582}. Best is trial 24 with value: 0.946845293045044.
LOCAL_RANK: 0 - CUDA_VISIBLE_DEVICES: [0]
[I 2023-11-30 11:28:57,326] Trial 29 finished with value: 1.184307336807251 and parameters: {'gradient_clip_val': 0.6927044561869676, 'hidden_size': 66, 'dropout': 0.29514691478735505, 'hidden_continuous_size': 19, 'attention_head_size': 2, 'learning_rate': 0.007521946862535723}. Best is trial 24 with value: 0.946845293045044.
LOCAL_RANK: 0 - CUDA_VISIBLE_DEVICES: [0]
[I 2023-11-30 11:29:09,963] Trial 30 finished with value: 1.3975292444229126 and parameters: {'gradient_clip_val': 0.6530065078344357, 'hidden_size': 35, 'dropout': 0.22645444660854994, 'hidden_continuous_size': 15, 'attention_head_size': 1, 'learning_rate': 0.01696299181444232}. Best is trial 24 with value: 0.946845293045044.
LOCAL_RANK: 0 - CUDA_VISIBLE_DEVICES: [0]
[I 2023-11-30 11:29:22,227] Trial 31 finished with value: 1.2494651079177856 and parameters: {'gradient_clip_val': 0.5203710972064237, 'hidden_size': 20, 'dropout': 0.2634146401171621, 'hidden_continuous_size': 14, 'attention_head_size': 3, 'learning_rate': 0.012857484228958186}. Best is trial 24 with value: 0.946845293045044.
LOCAL_RANK: 0 - CUDA_VISIBLE_DEVICES: [0]
[I 2023-11-30 11:29:34,775] Trial 32 finished with value: 1.1439156532287598 and parameters: {'gradient_clip_val': 0.7794373383185621, 'hidden_size': 27, 'dropout': 0.2558004378217454, 'hidden_continuous_size': 14, 'attention_head_size': 3, 'learning_rate': 0.021647513028094704}. Best is trial 24 with value: 0.946845293045044.
LOCAL_RANK: 0 - CUDA_VISIBLE_DEVICES: [0]
[I 2023-11-30 11:29:46,708] Trial 33 finished with value: 1.4380115270614624 and parameters: {'gradient_clip_val': 0.9978848442530462, 'hidden_size': 20, 'dropout': 0.2904155797251567, 'hidden_continuous_size': 13, 'attention_head_size': 3, 'learning_rate': 0.011104389643911495}. Best is trial 24 with value: 0.946845293045044.
LOCAL_RANK: 0 - CUDA_VISIBLE_DEVICES: [0]
[I 2023-11-30 11:29:58,886] Trial 34 finished with value: 1.1504050493240356 and parameters: {'gradient_clip_val': 0.47290077019438825, 'hidden_size': 16, 'dropout': 0.3207856005905122, 'hidden_continuous_size': 12, 'attention_head_size': 3, 'learning_rate': 0.030454216356266824}. Best is trial 24 with value: 0.946845293045044.
LOCAL_RANK: 0 - CUDA_VISIBLE_DEVICES: [0]
[I 2023-11-30 11:30:11,333] Trial 35 finished with value: 1.139577031135559 and parameters: {'gradient_clip_val': 0.39658501143374547, 'hidden_size': 23, 'dropout': 0.2764793217245288, 'hidden_continuous_size': 14, 'attention_head_size': 4, 'learning_rate': 0.02041929236710776}. Best is trial 24 with value: 0.946845293045044.
LOCAL_RANK: 0 - CUDA_VISIBLE_DEVICES: [0]
[I 2023-11-30 11:30:24,135] Trial 36 finished with value: 1.1173906326293945 and parameters: {'gradient_clip_val': 0.6172524536889287, 'hidden_size': 29, 'dropout': 0.26591494540711585, 'hidden_continuous_size': 16, 'attention_head_size': 3, 'learning_rate': 0.012921822947352272}. Best is trial 24 with value: 0.946845293045044.
LOCAL_RANK: 0 - CUDA_VISIBLE_DEVICES: [0]
[I 2023-11-30 11:30:36,382] Trial 37 finished with value: 1.4836673736572266 and parameters: {'gradient_clip_val': 0.5259736699975216, 'hidden_size': 23, 'dropout': 0.34358737902200776, 'hidden_continuous_size': 14, 'attention_head_size': 2, 'learning_rate': 0.03725708316244602}. Best is trial 24 with value: 0.946845293045044.
LOCAL_RANK: 0 - CUDA_VISIBLE_DEVICES: [0]
[I 2023-11-30 11:30:49,023] Trial 38 finished with value: 0.9950081706047058 and parameters: {'gradient_clip_val': 0.734725291963077, 'hidden_size': 35, 'dropout': 0.2884449079270052, 'hidden_continuous_size': 11, 'attention_head_size': 3, 'learning_rate': 0.009040224749819945}. Best is trial 24 with value: 0.946845293045044.
LOCAL_RANK: 0 - CUDA_VISIBLE_DEVICES: [0]
[I 2023-11-30 11:31:01,950] Trial 39 finished with value: 1.1737794876098633 and parameters: {'gradient_clip_val': 0.8656033084123356, 'hidden_size': 46, 'dropout': 0.2872789551769394, 'hidden_continuous_size': 10, 'attention_head_size': 4, 'learning_rate': 0.004987584408412377}. Best is trial 24 with value: 0.946845293045044.
LOCAL_RANK: 0 - CUDA_VISIBLE_DEVICES: [0]
[I 2023-11-30 11:31:14,432] Trial 40 finished with value: 1.1589938402175903 and parameters: {'gradient_clip_val': 0.7149129348762866, 'hidden_size': 35, 'dropout': 0.3075946844985411, 'hidden_continuous_size': 11, 'attention_head_size': 2, 'learning_rate': 0.008466881917125491}. Best is trial 24 with value: 0.946845293045044.
LOCAL_RANK: 0 - CUDA_VISIBLE_DEVICES: [0]
[I 2023-11-30 11:31:27,270] Trial 41 finished with value: 1.2034969329833984 and parameters: {'gradient_clip_val': 0.6117212090862812, 'hidden_size': 33, 'dropout': 0.28728927365929313, 'hidden_continuous_size': 12, 'attention_head_size': 3, 'learning_rate': 0.01362296798055819}. Best is trial 24 with value: 0.946845293045044.
LOCAL_RANK: 0 - CUDA_VISIBLE_DEVICES: [0]
[I 2023-11-30 11:31:39,788] Trial 42 finished with value: 1.1377153396606445 and parameters: {'gradient_clip_val': 0.7375903569211388, 'hidden_size': 26, 'dropout': 0.24203992999194493, 'hidden_continuous_size': 15, 'attention_head_size': 3, 'learning_rate': 0.009923908249716314}. Best is trial 24 with value: 0.946845293045044.
LOCAL_RANK: 0 - CUDA_VISIBLE_DEVICES: [0]
[I 2023-11-30 11:31:52,718] Trial 43 finished with value: 1.5036638975143433 and parameters: {'gradient_clip_val': 0.8591611462685877, 'hidden_size': 41, 'dropout': 0.2607233727033796, 'hidden_continuous_size': 17, 'attention_head_size': 3, 'learning_rate': 0.01824819757018114}. Best is trial 24 with value: 0.946845293045044.
LOCAL_RANK: 0 - CUDA_VISIBLE_DEVICES: [0]
[I 2023-11-30 11:32:05,020] Trial 44 finished with value: 1.3190739154815674 and parameters: {'gradient_clip_val': 0.608424371677128, 'hidden_size': 28, 'dropout': 0.28047578407782436, 'hidden_continuous_size': 13, 'attention_head_size': 3, 'learning_rate': 0.011419132796349802}. Best is trial 24 with value: 0.946845293045044.
LOCAL_RANK: 0 - CUDA_VISIBLE_DEVICES: [0]
[I 2023-11-30 11:32:17,642] Trial 45 finished with value: 1.1843489408493042 and parameters: {'gradient_clip_val': 0.6982830047335993, 'hidden_size': 36, 'dropout': 0.3142513255381521, 'hidden_continuous_size': 11, 'attention_head_size': 3, 'learning_rate': 0.014781041535416718}. Best is trial 24 with value: 0.946845293045044.
LOCAL_RANK: 0 - CUDA_VISIBLE_DEVICES: [0]
[I 2023-11-30 11:32:30,764] Trial 46 finished with value: 1.1261459589004517 and parameters: {'gradient_clip_val': 0.9373078822179525, 'hidden_size': 39, 'dropout': 0.33578221245003914, 'hidden_continuous_size': 18, 'attention_head_size': 4, 'learning_rate': 0.006366906928681399}. Best is trial 24 with value: 0.946845293045044.
LOCAL_RANK: 0 - CUDA_VISIBLE_DEVICES: [0]
[I 2023-11-30 11:32:43,260] Trial 47 finished with value: 1.2027655839920044 and parameters: {'gradient_clip_val': 0.8029694753367908, 'hidden_size': 29, 'dropout': 0.2355660703142124, 'hidden_continuous_size': 12, 'attention_head_size': 3, 'learning_rate': 0.009173614350820128}. Best is trial 24 with value: 0.946845293045044.
LOCAL_RANK: 0 - CUDA_VISIBLE_DEVICES: [0]
[I 2023-11-30 11:32:55,518] Trial 48 finished with value: 1.049338698387146 and parameters: {'gradient_clip_val': 0.5671359328334866, 'hidden_size': 24, 'dropout': 0.2950355613656043, 'hidden_continuous_size': 16, 'attention_head_size': 1, 'learning_rate': 0.02379632569559224}. Best is trial 24 with value: 0.946845293045044.
LOCAL_RANK: 0 - CUDA_VISIBLE_DEVICES: [0]
[I 2023-11-30 11:33:07,775] Trial 49 finished with value: 0.7538018226623535 and parameters: {'gradient_clip_val': 0.9192640488786897, 'hidden_size': 32, 'dropout': 0.2963560553405376, 'hidden_continuous_size': 16, 'attention_head_size': 1, 'learning_rate': 0.021069025636662866}. Best is trial 49 with value: 0.7538018226623535.
LOCAL_RANK: 0 - CUDA_VISIBLE_DEVICES: [0]
[I 2023-11-30 11:33:20,815] Trial 50 finished with value: 1.1871925592422485 and parameters: {'gradient_clip_val': 0.9126672808265858, 'hidden_size': 50, 'dropout': 0.3128564555047025, 'hidden_continuous_size': 22, 'attention_head_size': 1, 'learning_rate': 0.024516063248918772}. Best is trial 49 with value: 0.7538018226623535.
LOCAL_RANK: 0 - CUDA_VISIBLE_DEVICES: [0]
[I 2023-11-30 11:33:33,082] Trial 51 finished with value: 1.2147823572158813 and parameters: {'gradient_clip_val': 0.7460030597007269, 'hidden_size': 24, 'dropout': 0.2993063608590342, 'hidden_continuous_size': 16, 'attention_head_size': 1, 'learning_rate': 0.01912045849953895}. Best is trial 49 with value: 0.7538018226623535.
LOCAL_RANK: 0 - CUDA_VISIBLE_DEVICES: [0]
[I 2023-11-30 11:33:45,764] Trial 52 finished with value: 1.2582374811172485 and parameters: {'gradient_clip_val': 0.6430195232042791, 'hidden_size': 34, 'dropout': 0.28890519895954914, 'hidden_continuous_size': 16, 'attention_head_size': 1, 'learning_rate': 0.03101709069968648}. Best is trial 49 with value: 0.7538018226623535.
LOCAL_RANK: 0 - CUDA_VISIBLE_DEVICES: [0]
[I 2023-11-30 11:33:58,387] Trial 53 finished with value: 1.2786084413528442 and parameters: {'gradient_clip_val': 0.8175220219302697, 'hidden_size': 40, 'dropout': 0.2688216370235107, 'hidden_continuous_size': 18, 'attention_head_size': 1, 'learning_rate': 0.021239530179105896}. Best is trial 49 with value: 0.7538018226623535.
LOCAL_RANK: 0 - CUDA_VISIBLE_DEVICES: [0]
