[I 2023-11-30 13:27:33,328] Trial 126 finished with value: 0.1689302921295166 and parameters: {'gradient_clip_val': 0.5089979097697688, 'hidden_size': 97, 'dropout': 0.3136391564346005, 'hidden_continuous_size': 46, 'attention_head_size': 2, 'learning_rate': 0.01947608462121126}. Best is trial 82 with value: 0.059888869524002075.
LOCAL_RANK: 0 - CUDA_VISIBLE_DEVICES: [0]
[I 2023-11-30 13:27:47,161] Trial 127 finished with value: 0.16140545904636383 and parameters: {'gradient_clip_val': 0.5670820295514567, 'hidden_size': 75, 'dropout': 0.3521522057580328, 'hidden_continuous_size': 43, 'attention_head_size': 2, 'learning_rate': 0.03163852170093661}. Best is trial 82 with value: 0.059888869524002075.
LOCAL_RANK: 0 - CUDA_VISIBLE_DEVICES: [0]
[I 2023-11-30 13:28:00,749] Trial 128 finished with value: 0.08828342705965042 and parameters: {'gradient_clip_val': 0.34826416346074446, 'hidden_size': 92, 'dropout': 0.3654242681802058, 'hidden_continuous_size': 38, 'attention_head_size': 1, 'learning_rate': 0.017830081935967666}. Best is trial 82 with value: 0.059888869524002075.
LOCAL_RANK: 0 - CUDA_VISIBLE_DEVICES: [0]
[I 2023-11-30 13:28:14,439] Trial 129 finished with value: 0.1382451355457306 and parameters: {'gradient_clip_val': 0.4362942082904984, 'hidden_size': 71, 'dropout': 0.3242523482274035, 'hidden_continuous_size': 41, 'attention_head_size': 2, 'learning_rate': 0.028233727678835}. Best is trial 82 with value: 0.059888869524002075.
LOCAL_RANK: 0 - CUDA_VISIBLE_DEVICES: [0]
[I 2023-11-30 13:28:28,557] Trial 130 finished with value: 0.13384990394115448 and parameters: {'gradient_clip_val': 0.615861305221569, 'hidden_size': 86, 'dropout': 0.3874982966738886, 'hidden_continuous_size': 47, 'attention_head_size': 2, 'learning_rate': 0.036434111212267355}. Best is trial 82 with value: 0.059888869524002075.
LOCAL_RANK: 0 - CUDA_VISIBLE_DEVICES: [0]
[I 2023-11-30 13:28:42,115] Trial 131 finished with value: 0.1642906218767166 and parameters: {'gradient_clip_val': 0.49217417987368317, 'hidden_size': 80, 'dropout': 0.3358684694309117, 'hidden_continuous_size': 35, 'attention_head_size': 2, 'learning_rate': 0.024455610876760247}. Best is trial 82 with value: 0.059888869524002075.
LOCAL_RANK: 0 - CUDA_VISIBLE_DEVICES: [0]
[I 2023-11-30 13:28:55,501] Trial 132 finished with value: 0.08266627788543701 and parameters: {'gradient_clip_val': 0.5231503950139931, 'hidden_size': 67, 'dropout': 0.34315795767744667, 'hidden_continuous_size': 19, 'attention_head_size': 2, 'learning_rate': 0.021110746976328507}. Best is trial 82 with value: 0.059888869524002075.
LOCAL_RANK: 0 - CUDA_VISIBLE_DEVICES: [0]
[I 2023-11-30 13:29:09,112] Trial 133 finished with value: 0.0938740149140358 and parameters: {'gradient_clip_val': 0.47013807369728156, 'hidden_size': 76, 'dropout': 0.3373020284540412, 'hidden_continuous_size': 33, 'attention_head_size': 2, 'learning_rate': 0.022678753064963378}. Best is trial 82 with value: 0.059888869524002075.
LOCAL_RANK: 0 - CUDA_VISIBLE_DEVICES: [0]
[I 2023-11-30 13:29:22,885] Trial 134 finished with value: 0.12133600562810898 and parameters: {'gradient_clip_val': 0.41386025488012324, 'hidden_size': 101, 'dropout': 0.3302166940862702, 'hidden_continuous_size': 30, 'attention_head_size': 1, 'learning_rate': 0.014147636255126024}. Best is trial 82 with value: 0.059888869524002075.
LOCAL_RANK: 0 - CUDA_VISIBLE_DEVICES: [0]
[I 2023-11-30 13:29:37,040] Trial 135 finished with value: 0.09527479857206345 and parameters: {'gradient_clip_val': 0.5650787801989738, 'hidden_size': 94, 'dropout': 0.35665483004163007, 'hidden_continuous_size': 44, 'attention_head_size': 2, 'learning_rate': 0.027127477043648596}. Best is trial 82 with value: 0.059888869524002075.
LOCAL_RANK: 0 - CUDA_VISIBLE_DEVICES: [0]
[I 2023-11-30 13:29:50,660] Trial 136 finished with value: 0.08745738863945007 and parameters: {'gradient_clip_val': 0.44719986957240987, 'hidden_size': 71, 'dropout': 0.3477694247880411, 'hidden_continuous_size': 41, 'attention_head_size': 1, 'learning_rate': 0.04137944223766175}. Best is trial 82 with value: 0.059888869524002075.
LOCAL_RANK: 0 - CUDA_VISIBLE_DEVICES: [0]
[I 2023-11-30 13:30:04,700] Trial 137 finished with value: 0.11744660884141922 and parameters: {'gradient_clip_val': 0.3912623661895194, 'hidden_size': 110, 'dropout': 0.31759686989139496, 'hidden_continuous_size': 36, 'attention_head_size': 2, 'learning_rate': 0.0328819147922513}. Best is trial 82 with value: 0.059888869524002075.
LOCAL_RANK: 0 - CUDA_VISIBLE_DEVICES: [0]
[I 2023-11-30 13:30:18,905] Trial 138 finished with value: 0.1324227899312973 and parameters: {'gradient_clip_val': 0.5327081156799283, 'hidden_size': 119, 'dropout': 0.37296357877810693, 'hidden_continuous_size': 51, 'attention_head_size': 3, 'learning_rate': 0.05310148511008247}. Best is trial 82 with value: 0.059888869524002075.
LOCAL_RANK: 0 - CUDA_VISIBLE_DEVICES: [0]
[I 2023-11-30 13:30:31,870] Trial 139 finished with value: 0.07567691802978516 and parameters: {'gradient_clip_val': 0.5856484615481024, 'hidden_size': 56, 'dropout': 0.3400193355641831, 'hidden_continuous_size': 16, 'attention_head_size': 2, 'learning_rate': 0.06789779091236792}. Best is trial 82 with value: 0.059888869524002075.
LOCAL_RANK: 0 - CUDA_VISIBLE_DEVICES: [0]
[I 2023-11-30 13:30:45,685] Trial 140 finished with value: 0.10275447368621826 and parameters: {'gradient_clip_val': 0.35780529797960553, 'hidden_size': 87, 'dropout': 0.3634773096450248, 'hidden_continuous_size': 17, 'attention_head_size': 2, 'learning_rate': 0.07292834617560723}. Best is trial 82 with value: 0.059888869524002075.
LOCAL_RANK: 0 - CUDA_VISIBLE_DEVICES: [0]
[I 2023-11-30 13:30:58,567] Trial 141 finished with value: 0.09666993468999863 and parameters: {'gradient_clip_val': 0.6429764090504855, 'hidden_size': 56, 'dropout': 0.3262224525955135, 'hidden_continuous_size': 14, 'attention_head_size': 2, 'learning_rate': 0.08015938692760588}. Best is trial 82 with value: 0.059888869524002075.
LOCAL_RANK: 0 - CUDA_VISIBLE_DEVICES: [0]
[I 2023-11-30 13:31:12,270] Trial 142 finished with value: 0.07591148465871811 and parameters: {'gradient_clip_val': 0.5788121768608208, 'hidden_size': 66, 'dropout': 0.33810776741770454, 'hidden_continuous_size': 39, 'attention_head_size': 2, 'learning_rate': 0.06372403614794023}. Best is trial 82 with value: 0.059888869524002075.
LOCAL_RANK: 0 - CUDA_VISIBLE_DEVICES: [0]
[I 2023-11-30 13:31:25,814] Trial 143 finished with value: 0.09391805529594421 and parameters: {'gradient_clip_val': 0.5891667006518327, 'hidden_size': 64, 'dropout': 0.35202890199687376, 'hidden_continuous_size': 39, 'attention_head_size': 2, 'learning_rate': 0.06562959280787069}. Best is trial 82 with value: 0.059888869524002075.
LOCAL_RANK: 0 - CUDA_VISIBLE_DEVICES: [0]
[I 2023-11-30 13:31:39,161] Trial 144 finished with value: 0.08095712214708328 and parameters: {'gradient_clip_val': 0.6666345792236069, 'hidden_size': 80, 'dropout': 0.3414789318591535, 'hidden_continuous_size': 15, 'attention_head_size': 2, 'learning_rate': 0.029283598107518606}. Best is trial 82 with value: 0.059888869524002075.
LOCAL_RANK: 0 - CUDA_VISIBLE_DEVICES: [0]
[I 2023-11-30 13:31:52,736] Trial 145 finished with value: 0.10637626051902771 and parameters: {'gradient_clip_val': 0.6104556564371643, 'hidden_size': 60, 'dropout': 0.34737899491786056, 'hidden_continuous_size': 24, 'attention_head_size': 2, 'learning_rate': 0.06210329456355683}. Best is trial 82 with value: 0.059888869524002075.
LOCAL_RANK: 0 - CUDA_VISIBLE_DEVICES: [0]
[I 2023-11-30 13:32:06,342] Trial 146 finished with value: 0.15129612386226654 and parameters: {'gradient_clip_val': 0.5039461949568237, 'hidden_size': 69, 'dropout': 0.35833457473984504, 'hidden_continuous_size': 44, 'attention_head_size': 2, 'learning_rate': 0.06999178626058401}. Best is trial 82 with value: 0.059888869524002075.
LOCAL_RANK: 0 - CUDA_VISIBLE_DEVICES: [0]
[I 2023-11-30 13:32:20,067] Trial 147 finished with value: 0.08694463223218918 and parameters: {'gradient_clip_val': 0.5518905138025166, 'hidden_size': 74, 'dropout': 0.3349884358244798, 'hidden_continuous_size': 38, 'attention_head_size': 2, 'learning_rate': 0.04942498931870791}. Best is trial 82 with value: 0.059888869524002075.
LOCAL_RANK: 0 - CUDA_VISIBLE_DEVICES: [0]
[I 2023-11-30 13:32:32,976] Trial 148 finished with value: 0.09819680452346802 and parameters: {'gradient_clip_val': 0.6868476092167881, 'hidden_size': 64, 'dropout': 0.33009698850782665, 'hidden_continuous_size': 13, 'attention_head_size': 2, 'learning_rate': 0.05878582130546045}. Best is trial 82 with value: 0.059888869524002075.
LOCAL_RANK: 0 - CUDA_VISIBLE_DEVICES: [0]
[I 2023-11-30 13:32:46,921] Trial 149 finished with value: 0.08172932267189026 and parameters: {'gradient_clip_val': 0.5961659000088806, 'hidden_size': 83, 'dropout': 0.3993951216140128, 'hidden_continuous_size': 42, 'attention_head_size': 2, 'learning_rate': 0.024485996492763767}. Best is trial 82 with value: 0.059888869524002075.
[I 2023-11-30 13:32:47,034] A new study created in memory with name: no-name-0a18ce9a-cb1b-40e2-b7f8-c8c352a62561
/home/le004/conda/anaconda3/envs/tsff_env/lib/python3.9/site-packages/lightning/fabric/plugins/environments/slurm.py:191: The `srun` command is available on your system but is not used. HINT: If your intention is to run Lightning on SLURM, prepend your python command with `srun` like so: srun python /home/le004/master_thesis/git/TSFusionForecast/code/ ...
LOCAL_RANK: 0 - CUDA_VISIBLE_DEVICES: [0]
[I 2023-11-30 13:32:59,660] Trial 0 finished with value: 0.22355477511882782 and parameters: {'gradient_clip_val': 0.375649484184365, 'hidden_size': 29, 'dropout': 0.2647154665861459, 'hidden_continuous_size': 12, 'attention_head_size': 4, 'learning_rate': 0.01750343821793137}. Best is trial 0 with value: 0.22355477511882782.
LOCAL_RANK: 0 - CUDA_VISIBLE_DEVICES: [0]
[I 2023-11-30 13:33:12,046] Trial 1 finished with value: 0.673057496547699 and parameters: {'gradient_clip_val': 0.14449920704202765, 'hidden_size': 20, 'dropout': 0.25753919083631654, 'hidden_continuous_size': 12, 'attention_head_size': 4, 'learning_rate': 0.020978306066064295}. Best is trial 0 with value: 0.22355477511882782.
LOCAL_RANK: 0 - CUDA_VISIBLE_DEVICES: [0]
[I 2023-11-30 13:33:24,969] Trial 2 finished with value: 0.36553671956062317 and parameters: {'gradient_clip_val': 0.17849558596645015, 'hidden_size': 41, 'dropout': 0.30348159098900007, 'hidden_continuous_size': 16, 'attention_head_size': 3, 'learning_rate': 0.02607230658977453}. Best is trial 0 with value: 0.22355477511882782.
LOCAL_RANK: 0 - CUDA_VISIBLE_DEVICES: [0]
[I 2023-11-30 13:33:37,891] Trial 3 finished with value: 0.25292518734931946 and parameters: {'gradient_clip_val': 0.39684381081295217, 'hidden_size': 41, 'dropout': 0.21382473496086407, 'hidden_continuous_size': 32, 'attention_head_size': 2, 'learning_rate': 0.018754886888819152}. Best is trial 0 with value: 0.22355477511882782.
LOCAL_RANK: 0 - CUDA_VISIBLE_DEVICES: [0]
[I 2023-11-30 13:33:52,804] Trial 4 finished with value: 0.17377550899982452 and parameters: {'gradient_clip_val': 0.1633421017884058, 'hidden_size': 122, 'dropout': 0.20323343905164976, 'hidden_continuous_size': 44, 'attention_head_size': 3, 'learning_rate': 0.01454711502953277}. Best is trial 4 with value: 0.17377550899982452.
LOCAL_RANK: 0 - CUDA_VISIBLE_DEVICES: [0]
[I 2023-11-30 13:34:04,803] Trial 5 finished with value: 1.50910484790802 and parameters: {'gradient_clip_val': 0.28296563669599867, 'hidden_size': 34, 'dropout': 0.22862009869062874, 'hidden_continuous_size': 34, 'attention_head_size': 4, 'learning_rate': 0.0017709104950087854}. Best is trial 4 with value: 0.17377550899982452.
LOCAL_RANK: 0 - CUDA_VISIBLE_DEVICES: [0]
[I 2023-11-30 13:34:18,266] Trial 6 finished with value: 0.615533173084259 and parameters: {'gradient_clip_val': 0.10581823034329198, 'hidden_size': 40, 'dropout': 0.29967950338677746, 'hidden_continuous_size': 38, 'attention_head_size': 1, 'learning_rate': 0.005116143127597733}. Best is trial 4 with value: 0.17377550899982452.
LOCAL_RANK: 0 - CUDA_VISIBLE_DEVICES: [0]
[I 2023-11-30 13:34:31,759] Trial 7 finished with value: 0.24318905174732208 and parameters: {'gradient_clip_val': 0.16516121407337797, 'hidden_size': 65, 'dropout': 0.35590286997415654, 'hidden_continuous_size': 10, 'attention_head_size': 2, 'learning_rate': 0.006833291903452592}. Best is trial 4 with value: 0.17377550899982452.
LOCAL_RANK: 0 - CUDA_VISIBLE_DEVICES: [0]
[I 2023-11-30 13:34:46,057] Trial 8 finished with value: 0.11196351051330566 and parameters: {'gradient_clip_val': 0.7213087681687911, 'hidden_size': 62, 'dropout': 0.3791122093616798, 'hidden_continuous_size': 54, 'attention_head_size': 3, 'learning_rate': 0.07172788258320922}. Best is trial 8 with value: 0.11196351051330566.
LOCAL_RANK: 0 - CUDA_VISIBLE_DEVICES: [0]
[I 2023-11-30 13:35:01,383] Trial 9 finished with value: 0.11978695541620255 and parameters: {'gradient_clip_val': 0.2532771563519708, 'hidden_size': 125, 'dropout': 0.35758745608729126, 'hidden_continuous_size': 118, 'attention_head_size': 2, 'learning_rate': 0.021602906422338704}. Best is trial 8 with value: 0.11196351051330566.
LOCAL_RANK: 0 - CUDA_VISIBLE_DEVICES: [0]
[I 2023-11-30 13:35:12,699] Trial 10 finished with value: 0.2412111759185791 and parameters: {'gradient_clip_val': 0.8331400392203151, 'hidden_size': 10, 'dropout': 0.1267456494670855, 'hidden_continuous_size': 10, 'attention_head_size': 1, 'learning_rate': 0.06703970765501518}. Best is trial 8 with value: 0.11196351051330566.
LOCAL_RANK: 0 - CUDA_VISIBLE_DEVICES: [0]
[I 2023-11-30 13:35:28,495] Trial 11 finished with value: 0.2255045622587204 and parameters: {'gradient_clip_val': 0.9620334614416477, 'hidden_size': 146, 'dropout': 0.399375503595372, 'hidden_continuous_size': 130, 'attention_head_size': 2, 'learning_rate': 0.09550988490360064}. Best is trial 8 with value: 0.11196351051330566.
LOCAL_RANK: 0 - CUDA_VISIBLE_DEVICES: [0]
[I 2023-11-30 13:35:40,025] Trial 12 finished with value: 0.13153256475925446 and parameters: {'gradient_clip_val': 0.5912079332838858, 'hidden_size': 86, 'dropout': 0.39894209709718464, 'hidden_continuous_size': 86, 'attention_head_size': 3, 'learning_rate': 0.04506906584563897}. Best is trial 8 with value: 0.11196351051330566.
LOCAL_RANK: 0 - CUDA_VISIBLE_DEVICES: [0]
[I 2023-11-30 13:35:54,696] Trial 13 finished with value: 0.12727633118629456 and parameters: {'gradient_clip_val': 0.5736862268490129, 'hidden_size': 84, 'dropout': 0.3483037742279653, 'hidden_continuous_size': 55, 'attention_head_size': 2, 'learning_rate': 0.04886508160043261}. Best is trial 8 with value: 0.11196351051330566.
LOCAL_RANK: 0 - CUDA_VISIBLE_DEVICES: [0]
[I 2023-11-30 13:36:09,357] Trial 14 finished with value: 0.12764577567577362 and parameters: {'gradient_clip_val': 0.24716864508114544, 'hidden_size': 103, 'dropout': 0.35383402847187034, 'hidden_continuous_size': 61, 'attention_head_size': 3, 'learning_rate': 0.038570307494453726}. Best is trial 8 with value: 0.11196351051330566.
LOCAL_RANK: 0 - CUDA_VISIBLE_DEVICES: [0]
[I 2023-11-30 13:36:23,043] Trial 15 finished with value: 0.1721571683883667 and parameters: {'gradient_clip_val': 0.2452002098997631, 'hidden_size': 64, 'dropout': 0.32401723528285004, 'hidden_continuous_size': 24, 'attention_head_size': 1, 'learning_rate': 0.07233569914992591}. Best is trial 8 with value: 0.11196351051330566.
LOCAL_RANK: 0 - CUDA_VISIBLE_DEVICES: [0]
[I 2023-11-30 13:36:37,966] Trial 16 finished with value: 0.10467825084924698 and parameters: {'gradient_clip_val': 0.4956723799164064, 'hidden_size': 144, 'dropout': 0.3839068877947138, 'hidden_continuous_size': 125, 'attention_head_size': 2, 'learning_rate': 0.03397477260062632}. Best is trial 16 with value: 0.10467825084924698.
LOCAL_RANK: 0 - CUDA_VISIBLE_DEVICES: [0]
[I 2023-11-30 13:36:53,304] Trial 17 finished with value: 0.14944027364253998 and parameters: {'gradient_clip_val': 0.6200154194595972, 'hidden_size': 144, 'dropout': 0.3927982367208109, 'hidden_continuous_size': 90, 'attention_head_size': 3, 'learning_rate': 0.0949097689275851}. Best is trial 16 with value: 0.10467825084924698.
LOCAL_RANK: 0 - CUDA_VISIBLE_DEVICES: [0]
[I 2023-11-30 13:37:07,744] Trial 18 finished with value: 0.1628427952528 and parameters: {'gradient_clip_val': 0.46174759100620183, 'hidden_size': 61, 'dropout': 0.3182095271491081, 'hidden_continuous_size': 27, 'attention_head_size': 2, 'learning_rate': 0.03948727675418792}. Best is trial 16 with value: 0.10467825084924698.
LOCAL_RANK: 0 - CUDA_VISIBLE_DEVICES: [0]
[I 2023-11-30 13:37:23,259] Trial 19 finished with value: 0.1080586239695549 and parameters: {'gradient_clip_val': 0.7631679028623439, 'hidden_size': 93, 'dropout': 0.3756916506885179, 'hidden_continuous_size': 53, 'attention_head_size': 3, 'learning_rate': 0.0327438524434434}. Best is trial 16 with value: 0.10467825084924698.
LOCAL_RANK: 0 - CUDA_VISIBLE_DEVICES: [0]
[I 2023-11-30 13:37:38,619] Trial 20 finished with value: 0.21199841797351837 and parameters: {'gradient_clip_val': 0.9676546063904131, 'hidden_size': 100, 'dropout': 0.3701501731608226, 'hidden_continuous_size': 68, 'attention_head_size': 4, 'learning_rate': 0.01059774707786533}. Best is trial 16 with value: 0.10467825084924698.
LOCAL_RANK: 0 - CUDA_VISIBLE_DEVICES: [0]
[I 2023-11-30 13:37:53,127] Trial 21 finished with value: 0.11828044056892395 and parameters: {'gradient_clip_val': 0.7130717842837764, 'hidden_size': 78, 'dropout': 0.37355228927223555, 'hidden_continuous_size': 40, 'attention_head_size': 3, 'learning_rate': 0.031081472686535827}. Best is trial 16 with value: 0.10467825084924698.
LOCAL_RANK: 0 - CUDA_VISIBLE_DEVICES: [0]
[I 2023-11-30 13:38:07,939] Trial 22 finished with value: 0.14287252724170685 and parameters: {'gradient_clip_val': 0.7165402707825472, 'hidden_size': 104, 'dropout': 0.337337626892678, 'hidden_continuous_size': 50, 'attention_head_size': 3, 'learning_rate': 0.0591498743779734}. Best is trial 16 with value: 0.10467825084924698.
LOCAL_RANK: 0 - CUDA_VISIBLE_DEVICES: [0]
[I 2023-11-30 13:38:23,572] Trial 23 finished with value: 0.16191327571868896 and parameters: {'gradient_clip_val': 0.5139727258364165, 'hidden_size': 145, 'dropout': 0.38413646743624924, 'hidden_continuous_size': 73, 'attention_head_size': 3, 'learning_rate': 0.0319225826874085}. Best is trial 16 with value: 0.10467825084924698.
LOCAL_RANK: 0 - CUDA_VISIBLE_DEVICES: [0]
[I 2023-11-30 13:38:37,943] Trial 24 finished with value: 0.14650650322437286 and parameters: {'gradient_clip_val': 0.7630573407872757, 'hidden_size': 55, 'dropout': 0.37573521520863734, 'hidden_continuous_size': 31, 'attention_head_size': 2, 'learning_rate': 0.05469594883810787}. Best is trial 16 with value: 0.10467825084924698.
LOCAL_RANK: 0 - CUDA_VISIBLE_DEVICES: [0]
[I 2023-11-30 13:38:52,644] Trial 25 finished with value: 0.2154790610074997 and parameters: {'gradient_clip_val': 0.4741731473951793, 'hidden_size': 78, 'dropout': 0.3314250853345969, 'hidden_continuous_size': 52, 'attention_head_size': 3, 'learning_rate': 0.03062229309652933}. Best is trial 16 with value: 0.10467825084924698.
LOCAL_RANK: 0 - CUDA_VISIBLE_DEVICES: [0]
[I 2023-11-30 13:39:07,269] Trial 26 finished with value: 0.19345080852508545 and parameters: {'gradient_clip_val': 0.6537173851426946, 'hidden_size': 112, 'dropout': 0.3749143628095467, 'hidden_continuous_size': 64, 'attention_head_size': 4, 'learning_rate': 0.07092163317459066}. Best is trial 16 with value: 0.10467825084924698.
LOCAL_RANK: 0 - CUDA_VISIBLE_DEVICES: [0]
[I 2023-11-30 13:39:22,235] Trial 27 finished with value: 0.1303531378507614 and parameters: {'gradient_clip_val': 0.8508525807522795, 'hidden_size': 95, 'dropout': 0.3436466076069849, 'hidden_continuous_size': 45, 'attention_head_size': 2, 'learning_rate': 0.04441648304978271}. Best is trial 16 with value: 0.10467825084924698.
LOCAL_RANK: 0 - CUDA_VISIBLE_DEVICES: [0]
[I 2023-11-30 13:39:37,407] Trial 28 finished with value: 0.15945690870285034 and parameters: {'gradient_clip_val': 0.5485456878285659, 'hidden_size': 120, 'dropout': 0.3994507212003356, 'hidden_continuous_size': 97, 'attention_head_size': 1, 'learning_rate': 0.026862684063279484}. Best is trial 16 with value: 0.10467825084924698.
LOCAL_RANK: 0 - CUDA_VISIBLE_DEVICES: [0]
[I 2023-11-30 13:39:51,775] Trial 29 finished with value: 0.2530258595943451 and parameters: {'gradient_clip_val': 0.3978251933501653, 'hidden_size': 49, 'dropout': 0.2835666535932322, 'hidden_continuous_size': 37, 'attention_head_size': 4, 'learning_rate': 0.01356398349465476}. Best is trial 16 with value: 0.10467825084924698.
LOCAL_RANK: 0 - CUDA_VISIBLE_DEVICES: [0]
[I 2023-11-30 13:40:06,159] Trial 30 finished with value: 0.21409447491168976 and parameters: {'gradient_clip_val': 0.6612747400786703, 'hidden_size': 76, 'dropout': 0.36416285811481824, 'hidden_continuous_size': 56, 'attention_head_size': 3, 'learning_rate': 0.08379086920147504}. Best is trial 16 with value: 0.10467825084924698.
LOCAL_RANK: 0 - CUDA_VISIBLE_DEVICES: [0]
[I 2023-11-30 13:40:20,628] Trial 31 finished with value: 0.09757973998785019 and parameters: {'gradient_clip_val': 0.7528341538243998, 'hidden_size': 79, 'dropout': 0.37530167655381746, 'hidden_continuous_size': 46, 'attention_head_size': 3, 'learning_rate': 0.03257836902416839}. Best is trial 31 with value: 0.09757973998785019.
LOCAL_RANK: 0 - CUDA_VISIBLE_DEVICES: [0]
[I 2023-11-30 13:40:35,641] Trial 32 finished with value: 0.11528805643320084 and parameters: {'gradient_clip_val': 0.7945729416509225, 'hidden_size': 90, 'dropout': 0.3821125704017704, 'hidden_continuous_size': 47, 'attention_head_size': 3, 'learning_rate': 0.05726672936557627}. Best is trial 31 with value: 0.09757973998785019.
LOCAL_RANK: 0 - CUDA_VISIBLE_DEVICES: [0]
