[I 2023-11-30 05:53:23,354] Trial 49 finished with value: 0.12810134887695312 and parameters: {'gradient_clip_val': 0.9135248290218505, 'hidden_size': 31, 'dropout': 0.23983202753423274, 'hidden_continuous_size': 16, 'attention_head_size': 3, 'learning_rate': 0.033835894385771205}. Best is trial 44 with value: 0.057780470699071884.
LOCAL_RANK: 0 - CUDA_VISIBLE_DEVICES: [0]
[I 2023-11-30 05:53:36,901] Trial 50 finished with value: 0.08759406954050064 and parameters: {'gradient_clip_val': 0.8273500845234065, 'hidden_size': 60, 'dropout': 0.30972096044141917, 'hidden_continuous_size': 24, 'attention_head_size': 4, 'learning_rate': 0.07647779390624738}. Best is trial 44 with value: 0.057780470699071884.
LOCAL_RANK: 0 - CUDA_VISIBLE_DEVICES: [0]
[I 2023-11-30 05:53:49,599] Trial 51 finished with value: 0.08866211771965027 and parameters: {'gradient_clip_val': 0.685020397414957, 'hidden_size': 40, 'dropout': 0.23099070127862442, 'hidden_continuous_size': 15, 'attention_head_size': 4, 'learning_rate': 0.09297074628048078}. Best is trial 44 with value: 0.057780470699071884.
LOCAL_RANK: 0 - CUDA_VISIBLE_DEVICES: [0]
[I 2023-11-30 05:54:02,457] Trial 52 finished with value: 0.07366340607404709 and parameters: {'gradient_clip_val': 0.6035014240222766, 'hidden_size': 35, 'dropout': 0.2538015037871269, 'hidden_continuous_size': 17, 'attention_head_size': 4, 'learning_rate': 0.04038793211757993}. Best is trial 44 with value: 0.057780470699071884.
LOCAL_RANK: 0 - CUDA_VISIBLE_DEVICES: [0]
[I 2023-11-30 05:54:15,486] Trial 53 finished with value: 0.07495129108428955 and parameters: {'gradient_clip_val': 0.7770376947098541, 'hidden_size': 46, 'dropout': 0.20845327764157723, 'hidden_continuous_size': 13, 'attention_head_size': 4, 'learning_rate': 0.06268538381288889}. Best is trial 44 with value: 0.057780470699071884.
LOCAL_RANK: 0 - CUDA_VISIBLE_DEVICES: [0]
[I 2023-11-30 05:54:28,216] Trial 54 finished with value: 0.0517381876707077 and parameters: {'gradient_clip_val': 0.9964176089709021, 'hidden_size': 54, 'dropout': 0.23233184618021716, 'hidden_continuous_size': 11, 'attention_head_size': 2, 'learning_rate': 0.049559947001230495}. Best is trial 54 with value: 0.0517381876707077.
LOCAL_RANK: 0 - CUDA_VISIBLE_DEVICES: [0]
[I 2023-11-30 05:54:41,154] Trial 55 finished with value: 0.06491854786872864 and parameters: {'gradient_clip_val': 0.9996610166623289, 'hidden_size': 54, 'dropout': 0.26789550178504173, 'hidden_continuous_size': 10, 'attention_head_size': 2, 'learning_rate': 0.05087330941571424}. Best is trial 54 with value: 0.0517381876707077.
LOCAL_RANK: 0 - CUDA_VISIBLE_DEVICES: [0]
[I 2023-11-30 05:54:54,233] Trial 56 finished with value: 0.0900815948843956 and parameters: {'gradient_clip_val': 0.9159364721639651, 'hidden_size': 72, 'dropout': 0.2332764721338158, 'hidden_continuous_size': 11, 'attention_head_size': 2, 'learning_rate': 0.03062100688402382}. Best is trial 54 with value: 0.0517381876707077.
LOCAL_RANK: 0 - CUDA_VISIBLE_DEVICES: [0]
[I 2023-11-30 05:55:07,521] Trial 57 finished with value: 0.12513209879398346 and parameters: {'gradient_clip_val': 0.823196321370008, 'hidden_size': 83, 'dropout': 0.2175339886002269, 'hidden_continuous_size': 11, 'attention_head_size': 2, 'learning_rate': 0.0803843531014836}. Best is trial 54 with value: 0.0517381876707077.
LOCAL_RANK: 0 - CUDA_VISIBLE_DEVICES: [0]
[I 2023-11-30 05:55:20,604] Trial 58 finished with value: 0.11081794649362564 and parameters: {'gradient_clip_val': 0.7170371732847854, 'hidden_size': 67, 'dropout': 0.20181918378029898, 'hidden_continuous_size': 12, 'attention_head_size': 2, 'learning_rate': 0.023333707493231787}. Best is trial 54 with value: 0.0517381876707077.
LOCAL_RANK: 0 - CUDA_VISIBLE_DEVICES: [0]
[I 2023-11-30 05:55:33,662] Trial 59 finished with value: 0.07423917949199677 and parameters: {'gradient_clip_val': 0.6532008036203762, 'hidden_size': 62, 'dropout': 0.2499774594330646, 'hidden_continuous_size': 13, 'attention_head_size': 2, 'learning_rate': 0.0336983784662802}. Best is trial 54 with value: 0.0517381876707077.
LOCAL_RANK: 0 - CUDA_VISIBLE_DEVICES: [0]
[I 2023-11-30 05:55:46,903] Trial 60 finished with value: 0.10613542795181274 and parameters: {'gradient_clip_val': 0.57677768364493, 'hidden_size': 53, 'dropout': 0.18718981702134327, 'hidden_continuous_size': 14, 'attention_head_size': 3, 'learning_rate': 0.04277263992294421}. Best is trial 54 with value: 0.0517381876707077.
LOCAL_RANK: 0 - CUDA_VISIBLE_DEVICES: [0]
[I 2023-11-30 05:55:59,842] Trial 61 finished with value: 0.08714752644300461 and parameters: {'gradient_clip_val': 0.9924084806526612, 'hidden_size': 55, 'dropout': 0.2746165615102393, 'hidden_continuous_size': 10, 'attention_head_size': 2, 'learning_rate': 0.050746457316602045}. Best is trial 54 with value: 0.0517381876707077.
LOCAL_RANK: 0 - CUDA_VISIBLE_DEVICES: [0]
[I 2023-11-30 05:56:12,351] Trial 62 finished with value: 0.10649096965789795 and parameters: {'gradient_clip_val': 0.9190520286907811, 'hidden_size': 48, 'dropout': 0.26049905692674263, 'hidden_continuous_size': 10, 'attention_head_size': 2, 'learning_rate': 0.049647119994758133}. Best is trial 54 with value: 0.0517381876707077.
LOCAL_RANK: 0 - CUDA_VISIBLE_DEVICES: [0]
[I 2023-11-30 05:56:25,126] Trial 63 finished with value: 0.1420980542898178 and parameters: {'gradient_clip_val': 0.9849338849372402, 'hidden_size': 43, 'dropout': 0.28038059874867327, 'hidden_continuous_size': 12, 'attention_head_size': 2, 'learning_rate': 0.039002469803101424}. Best is trial 54 with value: 0.0517381876707077.
LOCAL_RANK: 0 - CUDA_VISIBLE_DEVICES: [0]
[I 2023-11-30 05:56:38,007] Trial 64 finished with value: 0.07875252515077591 and parameters: {'gradient_clip_val': 0.7913452137894504, 'hidden_size': 62, 'dropout': 0.2609510283054615, 'hidden_continuous_size': 11, 'attention_head_size': 2, 'learning_rate': 0.06723823538473242}. Best is trial 54 with value: 0.0517381876707077.
LOCAL_RANK: 0 - CUDA_VISIBLE_DEVICES: [0]
[I 2023-11-30 05:56:51,414] Trial 65 finished with value: 0.08531975746154785 and parameters: {'gradient_clip_val': 0.8621749732372153, 'hidden_size': 74, 'dropout': 0.23069552629908613, 'hidden_continuous_size': 10, 'attention_head_size': 2, 'learning_rate': 0.05417255264305076}. Best is trial 54 with value: 0.0517381876707077.
LOCAL_RANK: 0 - CUDA_VISIBLE_DEVICES: [0]
[I 2023-11-30 05:57:04,519] Trial 66 finished with value: 0.05183608457446098 and parameters: {'gradient_clip_val': 0.7543791735101423, 'hidden_size': 57, 'dropout': 0.245160526608402, 'hidden_continuous_size': 13, 'attention_head_size': 3, 'learning_rate': 0.0864751740336126}. Best is trial 54 with value: 0.0517381876707077.
LOCAL_RANK: 0 - CUDA_VISIBLE_DEVICES: [0]
[I 2023-11-30 05:57:18,029] Trial 67 finished with value: 0.15514886379241943 and parameters: {'gradient_clip_val': 0.6185903497975569, 'hidden_size': 86, 'dropout': 0.23889481207478433, 'hidden_continuous_size': 13, 'attention_head_size': 3, 'learning_rate': 0.08620964873852334}. Best is trial 54 with value: 0.0517381876707077.
LOCAL_RANK: 0 - CUDA_VISIBLE_DEVICES: [0]
[I 2023-11-30 05:57:31,163] Trial 68 finished with value: 0.0991983637213707 and parameters: {'gradient_clip_val': 0.6782226115242117, 'hidden_size': 58, 'dropout': 0.21895417179393442, 'hidden_continuous_size': 14, 'attention_head_size': 3, 'learning_rate': 0.07409680304389457}. Best is trial 54 with value: 0.0517381876707077.
LOCAL_RANK: 0 - CUDA_VISIBLE_DEVICES: [0]
[I 2023-11-30 05:57:44,654] Trial 69 finished with value: 0.07949332147836685 and parameters: {'gradient_clip_val': 0.5033560603500973, 'hidden_size': 77, 'dropout': 0.24687846601542562, 'hidden_continuous_size': 16, 'attention_head_size': 3, 'learning_rate': 0.06339376007507388}. Best is trial 54 with value: 0.0517381876707077.
LOCAL_RANK: 0 - CUDA_VISIBLE_DEVICES: [0]
[I 2023-11-30 05:57:57,843] Trial 70 finished with value: 0.10371068865060806 and parameters: {'gradient_clip_val': 0.7616173855886365, 'hidden_size': 42, 'dropout': 0.22581484328710266, 'hidden_continuous_size': 18, 'attention_head_size': 3, 'learning_rate': 0.09994499757333455}. Best is trial 54 with value: 0.0517381876707077.
LOCAL_RANK: 0 - CUDA_VISIBLE_DEVICES: [0]
[I 2023-11-30 05:58:10,723] Trial 71 finished with value: 0.0753483697772026 and parameters: {'gradient_clip_val': 0.8846862655423599, 'hidden_size': 52, 'dropout': 0.2648908559476714, 'hidden_continuous_size': 12, 'attention_head_size': 2, 'learning_rate': 0.047436190316088644}. Best is trial 54 with value: 0.0517381876707077.
LOCAL_RANK: 0 - CUDA_VISIBLE_DEVICES: [0]
[I 2023-11-30 05:58:23,605] Trial 72 finished with value: 0.05924234911799431 and parameters: {'gradient_clip_val': 0.8133383290927401, 'hidden_size': 56, 'dropout': 0.25295179313204796, 'hidden_continuous_size': 13, 'attention_head_size': 2, 'learning_rate': 0.05698610702224275}. Best is trial 54 with value: 0.0517381876707077.
LOCAL_RANK: 0 - CUDA_VISIBLE_DEVICES: [0]
[I 2023-11-30 05:58:36,631] Trial 73 finished with value: 0.08008565753698349 and parameters: {'gradient_clip_val': 0.729314274427954, 'hidden_size': 47, 'dropout': 0.2549645550444679, 'hidden_continuous_size': 13, 'attention_head_size': 4, 'learning_rate': 0.0871030137047764}. Best is trial 54 with value: 0.0517381876707077.
LOCAL_RANK: 0 - CUDA_VISIBLE_DEVICES: [0]
[I 2023-11-30 05:58:49,560] Trial 74 finished with value: 0.10335805267095566 and parameters: {'gradient_clip_val': 0.8305142307305106, 'hidden_size': 57, 'dropout': 0.24110137356360378, 'hidden_continuous_size': 15, 'attention_head_size': 2, 'learning_rate': 0.07229082967135834}. Best is trial 54 with value: 0.0517381876707077.
LOCAL_RANK: 0 - CUDA_VISIBLE_DEVICES: [0]
[I 2023-11-30 05:59:02,825] Trial 75 finished with value: 0.0719124972820282 and parameters: {'gradient_clip_val': 0.6519326366055925, 'hidden_size': 64, 'dropout': 0.21167390522997656, 'hidden_continuous_size': 14, 'attention_head_size': 4, 'learning_rate': 0.0608484588287201}. Best is trial 54 with value: 0.0517381876707077.
LOCAL_RANK: 0 - CUDA_VISIBLE_DEVICES: [0]
[I 2023-11-30 05:59:15,856] Trial 76 finished with value: 0.08918020129203796 and parameters: {'gradient_clip_val': 0.7794422403733801, 'hidden_size': 51, 'dropout': 0.23064581533595538, 'hidden_continuous_size': 15, 'attention_head_size': 3, 'learning_rate': 0.056877185896271096}. Best is trial 54 with value: 0.0517381876707077.
LOCAL_RANK: 0 - CUDA_VISIBLE_DEVICES: [0]
[I 2023-11-30 05:59:29,403] Trial 77 finished with value: 0.0792471244931221 and parameters: {'gradient_clip_val': 0.5794800955532354, 'hidden_size': 70, 'dropout': 0.2485844119013363, 'hidden_continuous_size': 21, 'attention_head_size': 4, 'learning_rate': 0.07424017057422698}. Best is trial 54 with value: 0.0517381876707077.
LOCAL_RANK: 0 - CUDA_VISIBLE_DEVICES: [0]
[I 2023-11-30 05:59:42,348] Trial 78 finished with value: 0.12314730137586594 and parameters: {'gradient_clip_val': 0.695882479878598, 'hidden_size': 46, 'dropout': 0.22039875492826144, 'hidden_continuous_size': 16, 'attention_head_size': 3, 'learning_rate': 0.08892238340438456}. Best is trial 54 with value: 0.0517381876707077.
LOCAL_RANK: 0 - CUDA_VISIBLE_DEVICES: [0]
[I 2023-11-30 05:59:55,457] Trial 79 finished with value: 0.0825711116194725 and parameters: {'gradient_clip_val': 0.913744189089818, 'hidden_size': 61, 'dropout': 0.23507186382622886, 'hidden_continuous_size': 17, 'attention_head_size': 2, 'learning_rate': 0.04244381145056994}. Best is trial 54 with value: 0.0517381876707077.
LOCAL_RANK: 0 - CUDA_VISIBLE_DEVICES: [0]
[I 2023-11-30 06:00:08,738] Trial 80 finished with value: 0.10140120983123779 and parameters: {'gradient_clip_val': 0.5422187686965139, 'hidden_size': 38, 'dropout': 0.2562265403778249, 'hidden_continuous_size': 19, 'attention_head_size': 4, 'learning_rate': 0.03558216728768436}. Best is trial 54 with value: 0.0517381876707077.
LOCAL_RANK: 0 - CUDA_VISIBLE_DEVICES: [0]
[I 2023-11-30 06:00:21,635] Trial 81 finished with value: 0.07443031668663025 and parameters: {'gradient_clip_val': 0.9561273283695789, 'hidden_size': 54, 'dropout': 0.2785677298089877, 'hidden_continuous_size': 11, 'attention_head_size': 2, 'learning_rate': 0.05192024926815924}. Best is trial 54 with value: 0.0517381876707077.
LOCAL_RANK: 0 - CUDA_VISIBLE_DEVICES: [0]
[I 2023-11-30 06:00:34,456] Trial 82 finished with value: 0.1396418958902359 and parameters: {'gradient_clip_val': 0.8185652107204107, 'hidden_size': 51, 'dropout': 0.2671445712500401, 'hidden_continuous_size': 13, 'attention_head_size': 2, 'learning_rate': 0.06526833250339258}. Best is trial 54 with value: 0.0517381876707077.
LOCAL_RANK: 0 - CUDA_VISIBLE_DEVICES: [0]
[I 2023-11-30 06:00:47,762] Trial 83 finished with value: 0.0855664610862732 and parameters: {'gradient_clip_val': 0.8826394113660723, 'hidden_size': 57, 'dropout': 0.2716514874283782, 'hidden_continuous_size': 42, 'attention_head_size': 2, 'learning_rate': 0.047331000698319386}. Best is trial 54 with value: 0.0517381876707077.
LOCAL_RANK: 0 - CUDA_VISIBLE_DEVICES: [0]
[I 2023-11-30 06:01:00,690] Trial 84 finished with value: 0.11691129952669144 and parameters: {'gradient_clip_val': 0.9401433668290946, 'hidden_size': 49, 'dropout': 0.24644175137009713, 'hidden_continuous_size': 14, 'attention_head_size': 2, 'learning_rate': 0.05689906233712133}. Best is trial 54 with value: 0.0517381876707077.
LOCAL_RANK: 0 - CUDA_VISIBLE_DEVICES: [0]
[I 2023-11-30 06:01:13,577] Trial 85 finished with value: 0.05889071524143219 and parameters: {'gradient_clip_val': 0.7450489168137101, 'hidden_size': 41, 'dropout': 0.24029261174914687, 'hidden_continuous_size': 15, 'attention_head_size': 2, 'learning_rate': 0.07745864928494381}. Best is trial 54 with value: 0.0517381876707077.
LOCAL_RANK: 0 - CUDA_VISIBLE_DEVICES: [0]
[I 2023-11-30 06:01:26,442] Trial 86 finished with value: 0.06439126282930374 and parameters: {'gradient_clip_val': 0.7452185096994964, 'hidden_size': 43, 'dropout': 0.2381484756172251, 'hidden_continuous_size': 15, 'attention_head_size': 2, 'learning_rate': 0.07957873247327887}. Best is trial 54 with value: 0.0517381876707077.
LOCAL_RANK: 0 - CUDA_VISIBLE_DEVICES: [0]
[I 2023-11-30 06:01:39,186] Trial 87 finished with value: 0.10776732116937637 and parameters: {'gradient_clip_val': 0.6523733881811277, 'hidden_size': 41, 'dropout': 0.22557813853575975, 'hidden_continuous_size': 17, 'attention_head_size': 1, 'learning_rate': 0.0934880377380885}. Best is trial 54 with value: 0.0517381876707077.
LOCAL_RANK: 0 - CUDA_VISIBLE_DEVICES: [0]
[I 2023-11-30 06:01:52,126] Trial 88 finished with value: 0.06776932626962662 and parameters: {'gradient_clip_val': 0.6145776418157545, 'hidden_size': 37, 'dropout': 0.21325606890917356, 'hidden_continuous_size': 18, 'attention_head_size': 4, 'learning_rate': 0.07171544722484813}. Best is trial 54 with value: 0.0517381876707077.
LOCAL_RANK: 0 - CUDA_VISIBLE_DEVICES: [0]
[I 2023-11-30 06:02:05,050] Trial 89 finished with value: 0.12725548446178436 and parameters: {'gradient_clip_val': 0.8075233467587952, 'hidden_size': 45, 'dropout': 0.20165351627252356, 'hidden_continuous_size': 14, 'attention_head_size': 2, 'learning_rate': 0.08262526457041396}. Best is trial 54 with value: 0.0517381876707077.
LOCAL_RANK: 0 - CUDA_VISIBLE_DEVICES: [0]
[I 2023-11-30 06:02:18,588] Trial 90 finished with value: 0.07964061945676804 and parameters: {'gradient_clip_val': 0.745640736963668, 'hidden_size': 65, 'dropout': 0.25414967711778463, 'hidden_continuous_size': 16, 'attention_head_size': 4, 'learning_rate': 0.06163051164775107}. Best is trial 54 with value: 0.0517381876707077.
LOCAL_RANK: 0 - CUDA_VISIBLE_DEVICES: [0]
[I 2023-11-30 06:02:31,192] Trial 91 finished with value: 0.09890347719192505 and parameters: {'gradient_clip_val': 0.7354149256380983, 'hidden_size': 43, 'dropout': 0.23758496120623016, 'hidden_continuous_size': 15, 'attention_head_size': 2, 'learning_rate': 0.08180661615874685}. Best is trial 54 with value: 0.0517381876707077.
LOCAL_RANK: 0 - CUDA_VISIBLE_DEVICES: [0]
[I 2023-11-30 06:02:43,967] Trial 92 finished with value: 0.07870347052812576 and parameters: {'gradient_clip_val': 0.6958475900066411, 'hidden_size': 39, 'dropout': 0.23944138421040306, 'hidden_continuous_size': 15, 'attention_head_size': 2, 'learning_rate': 0.06978723803374444}. Best is trial 54 with value: 0.0517381876707077.
LOCAL_RANK: 0 - CUDA_VISIBLE_DEVICES: [0]
[I 2023-11-30 06:02:56,673] Trial 93 finished with value: 0.11748191714286804 and parameters: {'gradient_clip_val': 0.7669645797899001, 'hidden_size': 48, 'dropout': 0.24450339775094543, 'hidden_continuous_size': 16, 'attention_head_size': 2, 'learning_rate': 0.07495513009922727}. Best is trial 54 with value: 0.0517381876707077.
LOCAL_RANK: 0 - CUDA_VISIBLE_DEVICES: [0]
[I 2023-11-30 06:03:09,715] Trial 94 finished with value: 0.1037636399269104 and parameters: {'gradient_clip_val': 0.6790454662527177, 'hidden_size': 50, 'dropout': 0.2236219850698054, 'hidden_continuous_size': 13, 'attention_head_size': 2, 'learning_rate': 0.09685031648720491}. Best is trial 54 with value: 0.0517381876707077.
LOCAL_RANK: 0 - CUDA_VISIBLE_DEVICES: [0]
[I 2023-11-30 06:03:22,526] Trial 95 finished with value: 0.08025846630334854 and parameters: {'gradient_clip_val': 0.8360873238948517, 'hidden_size': 41, 'dropout': 0.23005420552893724, 'hidden_continuous_size': 15, 'attention_head_size': 2, 'learning_rate': 0.056169053279025986}. Best is trial 54 with value: 0.0517381876707077.
LOCAL_RANK: 0 - CUDA_VISIBLE_DEVICES: [0]
[I 2023-11-30 06:03:35,154] Trial 96 finished with value: 0.08422812074422836 and parameters: {'gradient_clip_val': 0.7295424433913225, 'hidden_size': 44, 'dropout': 0.2616481983066174, 'hidden_continuous_size': 12, 'attention_head_size': 2, 'learning_rate': 0.06531086045950797}. Best is trial 54 with value: 0.0517381876707077.
LOCAL_RANK: 0 - CUDA_VISIBLE_DEVICES: [0]
[I 2023-11-30 06:03:47,991] Trial 97 finished with value: 0.08728340268135071 and parameters: {'gradient_clip_val': 0.6289317302190026, 'hidden_size': 46, 'dropout': 0.2519513277425839, 'hidden_continuous_size': 14, 'attention_head_size': 2, 'learning_rate': 0.043864277491620196}. Best is trial 54 with value: 0.0517381876707077.
LOCAL_RANK: 0 - CUDA_VISIBLE_DEVICES: [0]
[I 2023-11-30 06:04:01,109] Trial 98 finished with value: 0.0769815444946289 and parameters: {'gradient_clip_val': 0.8783227205997824, 'hidden_size': 55, 'dropout': 0.21811697085012807, 'hidden_continuous_size': 17, 'attention_head_size': 3, 'learning_rate': 0.07946912698382305}. Best is trial 54 with value: 0.0517381876707077.
LOCAL_RANK: 0 - CUDA_VISIBLE_DEVICES: [0]
[I 2023-11-30 06:04:14,624] Trial 99 finished with value: 0.07315587252378464 and parameters: {'gradient_clip_val': 0.7802939207321478, 'hidden_size': 69, 'dropout': 0.24295911525486769, 'hidden_continuous_size': 19, 'attention_head_size': 4, 'learning_rate': 0.08985527059785832}. Best is trial 54 with value: 0.0517381876707077.
LOCAL_RANK: 0 - CUDA_VISIBLE_DEVICES: [0]
[I 2023-11-30 06:04:27,871] Trial 100 finished with value: 0.09736237674951553 and parameters: {'gradient_clip_val': 0.7956705454578845, 'hidden_size': 61, 'dropout': 0.23368122912361947, 'hidden_continuous_size': 16, 'attention_head_size': 2, 'learning_rate': 0.04123119009141903}. Best is trial 54 with value: 0.0517381876707077.
LOCAL_RANK: 0 - CUDA_VISIBLE_DEVICES: [0]
[I 2023-11-30 06:04:40,910] Trial 101 finished with value: 0.07809748500585556 and parameters: {'gradient_clip_val': 0.9677398072836091, 'hidden_size': 53, 'dropout': 0.2590883415614339, 'hidden_continuous_size': 18, 'attention_head_size': 2, 'learning_rate': 0.04986700298583903}. Best is trial 54 with value: 0.0517381876707077.
LOCAL_RANK: 0 - CUDA_VISIBLE_DEVICES: [0]
[I 2023-11-30 06:04:53,771] Trial 102 finished with value: 0.12852151691913605 and parameters: {'gradient_clip_val': 0.8611851055948413, 'hidden_size': 56, 'dropout': 0.267754884607797, 'hidden_continuous_size': 11, 'attention_head_size': 2, 'learning_rate': 0.05304552857288666}. Best is trial 54 with value: 0.0517381876707077.
LOCAL_RANK: 0 - CUDA_VISIBLE_DEVICES: [0]
[I 2023-11-30 06:05:06,516] Trial 103 finished with value: 0.05879737064242363 and parameters: {'gradient_clip_val': 0.9048354400903273, 'hidden_size': 49, 'dropout': 0.25118761232789744, 'hidden_continuous_size': 10, 'attention_head_size': 2, 'learning_rate': 0.03783124278919314}. Best is trial 54 with value: 0.0517381876707077.
LOCAL_RANK: 0 - CUDA_VISIBLE_DEVICES: [0]
[I 2023-11-30 06:05:19,109] Trial 104 finished with value: 0.08866804838180542 and parameters: {'gradient_clip_val': 0.7106311663048784, 'hidden_size': 48, 'dropout': 0.2511789921908684, 'hidden_continuous_size': 12, 'attention_head_size': 2, 'learning_rate': 0.0601376385743019}. Best is trial 54 with value: 0.0517381876707077.
LOCAL_RANK: 0 - CUDA_VISIBLE_DEVICES: [0]
[I 2023-11-30 06:05:31,706] Trial 105 finished with value: 0.07727529853582382 and parameters: {'gradient_clip_val': 0.8254887432837705, 'hidden_size': 36, 'dropout': 0.2087640867839225, 'hidden_continuous_size': 14, 'attention_head_size': 2, 'learning_rate': 0.03672073651440703}. Best is trial 54 with value: 0.0517381876707077.
LOCAL_RANK: 0 - CUDA_VISIBLE_DEVICES: [0]
[I 2023-11-30 06:05:44,378] Trial 106 finished with value: 0.11620429158210754 and parameters: {'gradient_clip_val': 0.7563748217988312, 'hidden_size': 44, 'dropout': 0.23808426711891045, 'hidden_continuous_size': 15, 'attention_head_size': 2, 'learning_rate': 0.03025027769853539}. Best is trial 54 with value: 0.0517381876707077.
LOCAL_RANK: 0 - CUDA_VISIBLE_DEVICES: [0]
[I 2023-11-30 06:05:57,619] Trial 107 finished with value: 0.10829582810401917 and parameters: {'gradient_clip_val': 0.903412177229749, 'hidden_size': 59, 'dropout': 0.22600795541836435, 'hidden_continuous_size': 12, 'attention_head_size': 4, 'learning_rate': 0.06599985947821989}. Best is trial 54 with value: 0.0517381876707077.
LOCAL_RANK: 0 - CUDA_VISIBLE_DEVICES: [0]
