[I 2023-11-30 03:52:44,769] Trial 128 finished with value: 0.14433187246322632 and parameters: {'gradient_clip_val': 0.4977870117497427, 'hidden_size': 109, 'dropout': 0.26095183306556097, 'hidden_continuous_size': 43, 'attention_head_size': 2, 'learning_rate': 0.02514021882471763}. Best is trial 34 with value: 0.06470241397619247.
LOCAL_RANK: 0 - CUDA_VISIBLE_DEVICES: [0]
[I 2023-11-30 03:52:58,631] Trial 129 finished with value: 0.16213691234588623 and parameters: {'gradient_clip_val': 0.6784209530197172, 'hidden_size': 70, 'dropout': 0.2875812952245303, 'hidden_continuous_size': 63, 'attention_head_size': 2, 'learning_rate': 0.017312102828199026}. Best is trial 34 with value: 0.06470241397619247.
LOCAL_RANK: 0 - CUDA_VISIBLE_DEVICES: [0]
[I 2023-11-30 03:53:12,495] Trial 130 finished with value: 0.15321679413318634 and parameters: {'gradient_clip_val': 0.6084825662461363, 'hidden_size': 79, 'dropout': 0.27599625827338, 'hidden_continuous_size': 60, 'attention_head_size': 2, 'learning_rate': 0.013499275755911339}. Best is trial 34 with value: 0.06470241397619247.
LOCAL_RANK: 0 - CUDA_VISIBLE_DEVICES: [0]
[I 2023-11-30 03:53:26,847] Trial 131 finished with value: 0.1363924741744995 and parameters: {'gradient_clip_val': 0.37640294703956806, 'hidden_size': 119, 'dropout': 0.29468423013838807, 'hidden_continuous_size': 49, 'attention_head_size': 2, 'learning_rate': 0.015898736251143495}. Best is trial 34 with value: 0.06470241397619247.
LOCAL_RANK: 0 - CUDA_VISIBLE_DEVICES: [0]
[I 2023-11-30 03:53:41,010] Trial 132 finished with value: 0.1802951544523239 and parameters: {'gradient_clip_val': 0.5376400843104806, 'hidden_size': 132, 'dropout': 0.3140863431929799, 'hidden_continuous_size': 45, 'attention_head_size': 2, 'learning_rate': 0.014447803794686732}. Best is trial 34 with value: 0.06470241397619247.
LOCAL_RANK: 0 - CUDA_VISIBLE_DEVICES: [0]
[I 2023-11-30 03:53:55,135] Trial 133 finished with value: 0.3278338611125946 and parameters: {'gradient_clip_val': 0.4745668938098492, 'hidden_size': 127, 'dropout': 0.28284099767402054, 'hidden_continuous_size': 39, 'attention_head_size': 2, 'learning_rate': 0.01846540006747566}. Best is trial 34 with value: 0.06470241397619247.
LOCAL_RANK: 0 - CUDA_VISIBLE_DEVICES: [0]
[I 2023-11-30 03:54:09,480] Trial 134 finished with value: 0.5293457508087158 and parameters: {'gradient_clip_val': 0.3131510680861281, 'hidden_size': 141, 'dropout': 0.3097068281666079, 'hidden_continuous_size': 41, 'attention_head_size': 2, 'learning_rate': 0.01094355840184994}. Best is trial 34 with value: 0.06470241397619247.
LOCAL_RANK: 0 - CUDA_VISIBLE_DEVICES: [0]
[I 2023-11-30 03:54:23,549] Trial 135 finished with value: 0.2633725702762604 and parameters: {'gradient_clip_val': 0.43364193563989306, 'hidden_size': 112, 'dropout': 0.30348409197168974, 'hidden_continuous_size': 47, 'attention_head_size': 2, 'learning_rate': 0.023051798693051625}. Best is trial 34 with value: 0.06470241397619247.
LOCAL_RANK: 0 - CUDA_VISIBLE_DEVICES: [0]
[I 2023-11-30 03:54:37,810] Trial 136 finished with value: 0.12779755890369415 and parameters: {'gradient_clip_val': 0.5683398572703211, 'hidden_size': 94, 'dropout': 0.3183523335389778, 'hidden_continuous_size': 51, 'attention_head_size': 2, 'learning_rate': 0.020493445210753473}. Best is trial 34 with value: 0.06470241397619247.
LOCAL_RANK: 0 - CUDA_VISIBLE_DEVICES: [0]
[I 2023-11-30 03:54:51,874] Trial 137 finished with value: 0.15732574462890625 and parameters: {'gradient_clip_val': 0.4009983560788525, 'hidden_size': 101, 'dropout': 0.2928216663711463, 'hidden_continuous_size': 55, 'attention_head_size': 2, 'learning_rate': 0.009326880393275309}. Best is trial 34 with value: 0.06470241397619247.
LOCAL_RANK: 0 - CUDA_VISIBLE_DEVICES: [0]
[I 2023-11-30 03:55:05,845] Trial 138 finished with value: 0.25847581028938293 and parameters: {'gradient_clip_val': 0.5183143315246984, 'hidden_size': 119, 'dropout': 0.2794628706766863, 'hidden_continuous_size': 44, 'attention_head_size': 2, 'learning_rate': 0.017082304104822497}. Best is trial 34 with value: 0.06470241397619247.
LOCAL_RANK: 0 - CUDA_VISIBLE_DEVICES: [0]
[I 2023-11-30 03:55:20,179] Trial 139 finished with value: 0.1267274022102356 and parameters: {'gradient_clip_val': 0.3473411873787571, 'hidden_size': 108, 'dropout': 0.32455320289258777, 'hidden_continuous_size': 77, 'attention_head_size': 4, 'learning_rate': 0.007984740415767239}. Best is trial 34 with value: 0.06470241397619247.
LOCAL_RANK: 0 - CUDA_VISIBLE_DEVICES: [0]
[I 2023-11-30 03:55:34,325] Trial 140 finished with value: 0.1936151534318924 and parameters: {'gradient_clip_val': 0.6197553752469305, 'hidden_size': 86, 'dropout': 0.35125434829592284, 'hidden_continuous_size': 74, 'attention_head_size': 2, 'learning_rate': 0.011799888164248385}. Best is trial 34 with value: 0.06470241397619247.
LOCAL_RANK: 0 - CUDA_VISIBLE_DEVICES: [0]
[I 2023-11-30 03:55:48,778] Trial 141 finished with value: 0.20406775176525116 and parameters: {'gradient_clip_val': 0.38691482103828007, 'hidden_size': 119, 'dropout': 0.3378105801863282, 'hidden_continuous_size': 89, 'attention_head_size': 2, 'learning_rate': 0.028487035168583745}. Best is trial 34 with value: 0.06470241397619247.
LOCAL_RANK: 0 - CUDA_VISIBLE_DEVICES: [0]
[I 2023-11-30 03:56:03,139] Trial 142 finished with value: 0.09679120779037476 and parameters: {'gradient_clip_val': 0.4172416444661031, 'hidden_size': 134, 'dropout': 0.34106177793181097, 'hidden_continuous_size': 63, 'attention_head_size': 2, 'learning_rate': 0.014346989016866037}. Best is trial 34 with value: 0.06470241397619247.
LOCAL_RANK: 0 - CUDA_VISIBLE_DEVICES: [0]
[I 2023-11-30 03:56:17,189] Trial 143 finished with value: 0.15944205224514008 and parameters: {'gradient_clip_val': 0.41716282777739, 'hidden_size': 128, 'dropout': 0.3406751068360407, 'hidden_continuous_size': 59, 'attention_head_size': 2, 'learning_rate': 0.014053385690145562}. Best is trial 34 with value: 0.06470241397619247.
LOCAL_RANK: 0 - CUDA_VISIBLE_DEVICES: [0]
[I 2023-11-30 03:56:31,688] Trial 144 finished with value: 0.18315672874450684 and parameters: {'gradient_clip_val': 0.4374300789827727, 'hidden_size': 137, 'dropout': 0.3280241247281438, 'hidden_continuous_size': 65, 'attention_head_size': 2, 'learning_rate': 0.015042248868893335}. Best is trial 34 with value: 0.06470241397619247.
LOCAL_RANK: 0 - CUDA_VISIBLE_DEVICES: [0]
[I 2023-11-30 03:56:46,453] Trial 145 finished with value: 0.2821487784385681 and parameters: {'gradient_clip_val': 0.45257489413104207, 'hidden_size': 150, 'dropout': 0.3476517464385728, 'hidden_continuous_size': 94, 'attention_head_size': 2, 'learning_rate': 0.013118242339656479}. Best is trial 34 with value: 0.06470241397619247.
LOCAL_RANK: 0 - CUDA_VISIBLE_DEVICES: [0]
[I 2023-11-30 03:57:01,136] Trial 146 finished with value: 0.14457161724567413 and parameters: {'gradient_clip_val': 0.355711802980664, 'hidden_size': 133, 'dropout': 0.36427410481074074, 'hidden_continuous_size': 87, 'attention_head_size': 2, 'learning_rate': 0.016116092927677145}. Best is trial 34 with value: 0.06470241397619247.
LOCAL_RANK: 0 - CUDA_VISIBLE_DEVICES: [0]
[I 2023-11-30 03:57:15,286] Trial 147 finished with value: 0.17085404694080353 and parameters: {'gradient_clip_val': 0.48278282134425665, 'hidden_size': 113, 'dropout': 0.3324413031283725, 'hidden_continuous_size': 49, 'attention_head_size': 2, 'learning_rate': 0.019576196069065546}. Best is trial 34 with value: 0.06470241397619247.
LOCAL_RANK: 0 - CUDA_VISIBLE_DEVICES: [0]
[I 2023-11-30 03:57:29,370] Trial 148 finished with value: 0.4471034109592438 and parameters: {'gradient_clip_val': 0.3995111816598756, 'hidden_size': 125, 'dropout': 0.28859946427784366, 'hidden_continuous_size': 53, 'attention_head_size': 2, 'learning_rate': 0.018128338340997672}. Best is trial 34 with value: 0.06470241397619247.
LOCAL_RANK: 0 - CUDA_VISIBLE_DEVICES: [0]
[I 2023-11-30 03:57:43,500] Trial 149 finished with value: 0.0958436131477356 and parameters: {'gradient_clip_val': 0.5854437968012888, 'hidden_size': 97, 'dropout': 0.26375568382252934, 'hidden_continuous_size': 70, 'attention_head_size': 2, 'learning_rate': 0.010866880586763846}. Best is trial 34 with value: 0.06470241397619247.
[I 2023-11-30 03:57:43,613] A new study created in memory with name: no-name-7bcc8dae-79ff-4c2e-acab-a1fb47c52fd1
/home/le004/conda/anaconda3/envs/tsff_env/lib/python3.9/site-packages/lightning/fabric/plugins/environments/slurm.py:191: The `srun` command is available on your system but is not used. HINT: If your intention is to run Lightning on SLURM, prepend your python command with `srun` like so: srun python /home/le004/master_thesis/git/TSFusionForecast/code/ ...
LOCAL_RANK: 0 - CUDA_VISIBLE_DEVICES: [0]
[I 2023-11-30 03:57:56,569] Trial 0 finished with value: 3245.514892578125 and parameters: {'gradient_clip_val': 0.503140537884006, 'hidden_size': 41, 'dropout': 0.2930537574375068, 'hidden_continuous_size': 26, 'attention_head_size': 3, 'learning_rate': 0.0016790068016571073}. Best is trial 0 with value: 3245.514892578125.
LOCAL_RANK: 0 - CUDA_VISIBLE_DEVICES: [0]
[I 2023-11-30 03:58:08,957] Trial 1 finished with value: 3055.150390625 and parameters: {'gradient_clip_val': 0.8008098824765966, 'hidden_size': 19, 'dropout': 0.33086075703195095, 'hidden_continuous_size': 13, 'attention_head_size': 3, 'learning_rate': 0.008233091358030117}. Best is trial 1 with value: 3055.150390625.
LOCAL_RANK: 0 - CUDA_VISIBLE_DEVICES: [0]
[I 2023-11-30 03:58:21,116] Trial 2 finished with value: 3072.461669921875 and parameters: {'gradient_clip_val': 0.20839850282729233, 'hidden_size': 14, 'dropout': 0.109301157812769, 'hidden_continuous_size': 11, 'attention_head_size': 1, 'learning_rate': 0.011498804971960971}. Best is trial 1 with value: 3055.150390625.
LOCAL_RANK: 0 - CUDA_VISIBLE_DEVICES: [0]
[I 2023-11-30 03:58:33,427] Trial 3 finished with value: 2765.9150390625 and parameters: {'gradient_clip_val': 0.7986305562020769, 'hidden_size': 28, 'dropout': 0.26310437562042643, 'hidden_continuous_size': 24, 'attention_head_size': 1, 'learning_rate': 0.08055068908613507}. Best is trial 3 with value: 2765.9150390625.
LOCAL_RANK: 0 - CUDA_VISIBLE_DEVICES: [0]
[I 2023-11-30 03:58:45,665] Trial 4 finished with value: 2443.739501953125 and parameters: {'gradient_clip_val': 0.14540058029315095, 'hidden_size': 28, 'dropout': 0.3248864809073103, 'hidden_continuous_size': 16, 'attention_head_size': 3, 'learning_rate': 0.01630729259013131}. Best is trial 4 with value: 2443.739501953125.
LOCAL_RANK: 0 - CUDA_VISIBLE_DEVICES: [0]
[I 2023-11-30 03:58:58,348] Trial 5 finished with value: 2755.313720703125 and parameters: {'gradient_clip_val': 0.4174650343960295, 'hidden_size': 38, 'dropout': 0.2159955082565173, 'hidden_continuous_size': 30, 'attention_head_size': 1, 'learning_rate': 0.028487084382840294}. Best is trial 4 with value: 2443.739501953125.
LOCAL_RANK: 0 - CUDA_VISIBLE_DEVICES: [0]
[I 2023-11-30 03:59:10,808] Trial 6 finished with value: 2675.54052734375 and parameters: {'gradient_clip_val': 0.3276101899072538, 'hidden_size': 15, 'dropout': 0.12482629911306517, 'hidden_continuous_size': 10, 'attention_head_size': 4, 'learning_rate': 0.048690531005297154}. Best is trial 4 with value: 2443.739501953125.
LOCAL_RANK: 0 - CUDA_VISIBLE_DEVICES: [0]
[I 2023-11-30 03:59:24,281] Trial 7 finished with value: 3125.436767578125 and parameters: {'gradient_clip_val': 0.5025533465952934, 'hidden_size': 87, 'dropout': 0.1992528395909388, 'hidden_continuous_size': 13, 'attention_head_size': 2, 'learning_rate': 0.0012572765536880458}. Best is trial 4 with value: 2443.739501953125.
LOCAL_RANK: 0 - CUDA_VISIBLE_DEVICES: [0]
[I 2023-11-30 03:59:37,834] Trial 8 finished with value: 2311.168701171875 and parameters: {'gradient_clip_val': 0.6705740601207567, 'hidden_size': 80, 'dropout': 0.2672385681804658, 'hidden_continuous_size': 34, 'attention_head_size': 3, 'learning_rate': 0.005085254290426133}. Best is trial 8 with value: 2311.168701171875.
LOCAL_RANK: 0 - CUDA_VISIBLE_DEVICES: [0]
[I 2023-11-30 03:59:48,351] Trial 9 finished with value: 2307.804931640625 and parameters: {'gradient_clip_val': 0.12347827598147741, 'hidden_size': 11, 'dropout': 0.21638258549415457, 'hidden_continuous_size': 11, 'attention_head_size': 4, 'learning_rate': 0.04392231303689639}. Best is trial 9 with value: 2307.804931640625.
LOCAL_RANK: 0 - CUDA_VISIBLE_DEVICES: [0]
[I 2023-11-30 03:59:58,852] Trial 10 finished with value: 2403.567138671875 and parameters: {'gradient_clip_val': 0.11700951604885965, 'hidden_size': 10, 'dropout': 0.39743352697305956, 'hidden_continuous_size': 10, 'attention_head_size': 4, 'learning_rate': 0.07965879385869551}. Best is trial 9 with value: 2307.804931640625.
LOCAL_RANK: 0 - CUDA_VISIBLE_DEVICES: [0]
[I 2023-11-30 04:00:12,998] Trial 11 finished with value: 2266.16796875 and parameters: {'gradient_clip_val': 0.18647223697454146, 'hidden_size': 116, 'dropout': 0.2079161068355848, 'hidden_continuous_size': 46, 'attention_head_size': 4, 'learning_rate': 0.0050148514978916765}. Best is trial 11 with value: 2266.16796875.
LOCAL_RANK: 0 - CUDA_VISIBLE_DEVICES: [0]
[I 2023-11-30 04:00:27,845] Trial 12 finished with value: 2395.448486328125 and parameters: {'gradient_clip_val': 0.2102528932323762, 'hidden_size': 149, 'dropout': 0.1857456840523452, 'hidden_continuous_size': 63, 'attention_head_size': 4, 'learning_rate': 0.0040531498637354545}. Best is trial 11 with value: 2266.16796875.
LOCAL_RANK: 0 - CUDA_VISIBLE_DEVICES: [0]
[I 2023-11-30 04:00:41,167] Trial 13 finished with value: 2711.532470703125 and parameters: {'gradient_clip_val': 0.1009511414125514, 'hidden_size': 61, 'dropout': 0.16116375914705103, 'hidden_continuous_size': 18, 'attention_head_size': 4, 'learning_rate': 0.028054470890514778}. Best is trial 11 with value: 2266.16796875.
LOCAL_RANK: 0 - CUDA_VISIBLE_DEVICES: [0]
[I 2023-11-30 04:00:55,426] Trial 14 finished with value: 2575.894775390625 and parameters: {'gradient_clip_val': 0.1737994376148973, 'hidden_size': 133, 'dropout': 0.21469364747976205, 'hidden_continuous_size': 54, 'attention_head_size': 2, 'learning_rate': 0.002631887357663959}. Best is trial 11 with value: 2266.16796875.
LOCAL_RANK: 0 - CUDA_VISIBLE_DEVICES: [0]
[I 2023-11-30 04:01:07,590] Trial 15 finished with value: 3833.6875 and parameters: {'gradient_clip_val': 0.24898422190012195, 'hidden_size': 11, 'dropout': 0.15074527192938075, 'hidden_continuous_size': 10, 'attention_head_size': 4, 'learning_rate': 0.006465306645763314}. Best is trial 11 with value: 2266.16796875.
LOCAL_RANK: 0 - CUDA_VISIBLE_DEVICES: [0]
[I 2023-11-30 04:01:19,956] Trial 16 finished with value: 2471.5107421875 and parameters: {'gradient_clip_val': 0.1393619750594459, 'hidden_size': 22, 'dropout': 0.238881528224918, 'hidden_continuous_size': 12, 'attention_head_size': 4, 'learning_rate': 0.015166213853410593}. Best is trial 11 with value: 2266.16796875.
LOCAL_RANK: 0 - CUDA_VISIBLE_DEVICES: [0]
[I 2023-11-30 04:01:33,170] Trial 17 finished with value: 2921.490966796875 and parameters: {'gradient_clip_val': 0.14992336485141156, 'hidden_size': 50, 'dropout': 0.1891331886953254, 'hidden_continuous_size': 19, 'attention_head_size': 2, 'learning_rate': 0.0033225993678919164}. Best is trial 11 with value: 2266.16796875.
LOCAL_RANK: 0 - CUDA_VISIBLE_DEVICES: [0]
[I 2023-11-30 04:01:45,784] Trial 18 finished with value: 3011.837158203125 and parameters: {'gradient_clip_val': 0.10253206059725371, 'hidden_size': 29, 'dropout': 0.2318628852763233, 'hidden_continuous_size': 15, 'attention_head_size': 3, 'learning_rate': 0.008019702536512453}. Best is trial 11 with value: 2266.16796875.
LOCAL_RANK: 0 - CUDA_VISIBLE_DEVICES: [0]
[I 2023-11-30 04:02:00,244] Trial 19 finished with value: 2277.85400390625 and parameters: {'gradient_clip_val': 0.2613474893052388, 'hidden_size': 108, 'dropout': 0.15378446821154368, 'hidden_continuous_size': 103, 'attention_head_size': 4, 'learning_rate': 0.0022376203276309424}. Best is trial 11 with value: 2266.16796875.
LOCAL_RANK: 0 - CUDA_VISIBLE_DEVICES: [0]
[I 2023-11-30 04:02:14,729] Trial 20 finished with value: 2411.203369140625 and parameters: {'gradient_clip_val': 0.2828130085819, 'hidden_size': 105, 'dropout': 0.10170969609218886, 'hidden_continuous_size': 103, 'attention_head_size': 3, 'learning_rate': 0.001059464149228576}. Best is trial 11 with value: 2266.16796875.
LOCAL_RANK: 0 - CUDA_VISIBLE_DEVICES: [0]
[I 2023-11-30 04:02:28,494] Trial 21 finished with value: 2572.61181640625 and parameters: {'gradient_clip_val': 0.18858993653540485, 'hidden_size': 71, 'dropout': 0.15735719379948382, 'hidden_continuous_size': 37, 'attention_head_size': 4, 'learning_rate': 0.0030880615436248483}. Best is trial 11 with value: 2266.16796875.
LOCAL_RANK: 0 - CUDA_VISIBLE_DEVICES: [0]
[I 2023-11-30 04:02:39,507] Trial 22 finished with value: 2233.92578125 and parameters: {'gradient_clip_val': 0.23281958779811038, 'hidden_size': 108, 'dropout': 0.17626090769566027, 'hidden_continuous_size': 108, 'attention_head_size': 4, 'learning_rate': 0.0024346943565798944}. Best is trial 22 with value: 2233.92578125.
LOCAL_RANK: 0 - CUDA_VISIBLE_DEVICES: [0]
[I 2023-11-30 04:02:54,021] Trial 23 finished with value: 2195.619140625 and parameters: {'gradient_clip_val': 0.24624918287198533, 'hidden_size': 109, 'dropout': 0.136199832039578, 'hidden_continuous_size': 101, 'attention_head_size': 4, 'learning_rate': 0.0021910204831701837}. Best is trial 23 with value: 2195.619140625.
LOCAL_RANK: 0 - CUDA_VISIBLE_DEVICES: [0]
[I 2023-11-30 04:03:08,583] Trial 24 finished with value: 2683.783203125 and parameters: {'gradient_clip_val': 0.2255091155754499, 'hidden_size': 113, 'dropout': 0.1272240443444474, 'hidden_continuous_size': 83, 'attention_head_size': 4, 'learning_rate': 0.0021117133547822664}. Best is trial 23 with value: 2195.619140625.
LOCAL_RANK: 0 - CUDA_VISIBLE_DEVICES: [0]
[I 2023-11-30 04:03:23,614] Trial 25 finished with value: 2377.117919921875 and parameters: {'gradient_clip_val': 0.3200618815776368, 'hidden_size': 149, 'dropout': 0.177102186561296, 'hidden_continuous_size': 144, 'attention_head_size': 3, 'learning_rate': 0.0045927776572536085}. Best is trial 23 with value: 2195.619140625.
LOCAL_RANK: 0 - CUDA_VISIBLE_DEVICES: [0]
[I 2023-11-30 04:03:37,750] Trial 26 finished with value: 2936.2548828125 and parameters: {'gradient_clip_val': 0.17254374929550392, 'hidden_size': 95, 'dropout': 0.13089571428250404, 'hidden_continuous_size': 47, 'attention_head_size': 4, 'learning_rate': 0.0016140642373437335}. Best is trial 23 with value: 2195.619140625.
LOCAL_RANK: 0 - CUDA_VISIBLE_DEVICES: [0]
[I 2023-11-30 04:03:52,154] Trial 27 finished with value: 2319.482666015625 and parameters: {'gradient_clip_val': 0.24133589209443865, 'hidden_size': 120, 'dropout': 0.17525881193017503, 'hidden_continuous_size': 68, 'attention_head_size': 3, 'learning_rate': 0.0032804421078923484}. Best is trial 23 with value: 2195.619140625.
LOCAL_RANK: 0 - CUDA_VISIBLE_DEVICES: [0]
[I 2023-11-30 04:04:05,961] Trial 28 finished with value: 2510.091552734375 and parameters: {'gradient_clip_val': 0.18847320943798904, 'hidden_size': 72, 'dropout': 0.2001042887433083, 'hidden_continuous_size': 46, 'attention_head_size': 4, 'learning_rate': 0.005511622195765081}. Best is trial 23 with value: 2195.619140625.
LOCAL_RANK: 0 - CUDA_VISIBLE_DEVICES: [0]
[I 2023-11-30 04:04:19,921] Trial 29 finished with value: 2625.600830078125 and parameters: {'gradient_clip_val': 0.28879515068976414, 'hidden_size': 96, 'dropout': 0.13705557710723199, 'hidden_continuous_size': 43, 'attention_head_size': 2, 'learning_rate': 0.0016875948893922985}. Best is trial 23 with value: 2195.619140625.
LOCAL_RANK: 0 - CUDA_VISIBLE_DEVICES: [0]
[I 2023-11-30 04:04:33,075] Trial 30 finished with value: 2614.347412109375 and parameters: {'gradient_clip_val': 0.34125678955893973, 'hidden_size': 52, 'dropout': 0.16840008967528902, 'hidden_continuous_size': 26, 'attention_head_size': 4, 'learning_rate': 0.004003546339446892}. Best is trial 23 with value: 2195.619140625.
LOCAL_RANK: 0 - CUDA_VISIBLE_DEVICES: [0]
[I 2023-11-30 04:04:47,670] Trial 31 finished with value: 2329.158935546875 and parameters: {'gradient_clip_val': 0.25405704366226656, 'hidden_size': 117, 'dropout': 0.15142118323058684, 'hidden_continuous_size': 90, 'attention_head_size': 4, 'learning_rate': 0.0021105890671002346}. Best is trial 23 with value: 2195.619140625.
LOCAL_RANK: 0 - CUDA_VISIBLE_DEVICES: [0]
[I 2023-11-30 04:05:02,278] Trial 32 finished with value: 2228.977294921875 and parameters: {'gradient_clip_val': 0.2740306026033285, 'hidden_size': 102, 'dropout': 0.14589624165618248, 'hidden_continuous_size': 72, 'attention_head_size': 4, 'learning_rate': 0.002355637671013426}. Best is trial 23 with value: 2195.619140625.
LOCAL_RANK: 0 - CUDA_VISIBLE_DEVICES: [0]
[I 2023-11-30 04:05:16,342] Trial 33 finished with value: 2274.312255859375 and parameters: {'gradient_clip_val': 0.20846912669021533, 'hidden_size': 85, 'dropout': 0.1003164870814062, 'hidden_continuous_size': 59, 'attention_head_size': 3, 'learning_rate': 0.002580253206539163}. Best is trial 23 with value: 2195.619140625.
LOCAL_RANK: 0 - CUDA_VISIBLE_DEVICES: [0]
[I 2023-11-30 04:05:30,892] Trial 34 finished with value: 2238.658447265625 and parameters: {'gradient_clip_val': 0.3676195695754068, 'hidden_size': 127, 'dropout': 0.13966604752615472, 'hidden_continuous_size': 73, 'attention_head_size': 4, 'learning_rate': 0.0016155343190892397}. Best is trial 23 with value: 2195.619140625.
LOCAL_RANK: 0 - CUDA_VISIBLE_DEVICES: [0]
[I 2023-11-30 04:05:45,502] Trial 35 finished with value: 2353.84228515625 and parameters: {'gradient_clip_val': 0.3732086702217503, 'hidden_size': 134, 'dropout': 0.137878643047028, 'hidden_continuous_size': 78, 'attention_head_size': 3, 'learning_rate': 0.001475537030217468}. Best is trial 23 with value: 2195.619140625.
LOCAL_RANK: 0 - CUDA_VISIBLE_DEVICES: [0]
