[I 2023-11-30 08:57:54,705] Trial 108 finished with value: 0.6129630208015442 and parameters: {'gradient_clip_val': 0.6741640068710298, 'hidden_size': 70, 'dropout': 0.32384611456512474, 'hidden_continuous_size': 44, 'attention_head_size': 4, 'learning_rate': 0.056350333635087714}. Best is trial 62 with value: 0.13680751621723175.
LOCAL_RANK: 0 - CUDA_VISIBLE_DEVICES: [0]
[I 2023-11-30 08:58:07,973] Trial 109 finished with value: 0.4671960175037384 and parameters: {'gradient_clip_val': 0.7727920102503657, 'hidden_size': 60, 'dropout': 0.3477944330142057, 'hidden_continuous_size': 37, 'attention_head_size': 1, 'learning_rate': 0.07268283127896664}. Best is trial 62 with value: 0.13680751621723175.
LOCAL_RANK: 0 - CUDA_VISIBLE_DEVICES: [0]
[I 2023-11-30 08:58:21,985] Trial 110 finished with value: 0.21964873373508453 and parameters: {'gradient_clip_val': 0.7054248235016272, 'hidden_size': 79, 'dropout': 0.3343460055090993, 'hidden_continuous_size': 52, 'attention_head_size': 3, 'learning_rate': 0.06348609606038567}. Best is trial 62 with value: 0.13680751621723175.
LOCAL_RANK: 0 - CUDA_VISIBLE_DEVICES: [0]
[I 2023-11-30 08:58:35,834] Trial 111 finished with value: 0.22966687381267548 and parameters: {'gradient_clip_val': 0.6149008643189492, 'hidden_size': 73, 'dropout': 0.27499044213845036, 'hidden_continuous_size': 48, 'attention_head_size': 4, 'learning_rate': 0.049855898825737065}. Best is trial 62 with value: 0.13680751621723175.
LOCAL_RANK: 0 - CUDA_VISIBLE_DEVICES: [0]
[I 2023-11-30 08:58:49,586] Trial 112 finished with value: 0.32144618034362793 and parameters: {'gradient_clip_val': 0.5882461673153508, 'hidden_size': 66, 'dropout': 0.28758206792095103, 'hidden_continuous_size': 46, 'attention_head_size': 4, 'learning_rate': 0.044464343715012164}. Best is trial 62 with value: 0.13680751621723175.
LOCAL_RANK: 0 - CUDA_VISIBLE_DEVICES: [0]
[I 2023-11-30 08:59:03,400] Trial 113 finished with value: 0.23941157758235931 and parameters: {'gradient_clip_val': 0.5519912022961359, 'hidden_size': 50, 'dropout': 0.30052341928583576, 'hidden_continuous_size': 42, 'attention_head_size': 4, 'learning_rate': 0.054735932301416164}. Best is trial 62 with value: 0.13680751621723175.
LOCAL_RANK: 0 - CUDA_VISIBLE_DEVICES: [0]
[I 2023-11-30 08:59:17,133] Trial 114 finished with value: 0.3481949269771576 and parameters: {'gradient_clip_val': 0.6494388692497574, 'hidden_size': 57, 'dropout': 0.25891939866562663, 'hidden_continuous_size': 43, 'attention_head_size': 4, 'learning_rate': 0.06201510769023678}. Best is trial 62 with value: 0.13680751621723175.
LOCAL_RANK: 0 - CUDA_VISIBLE_DEVICES: [0]
[I 2023-11-30 08:59:31,280] Trial 115 finished with value: 0.30586352944374084 and parameters: {'gradient_clip_val': 0.609564959670569, 'hidden_size': 107, 'dropout': 0.2663903968479086, 'hidden_continuous_size': 34, 'attention_head_size': 4, 'learning_rate': 0.0417680961730754}. Best is trial 62 with value: 0.13680751621723175.
LOCAL_RANK: 0 - CUDA_VISIBLE_DEVICES: [0]
[I 2023-11-30 08:59:45,359] Trial 116 finished with value: 0.2951207160949707 and parameters: {'gradient_clip_val': 0.5360786713278864, 'hidden_size': 83, 'dropout': 0.3274563323671363, 'hidden_continuous_size': 54, 'attention_head_size': 4, 'learning_rate': 0.08170100506259868}. Best is trial 62 with value: 0.13680751621723175.
LOCAL_RANK: 0 - CUDA_VISIBLE_DEVICES: [0]
[I 2023-11-30 08:59:59,311] Trial 117 finished with value: 0.2597754895687103 and parameters: {'gradient_clip_val': 0.47904448376643766, 'hidden_size': 89, 'dropout': 0.30968288296373936, 'hidden_continuous_size': 50, 'attention_head_size': 2, 'learning_rate': 0.02820756221428922}. Best is trial 62 with value: 0.13680751621723175.
LOCAL_RANK: 0 - CUDA_VISIBLE_DEVICES: [0]
[I 2023-11-30 09:00:13,598] Trial 118 finished with value: 0.5518262386322021 and parameters: {'gradient_clip_val': 0.5035538600873591, 'hidden_size': 121, 'dropout': 0.2935808986880441, 'hidden_continuous_size': 32, 'attention_head_size': 4, 'learning_rate': 0.0379441587256797}. Best is trial 62 with value: 0.13680751621723175.
LOCAL_RANK: 0 - CUDA_VISIBLE_DEVICES: [0]
[I 2023-11-30 09:00:27,101] Trial 119 finished with value: 0.5947058796882629 and parameters: {'gradient_clip_val': 0.7290965472964087, 'hidden_size': 46, 'dropout': 0.3171231465154526, 'hidden_continuous_size': 41, 'attention_head_size': 4, 'learning_rate': 0.04972034638874995}. Best is trial 62 with value: 0.13680751621723175.
LOCAL_RANK: 0 - CUDA_VISIBLE_DEVICES: [0]
[I 2023-11-30 09:00:40,893] Trial 120 finished with value: 0.31174495816230774 and parameters: {'gradient_clip_val': 0.6638029103599407, 'hidden_size': 67, 'dropout': 0.28519646162656637, 'hidden_continuous_size': 48, 'attention_head_size': 4, 'learning_rate': 0.07155672066757861}. Best is trial 62 with value: 0.13680751621723175.
LOCAL_RANK: 0 - CUDA_VISIBLE_DEVICES: [0]
[I 2023-11-30 09:00:54,822] Trial 121 finished with value: 0.4342878758907318 and parameters: {'gradient_clip_val': 0.6095210643091197, 'hidden_size': 84, 'dropout': 0.3059683392243512, 'hidden_continuous_size': 45, 'attention_head_size': 4, 'learning_rate': 0.0483074439362715}. Best is trial 62 with value: 0.13680751621723175.
LOCAL_RANK: 0 - CUDA_VISIBLE_DEVICES: [0]
[I 2023-11-30 09:01:08,568] Trial 122 finished with value: 0.23598651587963104 and parameters: {'gradient_clip_val': 0.5845062423983561, 'hidden_size': 73, 'dropout': 0.3136334498353839, 'hidden_continuous_size': 38, 'attention_head_size': 4, 'learning_rate': 0.05353242084094539}. Best is trial 62 with value: 0.13680751621723175.
LOCAL_RANK: 0 - CUDA_VISIBLE_DEVICES: [0]
[I 2023-11-30 09:01:22,497] Trial 123 finished with value: 0.2190280556678772 and parameters: {'gradient_clip_val': 0.6358751241176434, 'hidden_size': 71, 'dropout': 0.3226353431038416, 'hidden_continuous_size': 40, 'attention_head_size': 4, 'learning_rate': 0.059720798730293706}. Best is trial 62 with value: 0.13680751621723175.
LOCAL_RANK: 0 - CUDA_VISIBLE_DEVICES: [0]
[I 2023-11-30 09:01:36,326] Trial 124 finished with value: 0.1869402974843979 and parameters: {'gradient_clip_val': 0.5614210628496503, 'hidden_size': 77, 'dropout': 0.27745524460534976, 'hidden_continuous_size': 43, 'attention_head_size': 4, 'learning_rate': 0.04487010766199287}. Best is trial 62 with value: 0.13680751621723175.
LOCAL_RANK: 0 - CUDA_VISIBLE_DEVICES: [0]
[I 2023-11-30 09:01:50,382] Trial 125 finished with value: 0.3787761926651001 and parameters: {'gradient_clip_val': 0.5222211503761774, 'hidden_size': 95, 'dropout': 0.309721268096928, 'hidden_continuous_size': 36, 'attention_head_size': 4, 'learning_rate': 0.05177815727933069}. Best is trial 62 with value: 0.13680751621723175.
LOCAL_RANK: 0 - CUDA_VISIBLE_DEVICES: [0]
[I 2023-11-30 09:02:04,118] Trial 126 finished with value: 0.31978702545166016 and parameters: {'gradient_clip_val': 0.6114755824052506, 'hidden_size': 61, 'dropout': 0.33246209696513707, 'hidden_continuous_size': 44, 'attention_head_size': 4, 'learning_rate': 0.0671972075737047}. Best is trial 62 with value: 0.13680751621723175.
LOCAL_RANK: 0 - CUDA_VISIBLE_DEVICES: [0]
[I 2023-11-30 09:02:18,201] Trial 127 finished with value: 0.33196017146110535 and parameters: {'gradient_clip_val': 0.6957915274645179, 'hidden_size': 102, 'dropout': 0.29189384318095724, 'hidden_continuous_size': 56, 'attention_head_size': 4, 'learning_rate': 0.040416504977758734}. Best is trial 62 with value: 0.13680751621723175.
LOCAL_RANK: 0 - CUDA_VISIBLE_DEVICES: [0]
[I 2023-11-30 09:02:31,952] Trial 128 finished with value: 0.4711339473724365 and parameters: {'gradient_clip_val': 0.7505947863910926, 'hidden_size': 55, 'dropout': 0.34247692212975933, 'hidden_continuous_size': 39, 'attention_head_size': 4, 'learning_rate': 0.03368272672210406}. Best is trial 62 with value: 0.13680751621723175.
LOCAL_RANK: 0 - CUDA_VISIBLE_DEVICES: [0]
[I 2023-11-30 09:02:46,165] Trial 129 finished with value: 0.303112655878067 and parameters: {'gradient_clip_val': 0.6717948194209217, 'hidden_size': 115, 'dropout': 0.29875958176972855, 'hidden_continuous_size': 51, 'attention_head_size': 4, 'learning_rate': 0.07845750078789622}. Best is trial 62 with value: 0.13680751621723175.
LOCAL_RANK: 0 - CUDA_VISIBLE_DEVICES: [0]
[I 2023-11-30 09:02:59,506] Trial 130 finished with value: 0.2460215836763382 and parameters: {'gradient_clip_val': 0.5716790995356943, 'hidden_size': 42, 'dropout': 0.3293141140811392, 'hidden_continuous_size': 40, 'attention_head_size': 4, 'learning_rate': 0.058173318506899406}. Best is trial 62 with value: 0.13680751621723175.
LOCAL_RANK: 0 - CUDA_VISIBLE_DEVICES: [0]
[I 2023-11-30 09:03:13,236] Trial 131 finished with value: 0.21998615562915802 and parameters: {'gradient_clip_val': 0.5487207931944018, 'hidden_size': 77, 'dropout': 0.2777420991911604, 'hidden_continuous_size': 43, 'attention_head_size': 4, 'learning_rate': 0.04861896836818992}. Best is trial 62 with value: 0.13680751621723175.
LOCAL_RANK: 0 - CUDA_VISIBLE_DEVICES: [0]
[I 2023-11-30 09:03:26,998] Trial 132 finished with value: 0.27174100279808044 and parameters: {'gradient_clip_val': 0.5695509125586625, 'hidden_size': 76, 'dropout': 0.2686456951807391, 'hidden_continuous_size': 46, 'attention_head_size': 4, 'learning_rate': 0.04506255131081666}. Best is trial 62 with value: 0.13680751621723175.
LOCAL_RANK: 0 - CUDA_VISIBLE_DEVICES: [0]
[I 2023-11-30 09:03:41,016] Trial 133 finished with value: 0.6777461171150208 and parameters: {'gradient_clip_val': 0.6315979801380117, 'hidden_size': 70, 'dropout': 0.28364215723009867, 'hidden_continuous_size': 49, 'attention_head_size': 4, 'learning_rate': 0.04349282720534279}. Best is trial 62 with value: 0.13680751621723175.
LOCAL_RANK: 0 - CUDA_VISIBLE_DEVICES: [0]
[I 2023-11-30 09:03:54,889] Trial 134 finished with value: 0.24319656193256378 and parameters: {'gradient_clip_val': 0.523557662130529, 'hidden_size': 90, 'dropout': 0.2625306599835457, 'hidden_continuous_size': 37, 'attention_head_size': 4, 'learning_rate': 0.06511553391618814}. Best is trial 62 with value: 0.13680751621723175.
LOCAL_RANK: 0 - CUDA_VISIBLE_DEVICES: [0]
[I 2023-11-30 09:04:08,569] Trial 135 finished with value: 0.7117449641227722 and parameters: {'gradient_clip_val': 0.6024590799845624, 'hidden_size': 80, 'dropout': 0.2723497407764862, 'hidden_continuous_size': 42, 'attention_head_size': 4, 'learning_rate': 0.05464002499509697}. Best is trial 62 with value: 0.13680751621723175.
LOCAL_RANK: 0 - CUDA_VISIBLE_DEVICES: [0]
[I 2023-11-30 09:04:22,023] Trial 136 finished with value: 0.441488653421402 and parameters: {'gradient_clip_val': 0.4645877618516914, 'hidden_size': 64, 'dropout': 0.2776675761079422, 'hidden_continuous_size': 47, 'attention_head_size': 2, 'learning_rate': 0.08997899998360923}. Best is trial 62 with value: 0.13680751621723175.
LOCAL_RANK: 0 - CUDA_VISIBLE_DEVICES: [0]
[I 2023-11-30 09:04:36,095] Trial 137 finished with value: 0.2206215113401413 and parameters: {'gradient_clip_val': 0.48826429559734336, 'hidden_size': 85, 'dropout': 0.25401882849135465, 'hidden_continuous_size': 44, 'attention_head_size': 4, 'learning_rate': 0.03685895914891924}. Best is trial 62 with value: 0.13680751621723175.
LOCAL_RANK: 0 - CUDA_VISIBLE_DEVICES: [0]
[I 2023-11-30 09:04:50,353] Trial 138 finished with value: 0.4087153673171997 and parameters: {'gradient_clip_val': 0.5682529904106728, 'hidden_size': 97, 'dropout': 0.28912774554091114, 'hidden_continuous_size': 33, 'attention_head_size': 4, 'learning_rate': 0.04706078191324777}. Best is trial 62 with value: 0.13680751621723175.
LOCAL_RANK: 0 - CUDA_VISIBLE_DEVICES: [0]
[I 2023-11-30 09:05:04,056] Trial 139 finished with value: 0.333883136510849 and parameters: {'gradient_clip_val': 0.6496298490149195, 'hidden_size': 67, 'dropout': 0.319580040832067, 'hidden_continuous_size': 43, 'attention_head_size': 4, 'learning_rate': 0.07441252733817513}. Best is trial 62 with value: 0.13680751621723175.
LOCAL_RANK: 0 - CUDA_VISIBLE_DEVICES: [0]
[I 2023-11-30 09:05:17,503] Trial 140 finished with value: 0.18743936717510223 and parameters: {'gradient_clip_val': 0.5372700389022823, 'hidden_size': 52, 'dropout': 0.30459107351235765, 'hidden_continuous_size': 41, 'attention_head_size': 4, 'learning_rate': 0.03955769639457588}. Best is trial 62 with value: 0.13680751621723175.
LOCAL_RANK: 0 - CUDA_VISIBLE_DEVICES: [0]
[I 2023-11-30 09:05:31,766] Trial 141 finished with value: 0.22828923165798187 and parameters: {'gradient_clip_val': 0.5944019667730503, 'hidden_size': 125, 'dropout': 0.2471580325314752, 'hidden_continuous_size': 52, 'attention_head_size': 4, 'learning_rate': 0.05176667123579341}. Best is trial 62 with value: 0.13680751621723175.
LOCAL_RANK: 0 - CUDA_VISIBLE_DEVICES: [0]
[I 2023-11-30 09:05:46,124] Trial 142 finished with value: 0.49015364050865173 and parameters: {'gradient_clip_val': 0.679516393098163, 'hidden_size': 135, 'dropout': 0.2619050251758964, 'hidden_continuous_size': 35, 'attention_head_size': 4, 'learning_rate': 0.059411236801057525}. Best is trial 62 with value: 0.13680751621723175.
LOCAL_RANK: 0 - CUDA_VISIBLE_DEVICES: [0]
[I 2023-11-30 09:06:00,681] Trial 143 finished with value: 0.3531891107559204 and parameters: {'gradient_clip_val': 0.6238465553501137, 'hidden_size': 129, 'dropout': 0.27023545140951255, 'hidden_continuous_size': 57, 'attention_head_size': 4, 'learning_rate': 0.031152990188323498}. Best is trial 62 with value: 0.13680751621723175.
LOCAL_RANK: 0 - CUDA_VISIBLE_DEVICES: [0]
[I 2023-11-30 09:06:14,873] Trial 144 finished with value: 0.5970398783683777 and parameters: {'gradient_clip_val': 0.5915031856479882, 'hidden_size': 110, 'dropout': 0.23921329153770232, 'hidden_continuous_size': 49, 'attention_head_size': 4, 'learning_rate': 0.045651791684845414}. Best is trial 62 with value: 0.13680751621723175.
LOCAL_RANK: 0 - CUDA_VISIBLE_DEVICES: [0]
[I 2023-11-30 09:06:28,699] Trial 145 finished with value: 0.18675260245800018 and parameters: {'gradient_clip_val': 0.5069291925470623, 'hidden_size': 80, 'dropout': 0.25732640925643935, 'hidden_continuous_size': 46, 'attention_head_size': 4, 'learning_rate': 0.06322163546186123}. Best is trial 62 with value: 0.13680751621723175.
LOCAL_RANK: 0 - CUDA_VISIBLE_DEVICES: [0]
[I 2023-11-30 09:06:42,600] Trial 146 finished with value: 0.25850245356559753 and parameters: {'gradient_clip_val': 0.5039266864652696, 'hidden_size': 75, 'dropout': 0.28158857117052327, 'hidden_continuous_size': 46, 'attention_head_size': 4, 'learning_rate': 0.06441020973084727}. Best is trial 62 with value: 0.13680751621723175.
LOCAL_RANK: 0 - CUDA_VISIBLE_DEVICES: [0]
[I 2023-11-30 09:06:56,342] Trial 147 finished with value: 0.5016517043113708 and parameters: {'gradient_clip_val': 0.5588442361687398, 'hidden_size': 80, 'dropout': 0.25492695980852564, 'hidden_continuous_size': 45, 'attention_head_size': 4, 'learning_rate': 0.08379101523240712}. Best is trial 62 with value: 0.13680751621723175.
LOCAL_RANK: 0 - CUDA_VISIBLE_DEVICES: [0]
[I 2023-11-30 09:07:10,445] Trial 148 finished with value: 0.21862490475177765 and parameters: {'gradient_clip_val': 0.4327485894424966, 'hidden_size': 87, 'dropout': 0.2983674760481673, 'hidden_continuous_size': 38, 'attention_head_size': 4, 'learning_rate': 0.0703753819192079}. Best is trial 62 with value: 0.13680751621723175.
LOCAL_RANK: 0 - CUDA_VISIBLE_DEVICES: [0]
[I 2023-11-30 09:07:24,247] Trial 149 finished with value: 0.3213120400905609 and parameters: {'gradient_clip_val': 0.5405893376531264, 'hidden_size': 72, 'dropout': 0.3125595449422747, 'hidden_continuous_size': 47, 'attention_head_size': 4, 'learning_rate': 0.05405295775784213}. Best is trial 62 with value: 0.13680751621723175.
[I 2023-11-30 09:07:24,376] A new study created in memory with name: no-name-fb184f98-154d-4f29-bf2c-f5c662ec2e49
/home/le004/conda/anaconda3/envs/tsff_env/lib/python3.9/site-packages/lightning/fabric/plugins/environments/slurm.py:191: The `srun` command is available on your system but is not used. HINT: If your intention is to run Lightning on SLURM, prepend your python command with `srun` like so: srun python /home/le004/master_thesis/git/TSFusionForecast/code/ ...
LOCAL_RANK: 0 - CUDA_VISIBLE_DEVICES: [0]
[I 2023-11-30 09:07:36,650] Trial 0 finished with value: 1.9999264478683472 and parameters: {'gradient_clip_val': 0.10768170291804006, 'hidden_size': 18, 'dropout': 0.3971945877034603, 'hidden_continuous_size': 14, 'attention_head_size': 2, 'learning_rate': 0.004488327318633648}. Best is trial 0 with value: 1.9999264478683472.
LOCAL_RANK: 0 - CUDA_VISIBLE_DEVICES: [0]
[I 2023-11-30 09:07:49,000] Trial 1 finished with value: 0.9702959060668945 and parameters: {'gradient_clip_val': 0.17393741862605624, 'hidden_size': 17, 'dropout': 0.3181351881261687, 'hidden_continuous_size': 12, 'attention_head_size': 4, 'learning_rate': 0.027220979757473306}. Best is trial 1 with value: 0.9702959060668945.
LOCAL_RANK: 0 - CUDA_VISIBLE_DEVICES: [0]
[I 2023-11-30 09:08:02,339] Trial 2 finished with value: 0.8446530699729919 and parameters: {'gradient_clip_val': 0.16118165974313978, 'hidden_size': 47, 'dropout': 0.24416711559932527, 'hidden_continuous_size': 34, 'attention_head_size': 4, 'learning_rate': 0.005709216890249352}. Best is trial 2 with value: 0.8446530699729919.
LOCAL_RANK: 0 - CUDA_VISIBLE_DEVICES: [0]
[I 2023-11-30 09:08:16,215] Trial 3 finished with value: 0.6072384715080261 and parameters: {'gradient_clip_val': 0.7994444029613896, 'hidden_size': 114, 'dropout': 0.2847785674159643, 'hidden_continuous_size': 18, 'attention_head_size': 1, 'learning_rate': 0.004958207698254312}. Best is trial 3 with value: 0.6072384715080261.
LOCAL_RANK: 0 - CUDA_VISIBLE_DEVICES: [0]
[I 2023-11-30 09:08:28,497] Trial 4 finished with value: 2.2513668537139893 and parameters: {'gradient_clip_val': 0.5461154175374746, 'hidden_size': 23, 'dropout': 0.1766225348635843, 'hidden_continuous_size': 11, 'attention_head_size': 3, 'learning_rate': 0.0018627383701129384}. Best is trial 3 with value: 0.6072384715080261.
LOCAL_RANK: 0 - CUDA_VISIBLE_DEVICES: [0]
[I 2023-11-30 09:08:41,793] Trial 5 finished with value: 1.0129021406173706 and parameters: {'gradient_clip_val': 0.49451955105648154, 'hidden_size': 82, 'dropout': 0.3664019431008091, 'hidden_continuous_size': 10, 'attention_head_size': 2, 'learning_rate': 0.0049489500743911344}. Best is trial 3 with value: 0.6072384715080261.
LOCAL_RANK: 0 - CUDA_VISIBLE_DEVICES: [0]
[I 2023-11-30 09:08:55,522] Trial 6 finished with value: 0.4878087341785431 and parameters: {'gradient_clip_val': 0.1121637866996585, 'hidden_size': 85, 'dropout': 0.35991236879902877, 'hidden_continuous_size': 29, 'attention_head_size': 4, 'learning_rate': 0.015317745415754449}. Best is trial 6 with value: 0.4878087341785431.
LOCAL_RANK: 0 - CUDA_VISIBLE_DEVICES: [0]
[I 2023-11-30 09:09:08,595] Trial 7 finished with value: 0.48580169677734375 and parameters: {'gradient_clip_val': 0.6989469153028282, 'hidden_size': 49, 'dropout': 0.2740162098615381, 'hidden_continuous_size': 12, 'attention_head_size': 3, 'learning_rate': 0.08487400679759617}. Best is trial 7 with value: 0.48580169677734375.
LOCAL_RANK: 0 - CUDA_VISIBLE_DEVICES: [0]
[I 2023-11-30 09:09:23,086] Trial 8 finished with value: 0.8365211486816406 and parameters: {'gradient_clip_val': 0.4656877811156084, 'hidden_size': 110, 'dropout': 0.3110304050589042, 'hidden_continuous_size': 69, 'attention_head_size': 4, 'learning_rate': 0.0016642752560454132}. Best is trial 7 with value: 0.48580169677734375.
LOCAL_RANK: 0 - CUDA_VISIBLE_DEVICES: [0]
[I 2023-11-30 09:09:37,042] Trial 9 finished with value: 0.46920111775398254 and parameters: {'gradient_clip_val': 0.8457214610194234, 'hidden_size': 104, 'dropout': 0.35941245226023544, 'hidden_continuous_size': 46, 'attention_head_size': 2, 'learning_rate': 0.004936649356719776}. Best is trial 9 with value: 0.46920111775398254.
LOCAL_RANK: 0 - CUDA_VISIBLE_DEVICES: [0]
[I 2023-11-30 09:09:47,308] Trial 10 finished with value: 4.987857341766357 and parameters: {'gradient_clip_val': 0.9790290549160764, 'hidden_size': 10, 'dropout': 0.11017277121730376, 'hidden_continuous_size': 10, 'attention_head_size': 1, 'learning_rate': 0.0010592588775274409}. Best is trial 9 with value: 0.46920111775398254.
LOCAL_RANK: 0 - CUDA_VISIBLE_DEVICES: [0]
[I 2023-11-30 09:10:00,327] Trial 11 finished with value: 0.38367047905921936 and parameters: {'gradient_clip_val': 0.7425664287212917, 'hidden_size': 52, 'dropout': 0.24716358857385565, 'hidden_continuous_size': 18, 'attention_head_size': 3, 'learning_rate': 0.09191175904849692}. Best is trial 11 with value: 0.38367047905921936.
LOCAL_RANK: 0 - CUDA_VISIBLE_DEVICES: [0]
[I 2023-11-30 09:10:14,770] Trial 12 finished with value: 0.4259970188140869 and parameters: {'gradient_clip_val': 0.993915770127471, 'hidden_size': 142, 'dropout': 0.22700987729216016, 'hidden_continuous_size': 69, 'attention_head_size': 2, 'learning_rate': 0.09859342475303724}. Best is trial 11 with value: 0.38367047905921936.
LOCAL_RANK: 0 - CUDA_VISIBLE_DEVICES: [0]
[I 2023-11-30 09:10:28,290] Trial 13 finished with value: 0.4414741098880768 and parameters: {'gradient_clip_val': 0.3093149420703454, 'hidden_size': 62, 'dropout': 0.2199544228280918, 'hidden_continuous_size': 21, 'attention_head_size': 3, 'learning_rate': 0.0945550128862709}. Best is trial 11 with value: 0.38367047905921936.
LOCAL_RANK: 0 - CUDA_VISIBLE_DEVICES: [0]
[I 2023-11-30 09:10:42,938] Trial 14 finished with value: 0.7510144114494324 and parameters: {'gradient_clip_val': 0.9953894397773426, 'hidden_size': 131, 'dropout': 0.19334509672049752, 'hidden_continuous_size': 119, 'attention_head_size': 2, 'learning_rate': 0.04908769743985824}. Best is trial 11 with value: 0.38367047905921936.
LOCAL_RANK: 0 - CUDA_VISIBLE_DEVICES: [0]
