[I 2023-11-30 09:23:31,932] Trial 74 finished with value: 0.6434651017189026 and parameters: {'gradient_clip_val': 0.9986839778593573, 'hidden_size': 46, 'dropout': 0.3208351638069368, 'hidden_continuous_size': 16, 'attention_head_size': 3, 'learning_rate': 0.06424826670781782}. Best is trial 66 with value: 0.2261955589056015.
LOCAL_RANK: 0 - CUDA_VISIBLE_DEVICES: [0]
[I 2023-11-30 09:23:44,972] Trial 75 finished with value: 0.34765124320983887 and parameters: {'gradient_clip_val': 0.7070614242530638, 'hidden_size': 41, 'dropout': 0.359356186660653, 'hidden_continuous_size': 17, 'attention_head_size': 3, 'learning_rate': 0.07312321146913202}. Best is trial 66 with value: 0.2261955589056015.
LOCAL_RANK: 0 - CUDA_VISIBLE_DEVICES: [0]
[I 2023-11-30 09:23:57,767] Trial 76 finished with value: 0.4374692440032959 and parameters: {'gradient_clip_val': 0.8195361220625008, 'hidden_size': 37, 'dropout': 0.3125322557948073, 'hidden_continuous_size': 18, 'attention_head_size': 3, 'learning_rate': 0.09896183457114664}. Best is trial 66 with value: 0.2261955589056015.
LOCAL_RANK: 0 - CUDA_VISIBLE_DEVICES: [0]
[I 2023-11-30 09:24:10,789] Trial 77 finished with value: 0.2547299861907959 and parameters: {'gradient_clip_val': 0.6448917641358549, 'hidden_size': 58, 'dropout': 0.33175633436996965, 'hidden_continuous_size': 21, 'attention_head_size': 2, 'learning_rate': 0.05375264240486157}. Best is trial 66 with value: 0.2261955589056015.
LOCAL_RANK: 0 - CUDA_VISIBLE_DEVICES: [0]
[I 2023-11-30 09:24:23,920] Trial 78 finished with value: 0.2180371731519699 and parameters: {'gradient_clip_val': 0.6458145893308802, 'hidden_size': 62, 'dropout': 0.33210755428143146, 'hidden_continuous_size': 15, 'attention_head_size': 3, 'learning_rate': 0.052694543838143704}. Best is trial 78 with value: 0.2180371731519699.
LOCAL_RANK: 0 - CUDA_VISIBLE_DEVICES: [0]
[I 2023-11-30 09:24:37,118] Trial 79 finished with value: 0.22861218452453613 and parameters: {'gradient_clip_val': 0.6454023463084443, 'hidden_size': 58, 'dropout': 0.3289570218310981, 'hidden_continuous_size': 22, 'attention_head_size': 3, 'learning_rate': 0.05175707268517082}. Best is trial 78 with value: 0.2180371731519699.
LOCAL_RANK: 0 - CUDA_VISIBLE_DEVICES: [0]
[I 2023-11-30 09:24:50,563] Trial 80 finished with value: 0.43232059478759766 and parameters: {'gradient_clip_val': 0.6300412231907286, 'hidden_size': 66, 'dropout': 0.30463295178700556, 'hidden_continuous_size': 15, 'attention_head_size': 3, 'learning_rate': 0.04494727103970595}. Best is trial 78 with value: 0.2180371731519699.
LOCAL_RANK: 0 - CUDA_VISIBLE_DEVICES: [0]
[I 2023-11-30 09:25:03,789] Trial 81 finished with value: 0.3401997983455658 and parameters: {'gradient_clip_val': 0.639844772728451, 'hidden_size': 62, 'dropout': 0.32955732559382717, 'hidden_continuous_size': 19, 'attention_head_size': 3, 'learning_rate': 0.052168292350750566}. Best is trial 78 with value: 0.2180371731519699.
LOCAL_RANK: 0 - CUDA_VISIBLE_DEVICES: [0]
[I 2023-11-30 09:25:17,007] Trial 82 finished with value: 0.41587337851524353 and parameters: {'gradient_clip_val': 0.7665562560227674, 'hidden_size': 55, 'dropout': 0.32754069707908173, 'hidden_continuous_size': 22, 'attention_head_size': 3, 'learning_rate': 0.05921345512992466}. Best is trial 78 with value: 0.2180371731519699.
LOCAL_RANK: 0 - CUDA_VISIBLE_DEVICES: [0]
[I 2023-11-30 09:25:30,371] Trial 83 finished with value: 0.27703985571861267 and parameters: {'gradient_clip_val': 0.6770372511175087, 'hidden_size': 59, 'dropout': 0.3364704321089829, 'hidden_continuous_size': 20, 'attention_head_size': 3, 'learning_rate': 0.05242046819167304}. Best is trial 78 with value: 0.2180371731519699.
LOCAL_RANK: 0 - CUDA_VISIBLE_DEVICES: [0]
[I 2023-11-30 09:25:43,778] Trial 84 finished with value: 0.34016844630241394 and parameters: {'gradient_clip_val': 0.5807959286433381, 'hidden_size': 80, 'dropout': 0.31787137328687076, 'hidden_continuous_size': 16, 'attention_head_size': 3, 'learning_rate': 0.0691728819850003}. Best is trial 78 with value: 0.2180371731519699.
LOCAL_RANK: 0 - CUDA_VISIBLE_DEVICES: [0]
[I 2023-11-30 09:25:57,207] Trial 85 finished with value: 0.6286277174949646 and parameters: {'gradient_clip_val': 0.6285256983311267, 'hidden_size': 63, 'dropout': 0.3092474770332888, 'hidden_continuous_size': 19, 'attention_head_size': 3, 'learning_rate': 0.03734306290064973}. Best is trial 78 with value: 0.2180371731519699.
LOCAL_RANK: 0 - CUDA_VISIBLE_DEVICES: [0]
[I 2023-11-30 09:26:10,515] Trial 86 finished with value: 0.2715640962123871 and parameters: {'gradient_clip_val': 0.8445045692258187, 'hidden_size': 57, 'dropout': 0.3456610224897312, 'hidden_continuous_size': 22, 'attention_head_size': 3, 'learning_rate': 0.06111041220721106}. Best is trial 78 with value: 0.2180371731519699.
LOCAL_RANK: 0 - CUDA_VISIBLE_DEVICES: [0]
[I 2023-11-30 09:26:23,922] Trial 87 finished with value: 0.3598438799381256 and parameters: {'gradient_clip_val': 0.5415164318757443, 'hidden_size': 73, 'dropout': 0.3254355952404984, 'hidden_continuous_size': 14, 'attention_head_size': 3, 'learning_rate': 0.04575764843462453}. Best is trial 78 with value: 0.2180371731519699.
LOCAL_RANK: 0 - CUDA_VISIBLE_DEVICES: [0]
[I 2023-11-30 09:26:37,061] Trial 88 finished with value: 0.44863978028297424 and parameters: {'gradient_clip_val': 0.7083015078846394, 'hidden_size': 50, 'dropout': 0.29472495017035055, 'hidden_continuous_size': 21, 'attention_head_size': 3, 'learning_rate': 0.07272890699092649}. Best is trial 78 with value: 0.2180371731519699.
LOCAL_RANK: 0 - CUDA_VISIBLE_DEVICES: [0]
[I 2023-11-30 09:26:50,140] Trial 89 finished with value: 0.23840320110321045 and parameters: {'gradient_clip_val': 0.7678983208574692, 'hidden_size': 63, 'dropout': 0.3369909553132314, 'hidden_continuous_size': 15, 'attention_head_size': 3, 'learning_rate': 0.05445644572814609}. Best is trial 78 with value: 0.2180371731519699.
LOCAL_RANK: 0 - CUDA_VISIBLE_DEVICES: [0]
[I 2023-11-30 09:27:03,605] Trial 90 finished with value: 0.2848502993583679 and parameters: {'gradient_clip_val': 0.7852662143519642, 'hidden_size': 67, 'dropout': 0.31204345662819555, 'hidden_continuous_size': 15, 'attention_head_size': 3, 'learning_rate': 0.03562420999818411}. Best is trial 78 with value: 0.2180371731519699.
LOCAL_RANK: 0 - CUDA_VISIBLE_DEVICES: [0]
[I 2023-11-30 09:27:16,804] Trial 91 finished with value: 0.4262760579586029 and parameters: {'gradient_clip_val': 0.6517399826627339, 'hidden_size': 62, 'dropout': 0.32057907069046293, 'hidden_continuous_size': 16, 'attention_head_size': 3, 'learning_rate': 0.05214473819394297}. Best is trial 78 with value: 0.2180371731519699.
LOCAL_RANK: 0 - CUDA_VISIBLE_DEVICES: [0]
[I 2023-11-30 09:27:29,813] Trial 92 finished with value: 0.4530748426914215 and parameters: {'gradient_clip_val': 0.7622859820138543, 'hidden_size': 55, 'dropout': 0.3374588219061899, 'hidden_continuous_size': 17, 'attention_head_size': 3, 'learning_rate': 0.06275542477584607}. Best is trial 78 with value: 0.2180371731519699.
LOCAL_RANK: 0 - CUDA_VISIBLE_DEVICES: [0]
[I 2023-11-30 09:27:42,970] Trial 93 finished with value: 0.3592492640018463 and parameters: {'gradient_clip_val': 0.6972469967038454, 'hidden_size': 61, 'dropout': 0.33427572224683316, 'hidden_continuous_size': 15, 'attention_head_size': 3, 'learning_rate': 0.08137078552629856}. Best is trial 78 with value: 0.2180371731519699.
LOCAL_RANK: 0 - CUDA_VISIBLE_DEVICES: [0]
[I 2023-11-30 09:27:55,752] Trial 94 finished with value: 0.3333025574684143 and parameters: {'gradient_clip_val': 0.6125877190652902, 'hidden_size': 48, 'dropout': 0.3470698800577266, 'hidden_continuous_size': 18, 'attention_head_size': 2, 'learning_rate': 0.04658882614724433}. Best is trial 78 with value: 0.2180371731519699.
LOCAL_RANK: 0 - CUDA_VISIBLE_DEVICES: [0]
[I 2023-11-30 09:28:09,080] Trial 95 finished with value: 0.391409307718277 and parameters: {'gradient_clip_val': 0.5767957280473125, 'hidden_size': 65, 'dropout': 0.3555659135458727, 'hidden_continuous_size': 14, 'attention_head_size': 3, 'learning_rate': 0.05578733114761746}. Best is trial 78 with value: 0.2180371731519699.
LOCAL_RANK: 0 - CUDA_VISIBLE_DEVICES: [0]
[I 2023-11-30 09:28:22,023] Trial 96 finished with value: 0.5905598998069763 and parameters: {'gradient_clip_val': 0.7328586237686093, 'hidden_size': 45, 'dropout': 0.34140496932613273, 'hidden_continuous_size': 20, 'attention_head_size': 2, 'learning_rate': 0.06839000010172071}. Best is trial 78 with value: 0.2180371731519699.
LOCAL_RANK: 0 - CUDA_VISIBLE_DEVICES: [0]
[I 2023-11-30 09:28:35,320] Trial 97 finished with value: 0.4246703088283539 and parameters: {'gradient_clip_val': 0.6676776124597819, 'hidden_size': 58, 'dropout': 0.37004433763903255, 'hidden_continuous_size': 24, 'attention_head_size': 3, 'learning_rate': 0.04324512845222728}. Best is trial 78 with value: 0.2180371731519699.
LOCAL_RANK: 0 - CUDA_VISIBLE_DEVICES: [0]
[I 2023-11-30 09:28:48,302] Trial 98 finished with value: 0.6071651577949524 and parameters: {'gradient_clip_val': 0.8165621657813023, 'hidden_size': 53, 'dropout': 0.3297585870786831, 'hidden_continuous_size': 16, 'attention_head_size': 2, 'learning_rate': 0.08813956446360452}. Best is trial 78 with value: 0.2180371731519699.
LOCAL_RANK: 0 - CUDA_VISIBLE_DEVICES: [0]
[I 2023-11-30 09:29:01,078] Trial 99 finished with value: 0.5606125593185425 and parameters: {'gradient_clip_val': 0.9212244224020891, 'hidden_size': 48, 'dropout': 0.3510746255094398, 'hidden_continuous_size': 17, 'attention_head_size': 3, 'learning_rate': 0.06084313399304239}. Best is trial 78 with value: 0.2180371731519699.
LOCAL_RANK: 0 - CUDA_VISIBLE_DEVICES: [0]
[I 2023-11-30 09:29:14,481] Trial 100 finished with value: 0.3522680997848511 and parameters: {'gradient_clip_val': 0.8684736374448321, 'hidden_size': 71, 'dropout': 0.31476223901243006, 'hidden_continuous_size': 13, 'attention_head_size': 2, 'learning_rate': 0.07661164331147743}. Best is trial 78 with value: 0.2180371731519699.
LOCAL_RANK: 0 - CUDA_VISIBLE_DEVICES: [0]
[I 2023-11-30 09:29:27,395] Trial 101 finished with value: 0.37251031398773193 and parameters: {'gradient_clip_val': 0.7198230027592287, 'hidden_size': 44, 'dropout': 0.3437898268954622, 'hidden_continuous_size': 19, 'attention_head_size': 4, 'learning_rate': 0.042626580226829316}. Best is trial 78 with value: 0.2180371731519699.
LOCAL_RANK: 0 - CUDA_VISIBLE_DEVICES: [0]
[I 2023-11-30 09:29:40,216] Trial 102 finished with value: 0.3326684832572937 and parameters: {'gradient_clip_val': 0.7538797414043834, 'hidden_size': 41, 'dropout': 0.3259891646145126, 'hidden_continuous_size': 18, 'attention_head_size': 2, 'learning_rate': 0.049429514837476755}. Best is trial 78 with value: 0.2180371731519699.
LOCAL_RANK: 0 - CUDA_VISIBLE_DEVICES: [0]
[I 2023-11-30 09:29:53,140] Trial 103 finished with value: 0.33409878611564636 and parameters: {'gradient_clip_val': 0.6720132652197399, 'hidden_size': 56, 'dropout': 0.33310510697530754, 'hidden_continuous_size': 14, 'attention_head_size': 3, 'learning_rate': 0.03973123965604001}. Best is trial 78 with value: 0.2180371731519699.
LOCAL_RANK: 0 - CUDA_VISIBLE_DEVICES: [0]
[I 2023-11-30 09:30:06,140] Trial 104 finished with value: 0.4175771474838257 and parameters: {'gradient_clip_val': 0.602641729616591, 'hidden_size': 50, 'dropout': 0.3664880881756629, 'hidden_continuous_size': 15, 'attention_head_size': 3, 'learning_rate': 0.03299788515132645}. Best is trial 78 with value: 0.2180371731519699.
LOCAL_RANK: 0 - CUDA_VISIBLE_DEVICES: [0]
[I 2023-11-30 09:30:19,296] Trial 105 finished with value: 0.31254467368125916 and parameters: {'gradient_clip_val': 0.6358412750858594, 'hidden_size': 43, 'dropout': 0.35800802951714783, 'hidden_continuous_size': 16, 'attention_head_size': 4, 'learning_rate': 0.05758795898160461}. Best is trial 78 with value: 0.2180371731519699.
LOCAL_RANK: 0 - CUDA_VISIBLE_DEVICES: [0]
[I 2023-11-30 09:30:32,258] Trial 106 finished with value: 0.6778003573417664 and parameters: {'gradient_clip_val': 0.5630655575354503, 'hidden_size': 52, 'dropout': 0.348938764604113, 'hidden_continuous_size': 21, 'attention_head_size': 2, 'learning_rate': 0.0539988799003116}. Best is trial 78 with value: 0.2180371731519699.
LOCAL_RANK: 0 - CUDA_VISIBLE_DEVICES: [0]
[I 2023-11-30 09:30:44,993] Trial 107 finished with value: 0.3829435408115387 and parameters: {'gradient_clip_val': 0.775439830310736, 'hidden_size': 38, 'dropout': 0.33983918813533576, 'hidden_continuous_size': 18, 'attention_head_size': 2, 'learning_rate': 0.06545373331840099}. Best is trial 78 with value: 0.2180371731519699.
LOCAL_RANK: 0 - CUDA_VISIBLE_DEVICES: [0]
[I 2023-11-30 09:30:58,294] Trial 108 finished with value: 0.3074910342693329 and parameters: {'gradient_clip_val': 0.6973586062450553, 'hidden_size': 68, 'dropout': 0.3213935213871158, 'hidden_continuous_size': 17, 'attention_head_size': 3, 'learning_rate': 0.03733033439893383}. Best is trial 78 with value: 0.2180371731519699.
LOCAL_RANK: 0 - CUDA_VISIBLE_DEVICES: [0]
[I 2023-11-30 09:31:11,649] Trial 109 finished with value: 0.29060742259025574 and parameters: {'gradient_clip_val': 0.8153022958423338, 'hidden_size': 62, 'dropout': 0.3490101229615485, 'hidden_continuous_size': 20, 'attention_head_size': 3, 'learning_rate': 0.04818233581588461}. Best is trial 78 with value: 0.2180371731519699.
LOCAL_RANK: 0 - CUDA_VISIBLE_DEVICES: [0]
[I 2023-11-30 09:31:24,595] Trial 110 finished with value: 0.40610471367836 and parameters: {'gradient_clip_val': 0.9372177962869681, 'hidden_size': 35, 'dropout': 0.35602218704911026, 'hidden_continuous_size': 19, 'attention_head_size': 3, 'learning_rate': 0.07607979255664696}. Best is trial 78 with value: 0.2180371731519699.
LOCAL_RANK: 0 - CUDA_VISIBLE_DEVICES: [0]
[I 2023-11-30 09:31:37,371] Trial 111 finished with value: 0.5945267677307129 and parameters: {'gradient_clip_val': 0.5893073227204717, 'hidden_size': 52, 'dropout': 0.3602079848230485, 'hidden_continuous_size': 23, 'attention_head_size': 2, 'learning_rate': 0.09261990411785706}. Best is trial 78 with value: 0.2180371731519699.
LOCAL_RANK: 0 - CUDA_VISIBLE_DEVICES: [0]
[I 2023-11-30 09:31:50,587] Trial 112 finished with value: 0.46734341979026794 and parameters: {'gradient_clip_val': 0.5267601470842833, 'hidden_size': 58, 'dropout': 0.3762349701843251, 'hidden_continuous_size': 24, 'attention_head_size': 2, 'learning_rate': 0.08364134189433921}. Best is trial 78 with value: 0.2180371731519699.
LOCAL_RANK: 0 - CUDA_VISIBLE_DEVICES: [0]
[I 2023-11-30 09:32:03,533] Trial 113 finished with value: 0.41091790795326233 and parameters: {'gradient_clip_val': 0.565999734553334, 'hidden_size': 46, 'dropout': 0.3682805376592964, 'hidden_continuous_size': 22, 'attention_head_size': 2, 'learning_rate': 0.06912499204027227}. Best is trial 78 with value: 0.2180371731519699.
LOCAL_RANK: 0 - CUDA_VISIBLE_DEVICES: [0]
[I 2023-11-30 09:32:16,674] Trial 114 finished with value: 0.2686809003353119 and parameters: {'gradient_clip_val': 0.6143269413375854, 'hidden_size': 55, 'dropout': 0.3068656962396363, 'hidden_continuous_size': 25, 'attention_head_size': 2, 'learning_rate': 0.08574835031674087}. Best is trial 78 with value: 0.2180371731519699.
LOCAL_RANK: 0 - CUDA_VISIBLE_DEVICES: [0]
[I 2023-11-30 09:32:30,317] Trial 115 finished with value: 0.23338006436824799 and parameters: {'gradient_clip_val': 0.48191401583591315, 'hidden_size': 75, 'dropout': 0.33528437088687635, 'hidden_continuous_size': 15, 'attention_head_size': 2, 'learning_rate': 0.06251610164250351}. Best is trial 78 with value: 0.2180371731519699.
LOCAL_RANK: 0 - CUDA_VISIBLE_DEVICES: [0]
[I 2023-11-30 09:32:43,856] Trial 116 finished with value: 0.36833444237709045 and parameters: {'gradient_clip_val': 0.7357219192983355, 'hidden_size': 79, 'dropout': 0.3337995463143797, 'hidden_continuous_size': 29, 'attention_head_size': 2, 'learning_rate': 0.06082036387274664}. Best is trial 78 with value: 0.2180371731519699.
LOCAL_RANK: 0 - CUDA_VISIBLE_DEVICES: [0]
[I 2023-11-30 09:32:56,696] Trial 117 finished with value: 0.34168490767478943 and parameters: {'gradient_clip_val': 0.6463352021335078, 'hidden_size': 64, 'dropout': 0.34261197411428157, 'hidden_continuous_size': 13, 'attention_head_size': 2, 'learning_rate': 0.05238942271351654}. Best is trial 78 with value: 0.2180371731519699.
LOCAL_RANK: 0 - CUDA_VISIBLE_DEVICES: [0]
[I 2023-11-30 09:33:09,973] Trial 118 finished with value: 0.26626986265182495 and parameters: {'gradient_clip_val': 0.4766297775140337, 'hidden_size': 75, 'dropout': 0.32732765715809226, 'hidden_continuous_size': 14, 'attention_head_size': 3, 'learning_rate': 0.04099460654186172}. Best is trial 78 with value: 0.2180371731519699.
LOCAL_RANK: 0 - CUDA_VISIBLE_DEVICES: [0]
[I 2023-11-30 09:33:23,289] Trial 119 finished with value: 0.34443676471710205 and parameters: {'gradient_clip_val': 0.8772640702651133, 'hidden_size': 70, 'dropout': 0.33828651661234305, 'hidden_continuous_size': 15, 'attention_head_size': 3, 'learning_rate': 0.0481998973832221}. Best is trial 78 with value: 0.2180371731519699.
LOCAL_RANK: 0 - CUDA_VISIBLE_DEVICES: [0]
[I 2023-11-30 09:33:37,083] Trial 120 finished with value: 0.4207420349121094 and parameters: {'gradient_clip_val': 0.6812637687939036, 'hidden_size': 90, 'dropout': 0.3171390951708698, 'hidden_continuous_size': 16, 'attention_head_size': 3, 'learning_rate': 0.058080762010306125}. Best is trial 78 with value: 0.2180371731519699.
LOCAL_RANK: 0 - CUDA_VISIBLE_DEVICES: [0]
[I 2023-11-30 09:33:50,336] Trial 121 finished with value: 0.25857388973236084 and parameters: {'gradient_clip_val': 0.49855337757743123, 'hidden_size': 76, 'dropout': 0.32761616776999747, 'hidden_continuous_size': 14, 'attention_head_size': 3, 'learning_rate': 0.043195576845368525}. Best is trial 78 with value: 0.2180371731519699.
LOCAL_RANK: 0 - CUDA_VISIBLE_DEVICES: [0]
[I 2023-11-30 09:34:03,417] Trial 122 finished with value: 0.3260871171951294 and parameters: {'gradient_clip_val': 0.5469276538553648, 'hidden_size': 68, 'dropout': 0.3305935956377408, 'hidden_continuous_size': 12, 'attention_head_size': 3, 'learning_rate': 0.043647755350770825}. Best is trial 78 with value: 0.2180371731519699.
LOCAL_RANK: 0 - CUDA_VISIBLE_DEVICES: [0]
[I 2023-11-30 09:34:16,862] Trial 123 finished with value: 0.5886264443397522 and parameters: {'gradient_clip_val': 0.511453434846775, 'hidden_size': 73, 'dropout': 0.3463737882110309, 'hidden_continuous_size': 17, 'attention_head_size': 3, 'learning_rate': 0.06436959443521492}. Best is trial 78 with value: 0.2180371731519699.
LOCAL_RANK: 0 - CUDA_VISIBLE_DEVICES: [0]
[I 2023-11-30 09:34:30,335] Trial 124 finished with value: 0.2692224681377411 and parameters: {'gradient_clip_val': 0.5027687684358952, 'hidden_size': 77, 'dropout': 0.32189966494585204, 'hidden_continuous_size': 15, 'attention_head_size': 3, 'learning_rate': 0.03198488572180871}. Best is trial 78 with value: 0.2180371731519699.
LOCAL_RANK: 0 - CUDA_VISIBLE_DEVICES: [0]
[I 2023-11-30 09:34:43,908] Trial 125 finished with value: 0.3174107074737549 and parameters: {'gradient_clip_val': 0.46787046616883654, 'hidden_size': 83, 'dropout': 0.336607198535641, 'hidden_continuous_size': 13, 'attention_head_size': 3, 'learning_rate': 0.07078674487756322}. Best is trial 78 with value: 0.2180371731519699.
LOCAL_RANK: 0 - CUDA_VISIBLE_DEVICES: [0]
[I 2023-11-30 09:34:57,214] Trial 126 finished with value: 0.2554446756839752 and parameters: {'gradient_clip_val': 0.5293523125642942, 'hidden_size': 66, 'dropout': 0.303671322827727, 'hidden_continuous_size': 16, 'attention_head_size': 3, 'learning_rate': 0.037744318351897725}. Best is trial 78 with value: 0.2180371731519699.
LOCAL_RANK: 0 - CUDA_VISIBLE_DEVICES: [0]
[I 2023-11-30 09:35:10,315] Trial 127 finished with value: 0.32901278138160706 and parameters: {'gradient_clip_val': 0.6240933748489503, 'hidden_size': 60, 'dropout': 0.30155460271524853, 'hidden_continuous_size': 16, 'attention_head_size': 2, 'learning_rate': 0.03738076103901014}. Best is trial 78 with value: 0.2180371731519699.
LOCAL_RANK: 0 - CUDA_VISIBLE_DEVICES: [0]
[I 2023-11-30 09:35:23,663] Trial 128 finished with value: 0.35201504826545715 and parameters: {'gradient_clip_val': 0.5923914144156053, 'hidden_size': 66, 'dropout': 0.30314778200734693, 'hidden_continuous_size': 18, 'attention_head_size': 4, 'learning_rate': 0.04889009062871258}. Best is trial 78 with value: 0.2180371731519699.
LOCAL_RANK: 0 - CUDA_VISIBLE_DEVICES: [0]
[I 2023-11-30 09:35:36,771] Trial 129 finished with value: 0.4258439540863037 and parameters: {'gradient_clip_val': 0.656467810679601, 'hidden_size': 64, 'dropout': 0.3101314197421077, 'hidden_continuous_size': 17, 'attention_head_size': 3, 'learning_rate': 0.05300878673106764}. Best is trial 78 with value: 0.2180371731519699.
LOCAL_RANK: 0 - CUDA_VISIBLE_DEVICES: [0]
[I 2023-11-30 09:35:49,976] Trial 130 finished with value: 0.3906010389328003 and parameters: {'gradient_clip_val': 0.7123911157004634, 'hidden_size': 58, 'dropout': 0.29579493599913237, 'hidden_continuous_size': 18, 'attention_head_size': 2, 'learning_rate': 0.028717182446141094}. Best is trial 78 with value: 0.2180371731519699.
LOCAL_RANK: 0 - CUDA_VISIBLE_DEVICES: [0]
[I 2023-11-30 09:36:03,019] Trial 131 finished with value: 0.41109147667884827 and parameters: {'gradient_clip_val': 0.5358882202078422, 'hidden_size': 68, 'dropout': 0.31514698381810563, 'hidden_continuous_size': 16, 'attention_head_size': 3, 'learning_rate': 0.039451793287514}. Best is trial 78 with value: 0.2180371731519699.
LOCAL_RANK: 0 - CUDA_VISIBLE_DEVICES: [0]
[I 2023-11-30 09:36:16,389] Trial 132 finished with value: 0.3572002947330475 and parameters: {'gradient_clip_val': 0.5164384342615184, 'hidden_size': 75, 'dropout': 0.3291598805488621, 'hidden_continuous_size': 13, 'attention_head_size': 3, 'learning_rate': 0.044113467440930594}. Best is trial 78 with value: 0.2180371731519699.
LOCAL_RANK: 0 - CUDA_VISIBLE_DEVICES: [0]
