[I 2023-11-30 15:29:10,695] Trial 45 finished with value: 0.1540212333202362 and parameters: {'gradient_clip_val': 0.37376522394571626, 'hidden_size': 83, 'dropout': 0.36402311599298365, 'hidden_continuous_size': 31, 'attention_head_size': 2, 'learning_rate': 0.08079934316721643}. Best is trial 44 with value: 0.10515791922807693.
LOCAL_RANK: 0 - CUDA_VISIBLE_DEVICES: [0]
[I 2023-11-30 15:29:24,587] Trial 46 finished with value: 0.1471046358346939 and parameters: {'gradient_clip_val': 0.3532317092493913, 'hidden_size': 52, 'dropout': 0.3548014169297919, 'hidden_continuous_size': 35, 'attention_head_size': 1, 'learning_rate': 0.09336143414266543}. Best is trial 44 with value: 0.10515791922807693.
LOCAL_RANK: 0 - CUDA_VISIBLE_DEVICES: [0]
[I 2023-11-30 15:29:38,541] Trial 47 finished with value: 0.13769711554050446 and parameters: {'gradient_clip_val': 0.4279365146150258, 'hidden_size': 40, 'dropout': 0.3748753544401217, 'hidden_continuous_size': 32, 'attention_head_size': 3, 'learning_rate': 0.06632095222202279}. Best is trial 44 with value: 0.10515791922807693.
LOCAL_RANK: 0 - CUDA_VISIBLE_DEVICES: [0]
[I 2023-11-30 15:29:53,188] Trial 48 finished with value: 0.1739935427904129 and parameters: {'gradient_clip_val': 0.2878908167015907, 'hidden_size': 76, 'dropout': 0.3960591790079951, 'hidden_continuous_size': 41, 'attention_head_size': 2, 'learning_rate': 0.09809749999114781}. Best is trial 44 with value: 0.10515791922807693.
LOCAL_RANK: 0 - CUDA_VISIBLE_DEVICES: [0]
[I 2023-11-30 15:30:07,207] Trial 49 finished with value: 0.1866821050643921 and parameters: {'gradient_clip_val': 0.48505992224848843, 'hidden_size': 65, 'dropout': 0.33047891387219347, 'hidden_continuous_size': 43, 'attention_head_size': 2, 'learning_rate': 0.07464344914147661}. Best is trial 44 with value: 0.10515791922807693.
LOCAL_RANK: 0 - CUDA_VISIBLE_DEVICES: [0]
[I 2023-11-30 15:30:21,923] Trial 50 finished with value: 0.1247277483344078 and parameters: {'gradient_clip_val': 0.519270336099374, 'hidden_size': 93, 'dropout': 0.3857557709734685, 'hidden_continuous_size': 53, 'attention_head_size': 1, 'learning_rate': 0.044814469509084}. Best is trial 44 with value: 0.10515791922807693.
LOCAL_RANK: 0 - CUDA_VISIBLE_DEVICES: [0]
[I 2023-11-30 15:30:36,549] Trial 51 finished with value: 0.16673707962036133 and parameters: {'gradient_clip_val': 0.4432775741625373, 'hidden_size': 90, 'dropout': 0.3802361786278849, 'hidden_continuous_size': 54, 'attention_head_size': 1, 'learning_rate': 0.0458160662696261}. Best is trial 44 with value: 0.10515791922807693.
LOCAL_RANK: 0 - CUDA_VISIBLE_DEVICES: [0]
[I 2023-11-30 15:30:51,428] Trial 52 finished with value: 0.12080652266740799 and parameters: {'gradient_clip_val': 0.5341229646622342, 'hidden_size': 105, 'dropout': 0.3860679588852058, 'hidden_continuous_size': 51, 'attention_head_size': 1, 'learning_rate': 0.05546571255893367}. Best is trial 44 with value: 0.10515791922807693.
LOCAL_RANK: 0 - CUDA_VISIBLE_DEVICES: [0]
[I 2023-11-30 15:31:06,587] Trial 53 finished with value: 0.18533150851726532 and parameters: {'gradient_clip_val': 0.5853084680886295, 'hidden_size': 107, 'dropout': 0.3642220847328888, 'hidden_continuous_size': 46, 'attention_head_size': 1, 'learning_rate': 0.05787069171719229}. Best is trial 44 with value: 0.10515791922807693.
LOCAL_RANK: 0 - CUDA_VISIBLE_DEVICES: [0]
[I 2023-11-30 15:31:20,921] Trial 54 finished with value: 0.1874942034482956 and parameters: {'gradient_clip_val': 0.645087537097952, 'hidden_size': 76, 'dropout': 0.3891383929822031, 'hidden_continuous_size': 43, 'attention_head_size': 3, 'learning_rate': 0.07873735370220666}. Best is trial 44 with value: 0.10515791922807693.
LOCAL_RANK: 0 - CUDA_VISIBLE_DEVICES: [0]
[I 2023-11-30 15:31:35,184] Trial 55 finished with value: 0.17471985518932343 and parameters: {'gradient_clip_val': 0.3898655516313874, 'hidden_size': 57, 'dropout': 0.35042244948487455, 'hidden_continuous_size': 37, 'attention_head_size': 1, 'learning_rate': 0.0551233100941687}. Best is trial 44 with value: 0.10515791922807693.
LOCAL_RANK: 0 - CUDA_VISIBLE_DEVICES: [0]
[I 2023-11-30 15:31:49,231] Trial 56 finished with value: 0.15670384466648102 and parameters: {'gradient_clip_val': 0.5270193340419945, 'hidden_size': 67, 'dropout': 0.37034130584363184, 'hidden_continuous_size': 44, 'attention_head_size': 2, 'learning_rate': 0.031567841769821185}. Best is trial 44 with value: 0.10515791922807693.
LOCAL_RANK: 0 - CUDA_VISIBLE_DEVICES: [0]
[I 2023-11-30 15:32:03,720] Trial 57 finished with value: 0.1514621078968048 and parameters: {'gradient_clip_val': 0.5778065575553951, 'hidden_size': 85, 'dropout': 0.3972924150369789, 'hidden_continuous_size': 50, 'attention_head_size': 3, 'learning_rate': 0.07334606407254408}. Best is trial 44 with value: 0.10515791922807693.
LOCAL_RANK: 0 - CUDA_VISIBLE_DEVICES: [0]
[I 2023-11-30 15:32:18,810] Trial 58 finished with value: 0.21618390083312988 and parameters: {'gradient_clip_val': 0.7529115487507901, 'hidden_size': 102, 'dropout': 0.3273485525513091, 'hidden_continuous_size': 61, 'attention_head_size': 2, 'learning_rate': 0.0395796341519191}. Best is trial 44 with value: 0.10515791922807693.
LOCAL_RANK: 0 - CUDA_VISIBLE_DEVICES: [0]
[I 2023-11-30 15:32:32,896] Trial 59 finished with value: 0.1336599439382553 and parameters: {'gradient_clip_val': 0.4557087748728558, 'hidden_size': 72, 'dropout': 0.35928881539205476, 'hidden_continuous_size': 36, 'attention_head_size': 2, 'learning_rate': 0.0625649118731262}. Best is trial 44 with value: 0.10515791922807693.
LOCAL_RANK: 0 - CUDA_VISIBLE_DEVICES: [0]
[I 2023-11-30 15:32:47,184] Trial 60 finished with value: 0.18069367110729218 and parameters: {'gradient_clip_val': 0.6455572289146108, 'hidden_size': 61, 'dropout': 0.3424404276873437, 'hidden_continuous_size': 41, 'attention_head_size': 3, 'learning_rate': 0.08289774948380844}. Best is trial 44 with value: 0.10515791922807693.
LOCAL_RANK: 0 - CUDA_VISIBLE_DEVICES: [0]
[I 2023-11-30 15:33:02,084] Trial 61 finished with value: 0.10317083448171616 and parameters: {'gradient_clip_val': 0.5061812107040923, 'hidden_size': 98, 'dropout': 0.38110262145285545, 'hidden_continuous_size': 52, 'attention_head_size': 1, 'learning_rate': 0.04416276807375714}. Best is trial 61 with value: 0.10317083448171616.
LOCAL_RANK: 0 - CUDA_VISIBLE_DEVICES: [0]
[I 2023-11-30 15:33:16,268] Trial 62 finished with value: 0.09151803702116013 and parameters: {'gradient_clip_val': 0.41620730345609586, 'hidden_size': 98, 'dropout': 0.38346348589358537, 'hidden_continuous_size': 50, 'attention_head_size': 1, 'learning_rate': 0.04986444864218277}. Best is trial 62 with value: 0.09151803702116013.
LOCAL_RANK: 0 - CUDA_VISIBLE_DEVICES: [0]
[I 2023-11-30 15:33:31,532] Trial 63 finished with value: 0.1567460149526596 and parameters: {'gradient_clip_val': 0.4034406459058143, 'hidden_size': 128, 'dropout': 0.38470160765826855, 'hidden_continuous_size': 49, 'attention_head_size': 1, 'learning_rate': 0.03495419976459551}. Best is trial 62 with value: 0.09151803702116013.
LOCAL_RANK: 0 - CUDA_VISIBLE_DEVICES: [0]
[I 2023-11-30 15:33:46,226] Trial 64 finished with value: 0.11407724022865295 and parameters: {'gradient_clip_val': 0.4996130051522748, 'hidden_size': 101, 'dropout': 0.3687580060690308, 'hidden_continuous_size': 52, 'attention_head_size': 1, 'learning_rate': 0.04731113806011316}. Best is trial 62 with value: 0.09151803702116013.
LOCAL_RANK: 0 - CUDA_VISIBLE_DEVICES: [0]
[I 2023-11-30 15:34:02,078] Trial 65 finished with value: 0.20160116255283356 and parameters: {'gradient_clip_val': 0.43474240734482994, 'hidden_size': 113, 'dropout': 0.3793064219795606, 'hidden_continuous_size': 68, 'attention_head_size': 1, 'learning_rate': 0.0493224056874786}. Best is trial 62 with value: 0.09151803702116013.
LOCAL_RANK: 0 - CUDA_VISIBLE_DEVICES: [0]
[I 2023-11-30 15:34:17,265] Trial 66 finished with value: 0.2544134557247162 and parameters: {'gradient_clip_val': 0.3251712325236884, 'hidden_size': 140, 'dropout': 0.36526870534599276, 'hidden_continuous_size': 57, 'attention_head_size': 1, 'learning_rate': 0.04358706624494508}. Best is trial 62 with value: 0.09151803702116013.
LOCAL_RANK: 0 - CUDA_VISIBLE_DEVICES: [0]
[I 2023-11-30 15:34:32,418] Trial 67 finished with value: 0.17614106833934784 and parameters: {'gradient_clip_val': 0.4838782228299556, 'hidden_size': 97, 'dropout': 0.39023363275962536, 'hidden_continuous_size': 53, 'attention_head_size': 1, 'learning_rate': 0.04964268411761671}. Best is trial 62 with value: 0.09151803702116013.
LOCAL_RANK: 0 - CUDA_VISIBLE_DEVICES: [0]
[I 2023-11-30 15:34:47,097] Trial 68 finished with value: 0.14350874722003937 and parameters: {'gradient_clip_val': 0.41794239106228037, 'hidden_size': 114, 'dropout': 0.39878344530687027, 'hidden_continuous_size': 47, 'attention_head_size': 1, 'learning_rate': 0.06948351153021355}. Best is trial 62 with value: 0.09151803702116013.
LOCAL_RANK: 0 - CUDA_VISIBLE_DEVICES: [0]
[I 2023-11-30 15:35:01,821] Trial 69 finished with value: 0.1556157022714615 and parameters: {'gradient_clip_val': 0.536569906173241, 'hidden_size': 87, 'dropout': 0.3683976519055329, 'hidden_continuous_size': 50, 'attention_head_size': 1, 'learning_rate': 0.02332562936041621}. Best is trial 62 with value: 0.09151803702116013.
LOCAL_RANK: 0 - CUDA_VISIBLE_DEVICES: [0]
[I 2023-11-30 15:35:16,309] Trial 70 finished with value: 0.1584167778491974 and parameters: {'gradient_clip_val': 0.37355343559039955, 'hidden_size': 100, 'dropout': 0.3790301067704471, 'hidden_continuous_size': 58, 'attention_head_size': 1, 'learning_rate': 0.05549013326158458}. Best is trial 62 with value: 0.09151803702116013.
LOCAL_RANK: 0 - CUDA_VISIBLE_DEVICES: [0]
[I 2023-11-30 15:35:30,596] Trial 71 finished with value: 0.10631272196769714 and parameters: {'gradient_clip_val': 0.5090404951680918, 'hidden_size': 88, 'dropout': 0.3533749072409848, 'hidden_continuous_size': 45, 'attention_head_size': 1, 'learning_rate': 0.030095603466105042}. Best is trial 62 with value: 0.09151803702116013.
LOCAL_RANK: 0 - CUDA_VISIBLE_DEVICES: [0]
[I 2023-11-30 15:35:45,378] Trial 72 finished with value: 0.1446695774793625 and parameters: {'gradient_clip_val': 0.5052086382677816, 'hidden_size': 102, 'dropout': 0.34989653854167274, 'hidden_continuous_size': 46, 'attention_head_size': 1, 'learning_rate': 0.04006935258888925}. Best is trial 62 with value: 0.09151803702116013.
LOCAL_RANK: 0 - CUDA_VISIBLE_DEVICES: [0]
[I 2023-11-30 15:36:00,164] Trial 73 finished with value: 0.24731992185115814 and parameters: {'gradient_clip_val': 0.4606577047272393, 'hidden_size': 87, 'dropout': 0.35595440935382033, 'hidden_continuous_size': 51, 'attention_head_size': 1, 'learning_rate': 0.02895870425803498}. Best is trial 62 with value: 0.09151803702116013.
LOCAL_RANK: 0 - CUDA_VISIBLE_DEVICES: [0]
[I 2023-11-30 15:36:15,611] Trial 74 finished with value: 0.14395232498645782 and parameters: {'gradient_clip_val': 0.516591693746367, 'hidden_size': 115, 'dropout': 0.36886176734688, 'hidden_continuous_size': 76, 'attention_head_size': 1, 'learning_rate': 0.03444547252397991}. Best is trial 62 with value: 0.09151803702116013.
LOCAL_RANK: 0 - CUDA_VISIBLE_DEVICES: [0]
[I 2023-11-30 15:36:30,367] Trial 75 finished with value: 0.2759217321872711 and parameters: {'gradient_clip_val': 0.554386742350555, 'hidden_size': 96, 'dropout': 0.33889469003233236, 'hidden_continuous_size': 44, 'attention_head_size': 1, 'learning_rate': 0.022717713428711615}. Best is trial 62 with value: 0.09151803702116013.
LOCAL_RANK: 0 - CUDA_VISIBLE_DEVICES: [0]
[I 2023-11-30 15:36:44,521] Trial 76 finished with value: 0.1118389144539833 and parameters: {'gradient_clip_val': 0.4591156221522949, 'hidden_size': 73, 'dropout': 0.38962915902514467, 'hidden_continuous_size': 48, 'attention_head_size': 1, 'learning_rate': 0.017925447702265642}. Best is trial 62 with value: 0.09151803702116013.
LOCAL_RANK: 0 - CUDA_VISIBLE_DEVICES: [0]
[I 2023-11-30 15:36:58,888] Trial 77 finished with value: 0.11970636248588562 and parameters: {'gradient_clip_val': 0.45937111065637354, 'hidden_size': 72, 'dropout': 0.3591923840281557, 'hidden_continuous_size': 38, 'attention_head_size': 1, 'learning_rate': 0.01813553138492468}. Best is trial 62 with value: 0.09151803702116013.
LOCAL_RANK: 0 - CUDA_VISIBLE_DEVICES: [0]
[I 2023-11-30 15:37:13,364] Trial 78 finished with value: 0.18029551208019257 and parameters: {'gradient_clip_val': 0.42730499981478887, 'hidden_size': 81, 'dropout': 0.3773292786806365, 'hidden_continuous_size': 47, 'attention_head_size': 1, 'learning_rate': 0.029077993947697344}. Best is trial 62 with value: 0.09151803702116013.
LOCAL_RANK: 0 - CUDA_VISIBLE_DEVICES: [0]
[I 2023-11-30 15:37:27,967] Trial 79 finished with value: 0.21765172481536865 and parameters: {'gradient_clip_val': 0.6106929166563849, 'hidden_size': 67, 'dropout': 0.34593396817531386, 'hidden_continuous_size': 40, 'attention_head_size': 1, 'learning_rate': 0.013468367819865526}. Best is trial 62 with value: 0.09151803702116013.
LOCAL_RANK: 0 - CUDA_VISIBLE_DEVICES: [0]
[I 2023-11-30 15:37:42,179] Trial 80 finished with value: 0.11584331840276718 and parameters: {'gradient_clip_val': 0.49876989961359586, 'hidden_size': 74, 'dropout': 0.39255809313645607, 'hidden_continuous_size': 48, 'attention_head_size': 1, 'learning_rate': 0.025408419791624278}. Best is trial 62 with value: 0.09151803702116013.
LOCAL_RANK: 0 - CUDA_VISIBLE_DEVICES: [0]
[I 2023-11-30 15:37:56,174] Trial 81 finished with value: 0.16385182738304138 and parameters: {'gradient_clip_val': 0.48356648425047505, 'hidden_size': 76, 'dropout': 0.39247551398107544, 'hidden_continuous_size': 44, 'attention_head_size': 1, 'learning_rate': 0.025528305196056696}. Best is trial 62 with value: 0.09151803702116013.
LOCAL_RANK: 0 - CUDA_VISIBLE_DEVICES: [0]
[I 2023-11-30 15:38:10,678] Trial 82 finished with value: 0.12002620846033096 and parameters: {'gradient_clip_val': 0.39486794824111343, 'hidden_size': 85, 'dropout': 0.37398873284326467, 'hidden_continuous_size': 48, 'attention_head_size': 1, 'learning_rate': 0.01934842970624894}. Best is trial 62 with value: 0.09151803702116013.
LOCAL_RANK: 0 - CUDA_VISIBLE_DEVICES: [0]
[I 2023-11-30 15:38:25,049] Trial 83 finished with value: 0.14196957647800446 and parameters: {'gradient_clip_val': 0.4598820269816645, 'hidden_size': 73, 'dropout': 0.3849266708661107, 'hidden_continuous_size': 55, 'attention_head_size': 1, 'learning_rate': 0.03225267725880462}. Best is trial 62 with value: 0.09151803702116013.
LOCAL_RANK: 0 - CUDA_VISIBLE_DEVICES: [0]
[I 2023-11-30 15:38:40,149] Trial 84 finished with value: 0.14284099638462067 and parameters: {'gradient_clip_val': 0.42930898416945545, 'hidden_size': 91, 'dropout': 0.39303832067450944, 'hidden_continuous_size': 34, 'attention_head_size': 1, 'learning_rate': 0.0373789567818405}. Best is trial 62 with value: 0.09151803702116013.
LOCAL_RANK: 0 - CUDA_VISIBLE_DEVICES: [0]
[I 2023-11-30 15:38:54,954] Trial 85 finished with value: 0.12242260575294495 and parameters: {'gradient_clip_val': 0.9898877238793721, 'hidden_size': 62, 'dropout': 0.35974945782807466, 'hidden_continuous_size': 44, 'attention_head_size': 1, 'learning_rate': 0.021935186599137176}. Best is trial 62 with value: 0.09151803702116013.
LOCAL_RANK: 0 - CUDA_VISIBLE_DEVICES: [0]
[I 2023-11-30 15:39:08,817] Trial 86 finished with value: 0.1985604614019394 and parameters: {'gradient_clip_val': 0.568924461794, 'hidden_size': 54, 'dropout': 0.3689001654894008, 'hidden_continuous_size': 46, 'attention_head_size': 1, 'learning_rate': 0.025924849287033595}. Best is trial 62 with value: 0.09151803702116013.
LOCAL_RANK: 0 - CUDA_VISIBLE_DEVICES: [0]
[I 2023-11-30 15:39:23,328] Trial 87 finished with value: 0.17047397792339325 and parameters: {'gradient_clip_val': 0.6788337421409126, 'hidden_size': 68, 'dropout': 0.39825387773845694, 'hidden_continuous_size': 52, 'attention_head_size': 1, 'learning_rate': 0.041858018955861054}. Best is trial 62 with value: 0.09151803702116013.
LOCAL_RANK: 0 - CUDA_VISIBLE_DEVICES: [0]
[I 2023-11-30 15:39:37,566] Trial 88 finished with value: 0.1466967612504959 and parameters: {'gradient_clip_val': 0.49822696062063143, 'hidden_size': 81, 'dropout': 0.33603615390474284, 'hidden_continuous_size': 39, 'attention_head_size': 1, 'learning_rate': 0.028934379912799228}. Best is trial 62 with value: 0.09151803702116013.
LOCAL_RANK: 0 - CUDA_VISIBLE_DEVICES: [0]
[I 2023-11-30 15:39:52,072] Trial 89 finished with value: 0.13726705312728882 and parameters: {'gradient_clip_val': 0.7091677877240556, 'hidden_size': 59, 'dropout': 0.38179396289340034, 'hidden_continuous_size': 49, 'attention_head_size': 2, 'learning_rate': 0.04550349210996691}. Best is trial 62 with value: 0.09151803702116013.
LOCAL_RANK: 0 - CUDA_VISIBLE_DEVICES: [0]
[I 2023-11-30 15:40:06,845] Trial 90 finished with value: 0.1851925402879715 and parameters: {'gradient_clip_val': 0.6185914310344813, 'hidden_size': 94, 'dropout': 0.3505666194911856, 'hidden_continuous_size': 53, 'attention_head_size': 1, 'learning_rate': 0.034247813380451825}. Best is trial 62 with value: 0.09151803702116013.
LOCAL_RANK: 0 - CUDA_VISIBLE_DEVICES: [0]
[I 2023-11-30 15:40:20,975] Trial 91 finished with value: 0.1664474755525589 and parameters: {'gradient_clip_val': 0.4510722927510555, 'hidden_size': 70, 'dropout': 0.3644392771782033, 'hidden_continuous_size': 38, 'attention_head_size': 1, 'learning_rate': 0.01785702032286651}. Best is trial 62 with value: 0.09151803702116013.
LOCAL_RANK: 0 - CUDA_VISIBLE_DEVICES: [0]
[I 2023-11-30 15:40:35,618] Trial 92 finished with value: 0.17504604160785675 and parameters: {'gradient_clip_val': 0.4728122246571645, 'hidden_size': 75, 'dropout': 0.3729205136064525, 'hidden_continuous_size': 42, 'attention_head_size': 1, 'learning_rate': 0.018074726030789735}. Best is trial 62 with value: 0.09151803702116013.
LOCAL_RANK: 0 - CUDA_VISIBLE_DEVICES: [0]
[I 2023-11-30 15:40:49,767] Trial 93 finished with value: 0.13118070363998413 and parameters: {'gradient_clip_val': 0.5182837812434445, 'hidden_size': 63, 'dropout': 0.3567328776230886, 'hidden_continuous_size': 45, 'attention_head_size': 1, 'learning_rate': 0.021648585593420713}. Best is trial 62 with value: 0.09151803702116013.
LOCAL_RANK: 0 - CUDA_VISIBLE_DEVICES: [0]
[I 2023-11-30 15:41:04,438] Trial 94 finished with value: 0.1277744472026825 and parameters: {'gradient_clip_val': 0.41047161683620714, 'hidden_size': 71, 'dropout': 0.3846416788417548, 'hidden_continuous_size': 41, 'attention_head_size': 1, 'learning_rate': 0.025609928430302107}. Best is trial 62 with value: 0.09151803702116013.
LOCAL_RANK: 0 - CUDA_VISIBLE_DEVICES: [0]
[I 2023-11-30 15:41:18,899] Trial 95 finished with value: 0.14967870712280273 and parameters: {'gradient_clip_val': 0.5017863562583785, 'hidden_size': 79, 'dropout': 0.35769154481056453, 'hidden_continuous_size': 38, 'attention_head_size': 1, 'learning_rate': 0.03782331636969769}. Best is trial 62 with value: 0.09151803702116013.
LOCAL_RANK: 0 - CUDA_VISIBLE_DEVICES: [0]
[I 2023-11-30 15:41:33,371] Trial 96 finished with value: 0.14775314927101135 and parameters: {'gradient_clip_val': 0.44853092941345984, 'hidden_size': 88, 'dropout': 0.3739517088002109, 'hidden_continuous_size': 33, 'attention_head_size': 1, 'learning_rate': 0.08753788897571675}. Best is trial 62 with value: 0.09151803702116013.
LOCAL_RANK: 0 - CUDA_VISIBLE_DEVICES: [0]
[I 2023-11-30 15:41:47,980] Trial 97 finished with value: 0.15166448056697845 and parameters: {'gradient_clip_val': 0.5503258417554754, 'hidden_size': 85, 'dropout': 0.3457831956243932, 'hidden_continuous_size': 36, 'attention_head_size': 4, 'learning_rate': 0.023413578008146734}. Best is trial 62 with value: 0.09151803702116013.
LOCAL_RANK: 0 - CUDA_VISIBLE_DEVICES: [0]
[I 2023-11-30 15:42:02,512] Trial 98 finished with value: 0.13367773592472076 and parameters: {'gradient_clip_val': 0.4654759912139431, 'hidden_size': 98, 'dropout': 0.3901450029527018, 'hidden_continuous_size': 57, 'attention_head_size': 1, 'learning_rate': 0.05018718844422137}. Best is trial 62 with value: 0.09151803702116013.
LOCAL_RANK: 0 - CUDA_VISIBLE_DEVICES: [0]
[I 2023-11-30 15:42:17,420] Trial 99 finished with value: 0.1459420919418335 and parameters: {'gradient_clip_val': 0.3852847394141713, 'hidden_size': 74, 'dropout': 0.36139434988075814, 'hidden_continuous_size': 48, 'attention_head_size': 2, 'learning_rate': 0.031080850407468365}. Best is trial 62 with value: 0.09151803702116013.
LOCAL_RANK: 0 - CUDA_VISIBLE_DEVICES: [0]
[I 2023-11-30 15:42:31,708] Trial 100 finished with value: 0.16400346159934998 and parameters: {'gradient_clip_val': 0.4107417656159614, 'hidden_size': 66, 'dropout': 0.3193649953264097, 'hidden_continuous_size': 45, 'attention_head_size': 1, 'learning_rate': 0.06513519221229662}. Best is trial 62 with value: 0.09151803702116013.
LOCAL_RANK: 0 - CUDA_VISIBLE_DEVICES: [0]
[I 2023-11-30 15:42:46,583] Trial 101 finished with value: 0.1536070704460144 and parameters: {'gradient_clip_val': 0.3615736926972932, 'hidden_size': 81, 'dropout': 0.3760488446690673, 'hidden_continuous_size': 50, 'attention_head_size': 1, 'learning_rate': 0.01890894372690395}. Best is trial 62 with value: 0.09151803702116013.
LOCAL_RANK: 0 - CUDA_VISIBLE_DEVICES: [0]
[I 2023-11-30 15:43:01,100] Trial 102 finished with value: 0.1659674346446991 and parameters: {'gradient_clip_val': 0.39820186783572903, 'hidden_size': 89, 'dropout': 0.37084647622298356, 'hidden_continuous_size': 48, 'attention_head_size': 1, 'learning_rate': 0.016559645511027628}. Best is trial 62 with value: 0.09151803702116013.
LOCAL_RANK: 0 - CUDA_VISIBLE_DEVICES: [0]
