[I 2023-11-29 23:32:20,075] Trial 24 finished with value: 0.1462327241897583 and parameters: {'gradient_clip_val': 0.40994622573315015, 'hidden_size': 133, 'dropout': 0.11777835738110083, 'hidden_continuous_size': 18, 'attention_head_size': 2, 'learning_rate': 0.039337424042107896}. Best is trial 8 with value: 0.08540189266204834.
LOCAL_RANK: 0 - CUDA_VISIBLE_DEVICES: [0]
[I 2023-11-29 23:32:34,109] Trial 25 finished with value: 0.16400673985481262 and parameters: {'gradient_clip_val': 0.39142733873765295, 'hidden_size': 130, 'dropout': 0.12105882907596681, 'hidden_continuous_size': 17, 'attention_head_size': 2, 'learning_rate': 0.034617991178852385}. Best is trial 8 with value: 0.08540189266204834.
LOCAL_RANK: 0 - CUDA_VISIBLE_DEVICES: [0]
[I 2023-11-29 23:32:48,365] Trial 26 finished with value: 0.20970046520233154 and parameters: {'gradient_clip_val': 0.2888210766536054, 'hidden_size': 150, 'dropout': 0.12702171957730282, 'hidden_continuous_size': 14, 'attention_head_size': 2, 'learning_rate': 0.023507003267986444}. Best is trial 8 with value: 0.08540189266204834.
LOCAL_RANK: 0 - CUDA_VISIBLE_DEVICES: [0]
[I 2023-11-29 23:33:02,171] Trial 27 finished with value: 0.1798095703125 and parameters: {'gradient_clip_val': 0.36365934479020934, 'hidden_size': 101, 'dropout': 0.10038149809055542, 'hidden_continuous_size': 18, 'attention_head_size': 2, 'learning_rate': 0.047916791733139175}. Best is trial 8 with value: 0.08540189266204834.
LOCAL_RANK: 0 - CUDA_VISIBLE_DEVICES: [0]
[I 2023-11-29 23:33:15,973] Trial 28 finished with value: 0.2884094715118408 and parameters: {'gradient_clip_val': 0.4296909221581629, 'hidden_size': 116, 'dropout': 0.396597019682031, 'hidden_continuous_size': 22, 'attention_head_size': 1, 'learning_rate': 0.00768474369677403}. Best is trial 8 with value: 0.08540189266204834.
LOCAL_RANK: 0 - CUDA_VISIBLE_DEVICES: [0]
[I 2023-11-29 23:33:29,413] Trial 29 finished with value: 0.19311529397964478 and parameters: {'gradient_clip_val': 0.2656915001386341, 'hidden_size': 80, 'dropout': 0.10206449030826495, 'hidden_continuous_size': 20, 'attention_head_size': 1, 'learning_rate': 0.010448325083673748}. Best is trial 8 with value: 0.08540189266204834.
LOCAL_RANK: 0 - CUDA_VISIBLE_DEVICES: [0]
[I 2023-11-29 23:33:42,825] Trial 30 finished with value: 0.28879913687705994 and parameters: {'gradient_clip_val': 0.4131503974526053, 'hidden_size': 93, 'dropout': 0.13358473194141257, 'hidden_continuous_size': 15, 'attention_head_size': 2, 'learning_rate': 0.01749886677234742}. Best is trial 8 with value: 0.08540189266204834.
LOCAL_RANK: 0 - CUDA_VISIBLE_DEVICES: [0]
[I 2023-11-29 23:33:55,874] Trial 31 finished with value: 0.1769629269838333 and parameters: {'gradient_clip_val': 0.563958614637861, 'hidden_size': 49, 'dropout': 0.1541680033699517, 'hidden_continuous_size': 18, 'attention_head_size': 2, 'learning_rate': 0.059422406857574946}. Best is trial 8 with value: 0.08540189266204834.
LOCAL_RANK: 0 - CUDA_VISIBLE_DEVICES: [0]
[I 2023-11-29 23:34:08,820] Trial 32 finished with value: 0.39418748021125793 and parameters: {'gradient_clip_val': 0.3684364961722583, 'hidden_size': 55, 'dropout': 0.16178344736021436, 'hidden_continuous_size': 10, 'attention_head_size': 2, 'learning_rate': 0.042565652067133024}. Best is trial 8 with value: 0.08540189266204834.
LOCAL_RANK: 0 - CUDA_VISIBLE_DEVICES: [0]
[I 2023-11-29 23:34:22,491] Trial 33 finished with value: 0.42986568808555603 and parameters: {'gradient_clip_val': 0.6654439329085468, 'hidden_size': 116, 'dropout': 0.1399160587004878, 'hidden_continuous_size': 25, 'attention_head_size': 1, 'learning_rate': 0.07099044638109808}. Best is trial 8 with value: 0.08540189266204834.
LOCAL_RANK: 0 - CUDA_VISIBLE_DEVICES: [0]
[I 2023-11-29 23:34:35,751] Trial 34 finished with value: 0.15408678352832794 and parameters: {'gradient_clip_val': 0.5218276650533186, 'hidden_size': 76, 'dropout': 0.1354233626648988, 'hidden_continuous_size': 13, 'attention_head_size': 2, 'learning_rate': 0.028713130241366857}. Best is trial 8 with value: 0.08540189266204834.
LOCAL_RANK: 0 - CUDA_VISIBLE_DEVICES: [0]
[I 2023-11-29 23:34:49,408] Trial 35 finished with value: 0.26044169068336487 and parameters: {'gradient_clip_val': 0.44657455938954926, 'hidden_size': 95, 'dropout': 0.11339510362688204, 'hidden_continuous_size': 27, 'attention_head_size': 1, 'learning_rate': 0.041634829337912176}. Best is trial 8 with value: 0.08540189266204834.
LOCAL_RANK: 0 - CUDA_VISIBLE_DEVICES: [0]
[I 2023-11-29 23:35:03,609] Trial 36 finished with value: 0.22102947533130646 and parameters: {'gradient_clip_val': 0.5037292909319713, 'hidden_size': 129, 'dropout': 0.16177862752275618, 'hidden_continuous_size': 21, 'attention_head_size': 2, 'learning_rate': 0.05348334790829544}. Best is trial 8 with value: 0.08540189266204834.
LOCAL_RANK: 0 - CUDA_VISIBLE_DEVICES: [0]
[I 2023-11-29 23:35:16,826] Trial 37 finished with value: 0.23943756520748138 and parameters: {'gradient_clip_val': 0.3275998849350117, 'hidden_size': 63, 'dropout': 0.11954020765071949, 'hidden_continuous_size': 17, 'attention_head_size': 3, 'learning_rate': 0.06658381332705496}. Best is trial 8 with value: 0.08540189266204834.
LOCAL_RANK: 0 - CUDA_VISIBLE_DEVICES: [0]
[I 2023-11-29 23:35:30,256] Trial 38 finished with value: 0.14525669813156128 and parameters: {'gradient_clip_val': 0.6301315517117706, 'hidden_size': 78, 'dropout': 0.14169500426875642, 'hidden_continuous_size': 12, 'attention_head_size': 2, 'learning_rate': 0.03812059327102826}. Best is trial 8 with value: 0.08540189266204834.
LOCAL_RANK: 0 - CUDA_VISIBLE_DEVICES: [0]
[I 2023-11-29 23:35:43,784] Trial 39 finished with value: 0.13799713551998138 and parameters: {'gradient_clip_val': 0.8316942246209645, 'hidden_size': 105, 'dropout': 0.12897292888631706, 'hidden_continuous_size': 11, 'attention_head_size': 2, 'learning_rate': 0.028282653373290743}. Best is trial 8 with value: 0.08540189266204834.
LOCAL_RANK: 0 - CUDA_VISIBLE_DEVICES: [0]
[I 2023-11-29 23:35:57,087] Trial 40 finished with value: 0.1810457706451416 and parameters: {'gradient_clip_val': 0.8464817503627164, 'hidden_size': 77, 'dropout': 0.1370875999188492, 'hidden_continuous_size': 11, 'attention_head_size': 2, 'learning_rate': 0.025935446763242505}. Best is trial 8 with value: 0.08540189266204834.
LOCAL_RANK: 0 - CUDA_VISIBLE_DEVICES: [0]
[I 2023-11-29 23:36:10,746] Trial 41 finished with value: 0.1693999022245407 and parameters: {'gradient_clip_val': 0.6599708572017429, 'hidden_size': 113, 'dropout': 0.1115913219119393, 'hidden_continuous_size': 13, 'attention_head_size': 2, 'learning_rate': 0.0384037736237162}. Best is trial 8 with value: 0.08540189266204834.
LOCAL_RANK: 0 - CUDA_VISIBLE_DEVICES: [0]
[I 2023-11-29 23:36:24,347] Trial 42 finished with value: 0.5159602761268616 and parameters: {'gradient_clip_val': 0.8113759324118643, 'hidden_size': 99, 'dropout': 0.1158895484072961, 'hidden_continuous_size': 11, 'attention_head_size': 2, 'learning_rate': 0.032802026782428946}. Best is trial 8 with value: 0.08540189266204834.
LOCAL_RANK: 0 - CUDA_VISIBLE_DEVICES: [0]
[I 2023-11-29 23:36:37,861] Trial 43 finished with value: 0.21627379953861237 and parameters: {'gradient_clip_val': 0.6457573886189147, 'hidden_size': 124, 'dropout': 0.1330885601031262, 'hidden_continuous_size': 10, 'attention_head_size': 2, 'learning_rate': 0.027845312161545656}. Best is trial 8 with value: 0.08540189266204834.
LOCAL_RANK: 0 - CUDA_VISIBLE_DEVICES: [0]
[I 2023-11-29 23:36:51,446] Trial 44 finished with value: 0.12831848859786987 and parameters: {'gradient_clip_val': 0.7744490842196462, 'hidden_size': 107, 'dropout': 0.16887240396631392, 'hidden_continuous_size': 15, 'attention_head_size': 2, 'learning_rate': 0.043289480297827476}. Best is trial 8 with value: 0.08540189266204834.
LOCAL_RANK: 0 - CUDA_VISIBLE_DEVICES: [0]
[I 2023-11-29 23:37:04,844] Trial 45 finished with value: 0.19208459556102753 and parameters: {'gradient_clip_val': 0.9067892140890725, 'hidden_size': 88, 'dropout': 0.19191671770882313, 'hidden_continuous_size': 15, 'attention_head_size': 2, 'learning_rate': 0.020482434851862918}. Best is trial 8 with value: 0.08540189266204834.
LOCAL_RANK: 0 - CUDA_VISIBLE_DEVICES: [0]
[I 2023-11-29 23:37:18,292] Trial 46 finished with value: 0.14437472820281982 and parameters: {'gradient_clip_val': 0.763834068294854, 'hidden_size': 106, 'dropout': 0.16673826410865, 'hidden_continuous_size': 12, 'attention_head_size': 1, 'learning_rate': 0.052823576413096984}. Best is trial 8 with value: 0.08540189266204834.
LOCAL_RANK: 0 - CUDA_VISIBLE_DEVICES: [0]
[I 2023-11-29 23:37:31,926] Trial 47 finished with value: 0.18264007568359375 and parameters: {'gradient_clip_val': 0.7522704499755201, 'hidden_size': 108, 'dropout': 0.16912511075908232, 'hidden_continuous_size': 16, 'attention_head_size': 1, 'learning_rate': 0.05328252395429055}. Best is trial 8 with value: 0.08540189266204834.
LOCAL_RANK: 0 - CUDA_VISIBLE_DEVICES: [0]
[I 2023-11-29 23:37:45,691] Trial 48 finished with value: 0.1580819934606552 and parameters: {'gradient_clip_val': 0.9403525540772756, 'hidden_size': 102, 'dropout': 0.18480805550652585, 'hidden_continuous_size': 23, 'attention_head_size': 1, 'learning_rate': 0.07672223276844715}. Best is trial 8 with value: 0.08540189266204834.
LOCAL_RANK: 0 - CUDA_VISIBLE_DEVICES: [0]
[I 2023-11-29 23:37:58,685] Trial 49 finished with value: 0.29786545038223267 and parameters: {'gradient_clip_val': 0.7395408979556334, 'hidden_size': 66, 'dropout': 0.1684406626745884, 'hidden_continuous_size': 14, 'attention_head_size': 1, 'learning_rate': 0.029926611220481125}. Best is trial 8 with value: 0.08540189266204834.
LOCAL_RANK: 0 - CUDA_VISIBLE_DEVICES: [0]
[I 2023-11-29 23:38:12,202] Trial 50 finished with value: 0.1776445358991623 and parameters: {'gradient_clip_val': 0.8385541756490119, 'hidden_size': 89, 'dropout': 0.14888806089375178, 'hidden_continuous_size': 20, 'attention_head_size': 3, 'learning_rate': 0.059113300134320354}. Best is trial 8 with value: 0.08540189266204834.
LOCAL_RANK: 0 - CUDA_VISIBLE_DEVICES: [0]
[I 2023-11-29 23:38:25,553] Trial 51 finished with value: 0.08627688139677048 and parameters: {'gradient_clip_val': 0.7746606536955111, 'hidden_size': 77, 'dropout': 0.14667756495084502, 'hidden_continuous_size': 12, 'attention_head_size': 2, 'learning_rate': 0.04745025893333579}. Best is trial 8 with value: 0.08540189266204834.
LOCAL_RANK: 0 - CUDA_VISIBLE_DEVICES: [0]
[I 2023-11-29 23:38:39,351] Trial 52 finished with value: 0.1435132622718811 and parameters: {'gradient_clip_val': 0.9677028551161839, 'hidden_size': 109, 'dropout': 0.1806622911615327, 'hidden_continuous_size': 12, 'attention_head_size': 2, 'learning_rate': 0.052891645216564476}. Best is trial 8 with value: 0.08540189266204834.
LOCAL_RANK: 0 - CUDA_VISIBLE_DEVICES: [0]
[I 2023-11-29 23:38:52,798] Trial 53 finished with value: 0.24075722694396973 and parameters: {'gradient_clip_val': 0.9089642430326614, 'hidden_size': 120, 'dropout': 0.1989689121220829, 'hidden_continuous_size': 10, 'attention_head_size': 2, 'learning_rate': 0.04409133449770576}. Best is trial 8 with value: 0.08540189266204834.
LOCAL_RANK: 0 - CUDA_VISIBLE_DEVICES: [0]
[I 2023-11-29 23:39:06,863] Trial 54 finished with value: 0.2299676388502121 and parameters: {'gradient_clip_val': 0.9587260910066241, 'hidden_size': 142, 'dropout': 0.1784324448994592, 'hidden_continuous_size': 13, 'attention_head_size': 2, 'learning_rate': 0.03300437215171874}. Best is trial 8 with value: 0.08540189266204834.
LOCAL_RANK: 0 - CUDA_VISIBLE_DEVICES: [0]
[I 2023-11-29 23:39:20,197] Trial 55 finished with value: 0.22702328860759735 and parameters: {'gradient_clip_val': 0.9828414122987226, 'hidden_size': 97, 'dropout': 0.15512885981335225, 'hidden_continuous_size': 11, 'attention_head_size': 2, 'learning_rate': 0.08343143241183312}. Best is trial 8 with value: 0.08540189266204834.
LOCAL_RANK: 0 - CUDA_VISIBLE_DEVICES: [0]
[I 2023-11-29 23:39:33,588] Trial 56 finished with value: 0.15160097181797028 and parameters: {'gradient_clip_val': 0.7062613450074389, 'hidden_size': 72, 'dropout': 0.21054788689962106, 'hidden_continuous_size': 16, 'attention_head_size': 2, 'learning_rate': 0.06484809366953066}. Best is trial 8 with value: 0.08540189266204834.
LOCAL_RANK: 0 - CUDA_VISIBLE_DEVICES: [0]
[I 2023-11-29 23:39:47,047] Trial 57 finished with value: 0.1892388015985489 and parameters: {'gradient_clip_val': 0.8117389795927753, 'hidden_size': 83, 'dropout': 0.1458059946512006, 'hidden_continuous_size': 14, 'attention_head_size': 2, 'learning_rate': 0.049431180173937356}. Best is trial 8 with value: 0.08540189266204834.
LOCAL_RANK: 0 - CUDA_VISIBLE_DEVICES: [0]
[I 2023-11-29 23:40:01,553] Trial 58 finished with value: 0.27950820326805115 and parameters: {'gradient_clip_val': 0.863483464569585, 'hidden_size': 119, 'dropout': 0.12836796526979846, 'hidden_continuous_size': 91, 'attention_head_size': 3, 'learning_rate': 0.09895590565570697}. Best is trial 8 with value: 0.08540189266204834.
LOCAL_RANK: 0 - CUDA_VISIBLE_DEVICES: [0]
[I 2023-11-29 23:40:14,487] Trial 59 finished with value: 0.22193022072315216 and parameters: {'gradient_clip_val': 0.7874772695790435, 'hidden_size': 61, 'dropout': 0.15866272557110395, 'hidden_continuous_size': 12, 'attention_head_size': 2, 'learning_rate': 0.07950435610268632}. Best is trial 8 with value: 0.08540189266204834.
LOCAL_RANK: 0 - CUDA_VISIBLE_DEVICES: [0]
[I 2023-11-29 23:40:28,587] Trial 60 finished with value: 0.21871738135814667 and parameters: {'gradient_clip_val': 0.6996836990163189, 'hidden_size': 138, 'dropout': 0.18085292344180107, 'hidden_continuous_size': 19, 'attention_head_size': 2, 'learning_rate': 0.004839918281792628}. Best is trial 8 with value: 0.08540189266204834.
LOCAL_RANK: 0 - CUDA_VISIBLE_DEVICES: [0]
[I 2023-11-29 23:40:42,006] Trial 61 finished with value: 0.09736790508031845 and parameters: {'gradient_clip_val': 0.7740847492381508, 'hidden_size': 110, 'dropout': 0.17166187617517742, 'hidden_continuous_size': 11, 'attention_head_size': 1, 'learning_rate': 0.04710241896101769}. Best is trial 8 with value: 0.08540189266204834.
LOCAL_RANK: 0 - CUDA_VISIBLE_DEVICES: [0]
[I 2023-11-29 23:40:55,696] Trial 62 finished with value: 0.18064428865909576 and parameters: {'gradient_clip_val': 0.613211261130835, 'hidden_size': 111, 'dropout': 0.1905502926538751, 'hidden_continuous_size': 11, 'attention_head_size': 2, 'learning_rate': 0.045598386987345495}. Best is trial 8 with value: 0.08540189266204834.
LOCAL_RANK: 0 - CUDA_VISIBLE_DEVICES: [0]
[I 2023-11-29 23:41:09,291] Trial 63 finished with value: 0.10426610708236694 and parameters: {'gradient_clip_val': 0.8952384420664986, 'hidden_size': 93, 'dropout': 0.17685106733225844, 'hidden_continuous_size': 14, 'attention_head_size': 3, 'learning_rate': 0.036392383457310336}. Best is trial 8 with value: 0.08540189266204834.
LOCAL_RANK: 0 - CUDA_VISIBLE_DEVICES: [0]
[I 2023-11-29 23:41:23,300] Trial 64 finished with value: 0.1733178347349167 and parameters: {'gradient_clip_val': 0.7719611355794141, 'hidden_size': 86, 'dropout': 0.1487480735133343, 'hidden_continuous_size': 45, 'attention_head_size': 3, 'learning_rate': 0.035956235919861565}. Best is trial 8 with value: 0.08540189266204834.
LOCAL_RANK: 0 - CUDA_VISIBLE_DEVICES: [0]
[I 2023-11-29 23:41:36,674] Trial 65 finished with value: 0.18594162166118622 and parameters: {'gradient_clip_val': 0.8716184954444114, 'hidden_size': 70, 'dropout': 0.16710467887141198, 'hidden_continuous_size': 15, 'attention_head_size': 3, 'learning_rate': 0.02512674647066927}. Best is trial 8 with value: 0.08540189266204834.
LOCAL_RANK: 0 - CUDA_VISIBLE_DEVICES: [0]
[I 2023-11-29 23:41:50,270] Trial 66 finished with value: 0.21822303533554077 and parameters: {'gradient_clip_val': 0.7084546743220013, 'hidden_size': 97, 'dropout': 0.1735644111474681, 'hidden_continuous_size': 14, 'attention_head_size': 3, 'learning_rate': 0.021806269339481106}. Best is trial 8 with value: 0.08540189266204834.
LOCAL_RANK: 0 - CUDA_VISIBLE_DEVICES: [0]
[I 2023-11-29 23:42:04,562] Trial 67 finished with value: 0.12726910412311554 and parameters: {'gradient_clip_val': 0.6145725671879461, 'hidden_size': 126, 'dropout': 0.12635125713392797, 'hidden_continuous_size': 23, 'attention_head_size': 3, 'learning_rate': 0.03263798543462227}. Best is trial 8 with value: 0.08540189266204834.
LOCAL_RANK: 0 - CUDA_VISIBLE_DEVICES: [0]
[I 2023-11-29 23:42:18,838] Trial 68 finished with value: 0.1634361743927002 and parameters: {'gradient_clip_val': 0.471468641768516, 'hidden_size': 134, 'dropout': 0.144801218047189, 'hidden_continuous_size': 22, 'attention_head_size': 4, 'learning_rate': 0.042841573107423425}. Best is trial 8 with value: 0.08540189266204834.
LOCAL_RANK: 0 - CUDA_VISIBLE_DEVICES: [0]
[I 2023-11-29 23:42:32,887] Trial 69 finished with value: 0.2763631343841553 and parameters: {'gradient_clip_val': 0.5266293367548159, 'hidden_size': 124, 'dropout': 0.15729187812802076, 'hidden_continuous_size': 28, 'attention_head_size': 3, 'learning_rate': 0.032239395779693446}. Best is trial 8 with value: 0.08540189266204834.
LOCAL_RANK: 0 - CUDA_VISIBLE_DEVICES: [0]
[I 2023-11-29 23:42:47,239] Trial 70 finished with value: 0.352170467376709 and parameters: {'gradient_clip_val': 0.607660075913874, 'hidden_size': 147, 'dropout': 0.203480379672004, 'hidden_continuous_size': 17, 'attention_head_size': 3, 'learning_rate': 0.036821030116978924}. Best is trial 8 with value: 0.08540189266204834.
LOCAL_RANK: 0 - CUDA_VISIBLE_DEVICES: [0]
[I 2023-11-29 23:43:01,008] Trial 71 finished with value: 0.09432855248451233 and parameters: {'gradient_clip_val': 0.675920271951619, 'hidden_size': 91, 'dropout': 0.1270426294046352, 'hidden_continuous_size': 24, 'attention_head_size': 3, 'learning_rate': 0.027460488259457454}. Best is trial 8 with value: 0.08540189266204834.
LOCAL_RANK: 0 - CUDA_VISIBLE_DEVICES: [0]
[I 2023-11-29 23:43:14,720] Trial 72 finished with value: 0.16813604533672333 and parameters: {'gradient_clip_val': 0.5652258721822061, 'hidden_size': 82, 'dropout': 0.1284103654066795, 'hidden_continuous_size': 24, 'attention_head_size': 3, 'learning_rate': 0.0579980366614236}. Best is trial 8 with value: 0.08540189266204834.
LOCAL_RANK: 0 - CUDA_VISIBLE_DEVICES: [0]
[I 2023-11-29 23:43:28,389] Trial 73 finished with value: 0.2657751739025116 and parameters: {'gradient_clip_val': 0.6889035376492602, 'hidden_size': 89, 'dropout': 0.14004455073443334, 'hidden_continuous_size': 24, 'attention_head_size': 3, 'learning_rate': 0.04544789671124504}. Best is trial 8 with value: 0.08540189266204834.
LOCAL_RANK: 0 - CUDA_VISIBLE_DEVICES: [0]
[I 2023-11-29 23:43:42,085] Trial 74 finished with value: 0.18304245173931122 and parameters: {'gradient_clip_val': 0.6535134906840607, 'hidden_size': 96, 'dropout': 0.10687571233964036, 'hidden_continuous_size': 27, 'attention_head_size': 3, 'learning_rate': 0.04005124455132618}. Best is trial 8 with value: 0.08540189266204834.
LOCAL_RANK: 0 - CUDA_VISIBLE_DEVICES: [0]
[I 2023-11-29 23:43:55,646] Trial 75 finished with value: 0.20831339061260223 and parameters: {'gradient_clip_val': 0.7539053527127472, 'hidden_size': 74, 'dropout': 0.12027224780706681, 'hidden_continuous_size': 21, 'attention_head_size': 3, 'learning_rate': 0.015040946452827511}. Best is trial 8 with value: 0.08540189266204834.
LOCAL_RANK: 0 - CUDA_VISIBLE_DEVICES: [0]
[I 2023-11-29 23:44:09,681] Trial 76 finished with value: 0.11379965394735336 and parameters: {'gradient_clip_val': 0.5447177280181315, 'hidden_size': 125, 'dropout': 0.1537533587993033, 'hidden_continuous_size': 29, 'attention_head_size': 3, 'learning_rate': 0.07081111268709825}. Best is trial 8 with value: 0.08540189266204834.
LOCAL_RANK: 0 - CUDA_VISIBLE_DEVICES: [0]
[I 2023-11-29 23:44:23,821] Trial 77 finished with value: 0.1590064913034439 and parameters: {'gradient_clip_val': 0.4695193917726284, 'hidden_size': 128, 'dropout': 0.15209234486601186, 'hidden_continuous_size': 30, 'attention_head_size': 3, 'learning_rate': 0.06922098878335703}. Best is trial 8 with value: 0.08540189266204834.
LOCAL_RANK: 0 - CUDA_VISIBLE_DEVICES: [0]
[I 2023-11-29 23:44:37,865] Trial 78 finished with value: 0.19163252413272858 and parameters: {'gradient_clip_val': 0.5391870743166005, 'hidden_size': 118, 'dropout': 0.1250654093378997, 'hidden_continuous_size': 32, 'attention_head_size': 3, 'learning_rate': 0.08590630019476223}. Best is trial 8 with value: 0.08540189266204834.
LOCAL_RANK: 0 - CUDA_VISIBLE_DEVICES: [0]
[I 2023-11-29 23:44:52,186] Trial 79 finished with value: 0.29666194319725037 and parameters: {'gradient_clip_val': 0.5957938222585174, 'hidden_size': 139, 'dropout': 0.13707957171859306, 'hidden_continuous_size': 26, 'attention_head_size': 4, 'learning_rate': 0.06498947656628051}. Best is trial 8 with value: 0.08540189266204834.
LOCAL_RANK: 0 - CUDA_VISIBLE_DEVICES: [0]
[I 2023-11-29 23:45:06,031] Trial 80 finished with value: 0.2820028066635132 and parameters: {'gradient_clip_val': 0.49823946622637244, 'hidden_size': 92, 'dropout': 0.1590045416355372, 'hidden_continuous_size': 35, 'attention_head_size': 3, 'learning_rate': 0.01888141215532839}. Best is trial 8 with value: 0.08540189266204834.
LOCAL_RANK: 0 - CUDA_VISIBLE_DEVICES: [0]
[I 2023-11-29 23:45:19,872] Trial 81 finished with value: 0.08050508052110672 and parameters: {'gradient_clip_val': 0.6358952420242577, 'hidden_size': 104, 'dropout': 0.16369202679740394, 'hidden_continuous_size': 28, 'attention_head_size': 3, 'learning_rate': 0.024963233986830848}. Best is trial 81 with value: 0.08050508052110672.
LOCAL_RANK: 0 - CUDA_VISIBLE_DEVICES: [0]
