[I 2023-11-30 04:34:11,105] Trial 2 finished with value: 1.0164493322372437 and parameters: {'gradient_clip_val': 0.21451796593549305, 'hidden_size': 55, 'dropout': 0.13188181239064495, 'hidden_continuous_size': 30, 'attention_head_size': 3, 'learning_rate': 0.0019716232011404034}. Best is trial 1 with value: 0.09741687774658203.
LOCAL_RANK: 0 - CUDA_VISIBLE_DEVICES: [0]
[I 2023-11-30 04:34:23,238] Trial 3 finished with value: 1.3590987920761108 and parameters: {'gradient_clip_val': 0.7499457156898477, 'hidden_size': 17, 'dropout': 0.3593862652038108, 'hidden_continuous_size': 11, 'attention_head_size': 2, 'learning_rate': 0.0097126639539832}. Best is trial 1 with value: 0.09741687774658203.
LOCAL_RANK: 0 - CUDA_VISIBLE_DEVICES: [0]
[I 2023-11-30 04:34:36,863] Trial 4 finished with value: 1.2213563919067383 and parameters: {'gradient_clip_val': 0.11374843188539899, 'hidden_size': 62, 'dropout': 0.3261362034918813, 'hidden_continuous_size': 35, 'attention_head_size': 3, 'learning_rate': 0.002248023115294369}. Best is trial 1 with value: 0.09741687774658203.
LOCAL_RANK: 0 - CUDA_VISIBLE_DEVICES: [0]
[I 2023-11-30 04:34:50,966] Trial 5 finished with value: 0.17698824405670166 and parameters: {'gradient_clip_val': 0.6970409466485304, 'hidden_size': 115, 'dropout': 0.28643831488082466, 'hidden_continuous_size': 30, 'attention_head_size': 3, 'learning_rate': 0.0488890148656762}. Best is trial 1 with value: 0.09741687774658203.
LOCAL_RANK: 0 - CUDA_VISIBLE_DEVICES: [0]
[I 2023-11-30 04:35:04,264] Trial 6 finished with value: 0.17688192427158356 and parameters: {'gradient_clip_val': 0.12927647702533712, 'hidden_size': 60, 'dropout': 0.23779256783648187, 'hidden_continuous_size': 18, 'attention_head_size': 2, 'learning_rate': 0.02684892852957246}. Best is trial 1 with value: 0.09741687774658203.
LOCAL_RANK: 0 - CUDA_VISIBLE_DEVICES: [0]
[I 2023-11-30 04:35:16,345] Trial 7 finished with value: 0.2097269743680954 and parameters: {'gradient_clip_val': 0.4306468399258, 'hidden_size': 20, 'dropout': 0.12496104123409674, 'hidden_continuous_size': 18, 'attention_head_size': 2, 'learning_rate': 0.0341825258021441}. Best is trial 1 with value: 0.09741687774658203.
LOCAL_RANK: 0 - CUDA_VISIBLE_DEVICES: [0]
[I 2023-11-30 04:35:26,734] Trial 8 finished with value: 0.21488505601882935 and parameters: {'gradient_clip_val': 0.27342367596876077, 'hidden_size': 10, 'dropout': 0.2555084092184713, 'hidden_continuous_size': 10, 'attention_head_size': 4, 'learning_rate': 0.08562778026793279}. Best is trial 1 with value: 0.09741687774658203.
LOCAL_RANK: 0 - CUDA_VISIBLE_DEVICES: [0]
[I 2023-11-30 04:35:40,590] Trial 9 finished with value: 0.1424589604139328 and parameters: {'gradient_clip_val': 0.10635201657443408, 'hidden_size': 74, 'dropout': 0.16157269889535364, 'hidden_continuous_size': 63, 'attention_head_size': 2, 'learning_rate': 0.03867958471485791}. Best is trial 1 with value: 0.09741687774658203.
LOCAL_RANK: 0 - CUDA_VISIBLE_DEVICES: [0]
[I 2023-11-30 04:35:54,872] Trial 10 finished with value: 0.2329302281141281 and parameters: {'gradient_clip_val': 0.929001927051662, 'hidden_size': 124, 'dropout': 0.18556404701943938, 'hidden_continuous_size': 112, 'attention_head_size': 1, 'learning_rate': 0.011687636723160581}. Best is trial 1 with value: 0.09741687774658203.
LOCAL_RANK: 0 - CUDA_VISIBLE_DEVICES: [0]
[I 2023-11-30 04:36:08,699] Trial 11 finished with value: 0.10665037482976913 and parameters: {'gradient_clip_val': 0.17218763731366885, 'hidden_size': 85, 'dropout': 0.1104890439869721, 'hidden_continuous_size': 62, 'attention_head_size': 1, 'learning_rate': 0.01704704548816847}. Best is trial 1 with value: 0.09741687774658203.
LOCAL_RANK: 0 - CUDA_VISIBLE_DEVICES: [0]
[I 2023-11-30 04:36:21,302] Trial 12 finished with value: 0.30463114380836487 and parameters: {'gradient_clip_val': 0.17789783866919628, 'hidden_size': 31, 'dropout': 0.10514299993521561, 'hidden_continuous_size': 13, 'attention_head_size': 1, 'learning_rate': 0.015269557885332777}. Best is trial 1 with value: 0.09741687774658203.
LOCAL_RANK: 0 - CUDA_VISIBLE_DEVICES: [0]
[I 2023-11-30 04:36:35,143] Trial 13 finished with value: 0.1340487152338028 and parameters: {'gradient_clip_val': 0.46821472533659664, 'hidden_size': 92, 'dropout': 0.10096787602394941, 'hidden_continuous_size': 51, 'attention_head_size': 1, 'learning_rate': 0.0928847861643343}. Best is trial 1 with value: 0.09741687774658203.
LOCAL_RANK: 0 - CUDA_VISIBLE_DEVICES: [0]
[I 2023-11-30 04:36:48,962] Trial 14 finished with value: 0.14162741601467133 and parameters: {'gradient_clip_val': 0.281256377074409, 'hidden_size': 89, 'dropout': 0.1772176039158449, 'hidden_continuous_size': 47, 'attention_head_size': 1, 'learning_rate': 0.019684182111081083}. Best is trial 1 with value: 0.09741687774658203.
LOCAL_RANK: 0 - CUDA_VISIBLE_DEVICES: [0]
[I 2023-11-30 04:37:03,483] Trial 15 finished with value: 0.10862608999013901 and parameters: {'gradient_clip_val': 0.17426395619638796, 'hidden_size': 150, 'dropout': 0.14963266053578644, 'hidden_continuous_size': 87, 'attention_head_size': 1, 'learning_rate': 0.0065396646057118354}. Best is trial 1 with value: 0.09741687774658203.
LOCAL_RANK: 0 - CUDA_VISIBLE_DEVICES: [0]
[I 2023-11-30 04:37:16,201] Trial 16 finished with value: 0.49759483337402344 and parameters: {'gradient_clip_val': 0.4874392510598865, 'hidden_size': 40, 'dropout': 0.20230570165850925, 'hidden_continuous_size': 26, 'attention_head_size': 2, 'learning_rate': 0.006466465616183775}. Best is trial 1 with value: 0.09741687774658203.
LOCAL_RANK: 0 - CUDA_VISIBLE_DEVICES: [0]
[I 2023-11-30 04:37:29,943] Trial 17 finished with value: 0.14938846230506897 and parameters: {'gradient_clip_val': 0.333694237243368, 'hidden_size': 80, 'dropout': 0.13981770172848543, 'hidden_continuous_size': 42, 'attention_head_size': 1, 'learning_rate': 0.023697252478991904}. Best is trial 1 with value: 0.09741687774658203.
LOCAL_RANK: 0 - CUDA_VISIBLE_DEVICES: [0]
[I 2023-11-30 04:37:42,618] Trial 18 finished with value: 0.16008129715919495 and parameters: {'gradient_clip_val': 0.24381651777657232, 'hidden_size': 37, 'dropout': 0.21351623268471814, 'hidden_continuous_size': 22, 'attention_head_size': 2, 'learning_rate': 0.06040751174709702}. Best is trial 1 with value: 0.09741687774658203.
LOCAL_RANK: 0 - CUDA_VISIBLE_DEVICES: [0]
[I 2023-11-30 04:37:56,232] Trial 19 finished with value: 0.13249343633651733 and parameters: {'gradient_clip_val': 0.14501506616161636, 'hidden_size': 68, 'dropout': 0.16388123329120435, 'hidden_continuous_size': 38, 'attention_head_size': 3, 'learning_rate': 0.025478027636772062}. Best is trial 1 with value: 0.09741687774658203.
LOCAL_RANK: 0 - CUDA_VISIBLE_DEVICES: [0]
[I 2023-11-30 04:38:09,051] Trial 20 finished with value: 0.11872317641973495 and parameters: {'gradient_clip_val': 0.21610509646559012, 'hidden_size': 48, 'dropout': 0.12285785136302159, 'hidden_continuous_size': 30, 'attention_head_size': 1, 'learning_rate': 0.01713371348545936}. Best is trial 1 with value: 0.09741687774658203.
LOCAL_RANK: 0 - CUDA_VISIBLE_DEVICES: [0]
[I 2023-11-30 04:38:23,327] Trial 21 finished with value: 0.15951628983020782 and parameters: {'gradient_clip_val': 0.17450819495091996, 'hidden_size': 136, 'dropout': 0.15579721036627914, 'hidden_continuous_size': 73, 'attention_head_size': 1, 'learning_rate': 0.006259288909485269}. Best is trial 1 with value: 0.09741687774658203.
LOCAL_RANK: 0 - CUDA_VISIBLE_DEVICES: [0]
[I 2023-11-30 04:38:38,008] Trial 22 finished with value: 0.3152708411216736 and parameters: {'gradient_clip_val': 0.14380946019506502, 'hidden_size': 139, 'dropout': 0.10148739996064829, 'hidden_continuous_size': 96, 'attention_head_size': 1, 'learning_rate': 0.004373847326123771}. Best is trial 1 with value: 0.09741687774658203.
LOCAL_RANK: 0 - CUDA_VISIBLE_DEVICES: [0]
[I 2023-11-30 04:38:52,235] Trial 23 finished with value: 0.11965446919202805 and parameters: {'gradient_clip_val': 0.18155586998469012, 'hidden_size': 106, 'dropout': 0.13910701757647603, 'hidden_continuous_size': 67, 'attention_head_size': 2, 'learning_rate': 0.011239211207735444}. Best is trial 1 with value: 0.09741687774658203.
LOCAL_RANK: 0 - CUDA_VISIBLE_DEVICES: [0]
[I 2023-11-30 04:39:06,088] Trial 24 finished with value: 1.0120848417282104 and parameters: {'gradient_clip_val': 0.10243733967449067, 'hidden_size': 100, 'dropout': 0.14392170891334036, 'hidden_continuous_size': 57, 'attention_head_size': 1, 'learning_rate': 0.0011073319192477981}. Best is trial 1 with value: 0.09741687774658203.
LOCAL_RANK: 0 - CUDA_VISIBLE_DEVICES: [0]
[I 2023-11-30 04:39:21,036] Trial 25 finished with value: 0.15073354542255402 and parameters: {'gradient_clip_val': 0.3307948666292387, 'hidden_size': 147, 'dropout': 0.1789119284604527, 'hidden_continuous_size': 140, 'attention_head_size': 2, 'learning_rate': 0.03169453306648444}. Best is trial 1 with value: 0.09741687774658203.
LOCAL_RANK: 0 - CUDA_VISIBLE_DEVICES: [0]
[I 2023-11-30 04:39:34,825] Trial 26 finished with value: 0.18772776424884796 and parameters: {'gradient_clip_val': 0.15509696121802083, 'hidden_size': 81, 'dropout': 0.12541911501074143, 'hidden_continuous_size': 54, 'attention_head_size': 1, 'learning_rate': 0.016363635843169157}. Best is trial 1 with value: 0.09741687774658203.
LOCAL_RANK: 0 - CUDA_VISIBLE_DEVICES: [0]
[I 2023-11-30 04:39:49,074] Trial 27 finished with value: 0.13001081347465515 and parameters: {'gradient_clip_val': 0.21350694745138835, 'hidden_size': 114, 'dropout': 0.39715874512257837, 'hidden_continuous_size': 76, 'attention_head_size': 1, 'learning_rate': 0.06173867676210403}. Best is trial 1 with value: 0.09741687774658203.
LOCAL_RANK: 0 - CUDA_VISIBLE_DEVICES: [0]
[I 2023-11-30 04:40:03,006] Trial 28 finished with value: 0.1070864200592041 and parameters: {'gradient_clip_val': 0.12230848142161171, 'hidden_size': 90, 'dropout': 0.1614505419543062, 'hidden_continuous_size': 45, 'attention_head_size': 2, 'learning_rate': 0.02403580170687253}. Best is trial 1 with value: 0.09741687774658203.
LOCAL_RANK: 0 - CUDA_VISIBLE_DEVICES: [0]
[I 2023-11-30 04:40:16,924] Trial 29 finished with value: 0.17275530099868774 and parameters: {'gradient_clip_val': 0.12445601743356001, 'hidden_size': 70, 'dropout': 0.1164990021318073, 'hidden_continuous_size': 46, 'attention_head_size': 4, 'learning_rate': 0.035744803225397484}. Best is trial 1 with value: 0.09741687774658203.
LOCAL_RANK: 0 - CUDA_VISIBLE_DEVICES: [0]
[I 2023-11-30 04:40:30,882] Trial 30 finished with value: 0.13514550030231476 and parameters: {'gradient_clip_val': 0.12270872182260972, 'hidden_size': 97, 'dropout': 0.16472392793835577, 'hidden_continuous_size': 60, 'attention_head_size': 3, 'learning_rate': 0.023961662288255324}. Best is trial 1 with value: 0.09741687774658203.
LOCAL_RANK: 0 - CUDA_VISIBLE_DEVICES: [0]
[I 2023-11-30 04:40:45,586] Trial 31 finished with value: 0.154150128364563 and parameters: {'gradient_clip_val': 0.1589313237342434, 'hidden_size': 149, 'dropout': 0.1508057345844987, 'hidden_continuous_size': 86, 'attention_head_size': 2, 'learning_rate': 0.043548028486016}. Best is trial 1 with value: 0.09741687774658203.
LOCAL_RANK: 0 - CUDA_VISIBLE_DEVICES: [0]
[I 2023-11-30 04:40:59,766] Trial 32 finished with value: 0.1183069720864296 and parameters: {'gradient_clip_val': 0.13694636696343596, 'hidden_size': 116, 'dropout': 0.12876801570712032, 'hidden_continuous_size': 55, 'attention_head_size': 2, 'learning_rate': 0.02040875780798019}. Best is trial 1 with value: 0.09741687774658203.
LOCAL_RANK: 0 - CUDA_VISIBLE_DEVICES: [0]
[I 2023-11-30 04:41:13,517] Trial 33 finished with value: 0.2019874006509781 and parameters: {'gradient_clip_val': 0.19698089039379282, 'hidden_size': 81, 'dropout': 0.14538678123071175, 'hidden_continuous_size': 47, 'attention_head_size': 2, 'learning_rate': 0.013936597151621639}. Best is trial 1 with value: 0.09741687774658203.
LOCAL_RANK: 0 - CUDA_VISIBLE_DEVICES: [0]
[I 2023-11-30 04:41:27,176] Trial 34 finished with value: 0.2958694398403168 and parameters: {'gradient_clip_val': 0.1013654815104273, 'hidden_size': 56, 'dropout': 0.11889623114952473, 'hidden_continuous_size': 43, 'attention_head_size': 3, 'learning_rate': 0.008988746327566152}. Best is trial 1 with value: 0.09741687774658203.
LOCAL_RANK: 0 - CUDA_VISIBLE_DEVICES: [0]
[I 2023-11-30 04:41:41,301] Trial 35 finished with value: 0.24765098094940186 and parameters: {'gradient_clip_val': 0.11688559733592124, 'hidden_size': 93, 'dropout': 0.19292719925514593, 'hidden_continuous_size': 68, 'attention_head_size': 1, 'learning_rate': 0.013614168699058037}. Best is trial 1 with value: 0.09741687774658203.
LOCAL_RANK: 0 - CUDA_VISIBLE_DEVICES: [0]
[I 2023-11-30 04:41:54,934] Trial 36 finished with value: 0.10156752914190292 and parameters: {'gradient_clip_val': 0.16278182985522197, 'hidden_size': 65, 'dropout': 0.17176546134857118, 'hidden_continuous_size': 51, 'attention_head_size': 2, 'learning_rate': 0.03136652311729571}. Best is trial 1 with value: 0.09741687774658203.
LOCAL_RANK: 0 - CUDA_VISIBLE_DEVICES: [0]
[I 2023-11-30 04:42:08,629] Trial 37 finished with value: 0.10820630937814713 and parameters: {'gradient_clip_val': 0.13106856872180547, 'hidden_size': 64, 'dropout': 0.17502657487347284, 'hidden_continuous_size': 51, 'attention_head_size': 3, 'learning_rate': 0.03142157894006721}. Best is trial 1 with value: 0.09741687774658203.
LOCAL_RANK: 0 - CUDA_VISIBLE_DEVICES: [0]
[I 2023-11-30 04:42:21,928] Trial 38 finished with value: 0.13949620723724365 and parameters: {'gradient_clip_val': 0.2404910117312487, 'hidden_size': 51, 'dropout': 0.2138663115379713, 'hidden_continuous_size': 39, 'attention_head_size': 2, 'learning_rate': 0.050924575849852216}. Best is trial 1 with value: 0.09741687774658203.
LOCAL_RANK: 0 - CUDA_VISIBLE_DEVICES: [0]
[I 2023-11-30 04:42:35,445] Trial 39 finished with value: 0.2201252430677414 and parameters: {'gradient_clip_val': 0.11618949877291282, 'hidden_size': 63, 'dropout': 0.11391335558106136, 'hidden_continuous_size': 36, 'attention_head_size': 3, 'learning_rate': 0.027327896260573404}. Best is trial 1 with value: 0.09741687774658203.
LOCAL_RANK: 0 - CUDA_VISIBLE_DEVICES: [0]
[I 2023-11-30 04:42:48,893] Trial 40 finished with value: 0.12659893929958344 and parameters: {'gradient_clip_val': 0.15927755832249885, 'hidden_size': 55, 'dropout': 0.13250407618125243, 'hidden_continuous_size': 43, 'attention_head_size': 2, 'learning_rate': 0.04279602837532098}. Best is trial 1 with value: 0.09741687774658203.
LOCAL_RANK: 0 - CUDA_VISIBLE_DEVICES: [0]
[I 2023-11-30 04:43:02,454] Trial 41 finished with value: 0.14582152664661407 and parameters: {'gradient_clip_val': 0.1325724409492574, 'hidden_size': 63, 'dropout': 0.1709410158656322, 'hidden_continuous_size': 50, 'attention_head_size': 3, 'learning_rate': 0.03273761298533115}. Best is trial 1 with value: 0.09741687774658203.
LOCAL_RANK: 0 - CUDA_VISIBLE_DEVICES: [0]
[I 2023-11-30 04:43:16,702] Trial 42 finished with value: 0.11445031315088272 and parameters: {'gradient_clip_val': 0.111986131691695, 'hidden_size': 80, 'dropout': 0.1701632911931848, 'hidden_continuous_size': 59, 'attention_head_size': 4, 'learning_rate': 0.03259502691691624}. Best is trial 1 with value: 0.09741687774658203.
LOCAL_RANK: 0 - CUDA_VISIBLE_DEVICES: [0]
[I 2023-11-30 04:43:30,400] Trial 43 finished with value: 0.09520483016967773 and parameters: {'gradient_clip_val': 0.13887824937604085, 'hidden_size': 70, 'dropout': 0.1840074614241637, 'hidden_continuous_size': 50, 'attention_head_size': 3, 'learning_rate': 0.020542757237184132}. Best is trial 43 with value: 0.09520483016967773.
LOCAL_RANK: 0 - CUDA_VISIBLE_DEVICES: [0]
[I 2023-11-30 04:43:44,388] Trial 44 finished with value: 0.14166541397571564 and parameters: {'gradient_clip_val': 0.15637257527103998, 'hidden_size': 73, 'dropout': 0.15721959097446384, 'hidden_continuous_size': 54, 'attention_head_size': 3, 'learning_rate': 0.020847575328647835}. Best is trial 43 with value: 0.09520483016967773.
LOCAL_RANK: 0 - CUDA_VISIBLE_DEVICES: [0]
[I 2023-11-30 04:43:58,075] Trial 45 finished with value: 0.20717447996139526 and parameters: {'gradient_clip_val': 0.1417607115522709, 'hidden_size': 86, 'dropout': 0.19521586212154862, 'hidden_continuous_size': 33, 'attention_head_size': 2, 'learning_rate': 0.01868591802971888}. Best is trial 43 with value: 0.09520483016967773.
LOCAL_RANK: 0 - CUDA_VISIBLE_DEVICES: [0]
[I 2023-11-30 04:44:11,914] Trial 46 finished with value: 0.17246711254119873 and parameters: {'gradient_clip_val': 0.11043860057836294, 'hidden_size': 71, 'dropout': 0.13831174716305752, 'hidden_continuous_size': 50, 'attention_head_size': 3, 'learning_rate': 0.027408141676142295}. Best is trial 43 with value: 0.09520483016967773.
LOCAL_RANK: 0 - CUDA_VISIBLE_DEVICES: [0]
[I 2023-11-30 04:44:26,150] Trial 47 finished with value: 0.10764675587415695 and parameters: {'gradient_clip_val': 0.19528232070314616, 'hidden_size': 106, 'dropout': 0.11267573556736189, 'hidden_continuous_size': 62, 'attention_head_size': 2, 'learning_rate': 0.02164453462178449}. Best is trial 43 with value: 0.09520483016967773.
LOCAL_RANK: 0 - CUDA_VISIBLE_DEVICES: [0]
[I 2023-11-30 04:44:39,668] Trial 48 finished with value: 0.18614614009857178 and parameters: {'gradient_clip_val': 0.3828865643131143, 'hidden_size': 58, 'dropout': 0.10121917401165541, 'hidden_continuous_size': 47, 'attention_head_size': 2, 'learning_rate': 0.04100683386712054}. Best is trial 43 with value: 0.09520483016967773.
LOCAL_RANK: 0 - CUDA_VISIBLE_DEVICES: [0]
[I 2023-11-30 04:44:53,231] Trial 49 finished with value: 0.16509921848773956 and parameters: {'gradient_clip_val': 0.5769409392591756, 'hidden_size': 50, 'dropout': 0.1842486186519955, 'hidden_continuous_size': 41, 'attention_head_size': 4, 'learning_rate': 0.01700646234911506}. Best is trial 43 with value: 0.09520483016967773.
LOCAL_RANK: 0 - CUDA_VISIBLE_DEVICES: [0]
[I 2023-11-30 04:45:06,879] Trial 50 finished with value: 0.1457452028989792 and parameters: {'gradient_clip_val': 0.12441294839432877, 'hidden_size': 86, 'dropout': 0.1525486454556254, 'hidden_continuous_size': 33, 'attention_head_size': 2, 'learning_rate': 0.0528300983627113}. Best is trial 43 with value: 0.09520483016967773.
LOCAL_RANK: 0 - CUDA_VISIBLE_DEVICES: [0]
[I 2023-11-30 04:45:20,841] Trial 51 finished with value: 0.15867803990840912 and parameters: {'gradient_clip_val': 0.19037064022845607, 'hidden_size': 100, 'dropout': 0.11170387533683726, 'hidden_continuous_size': 62, 'attention_head_size': 2, 'learning_rate': 0.023114933880983936}. Best is trial 43 with value: 0.09520483016967773.
LOCAL_RANK: 0 - CUDA_VISIBLE_DEVICES: [0]
[I 2023-11-30 04:45:34,820] Trial 52 finished with value: 0.10996342450380325 and parameters: {'gradient_clip_val': 0.15698138364762734, 'hidden_size': 75, 'dropout': 0.1304322908176042, 'hidden_continuous_size': 52, 'attention_head_size': 2, 'learning_rate': 0.021641723991926612}. Best is trial 43 with value: 0.09520483016967773.
LOCAL_RANK: 0 - CUDA_VISIBLE_DEVICES: [0]
[I 2023-11-30 04:45:48,928] Trial 53 finished with value: 0.1479063630104065 and parameters: {'gradient_clip_val': 0.16866361537683056, 'hidden_size': 108, 'dropout': 0.1112137743050072, 'hidden_continuous_size': 65, 'attention_head_size': 2, 'learning_rate': 0.0275297285804143}. Best is trial 43 with value: 0.09520483016967773.
LOCAL_RANK: 0 - CUDA_VISIBLE_DEVICES: [0]
[I 2023-11-30 04:46:03,059] Trial 54 finished with value: 0.10175756365060806 and parameters: {'gradient_clip_val': 0.19323912534817006, 'hidden_size': 91, 'dropout': 0.1246476411390803, 'hidden_continuous_size': 59, 'attention_head_size': 3, 'learning_rate': 0.019843760968039848}. Best is trial 43 with value: 0.09520483016967773.
LOCAL_RANK: 0 - CUDA_VISIBLE_DEVICES: [0]
[I 2023-11-30 04:46:16,750] Trial 55 finished with value: 0.10356196016073227 and parameters: {'gradient_clip_val': 0.14556250803272053, 'hidden_size': 68, 'dropout': 0.13795712381505765, 'hidden_continuous_size': 56, 'attention_head_size': 3, 'learning_rate': 0.01842746983010562}. Best is trial 43 with value: 0.09520483016967773.
LOCAL_RANK: 0 - CUDA_VISIBLE_DEVICES: [0]
[I 2023-11-30 04:46:30,523] Trial 56 finished with value: 0.11600322276353836 and parameters: {'gradient_clip_val': 0.14318821243969063, 'hidden_size': 64, 'dropout': 0.1350298061911301, 'hidden_continuous_size': 50, 'attention_head_size': 3, 'learning_rate': 0.014703360356741932}. Best is trial 43 with value: 0.09520483016967773.
LOCAL_RANK: 0 - CUDA_VISIBLE_DEVICES: [0]
[I 2023-11-30 04:46:44,358] Trial 57 finished with value: 0.11067619174718857 and parameters: {'gradient_clip_val': 0.17330341264477045, 'hidden_size': 69, 'dropout': 0.12179425473325091, 'hidden_continuous_size': 57, 'attention_head_size': 3, 'learning_rate': 0.017526347108469117}. Best is trial 43 with value: 0.09520483016967773.
LOCAL_RANK: 0 - CUDA_VISIBLE_DEVICES: [0]
[I 2023-11-30 04:46:57,715] Trial 58 finished with value: 0.22513322532176971 and parameters: {'gradient_clip_val': 0.21153296272101038, 'hidden_size': 45, 'dropout': 0.1457186296287614, 'hidden_continuous_size': 40, 'attention_head_size': 3, 'learning_rate': 0.01210811024981868}. Best is trial 43 with value: 0.09520483016967773.
LOCAL_RANK: 0 - CUDA_VISIBLE_DEVICES: [0]
[I 2023-11-30 04:47:11,334] Trial 59 finished with value: 0.2208646684885025 and parameters: {'gradient_clip_val': 0.18619509857121452, 'hidden_size': 59, 'dropout': 0.10016813574394938, 'hidden_continuous_size': 48, 'attention_head_size': 3, 'learning_rate': 0.03933142587111296}. Best is trial 43 with value: 0.09520483016967773.
LOCAL_RANK: 0 - CUDA_VISIBLE_DEVICES: [0]
