[I 2023-11-29 23:06:15,339] Trial 59 finished with value: 0.13158054649829865 and parameters: {'gradient_clip_val': 0.16816023346868308, 'hidden_size': 73, 'dropout': 0.3909820108897658, 'hidden_continuous_size': 36, 'attention_head_size': 4, 'learning_rate': 0.04113680849083947}. Best is trial 14 with value: 0.07023156434297562.
LOCAL_RANK: 0 - CUDA_VISIBLE_DEVICES: [0]
[I 2023-11-29 23:06:29,489] Trial 60 finished with value: 0.2316407710313797 and parameters: {'gradient_clip_val': 0.22610560812609912, 'hidden_size': 109, 'dropout': 0.34146703616222257, 'hidden_continuous_size': 59, 'attention_head_size': 3, 'learning_rate': 0.07443514085778848}. Best is trial 14 with value: 0.07023156434297562.
LOCAL_RANK: 0 - CUDA_VISIBLE_DEVICES: [0]
[I 2023-11-29 23:06:43,451] Trial 61 finished with value: 0.10772824287414551 and parameters: {'gradient_clip_val': 0.19496291934993323, 'hidden_size': 94, 'dropout': 0.3079445768143785, 'hidden_continuous_size': 41, 'attention_head_size': 3, 'learning_rate': 0.03214060941362015}. Best is trial 14 with value: 0.07023156434297562.
LOCAL_RANK: 0 - CUDA_VISIBLE_DEVICES: [0]
[I 2023-11-29 23:06:57,206] Trial 62 finished with value: 0.06904306262731552 and parameters: {'gradient_clip_val': 0.1798569298996437, 'hidden_size': 84, 'dropout': 0.31765913980689864, 'hidden_continuous_size': 37, 'attention_head_size': 3, 'learning_rate': 0.03442470048658741}. Best is trial 62 with value: 0.06904306262731552.
LOCAL_RANK: 0 - CUDA_VISIBLE_DEVICES: [0]
[I 2023-11-29 23:07:10,851] Trial 63 finished with value: 0.0818895474076271 and parameters: {'gradient_clip_val': 0.17352988931232116, 'hidden_size': 76, 'dropout': 0.3700920133389671, 'hidden_continuous_size': 32, 'attention_head_size': 3, 'learning_rate': 0.06162575211573616}. Best is trial 62 with value: 0.06904306262731552.
LOCAL_RANK: 0 - CUDA_VISIBLE_DEVICES: [0]
[I 2023-11-29 23:07:24,266] Trial 64 finished with value: 0.13346268236637115 and parameters: {'gradient_clip_val': 0.17365395952893958, 'hidden_size': 61, 'dropout': 0.36775222432794696, 'hidden_continuous_size': 32, 'attention_head_size': 3, 'learning_rate': 0.06388177016579999}. Best is trial 62 with value: 0.06904306262731552.
LOCAL_RANK: 0 - CUDA_VISIBLE_DEVICES: [0]
[I 2023-11-29 23:07:37,911] Trial 65 finished with value: 0.09939736127853394 and parameters: {'gradient_clip_val': 0.14987374782715104, 'hidden_size': 81, 'dropout': 0.3225854906951049, 'hidden_continuous_size': 31, 'attention_head_size': 4, 'learning_rate': 0.05812706938098307}. Best is trial 62 with value: 0.06904306262731552.
LOCAL_RANK: 0 - CUDA_VISIBLE_DEVICES: [0]
[I 2023-11-29 23:07:51,622] Trial 66 finished with value: 0.18254069983959198 and parameters: {'gradient_clip_val': 0.1342896356499763, 'hidden_size': 70, 'dropout': 0.3373013841076566, 'hidden_continuous_size': 34, 'attention_head_size': 3, 'learning_rate': 0.0499296682014127}. Best is trial 62 with value: 0.06904306262731552.
LOCAL_RANK: 0 - CUDA_VISIBLE_DEVICES: [0]
[I 2023-11-29 23:08:04,978] Trial 67 finished with value: 0.09261896461248398 and parameters: {'gradient_clip_val': 0.14937091218502332, 'hidden_size': 58, 'dropout': 0.3701388348620263, 'hidden_continuous_size': 38, 'attention_head_size': 1, 'learning_rate': 0.041805500548517845}. Best is trial 62 with value: 0.06904306262731552.
LOCAL_RANK: 0 - CUDA_VISIBLE_DEVICES: [0]
[I 2023-11-29 23:08:18,788] Trial 68 finished with value: 0.1925482302904129 and parameters: {'gradient_clip_val': 0.11966770241864597, 'hidden_size': 77, 'dropout': 0.29666402824774357, 'hidden_continuous_size': 35, 'attention_head_size': 3, 'learning_rate': 0.08112476362740349}. Best is trial 62 with value: 0.06904306262731552.
LOCAL_RANK: 0 - CUDA_VISIBLE_DEVICES: [0]
[I 2023-11-29 23:08:32,196] Trial 69 finished with value: 0.09285102039575577 and parameters: {'gradient_clip_val': 0.17849620230358648, 'hidden_size': 64, 'dropout': 0.35191949293762903, 'hidden_continuous_size': 29, 'attention_head_size': 4, 'learning_rate': 0.09449110917949115}. Best is trial 62 with value: 0.06904306262731552.
LOCAL_RANK: 0 - CUDA_VISIBLE_DEVICES: [0]
[I 2023-11-29 23:08:45,906] Trial 70 finished with value: 0.10901429504156113 and parameters: {'gradient_clip_val': 0.16126838800359808, 'hidden_size': 85, 'dropout': 0.39848523958956206, 'hidden_continuous_size': 26, 'attention_head_size': 3, 'learning_rate': 0.06970818273256926}. Best is trial 62 with value: 0.06904306262731552.
LOCAL_RANK: 0 - CUDA_VISIBLE_DEVICES: [0]
[I 2023-11-29 23:08:59,890] Trial 71 finished with value: 0.10084134340286255 and parameters: {'gradient_clip_val': 0.13169191532214455, 'hidden_size': 98, 'dropout': 0.3514390572969437, 'hidden_continuous_size': 48, 'attention_head_size': 3, 'learning_rate': 0.03293290985963975}. Best is trial 62 with value: 0.06904306262731552.
LOCAL_RANK: 0 - CUDA_VISIBLE_DEVICES: [0]
[I 2023-11-29 23:09:13,485] Trial 72 finished with value: 0.16330386698246002 and parameters: {'gradient_clip_val': 0.19360594263976533, 'hidden_size': 70, 'dropout': 0.3244324791504338, 'hidden_continuous_size': 37, 'attention_head_size': 3, 'learning_rate': 0.056528242467498435}. Best is trial 62 with value: 0.06904306262731552.
LOCAL_RANK: 0 - CUDA_VISIBLE_DEVICES: [0]
[I 2023-11-29 23:09:27,566] Trial 73 finished with value: 0.12144720554351807 and parameters: {'gradient_clip_val': 0.14269271750718512, 'hidden_size': 89, 'dropout': 0.3826639243347336, 'hidden_continuous_size': 40, 'attention_head_size': 3, 'learning_rate': 0.0465663326635596}. Best is trial 62 with value: 0.06904306262731552.
LOCAL_RANK: 0 - CUDA_VISIBLE_DEVICES: [0]
[I 2023-11-29 23:09:41,228] Trial 74 finished with value: 0.13135291635990143 and parameters: {'gradient_clip_val': 0.16629975565588362, 'hidden_size': 75, 'dropout': 0.37287497251479507, 'hidden_continuous_size': 35, 'attention_head_size': 3, 'learning_rate': 0.03716673804045004}. Best is trial 62 with value: 0.06904306262731552.
LOCAL_RANK: 0 - CUDA_VISIBLE_DEVICES: [0]
[I 2023-11-29 23:09:54,946] Trial 75 finished with value: 0.09089154005050659 and parameters: {'gradient_clip_val': 0.17780615863643667, 'hidden_size': 83, 'dropout': 0.3590834171940108, 'hidden_continuous_size': 33, 'attention_head_size': 3, 'learning_rate': 0.028303122020214386}. Best is trial 62 with value: 0.06904306262731552.
LOCAL_RANK: 0 - CUDA_VISIBLE_DEVICES: [0]
[I 2023-11-29 23:10:08,900] Trial 76 finished with value: 0.14724615216255188 and parameters: {'gradient_clip_val': 0.1562814484933011, 'hidden_size': 102, 'dropout': 0.33571568995792256, 'hidden_continuous_size': 40, 'attention_head_size': 2, 'learning_rate': 0.06263395183707166}. Best is trial 62 with value: 0.06904306262731552.
LOCAL_RANK: 0 - CUDA_VISIBLE_DEVICES: [0]
[I 2023-11-29 23:10:22,494] Trial 77 finished with value: 0.1428823471069336 and parameters: {'gradient_clip_val': 0.21624969306426828, 'hidden_size': 68, 'dropout': 0.3439437434881091, 'hidden_continuous_size': 38, 'attention_head_size': 3, 'learning_rate': 0.040295119076701455}. Best is trial 62 with value: 0.06904306262731552.
LOCAL_RANK: 0 - CUDA_VISIBLE_DEVICES: [0]
[I 2023-11-29 23:10:36,500] Trial 78 finished with value: 0.06505129486322403 and parameters: {'gradient_clip_val': 0.19918736677723192, 'hidden_size': 90, 'dropout': 0.321428160242448, 'hidden_continuous_size': 31, 'attention_head_size': 4, 'learning_rate': 0.025340354966944117}. Best is trial 78 with value: 0.06505129486322403.
LOCAL_RANK: 0 - CUDA_VISIBLE_DEVICES: [0]
[I 2023-11-29 23:10:50,487] Trial 79 finished with value: 0.09765838831663132 and parameters: {'gradient_clip_val': 0.18498162062033485, 'hidden_size': 116, 'dropout': 0.31421975204787356, 'hidden_continuous_size': 27, 'attention_head_size': 4, 'learning_rate': 0.03380285761269232}. Best is trial 78 with value: 0.06505129486322403.
LOCAL_RANK: 0 - CUDA_VISIBLE_DEVICES: [0]
[I 2023-11-29 23:11:03,924] Trial 80 finished with value: 0.12851658463478088 and parameters: {'gradient_clip_val': 0.1973108324499214, 'hidden_size': 54, 'dropout': 0.3046690482669382, 'hidden_continuous_size': 31, 'attention_head_size': 4, 'learning_rate': 0.05078034988440216}. Best is trial 78 with value: 0.06505129486322403.
LOCAL_RANK: 0 - CUDA_VISIBLE_DEVICES: [0]
[I 2023-11-29 23:11:17,580] Trial 81 finished with value: 0.18889451026916504 and parameters: {'gradient_clip_val': 0.20411955694729716, 'hidden_size': 88, 'dropout': 0.3319447399676948, 'hidden_continuous_size': 32, 'attention_head_size': 4, 'learning_rate': 0.025168843254089062}. Best is trial 78 with value: 0.06505129486322403.
LOCAL_RANK: 0 - CUDA_VISIBLE_DEVICES: [0]
[I 2023-11-29 23:11:31,388] Trial 82 finished with value: 0.1782139539718628 and parameters: {'gradient_clip_val': 0.17047833429236414, 'hidden_size': 80, 'dropout': 0.35782718790866946, 'hidden_continuous_size': 35, 'attention_head_size': 4, 'learning_rate': 0.02086244946272186}. Best is trial 78 with value: 0.06505129486322403.
LOCAL_RANK: 0 - CUDA_VISIBLE_DEVICES: [0]
[I 2023-11-29 23:11:45,402] Trial 83 finished with value: 0.10587648302316666 and parameters: {'gradient_clip_val': 0.25747644579490936, 'hidden_size': 100, 'dropout': 0.31807450637028867, 'hidden_continuous_size': 29, 'attention_head_size': 4, 'learning_rate': 0.017890061364448456}. Best is trial 78 with value: 0.06505129486322403.
LOCAL_RANK: 0 - CUDA_VISIBLE_DEVICES: [0]
[I 2023-11-29 23:11:59,154] Trial 84 finished with value: 0.21719707548618317 and parameters: {'gradient_clip_val': 0.2295077768246579, 'hidden_size': 73, 'dropout': 0.3488668973668057, 'hidden_continuous_size': 42, 'attention_head_size': 4, 'learning_rate': 0.02745984137643819}. Best is trial 78 with value: 0.06505129486322403.
LOCAL_RANK: 0 - CUDA_VISIBLE_DEVICES: [0]
[I 2023-11-29 23:12:13,089] Trial 85 finished with value: 0.08167501538991928 and parameters: {'gradient_clip_val': 0.21517571347664768, 'hidden_size': 89, 'dropout': 0.32808945988300653, 'hidden_continuous_size': 46, 'attention_head_size': 3, 'learning_rate': 0.043553315466113206}. Best is trial 78 with value: 0.06505129486322403.
LOCAL_RANK: 0 - CUDA_VISIBLE_DEVICES: [0]
[I 2023-11-29 23:12:27,093] Trial 86 finished with value: 0.15026219189167023 and parameters: {'gradient_clip_val': 0.2142169014940343, 'hidden_size': 91, 'dropout': 0.3193546984366088, 'hidden_continuous_size': 45, 'attention_head_size': 3, 'learning_rate': 0.0411753769006347}. Best is trial 78 with value: 0.06505129486322403.
LOCAL_RANK: 0 - CUDA_VISIBLE_DEVICES: [0]
[I 2023-11-29 23:12:41,438] Trial 87 finished with value: 0.1571151167154312 and parameters: {'gradient_clip_val': 0.14880687218442795, 'hidden_size': 109, 'dropout': 0.3306670752395065, 'hidden_continuous_size': 47, 'attention_head_size': 4, 'learning_rate': 0.046860833539010084}. Best is trial 78 with value: 0.06505129486322403.
LOCAL_RANK: 0 - CUDA_VISIBLE_DEVICES: [0]
[I 2023-11-29 23:12:54,945] Trial 88 finished with value: 0.06862958520650864 and parameters: {'gradient_clip_val': 0.1870067122464083, 'hidden_size': 64, 'dropout': 0.34113276297681555, 'hidden_continuous_size': 37, 'attention_head_size': 3, 'learning_rate': 0.03616464542129599}. Best is trial 78 with value: 0.06505129486322403.
LOCAL_RANK: 0 - CUDA_VISIBLE_DEVICES: [0]
[I 2023-11-29 23:13:09,267] Trial 89 finished with value: 0.10590746253728867 and parameters: {'gradient_clip_val': 0.23892531144354032, 'hidden_size': 131, 'dropout': 0.29780284327705736, 'hidden_continuous_size': 48, 'attention_head_size': 3, 'learning_rate': 0.03617114578818154}. Best is trial 78 with value: 0.06505129486322403.
LOCAL_RANK: 0 - CUDA_VISIBLE_DEVICES: [0]
[I 2023-11-29 23:13:22,999] Trial 90 finished with value: 0.2634323835372925 and parameters: {'gradient_clip_val': 0.18821672256868086, 'hidden_size': 66, 'dropout': 0.3651758089288917, 'hidden_continuous_size': 39, 'attention_head_size': 4, 'learning_rate': 0.05798083303108934}. Best is trial 78 with value: 0.06505129486322403.
LOCAL_RANK: 0 - CUDA_VISIBLE_DEVICES: [0]
[I 2023-11-29 23:13:36,505] Trial 91 finished with value: 0.10004936903715134 and parameters: {'gradient_clip_val': 0.15878978372319216, 'hidden_size': 61, 'dropout': 0.34157356190926735, 'hidden_continuous_size': 37, 'attention_head_size': 3, 'learning_rate': 0.030907522013720806}. Best is trial 78 with value: 0.06505129486322403.
LOCAL_RANK: 0 - CUDA_VISIBLE_DEVICES: [0]
[I 2023-11-29 23:13:50,317] Trial 92 finished with value: 0.09985605627298355 and parameters: {'gradient_clip_val': 0.17732312240177894, 'hidden_size': 79, 'dropout': 0.3258012764901773, 'hidden_continuous_size': 42, 'attention_head_size': 3, 'learning_rate': 0.035825439613918666}. Best is trial 78 with value: 0.06505129486322403.
LOCAL_RANK: 0 - CUDA_VISIBLE_DEVICES: [0]
[I 2023-11-29 23:14:04,083] Trial 93 finished with value: 0.08883895725011826 and parameters: {'gradient_clip_val': 0.20014418619686583, 'hidden_size': 74, 'dropout': 0.33524099197056884, 'hidden_continuous_size': 34, 'attention_head_size': 3, 'learning_rate': 0.04352165427111414}. Best is trial 78 with value: 0.06505129486322403.
LOCAL_RANK: 0 - CUDA_VISIBLE_DEVICES: [0]
[I 2023-11-29 23:14:17,826] Trial 94 finished with value: 0.10298579931259155 and parameters: {'gradient_clip_val': 0.1882485703524545, 'hidden_size': 95, 'dropout': 0.3094672548355177, 'hidden_continuous_size': 30, 'attention_head_size': 3, 'learning_rate': 0.023173554917171213}. Best is trial 78 with value: 0.06505129486322403.
LOCAL_RANK: 0 - CUDA_VISIBLE_DEVICES: [0]
[I 2023-11-29 23:14:31,338] Trial 95 finished with value: 0.08307645469903946 and parameters: {'gradient_clip_val': 0.16356705171708807, 'hidden_size': 57, 'dropout': 0.34587366215471593, 'hidden_continuous_size': 37, 'attention_head_size': 3, 'learning_rate': 0.03070996705546854}. Best is trial 78 with value: 0.06505129486322403.
LOCAL_RANK: 0 - CUDA_VISIBLE_DEVICES: [0]
[I 2023-11-29 23:14:44,635] Trial 96 finished with value: 0.10487931966781616 and parameters: {'gradient_clip_val': 0.16747783226438326, 'hidden_size': 48, 'dropout': 0.3456770713441854, 'hidden_continuous_size': 36, 'attention_head_size': 3, 'learning_rate': 0.03916699308880235}. Best is trial 78 with value: 0.06505129486322403.
LOCAL_RANK: 0 - CUDA_VISIBLE_DEVICES: [0]
[I 2023-11-29 23:14:58,020] Trial 97 finished with value: 0.10683619230985641 and parameters: {'gradient_clip_val': 0.14431528176608957, 'hidden_size': 63, 'dropout': 0.37511170248457537, 'hidden_continuous_size': 38, 'attention_head_size': 2, 'learning_rate': 0.050090337299781414}. Best is trial 78 with value: 0.06505129486322403.
LOCAL_RANK: 0 - CUDA_VISIBLE_DEVICES: [0]
[I 2023-11-29 23:15:11,677] Trial 98 finished with value: 0.12280269712209702 and parameters: {'gradient_clip_val': 0.2111492098075148, 'hidden_size': 58, 'dropout': 0.3582306687153373, 'hidden_continuous_size': 40, 'attention_head_size': 3, 'learning_rate': 0.032962302323989244}. Best is trial 78 with value: 0.06505129486322403.
LOCAL_RANK: 0 - CUDA_VISIBLE_DEVICES: [0]
[I 2023-11-29 23:15:25,528] Trial 99 finished with value: 0.10361597687005997 and parameters: {'gradient_clip_val': 0.1614450617370129, 'hidden_size': 83, 'dropout': 0.32095933001653953, 'hidden_continuous_size': 43, 'attention_head_size': 3, 'learning_rate': 0.04392223910180973}. Best is trial 78 with value: 0.06505129486322403.
LOCAL_RANK: 0 - CUDA_VISIBLE_DEVICES: [0]
[I 2023-11-29 23:15:39,645] Trial 100 finished with value: 0.1047697439789772 and parameters: {'gradient_clip_val': 0.13619830046640882, 'hidden_size': 90, 'dropout': 0.3519826586271815, 'hidden_continuous_size': 45, 'attention_head_size': 4, 'learning_rate': 0.02606009319578257}. Best is trial 78 with value: 0.06505129486322403.
LOCAL_RANK: 0 - CUDA_VISIBLE_DEVICES: [0]
[I 2023-11-29 23:15:53,150] Trial 101 finished with value: 0.08826904743909836 and parameters: {'gradient_clip_val': 0.18104174310578625, 'hidden_size': 68, 'dropout': 0.34050566888456135, 'hidden_continuous_size': 33, 'attention_head_size': 3, 'learning_rate': 0.03160913948217121}. Best is trial 78 with value: 0.06505129486322403.
LOCAL_RANK: 0 - CUDA_VISIBLE_DEVICES: [0]
[I 2023-11-29 23:16:06,562] Trial 102 finished with value: 0.08135449141263962 and parameters: {'gradient_clip_val': 0.17477971030995207, 'hidden_size': 55, 'dropout': 0.32817604433516073, 'hidden_continuous_size': 36, 'attention_head_size': 3, 'learning_rate': 0.029788052364086683}. Best is trial 78 with value: 0.06505129486322403.
LOCAL_RANK: 0 - CUDA_VISIBLE_DEVICES: [0]
[I 2023-11-29 23:16:20,130] Trial 103 finished with value: 0.08627257496118546 and parameters: {'gradient_clip_val': 0.1553568171176265, 'hidden_size': 55, 'dropout': 0.3287174475323233, 'hidden_continuous_size': 36, 'attention_head_size': 3, 'learning_rate': 0.03603023196623273}. Best is trial 78 with value: 0.06505129486322403.
LOCAL_RANK: 0 - CUDA_VISIBLE_DEVICES: [0]
[I 2023-11-29 23:16:33,573] Trial 104 finished with value: 0.17338939011096954 and parameters: {'gradient_clip_val': 0.2037523833506075, 'hidden_size': 50, 'dropout': 0.3153424951883079, 'hidden_continuous_size': 41, 'attention_head_size': 3, 'learning_rate': 0.055160151915566634}. Best is trial 78 with value: 0.06505129486322403.
LOCAL_RANK: 0 - CUDA_VISIBLE_DEVICES: [0]
[I 2023-11-29 23:16:46,755] Trial 105 finished with value: 0.16445794701576233 and parameters: {'gradient_clip_val': 0.16677330614457872, 'hidden_size': 43, 'dropout': 0.36310692609897816, 'hidden_continuous_size': 39, 'attention_head_size': 3, 'learning_rate': 0.029663976620252733}. Best is trial 78 with value: 0.06505129486322403.
LOCAL_RANK: 0 - CUDA_VISIBLE_DEVICES: [0]
[I 2023-11-29 23:17:00,146] Trial 106 finished with value: 0.1638854444026947 and parameters: {'gradient_clip_val': 0.1732793734094056, 'hidden_size': 58, 'dropout': 0.3257334166679311, 'hidden_continuous_size': 34, 'attention_head_size': 3, 'learning_rate': 0.03894827205526159}. Best is trial 78 with value: 0.06505129486322403.
LOCAL_RANK: 0 - CUDA_VISIBLE_DEVICES: [0]
[I 2023-11-29 23:17:13,797] Trial 107 finished with value: 0.16169948875904083 and parameters: {'gradient_clip_val': 0.14901630597568216, 'hidden_size': 78, 'dropout': 0.3466711555222553, 'hidden_continuous_size': 28, 'attention_head_size': 3, 'learning_rate': 0.02790909922434976}. Best is trial 78 with value: 0.06505129486322403.
LOCAL_RANK: 0 - CUDA_VISIBLE_DEVICES: [0]
[I 2023-11-29 23:17:27,400] Trial 108 finished with value: 0.5383327007293701 and parameters: {'gradient_clip_val': 0.19240464412969172, 'hidden_size': 63, 'dropout': 0.3719448409596774, 'hidden_continuous_size': 32, 'attention_head_size': 3, 'learning_rate': 0.06944285108640844}. Best is trial 78 with value: 0.06505129486322403.
LOCAL_RANK: 0 - CUDA_VISIBLE_DEVICES: [0]
[I 2023-11-29 23:17:40,783] Trial 109 finished with value: 0.09891670942306519 and parameters: {'gradient_clip_val': 0.18462259541047768, 'hidden_size': 52, 'dropout': 0.35312733878514213, 'hidden_continuous_size': 36, 'attention_head_size': 4, 'learning_rate': 0.04692027709976714}. Best is trial 78 with value: 0.06505129486322403.
LOCAL_RANK: 0 - CUDA_VISIBLE_DEVICES: [0]
[I 2023-11-29 23:17:54,050] Trial 110 finished with value: 0.09828031063079834 and parameters: {'gradient_clip_val': 0.21858795574100165, 'hidden_size': 56, 'dropout': 0.33718585047642663, 'hidden_continuous_size': 37, 'attention_head_size': 3, 'learning_rate': 0.02444374057640105}. Best is trial 78 with value: 0.06505129486322403.
LOCAL_RANK: 0 - CUDA_VISIBLE_DEVICES: [0]
[I 2023-11-29 23:18:07,588] Trial 111 finished with value: 0.1102973222732544 and parameters: {'gradient_clip_val': 0.17093847262150008, 'hidden_size': 72, 'dropout': 0.3287287051680795, 'hidden_continuous_size': 34, 'attention_head_size': 3, 'learning_rate': 0.034022604239773914}. Best is trial 78 with value: 0.06505129486322403.
LOCAL_RANK: 0 - CUDA_VISIBLE_DEVICES: [0]
[I 2023-11-29 23:18:21,190] Trial 112 finished with value: 0.1058819517493248 and parameters: {'gradient_clip_val': 0.20006931962753458, 'hidden_size': 66, 'dropout': 0.3360551581941893, 'hidden_continuous_size': 32, 'attention_head_size': 3, 'learning_rate': 0.030477857396463186}. Best is trial 78 with value: 0.06505129486322403.
LOCAL_RANK: 0 - CUDA_VISIBLE_DEVICES: [0]
[I 2023-11-29 23:18:34,848] Trial 113 finished with value: 0.1238240897655487 and parameters: {'gradient_clip_val': 0.16097111171587822, 'hidden_size': 77, 'dropout': 0.3054607827450151, 'hidden_continuous_size': 30, 'attention_head_size': 3, 'learning_rate': 0.04204150390602807}. Best is trial 78 with value: 0.06505129486322403.
LOCAL_RANK: 0 - CUDA_VISIBLE_DEVICES: [0]
[I 2023-11-29 23:18:48,428] Trial 114 finished with value: 0.08230610936880112 and parameters: {'gradient_clip_val': 0.18206874990932717, 'hidden_size': 61, 'dropout': 0.32159339216709537, 'hidden_continuous_size': 35, 'attention_head_size': 3, 'learning_rate': 0.02652095833513285}. Best is trial 78 with value: 0.06505129486322403.
LOCAL_RANK: 0 - CUDA_VISIBLE_DEVICES: [0]
[I 2023-11-29 23:19:01,901] Trial 115 finished with value: 0.2609918415546417 and parameters: {'gradient_clip_val': 0.1908144774239125, 'hidden_size': 61, 'dropout': 0.31844797641354294, 'hidden_continuous_size': 38, 'attention_head_size': 3, 'learning_rate': 0.02153577890842234}. Best is trial 78 with value: 0.06505129486322403.
LOCAL_RANK: 0 - CUDA_VISIBLE_DEVICES: [0]
[I 2023-11-29 23:19:15,053] Trial 116 finished with value: 0.09314650297164917 and parameters: {'gradient_clip_val': 0.12894977262579305, 'hidden_size': 52, 'dropout': 0.3109424002392385, 'hidden_continuous_size': 35, 'attention_head_size': 3, 'learning_rate': 0.026584258898442212}. Best is trial 78 with value: 0.06505129486322403.
LOCAL_RANK: 0 - CUDA_VISIBLE_DEVICES: [0]
