[I 2023-11-30 10:55:09,488] Trial 31 finished with value: 0.13685952126979828 and parameters: {'gradient_clip_val': 0.8397455561952089, 'hidden_size': 127, 'dropout': 0.3347951353432251, 'hidden_continuous_size': 18, 'attention_head_size': 2, 'learning_rate': 0.0341822247990952}. Best is trial 29 with value: 0.11052405834197998.
LOCAL_RANK: 0 - CUDA_VISIBLE_DEVICES: [0]
[I 2023-11-30 10:55:23,378] Trial 32 finished with value: 0.14527465403079987 and parameters: {'gradient_clip_val': 0.8346177736436742, 'hidden_size': 121, 'dropout': 0.33216496480733326, 'hidden_continuous_size': 29, 'attention_head_size': 1, 'learning_rate': 0.05485182956380129}. Best is trial 29 with value: 0.11052405834197998.
LOCAL_RANK: 0 - CUDA_VISIBLE_DEVICES: [0]
[I 2023-11-30 10:55:36,938] Trial 33 finished with value: 0.24080228805541992 and parameters: {'gradient_clip_val': 0.6901292099111902, 'hidden_size': 100, 'dropout': 0.29261156382996656, 'hidden_continuous_size': 20, 'attention_head_size': 1, 'learning_rate': 0.034204969535500174}. Best is trial 29 with value: 0.11052405834197998.
LOCAL_RANK: 0 - CUDA_VISIBLE_DEVICES: [0]
[I 2023-11-30 10:55:50,981] Trial 34 finished with value: 0.20255272090435028 and parameters: {'gradient_clip_val': 0.8753954674986787, 'hidden_size': 122, 'dropout': 0.35706834857006947, 'hidden_continuous_size': 23, 'attention_head_size': 2, 'learning_rate': 0.06649813552084187}. Best is trial 29 with value: 0.11052405834197998.
LOCAL_RANK: 0 - CUDA_VISIBLE_DEVICES: [0]
[I 2023-11-30 10:56:04,612] Trial 35 finished with value: 0.15354634821414948 and parameters: {'gradient_clip_val': 0.6166755645630818, 'hidden_size': 82, 'dropout': 0.33509740631498497, 'hidden_continuous_size': 19, 'attention_head_size': 2, 'learning_rate': 0.07504091944265316}. Best is trial 29 with value: 0.11052405834197998.
LOCAL_RANK: 0 - CUDA_VISIBLE_DEVICES: [0]
[I 2023-11-30 10:56:18,594] Trial 36 finished with value: 0.10053489357233047 and parameters: {'gradient_clip_val': 0.9139287701008252, 'hidden_size': 125, 'dropout': 0.31818691918642356, 'hidden_continuous_size': 16, 'attention_head_size': 1, 'learning_rate': 0.05125832041360971}. Best is trial 36 with value: 0.10053489357233047.
LOCAL_RANK: 0 - CUDA_VISIBLE_DEVICES: [0]
[I 2023-11-30 10:56:32,128] Trial 37 finished with value: 0.17365272343158722 and parameters: {'gradient_clip_val': 0.9793200547536373, 'hidden_size': 101, 'dropout': 0.28026422786252775, 'hidden_continuous_size': 15, 'attention_head_size': 1, 'learning_rate': 0.04847306413702275}. Best is trial 36 with value: 0.10053489357233047.
LOCAL_RANK: 0 - CUDA_VISIBLE_DEVICES: [0]
[I 2023-11-30 10:56:45,476] Trial 38 finished with value: 0.10596244782209396 and parameters: {'gradient_clip_val': 0.7268830139702365, 'hidden_size': 83, 'dropout': 0.3053213229404528, 'hidden_continuous_size': 22, 'attention_head_size': 1, 'learning_rate': 0.07691300228376459}. Best is trial 36 with value: 0.10053489357233047.
LOCAL_RANK: 0 - CUDA_VISIBLE_DEVICES: [0]
[I 2023-11-30 10:56:59,465] Trial 39 finished with value: 0.16046452522277832 and parameters: {'gradient_clip_val': 0.6282015532196722, 'hidden_size': 130, 'dropout': 0.3165561820557317, 'hidden_continuous_size': 16, 'attention_head_size': 1, 'learning_rate': 0.057357076324905214}. Best is trial 36 with value: 0.10053489357233047.
LOCAL_RANK: 0 - CUDA_VISIBLE_DEVICES: [0]
[I 2023-11-30 10:57:12,935] Trial 40 finished with value: 0.13584043085575104 and parameters: {'gradient_clip_val': 0.5633360124466352, 'hidden_size': 90, 'dropout': 0.2574667893220853, 'hidden_continuous_size': 12, 'attention_head_size': 1, 'learning_rate': 0.07626344156318556}. Best is trial 36 with value: 0.10053489357233047.
LOCAL_RANK: 0 - CUDA_VISIBLE_DEVICES: [0]
[I 2023-11-30 10:57:26,967] Trial 41 finished with value: 0.18191242218017578 and parameters: {'gradient_clip_val': 0.7481708337770558, 'hidden_size': 105, 'dropout': 0.3015612530512352, 'hidden_continuous_size': 25, 'attention_head_size': 1, 'learning_rate': 0.077558831523843}. Best is trial 36 with value: 0.10053489357233047.
LOCAL_RANK: 0 - CUDA_VISIBLE_DEVICES: [0]
[I 2023-11-30 10:57:40,377] Trial 42 finished with value: 0.1262456327676773 and parameters: {'gradient_clip_val': 0.893296780022979, 'hidden_size': 79, 'dropout': 0.276551767255051, 'hidden_continuous_size': 22, 'attention_head_size': 1, 'learning_rate': 0.051913599248833604}. Best is trial 36 with value: 0.10053489357233047.
LOCAL_RANK: 0 - CUDA_VISIBLE_DEVICES: [0]
[I 2023-11-30 10:57:54,122] Trial 43 finished with value: 0.1781657189130783 and parameters: {'gradient_clip_val': 0.7724690437908575, 'hidden_size': 112, 'dropout': 0.3172721807213363, 'hidden_continuous_size': 20, 'attention_head_size': 1, 'learning_rate': 0.07772603571214613}. Best is trial 36 with value: 0.10053489357233047.
LOCAL_RANK: 0 - CUDA_VISIBLE_DEVICES: [0]
[I 2023-11-30 10:58:08,278] Trial 44 finished with value: 0.3387874364852905 and parameters: {'gradient_clip_val': 0.69404820954826, 'hidden_size': 135, 'dropout': 0.3529137107763395, 'hidden_continuous_size': 32, 'attention_head_size': 1, 'learning_rate': 0.04097989982755882}. Best is trial 36 with value: 0.10053489357233047.
LOCAL_RANK: 0 - CUDA_VISIBLE_DEVICES: [0]
[I 2023-11-30 10:58:21,929] Trial 45 finished with value: 0.27259013056755066 and parameters: {'gradient_clip_val': 0.5631461576505378, 'hidden_size': 98, 'dropout': 0.25308246611364466, 'hidden_continuous_size': 18, 'attention_head_size': 1, 'learning_rate': 0.09714016098982332}. Best is trial 36 with value: 0.10053489357233047.
LOCAL_RANK: 0 - CUDA_VISIBLE_DEVICES: [0]
[I 2023-11-30 10:58:35,581] Trial 46 finished with value: 0.2995528280735016 and parameters: {'gradient_clip_val': 0.8586475661306332, 'hidden_size': 85, 'dropout': 0.2824657896327426, 'hidden_continuous_size': 26, 'attention_head_size': 1, 'learning_rate': 0.06029157540275307}. Best is trial 36 with value: 0.10053489357233047.
LOCAL_RANK: 0 - CUDA_VISIBLE_DEVICES: [0]
[I 2023-11-30 10:58:49,660] Trial 47 finished with value: 0.1851385086774826 and parameters: {'gradient_clip_val': 0.7987212202430932, 'hidden_size': 132, 'dropout': 0.30485710492907564, 'hidden_continuous_size': 28, 'attention_head_size': 3, 'learning_rate': 0.03138956591806803}. Best is trial 36 with value: 0.10053489357233047.
LOCAL_RANK: 0 - CUDA_VISIBLE_DEVICES: [0]
[I 2023-11-30 10:59:03,818] Trial 48 finished with value: 0.10394508391618729 and parameters: {'gradient_clip_val': 0.9158972703328516, 'hidden_size': 148, 'dropout': 0.3677850579503825, 'hidden_continuous_size': 33, 'attention_head_size': 1, 'learning_rate': 0.04945794882397537}. Best is trial 36 with value: 0.10053489357233047.
LOCAL_RANK: 0 - CUDA_VISIBLE_DEVICES: [0]
[I 2023-11-30 10:59:17,854] Trial 49 finished with value: 0.12634937465190887 and parameters: {'gradient_clip_val': 0.6131147466316901, 'hidden_size': 136, 'dropout': 0.36616735835113984, 'hidden_continuous_size': 33, 'attention_head_size': 1, 'learning_rate': 0.028191406866751194}. Best is trial 36 with value: 0.10053489357233047.
LOCAL_RANK: 0 - CUDA_VISIBLE_DEVICES: [0]
[I 2023-11-30 10:59:31,934] Trial 50 finished with value: 0.27514201402664185 and parameters: {'gradient_clip_val': 0.9330921578143977, 'hidden_size': 115, 'dropout': 0.3432583367973123, 'hidden_continuous_size': 37, 'attention_head_size': 1, 'learning_rate': 0.04698315348105785}. Best is trial 36 with value: 0.10053489357233047.
LOCAL_RANK: 0 - CUDA_VISIBLE_DEVICES: [0]
[I 2023-11-30 10:59:46,123] Trial 51 finished with value: 0.3082422614097595 and parameters: {'gradient_clip_val': 0.9102404321129537, 'hidden_size': 148, 'dropout': 0.3700130501420905, 'hidden_continuous_size': 22, 'attention_head_size': 1, 'learning_rate': 0.07151787185898957}. Best is trial 36 with value: 0.10053489357233047.
LOCAL_RANK: 0 - CUDA_VISIBLE_DEVICES: [0]
[I 2023-11-30 10:59:59,942] Trial 52 finished with value: 0.12986713647842407 and parameters: {'gradient_clip_val': 0.7723639333228853, 'hidden_size': 107, 'dropout': 0.32595941894629277, 'hidden_continuous_size': 25, 'attention_head_size': 1, 'learning_rate': 0.053560818548063056}. Best is trial 36 with value: 0.10053489357233047.
LOCAL_RANK: 0 - CUDA_VISIBLE_DEVICES: [0]
[I 2023-11-30 11:00:14,008] Trial 53 finished with value: 0.14340512454509735 and parameters: {'gradient_clip_val': 0.9272007930155515, 'hidden_size': 121, 'dropout': 0.3812605396819226, 'hidden_continuous_size': 21, 'attention_head_size': 3, 'learning_rate': 0.03755447780224287}. Best is trial 36 with value: 0.10053489357233047.
LOCAL_RANK: 0 - CUDA_VISIBLE_DEVICES: [0]
[I 2023-11-30 11:00:27,644] Trial 54 finished with value: 0.3119218051433563 and parameters: {'gradient_clip_val': 0.9965351785035499, 'hidden_size': 92, 'dropout': 0.3474831241526222, 'hidden_continuous_size': 24, 'attention_head_size': 2, 'learning_rate': 0.0815248906356222}. Best is trial 36 with value: 0.10053489357233047.
LOCAL_RANK: 0 - CUDA_VISIBLE_DEVICES: [0]
[I 2023-11-30 11:00:42,156] Trial 55 finished with value: 0.1367272436618805 and parameters: {'gradient_clip_val': 0.821847197090359, 'hidden_size': 150, 'dropout': 0.3236765403066257, 'hidden_continuous_size': 30, 'attention_head_size': 4, 'learning_rate': 0.06189359550622753}. Best is trial 36 with value: 0.10053489357233047.
LOCAL_RANK: 0 - CUDA_VISIBLE_DEVICES: [0]
[I 2023-11-30 11:00:56,168] Trial 56 finished with value: 0.14891450107097626 and parameters: {'gradient_clip_val': 0.6591895541314539, 'hidden_size': 103, 'dropout': 0.29127514218894535, 'hidden_continuous_size': 28, 'attention_head_size': 1, 'learning_rate': 0.04539687967482246}. Best is trial 36 with value: 0.10053489357233047.
LOCAL_RANK: 0 - CUDA_VISIBLE_DEVICES: [0]
[I 2023-11-30 11:01:10,287] Trial 57 finished with value: 0.1655074506998062 and parameters: {'gradient_clip_val': 0.71285634110956, 'hidden_size': 134, 'dropout': 0.307979222773584, 'hidden_continuous_size': 16, 'attention_head_size': 2, 'learning_rate': 0.08849587078526902}. Best is trial 36 with value: 0.10053489357233047.
LOCAL_RANK: 0 - CUDA_VISIBLE_DEVICES: [0]
[I 2023-11-30 11:01:23,884] Trial 58 finished with value: 0.17710797488689423 and parameters: {'gradient_clip_val': 0.8019010432954026, 'hidden_size': 75, 'dropout': 0.3423499785416864, 'hidden_continuous_size': 27, 'attention_head_size': 3, 'learning_rate': 0.06565235907071472}. Best is trial 36 with value: 0.10053489357233047.
LOCAL_RANK: 0 - CUDA_VISIBLE_DEVICES: [0]
[I 2023-11-30 11:01:37,750] Trial 59 finished with value: 0.31183645129203796 and parameters: {'gradient_clip_val': 0.9154047783381433, 'hidden_size': 114, 'dropout': 0.32488100777656503, 'hidden_continuous_size': 20, 'attention_head_size': 1, 'learning_rate': 0.09959354724148403}. Best is trial 36 with value: 0.10053489357233047.
LOCAL_RANK: 0 - CUDA_VISIBLE_DEVICES: [0]
[I 2023-11-30 11:01:51,384] Trial 60 finished with value: 0.1750231236219406 and parameters: {'gradient_clip_val': 0.7295651969355704, 'hidden_size': 86, 'dropout': 0.27278461650587715, 'hidden_continuous_size': 22, 'attention_head_size': 2, 'learning_rate': 0.05203112200388195}. Best is trial 36 with value: 0.10053489357233047.
LOCAL_RANK: 0 - CUDA_VISIBLE_DEVICES: [0]
[I 2023-11-30 11:02:04,817] Trial 61 finished with value: 0.1030990481376648 and parameters: {'gradient_clip_val': 0.885095868949198, 'hidden_size': 79, 'dropout': 0.30388542511209843, 'hidden_continuous_size': 23, 'attention_head_size': 1, 'learning_rate': 0.051278853966656}. Best is trial 36 with value: 0.10053489357233047.
LOCAL_RANK: 0 - CUDA_VISIBLE_DEVICES: [0]
[I 2023-11-30 11:02:18,431] Trial 62 finished with value: 0.13409774005413055 and parameters: {'gradient_clip_val': 0.8677010545113433, 'hidden_size': 70, 'dropout': 0.2983358451841338, 'hidden_continuous_size': 24, 'attention_head_size': 1, 'learning_rate': 0.04087919207793879}. Best is trial 36 with value: 0.10053489357233047.
LOCAL_RANK: 0 - CUDA_VISIBLE_DEVICES: [0]
[I 2023-11-30 11:02:31,819] Trial 63 finished with value: 0.136031836271286 and parameters: {'gradient_clip_val': 0.9909424504576644, 'hidden_size': 62, 'dropout': 0.30548122199597527, 'hidden_continuous_size': 26, 'attention_head_size': 1, 'learning_rate': 0.06746185980294586}. Best is trial 36 with value: 0.10053489357233047.
LOCAL_RANK: 0 - CUDA_VISIBLE_DEVICES: [0]
[I 2023-11-30 11:02:45,451] Trial 64 finished with value: 0.11908135563135147 and parameters: {'gradient_clip_val': 0.7983109227958517, 'hidden_size': 95, 'dropout': 0.28935939557412316, 'hidden_continuous_size': 19, 'attention_head_size': 1, 'learning_rate': 0.046477761373701666}. Best is trial 36 with value: 0.10053489357233047.
LOCAL_RANK: 0 - CUDA_VISIBLE_DEVICES: [0]
[I 2023-11-30 11:02:59,595] Trial 65 finished with value: 0.2306564599275589 and parameters: {'gradient_clip_val': 0.8035664782810205, 'hidden_size': 139, 'dropout': 0.2904970515145879, 'hidden_continuous_size': 35, 'attention_head_size': 1, 'learning_rate': 0.046099621955295746}. Best is trial 36 with value: 0.10053489357233047.
LOCAL_RANK: 0 - CUDA_VISIBLE_DEVICES: [0]
[I 2023-11-30 11:03:13,123] Trial 66 finished with value: 0.13878591358661652 and parameters: {'gradient_clip_val': 0.6507404400139106, 'hidden_size': 97, 'dropout': 0.3375994924829098, 'hidden_continuous_size': 19, 'attention_head_size': 1, 'learning_rate': 0.03595083936118259}. Best is trial 36 with value: 0.10053489357233047.
LOCAL_RANK: 0 - CUDA_VISIBLE_DEVICES: [0]
[I 2023-11-30 11:03:27,160] Trial 67 finished with value: 0.20712102949619293 and parameters: {'gradient_clip_val': 0.7015780725748607, 'hidden_size': 119, 'dropout': 0.3150871476851189, 'hidden_continuous_size': 18, 'attention_head_size': 1, 'learning_rate': 0.05436525554756683}. Best is trial 36 with value: 0.10053489357233047.
LOCAL_RANK: 0 - CUDA_VISIBLE_DEVICES: [0]
[I 2023-11-30 11:03:41,150] Trial 68 finished with value: 0.1274423897266388 and parameters: {'gradient_clip_val': 0.771179064303564, 'hidden_size': 129, 'dropout': 0.22639062228677742, 'hidden_continuous_size': 15, 'attention_head_size': 1, 'learning_rate': 0.02899230780268678}. Best is trial 36 with value: 0.10053489357233047.
LOCAL_RANK: 0 - CUDA_VISIBLE_DEVICES: [0]
[I 2023-11-30 11:03:55,058] Trial 69 finished with value: 0.1715710610151291 and parameters: {'gradient_clip_val': 0.5351573032886141, 'hidden_size': 109, 'dropout': 0.2707643719963814, 'hidden_continuous_size': 31, 'attention_head_size': 1, 'learning_rate': 0.03952892579777608}. Best is trial 36 with value: 0.10053489357233047.
LOCAL_RANK: 0 - CUDA_VISIBLE_DEVICES: [0]
[I 2023-11-30 11:04:08,621] Trial 70 finished with value: 0.11388659477233887 and parameters: {'gradient_clip_val': 0.9204986951363682, 'hidden_size': 95, 'dropout': 0.3595995519787504, 'hidden_continuous_size': 29, 'attention_head_size': 1, 'learning_rate': 0.08442517371434967}. Best is trial 36 with value: 0.10053489357233047.
LOCAL_RANK: 0 - CUDA_VISIBLE_DEVICES: [0]
[I 2023-11-30 11:04:22,265] Trial 71 finished with value: 0.23912286758422852 and parameters: {'gradient_clip_val': 0.9346249610685654, 'hidden_size': 92, 'dropout': 0.35920750185619593, 'hidden_continuous_size': 28, 'attention_head_size': 1, 'learning_rate': 0.08532222965032442}. Best is trial 36 with value: 0.10053489357233047.
LOCAL_RANK: 0 - CUDA_VISIBLE_DEVICES: [0]
[I 2023-11-30 11:04:36,492] Trial 72 finished with value: 0.12085940688848495 and parameters: {'gradient_clip_val': 0.8412158066623298, 'hidden_size': 123, 'dropout': 0.26323943507240816, 'hidden_continuous_size': 21, 'attention_head_size': 1, 'learning_rate': 0.05786135591473694}. Best is trial 36 with value: 0.10053489357233047.
LOCAL_RANK: 0 - CUDA_VISIBLE_DEVICES: [0]
[I 2023-11-30 11:04:49,973] Trial 73 finished with value: 0.26800626516342163 and parameters: {'gradient_clip_val': 0.8588260883942713, 'hidden_size': 81, 'dropout': 0.28679444944624594, 'hidden_continuous_size': 22, 'attention_head_size': 1, 'learning_rate': 0.05821727460733543}. Best is trial 36 with value: 0.10053489357233047.
LOCAL_RANK: 0 - CUDA_VISIBLE_DEVICES: [0]
[I 2023-11-30 11:05:03,704] Trial 74 finished with value: 0.11945587396621704 and parameters: {'gradient_clip_val': 0.92606455677673, 'hidden_size': 101, 'dropout': 0.33150998360207606, 'hidden_continuous_size': 20, 'attention_head_size': 1, 'learning_rate': 0.04754545111052143}. Best is trial 36 with value: 0.10053489357233047.
LOCAL_RANK: 0 - CUDA_VISIBLE_DEVICES: [0]
[I 2023-11-30 11:05:17,542] Trial 75 finished with value: 0.18705277144908905 and parameters: {'gradient_clip_val': 0.9466409515274863, 'hidden_size': 103, 'dropout': 0.33322850109991653, 'hidden_continuous_size': 17, 'attention_head_size': 1, 'learning_rate': 0.04628125530145508}. Best is trial 36 with value: 0.10053489357233047.
LOCAL_RANK: 0 - CUDA_VISIBLE_DEVICES: [0]
[I 2023-11-30 11:05:31,020] Trial 76 finished with value: 0.23151856660842896 and parameters: {'gradient_clip_val': 0.9999464178878219, 'hidden_size': 87, 'dropout': 0.3420726535467404, 'hidden_continuous_size': 20, 'attention_head_size': 1, 'learning_rate': 0.06916696195402945}. Best is trial 36 with value: 0.10053489357233047.
LOCAL_RANK: 0 - CUDA_VISIBLE_DEVICES: [0]
[I 2023-11-30 11:05:44,924] Trial 77 finished with value: 0.19466523826122284 and parameters: {'gradient_clip_val': 0.8883311349488743, 'hidden_size': 97, 'dropout': 0.3272606926329396, 'hidden_continuous_size': 30, 'attention_head_size': 1, 'learning_rate': 0.08530223798664642}. Best is trial 36 with value: 0.10053489357233047.
LOCAL_RANK: 0 - CUDA_VISIBLE_DEVICES: [0]
[I 2023-11-30 11:05:58,456] Trial 78 finished with value: 0.16745924949645996 and parameters: {'gradient_clip_val': 0.7513336058482378, 'hidden_size': 78, 'dropout': 0.31047190703340166, 'hidden_continuous_size': 19, 'attention_head_size': 1, 'learning_rate': 0.033504730376746845}. Best is trial 36 with value: 0.10053489357233047.
LOCAL_RANK: 0 - CUDA_VISIBLE_DEVICES: [0]
[I 2023-11-30 11:06:12,340] Trial 79 finished with value: 0.1405337005853653 and parameters: {'gradient_clip_val': 0.82144918242534, 'hidden_size': 111, 'dropout': 0.32050703264845787, 'hidden_continuous_size': 23, 'attention_head_size': 1, 'learning_rate': 0.05017554888670496}. Best is trial 36 with value: 0.10053489357233047.
LOCAL_RANK: 0 - CUDA_VISIBLE_DEVICES: [0]
[I 2023-11-30 11:06:25,862] Trial 80 finished with value: 0.15392784774303436 and parameters: {'gradient_clip_val': 0.9188994446268849, 'hidden_size': 85, 'dropout': 0.349344408169509, 'hidden_continuous_size': 18, 'attention_head_size': 1, 'learning_rate': 0.071463508041744}. Best is trial 36 with value: 0.10053489357233047.
LOCAL_RANK: 0 - CUDA_VISIBLE_DEVICES: [0]
[I 2023-11-30 11:06:40,017] Trial 81 finished with value: 0.2189716249704361 and parameters: {'gradient_clip_val': 0.8406509934820091, 'hidden_size': 129, 'dropout': 0.2978089230334406, 'hidden_continuous_size': 16, 'attention_head_size': 1, 'learning_rate': 0.05903546506175968}. Best is trial 36 with value: 0.10053489357233047.
LOCAL_RANK: 0 - CUDA_VISIBLE_DEVICES: [0]
[I 2023-11-30 11:06:53,946] Trial 82 finished with value: 0.138506680727005 and parameters: {'gradient_clip_val': 0.8888326373861042, 'hidden_size': 121, 'dropout': 0.26231680791305156, 'hidden_continuous_size': 24, 'attention_head_size': 1, 'learning_rate': 0.04104829167939707}. Best is trial 36 with value: 0.10053489357233047.
LOCAL_RANK: 0 - CUDA_VISIBLE_DEVICES: [0]
[I 2023-11-30 11:07:07,732] Trial 83 finished with value: 0.2941894829273224 and parameters: {'gradient_clip_val': 0.7310531258958924, 'hidden_size': 113, 'dropout': 0.2806198405965566, 'hidden_continuous_size': 21, 'attention_head_size': 1, 'learning_rate': 0.057861440532398396}. Best is trial 36 with value: 0.10053489357233047.
LOCAL_RANK: 0 - CUDA_VISIBLE_DEVICES: [0]
[I 2023-11-30 11:07:21,481] Trial 84 finished with value: 0.23380529880523682 and parameters: {'gradient_clip_val': 0.7997890839976003, 'hidden_size': 99, 'dropout': 0.310681454164428, 'hidden_continuous_size': 21, 'attention_head_size': 1, 'learning_rate': 0.04956409812904412}. Best is trial 36 with value: 0.10053489357233047.
LOCAL_RANK: 0 - CUDA_VISIBLE_DEVICES: [0]
[I 2023-11-30 11:07:35,545] Trial 85 finished with value: 0.1091337576508522 and parameters: {'gradient_clip_val': 0.9448787651185496, 'hidden_size': 140, 'dropout': 0.3609601151866229, 'hidden_continuous_size': 34, 'attention_head_size': 1, 'learning_rate': 0.0423876884123664}. Best is trial 36 with value: 0.10053489357233047.
LOCAL_RANK: 0 - CUDA_VISIBLE_DEVICES: [0]
[I 2023-11-30 11:07:49,831] Trial 86 finished with value: 0.16570322215557098 and parameters: {'gradient_clip_val': 0.9486099654239977, 'hidden_size': 137, 'dropout': 0.3567755104675628, 'hidden_continuous_size': 40, 'attention_head_size': 1, 'learning_rate': 0.04396188608261502}. Best is trial 36 with value: 0.10053489357233047.
LOCAL_RANK: 0 - CUDA_VISIBLE_DEVICES: [0]
[I 2023-11-30 11:08:03,956] Trial 87 finished with value: 0.26976680755615234 and parameters: {'gradient_clip_val': 0.9523096502191484, 'hidden_size': 144, 'dropout': 0.37962092421526394, 'hidden_continuous_size': 34, 'attention_head_size': 1, 'learning_rate': 0.03470642816813588}. Best is trial 36 with value: 0.10053489357233047.
LOCAL_RANK: 0 - CUDA_VISIBLE_DEVICES: [0]
[I 2023-11-30 11:08:17,704] Trial 88 finished with value: 0.11744040995836258 and parameters: {'gradient_clip_val': 0.867671153965946, 'hidden_size': 105, 'dropout': 0.3336782863204687, 'hidden_continuous_size': 32, 'attention_head_size': 1, 'learning_rate': 0.07854811664712384}. Best is trial 36 with value: 0.10053489357233047.
LOCAL_RANK: 0 - CUDA_VISIBLE_DEVICES: [0]
