[I 2023-11-30 08:18:57,934] Trial 85 finished with value: 0.08804688602685928 and parameters: {'gradient_clip_val': 0.30155594022339755, 'hidden_size': 149, 'dropout': 0.29596030257286243, 'hidden_continuous_size': 43, 'attention_head_size': 2, 'learning_rate': 0.08931150448326541}. Best is trial 10 with value: 0.04322930797934532.
LOCAL_RANK: 0 - CUDA_VISIBLE_DEVICES: [0]
[I 2023-11-30 08:19:10,701] Trial 86 finished with value: 0.06236250326037407 and parameters: {'gradient_clip_val': 0.285167709339549, 'hidden_size': 35, 'dropout': 0.28491901655460533, 'hidden_continuous_size': 19, 'attention_head_size': 2, 'learning_rate': 0.06258095798994541}. Best is trial 10 with value: 0.04322930797934532.
LOCAL_RANK: 0 - CUDA_VISIBLE_DEVICES: [0]
[I 2023-11-30 08:19:24,254] Trial 87 finished with value: 0.046628374606370926 and parameters: {'gradient_clip_val': 0.2221953353820303, 'hidden_size': 64, 'dropout': 0.2674363877231931, 'hidden_continuous_size': 34, 'attention_head_size': 4, 'learning_rate': 0.046765852852913105}. Best is trial 10 with value: 0.04322930797934532.
LOCAL_RANK: 0 - CUDA_VISIBLE_DEVICES: [0]
[I 2023-11-30 08:19:37,424] Trial 88 finished with value: 0.06709722429513931 and parameters: {'gradient_clip_val': 0.22644674115756688, 'hidden_size': 46, 'dropout': 0.2678205899062068, 'hidden_continuous_size': 14, 'attention_head_size': 3, 'learning_rate': 0.04753061196658956}. Best is trial 10 with value: 0.04322930797934532.
LOCAL_RANK: 0 - CUDA_VISIBLE_DEVICES: [0]
[I 2023-11-30 08:19:50,326] Trial 89 finished with value: 0.05885350704193115 and parameters: {'gradient_clip_val': 0.21658274507144828, 'hidden_size': 44, 'dropout': 0.27449453791350653, 'hidden_continuous_size': 23, 'attention_head_size': 2, 'learning_rate': 0.04070206684037942}. Best is trial 10 with value: 0.04322930797934532.
LOCAL_RANK: 0 - CUDA_VISIBLE_DEVICES: [0]
[I 2023-11-30 08:20:03,006] Trial 90 finished with value: 0.06767323613166809 and parameters: {'gradient_clip_val': 0.25144047111978113, 'hidden_size': 41, 'dropout': 0.2556732014958875, 'hidden_continuous_size': 17, 'attention_head_size': 1, 'learning_rate': 0.030736087822138984}. Best is trial 10 with value: 0.04322930797934532.
LOCAL_RANK: 0 - CUDA_VISIBLE_DEVICES: [0]
[I 2023-11-30 08:20:16,669] Trial 91 finished with value: 0.049172867089509964 and parameters: {'gradient_clip_val': 0.2711895106012822, 'hidden_size': 64, 'dropout': 0.26774315256941733, 'hidden_continuous_size': 60, 'attention_head_size': 4, 'learning_rate': 0.0550170090747455}. Best is trial 10 with value: 0.04322930797934532.
LOCAL_RANK: 0 - CUDA_VISIBLE_DEVICES: [0]
[I 2023-11-30 08:20:30,769] Trial 92 finished with value: 0.06491474062204361 and parameters: {'gradient_clip_val': 0.2384248278407926, 'hidden_size': 120, 'dropout': 0.20696067708905044, 'hidden_continuous_size': 33, 'attention_head_size': 4, 'learning_rate': 0.07903540265979002}. Best is trial 10 with value: 0.04322930797934532.
LOCAL_RANK: 0 - CUDA_VISIBLE_DEVICES: [0]
[I 2023-11-30 08:20:44,213] Trial 93 finished with value: 0.04501272365450859 and parameters: {'gradient_clip_val': 0.2546216219649825, 'hidden_size': 52, 'dropout': 0.25006252523247735, 'hidden_continuous_size': 28, 'attention_head_size': 4, 'learning_rate': 0.06147986430835825}. Best is trial 10 with value: 0.04322930797934532.
LOCAL_RANK: 0 - CUDA_VISIBLE_DEVICES: [0]
[I 2023-11-30 08:20:57,108] Trial 94 finished with value: 0.05663011968135834 and parameters: {'gradient_clip_val': 0.21642477717803385, 'hidden_size': 52, 'dropout': 0.25019174724508964, 'hidden_continuous_size': 10, 'attention_head_size': 4, 'learning_rate': 0.06017238149044261}. Best is trial 10 with value: 0.04322930797934532.
LOCAL_RANK: 0 - CUDA_VISIBLE_DEVICES: [0]
[I 2023-11-30 08:21:10,185] Trial 95 finished with value: 0.03968588262796402 and parameters: {'gradient_clip_val': 0.25383986044539564, 'hidden_size': 48, 'dropout': 0.26106029512175477, 'hidden_continuous_size': 27, 'attention_head_size': 4, 'learning_rate': 0.04448989853663818}. Best is trial 95 with value: 0.03968588262796402.
LOCAL_RANK: 0 - CUDA_VISIBLE_DEVICES: [0]
[I 2023-11-30 08:21:23,406] Trial 96 finished with value: 0.06042997166514397 and parameters: {'gradient_clip_val': 0.25748479211738967, 'hidden_size': 49, 'dropout': 0.25885473237703527, 'hidden_continuous_size': 28, 'attention_head_size': 4, 'learning_rate': 0.045093260184938595}. Best is trial 95 with value: 0.03968588262796402.
LOCAL_RANK: 0 - CUDA_VISIBLE_DEVICES: [0]
[I 2023-11-30 08:21:36,651] Trial 97 finished with value: 0.04616788402199745 and parameters: {'gradient_clip_val': 0.2259692822979232, 'hidden_size': 47, 'dropout': 0.23058003961741907, 'hidden_continuous_size': 29, 'attention_head_size': 4, 'learning_rate': 0.05073632049860402}. Best is trial 95 with value: 0.03968588262796402.
LOCAL_RANK: 0 - CUDA_VISIBLE_DEVICES: [0]
[I 2023-11-30 08:21:49,909] Trial 98 finished with value: 0.04958651587367058 and parameters: {'gradient_clip_val': 0.19280529060378368, 'hidden_size': 46, 'dropout': 0.2187894620196299, 'hidden_continuous_size': 29, 'attention_head_size': 4, 'learning_rate': 0.03705134980731266}. Best is trial 95 with value: 0.03968588262796402.
LOCAL_RANK: 0 - CUDA_VISIBLE_DEVICES: [0]
[I 2023-11-30 08:22:03,000] Trial 99 finished with value: 0.06051727011799812 and parameters: {'gradient_clip_val': 0.2341177953936903, 'hidden_size': 39, 'dropout': 0.231286272086306, 'hidden_continuous_size': 26, 'attention_head_size': 4, 'learning_rate': 0.04051463709068551}. Best is trial 95 with value: 0.03968588262796402.
LOCAL_RANK: 0 - CUDA_VISIBLE_DEVICES: [0]
[I 2023-11-30 08:22:16,349] Trial 100 finished with value: 0.05304412171244621 and parameters: {'gradient_clip_val': 0.2483008693871946, 'hidden_size': 53, 'dropout': 0.24603516823001148, 'hidden_continuous_size': 29, 'attention_head_size': 4, 'learning_rate': 0.05236519355545499}. Best is trial 95 with value: 0.03968588262796402.
LOCAL_RANK: 0 - CUDA_VISIBLE_DEVICES: [0]
[I 2023-11-30 08:22:29,508] Trial 101 finished with value: 0.06661185622215271 and parameters: {'gradient_clip_val': 0.22361967564108984, 'hidden_size': 56, 'dropout': 0.22274411449052497, 'hidden_continuous_size': 24, 'attention_head_size': 4, 'learning_rate': 0.0658985103652467}. Best is trial 95 with value: 0.03968588262796402.
LOCAL_RANK: 0 - CUDA_VISIBLE_DEVICES: [0]
[I 2023-11-30 08:22:42,797] Trial 102 finished with value: 0.0665983185172081 and parameters: {'gradient_clip_val': 0.20524913310035023, 'hidden_size': 50, 'dropout': 0.23840218252150416, 'hidden_continuous_size': 26, 'attention_head_size': 4, 'learning_rate': 0.08933853749020841}. Best is trial 95 with value: 0.03968588262796402.
LOCAL_RANK: 0 - CUDA_VISIBLE_DEVICES: [0]
[I 2023-11-30 08:22:56,038] Trial 103 finished with value: 0.052073750644922256 and parameters: {'gradient_clip_val': 0.2557301965948983, 'hidden_size': 47, 'dropout': 0.2657000233485829, 'hidden_continuous_size': 29, 'attention_head_size': 4, 'learning_rate': 0.04808959389633372}. Best is trial 95 with value: 0.03968588262796402.
LOCAL_RANK: 0 - CUDA_VISIBLE_DEVICES: [0]
[I 2023-11-30 08:23:09,159] Trial 104 finished with value: 0.06693354994058609 and parameters: {'gradient_clip_val': 0.23962207437017624, 'hidden_size': 43, 'dropout': 0.1986156668232116, 'hidden_continuous_size': 27, 'attention_head_size': 4, 'learning_rate': 0.037236354051892684}. Best is trial 95 with value: 0.03968588262796402.
LOCAL_RANK: 0 - CUDA_VISIBLE_DEVICES: [0]
[I 2023-11-30 08:23:22,043] Trial 105 finished with value: 0.06740336865186691 and parameters: {'gradient_clip_val': 0.2683734934467568, 'hidden_size': 38, 'dropout': 0.2097915842717538, 'hidden_continuous_size': 24, 'attention_head_size': 4, 'learning_rate': 0.05627053549331116}. Best is trial 95 with value: 0.03968588262796402.
LOCAL_RANK: 0 - CUDA_VISIBLE_DEVICES: [0]
[I 2023-11-30 08:23:35,019] Trial 106 finished with value: 0.042885709553956985 and parameters: {'gradient_clip_val': 0.22895268011523284, 'hidden_size': 41, 'dropout': 0.23208910326986545, 'hidden_continuous_size': 21, 'attention_head_size': 4, 'learning_rate': 0.0824681668538059}. Best is trial 95 with value: 0.03968588262796402.
LOCAL_RANK: 0 - CUDA_VISIBLE_DEVICES: [0]
[I 2023-11-30 08:23:48,173] Trial 107 finished with value: 0.06045685335993767 and parameters: {'gradient_clip_val': 0.22832905039335724, 'hidden_size': 34, 'dropout': 0.25498634925978536, 'hidden_continuous_size': 20, 'attention_head_size': 4, 'learning_rate': 0.04332062026500032}. Best is trial 95 with value: 0.03968588262796402.
LOCAL_RANK: 0 - CUDA_VISIBLE_DEVICES: [0]
[I 2023-11-30 08:24:01,051] Trial 108 finished with value: 0.05042774975299835 and parameters: {'gradient_clip_val': 0.20735617542765827, 'hidden_size': 41, 'dropout': 0.23032006060409102, 'hidden_continuous_size': 21, 'attention_head_size': 4, 'learning_rate': 0.06852082057851118}. Best is trial 95 with value: 0.03968588262796402.
LOCAL_RANK: 0 - CUDA_VISIBLE_DEVICES: [0]
[I 2023-11-30 08:24:14,115] Trial 109 finished with value: 0.06317630410194397 and parameters: {'gradient_clip_val': 0.1815837707404273, 'hidden_size': 45, 'dropout': 0.21748319937474359, 'hidden_continuous_size': 22, 'attention_head_size': 4, 'learning_rate': 0.0802130022128407}. Best is trial 95 with value: 0.03968588262796402.
LOCAL_RANK: 0 - CUDA_VISIBLE_DEVICES: [0]
[I 2023-11-30 08:24:27,456] Trial 110 finished with value: 0.04920211434364319 and parameters: {'gradient_clip_val': 0.2874133331527396, 'hidden_size': 52, 'dropout': 0.23981489716880397, 'hidden_continuous_size': 30, 'attention_head_size': 4, 'learning_rate': 0.05256991149787411}. Best is trial 95 with value: 0.03968588262796402.
LOCAL_RANK: 0 - CUDA_VISIBLE_DEVICES: [0]
[I 2023-11-30 08:24:40,646] Trial 111 finished with value: 0.06484660506248474 and parameters: {'gradient_clip_val': 0.21653884479372135, 'hidden_size': 37, 'dropout': 0.20191543173426735, 'hidden_continuous_size': 28, 'attention_head_size': 4, 'learning_rate': 0.059326463746606065}. Best is trial 95 with value: 0.03968588262796402.
LOCAL_RANK: 0 - CUDA_VISIBLE_DEVICES: [0]
[I 2023-11-30 08:24:53,737] Trial 112 finished with value: 0.05108652636408806 and parameters: {'gradient_clip_val': 0.2507942325630719, 'hidden_size': 40, 'dropout': 0.24937928247396915, 'hidden_continuous_size': 31, 'attention_head_size': 4, 'learning_rate': 0.09152912850937382}. Best is trial 95 with value: 0.03968588262796402.
LOCAL_RANK: 0 - CUDA_VISIBLE_DEVICES: [0]
[I 2023-11-30 08:25:06,807] Trial 113 finished with value: 0.05384087935090065 and parameters: {'gradient_clip_val': 0.27236591836661195, 'hidden_size': 43, 'dropout': 0.2635323043283875, 'hidden_continuous_size': 27, 'attention_head_size': 4, 'learning_rate': 0.06948851434074471}. Best is trial 95 with value: 0.03968588262796402.
LOCAL_RANK: 0 - CUDA_VISIBLE_DEVICES: [0]
[I 2023-11-30 08:25:20,196] Trial 114 finished with value: 0.05276032164692879 and parameters: {'gradient_clip_val': 0.19783503222418256, 'hidden_size': 49, 'dropout': 0.23255121668610762, 'hidden_continuous_size': 34, 'attention_head_size': 2, 'learning_rate': 0.08523604819317608}. Best is trial 95 with value: 0.03968588262796402.
LOCAL_RANK: 0 - CUDA_VISIBLE_DEVICES: [0]
[I 2023-11-30 08:25:33,087] Trial 115 finished with value: 0.055620890110731125 and parameters: {'gradient_clip_val': 0.24176750819625215, 'hidden_size': 35, 'dropout': 0.27689312146209377, 'hidden_continuous_size': 25, 'attention_head_size': 3, 'learning_rate': 0.07834355036887725}. Best is trial 95 with value: 0.03968588262796402.
LOCAL_RANK: 0 - CUDA_VISIBLE_DEVICES: [0]
[I 2023-11-30 08:25:45,926] Trial 116 finished with value: 0.05708206072449684 and parameters: {'gradient_clip_val': 0.22829206906552238, 'hidden_size': 46, 'dropout': 0.225370457779068, 'hidden_continuous_size': 11, 'attention_head_size': 2, 'learning_rate': 0.06387149245123866}. Best is trial 95 with value: 0.03968588262796402.
LOCAL_RANK: 0 - CUDA_VISIBLE_DEVICES: [0]
[I 2023-11-30 08:25:59,254] Trial 117 finished with value: 0.05065202713012695 and parameters: {'gradient_clip_val': 0.2605629610484591, 'hidden_size': 42, 'dropout': 0.24264645611553162, 'hidden_continuous_size': 32, 'attention_head_size': 4, 'learning_rate': 0.09532883428931233}. Best is trial 95 with value: 0.03968588262796402.
LOCAL_RANK: 0 - CUDA_VISIBLE_DEVICES: [0]
[I 2023-11-30 08:26:12,801] Trial 118 finished with value: 0.06182123348116875 and parameters: {'gradient_clip_val': 0.3001962993590734, 'hidden_size': 59, 'dropout': 0.2607252800871432, 'hidden_continuous_size': 37, 'attention_head_size': 2, 'learning_rate': 0.07138552276418537}. Best is trial 95 with value: 0.03968588262796402.
LOCAL_RANK: 0 - CUDA_VISIBLE_DEVICES: [0]
[I 2023-11-30 08:26:25,637] Trial 119 finished with value: 0.06323465704917908 and parameters: {'gradient_clip_val': 0.213124522579399, 'hidden_size': 33, 'dropout': 0.21332327830026057, 'hidden_continuous_size': 26, 'attention_head_size': 2, 'learning_rate': 0.09994481491025715}. Best is trial 95 with value: 0.03968588262796402.
LOCAL_RANK: 0 - CUDA_VISIBLE_DEVICES: [0]
[I 2023-11-30 08:26:38,517] Trial 120 finished with value: 0.052398860454559326 and parameters: {'gradient_clip_val': 0.27674504645851394, 'hidden_size': 38, 'dropout': 0.23467184242719413, 'hidden_continuous_size': 18, 'attention_head_size': 4, 'learning_rate': 0.03265288563135311}. Best is trial 95 with value: 0.03968588262796402.
LOCAL_RANK: 0 - CUDA_VISIBLE_DEVICES: [0]
[I 2023-11-30 08:26:51,101] Trial 121 finished with value: 0.04931781813502312 and parameters: {'gradient_clip_val': 0.24380625098551348, 'hidden_size': 44, 'dropout': 0.27205376241594215, 'hidden_continuous_size': 15, 'attention_head_size': 2, 'learning_rate': 0.07429814262697709}. Best is trial 95 with value: 0.03968588262796402.
LOCAL_RANK: 0 - CUDA_VISIBLE_DEVICES: [0]
[I 2023-11-30 08:27:03,881] Trial 122 finished with value: 0.050253987312316895 and parameters: {'gradient_clip_val': 0.28570418211753623, 'hidden_size': 48, 'dropout': 0.28414565113788803, 'hidden_continuous_size': 14, 'attention_head_size': 2, 'learning_rate': 0.08460942118787286}. Best is trial 95 with value: 0.03968588262796402.
LOCAL_RANK: 0 - CUDA_VISIBLE_DEVICES: [0]
[I 2023-11-30 08:27:17,203] Trial 123 finished with value: 0.05735321715474129 and parameters: {'gradient_clip_val': 0.3144844368238017, 'hidden_size': 54, 'dropout': 0.27624595123943135, 'hidden_continuous_size': 30, 'attention_head_size': 2, 'learning_rate': 0.057181029195590885}. Best is trial 95 with value: 0.03968588262796402.
LOCAL_RANK: 0 - CUDA_VISIBLE_DEVICES: [0]
[I 2023-11-30 08:27:29,770] Trial 124 finished with value: 0.058837562799453735 and parameters: {'gradient_clip_val': 0.23342288604163927, 'hidden_size': 40, 'dropout': 0.25182772650424506, 'hidden_continuous_size': 15, 'attention_head_size': 2, 'learning_rate': 0.047165043689800665}. Best is trial 95 with value: 0.03968588262796402.
LOCAL_RANK: 0 - CUDA_VISIBLE_DEVICES: [0]
[I 2023-11-30 08:27:42,417] Trial 125 finished with value: 0.05904889106750488 and parameters: {'gradient_clip_val': 0.2608515699196605, 'hidden_size': 37, 'dropout': 0.29162250379441707, 'hidden_continuous_size': 16, 'attention_head_size': 2, 'learning_rate': 0.06558250095641736}. Best is trial 95 with value: 0.03968588262796402.
LOCAL_RANK: 0 - CUDA_VISIBLE_DEVICES: [0]
[I 2023-11-30 08:27:55,450] Trial 126 finished with value: 0.054506439715623856 and parameters: {'gradient_clip_val': 0.21905437180363674, 'hidden_size': 42, 'dropout': 0.1949517934201492, 'hidden_continuous_size': 28, 'attention_head_size': 2, 'learning_rate': 0.0753748561240794}. Best is trial 95 with value: 0.03968588262796402.
LOCAL_RANK: 0 - CUDA_VISIBLE_DEVICES: [0]
[I 2023-11-30 08:28:08,368] Trial 127 finished with value: 0.04967794939875603 and parameters: {'gradient_clip_val': 0.29402235478140126, 'hidden_size': 51, 'dropout': 0.27019740496325534, 'hidden_continuous_size': 12, 'attention_head_size': 2, 'learning_rate': 0.08917101640971532}. Best is trial 95 with value: 0.03968588262796402.
LOCAL_RANK: 0 - CUDA_VISIBLE_DEVICES: [0]
[I 2023-11-30 08:28:21,102] Trial 128 finished with value: 0.04261999949812889 and parameters: {'gradient_clip_val': 0.2514458367203953, 'hidden_size': 45, 'dropout': 0.25964482479907913, 'hidden_continuous_size': 10, 'attention_head_size': 2, 'learning_rate': 0.06115123698992285}. Best is trial 95 with value: 0.03968588262796402.
LOCAL_RANK: 0 - CUDA_VISIBLE_DEVICES: [0]
[I 2023-11-30 08:28:33,877] Trial 129 finished with value: 0.060217976570129395 and parameters: {'gradient_clip_val': 0.24770296161730856, 'hidden_size': 46, 'dropout': 0.256751374740709, 'hidden_continuous_size': 10, 'attention_head_size': 2, 'learning_rate': 0.05105617268275763}. Best is trial 95 with value: 0.03968588262796402.
LOCAL_RANK: 0 - CUDA_VISIBLE_DEVICES: [0]
[I 2023-11-30 08:28:46,903] Trial 130 finished with value: 0.0566883385181427 and parameters: {'gradient_clip_val': 0.22782902172744146, 'hidden_size': 56, 'dropout': 0.24575601638841388, 'hidden_continuous_size': 11, 'attention_head_size': 4, 'learning_rate': 0.04384131375070026}. Best is trial 95 with value: 0.03968588262796402.
LOCAL_RANK: 0 - CUDA_VISIBLE_DEVICES: [0]
[I 2023-11-30 08:28:59,691] Trial 131 finished with value: 0.047261983156204224 and parameters: {'gradient_clip_val': 0.27444073145499553, 'hidden_size': 39, 'dropout': 0.28385716536317884, 'hidden_continuous_size': 10, 'attention_head_size': 2, 'learning_rate': 0.061464612516702995}. Best is trial 95 with value: 0.03968588262796402.
LOCAL_RANK: 0 - CUDA_VISIBLE_DEVICES: [0]
[I 2023-11-30 08:29:12,163] Trial 132 finished with value: 0.05039296671748161 and parameters: {'gradient_clip_val': 0.2695335122158094, 'hidden_size': 39, 'dropout': 0.2785590548195632, 'hidden_continuous_size': 10, 'attention_head_size': 2, 'learning_rate': 0.0595479231732132}. Best is trial 95 with value: 0.03968588262796402.
LOCAL_RANK: 0 - CUDA_VISIBLE_DEVICES: [0]
[I 2023-11-30 08:29:24,608] Trial 133 finished with value: 0.07057144492864609 and parameters: {'gradient_clip_val': 0.2531590352423572, 'hidden_size': 36, 'dropout': 0.28731726835113675, 'hidden_continuous_size': 10, 'attention_head_size': 2, 'learning_rate': 0.05508825885754884}. Best is trial 95 with value: 0.03968588262796402.
LOCAL_RANK: 0 - CUDA_VISIBLE_DEVICES: [0]
[I 2023-11-30 08:29:37,325] Trial 134 finished with value: 0.060194700956344604 and parameters: {'gradient_clip_val': 0.23790808358918064, 'hidden_size': 41, 'dropout': 0.2646552029036734, 'hidden_continuous_size': 19, 'attention_head_size': 2, 'learning_rate': 0.06306577516016448}. Best is trial 95 with value: 0.03968588262796402.
LOCAL_RANK: 0 - CUDA_VISIBLE_DEVICES: [0]
[I 2023-11-30 08:29:50,005] Trial 135 finished with value: 0.04694734886288643 and parameters: {'gradient_clip_val': 0.2577853434231197, 'hidden_size': 44, 'dropout': 0.20878628919895803, 'hidden_continuous_size': 13, 'attention_head_size': 2, 'learning_rate': 0.08194870224634038}. Best is trial 95 with value: 0.03968588262796402.
LOCAL_RANK: 0 - CUDA_VISIBLE_DEVICES: [0]
[I 2023-11-30 08:30:02,936] Trial 136 finished with value: 0.04747932776808739 and parameters: {'gradient_clip_val': 0.282830313790236, 'hidden_size': 45, 'dropout': 0.20412635791686654, 'hidden_continuous_size': 13, 'attention_head_size': 2, 'learning_rate': 0.04935912142838103}. Best is trial 95 with value: 0.03968588262796402.
LOCAL_RANK: 0 - CUDA_VISIBLE_DEVICES: [0]
[I 2023-11-30 08:30:15,668] Trial 137 finished with value: 0.04721871018409729 and parameters: {'gradient_clip_val': 0.2820156048740563, 'hidden_size': 48, 'dropout': 0.20860615733388527, 'hidden_continuous_size': 13, 'attention_head_size': 2, 'learning_rate': 0.039419589562463435}. Best is trial 95 with value: 0.03968588262796402.
LOCAL_RANK: 0 - CUDA_VISIBLE_DEVICES: [0]
[I 2023-11-30 08:30:28,585] Trial 138 finished with value: 0.06338749080896378 and parameters: {'gradient_clip_val': 0.3126391960425398, 'hidden_size': 49, 'dropout': 0.20639592077441632, 'hidden_continuous_size': 13, 'attention_head_size': 2, 'learning_rate': 0.036673553408413544}. Best is trial 95 with value: 0.03968588262796402.
LOCAL_RANK: 0 - CUDA_VISIBLE_DEVICES: [0]
[I 2023-11-30 08:30:41,170] Trial 139 finished with value: 0.053416669368743896 and parameters: {'gradient_clip_val': 0.2638132602122874, 'hidden_size': 45, 'dropout': 0.22064204937292334, 'hidden_continuous_size': 12, 'attention_head_size': 2, 'learning_rate': 0.038691368122112546}. Best is trial 95 with value: 0.03968588262796402.
LOCAL_RANK: 0 - CUDA_VISIBLE_DEVICES: [0]
[I 2023-11-30 08:30:54,141] Trial 140 finished with value: 0.05060837045311928 and parameters: {'gradient_clip_val': 0.29279262731199474, 'hidden_size': 52, 'dropout': 0.2038104408294738, 'hidden_continuous_size': 13, 'attention_head_size': 4, 'learning_rate': 0.04957252570494144}. Best is trial 95 with value: 0.03968588262796402.
LOCAL_RANK: 0 - CUDA_VISIBLE_DEVICES: [0]
[I 2023-11-30 08:31:07,137] Trial 141 finished with value: 0.06207650527358055 and parameters: {'gradient_clip_val': 0.27619436773087996, 'hidden_size': 62, 'dropout': 0.19050371773885708, 'hidden_continuous_size': 12, 'attention_head_size': 2, 'learning_rate': 0.042896019492105725}. Best is trial 95 with value: 0.03968588262796402.
LOCAL_RANK: 0 - CUDA_VISIBLE_DEVICES: [0]
[I 2023-11-30 08:31:20,523] Trial 142 finished with value: 0.07068412750959396 and parameters: {'gradient_clip_val': 0.28175589044859073, 'hidden_size': 69, 'dropout': 0.1983459636501391, 'hidden_continuous_size': 14, 'attention_head_size': 2, 'learning_rate': 0.06970501276770644}. Best is trial 95 with value: 0.03968588262796402.
LOCAL_RANK: 0 - CUDA_VISIBLE_DEVICES: [0]
