[I 2023-11-30 03:12:23,804] Trial 105 finished with value: 0.2681218087673187 and parameters: {'gradient_clip_val': 0.1484619387956321, 'hidden_size': 148, 'dropout': 0.22429992600376758, 'hidden_continuous_size': 48, 'attention_head_size': 4, 'learning_rate': 0.0419050692213603}. Best is trial 67 with value: 0.08142977207899094.
LOCAL_RANK: 0 - CUDA_VISIBLE_DEVICES: [0]
[I 2023-11-30 03:12:38,112] Trial 106 finished with value: 0.14671243727207184 and parameters: {'gradient_clip_val': 0.20730466460063876, 'hidden_size': 123, 'dropout': 0.18688301241788652, 'hidden_continuous_size': 38, 'attention_head_size': 4, 'learning_rate': 0.022590085486455067}. Best is trial 67 with value: 0.08142977207899094.
LOCAL_RANK: 0 - CUDA_VISIBLE_DEVICES: [0]
[I 2023-11-30 03:12:52,132] Trial 107 finished with value: 0.16314996778964996 and parameters: {'gradient_clip_val': 0.13058486796914326, 'hidden_size': 116, 'dropout': 0.17210762985490582, 'hidden_continuous_size': 43, 'attention_head_size': 2, 'learning_rate': 0.029053373817770695}. Best is trial 67 with value: 0.08142977207899094.
LOCAL_RANK: 0 - CUDA_VISIBLE_DEVICES: [0]
[I 2023-11-30 03:13:06,396] Trial 108 finished with value: 0.1521948128938675 and parameters: {'gradient_clip_val': 0.14010447712762591, 'hidden_size': 139, 'dropout': 0.19446487010581048, 'hidden_continuous_size': 51, 'attention_head_size': 1, 'learning_rate': 0.024650420753737294}. Best is trial 67 with value: 0.08142977207899094.
LOCAL_RANK: 0 - CUDA_VISIBLE_DEVICES: [0]
[I 2023-11-30 03:13:20,878] Trial 109 finished with value: 0.12385944277048111 and parameters: {'gradient_clip_val': 0.12136075395536111, 'hidden_size': 112, 'dropout': 0.18481929115029103, 'hidden_continuous_size': 67, 'attention_head_size': 3, 'learning_rate': 0.03609412640599881}. Best is trial 67 with value: 0.08142977207899094.
LOCAL_RANK: 0 - CUDA_VISIBLE_DEVICES: [0]
[I 2023-11-30 03:13:35,103] Trial 110 finished with value: 0.17007838189601898 and parameters: {'gradient_clip_val': 0.12017186505786735, 'hidden_size': 112, 'dropout': 0.23939709516348584, 'hidden_continuous_size': 81, 'attention_head_size': 3, 'learning_rate': 0.0377143877464408}. Best is trial 67 with value: 0.08142977207899094.
LOCAL_RANK: 0 - CUDA_VISIBLE_DEVICES: [0]
[I 2023-11-30 03:13:49,478] Trial 111 finished with value: 0.22082293033599854 and parameters: {'gradient_clip_val': 0.1273197843045596, 'hidden_size': 105, 'dropout': 0.18519335020417138, 'hidden_continuous_size': 68, 'attention_head_size': 4, 'learning_rate': 0.03403000654316366}. Best is trial 67 with value: 0.08142977207899094.
LOCAL_RANK: 0 - CUDA_VISIBLE_DEVICES: [0]
[I 2023-11-30 03:14:03,828] Trial 112 finished with value: 0.20282216370105743 and parameters: {'gradient_clip_val': 0.11345181538612867, 'hidden_size': 98, 'dropout': 0.175510955016396, 'hidden_continuous_size': 65, 'attention_head_size': 3, 'learning_rate': 0.051929586109145144}. Best is trial 67 with value: 0.08142977207899094.
LOCAL_RANK: 0 - CUDA_VISIBLE_DEVICES: [0]
[I 2023-11-30 03:14:17,967] Trial 113 finished with value: 0.23215191066265106 and parameters: {'gradient_clip_val': 0.13441672458134377, 'hidden_size': 89, 'dropout': 0.20485789116082648, 'hidden_continuous_size': 59, 'attention_head_size': 4, 'learning_rate': 0.0568652549127658}. Best is trial 67 with value: 0.08142977207899094.
LOCAL_RANK: 0 - CUDA_VISIBLE_DEVICES: [0]
[I 2023-11-30 03:14:32,525] Trial 114 finished with value: 0.1715715527534485 and parameters: {'gradient_clip_val': 0.16192728151948607, 'hidden_size': 124, 'dropout': 0.1676369658662562, 'hidden_continuous_size': 93, 'attention_head_size': 2, 'learning_rate': 0.027263903190301746}. Best is trial 67 with value: 0.08142977207899094.
LOCAL_RANK: 0 - CUDA_VISIBLE_DEVICES: [0]
[I 2023-11-30 03:14:46,915] Trial 115 finished with value: 0.1509600132703781 and parameters: {'gradient_clip_val': 0.14855509356827376, 'hidden_size': 135, 'dropout': 0.19620905156340046, 'hidden_continuous_size': 53, 'attention_head_size': 3, 'learning_rate': 0.044220728562713155}. Best is trial 67 with value: 0.08142977207899094.
LOCAL_RANK: 0 - CUDA_VISIBLE_DEVICES: [0]
[I 2023-11-30 03:15:01,012] Trial 116 finished with value: 0.17751526832580566 and parameters: {'gradient_clip_val': 0.15448664652130792, 'hidden_size': 113, 'dropout': 0.17860198005953254, 'hidden_continuous_size': 64, 'attention_head_size': 2, 'learning_rate': 0.019668484467610766}. Best is trial 67 with value: 0.08142977207899094.
LOCAL_RANK: 0 - CUDA_VISIBLE_DEVICES: [0]
[I 2023-11-30 03:15:15,560] Trial 117 finished with value: 0.23657400906085968 and parameters: {'gradient_clip_val': 0.12136958857766289, 'hidden_size': 142, 'dropout': 0.1406383134155379, 'hidden_continuous_size': 74, 'attention_head_size': 2, 'learning_rate': 0.037492372452357946}. Best is trial 67 with value: 0.08142977207899094.
LOCAL_RANK: 0 - CUDA_VISIBLE_DEVICES: [0]
[I 2023-11-30 03:15:30,045] Trial 118 finished with value: 0.15654528141021729 and parameters: {'gradient_clip_val': 0.14190139733777316, 'hidden_size': 94, 'dropout': 0.18759506038319615, 'hidden_continuous_size': 70, 'attention_head_size': 4, 'learning_rate': 0.031160259728462505}. Best is trial 67 with value: 0.08142977207899094.
LOCAL_RANK: 0 - CUDA_VISIBLE_DEVICES: [0]
[I 2023-11-30 03:15:44,331] Trial 119 finished with value: 0.42843881249427795 and parameters: {'gradient_clip_val': 0.1712092450781901, 'hidden_size': 131, 'dropout': 0.21149288196216687, 'hidden_continuous_size': 46, 'attention_head_size': 2, 'learning_rate': 0.023369398173175085}. Best is trial 67 with value: 0.08142977207899094.
LOCAL_RANK: 0 - CUDA_VISIBLE_DEVICES: [0]
[I 2023-11-30 03:15:58,413] Trial 120 finished with value: 0.23231470584869385 and parameters: {'gradient_clip_val': 0.18099832037209382, 'hidden_size': 103, 'dropout': 0.16026017723269384, 'hidden_continuous_size': 61, 'attention_head_size': 2, 'learning_rate': 0.060765087052341016}. Best is trial 67 with value: 0.08142977207899094.
LOCAL_RANK: 0 - CUDA_VISIBLE_DEVICES: [0]
[I 2023-11-30 03:16:12,813] Trial 121 finished with value: 0.16599510610103607 and parameters: {'gradient_clip_val': 0.10636529473477493, 'hidden_size': 150, 'dropout': 0.1817374911120057, 'hidden_continuous_size': 56, 'attention_head_size': 1, 'learning_rate': 0.01614788272087251}. Best is trial 67 with value: 0.08142977207899094.
LOCAL_RANK: 0 - CUDA_VISIBLE_DEVICES: [0]
[I 2023-11-30 03:16:26,903] Trial 122 finished with value: 0.13886086642742157 and parameters: {'gradient_clip_val': 0.10578644775843107, 'hidden_size': 91, 'dropout': 0.17306921131789688, 'hidden_continuous_size': 67, 'attention_head_size': 1, 'learning_rate': 0.04769047217542058}. Best is trial 67 with value: 0.08142977207899094.
LOCAL_RANK: 0 - CUDA_VISIBLE_DEVICES: [0]
[I 2023-11-30 03:16:40,763] Trial 123 finished with value: 0.2547631561756134 and parameters: {'gradient_clip_val': 0.11079256073217517, 'hidden_size': 82, 'dropout': 0.17763701486569353, 'hidden_continuous_size': 57, 'attention_head_size': 1, 'learning_rate': 0.06757754938261266}. Best is trial 67 with value: 0.08142977207899094.
LOCAL_RANK: 0 - CUDA_VISIBLE_DEVICES: [0]
[I 2023-11-30 03:16:54,972] Trial 124 finished with value: 0.17106111347675323 and parameters: {'gradient_clip_val': 0.11730746081920769, 'hidden_size': 86, 'dropout': 0.20093996850473314, 'hidden_continuous_size': 68, 'attention_head_size': 1, 'learning_rate': 0.018991808274406802}. Best is trial 67 with value: 0.08142977207899094.
LOCAL_RANK: 0 - CUDA_VISIBLE_DEVICES: [0]
[I 2023-11-30 03:17:08,904] Trial 125 finished with value: 0.12021832913160324 and parameters: {'gradient_clip_val': 0.13416284750114651, 'hidden_size': 97, 'dropout': 0.15333412576808977, 'hidden_continuous_size': 63, 'attention_head_size': 1, 'learning_rate': 0.0222368298002304}. Best is trial 67 with value: 0.08142977207899094.
LOCAL_RANK: 0 - CUDA_VISIBLE_DEVICES: [0]
[I 2023-11-30 03:17:23,125] Trial 126 finished with value: 0.2175278216600418 and parameters: {'gradient_clip_val': 0.1309241591386353, 'hidden_size': 121, 'dropout': 0.15277036072999736, 'hidden_continuous_size': 73, 'attention_head_size': 1, 'learning_rate': 0.028421218287997728}. Best is trial 67 with value: 0.08142977207899094.
LOCAL_RANK: 0 - CUDA_VISIBLE_DEVICES: [0]
[I 2023-11-30 03:17:37,081] Trial 127 finished with value: 0.17921535670757294 and parameters: {'gradient_clip_val': 0.1240190513826678, 'hidden_size': 108, 'dropout': 0.16489500139032123, 'hidden_continuous_size': 63, 'attention_head_size': 2, 'learning_rate': 0.024869825092915375}. Best is trial 67 with value: 0.08142977207899094.
LOCAL_RANK: 0 - CUDA_VISIBLE_DEVICES: [0]
[I 2023-11-30 03:17:51,249] Trial 128 finished with value: 0.16030701994895935 and parameters: {'gradient_clip_val': 0.13356123044154802, 'hidden_size': 98, 'dropout': 0.14764604309427315, 'hidden_continuous_size': 78, 'attention_head_size': 1, 'learning_rate': 0.03999892746039811}. Best is trial 67 with value: 0.08142977207899094.
LOCAL_RANK: 0 - CUDA_VISIBLE_DEVICES: [0]
[I 2023-11-30 03:18:05,447] Trial 129 finished with value: 0.19114959239959717 and parameters: {'gradient_clip_val': 0.2381931781616707, 'hidden_size': 115, 'dropout': 0.1286527118215027, 'hidden_continuous_size': 35, 'attention_head_size': 3, 'learning_rate': 0.035112413895823195}. Best is trial 67 with value: 0.08142977207899094.
LOCAL_RANK: 0 - CUDA_VISIBLE_DEVICES: [0]
[I 2023-11-30 03:18:19,345] Trial 130 finished with value: 0.1826610118150711 and parameters: {'gradient_clip_val': 0.14539185557149115, 'hidden_size': 65, 'dropout': 0.21993217438950252, 'hidden_continuous_size': 59, 'attention_head_size': 4, 'learning_rate': 0.021664036380382775}. Best is trial 67 with value: 0.08142977207899094.
LOCAL_RANK: 0 - CUDA_VISIBLE_DEVICES: [0]
[I 2023-11-30 03:18:33,017] Trial 131 finished with value: 0.19756914675235748 and parameters: {'gradient_clip_val': 0.1385870431703151, 'hidden_size': 72, 'dropout': 0.18180280633007787, 'hidden_continuous_size': 62, 'attention_head_size': 1, 'learning_rate': 0.020611776913045932}. Best is trial 67 with value: 0.08142977207899094.
LOCAL_RANK: 0 - CUDA_VISIBLE_DEVICES: [0]
[I 2023-11-30 03:18:46,837] Trial 132 finished with value: 0.17158733308315277 and parameters: {'gradient_clip_val': 0.111852611500519, 'hidden_size': 81, 'dropout': 0.18971828854335854, 'hidden_continuous_size': 55, 'attention_head_size': 1, 'learning_rate': 0.013864729780197087}. Best is trial 67 with value: 0.08142977207899094.
LOCAL_RANK: 0 - CUDA_VISIBLE_DEVICES: [0]
[I 2023-11-30 03:19:00,659] Trial 133 finished with value: 0.1557960957288742 and parameters: {'gradient_clip_val': 0.12207094753542685, 'hidden_size': 87, 'dropout': 0.1703124513688503, 'hidden_continuous_size': 64, 'attention_head_size': 1, 'learning_rate': 0.018190715719336777}. Best is trial 67 with value: 0.08142977207899094.
LOCAL_RANK: 0 - CUDA_VISIBLE_DEVICES: [0]
[I 2023-11-30 03:19:14,780] Trial 134 finished with value: 0.23543418943881989 and parameters: {'gradient_clip_val': 0.10026701758126784, 'hidden_size': 103, 'dropout': 0.15844524795448084, 'hidden_continuous_size': 72, 'attention_head_size': 1, 'learning_rate': 0.02645427869776892}. Best is trial 67 with value: 0.08142977207899094.
LOCAL_RANK: 0 - CUDA_VISIBLE_DEVICES: [0]
[I 2023-11-30 03:19:28,778] Trial 135 finished with value: 0.14445771276950836 and parameters: {'gradient_clip_val': 0.15323227578805115, 'hidden_size': 77, 'dropout': 0.19661293871516694, 'hidden_continuous_size': 60, 'attention_head_size': 1, 'learning_rate': 0.01646401665345082}. Best is trial 67 with value: 0.08142977207899094.
LOCAL_RANK: 0 - CUDA_VISIBLE_DEVICES: [0]
[I 2023-11-30 03:19:42,788] Trial 136 finished with value: 0.2097557634115219 and parameters: {'gradient_clip_val': 0.28659393361366275, 'hidden_size': 97, 'dropout': 0.18317525282267907, 'hidden_continuous_size': 51, 'attention_head_size': 2, 'learning_rate': 0.031280221815573044}. Best is trial 67 with value: 0.08142977207899094.
LOCAL_RANK: 0 - CUDA_VISIBLE_DEVICES: [0]
[I 2023-11-30 03:19:56,144] Trial 137 finished with value: 0.13717599213123322 and parameters: {'gradient_clip_val': 0.405469989213413, 'hidden_size': 51, 'dropout': 0.25152543130867533, 'hidden_continuous_size': 48, 'attention_head_size': 1, 'learning_rate': 0.022811699105629163}. Best is trial 67 with value: 0.08142977207899094.
LOCAL_RANK: 0 - CUDA_VISIBLE_DEVICES: [0]
[I 2023-11-30 03:20:10,428] Trial 138 finished with value: 0.27207818627357483 and parameters: {'gradient_clip_val': 0.1286338768861224, 'hidden_size': 109, 'dropout': 0.20803393764023917, 'hidden_continuous_size': 87, 'attention_head_size': 2, 'learning_rate': 0.07452917082240841}. Best is trial 67 with value: 0.08142977207899094.
LOCAL_RANK: 0 - CUDA_VISIBLE_DEVICES: [0]
[I 2023-11-30 03:20:24,638] Trial 139 finished with value: 0.21533600986003876 and parameters: {'gradient_clip_val': 0.16369812109138754, 'hidden_size': 92, 'dropout': 0.1897302677206372, 'hidden_continuous_size': 69, 'attention_head_size': 4, 'learning_rate': 0.02920898755134063}. Best is trial 67 with value: 0.08142977207899094.
LOCAL_RANK: 0 - CUDA_VISIBLE_DEVICES: [0]
[I 2023-11-30 03:20:38,904] Trial 140 finished with value: 0.17205512523651123 and parameters: {'gradient_clip_val': 0.7214718334629662, 'hidden_size': 127, 'dropout': 0.16639212540262338, 'hidden_continuous_size': 33, 'attention_head_size': 1, 'learning_rate': 0.011934636540683287}. Best is trial 67 with value: 0.08142977207899094.
LOCAL_RANK: 0 - CUDA_VISIBLE_DEVICES: [0]
[I 2023-11-30 03:20:52,811] Trial 141 finished with value: 0.12541653215885162 and parameters: {'gradient_clip_val': 0.11003622752086654, 'hidden_size': 81, 'dropout': 0.2631225755977662, 'hidden_continuous_size': 66, 'attention_head_size': 1, 'learning_rate': 0.017239449310635733}. Best is trial 67 with value: 0.08142977207899094.
LOCAL_RANK: 0 - CUDA_VISIBLE_DEVICES: [0]
[I 2023-11-30 03:21:06,630] Trial 142 finished with value: 0.16425229609012604 and parameters: {'gradient_clip_val': 0.11588844285318828, 'hidden_size': 69, 'dropout': 0.2601827615696098, 'hidden_continuous_size': 58, 'attention_head_size': 1, 'learning_rate': 0.015712118457251727}. Best is trial 67 with value: 0.08142977207899094.
LOCAL_RANK: 0 - CUDA_VISIBLE_DEVICES: [0]
[I 2023-11-30 03:21:20,749] Trial 143 finished with value: 0.17383600771427155 and parameters: {'gradient_clip_val': 0.1073851822717833, 'hidden_size': 85, 'dropout': 0.26949640814649306, 'hidden_continuous_size': 66, 'attention_head_size': 1, 'learning_rate': 0.0175141931428387}. Best is trial 67 with value: 0.08142977207899094.
LOCAL_RANK: 0 - CUDA_VISIBLE_DEVICES: [0]
[I 2023-11-30 03:21:34,707] Trial 144 finished with value: 0.14739783108234406 and parameters: {'gradient_clip_val': 0.1366947439960392, 'hidden_size': 75, 'dropout': 0.17870658320639313, 'hidden_continuous_size': 65, 'attention_head_size': 1, 'learning_rate': 0.021643822842238414}. Best is trial 67 with value: 0.08142977207899094.
LOCAL_RANK: 0 - CUDA_VISIBLE_DEVICES: [0]
[I 2023-11-30 03:21:47,412] Trial 145 finished with value: 0.28590676188468933 and parameters: {'gradient_clip_val': 0.12530799502393078, 'hidden_size': 36, 'dropout': 0.2792333490868666, 'hidden_continuous_size': 34, 'attention_head_size': 1, 'learning_rate': 0.018841692783934615}. Best is trial 67 with value: 0.08142977207899094.
LOCAL_RANK: 0 - CUDA_VISIBLE_DEVICES: [0]
[I 2023-11-30 03:22:00,833] Trial 146 finished with value: 0.1720455288887024 and parameters: {'gradient_clip_val': 0.11882610398410902, 'hidden_size': 60, 'dropout': 0.25583459614411824, 'hidden_continuous_size': 55, 'attention_head_size': 2, 'learning_rate': 0.0252696663903099}. Best is trial 67 with value: 0.08142977207899094.
LOCAL_RANK: 0 - CUDA_VISIBLE_DEVICES: [0]
[I 2023-11-30 03:22:15,116] Trial 147 finished with value: 0.1905962973833084 and parameters: {'gradient_clip_val': 0.4862346541495595, 'hidden_size': 101, 'dropout': 0.26471594264414916, 'hidden_continuous_size': 79, 'attention_head_size': 2, 'learning_rate': 0.014144792562410092}. Best is trial 67 with value: 0.08142977207899094.
LOCAL_RANK: 0 - CUDA_VISIBLE_DEVICES: [0]
[I 2023-11-30 03:22:29,149] Trial 148 finished with value: 0.19274316728115082 and parameters: {'gradient_clip_val': 0.11159017410750276, 'hidden_size': 119, 'dropout': 0.23420434137994084, 'hidden_continuous_size': 39, 'attention_head_size': 1, 'learning_rate': 0.041936736731865994}. Best is trial 67 with value: 0.08142977207899094.
LOCAL_RANK: 0 - CUDA_VISIBLE_DEVICES: [0]
[I 2023-11-30 03:22:43,438] Trial 149 finished with value: 0.21902386844158173 and parameters: {'gradient_clip_val': 0.14819935009115387, 'hidden_size': 90, 'dropout': 0.24287048206340048, 'hidden_continuous_size': 72, 'attention_head_size': 4, 'learning_rate': 0.03320601985625255}. Best is trial 67 with value: 0.08142977207899094.
[I 2023-11-30 03:22:43,561] A new study created in memory with name: no-name-871840f3-4957-45e4-91ef-bb7b2c9fe5d4
/home/le004/conda/anaconda3/envs/tsff_env/lib/python3.9/site-packages/lightning/fabric/plugins/environments/slurm.py:191: The `srun` command is available on your system but is not used. HINT: If your intention is to run Lightning on SLURM, prepend your python command with `srun` like so: srun python /home/le004/master_thesis/git/TSFusionForecast/code/ ...
LOCAL_RANK: 0 - CUDA_VISIBLE_DEVICES: [0]
[I 2023-11-30 03:22:57,968] Trial 0 finished with value: 0.24665836989879608 and parameters: {'gradient_clip_val': 0.5297812952430542, 'hidden_size': 107, 'dropout': 0.2521452061027314, 'hidden_continuous_size': 82, 'attention_head_size': 1, 'learning_rate': 0.041399106614282935}. Best is trial 0 with value: 0.24665836989879608.
LOCAL_RANK: 0 - CUDA_VISIBLE_DEVICES: [0]
[I 2023-11-30 03:23:10,540] Trial 1 finished with value: 0.14826714992523193 and parameters: {'gradient_clip_val': 0.6990687338288463, 'hidden_size': 41, 'dropout': 0.3497782276592271, 'hidden_continuous_size': 11, 'attention_head_size': 1, 'learning_rate': 0.06714324282195072}. Best is trial 1 with value: 0.14826714992523193.
LOCAL_RANK: 0 - CUDA_VISIBLE_DEVICES: [0]
[I 2023-11-30 03:23:22,948] Trial 2 finished with value: 0.2226542979478836 and parameters: {'gradient_clip_val': 0.1680551975446293, 'hidden_size': 18, 'dropout': 0.2304972389613863, 'hidden_continuous_size': 17, 'attention_head_size': 4, 'learning_rate': 0.03785360548262324}. Best is trial 1 with value: 0.14826714992523193.
LOCAL_RANK: 0 - CUDA_VISIBLE_DEVICES: [0]
[I 2023-11-30 03:23:35,616] Trial 3 finished with value: 1.5710805654525757 and parameters: {'gradient_clip_val': 0.24350231557974744, 'hidden_size': 25, 'dropout': 0.25545289641020996, 'hidden_continuous_size': 19, 'attention_head_size': 4, 'learning_rate': 0.002524081015174976}. Best is trial 1 with value: 0.14826714992523193.
LOCAL_RANK: 0 - CUDA_VISIBLE_DEVICES: [0]
[I 2023-11-30 03:23:46,162] Trial 4 finished with value: 1.1899296045303345 and parameters: {'gradient_clip_val': 0.46266254635905407, 'hidden_size': 11, 'dropout': 0.223913557936385, 'hidden_continuous_size': 11, 'attention_head_size': 2, 'learning_rate': 0.021776273172114013}. Best is trial 1 with value: 0.14826714992523193.
LOCAL_RANK: 0 - CUDA_VISIBLE_DEVICES: [0]
[I 2023-11-30 03:23:58,253] Trial 5 finished with value: 2.4814982414245605 and parameters: {'gradient_clip_val': 0.1081467428883351, 'hidden_size': 20, 'dropout': 0.24806841001632887, 'hidden_continuous_size': 10, 'attention_head_size': 2, 'learning_rate': 0.0015102200657054804}. Best is trial 1 with value: 0.14826714992523193.
LOCAL_RANK: 0 - CUDA_VISIBLE_DEVICES: [0]
[I 2023-11-30 03:24:11,307] Trial 6 finished with value: 0.7180309295654297 and parameters: {'gradient_clip_val': 0.8091288916728044, 'hidden_size': 75, 'dropout': 0.24544541651113344, 'hidden_continuous_size': 11, 'attention_head_size': 1, 'learning_rate': 0.0030562970718500996}. Best is trial 1 with value: 0.14826714992523193.
LOCAL_RANK: 0 - CUDA_VISIBLE_DEVICES: [0]
[I 2023-11-30 03:24:23,861] Trial 7 finished with value: 0.8430929183959961 and parameters: {'gradient_clip_val': 0.8941827314590918, 'hidden_size': 31, 'dropout': 0.1947917557848611, 'hidden_continuous_size': 11, 'attention_head_size': 3, 'learning_rate': 0.005635808028030846}. Best is trial 1 with value: 0.14826714992523193.
LOCAL_RANK: 0 - CUDA_VISIBLE_DEVICES: [0]
[I 2023-11-30 03:24:38,050] Trial 8 finished with value: 0.265263170003891 and parameters: {'gradient_clip_val': 0.2113641275550059, 'hidden_size': 92, 'dropout': 0.3846026334428043, 'hidden_continuous_size': 87, 'attention_head_size': 4, 'learning_rate': 0.009185283031889688}. Best is trial 1 with value: 0.14826714992523193.
LOCAL_RANK: 0 - CUDA_VISIBLE_DEVICES: [0]
[I 2023-11-30 03:24:50,496] Trial 9 finished with value: 2.1427252292633057 and parameters: {'gradient_clip_val': 0.980887328108842, 'hidden_size': 13, 'dropout': 0.258360290369261, 'hidden_continuous_size': 10, 'attention_head_size': 4, 'learning_rate': 0.004961801107944747}. Best is trial 1 with value: 0.14826714992523193.
LOCAL_RANK: 0 - CUDA_VISIBLE_DEVICES: [0]
[I 2023-11-30 03:25:03,364] Trial 10 finished with value: 0.3069194257259369 and parameters: {'gradient_clip_val': 0.38668747715813545, 'hidden_size': 51, 'dropout': 0.11051349147559605, 'hidden_continuous_size': 15, 'attention_head_size': 1, 'learning_rate': 0.07627389110301934}. Best is trial 1 with value: 0.14826714992523193.
LOCAL_RANK: 0 - CUDA_VISIBLE_DEVICES: [0]
[I 2023-11-30 03:25:16,055] Trial 11 finished with value: 0.23361344635486603 and parameters: {'gradient_clip_val': 0.18036270290898967, 'hidden_size': 44, 'dropout': 0.35909879593750976, 'hidden_continuous_size': 16, 'attention_head_size': 3, 'learning_rate': 0.08877421684216076}. Best is trial 1 with value: 0.14826714992523193.
LOCAL_RANK: 0 - CUDA_VISIBLE_DEVICES: [0]
