[I 2023-11-30 13:01:23,018] Trial 10 finished with value: 0.1983730047941208 and parameters: {'gradient_clip_val': 0.8690564602815184, 'hidden_size': 23, 'dropout': 0.2278611907262197, 'hidden_continuous_size': 12, 'attention_head_size': 1, 'learning_rate': 0.022429280822794172}. Best is trial 0 with value: 0.08120857179164886.
LOCAL_RANK: 0 - CUDA_VISIBLE_DEVICES: [0]
[I 2023-11-30 13:01:36,748] Trial 11 finished with value: 0.1347677856683731 and parameters: {'gradient_clip_val': 0.5752291661672908, 'hidden_size': 78, 'dropout': 0.25338322845436256, 'hidden_continuous_size': 21, 'attention_head_size': 4, 'learning_rate': 0.09536242668880139}. Best is trial 0 with value: 0.08120857179164886.
LOCAL_RANK: 0 - CUDA_VISIBLE_DEVICES: [0]
[I 2023-11-30 13:01:49,613] Trial 12 finished with value: 0.15787939727306366 and parameters: {'gradient_clip_val': 0.9021087955669468, 'hidden_size': 34, 'dropout': 0.13654716244274417, 'hidden_continuous_size': 14, 'attention_head_size': 4, 'learning_rate': 0.020854972479606968}. Best is trial 0 with value: 0.08120857179164886.
LOCAL_RANK: 0 - CUDA_VISIBLE_DEVICES: [0]
[I 2023-11-30 13:02:01,893] Trial 13 finished with value: 0.11972576379776001 and parameters: {'gradient_clip_val': 0.5794956722440945, 'hidden_size': 23, 'dropout': 0.10592385605427346, 'hidden_continuous_size': 13, 'attention_head_size': 3, 'learning_rate': 0.051012810418942685}. Best is trial 0 with value: 0.08120857179164886.
LOCAL_RANK: 0 - CUDA_VISIBLE_DEVICES: [0]
[I 2023-11-30 13:02:15,648] Trial 14 finished with value: 0.11418700218200684 and parameters: {'gradient_clip_val': 0.9881308237405192, 'hidden_size': 83, 'dropout': 0.22728013679048376, 'hidden_continuous_size': 25, 'attention_head_size': 2, 'learning_rate': 0.09132021826024417}. Best is trial 0 with value: 0.08120857179164886.
LOCAL_RANK: 0 - CUDA_VISIBLE_DEVICES: [0]
[I 2023-11-30 13:02:28,738] Trial 15 finished with value: 0.18002229928970337 and parameters: {'gradient_clip_val': 0.6155139476749013, 'hidden_size': 45, 'dropout': 0.2939987471239743, 'hidden_continuous_size': 17, 'attention_head_size': 4, 'learning_rate': 0.015323369703234812}. Best is trial 0 with value: 0.08120857179164886.
LOCAL_RANK: 0 - CUDA_VISIBLE_DEVICES: [0]
[I 2023-11-30 13:02:42,255] Trial 16 finished with value: 0.09981158375740051 and parameters: {'gradient_clip_val': 0.4725088997315799, 'hidden_size': 62, 'dropout': 0.2670781346294961, 'hidden_continuous_size': 30, 'attention_head_size': 3, 'learning_rate': 0.05173585519493742}. Best is trial 0 with value: 0.08120857179164886.
LOCAL_RANK: 0 - CUDA_VISIBLE_DEVICES: [0]
[I 2023-11-30 13:02:55,236] Trial 17 finished with value: 0.10449530929327011 and parameters: {'gradient_clip_val': 0.6727685843475035, 'hidden_size': 38, 'dropout': 0.31721773346742826, 'hidden_continuous_size': 15, 'attention_head_size': 4, 'learning_rate': 0.034048663212658134}. Best is trial 0 with value: 0.08120857179164886.
LOCAL_RANK: 0 - CUDA_VISIBLE_DEVICES: [0]
[I 2023-11-30 13:03:09,546] Trial 18 finished with value: 0.12625162303447723 and parameters: {'gradient_clip_val': 0.7537757280488386, 'hidden_size': 95, 'dropout': 0.22342594735843027, 'hidden_continuous_size': 84, 'attention_head_size': 3, 'learning_rate': 0.06684015536440568}. Best is trial 0 with value: 0.08120857179164886.
LOCAL_RANK: 0 - CUDA_VISIBLE_DEVICES: [0]
[I 2023-11-30 13:03:22,973] Trial 19 finished with value: 0.07609962671995163 and parameters: {'gradient_clip_val': 0.4752697592839625, 'hidden_size': 57, 'dropout': 0.3951574131318093, 'hidden_continuous_size': 22, 'attention_head_size': 2, 'learning_rate': 0.03493734168244319}. Best is trial 19 with value: 0.07609962671995163.
LOCAL_RANK: 0 - CUDA_VISIBLE_DEVICES: [0]
[I 2023-11-30 13:03:36,131] Trial 20 finished with value: 0.0817086473107338 and parameters: {'gradient_clip_val': 0.24680339264287462, 'hidden_size': 67, 'dropout': 0.36560016442141335, 'hidden_continuous_size': 10, 'attention_head_size': 2, 'learning_rate': 0.035832408009108814}. Best is trial 19 with value: 0.07609962671995163.
LOCAL_RANK: 0 - CUDA_VISIBLE_DEVICES: [0]
[I 2023-11-30 13:03:49,181] Trial 21 finished with value: 0.18007420003414154 and parameters: {'gradient_clip_val': 0.24666941800519504, 'hidden_size': 68, 'dropout': 0.3998416711521559, 'hidden_continuous_size': 12, 'attention_head_size': 2, 'learning_rate': 0.03514332745812566}. Best is trial 19 with value: 0.07609962671995163.
LOCAL_RANK: 0 - CUDA_VISIBLE_DEVICES: [0]
[I 2023-11-30 13:04:03,026] Trial 22 finished with value: 0.13412593305110931 and parameters: {'gradient_clip_val': 0.23627171590179005, 'hidden_size': 101, 'dropout': 0.3819062211544549, 'hidden_continuous_size': 20, 'attention_head_size': 2, 'learning_rate': 0.057917352150603556}. Best is trial 19 with value: 0.07609962671995163.
LOCAL_RANK: 0 - CUDA_VISIBLE_DEVICES: [0]
[I 2023-11-30 13:04:15,908] Trial 23 finished with value: 0.1926836520433426 and parameters: {'gradient_clip_val': 0.35231179508549965, 'hidden_size': 62, 'dropout': 0.3670868247916923, 'hidden_continuous_size': 11, 'attention_head_size': 1, 'learning_rate': 0.017031644376138463}. Best is trial 19 with value: 0.07609962671995163.
LOCAL_RANK: 0 - CUDA_VISIBLE_DEVICES: [0]
[I 2023-11-30 13:04:28,781] Trial 24 finished with value: 0.10037213563919067 and parameters: {'gradient_clip_val': 0.20340647075804144, 'hidden_size': 42, 'dropout': 0.34710222496101706, 'hidden_continuous_size': 10, 'attention_head_size': 2, 'learning_rate': 0.030485410660594604}. Best is trial 19 with value: 0.07609962671995163.
LOCAL_RANK: 0 - CUDA_VISIBLE_DEVICES: [0]
[I 2023-11-30 13:04:42,220] Trial 25 finished with value: 0.15333516895771027 and parameters: {'gradient_clip_val': 0.3292437988617411, 'hidden_size': 78, 'dropout': 0.3997198562810878, 'hidden_continuous_size': 14, 'attention_head_size': 2, 'learning_rate': 0.05901084977586185}. Best is trial 19 with value: 0.07609962671995163.
LOCAL_RANK: 0 - CUDA_VISIBLE_DEVICES: [0]
[I 2023-11-30 13:04:54,633] Trial 26 finished with value: 0.18794602155685425 and parameters: {'gradient_clip_val': 0.48989351880432186, 'hidden_size': 30, 'dropout': 0.3692873501977189, 'hidden_continuous_size': 10, 'attention_head_size': 1, 'learning_rate': 0.047743865157357165}. Best is trial 19 with value: 0.07609962671995163.
LOCAL_RANK: 0 - CUDA_VISIBLE_DEVICES: [0]
[I 2023-11-30 13:05:07,772] Trial 27 finished with value: 0.10734104365110397 and parameters: {'gradient_clip_val': 0.38067727332752105, 'hidden_size': 55, 'dropout': 0.3323015591455775, 'hidden_continuous_size': 16, 'attention_head_size': 2, 'learning_rate': 0.09872622409072343}. Best is trial 19 with value: 0.07609962671995163.
LOCAL_RANK: 0 - CUDA_VISIBLE_DEVICES: [0]
[I 2023-11-30 13:05:20,713] Trial 28 finished with value: 0.20756568014621735 and parameters: {'gradient_clip_val': 0.42424434196535027, 'hidden_size': 42, 'dropout': 0.365826889667023, 'hidden_continuous_size': 13, 'attention_head_size': 3, 'learning_rate': 0.025562290765171258}. Best is trial 19 with value: 0.07609962671995163.
LOCAL_RANK: 0 - CUDA_VISIBLE_DEVICES: [0]
[I 2023-11-30 13:05:34,952] Trial 29 finished with value: 0.126456156373024 and parameters: {'gradient_clip_val': 0.2964518444208953, 'hidden_size': 145, 'dropout': 0.35571977983850045, 'hidden_continuous_size': 22, 'attention_head_size': 2, 'learning_rate': 0.03875913747258975}. Best is trial 19 with value: 0.07609962671995163.
LOCAL_RANK: 0 - CUDA_VISIBLE_DEVICES: [0]
[I 2023-11-30 13:05:48,614] Trial 30 finished with value: 0.13049966096878052 and parameters: {'gradient_clip_val': 0.7208600829038783, 'hidden_size': 71, 'dropout': 0.33212583022944026, 'hidden_continuous_size': 16, 'attention_head_size': 3, 'learning_rate': 0.07128838666373875}. Best is trial 19 with value: 0.07609962671995163.
LOCAL_RANK: 0 - CUDA_VISIBLE_DEVICES: [0]
[I 2023-11-30 13:06:01,872] Trial 31 finished with value: 0.13775497674942017 and parameters: {'gradient_clip_val': 0.5131670647684461, 'hidden_size': 53, 'dropout': 0.29786650318604246, 'hidden_continuous_size': 25, 'attention_head_size': 3, 'learning_rate': 0.07241047185625883}. Best is trial 19 with value: 0.07609962671995163.
LOCAL_RANK: 0 - CUDA_VISIBLE_DEVICES: [0]
[I 2023-11-30 13:06:14,927] Trial 32 finished with value: 0.08928576856851578 and parameters: {'gradient_clip_val': 0.422253294161709, 'hidden_size': 57, 'dropout': 0.33978508062636475, 'hidden_continuous_size': 19, 'attention_head_size': 1, 'learning_rate': 0.03963587263721096}. Best is trial 19 with value: 0.07609962671995163.
LOCAL_RANK: 0 - CUDA_VISIBLE_DEVICES: [0]
[I 2023-11-30 13:06:27,744] Trial 33 finished with value: 0.1088530644774437 and parameters: {'gradient_clip_val': 0.6400291963066778, 'hidden_size': 46, 'dropout': 0.3835349813354017, 'hidden_continuous_size': 11, 'attention_head_size': 2, 'learning_rate': 0.028302961703614023}. Best is trial 19 with value: 0.07609962671995163.
LOCAL_RANK: 0 - CUDA_VISIBLE_DEVICES: [0]
[I 2023-11-30 13:06:40,653] Trial 34 finished with value: 0.08969250321388245 and parameters: {'gradient_clip_val': 0.7867945892649849, 'hidden_size': 35, 'dropout': 0.30992555178143194, 'hidden_continuous_size': 18, 'attention_head_size': 4, 'learning_rate': 0.07748918368828847}. Best is trial 19 with value: 0.07609962671995163.
LOCAL_RANK: 0 - CUDA_VISIBLE_DEVICES: [0]
[I 2023-11-30 13:06:54,362] Trial 35 finished with value: 0.10319743305444717 and parameters: {'gradient_clip_val': 0.5383783713066324, 'hidden_size': 58, 'dropout': 0.27850007511664965, 'hidden_continuous_size': 31, 'attention_head_size': 3, 'learning_rate': 0.04456224073712315}. Best is trial 19 with value: 0.07609962671995163.
LOCAL_RANK: 0 - CUDA_VISIBLE_DEVICES: [0]
[I 2023-11-30 13:07:07,944] Trial 36 finished with value: 0.10156913846731186 and parameters: {'gradient_clip_val': 0.47269400325605254, 'hidden_size': 70, 'dropout': 0.36325925866988285, 'hidden_continuous_size': 36, 'attention_head_size': 2, 'learning_rate': 0.06290471012211248}. Best is trial 19 with value: 0.07609962671995163.
LOCAL_RANK: 0 - CUDA_VISIBLE_DEVICES: [0]
[I 2023-11-30 13:07:21,088] Trial 37 finished with value: 0.1399979442358017 and parameters: {'gradient_clip_val': 0.6658582780438294, 'hidden_size': 48, 'dropout': 0.3236419340044796, 'hidden_continuous_size': 23, 'attention_head_size': 4, 'learning_rate': 0.043532655463654785}. Best is trial 19 with value: 0.07609962671995163.
LOCAL_RANK: 0 - CUDA_VISIBLE_DEVICES: [0]
[I 2023-11-30 13:07:34,431] Trial 38 finished with value: 0.07551797479391098 and parameters: {'gradient_clip_val': 0.41109715312245904, 'hidden_size': 92, 'dropout': 0.34112655797703245, 'hidden_continuous_size': 10, 'attention_head_size': 3, 'learning_rate': 0.07791396739869211}. Best is trial 38 with value: 0.07551797479391098.
LOCAL_RANK: 0 - CUDA_VISIBLE_DEVICES: [0]
[I 2023-11-30 13:07:47,727] Trial 39 finished with value: 0.10668730735778809 and parameters: {'gradient_clip_val': 0.3851043955373826, 'hidden_size': 88, 'dropout': 0.3566631959212543, 'hidden_continuous_size': 10, 'attention_head_size': 3, 'learning_rate': 0.08191366834126995}. Best is trial 38 with value: 0.07551797479391098.
LOCAL_RANK: 0 - CUDA_VISIBLE_DEVICES: [0]
[I 2023-11-30 13:08:01,508] Trial 40 finished with value: 0.11315829306840897 and parameters: {'gradient_clip_val': 0.3224586739020368, 'hidden_size': 108, 'dropout': 0.3443894651295518, 'hidden_continuous_size': 12, 'attention_head_size': 3, 'learning_rate': 0.05450533746880479}. Best is trial 38 with value: 0.07551797479391098.
LOCAL_RANK: 0 - CUDA_VISIBLE_DEVICES: [0]
[I 2023-11-30 13:08:15,018] Trial 41 finished with value: 0.07872429490089417 and parameters: {'gradient_clip_val': 0.4466049774316982, 'hidden_size': 87, 'dropout': 0.3801252873693306, 'hidden_continuous_size': 11, 'attention_head_size': 3, 'learning_rate': 0.07781178642279231}. Best is trial 38 with value: 0.07551797479391098.
LOCAL_RANK: 0 - CUDA_VISIBLE_DEVICES: [0]
[I 2023-11-30 13:08:28,814] Trial 42 finished with value: 0.1303703784942627 and parameters: {'gradient_clip_val': 0.4184566042517618, 'hidden_size': 118, 'dropout': 0.3771994530922353, 'hidden_continuous_size': 11, 'attention_head_size': 3, 'learning_rate': 0.0770669320077986}. Best is trial 38 with value: 0.07551797479391098.
LOCAL_RANK: 0 - CUDA_VISIBLE_DEVICES: [0]
[I 2023-11-30 13:08:42,237] Trial 43 finished with value: 0.10766994953155518 and parameters: {'gradient_clip_val': 0.5160739508416932, 'hidden_size': 84, 'dropout': 0.3918614207138392, 'hidden_continuous_size': 10, 'attention_head_size': 3, 'learning_rate': 0.06417535588614856}. Best is trial 38 with value: 0.07551797479391098.
LOCAL_RANK: 0 - CUDA_VISIBLE_DEVICES: [0]
[I 2023-11-30 13:08:55,650] Trial 44 finished with value: 0.15480326116085052 and parameters: {'gradient_clip_val': 0.568546336571489, 'hidden_size': 73, 'dropout': 0.37748481106708914, 'hidden_continuous_size': 12, 'attention_head_size': 2, 'learning_rate': 0.08811033585116411}. Best is trial 38 with value: 0.07551797479391098.
LOCAL_RANK: 0 - CUDA_VISIBLE_DEVICES: [0]
[I 2023-11-30 13:09:09,410] Trial 45 finished with value: 0.11251931637525558 and parameters: {'gradient_clip_val': 0.4465004769660166, 'hidden_size': 94, 'dropout': 0.35051802918102515, 'hidden_continuous_size': 14, 'attention_head_size': 3, 'learning_rate': 0.09936483218716162}. Best is trial 38 with value: 0.07551797479391098.
LOCAL_RANK: 0 - CUDA_VISIBLE_DEVICES: [0]
[I 2023-11-30 13:09:22,890] Trial 46 finished with value: 0.10989416390657425 and parameters: {'gradient_clip_val': 0.35759626976631387, 'hidden_size': 65, 'dropout': 0.3989288878166093, 'hidden_continuous_size': 11, 'attention_head_size': 3, 'learning_rate': 0.03812663190154373}. Best is trial 38 with value: 0.07551797479391098.
LOCAL_RANK: 0 - CUDA_VISIBLE_DEVICES: [0]
[I 2023-11-30 13:09:36,474] Trial 47 finished with value: 0.08869177103042603 and parameters: {'gradient_clip_val': 0.8073865150612459, 'hidden_size': 90, 'dropout': 0.37719442139904974, 'hidden_continuous_size': 13, 'attention_head_size': 2, 'learning_rate': 0.05410014720694002}. Best is trial 38 with value: 0.07551797479391098.
LOCAL_RANK: 0 - CUDA_VISIBLE_DEVICES: [0]
[I 2023-11-30 13:09:50,019] Trial 48 finished with value: 0.13227951526641846 and parameters: {'gradient_clip_val': 0.38884567541798454, 'hidden_size': 78, 'dropout': 0.3895551061742697, 'hidden_continuous_size': 10, 'attention_head_size': 3, 'learning_rate': 0.029967657469876105}. Best is trial 38 with value: 0.07551797479391098.
LOCAL_RANK: 0 - CUDA_VISIBLE_DEVICES: [0]
[I 2023-11-30 13:10:02,773] Trial 49 finished with value: 0.15949690341949463 and parameters: {'gradient_clip_val': 0.9206417794197805, 'hidden_size': 52, 'dropout': 0.354795581935407, 'hidden_continuous_size': 11, 'attention_head_size': 2, 'learning_rate': 0.045644993645105665}. Best is trial 38 with value: 0.07551797479391098.
LOCAL_RANK: 0 - CUDA_VISIBLE_DEVICES: [0]
[I 2023-11-30 13:10:16,838] Trial 50 finished with value: 0.16912400722503662 and parameters: {'gradient_clip_val': 0.6146541927522546, 'hidden_size': 122, 'dropout': 0.3679521697206384, 'hidden_continuous_size': 15, 'attention_head_size': 3, 'learning_rate': 0.07806909183788832}. Best is trial 38 with value: 0.07551797479391098.
LOCAL_RANK: 0 - CUDA_VISIBLE_DEVICES: [0]
[I 2023-11-30 13:10:30,332] Trial 51 finished with value: 0.15512524545192719 and parameters: {'gradient_clip_val': 0.4609143185180478, 'hidden_size': 59, 'dropout': 0.33891234100837736, 'hidden_continuous_size': 26, 'attention_head_size': 4, 'learning_rate': 0.06688306515594657}. Best is trial 38 with value: 0.07551797479391098.
LOCAL_RANK: 0 - CUDA_VISIBLE_DEVICES: [0]
[I 2023-11-30 13:10:43,993] Trial 52 finished with value: 0.08193366974592209 and parameters: {'gradient_clip_val': 0.5671449572197754, 'hidden_size': 65, 'dropout': 0.3259315814724626, 'hidden_continuous_size': 42, 'attention_head_size': 4, 'learning_rate': 0.09988239234962408}. Best is trial 38 with value: 0.07551797479391098.
LOCAL_RANK: 0 - CUDA_VISIBLE_DEVICES: [0]
[I 2023-11-30 13:10:57,714] Trial 53 finished with value: 0.12403253465890884 and parameters: {'gradient_clip_val': 0.5519057567334815, 'hidden_size': 76, 'dropout': 0.21173133372944197, 'hidden_continuous_size': 41, 'attention_head_size': 4, 'learning_rate': 0.09536583639365757}. Best is trial 38 with value: 0.07551797479391098.
LOCAL_RANK: 0 - CUDA_VISIBLE_DEVICES: [0]
[I 2023-11-30 13:11:10,956] Trial 54 finished with value: 0.1450536996126175 and parameters: {'gradient_clip_val': 0.49680890593825716, 'hidden_size': 66, 'dropout': 0.326695040351794, 'hidden_continuous_size': 12, 'attention_head_size': 2, 'learning_rate': 0.08244605894187755}. Best is trial 38 with value: 0.07551797479391098.
LOCAL_RANK: 0 - CUDA_VISIBLE_DEVICES: [0]
[I 2023-11-30 13:11:24,907] Trial 55 finished with value: 0.08763015270233154 and parameters: {'gradient_clip_val': 0.7228528264594267, 'hidden_size': 98, 'dropout': 0.3129997253289266, 'hidden_continuous_size': 18, 'attention_head_size': 4, 'learning_rate': 0.05918340948475446}. Best is trial 38 with value: 0.07551797479391098.
LOCAL_RANK: 0 - CUDA_VISIBLE_DEVICES: [0]
[I 2023-11-30 13:11:38,543] Trial 56 finished with value: 0.086375392973423 and parameters: {'gradient_clip_val': 0.5859416996619026, 'hidden_size': 85, 'dropout': 0.3854792309179966, 'hidden_continuous_size': 28, 'attention_head_size': 2, 'learning_rate': 0.05403863650150893}. Best is trial 38 with value: 0.07551797479391098.
LOCAL_RANK: 0 - CUDA_VISIBLE_DEVICES: [0]
[I 2023-11-30 13:11:51,821] Trial 57 finished with value: 0.15525801479816437 and parameters: {'gradient_clip_val': 0.9935980226676271, 'hidden_size': 61, 'dropout': 0.35306878832262506, 'hidden_continuous_size': 20, 'attention_head_size': 3, 'learning_rate': 0.09866519284655523}. Best is trial 38 with value: 0.07551797479391098.
LOCAL_RANK: 0 - CUDA_VISIBLE_DEVICES: [0]
[I 2023-11-30 13:12:05,927] Trial 58 finished with value: 0.09690281003713608 and parameters: {'gradient_clip_val': 0.45329818057113663, 'hidden_size': 129, 'dropout': 0.24316790143350953, 'hidden_continuous_size': 47, 'attention_head_size': 1, 'learning_rate': 0.034152898700143916}. Best is trial 38 with value: 0.07551797479391098.
LOCAL_RANK: 0 - CUDA_VISIBLE_DEVICES: [0]
[I 2023-11-30 13:12:19,995] Trial 59 finished with value: 0.09728797525167465 and parameters: {'gradient_clip_val': 0.8467713285323785, 'hidden_size': 106, 'dropout': 0.3715118499776071, 'hidden_continuous_size': 34, 'attention_head_size': 3, 'learning_rate': 0.06865431254436137}. Best is trial 38 with value: 0.07551797479391098.
LOCAL_RANK: 0 - CUDA_VISIBLE_DEVICES: [0]
[I 2023-11-30 13:12:33,653] Trial 60 finished with value: 0.10271378606557846 and parameters: {'gradient_clip_val': 0.5331814999334524, 'hidden_size': 81, 'dropout': 0.36207472744458413, 'hidden_continuous_size': 13, 'attention_head_size': 2, 'learning_rate': 0.0486892544593449}. Best is trial 38 with value: 0.07551797479391098.
LOCAL_RANK: 0 - CUDA_VISIBLE_DEVICES: [0]
[I 2023-11-30 13:12:46,880] Trial 61 finished with value: 0.08024163544178009 and parameters: {'gradient_clip_val': 0.4918415505733845, 'hidden_size': 52, 'dropout': 0.33708852325468325, 'hidden_continuous_size': 32, 'attention_head_size': 4, 'learning_rate': 0.08503449540736861}. Best is trial 38 with value: 0.07551797479391098.
LOCAL_RANK: 0 - CUDA_VISIBLE_DEVICES: [0]
[I 2023-11-30 13:13:00,395] Trial 62 finished with value: 0.11539276689291 and parameters: {'gradient_clip_val': 0.5952463298982025, 'hidden_size': 52, 'dropout': 0.3374908601819774, 'hidden_continuous_size': 34, 'attention_head_size': 4, 'learning_rate': 0.08228944338603651}. Best is trial 38 with value: 0.07551797479391098.
LOCAL_RANK: 0 - CUDA_VISIBLE_DEVICES: [0]
[I 2023-11-30 13:13:14,041] Trial 63 finished with value: 0.11429048329591751 and parameters: {'gradient_clip_val': 0.6943161808239512, 'hidden_size': 66, 'dropout': 0.34588140678651147, 'hidden_continuous_size': 29, 'attention_head_size': 4, 'learning_rate': 0.06527514702856319}. Best is trial 38 with value: 0.07551797479391098.
LOCAL_RANK: 0 - CUDA_VISIBLE_DEVICES: [0]
[I 2023-11-30 13:13:27,466] Trial 64 finished with value: 0.0987953320145607 and parameters: {'gradient_clip_val': 0.4932342186006813, 'hidden_size': 49, 'dropout': 0.32265193923989094, 'hidden_continuous_size': 32, 'attention_head_size': 4, 'learning_rate': 0.08186461398429899}. Best is trial 38 with value: 0.07551797479391098.
LOCAL_RANK: 0 - CUDA_VISIBLE_DEVICES: [0]
[I 2023-11-30 13:13:41,387] Trial 65 finished with value: 0.1112530454993248 and parameters: {'gradient_clip_val': 0.3964876853376839, 'hidden_size': 74, 'dropout': 0.37206761364958013, 'hidden_continuous_size': 40, 'attention_head_size': 4, 'learning_rate': 0.023609973579512913}. Best is trial 38 with value: 0.07551797479391098.
LOCAL_RANK: 0 - CUDA_VISIBLE_DEVICES: [0]
[I 2023-11-30 13:13:54,476] Trial 66 finished with value: 0.14169542491436005 and parameters: {'gradient_clip_val': 0.6655453546901886, 'hidden_size': 55, 'dropout': 0.3904175951607365, 'hidden_continuous_size': 10, 'attention_head_size': 4, 'learning_rate': 0.08760663299876202}. Best is trial 38 with value: 0.07551797479391098.
LOCAL_RANK: 0 - CUDA_VISIBLE_DEVICES: [0]
[I 2023-11-30 13:14:07,493] Trial 67 finished with value: 0.13188304007053375 and parameters: {'gradient_clip_val': 0.4302435489632055, 'hidden_size': 43, 'dropout': 0.36041976085468086, 'hidden_continuous_size': 21, 'attention_head_size': 4, 'learning_rate': 0.07162302514240593}. Best is trial 38 with value: 0.07551797479391098.
LOCAL_RANK: 0 - CUDA_VISIBLE_DEVICES: [0]
