[I 2023-11-30 12:35:54,499] Trial 45 finished with value: 0.1455904096364975 and parameters: {'gradient_clip_val': 0.10176342519417028, 'hidden_size': 58, 'dropout': 0.11612430617156214, 'hidden_continuous_size': 40, 'attention_head_size': 1, 'learning_rate': 0.025610980396111732}. Best is trial 35 with value: 0.07881462574005127.
LOCAL_RANK: 0 - CUDA_VISIBLE_DEVICES: [0]
[I 2023-11-30 12:36:07,312] Trial 46 finished with value: 0.15889297425746918 and parameters: {'gradient_clip_val': 0.15049728746930446, 'hidden_size': 33, 'dropout': 0.14512089675783066, 'hidden_continuous_size': 29, 'attention_head_size': 2, 'learning_rate': 0.04702327005507738}. Best is trial 35 with value: 0.07881462574005127.
LOCAL_RANK: 0 - CUDA_VISIBLE_DEVICES: [0]
[I 2023-11-30 12:36:20,143] Trial 47 finished with value: 0.10906138271093369 and parameters: {'gradient_clip_val': 0.1154470701999145, 'hidden_size': 41, 'dropout': 0.11828905831758332, 'hidden_continuous_size': 23, 'attention_head_size': 1, 'learning_rate': 0.07308667371931896}. Best is trial 35 with value: 0.07881462574005127.
LOCAL_RANK: 0 - CUDA_VISIBLE_DEVICES: [0]
[I 2023-11-30 12:36:33,260] Trial 48 finished with value: 0.41712865233421326 and parameters: {'gradient_clip_val': 0.13142148235327827, 'hidden_size': 46, 'dropout': 0.1662659464717076, 'hidden_continuous_size': 33, 'attention_head_size': 3, 'learning_rate': 0.018846455124107778}. Best is trial 35 with value: 0.07881462574005127.
LOCAL_RANK: 0 - CUDA_VISIBLE_DEVICES: [0]
[I 2023-11-30 12:36:44,107] Trial 49 finished with value: 0.1534586250782013 and parameters: {'gradient_clip_val': 0.14572412938451715, 'hidden_size': 56, 'dropout': 0.15276453801262038, 'hidden_continuous_size': 56, 'attention_head_size': 2, 'learning_rate': 0.07859891525551577}. Best is trial 35 with value: 0.07881462574005127.
LOCAL_RANK: 0 - CUDA_VISIBLE_DEVICES: [0]
[I 2023-11-30 12:36:58,319] Trial 50 finished with value: 0.12847299873828888 and parameters: {'gradient_clip_val': 0.11404636210377965, 'hidden_size': 77, 'dropout': 0.13786833223602313, 'hidden_continuous_size': 70, 'attention_head_size': 3, 'learning_rate': 0.03339449707759811}. Best is trial 35 with value: 0.07881462574005127.
LOCAL_RANK: 0 - CUDA_VISIBLE_DEVICES: [0]
[I 2023-11-30 12:37:11,747] Trial 51 finished with value: 0.2171468734741211 and parameters: {'gradient_clip_val': 0.12702924457493883, 'hidden_size': 68, 'dropout': 0.10012629972097226, 'hidden_continuous_size': 39, 'attention_head_size': 1, 'learning_rate': 0.018700946539039864}. Best is trial 35 with value: 0.07881462574005127.
LOCAL_RANK: 0 - CUDA_VISIBLE_DEVICES: [0]
[I 2023-11-30 12:37:25,703] Trial 52 finished with value: 0.13953442871570587 and parameters: {'gradient_clip_val': 0.12304997988573314, 'hidden_size': 95, 'dropout': 0.1138239963014638, 'hidden_continuous_size': 42, 'attention_head_size': 1, 'learning_rate': 0.016064895819561616}. Best is trial 35 with value: 0.07881462574005127.
LOCAL_RANK: 0 - CUDA_VISIBLE_DEVICES: [0]
[I 2023-11-30 12:37:39,007] Trial 53 finished with value: 0.22898352146148682 and parameters: {'gradient_clip_val': 0.11077703154820226, 'hidden_size': 50, 'dropout': 0.10659311965906838, 'hidden_continuous_size': 34, 'attention_head_size': 1, 'learning_rate': 0.011910615302691776}. Best is trial 35 with value: 0.07881462574005127.
LOCAL_RANK: 0 - CUDA_VISIBLE_DEVICES: [0]
[I 2023-11-30 12:37:52,647] Trial 54 finished with value: 0.32043012976646423 and parameters: {'gradient_clip_val': 0.10054769949139844, 'hidden_size': 65, 'dropout': 0.1353158611031182, 'hidden_continuous_size': 26, 'attention_head_size': 1, 'learning_rate': 0.020988274356695813}. Best is trial 35 with value: 0.07881462574005127.
LOCAL_RANK: 0 - CUDA_VISIBLE_DEVICES: [0]
[I 2023-11-30 12:38:05,531] Trial 55 finished with value: 0.12953031063079834 and parameters: {'gradient_clip_val': 0.12917456818353526, 'hidden_size': 42, 'dropout': 0.10025542541435588, 'hidden_continuous_size': 30, 'attention_head_size': 1, 'learning_rate': 0.0449121879436288}. Best is trial 35 with value: 0.07881462574005127.
LOCAL_RANK: 0 - CUDA_VISIBLE_DEVICES: [0]
[I 2023-11-30 12:38:19,021] Trial 56 finished with value: 0.10127243399620056 and parameters: {'gradient_clip_val': 0.15510499438455633, 'hidden_size': 59, 'dropout': 0.11962072262022388, 'hidden_continuous_size': 37, 'attention_head_size': 2, 'learning_rate': 0.026222364599344936}. Best is trial 35 with value: 0.07881462574005127.
LOCAL_RANK: 0 - CUDA_VISIBLE_DEVICES: [0]
[I 2023-11-30 12:38:32,080] Trial 57 finished with value: 0.18409238755702972 and parameters: {'gradient_clip_val': 0.15351038919566362, 'hidden_size': 56, 'dropout': 0.1574747666364803, 'hidden_continuous_size': 31, 'attention_head_size': 2, 'learning_rate': 0.02495538934022863}. Best is trial 35 with value: 0.07881462574005127.
LOCAL_RANK: 0 - CUDA_VISIBLE_DEVICES: [0]
[I 2023-11-30 12:38:45,278] Trial 58 finished with value: 0.10330488532781601 and parameters: {'gradient_clip_val': 0.14383334180492308, 'hidden_size': 48, 'dropout': 0.12055443271738778, 'hidden_continuous_size': 34, 'attention_head_size': 3, 'learning_rate': 0.04287186071718686}. Best is trial 35 with value: 0.07881462574005127.
LOCAL_RANK: 0 - CUDA_VISIBLE_DEVICES: [0]
[I 2023-11-30 12:38:58,913] Trial 59 finished with value: 0.13059364259243011 and parameters: {'gradient_clip_val': 0.14338640877123993, 'hidden_size': 59, 'dropout': 0.11403484579356743, 'hidden_continuous_size': 35, 'attention_head_size': 3, 'learning_rate': 0.048653257520548776}. Best is trial 35 with value: 0.07881462574005127.
LOCAL_RANK: 0 - CUDA_VISIBLE_DEVICES: [0]
[I 2023-11-30 12:39:11,543] Trial 60 finished with value: 0.13394451141357422 and parameters: {'gradient_clip_val': 0.11567997300867397, 'hidden_size': 32, 'dropout': 0.1327454455363239, 'hidden_continuous_size': 28, 'attention_head_size': 2, 'learning_rate': 0.04037463904035489}. Best is trial 35 with value: 0.07881462574005127.
LOCAL_RANK: 0 - CUDA_VISIBLE_DEVICES: [0]
[I 2023-11-30 12:39:24,797] Trial 61 finished with value: 0.11104071140289307 and parameters: {'gradient_clip_val': 0.134428587341883, 'hidden_size': 50, 'dropout': 0.12407648229408616, 'hidden_continuous_size': 33, 'attention_head_size': 3, 'learning_rate': 0.030883801237008204}. Best is trial 35 with value: 0.07881462574005127.
LOCAL_RANK: 0 - CUDA_VISIBLE_DEVICES: [0]
[I 2023-11-30 12:39:38,101] Trial 62 finished with value: 0.14476241171360016 and parameters: {'gradient_clip_val': 0.10806792443957398, 'hidden_size': 46, 'dropout': 0.14533845951107988, 'hidden_continuous_size': 36, 'attention_head_size': 3, 'learning_rate': 0.0414807479263919}. Best is trial 35 with value: 0.07881462574005127.
LOCAL_RANK: 0 - CUDA_VISIBLE_DEVICES: [0]
[I 2023-11-30 12:39:50,990] Trial 63 finished with value: 0.1369083672761917 and parameters: {'gradient_clip_val': 0.15675833693200925, 'hidden_size': 38, 'dropout': 0.12144375546227523, 'hidden_continuous_size': 29, 'attention_head_size': 3, 'learning_rate': 0.06453629653169539}. Best is trial 35 with value: 0.07881462574005127.
LOCAL_RANK: 0 - CUDA_VISIBLE_DEVICES: [0]
[I 2023-11-30 12:40:04,254] Trial 64 finished with value: 0.17954695224761963 and parameters: {'gradient_clip_val': 0.1727701357418389, 'hidden_size': 42, 'dropout': 0.16913811844199764, 'hidden_continuous_size': 31, 'attention_head_size': 4, 'learning_rate': 0.022681746592914796}. Best is trial 35 with value: 0.07881462574005127.
LOCAL_RANK: 0 - CUDA_VISIBLE_DEVICES: [0]
[I 2023-11-30 12:40:17,675] Trial 65 finished with value: 0.10940124839544296 and parameters: {'gradient_clip_val': 0.1236594433244227, 'hidden_size': 62, 'dropout': 0.15249365999189807, 'hidden_continuous_size': 24, 'attention_head_size': 2, 'learning_rate': 0.03609608430826735}. Best is trial 35 with value: 0.07881462574005127.
LOCAL_RANK: 0 - CUDA_VISIBLE_DEVICES: [0]
[I 2023-11-30 12:40:30,662] Trial 66 finished with value: 0.22064661979675293 and parameters: {'gradient_clip_val': 0.10729350620440815, 'hidden_size': 35, 'dropout': 0.1314744734784843, 'hidden_continuous_size': 28, 'attention_head_size': 4, 'learning_rate': 0.0492988367100431}. Best is trial 35 with value: 0.07881462574005127.
LOCAL_RANK: 0 - CUDA_VISIBLE_DEVICES: [0]
[I 2023-11-30 12:40:44,220] Trial 67 finished with value: 0.16304756700992584 and parameters: {'gradient_clip_val': 0.11753654506210724, 'hidden_size': 54, 'dropout': 0.12000428762667109, 'hidden_continuous_size': 38, 'attention_head_size': 3, 'learning_rate': 0.0837015897282126}. Best is trial 35 with value: 0.07881462574005127.
LOCAL_RANK: 0 - CUDA_VISIBLE_DEVICES: [0]
[I 2023-11-30 12:40:57,428] Trial 68 finished with value: 0.16065746545791626 and parameters: {'gradient_clip_val': 0.1454105342336177, 'hidden_size': 48, 'dropout': 0.15752569680609266, 'hidden_continuous_size': 34, 'attention_head_size': 4, 'learning_rate': 0.02940087109031044}. Best is trial 35 with value: 0.07881462574005127.
LOCAL_RANK: 0 - CUDA_VISIBLE_DEVICES: [0]
[I 2023-11-30 12:41:10,471] Trial 69 finished with value: 0.11909439414739609 and parameters: {'gradient_clip_val': 0.13369490715011398, 'hidden_size': 39, 'dropout': 0.14209132273570185, 'hidden_continuous_size': 31, 'attention_head_size': 2, 'learning_rate': 0.06810903583046893}. Best is trial 35 with value: 0.07881462574005127.
LOCAL_RANK: 0 - CUDA_VISIBLE_DEVICES: [0]
[I 2023-11-30 12:41:24,045] Trial 70 finished with value: 0.0862385630607605 and parameters: {'gradient_clip_val': 0.1079419750107645, 'hidden_size': 54, 'dropout': 0.1123678523498849, 'hidden_continuous_size': 36, 'attention_head_size': 4, 'learning_rate': 0.053923944759591586}. Best is trial 35 with value: 0.07881462574005127.
LOCAL_RANK: 0 - CUDA_VISIBLE_DEVICES: [0]
[I 2023-11-30 12:41:37,661] Trial 71 finished with value: 0.14394113421440125 and parameters: {'gradient_clip_val': 0.10674079910303794, 'hidden_size': 55, 'dropout': 0.1115768489872718, 'hidden_continuous_size': 37, 'attention_head_size': 4, 'learning_rate': 0.056076417194586003}. Best is trial 35 with value: 0.07881462574005127.
LOCAL_RANK: 0 - CUDA_VISIBLE_DEVICES: [0]
[I 2023-11-30 12:41:50,888] Trial 72 finished with value: 0.1635347604751587 and parameters: {'gradient_clip_val': 0.10004536549334858, 'hidden_size': 45, 'dropout': 0.12670870635685766, 'hidden_continuous_size': 33, 'attention_head_size': 4, 'learning_rate': 0.043748852554384404}. Best is trial 35 with value: 0.07881462574005127.
LOCAL_RANK: 0 - CUDA_VISIBLE_DEVICES: [0]
[I 2023-11-30 12:42:04,389] Trial 73 finished with value: 0.10894560813903809 and parameters: {'gradient_clip_val': 0.11881438798472972, 'hidden_size': 49, 'dropout': 0.14007296974724792, 'hidden_continuous_size': 37, 'attention_head_size': 4, 'learning_rate': 0.054837241118107054}. Best is trial 35 with value: 0.07881462574005127.
LOCAL_RANK: 0 - CUDA_VISIBLE_DEVICES: [0]
[I 2023-11-30 12:42:18,214] Trial 74 finished with value: 0.10324186831712723 and parameters: {'gradient_clip_val': 0.12929514271886758, 'hidden_size': 63, 'dropout': 0.11054000057800328, 'hidden_continuous_size': 26, 'attention_head_size': 4, 'learning_rate': 0.036816117372667496}. Best is trial 35 with value: 0.07881462574005127.
LOCAL_RANK: 0 - CUDA_VISIBLE_DEVICES: [0]
[I 2023-11-30 12:42:31,924] Trial 75 finished with value: 0.21958164870738983 and parameters: {'gradient_clip_val': 0.13120081406246378, 'hidden_size': 61, 'dropout': 0.10800552119208072, 'hidden_continuous_size': 35, 'attention_head_size': 4, 'learning_rate': 0.062095790431963095}. Best is trial 35 with value: 0.07881462574005127.
LOCAL_RANK: 0 - CUDA_VISIBLE_DEVICES: [0]
[I 2023-11-30 12:42:45,228] Trial 76 finished with value: 0.1555812507867813 and parameters: {'gradient_clip_val': 0.16243696407094962, 'hidden_size': 53, 'dropout': 0.11799907601527614, 'hidden_continuous_size': 26, 'attention_head_size': 3, 'learning_rate': 0.08440256212713146}. Best is trial 35 with value: 0.07881462574005127.
LOCAL_RANK: 0 - CUDA_VISIBLE_DEVICES: [0]
[I 2023-11-30 12:42:59,026] Trial 77 finished with value: 0.11873090267181396 and parameters: {'gradient_clip_val': 0.11351386824406812, 'hidden_size': 67, 'dropout': 0.1285047276258886, 'hidden_continuous_size': 39, 'attention_head_size': 4, 'learning_rate': 0.0388890695685029}. Best is trial 35 with value: 0.07881462574005127.
LOCAL_RANK: 0 - CUDA_VISIBLE_DEVICES: [0]
[I 2023-11-30 12:43:12,517] Trial 78 finished with value: 0.14390265941619873 and parameters: {'gradient_clip_val': 0.1242143772009249, 'hidden_size': 60, 'dropout': 0.10835210686670556, 'hidden_continuous_size': 36, 'attention_head_size': 3, 'learning_rate': 0.050429314254433893}. Best is trial 35 with value: 0.07881462574005127.
LOCAL_RANK: 0 - CUDA_VISIBLE_DEVICES: [0]
[I 2023-11-30 12:43:25,880] Trial 79 finished with value: 0.1186760887503624 and parameters: {'gradient_clip_val': 0.1421601861735518, 'hidden_size': 51, 'dropout': 0.1172930708047995, 'hidden_continuous_size': 30, 'attention_head_size': 4, 'learning_rate': 0.07421047045396259}. Best is trial 35 with value: 0.07881462574005127.
LOCAL_RANK: 0 - CUDA_VISIBLE_DEVICES: [0]
[I 2023-11-30 12:43:39,211] Trial 80 finished with value: 0.1383783221244812 and parameters: {'gradient_clip_val': 0.15286547411170834, 'hidden_size': 43, 'dropout': 0.12378016463564591, 'hidden_continuous_size': 33, 'attention_head_size': 3, 'learning_rate': 0.025249737057704072}. Best is trial 35 with value: 0.07881462574005127.
LOCAL_RANK: 0 - CUDA_VISIBLE_DEVICES: [0]
[I 2023-11-30 12:43:52,342] Trial 81 finished with value: 0.2096516638994217 and parameters: {'gradient_clip_val': 0.10694137100069485, 'hidden_size': 45, 'dropout': 0.1361310499346943, 'hidden_continuous_size': 27, 'attention_head_size': 4, 'learning_rate': 0.03397994283887819}. Best is trial 35 with value: 0.07881462574005127.
LOCAL_RANK: 0 - CUDA_VISIBLE_DEVICES: [0]
[I 2023-11-30 12:44:05,389] Trial 82 finished with value: 0.12986183166503906 and parameters: {'gradient_clip_val': 0.11711662328278266, 'hidden_size': 48, 'dropout': 0.1516426301011664, 'hidden_continuous_size': 25, 'attention_head_size': 4, 'learning_rate': 0.026786874538477147}. Best is trial 35 with value: 0.07881462574005127.
LOCAL_RANK: 0 - CUDA_VISIBLE_DEVICES: [0]
[I 2023-11-30 12:44:18,655] Trial 83 finished with value: 0.10965327173471451 and parameters: {'gradient_clip_val': 0.12583884366026116, 'hidden_size': 55, 'dropout': 0.1290979208229498, 'hidden_continuous_size': 22, 'attention_head_size': 4, 'learning_rate': 0.03278767579507186}. Best is trial 35 with value: 0.07881462574005127.
LOCAL_RANK: 0 - CUDA_VISIBLE_DEVICES: [0]
[I 2023-11-30 12:44:32,312] Trial 84 finished with value: 0.14431576430797577 and parameters: {'gradient_clip_val': 0.13563929287127002, 'hidden_size': 58, 'dropout': 0.14476589301920362, 'hidden_continuous_size': 41, 'attention_head_size': 4, 'learning_rate': 0.043845410540233797}. Best is trial 35 with value: 0.07881462574005127.
LOCAL_RANK: 0 - CUDA_VISIBLE_DEVICES: [0]
[I 2023-11-30 12:44:45,358] Trial 85 finished with value: 0.14696498215198517 and parameters: {'gradient_clip_val': 0.10668647369267968, 'hidden_size': 40, 'dropout': 0.105480609533851, 'hidden_continuous_size': 24, 'attention_head_size': 4, 'learning_rate': 0.03943144674743432}. Best is trial 35 with value: 0.07881462574005127.
LOCAL_RANK: 0 - CUDA_VISIBLE_DEVICES: [0]
[I 2023-11-30 12:44:59,051] Trial 86 finished with value: 0.20440632104873657 and parameters: {'gradient_clip_val': 0.11886580005782807, 'hidden_size': 65, 'dropout': 0.11238327611472831, 'hidden_continuous_size': 43, 'attention_head_size': 4, 'learning_rate': 0.021576349860156028}. Best is trial 35 with value: 0.07881462574005127.
LOCAL_RANK: 0 - CUDA_VISIBLE_DEVICES: [0]
[I 2023-11-30 12:45:11,859] Trial 87 finished with value: 0.173635795712471 and parameters: {'gradient_clip_val': 0.11245708841937554, 'hidden_size': 37, 'dropout': 0.1370857407659881, 'hidden_continuous_size': 32, 'attention_head_size': 2, 'learning_rate': 0.02886251189199907}. Best is trial 35 with value: 0.07881462574005127.
LOCAL_RANK: 0 - CUDA_VISIBLE_DEVICES: [0]
[I 2023-11-30 12:45:25,103] Trial 88 finished with value: 0.16668720543384552 and parameters: {'gradient_clip_val': 0.12637934550918362, 'hidden_size': 51, 'dropout': 0.10033434176275324, 'hidden_continuous_size': 39, 'attention_head_size': 1, 'learning_rate': 0.034853531888516434}. Best is trial 35 with value: 0.07881462574005127.
LOCAL_RANK: 0 - CUDA_VISIBLE_DEVICES: [0]
[I 2023-11-30 12:45:38,926] Trial 89 finished with value: 0.10063307732343674 and parameters: {'gradient_clip_val': 0.14419882669187573, 'hidden_size': 73, 'dropout': 0.12257885259064291, 'hidden_continuous_size': 44, 'attention_head_size': 4, 'learning_rate': 0.050356337585016904}. Best is trial 35 with value: 0.07881462574005127.
LOCAL_RANK: 0 - CUDA_VISIBLE_DEVICES: [0]
[I 2023-11-30 12:45:52,789] Trial 90 finished with value: 0.1146097183227539 and parameters: {'gradient_clip_val': 0.13965872057948692, 'hidden_size': 62, 'dropout': 0.12200416488190013, 'hidden_continuous_size': 46, 'attention_head_size': 4, 'learning_rate': 0.06056528086010955}. Best is trial 35 with value: 0.07881462574005127.
LOCAL_RANK: 0 - CUDA_VISIBLE_DEVICES: [0]
[I 2023-11-30 12:46:06,522] Trial 91 finished with value: 0.1118752732872963 and parameters: {'gradient_clip_val': 0.147280208165, 'hidden_size': 69, 'dropout': 0.11422195832020923, 'hidden_continuous_size': 37, 'attention_head_size': 4, 'learning_rate': 0.050726396311718575}. Best is trial 35 with value: 0.07881462574005127.
LOCAL_RANK: 0 - CUDA_VISIBLE_DEVICES: [0]
[I 2023-11-30 12:46:20,205] Trial 92 finished with value: 0.12205773591995239 and parameters: {'gradient_clip_val': 0.10403160610356575, 'hidden_size': 72, 'dropout': 0.13414537442559443, 'hidden_continuous_size': 29, 'attention_head_size': 4, 'learning_rate': 0.06832340175093285}. Best is trial 35 with value: 0.07881462574005127.
LOCAL_RANK: 0 - CUDA_VISIBLE_DEVICES: [0]
[I 2023-11-30 12:46:33,839] Trial 93 finished with value: 0.13822637498378754 and parameters: {'gradient_clip_val': 0.1129655742851461, 'hidden_size': 57, 'dropout': 0.14973404649670416, 'hidden_continuous_size': 38, 'attention_head_size': 4, 'learning_rate': 0.04581027039816689}. Best is trial 35 with value: 0.07881462574005127.
LOCAL_RANK: 0 - CUDA_VISIBLE_DEVICES: [0]
[I 2023-11-30 12:46:47,149] Trial 94 finished with value: 0.15584684908390045 and parameters: {'gradient_clip_val': 0.10435188707027979, 'hidden_size': 48, 'dropout': 0.12465733837119222, 'hidden_continuous_size': 35, 'attention_head_size': 4, 'learning_rate': 0.037431076170931554}. Best is trial 35 with value: 0.07881462574005127.
LOCAL_RANK: 0 - CUDA_VISIBLE_DEVICES: [0]
[I 2023-11-30 12:47:00,595] Trial 95 finished with value: 0.16055482625961304 and parameters: {'gradient_clip_val': 0.13219490166839679, 'hidden_size': 43, 'dropout': 0.14124037740824827, 'hidden_continuous_size': 20, 'attention_head_size': 4, 'learning_rate': 0.02743154632067192}. Best is trial 35 with value: 0.07881462574005127.
LOCAL_RANK: 0 - CUDA_VISIBLE_DEVICES: [0]
[I 2023-11-30 12:47:14,132] Trial 96 finished with value: 0.1330580711364746 and parameters: {'gradient_clip_val': 0.12078756078437027, 'hidden_size': 63, 'dropout': 0.1053198905524623, 'hidden_continuous_size': 26, 'attention_head_size': 3, 'learning_rate': 0.03184998132721131}. Best is trial 35 with value: 0.07881462574005127.
LOCAL_RANK: 0 - CUDA_VISIBLE_DEVICES: [0]
[I 2023-11-30 12:47:27,317] Trial 97 finished with value: 0.15162740647792816 and parameters: {'gradient_clip_val': 0.11128162711717668, 'hidden_size': 53, 'dropout': 0.16930320633728022, 'hidden_continuous_size': 31, 'attention_head_size': 1, 'learning_rate': 0.02315802900023443}. Best is trial 35 with value: 0.07881462574005127.
LOCAL_RANK: 0 - CUDA_VISIBLE_DEVICES: [0]
[I 2023-11-30 12:47:40,623] Trial 98 finished with value: 0.1688338667154312 and parameters: {'gradient_clip_val': 0.12840499213959264, 'hidden_size': 45, 'dropout': 0.13010389135549047, 'hidden_continuous_size': 34, 'attention_head_size': 4, 'learning_rate': 0.053856380890435734}. Best is trial 35 with value: 0.07881462574005127.
LOCAL_RANK: 0 - CUDA_VISIBLE_DEVICES: [0]
[I 2023-11-30 12:47:54,368] Trial 99 finished with value: 0.13243049383163452 and parameters: {'gradient_clip_val': 0.17225216648439354, 'hidden_size': 78, 'dropout': 0.116955498252467, 'hidden_continuous_size': 43, 'attention_head_size': 2, 'learning_rate': 0.03905127022508406}. Best is trial 35 with value: 0.07881462574005127.
LOCAL_RANK: 0 - CUDA_VISIBLE_DEVICES: [0]
[I 2023-11-30 12:48:07,129] Trial 100 finished with value: 0.11636023968458176 and parameters: {'gradient_clip_val': 0.1396147894508606, 'hidden_size': 40, 'dropout': 0.15814087211987357, 'hidden_continuous_size': 32, 'attention_head_size': 3, 'learning_rate': 0.059217464033322106}. Best is trial 35 with value: 0.07881462574005127.
LOCAL_RANK: 0 - CUDA_VISIBLE_DEVICES: [0]
[I 2023-11-30 12:48:20,885] Trial 101 finished with value: 0.1691656857728958 and parameters: {'gradient_clip_val': 0.12056422733167689, 'hidden_size': 50, 'dropout': 0.14013631095985088, 'hidden_continuous_size': 36, 'attention_head_size': 4, 'learning_rate': 0.053630057674343444}. Best is trial 35 with value: 0.07881462574005127.
LOCAL_RANK: 0 - CUDA_VISIBLE_DEVICES: [0]
[I 2023-11-30 12:48:34,099] Trial 102 finished with value: 0.09930767863988876 and parameters: {'gradient_clip_val': 0.11611134772915993, 'hidden_size': 48, 'dropout': 0.11097020959825606, 'hidden_continuous_size': 38, 'attention_head_size': 4, 'learning_rate': 0.06534346279771515}. Best is trial 35 with value: 0.07881462574005127.
LOCAL_RANK: 0 - CUDA_VISIBLE_DEVICES: [0]
