[I 2023-11-30 05:13:53,309] Trial 25 finished with value: 2.5876762866973877 and parameters: {'gradient_clip_val': 0.2534880555723167, 'hidden_size': 61, 'dropout': 0.13615904503186071, 'hidden_continuous_size': 16, 'attention_head_size': 1, 'learning_rate': 0.008057856466807043}. Best is trial 0 with value: 1.099292516708374.
LOCAL_RANK: 0 - CUDA_VISIBLE_DEVICES: [0]
[I 2023-11-30 05:14:08,033] Trial 26 finished with value: 1.867108702659607 and parameters: {'gradient_clip_val': 0.2056804746096786, 'hidden_size': 150, 'dropout': 0.18646077431933866, 'hidden_continuous_size': 80, 'attention_head_size': 2, 'learning_rate': 0.018477269936900794}. Best is trial 0 with value: 1.099292516708374.
LOCAL_RANK: 0 - CUDA_VISIBLE_DEVICES: [0]
[I 2023-11-30 05:14:21,543] Trial 27 finished with value: 2.0732533931732178 and parameters: {'gradient_clip_val': 0.4626063984083011, 'hidden_size': 100, 'dropout': 0.2053589138932803, 'hidden_continuous_size': 23, 'attention_head_size': 1, 'learning_rate': 0.006523934133665078}. Best is trial 0 with value: 1.099292516708374.
LOCAL_RANK: 0 - CUDA_VISIBLE_DEVICES: [0]
[I 2023-11-30 05:14:35,032] Trial 28 finished with value: 1.7567853927612305 and parameters: {'gradient_clip_val': 0.14588525748983924, 'hidden_size': 85, 'dropout': 0.2293265093164597, 'hidden_continuous_size': 27, 'attention_head_size': 1, 'learning_rate': 0.012976401068490774}. Best is trial 0 with value: 1.099292516708374.
LOCAL_RANK: 0 - CUDA_VISIBLE_DEVICES: [0]
[I 2023-11-30 05:14:49,032] Trial 29 finished with value: 2.454106569290161 and parameters: {'gradient_clip_val': 0.23428735754090127, 'hidden_size': 119, 'dropout': 0.2479937186637449, 'hidden_continuous_size': 36, 'attention_head_size': 1, 'learning_rate': 0.0034341016671301013}. Best is trial 0 with value: 1.099292516708374.
LOCAL_RANK: 0 - CUDA_VISIBLE_DEVICES: [0]
[I 2023-11-30 05:15:02,437] Trial 30 finished with value: 2.166412830352783 and parameters: {'gradient_clip_val': 0.27042355434628296, 'hidden_size': 65, 'dropout': 0.17699329929243618, 'hidden_continuous_size': 21, 'attention_head_size': 2, 'learning_rate': 0.010813333709745887}. Best is trial 0 with value: 1.099292516708374.
LOCAL_RANK: 0 - CUDA_VISIBLE_DEVICES: [0]
[I 2023-11-30 05:15:16,282] Trial 31 finished with value: 2.078489303588867 and parameters: {'gradient_clip_val': 0.2651934460980723, 'hidden_size': 90, 'dropout': 0.21628320208025942, 'hidden_continuous_size': 20, 'attention_head_size': 1, 'learning_rate': 0.030549958533296753}. Best is trial 0 with value: 1.099292516708374.
LOCAL_RANK: 0 - CUDA_VISIBLE_DEVICES: [0]
[I 2023-11-30 05:15:29,891] Trial 32 finished with value: 1.31890070438385 and parameters: {'gradient_clip_val': 0.3285044594946905, 'hidden_size': 104, 'dropout': 0.20618103432009405, 'hidden_continuous_size': 25, 'attention_head_size': 1, 'learning_rate': 0.02099326707428446}. Best is trial 0 with value: 1.099292516708374.
LOCAL_RANK: 0 - CUDA_VISIBLE_DEVICES: [0]
[I 2023-11-30 05:15:43,628] Trial 33 finished with value: 1.8649438619613647 and parameters: {'gradient_clip_val': 0.21082662503067418, 'hidden_size': 122, 'dropout': 0.269568488406706, 'hidden_continuous_size': 17, 'attention_head_size': 1, 'learning_rate': 0.015658798925738817}. Best is trial 0 with value: 1.099292516708374.
LOCAL_RANK: 0 - CUDA_VISIBLE_DEVICES: [0]
[I 2023-11-30 05:15:57,069] Trial 34 finished with value: 1.5600312948226929 and parameters: {'gradient_clip_val': 0.28665215521641474, 'hidden_size': 82, 'dropout': 0.24040559615917503, 'hidden_continuous_size': 18, 'attention_head_size': 1, 'learning_rate': 0.031040303722401037}. Best is trial 0 with value: 1.099292516708374.
LOCAL_RANK: 0 - CUDA_VISIBLE_DEVICES: [0]
[I 2023-11-30 05:16:11,043] Trial 35 finished with value: 2.281996488571167 and parameters: {'gradient_clip_val': 0.9547869086105905, 'hidden_size': 127, 'dropout': 0.1992230973186074, 'hidden_continuous_size': 29, 'attention_head_size': 2, 'learning_rate': 0.050987647878080314}. Best is trial 0 with value: 1.099292516708374.
LOCAL_RANK: 0 - CUDA_VISIBLE_DEVICES: [0]
[I 2023-11-30 05:16:24,683] Trial 36 finished with value: 1.5468488931655884 and parameters: {'gradient_clip_val': 0.19275089078377627, 'hidden_size': 99, 'dropout': 0.2788927752722806, 'hidden_continuous_size': 14, 'attention_head_size': 3, 'learning_rate': 0.024190698071901814}. Best is trial 0 with value: 1.099292516708374.
LOCAL_RANK: 0 - CUDA_VISIBLE_DEVICES: [0]
[I 2023-11-30 05:16:38,782] Trial 37 finished with value: 2.2381718158721924 and parameters: {'gradient_clip_val': 0.22585457273509005, 'hidden_size': 128, 'dropout': 0.2520742925034649, 'hidden_continuous_size': 33, 'attention_head_size': 1, 'learning_rate': 0.019714793843077415}. Best is trial 0 with value: 1.099292516708374.
LOCAL_RANK: 0 - CUDA_VISIBLE_DEVICES: [0]
[I 2023-11-30 05:16:52,223] Trial 38 finished with value: 2.058671236038208 and parameters: {'gradient_clip_val': 0.3951268277637913, 'hidden_size': 69, 'dropout': 0.23622085009118654, 'hidden_continuous_size': 22, 'attention_head_size': 2, 'learning_rate': 0.07054037248817681}. Best is trial 0 with value: 1.099292516708374.
LOCAL_RANK: 0 - CUDA_VISIBLE_DEVICES: [0]
[I 2023-11-30 05:17:05,860] Trial 39 finished with value: 2.1388063430786133 and parameters: {'gradient_clip_val': 0.3709568462268137, 'hidden_size': 83, 'dropout': 0.21542121804662828, 'hidden_continuous_size': 26, 'attention_head_size': 2, 'learning_rate': 0.012707193437452014}. Best is trial 0 with value: 1.099292516708374.
LOCAL_RANK: 0 - CUDA_VISIBLE_DEVICES: [0]
[I 2023-11-30 05:17:19,210] Trial 40 finished with value: 2.282045364379883 and parameters: {'gradient_clip_val': 0.2542525056830116, 'hidden_size': 61, 'dropout': 0.2598854388269448, 'hidden_continuous_size': 19, 'attention_head_size': 4, 'learning_rate': 0.010244046962105405}. Best is trial 0 with value: 1.099292516708374.
LOCAL_RANK: 0 - CUDA_VISIBLE_DEVICES: [0]
[I 2023-11-30 05:17:33,027] Trial 41 finished with value: 1.518510341644287 and parameters: {'gradient_clip_val': 0.3012223093907558, 'hidden_size': 106, 'dropout': 0.20950617755175133, 'hidden_continuous_size': 25, 'attention_head_size': 1, 'learning_rate': 0.01907794713366968}. Best is trial 0 with value: 1.099292516708374.
LOCAL_RANK: 0 - CUDA_VISIBLE_DEVICES: [0]
[I 2023-11-30 05:17:46,984] Trial 42 finished with value: 1.6069459915161133 and parameters: {'gradient_clip_val': 0.33659382090661194, 'hidden_size': 110, 'dropout': 0.19341830743487445, 'hidden_continuous_size': 15, 'attention_head_size': 1, 'learning_rate': 0.019667260100366252}. Best is trial 0 with value: 1.099292516708374.
LOCAL_RANK: 0 - CUDA_VISIBLE_DEVICES: [0]
[I 2023-11-30 05:18:00,565] Trial 43 finished with value: 1.4822911024093628 and parameters: {'gradient_clip_val': 0.2722123171178866, 'hidden_size': 100, 'dropout': 0.23116292157872018, 'hidden_continuous_size': 25, 'attention_head_size': 1, 'learning_rate': 0.023554171293923076}. Best is trial 0 with value: 1.099292516708374.
LOCAL_RANK: 0 - CUDA_VISIBLE_DEVICES: [0]
[I 2023-11-30 05:18:14,632] Trial 44 finished with value: 1.774871826171875 and parameters: {'gradient_clip_val': 0.32329817528092386, 'hidden_size': 130, 'dropout': 0.20093418445262626, 'hidden_continuous_size': 21, 'attention_head_size': 1, 'learning_rate': 0.030324891901818262}. Best is trial 0 with value: 1.099292516708374.
LOCAL_RANK: 0 - CUDA_VISIBLE_DEVICES: [0]
[I 2023-11-30 05:18:28,045] Trial 45 finished with value: 1.3805478811264038 and parameters: {'gradient_clip_val': 0.22394316352342528, 'hidden_size': 87, 'dropout': 0.1695447576531649, 'hidden_continuous_size': 22, 'attention_head_size': 1, 'learning_rate': 0.008665646584618549}. Best is trial 0 with value: 1.099292516708374.
LOCAL_RANK: 0 - CUDA_VISIBLE_DEVICES: [0]
[I 2023-11-30 05:18:41,930] Trial 46 finished with value: 2.003727674484253 and parameters: {'gradient_clip_val': 0.18756999935475863, 'hidden_size': 111, 'dropout': 0.19011763632921394, 'hidden_continuous_size': 12, 'attention_head_size': 2, 'learning_rate': 0.014436465802526815}. Best is trial 0 with value: 1.099292516708374.
LOCAL_RANK: 0 - CUDA_VISIBLE_DEVICES: [0]
[I 2023-11-30 05:18:56,024] Trial 47 finished with value: 2.069676637649536 and parameters: {'gradient_clip_val': 0.24863073822252957, 'hidden_size': 131, 'dropout': 0.2175639239445062, 'hidden_continuous_size': 29, 'attention_head_size': 1, 'learning_rate': 0.03723465832285844}. Best is trial 0 with value: 1.099292516708374.
LOCAL_RANK: 0 - CUDA_VISIBLE_DEVICES: [0]
[I 2023-11-30 05:19:09,226] Trial 48 finished with value: 2.6861753463745117 and parameters: {'gradient_clip_val': 0.29727108234407396, 'hidden_size': 74, 'dropout': 0.24726499392681217, 'hidden_continuous_size': 10, 'attention_head_size': 3, 'learning_rate': 0.011647407544470736}. Best is trial 0 with value: 1.099292516708374.
LOCAL_RANK: 0 - CUDA_VISIBLE_DEVICES: [0]
[I 2023-11-30 05:19:23,608] Trial 49 finished with value: 2.2041945457458496 and parameters: {'gradient_clip_val': 0.36056850115609507, 'hidden_size': 149, 'dropout': 0.18375347287530347, 'hidden_continuous_size': 41, 'attention_head_size': 1, 'learning_rate': 0.010069582932985087}. Best is trial 0 with value: 1.099292516708374.
LOCAL_RANK: 0 - CUDA_VISIBLE_DEVICES: [0]
[I 2023-11-30 05:19:37,270] Trial 50 finished with value: 1.9214903116226196 and parameters: {'gradient_clip_val': 0.43660679702300964, 'hidden_size': 95, 'dropout': 0.14816726199255986, 'hidden_continuous_size': 27, 'attention_head_size': 2, 'learning_rate': 0.023087545481574386}. Best is trial 0 with value: 1.099292516708374.
LOCAL_RANK: 0 - CUDA_VISIBLE_DEVICES: [0]
[I 2023-11-30 05:19:50,846] Trial 51 finished with value: 2.593409299850464 and parameters: {'gradient_clip_val': 0.21198765836276118, 'hidden_size': 88, 'dropout': 0.167581260115032, 'hidden_continuous_size': 23, 'attention_head_size': 1, 'learning_rate': 0.006745315354093789}. Best is trial 0 with value: 1.099292516708374.
LOCAL_RANK: 0 - CUDA_VISIBLE_DEVICES: [0]
[I 2023-11-30 05:20:04,638] Trial 52 finished with value: 1.6874927282333374 and parameters: {'gradient_clip_val': 0.22286140822381248, 'hidden_size': 108, 'dropout': 0.20496796070101836, 'hidden_continuous_size': 19, 'attention_head_size': 1, 'learning_rate': 0.009258593196725376}. Best is trial 0 with value: 1.099292516708374.
LOCAL_RANK: 0 - CUDA_VISIBLE_DEVICES: [0]
[I 2023-11-30 05:20:17,960] Trial 53 finished with value: 2.249513864517212 and parameters: {'gradient_clip_val': 0.24337859341301424, 'hidden_size': 80, 'dropout': 0.17337831483546767, 'hidden_continuous_size': 24, 'attention_head_size': 1, 'learning_rate': 0.014398984839564243}. Best is trial 0 with value: 1.099292516708374.
LOCAL_RANK: 0 - CUDA_VISIBLE_DEVICES: [0]
[I 2023-11-30 05:20:32,202] Trial 54 finished with value: 2.551482677459717 and parameters: {'gradient_clip_val': 0.17719352256068568, 'hidden_size': 135, 'dropout': 0.22375258500114314, 'hidden_continuous_size': 21, 'attention_head_size': 1, 'learning_rate': 0.008132962889171076}. Best is trial 0 with value: 1.099292516708374.
LOCAL_RANK: 0 - CUDA_VISIBLE_DEVICES: [0]
[I 2023-11-30 05:20:45,648] Trial 55 finished with value: 2.16587233543396 and parameters: {'gradient_clip_val': 0.2747628735960644, 'hidden_size': 91, 'dropout': 0.16446893271177418, 'hidden_continuous_size': 18, 'attention_head_size': 1, 'learning_rate': 0.016062166059777543}. Best is trial 0 with value: 1.099292516708374.
LOCAL_RANK: 0 - CUDA_VISIBLE_DEVICES: [0]
[I 2023-11-30 05:20:59,082] Trial 56 finished with value: 1.7047420740127563 and parameters: {'gradient_clip_val': 0.2974959365063696, 'hidden_size': 70, 'dropout': 0.1934934077848399, 'hidden_continuous_size': 16, 'attention_head_size': 1, 'learning_rate': 0.011836909660763135}. Best is trial 0 with value: 1.099292516708374.
LOCAL_RANK: 0 - CUDA_VISIBLE_DEVICES: [0]
[I 2023-11-30 05:21:12,927] Trial 57 finished with value: 2.2133657932281494 and parameters: {'gradient_clip_val': 0.20045598529752628, 'hidden_size': 119, 'dropout': 0.18157068125551667, 'hidden_continuous_size': 31, 'attention_head_size': 1, 'learning_rate': 0.05065455415960178}. Best is trial 0 with value: 1.099292516708374.
LOCAL_RANK: 0 - CUDA_VISIBLE_DEVICES: [0]
[I 2023-11-30 05:21:26,584] Trial 58 finished with value: 1.1787341833114624 and parameters: {'gradient_clip_val': 0.21945025476223495, 'hidden_size': 101, 'dropout': 0.21429120983612912, 'hidden_continuous_size': 22, 'attention_head_size': 2, 'learning_rate': 0.020897945695980448}. Best is trial 0 with value: 1.099292516708374.
LOCAL_RANK: 0 - CUDA_VISIBLE_DEVICES: [0]
[I 2023-11-30 05:21:40,211] Trial 59 finished with value: 2.0134527683258057 and parameters: {'gradient_clip_val': 0.16341039209618213, 'hidden_size': 100, 'dropout': 0.21212897798828553, 'hidden_continuous_size': 27, 'attention_head_size': 2, 'learning_rate': 0.018587223671244213}. Best is trial 0 with value: 1.099292516708374.
LOCAL_RANK: 0 - CUDA_VISIBLE_DEVICES: [0]
[I 2023-11-30 05:21:54,389] Trial 60 finished with value: 2.0737287998199463 and parameters: {'gradient_clip_val': 0.2575932013625787, 'hidden_size': 138, 'dropout': 0.22772547057298703, 'hidden_continuous_size': 33, 'attention_head_size': 2, 'learning_rate': 0.02317448755505135}. Best is trial 0 with value: 1.099292516708374.
LOCAL_RANK: 0 - CUDA_VISIBLE_DEVICES: [0]
[I 2023-11-30 05:22:08,130] Trial 61 finished with value: 2.578871250152588 and parameters: {'gradient_clip_val': 0.2283479005904373, 'hidden_size': 86, 'dropout': 0.20385243192302682, 'hidden_continuous_size': 24, 'attention_head_size': 2, 'learning_rate': 0.013778505966970977}. Best is trial 0 with value: 1.099292516708374.
LOCAL_RANK: 0 - CUDA_VISIBLE_DEVICES: [0]
[I 2023-11-30 05:22:21,961] Trial 62 finished with value: 1.7456040382385254 and parameters: {'gradient_clip_val': 0.21114889984835544, 'hidden_size': 108, 'dropout': 0.23994731931892427, 'hidden_continuous_size': 22, 'attention_head_size': 3, 'learning_rate': 0.02721074417444767}. Best is trial 0 with value: 1.099292516708374.
LOCAL_RANK: 0 - CUDA_VISIBLE_DEVICES: [0]
[I 2023-11-30 05:22:35,695] Trial 63 finished with value: 1.8039888143539429 and parameters: {'gradient_clip_val': 0.3160325454939905, 'hidden_size': 119, 'dropout': 0.19006928864067407, 'hidden_continuous_size': 20, 'attention_head_size': 1, 'learning_rate': 0.01696673993377697}. Best is trial 0 with value: 1.099292516708374.
LOCAL_RANK: 0 - CUDA_VISIBLE_DEVICES: [0]
[I 2023-11-30 05:22:49,260] Trial 64 finished with value: 1.764857292175293 and parameters: {'gradient_clip_val': 0.24162179175623097, 'hidden_size': 77, 'dropout': 0.22137572987674645, 'hidden_continuous_size': 22, 'attention_head_size': 3, 'learning_rate': 0.020478686249054197}. Best is trial 0 with value: 1.099292516708374.
LOCAL_RANK: 0 - CUDA_VISIBLE_DEVICES: [0]
[I 2023-11-30 05:23:02,871] Trial 65 finished with value: 1.7588882446289062 and parameters: {'gradient_clip_val': 0.2778537935389085, 'hidden_size': 95, 'dropout': 0.17054525182979863, 'hidden_continuous_size': 26, 'attention_head_size': 1, 'learning_rate': 0.03596521320931582}. Best is trial 0 with value: 1.099292516708374.
LOCAL_RANK: 0 - CUDA_VISIBLE_DEVICES: [0]
[I 2023-11-30 05:23:16,998] Trial 66 finished with value: 1.9551715850830078 and parameters: {'gradient_clip_val': 0.22970845442897353, 'hidden_size': 117, 'dropout': 0.18053578505840698, 'hidden_continuous_size': 29, 'attention_head_size': 2, 'learning_rate': 0.011401821706248363}. Best is trial 0 with value: 1.099292516708374.
LOCAL_RANK: 0 - CUDA_VISIBLE_DEVICES: [0]
[I 2023-11-30 05:23:30,645] Trial 67 finished with value: 1.557647705078125 and parameters: {'gradient_clip_val': 0.19880225516365424, 'hidden_size': 89, 'dropout': 0.21094876578580068, 'hidden_continuous_size': 24, 'attention_head_size': 2, 'learning_rate': 0.00897596039743598}. Best is trial 0 with value: 1.099292516708374.
LOCAL_RANK: 0 - CUDA_VISIBLE_DEVICES: [0]
[I 2023-11-30 05:23:44,194] Trial 68 finished with value: 1.0379321575164795 and parameters: {'gradient_clip_val': 0.25135190092288384, 'hidden_size': 103, 'dropout': 0.15814491544892192, 'hidden_continuous_size': 18, 'attention_head_size': 1, 'learning_rate': 0.01674678498650415}. Best is trial 68 with value: 1.0379321575164795.
LOCAL_RANK: 0 - CUDA_VISIBLE_DEVICES: [0]
[I 2023-11-30 05:23:58,421] Trial 69 finished with value: 2.165159225463867 and parameters: {'gradient_clip_val': 0.2636627278957472, 'hidden_size': 140, 'dropout': 0.15586111854209067, 'hidden_continuous_size': 18, 'attention_head_size': 4, 'learning_rate': 0.01667429100046459}. Best is trial 68 with value: 1.0379321575164795.
LOCAL_RANK: 0 - CUDA_VISIBLE_DEVICES: [0]
[I 2023-11-30 05:24:12,249] Trial 70 finished with value: 1.5255756378173828 and parameters: {'gradient_clip_val': 0.3448405466005929, 'hidden_size': 124, 'dropout': 0.19843649987111656, 'hidden_continuous_size': 35, 'attention_head_size': 1, 'learning_rate': 0.02745817284089001}. Best is trial 68 with value: 1.0379321575164795.
LOCAL_RANK: 0 - CUDA_VISIBLE_DEVICES: [0]
[I 2023-11-30 05:24:26,029] Trial 71 finished with value: 0.9627227783203125 and parameters: {'gradient_clip_val': 0.21833478379341265, 'hidden_size': 105, 'dropout': 0.14014084743302763, 'hidden_continuous_size': 20, 'attention_head_size': 1, 'learning_rate': 0.02155924346312591}. Best is trial 71 with value: 0.9627227783203125.
LOCAL_RANK: 0 - CUDA_VISIBLE_DEVICES: [0]
[I 2023-11-30 05:24:39,566] Trial 72 finished with value: 2.0242464542388916 and parameters: {'gradient_clip_val': 0.24796340279137427, 'hidden_size': 94, 'dropout': 0.12516899969769127, 'hidden_continuous_size': 20, 'attention_head_size': 1, 'learning_rate': 0.02074726865263304}. Best is trial 71 with value: 0.9627227783203125.
LOCAL_RANK: 0 - CUDA_VISIBLE_DEVICES: [0]
[I 2023-11-30 05:24:53,193] Trial 73 finished with value: 2.1474690437316895 and parameters: {'gradient_clip_val': 0.3031666447362756, 'hidden_size': 106, 'dropout': 0.10269484170474454, 'hidden_continuous_size': 17, 'attention_head_size': 1, 'learning_rate': 0.014644309424672246}. Best is trial 71 with value: 0.9627227783203125.
LOCAL_RANK: 0 - CUDA_VISIBLE_DEVICES: [0]
[I 2023-11-30 05:25:06,703] Trial 74 finished with value: 1.4021142721176147 and parameters: {'gradient_clip_val': 0.28269276865502163, 'hidden_size': 102, 'dropout': 0.14746552255159384, 'hidden_continuous_size': 16, 'attention_head_size': 1, 'learning_rate': 0.022030004700556362}. Best is trial 71 with value: 0.9627227783203125.
LOCAL_RANK: 0 - CUDA_VISIBLE_DEVICES: [0]
[I 2023-11-30 05:25:20,732] Trial 75 finished with value: 1.396663784980774 and parameters: {'gradient_clip_val': 0.26087549590603926, 'hidden_size': 112, 'dropout': 0.14221329885842074, 'hidden_continuous_size': 81, 'attention_head_size': 1, 'learning_rate': 0.025730061628788263}. Best is trial 71 with value: 0.9627227783203125.
LOCAL_RANK: 0 - CUDA_VISIBLE_DEVICES: [0]
[I 2023-11-30 05:25:34,269] Trial 76 finished with value: 2.0114071369171143 and parameters: {'gradient_clip_val': 0.21536576446695202, 'hidden_size': 79, 'dropout': 0.16046693518118457, 'hidden_continuous_size': 19, 'attention_head_size': 1, 'learning_rate': 0.01776648778740024}. Best is trial 71 with value: 0.9627227783203125.
LOCAL_RANK: 0 - CUDA_VISIBLE_DEVICES: [0]
[I 2023-11-30 05:25:48,029] Trial 77 finished with value: 2.0876760482788086 and parameters: {'gradient_clip_val': 0.23730546025798774, 'hidden_size': 128, 'dropout': 0.131244085371236, 'hidden_continuous_size': 28, 'attention_head_size': 1, 'learning_rate': 0.012992222631340752}. Best is trial 71 with value: 0.9627227783203125.
LOCAL_RANK: 0 - CUDA_VISIBLE_DEVICES: [0]
[I 2023-11-30 05:26:01,667] Trial 78 finished with value: 1.3245104551315308 and parameters: {'gradient_clip_val': 0.1944053291058009, 'hidden_size': 101, 'dropout': 0.23059660881838795, 'hidden_continuous_size': 31, 'attention_head_size': 1, 'learning_rate': 0.0322031703166168}. Best is trial 71 with value: 0.9627227783203125.
LOCAL_RANK: 0 - CUDA_VISIBLE_DEVICES: [0]
[I 2023-11-30 05:26:15,824] Trial 79 finished with value: 1.8992475271224976 and parameters: {'gradient_clip_val': 0.2061439113379571, 'hidden_size': 142, 'dropout': 0.2201537712757672, 'hidden_continuous_size': 14, 'attention_head_size': 2, 'learning_rate': 0.041537214595053384}. Best is trial 71 with value: 0.9627227783203125.
LOCAL_RANK: 0 - CUDA_VISIBLE_DEVICES: [0]
[I 2023-11-30 05:26:29,534] Trial 80 finished with value: 1.9448881149291992 and parameters: {'gradient_clip_val': 0.276007448372797, 'hidden_size': 116, 'dropout': 0.17691300511086877, 'hidden_continuous_size': 26, 'attention_head_size': 1, 'learning_rate': 0.020972855667441306}. Best is trial 71 with value: 0.9627227783203125.
LOCAL_RANK: 0 - CUDA_VISIBLE_DEVICES: [0]
[I 2023-11-30 05:26:43,264] Trial 81 finished with value: 2.091794729232788 and parameters: {'gradient_clip_val': 0.1896002234907268, 'hidden_size': 100, 'dropout': 0.23182679576610676, 'hidden_continuous_size': 31, 'attention_head_size': 1, 'learning_rate': 0.030230309363359503}. Best is trial 71 with value: 0.9627227783203125.
LOCAL_RANK: 0 - CUDA_VISIBLE_DEVICES: [0]
[I 2023-11-30 05:26:56,726] Trial 82 finished with value: 1.5770682096481323 and parameters: {'gradient_clip_val': 0.17353555299133153, 'hidden_size': 82, 'dropout': 0.21322794689486632, 'hidden_continuous_size': 23, 'attention_head_size': 1, 'learning_rate': 0.018275791821524022}. Best is trial 71 with value: 0.9627227783203125.
LOCAL_RANK: 0 - CUDA_VISIBLE_DEVICES: [0]
[I 2023-11-30 05:27:10,358] Trial 83 finished with value: 1.8176769018173218 and parameters: {'gradient_clip_val': 0.19674373367837633, 'hidden_size': 105, 'dropout': 0.2488133372157551, 'hidden_continuous_size': 21, 'attention_head_size': 1, 'learning_rate': 0.024068632436325385}. Best is trial 71 with value: 0.9627227783203125.
LOCAL_RANK: 0 - CUDA_VISIBLE_DEVICES: [0]
