[I 2023-11-30 14:21:51,558] Trial 56 finished with value: 0.07814758270978928 and parameters: {'gradient_clip_val': 0.5412378240168999, 'hidden_size': 69, 'dropout': 0.1882923833837095, 'hidden_continuous_size': 28, 'attention_head_size': 4, 'learning_rate': 0.031842255655734356}. Best is trial 47 with value: 0.07451263815164566.
LOCAL_RANK: 0 - CUDA_VISIBLE_DEVICES: [0]
[I 2023-11-30 14:22:06,868] Trial 57 finished with value: 0.2633807063102722 and parameters: {'gradient_clip_val': 0.5774652849262816, 'hidden_size': 74, 'dropout': 0.19623519876953108, 'hidden_continuous_size': 29, 'attention_head_size': 4, 'learning_rate': 0.02376031143099851}. Best is trial 47 with value: 0.07451263815164566.
LOCAL_RANK: 0 - CUDA_VISIBLE_DEVICES: [0]
[I 2023-11-30 14:22:21,982] Trial 58 finished with value: 0.10907641053199768 and parameters: {'gradient_clip_val': 0.5205382145614121, 'hidden_size': 62, 'dropout': 0.18794610245506804, 'hidden_continuous_size': 24, 'attention_head_size': 4, 'learning_rate': 0.036272703092500254}. Best is trial 47 with value: 0.07451263815164566.
LOCAL_RANK: 0 - CUDA_VISIBLE_DEVICES: [0]
[I 2023-11-30 14:22:37,925] Trial 59 finished with value: 0.0925893783569336 and parameters: {'gradient_clip_val': 0.603722006131796, 'hidden_size': 81, 'dropout': 0.2152480772985979, 'hidden_continuous_size': 31, 'attention_head_size': 4, 'learning_rate': 0.032872283467917325}. Best is trial 47 with value: 0.07451263815164566.
LOCAL_RANK: 0 - CUDA_VISIBLE_DEVICES: [0]
[I 2023-11-30 14:22:52,928] Trial 60 finished with value: 0.21363461017608643 and parameters: {'gradient_clip_val': 0.45394625910888614, 'hidden_size': 65, 'dropout': 0.17007384659822217, 'hidden_continuous_size': 25, 'attention_head_size': 2, 'learning_rate': 0.019765869648632063}. Best is trial 47 with value: 0.07451263815164566.
LOCAL_RANK: 0 - CUDA_VISIBLE_DEVICES: [0]
[I 2023-11-30 14:23:07,096] Trial 61 finished with value: 0.07154036313295364 and parameters: {'gradient_clip_val': 0.4876519731595684, 'hidden_size': 44, 'dropout': 0.132220241680317, 'hidden_continuous_size': 22, 'attention_head_size': 4, 'learning_rate': 0.048770903538646285}. Best is trial 61 with value: 0.07154036313295364.
LOCAL_RANK: 0 - CUDA_VISIBLE_DEVICES: [0]
[I 2023-11-30 14:23:21,905] Trial 62 finished with value: 0.09161853790283203 and parameters: {'gradient_clip_val': 0.5337602129959257, 'hidden_size': 56, 'dropout': 0.13478605549357256, 'hidden_continuous_size': 22, 'attention_head_size': 4, 'learning_rate': 0.030584380366392508}. Best is trial 61 with value: 0.07154036313295364.
LOCAL_RANK: 0 - CUDA_VISIBLE_DEVICES: [0]
[I 2023-11-30 14:23:36,286] Trial 63 finished with value: 0.21587561070919037 and parameters: {'gradient_clip_val': 0.4726079319604741, 'hidden_size': 48, 'dropout': 0.16715134229023784, 'hidden_continuous_size': 23, 'attention_head_size': 4, 'learning_rate': 0.037256902427881114}. Best is trial 61 with value: 0.07154036313295364.
LOCAL_RANK: 0 - CUDA_VISIBLE_DEVICES: [0]
[I 2023-11-30 14:23:51,108] Trial 64 finished with value: 0.14813439548015594 and parameters: {'gradient_clip_val': 0.42091691986889945, 'hidden_size': 41, 'dropout': 0.14708818626228184, 'hidden_continuous_size': 21, 'attention_head_size': 4, 'learning_rate': 0.045707893761055926}. Best is trial 61 with value: 0.07154036313295364.
LOCAL_RANK: 0 - CUDA_VISIBLE_DEVICES: [0]
[I 2023-11-30 14:24:04,656] Trial 65 finished with value: 0.2937663793563843 and parameters: {'gradient_clip_val': 0.4890115144932365, 'hidden_size': 50, 'dropout': 0.16057650138428925, 'hidden_continuous_size': 27, 'attention_head_size': 3, 'learning_rate': 0.02578721113047085}. Best is trial 61 with value: 0.07154036313295364.
LOCAL_RANK: 0 - CUDA_VISIBLE_DEVICES: [0]
[I 2023-11-30 14:24:18,319] Trial 66 finished with value: 0.11464596539735794 and parameters: {'gradient_clip_val': 0.6079757920812643, 'hidden_size': 39, 'dropout': 0.1273611018932352, 'hidden_continuous_size': 18, 'attention_head_size': 4, 'learning_rate': 0.05434493402393153}. Best is trial 61 with value: 0.07154036313295364.
LOCAL_RANK: 0 - CUDA_VISIBLE_DEVICES: [0]
[I 2023-11-30 14:24:33,186] Trial 67 finished with value: 0.11182091385126114 and parameters: {'gradient_clip_val': 0.5559068131308728, 'hidden_size': 69, 'dropout': 0.18078787026779472, 'hidden_continuous_size': 16, 'attention_head_size': 4, 'learning_rate': 0.03830714458762248}. Best is trial 61 with value: 0.07154036313295364.
LOCAL_RANK: 0 - CUDA_VISIBLE_DEVICES: [0]
[I 2023-11-30 14:24:47,745] Trial 68 finished with value: 0.07893345504999161 and parameters: {'gradient_clip_val': 0.44482749051381776, 'hidden_size': 55, 'dropout': 0.14683382429946326, 'hidden_continuous_size': 24, 'attention_head_size': 3, 'learning_rate': 0.05987773752985991}. Best is trial 61 with value: 0.07154036313295364.
LOCAL_RANK: 0 - CUDA_VISIBLE_DEVICES: [0]
[I 2023-11-30 14:25:02,054] Trial 69 finished with value: 0.15859346091747284 and parameters: {'gradient_clip_val': 0.43971107016625555, 'hidden_size': 55, 'dropout': 0.14480868001107697, 'hidden_continuous_size': 24, 'attention_head_size': 3, 'learning_rate': 0.048344678225904915}. Best is trial 61 with value: 0.07154036313295364.
LOCAL_RANK: 0 - CUDA_VISIBLE_DEVICES: [0]
[I 2023-11-30 14:25:16,071] Trial 70 finished with value: 0.12679944932460785 and parameters: {'gradient_clip_val': 0.4668373498691073, 'hidden_size': 61, 'dropout': 0.16234131275759184, 'hidden_continuous_size': 29, 'attention_head_size': 3, 'learning_rate': 0.06282450692698176}. Best is trial 61 with value: 0.07154036313295364.
LOCAL_RANK: 0 - CUDA_VISIBLE_DEVICES: [0]
[I 2023-11-30 14:25:29,796] Trial 71 finished with value: 0.1024261936545372 and parameters: {'gradient_clip_val': 0.39509860804313374, 'hidden_size': 44, 'dropout': 0.13254252226141863, 'hidden_continuous_size': 22, 'attention_head_size': 3, 'learning_rate': 0.05805478977769843}. Best is trial 61 with value: 0.07154036313295364.
LOCAL_RANK: 0 - CUDA_VISIBLE_DEVICES: [0]
[I 2023-11-30 14:25:44,003] Trial 72 finished with value: 0.1506141871213913 and parameters: {'gradient_clip_val': 0.5375514719426194, 'hidden_size': 53, 'dropout': 0.14324017690855328, 'hidden_continuous_size': 25, 'attention_head_size': 4, 'learning_rate': 0.041003520168334924}. Best is trial 61 with value: 0.07154036313295364.
LOCAL_RANK: 0 - CUDA_VISIBLE_DEVICES: [0]
[I 2023-11-30 14:25:57,988] Trial 73 finished with value: 0.12612460553646088 and parameters: {'gradient_clip_val': 0.36876816759372544, 'hidden_size': 48, 'dropout': 0.15417457132303025, 'hidden_continuous_size': 23, 'attention_head_size': 2, 'learning_rate': 0.04875974128033897}. Best is trial 61 with value: 0.07154036313295364.
LOCAL_RANK: 0 - CUDA_VISIBLE_DEVICES: [0]
[I 2023-11-30 14:26:12,318] Trial 74 finished with value: 0.11398597806692123 and parameters: {'gradient_clip_val': 0.4177153425200276, 'hidden_size': 35, 'dropout': 0.10829253644278403, 'hidden_continuous_size': 21, 'attention_head_size': 3, 'learning_rate': 0.03233897222712685}. Best is trial 61 with value: 0.07154036313295364.
LOCAL_RANK: 0 - CUDA_VISIBLE_DEVICES: [0]
[I 2023-11-30 14:26:26,133] Trial 75 finished with value: 0.10559330135583878 and parameters: {'gradient_clip_val': 0.4926964946700939, 'hidden_size': 38, 'dropout': 0.12301711759604896, 'hidden_continuous_size': 26, 'attention_head_size': 3, 'learning_rate': 0.06747584917841941}. Best is trial 61 with value: 0.07154036313295364.
LOCAL_RANK: 0 - CUDA_VISIBLE_DEVICES: [0]
[I 2023-11-30 14:26:40,010] Trial 76 finished with value: 0.11356312036514282 and parameters: {'gradient_clip_val': 0.44927171212253, 'hidden_size': 57, 'dropout': 0.1345944338465036, 'hidden_continuous_size': 24, 'attention_head_size': 4, 'learning_rate': 0.05411449900009041}. Best is trial 61 with value: 0.07154036313295364.
LOCAL_RANK: 0 - CUDA_VISIBLE_DEVICES: [0]
[I 2023-11-30 14:26:53,823] Trial 77 finished with value: 0.19697816669940948 and parameters: {'gradient_clip_val': 0.515707978075545, 'hidden_size': 44, 'dropout': 0.12454230765973069, 'hidden_continuous_size': 19, 'attention_head_size': 2, 'learning_rate': 0.02847268145623026}. Best is trial 61 with value: 0.07154036313295364.
LOCAL_RANK: 0 - CUDA_VISIBLE_DEVICES: [0]
[I 2023-11-30 14:27:08,135] Trial 78 finished with value: 0.13299840688705444 and parameters: {'gradient_clip_val': 0.3964366123446623, 'hidden_size': 52, 'dropout': 0.1487389902775147, 'hidden_continuous_size': 22, 'attention_head_size': 1, 'learning_rate': 0.042366900918079584}. Best is trial 61 with value: 0.07154036313295364.
LOCAL_RANK: 0 - CUDA_VISIBLE_DEVICES: [0]
[I 2023-11-30 14:27:22,343] Trial 79 finished with value: 0.07257785648107529 and parameters: {'gradient_clip_val': 0.37743536843246245, 'hidden_size': 40, 'dropout': 0.17209073572690153, 'hidden_continuous_size': 17, 'attention_head_size': 3, 'learning_rate': 0.08152368457127768}. Best is trial 61 with value: 0.07154036313295364.
LOCAL_RANK: 0 - CUDA_VISIBLE_DEVICES: [0]
[I 2023-11-30 14:27:35,658] Trial 80 finished with value: 0.17220598459243774 and parameters: {'gradient_clip_val': 0.37347933416258966, 'hidden_size': 40, 'dropout': 0.17224392480309944, 'hidden_continuous_size': 18, 'attention_head_size': 3, 'learning_rate': 0.07976346895992653}. Best is trial 61 with value: 0.07154036313295364.
LOCAL_RANK: 0 - CUDA_VISIBLE_DEVICES: [0]
[I 2023-11-30 14:27:49,797] Trial 81 finished with value: 0.08820787072181702 and parameters: {'gradient_clip_val': 0.435352360486996, 'hidden_size': 45, 'dropout': 0.16405778405797627, 'hidden_continuous_size': 17, 'attention_head_size': 3, 'learning_rate': 0.06113085154169951}. Best is trial 61 with value: 0.07154036313295364.
LOCAL_RANK: 0 - CUDA_VISIBLE_DEVICES: [0]
[I 2023-11-30 14:28:03,804] Trial 82 finished with value: 0.32701635360717773 and parameters: {'gradient_clip_val': 0.46775563788191865, 'hidden_size': 50, 'dropout': 0.13685990949223903, 'hidden_continuous_size': 16, 'attention_head_size': 3, 'learning_rate': 0.07145421277864239}. Best is trial 61 with value: 0.07154036313295364.
LOCAL_RANK: 0 - CUDA_VISIBLE_DEVICES: [0]
[I 2023-11-30 14:28:17,911] Trial 83 finished with value: 0.08599960058927536 and parameters: {'gradient_clip_val': 0.3850508494426251, 'hidden_size': 42, 'dropout': 0.15238103101475103, 'hidden_continuous_size': 19, 'attention_head_size': 3, 'learning_rate': 0.06592860008779342}. Best is trial 61 with value: 0.07154036313295364.
LOCAL_RANK: 0 - CUDA_VISIBLE_DEVICES: [0]
[I 2023-11-30 14:28:31,666] Trial 84 finished with value: 0.14423437416553497 and parameters: {'gradient_clip_val': 0.3496402218739958, 'hidden_size': 33, 'dropout': 0.18592080117483073, 'hidden_continuous_size': 20, 'attention_head_size': 1, 'learning_rate': 0.05071240446277299}. Best is trial 61 with value: 0.07154036313295364.
LOCAL_RANK: 0 - CUDA_VISIBLE_DEVICES: [0]
[I 2023-11-30 14:28:45,384] Trial 85 finished with value: 0.0991109237074852 and parameters: {'gradient_clip_val': 0.4147245997214834, 'hidden_size': 59, 'dropout': 0.10781546747693796, 'hidden_continuous_size': 23, 'attention_head_size': 1, 'learning_rate': 0.08125361893316069}. Best is trial 61 with value: 0.07154036313295364.
LOCAL_RANK: 0 - CUDA_VISIBLE_DEVICES: [0]
[I 2023-11-30 14:28:58,690] Trial 86 finished with value: 0.14211569726467133 and parameters: {'gradient_clip_val': 0.5012998962282792, 'hidden_size': 36, 'dropout': 0.12285195324351614, 'hidden_continuous_size': 17, 'attention_head_size': 3, 'learning_rate': 0.047276078259859355}. Best is trial 61 with value: 0.07154036313295364.
LOCAL_RANK: 0 - CUDA_VISIBLE_DEVICES: [0]
[I 2023-11-30 14:29:12,641] Trial 87 finished with value: 0.1166132465004921 and parameters: {'gradient_clip_val': 0.35781829406081456, 'hidden_size': 49, 'dropout': 0.138081024249781, 'hidden_continuous_size': 21, 'attention_head_size': 4, 'learning_rate': 0.05667943722378034}. Best is trial 61 with value: 0.07154036313295364.
LOCAL_RANK: 0 - CUDA_VISIBLE_DEVICES: [0]
[I 2023-11-30 14:29:26,392] Trial 88 finished with value: 0.09407299757003784 and parameters: {'gradient_clip_val': 0.4327342091310162, 'hidden_size': 39, 'dropout': 0.1474489066879937, 'hidden_continuous_size': 20, 'attention_head_size': 2, 'learning_rate': 0.08713066807628239}. Best is trial 61 with value: 0.07154036313295364.
LOCAL_RANK: 0 - CUDA_VISIBLE_DEVICES: [0]
[I 2023-11-30 14:29:40,075] Trial 89 finished with value: 0.11840706318616867 and parameters: {'gradient_clip_val': 0.3368409847289732, 'hidden_size': 46, 'dropout': 0.16036166431097756, 'hidden_continuous_size': 26, 'attention_head_size': 1, 'learning_rate': 0.033957849421429764}. Best is trial 61 with value: 0.07154036313295364.
LOCAL_RANK: 0 - CUDA_VISIBLE_DEVICES: [0]
[I 2023-11-30 14:29:53,352] Trial 90 finished with value: 0.12966729700565338 and parameters: {'gradient_clip_val': 0.38205498352338235, 'hidden_size': 56, 'dropout': 0.17284618542250313, 'hidden_continuous_size': 15, 'attention_head_size': 1, 'learning_rate': 0.07254013278939253}. Best is trial 61 with value: 0.07154036313295364.
LOCAL_RANK: 0 - CUDA_VISIBLE_DEVICES: [0]
[I 2023-11-30 14:30:07,087] Trial 91 finished with value: 0.15551118552684784 and parameters: {'gradient_clip_val': 0.391760265112736, 'hidden_size': 43, 'dropout': 0.1534032298157233, 'hidden_continuous_size': 19, 'attention_head_size': 3, 'learning_rate': 0.06633751933935325}. Best is trial 61 with value: 0.07154036313295364.
LOCAL_RANK: 0 - CUDA_VISIBLE_DEVICES: [0]
[I 2023-11-30 14:30:20,920] Trial 92 finished with value: 0.0956982746720314 and parameters: {'gradient_clip_val': 0.4681866205512587, 'hidden_size': 41, 'dropout': 0.15136355450286332, 'hidden_continuous_size': 19, 'attention_head_size': 3, 'learning_rate': 0.0623237111995447}. Best is trial 61 with value: 0.07154036313295364.
LOCAL_RANK: 0 - CUDA_VISIBLE_DEVICES: [0]
[I 2023-11-30 14:30:34,750] Trial 93 finished with value: 0.09353452920913696 and parameters: {'gradient_clip_val': 0.3274102923996584, 'hidden_size': 42, 'dropout': 0.1405676948891501, 'hidden_continuous_size': 21, 'attention_head_size': 3, 'learning_rate': 0.03838522881821037}. Best is trial 61 with value: 0.07154036313295364.
LOCAL_RANK: 0 - CUDA_VISIBLE_DEVICES: [0]
[I 2023-11-30 14:30:48,158] Trial 94 finished with value: 0.10286474227905273 and parameters: {'gradient_clip_val': 0.3553863207312113, 'hidden_size': 30, 'dropout': 0.13164851768165572, 'hidden_continuous_size': 18, 'attention_head_size': 3, 'learning_rate': 0.05170201966460648}. Best is trial 61 with value: 0.07154036313295364.
LOCAL_RANK: 0 - CUDA_VISIBLE_DEVICES: [0]
[I 2023-11-30 14:31:01,717] Trial 95 finished with value: 0.08826886862516403 and parameters: {'gradient_clip_val': 0.40200976489957085, 'hidden_size': 36, 'dropout': 0.17973506876003245, 'hidden_continuous_size': 20, 'attention_head_size': 3, 'learning_rate': 0.0988700207045986}. Best is trial 61 with value: 0.07154036313295364.
LOCAL_RANK: 0 - CUDA_VISIBLE_DEVICES: [0]
[I 2023-11-30 14:31:15,907] Trial 96 finished with value: 0.07676953077316284 and parameters: {'gradient_clip_val': 0.440419458826441, 'hidden_size': 47, 'dropout': 0.15571625976026188, 'hidden_continuous_size': 22, 'attention_head_size': 1, 'learning_rate': 0.08382592527659985}. Best is trial 61 with value: 0.07154036313295364.
LOCAL_RANK: 0 - CUDA_VISIBLE_DEVICES: [0]
[I 2023-11-30 14:31:29,997] Trial 97 finished with value: 0.11619941145181656 and parameters: {'gradient_clip_val': 0.5187475504360993, 'hidden_size': 62, 'dropout': 0.1666701576067158, 'hidden_continuous_size': 25, 'attention_head_size': 1, 'learning_rate': 0.08563220604802774}. Best is trial 61 with value: 0.07154036313295364.
LOCAL_RANK: 0 - CUDA_VISIBLE_DEVICES: [0]
[I 2023-11-30 14:31:43,311] Trial 98 finished with value: 0.12605617940425873 and parameters: {'gradient_clip_val': 0.4387969232274503, 'hidden_size': 46, 'dropout': 0.12146455541467419, 'hidden_continuous_size': 22, 'attention_head_size': 1, 'learning_rate': 0.08283145744354771}. Best is trial 61 with value: 0.07154036313295364.
LOCAL_RANK: 0 - CUDA_VISIBLE_DEVICES: [0]
[I 2023-11-30 14:31:57,617] Trial 99 finished with value: 0.13384099304676056 and parameters: {'gradient_clip_val': 0.5510172899049404, 'hidden_size': 53, 'dropout': 0.10764045170503425, 'hidden_continuous_size': 24, 'attention_head_size': 1, 'learning_rate': 0.0572768027997525}. Best is trial 61 with value: 0.07154036313295364.
LOCAL_RANK: 0 - CUDA_VISIBLE_DEVICES: [0]
[I 2023-11-30 14:32:11,047] Trial 100 finished with value: 0.11483567953109741 and parameters: {'gradient_clip_val': 0.4548095956503542, 'hidden_size': 38, 'dropout': 0.15626142387098196, 'hidden_continuous_size': 22, 'attention_head_size': 1, 'learning_rate': 0.07496402361459534}. Best is trial 61 with value: 0.07154036313295364.
LOCAL_RANK: 0 - CUDA_VISIBLE_DEVICES: [0]
[I 2023-11-30 14:32:25,113] Trial 101 finished with value: 0.10294581204652786 and parameters: {'gradient_clip_val': 0.4796124476403669, 'hidden_size': 50, 'dropout': 0.14448050559852385, 'hidden_continuous_size': 21, 'attention_head_size': 1, 'learning_rate': 0.06833852568244694}. Best is trial 61 with value: 0.07154036313295364.
LOCAL_RANK: 0 - CUDA_VISIBLE_DEVICES: [0]
[I 2023-11-30 14:32:39,136] Trial 102 finished with value: 0.12087709456682205 and parameters: {'gradient_clip_val': 0.37604828014279856, 'hidden_size': 44, 'dropout': 0.127643293961696, 'hidden_continuous_size': 19, 'attention_head_size': 4, 'learning_rate': 0.04352598159863603}. Best is trial 61 with value: 0.07154036313295364.
LOCAL_RANK: 0 - CUDA_VISIBLE_DEVICES: [0]
[I 2023-11-30 14:32:52,987] Trial 103 finished with value: 0.15899281203746796 and parameters: {'gradient_clip_val': 0.41891497315615767, 'hidden_size': 41, 'dropout': 0.15704656737204048, 'hidden_continuous_size': 20, 'attention_head_size': 1, 'learning_rate': 0.05923506240959767}. Best is trial 61 with value: 0.07154036313295364.
LOCAL_RANK: 0 - CUDA_VISIBLE_DEVICES: [0]
[I 2023-11-30 14:33:06,569] Trial 104 finished with value: 0.08273958414793015 and parameters: {'gradient_clip_val': 0.4934682194415984, 'hidden_size': 48, 'dropout': 0.13945402035131155, 'hidden_continuous_size': 21, 'attention_head_size': 3, 'learning_rate': 0.04751161097013614}. Best is trial 61 with value: 0.07154036313295364.
LOCAL_RANK: 0 - CUDA_VISIBLE_DEVICES: [0]
[I 2023-11-30 14:33:20,398] Trial 105 finished with value: 0.09969425946474075 and parameters: {'gradient_clip_val': 0.4886979037466464, 'hidden_size': 48, 'dropout': 0.13840689793344058, 'hidden_continuous_size': 23, 'attention_head_size': 1, 'learning_rate': 0.046186841208475826}. Best is trial 61 with value: 0.07154036313295364.
LOCAL_RANK: 0 - CUDA_VISIBLE_DEVICES: [0]
[I 2023-11-30 14:33:33,603] Trial 106 finished with value: 0.17473793029785156 and parameters: {'gradient_clip_val': 0.5797458414417482, 'hidden_size': 54, 'dropout': 0.11776649939228138, 'hidden_continuous_size': 22, 'attention_head_size': 4, 'learning_rate': 0.04121110716976644}. Best is trial 61 with value: 0.07154036313295364.
LOCAL_RANK: 0 - CUDA_VISIBLE_DEVICES: [0]
[I 2023-11-30 14:33:47,307] Trial 107 finished with value: 0.2034245729446411 and parameters: {'gradient_clip_val': 0.5242007950122003, 'hidden_size': 66, 'dropout': 0.12798276324058203, 'hidden_continuous_size': 24, 'attention_head_size': 3, 'learning_rate': 0.03572779005955507}. Best is trial 61 with value: 0.07154036313295364.
LOCAL_RANK: 0 - CUDA_VISIBLE_DEVICES: [0]
[I 2023-11-30 14:34:00,155] Trial 108 finished with value: 0.16246813535690308 and parameters: {'gradient_clip_val': 0.454672582656227, 'hidden_size': 34, 'dropout': 0.14844511364484744, 'hidden_continuous_size': 21, 'attention_head_size': 2, 'learning_rate': 0.052444330318319514}. Best is trial 61 with value: 0.07154036313295364.
LOCAL_RANK: 0 - CUDA_VISIBLE_DEVICES: [0]
[I 2023-11-30 14:34:13,470] Trial 109 finished with value: 0.0830383449792862 and parameters: {'gradient_clip_val': 0.49935639645362845, 'hidden_size': 59, 'dropout': 0.16578489744376326, 'hidden_continuous_size': 28, 'attention_head_size': 1, 'learning_rate': 0.049747934647032796}. Best is trial 61 with value: 0.07154036313295364.
LOCAL_RANK: 0 - CUDA_VISIBLE_DEVICES: [0]
[I 2023-11-30 14:34:26,865] Trial 110 finished with value: 0.15132968127727509 and parameters: {'gradient_clip_val': 0.5086859579127091, 'hidden_size': 55, 'dropout': 0.176663125696495, 'hidden_continuous_size': 28, 'attention_head_size': 3, 'learning_rate': 0.029897810060461813}. Best is trial 61 with value: 0.07154036313295364.
LOCAL_RANK: 0 - CUDA_VISIBLE_DEVICES: [0]
[I 2023-11-30 14:34:40,079] Trial 111 finished with value: 0.1143890991806984 and parameters: {'gradient_clip_val': 0.432198202521185, 'hidden_size': 59, 'dropout': 0.1666795144816342, 'hidden_continuous_size': 31, 'attention_head_size': 1, 'learning_rate': 0.04824572997335981}. Best is trial 61 with value: 0.07154036313295364.
LOCAL_RANK: 0 - CUDA_VISIBLE_DEVICES: [0]
[I 2023-11-30 14:34:53,383] Trial 112 finished with value: 0.07339391112327576 and parameters: {'gradient_clip_val': 0.4895300005094506, 'hidden_size': 51, 'dropout': 0.14240419353508885, 'hidden_continuous_size': 27, 'attention_head_size': 1, 'learning_rate': 0.039395457714243236}. Best is trial 61 with value: 0.07154036313295364.
LOCAL_RANK: 0 - CUDA_VISIBLE_DEVICES: [0]
[I 2023-11-30 14:35:06,362] Trial 113 finished with value: 0.15374353528022766 and parameters: {'gradient_clip_val': 0.5465498634361744, 'hidden_size': 50, 'dropout': 0.19067069026977085, 'hidden_continuous_size': 27, 'attention_head_size': 1, 'learning_rate': 0.038054525296476814}. Best is trial 61 with value: 0.07154036313295364.
LOCAL_RANK: 0 - CUDA_VISIBLE_DEVICES: [0]
