[I 2023-11-30 09:49:06,520] Trial 40 finished with value: 0.0823957696557045 and parameters: {'gradient_clip_val': 0.19436842863594733, 'hidden_size': 103, 'dropout': 0.32190747973242734, 'hidden_continuous_size': 43, 'attention_head_size': 4, 'learning_rate': 0.020387001464893535}. Best is trial 30 with value: 0.06755583733320236.
LOCAL_RANK: 0 - CUDA_VISIBLE_DEVICES: [0]
[I 2023-11-30 09:49:19,498] Trial 41 finished with value: 0.0829988494515419 and parameters: {'gradient_clip_val': 0.28116901614255124, 'hidden_size': 53, 'dropout': 0.24729434335592287, 'hidden_continuous_size': 22, 'attention_head_size': 4, 'learning_rate': 0.07459433385984739}. Best is trial 30 with value: 0.06755583733320236.
LOCAL_RANK: 0 - CUDA_VISIBLE_DEVICES: [0]
[I 2023-11-30 09:49:32,644] Trial 42 finished with value: 0.07379748672246933 and parameters: {'gradient_clip_val': 0.3124196260274904, 'hidden_size': 52, 'dropout': 0.2779287586669655, 'hidden_continuous_size': 20, 'attention_head_size': 4, 'learning_rate': 0.07372673419857827}. Best is trial 30 with value: 0.06755583733320236.
LOCAL_RANK: 0 - CUDA_VISIBLE_DEVICES: [0]
[I 2023-11-30 09:49:45,968] Trial 43 finished with value: 0.06638550013303757 and parameters: {'gradient_clip_val': 0.3280943921345805, 'hidden_size': 62, 'dropout': 0.2796264035488789, 'hidden_continuous_size': 19, 'attention_head_size': 4, 'learning_rate': 0.04872096640492065}. Best is trial 43 with value: 0.06638550013303757.
LOCAL_RANK: 0 - CUDA_VISIBLE_DEVICES: [0]
[I 2023-11-30 09:49:59,484] Trial 44 finished with value: 0.09327063709497452 and parameters: {'gradient_clip_val': 0.3125698084890097, 'hidden_size': 63, 'dropout': 0.27560170374615595, 'hidden_continuous_size': 18, 'attention_head_size': 4, 'learning_rate': 0.048685839478214456}. Best is trial 43 with value: 0.06638550013303757.
LOCAL_RANK: 0 - CUDA_VISIBLE_DEVICES: [0]
[I 2023-11-30 09:50:13,089] Trial 45 finished with value: 0.10836557298898697 and parameters: {'gradient_clip_val': 0.38963554635563175, 'hidden_size': 78, 'dropout': 0.30376651869942395, 'hidden_continuous_size': 20, 'attention_head_size': 4, 'learning_rate': 0.04037223457594883}. Best is trial 43 with value: 0.06638550013303757.
LOCAL_RANK: 0 - CUDA_VISIBLE_DEVICES: [0]
[I 2023-11-30 09:50:25,993] Trial 46 finished with value: 0.11404059082269669 and parameters: {'gradient_clip_val': 0.23103068863634968, 'hidden_size': 43, 'dropout': 0.2534278104507698, 'hidden_continuous_size': 18, 'attention_head_size': 3, 'learning_rate': 0.09996975642759179}. Best is trial 43 with value: 0.06638550013303757.
LOCAL_RANK: 0 - CUDA_VISIBLE_DEVICES: [0]
[I 2023-11-30 09:50:39,876] Trial 47 finished with value: 0.11098116636276245 and parameters: {'gradient_clip_val': 0.32925616516083267, 'hidden_size': 90, 'dropout': 0.2645052195216841, 'hidden_continuous_size': 32, 'attention_head_size': 4, 'learning_rate': 0.030333618098585615}. Best is trial 43 with value: 0.06638550013303757.
LOCAL_RANK: 0 - CUDA_VISIBLE_DEVICES: [0]
[I 2023-11-30 09:50:53,837] Trial 48 finished with value: 0.13336724042892456 and parameters: {'gradient_clip_val': 0.215362908091083, 'hidden_size': 129, 'dropout': 0.22623664792581955, 'hidden_continuous_size': 15, 'attention_head_size': 1, 'learning_rate': 0.05505325938401478}. Best is trial 43 with value: 0.06638550013303757.
LOCAL_RANK: 0 - CUDA_VISIBLE_DEVICES: [0]
[I 2023-11-30 09:51:07,534] Trial 49 finished with value: 0.059285968542099 and parameters: {'gradient_clip_val': 0.46253627613291254, 'hidden_size': 74, 'dropout': 0.2853063236970646, 'hidden_continuous_size': 23, 'attention_head_size': 3, 'learning_rate': 0.07953025892374153}. Best is trial 49 with value: 0.059285968542099.
LOCAL_RANK: 0 - CUDA_VISIBLE_DEVICES: [0]
[I 2023-11-30 09:51:21,496] Trial 50 finished with value: 0.11695960909128189 and parameters: {'gradient_clip_val': 0.5066227076499498, 'hidden_size': 113, 'dropout': 0.281260958444309, 'hidden_continuous_size': 22, 'attention_head_size': 3, 'learning_rate': 0.03706453375025871}. Best is trial 49 with value: 0.059285968542099.
LOCAL_RANK: 0 - CUDA_VISIBLE_DEVICES: [0]
[I 2023-11-30 09:51:35,229] Trial 51 finished with value: 0.13458168506622314 and parameters: {'gradient_clip_val': 0.46156387783011, 'hidden_size': 73, 'dropout': 0.26831937849729354, 'hidden_continuous_size': 26, 'attention_head_size': 4, 'learning_rate': 0.07908306137771512}. Best is trial 49 with value: 0.059285968542099.
LOCAL_RANK: 0 - CUDA_VISIBLE_DEVICES: [0]
[I 2023-11-30 09:51:49,639] Trial 52 finished with value: 0.09374832361936569 and parameters: {'gradient_clip_val': 0.38827314408639335, 'hidden_size': 150, 'dropout': 0.29097466676360395, 'hidden_continuous_size': 30, 'attention_head_size': 3, 'learning_rate': 0.06794399587686328}. Best is trial 49 with value: 0.059285968542099.
LOCAL_RANK: 0 - CUDA_VISIBLE_DEVICES: [0]
[I 2023-11-30 09:52:03,144] Trial 53 finished with value: 0.09505341202020645 and parameters: {'gradient_clip_val': 0.5795369763926543, 'hidden_size': 61, 'dropout': 0.30543277345683906, 'hidden_continuous_size': 23, 'attention_head_size': 4, 'learning_rate': 0.08189391499028896}. Best is trial 49 with value: 0.059285968542099.
LOCAL_RANK: 0 - CUDA_VISIBLE_DEVICES: [0]
[I 2023-11-30 09:52:17,008] Trial 54 finished with value: 0.07383108884096146 and parameters: {'gradient_clip_val': 0.7730336200722088, 'hidden_size': 89, 'dropout': 0.2585753372063862, 'hidden_continuous_size': 26, 'attention_head_size': 2, 'learning_rate': 0.06921302595786452}. Best is trial 49 with value: 0.059285968542099.
LOCAL_RANK: 0 - CUDA_VISIBLE_DEVICES: [0]
[I 2023-11-30 09:52:30,527] Trial 55 finished with value: 0.12115030735731125 and parameters: {'gradient_clip_val': 0.7345215864592486, 'hidden_size': 89, 'dropout': 0.2645675529901355, 'hidden_continuous_size': 21, 'attention_head_size': 2, 'learning_rate': 0.05277174778193812}. Best is trial 49 with value: 0.059285968542099.
LOCAL_RANK: 0 - CUDA_VISIBLE_DEVICES: [0]
[I 2023-11-30 09:52:44,358] Trial 56 finished with value: 0.07502458244562149 and parameters: {'gradient_clip_val': 0.7290123655718354, 'hidden_size': 116, 'dropout': 0.2557633024497231, 'hidden_continuous_size': 27, 'attention_head_size': 1, 'learning_rate': 0.0543062325055752}. Best is trial 49 with value: 0.059285968542099.
LOCAL_RANK: 0 - CUDA_VISIBLE_DEVICES: [0]
[I 2023-11-30 09:52:57,953] Trial 57 finished with value: 0.08471975475549698 and parameters: {'gradient_clip_val': 0.8989055957386619, 'hidden_size': 76, 'dropout': 0.2771238455831265, 'hidden_continuous_size': 26, 'attention_head_size': 2, 'learning_rate': 0.06578755217999661}. Best is trial 49 with value: 0.059285968542099.
LOCAL_RANK: 0 - CUDA_VISIBLE_DEVICES: [0]
[I 2023-11-30 09:53:11,677] Trial 58 finished with value: 0.08592245727777481 and parameters: {'gradient_clip_val': 0.5813977679669322, 'hidden_size': 98, 'dropout': 0.24032420981536612, 'hidden_continuous_size': 23, 'attention_head_size': 2, 'learning_rate': 0.04415542831501165}. Best is trial 49 with value: 0.059285968542099.
LOCAL_RANK: 0 - CUDA_VISIBLE_DEVICES: [0]
[I 2023-11-30 09:53:25,413] Trial 59 finished with value: 0.0741407498717308 and parameters: {'gradient_clip_val': 0.46255468541819095, 'hidden_size': 89, 'dropout': 0.2859074778848944, 'hidden_continuous_size': 32, 'attention_head_size': 2, 'learning_rate': 0.08398450673652227}. Best is trial 49 with value: 0.059285968542099.
LOCAL_RANK: 0 - CUDA_VISIBLE_DEVICES: [0]
[I 2023-11-30 09:53:38,654] Trial 60 finished with value: 0.0909043550491333 and parameters: {'gradient_clip_val': 0.9712669001364537, 'hidden_size': 70, 'dropout': 0.26166811111035626, 'hidden_continuous_size': 17, 'attention_head_size': 1, 'learning_rate': 0.02706517153566143}. Best is trial 49 with value: 0.059285968542099.
LOCAL_RANK: 0 - CUDA_VISIBLE_DEVICES: [0]
[I 2023-11-30 09:53:52,145] Trial 61 finished with value: 0.10557162761688232 and parameters: {'gradient_clip_val': 0.4553588398126633, 'hidden_size': 89, 'dropout': 0.2841445350373646, 'hidden_continuous_size': 20, 'attention_head_size': 2, 'learning_rate': 0.06940874669851224}. Best is trial 49 with value: 0.059285968542099.
LOCAL_RANK: 0 - CUDA_VISIBLE_DEVICES: [0]
[I 2023-11-30 09:54:05,709] Trial 62 finished with value: 0.11773741245269775 and parameters: {'gradient_clip_val': 0.36231493280060456, 'hidden_size': 83, 'dropout': 0.2960537724450888, 'hidden_continuous_size': 31, 'attention_head_size': 2, 'learning_rate': 0.0851852372726349}. Best is trial 49 with value: 0.059285968542099.
LOCAL_RANK: 0 - CUDA_VISIBLE_DEVICES: [0]
[I 2023-11-30 09:54:19,641] Trial 63 finished with value: 0.07606641203165054 and parameters: {'gradient_clip_val': 0.533829520868832, 'hidden_size': 75, 'dropout': 0.2707775664599122, 'hidden_continuous_size': 55, 'attention_head_size': 2, 'learning_rate': 0.08423109362403666}. Best is trial 49 with value: 0.059285968542099.
LOCAL_RANK: 0 - CUDA_VISIBLE_DEVICES: [0]
[I 2023-11-30 09:54:33,025] Trial 64 finished with value: 0.07248825579881668 and parameters: {'gradient_clip_val': 0.4291058673666443, 'hidden_size': 56, 'dropout': 0.28320516386796957, 'hidden_continuous_size': 24, 'attention_head_size': 3, 'learning_rate': 0.05289555149806535}. Best is trial 49 with value: 0.059285968542099.
LOCAL_RANK: 0 - CUDA_VISIBLE_DEVICES: [0]
[I 2023-11-30 09:54:46,328] Trial 65 finished with value: 0.0702749565243721 and parameters: {'gradient_clip_val': 0.40388237055767084, 'hidden_size': 58, 'dropout': 0.29989435107641377, 'hidden_continuous_size': 23, 'attention_head_size': 3, 'learning_rate': 0.055272172240115464}. Best is trial 49 with value: 0.059285968542099.
LOCAL_RANK: 0 - CUDA_VISIBLE_DEVICES: [0]
[I 2023-11-30 09:54:59,541] Trial 66 finished with value: 0.09175267815589905 and parameters: {'gradient_clip_val': 0.41755751461629304, 'hidden_size': 58, 'dropout': 0.29998553553314333, 'hidden_continuous_size': 24, 'attention_head_size': 3, 'learning_rate': 0.03852945586933271}. Best is trial 49 with value: 0.059285968542099.
LOCAL_RANK: 0 - CUDA_VISIBLE_DEVICES: [0]
[I 2023-11-30 09:55:12,484] Trial 67 finished with value: 0.07833396643400192 and parameters: {'gradient_clip_val': 0.3377241428748612, 'hidden_size': 56, 'dropout': 0.31433549577759273, 'hidden_continuous_size': 23, 'attention_head_size': 3, 'learning_rate': 0.053214984812960726}. Best is trial 49 with value: 0.059285968542099.
LOCAL_RANK: 0 - CUDA_VISIBLE_DEVICES: [0]
[I 2023-11-30 09:55:25,823] Trial 68 finished with value: 0.09682121127843857 and parameters: {'gradient_clip_val': 0.3689823520124317, 'hidden_size': 64, 'dropout': 0.2568461092642988, 'hidden_continuous_size': 26, 'attention_head_size': 3, 'learning_rate': 0.059445305031215236}. Best is trial 49 with value: 0.059285968542099.
LOCAL_RANK: 0 - CUDA_VISIBLE_DEVICES: [0]
[I 2023-11-30 09:55:39,189] Trial 69 finished with value: 0.07207868248224258 and parameters: {'gradient_clip_val': 0.4012949943068522, 'hidden_size': 64, 'dropout': 0.2736125538815682, 'hidden_continuous_size': 21, 'attention_head_size': 3, 'learning_rate': 0.04808309316775778}. Best is trial 49 with value: 0.059285968542099.
LOCAL_RANK: 0 - CUDA_VISIBLE_DEVICES: [0]
[I 2023-11-30 09:55:52,227] Trial 70 finished with value: 0.07835312932729721 and parameters: {'gradient_clip_val': 0.3943443563353851, 'hidden_size': 47, 'dropout': 0.273834837622988, 'hidden_continuous_size': 21, 'attention_head_size': 3, 'learning_rate': 0.04441722641223432}. Best is trial 49 with value: 0.059285968542099.
LOCAL_RANK: 0 - CUDA_VISIBLE_DEVICES: [0]
[I 2023-11-30 09:56:05,742] Trial 71 finished with value: 0.09156831353902817 and parameters: {'gradient_clip_val': 0.307633339283108, 'hidden_size': 66, 'dropout': 0.2954251154618722, 'hidden_continuous_size': 19, 'attention_head_size': 3, 'learning_rate': 0.035122585352520136}. Best is trial 49 with value: 0.059285968542099.
LOCAL_RANK: 0 - CUDA_VISIBLE_DEVICES: [0]
[I 2023-11-30 09:56:19,069] Trial 72 finished with value: 0.15951812267303467 and parameters: {'gradient_clip_val': 0.4184145093045223, 'hidden_size': 55, 'dropout': 0.2768589024363972, 'hidden_continuous_size': 24, 'attention_head_size': 3, 'learning_rate': 0.06994771004053542}. Best is trial 49 with value: 0.059285968542099.
LOCAL_RANK: 0 - CUDA_VISIBLE_DEVICES: [0]
[I 2023-11-30 09:56:32,356] Trial 73 finished with value: 0.0898023471236229 and parameters: {'gradient_clip_val': 0.4797598421492795, 'hidden_size': 49, 'dropout': 0.24478054963605847, 'hidden_continuous_size': 22, 'attention_head_size': 3, 'learning_rate': 0.049032505353786594}. Best is trial 49 with value: 0.059285968542099.
LOCAL_RANK: 0 - CUDA_VISIBLE_DEVICES: [0]
[I 2023-11-30 09:56:45,823] Trial 74 finished with value: 0.10597804188728333 and parameters: {'gradient_clip_val': 0.35524626725957276, 'hidden_size': 59, 'dropout': 0.28803634696923214, 'hidden_continuous_size': 21, 'attention_head_size': 3, 'learning_rate': 0.05910063759286358}. Best is trial 49 with value: 0.059285968542099.
LOCAL_RANK: 0 - CUDA_VISIBLE_DEVICES: [0]
[I 2023-11-30 09:56:59,006] Trial 75 finished with value: 0.10045182704925537 and parameters: {'gradient_clip_val': 0.4311642049905792, 'hidden_size': 55, 'dropout': 0.306289853014896, 'hidden_continuous_size': 27, 'attention_head_size': 3, 'learning_rate': 0.07154569220949451}. Best is trial 49 with value: 0.059285968542099.
LOCAL_RANK: 0 - CUDA_VISIBLE_DEVICES: [0]
[I 2023-11-30 09:57:12,446] Trial 76 finished with value: 0.0731235221028328 and parameters: {'gradient_clip_val': 0.34054170173363857, 'hidden_size': 63, 'dropout': 0.2555396038681023, 'hidden_continuous_size': 25, 'attention_head_size': 3, 'learning_rate': 0.04209164547945666}. Best is trial 49 with value: 0.059285968542099.
LOCAL_RANK: 0 - CUDA_VISIBLE_DEVICES: [0]
[I 2023-11-30 09:57:25,765] Trial 77 finished with value: 0.10925378650426865 and parameters: {'gradient_clip_val': 0.40276854105904153, 'hidden_size': 63, 'dropout': 0.2506832683048897, 'hidden_continuous_size': 23, 'attention_head_size': 3, 'learning_rate': 0.033631861696485604}. Best is trial 49 with value: 0.059285968542099.
LOCAL_RANK: 0 - CUDA_VISIBLE_DEVICES: [0]
[I 2023-11-30 09:57:38,871] Trial 78 finished with value: 0.09945285320281982 and parameters: {'gradient_clip_val': 0.3329275533979381, 'hidden_size': 51, 'dropout': 0.2936467033689964, 'hidden_continuous_size': 20, 'attention_head_size': 3, 'learning_rate': 0.04183183915495931}. Best is trial 49 with value: 0.059285968542099.
LOCAL_RANK: 0 - CUDA_VISIBLE_DEVICES: [0]
[I 2023-11-30 09:57:52,662] Trial 79 finished with value: 0.06305532157421112 and parameters: {'gradient_clip_val': 0.37083882608962293, 'hidden_size': 68, 'dropout': 0.2710616104682936, 'hidden_continuous_size': 25, 'attention_head_size': 3, 'learning_rate': 0.05170749609769027}. Best is trial 49 with value: 0.059285968542099.
LOCAL_RANK: 0 - CUDA_VISIBLE_DEVICES: [0]
[I 2023-11-30 09:58:06,203] Trial 80 finished with value: 0.07912108302116394 and parameters: {'gradient_clip_val': 0.36764820384975744, 'hidden_size': 67, 'dropout': 0.22987445381184732, 'hidden_continuous_size': 25, 'attention_head_size': 3, 'learning_rate': 0.05192236466064057}. Best is trial 49 with value: 0.059285968542099.
LOCAL_RANK: 0 - CUDA_VISIBLE_DEVICES: [0]
[I 2023-11-30 09:58:19,419] Trial 81 finished with value: 0.07262468338012695 and parameters: {'gradient_clip_val': 0.3042176071069091, 'hidden_size': 60, 'dropout': 0.27058116239611035, 'hidden_continuous_size': 22, 'attention_head_size': 3, 'learning_rate': 0.06089380709890859}. Best is trial 49 with value: 0.059285968542099.
LOCAL_RANK: 0 - CUDA_VISIBLE_DEVICES: [0]
[I 2023-11-30 09:58:32,982] Trial 82 finished with value: 0.09478837251663208 and parameters: {'gradient_clip_val': 0.27051723411037265, 'hidden_size': 71, 'dropout': 0.26920876085496565, 'hidden_continuous_size': 28, 'attention_head_size': 3, 'learning_rate': 0.044696777189186}. Best is trial 49 with value: 0.059285968542099.
LOCAL_RANK: 0 - CUDA_VISIBLE_DEVICES: [0]
[I 2023-11-30 09:58:46,406] Trial 83 finished with value: 0.0759316086769104 and parameters: {'gradient_clip_val': 0.37905488961190226, 'hidden_size': 61, 'dropout': 0.2855236788504056, 'hidden_continuous_size': 23, 'attention_head_size': 3, 'learning_rate': 0.0400054202444407}. Best is trial 49 with value: 0.059285968542099.
LOCAL_RANK: 0 - CUDA_VISIBLE_DEVICES: [0]
[I 2023-11-30 09:58:59,892] Trial 84 finished with value: 0.08673461526632309 and parameters: {'gradient_clip_val': 0.40417296050549484, 'hidden_size': 58, 'dropout': 0.30007415017486505, 'hidden_continuous_size': 22, 'attention_head_size': 3, 'learning_rate': 0.057870153865018516}. Best is trial 49 with value: 0.059285968542099.
LOCAL_RANK: 0 - CUDA_VISIBLE_DEVICES: [0]
[I 2023-11-30 09:59:13,462] Trial 85 finished with value: 0.06524507701396942 and parameters: {'gradient_clip_val': 0.34532156887737003, 'hidden_size': 66, 'dropout': 0.26412883899992823, 'hidden_continuous_size': 24, 'attention_head_size': 3, 'learning_rate': 0.04979149356981586}. Best is trial 49 with value: 0.059285968542099.
LOCAL_RANK: 0 - CUDA_VISIBLE_DEVICES: [0]
[I 2023-11-30 09:59:26,909] Trial 86 finished with value: 0.08353736251592636 and parameters: {'gradient_clip_val': 0.29924607971789813, 'hidden_size': 71, 'dropout': 0.2624418144864992, 'hidden_continuous_size': 24, 'attention_head_size': 3, 'learning_rate': 0.06235941356067257}. Best is trial 49 with value: 0.059285968542099.
LOCAL_RANK: 0 - CUDA_VISIBLE_DEVICES: [0]
[I 2023-11-30 09:59:40,464] Trial 87 finished with value: 0.0731109008193016 and parameters: {'gradient_clip_val': 0.44126003218348, 'hidden_size': 76, 'dropout': 0.31316187464265666, 'hidden_continuous_size': 19, 'attention_head_size': 3, 'learning_rate': 0.049333296078699206}. Best is trial 49 with value: 0.059285968542099.
LOCAL_RANK: 0 - CUDA_VISIBLE_DEVICES: [0]
[I 2023-11-30 09:59:53,576] Trial 88 finished with value: 0.08068272471427917 and parameters: {'gradient_clip_val': 0.3238567246927873, 'hidden_size': 47, 'dropout': 0.27396151187546375, 'hidden_continuous_size': 22, 'attention_head_size': 3, 'learning_rate': 0.031008712312386045}. Best is trial 49 with value: 0.059285968542099.
LOCAL_RANK: 0 - CUDA_VISIBLE_DEVICES: [0]
[I 2023-11-30 10:00:07,305] Trial 89 finished with value: 0.0664166733622551 and parameters: {'gradient_clip_val': 0.4840117469255173, 'hidden_size': 80, 'dropout': 0.2817823301425914, 'hidden_continuous_size': 29, 'attention_head_size': 3, 'learning_rate': 0.03534384666991835}. Best is trial 49 with value: 0.059285968542099.
LOCAL_RANK: 0 - CUDA_VISIBLE_DEVICES: [0]
[I 2023-11-30 10:00:20,949] Trial 90 finished with value: 0.07885114848613739 and parameters: {'gradient_clip_val': 0.4183911472316805, 'hidden_size': 79, 'dropout': 0.28071227237482343, 'hidden_continuous_size': 29, 'attention_head_size': 3, 'learning_rate': 0.09026517340208626}. Best is trial 49 with value: 0.059285968542099.
LOCAL_RANK: 0 - CUDA_VISIBLE_DEVICES: [0]
[I 2023-11-30 10:00:34,579] Trial 91 finished with value: 0.09090658277273178 and parameters: {'gradient_clip_val': 0.4735259503641578, 'hidden_size': 67, 'dropout': 0.28779513647413413, 'hidden_continuous_size': 27, 'attention_head_size': 3, 'learning_rate': 0.03769107782766761}. Best is trial 49 with value: 0.059285968542099.
LOCAL_RANK: 0 - CUDA_VISIBLE_DEVICES: [0]
[I 2023-11-30 10:00:48,181] Trial 92 finished with value: 0.08002180606126785 and parameters: {'gradient_clip_val': 0.4913951609238933, 'hidden_size': 72, 'dropout': 0.26685819095033897, 'hidden_continuous_size': 25, 'attention_head_size': 3, 'learning_rate': 0.04875581332050432}. Best is trial 49 with value: 0.059285968542099.
LOCAL_RANK: 0 - CUDA_VISIBLE_DEVICES: [0]
[I 2023-11-30 10:01:01,334] Trial 93 finished with value: 0.08011532574892044 and parameters: {'gradient_clip_val': 0.3830397057331521, 'hidden_size': 55, 'dropout': 0.29202828093818667, 'hidden_continuous_size': 24, 'attention_head_size': 3, 'learning_rate': 0.06236845451555092}. Best is trial 49 with value: 0.059285968542099.
LOCAL_RANK: 0 - CUDA_VISIBLE_DEVICES: [0]
[I 2023-11-30 10:01:14,712] Trial 94 finished with value: 0.08081912994384766 and parameters: {'gradient_clip_val': 0.44865909986065255, 'hidden_size': 60, 'dropout': 0.2789255168962208, 'hidden_continuous_size': 21, 'attention_head_size': 3, 'learning_rate': 0.05363894374362349}. Best is trial 49 with value: 0.059285968542099.
LOCAL_RANK: 0 - CUDA_VISIBLE_DEVICES: [0]
[I 2023-11-30 10:01:28,117] Trial 95 finished with value: 0.06922843307256699 and parameters: {'gradient_clip_val': 0.3502199681867954, 'hidden_size': 65, 'dropout': 0.2707445828480227, 'hidden_continuous_size': 18, 'attention_head_size': 3, 'learning_rate': 0.056813068867870194}. Best is trial 49 with value: 0.059285968542099.
LOCAL_RANK: 0 - CUDA_VISIBLE_DEVICES: [0]
[I 2023-11-30 10:01:41,459] Trial 96 finished with value: 0.08428889513015747 and parameters: {'gradient_clip_val': 0.35635031702457753, 'hidden_size': 67, 'dropout': 0.305678470645515, 'hidden_continuous_size': 19, 'attention_head_size': 3, 'learning_rate': 0.04585715010658316}. Best is trial 49 with value: 0.059285968542099.
LOCAL_RANK: 0 - CUDA_VISIBLE_DEVICES: [0]
[I 2023-11-30 10:01:55,156] Trial 97 finished with value: 0.1293332576751709 and parameters: {'gradient_clip_val': 0.4017745378924963, 'hidden_size': 81, 'dropout': 0.2623459032602351, 'hidden_continuous_size': 18, 'attention_head_size': 3, 'learning_rate': 0.03529735196093345}. Best is trial 49 with value: 0.059285968542099.
LOCAL_RANK: 0 - CUDA_VISIBLE_DEVICES: [0]
[I 2023-11-30 10:02:08,819] Trial 98 finished with value: 0.08698290586471558 and parameters: {'gradient_clip_val': 0.37731735089429475, 'hidden_size': 74, 'dropout': 0.2984070143862532, 'hidden_continuous_size': 28, 'attention_head_size': 4, 'learning_rate': 0.07620521237920456}. Best is trial 49 with value: 0.059285968542099.
LOCAL_RANK: 0 - CUDA_VISIBLE_DEVICES: [0]
