[I 2023-11-30 15:43:15,428] Trial 103 finished with value: 0.08355177193880081 and parameters: {'gradient_clip_val': 0.4343597973954015, 'hidden_size': 106, 'dropout': 0.3998817155388581, 'hidden_continuous_size': 55, 'attention_head_size': 1, 'learning_rate': 0.020208126875887758}. Best is trial 103 with value: 0.08355177193880081.
LOCAL_RANK: 0 - CUDA_VISIBLE_DEVICES: [0]
[I 2023-11-30 15:43:29,965] Trial 104 finished with value: 0.14570139348506927 and parameters: {'gradient_clip_val': 0.49558784590953325, 'hidden_size': 100, 'dropout': 0.39966352173828146, 'hidden_continuous_size': 52, 'attention_head_size': 1, 'learning_rate': 0.020465013107746524}. Best is trial 103 with value: 0.08355177193880081.
LOCAL_RANK: 0 - CUDA_VISIBLE_DEVICES: [0]
[I 2023-11-30 15:43:44,732] Trial 105 finished with value: 0.17746156454086304 and parameters: {'gradient_clip_val': 0.33792933159818067, 'hidden_size': 107, 'dropout': 0.3889913788608639, 'hidden_continuous_size': 55, 'attention_head_size': 1, 'learning_rate': 0.014009827942609682}. Best is trial 103 with value: 0.08355177193880081.
LOCAL_RANK: 0 - CUDA_VISIBLE_DEVICES: [0]
[I 2023-11-30 15:43:59,764] Trial 106 finished with value: 0.10140552371740341 and parameters: {'gradient_clip_val': 0.4336173612985624, 'hidden_size': 94, 'dropout': 0.3816315698337221, 'hidden_continuous_size': 43, 'attention_head_size': 1, 'learning_rate': 0.02691782337777377}. Best is trial 103 with value: 0.08355177193880081.
LOCAL_RANK: 0 - CUDA_VISIBLE_DEVICES: [0]
[I 2023-11-30 15:44:14,534] Trial 107 finished with value: 0.16160838305950165 and parameters: {'gradient_clip_val': 0.42715911517168953, 'hidden_size': 108, 'dropout': 0.39387876590243237, 'hidden_continuous_size': 42, 'attention_head_size': 1, 'learning_rate': 0.027092407313559313}. Best is trial 103 with value: 0.08355177193880081.
LOCAL_RANK: 0 - CUDA_VISIBLE_DEVICES: [0]
[I 2023-11-30 15:44:29,030] Trial 108 finished with value: 0.18855923414230347 and parameters: {'gradient_clip_val': 0.3802358411856843, 'hidden_size': 94, 'dropout': 0.38004432603851157, 'hidden_continuous_size': 62, 'attention_head_size': 1, 'learning_rate': 0.03326168035253935}. Best is trial 103 with value: 0.08355177193880081.
LOCAL_RANK: 0 - CUDA_VISIBLE_DEVICES: [0]
[I 2023-11-30 15:44:43,689] Trial 109 finished with value: 0.2566048204898834 and parameters: {'gradient_clip_val': 0.44344092526041806, 'hidden_size': 120, 'dropout': 0.3818253294229788, 'hidden_continuous_size': 60, 'attention_head_size': 2, 'learning_rate': 0.04265246362177809}. Best is trial 103 with value: 0.08355177193880081.
LOCAL_RANK: 0 - CUDA_VISIBLE_DEVICES: [0]
[I 2023-11-30 15:44:58,833] Trial 110 finished with value: 0.12582528591156006 and parameters: {'gradient_clip_val': 0.5370595946460619, 'hidden_size': 103, 'dropout': 0.3886958602226594, 'hidden_continuous_size': 56, 'attention_head_size': 1, 'learning_rate': 0.03680599471954656}. Best is trial 103 with value: 0.08355177193880081.
LOCAL_RANK: 0 - CUDA_VISIBLE_DEVICES: [0]
[I 2023-11-30 15:45:13,650] Trial 111 finished with value: 0.14996813237667084 and parameters: {'gradient_clip_val': 0.46924516307243275, 'hidden_size': 78, 'dropout': 0.39376624025113693, 'hidden_continuous_size': 40, 'attention_head_size': 1, 'learning_rate': 0.024215660331193066}. Best is trial 103 with value: 0.08355177193880081.
LOCAL_RANK: 0 - CUDA_VISIBLE_DEVICES: [0]
[I 2023-11-30 15:45:28,146] Trial 112 finished with value: 0.23902195692062378 and parameters: {'gradient_clip_val': 0.4401114033633325, 'hidden_size': 84, 'dropout': 0.36619981349093, 'hidden_continuous_size': 43, 'attention_head_size': 1, 'learning_rate': 0.021440300358541695}. Best is trial 103 with value: 0.08355177193880081.
LOCAL_RANK: 0 - CUDA_VISIBLE_DEVICES: [0]
[I 2023-11-30 15:45:42,934] Trial 113 finished with value: 0.12742449343204498 and parameters: {'gradient_clip_val': 0.5066880220500903, 'hidden_size': 90, 'dropout': 0.3825702186903173, 'hidden_continuous_size': 46, 'attention_head_size': 1, 'learning_rate': 0.02866919125578963}. Best is trial 103 with value: 0.08355177193880081.
LOCAL_RANK: 0 - CUDA_VISIBLE_DEVICES: [0]
[I 2023-11-30 15:45:57,942] Trial 114 finished with value: 0.18429537117481232 and parameters: {'gradient_clip_val': 0.47694689156731396, 'hidden_size': 70, 'dropout': 0.3327208709147767, 'hidden_continuous_size': 51, 'attention_head_size': 1, 'learning_rate': 0.04722579925907507}. Best is trial 103 with value: 0.08355177193880081.
LOCAL_RANK: 0 - CUDA_VISIBLE_DEVICES: [0]
[I 2023-11-30 15:46:12,965] Trial 115 finished with value: 0.13897322118282318 and parameters: {'gradient_clip_val': 0.4098974459726169, 'hidden_size': 110, 'dropout': 0.36288580756983974, 'hidden_continuous_size': 35, 'attention_head_size': 1, 'learning_rate': 0.0533300498700498}. Best is trial 103 with value: 0.08355177193880081.
LOCAL_RANK: 0 - CUDA_VISIBLE_DEVICES: [0]
[I 2023-11-30 15:46:28,215] Trial 116 finished with value: 0.1608780026435852 and parameters: {'gradient_clip_val': 0.5735336656236482, 'hidden_size': 97, 'dropout': 0.37024399368957306, 'hidden_continuous_size': 37, 'attention_head_size': 1, 'learning_rate': 0.02037993466353702}. Best is trial 103 with value: 0.08355177193880081.
LOCAL_RANK: 0 - CUDA_VISIBLE_DEVICES: [0]
[I 2023-11-30 15:46:43,227] Trial 117 finished with value: 0.20748324692249298 and parameters: {'gradient_clip_val': 0.36478863358724783, 'hidden_size': 78, 'dropout': 0.3774301650496463, 'hidden_continuous_size': 54, 'attention_head_size': 3, 'learning_rate': 0.016173574804581176}. Best is trial 103 with value: 0.08355177193880081.
LOCAL_RANK: 0 - CUDA_VISIBLE_DEVICES: [0]
[I 2023-11-30 15:46:57,634] Trial 118 finished with value: 0.10036968439817429 and parameters: {'gradient_clip_val': 0.3923703971706925, 'hidden_size': 65, 'dropout': 0.3994231893803853, 'hidden_continuous_size': 48, 'attention_head_size': 1, 'learning_rate': 0.059080726312484136}. Best is trial 103 with value: 0.08355177193880081.
LOCAL_RANK: 0 - CUDA_VISIBLE_DEVICES: [0]
[I 2023-11-30 15:47:12,297] Trial 119 finished with value: 0.23702681064605713 and parameters: {'gradient_clip_val': 0.7829637115337902, 'hidden_size': 56, 'dropout': 0.3982436404000372, 'hidden_continuous_size': 45, 'attention_head_size': 1, 'learning_rate': 0.05947775533608119}. Best is trial 103 with value: 0.08355177193880081.
LOCAL_RANK: 0 - CUDA_VISIBLE_DEVICES: [0]
[I 2023-11-30 15:47:26,570] Trial 120 finished with value: 0.13255886733531952 and parameters: {'gradient_clip_val': 0.3502976273776365, 'hidden_size': 65, 'dropout': 0.38681720788642043, 'hidden_continuous_size': 47, 'attention_head_size': 2, 'learning_rate': 0.0705584827560236}. Best is trial 103 with value: 0.08355177193880081.
LOCAL_RANK: 0 - CUDA_VISIBLE_DEVICES: [0]
[I 2023-11-30 15:47:40,599] Trial 121 finished with value: 0.16443943977355957 and parameters: {'gradient_clip_val': 0.39234609041010027, 'hidden_size': 61, 'dropout': 0.39164179591322773, 'hidden_continuous_size': 49, 'attention_head_size': 1, 'learning_rate': 0.039854496122347156}. Best is trial 103 with value: 0.08355177193880081.
LOCAL_RANK: 0 - CUDA_VISIBLE_DEVICES: [0]
[I 2023-11-30 15:47:55,162] Trial 122 finished with value: 0.17546017467975616 and parameters: {'gradient_clip_val': 0.918103320143228, 'hidden_size': 72, 'dropout': 0.35397707378509186, 'hidden_continuous_size': 43, 'attention_head_size': 1, 'learning_rate': 0.03165165462494413}. Best is trial 103 with value: 0.08355177193880081.
LOCAL_RANK: 0 - CUDA_VISIBLE_DEVICES: [0]
[I 2023-11-30 15:48:09,819] Trial 123 finished with value: 0.15478789806365967 and parameters: {'gradient_clip_val': 0.4238576523321482, 'hidden_size': 82, 'dropout': 0.38321616357108773, 'hidden_continuous_size': 41, 'attention_head_size': 1, 'learning_rate': 0.04636417238077567}. Best is trial 103 with value: 0.08355177193880081.
LOCAL_RANK: 0 - CUDA_VISIBLE_DEVICES: [0]
[I 2023-11-30 15:48:24,684] Trial 124 finished with value: 0.14181698858737946 and parameters: {'gradient_clip_val': 0.530237075807854, 'hidden_size': 91, 'dropout': 0.37782295885162787, 'hidden_continuous_size': 52, 'attention_head_size': 1, 'learning_rate': 0.053295056032368227}. Best is trial 103 with value: 0.08355177193880081.
LOCAL_RANK: 0 - CUDA_VISIBLE_DEVICES: [0]
[I 2023-11-30 15:48:39,735] Trial 125 finished with value: 0.1605062633752823 and parameters: {'gradient_clip_val': 0.46279308623586773, 'hidden_size': 76, 'dropout': 0.34498280149022315, 'hidden_continuous_size': 49, 'attention_head_size': 1, 'learning_rate': 0.08753974467229614}. Best is trial 103 with value: 0.08355177193880081.
LOCAL_RANK: 0 - CUDA_VISIBLE_DEVICES: [0]
[I 2023-11-30 15:48:54,257] Trial 126 finished with value: 0.1489591747522354 and parameters: {'gradient_clip_val': 0.484261551225488, 'hidden_size': 58, 'dropout': 0.3684482204044295, 'hidden_continuous_size': 47, 'attention_head_size': 1, 'learning_rate': 0.024470164607396934}. Best is trial 103 with value: 0.08355177193880081.
LOCAL_RANK: 0 - CUDA_VISIBLE_DEVICES: [0]
[I 2023-11-30 15:49:08,164] Trial 127 finished with value: 0.12376391887664795 and parameters: {'gradient_clip_val': 0.4502001027826394, 'hidden_size': 49, 'dropout': 0.3946345929708269, 'hidden_continuous_size': 45, 'attention_head_size': 1, 'learning_rate': 0.07680289856631038}. Best is trial 103 with value: 0.08355177193880081.
LOCAL_RANK: 0 - CUDA_VISIBLE_DEVICES: [0]
[I 2023-11-30 15:49:23,462] Trial 128 finished with value: 0.19551755487918854 and parameters: {'gradient_clip_val': 0.37978567045629735, 'hidden_size': 118, 'dropout': 0.39953538576447545, 'hidden_continuous_size': 38, 'attention_head_size': 1, 'learning_rate': 0.058782969096460067}. Best is trial 103 with value: 0.08355177193880081.
LOCAL_RANK: 0 - CUDA_VISIBLE_DEVICES: [0]
[I 2023-11-30 15:49:38,286] Trial 129 finished with value: 0.16608789563179016 and parameters: {'gradient_clip_val': 0.5938554271297103, 'hidden_size': 105, 'dropout': 0.36240211127436295, 'hidden_continuous_size': 39, 'attention_head_size': 3, 'learning_rate': 0.03520299360873213}. Best is trial 103 with value: 0.08355177193880081.
LOCAL_RANK: 0 - CUDA_VISIBLE_DEVICES: [0]
[I 2023-11-30 15:49:53,358] Trial 130 finished with value: 0.12554813921451569 and parameters: {'gradient_clip_val': 0.8734259990851022, 'hidden_size': 69, 'dropout': 0.35161129975453037, 'hidden_continuous_size': 50, 'attention_head_size': 1, 'learning_rate': 0.04270732538155665}. Best is trial 103 with value: 0.08355177193880081.
LOCAL_RANK: 0 - CUDA_VISIBLE_DEVICES: [0]
[I 2023-11-30 15:50:08,561] Trial 131 finished with value: 0.1580192893743515 and parameters: {'gradient_clip_val': 0.3988203417695173, 'hidden_size': 85, 'dropout': 0.3735782866007626, 'hidden_continuous_size': 54, 'attention_head_size': 1, 'learning_rate': 0.01887628136322775}. Best is trial 103 with value: 0.08355177193880081.
LOCAL_RANK: 0 - CUDA_VISIBLE_DEVICES: [0]
[I 2023-11-30 15:50:23,471] Trial 132 finished with value: 0.16107861697673798 and parameters: {'gradient_clip_val': 0.4016589781683393, 'hidden_size': 86, 'dropout': 0.3753891864251357, 'hidden_continuous_size': 43, 'attention_head_size': 1, 'learning_rate': 0.01779771731152607}. Best is trial 103 with value: 0.08355177193880081.
LOCAL_RANK: 0 - CUDA_VISIBLE_DEVICES: [0]
[I 2023-11-30 15:50:38,571] Trial 133 finished with value: 0.2105994075536728 and parameters: {'gradient_clip_val': 0.4293149371282075, 'hidden_size': 95, 'dropout': 0.3869392576646866, 'hidden_continuous_size': 58, 'attention_head_size': 1, 'learning_rate': 0.019662040007985312}. Best is trial 103 with value: 0.08355177193880081.
LOCAL_RANK: 0 - CUDA_VISIBLE_DEVICES: [0]
[I 2023-11-30 15:50:53,243] Trial 134 finished with value: 0.1583847552537918 and parameters: {'gradient_clip_val': 0.5072790871247554, 'hidden_size': 74, 'dropout': 0.30697389213401055, 'hidden_continuous_size': 48, 'attention_head_size': 1, 'learning_rate': 0.022696976105072646}. Best is trial 103 with value: 0.08355177193880081.
LOCAL_RANK: 0 - CUDA_VISIBLE_DEVICES: [0]
[I 2023-11-30 15:51:07,787] Trial 135 finished with value: 0.2446054369211197 and parameters: {'gradient_clip_val': 0.30328848555733295, 'hidden_size': 81, 'dropout': 0.33791088363748173, 'hidden_continuous_size': 52, 'attention_head_size': 1, 'learning_rate': 0.012735713814878908}. Best is trial 103 with value: 0.08355177193880081.
LOCAL_RANK: 0 - CUDA_VISIBLE_DEVICES: [0]
[I 2023-11-30 15:51:22,512] Trial 136 finished with value: 0.13159950077533722 and parameters: {'gradient_clip_val': 0.3698204722344805, 'hidden_size': 98, 'dropout': 0.37115299561697884, 'hidden_continuous_size': 40, 'attention_head_size': 1, 'learning_rate': 0.026906523521836846}. Best is trial 103 with value: 0.08355177193880081.
LOCAL_RANK: 0 - CUDA_VISIBLE_DEVICES: [0]
[I 2023-11-30 15:51:37,134] Trial 137 finished with value: 0.14471222460269928 and parameters: {'gradient_clip_val': 0.4402668592482134, 'hidden_size': 67, 'dropout': 0.35597383727043846, 'hidden_continuous_size': 46, 'attention_head_size': 1, 'learning_rate': 0.029604531257970336}. Best is trial 103 with value: 0.08355177193880081.
LOCAL_RANK: 0 - CUDA_VISIBLE_DEVICES: [0]
[I 2023-11-30 15:51:51,151] Trial 138 finished with value: 0.2042173147201538 and parameters: {'gradient_clip_val': 0.41749399965723577, 'hidden_size': 64, 'dropout': 0.3806380078700268, 'hidden_continuous_size': 48, 'attention_head_size': 1, 'learning_rate': 0.01507022776400713}. Best is trial 103 with value: 0.08355177193880081.
LOCAL_RANK: 0 - CUDA_VISIBLE_DEVICES: [0]
[I 2023-11-30 15:52:05,573] Trial 139 finished with value: 0.12905560433864594 and parameters: {'gradient_clip_val': 0.4863197250141387, 'hidden_size': 86, 'dropout': 0.3910741761251469, 'hidden_continuous_size': 44, 'attention_head_size': 2, 'learning_rate': 0.09928718662306066}. Best is trial 103 with value: 0.08355177193880081.
LOCAL_RANK: 0 - CUDA_VISIBLE_DEVICES: [0]
[I 2023-11-30 15:52:20,748] Trial 140 finished with value: 0.179573655128479 and parameters: {'gradient_clip_val': 0.5615001497050117, 'hidden_size': 112, 'dropout': 0.361341024657529, 'hidden_continuous_size': 55, 'attention_head_size': 1, 'learning_rate': 0.02104827604248261}. Best is trial 103 with value: 0.08355177193880081.
LOCAL_RANK: 0 - CUDA_VISIBLE_DEVICES: [0]
[I 2023-11-30 15:52:35,694] Trial 141 finished with value: 0.19301550090312958 and parameters: {'gradient_clip_val': 0.5233258149697074, 'hidden_size': 106, 'dropout': 0.38553634288172584, 'hidden_continuous_size': 52, 'attention_head_size': 1, 'learning_rate': 0.04920240440340536}. Best is trial 103 with value: 0.08355177193880081.
LOCAL_RANK: 0 - CUDA_VISIBLE_DEVICES: [0]
[I 2023-11-30 15:52:50,740] Trial 142 finished with value: 0.20506352186203003 and parameters: {'gradient_clip_val': 0.46247650137107954, 'hidden_size': 91, 'dropout': 0.38693477341081556, 'hidden_continuous_size': 50, 'attention_head_size': 1, 'learning_rate': 0.06437055517415635}. Best is trial 103 with value: 0.08355177193880081.
LOCAL_RANK: 0 - CUDA_VISIBLE_DEVICES: [0]
[I 2023-11-30 15:53:05,773] Trial 143 finished with value: 0.15124250948429108 and parameters: {'gradient_clip_val': 0.5429842013526959, 'hidden_size': 98, 'dropout': 0.32542886043311586, 'hidden_continuous_size': 41, 'attention_head_size': 1, 'learning_rate': 0.04281728197841619}. Best is trial 103 with value: 0.08355177193880081.
LOCAL_RANK: 0 - CUDA_VISIBLE_DEVICES: [0]
[I 2023-11-30 15:53:20,929] Trial 144 finished with value: 0.2282204031944275 and parameters: {'gradient_clip_val': 0.48295693284097807, 'hidden_size': 126, 'dropout': 0.39389435592677186, 'hidden_continuous_size': 61, 'attention_head_size': 1, 'learning_rate': 0.05244583032011861}. Best is trial 103 with value: 0.08355177193880081.
LOCAL_RANK: 0 - CUDA_VISIBLE_DEVICES: [0]
[I 2023-11-30 15:53:35,750] Trial 145 finished with value: 0.13475944101810455 and parameters: {'gradient_clip_val': 0.5081655804599833, 'hidden_size': 77, 'dropout': 0.36692722348558954, 'hidden_continuous_size': 51, 'attention_head_size': 1, 'learning_rate': 0.03917133585939722}. Best is trial 103 with value: 0.08355177193880081.
LOCAL_RANK: 0 - CUDA_VISIBLE_DEVICES: [0]
[I 2023-11-30 15:53:50,592] Trial 146 finished with value: 0.19070889055728912 and parameters: {'gradient_clip_val': 0.3853432761568003, 'hidden_size': 105, 'dropout': 0.3997611789888123, 'hidden_continuous_size': 59, 'attention_head_size': 1, 'learning_rate': 0.056517454538690115}. Best is trial 103 with value: 0.08355177193880081.
LOCAL_RANK: 0 - CUDA_VISIBLE_DEVICES: [0]
[I 2023-11-30 15:54:05,511] Trial 147 finished with value: 0.12673822045326233 and parameters: {'gradient_clip_val': 0.44202765785230064, 'hidden_size': 91, 'dropout': 0.37537522446033994, 'hidden_continuous_size': 55, 'attention_head_size': 3, 'learning_rate': 0.023764547971761137}. Best is trial 103 with value: 0.08355177193880081.
LOCAL_RANK: 0 - CUDA_VISIBLE_DEVICES: [0]
[I 2023-11-30 15:54:19,816] Trial 148 finished with value: 0.15928705036640167 and parameters: {'gradient_clip_val': 0.3483368277609902, 'hidden_size': 73, 'dropout': 0.3806883360281615, 'hidden_continuous_size': 47, 'attention_head_size': 1, 'learning_rate': 0.017213351731062733}. Best is trial 103 with value: 0.08355177193880081.
LOCAL_RANK: 0 - CUDA_VISIBLE_DEVICES: [0]
[I 2023-11-30 15:54:34,299] Trial 149 finished with value: 0.2694503962993622 and parameters: {'gradient_clip_val': 0.41089492332356703, 'hidden_size': 101, 'dropout': 0.3466482909222936, 'hidden_continuous_size': 36, 'attention_head_size': 2, 'learning_rate': 0.0267112971639508}. Best is trial 103 with value: 0.08355177193880081.
[I 2023-11-30 15:54:34,417] A new study created in memory with name: no-name-8ac5f615-4a23-47b4-8361-aa455657bb9f
/home/le004/conda/anaconda3/envs/tsff_env/lib/python3.9/site-packages/lightning/fabric/plugins/environments/slurm.py:191: The `srun` command is available on your system but is not used. HINT: If your intention is to run Lightning on SLURM, prepend your python command with `srun` like so: srun python /home/le004/master_thesis/git/TSFusionForecast/code/ ...
LOCAL_RANK: 0 - CUDA_VISIBLE_DEVICES: [0]
[I 2023-11-30 15:54:46,872] Trial 0 finished with value: 0.23749923706054688 and parameters: {'gradient_clip_val': 0.38711329038204667, 'hidden_size': 12, 'dropout': 0.18364107646569025, 'hidden_continuous_size': 11, 'attention_head_size': 1, 'learning_rate': 0.07842269910238196}. Best is trial 0 with value: 0.23749923706054688.
LOCAL_RANK: 0 - CUDA_VISIBLE_DEVICES: [0]
[I 2023-11-30 15:54:58,302] Trial 1 finished with value: 0.9759212136268616 and parameters: {'gradient_clip_val': 0.20860858352129777, 'hidden_size': 10, 'dropout': 0.24074946632447278, 'hidden_continuous_size': 10, 'attention_head_size': 4, 'learning_rate': 0.012961212589840145}. Best is trial 0 with value: 0.23749923706054688.
LOCAL_RANK: 0 - CUDA_VISIBLE_DEVICES: [0]
[I 2023-11-30 15:55:12,680] Trial 2 finished with value: 0.17157553136348724 and parameters: {'gradient_clip_val': 0.4057024343848037, 'hidden_size': 97, 'dropout': 0.26342400212520045, 'hidden_continuous_size': 14, 'attention_head_size': 1, 'learning_rate': 0.015267970351819565}. Best is trial 2 with value: 0.17157553136348724.
LOCAL_RANK: 0 - CUDA_VISIBLE_DEVICES: [0]
[I 2023-11-30 15:55:27,015] Trial 3 finished with value: 0.0700845941901207 and parameters: {'gradient_clip_val': 0.424651120306447, 'hidden_size': 80, 'dropout': 0.25159105609342247, 'hidden_continuous_size': 22, 'attention_head_size': 1, 'learning_rate': 0.05379507108236476}. Best is trial 3 with value: 0.0700845941901207.
LOCAL_RANK: 0 - CUDA_VISIBLE_DEVICES: [0]
[I 2023-11-30 15:55:41,600] Trial 4 finished with value: 0.8441260457038879 and parameters: {'gradient_clip_val': 0.18843262106949882, 'hidden_size': 87, 'dropout': 0.289318950986912, 'hidden_continuous_size': 13, 'attention_head_size': 3, 'learning_rate': 0.001830332922462174}. Best is trial 3 with value: 0.0700845941901207.
LOCAL_RANK: 0 - CUDA_VISIBLE_DEVICES: [0]
[I 2023-11-30 15:55:56,938] Trial 5 finished with value: 0.08935627341270447 and parameters: {'gradient_clip_val': 0.8500296557792156, 'hidden_size': 150, 'dropout': 0.18324654248173228, 'hidden_continuous_size': 58, 'attention_head_size': 4, 'learning_rate': 0.008808580822054785}. Best is trial 3 with value: 0.0700845941901207.
LOCAL_RANK: 0 - CUDA_VISIBLE_DEVICES: [0]
[I 2023-11-30 15:56:09,563] Trial 6 finished with value: 0.48972663283348083 and parameters: {'gradient_clip_val': 0.28653014000521365, 'hidden_size': 24, 'dropout': 0.15350923603895852, 'hidden_continuous_size': 13, 'attention_head_size': 1, 'learning_rate': 0.008238147192501159}. Best is trial 3 with value: 0.0700845941901207.
LOCAL_RANK: 0 - CUDA_VISIBLE_DEVICES: [0]
[I 2023-11-30 15:56:23,999] Trial 7 finished with value: 1.6262212991714478 and parameters: {'gradient_clip_val': 0.10471648194038827, 'hidden_size': 46, 'dropout': 0.3754814287838172, 'hidden_continuous_size': 20, 'attention_head_size': 1, 'learning_rate': 0.0011235488738530895}. Best is trial 3 with value: 0.0700845941901207.
LOCAL_RANK: 0 - CUDA_VISIBLE_DEVICES: [0]
[I 2023-11-30 15:56:37,390] Trial 8 finished with value: 0.13977225124835968 and parameters: {'gradient_clip_val': 0.23167671442690696, 'hidden_size': 44, 'dropout': 0.26059749218560435, 'hidden_continuous_size': 12, 'attention_head_size': 4, 'learning_rate': 0.036477956261518354}. Best is trial 3 with value: 0.0700845941901207.
LOCAL_RANK: 0 - CUDA_VISIBLE_DEVICES: [0]
[I 2023-11-30 15:56:50,519] Trial 9 finished with value: 0.09427294880151749 and parameters: {'gradient_clip_val': 0.12601755038586598, 'hidden_size': 33, 'dropout': 0.20925209036914513, 'hidden_continuous_size': 12, 'attention_head_size': 4, 'learning_rate': 0.07503308983017754}. Best is trial 3 with value: 0.0700845941901207.
LOCAL_RANK: 0 - CUDA_VISIBLE_DEVICES: [0]
