[I 2023-11-30 13:55:16,357] Trial 91 finished with value: 0.1383197158575058 and parameters: {'gradient_clip_val': 0.7623779930374842, 'hidden_size': 115, 'dropout': 0.35610588751197136, 'hidden_continuous_size': 40, 'attention_head_size': 2, 'learning_rate': 0.03378608338073465}. Best is trial 85 with value: 0.09438735246658325.
LOCAL_RANK: 0 - CUDA_VISIBLE_DEVICES: [0]
[I 2023-11-30 13:55:31,025] Trial 92 finished with value: 0.1581830531358719 and parameters: {'gradient_clip_val': 0.6545462027301636, 'hidden_size': 128, 'dropout': 0.3734931123449222, 'hidden_continuous_size': 45, 'attention_head_size': 2, 'learning_rate': 0.04507214240739142}. Best is trial 85 with value: 0.09438735246658325.
LOCAL_RANK: 0 - CUDA_VISIBLE_DEVICES: [0]
[I 2023-11-30 13:55:45,136] Trial 93 finished with value: 0.2939740717411041 and parameters: {'gradient_clip_val': 0.7270765653448399, 'hidden_size': 136, 'dropout': 0.3655030078528687, 'hidden_continuous_size': 39, 'attention_head_size': 2, 'learning_rate': 0.037164860121640574}. Best is trial 85 with value: 0.09438735246658325.
LOCAL_RANK: 0 - CUDA_VISIBLE_DEVICES: [0]
[I 2023-11-30 13:55:59,179] Trial 94 finished with value: 0.11229073256254196 and parameters: {'gradient_clip_val': 0.8274992234483408, 'hidden_size': 115, 'dropout': 0.390489843443285, 'hidden_continuous_size': 48, 'attention_head_size': 2, 'learning_rate': 0.022704594697695007}. Best is trial 85 with value: 0.09438735246658325.
LOCAL_RANK: 0 - CUDA_VISIBLE_DEVICES: [0]
[I 2023-11-30 13:56:13,228] Trial 95 finished with value: 0.10702743381261826 and parameters: {'gradient_clip_val': 0.8125325367751438, 'hidden_size': 98, 'dropout': 0.38753545771852077, 'hidden_continuous_size': 48, 'attention_head_size': 3, 'learning_rate': 0.02270304384281485}. Best is trial 85 with value: 0.09438735246658325.
LOCAL_RANK: 0 - CUDA_VISIBLE_DEVICES: [0]
[I 2023-11-30 13:56:27,139] Trial 96 finished with value: 0.15903007984161377 and parameters: {'gradient_clip_val': 0.8943126128187564, 'hidden_size': 84, 'dropout': 0.38599744947823134, 'hidden_continuous_size': 52, 'attention_head_size': 3, 'learning_rate': 0.025053769010684256}. Best is trial 85 with value: 0.09438735246658325.
LOCAL_RANK: 0 - CUDA_VISIBLE_DEVICES: [0]
[I 2023-11-30 13:56:41,375] Trial 97 finished with value: 0.12593956291675568 and parameters: {'gradient_clip_val': 0.964248335151091, 'hidden_size': 78, 'dropout': 0.3778536424972201, 'hidden_continuous_size': 58, 'attention_head_size': 3, 'learning_rate': 0.021233451071545572}. Best is trial 85 with value: 0.09438735246658325.
LOCAL_RANK: 0 - CUDA_VISIBLE_DEVICES: [0]
[I 2023-11-30 13:56:55,540] Trial 98 finished with value: 0.20376436412334442 and parameters: {'gradient_clip_val': 0.8075741836777999, 'hidden_size': 99, 'dropout': 0.3950603122148053, 'hidden_continuous_size': 55, 'attention_head_size': 3, 'learning_rate': 0.028091213453420784}. Best is trial 85 with value: 0.09438735246658325.
LOCAL_RANK: 0 - CUDA_VISIBLE_DEVICES: [0]
[I 2023-11-30 13:57:09,610] Trial 99 finished with value: 0.15309694409370422 and parameters: {'gradient_clip_val': 0.7424975323181146, 'hidden_size': 94, 'dropout': 0.3704098208295473, 'hidden_continuous_size': 44, 'attention_head_size': 3, 'learning_rate': 0.056527768246797304}. Best is trial 85 with value: 0.09438735246658325.
LOCAL_RANK: 0 - CUDA_VISIBLE_DEVICES: [0]
[I 2023-11-30 13:57:23,734] Trial 100 finished with value: 0.16469426453113556 and parameters: {'gradient_clip_val': 0.8573974202711084, 'hidden_size': 102, 'dropout': 0.30956436379130053, 'hidden_continuous_size': 48, 'attention_head_size': 3, 'learning_rate': 0.07169137217876854}. Best is trial 85 with value: 0.09438735246658325.
LOCAL_RANK: 0 - CUDA_VISIBLE_DEVICES: [0]
[I 2023-11-30 13:57:37,853] Trial 101 finished with value: 0.13618874549865723 and parameters: {'gradient_clip_val': 0.8331325215547616, 'hidden_size': 117, 'dropout': 0.3867712756145252, 'hidden_continuous_size': 50, 'attention_head_size': 3, 'learning_rate': 0.023520626350830545}. Best is trial 85 with value: 0.09438735246658325.
LOCAL_RANK: 0 - CUDA_VISIBLE_DEVICES: [0]
[I 2023-11-30 13:57:51,857] Trial 102 finished with value: 0.16974467039108276 and parameters: {'gradient_clip_val': 0.7863147884452469, 'hidden_size': 87, 'dropout': 0.3939559077691022, 'hidden_continuous_size': 48, 'attention_head_size': 2, 'learning_rate': 0.015075512341905154}. Best is trial 85 with value: 0.09438735246658325.
LOCAL_RANK: 0 - CUDA_VISIBLE_DEVICES: [0]
[I 2023-11-30 13:58:05,912] Trial 103 finished with value: 0.12122581154108047 and parameters: {'gradient_clip_val': 0.917902099183923, 'hidden_size': 112, 'dropout': 0.38942911525158197, 'hidden_continuous_size': 53, 'attention_head_size': 3, 'learning_rate': 0.022594161793702744}. Best is trial 85 with value: 0.09438735246658325.
LOCAL_RANK: 0 - CUDA_VISIBLE_DEVICES: [0]
[I 2023-11-30 13:58:19,795] Trial 104 finished with value: 0.15766489505767822 and parameters: {'gradient_clip_val': 0.7013867433434818, 'hidden_size': 97, 'dropout': 0.3787270046060882, 'hidden_continuous_size': 42, 'attention_head_size': 3, 'learning_rate': 0.030221633029452778}. Best is trial 85 with value: 0.09438735246658325.
LOCAL_RANK: 0 - CUDA_VISIBLE_DEVICES: [0]
[I 2023-11-30 13:58:33,885] Trial 105 finished with value: 0.11589374393224716 and parameters: {'gradient_clip_val': 0.8262329852998859, 'hidden_size': 106, 'dropout': 0.37022457318579, 'hidden_continuous_size': 46, 'attention_head_size': 2, 'learning_rate': 0.020308753891957205}. Best is trial 85 with value: 0.09438735246658325.
LOCAL_RANK: 0 - CUDA_VISIBLE_DEVICES: [0]
[I 2023-11-30 13:58:48,125] Trial 106 finished with value: 0.18128877878189087 and parameters: {'gradient_clip_val': 0.7548917361706727, 'hidden_size': 127, 'dropout': 0.3599074353078303, 'hidden_continuous_size': 58, 'attention_head_size': 3, 'learning_rate': 0.01916455817933322}. Best is trial 85 with value: 0.09438735246658325.
LOCAL_RANK: 0 - CUDA_VISIBLE_DEVICES: [0]
[I 2023-11-30 13:59:03,037] Trial 107 finished with value: 0.16930627822875977 and parameters: {'gradient_clip_val': 0.8763904805849363, 'hidden_size': 141, 'dropout': 0.382794329176048, 'hidden_continuous_size': 117, 'attention_head_size': 3, 'learning_rate': 0.027393573058584447}. Best is trial 85 with value: 0.09438735246658325.
LOCAL_RANK: 0 - CUDA_VISIBLE_DEVICES: [0]
[I 2023-11-30 13:59:16,861] Trial 108 finished with value: 0.15880119800567627 and parameters: {'gradient_clip_val': 0.9417504885888646, 'hidden_size': 81, 'dropout': 0.3985086206649897, 'hidden_continuous_size': 51, 'attention_head_size': 2, 'learning_rate': 0.033939340720647214}. Best is trial 85 with value: 0.09438735246658325.
LOCAL_RANK: 0 - CUDA_VISIBLE_DEVICES: [0]
[I 2023-11-30 13:59:30,739] Trial 109 finished with value: 0.11973243951797485 and parameters: {'gradient_clip_val': 0.7962113234155863, 'hidden_size': 68, 'dropout': 0.33472927584048295, 'hidden_continuous_size': 60, 'attention_head_size': 3, 'learning_rate': 0.01803104086572547}. Best is trial 85 with value: 0.09438735246658325.
LOCAL_RANK: 0 - CUDA_VISIBLE_DEVICES: [0]
[I 2023-11-30 13:59:44,984] Trial 110 finished with value: 0.22530753910541534 and parameters: {'gradient_clip_val': 0.6616324563974263, 'hidden_size': 89, 'dropout': 0.3433382611341916, 'hidden_continuous_size': 70, 'attention_head_size': 3, 'learning_rate': 0.02516990077335914}. Best is trial 85 with value: 0.09438735246658325.
LOCAL_RANK: 0 - CUDA_VISIBLE_DEVICES: [0]
[I 2023-11-30 13:59:58,925] Trial 111 finished with value: 0.15039749443531036 and parameters: {'gradient_clip_val': 0.7213703690290525, 'hidden_size': 116, 'dropout': 0.37287103943843725, 'hidden_continuous_size': 39, 'attention_head_size': 2, 'learning_rate': 0.03814860038963411}. Best is trial 85 with value: 0.09438735246658325.
LOCAL_RANK: 0 - CUDA_VISIBLE_DEVICES: [0]
[I 2023-11-30 14:00:13,221] Trial 112 finished with value: 0.11379317194223404 and parameters: {'gradient_clip_val': 0.6866886755323051, 'hidden_size': 124, 'dropout': 0.35299947688145844, 'hidden_continuous_size': 41, 'attention_head_size': 2, 'learning_rate': 0.048497658061157904}. Best is trial 85 with value: 0.09438735246658325.
LOCAL_RANK: 0 - CUDA_VISIBLE_DEVICES: [0]
[I 2023-11-30 14:00:27,522] Trial 113 finished with value: 0.1551571637392044 and parameters: {'gradient_clip_val': 0.625988307725052, 'hidden_size': 133, 'dropout': 0.3663932658831122, 'hidden_continuous_size': 36, 'attention_head_size': 2, 'learning_rate': 0.04119518643012629}. Best is trial 85 with value: 0.09438735246658325.
LOCAL_RANK: 0 - CUDA_VISIBLE_DEVICES: [0]
[I 2023-11-30 14:00:41,513] Trial 114 finished with value: 0.07941942662000656 and parameters: {'gradient_clip_val': 0.7753148879620094, 'hidden_size': 110, 'dropout': 0.3783789484297731, 'hidden_continuous_size': 44, 'attention_head_size': 2, 'learning_rate': 0.030694050187703534}. Best is trial 114 with value: 0.07941942662000656.
LOCAL_RANK: 0 - CUDA_VISIBLE_DEVICES: [0]
[I 2023-11-30 14:00:55,535] Trial 115 finished with value: 0.1304219514131546 and parameters: {'gradient_clip_val': 0.851746276907752, 'hidden_size': 105, 'dropout': 0.3906865381737046, 'hidden_continuous_size': 44, 'attention_head_size': 2, 'learning_rate': 0.0313588281590768}. Best is trial 114 with value: 0.07941942662000656.
LOCAL_RANK: 0 - CUDA_VISIBLE_DEVICES: [0]
[I 2023-11-30 14:01:09,616] Trial 116 finished with value: 0.12694011628627777 and parameters: {'gradient_clip_val': 0.7863505281854831, 'hidden_size': 111, 'dropout': 0.37642016155465124, 'hidden_continuous_size': 49, 'attention_head_size': 1, 'learning_rate': 0.027830472744364135}. Best is trial 114 with value: 0.07941942662000656.
LOCAL_RANK: 0 - CUDA_VISIBLE_DEVICES: [0]
[I 2023-11-30 14:01:23,827] Trial 117 finished with value: 0.11633672565221786 and parameters: {'gradient_clip_val': 0.7413076348915077, 'hidden_size': 94, 'dropout': 0.3843965774868939, 'hidden_continuous_size': 55, 'attention_head_size': 3, 'learning_rate': 0.034827730242055224}. Best is trial 114 with value: 0.07941942662000656.
LOCAL_RANK: 0 - CUDA_VISIBLE_DEVICES: [0]
[I 2023-11-30 14:01:37,742] Trial 118 finished with value: 0.17132668197155 and parameters: {'gradient_clip_val': 0.8923329845800271, 'hidden_size': 100, 'dropout': 0.39338382802376687, 'hidden_continuous_size': 45, 'attention_head_size': 2, 'learning_rate': 0.02204587510641362}. Best is trial 114 with value: 0.07941942662000656.
LOCAL_RANK: 0 - CUDA_VISIBLE_DEVICES: [0]
[I 2023-11-30 14:01:51,953] Trial 119 finished with value: 0.11178705841302872 and parameters: {'gradient_clip_val': 0.776008781388547, 'hidden_size': 75, 'dropout': 0.3785013757624957, 'hidden_continuous_size': 65, 'attention_head_size': 3, 'learning_rate': 0.046069377558727864}. Best is trial 114 with value: 0.07941942662000656.
LOCAL_RANK: 0 - CUDA_VISIBLE_DEVICES: [0]
[I 2023-11-30 14:02:06,040] Trial 120 finished with value: 0.13568133115768433 and parameters: {'gradient_clip_val': 0.9845643449360459, 'hidden_size': 77, 'dropout': 0.3594163025724039, 'hidden_continuous_size': 67, 'attention_head_size': 3, 'learning_rate': 0.04550255154346505}. Best is trial 114 with value: 0.07941942662000656.
LOCAL_RANK: 0 - CUDA_VISIBLE_DEVICES: [0]
[I 2023-11-30 14:02:19,952] Trial 121 finished with value: 0.1454980969429016 and parameters: {'gradient_clip_val': 0.81625370543112, 'hidden_size': 73, 'dropout': 0.3798028776331678, 'hidden_continuous_size': 62, 'attention_head_size': 3, 'learning_rate': 0.0503284265191484}. Best is trial 114 with value: 0.07941942662000656.
LOCAL_RANK: 0 - CUDA_VISIBLE_DEVICES: [0]
[I 2023-11-30 14:02:34,053] Trial 122 finished with value: 0.14298295974731445 and parameters: {'gradient_clip_val': 0.7723254984413063, 'hidden_size': 85, 'dropout': 0.3874785353232265, 'hidden_continuous_size': 47, 'attention_head_size': 3, 'learning_rate': 0.056113268727808176}. Best is trial 114 with value: 0.07941942662000656.
LOCAL_RANK: 0 - CUDA_VISIBLE_DEVICES: [0]
[I 2023-11-30 14:02:47,736] Trial 123 finished with value: 0.1090134009718895 and parameters: {'gradient_clip_val': 0.8431198880129467, 'hidden_size': 62, 'dropout': 0.3725774743886621, 'hidden_continuous_size': 54, 'attention_head_size': 3, 'learning_rate': 0.030107227836561296}. Best is trial 114 with value: 0.07941942662000656.
LOCAL_RANK: 0 - CUDA_VISIBLE_DEVICES: [0]
[I 2023-11-30 14:03:01,571] Trial 124 finished with value: 0.2557086944580078 and parameters: {'gradient_clip_val': 0.7054033041417991, 'hidden_size': 61, 'dropout': 0.36753322125241583, 'hidden_continuous_size': 57, 'attention_head_size': 3, 'learning_rate': 0.061688779617962784}. Best is trial 114 with value: 0.07941942662000656.
LOCAL_RANK: 0 - CUDA_VISIBLE_DEVICES: [0]
[I 2023-11-30 14:03:15,368] Trial 125 finished with value: 0.1251291036605835 and parameters: {'gradient_clip_val': 0.9248009476781377, 'hidden_size': 65, 'dropout': 0.37278001891871776, 'hidden_continuous_size': 54, 'attention_head_size': 3, 'learning_rate': 0.030225141518448042}. Best is trial 114 with value: 0.07941942662000656.
LOCAL_RANK: 0 - CUDA_VISIBLE_DEVICES: [0]
[I 2023-11-30 14:03:29,167] Trial 126 finished with value: 0.11859991401433945 and parameters: {'gradient_clip_val': 0.865182619372653, 'hidden_size': 73, 'dropout': 0.36342313937113413, 'hidden_continuous_size': 63, 'attention_head_size': 3, 'learning_rate': 0.03922428772761743}. Best is trial 114 with value: 0.07941942662000656.
LOCAL_RANK: 0 - CUDA_VISIBLE_DEVICES: [0]
[I 2023-11-30 14:03:42,888] Trial 127 finished with value: 0.12615734338760376 and parameters: {'gradient_clip_val': 0.7508489412693173, 'hidden_size': 58, 'dropout': 0.3808150833271269, 'hidden_continuous_size': 51, 'attention_head_size': 3, 'learning_rate': 0.03372743738118948}. Best is trial 114 with value: 0.07941942662000656.
LOCAL_RANK: 0 - CUDA_VISIBLE_DEVICES: [0]
[I 2023-11-30 14:03:56,837] Trial 128 finished with value: 0.1322052925825119 and parameters: {'gradient_clip_val': 0.6772998184439772, 'hidden_size': 70, 'dropout': 0.3998352839385034, 'hidden_continuous_size': 61, 'attention_head_size': 3, 'learning_rate': 0.044344692028606136}. Best is trial 114 with value: 0.07941942662000656.
LOCAL_RANK: 0 - CUDA_VISIBLE_DEVICES: [0]
[I 2023-11-30 14:04:11,020] Trial 129 finished with value: 0.11999768018722534 and parameters: {'gradient_clip_val': 0.7766725847038563, 'hidden_size': 79, 'dropout': 0.34791673538309215, 'hidden_continuous_size': 67, 'attention_head_size': 3, 'learning_rate': 0.025986532530858437}. Best is trial 114 with value: 0.07941942662000656.
LOCAL_RANK: 0 - CUDA_VISIBLE_DEVICES: [0]
[I 2023-11-30 14:04:24,729] Trial 130 finished with value: 0.16099494695663452 and parameters: {'gradient_clip_val': 0.6487088470547252, 'hidden_size': 65, 'dropout': 0.3759010466591168, 'hidden_continuous_size': 58, 'attention_head_size': 3, 'learning_rate': 0.011555443550062112}. Best is trial 114 with value: 0.07941942662000656.
LOCAL_RANK: 0 - CUDA_VISIBLE_DEVICES: [0]
[I 2023-11-30 14:04:38,599] Trial 131 finished with value: 0.18482434749603271 and parameters: {'gradient_clip_val': 0.8380116985116766, 'hidden_size': 85, 'dropout': 0.3872746632507563, 'hidden_continuous_size': 48, 'attention_head_size': 3, 'learning_rate': 0.024144846113418803}. Best is trial 114 with value: 0.07941942662000656.
LOCAL_RANK: 0 - CUDA_VISIBLE_DEVICES: [0]
[I 2023-11-30 14:04:52,778] Trial 132 finished with value: 0.14196543395519257 and parameters: {'gradient_clip_val': 0.8179278653910398, 'hidden_size': 92, 'dropout': 0.38225105893697975, 'hidden_continuous_size': 53, 'attention_head_size': 3, 'learning_rate': 0.030405866882590626}. Best is trial 114 with value: 0.07941942662000656.
LOCAL_RANK: 0 - CUDA_VISIBLE_DEVICES: [0]
[I 2023-11-30 14:05:07,172] Trial 133 finished with value: 0.11034649610519409 and parameters: {'gradient_clip_val': 0.7225540119426306, 'hidden_size': 149, 'dropout': 0.3920975569428801, 'hidden_continuous_size': 42, 'attention_head_size': 2, 'learning_rate': 0.03696650709162458}. Best is trial 114 with value: 0.07941942662000656.
LOCAL_RANK: 0 - CUDA_VISIBLE_DEVICES: [0]
[I 2023-11-30 14:05:21,454] Trial 134 finished with value: 0.1200161799788475 and parameters: {'gradient_clip_val': 0.718793783274534, 'hidden_size': 144, 'dropout': 0.3696054719020231, 'hidden_continuous_size': 34, 'attention_head_size': 3, 'learning_rate': 0.04093528514438642}. Best is trial 114 with value: 0.07941942662000656.
LOCAL_RANK: 0 - CUDA_VISIBLE_DEVICES: [0]
[I 2023-11-30 14:05:36,467] Trial 135 finished with value: 0.16526763141155243 and parameters: {'gradient_clip_val': 0.5959835191725602, 'hidden_size': 137, 'dropout': 0.29451552722380236, 'hidden_continuous_size': 84, 'attention_head_size': 3, 'learning_rate': 0.035449749704739165}. Best is trial 114 with value: 0.07941942662000656.
LOCAL_RANK: 0 - CUDA_VISIBLE_DEVICES: [0]
[I 2023-11-30 14:05:50,969] Trial 136 finished with value: 0.12311717122793198 and parameters: {'gradient_clip_val': 0.8948466781953998, 'hidden_size': 146, 'dropout': 0.39401239822502787, 'hidden_continuous_size': 42, 'attention_head_size': 3, 'learning_rate': 0.05331101858221034}. Best is trial 114 with value: 0.07941942662000656.
LOCAL_RANK: 0 - CUDA_VISIBLE_DEVICES: [0]
[I 2023-11-30 14:06:05,462] Trial 137 finished with value: 0.12764587998390198 and parameters: {'gradient_clip_val': 0.48396018875854235, 'hidden_size': 150, 'dropout': 0.3572404728147946, 'hidden_continuous_size': 38, 'attention_head_size': 2, 'learning_rate': 0.04756720793194036}. Best is trial 114 with value: 0.07941942662000656.
LOCAL_RANK: 0 - CUDA_VISIBLE_DEVICES: [0]
[I 2023-11-30 14:06:18,990] Trial 138 finished with value: 0.09621566534042358 and parameters: {'gradient_clip_val': 0.7389789367692229, 'hidden_size': 51, 'dropout': 0.3774398187517261, 'hidden_continuous_size': 49, 'attention_head_size': 3, 'learning_rate': 0.037016472415753635}. Best is trial 114 with value: 0.07941942662000656.
LOCAL_RANK: 0 - CUDA_VISIBLE_DEVICES: [0]
[I 2023-11-30 14:06:32,505] Trial 139 finished with value: 0.12849025428295135 and parameters: {'gradient_clip_val': 0.742086935383067, 'hidden_size': 50, 'dropout': 0.32719453492270195, 'hidden_continuous_size': 47, 'attention_head_size': 3, 'learning_rate': 0.037711472627402175}. Best is trial 114 with value: 0.07941942662000656.
LOCAL_RANK: 0 - CUDA_VISIBLE_DEVICES: [0]
[I 2023-11-30 14:06:45,985] Trial 140 finished with value: 0.2917037010192871 and parameters: {'gradient_clip_val': 0.9535874653231642, 'hidden_size': 56, 'dropout': 0.3768081422342469, 'hidden_continuous_size': 51, 'attention_head_size': 3, 'learning_rate': 0.03239992255226966}. Best is trial 114 with value: 0.07941942662000656.
LOCAL_RANK: 0 - CUDA_VISIBLE_DEVICES: [0]
[I 2023-11-30 14:06:59,941] Trial 141 finished with value: 0.1367683857679367 and parameters: {'gradient_clip_val': 0.698091248100899, 'hidden_size': 69, 'dropout': 0.38437148704184776, 'hidden_continuous_size': 56, 'attention_head_size': 3, 'learning_rate': 0.036649281327020757}. Best is trial 114 with value: 0.07941942662000656.
LOCAL_RANK: 0 - CUDA_VISIBLE_DEVICES: [0]
[I 2023-11-30 14:07:13,805] Trial 142 finished with value: 0.12142524868249893 and parameters: {'gradient_clip_val': 0.7903142580649001, 'hidden_size': 63, 'dropout': 0.37272202671319865, 'hidden_continuous_size': 54, 'attention_head_size': 3, 'learning_rate': 0.028548471063387242}. Best is trial 114 with value: 0.07941942662000656.
LOCAL_RANK: 0 - CUDA_VISIBLE_DEVICES: [0]
[I 2023-11-30 14:07:27,167] Trial 143 finished with value: 0.09187857061624527 and parameters: {'gradient_clip_val': 0.7355325419474279, 'hidden_size': 43, 'dropout': 0.27320440859270473, 'hidden_continuous_size': 41, 'attention_head_size': 3, 'learning_rate': 0.03230919387939713}. Best is trial 114 with value: 0.07941942662000656.
LOCAL_RANK: 0 - CUDA_VISIBLE_DEVICES: [0]
[I 2023-11-30 14:07:40,574] Trial 144 finished with value: 0.14855115115642548 and parameters: {'gradient_clip_val': 0.7492419684147159, 'hidden_size': 45, 'dropout': 0.27874774420471166, 'hidden_continuous_size': 43, 'attention_head_size': 3, 'learning_rate': 0.04350563605795989}. Best is trial 114 with value: 0.07941942662000656.
LOCAL_RANK: 0 - CUDA_VISIBLE_DEVICES: [0]
[I 2023-11-30 14:07:54,808] Trial 145 finished with value: 0.14566956460475922 and parameters: {'gradient_clip_val': 0.8550254827995509, 'hidden_size': 130, 'dropout': 0.2465094509637119, 'hidden_continuous_size': 40, 'attention_head_size': 3, 'learning_rate': 0.02820512247715237}. Best is trial 114 with value: 0.07941942662000656.
LOCAL_RANK: 0 - CUDA_VISIBLE_DEVICES: [0]
[I 2023-11-30 14:08:07,875] Trial 146 finished with value: 0.13270969688892365 and parameters: {'gradient_clip_val': 0.6598597019894314, 'hidden_size': 39, 'dropout': 0.27516956466528686, 'hidden_continuous_size': 38, 'attention_head_size': 2, 'learning_rate': 0.033105506867971535}. Best is trial 114 with value: 0.07941942662000656.
LOCAL_RANK: 0 - CUDA_VISIBLE_DEVICES: [0]
[I 2023-11-30 14:08:21,303] Trial 147 finished with value: 0.1012364849448204 and parameters: {'gradient_clip_val': 0.7822013829713371, 'hidden_size': 41, 'dropout': 0.2699415609250829, 'hidden_continuous_size': 40, 'attention_head_size': 3, 'learning_rate': 0.04164577189854855}. Best is trial 114 with value: 0.07941942662000656.
LOCAL_RANK: 0 - CUDA_VISIBLE_DEVICES: [0]
[I 2023-11-30 14:08:34,621] Trial 148 finished with value: 0.11520212143659592 and parameters: {'gradient_clip_val': 0.7212584702002627, 'hidden_size': 45, 'dropout': 0.26810717193140715, 'hidden_continuous_size': 43, 'attention_head_size': 3, 'learning_rate': 0.03979669523115431}. Best is trial 114 with value: 0.07941942662000656.
LOCAL_RANK: 0 - CUDA_VISIBLE_DEVICES: [0]
