[I 2023-11-30 05:00:55,101] Trial 118 finished with value: 0.19499187171459198 and parameters: {'gradient_clip_val': 0.12743234605856404, 'hidden_size': 80, 'dropout': 0.12065602611591214, 'hidden_continuous_size': 55, 'attention_head_size': 3, 'learning_rate': 0.015124057517583151}. Best is trial 61 with value: 0.08651825785636902.
LOCAL_RANK: 0 - CUDA_VISIBLE_DEVICES: [0]
[I 2023-11-30 05:01:09,035] Trial 119 finished with value: 0.1629190742969513 and parameters: {'gradient_clip_val': 0.17802587175465603, 'hidden_size': 100, 'dropout': 0.20686318196060827, 'hidden_continuous_size': 40, 'attention_head_size': 3, 'learning_rate': 0.019604354556832824}. Best is trial 61 with value: 0.08651825785636902.
LOCAL_RANK: 0 - CUDA_VISIBLE_DEVICES: [0]
[I 2023-11-30 05:01:22,791] Trial 120 finished with value: 0.1130203828215599 and parameters: {'gradient_clip_val': 0.19460438580658102, 'hidden_size': 74, 'dropout': 0.1681419677064322, 'hidden_continuous_size': 51, 'attention_head_size': 2, 'learning_rate': 0.024183705762930857}. Best is trial 61 with value: 0.08651825785636902.
LOCAL_RANK: 0 - CUDA_VISIBLE_DEVICES: [0]
[I 2023-11-30 05:01:36,557] Trial 121 finished with value: 0.19556033611297607 and parameters: {'gradient_clip_val': 0.12429686105585894, 'hidden_size': 84, 'dropout': 0.160438550286298, 'hidden_continuous_size': 45, 'attention_head_size': 2, 'learning_rate': 0.030631235328517862}. Best is trial 61 with value: 0.08651825785636902.
LOCAL_RANK: 0 - CUDA_VISIBLE_DEVICES: [0]
[I 2023-11-30 05:01:50,661] Trial 122 finished with value: 0.12646014988422394 and parameters: {'gradient_clip_val': 0.11787305962411015, 'hidden_size': 105, 'dropout': 0.17262429619233846, 'hidden_continuous_size': 43, 'attention_head_size': 2, 'learning_rate': 0.025745515579447955}. Best is trial 61 with value: 0.08651825785636902.
LOCAL_RANK: 0 - CUDA_VISIBLE_DEVICES: [0]
[I 2023-11-30 05:02:04,811] Trial 123 finished with value: 0.16194204986095428 and parameters: {'gradient_clip_val': 0.10780632219801116, 'hidden_size': 90, 'dropout': 0.14732455907424075, 'hidden_continuous_size': 53, 'attention_head_size': 2, 'learning_rate': 0.03529381012059224}. Best is trial 61 with value: 0.08651825785636902.
LOCAL_RANK: 0 - CUDA_VISIBLE_DEVICES: [0]
[I 2023-11-30 05:02:18,696] Trial 124 finished with value: 0.1246902123093605 and parameters: {'gradient_clip_val': 0.13954363734692982, 'hidden_size': 97, 'dropout': 0.12753804046688796, 'hidden_continuous_size': 36, 'attention_head_size': 2, 'learning_rate': 0.017631623722372133}. Best is trial 61 with value: 0.08651825785636902.
LOCAL_RANK: 0 - CUDA_VISIBLE_DEVICES: [0]
[I 2023-11-30 05:02:32,978] Trial 125 finished with value: 0.13852761685848236 and parameters: {'gradient_clip_val': 0.14835374241825605, 'hidden_size': 111, 'dropout': 0.18229229314066595, 'hidden_continuous_size': 65, 'attention_head_size': 3, 'learning_rate': 0.028576346897328107}. Best is trial 61 with value: 0.08651825785636902.
LOCAL_RANK: 0 - CUDA_VISIBLE_DEVICES: [0]
[I 2023-11-30 05:02:46,613] Trial 126 finished with value: 0.15968476235866547 and parameters: {'gradient_clip_val': 0.13212658750032394, 'hidden_size': 76, 'dropout': 0.15630783428700665, 'hidden_continuous_size': 50, 'attention_head_size': 2, 'learning_rate': 0.02276858536321991}. Best is trial 61 with value: 0.08651825785636902.
LOCAL_RANK: 0 - CUDA_VISIBLE_DEVICES: [0]
[I 2023-11-30 05:03:00,733] Trial 127 finished with value: 0.16673992574214935 and parameters: {'gradient_clip_val': 0.16476573994405336, 'hidden_size': 91, 'dropout': 0.188811897385742, 'hidden_continuous_size': 47, 'attention_head_size': 3, 'learning_rate': 0.0201867329276202}. Best is trial 61 with value: 0.08651825785636902.
LOCAL_RANK: 0 - CUDA_VISIBLE_DEVICES: [0]
[I 2023-11-30 05:03:14,682] Trial 128 finished with value: 0.15371288359165192 and parameters: {'gradient_clip_val': 0.12034716203157352, 'hidden_size': 79, 'dropout': 0.16351241997711324, 'hidden_continuous_size': 56, 'attention_head_size': 3, 'learning_rate': 0.051139174687345884}. Best is trial 61 with value: 0.08651825785636902.
LOCAL_RANK: 0 - CUDA_VISIBLE_DEVICES: [0]
[I 2023-11-30 05:03:28,178] Trial 129 finished with value: 0.14197765290737152 and parameters: {'gradient_clip_val': 0.15604868761101437, 'hidden_size': 61, 'dropout': 0.13468579342043693, 'hidden_continuous_size': 54, 'attention_head_size': 2, 'learning_rate': 0.011278562019362576}. Best is trial 61 with value: 0.08651825785636902.
LOCAL_RANK: 0 - CUDA_VISIBLE_DEVICES: [0]
[I 2023-11-30 05:03:41,957] Trial 130 finished with value: 0.13939882814884186 and parameters: {'gradient_clip_val': 0.11444742745841775, 'hidden_size': 68, 'dropout': 0.11539300526613762, 'hidden_continuous_size': 58, 'attention_head_size': 3, 'learning_rate': 0.014446322079565524}. Best is trial 61 with value: 0.08651825785636902.
LOCAL_RANK: 0 - CUDA_VISIBLE_DEVICES: [0]
[I 2023-11-30 05:03:56,124] Trial 131 finished with value: 0.11278295516967773 and parameters: {'gradient_clip_val': 0.1963339128938288, 'hidden_size': 104, 'dropout': 0.10632527444978626, 'hidden_continuous_size': 69, 'attention_head_size': 2, 'learning_rate': 0.02274629908369069}. Best is trial 61 with value: 0.08651825785636902.
LOCAL_RANK: 0 - CUDA_VISIBLE_DEVICES: [0]
[I 2023-11-30 05:04:10,202] Trial 132 finished with value: 0.30452510714530945 and parameters: {'gradient_clip_val': 0.21553253569673264, 'hidden_size': 115, 'dropout': 0.12383916684790461, 'hidden_continuous_size': 61, 'attention_head_size': 2, 'learning_rate': 0.01686752942286363}. Best is trial 61 with value: 0.08651825785636902.
LOCAL_RANK: 0 - CUDA_VISIBLE_DEVICES: [0]
[I 2023-11-30 05:04:24,455] Trial 133 finished with value: 0.14576616883277893 and parameters: {'gradient_clip_val': 0.19021221591696658, 'hidden_size': 129, 'dropout': 0.11304119077690897, 'hidden_continuous_size': 39, 'attention_head_size': 2, 'learning_rate': 0.026017708276009306}. Best is trial 61 with value: 0.08651825785636902.
LOCAL_RANK: 0 - CUDA_VISIBLE_DEVICES: [0]
[I 2023-11-30 05:04:38,436] Trial 134 finished with value: 0.11260950565338135 and parameters: {'gradient_clip_val': 0.17200922899287813, 'hidden_size': 96, 'dropout': 0.14149467940030272, 'hidden_continuous_size': 62, 'attention_head_size': 2, 'learning_rate': 0.021300513827311084}. Best is trial 61 with value: 0.08651825785636902.
LOCAL_RANK: 0 - CUDA_VISIBLE_DEVICES: [0]
[I 2023-11-30 05:04:52,665] Trial 135 finished with value: 0.18280862271785736 and parameters: {'gradient_clip_val': 0.26053932489889947, 'hidden_size': 119, 'dropout': 0.11781808836748107, 'hidden_continuous_size': 71, 'attention_head_size': 2, 'learning_rate': 0.032291571652070625}. Best is trial 61 with value: 0.08651825785636902.
LOCAL_RANK: 0 - CUDA_VISIBLE_DEVICES: [0]
[I 2023-11-30 05:05:06,750] Trial 136 finished with value: 0.11265066266059875 and parameters: {'gradient_clip_val': 0.3195246462947601, 'hidden_size': 86, 'dropout': 0.13282582221523964, 'hidden_continuous_size': 66, 'attention_head_size': 1, 'learning_rate': 0.01874081988801181}. Best is trial 61 with value: 0.08651825785636902.
LOCAL_RANK: 0 - CUDA_VISIBLE_DEVICES: [0]
[I 2023-11-30 05:05:20,782] Trial 137 finished with value: 0.1484183818101883 and parameters: {'gradient_clip_val': 0.292387350163404, 'hidden_size': 102, 'dropout': 0.17622973416163992, 'hidden_continuous_size': 42, 'attention_head_size': 3, 'learning_rate': 0.037759676780202256}. Best is trial 61 with value: 0.08651825785636902.
LOCAL_RANK: 0 - CUDA_VISIBLE_DEVICES: [0]
[I 2023-11-30 05:05:34,358] Trial 138 finished with value: 0.166711688041687 and parameters: {'gradient_clip_val': 0.18354183633954527, 'hidden_size': 56, 'dropout': 0.1485135917208384, 'hidden_continuous_size': 53, 'attention_head_size': 2, 'learning_rate': 0.027548189641429507}. Best is trial 61 with value: 0.08651825785636902.
LOCAL_RANK: 0 - CUDA_VISIBLE_DEVICES: [0]
[I 2023-11-30 05:05:48,373] Trial 139 finished with value: 0.15721893310546875 and parameters: {'gradient_clip_val': 0.14282620637496332, 'hidden_size': 82, 'dropout': 0.12791085100884633, 'hidden_continuous_size': 63, 'attention_head_size': 3, 'learning_rate': 0.01613254481983673}. Best is trial 61 with value: 0.08651825785636902.
LOCAL_RANK: 0 - CUDA_VISIBLE_DEVICES: [0]
[I 2023-11-30 05:06:02,537] Trial 140 finished with value: 0.17853017151355743 and parameters: {'gradient_clip_val': 0.1997847676503551, 'hidden_size': 73, 'dropout': 0.10071315604223177, 'hidden_continuous_size': 59, 'attention_head_size': 3, 'learning_rate': 0.024428686688481624}. Best is trial 61 with value: 0.08651825785636902.
LOCAL_RANK: 0 - CUDA_VISIBLE_DEVICES: [0]
[I 2023-11-30 05:06:16,374] Trial 141 finished with value: 0.0934697613120079 and parameters: {'gradient_clip_val': 0.1293721279576985, 'hidden_size': 66, 'dropout': 0.17900073093802207, 'hidden_continuous_size': 51, 'attention_head_size': 3, 'learning_rate': 0.030409095713352926}. Best is trial 61 with value: 0.08651825785636902.
LOCAL_RANK: 0 - CUDA_VISIBLE_DEVICES: [0]
[I 2023-11-30 05:06:29,989] Trial 142 finished with value: 0.12692131102085114 and parameters: {'gradient_clip_val': 0.13674714333827873, 'hidden_size': 66, 'dropout': 0.1793394846568343, 'hidden_continuous_size': 56, 'attention_head_size': 3, 'learning_rate': 0.03014541937357917}. Best is trial 61 with value: 0.08651825785636902.
LOCAL_RANK: 0 - CUDA_VISIBLE_DEVICES: [0]
[I 2023-11-30 05:06:43,758] Trial 143 finished with value: 0.14473554491996765 and parameters: {'gradient_clip_val': 0.12649403358221095, 'hidden_size': 62, 'dropout': 0.15463455157798517, 'hidden_continuous_size': 50, 'attention_head_size': 3, 'learning_rate': 0.04218839165982942}. Best is trial 61 with value: 0.08651825785636902.
LOCAL_RANK: 0 - CUDA_VISIBLE_DEVICES: [0]
[I 2023-11-30 05:06:57,558] Trial 144 finished with value: 0.11184056848287582 and parameters: {'gradient_clip_val': 0.1613810992735689, 'hidden_size': 71, 'dropout': 0.17230062109735678, 'hidden_continuous_size': 48, 'attention_head_size': 3, 'learning_rate': 0.033948909906890985}. Best is trial 61 with value: 0.08651825785636902.
LOCAL_RANK: 0 - CUDA_VISIBLE_DEVICES: [0]
[I 2023-11-30 05:07:11,551] Trial 145 finished with value: 0.17651653289794922 and parameters: {'gradient_clip_val': 0.3633326481952377, 'hidden_size': 92, 'dropout': 0.16637979413668647, 'hidden_continuous_size': 46, 'attention_head_size': 3, 'learning_rate': 0.02166189931063775}. Best is trial 61 with value: 0.08651825785636902.
LOCAL_RANK: 0 - CUDA_VISIBLE_DEVICES: [0]
[I 2023-11-30 05:07:25,582] Trial 146 finished with value: 0.17949672043323517 and parameters: {'gradient_clip_val': 0.13205774423318864, 'hidden_size': 87, 'dropout': 0.10949230448154777, 'hidden_continuous_size': 50, 'attention_head_size': 3, 'learning_rate': 0.018563184040453345}. Best is trial 61 with value: 0.08651825785636902.
LOCAL_RANK: 0 - CUDA_VISIBLE_DEVICES: [0]
[I 2023-11-30 05:07:39,551] Trial 147 finished with value: 0.11488965898752213 and parameters: {'gradient_clip_val': 0.15216167630631372, 'hidden_size': 111, 'dropout': 0.19819643422741207, 'hidden_continuous_size': 44, 'attention_head_size': 2, 'learning_rate': 0.028064530317650292}. Best is trial 61 with value: 0.08651825785636902.
LOCAL_RANK: 0 - CUDA_VISIBLE_DEVICES: [0]
[I 2023-11-30 05:07:53,279] Trial 148 finished with value: 0.13270287215709686 and parameters: {'gradient_clip_val': 0.1463941089124142, 'hidden_size': 53, 'dropout': 0.1882766885960694, 'hidden_continuous_size': 52, 'attention_head_size': 3, 'learning_rate': 0.03983212761232542}. Best is trial 61 with value: 0.08651825785636902.
LOCAL_RANK: 0 - CUDA_VISIBLE_DEVICES: [0]
[I 2023-11-30 05:08:07,105] Trial 149 finished with value: 0.17558008432388306 and parameters: {'gradient_clip_val': 0.22173942053706944, 'hidden_size': 79, 'dropout': 0.13807679598515898, 'hidden_continuous_size': 48, 'attention_head_size': 2, 'learning_rate': 0.024778597381983358}. Best is trial 61 with value: 0.08651825785636902.
[I 2023-11-30 05:08:07,215] A new study created in memory with name: no-name-a42de603-3c05-42a0-804a-38bd04b3ceda
/home/le004/conda/anaconda3/envs/tsff_env/lib/python3.9/site-packages/lightning/fabric/plugins/environments/slurm.py:191: The `srun` command is available on your system but is not used. HINT: If your intention is to run Lightning on SLURM, prepend your python command with `srun` like so: srun python /home/le004/master_thesis/git/TSFusionForecast/code/ ...
LOCAL_RANK: 0 - CUDA_VISIBLE_DEVICES: [0]
[I 2023-11-30 05:08:20,697] Trial 0 finished with value: 1.099292516708374 and parameters: {'gradient_clip_val': 0.20287863324891828, 'hidden_size': 80, 'dropout': 0.22430603479716654, 'hidden_continuous_size': 28, 'attention_head_size': 2, 'learning_rate': 0.01785298383853042}. Best is trial 0 with value: 1.099292516708374.
LOCAL_RANK: 0 - CUDA_VISIBLE_DEVICES: [0]
[I 2023-11-30 05:08:31,288] Trial 1 finished with value: 2.452341079711914 and parameters: {'gradient_clip_val': 0.6210432926422879, 'hidden_size': 67, 'dropout': 0.2473056584852191, 'hidden_continuous_size': 67, 'attention_head_size': 1, 'learning_rate': 0.0019579351162030186}. Best is trial 0 with value: 1.099292516708374.
LOCAL_RANK: 0 - CUDA_VISIBLE_DEVICES: [0]
[I 2023-11-30 05:08:43,813] Trial 2 finished with value: 2.298344373703003 and parameters: {'gradient_clip_val': 0.11820401409043656, 'hidden_size': 21, 'dropout': 0.3356265636995447, 'hidden_continuous_size': 15, 'attention_head_size': 3, 'learning_rate': 0.024299149189268985}. Best is trial 0 with value: 1.099292516708374.
LOCAL_RANK: 0 - CUDA_VISIBLE_DEVICES: [0]
[I 2023-11-30 05:08:56,522] Trial 3 finished with value: 3.7890923023223877 and parameters: {'gradient_clip_val': 0.7702082768940641, 'hidden_size': 36, 'dropout': 0.2908757833936849, 'hidden_continuous_size': 26, 'attention_head_size': 4, 'learning_rate': 0.0019296577658391898}. Best is trial 0 with value: 1.099292516708374.
LOCAL_RANK: 0 - CUDA_VISIBLE_DEVICES: [0]
[I 2023-11-30 05:09:10,041] Trial 4 finished with value: 2.1654109954833984 and parameters: {'gradient_clip_val': 0.407719866493266, 'hidden_size': 128, 'dropout': 0.39244221729239315, 'hidden_continuous_size': 10, 'attention_head_size': 2, 'learning_rate': 0.010835840955252168}. Best is trial 0 with value: 1.099292516708374.
LOCAL_RANK: 0 - CUDA_VISIBLE_DEVICES: [0]
[I 2023-11-30 05:09:23,423] Trial 5 finished with value: 1.8338199853897095 and parameters: {'gradient_clip_val': 0.19734494484367146, 'hidden_size': 112, 'dropout': 0.30578514115483413, 'hidden_continuous_size': 11, 'attention_head_size': 2, 'learning_rate': 0.06866085326008259}. Best is trial 0 with value: 1.099292516708374.
LOCAL_RANK: 0 - CUDA_VISIBLE_DEVICES: [0]
[I 2023-11-30 05:09:35,902] Trial 6 finished with value: 2.5088136196136475 and parameters: {'gradient_clip_val': 0.20701615668416884, 'hidden_size': 33, 'dropout': 0.25495450283516186, 'hidden_continuous_size': 13, 'attention_head_size': 2, 'learning_rate': 0.009253157816694453}. Best is trial 0 with value: 1.099292516708374.
LOCAL_RANK: 0 - CUDA_VISIBLE_DEVICES: [0]
[I 2023-11-30 05:09:49,195] Trial 7 finished with value: 2.6746456623077393 and parameters: {'gradient_clip_val': 0.10465502332423017, 'hidden_size': 51, 'dropout': 0.264213230820322, 'hidden_continuous_size': 20, 'attention_head_size': 4, 'learning_rate': 0.0079125252995297}. Best is trial 0 with value: 1.099292516708374.
LOCAL_RANK: 0 - CUDA_VISIBLE_DEVICES: [0]
[I 2023-11-30 05:09:59,610] Trial 8 finished with value: 4.51563024520874 and parameters: {'gradient_clip_val': 0.7841457004593824, 'hidden_size': 10, 'dropout': 0.10651467296329853, 'hidden_continuous_size': 10, 'attention_head_size': 3, 'learning_rate': 0.00130894970906655}. Best is trial 0 with value: 1.099292516708374.
LOCAL_RANK: 0 - CUDA_VISIBLE_DEVICES: [0]
[I 2023-11-30 05:10:12,033] Trial 9 finished with value: 2.4559476375579834 and parameters: {'gradient_clip_val': 0.3708115756366752, 'hidden_size': 19, 'dropout': 0.35487335084863736, 'hidden_continuous_size': 13, 'attention_head_size': 4, 'learning_rate': 0.023392776138524054}. Best is trial 0 with value: 1.099292516708374.
LOCAL_RANK: 0 - CUDA_VISIBLE_DEVICES: [0]
[I 2023-11-30 05:10:25,550] Trial 10 finished with value: 1.864762306213379 and parameters: {'gradient_clip_val': 0.24382290842538276, 'hidden_size': 75, 'dropout': 0.18700956755261855, 'hidden_continuous_size': 41, 'attention_head_size': 1, 'learning_rate': 0.09513478778792353}. Best is trial 0 with value: 1.099292516708374.
LOCAL_RANK: 0 - CUDA_VISIBLE_DEVICES: [0]
[I 2023-11-30 05:10:39,512] Trial 11 finished with value: 2.1568851470947266 and parameters: {'gradient_clip_val': 0.16739840524587604, 'hidden_size': 103, 'dropout': 0.196703174076082, 'hidden_continuous_size': 37, 'attention_head_size': 2, 'learning_rate': 0.0995253338918471}. Best is trial 0 with value: 1.099292516708374.
LOCAL_RANK: 0 - CUDA_VISIBLE_DEVICES: [0]
[I 2023-11-30 05:10:53,941] Trial 12 finished with value: 1.851441740989685 and parameters: {'gradient_clip_val': 0.16440488625628105, 'hidden_size': 138, 'dropout': 0.2972698194760095, 'hidden_continuous_size': 23, 'attention_head_size': 2, 'learning_rate': 0.03901169066313352}. Best is trial 0 with value: 1.099292516708374.
LOCAL_RANK: 0 - CUDA_VISIBLE_DEVICES: [0]
[I 2023-11-30 05:11:07,412] Trial 13 finished with value: 1.2934991121292114 and parameters: {'gradient_clip_val': 0.27056116570138555, 'hidden_size': 89, 'dropout': 0.21257285590229952, 'hidden_continuous_size': 19, 'attention_head_size': 1, 'learning_rate': 0.05324131354063689}. Best is trial 0 with value: 1.099292516708374.
LOCAL_RANK: 0 - CUDA_VISIBLE_DEVICES: [0]
[I 2023-11-30 05:11:20,801] Trial 14 finished with value: 2.055327892303467 and parameters: {'gradient_clip_val': 0.29262690644451994, 'hidden_size': 74, 'dropout': 0.20702316223826822, 'hidden_continuous_size': 19, 'attention_head_size': 1, 'learning_rate': 0.039010841984135985}. Best is trial 0 with value: 1.099292516708374.
LOCAL_RANK: 0 - CUDA_VISIBLE_DEVICES: [0]
[I 2023-11-30 05:11:34,454] Trial 15 finished with value: 2.2881181240081787 and parameters: {'gradient_clip_val': 0.28963172382181634, 'hidden_size': 93, 'dropout': 0.1537144624892824, 'hidden_continuous_size': 30, 'attention_head_size': 1, 'learning_rate': 0.0164290060686622}. Best is trial 0 with value: 1.099292516708374.
LOCAL_RANK: 0 - CUDA_VISIBLE_DEVICES: [0]
[I 2023-11-30 05:11:47,726] Trial 16 finished with value: 1.5961660146713257 and parameters: {'gradient_clip_val': 0.46248805566486756, 'hidden_size': 50, 'dropout': 0.22384993381399232, 'hidden_continuous_size': 17, 'attention_head_size': 3, 'learning_rate': 0.047660255729604833}. Best is trial 0 with value: 1.099292516708374.
LOCAL_RANK: 0 - CUDA_VISIBLE_DEVICES: [0]
[I 2023-11-30 05:12:02,213] Trial 17 finished with value: 1.1688902378082275 and parameters: {'gradient_clip_val': 0.26234474549177894, 'hidden_size': 144, 'dropout': 0.17102041069517265, 'hidden_continuous_size': 103, 'attention_head_size': 1, 'learning_rate': 0.0056470294939532555}. Best is trial 0 with value: 1.099292516708374.
LOCAL_RANK: 0 - CUDA_VISIBLE_DEVICES: [0]
[I 2023-11-30 05:12:17,009] Trial 18 finished with value: 1.8342499732971191 and parameters: {'gradient_clip_val': 0.13859633262918647, 'hidden_size': 146, 'dropout': 0.1562230311800977, 'hidden_continuous_size': 144, 'attention_head_size': 1, 'learning_rate': 0.004828133124474384}. Best is trial 0 with value: 1.099292516708374.
LOCAL_RANK: 0 - CUDA_VISIBLE_DEVICES: [0]
[I 2023-11-30 05:12:31,309] Trial 19 finished with value: 2.1515324115753174 and parameters: {'gradient_clip_val': 0.22316153204440226, 'hidden_size': 146, 'dropout': 0.16390332106459318, 'hidden_continuous_size': 57, 'attention_head_size': 2, 'learning_rate': 0.004690957292988016}. Best is trial 0 with value: 1.099292516708374.
LOCAL_RANK: 0 - CUDA_VISIBLE_DEVICES: [0]
[I 2023-11-30 05:12:45,079] Trial 20 finished with value: 1.9472984075546265 and parameters: {'gradient_clip_val': 0.3284653304837507, 'hidden_size': 93, 'dropout': 0.1190099345947003, 'hidden_continuous_size': 32, 'attention_head_size': 3, 'learning_rate': 0.00457665256640941}. Best is trial 0 with value: 1.099292516708374.
LOCAL_RANK: 0 - CUDA_VISIBLE_DEVICES: [0]
[I 2023-11-30 05:12:59,027] Trial 21 finished with value: 1.1100835800170898 and parameters: {'gradient_clip_val': 0.28037729336389244, 'hidden_size': 105, 'dropout': 0.22467833533236117, 'hidden_continuous_size': 22, 'attention_head_size': 1, 'learning_rate': 0.016558036314432308}. Best is trial 0 with value: 1.099292516708374.
LOCAL_RANK: 0 - CUDA_VISIBLE_DEVICES: [0]
[I 2023-11-30 05:13:12,820] Trial 22 finished with value: 2.48376202583313 and parameters: {'gradient_clip_val': 0.23893606051133634, 'hidden_size': 115, 'dropout': 0.2368354752986888, 'hidden_continuous_size': 24, 'attention_head_size': 1, 'learning_rate': 0.015960787895600032}. Best is trial 0 with value: 1.099292516708374.
LOCAL_RANK: 0 - CUDA_VISIBLE_DEVICES: [0]
[I 2023-11-30 05:13:26,711] Trial 23 finished with value: 1.995051383972168 and parameters: {'gradient_clip_val': 0.18120832194932704, 'hidden_size': 114, 'dropout': 0.17826071079488034, 'hidden_continuous_size': 47, 'attention_head_size': 1, 'learning_rate': 0.026899473838568465}. Best is trial 0 with value: 1.099292516708374.
LOCAL_RANK: 0 - CUDA_VISIBLE_DEVICES: [0]
[I 2023-11-30 05:13:40,290] Trial 24 finished with value: 1.9079957008361816 and parameters: {'gradient_clip_val': 0.32626349526088405, 'hidden_size': 78, 'dropout': 0.22305084100756348, 'hidden_continuous_size': 29, 'attention_head_size': 2, 'learning_rate': 0.012764842652884799}. Best is trial 0 with value: 1.099292516708374.
LOCAL_RANK: 0 - CUDA_VISIBLE_DEVICES: [0]
