[I 2023-11-30 00:24:51,882] Trial 105 finished with value: 0.15001201629638672 and parameters: {'gradient_clip_val': 0.20616179395163797, 'hidden_size': 69, 'dropout': 0.13435820474251675, 'hidden_continuous_size': 35, 'attention_head_size': 2, 'learning_rate': 0.016414404575316142}. Best is trial 48 with value: 0.10402373224496841.
LOCAL_RANK: 0 - CUDA_VISIBLE_DEVICES: [0]
[I 2023-11-30 00:25:06,286] Trial 106 finished with value: 0.2201334685087204 and parameters: {'gradient_clip_val': 0.21612559832229938, 'hidden_size': 150, 'dropout': 0.12816727954871732, 'hidden_continuous_size': 41, 'attention_head_size': 2, 'learning_rate': 0.019851805382392635}. Best is trial 48 with value: 0.10402373224496841.
LOCAL_RANK: 0 - CUDA_VISIBLE_DEVICES: [0]
[I 2023-11-30 00:25:20,322] Trial 107 finished with value: 0.09075865894556046 and parameters: {'gradient_clip_val': 0.2479737122880955, 'hidden_size': 100, 'dropout': 0.15160365022316943, 'hidden_continuous_size': 38, 'attention_head_size': 2, 'learning_rate': 0.027621162765113855}. Best is trial 107 with value: 0.09075865894556046.
LOCAL_RANK: 0 - CUDA_VISIBLE_DEVICES: [0]
[I 2023-11-30 00:25:34,092] Trial 108 finished with value: 0.1767401099205017 and parameters: {'gradient_clip_val': 0.2523980065470836, 'hidden_size': 87, 'dropout': 0.15884417561615413, 'hidden_continuous_size': 39, 'attention_head_size': 2, 'learning_rate': 0.02156653040488438}. Best is trial 107 with value: 0.09075865894556046.
LOCAL_RANK: 0 - CUDA_VISIBLE_DEVICES: [0]
[I 2023-11-30 00:25:47,983] Trial 109 finished with value: 0.22252552211284637 and parameters: {'gradient_clip_val': 0.2634616237949485, 'hidden_size': 96, 'dropout': 0.15235531522747217, 'hidden_continuous_size': 37, 'attention_head_size': 2, 'learning_rate': 0.027249029630143754}. Best is trial 107 with value: 0.09075865894556046.
LOCAL_RANK: 0 - CUDA_VISIBLE_DEVICES: [0]
[I 2023-11-30 00:26:02,034] Trial 110 finished with value: 0.17396795749664307 and parameters: {'gradient_clip_val': 0.28090458877205526, 'hidden_size': 113, 'dropout': 0.1430211708280471, 'hidden_continuous_size': 44, 'attention_head_size': 2, 'learning_rate': 0.03148950535643797}. Best is trial 107 with value: 0.09075865894556046.
LOCAL_RANK: 0 - CUDA_VISIBLE_DEVICES: [0]
[I 2023-11-30 00:26:16,025] Trial 111 finished with value: 0.1376822143793106 and parameters: {'gradient_clip_val': 0.24375109652630317, 'hidden_size': 103, 'dropout': 0.1387356683405705, 'hidden_continuous_size': 33, 'attention_head_size': 2, 'learning_rate': 0.02482096388104727}. Best is trial 107 with value: 0.09075865894556046.
LOCAL_RANK: 0 - CUDA_VISIBLE_DEVICES: [0]
[I 2023-11-30 00:26:30,192] Trial 112 finished with value: 0.15331639349460602 and parameters: {'gradient_clip_val': 0.2256990462420074, 'hidden_size': 122, 'dropout': 0.17113610730857967, 'hidden_continuous_size': 35, 'attention_head_size': 2, 'learning_rate': 0.03519184950692244}. Best is trial 107 with value: 0.09075865894556046.
LOCAL_RANK: 0 - CUDA_VISIBLE_DEVICES: [0]
[I 2023-11-30 00:26:43,817] Trial 113 finished with value: 0.2133604884147644 and parameters: {'gradient_clip_val': 0.19588849211293702, 'hidden_size': 92, 'dropout': 0.12841565519361012, 'hidden_continuous_size': 39, 'attention_head_size': 2, 'learning_rate': 0.029354639080922913}. Best is trial 107 with value: 0.09075865894556046.
LOCAL_RANK: 0 - CUDA_VISIBLE_DEVICES: [0]
[I 2023-11-30 00:26:57,501] Trial 114 finished with value: 0.10021062940359116 and parameters: {'gradient_clip_val': 0.20348572004839752, 'hidden_size': 81, 'dropout': 0.15159547471270748, 'hidden_continuous_size': 31, 'attention_head_size': 2, 'learning_rate': 0.03952546927393657}. Best is trial 107 with value: 0.09075865894556046.
LOCAL_RANK: 0 - CUDA_VISIBLE_DEVICES: [0]
[I 2023-11-30 00:27:11,022] Trial 115 finished with value: 0.15726575255393982 and parameters: {'gradient_clip_val': 0.20642343664292503, 'hidden_size': 85, 'dropout': 0.1658451654715586, 'hidden_continuous_size': 31, 'attention_head_size': 2, 'learning_rate': 0.04891966332347544}. Best is trial 107 with value: 0.09075865894556046.
LOCAL_RANK: 0 - CUDA_VISIBLE_DEVICES: [0]
[I 2023-11-30 00:27:24,583] Trial 116 finished with value: 0.1332155466079712 and parameters: {'gradient_clip_val': 0.2171975258630692, 'hidden_size': 73, 'dropout': 0.15399475244284003, 'hidden_continuous_size': 36, 'attention_head_size': 2, 'learning_rate': 0.039747964584224145}. Best is trial 107 with value: 0.09075865894556046.
LOCAL_RANK: 0 - CUDA_VISIBLE_DEVICES: [0]
[I 2023-11-30 00:27:38,369] Trial 117 finished with value: 0.10994260758161545 and parameters: {'gradient_clip_val': 0.23519151146123507, 'hidden_size': 77, 'dropout': 0.14600011264278973, 'hidden_continuous_size': 34, 'attention_head_size': 2, 'learning_rate': 0.043055677952150505}. Best is trial 107 with value: 0.09075865894556046.
LOCAL_RANK: 0 - CUDA_VISIBLE_DEVICES: [0]
[I 2023-11-30 00:27:51,986] Trial 118 finished with value: 0.20020675659179688 and parameters: {'gradient_clip_val': 0.23732217637615757, 'hidden_size': 82, 'dropout': 0.1790012185204008, 'hidden_continuous_size': 34, 'attention_head_size': 2, 'learning_rate': 0.03481777963496522}. Best is trial 107 with value: 0.09075865894556046.
LOCAL_RANK: 0 - CUDA_VISIBLE_DEVICES: [0]
[I 2023-11-30 00:28:05,550] Trial 119 finished with value: 0.16562338173389435 and parameters: {'gradient_clip_val': 0.29817245198740655, 'hidden_size': 75, 'dropout': 0.14443534732127095, 'hidden_continuous_size': 38, 'attention_head_size': 2, 'learning_rate': 0.04183523501280671}. Best is trial 107 with value: 0.09075865894556046.
LOCAL_RANK: 0 - CUDA_VISIBLE_DEVICES: [0]
[I 2023-11-30 00:28:19,126] Trial 120 finished with value: 0.11726149916648865 and parameters: {'gradient_clip_val': 0.25055824836748114, 'hidden_size': 70, 'dropout': 0.1491474299079709, 'hidden_continuous_size': 41, 'attention_head_size': 2, 'learning_rate': 0.02754849527913918}. Best is trial 107 with value: 0.09075865894556046.
LOCAL_RANK: 0 - CUDA_VISIBLE_DEVICES: [0]
[I 2023-11-30 00:28:32,588] Trial 121 finished with value: 0.14837788045406342 and parameters: {'gradient_clip_val': 0.23068176110907151, 'hidden_size': 70, 'dropout': 0.15776929937426296, 'hidden_continuous_size': 41, 'attention_head_size': 2, 'learning_rate': 0.027173127710994737}. Best is trial 107 with value: 0.09075865894556046.
LOCAL_RANK: 0 - CUDA_VISIBLE_DEVICES: [0]
[I 2023-11-30 00:28:46,348] Trial 122 finished with value: 0.2330642193555832 and parameters: {'gradient_clip_val': 0.2607541482916372, 'hidden_size': 78, 'dropout': 0.15003294220588229, 'hidden_continuous_size': 37, 'attention_head_size': 2, 'learning_rate': 0.03158572412227447}. Best is trial 107 with value: 0.09075865894556046.
LOCAL_RANK: 0 - CUDA_VISIBLE_DEVICES: [0]
[I 2023-11-30 00:29:00,284] Trial 123 finished with value: 0.22002632915973663 and parameters: {'gradient_clip_val': 0.25413255624329517, 'hidden_size': 94, 'dropout': 0.1625832225311795, 'hidden_continuous_size': 42, 'attention_head_size': 2, 'learning_rate': 0.023147539491998773}. Best is trial 107 with value: 0.09075865894556046.
LOCAL_RANK: 0 - CUDA_VISIBLE_DEVICES: [0]
[I 2023-11-30 00:29:13,731] Trial 124 finished with value: 0.1284337341785431 and parameters: {'gradient_clip_val': 0.24355707683881492, 'hidden_size': 66, 'dropout': 0.13668507944290573, 'hidden_continuous_size': 39, 'attention_head_size': 2, 'learning_rate': 0.037502066843370735}. Best is trial 107 with value: 0.09075865894556046.
LOCAL_RANK: 0 - CUDA_VISIBLE_DEVICES: [0]
[I 2023-11-30 00:29:27,730] Trial 125 finished with value: 0.16613377630710602 and parameters: {'gradient_clip_val': 0.27142616523894286, 'hidden_size': 99, 'dropout': 0.1717385970799177, 'hidden_continuous_size': 46, 'attention_head_size': 2, 'learning_rate': 0.028278964788465737}. Best is trial 107 with value: 0.09075865894556046.
LOCAL_RANK: 0 - CUDA_VISIBLE_DEVICES: [0]
[I 2023-11-30 00:29:41,373] Trial 126 finished with value: 0.1811884045600891 and parameters: {'gradient_clip_val': 0.20621787906524983, 'hidden_size': 82, 'dropout': 0.14367159848442357, 'hidden_continuous_size': 35, 'attention_head_size': 2, 'learning_rate': 0.032689748585574704}. Best is trial 107 with value: 0.09075865894556046.
LOCAL_RANK: 0 - CUDA_VISIBLE_DEVICES: [0]
[I 2023-11-30 00:29:55,114] Trial 127 finished with value: 0.22073090076446533 and parameters: {'gradient_clip_val': 0.18695266301753355, 'hidden_size': 88, 'dropout': 0.14994485476294006, 'hidden_continuous_size': 33, 'attention_head_size': 2, 'learning_rate': 0.0428253151013214}. Best is trial 107 with value: 0.09075865894556046.
LOCAL_RANK: 0 - CUDA_VISIBLE_DEVICES: [0]
[I 2023-11-30 00:30:08,612] Trial 128 finished with value: 0.47775623202323914 and parameters: {'gradient_clip_val': 0.24980118666890752, 'hidden_size': 77, 'dropout': 0.16265408101836262, 'hidden_continuous_size': 36, 'attention_head_size': 2, 'learning_rate': 0.02132705206605174}. Best is trial 107 with value: 0.09075865894556046.
LOCAL_RANK: 0 - CUDA_VISIBLE_DEVICES: [0]
[I 2023-11-30 00:30:22,024] Trial 129 finished with value: 0.1594059318304062 and parameters: {'gradient_clip_val': 0.2840604868209666, 'hidden_size': 72, 'dropout': 0.13737565837147286, 'hidden_continuous_size': 40, 'attention_head_size': 2, 'learning_rate': 0.05328549261102497}. Best is trial 107 with value: 0.09075865894556046.
LOCAL_RANK: 0 - CUDA_VISIBLE_DEVICES: [0]
[I 2023-11-30 00:30:35,255] Trial 130 finished with value: 0.13801676034927368 and parameters: {'gradient_clip_val': 0.21745796474956658, 'hidden_size': 60, 'dropout': 0.15587154179622736, 'hidden_continuous_size': 38, 'attention_head_size': 2, 'learning_rate': 0.025185566851035738}. Best is trial 107 with value: 0.09075865894556046.
LOCAL_RANK: 0 - CUDA_VISIBLE_DEVICES: [0]
[I 2023-11-30 00:30:48,693] Trial 131 finished with value: 0.16151250898838043 and parameters: {'gradient_clip_val': 0.2435681204591407, 'hidden_size': 66, 'dropout': 0.13525321519560496, 'hidden_continuous_size': 39, 'attention_head_size': 2, 'learning_rate': 0.03716969225630801}. Best is trial 107 with value: 0.09075865894556046.
LOCAL_RANK: 0 - CUDA_VISIBLE_DEVICES: [0]
[I 2023-11-30 00:31:02,390] Trial 132 finished with value: 0.11999508738517761 and parameters: {'gradient_clip_val': 0.23082924047494854, 'hidden_size': 67, 'dropout': 0.14190168521726346, 'hidden_continuous_size': 37, 'attention_head_size': 2, 'learning_rate': 0.03864290986318794}. Best is trial 107 with value: 0.09075865894556046.
LOCAL_RANK: 0 - CUDA_VISIBLE_DEVICES: [0]
[I 2023-11-30 00:31:16,215] Trial 133 finished with value: 0.11371797323226929 and parameters: {'gradient_clip_val': 0.22846349712647812, 'hidden_size': 81, 'dropout': 0.14409306242228068, 'hidden_continuous_size': 43, 'attention_head_size': 2, 'learning_rate': 0.04690224345957183}. Best is trial 107 with value: 0.09075865894556046.
LOCAL_RANK: 0 - CUDA_VISIBLE_DEVICES: [0]
[I 2023-11-30 00:31:30,042] Trial 134 finished with value: 0.18657411634922028 and parameters: {'gradient_clip_val': 0.22947854364110404, 'hidden_size': 85, 'dropout': 0.1444520209397092, 'hidden_continuous_size': 43, 'attention_head_size': 2, 'learning_rate': 0.04452919681248}. Best is trial 107 with value: 0.09075865894556046.
LOCAL_RANK: 0 - CUDA_VISIBLE_DEVICES: [0]
[I 2023-11-30 00:31:43,686] Trial 135 finished with value: 0.16893891990184784 and parameters: {'gradient_clip_val': 0.197079082934864, 'hidden_size': 80, 'dropout': 0.12896645212645144, 'hidden_continuous_size': 44, 'attention_head_size': 2, 'learning_rate': 0.030919217981619247}. Best is trial 107 with value: 0.09075865894556046.
LOCAL_RANK: 0 - CUDA_VISIBLE_DEVICES: [0]
[I 2023-11-30 00:31:57,331] Trial 136 finished with value: 0.19217735528945923 and parameters: {'gradient_clip_val': 0.2611248764953649, 'hidden_size': 74, 'dropout': 0.14113281933323593, 'hidden_continuous_size': 41, 'attention_head_size': 2, 'learning_rate': 0.03508750448491054}. Best is trial 107 with value: 0.09075865894556046.
LOCAL_RANK: 0 - CUDA_VISIBLE_DEVICES: [0]
[I 2023-11-30 00:32:11,121] Trial 137 finished with value: 0.16234727203845978 and parameters: {'gradient_clip_val': 0.2234247381551122, 'hidden_size': 70, 'dropout': 0.12283447164269776, 'hidden_continuous_size': 37, 'attention_head_size': 2, 'learning_rate': 0.03927247350513959}. Best is trial 107 with value: 0.09075865894556046.
LOCAL_RANK: 0 - CUDA_VISIBLE_DEVICES: [0]
[I 2023-11-30 00:32:25,037] Trial 138 finished with value: 0.13185237348079681 and parameters: {'gradient_clip_val': 0.2346546882723734, 'hidden_size': 89, 'dropout': 0.1501620138718573, 'hidden_continuous_size': 49, 'attention_head_size': 2, 'learning_rate': 0.02764070261981972}. Best is trial 107 with value: 0.09075865894556046.
LOCAL_RANK: 0 - CUDA_VISIBLE_DEVICES: [0]
[I 2023-11-30 00:32:38,810] Trial 139 finished with value: 0.18340855836868286 and parameters: {'gradient_clip_val': 0.21343152699432844, 'hidden_size': 105, 'dropout': 0.11548718476253314, 'hidden_continuous_size': 31, 'attention_head_size': 2, 'learning_rate': 0.0498714553122594}. Best is trial 107 with value: 0.09075865894556046.
LOCAL_RANK: 0 - CUDA_VISIBLE_DEVICES: [0]
[I 2023-11-30 00:32:52,618] Trial 140 finished with value: 0.34036532044410706 and parameters: {'gradient_clip_val': 0.2883534437137343, 'hidden_size': 94, 'dropout': 0.13509794580287152, 'hidden_continuous_size': 34, 'attention_head_size': 2, 'learning_rate': 0.0253657597376246}. Best is trial 107 with value: 0.09075865894556046.
LOCAL_RANK: 0 - CUDA_VISIBLE_DEVICES: [0]
[I 2023-11-30 00:33:06,174] Trial 141 finished with value: 0.20576687157154083 and parameters: {'gradient_clip_val': 0.20333645449808477, 'hidden_size': 83, 'dropout': 0.15529157475173028, 'hidden_continuous_size': 32, 'attention_head_size': 2, 'learning_rate': 0.04625484993424625}. Best is trial 107 with value: 0.09075865894556046.
LOCAL_RANK: 0 - CUDA_VISIBLE_DEVICES: [0]
[I 2023-11-30 00:33:19,689] Trial 142 finished with value: 0.1262219101190567 and parameters: {'gradient_clip_val': 0.2656748046341769, 'hidden_size': 63, 'dropout': 0.16677035949935207, 'hidden_continuous_size': 36, 'attention_head_size': 2, 'learning_rate': 0.034327413815524704}. Best is trial 107 with value: 0.09075865894556046.
LOCAL_RANK: 0 - CUDA_VISIBLE_DEVICES: [0]
[I 2023-11-30 00:33:32,600] Trial 143 finished with value: 0.18192146718502045 and parameters: {'gradient_clip_val': 0.3281258342547524, 'hidden_size': 34, 'dropout': 0.1476963172900076, 'hidden_continuous_size': 33, 'attention_head_size': 2, 'learning_rate': 0.05686980596394812}. Best is trial 107 with value: 0.09075865894556046.
LOCAL_RANK: 0 - CUDA_VISIBLE_DEVICES: [0]
[I 2023-11-30 00:33:46,152] Trial 144 finished with value: 0.12221336364746094 and parameters: {'gradient_clip_val': 0.17319460187675267, 'hidden_size': 77, 'dropout': 0.13238715750815502, 'hidden_continuous_size': 35, 'attention_head_size': 2, 'learning_rate': 0.030231776117245066}. Best is trial 107 with value: 0.09075865894556046.
LOCAL_RANK: 0 - CUDA_VISIBLE_DEVICES: [0]
[I 2023-11-30 00:33:59,774] Trial 145 finished with value: 0.12958061695098877 and parameters: {'gradient_clip_val': 0.1705006635563512, 'hidden_size': 75, 'dropout': 0.13121027949382924, 'hidden_continuous_size': 38, 'attention_head_size': 2, 'learning_rate': 0.029452115041734162}. Best is trial 107 with value: 0.09075865894556046.
LOCAL_RANK: 0 - CUDA_VISIBLE_DEVICES: [0]
[I 2023-11-30 00:34:13,414] Trial 146 finished with value: 0.14155541360378265 and parameters: {'gradient_clip_val': 0.1875252995241744, 'hidden_size': 78, 'dropout': 0.12358409287233407, 'hidden_continuous_size': 35, 'attention_head_size': 2, 'learning_rate': 0.032185375101574154}. Best is trial 107 with value: 0.09075865894556046.
LOCAL_RANK: 0 - CUDA_VISIBLE_DEVICES: [0]
[I 2023-11-30 00:34:27,560] Trial 147 finished with value: 0.09558308124542236 and parameters: {'gradient_clip_val': 0.22377816462410188, 'hidden_size': 99, 'dropout': 0.1394217434375064, 'hidden_continuous_size': 42, 'attention_head_size': 2, 'learning_rate': 0.040073906380813526}. Best is trial 107 with value: 0.09075865894556046.
LOCAL_RANK: 0 - CUDA_VISIBLE_DEVICES: [0]
[I 2023-11-30 00:34:41,451] Trial 148 finished with value: 0.1418440192937851 and parameters: {'gradient_clip_val': 0.2288702179832616, 'hidden_size': 116, 'dropout': 0.14162560227409518, 'hidden_continuous_size': 42, 'attention_head_size': 2, 'learning_rate': 0.042527482712297456}. Best is trial 107 with value: 0.09075865894556046.
LOCAL_RANK: 0 - CUDA_VISIBLE_DEVICES: [0]
[I 2023-11-30 00:34:55,322] Trial 149 finished with value: 0.14409808814525604 and parameters: {'gradient_clip_val': 0.21735001059673353, 'hidden_size': 99, 'dropout': 0.1469765435765312, 'hidden_continuous_size': 44, 'attention_head_size': 2, 'learning_rate': 0.039096133355703326}. Best is trial 107 with value: 0.09075865894556046.
[I 2023-11-30 00:34:55,434] A new study created in memory with name: no-name-bcca3279-42da-4171-8827-7d2a0fa3d55f
/home/le004/conda/anaconda3/envs/tsff_env/lib/python3.9/site-packages/lightning/fabric/plugins/environments/slurm.py:191: The `srun` command is available on your system but is not used. HINT: If your intention is to run Lightning on SLURM, prepend your python command with `srun` like so: srun python /home/le004/master_thesis/git/TSFusionForecast/code/ ...
LOCAL_RANK: 0 - CUDA_VISIBLE_DEVICES: [0]
[I 2023-11-30 00:35:07,749] Trial 0 finished with value: 0.15362100303173065 and parameters: {'gradient_clip_val': 0.1480349128846824, 'hidden_size': 23, 'dropout': 0.23399077612876265, 'hidden_continuous_size': 11, 'attention_head_size': 4, 'learning_rate': 0.029161810422807896}. Best is trial 0 with value: 0.15362100303173065.
LOCAL_RANK: 0 - CUDA_VISIBLE_DEVICES: [0]
[I 2023-11-30 00:35:19,925] Trial 1 finished with value: 0.15304197371006012 and parameters: {'gradient_clip_val': 0.3032233837213559, 'hidden_size': 16, 'dropout': 0.12267880966594343, 'hidden_continuous_size': 13, 'attention_head_size': 4, 'learning_rate': 0.0543433360529433}. Best is trial 1 with value: 0.15304197371006012.
LOCAL_RANK: 0 - CUDA_VISIBLE_DEVICES: [0]
[I 2023-11-30 00:35:32,243] Trial 2 finished with value: 1.2730302810668945 and parameters: {'gradient_clip_val': 0.6218401218648011, 'hidden_size': 11, 'dropout': 0.34841049254111467, 'hidden_continuous_size': 10, 'attention_head_size': 3, 'learning_rate': 0.0029761144117776903}. Best is trial 1 with value: 0.15304197371006012.
LOCAL_RANK: 0 - CUDA_VISIBLE_DEVICES: [0]
[I 2023-11-30 00:35:45,823] Trial 3 finished with value: 0.2360752820968628 and parameters: {'gradient_clip_val': 0.3303920462812383, 'hidden_size': 49, 'dropout': 0.32330171403123653, 'hidden_continuous_size': 45, 'attention_head_size': 4, 'learning_rate': 0.003520888181814581}. Best is trial 1 with value: 0.15304197371006012.
LOCAL_RANK: 0 - CUDA_VISIBLE_DEVICES: [0]
[I 2023-11-30 00:35:59,226] Trial 4 finished with value: 0.09890693426132202 and parameters: {'gradient_clip_val': 0.21240215154934583, 'hidden_size': 62, 'dropout': 0.3882124641719379, 'hidden_continuous_size': 21, 'attention_head_size': 4, 'learning_rate': 0.07289782380831708}. Best is trial 4 with value: 0.09890693426132202.
LOCAL_RANK: 0 - CUDA_VISIBLE_DEVICES: [0]
[I 2023-11-30 00:36:11,456] Trial 5 finished with value: 0.12247040122747421 and parameters: {'gradient_clip_val': 0.1632848309048261, 'hidden_size': 28, 'dropout': 0.10955945795974184, 'hidden_continuous_size': 17, 'attention_head_size': 1, 'learning_rate': 0.04849610119774617}. Best is trial 4 with value: 0.09890693426132202.
LOCAL_RANK: 0 - CUDA_VISIBLE_DEVICES: [0]
[I 2023-11-30 00:36:24,363] Trial 6 finished with value: 0.2238537073135376 and parameters: {'gradient_clip_val': 0.2118353808870488, 'hidden_size': 50, 'dropout': 0.3776563737714529, 'hidden_continuous_size': 12, 'attention_head_size': 1, 'learning_rate': 0.010838312192108637}. Best is trial 4 with value: 0.09890693426132202.
LOCAL_RANK: 0 - CUDA_VISIBLE_DEVICES: [0]
[I 2023-11-30 00:36:37,959] Trial 7 finished with value: 0.18174760043621063 and parameters: {'gradient_clip_val': 0.10425677017246848, 'hidden_size': 56, 'dropout': 0.19524171664152623, 'hidden_continuous_size': 35, 'attention_head_size': 4, 'learning_rate': 0.011244692690681936}. Best is trial 4 with value: 0.09890693426132202.
LOCAL_RANK: 0 - CUDA_VISIBLE_DEVICES: [0]
[I 2023-11-30 00:36:50,342] Trial 8 finished with value: 0.1958053708076477 and parameters: {'gradient_clip_val': 0.1432198673916251, 'hidden_size': 26, 'dropout': 0.2257249190396894, 'hidden_continuous_size': 17, 'attention_head_size': 1, 'learning_rate': 0.022087297424823384}. Best is trial 4 with value: 0.09890693426132202.
LOCAL_RANK: 0 - CUDA_VISIBLE_DEVICES: [0]
[I 2023-11-30 00:37:02,420] Trial 9 finished with value: 0.2803250551223755 and parameters: {'gradient_clip_val': 0.2921587172146483, 'hidden_size': 20, 'dropout': 0.23709891205817546, 'hidden_continuous_size': 16, 'attention_head_size': 1, 'learning_rate': 0.010262581853258124}. Best is trial 4 with value: 0.09890693426132202.
LOCAL_RANK: 0 - CUDA_VISIBLE_DEVICES: [0]
[I 2023-11-30 00:37:16,794] Trial 10 finished with value: 0.1175377368927002 and parameters: {'gradient_clip_val': 0.9458741277578865, 'hidden_size': 112, 'dropout': 0.30181594568911246, 'hidden_continuous_size': 97, 'attention_head_size': 3, 'learning_rate': 0.0925540886319674}. Best is trial 4 with value: 0.09890693426132202.
LOCAL_RANK: 0 - CUDA_VISIBLE_DEVICES: [0]
[I 2023-11-30 00:37:31,330] Trial 11 finished with value: 0.16082985699176788 and parameters: {'gradient_clip_val': 0.8787063723265892, 'hidden_size': 115, 'dropout': 0.3991566419002068, 'hidden_continuous_size': 112, 'attention_head_size': 3, 'learning_rate': 0.0965720121401033}. Best is trial 4 with value: 0.09890693426132202.
LOCAL_RANK: 0 - CUDA_VISIBLE_DEVICES: [0]
