[I 2023-11-30 01:03:39,427] Trial 128 finished with value: 0.07229940593242645 and parameters: {'gradient_clip_val': 0.4705557516445456, 'hidden_size': 80, 'dropout': 0.36267888641451007, 'hidden_continuous_size': 12, 'attention_head_size': 1, 'learning_rate': 0.09324360939177972}. Best is trial 119 with value: 0.0637463703751564.
LOCAL_RANK: 0 - CUDA_VISIBLE_DEVICES: [0]
[I 2023-11-30 01:03:52,888] Trial 129 finished with value: 0.1415296047925949 and parameters: {'gradient_clip_val': 0.4008562196543705, 'hidden_size': 94, 'dropout': 0.36210984678409586, 'hidden_continuous_size': 12, 'attention_head_size': 1, 'learning_rate': 0.09807424070707199}. Best is trial 119 with value: 0.0637463703751564.
LOCAL_RANK: 0 - CUDA_VISIBLE_DEVICES: [0]
[I 2023-11-30 01:04:06,210] Trial 130 finished with value: 0.17665402591228485 and parameters: {'gradient_clip_val': 0.4632504779210023, 'hidden_size': 79, 'dropout': 0.3663098287442643, 'hidden_continuous_size': 15, 'attention_head_size': 1, 'learning_rate': 0.06804186418341959}. Best is trial 119 with value: 0.0637463703751564.
LOCAL_RANK: 0 - CUDA_VISIBLE_DEVICES: [0]
[I 2023-11-30 01:04:19,741] Trial 131 finished with value: 0.1684120148420334 and parameters: {'gradient_clip_val': 0.5067414993740914, 'hidden_size': 82, 'dropout': 0.3711186817230523, 'hidden_continuous_size': 14, 'attention_head_size': 1, 'learning_rate': 0.08778089969145011}. Best is trial 119 with value: 0.0637463703751564.
LOCAL_RANK: 0 - CUDA_VISIBLE_DEVICES: [0]
[I 2023-11-30 01:04:32,910] Trial 132 finished with value: 0.13080407679080963 and parameters: {'gradient_clip_val': 0.4840844815134959, 'hidden_size': 75, 'dropout': 0.3767467302808946, 'hidden_continuous_size': 13, 'attention_head_size': 1, 'learning_rate': 0.07386314085384511}. Best is trial 119 with value: 0.0637463703751564.
LOCAL_RANK: 0 - CUDA_VISIBLE_DEVICES: [0]
[I 2023-11-30 01:04:46,003] Trial 133 finished with value: 0.13646899163722992 and parameters: {'gradient_clip_val': 0.46378888702049964, 'hidden_size': 65, 'dropout': 0.3614461201556759, 'hidden_continuous_size': 14, 'attention_head_size': 1, 'learning_rate': 0.06112745788062521}. Best is trial 119 with value: 0.0637463703751564.
LOCAL_RANK: 0 - CUDA_VISIBLE_DEVICES: [0]
[I 2023-11-30 01:04:59,079] Trial 134 finished with value: 0.08237838745117188 and parameters: {'gradient_clip_val': 0.4334791703697547, 'hidden_size': 72, 'dropout': 0.3852727119504048, 'hidden_continuous_size': 12, 'attention_head_size': 1, 'learning_rate': 0.0883773618506851}. Best is trial 119 with value: 0.0637463703751564.
LOCAL_RANK: 0 - CUDA_VISIBLE_DEVICES: [0]
[I 2023-11-30 01:05:12,292] Trial 135 finished with value: 0.15273141860961914 and parameters: {'gradient_clip_val': 0.43976490859464296, 'hidden_size': 74, 'dropout': 0.3849368884235649, 'hidden_continuous_size': 12, 'attention_head_size': 1, 'learning_rate': 0.09813748575994967}. Best is trial 119 with value: 0.0637463703751564.
LOCAL_RANK: 0 - CUDA_VISIBLE_DEVICES: [0]
[I 2023-11-30 01:05:25,711] Trial 136 finished with value: 0.14774130284786224 and parameters: {'gradient_clip_val': 0.4153432399024208, 'hidden_size': 83, 'dropout': 0.38751233318535494, 'hidden_continuous_size': 13, 'attention_head_size': 1, 'learning_rate': 0.06791269367783286}. Best is trial 119 with value: 0.0637463703751564.
LOCAL_RANK: 0 - CUDA_VISIBLE_DEVICES: [0]
[I 2023-11-30 01:05:38,683] Trial 137 finished with value: 0.1094069853425026 and parameters: {'gradient_clip_val': 0.42962667487984674, 'hidden_size': 70, 'dropout': 0.39253323616060837, 'hidden_continuous_size': 11, 'attention_head_size': 1, 'learning_rate': 0.07853520686833279}. Best is trial 119 with value: 0.0637463703751564.
LOCAL_RANK: 0 - CUDA_VISIBLE_DEVICES: [0]
[I 2023-11-30 01:05:51,705] Trial 138 finished with value: 0.15009264647960663 and parameters: {'gradient_clip_val': 0.5536904631975785, 'hidden_size': 61, 'dropout': 0.35785864410774637, 'hidden_continuous_size': 12, 'attention_head_size': 1, 'learning_rate': 0.06176759248423419}. Best is trial 119 with value: 0.0637463703751564.
LOCAL_RANK: 0 - CUDA_VISIBLE_DEVICES: [0]
[I 2023-11-30 01:06:04,941] Trial 139 finished with value: 0.16818761825561523 and parameters: {'gradient_clip_val': 0.4010582001321002, 'hidden_size': 95, 'dropout': 0.3686359511676216, 'hidden_continuous_size': 10, 'attention_head_size': 1, 'learning_rate': 0.09186868971875484}. Best is trial 119 with value: 0.0637463703751564.
LOCAL_RANK: 0 - CUDA_VISIBLE_DEVICES: [0]
[I 2023-11-30 01:06:18,404] Trial 140 finished with value: 0.16111598908901215 and parameters: {'gradient_clip_val': 0.6106669122329775, 'hidden_size': 81, 'dropout': 0.37431947447892483, 'hidden_continuous_size': 14, 'attention_head_size': 1, 'learning_rate': 0.07161868454780132}. Best is trial 119 with value: 0.0637463703751564.
LOCAL_RANK: 0 - CUDA_VISIBLE_DEVICES: [0]
[I 2023-11-30 01:06:31,822] Trial 141 finished with value: 0.1109808087348938 and parameters: {'gradient_clip_val': 0.49870142826667346, 'hidden_size': 68, 'dropout': 0.38023858861287674, 'hidden_continuous_size': 25, 'attention_head_size': 1, 'learning_rate': 0.0874925567206283}. Best is trial 119 with value: 0.0637463703751564.
LOCAL_RANK: 0 - CUDA_VISIBLE_DEVICES: [0]
[I 2023-11-30 01:06:45,075] Trial 142 finished with value: 0.08170285820960999 and parameters: {'gradient_clip_val': 0.45921111348078286, 'hidden_size': 64, 'dropout': 0.3823224545596615, 'hidden_continuous_size': 27, 'attention_head_size': 1, 'learning_rate': 0.08487051082099974}. Best is trial 119 with value: 0.0637463703751564.
LOCAL_RANK: 0 - CUDA_VISIBLE_DEVICES: [0]
[I 2023-11-30 01:06:58,097] Trial 143 finished with value: 0.12821651995182037 and parameters: {'gradient_clip_val': 0.4475221070468687, 'hidden_size': 62, 'dropout': 0.3911920848599594, 'hidden_continuous_size': 17, 'attention_head_size': 1, 'learning_rate': 0.08241720041701069}. Best is trial 119 with value: 0.0637463703751564.
LOCAL_RANK: 0 - CUDA_VISIBLE_DEVICES: [0]
[I 2023-11-30 01:07:11,505] Trial 144 finished with value: 0.17117924988269806 and parameters: {'gradient_clip_val': 0.475300921588282, 'hidden_size': 87, 'dropout': 0.29294039047107423, 'hidden_continuous_size': 15, 'attention_head_size': 1, 'learning_rate': 0.07330973256940596}. Best is trial 119 with value: 0.0637463703751564.
LOCAL_RANK: 0 - CUDA_VISIBLE_DEVICES: [0]
[I 2023-11-30 01:07:24,951] Trial 145 finished with value: 0.1124739944934845 and parameters: {'gradient_clip_val': 0.5322811140964268, 'hidden_size': 75, 'dropout': 0.3835466846229219, 'hidden_continuous_size': 26, 'attention_head_size': 1, 'learning_rate': 0.09817992956514952}. Best is trial 119 with value: 0.0637463703751564.
LOCAL_RANK: 0 - CUDA_VISIBLE_DEVICES: [0]
[I 2023-11-30 01:07:37,877] Trial 146 finished with value: 0.08167985826730728 and parameters: {'gradient_clip_val': 0.5711864796190422, 'hidden_size': 56, 'dropout': 0.3648497605559018, 'hidden_continuous_size': 12, 'attention_head_size': 1, 'learning_rate': 0.057844319713450255}. Best is trial 119 with value: 0.0637463703751564.
LOCAL_RANK: 0 - CUDA_VISIBLE_DEVICES: [0]
[I 2023-11-30 01:07:50,819] Trial 147 finished with value: 0.16449497640132904 and parameters: {'gradient_clip_val': 0.46838903550501954, 'hidden_size': 55, 'dropout': 0.34703686484239393, 'hidden_continuous_size': 13, 'attention_head_size': 1, 'learning_rate': 0.056827562502189476}. Best is trial 119 with value: 0.0637463703751564.
LOCAL_RANK: 0 - CUDA_VISIBLE_DEVICES: [0]
[I 2023-11-30 01:08:03,774] Trial 148 finished with value: 0.18725252151489258 and parameters: {'gradient_clip_val': 0.5773817977446196, 'hidden_size': 65, 'dropout': 0.3644723633965448, 'hidden_continuous_size': 11, 'attention_head_size': 1, 'learning_rate': 0.014179284140369052}. Best is trial 119 with value: 0.0637463703751564.
LOCAL_RANK: 0 - CUDA_VISIBLE_DEVICES: [0]
[I 2023-11-30 01:08:17,215] Trial 149 finished with value: 0.1211656704545021 and parameters: {'gradient_clip_val': 0.5212876956303786, 'hidden_size': 72, 'dropout': 0.3571870233585923, 'hidden_continuous_size': 29, 'attention_head_size': 3, 'learning_rate': 0.0499412847192525}. Best is trial 119 with value: 0.0637463703751564.
[I 2023-11-30 01:08:17,329] A new study created in memory with name: no-name-d32ad86d-c7e1-47e5-b35a-d8efd1fe9957
/home/le004/conda/anaconda3/envs/tsff_env/lib/python3.9/site-packages/lightning/fabric/plugins/environments/slurm.py:191: The `srun` command is available on your system but is not used. HINT: If your intention is to run Lightning on SLURM, prepend your python command with `srun` like so: srun python /home/le004/master_thesis/git/TSFusionForecast/code/ ...
LOCAL_RANK: 0 - CUDA_VISIBLE_DEVICES: [0]
[I 2023-11-30 01:08:29,542] Trial 0 finished with value: 2.2868471145629883 and parameters: {'gradient_clip_val': 0.2767844682139274, 'hidden_size': 17, 'dropout': 0.3068546936196117, 'hidden_continuous_size': 16, 'attention_head_size': 2, 'learning_rate': 0.002434357877237569}. Best is trial 0 with value: 2.2868471145629883.
LOCAL_RANK: 0 - CUDA_VISIBLE_DEVICES: [0]
[I 2023-11-30 01:08:43,360] Trial 1 finished with value: 0.27996620535850525 and parameters: {'gradient_clip_val': 0.5258700428894539, 'hidden_size': 69, 'dropout': 0.3621041004192458, 'hidden_continuous_size': 26, 'attention_head_size': 4, 'learning_rate': 0.05515711992177384}. Best is trial 1 with value: 0.27996620535850525.
LOCAL_RANK: 0 - CUDA_VISIBLE_DEVICES: [0]
[I 2023-11-30 01:08:55,582] Trial 2 finished with value: 0.9272152781486511 and parameters: {'gradient_clip_val': 0.23040427258081247, 'hidden_size': 28, 'dropout': 0.14507455897991867, 'hidden_continuous_size': 13, 'attention_head_size': 2, 'learning_rate': 0.005909874250268656}. Best is trial 1 with value: 0.27996620535850525.
LOCAL_RANK: 0 - CUDA_VISIBLE_DEVICES: [0]
[I 2023-11-30 01:09:08,488] Trial 3 finished with value: 0.509655773639679 and parameters: {'gradient_clip_val': 0.12353698103217513, 'hidden_size': 53, 'dropout': 0.10985977111297951, 'hidden_continuous_size': 19, 'attention_head_size': 1, 'learning_rate': 0.02818615405668315}. Best is trial 1 with value: 0.27996620535850525.
LOCAL_RANK: 0 - CUDA_VISIBLE_DEVICES: [0]
[I 2023-11-30 01:09:21,464] Trial 4 finished with value: 0.6781523823738098 and parameters: {'gradient_clip_val': 0.12303908945086829, 'hidden_size': 69, 'dropout': 0.3302056540921291, 'hidden_continuous_size': 10, 'attention_head_size': 2, 'learning_rate': 0.005182053143237532}. Best is trial 1 with value: 0.27996620535850525.
LOCAL_RANK: 0 - CUDA_VISIBLE_DEVICES: [0]
[I 2023-11-30 01:09:34,779] Trial 5 finished with value: 1.1296333074569702 and parameters: {'gradient_clip_val': 0.4571751646024907, 'hidden_size': 61, 'dropout': 0.14084888938758347, 'hidden_continuous_size': 18, 'attention_head_size': 4, 'learning_rate': 0.003629753081559363}. Best is trial 1 with value: 0.27996620535850525.
LOCAL_RANK: 0 - CUDA_VISIBLE_DEVICES: [0]
[I 2023-11-30 01:09:49,025] Trial 6 finished with value: 0.5843488574028015 and parameters: {'gradient_clip_val': 0.1639405502675523, 'hidden_size': 138, 'dropout': 0.2423915271749518, 'hidden_continuous_size': 37, 'attention_head_size': 1, 'learning_rate': 0.0050512180412496804}. Best is trial 1 with value: 0.27996620535850525.
LOCAL_RANK: 0 - CUDA_VISIBLE_DEVICES: [0]
[I 2023-11-30 01:10:02,140] Trial 7 finished with value: 1.1350209712982178 and parameters: {'gradient_clip_val': 0.41302483294224857, 'hidden_size': 61, 'dropout': 0.16780869970254797, 'hidden_continuous_size': 19, 'attention_head_size': 3, 'learning_rate': 0.002143961272695645}. Best is trial 1 with value: 0.27996620535850525.
LOCAL_RANK: 0 - CUDA_VISIBLE_DEVICES: [0]
[I 2023-11-30 01:10:16,857] Trial 8 finished with value: 0.6948983073234558 and parameters: {'gradient_clip_val': 0.5407709532550224, 'hidden_size': 149, 'dropout': 0.21708435419610522, 'hidden_continuous_size': 102, 'attention_head_size': 2, 'learning_rate': 0.0010217603908980416}. Best is trial 1 with value: 0.27996620535850525.
LOCAL_RANK: 0 - CUDA_VISIBLE_DEVICES: [0]
[I 2023-11-30 01:10:29,069] Trial 9 finished with value: 2.7144267559051514 and parameters: {'gradient_clip_val': 0.36809792264385466, 'hidden_size': 19, 'dropout': 0.14767585683798173, 'hidden_continuous_size': 17, 'attention_head_size': 1, 'learning_rate': 0.001583399346383678}. Best is trial 1 with value: 0.27996620535850525.
LOCAL_RANK: 0 - CUDA_VISIBLE_DEVICES: [0]
[I 2023-11-30 01:10:39,532] Trial 10 finished with value: 0.4068130552768707 and parameters: {'gradient_clip_val': 0.911874236796973, 'hidden_size': 10, 'dropout': 0.3874796423126146, 'hidden_continuous_size': 10, 'attention_head_size': 4, 'learning_rate': 0.08505680287217698}. Best is trial 1 with value: 0.27996620535850525.
LOCAL_RANK: 0 - CUDA_VISIBLE_DEVICES: [0]
[I 2023-11-30 01:10:49,984] Trial 11 finished with value: 0.6790052056312561 and parameters: {'gradient_clip_val': 0.9171960246987442, 'hidden_size': 10, 'dropout': 0.39932130862806703, 'hidden_continuous_size': 10, 'attention_head_size': 4, 'learning_rate': 0.09812838367981633}. Best is trial 1 with value: 0.27996620535850525.
LOCAL_RANK: 0 - CUDA_VISIBLE_DEVICES: [0]
[I 2023-11-30 01:11:02,751] Trial 12 finished with value: 0.26384997367858887 and parameters: {'gradient_clip_val': 0.9836361487811549, 'hidden_size': 33, 'dropout': 0.39260916618543684, 'hidden_continuous_size': 13, 'attention_head_size': 4, 'learning_rate': 0.09724084900491357}. Best is trial 12 with value: 0.26384997367858887.
LOCAL_RANK: 0 - CUDA_VISIBLE_DEVICES: [0]
[I 2023-11-30 01:11:15,646] Trial 13 finished with value: 0.356613427400589 and parameters: {'gradient_clip_val': 0.6825841263243417, 'hidden_size': 37, 'dropout': 0.35526367842135054, 'hidden_continuous_size': 24, 'attention_head_size': 3, 'learning_rate': 0.04048105309139768}. Best is trial 12 with value: 0.26384997367858887.
LOCAL_RANK: 0 - CUDA_VISIBLE_DEVICES: [0]
[I 2023-11-30 01:11:29,455] Trial 14 finished with value: 0.24464547634124756 and parameters: {'gradient_clip_val': 0.6695918036943564, 'hidden_size': 87, 'dropout': 0.30259687790322526, 'hidden_continuous_size': 33, 'attention_head_size': 3, 'learning_rate': 0.02100362547702598}. Best is trial 14 with value: 0.24464547634124756.
LOCAL_RANK: 0 - CUDA_VISIBLE_DEVICES: [0]
[I 2023-11-30 01:11:43,440] Trial 15 finished with value: 0.2199205607175827 and parameters: {'gradient_clip_val': 0.6950383075779684, 'hidden_size': 91, 'dropout': 0.29466795664079815, 'hidden_continuous_size': 39, 'attention_head_size': 3, 'learning_rate': 0.017447680597359697}. Best is trial 15 with value: 0.2199205607175827.
LOCAL_RANK: 0 - CUDA_VISIBLE_DEVICES: [0]
[I 2023-11-30 01:11:57,595] Trial 16 finished with value: 0.45657745003700256 and parameters: {'gradient_clip_val': 0.6874812336399974, 'hidden_size': 95, 'dropout': 0.28177569693780125, 'hidden_continuous_size': 42, 'attention_head_size': 3, 'learning_rate': 0.0169389721961468}. Best is trial 15 with value: 0.2199205607175827.
LOCAL_RANK: 0 - CUDA_VISIBLE_DEVICES: [0]
[I 2023-11-30 01:12:11,621] Trial 17 finished with value: 0.445325642824173 and parameters: {'gradient_clip_val': 0.6537062315617603, 'hidden_size': 98, 'dropout': 0.2808194287908597, 'hidden_continuous_size': 48, 'attention_head_size': 3, 'learning_rate': 0.01353652122838033}. Best is trial 15 with value: 0.2199205607175827.
LOCAL_RANK: 0 - CUDA_VISIBLE_DEVICES: [0]
[I 2023-11-30 01:12:25,594] Trial 18 finished with value: 0.8103029727935791 and parameters: {'gradient_clip_val': 0.36689044143800853, 'hidden_size': 104, 'dropout': 0.31567347280068386, 'hidden_continuous_size': 48, 'attention_head_size': 3, 'learning_rate': 0.020716603374330712}. Best is trial 15 with value: 0.2199205607175827.
LOCAL_RANK: 0 - CUDA_VISIBLE_DEVICES: [0]
[I 2023-11-30 01:12:38,663] Trial 19 finished with value: 0.5047776103019714 and parameters: {'gradient_clip_val': 0.7770094016679099, 'hidden_size': 43, 'dropout': 0.2673076750067234, 'hidden_continuous_size': 30, 'attention_head_size': 3, 'learning_rate': 0.010200229904229028}. Best is trial 15 with value: 0.2199205607175827.
LOCAL_RANK: 0 - CUDA_VISIBLE_DEVICES: [0]
[I 2023-11-30 01:12:52,277] Trial 20 finished with value: 0.31638625264167786 and parameters: {'gradient_clip_val': 0.5471104178226429, 'hidden_size': 87, 'dropout': 0.23456285563465729, 'hidden_continuous_size': 34, 'attention_head_size': 2, 'learning_rate': 0.02553834232583208}. Best is trial 15 with value: 0.2199205607175827.
LOCAL_RANK: 0 - CUDA_VISIBLE_DEVICES: [0]
[I 2023-11-30 01:13:05,311] Trial 21 finished with value: 0.2666676938533783 and parameters: {'gradient_clip_val': 0.9893600989737249, 'hidden_size': 42, 'dropout': 0.33920051348988167, 'hidden_continuous_size': 13, 'attention_head_size': 4, 'learning_rate': 0.04443128297380898}. Best is trial 15 with value: 0.2199205607175827.
LOCAL_RANK: 0 - CUDA_VISIBLE_DEVICES: [0]
[I 2023-11-30 01:13:19,542] Trial 22 finished with value: 0.3253661096096039 and parameters: {'gradient_clip_val': 0.7828696703912584, 'hidden_size': 120, 'dropout': 0.30934132924823415, 'hidden_continuous_size': 64, 'attention_head_size': 4, 'learning_rate': 0.014517567958340671}. Best is trial 15 with value: 0.2199205607175827.
LOCAL_RANK: 0 - CUDA_VISIBLE_DEVICES: [0]
[I 2023-11-30 01:13:33,201] Trial 23 finished with value: 0.30192282795906067 and parameters: {'gradient_clip_val': 0.9850747851424405, 'hidden_size': 79, 'dropout': 0.3742526055518439, 'hidden_continuous_size': 24, 'attention_head_size': 3, 'learning_rate': 0.03339655971575387}. Best is trial 15 with value: 0.2199205607175827.
LOCAL_RANK: 0 - CUDA_VISIBLE_DEVICES: [0]
[I 2023-11-30 01:13:47,091] Trial 24 finished with value: 0.440875768661499 and parameters: {'gradient_clip_val': 0.7890994012894232, 'hidden_size': 120, 'dropout': 0.3463181185045359, 'hidden_continuous_size': 61, 'attention_head_size': 3, 'learning_rate': 0.06189632998016649}. Best is trial 15 with value: 0.2199205607175827.
LOCAL_RANK: 0 - CUDA_VISIBLE_DEVICES: [0]
[I 2023-11-30 01:14:00,347] Trial 25 finished with value: 0.3818957805633545 and parameters: {'gradient_clip_val': 0.6382511192062346, 'hidden_size': 51, 'dropout': 0.3780782425838621, 'hidden_continuous_size': 28, 'attention_head_size': 4, 'learning_rate': 0.020161125215706354}. Best is trial 15 with value: 0.2199205607175827.
LOCAL_RANK: 0 - CUDA_VISIBLE_DEVICES: [0]
[I 2023-11-30 01:14:14,031] Trial 26 finished with value: 0.32545554637908936 and parameters: {'gradient_clip_val': 0.5818287182938072, 'hidden_size': 77, 'dropout': 0.32613573221137765, 'hidden_continuous_size': 31, 'attention_head_size': 3, 'learning_rate': 0.009426703010557383}. Best is trial 15 with value: 0.2199205607175827.
LOCAL_RANK: 0 - CUDA_VISIBLE_DEVICES: [0]
[I 2023-11-30 01:14:26,818] Trial 27 finished with value: 0.3446390926837921 and parameters: {'gradient_clip_val': 0.4724538288999274, 'hidden_size': 33, 'dropout': 0.3584148140510532, 'hidden_continuous_size': 15, 'attention_head_size': 4, 'learning_rate': 0.0670547540216673}. Best is trial 15 with value: 0.2199205607175827.
LOCAL_RANK: 0 - CUDA_VISIBLE_DEVICES: [0]
[I 2023-11-30 01:14:40,470] Trial 28 finished with value: 0.2624754011631012 and parameters: {'gradient_clip_val': 0.7588742176442504, 'hidden_size': 85, 'dropout': 0.3974526107272127, 'hidden_continuous_size': 26, 'attention_head_size': 3, 'learning_rate': 0.03183344916781322}. Best is trial 15 with value: 0.2199205607175827.
LOCAL_RANK: 0 - CUDA_VISIBLE_DEVICES: [0]
[I 2023-11-30 01:14:54,312] Trial 29 finished with value: 0.5393389463424683 and parameters: {'gradient_clip_val': 0.29923582167448687, 'hidden_size': 110, 'dropout': 0.29516520945882446, 'hidden_continuous_size': 24, 'attention_head_size': 2, 'learning_rate': 0.03435717338006052}. Best is trial 15 with value: 0.2199205607175827.
LOCAL_RANK: 0 - CUDA_VISIBLE_DEVICES: [0]
[I 2023-11-30 01:15:07,973] Trial 30 finished with value: 0.25766292214393616 and parameters: {'gradient_clip_val': 0.7817597318187797, 'hidden_size': 82, 'dropout': 0.30459415267165546, 'hidden_continuous_size': 21, 'attention_head_size': 3, 'learning_rate': 0.023456432252879616}. Best is trial 15 with value: 0.2199205607175827.
LOCAL_RANK: 0 - CUDA_VISIBLE_DEVICES: [0]
[I 2023-11-30 01:15:21,692] Trial 31 finished with value: 0.3283502757549286 and parameters: {'gradient_clip_val': 0.7833693072308826, 'hidden_size': 85, 'dropout': 0.3041889591404961, 'hidden_continuous_size': 22, 'attention_head_size': 3, 'learning_rate': 0.024025378337083153}. Best is trial 15 with value: 0.2199205607175827.
LOCAL_RANK: 0 - CUDA_VISIBLE_DEVICES: [0]
[I 2023-11-30 01:15:35,358] Trial 32 finished with value: 0.3839947283267975 and parameters: {'gradient_clip_val': 0.5840324042383359, 'hidden_size': 90, 'dropout': 0.32540613564045134, 'hidden_continuous_size': 28, 'attention_head_size': 3, 'learning_rate': 0.03129589615223715}. Best is trial 15 with value: 0.2199205607175827.
LOCAL_RANK: 0 - CUDA_VISIBLE_DEVICES: [0]
[I 2023-11-30 01:15:48,775] Trial 33 finished with value: 0.3061647415161133 and parameters: {'gradient_clip_val': 0.5138533701402641, 'hidden_size': 72, 'dropout': 0.34496705362759905, 'hidden_continuous_size': 22, 'attention_head_size': 3, 'learning_rate': 0.04741855102962934}. Best is trial 15 with value: 0.2199205607175827.
LOCAL_RANK: 0 - CUDA_VISIBLE_DEVICES: [0]
[I 2023-11-30 01:16:02,981] Trial 34 finished with value: 0.30071574449539185 and parameters: {'gradient_clip_val': 0.7113634559893665, 'hidden_size': 131, 'dropout': 0.36446412072443574, 'hidden_continuous_size': 34, 'attention_head_size': 2, 'learning_rate': 0.019825640894293475}. Best is trial 15 with value: 0.2199205607175827.
LOCAL_RANK: 0 - CUDA_VISIBLE_DEVICES: [0]
