[I 2023-11-30 04:47:25,275] Trial 60 finished with value: 0.14802561700344086 and parameters: {'gradient_clip_val': 0.27234388071060156, 'hidden_size': 74, 'dropout': 0.1290833130324152, 'hidden_continuous_size': 57, 'attention_head_size': 3, 'learning_rate': 0.01727762558373404}. Best is trial 43 with value: 0.09520483016967773.
LOCAL_RANK: 0 - CUDA_VISIBLE_DEVICES: [0]
[I 2023-11-30 04:47:39,399] Trial 61 finished with value: 0.08651825785636902 and parameters: {'gradient_clip_val': 0.14770914175164226, 'hidden_size': 91, 'dropout': 0.16053274049407246, 'hidden_continuous_size': 54, 'attention_head_size': 3, 'learning_rate': 0.027981566418112568}. Best is trial 61 with value: 0.08651825785636902.
LOCAL_RANK: 0 - CUDA_VISIBLE_DEVICES: [0]
[I 2023-11-30 04:47:53,714] Trial 62 finished with value: 0.20497024059295654 and parameters: {'gradient_clip_val': 0.1485919827681965, 'hidden_size': 125, 'dropout': 0.15634916168788418, 'hidden_continuous_size': 71, 'attention_head_size': 3, 'learning_rate': 0.018844275960902074}. Best is trial 61 with value: 0.08651825785636902.
LOCAL_RANK: 0 - CUDA_VISIBLE_DEVICES: [0]
[I 2023-11-30 04:48:07,717] Trial 63 finished with value: 0.13433825969696045 and parameters: {'gradient_clip_val': 0.1680548239513239, 'hidden_size': 79, 'dropout': 0.1434738720862012, 'hidden_continuous_size': 54, 'attention_head_size': 3, 'learning_rate': 0.02885672907997066}. Best is trial 61 with value: 0.08651825785636902.
LOCAL_RANK: 0 - CUDA_VISIBLE_DEVICES: [0]
[I 2023-11-30 04:48:21,775] Trial 64 finished with value: 0.116099514067173 and parameters: {'gradient_clip_val': 0.14300163271631336, 'hidden_size': 92, 'dropout': 0.16325587741102307, 'hidden_continuous_size': 63, 'attention_head_size': 4, 'learning_rate': 0.02529493701483864}. Best is trial 61 with value: 0.08651825785636902.
LOCAL_RANK: 0 - CUDA_VISIBLE_DEVICES: [0]
[I 2023-11-30 04:48:35,877] Trial 65 finished with value: 0.12237012386322021 and parameters: {'gradient_clip_val': 0.13426535738672135, 'hidden_size': 86, 'dropout': 0.12560988665713482, 'hidden_continuous_size': 59, 'attention_head_size': 3, 'learning_rate': 0.03569201513583238}. Best is trial 61 with value: 0.08651825785636902.
LOCAL_RANK: 0 - CUDA_VISIBLE_DEVICES: [0]
[I 2023-11-30 04:48:49,607] Trial 66 finished with value: 0.119588702917099 and parameters: {'gradient_clip_val': 0.16346957552671718, 'hidden_size': 66, 'dropout': 0.14232664091485708, 'hidden_continuous_size': 53, 'attention_head_size': 3, 'learning_rate': 0.01514826660974938}. Best is trial 61 with value: 0.08651825785636902.
LOCAL_RANK: 0 - CUDA_VISIBLE_DEVICES: [0]
[I 2023-11-30 04:49:03,249] Trial 67 finished with value: 0.14800406992435455 and parameters: {'gradient_clip_val': 0.1785755080052635, 'hidden_size': 59, 'dropout': 0.1207925115925758, 'hidden_continuous_size': 44, 'attention_head_size': 3, 'learning_rate': 0.02936483697641637}. Best is trial 61 with value: 0.08651825785636902.
LOCAL_RANK: 0 - CUDA_VISIBLE_DEVICES: [0]
[I 2023-11-30 04:49:17,252] Trial 68 finished with value: 0.16082949936389923 and parameters: {'gradient_clip_val': 0.1505706908815586, 'hidden_size': 77, 'dropout': 0.15209980605200604, 'hidden_continuous_size': 58, 'attention_head_size': 3, 'learning_rate': 0.01975195903728698}. Best is trial 61 with value: 0.08651825785636902.
LOCAL_RANK: 0 - CUDA_VISIBLE_DEVICES: [0]
[I 2023-11-30 04:49:30,874] Trial 69 finished with value: 0.18348710238933563 and parameters: {'gradient_clip_val': 0.13646519855640032, 'hidden_size': 53, 'dropout': 0.13427808228586216, 'hidden_continuous_size': 45, 'attention_head_size': 4, 'learning_rate': 0.025025645308306334}. Best is trial 61 with value: 0.08651825785636902.
LOCAL_RANK: 0 - CUDA_VISIBLE_DEVICES: [0]
[I 2023-11-30 04:49:44,525] Trial 70 finished with value: 0.15111438930034637 and parameters: {'gradient_clip_val': 0.20502567360790622, 'hidden_size': 68, 'dropout': 0.1790307548599132, 'hidden_continuous_size': 48, 'attention_head_size': 3, 'learning_rate': 0.03656453521326335}. Best is trial 61 with value: 0.08651825785636902.
LOCAL_RANK: 0 - CUDA_VISIBLE_DEVICES: [0]
[I 2023-11-30 04:49:58,666] Trial 71 finished with value: 0.19161371886730194 and parameters: {'gradient_clip_val': 0.12109812815358148, 'hidden_size': 93, 'dropout': 0.16433054399314095, 'hidden_continuous_size': 67, 'attention_head_size': 2, 'learning_rate': 0.023174539853713757}. Best is trial 61 with value: 0.08651825785636902.
LOCAL_RANK: 0 - CUDA_VISIBLE_DEVICES: [0]
[I 2023-11-30 04:50:12,769] Trial 72 finished with value: 0.14314444363117218 and parameters: {'gradient_clip_val': 0.13094650327738916, 'hidden_size': 84, 'dropout': 0.1690704908847316, 'hidden_continuous_size': 55, 'attention_head_size': 2, 'learning_rate': 0.030508452529892992}. Best is trial 61 with value: 0.08651825785636902.
LOCAL_RANK: 0 - CUDA_VISIBLE_DEVICES: [0]
[I 2023-11-30 04:50:26,664] Trial 73 finished with value: 0.1476246863603592 and parameters: {'gradient_clip_val': 0.10458913612050359, 'hidden_size': 95, 'dropout': 0.1601132384735569, 'hidden_continuous_size': 44, 'attention_head_size': 3, 'learning_rate': 0.02339844143939598}. Best is trial 61 with value: 0.08651825785636902.
LOCAL_RANK: 0 - CUDA_VISIBLE_DEVICES: [0]
[I 2023-11-30 04:50:40,477] Trial 74 finished with value: 0.1803884357213974 and parameters: {'gradient_clip_val': 0.14868295308396562, 'hidden_size': 75, 'dropout': 0.10902948460125435, 'hidden_continuous_size': 60, 'attention_head_size': 1, 'learning_rate': 0.020043965079145715}. Best is trial 61 with value: 0.08651825785636902.
LOCAL_RANK: 0 - CUDA_VISIBLE_DEVICES: [0]
[I 2023-11-30 04:50:54,725] Trial 75 finished with value: 0.08975698798894882 and parameters: {'gradient_clip_val': 0.1818308091182858, 'hidden_size': 99, 'dropout': 0.14782183706552293, 'hidden_continuous_size': 71, 'attention_head_size': 3, 'learning_rate': 0.016006910495324333}. Best is trial 61 with value: 0.08651825785636902.
LOCAL_RANK: 0 - CUDA_VISIBLE_DEVICES: [0]
[I 2023-11-30 04:51:08,927] Trial 76 finished with value: 0.17873652279376984 and parameters: {'gradient_clip_val': 0.16772531895518442, 'hidden_size': 100, 'dropout': 0.13829277668560383, 'hidden_continuous_size': 76, 'attention_head_size': 3, 'learning_rate': 0.012448263467129378}. Best is trial 61 with value: 0.08651825785636902.
LOCAL_RANK: 0 - CUDA_VISIBLE_DEVICES: [0]
[I 2023-11-30 04:51:23,109] Trial 77 finished with value: 0.10360487550497055 and parameters: {'gradient_clip_val': 0.22863147871496292, 'hidden_size': 82, 'dropout': 0.12003111579065905, 'hidden_continuous_size': 64, 'attention_head_size': 3, 'learning_rate': 0.015453606387453406}. Best is trial 61 with value: 0.08651825785636902.
LOCAL_RANK: 0 - CUDA_VISIBLE_DEVICES: [0]
[I 2023-11-30 04:51:36,717] Trial 78 finished with value: 0.1979455202817917 and parameters: {'gradient_clip_val': 0.1860365537486145, 'hidden_size': 61, 'dropout': 0.15116328524314257, 'hidden_continuous_size': 52, 'attention_head_size': 3, 'learning_rate': 0.01552351522222168}. Best is trial 61 with value: 0.08651825785636902.
LOCAL_RANK: 0 - CUDA_VISIBLE_DEVICES: [0]
[I 2023-11-30 04:51:50,616] Trial 79 finished with value: 0.14291125535964966 and parameters: {'gradient_clip_val': 0.22361300125469663, 'hidden_size': 71, 'dropout': 0.11984429311876085, 'hidden_continuous_size': 55, 'attention_head_size': 3, 'learning_rate': 0.014623332525197718}. Best is trial 61 with value: 0.08651825785636902.
LOCAL_RANK: 0 - CUDA_VISIBLE_DEVICES: [0]
[I 2023-11-30 04:52:04,719] Trial 80 finished with value: 0.17279617488384247 and parameters: {'gradient_clip_val': 0.19532844649541464, 'hidden_size': 80, 'dropout': 0.1471977323148228, 'hidden_continuous_size': 67, 'attention_head_size': 3, 'learning_rate': 0.012680187060960137}. Best is trial 61 with value: 0.08651825785636902.
LOCAL_RANK: 0 - CUDA_VISIBLE_DEVICES: [0]
[I 2023-11-30 04:52:18,574] Trial 81 finished with value: 0.12632569670677185 and parameters: {'gradient_clip_val': 0.18468268878675184, 'hidden_size': 88, 'dropout': 0.10785953485227219, 'hidden_continuous_size': 64, 'attention_head_size': 3, 'learning_rate': 0.010670619463149737}. Best is trial 61 with value: 0.08651825785636902.
LOCAL_RANK: 0 - CUDA_VISIBLE_DEVICES: [0]
[I 2023-11-30 04:52:32,749] Trial 82 finished with value: 0.13896746933460236 and parameters: {'gradient_clip_val': 0.17559263995264182, 'hidden_size': 83, 'dropout': 0.12761258455123756, 'hidden_continuous_size': 62, 'attention_head_size': 3, 'learning_rate': 0.017943006510218625}. Best is trial 61 with value: 0.08651825785636902.
LOCAL_RANK: 0 - CUDA_VISIBLE_DEVICES: [0]
[I 2023-11-30 04:52:46,546] Trial 83 finished with value: 0.16332373023033142 and parameters: {'gradient_clip_val': 0.16093713278356708, 'hidden_size': 68, 'dropout': 0.11845053937899407, 'hidden_continuous_size': 57, 'attention_head_size': 3, 'learning_rate': 0.016206005459894562}. Best is trial 61 with value: 0.08651825785636902.
LOCAL_RANK: 0 - CUDA_VISIBLE_DEVICES: [0]
[I 2023-11-30 04:53:00,865] Trial 84 finished with value: 0.2093183398246765 and parameters: {'gradient_clip_val': 0.2017170263967635, 'hidden_size': 104, 'dropout': 0.1353203211195192, 'hidden_continuous_size': 74, 'attention_head_size': 3, 'learning_rate': 0.009496800130316403}. Best is trial 61 with value: 0.08651825785636902.
LOCAL_RANK: 0 - CUDA_VISIBLE_DEVICES: [0]
[I 2023-11-30 04:53:15,136] Trial 85 finished with value: 0.1753065139055252 and parameters: {'gradient_clip_val': 0.15392842606098342, 'hidden_size': 112, 'dropout': 0.1048979705374462, 'hidden_continuous_size': 81, 'attention_head_size': 3, 'learning_rate': 0.013389772111936862}. Best is trial 61 with value: 0.08651825785636902.
LOCAL_RANK: 0 - CUDA_VISIBLE_DEVICES: [0]
[I 2023-11-30 04:53:29,361] Trial 86 finished with value: 0.2529219686985016 and parameters: {'gradient_clip_val': 0.23732000899241693, 'hidden_size': 97, 'dropout': 0.1250048742754345, 'hidden_continuous_size': 69, 'attention_head_size': 3, 'learning_rate': 0.02078093406504891}. Best is trial 61 with value: 0.08651825785636902.
LOCAL_RANK: 0 - CUDA_VISIBLE_DEVICES: [0]
[I 2023-11-30 04:53:43,387] Trial 87 finished with value: 0.15466473996639252 and parameters: {'gradient_clip_val': 0.1782796854220782, 'hidden_size': 77, 'dropout': 0.11461156384755204, 'hidden_continuous_size': 61, 'attention_head_size': 1, 'learning_rate': 0.026221018539106525}. Best is trial 61 with value: 0.08651825785636902.
LOCAL_RANK: 0 - CUDA_VISIBLE_DEVICES: [0]
[I 2023-11-30 04:53:57,556] Trial 88 finished with value: 0.15508702397346497 and parameters: {'gradient_clip_val': 0.16220676520940144, 'hidden_size': 89, 'dropout': 0.14291440059672667, 'hidden_continuous_size': 65, 'attention_head_size': 3, 'learning_rate': 0.04522807798407551}. Best is trial 61 with value: 0.08651825785636902.
LOCAL_RANK: 0 - CUDA_VISIBLE_DEVICES: [0]
[I 2023-11-30 04:54:11,022] Trial 89 finished with value: 0.1107194647192955 and parameters: {'gradient_clip_val': 0.22699363061966055, 'hidden_size': 56, 'dropout': 0.13462816226280566, 'hidden_continuous_size': 49, 'attention_head_size': 3, 'learning_rate': 0.03208418156215402}. Best is trial 61 with value: 0.08651825785636902.
LOCAL_RANK: 0 - CUDA_VISIBLE_DEVICES: [0]
[I 2023-11-30 04:54:24,756] Trial 90 finished with value: 0.13325099647045135 and parameters: {'gradient_clip_val': 0.20949576024908478, 'hidden_size': 65, 'dropout': 0.15745219553449477, 'hidden_continuous_size': 51, 'attention_head_size': 3, 'learning_rate': 0.018887408823492137}. Best is trial 61 with value: 0.08651825785636902.
LOCAL_RANK: 0 - CUDA_VISIBLE_DEVICES: [0]
[I 2023-11-30 04:54:38,604] Trial 91 finished with value: 0.1291884332895279 and parameters: {'gradient_clip_val': 0.14086987599618253, 'hidden_size': 88, 'dropout': 0.1737193562208903, 'hidden_continuous_size': 47, 'attention_head_size': 2, 'learning_rate': 0.0221966578260037}. Best is trial 61 with value: 0.08651825785636902.
LOCAL_RANK: 0 - CUDA_VISIBLE_DEVICES: [0]
[I 2023-11-30 04:54:52,659] Trial 92 finished with value: 0.19461925327777863 and parameters: {'gradient_clip_val': 0.14843448034349008, 'hidden_size': 73, 'dropout': 0.15182970414688235, 'hidden_continuous_size': 57, 'attention_head_size': 2, 'learning_rate': 0.026313997586669958}. Best is trial 61 with value: 0.08651825785636902.
LOCAL_RANK: 0 - CUDA_VISIBLE_DEVICES: [0]
[I 2023-11-30 04:55:06,602] Trial 93 finished with value: 0.14981432259082794 and parameters: {'gradient_clip_val': 0.12393751025375087, 'hidden_size': 82, 'dropout': 0.1687001805043373, 'hidden_continuous_size': 53, 'attention_head_size': 2, 'learning_rate': 0.01600196068983026}. Best is trial 61 with value: 0.08651825785636902.
LOCAL_RANK: 0 - CUDA_VISIBLE_DEVICES: [0]
[I 2023-11-30 04:55:20,531] Trial 94 finished with value: 0.10669120401144028 and parameters: {'gradient_clip_val': 0.12696924435432008, 'hidden_size': 101, 'dropout': 0.18221707205602838, 'hidden_continuous_size': 41, 'attention_head_size': 2, 'learning_rate': 0.03544782781700652}. Best is trial 61 with value: 0.08651825785636902.
LOCAL_RANK: 0 - CUDA_VISIBLE_DEVICES: [0]
[I 2023-11-30 04:55:34,411] Trial 95 finished with value: 0.1367649883031845 and parameters: {'gradient_clip_val': 0.1283934621984084, 'hidden_size': 101, 'dropout': 0.17999693867562483, 'hidden_continuous_size': 71, 'attention_head_size': 1, 'learning_rate': 0.03984399386847193}. Best is trial 61 with value: 0.08651825785636902.
LOCAL_RANK: 0 - CUDA_VISIBLE_DEVICES: [0]
[I 2023-11-30 04:55:48,387] Trial 96 finished with value: 0.16256889700889587 and parameters: {'gradient_clip_val': 0.13827520327601212, 'hidden_size': 108, 'dropout': 0.18475625654587174, 'hidden_continuous_size': 41, 'attention_head_size': 2, 'learning_rate': 0.030354885839865987}. Best is trial 61 with value: 0.08651825785636902.
LOCAL_RANK: 0 - CUDA_VISIBLE_DEVICES: [0]
[I 2023-11-30 04:56:02,800] Trial 97 finished with value: 0.1589369922876358 and parameters: {'gradient_clip_val': 0.17230127774350068, 'hidden_size': 95, 'dropout': 0.1969246435705884, 'hidden_continuous_size': 46, 'attention_head_size': 4, 'learning_rate': 0.03515469214588774}. Best is trial 61 with value: 0.08651825785636902.
LOCAL_RANK: 0 - CUDA_VISIBLE_DEVICES: [0]
[I 2023-11-30 04:56:16,924] Trial 98 finished with value: 0.14282312989234924 and parameters: {'gradient_clip_val': 0.19262206636795653, 'hidden_size': 123, 'dropout': 0.1276339217233003, 'hidden_continuous_size': 42, 'attention_head_size': 3, 'learning_rate': 0.017874194893145394}. Best is trial 61 with value: 0.08651825785636902.
LOCAL_RANK: 0 - CUDA_VISIBLE_DEVICES: [0]
[I 2023-11-30 04:56:30,813] Trial 99 finished with value: 0.14179269969463348 and parameters: {'gradient_clip_val': 0.15115480079098223, 'hidden_size': 77, 'dropout': 0.14751100409063556, 'hidden_continuous_size': 59, 'attention_head_size': 2, 'learning_rate': 0.022410246962509074}. Best is trial 61 with value: 0.08651825785636902.
LOCAL_RANK: 0 - CUDA_VISIBLE_DEVICES: [0]
[I 2023-11-30 04:56:44,508] Trial 100 finished with value: 0.08681529015302658 and parameters: {'gradient_clip_val': 0.1614966170692787, 'hidden_size': 72, 'dropout': 0.13929590601194664, 'hidden_continuous_size': 50, 'attention_head_size': 3, 'learning_rate': 0.02812816670145106}. Best is trial 61 with value: 0.08651825785636902.
LOCAL_RANK: 0 - CUDA_VISIBLE_DEVICES: [0]
[I 2023-11-30 04:56:58,335] Trial 101 finished with value: 0.14393995702266693 and parameters: {'gradient_clip_val': 0.16827759174825044, 'hidden_size': 71, 'dropout': 0.1381836064967336, 'hidden_continuous_size': 53, 'attention_head_size': 3, 'learning_rate': 0.027430106365554822}. Best is trial 61 with value: 0.08651825785636902.
LOCAL_RANK: 0 - CUDA_VISIBLE_DEVICES: [0]
[I 2023-11-30 04:57:12,142] Trial 102 finished with value: 0.13294853270053864 and parameters: {'gradient_clip_val': 0.18578928931298525, 'hidden_size': 63, 'dropout': 0.11642068266119383, 'hidden_continuous_size': 49, 'attention_head_size': 3, 'learning_rate': 0.03672220982526997}. Best is trial 61 with value: 0.08651825785636902.
LOCAL_RANK: 0 - CUDA_VISIBLE_DEVICES: [0]
[I 2023-11-30 04:57:26,162] Trial 103 finished with value: 0.14200204610824585 and parameters: {'gradient_clip_val': 0.15583919872563054, 'hidden_size': 83, 'dropout': 0.15637468515205658, 'hidden_continuous_size': 56, 'attention_head_size': 3, 'learning_rate': 0.03271282474228038}. Best is trial 61 with value: 0.08651825785636902.
LOCAL_RANK: 0 - CUDA_VISIBLE_DEVICES: [0]
[I 2023-11-30 04:57:40,201] Trial 104 finished with value: 0.18317870795726776 and parameters: {'gradient_clip_val': 0.16319583536478455, 'hidden_size': 91, 'dropout': 0.19016331862468355, 'hidden_continuous_size': 51, 'attention_head_size': 3, 'learning_rate': 0.024130793855938366}. Best is trial 61 with value: 0.08651825785636902.
LOCAL_RANK: 0 - CUDA_VISIBLE_DEVICES: [0]
[I 2023-11-30 04:57:54,015] Trial 105 finished with value: 0.16033028066158295 and parameters: {'gradient_clip_val': 0.13766055755641465, 'hidden_size': 68, 'dropout': 0.13133408092132828, 'hidden_continuous_size': 55, 'attention_head_size': 3, 'learning_rate': 0.02080661846926807}. Best is trial 61 with value: 0.08651825785636902.
LOCAL_RANK: 0 - CUDA_VISIBLE_DEVICES: [0]
[I 2023-11-30 04:58:07,519] Trial 106 finished with value: 0.13152368366718292 and parameters: {'gradient_clip_val': 0.14548402011674816, 'hidden_size': 60, 'dropout': 0.14136101651252075, 'hidden_continuous_size': 52, 'attention_head_size': 3, 'learning_rate': 0.02787292216820619}. Best is trial 61 with value: 0.08651825785636902.
LOCAL_RANK: 0 - CUDA_VISIBLE_DEVICES: [0]
[I 2023-11-30 04:58:21,623] Trial 107 finished with value: 0.22633995115756989 and parameters: {'gradient_clip_val': 0.13031105150130173, 'hidden_size': 78, 'dropout': 0.12341897073498595, 'hidden_continuous_size': 61, 'attention_head_size': 3, 'learning_rate': 0.04719640523878439}. Best is trial 61 with value: 0.08651825785636902.
LOCAL_RANK: 0 - CUDA_VISIBLE_DEVICES: [0]
[I 2023-11-30 04:58:35,211] Trial 108 finished with value: 0.28406232595443726 and parameters: {'gradient_clip_val': 0.20391408824968732, 'hidden_size': 72, 'dropout': 0.10414141149096995, 'hidden_continuous_size': 60, 'attention_head_size': 2, 'learning_rate': 0.013638760900747433}. Best is trial 61 with value: 0.08651825785636902.
LOCAL_RANK: 0 - CUDA_VISIBLE_DEVICES: [0]
[I 2023-11-30 04:58:49,116] Trial 109 finished with value: 0.1262936145067215 and parameters: {'gradient_clip_val': 0.18166204588887438, 'hidden_size': 97, 'dropout': 0.16532935150234057, 'hidden_continuous_size': 38, 'attention_head_size': 1, 'learning_rate': 0.018999300662370565}. Best is trial 61 with value: 0.08651825785636902.
LOCAL_RANK: 0 - CUDA_VISIBLE_DEVICES: [0]
[I 2023-11-30 04:59:03,082] Trial 110 finished with value: 0.17952454090118408 and parameters: {'gradient_clip_val': 0.11665993881799937, 'hidden_size': 85, 'dropout': 0.17505566485225915, 'hidden_continuous_size': 49, 'attention_head_size': 3, 'learning_rate': 0.025068223497816837}. Best is trial 61 with value: 0.08651825785636902.
LOCAL_RANK: 0 - CUDA_VISIBLE_DEVICES: [0]
[I 2023-11-30 04:59:16,896] Trial 111 finished with value: 0.166886568069458 and parameters: {'gradient_clip_val': 0.15344913333831775, 'hidden_size': 88, 'dropout': 0.16059985290795134, 'hidden_continuous_size': 46, 'attention_head_size': 2, 'learning_rate': 0.016683151837768768}. Best is trial 61 with value: 0.08651825785636902.
LOCAL_RANK: 0 - CUDA_VISIBLE_DEVICES: [0]
[I 2023-11-30 04:59:31,048] Trial 112 finished with value: 0.10654713958501816 and parameters: {'gradient_clip_val': 0.13561244655354174, 'hidden_size': 103, 'dropout': 0.14802401588918349, 'hidden_continuous_size': 44, 'attention_head_size': 2, 'learning_rate': 0.03379633889071887}. Best is trial 61 with value: 0.08651825785636902.
LOCAL_RANK: 0 - CUDA_VISIBLE_DEVICES: [0]
[I 2023-11-30 04:59:44,997] Trial 113 finished with value: 0.13425995409488678 and parameters: {'gradient_clip_val': 0.14383304737997474, 'hidden_size': 104, 'dropout': 0.1322281124650749, 'hidden_continuous_size': 43, 'attention_head_size': 2, 'learning_rate': 0.029655422182303107}. Best is trial 61 with value: 0.08651825785636902.
LOCAL_RANK: 0 - CUDA_VISIBLE_DEVICES: [0]
[I 2023-11-30 04:59:58,917] Trial 114 finished with value: 0.13320690393447876 and parameters: {'gradient_clip_val': 0.1704736700354299, 'hidden_size': 93, 'dropout': 0.1474228057328364, 'hidden_continuous_size': 45, 'attention_head_size': 2, 'learning_rate': 0.038921925202831206}. Best is trial 61 with value: 0.08651825785636902.
LOCAL_RANK: 0 - CUDA_VISIBLE_DEVICES: [0]
[I 2023-11-30 05:00:13,055] Trial 115 finished with value: 0.11787015199661255 and parameters: {'gradient_clip_val': 0.1599680419216666, 'hidden_size': 118, 'dropout': 0.11099190458477157, 'hidden_continuous_size': 64, 'attention_head_size': 2, 'learning_rate': 0.042585627411984565}. Best is trial 61 with value: 0.08651825785636902.
LOCAL_RANK: 0 - CUDA_VISIBLE_DEVICES: [0]
[I 2023-11-30 05:00:26,984] Trial 116 finished with value: 0.17469941079616547 and parameters: {'gradient_clip_val': 0.13443358051484983, 'hidden_size': 66, 'dropout': 0.13994945236855966, 'hidden_continuous_size': 58, 'attention_head_size': 3, 'learning_rate': 0.0336246100763857}. Best is trial 61 with value: 0.08651825785636902.
LOCAL_RANK: 0 - CUDA_VISIBLE_DEVICES: [0]
[I 2023-11-30 05:00:41,124] Trial 117 finished with value: 0.1856410950422287 and parameters: {'gradient_clip_val': 0.11108009197654946, 'hidden_size': 109, 'dropout': 0.1530088831436231, 'hidden_continuous_size': 48, 'attention_head_size': 2, 'learning_rate': 0.021439510961495167}. Best is trial 61 with value: 0.08651825785636902.
LOCAL_RANK: 0 - CUDA_VISIBLE_DEVICES: [0]
