[I 2023-11-30 07:12:18,552] Trial 96 finished with value: 0.1383681297302246 and parameters: {'gradient_clip_val': 0.5856839383541581, 'hidden_size': 106, 'dropout': 0.2610313479381092, 'hidden_continuous_size': 74, 'attention_head_size': 3, 'learning_rate': 0.022874620582441003}. Best is trial 75 with value: 0.05898603796958923.
LOCAL_RANK: 0 - CUDA_VISIBLE_DEVICES: [0]
[I 2023-11-30 07:12:33,035] Trial 97 finished with value: 0.12961380183696747 and parameters: {'gradient_clip_val': 0.6472314781364938, 'hidden_size': 97, 'dropout': 0.27950443176480777, 'hidden_continuous_size': 69, 'attention_head_size': 3, 'learning_rate': 0.012566553622903149}. Best is trial 75 with value: 0.05898603796958923.
LOCAL_RANK: 0 - CUDA_VISIBLE_DEVICES: [0]
[I 2023-11-30 07:12:47,242] Trial 98 finished with value: 0.08683667331933975 and parameters: {'gradient_clip_val': 0.9995587034536841, 'hidden_size': 112, 'dropout': 0.26903200484786294, 'hidden_continuous_size': 65, 'attention_head_size': 3, 'learning_rate': 0.01479088306338851}. Best is trial 75 with value: 0.05898603796958923.
LOCAL_RANK: 0 - CUDA_VISIBLE_DEVICES: [0]
[I 2023-11-30 07:13:01,579] Trial 99 finished with value: 0.07670589536428452 and parameters: {'gradient_clip_val': 0.9248333048761308, 'hidden_size': 130, 'dropout': 0.24693738541012633, 'hidden_continuous_size': 60, 'attention_head_size': 3, 'learning_rate': 0.017305464649713047}. Best is trial 75 with value: 0.05898603796958923.
LOCAL_RANK: 0 - CUDA_VISIBLE_DEVICES: [0]
[I 2023-11-30 07:13:16,251] Trial 100 finished with value: 0.08785814046859741 and parameters: {'gradient_clip_val': 0.6720451902291981, 'hidden_size': 141, 'dropout': 0.2929261330889981, 'hidden_continuous_size': 79, 'attention_head_size': 3, 'learning_rate': 0.013750038842183641}. Best is trial 75 with value: 0.05898603796958923.
LOCAL_RANK: 0 - CUDA_VISIBLE_DEVICES: [0]
[I 2023-11-30 07:13:30,221] Trial 101 finished with value: 0.1466652899980545 and parameters: {'gradient_clip_val': 0.9298670574633704, 'hidden_size': 128, 'dropout': 0.24664784228389547, 'hidden_continuous_size': 55, 'attention_head_size': 3, 'learning_rate': 0.016563850653817103}. Best is trial 75 with value: 0.05898603796958923.
LOCAL_RANK: 0 - CUDA_VISIBLE_DEVICES: [0]
[I 2023-11-30 07:13:44,442] Trial 102 finished with value: 0.31121087074279785 and parameters: {'gradient_clip_val': 0.880148609985656, 'hidden_size': 118, 'dropout': 0.2617947772175377, 'hidden_continuous_size': 61, 'attention_head_size': 3, 'learning_rate': 0.01930394258534718}. Best is trial 75 with value: 0.05898603796958923.
LOCAL_RANK: 0 - CUDA_VISIBLE_DEVICES: [0]
[I 2023-11-30 07:13:59,058] Trial 103 finished with value: 0.25068438053131104 and parameters: {'gradient_clip_val': 0.8038256028537522, 'hidden_size': 131, 'dropout': 0.2564608414844519, 'hidden_continuous_size': 73, 'attention_head_size': 3, 'learning_rate': 0.02615890907840237}. Best is trial 75 with value: 0.05898603796958923.
LOCAL_RANK: 0 - CUDA_VISIBLE_DEVICES: [0]
[I 2023-11-30 07:14:13,512] Trial 104 finished with value: 0.08697401732206345 and parameters: {'gradient_clip_val': 0.9431149624781316, 'hidden_size': 122, 'dropout': 0.27572037460372356, 'hidden_continuous_size': 67, 'attention_head_size': 3, 'learning_rate': 0.017051702831078243}. Best is trial 75 with value: 0.05898603796958923.
LOCAL_RANK: 0 - CUDA_VISIBLE_DEVICES: [0]
[I 2023-11-30 07:14:28,094] Trial 105 finished with value: 0.10586237907409668 and parameters: {'gradient_clip_val': 0.8337537134665745, 'hidden_size': 141, 'dropout': 0.23424838451148572, 'hidden_continuous_size': 88, 'attention_head_size': 3, 'learning_rate': 0.020757690255244092}. Best is trial 75 with value: 0.05898603796958923.
LOCAL_RANK: 0 - CUDA_VISIBLE_DEVICES: [0]
[I 2023-11-30 07:14:42,321] Trial 106 finished with value: 0.07428903132677078 and parameters: {'gradient_clip_val': 0.776275461396082, 'hidden_size': 111, 'dropout': 0.2526337646535264, 'hidden_continuous_size': 52, 'attention_head_size': 4, 'learning_rate': 0.02390646561783137}. Best is trial 75 with value: 0.05898603796958923.
LOCAL_RANK: 0 - CUDA_VISIBLE_DEVICES: [0]
[I 2023-11-30 07:14:56,739] Trial 107 finished with value: 0.07672489434480667 and parameters: {'gradient_clip_val': 0.7720089947786931, 'hidden_size': 93, 'dropout': 0.28150632820425747, 'hidden_continuous_size': 63, 'attention_head_size': 4, 'learning_rate': 0.023639431469312404}. Best is trial 75 with value: 0.05898603796958923.
LOCAL_RANK: 0 - CUDA_VISIBLE_DEVICES: [0]
[I 2023-11-30 07:15:11,003] Trial 108 finished with value: 0.08090439438819885 and parameters: {'gradient_clip_val': 0.7099706218057806, 'hidden_size': 102, 'dropout': 0.26736718884348326, 'hidden_continuous_size': 52, 'attention_head_size': 4, 'learning_rate': 0.0276055482761976}. Best is trial 75 with value: 0.05898603796958923.
LOCAL_RANK: 0 - CUDA_VISIBLE_DEVICES: [0]
[I 2023-11-30 07:15:25,246] Trial 109 finished with value: 0.09456905722618103 and parameters: {'gradient_clip_val': 0.8762488712917321, 'hidden_size': 110, 'dropout': 0.25176912491906384, 'hidden_continuous_size': 59, 'attention_head_size': 4, 'learning_rate': 0.03190009176590477}. Best is trial 75 with value: 0.05898603796958923.
LOCAL_RANK: 0 - CUDA_VISIBLE_DEVICES: [0]
[I 2023-11-30 07:15:39,372] Trial 110 finished with value: 0.08116058260202408 and parameters: {'gradient_clip_val': 0.6134384628025148, 'hidden_size': 113, 'dropout': 0.2843292828642653, 'hidden_continuous_size': 56, 'attention_head_size': 2, 'learning_rate': 0.012151993036039801}. Best is trial 75 with value: 0.05898603796958923.
LOCAL_RANK: 0 - CUDA_VISIBLE_DEVICES: [0]
[I 2023-11-30 07:15:53,580] Trial 111 finished with value: 0.10895702987909317 and parameters: {'gradient_clip_val': 0.894278886632682, 'hidden_size': 124, 'dropout': 0.24258432584041809, 'hidden_continuous_size': 68, 'attention_head_size': 2, 'learning_rate': 0.01910865038107131}. Best is trial 75 with value: 0.05898603796958923.
LOCAL_RANK: 0 - CUDA_VISIBLE_DEVICES: [0]
[I 2023-11-30 07:16:08,157] Trial 112 finished with value: 0.10608895868062973 and parameters: {'gradient_clip_val': 0.9603126192958307, 'hidden_size': 134, 'dropout': 0.25852287586798983, 'hidden_continuous_size': 53, 'attention_head_size': 4, 'learning_rate': 0.024347742966441096}. Best is trial 75 with value: 0.05898603796958923.
LOCAL_RANK: 0 - CUDA_VISIBLE_DEVICES: [0]
[I 2023-11-30 07:16:22,771] Trial 113 finished with value: 0.12444782257080078 and parameters: {'gradient_clip_val': 0.8185945379290546, 'hidden_size': 143, 'dropout': 0.2709300341890597, 'hidden_continuous_size': 73, 'attention_head_size': 3, 'learning_rate': 0.017431073963225945}. Best is trial 75 with value: 0.05898603796958923.
LOCAL_RANK: 0 - CUDA_VISIBLE_DEVICES: [0]
[I 2023-11-30 07:16:36,894] Trial 114 finished with value: 0.07966279238462448 and parameters: {'gradient_clip_val': 0.7673125455161685, 'hidden_size': 106, 'dropout': 0.25180792058462914, 'hidden_continuous_size': 59, 'attention_head_size': 2, 'learning_rate': 0.014068728221082082}. Best is trial 75 with value: 0.05898603796958923.
LOCAL_RANK: 0 - CUDA_VISIBLE_DEVICES: [0]
[I 2023-11-30 07:16:51,180] Trial 115 finished with value: 0.07630649954080582 and parameters: {'gradient_clip_val': 0.9207624001077758, 'hidden_size': 120, 'dropout': 0.2454778727475379, 'hidden_continuous_size': 65, 'attention_head_size': 3, 'learning_rate': 0.030247431111118078}. Best is trial 75 with value: 0.05898603796958923.
LOCAL_RANK: 0 - CUDA_VISIBLE_DEVICES: [0]
[I 2023-11-30 07:17:05,575] Trial 116 finished with value: 0.13653121888637543 and parameters: {'gradient_clip_val': 0.7393935597425452, 'hidden_size': 119, 'dropout': 0.26400781527362227, 'hidden_continuous_size': 66, 'attention_head_size': 3, 'learning_rate': 0.03020252489378216}. Best is trial 75 with value: 0.05898603796958923.
LOCAL_RANK: 0 - CUDA_VISIBLE_DEVICES: [0]
[I 2023-11-30 07:17:19,973] Trial 117 finished with value: 0.1685735434293747 and parameters: {'gradient_clip_val': 0.6775953008720987, 'hidden_size': 98, 'dropout': 0.23034183709800993, 'hidden_continuous_size': 75, 'attention_head_size': 2, 'learning_rate': 0.021720750367742604}. Best is trial 75 with value: 0.05898603796958923.
LOCAL_RANK: 0 - CUDA_VISIBLE_DEVICES: [0]
[I 2023-11-30 07:17:34,303] Trial 118 finished with value: 0.07510586827993393 and parameters: {'gradient_clip_val': 0.6395363488842889, 'hidden_size': 89, 'dropout': 0.23960707967036882, 'hidden_continuous_size': 70, 'attention_head_size': 3, 'learning_rate': 0.027617550824392188}. Best is trial 75 with value: 0.05898603796958923.
LOCAL_RANK: 0 - CUDA_VISIBLE_DEVICES: [0]
[I 2023-11-30 07:17:48,417] Trial 119 finished with value: 0.06509246677160263 and parameters: {'gradient_clip_val': 0.6372369265049463, 'hidden_size': 85, 'dropout': 0.23514546554681606, 'hidden_continuous_size': 72, 'attention_head_size': 3, 'learning_rate': 0.028355579284666733}. Best is trial 75 with value: 0.05898603796958923.
LOCAL_RANK: 0 - CUDA_VISIBLE_DEVICES: [0]
[I 2023-11-30 07:18:02,592] Trial 120 finished with value: 0.08235421776771545 and parameters: {'gradient_clip_val': 0.5296320307334929, 'hidden_size': 78, 'dropout': 0.23832130404586896, 'hidden_continuous_size': 71, 'attention_head_size': 4, 'learning_rate': 0.028415389421822878}. Best is trial 75 with value: 0.05898603796958923.
LOCAL_RANK: 0 - CUDA_VISIBLE_DEVICES: [0]
[I 2023-11-30 07:18:16,831] Trial 121 finished with value: 0.08339180797338486 and parameters: {'gradient_clip_val': 0.5632690705531831, 'hidden_size': 89, 'dropout': 0.22041299801140335, 'hidden_continuous_size': 67, 'attention_head_size': 3, 'learning_rate': 0.03384435375794502}. Best is trial 75 with value: 0.05898603796958923.
LOCAL_RANK: 0 - CUDA_VISIBLE_DEVICES: [0]
[I 2023-11-30 07:18:31,019] Trial 122 finished with value: 0.11473961919546127 and parameters: {'gradient_clip_val': 0.6361098479939382, 'hidden_size': 87, 'dropout': 0.24403854611092915, 'hidden_continuous_size': 70, 'attention_head_size': 3, 'learning_rate': 0.030628005165314113}. Best is trial 75 with value: 0.05898603796958923.
LOCAL_RANK: 0 - CUDA_VISIBLE_DEVICES: [0]
[I 2023-11-30 07:18:44,979] Trial 123 finished with value: 0.1061076745390892 and parameters: {'gradient_clip_val': 0.6064011863584374, 'hidden_size': 84, 'dropout': 0.237082567821145, 'hidden_continuous_size': 64, 'attention_head_size': 3, 'learning_rate': 0.025265692906045623}. Best is trial 75 with value: 0.05898603796958923.
LOCAL_RANK: 0 - CUDA_VISIBLE_DEVICES: [0]
[I 2023-11-30 07:18:59,390] Trial 124 finished with value: 0.08859356492757797 and parameters: {'gradient_clip_val': 0.9585009901601289, 'hidden_size': 102, 'dropout': 0.22780945381618234, 'hidden_continuous_size': 82, 'attention_head_size': 3, 'learning_rate': 0.03635819423361386}. Best is trial 75 with value: 0.05898603796958923.
LOCAL_RANK: 0 - CUDA_VISIBLE_DEVICES: [0]
[I 2023-11-30 07:19:13,800] Trial 125 finished with value: 0.08837325125932693 and parameters: {'gradient_clip_val': 0.839933590979154, 'hidden_size': 109, 'dropout': 0.24992005165272857, 'hidden_continuous_size': 77, 'attention_head_size': 3, 'learning_rate': 0.026840234699628995}. Best is trial 75 with value: 0.05898603796958923.
LOCAL_RANK: 0 - CUDA_VISIBLE_DEVICES: [0]
[I 2023-11-30 07:19:27,831] Trial 126 finished with value: 0.05808281898498535 and parameters: {'gradient_clip_val': 0.7083806834543904, 'hidden_size': 76, 'dropout': 0.2557742560283773, 'hidden_continuous_size': 68, 'attention_head_size': 3, 'learning_rate': 0.023273169939545615}. Best is trial 126 with value: 0.05808281898498535.
LOCAL_RANK: 0 - CUDA_VISIBLE_DEVICES: [0]
[I 2023-11-30 07:19:42,096] Trial 127 finished with value: 0.1713048666715622 and parameters: {'gradient_clip_val': 0.7141071443980742, 'hidden_size': 93, 'dropout': 0.2611386366234176, 'hidden_continuous_size': 72, 'attention_head_size': 3, 'learning_rate': 0.02180608808942851}. Best is trial 126 with value: 0.05808281898498535.
LOCAL_RANK: 0 - CUDA_VISIBLE_DEVICES: [0]
[I 2023-11-30 07:19:56,133] Trial 128 finished with value: 0.0704193189740181 and parameters: {'gradient_clip_val': 0.6561552992561279, 'hidden_size': 81, 'dropout': 0.2553115847574217, 'hidden_continuous_size': 61, 'attention_head_size': 2, 'learning_rate': 0.023063649501296513}. Best is trial 126 with value: 0.05808281898498535.
LOCAL_RANK: 0 - CUDA_VISIBLE_DEVICES: [0]
[I 2023-11-30 07:20:10,173] Trial 129 finished with value: 0.07123409956693649 and parameters: {'gradient_clip_val': 0.6348070410907455, 'hidden_size': 70, 'dropout': 0.25746062210285264, 'hidden_continuous_size': 62, 'attention_head_size': 2, 'learning_rate': 0.023711863513444252}. Best is trial 126 with value: 0.05808281898498535.
LOCAL_RANK: 0 - CUDA_VISIBLE_DEVICES: [0]
[I 2023-11-30 07:20:23,979] Trial 130 finished with value: 0.08197738230228424 and parameters: {'gradient_clip_val': 0.647241123543061, 'hidden_size': 81, 'dropout': 0.2540968218077026, 'hidden_continuous_size': 61, 'attention_head_size': 2, 'learning_rate': 0.02419313103774178}. Best is trial 126 with value: 0.05808281898498535.
LOCAL_RANK: 0 - CUDA_VISIBLE_DEVICES: [0]
[I 2023-11-30 07:20:37,802] Trial 131 finished with value: 0.14111007750034332 and parameters: {'gradient_clip_val': 0.5813630814982252, 'hidden_size': 69, 'dropout': 0.26658389502207797, 'hidden_continuous_size': 63, 'attention_head_size': 2, 'learning_rate': 0.02750542461259143}. Best is trial 126 with value: 0.05808281898498535.
LOCAL_RANK: 0 - CUDA_VISIBLE_DEVICES: [0]
[I 2023-11-30 07:20:51,684] Trial 132 finished with value: 0.06718678772449493 and parameters: {'gradient_clip_val': 0.6327889004947509, 'hidden_size': 63, 'dropout': 0.2735020503307475, 'hidden_continuous_size': 58, 'attention_head_size': 2, 'learning_rate': 0.022971750013742062}. Best is trial 126 with value: 0.05808281898498535.
LOCAL_RANK: 0 - CUDA_VISIBLE_DEVICES: [0]
[I 2023-11-30 07:21:05,730] Trial 133 finished with value: 0.06805254518985748 and parameters: {'gradient_clip_val': 0.5939461390580717, 'hidden_size': 74, 'dropout': 0.2729142987625206, 'hidden_continuous_size': 67, 'attention_head_size': 2, 'learning_rate': 0.02266413094191716}. Best is trial 126 with value: 0.05808281898498535.
LOCAL_RANK: 0 - CUDA_VISIBLE_DEVICES: [0]
[I 2023-11-30 07:21:19,441] Trial 134 finished with value: 0.19548223912715912 and parameters: {'gradient_clip_val': 0.6180056565674025, 'hidden_size': 76, 'dropout': 0.2752716176950643, 'hidden_continuous_size': 58, 'attention_head_size': 2, 'learning_rate': 0.020069652904415168}. Best is trial 126 with value: 0.05808281898498535.
LOCAL_RANK: 0 - CUDA_VISIBLE_DEVICES: [0]
[I 2023-11-30 07:21:33,432] Trial 135 finished with value: 0.10454569011926651 and parameters: {'gradient_clip_val': 0.6006617790252929, 'hidden_size': 74, 'dropout': 0.25722544551131044, 'hidden_continuous_size': 67, 'attention_head_size': 2, 'learning_rate': 0.022308052624379536}. Best is trial 126 with value: 0.05808281898498535.
LOCAL_RANK: 0 - CUDA_VISIBLE_DEVICES: [0]
[I 2023-11-30 07:21:47,125] Trial 136 finished with value: 0.07390505820512772 and parameters: {'gradient_clip_val': 0.5515938640561409, 'hidden_size': 70, 'dropout': 0.27202828599341755, 'hidden_continuous_size': 62, 'attention_head_size': 2, 'learning_rate': 0.02308489195290257}. Best is trial 126 with value: 0.05808281898498535.
LOCAL_RANK: 0 - CUDA_VISIBLE_DEVICES: [0]
[I 2023-11-30 07:22:01,062] Trial 137 finished with value: 0.11385255306959152 and parameters: {'gradient_clip_val': 0.5574035311997729, 'hidden_size': 65, 'dropout': 0.2704299805382982, 'hidden_continuous_size': 61, 'attention_head_size': 2, 'learning_rate': 0.019103488075153493}. Best is trial 126 with value: 0.05808281898498535.
LOCAL_RANK: 0 - CUDA_VISIBLE_DEVICES: [0]
[I 2023-11-30 07:22:14,687] Trial 138 finished with value: 0.14284057915210724 and parameters: {'gradient_clip_val': 0.5803543526708188, 'hidden_size': 70, 'dropout': 0.27728883852126185, 'hidden_continuous_size': 63, 'attention_head_size': 2, 'learning_rate': 0.020920547738781305}. Best is trial 126 with value: 0.05808281898498535.
LOCAL_RANK: 0 - CUDA_VISIBLE_DEVICES: [0]
[I 2023-11-30 07:22:28,534] Trial 139 finished with value: 0.08997597545385361 and parameters: {'gradient_clip_val': 0.538072207366014, 'hidden_size': 75, 'dropout': 0.26356714233907846, 'hidden_continuous_size': 56, 'attention_head_size': 2, 'learning_rate': 0.024493023712830145}. Best is trial 126 with value: 0.05808281898498535.
LOCAL_RANK: 0 - CUDA_VISIBLE_DEVICES: [0]
[I 2023-11-30 07:22:42,063] Trial 140 finished with value: 0.07863635569810867 and parameters: {'gradient_clip_val': 0.659923908097479, 'hidden_size': 63, 'dropout': 0.2884143188937992, 'hidden_continuous_size': 59, 'attention_head_size': 2, 'learning_rate': 0.018223901213135253}. Best is trial 126 with value: 0.05808281898498535.
LOCAL_RANK: 0 - CUDA_VISIBLE_DEVICES: [0]
[I 2023-11-30 07:22:55,902] Trial 141 finished with value: 0.07441762834787369 and parameters: {'gradient_clip_val': 0.7009050148298374, 'hidden_size': 68, 'dropout': 0.2554437137528906, 'hidden_continuous_size': 62, 'attention_head_size': 2, 'learning_rate': 0.023435659028860356}. Best is trial 126 with value: 0.05808281898498535.
LOCAL_RANK: 0 - CUDA_VISIBLE_DEVICES: [0]
[I 2023-11-30 07:23:10,053] Trial 142 finished with value: 0.06129099428653717 and parameters: {'gradient_clip_val': 0.6769394256731236, 'hidden_size': 71, 'dropout': 0.26741447380963135, 'hidden_continuous_size': 65, 'attention_head_size': 2, 'learning_rate': 0.025958389399770337}. Best is trial 126 with value: 0.05808281898498535.
LOCAL_RANK: 0 - CUDA_VISIBLE_DEVICES: [0]
[I 2023-11-30 07:23:24,022] Trial 143 finished with value: 0.09113413095474243 and parameters: {'gradient_clip_val': 0.5093632660897883, 'hidden_size': 73, 'dropout': 0.2711768332902868, 'hidden_continuous_size': 67, 'attention_head_size': 2, 'learning_rate': 0.03217323660788458}. Best is trial 126 with value: 0.05808281898498535.
LOCAL_RANK: 0 - CUDA_VISIBLE_DEVICES: [0]
[I 2023-11-30 07:23:37,845] Trial 144 finished with value: 0.07786175608634949 and parameters: {'gradient_clip_val': 0.6337003989723768, 'hidden_size': 80, 'dropout': 0.2651117876195812, 'hidden_continuous_size': 69, 'attention_head_size': 2, 'learning_rate': 0.026754800337007768}. Best is trial 126 with value: 0.05808281898498535.
LOCAL_RANK: 0 - CUDA_VISIBLE_DEVICES: [0]
[I 2023-11-30 07:23:51,405] Trial 145 finished with value: 0.12062346935272217 and parameters: {'gradient_clip_val': 0.599273117199081, 'hidden_size': 59, 'dropout': 0.2762515433580217, 'hidden_continuous_size': 56, 'attention_head_size': 2, 'learning_rate': 0.02055832296990969}. Best is trial 126 with value: 0.05808281898498535.
LOCAL_RANK: 0 - CUDA_VISIBLE_DEVICES: [0]
[I 2023-11-30 07:24:05,322] Trial 146 finished with value: 0.07322919368743896 and parameters: {'gradient_clip_val': 0.6790179957492654, 'hidden_size': 73, 'dropout': 0.25982625184777275, 'hidden_continuous_size': 65, 'attention_head_size': 2, 'learning_rate': 0.022916177168218258}. Best is trial 126 with value: 0.05808281898498535.
LOCAL_RANK: 0 - CUDA_VISIBLE_DEVICES: [0]
[I 2023-11-30 07:24:19,498] Trial 147 finished with value: 0.05831937491893768 and parameters: {'gradient_clip_val': 0.6828525454215802, 'hidden_size': 78, 'dropout': 0.26133934014700766, 'hidden_continuous_size': 68, 'attention_head_size': 2, 'learning_rate': 0.029089409472948843}. Best is trial 126 with value: 0.05808281898498535.
LOCAL_RANK: 0 - CUDA_VISIBLE_DEVICES: [0]
[I 2023-11-30 07:24:33,625] Trial 148 finished with value: 0.08190140873193741 and parameters: {'gradient_clip_val': 0.6834885665363273, 'hidden_size': 82, 'dropout': 0.26094602218676677, 'hidden_continuous_size': 73, 'attention_head_size': 2, 'learning_rate': 0.030560559771912698}. Best is trial 126 with value: 0.05808281898498535.
LOCAL_RANK: 0 - CUDA_VISIBLE_DEVICES: [0]
[I 2023-11-30 07:24:47,570] Trial 149 finished with value: 0.1857771873474121 and parameters: {'gradient_clip_val': 0.7373015921532068, 'hidden_size': 76, 'dropout': 0.25802769590548874, 'hidden_continuous_size': 65, 'attention_head_size': 2, 'learning_rate': 0.029100632022374687}. Best is trial 126 with value: 0.05808281898498535.
[I 2023-11-30 07:24:47,703] A new study created in memory with name: no-name-f4b6ea54-3452-4d68-8bcf-87ad5722f4a9
/home/le004/conda/anaconda3/envs/tsff_env/lib/python3.9/site-packages/lightning/fabric/plugins/environments/slurm.py:191: The `srun` command is available on your system but is not used. HINT: If your intention is to run Lightning on SLURM, prepend your python command with `srun` like so: srun python /home/le004/master_thesis/git/TSFusionForecast/code/ ...
LOCAL_RANK: 0 - CUDA_VISIBLE_DEVICES: [0]
[I 2023-11-30 07:25:01,795] Trial 0 finished with value: 1.0954314470291138 and parameters: {'gradient_clip_val': 0.15648795518010594, 'hidden_size': 92, 'dropout': 0.1728280887348369, 'hidden_continuous_size': 51, 'attention_head_size': 4, 'learning_rate': 0.0014442740034639186}. Best is trial 0 with value: 1.0954314470291138.
LOCAL_RANK: 0 - CUDA_VISIBLE_DEVICES: [0]
[I 2023-11-30 07:25:14,590] Trial 1 finished with value: 1.7009247541427612 and parameters: {'gradient_clip_val': 0.2489108222762006, 'hidden_size': 35, 'dropout': 0.3956103718565699, 'hidden_continuous_size': 32, 'attention_head_size': 1, 'learning_rate': 0.004349559893103278}. Best is trial 0 with value: 1.0954314470291138.
LOCAL_RANK: 0 - CUDA_VISIBLE_DEVICES: [0]
[I 2023-11-30 07:25:27,498] Trial 2 finished with value: 1.1948699951171875 and parameters: {'gradient_clip_val': 0.19454276780515542, 'hidden_size': 37, 'dropout': 0.26615187668480744, 'hidden_continuous_size': 17, 'attention_head_size': 2, 'learning_rate': 0.005422594384227812}. Best is trial 0 with value: 1.0954314470291138.
LOCAL_RANK: 0 - CUDA_VISIBLE_DEVICES: [0]
