[I 2023-11-29 21:22:42,601] Trial 46 finished with value: 0.29400911927223206 and parameters: {'gradient_clip_val': 0.743597064873001, 'hidden_size': 111, 'dropout': 0.315639407923451, 'hidden_continuous_size': 69, 'attention_head_size': 2, 'learning_rate': 0.013133737306971047}. Best is trial 32 with value: 0.26618558168411255.
LOCAL_RANK: 0 - CUDA_VISIBLE_DEVICES: [0]
[I 2023-11-29 21:22:57,464] Trial 47 finished with value: 0.25212085247039795 and parameters: {'gradient_clip_val': 0.7684322283718046, 'hidden_size': 148, 'dropout': 0.3422938654204223, 'hidden_continuous_size': 113, 'attention_head_size': 1, 'learning_rate': 0.023001352154407535}. Best is trial 47 with value: 0.25212085247039795.
LOCAL_RANK: 0 - CUDA_VISIBLE_DEVICES: [0]
[I 2023-11-29 21:23:12,195] Trial 48 finished with value: 0.40049445629119873 and parameters: {'gradient_clip_val': 0.9290688634409412, 'hidden_size': 146, 'dropout': 0.3787545912687555, 'hidden_continuous_size': 118, 'attention_head_size': 1, 'learning_rate': 0.02367378907631853}. Best is trial 47 with value: 0.25212085247039795.
LOCAL_RANK: 0 - CUDA_VISIBLE_DEVICES: [0]
[I 2023-11-29 21:23:26,441] Trial 49 finished with value: 0.4343860149383545 and parameters: {'gradient_clip_val': 0.7835290858072718, 'hidden_size': 132, 'dropout': 0.3427234970417813, 'hidden_continuous_size': 86, 'attention_head_size': 1, 'learning_rate': 0.02952857966221148}. Best is trial 47 with value: 0.25212085247039795.
LOCAL_RANK: 0 - CUDA_VISIBLE_DEVICES: [0]
[I 2023-11-29 21:23:40,448] Trial 50 finished with value: 0.3875785768032074 and parameters: {'gradient_clip_val': 0.593049520107374, 'hidden_size': 78, 'dropout': 0.3545615272354483, 'hidden_continuous_size': 64, 'attention_head_size': 3, 'learning_rate': 0.020660251666207743}. Best is trial 47 with value: 0.25212085247039795.
LOCAL_RANK: 0 - CUDA_VISIBLE_DEVICES: [0]
[I 2023-11-29 21:23:54,527] Trial 51 finished with value: 0.5133040547370911 and parameters: {'gradient_clip_val': 0.7537657237166562, 'hidden_size': 112, 'dropout': 0.29614153430176027, 'hidden_continuous_size': 74, 'attention_head_size': 1, 'learning_rate': 0.015878758029720216}. Best is trial 47 with value: 0.25212085247039795.
LOCAL_RANK: 0 - CUDA_VISIBLE_DEVICES: [0]
[I 2023-11-29 21:24:09,406] Trial 52 finished with value: 0.5168940424919128 and parameters: {'gradient_clip_val': 0.6377858140404168, 'hidden_size': 149, 'dropout': 0.32946904168408175, 'hidden_continuous_size': 117, 'attention_head_size': 1, 'learning_rate': 0.013287992100060144}. Best is trial 47 with value: 0.25212085247039795.
LOCAL_RANK: 0 - CUDA_VISIBLE_DEVICES: [0]
[I 2023-11-29 21:24:23,850] Trial 53 finished with value: 0.3514617383480072 and parameters: {'gradient_clip_val': 0.7230681720805956, 'hidden_size': 98, 'dropout': 0.34085559957733186, 'hidden_continuous_size': 71, 'attention_head_size': 3, 'learning_rate': 0.017626406280565367}. Best is trial 47 with value: 0.25212085247039795.
LOCAL_RANK: 0 - CUDA_VISIBLE_DEVICES: [0]
[I 2023-11-29 21:24:38,155] Trial 54 finished with value: 0.7575413584709167 and parameters: {'gradient_clip_val': 0.8831580648416222, 'hidden_size': 116, 'dropout': 0.3119334865016913, 'hidden_continuous_size': 80, 'attention_head_size': 3, 'learning_rate': 0.023847581153713524}. Best is trial 47 with value: 0.25212085247039795.
LOCAL_RANK: 0 - CUDA_VISIBLE_DEVICES: [0]
[I 2023-11-29 21:24:52,737] Trial 55 finished with value: 0.363646000623703 and parameters: {'gradient_clip_val': 0.5165535969419747, 'hidden_size': 133, 'dropout': 0.3696335218225342, 'hidden_continuous_size': 94, 'attention_head_size': 2, 'learning_rate': 0.04133355988216944}. Best is trial 47 with value: 0.25212085247039795.
LOCAL_RANK: 0 - CUDA_VISIBLE_DEVICES: [0]
[I 2023-11-29 21:25:06,753] Trial 56 finished with value: 0.3371819257736206 and parameters: {'gradient_clip_val': 0.5933236607219575, 'hidden_size': 85, 'dropout': 0.303368975221917, 'hidden_continuous_size': 70, 'attention_head_size': 1, 'learning_rate': 0.029229991621241132}. Best is trial 47 with value: 0.25212085247039795.
LOCAL_RANK: 0 - CUDA_VISIBLE_DEVICES: [0]
[I 2023-11-29 21:25:21,069] Trial 57 finished with value: 0.5563729405403137 and parameters: {'gradient_clip_val': 0.689401290476924, 'hidden_size': 96, 'dropout': 0.35161036786058025, 'hidden_continuous_size': 75, 'attention_head_size': 3, 'learning_rate': 0.020679859092118075}. Best is trial 47 with value: 0.25212085247039795.
LOCAL_RANK: 0 - CUDA_VISIBLE_DEVICES: [0]
[I 2023-11-29 21:25:35,517] Trial 58 finished with value: 0.32111355662345886 and parameters: {'gradient_clip_val': 0.8072569859416127, 'hidden_size': 118, 'dropout': 0.3207448798379006, 'hidden_continuous_size': 89, 'attention_head_size': 2, 'learning_rate': 0.01501104745788315}. Best is trial 47 with value: 0.25212085247039795.
LOCAL_RANK: 0 - CUDA_VISIBLE_DEVICES: [0]
[I 2023-11-29 21:25:49,418] Trial 59 finished with value: 0.27744260430336 and parameters: {'gradient_clip_val': 0.4566621876585868, 'hidden_size': 75, 'dropout': 0.3904295967456894, 'hidden_continuous_size': 54, 'attention_head_size': 3, 'learning_rate': 0.017238626547396604}. Best is trial 47 with value: 0.25212085247039795.
LOCAL_RANK: 0 - CUDA_VISIBLE_DEVICES: [0]
[I 2023-11-29 21:26:03,469] Trial 60 finished with value: 0.455326110124588 and parameters: {'gradient_clip_val': 0.47766221565466643, 'hidden_size': 77, 'dropout': 0.38806953813287715, 'hidden_continuous_size': 55, 'attention_head_size': 3, 'learning_rate': 0.03891970585841173}. Best is trial 47 with value: 0.25212085247039795.
LOCAL_RANK: 0 - CUDA_VISIBLE_DEVICES: [0]
[I 2023-11-29 21:26:17,405] Trial 61 finished with value: 0.3877967894077301 and parameters: {'gradient_clip_val': 0.5419400369661146, 'hidden_size': 70, 'dropout': 0.36228049358090686, 'hidden_continuous_size': 62, 'attention_head_size': 3, 'learning_rate': 0.01805349842504347}. Best is trial 47 with value: 0.25212085247039795.
LOCAL_RANK: 0 - CUDA_VISIBLE_DEVICES: [0]
[I 2023-11-29 21:26:31,879] Trial 62 finished with value: 0.7244027256965637 and parameters: {'gradient_clip_val': 0.6157606641512414, 'hidden_size': 103, 'dropout': 0.37748858599022966, 'hidden_continuous_size': 78, 'attention_head_size': 3, 'learning_rate': 0.024864865372872438}. Best is trial 47 with value: 0.25212085247039795.
LOCAL_RANK: 0 - CUDA_VISIBLE_DEVICES: [0]
[I 2023-11-29 21:26:46,020] Trial 63 finished with value: 0.5491960048675537 and parameters: {'gradient_clip_val': 0.5020230434099235, 'hidden_size': 92, 'dropout': 0.33482644804899, 'hidden_continuous_size': 69, 'attention_head_size': 3, 'learning_rate': 0.03259052387940048}. Best is trial 47 with value: 0.25212085247039795.
LOCAL_RANK: 0 - CUDA_VISIBLE_DEVICES: [0]
[I 2023-11-29 21:26:59,634] Trial 64 finished with value: 0.39683911204338074 and parameters: {'gradient_clip_val': 0.44701536200794606, 'hidden_size': 64, 'dropout': 0.38984376631899686, 'hidden_continuous_size': 57, 'attention_head_size': 3, 'learning_rate': 0.02186747182767163}. Best is trial 47 with value: 0.25212085247039795.
LOCAL_RANK: 0 - CUDA_VISIBLE_DEVICES: [0]
[I 2023-11-29 21:27:13,741] Trial 65 finished with value: 0.48252245783805847 and parameters: {'gradient_clip_val': 0.5664358373743836, 'hidden_size': 85, 'dropout': 0.34801153154068865, 'hidden_continuous_size': 68, 'attention_head_size': 3, 'learning_rate': 0.012446194813133016}. Best is trial 47 with value: 0.25212085247039795.
LOCAL_RANK: 0 - CUDA_VISIBLE_DEVICES: [0]
[I 2023-11-29 21:27:27,756] Trial 66 finished with value: 0.41700777411460876 and parameters: {'gradient_clip_val': 0.7348778262602765, 'hidden_size': 73, 'dropout': 0.359302479106089, 'hidden_continuous_size': 64, 'attention_head_size': 4, 'learning_rate': 0.016421088167524796}. Best is trial 47 with value: 0.25212085247039795.
LOCAL_RANK: 0 - CUDA_VISIBLE_DEVICES: [0]
[I 2023-11-29 21:27:42,169] Trial 67 finished with value: 0.25156521797180176 and parameters: {'gradient_clip_val': 0.6743748631596266, 'hidden_size': 104, 'dropout': 0.3729619874898085, 'hidden_continuous_size': 78, 'attention_head_size': 3, 'learning_rate': 0.013315994501427094}. Best is trial 67 with value: 0.25156521797180176.
LOCAL_RANK: 0 - CUDA_VISIBLE_DEVICES: [0]
[I 2023-11-29 21:27:56,176] Trial 68 finished with value: 0.3803474009037018 and parameters: {'gradient_clip_val': 0.6604784837188729, 'hidden_size': 79, 'dropout': 0.39695108225519427, 'hidden_continuous_size': 49, 'attention_head_size': 3, 'learning_rate': 0.027159609770896872}. Best is trial 67 with value: 0.25156521797180176.
LOCAL_RANK: 0 - CUDA_VISIBLE_DEVICES: [0]
[I 2023-11-29 21:28:10,529] Trial 69 finished with value: 0.4249460995197296 and parameters: {'gradient_clip_val': 0.4115987827419742, 'hidden_size': 105, 'dropout': 0.36975455786300154, 'hidden_continuous_size': 79, 'attention_head_size': 3, 'learning_rate': 0.018510087103662545}. Best is trial 67 with value: 0.25156521797180176.
LOCAL_RANK: 0 - CUDA_VISIBLE_DEVICES: [0]
[I 2023-11-29 21:28:25,329] Trial 70 finished with value: 0.6293945908546448 and parameters: {'gradient_clip_val': 0.5314788709761908, 'hidden_size': 139, 'dropout': 0.382923241077221, 'hidden_continuous_size': 106, 'attention_head_size': 3, 'learning_rate': 0.015536588185143089}. Best is trial 67 with value: 0.25156521797180176.
LOCAL_RANK: 0 - CUDA_VISIBLE_DEVICES: [0]
[I 2023-11-29 21:28:39,962] Trial 71 finished with value: 0.5809531211853027 and parameters: {'gradient_clip_val': 0.6939145421582178, 'hidden_size': 127, 'dropout': 0.3481855316220985, 'hidden_continuous_size': 87, 'attention_head_size': 3, 'learning_rate': 0.010174059880507387}. Best is trial 67 with value: 0.25156521797180176.
LOCAL_RANK: 0 - CUDA_VISIBLE_DEVICES: [0]
[I 2023-11-29 21:28:54,566] Trial 72 finished with value: 0.4096553325653076 and parameters: {'gradient_clip_val': 0.7739666815440354, 'hidden_size': 118, 'dropout': 0.37318245855107696, 'hidden_continuous_size': 75, 'attention_head_size': 3, 'learning_rate': 0.01349098467549127}. Best is trial 67 with value: 0.25156521797180176.
LOCAL_RANK: 0 - CUDA_VISIBLE_DEVICES: [0]
[I 2023-11-29 21:29:08,980] Trial 73 finished with value: 0.42844852805137634 and parameters: {'gradient_clip_val': 0.6097514995124892, 'hidden_size': 102, 'dropout': 0.3247992093846157, 'hidden_continuous_size': 82, 'attention_head_size': 3, 'learning_rate': 0.022453880826641313}. Best is trial 67 with value: 0.25156521797180176.
LOCAL_RANK: 0 - CUDA_VISIBLE_DEVICES: [0]
[I 2023-11-29 21:29:23,191] Trial 74 finished with value: 0.2922618091106415 and parameters: {'gradient_clip_val': 0.5851842641259595, 'hidden_size': 89, 'dropout': 0.335090175218484, 'hidden_continuous_size': 72, 'attention_head_size': 2, 'learning_rate': 0.012313036575682824}. Best is trial 67 with value: 0.25156521797180176.
LOCAL_RANK: 0 - CUDA_VISIBLE_DEVICES: [0]
[I 2023-11-29 21:29:37,312] Trial 75 finished with value: 0.5238192677497864 and parameters: {'gradient_clip_val': 0.5796085803334612, 'hidden_size': 89, 'dropout': 0.357814696222146, 'hidden_continuous_size': 74, 'attention_head_size': 3, 'learning_rate': 0.011731558148690507}. Best is trial 67 with value: 0.25156521797180176.
LOCAL_RANK: 0 - CUDA_VISIBLE_DEVICES: [0]
[I 2023-11-29 21:29:50,813] Trial 76 finished with value: 0.4046638309955597 and parameters: {'gradient_clip_val': 0.46867755471593897, 'hidden_size': 56, 'dropout': 0.3345096171514629, 'hidden_continuous_size': 52, 'attention_head_size': 3, 'learning_rate': 0.019527272494039127}. Best is trial 67 with value: 0.25156521797180176.
LOCAL_RANK: 0 - CUDA_VISIBLE_DEVICES: [0]
[I 2023-11-29 21:30:04,860] Trial 77 finished with value: 0.4897269010543823 and parameters: {'gradient_clip_val': 0.6465049960268127, 'hidden_size': 65, 'dropout': 0.34208048376042655, 'hidden_continuous_size': 58, 'attention_head_size': 4, 'learning_rate': 0.015045727341812552}. Best is trial 67 with value: 0.25156521797180176.
LOCAL_RANK: 0 - CUDA_VISIBLE_DEVICES: [0]
[I 2023-11-29 21:30:19,005] Trial 78 finished with value: 0.27839547395706177 and parameters: {'gradient_clip_val': 0.5079505801679537, 'hidden_size': 95, 'dropout': 0.3623689021478388, 'hidden_continuous_size': 66, 'attention_head_size': 2, 'learning_rate': 0.009562535581261612}. Best is trial 67 with value: 0.25156521797180176.
LOCAL_RANK: 0 - CUDA_VISIBLE_DEVICES: [0]
[I 2023-11-29 21:30:32,919] Trial 79 finished with value: 0.39991679787635803 and parameters: {'gradient_clip_val': 0.505919060899615, 'hidden_size': 73, 'dropout': 0.3651139886300062, 'hidden_continuous_size': 64, 'attention_head_size': 2, 'learning_rate': 0.009203571871143755}. Best is trial 67 with value: 0.25156521797180176.
LOCAL_RANK: 0 - CUDA_VISIBLE_DEVICES: [0]
[I 2023-11-29 21:30:47,046] Trial 80 finished with value: 0.35124722123146057 and parameters: {'gradient_clip_val': 0.3865255129747151, 'hidden_size': 90, 'dropout': 0.39876378354906955, 'hidden_continuous_size': 72, 'attention_head_size': 2, 'learning_rate': 0.010949939809682972}. Best is trial 67 with value: 0.25156521797180176.
LOCAL_RANK: 0 - CUDA_VISIBLE_DEVICES: [0]
[I 2023-11-29 21:31:01,228] Trial 81 finished with value: 0.6341078877449036 and parameters: {'gradient_clip_val': 0.5551012918825611, 'hidden_size': 83, 'dropout': 0.3736338605465066, 'hidden_continuous_size': 67, 'attention_head_size': 2, 'learning_rate': 0.012158812173253252}. Best is trial 67 with value: 0.25156521797180176.
LOCAL_RANK: 0 - CUDA_VISIBLE_DEVICES: [0]
[I 2023-11-29 21:31:15,680] Trial 82 finished with value: 0.4016861915588379 and parameters: {'gradient_clip_val': 0.6269002667654956, 'hidden_size': 102, 'dropout': 0.3503228391347423, 'hidden_continuous_size': 78, 'attention_head_size': 3, 'learning_rate': 0.017091228210385008}. Best is trial 67 with value: 0.25156521797180176.
LOCAL_RANK: 0 - CUDA_VISIBLE_DEVICES: [0]
[I 2023-11-29 21:31:29,911] Trial 83 finished with value: 0.7454734444618225 and parameters: {'gradient_clip_val': 0.7017549938877028, 'hidden_size': 128, 'dropout': 0.361150912005822, 'hidden_continuous_size': 86, 'attention_head_size': 1, 'learning_rate': 0.009346622833472255}. Best is trial 67 with value: 0.25156521797180176.
LOCAL_RANK: 0 - CUDA_VISIBLE_DEVICES: [0]
[I 2023-11-29 21:31:43,971] Trial 84 finished with value: 0.35240158438682556 and parameters: {'gradient_clip_val': 0.535330761622579, 'hidden_size': 95, 'dropout': 0.38230437145349017, 'hidden_continuous_size': 72, 'attention_head_size': 2, 'learning_rate': 0.025289026701096985}. Best is trial 67 with value: 0.25156521797180176.
LOCAL_RANK: 0 - CUDA_VISIBLE_DEVICES: [0]
[I 2023-11-29 21:31:58,218] Trial 85 finished with value: 0.8628862500190735 and parameters: {'gradient_clip_val': 0.5875464637879145, 'hidden_size': 112, 'dropout': 0.3381488432578745, 'hidden_continuous_size': 82, 'attention_head_size': 3, 'learning_rate': 0.01460147903502388}. Best is trial 67 with value: 0.25156521797180176.
LOCAL_RANK: 0 - CUDA_VISIBLE_DEVICES: [0]
[I 2023-11-29 21:32:12,231] Trial 86 finished with value: 0.4913468062877655 and parameters: {'gradient_clip_val': 0.4878654668862181, 'hidden_size': 79, 'dropout': 0.3267671089814118, 'hidden_continuous_size': 62, 'attention_head_size': 3, 'learning_rate': 0.010842929401389777}. Best is trial 67 with value: 0.25156521797180176.
LOCAL_RANK: 0 - CUDA_VISIBLE_DEVICES: [0]
[I 2023-11-29 21:32:27,163] Trial 87 finished with value: 0.3484911024570465 and parameters: {'gradient_clip_val': 0.6643373650495104, 'hidden_size': 138, 'dropout': 0.3691697586656139, 'hidden_continuous_size': 94, 'attention_head_size': 3, 'learning_rate': 0.01939900779898228}. Best is trial 67 with value: 0.25156521797180176.
LOCAL_RANK: 0 - CUDA_VISIBLE_DEVICES: [0]
[I 2023-11-29 21:32:40,708] Trial 88 finished with value: 0.6505520343780518 and parameters: {'gradient_clip_val': 0.8032677140395706, 'hidden_size': 59, 'dropout': 0.3579253813364238, 'hidden_continuous_size': 55, 'attention_head_size': 1, 'learning_rate': 0.0076828738156634255}. Best is trial 67 with value: 0.25156521797180176.
LOCAL_RANK: 0 - CUDA_VISIBLE_DEVICES: [0]
[I 2023-11-29 21:32:55,180] Trial 89 finished with value: 0.324167937040329 and parameters: {'gradient_clip_val': 0.4267799247463449, 'hidden_size': 119, 'dropout': 0.345290641472794, 'hidden_continuous_size': 90, 'attention_head_size': 2, 'learning_rate': 0.031956743882776244}. Best is trial 67 with value: 0.25156521797180176.
LOCAL_RANK: 0 - CUDA_VISIBLE_DEVICES: [0]
[I 2023-11-29 21:33:09,452] Trial 90 finished with value: 0.3914602994918823 and parameters: {'gradient_clip_val': 0.5747404089719241, 'hidden_size': 91, 'dropout': 0.3553465895191795, 'hidden_continuous_size': 77, 'attention_head_size': 3, 'learning_rate': 0.0221767906584883}. Best is trial 67 with value: 0.25156521797180176.
LOCAL_RANK: 0 - CUDA_VISIBLE_DEVICES: [0]
[I 2023-11-29 21:33:23,423] Trial 91 finished with value: 0.28035759925842285 and parameters: {'gradient_clip_val': 0.7571246527121834, 'hidden_size': 108, 'dropout': 0.3151366128701413, 'hidden_continuous_size': 68, 'attention_head_size': 2, 'learning_rate': 0.012829424543507668}. Best is trial 67 with value: 0.25156521797180176.
LOCAL_RANK: 0 - CUDA_VISIBLE_DEVICES: [0]
[I 2023-11-29 21:33:37,813] Trial 92 finished with value: 0.25541725754737854 and parameters: {'gradient_clip_val': 0.717192754771088, 'hidden_size': 98, 'dropout': 0.3349489856740976, 'hidden_continuous_size': 71, 'attention_head_size': 2, 'learning_rate': 0.013863184931135343}. Best is trial 67 with value: 0.25156521797180176.
LOCAL_RANK: 0 - CUDA_VISIBLE_DEVICES: [0]
[I 2023-11-29 21:33:51,915] Trial 93 finished with value: 0.2856431305408478 and parameters: {'gradient_clip_val': 0.84925754102169, 'hidden_size': 98, 'dropout': 0.3096763270848198, 'hidden_continuous_size': 67, 'attention_head_size': 2, 'learning_rate': 0.013167535401327651}. Best is trial 67 with value: 0.25156521797180176.
LOCAL_RANK: 0 - CUDA_VISIBLE_DEVICES: [0]
[I 2023-11-29 21:34:06,186] Trial 94 finished with value: 0.25486430525779724 and parameters: {'gradient_clip_val': 0.863399943344659, 'hidden_size': 97, 'dropout': 0.31025970893041777, 'hidden_continuous_size': 67, 'attention_head_size': 2, 'learning_rate': 0.013867978159788175}. Best is trial 67 with value: 0.25156521797180176.
LOCAL_RANK: 0 - CUDA_VISIBLE_DEVICES: [0]
[I 2023-11-29 21:34:20,424] Trial 95 finished with value: 0.49748626351356506 and parameters: {'gradient_clip_val': 0.7560103623935515, 'hidden_size': 125, 'dropout': 0.32139128712207254, 'hidden_continuous_size': 60, 'attention_head_size': 2, 'learning_rate': 0.016557770319970744}. Best is trial 67 with value: 0.25156521797180176.
LOCAL_RANK: 0 - CUDA_VISIBLE_DEVICES: [0]
[I 2023-11-29 21:34:34,846] Trial 96 finished with value: 0.2656305432319641 and parameters: {'gradient_clip_val': 0.7032428013896346, 'hidden_size': 107, 'dropout': 0.32762109015556923, 'hidden_continuous_size': 66, 'attention_head_size': 2, 'learning_rate': 0.018085373805061193}. Best is trial 67 with value: 0.25156521797180176.
LOCAL_RANK: 0 - CUDA_VISIBLE_DEVICES: [0]
[I 2023-11-29 21:34:48,892] Trial 97 finished with value: 0.37052008509635925 and parameters: {'gradient_clip_val': 0.9319643801209867, 'hidden_size': 84, 'dropout': 0.33089089771347474, 'hidden_continuous_size': 66, 'attention_head_size': 2, 'learning_rate': 0.02068647924250831}. Best is trial 67 with value: 0.25156521797180176.
LOCAL_RANK: 0 - CUDA_VISIBLE_DEVICES: [0]
[I 2023-11-29 21:35:02,749] Trial 98 finished with value: 0.33564987778663635 and parameters: {'gradient_clip_val': 0.8307425302490913, 'hidden_size': 96, 'dropout': 0.3449108941013493, 'hidden_continuous_size': 42, 'attention_head_size': 2, 'learning_rate': 0.02407583190471246}. Best is trial 67 with value: 0.25156521797180176.
LOCAL_RANK: 0 - CUDA_VISIBLE_DEVICES: [0]
[I 2023-11-29 21:35:16,522] Trial 99 finished with value: 0.33495762944221497 and parameters: {'gradient_clip_val': 0.7137494040705422, 'hidden_size': 68, 'dropout': 0.3229854364853703, 'hidden_continuous_size': 59, 'attention_head_size': 2, 'learning_rate': 0.018258469504924574}. Best is trial 67 with value: 0.25156521797180176.
LOCAL_RANK: 0 - CUDA_VISIBLE_DEVICES: [0]
[I 2023-11-29 21:35:30,563] Trial 100 finished with value: 0.3849329650402069 and parameters: {'gradient_clip_val': 0.6725194334573803, 'hidden_size': 105, 'dropout': 0.3376168018507405, 'hidden_continuous_size': 49, 'attention_head_size': 2, 'learning_rate': 0.026398186184644054}. Best is trial 67 with value: 0.25156521797180176.
LOCAL_RANK: 0 - CUDA_VISIBLE_DEVICES: [0]
[I 2023-11-29 21:35:44,724] Trial 101 finished with value: 0.5633615851402283 and parameters: {'gradient_clip_val': 0.7626287574452543, 'hidden_size': 112, 'dropout': 0.29954018608346444, 'hidden_continuous_size': 70, 'attention_head_size': 2, 'learning_rate': 0.014400423272105903}. Best is trial 67 with value: 0.25156521797180176.
LOCAL_RANK: 0 - CUDA_VISIBLE_DEVICES: [0]
[I 2023-11-29 21:35:59,139] Trial 102 finished with value: 0.5254440903663635 and parameters: {'gradient_clip_val': 0.7189956938744071, 'hidden_size': 106, 'dropout': 0.3101982901208634, 'hidden_continuous_size': 81, 'attention_head_size': 2, 'learning_rate': 0.01640869923230486}. Best is trial 67 with value: 0.25156521797180176.
LOCAL_RANK: 0 - CUDA_VISIBLE_DEVICES: [0]
[I 2023-11-29 21:36:12,888] Trial 103 finished with value: 0.4257484972476959 and parameters: {'gradient_clip_val': 0.806875008831605, 'hidden_size': 76, 'dropout': 0.3167300012775684, 'hidden_continuous_size': 63, 'attention_head_size': 2, 'learning_rate': 0.011591880197612429}. Best is trial 67 with value: 0.25156521797180176.
LOCAL_RANK: 0 - CUDA_VISIBLE_DEVICES: [0]
