[I 2023-11-29 21:36:27,269] Trial 104 finished with value: 0.33998218178749084 and parameters: {'gradient_clip_val': 0.6288902342915543, 'hidden_size': 122, 'dropout': 0.3298971107628974, 'hidden_continuous_size': 77, 'attention_head_size': 2, 'learning_rate': 0.013467363736983977}. Best is trial 67 with value: 0.25156521797180176.
LOCAL_RANK: 0 - CUDA_VISIBLE_DEVICES: [0]
[I 2023-11-29 21:36:41,223] Trial 105 finished with value: 0.4007057249546051 and parameters: {'gradient_clip_val': 0.8654137834679909, 'hidden_size': 100, 'dropout': 0.3494731993107488, 'hidden_continuous_size': 54, 'attention_head_size': 2, 'learning_rate': 0.01827448069494267}. Best is trial 67 with value: 0.25156521797180176.
LOCAL_RANK: 0 - CUDA_VISIBLE_DEVICES: [0]
[I 2023-11-29 21:36:55,444] Trial 106 finished with value: 0.3528188169002533 and parameters: {'gradient_clip_val': 0.7761864642929678, 'hidden_size': 93, 'dropout': 0.3072804868504329, 'hidden_continuous_size': 68, 'attention_head_size': 2, 'learning_rate': 0.015305599455540475}. Best is trial 67 with value: 0.25156521797180176.
LOCAL_RANK: 0 - CUDA_VISIBLE_DEVICES: [0]
[I 2023-11-29 21:37:09,772] Trial 107 finished with value: 0.41142407059669495 and parameters: {'gradient_clip_val': 0.6831472397508503, 'hidden_size': 81, 'dropout': 0.291667701400682, 'hidden_continuous_size': 65, 'attention_head_size': 2, 'learning_rate': 0.020951627192286316}. Best is trial 67 with value: 0.25156521797180176.
LOCAL_RANK: 0 - CUDA_VISIBLE_DEVICES: [0]
[I 2023-11-29 21:37:24,057] Trial 108 finished with value: 0.503445565700531 and parameters: {'gradient_clip_val': 0.7387924694070234, 'hidden_size': 142, 'dropout': 0.34013625803402636, 'hidden_continuous_size': 57, 'attention_head_size': 1, 'learning_rate': 0.010349394424227411}. Best is trial 67 with value: 0.25156521797180176.
LOCAL_RANK: 0 - CUDA_VISIBLE_DEVICES: [0]
[I 2023-11-29 21:37:38,366] Trial 109 finished with value: 0.33097824454307556 and parameters: {'gradient_clip_val': 0.6444655944226942, 'hidden_size': 133, 'dropout': 0.3184054859091569, 'hidden_continuous_size': 52, 'attention_head_size': 3, 'learning_rate': 0.02870546990702981}. Best is trial 67 with value: 0.25156521797180176.
LOCAL_RANK: 0 - CUDA_VISIBLE_DEVICES: [0]
[I 2023-11-29 21:37:52,630] Trial 110 finished with value: 0.3958769738674164 and parameters: {'gradient_clip_val': 0.9577290391672632, 'hidden_size': 114, 'dropout': 0.36390599706797916, 'hidden_continuous_size': 84, 'attention_head_size': 2, 'learning_rate': 0.022077222400025215}. Best is trial 67 with value: 0.25156521797180176.
LOCAL_RANK: 0 - CUDA_VISIBLE_DEVICES: [0]
[I 2023-11-29 21:38:06,921] Trial 111 finished with value: 0.5659081339836121 and parameters: {'gradient_clip_val': 0.8901238993763801, 'hidden_size': 95, 'dropout': 0.3094057744829117, 'hidden_continuous_size': 73, 'attention_head_size': 2, 'learning_rate': 0.013054031191747036}. Best is trial 67 with value: 0.25156521797180176.
LOCAL_RANK: 0 - CUDA_VISIBLE_DEVICES: [0]
[I 2023-11-29 21:38:21,101] Trial 112 finished with value: 0.2406066209077835 and parameters: {'gradient_clip_val': 0.8393628404124724, 'hidden_size': 100, 'dropout': 0.3243555197920077, 'hidden_continuous_size': 68, 'attention_head_size': 2, 'learning_rate': 0.016092595180807735}. Best is trial 112 with value: 0.2406066209077835.
LOCAL_RANK: 0 - CUDA_VISIBLE_DEVICES: [0]
[I 2023-11-29 21:38:35,295] Trial 113 finished with value: 0.387253999710083 and parameters: {'gradient_clip_val': 0.8223328297812446, 'hidden_size': 107, 'dropout': 0.3265633811881205, 'hidden_continuous_size': 62, 'attention_head_size': 2, 'learning_rate': 0.015605931768108199}. Best is trial 112 with value: 0.2406066209077835.
LOCAL_RANK: 0 - CUDA_VISIBLE_DEVICES: [0]
[I 2023-11-29 21:38:49,421] Trial 114 finished with value: 0.38206982612609863 and parameters: {'gradient_clip_val': 0.9033221329513081, 'hidden_size': 86, 'dropout': 0.33243101649000556, 'hidden_continuous_size': 69, 'attention_head_size': 2, 'learning_rate': 0.017111830676466745}. Best is trial 112 with value: 0.2406066209077835.
LOCAL_RANK: 0 - CUDA_VISIBLE_DEVICES: [0]
[I 2023-11-29 21:39:03,737] Trial 115 finished with value: 0.5318795442581177 and parameters: {'gradient_clip_val': 0.7848701188241084, 'hidden_size': 101, 'dropout': 0.3533575770817086, 'hidden_continuous_size': 74, 'attention_head_size': 2, 'learning_rate': 0.019558992170669122}. Best is trial 112 with value: 0.2406066209077835.
LOCAL_RANK: 0 - CUDA_VISIBLE_DEVICES: [0]
[I 2023-11-29 21:39:17,977] Trial 116 finished with value: 0.37123045325279236 and parameters: {'gradient_clip_val': 0.740412793180525, 'hidden_size': 116, 'dropout': 0.3438303363528111, 'hidden_continuous_size': 60, 'attention_head_size': 3, 'learning_rate': 0.014118378704088608}. Best is trial 112 with value: 0.2406066209077835.
LOCAL_RANK: 0 - CUDA_VISIBLE_DEVICES: [0]
[I 2023-11-29 21:39:32,543] Trial 117 finished with value: 0.44082632660865784 and parameters: {'gradient_clip_val': 0.9960705816352757, 'hidden_size': 124, 'dropout': 0.3013030275761315, 'hidden_continuous_size': 79, 'attention_head_size': 3, 'learning_rate': 0.011932903284728541}. Best is trial 112 with value: 0.2406066209077835.
LOCAL_RANK: 0 - CUDA_VISIBLE_DEVICES: [0]
[I 2023-11-29 21:39:46,663] Trial 118 finished with value: 0.3890775442123413 and parameters: {'gradient_clip_val': 0.6967279716508411, 'hidden_size': 86, 'dropout': 0.31662428256734704, 'hidden_continuous_size': 65, 'attention_head_size': 2, 'learning_rate': 0.024238818771021457}. Best is trial 112 with value: 0.2406066209077835.
LOCAL_RANK: 0 - CUDA_VISIBLE_DEVICES: [0]
[I 2023-11-29 21:40:00,808] Trial 119 finished with value: 0.3679414689540863 and parameters: {'gradient_clip_val': 0.6073405401062746, 'hidden_size': 108, 'dropout': 0.3759048423574565, 'hidden_continuous_size': 71, 'attention_head_size': 1, 'learning_rate': 0.01758947888156281}. Best is trial 112 with value: 0.2406066209077835.
LOCAL_RANK: 0 - CUDA_VISIBLE_DEVICES: [0]
[I 2023-11-29 21:40:14,720] Trial 120 finished with value: 0.4269169867038727 and parameters: {'gradient_clip_val': 0.8643595596101412, 'hidden_size': 70, 'dropout': 0.33507074998563385, 'hidden_continuous_size': 62, 'attention_head_size': 3, 'learning_rate': 0.009443539369891896}. Best is trial 112 with value: 0.2406066209077835.
LOCAL_RANK: 0 - CUDA_VISIBLE_DEVICES: [0]
[I 2023-11-29 21:40:28,931] Trial 121 finished with value: 0.4232803285121918 and parameters: {'gradient_clip_val': 0.8538284207542466, 'hidden_size': 99, 'dropout': 0.32446310870623535, 'hidden_continuous_size': 67, 'attention_head_size': 2, 'learning_rate': 0.012990884773807694}. Best is trial 112 with value: 0.2406066209077835.
LOCAL_RANK: 0 - CUDA_VISIBLE_DEVICES: [0]
[I 2023-11-29 21:40:43,279] Trial 122 finished with value: 0.3479861915111542 and parameters: {'gradient_clip_val': 0.8170249681666992, 'hidden_size': 92, 'dropout': 0.3136827283951212, 'hidden_continuous_size': 69, 'attention_head_size': 2, 'learning_rate': 0.01383862428785085}. Best is trial 112 with value: 0.2406066209077835.
LOCAL_RANK: 0 - CUDA_VISIBLE_DEVICES: [0]
[I 2023-11-29 21:40:57,434] Trial 123 finished with value: 0.6919177174568176 and parameters: {'gradient_clip_val': 0.667616786088013, 'hidden_size': 97, 'dropout': 0.3112577954408713, 'hidden_continuous_size': 77, 'attention_head_size': 2, 'learning_rate': 0.010870111856063262}. Best is trial 112 with value: 0.2406066209077835.
LOCAL_RANK: 0 - CUDA_VISIBLE_DEVICES: [0]
[I 2023-11-29 21:41:11,572] Trial 124 finished with value: 0.3856106996536255 and parameters: {'gradient_clip_val': 0.714369349315637, 'hidden_size': 103, 'dropout': 0.3284623662851742, 'hidden_continuous_size': 56, 'attention_head_size': 2, 'learning_rate': 0.0158066486308141}. Best is trial 112 with value: 0.2406066209077835.
LOCAL_RANK: 0 - CUDA_VISIBLE_DEVICES: [0]
[I 2023-11-29 21:41:25,468] Trial 125 finished with value: 0.4339728057384491 and parameters: {'gradient_clip_val': 0.7692848506518489, 'hidden_size': 76, 'dropout': 0.30503506673127084, 'hidden_continuous_size': 66, 'attention_head_size': 2, 'learning_rate': 0.018949482713091437}. Best is trial 112 with value: 0.2406066209077835.
LOCAL_RANK: 0 - CUDA_VISIBLE_DEVICES: [0]
[I 2023-11-29 21:41:39,992] Trial 126 finished with value: 0.39233294129371643 and parameters: {'gradient_clip_val': 0.9240262241744693, 'hidden_size': 148, 'dropout': 0.34720096168947384, 'hidden_continuous_size': 47, 'attention_head_size': 3, 'learning_rate': 0.01236239769397065}. Best is trial 112 with value: 0.2406066209077835.
LOCAL_RANK: 0 - CUDA_VISIBLE_DEVICES: [0]
[I 2023-11-29 21:41:54,268] Trial 127 finished with value: 0.6132552027702332 and parameters: {'gradient_clip_val': 0.8377639720407664, 'hidden_size': 87, 'dropout': 0.3214975446812924, 'hidden_continuous_size': 73, 'attention_head_size': 2, 'learning_rate': 0.014552966360387354}. Best is trial 112 with value: 0.2406066209077835.
LOCAL_RANK: 0 - CUDA_VISIBLE_DEVICES: [0]
[I 2023-11-29 21:42:08,294] Trial 128 finished with value: 0.2466820627450943 and parameters: {'gradient_clip_val': 0.6410002893033382, 'hidden_size': 80, 'dropout': 0.3411685848145989, 'hidden_continuous_size': 67, 'attention_head_size': 2, 'learning_rate': 0.010142851930632427}. Best is trial 112 with value: 0.2406066209077835.
LOCAL_RANK: 0 - CUDA_VISIBLE_DEVICES: [0]
[I 2023-11-29 21:42:22,403] Trial 129 finished with value: 0.5729837417602539 and parameters: {'gradient_clip_val': 0.6298591518488531, 'hidden_size': 82, 'dropout': 0.33835329405407694, 'hidden_continuous_size': 59, 'attention_head_size': 3, 'learning_rate': 0.008738818394486774}. Best is trial 112 with value: 0.2406066209077835.
LOCAL_RANK: 0 - CUDA_VISIBLE_DEVICES: [0]
[I 2023-11-29 21:42:36,845] Trial 130 finished with value: 0.43692681193351746 and parameters: {'gradient_clip_val': 0.6552766660778251, 'hidden_size': 113, 'dropout': 0.35487128769841875, 'hidden_continuous_size': 90, 'attention_head_size': 2, 'learning_rate': 0.010830807202708735}. Best is trial 112 with value: 0.2406066209077835.
LOCAL_RANK: 0 - CUDA_VISIBLE_DEVICES: [0]
[I 2023-11-29 21:42:50,840] Trial 131 finished with value: 0.44621217250823975 and parameters: {'gradient_clip_val': 0.6999007873272229, 'hidden_size': 92, 'dropout': 0.33305451554605303, 'hidden_continuous_size': 69, 'attention_head_size': 2, 'learning_rate': 0.009771123857199884}. Best is trial 112 with value: 0.2406066209077835.
LOCAL_RANK: 0 - CUDA_VISIBLE_DEVICES: [0]
[I 2023-11-29 21:43:04,906] Trial 132 finished with value: 0.3148476183414459 and parameters: {'gradient_clip_val': 0.5430271094165301, 'hidden_size': 73, 'dropout': 0.34081675144681933, 'hidden_continuous_size': 64, 'attention_head_size': 2, 'learning_rate': 0.011956114043973806}. Best is trial 112 with value: 0.2406066209077835.
LOCAL_RANK: 0 - CUDA_VISIBLE_DEVICES: [0]
[I 2023-11-29 21:43:19,329] Trial 133 finished with value: 0.9016602635383606 and parameters: {'gradient_clip_val': 0.7918902014789014, 'hidden_size': 108, 'dropout': 0.2848544194457071, 'hidden_continuous_size': 83, 'attention_head_size': 2, 'learning_rate': 0.008080882030449345}. Best is trial 112 with value: 0.2406066209077835.
LOCAL_RANK: 0 - CUDA_VISIBLE_DEVICES: [0]
[I 2023-11-29 21:43:33,614] Trial 134 finished with value: 0.46885278820991516 and parameters: {'gradient_clip_val': 0.7373646003096902, 'hidden_size': 99, 'dropout': 0.36498076251058253, 'hidden_continuous_size': 73, 'attention_head_size': 2, 'learning_rate': 0.016493439453579305}. Best is trial 112 with value: 0.2406066209077835.
LOCAL_RANK: 0 - CUDA_VISIBLE_DEVICES: [0]
[I 2023-11-29 21:43:48,273] Trial 135 finished with value: 0.49631068110466003 and parameters: {'gradient_clip_val': 0.5961007505323016, 'hidden_size': 131, 'dropout': 0.35002398036649307, 'hidden_continuous_size': 100, 'attention_head_size': 3, 'learning_rate': 0.022928585373803847}. Best is trial 112 with value: 0.2406066209077835.
LOCAL_RANK: 0 - CUDA_VISIBLE_DEVICES: [0]
[I 2023-11-29 21:44:02,600] Trial 136 finished with value: 0.4663529694080353 and parameters: {'gradient_clip_val': 0.6836118321051436, 'hidden_size': 120, 'dropout': 0.32658152233409443, 'hidden_continuous_size': 77, 'attention_head_size': 2, 'learning_rate': 0.027115830939249765}. Best is trial 112 with value: 0.2406066209077835.
LOCAL_RANK: 0 - CUDA_VISIBLE_DEVICES: [0]
[I 2023-11-29 21:44:16,918] Trial 137 finished with value: 0.3515535295009613 and parameters: {'gradient_clip_val': 0.763340306940262, 'hidden_size': 89, 'dropout': 0.294306368180446, 'hidden_continuous_size': 67, 'attention_head_size': 2, 'learning_rate': 0.010087222193689668}. Best is trial 112 with value: 0.2406066209077835.
LOCAL_RANK: 0 - CUDA_VISIBLE_DEVICES: [0]
[I 2023-11-29 21:44:30,864] Trial 138 finished with value: 0.28923824429512024 and parameters: {'gradient_clip_val': 0.63212397076034, 'hidden_size': 80, 'dropout': 0.3711782479410031, 'hidden_continuous_size': 62, 'attention_head_size': 3, 'learning_rate': 0.020037279660220886}. Best is trial 112 with value: 0.2406066209077835.
LOCAL_RANK: 0 - CUDA_VISIBLE_DEVICES: [0]
[I 2023-11-29 21:44:45,210] Trial 139 finished with value: 0.3190801739692688 and parameters: {'gradient_clip_val': 0.8752649742926591, 'hidden_size': 94, 'dropout': 0.3598205909775164, 'hidden_continuous_size': 81, 'attention_head_size': 2, 'learning_rate': 0.013218626803360103}. Best is trial 112 with value: 0.2406066209077835.
LOCAL_RANK: 0 - CUDA_VISIBLE_DEVICES: [0]
[I 2023-11-29 21:44:59,478] Trial 140 finished with value: 0.45420873165130615 and parameters: {'gradient_clip_val': 0.7195966081193713, 'hidden_size': 139, 'dropout': 0.31900064594804106, 'hidden_continuous_size': 51, 'attention_head_size': 1, 'learning_rate': 0.014955325032361112}. Best is trial 112 with value: 0.2406066209077835.
LOCAL_RANK: 0 - CUDA_VISIBLE_DEVICES: [0]
[I 2023-11-29 21:45:13,497] Trial 141 finished with value: 0.44274425506591797 and parameters: {'gradient_clip_val': 0.6260634608313779, 'hidden_size': 79, 'dropout': 0.37341245873965995, 'hidden_continuous_size': 61, 'attention_head_size': 3, 'learning_rate': 0.01830648537198231}. Best is trial 112 with value: 0.2406066209077835.
LOCAL_RANK: 0 - CUDA_VISIBLE_DEVICES: [0]
[I 2023-11-29 21:45:27,715] Trial 142 finished with value: 0.3377717435359955 and parameters: {'gradient_clip_val': 0.5166305213123064, 'hidden_size': 82, 'dropout': 0.3870424487061478, 'hidden_continuous_size': 64, 'attention_head_size': 3, 'learning_rate': 0.021853001173102123}. Best is trial 112 with value: 0.2406066209077835.
LOCAL_RANK: 0 - CUDA_VISIBLE_DEVICES: [0]
[I 2023-11-29 21:45:41,750] Trial 143 finished with value: 0.5596157908439636 and parameters: {'gradient_clip_val': 0.6562077759029334, 'hidden_size': 75, 'dropout': 0.34571993611732826, 'hidden_continuous_size': 58, 'attention_head_size': 3, 'learning_rate': 0.02014770437604827}. Best is trial 112 with value: 0.2406066209077835.
LOCAL_RANK: 0 - CUDA_VISIBLE_DEVICES: [0]
[I 2023-11-29 21:45:55,468] Trial 144 finished with value: 0.35402488708496094 and parameters: {'gradient_clip_val': 0.6021020817711462, 'hidden_size': 63, 'dropout': 0.3933558310082121, 'hidden_continuous_size': 60, 'attention_head_size': 3, 'learning_rate': 0.01717418166794939}. Best is trial 112 with value: 0.2406066209077835.
LOCAL_RANK: 0 - CUDA_VISIBLE_DEVICES: [0]
[I 2023-11-29 21:46:09,741] Trial 145 finished with value: 0.31261301040649414 and parameters: {'gradient_clip_val': 0.5546629654718964, 'hidden_size': 87, 'dropout': 0.38421337189053056, 'hidden_continuous_size': 70, 'attention_head_size': 3, 'learning_rate': 0.0206204133685063}. Best is trial 112 with value: 0.2406066209077835.
LOCAL_RANK: 0 - CUDA_VISIBLE_DEVICES: [0]
[I 2023-11-29 21:46:24,180] Trial 146 finished with value: 0.6348962187767029 and parameters: {'gradient_clip_val': 0.6770629491827321, 'hidden_size': 106, 'dropout': 0.3781848959192313, 'hidden_continuous_size': 75, 'attention_head_size': 3, 'learning_rate': 0.02556765167243241}. Best is trial 112 with value: 0.2406066209077835.
LOCAL_RANK: 0 - CUDA_VISIBLE_DEVICES: [0]
[I 2023-11-29 21:46:38,199] Trial 147 finished with value: 0.28307589888572693 and parameters: {'gradient_clip_val': 0.7966596950127145, 'hidden_size': 69, 'dropout': 0.3663593473705168, 'hidden_continuous_size': 63, 'attention_head_size': 2, 'learning_rate': 0.011289550502873117}. Best is trial 112 with value: 0.2406066209077835.
LOCAL_RANK: 0 - CUDA_VISIBLE_DEVICES: [0]
[I 2023-11-29 21:46:51,923] Trial 148 finished with value: 0.38116899132728577 and parameters: {'gradient_clip_val': 0.7970668941598508, 'hidden_size': 69, 'dropout': 0.35470457540791067, 'hidden_continuous_size': 64, 'attention_head_size': 2, 'learning_rate': 0.012235322945438694}. Best is trial 112 with value: 0.2406066209077835.
LOCAL_RANK: 0 - CUDA_VISIBLE_DEVICES: [0]
[I 2023-11-29 21:47:05,811] Trial 149 finished with value: 0.27090001106262207 and parameters: {'gradient_clip_val': 0.83824508903284, 'hidden_size': 100, 'dropout': 0.33937577547721115, 'hidden_continuous_size': 55, 'attention_head_size': 2, 'learning_rate': 0.011274130729720276}. Best is trial 112 with value: 0.2406066209077835.
[I 2023-11-29 21:47:05,921] A new study created in memory with name: no-name-07bd6bac-89a6-46bc-8f07-c5513e060016
/home/le004/conda/anaconda3/envs/tsff_env/lib/python3.9/site-packages/lightning/fabric/plugins/environments/slurm.py:191: The `srun` command is available on your system but is not used. HINT: If your intention is to run Lightning on SLURM, prepend your python command with `srun` like so: srun python /home/le004/master_thesis/git/TSFusionForecast/code/ ...
LOCAL_RANK: 0 - CUDA_VISIBLE_DEVICES: [0]
[I 2023-11-29 21:47:16,306] Trial 0 finished with value: 214.3617401123047 and parameters: {'gradient_clip_val': 0.13672593643311848, 'hidden_size': 10, 'dropout': 0.1766259483241897, 'hidden_continuous_size': 10, 'attention_head_size': 4, 'learning_rate': 0.007944384372309791}. Best is trial 0 with value: 214.3617401123047.
LOCAL_RANK: 0 - CUDA_VISIBLE_DEVICES: [0]
[I 2023-11-29 21:47:29,606] Trial 1 finished with value: 120.82427978515625 and parameters: {'gradient_clip_val': 0.742453102452201, 'hidden_size': 75, 'dropout': 0.14255458299698237, 'hidden_continuous_size': 10, 'attention_head_size': 4, 'learning_rate': 0.056424924091451854}. Best is trial 1 with value: 120.82427978515625.
LOCAL_RANK: 0 - CUDA_VISIBLE_DEVICES: [0]
[I 2023-11-29 21:47:42,459] Trial 2 finished with value: 65.52252197265625 and parameters: {'gradient_clip_val': 0.2584691929537111, 'hidden_size': 47, 'dropout': 0.20605921813898917, 'hidden_continuous_size': 15, 'attention_head_size': 1, 'learning_rate': 0.028812138391652493}. Best is trial 2 with value: 65.52252197265625.
LOCAL_RANK: 0 - CUDA_VISIBLE_DEVICES: [0]
[I 2023-11-29 21:47:55,378] Trial 3 finished with value: 75.33304595947266 and parameters: {'gradient_clip_val': 0.6159128181316148, 'hidden_size': 64, 'dropout': 0.2520477411098467, 'hidden_continuous_size': 12, 'attention_head_size': 2, 'learning_rate': 0.011614731524100187}. Best is trial 2 with value: 65.52252197265625.
LOCAL_RANK: 0 - CUDA_VISIBLE_DEVICES: [0]
[I 2023-11-29 21:48:07,639] Trial 4 finished with value: 123.97860717773438 and parameters: {'gradient_clip_val': 0.3443417006083438, 'hidden_size': 19, 'dropout': 0.21142321370930556, 'hidden_continuous_size': 10, 'attention_head_size': 3, 'learning_rate': 0.006402765522834874}. Best is trial 2 with value: 65.52252197265625.
LOCAL_RANK: 0 - CUDA_VISIBLE_DEVICES: [0]
[I 2023-11-29 21:48:19,880] Trial 5 finished with value: 188.2252197265625 and parameters: {'gradient_clip_val': 0.1381468816529369, 'hidden_size': 23, 'dropout': 0.2358929517200156, 'hidden_continuous_size': 10, 'attention_head_size': 3, 'learning_rate': 0.003800867900868105}. Best is trial 2 with value: 65.52252197265625.
LOCAL_RANK: 0 - CUDA_VISIBLE_DEVICES: [0]
[I 2023-11-29 21:48:34,252] Trial 6 finished with value: 77.1962890625 and parameters: {'gradient_clip_val': 0.4826281402844977, 'hidden_size': 141, 'dropout': 0.10756695568065945, 'hidden_continuous_size': 69, 'attention_head_size': 1, 'learning_rate': 0.00460738369503458}. Best is trial 2 with value: 65.52252197265625.
LOCAL_RANK: 0 - CUDA_VISIBLE_DEVICES: [0]
[I 2023-11-29 21:48:47,497] Trial 7 finished with value: 116.40774536132812 and parameters: {'gradient_clip_val': 0.7782483524835674, 'hidden_size': 51, 'dropout': 0.15280323945412258, 'hidden_continuous_size': 21, 'attention_head_size': 2, 'learning_rate': 0.07614400813468254}. Best is trial 2 with value: 65.52252197265625.
LOCAL_RANK: 0 - CUDA_VISIBLE_DEVICES: [0]
[I 2023-11-29 21:48:59,961] Trial 8 finished with value: 227.953857421875 and parameters: {'gradient_clip_val': 0.5691403520306754, 'hidden_size': 29, 'dropout': 0.38407435942798884, 'hidden_continuous_size': 14, 'attention_head_size': 3, 'learning_rate': 0.001792013415102046}. Best is trial 2 with value: 65.52252197265625.
LOCAL_RANK: 0 - CUDA_VISIBLE_DEVICES: [0]
[I 2023-11-29 21:49:12,981] Trial 9 finished with value: 89.58097076416016 and parameters: {'gradient_clip_val': 0.3279474891308332, 'hidden_size': 42, 'dropout': 0.20717361266572326, 'hidden_continuous_size': 19, 'attention_head_size': 3, 'learning_rate': 0.010411494230447549}. Best is trial 2 with value: 65.52252197265625.
LOCAL_RANK: 0 - CUDA_VISIBLE_DEVICES: [0]
[I 2023-11-29 21:49:26,703] Trial 10 finished with value: 120.56212615966797 and parameters: {'gradient_clip_val': 0.20473725688999167, 'hidden_size': 95, 'dropout': 0.2825587911391864, 'hidden_continuous_size': 33, 'attention_head_size': 1, 'learning_rate': 0.025450675208025596}. Best is trial 2 with value: 65.52252197265625.
LOCAL_RANK: 0 - CUDA_VISIBLE_DEVICES: [0]
