[I 2023-11-29 22:16:25,795] Trial 129 finished with value: 61.0446891784668 and parameters: {'gradient_clip_val': 0.29357710508433876, 'hidden_size': 45, 'dropout': 0.11310267026335603, 'hidden_continuous_size': 40, 'attention_head_size': 2, 'learning_rate': 0.006330506588204942}. Best is trial 92 with value: 56.4815559387207.
LOCAL_RANK: 0 - CUDA_VISIBLE_DEVICES: [0]
[I 2023-11-29 22:16:39,006] Trial 130 finished with value: 87.28710174560547 and parameters: {'gradient_clip_val': 0.26828404449952387, 'hidden_size': 44, 'dropout': 0.11162919196575552, 'hidden_continuous_size': 42, 'attention_head_size': 2, 'learning_rate': 0.04306438848670953}. Best is trial 92 with value: 56.4815559387207.
LOCAL_RANK: 0 - CUDA_VISIBLE_DEVICES: [0]
[I 2023-11-29 22:16:52,446] Trial 131 finished with value: 93.77130126953125 and parameters: {'gradient_clip_val': 0.3061127160885937, 'hidden_size': 53, 'dropout': 0.11630477710200783, 'hidden_continuous_size': 49, 'attention_head_size': 2, 'learning_rate': 0.006690669631575586}. Best is trial 92 with value: 56.4815559387207.
LOCAL_RANK: 0 - CUDA_VISIBLE_DEVICES: [0]
[I 2023-11-29 22:17:05,524] Trial 132 finished with value: 85.5977554321289 and parameters: {'gradient_clip_val': 0.2946929177879977, 'hidden_size': 39, 'dropout': 0.12591175373453356, 'hidden_continuous_size': 22, 'attention_head_size': 2, 'learning_rate': 0.0075235671622506115}. Best is trial 92 with value: 56.4815559387207.
LOCAL_RANK: 0 - CUDA_VISIBLE_DEVICES: [0]
[I 2023-11-29 22:17:18,818] Trial 133 finished with value: 95.4121322631836 and parameters: {'gradient_clip_val': 0.32627891416235744, 'hidden_size': 68, 'dropout': 0.10428000534399434, 'hidden_continuous_size': 24, 'attention_head_size': 2, 'learning_rate': 0.0061203664454805235}. Best is trial 92 with value: 56.4815559387207.
LOCAL_RANK: 0 - CUDA_VISIBLE_DEVICES: [0]
[I 2023-11-29 22:17:32,304] Trial 134 finished with value: 72.25112915039062 and parameters: {'gradient_clip_val': 0.2786478740838211, 'hidden_size': 93, 'dropout': 0.2595250224167103, 'hidden_continuous_size': 13, 'attention_head_size': 2, 'learning_rate': 0.008644127987740488}. Best is trial 92 with value: 56.4815559387207.
LOCAL_RANK: 0 - CUDA_VISIBLE_DEVICES: [0]
[I 2023-11-29 22:17:45,296] Trial 135 finished with value: 113.5738296508789 and parameters: {'gradient_clip_val': 0.29404906846022494, 'hidden_size': 47, 'dropout': 0.11512360516411778, 'hidden_continuous_size': 22, 'attention_head_size': 2, 'learning_rate': 0.049167268931211455}. Best is trial 92 with value: 56.4815559387207.
LOCAL_RANK: 0 - CUDA_VISIBLE_DEVICES: [0]
[I 2023-11-29 22:17:58,734] Trial 136 finished with value: 72.2442626953125 and parameters: {'gradient_clip_val': 0.34623647973020943, 'hidden_size': 62, 'dropout': 0.12228565264850039, 'hidden_continuous_size': 26, 'attention_head_size': 2, 'learning_rate': 0.0064339937463428086}. Best is trial 92 with value: 56.4815559387207.
LOCAL_RANK: 0 - CUDA_VISIBLE_DEVICES: [0]
[I 2023-11-29 22:18:12,481] Trial 137 finished with value: 79.83092498779297 and parameters: {'gradient_clip_val': 0.31214566912423286, 'hidden_size': 85, 'dropout': 0.137439923984688, 'hidden_continuous_size': 29, 'attention_head_size': 2, 'learning_rate': 0.009991226673845797}. Best is trial 92 with value: 56.4815559387207.
LOCAL_RANK: 0 - CUDA_VISIBLE_DEVICES: [0]
[I 2023-11-29 22:18:25,785] Trial 138 finished with value: 113.7626953125 and parameters: {'gradient_clip_val': 0.24527593940839595, 'hidden_size': 74, 'dropout': 0.13207895783331566, 'hidden_continuous_size': 11, 'attention_head_size': 2, 'learning_rate': 0.06115781395509137}. Best is trial 92 with value: 56.4815559387207.
LOCAL_RANK: 0 - CUDA_VISIBLE_DEVICES: [0]
[I 2023-11-29 22:18:40,043] Trial 139 finished with value: 66.75082397460938 and parameters: {'gradient_clip_val': 0.3870902207606612, 'hidden_size': 149, 'dropout': 0.10831122178150329, 'hidden_continuous_size': 15, 'attention_head_size': 3, 'learning_rate': 0.01419734959122754}. Best is trial 92 with value: 56.4815559387207.
LOCAL_RANK: 0 - CUDA_VISIBLE_DEVICES: [0]
[I 2023-11-29 22:18:53,681] Trial 140 finished with value: 87.92333984375 and parameters: {'gradient_clip_val': 0.2601115875396774, 'hidden_size': 107, 'dropout': 0.20611419792678087, 'hidden_continuous_size': 14, 'attention_head_size': 2, 'learning_rate': 0.0196854703900074}. Best is trial 92 with value: 56.4815559387207.
LOCAL_RANK: 0 - CUDA_VISIBLE_DEVICES: [0]
[I 2023-11-29 22:19:08,102] Trial 141 finished with value: 120.5808334350586 and parameters: {'gradient_clip_val': 0.3826456893308233, 'hidden_size': 147, 'dropout': 0.1101691860282855, 'hidden_continuous_size': 15, 'attention_head_size': 4, 'learning_rate': 0.014109589111380633}. Best is trial 92 with value: 56.4815559387207.
LOCAL_RANK: 0 - CUDA_VISIBLE_DEVICES: [0]
[I 2023-11-29 22:19:22,348] Trial 142 finished with value: 107.27608489990234 and parameters: {'gradient_clip_val': 0.4342964821500745, 'hidden_size': 132, 'dropout': 0.10118713806822632, 'hidden_continuous_size': 15, 'attention_head_size': 3, 'learning_rate': 0.00937733377816162}. Best is trial 92 with value: 56.4815559387207.
LOCAL_RANK: 0 - CUDA_VISIBLE_DEVICES: [0]
[I 2023-11-29 22:19:35,246] Trial 143 finished with value: 57.8263053894043 and parameters: {'gradient_clip_val': 0.40440637636760074, 'hidden_size': 35, 'dropout': 0.12177083154502975, 'hidden_continuous_size': 23, 'attention_head_size': 3, 'learning_rate': 0.013161409054550403}. Best is trial 92 with value: 56.4815559387207.
LOCAL_RANK: 0 - CUDA_VISIBLE_DEVICES: [0]
[I 2023-11-29 22:19:47,979] Trial 144 finished with value: 65.47473907470703 and parameters: {'gradient_clip_val': 0.35142745167441103, 'hidden_size': 33, 'dropout': 0.12642239030579197, 'hidden_continuous_size': 23, 'attention_head_size': 3, 'learning_rate': 0.012629856799977555}. Best is trial 92 with value: 56.4815559387207.
LOCAL_RANK: 0 - CUDA_VISIBLE_DEVICES: [0]
[I 2023-11-29 22:20:00,737] Trial 145 finished with value: 65.4815444946289 and parameters: {'gradient_clip_val': 0.35209076236716036, 'hidden_size': 33, 'dropout': 0.12796810045143328, 'hidden_continuous_size': 23, 'attention_head_size': 3, 'learning_rate': 0.01233889456291797}. Best is trial 92 with value: 56.4815559387207.
LOCAL_RANK: 0 - CUDA_VISIBLE_DEVICES: [0]
[I 2023-11-29 22:20:13,496] Trial 146 finished with value: 81.27735137939453 and parameters: {'gradient_clip_val': 0.36153568353760995, 'hidden_size': 35, 'dropout': 0.1271040329291897, 'hidden_continuous_size': 23, 'attention_head_size': 3, 'learning_rate': 0.012983423831714363}. Best is trial 92 with value: 56.4815559387207.
LOCAL_RANK: 0 - CUDA_VISIBLE_DEVICES: [0]
[I 2023-11-29 22:20:26,485] Trial 147 finished with value: 67.01273345947266 and parameters: {'gradient_clip_val': 0.34545619372040776, 'hidden_size': 29, 'dropout': 0.1368190089154027, 'hidden_continuous_size': 23, 'attention_head_size': 3, 'learning_rate': 0.017595018154604448}. Best is trial 92 with value: 56.4815559387207.
LOCAL_RANK: 0 - CUDA_VISIBLE_DEVICES: [0]
[I 2023-11-29 22:20:39,267] Trial 148 finished with value: 105.3579330444336 and parameters: {'gradient_clip_val': 0.32500893441349166, 'hidden_size': 31, 'dropout': 0.13009751373766357, 'hidden_continuous_size': 24, 'attention_head_size': 3, 'learning_rate': 0.01686817615749021}. Best is trial 92 with value: 56.4815559387207.
LOCAL_RANK: 0 - CUDA_VISIBLE_DEVICES: [0]
[I 2023-11-29 22:20:52,106] Trial 149 finished with value: 58.42764663696289 and parameters: {'gradient_clip_val': 0.406077561662906, 'hidden_size': 37, 'dropout': 0.11727697220670913, 'hidden_continuous_size': 25, 'attention_head_size': 3, 'learning_rate': 0.01253817497237452}. Best is trial 92 with value: 56.4815559387207.
[I 2023-11-29 22:20:52,216] A new study created in memory with name: no-name-e1f1e52f-702b-4b51-b066-0bda77047947
/home/le004/conda/anaconda3/envs/tsff_env/lib/python3.9/site-packages/lightning/fabric/plugins/environments/slurm.py:191: The `srun` command is available on your system but is not used. HINT: If your intention is to run Lightning on SLURM, prepend your python command with `srun` like so: srun python /home/le004/master_thesis/git/TSFusionForecast/code/ ...
LOCAL_RANK: 0 - CUDA_VISIBLE_DEVICES: [0]
[I 2023-11-29 22:21:05,930] Trial 0 finished with value: 0.10587471723556519 and parameters: {'gradient_clip_val': 0.4298202706899009, 'hidden_size': 80, 'dropout': 0.3043478001337391, 'hidden_continuous_size': 20, 'attention_head_size': 4, 'learning_rate': 0.06518363498365341}. Best is trial 0 with value: 0.10587471723556519.
LOCAL_RANK: 0 - CUDA_VISIBLE_DEVICES: [0]
[I 2023-11-29 22:21:18,437] Trial 1 finished with value: 0.0927518829703331 and parameters: {'gradient_clip_val': 0.10176922209825326, 'hidden_size': 23, 'dropout': 0.16694953215577704, 'hidden_continuous_size': 12, 'attention_head_size': 3, 'learning_rate': 0.06543541771561924}. Best is trial 1 with value: 0.0927518829703331.
LOCAL_RANK: 0 - CUDA_VISIBLE_DEVICES: [0]
[I 2023-11-29 22:21:30,933] Trial 2 finished with value: 0.18783318996429443 and parameters: {'gradient_clip_val': 0.5987793179232315, 'hidden_size': 33, 'dropout': 0.3751885328363975, 'hidden_continuous_size': 16, 'attention_head_size': 2, 'learning_rate': 0.017569005160026994}. Best is trial 1 with value: 0.0927518829703331.
LOCAL_RANK: 0 - CUDA_VISIBLE_DEVICES: [0]
[I 2023-11-29 22:21:44,309] Trial 3 finished with value: 0.09680774062871933 and parameters: {'gradient_clip_val': 0.6180317212827481, 'hidden_size': 53, 'dropout': 0.35929395679395315, 'hidden_continuous_size': 35, 'attention_head_size': 3, 'learning_rate': 0.03376164467198286}. Best is trial 1 with value: 0.0927518829703331.
LOCAL_RANK: 0 - CUDA_VISIBLE_DEVICES: [0]
[I 2023-11-29 22:21:58,306] Trial 4 finished with value: 0.11749505996704102 and parameters: {'gradient_clip_val': 0.25931607642468846, 'hidden_size': 115, 'dropout': 0.1798831999525327, 'hidden_continuous_size': 30, 'attention_head_size': 3, 'learning_rate': 0.012010755023424592}. Best is trial 1 with value: 0.0927518829703331.
LOCAL_RANK: 0 - CUDA_VISIBLE_DEVICES: [0]
[I 2023-11-29 22:22:08,632] Trial 5 finished with value: 0.1009170413017273 and parameters: {'gradient_clip_val': 0.4593698321962067, 'hidden_size': 11, 'dropout': 0.20994862454355756, 'hidden_continuous_size': 11, 'attention_head_size': 2, 'learning_rate': 0.09473089006618365}. Best is trial 1 with value: 0.0927518829703331.
LOCAL_RANK: 0 - CUDA_VISIBLE_DEVICES: [0]
[I 2023-11-29 22:22:20,695] Trial 6 finished with value: 0.3928855359554291 and parameters: {'gradient_clip_val': 0.1445144924629971, 'hidden_size': 16, 'dropout': 0.2548161216953342, 'hidden_continuous_size': 10, 'attention_head_size': 3, 'learning_rate': 0.01582002117334394}. Best is trial 1 with value: 0.0927518829703331.
LOCAL_RANK: 0 - CUDA_VISIBLE_DEVICES: [0]
[I 2023-11-29 22:22:34,782] Trial 7 finished with value: 0.526338517665863 and parameters: {'gradient_clip_val': 0.26057632043043705, 'hidden_size': 119, 'dropout': 0.38972271712791173, 'hidden_continuous_size': 11, 'attention_head_size': 3, 'learning_rate': 0.0016066450666575448}. Best is trial 1 with value: 0.0927518829703331.
LOCAL_RANK: 0 - CUDA_VISIBLE_DEVICES: [0]
[I 2023-11-29 22:22:47,687] Trial 8 finished with value: 0.1453397572040558 and parameters: {'gradient_clip_val': 0.4346275255331155, 'hidden_size': 64, 'dropout': 0.10379607118938872, 'hidden_continuous_size': 11, 'attention_head_size': 3, 'learning_rate': 0.05894156700428309}. Best is trial 1 with value: 0.0927518829703331.
LOCAL_RANK: 0 - CUDA_VISIBLE_DEVICES: [0]
[I 2023-11-29 22:23:01,261] Trial 9 finished with value: 0.1314929574728012 and parameters: {'gradient_clip_val': 0.11664461141757138, 'hidden_size': 82, 'dropout': 0.21486791818999124, 'hidden_continuous_size': 27, 'attention_head_size': 3, 'learning_rate': 0.07546146050502235}. Best is trial 1 with value: 0.0927518829703331.
LOCAL_RANK: 0 - CUDA_VISIBLE_DEVICES: [0]
[I 2023-11-29 22:23:13,463] Trial 10 finished with value: 0.8900855183601379 and parameters: {'gradient_clip_val': 0.16630753218976413, 'hidden_size': 26, 'dropout': 0.1337046177036088, 'hidden_continuous_size': 13, 'attention_head_size': 1, 'learning_rate': 0.0043691957894466645}. Best is trial 1 with value: 0.0927518829703331.
LOCAL_RANK: 0 - CUDA_VISIBLE_DEVICES: [0]
[I 2023-11-29 22:23:27,075] Trial 11 finished with value: 0.11286240816116333 and parameters: {'gradient_clip_val': 0.8816456222084443, 'hidden_size': 45, 'dropout': 0.32104998143055763, 'hidden_continuous_size': 37, 'attention_head_size': 4, 'learning_rate': 0.032013820843604164}. Best is trial 1 with value: 0.0927518829703331.
LOCAL_RANK: 0 - CUDA_VISIBLE_DEVICES: [0]
[I 2023-11-29 22:23:39,328] Trial 12 finished with value: 0.24382086098194122 and parameters: {'gradient_clip_val': 0.11294904809219644, 'hidden_size': 23, 'dropout': 0.2738117033591366, 'hidden_continuous_size': 14, 'attention_head_size': 2, 'learning_rate': 0.029462462817908333}. Best is trial 1 with value: 0.0927518829703331.
LOCAL_RANK: 0 - CUDA_VISIBLE_DEVICES: [0]
[I 2023-11-29 22:23:52,219] Trial 13 finished with value: 0.08655444532632828 and parameters: {'gradient_clip_val': 0.21161407501168397, 'hidden_size': 45, 'dropout': 0.3393863925835194, 'hidden_continuous_size': 20, 'attention_head_size': 4, 'learning_rate': 0.036079216232110745}. Best is trial 13 with value: 0.08655444532632828.
LOCAL_RANK: 0 - CUDA_VISIBLE_DEVICES: [0]
[I 2023-11-29 22:24:04,854] Trial 14 finished with value: 0.5856599807739258 and parameters: {'gradient_clip_val': 0.1910756648697852, 'hidden_size': 32, 'dropout': 0.33396731562692406, 'hidden_continuous_size': 19, 'attention_head_size': 4, 'learning_rate': 0.006766989558694952}. Best is trial 13 with value: 0.08655444532632828.
LOCAL_RANK: 0 - CUDA_VISIBLE_DEVICES: [0]
[I 2023-11-29 22:24:17,874] Trial 15 finished with value: 0.09995710104703903 and parameters: {'gradient_clip_val': 0.18404616177131722, 'hidden_size': 43, 'dropout': 0.28149140742219364, 'hidden_continuous_size': 23, 'attention_head_size': 4, 'learning_rate': 0.0423361882918355}. Best is trial 13 with value: 0.08655444532632828.
LOCAL_RANK: 0 - CUDA_VISIBLE_DEVICES: [0]
[I 2023-11-29 22:24:30,510] Trial 16 finished with value: 0.0927598774433136 and parameters: {'gradient_clip_val': 0.10278059245691509, 'hidden_size': 19, 'dropout': 0.34330902080106734, 'hidden_continuous_size': 13, 'attention_head_size': 4, 'learning_rate': 0.09053536807844421}. Best is trial 13 with value: 0.08655444532632828.
LOCAL_RANK: 0 - CUDA_VISIBLE_DEVICES: [0]
[I 2023-11-29 22:24:43,017] Trial 17 finished with value: 0.19684700667858124 and parameters: {'gradient_clip_val': 0.13990162065808914, 'hidden_size': 35, 'dropout': 0.30326157368720624, 'hidden_continuous_size': 16, 'attention_head_size': 1, 'learning_rate': 0.021527217062086712}. Best is trial 13 with value: 0.08655444532632828.
LOCAL_RANK: 0 - CUDA_VISIBLE_DEVICES: [0]
[I 2023-11-29 22:24:55,630] Trial 18 finished with value: 0.1219305768609047 and parameters: {'gradient_clip_val': 0.22788715348563857, 'hidden_size': 27, 'dropout': 0.392372864734136, 'hidden_continuous_size': 18, 'attention_head_size': 4, 'learning_rate': 0.04508985295559269}. Best is trial 13 with value: 0.08655444532632828.
LOCAL_RANK: 0 - CUDA_VISIBLE_DEVICES: [0]
[I 2023-11-29 22:25:07,807] Trial 19 finished with value: 0.2510468661785126 and parameters: {'gradient_clip_val': 0.32007033701693005, 'hidden_size': 14, 'dropout': 0.23058659688110025, 'hidden_continuous_size': 10, 'attention_head_size': 2, 'learning_rate': 0.05039466468404536}. Best is trial 13 with value: 0.08655444532632828.
LOCAL_RANK: 0 - CUDA_VISIBLE_DEVICES: [0]
[I 2023-11-29 22:25:20,102] Trial 20 finished with value: 0.2649681568145752 and parameters: {'gradient_clip_val': 0.10114880986195983, 'hidden_size': 19, 'dropout': 0.17297485391979525, 'hidden_continuous_size': 12, 'attention_head_size': 4, 'learning_rate': 0.025952389325832367}. Best is trial 13 with value: 0.08655444532632828.
LOCAL_RANK: 0 - CUDA_VISIBLE_DEVICES: [0]
[I 2023-11-29 22:25:32,459] Trial 21 finished with value: 0.11389348655939102 and parameters: {'gradient_clip_val': 0.1001918680761137, 'hidden_size': 20, 'dropout': 0.3503882628364185, 'hidden_continuous_size': 14, 'attention_head_size': 4, 'learning_rate': 0.09969225823958706}. Best is trial 13 with value: 0.08655444532632828.
LOCAL_RANK: 0 - CUDA_VISIBLE_DEVICES: [0]
[I 2023-11-29 22:25:42,915] Trial 22 finished with value: 0.3056621849536896 and parameters: {'gradient_clip_val': 0.13428322558507128, 'hidden_size': 10, 'dropout': 0.34422403650030514, 'hidden_continuous_size': 10, 'attention_head_size': 4, 'learning_rate': 0.06310841519794282}. Best is trial 13 with value: 0.08655444532632828.
LOCAL_RANK: 0 - CUDA_VISIBLE_DEVICES: [0]
[I 2023-11-29 22:25:55,306] Trial 23 finished with value: 0.08637227863073349 and parameters: {'gradient_clip_val': 0.15752360124257872, 'hidden_size': 27, 'dropout': 0.32229356132433806, 'hidden_continuous_size': 14, 'attention_head_size': 3, 'learning_rate': 0.09549137831895248}. Best is trial 23 with value: 0.08637227863073349.
LOCAL_RANK: 0 - CUDA_VISIBLE_DEVICES: [0]
[I 2023-11-29 22:26:07,829] Trial 24 finished with value: 0.11175522953271866 and parameters: {'gradient_clip_val': 0.16117876648803375, 'hidden_size': 30, 'dropout': 0.31194072121748084, 'hidden_continuous_size': 16, 'attention_head_size': 3, 'learning_rate': 0.045214935418401096}. Best is trial 23 with value: 0.08637227863073349.
LOCAL_RANK: 0 - CUDA_VISIBLE_DEVICES: [0]
[I 2023-11-29 22:26:20,657] Trial 25 finished with value: 0.10473394393920898 and parameters: {'gradient_clip_val': 0.20322545558833177, 'hidden_size': 40, 'dropout': 0.2827918891345378, 'hidden_continuous_size': 22, 'attention_head_size': 3, 'learning_rate': 0.07016747189162262}. Best is trial 23 with value: 0.08637227863073349.
LOCAL_RANK: 0 - CUDA_VISIBLE_DEVICES: [0]
[I 2023-11-29 22:26:32,734] Trial 26 finished with value: 0.15630453824996948 and parameters: {'gradient_clip_val': 0.13557832050224772, 'hidden_size': 24, 'dropout': 0.367543163958545, 'hidden_continuous_size': 15, 'attention_head_size': 2, 'learning_rate': 0.038945155452948514}. Best is trial 23 with value: 0.08637227863073349.
LOCAL_RANK: 0 - CUDA_VISIBLE_DEVICES: [0]
[I 2023-11-29 22:26:45,552] Trial 27 finished with value: 0.08742227405309677 and parameters: {'gradient_clip_val': 0.12537451335465064, 'hidden_size': 37, 'dropout': 0.32608565316690846, 'hidden_continuous_size': 18, 'attention_head_size': 3, 'learning_rate': 0.06068161388425869}. Best is trial 23 with value: 0.08637227863073349.
LOCAL_RANK: 0 - CUDA_VISIBLE_DEVICES: [0]
[I 2023-11-29 22:26:58,237] Trial 28 finished with value: 0.1947377473115921 and parameters: {'gradient_clip_val': 0.15907967391979644, 'hidden_size': 40, 'dropout': 0.31763998905280677, 'hidden_continuous_size': 18, 'attention_head_size': 3, 'learning_rate': 0.022770960078913743}. Best is trial 23 with value: 0.08637227863073349.
LOCAL_RANK: 0 - CUDA_VISIBLE_DEVICES: [0]
[I 2023-11-29 22:27:11,647] Trial 29 finished with value: 0.10785690695047379 and parameters: {'gradient_clip_val': 0.21398099538579815, 'hidden_size': 52, 'dropout': 0.29240497208189997, 'hidden_continuous_size': 51, 'attention_head_size': 2, 'learning_rate': 0.05573378838559896}. Best is trial 23 with value: 0.08637227863073349.
LOCAL_RANK: 0 - CUDA_VISIBLE_DEVICES: [0]
[I 2023-11-29 22:27:24,575] Trial 30 finished with value: 0.09504541009664536 and parameters: {'gradient_clip_val': 0.12403446778340811, 'hidden_size': 34, 'dropout': 0.3353225307790906, 'hidden_continuous_size': 20, 'attention_head_size': 4, 'learning_rate': 0.07689523392001854}. Best is trial 23 with value: 0.08637227863073349.
LOCAL_RANK: 0 - CUDA_VISIBLE_DEVICES: [0]
[I 2023-11-29 22:27:37,147] Trial 31 finished with value: 0.13883304595947266 and parameters: {'gradient_clip_val': 0.12176525255166912, 'hidden_size': 27, 'dropout': 0.2646629179947716, 'hidden_continuous_size': 17, 'attention_head_size': 3, 'learning_rate': 0.06905053697406596}. Best is trial 23 with value: 0.08637227863073349.
LOCAL_RANK: 0 - CUDA_VISIBLE_DEVICES: [0]
[I 2023-11-29 22:27:49,551] Trial 32 finished with value: 0.10764936357736588 and parameters: {'gradient_clip_val': 0.15582097940770726, 'hidden_size': 30, 'dropout': 0.293920158312863, 'hidden_continuous_size': 14, 'attention_head_size': 3, 'learning_rate': 0.05327171878919509}. Best is trial 23 with value: 0.08637227863073349.
LOCAL_RANK: 0 - CUDA_VISIBLE_DEVICES: [0]
[I 2023-11-29 22:28:02,292] Trial 33 finished with value: 0.10811784118413925 and parameters: {'gradient_clip_val': 0.17472466078643234, 'hidden_size': 39, 'dropout': 0.37288463234031916, 'hidden_continuous_size': 17, 'attention_head_size': 3, 'learning_rate': 0.03483972743968238}. Best is trial 23 with value: 0.08637227863073349.
LOCAL_RANK: 0 - CUDA_VISIBLE_DEVICES: [0]
[I 2023-11-29 22:28:15,370] Trial 34 finished with value: 0.12286370992660522 and parameters: {'gradient_clip_val': 0.1268705992621623, 'hidden_size': 51, 'dropout': 0.3571586072097711, 'hidden_continuous_size': 21, 'attention_head_size': 3, 'learning_rate': 0.09565656059506661}. Best is trial 23 with value: 0.08637227863073349.
LOCAL_RANK: 0 - CUDA_VISIBLE_DEVICES: [0]
[I 2023-11-29 22:28:27,901] Trial 35 finished with value: 0.19301891326904297 and parameters: {'gradient_clip_val': 0.14773893902425553, 'hidden_size': 34, 'dropout': 0.32281077739990377, 'hidden_continuous_size': 15, 'attention_head_size': 2, 'learning_rate': 0.03886958350083867}. Best is trial 23 with value: 0.08637227863073349.
LOCAL_RANK: 0 - CUDA_VISIBLE_DEVICES: [0]
