[I 2023-11-29 23:19:28,800] Trial 117 finished with value: 0.10755423456430435 and parameters: {'gradient_clip_val': 0.17505994662931149, 'hidden_size': 84, 'dropout': 0.2863157988197724, 'hidden_continuous_size': 42, 'attention_head_size': 3, 'learning_rate': 0.038185188561912255}. Best is trial 78 with value: 0.06505129486322403.
LOCAL_RANK: 0 - CUDA_VISIBLE_DEVICES: [0]
[I 2023-11-29 23:19:42,573] Trial 118 finished with value: 0.10385850816965103 and parameters: {'gradient_clip_val': 0.15393253273760257, 'hidden_size': 70, 'dropout': 0.3817659456295438, 'hidden_continuous_size': 31, 'attention_head_size': 4, 'learning_rate': 0.05030610261569322}. Best is trial 78 with value: 0.06505129486322403.
LOCAL_RANK: 0 - CUDA_VISIBLE_DEVICES: [0]
[I 2023-11-29 23:19:56,615] Trial 119 finished with value: 0.16835184395313263 and parameters: {'gradient_clip_val': 0.1410029836697678, 'hidden_size': 103, 'dropout': 0.3247447470288682, 'hidden_continuous_size': 41, 'attention_head_size': 3, 'learning_rate': 0.05918752004945715}. Best is trial 78 with value: 0.06505129486322403.
LOCAL_RANK: 0 - CUDA_VISIBLE_DEVICES: [0]
[I 2023-11-29 23:20:10,601] Trial 120 finished with value: 0.10206028819084167 and parameters: {'gradient_clip_val': 0.2047495686071253, 'hidden_size': 96, 'dropout': 0.3680511106696444, 'hidden_continuous_size': 51, 'attention_head_size': 3, 'learning_rate': 0.01978731895634173}. Best is trial 78 with value: 0.06505129486322403.
LOCAL_RANK: 0 - CUDA_VISIBLE_DEVICES: [0]
[I 2023-11-29 23:20:24,031] Trial 121 finished with value: 0.08599382638931274 and parameters: {'gradient_clip_val': 0.1774555836635219, 'hidden_size': 60, 'dropout': 0.34225042165042985, 'hidden_continuous_size': 33, 'attention_head_size': 3, 'learning_rate': 0.03177519004640772}. Best is trial 78 with value: 0.06505129486322403.
LOCAL_RANK: 0 - CUDA_VISIBLE_DEVICES: [0]
[I 2023-11-29 23:20:37,888] Trial 122 finished with value: 0.09650766849517822 and parameters: {'gradient_clip_val': 0.18535731620244753, 'hidden_size': 87, 'dropout': 0.33394717587697, 'hidden_continuous_size': 31, 'attention_head_size': 3, 'learning_rate': 0.023801026277737024}. Best is trial 78 with value: 0.06505129486322403.
LOCAL_RANK: 0 - CUDA_VISIBLE_DEVICES: [0]
[I 2023-11-29 23:20:51,538] Trial 123 finished with value: 0.10922357439994812 and parameters: {'gradient_clip_val': 0.16128301815055038, 'hidden_size': 65, 'dropout': 0.3456623960374796, 'hidden_continuous_size': 37, 'attention_head_size': 3, 'learning_rate': 0.028090920159380587}. Best is trial 78 with value: 0.06505129486322403.
LOCAL_RANK: 0 - CUDA_VISIBLE_DEVICES: [0]
[I 2023-11-29 23:21:04,984] Trial 124 finished with value: 0.14340560138225555 and parameters: {'gradient_clip_val': 0.19627919413853648, 'hidden_size': 55, 'dropout': 0.32060907411959144, 'hidden_continuous_size': 35, 'attention_head_size': 3, 'learning_rate': 0.03654177625635327}. Best is trial 78 with value: 0.06505129486322403.
LOCAL_RANK: 0 - CUDA_VISIBLE_DEVICES: [0]
[I 2023-11-29 23:21:18,582] Trial 125 finished with value: 0.11641651391983032 and parameters: {'gradient_clip_val': 0.2183751580073304, 'hidden_size': 75, 'dropout': 0.3310798125243516, 'hidden_continuous_size': 33, 'attention_head_size': 3, 'learning_rate': 0.04424627694947258}. Best is trial 78 with value: 0.06505129486322403.
LOCAL_RANK: 0 - CUDA_VISIBLE_DEVICES: [0]
[I 2023-11-29 23:21:32,362] Trial 126 finished with value: 0.16745992004871368 and parameters: {'gradient_clip_val': 0.18327241558921775, 'hidden_size': 81, 'dropout': 0.35945042526650467, 'hidden_continuous_size': 39, 'attention_head_size': 3, 'learning_rate': 0.034452754647010676}. Best is trial 78 with value: 0.06505129486322403.
LOCAL_RANK: 0 - CUDA_VISIBLE_DEVICES: [0]
[I 2023-11-29 23:21:46,238] Trial 127 finished with value: 0.32248052954673767 and parameters: {'gradient_clip_val': 0.16600889580154982, 'hidden_size': 71, 'dropout': 0.3526181568020872, 'hidden_continuous_size': 34, 'attention_head_size': 4, 'learning_rate': 0.02980941115034223}. Best is trial 78 with value: 0.06505129486322403.
LOCAL_RANK: 0 - CUDA_VISIBLE_DEVICES: [0]
[I 2023-11-29 23:21:59,872] Trial 128 finished with value: 0.08826310187578201 and parameters: {'gradient_clip_val': 0.1483849101081591, 'hidden_size': 91, 'dropout': 0.3137313261650402, 'hidden_continuous_size': 29, 'attention_head_size': 2, 'learning_rate': 0.053336101979966306}. Best is trial 78 with value: 0.06505129486322403.
LOCAL_RANK: 0 - CUDA_VISIBLE_DEVICES: [0]
[I 2023-11-29 23:22:13,641] Trial 129 finished with value: 0.11095964163541794 and parameters: {'gradient_clip_val': 0.21019397582586583, 'hidden_size': 68, 'dropout': 0.30033442901330604, 'hidden_continuous_size': 45, 'attention_head_size': 3, 'learning_rate': 0.04063062771319431}. Best is trial 78 with value: 0.06505129486322403.
LOCAL_RANK: 0 - CUDA_VISIBLE_DEVICES: [0]
[I 2023-11-29 23:22:27,198] Trial 130 finished with value: 0.19902093708515167 and parameters: {'gradient_clip_val': 0.17545001512906497, 'hidden_size': 59, 'dropout': 0.33916867488445296, 'hidden_continuous_size': 36, 'attention_head_size': 3, 'learning_rate': 0.026540581129636562}. Best is trial 78 with value: 0.06505129486322403.
LOCAL_RANK: 0 - CUDA_VISIBLE_DEVICES: [0]
[I 2023-11-29 23:22:40,457] Trial 131 finished with value: 0.12266550213098526 and parameters: {'gradient_clip_val': 0.17275535801728895, 'hidden_size': 60, 'dropout': 0.34299685143576436, 'hidden_continuous_size': 33, 'attention_head_size': 1, 'learning_rate': 0.030845964337470465}. Best is trial 78 with value: 0.06505129486322403.
LOCAL_RANK: 0 - CUDA_VISIBLE_DEVICES: [0]
[I 2023-11-29 23:22:53,889] Trial 132 finished with value: 0.1890154331922531 and parameters: {'gradient_clip_val': 0.1555523355927964, 'hidden_size': 54, 'dropout': 0.34865524429578215, 'hidden_continuous_size': 32, 'attention_head_size': 3, 'learning_rate': 0.031549907378777206}. Best is trial 78 with value: 0.06505129486322403.
LOCAL_RANK: 0 - CUDA_VISIBLE_DEVICES: [0]
[I 2023-11-29 23:23:07,321] Trial 133 finished with value: 0.08719271421432495 and parameters: {'gradient_clip_val': 0.19076790800588203, 'hidden_size': 62, 'dropout': 0.3294004682959485, 'hidden_continuous_size': 38, 'attention_head_size': 3, 'learning_rate': 0.03474158475752294}. Best is trial 78 with value: 0.06505129486322403.
LOCAL_RANK: 0 - CUDA_VISIBLE_DEVICES: [0]
[I 2023-11-29 23:23:20,815] Trial 134 finished with value: 0.11290959268808365 and parameters: {'gradient_clip_val': 0.17973812920130866, 'hidden_size': 64, 'dropout': 0.3224781520597905, 'hidden_continuous_size': 34, 'attention_head_size': 3, 'learning_rate': 0.02411939735250246}. Best is trial 78 with value: 0.06505129486322403.
LOCAL_RANK: 0 - CUDA_VISIBLE_DEVICES: [0]
[I 2023-11-29 23:23:34,331] Trial 135 finished with value: 0.09594125300645828 and parameters: {'gradient_clip_val': 0.13820389660170412, 'hidden_size': 74, 'dropout': 0.3413136865360551, 'hidden_continuous_size': 30, 'attention_head_size': 3, 'learning_rate': 0.046690373628840494}. Best is trial 78 with value: 0.06505129486322403.
LOCAL_RANK: 0 - CUDA_VISIBLE_DEVICES: [0]
[I 2023-11-29 23:23:48,175] Trial 136 finished with value: 0.16016702353954315 and parameters: {'gradient_clip_val': 0.22777358764649452, 'hidden_size': 83, 'dropout': 0.3633506149274556, 'hidden_continuous_size': 40, 'attention_head_size': 3, 'learning_rate': 0.038384806910125746}. Best is trial 78 with value: 0.06505129486322403.
LOCAL_RANK: 0 - CUDA_VISIBLE_DEVICES: [0]
[I 2023-11-29 23:24:01,747] Trial 137 finished with value: 0.10970253497362137 and parameters: {'gradient_clip_val': 0.16483630847113406, 'hidden_size': 56, 'dropout': 0.3542794519205804, 'hidden_continuous_size': 36, 'attention_head_size': 4, 'learning_rate': 0.022197855793277845}. Best is trial 78 with value: 0.06505129486322403.
LOCAL_RANK: 0 - CUDA_VISIBLE_DEVICES: [0]
[I 2023-11-29 23:24:15,625] Trial 138 finished with value: 0.10886288434267044 and parameters: {'gradient_clip_val': 0.19796784491143773, 'hidden_size': 99, 'dropout': 0.3348726808001546, 'hidden_continuous_size': 28, 'attention_head_size': 3, 'learning_rate': 0.03346431152109079}. Best is trial 78 with value: 0.06505129486322403.
LOCAL_RANK: 0 - CUDA_VISIBLE_DEVICES: [0]
[I 2023-11-29 23:24:28,925] Trial 139 finished with value: 0.12912245094776154 and parameters: {'gradient_clip_val': 0.1446345925624896, 'hidden_size': 49, 'dropout': 0.30631714161687623, 'hidden_continuous_size': 35, 'attention_head_size': 3, 'learning_rate': 0.02843976305526391}. Best is trial 78 with value: 0.06505129486322403.
LOCAL_RANK: 0 - CUDA_VISIBLE_DEVICES: [0]
[I 2023-11-29 23:24:42,737] Trial 140 finished with value: 0.08356782048940659 and parameters: {'gradient_clip_val': 0.1817183486451918, 'hidden_size': 88, 'dropout': 0.31744990875326684, 'hidden_continuous_size': 43, 'attention_head_size': 3, 'learning_rate': 0.04093308816023215}. Best is trial 78 with value: 0.06505129486322403.
LOCAL_RANK: 0 - CUDA_VISIBLE_DEVICES: [0]
[I 2023-11-29 23:24:56,610] Trial 141 finished with value: 0.09003729373216629 and parameters: {'gradient_clip_val': 0.1846589042499128, 'hidden_size': 89, 'dropout': 0.31749943952460785, 'hidden_continuous_size': 43, 'attention_head_size': 3, 'learning_rate': 0.042383140660704054}. Best is trial 78 with value: 0.06505129486322403.
LOCAL_RANK: 0 - CUDA_VISIBLE_DEVICES: [0]
[I 2023-11-29 23:25:10,787] Trial 142 finished with value: 0.10945644229650497 and parameters: {'gradient_clip_val': 0.1728486002180386, 'hidden_size': 93, 'dropout': 0.32606917931038676, 'hidden_continuous_size': 49, 'attention_head_size': 3, 'learning_rate': 0.03788635981696697}. Best is trial 78 with value: 0.06505129486322403.
LOCAL_RANK: 0 - CUDA_VISIBLE_DEVICES: [0]
[I 2023-11-29 23:25:24,585] Trial 143 finished with value: 0.10295379161834717 and parameters: {'gradient_clip_val': 0.20751912338683148, 'hidden_size': 78, 'dropout': 0.3100865318628074, 'hidden_continuous_size': 44, 'attention_head_size': 3, 'learning_rate': 0.05078114235623296}. Best is trial 78 with value: 0.06505129486322403.
LOCAL_RANK: 0 - CUDA_VISIBLE_DEVICES: [0]
[I 2023-11-29 23:25:38,397] Trial 144 finished with value: 0.075508251786232 and parameters: {'gradient_clip_val': 0.17849077961702436, 'hidden_size': 67, 'dropout': 0.34082659009592614, 'hidden_continuous_size': 54, 'attention_head_size': 3, 'learning_rate': 0.031357371641506725}. Best is trial 78 with value: 0.06505129486322403.
LOCAL_RANK: 0 - CUDA_VISIBLE_DEVICES: [0]
[I 2023-11-29 23:25:52,018] Trial 145 finished with value: 0.08343237638473511 and parameters: {'gradient_clip_val': 0.15814051894599884, 'hidden_size': 67, 'dropout': 0.333725888189906, 'hidden_continuous_size': 53, 'attention_head_size': 3, 'learning_rate': 0.04598816911919677}. Best is trial 78 with value: 0.06505129486322403.
LOCAL_RANK: 0 - CUDA_VISIBLE_DEVICES: [0]
[I 2023-11-29 23:26:05,750] Trial 146 finished with value: 0.13437211513519287 and parameters: {'gradient_clip_val': 0.15561423737877403, 'hidden_size': 66, 'dropout': 0.3322727953645082, 'hidden_continuous_size': 54, 'attention_head_size': 3, 'learning_rate': 0.04482315832544287}. Best is trial 78 with value: 0.06505129486322403.
LOCAL_RANK: 0 - CUDA_VISIBLE_DEVICES: [0]
[I 2023-11-29 23:26:19,732] Trial 147 finished with value: 0.15988008677959442 and parameters: {'gradient_clip_val': 0.16420054462019223, 'hidden_size': 71, 'dropout': 0.3485594873831421, 'hidden_continuous_size': 54, 'attention_head_size': 3, 'learning_rate': 0.0610656844136034}. Best is trial 78 with value: 0.06505129486322403.
LOCAL_RANK: 0 - CUDA_VISIBLE_DEVICES: [0]
[I 2023-11-29 23:26:33,587] Trial 148 finished with value: 0.09624797105789185 and parameters: {'gradient_clip_val': 0.14969161565359926, 'hidden_size': 68, 'dropout': 0.3391099957329754, 'hidden_continuous_size': 49, 'attention_head_size': 4, 'learning_rate': 0.05496118399949322}. Best is trial 78 with value: 0.06505129486322403.
LOCAL_RANK: 0 - CUDA_VISIBLE_DEVICES: [0]
[I 2023-11-29 23:26:47,557] Trial 149 finished with value: 0.1867004632949829 and parameters: {'gradient_clip_val': 0.12345935691996043, 'hidden_size': 75, 'dropout': 0.3572991567770407, 'hidden_continuous_size': 58, 'attention_head_size': 3, 'learning_rate': 0.03486958428262213}. Best is trial 78 with value: 0.06505129486322403.
[I 2023-11-29 23:26:47,667] A new study created in memory with name: no-name-fc7b51f3-e1a5-44d2-90df-668926a89257
/home/le004/conda/anaconda3/envs/tsff_env/lib/python3.9/site-packages/lightning/fabric/plugins/environments/slurm.py:191: The `srun` command is available on your system but is not used. HINT: If your intention is to run Lightning on SLURM, prepend your python command with `srun` like so: srun python /home/le004/master_thesis/git/TSFusionForecast/code/ ...
LOCAL_RANK: 0 - CUDA_VISIBLE_DEVICES: [0]
[I 2023-11-29 23:27:00,537] Trial 0 finished with value: 1.3207591772079468 and parameters: {'gradient_clip_val': 0.6080978782035771, 'hidden_size': 52, 'dropout': 0.10038954392296856, 'hidden_continuous_size': 19, 'attention_head_size': 1, 'learning_rate': 0.001756678996520717}. Best is trial 0 with value: 1.3207591772079468.
LOCAL_RANK: 0 - CUDA_VISIBLE_DEVICES: [0]
[I 2023-11-29 23:27:12,601] Trial 1 finished with value: 0.16699707508087158 and parameters: {'gradient_clip_val': 0.928649234124151, 'hidden_size': 25, 'dropout': 0.3226827562052897, 'hidden_continuous_size': 10, 'attention_head_size': 1, 'learning_rate': 0.04751366620212787}. Best is trial 1 with value: 0.16699707508087158.
LOCAL_RANK: 0 - CUDA_VISIBLE_DEVICES: [0]
[I 2023-11-29 23:27:26,341] Trial 2 finished with value: 0.9363333582878113 and parameters: {'gradient_clip_val': 0.1972700411255295, 'hidden_size': 109, 'dropout': 0.35049435470541923, 'hidden_continuous_size': 13, 'attention_head_size': 2, 'learning_rate': 0.001817117443034294}. Best is trial 1 with value: 0.16699707508087158.
LOCAL_RANK: 0 - CUDA_VISIBLE_DEVICES: [0]
[I 2023-11-29 23:27:38,854] Trial 3 finished with value: 0.49228963255882263 and parameters: {'gradient_clip_val': 0.7433214896116389, 'hidden_size': 30, 'dropout': 0.28245279570991816, 'hidden_continuous_size': 24, 'attention_head_size': 1, 'learning_rate': 0.006067663017846349}. Best is trial 1 with value: 0.16699707508087158.
LOCAL_RANK: 0 - CUDA_VISIBLE_DEVICES: [0]
[I 2023-11-29 23:27:50,826] Trial 4 finished with value: 0.7481933236122131 and parameters: {'gradient_clip_val': 0.4902574752332395, 'hidden_size': 12, 'dropout': 0.12044087727458902, 'hidden_continuous_size': 11, 'attention_head_size': 4, 'learning_rate': 0.0207032838149622}. Best is trial 1 with value: 0.16699707508087158.
LOCAL_RANK: 0 - CUDA_VISIBLE_DEVICES: [0]
[I 2023-11-29 23:28:04,650] Trial 5 finished with value: 0.27732670307159424 and parameters: {'gradient_clip_val': 0.3446529639048272, 'hidden_size': 110, 'dropout': 0.3055823696557889, 'hidden_continuous_size': 16, 'attention_head_size': 3, 'learning_rate': 0.029898052720881096}. Best is trial 1 with value: 0.16699707508087158.
LOCAL_RANK: 0 - CUDA_VISIBLE_DEVICES: [0]
[I 2023-11-29 23:28:17,170] Trial 6 finished with value: 1.1347085237503052 and parameters: {'gradient_clip_val': 0.13332947999541428, 'hidden_size': 30, 'dropout': 0.3516294042885435, 'hidden_continuous_size': 22, 'attention_head_size': 2, 'learning_rate': 0.0018477029783790684}. Best is trial 1 with value: 0.16699707508087158.
LOCAL_RANK: 0 - CUDA_VISIBLE_DEVICES: [0]
[I 2023-11-29 23:28:29,799] Trial 7 finished with value: 1.2208362817764282 and parameters: {'gradient_clip_val': 0.8317871770444224, 'hidden_size': 22, 'dropout': 0.26953916219697505, 'hidden_continuous_size': 20, 'attention_head_size': 3, 'learning_rate': 0.003369533078636319}. Best is trial 1 with value: 0.16699707508087158.
LOCAL_RANK: 0 - CUDA_VISIBLE_DEVICES: [0]
[I 2023-11-29 23:28:44,278] Trial 8 finished with value: 0.08540189266204834 and parameters: {'gradient_clip_val': 0.4196827327353477, 'hidden_size': 119, 'dropout': 0.19072427703792272, 'hidden_continuous_size': 118, 'attention_head_size': 2, 'learning_rate': 0.010441657631356622}. Best is trial 8 with value: 0.08540189266204834.
LOCAL_RANK: 0 - CUDA_VISIBLE_DEVICES: [0]
[I 2023-11-29 23:28:57,512] Trial 9 finished with value: 0.1465625911951065 and parameters: {'gradient_clip_val': 0.5723271771478076, 'hidden_size': 50, 'dropout': 0.15335757806501782, 'hidden_continuous_size': 29, 'attention_head_size': 4, 'learning_rate': 0.0644803025616153}. Best is trial 8 with value: 0.08540189266204834.
LOCAL_RANK: 0 - CUDA_VISIBLE_DEVICES: [0]
[I 2023-11-29 23:29:08,582] Trial 10 finished with value: 0.24398602545261383 and parameters: {'gradient_clip_val': 0.30178652819842755, 'hidden_size': 133, 'dropout': 0.20851042152201404, 'hidden_continuous_size': 133, 'attention_head_size': 2, 'learning_rate': 0.012316010208516755}. Best is trial 8 with value: 0.08540189266204834.
LOCAL_RANK: 0 - CUDA_VISIBLE_DEVICES: [0]
[I 2023-11-29 23:29:22,333] Trial 11 finished with value: 0.2735057771205902 and parameters: {'gradient_clip_val': 0.451113352313053, 'hidden_size': 61, 'dropout': 0.18495120124544737, 'hidden_continuous_size': 39, 'attention_head_size': 4, 'learning_rate': 0.06361523361130514}. Best is trial 8 with value: 0.08540189266204834.
LOCAL_RANK: 0 - CUDA_VISIBLE_DEVICES: [0]
[I 2023-11-29 23:29:35,971] Trial 12 finished with value: 0.163506880402565 and parameters: {'gradient_clip_val': 0.49581152303858805, 'hidden_size': 67, 'dropout': 0.1795774390449819, 'hidden_continuous_size': 36, 'attention_head_size': 3, 'learning_rate': 0.08945144994165852}. Best is trial 8 with value: 0.08540189266204834.
LOCAL_RANK: 0 - CUDA_VISIBLE_DEVICES: [0]
[I 2023-11-29 23:29:49,934] Trial 13 finished with value: 0.16726438701152802 and parameters: {'gradient_clip_val': 0.3335773448110929, 'hidden_size': 88, 'dropout': 0.2294514638052939, 'hidden_continuous_size': 64, 'attention_head_size': 4, 'learning_rate': 0.013172924891945338}. Best is trial 8 with value: 0.08540189266204834.
LOCAL_RANK: 0 - CUDA_VISIBLE_DEVICES: [0]
[I 2023-11-29 23:30:04,743] Trial 14 finished with value: 0.29143112897872925 and parameters: {'gradient_clip_val': 0.6848735865283985, 'hidden_size': 150, 'dropout': 0.1454331978589225, 'hidden_continuous_size': 112, 'attention_head_size': 3, 'learning_rate': 0.03375323560322945}. Best is trial 8 with value: 0.08540189266204834.
LOCAL_RANK: 0 - CUDA_VISIBLE_DEVICES: [0]
[I 2023-11-29 23:30:17,491] Trial 15 finished with value: 0.28485408425331116 and parameters: {'gradient_clip_val': 0.9916408047336845, 'hidden_size': 44, 'dropout': 0.1573694931093329, 'hidden_continuous_size': 15, 'attention_head_size': 2, 'learning_rate': 0.00660638966828944}. Best is trial 8 with value: 0.08540189266204834.
LOCAL_RANK: 0 - CUDA_VISIBLE_DEVICES: [0]
[I 2023-11-29 23:30:31,100] Trial 16 finished with value: 0.22912020981311798 and parameters: {'gradient_clip_val': 0.5903915507814209, 'hidden_size': 71, 'dropout': 0.2297978052980308, 'hidden_continuous_size': 31, 'attention_head_size': 4, 'learning_rate': 0.09301493254213024}. Best is trial 8 with value: 0.08540189266204834.
LOCAL_RANK: 0 - CUDA_VISIBLE_DEVICES: [0]
[I 2023-11-29 23:30:45,106] Trial 17 finished with value: 0.19857613742351532 and parameters: {'gradient_clip_val': 0.40388635877157647, 'hidden_size': 82, 'dropout': 0.19769877823653942, 'hidden_continuous_size': 42, 'attention_head_size': 3, 'learning_rate': 0.022362087252259723}. Best is trial 8 with value: 0.08540189266204834.
LOCAL_RANK: 0 - CUDA_VISIBLE_DEVICES: [0]
[I 2023-11-29 23:30:57,830] Trial 18 finished with value: 1.845730185508728 and parameters: {'gradient_clip_val': 0.21832082103814127, 'hidden_size': 45, 'dropout': 0.15003055202547316, 'hidden_continuous_size': 12, 'attention_head_size': 2, 'learning_rate': 0.0010223059023521804}. Best is trial 8 with value: 0.08540189266204834.
LOCAL_RANK: 0 - CUDA_VISIBLE_DEVICES: [0]
[I 2023-11-29 23:31:11,611] Trial 19 finished with value: 0.3255721926689148 and parameters: {'gradient_clip_val': 0.5586760569456012, 'hidden_size': 104, 'dropout': 0.24201986744087342, 'hidden_continuous_size': 58, 'attention_head_size': 1, 'learning_rate': 0.04897528583449579}. Best is trial 8 with value: 0.08540189266204834.
LOCAL_RANK: 0 - CUDA_VISIBLE_DEVICES: [0]
[I 2023-11-29 23:31:25,115] Trial 20 finished with value: 0.1927911639213562 and parameters: {'gradient_clip_val': 0.727867116082122, 'hidden_size': 58, 'dropout': 0.20745292922566305, 'hidden_continuous_size': 26, 'attention_head_size': 4, 'learning_rate': 0.016426835610515004}. Best is trial 8 with value: 0.08540189266204834.
LOCAL_RANK: 0 - CUDA_VISIBLE_DEVICES: [0]
[I 2023-11-29 23:31:38,686] Trial 21 finished with value: 0.23102456331253052 and parameters: {'gradient_clip_val': 0.485269435247226, 'hidden_size': 69, 'dropout': 0.1721758270586119, 'hidden_continuous_size': 30, 'attention_head_size': 3, 'learning_rate': 0.09681649246797744}. Best is trial 8 with value: 0.08540189266204834.
LOCAL_RANK: 0 - CUDA_VISIBLE_DEVICES: [0]
[I 2023-11-29 23:31:52,419] Trial 22 finished with value: 0.19829165935516357 and parameters: {'gradient_clip_val': 0.5884219969562167, 'hidden_size': 88, 'dropout': 0.17560976054328695, 'hidden_continuous_size': 32, 'attention_head_size': 3, 'learning_rate': 0.07538310840801611}. Best is trial 8 with value: 0.08540189266204834.
LOCAL_RANK: 0 - CUDA_VISIBLE_DEVICES: [0]
[I 2023-11-29 23:32:05,975] Trial 23 finished with value: 0.11391519755125046 and parameters: {'gradient_clip_val': 0.3980408837363922, 'hidden_size': 74, 'dropout': 0.13262398916242277, 'hidden_continuous_size': 18, 'attention_head_size': 2, 'learning_rate': 0.05392851039992774}. Best is trial 8 with value: 0.08540189266204834.
LOCAL_RANK: 0 - CUDA_VISIBLE_DEVICES: [0]
