[I 2023-11-29 23:45:34,020] Trial 82 finished with value: 0.1564272791147232 and parameters: {'gradient_clip_val': 0.5715570272904883, 'hidden_size': 113, 'dropout': 0.14215512061581162, 'hidden_continuous_size': 29, 'attention_head_size': 3, 'learning_rate': 0.024626359431259067}. Best is trial 81 with value: 0.08050508052110672.
LOCAL_RANK: 0 - CUDA_VISIBLE_DEVICES: [0]
[I 2023-11-29 23:45:47,935] Trial 83 finished with value: 0.13269032537937164 and parameters: {'gradient_clip_val': 0.6364701088495653, 'hidden_size': 102, 'dropout': 0.15127236853292322, 'hidden_continuous_size': 23, 'attention_head_size': 3, 'learning_rate': 0.03220013837092755}. Best is trial 81 with value: 0.08050508052110672.
LOCAL_RANK: 0 - CUDA_VISIBLE_DEVICES: [0]
[I 2023-11-29 23:46:02,078] Trial 84 finished with value: 0.16661013662815094 and parameters: {'gradient_clip_val': 0.43976063226608086, 'hidden_size': 126, 'dropout': 0.13339302392110414, 'hidden_continuous_size': 26, 'attention_head_size': 3, 'learning_rate': 0.02259355923898381}. Best is trial 81 with value: 0.08050508052110672.
LOCAL_RANK: 0 - CUDA_VISIBLE_DEVICES: [0]
[I 2023-11-29 23:46:15,734] Trial 85 finished with value: 0.3238471448421478 and parameters: {'gradient_clip_val': 0.5363150583913778, 'hidden_size': 83, 'dropout': 0.16308789332235604, 'hidden_continuous_size': 19, 'attention_head_size': 3, 'learning_rate': 0.027152284942384777}. Best is trial 81 with value: 0.08050508052110672.
LOCAL_RANK: 0 - CUDA_VISIBLE_DEVICES: [0]
[I 2023-11-29 23:46:29,625] Trial 86 finished with value: 0.24712729454040527 and parameters: {'gradient_clip_val': 0.6781537025418662, 'hidden_size': 93, 'dropout': 0.17400973690334529, 'hidden_continuous_size': 28, 'attention_head_size': 3, 'learning_rate': 0.036500440549525566}. Best is trial 81 with value: 0.08050508052110672.
LOCAL_RANK: 0 - CUDA_VISIBLE_DEVICES: [0]
[I 2023-11-29 23:46:44,248] Trial 87 finished with value: 0.21668390929698944 and parameters: {'gradient_clip_val': 0.7289752958351315, 'hidden_size': 150, 'dropout': 0.12333120120400226, 'hidden_continuous_size': 33, 'attention_head_size': 3, 'learning_rate': 0.050328327220885}. Best is trial 81 with value: 0.08050508052110672.
LOCAL_RANK: 0 - CUDA_VISIBLE_DEVICES: [0]
[I 2023-11-29 23:46:57,918] Trial 88 finished with value: 0.2173786163330078 and parameters: {'gradient_clip_val': 0.6109747146289138, 'hidden_size': 77, 'dropout': 0.1449817396491511, 'hidden_continuous_size': 25, 'attention_head_size': 3, 'learning_rate': 0.05757787187581547}. Best is trial 81 with value: 0.08050508052110672.
LOCAL_RANK: 0 - CUDA_VISIBLE_DEVICES: [0]
[I 2023-11-29 23:47:12,036] Trial 89 finished with value: 0.1946738213300705 and parameters: {'gradient_clip_val': 0.42217550635211215, 'hidden_size': 103, 'dropout': 0.10771605201028657, 'hidden_continuous_size': 40, 'attention_head_size': 3, 'learning_rate': 0.02960464511910947}. Best is trial 81 with value: 0.08050508052110672.
LOCAL_RANK: 0 - CUDA_VISIBLE_DEVICES: [0]
[I 2023-11-29 23:47:26,220] Trial 90 finished with value: 0.33372291922569275 and parameters: {'gradient_clip_val': 0.3810130619237397, 'hidden_size': 117, 'dropout': 0.11726129619826957, 'hidden_continuous_size': 36, 'attention_head_size': 4, 'learning_rate': 0.01877852789001225}. Best is trial 81 with value: 0.08050508052110672.
LOCAL_RANK: 0 - CUDA_VISIBLE_DEVICES: [0]
[I 2023-11-29 23:47:40,051] Trial 91 finished with value: 0.1651742309331894 and parameters: {'gradient_clip_val': 0.806241262868031, 'hidden_size': 109, 'dropout': 0.16513158818916546, 'hidden_continuous_size': 31, 'attention_head_size': 1, 'learning_rate': 0.04238390016705281}. Best is trial 81 with value: 0.08050508052110672.
LOCAL_RANK: 0 - CUDA_VISIBLE_DEVICES: [0]
[I 2023-11-29 23:47:54,379] Trial 92 finished with value: 0.09519153833389282 and parameters: {'gradient_clip_val': 0.6599952055319012, 'hidden_size': 133, 'dropout': 0.18881708711230535, 'hidden_continuous_size': 21, 'attention_head_size': 2, 'learning_rate': 0.04751748397297486}. Best is trial 81 with value: 0.08050508052110672.
LOCAL_RANK: 0 - CUDA_VISIBLE_DEVICES: [0]
[I 2023-11-29 23:48:08,375] Trial 93 finished with value: 0.1985034942626953 and parameters: {'gradient_clip_val': 0.6446028101460809, 'hidden_size': 133, 'dropout': 0.1896162709412429, 'hidden_continuous_size': 21, 'attention_head_size': 2, 'learning_rate': 0.03834924166117374}. Best is trial 81 with value: 0.08050508052110672.
LOCAL_RANK: 0 - CUDA_VISIBLE_DEVICES: [0]
[I 2023-11-29 23:48:22,433] Trial 94 finished with value: 0.19635003805160522 and parameters: {'gradient_clip_val': 0.7245764253857964, 'hidden_size': 127, 'dropout': 0.17759323648907696, 'hidden_continuous_size': 23, 'attention_head_size': 3, 'learning_rate': 0.04701367854310381}. Best is trial 81 with value: 0.08050508052110672.
LOCAL_RANK: 0 - CUDA_VISIBLE_DEVICES: [0]
[I 2023-11-29 23:48:36,350] Trial 95 finished with value: 0.29405125975608826 and parameters: {'gradient_clip_val': 0.6669344248317204, 'hidden_size': 121, 'dropout': 0.18504944690371156, 'hidden_continuous_size': 20, 'attention_head_size': 1, 'learning_rate': 0.07168874776874672}. Best is trial 81 with value: 0.08050508052110672.
LOCAL_RANK: 0 - CUDA_VISIBLE_DEVICES: [0]
[I 2023-11-29 23:48:51,227] Trial 96 finished with value: 0.22530333697795868 and parameters: {'gradient_clip_val': 0.888074242509125, 'hidden_size': 142, 'dropout': 0.15917538596599645, 'hidden_continuous_size': 136, 'attention_head_size': 3, 'learning_rate': 0.06195879970711854}. Best is trial 81 with value: 0.08050508052110672.
LOCAL_RANK: 0 - CUDA_VISIBLE_DEVICES: [0]
[I 2023-11-29 23:49:04,940] Trial 97 finished with value: 0.10984039306640625 and parameters: {'gradient_clip_val': 0.593263974238067, 'hidden_size': 100, 'dropout': 0.15299053701373422, 'hidden_continuous_size': 18, 'attention_head_size': 2, 'learning_rate': 0.0547555032637364}. Best is trial 81 with value: 0.08050508052110672.
LOCAL_RANK: 0 - CUDA_VISIBLE_DEVICES: [0]
[I 2023-11-29 23:49:18,574] Trial 98 finished with value: 0.1603897362947464 and parameters: {'gradient_clip_val': 0.5869074801982639, 'hidden_size': 97, 'dropout': 0.1714525891228511, 'hidden_continuous_size': 18, 'attention_head_size': 2, 'learning_rate': 0.057190296776685384}. Best is trial 81 with value: 0.08050508052110672.
LOCAL_RANK: 0 - CUDA_VISIBLE_DEVICES: [0]
[I 2023-11-29 23:49:32,450] Trial 99 finished with value: 0.22236333787441254 and parameters: {'gradient_clip_val': 0.5468176506728727, 'hidden_size': 86, 'dropout': 0.1548430419766179, 'hidden_continuous_size': 46, 'attention_head_size': 2, 'learning_rate': 0.07240211834804279}. Best is trial 81 with value: 0.08050508052110672.
LOCAL_RANK: 0 - CUDA_VISIBLE_DEVICES: [0]
[I 2023-11-29 23:49:46,232] Trial 100 finished with value: 0.25110530853271484 and parameters: {'gradient_clip_val': 0.5171881621299113, 'hidden_size': 113, 'dropout': 0.16473236613501535, 'hidden_continuous_size': 16, 'attention_head_size': 2, 'learning_rate': 0.052291176400041293}. Best is trial 81 with value: 0.08050508052110672.
LOCAL_RANK: 0 - CUDA_VISIBLE_DEVICES: [0]
[I 2023-11-29 23:49:59,943] Trial 101 finished with value: 0.1785895675420761 and parameters: {'gradient_clip_val': 0.6309957642284737, 'hidden_size': 104, 'dropout': 0.13606834507657609, 'hidden_continuous_size': 22, 'attention_head_size': 2, 'learning_rate': 0.03431680798349289}. Best is trial 81 with value: 0.08050508052110672.
LOCAL_RANK: 0 - CUDA_VISIBLE_DEVICES: [0]
[I 2023-11-29 23:50:13,640] Trial 102 finished with value: 0.29731547832489014 and parameters: {'gradient_clip_val': 0.6714345134296441, 'hidden_size': 92, 'dropout': 0.15110304788477713, 'hidden_continuous_size': 19, 'attention_head_size': 2, 'learning_rate': 0.039573933025897845}. Best is trial 81 with value: 0.08050508052110672.
LOCAL_RANK: 0 - CUDA_VISIBLE_DEVICES: [0]
[I 2023-11-29 23:50:27,834] Trial 103 finished with value: 0.23653538525104523 and parameters: {'gradient_clip_val': 0.5742884391655084, 'hidden_size': 134, 'dropout': 0.13202503154478618, 'hidden_continuous_size': 24, 'attention_head_size': 2, 'learning_rate': 0.030741968456602698}. Best is trial 81 with value: 0.08050508052110672.
LOCAL_RANK: 0 - CUDA_VISIBLE_DEVICES: [0]
[I 2023-11-29 23:50:41,519] Trial 104 finished with value: 0.12122151255607605 and parameters: {'gradient_clip_val': 0.7903187841631221, 'hidden_size': 100, 'dropout': 0.14217292561581865, 'hidden_continuous_size': 25, 'attention_head_size': 3, 'learning_rate': 0.025644533544591258}. Best is trial 81 with value: 0.08050508052110672.
LOCAL_RANK: 0 - CUDA_VISIBLE_DEVICES: [0]
[I 2023-11-29 23:50:54,878] Trial 105 finished with value: 0.15645623207092285 and parameters: {'gradient_clip_val': 0.7903232028382792, 'hidden_size': 80, 'dropout': 0.14369386068420753, 'hidden_continuous_size': 17, 'attention_head_size': 2, 'learning_rate': 0.026129524269164126}. Best is trial 81 with value: 0.08050508052110672.
LOCAL_RANK: 0 - CUDA_VISIBLE_DEVICES: [0]
[I 2023-11-29 23:51:08,868] Trial 106 finished with value: 0.16793735325336456 and parameters: {'gradient_clip_val': 0.834022099322113, 'hidden_size': 101, 'dropout': 0.17151756414597666, 'hidden_continuous_size': 25, 'attention_head_size': 3, 'learning_rate': 0.04789659296843314}. Best is trial 81 with value: 0.08050508052110672.
LOCAL_RANK: 0 - CUDA_VISIBLE_DEVICES: [0]
[I 2023-11-29 23:51:22,763] Trial 107 finished with value: 0.13247095048427582 and parameters: {'gradient_clip_val': 0.7338076203176869, 'hidden_size': 112, 'dropout': 0.15985742356129098, 'hidden_continuous_size': 29, 'attention_head_size': 2, 'learning_rate': 0.02393361420595885}. Best is trial 81 with value: 0.08050508052110672.
LOCAL_RANK: 0 - CUDA_VISIBLE_DEVICES: [0]
[I 2023-11-29 23:51:36,394] Trial 108 finished with value: 0.17408163845539093 and parameters: {'gradient_clip_val': 0.7087453604842265, 'hidden_size': 98, 'dropout': 0.14829503682337009, 'hidden_continuous_size': 21, 'attention_head_size': 2, 'learning_rate': 0.0543189849789955}. Best is trial 81 with value: 0.08050508052110672.
LOCAL_RANK: 0 - CUDA_VISIBLE_DEVICES: [0]
[I 2023-11-29 23:51:50,346] Trial 109 finished with value: 0.1276698261499405 and parameters: {'gradient_clip_val': 0.9052765866069961, 'hidden_size': 107, 'dropout': 0.13907037340384004, 'hidden_continuous_size': 26, 'attention_head_size': 3, 'learning_rate': 0.061922771895936535}. Best is trial 81 with value: 0.08050508052110672.
LOCAL_RANK: 0 - CUDA_VISIBLE_DEVICES: [0]
[I 2023-11-29 23:52:04,070] Trial 110 finished with value: 0.12174475193023682 and parameters: {'gradient_clip_val': 0.7642230590328357, 'hidden_size': 74, 'dropout': 0.19633130779230815, 'hidden_continuous_size': 53, 'attention_head_size': 1, 'learning_rate': 0.04594925443567957}. Best is trial 81 with value: 0.08050508052110672.
LOCAL_RANK: 0 - CUDA_VISIBLE_DEVICES: [0]
[I 2023-11-29 23:52:18,217] Trial 111 finished with value: 0.09047655016183853 and parameters: {'gradient_clip_val': 0.7658851682782627, 'hidden_size': 75, 'dropout': 0.19373394002666186, 'hidden_continuous_size': 67, 'attention_head_size': 1, 'learning_rate': 0.04855556368472087}. Best is trial 81 with value: 0.08050508052110672.
LOCAL_RANK: 0 - CUDA_VISIBLE_DEVICES: [0]
[I 2023-11-29 23:52:32,342] Trial 112 finished with value: 0.09492997080087662 and parameters: {'gradient_clip_val': 0.8038360695940552, 'hidden_size': 86, 'dropout': 0.18074412789519462, 'hidden_continuous_size': 69, 'attention_head_size': 1, 'learning_rate': 0.05015770909025852}. Best is trial 81 with value: 0.08050508052110672.
LOCAL_RANK: 0 - CUDA_VISIBLE_DEVICES: [0]
[I 2023-11-29 23:52:46,385] Trial 113 finished with value: 0.16689006984233856 and parameters: {'gradient_clip_val': 0.860865091143206, 'hidden_size': 85, 'dropout': 0.18498094631207584, 'hidden_continuous_size': 70, 'attention_head_size': 1, 'learning_rate': 0.04178590089092484}. Best is trial 81 with value: 0.08050508052110672.
LOCAL_RANK: 0 - CUDA_VISIBLE_DEVICES: [0]
[I 2023-11-29 23:52:59,894] Trial 114 finished with value: 0.14568568766117096 and parameters: {'gradient_clip_val': 0.6990080383528009, 'hidden_size': 68, 'dropout': 0.17581902968231838, 'hidden_continuous_size': 38, 'attention_head_size': 1, 'learning_rate': 0.07921609277299971}. Best is trial 81 with value: 0.08050508052110672.
LOCAL_RANK: 0 - CUDA_VISIBLE_DEVICES: [0]
[I 2023-11-29 23:53:13,849] Trial 115 finished with value: 0.11584093421697617 and parameters: {'gradient_clip_val': 0.8286453424686959, 'hidden_size': 80, 'dropout': 0.2097538524062519, 'hidden_continuous_size': 67, 'attention_head_size': 1, 'learning_rate': 0.04892783553810269}. Best is trial 81 with value: 0.08050508052110672.
LOCAL_RANK: 0 - CUDA_VISIBLE_DEVICES: [0]
[I 2023-11-29 23:53:27,945] Trial 116 finished with value: 0.17719216644763947 and parameters: {'gradient_clip_val': 0.9145889136076505, 'hidden_size': 90, 'dropout': 0.2012077676250449, 'hidden_continuous_size': 73, 'attention_head_size': 1, 'learning_rate': 0.05466411678530186}. Best is trial 81 with value: 0.08050508052110672.
LOCAL_RANK: 0 - CUDA_VISIBLE_DEVICES: [0]
[I 2023-11-29 23:53:41,740] Trial 117 finished with value: 0.12383983284235 and parameters: {'gradient_clip_val': 0.464779861267461, 'hidden_size': 66, 'dropout': 0.21680566271736165, 'hidden_continuous_size': 54, 'attention_head_size': 1, 'learning_rate': 0.06350486632089276}. Best is trial 81 with value: 0.08050508052110672.
LOCAL_RANK: 0 - CUDA_VISIBLE_DEVICES: [0]
[I 2023-11-29 23:53:55,691] Trial 118 finished with value: 0.1581612378358841 and parameters: {'gradient_clip_val': 0.3535375435761763, 'hidden_size': 86, 'dropout': 0.18123100695677127, 'hidden_continuous_size': 80, 'attention_head_size': 1, 'learning_rate': 0.0353891969467199}. Best is trial 81 with value: 0.08050508052110672.
LOCAL_RANK: 0 - CUDA_VISIBLE_DEVICES: [0]
[I 2023-11-29 23:54:09,421] Trial 119 finished with value: 0.17137402296066284 and parameters: {'gradient_clip_val': 0.7570396761302627, 'hidden_size': 78, 'dropout': 0.19327964640806522, 'hidden_continuous_size': 47, 'attention_head_size': 1, 'learning_rate': 0.06840456018108758}. Best is trial 81 with value: 0.08050508052110672.
LOCAL_RANK: 0 - CUDA_VISIBLE_DEVICES: [0]
[I 2023-11-29 23:54:23,020] Trial 120 finished with value: 0.1990160346031189 and parameters: {'gradient_clip_val': 0.6794154505247724, 'hidden_size': 74, 'dropout': 0.1857144857586283, 'hidden_continuous_size': 51, 'attention_head_size': 1, 'learning_rate': 0.045129895311449265}. Best is trial 81 with value: 0.08050508052110672.
LOCAL_RANK: 0 - CUDA_VISIBLE_DEVICES: [0]
[I 2023-11-29 23:54:36,753] Trial 121 finished with value: 0.20010872185230255 and parameters: {'gradient_clip_val': 0.8323629165007714, 'hidden_size': 71, 'dropout': 0.19645726812674236, 'hidden_continuous_size': 59, 'attention_head_size': 1, 'learning_rate': 0.04924678512939947}. Best is trial 81 with value: 0.08050508052110672.
LOCAL_RANK: 0 - CUDA_VISIBLE_DEVICES: [0]
[I 2023-11-29 23:54:50,481] Trial 122 finished with value: 0.08906561881303787 and parameters: {'gradient_clip_val': 0.8105124059165051, 'hidden_size': 80, 'dropout': 0.18924325247395812, 'hidden_continuous_size': 63, 'attention_head_size': 1, 'learning_rate': 0.051307981097274954}. Best is trial 81 with value: 0.08050508052110672.
LOCAL_RANK: 0 - CUDA_VISIBLE_DEVICES: [0]
[I 2023-11-29 23:55:04,649] Trial 123 finished with value: 0.09223898500204086 and parameters: {'gradient_clip_val': 0.7408782292477939, 'hidden_size': 95, 'dropout': 0.17666253540833105, 'hidden_continuous_size': 84, 'attention_head_size': 1, 'learning_rate': 0.05742867828440874}. Best is trial 81 with value: 0.08050508052110672.
LOCAL_RANK: 0 - CUDA_VISIBLE_DEVICES: [0]
[I 2023-11-29 23:55:18,748] Trial 124 finished with value: 0.2934611737728119 and parameters: {'gradient_clip_val': 0.7309060964102946, 'hidden_size': 93, 'dropout': 0.18939472378406086, 'hidden_continuous_size': 89, 'attention_head_size': 1, 'learning_rate': 0.058927887353885766}. Best is trial 81 with value: 0.08050508052110672.
LOCAL_RANK: 0 - CUDA_VISIBLE_DEVICES: [0]
[I 2023-11-29 23:55:32,820] Trial 125 finished with value: 0.1915615200996399 and parameters: {'gradient_clip_val': 0.8749481766736865, 'hidden_size': 119, 'dropout': 0.16768095860928148, 'hidden_continuous_size': 60, 'attention_head_size': 1, 'learning_rate': 0.03980275676760321}. Best is trial 81 with value: 0.08050508052110672.
LOCAL_RANK: 0 - CUDA_VISIBLE_DEVICES: [0]
[I 2023-11-29 23:55:46,718] Trial 126 finished with value: 0.34297898411750793 and parameters: {'gradient_clip_val': 0.948392645599215, 'hidden_size': 88, 'dropout': 0.1789559325276499, 'hidden_continuous_size': 65, 'attention_head_size': 1, 'learning_rate': 0.051752587988346706}. Best is trial 81 with value: 0.08050508052110672.
LOCAL_RANK: 0 - CUDA_VISIBLE_DEVICES: [0]
[I 2023-11-29 23:56:01,243] Trial 127 finished with value: 0.1693313717842102 and parameters: {'gradient_clip_val': 0.7633477783666858, 'hidden_size': 107, 'dropout': 0.19330191107194986, 'hidden_continuous_size': 103, 'attention_head_size': 1, 'learning_rate': 0.08838906566880816}. Best is trial 81 with value: 0.08050508052110672.
LOCAL_RANK: 0 - CUDA_VISIBLE_DEVICES: [0]
[I 2023-11-29 23:56:15,333] Trial 128 finished with value: 0.12492042779922485 and parameters: {'gradient_clip_val': 0.6481255575943656, 'hidden_size': 94, 'dropout': 0.17450224035547884, 'hidden_continuous_size': 78, 'attention_head_size': 1, 'learning_rate': 0.04165234789325334}. Best is trial 81 with value: 0.08050508052110672.
LOCAL_RANK: 0 - CUDA_VISIBLE_DEVICES: [0]
[I 2023-11-29 23:56:29,266] Trial 129 finished with value: 0.12479836493730545 and parameters: {'gradient_clip_val': 0.7900375303250465, 'hidden_size': 82, 'dropout': 0.18163799907547246, 'hidden_continuous_size': 62, 'attention_head_size': 1, 'learning_rate': 0.06658842008469516}. Best is trial 81 with value: 0.08050508052110672.
LOCAL_RANK: 0 - CUDA_VISIBLE_DEVICES: [0]
[I 2023-11-29 23:56:43,603] Trial 130 finished with value: 0.24336440861225128 and parameters: {'gradient_clip_val': 0.7082906276882603, 'hidden_size': 114, 'dropout': 0.18666636074726203, 'hidden_continuous_size': 72, 'attention_head_size': 1, 'learning_rate': 0.07514932745208898}. Best is trial 81 with value: 0.08050508052110672.
LOCAL_RANK: 0 - CUDA_VISIBLE_DEVICES: [0]
[I 2023-11-29 23:56:57,035] Trial 131 finished with value: 0.16596508026123047 and parameters: {'gradient_clip_val': 0.4105040191199821, 'hidden_size': 64, 'dropout': 0.1677668438739092, 'hidden_continuous_size': 55, 'attention_head_size': 1, 'learning_rate': 0.06109151384545943}. Best is trial 81 with value: 0.08050508052110672.
LOCAL_RANK: 0 - CUDA_VISIBLE_DEVICES: [0]
[I 2023-11-29 23:57:11,012] Trial 132 finished with value: 0.1550765037536621 and parameters: {'gradient_clip_val': 0.6354275973488566, 'hidden_size': 77, 'dropout': 0.17476217266514837, 'hidden_continuous_size': 56, 'attention_head_size': 1, 'learning_rate': 0.05608142505362172}. Best is trial 81 with value: 0.08050508052110672.
LOCAL_RANK: 0 - CUDA_VISIBLE_DEVICES: [0]
[I 2023-11-29 23:57:24,894] Trial 133 finished with value: 0.1127605214715004 and parameters: {'gradient_clip_val': 0.5874596552135288, 'hidden_size': 70, 'dropout': 0.1555515359852024, 'hidden_continuous_size': 64, 'attention_head_size': 2, 'learning_rate': 0.04479420870763542}. Best is trial 81 with value: 0.08050508052110672.
LOCAL_RANK: 0 - CUDA_VISIBLE_DEVICES: [0]
[I 2023-11-29 23:57:38,705] Trial 134 finished with value: 0.16763538122177124 and parameters: {'gradient_clip_val': 0.5921995824956603, 'hidden_size': 70, 'dropout': 0.15579343448512634, 'hidden_continuous_size': 58, 'attention_head_size': 2, 'learning_rate': 0.04431526164118393}. Best is trial 81 with value: 0.08050508052110672.
LOCAL_RANK: 0 - CUDA_VISIBLE_DEVICES: [0]
[I 2023-11-29 23:57:52,572] Trial 135 finished with value: 0.11348867416381836 and parameters: {'gradient_clip_val': 0.56258942469456, 'hidden_size': 97, 'dropout': 0.16446539957886885, 'hidden_continuous_size': 62, 'attention_head_size': 1, 'learning_rate': 0.03543660366417318}. Best is trial 81 with value: 0.08050508052110672.
LOCAL_RANK: 0 - CUDA_VISIBLE_DEVICES: [0]
[I 2023-11-29 23:58:06,495] Trial 136 finished with value: 0.12629063427448273 and parameters: {'gradient_clip_val': 0.6725489748194073, 'hidden_size': 91, 'dropout': 0.16245519592287394, 'hidden_continuous_size': 62, 'attention_head_size': 1, 'learning_rate': 0.040394718412990575}. Best is trial 81 with value: 0.08050508052110672.
LOCAL_RANK: 0 - CUDA_VISIBLE_DEVICES: [0]
[I 2023-11-29 23:58:20,717] Trial 137 finished with value: 0.19329552352428436 and parameters: {'gradient_clip_val': 0.6087809967127503, 'hidden_size': 83, 'dropout': 0.2007871502643735, 'hidden_continuous_size': 66, 'attention_head_size': 1, 'learning_rate': 0.03582228818966223}. Best is trial 81 with value: 0.08050508052110672.
LOCAL_RANK: 0 - CUDA_VISIBLE_DEVICES: [0]
[I 2023-11-29 23:58:34,120] Trial 138 finished with value: 0.07249756902456284 and parameters: {'gradient_clip_val': 0.8067748766152045, 'hidden_size': 60, 'dropout': 0.17119316074490962, 'hidden_continuous_size': 51, 'attention_head_size': 1, 'learning_rate': 0.029284734815586088}. Best is trial 138 with value: 0.07249756902456284.
LOCAL_RANK: 0 - CUDA_VISIBLE_DEVICES: [0]
[I 2023-11-29 23:58:47,982] Trial 139 finished with value: 0.28740328550338745 and parameters: {'gradient_clip_val': 0.8117391077383547, 'hidden_size': 74, 'dropout': 0.18109235604058282, 'hidden_continuous_size': 63, 'attention_head_size': 1, 'learning_rate': 0.029389680101021668}. Best is trial 138 with value: 0.07249756902456284.
LOCAL_RANK: 0 - CUDA_VISIBLE_DEVICES: [0]
