[I 2023-11-30 01:42:50,797] Trial 0 finished with value: 0.28753697872161865 and parameters: {'gradient_clip_val': 0.6111859444049452, 'hidden_size': 10, 'dropout': 0.2175297532332383, 'hidden_continuous_size': 10, 'attention_head_size': 3, 'learning_rate': 0.07976082157659349}. Best is trial 0 with value: 0.28753697872161865.
LOCAL_RANK: 0 - CUDA_VISIBLE_DEVICES: [0]
[I 2023-11-30 01:43:01,257] Trial 1 finished with value: 0.6161137223243713 and parameters: {'gradient_clip_val': 0.18606061768182464, 'hidden_size': 48, 'dropout': 0.39330011188505554, 'hidden_continuous_size': 48, 'attention_head_size': 2, 'learning_rate': 0.0028075797492179582}. Best is trial 0 with value: 0.28753697872161865.
LOCAL_RANK: 0 - CUDA_VISIBLE_DEVICES: [0]
[I 2023-11-30 01:43:12,092] Trial 2 finished with value: 1.0076369047164917 and parameters: {'gradient_clip_val': 0.9039346004902085, 'hidden_size': 29, 'dropout': 0.19197654688830296, 'hidden_continuous_size': 29, 'attention_head_size': 4, 'learning_rate': 0.003494888977003622}. Best is trial 0 with value: 0.28753697872161865.
LOCAL_RANK: 0 - CUDA_VISIBLE_DEVICES: [0]
[I 2023-11-30 01:43:25,024] Trial 3 finished with value: 0.8715841174125671 and parameters: {'gradient_clip_val': 0.7881550483758208, 'hidden_size': 49, 'dropout': 0.266925606740305, 'hidden_continuous_size': 14, 'attention_head_size': 2, 'learning_rate': 0.0023588831950271134}. Best is trial 0 with value: 0.28753697872161865.
LOCAL_RANK: 0 - CUDA_VISIBLE_DEVICES: [0]
[I 2023-11-30 01:43:35,073] Trial 4 finished with value: 1.1387734413146973 and parameters: {'gradient_clip_val': 0.625542944584271, 'hidden_size': 12, 'dropout': 0.21533268349619714, 'hidden_continuous_size': 12, 'attention_head_size': 1, 'learning_rate': 0.009482927676624143}. Best is trial 0 with value: 0.28753697872161865.
LOCAL_RANK: 0 - CUDA_VISIBLE_DEVICES: [0]
[I 2023-11-30 01:43:47,172] Trial 5 finished with value: 0.7280669808387756 and parameters: {'gradient_clip_val': 0.7553677703029286, 'hidden_size': 13, 'dropout': 0.22022839347735684, 'hidden_continuous_size': 10, 'attention_head_size': 1, 'learning_rate': 0.0086459781133423}. Best is trial 0 with value: 0.28753697872161865.
LOCAL_RANK: 0 - CUDA_VISIBLE_DEVICES: [0]
[I 2023-11-30 01:43:59,058] Trial 6 finished with value: 0.4291815459728241 and parameters: {'gradient_clip_val': 0.27359683737953505, 'hidden_size': 16, 'dropout': 0.13595016465140874, 'hidden_continuous_size': 11, 'attention_head_size': 2, 'learning_rate': 0.024243658991606038}. Best is trial 0 with value: 0.28753697872161865.
LOCAL_RANK: 0 - CUDA_VISIBLE_DEVICES: [0]
[I 2023-11-30 01:44:12,405] Trial 7 finished with value: 0.5114437937736511 and parameters: {'gradient_clip_val': 0.4264305327308263, 'hidden_size': 80, 'dropout': 0.3496523391137861, 'hidden_continuous_size': 14, 'attention_head_size': 1, 'learning_rate': 0.006448882943172382}. Best is trial 0 with value: 0.28753697872161865.
LOCAL_RANK: 0 - CUDA_VISIBLE_DEVICES: [0]
[I 2023-11-30 01:44:26,469] Trial 8 finished with value: 0.1431637853384018 and parameters: {'gradient_clip_val': 0.259778810990103, 'hidden_size': 103, 'dropout': 0.1268032798826021, 'hidden_continuous_size': 50, 'attention_head_size': 3, 'learning_rate': 0.005215480576663503}. Best is trial 8 with value: 0.1431637853384018.
LOCAL_RANK: 0 - CUDA_VISIBLE_DEVICES: [0]
[I 2023-11-30 01:44:36,948] Trial 9 finished with value: 0.7065703272819519 and parameters: {'gradient_clip_val': 0.7407369017015636, 'hidden_size': 14, 'dropout': 0.11526389916106382, 'hidden_continuous_size': 14, 'attention_head_size': 4, 'learning_rate': 0.012130805326836204}. Best is trial 8 with value: 0.1431637853384018.
LOCAL_RANK: 0 - CUDA_VISIBLE_DEVICES: [0]
[I 2023-11-30 01:44:51,834] Trial 10 finished with value: 0.2233973890542984 and parameters: {'gradient_clip_val': 0.10913131464111855, 'hidden_size': 149, 'dropout': 0.11003044509326514, 'hidden_continuous_size': 121, 'attention_head_size': 3, 'learning_rate': 0.0019713467516811784}. Best is trial 8 with value: 0.1431637853384018.
LOCAL_RANK: 0 - CUDA_VISIBLE_DEVICES: [0]
[I 2023-11-30 01:45:06,656] Trial 11 finished with value: 0.38346874713897705 and parameters: {'gradient_clip_val': 0.10605084478544692, 'hidden_size': 146, 'dropout': 0.10608929883391087, 'hidden_continuous_size': 128, 'attention_head_size': 3, 'learning_rate': 0.001164585791138121}. Best is trial 8 with value: 0.1431637853384018.
LOCAL_RANK: 0 - CUDA_VISIBLE_DEVICES: [0]
[I 2023-11-30 01:45:21,596] Trial 12 finished with value: 0.3534884750843048 and parameters: {'gradient_clip_val': 0.10133107867089036, 'hidden_size': 135, 'dropout': 0.15333646975721132, 'hidden_continuous_size': 133, 'attention_head_size': 3, 'learning_rate': 0.0010088410624481674}. Best is trial 8 with value: 0.1431637853384018.
LOCAL_RANK: 0 - CUDA_VISIBLE_DEVICES: [0]
[I 2023-11-30 01:45:35,908] Trial 13 finished with value: 0.2892378568649292 and parameters: {'gradient_clip_val': 0.16654322182459597, 'hidden_size': 98, 'dropout': 0.15454495888329486, 'hidden_continuous_size': 70, 'attention_head_size': 3, 'learning_rate': 0.004052269593794776}. Best is trial 8 with value: 0.1431637853384018.
LOCAL_RANK: 0 - CUDA_VISIBLE_DEVICES: [0]
[I 2023-11-30 01:45:49,853] Trial 14 finished with value: 0.5081613659858704 and parameters: {'gradient_clip_val': 0.29026249876609395, 'hidden_size': 88, 'dropout': 0.10246618629694221, 'hidden_continuous_size': 60, 'attention_head_size': 4, 'learning_rate': 0.0019356393660994663}. Best is trial 8 with value: 0.1431637853384018.
LOCAL_RANK: 0 - CUDA_VISIBLE_DEVICES: [0]
[I 2023-11-30 01:46:04,560] Trial 15 finished with value: 0.17312805354595184 and parameters: {'gradient_clip_val': 0.15394673037320264, 'hidden_size': 150, 'dropout': 0.1642021337106567, 'hidden_continuous_size': 89, 'attention_head_size': 3, 'learning_rate': 0.0049570410819543415}. Best is trial 8 with value: 0.1431637853384018.
LOCAL_RANK: 0 - CUDA_VISIBLE_DEVICES: [0]
[I 2023-11-30 01:46:18,162] Trial 16 finished with value: 0.31705543398857117 and parameters: {'gradient_clip_val': 0.22249313001228058, 'hidden_size': 71, 'dropout': 0.17106255698038286, 'hidden_continuous_size': 33, 'attention_head_size': 2, 'learning_rate': 0.005713871197988954}. Best is trial 8 with value: 0.1431637853384018.
LOCAL_RANK: 0 - CUDA_VISIBLE_DEVICES: [0]
[I 2023-11-30 01:46:32,733] Trial 17 finished with value: 0.11892332881689072 and parameters: {'gradient_clip_val': 0.3837276697319302, 'hidden_size': 107, 'dropout': 0.17728531616233398, 'hidden_continuous_size': 81, 'attention_head_size': 4, 'learning_rate': 0.016944366715646607}. Best is trial 17 with value: 0.11892332881689072.
LOCAL_RANK: 0 - CUDA_VISIBLE_DEVICES: [0]
[I 2023-11-30 01:46:46,789] Trial 18 finished with value: 0.10923665016889572 and parameters: {'gradient_clip_val': 0.41659291904238493, 'hidden_size': 109, 'dropout': 0.2584686051129952, 'hidden_continuous_size': 44, 'attention_head_size': 4, 'learning_rate': 0.01728015898023666}. Best is trial 18 with value: 0.10923665016889572.
LOCAL_RANK: 0 - CUDA_VISIBLE_DEVICES: [0]
[I 2023-11-30 01:47:00,544] Trial 19 finished with value: 0.2206677943468094 and parameters: {'gradient_clip_val': 0.3771334851978603, 'hidden_size': 67, 'dropout': 0.27014007107203564, 'hidden_continuous_size': 37, 'attention_head_size': 4, 'learning_rate': 0.018887405017877865}. Best is trial 18 with value: 0.10923665016889572.
LOCAL_RANK: 0 - CUDA_VISIBLE_DEVICES: [0]
[I 2023-11-30 01:47:15,050] Trial 20 finished with value: 0.15220271050930023 and parameters: {'gradient_clip_val': 0.4063473479697383, 'hidden_size': 110, 'dropout': 0.2953460257522705, 'hidden_continuous_size': 82, 'attention_head_size': 4, 'learning_rate': 0.030161082730127943}. Best is trial 18 with value: 0.10923665016889572.
LOCAL_RANK: 0 - CUDA_VISIBLE_DEVICES: [0]
[I 2023-11-30 01:47:29,207] Trial 21 finished with value: 0.13795480132102966 and parameters: {'gradient_clip_val': 0.3520358029860831, 'hidden_size': 101, 'dropout': 0.18440519337028732, 'hidden_continuous_size': 47, 'attention_head_size': 4, 'learning_rate': 0.014335413561306064}. Best is trial 18 with value: 0.10923665016889572.
LOCAL_RANK: 0 - CUDA_VISIBLE_DEVICES: [0]
[I 2023-11-30 01:47:43,621] Trial 22 finished with value: 0.10888087004423141 and parameters: {'gradient_clip_val': 0.3494393072671193, 'hidden_size': 115, 'dropout': 0.2428366830611082, 'hidden_continuous_size': 42, 'attention_head_size': 4, 'learning_rate': 0.017924223070829127}. Best is trial 22 with value: 0.10888087004423141.
LOCAL_RANK: 0 - CUDA_VISIBLE_DEVICES: [0]
[I 2023-11-30 01:47:57,288] Trial 23 finished with value: 0.10785683244466782 and parameters: {'gradient_clip_val': 0.46420326096988573, 'hidden_size': 69, 'dropout': 0.2448102539377182, 'hidden_continuous_size': 23, 'attention_head_size': 4, 'learning_rate': 0.03544896474474746}. Best is trial 23 with value: 0.10785683244466782.
LOCAL_RANK: 0 - CUDA_VISIBLE_DEVICES: [0]
[I 2023-11-30 01:48:10,668] Trial 24 finished with value: 0.16861587762832642 and parameters: {'gradient_clip_val': 0.49632357919166226, 'hidden_size': 64, 'dropout': 0.29242085589305444, 'hidden_continuous_size': 23, 'attention_head_size': 4, 'learning_rate': 0.03537108819746668}. Best is trial 23 with value: 0.10785683244466782.
LOCAL_RANK: 0 - CUDA_VISIBLE_DEVICES: [0]
[I 2023-11-30 01:48:24,221] Trial 25 finished with value: 0.11841676384210587 and parameters: {'gradient_clip_val': 0.47254953798919197, 'hidden_size': 80, 'dropout': 0.24853883131943832, 'hidden_continuous_size': 23, 'attention_head_size': 4, 'learning_rate': 0.042428726464189555}. Best is trial 23 with value: 0.10785683244466782.
LOCAL_RANK: 0 - CUDA_VISIBLE_DEVICES: [0]
[I 2023-11-30 01:48:38,445] Trial 26 finished with value: 0.15571440756320953 and parameters: {'gradient_clip_val': 0.3363867752023435, 'hidden_size': 123, 'dropout': 0.24727003952583324, 'hidden_continuous_size': 39, 'attention_head_size': 4, 'learning_rate': 0.05242633207811374}. Best is trial 23 with value: 0.10785683244466782.
LOCAL_RANK: 0 - CUDA_VISIBLE_DEVICES: [0]
[I 2023-11-30 01:48:52,740] Trial 27 finished with value: 0.15896937251091003 and parameters: {'gradient_clip_val': 0.5078722572923292, 'hidden_size': 121, 'dropout': 0.23145492389295486, 'hidden_continuous_size': 25, 'attention_head_size': 4, 'learning_rate': 0.020709718837220458}. Best is trial 23 with value: 0.10785683244466782.
LOCAL_RANK: 0 - CUDA_VISIBLE_DEVICES: [0]
[I 2023-11-30 01:49:06,471] Trial 28 finished with value: 0.1082204207777977 and parameters: {'gradient_clip_val': 0.3191676710746332, 'hidden_size': 86, 'dropout': 0.29114119357839874, 'hidden_continuous_size': 18, 'attention_head_size': 3, 'learning_rate': 0.02581131359540451}. Best is trial 23 with value: 0.10785683244466782.
LOCAL_RANK: 0 - CUDA_VISIBLE_DEVICES: [0]
[I 2023-11-30 01:49:19,756] Trial 29 finished with value: 0.17237313091754913 and parameters: {'gradient_clip_val': 0.30253554859059295, 'hidden_size': 57, 'dropout': 0.29164995037909086, 'hidden_continuous_size': 20, 'attention_head_size': 3, 'learning_rate': 0.06728263773093165}. Best is trial 23 with value: 0.10785683244466782.
LOCAL_RANK: 0 - CUDA_VISIBLE_DEVICES: [0]
[I 2023-11-30 01:49:33,413] Trial 30 finished with value: 0.0899231806397438 and parameters: {'gradient_clip_val': 0.5937395817568294, 'hidden_size': 85, 'dropout': 0.3143794159490936, 'hidden_continuous_size': 20, 'attention_head_size': 3, 'learning_rate': 0.07732121074925127}. Best is trial 30 with value: 0.0899231806397438.
LOCAL_RANK: 0 - CUDA_VISIBLE_DEVICES: [0]
[I 2023-11-30 01:49:46,928] Trial 31 finished with value: 0.2760947644710541 and parameters: {'gradient_clip_val': 0.5749015335310532, 'hidden_size': 86, 'dropout': 0.30955186160224474, 'hidden_continuous_size': 19, 'attention_head_size': 3, 'learning_rate': 0.09212774941936593}. Best is trial 30 with value: 0.0899231806397438.
LOCAL_RANK: 0 - CUDA_VISIBLE_DEVICES: [0]
[I 2023-11-30 01:50:00,614] Trial 32 finished with value: 0.2364135980606079 and parameters: {'gradient_clip_val': 0.32272467585949016, 'hidden_size': 75, 'dropout': 0.3273413097552918, 'hidden_continuous_size': 18, 'attention_head_size': 3, 'learning_rate': 0.06629069283153449}. Best is trial 30 with value: 0.0899231806397438.
LOCAL_RANK: 0 - CUDA_VISIBLE_DEVICES: [0]
[I 2023-11-30 01:50:13,859] Trial 33 finished with value: 0.12986302375793457 and parameters: {'gradient_clip_val': 0.6026749573966366, 'hidden_size': 60, 'dropout': 0.2803421387136466, 'hidden_continuous_size': 28, 'attention_head_size': 2, 'learning_rate': 0.028808915849111872}. Best is trial 30 with value: 0.0899231806397438.
LOCAL_RANK: 0 - CUDA_VISIBLE_DEVICES: [0]
[I 2023-11-30 01:50:26,957] Trial 34 finished with value: 0.12718325853347778 and parameters: {'gradient_clip_val': 0.4600454907855669, 'hidden_size': 53, 'dropout': 0.23632461628957838, 'hidden_continuous_size': 18, 'attention_head_size': 3, 'learning_rate': 0.043857633106586434}. Best is trial 30 with value: 0.0899231806397438.
LOCAL_RANK: 0 - CUDA_VISIBLE_DEVICES: [0]
[I 2023-11-30 01:50:39,798] Trial 35 finished with value: 0.1007198914885521 and parameters: {'gradient_clip_val': 0.5465579314975436, 'hidden_size': 43, 'dropout': 0.19957048856983167, 'hidden_continuous_size': 17, 'attention_head_size': 2, 'learning_rate': 0.09513646283148514}. Best is trial 30 with value: 0.0899231806397438.
LOCAL_RANK: 0 - CUDA_VISIBLE_DEVICES: [0]
[I 2023-11-30 01:50:52,648] Trial 36 finished with value: 0.09414950758218765 and parameters: {'gradient_clip_val': 0.527169688085664, 'hidden_size': 45, 'dropout': 0.20960001197386277, 'hidden_continuous_size': 16, 'attention_head_size': 2, 'learning_rate': 0.0946798501297386}. Best is trial 30 with value: 0.0899231806397438.
LOCAL_RANK: 0 - CUDA_VISIBLE_DEVICES: [0]
[I 2023-11-30 01:51:05,541] Trial 37 finished with value: 0.08565300703048706 and parameters: {'gradient_clip_val': 0.5442794435863608, 'hidden_size': 41, 'dropout': 0.2020512713284848, 'hidden_continuous_size': 15, 'attention_head_size': 2, 'learning_rate': 0.08757330329302786}. Best is trial 37 with value: 0.08565300703048706.
LOCAL_RANK: 0 - CUDA_VISIBLE_DEVICES: [0]
[I 2023-11-30 01:51:18,187] Trial 38 finished with value: 0.3793315887451172 and parameters: {'gradient_clip_val': 0.6812385897296575, 'hidden_size': 44, 'dropout': 0.21026449263220034, 'hidden_continuous_size': 16, 'attention_head_size': 2, 'learning_rate': 0.09246369920731107}. Best is trial 37 with value: 0.08565300703048706.
LOCAL_RANK: 0 - CUDA_VISIBLE_DEVICES: [0]
[I 2023-11-30 01:51:30,845] Trial 39 finished with value: 0.08089078217744827 and parameters: {'gradient_clip_val': 0.9327393103511816, 'hidden_size': 34, 'dropout': 0.19773717212126782, 'hidden_continuous_size': 16, 'attention_head_size': 1, 'learning_rate': 0.0993229794724944}. Best is trial 39 with value: 0.08089078217744827.
LOCAL_RANK: 0 - CUDA_VISIBLE_DEVICES: [0]
[I 2023-11-30 01:51:43,505] Trial 40 finished with value: 0.13271518051624298 and parameters: {'gradient_clip_val': 0.9378697595784392, 'hidden_size': 33, 'dropout': 0.19797590589628872, 'hidden_continuous_size': 15, 'attention_head_size': 1, 'learning_rate': 0.07338517172875837}. Best is trial 39 with value: 0.08089078217744827.
LOCAL_RANK: 0 - CUDA_VISIBLE_DEVICES: [0]
[I 2023-11-30 01:51:56,146] Trial 41 finished with value: 0.15559901297092438 and parameters: {'gradient_clip_val': 0.8237683008539999, 'hidden_size': 39, 'dropout': 0.20096721103768858, 'hidden_continuous_size': 16, 'attention_head_size': 1, 'learning_rate': 0.09742440541164428}. Best is trial 39 with value: 0.08089078217744827.
LOCAL_RANK: 0 - CUDA_VISIBLE_DEVICES: [0]
[I 2023-11-30 01:52:08,597] Trial 42 finished with value: 0.13045813143253326 and parameters: {'gradient_clip_val': 0.5641010785735809, 'hidden_size': 28, 'dropout': 0.2132281869957962, 'hidden_continuous_size': 15, 'attention_head_size': 2, 'learning_rate': 0.060184765447953176}. Best is trial 39 with value: 0.08089078217744827.
LOCAL_RANK: 0 - CUDA_VISIBLE_DEVICES: [0]
[I 2023-11-30 01:52:21,206] Trial 43 finished with value: 0.13242529332637787 and parameters: {'gradient_clip_val': 0.6733283308136089, 'hidden_size': 43, 'dropout': 0.2241430462080371, 'hidden_continuous_size': 13, 'attention_head_size': 2, 'learning_rate': 0.08005233929345873}. Best is trial 39 with value: 0.08089078217744827.
LOCAL_RANK: 0 - CUDA_VISIBLE_DEVICES: [0]
[I 2023-11-30 01:52:34,128] Trial 44 finished with value: 0.09648752957582474 and parameters: {'gradient_clip_val': 0.8394953613740744, 'hidden_size': 51, 'dropout': 0.18766470903653484, 'hidden_continuous_size': 12, 'attention_head_size': 2, 'learning_rate': 0.05506335627812789}. Best is trial 39 with value: 0.08089078217744827.
LOCAL_RANK: 0 - CUDA_VISIBLE_DEVICES: [0]
[I 2023-11-30 01:52:46,774] Trial 45 finished with value: 0.09553977102041245 and parameters: {'gradient_clip_val': 0.9865697956195237, 'hidden_size': 51, 'dropout': 0.18753919660572027, 'hidden_continuous_size': 12, 'attention_head_size': 1, 'learning_rate': 0.056415291140951965}. Best is trial 39 with value: 0.08089078217744827.
LOCAL_RANK: 0 - CUDA_VISIBLE_DEVICES: [0]
[I 2023-11-30 01:52:59,080] Trial 46 finished with value: 0.12719464302062988 and parameters: {'gradient_clip_val': 0.9940860354972483, 'hidden_size': 33, 'dropout': 0.22376924400086823, 'hidden_continuous_size': 13, 'attention_head_size': 1, 'learning_rate': 0.07691873549838445}. Best is trial 39 with value: 0.08089078217744827.
LOCAL_RANK: 0 - CUDA_VISIBLE_DEVICES: [0]
[I 2023-11-30 01:53:11,951] Trial 47 finished with value: 0.08494935184717178 and parameters: {'gradient_clip_val': 0.8745748504116909, 'hidden_size': 56, 'dropout': 0.2097668284772669, 'hidden_continuous_size': 10, 'attention_head_size': 1, 'learning_rate': 0.05396240864638406}. Best is trial 39 with value: 0.08089078217744827.
LOCAL_RANK: 0 - CUDA_VISIBLE_DEVICES: [0]
[I 2023-11-30 01:53:23,875] Trial 48 finished with value: 0.12883201241493225 and parameters: {'gradient_clip_val': 0.7230270245241966, 'hidden_size': 24, 'dropout': 0.21183815511099588, 'hidden_continuous_size': 10, 'attention_head_size': 1, 'learning_rate': 0.0730116052078925}. Best is trial 39 with value: 0.08089078217744827.
LOCAL_RANK: 0 - CUDA_VISIBLE_DEVICES: [0]
[I 2023-11-30 01:53:36,907] Trial 49 finished with value: 0.1152360662817955 and parameters: {'gradient_clip_val': 0.7850014433222018, 'hidden_size': 57, 'dropout': 0.2270273691501244, 'hidden_continuous_size': 20, 'attention_head_size': 1, 'learning_rate': 0.04684087688619007}. Best is trial 39 with value: 0.08089078217744827.
LOCAL_RANK: 0 - CUDA_VISIBLE_DEVICES: [0]
[I 2023-11-30 01:53:49,399] Trial 50 finished with value: 0.13042543828487396 and parameters: {'gradient_clip_val': 0.8637976617962984, 'hidden_size': 37, 'dropout': 0.366735256857285, 'hidden_continuous_size': 11, 'attention_head_size': 1, 'learning_rate': 0.0627104742036366}. Best is trial 39 with value: 0.08089078217744827.
LOCAL_RANK: 0 - CUDA_VISIBLE_DEVICES: [0]
[I 2023-11-30 01:54:01,951] Trial 51 finished with value: 0.12125597149133682 and parameters: {'gradient_clip_val': 0.9093754003529464, 'hidden_size': 48, 'dropout': 0.18842462989683595, 'hidden_continuous_size': 11, 'attention_head_size': 1, 'learning_rate': 0.054375790016672684}. Best is trial 39 with value: 0.08089078217744827.
LOCAL_RANK: 0 - CUDA_VISIBLE_DEVICES: [0]
[I 2023-11-30 01:54:14,613] Trial 52 finished with value: 0.19767339527606964 and parameters: {'gradient_clip_val': 0.6414288701582184, 'hidden_size': 51, 'dropout': 0.1709268479753774, 'hidden_continuous_size': 10, 'attention_head_size': 1, 'learning_rate': 0.08071356093658032}. Best is trial 39 with value: 0.08089078217744827.
LOCAL_RANK: 0 - CUDA_VISIBLE_DEVICES: [0]
[I 2023-11-30 01:54:27,526] Trial 53 finished with value: 0.11890581250190735 and parameters: {'gradient_clip_val': 0.7591149741929043, 'hidden_size': 61, 'dropout': 0.200735698101982, 'hidden_continuous_size': 12, 'attention_head_size': 1, 'learning_rate': 0.06237030094102036}. Best is trial 39 with value: 0.08089078217744827.
LOCAL_RANK: 0 - CUDA_VISIBLE_DEVICES: [0]
[I 2023-11-30 01:54:40,401] Trial 54 finished with value: 0.1132708191871643 and parameters: {'gradient_clip_val': 0.9508709215797077, 'hidden_size': 46, 'dropout': 0.1794503243524543, 'hidden_continuous_size': 14, 'attention_head_size': 2, 'learning_rate': 0.08239470434398491}. Best is trial 39 with value: 0.08089078217744827.
LOCAL_RANK: 0 - CUDA_VISIBLE_DEVICES: [0]
[I 2023-11-30 01:54:53,282] Trial 55 finished with value: 0.23480911552906036 and parameters: {'gradient_clip_val': 0.8877820576094707, 'hidden_size': 55, 'dropout': 0.15657858696327337, 'hidden_continuous_size': 16, 'attention_head_size': 1, 'learning_rate': 0.09778587943879358}. Best is trial 39 with value: 0.08089078217744827.
LOCAL_RANK: 0 - CUDA_VISIBLE_DEVICES: [0]
[I 2023-11-30 01:55:05,844] Trial 56 finished with value: 0.09197316318750381 and parameters: {'gradient_clip_val': 0.7123146508220939, 'hidden_size': 39, 'dropout': 0.21613099357672585, 'hidden_continuous_size': 13, 'attention_head_size': 1, 'learning_rate': 0.05036742088077292}. Best is trial 39 with value: 0.08089078217744827.
LOCAL_RANK: 0 - CUDA_VISIBLE_DEVICES: [0]
[I 2023-11-30 01:55:18,539] Trial 57 finished with value: 0.2744493782520294 and parameters: {'gradient_clip_val': 0.7129968571565763, 'hidden_size': 40, 'dropout': 0.2574379642152438, 'hidden_continuous_size': 15, 'attention_head_size': 2, 'learning_rate': 0.04834578603997755}. Best is trial 39 with value: 0.08089078217744827.
LOCAL_RANK: 0 - CUDA_VISIBLE_DEVICES: [0]
