[I 2023-11-30 09:10:56,010] Trial 15 finished with value: 0.40366896986961365 and parameters: {'gradient_clip_val': 0.6429564511496215, 'hidden_size': 64, 'dropout': 0.23828920955979277, 'hidden_continuous_size': 18, 'attention_head_size': 3, 'learning_rate': 0.045811046327516244}. Best is trial 11 with value: 0.38367047905921936.
LOCAL_RANK: 0 - CUDA_VISIBLE_DEVICES: [0]
[I 2023-11-30 09:11:08,779] Trial 16 finished with value: 0.27628418803215027 and parameters: {'gradient_clip_val': 0.6024794844592372, 'hidden_size': 34, 'dropout': 0.26374536891980327, 'hidden_continuous_size': 16, 'attention_head_size': 3, 'learning_rate': 0.04195495998209983}. Best is trial 16 with value: 0.27628418803215027.
LOCAL_RANK: 0 - CUDA_VISIBLE_DEVICES: [0]
[I 2023-11-30 09:11:21,340] Trial 17 finished with value: 0.5467467308044434 and parameters: {'gradient_clip_val': 0.38109824595813285, 'hidden_size': 36, 'dropout': 0.27111849138386573, 'hidden_continuous_size': 14, 'attention_head_size': 3, 'learning_rate': 0.023154148059826074}. Best is trial 16 with value: 0.27628418803215027.
LOCAL_RANK: 0 - CUDA_VISIBLE_DEVICES: [0]
[I 2023-11-30 09:11:34,186] Trial 18 finished with value: 0.4188864529132843 and parameters: {'gradient_clip_val': 0.6384587307604869, 'hidden_size': 34, 'dropout': 0.1879561700003085, 'hidden_continuous_size': 15, 'attention_head_size': 3, 'learning_rate': 0.05229512958296885}. Best is trial 16 with value: 0.27628418803215027.
LOCAL_RANK: 0 - CUDA_VISIBLE_DEVICES: [0]
[I 2023-11-30 09:11:46,884] Trial 19 finished with value: 0.29864901304244995 and parameters: {'gradient_clip_val': 0.3594508970991017, 'hidden_size': 29, 'dropout': 0.3028636969744829, 'hidden_continuous_size': 16, 'attention_head_size': 4, 'learning_rate': 0.03421994401178134}. Best is trial 16 with value: 0.27628418803215027.
LOCAL_RANK: 0 - CUDA_VISIBLE_DEVICES: [0]
[I 2023-11-30 09:11:59,397] Trial 20 finished with value: 0.825938880443573 and parameters: {'gradient_clip_val': 0.3126249580133632, 'hidden_size': 29, 'dropout': 0.30634053122784405, 'hidden_continuous_size': 15, 'attention_head_size': 4, 'learning_rate': 0.012290087132918518}. Best is trial 16 with value: 0.27628418803215027.
LOCAL_RANK: 0 - CUDA_VISIBLE_DEVICES: [0]
[I 2023-11-30 09:12:12,469] Trial 21 finished with value: 0.49354854226112366 and parameters: {'gradient_clip_val': 0.39848041076797186, 'hidden_size': 46, 'dropout': 0.26133975145610666, 'hidden_continuous_size': 18, 'attention_head_size': 4, 'learning_rate': 0.027080430940415283}. Best is trial 16 with value: 0.27628418803215027.
LOCAL_RANK: 0 - CUDA_VISIBLE_DEVICES: [0]
[I 2023-11-30 09:12:25,011] Trial 22 finished with value: 0.22853602468967438 and parameters: {'gradient_clip_val': 0.6305744029362816, 'hidden_size': 27, 'dropout': 0.29292379910138144, 'hidden_continuous_size': 16, 'attention_head_size': 3, 'learning_rate': 0.06378812540601139}. Best is trial 22 with value: 0.22853602468967438.
LOCAL_RANK: 0 - CUDA_VISIBLE_DEVICES: [0]
[I 2023-11-30 09:12:37,641] Trial 23 finished with value: 0.39182019233703613 and parameters: {'gradient_clip_val': 0.5752613942135845, 'hidden_size': 28, 'dropout': 0.30016326057083115, 'hidden_continuous_size': 16, 'attention_head_size': 3, 'learning_rate': 0.038600870544036645}. Best is trial 22 with value: 0.22853602468967438.
LOCAL_RANK: 0 - CUDA_VISIBLE_DEVICES: [0]
[I 2023-11-30 09:12:50,492] Trial 24 finished with value: 0.3431835174560547 and parameters: {'gradient_clip_val': 0.45246792424893506, 'hidden_size': 38, 'dropout': 0.3309497967694633, 'hidden_continuous_size': 13, 'attention_head_size': 4, 'learning_rate': 0.05747176994411139}. Best is trial 22 with value: 0.22853602468967438.
LOCAL_RANK: 0 - CUDA_VISIBLE_DEVICES: [0]
[I 2023-11-30 09:13:02,999] Trial 25 finished with value: 0.4093809425830841 and parameters: {'gradient_clip_val': 0.5682822038585065, 'hidden_size': 26, 'dropout': 0.289011900013437, 'hidden_continuous_size': 16, 'attention_head_size': 3, 'learning_rate': 0.03387602316077571}. Best is trial 22 with value: 0.22853602468967438.
LOCAL_RANK: 0 - CUDA_VISIBLE_DEVICES: [0]
[I 2023-11-30 09:13:15,484] Trial 26 finished with value: 0.4362470209598541 and parameters: {'gradient_clip_val': 0.3597473706194237, 'hidden_size': 22, 'dropout': 0.3292878884456548, 'hidden_continuous_size': 12, 'attention_head_size': 4, 'learning_rate': 0.06469854647250986}. Best is trial 22 with value: 0.22853602468967438.
LOCAL_RANK: 0 - CUDA_VISIBLE_DEVICES: [0]
[I 2023-11-30 09:13:28,082] Trial 27 finished with value: 0.38226279616355896 and parameters: {'gradient_clip_val': 0.2812251943613861, 'hidden_size': 34, 'dropout': 0.2849132164127117, 'hidden_continuous_size': 16, 'attention_head_size': 3, 'learning_rate': 0.035708871754966794}. Best is trial 22 with value: 0.22853602468967438.
LOCAL_RANK: 0 - CUDA_VISIBLE_DEVICES: [0]
[I 2023-11-30 09:13:40,861] Trial 28 finished with value: 0.3574468791484833 and parameters: {'gradient_clip_val': 0.6567368492732979, 'hidden_size': 39, 'dropout': 0.2590598005293204, 'hidden_continuous_size': 20, 'attention_head_size': 2, 'learning_rate': 0.02203943544664194}. Best is trial 22 with value: 0.22853602468967438.
LOCAL_RANK: 0 - CUDA_VISIBLE_DEVICES: [0]
[I 2023-11-30 09:13:53,119] Trial 29 finished with value: 0.29388535022735596 and parameters: {'gradient_clip_val': 0.49124101920233537, 'hidden_size': 19, 'dropout': 0.3338682399017495, 'hidden_continuous_size': 11, 'attention_head_size': 1, 'learning_rate': 0.06822423926108483}. Best is trial 22 with value: 0.22853602468967438.
LOCAL_RANK: 0 - CUDA_VISIBLE_DEVICES: [0]
[I 2023-11-30 09:14:05,257] Trial 30 finished with value: 0.517859697341919 and parameters: {'gradient_clip_val': 0.4987298024064238, 'hidden_size': 18, 'dropout': 0.3949516516626814, 'hidden_continuous_size': 11, 'attention_head_size': 1, 'learning_rate': 0.06361466701749631}. Best is trial 22 with value: 0.22853602468967438.
LOCAL_RANK: 0 - CUDA_VISIBLE_DEVICES: [0]
[I 2023-11-30 09:14:17,205] Trial 31 finished with value: 0.36446061730384827 and parameters: {'gradient_clip_val': 0.4191408301105717, 'hidden_size': 20, 'dropout': 0.3317987526241483, 'hidden_continuous_size': 13, 'attention_head_size': 1, 'learning_rate': 0.0685791262334714}. Best is trial 22 with value: 0.22853602468967438.
LOCAL_RANK: 0 - CUDA_VISIBLE_DEVICES: [0]
[I 2023-11-30 09:14:29,397] Trial 32 finished with value: 0.5239046812057495 and parameters: {'gradient_clip_val': 0.5454340629967481, 'hidden_size': 15, 'dropout': 0.29896914286726506, 'hidden_continuous_size': 11, 'attention_head_size': 2, 'learning_rate': 0.040796865132459254}. Best is trial 22 with value: 0.22853602468967438.
LOCAL_RANK: 0 - CUDA_VISIBLE_DEVICES: [0]
[I 2023-11-30 09:14:41,605] Trial 33 finished with value: 0.5797446966171265 and parameters: {'gradient_clip_val': 0.260340331129445, 'hidden_size': 25, 'dropout': 0.30972786929144014, 'hidden_continuous_size': 14, 'attention_head_size': 1, 'learning_rate': 0.07124742359789948}. Best is trial 22 with value: 0.22853602468967438.
LOCAL_RANK: 0 - CUDA_VISIBLE_DEVICES: [0]
[I 2023-11-30 09:14:54,478] Trial 34 finished with value: 0.8113166689872742 and parameters: {'gradient_clip_val': 0.35890216695833654, 'hidden_size': 30, 'dropout': 0.3237941535506241, 'hidden_continuous_size': 13, 'attention_head_size': 4, 'learning_rate': 0.029538520011218965}. Best is trial 22 with value: 0.22853602468967438.
LOCAL_RANK: 0 - CUDA_VISIBLE_DEVICES: [0]
[I 2023-11-30 09:15:06,641] Trial 35 finished with value: 0.4906388223171234 and parameters: {'gradient_clip_val': 0.44952037701303815, 'hidden_size': 22, 'dropout': 0.27564159260685817, 'hidden_continuous_size': 10, 'attention_head_size': 3, 'learning_rate': 0.046474252832276526}. Best is trial 22 with value: 0.22853602468967438.
LOCAL_RANK: 0 - CUDA_VISIBLE_DEVICES: [0]
[I 2023-11-30 09:15:19,030] Trial 36 finished with value: 0.5619745850563049 and parameters: {'gradient_clip_val': 0.8086397402513791, 'hidden_size': 30, 'dropout': 0.3446741659634636, 'hidden_continuous_size': 15, 'attention_head_size': 2, 'learning_rate': 0.01996445971883653}. Best is trial 22 with value: 0.22853602468967438.
LOCAL_RANK: 0 - CUDA_VISIBLE_DEVICES: [0]
[I 2023-11-30 09:15:31,494] Trial 37 finished with value: 1.8032022714614868 and parameters: {'gradient_clip_val': 0.5290500070036973, 'hidden_size': 17, 'dropout': 0.29818857637955554, 'hidden_continuous_size': 10, 'attention_head_size': 4, 'learning_rate': 0.009189852903555475}. Best is trial 22 with value: 0.22853602468967438.
LOCAL_RANK: 0 - CUDA_VISIBLE_DEVICES: [0]
[I 2023-11-30 09:15:43,661] Trial 38 finished with value: 0.42460736632347107 and parameters: {'gradient_clip_val': 0.6025393615689268, 'hidden_size': 25, 'dropout': 0.284150543822041, 'hidden_continuous_size': 14, 'attention_head_size': 3, 'learning_rate': 0.029845733826881864}. Best is trial 22 with value: 0.22853602468967438.
LOCAL_RANK: 0 - CUDA_VISIBLE_DEVICES: [0]
[I 2023-11-30 09:15:55,966] Trial 39 finished with value: 0.3663683235645294 and parameters: {'gradient_clip_val': 0.49901478811781014, 'hidden_size': 21, 'dropout': 0.3156877356729746, 'hidden_continuous_size': 11, 'attention_head_size': 1, 'learning_rate': 0.07792175776945152}. Best is trial 22 with value: 0.22853602468967438.
LOCAL_RANK: 0 - CUDA_VISIBLE_DEVICES: [0]
[I 2023-11-30 09:16:08,113] Trial 40 finished with value: 0.5891327857971191 and parameters: {'gradient_clip_val': 0.6251272098943311, 'hidden_size': 15, 'dropout': 0.26055283854864464, 'hidden_continuous_size': 11, 'attention_head_size': 4, 'learning_rate': 0.054890306517307835}. Best is trial 22 with value: 0.22853602468967438.
LOCAL_RANK: 0 - CUDA_VISIBLE_DEVICES: [0]
[I 2023-11-30 09:16:20,896] Trial 41 finished with value: 0.4288198947906494 and parameters: {'gradient_clip_val': 0.4472127660620768, 'hidden_size': 39, 'dropout': 0.34049685176109934, 'hidden_continuous_size': 13, 'attention_head_size': 4, 'learning_rate': 0.058039909933857686}. Best is trial 22 with value: 0.22853602468967438.
LOCAL_RANK: 0 - CUDA_VISIBLE_DEVICES: [0]
[I 2023-11-30 09:16:33,342] Trial 42 finished with value: 0.38675567507743835 and parameters: {'gradient_clip_val': 0.43189449037403776, 'hidden_size': 32, 'dropout': 0.3261719245053887, 'hidden_continuous_size': 17, 'attention_head_size': 4, 'learning_rate': 0.07555268077474094}. Best is trial 22 with value: 0.22853602468967438.
LOCAL_RANK: 0 - CUDA_VISIBLE_DEVICES: [0]
[I 2023-11-30 09:16:46,293] Trial 43 finished with value: 0.25583741068840027 and parameters: {'gradient_clip_val': 0.7241004610486251, 'hidden_size': 43, 'dropout': 0.34599609073166093, 'hidden_continuous_size': 12, 'attention_head_size': 4, 'learning_rate': 0.04106238799763227}. Best is trial 22 with value: 0.22853602468967438.
LOCAL_RANK: 0 - CUDA_VISIBLE_DEVICES: [0]
[I 2023-11-30 09:16:59,331] Trial 44 finished with value: 0.3459150791168213 and parameters: {'gradient_clip_val': 0.7299470297895893, 'hidden_size': 43, 'dropout': 0.35146573804019415, 'hidden_continuous_size': 12, 'attention_head_size': 4, 'learning_rate': 0.04013946401233512}. Best is trial 22 with value: 0.22853602468967438.
LOCAL_RANK: 0 - CUDA_VISIBLE_DEVICES: [0]
[I 2023-11-30 09:17:11,830] Trial 45 finished with value: 0.5567849278450012 and parameters: {'gradient_clip_val': 0.7160858767238614, 'hidden_size': 27, 'dropout': 0.37545977280244525, 'hidden_continuous_size': 15, 'attention_head_size': 3, 'learning_rate': 0.04574110808344995}. Best is trial 22 with value: 0.22853602468967438.
LOCAL_RANK: 0 - CUDA_VISIBLE_DEVICES: [0]
[I 2023-11-30 09:17:24,712] Trial 46 finished with value: 0.32734254002571106 and parameters: {'gradient_clip_val': 0.8569116543509165, 'hidden_size': 33, 'dropout': 0.3167779200398581, 'hidden_continuous_size': 19, 'attention_head_size': 3, 'learning_rate': 0.08029104348698536}. Best is trial 22 with value: 0.22853602468967438.
LOCAL_RANK: 0 - CUDA_VISIBLE_DEVICES: [0]
[I 2023-11-30 09:17:37,633] Trial 47 finished with value: 0.34863147139549255 and parameters: {'gradient_clip_val': 0.5143109201294276, 'hidden_size': 44, 'dropout': 0.34676004751277295, 'hidden_continuous_size': 12, 'attention_head_size': 4, 'learning_rate': 0.03358792176917789}. Best is trial 22 with value: 0.22853602468967438.
LOCAL_RANK: 0 - CUDA_VISIBLE_DEVICES: [0]
[I 2023-11-30 09:17:50,509] Trial 48 finished with value: 0.26841428875923157 and parameters: {'gradient_clip_val': 0.5671657198628142, 'hidden_size': 52, 'dropout': 0.36014941969231035, 'hidden_continuous_size': 23, 'attention_head_size': 2, 'learning_rate': 0.08757994065514399}. Best is trial 22 with value: 0.22853602468967438.
LOCAL_RANK: 0 - CUDA_VISIBLE_DEVICES: [0]
[I 2023-11-30 09:18:03,778] Trial 49 finished with value: 0.36223626136779785 and parameters: {'gradient_clip_val': 0.6894638387450596, 'hidden_size': 56, 'dropout': 0.3684719062455289, 'hidden_continuous_size': 22, 'attention_head_size': 2, 'learning_rate': 0.08914046033624488}. Best is trial 22 with value: 0.22853602468967438.
LOCAL_RANK: 0 - CUDA_VISIBLE_DEVICES: [0]
[I 2023-11-30 09:18:16,980] Trial 50 finished with value: 0.40977942943573 and parameters: {'gradient_clip_val': 0.601901962558236, 'hidden_size': 51, 'dropout': 0.38514029997978194, 'hidden_continuous_size': 24, 'attention_head_size': 1, 'learning_rate': 0.06425120444495852}. Best is trial 22 with value: 0.22853602468967438.
LOCAL_RANK: 0 - CUDA_VISIBLE_DEVICES: [0]
[I 2023-11-30 09:18:29,712] Trial 51 finished with value: 0.24386270344257355 and parameters: {'gradient_clip_val': 0.5608107450283741, 'hidden_size': 38, 'dropout': 0.35799723505278497, 'hidden_continuous_size': 17, 'attention_head_size': 2, 'learning_rate': 0.052026179763750964}. Best is trial 22 with value: 0.22853602468967438.
LOCAL_RANK: 0 - CUDA_VISIBLE_DEVICES: [0]
[I 2023-11-30 09:18:42,616] Trial 52 finished with value: 0.32103797793388367 and parameters: {'gradient_clip_val': 0.7938486642107752, 'hidden_size': 42, 'dropout': 0.3557790500476974, 'hidden_continuous_size': 19, 'attention_head_size': 2, 'learning_rate': 0.0918003937494789}. Best is trial 22 with value: 0.22853602468967438.
LOCAL_RANK: 0 - CUDA_VISIBLE_DEVICES: [0]
[I 2023-11-30 09:18:55,157] Trial 53 finished with value: 0.4707823097705841 and parameters: {'gradient_clip_val': 0.5483462579130257, 'hidden_size': 36, 'dropout': 0.3597576042033379, 'hidden_continuous_size': 17, 'attention_head_size': 2, 'learning_rate': 0.05066717615771119}. Best is trial 22 with value: 0.22853602468967438.
LOCAL_RANK: 0 - CUDA_VISIBLE_DEVICES: [0]
[I 2023-11-30 09:19:08,355] Trial 54 finished with value: 0.31098946928977966 and parameters: {'gradient_clip_val': 0.6683153484962676, 'hidden_size': 50, 'dropout': 0.3725032421390249, 'hidden_continuous_size': 23, 'attention_head_size': 2, 'learning_rate': 0.0960408606131628}. Best is trial 22 with value: 0.22853602468967438.
LOCAL_RANK: 0 - CUDA_VISIBLE_DEVICES: [0]
[I 2023-11-30 09:19:21,517] Trial 55 finished with value: 0.3956063985824585 and parameters: {'gradient_clip_val': 0.5983811930784224, 'hidden_size': 59, 'dropout': 0.3376907914060621, 'hidden_continuous_size': 20, 'attention_head_size': 2, 'learning_rate': 0.07588663477033504}. Best is trial 22 with value: 0.22853602468967438.
LOCAL_RANK: 0 - CUDA_VISIBLE_DEVICES: [0]
[I 2023-11-30 09:19:34,885] Trial 56 finished with value: 0.28484073281288147 and parameters: {'gradient_clip_val': 0.7387958176667269, 'hidden_size': 69, 'dropout': 0.3525760398754033, 'hidden_continuous_size': 26, 'attention_head_size': 1, 'learning_rate': 0.056460341651108394}. Best is trial 22 with value: 0.22853602468967438.
LOCAL_RANK: 0 - CUDA_VISIBLE_DEVICES: [0]
[I 2023-11-30 09:19:48,273] Trial 57 finished with value: 0.2512464225292206 and parameters: {'gradient_clip_val': 0.8715541539031023, 'hidden_size': 67, 'dropout': 0.3830226001864939, 'hidden_continuous_size': 26, 'attention_head_size': 2, 'learning_rate': 0.043057958487598386}. Best is trial 22 with value: 0.22853602468967438.
LOCAL_RANK: 0 - CUDA_VISIBLE_DEVICES: [0]
[I 2023-11-30 09:20:01,845] Trial 58 finished with value: 0.4029945433139801 and parameters: {'gradient_clip_val': 0.9174977843323489, 'hidden_size': 74, 'dropout': 0.39989775703751784, 'hidden_continuous_size': 27, 'attention_head_size': 2, 'learning_rate': 0.0429498237340855}. Best is trial 22 with value: 0.22853602468967438.
LOCAL_RANK: 0 - CUDA_VISIBLE_DEVICES: [0]
[I 2023-11-30 09:20:14,860] Trial 59 finished with value: 0.4110727310180664 and parameters: {'gradient_clip_val': 0.8737508180525552, 'hidden_size': 54, 'dropout': 0.38081440257274435, 'hidden_continuous_size': 23, 'attention_head_size': 2, 'learning_rate': 0.05015219260119519}. Best is trial 22 with value: 0.22853602468967438.
LOCAL_RANK: 0 - CUDA_VISIBLE_DEVICES: [0]
[I 2023-11-30 09:20:28,006] Trial 60 finished with value: 0.8214207291603088 and parameters: {'gradient_clip_val': 0.7858782570753471, 'hidden_size': 49, 'dropout': 0.38603415019312565, 'hidden_continuous_size': 21, 'attention_head_size': 2, 'learning_rate': 0.025822451610988405}. Best is trial 22 with value: 0.22853602468967438.
LOCAL_RANK: 0 - CUDA_VISIBLE_DEVICES: [0]
[I 2023-11-30 09:20:41,386] Trial 61 finished with value: 0.5487457513809204 and parameters: {'gradient_clip_val': 0.7433418347242562, 'hidden_size': 65, 'dropout': 0.3641644622409344, 'hidden_continuous_size': 27, 'attention_head_size': 2, 'learning_rate': 0.056487279842917355}. Best is trial 22 with value: 0.22853602468967438.
LOCAL_RANK: 0 - CUDA_VISIBLE_DEVICES: [0]
[I 2023-11-30 09:20:55,014] Trial 62 finished with value: 0.3039509356021881 and parameters: {'gradient_clip_val': 0.6610074706098282, 'hidden_size': 70, 'dropout': 0.35365845784091593, 'hidden_continuous_size': 25, 'attention_head_size': 3, 'learning_rate': 0.039664981594599844}. Best is trial 22 with value: 0.22853602468967438.
LOCAL_RANK: 0 - CUDA_VISIBLE_DEVICES: [0]
[I 2023-11-30 09:21:08,672] Trial 63 finished with value: 0.306661993265152 and parameters: {'gradient_clip_val': 0.7630527540014247, 'hidden_size': 88, 'dropout': 0.36489900977014245, 'hidden_continuous_size': 34, 'attention_head_size': 2, 'learning_rate': 0.05941177814223963}. Best is trial 22 with value: 0.22853602468967438.
LOCAL_RANK: 0 - CUDA_VISIBLE_DEVICES: [0]
[I 2023-11-30 09:21:21,647] Trial 64 finished with value: 0.5148211121559143 and parameters: {'gradient_clip_val': 0.8990309949636912, 'hidden_size': 46, 'dropout': 0.3752469789361651, 'hidden_continuous_size': 21, 'attention_head_size': 3, 'learning_rate': 0.04853102694215827}. Best is trial 22 with value: 0.22853602468967438.
LOCAL_RANK: 0 - CUDA_VISIBLE_DEVICES: [0]
[I 2023-11-30 09:21:35,032] Trial 65 finished with value: 0.25310948491096497 and parameters: {'gradient_clip_val': 0.698167442033773, 'hidden_size': 57, 'dropout': 0.3464481662361817, 'hidden_continuous_size': 19, 'attention_head_size': 3, 'learning_rate': 0.08169248890108352}. Best is trial 22 with value: 0.22853602468967438.
LOCAL_RANK: 0 - CUDA_VISIBLE_DEVICES: [0]
[I 2023-11-30 09:21:48,059] Trial 66 finished with value: 0.2261955589056015 and parameters: {'gradient_clip_val': 0.6822127059921398, 'hidden_size': 57, 'dropout': 0.34347120038875073, 'hidden_continuous_size': 17, 'attention_head_size': 3, 'learning_rate': 0.0793284004693068}. Best is trial 66 with value: 0.2261955589056015.
LOCAL_RANK: 0 - CUDA_VISIBLE_DEVICES: [0]
[I 2023-11-30 09:22:01,284] Trial 67 finished with value: 0.5112389922142029 and parameters: {'gradient_clip_val': 0.6888381186026603, 'hidden_size': 58, 'dropout': 0.36279800511591154, 'hidden_continuous_size': 17, 'attention_head_size': 3, 'learning_rate': 0.08355129491706957}. Best is trial 66 with value: 0.2261955589056015.
LOCAL_RANK: 0 - CUDA_VISIBLE_DEVICES: [0]
[I 2023-11-30 09:22:14,237] Trial 68 finished with value: 0.6839763522148132 and parameters: {'gradient_clip_val': 0.8157233896698092, 'hidden_size': 54, 'dropout': 0.3408860434815332, 'hidden_continuous_size': 19, 'attention_head_size': 3, 'learning_rate': 0.09991115342512358}. Best is trial 66 with value: 0.2261955589056015.
LOCAL_RANK: 0 - CUDA_VISIBLE_DEVICES: [0]
[I 2023-11-30 09:22:27,140] Trial 69 finished with value: 0.250417023897171 and parameters: {'gradient_clip_val': 0.9504903608811314, 'hidden_size': 47, 'dropout': 0.3239078152892819, 'hidden_continuous_size': 18, 'attention_head_size': 3, 'learning_rate': 0.06925720072272758}. Best is trial 66 with value: 0.2261955589056015.
LOCAL_RANK: 0 - CUDA_VISIBLE_DEVICES: [0]
[I 2023-11-30 09:22:40,142] Trial 70 finished with value: 0.2925158739089966 and parameters: {'gradient_clip_val': 0.9514746647958889, 'hidden_size': 40, 'dropout': 0.32208377658870335, 'hidden_continuous_size': 18, 'attention_head_size': 3, 'learning_rate': 0.0718010944000445}. Best is trial 66 with value: 0.2261955589056015.
LOCAL_RANK: 0 - CUDA_VISIBLE_DEVICES: [0]
[I 2023-11-30 09:22:52,998] Trial 71 finished with value: 0.28950467705726624 and parameters: {'gradient_clip_val': 0.8461401354084024, 'hidden_size': 47, 'dropout': 0.342955570659466, 'hidden_continuous_size': 17, 'attention_head_size': 3, 'learning_rate': 0.08413377145436395}. Best is trial 66 with value: 0.2261955589056015.
LOCAL_RANK: 0 - CUDA_VISIBLE_DEVICES: [0]
[I 2023-11-30 09:23:06,161] Trial 72 finished with value: 0.352463960647583 and parameters: {'gradient_clip_val': 0.9649768880473257, 'hidden_size': 60, 'dropout': 0.3343971751708702, 'hidden_continuous_size': 20, 'attention_head_size': 3, 'learning_rate': 0.06603352537901418}. Best is trial 66 with value: 0.2261955589056015.
LOCAL_RANK: 0 - CUDA_VISIBLE_DEVICES: [0]
[I 2023-11-30 09:23:19,070] Trial 73 finished with value: 0.32170331478118896 and parameters: {'gradient_clip_val': 0.900165137405792, 'hidden_size': 52, 'dropout': 0.3506775422925671, 'hidden_continuous_size': 18, 'attention_head_size': 2, 'learning_rate': 0.0814406041490366}. Best is trial 66 with value: 0.2261955589056015.
LOCAL_RANK: 0 - CUDA_VISIBLE_DEVICES: [0]
