[I 2023-11-30 12:11:12,426] Trial 79 finished with value: 1.2246989011764526 and parameters: {'gradient_clip_val': 0.8018042843431893, 'hidden_size': 38, 'dropout': 0.3922330637823462, 'hidden_continuous_size': 12, 'attention_head_size': 4, 'learning_rate': 0.006466930258555749}. Best is trial 66 with value: 1.220376968383789.
LOCAL_RANK: 0 - CUDA_VISIBLE_DEVICES: [0]
[I 2023-11-30 12:11:24,981] Trial 80 finished with value: 1.2332128286361694 and parameters: {'gradient_clip_val': 0.7969633966454437, 'hidden_size': 27, 'dropout': 0.3527663687342748, 'hidden_continuous_size': 12, 'attention_head_size': 4, 'learning_rate': 0.010800093467759191}. Best is trial 66 with value: 1.220376968383789.
LOCAL_RANK: 0 - CUDA_VISIBLE_DEVICES: [0]
[I 2023-11-30 12:11:37,405] Trial 81 finished with value: 1.4698166847229004 and parameters: {'gradient_clip_val': 0.8083737572112147, 'hidden_size': 27, 'dropout': 0.35308505649672395, 'hidden_continuous_size': 11, 'attention_head_size': 4, 'learning_rate': 0.010263485140141781}. Best is trial 66 with value: 1.220376968383789.
LOCAL_RANK: 0 - CUDA_VISIBLE_DEVICES: [0]
[I 2023-11-30 12:11:49,905] Trial 82 finished with value: 1.376381754875183 and parameters: {'gradient_clip_val': 0.8939736549463166, 'hidden_size': 22, 'dropout': 0.371334525643842, 'hidden_continuous_size': 12, 'attention_head_size': 4, 'learning_rate': 0.006780984975398728}. Best is trial 66 with value: 1.220376968383789.
LOCAL_RANK: 0 - CUDA_VISIBLE_DEVICES: [0]
[I 2023-11-30 12:12:02,609] Trial 83 finished with value: 1.2854890823364258 and parameters: {'gradient_clip_val': 0.8024577223945951, 'hidden_size': 30, 'dropout': 0.3931660785285724, 'hidden_continuous_size': 13, 'attention_head_size': 4, 'learning_rate': 0.008668648372377475}. Best is trial 66 with value: 1.220376968383789.
LOCAL_RANK: 0 - CUDA_VISIBLE_DEVICES: [0]
[I 2023-11-30 12:12:15,331] Trial 84 finished with value: 1.6747175455093384 and parameters: {'gradient_clip_val': 0.9664185366222919, 'hidden_size': 27, 'dropout': 0.3430581266446637, 'hidden_continuous_size': 12, 'attention_head_size': 4, 'learning_rate': 0.011302702893779515}. Best is trial 66 with value: 1.220376968383789.
LOCAL_RANK: 0 - CUDA_VISIBLE_DEVICES: [0]
[I 2023-11-30 12:12:28,097] Trial 85 finished with value: 1.1506518125534058 and parameters: {'gradient_clip_val': 0.7540292165162578, 'hidden_size': 38, 'dropout': 0.3825541771597891, 'hidden_continuous_size': 13, 'attention_head_size': 4, 'learning_rate': 0.0065022219038122185}. Best is trial 85 with value: 1.1506518125534058.
LOCAL_RANK: 0 - CUDA_VISIBLE_DEVICES: [0]
[I 2023-11-30 12:12:40,827] Trial 86 finished with value: 1.2587957382202148 and parameters: {'gradient_clip_val': 0.6156647902178626, 'hidden_size': 38, 'dropout': 0.3583552152308375, 'hidden_continuous_size': 13, 'attention_head_size': 4, 'learning_rate': 0.006057270760438555}. Best is trial 85 with value: 1.1506518125534058.
LOCAL_RANK: 0 - CUDA_VISIBLE_DEVICES: [0]
[I 2023-11-30 12:12:53,578] Trial 87 finished with value: 1.2572667598724365 and parameters: {'gradient_clip_val': 0.8729816774411936, 'hidden_size': 34, 'dropout': 0.38167621610425934, 'hidden_continuous_size': 11, 'attention_head_size': 4, 'learning_rate': 0.008067691125079008}. Best is trial 85 with value: 1.1506518125534058.
LOCAL_RANK: 0 - CUDA_VISIBLE_DEVICES: [0]
[I 2023-11-30 12:13:06,160] Trial 88 finished with value: 1.4099607467651367 and parameters: {'gradient_clip_val': 0.9976683219861605, 'hidden_size': 36, 'dropout': 0.39297474056578063, 'hidden_continuous_size': 12, 'attention_head_size': 4, 'learning_rate': 0.01240085922577996}. Best is trial 85 with value: 1.1506518125534058.
LOCAL_RANK: 0 - CUDA_VISIBLE_DEVICES: [0]
[I 2023-11-30 12:13:18,834] Trial 89 finished with value: 1.4431592226028442 and parameters: {'gradient_clip_val': 0.7534603917805353, 'hidden_size': 25, 'dropout': 0.36741069618827765, 'hidden_continuous_size': 14, 'attention_head_size': 3, 'learning_rate': 0.010403218160586241}. Best is trial 85 with value: 1.1506518125534058.
LOCAL_RANK: 0 - CUDA_VISIBLE_DEVICES: [0]
[I 2023-11-30 12:13:31,528] Trial 90 finished with value: 1.3757624626159668 and parameters: {'gradient_clip_val': 0.6427559607122985, 'hidden_size': 31, 'dropout': 0.35026024031010367, 'hidden_continuous_size': 13, 'attention_head_size': 4, 'learning_rate': 0.009341401973809086}. Best is trial 85 with value: 1.1506518125534058.
LOCAL_RANK: 0 - CUDA_VISIBLE_DEVICES: [0]
[I 2023-11-30 12:13:44,396] Trial 91 finished with value: 1.3206785917282104 and parameters: {'gradient_clip_val': 0.8225064443253014, 'hidden_size': 42, 'dropout': 0.3808171884558527, 'hidden_continuous_size': 11, 'attention_head_size': 4, 'learning_rate': 0.0068531128928613575}. Best is trial 85 with value: 1.1506518125534058.
LOCAL_RANK: 0 - CUDA_VISIBLE_DEVICES: [0]
[I 2023-11-30 12:13:56,650] Trial 92 finished with value: 1.3671761751174927 and parameters: {'gradient_clip_val': 0.7691959847768197, 'hidden_size': 24, 'dropout': 0.3999091400103062, 'hidden_continuous_size': 14, 'attention_head_size': 4, 'learning_rate': 0.007754893193340586}. Best is trial 85 with value: 1.1506518125534058.
LOCAL_RANK: 0 - CUDA_VISIBLE_DEVICES: [0]
[I 2023-11-30 12:14:09,196] Trial 93 finished with value: 1.6349140405654907 and parameters: {'gradient_clip_val': 0.6845122710424355, 'hidden_size': 32, 'dropout': 0.37357665671010704, 'hidden_continuous_size': 13, 'attention_head_size': 4, 'learning_rate': 0.005613457842616183}. Best is trial 85 with value: 1.1506518125534058.
LOCAL_RANK: 0 - CUDA_VISIBLE_DEVICES: [0]
[I 2023-11-30 12:14:22,247] Trial 94 finished with value: 1.2672969102859497 and parameters: {'gradient_clip_val': 0.8840391587690591, 'hidden_size': 39, 'dropout': 0.38550780335936863, 'hidden_continuous_size': 12, 'attention_head_size': 4, 'learning_rate': 0.006671774199983585}. Best is trial 85 with value: 1.1506518125534058.
LOCAL_RANK: 0 - CUDA_VISIBLE_DEVICES: [0]
[I 2023-11-30 12:14:34,691] Trial 95 finished with value: 1.5060977935791016 and parameters: {'gradient_clip_val': 0.8285734315431922, 'hidden_size': 28, 'dropout': 0.3621361621605315, 'hidden_continuous_size': 15, 'attention_head_size': 4, 'learning_rate': 0.009402531446060458}. Best is trial 85 with value: 1.1506518125534058.
LOCAL_RANK: 0 - CUDA_VISIBLE_DEVICES: [0]
[I 2023-11-30 12:14:47,050] Trial 96 finished with value: 1.4559135437011719 and parameters: {'gradient_clip_val': 0.943841722310154, 'hidden_size': 20, 'dropout': 0.36963144174743157, 'hidden_continuous_size': 14, 'attention_head_size': 4, 'learning_rate': 0.011420305433834004}. Best is trial 85 with value: 1.1506518125534058.
LOCAL_RANK: 0 - CUDA_VISIBLE_DEVICES: [0]
[I 2023-11-30 12:14:59,429] Trial 97 finished with value: 1.3574228286743164 and parameters: {'gradient_clip_val': 0.7286166096506964, 'hidden_size': 23, 'dropout': 0.38903757501210745, 'hidden_continuous_size': 13, 'attention_head_size': 2, 'learning_rate': 0.013260894381983137}. Best is trial 85 with value: 1.1506518125534058.
LOCAL_RANK: 0 - CUDA_VISIBLE_DEVICES: [0]
[I 2023-11-30 12:15:12,469] Trial 98 finished with value: 1.2967288494110107 and parameters: {'gradient_clip_val': 0.8986264971378266, 'hidden_size': 41, 'dropout': 0.35504584903703734, 'hidden_continuous_size': 16, 'attention_head_size': 4, 'learning_rate': 0.006188019888632515}. Best is trial 85 with value: 1.1506518125534058.
LOCAL_RANK: 0 - CUDA_VISIBLE_DEVICES: [0]
[I 2023-11-30 12:15:25,592] Trial 99 finished with value: 1.358884334564209 and parameters: {'gradient_clip_val': 0.777353342474355, 'hidden_size': 34, 'dropout': 0.3747356715677644, 'hidden_continuous_size': 20, 'attention_head_size': 4, 'learning_rate': 0.007935454268859046}. Best is trial 85 with value: 1.1506518125534058.
LOCAL_RANK: 0 - CUDA_VISIBLE_DEVICES: [0]
[I 2023-11-30 12:15:38,291] Trial 100 finished with value: 1.2838071584701538 and parameters: {'gradient_clip_val': 0.6728735498481881, 'hidden_size': 36, 'dropout': 0.39356429810950383, 'hidden_continuous_size': 14, 'attention_head_size': 4, 'learning_rate': 0.005378624030542172}. Best is trial 85 with value: 1.1506518125534058.
LOCAL_RANK: 0 - CUDA_VISIBLE_DEVICES: [0]
[I 2023-11-30 12:15:51,243] Trial 101 finished with value: 1.4360870122909546 and parameters: {'gradient_clip_val': 0.7170336686564176, 'hidden_size': 39, 'dropout': 0.3885943197082291, 'hidden_continuous_size': 19, 'attention_head_size': 4, 'learning_rate': 0.004593765367496033}. Best is trial 85 with value: 1.1506518125534058.
LOCAL_RANK: 0 - CUDA_VISIBLE_DEVICES: [0]
[I 2023-11-30 12:16:04,224] Trial 102 finished with value: 1.3378586769104004 and parameters: {'gradient_clip_val': 0.7433100485336149, 'hidden_size': 48, 'dropout': 0.38021699659647556, 'hidden_continuous_size': 21, 'attention_head_size': 4, 'learning_rate': 0.007310790801837581}. Best is trial 85 with value: 1.1506518125534058.
LOCAL_RANK: 0 - CUDA_VISIBLE_DEVICES: [0]
[I 2023-11-30 12:16:17,403] Trial 103 finished with value: 1.3106850385665894 and parameters: {'gradient_clip_val': 0.8465134088042227, 'hidden_size': 43, 'dropout': 0.384018770881329, 'hidden_continuous_size': 19, 'attention_head_size': 4, 'learning_rate': 0.01011045563902688}. Best is trial 85 with value: 1.1506518125534058.
LOCAL_RANK: 0 - CUDA_VISIBLE_DEVICES: [0]
[I 2023-11-30 12:16:30,528] Trial 104 finished with value: 1.3876533508300781 and parameters: {'gradient_clip_val': 0.803299150999723, 'hidden_size': 41, 'dropout': 0.36349495472306476, 'hidden_continuous_size': 18, 'attention_head_size': 4, 'learning_rate': 0.00844542200230757}. Best is trial 85 with value: 1.1506518125534058.
LOCAL_RANK: 0 - CUDA_VISIBLE_DEVICES: [0]
[I 2023-11-30 12:16:43,680] Trial 105 finished with value: 1.254030704498291 and parameters: {'gradient_clip_val': 0.6585786164656546, 'hidden_size': 52, 'dropout': 0.37602035612040124, 'hidden_continuous_size': 17, 'attention_head_size': 4, 'learning_rate': 0.0052254707037106985}. Best is trial 85 with value: 1.1506518125534058.
LOCAL_RANK: 0 - CUDA_VISIBLE_DEVICES: [0]
[I 2023-11-30 12:16:56,846] Trial 106 finished with value: 1.3315767049789429 and parameters: {'gradient_clip_val': 0.5721419425812595, 'hidden_size': 54, 'dropout': 0.33325951295159073, 'hidden_continuous_size': 17, 'attention_head_size': 4, 'learning_rate': 0.005139835809861867}. Best is trial 85 with value: 1.1506518125534058.
LOCAL_RANK: 0 - CUDA_VISIBLE_DEVICES: [0]
[I 2023-11-30 12:17:10,216] Trial 107 finished with value: 1.5095810890197754 and parameters: {'gradient_clip_val': 0.6598464429487608, 'hidden_size': 61, 'dropout': 0.34870626602626237, 'hidden_continuous_size': 16, 'attention_head_size': 4, 'learning_rate': 0.005731704902684068}. Best is trial 85 with value: 1.1506518125534058.
LOCAL_RANK: 0 - CUDA_VISIBLE_DEVICES: [0]
[I 2023-11-30 12:17:23,142] Trial 108 finished with value: 1.3108960390090942 and parameters: {'gradient_clip_val': 0.9510103738995592, 'hidden_size': 52, 'dropout': 0.3678326155002298, 'hidden_continuous_size': 15, 'attention_head_size': 4, 'learning_rate': 0.006434940872945693}. Best is trial 85 with value: 1.1506518125534058.
LOCAL_RANK: 0 - CUDA_VISIBLE_DEVICES: [0]
[I 2023-11-30 12:17:36,474] Trial 109 finished with value: 1.2685827016830444 and parameters: {'gradient_clip_val': 0.7034119388130851, 'hidden_size': 49, 'dropout': 0.35931110474319883, 'hidden_continuous_size': 17, 'attention_head_size': 4, 'learning_rate': 0.008840824054718453}. Best is trial 85 with value: 1.1506518125534058.
LOCAL_RANK: 0 - CUDA_VISIBLE_DEVICES: [0]
[I 2023-11-30 12:17:49,459] Trial 110 finished with value: 1.2528061866760254 and parameters: {'gradient_clip_val': 0.8706599538917941, 'hidden_size': 37, 'dropout': 0.37388361426718253, 'hidden_continuous_size': 18, 'attention_head_size': 4, 'learning_rate': 0.007319214583557369}. Best is trial 85 with value: 1.1506518125534058.
LOCAL_RANK: 0 - CUDA_VISIBLE_DEVICES: [0]
[I 2023-11-30 12:18:02,368] Trial 111 finished with value: 1.6090646982192993 and parameters: {'gradient_clip_val': 0.8704028690876696, 'hidden_size': 35, 'dropout': 0.3770984198689548, 'hidden_continuous_size': 18, 'attention_head_size': 4, 'learning_rate': 0.010924801165426405}. Best is trial 85 with value: 1.1506518125534058.
LOCAL_RANK: 0 - CUDA_VISIBLE_DEVICES: [0]
[I 2023-11-30 12:18:15,371] Trial 112 finished with value: 1.2979021072387695 and parameters: {'gradient_clip_val': 0.7836583311067601, 'hidden_size': 46, 'dropout': 0.3947598731644625, 'hidden_continuous_size': 16, 'attention_head_size': 4, 'learning_rate': 0.007140174554283219}. Best is trial 85 with value: 1.1506518125534058.
LOCAL_RANK: 0 - CUDA_VISIBLE_DEVICES: [0]
[I 2023-11-30 12:18:28,163] Trial 113 finished with value: 1.3025922775268555 and parameters: {'gradient_clip_val': 0.9140286902944021, 'hidden_size': 37, 'dropout': 0.373734106329664, 'hidden_continuous_size': 18, 'attention_head_size': 4, 'learning_rate': 0.008028822059097985}. Best is trial 85 with value: 1.1506518125534058.
LOCAL_RANK: 0 - CUDA_VISIBLE_DEVICES: [0]
[I 2023-11-30 12:18:41,255] Trial 114 finished with value: 1.650709629058838 and parameters: {'gradient_clip_val': 0.8374894792640717, 'hidden_size': 43, 'dropout': 0.3839252539786576, 'hidden_continuous_size': 15, 'attention_head_size': 4, 'learning_rate': 0.009575863737973924}. Best is trial 85 with value: 1.1506518125534058.
LOCAL_RANK: 0 - CUDA_VISIBLE_DEVICES: [0]
[I 2023-11-30 12:18:53,881] Trial 115 finished with value: 1.37112295627594 and parameters: {'gradient_clip_val': 0.7478836899837314, 'hidden_size': 32, 'dropout': 0.3550795556619731, 'hidden_continuous_size': 19, 'attention_head_size': 4, 'learning_rate': 0.006640976828168937}. Best is trial 85 with value: 1.1506518125534058.
LOCAL_RANK: 0 - CUDA_VISIBLE_DEVICES: [0]
[I 2023-11-30 12:19:06,593] Trial 116 finished with value: 1.2135957479476929 and parameters: {'gradient_clip_val': 0.9651357552821934, 'hidden_size': 30, 'dropout': 0.3650143615550534, 'hidden_continuous_size': 18, 'attention_head_size': 4, 'learning_rate': 0.006042727378808993}. Best is trial 85 with value: 1.1506518125534058.
LOCAL_RANK: 0 - CUDA_VISIBLE_DEVICES: [0]
[I 2023-11-30 12:19:19,324] Trial 117 finished with value: 1.2910751104354858 and parameters: {'gradient_clip_val': 0.95644232750018, 'hidden_size': 30, 'dropout': 0.3683420215297713, 'hidden_continuous_size': 18, 'attention_head_size': 4, 'learning_rate': 0.005908632293733247}. Best is trial 85 with value: 1.1506518125534058.
LOCAL_RANK: 0 - CUDA_VISIBLE_DEVICES: [0]
[I 2023-11-30 12:19:31,824] Trial 118 finished with value: 1.849727988243103 and parameters: {'gradient_clip_val': 0.8835583701168248, 'hidden_size': 28, 'dropout': 0.34611739278754866, 'hidden_continuous_size': 17, 'attention_head_size': 4, 'learning_rate': 0.004587000911143442}. Best is trial 85 with value: 1.1506518125534058.
LOCAL_RANK: 0 - CUDA_VISIBLE_DEVICES: [0]
[I 2023-11-30 12:19:44,507] Trial 119 finished with value: 1.2534247636795044 and parameters: {'gradient_clip_val': 0.9988206614106055, 'hidden_size': 25, 'dropout': 0.3382089594356697, 'hidden_continuous_size': 14, 'attention_head_size': 4, 'learning_rate': 0.005053850247873674}. Best is trial 85 with value: 1.1506518125534058.
LOCAL_RANK: 0 - CUDA_VISIBLE_DEVICES: [0]
[I 2023-11-30 12:19:56,892] Trial 120 finished with value: 1.4462652206420898 and parameters: {'gradient_clip_val': 0.9990373479799426, 'hidden_size': 25, 'dropout': 0.34062636573693444, 'hidden_continuous_size': 14, 'attention_head_size': 4, 'learning_rate': 0.004241783056173915}. Best is trial 85 with value: 1.1506518125534058.
LOCAL_RANK: 0 - CUDA_VISIBLE_DEVICES: [0]
[I 2023-11-30 12:20:09,522] Trial 121 finished with value: 1.5474504232406616 and parameters: {'gradient_clip_val': 0.9311514795814897, 'hidden_size': 27, 'dropout': 0.36096093078925506, 'hidden_continuous_size': 14, 'attention_head_size': 4, 'learning_rate': 0.006092833863121801}. Best is trial 85 with value: 1.1506518125534058.
LOCAL_RANK: 0 - CUDA_VISIBLE_DEVICES: [0]
[I 2023-11-30 12:20:21,949] Trial 122 finished with value: 1.5092488527297974 and parameters: {'gradient_clip_val': 0.8984666233475158, 'hidden_size': 22, 'dropout': 0.35220693345577997, 'hidden_continuous_size': 14, 'attention_head_size': 4, 'learning_rate': 0.005020207054252165}. Best is trial 85 with value: 1.1506518125534058.
LOCAL_RANK: 0 - CUDA_VISIBLE_DEVICES: [0]
[I 2023-11-30 12:20:34,351] Trial 123 finished with value: 1.6489019393920898 and parameters: {'gradient_clip_val': 0.8511916122541804, 'hidden_size': 25, 'dropout': 0.3762516471770154, 'hidden_continuous_size': 15, 'attention_head_size': 4, 'learning_rate': 0.0053650951864169915}. Best is trial 85 with value: 1.1506518125534058.
LOCAL_RANK: 0 - CUDA_VISIBLE_DEVICES: [0]
[I 2023-11-30 12:20:47,064] Trial 124 finished with value: 1.3511546850204468 and parameters: {'gradient_clip_val': 0.9472445081470192, 'hidden_size': 29, 'dropout': 0.36603956301170865, 'hidden_continuous_size': 13, 'attention_head_size': 4, 'learning_rate': 0.007086064532768675}. Best is trial 85 with value: 1.1506518125534058.
LOCAL_RANK: 0 - CUDA_VISIBLE_DEVICES: [0]
[I 2023-11-30 12:20:59,620] Trial 125 finished with value: 1.4619804620742798 and parameters: {'gradient_clip_val': 0.7920422896332074, 'hidden_size': 33, 'dropout': 0.3394485479876145, 'hidden_continuous_size': 13, 'attention_head_size': 1, 'learning_rate': 0.007610625414475229}. Best is trial 85 with value: 1.1506518125534058.
LOCAL_RANK: 0 - CUDA_VISIBLE_DEVICES: [0]
[I 2023-11-30 12:21:12,390] Trial 126 finished with value: 1.3289374113082886 and parameters: {'gradient_clip_val': 0.9886701627169837, 'hidden_size': 31, 'dropout': 0.35788239888643986, 'hidden_continuous_size': 17, 'attention_head_size': 4, 'learning_rate': 0.008659583750092395}. Best is trial 85 with value: 1.1506518125534058.
LOCAL_RANK: 0 - CUDA_VISIBLE_DEVICES: [0]
[I 2023-11-30 12:21:25,031] Trial 127 finished with value: 1.5498756170272827 and parameters: {'gradient_clip_val': 0.8228518765093881, 'hidden_size': 26, 'dropout': 0.3307067101068746, 'hidden_continuous_size': 15, 'attention_head_size': 4, 'learning_rate': 0.003892997408439099}. Best is trial 85 with value: 1.1506518125534058.
LOCAL_RANK: 0 - CUDA_VISIBLE_DEVICES: [0]
[I 2023-11-30 12:21:37,574] Trial 128 finished with value: 1.7541700601577759 and parameters: {'gradient_clip_val': 0.9015786013917791, 'hidden_size': 23, 'dropout': 0.38912451971901274, 'hidden_continuous_size': 12, 'attention_head_size': 4, 'learning_rate': 0.012655652253701744}. Best is trial 85 with value: 1.1506518125534058.
LOCAL_RANK: 0 - CUDA_VISIBLE_DEVICES: [0]
[I 2023-11-30 12:21:50,721] Trial 129 finished with value: 1.702623724937439 and parameters: {'gradient_clip_val': 0.861782486875248, 'hidden_size': 37, 'dropout': 0.3710048219011067, 'hidden_continuous_size': 16, 'attention_head_size': 4, 'learning_rate': 0.010875374116391426}. Best is trial 85 with value: 1.1506518125534058.
LOCAL_RANK: 0 - CUDA_VISIBLE_DEVICES: [0]
[I 2023-11-30 12:22:03,213] Trial 130 finished with value: 1.2725237607955933 and parameters: {'gradient_clip_val': 0.9599356384682195, 'hidden_size': 21, 'dropout': 0.38123294111132827, 'hidden_continuous_size': 14, 'attention_head_size': 4, 'learning_rate': 0.015052299330849015}. Best is trial 85 with value: 1.1506518125534058.
LOCAL_RANK: 0 - CUDA_VISIBLE_DEVICES: [0]
[I 2023-11-30 12:22:16,229] Trial 131 finished with value: 1.291725516319275 and parameters: {'gradient_clip_val': 0.7632641092254049, 'hidden_size': 39, 'dropout': 0.39590052051279284, 'hidden_continuous_size': 20, 'attention_head_size': 4, 'learning_rate': 0.006640334719080027}. Best is trial 85 with value: 1.1506518125534058.
LOCAL_RANK: 0 - CUDA_VISIBLE_DEVICES: [0]
[I 2023-11-30 12:22:29,096] Trial 132 finished with value: 1.2556846141815186 and parameters: {'gradient_clip_val': 0.805309884798838, 'hidden_size': 35, 'dropout': 0.36411197023367237, 'hidden_continuous_size': 19, 'attention_head_size': 4, 'learning_rate': 0.007402673869369814}. Best is trial 85 with value: 1.1506518125534058.
LOCAL_RANK: 0 - CUDA_VISIBLE_DEVICES: [0]
[I 2023-11-30 12:22:41,733] Trial 133 finished with value: 1.3482507467269897 and parameters: {'gradient_clip_val': 0.6342342418958288, 'hidden_size': 29, 'dropout': 0.37636326151287713, 'hidden_continuous_size': 18, 'attention_head_size': 4, 'learning_rate': 0.009536912059110945}. Best is trial 85 with value: 1.1506518125534058.
LOCAL_RANK: 0 - CUDA_VISIBLE_DEVICES: [0]
[I 2023-11-30 12:22:54,759] Trial 134 finished with value: 1.480082631111145 and parameters: {'gradient_clip_val': 0.732088181058238, 'hidden_size': 33, 'dropout': 0.38224166793420955, 'hidden_continuous_size': 19, 'attention_head_size': 4, 'learning_rate': 0.0058081571223839315}. Best is trial 85 with value: 1.1506518125534058.
LOCAL_RANK: 0 - CUDA_VISIBLE_DEVICES: [0]
[I 2023-11-30 12:23:07,028] Trial 135 finished with value: 1.7960017919540405 and parameters: {'gradient_clip_val': 0.8335475472992988, 'hidden_size': 20, 'dropout': 0.34738324150158373, 'hidden_continuous_size': 14, 'attention_head_size': 4, 'learning_rate': 0.008128642932389563}. Best is trial 85 with value: 1.1506518125534058.
LOCAL_RANK: 0 - CUDA_VISIBLE_DEVICES: [0]
[I 2023-11-30 12:23:19,263] Trial 136 finished with value: 1.816994309425354 and parameters: {'gradient_clip_val': 0.9155794033425756, 'hidden_size': 24, 'dropout': 0.38720459089109716, 'hidden_continuous_size': 15, 'attention_head_size': 4, 'learning_rate': 0.004960745036810205}. Best is trial 85 with value: 1.1506518125534058.
LOCAL_RANK: 0 - CUDA_VISIBLE_DEVICES: [0]
[I 2023-11-30 12:23:31,948] Trial 137 finished with value: 1.7403135299682617 and parameters: {'gradient_clip_val': 0.6986437866086525, 'hidden_size': 27, 'dropout': 0.3565094799335536, 'hidden_continuous_size': 20, 'attention_head_size': 4, 'learning_rate': 0.006397876497691962}. Best is trial 85 with value: 1.1506518125534058.
LOCAL_RANK: 0 - CUDA_VISIBLE_DEVICES: [0]
