[I 2023-11-30 08:06:33,858] Trial 27 finished with value: 0.07075586169958115 and parameters: {'gradient_clip_val': 0.37728096567717345, 'hidden_size': 71, 'dropout': 0.3034475863177691, 'hidden_continuous_size': 23, 'attention_head_size': 2, 'learning_rate': 0.06362336515006116}. Best is trial 10 with value: 0.04322930797934532.
LOCAL_RANK: 0 - CUDA_VISIBLE_DEVICES: [0]
[I 2023-11-30 08:06:48,074] Trial 28 finished with value: 0.0696018636226654 and parameters: {'gradient_clip_val': 0.1556909773701004, 'hidden_size': 109, 'dropout': 0.3386875324083372, 'hidden_continuous_size': 35, 'attention_head_size': 4, 'learning_rate': 0.03304783863637204}. Best is trial 10 with value: 0.04322930797934532.
LOCAL_RANK: 0 - CUDA_VISIBLE_DEVICES: [0]
[I 2023-11-30 08:07:01,175] Trial 29 finished with value: 0.06610191613435745 and parameters: {'gradient_clip_val': 0.21036160512246582, 'hidden_size': 51, 'dropout': 0.24810393668955721, 'hidden_continuous_size': 18, 'attention_head_size': 3, 'learning_rate': 0.021327483632146566}. Best is trial 10 with value: 0.04322930797934532.
LOCAL_RANK: 0 - CUDA_VISIBLE_DEVICES: [0]
[I 2023-11-30 08:07:13,946] Trial 30 finished with value: 0.048857808113098145 and parameters: {'gradient_clip_val': 0.28003295408722684, 'hidden_size': 43, 'dropout': 0.27345934357264745, 'hidden_continuous_size': 16, 'attention_head_size': 2, 'learning_rate': 0.0740321942741783}. Best is trial 10 with value: 0.04322930797934532.
LOCAL_RANK: 0 - CUDA_VISIBLE_DEVICES: [0]
[I 2023-11-30 08:07:26,570] Trial 31 finished with value: 0.06914674490690231 and parameters: {'gradient_clip_val': 0.27750556079173005, 'hidden_size': 39, 'dropout': 0.27987656372777964, 'hidden_continuous_size': 15, 'attention_head_size': 2, 'learning_rate': 0.07212584148542689}. Best is trial 10 with value: 0.04322930797934532.
LOCAL_RANK: 0 - CUDA_VISIBLE_DEVICES: [0]
[I 2023-11-30 08:07:39,198] Trial 32 finished with value: 0.04837924242019653 and parameters: {'gradient_clip_val': 0.2453337267479987, 'hidden_size': 43, 'dropout': 0.2677731526539013, 'hidden_continuous_size': 15, 'attention_head_size': 2, 'learning_rate': 0.050488397370127724}. Best is trial 10 with value: 0.04322930797934532.
LOCAL_RANK: 0 - CUDA_VISIBLE_DEVICES: [0]
[I 2023-11-30 08:07:52,150] Trial 33 finished with value: 0.046832580119371414 and parameters: {'gradient_clip_val': 0.2461219539825683, 'hidden_size': 41, 'dropout': 0.26667958942249625, 'hidden_continuous_size': 15, 'attention_head_size': 2, 'learning_rate': 0.05078410504474808}. Best is trial 10 with value: 0.04322930797934532.
LOCAL_RANK: 0 - CUDA_VISIBLE_DEVICES: [0]
[I 2023-11-30 08:08:04,738] Trial 34 finished with value: 0.11578095704317093 and parameters: {'gradient_clip_val': 0.17033063361081371, 'hidden_size': 41, 'dropout': 0.23474564865590297, 'hidden_continuous_size': 13, 'attention_head_size': 2, 'learning_rate': 0.015187223475751499}. Best is trial 10 with value: 0.04322930797934532.
LOCAL_RANK: 0 - CUDA_VISIBLE_DEVICES: [0]
[I 2023-11-30 08:08:17,582] Trial 35 finished with value: 0.054189324378967285 and parameters: {'gradient_clip_val': 0.23482575867084662, 'hidden_size': 55, 'dropout': 0.25992502826055075, 'hidden_continuous_size': 12, 'attention_head_size': 1, 'learning_rate': 0.050141909311430366}. Best is trial 10 with value: 0.04322930797934532.
LOCAL_RANK: 0 - CUDA_VISIBLE_DEVICES: [0]
[I 2023-11-30 08:08:30,453] Trial 36 finished with value: 0.06274054199457169 and parameters: {'gradient_clip_val': 0.19640586419115147, 'hidden_size': 46, 'dropout': 0.29982308479705755, 'hidden_continuous_size': 14, 'attention_head_size': 2, 'learning_rate': 0.03758383913690366}. Best is trial 10 with value: 0.04322930797934532.
LOCAL_RANK: 0 - CUDA_VISIBLE_DEVICES: [0]
[I 2023-11-30 08:08:43,188] Trial 37 finished with value: 0.06318389624357224 and parameters: {'gradient_clip_val': 0.10321848347098257, 'hidden_size': 37, 'dropout': 0.27109061804126816, 'hidden_continuous_size': 16, 'attention_head_size': 2, 'learning_rate': 0.05072148891288108}. Best is trial 10 with value: 0.04322930797934532.
LOCAL_RANK: 0 - CUDA_VISIBLE_DEVICES: [0]
[I 2023-11-30 08:08:55,900] Trial 38 finished with value: 0.07358939945697784 and parameters: {'gradient_clip_val': 0.24568496848757473, 'hidden_size': 31, 'dropout': 0.3008872898811745, 'hidden_continuous_size': 12, 'attention_head_size': 2, 'learning_rate': 0.03390646283013726}. Best is trial 10 with value: 0.04322930797934532.
LOCAL_RANK: 0 - CUDA_VISIBLE_DEVICES: [0]
[I 2023-11-30 08:09:08,876] Trial 39 finished with value: 0.05856948718428612 and parameters: {'gradient_clip_val': 0.4354512273023093, 'hidden_size': 57, 'dropout': 0.24945595640380885, 'hidden_continuous_size': 14, 'attention_head_size': 1, 'learning_rate': 0.025315655085356176}. Best is trial 10 with value: 0.04322930797934532.
LOCAL_RANK: 0 - CUDA_VISIBLE_DEVICES: [0]
[I 2023-11-30 08:09:21,480] Trial 40 finished with value: 0.06051761284470558 and parameters: {'gradient_clip_val': 0.2052527642504285, 'hidden_size': 41, 'dropout': 0.2811911394211535, 'hidden_continuous_size': 13, 'attention_head_size': 2, 'learning_rate': 0.08421281636734132}. Best is trial 10 with value: 0.04322930797934532.
LOCAL_RANK: 0 - CUDA_VISIBLE_DEVICES: [0]
[I 2023-11-30 08:09:34,132] Trial 41 finished with value: 0.05373911187052727 and parameters: {'gradient_clip_val': 0.2909992645230248, 'hidden_size': 44, 'dropout': 0.2710729353251629, 'hidden_continuous_size': 15, 'attention_head_size': 2, 'learning_rate': 0.07854075643560653}. Best is trial 10 with value: 0.04322930797934532.
LOCAL_RANK: 0 - CUDA_VISIBLE_DEVICES: [0]
[I 2023-11-30 08:09:46,741] Trial 42 finished with value: 0.06844393908977509 and parameters: {'gradient_clip_val': 0.26916735986479895, 'hidden_size': 35, 'dropout': 0.2746122453571445, 'hidden_continuous_size': 16, 'attention_head_size': 2, 'learning_rate': 0.06487126889986854}. Best is trial 10 with value: 0.04322930797934532.
LOCAL_RANK: 0 - CUDA_VISIBLE_DEVICES: [0]
[I 2023-11-30 08:09:59,957] Trial 43 finished with value: 0.06500237435102463 and parameters: {'gradient_clip_val': 0.2500124978012853, 'hidden_size': 51, 'dropout': 0.2877198696719962, 'hidden_continuous_size': 17, 'attention_head_size': 2, 'learning_rate': 0.09898686304258039}. Best is trial 10 with value: 0.04322930797934532.
LOCAL_RANK: 0 - CUDA_VISIBLE_DEVICES: [0]
[I 2023-11-30 08:10:12,287] Trial 44 finished with value: 0.06784381717443466 and parameters: {'gradient_clip_val': 0.3552365775092523, 'hidden_size': 28, 'dropout': 0.23454665281144801, 'hidden_continuous_size': 15, 'attention_head_size': 2, 'learning_rate': 0.04426367450379981}. Best is trial 10 with value: 0.04322930797934532.
LOCAL_RANK: 0 - CUDA_VISIBLE_DEVICES: [0]
[I 2023-11-30 08:10:25,112] Trial 45 finished with value: 0.05572410300374031 and parameters: {'gradient_clip_val': 0.2965838812716176, 'hidden_size': 43, 'dropout': 0.25284621653619177, 'hidden_continuous_size': 19, 'attention_head_size': 2, 'learning_rate': 0.05824249619584276}. Best is trial 10 with value: 0.04322930797934532.
LOCAL_RANK: 0 - CUDA_VISIBLE_DEVICES: [0]
[I 2023-11-30 08:10:37,656] Trial 46 finished with value: 0.06751635670661926 and parameters: {'gradient_clip_val': 0.3967098435991165, 'hidden_size': 37, 'dropout': 0.30611372270034626, 'hidden_continuous_size': 12, 'attention_head_size': 1, 'learning_rate': 0.07864382866136026}. Best is trial 10 with value: 0.04322930797934532.
LOCAL_RANK: 0 - CUDA_VISIBLE_DEVICES: [0]
[I 2023-11-30 08:10:50,327] Trial 47 finished with value: 0.0502828024327755 and parameters: {'gradient_clip_val': 0.2613818650721551, 'hidden_size': 29, 'dropout': 0.346356626722492, 'hidden_continuous_size': 16, 'attention_head_size': 2, 'learning_rate': 0.05564327923300508}. Best is trial 10 with value: 0.04322930797934532.
LOCAL_RANK: 0 - CUDA_VISIBLE_DEVICES: [0]
[I 2023-11-30 08:11:02,919] Trial 48 finished with value: 0.04379662498831749 and parameters: {'gradient_clip_val': 0.21176267055341777, 'hidden_size': 35, 'dropout': 0.2178505326619874, 'hidden_continuous_size': 11, 'attention_head_size': 3, 'learning_rate': 0.08419647292166915}. Best is trial 10 with value: 0.04322930797934532.
LOCAL_RANK: 0 - CUDA_VISIBLE_DEVICES: [0]
[I 2023-11-30 08:11:15,312] Trial 49 finished with value: 0.05412149056792259 and parameters: {'gradient_clip_val': 0.189502611868092, 'hidden_size': 21, 'dropout': 0.1958453108367913, 'hidden_continuous_size': 11, 'attention_head_size': 3, 'learning_rate': 0.08257485503602219}. Best is trial 10 with value: 0.04322930797934532.
LOCAL_RANK: 0 - CUDA_VISIBLE_DEVICES: [0]
[I 2023-11-30 08:11:27,918] Trial 50 finished with value: 0.0650031566619873 and parameters: {'gradient_clip_val': 0.17643385000049208, 'hidden_size': 33, 'dropout': 0.22411801175674764, 'hidden_continuous_size': 11, 'attention_head_size': 3, 'learning_rate': 0.04576438545652086}. Best is trial 10 with value: 0.04322930797934532.
LOCAL_RANK: 0 - CUDA_VISIBLE_DEVICES: [0]
[I 2023-11-30 08:11:40,402] Trial 51 finished with value: 0.055254463106393814 and parameters: {'gradient_clip_val': 0.21504515297915874, 'hidden_size': 36, 'dropout': 0.2633388039116278, 'hidden_continuous_size': 10, 'attention_head_size': 3, 'learning_rate': 0.08345135719479682}. Best is trial 10 with value: 0.04322930797934532.
LOCAL_RANK: 0 - CUDA_VISIBLE_DEVICES: [0]
[I 2023-11-30 08:11:53,342] Trial 52 finished with value: 0.08138655871152878 and parameters: {'gradient_clip_val': 0.24233553637120586, 'hidden_size': 45, 'dropout': 0.2943422154322624, 'hidden_continuous_size': 13, 'attention_head_size': 2, 'learning_rate': 0.05984508281693068}. Best is trial 10 with value: 0.04322930797934532.
LOCAL_RANK: 0 - CUDA_VISIBLE_DEVICES: [0]
[I 2023-11-30 08:12:05,907] Trial 53 finished with value: 0.04753296449780464 and parameters: {'gradient_clip_val': 0.2817348665329135, 'hidden_size': 40, 'dropout': 0.19394033337689773, 'hidden_continuous_size': 14, 'attention_head_size': 2, 'learning_rate': 0.08722725353498767}. Best is trial 10 with value: 0.04322930797934532.
LOCAL_RANK: 0 - CUDA_VISIBLE_DEVICES: [0]
[I 2023-11-30 08:12:18,747] Trial 54 finished with value: 0.06348409503698349 and parameters: {'gradient_clip_val': 0.2215531469606382, 'hidden_size': 39, 'dropout': 0.1930705480394976, 'hidden_continuous_size': 14, 'attention_head_size': 3, 'learning_rate': 0.09352839238481636}. Best is trial 10 with value: 0.04322930797934532.
LOCAL_RANK: 0 - CUDA_VISIBLE_DEVICES: [0]
[I 2023-11-30 08:12:31,262] Trial 55 finished with value: 0.09042743593454361 and parameters: {'gradient_clip_val': 0.24875743749261545, 'hidden_size': 27, 'dropout': 0.21199458189290063, 'hidden_continuous_size': 10, 'attention_head_size': 2, 'learning_rate': 0.051851124560026156}. Best is trial 10 with value: 0.04322930797934532.
LOCAL_RANK: 0 - CUDA_VISIBLE_DEVICES: [0]
[I 2023-11-30 08:12:43,900] Trial 56 finished with value: 0.05229860544204712 and parameters: {'gradient_clip_val': 0.2024325643780045, 'hidden_size': 34, 'dropout': 0.1737109226067412, 'hidden_continuous_size': 12, 'attention_head_size': 2, 'learning_rate': 0.09749757098302596}. Best is trial 10 with value: 0.04322930797934532.
LOCAL_RANK: 0 - CUDA_VISIBLE_DEVICES: [0]
[I 2023-11-30 08:12:56,367] Trial 57 finished with value: 0.05714249983429909 and parameters: {'gradient_clip_val': 0.3332382921119479, 'hidden_size': 23, 'dropout': 0.22104915417723453, 'hidden_continuous_size': 10, 'attention_head_size': 3, 'learning_rate': 0.06594259400264198}. Best is trial 10 with value: 0.04322930797934532.
LOCAL_RANK: 0 - CUDA_VISIBLE_DEVICES: [0]
[I 2023-11-30 08:13:08,942] Trial 58 finished with value: 0.0686696246266365 and parameters: {'gradient_clip_val': 0.2672954280993367, 'hidden_size': 30, 'dropout': 0.23920418661925016, 'hidden_continuous_size': 15, 'attention_head_size': 2, 'learning_rate': 0.04094805971625637}. Best is trial 10 with value: 0.04322930797934532.
LOCAL_RANK: 0 - CUDA_VISIBLE_DEVICES: [0]
[I 2023-11-30 08:13:21,778] Trial 59 finished with value: 0.07577988505363464 and parameters: {'gradient_clip_val': 0.3150241795801588, 'hidden_size': 50, 'dropout': 0.18903346657180756, 'hidden_continuous_size': 11, 'attention_head_size': 1, 'learning_rate': 0.08155924623058453}. Best is trial 10 with value: 0.04322930797934532.
LOCAL_RANK: 0 - CUDA_VISIBLE_DEVICES: [0]
[I 2023-11-30 08:13:34,188] Trial 60 finished with value: 0.055585041642189026 and parameters: {'gradient_clip_val': 0.23325903265183343, 'hidden_size': 26, 'dropout': 0.21705755993802525, 'hidden_continuous_size': 14, 'attention_head_size': 3, 'learning_rate': 0.060129380011515944}. Best is trial 10 with value: 0.04322930797934532.
LOCAL_RANK: 0 - CUDA_VISIBLE_DEVICES: [0]
[I 2023-11-30 08:13:47,073] Trial 61 finished with value: 0.043636616319417953 and parameters: {'gradient_clip_val': 0.2784530991930448, 'hidden_size': 41, 'dropout': 0.20368444295459923, 'hidden_continuous_size': 17, 'attention_head_size': 2, 'learning_rate': 0.07356618438623692}. Best is trial 10 with value: 0.04322930797934532.
LOCAL_RANK: 0 - CUDA_VISIBLE_DEVICES: [0]
[I 2023-11-30 08:13:59,751] Trial 62 finished with value: 0.0748816430568695 and parameters: {'gradient_clip_val': 0.2938496528613899, 'hidden_size': 32, 'dropout': 0.20350312520006963, 'hidden_continuous_size': 17, 'attention_head_size': 2, 'learning_rate': 0.07195808202648525}. Best is trial 10 with value: 0.04322930797934532.
LOCAL_RANK: 0 - CUDA_VISIBLE_DEVICES: [0]
[I 2023-11-30 08:14:12,674] Trial 63 finished with value: 0.06664112955331802 and parameters: {'gradient_clip_val': 0.2201274769320401, 'hidden_size': 47, 'dropout': 0.20567115072885733, 'hidden_continuous_size': 20, 'attention_head_size': 2, 'learning_rate': 0.09942014716657091}. Best is trial 10 with value: 0.04322930797934532.
LOCAL_RANK: 0 - CUDA_VISIBLE_DEVICES: [0]
[I 2023-11-30 08:14:25,373] Trial 64 finished with value: 0.08359070867300034 and parameters: {'gradient_clip_val': 0.26344899739214217, 'hidden_size': 39, 'dropout': 0.2257374987064588, 'hidden_continuous_size': 14, 'attention_head_size': 2, 'learning_rate': 0.04934169917628171}. Best is trial 10 with value: 0.04322930797934532.
LOCAL_RANK: 0 - CUDA_VISIBLE_DEVICES: [0]
[I 2023-11-30 08:14:38,099] Trial 65 finished with value: 0.06296369433403015 and parameters: {'gradient_clip_val': 0.18463604036562042, 'hidden_size': 34, 'dropout': 0.18120868254451805, 'hidden_continuous_size': 18, 'attention_head_size': 2, 'learning_rate': 0.08606265267919008}. Best is trial 10 with value: 0.04322930797934532.
LOCAL_RANK: 0 - CUDA_VISIBLE_DEVICES: [0]
[I 2023-11-30 08:14:51,196] Trial 66 finished with value: 0.064033143222332 and parameters: {'gradient_clip_val': 0.27951338503436945, 'hidden_size': 54, 'dropout': 0.16343629401948964, 'hidden_continuous_size': 21, 'attention_head_size': 2, 'learning_rate': 0.06891302920187968}. Best is trial 10 with value: 0.04322930797934532.
LOCAL_RANK: 0 - CUDA_VISIBLE_DEVICES: [0]
[I 2023-11-30 08:15:03,900] Trial 67 finished with value: 0.06613772362470627 and parameters: {'gradient_clip_val': 0.23939151780341186, 'hidden_size': 41, 'dropout': 0.212643594277874, 'hidden_continuous_size': 13, 'attention_head_size': 2, 'learning_rate': 0.05536211727224368}. Best is trial 10 with value: 0.04322930797934532.
LOCAL_RANK: 0 - CUDA_VISIBLE_DEVICES: [0]
[I 2023-11-30 08:15:16,446] Trial 68 finished with value: 0.055879246443510056 and parameters: {'gradient_clip_val': 0.21096498175504128, 'hidden_size': 29, 'dropout': 0.19980787387769305, 'hidden_continuous_size': 15, 'attention_head_size': 2, 'learning_rate': 0.08510339726235314}. Best is trial 10 with value: 0.04322930797934532.
LOCAL_RANK: 0 - CUDA_VISIBLE_DEVICES: [0]
[I 2023-11-30 08:15:29,007] Trial 69 finished with value: 0.06978948414325714 and parameters: {'gradient_clip_val': 0.2487498037970827, 'hidden_size': 48, 'dropout': 0.22902579399838424, 'hidden_continuous_size': 12, 'attention_head_size': 1, 'learning_rate': 0.0635645871137711}. Best is trial 10 with value: 0.04322930797934532.
LOCAL_RANK: 0 - CUDA_VISIBLE_DEVICES: [0]
[I 2023-11-30 08:15:42,011] Trial 70 finished with value: 0.05483364686369896 and parameters: {'gradient_clip_val': 0.16117779545586916, 'hidden_size': 60, 'dropout': 0.23870498102977428, 'hidden_continuous_size': 11, 'attention_head_size': 3, 'learning_rate': 0.07520063103437302}. Best is trial 10 with value: 0.04322930797934532.
LOCAL_RANK: 0 - CUDA_VISIBLE_DEVICES: [0]
[I 2023-11-30 08:15:54,927] Trial 71 finished with value: 0.058378905057907104 and parameters: {'gradient_clip_val': 0.2870399674665316, 'hidden_size': 43, 'dropout': 0.2532757294168635, 'hidden_continuous_size': 17, 'attention_head_size': 2, 'learning_rate': 0.07347011248586113}. Best is trial 10 with value: 0.04322930797934532.
LOCAL_RANK: 0 - CUDA_VISIBLE_DEVICES: [0]
[I 2023-11-30 08:16:07,819] Trial 72 finished with value: 0.06795886158943176 and parameters: {'gradient_clip_val': 0.3083350289201047, 'hidden_size': 37, 'dropout': 0.2702939509254869, 'hidden_continuous_size': 16, 'attention_head_size': 2, 'learning_rate': 0.08880510838085424}. Best is trial 10 with value: 0.04322930797934532.
LOCAL_RANK: 0 - CUDA_VISIBLE_DEVICES: [0]
[I 2023-11-30 08:16:20,535] Trial 73 finished with value: 0.07183323055505753 and parameters: {'gradient_clip_val': 0.27346144075983503, 'hidden_size': 44, 'dropout': 0.21381298800607626, 'hidden_continuous_size': 19, 'attention_head_size': 2, 'learning_rate': 0.043673400133475544}. Best is trial 10 with value: 0.04322930797934532.
LOCAL_RANK: 0 - CUDA_VISIBLE_DEVICES: [0]
[I 2023-11-30 08:16:32,913] Trial 74 finished with value: 0.05616738274693489 and parameters: {'gradient_clip_val': 0.22869363509690718, 'hidden_size': 32, 'dropout': 0.24399287428602984, 'hidden_continuous_size': 16, 'attention_head_size': 2, 'learning_rate': 0.06637338921003408}. Best is trial 10 with value: 0.04322930797934532.
LOCAL_RANK: 0 - CUDA_VISIBLE_DEVICES: [0]
[I 2023-11-30 08:16:45,615] Trial 75 finished with value: 0.05355656147003174 and parameters: {'gradient_clip_val': 0.329928814411017, 'hidden_size': 40, 'dropout': 0.26284941208584994, 'hidden_continuous_size': 17, 'attention_head_size': 2, 'learning_rate': 0.035159268379615735}. Best is trial 10 with value: 0.04322930797934532.
LOCAL_RANK: 0 - CUDA_VISIBLE_DEVICES: [0]
[I 2023-11-30 08:16:58,252] Trial 76 finished with value: 0.057013869285583496 and parameters: {'gradient_clip_val': 0.2557975158691864, 'hidden_size': 36, 'dropout': 0.28078486154348126, 'hidden_continuous_size': 18, 'attention_head_size': 2, 'learning_rate': 0.059935697090985736}. Best is trial 10 with value: 0.04322930797934532.
LOCAL_RANK: 0 - CUDA_VISIBLE_DEVICES: [0]
[I 2023-11-30 08:17:11,328] Trial 77 finished with value: 0.06470390409231186 and parameters: {'gradient_clip_val': 0.30127363997927536, 'hidden_size': 51, 'dropout': 0.2577022637620332, 'hidden_continuous_size': 13, 'attention_head_size': 2, 'learning_rate': 0.04984854902644716}. Best is trial 10 with value: 0.04322930797934532.
LOCAL_RANK: 0 - CUDA_VISIBLE_DEVICES: [0]
[I 2023-11-30 08:17:24,346] Trial 78 finished with value: 0.06980588287115097 and parameters: {'gradient_clip_val': 0.27950027421461165, 'hidden_size': 42, 'dropout': 0.22831392232202366, 'hidden_continuous_size': 15, 'attention_head_size': 2, 'learning_rate': 0.07268923884685356}. Best is trial 10 with value: 0.04322930797934532.
LOCAL_RANK: 0 - CUDA_VISIBLE_DEVICES: [0]
[I 2023-11-30 08:17:37,223] Trial 79 finished with value: 0.06406226009130478 and parameters: {'gradient_clip_val': 0.20527297426414193, 'hidden_size': 38, 'dropout': 0.18764748965798445, 'hidden_continuous_size': 16, 'attention_head_size': 4, 'learning_rate': 0.09033871109152998}. Best is trial 10 with value: 0.04322930797934532.
LOCAL_RANK: 0 - CUDA_VISIBLE_DEVICES: [0]
[I 2023-11-30 08:17:49,750] Trial 80 finished with value: 0.049231063574552536 and parameters: {'gradient_clip_val': 0.1966199249159474, 'hidden_size': 31, 'dropout': 0.2437509723763981, 'hidden_continuous_size': 16, 'attention_head_size': 2, 'learning_rate': 0.07674677580298264}. Best is trial 10 with value: 0.04322930797934532.
LOCAL_RANK: 0 - CUDA_VISIBLE_DEVICES: [0]
[I 2023-11-30 08:18:03,408] Trial 81 finished with value: 0.09213491529226303 and parameters: {'gradient_clip_val': 0.32603679390944595, 'hidden_size': 81, 'dropout': 0.3250585205736842, 'hidden_continuous_size': 22, 'attention_head_size': 4, 'learning_rate': 0.05392848478744668}. Best is trial 10 with value: 0.04322930797934532.
LOCAL_RANK: 0 - CUDA_VISIBLE_DEVICES: [0]
[I 2023-11-30 08:18:17,091] Trial 82 finished with value: 0.050443872809410095 and parameters: {'gradient_clip_val': 0.35141187256752926, 'hidden_size': 59, 'dropout': 0.289722032688937, 'hidden_continuous_size': 25, 'attention_head_size': 4, 'learning_rate': 0.09969212103923636}. Best is trial 10 with value: 0.04322930797934532.
LOCAL_RANK: 0 - CUDA_VISIBLE_DEVICES: [0]
[I 2023-11-30 08:18:29,999] Trial 83 finished with value: 0.05253535136580467 and parameters: {'gradient_clip_val': 0.2378046627776209, 'hidden_size': 48, 'dropout': 0.27818755158528236, 'hidden_continuous_size': 27, 'attention_head_size': 2, 'learning_rate': 0.06905761810527537}. Best is trial 10 with value: 0.04322930797934532.
LOCAL_RANK: 0 - CUDA_VISIBLE_DEVICES: [0]
[I 2023-11-30 08:18:43,568] Trial 84 finished with value: 0.058178406208753586 and parameters: {'gradient_clip_val': 0.26390886448577294, 'hidden_size': 55, 'dropout': 0.31321746889565033, 'hidden_continuous_size': 31, 'attention_head_size': 4, 'learning_rate': 0.07864632697992335}. Best is trial 10 with value: 0.04322930797934532.
LOCAL_RANK: 0 - CUDA_VISIBLE_DEVICES: [0]
