[I 2023-11-30 02:07:54,752] Trial 116 finished with value: 0.11786476522684097 and parameters: {'gradient_clip_val': 0.5614007299559263, 'hidden_size': 30, 'dropout': 0.17856694992824065, 'hidden_continuous_size': 10, 'attention_head_size': 1, 'learning_rate': 0.08131148226596682}. Best is trial 100 with value: 0.0757107213139534.
LOCAL_RANK: 0 - CUDA_VISIBLE_DEVICES: [0]
[I 2023-11-30 02:08:07,526] Trial 117 finished with value: 0.11530721187591553 and parameters: {'gradient_clip_val': 0.7439495376005736, 'hidden_size': 39, 'dropout': 0.1491722423422237, 'hidden_continuous_size': 15, 'attention_head_size': 1, 'learning_rate': 0.04958694408044233}. Best is trial 100 with value: 0.0757107213139534.
LOCAL_RANK: 0 - CUDA_VISIBLE_DEVICES: [0]
[I 2023-11-30 02:08:20,150] Trial 118 finished with value: 0.16976507008075714 and parameters: {'gradient_clip_val': 0.6050704114860674, 'hidden_size': 34, 'dropout': 0.13756882393066103, 'hidden_continuous_size': 20, 'attention_head_size': 1, 'learning_rate': 0.06549502905360434}. Best is trial 100 with value: 0.0757107213139534.
LOCAL_RANK: 0 - CUDA_VISIBLE_DEVICES: [0]
[I 2023-11-30 02:08:32,827] Trial 119 finished with value: 0.14164748787879944 and parameters: {'gradient_clip_val': 0.4880985825199694, 'hidden_size': 37, 'dropout': 0.2033314030486644, 'hidden_continuous_size': 18, 'attention_head_size': 1, 'learning_rate': 0.09075430072023517}. Best is trial 100 with value: 0.0757107213139534.
LOCAL_RANK: 0 - CUDA_VISIBLE_DEVICES: [0]
[I 2023-11-30 02:08:45,677] Trial 120 finished with value: 0.10912835597991943 and parameters: {'gradient_clip_val': 0.8321026390574854, 'hidden_size': 52, 'dropout': 0.19036452575159266, 'hidden_continuous_size': 11, 'attention_head_size': 3, 'learning_rate': 0.03974606394075293}. Best is trial 100 with value: 0.0757107213139534.
LOCAL_RANK: 0 - CUDA_VISIBLE_DEVICES: [0]
[I 2023-11-30 02:08:58,344] Trial 121 finished with value: 0.10991255193948746 and parameters: {'gradient_clip_val': 0.542333827757539, 'hidden_size': 48, 'dropout': 0.20905198757972154, 'hidden_continuous_size': 16, 'attention_head_size': 1, 'learning_rate': 0.09613006509798881}. Best is trial 100 with value: 0.0757107213139534.
LOCAL_RANK: 0 - CUDA_VISIBLE_DEVICES: [0]
[I 2023-11-30 02:09:11,239] Trial 122 finished with value: 0.11962142586708069 and parameters: {'gradient_clip_val': 0.5117288418385944, 'hidden_size': 45, 'dropout': 0.21763469974788702, 'hidden_continuous_size': 13, 'attention_head_size': 1, 'learning_rate': 0.08448769056569974}. Best is trial 100 with value: 0.0757107213139534.
LOCAL_RANK: 0 - CUDA_VISIBLE_DEVICES: [0]
[I 2023-11-30 02:09:24,053] Trial 123 finished with value: 0.15486441552639008 and parameters: {'gradient_clip_val': 0.6613156020009149, 'hidden_size': 41, 'dropout': 0.20088829098141966, 'hidden_continuous_size': 17, 'attention_head_size': 2, 'learning_rate': 0.07577550130938471}. Best is trial 100 with value: 0.0757107213139534.
LOCAL_RANK: 0 - CUDA_VISIBLE_DEVICES: [0]
[I 2023-11-30 02:09:36,971] Trial 124 finished with value: 0.09955840557813644 and parameters: {'gradient_clip_val': 0.5877483710643392, 'hidden_size': 50, 'dropout': 0.15798321679165414, 'hidden_continuous_size': 15, 'attention_head_size': 1, 'learning_rate': 0.06968697015539561}. Best is trial 100 with value: 0.0757107213139534.
LOCAL_RANK: 0 - CUDA_VISIBLE_DEVICES: [0]
[I 2023-11-30 02:09:49,863] Trial 125 finished with value: 0.08145931363105774 and parameters: {'gradient_clip_val': 0.904731818160692, 'hidden_size': 54, 'dropout': 0.17230989065714847, 'hidden_continuous_size': 14, 'attention_head_size': 1, 'learning_rate': 0.09933038447077668}. Best is trial 100 with value: 0.0757107213139534.
LOCAL_RANK: 0 - CUDA_VISIBLE_DEVICES: [0]
[I 2023-11-30 02:10:02,613] Trial 126 finished with value: 0.14611369371414185 and parameters: {'gradient_clip_val': 0.8926341268301108, 'hidden_size': 56, 'dropout': 0.13066394789275765, 'hidden_continuous_size': 14, 'attention_head_size': 1, 'learning_rate': 0.09831600805317976}. Best is trial 100 with value: 0.0757107213139534.
LOCAL_RANK: 0 - CUDA_VISIBLE_DEVICES: [0]
[I 2023-11-30 02:10:15,710] Trial 127 finished with value: 0.1041945293545723 and parameters: {'gradient_clip_val': 0.9478883786742508, 'hidden_size': 61, 'dropout': 0.17058380223549843, 'hidden_continuous_size': 14, 'attention_head_size': 1, 'learning_rate': 0.04498547992990074}. Best is trial 100 with value: 0.0757107213139534.
LOCAL_RANK: 0 - CUDA_VISIBLE_DEVICES: [0]
[I 2023-11-30 02:10:29,027] Trial 128 finished with value: 0.12146347761154175 and parameters: {'gradient_clip_val': 0.9949457809122506, 'hidden_size': 69, 'dropout': 0.16455381013460899, 'hidden_continuous_size': 16, 'attention_head_size': 1, 'learning_rate': 0.08392828976691943}. Best is trial 100 with value: 0.0757107213139534.
LOCAL_RANK: 0 - CUDA_VISIBLE_DEVICES: [0]
[I 2023-11-30 02:10:41,938] Trial 129 finished with value: 0.134609654545784 and parameters: {'gradient_clip_val': 0.8964740373998634, 'hidden_size': 55, 'dropout': 0.17676997902330793, 'hidden_continuous_size': 13, 'attention_head_size': 1, 'learning_rate': 0.061728766407846795}. Best is trial 100 with value: 0.0757107213139534.
LOCAL_RANK: 0 - CUDA_VISIBLE_DEVICES: [0]
[I 2023-11-30 02:10:54,513] Trial 130 finished with value: 0.2636885344982147 and parameters: {'gradient_clip_val': 0.8391458785184148, 'hidden_size': 48, 'dropout': 0.18572404044887802, 'hidden_continuous_size': 15, 'attention_head_size': 1, 'learning_rate': 0.09988126095255914}. Best is trial 100 with value: 0.0757107213139534.
LOCAL_RANK: 0 - CUDA_VISIBLE_DEVICES: [0]
[I 2023-11-30 02:11:07,392] Trial 131 finished with value: 0.1429423987865448 and parameters: {'gradient_clip_val': 0.5213957955052808, 'hidden_size': 43, 'dropout': 0.21293289193735243, 'hidden_continuous_size': 15, 'attention_head_size': 3, 'learning_rate': 0.0911260029458239}. Best is trial 100 with value: 0.0757107213139534.
LOCAL_RANK: 0 - CUDA_VISIBLE_DEVICES: [0]
[I 2023-11-30 02:11:20,378] Trial 132 finished with value: 0.1551523357629776 and parameters: {'gradient_clip_val': 0.6245975300475684, 'hidden_size': 46, 'dropout': 0.14627280880360177, 'hidden_continuous_size': 16, 'attention_head_size': 1, 'learning_rate': 0.08308193772976427}. Best is trial 100 with value: 0.0757107213139534.
LOCAL_RANK: 0 - CUDA_VISIBLE_DEVICES: [0]
[I 2023-11-30 02:11:33,600] Trial 133 finished with value: 0.08704588562250137 and parameters: {'gradient_clip_val': 0.7124615426053211, 'hidden_size': 84, 'dropout': 0.15324093074863357, 'hidden_continuous_size': 12, 'attention_head_size': 1, 'learning_rate': 0.07392018033717059}. Best is trial 100 with value: 0.0757107213139534.
LOCAL_RANK: 0 - CUDA_VISIBLE_DEVICES: [0]
[I 2023-11-30 02:11:46,880] Trial 134 finished with value: 0.2317158430814743 and parameters: {'gradient_clip_val': 0.7925412291775422, 'hidden_size': 81, 'dropout': 0.15462780934035317, 'hidden_continuous_size': 12, 'attention_head_size': 1, 'learning_rate': 0.05753008665795135}. Best is trial 100 with value: 0.0757107213139534.
LOCAL_RANK: 0 - CUDA_VISIBLE_DEVICES: [0]
[I 2023-11-30 02:12:00,288] Trial 135 finished with value: 0.09610369801521301 and parameters: {'gradient_clip_val': 0.7125883346893627, 'hidden_size': 101, 'dropout': 0.13953934315352395, 'hidden_continuous_size': 13, 'attention_head_size': 1, 'learning_rate': 0.06989493442691332}. Best is trial 100 with value: 0.0757107213139534.
LOCAL_RANK: 0 - CUDA_VISIBLE_DEVICES: [0]
[I 2023-11-30 02:12:13,709] Trial 136 finished with value: 0.17746742069721222 and parameters: {'gradient_clip_val': 0.6832490794340714, 'hidden_size': 97, 'dropout': 0.15268425010398862, 'hidden_continuous_size': 12, 'attention_head_size': 1, 'learning_rate': 0.07735105433869502}. Best is trial 100 with value: 0.0757107213139534.
LOCAL_RANK: 0 - CUDA_VISIBLE_DEVICES: [0]
[I 2023-11-30 02:12:27,299] Trial 137 finished with value: 0.18025463819503784 and parameters: {'gradient_clip_val': 0.7465405151824149, 'hidden_size': 80, 'dropout': 0.13253260351577023, 'hidden_continuous_size': 29, 'attention_head_size': 1, 'learning_rate': 0.06527223943573869}. Best is trial 100 with value: 0.0757107213139534.
LOCAL_RANK: 0 - CUDA_VISIBLE_DEVICES: [0]
[I 2023-11-30 02:12:40,309] Trial 138 finished with value: 0.16102774441242218 and parameters: {'gradient_clip_val': 0.8660870831028074, 'hidden_size': 71, 'dropout': 0.14664880694600302, 'hidden_continuous_size': 11, 'attention_head_size': 1, 'learning_rate': 0.04979871175344976}. Best is trial 100 with value: 0.0757107213139534.
LOCAL_RANK: 0 - CUDA_VISIBLE_DEVICES: [0]
[I 2023-11-30 02:12:53,996] Trial 139 finished with value: 0.1340632289648056 and parameters: {'gradient_clip_val': 0.9130865755200515, 'hidden_size': 88, 'dropout': 0.1623481909028719, 'hidden_continuous_size': 34, 'attention_head_size': 1, 'learning_rate': 0.05407702067582311}. Best is trial 100 with value: 0.0757107213139534.
LOCAL_RANK: 0 - CUDA_VISIBLE_DEVICES: [0]
[I 2023-11-30 02:13:06,193] Trial 140 finished with value: 0.13924641907215118 and parameters: {'gradient_clip_val': 0.6593481267832539, 'hidden_size': 32, 'dropout': 0.14090199220430943, 'hidden_continuous_size': 14, 'attention_head_size': 1, 'learning_rate': 0.0870628955278275}. Best is trial 100 with value: 0.0757107213139534.
LOCAL_RANK: 0 - CUDA_VISIBLE_DEVICES: [0]
[I 2023-11-30 02:13:18,725] Trial 141 finished with value: 0.12400072813034058 and parameters: {'gradient_clip_val': 0.46084084595091285, 'hidden_size': 40, 'dropout': 0.19775593551727405, 'hidden_continuous_size': 15, 'attention_head_size': 1, 'learning_rate': 0.09269989388419685}. Best is trial 100 with value: 0.0757107213139534.
LOCAL_RANK: 0 - CUDA_VISIBLE_DEVICES: [0]
[I 2023-11-30 02:13:31,380] Trial 142 finished with value: 0.11993390321731567 and parameters: {'gradient_clip_val': 0.5700035413204003, 'hidden_size': 36, 'dropout': 0.17408187802077899, 'hidden_continuous_size': 14, 'attention_head_size': 2, 'learning_rate': 0.07430614977478761}. Best is trial 100 with value: 0.0757107213139534.
LOCAL_RANK: 0 - CUDA_VISIBLE_DEVICES: [0]
[I 2023-11-30 02:13:44,202] Trial 143 finished with value: 0.11743783950805664 and parameters: {'gradient_clip_val': 0.6084310376593459, 'hidden_size': 52, 'dropout': 0.18802258990065213, 'hidden_continuous_size': 16, 'attention_head_size': 1, 'learning_rate': 0.08062135030090399}. Best is trial 100 with value: 0.0757107213139534.
LOCAL_RANK: 0 - CUDA_VISIBLE_DEVICES: [0]
[I 2023-11-30 02:13:56,990] Trial 144 finished with value: 0.1183885931968689 and parameters: {'gradient_clip_val': 0.9670033363218843, 'hidden_size': 43, 'dropout': 0.19575962970547833, 'hidden_continuous_size': 17, 'attention_head_size': 1, 'learning_rate': 0.09072135980218285}. Best is trial 100 with value: 0.0757107213139534.
LOCAL_RANK: 0 - CUDA_VISIBLE_DEVICES: [0]
[I 2023-11-30 02:14:09,739] Trial 145 finished with value: 0.19280938804149628 and parameters: {'gradient_clip_val': 0.6464946063487628, 'hidden_size': 38, 'dropout': 0.20591888601318994, 'hidden_continuous_size': 22, 'attention_head_size': 1, 'learning_rate': 0.06705238275653132}. Best is trial 100 with value: 0.0757107213139534.
LOCAL_RANK: 0 - CUDA_VISIBLE_DEVICES: [0]
[I 2023-11-30 02:14:22,777] Trial 146 finished with value: 0.09465671330690384 and parameters: {'gradient_clip_val': 0.811451961413433, 'hidden_size': 59, 'dropout': 0.22729339086086553, 'hidden_continuous_size': 13, 'attention_head_size': 2, 'learning_rate': 0.09949470594745165}. Best is trial 100 with value: 0.0757107213139534.
LOCAL_RANK: 0 - CUDA_VISIBLE_DEVICES: [0]
[I 2023-11-30 02:14:35,919] Trial 147 finished with value: 0.10104534775018692 and parameters: {'gradient_clip_val': 0.7032576076276296, 'hidden_size': 64, 'dropout': 0.18146545826475327, 'hidden_continuous_size': 17, 'attention_head_size': 1, 'learning_rate': 0.07335853363370645}. Best is trial 100 with value: 0.0757107213139534.
LOCAL_RANK: 0 - CUDA_VISIBLE_DEVICES: [0]
[I 2023-11-30 02:14:48,875] Trial 148 finished with value: 0.0789203941822052 and parameters: {'gradient_clip_val': 0.5541729779219621, 'hidden_size': 47, 'dropout': 0.12347260898427545, 'hidden_continuous_size': 20, 'attention_head_size': 3, 'learning_rate': 0.0621461571927493}. Best is trial 100 with value: 0.0757107213139534.
LOCAL_RANK: 0 - CUDA_VISIBLE_DEVICES: [0]
[I 2023-11-30 02:15:01,834] Trial 149 finished with value: 0.21335983276367188 and parameters: {'gradient_clip_val': 0.5880795647572712, 'hidden_size': 47, 'dropout': 0.11965621773446533, 'hidden_continuous_size': 20, 'attention_head_size': 3, 'learning_rate': 0.059317102977572644}. Best is trial 100 with value: 0.0757107213139534.
[I 2023-11-30 02:15:01,947] A new study created in memory with name: no-name-c2b9d451-75f0-4302-acc4-6149516135ca
/home/le004/conda/anaconda3/envs/tsff_env/lib/python3.9/site-packages/lightning/fabric/plugins/environments/slurm.py:191: The `srun` command is available on your system but is not used. HINT: If your intention is to run Lightning on SLURM, prepend your python command with `srun` like so: srun python /home/le004/master_thesis/git/TSFusionForecast/code/ ...
LOCAL_RANK: 0 - CUDA_VISIBLE_DEVICES: [0]
[I 2023-11-30 02:15:14,112] Trial 0 finished with value: 0.3357429802417755 and parameters: {'gradient_clip_val': 0.6920114469022091, 'hidden_size': 18, 'dropout': 0.3907432661880931, 'hidden_continuous_size': 14, 'attention_head_size': 1, 'learning_rate': 0.03115535692842003}. Best is trial 0 with value: 0.3357429802417755.
LOCAL_RANK: 0 - CUDA_VISIBLE_DEVICES: [0]
[I 2023-11-30 02:15:26,236] Trial 1 finished with value: 0.6746953129768372 and parameters: {'gradient_clip_val': 0.5124325821661373, 'hidden_size': 18, 'dropout': 0.3095142889540537, 'hidden_continuous_size': 11, 'attention_head_size': 3, 'learning_rate': 0.00783270825120499}. Best is trial 0 with value: 0.3357429802417755.
LOCAL_RANK: 0 - CUDA_VISIBLE_DEVICES: [0]
[I 2023-11-30 02:15:40,546] Trial 2 finished with value: 0.2246423363685608 and parameters: {'gradient_clip_val': 0.21095545445458513, 'hidden_size': 124, 'dropout': 0.2617803332715847, 'hidden_continuous_size': 72, 'attention_head_size': 1, 'learning_rate': 0.07902060217128094}. Best is trial 2 with value: 0.2246423363685608.
LOCAL_RANK: 0 - CUDA_VISIBLE_DEVICES: [0]
[I 2023-11-30 02:15:53,169] Trial 3 finished with value: 0.12697464227676392 and parameters: {'gradient_clip_val': 0.5631676482005742, 'hidden_size': 30, 'dropout': 0.3726639278346412, 'hidden_continuous_size': 28, 'attention_head_size': 2, 'learning_rate': 0.07445857160224043}. Best is trial 3 with value: 0.12697464227676392.
LOCAL_RANK: 0 - CUDA_VISIBLE_DEVICES: [0]
[I 2023-11-30 02:16:06,441] Trial 4 finished with value: 0.9232621192932129 and parameters: {'gradient_clip_val': 0.8151209846697123, 'hidden_size': 47, 'dropout': 0.19342776805563286, 'hidden_continuous_size': 39, 'attention_head_size': 2, 'learning_rate': 0.001062114696570699}. Best is trial 3 with value: 0.12697464227676392.
LOCAL_RANK: 0 - CUDA_VISIBLE_DEVICES: [0]
[I 2023-11-30 02:16:19,620] Trial 5 finished with value: 0.6178648471832275 and parameters: {'gradient_clip_val': 0.795440784838223, 'hidden_size': 62, 'dropout': 0.29338763131430523, 'hidden_continuous_size': 21, 'attention_head_size': 1, 'learning_rate': 0.0038878021696601736}. Best is trial 3 with value: 0.12697464227676392.
LOCAL_RANK: 0 - CUDA_VISIBLE_DEVICES: [0]
[I 2023-11-30 02:16:32,828] Trial 6 finished with value: 0.11706379055976868 and parameters: {'gradient_clip_val': 0.29350632677546246, 'hidden_size': 57, 'dropout': 0.21495435673171334, 'hidden_continuous_size': 15, 'attention_head_size': 3, 'learning_rate': 0.07977258103473384}. Best is trial 6 with value: 0.11706379055976868.
LOCAL_RANK: 0 - CUDA_VISIBLE_DEVICES: [0]
[I 2023-11-30 02:16:44,737] Trial 7 finished with value: 0.7203342318534851 and parameters: {'gradient_clip_val': 0.44465844059581244, 'hidden_size': 20, 'dropout': 0.3930683856372561, 'hidden_continuous_size': 10, 'attention_head_size': 2, 'learning_rate': 0.009491621102484827}. Best is trial 6 with value: 0.11706379055976868.
LOCAL_RANK: 0 - CUDA_VISIBLE_DEVICES: [0]
[I 2023-11-30 02:16:57,889] Trial 8 finished with value: 0.1544373333454132 and parameters: {'gradient_clip_val': 0.3702248650236426, 'hidden_size': 59, 'dropout': 0.3502063309787886, 'hidden_continuous_size': 10, 'attention_head_size': 3, 'learning_rate': 0.04599335064745591}. Best is trial 6 with value: 0.11706379055976868.
LOCAL_RANK: 0 - CUDA_VISIBLE_DEVICES: [0]
[I 2023-11-30 02:17:09,997] Trial 9 finished with value: 2.4587926864624023 and parameters: {'gradient_clip_val': 0.3270656439329375, 'hidden_size': 21, 'dropout': 0.23586053956614758, 'hidden_continuous_size': 13, 'attention_head_size': 1, 'learning_rate': 0.0014400389878740497}. Best is trial 6 with value: 0.11706379055976868.
LOCAL_RANK: 0 - CUDA_VISIBLE_DEVICES: [0]
[I 2023-11-30 02:17:22,054] Trial 10 finished with value: 0.4982929229736328 and parameters: {'gradient_clip_val': 0.11534881501873649, 'hidden_size': 12, 'dropout': 0.10340389013063983, 'hidden_continuous_size': 10, 'attention_head_size': 4, 'learning_rate': 0.02173909402390535}. Best is trial 6 with value: 0.11706379055976868.
LOCAL_RANK: 0 - CUDA_VISIBLE_DEVICES: [0]
[I 2023-11-30 02:17:34,912] Trial 11 finished with value: 0.19909441471099854 and parameters: {'gradient_clip_val': 0.2547500548405838, 'hidden_size': 33, 'dropout': 0.19800331189285936, 'hidden_continuous_size': 18, 'attention_head_size': 4, 'learning_rate': 0.0887841155829353}. Best is trial 6 with value: 0.11706379055976868.
LOCAL_RANK: 0 - CUDA_VISIBLE_DEVICES: [0]
[I 2023-11-30 02:17:47,707] Trial 12 finished with value: 0.20339031517505646 and parameters: {'gradient_clip_val': 0.5603742456817181, 'hidden_size': 35, 'dropout': 0.3434634479249568, 'hidden_continuous_size': 19, 'attention_head_size': 3, 'learning_rate': 0.09426751227996981}. Best is trial 6 with value: 0.11706379055976868.
LOCAL_RANK: 0 - CUDA_VISIBLE_DEVICES: [0]
[I 2023-11-30 02:18:01,406] Trial 13 finished with value: 0.24794749915599823 and parameters: {'gradient_clip_val': 0.9475661996012708, 'hidden_size': 82, 'dropout': 0.25329852900247424, 'hidden_continuous_size': 30, 'attention_head_size': 2, 'learning_rate': 0.042369557006567186}. Best is trial 6 with value: 0.11706379055976868.
LOCAL_RANK: 0 - CUDA_VISIBLE_DEVICES: [0]
[I 2023-11-30 02:18:13,985] Trial 14 finished with value: 0.2028389424085617 and parameters: {'gradient_clip_val': 0.4018871996981241, 'hidden_size': 31, 'dropout': 0.32662711946189454, 'hidden_continuous_size': 15, 'attention_head_size': 3, 'learning_rate': 0.019262194593112427}. Best is trial 6 with value: 0.11706379055976868.
LOCAL_RANK: 0 - CUDA_VISIBLE_DEVICES: [0]
[I 2023-11-30 02:18:26,873] Trial 15 finished with value: 0.11032074689865112 and parameters: {'gradient_clip_val': 0.6082024483676388, 'hidden_size': 45, 'dropout': 0.2857901757520016, 'hidden_continuous_size': 23, 'attention_head_size': 2, 'learning_rate': 0.05473539256912214}. Best is trial 15 with value: 0.11032074689865112.
LOCAL_RANK: 0 - CUDA_VISIBLE_DEVICES: [0]
[I 2023-11-30 02:18:40,412] Trial 16 finished with value: 0.1473822444677353 and parameters: {'gradient_clip_val': 0.2521866484717854, 'hidden_size': 84, 'dropout': 0.2842562122893345, 'hidden_continuous_size': 24, 'attention_head_size': 4, 'learning_rate': 0.048681748676949174}. Best is trial 15 with value: 0.11032074689865112.
LOCAL_RANK: 0 - CUDA_VISIBLE_DEVICES: [0]
[I 2023-11-30 02:18:53,195] Trial 17 finished with value: 0.12630242109298706 and parameters: {'gradient_clip_val': 0.31712118823202035, 'hidden_size': 44, 'dropout': 0.20915790463096445, 'hidden_continuous_size': 15, 'attention_head_size': 3, 'learning_rate': 0.02164323468068571}. Best is trial 15 with value: 0.11032074689865112.
LOCAL_RANK: 0 - CUDA_VISIBLE_DEVICES: [0]
[I 2023-11-30 02:19:07,410] Trial 18 finished with value: 0.15569891035556793 and parameters: {'gradient_clip_val': 0.6624474628811261, 'hidden_size': 132, 'dropout': 0.16659616035102287, 'hidden_continuous_size': 37, 'attention_head_size': 2, 'learning_rate': 0.048433336854786506}. Best is trial 15 with value: 0.11032074689865112.
LOCAL_RANK: 0 - CUDA_VISIBLE_DEVICES: [0]
[I 2023-11-30 02:19:20,552] Trial 19 finished with value: 0.2292943149805069 and parameters: {'gradient_clip_val': 0.4889738061776648, 'hidden_size': 50, 'dropout': 0.27212970939985526, 'hidden_continuous_size': 17, 'attention_head_size': 3, 'learning_rate': 0.01470466564610148}. Best is trial 15 with value: 0.11032074689865112.
LOCAL_RANK: 0 - CUDA_VISIBLE_DEVICES: [0]
[I 2023-11-30 02:19:34,054] Trial 20 finished with value: 0.11098367720842361 and parameters: {'gradient_clip_val': 0.9731037759381284, 'hidden_size': 74, 'dropout': 0.2382723518308973, 'hidden_continuous_size': 22, 'attention_head_size': 2, 'learning_rate': 0.0325988985763134}. Best is trial 15 with value: 0.11032074689865112.
LOCAL_RANK: 0 - CUDA_VISIBLE_DEVICES: [0]
[I 2023-11-30 02:19:47,510] Trial 21 finished with value: 0.2625913918018341 and parameters: {'gradient_clip_val': 0.8938903258065702, 'hidden_size': 75, 'dropout': 0.23538008774469948, 'hidden_continuous_size': 22, 'attention_head_size': 2, 'learning_rate': 0.03178359181739386}. Best is trial 15 with value: 0.11032074689865112.
LOCAL_RANK: 0 - CUDA_VISIBLE_DEVICES: [0]
[I 2023-11-30 02:20:01,491] Trial 22 finished with value: 0.12328562885522842 and parameters: {'gradient_clip_val': 0.9409890663532138, 'hidden_size': 102, 'dropout': 0.2948275537163773, 'hidden_continuous_size': 24, 'attention_head_size': 2, 'learning_rate': 0.06322533452756075}. Best is trial 15 with value: 0.11032074689865112.
LOCAL_RANK: 0 - CUDA_VISIBLE_DEVICES: [0]
