[I 2023-11-30 11:46:32,180] Trial 113 finished with value: 1.1278738975524902 and parameters: {'gradient_clip_val': 0.8108397034095046, 'hidden_size': 29, 'dropout': 0.2834153434040656, 'hidden_continuous_size': 10, 'attention_head_size': 2, 'learning_rate': 0.021962836665716395}. Best is trial 49 with value: 0.7538018226623535.
LOCAL_RANK: 0 - CUDA_VISIBLE_DEVICES: [0]
[I 2023-11-30 11:46:44,469] Trial 114 finished with value: 1.100441575050354 and parameters: {'gradient_clip_val': 0.7250543457639316, 'hidden_size': 23, 'dropout': 0.2929359410609226, 'hidden_continuous_size': 15, 'attention_head_size': 1, 'learning_rate': 0.03325148879537406}. Best is trial 49 with value: 0.7538018226623535.
LOCAL_RANK: 0 - CUDA_VISIBLE_DEVICES: [0]
[I 2023-11-30 11:46:57,108] Trial 115 finished with value: 1.3559104204177856 and parameters: {'gradient_clip_val': 0.9206859442366845, 'hidden_size': 27, 'dropout': 0.32643294354425606, 'hidden_continuous_size': 16, 'attention_head_size': 3, 'learning_rate': 0.01861753449907247}. Best is trial 49 with value: 0.7538018226623535.
LOCAL_RANK: 0 - CUDA_VISIBLE_DEVICES: [0]
[I 2023-11-30 11:47:09,669] Trial 116 finished with value: 1.211992859840393 and parameters: {'gradient_clip_val': 0.6757323920283678, 'hidden_size': 21, 'dropout': 0.2641831231818154, 'hidden_continuous_size': 15, 'attention_head_size': 1, 'learning_rate': 0.016789957106608022}. Best is trial 49 with value: 0.7538018226623535.
LOCAL_RANK: 0 - CUDA_VISIBLE_DEVICES: [0]
[I 2023-11-30 11:47:22,249] Trial 117 finished with value: 1.1985129117965698 and parameters: {'gradient_clip_val': 0.8521374468872033, 'hidden_size': 27, 'dropout': 0.3155172552341192, 'hidden_continuous_size': 14, 'attention_head_size': 4, 'learning_rate': 0.02751584038848718}. Best is trial 49 with value: 0.7538018226623535.
LOCAL_RANK: 0 - CUDA_VISIBLE_DEVICES: [0]
[I 2023-11-30 11:47:32,794] Trial 118 finished with value: 1.5278857946395874 and parameters: {'gradient_clip_val': 0.7859542436546613, 'hidden_size': 32, 'dropout': 0.29888703067303074, 'hidden_continuous_size': 32, 'attention_head_size': 3, 'learning_rate': 0.02970522362104642}. Best is trial 49 with value: 0.7538018226623535.
LOCAL_RANK: 0 - CUDA_VISIBLE_DEVICES: [0]
[I 2023-11-30 11:47:45,102] Trial 119 finished with value: 1.3079830408096313 and parameters: {'gradient_clip_val': 0.7487127791932546, 'hidden_size': 25, 'dropout': 0.2559402787980091, 'hidden_continuous_size': 12, 'attention_head_size': 3, 'learning_rate': 0.014978960864345709}. Best is trial 49 with value: 0.7538018226623535.
LOCAL_RANK: 0 - CUDA_VISIBLE_DEVICES: [0]
[I 2023-11-30 11:47:57,501] Trial 120 finished with value: 1.1563948392868042 and parameters: {'gradient_clip_val': 0.6294066273460428, 'hidden_size': 29, 'dropout': 0.277069388486802, 'hidden_continuous_size': 16, 'attention_head_size': 2, 'learning_rate': 0.0132566462342276}. Best is trial 49 with value: 0.7538018226623535.
LOCAL_RANK: 0 - CUDA_VISIBLE_DEVICES: [0]
[I 2023-11-30 11:48:10,112] Trial 121 finished with value: 1.2137593030929565 and parameters: {'gradient_clip_val': 0.8882211300032419, 'hidden_size': 30, 'dropout': 0.2698342727027206, 'hidden_continuous_size': 16, 'attention_head_size': 3, 'learning_rate': 0.010464389437439138}. Best is trial 49 with value: 0.7538018226623535.
LOCAL_RANK: 0 - CUDA_VISIBLE_DEVICES: [0]
[I 2023-11-30 11:48:22,603] Trial 122 finished with value: 1.2119734287261963 and parameters: {'gradient_clip_val': 0.7931562634862066, 'hidden_size': 26, 'dropout': 0.2862045693000627, 'hidden_continuous_size': 15, 'attention_head_size': 3, 'learning_rate': 0.012177654022288544}. Best is trial 49 with value: 0.7538018226623535.
LOCAL_RANK: 0 - CUDA_VISIBLE_DEVICES: [0]
[I 2023-11-30 11:48:35,241] Trial 123 finished with value: 1.7390190362930298 and parameters: {'gradient_clip_val': 0.7144934623934824, 'hidden_size': 31, 'dropout': 0.26022808546067044, 'hidden_continuous_size': 14, 'attention_head_size': 3, 'learning_rate': 0.036634682326846156}. Best is trial 49 with value: 0.7538018226623535.
LOCAL_RANK: 0 - CUDA_VISIBLE_DEVICES: [0]
[I 2023-11-30 11:48:47,480] Trial 124 finished with value: 1.151763677597046 and parameters: {'gradient_clip_val': 0.8404466907292123, 'hidden_size': 24, 'dropout': 0.2686075366309698, 'hidden_continuous_size': 11, 'attention_head_size': 3, 'learning_rate': 0.009474681781309835}. Best is trial 49 with value: 0.7538018226623535.
LOCAL_RANK: 0 - CUDA_VISIBLE_DEVICES: [0]
[I 2023-11-30 11:49:00,213] Trial 125 finished with value: 1.0839180946350098 and parameters: {'gradient_clip_val': 0.7503120357213604, 'hidden_size': 33, 'dropout': 0.3070441042328642, 'hidden_continuous_size': 17, 'attention_head_size': 3, 'learning_rate': 0.020607275953610695}. Best is trial 49 with value: 0.7538018226623535.
LOCAL_RANK: 0 - CUDA_VISIBLE_DEVICES: [0]
[I 2023-11-30 11:49:12,798] Trial 126 finished with value: 1.0918817520141602 and parameters: {'gradient_clip_val': 0.6908031961297255, 'hidden_size': 28, 'dropout': 0.27917244624510434, 'hidden_continuous_size': 13, 'attention_head_size': 4, 'learning_rate': 0.016122726923802993}. Best is trial 49 with value: 0.7538018226623535.
LOCAL_RANK: 0 - CUDA_VISIBLE_DEVICES: [0]
[I 2023-11-30 11:49:25,489] Trial 127 finished with value: 1.135878562927246 and parameters: {'gradient_clip_val': 0.9363551299903023, 'hidden_size': 34, 'dropout': 0.28945904128173483, 'hidden_continuous_size': 14, 'attention_head_size': 3, 'learning_rate': 0.008134909792391034}. Best is trial 49 with value: 0.7538018226623535.
LOCAL_RANK: 0 - CUDA_VISIBLE_DEVICES: [0]
[I 2023-11-30 11:49:37,770] Trial 128 finished with value: 1.1640818119049072 and parameters: {'gradient_clip_val': 0.5913513582285583, 'hidden_size': 26, 'dropout': 0.2528763713424781, 'hidden_continuous_size': 15, 'attention_head_size': 1, 'learning_rate': 0.010975294786799941}. Best is trial 49 with value: 0.7538018226623535.
LOCAL_RANK: 0 - CUDA_VISIBLE_DEVICES: [0]
[I 2023-11-30 11:49:50,373] Trial 129 finished with value: 1.11777925491333 and parameters: {'gradient_clip_val': 0.6515962602890207, 'hidden_size': 31, 'dropout': 0.2740043190120333, 'hidden_continuous_size': 16, 'attention_head_size': 3, 'learning_rate': 0.01374069414648652}. Best is trial 49 with value: 0.7538018226623535.
LOCAL_RANK: 0 - CUDA_VISIBLE_DEVICES: [0]
[I 2023-11-30 11:50:03,615] Trial 130 finished with value: 1.5096334218978882 and parameters: {'gradient_clip_val': 0.557541901546082, 'hidden_size': 64, 'dropout': 0.23711160435019615, 'hidden_continuous_size': 26, 'attention_head_size': 2, 'learning_rate': 0.0176274471064722}. Best is trial 49 with value: 0.7538018226623535.
LOCAL_RANK: 0 - CUDA_VISIBLE_DEVICES: [0]
[I 2023-11-30 11:50:16,282] Trial 131 finished with value: 1.2345212697982788 and parameters: {'gradient_clip_val': 0.5131320100672399, 'hidden_size': 29, 'dropout': 0.22736818827985142, 'hidden_continuous_size': 13, 'attention_head_size': 4, 'learning_rate': 0.009056990609174994}. Best is trial 49 with value: 0.7538018226623535.
LOCAL_RANK: 0 - CUDA_VISIBLE_DEVICES: [0]
[I 2023-11-30 11:50:28,918] Trial 132 finished with value: 1.2835313081741333 and parameters: {'gradient_clip_val': 0.7951373745811486, 'hidden_size': 32, 'dropout': 0.24467439174501962, 'hidden_continuous_size': 17, 'attention_head_size': 4, 'learning_rate': 0.0083888774195398}. Best is trial 49 with value: 0.7538018226623535.
LOCAL_RANK: 0 - CUDA_VISIBLE_DEVICES: [0]
[I 2023-11-30 11:50:41,821] Trial 133 finished with value: 1.1353062391281128 and parameters: {'gradient_clip_val': 0.6235425369550877, 'hidden_size': 37, 'dropout': 0.22833616577716087, 'hidden_continuous_size': 13, 'attention_head_size': 4, 'learning_rate': 0.006902381567748763}. Best is trial 49 with value: 0.7538018226623535.
LOCAL_RANK: 0 - CUDA_VISIBLE_DEVICES: [0]
[I 2023-11-30 11:50:54,687] Trial 134 finished with value: 1.1018537282943726 and parameters: {'gradient_clip_val': 0.7279000378637948, 'hidden_size': 38, 'dropout': 0.2643670297874845, 'hidden_continuous_size': 12, 'attention_head_size': 4, 'learning_rate': 0.011651810695331001}. Best is trial 49 with value: 0.7538018226623535.
LOCAL_RANK: 0 - CUDA_VISIBLE_DEVICES: [0]
[I 2023-11-30 11:51:07,629] Trial 135 finished with value: 1.1039098501205444 and parameters: {'gradient_clip_val': 0.8695432334046291, 'hidden_size': 35, 'dropout': 0.24963736139800674, 'hidden_continuous_size': 18, 'attention_head_size': 4, 'learning_rate': 0.0074166052081330236}. Best is trial 49 with value: 0.7538018226623535.
LOCAL_RANK: 0 - CUDA_VISIBLE_DEVICES: [0]
[I 2023-11-30 11:51:20,431] Trial 136 finished with value: 1.1816833019256592 and parameters: {'gradient_clip_val': 0.6733328115042344, 'hidden_size': 27, 'dropout': 0.29577401571401807, 'hidden_continuous_size': 15, 'attention_head_size': 4, 'learning_rate': 0.009777927080457795}. Best is trial 49 with value: 0.7538018226623535.
LOCAL_RANK: 0 - CUDA_VISIBLE_DEVICES: [0]
[I 2023-11-30 11:51:33,075] Trial 137 finished with value: 1.1016016006469727 and parameters: {'gradient_clip_val': 0.49746714617487187, 'hidden_size': 30, 'dropout': 0.21378815494372475, 'hidden_continuous_size': 16, 'attention_head_size': 3, 'learning_rate': 0.008933295514199231}. Best is trial 49 with value: 0.7538018226623535.
LOCAL_RANK: 0 - CUDA_VISIBLE_DEVICES: [0]
[I 2023-11-30 11:51:45,665] Trial 138 finished with value: 1.0529022216796875 and parameters: {'gradient_clip_val': 0.5929135254601904, 'hidden_size': 23, 'dropout': 0.2583939805587435, 'hidden_continuous_size': 14, 'attention_head_size': 4, 'learning_rate': 0.025005536261015898}. Best is trial 49 with value: 0.7538018226623535.
LOCAL_RANK: 0 - CUDA_VISIBLE_DEVICES: [0]
[I 2023-11-30 11:51:57,897] Trial 139 finished with value: 1.4567159414291382 and parameters: {'gradient_clip_val': 0.5820286090750607, 'hidden_size': 21, 'dropout': 0.25901243986450356, 'hidden_continuous_size': 11, 'attention_head_size': 1, 'learning_rate': 0.025788078908805547}. Best is trial 49 with value: 0.7538018226623535.
LOCAL_RANK: 0 - CUDA_VISIBLE_DEVICES: [0]
[I 2023-11-30 11:52:10,211] Trial 140 finished with value: 1.4005409479141235 and parameters: {'gradient_clip_val': 0.8180810112121053, 'hidden_size': 23, 'dropout': 0.2837581282493894, 'hidden_continuous_size': 14, 'attention_head_size': 3, 'learning_rate': 0.023315453927508157}. Best is trial 49 with value: 0.7538018226623535.
LOCAL_RANK: 0 - CUDA_VISIBLE_DEVICES: [0]
[I 2023-11-30 11:52:22,634] Trial 141 finished with value: 1.0988906621932983 and parameters: {'gradient_clip_val': 0.5524255884472656, 'hidden_size': 24, 'dropout': 0.24243823898149136, 'hidden_continuous_size': 14, 'attention_head_size': 4, 'learning_rate': 0.01960808139259008}. Best is trial 49 with value: 0.7538018226623535.
LOCAL_RANK: 0 - CUDA_VISIBLE_DEVICES: [0]
[I 2023-11-30 11:52:35,114] Trial 142 finished with value: 1.0060911178588867 and parameters: {'gradient_clip_val': 0.45743429855177953, 'hidden_size': 28, 'dropout': 0.27255486225541553, 'hidden_continuous_size': 15, 'attention_head_size': 4, 'learning_rate': 0.01246936577989992}. Best is trial 49 with value: 0.7538018226623535.
LOCAL_RANK: 0 - CUDA_VISIBLE_DEVICES: [0]
[I 2023-11-30 11:52:47,691] Trial 143 finished with value: 1.1617869138717651 and parameters: {'gradient_clip_val': 0.43002640317045443, 'hidden_size': 22, 'dropout': 0.26644792299793174, 'hidden_continuous_size': 16, 'attention_head_size': 4, 'learning_rate': 0.02194538089316718}. Best is trial 49 with value: 0.7538018226623535.
LOCAL_RANK: 0 - CUDA_VISIBLE_DEVICES: [0]
[I 2023-11-30 11:53:00,286] Trial 144 finished with value: 1.2567216157913208 and parameters: {'gradient_clip_val': 0.531979092012135, 'hidden_size': 25, 'dropout': 0.27964950685478995, 'hidden_continuous_size': 15, 'attention_head_size': 4, 'learning_rate': 0.012714427602940994}. Best is trial 49 with value: 0.7538018226623535.
LOCAL_RANK: 0 - CUDA_VISIBLE_DEVICES: [0]
[I 2023-11-30 11:53:12,586] Trial 145 finished with value: 1.209051251411438 and parameters: {'gradient_clip_val': 0.6081480119336876, 'hidden_size': 28, 'dropout': 0.25442158531635667, 'hidden_continuous_size': 15, 'attention_head_size': 4, 'learning_rate': 0.014491191480166313}. Best is trial 49 with value: 0.7538018226623535.
LOCAL_RANK: 0 - CUDA_VISIBLE_DEVICES: [0]
[I 2023-11-30 11:53:25,237] Trial 146 finished with value: 1.1507700681686401 and parameters: {'gradient_clip_val': 0.46234477371558663, 'hidden_size': 26, 'dropout': 0.27387092789706474, 'hidden_continuous_size': 10, 'attention_head_size': 4, 'learning_rate': 0.025381413812741067}. Best is trial 49 with value: 0.7538018226623535.
LOCAL_RANK: 0 - CUDA_VISIBLE_DEVICES: [0]
[I 2023-11-30 11:53:37,984] Trial 147 finished with value: 1.2351937294006348 and parameters: {'gradient_clip_val': 0.7672521335653066, 'hidden_size': 48, 'dropout': 0.3030051096291401, 'hidden_continuous_size': 13, 'attention_head_size': 2, 'learning_rate': 0.029379872874386}. Best is trial 49 with value: 0.7538018226623535.
LOCAL_RANK: 0 - CUDA_VISIBLE_DEVICES: [0]
[I 2023-11-30 11:53:51,721] Trial 148 finished with value: 1.516914963722229 and parameters: {'gradient_clip_val': 0.38287423435801093, 'hidden_size': 89, 'dropout': 0.29270141843135294, 'hidden_continuous_size': 20, 'attention_head_size': 3, 'learning_rate': 0.0152884835413038}. Best is trial 49 with value: 0.7538018226623535.
LOCAL_RANK: 0 - CUDA_VISIBLE_DEVICES: [0]
[I 2023-11-30 11:54:04,320] Trial 149 finished with value: 1.0923320055007935 and parameters: {'gradient_clip_val': 0.6562295958116947, 'hidden_size': 29, 'dropout': 0.2624156777768351, 'hidden_continuous_size': 16, 'attention_head_size': 4, 'learning_rate': 0.018084191974516}. Best is trial 49 with value: 0.7538018226623535.
[I 2023-11-30 11:54:04,434] A new study created in memory with name: no-name-f5b66d15-32d1-4275-84de-d1a37a7ea2f1
/home/le004/conda/anaconda3/envs/tsff_env/lib/python3.9/site-packages/lightning/fabric/plugins/environments/slurm.py:191: The `srun` command is available on your system but is not used. HINT: If your intention is to run Lightning on SLURM, prepend your python command with `srun` like so: srun python /home/le004/master_thesis/git/TSFusionForecast/code/ ...
LOCAL_RANK: 0 - CUDA_VISIBLE_DEVICES: [0]
[I 2023-11-30 11:54:16,783] Trial 0 finished with value: 1.9890583753585815 and parameters: {'gradient_clip_val': 0.1333244862008721, 'hidden_size': 21, 'dropout': 0.39715547397367745, 'hidden_continuous_size': 19, 'attention_head_size': 1, 'learning_rate': 0.004315107911715428}. Best is trial 0 with value: 1.9890583753585815.
LOCAL_RANK: 0 - CUDA_VISIBLE_DEVICES: [0]
[I 2023-11-30 11:54:31,139] Trial 1 finished with value: 1.3859094381332397 and parameters: {'gradient_clip_val': 0.7100765060846901, 'hidden_size': 102, 'dropout': 0.3557405492545026, 'hidden_continuous_size': 43, 'attention_head_size': 3, 'learning_rate': 0.0016537062026555603}. Best is trial 1 with value: 1.3859094381332397.
LOCAL_RANK: 0 - CUDA_VISIBLE_DEVICES: [0]
[I 2023-11-30 11:54:43,577] Trial 2 finished with value: 1.542282223701477 and parameters: {'gradient_clip_val': 0.10509437800997665, 'hidden_size': 14, 'dropout': 0.2443848447224597, 'hidden_continuous_size': 10, 'attention_head_size': 4, 'learning_rate': 0.02529566526269277}. Best is trial 1 with value: 1.3859094381332397.
LOCAL_RANK: 0 - CUDA_VISIBLE_DEVICES: [0]
[I 2023-11-30 11:54:55,834] Trial 3 finished with value: 1.4341797828674316 and parameters: {'gradient_clip_val': 0.3825449766241229, 'hidden_size': 16, 'dropout': 0.3627433228550616, 'hidden_continuous_size': 13, 'attention_head_size': 4, 'learning_rate': 0.010470353667361314}. Best is trial 1 with value: 1.3859094381332397.
LOCAL_RANK: 0 - CUDA_VISIBLE_DEVICES: [0]
[I 2023-11-30 11:55:09,691] Trial 4 finished with value: 2.125084638595581 and parameters: {'gradient_clip_val': 0.1511937125734871, 'hidden_size': 113, 'dropout': 0.11082148404256958, 'hidden_continuous_size': 17, 'attention_head_size': 3, 'learning_rate': 0.013883647654309068}. Best is trial 1 with value: 1.3859094381332397.
LOCAL_RANK: 0 - CUDA_VISIBLE_DEVICES: [0]
[I 2023-11-30 11:55:23,136] Trial 5 finished with value: 2.1945583820343018 and parameters: {'gradient_clip_val': 0.48798729965215587, 'hidden_size': 57, 'dropout': 0.28546486351409717, 'hidden_continuous_size': 45, 'attention_head_size': 2, 'learning_rate': 0.07145474343829938}. Best is trial 1 with value: 1.3859094381332397.
LOCAL_RANK: 0 - CUDA_VISIBLE_DEVICES: [0]
[I 2023-11-30 11:55:37,802] Trial 6 finished with value: 1.6685861349105835 and parameters: {'gradient_clip_val': 0.10823914887976101, 'hidden_size': 129, 'dropout': 0.19004013184312296, 'hidden_continuous_size': 100, 'attention_head_size': 1, 'learning_rate': 0.005081669389964293}. Best is trial 1 with value: 1.3859094381332397.
LOCAL_RANK: 0 - CUDA_VISIBLE_DEVICES: [0]
[I 2023-11-30 11:55:50,508] Trial 7 finished with value: 1.6072330474853516 and parameters: {'gradient_clip_val': 0.11790669625184043, 'hidden_size': 27, 'dropout': 0.31055563182890844, 'hidden_continuous_size': 25, 'attention_head_size': 3, 'learning_rate': 0.05100469280589769}. Best is trial 1 with value: 1.3859094381332397.
LOCAL_RANK: 0 - CUDA_VISIBLE_DEVICES: [0]
[I 2023-11-30 11:56:03,376] Trial 8 finished with value: 1.752341866493225 and parameters: {'gradient_clip_val': 0.8564903771073247, 'hidden_size': 38, 'dropout': 0.33799689755220486, 'hidden_continuous_size': 12, 'attention_head_size': 4, 'learning_rate': 0.0841968357573553}. Best is trial 1 with value: 1.3859094381332397.
LOCAL_RANK: 0 - CUDA_VISIBLE_DEVICES: [0]
[I 2023-11-30 11:56:15,839] Trial 9 finished with value: 1.5390602350234985 and parameters: {'gradient_clip_val': 0.4718027474906813, 'hidden_size': 19, 'dropout': 0.10127488137050883, 'hidden_continuous_size': 16, 'attention_head_size': 4, 'learning_rate': 0.015607612255565166}. Best is trial 1 with value: 1.3859094381332397.
LOCAL_RANK: 0 - CUDA_VISIBLE_DEVICES: [0]
[I 2023-11-30 11:56:26,290] Trial 10 finished with value: 3.6098124980926514 and parameters: {'gradient_clip_val': 0.932823330820492, 'hidden_size': 10, 'dropout': 0.3626644531597645, 'hidden_continuous_size': 10, 'attention_head_size': 2, 'learning_rate': 0.0011729088003355611}. Best is trial 1 with value: 1.3859094381332397.
LOCAL_RANK: 0 - CUDA_VISIBLE_DEVICES: [0]
[I 2023-11-30 11:56:39,918] Trial 11 finished with value: 1.5333051681518555 and parameters: {'gradient_clip_val': 0.27971190831423076, 'hidden_size': 68, 'dropout': 0.3908192005881602, 'hidden_continuous_size': 35, 'attention_head_size': 3, 'learning_rate': 0.0017956850281295549}. Best is trial 1 with value: 1.3859094381332397.
LOCAL_RANK: 0 - CUDA_VISIBLE_DEVICES: [0]
[I 2023-11-30 11:56:52,709] Trial 12 finished with value: 1.3693870306015015 and parameters: {'gradient_clip_val': 0.578107056109709, 'hidden_size': 34, 'dropout': 0.346711052868938, 'hidden_continuous_size': 13, 'attention_head_size': 4, 'learning_rate': 0.006291205946210046}. Best is trial 12 with value: 1.3693870306015015.
LOCAL_RANK: 0 - CUDA_VISIBLE_DEVICES: [0]
[I 2023-11-30 11:57:05,922] Trial 13 finished with value: 1.4548531770706177 and parameters: {'gradient_clip_val': 0.6426316856974149, 'hidden_size': 49, 'dropout': 0.322032553932742, 'hidden_continuous_size': 23, 'attention_head_size': 3, 'learning_rate': 0.0027466691080621094}. Best is trial 12 with value: 1.3693870306015015.
LOCAL_RANK: 0 - CUDA_VISIBLE_DEVICES: [0]
[I 2023-11-30 11:57:19,688] Trial 14 finished with value: 1.8513017892837524 and parameters: {'gradient_clip_val': 0.7354765387430137, 'hidden_size': 81, 'dropout': 0.27567808296103924, 'hidden_continuous_size': 37, 'attention_head_size': 2, 'learning_rate': 0.005871611337285615}. Best is trial 12 with value: 1.3693870306015015.
LOCAL_RANK: 0 - CUDA_VISIBLE_DEVICES: [0]
[I 2023-11-30 11:57:32,390] Trial 15 finished with value: 2.229299306869507 and parameters: {'gradient_clip_val': 0.6165250769067152, 'hidden_size': 34, 'dropout': 0.35020221589076683, 'hidden_continuous_size': 13, 'attention_head_size': 4, 'learning_rate': 0.0011667465821500265}. Best is trial 12 with value: 1.3693870306015015.
LOCAL_RANK: 0 - CUDA_VISIBLE_DEVICES: [0]
[I 2023-11-30 11:57:46,618] Trial 16 finished with value: 1.6408084630966187 and parameters: {'gradient_clip_val': 0.9776031111358393, 'hidden_size': 95, 'dropout': 0.3997476592351502, 'hidden_continuous_size': 49, 'attention_head_size': 3, 'learning_rate': 0.002559153558071547}. Best is trial 12 with value: 1.3693870306015015.
LOCAL_RANK: 0 - CUDA_VISIBLE_DEVICES: [0]
[I 2023-11-30 11:58:01,370] Trial 17 finished with value: 2.001075029373169 and parameters: {'gradient_clip_val': 0.5745806931781144, 'hidden_size': 145, 'dropout': 0.3102214435294327, 'hidden_continuous_size': 66, 'attention_head_size': 4, 'learning_rate': 0.006974312027889479}. Best is trial 12 with value: 1.3693870306015015.
LOCAL_RANK: 0 - CUDA_VISIBLE_DEVICES: [0]
[I 2023-11-30 11:58:14,362] Trial 18 finished with value: 1.2682656049728394 and parameters: {'gradient_clip_val': 0.7842002156732593, 'hidden_size': 49, 'dropout': 0.3566202629733351, 'hidden_continuous_size': 26, 'attention_head_size': 3, 'learning_rate': 0.0034296883545305436}. Best is trial 18 with value: 1.2682656049728394.
LOCAL_RANK: 0 - CUDA_VISIBLE_DEVICES: [0]
[I 2023-11-30 11:58:27,320] Trial 19 finished with value: 1.602890968322754 and parameters: {'gradient_clip_val': 0.31188818491592535, 'hidden_size': 45, 'dropout': 0.25587348343697397, 'hidden_continuous_size': 24, 'attention_head_size': 2, 'learning_rate': 0.0034111490955971357}. Best is trial 18 with value: 1.2682656049728394.
LOCAL_RANK: 0 - CUDA_VISIBLE_DEVICES: [0]
