[I 2023-11-30 03:39:03,836] Trial 70 finished with value: 0.13028335571289062 and parameters: {'gradient_clip_val': 0.3053434620473716, 'hidden_size': 136, 'dropout': 0.31544946599237356, 'hidden_continuous_size': 90, 'attention_head_size': 1, 'learning_rate': 0.021696969677587993}. Best is trial 34 with value: 0.06470241397619247.
LOCAL_RANK: 0 - CUDA_VISIBLE_DEVICES: [0]
[I 2023-11-30 03:39:18,338] Trial 71 finished with value: 0.24240438640117645 and parameters: {'gradient_clip_val': 0.5392615523632611, 'hidden_size': 122, 'dropout': 0.2502173364490775, 'hidden_continuous_size': 69, 'attention_head_size': 2, 'learning_rate': 0.015191220475838601}. Best is trial 34 with value: 0.06470241397619247.
LOCAL_RANK: 0 - CUDA_VISIBLE_DEVICES: [0]
[I 2023-11-30 03:39:32,639] Trial 72 finished with value: 0.09270232915878296 and parameters: {'gradient_clip_val': 0.6277317841312852, 'hidden_size': 114, 'dropout': 0.26918886789176744, 'hidden_continuous_size': 65, 'attention_head_size': 2, 'learning_rate': 0.01298605004936732}. Best is trial 34 with value: 0.06470241397619247.
LOCAL_RANK: 0 - CUDA_VISIBLE_DEVICES: [0]
[I 2023-11-30 03:39:46,603] Trial 73 finished with value: 0.12540203332901 and parameters: {'gradient_clip_val': 0.62858117711823, 'hidden_size': 91, 'dropout': 0.2725875671224684, 'hidden_continuous_size': 58, 'attention_head_size': 2, 'learning_rate': 0.012785675644035679}. Best is trial 34 with value: 0.06470241397619247.
LOCAL_RANK: 0 - CUDA_VISIBLE_DEVICES: [0]
[I 2023-11-30 03:40:00,586] Trial 74 finished with value: 0.1475004404783249 and parameters: {'gradient_clip_val': 0.7749279522405469, 'hidden_size': 112, 'dropout': 0.26528309466075783, 'hidden_continuous_size': 51, 'attention_head_size': 2, 'learning_rate': 0.011117251790847037}. Best is trial 34 with value: 0.06470241397619247.
LOCAL_RANK: 0 - CUDA_VISIBLE_DEVICES: [0]
[I 2023-11-30 03:40:14,736] Trial 75 finished with value: 0.2829073667526245 and parameters: {'gradient_clip_val': 0.6624178691369115, 'hidden_size': 111, 'dropout': 0.30188343952044333, 'hidden_continuous_size': 62, 'attention_head_size': 2, 'learning_rate': 0.017997182141536713}. Best is trial 34 with value: 0.06470241397619247.
LOCAL_RANK: 0 - CUDA_VISIBLE_DEVICES: [0]
[I 2023-11-30 03:40:28,973] Trial 76 finished with value: 0.15062880516052246 and parameters: {'gradient_clip_val': 0.5820625258305244, 'hidden_size': 99, 'dropout': 0.2793685484685589, 'hidden_continuous_size': 72, 'attention_head_size': 2, 'learning_rate': 0.009481836707366822}. Best is trial 34 with value: 0.06470241397619247.
LOCAL_RANK: 0 - CUDA_VISIBLE_DEVICES: [0]
[I 2023-11-30 03:40:43,245] Trial 77 finished with value: 0.1464259773492813 and parameters: {'gradient_clip_val': 0.42237404124041644, 'hidden_size': 139, 'dropout': 0.2930515755282563, 'hidden_continuous_size': 38, 'attention_head_size': 2, 'learning_rate': 0.01294568031032909}. Best is trial 34 with value: 0.06470241397619247.
LOCAL_RANK: 0 - CUDA_VISIBLE_DEVICES: [0]
[I 2023-11-30 03:40:57,312] Trial 78 finished with value: 0.16522645950317383 and parameters: {'gradient_clip_val': 0.48949411659174313, 'hidden_size': 88, 'dropout': 0.30832239741963036, 'hidden_continuous_size': 65, 'attention_head_size': 2, 'learning_rate': 0.020928086973359704}. Best is trial 34 with value: 0.06470241397619247.
LOCAL_RANK: 0 - CUDA_VISIBLE_DEVICES: [0]
[I 2023-11-30 03:41:11,582] Trial 79 finished with value: 0.18872956931591034 and parameters: {'gradient_clip_val': 0.7119554877002174, 'hidden_size': 128, 'dropout': 0.26133796146689997, 'hidden_continuous_size': 92, 'attention_head_size': 2, 'learning_rate': 0.027212015579670127}. Best is trial 34 with value: 0.06470241397619247.
LOCAL_RANK: 0 - CUDA_VISIBLE_DEVICES: [0]
[I 2023-11-30 03:41:25,568] Trial 80 finished with value: 0.11624938249588013 and parameters: {'gradient_clip_val': 0.6114295291196973, 'hidden_size': 120, 'dropout': 0.2773936643519967, 'hidden_continuous_size': 55, 'attention_head_size': 2, 'learning_rate': 0.011092361324202686}. Best is trial 34 with value: 0.06470241397619247.
LOCAL_RANK: 0 - CUDA_VISIBLE_DEVICES: [0]
[I 2023-11-30 03:41:39,859] Trial 81 finished with value: 0.26640498638153076 and parameters: {'gradient_clip_val': 0.6221249663542348, 'hidden_size': 117, 'dropout': 0.2868000956722733, 'hidden_continuous_size': 50, 'attention_head_size': 2, 'learning_rate': 0.010934077626749755}. Best is trial 34 with value: 0.06470241397619247.
LOCAL_RANK: 0 - CUDA_VISIBLE_DEVICES: [0]
[I 2023-11-30 03:41:53,894] Trial 82 finished with value: 0.10004565119743347 and parameters: {'gradient_clip_val': 0.5819323350045202, 'hidden_size': 106, 'dropout': 0.2774540494860711, 'hidden_continuous_size': 57, 'attention_head_size': 2, 'learning_rate': 0.01702492940720308}. Best is trial 34 with value: 0.06470241397619247.
LOCAL_RANK: 0 - CUDA_VISIBLE_DEVICES: [0]
[I 2023-11-30 03:42:07,933] Trial 83 finished with value: 0.14392995834350586 and parameters: {'gradient_clip_val': 0.5654683334361518, 'hidden_size': 106, 'dropout': 0.2764911312601691, 'hidden_continuous_size': 57, 'attention_head_size': 2, 'learning_rate': 0.016813370443365498}. Best is trial 34 with value: 0.06470241397619247.
LOCAL_RANK: 0 - CUDA_VISIBLE_DEVICES: [0]
[I 2023-11-30 03:42:22,126] Trial 84 finished with value: 0.3629913628101349 and parameters: {'gradient_clip_val': 0.5980269005683795, 'hidden_size': 130, 'dropout': 0.2524559517890373, 'hidden_continuous_size': 54, 'attention_head_size': 2, 'learning_rate': 0.013793337972527903}. Best is trial 34 with value: 0.06470241397619247.
LOCAL_RANK: 0 - CUDA_VISIBLE_DEVICES: [0]
[I 2023-11-30 03:42:36,291] Trial 85 finished with value: 0.16072094440460205 and parameters: {'gradient_clip_val': 0.666695161495937, 'hidden_size': 94, 'dropout': 0.2652162801924465, 'hidden_continuous_size': 78, 'attention_head_size': 2, 'learning_rate': 0.009308949217931217}. Best is trial 34 with value: 0.06470241397619247.
LOCAL_RANK: 0 - CUDA_VISIBLE_DEVICES: [0]
[I 2023-11-30 03:42:50,742] Trial 86 finished with value: 0.11112026125192642 and parameters: {'gradient_clip_val': 0.7617799091285338, 'hidden_size': 141, 'dropout': 0.27916457735865186, 'hidden_continuous_size': 47, 'attention_head_size': 2, 'learning_rate': 0.011367804079472644}. Best is trial 34 with value: 0.06470241397619247.
LOCAL_RANK: 0 - CUDA_VISIBLE_DEVICES: [0]
[I 2023-11-30 03:43:04,855] Trial 87 finished with value: 0.28643083572387695 and parameters: {'gradient_clip_val': 0.8381386175495688, 'hidden_size': 144, 'dropout': 0.3017285065296127, 'hidden_continuous_size': 40, 'attention_head_size': 2, 'learning_rate': 0.016425752411778155}. Best is trial 34 with value: 0.06470241397619247.
LOCAL_RANK: 0 - CUDA_VISIBLE_DEVICES: [0]
[I 2023-11-30 03:43:19,042] Trial 88 finished with value: 0.10527399927377701 and parameters: {'gradient_clip_val': 0.747238266440476, 'hidden_size': 141, 'dropout': 0.2946209097008658, 'hidden_continuous_size': 49, 'attention_head_size': 2, 'learning_rate': 0.019462275656209234}. Best is trial 34 with value: 0.06470241397619247.
LOCAL_RANK: 0 - CUDA_VISIBLE_DEVICES: [0]
[I 2023-11-30 03:43:33,149] Trial 89 finished with value: 0.1060323640704155 and parameters: {'gradient_clip_val': 0.48191309384254216, 'hidden_size': 103, 'dropout': 0.32079510912561343, 'hidden_continuous_size': 44, 'attention_head_size': 2, 'learning_rate': 0.019550945302256185}. Best is trial 34 with value: 0.06470241397619247.
LOCAL_RANK: 0 - CUDA_VISIBLE_DEVICES: [0]
[I 2023-11-30 03:43:47,103] Trial 90 finished with value: 0.21041738986968994 and parameters: {'gradient_clip_val': 0.5112443805711577, 'hidden_size': 104, 'dropout': 0.3199027630706491, 'hidden_continuous_size': 45, 'attention_head_size': 2, 'learning_rate': 0.024703367523567235}. Best is trial 34 with value: 0.06470241397619247.
LOCAL_RANK: 0 - CUDA_VISIBLE_DEVICES: [0]
[I 2023-11-30 03:44:01,372] Trial 91 finished with value: 0.28679922223091125 and parameters: {'gradient_clip_val': 0.4721393314235055, 'hidden_size': 131, 'dropout': 0.31227840836871146, 'hidden_continuous_size': 44, 'attention_head_size': 2, 'learning_rate': 0.0227034115233997}. Best is trial 34 with value: 0.06470241397619247.
LOCAL_RANK: 0 - CUDA_VISIBLE_DEVICES: [0]
[I 2023-11-30 03:44:15,246] Trial 92 finished with value: 0.17005877196788788 and parameters: {'gradient_clip_val': 0.4364575483711813, 'hidden_size': 82, 'dropout': 0.29393122266995897, 'hidden_continuous_size': 59, 'attention_head_size': 2, 'learning_rate': 0.020165070308192926}. Best is trial 34 with value: 0.06470241397619247.
LOCAL_RANK: 0 - CUDA_VISIBLE_DEVICES: [0]
[I 2023-11-30 03:44:29,318] Trial 93 finished with value: 0.19667930901050568 and parameters: {'gradient_clip_val': 0.7021525101270792, 'hidden_size': 116, 'dropout': 0.33268915103528507, 'hidden_continuous_size': 50, 'attention_head_size': 2, 'learning_rate': 0.018506253693379243}. Best is trial 34 with value: 0.06470241397619247.
LOCAL_RANK: 0 - CUDA_VISIBLE_DEVICES: [0]
[I 2023-11-30 03:44:43,225] Trial 94 finished with value: 0.12312491983175278 and parameters: {'gradient_clip_val': 0.5583963142810684, 'hidden_size': 100, 'dropout': 0.32569395357302877, 'hidden_continuous_size': 52, 'attention_head_size': 2, 'learning_rate': 0.014554271296567918}. Best is trial 34 with value: 0.06470241397619247.
LOCAL_RANK: 0 - CUDA_VISIBLE_DEVICES: [0]
[I 2023-11-30 03:44:57,343] Trial 95 finished with value: 0.1254306137561798 and parameters: {'gradient_clip_val': 0.5149791109182723, 'hidden_size': 129, 'dropout': 0.3090532164881422, 'hidden_continuous_size': 35, 'attention_head_size': 2, 'learning_rate': 0.020825148118242154}. Best is trial 34 with value: 0.06470241397619247.
LOCAL_RANK: 0 - CUDA_VISIBLE_DEVICES: [0]
[I 2023-11-30 03:45:11,493] Trial 96 finished with value: 0.10081092268228531 and parameters: {'gradient_clip_val': 0.37893185067930657, 'hidden_size': 111, 'dropout': 0.3385114010361106, 'hidden_continuous_size': 48, 'attention_head_size': 2, 'learning_rate': 0.015808607916143035}. Best is trial 34 with value: 0.06470241397619247.
LOCAL_RANK: 0 - CUDA_VISIBLE_DEVICES: [0]
[I 2023-11-30 03:45:25,588] Trial 97 finished with value: 0.1742011308670044 and parameters: {'gradient_clip_val': 0.40465256275628025, 'hidden_size': 110, 'dropout': 0.3200108719912031, 'hidden_continuous_size': 48, 'attention_head_size': 2, 'learning_rate': 0.01732904992064052}. Best is trial 34 with value: 0.06470241397619247.
LOCAL_RANK: 0 - CUDA_VISIBLE_DEVICES: [0]
[I 2023-11-30 03:45:39,842] Trial 98 finished with value: 0.10241127759218216 and parameters: {'gradient_clip_val': 0.3766766771037322, 'hidden_size': 97, 'dropout': 0.32820971743852995, 'hidden_continuous_size': 72, 'attention_head_size': 2, 'learning_rate': 0.019213423974013193}. Best is trial 34 with value: 0.06470241397619247.
LOCAL_RANK: 0 - CUDA_VISIBLE_DEVICES: [0]
[I 2023-11-30 03:45:54,130] Trial 99 finished with value: 0.3843272030353546 and parameters: {'gradient_clip_val': 0.38921521561323624, 'hidden_size': 93, 'dropout': 0.34698382559903207, 'hidden_continuous_size': 73, 'attention_head_size': 2, 'learning_rate': 0.01604388074617824}. Best is trial 34 with value: 0.06470241397619247.
LOCAL_RANK: 0 - CUDA_VISIBLE_DEVICES: [0]
[I 2023-11-30 03:46:07,940] Trial 100 finished with value: 0.20446203649044037 and parameters: {'gradient_clip_val': 0.36117931034975376, 'hidden_size': 76, 'dropout': 0.3358051603590316, 'hidden_continuous_size': 68, 'attention_head_size': 2, 'learning_rate': 0.0262897028768228}. Best is trial 34 with value: 0.06470241397619247.
LOCAL_RANK: 0 - CUDA_VISIBLE_DEVICES: [0]
[I 2023-11-30 03:46:22,268] Trial 101 finished with value: 0.21403177082538605 and parameters: {'gradient_clip_val': 0.4444875518298884, 'hidden_size': 104, 'dropout': 0.32888542212032384, 'hidden_continuous_size': 81, 'attention_head_size': 2, 'learning_rate': 0.019619926483356313}. Best is trial 34 with value: 0.06470241397619247.
LOCAL_RANK: 0 - CUDA_VISIBLE_DEVICES: [0]
[I 2023-11-30 03:46:36,179] Trial 102 finished with value: 0.2806128263473511 and parameters: {'gradient_clip_val': 0.3416027952184217, 'hidden_size': 97, 'dropout': 0.336876918518555, 'hidden_continuous_size': 60, 'attention_head_size': 2, 'learning_rate': 0.02361439999480749}. Best is trial 34 with value: 0.06470241397619247.
LOCAL_RANK: 0 - CUDA_VISIBLE_DEVICES: [0]
[I 2023-11-30 03:46:50,447] Trial 103 finished with value: 0.17547136545181274 and parameters: {'gradient_clip_val': 0.42140914297804904, 'hidden_size': 109, 'dropout': 0.3448941747685961, 'hidden_continuous_size': 74, 'attention_head_size': 2, 'learning_rate': 0.013801768172194086}. Best is trial 34 with value: 0.06470241397619247.
LOCAL_RANK: 0 - CUDA_VISIBLE_DEVICES: [0]
[I 2023-11-30 03:47:04,636] Trial 104 finished with value: 0.110258549451828 and parameters: {'gradient_clip_val': 0.37209447768539067, 'hidden_size': 119, 'dropout': 0.3412015007746356, 'hidden_continuous_size': 63, 'attention_head_size': 2, 'learning_rate': 0.02923398697979269}. Best is trial 34 with value: 0.06470241397619247.
LOCAL_RANK: 0 - CUDA_VISIBLE_DEVICES: [0]
[I 2023-11-30 03:47:18,854] Trial 105 finished with value: 0.1554049253463745 and parameters: {'gradient_clip_val': 0.47721195383688214, 'hidden_size': 91, 'dropout': 0.3563142321432116, 'hidden_continuous_size': 70, 'attention_head_size': 2, 'learning_rate': 0.012268454921004908}. Best is trial 34 with value: 0.06470241397619247.
LOCAL_RANK: 0 - CUDA_VISIBLE_DEVICES: [0]
[I 2023-11-30 03:47:33,174] Trial 106 finished with value: 0.2011253833770752 and parameters: {'gradient_clip_val': 0.38989511017529355, 'hidden_size': 86, 'dropout': 0.3149797721576686, 'hidden_continuous_size': 75, 'attention_head_size': 2, 'learning_rate': 0.018163647808694987}. Best is trial 34 with value: 0.06470241397619247.
LOCAL_RANK: 0 - CUDA_VISIBLE_DEVICES: [0]
[I 2023-11-30 03:47:47,392] Trial 107 finished with value: 0.12655280530452728 and parameters: {'gradient_clip_val': 0.63859197248844, 'hidden_size': 115, 'dropout': 0.3052145713421781, 'hidden_continuous_size': 65, 'attention_head_size': 2, 'learning_rate': 0.015151785604468082}. Best is trial 34 with value: 0.06470241397619247.
LOCAL_RANK: 0 - CUDA_VISIBLE_DEVICES: [0]
[I 2023-11-30 03:48:01,802] Trial 108 finished with value: 0.3180359899997711 and parameters: {'gradient_clip_val': 0.5504490900007356, 'hidden_size': 124, 'dropout': 0.2945976402703934, 'hidden_continuous_size': 84, 'attention_head_size': 2, 'learning_rate': 0.013485038537338208}. Best is trial 34 with value: 0.06470241397619247.
LOCAL_RANK: 0 - CUDA_VISIBLE_DEVICES: [0]
[I 2023-11-30 03:48:15,747] Trial 109 finished with value: 0.17855121195316315 and parameters: {'gradient_clip_val': 0.49987400876060706, 'hidden_size': 100, 'dropout': 0.2710857324092534, 'hidden_continuous_size': 53, 'attention_head_size': 1, 'learning_rate': 0.022478486890535835}. Best is trial 34 with value: 0.06470241397619247.
LOCAL_RANK: 0 - CUDA_VISIBLE_DEVICES: [0]
[I 2023-11-30 03:48:30,123] Trial 110 finished with value: 0.3575343191623688 and parameters: {'gradient_clip_val': 0.4656525543043812, 'hidden_size': 141, 'dropout': 0.28819936381508215, 'hidden_continuous_size': 42, 'attention_head_size': 3, 'learning_rate': 0.01638289308597065}. Best is trial 34 with value: 0.06470241397619247.
LOCAL_RANK: 0 - CUDA_VISIBLE_DEVICES: [0]
[I 2023-11-30 03:48:44,298] Trial 111 finished with value: 0.12370270490646362 and parameters: {'gradient_clip_val': 0.32650470717705055, 'hidden_size': 132, 'dropout': 0.3250091688795003, 'hidden_continuous_size': 45, 'attention_head_size': 2, 'learning_rate': 0.01888929505344028}. Best is trial 34 with value: 0.06470241397619247.
LOCAL_RANK: 0 - CUDA_VISIBLE_DEVICES: [0]
[I 2023-11-30 03:48:58,484] Trial 112 finished with value: 0.15461428463459015 and parameters: {'gradient_clip_val': 0.3423491006302606, 'hidden_size': 125, 'dropout': 0.2992426200853807, 'hidden_continuous_size': 57, 'attention_head_size': 2, 'learning_rate': 0.012441204875274005}. Best is trial 34 with value: 0.06470241397619247.
LOCAL_RANK: 0 - CUDA_VISIBLE_DEVICES: [0]
[I 2023-11-30 03:49:12,943] Trial 113 finished with value: 0.19868481159210205 and parameters: {'gradient_clip_val': 0.3637318939439336, 'hidden_size': 146, 'dropout': 0.2819663809292232, 'hidden_continuous_size': 49, 'attention_head_size': 2, 'learning_rate': 0.015501279268888762}. Best is trial 34 with value: 0.06470241397619247.
LOCAL_RANK: 0 - CUDA_VISIBLE_DEVICES: [0]
[I 2023-11-30 03:49:27,008] Trial 114 finished with value: 0.08405888825654984 and parameters: {'gradient_clip_val': 0.5866900199005215, 'hidden_size': 109, 'dropout': 0.30449741016626364, 'hidden_continuous_size': 47, 'attention_head_size': 2, 'learning_rate': 0.010262634473130007}. Best is trial 34 with value: 0.06470241397619247.
LOCAL_RANK: 0 - CUDA_VISIBLE_DEVICES: [0]
[I 2023-11-30 03:49:41,228] Trial 115 finished with value: 0.42116090655326843 and parameters: {'gradient_clip_val': 0.5900432785459893, 'hidden_size': 107, 'dropout': 0.31286339279829867, 'hidden_continuous_size': 81, 'attention_head_size': 2, 'learning_rate': 0.009924137973960278}. Best is trial 34 with value: 0.06470241397619247.
LOCAL_RANK: 0 - CUDA_VISIBLE_DEVICES: [0]
[I 2023-11-30 03:49:55,314] Trial 116 finished with value: 0.13802574574947357 and parameters: {'gradient_clip_val': 0.5356557034122235, 'hidden_size': 112, 'dropout': 0.30274676862600447, 'hidden_continuous_size': 52, 'attention_head_size': 2, 'learning_rate': 0.01063896563388496}. Best is trial 34 with value: 0.06470241397619247.
LOCAL_RANK: 0 - CUDA_VISIBLE_DEVICES: [0]
[I 2023-11-30 03:50:09,227] Trial 117 finished with value: 0.24105887115001678 and parameters: {'gradient_clip_val': 0.6352542367207895, 'hidden_size': 120, 'dropout': 0.32059288600601077, 'hidden_continuous_size': 38, 'attention_head_size': 2, 'learning_rate': 0.012069845712162424}. Best is trial 34 with value: 0.06470241397619247.
LOCAL_RANK: 0 - CUDA_VISIBLE_DEVICES: [0]
[I 2023-11-30 03:50:23,091] Trial 118 finished with value: 0.40746548771858215 and parameters: {'gradient_clip_val': 0.563737935973592, 'hidden_size': 96, 'dropout': 0.33188054678059753, 'hidden_continuous_size': 47, 'attention_head_size': 2, 'learning_rate': 0.014052896341159984}. Best is trial 34 with value: 0.06470241397619247.
LOCAL_RANK: 0 - CUDA_VISIBLE_DEVICES: [0]
[I 2023-11-30 03:50:37,091] Trial 119 finished with value: 0.22071199119091034 and parameters: {'gradient_clip_val': 0.5214816818729746, 'hidden_size': 102, 'dropout': 0.29260602563546, 'hidden_continuous_size': 56, 'attention_head_size': 2, 'learning_rate': 0.008726342648420427}. Best is trial 34 with value: 0.06470241397619247.
LOCAL_RANK: 0 - CUDA_VISIBLE_DEVICES: [0]
[I 2023-11-30 03:50:51,332] Trial 120 finished with value: 0.4909076988697052 and parameters: {'gradient_clip_val': 0.6820441776350714, 'hidden_size': 135, 'dropout': 0.2846966291722821, 'hidden_continuous_size': 43, 'attention_head_size': 2, 'learning_rate': 0.02135257994654529}. Best is trial 34 with value: 0.06470241397619247.
LOCAL_RANK: 0 - CUDA_VISIBLE_DEVICES: [0]
[I 2023-11-30 03:51:05,828] Trial 121 finished with value: 0.1714070588350296 and parameters: {'gradient_clip_val': 0.41383175065595673, 'hidden_size': 139, 'dropout': 0.3069634781720459, 'hidden_continuous_size': 45, 'attention_head_size': 2, 'learning_rate': 0.017115328087473996}. Best is trial 34 with value: 0.06470241397619247.
LOCAL_RANK: 0 - CUDA_VISIBLE_DEVICES: [0]
[I 2023-11-30 03:51:20,164] Trial 122 finished with value: 0.3931252956390381 and parameters: {'gradient_clip_val': 0.4496202632305426, 'hidden_size': 150, 'dropout': 0.29836336789977674, 'hidden_continuous_size': 36, 'attention_head_size': 2, 'learning_rate': 0.019478273378134063}. Best is trial 34 with value: 0.06470241397619247.
LOCAL_RANK: 0 - CUDA_VISIBLE_DEVICES: [0]
[I 2023-11-30 03:51:34,266] Trial 123 finished with value: 0.0962938591837883 and parameters: {'gradient_clip_val': 0.5988432014831307, 'hidden_size': 115, 'dropout': 0.2721615372990352, 'hidden_continuous_size': 40, 'attention_head_size': 2, 'learning_rate': 0.01479533518911962}. Best is trial 34 with value: 0.06470241397619247.
LOCAL_RANK: 0 - CUDA_VISIBLE_DEVICES: [0]
[I 2023-11-30 03:51:48,252] Trial 124 finished with value: 0.22336752712726593 and parameters: {'gradient_clip_val': 0.5783452867394366, 'hidden_size': 115, 'dropout': 0.27094172611333145, 'hidden_continuous_size': 41, 'attention_head_size': 2, 'learning_rate': 0.012949758679503768}. Best is trial 34 with value: 0.06470241397619247.
LOCAL_RANK: 0 - CUDA_VISIBLE_DEVICES: [0]
[I 2023-11-30 03:52:02,243] Trial 125 finished with value: 0.22544638812541962 and parameters: {'gradient_clip_val': 0.5999031735498319, 'hidden_size': 105, 'dropout': 0.25740284168564814, 'hidden_continuous_size': 40, 'attention_head_size': 2, 'learning_rate': 0.015128929206714724}. Best is trial 34 with value: 0.06470241397619247.
LOCAL_RANK: 0 - CUDA_VISIBLE_DEVICES: [0]
[I 2023-11-30 03:52:16,641] Trial 126 finished with value: 0.14740733802318573 and parameters: {'gradient_clip_val': 0.6473432730361499, 'hidden_size': 89, 'dropout': 0.2680726913122419, 'hidden_continuous_size': 68, 'attention_head_size': 2, 'learning_rate': 0.010022591665402137}. Best is trial 34 with value: 0.06470241397619247.
LOCAL_RANK: 0 - CUDA_VISIBLE_DEVICES: [0]
[I 2023-11-30 03:52:30,675] Trial 127 finished with value: 0.2909548580646515 and parameters: {'gradient_clip_val': 0.7284227975010868, 'hidden_size': 125, 'dropout': 0.24730317974785399, 'hidden_continuous_size': 33, 'attention_head_size': 2, 'learning_rate': 0.01193615752108563}. Best is trial 34 with value: 0.06470241397619247.
LOCAL_RANK: 0 - CUDA_VISIBLE_DEVICES: [0]
