[rank: 0] Seed set to 1337
[I 2023-11-29 20:06:46,528] A new study created in memory with name: no-name-6fb50717-6182-4855-b988-6cb685a5ccc2
/home/le004/conda/anaconda3/envs/tsff_env/lib/python3.9/site-packages/lightning/fabric/plugins/environments/slurm.py:191: The `srun` command is available on your system but is not used. HINT: If your intention is to run Lightning on SLURM, prepend your python command with `srun` like so: srun python /home/le004/master_thesis/git/TSFusionForecast/code/ ...
LOCAL_RANK: 0 - CUDA_VISIBLE_DEVICES: [0]
[I 2023-11-29 20:07:04,694] Trial 0 finished with value: 0.44831690192222595 and parameters: {'gradient_clip_val': 0.26257884835350614, 'hidden_size': 149, 'dropout': 0.15634139685728238, 'hidden_continuous_size': 40, 'attention_head_size': 3, 'learning_rate': 0.041346032805673366}. Best is trial 0 with value: 0.44831690192222595.
LOCAL_RANK: 0 - CUDA_VISIBLE_DEVICES: [0]
[I 2023-11-29 20:07:17,656] Trial 1 finished with value: 0.5352990627288818 and parameters: {'gradient_clip_val': 0.820071740186921, 'hidden_size': 82, 'dropout': 0.21489475282683784, 'hidden_continuous_size': 10, 'attention_head_size': 1, 'learning_rate': 0.04285509970798932}. Best is trial 0 with value: 0.44831690192222595.
LOCAL_RANK: 0 - CUDA_VISIBLE_DEVICES: [0]
[I 2023-11-29 20:07:29,687] Trial 2 finished with value: 0.5745193362236023 and parameters: {'gradient_clip_val': 0.15768344387572453, 'hidden_size': 21, 'dropout': 0.176709705692936, 'hidden_continuous_size': 13, 'attention_head_size': 2, 'learning_rate': 0.05837356069708347}. Best is trial 0 with value: 0.44831690192222595.
LOCAL_RANK: 0 - CUDA_VISIBLE_DEVICES: [0]
[I 2023-11-29 20:07:41,779] Trial 3 finished with value: 1.1461642980575562 and parameters: {'gradient_clip_val': 0.6365388601080113, 'hidden_size': 13, 'dropout': 0.2157154635000956, 'hidden_continuous_size': 10, 'attention_head_size': 3, 'learning_rate': 0.01025044197157949}. Best is trial 0 with value: 0.44831690192222595.
LOCAL_RANK: 0 - CUDA_VISIBLE_DEVICES: [0]
[I 2023-11-29 20:07:54,716] Trial 4 finished with value: 2.163606882095337 and parameters: {'gradient_clip_val': 0.2176912547296039, 'hidden_size': 47, 'dropout': 0.14602675239960144, 'hidden_continuous_size': 28, 'attention_head_size': 4, 'learning_rate': 0.0017540960140548663}. Best is trial 0 with value: 0.44831690192222595.
LOCAL_RANK: 0 - CUDA_VISIBLE_DEVICES: [0]
[I 2023-11-29 20:08:07,785] Trial 5 finished with value: 0.6803813576698303 and parameters: {'gradient_clip_val': 0.7157710752427678, 'hidden_size': 100, 'dropout': 0.3242597902405635, 'hidden_continuous_size': 14, 'attention_head_size': 1, 'learning_rate': 0.06433137878980322}. Best is trial 0 with value: 0.44831690192222595.
LOCAL_RANK: 0 - CUDA_VISIBLE_DEVICES: [0]
[I 2023-11-29 20:08:19,568] Trial 6 finished with value: 4.263589859008789 and parameters: {'gradient_clip_val': 0.5628106101970546, 'hidden_size': 16, 'dropout': 0.3761226653382842, 'hidden_continuous_size': 11, 'attention_head_size': 3, 'learning_rate': 0.0018859340125176535}. Best is trial 0 with value: 0.44831690192222595.
LOCAL_RANK: 0 - CUDA_VISIBLE_DEVICES: [0]
[I 2023-11-29 20:08:31,767] Trial 7 finished with value: 3.079634428024292 and parameters: {'gradient_clip_val': 0.8240813783181888, 'hidden_size': 14, 'dropout': 0.39760089967418566, 'hidden_continuous_size': 10, 'attention_head_size': 3, 'learning_rate': 0.006765178686748966}. Best is trial 0 with value: 0.44831690192222595.
LOCAL_RANK: 0 - CUDA_VISIBLE_DEVICES: [0]
[I 2023-11-29 20:08:43,556] Trial 8 finished with value: 0.5534710884094238 and parameters: {'gradient_clip_val': 0.21766244889177966, 'hidden_size': 11, 'dropout': 0.10552269820002518, 'hidden_continuous_size': 10, 'attention_head_size': 1, 'learning_rate': 0.07317695096001324}. Best is trial 0 with value: 0.44831690192222595.
LOCAL_RANK: 0 - CUDA_VISIBLE_DEVICES: [0]
[I 2023-11-29 20:08:55,640] Trial 9 finished with value: 4.14042329788208 and parameters: {'gradient_clip_val': 0.3012030916635173, 'hidden_size': 20, 'dropout': 0.14243388896532994, 'hidden_continuous_size': 17, 'attention_head_size': 2, 'learning_rate': 0.0012940702660896367}. Best is trial 0 with value: 0.44831690192222595.
LOCAL_RANK: 0 - CUDA_VISIBLE_DEVICES: [0]
[I 2023-11-29 20:09:09,928] Trial 10 finished with value: 0.5039847493171692 and parameters: {'gradient_clip_val': 0.1003147898688008, 'hidden_size': 104, 'dropout': 0.2823132571822671, 'hidden_continuous_size': 78, 'attention_head_size': 4, 'learning_rate': 0.021757988664335592}. Best is trial 0 with value: 0.44831690192222595.
LOCAL_RANK: 0 - CUDA_VISIBLE_DEVICES: [0]
[I 2023-11-29 20:09:24,611] Trial 11 finished with value: 0.6459572315216064 and parameters: {'gradient_clip_val': 0.10530279081600516, 'hidden_size': 142, 'dropout': 0.29480600723737904, 'hidden_continuous_size': 82, 'attention_head_size': 4, 'learning_rate': 0.024096384843049982}. Best is trial 0 with value: 0.44831690192222595.
LOCAL_RANK: 0 - CUDA_VISIBLE_DEVICES: [0]
[I 2023-11-29 20:09:39,381] Trial 12 finished with value: 0.6432593464851379 and parameters: {'gradient_clip_val': 0.10908581864969105, 'hidden_size': 142, 'dropout': 0.2642618297548698, 'hidden_continuous_size': 71, 'attention_head_size': 4, 'learning_rate': 0.02379898171422468}. Best is trial 0 with value: 0.44831690192222595.
LOCAL_RANK: 0 - CUDA_VISIBLE_DEVICES: [0]
[I 2023-11-29 20:09:53,098] Trial 13 finished with value: 0.513043999671936 and parameters: {'gradient_clip_val': 0.3766087226736075, 'hidden_size': 68, 'dropout': 0.2420864774511147, 'hidden_continuous_size': 53, 'attention_head_size': 4, 'learning_rate': 0.02672172745513912}. Best is trial 0 with value: 0.44831690192222595.
LOCAL_RANK: 0 - CUDA_VISIBLE_DEVICES: [0]
[I 2023-11-29 20:10:07,094] Trial 14 finished with value: 0.8175541758537292 and parameters: {'gradient_clip_val': 0.127415992549357, 'hidden_size': 102, 'dropout': 0.3116035671878656, 'hidden_continuous_size': 45, 'attention_head_size': 3, 'learning_rate': 0.01355907007335784}. Best is trial 0 with value: 0.44831690192222595.
LOCAL_RANK: 0 - CUDA_VISIBLE_DEVICES: [0]
[I 2023-11-29 20:10:20,247] Trial 15 finished with value: 0.4400966167449951 and parameters: {'gradient_clip_val': 0.16080228620612888, 'hidden_size': 56, 'dropout': 0.19640348999939436, 'hidden_continuous_size': 32, 'attention_head_size': 2, 'learning_rate': 0.030812825318736768}. Best is trial 15 with value: 0.4400966167449951.
LOCAL_RANK: 0 - CUDA_VISIBLE_DEVICES: [0]
[I 2023-11-29 20:10:33,175] Trial 16 finished with value: 0.49806296825408936 and parameters: {'gradient_clip_val': 0.16850105184956132, 'hidden_size': 47, 'dropout': 0.19553458626530837, 'hidden_continuous_size': 26, 'attention_head_size': 2, 'learning_rate': 0.09406132967413368}. Best is trial 15 with value: 0.4400966167449951.
LOCAL_RANK: 0 - CUDA_VISIBLE_DEVICES: [0]
[I 2023-11-29 20:10:46,075] Trial 17 finished with value: 0.6848125457763672 and parameters: {'gradient_clip_val': 0.312470553779998, 'hidden_size': 33, 'dropout': 0.1713369259253828, 'hidden_continuous_size': 23, 'attention_head_size': 2, 'learning_rate': 0.040426845254107675}. Best is trial 15 with value: 0.4400966167449951.
LOCAL_RANK: 0 - CUDA_VISIBLE_DEVICES: [0]
[I 2023-11-29 20:10:59,388] Trial 18 finished with value: 0.567618191242218 and parameters: {'gradient_clip_val': 0.23969939222637626, 'hidden_size': 61, 'dropout': 0.24148620153698389, 'hidden_continuous_size': 37, 'attention_head_size': 2, 'learning_rate': 0.04567472092033734}. Best is trial 15 with value: 0.4400966167449951.
LOCAL_RANK: 0 - CUDA_VISIBLE_DEVICES: [0]
[I 2023-11-29 20:11:12,155] Trial 19 finished with value: 0.6852707862854004 and parameters: {'gradient_clip_val': 0.4120707378666886, 'hidden_size': 34, 'dropout': 0.10240804194949708, 'hidden_continuous_size': 20, 'attention_head_size': 3, 'learning_rate': 0.09222933065900202}. Best is trial 15 with value: 0.4400966167449951.
LOCAL_RANK: 0 - CUDA_VISIBLE_DEVICES: [0]
[I 2023-11-29 20:11:26,987] Trial 20 finished with value: 0.5809369683265686 and parameters: {'gradient_clip_val': 0.1663164406084417, 'hidden_size': 150, 'dropout': 0.14229198393517445, 'hidden_continuous_size': 116, 'attention_head_size': 2, 'learning_rate': 0.015217818974306688}. Best is trial 15 with value: 0.4400966167449951.
LOCAL_RANK: 0 - CUDA_VISIBLE_DEVICES: [0]
[I 2023-11-29 20:11:39,978] Trial 21 finished with value: 0.49276742339134216 and parameters: {'gradient_clip_val': 0.1718062037426885, 'hidden_size': 46, 'dropout': 0.20361740434609574, 'hidden_continuous_size': 26, 'attention_head_size': 2, 'learning_rate': 0.09940889689720946}. Best is trial 15 with value: 0.4400966167449951.
LOCAL_RANK: 0 - CUDA_VISIBLE_DEVICES: [0]
[I 2023-11-29 20:11:53,387] Trial 22 finished with value: 0.5020360946655273 and parameters: {'gradient_clip_val': 0.19239460144604706, 'hidden_size': 54, 'dropout': 0.20970846392324033, 'hidden_continuous_size': 31, 'attention_head_size': 2, 'learning_rate': 0.09828846776098321}. Best is trial 15 with value: 0.4400966167449951.
LOCAL_RANK: 0 - CUDA_VISIBLE_DEVICES: [0]
[I 2023-11-29 20:12:06,249] Trial 23 finished with value: 0.49023330211639404 and parameters: {'gradient_clip_val': 0.13589500905861715, 'hidden_size': 42, 'dropout': 0.18014617801002594, 'hidden_continuous_size': 24, 'attention_head_size': 3, 'learning_rate': 0.05304666854539534}. Best is trial 15 with value: 0.4400966167449951.
LOCAL_RANK: 0 - CUDA_VISIBLE_DEVICES: [0]
[I 2023-11-29 20:12:19,886] Trial 24 finished with value: 0.4330606460571289 and parameters: {'gradient_clip_val': 0.1397247637417542, 'hidden_size': 73, 'dropout': 0.16971919009700867, 'hidden_continuous_size': 34, 'attention_head_size': 3, 'learning_rate': 0.032819085759105644}. Best is trial 24 with value: 0.4330606460571289.
LOCAL_RANK: 0 - CUDA_VISIBLE_DEVICES: [0]
[I 2023-11-29 20:12:33,458] Trial 25 finished with value: 0.7479634284973145 and parameters: {'gradient_clip_val': 0.2547236503111969, 'hidden_size': 70, 'dropout': 0.16025050494305887, 'hidden_continuous_size': 36, 'attention_head_size': 3, 'learning_rate': 0.03443857104559883}. Best is trial 24 with value: 0.4330606460571289.
LOCAL_RANK: 0 - CUDA_VISIBLE_DEVICES: [0]
[I 2023-11-29 20:12:47,115] Trial 26 finished with value: 0.756371021270752 and parameters: {'gradient_clip_val': 0.14280189076979657, 'hidden_size': 81, 'dropout': 0.12494874184274044, 'hidden_continuous_size': 33, 'attention_head_size': 3, 'learning_rate': 0.03128720578608294}. Best is trial 24 with value: 0.4330606460571289.
LOCAL_RANK: 0 - CUDA_VISIBLE_DEVICES: [0]
[I 2023-11-29 20:13:01,352] Trial 27 finished with value: 0.5719292759895325 and parameters: {'gradient_clip_val': 0.19985252383857988, 'hidden_size': 113, 'dropout': 0.16107361791998054, 'hidden_continuous_size': 42, 'attention_head_size': 3, 'learning_rate': 0.03969042921831798}. Best is trial 24 with value: 0.4330606460571289.
LOCAL_RANK: 0 - CUDA_VISIBLE_DEVICES: [0]
[I 2023-11-29 20:13:14,744] Trial 28 finished with value: 0.5604552626609802 and parameters: {'gradient_clip_val': 0.12167218624860252, 'hidden_size': 81, 'dropout': 0.18927425650341562, 'hidden_continuous_size': 30, 'attention_head_size': 1, 'learning_rate': 0.018429110784465803}. Best is trial 24 with value: 0.4330606460571289.
LOCAL_RANK: 0 - CUDA_VISIBLE_DEVICES: [0]
[I 2023-11-29 20:13:28,059] Trial 29 finished with value: 0.588717520236969 and parameters: {'gradient_clip_val': 0.14467841253174704, 'hidden_size': 59, 'dropout': 0.21451092235820085, 'hidden_continuous_size': 33, 'attention_head_size': 1, 'learning_rate': 0.030933150799943188}. Best is trial 24 with value: 0.4330606460571289.
LOCAL_RANK: 0 - CUDA_VISIBLE_DEVICES: [0]
[I 2023-11-29 20:13:41,906] Trial 30 finished with value: 0.5713550448417664 and parameters: {'gradient_clip_val': 0.2632235922988795, 'hidden_size': 87, 'dropout': 0.12551477566508462, 'hidden_continuous_size': 39, 'attention_head_size': 3, 'learning_rate': 0.04768671110897908}. Best is trial 24 with value: 0.4330606460571289.
LOCAL_RANK: 0 - CUDA_VISIBLE_DEVICES: [0]
[I 2023-11-29 20:13:54,685] Trial 31 finished with value: 0.7691370844841003 and parameters: {'gradient_clip_val': 0.12895665670035777, 'hidden_size': 36, 'dropout': 0.17362910079781957, 'hidden_continuous_size': 22, 'attention_head_size': 3, 'learning_rate': 0.05133695672125065}. Best is trial 24 with value: 0.4330606460571289.
LOCAL_RANK: 0 - CUDA_VISIBLE_DEVICES: [0]
[I 2023-11-29 20:14:07,240] Trial 32 finished with value: 0.5952485799789429 and parameters: {'gradient_clip_val': 0.1431793477096595, 'hidden_size': 29, 'dropout': 0.18542187343342703, 'hidden_continuous_size': 19, 'attention_head_size': 3, 'learning_rate': 0.0616676232932594}. Best is trial 24 with value: 0.4330606460571289.
LOCAL_RANK: 0 - CUDA_VISIBLE_DEVICES: [0]
[I 2023-11-29 20:14:20,130] Trial 33 finished with value: 0.5649344325065613 and parameters: {'gradient_clip_val': 0.17654150265514942, 'hidden_size': 42, 'dropout': 0.226359816286626, 'hidden_continuous_size': 27, 'attention_head_size': 3, 'learning_rate': 0.03711835469570413}. Best is trial 24 with value: 0.4330606460571289.
LOCAL_RANK: 0 - CUDA_VISIBLE_DEVICES: [0]
[I 2023-11-29 20:14:33,210] Trial 34 finished with value: 0.5627247095108032 and parameters: {'gradient_clip_val': 0.1498034454006058, 'hidden_size': 56, 'dropout': 0.18715964621056522, 'hidden_continuous_size': 29, 'attention_head_size': 2, 'learning_rate': 0.05282518091913165}. Best is trial 24 with value: 0.4330606460571289.
LOCAL_RANK: 0 - CUDA_VISIBLE_DEVICES: [0]
[I 2023-11-29 20:14:47,398] Trial 35 finished with value: 0.6433175206184387 and parameters: {'gradient_clip_val': 0.1869276546552963, 'hidden_size': 121, 'dropout': 0.15769218822505493, 'hidden_continuous_size': 52, 'attention_head_size': 3, 'learning_rate': 0.06955893407987891}. Best is trial 24 with value: 0.4330606460571289.
LOCAL_RANK: 0 - CUDA_VISIBLE_DEVICES: [0]
[I 2023-11-29 20:15:01,144] Trial 36 finished with value: 0.5603094100952148 and parameters: {'gradient_clip_val': 0.11875838734608007, 'hidden_size': 67, 'dropout': 0.17703619598622433, 'hidden_continuous_size': 24, 'attention_head_size': 4, 'learning_rate': 0.02814754821750704}. Best is trial 24 with value: 0.4330606460571289.
LOCAL_RANK: 0 - CUDA_VISIBLE_DEVICES: [0]
[I 2023-11-29 20:15:14,875] Trial 37 finished with value: 0.5344885587692261 and parameters: {'gradient_clip_val': 0.2145415277060638, 'hidden_size': 88, 'dropout': 0.22699231673024198, 'hidden_continuous_size': 35, 'attention_head_size': 3, 'learning_rate': 0.05542957679142658}. Best is trial 24 with value: 0.4330606460571289.
LOCAL_RANK: 0 - CUDA_VISIBLE_DEVICES: [0]
[I 2023-11-29 20:15:27,948] Trial 38 finished with value: 0.5666320323944092 and parameters: {'gradient_clip_val': 0.1505340922732238, 'hidden_size': 49, 'dropout': 0.19846505538401357, 'hidden_continuous_size': 25, 'attention_head_size': 3, 'learning_rate': 0.03840100795328192}. Best is trial 24 with value: 0.4330606460571289.
LOCAL_RANK: 0 - CUDA_VISIBLE_DEVICES: [0]
[I 2023-11-29 20:15:40,885] Trial 39 finished with value: 0.41995206475257874 and parameters: {'gradient_clip_val': 0.1313851311229164, 'hidden_size': 42, 'dropout': 0.15014934405228392, 'hidden_continuous_size': 29, 'attention_head_size': 2, 'learning_rate': 0.07592183321032367}. Best is trial 39 with value: 0.41995206475257874.
LOCAL_RANK: 0 - CUDA_VISIBLE_DEVICES: [0]
[I 2023-11-29 20:15:54,881] Trial 40 finished with value: 0.5883482098579407 and parameters: {'gradient_clip_val': 0.16052722032039454, 'hidden_size': 123, 'dropout': 0.13399101031361968, 'hidden_continuous_size': 31, 'attention_head_size': 2, 'learning_rate': 0.07586365759175503}. Best is trial 39 with value: 0.41995206475257874.
LOCAL_RANK: 0 - CUDA_VISIBLE_DEVICES: [0]
[I 2023-11-29 20:16:07,813] Trial 41 finished with value: 0.4360637962818146 and parameters: {'gradient_clip_val': 0.13248675366888776, 'hidden_size': 42, 'dropout': 0.15457746113148857, 'hidden_continuous_size': 28, 'attention_head_size': 2, 'learning_rate': 0.06330557982073966}. Best is trial 39 with value: 0.41995206475257874.
LOCAL_RANK: 0 - CUDA_VISIBLE_DEVICES: [0]
[I 2023-11-29 20:16:20,216] Trial 42 finished with value: 0.77870112657547 and parameters: {'gradient_clip_val': 0.12322278636364563, 'hidden_size': 28, 'dropout': 0.1523723783839443, 'hidden_continuous_size': 14, 'attention_head_size': 2, 'learning_rate': 0.07975295794354804}. Best is trial 39 with value: 0.41995206475257874.
LOCAL_RANK: 0 - CUDA_VISIBLE_DEVICES: [0]
[I 2023-11-29 20:16:33,010] Trial 43 finished with value: 0.4366288185119629 and parameters: {'gradient_clip_val': 0.11067877386969745, 'hidden_size': 40, 'dropout': 0.1678080732711282, 'hidden_continuous_size': 28, 'attention_head_size': 2, 'learning_rate': 0.06455020433385283}. Best is trial 39 with value: 0.41995206475257874.
LOCAL_RANK: 0 - CUDA_VISIBLE_DEVICES: [0]
[I 2023-11-29 20:16:45,533] Trial 44 finished with value: 0.5995233654975891 and parameters: {'gradient_clip_val': 0.11393735848127774, 'hidden_size': 40, 'dropout': 0.16428925497611885, 'hidden_continuous_size': 28, 'attention_head_size': 2, 'learning_rate': 0.0680954287885561}. Best is trial 39 with value: 0.41995206475257874.
LOCAL_RANK: 0 - CUDA_VISIBLE_DEVICES: [0]
[I 2023-11-29 20:16:58,521] Trial 45 finished with value: 0.4053835868835449 and parameters: {'gradient_clip_val': 0.10134949483652876, 'hidden_size': 51, 'dropout': 0.1452371750942584, 'hidden_continuous_size': 28, 'attention_head_size': 1, 'learning_rate': 0.06265030433475918}. Best is trial 45 with value: 0.4053835868835449.
LOCAL_RANK: 0 - CUDA_VISIBLE_DEVICES: [0]
[I 2023-11-29 20:17:11,542] Trial 46 finished with value: 0.7640936374664307 and parameters: {'gradient_clip_val': 0.10198751747942592, 'hidden_size': 50, 'dropout': 0.12415734773364488, 'hidden_continuous_size': 28, 'attention_head_size': 1, 'learning_rate': 0.06524456768896977}. Best is trial 45 with value: 0.4053835868835449.
LOCAL_RANK: 0 - CUDA_VISIBLE_DEVICES: [0]
[I 2023-11-29 20:17:24,512] Trial 47 finished with value: 0.492819219827652 and parameters: {'gradient_clip_val': 0.10775720009451843, 'hidden_size': 41, 'dropout': 0.14847570189933645, 'hidden_continuous_size': 29, 'attention_head_size': 1, 'learning_rate': 0.0790520979115528}. Best is trial 45 with value: 0.4053835868835449.
LOCAL_RANK: 0 - CUDA_VISIBLE_DEVICES: [0]
[I 2023-11-29 20:17:37,093] Trial 48 finished with value: 0.5999522805213928 and parameters: {'gradient_clip_val': 0.11442019603829867, 'hidden_size': 37, 'dropout': 0.11113961971212696, 'hidden_continuous_size': 26, 'attention_head_size': 1, 'learning_rate': 0.056208014002953575}. Best is trial 45 with value: 0.4053835868835449.
LOCAL_RANK: 0 - CUDA_VISIBLE_DEVICES: [0]
[I 2023-11-29 20:17:49,905] Trial 49 finished with value: 0.6052477955818176 and parameters: {'gradient_clip_val': 0.13343232853185816, 'hidden_size': 45, 'dropout': 0.1390206291966925, 'hidden_continuous_size': 27, 'attention_head_size': 1, 'learning_rate': 0.044312320533281276}. Best is trial 45 with value: 0.4053835868835449.
LOCAL_RANK: 0 - CUDA_VISIBLE_DEVICES: [0]
[I 2023-11-29 20:18:02,577] Trial 50 finished with value: 0.7634551525115967 and parameters: {'gradient_clip_val': 0.10264051422704369, 'hidden_size': 31, 'dropout': 0.17129789063291762, 'hidden_continuous_size': 21, 'attention_head_size': 2, 'learning_rate': 0.0815569740023111}. Best is trial 45 with value: 0.4053835868835449.
LOCAL_RANK: 0 - CUDA_VISIBLE_DEVICES: [0]
[I 2023-11-29 20:18:15,774] Trial 51 finished with value: 0.6319416165351868 and parameters: {'gradient_clip_val': 0.12730361399816684, 'hidden_size': 53, 'dropout': 0.15153484416431912, 'hidden_continuous_size': 32, 'attention_head_size': 2, 'learning_rate': 0.061980169915391854}. Best is trial 45 with value: 0.4053835868835449.
LOCAL_RANK: 0 - CUDA_VISIBLE_DEVICES: [0]
[I 2023-11-29 20:18:29,385] Trial 52 finished with value: 0.7066351771354675 and parameters: {'gradient_clip_val': 0.11314789608952709, 'hidden_size': 61, 'dropout': 0.16464076733857197, 'hidden_continuous_size': 33, 'attention_head_size': 2, 'learning_rate': 0.03292624485588659}. Best is trial 45 with value: 0.4053835868835449.
LOCAL_RANK: 0 - CUDA_VISIBLE_DEVICES: [0]
[I 2023-11-29 20:18:42,463] Trial 53 finished with value: 0.6105723977088928 and parameters: {'gradient_clip_val': 0.1380555026923979, 'hidden_size': 51, 'dropout': 0.1933811824649952, 'hidden_continuous_size': 31, 'attention_head_size': 2, 'learning_rate': 0.042962017533937844}. Best is trial 45 with value: 0.4053835868835449.
LOCAL_RANK: 0 - CUDA_VISIBLE_DEVICES: [0]
[I 2023-11-29 20:18:55,201] Trial 54 finished with value: 0.5749031901359558 and parameters: {'gradient_clip_val': 0.10073799755878912, 'hidden_size': 38, 'dropout': 0.13604681865929683, 'hidden_continuous_size': 25, 'attention_head_size': 2, 'learning_rate': 0.024691698322856854}. Best is trial 45 with value: 0.4053835868835449.
LOCAL_RANK: 0 - CUDA_VISIBLE_DEVICES: [0]
[I 2023-11-29 20:19:08,279] Trial 55 finished with value: 0.7316614985466003 and parameters: {'gradient_clip_val': 0.16032433679846922, 'hidden_size': 47, 'dropout': 0.14808183175830142, 'hidden_continuous_size': 29, 'attention_head_size': 2, 'learning_rate': 0.04602850141329941}. Best is trial 45 with value: 0.4053835868835449.
LOCAL_RANK: 0 - CUDA_VISIBLE_DEVICES: [0]
[I 2023-11-29 20:19:21,207] Trial 56 finished with value: 0.3941429555416107 and parameters: {'gradient_clip_val': 0.11955097316884404, 'hidden_size': 56, 'dropout': 0.17602368348835626, 'hidden_continuous_size': 23, 'attention_head_size': 1, 'learning_rate': 0.06342627523721293}. Best is trial 56 with value: 0.3941429555416107.
LOCAL_RANK: 0 - CUDA_VISIBLE_DEVICES: [0]
