[I 2023-11-30 13:40:50,436] Trial 33 finished with value: 0.12830597162246704 and parameters: {'gradient_clip_val': 0.6685021598884099, 'hidden_size': 69, 'dropout': 0.33675218733290885, 'hidden_continuous_size': 44, 'attention_head_size': 3, 'learning_rate': 0.021967828544037556}. Best is trial 31 with value: 0.09757973998785019.
LOCAL_RANK: 0 - CUDA_VISIBLE_DEVICES: [0]
[I 2023-11-30 13:41:04,687] Trial 34 finished with value: 0.13170373439788818 and parameters: {'gradient_clip_val': 0.9926586165760748, 'hidden_size': 53, 'dropout': 0.3641536422272885, 'hidden_continuous_size': 41, 'attention_head_size': 4, 'learning_rate': 0.03680612424846045}. Best is trial 31 with value: 0.09757973998785019.
LOCAL_RANK: 0 - CUDA_VISIBLE_DEVICES: [0]
[I 2023-11-30 13:41:19,264] Trial 35 finished with value: 0.18793874979019165 and parameters: {'gradient_clip_val': 0.850621217515811, 'hidden_size': 93, 'dropout': 0.384594393979019, 'hidden_continuous_size': 57, 'attention_head_size': 2, 'learning_rate': 0.024507043503707516}. Best is trial 31 with value: 0.09757973998785019.
LOCAL_RANK: 0 - CUDA_VISIBLE_DEVICES: [0]
[I 2023-11-30 13:41:34,116] Trial 36 finished with value: 0.16848556697368622 and parameters: {'gradient_clip_val': 0.5156459947432832, 'hidden_size': 72, 'dropout': 0.31280140236586684, 'hidden_continuous_size': 47, 'attention_head_size': 3, 'learning_rate': 0.017746969412452584}. Best is trial 31 with value: 0.09757973998785019.
LOCAL_RANK: 0 - CUDA_VISIBLE_DEVICES: [0]
[I 2023-11-30 13:41:49,980] Trial 37 finished with value: 0.16009335219860077 and parameters: {'gradient_clip_val': 0.590028126688253, 'hidden_size': 117, 'dropout': 0.3473238682120268, 'hidden_continuous_size': 78, 'attention_head_size': 3, 'learning_rate': 0.05187370987561796}. Best is trial 31 with value: 0.09757973998785019.
LOCAL_RANK: 0 - CUDA_VISIBLE_DEVICES: [0]
[I 2023-11-30 13:42:04,092] Trial 38 finished with value: 0.16952675580978394 and parameters: {'gradient_clip_val': 0.7247186463424947, 'hidden_size': 47, 'dropout': 0.30266296941683213, 'hidden_continuous_size': 36, 'attention_head_size': 4, 'learning_rate': 0.03509619516223394}. Best is trial 31 with value: 0.09757973998785019.
LOCAL_RANK: 0 - CUDA_VISIBLE_DEVICES: [0]
[I 2023-11-30 13:42:18,906] Trial 39 finished with value: 0.1385905146598816 and parameters: {'gradient_clip_val': 0.36213276769513447, 'hidden_size': 61, 'dropout': 0.36051817113168394, 'hidden_continuous_size': 50, 'attention_head_size': 2, 'learning_rate': 0.024139419471277984}. Best is trial 31 with value: 0.09757973998785019.
LOCAL_RANK: 0 - CUDA_VISIBLE_DEVICES: [0]
[I 2023-11-30 13:42:33,734] Trial 40 finished with value: 0.10543838888406754 and parameters: {'gradient_clip_val': 0.8862555181531135, 'hidden_size': 132, 'dropout': 0.28093193366749314, 'hidden_continuous_size': 68, 'attention_head_size': 3, 'learning_rate': 0.015629644304589435}. Best is trial 31 with value: 0.09757973998785019.
LOCAL_RANK: 0 - CUDA_VISIBLE_DEVICES: [0]
[I 2023-11-30 13:42:49,344] Trial 41 finished with value: 0.15212707221508026 and parameters: {'gradient_clip_val': 0.8861070905087364, 'hidden_size': 129, 'dropout': 0.2612191045855571, 'hidden_continuous_size': 67, 'attention_head_size': 3, 'learning_rate': 0.016672393801769016}. Best is trial 31 with value: 0.09757973998785019.
LOCAL_RANK: 0 - CUDA_VISIBLE_DEVICES: [0]
[I 2023-11-30 13:43:04,457] Trial 42 finished with value: 0.12727369368076324 and parameters: {'gradient_clip_val': 0.7814766138124449, 'hidden_size': 111, 'dropout': 0.3273906624370715, 'hidden_continuous_size': 62, 'attention_head_size': 3, 'learning_rate': 0.020136529354063657}. Best is trial 31 with value: 0.09757973998785019.
LOCAL_RANK: 0 - CUDA_VISIBLE_DEVICES: [0]
[I 2023-11-30 13:43:20,206] Trial 43 finished with value: 0.18094921112060547 and parameters: {'gradient_clip_val': 0.7590784679556409, 'hidden_size': 131, 'dropout': 0.38714748497221846, 'hidden_continuous_size': 110, 'attention_head_size': 3, 'learning_rate': 0.026100471570779563}. Best is trial 31 with value: 0.09757973998785019.
LOCAL_RANK: 0 - CUDA_VISIBLE_DEVICES: [0]
[I 2023-11-30 13:43:35,403] Trial 44 finished with value: 0.1448625922203064 and parameters: {'gradient_clip_val': 0.8950428495047822, 'hidden_size': 87, 'dropout': 0.3533442450012412, 'hidden_continuous_size': 72, 'attention_head_size': 2, 'learning_rate': 0.013942344758903527}. Best is trial 31 with value: 0.09757973998785019.
LOCAL_RANK: 0 - CUDA_VISIBLE_DEVICES: [0]
[I 2023-11-30 13:43:51,015] Trial 45 finished with value: 0.14155931770801544 and parameters: {'gradient_clip_val': 0.6355042547556384, 'hidden_size': 150, 'dropout': 0.28614543661850184, 'hidden_continuous_size': 79, 'attention_head_size': 3, 'learning_rate': 0.04361970421062431}. Best is trial 31 with value: 0.09757973998785019.
LOCAL_RANK: 0 - CUDA_VISIBLE_DEVICES: [0]
[I 2023-11-30 13:44:05,843] Trial 46 finished with value: 0.19481651484966278 and parameters: {'gradient_clip_val': 0.9034956543139747, 'hidden_size': 105, 'dropout': 0.2324742114580285, 'hidden_continuous_size': 60, 'attention_head_size': 2, 'learning_rate': 0.06623799287389072}. Best is trial 31 with value: 0.09757973998785019.
LOCAL_RANK: 0 - CUDA_VISIBLE_DEVICES: [0]
[I 2023-11-30 13:44:21,826] Trial 47 finished with value: 0.2405058890581131 and parameters: {'gradient_clip_val': 0.7907672652385564, 'hidden_size': 131, 'dropout': 0.3687604058316261, 'hidden_continuous_size': 87, 'attention_head_size': 3, 'learning_rate': 0.029186723831592057}. Best is trial 31 with value: 0.09757973998785019.
LOCAL_RANK: 0 - CUDA_VISIBLE_DEVICES: [0]
[I 2023-11-30 13:44:37,126] Trial 48 finished with value: 0.16741366684436798 and parameters: {'gradient_clip_val': 0.9987758408232903, 'hidden_size': 97, 'dropout': 0.34438244538876917, 'hidden_continuous_size': 52, 'attention_head_size': 3, 'learning_rate': 0.04777718251018694}. Best is trial 31 with value: 0.09757973998785019.
LOCAL_RANK: 0 - CUDA_VISIBLE_DEVICES: [0]
[I 2023-11-30 13:44:51,915] Trial 49 finished with value: 0.13957132399082184 and parameters: {'gradient_clip_val': 0.6660483065660131, 'hidden_size': 82, 'dropout': 0.3970095993919208, 'hidden_continuous_size': 57, 'attention_head_size': 2, 'learning_rate': 0.03723879123446493}. Best is trial 31 with value: 0.09757973998785019.
LOCAL_RANK: 0 - CUDA_VISIBLE_DEVICES: [0]
[I 2023-11-30 13:45:07,276] Trial 50 finished with value: 0.12394418567419052 and parameters: {'gradient_clip_val': 0.583960829569396, 'hidden_size': 114, 'dropout': 0.3573812261764913, 'hidden_continuous_size': 70, 'attention_head_size': 4, 'learning_rate': 0.07924517919575237}. Best is trial 31 with value: 0.09757973998785019.
LOCAL_RANK: 0 - CUDA_VISIBLE_DEVICES: [0]
[I 2023-11-30 13:45:22,048] Trial 51 finished with value: 0.10998664051294327 and parameters: {'gradient_clip_val': 0.8242543056169958, 'hidden_size': 87, 'dropout': 0.38304094275209666, 'hidden_continuous_size': 42, 'attention_head_size': 3, 'learning_rate': 0.05712628910236849}. Best is trial 31 with value: 0.09757973998785019.
LOCAL_RANK: 0 - CUDA_VISIBLE_DEVICES: [0]
[I 2023-11-30 13:45:36,684] Trial 52 finished with value: 0.11826759576797485 and parameters: {'gradient_clip_val': 0.8202974509676827, 'hidden_size': 70, 'dropout': 0.384375904571746, 'hidden_continuous_size': 60, 'attention_head_size': 3, 'learning_rate': 0.056122957577204945}. Best is trial 31 with value: 0.09757973998785019.
LOCAL_RANK: 0 - CUDA_VISIBLE_DEVICES: [0]
[I 2023-11-30 13:45:51,485] Trial 53 finished with value: 0.10257241129875183 and parameters: {'gradient_clip_val': 0.6877287334971031, 'hidden_size': 86, 'dropout': 0.3732606294132003, 'hidden_continuous_size': 43, 'attention_head_size': 3, 'learning_rate': 0.042918196396712384}. Best is trial 31 with value: 0.09757973998785019.
LOCAL_RANK: 0 - CUDA_VISIBLE_DEVICES: [0]
[I 2023-11-30 13:46:06,252] Trial 54 finished with value: 0.1739187389612198 and parameters: {'gradient_clip_val': 0.7096014630738815, 'hidden_size': 98, 'dropout': 0.3696206039241146, 'hidden_continuous_size': 34, 'attention_head_size': 3, 'learning_rate': 0.04298661045316124}. Best is trial 31 with value: 0.09757973998785019.
LOCAL_RANK: 0 - CUDA_VISIBLE_DEVICES: [0]
[I 2023-11-30 13:46:21,500] Trial 55 finished with value: 0.154312863945961 and parameters: {'gradient_clip_val': 0.9129111335476567, 'hidden_size': 133, 'dropout': 0.39019941057622326, 'hidden_continuous_size': 41, 'attention_head_size': 3, 'learning_rate': 0.03362317427573795}. Best is trial 31 with value: 0.09757973998785019.
LOCAL_RANK: 0 - CUDA_VISIBLE_DEVICES: [0]
[I 2023-11-30 13:46:36,036] Trial 56 finished with value: 0.25841692090034485 and parameters: {'gradient_clip_val': 0.8447348891454238, 'hidden_size': 87, 'dropout': 0.33405319181709076, 'hidden_continuous_size': 49, 'attention_head_size': 3, 'learning_rate': 0.020316700053829264}. Best is trial 31 with value: 0.09757973998785019.
LOCAL_RANK: 0 - CUDA_VISIBLE_DEVICES: [0]
[I 2023-11-30 13:46:50,678] Trial 57 finished with value: 0.11740410327911377 and parameters: {'gradient_clip_val': 0.7222321307056019, 'hidden_size': 110, 'dropout': 0.3760210484181718, 'hidden_continuous_size': 43, 'attention_head_size': 3, 'learning_rate': 0.029745287291854317}. Best is trial 31 with value: 0.09757973998785019.
LOCAL_RANK: 0 - CUDA_VISIBLE_DEVICES: [0]
[I 2023-11-30 13:47:05,423] Trial 58 finished with value: 0.11307346820831299 and parameters: {'gradient_clip_val': 0.6145565747182795, 'hidden_size': 122, 'dropout': 0.35229136804566735, 'hidden_continuous_size': 39, 'attention_head_size': 2, 'learning_rate': 0.03884620386157736}. Best is trial 31 with value: 0.09757973998785019.
LOCAL_RANK: 0 - CUDA_VISIBLE_DEVICES: [0]
[I 2023-11-30 13:47:20,557] Trial 59 finished with value: 0.14053504168987274 and parameters: {'gradient_clip_val': 0.7578070385438259, 'hidden_size': 80, 'dropout': 0.36123240500724646, 'hidden_continuous_size': 53, 'attention_head_size': 3, 'learning_rate': 0.023943444246534395}. Best is trial 31 with value: 0.09757973998785019.
LOCAL_RANK: 0 - CUDA_VISIBLE_DEVICES: [0]
[I 2023-11-30 13:47:36,185] Trial 60 finished with value: 0.16731883585453033 and parameters: {'gradient_clip_val': 0.9338456231884296, 'hidden_size': 140, 'dropout': 0.34192317186586824, 'hidden_continuous_size': 136, 'attention_head_size': 3, 'learning_rate': 0.051395296609778686}. Best is trial 31 with value: 0.09757973998785019.
LOCAL_RANK: 0 - CUDA_VISIBLE_DEVICES: [0]
[I 2023-11-30 13:47:51,136] Trial 61 finished with value: 0.14851711690425873 and parameters: {'gradient_clip_val': 0.6846158717558964, 'hidden_size': 102, 'dropout': 0.39932447683139743, 'hidden_continuous_size': 46, 'attention_head_size': 3, 'learning_rate': 0.06506224987285873}. Best is trial 31 with value: 0.09757973998785019.
LOCAL_RANK: 0 - CUDA_VISIBLE_DEVICES: [0]
[I 2023-11-30 13:48:05,560] Trial 62 finished with value: 0.12458586692810059 and parameters: {'gradient_clip_val': 0.623290319690637, 'hidden_size': 65, 'dropout': 0.37813706777699707, 'hidden_continuous_size': 53, 'attention_head_size': 3, 'learning_rate': 0.09794153015151914}. Best is trial 31 with value: 0.09757973998785019.
LOCAL_RANK: 0 - CUDA_VISIBLE_DEVICES: [0]
[I 2023-11-30 13:48:20,255] Trial 63 finished with value: 0.16333581507205963 and parameters: {'gradient_clip_val': 0.828879773570378, 'hidden_size': 75, 'dropout': 0.3890468244639662, 'hidden_continuous_size': 63, 'attention_head_size': 3, 'learning_rate': 0.06271026896143657}. Best is trial 31 with value: 0.09757973998785019.
LOCAL_RANK: 0 - CUDA_VISIBLE_DEVICES: [0]
[I 2023-11-30 13:48:35,637] Trial 64 finished with value: 0.1848399043083191 and parameters: {'gradient_clip_val': 0.7409832131042835, 'hidden_size': 94, 'dropout': 0.36764055566079384, 'hidden_continuous_size': 43, 'attention_head_size': 3, 'learning_rate': 0.0739584028716333}. Best is trial 31 with value: 0.09757973998785019.
LOCAL_RANK: 0 - CUDA_VISIBLE_DEVICES: [0]
[I 2023-11-30 13:48:50,540] Trial 65 finished with value: 0.11576200276613235 and parameters: {'gradient_clip_val': 0.6850620582153294, 'hidden_size': 86, 'dropout': 0.32137519200966513, 'hidden_continuous_size': 65, 'attention_head_size': 4, 'learning_rate': 0.048180955230261995}. Best is trial 31 with value: 0.09757973998785019.
LOCAL_RANK: 0 - CUDA_VISIBLE_DEVICES: [0]
[I 2023-11-30 13:49:05,590] Trial 66 finished with value: 0.16203691065311432 and parameters: {'gradient_clip_val': 0.8057593622525596, 'hidden_size': 119, 'dropout': 0.3801879815189186, 'hidden_continuous_size': 31, 'attention_head_size': 2, 'learning_rate': 0.08213147089073519}. Best is trial 31 with value: 0.09757973998785019.
LOCAL_RANK: 0 - CUDA_VISIBLE_DEVICES: [0]
[I 2023-11-30 13:49:20,361] Trial 67 finished with value: 0.16537903249263763 and parameters: {'gradient_clip_val': 0.532747038396959, 'hidden_size': 78, 'dropout': 0.3924069167847478, 'hidden_continuous_size': 56, 'attention_head_size': 1, 'learning_rate': 0.03929636492641586}. Best is trial 31 with value: 0.09757973998785019.
LOCAL_RANK: 0 - CUDA_VISIBLE_DEVICES: [0]
[I 2023-11-30 13:49:34,735] Trial 68 finished with value: 0.20950394868850708 and parameters: {'gradient_clip_val': 0.9422445836655624, 'hidden_size': 67, 'dropout': 0.37388855073274163, 'hidden_continuous_size': 49, 'attention_head_size': 3, 'learning_rate': 0.03254945616739291}. Best is trial 31 with value: 0.09757973998785019.
LOCAL_RANK: 0 - CUDA_VISIBLE_DEVICES: [0]
[I 2023-11-30 13:49:49,679] Trial 69 finished with value: 0.12470879405736923 and parameters: {'gradient_clip_val': 0.5734625384453504, 'hidden_size': 105, 'dropout': 0.3520565109896164, 'hidden_continuous_size': 78, 'attention_head_size': 3, 'learning_rate': 0.059999823961330065}. Best is trial 31 with value: 0.09757973998785019.
LOCAL_RANK: 0 - CUDA_VISIBLE_DEVICES: [0]
[I 2023-11-30 13:50:04,122] Trial 70 finished with value: 0.11718042939901352 and parameters: {'gradient_clip_val': 0.6339758590923649, 'hidden_size': 91, 'dropout': 0.3393726934632156, 'hidden_continuous_size': 46, 'attention_head_size': 3, 'learning_rate': 0.02730593421684681}. Best is trial 31 with value: 0.09757973998785019.
LOCAL_RANK: 0 - CUDA_VISIBLE_DEVICES: [0]
[I 2023-11-30 13:50:18,962] Trial 71 finished with value: 0.14506523311138153 and parameters: {'gradient_clip_val': 0.5973165517510289, 'hidden_size': 123, 'dropout': 0.35521105105945233, 'hidden_continuous_size': 40, 'attention_head_size': 2, 'learning_rate': 0.040517512743111946}. Best is trial 31 with value: 0.09757973998785019.
LOCAL_RANK: 0 - CUDA_VISIBLE_DEVICES: [0]
[I 2023-11-30 13:50:34,180] Trial 72 finished with value: 0.1575038582086563 and parameters: {'gradient_clip_val': 0.6965079900545803, 'hidden_size': 136, 'dropout': 0.36787839394330035, 'hidden_continuous_size': 99, 'attention_head_size': 2, 'learning_rate': 0.03537251060676898}. Best is trial 31 with value: 0.09757973998785019.
LOCAL_RANK: 0 - CUDA_VISIBLE_DEVICES: [0]
[I 2023-11-30 13:50:49,100] Trial 73 finished with value: 0.21458852291107178 and parameters: {'gradient_clip_val': 0.7717994623817833, 'hidden_size': 121, 'dropout': 0.3812974224568015, 'hidden_continuous_size': 38, 'attention_head_size': 2, 'learning_rate': 0.046793289411074454}. Best is trial 31 with value: 0.09757973998785019.
LOCAL_RANK: 0 - CUDA_VISIBLE_DEVICES: [0]
[I 2023-11-30 13:51:04,903] Trial 74 finished with value: 0.11790599673986435 and parameters: {'gradient_clip_val': 0.6349541902909158, 'hidden_size': 142, 'dropout': 0.39157383229537335, 'hidden_continuous_size': 141, 'attention_head_size': 2, 'learning_rate': 0.05316214259683478}. Best is trial 31 with value: 0.09757973998785019.
LOCAL_RANK: 0 - CUDA_VISIBLE_DEVICES: [0]
[I 2023-11-30 13:51:19,328] Trial 75 finished with value: 0.1366724967956543 and parameters: {'gradient_clip_val': 0.5573939950120599, 'hidden_size': 108, 'dropout': 0.349763930138601, 'hidden_continuous_size': 43, 'attention_head_size': 2, 'learning_rate': 0.041896461812203106}. Best is trial 31 with value: 0.09757973998785019.
LOCAL_RANK: 0 - CUDA_VISIBLE_DEVICES: [0]
[I 2023-11-30 13:51:34,336] Trial 76 finished with value: 0.1277252435684204 and parameters: {'gradient_clip_val': 0.8680925052870387, 'hidden_size': 97, 'dropout': 0.35998366623853395, 'hidden_continuous_size': 35, 'attention_head_size': 3, 'learning_rate': 0.028311668001037134}. Best is trial 31 with value: 0.09757973998785019.
LOCAL_RANK: 0 - CUDA_VISIBLE_DEVICES: [0]
[I 2023-11-30 13:51:48,698] Trial 77 finished with value: 0.10032547265291214 and parameters: {'gradient_clip_val': 0.7426799517574192, 'hidden_size': 72, 'dropout': 0.32943681119846013, 'hidden_continuous_size': 58, 'attention_head_size': 3, 'learning_rate': 0.022630243388765542}. Best is trial 31 with value: 0.09757973998785019.
LOCAL_RANK: 0 - CUDA_VISIBLE_DEVICES: [0]
[I 2023-11-30 13:52:03,501] Trial 78 finished with value: 0.1530400961637497 and parameters: {'gradient_clip_val': 0.728506624452262, 'hidden_size': 81, 'dropout': 0.32884301199531335, 'hidden_continuous_size': 59, 'attention_head_size': 3, 'learning_rate': 0.022163726727842864}. Best is trial 31 with value: 0.09757973998785019.
LOCAL_RANK: 0 - CUDA_VISIBLE_DEVICES: [0]
[I 2023-11-30 13:52:18,290] Trial 79 finished with value: 0.20236484706401825 and parameters: {'gradient_clip_val': 0.8571185586667978, 'hidden_size': 71, 'dropout': 0.37213358211282616, 'hidden_continuous_size': 56, 'attention_head_size': 3, 'learning_rate': 0.016508673646522323}. Best is trial 31 with value: 0.09757973998785019.
LOCAL_RANK: 0 - CUDA_VISIBLE_DEVICES: [0]
[I 2023-11-30 13:52:32,699] Trial 80 finished with value: 0.1394338607788086 and parameters: {'gradient_clip_val': 0.8182358343465463, 'hidden_size': 61, 'dropout': 0.31823266892249735, 'hidden_continuous_size': 54, 'attention_head_size': 3, 'learning_rate': 0.03220055746867007}. Best is trial 31 with value: 0.09757973998785019.
LOCAL_RANK: 0 - CUDA_VISIBLE_DEVICES: [0]
[I 2023-11-30 13:52:47,693] Trial 81 finished with value: 0.15230077505111694 and parameters: {'gradient_clip_val': 0.7651833283315214, 'hidden_size': 75, 'dropout': 0.36287966523444126, 'hidden_continuous_size': 51, 'attention_head_size': 3, 'learning_rate': 0.03732810902193684}. Best is trial 31 with value: 0.09757973998785019.
LOCAL_RANK: 0 - CUDA_VISIBLE_DEVICES: [0]
[I 2023-11-30 13:53:03,148] Trial 82 finished with value: 0.12054822593927383 and parameters: {'gradient_clip_val': 0.6112450113581083, 'hidden_size': 125, 'dropout': 0.34746852414841595, 'hidden_continuous_size': 68, 'attention_head_size': 3, 'learning_rate': 0.02574382133088713}. Best is trial 31 with value: 0.09757973998785019.
LOCAL_RANK: 0 - CUDA_VISIBLE_DEVICES: [0]
[I 2023-11-30 13:53:17,911] Trial 83 finished with value: 0.1960008591413498 and parameters: {'gradient_clip_val': 0.6704732117542028, 'hidden_size': 90, 'dropout': 0.3816194051899256, 'hidden_continuous_size': 49, 'attention_head_size': 3, 'learning_rate': 0.030557968973330914}. Best is trial 31 with value: 0.09757973998785019.
LOCAL_RANK: 0 - CUDA_VISIBLE_DEVICES: [0]
[I 2023-11-30 13:53:32,539] Trial 84 finished with value: 0.13069677352905273 and parameters: {'gradient_clip_val': 0.6994654396521287, 'hidden_size': 83, 'dropout': 0.37624236253191284, 'hidden_continuous_size': 64, 'attention_head_size': 1, 'learning_rate': 0.0429102975576381}. Best is trial 31 with value: 0.09757973998785019.
LOCAL_RANK: 0 - CUDA_VISIBLE_DEVICES: [0]
[I 2023-11-30 13:53:47,243] Trial 85 finished with value: 0.09438735246658325 and parameters: {'gradient_clip_val': 0.9406147713824887, 'hidden_size': 116, 'dropout': 0.38778193600837774, 'hidden_continuous_size': 40, 'attention_head_size': 2, 'learning_rate': 0.05594337207546803}. Best is trial 85 with value: 0.09438735246658325.
LOCAL_RANK: 0 - CUDA_VISIBLE_DEVICES: [0]
[I 2023-11-30 13:54:02,488] Trial 86 finished with value: 0.13563622534275055 and parameters: {'gradient_clip_val': 0.9447297848820424, 'hidden_size': 149, 'dropout': 0.393845946173687, 'hidden_continuous_size': 46, 'attention_head_size': 3, 'learning_rate': 0.057641345657116455}. Best is trial 85 with value: 0.09438735246658325.
LOCAL_RANK: 0 - CUDA_VISIBLE_DEVICES: [0]
[I 2023-11-30 13:54:17,674] Trial 87 finished with value: 0.13603390753269196 and parameters: {'gradient_clip_val': 0.9084841846092343, 'hidden_size': 102, 'dropout': 0.38766504230661436, 'hidden_continuous_size': 75, 'attention_head_size': 3, 'learning_rate': 0.05103672485455129}. Best is trial 85 with value: 0.09438735246658325.
LOCAL_RANK: 0 - CUDA_VISIBLE_DEVICES: [0]
[I 2023-11-30 13:54:32,498] Trial 88 finished with value: 0.195387601852417 and parameters: {'gradient_clip_val': 0.9923286652799039, 'hidden_size': 73, 'dropout': 0.3999634206551516, 'hidden_continuous_size': 61, 'attention_head_size': 4, 'learning_rate': 0.019112481587549867}. Best is trial 85 with value: 0.09438735246658325.
LOCAL_RANK: 0 - CUDA_VISIBLE_DEVICES: [0]
[I 2023-11-30 13:54:47,219] Trial 89 finished with value: 0.11552917957305908 and parameters: {'gradient_clip_val': 0.8742518752064514, 'hidden_size': 109, 'dropout': 0.36402368559935844, 'hidden_continuous_size': 42, 'attention_head_size': 2, 'learning_rate': 0.06625185365619908}. Best is trial 85 with value: 0.09438735246658325.
LOCAL_RANK: 0 - CUDA_VISIBLE_DEVICES: [0]
[I 2023-11-30 13:55:01,823] Trial 90 finished with value: 0.1410217136144638 and parameters: {'gradient_clip_val': 0.8002353400749252, 'hidden_size': 91, 'dropout': 0.38282264025658297, 'hidden_continuous_size': 37, 'attention_head_size': 3, 'learning_rate': 0.086351848587463}. Best is trial 85 with value: 0.09438735246658325.
LOCAL_RANK: 0 - CUDA_VISIBLE_DEVICES: [0]
