[I 2023-11-30 02:46:06,677] Trial 140 finished with value: 0.16472791135311127 and parameters: {'gradient_clip_val': 0.5143083438499307, 'hidden_size': 84, 'dropout': 0.2459992704547539, 'hidden_continuous_size': 17, 'attention_head_size': 1, 'learning_rate': 0.062374555797010844}. Best is trial 137 with value: 0.0751008614897728.
LOCAL_RANK: 0 - CUDA_VISIBLE_DEVICES: [0]
[I 2023-11-30 02:46:20,094] Trial 141 finished with value: 0.09365799278020859 and parameters: {'gradient_clip_val': 0.625211340189079, 'hidden_size': 77, 'dropout': 0.2816813868104953, 'hidden_continuous_size': 21, 'attention_head_size': 1, 'learning_rate': 0.032026262151394015}. Best is trial 137 with value: 0.0751008614897728.
LOCAL_RANK: 0 - CUDA_VISIBLE_DEVICES: [0]
[I 2023-11-30 02:46:33,908] Trial 142 finished with value: 0.09280940145254135 and parameters: {'gradient_clip_val': 0.6477907971617165, 'hidden_size': 103, 'dropout': 0.29254984839949616, 'hidden_continuous_size': 21, 'attention_head_size': 1, 'learning_rate': 0.02826846548870234}. Best is trial 137 with value: 0.0751008614897728.
LOCAL_RANK: 0 - CUDA_VISIBLE_DEVICES: [0]
[I 2023-11-30 02:46:47,631] Trial 143 finished with value: 0.15431495010852814 and parameters: {'gradient_clip_val': 0.70003484595706, 'hidden_size': 108, 'dropout': 0.2817708946450954, 'hidden_continuous_size': 21, 'attention_head_size': 1, 'learning_rate': 0.025906825804921624}. Best is trial 137 with value: 0.0751008614897728.
LOCAL_RANK: 0 - CUDA_VISIBLE_DEVICES: [0]
[I 2023-11-30 02:47:01,224] Trial 144 finished with value: 0.24614836275577545 and parameters: {'gradient_clip_val': 0.6350371975640081, 'hidden_size': 100, 'dropout': 0.3050105680951814, 'hidden_continuous_size': 20, 'attention_head_size': 1, 'learning_rate': 0.041260867758811964}. Best is trial 137 with value: 0.0751008614897728.
LOCAL_RANK: 0 - CUDA_VISIBLE_DEVICES: [0]
[I 2023-11-30 02:47:14,598] Trial 145 finished with value: 0.13061212003231049 and parameters: {'gradient_clip_val': 0.6661460097770073, 'hidden_size': 87, 'dropout': 0.2846729599634844, 'hidden_continuous_size': 21, 'attention_head_size': 1, 'learning_rate': 0.029902546744407708}. Best is trial 137 with value: 0.0751008614897728.
LOCAL_RANK: 0 - CUDA_VISIBLE_DEVICES: [0]
[I 2023-11-30 02:47:28,206] Trial 146 finished with value: 0.14193755388259888 and parameters: {'gradient_clip_val': 0.6321093509255972, 'hidden_size': 112, 'dropout': 0.320592224263379, 'hidden_continuous_size': 26, 'attention_head_size': 1, 'learning_rate': 0.02800542779794478}. Best is trial 137 with value: 0.0751008614897728.
LOCAL_RANK: 0 - CUDA_VISIBLE_DEVICES: [0]
[I 2023-11-30 02:47:41,796] Trial 147 finished with value: 0.25146856904029846 and parameters: {'gradient_clip_val': 0.7107793372396275, 'hidden_size': 94, 'dropout': 0.2933801810778282, 'hidden_continuous_size': 22, 'attention_head_size': 1, 'learning_rate': 0.07322898153961699}. Best is trial 137 with value: 0.0751008614897728.
LOCAL_RANK: 0 - CUDA_VISIBLE_DEVICES: [0]
[I 2023-11-30 02:47:55,300] Trial 148 finished with value: 0.20059096813201904 and parameters: {'gradient_clip_val': 0.5395721470627475, 'hidden_size': 77, 'dropout': 0.29824907338225665, 'hidden_continuous_size': 23, 'attention_head_size': 4, 'learning_rate': 0.054247245901896335}. Best is trial 137 with value: 0.0751008614897728.
LOCAL_RANK: 0 - CUDA_VISIBLE_DEVICES: [0]
[I 2023-11-30 02:48:08,869] Trial 149 finished with value: 0.09172322601079941 and parameters: {'gradient_clip_val': 0.7663326848023704, 'hidden_size': 89, 'dropout': 0.3252893087929863, 'hidden_continuous_size': 23, 'attention_head_size': 2, 'learning_rate': 0.022358560073327052}. Best is trial 137 with value: 0.0751008614897728.
[I 2023-11-30 02:48:08,980] A new study created in memory with name: no-name-34d0be15-b150-4d36-ab9e-ca665eb99065
/home/le004/conda/anaconda3/envs/tsff_env/lib/python3.9/site-packages/lightning/fabric/plugins/environments/slurm.py:191: The `srun` command is available on your system but is not used. HINT: If your intention is to run Lightning on SLURM, prepend your python command with `srun` like so: srun python /home/le004/master_thesis/git/TSFusionForecast/code/ ...
LOCAL_RANK: 0 - CUDA_VISIBLE_DEVICES: [0]
[I 2023-11-30 02:48:21,352] Trial 0 finished with value: 1.8759064674377441 and parameters: {'gradient_clip_val': 0.4586519375357243, 'hidden_size': 19, 'dropout': 0.18092332735149708, 'hidden_continuous_size': 11, 'attention_head_size': 4, 'learning_rate': 0.002002485450193936}. Best is trial 0 with value: 1.8759064674377441.
LOCAL_RANK: 0 - CUDA_VISIBLE_DEVICES: [0]
[I 2023-11-30 02:48:33,721] Trial 1 finished with value: 0.14412903785705566 and parameters: {'gradient_clip_val': 0.391911220815113, 'hidden_size': 19, 'dropout': 0.2317386136208133, 'hidden_continuous_size': 14, 'attention_head_size': 4, 'learning_rate': 0.07391666103146335}. Best is trial 1 with value: 0.14412903785705566.
LOCAL_RANK: 0 - CUDA_VISIBLE_DEVICES: [0]
[I 2023-11-30 02:48:46,514] Trial 2 finished with value: 0.13241226971149445 and parameters: {'gradient_clip_val': 0.54351232923787, 'hidden_size': 40, 'dropout': 0.23603227620336245, 'hidden_continuous_size': 35, 'attention_head_size': 4, 'learning_rate': 0.04239964165943038}. Best is trial 2 with value: 0.13241226971149445.
LOCAL_RANK: 0 - CUDA_VISIBLE_DEVICES: [0]
[I 2023-11-30 02:49:00,222] Trial 3 finished with value: 0.23367033898830414 and parameters: {'gradient_clip_val': 0.14140470759616647, 'hidden_size': 65, 'dropout': 0.36080067993014076, 'hidden_continuous_size': 35, 'attention_head_size': 3, 'learning_rate': 0.01568331660652518}. Best is trial 2 with value: 0.13241226971149445.
LOCAL_RANK: 0 - CUDA_VISIBLE_DEVICES: [0]
[I 2023-11-30 02:49:13,411] Trial 4 finished with value: 0.18703146278858185 and parameters: {'gradient_clip_val': 0.247218776031959, 'hidden_size': 78, 'dropout': 0.3747122884979841, 'hidden_continuous_size': 10, 'attention_head_size': 1, 'learning_rate': 0.010733482627467388}. Best is trial 2 with value: 0.13241226971149445.
LOCAL_RANK: 0 - CUDA_VISIBLE_DEVICES: [0]
[I 2023-11-30 02:49:25,636] Trial 5 finished with value: 0.2969196140766144 and parameters: {'gradient_clip_val': 0.11803464766873574, 'hidden_size': 23, 'dropout': 0.287934863430257, 'hidden_continuous_size': 14, 'attention_head_size': 1, 'learning_rate': 0.029434280765077855}. Best is trial 2 with value: 0.13241226971149445.
LOCAL_RANK: 0 - CUDA_VISIBLE_DEVICES: [0]
[I 2023-11-30 02:49:37,789] Trial 6 finished with value: 2.1968204975128174 and parameters: {'gradient_clip_val': 0.17631757564509254, 'hidden_size': 13, 'dropout': 0.2551381685483998, 'hidden_continuous_size': 12, 'attention_head_size': 3, 'learning_rate': 0.002485803196735074}. Best is trial 2 with value: 0.13241226971149445.
LOCAL_RANK: 0 - CUDA_VISIBLE_DEVICES: [0]
[I 2023-11-30 02:49:52,548] Trial 7 finished with value: 0.14743129909038544 and parameters: {'gradient_clip_val': 0.11623492952238249, 'hidden_size': 127, 'dropout': 0.3650960361168407, 'hidden_continuous_size': 93, 'attention_head_size': 4, 'learning_rate': 0.06118920716842018}. Best is trial 2 with value: 0.13241226971149445.
LOCAL_RANK: 0 - CUDA_VISIBLE_DEVICES: [0]
[I 2023-11-30 02:50:05,317] Trial 8 finished with value: 0.3530442416667938 and parameters: {'gradient_clip_val': 0.6477693318065627, 'hidden_size': 33, 'dropout': 0.28622938545122123, 'hidden_continuous_size': 24, 'attention_head_size': 1, 'learning_rate': 0.012079434245663028}. Best is trial 2 with value: 0.13241226971149445.
LOCAL_RANK: 0 - CUDA_VISIBLE_DEVICES: [0]
[I 2023-11-30 02:50:15,571] Trial 9 finished with value: 1.1440805196762085 and parameters: {'gradient_clip_val': 0.3071848547495262, 'hidden_size': 10, 'dropout': 0.3724912988248288, 'hidden_continuous_size': 10, 'attention_head_size': 1, 'learning_rate': 0.016688393477787673}. Best is trial 2 with value: 0.13241226971149445.
LOCAL_RANK: 0 - CUDA_VISIBLE_DEVICES: [0]
[I 2023-11-30 02:50:28,894] Trial 10 finished with value: 0.17935346066951752 and parameters: {'gradient_clip_val': 0.8997174438194555, 'hidden_size': 51, 'dropout': 0.1079599040902319, 'hidden_continuous_size': 33, 'attention_head_size': 2, 'learning_rate': 0.0901054426447123}. Best is trial 2 with value: 0.13241226971149445.
LOCAL_RANK: 0 - CUDA_VISIBLE_DEVICES: [0]
[I 2023-11-30 02:50:41,437] Trial 11 finished with value: 0.1809956580400467 and parameters: {'gradient_clip_val': 0.448394317095616, 'hidden_size': 32, 'dropout': 0.22135062947914183, 'hidden_continuous_size': 15, 'attention_head_size': 4, 'learning_rate': 0.04897730462488397}. Best is trial 2 with value: 0.13241226971149445.
LOCAL_RANK: 0 - CUDA_VISIBLE_DEVICES: [0]
[I 2023-11-30 02:50:53,522] Trial 12 finished with value: 0.223367378115654 and parameters: {'gradient_clip_val': 0.46364571439926977, 'hidden_size': 20, 'dropout': 0.19423583261565017, 'hidden_continuous_size': 12, 'attention_head_size': 3, 'learning_rate': 0.0896255326249695}. Best is trial 2 with value: 0.13241226971149445.
LOCAL_RANK: 0 - CUDA_VISIBLE_DEVICES: [0]
[I 2023-11-30 02:51:06,645] Trial 13 finished with value: 0.19046826660633087 and parameters: {'gradient_clip_val': 0.3377299497248055, 'hidden_size': 42, 'dropout': 0.1581751305660964, 'hidden_continuous_size': 17, 'attention_head_size': 4, 'learning_rate': 0.03336136912609282}. Best is trial 2 with value: 0.13241226971149445.
LOCAL_RANK: 0 - CUDA_VISIBLE_DEVICES: [0]
[I 2023-11-30 02:51:18,991] Trial 14 finished with value: 0.15009088814258575 and parameters: {'gradient_clip_val': 0.6956803260043201, 'hidden_size': 26, 'dropout': 0.2401838340520403, 'hidden_continuous_size': 17, 'attention_head_size': 2, 'learning_rate': 0.03313374456838911}. Best is trial 2 with value: 0.13241226971149445.
LOCAL_RANK: 0 - CUDA_VISIBLE_DEVICES: [0]
[I 2023-11-30 02:51:31,068] Trial 15 finished with value: 0.16562174260616302 and parameters: {'gradient_clip_val': 0.23262387100460102, 'hidden_size': 16, 'dropout': 0.30279846071775873, 'hidden_continuous_size': 10, 'attention_head_size': 3, 'learning_rate': 0.09541875714101218}. Best is trial 2 with value: 0.13241226971149445.
LOCAL_RANK: 0 - CUDA_VISIBLE_DEVICES: [0]
[I 2023-11-30 02:51:43,492] Trial 16 finished with value: 0.8626205325126648 and parameters: {'gradient_clip_val': 0.5765792349271366, 'hidden_size': 27, 'dropout': 0.20711071599209468, 'hidden_continuous_size': 14, 'attention_head_size': 4, 'learning_rate': 0.004970250614496895}. Best is trial 2 with value: 0.13241226971149445.
LOCAL_RANK: 0 - CUDA_VISIBLE_DEVICES: [0]
[I 2023-11-30 02:51:56,524] Trial 17 finished with value: 0.25632843375205994 and parameters: {'gradient_clip_val': 0.9009345441021286, 'hidden_size': 43, 'dropout': 0.2497891634310969, 'hidden_continuous_size': 22, 'attention_head_size': 4, 'learning_rate': 0.02402432274663292}. Best is trial 2 with value: 0.13241226971149445.
LOCAL_RANK: 0 - CUDA_VISIBLE_DEVICES: [0]
[I 2023-11-30 02:52:09,065] Trial 18 finished with value: 0.2866348922252655 and parameters: {'gradient_clip_val': 0.35364853274390534, 'hidden_size': 31, 'dropout': 0.16119336679871338, 'hidden_continuous_size': 12, 'attention_head_size': 2, 'learning_rate': 0.05321097450054533}. Best is trial 2 with value: 0.13241226971149445.
LOCAL_RANK: 0 - CUDA_VISIBLE_DEVICES: [0]
[I 2023-11-30 02:52:20,967] Trial 19 finished with value: 0.9723570942878723 and parameters: {'gradient_clip_val': 0.5428536379650915, 'hidden_size': 16, 'dropout': 0.31540751548659574, 'hidden_continuous_size': 11, 'attention_head_size': 3, 'learning_rate': 0.006305865858376078}. Best is trial 2 with value: 0.13241226971149445.
LOCAL_RANK: 0 - CUDA_VISIBLE_DEVICES: [0]
[I 2023-11-30 02:52:33,407] Trial 20 finished with value: 0.2652397155761719 and parameters: {'gradient_clip_val': 0.40664250214696396, 'hidden_size': 22, 'dropout': 0.22890854554402554, 'hidden_continuous_size': 13, 'attention_head_size': 4, 'learning_rate': 0.04915660671075367}. Best is trial 2 with value: 0.13241226971149445.
LOCAL_RANK: 0 - CUDA_VISIBLE_DEVICES: [0]
[I 2023-11-30 02:52:47,744] Trial 21 finished with value: 0.11792963743209839 and parameters: {'gradient_clip_val': 0.11744786130282393, 'hidden_size': 89, 'dropout': 0.26308395287309244, 'hidden_continuous_size': 69, 'attention_head_size': 4, 'learning_rate': 0.06820242471820857}. Best is trial 21 with value: 0.11792963743209839.
LOCAL_RANK: 0 - CUDA_VISIBLE_DEVICES: [0]
[I 2023-11-30 02:53:01,821] Trial 22 finished with value: 0.28249475359916687 and parameters: {'gradient_clip_val': 0.1929282613868038, 'hidden_size': 96, 'dropout': 0.26892686199232707, 'hidden_continuous_size': 46, 'attention_head_size': 4, 'learning_rate': 0.05910784690678702}. Best is trial 21 with value: 0.11792963743209839.
LOCAL_RANK: 0 - CUDA_VISIBLE_DEVICES: [0]
[I 2023-11-30 02:53:14,843] Trial 23 finished with value: 0.15636108815670013 and parameters: {'gradient_clip_val': 0.2721042223720269, 'hidden_size': 48, 'dropout': 0.23201599065528877, 'hidden_continuous_size': 18, 'attention_head_size': 3, 'learning_rate': 0.03901293355976012}. Best is trial 21 with value: 0.11792963743209839.
LOCAL_RANK: 0 - CUDA_VISIBLE_DEVICES: [0]
[I 2023-11-30 02:53:29,347] Trial 24 finished with value: 0.27387359738349915 and parameters: {'gradient_clip_val': 0.10253765941511607, 'hidden_size': 144, 'dropout': 0.2737782916134179, 'hidden_continuous_size': 57, 'attention_head_size': 4, 'learning_rate': 0.022375027029639512}. Best is trial 21 with value: 0.11792963743209839.
LOCAL_RANK: 0 - CUDA_VISIBLE_DEVICES: [0]
[I 2023-11-30 02:53:42,513] Trial 25 finished with value: 0.2327640801668167 and parameters: {'gradient_clip_val': 0.3755415876024355, 'hidden_size': 56, 'dropout': 0.3223298751982908, 'hidden_continuous_size': 24, 'attention_head_size': 4, 'learning_rate': 0.07185772980092575}. Best is trial 21 with value: 0.11792963743209839.
LOCAL_RANK: 0 - CUDA_VISIBLE_DEVICES: [0]
[I 2023-11-30 02:53:56,089] Trial 26 finished with value: 0.1409142017364502 and parameters: {'gradient_clip_val': 0.31589474107617754, 'hidden_size': 70, 'dropout': 0.25448497121812796, 'hidden_continuous_size': 20, 'attention_head_size': 3, 'learning_rate': 0.042242894375879934}. Best is trial 21 with value: 0.11792963743209839.
LOCAL_RANK: 0 - CUDA_VISIBLE_DEVICES: [0]
[I 2023-11-30 02:54:09,597] Trial 27 finished with value: 0.16719001531600952 and parameters: {'gradient_clip_val': 0.28593565916812863, 'hidden_size': 70, 'dropout': 0.25584510368589497, 'hidden_continuous_size': 28, 'attention_head_size': 3, 'learning_rate': 0.04067581370218616}. Best is trial 21 with value: 0.11792963743209839.
LOCAL_RANK: 0 - CUDA_VISIBLE_DEVICES: [0]
[I 2023-11-30 02:54:23,392] Trial 28 finished with value: 0.12437295913696289 and parameters: {'gradient_clip_val': 0.21232264908767282, 'hidden_size': 96, 'dropout': 0.21057295495595446, 'hidden_continuous_size': 39, 'attention_head_size': 2, 'learning_rate': 0.02445613431340392}. Best is trial 21 with value: 0.11792963743209839.
LOCAL_RANK: 0 - CUDA_VISIBLE_DEVICES: [0]
[I 2023-11-30 02:54:37,466] Trial 29 finished with value: 0.1813654750585556 and parameters: {'gradient_clip_val': 0.1571043326900744, 'hidden_size': 103, 'dropout': 0.2074441582278078, 'hidden_continuous_size': 42, 'attention_head_size': 2, 'learning_rate': 0.022308974539677145}. Best is trial 21 with value: 0.11792963743209839.
LOCAL_RANK: 0 - CUDA_VISIBLE_DEVICES: [0]
[I 2023-11-30 02:54:51,432] Trial 30 finished with value: 0.13360048830509186 and parameters: {'gradient_clip_val': 0.1377973166144261, 'hidden_size': 103, 'dropout': 0.1829974762871466, 'hidden_continuous_size': 63, 'attention_head_size': 2, 'learning_rate': 0.02795727341685028}. Best is trial 21 with value: 0.11792963743209839.
LOCAL_RANK: 0 - CUDA_VISIBLE_DEVICES: [0]
[I 2023-11-30 02:55:05,390] Trial 31 finished with value: 0.14886732399463654 and parameters: {'gradient_clip_val': 0.19303239962221963, 'hidden_size': 88, 'dropout': 0.17976839268208505, 'hidden_continuous_size': 67, 'attention_head_size': 2, 'learning_rate': 0.027410062529171227}. Best is trial 21 with value: 0.11792963743209839.
LOCAL_RANK: 0 - CUDA_VISIBLE_DEVICES: [0]
[I 2023-11-30 02:55:19,602] Trial 32 finished with value: 0.2604668438434601 and parameters: {'gradient_clip_val': 0.13591917382635835, 'hidden_size': 112, 'dropout': 0.21165736563420148, 'hidden_continuous_size': 73, 'attention_head_size': 2, 'learning_rate': 0.03540611686843842}. Best is trial 21 with value: 0.11792963743209839.
LOCAL_RANK: 0 - CUDA_VISIBLE_DEVICES: [0]
[I 2023-11-30 02:55:33,679] Trial 33 finished with value: 0.2067616730928421 and parameters: {'gradient_clip_val': 0.15159766274227954, 'hidden_size': 86, 'dropout': 0.19222283150612127, 'hidden_continuous_size': 49, 'attention_head_size': 2, 'learning_rate': 0.07099028823671376}. Best is trial 21 with value: 0.11792963743209839.
LOCAL_RANK: 0 - CUDA_VISIBLE_DEVICES: [0]
[I 2023-11-30 02:55:47,624] Trial 34 finished with value: 0.18177807331085205 and parameters: {'gradient_clip_val': 0.21771448455457787, 'hidden_size': 116, 'dropout': 0.22921434100044885, 'hidden_continuous_size': 39, 'attention_head_size': 2, 'learning_rate': 0.018161249915843575}. Best is trial 21 with value: 0.11792963743209839.
LOCAL_RANK: 0 - CUDA_VISIBLE_DEVICES: [0]
[I 2023-11-30 02:56:00,950] Trial 35 finished with value: 0.23948825895786285 and parameters: {'gradient_clip_val': 0.12918384454435977, 'hidden_size': 63, 'dropout': 0.24172814589478317, 'hidden_continuous_size': 32, 'attention_head_size': 1, 'learning_rate': 0.027043320287675896}. Best is trial 21 with value: 0.11792963743209839.
LOCAL_RANK: 0 - CUDA_VISIBLE_DEVICES: [0]
[I 2023-11-30 02:56:15,848] Trial 36 finished with value: 0.12410377711057663 and parameters: {'gradient_clip_val': 0.16087901686939826, 'hidden_size': 150, 'dropout': 0.1723454340600934, 'hidden_continuous_size': 132, 'attention_head_size': 2, 'learning_rate': 0.013968580498590644}. Best is trial 21 with value: 0.11792963743209839.
LOCAL_RANK: 0 - CUDA_VISIBLE_DEVICES: [0]
[I 2023-11-30 02:56:26,988] Trial 37 finished with value: 0.16657403111457825 and parameters: {'gradient_clip_val': 0.1648765874092213, 'hidden_size': 148, 'dropout': 0.22068089986313005, 'hidden_continuous_size': 148, 'attention_head_size': 3, 'learning_rate': 0.01261244831814156}. Best is trial 21 with value: 0.11792963743209839.
LOCAL_RANK: 0 - CUDA_VISIBLE_DEVICES: [0]
[I 2023-11-30 02:56:40,661] Trial 38 finished with value: 0.13681644201278687 and parameters: {'gradient_clip_val': 0.10160975041672911, 'hidden_size': 80, 'dropout': 0.26335611153102917, 'hidden_continuous_size': 36, 'attention_head_size': 1, 'learning_rate': 0.019627463039311586}. Best is trial 21 with value: 0.11792963743209839.
LOCAL_RANK: 0 - CUDA_VISIBLE_DEVICES: [0]
[I 2023-11-30 02:56:54,977] Trial 39 finished with value: 0.1665237694978714 and parameters: {'gradient_clip_val': 0.17714514326157446, 'hidden_size': 128, 'dropout': 0.28464192352862616, 'hidden_continuous_size': 79, 'attention_head_size': 2, 'learning_rate': 0.015119887506512301}. Best is trial 21 with value: 0.11792963743209839.
LOCAL_RANK: 0 - CUDA_VISIBLE_DEVICES: [0]
[I 2023-11-30 02:57:08,603] Trial 40 finished with value: 0.18238405883312225 and parameters: {'gradient_clip_val': 0.11716420290567846, 'hidden_size': 95, 'dropout': 0.24070090382966094, 'hidden_continuous_size': 30, 'attention_head_size': 1, 'learning_rate': 0.00907474096015912}. Best is trial 21 with value: 0.11792963743209839.
LOCAL_RANK: 0 - CUDA_VISIBLE_DEVICES: [0]
[I 2023-11-30 02:57:22,522] Trial 41 finished with value: 0.18328720331192017 and parameters: {'gradient_clip_val': 0.14356941369818949, 'hidden_size': 108, 'dropout': 0.16937751607074958, 'hidden_continuous_size': 54, 'attention_head_size': 2, 'learning_rate': 0.029290608636436403}. Best is trial 21 with value: 0.11792963743209839.
LOCAL_RANK: 0 - CUDA_VISIBLE_DEVICES: [0]
[I 2023-11-30 02:57:36,994] Trial 42 finished with value: 0.16994540393352509 and parameters: {'gradient_clip_val': 0.133854002071609, 'hidden_size': 127, 'dropout': 0.14962206940989836, 'hidden_continuous_size': 94, 'attention_head_size': 2, 'learning_rate': 0.045546814347862605}. Best is trial 21 with value: 0.11792963743209839.
LOCAL_RANK: 0 - CUDA_VISIBLE_DEVICES: [0]
[I 2023-11-30 02:57:50,877] Trial 43 finished with value: 0.15088380873203278 and parameters: {'gradient_clip_val': 0.12406185519072127, 'hidden_size': 83, 'dropout': 0.193956307707539, 'hidden_continuous_size': 40, 'attention_head_size': 2, 'learning_rate': 0.06310698168461674}. Best is trial 21 with value: 0.11792963743209839.
LOCAL_RANK: 0 - CUDA_VISIBLE_DEVICES: [0]
[I 2023-11-30 02:58:04,668] Trial 44 finished with value: 0.20486117899417877 and parameters: {'gradient_clip_val': 0.15149176467463196, 'hidden_size': 95, 'dropout': 0.13972772899716196, 'hidden_continuous_size': 37, 'attention_head_size': 2, 'learning_rate': 0.0320774274722767}. Best is trial 21 with value: 0.11792963743209839.
LOCAL_RANK: 0 - CUDA_VISIBLE_DEVICES: [0]
[I 2023-11-30 02:58:18,840] Trial 45 finished with value: 0.14556674659252167 and parameters: {'gradient_clip_val': 0.17611485418649786, 'hidden_size': 113, 'dropout': 0.18888778174335835, 'hidden_continuous_size': 47, 'attention_head_size': 3, 'learning_rate': 0.02110295521112005}. Best is trial 21 with value: 0.11792963743209839.
LOCAL_RANK: 0 - CUDA_VISIBLE_DEVICES: [0]
[I 2023-11-30 02:58:32,542] Trial 46 finished with value: 0.16145053505897522 and parameters: {'gradient_clip_val': 0.11183121438940714, 'hidden_size': 75, 'dropout': 0.2089121930348372, 'hidden_continuous_size': 34, 'attention_head_size': 2, 'learning_rate': 0.015955065374912675}. Best is trial 21 with value: 0.11792963743209839.
LOCAL_RANK: 0 - CUDA_VISIBLE_DEVICES: [0]
