[I 2023-11-30 07:39:30,970] Trial 62 finished with value: 0.18946780264377594 and parameters: {'gradient_clip_val': 0.9214275732750461, 'hidden_size': 120, 'dropout': 0.12347746006910257, 'hidden_continuous_size': 111, 'attention_head_size': 4, 'learning_rate': 0.011313823126856493}. Best is trial 5 with value: 0.1262803077697754.
LOCAL_RANK: 0 - CUDA_VISIBLE_DEVICES: [0]
[I 2023-11-30 07:39:45,417] Trial 63 finished with value: 0.2433861941099167 and parameters: {'gradient_clip_val': 0.8345630571780862, 'hidden_size': 94, 'dropout': 0.1549604843921393, 'hidden_continuous_size': 87, 'attention_head_size': 4, 'learning_rate': 0.010252137980149253}. Best is trial 5 with value: 0.1262803077697754.
LOCAL_RANK: 0 - CUDA_VISIBLE_DEVICES: [0]
[I 2023-11-30 07:39:59,946] Trial 64 finished with value: 0.1900583654642105 and parameters: {'gradient_clip_val': 0.7557677423135748, 'hidden_size': 105, 'dropout': 0.12927723493715454, 'hidden_continuous_size': 89, 'attention_head_size': 4, 'learning_rate': 0.008268395828975535}. Best is trial 5 with value: 0.1262803077697754.
LOCAL_RANK: 0 - CUDA_VISIBLE_DEVICES: [0]
[I 2023-11-30 07:40:14,739] Trial 65 finished with value: 0.24041445553302765 and parameters: {'gradient_clip_val': 0.631810196634079, 'hidden_size': 137, 'dropout': 0.11008540939955637, 'hidden_continuous_size': 115, 'attention_head_size': 4, 'learning_rate': 0.015397590295767934}. Best is trial 5 with value: 0.1262803077697754.
LOCAL_RANK: 0 - CUDA_VISIBLE_DEVICES: [0]
[I 2023-11-30 07:40:29,426] Trial 66 finished with value: 0.20088903605937958 and parameters: {'gradient_clip_val': 0.9328431560474878, 'hidden_size': 115, 'dropout': 0.14047189344988487, 'hidden_continuous_size': 105, 'attention_head_size': 4, 'learning_rate': 0.0058497996366389535}. Best is trial 5 with value: 0.1262803077697754.
LOCAL_RANK: 0 - CUDA_VISIBLE_DEVICES: [0]
[I 2023-11-30 07:40:43,994] Trial 67 finished with value: 0.22404097020626068 and parameters: {'gradient_clip_val': 0.702979243839404, 'hidden_size': 123, 'dropout': 0.15106236315264532, 'hidden_continuous_size': 97, 'attention_head_size': 4, 'learning_rate': 0.006675680438850286}. Best is trial 5 with value: 0.1262803077697754.
LOCAL_RANK: 0 - CUDA_VISIBLE_DEVICES: [0]
[I 2023-11-30 07:40:58,213] Trial 68 finished with value: 0.18540050089359283 and parameters: {'gradient_clip_val': 0.5621756845227113, 'hidden_size': 77, 'dropout': 0.10110436939562868, 'hidden_continuous_size': 67, 'attention_head_size': 4, 'learning_rate': 0.010090665804025123}. Best is trial 5 with value: 0.1262803077697754.
LOCAL_RANK: 0 - CUDA_VISIBLE_DEVICES: [0]
[I 2023-11-30 07:41:12,224] Trial 69 finished with value: 0.1769426316022873 and parameters: {'gradient_clip_val': 0.8578869079655165, 'hidden_size': 67, 'dropout': 0.1262152969018661, 'hidden_continuous_size': 63, 'attention_head_size': 4, 'learning_rate': 0.014485460745694186}. Best is trial 5 with value: 0.1262803077697754.
LOCAL_RANK: 0 - CUDA_VISIBLE_DEVICES: [0]
[I 2023-11-30 07:41:26,532] Trial 70 finished with value: 0.418367475271225 and parameters: {'gradient_clip_val': 0.8029982035113274, 'hidden_size': 86, 'dropout': 0.11369916718236853, 'hidden_continuous_size': 79, 'attention_head_size': 3, 'learning_rate': 0.03410799495805286}. Best is trial 5 with value: 0.1262803077697754.
LOCAL_RANK: 0 - CUDA_VISIBLE_DEVICES: [0]
[I 2023-11-30 07:41:40,957] Trial 71 finished with value: 0.1503957360982895 and parameters: {'gradient_clip_val': 0.9671050765416417, 'hidden_size': 92, 'dropout': 0.13650160880993467, 'hidden_continuous_size': 84, 'attention_head_size': 4, 'learning_rate': 0.007525665628359405}. Best is trial 5 with value: 0.1262803077697754.
LOCAL_RANK: 0 - CUDA_VISIBLE_DEVICES: [0]
[I 2023-11-30 07:41:55,380] Trial 72 finished with value: 0.19699735939502716 and parameters: {'gradient_clip_val': 0.9867326999126529, 'hidden_size': 103, 'dropout': 0.13672794678267766, 'hidden_continuous_size': 94, 'attention_head_size': 4, 'learning_rate': 0.0076779905155843}. Best is trial 5 with value: 0.1262803077697754.
LOCAL_RANK: 0 - CUDA_VISIBLE_DEVICES: [0]
[I 2023-11-30 07:42:09,809] Trial 73 finished with value: 0.1776181012392044 and parameters: {'gradient_clip_val': 0.9126295966152852, 'hidden_size': 94, 'dropout': 0.16107563311986742, 'hidden_continuous_size': 84, 'attention_head_size': 4, 'learning_rate': 0.012750987270877614}. Best is trial 5 with value: 0.1262803077697754.
LOCAL_RANK: 0 - CUDA_VISIBLE_DEVICES: [0]
[I 2023-11-30 07:42:24,031] Trial 74 finished with value: 0.1783713847398758 and parameters: {'gradient_clip_val': 0.8380495076304242, 'hidden_size': 78, 'dropout': 0.12322009697015307, 'hidden_continuous_size': 74, 'attention_head_size': 4, 'learning_rate': 0.008608869528023422}. Best is trial 5 with value: 0.1262803077697754.
LOCAL_RANK: 0 - CUDA_VISIBLE_DEVICES: [0]
[I 2023-11-30 07:42:38,820] Trial 75 finished with value: 0.15476305782794952 and parameters: {'gradient_clip_val': 0.7738454226762305, 'hidden_size': 127, 'dropout': 0.15167306148150783, 'hidden_continuous_size': 116, 'attention_head_size': 4, 'learning_rate': 0.01123919565217075}. Best is trial 5 with value: 0.1262803077697754.
LOCAL_RANK: 0 - CUDA_VISIBLE_DEVICES: [0]
[I 2023-11-30 07:42:53,932] Trial 76 finished with value: 0.40061476826667786 and parameters: {'gradient_clip_val': 0.7601853916676871, 'hidden_size': 141, 'dropout': 0.1675577333725336, 'hidden_continuous_size': 138, 'attention_head_size': 4, 'learning_rate': 0.012212077555526737}. Best is trial 5 with value: 0.1262803077697754.
LOCAL_RANK: 0 - CUDA_VISIBLE_DEVICES: [0]
[I 2023-11-30 07:43:08,843] Trial 77 finished with value: 0.23699086904525757 and parameters: {'gradient_clip_val': 0.7120922476986153, 'hidden_size': 126, 'dropout': 0.1776459386029861, 'hidden_continuous_size': 103, 'attention_head_size': 4, 'learning_rate': 0.019485948158217165}. Best is trial 5 with value: 0.1262803077697754.
LOCAL_RANK: 0 - CUDA_VISIBLE_DEVICES: [0]
[I 2023-11-30 07:43:23,325] Trial 78 finished with value: 0.14633841812610626 and parameters: {'gradient_clip_val': 0.6489510984748681, 'hidden_size': 110, 'dropout': 0.14862627438474524, 'hidden_continuous_size': 101, 'attention_head_size': 2, 'learning_rate': 0.007104316202762052}. Best is trial 5 with value: 0.1262803077697754.
LOCAL_RANK: 0 - CUDA_VISIBLE_DEVICES: [0]
[I 2023-11-30 07:43:37,673] Trial 79 finished with value: 0.21690161526203156 and parameters: {'gradient_clip_val': 0.6572394773967554, 'hidden_size': 109, 'dropout': 0.15220274140855802, 'hidden_continuous_size': 96, 'attention_head_size': 2, 'learning_rate': 0.005019397989391608}. Best is trial 5 with value: 0.1262803077697754.
LOCAL_RANK: 0 - CUDA_VISIBLE_DEVICES: [0]
[I 2023-11-30 07:43:51,872] Trial 80 finished with value: 0.282268762588501 and parameters: {'gradient_clip_val': 0.6561627152880418, 'hidden_size': 89, 'dropout': 0.18229237462650213, 'hidden_continuous_size': 81, 'attention_head_size': 2, 'learning_rate': 0.007066101144045618}. Best is trial 5 with value: 0.1262803077697754.
LOCAL_RANK: 0 - CUDA_VISIBLE_DEVICES: [0]
[I 2023-11-30 07:44:06,502] Trial 81 finished with value: 0.17358867824077606 and parameters: {'gradient_clip_val': 0.7832549881906704, 'hidden_size': 126, 'dropout': 0.12993302702626133, 'hidden_continuous_size': 115, 'attention_head_size': 2, 'learning_rate': 0.005973192469084329}. Best is trial 5 with value: 0.1262803077697754.
LOCAL_RANK: 0 - CUDA_VISIBLE_DEVICES: [0]
[I 2023-11-30 07:44:21,330] Trial 82 finished with value: 0.20678631961345673 and parameters: {'gradient_clip_val': 0.7048421299052564, 'hidden_size': 140, 'dropout': 0.16139893222833668, 'hidden_continuous_size': 125, 'attention_head_size': 4, 'learning_rate': 0.009098620315401085}. Best is trial 5 with value: 0.1262803077697754.
LOCAL_RANK: 0 - CUDA_VISIBLE_DEVICES: [0]
[I 2023-11-30 07:44:35,729] Trial 83 finished with value: 0.13730965554714203 and parameters: {'gradient_clip_val': 0.8699367573700013, 'hidden_size': 117, 'dropout': 0.11918563379953631, 'hidden_continuous_size': 104, 'attention_head_size': 1, 'learning_rate': 0.008268286486647099}. Best is trial 5 with value: 0.1262803077697754.
LOCAL_RANK: 0 - CUDA_VISIBLE_DEVICES: [0]
[I 2023-11-30 07:44:49,894] Trial 84 finished with value: 0.17296648025512695 and parameters: {'gradient_clip_val': 0.8931548731708475, 'hidden_size': 99, 'dropout': 0.147219429064137, 'hidden_continuous_size': 88, 'attention_head_size': 1, 'learning_rate': 0.007637262661467146}. Best is trial 5 with value: 0.1262803077697754.
LOCAL_RANK: 0 - CUDA_VISIBLE_DEVICES: [0]
[I 2023-11-30 07:45:04,164] Trial 85 finished with value: 0.1843837946653366 and parameters: {'gradient_clip_val': 0.8468470136872229, 'hidden_size': 118, 'dropout': 0.13651959855322923, 'hidden_continuous_size': 101, 'attention_head_size': 1, 'learning_rate': 0.007076198374811904}. Best is trial 5 with value: 0.1262803077697754.
LOCAL_RANK: 0 - CUDA_VISIBLE_DEVICES: [0]
[I 2023-11-30 07:45:18,484] Trial 86 finished with value: 0.19552792608737946 and parameters: {'gradient_clip_val': 0.9457868231042728, 'hidden_size': 109, 'dropout': 0.1104638612696513, 'hidden_continuous_size': 100, 'attention_head_size': 1, 'learning_rate': 0.0047377646062397825}. Best is trial 5 with value: 0.1262803077697754.
LOCAL_RANK: 0 - CUDA_VISIBLE_DEVICES: [0]
[I 2023-11-30 07:45:32,851] Trial 87 finished with value: 0.22997219860553741 and parameters: {'gradient_clip_val': 0.948861503323874, 'hidden_size': 103, 'dropout': 0.2040520808728814, 'hidden_continuous_size': 93, 'attention_head_size': 2, 'learning_rate': 0.005481778240045278}. Best is trial 5 with value: 0.1262803077697754.
LOCAL_RANK: 0 - CUDA_VISIBLE_DEVICES: [0]
[I 2023-11-30 07:45:47,272] Trial 88 finished with value: 0.2035941630601883 and parameters: {'gradient_clip_val': 0.7913646613743884, 'hidden_size': 118, 'dropout': 0.1272705417153937, 'hidden_continuous_size': 108, 'attention_head_size': 3, 'learning_rate': 0.006390573039265849}. Best is trial 5 with value: 0.1262803077697754.
LOCAL_RANK: 0 - CUDA_VISIBLE_DEVICES: [0]
[I 2023-11-30 07:46:01,724] Trial 89 finished with value: 0.2047378569841385 and parameters: {'gradient_clip_val': 0.8708512678623748, 'hidden_size': 128, 'dropout': 0.1473592607685785, 'hidden_continuous_size': 109, 'attention_head_size': 2, 'learning_rate': 0.00943193422712877}. Best is trial 5 with value: 0.1262803077697754.
LOCAL_RANK: 0 - CUDA_VISIBLE_DEVICES: [0]
[I 2023-11-30 07:46:15,975] Trial 90 finished with value: 0.32163408398628235 and parameters: {'gradient_clip_val': 0.6057491560067818, 'hidden_size': 94, 'dropout': 0.10694813025605468, 'hidden_continuous_size': 89, 'attention_head_size': 1, 'learning_rate': 0.008440594762214631}. Best is trial 5 with value: 0.1262803077697754.
LOCAL_RANK: 0 - CUDA_VISIBLE_DEVICES: [0]
[I 2023-11-30 07:46:31,009] Trial 91 finished with value: 0.3520483076572418 and parameters: {'gradient_clip_val': 0.7461013679916262, 'hidden_size': 138, 'dropout': 0.1198523403815867, 'hidden_continuous_size': 120, 'attention_head_size': 4, 'learning_rate': 0.01077265683980092}. Best is trial 5 with value: 0.1262803077697754.
LOCAL_RANK: 0 - CUDA_VISIBLE_DEVICES: [0]
[I 2023-11-30 07:46:46,160] Trial 92 finished with value: 0.17024357616901398 and parameters: {'gradient_clip_val': 0.8305785615466084, 'hidden_size': 149, 'dropout': 0.11540596051135274, 'hidden_continuous_size': 121, 'attention_head_size': 4, 'learning_rate': 0.01160453672700905}. Best is trial 5 with value: 0.1262803077697754.
LOCAL_RANK: 0 - CUDA_VISIBLE_DEVICES: [0]
[I 2023-11-30 07:47:00,694] Trial 93 finished with value: 0.1884138584136963 and parameters: {'gradient_clip_val': 0.6859408409632824, 'hidden_size': 110, 'dropout': 0.1321260954346305, 'hidden_continuous_size': 101, 'attention_head_size': 4, 'learning_rate': 0.015128601811307988}. Best is trial 5 with value: 0.1262803077697754.
LOCAL_RANK: 0 - CUDA_VISIBLE_DEVICES: [0]
[I 2023-11-30 07:47:15,440] Trial 94 finished with value: 0.1580326110124588 and parameters: {'gradient_clip_val': 0.7685709193575, 'hidden_size': 134, 'dropout': 0.1379554325712002, 'hidden_continuous_size': 113, 'attention_head_size': 4, 'learning_rate': 0.013124238283683042}. Best is trial 5 with value: 0.1262803077697754.
LOCAL_RANK: 0 - CUDA_VISIBLE_DEVICES: [0]
[I 2023-11-30 07:47:30,147] Trial 95 finished with value: 0.25319433212280273 and parameters: {'gradient_clip_val': 0.9511008518480368, 'hidden_size': 125, 'dropout': 0.15871006582674782, 'hidden_continuous_size': 113, 'attention_head_size': 4, 'learning_rate': 0.013173636059544282}. Best is trial 5 with value: 0.1262803077697754.
LOCAL_RANK: 0 - CUDA_VISIBLE_DEVICES: [0]
[I 2023-11-30 07:47:44,401] Trial 96 finished with value: 0.182646706700325 and parameters: {'gradient_clip_val': 0.8830817139885276, 'hidden_size': 98, 'dropout': 0.14104251240810514, 'hidden_continuous_size': 92, 'attention_head_size': 3, 'learning_rate': 0.007982622425439253}. Best is trial 5 with value: 0.1262803077697754.
LOCAL_RANK: 0 - CUDA_VISIBLE_DEVICES: [0]
[I 2023-11-30 07:47:59,174] Trial 97 finished with value: 0.2773456871509552 and parameters: {'gradient_clip_val': 0.7779234768686866, 'hidden_size': 117, 'dropout': 0.15161967102980062, 'hidden_continuous_size': 107, 'attention_head_size': 4, 'learning_rate': 0.01696867428612895}. Best is trial 5 with value: 0.1262803077697754.
LOCAL_RANK: 0 - CUDA_VISIBLE_DEVICES: [0]
[I 2023-11-30 07:48:13,687] Trial 98 finished with value: 0.2071049064397812 and parameters: {'gradient_clip_val': 0.8306583322603901, 'hidden_size': 131, 'dropout': 0.16796920023875483, 'hidden_continuous_size': 116, 'attention_head_size': 1, 'learning_rate': 0.010062431374036482}. Best is trial 5 with value: 0.1262803077697754.
LOCAL_RANK: 0 - CUDA_VISIBLE_DEVICES: [0]
[I 2023-11-30 07:48:28,077] Trial 99 finished with value: 0.1252119094133377 and parameters: {'gradient_clip_val': 0.89628715705505, 'hidden_size': 90, 'dropout': 0.13512526445095618, 'hidden_continuous_size': 84, 'attention_head_size': 4, 'learning_rate': 0.008904109523346448}. Best is trial 99 with value: 0.1252119094133377.
LOCAL_RANK: 0 - CUDA_VISIBLE_DEVICES: [0]
[I 2023-11-30 07:48:42,351] Trial 100 finished with value: 0.2082686424255371 and parameters: {'gradient_clip_val': 0.8977103961932354, 'hidden_size': 85, 'dropout': 0.12163091426337995, 'hidden_continuous_size': 81, 'attention_head_size': 4, 'learning_rate': 0.006871677204861529}. Best is trial 99 with value: 0.1252119094133377.
LOCAL_RANK: 0 - CUDA_VISIBLE_DEVICES: [0]
[I 2023-11-30 07:48:56,643] Trial 101 finished with value: 0.2051977515220642 and parameters: {'gradient_clip_val': 0.9993588283269522, 'hidden_size': 92, 'dropout': 0.13591328640524575, 'hidden_continuous_size': 85, 'attention_head_size': 4, 'learning_rate': 0.00892318145221084}. Best is trial 99 with value: 0.1252119094133377.
LOCAL_RANK: 0 - CUDA_VISIBLE_DEVICES: [0]
[I 2023-11-30 07:49:11,281] Trial 102 finished with value: 0.3798433244228363 and parameters: {'gradient_clip_val': 0.723501908757819, 'hidden_size': 110, 'dropout': 0.14443920280995998, 'hidden_continuous_size': 99, 'attention_head_size': 4, 'learning_rate': 0.010708092221860482}. Best is trial 99 with value: 0.1252119094133377.
LOCAL_RANK: 0 - CUDA_VISIBLE_DEVICES: [0]
[I 2023-11-30 07:49:25,720] Trial 103 finished with value: 0.4738881289958954 and parameters: {'gradient_clip_val': 0.940575209545746, 'hidden_size': 103, 'dropout': 0.1295522192201129, 'hidden_continuous_size': 96, 'attention_head_size': 4, 'learning_rate': 0.007694159483135142}. Best is trial 99 with value: 0.1252119094133377.
LOCAL_RANK: 0 - CUDA_VISIBLE_DEVICES: [0]
[I 2023-11-30 07:49:40,255] Trial 104 finished with value: 0.13273702561855316 and parameters: {'gradient_clip_val': 0.7990870050806563, 'hidden_size': 117, 'dropout': 0.15518013195551497, 'hidden_continuous_size': 108, 'attention_head_size': 4, 'learning_rate': 0.009709386381887224}. Best is trial 99 with value: 0.1252119094133377.
LOCAL_RANK: 0 - CUDA_VISIBLE_DEVICES: [0]
[I 2023-11-30 07:49:54,657] Trial 105 finished with value: 0.27565470337867737 and parameters: {'gradient_clip_val': 0.805250360861379, 'hidden_size': 89, 'dropout': 0.17396931997210766, 'hidden_continuous_size': 84, 'attention_head_size': 4, 'learning_rate': 0.009611336036992513}. Best is trial 99 with value: 0.1252119094133377.
LOCAL_RANK: 0 - CUDA_VISIBLE_DEVICES: [0]
[I 2023-11-30 07:50:09,141] Trial 106 finished with value: 0.17368872463703156 and parameters: {'gradient_clip_val': 0.8644231248855954, 'hidden_size': 99, 'dropout': 0.1644198363944107, 'hidden_continuous_size': 91, 'attention_head_size': 4, 'learning_rate': 0.006322110009110985}. Best is trial 99 with value: 0.1252119094133377.
LOCAL_RANK: 0 - CUDA_VISIBLE_DEVICES: [0]
[I 2023-11-30 07:50:23,509] Trial 107 finished with value: 0.22024686634540558 and parameters: {'gradient_clip_val': 0.9153914713544545, 'hidden_size': 82, 'dropout': 0.15681118853716758, 'hidden_continuous_size': 78, 'attention_head_size': 3, 'learning_rate': 0.008424894371089182}. Best is trial 99 with value: 0.1252119094133377.
LOCAL_RANK: 0 - CUDA_VISIBLE_DEVICES: [0]
[I 2023-11-30 07:50:38,192] Trial 108 finished with value: 0.15417994558811188 and parameters: {'gradient_clip_val': 0.8346929531018873, 'hidden_size': 121, 'dropout': 0.10737066118592636, 'hidden_continuous_size': 106, 'attention_head_size': 4, 'learning_rate': 0.0143274454362708}. Best is trial 99 with value: 0.1252119094133377.
LOCAL_RANK: 0 - CUDA_VISIBLE_DEVICES: [0]
[I 2023-11-30 07:50:52,781] Trial 109 finished with value: 0.18334083259105682 and parameters: {'gradient_clip_val': 0.8293088612767684, 'hidden_size': 115, 'dropout': 0.11060295842238564, 'hidden_continuous_size': 107, 'attention_head_size': 4, 'learning_rate': 0.013643920795781347}. Best is trial 99 with value: 0.1252119094133377.
LOCAL_RANK: 0 - CUDA_VISIBLE_DEVICES: [0]
[I 2023-11-30 07:51:07,211] Trial 110 finished with value: 0.16925732791423798 and parameters: {'gradient_clip_val': 0.9552423592268523, 'hidden_size': 107, 'dropout': 0.10539556382670467, 'hidden_continuous_size': 99, 'attention_head_size': 2, 'learning_rate': 0.01575107045396477}. Best is trial 99 with value: 0.1252119094133377.
LOCAL_RANK: 0 - CUDA_VISIBLE_DEVICES: [0]
[I 2023-11-30 07:51:21,839] Trial 111 finished with value: 0.2696837782859802 and parameters: {'gradient_clip_val': 0.8791097554477871, 'hidden_size': 120, 'dropout': 0.11602762546543163, 'hidden_continuous_size': 102, 'attention_head_size': 4, 'learning_rate': 0.010982825928638204}. Best is trial 99 with value: 0.1252119094133377.
LOCAL_RANK: 0 - CUDA_VISIBLE_DEVICES: [0]
[I 2023-11-30 07:51:36,857] Trial 112 finished with value: 0.18908493220806122 and parameters: {'gradient_clip_val': 0.714223836431339, 'hidden_size': 141, 'dropout': 0.12433816345268313, 'hidden_continuous_size': 134, 'attention_head_size': 4, 'learning_rate': 0.009993223053408799}. Best is trial 99 with value: 0.1252119094133377.
LOCAL_RANK: 0 - CUDA_VISIBLE_DEVICES: [0]
[I 2023-11-30 07:51:51,241] Trial 113 finished with value: 0.13647200167179108 and parameters: {'gradient_clip_val': 0.7976500147330806, 'hidden_size': 125, 'dropout': 0.1901319747714152, 'hidden_continuous_size': 68, 'attention_head_size': 4, 'learning_rate': 0.008928190707655324}. Best is trial 99 with value: 0.1252119094133377.
LOCAL_RANK: 0 - CUDA_VISIBLE_DEVICES: [0]
[I 2023-11-30 07:52:05,785] Trial 114 finished with value: 0.27050668001174927 and parameters: {'gradient_clip_val': 0.91159970088054, 'hidden_size': 106, 'dropout': 0.18737663851959477, 'hidden_continuous_size': 74, 'attention_head_size': 4, 'learning_rate': 0.007106827522147573}. Best is trial 99 with value: 0.1252119094133377.
LOCAL_RANK: 0 - CUDA_VISIBLE_DEVICES: [0]
[I 2023-11-30 07:52:20,081] Trial 115 finished with value: 0.32038018107414246 and parameters: {'gradient_clip_val': 0.8109692476175016, 'hidden_size': 93, 'dropout': 0.19516686032978955, 'hidden_continuous_size': 88, 'attention_head_size': 4, 'learning_rate': 0.00871470849358016}. Best is trial 99 with value: 0.1252119094133377.
LOCAL_RANK: 0 - CUDA_VISIBLE_DEVICES: [0]
[I 2023-11-30 07:52:34,458] Trial 116 finished with value: 0.24632243812084198 and parameters: {'gradient_clip_val': 0.6335612609665244, 'hidden_size': 122, 'dropout': 0.10196162342758178, 'hidden_continuous_size': 68, 'attention_head_size': 4, 'learning_rate': 0.012092348137141289}. Best is trial 99 with value: 0.1252119094133377.
LOCAL_RANK: 0 - CUDA_VISIBLE_DEVICES: [0]
[I 2023-11-30 07:52:49,093] Trial 117 finished with value: 0.24991250038146973 and parameters: {'gradient_clip_val': 0.8486896102970756, 'hidden_size': 99, 'dropout': 0.17925470251743514, 'hidden_continuous_size': 94, 'attention_head_size': 4, 'learning_rate': 0.007857179764929917}. Best is trial 99 with value: 0.1252119094133377.
LOCAL_RANK: 0 - CUDA_VISIBLE_DEVICES: [0]
[I 2023-11-30 07:53:03,305] Trial 118 finished with value: 0.3107459843158722 and parameters: {'gradient_clip_val': 0.9785901211981847, 'hidden_size': 112, 'dropout': 0.1183513020850959, 'hidden_continuous_size': 71, 'attention_head_size': 4, 'learning_rate': 0.005948776671181874}. Best is trial 99 with value: 0.1252119094133377.
LOCAL_RANK: 0 - CUDA_VISIBLE_DEVICES: [0]
[I 2023-11-30 07:53:17,576] Trial 119 finished with value: 0.26806148886680603 and parameters: {'gradient_clip_val': 0.6751309586189632, 'hidden_size': 82, 'dropout': 0.13276526800703595, 'hidden_continuous_size': 78, 'attention_head_size': 4, 'learning_rate': 0.01801115917174592}. Best is trial 99 with value: 0.1252119094133377.
LOCAL_RANK: 0 - CUDA_VISIBLE_DEVICES: [0]
