[I 2023-11-29 21:49:39,739] Trial 11 finished with value: 87.47440338134766 and parameters: {'gradient_clip_val': 0.9506238190256099, 'hidden_size': 58, 'dropout': 0.28097205218615945, 'hidden_continuous_size': 15, 'attention_head_size': 2, 'learning_rate': 0.021730854750587905}. Best is trial 2 with value: 65.52252197265625.
LOCAL_RANK: 0 - CUDA_VISIBLE_DEVICES: [0]
[I 2023-11-29 21:49:52,536] Trial 12 finished with value: 90.20562744140625 and parameters: {'gradient_clip_val': 0.2398716107046447, 'hidden_size': 37, 'dropout': 0.2672810166070063, 'hidden_continuous_size': 13, 'attention_head_size': 1, 'learning_rate': 0.02147536012241616}. Best is trial 2 with value: 65.52252197265625.
LOCAL_RANK: 0 - CUDA_VISIBLE_DEVICES: [0]
[I 2023-11-29 21:50:06,086] Trial 13 finished with value: 93.47821044921875 and parameters: {'gradient_clip_val': 0.49241969369683636, 'hidden_size': 73, 'dropout': 0.3240796838974122, 'hidden_continuous_size': 26, 'attention_head_size': 2, 'learning_rate': 0.03880404390046851}. Best is trial 2 with value: 65.52252197265625.
LOCAL_RANK: 0 - CUDA_VISIBLE_DEVICES: [0]
[I 2023-11-29 21:50:18,825] Trial 14 finished with value: 74.369140625 and parameters: {'gradient_clip_val': 0.10198938841895495, 'hidden_size': 51, 'dropout': 0.2236283369477638, 'hidden_continuous_size': 16, 'attention_head_size': 1, 'learning_rate': 0.09853357430944543}. Best is trial 2 with value: 65.52252197265625.
LOCAL_RANK: 0 - CUDA_VISIBLE_DEVICES: [0]
[I 2023-11-29 21:50:31,491] Trial 15 finished with value: 101.0954360961914 and parameters: {'gradient_clip_val': 0.10050425411695452, 'hidden_size': 39, 'dropout': 0.19963744563560046, 'hidden_continuous_size': 16, 'attention_head_size': 1, 'learning_rate': 0.08415157221275568}. Best is trial 2 with value: 65.52252197265625.
LOCAL_RANK: 0 - CUDA_VISIBLE_DEVICES: [0]
[I 2023-11-29 21:50:45,192] Trial 16 finished with value: 109.21968841552734 and parameters: {'gradient_clip_val': 0.21362816322172343, 'hidden_size': 102, 'dropout': 0.22535574732501018, 'hidden_continuous_size': 31, 'attention_head_size': 1, 'learning_rate': 0.0943287025004071}. Best is trial 2 with value: 65.52252197265625.
LOCAL_RANK: 0 - CUDA_VISIBLE_DEVICES: [0]
[I 2023-11-29 21:50:58,022] Trial 17 finished with value: 100.66207122802734 and parameters: {'gradient_clip_val': 0.10438386924268618, 'hidden_size': 48, 'dropout': 0.17949496807897503, 'hidden_continuous_size': 17, 'attention_head_size': 1, 'learning_rate': 0.059464492581823805}. Best is trial 2 with value: 65.52252197265625.
LOCAL_RANK: 0 - CUDA_VISIBLE_DEVICES: [0]
[I 2023-11-29 21:51:10,637] Trial 18 finished with value: 81.4813461303711 and parameters: {'gradient_clip_val': 0.16979867533675666, 'hidden_size': 33, 'dropout': 0.24151899460120066, 'hidden_continuous_size': 12, 'attention_head_size': 2, 'learning_rate': 0.03636039466994621}. Best is trial 2 with value: 65.52252197265625.
LOCAL_RANK: 0 - CUDA_VISIBLE_DEVICES: [0]
[I 2023-11-29 21:51:23,359] Trial 19 finished with value: 121.46346282958984 and parameters: {'gradient_clip_val': 0.24563084043309807, 'hidden_size': 51, 'dropout': 0.31705769964631014, 'hidden_continuous_size': 18, 'attention_head_size': 1, 'learning_rate': 0.0470482940337477}. Best is trial 2 with value: 65.52252197265625.
LOCAL_RANK: 0 - CUDA_VISIBLE_DEVICES: [0]
[I 2023-11-29 21:51:35,896] Trial 20 finished with value: 117.08324432373047 and parameters: {'gradient_clip_val': 0.37544822073485834, 'hidden_size': 29, 'dropout': 0.18767900563432724, 'hidden_continuous_size': 15, 'attention_head_size': 2, 'learning_rate': 0.09934011301587752}. Best is trial 2 with value: 65.52252197265625.
LOCAL_RANK: 0 - CUDA_VISIBLE_DEVICES: [0]
[I 2023-11-29 21:51:48,915] Trial 21 finished with value: 78.57418060302734 and parameters: {'gradient_clip_val': 0.2766143850546149, 'hidden_size': 65, 'dropout': 0.2545139111982675, 'hidden_continuous_size': 12, 'attention_head_size': 2, 'learning_rate': 0.013908924644707808}. Best is trial 2 with value: 65.52252197265625.
LOCAL_RANK: 0 - CUDA_VISIBLE_DEVICES: [0]
[I 2023-11-29 21:52:02,105] Trial 22 finished with value: 82.86466979980469 and parameters: {'gradient_clip_val': 0.17878703839830298, 'hidden_size': 61, 'dropout': 0.2329148196754045, 'hidden_continuous_size': 13, 'attention_head_size': 1, 'learning_rate': 0.018162704254704308}. Best is trial 2 with value: 65.52252197265625.
LOCAL_RANK: 0 - CUDA_VISIBLE_DEVICES: [0]
[I 2023-11-29 21:52:14,881] Trial 23 finished with value: 89.01705169677734 and parameters: {'gradient_clip_val': 0.40505253549770126, 'hidden_size': 43, 'dropout': 0.2195481233627673, 'hidden_continuous_size': 12, 'attention_head_size': 2, 'learning_rate': 0.028261768154746052}. Best is trial 2 with value: 65.52252197265625.
LOCAL_RANK: 0 - CUDA_VISIBLE_DEVICES: [0]
[I 2023-11-29 21:52:28,194] Trial 24 finished with value: 60.69940185546875 and parameters: {'gradient_clip_val': 0.2631873736004304, 'hidden_size': 80, 'dropout': 0.2566929060539017, 'hidden_continuous_size': 22, 'attention_head_size': 1, 'learning_rate': 0.013922309495398976}. Best is trial 24 with value: 60.69940185546875.
LOCAL_RANK: 0 - CUDA_VISIBLE_DEVICES: [0]
[I 2023-11-29 21:52:41,694] Trial 25 finished with value: 109.49093627929688 and parameters: {'gradient_clip_val': 0.28446338589472536, 'hidden_size': 85, 'dropout': 0.2021192578951001, 'hidden_continuous_size': 19, 'attention_head_size': 1, 'learning_rate': 0.03361579248561466}. Best is trial 24 with value: 60.69940185546875.
LOCAL_RANK: 0 - CUDA_VISIBLE_DEVICES: [0]
[I 2023-11-29 21:52:55,403] Trial 26 finished with value: 65.5937271118164 and parameters: {'gradient_clip_val': 0.29544025320964573, 'hidden_size': 112, 'dropout': 0.1751268042723604, 'hidden_continuous_size': 24, 'attention_head_size': 1, 'learning_rate': 0.054580854168297985}. Best is trial 24 with value: 60.69940185546875.
LOCAL_RANK: 0 - CUDA_VISIBLE_DEVICES: [0]
[I 2023-11-29 21:53:09,384] Trial 27 finished with value: 107.7552490234375 and parameters: {'gradient_clip_val': 0.2929369896881692, 'hidden_size': 119, 'dropout': 0.16021814564131, 'hidden_continuous_size': 24, 'attention_head_size': 1, 'learning_rate': 0.01618012964218381}. Best is trial 24 with value: 60.69940185546875.
LOCAL_RANK: 0 - CUDA_VISIBLE_DEVICES: [0]
[I 2023-11-29 21:53:23,293] Trial 28 finished with value: 74.60892486572266 and parameters: {'gradient_clip_val': 0.30965966226167824, 'hidden_size': 128, 'dropout': 0.1290663367423886, 'hidden_continuous_size': 46, 'attention_head_size': 1, 'learning_rate': 0.04289072985213873}. Best is trial 24 with value: 60.69940185546875.
LOCAL_RANK: 0 - CUDA_VISIBLE_DEVICES: [0]
[I 2023-11-29 21:53:37,110] Trial 29 finished with value: 72.4368896484375 and parameters: {'gradient_clip_val': 0.39097846876419645, 'hidden_size': 109, 'dropout': 0.16591215123809006, 'hidden_continuous_size': 22, 'attention_head_size': 1, 'learning_rate': 0.015863291381940647}. Best is trial 24 with value: 60.69940185546875.
LOCAL_RANK: 0 - CUDA_VISIBLE_DEVICES: [0]
[I 2023-11-29 21:53:50,880] Trial 30 finished with value: 104.88412475585938 and parameters: {'gradient_clip_val': 0.2515330853107219, 'hidden_size': 86, 'dropout': 0.1765193767630037, 'hidden_continuous_size': 28, 'attention_head_size': 4, 'learning_rate': 0.029700276079834904}. Best is trial 24 with value: 60.69940185546875.
LOCAL_RANK: 0 - CUDA_VISIBLE_DEVICES: [0]
[I 2023-11-29 21:54:05,100] Trial 31 finished with value: 76.02579498291016 and parameters: {'gradient_clip_val': 0.37992944735953077, 'hidden_size': 149, 'dropout': 0.1662867634274764, 'hidden_continuous_size': 23, 'attention_head_size': 1, 'learning_rate': 0.015462034464316663}. Best is trial 24 with value: 60.69940185546875.
LOCAL_RANK: 0 - CUDA_VISIBLE_DEVICES: [0]
[I 2023-11-29 21:54:19,098] Trial 32 finished with value: 67.71255493164062 and parameters: {'gradient_clip_val': 0.3264963137782504, 'hidden_size': 111, 'dropout': 0.14349777722809823, 'hidden_continuous_size': 21, 'attention_head_size': 1, 'learning_rate': 0.00835093650010441}. Best is trial 24 with value: 60.69940185546875.
LOCAL_RANK: 0 - CUDA_VISIBLE_DEVICES: [0]
[I 2023-11-29 21:54:32,937] Trial 33 finished with value: 61.49818801879883 and parameters: {'gradient_clip_val': 0.3240894701268778, 'hidden_size': 114, 'dropout': 0.1395684238062004, 'hidden_continuous_size': 19, 'attention_head_size': 1, 'learning_rate': 0.008881278410811724}. Best is trial 24 with value: 60.69940185546875.
LOCAL_RANK: 0 - CUDA_VISIBLE_DEVICES: [0]
[I 2023-11-29 21:54:46,654] Trial 34 finished with value: 85.20800018310547 and parameters: {'gradient_clip_val': 0.27251387492342394, 'hidden_size': 87, 'dropout': 0.1246567514126022, 'hidden_continuous_size': 18, 'attention_head_size': 4, 'learning_rate': 0.011629842474930131}. Best is trial 24 with value: 60.69940185546875.
LOCAL_RANK: 0 - CUDA_VISIBLE_DEVICES: [0]
[I 2023-11-29 21:55:00,214] Trial 35 finished with value: 130.2614288330078 and parameters: {'gradient_clip_val': 0.21360174736507723, 'hidden_size': 79, 'dropout': 0.18612766391359864, 'hidden_continuous_size': 20, 'attention_head_size': 2, 'learning_rate': 0.05707482839242512}. Best is trial 24 with value: 60.69940185546875.
LOCAL_RANK: 0 - CUDA_VISIBLE_DEVICES: [0]
[I 2023-11-29 21:55:14,022] Trial 36 finished with value: 71.34612274169922 and parameters: {'gradient_clip_val': 0.3399220898219426, 'hidden_size': 103, 'dropout': 0.1445048394647817, 'hidden_continuous_size': 26, 'attention_head_size': 1, 'learning_rate': 0.007719273220055248}. Best is trial 24 with value: 60.69940185546875.
LOCAL_RANK: 0 - CUDA_VISIBLE_DEVICES: [0]
[I 2023-11-29 21:55:27,956] Trial 37 finished with value: 104.8657455444336 and parameters: {'gradient_clip_val': 0.435167752818094, 'hidden_size': 128, 'dropout': 0.1920918027299549, 'hidden_continuous_size': 38, 'attention_head_size': 1, 'learning_rate': 0.02297337718888302}. Best is trial 24 with value: 60.69940185546875.
LOCAL_RANK: 0 - CUDA_VISIBLE_DEVICES: [0]
[I 2023-11-29 21:55:41,391] Trial 38 finished with value: 58.02490234375 and parameters: {'gradient_clip_val': 0.31856971646395865, 'hidden_size': 76, 'dropout': 0.10310680984291093, 'hidden_continuous_size': 22, 'attention_head_size': 2, 'learning_rate': 0.011710627393080203}. Best is trial 38 with value: 58.02490234375.
LOCAL_RANK: 0 - CUDA_VISIBLE_DEVICES: [0]
[I 2023-11-29 21:55:54,832] Trial 39 finished with value: 83.06873321533203 and parameters: {'gradient_clip_val': 0.3584207032036718, 'hidden_size': 72, 'dropout': 0.12127510293371088, 'hidden_continuous_size': 20, 'attention_head_size': 3, 'learning_rate': 0.012028531196157813}. Best is trial 38 with value: 58.02490234375.
LOCAL_RANK: 0 - CUDA_VISIBLE_DEVICES: [0]
[I 2023-11-29 21:56:08,169] Trial 40 finished with value: 74.97167205810547 and parameters: {'gradient_clip_val': 0.32279055322249095, 'hidden_size': 66, 'dropout': 0.104535963795233, 'hidden_continuous_size': 22, 'attention_head_size': 2, 'learning_rate': 0.005820254329839491}. Best is trial 38 with value: 58.02490234375.
LOCAL_RANK: 0 - CUDA_VISIBLE_DEVICES: [0]
[I 2023-11-29 21:56:21,745] Trial 41 finished with value: 114.4322738647461 and parameters: {'gradient_clip_val': 0.28899061230632955, 'hidden_size': 91, 'dropout': 0.10131902084579295, 'hidden_continuous_size': 24, 'attention_head_size': 1, 'learning_rate': 0.009592039691563579}. Best is trial 38 with value: 58.02490234375.
LOCAL_RANK: 0 - CUDA_VISIBLE_DEVICES: [0]
[I 2023-11-29 21:56:35,517] Trial 42 finished with value: 163.4031219482422 and parameters: {'gradient_clip_val': 0.25541539184242257, 'hidden_size': 97, 'dropout': 0.1522114134486341, 'hidden_continuous_size': 16, 'attention_head_size': 2, 'learning_rate': 0.018269864571907518}. Best is trial 38 with value: 58.02490234375.
LOCAL_RANK: 0 - CUDA_VISIBLE_DEVICES: [0]
[I 2023-11-29 21:56:49,319] Trial 43 finished with value: 102.90050506591797 and parameters: {'gradient_clip_val': 0.31257371885004487, 'hidden_size': 135, 'dropout': 0.13013667963539335, 'hidden_continuous_size': 10, 'attention_head_size': 1, 'learning_rate': 0.012584832707149782}. Best is trial 38 with value: 58.02490234375.
LOCAL_RANK: 0 - CUDA_VISIBLE_DEVICES: [0]
[I 2023-11-29 21:57:03,048] Trial 44 finished with value: 93.84066009521484 and parameters: {'gradient_clip_val': 0.34779106419961914, 'hidden_size': 118, 'dropout': 0.11913350418207841, 'hidden_continuous_size': 19, 'attention_head_size': 1, 'learning_rate': 0.00941043403237937}. Best is trial 38 with value: 58.02490234375.
LOCAL_RANK: 0 - CUDA_VISIBLE_DEVICES: [0]
[I 2023-11-29 21:57:16,353] Trial 45 finished with value: 99.98238372802734 and parameters: {'gradient_clip_val': 0.22694510089763187, 'hidden_size': 76, 'dropout': 0.13813819972579217, 'hidden_continuous_size': 21, 'attention_head_size': 2, 'learning_rate': 0.02626882664890627}. Best is trial 38 with value: 58.02490234375.
LOCAL_RANK: 0 - CUDA_VISIBLE_DEVICES: [0]
[I 2023-11-29 21:57:30,027] Trial 46 finished with value: 133.5487823486328 and parameters: {'gradient_clip_val': 0.2572258004420926, 'hidden_size': 100, 'dropout': 0.17242064806189789, 'hidden_continuous_size': 17, 'attention_head_size': 3, 'learning_rate': 0.00615087539228157}. Best is trial 38 with value: 58.02490234375.
LOCAL_RANK: 0 - CUDA_VISIBLE_DEVICES: [0]
[I 2023-11-29 21:57:44,320] Trial 47 finished with value: 130.15455627441406 and parameters: {'gradient_clip_val': 0.43471223301676293, 'hidden_size': 150, 'dropout': 0.20932245041753375, 'hidden_continuous_size': 14, 'attention_head_size': 1, 'learning_rate': 0.020901136559043902}. Best is trial 38 with value: 58.02490234375.
LOCAL_RANK: 0 - CUDA_VISIBLE_DEVICES: [0]
[I 2023-11-29 21:57:57,941] Trial 48 finished with value: 122.61288452148438 and parameters: {'gradient_clip_val': 0.22561395498783152, 'hidden_size': 78, 'dropout': 0.11285919231195782, 'hidden_continuous_size': 24, 'attention_head_size': 3, 'learning_rate': 0.03168448639756172}. Best is trial 38 with value: 58.02490234375.
LOCAL_RANK: 0 - CUDA_VISIBLE_DEVICES: [0]
[I 2023-11-29 21:58:10,947] Trial 49 finished with value: 118.73717498779297 and parameters: {'gradient_clip_val': 0.3027384352000761, 'hidden_size': 57, 'dropout': 0.15117510334694992, 'hidden_continuous_size': 20, 'attention_head_size': 1, 'learning_rate': 0.06478049214470916}. Best is trial 38 with value: 58.02490234375.
LOCAL_RANK: 0 - CUDA_VISIBLE_DEVICES: [0]
[I 2023-11-29 21:58:24,338] Trial 50 finished with value: 98.14664459228516 and parameters: {'gradient_clip_val': 0.19459439410496276, 'hidden_size': 67, 'dropout': 0.13547250482320508, 'hidden_continuous_size': 26, 'attention_head_size': 2, 'learning_rate': 0.003396516862137572}. Best is trial 38 with value: 58.02490234375.
LOCAL_RANK: 0 - CUDA_VISIBLE_DEVICES: [0]
[I 2023-11-29 21:58:38,162] Trial 51 finished with value: 68.01143646240234 and parameters: {'gradient_clip_val': 0.33217483438899414, 'hidden_size': 110, 'dropout': 0.14089274227528753, 'hidden_continuous_size': 21, 'attention_head_size': 1, 'learning_rate': 0.009878911742538765}. Best is trial 38 with value: 58.02490234375.
LOCAL_RANK: 0 - CUDA_VISIBLE_DEVICES: [0]
[I 2023-11-29 21:58:52,022] Trial 52 finished with value: 101.1587142944336 and parameters: {'gradient_clip_val': 0.3261546210681542, 'hidden_size': 111, 'dropout': 0.15829522662951573, 'hidden_continuous_size': 17, 'attention_head_size': 1, 'learning_rate': 0.00723901991733536}. Best is trial 38 with value: 58.02490234375.
LOCAL_RANK: 0 - CUDA_VISIBLE_DEVICES: [0]
[I 2023-11-29 21:59:05,693] Trial 53 finished with value: 89.95125579833984 and parameters: {'gradient_clip_val': 0.26497003311927775, 'hidden_size': 98, 'dropout': 0.11701184766545739, 'hidden_continuous_size': 28, 'attention_head_size': 1, 'learning_rate': 0.008542155833647097}. Best is trial 38 with value: 58.02490234375.
LOCAL_RANK: 0 - CUDA_VISIBLE_DEVICES: [0]
[I 2023-11-29 21:59:19,606] Trial 54 finished with value: 108.13105010986328 and parameters: {'gradient_clip_val': 0.23623703088415965, 'hidden_size': 124, 'dropout': 0.171961050126055, 'hidden_continuous_size': 18, 'attention_head_size': 1, 'learning_rate': 0.013619427495128823}. Best is trial 38 with value: 58.02490234375.
LOCAL_RANK: 0 - CUDA_VISIBLE_DEVICES: [0]
[I 2023-11-29 21:59:33,561] Trial 55 finished with value: 73.83220672607422 and parameters: {'gradient_clip_val': 0.29487815660241357, 'hidden_size': 135, 'dropout': 0.10006059139162751, 'hidden_continuous_size': 15, 'attention_head_size': 1, 'learning_rate': 0.01115842701244915}. Best is trial 38 with value: 58.02490234375.
LOCAL_RANK: 0 - CUDA_VISIBLE_DEVICES: [0]
[I 2023-11-29 21:59:47,069] Trial 56 finished with value: 71.19055938720703 and parameters: {'gradient_clip_val': 0.27370770974581377, 'hidden_size': 93, 'dropout': 0.14069168944788807, 'hidden_continuous_size': 22, 'attention_head_size': 1, 'learning_rate': 0.05172973783032971}. Best is trial 38 with value: 58.02490234375.
LOCAL_RANK: 0 - CUDA_VISIBLE_DEVICES: [0]
[I 2023-11-29 22:00:00,827] Trial 57 finished with value: 114.8829345703125 and parameters: {'gradient_clip_val': 0.3086672286128682, 'hidden_size': 83, 'dropout': 0.1509237355747925, 'hidden_continuous_size': 25, 'attention_head_size': 1, 'learning_rate': 0.04062247587957943}. Best is trial 38 with value: 58.02490234375.
LOCAL_RANK: 0 - CUDA_VISIBLE_DEVICES: [0]
[I 2023-11-29 22:00:14,219] Trial 58 finished with value: 99.83829498291016 and parameters: {'gradient_clip_val': 0.35147529609344197, 'hidden_size': 72, 'dropout': 0.11083391865076818, 'hidden_continuous_size': 23, 'attention_head_size': 2, 'learning_rate': 0.008688540791547949}. Best is trial 38 with value: 58.02490234375.
LOCAL_RANK: 0 - CUDA_VISIBLE_DEVICES: [0]
[I 2023-11-29 22:00:27,311] Trial 59 finished with value: 118.07718658447266 and parameters: {'gradient_clip_val': 0.23873829505810826, 'hidden_size': 58, 'dropout': 0.19281052240066623, 'hidden_continuous_size': 21, 'attention_head_size': 1, 'learning_rate': 0.07455396451367687}. Best is trial 38 with value: 58.02490234375.
LOCAL_RANK: 0 - CUDA_VISIBLE_DEVICES: [0]
[I 2023-11-29 22:00:41,098] Trial 60 finished with value: 93.01212310791016 and parameters: {'gradient_clip_val': 0.36022561169493256, 'hidden_size': 110, 'dropout': 0.21578143293219826, 'hidden_continuous_size': 29, 'attention_head_size': 2, 'learning_rate': 0.03531605751959756}. Best is trial 38 with value: 58.02490234375.
LOCAL_RANK: 0 - CUDA_VISIBLE_DEVICES: [0]
[I 2023-11-29 22:00:54,819] Trial 61 finished with value: 73.47172546386719 and parameters: {'gradient_clip_val': 0.3296432112934761, 'hidden_size': 111, 'dropout': 0.1402831939065781, 'hidden_continuous_size': 19, 'attention_head_size': 1, 'learning_rate': 0.009598515804080922}. Best is trial 38 with value: 58.02490234375.
LOCAL_RANK: 0 - CUDA_VISIBLE_DEVICES: [0]
[I 2023-11-29 22:01:08,580] Trial 62 finished with value: 120.169921875 and parameters: {'gradient_clip_val': 0.2782573639223825, 'hidden_size': 90, 'dropout': 0.12955880384736607, 'hidden_continuous_size': 21, 'attention_head_size': 1, 'learning_rate': 0.01045683982987861}. Best is trial 38 with value: 58.02490234375.
LOCAL_RANK: 0 - CUDA_VISIBLE_DEVICES: [0]
[I 2023-11-29 22:01:22,505] Trial 63 finished with value: 92.9492416381836 and parameters: {'gradient_clip_val': 0.32767790994103074, 'hidden_size': 119, 'dropout': 0.15756043110310897, 'hidden_continuous_size': 31, 'attention_head_size': 1, 'learning_rate': 0.012310315262127412}. Best is trial 38 with value: 58.02490234375.
LOCAL_RANK: 0 - CUDA_VISIBLE_DEVICES: [0]
[I 2023-11-29 22:01:36,207] Trial 64 finished with value: 66.57141876220703 and parameters: {'gradient_clip_val': 0.39901862279366157, 'hidden_size': 102, 'dropout': 0.17882293748531, 'hidden_continuous_size': 23, 'attention_head_size': 1, 'learning_rate': 0.007487897462976335}. Best is trial 38 with value: 58.02490234375.
LOCAL_RANK: 0 - CUDA_VISIBLE_DEVICES: [0]
[I 2023-11-29 22:01:49,748] Trial 65 finished with value: 89.97998809814453 and parameters: {'gradient_clip_val': 0.39793544949556325, 'hidden_size': 82, 'dropout': 0.17933997743535401, 'hidden_continuous_size': 23, 'attention_head_size': 1, 'learning_rate': 0.007594685590479274}. Best is trial 38 with value: 58.02490234375.
LOCAL_RANK: 0 - CUDA_VISIBLE_DEVICES: [0]
[I 2023-11-29 22:02:03,453] Trial 66 finished with value: 97.20482635498047 and parameters: {'gradient_clip_val': 0.3697222639292875, 'hidden_size': 99, 'dropout': 0.20334563982475756, 'hidden_continuous_size': 27, 'attention_head_size': 1, 'learning_rate': 0.005228081870982619}. Best is trial 38 with value: 58.02490234375.
LOCAL_RANK: 0 - CUDA_VISIBLE_DEVICES: [0]
[I 2023-11-29 22:02:17,806] Trial 67 finished with value: 111.82882690429688 and parameters: {'gradient_clip_val': 0.5270574121777588, 'hidden_size': 139, 'dropout': 0.16682305476810208, 'hidden_continuous_size': 25, 'attention_head_size': 1, 'learning_rate': 0.006964580751851283}. Best is trial 38 with value: 58.02490234375.
LOCAL_RANK: 0 - CUDA_VISIBLE_DEVICES: [0]
[I 2023-11-29 22:02:31,323] Trial 68 finished with value: 78.66962432861328 and parameters: {'gradient_clip_val': 0.2931155278287133, 'hidden_size': 91, 'dropout': 0.19665171705562878, 'hidden_continuous_size': 18, 'attention_head_size': 1, 'learning_rate': 0.008317032145187342}. Best is trial 38 with value: 58.02490234375.
LOCAL_RANK: 0 - CUDA_VISIBLE_DEVICES: [0]
[I 2023-11-29 22:02:44,669] Trial 69 finished with value: 88.75688934326172 and parameters: {'gradient_clip_val': 0.2620952049092111, 'hidden_size': 71, 'dropout': 0.2125106476035148, 'hidden_continuous_size': 23, 'attention_head_size': 1, 'learning_rate': 0.017327540868499542}. Best is trial 38 with value: 58.02490234375.
LOCAL_RANK: 0 - CUDA_VISIBLE_DEVICES: [0]
