[I 2023-11-29 20:32:28,916] Trial 115 finished with value: 0.6268690228462219 and parameters: {'gradient_clip_val': 0.14290044525092058, 'hidden_size': 93, 'dropout': 0.16562423845827687, 'hidden_continuous_size': 23, 'attention_head_size': 3, 'learning_rate': 0.09355537617985124}. Best is trial 110 with value: 0.2739000618457794.
LOCAL_RANK: 0 - CUDA_VISIBLE_DEVICES: [0]
[I 2023-11-29 20:32:42,499] Trial 116 finished with value: 0.4169653654098511 and parameters: {'gradient_clip_val': 0.17187291877330427, 'hidden_size': 86, 'dropout': 0.15044097969789932, 'hidden_continuous_size': 22, 'attention_head_size': 3, 'learning_rate': 0.06011667876934654}. Best is trial 110 with value: 0.2739000618457794.
LOCAL_RANK: 0 - CUDA_VISIBLE_DEVICES: [0]
[I 2023-11-29 20:32:56,113] Trial 117 finished with value: 0.607309877872467 and parameters: {'gradient_clip_val': 0.1754420196848061, 'hidden_size': 86, 'dropout': 0.14793103109550756, 'hidden_continuous_size': 21, 'attention_head_size': 3, 'learning_rate': 0.06279451594698926}. Best is trial 110 with value: 0.2739000618457794.
LOCAL_RANK: 0 - CUDA_VISIBLE_DEVICES: [0]
[I 2023-11-29 20:33:09,819] Trial 118 finished with value: 0.6231191754341125 and parameters: {'gradient_clip_val': 0.19203177699344445, 'hidden_size': 90, 'dropout': 0.13503827406505448, 'hidden_continuous_size': 22, 'attention_head_size': 3, 'learning_rate': 0.07516008104334343}. Best is trial 110 with value: 0.2739000618457794.
LOCAL_RANK: 0 - CUDA_VISIBLE_DEVICES: [0]
[I 2023-11-29 20:33:23,420] Trial 119 finished with value: 0.6832213997840881 and parameters: {'gradient_clip_val': 0.1660940866274465, 'hidden_size': 82, 'dropout': 0.15735904590979913, 'hidden_continuous_size': 24, 'attention_head_size': 3, 'learning_rate': 0.06859712093505421}. Best is trial 110 with value: 0.2739000618457794.
LOCAL_RANK: 0 - CUDA_VISIBLE_DEVICES: [0]
[I 2023-11-29 20:33:37,133] Trial 120 finished with value: 0.8458206057548523 and parameters: {'gradient_clip_val': 0.10494101923270234, 'hidden_size': 108, 'dropout': 0.14104662282406533, 'hidden_continuous_size': 20, 'attention_head_size': 3, 'learning_rate': 0.05831641494223646}. Best is trial 110 with value: 0.2739000618457794.
LOCAL_RANK: 0 - CUDA_VISIBLE_DEVICES: [0]
[I 2023-11-29 20:33:50,512] Trial 121 finished with value: 0.6113659739494324 and parameters: {'gradient_clip_val': 0.11714220451082286, 'hidden_size': 68, 'dropout': 0.15138958710351721, 'hidden_continuous_size': 27, 'attention_head_size': 2, 'learning_rate': 0.08547776548288984}. Best is trial 110 with value: 0.2739000618457794.
LOCAL_RANK: 0 - CUDA_VISIBLE_DEVICES: [0]
[I 2023-11-29 20:34:04,099] Trial 122 finished with value: 0.2942553162574768 and parameters: {'gradient_clip_val': 0.14200033732755446, 'hidden_size': 62, 'dropout': 0.15902436441127904, 'hidden_continuous_size': 23, 'attention_head_size': 3, 'learning_rate': 0.052448439999609076}. Best is trial 110 with value: 0.2739000618457794.
LOCAL_RANK: 0 - CUDA_VISIBLE_DEVICES: [0]
[I 2023-11-29 20:34:17,431] Trial 123 finished with value: 0.5526632070541382 and parameters: {'gradient_clip_val': 0.15162633904706782, 'hidden_size': 60, 'dropout': 0.16238289900014763, 'hidden_continuous_size': 23, 'attention_head_size': 3, 'learning_rate': 0.07468259394622051}. Best is trial 110 with value: 0.2739000618457794.
LOCAL_RANK: 0 - CUDA_VISIBLE_DEVICES: [0]
[I 2023-11-29 20:34:31,096] Trial 124 finished with value: 0.4894271790981293 and parameters: {'gradient_clip_val': 0.13784226909930267, 'hidden_size': 95, 'dropout': 0.17430358174138913, 'hidden_continuous_size': 18, 'attention_head_size': 3, 'learning_rate': 0.06057318902753874}. Best is trial 110 with value: 0.2739000618457794.
LOCAL_RANK: 0 - CUDA_VISIBLE_DEVICES: [0]
[I 2023-11-29 20:34:44,560] Trial 125 finished with value: 0.35356712341308594 and parameters: {'gradient_clip_val': 0.14672958234894592, 'hidden_size': 75, 'dropout': 0.18274258094764476, 'hidden_continuous_size': 22, 'attention_head_size': 3, 'learning_rate': 0.05104645490352644}. Best is trial 110 with value: 0.2739000618457794.
LOCAL_RANK: 0 - CUDA_VISIBLE_DEVICES: [0]
[I 2023-11-29 20:34:58,040] Trial 126 finished with value: 0.6018311381340027 and parameters: {'gradient_clip_val': 0.16105553473339385, 'hidden_size': 75, 'dropout': 0.19040262154534113, 'hidden_continuous_size': 21, 'attention_head_size': 3, 'learning_rate': 0.050038421435942206}. Best is trial 110 with value: 0.2739000618457794.
LOCAL_RANK: 0 - CUDA_VISIBLE_DEVICES: [0]
[I 2023-11-29 20:35:11,599] Trial 127 finished with value: 0.4938773214817047 and parameters: {'gradient_clip_val': 0.17334229795832165, 'hidden_size': 72, 'dropout': 0.1807826495289077, 'hidden_continuous_size': 22, 'attention_head_size': 3, 'learning_rate': 0.05556658244450087}. Best is trial 110 with value: 0.2739000618457794.
LOCAL_RANK: 0 - CUDA_VISIBLE_DEVICES: [0]
[I 2023-11-29 20:35:25,177] Trial 128 finished with value: 0.5773924589157104 and parameters: {'gradient_clip_val': 0.14532405541801702, 'hidden_size': 86, 'dropout': 0.2013245559202943, 'hidden_continuous_size': 19, 'attention_head_size': 3, 'learning_rate': 0.05142057047280261}. Best is trial 110 with value: 0.2739000618457794.
LOCAL_RANK: 0 - CUDA_VISIBLE_DEVICES: [0]
[I 2023-11-29 20:35:38,639] Trial 129 finished with value: 0.6716358065605164 and parameters: {'gradient_clip_val': 0.15312161166324983, 'hidden_size': 63, 'dropout': 0.18358404407944534, 'hidden_continuous_size': 23, 'attention_head_size': 3, 'learning_rate': 0.06562177547862058}. Best is trial 110 with value: 0.2739000618457794.
LOCAL_RANK: 0 - CUDA_VISIBLE_DEVICES: [0]
[I 2023-11-29 20:35:52,093] Trial 130 finished with value: 0.6563239693641663 and parameters: {'gradient_clip_val': 0.18454771739851472, 'hidden_size': 68, 'dropout': 0.16942666196438566, 'hidden_continuous_size': 25, 'attention_head_size': 3, 'learning_rate': 0.0987305897727607}. Best is trial 110 with value: 0.2739000618457794.
LOCAL_RANK: 0 - CUDA_VISIBLE_DEVICES: [0]
[I 2023-11-29 20:36:05,713] Trial 131 finished with value: 0.6485600471496582 and parameters: {'gradient_clip_val': 0.1311554894908463, 'hidden_size': 78, 'dropout': 0.157310310419287, 'hidden_continuous_size': 20, 'attention_head_size': 3, 'learning_rate': 0.07967163561794906}. Best is trial 110 with value: 0.2739000618457794.
LOCAL_RANK: 0 - CUDA_VISIBLE_DEVICES: [0]
[I 2023-11-29 20:36:18,946] Trial 132 finished with value: 0.55071622133255 and parameters: {'gradient_clip_val': 0.14099738406685416, 'hidden_size': 56, 'dropout': 0.1498385014426369, 'hidden_continuous_size': 24, 'attention_head_size': 3, 'learning_rate': 0.06996259283119026}. Best is trial 110 with value: 0.2739000618457794.
LOCAL_RANK: 0 - CUDA_VISIBLE_DEVICES: [0]
[I 2023-11-29 20:36:32,468] Trial 133 finished with value: 0.26104840636253357 and parameters: {'gradient_clip_val': 0.11160094525436556, 'hidden_size': 83, 'dropout': 0.16367643964120535, 'hidden_continuous_size': 22, 'attention_head_size': 1, 'learning_rate': 0.0896294981448827}. Best is trial 133 with value: 0.26104840636253357.
LOCAL_RANK: 0 - CUDA_VISIBLE_DEVICES: [0]
[I 2023-11-29 20:36:45,851] Trial 134 finished with value: 0.5194593071937561 and parameters: {'gradient_clip_val': 0.11100267313812313, 'hidden_size': 83, 'dropout': 0.1738316922352582, 'hidden_continuous_size': 21, 'attention_head_size': 1, 'learning_rate': 0.08928209546744287}. Best is trial 133 with value: 0.26104840636253357.
LOCAL_RANK: 0 - CUDA_VISIBLE_DEVICES: [0]
[I 2023-11-29 20:36:59,148] Trial 135 finished with value: 0.5246819853782654 and parameters: {'gradient_clip_val': 0.10010449850984393, 'hidden_size': 74, 'dropout': 0.16358895417147715, 'hidden_continuous_size': 22, 'attention_head_size': 1, 'learning_rate': 0.06069311950903792}. Best is trial 133 with value: 0.26104840636253357.
LOCAL_RANK: 0 - CUDA_VISIBLE_DEVICES: [0]
[I 2023-11-29 20:37:12,630] Trial 136 finished with value: 0.6092604994773865 and parameters: {'gradient_clip_val': 0.12089187396397719, 'hidden_size': 99, 'dropout': 0.13782029087829395, 'hidden_continuous_size': 21, 'attention_head_size': 1, 'learning_rate': 0.08365240767897612}. Best is trial 133 with value: 0.26104840636253357.
LOCAL_RANK: 0 - CUDA_VISIBLE_DEVICES: [0]
[I 2023-11-29 20:37:26,453] Trial 137 finished with value: 0.7661803364753723 and parameters: {'gradient_clip_val': 0.2008508697426598, 'hidden_size': 88, 'dropout': 0.14586355857341307, 'hidden_continuous_size': 20, 'attention_head_size': 4, 'learning_rate': 0.05338469641438637}. Best is trial 133 with value: 0.26104840636253357.
LOCAL_RANK: 0 - CUDA_VISIBLE_DEVICES: [0]
[I 2023-11-29 20:37:40,042] Trial 138 finished with value: 0.49950775504112244 and parameters: {'gradient_clip_val': 0.1119640288231923, 'hidden_size': 80, 'dropout': 0.15822706531899758, 'hidden_continuous_size': 26, 'attention_head_size': 1, 'learning_rate': 0.04489741187571138}. Best is trial 133 with value: 0.26104840636253357.
LOCAL_RANK: 0 - CUDA_VISIBLE_DEVICES: [0]
[I 2023-11-29 20:37:53,124] Trial 139 finished with value: 0.7261155247688293 and parameters: {'gradient_clip_val': 0.10660289107793172, 'hidden_size': 60, 'dropout': 0.184414117100227, 'hidden_continuous_size': 23, 'attention_head_size': 1, 'learning_rate': 0.07041658508179938}. Best is trial 133 with value: 0.26104840636253357.
LOCAL_RANK: 0 - CUDA_VISIBLE_DEVICES: [0]
[I 2023-11-29 20:38:06,609] Trial 140 finished with value: 0.637462854385376 and parameters: {'gradient_clip_val': 0.1696943190072282, 'hidden_size': 69, 'dropout': 0.19631128350165078, 'hidden_continuous_size': 25, 'attention_head_size': 3, 'learning_rate': 0.09202106453586915}. Best is trial 133 with value: 0.26104840636253357.
LOCAL_RANK: 0 - CUDA_VISIBLE_DEVICES: [0]
[I 2023-11-29 20:38:19,954] Trial 141 finished with value: 0.577064573764801 and parameters: {'gradient_clip_val': 0.1333008292370221, 'hidden_size': 64, 'dropout': 0.1527744505708443, 'hidden_continuous_size': 24, 'attention_head_size': 1, 'learning_rate': 0.07761402586427438}. Best is trial 133 with value: 0.26104840636253357.
LOCAL_RANK: 0 - CUDA_VISIBLE_DEVICES: [0]
[I 2023-11-29 20:38:33,457] Trial 142 finished with value: 0.6622353792190552 and parameters: {'gradient_clip_val': 0.12610783929362704, 'hidden_size': 71, 'dropout': 0.1657980154543081, 'hidden_continuous_size': 22, 'attention_head_size': 3, 'learning_rate': 0.09982727878234257}. Best is trial 133 with value: 0.26104840636253357.
LOCAL_RANK: 0 - CUDA_VISIBLE_DEVICES: [0]
[I 2023-11-29 20:38:46,725] Trial 143 finished with value: 0.6848246455192566 and parameters: {'gradient_clip_val': 0.14737317901158112, 'hidden_size': 58, 'dropout': 0.12988115515790455, 'hidden_continuous_size': 22, 'attention_head_size': 3, 'learning_rate': 0.06422225223365732}. Best is trial 133 with value: 0.26104840636253357.
LOCAL_RANK: 0 - CUDA_VISIBLE_DEVICES: [0]
[I 2023-11-29 20:39:00,296] Trial 144 finished with value: 0.4224919378757477 and parameters: {'gradient_clip_val': 0.1208090263624688, 'hidden_size': 76, 'dropout': 0.17282381446863032, 'hidden_continuous_size': 26, 'attention_head_size': 3, 'learning_rate': 0.0853145428315706}. Best is trial 133 with value: 0.26104840636253357.
LOCAL_RANK: 0 - CUDA_VISIBLE_DEVICES: [0]
[I 2023-11-29 20:39:13,813] Trial 145 finished with value: 0.424530029296875 and parameters: {'gradient_clip_val': 0.1382252672778004, 'hidden_size': 81, 'dropout': 0.14377976408621443, 'hidden_continuous_size': 27, 'attention_head_size': 1, 'learning_rate': 0.07346904718267326}. Best is trial 133 with value: 0.26104840636253357.
LOCAL_RANK: 0 - CUDA_VISIBLE_DEVICES: [0]
[I 2023-11-29 20:39:27,397] Trial 146 finished with value: 0.49377453327178955 and parameters: {'gradient_clip_val': 0.15614123247912998, 'hidden_size': 66, 'dropout': 0.16164008321934875, 'hidden_continuous_size': 24, 'attention_head_size': 3, 'learning_rate': 0.05753645553686334}. Best is trial 133 with value: 0.26104840636253357.
LOCAL_RANK: 0 - CUDA_VISIBLE_DEVICES: [0]
[I 2023-11-29 20:39:41,022] Trial 147 finished with value: 0.9013261198997498 and parameters: {'gradient_clip_val': 0.11532925907084314, 'hidden_size': 95, 'dropout': 0.1501196654197397, 'hidden_continuous_size': 19, 'attention_head_size': 3, 'learning_rate': 0.06568142542444926}. Best is trial 133 with value: 0.26104840636253357.
LOCAL_RANK: 0 - CUDA_VISIBLE_DEVICES: [0]
[I 2023-11-29 20:39:54,295] Trial 148 finished with value: 0.49361133575439453 and parameters: {'gradient_clip_val': 0.1309472506278646, 'hidden_size': 62, 'dropout': 0.16811300453416606, 'hidden_continuous_size': 23, 'attention_head_size': 1, 'learning_rate': 0.07933348951900178}. Best is trial 133 with value: 0.26104840636253357.
LOCAL_RANK: 0 - CUDA_VISIBLE_DEVICES: [0]
[I 2023-11-29 20:40:07,690] Trial 149 finished with value: 0.5491427779197693 and parameters: {'gradient_clip_val': 0.1480290151163569, 'hidden_size': 88, 'dropout': 0.15479120118142947, 'hidden_continuous_size': 18, 'attention_head_size': 2, 'learning_rate': 0.04687212897109582}. Best is trial 133 with value: 0.26104840636253357.
[I 2023-11-29 20:40:07,801] A new study created in memory with name: no-name-66d6f9dc-1aea-4c3e-ad0c-5d7e5a31fe62
/home/le004/conda/anaconda3/envs/tsff_env/lib/python3.9/site-packages/lightning/fabric/plugins/environments/slurm.py:191: The `srun` command is available on your system but is not used. HINT: If your intention is to run Lightning on SLURM, prepend your python command with `srun` like so: srun python /home/le004/master_thesis/git/TSFusionForecast/code/ ...
LOCAL_RANK: 0 - CUDA_VISIBLE_DEVICES: [0]
[I 2023-11-29 20:40:21,121] Trial 0 finished with value: 0.1729830652475357 and parameters: {'gradient_clip_val': 0.13975598671057052, 'hidden_size': 50, 'dropout': 0.2752989188751581, 'hidden_continuous_size': 36, 'attention_head_size': 1, 'learning_rate': 0.03250258910484977}. Best is trial 0 with value: 0.1729830652475357.
LOCAL_RANK: 0 - CUDA_VISIBLE_DEVICES: [0]
[I 2023-11-29 20:40:33,556] Trial 1 finished with value: 0.6233137845993042 and parameters: {'gradient_clip_val': 0.3676657938451605, 'hidden_size': 21, 'dropout': 0.3682644324092339, 'hidden_continuous_size': 13, 'attention_head_size': 3, 'learning_rate': 0.021076819189042154}. Best is trial 0 with value: 0.1729830652475357.
LOCAL_RANK: 0 - CUDA_VISIBLE_DEVICES: [0]
[I 2023-11-29 20:40:45,745] Trial 2 finished with value: 1.4451135396957397 and parameters: {'gradient_clip_val': 0.2542601074553993, 'hidden_size': 15, 'dropout': 0.10543768599781107, 'hidden_continuous_size': 12, 'attention_head_size': 3, 'learning_rate': 0.003816845636326409}. Best is trial 0 with value: 0.1729830652475357.
LOCAL_RANK: 0 - CUDA_VISIBLE_DEVICES: [0]
[I 2023-11-29 20:40:57,997] Trial 3 finished with value: 0.8733094334602356 and parameters: {'gradient_clip_val': 0.9247896907062191, 'hidden_size': 21, 'dropout': 0.21478719861228068, 'hidden_continuous_size': 19, 'attention_head_size': 2, 'learning_rate': 0.006706620305430042}. Best is trial 0 with value: 0.1729830652475357.
LOCAL_RANK: 0 - CUDA_VISIBLE_DEVICES: [0]
[I 2023-11-29 20:41:12,035] Trial 4 finished with value: 0.2174254208803177 and parameters: {'gradient_clip_val': 0.409286171692659, 'hidden_size': 129, 'dropout': 0.1393879741889533, 'hidden_continuous_size': 22, 'attention_head_size': 2, 'learning_rate': 0.060987847376903555}. Best is trial 0 with value: 0.1729830652475357.
LOCAL_RANK: 0 - CUDA_VISIBLE_DEVICES: [0]
[I 2023-11-29 20:41:24,913] Trial 5 finished with value: 0.9687621593475342 and parameters: {'gradient_clip_val': 0.6665559207261788, 'hidden_size': 43, 'dropout': 0.31859202617666194, 'hidden_continuous_size': 31, 'attention_head_size': 1, 'learning_rate': 0.0025065104922734776}. Best is trial 0 with value: 0.1729830652475357.
LOCAL_RANK: 0 - CUDA_VISIBLE_DEVICES: [0]
[I 2023-11-29 20:41:38,182] Trial 6 finished with value: 0.1936231404542923 and parameters: {'gradient_clip_val': 0.21272018208671936, 'hidden_size': 52, 'dropout': 0.36947239148898436, 'hidden_continuous_size': 32, 'attention_head_size': 3, 'learning_rate': 0.05650404390754952}. Best is trial 0 with value: 0.1729830652475357.
LOCAL_RANK: 0 - CUDA_VISIBLE_DEVICES: [0]
[I 2023-11-29 20:41:48,432] Trial 7 finished with value: 0.3748723566532135 and parameters: {'gradient_clip_val': 0.365078913399625, 'hidden_size': 16, 'dropout': 0.3066469970452622, 'hidden_continuous_size': 16, 'attention_head_size': 1, 'learning_rate': 0.03408488391805708}. Best is trial 0 with value: 0.1729830652475357.
LOCAL_RANK: 0 - CUDA_VISIBLE_DEVICES: [0]
[I 2023-11-29 20:42:00,455] Trial 8 finished with value: 0.33205869793891907 and parameters: {'gradient_clip_val': 0.3587357061414197, 'hidden_size': 15, 'dropout': 0.3383114801008493, 'hidden_continuous_size': 12, 'attention_head_size': 2, 'learning_rate': 0.03576842516628068}. Best is trial 0 with value: 0.1729830652475357.
LOCAL_RANK: 0 - CUDA_VISIBLE_DEVICES: [0]
[I 2023-11-29 20:42:14,026] Trial 9 finished with value: 0.5546882748603821 and parameters: {'gradient_clip_val': 0.14019931320083556, 'hidden_size': 82, 'dropout': 0.3553103654371179, 'hidden_continuous_size': 28, 'attention_head_size': 2, 'learning_rate': 0.00456380567026558}. Best is trial 0 with value: 0.1729830652475357.
LOCAL_RANK: 0 - CUDA_VISIBLE_DEVICES: [0]
[I 2023-11-29 20:42:26,815] Trial 10 finished with value: 1.9882196187973022 and parameters: {'gradient_clip_val': 0.11193223600879629, 'hidden_size': 31, 'dropout': 0.23634716775246267, 'hidden_continuous_size': 24, 'attention_head_size': 4, 'learning_rate': 0.0011392714127483464}. Best is trial 0 with value: 0.1729830652475357.
LOCAL_RANK: 0 - CUDA_VISIBLE_DEVICES: [0]
[I 2023-11-29 20:42:40,597] Trial 11 finished with value: 0.2345440536737442 and parameters: {'gradient_clip_val': 0.17047100974713825, 'hidden_size': 58, 'dropout': 0.3952487378210262, 'hidden_continuous_size': 45, 'attention_head_size': 4, 'learning_rate': 0.08620423418912085}. Best is trial 0 with value: 0.1729830652475357.
LOCAL_RANK: 0 - CUDA_VISIBLE_DEVICES: [0]
[I 2023-11-29 20:42:54,020] Trial 12 finished with value: 0.26956820487976074 and parameters: {'gradient_clip_val': 0.2064399234871184, 'hidden_size': 58, 'dropout': 0.27990658101814897, 'hidden_continuous_size': 37, 'attention_head_size': 3, 'learning_rate': 0.014844334644378955}. Best is trial 0 with value: 0.1729830652475357.
LOCAL_RANK: 0 - CUDA_VISIBLE_DEVICES: [0]
[I 2023-11-29 20:43:06,596] Trial 13 finished with value: 0.22153304517269135 and parameters: {'gradient_clip_val': 0.10542470121152742, 'hidden_size': 36, 'dropout': 0.39659682433817806, 'hidden_continuous_size': 27, 'attention_head_size': 1, 'learning_rate': 0.08810379576590702}. Best is trial 0 with value: 0.1729830652475357.
LOCAL_RANK: 0 - CUDA_VISIBLE_DEVICES: [0]
[I 2023-11-29 20:43:20,466] Trial 14 finished with value: 0.38282808661460876 and parameters: {'gradient_clip_val': 0.16220548064359694, 'hidden_size': 84, 'dropout': 0.270516566976996, 'hidden_continuous_size': 63, 'attention_head_size': 3, 'learning_rate': 0.04333311291018374}. Best is trial 0 with value: 0.1729830652475357.
LOCAL_RANK: 0 - CUDA_VISIBLE_DEVICES: [0]
[I 2023-11-29 20:43:30,891] Trial 15 finished with value: 1.0687271356582642 and parameters: {'gradient_clip_val': 0.23130418042852538, 'hidden_size': 10, 'dropout': 0.30795214573872814, 'hidden_continuous_size': 10, 'attention_head_size': 4, 'learning_rate': 0.020512679550764235}. Best is trial 0 with value: 0.1729830652475357.
LOCAL_RANK: 0 - CUDA_VISIBLE_DEVICES: [0]
[I 2023-11-29 20:43:43,943] Trial 16 finished with value: 0.33893883228302 and parameters: {'gradient_clip_val': 0.1355824761961584, 'hidden_size': 45, 'dropout': 0.20704569555972113, 'hidden_continuous_size': 32, 'attention_head_size': 1, 'learning_rate': 0.010450351061808652}. Best is trial 0 with value: 0.1729830652475357.
LOCAL_RANK: 0 - CUDA_VISIBLE_DEVICES: [0]
[I 2023-11-29 20:43:56,483] Trial 17 finished with value: 0.1668449193239212 and parameters: {'gradient_clip_val': 0.1944189855947823, 'hidden_size': 30, 'dropout': 0.35067754561489806, 'hidden_continuous_size': 19, 'attention_head_size': 2, 'learning_rate': 0.053983558298276925}. Best is trial 17 with value: 0.1668449193239212.
LOCAL_RANK: 0 - CUDA_VISIBLE_DEVICES: [0]
[I 2023-11-29 20:44:09,060] Trial 18 finished with value: 0.21891659498214722 and parameters: {'gradient_clip_val': 0.10045468906025008, 'hidden_size': 34, 'dropout': 0.2771715136552259, 'hidden_continuous_size': 18, 'attention_head_size': 1, 'learning_rate': 0.024907469586685712}. Best is trial 17 with value: 0.1668449193239212.
LOCAL_RANK: 0 - CUDA_VISIBLE_DEVICES: [0]
[I 2023-11-29 20:44:21,321] Trial 19 finished with value: 0.5690805912017822 and parameters: {'gradient_clip_val': 0.27188257475130856, 'hidden_size': 28, 'dropout': 0.3334497492193396, 'hidden_continuous_size': 15, 'attention_head_size': 2, 'learning_rate': 0.013121347124825619}. Best is trial 17 with value: 0.1668449193239212.
LOCAL_RANK: 0 - CUDA_VISIBLE_DEVICES: [0]
[I 2023-11-29 20:44:33,797] Trial 20 finished with value: 0.21443557739257812 and parameters: {'gradient_clip_val': 0.1795994219935287, 'hidden_size': 26, 'dropout': 0.3011931865619062, 'hidden_continuous_size': 18, 'attention_head_size': 1, 'learning_rate': 0.029356457076982867}. Best is trial 17 with value: 0.1668449193239212.
LOCAL_RANK: 0 - CUDA_VISIBLE_DEVICES: [0]
[I 2023-11-29 20:44:46,837] Trial 21 finished with value: 0.1749611347913742 and parameters: {'gradient_clip_val': 0.20708569343802596, 'hidden_size': 45, 'dropout': 0.36433334022940234, 'hidden_continuous_size': 22, 'attention_head_size': 3, 'learning_rate': 0.049302833511390476}. Best is trial 17 with value: 0.1668449193239212.
LOCAL_RANK: 0 - CUDA_VISIBLE_DEVICES: [0]
