[I 2023-11-29 20:57:31,285] Trial 81 finished with value: 0.14931721985340118 and parameters: {'gradient_clip_val': 0.23990878026402554, 'hidden_size': 33, 'dropout': 0.3452673497379022, 'hidden_continuous_size': 26, 'attention_head_size': 3, 'learning_rate': 0.05318574846783352}. Best is trial 58 with value: 0.1197221651673317.
LOCAL_RANK: 0 - CUDA_VISIBLE_DEVICES: [0]
[I 2023-11-29 20:57:44,096] Trial 82 finished with value: 0.20076413452625275 and parameters: {'gradient_clip_val': 0.21440008881917233, 'hidden_size': 40, 'dropout': 0.3117783962404532, 'hidden_continuous_size': 25, 'attention_head_size': 3, 'learning_rate': 0.09988470623675341}. Best is trial 58 with value: 0.1197221651673317.
LOCAL_RANK: 0 - CUDA_VISIBLE_DEVICES: [0]
[I 2023-11-29 20:57:56,942] Trial 83 finished with value: 0.3975900113582611 and parameters: {'gradient_clip_val': 0.26779449736796046, 'hidden_size': 34, 'dropout': 0.35966200007790644, 'hidden_continuous_size': 24, 'attention_head_size': 3, 'learning_rate': 0.04247403833197582}. Best is trial 58 with value: 0.1197221651673317.
LOCAL_RANK: 0 - CUDA_VISIBLE_DEVICES: [0]
[I 2023-11-29 20:58:09,722] Trial 84 finished with value: 0.22216062247753143 and parameters: {'gradient_clip_val': 0.20224352697964604, 'hidden_size': 38, 'dropout': 0.31546854643231576, 'hidden_continuous_size': 21, 'attention_head_size': 3, 'learning_rate': 0.06484173529732361}. Best is trial 58 with value: 0.1197221651673317.
LOCAL_RANK: 0 - CUDA_VISIBLE_DEVICES: [0]
[I 2023-11-29 20:58:22,169] Trial 85 finished with value: 0.17590852081775665 and parameters: {'gradient_clip_val': 0.23075396933285836, 'hidden_size': 32, 'dropout': 0.3525879087461914, 'hidden_continuous_size': 17, 'attention_head_size': 3, 'learning_rate': 0.07263707981028823}. Best is trial 58 with value: 0.1197221651673317.
LOCAL_RANK: 0 - CUDA_VISIBLE_DEVICES: [0]
[I 2023-11-29 20:58:35,094] Trial 86 finished with value: 0.19711260497570038 and parameters: {'gradient_clip_val': 0.18234154520672616, 'hidden_size': 44, 'dropout': 0.3351118605448381, 'hidden_continuous_size': 27, 'attention_head_size': 2, 'learning_rate': 0.04783654326238806}. Best is trial 58 with value: 0.1197221651673317.
LOCAL_RANK: 0 - CUDA_VISIBLE_DEVICES: [0]
[I 2023-11-29 20:58:47,912] Trial 87 finished with value: 0.1739376038312912 and parameters: {'gradient_clip_val': 0.3061925047213996, 'hidden_size': 36, 'dropout': 0.3718129296153373, 'hidden_continuous_size': 20, 'attention_head_size': 3, 'learning_rate': 0.08204309763572334}. Best is trial 58 with value: 0.1197221651673317.
LOCAL_RANK: 0 - CUDA_VISIBLE_DEVICES: [0]
[I 2023-11-29 20:59:00,226] Trial 88 finished with value: 0.23840375244617462 and parameters: {'gradient_clip_val': 0.2435836509431888, 'hidden_size': 29, 'dropout': 0.32807989991150455, 'hidden_continuous_size': 16, 'attention_head_size': 1, 'learning_rate': 0.05987205532774832}. Best is trial 58 with value: 0.1197221651673317.
LOCAL_RANK: 0 - CUDA_VISIBLE_DEVICES: [0]
[I 2023-11-29 20:59:12,582] Trial 89 finished with value: 0.25132638216018677 and parameters: {'gradient_clip_val': 0.26113135593763187, 'hidden_size': 32, 'dropout': 0.34319877338264115, 'hidden_continuous_size': 24, 'attention_head_size': 2, 'learning_rate': 0.08934331216729742}. Best is trial 58 with value: 0.1197221651673317.
LOCAL_RANK: 0 - CUDA_VISIBLE_DEVICES: [0]
[I 2023-11-29 20:59:24,787] Trial 90 finished with value: 0.22213029861450195 and parameters: {'gradient_clip_val': 0.32627287281933126, 'hidden_size': 24, 'dropout': 0.3638280291976362, 'hidden_continuous_size': 22, 'attention_head_size': 3, 'learning_rate': 0.07763681325206628}. Best is trial 58 with value: 0.1197221651673317.
LOCAL_RANK: 0 - CUDA_VISIBLE_DEVICES: [0]
[I 2023-11-29 20:59:37,796] Trial 91 finished with value: 0.18961328268051147 and parameters: {'gradient_clip_val': 0.19303678087509152, 'hidden_size': 39, 'dropout': 0.3751414475301368, 'hidden_continuous_size': 21, 'attention_head_size': 3, 'learning_rate': 0.06724311411529328}. Best is trial 58 with value: 0.1197221651673317.
LOCAL_RANK: 0 - CUDA_VISIBLE_DEVICES: [0]
[I 2023-11-29 20:59:50,516] Trial 92 finished with value: 0.2116764783859253 and parameters: {'gradient_clip_val': 0.21829033065519748, 'hidden_size': 34, 'dropout': 0.35147569589365746, 'hidden_continuous_size': 23, 'attention_head_size': 3, 'learning_rate': 0.05151465880052005}. Best is trial 58 with value: 0.1197221651673317.
LOCAL_RANK: 0 - CUDA_VISIBLE_DEVICES: [0]
[I 2023-11-29 21:00:03,351] Trial 93 finished with value: 0.24145855009555817 and parameters: {'gradient_clip_val': 0.2279484630079205, 'hidden_size': 37, 'dropout': 0.3676247862415464, 'hidden_continuous_size': 22, 'attention_head_size': 3, 'learning_rate': 0.06596728564362318}. Best is trial 58 with value: 0.1197221651673317.
LOCAL_RANK: 0 - CUDA_VISIBLE_DEVICES: [0]
[I 2023-11-29 21:00:16,283] Trial 94 finished with value: 0.15120603144168854 and parameters: {'gradient_clip_val': 0.20676235714478364, 'hidden_size': 42, 'dropout': 0.3793608164832499, 'hidden_continuous_size': 19, 'attention_head_size': 4, 'learning_rate': 0.05669239449942057}. Best is trial 58 with value: 0.1197221651673317.
LOCAL_RANK: 0 - CUDA_VISIBLE_DEVICES: [0]
[I 2023-11-29 21:00:28,930] Trial 95 finished with value: 0.14155171811580658 and parameters: {'gradient_clip_val': 0.19401052068452573, 'hidden_size': 30, 'dropout': 0.33890792233277844, 'hidden_continuous_size': 18, 'attention_head_size': 3, 'learning_rate': 0.08980655727231296}. Best is trial 58 with value: 0.1197221651673317.
LOCAL_RANK: 0 - CUDA_VISIBLE_DEVICES: [0]
[I 2023-11-29 21:00:41,806] Trial 96 finished with value: 0.13873596489429474 and parameters: {'gradient_clip_val': 0.23518811506579246, 'hidden_size': 34, 'dropout': 0.3565961379834873, 'hidden_continuous_size': 26, 'attention_head_size': 3, 'learning_rate': 0.07108434438785706}. Best is trial 58 with value: 0.1197221651673317.
LOCAL_RANK: 0 - CUDA_VISIBLE_DEVICES: [0]
[I 2023-11-29 21:00:54,875] Trial 97 finished with value: 0.17875830829143524 and parameters: {'gradient_clip_val': 0.17120259144466796, 'hidden_size': 47, 'dropout': 0.3227482425051805, 'hidden_continuous_size': 29, 'attention_head_size': 3, 'learning_rate': 0.07772212468891551}. Best is trial 58 with value: 0.1197221651673317.
LOCAL_RANK: 0 - CUDA_VISIBLE_DEVICES: [0]
[I 2023-11-29 21:01:07,544] Trial 98 finished with value: 0.23642246425151825 and parameters: {'gradient_clip_val': 0.2855398661109341, 'hidden_size': 40, 'dropout': 0.36483067629337546, 'hidden_continuous_size': 25, 'attention_head_size': 2, 'learning_rate': 0.03651678335333146}. Best is trial 58 with value: 0.1197221651673317.
LOCAL_RANK: 0 - CUDA_VISIBLE_DEVICES: [0]
[I 2023-11-29 21:01:20,274] Trial 99 finished with value: 0.2452184408903122 and parameters: {'gradient_clip_val': 0.2587844561113121, 'hidden_size': 37, 'dropout': 0.34415353040128205, 'hidden_continuous_size': 22, 'attention_head_size': 1, 'learning_rate': 0.04123596479899782}. Best is trial 58 with value: 0.1197221651673317.
LOCAL_RANK: 0 - CUDA_VISIBLE_DEVICES: [0]
[I 2023-11-29 21:01:32,654] Trial 100 finished with value: 0.19420909881591797 and parameters: {'gradient_clip_val': 0.2158382521792916, 'hidden_size': 27, 'dropout': 0.35097133897340654, 'hidden_continuous_size': 15, 'attention_head_size': 1, 'learning_rate': 0.060281586117716134}. Best is trial 58 with value: 0.1197221651673317.
LOCAL_RANK: 0 - CUDA_VISIBLE_DEVICES: [0]
[I 2023-11-29 21:01:45,300] Trial 101 finished with value: 0.17543983459472656 and parameters: {'gradient_clip_val': 0.21818655861651776, 'hidden_size': 33, 'dropout': 0.33321656506930764, 'hidden_continuous_size': 23, 'attention_head_size': 1, 'learning_rate': 0.08267099513174297}. Best is trial 58 with value: 0.1197221651673317.
LOCAL_RANK: 0 - CUDA_VISIBLE_DEVICES: [0]
[I 2023-11-29 21:01:57,916] Trial 102 finished with value: 0.31501641869544983 and parameters: {'gradient_clip_val': 0.24357681933762929, 'hidden_size': 32, 'dropout': 0.33848026209728077, 'hidden_continuous_size': 24, 'attention_head_size': 1, 'learning_rate': 0.09134274230213599}. Best is trial 58 with value: 0.1197221651673317.
LOCAL_RANK: 0 - CUDA_VISIBLE_DEVICES: [0]
[I 2023-11-29 21:02:10,455] Trial 103 finished with value: 0.13978861272335052 and parameters: {'gradient_clip_val': 0.2060407859586383, 'hidden_size': 36, 'dropout': 0.3577817646595801, 'hidden_continuous_size': 23, 'attention_head_size': 1, 'learning_rate': 0.07308302752306728}. Best is trial 58 with value: 0.1197221651673317.
LOCAL_RANK: 0 - CUDA_VISIBLE_DEVICES: [0]
[I 2023-11-29 21:02:23,075] Trial 104 finished with value: 0.16049183905124664 and parameters: {'gradient_clip_val': 0.2739023500742537, 'hidden_size': 34, 'dropout': 0.32655428530286873, 'hidden_continuous_size': 25, 'attention_head_size': 1, 'learning_rate': 0.08221567989632687}. Best is trial 58 with value: 0.1197221651673317.
LOCAL_RANK: 0 - CUDA_VISIBLE_DEVICES: [0]
[I 2023-11-29 21:02:35,547] Trial 105 finished with value: 0.1387149542570114 and parameters: {'gradient_clip_val': 0.19985106046294135, 'hidden_size': 30, 'dropout': 0.34334317524324937, 'hidden_continuous_size': 23, 'attention_head_size': 1, 'learning_rate': 0.06458133086387535}. Best is trial 58 with value: 0.1197221651673317.
LOCAL_RANK: 0 - CUDA_VISIBLE_DEVICES: [0]
[I 2023-11-29 21:02:48,289] Trial 106 finished with value: 0.12139024585485458 and parameters: {'gradient_clip_val': 0.18767723057561492, 'hidden_size': 43, 'dropout': 0.36910469561526227, 'hidden_continuous_size': 21, 'attention_head_size': 1, 'learning_rate': 0.055067276434178455}. Best is trial 58 with value: 0.1197221651673317.
LOCAL_RANK: 0 - CUDA_VISIBLE_DEVICES: [0]
[I 2023-11-29 21:03:01,296] Trial 107 finished with value: 0.13072507083415985 and parameters: {'gradient_clip_val': 0.1886305280415319, 'hidden_size': 43, 'dropout': 0.3849202609681408, 'hidden_continuous_size': 21, 'attention_head_size': 2, 'learning_rate': 0.05016905024962768}. Best is trial 58 with value: 0.1197221651673317.
LOCAL_RANK: 0 - CUDA_VISIBLE_DEVICES: [0]
[I 2023-11-29 21:03:14,294] Trial 108 finished with value: 0.2019309252500534 and parameters: {'gradient_clip_val': 0.15986094820904068, 'hidden_size': 45, 'dropout': 0.39027207415787835, 'hidden_continuous_size': 20, 'attention_head_size': 2, 'learning_rate': 0.04881948160245057}. Best is trial 58 with value: 0.1197221651673317.
LOCAL_RANK: 0 - CUDA_VISIBLE_DEVICES: [0]
[I 2023-11-29 21:03:27,424] Trial 109 finished with value: 0.2188357710838318 and parameters: {'gradient_clip_val': 0.18716754009362688, 'hidden_size': 53, 'dropout': 0.3813090157599365, 'hidden_continuous_size': 21, 'attention_head_size': 2, 'learning_rate': 0.05363498125641209}. Best is trial 58 with value: 0.1197221651673317.
LOCAL_RANK: 0 - CUDA_VISIBLE_DEVICES: [0]
[I 2023-11-29 21:03:40,142] Trial 110 finished with value: 0.26173409819602966 and parameters: {'gradient_clip_val': 0.23141624610598777, 'hidden_size': 40, 'dropout': 0.3710847530663799, 'hidden_continuous_size': 19, 'attention_head_size': 2, 'learning_rate': 0.04513050466251802}. Best is trial 58 with value: 0.1197221651673317.
LOCAL_RANK: 0 - CUDA_VISIBLE_DEVICES: [0]
[I 2023-11-29 21:03:53,113] Trial 111 finished with value: 0.17053544521331787 and parameters: {'gradient_clip_val': 0.19062118576033238, 'hidden_size': 42, 'dropout': 0.384654368566567, 'hidden_continuous_size': 22, 'attention_head_size': 2, 'learning_rate': 0.059161569957353}. Best is trial 58 with value: 0.1197221651673317.
LOCAL_RANK: 0 - CUDA_VISIBLE_DEVICES: [0]
[I 2023-11-29 21:04:06,054] Trial 112 finished with value: 0.14695356786251068 and parameters: {'gradient_clip_val': 0.17412858030794612, 'hidden_size': 38, 'dropout': 0.3633559900414537, 'hidden_continuous_size': 20, 'attention_head_size': 2, 'learning_rate': 0.06780100297468629}. Best is trial 58 with value: 0.1197221651673317.
LOCAL_RANK: 0 - CUDA_VISIBLE_DEVICES: [0]
[I 2023-11-29 21:04:18,960] Trial 113 finished with value: 0.22439026832580566 and parameters: {'gradient_clip_val': 0.19136683954851774, 'hidden_size': 44, 'dropout': 0.3743437553241056, 'hidden_continuous_size': 21, 'attention_head_size': 3, 'learning_rate': 0.055045938114033924}. Best is trial 58 with value: 0.1197221651673317.
LOCAL_RANK: 0 - CUDA_VISIBLE_DEVICES: [0]
[I 2023-11-29 21:04:31,969] Trial 114 finished with value: 0.20967864990234375 and parameters: {'gradient_clip_val': 0.20860115189226197, 'hidden_size': 49, 'dropout': 0.34865907700530124, 'hidden_continuous_size': 28, 'attention_head_size': 1, 'learning_rate': 0.07452105959405027}. Best is trial 58 with value: 0.1197221651673317.
LOCAL_RANK: 0 - CUDA_VISIBLE_DEVICES: [0]
[I 2023-11-29 21:04:44,683] Trial 115 finished with value: 0.26876893639564514 and parameters: {'gradient_clip_val': 0.17898901299624825, 'hidden_size': 35, 'dropout': 0.39554835522611187, 'hidden_continuous_size': 22, 'attention_head_size': 2, 'learning_rate': 0.09858476037601113}. Best is trial 58 with value: 0.1197221651673317.
LOCAL_RANK: 0 - CUDA_VISIBLE_DEVICES: [0]
[I 2023-11-29 21:04:57,671] Trial 116 finished with value: 0.1790977120399475 and parameters: {'gradient_clip_val': 0.25032619408185375, 'hidden_size': 39, 'dropout': 0.366974318005542, 'hidden_continuous_size': 21, 'attention_head_size': 3, 'learning_rate': 0.03359399069331699}. Best is trial 58 with value: 0.1197221651673317.
LOCAL_RANK: 0 - CUDA_VISIBLE_DEVICES: [0]
[I 2023-11-29 21:05:10,791] Trial 117 finished with value: 0.12933972477912903 and parameters: {'gradient_clip_val': 0.22878148637695644, 'hidden_size': 46, 'dropout': 0.3585371935714586, 'hidden_continuous_size': 20, 'attention_head_size': 1, 'learning_rate': 0.03893905653280336}. Best is trial 58 with value: 0.1197221651673317.
LOCAL_RANK: 0 - CUDA_VISIBLE_DEVICES: [0]
[I 2023-11-29 21:05:23,658] Trial 118 finished with value: 0.23670701682567596 and parameters: {'gradient_clip_val': 0.2209649400557354, 'hidden_size': 50, 'dropout': 0.35691799658370005, 'hidden_continuous_size': 19, 'attention_head_size': 1, 'learning_rate': 0.04493212541405259}. Best is trial 58 with value: 0.1197221651673317.
LOCAL_RANK: 0 - CUDA_VISIBLE_DEVICES: [0]
[I 2023-11-29 21:05:36,363] Trial 119 finished with value: 0.2623629570007324 and parameters: {'gradient_clip_val': 0.3048962153021304, 'hidden_size': 46, 'dropout': 0.3492711704573842, 'hidden_continuous_size': 20, 'attention_head_size': 1, 'learning_rate': 0.03923722306339599}. Best is trial 58 with value: 0.1197221651673317.
LOCAL_RANK: 0 - CUDA_VISIBLE_DEVICES: [0]
[I 2023-11-29 21:05:49,119] Trial 120 finished with value: 0.1313345581293106 and parameters: {'gradient_clip_val': 0.2755682181070128, 'hidden_size': 43, 'dropout': 0.31753044323924473, 'hidden_continuous_size': 18, 'attention_head_size': 1, 'learning_rate': 0.03091455708068202}. Best is trial 58 with value: 0.1197221651673317.
LOCAL_RANK: 0 - CUDA_VISIBLE_DEVICES: [0]
[I 2023-11-29 21:06:02,030] Trial 121 finished with value: 0.15702997148036957 and parameters: {'gradient_clip_val': 0.20094786180449256, 'hidden_size': 41, 'dropout': 0.3611311850451855, 'hidden_continuous_size': 19, 'attention_head_size': 1, 'learning_rate': 0.05175628080618949}. Best is trial 58 with value: 0.1197221651673317.
LOCAL_RANK: 0 - CUDA_VISIBLE_DEVICES: [0]
[I 2023-11-29 21:06:14,811] Trial 122 finished with value: 0.27261635661125183 and parameters: {'gradient_clip_val': 0.24001110657088848, 'hidden_size': 37, 'dropout': 0.37790627218243883, 'hidden_continuous_size': 24, 'attention_head_size': 1, 'learning_rate': 0.06366678935068194}. Best is trial 58 with value: 0.1197221651673317.
LOCAL_RANK: 0 - CUDA_VISIBLE_DEVICES: [0]
[I 2023-11-29 21:06:28,025] Trial 123 finished with value: 0.1533316671848297 and parameters: {'gradient_clip_val': 0.22884552392095606, 'hidden_size': 54, 'dropout': 0.37242669092929387, 'hidden_continuous_size': 27, 'attention_head_size': 3, 'learning_rate': 0.04828582107956844}. Best is trial 58 with value: 0.1197221651673317.
LOCAL_RANK: 0 - CUDA_VISIBLE_DEVICES: [0]
[I 2023-11-29 21:06:40,873] Trial 124 finished with value: 0.2597760856151581 and parameters: {'gradient_clip_val': 0.21082211884967048, 'hidden_size': 49, 'dropout': 0.3549443342222101, 'hidden_continuous_size': 21, 'attention_head_size': 2, 'learning_rate': 0.02542697670664005}. Best is trial 58 with value: 0.1197221651673317.
LOCAL_RANK: 0 - CUDA_VISIBLE_DEVICES: [0]
[I 2023-11-29 21:06:53,532] Trial 125 finished with value: 0.25598859786987305 and parameters: {'gradient_clip_val': 0.3402071574550714, 'hidden_size': 31, 'dropout': 0.38452138606044106, 'hidden_continuous_size': 22, 'attention_head_size': 1, 'learning_rate': 0.07869708273808654}. Best is trial 58 with value: 0.1197221651673317.
LOCAL_RANK: 0 - CUDA_VISIBLE_DEVICES: [0]
[I 2023-11-29 21:07:06,521] Trial 126 finished with value: 0.272417813539505 and parameters: {'gradient_clip_val': 0.32186708966715494, 'hidden_size': 35, 'dropout': 0.3682963115661784, 'hidden_continuous_size': 26, 'attention_head_size': 2, 'learning_rate': 0.056887863390396615}. Best is trial 58 with value: 0.1197221651673317.
LOCAL_RANK: 0 - CUDA_VISIBLE_DEVICES: [0]
[I 2023-11-29 21:07:19,431] Trial 127 finished with value: 0.1863945573568344 and parameters: {'gradient_clip_val': 0.25784285757437897, 'hidden_size': 43, 'dropout': 0.33372332805118504, 'hidden_continuous_size': 24, 'attention_head_size': 3, 'learning_rate': 0.09102055456781409}. Best is trial 58 with value: 0.1197221651673317.
LOCAL_RANK: 0 - CUDA_VISIBLE_DEVICES: [0]
[I 2023-11-29 21:07:32,630] Trial 128 finished with value: 0.20724636316299438 and parameters: {'gradient_clip_val': 0.18426852999839266, 'hidden_size': 60, 'dropout': 0.3908256831787441, 'hidden_continuous_size': 29, 'attention_head_size': 1, 'learning_rate': 0.06934568999128847}. Best is trial 58 with value: 0.1197221651673317.
LOCAL_RANK: 0 - CUDA_VISIBLE_DEVICES: [0]
[I 2023-11-29 21:07:45,747] Trial 129 finished with value: 0.21344506740570068 and parameters: {'gradient_clip_val': 0.22434928446701707, 'hidden_size': 45, 'dropout': 0.39901295513643703, 'hidden_continuous_size': 20, 'attention_head_size': 3, 'learning_rate': 0.039453669849594815}. Best is trial 58 with value: 0.1197221651673317.
LOCAL_RANK: 0 - CUDA_VISIBLE_DEVICES: [0]
[I 2023-11-29 21:07:58,635] Trial 130 finished with value: 0.1850435733795166 and parameters: {'gradient_clip_val': 0.16177095076902978, 'hidden_size': 38, 'dropout': 0.35982410987239916, 'hidden_continuous_size': 25, 'attention_head_size': 2, 'learning_rate': 0.061682964846451145}. Best is trial 58 with value: 0.1197221651673317.
LOCAL_RANK: 0 - CUDA_VISIBLE_DEVICES: [0]
[I 2023-11-29 21:08:11,190] Trial 131 finished with value: 0.231564000248909 and parameters: {'gradient_clip_val': 0.27944127446596384, 'hidden_size': 40, 'dropout': 0.31834024872644606, 'hidden_continuous_size': 17, 'attention_head_size': 1, 'learning_rate': 0.03657306721631071}. Best is trial 58 with value: 0.1197221651673317.
LOCAL_RANK: 0 - CUDA_VISIBLE_DEVICES: [0]
[I 2023-11-29 21:08:24,017] Trial 132 finished with value: 0.16985346376895905 and parameters: {'gradient_clip_val': 0.24696470519748087, 'hidden_size': 43, 'dropout': 0.32728651502096384, 'hidden_continuous_size': 18, 'attention_head_size': 1, 'learning_rate': 0.03164050425880043}. Best is trial 58 with value: 0.1197221651673317.
LOCAL_RANK: 0 - CUDA_VISIBLE_DEVICES: [0]
[I 2023-11-29 21:08:36,696] Trial 133 finished with value: 0.17123879492282867 and parameters: {'gradient_clip_val': 0.29176953359751184, 'hidden_size': 48, 'dropout': 0.30868921178209735, 'hidden_continuous_size': 18, 'attention_head_size': 1, 'learning_rate': 0.04448529234238657}. Best is trial 58 with value: 0.1197221651673317.
LOCAL_RANK: 0 - CUDA_VISIBLE_DEVICES: [0]
[I 2023-11-29 21:08:49,386] Trial 134 finished with value: 0.2634858191013336 and parameters: {'gradient_clip_val': 0.2681250248369578, 'hidden_size': 33, 'dropout': 0.34220182898083185, 'hidden_continuous_size': 20, 'attention_head_size': 1, 'learning_rate': 0.08481679306932521}. Best is trial 58 with value: 0.1197221651673317.
LOCAL_RANK: 0 - CUDA_VISIBLE_DEVICES: [0]
[I 2023-11-29 21:09:02,029] Trial 135 finished with value: 0.12889651954174042 and parameters: {'gradient_clip_val': 0.20249540830244822, 'hidden_size': 36, 'dropout': 0.31215638830884196, 'hidden_continuous_size': 21, 'attention_head_size': 1, 'learning_rate': 0.05114976893066799}. Best is trial 58 with value: 0.1197221651673317.
LOCAL_RANK: 0 - CUDA_VISIBLE_DEVICES: [0]
[I 2023-11-29 21:09:14,346] Trial 136 finished with value: 0.13468454778194427 and parameters: {'gradient_clip_val': 0.19751819700834958, 'hidden_size': 36, 'dropout': 0.3044615296790029, 'hidden_continuous_size': 23, 'attention_head_size': 1, 'learning_rate': 0.04970214932793023}. Best is trial 58 with value: 0.1197221651673317.
LOCAL_RANK: 0 - CUDA_VISIBLE_DEVICES: [0]
[I 2023-11-29 21:09:26,623] Trial 137 finished with value: 0.17298157513141632 and parameters: {'gradient_clip_val': 0.21519685718224604, 'hidden_size': 28, 'dropout': 0.3513728742839446, 'hidden_continuous_size': 10, 'attention_head_size': 1, 'learning_rate': 0.07472461470709955}. Best is trial 58 with value: 0.1197221651673317.
LOCAL_RANK: 0 - CUDA_VISIBLE_DEVICES: [0]
[I 2023-11-29 21:09:39,364] Trial 138 finished with value: 0.1883147954940796 and parameters: {'gradient_clip_val': 0.2002640893195444, 'hidden_size': 31, 'dropout': 0.2852304595073362, 'hidden_continuous_size': 21, 'attention_head_size': 3, 'learning_rate': 0.05548396376658455}. Best is trial 58 with value: 0.1197221651673317.
LOCAL_RANK: 0 - CUDA_VISIBLE_DEVICES: [0]
