[I 2023-11-30 00:37:45,890] Trial 12 finished with value: 0.10465797036886215 and parameters: {'gradient_clip_val': 0.9531323143737389, 'hidden_size': 115, 'dropout': 0.3017421956050591, 'hidden_continuous_size': 109, 'attention_head_size': 3, 'learning_rate': 0.09995491588811674}. Best is trial 4 with value: 0.09890693426132202.
LOCAL_RANK: 0 - CUDA_VISIBLE_DEVICES: [0]
[I 2023-11-30 00:37:59,441] Trial 13 finished with value: 0.10291782021522522 and parameters: {'gradient_clip_val': 0.4753325151884322, 'hidden_size': 87, 'dropout': 0.2956239293553113, 'hidden_continuous_size': 25, 'attention_head_size': 2, 'learning_rate': 0.09972849112640932}. Best is trial 4 with value: 0.09890693426132202.
LOCAL_RANK: 0 - CUDA_VISIBLE_DEVICES: [0]
[I 2023-11-30 00:38:12,985] Trial 14 finished with value: 0.5352816581726074 and parameters: {'gradient_clip_val': 0.4540514762979366, 'hidden_size': 75, 'dropout': 0.36649773149365183, 'hidden_continuous_size': 25, 'attention_head_size': 2, 'learning_rate': 0.0010520743230334473}. Best is trial 4 with value: 0.09890693426132202.
LOCAL_RANK: 0 - CUDA_VISIBLE_DEVICES: [0]
[I 2023-11-30 00:38:26,532] Trial 15 finished with value: 0.1637233942747116 and parameters: {'gradient_clip_val': 0.46524217252864575, 'hidden_size': 78, 'dropout': 0.2831543781071686, 'hidden_continuous_size': 25, 'attention_head_size': 2, 'learning_rate': 0.04101961403874858}. Best is trial 4 with value: 0.09890693426132202.
LOCAL_RANK: 0 - CUDA_VISIBLE_DEVICES: [0]
[I 2023-11-30 00:38:40,667] Trial 16 finished with value: 0.17326174676418304 and parameters: {'gradient_clip_val': 0.22595034052672877, 'hidden_size': 138, 'dropout': 0.3386334956144643, 'hidden_continuous_size': 24, 'attention_head_size': 2, 'learning_rate': 0.0216266259247479}. Best is trial 4 with value: 0.09890693426132202.
LOCAL_RANK: 0 - CUDA_VISIBLE_DEVICES: [0]
[I 2023-11-30 00:38:53,576] Trial 17 finished with value: 0.18232102692127228 and parameters: {'gradient_clip_val': 0.4426697718816342, 'hidden_size': 39, 'dropout': 0.3957634092268181, 'hidden_continuous_size': 21, 'attention_head_size': 2, 'learning_rate': 0.0640734761638991}. Best is trial 4 with value: 0.09890693426132202.
LOCAL_RANK: 0 - CUDA_VISIBLE_DEVICES: [0]
[I 2023-11-30 00:39:07,105] Trial 18 finished with value: 0.16899608075618744 and parameters: {'gradient_clip_val': 0.6383489714904808, 'hidden_size': 78, 'dropout': 0.35364388007635117, 'hidden_continuous_size': 32, 'attention_head_size': 3, 'learning_rate': 0.030657569145289606}. Best is trial 4 with value: 0.09890693426132202.
LOCAL_RANK: 0 - CUDA_VISIBLE_DEVICES: [0]
[I 2023-11-30 00:39:19,755] Trial 19 finished with value: 0.14146843552589417 and parameters: {'gradient_clip_val': 0.23417929437531088, 'hidden_size': 34, 'dropout': 0.2740757579138686, 'hidden_continuous_size': 15, 'attention_head_size': 2, 'learning_rate': 0.06473931434930856}. Best is trial 4 with value: 0.09890693426132202.
LOCAL_RANK: 0 - CUDA_VISIBLE_DEVICES: [0]
[I 2023-11-30 00:39:33,300] Trial 20 finished with value: 0.14285051822662354 and parameters: {'gradient_clip_val': 0.3675570281257299, 'hidden_size': 68, 'dropout': 0.32097228299523095, 'hidden_continuous_size': 21, 'attention_head_size': 4, 'learning_rate': 0.034815647275617576}. Best is trial 4 with value: 0.09890693426132202.
LOCAL_RANK: 0 - CUDA_VISIBLE_DEVICES: [0]
[I 2023-11-30 00:39:47,328] Trial 21 finished with value: 0.10974717140197754 and parameters: {'gradient_clip_val': 0.8216486855934773, 'hidden_size': 98, 'dropout': 0.29513748125887684, 'hidden_continuous_size': 42, 'attention_head_size': 3, 'learning_rate': 0.0958793722924292}. Best is trial 4 with value: 0.09890693426132202.
LOCAL_RANK: 0 - CUDA_VISIBLE_DEVICES: [0]
[I 2023-11-30 00:40:02,399] Trial 22 finished with value: 0.10971301794052124 and parameters: {'gradient_clip_val': 0.6863871703807851, 'hidden_size': 148, 'dropout': 0.31766098797843306, 'hidden_continuous_size': 142, 'attention_head_size': 3, 'learning_rate': 0.06855881642305199}. Best is trial 4 with value: 0.09890693426132202.
LOCAL_RANK: 0 - CUDA_VISIBLE_DEVICES: [0]
[I 2023-11-30 00:40:16,245] Trial 23 finished with value: 0.10905881971120834 and parameters: {'gradient_clip_val': 0.5596723622952811, 'hidden_size': 88, 'dropout': 0.2723458972163185, 'hidden_continuous_size': 52, 'attention_head_size': 2, 'learning_rate': 0.09974952452252081}. Best is trial 4 with value: 0.09890693426132202.
LOCAL_RANK: 0 - CUDA_VISIBLE_DEVICES: [0]
[I 2023-11-30 00:40:29,264] Trial 24 finished with value: 0.10383691638708115 and parameters: {'gradient_clip_val': 0.7328116081727372, 'hidden_size': 62, 'dropout': 0.3765996153436656, 'hidden_continuous_size': 10, 'attention_head_size': 4, 'learning_rate': 0.047959688143187205}. Best is trial 4 with value: 0.09890693426132202.
LOCAL_RANK: 0 - CUDA_VISIBLE_DEVICES: [0]
[I 2023-11-30 00:40:42,623] Trial 25 finished with value: 0.08276728540658951 and parameters: {'gradient_clip_val': 0.5270783104509992, 'hidden_size': 63, 'dropout': 0.3783944399827749, 'hidden_continuous_size': 13, 'attention_head_size': 4, 'learning_rate': 0.058255710942478875}. Best is trial 25 with value: 0.08276728540658951.
LOCAL_RANK: 0 - CUDA_VISIBLE_DEVICES: [0]
[I 2023-11-30 00:40:55,695] Trial 26 finished with value: 0.14534525573253632 and parameters: {'gradient_clip_val': 0.5354553391966268, 'hidden_size': 62, 'dropout': 0.35910552360876835, 'hidden_continuous_size': 13, 'attention_head_size': 4, 'learning_rate': 0.06406827371396658}. Best is trial 25 with value: 0.08276728540658951.
LOCAL_RANK: 0 - CUDA_VISIBLE_DEVICES: [0]
[I 2023-11-30 00:41:08,766] Trial 27 finished with value: 0.18411944806575775 and parameters: {'gradient_clip_val': 0.3787493428562789, 'hidden_size': 44, 'dropout': 0.33741109344830866, 'hidden_continuous_size': 19, 'attention_head_size': 4, 'learning_rate': 0.042738958277420525}. Best is trial 25 with value: 0.08276728540658951.
LOCAL_RANK: 0 - CUDA_VISIBLE_DEVICES: [0]
[I 2023-11-30 00:41:21,899] Trial 28 finished with value: 0.13610012829303741 and parameters: {'gradient_clip_val': 0.5276068941468988, 'hidden_size': 54, 'dropout': 0.3791007277079705, 'hidden_continuous_size': 14, 'attention_head_size': 3, 'learning_rate': 0.07149959534672212}. Best is trial 25 with value: 0.08276728540658951.
LOCAL_RANK: 0 - CUDA_VISIBLE_DEVICES: [0]
[I 2023-11-30 00:41:35,499] Trial 29 finished with value: 0.1489240676164627 and parameters: {'gradient_clip_val': 0.7547786148448266, 'hidden_size': 90, 'dropout': 0.3944059384663115, 'hidden_continuous_size': 12, 'attention_head_size': 4, 'learning_rate': 0.02588902817225448}. Best is trial 25 with value: 0.08276728540658951.
LOCAL_RANK: 0 - CUDA_VISIBLE_DEVICES: [0]
[I 2023-11-30 00:41:49,007] Trial 30 finished with value: 0.12680400907993317 and parameters: {'gradient_clip_val': 0.4050258820586989, 'hidden_size': 67, 'dropout': 0.3597505366329275, 'hidden_continuous_size': 19, 'attention_head_size': 4, 'learning_rate': 0.029780662915533787}. Best is trial 25 with value: 0.08276728540658951.
LOCAL_RANK: 0 - CUDA_VISIBLE_DEVICES: [0]
[I 2023-11-30 00:42:02,118] Trial 31 finished with value: 0.15900270640850067 and parameters: {'gradient_clip_val': 0.7152770786290014, 'hidden_size': 61, 'dropout': 0.3862493580769812, 'hidden_continuous_size': 10, 'attention_head_size': 4, 'learning_rate': 0.04232179838923242}. Best is trial 25 with value: 0.08276728540658951.
LOCAL_RANK: 0 - CUDA_VISIBLE_DEVICES: [0]
[I 2023-11-30 00:42:15,017] Trial 32 finished with value: 0.09494281560182571 and parameters: {'gradient_clip_val': 0.5663054619523864, 'hidden_size': 47, 'dropout': 0.3690646174164126, 'hidden_continuous_size': 11, 'attention_head_size': 4, 'learning_rate': 0.05382934370496389}. Best is trial 25 with value: 0.08276728540658951.
LOCAL_RANK: 0 - CUDA_VISIBLE_DEVICES: [0]
[I 2023-11-30 00:42:27,877] Trial 33 finished with value: 0.1372557431459427 and parameters: {'gradient_clip_val': 0.6017048714577394, 'hidden_size': 47, 'dropout': 0.349074859739444, 'hidden_continuous_size': 11, 'attention_head_size': 4, 'learning_rate': 0.05449169543128328}. Best is trial 25 with value: 0.08276728540658951.
LOCAL_RANK: 0 - CUDA_VISIBLE_DEVICES: [0]
[I 2023-11-30 00:42:40,735] Trial 34 finished with value: 0.11183086037635803 and parameters: {'gradient_clip_val': 0.5006926911841699, 'hidden_size': 42, 'dropout': 0.37013327677697644, 'hidden_continuous_size': 11, 'attention_head_size': 4, 'learning_rate': 0.07306126585888344}. Best is trial 25 with value: 0.08276728540658951.
LOCAL_RANK: 0 - CUDA_VISIBLE_DEVICES: [0]
[I 2023-11-30 00:42:53,569] Trial 35 finished with value: 0.12954281270503998 and parameters: {'gradient_clip_val': 0.5395489566015231, 'hidden_size': 35, 'dropout': 0.33567725136629456, 'hidden_continuous_size': 14, 'attention_head_size': 4, 'learning_rate': 0.05437305669391557}. Best is trial 25 with value: 0.08276728540658951.
LOCAL_RANK: 0 - CUDA_VISIBLE_DEVICES: [0]
[I 2023-11-30 00:43:06,519] Trial 36 finished with value: 0.1337016075849533 and parameters: {'gradient_clip_val': 0.3322294232687364, 'hidden_size': 52, 'dropout': 0.39972207101410145, 'hidden_continuous_size': 12, 'attention_head_size': 3, 'learning_rate': 0.038186606043867435}. Best is trial 25 with value: 0.08276728540658951.
LOCAL_RANK: 0 - CUDA_VISIBLE_DEVICES: [0]
[I 2023-11-30 00:43:19,745] Trial 37 finished with value: 0.19105355441570282 and parameters: {'gradient_clip_val': 0.624482362525548, 'hidden_size': 56, 'dropout': 0.36806302211092917, 'hidden_continuous_size': 15, 'attention_head_size': 4, 'learning_rate': 0.017841463345825977}. Best is trial 25 with value: 0.08276728540658951.
LOCAL_RANK: 0 - CUDA_VISIBLE_DEVICES: [0]
[I 2023-11-30 00:43:32,655] Trial 38 finished with value: 0.16395848989486694 and parameters: {'gradient_clip_val': 0.3164460132997355, 'hidden_size': 45, 'dropout': 0.3779563868842953, 'hidden_continuous_size': 10, 'attention_head_size': 4, 'learning_rate': 0.05088905734293867}. Best is trial 25 with value: 0.08276728540658951.
LOCAL_RANK: 0 - CUDA_VISIBLE_DEVICES: [0]
[I 2023-11-30 00:43:45,718] Trial 39 finished with value: 0.11251848191022873 and parameters: {'gradient_clip_val': 0.43857451018357313, 'hidden_size': 72, 'dropout': 0.34369602928331944, 'hidden_continuous_size': 13, 'attention_head_size': 1, 'learning_rate': 0.08100672043294616}. Best is trial 25 with value: 0.08276728540658951.
LOCAL_RANK: 0 - CUDA_VISIBLE_DEVICES: [0]
[I 2023-11-30 00:43:58,128] Trial 40 finished with value: 0.16142599284648895 and parameters: {'gradient_clip_val': 0.26306369921832307, 'hidden_size': 30, 'dropout': 0.3232614952865602, 'hidden_continuous_size': 11, 'attention_head_size': 2, 'learning_rate': 0.05367083416184637}. Best is trial 25 with value: 0.08276728540658951.
LOCAL_RANK: 0 - CUDA_VISIBLE_DEVICES: [0]
[I 2023-11-30 00:44:11,129] Trial 41 finished with value: 0.16890402138233185 and parameters: {'gradient_clip_val': 0.7762888920178104, 'hidden_size': 61, 'dropout': 0.38028452077661706, 'hidden_continuous_size': 10, 'attention_head_size': 4, 'learning_rate': 0.07834525247998161}. Best is trial 25 with value: 0.08276728540658951.
LOCAL_RANK: 0 - CUDA_VISIBLE_DEVICES: [0]
[I 2023-11-30 00:44:24,305] Trial 42 finished with value: 0.1522902101278305 and parameters: {'gradient_clip_val': 0.6885412101985776, 'hidden_size': 50, 'dropout': 0.3593595501952977, 'hidden_continuous_size': 10, 'attention_head_size': 4, 'learning_rate': 0.04734434436747403}. Best is trial 25 with value: 0.08276728540658951.
LOCAL_RANK: 0 - CUDA_VISIBLE_DEVICES: [0]
[I 2023-11-30 00:44:37,291] Trial 43 finished with value: 0.16034020483493805 and parameters: {'gradient_clip_val': 0.6135081384290182, 'hidden_size': 61, 'dropout': 0.38607864629244987, 'hidden_continuous_size': 11, 'attention_head_size': 4, 'learning_rate': 0.034987513528110206}. Best is trial 25 with value: 0.08276728540658951.
LOCAL_RANK: 0 - CUDA_VISIBLE_DEVICES: [0]
[I 2023-11-30 00:44:50,100] Trial 44 finished with value: 0.13726986944675446 and parameters: {'gradient_clip_val': 0.492677426281181, 'hidden_size': 39, 'dropout': 0.36986344627810813, 'hidden_continuous_size': 12, 'attention_head_size': 4, 'learning_rate': 0.054225672923799505}. Best is trial 25 with value: 0.08276728540658951.
LOCAL_RANK: 0 - CUDA_VISIBLE_DEVICES: [0]
[I 2023-11-30 00:45:03,433] Trial 45 finished with value: 0.14811737835407257 and parameters: {'gradient_clip_val': 0.5721621595637522, 'hidden_size': 88, 'dropout': 0.3448575818763616, 'hidden_continuous_size': 17, 'attention_head_size': 3, 'learning_rate': 0.08350214564109863}. Best is trial 25 with value: 0.08276728540658951.
LOCAL_RANK: 0 - CUDA_VISIBLE_DEVICES: [0]
[I 2023-11-30 00:45:16,824] Trial 46 finished with value: 0.13890734314918518 and parameters: {'gradient_clip_val': 0.8827488572185553, 'hidden_size': 69, 'dropout': 0.38474726307931967, 'hidden_continuous_size': 13, 'attention_head_size': 4, 'learning_rate': 0.07786065568088793}. Best is trial 25 with value: 0.08276728540658951.
LOCAL_RANK: 0 - CUDA_VISIBLE_DEVICES: [0]
[I 2023-11-30 00:45:30,052] Trial 47 finished with value: 0.1397421807050705 and parameters: {'gradient_clip_val': 0.6692366184578962, 'hidden_size': 49, 'dropout': 0.35601927144541473, 'hidden_continuous_size': 16, 'attention_head_size': 4, 'learning_rate': 0.04485077118977888}. Best is trial 25 with value: 0.08276728540658951.
LOCAL_RANK: 0 - CUDA_VISIBLE_DEVICES: [0]
[I 2023-11-30 00:45:43,633] Trial 48 finished with value: 0.14591030776500702 and parameters: {'gradient_clip_val': 0.17525037900494456, 'hidden_size': 80, 'dropout': 0.3999063227132017, 'hidden_continuous_size': 28, 'attention_head_size': 3, 'learning_rate': 0.06064760379769515}. Best is trial 25 with value: 0.08276728540658951.
LOCAL_RANK: 0 - CUDA_VISIBLE_DEVICES: [0]
[I 2023-11-30 00:45:57,357] Trial 49 finished with value: 0.15619079768657684 and parameters: {'gradient_clip_val': 0.40945789185808845, 'hidden_size': 102, 'dropout': 0.3323405812794918, 'hidden_continuous_size': 18, 'attention_head_size': 2, 'learning_rate': 0.0806711680820592}. Best is trial 25 with value: 0.08276728540658951.
LOCAL_RANK: 0 - CUDA_VISIBLE_DEVICES: [0]
[I 2023-11-30 00:46:10,312] Trial 50 finished with value: 0.19980156421661377 and parameters: {'gradient_clip_val': 0.4793324676084445, 'hidden_size': 55, 'dropout': 0.3700316595813654, 'hidden_continuous_size': 22, 'attention_head_size': 1, 'learning_rate': 0.03879983638621008}. Best is trial 25 with value: 0.08276728540658951.
LOCAL_RANK: 0 - CUDA_VISIBLE_DEVICES: [0]
[I 2023-11-30 00:46:24,445] Trial 51 finished with value: 0.1384596824645996 and parameters: {'gradient_clip_val': 0.9872555432842657, 'hidden_size': 121, 'dropout': 0.3046103949405225, 'hidden_continuous_size': 28, 'attention_head_size': 3, 'learning_rate': 0.09772850116278595}. Best is trial 25 with value: 0.08276728540658951.
LOCAL_RANK: 0 - CUDA_VISIBLE_DEVICES: [0]
[I 2023-11-30 00:46:38,129] Trial 52 finished with value: 0.13051749765872955 and parameters: {'gradient_clip_val': 0.8089706355512256, 'hidden_size': 80, 'dropout': 0.2521736865235661, 'hidden_continuous_size': 32, 'attention_head_size': 4, 'learning_rate': 0.06228666268862657}. Best is trial 25 with value: 0.08276728540658951.
LOCAL_RANK: 0 - CUDA_VISIBLE_DEVICES: [0]
[I 2023-11-30 00:46:51,903] Trial 53 finished with value: 0.1569066047668457 and parameters: {'gradient_clip_val': 0.8915596704197002, 'hidden_size': 102, 'dropout': 0.31286418385012493, 'hidden_continuous_size': 37, 'attention_head_size': 2, 'learning_rate': 0.08828538596056858}. Best is trial 25 with value: 0.08276728540658951.
LOCAL_RANK: 0 - CUDA_VISIBLE_DEVICES: [0]
[I 2023-11-30 00:47:05,353] Trial 54 finished with value: 0.10199908167123795 and parameters: {'gradient_clip_val': 0.7594771334167926, 'hidden_size': 67, 'dropout': 0.3302575655240996, 'hidden_continuous_size': 24, 'attention_head_size': 3, 'learning_rate': 0.09973379864432458}. Best is trial 25 with value: 0.08276728540658951.
LOCAL_RANK: 0 - CUDA_VISIBLE_DEVICES: [0]
[I 2023-11-30 00:47:18,903] Trial 55 finished with value: 0.12120363861322403 and parameters: {'gradient_clip_val': 0.7479475196422335, 'hidden_size': 66, 'dropout': 0.32966089270590454, 'hidden_continuous_size': 22, 'attention_head_size': 4, 'learning_rate': 0.07045928762654412}. Best is trial 25 with value: 0.08276728540658951.
LOCAL_RANK: 0 - CUDA_VISIBLE_DEVICES: [0]
[I 2023-11-30 00:47:32,507] Trial 56 finished with value: 0.15798459947109222 and parameters: {'gradient_clip_val': 0.5750947347791557, 'hidden_size': 75, 'dropout': 0.35189677731303054, 'hidden_continuous_size': 24, 'attention_head_size': 3, 'learning_rate': 0.06274624765595886}. Best is trial 25 with value: 0.08276728540658951.
LOCAL_RANK: 0 - CUDA_VISIBLE_DEVICES: [0]
[I 2023-11-30 00:47:45,957] Trial 57 finished with value: 0.1729801893234253 and parameters: {'gradient_clip_val': 0.6501516521039609, 'hidden_size': 57, 'dropout': 0.34346095502958707, 'hidden_continuous_size': 20, 'attention_head_size': 4, 'learning_rate': 0.04741108841255774}. Best is trial 25 with value: 0.08276728540658951.
LOCAL_RANK: 0 - CUDA_VISIBLE_DEVICES: [0]
[I 2023-11-30 00:47:59,443] Trial 58 finished with value: 0.13282334804534912 and parameters: {'gradient_clip_val': 0.6870127037407023, 'hidden_size': 70, 'dropout': 0.38787426025274785, 'hidden_continuous_size': 23, 'attention_head_size': 2, 'learning_rate': 0.08855745640375144}. Best is trial 25 with value: 0.08276728540658951.
LOCAL_RANK: 0 - CUDA_VISIBLE_DEVICES: [0]
[I 2023-11-30 00:48:12,288] Trial 59 finished with value: 0.1412515491247177 and parameters: {'gradient_clip_val': 0.8187033748625696, 'hidden_size': 47, 'dropout': 0.3749974942497738, 'hidden_continuous_size': 11, 'attention_head_size': 3, 'learning_rate': 0.07325519390968871}. Best is trial 25 with value: 0.08276728540658951.
LOCAL_RANK: 0 - CUDA_VISIBLE_DEVICES: [0]
[I 2023-11-30 00:48:25,477] Trial 60 finished with value: 0.0768774226307869 and parameters: {'gradient_clip_val': 0.5842090583963433, 'hidden_size': 64, 'dropout': 0.36219254052114064, 'hidden_continuous_size': 18, 'attention_head_size': 4, 'learning_rate': 0.06162263895213584}. Best is trial 60 with value: 0.0768774226307869.
LOCAL_RANK: 0 - CUDA_VISIBLE_DEVICES: [0]
[I 2023-11-30 00:48:38,946] Trial 61 finished with value: 0.10364402085542679 and parameters: {'gradient_clip_val': 0.5825868622193452, 'hidden_size': 61, 'dropout': 0.3619838502750983, 'hidden_continuous_size': 18, 'attention_head_size': 4, 'learning_rate': 0.09941172952422737}. Best is trial 60 with value: 0.0768774226307869.
LOCAL_RANK: 0 - CUDA_VISIBLE_DEVICES: [0]
[I 2023-11-30 00:48:52,220] Trial 62 finished with value: 0.13503335416316986 and parameters: {'gradient_clip_val': 0.5156480125349462, 'hidden_size': 55, 'dropout': 0.36286966473270327, 'hidden_continuous_size': 19, 'attention_head_size': 4, 'learning_rate': 0.09740063522197318}. Best is trial 60 with value: 0.0768774226307869.
LOCAL_RANK: 0 - CUDA_VISIBLE_DEVICES: [0]
[I 2023-11-30 00:49:05,927] Trial 63 finished with value: 0.10140932351350784 and parameters: {'gradient_clip_val': 0.5817069944889248, 'hidden_size': 85, 'dropout': 0.3514899820416711, 'hidden_continuous_size': 26, 'attention_head_size': 4, 'learning_rate': 0.08304583995845244}. Best is trial 60 with value: 0.0768774226307869.
LOCAL_RANK: 0 - CUDA_VISIBLE_DEVICES: [0]
[I 2023-11-30 00:49:19,695] Trial 64 finished with value: 0.08405163139104843 and parameters: {'gradient_clip_val': 0.4622377555714543, 'hidden_size': 86, 'dropout': 0.35157838056682206, 'hidden_continuous_size': 26, 'attention_head_size': 4, 'learning_rate': 0.060219571949968465}. Best is trial 60 with value: 0.0768774226307869.
LOCAL_RANK: 0 - CUDA_VISIBLE_DEVICES: [0]
[I 2023-11-30 00:49:33,228] Trial 65 finished with value: 0.12982816994190216 and parameters: {'gradient_clip_val': 0.5484571015860059, 'hidden_size': 76, 'dropout': 0.3509633863973777, 'hidden_continuous_size': 26, 'attention_head_size': 4, 'learning_rate': 0.06977795640957885}. Best is trial 60 with value: 0.0768774226307869.
LOCAL_RANK: 0 - CUDA_VISIBLE_DEVICES: [0]
[I 2023-11-30 00:49:46,853] Trial 66 finished with value: 0.12193521112203598 and parameters: {'gradient_clip_val': 0.47134902473588314, 'hidden_size': 84, 'dropout': 0.3323060905145647, 'hidden_continuous_size': 22, 'attention_head_size': 4, 'learning_rate': 0.058797485761307354}. Best is trial 60 with value: 0.0768774226307869.
LOCAL_RANK: 0 - CUDA_VISIBLE_DEVICES: [0]
[I 2023-11-30 00:50:00,813] Trial 67 finished with value: 0.14746803045272827 and parameters: {'gradient_clip_val': 0.6162613299212139, 'hidden_size': 95, 'dropout': 0.391555233541371, 'hidden_continuous_size': 26, 'attention_head_size': 4, 'learning_rate': 0.05687136812563706}. Best is trial 60 with value: 0.0768774226307869.
LOCAL_RANK: 0 - CUDA_VISIBLE_DEVICES: [0]
[I 2023-11-30 00:50:14,358] Trial 68 finished with value: 0.10134273022413254 and parameters: {'gradient_clip_val': 0.5099166913206565, 'hidden_size': 72, 'dropout': 0.35301195385625533, 'hidden_continuous_size': 21, 'attention_head_size': 4, 'learning_rate': 0.08072975058911688}. Best is trial 60 with value: 0.0768774226307869.
LOCAL_RANK: 0 - CUDA_VISIBLE_DEVICES: [0]
[I 2023-11-30 00:50:27,888] Trial 69 finished with value: 0.13754452764987946 and parameters: {'gradient_clip_val': 0.5157030053793179, 'hidden_size': 84, 'dropout': 0.37567431012317704, 'hidden_continuous_size': 20, 'attention_head_size': 4, 'learning_rate': 0.04301838148653008}. Best is trial 60 with value: 0.0768774226307869.
LOCAL_RANK: 0 - CUDA_VISIBLE_DEVICES: [0]
