[I 2023-11-30 07:53:31,961] Trial 120 finished with value: 0.14842772483825684 and parameters: {'gradient_clip_val': 0.7274568407793752, 'hidden_size': 89, 'dropout': 0.2159459406502598, 'hidden_continuous_size': 85, 'attention_head_size': 4, 'learning_rate': 0.014426057433131826}. Best is trial 99 with value: 0.1252119094133377.
LOCAL_RANK: 0 - CUDA_VISIBLE_DEVICES: [0]
[I 2023-11-30 07:53:46,232] Trial 121 finished with value: 0.17498774826526642 and parameters: {'gradient_clip_val': 0.7413914851169724, 'hidden_size': 78, 'dropout': 0.21321943962974108, 'hidden_continuous_size': 75, 'attention_head_size': 4, 'learning_rate': 0.014730040773073947}. Best is trial 99 with value: 0.1252119094133377.
LOCAL_RANK: 0 - CUDA_VISIBLE_DEVICES: [0]
[I 2023-11-30 07:54:00,844] Trial 122 finished with value: 0.22939513623714447 and parameters: {'gradient_clip_val': 0.5677995607618773, 'hidden_size': 86, 'dropout': 0.19842221264912444, 'hidden_continuous_size': 83, 'attention_head_size': 4, 'learning_rate': 0.008991349741784513}. Best is trial 99 with value: 0.1252119094133377.
LOCAL_RANK: 0 - CUDA_VISIBLE_DEVICES: [0]
[I 2023-11-30 07:54:15,312] Trial 123 finished with value: 0.42160043120384216 and parameters: {'gradient_clip_val': 0.7979337052960669, 'hidden_size': 144, 'dropout': 0.2259686334019342, 'hidden_continuous_size': 62, 'attention_head_size': 4, 'learning_rate': 0.011837005136441224}. Best is trial 99 with value: 0.1252119094133377.
LOCAL_RANK: 0 - CUDA_VISIBLE_DEVICES: [0]
[I 2023-11-30 07:54:29,369] Trial 124 finished with value: 0.23563186824321747 and parameters: {'gradient_clip_val': 0.8624716395507435, 'hidden_size': 72, 'dropout': 0.1910192127718633, 'hidden_continuous_size': 69, 'attention_head_size': 4, 'learning_rate': 0.014256949289636587}. Best is trial 99 with value: 0.1252119094133377.
LOCAL_RANK: 0 - CUDA_VISIBLE_DEVICES: [0]
[I 2023-11-30 07:54:43,702] Trial 125 finished with value: 0.20132757723331451 and parameters: {'gradient_clip_val': 0.9119927746481279, 'hidden_size': 90, 'dropout': 0.1838443740090572, 'hidden_continuous_size': 86, 'attention_head_size': 4, 'learning_rate': 0.02063524566935232}. Best is trial 99 with value: 0.1252119094133377.
LOCAL_RANK: 0 - CUDA_VISIBLE_DEVICES: [0]
[I 2023-11-30 07:54:58,297] Trial 126 finished with value: 0.22588567435741425 and parameters: {'gradient_clip_val': 0.7204463365350257, 'hidden_size': 131, 'dropout': 0.20183528204814766, 'hidden_continuous_size': 65, 'attention_head_size': 4, 'learning_rate': 0.009526629327989025}. Best is trial 99 with value: 0.1252119094133377.
LOCAL_RANK: 0 - CUDA_VISIBLE_DEVICES: [0]
[I 2023-11-30 07:55:12,944] Trial 127 finished with value: 0.14949752390384674 and parameters: {'gradient_clip_val': 0.6764957470008222, 'hidden_size': 103, 'dropout': 0.2103592004595453, 'hidden_continuous_size': 97, 'attention_head_size': 4, 'learning_rate': 0.017347104498502096}. Best is trial 99 with value: 0.1252119094133377.
LOCAL_RANK: 0 - CUDA_VISIBLE_DEVICES: [0]
[I 2023-11-30 07:55:27,120] Trial 128 finished with value: 0.1946570873260498 and parameters: {'gradient_clip_val': 0.6593324180750809, 'hidden_size': 96, 'dropout': 0.20554881433886096, 'hidden_continuous_size': 91, 'attention_head_size': 2, 'learning_rate': 0.0055783421099771914}. Best is trial 99 with value: 0.1252119094133377.
LOCAL_RANK: 0 - CUDA_VISIBLE_DEVICES: [0]
[I 2023-11-30 07:55:41,540] Trial 129 finished with value: 0.18907134234905243 and parameters: {'gradient_clip_val': 0.6011506635364513, 'hidden_size': 104, 'dropout': 0.21238499809167802, 'hidden_continuous_size': 97, 'attention_head_size': 4, 'learning_rate': 0.016875099270588723}. Best is trial 99 with value: 0.1252119094133377.
LOCAL_RANK: 0 - CUDA_VISIBLE_DEVICES: [0]
[I 2023-11-30 07:55:55,698] Trial 130 finished with value: 0.17793512344360352 and parameters: {'gradient_clip_val': 0.692149945391366, 'hidden_size': 76, 'dropout': 0.19236361159265636, 'hidden_continuous_size': 73, 'attention_head_size': 4, 'learning_rate': 0.023345125264814734}. Best is trial 99 with value: 0.1252119094133377.
LOCAL_RANK: 0 - CUDA_VISIBLE_DEVICES: [0]
[I 2023-11-30 07:56:10,303] Trial 131 finished with value: 0.31707292795181274 and parameters: {'gradient_clip_val': 0.6339907420487849, 'hidden_size': 116, 'dropout': 0.22126391819876973, 'hidden_continuous_size': 105, 'attention_head_size': 4, 'learning_rate': 0.018350935664019883}. Best is trial 99 with value: 0.1252119094133377.
LOCAL_RANK: 0 - CUDA_VISIBLE_DEVICES: [0]
[I 2023-11-30 07:56:24,749] Trial 132 finished with value: 0.23864246904850006 and parameters: {'gradient_clip_val': 0.7730497121747186, 'hidden_size': 100, 'dropout': 0.12659957402590616, 'hidden_continuous_size': 94, 'attention_head_size': 4, 'learning_rate': 0.013342859852890446}. Best is trial 99 with value: 0.1252119094133377.
LOCAL_RANK: 0 - CUDA_VISIBLE_DEVICES: [0]
[I 2023-11-30 07:56:39,283] Trial 133 finished with value: 0.22079360485076904 and parameters: {'gradient_clip_val': 0.8150710322215283, 'hidden_size': 124, 'dropout': 0.20047835756142407, 'hidden_continuous_size': 107, 'attention_head_size': 4, 'learning_rate': 0.015587105350239156}. Best is trial 99 with value: 0.1252119094133377.
LOCAL_RANK: 0 - CUDA_VISIBLE_DEVICES: [0]
[I 2023-11-30 07:56:53,864] Trial 134 finished with value: 0.40952345728874207 and parameters: {'gradient_clip_val': 0.9619427202165782, 'hidden_size': 111, 'dropout': 0.1101125814927865, 'hidden_continuous_size': 105, 'attention_head_size': 4, 'learning_rate': 0.010571786833553906}. Best is trial 99 with value: 0.1252119094133377.
LOCAL_RANK: 0 - CUDA_VISIBLE_DEVICES: [0]
[I 2023-11-30 07:57:08,203] Trial 135 finished with value: 0.16959942877292633 and parameters: {'gradient_clip_val': 0.5008276508484396, 'hidden_size': 86, 'dropout': 0.23854951605506475, 'hidden_continuous_size': 82, 'attention_head_size': 4, 'learning_rate': 0.012216907569825092}. Best is trial 99 with value: 0.1252119094133377.
LOCAL_RANK: 0 - CUDA_VISIBLE_DEVICES: [0]
[I 2023-11-30 07:57:22,307] Trial 136 finished with value: 0.28802070021629333 and parameters: {'gradient_clip_val': 0.752207263373114, 'hidden_size': 94, 'dropout': 0.18414401441262027, 'hidden_continuous_size': 89, 'attention_head_size': 1, 'learning_rate': 0.0072809421417732315}. Best is trial 99 with value: 0.1252119094133377.
LOCAL_RANK: 0 - CUDA_VISIBLE_DEVICES: [0]
[I 2023-11-30 07:57:36,994] Trial 137 finished with value: 0.21579664945602417 and parameters: {'gradient_clip_val': 0.8640241257804725, 'hidden_size': 105, 'dropout': 0.1734909889943661, 'hidden_continuous_size': 98, 'attention_head_size': 4, 'learning_rate': 0.0067363698333797566}. Best is trial 99 with value: 0.1252119094133377.
LOCAL_RANK: 0 - CUDA_VISIBLE_DEVICES: [0]
[I 2023-11-30 07:57:51,665] Trial 138 finished with value: 0.16073641180992126 and parameters: {'gradient_clip_val': 0.9061171952907746, 'hidden_size': 131, 'dropout': 0.19460653640228415, 'hidden_continuous_size': 118, 'attention_head_size': 3, 'learning_rate': 0.02163749612290221}. Best is trial 99 with value: 0.1252119094133377.
LOCAL_RANK: 0 - CUDA_VISIBLE_DEVICES: [0]
[I 2023-11-30 07:58:06,039] Trial 139 finished with value: 0.18485017120838165 and parameters: {'gradient_clip_val': 0.696517885279732, 'hidden_size': 116, 'dropout': 0.140592754052267, 'hidden_continuous_size': 109, 'attention_head_size': 4, 'learning_rate': 0.008231886002476622}. Best is trial 99 with value: 0.1252119094133377.
LOCAL_RANK: 0 - CUDA_VISIBLE_DEVICES: [0]
[I 2023-11-30 07:58:20,329] Trial 140 finished with value: 0.2618783712387085 and parameters: {'gradient_clip_val': 0.3790456289906119, 'hidden_size': 80, 'dropout': 0.21201396056754818, 'hidden_continuous_size': 77, 'attention_head_size': 4, 'learning_rate': 0.028560328870715794}. Best is trial 99 with value: 0.1252119094133377.
LOCAL_RANK: 0 - CUDA_VISIBLE_DEVICES: [0]
[I 2023-11-30 07:58:34,813] Trial 141 finished with value: 0.13182757794857025 and parameters: {'gradient_clip_val': 0.7778753690895799, 'hidden_size': 124, 'dropout': 0.15312290169286302, 'hidden_continuous_size': 111, 'attention_head_size': 4, 'learning_rate': 0.011222277127996328}. Best is trial 99 with value: 0.1252119094133377.
LOCAL_RANK: 0 - CUDA_VISIBLE_DEVICES: [0]
[I 2023-11-30 07:58:49,625] Trial 142 finished with value: 0.21819579601287842 and parameters: {'gradient_clip_val': 0.7361942869007698, 'hidden_size': 119, 'dropout': 0.15661998253129072, 'hidden_continuous_size': 102, 'attention_head_size': 4, 'learning_rate': 0.010283981588508618}. Best is trial 99 with value: 0.1252119094133377.
LOCAL_RANK: 0 - CUDA_VISIBLE_DEVICES: [0]
[I 2023-11-30 07:59:04,614] Trial 143 finished with value: 0.18520613014698029 and parameters: {'gradient_clip_val': 0.827678690796593, 'hidden_size': 141, 'dropout': 0.14617349157874146, 'hidden_continuous_size': 131, 'attention_head_size': 4, 'learning_rate': 0.013979328674426791}. Best is trial 99 with value: 0.1252119094133377.
LOCAL_RANK: 0 - CUDA_VISIBLE_DEVICES: [0]
[I 2023-11-30 07:59:19,129] Trial 144 finished with value: 0.18086545169353485 and parameters: {'gradient_clip_val': 0.7781789512536899, 'hidden_size': 109, 'dropout': 0.16717716243768266, 'hidden_continuous_size': 102, 'attention_head_size': 4, 'learning_rate': 0.01148110475557396}. Best is trial 99 with value: 0.1252119094133377.
LOCAL_RANK: 0 - CUDA_VISIBLE_DEVICES: [0]
[I 2023-11-30 07:59:34,160] Trial 145 finished with value: 0.4982419013977051 and parameters: {'gradient_clip_val': 0.6789004288193929, 'hidden_size': 150, 'dropout': 0.12033296153243024, 'hidden_continuous_size': 127, 'attention_head_size': 4, 'learning_rate': 0.009271591075909026}. Best is trial 99 with value: 0.1252119094133377.
LOCAL_RANK: 0 - CUDA_VISIBLE_DEVICES: [0]
[I 2023-11-30 07:59:48,593] Trial 146 finished with value: 0.16748745739459991 and parameters: {'gradient_clip_val': 0.8761920640015481, 'hidden_size': 128, 'dropout': 0.1337966370745308, 'hidden_continuous_size': 114, 'attention_head_size': 2, 'learning_rate': 0.012568091787127447}. Best is trial 99 with value: 0.1252119094133377.
LOCAL_RANK: 0 - CUDA_VISIBLE_DEVICES: [0]
[I 2023-11-30 08:00:03,274] Trial 147 finished with value: 0.20405630767345428 and parameters: {'gradient_clip_val': 0.940490385880085, 'hidden_size': 99, 'dropout': 0.125192325211672, 'hidden_continuous_size': 93, 'attention_head_size': 4, 'learning_rate': 0.016095077168241788}. Best is trial 99 with value: 0.1252119094133377.
LOCAL_RANK: 0 - CUDA_VISIBLE_DEVICES: [0]
[I 2023-11-30 08:00:17,558] Trial 148 finished with value: 0.24185316264629364 and parameters: {'gradient_clip_val': 0.6570546599245616, 'hidden_size': 89, 'dropout': 0.10010610267070025, 'hidden_continuous_size': 85, 'attention_head_size': 4, 'learning_rate': 0.007485667270498386}. Best is trial 99 with value: 0.1252119094133377.
LOCAL_RANK: 0 - CUDA_VISIBLE_DEVICES: [0]
[I 2023-11-30 08:00:32,228] Trial 149 finished with value: 0.33465778827667236 and parameters: {'gradient_clip_val': 0.6202921961438573, 'hidden_size': 123, 'dropout': 0.11428499933789942, 'hidden_continuous_size': 117, 'attention_head_size': 4, 'learning_rate': 0.01929777206881637}. Best is trial 99 with value: 0.1252119094133377.
[I 2023-11-30 08:00:32,338] A new study created in memory with name: no-name-35cddc54-bb60-441a-819e-071b6b280072
/home/le004/conda/anaconda3/envs/tsff_env/lib/python3.9/site-packages/lightning/fabric/plugins/environments/slurm.py:191: The `srun` command is available on your system but is not used. HINT: If your intention is to run Lightning on SLURM, prepend your python command with `srun` like so: srun python /home/le004/master_thesis/git/TSFusionForecast/code/ ...
LOCAL_RANK: 0 - CUDA_VISIBLE_DEVICES: [0]
[I 2023-11-30 08:00:45,210] Trial 0 finished with value: 0.14515239000320435 and parameters: {'gradient_clip_val': 0.9675521522611844, 'hidden_size': 41, 'dropout': 0.2520228596308317, 'hidden_continuous_size': 16, 'attention_head_size': 3, 'learning_rate': 0.01604859089952025}. Best is trial 0 with value: 0.14515239000320435.
LOCAL_RANK: 0 - CUDA_VISIBLE_DEVICES: [0]
[I 2023-11-30 08:00:58,180] Trial 1 finished with value: 0.048760026693344116 and parameters: {'gradient_clip_val': 0.23981435692753586, 'hidden_size': 42, 'dropout': 0.28722769601055964, 'hidden_continuous_size': 27, 'attention_head_size': 2, 'learning_rate': 0.09848360700488795}. Best is trial 1 with value: 0.048760026693344116.
LOCAL_RANK: 0 - CUDA_VISIBLE_DEVICES: [0]
[I 2023-11-30 08:01:11,962] Trial 2 finished with value: 0.06443089991807938 and parameters: {'gradient_clip_val': 0.4310841110893151, 'hidden_size': 88, 'dropout': 0.36205172560251975, 'hidden_continuous_size': 28, 'attention_head_size': 4, 'learning_rate': 0.015847219255188505}. Best is trial 1 with value: 0.048760026693344116.
LOCAL_RANK: 0 - CUDA_VISIBLE_DEVICES: [0]
[I 2023-11-30 08:01:25,086] Trial 3 finished with value: 0.1675301045179367 and parameters: {'gradient_clip_val': 0.165506648007227, 'hidden_size': 59, 'dropout': 0.3585115532864833, 'hidden_continuous_size': 13, 'attention_head_size': 4, 'learning_rate': 0.006417106657728666}. Best is trial 1 with value: 0.048760026693344116.
LOCAL_RANK: 0 - CUDA_VISIBLE_DEVICES: [0]
[I 2023-11-30 08:01:37,891] Trial 4 finished with value: 0.6632898449897766 and parameters: {'gradient_clip_val': 0.11873134377845763, 'hidden_size': 48, 'dropout': 0.3924220739933645, 'hidden_continuous_size': 15, 'attention_head_size': 2, 'learning_rate': 0.0016131987514171643}. Best is trial 1 with value: 0.048760026693344116.
LOCAL_RANK: 0 - CUDA_VISIBLE_DEVICES: [0]
[I 2023-11-30 08:01:50,142] Trial 5 finished with value: 0.6158300042152405 and parameters: {'gradient_clip_val': 0.46096589476308286, 'hidden_size': 13, 'dropout': 0.2736682309066636, 'hidden_continuous_size': 12, 'attention_head_size': 2, 'learning_rate': 0.0073441091853000545}. Best is trial 1 with value: 0.048760026693344116.
LOCAL_RANK: 0 - CUDA_VISIBLE_DEVICES: [0]
[I 2023-11-30 08:02:02,857] Trial 6 finished with value: 0.07837574928998947 and parameters: {'gradient_clip_val': 0.38422878010125855, 'hidden_size': 35, 'dropout': 0.29363769454630145, 'hidden_continuous_size': 31, 'attention_head_size': 1, 'learning_rate': 0.022646245358014586}. Best is trial 1 with value: 0.048760026693344116.
LOCAL_RANK: 0 - CUDA_VISIBLE_DEVICES: [0]
[I 2023-11-30 08:02:13,454] Trial 7 finished with value: 0.14675435423851013 and parameters: {'gradient_clip_val': 0.18342024111648886, 'hidden_size': 11, 'dropout': 0.11879470779275161, 'hidden_continuous_size': 11, 'attention_head_size': 3, 'learning_rate': 0.029493789603531426}. Best is trial 1 with value: 0.048760026693344116.
LOCAL_RANK: 0 - CUDA_VISIBLE_DEVICES: [0]
[I 2023-11-30 08:02:28,341] Trial 8 finished with value: 0.0499294213950634 and parameters: {'gradient_clip_val': 0.6679821750211251, 'hidden_size': 135, 'dropout': 0.32653396522794254, 'hidden_continuous_size': 123, 'attention_head_size': 4, 'learning_rate': 0.08849982290574633}. Best is trial 1 with value: 0.048760026693344116.
LOCAL_RANK: 0 - CUDA_VISIBLE_DEVICES: [0]
[I 2023-11-30 08:02:40,527] Trial 9 finished with value: 0.4694760739803314 and parameters: {'gradient_clip_val': 0.6477716251383243, 'hidden_size': 17, 'dropout': 0.3815344901905313, 'hidden_continuous_size': 13, 'attention_head_size': 1, 'learning_rate': 0.007551891959459183}. Best is trial 1 with value: 0.048760026693344116.
LOCAL_RANK: 0 - CUDA_VISIBLE_DEVICES: [0]
[I 2023-11-30 08:02:52,561] Trial 10 finished with value: 0.04322930797934532 and parameters: {'gradient_clip_val': 0.27401218734415567, 'hidden_size': 24, 'dropout': 0.20185279390257385, 'hidden_continuous_size': 10, 'attention_head_size': 2, 'learning_rate': 0.09113676672945796}. Best is trial 10 with value: 0.04322930797934532.
LOCAL_RANK: 0 - CUDA_VISIBLE_DEVICES: [0]
[I 2023-11-30 08:03:04,728] Trial 11 finished with value: 0.08137158304452896 and parameters: {'gradient_clip_val': 0.2559507390467376, 'hidden_size': 25, 'dropout': 0.20954414967709833, 'hidden_continuous_size': 10, 'attention_head_size': 2, 'learning_rate': 0.09892231140926155}. Best is trial 10 with value: 0.04322930797934532.
LOCAL_RANK: 0 - CUDA_VISIBLE_DEVICES: [0]
[I 2023-11-30 08:03:17,068] Trial 12 finished with value: 0.07832499593496323 and parameters: {'gradient_clip_val': 0.265161162517739, 'hidden_size': 25, 'dropout': 0.20308690531843646, 'hidden_continuous_size': 10, 'attention_head_size': 2, 'learning_rate': 0.05678235355752096}. Best is trial 10 with value: 0.04322930797934532.
LOCAL_RANK: 0 - CUDA_VISIBLE_DEVICES: [0]
[I 2023-11-30 08:03:29,188] Trial 13 finished with value: 0.05945805087685585 and parameters: {'gradient_clip_val': 0.26046553426578734, 'hidden_size': 25, 'dropout': 0.20982229747986036, 'hidden_continuous_size': 10, 'attention_head_size': 1, 'learning_rate': 0.044804117830378014}. Best is trial 10 with value: 0.04322930797934532.
LOCAL_RANK: 0 - CUDA_VISIBLE_DEVICES: [0]
[I 2023-11-30 08:03:42,603] Trial 14 finished with value: 0.06363100558519363 and parameters: {'gradient_clip_val': 0.1874709958837038, 'hidden_size': 65, 'dropout': 0.31450076396032767, 'hidden_continuous_size': 20, 'attention_head_size': 3, 'learning_rate': 0.04625007305484641}. Best is trial 10 with value: 0.04322930797934532.
LOCAL_RANK: 0 - CUDA_VISIBLE_DEVICES: [0]
[I 2023-11-30 08:03:55,331] Trial 15 finished with value: 0.05165279284119606 and parameters: {'gradient_clip_val': 0.3089890969489379, 'hidden_size': 33, 'dropout': 0.1574427057933342, 'hidden_continuous_size': 20, 'attention_head_size': 2, 'learning_rate': 0.08811969689573129}. Best is trial 10 with value: 0.04322930797934532.
LOCAL_RANK: 0 - CUDA_VISIBLE_DEVICES: [0]
[I 2023-11-30 08:04:07,652] Trial 16 finished with value: 0.06800207495689392 and parameters: {'gradient_clip_val': 0.19996031326319058, 'hidden_size': 18, 'dropout': 0.26187049782929767, 'hidden_continuous_size': 11, 'attention_head_size': 3, 'learning_rate': 0.051675673523164864}. Best is trial 10 with value: 0.04322930797934532.
LOCAL_RANK: 0 - CUDA_VISIBLE_DEVICES: [0]
[I 2023-11-30 08:04:20,264] Trial 17 finished with value: 0.061367955058813095 and parameters: {'gradient_clip_val': 0.11634546760607338, 'hidden_size': 31, 'dropout': 0.22266082655346797, 'hidden_continuous_size': 14, 'attention_head_size': 1, 'learning_rate': 0.027935997215090297}. Best is trial 10 with value: 0.04322930797934532.
LOCAL_RANK: 0 - CUDA_VISIBLE_DEVICES: [0]
[I 2023-11-30 08:04:33,054] Trial 18 finished with value: 0.06233064457774162 and parameters: {'gradient_clip_val': 0.3494680538234943, 'hidden_size': 48, 'dropout': 0.17565072856888123, 'hidden_continuous_size': 17, 'attention_head_size': 2, 'learning_rate': 0.09704175605775713}. Best is trial 10 with value: 0.04322930797934532.
LOCAL_RANK: 0 - CUDA_VISIBLE_DEVICES: [0]
[I 2023-11-30 08:04:43,458] Trial 19 finished with value: 0.156813845038414 and parameters: {'gradient_clip_val': 0.13811881709152457, 'hidden_size': 10, 'dropout': 0.24782816936023772, 'hidden_continuous_size': 10, 'attention_head_size': 3, 'learning_rate': 0.05685247631592318}. Best is trial 10 with value: 0.04322930797934532.
LOCAL_RANK: 0 - CUDA_VISIBLE_DEVICES: [0]
[I 2023-11-30 08:04:55,545] Trial 20 finished with value: 0.09316631406545639 and parameters: {'gradient_clip_val': 0.22552544344193984, 'hidden_size': 18, 'dropout': 0.28665138151489533, 'hidden_continuous_size': 11, 'attention_head_size': 1, 'learning_rate': 0.04120610123909312}. Best is trial 10 with value: 0.04322930797934532.
LOCAL_RANK: 0 - CUDA_VISIBLE_DEVICES: [0]
[I 2023-11-30 08:05:10,142] Trial 21 finished with value: 0.04906715825200081 and parameters: {'gradient_clip_val': 0.31762986119170034, 'hidden_size': 150, 'dropout': 0.3228638416734253, 'hidden_continuous_size': 64, 'attention_head_size': 4, 'learning_rate': 0.07109617282854802}. Best is trial 10 with value: 0.04322930797934532.
LOCAL_RANK: 0 - CUDA_VISIBLE_DEVICES: [0]
[I 2023-11-30 08:05:24,525] Trial 22 finished with value: 0.08043114095926285 and parameters: {'gradient_clip_val': 0.28858792878369954, 'hidden_size': 134, 'dropout': 0.31609840803482997, 'hidden_continuous_size': 48, 'attention_head_size': 2, 'learning_rate': 0.06860516798685887}. Best is trial 10 with value: 0.04322930797934532.
LOCAL_RANK: 0 - CUDA_VISIBLE_DEVICES: [0]
[I 2023-11-30 08:05:38,488] Trial 23 finished with value: 0.06362307071685791 and parameters: {'gradient_clip_val': 0.22588017196442692, 'hidden_size': 92, 'dropout': 0.23639320686110932, 'hidden_continuous_size': 51, 'attention_head_size': 4, 'learning_rate': 0.07273241418449682}. Best is trial 10 with value: 0.04322930797934532.
LOCAL_RANK: 0 - CUDA_VISIBLE_DEVICES: [0]
[I 2023-11-30 08:05:53,167] Trial 24 finished with value: 0.0679265633225441 and parameters: {'gradient_clip_val': 0.33260576584269885, 'hidden_size': 143, 'dropout': 0.28763986876700026, 'hidden_continuous_size': 65, 'attention_head_size': 3, 'learning_rate': 0.06495791690290656}. Best is trial 10 with value: 0.04322930797934532.
LOCAL_RANK: 0 - CUDA_VISIBLE_DEVICES: [0]
[I 2023-11-30 08:06:06,947] Trial 25 finished with value: 0.07456719875335693 and parameters: {'gradient_clip_val': 0.22932209497819356, 'hidden_size': 105, 'dropout': 0.3319705970999483, 'hidden_continuous_size': 25, 'attention_head_size': 2, 'learning_rate': 0.0998556521413471}. Best is trial 10 with value: 0.04322930797934532.
LOCAL_RANK: 0 - CUDA_VISIBLE_DEVICES: [0]
[I 2023-11-30 08:06:20,452] Trial 26 finished with value: 0.06116624176502228 and parameters: {'gradient_clip_val': 0.3144923223304779, 'hidden_size': 66, 'dropout': 0.2635370242282757, 'hidden_continuous_size': 18, 'attention_head_size': 3, 'learning_rate': 0.03911134627389283}. Best is trial 10 with value: 0.04322930797934532.
LOCAL_RANK: 0 - CUDA_VISIBLE_DEVICES: [0]
