[I 2023-11-30 15:01:57,742] Trial 80 finished with value: 0.11199849843978882 and parameters: {'gradient_clip_val': 0.27343196969092365, 'hidden_size': 79, 'dropout': 0.3898020134814697, 'hidden_continuous_size': 49, 'attention_head_size': 2, 'learning_rate': 0.021638784958068372}. Best is trial 42 with value: 0.0820198506116867.
LOCAL_RANK: 0 - CUDA_VISIBLE_DEVICES: [0]
[I 2023-11-30 15:02:12,775] Trial 81 finished with value: 0.13873516023159027 and parameters: {'gradient_clip_val': 0.5239412131178411, 'hidden_size': 101, 'dropout': 0.37108908842867194, 'hidden_continuous_size': 58, 'attention_head_size': 4, 'learning_rate': 0.03729353284051482}. Best is trial 42 with value: 0.0820198506116867.
LOCAL_RANK: 0 - CUDA_VISIBLE_DEVICES: [0]
[I 2023-11-30 15:02:27,621] Trial 82 finished with value: 0.17878764867782593 and parameters: {'gradient_clip_val': 0.8444519789499346, 'hidden_size': 94, 'dropout': 0.3765000723842636, 'hidden_continuous_size': 53, 'attention_head_size': 4, 'learning_rate': 0.03383174184341969}. Best is trial 42 with value: 0.0820198506116867.
LOCAL_RANK: 0 - CUDA_VISIBLE_DEVICES: [0]
[I 2023-11-30 15:02:42,430] Trial 83 finished with value: 0.18331097066402435 and parameters: {'gradient_clip_val': 0.616852041473781, 'hidden_size': 86, 'dropout': 0.36119550635905806, 'hidden_continuous_size': 45, 'attention_head_size': 4, 'learning_rate': 0.027384111222592024}. Best is trial 42 with value: 0.0820198506116867.
LOCAL_RANK: 0 - CUDA_VISIBLE_DEVICES: [0]
[I 2023-11-30 15:02:57,397] Trial 84 finished with value: 0.20025740563869476 and parameters: {'gradient_clip_val': 0.7728828039992895, 'hidden_size': 104, 'dropout': 0.3930863803360703, 'hidden_continuous_size': 61, 'attention_head_size': 4, 'learning_rate': 0.046787675103495574}. Best is trial 42 with value: 0.0820198506116867.
LOCAL_RANK: 0 - CUDA_VISIBLE_DEVICES: [0]
[I 2023-11-30 15:03:13,030] Trial 85 finished with value: 0.16803394258022308 and parameters: {'gradient_clip_val': 0.9452957731278339, 'hidden_size': 90, 'dropout': 0.39930064991643305, 'hidden_continuous_size': 52, 'attention_head_size': 4, 'learning_rate': 0.039056625369198746}. Best is trial 42 with value: 0.0820198506116867.
LOCAL_RANK: 0 - CUDA_VISIBLE_DEVICES: [0]
[I 2023-11-30 15:03:27,484] Trial 86 finished with value: 0.1445852667093277 and parameters: {'gradient_clip_val': 0.7210096733430073, 'hidden_size': 73, 'dropout': 0.34759503577846346, 'hidden_continuous_size': 48, 'attention_head_size': 4, 'learning_rate': 0.05362227048378055}. Best is trial 42 with value: 0.0820198506116867.
LOCAL_RANK: 0 - CUDA_VISIBLE_DEVICES: [0]
[I 2023-11-30 15:03:41,591] Trial 87 finished with value: 0.16158731281757355 and parameters: {'gradient_clip_val': 0.5718847523720665, 'hidden_size': 80, 'dropout': 0.3778742878708329, 'hidden_continuous_size': 39, 'attention_head_size': 4, 'learning_rate': 0.031013363241466252}. Best is trial 42 with value: 0.0820198506116867.
LOCAL_RANK: 0 - CUDA_VISIBLE_DEVICES: [0]
[I 2023-11-30 15:03:56,866] Trial 88 finished with value: 0.18979771435260773 and parameters: {'gradient_clip_val': 0.6535398396367086, 'hidden_size': 114, 'dropout': 0.11147495670061404, 'hidden_continuous_size': 64, 'attention_head_size': 4, 'learning_rate': 0.04273625024303601}. Best is trial 42 with value: 0.0820198506116867.
LOCAL_RANK: 0 - CUDA_VISIBLE_DEVICES: [0]
[I 2023-11-30 15:04:11,710] Trial 89 finished with value: 0.3279222548007965 and parameters: {'gradient_clip_val': 0.43692789499271745, 'hidden_size': 127, 'dropout': 0.3658773707737644, 'hidden_continuous_size': 13, 'attention_head_size': 1, 'learning_rate': 0.023149556485877913}. Best is trial 42 with value: 0.0820198506116867.
LOCAL_RANK: 0 - CUDA_VISIBLE_DEVICES: [0]
[I 2023-11-30 15:04:26,583] Trial 90 finished with value: 0.14214153587818146 and parameters: {'gradient_clip_val': 0.8252037630289051, 'hidden_size': 94, 'dropout': 0.3268863864365321, 'hidden_continuous_size': 34, 'attention_head_size': 3, 'learning_rate': 0.06069700379616596}. Best is trial 42 with value: 0.0820198506116867.
LOCAL_RANK: 0 - CUDA_VISIBLE_DEVICES: [0]
[I 2023-11-30 15:04:40,730] Trial 91 finished with value: 0.09459351748228073 and parameters: {'gradient_clip_val': 0.9922711993756975, 'hidden_size': 67, 'dropout': 0.23066565876061335, 'hidden_continuous_size': 37, 'attention_head_size': 4, 'learning_rate': 0.06748693434703892}. Best is trial 42 with value: 0.0820198506116867.
LOCAL_RANK: 0 - CUDA_VISIBLE_DEVICES: [0]
[I 2023-11-30 15:04:55,303] Trial 92 finished with value: 0.16779720783233643 and parameters: {'gradient_clip_val': 0.8694808797821125, 'hidden_size': 69, 'dropout': 0.19593681449645217, 'hidden_continuous_size': 41, 'attention_head_size': 4, 'learning_rate': 0.06995774959173184}. Best is trial 42 with value: 0.0820198506116867.
LOCAL_RANK: 0 - CUDA_VISIBLE_DEVICES: [0]
[I 2023-11-30 15:05:09,563] Trial 93 finished with value: 0.14015235006809235 and parameters: {'gradient_clip_val': 0.9729315722487503, 'hidden_size': 64, 'dropout': 0.25202094793471, 'hidden_continuous_size': 44, 'attention_head_size': 4, 'learning_rate': 0.09207447812549367}. Best is trial 42 with value: 0.0820198506116867.
LOCAL_RANK: 0 - CUDA_VISIBLE_DEVICES: [0]
[I 2023-11-30 15:05:24,178] Trial 94 finished with value: 0.24388469755649567 and parameters: {'gradient_clip_val': 0.9209943572094641, 'hidden_size': 82, 'dropout': 0.18049127796228032, 'hidden_continuous_size': 37, 'attention_head_size': 4, 'learning_rate': 0.05355640127974914}. Best is trial 42 with value: 0.0820198506116867.
LOCAL_RANK: 0 - CUDA_VISIBLE_DEVICES: [0]
[I 2023-11-30 15:05:38,898] Trial 95 finished with value: 0.15112972259521484 and parameters: {'gradient_clip_val': 0.7992448295009841, 'hidden_size': 102, 'dropout': 0.15292343696223135, 'hidden_continuous_size': 38, 'attention_head_size': 2, 'learning_rate': 0.04939831239746782}. Best is trial 42 with value: 0.0820198506116867.
LOCAL_RANK: 0 - CUDA_VISIBLE_DEVICES: [0]
[I 2023-11-30 15:05:53,926] Trial 96 finished with value: 0.12243777513504028 and parameters: {'gradient_clip_val': 0.745503584868881, 'hidden_size': 75, 'dropout': 0.21623644195651442, 'hidden_continuous_size': 45, 'attention_head_size': 4, 'learning_rate': 0.037167444599385396}. Best is trial 42 with value: 0.0820198506116867.
LOCAL_RANK: 0 - CUDA_VISIBLE_DEVICES: [0]
[I 2023-11-30 15:06:09,004] Trial 97 finished with value: 0.11244300752878189 and parameters: {'gradient_clip_val': 0.9944658411293328, 'hidden_size': 88, 'dropout': 0.38381886778870355, 'hidden_continuous_size': 40, 'attention_head_size': 4, 'learning_rate': 0.06028523240820982}. Best is trial 42 with value: 0.0820198506116867.
LOCAL_RANK: 0 - CUDA_VISIBLE_DEVICES: [0]
[I 2023-11-30 15:06:23,516] Trial 98 finished with value: 0.13212506473064423 and parameters: {'gradient_clip_val': 0.6934752603288177, 'hidden_size': 68, 'dropout': 0.35353448880529953, 'hidden_continuous_size': 51, 'attention_head_size': 4, 'learning_rate': 0.02627605948862197}. Best is trial 42 with value: 0.0820198506116867.
LOCAL_RANK: 0 - CUDA_VISIBLE_DEVICES: [0]
[I 2023-11-30 15:06:37,968] Trial 99 finished with value: 0.11125814914703369 and parameters: {'gradient_clip_val': 0.8974557155828617, 'hidden_size': 94, 'dropout': 0.26152965606431217, 'hidden_continuous_size': 35, 'attention_head_size': 4, 'learning_rate': 0.041591932334304416}. Best is trial 42 with value: 0.0820198506116867.
LOCAL_RANK: 0 - CUDA_VISIBLE_DEVICES: [0]
[I 2023-11-30 15:06:52,299] Trial 100 finished with value: 0.23063580691814423 and parameters: {'gradient_clip_val': 0.8484884129946836, 'hidden_size': 73, 'dropout': 0.2443467770044828, 'hidden_continuous_size': 31, 'attention_head_size': 4, 'learning_rate': 0.04613273817119374}. Best is trial 42 with value: 0.0820198506116867.
LOCAL_RANK: 0 - CUDA_VISIBLE_DEVICES: [0]
[I 2023-11-30 15:07:06,606] Trial 101 finished with value: 0.19006027281284332 and parameters: {'gradient_clip_val': 0.9995117136816326, 'hidden_size': 82, 'dropout': 0.23295828912679575, 'hidden_continuous_size': 38, 'attention_head_size': 4, 'learning_rate': 0.06620623135068668}. Best is trial 42 with value: 0.0820198506116867.
LOCAL_RANK: 0 - CUDA_VISIBLE_DEVICES: [0]
[I 2023-11-30 15:07:20,779] Trial 102 finished with value: 0.13710206747055054 and parameters: {'gradient_clip_val': 0.9389546620350913, 'hidden_size': 71, 'dropout': 0.23729763103507237, 'hidden_continuous_size': 36, 'attention_head_size': 4, 'learning_rate': 0.07282969919116802}. Best is trial 42 with value: 0.0820198506116867.
LOCAL_RANK: 0 - CUDA_VISIBLE_DEVICES: [0]
[I 2023-11-30 15:07:35,162] Trial 103 finished with value: 0.1438467651605606 and parameters: {'gradient_clip_val': 0.881010955575844, 'hidden_size': 76, 'dropout': 0.27837233452237115, 'hidden_continuous_size': 30, 'attention_head_size': 4, 'learning_rate': 0.08551561886271916}. Best is trial 42 with value: 0.0820198506116867.
LOCAL_RANK: 0 - CUDA_VISIBLE_DEVICES: [0]
[I 2023-11-30 15:07:49,436] Trial 104 finished with value: 0.13750694692134857 and parameters: {'gradient_clip_val': 0.8102108195982759, 'hidden_size': 62, 'dropout': 0.2301012130093907, 'hidden_continuous_size': 41, 'attention_head_size': 4, 'learning_rate': 0.05588814102673832}. Best is trial 42 with value: 0.0820198506116867.
LOCAL_RANK: 0 - CUDA_VISIBLE_DEVICES: [0]
[I 2023-11-30 15:08:04,178] Trial 105 finished with value: 0.11115596443414688 and parameters: {'gradient_clip_val': 0.766724581509391, 'hidden_size': 67, 'dropout': 0.21423411958933639, 'hidden_continuous_size': 47, 'attention_head_size': 4, 'learning_rate': 0.06340917777030824}. Best is trial 42 with value: 0.0820198506116867.
LOCAL_RANK: 0 - CUDA_VISIBLE_DEVICES: [0]
[I 2023-11-30 15:08:18,914] Trial 106 finished with value: 0.12133734673261642 and parameters: {'gradient_clip_val': 0.9473842203504376, 'hidden_size': 86, 'dropout': 0.24327144325373695, 'hidden_continuous_size': 44, 'attention_head_size': 4, 'learning_rate': 0.03183090548860133}. Best is trial 42 with value: 0.0820198506116867.
LOCAL_RANK: 0 - CUDA_VISIBLE_DEVICES: [0]
[I 2023-11-30 15:08:32,890] Trial 107 finished with value: 0.18600094318389893 and parameters: {'gradient_clip_val': 0.8892414201805954, 'hidden_size': 108, 'dropout': 0.3733058759546106, 'hidden_continuous_size': 33, 'attention_head_size': 4, 'learning_rate': 0.08002113336151848}. Best is trial 42 with value: 0.0820198506116867.
LOCAL_RANK: 0 - CUDA_VISIBLE_DEVICES: [0]
[I 2023-11-30 15:08:47,121] Trial 108 finished with value: 0.14937815070152283 and parameters: {'gradient_clip_val': 0.38003530615366465, 'hidden_size': 121, 'dropout': 0.2563325470332287, 'hidden_continuous_size': 24, 'attention_head_size': 3, 'learning_rate': 0.04949912326324057}. Best is trial 42 with value: 0.0820198506116867.
LOCAL_RANK: 0 - CUDA_VISIBLE_DEVICES: [0]
[I 2023-11-30 15:09:01,051] Trial 109 finished with value: 0.1066652312874794 and parameters: {'gradient_clip_val': 0.9628719549356224, 'hidden_size': 79, 'dropout': 0.2237459230149534, 'hidden_continuous_size': 49, 'attention_head_size': 2, 'learning_rate': 0.07254896505558392}. Best is trial 42 with value: 0.0820198506116867.
LOCAL_RANK: 0 - CUDA_VISIBLE_DEVICES: [0]
[I 2023-11-30 15:09:14,982] Trial 110 finished with value: 0.09793943911790848 and parameters: {'gradient_clip_val': 0.7429845329890099, 'hidden_size': 97, 'dropout': 0.3868813444233279, 'hidden_continuous_size': 50, 'attention_head_size': 2, 'learning_rate': 0.03490506553355887}. Best is trial 42 with value: 0.0820198506116867.
LOCAL_RANK: 0 - CUDA_VISIBLE_DEVICES: [0]
[I 2023-11-30 15:09:28,792] Trial 111 finished with value: 0.18275131285190582 and parameters: {'gradient_clip_val': 0.7341642342982929, 'hidden_size': 97, 'dropout': 0.3878366182823178, 'hidden_continuous_size': 48, 'attention_head_size': 2, 'learning_rate': 0.09939956305471394}. Best is trial 42 with value: 0.0820198506116867.
LOCAL_RANK: 0 - CUDA_VISIBLE_DEVICES: [0]
[I 2023-11-30 15:09:42,471] Trial 112 finished with value: 0.19684278964996338 and parameters: {'gradient_clip_val': 0.6692658068650984, 'hidden_size': 79, 'dropout': 0.3915497930782587, 'hidden_continuous_size': 50, 'attention_head_size': 1, 'learning_rate': 0.0356348796296457}. Best is trial 42 with value: 0.0820198506116867.
LOCAL_RANK: 0 - CUDA_VISIBLE_DEVICES: [0]
[I 2023-11-30 15:09:56,599] Trial 113 finished with value: 0.12260297685861588 and parameters: {'gradient_clip_val': 0.8224542672560214, 'hidden_size': 92, 'dropout': 0.3807632637867658, 'hidden_continuous_size': 52, 'attention_head_size': 2, 'learning_rate': 0.029891728822160187}. Best is trial 42 with value: 0.0820198506116867.
LOCAL_RANK: 0 - CUDA_VISIBLE_DEVICES: [0]
[I 2023-11-30 15:10:10,517] Trial 114 finished with value: 0.1516505777835846 and parameters: {'gradient_clip_val': 0.705541778409377, 'hidden_size': 85, 'dropout': 0.3999053922089224, 'hidden_continuous_size': 46, 'attention_head_size': 2, 'learning_rate': 0.04005127251596419}. Best is trial 42 with value: 0.0820198506116867.
LOCAL_RANK: 0 - CUDA_VISIBLE_DEVICES: [0]
[I 2023-11-30 15:10:24,562] Trial 115 finished with value: 0.1273815631866455 and parameters: {'gradient_clip_val': 0.7893009860787834, 'hidden_size': 109, 'dropout': 0.3649294820065026, 'hidden_continuous_size': 55, 'attention_head_size': 2, 'learning_rate': 0.027041111759400206}. Best is trial 42 with value: 0.0820198506116867.
LOCAL_RANK: 0 - CUDA_VISIBLE_DEVICES: [0]
[I 2023-11-30 15:10:38,740] Trial 116 finished with value: 0.17902225255966187 and parameters: {'gradient_clip_val': 0.855596931643402, 'hidden_size': 99, 'dropout': 0.22322602567552802, 'hidden_continuous_size': 42, 'attention_head_size': 1, 'learning_rate': 0.034457607738832476}. Best is trial 42 with value: 0.0820198506116867.
LOCAL_RANK: 0 - CUDA_VISIBLE_DEVICES: [0]
[I 2023-11-30 15:10:52,136] Trial 117 finished with value: 0.21642298996448517 and parameters: {'gradient_clip_val': 0.23989684822570864, 'hidden_size': 103, 'dropout': 0.3580914855331373, 'hidden_continuous_size': 10, 'attention_head_size': 2, 'learning_rate': 0.04483853441121096}. Best is trial 42 with value: 0.0820198506116867.
LOCAL_RANK: 0 - CUDA_VISIBLE_DEVICES: [0]
[I 2023-11-30 15:11:06,101] Trial 118 finished with value: 0.1115838885307312 and parameters: {'gradient_clip_val': 0.6268011539393933, 'hidden_size': 89, 'dropout': 0.3729317410038043, 'hidden_continuous_size': 44, 'attention_head_size': 1, 'learning_rate': 0.07053093217918867}. Best is trial 42 with value: 0.0820198506116867.
LOCAL_RANK: 0 - CUDA_VISIBLE_DEVICES: [0]
[I 2023-11-30 15:11:19,920] Trial 119 finished with value: 0.11740878969430923 and parameters: {'gradient_clip_val': 0.7600998440428107, 'hidden_size': 78, 'dropout': 0.34204980586659245, 'hidden_continuous_size': 49, 'attention_head_size': 2, 'learning_rate': 0.028967695991036716}. Best is trial 42 with value: 0.0820198506116867.
LOCAL_RANK: 0 - CUDA_VISIBLE_DEVICES: [0]
[I 2023-11-30 15:11:33,400] Trial 120 finished with value: 0.13826417922973633 and parameters: {'gradient_clip_val': 0.9261394045046745, 'hidden_size': 59, 'dropout': 0.3013997204639346, 'hidden_continuous_size': 26, 'attention_head_size': 3, 'learning_rate': 0.07851772048705831}. Best is trial 42 with value: 0.0820198506116867.
LOCAL_RANK: 0 - CUDA_VISIBLE_DEVICES: [0]
[I 2023-11-30 15:11:47,147] Trial 121 finished with value: 0.1342974305152893 and parameters: {'gradient_clip_val': 0.971824078292617, 'hidden_size': 70, 'dropout': 0.20738314929397988, 'hidden_continuous_size': 39, 'attention_head_size': 4, 'learning_rate': 0.05579723841903826}. Best is trial 42 with value: 0.0820198506116867.
LOCAL_RANK: 0 - CUDA_VISIBLE_DEVICES: [0]
[I 2023-11-30 15:12:00,736] Trial 122 finished with value: 0.10873023420572281 and parameters: {'gradient_clip_val': 0.904695144561123, 'hidden_size': 55, 'dropout': 0.24645803795430954, 'hidden_continuous_size': 37, 'attention_head_size': 4, 'learning_rate': 0.06514086259828868}. Best is trial 42 with value: 0.0820198506116867.
LOCAL_RANK: 0 - CUDA_VISIBLE_DEVICES: [0]
[I 2023-11-30 15:12:13,939] Trial 123 finished with value: 0.14950479567050934 and parameters: {'gradient_clip_val': 0.8856489692759205, 'hidden_size': 54, 'dropout': 0.24540757424742368, 'hidden_continuous_size': 19, 'attention_head_size': 3, 'learning_rate': 0.06274233936887544}. Best is trial 42 with value: 0.0820198506116867.
LOCAL_RANK: 0 - CUDA_VISIBLE_DEVICES: [0]
[I 2023-11-30 15:12:27,825] Trial 124 finished with value: 0.1075420081615448 and parameters: {'gradient_clip_val': 0.8256411166256376, 'hidden_size': 65, 'dropout': 0.2650991390337922, 'hidden_continuous_size': 41, 'attention_head_size': 4, 'learning_rate': 0.03949173014335411}. Best is trial 42 with value: 0.0820198506116867.
LOCAL_RANK: 0 - CUDA_VISIBLE_DEVICES: [0]
[I 2023-11-30 15:12:41,640] Trial 125 finished with value: 0.14431534707546234 and parameters: {'gradient_clip_val': 0.8464768870611638, 'hidden_size': 83, 'dropout': 0.22938109914500776, 'hidden_continuous_size': 43, 'attention_head_size': 2, 'learning_rate': 0.04004611221612671}. Best is trial 42 with value: 0.0820198506116867.
LOCAL_RANK: 0 - CUDA_VISIBLE_DEVICES: [0]
[I 2023-11-30 15:12:55,217] Trial 126 finished with value: 0.13755641877651215 and parameters: {'gradient_clip_val': 0.4587384202475317, 'hidden_size': 64, 'dropout': 0.26362093654576085, 'hidden_continuous_size': 41, 'attention_head_size': 4, 'learning_rate': 0.03618651770400878}. Best is trial 42 with value: 0.0820198506116867.
LOCAL_RANK: 0 - CUDA_VISIBLE_DEVICES: [0]
[I 2023-11-30 15:13:08,921] Trial 127 finished with value: 0.12130414694547653 and parameters: {'gradient_clip_val': 0.5943819234660421, 'hidden_size': 92, 'dropout': 0.2731402271711245, 'hidden_continuous_size': 29, 'attention_head_size': 4, 'learning_rate': 0.032281155653243514}. Best is trial 42 with value: 0.0820198506116867.
LOCAL_RANK: 0 - CUDA_VISIBLE_DEVICES: [0]
[I 2023-11-30 15:13:22,739] Trial 128 finished with value: 0.14884842932224274 and parameters: {'gradient_clip_val': 0.7306177088646747, 'hidden_size': 75, 'dropout': 0.3828681386417393, 'hidden_continuous_size': 46, 'attention_head_size': 3, 'learning_rate': 0.02253079836312833}. Best is trial 42 with value: 0.0820198506116867.
LOCAL_RANK: 0 - CUDA_VISIBLE_DEVICES: [0]
[I 2023-11-30 15:13:37,164] Trial 129 finished with value: 0.1757005900144577 and parameters: {'gradient_clip_val': 0.1510528842494927, 'hidden_size': 116, 'dropout': 0.29138618509132846, 'hidden_continuous_size': 57, 'attention_head_size': 4, 'learning_rate': 0.05024015330236557}. Best is trial 42 with value: 0.0820198506116867.
LOCAL_RANK: 0 - CUDA_VISIBLE_DEVICES: [0]
[I 2023-11-30 15:13:51,078] Trial 130 finished with value: 0.19119352102279663 and parameters: {'gradient_clip_val': 0.7917835639586724, 'hidden_size': 80, 'dropout': 0.16230703983052155, 'hidden_continuous_size': 54, 'attention_head_size': 4, 'learning_rate': 0.018851173544440925}. Best is trial 42 with value: 0.0820198506116867.
LOCAL_RANK: 0 - CUDA_VISIBLE_DEVICES: [0]
[I 2023-11-30 15:14:04,771] Trial 131 finished with value: 0.1312696784734726 and parameters: {'gradient_clip_val': 0.9165812139153351, 'hidden_size': 62, 'dropout': 0.2469084899304246, 'hidden_continuous_size': 38, 'attention_head_size': 4, 'learning_rate': 0.07227758791849945}. Best is trial 42 with value: 0.0820198506116867.
LOCAL_RANK: 0 - CUDA_VISIBLE_DEVICES: [0]
[I 2023-11-30 15:14:18,452] Trial 132 finished with value: 0.13674183189868927 and parameters: {'gradient_clip_val': 0.819729449978844, 'hidden_size': 68, 'dropout': 0.25262547027084725, 'hidden_continuous_size': 36, 'attention_head_size': 4, 'learning_rate': 0.0424310607651716}. Best is trial 42 with value: 0.0820198506116867.
LOCAL_RANK: 0 - CUDA_VISIBLE_DEVICES: [0]
[I 2023-11-30 15:14:32,000] Trial 133 finished with value: 0.16023963689804077 and parameters: {'gradient_clip_val': 0.34088276176897286, 'hidden_size': 55, 'dropout': 0.3892160899792532, 'hidden_continuous_size': 41, 'attention_head_size': 4, 'learning_rate': 0.04614925995799089}. Best is trial 42 with value: 0.0820198506116867.
LOCAL_RANK: 0 - CUDA_VISIBLE_DEVICES: [0]
[I 2023-11-30 15:14:45,833] Trial 134 finished with value: 0.09996837377548218 and parameters: {'gradient_clip_val': 0.10467331577157105, 'hidden_size': 75, 'dropout': 0.27904498719803206, 'hidden_continuous_size': 35, 'attention_head_size': 4, 'learning_rate': 0.024977609359856687}. Best is trial 42 with value: 0.0820198506116867.
LOCAL_RANK: 0 - CUDA_VISIBLE_DEVICES: [0]
[I 2023-11-30 15:14:59,829] Trial 135 finished with value: 0.21382594108581543 and parameters: {'gradient_clip_val': 0.1025113570761221, 'hidden_size': 87, 'dropout': 0.265361452863135, 'hidden_continuous_size': 35, 'attention_head_size': 4, 'learning_rate': 0.025211964980528325}. Best is trial 42 with value: 0.0820198506116867.
LOCAL_RANK: 0 - CUDA_VISIBLE_DEVICES: [0]
[I 2023-11-30 15:15:14,410] Trial 136 finished with value: 0.13971328735351562 and parameters: {'gradient_clip_val': 0.3063989130385279, 'hidden_size': 73, 'dropout': 0.2821622426227343, 'hidden_continuous_size': 50, 'attention_head_size': 4, 'learning_rate': 0.032284722005216655}. Best is trial 42 with value: 0.0820198506116867.
LOCAL_RANK: 0 - CUDA_VISIBLE_DEVICES: [0]
[I 2023-11-30 15:15:29,378] Trial 137 finished with value: 0.12007323652505875 and parameters: {'gradient_clip_val': 0.6836901135901545, 'hidden_size': 96, 'dropout': 0.2758391032606783, 'hidden_continuous_size': 59, 'attention_head_size': 4, 'learning_rate': 0.02817986675024589}. Best is trial 42 with value: 0.0820198506116867.
LOCAL_RANK: 0 - CUDA_VISIBLE_DEVICES: [0]
