[I 2023-11-29 23:59:01,682] Trial 140 finished with value: 0.23269732296466827 and parameters: {'gradient_clip_val': 0.9886525203538908, 'hidden_size': 68, 'dropout': 0.19059294104429078, 'hidden_continuous_size': 57, 'attention_head_size': 1, 'learning_rate': 0.011628669869562534}. Best is trial 138 with value: 0.07249756902456284.
LOCAL_RANK: 0 - CUDA_VISIBLE_DEVICES: [0]
[I 2023-11-29 23:59:15,167] Trial 141 finished with value: 0.13400791585445404 and parameters: {'gradient_clip_val': 0.7383254253118967, 'hidden_size': 62, 'dropout': 0.17039430609698772, 'hidden_continuous_size': 52, 'attention_head_size': 1, 'learning_rate': 0.031992015254678645}. Best is trial 138 with value: 0.07249756902456284.
LOCAL_RANK: 0 - CUDA_VISIBLE_DEVICES: [0]
[I 2023-11-29 23:59:29,377] Trial 142 finished with value: 0.20538480579853058 and parameters: {'gradient_clip_val': 0.8499531828936626, 'hidden_size': 99, 'dropout': 0.16218555371002247, 'hidden_continuous_size': 67, 'attention_head_size': 1, 'learning_rate': 0.03667807896220588}. Best is trial 138 with value: 0.07249756902456284.
LOCAL_RANK: 0 - CUDA_VISIBLE_DEVICES: [0]
[I 2023-11-29 23:59:43,217] Trial 143 finished with value: 0.19525553286075592 and parameters: {'gradient_clip_val': 0.7820472667586811, 'hidden_size': 81, 'dropout': 0.17913863245502232, 'hidden_continuous_size': 64, 'attention_head_size': 1, 'learning_rate': 0.028362087240963}. Best is trial 138 with value: 0.07249756902456284.
LOCAL_RANK: 0 - CUDA_VISIBLE_DEVICES: [0]
[I 2023-11-29 23:59:56,606] Trial 144 finished with value: 0.12974895536899567 and parameters: {'gradient_clip_val': 0.6965033169013206, 'hidden_size': 57, 'dropout': 0.16536094417426125, 'hidden_continuous_size': 50, 'attention_head_size': 1, 'learning_rate': 0.04929373859746782}. Best is trial 138 with value: 0.07249756902456284.
LOCAL_RANK: 0 - CUDA_VISIBLE_DEVICES: [0]
[I 2023-11-30 00:00:10,225] Trial 145 finished with value: 0.11587369441986084 and parameters: {'gradient_clip_val': 0.5655135487685815, 'hidden_size': 88, 'dropout': 0.17251828416785975, 'hidden_continuous_size': 60, 'attention_head_size': 1, 'learning_rate': 0.04449147466954072}. Best is trial 138 with value: 0.07249756902456284.
LOCAL_RANK: 0 - CUDA_VISIBLE_DEVICES: [0]
[I 2023-11-30 00:00:24,458] Trial 146 finished with value: 0.20238757133483887 and parameters: {'gradient_clip_val': 0.5034295502810373, 'hidden_size': 94, 'dropout': 0.15519798796257936, 'hidden_continuous_size': 70, 'attention_head_size': 2, 'learning_rate': 0.03308010633328559}. Best is trial 138 with value: 0.07249756902456284.
LOCAL_RANK: 0 - CUDA_VISIBLE_DEVICES: [0]
[I 2023-11-30 00:00:38,684] Trial 147 finished with value: 0.14797891676425934 and parameters: {'gradient_clip_val': 0.6246345700746508, 'hidden_size': 100, 'dropout': 0.18696971736024354, 'hidden_continuous_size': 76, 'attention_head_size': 2, 'learning_rate': 0.021360615689225808}. Best is trial 138 with value: 0.07249756902456284.
LOCAL_RANK: 0 - CUDA_VISIBLE_DEVICES: [0]
[I 2023-11-30 00:00:52,853] Trial 148 finished with value: 0.18455477058887482 and parameters: {'gradient_clip_val': 0.7322690637843745, 'hidden_size': 104, 'dropout': 0.20458196448235805, 'hidden_continuous_size': 82, 'attention_head_size': 1, 'learning_rate': 0.03849360133461276}. Best is trial 138 with value: 0.07249756902456284.
LOCAL_RANK: 0 - CUDA_VISIBLE_DEVICES: [0]
[I 2023-11-30 00:01:06,640] Trial 149 finished with value: 0.2013038545846939 and parameters: {'gradient_clip_val': 0.881056781404303, 'hidden_size': 77, 'dropout': 0.15932426303360217, 'hidden_continuous_size': 62, 'attention_head_size': 1, 'learning_rate': 0.05124277684035843}. Best is trial 138 with value: 0.07249756902456284.
[I 2023-11-30 00:01:06,752] A new study created in memory with name: no-name-40e685be-b3ee-4840-935b-e07afc97a035
/home/le004/conda/anaconda3/envs/tsff_env/lib/python3.9/site-packages/lightning/fabric/plugins/environments/slurm.py:191: The `srun` command is available on your system but is not used. HINT: If your intention is to run Lightning on SLURM, prepend your python command with `srun` like so: srun python /home/le004/master_thesis/git/TSFusionForecast/code/ ...
LOCAL_RANK: 0 - CUDA_VISIBLE_DEVICES: [0]
[I 2023-11-30 00:01:19,484] Trial 0 finished with value: 2.5179429054260254 and parameters: {'gradient_clip_val': 0.500556386926367, 'hidden_size': 37, 'dropout': 0.25987441473241735, 'hidden_continuous_size': 12, 'attention_head_size': 4, 'learning_rate': 0.0022022152424353374}. Best is trial 0 with value: 2.5179429054260254.
LOCAL_RANK: 0 - CUDA_VISIBLE_DEVICES: [0]
[I 2023-11-30 00:01:31,771] Trial 1 finished with value: 2.2466161251068115 and parameters: {'gradient_clip_val': 0.1127602684854146, 'hidden_size': 12, 'dropout': 0.12127982879815027, 'hidden_continuous_size': 11, 'attention_head_size': 3, 'learning_rate': 0.003947436776220227}. Best is trial 1 with value: 2.2466161251068115.
LOCAL_RANK: 0 - CUDA_VISIBLE_DEVICES: [0]
[I 2023-11-30 00:01:44,968] Trial 2 finished with value: 0.16551095247268677 and parameters: {'gradient_clip_val': 0.10384425410961544, 'hidden_size': 46, 'dropout': 0.28059699673944305, 'hidden_continuous_size': 32, 'attention_head_size': 3, 'learning_rate': 0.05980978912489115}. Best is trial 2 with value: 0.16551095247268677.
LOCAL_RANK: 0 - CUDA_VISIBLE_DEVICES: [0]
[I 2023-11-30 00:01:55,404] Trial 3 finished with value: 0.5156881213188171 and parameters: {'gradient_clip_val': 0.40853440698742827, 'hidden_size': 15, 'dropout': 0.1593017157241765, 'hidden_continuous_size': 15, 'attention_head_size': 4, 'learning_rate': 0.021871220616282157}. Best is trial 2 with value: 0.16551095247268677.
LOCAL_RANK: 0 - CUDA_VISIBLE_DEVICES: [0]
[I 2023-11-30 00:02:05,815] Trial 4 finished with value: 0.12414088100194931 and parameters: {'gradient_clip_val': 0.605848706358976, 'hidden_size': 22, 'dropout': 0.17378699757826205, 'hidden_continuous_size': 22, 'attention_head_size': 1, 'learning_rate': 0.06292594303918807}. Best is trial 4 with value: 0.12414088100194931.
LOCAL_RANK: 0 - CUDA_VISIBLE_DEVICES: [0]
[I 2023-11-30 00:02:18,134] Trial 5 finished with value: 4.377438068389893 and parameters: {'gradient_clip_val': 0.31854521102943917, 'hidden_size': 11, 'dropout': 0.3460974338161107, 'hidden_continuous_size': 10, 'attention_head_size': 4, 'learning_rate': 0.0034754197621198277}. Best is trial 4 with value: 0.12414088100194931.
LOCAL_RANK: 0 - CUDA_VISIBLE_DEVICES: [0]
[I 2023-11-30 00:02:31,076] Trial 6 finished with value: 3.6286213397979736 and parameters: {'gradient_clip_val': 0.24870355827824084, 'hidden_size': 43, 'dropout': 0.2869895566426024, 'hidden_continuous_size': 19, 'attention_head_size': 4, 'learning_rate': 0.0010317586223579118}. Best is trial 4 with value: 0.12414088100194931.
LOCAL_RANK: 0 - CUDA_VISIBLE_DEVICES: [0]
[I 2023-11-30 00:02:43,632] Trial 7 finished with value: 0.7203049659729004 and parameters: {'gradient_clip_val': 0.3527882010997426, 'hidden_size': 26, 'dropout': 0.3049582245905377, 'hidden_continuous_size': 11, 'attention_head_size': 2, 'learning_rate': 0.0060460499700100276}. Best is trial 4 with value: 0.12414088100194931.
LOCAL_RANK: 0 - CUDA_VISIBLE_DEVICES: [0]
[I 2023-11-30 00:02:57,669] Trial 8 finished with value: 0.2732647955417633 and parameters: {'gradient_clip_val': 0.9015252702814581, 'hidden_size': 132, 'dropout': 0.34453192219801565, 'hidden_continuous_size': 18, 'attention_head_size': 2, 'learning_rate': 0.004386656627110242}. Best is trial 4 with value: 0.12414088100194931.
LOCAL_RANK: 0 - CUDA_VISIBLE_DEVICES: [0]
[I 2023-11-30 00:03:10,600] Trial 9 finished with value: 0.1445394903421402 and parameters: {'gradient_clip_val': 0.11764757556081572, 'hidden_size': 52, 'dropout': 0.12405277833847891, 'hidden_continuous_size': 13, 'attention_head_size': 3, 'learning_rate': 0.04985624598074359}. Best is trial 4 with value: 0.12414088100194931.
LOCAL_RANK: 0 - CUDA_VISIBLE_DEVICES: [0]
[I 2023-11-30 00:03:22,519] Trial 10 finished with value: 0.4853472411632538 and parameters: {'gradient_clip_val': 0.9554366426889817, 'hidden_size': 20, 'dropout': 0.1987459549920392, 'hidden_continuous_size': 15, 'attention_head_size': 1, 'learning_rate': 0.015364352125806465}. Best is trial 4 with value: 0.12414088100194931.
LOCAL_RANK: 0 - CUDA_VISIBLE_DEVICES: [0]
[I 2023-11-30 00:03:36,157] Trial 11 finished with value: 0.2882417142391205 and parameters: {'gradient_clip_val': 0.17023313010520222, 'hidden_size': 68, 'dropout': 0.1099859657224115, 'hidden_continuous_size': 64, 'attention_head_size': 1, 'learning_rate': 0.0871550180182911}. Best is trial 4 with value: 0.12414088100194931.
LOCAL_RANK: 0 - CUDA_VISIBLE_DEVICES: [0]
[I 2023-11-30 00:03:48,614] Trial 12 finished with value: 0.19983208179473877 and parameters: {'gradient_clip_val': 0.19743230138820808, 'hidden_size': 21, 'dropout': 0.20126973517827962, 'hidden_continuous_size': 13, 'attention_head_size': 2, 'learning_rate': 0.038976712019181126}. Best is trial 4 with value: 0.12414088100194931.
LOCAL_RANK: 0 - CUDA_VISIBLE_DEVICES: [0]
[I 2023-11-30 00:04:01,220] Trial 13 finished with value: 0.24471670389175415 and parameters: {'gradient_clip_val': 0.5505781470546616, 'hidden_size': 30, 'dropout': 0.162965820394689, 'hidden_continuous_size': 14, 'attention_head_size': 3, 'learning_rate': 0.03591069126709037}. Best is trial 4 with value: 0.12414088100194931.
LOCAL_RANK: 0 - CUDA_VISIBLE_DEVICES: [0]
[I 2023-11-30 00:04:14,494] Trial 14 finished with value: 0.2587360143661499 and parameters: {'gradient_clip_val': 0.13932497533109192, 'hidden_size': 58, 'dropout': 0.1029243755502979, 'hidden_continuous_size': 26, 'attention_head_size': 1, 'learning_rate': 0.09798087076985726}. Best is trial 4 with value: 0.12414088100194931.
LOCAL_RANK: 0 - CUDA_VISIBLE_DEVICES: [0]
[I 2023-11-30 00:04:26,459] Trial 15 finished with value: 1.0581053495407104 and parameters: {'gradient_clip_val': 0.2399345470251653, 'hidden_size': 16, 'dropout': 0.21882462354122414, 'hidden_continuous_size': 10, 'attention_head_size': 2, 'learning_rate': 0.013116122921503423}. Best is trial 4 with value: 0.12414088100194931.
LOCAL_RANK: 0 - CUDA_VISIBLE_DEVICES: [0]
[I 2023-11-30 00:04:39,001] Trial 16 finished with value: 0.25209179520606995 and parameters: {'gradient_clip_val': 0.14368740848104775, 'hidden_size': 29, 'dropout': 0.15317197944950153, 'hidden_continuous_size': 13, 'attention_head_size': 3, 'learning_rate': 0.030284851279494224}. Best is trial 4 with value: 0.12414088100194931.
LOCAL_RANK: 0 - CUDA_VISIBLE_DEVICES: [0]
[I 2023-11-30 00:04:52,523] Trial 17 finished with value: 0.16766633093357086 and parameters: {'gradient_clip_val': 0.65469246365903, 'hidden_size': 77, 'dropout': 0.3947612177373055, 'hidden_continuous_size': 23, 'attention_head_size': 1, 'learning_rate': 0.05579739096993518}. Best is trial 4 with value: 0.12414088100194931.
LOCAL_RANK: 0 - CUDA_VISIBLE_DEVICES: [0]
[I 2023-11-30 00:05:06,292] Trial 18 finished with value: 0.1470048576593399 and parameters: {'gradient_clip_val': 0.24739582919592268, 'hidden_size': 91, 'dropout': 0.1411541069355174, 'hidden_continuous_size': 33, 'attention_head_size': 2, 'learning_rate': 0.023585618872083464}. Best is trial 4 with value: 0.12414088100194931.
LOCAL_RANK: 0 - CUDA_VISIBLE_DEVICES: [0]
[I 2023-11-30 00:05:19,312] Trial 19 finished with value: 0.16449013352394104 and parameters: {'gradient_clip_val': 0.43064130928745015, 'hidden_size': 49, 'dropout': 0.18436461712877567, 'hidden_continuous_size': 17, 'attention_head_size': 3, 'learning_rate': 0.05192712587622575}. Best is trial 4 with value: 0.12414088100194931.
LOCAL_RANK: 0 - CUDA_VISIBLE_DEVICES: [0]
[I 2023-11-30 00:05:31,733] Trial 20 finished with value: 0.5040984153747559 and parameters: {'gradient_clip_val': 0.7001894680867116, 'hidden_size': 36, 'dropout': 0.12990393432104289, 'hidden_continuous_size': 16, 'attention_head_size': 1, 'learning_rate': 0.010107253694279266}. Best is trial 4 with value: 0.12414088100194931.
LOCAL_RANK: 0 - CUDA_VISIBLE_DEVICES: [0]
[I 2023-11-30 00:05:45,562] Trial 21 finished with value: 0.20695149898529053 and parameters: {'gradient_clip_val': 0.2746037604502971, 'hidden_size': 89, 'dropout': 0.14223628579464695, 'hidden_continuous_size': 35, 'attention_head_size': 2, 'learning_rate': 0.022866632345716294}. Best is trial 4 with value: 0.12414088100194931.
LOCAL_RANK: 0 - CUDA_VISIBLE_DEVICES: [0]
[I 2023-11-30 00:05:59,638] Trial 22 finished with value: 0.1952631026506424 and parameters: {'gradient_clip_val': 0.20460667258783422, 'hidden_size': 95, 'dropout': 0.1328806972240172, 'hidden_continuous_size': 36, 'attention_head_size': 2, 'learning_rate': 0.02385802319591889}. Best is trial 4 with value: 0.12414088100194931.
LOCAL_RANK: 0 - CUDA_VISIBLE_DEVICES: [0]
[I 2023-11-30 00:06:12,703] Trial 23 finished with value: 0.17530560493469238 and parameters: {'gradient_clip_val': 0.3141492024033261, 'hidden_size': 56, 'dropout': 0.1720307292362062, 'hidden_continuous_size': 21, 'attention_head_size': 3, 'learning_rate': 0.06720952203681504}. Best is trial 4 with value: 0.12414088100194931.
LOCAL_RANK: 0 - CUDA_VISIBLE_DEVICES: [0]
[I 2023-11-30 00:06:26,869] Trial 24 finished with value: 0.20118169486522675 and parameters: {'gradient_clip_val': 0.12926979461590316, 'hidden_size': 146, 'dropout': 0.21835010979114466, 'hidden_continuous_size': 45, 'attention_head_size': 1, 'learning_rate': 0.045438359341142605}. Best is trial 4 with value: 0.12414088100194931.
LOCAL_RANK: 0 - CUDA_VISIBLE_DEVICES: [0]
[I 2023-11-30 00:06:40,738] Trial 25 finished with value: 0.14163808524608612 and parameters: {'gradient_clip_val': 0.16046246824218766, 'hidden_size': 107, 'dropout': 0.10017540411524106, 'hidden_continuous_size': 28, 'attention_head_size': 2, 'learning_rate': 0.030922852450116927}. Best is trial 4 with value: 0.12414088100194931.
LOCAL_RANK: 0 - CUDA_VISIBLE_DEVICES: [0]
[I 2023-11-30 00:06:54,524] Trial 26 finished with value: 0.1686840057373047 and parameters: {'gradient_clip_val': 0.10092677592936407, 'hidden_size': 104, 'dropout': 0.10107787168269683, 'hidden_continuous_size': 25, 'attention_head_size': 3, 'learning_rate': 0.07324089667033513}. Best is trial 4 with value: 0.12414088100194931.
LOCAL_RANK: 0 - CUDA_VISIBLE_DEVICES: [0]
[I 2023-11-30 00:07:08,000] Trial 27 finished with value: 0.13293075561523438 and parameters: {'gradient_clip_val': 0.16293370656136236, 'hidden_size': 66, 'dropout': 0.11956310935227013, 'hidden_continuous_size': 19, 'attention_head_size': 2, 'learning_rate': 0.04186795762067737}. Best is trial 4 with value: 0.12414088100194931.
LOCAL_RANK: 0 - CUDA_VISIBLE_DEVICES: [0]
[I 2023-11-30 00:07:21,890] Trial 28 finished with value: 0.19949746131896973 and parameters: {'gradient_clip_val': 0.16593911014344734, 'hidden_size': 117, 'dropout': 0.1199988900359951, 'hidden_continuous_size': 21, 'attention_head_size': 2, 'learning_rate': 0.036928513591594846}. Best is trial 4 with value: 0.12414088100194931.
LOCAL_RANK: 0 - CUDA_VISIBLE_DEVICES: [0]
[I 2023-11-30 00:07:35,181] Trial 29 finished with value: 0.192494198679924 and parameters: {'gradient_clip_val': 0.15953145415227177, 'hidden_size': 68, 'dropout': 0.14503737631865565, 'hidden_continuous_size': 29, 'attention_head_size': 1, 'learning_rate': 0.09363270666516553}. Best is trial 4 with value: 0.12414088100194931.
LOCAL_RANK: 0 - CUDA_VISIBLE_DEVICES: [0]
[I 2023-11-30 00:07:49,182] Trial 30 finished with value: 0.21446578204631805 and parameters: {'gradient_clip_val': 0.20850579630982152, 'hidden_size': 118, 'dropout': 0.17595873563869768, 'hidden_continuous_size': 20, 'attention_head_size': 2, 'learning_rate': 0.06804827821196326}. Best is trial 4 with value: 0.12414088100194931.
LOCAL_RANK: 0 - CUDA_VISIBLE_DEVICES: [0]
[I 2023-11-30 00:08:02,771] Trial 31 finished with value: 0.16213782131671906 and parameters: {'gradient_clip_val': 0.11842311805411136, 'hidden_size': 78, 'dropout': 0.10077747422158741, 'hidden_continuous_size': 23, 'attention_head_size': 2, 'learning_rate': 0.04749428584124361}. Best is trial 4 with value: 0.12414088100194931.
LOCAL_RANK: 0 - CUDA_VISIBLE_DEVICES: [0]
[I 2023-11-30 00:08:15,721] Trial 32 finished with value: 0.22464530169963837 and parameters: {'gradient_clip_val': 0.12440735343318819, 'hidden_size': 35, 'dropout': 0.13069967660993798, 'hidden_continuous_size': 18, 'attention_head_size': 3, 'learning_rate': 0.033107204545982996}. Best is trial 4 with value: 0.12414088100194931.
LOCAL_RANK: 0 - CUDA_VISIBLE_DEVICES: [0]
[I 2023-11-30 00:08:28,787] Trial 33 finished with value: 0.16603536903858185 and parameters: {'gradient_clip_val': 0.11451435603527682, 'hidden_size': 54, 'dropout': 0.11820498806091559, 'hidden_continuous_size': 19, 'attention_head_size': 3, 'learning_rate': 0.057358375326099255}. Best is trial 4 with value: 0.12414088100194931.
LOCAL_RANK: 0 - CUDA_VISIBLE_DEVICES: [0]
[I 2023-11-30 00:08:41,566] Trial 34 finished with value: 0.1866031289100647 and parameters: {'gradient_clip_val': 0.10059635762034062, 'hidden_size': 42, 'dropout': 0.12180309250957175, 'hidden_continuous_size': 12, 'attention_head_size': 4, 'learning_rate': 0.04433556028830246}. Best is trial 4 with value: 0.12414088100194931.
LOCAL_RANK: 0 - CUDA_VISIBLE_DEVICES: [0]
[I 2023-11-30 00:08:54,534] Trial 35 finished with value: 0.16624987125396729 and parameters: {'gradient_clip_val': 0.14669941165241995, 'hidden_size': 66, 'dropout': 0.14936596776162156, 'hidden_continuous_size': 16, 'attention_head_size': 1, 'learning_rate': 0.0720583430748688}. Best is trial 4 with value: 0.12414088100194931.
LOCAL_RANK: 0 - CUDA_VISIBLE_DEVICES: [0]
[I 2023-11-30 00:09:07,665] Trial 36 finished with value: 0.1587444543838501 and parameters: {'gradient_clip_val': 0.1764432814457882, 'hidden_size': 46, 'dropout': 0.15909407781969712, 'hidden_continuous_size': 23, 'attention_head_size': 3, 'learning_rate': 0.03274350863903805}. Best is trial 4 with value: 0.12414088100194931.
LOCAL_RANK: 0 - CUDA_VISIBLE_DEVICES: [0]
[I 2023-11-30 00:09:20,443] Trial 37 finished with value: 0.27696484327316284 and parameters: {'gradient_clip_val': 0.12504086088255614, 'hidden_size': 40, 'dropout': 0.11599490628778203, 'hidden_continuous_size': 17, 'attention_head_size': 2, 'learning_rate': 0.01829392398220876}. Best is trial 4 with value: 0.12414088100194931.
LOCAL_RANK: 0 - CUDA_VISIBLE_DEVICES: [0]
[I 2023-11-30 00:09:33,459] Trial 38 finished with value: 0.24964876472949982 and parameters: {'gradient_clip_val': 0.10998537107617065, 'hidden_size': 48, 'dropout': 0.1335278240013606, 'hidden_continuous_size': 19, 'attention_head_size': 4, 'learning_rate': 0.0294526854862339}. Best is trial 4 with value: 0.12414088100194931.
LOCAL_RANK: 0 - CUDA_VISIBLE_DEVICES: [0]
[I 2023-11-30 00:09:45,586] Trial 39 finished with value: 0.3770308196544647 and parameters: {'gradient_clip_val': 0.15114614459836598, 'hidden_size': 11, 'dropout': 0.16061598025180718, 'hidden_continuous_size': 10, 'attention_head_size': 2, 'learning_rate': 0.05054227706132113}. Best is trial 4 with value: 0.12414088100194931.
LOCAL_RANK: 0 - CUDA_VISIBLE_DEVICES: [0]
[I 2023-11-30 00:09:58,684] Trial 40 finished with value: 0.21359117329120636 and parameters: {'gradient_clip_val': 0.13264614056733356, 'hidden_size': 60, 'dropout': 0.11464003745901843, 'hidden_continuous_size': 15, 'attention_head_size': 3, 'learning_rate': 0.07591701669368657}. Best is trial 4 with value: 0.12414088100194931.
LOCAL_RANK: 0 - CUDA_VISIBLE_DEVICES: [0]
[I 2023-11-30 00:10:12,251] Trial 41 finished with value: 0.17653457820415497 and parameters: {'gradient_clip_val': 0.1866655690678978, 'hidden_size': 83, 'dropout': 0.14039707710620702, 'hidden_continuous_size': 28, 'attention_head_size': 2, 'learning_rate': 0.024424299598129483}. Best is trial 4 with value: 0.12414088100194931.
LOCAL_RANK: 0 - CUDA_VISIBLE_DEVICES: [0]
[I 2023-11-30 00:10:26,127] Trial 42 finished with value: 0.2641242742538452 and parameters: {'gradient_clip_val': 0.2334813261546873, 'hidden_size': 95, 'dropout': 0.14500849063320742, 'hidden_continuous_size': 32, 'attention_head_size': 2, 'learning_rate': 0.027008357491483902}. Best is trial 4 with value: 0.12414088100194931.
LOCAL_RANK: 0 - CUDA_VISIBLE_DEVICES: [0]
[I 2023-11-30 00:10:39,947] Trial 43 finished with value: 0.12962451577186584 and parameters: {'gradient_clip_val': 0.1807547017226013, 'hidden_size': 104, 'dropout': 0.12522194731529138, 'hidden_continuous_size': 29, 'attention_head_size': 2, 'learning_rate': 0.018997036542440733}. Best is trial 4 with value: 0.12414088100194931.
LOCAL_RANK: 0 - CUDA_VISIBLE_DEVICES: [0]
[I 2023-11-30 00:10:53,705] Trial 44 finished with value: 0.21341656148433685 and parameters: {'gradient_clip_val': 0.1615002336077361, 'hidden_size': 108, 'dropout': 0.10110178059014721, 'hidden_continuous_size': 27, 'attention_head_size': 1, 'learning_rate': 0.017883988019914688}. Best is trial 4 with value: 0.12414088100194931.
LOCAL_RANK: 0 - CUDA_VISIBLE_DEVICES: [0]
[I 2023-11-30 00:11:08,130] Trial 45 finished with value: 0.1876205950975418 and parameters: {'gradient_clip_val': 0.1827759231824678, 'hidden_size': 149, 'dropout': 0.12225825917462084, 'hidden_continuous_size': 40, 'attention_head_size': 2, 'learning_rate': 0.03939759730427164}. Best is trial 4 with value: 0.12414088100194931.
LOCAL_RANK: 0 - CUDA_VISIBLE_DEVICES: [0]
[I 2023-11-30 00:11:21,523] Trial 46 finished with value: 0.16654746234416962 and parameters: {'gradient_clip_val': 0.14511942063780725, 'hidden_size': 68, 'dropout': 0.1123884322285392, 'hidden_continuous_size': 25, 'attention_head_size': 2, 'learning_rate': 0.04276348281016069}. Best is trial 4 with value: 0.12414088100194931.
LOCAL_RANK: 0 - CUDA_VISIBLE_DEVICES: [0]
