[I 2023-11-30 06:58:30,622] Trial 38 finished with value: 0.1522706001996994 and parameters: {'gradient_clip_val': 0.4615344738938345, 'hidden_size': 93, 'dropout': 0.20447204337564986, 'hidden_continuous_size': 46, 'attention_head_size': 1, 'learning_rate': 0.005595685123635731}. Best is trial 16 with value: 0.06615066528320312.
LOCAL_RANK: 0 - CUDA_VISIBLE_DEVICES: [0]
[I 2023-11-30 06:58:44,103] Trial 39 finished with value: 0.10481184720993042 and parameters: {'gradient_clip_val': 0.8333441196454258, 'hidden_size': 60, 'dropout': 0.33138104437416455, 'hidden_continuous_size': 37, 'attention_head_size': 3, 'learning_rate': 0.014427880766026633}. Best is trial 16 with value: 0.06615066528320312.
LOCAL_RANK: 0 - CUDA_VISIBLE_DEVICES: [0]
[I 2023-11-30 06:58:57,678] Trial 40 finished with value: 0.126901313662529 and parameters: {'gradient_clip_val': 0.7160160887289959, 'hidden_size': 77, 'dropout': 0.22495944315205424, 'hidden_continuous_size': 32, 'attention_head_size': 2, 'learning_rate': 0.020450108357258395}. Best is trial 16 with value: 0.06615066528320312.
LOCAL_RANK: 0 - CUDA_VISIBLE_DEVICES: [0]
[I 2023-11-30 06:59:11,395] Trial 41 finished with value: 0.09931062906980515 and parameters: {'gradient_clip_val': 0.9936117687849961, 'hidden_size': 88, 'dropout': 0.26298285217755757, 'hidden_continuous_size': 57, 'attention_head_size': 1, 'learning_rate': 0.024238060380788455}. Best is trial 16 with value: 0.06615066528320312.
LOCAL_RANK: 0 - CUDA_VISIBLE_DEVICES: [0]
[I 2023-11-30 06:59:25,513] Trial 42 finished with value: 0.1077522560954094 and parameters: {'gradient_clip_val': 0.8666712793334206, 'hidden_size': 106, 'dropout': 0.21403086940865806, 'hidden_continuous_size': 56, 'attention_head_size': 1, 'learning_rate': 0.039623899097863416}. Best is trial 16 with value: 0.06615066528320312.
LOCAL_RANK: 0 - CUDA_VISIBLE_DEVICES: [0]
[I 2023-11-30 06:59:39,333] Trial 43 finished with value: 0.07750948518514633 and parameters: {'gradient_clip_val': 0.7468083210415755, 'hidden_size': 83, 'dropout': 0.23969686057687084, 'hidden_continuous_size': 47, 'attention_head_size': 1, 'learning_rate': 0.029251558695120243}. Best is trial 16 with value: 0.06615066528320312.
LOCAL_RANK: 0 - CUDA_VISIBLE_DEVICES: [0]
[I 2023-11-30 06:59:52,975] Trial 44 finished with value: 0.07996028661727905 and parameters: {'gradient_clip_val': 0.6250263207788604, 'hidden_size': 67, 'dropout': 0.18954446888259158, 'hidden_continuous_size': 48, 'attention_head_size': 1, 'learning_rate': 0.02918551385373008}. Best is trial 16 with value: 0.06615066528320312.
LOCAL_RANK: 0 - CUDA_VISIBLE_DEVICES: [0]
[I 2023-11-30 07:00:07,317] Trial 45 finished with value: 0.07851170748472214 and parameters: {'gradient_clip_val': 0.734908367530396, 'hidden_size': 144, 'dropout': 0.24054490391074976, 'hidden_continuous_size': 76, 'attention_head_size': 1, 'learning_rate': 0.05336478079392556}. Best is trial 16 with value: 0.06615066528320312.
LOCAL_RANK: 0 - CUDA_VISIBLE_DEVICES: [0]
[I 2023-11-30 07:00:21,712] Trial 46 finished with value: 0.07916757464408875 and parameters: {'gradient_clip_val': 0.8946091202186023, 'hidden_size': 129, 'dropout': 0.2461218042020988, 'hidden_continuous_size': 77, 'attention_head_size': 1, 'learning_rate': 0.04952825284005047}. Best is trial 16 with value: 0.06615066528320312.
LOCAL_RANK: 0 - CUDA_VISIBLE_DEVICES: [0]
[I 2023-11-30 07:00:36,555] Trial 47 finished with value: 0.14592714607715607 and parameters: {'gradient_clip_val': 0.7542244888770788, 'hidden_size': 147, 'dropout': 0.28435445016693306, 'hidden_continuous_size': 75, 'attention_head_size': 2, 'learning_rate': 0.03933683761490815}. Best is trial 16 with value: 0.06615066528320312.
LOCAL_RANK: 0 - CUDA_VISIBLE_DEVICES: [0]
[I 2023-11-30 07:00:50,898] Trial 48 finished with value: 0.12449538707733154 and parameters: {'gradient_clip_val': 0.6956044977603834, 'hidden_size': 118, 'dropout': 0.30047944018283196, 'hidden_continuous_size': 86, 'attention_head_size': 1, 'learning_rate': 0.05765453441742764}. Best is trial 16 with value: 0.06615066528320312.
LOCAL_RANK: 0 - CUDA_VISIBLE_DEVICES: [0]
[I 2023-11-30 07:01:05,778] Trial 49 finished with value: 0.13391566276550293 and parameters: {'gradient_clip_val': 0.5418525871987305, 'hidden_size': 147, 'dropout': 0.27717808167614255, 'hidden_continuous_size': 143, 'attention_head_size': 1, 'learning_rate': 0.03546246925445334}. Best is trial 16 with value: 0.06615066528320312.
LOCAL_RANK: 0 - CUDA_VISIBLE_DEVICES: [0]
[I 2023-11-30 07:01:20,075] Trial 50 finished with value: 0.11377640813589096 and parameters: {'gradient_clip_val': 0.8973106070311606, 'hidden_size': 97, 'dropout': 0.2116727039661243, 'hidden_continuous_size': 61, 'attention_head_size': 4, 'learning_rate': 0.07103293604001175}. Best is trial 16 with value: 0.06615066528320312.
LOCAL_RANK: 0 - CUDA_VISIBLE_DEVICES: [0]
[I 2023-11-30 07:01:33,822] Trial 51 finished with value: 0.09591642767190933 and parameters: {'gradient_clip_val': 0.6095020616942193, 'hidden_size': 83, 'dropout': 0.25851444184197525, 'hidden_continuous_size': 51, 'attention_head_size': 1, 'learning_rate': 0.019414286448447116}. Best is trial 16 with value: 0.06615066528320312.
LOCAL_RANK: 0 - CUDA_VISIBLE_DEVICES: [0]
[I 2023-11-30 07:01:47,918] Trial 52 finished with value: 0.10800182819366455 and parameters: {'gradient_clip_val': 0.6894427087217817, 'hidden_size': 114, 'dropout': 0.23470663777292292, 'hidden_continuous_size': 40, 'attention_head_size': 1, 'learning_rate': 0.028145174953220144}. Best is trial 16 with value: 0.06615066528320312.
LOCAL_RANK: 0 - CUDA_VISIBLE_DEVICES: [0]
[I 2023-11-30 07:02:01,684] Trial 53 finished with value: 0.09671735018491745 and parameters: {'gradient_clip_val': 0.8149801153907488, 'hidden_size': 79, 'dropout': 0.2254163001276759, 'hidden_continuous_size': 51, 'attention_head_size': 1, 'learning_rate': 0.016363255225116124}. Best is trial 16 with value: 0.06615066528320312.
LOCAL_RANK: 0 - CUDA_VISIBLE_DEVICES: [0]
[I 2023-11-30 07:02:15,490] Trial 54 finished with value: 0.08926257491111755 and parameters: {'gradient_clip_val': 0.4957806313307112, 'hidden_size': 91, 'dropout': 0.2679643322036983, 'hidden_continuous_size': 42, 'attention_head_size': 1, 'learning_rate': 0.03301526209724574}. Best is trial 16 with value: 0.06615066528320312.
LOCAL_RANK: 0 - CUDA_VISIBLE_DEVICES: [0]
[I 2023-11-30 07:02:29,358] Trial 55 finished with value: 0.1251877248287201 and parameters: {'gradient_clip_val': 0.735047463611469, 'hidden_size': 104, 'dropout': 0.25697016526910244, 'hidden_continuous_size': 60, 'attention_head_size': 1, 'learning_rate': 0.018781286053584992}. Best is trial 16 with value: 0.06615066528320312.
LOCAL_RANK: 0 - CUDA_VISIBLE_DEVICES: [0]
[I 2023-11-30 07:02:43,236] Trial 56 finished with value: 0.19774015247821808 and parameters: {'gradient_clip_val': 0.6083668362901511, 'hidden_size': 114, 'dropout': 0.2394410294047104, 'hidden_continuous_size': 45, 'attention_head_size': 1, 'learning_rate': 0.02318289601223958}. Best is trial 16 with value: 0.06615066528320312.
LOCAL_RANK: 0 - CUDA_VISIBLE_DEVICES: [0]
[I 2023-11-30 07:02:58,021] Trial 57 finished with value: 0.10956164449453354 and parameters: {'gradient_clip_val': 0.6723069821714794, 'hidden_size': 139, 'dropout': 0.25040501848075514, 'hidden_continuous_size': 97, 'attention_head_size': 1, 'learning_rate': 0.05344030245708213}. Best is trial 16 with value: 0.06615066528320312.
LOCAL_RANK: 0 - CUDA_VISIBLE_DEVICES: [0]
[I 2023-11-30 07:03:12,150] Trial 58 finished with value: 0.11410286277532578 and parameters: {'gradient_clip_val': 0.773005841208038, 'hidden_size': 124, 'dropout': 0.19981817604303442, 'hidden_continuous_size': 54, 'attention_head_size': 2, 'learning_rate': 0.0421217657097313}. Best is trial 16 with value: 0.06615066528320312.
LOCAL_RANK: 0 - CUDA_VISIBLE_DEVICES: [0]
[I 2023-11-30 07:03:26,182] Trial 59 finished with value: 0.12190628051757812 and parameters: {'gradient_clip_val': 0.557840348153202, 'hidden_size': 89, 'dropout': 0.22090766352590108, 'hidden_continuous_size': 65, 'attention_head_size': 1, 'learning_rate': 0.03628843154419253}. Best is trial 16 with value: 0.06615066528320312.
LOCAL_RANK: 0 - CUDA_VISIBLE_DEVICES: [0]
[I 2023-11-30 07:03:40,666] Trial 60 finished with value: 0.07574838399887085 and parameters: {'gradient_clip_val': 0.9367018958027229, 'hidden_size': 135, 'dropout': 0.2806565413086575, 'hidden_continuous_size': 75, 'attention_head_size': 2, 'learning_rate': 0.011799568255357822}. Best is trial 16 with value: 0.06615066528320312.
LOCAL_RANK: 0 - CUDA_VISIBLE_DEVICES: [0]
[I 2023-11-30 07:03:54,956] Trial 61 finished with value: 0.06651636213064194 and parameters: {'gradient_clip_val': 0.9313149453659257, 'hidden_size': 132, 'dropout': 0.2778486860780996, 'hidden_continuous_size': 74, 'attention_head_size': 2, 'learning_rate': 0.011537262152244484}. Best is trial 16 with value: 0.06615066528320312.
LOCAL_RANK: 0 - CUDA_VISIBLE_DEVICES: [0]
[I 2023-11-30 07:04:09,636] Trial 62 finished with value: 0.09437602758407593 and parameters: {'gradient_clip_val': 0.9373774044678864, 'hidden_size': 137, 'dropout': 0.2779473976696981, 'hidden_continuous_size': 74, 'attention_head_size': 2, 'learning_rate': 0.011599248259551971}. Best is trial 16 with value: 0.06615066528320312.
LOCAL_RANK: 0 - CUDA_VISIBLE_DEVICES: [0]
[I 2023-11-30 07:04:24,146] Trial 63 finished with value: 0.0977892279624939 and parameters: {'gradient_clip_val': 0.8556474797707188, 'hidden_size': 134, 'dropout': 0.2874206083897098, 'hidden_continuous_size': 81, 'attention_head_size': 2, 'learning_rate': 0.01319114697813364}. Best is trial 16 with value: 0.06615066528320312.
LOCAL_RANK: 0 - CUDA_VISIBLE_DEVICES: [0]
[I 2023-11-30 07:04:38,525] Trial 64 finished with value: 0.12278091907501221 and parameters: {'gradient_clip_val': 0.9906710137759678, 'hidden_size': 121, 'dropout': 0.3130946445257162, 'hidden_continuous_size': 92, 'attention_head_size': 2, 'learning_rate': 0.017345600358069965}. Best is trial 16 with value: 0.06615066528320312.
LOCAL_RANK: 0 - CUDA_VISIBLE_DEVICES: [0]
[I 2023-11-30 07:04:53,247] Trial 65 finished with value: 0.07381164282560349 and parameters: {'gradient_clip_val': 0.9114344916659003, 'hidden_size': 148, 'dropout': 0.2676386819089571, 'hidden_continuous_size': 69, 'attention_head_size': 3, 'learning_rate': 0.01035057488603669}. Best is trial 16 with value: 0.06615066528320312.
LOCAL_RANK: 0 - CUDA_VISIBLE_DEVICES: [0]
[I 2023-11-30 07:05:07,598] Trial 66 finished with value: 0.17160987854003906 and parameters: {'gradient_clip_val': 0.907813105335415, 'hidden_size': 107, 'dropout': 0.2958892974811103, 'hidden_continuous_size': 70, 'attention_head_size': 3, 'learning_rate': 0.01144466915018198}. Best is trial 16 with value: 0.06615066528320312.
LOCAL_RANK: 0 - CUDA_VISIBLE_DEVICES: [0]
[I 2023-11-30 07:05:21,863] Trial 67 finished with value: 0.12914539873600006 and parameters: {'gradient_clip_val': 0.836696201743296, 'hidden_size': 124, 'dropout': 0.26799614958347706, 'hidden_continuous_size': 64, 'attention_head_size': 3, 'learning_rate': 0.008832979892057816}. Best is trial 16 with value: 0.06615066528320312.
LOCAL_RANK: 0 - CUDA_VISIBLE_DEVICES: [0]
[I 2023-11-30 07:05:36,089] Trial 68 finished with value: 0.08877784013748169 and parameters: {'gradient_clip_val': 0.9404245838109867, 'hidden_size': 100, 'dropout': 0.25240029806802194, 'hidden_continuous_size': 71, 'attention_head_size': 3, 'learning_rate': 0.014184005143057203}. Best is trial 16 with value: 0.06615066528320312.
LOCAL_RANK: 0 - CUDA_VISIBLE_DEVICES: [0]
[I 2023-11-30 07:05:50,537] Trial 69 finished with value: 0.08610280603170395 and parameters: {'gradient_clip_val': 0.8038615870953014, 'hidden_size': 110, 'dropout': 0.2773602581295872, 'hidden_continuous_size': 83, 'attention_head_size': 3, 'learning_rate': 0.010715643164409728}. Best is trial 16 with value: 0.06615066528320312.
LOCAL_RANK: 0 - CUDA_VISIBLE_DEVICES: [0]
[I 2023-11-30 07:06:05,105] Trial 70 finished with value: 0.10282140970230103 and parameters: {'gradient_clip_val': 0.9048781236682937, 'hidden_size': 135, 'dropout': 0.3011892440651413, 'hidden_continuous_size': 100, 'attention_head_size': 2, 'learning_rate': 0.007224453460026593}. Best is trial 16 with value: 0.06615066528320312.
LOCAL_RANK: 0 - CUDA_VISIBLE_DEVICES: [0]
[I 2023-11-30 07:06:19,739] Trial 71 finished with value: 0.08319012075662613 and parameters: {'gradient_clip_val': 0.7542682147260251, 'hidden_size': 142, 'dropout': 0.24061976307571148, 'hidden_continuous_size': 77, 'attention_head_size': 2, 'learning_rate': 0.0131720370129155}. Best is trial 16 with value: 0.06615066528320312.
LOCAL_RANK: 0 - CUDA_VISIBLE_DEVICES: [0]
[I 2023-11-30 07:06:34,288] Trial 72 finished with value: 0.07153453677892685 and parameters: {'gradient_clip_val': 0.702691255799176, 'hidden_size': 120, 'dropout': 0.2491858513621649, 'hidden_continuous_size': 67, 'attention_head_size': 3, 'learning_rate': 0.016593377701139868}. Best is trial 16 with value: 0.06615066528320312.
LOCAL_RANK: 0 - CUDA_VISIBLE_DEVICES: [0]
[I 2023-11-30 07:06:48,855] Trial 73 finished with value: 0.07633455097675323 and parameters: {'gradient_clip_val': 0.6765163855390649, 'hidden_size': 150, 'dropout': 0.28346946160188036, 'hidden_continuous_size': 64, 'attention_head_size': 3, 'learning_rate': 0.01573245244587898}. Best is trial 16 with value: 0.06615066528320312.
LOCAL_RANK: 0 - CUDA_VISIBLE_DEVICES: [0]
[I 2023-11-30 07:07:03,041] Trial 74 finished with value: 0.14158302545547485 and parameters: {'gradient_clip_val': 0.8294844036183234, 'hidden_size': 119, 'dropout': 0.2641446483665395, 'hidden_continuous_size': 57, 'attention_head_size': 3, 'learning_rate': 0.018185336494533792}. Best is trial 16 with value: 0.06615066528320312.
LOCAL_RANK: 0 - CUDA_VISIBLE_DEVICES: [0]
[I 2023-11-30 07:07:17,383] Trial 75 finished with value: 0.05898603796958923 and parameters: {'gradient_clip_val': 0.9992674883444973, 'hidden_size': 128, 'dropout': 0.2707378423116972, 'hidden_continuous_size': 66, 'attention_head_size': 3, 'learning_rate': 0.021188838540480717}. Best is trial 75 with value: 0.05898603796958923.
LOCAL_RANK: 0 - CUDA_VISIBLE_DEVICES: [0]
[I 2023-11-30 07:07:31,892] Trial 76 finished with value: 0.09978296607732773 and parameters: {'gradient_clip_val': 0.9911804945793012, 'hidden_size': 148, 'dropout': 0.2848471807987745, 'hidden_continuous_size': 66, 'attention_head_size': 3, 'learning_rate': 0.01557043610937011}. Best is trial 75 with value: 0.05898603796958923.
LOCAL_RANK: 0 - CUDA_VISIBLE_DEVICES: [0]
[I 2023-11-30 07:07:46,449] Trial 77 finished with value: 0.0862686038017273 and parameters: {'gradient_clip_val': 0.8697242129781613, 'hidden_size': 131, 'dropout': 0.27197797249797717, 'hidden_continuous_size': 62, 'attention_head_size': 3, 'learning_rate': 0.02014147114147561}. Best is trial 75 with value: 0.05898603796958923.
LOCAL_RANK: 0 - CUDA_VISIBLE_DEVICES: [0]
[I 2023-11-30 07:08:01,073] Trial 78 finished with value: 0.08804745227098465 and parameters: {'gradient_clip_val': 0.9485463863129099, 'hidden_size': 150, 'dropout': 0.25112035058335025, 'hidden_continuous_size': 69, 'attention_head_size': 4, 'learning_rate': 0.012074758659544351}. Best is trial 75 with value: 0.05898603796958923.
LOCAL_RANK: 0 - CUDA_VISIBLE_DEVICES: [0]
[I 2023-11-30 07:08:15,271] Trial 79 finished with value: 0.2446434646844864 and parameters: {'gradient_clip_val': 0.8021861844355739, 'hidden_size': 126, 'dropout': 0.26039892801997755, 'hidden_continuous_size': 54, 'attention_head_size': 3, 'learning_rate': 0.010183721423515105}. Best is trial 75 with value: 0.05898603796958923.
LOCAL_RANK: 0 - CUDA_VISIBLE_DEVICES: [0]
[I 2023-11-30 07:08:29,418] Trial 80 finished with value: 0.09888747334480286 and parameters: {'gradient_clip_val': 0.696941809420188, 'hidden_size': 116, 'dropout': 0.28291377509289767, 'hidden_continuous_size': 59, 'attention_head_size': 3, 'learning_rate': 0.021815114384754208}. Best is trial 75 with value: 0.05898603796958923.
LOCAL_RANK: 0 - CUDA_VISIBLE_DEVICES: [0]
[I 2023-11-30 07:08:43,737] Trial 81 finished with value: 0.1054067611694336 and parameters: {'gradient_clip_val': 0.7828573046289355, 'hidden_size': 134, 'dropout': 0.2711360834342821, 'hidden_continuous_size': 50, 'attention_head_size': 3, 'learning_rate': 0.01680640160271262}. Best is trial 75 with value: 0.05898603796958923.
LOCAL_RANK: 0 - CUDA_VISIBLE_DEVICES: [0]
[I 2023-11-30 07:08:58,138] Trial 82 finished with value: 0.07868838310241699 and parameters: {'gradient_clip_val': 0.858706335117357, 'hidden_size': 99, 'dropout': 0.24892784611053992, 'hidden_continuous_size': 66, 'attention_head_size': 3, 'learning_rate': 0.014448012081531531}. Best is trial 75 with value: 0.05898603796958923.
LOCAL_RANK: 0 - CUDA_VISIBLE_DEVICES: [0]
[I 2023-11-30 07:09:12,567] Trial 83 finished with value: 0.15633729100227356 and parameters: {'gradient_clip_val': 0.661212116591184, 'hidden_size': 123, 'dropout': 0.29183010074372184, 'hidden_continuous_size': 72, 'attention_head_size': 3, 'learning_rate': 0.025848261976196732}. Best is trial 75 with value: 0.05898603796958923.
LOCAL_RANK: 0 - CUDA_VISIBLE_DEVICES: [0]
[I 2023-11-30 07:09:26,798] Trial 84 finished with value: 0.06931212544441223 and parameters: {'gradient_clip_val': 0.9312412319464016, 'hidden_size': 111, 'dropout': 0.2635098998685118, 'hidden_continuous_size': 58, 'attention_head_size': 3, 'learning_rate': 0.0214328160737704}. Best is trial 75 with value: 0.05898603796958923.
LOCAL_RANK: 0 - CUDA_VISIBLE_DEVICES: [0]
[I 2023-11-30 07:09:40,866] Trial 85 finished with value: 0.16424578428268433 and parameters: {'gradient_clip_val': 0.9252141838187526, 'hidden_size': 108, 'dropout': 0.26430593120624063, 'hidden_continuous_size': 58, 'attention_head_size': 3, 'learning_rate': 0.012822478522027113}. Best is trial 75 with value: 0.05898603796958923.
LOCAL_RANK: 0 - CUDA_VISIBLE_DEVICES: [0]
[I 2023-11-30 07:09:55,301] Trial 86 finished with value: 0.09174089878797531 and parameters: {'gradient_clip_val': 0.9452815703886995, 'hidden_size': 136, 'dropout': 0.2808656145197981, 'hidden_continuous_size': 83, 'attention_head_size': 3, 'learning_rate': 0.021265714668971047}. Best is trial 75 with value: 0.05898603796958923.
LOCAL_RANK: 0 - CUDA_VISIBLE_DEVICES: [0]
[I 2023-11-30 07:10:09,775] Trial 87 finished with value: 0.12387967854738235 and parameters: {'gradient_clip_val': 0.859883083210829, 'hidden_size': 113, 'dropout': 0.27284906692402133, 'hidden_continuous_size': 63, 'attention_head_size': 3, 'learning_rate': 0.015196194663327701}. Best is trial 75 with value: 0.05898603796958923.
LOCAL_RANK: 0 - CUDA_VISIBLE_DEVICES: [0]
[I 2023-11-30 07:10:24,235] Trial 88 finished with value: 0.12491951137781143 and parameters: {'gradient_clip_val': 0.9916118294587417, 'hidden_size': 150, 'dropout': 0.2886735547575104, 'hidden_continuous_size': 53, 'attention_head_size': 3, 'learning_rate': 0.017620152599147235}. Best is trial 75 with value: 0.05898603796958923.
LOCAL_RANK: 0 - CUDA_VISIBLE_DEVICES: [0]
[I 2023-11-30 07:10:38,515] Trial 89 finished with value: 0.08683434873819351 and parameters: {'gradient_clip_val': 0.7244832422419559, 'hidden_size': 93, 'dropout': 0.25664788770524294, 'hidden_continuous_size': 70, 'attention_head_size': 4, 'learning_rate': 0.010413109073657827}. Best is trial 75 with value: 0.05898603796958923.
LOCAL_RANK: 0 - CUDA_VISIBLE_DEVICES: [0]
[I 2023-11-30 07:10:52,897] Trial 90 finished with value: 0.08761623501777649 and parameters: {'gradient_clip_val': 0.7862740622116962, 'hidden_size': 102, 'dropout': 0.26546912909140635, 'hidden_continuous_size': 78, 'attention_head_size': 3, 'learning_rate': 0.02002426041461905}. Best is trial 75 with value: 0.05898603796958923.
LOCAL_RANK: 0 - CUDA_VISIBLE_DEVICES: [0]
[I 2023-11-30 07:11:06,987] Trial 91 finished with value: 0.10705221444368362 and parameters: {'gradient_clip_val': 0.757993420110607, 'hidden_size': 87, 'dropout': 0.2344746592035846, 'hidden_continuous_size': 62, 'attention_head_size': 3, 'learning_rate': 0.022230839685264042}. Best is trial 75 with value: 0.05898603796958923.
LOCAL_RANK: 0 - CUDA_VISIBLE_DEVICES: [0]
[I 2023-11-30 07:11:21,275] Trial 92 finished with value: 0.08200550079345703 and parameters: {'gradient_clip_val': 0.8940618857996182, 'hidden_size': 128, 'dropout': 0.24611040971219544, 'hidden_continuous_size': 49, 'attention_head_size': 3, 'learning_rate': 0.015790927228485355}. Best is trial 75 with value: 0.05898603796958923.
LOCAL_RANK: 0 - CUDA_VISIBLE_DEVICES: [0]
[I 2023-11-30 07:11:35,515] Trial 93 finished with value: 0.10358960181474686 and parameters: {'gradient_clip_val': 0.709909246927883, 'hidden_size': 118, 'dropout': 0.2542596675409232, 'hidden_continuous_size': 57, 'attention_head_size': 3, 'learning_rate': 0.02607863613673959}. Best is trial 75 with value: 0.05898603796958923.
LOCAL_RANK: 0 - CUDA_VISIBLE_DEVICES: [0]
[I 2023-11-30 07:11:49,841] Trial 94 finished with value: 0.08861339092254639 and parameters: {'gradient_clip_val': 0.8414646646418795, 'hidden_size': 139, 'dropout': 0.27394640544493604, 'hidden_continuous_size': 48, 'attention_head_size': 3, 'learning_rate': 0.018747130652432102}. Best is trial 75 with value: 0.05898603796958923.
LOCAL_RANK: 0 - CUDA_VISIBLE_DEVICES: [0]
[I 2023-11-30 07:12:04,146] Trial 95 finished with value: 0.060389649122953415 and parameters: {'gradient_clip_val': 0.6474589802076239, 'hidden_size': 109, 'dropout': 0.2633330994890764, 'hidden_continuous_size': 67, 'attention_head_size': 3, 'learning_rate': 0.026862609068379586}. Best is trial 75 with value: 0.05898603796958923.
LOCAL_RANK: 0 - CUDA_VISIBLE_DEVICES: [0]
