[I 2023-11-29 22:40:50,686] Trial 94 finished with value: 0.15415476262569427 and parameters: {'gradient_clip_val': 0.14115830838820512, 'hidden_size': 15, 'dropout': 0.38280427729616584, 'hidden_continuous_size': 12, 'attention_head_size': 4, 'learning_rate': 0.09182061010340971}. Best is trial 54 with value: 0.06666592508554459.
LOCAL_RANK: 0 - CUDA_VISIBLE_DEVICES: [0]
[I 2023-11-29 22:41:03,139] Trial 95 finished with value: 0.10719257593154907 and parameters: {'gradient_clip_val': 0.11406942693832471, 'hidden_size': 20, 'dropout': 0.3647816147762013, 'hidden_continuous_size': 15, 'attention_head_size': 4, 'learning_rate': 0.05706861121369544}. Best is trial 54 with value: 0.06666592508554459.
LOCAL_RANK: 0 - CUDA_VISIBLE_DEVICES: [0]
[I 2023-11-29 22:41:15,690] Trial 96 finished with value: 0.09573602676391602 and parameters: {'gradient_clip_val': 0.12832412551986644, 'hidden_size': 29, 'dropout': 0.34458753736870473, 'hidden_continuous_size': 18, 'attention_head_size': 4, 'learning_rate': 0.06921458852261239}. Best is trial 54 with value: 0.06666592508554459.
LOCAL_RANK: 0 - CUDA_VISIBLE_DEVICES: [0]
[I 2023-11-29 22:41:27,995] Trial 97 finished with value: 0.09702719002962112 and parameters: {'gradient_clip_val': 0.1044181893563766, 'hidden_size': 22, 'dropout': 0.3260709338922304, 'hidden_continuous_size': 16, 'attention_head_size': 4, 'learning_rate': 0.09993763086488143}. Best is trial 54 with value: 0.06666592508554459.
LOCAL_RANK: 0 - CUDA_VISIBLE_DEVICES: [0]
[I 2023-11-29 22:41:40,536] Trial 98 finished with value: 0.08676975965499878 and parameters: {'gradient_clip_val': 0.12298211474938427, 'hidden_size': 31, 'dropout': 0.3904536879057147, 'hidden_continuous_size': 11, 'attention_head_size': 4, 'learning_rate': 0.08082384431004039}. Best is trial 54 with value: 0.06666592508554459.
LOCAL_RANK: 0 - CUDA_VISIBLE_DEVICES: [0]
[I 2023-11-29 22:41:52,955] Trial 99 finished with value: 0.09557237476110458 and parameters: {'gradient_clip_val': 0.13588216159216748, 'hidden_size': 27, 'dropout': 0.3777701402732585, 'hidden_continuous_size': 17, 'attention_head_size': 1, 'learning_rate': 0.09015098150956849}. Best is trial 54 with value: 0.06666592508554459.
LOCAL_RANK: 0 - CUDA_VISIBLE_DEVICES: [0]
[I 2023-11-29 22:42:05,540] Trial 100 finished with value: 0.17846114933490753 and parameters: {'gradient_clip_val': 0.14948756585679362, 'hidden_size': 21, 'dropout': 0.3582775551667186, 'hidden_continuous_size': 10, 'attention_head_size': 4, 'learning_rate': 0.060660363329390454}. Best is trial 54 with value: 0.06666592508554459.
LOCAL_RANK: 0 - CUDA_VISIBLE_DEVICES: [0]
[I 2023-11-29 22:42:18,219] Trial 101 finished with value: 0.11912063509225845 and parameters: {'gradient_clip_val': 0.1150102028687884, 'hidden_size': 36, 'dropout': 0.3669873182909828, 'hidden_continuous_size': 17, 'attention_head_size': 4, 'learning_rate': 0.07365521900129163}. Best is trial 54 with value: 0.06666592508554459.
LOCAL_RANK: 0 - CUDA_VISIBLE_DEVICES: [0]
[I 2023-11-29 22:42:31,392] Trial 102 finished with value: 0.083052858710289 and parameters: {'gradient_clip_val': 0.10863330798177026, 'hidden_size': 39, 'dropout': 0.3542741595529753, 'hidden_continuous_size': 18, 'attention_head_size': 4, 'learning_rate': 0.08229861420798247}. Best is trial 54 with value: 0.06666592508554459.
LOCAL_RANK: 0 - CUDA_VISIBLE_DEVICES: [0]
[I 2023-11-29 22:42:44,100] Trial 103 finished with value: 0.11050211638212204 and parameters: {'gradient_clip_val': 0.10876416448366603, 'hidden_size': 33, 'dropout': 0.386573286241551, 'hidden_continuous_size': 14, 'attention_head_size': 4, 'learning_rate': 0.08473388636348753}. Best is trial 54 with value: 0.06666592508554459.
LOCAL_RANK: 0 - CUDA_VISIBLE_DEVICES: [0]
[I 2023-11-29 22:42:56,934] Trial 104 finished with value: 0.07228545099496841 and parameters: {'gradient_clip_val': 0.10389263150530335, 'hidden_size': 35, 'dropout': 0.3327577599820503, 'hidden_continuous_size': 18, 'attention_head_size': 4, 'learning_rate': 0.09148692558111467}. Best is trial 54 with value: 0.06666592508554459.
LOCAL_RANK: 0 - CUDA_VISIBLE_DEVICES: [0]
[I 2023-11-29 22:43:09,851] Trial 105 finished with value: 0.09774472564458847 and parameters: {'gradient_clip_val': 0.1010283200990751, 'hidden_size': 39, 'dropout': 0.33159948397902034, 'hidden_continuous_size': 19, 'attention_head_size': 4, 'learning_rate': 0.08127598721635652}. Best is trial 54 with value: 0.06666592508554459.
LOCAL_RANK: 0 - CUDA_VISIBLE_DEVICES: [0]
[I 2023-11-29 22:43:22,602] Trial 106 finished with value: 0.08918417245149612 and parameters: {'gradient_clip_val': 0.10492014563619412, 'hidden_size': 35, 'dropout': 0.34215884410141395, 'hidden_continuous_size': 17, 'attention_head_size': 4, 'learning_rate': 0.06897555560218055}. Best is trial 54 with value: 0.06666592508554459.
LOCAL_RANK: 0 - CUDA_VISIBLE_DEVICES: [0]
[I 2023-11-29 22:43:35,496] Trial 107 finished with value: 0.07726971060037613 and parameters: {'gradient_clip_val': 0.11796439132120504, 'hidden_size': 37, 'dropout': 0.35509581549334474, 'hidden_continuous_size': 18, 'attention_head_size': 4, 'learning_rate': 0.09196735237314838}. Best is trial 54 with value: 0.06666592508554459.
LOCAL_RANK: 0 - CUDA_VISIBLE_DEVICES: [0]
[I 2023-11-29 22:43:48,246] Trial 108 finished with value: 0.06368661671876907 and parameters: {'gradient_clip_val': 0.1185515153755109, 'hidden_size': 35, 'dropout': 0.34784542657506784, 'hidden_continuous_size': 20, 'attention_head_size': 4, 'learning_rate': 0.09106373970262979}. Best is trial 108 with value: 0.06368661671876907.
LOCAL_RANK: 0 - CUDA_VISIBLE_DEVICES: [0]
[I 2023-11-29 22:44:01,130] Trial 109 finished with value: 0.11801525205373764 and parameters: {'gradient_clip_val': 0.11749039337112369, 'hidden_size': 34, 'dropout': 0.37302686886005626, 'hidden_continuous_size': 20, 'attention_head_size': 4, 'learning_rate': 0.09031858211232922}. Best is trial 108 with value: 0.06368661671876907.
LOCAL_RANK: 0 - CUDA_VISIBLE_DEVICES: [0]
[I 2023-11-29 22:44:14,012] Trial 110 finished with value: 0.10689757019281387 and parameters: {'gradient_clip_val': 0.129545629955228, 'hidden_size': 36, 'dropout': 0.3471950510818719, 'hidden_continuous_size': 21, 'attention_head_size': 4, 'learning_rate': 0.058594508628062786}. Best is trial 108 with value: 0.06368661671876907.
LOCAL_RANK: 0 - CUDA_VISIBLE_DEVICES: [0]
[I 2023-11-29 22:44:26,748] Trial 111 finished with value: 0.06951942294836044 and parameters: {'gradient_clip_val': 0.12323020150794023, 'hidden_size': 31, 'dropout': 0.3392295598974426, 'hidden_continuous_size': 18, 'attention_head_size': 4, 'learning_rate': 0.09248620369357674}. Best is trial 108 with value: 0.06368661671876907.
LOCAL_RANK: 0 - CUDA_VISIBLE_DEVICES: [0]
[I 2023-11-29 22:44:39,463] Trial 112 finished with value: 0.10116682201623917 and parameters: {'gradient_clip_val': 0.10001760289887601, 'hidden_size': 31, 'dropout': 0.33313329792593943, 'hidden_continuous_size': 19, 'attention_head_size': 4, 'learning_rate': 0.07408435891594391}. Best is trial 108 with value: 0.06368661671876907.
LOCAL_RANK: 0 - CUDA_VISIBLE_DEVICES: [0]
[I 2023-11-29 22:44:52,421] Trial 113 finished with value: 0.08199086040258408 and parameters: {'gradient_clip_val': 0.11882134535384019, 'hidden_size': 38, 'dropout': 0.31423466855093923, 'hidden_continuous_size': 19, 'attention_head_size': 4, 'learning_rate': 0.09113087240821584}. Best is trial 108 with value: 0.06368661671876907.
LOCAL_RANK: 0 - CUDA_VISIBLE_DEVICES: [0]
[I 2023-11-29 22:45:05,185] Trial 114 finished with value: 0.09425552934408188 and parameters: {'gradient_clip_val': 0.11956529736694768, 'hidden_size': 38, 'dropout': 0.32266175910036454, 'hidden_continuous_size': 18, 'attention_head_size': 4, 'learning_rate': 0.09091177955545393}. Best is trial 108 with value: 0.06368661671876907.
LOCAL_RANK: 0 - CUDA_VISIBLE_DEVICES: [0]
[I 2023-11-29 22:45:18,418] Trial 115 finished with value: 0.10984272509813309 and parameters: {'gradient_clip_val': 0.13553769285719236, 'hidden_size': 41, 'dropout': 0.31389132830578803, 'hidden_continuous_size': 19, 'attention_head_size': 4, 'learning_rate': 0.06591592253977266}. Best is trial 108 with value: 0.06368661671876907.
LOCAL_RANK: 0 - CUDA_VISIBLE_DEVICES: [0]
[I 2023-11-29 22:45:31,328] Trial 116 finished with value: 0.1354127675294876 and parameters: {'gradient_clip_val': 0.14553603561881442, 'hidden_size': 44, 'dropout': 0.32624772091642773, 'hidden_continuous_size': 20, 'attention_head_size': 4, 'learning_rate': 0.07884031094921387}. Best is trial 108 with value: 0.06368661671876907.
LOCAL_RANK: 0 - CUDA_VISIBLE_DEVICES: [0]
[I 2023-11-29 22:45:44,030] Trial 117 finished with value: 0.1218579038977623 and parameters: {'gradient_clip_val': 0.11638767210010331, 'hidden_size': 38, 'dropout': 0.3068258910155869, 'hidden_continuous_size': 18, 'attention_head_size': 4, 'learning_rate': 0.07160976346160061}. Best is trial 108 with value: 0.06368661671876907.
LOCAL_RANK: 0 - CUDA_VISIBLE_DEVICES: [0]
[I 2023-11-29 22:45:56,841] Trial 118 finished with value: 0.10630478709936142 and parameters: {'gradient_clip_val': 0.12405575904208424, 'hidden_size': 33, 'dropout': 0.33728858649965754, 'hidden_continuous_size': 19, 'attention_head_size': 4, 'learning_rate': 0.08968609014727702}. Best is trial 108 with value: 0.06368661671876907.
LOCAL_RANK: 0 - CUDA_VISIBLE_DEVICES: [0]
[I 2023-11-29 22:46:09,635] Trial 119 finished with value: 0.10142886638641357 and parameters: {'gradient_clip_val': 0.10981452837460423, 'hidden_size': 35, 'dropout': 0.35279743272128633, 'hidden_continuous_size': 20, 'attention_head_size': 4, 'learning_rate': 0.06411470073583335}. Best is trial 108 with value: 0.06368661671876907.
LOCAL_RANK: 0 - CUDA_VISIBLE_DEVICES: [0]
[I 2023-11-29 22:46:22,719] Trial 120 finished with value: 0.10163887590169907 and parameters: {'gradient_clip_val': 0.13159984481905918, 'hidden_size': 41, 'dropout': 0.3613870866113714, 'hidden_continuous_size': 18, 'attention_head_size': 4, 'learning_rate': 0.08273944520618547}. Best is trial 108 with value: 0.06368661671876907.
LOCAL_RANK: 0 - CUDA_VISIBLE_DEVICES: [0]
[I 2023-11-29 22:46:35,743] Trial 121 finished with value: 0.08127373456954956 and parameters: {'gradient_clip_val': 0.11241360751942318, 'hidden_size': 45, 'dropout': 0.3473106583982484, 'hidden_continuous_size': 21, 'attention_head_size': 4, 'learning_rate': 0.09300983330176682}. Best is trial 108 with value: 0.06368661671876907.
LOCAL_RANK: 0 - CUDA_VISIBLE_DEVICES: [0]
[I 2023-11-29 22:46:48,871] Trial 122 finished with value: 0.08674239367246628 and parameters: {'gradient_clip_val': 0.11289237095722511, 'hidden_size': 46, 'dropout': 0.3493378467838105, 'hidden_continuous_size': 22, 'attention_head_size': 4, 'learning_rate': 0.09170015400420237}. Best is trial 108 with value: 0.06368661671876907.
LOCAL_RANK: 0 - CUDA_VISIBLE_DEVICES: [0]
[I 2023-11-29 22:47:01,648] Trial 123 finished with value: 0.08163292706012726 and parameters: {'gradient_clip_val': 0.10524478745726144, 'hidden_size': 44, 'dropout': 0.316419183483144, 'hidden_continuous_size': 20, 'attention_head_size': 4, 'learning_rate': 0.07757436876048032}. Best is trial 108 with value: 0.06368661671876907.
LOCAL_RANK: 0 - CUDA_VISIBLE_DEVICES: [0]
[I 2023-11-29 22:47:14,775] Trial 124 finished with value: 0.12319651991128922 and parameters: {'gradient_clip_val': 0.10394870927891546, 'hidden_size': 49, 'dropout': 0.3288561364880227, 'hidden_continuous_size': 24, 'attention_head_size': 4, 'learning_rate': 0.07470875755584712}. Best is trial 108 with value: 0.06368661671876907.
LOCAL_RANK: 0 - CUDA_VISIBLE_DEVICES: [0]
[I 2023-11-29 22:47:27,759] Trial 125 finished with value: 0.10093723982572556 and parameters: {'gradient_clip_val': 0.10918140035587044, 'hidden_size': 44, 'dropout': 0.3356294266086831, 'hidden_continuous_size': 21, 'attention_head_size': 4, 'learning_rate': 0.0788913633222663}. Best is trial 108 with value: 0.06368661671876907.
LOCAL_RANK: 0 - CUDA_VISIBLE_DEVICES: [0]
[I 2023-11-29 22:47:40,732] Trial 126 finished with value: 0.09469310194253922 and parameters: {'gradient_clip_val': 0.12705509941753892, 'hidden_size': 50, 'dropout': 0.3585749994173256, 'hidden_continuous_size': 21, 'attention_head_size': 2, 'learning_rate': 0.05581406938584925}. Best is trial 108 with value: 0.06368661671876907.
LOCAL_RANK: 0 - CUDA_VISIBLE_DEVICES: [0]
[I 2023-11-29 22:47:53,748] Trial 127 finished with value: 0.08438098430633545 and parameters: {'gradient_clip_val': 0.10469451692554982, 'hidden_size': 43, 'dropout': 0.3695889012951177, 'hidden_continuous_size': 22, 'attention_head_size': 4, 'learning_rate': 0.08515925550677568}. Best is trial 108 with value: 0.06368661671876907.
LOCAL_RANK: 0 - CUDA_VISIBLE_DEVICES: [0]
[I 2023-11-29 22:48:06,834] Trial 128 finished with value: 0.14373953640460968 and parameters: {'gradient_clip_val': 0.11381518255170878, 'hidden_size': 47, 'dropout': 0.32133644892346813, 'hidden_continuous_size': 20, 'attention_head_size': 4, 'learning_rate': 0.09890778840948544}. Best is trial 108 with value: 0.06368661671876907.
LOCAL_RANK: 0 - CUDA_VISIBLE_DEVICES: [0]
[I 2023-11-29 22:48:19,651] Trial 129 finished with value: 0.05959333851933479 and parameters: {'gradient_clip_val': 0.12118400066796713, 'hidden_size': 40, 'dropout': 0.3424535352104895, 'hidden_continuous_size': 17, 'attention_head_size': 4, 'learning_rate': 0.0694717362282456}. Best is trial 129 with value: 0.05959333851933479.
LOCAL_RANK: 0 - CUDA_VISIBLE_DEVICES: [0]
[I 2023-11-29 22:48:32,482] Trial 130 finished with value: 0.13741853833198547 and parameters: {'gradient_clip_val': 0.137328837943012, 'hidden_size': 40, 'dropout': 0.34349203036112574, 'hidden_continuous_size': 17, 'attention_head_size': 4, 'learning_rate': 0.06321105575068915}. Best is trial 129 with value: 0.05959333851933479.
LOCAL_RANK: 0 - CUDA_VISIBLE_DEVICES: [0]
[I 2023-11-29 22:48:45,415] Trial 131 finished with value: 0.1110183373093605 and parameters: {'gradient_clip_val': 0.12352940829635625, 'hidden_size': 42, 'dropout': 0.3520642508760379, 'hidden_continuous_size': 18, 'attention_head_size': 4, 'learning_rate': 0.07020432012524434}. Best is trial 129 with value: 0.05959333851933479.
LOCAL_RANK: 0 - CUDA_VISIBLE_DEVICES: [0]
[I 2023-11-29 22:48:58,233] Trial 132 finished with value: 0.06924721598625183 and parameters: {'gradient_clip_val': 0.11812295607613982, 'hidden_size': 44, 'dropout': 0.3384966311577765, 'hidden_continuous_size': 23, 'attention_head_size': 4, 'learning_rate': 0.07727613886824293}. Best is trial 129 with value: 0.05959333851933479.
LOCAL_RANK: 0 - CUDA_VISIBLE_DEVICES: [0]
[I 2023-11-29 22:49:11,263] Trial 133 finished with value: 0.09653415530920029 and parameters: {'gradient_clip_val': 0.11904411231122608, 'hidden_size': 48, 'dropout': 0.3375236840953415, 'hidden_continuous_size': 23, 'attention_head_size': 4, 'learning_rate': 0.04902943829503716}. Best is trial 129 with value: 0.05959333851933479.
LOCAL_RANK: 0 - CUDA_VISIBLE_DEVICES: [0]
[I 2023-11-29 22:49:24,719] Trial 134 finished with value: 0.08390730619430542 and parameters: {'gradient_clip_val': 0.12824385738034735, 'hidden_size': 53, 'dropout': 0.3604952580797534, 'hidden_continuous_size': 26, 'attention_head_size': 4, 'learning_rate': 0.08753977253290587}. Best is trial 129 with value: 0.05959333851933479.
LOCAL_RANK: 0 - CUDA_VISIBLE_DEVICES: [0]
[I 2023-11-29 22:49:37,645] Trial 135 finished with value: 0.08886580914258957 and parameters: {'gradient_clip_val': 0.14117626658183322, 'hidden_size': 37, 'dropout': 0.343457729503874, 'hidden_continuous_size': 16, 'attention_head_size': 4, 'learning_rate': 0.06908088831351708}. Best is trial 129 with value: 0.05959333851933479.
LOCAL_RANK: 0 - CUDA_VISIBLE_DEVICES: [0]
[I 2023-11-29 22:49:50,290] Trial 136 finished with value: 0.35567793250083923 and parameters: {'gradient_clip_val': 0.11218910670206843, 'hidden_size': 30, 'dropout': 0.3827078220680728, 'hidden_continuous_size': 17, 'attention_head_size': 4, 'learning_rate': 0.01385522301902826}. Best is trial 129 with value: 0.05959333851933479.
LOCAL_RANK: 0 - CUDA_VISIBLE_DEVICES: [0]
[I 2023-11-29 22:50:03,141] Trial 137 finished with value: 0.16447676718235016 and parameters: {'gradient_clip_val': 0.12093284185426488, 'hidden_size': 35, 'dropout': 0.35497646179391346, 'hidden_continuous_size': 16, 'attention_head_size': 4, 'learning_rate': 0.02971431179564973}. Best is trial 129 with value: 0.05959333851933479.
LOCAL_RANK: 0 - CUDA_VISIBLE_DEVICES: [0]
[I 2023-11-29 22:50:15,792] Trial 138 finished with value: 0.09416252374649048 and parameters: {'gradient_clip_val': 0.1307600503725965, 'hidden_size': 40, 'dropout': 0.36578668472905973, 'hidden_continuous_size': 18, 'attention_head_size': 4, 'learning_rate': 0.09328022341015454}. Best is trial 129 with value: 0.05959333851933479.
LOCAL_RANK: 0 - CUDA_VISIBLE_DEVICES: [0]
[I 2023-11-29 22:50:28,858] Trial 139 finished with value: 0.0932786837220192 and parameters: {'gradient_clip_val': 0.11579766304077234, 'hidden_size': 45, 'dropout': 0.3009911981852584, 'hidden_continuous_size': 17, 'attention_head_size': 4, 'learning_rate': 0.07906461354321152}. Best is trial 129 with value: 0.05959333851933479.
LOCAL_RANK: 0 - CUDA_VISIBLE_DEVICES: [0]
[I 2023-11-29 22:50:41,388] Trial 140 finished with value: 0.13897447288036346 and parameters: {'gradient_clip_val': 0.10706779303006737, 'hidden_size': 32, 'dropout': 0.37504686614627913, 'hidden_continuous_size': 16, 'attention_head_size': 4, 'learning_rate': 0.09968404396669901}. Best is trial 129 with value: 0.05959333851933479.
LOCAL_RANK: 0 - CUDA_VISIBLE_DEVICES: [0]
[I 2023-11-29 22:50:54,261] Trial 141 finished with value: 0.07502617686986923 and parameters: {'gradient_clip_val': 0.10471376565187736, 'hidden_size': 44, 'dropout': 0.3315137621620748, 'hidden_continuous_size': 22, 'attention_head_size': 4, 'learning_rate': 0.07607432007014522}. Best is trial 129 with value: 0.05959333851933479.
LOCAL_RANK: 0 - CUDA_VISIBLE_DEVICES: [0]
[I 2023-11-29 22:51:07,282] Trial 142 finished with value: 0.10986825823783875 and parameters: {'gradient_clip_val': 0.10996260107415287, 'hidden_size': 46, 'dropout': 0.3327218941317106, 'hidden_continuous_size': 22, 'attention_head_size': 4, 'learning_rate': 0.08514614441518961}. Best is trial 129 with value: 0.05959333851933479.
LOCAL_RANK: 0 - CUDA_VISIBLE_DEVICES: [0]
[I 2023-11-29 22:51:20,475] Trial 143 finished with value: 0.08010932058095932 and parameters: {'gradient_clip_val': 0.11538549085702027, 'hidden_size': 50, 'dropout': 0.3447375843274193, 'hidden_continuous_size': 24, 'attention_head_size': 4, 'learning_rate': 0.074479522855404}. Best is trial 129 with value: 0.05959333851933479.
LOCAL_RANK: 0 - CUDA_VISIBLE_DEVICES: [0]
[I 2023-11-29 22:51:33,783] Trial 144 finished with value: 0.09977259486913681 and parameters: {'gradient_clip_val': 0.10005995388304126, 'hidden_size': 51, 'dropout': 0.3277760249387658, 'hidden_continuous_size': 23, 'attention_head_size': 4, 'learning_rate': 0.05989751505984187}. Best is trial 129 with value: 0.05959333851933479.
LOCAL_RANK: 0 - CUDA_VISIBLE_DEVICES: [0]
[I 2023-11-29 22:51:46,809] Trial 145 finished with value: 0.10294559597969055 and parameters: {'gradient_clip_val': 0.1635318308715753, 'hidden_size': 42, 'dropout': 0.33910590904605487, 'hidden_continuous_size': 25, 'attention_head_size': 4, 'learning_rate': 0.07209760737885353}. Best is trial 129 with value: 0.05959333851933479.
LOCAL_RANK: 0 - CUDA_VISIBLE_DEVICES: [0]
[I 2023-11-29 22:52:00,076] Trial 146 finished with value: 0.0615447573363781 and parameters: {'gradient_clip_val': 0.12260870220707125, 'hidden_size': 56, 'dropout': 0.3486536371108851, 'hidden_continuous_size': 26, 'attention_head_size': 4, 'learning_rate': 0.06426768691638231}. Best is trial 129 with value: 0.05959333851933479.
LOCAL_RANK: 0 - CUDA_VISIBLE_DEVICES: [0]
[I 2023-11-29 22:52:13,440] Trial 147 finished with value: 0.0882190465927124 and parameters: {'gradient_clip_val': 0.12249388804346178, 'hidden_size': 57, 'dropout': 0.34757539930469844, 'hidden_continuous_size': 26, 'attention_head_size': 4, 'learning_rate': 0.07516218834691804}. Best is trial 129 with value: 0.05959333851933479.
LOCAL_RANK: 0 - CUDA_VISIBLE_DEVICES: [0]
[I 2023-11-29 22:52:26,379] Trial 148 finished with value: 0.07417413592338562 and parameters: {'gradient_clip_val': 0.11774297410649173, 'hidden_size': 48, 'dropout': 0.35384556204173095, 'hidden_continuous_size': 27, 'attention_head_size': 4, 'learning_rate': 0.054948959653192915}. Best is trial 129 with value: 0.05959333851933479.
LOCAL_RANK: 0 - CUDA_VISIBLE_DEVICES: [0]
[I 2023-11-29 22:52:39,969] Trial 149 finished with value: 0.11304859071969986 and parameters: {'gradient_clip_val': 0.1166492875659267, 'hidden_size': 55, 'dropout': 0.35370723178129754, 'hidden_continuous_size': 28, 'attention_head_size': 4, 'learning_rate': 0.054273515429166495}. Best is trial 129 with value: 0.05959333851933479.
[I 2023-11-29 22:52:40,089] A new study created in memory with name: no-name-f771d79e-7145-4953-a2dd-afe1538e4306
/home/le004/conda/anaconda3/envs/tsff_env/lib/python3.9/site-packages/lightning/fabric/plugins/environments/slurm.py:191: The `srun` command is available on your system but is not used. HINT: If your intention is to run Lightning on SLURM, prepend your python command with `srun` like so: srun python /home/le004/master_thesis/git/TSFusionForecast/code/ ...
LOCAL_RANK: 0 - CUDA_VISIBLE_DEVICES: [0]
[I 2023-11-29 22:52:52,803] Trial 0 finished with value: 0.3756504952907562 and parameters: {'gradient_clip_val': 0.4108305514370936, 'hidden_size': 52, 'dropout': 0.32576819877974306, 'hidden_continuous_size': 12, 'attention_head_size': 1, 'learning_rate': 0.005951441740131491}. Best is trial 0 with value: 0.3756504952907562.
LOCAL_RANK: 0 - CUDA_VISIBLE_DEVICES: [0]
