[I 2023-11-30 06:18:30,512] Trial 15 finished with value: 0.17566506564617157 and parameters: {'gradient_clip_val': 0.2525829933473562, 'hidden_size': 118, 'dropout': 0.21736712618256232, 'hidden_continuous_size': 69, 'attention_head_size': 3, 'learning_rate': 0.013272366556004804}. Best is trial 14 with value: 0.1171002984046936.
LOCAL_RANK: 0 - CUDA_VISIBLE_DEVICES: [0]
[I 2023-11-30 06:18:44,688] Trial 16 finished with value: 0.12619023025035858 and parameters: {'gradient_clip_val': 0.1503556241907614, 'hidden_size': 89, 'dropout': 0.3118928362010303, 'hidden_continuous_size': 50, 'attention_head_size': 3, 'learning_rate': 0.02117902443386237}. Best is trial 14 with value: 0.1171002984046936.
LOCAL_RANK: 0 - CUDA_VISIBLE_DEVICES: [0]
[I 2023-11-30 06:18:58,871] Trial 17 finished with value: 0.1752168983221054 and parameters: {'gradient_clip_val': 0.9933580348932544, 'hidden_size': 144, 'dropout': 0.19420450801040376, 'hidden_continuous_size': 50, 'attention_head_size': 3, 'learning_rate': 0.013418032804404189}. Best is trial 14 with value: 0.1171002984046936.
LOCAL_RANK: 0 - CUDA_VISIBLE_DEVICES: [0]
[I 2023-11-30 06:19:11,896] Trial 18 finished with value: 0.21975404024124146 and parameters: {'gradient_clip_val': 0.6050216408288581, 'hidden_size': 50, 'dropout': 0.2527425731402192, 'hidden_continuous_size': 24, 'attention_head_size': 2, 'learning_rate': 0.021444705692859715}. Best is trial 14 with value: 0.1171002984046936.
LOCAL_RANK: 0 - CUDA_VISIBLE_DEVICES: [0]
[I 2023-11-30 06:19:25,775] Trial 19 finished with value: 0.21037913858890533 and parameters: {'gradient_clip_val': 0.31491595774356174, 'hidden_size': 96, 'dropout': 0.30152026668573423, 'hidden_continuous_size': 42, 'attention_head_size': 3, 'learning_rate': 0.008357520478297251}. Best is trial 14 with value: 0.1171002984046936.
LOCAL_RANK: 0 - CUDA_VISIBLE_DEVICES: [0]
[I 2023-11-30 06:19:39,573] Trial 20 finished with value: 0.1239173635840416 and parameters: {'gradient_clip_val': 0.5797482774632069, 'hidden_size': 96, 'dropout': 0.363434858263578, 'hidden_continuous_size': 48, 'attention_head_size': 2, 'learning_rate': 0.07027494924489895}. Best is trial 14 with value: 0.1171002984046936.
LOCAL_RANK: 0 - CUDA_VISIBLE_DEVICES: [0]
[I 2023-11-30 06:19:53,317] Trial 21 finished with value: 0.15406166017055511 and parameters: {'gradient_clip_val': 0.5910873784735776, 'hidden_size': 96, 'dropout': 0.36561923922982487, 'hidden_continuous_size': 53, 'attention_head_size': 2, 'learning_rate': 0.09237927382584893}. Best is trial 14 with value: 0.1171002984046936.
LOCAL_RANK: 0 - CUDA_VISIBLE_DEVICES: [0]
[I 2023-11-30 06:20:06,812] Trial 22 finished with value: 0.18778955936431885 and parameters: {'gradient_clip_val': 0.979223695692679, 'hidden_size': 58, 'dropout': 0.3616192820791092, 'hidden_continuous_size': 32, 'attention_head_size': 3, 'learning_rate': 0.05892408530505733}. Best is trial 14 with value: 0.1171002984046936.
LOCAL_RANK: 0 - CUDA_VISIBLE_DEVICES: [0]
[I 2023-11-30 06:20:20,896] Trial 23 finished with value: 0.10605248063802719 and parameters: {'gradient_clip_val': 0.6784430090321059, 'hidden_size': 98, 'dropout': 0.30862669616839317, 'hidden_continuous_size': 53, 'attention_head_size': 2, 'learning_rate': 0.027002309083481127}. Best is trial 23 with value: 0.10605248063802719.
LOCAL_RANK: 0 - CUDA_VISIBLE_DEVICES: [0]
[I 2023-11-30 06:20:35,046] Trial 24 finished with value: 0.23048849403858185 and parameters: {'gradient_clip_val': 0.7208074613496211, 'hidden_size': 111, 'dropout': 0.36990613153307433, 'hidden_continuous_size': 66, 'attention_head_size': 2, 'learning_rate': 0.06612795539197751}. Best is trial 23 with value: 0.10605248063802719.
LOCAL_RANK: 0 - CUDA_VISIBLE_DEVICES: [0]
[I 2023-11-30 06:20:49,662] Trial 25 finished with value: 0.256430059671402 and parameters: {'gradient_clip_val': 0.6523799202386111, 'hidden_size': 143, 'dropout': 0.35114974518481873, 'hidden_continuous_size': 90, 'attention_head_size': 2, 'learning_rate': 0.0310106151374996}. Best is trial 23 with value: 0.10605248063802719.
LOCAL_RANK: 0 - CUDA_VISIBLE_DEVICES: [0]
[I 2023-11-30 06:21:03,375] Trial 26 finished with value: 0.16133707761764526 and parameters: {'gradient_clip_val': 0.5507875255750193, 'hidden_size': 76, 'dropout': 0.31715892603272033, 'hidden_continuous_size': 42, 'attention_head_size': 2, 'learning_rate': 0.052863003420438134}. Best is trial 23 with value: 0.10605248063802719.
LOCAL_RANK: 0 - CUDA_VISIBLE_DEVICES: [0]
[I 2023-11-30 06:21:17,379] Trial 27 finished with value: 0.1306280493736267 and parameters: {'gradient_clip_val': 0.7610121863639845, 'hidden_size': 102, 'dropout': 0.3926792391468562, 'hidden_continuous_size': 56, 'attention_head_size': 2, 'learning_rate': 0.028304584104013562}. Best is trial 23 with value: 0.10605248063802719.
LOCAL_RANK: 0 - CUDA_VISIBLE_DEVICES: [0]
[I 2023-11-30 06:21:31,213] Trial 28 finished with value: 0.17098473012447357 and parameters: {'gradient_clip_val': 0.8586545824826741, 'hidden_size': 86, 'dropout': 0.33135280527682515, 'hidden_continuous_size': 45, 'attention_head_size': 1, 'learning_rate': 0.07865142438053822}. Best is trial 23 with value: 0.10605248063802719.
LOCAL_RANK: 0 - CUDA_VISIBLE_DEVICES: [0]
[I 2023-11-30 06:21:44,952] Trial 29 finished with value: 0.26659467816352844 and parameters: {'gradient_clip_val': 0.5076772878448061, 'hidden_size': 112, 'dropout': 0.2745560684005361, 'hidden_continuous_size': 37, 'attention_head_size': 1, 'learning_rate': 0.02633802557126014}. Best is trial 23 with value: 0.10605248063802719.
LOCAL_RANK: 0 - CUDA_VISIBLE_DEVICES: [0]
[I 2023-11-30 06:21:58,094] Trial 30 finished with value: 0.17937155067920685 and parameters: {'gradient_clip_val': 0.7185910823159731, 'hidden_size': 51, 'dropout': 0.29187505747399606, 'hidden_continuous_size': 30, 'attention_head_size': 2, 'learning_rate': 0.044711662198625705}. Best is trial 23 with value: 0.10605248063802719.
LOCAL_RANK: 0 - CUDA_VISIBLE_DEVICES: [0]
[I 2023-11-30 06:22:12,244] Trial 31 finished with value: 0.2159741371870041 and parameters: {'gradient_clip_val': 0.12673579550982347, 'hidden_size': 83, 'dropout': 0.3086715408323451, 'hidden_continuous_size': 48, 'attention_head_size': 3, 'learning_rate': 0.015272925526390245}. Best is trial 23 with value: 0.10605248063802719.
LOCAL_RANK: 0 - CUDA_VISIBLE_DEVICES: [0]
[I 2023-11-30 06:22:25,849] Trial 32 finished with value: 0.15118400752544403 and parameters: {'gradient_clip_val': 0.10048126283445556, 'hidden_size': 66, 'dropout': 0.31677480908802347, 'hidden_continuous_size': 44, 'attention_head_size': 3, 'learning_rate': 0.0254776170136614}. Best is trial 23 with value: 0.10605248063802719.
LOCAL_RANK: 0 - CUDA_VISIBLE_DEVICES: [0]
[I 2023-11-30 06:22:39,990] Trial 33 finished with value: 0.17966671288013458 and parameters: {'gradient_clip_val': 0.8918783530007537, 'hidden_size': 97, 'dropout': 0.2706232162960052, 'hidden_continuous_size': 58, 'attention_head_size': 3, 'learning_rate': 0.0187543698047988}. Best is trial 23 with value: 0.10605248063802719.
LOCAL_RANK: 0 - CUDA_VISIBLE_DEVICES: [0]
[I 2023-11-30 06:22:54,034] Trial 34 finished with value: 0.11016378551721573 and parameters: {'gradient_clip_val': 0.6273575801074339, 'hidden_size': 78, 'dropout': 0.2972470993547876, 'hidden_continuous_size': 50, 'attention_head_size': 4, 'learning_rate': 0.0338574802456646}. Best is trial 23 with value: 0.10605248063802719.
LOCAL_RANK: 0 - CUDA_VISIBLE_DEVICES: [0]
[I 2023-11-30 06:23:07,768] Trial 35 finished with value: 0.16359545290470123 and parameters: {'gradient_clip_val': 0.6789349829783489, 'hidden_size': 73, 'dropout': 0.2965382301420846, 'hidden_continuous_size': 37, 'attention_head_size': 4, 'learning_rate': 0.04974611967987393}. Best is trial 23 with value: 0.10605248063802719.
LOCAL_RANK: 0 - CUDA_VISIBLE_DEVICES: [0]
[I 2023-11-30 06:23:21,851] Trial 36 finished with value: 0.1912636011838913 and parameters: {'gradient_clip_val': 0.44449314111121463, 'hidden_size': 78, 'dropout': 0.2872877314636245, 'hidden_continuous_size': 59, 'attention_head_size': 4, 'learning_rate': 0.03655662896645075}. Best is trial 23 with value: 0.10605248063802719.
LOCAL_RANK: 0 - CUDA_VISIBLE_DEVICES: [0]
[I 2023-11-30 06:23:35,544] Trial 37 finished with value: 0.12476253509521484 and parameters: {'gradient_clip_val': 0.6187476299605702, 'hidden_size': 68, 'dropout': 0.2592675011260151, 'hidden_continuous_size': 47, 'attention_head_size': 4, 'learning_rate': 0.03405773979508881}. Best is trial 23 with value: 0.10605248063802719.
LOCAL_RANK: 0 - CUDA_VISIBLE_DEVICES: [0]
[I 2023-11-30 06:23:50,091] Trial 38 finished with value: 0.20900177955627441 and parameters: {'gradient_clip_val': 0.5559552907714023, 'hidden_size': 126, 'dropout': 0.35540819625114417, 'hidden_continuous_size': 79, 'attention_head_size': 4, 'learning_rate': 0.051612267134126706}. Best is trial 23 with value: 0.10605248063802719.
LOCAL_RANK: 0 - CUDA_VISIBLE_DEVICES: [0]
[I 2023-11-30 06:24:04,040] Trial 39 finished with value: 0.15116296708583832 and parameters: {'gradient_clip_val': 0.8455479969223146, 'hidden_size': 81, 'dropout': 0.2335051534451638, 'hidden_continuous_size': 53, 'attention_head_size': 2, 'learning_rate': 0.07182754427752579}. Best is trial 23 with value: 0.10605248063802719.
LOCAL_RANK: 0 - CUDA_VISIBLE_DEVICES: [0]
[I 2023-11-30 06:24:17,426] Trial 40 finished with value: 0.1576995700597763 and parameters: {'gradient_clip_val': 0.671300744475079, 'hidden_size': 61, 'dropout': 0.34522217040872094, 'hidden_continuous_size': 40, 'attention_head_size': 1, 'learning_rate': 0.03802430843217136}. Best is trial 23 with value: 0.10605248063802719.
LOCAL_RANK: 0 - CUDA_VISIBLE_DEVICES: [0]
[I 2023-11-30 06:24:31,451] Trial 41 finished with value: 0.13984030485153198 and parameters: {'gradient_clip_val': 0.6149029421622051, 'hidden_size': 70, 'dropout': 0.26006535719396157, 'hidden_continuous_size': 45, 'attention_head_size': 4, 'learning_rate': 0.03198477366934082}. Best is trial 23 with value: 0.10605248063802719.
LOCAL_RANK: 0 - CUDA_VISIBLE_DEVICES: [0]
[I 2023-11-30 06:24:45,660] Trial 42 finished with value: 0.1486228108406067 and parameters: {'gradient_clip_val': 0.7758603559573162, 'hidden_size': 104, 'dropout': 0.27407092637989744, 'hidden_continuous_size': 62, 'attention_head_size': 4, 'learning_rate': 0.02682153526944881}. Best is trial 23 with value: 0.10605248063802719.
LOCAL_RANK: 0 - CUDA_VISIBLE_DEVICES: [0]
[I 2023-11-30 06:24:59,215] Trial 43 finished with value: 0.14261342585086823 and parameters: {'gradient_clip_val': 0.4303709055063365, 'hidden_size': 52, 'dropout': 0.32469019488069806, 'hidden_continuous_size': 40, 'attention_head_size': 4, 'learning_rate': 0.044121879618030165}. Best is trial 23 with value: 0.10605248063802719.
LOCAL_RANK: 0 - CUDA_VISIBLE_DEVICES: [0]
[I 2023-11-30 06:25:13,190] Trial 44 finished with value: 0.1451544612646103 and parameters: {'gradient_clip_val': 0.5324909695742643, 'hidden_size': 88, 'dropout': 0.2952347535587504, 'hidden_continuous_size': 49, 'attention_head_size': 4, 'learning_rate': 0.017783744894169683}. Best is trial 23 with value: 0.10605248063802719.
LOCAL_RANK: 0 - CUDA_VISIBLE_DEVICES: [0]
[I 2023-11-30 06:25:26,902] Trial 45 finished with value: 0.13404375314712524 and parameters: {'gradient_clip_val': 0.599550215859668, 'hidden_size': 66, 'dropout': 0.2831345195631621, 'hidden_continuous_size': 48, 'attention_head_size': 4, 'learning_rate': 0.03496659370832978}. Best is trial 23 with value: 0.10605248063802719.
LOCAL_RANK: 0 - CUDA_VISIBLE_DEVICES: [0]
[I 2023-11-30 06:25:41,045] Trial 46 finished with value: 0.11290136724710464 and parameters: {'gradient_clip_val': 0.764924751112548, 'hidden_size': 76, 'dropout': 0.23929257105660304, 'hidden_continuous_size': 54, 'attention_head_size': 4, 'learning_rate': 0.061125024296457914}. Best is trial 23 with value: 0.10605248063802719.
LOCAL_RANK: 0 - CUDA_VISIBLE_DEVICES: [0]
[I 2023-11-30 06:25:55,163] Trial 47 finished with value: 0.1931595355272293 and parameters: {'gradient_clip_val': 0.8006052592663926, 'hidden_size': 126, 'dropout': 0.24045855752012607, 'hidden_continuous_size': 64, 'attention_head_size': 2, 'learning_rate': 0.07977292758390601}. Best is trial 23 with value: 0.10605248063802719.
LOCAL_RANK: 0 - CUDA_VISIBLE_DEVICES: [0]
[I 2023-11-30 06:26:09,208] Trial 48 finished with value: 0.16030766069889069 and parameters: {'gradient_clip_val': 0.7273291223778959, 'hidden_size': 90, 'dropout': 0.3770923423492728, 'hidden_continuous_size': 56, 'attention_head_size': 2, 'learning_rate': 0.06058042264851384}. Best is trial 23 with value: 0.10605248063802719.
LOCAL_RANK: 0 - CUDA_VISIBLE_DEVICES: [0]
[I 2023-11-30 06:26:22,363] Trial 49 finished with value: 0.1297154277563095 and parameters: {'gradient_clip_val': 0.9355824610545571, 'hidden_size': 44, 'dropout': 0.3428145365442894, 'hidden_continuous_size': 35, 'attention_head_size': 3, 'learning_rate': 0.04731079453133424}. Best is trial 23 with value: 0.10605248063802719.
LOCAL_RANK: 0 - CUDA_VISIBLE_DEVICES: [0]
[I 2023-11-30 06:26:36,513] Trial 50 finished with value: 0.2094208002090454 and parameters: {'gradient_clip_val': 0.84875292388405, 'hidden_size': 77, 'dropout': 0.30245005789007345, 'hidden_continuous_size': 54, 'attention_head_size': 4, 'learning_rate': 0.09484834563748563}. Best is trial 23 with value: 0.10605248063802719.
LOCAL_RANK: 0 - CUDA_VISIBLE_DEVICES: [0]
[I 2023-11-30 06:26:50,213] Trial 51 finished with value: 0.16273309290409088 and parameters: {'gradient_clip_val': 0.6469162721172361, 'hidden_size': 68, 'dropout': 0.26807165930786897, 'hidden_continuous_size': 45, 'attention_head_size': 4, 'learning_rate': 0.040680190537742696}. Best is trial 23 with value: 0.10605248063802719.
LOCAL_RANK: 0 - CUDA_VISIBLE_DEVICES: [0]
[I 2023-11-30 06:27:03,868] Trial 52 finished with value: 0.12957675755023956 and parameters: {'gradient_clip_val': 0.9931766760315994, 'hidden_size': 59, 'dropout': 0.2603577154653027, 'hidden_continuous_size': 47, 'attention_head_size': 4, 'learning_rate': 0.05598263689458556}. Best is trial 23 with value: 0.10605248063802719.
LOCAL_RANK: 0 - CUDA_VISIBLE_DEVICES: [0]
[I 2023-11-30 06:27:18,060] Trial 53 finished with value: 0.16337722539901733 and parameters: {'gradient_clip_val': 0.6949798619729425, 'hidden_size': 106, 'dropout': 0.21990605038957795, 'hidden_continuous_size': 62, 'attention_head_size': 4, 'learning_rate': 0.022894834089884204}. Best is trial 23 with value: 0.10605248063802719.
LOCAL_RANK: 0 - CUDA_VISIBLE_DEVICES: [0]
[I 2023-11-30 06:27:32,141] Trial 54 finished with value: 0.13720841705799103 and parameters: {'gradient_clip_val': 0.7926070017602272, 'hidden_size': 94, 'dropout': 0.24517825484008673, 'hidden_continuous_size': 50, 'attention_head_size': 4, 'learning_rate': 0.030418212130000784}. Best is trial 23 with value: 0.10605248063802719.
LOCAL_RANK: 0 - CUDA_VISIBLE_DEVICES: [0]
[I 2023-11-30 06:27:46,220] Trial 55 finished with value: 0.1482214480638504 and parameters: {'gradient_clip_val': 0.9010529336582135, 'hidden_size': 74, 'dropout': 0.32758006721698707, 'hidden_continuous_size': 52, 'attention_head_size': 3, 'learning_rate': 0.06724357718167984}. Best is trial 23 with value: 0.10605248063802719.
LOCAL_RANK: 0 - CUDA_VISIBLE_DEVICES: [0]
[I 2023-11-30 06:28:00,213] Trial 56 finished with value: 0.10131225734949112 and parameters: {'gradient_clip_val': 0.5697477457090468, 'hidden_size': 83, 'dropout': 0.28430548118177706, 'hidden_continuous_size': 59, 'attention_head_size': 2, 'learning_rate': 0.03592897620153296}. Best is trial 56 with value: 0.10131225734949112.
LOCAL_RANK: 0 - CUDA_VISIBLE_DEVICES: [0]
[I 2023-11-30 06:28:14,471] Trial 57 finished with value: 0.18615597486495972 and parameters: {'gradient_clip_val': 0.49188081647304155, 'hidden_size': 110, 'dropout': 0.2792872710800312, 'hidden_continuous_size': 72, 'attention_head_size': 2, 'learning_rate': 0.023401115171727806}. Best is trial 56 with value: 0.10131225734949112.
LOCAL_RANK: 0 - CUDA_VISIBLE_DEVICES: [0]
[I 2023-11-30 06:28:28,452] Trial 58 finished with value: 0.11988804489374161 and parameters: {'gradient_clip_val': 0.571044187627691, 'hidden_size': 86, 'dropout': 0.3039764239170017, 'hidden_continuous_size': 59, 'attention_head_size': 2, 'learning_rate': 0.04304162965868595}. Best is trial 56 with value: 0.10131225734949112.
LOCAL_RANK: 0 - CUDA_VISIBLE_DEVICES: [0]
[I 2023-11-30 06:28:42,272] Trial 59 finished with value: 0.14873775839805603 and parameters: {'gradient_clip_val': 0.7418551320110881, 'hidden_size': 80, 'dropout': 0.28655313778763514, 'hidden_continuous_size': 59, 'attention_head_size': 2, 'learning_rate': 0.03983789480420007}. Best is trial 56 with value: 0.10131225734949112.
LOCAL_RANK: 0 - CUDA_VISIBLE_DEVICES: [0]
[I 2023-11-30 06:28:56,149] Trial 60 finished with value: 0.18798883259296417 and parameters: {'gradient_clip_val': 0.5545427831289792, 'hidden_size': 88, 'dropout': 0.30757350107788123, 'hidden_continuous_size': 67, 'attention_head_size': 2, 'learning_rate': 0.029875962923583552}. Best is trial 56 with value: 0.10131225734949112.
LOCAL_RANK: 0 - CUDA_VISIBLE_DEVICES: [0]
[I 2023-11-30 06:29:10,297] Trial 61 finished with value: 0.17948780953884125 and parameters: {'gradient_clip_val': 0.5749180324418172, 'hidden_size': 98, 'dropout': 0.3368138357533791, 'hidden_continuous_size': 54, 'attention_head_size': 2, 'learning_rate': 0.05174137460626299}. Best is trial 56 with value: 0.10131225734949112.
LOCAL_RANK: 0 - CUDA_VISIBLE_DEVICES: [0]
[I 2023-11-30 06:29:24,269] Trial 62 finished with value: 0.1159709021449089 and parameters: {'gradient_clip_val': 0.6511132311496549, 'hidden_size': 82, 'dropout': 0.31583391882244455, 'hidden_continuous_size': 60, 'attention_head_size': 2, 'learning_rate': 0.044130195667098505}. Best is trial 56 with value: 0.10131225734949112.
LOCAL_RANK: 0 - CUDA_VISIBLE_DEVICES: [0]
[I 2023-11-30 06:29:38,004] Trial 63 finished with value: 0.18645258247852325 and parameters: {'gradient_clip_val': 0.6552269994704935, 'hidden_size': 84, 'dropout': 0.32161628617560656, 'hidden_continuous_size': 60, 'attention_head_size': 2, 'learning_rate': 0.041423517664936585}. Best is trial 56 with value: 0.10131225734949112.
LOCAL_RANK: 0 - CUDA_VISIBLE_DEVICES: [0]
[I 2023-11-30 06:29:51,769] Trial 64 finished with value: 0.19966168701648712 and parameters: {'gradient_clip_val': 0.8180895183822302, 'hidden_size': 76, 'dropout': 0.3027014489370332, 'hidden_continuous_size': 56, 'attention_head_size': 1, 'learning_rate': 0.02582380515093488}. Best is trial 56 with value: 0.10131225734949112.
LOCAL_RANK: 0 - CUDA_VISIBLE_DEVICES: [0]
[I 2023-11-30 06:30:05,894] Trial 65 finished with value: 0.21020261943340302 and parameters: {'gradient_clip_val': 0.750759777335264, 'hidden_size': 116, 'dropout': 0.2922848057921021, 'hidden_continuous_size': 69, 'attention_head_size': 2, 'learning_rate': 0.046465823940154444}. Best is trial 56 with value: 0.10131225734949112.
LOCAL_RANK: 0 - CUDA_VISIBLE_DEVICES: [0]
[I 2023-11-30 06:30:19,542] Trial 66 finished with value: 0.13063952326774597 and parameters: {'gradient_clip_val': 0.7029050509657522, 'hidden_size': 64, 'dropout': 0.3138956306038436, 'hidden_continuous_size': 53, 'attention_head_size': 2, 'learning_rate': 0.0336444178741493}. Best is trial 56 with value: 0.10131225734949112.
LOCAL_RANK: 0 - CUDA_VISIBLE_DEVICES: [0]
[I 2023-11-30 06:30:32,875] Trial 67 finished with value: 0.16473577916622162 and parameters: {'gradient_clip_val': 0.5108312483979275, 'hidden_size': 56, 'dropout': 0.3117157718111436, 'hidden_continuous_size': 51, 'attention_head_size': 2, 'learning_rate': 0.019462417718677814}. Best is trial 56 with value: 0.10131225734949112.
LOCAL_RANK: 0 - CUDA_VISIBLE_DEVICES: [0]
[I 2023-11-30 06:30:46,807] Trial 68 finished with value: 0.14232651889324188 and parameters: {'gradient_clip_val': 0.6348102176022834, 'hidden_size': 72, 'dropout': 0.3235620827477117, 'hidden_continuous_size': 57, 'attention_head_size': 3, 'learning_rate': 0.029970220099990282}. Best is trial 56 with value: 0.10131225734949112.
LOCAL_RANK: 0 - CUDA_VISIBLE_DEVICES: [0]
[I 2023-11-30 06:31:00,751] Trial 69 finished with value: 0.2315007597208023 and parameters: {'gradient_clip_val': 0.9119821824593962, 'hidden_size': 92, 'dropout': 0.285085017107667, 'hidden_continuous_size': 61, 'attention_head_size': 2, 'learning_rate': 0.037000632854118046}. Best is trial 56 with value: 0.10131225734949112.
LOCAL_RANK: 0 - CUDA_VISIBLE_DEVICES: [0]
[I 2023-11-30 06:31:14,489] Trial 70 finished with value: 0.1881449669599533 and parameters: {'gradient_clip_val': 0.6009464080678438, 'hidden_size': 84, 'dropout': 0.2943262564232124, 'hidden_continuous_size': 62, 'attention_head_size': 2, 'learning_rate': 0.059425357436212585}. Best is trial 56 with value: 0.10131225734949112.
LOCAL_RANK: 0 - CUDA_VISIBLE_DEVICES: [0]
[I 2023-11-30 06:31:29,026] Trial 71 finished with value: 0.2039266973733902 and parameters: {'gradient_clip_val': 0.5754056117715867, 'hidden_size': 102, 'dropout': 0.3335628328750342, 'hidden_continuous_size': 75, 'attention_head_size': 2, 'learning_rate': 0.056470668688120604}. Best is trial 56 with value: 0.10131225734949112.
LOCAL_RANK: 0 - CUDA_VISIBLE_DEVICES: [0]
[I 2023-11-30 06:31:42,962] Trial 72 finished with value: 0.13256685435771942 and parameters: {'gradient_clip_val': 0.5356650881715251, 'hidden_size': 78, 'dropout': 0.35421903067005567, 'hidden_continuous_size': 51, 'attention_head_size': 2, 'learning_rate': 0.04628790177334441}. Best is trial 56 with value: 0.10131225734949112.
LOCAL_RANK: 0 - CUDA_VISIBLE_DEVICES: [0]
