[I 2023-11-30 14:35:19,537] Trial 114 finished with value: 0.09760520607233047 and parameters: {'gradient_clip_val': 0.48303909781397714, 'hidden_size': 64, 'dropout': 0.15930553783317575, 'hidden_continuous_size': 26, 'attention_head_size': 1, 'learning_rate': 0.033491510700682764}. Best is trial 61 with value: 0.07154036313295364.
LOCAL_RANK: 0 - CUDA_VISIBLE_DEVICES: [0]
[I 2023-11-30 14:35:32,486] Trial 115 finished with value: 0.08507037162780762 and parameters: {'gradient_clip_val': 0.530931515509305, 'hidden_size': 47, 'dropout': 0.14355826551607517, 'hidden_continuous_size': 30, 'attention_head_size': 1, 'learning_rate': 0.04061730864079347}. Best is trial 61 with value: 0.07154036313295364.
LOCAL_RANK: 0 - CUDA_VISIBLE_DEVICES: [0]
[I 2023-11-30 14:35:45,400] Trial 116 finished with value: 0.08094225078821182 and parameters: {'gradient_clip_val': 0.496389469484205, 'hidden_size': 52, 'dropout': 0.165102036285674, 'hidden_continuous_size': 28, 'attention_head_size': 1, 'learning_rate': 0.04564075557820569}. Best is trial 61 with value: 0.07154036313295364.
LOCAL_RANK: 0 - CUDA_VISIBLE_DEVICES: [0]
[I 2023-11-30 14:35:58,945] Trial 117 finished with value: 0.08724474161863327 and parameters: {'gradient_clip_val': 0.457082783192873, 'hidden_size': 52, 'dropout': 0.1736585321567807, 'hidden_continuous_size': 25, 'attention_head_size': 1, 'learning_rate': 0.031644287703549503}. Best is trial 61 with value: 0.07154036313295364.
LOCAL_RANK: 0 - CUDA_VISIBLE_DEVICES: [0]
[I 2023-11-30 14:36:12,309] Trial 118 finished with value: 0.09054192155599594 and parameters: {'gradient_clip_val': 0.5790640622962154, 'hidden_size': 56, 'dropout': 0.18175402326064707, 'hidden_continuous_size': 25, 'attention_head_size': 4, 'learning_rate': 0.044764844648385003}. Best is trial 61 with value: 0.07154036313295364.
LOCAL_RANK: 0 - CUDA_VISIBLE_DEVICES: [0]
[I 2023-11-30 14:36:26,031] Trial 119 finished with value: 0.18248571455478668 and parameters: {'gradient_clip_val': 0.6215779110229438, 'hidden_size': 46, 'dropout': 0.1493950879771256, 'hidden_continuous_size': 23, 'attention_head_size': 1, 'learning_rate': 0.024679674241017368}. Best is trial 61 with value: 0.07154036313295364.
LOCAL_RANK: 0 - CUDA_VISIBLE_DEVICES: [0]
[I 2023-11-30 14:36:40,113] Trial 120 finished with value: 0.09938805550336838 and parameters: {'gradient_clip_val': 0.5630528633433904, 'hidden_size': 70, 'dropout': 0.1373742374251618, 'hidden_continuous_size': 27, 'attention_head_size': 3, 'learning_rate': 0.027551839888684846}. Best is trial 61 with value: 0.07154036313295364.
LOCAL_RANK: 0 - CUDA_VISIBLE_DEVICES: [0]
[I 2023-11-30 14:36:54,308] Trial 121 finished with value: 0.0956752672791481 and parameters: {'gradient_clip_val': 0.507967347959537, 'hidden_size': 61, 'dropout': 0.1636134741560489, 'hidden_continuous_size': 29, 'attention_head_size': 1, 'learning_rate': 0.05809210351233463}. Best is trial 61 with value: 0.07154036313295364.
LOCAL_RANK: 0 - CUDA_VISIBLE_DEVICES: [0]
[I 2023-11-30 14:37:08,364] Trial 122 finished with value: 0.23467035591602325 and parameters: {'gradient_clip_val': 0.4836818511341753, 'hidden_size': 58, 'dropout': 0.16908379438126916, 'hidden_continuous_size': 28, 'attention_head_size': 1, 'learning_rate': 0.0465462429206767}. Best is trial 61 with value: 0.07154036313295364.
LOCAL_RANK: 0 - CUDA_VISIBLE_DEVICES: [0]
[I 2023-11-30 14:37:22,629] Trial 123 finished with value: 0.11699628829956055 and parameters: {'gradient_clip_val': 0.4540507326580559, 'hidden_size': 50, 'dropout': 0.17648937292261727, 'hidden_continuous_size': 33, 'attention_head_size': 1, 'learning_rate': 0.05220156600495607}. Best is trial 61 with value: 0.07154036313295364.
LOCAL_RANK: 0 - CUDA_VISIBLE_DEVICES: [0]
[I 2023-11-30 14:37:35,780] Trial 124 finished with value: 0.12093678116798401 and parameters: {'gradient_clip_val': 0.4954891796547932, 'hidden_size': 53, 'dropout': 0.13414654486755, 'hidden_continuous_size': 28, 'attention_head_size': 1, 'learning_rate': 0.07488130244452078}. Best is trial 61 with value: 0.07154036313295364.
LOCAL_RANK: 0 - CUDA_VISIBLE_DEVICES: [0]
[I 2023-11-30 14:37:49,280] Trial 125 finished with value: 0.08822136372327805 and parameters: {'gradient_clip_val': 0.43048151617262065, 'hidden_size': 44, 'dropout': 0.15358982665288462, 'hidden_continuous_size': 26, 'attention_head_size': 1, 'learning_rate': 0.06271228515679322}. Best is trial 61 with value: 0.07154036313295364.
LOCAL_RANK: 0 - CUDA_VISIBLE_DEVICES: [0]
[I 2023-11-30 14:38:03,346] Trial 126 finished with value: 0.11627453565597534 and parameters: {'gradient_clip_val': 0.5335217532992995, 'hidden_size': 68, 'dropout': 0.15823932197344898, 'hidden_continuous_size': 33, 'attention_head_size': 1, 'learning_rate': 0.03946547285293018}. Best is trial 61 with value: 0.07154036313295364.
LOCAL_RANK: 0 - CUDA_VISIBLE_DEVICES: [0]
[I 2023-11-30 14:38:16,873] Trial 127 finished with value: 0.11969403177499771 and parameters: {'gradient_clip_val': 0.4087943195075403, 'hidden_size': 56, 'dropout': 0.14182491003509803, 'hidden_continuous_size': 24, 'attention_head_size': 1, 'learning_rate': 0.035424073096746826}. Best is trial 61 with value: 0.07154036313295364.
LOCAL_RANK: 0 - CUDA_VISIBLE_DEVICES: [0]
[I 2023-11-30 14:38:30,896] Trial 128 finished with value: 0.13202019035816193 and parameters: {'gradient_clip_val': 0.4707610774937824, 'hidden_size': 74, 'dropout': 0.19341050106587981, 'hidden_continuous_size': 27, 'attention_head_size': 3, 'learning_rate': 0.05148750178253209}. Best is trial 61 with value: 0.07154036313295364.
LOCAL_RANK: 0 - CUDA_VISIBLE_DEVICES: [0]
[I 2023-11-30 14:38:44,319] Trial 129 finished with value: 0.11264732480049133 and parameters: {'gradient_clip_val': 0.5088255967768339, 'hidden_size': 40, 'dropout': 0.18392936642347285, 'hidden_continuous_size': 28, 'attention_head_size': 4, 'learning_rate': 0.06575050446676002}. Best is trial 61 with value: 0.07154036313295364.
LOCAL_RANK: 0 - CUDA_VISIBLE_DEVICES: [0]
[I 2023-11-30 14:38:57,759] Trial 130 finished with value: 0.10695485025644302 and parameters: {'gradient_clip_val': 0.45075891485897646, 'hidden_size': 49, 'dropout': 0.2029444283374898, 'hidden_continuous_size': 26, 'attention_head_size': 1, 'learning_rate': 0.04485830905714023}. Best is trial 61 with value: 0.07154036313295364.
LOCAL_RANK: 0 - CUDA_VISIBLE_DEVICES: [0]
[I 2023-11-30 14:39:10,951] Trial 131 finished with value: 0.19094796478748322 and parameters: {'gradient_clip_val': 0.5301852459159132, 'hidden_size': 46, 'dropout': 0.1455921138721445, 'hidden_continuous_size': 29, 'attention_head_size': 1, 'learning_rate': 0.04060133221490007}. Best is trial 61 with value: 0.07154036313295364.
LOCAL_RANK: 0 - CUDA_VISIBLE_DEVICES: [0]
[I 2023-11-30 14:39:24,615] Trial 132 finished with value: 0.08139099180698395 and parameters: {'gradient_clip_val': 0.5499890060662067, 'hidden_size': 48, 'dropout': 0.16296045612293308, 'hidden_continuous_size': 23, 'attention_head_size': 1, 'learning_rate': 0.0378217035291955}. Best is trial 61 with value: 0.07154036313295364.
LOCAL_RANK: 0 - CUDA_VISIBLE_DEVICES: [0]
[I 2023-11-30 14:39:38,390] Trial 133 finished with value: 0.10845915228128433 and parameters: {'gradient_clip_val': 0.5643943632260062, 'hidden_size': 51, 'dropout': 0.16570911704723576, 'hidden_continuous_size': 23, 'attention_head_size': 1, 'learning_rate': 0.029930749967261947}. Best is trial 61 with value: 0.07154036313295364.
LOCAL_RANK: 0 - CUDA_VISIBLE_DEVICES: [0]
[I 2023-11-30 14:39:51,315] Trial 134 finished with value: 0.08965326100587845 and parameters: {'gradient_clip_val': 0.49679864006860514, 'hidden_size': 48, 'dropout': 0.16928681633127746, 'hidden_continuous_size': 24, 'attention_head_size': 1, 'learning_rate': 0.03394607021962576}. Best is trial 61 with value: 0.07154036313295364.
LOCAL_RANK: 0 - CUDA_VISIBLE_DEVICES: [0]
[I 2023-11-30 14:40:05,081] Trial 135 finished with value: 0.09021520614624023 and parameters: {'gradient_clip_val': 0.4719827761308861, 'hidden_size': 61, 'dropout': 0.15700602482828876, 'hidden_continuous_size': 25, 'attention_head_size': 1, 'learning_rate': 0.05756435829927495}. Best is trial 61 with value: 0.07154036313295364.
LOCAL_RANK: 0 - CUDA_VISIBLE_DEVICES: [0]
[I 2023-11-30 14:40:18,685] Trial 136 finished with value: 0.16574646532535553 and parameters: {'gradient_clip_val': 0.5854334507966584, 'hidden_size': 43, 'dropout': 0.16172474395523237, 'hidden_continuous_size': 22, 'attention_head_size': 3, 'learning_rate': 0.022462629423555425}. Best is trial 61 with value: 0.07154036313295364.
LOCAL_RANK: 0 - CUDA_VISIBLE_DEVICES: [0]
[I 2023-11-30 14:40:32,373] Trial 137 finished with value: 0.17759494483470917 and parameters: {'gradient_clip_val': 0.6213728232684322, 'hidden_size': 37, 'dropout': 0.13230179198519945, 'hidden_continuous_size': 23, 'attention_head_size': 1, 'learning_rate': 0.05044522144874073}. Best is trial 61 with value: 0.07154036313295364.
LOCAL_RANK: 0 - CUDA_VISIBLE_DEVICES: [0]
[I 2023-11-30 14:40:45,984] Trial 138 finished with value: 0.11849730461835861 and parameters: {'gradient_clip_val': 0.6499995873987948, 'hidden_size': 54, 'dropout': 0.15025963035243328, 'hidden_continuous_size': 21, 'attention_head_size': 2, 'learning_rate': 0.08767482187589919}. Best is trial 61 with value: 0.07154036313295364.
LOCAL_RANK: 0 - CUDA_VISIBLE_DEVICES: [0]
[I 2023-11-30 14:40:59,800] Trial 139 finished with value: 0.13118769228458405 and parameters: {'gradient_clip_val': 0.42097043996002054, 'hidden_size': 58, 'dropout': 0.12179776210597204, 'hidden_continuous_size': 25, 'attention_head_size': 1, 'learning_rate': 0.03721452150326942}. Best is trial 61 with value: 0.07154036313295364.
LOCAL_RANK: 0 - CUDA_VISIBLE_DEVICES: [0]
[I 2023-11-30 14:41:12,967] Trial 140 finished with value: 0.08874261379241943 and parameters: {'gradient_clip_val': 0.5424181605955627, 'hidden_size': 39, 'dropout': 0.17676501342395146, 'hidden_continuous_size': 18, 'attention_head_size': 3, 'learning_rate': 0.06980640803602016}. Best is trial 61 with value: 0.07154036313295364.
LOCAL_RANK: 0 - CUDA_VISIBLE_DEVICES: [0]
[I 2023-11-30 14:41:26,041] Trial 141 finished with value: 0.07630541920661926 and parameters: {'gradient_clip_val': 0.517229249551552, 'hidden_size': 46, 'dropout': 0.14262948795883848, 'hidden_continuous_size': 30, 'attention_head_size': 1, 'learning_rate': 0.04293410499917921}. Best is trial 61 with value: 0.07154036313295364.
LOCAL_RANK: 0 - CUDA_VISIBLE_DEVICES: [0]
[I 2023-11-30 14:41:39,648] Trial 142 finished with value: 0.09820828586816788 and parameters: {'gradient_clip_val': 0.44308252253628366, 'hidden_size': 45, 'dropout': 0.1392067247225968, 'hidden_continuous_size': 28, 'attention_head_size': 1, 'learning_rate': 0.04309990730860635}. Best is trial 61 with value: 0.07154036313295364.
LOCAL_RANK: 0 - CUDA_VISIBLE_DEVICES: [0]
[I 2023-11-30 14:41:53,220] Trial 143 finished with value: 0.10402023792266846 and parameters: {'gradient_clip_val': 0.5087479381389347, 'hidden_size': 47, 'dropout': 0.14634851307760402, 'hidden_continuous_size': 22, 'attention_head_size': 1, 'learning_rate': 0.04812256742267991}. Best is trial 61 with value: 0.07154036313295364.
LOCAL_RANK: 0 - CUDA_VISIBLE_DEVICES: [0]
[I 2023-11-30 14:42:06,656] Trial 144 finished with value: 0.08046650886535645 and parameters: {'gradient_clip_val': 0.4856332207865811, 'hidden_size': 51, 'dropout': 0.11316725295057262, 'hidden_continuous_size': 30, 'attention_head_size': 1, 'learning_rate': 0.03640583865243022}. Best is trial 61 with value: 0.07154036313295364.
LOCAL_RANK: 0 - CUDA_VISIBLE_DEVICES: [0]
[I 2023-11-30 14:42:19,907] Trial 145 finished with value: 0.20958851277828217 and parameters: {'gradient_clip_val': 0.5543844801827595, 'hidden_size': 41, 'dropout': 0.11220683948562288, 'hidden_continuous_size': 30, 'attention_head_size': 1, 'learning_rate': 0.03826889292974005}. Best is trial 61 with value: 0.07154036313295364.
LOCAL_RANK: 0 - CUDA_VISIBLE_DEVICES: [0]
[I 2023-11-30 14:42:33,372] Trial 146 finished with value: 0.12328328937292099 and parameters: {'gradient_clip_val': 0.4741758310374492, 'hidden_size': 51, 'dropout': 0.12597730958396516, 'hidden_continuous_size': 23, 'attention_head_size': 1, 'learning_rate': 0.028338136374618326}. Best is trial 61 with value: 0.07154036313295364.
LOCAL_RANK: 0 - CUDA_VISIBLE_DEVICES: [0]
[I 2023-11-30 14:42:47,044] Trial 147 finished with value: 0.07396326959133148 and parameters: {'gradient_clip_val': 0.4079975786986086, 'hidden_size': 48, 'dropout': 0.10210477430354775, 'hidden_continuous_size': 31, 'attention_head_size': 4, 'learning_rate': 0.03222975479107117}. Best is trial 61 with value: 0.07154036313295364.
LOCAL_RANK: 0 - CUDA_VISIBLE_DEVICES: [0]
[I 2023-11-30 14:43:00,373] Trial 148 finished with value: 0.07604148983955383 and parameters: {'gradient_clip_val': 0.4104293520454866, 'hidden_size': 44, 'dropout': 0.1038961301988573, 'hidden_continuous_size': 32, 'attention_head_size': 4, 'learning_rate': 0.03142811116291611}. Best is trial 61 with value: 0.07154036313295364.
LOCAL_RANK: 0 - CUDA_VISIBLE_DEVICES: [0]
[I 2023-11-30 14:43:13,838] Trial 149 finished with value: 0.12031370401382446 and parameters: {'gradient_clip_val': 0.3989604652253755, 'hidden_size': 42, 'dropout': 0.10294568722311367, 'hidden_continuous_size': 32, 'attention_head_size': 4, 'learning_rate': 0.03148286686962118}. Best is trial 61 with value: 0.07154036313295364.
[I 2023-11-30 14:43:13,953] A new study created in memory with name: no-name-f962bf41-ff3a-48a5-b633-62436ab1cf4b
/home/le004/conda/anaconda3/envs/tsff_env/lib/python3.9/site-packages/lightning/fabric/plugins/environments/slurm.py:191: The `srun` command is available on your system but is not used. HINT: If your intention is to run Lightning on SLURM, prepend your python command with `srun` like so: srun python /home/le004/master_thesis/git/TSFusionForecast/code/ ...
LOCAL_RANK: 0 - CUDA_VISIBLE_DEVICES: [0]
[I 2023-11-30 14:43:27,528] Trial 0 finished with value: 0.10452864319086075 and parameters: {'gradient_clip_val': 0.13234728855731506, 'hidden_size': 92, 'dropout': 0.11933968981975146, 'hidden_continuous_size': 11, 'attention_head_size': 1, 'learning_rate': 0.020079139879100524}. Best is trial 0 with value: 0.10452864319086075.
LOCAL_RANK: 0 - CUDA_VISIBLE_DEVICES: [0]
[I 2023-11-30 14:43:40,450] Trial 1 finished with value: 0.29481765627861023 and parameters: {'gradient_clip_val': 0.23630110324007064, 'hidden_size': 30, 'dropout': 0.3174386678233483, 'hidden_continuous_size': 13, 'attention_head_size': 4, 'learning_rate': 0.018784707220562392}. Best is trial 0 with value: 0.10452864319086075.
LOCAL_RANK: 0 - CUDA_VISIBLE_DEVICES: [0]
[I 2023-11-30 14:43:53,526] Trial 2 finished with value: 0.17936091125011444 and parameters: {'gradient_clip_val': 0.1484572477190833, 'hidden_size': 25, 'dropout': 0.10361908158007327, 'hidden_continuous_size': 16, 'attention_head_size': 4, 'learning_rate': 0.08891627889653382}. Best is trial 0 with value: 0.10452864319086075.
LOCAL_RANK: 0 - CUDA_VISIBLE_DEVICES: [0]
[I 2023-11-30 14:44:06,441] Trial 3 finished with value: 0.9391652941703796 and parameters: {'gradient_clip_val': 0.16071913904344934, 'hidden_size': 14, 'dropout': 0.2403360921610115, 'hidden_continuous_size': 12, 'attention_head_size': 4, 'learning_rate': 0.010094798665681623}. Best is trial 0 with value: 0.10452864319086075.
LOCAL_RANK: 0 - CUDA_VISIBLE_DEVICES: [0]
[I 2023-11-30 14:44:19,140] Trial 4 finished with value: 1.2403470277786255 and parameters: {'gradient_clip_val': 0.19452007098438678, 'hidden_size': 23, 'dropout': 0.360862942438112, 'hidden_continuous_size': 20, 'attention_head_size': 2, 'learning_rate': 0.006326621429864154}. Best is trial 0 with value: 0.10452864319086075.
LOCAL_RANK: 0 - CUDA_VISIBLE_DEVICES: [0]
[I 2023-11-30 14:44:32,952] Trial 5 finished with value: 1.5849475860595703 and parameters: {'gradient_clip_val': 0.17134877201731932, 'hidden_size': 72, 'dropout': 0.38617297263218797, 'hidden_continuous_size': 32, 'attention_head_size': 4, 'learning_rate': 0.0010212385992900217}. Best is trial 0 with value: 0.10452864319086075.
LOCAL_RANK: 0 - CUDA_VISIBLE_DEVICES: [0]
[I 2023-11-30 14:44:45,474] Trial 6 finished with value: 0.18903209269046783 and parameters: {'gradient_clip_val': 0.1321916850852204, 'hidden_size': 19, 'dropout': 0.22403466399993816, 'hidden_continuous_size': 11, 'attention_head_size': 2, 'learning_rate': 0.05365769731458969}. Best is trial 0 with value: 0.10452864319086075.
LOCAL_RANK: 0 - CUDA_VISIBLE_DEVICES: [0]
[I 2023-11-30 14:44:58,536] Trial 7 finished with value: 0.4945600926876068 and parameters: {'gradient_clip_val': 0.737907906128932, 'hidden_size': 19, 'dropout': 0.24101130694283024, 'hidden_continuous_size': 13, 'attention_head_size': 2, 'learning_rate': 0.012754601074027098}. Best is trial 0 with value: 0.10452864319086075.
LOCAL_RANK: 0 - CUDA_VISIBLE_DEVICES: [0]
[I 2023-11-30 14:45:09,330] Trial 8 finished with value: 2.7153522968292236 and parameters: {'gradient_clip_val': 0.39247216454580947, 'hidden_size': 14, 'dropout': 0.3746220595628992, 'hidden_continuous_size': 14, 'attention_head_size': 4, 'learning_rate': 0.0032982210122220173}. Best is trial 0 with value: 0.10452864319086075.
LOCAL_RANK: 0 - CUDA_VISIBLE_DEVICES: [0]
[I 2023-11-30 14:45:23,911] Trial 9 finished with value: 0.13708126544952393 and parameters: {'gradient_clip_val': 0.16402868579959107, 'hidden_size': 124, 'dropout': 0.1423817865491466, 'hidden_continuous_size': 39, 'attention_head_size': 4, 'learning_rate': 0.04180205871103186}. Best is trial 0 with value: 0.10452864319086075.
LOCAL_RANK: 0 - CUDA_VISIBLE_DEVICES: [0]
[I 2023-11-30 14:45:37,043] Trial 10 finished with value: 0.1357658952474594 and parameters: {'gradient_clip_val': 0.360558436329709, 'hidden_size': 55, 'dropout': 0.16444689692516443, 'hidden_continuous_size': 10, 'attention_head_size': 1, 'learning_rate': 0.02795874867383779}. Best is trial 0 with value: 0.10452864319086075.
LOCAL_RANK: 0 - CUDA_VISIBLE_DEVICES: [0]
[I 2023-11-30 14:45:50,514] Trial 11 finished with value: 0.28914403915405273 and parameters: {'gradient_clip_val': 0.10070713511844563, 'hidden_size': 49, 'dropout': 0.17112372558531816, 'hidden_continuous_size': 10, 'attention_head_size': 1, 'learning_rate': 0.027291876230737432}. Best is trial 0 with value: 0.10452864319086075.
LOCAL_RANK: 0 - CUDA_VISIBLE_DEVICES: [0]
[I 2023-11-30 14:46:04,150] Trial 12 finished with value: 0.12846533954143524 and parameters: {'gradient_clip_val': 0.31765493518264254, 'hidden_size': 58, 'dropout': 0.17163859561578385, 'hidden_continuous_size': 10, 'attention_head_size': 1, 'learning_rate': 0.026352391699342923}. Best is trial 0 with value: 0.10452864319086075.
LOCAL_RANK: 0 - CUDA_VISIBLE_DEVICES: [0]
[I 2023-11-30 14:46:18,266] Trial 13 finished with value: 0.1418558657169342 and parameters: {'gradient_clip_val': 0.2799913604683833, 'hidden_size': 95, 'dropout': 0.1096725009991414, 'hidden_continuous_size': 22, 'attention_head_size': 1, 'learning_rate': 0.020035935515307714}. Best is trial 0 with value: 0.10452864319086075.
LOCAL_RANK: 0 - CUDA_VISIBLE_DEVICES: [0]
[I 2023-11-30 14:46:33,253] Trial 14 finished with value: 0.12798190116882324 and parameters: {'gradient_clip_val': 0.46684477109828754, 'hidden_size': 147, 'dropout': 0.1736070663120429, 'hidden_continuous_size': 73, 'attention_head_size': 3, 'learning_rate': 0.04947557362010838}. Best is trial 0 with value: 0.10452864319086075.
LOCAL_RANK: 0 - CUDA_VISIBLE_DEVICES: [0]
[I 2023-11-30 14:46:48,395] Trial 15 finished with value: 0.13319028913974762 and parameters: {'gradient_clip_val': 0.49090961424967344, 'hidden_size': 144, 'dropout': 0.20103388475641287, 'hidden_continuous_size': 77, 'attention_head_size': 3, 'learning_rate': 0.08477233978709443}. Best is trial 0 with value: 0.10452864319086075.
LOCAL_RANK: 0 - CUDA_VISIBLE_DEVICES: [0]
[I 2023-11-30 14:47:03,089] Trial 16 finished with value: 0.12905144691467285 and parameters: {'gradient_clip_val': 0.5461226501754212, 'hidden_size': 99, 'dropout': 0.12847817171838383, 'hidden_continuous_size': 88, 'attention_head_size': 3, 'learning_rate': 0.047242330384939094}. Best is trial 0 with value: 0.10452864319086075.
LOCAL_RANK: 0 - CUDA_VISIBLE_DEVICES: [0]
[I 2023-11-30 14:47:18,580] Trial 17 finished with value: 0.11120184510946274 and parameters: {'gradient_clip_val': 0.8893084076641683, 'hidden_size': 146, 'dropout': 0.20028233561262512, 'hidden_continuous_size': 142, 'attention_head_size': 3, 'learning_rate': 0.05199155423011094}. Best is trial 0 with value: 0.10452864319086075.
LOCAL_RANK: 0 - CUDA_VISIBLE_DEVICES: [0]
[I 2023-11-30 14:47:33,816] Trial 18 finished with value: 0.1146385446190834 and parameters: {'gradient_clip_val': 0.9733606129110469, 'hidden_size': 91, 'dropout': 0.28369086611750355, 'hidden_continuous_size': 52, 'attention_head_size': 2, 'learning_rate': 0.09476454902706258}. Best is trial 0 with value: 0.10452864319086075.
LOCAL_RANK: 0 - CUDA_VISIBLE_DEVICES: [0]
[I 2023-11-30 14:47:48,109] Trial 19 finished with value: 0.14273084700107574 and parameters: {'gradient_clip_val': 0.22201216211859454, 'hidden_size': 74, 'dropout': 0.20636688442626386, 'hidden_continuous_size': 31, 'attention_head_size': 3, 'learning_rate': 0.016009833012807093}. Best is trial 0 with value: 0.10452864319086075.
LOCAL_RANK: 0 - CUDA_VISIBLE_DEVICES: [0]
[I 2023-11-30 14:48:01,699] Trial 20 finished with value: 0.5515567064285278 and parameters: {'gradient_clip_val': 0.6608524221869068, 'hidden_size': 39, 'dropout': 0.13846632936140274, 'hidden_continuous_size': 16, 'attention_head_size': 2, 'learning_rate': 0.007287129059618315}. Best is trial 0 with value: 0.10452864319086075.
LOCAL_RANK: 0 - CUDA_VISIBLE_DEVICES: [0]
