[I 2023-11-30 14:08:47,208] Trial 149 finished with value: 0.19943423569202423 and parameters: {'gradient_clip_val': 0.5607935130198017, 'hidden_size': 32, 'dropout': 0.2866207528209522, 'hidden_continuous_size': 31, 'attention_head_size': 3, 'learning_rate': 0.03515173289139956}. Best is trial 114 with value: 0.07941942662000656.
[I 2023-11-30 14:08:47,323] A new study created in memory with name: no-name-3e49d943-d765-448c-a11f-90fb80f8cfe9
/home/le004/conda/anaconda3/envs/tsff_env/lib/python3.9/site-packages/lightning/fabric/plugins/environments/slurm.py:191: The `srun` command is available on your system but is not used. HINT: If your intention is to run Lightning on SLURM, prepend your python command with `srun` like so: srun python /home/le004/master_thesis/git/TSFusionForecast/code/ ...
LOCAL_RANK: 0 - CUDA_VISIBLE_DEVICES: [0]
[I 2023-11-30 14:08:57,523] Trial 0 finished with value: 2.517030715942383 and parameters: {'gradient_clip_val': 0.38913040703822505, 'hidden_size': 10, 'dropout': 0.35706593531047837, 'hidden_continuous_size': 10, 'attention_head_size': 1, 'learning_rate': 0.002309706300777191}. Best is trial 0 with value: 2.517030715942383.
LOCAL_RANK: 0 - CUDA_VISIBLE_DEVICES: [0]
[I 2023-11-30 14:09:09,811] Trial 1 finished with value: 2.0658931732177734 and parameters: {'gradient_clip_val': 0.17195947784227764, 'hidden_size': 24, 'dropout': 0.3532349568892946, 'hidden_continuous_size': 12, 'attention_head_size': 4, 'learning_rate': 0.0014122311252489897}. Best is trial 1 with value: 2.0658931732177734.
LOCAL_RANK: 0 - CUDA_VISIBLE_DEVICES: [0]
[I 2023-11-30 14:09:21,954] Trial 2 finished with value: 1.3179792165756226 and parameters: {'gradient_clip_val': 0.12099180556515296, 'hidden_size': 13, 'dropout': 0.2280975682026636, 'hidden_continuous_size': 12, 'attention_head_size': 2, 'learning_rate': 0.0014302171912994018}. Best is trial 2 with value: 1.3179792165756226.
LOCAL_RANK: 0 - CUDA_VISIBLE_DEVICES: [0]
[I 2023-11-30 14:09:32,885] Trial 3 finished with value: 0.19037635624408722 and parameters: {'gradient_clip_val': 0.8740961277428091, 'hidden_size': 58, 'dropout': 0.15821140661644278, 'hidden_continuous_size': 58, 'attention_head_size': 4, 'learning_rate': 0.00897767787914405}. Best is trial 3 with value: 0.19037635624408722.
LOCAL_RANK: 0 - CUDA_VISIBLE_DEVICES: [0]
[I 2023-11-30 14:09:46,217] Trial 4 finished with value: 0.11371123790740967 and parameters: {'gradient_clip_val': 0.6995105997525204, 'hidden_size': 63, 'dropout': 0.22501910591271357, 'hidden_continuous_size': 27, 'attention_head_size': 2, 'learning_rate': 0.026476258120017384}. Best is trial 4 with value: 0.11371123790740967.
LOCAL_RANK: 0 - CUDA_VISIBLE_DEVICES: [0]
[I 2023-11-30 14:09:59,078] Trial 5 finished with value: 1.6358534097671509 and parameters: {'gradient_clip_val': 0.231317046813986, 'hidden_size': 47, 'dropout': 0.2224371879009692, 'hidden_continuous_size': 24, 'attention_head_size': 1, 'learning_rate': 0.001012528260556726}. Best is trial 4 with value: 0.11371123790740967.
LOCAL_RANK: 0 - CUDA_VISIBLE_DEVICES: [0]
[I 2023-11-30 14:10:12,516] Trial 6 finished with value: 0.47645488381385803 and parameters: {'gradient_clip_val': 0.12181191801904295, 'hidden_size': 49, 'dropout': 0.22500562377838443, 'hidden_continuous_size': 39, 'attention_head_size': 4, 'learning_rate': 0.003475488007901766}. Best is trial 4 with value: 0.11371123790740967.
LOCAL_RANK: 0 - CUDA_VISIBLE_DEVICES: [0]
[I 2023-11-30 14:10:24,921] Trial 7 finished with value: 2.025074005126953 and parameters: {'gradient_clip_val': 0.1475279301862885, 'hidden_size': 17, 'dropout': 0.2614416695336039, 'hidden_continuous_size': 13, 'attention_head_size': 4, 'learning_rate': 0.004241005927906849}. Best is trial 4 with value: 0.11371123790740967.
LOCAL_RANK: 0 - CUDA_VISIBLE_DEVICES: [0]
[I 2023-11-30 14:10:37,351] Trial 8 finished with value: 1.2257949113845825 and parameters: {'gradient_clip_val': 0.23671082596990559, 'hidden_size': 14, 'dropout': 0.10082284551379704, 'hidden_continuous_size': 13, 'attention_head_size': 3, 'learning_rate': 0.004760182311811705}. Best is trial 4 with value: 0.11371123790740967.
LOCAL_RANK: 0 - CUDA_VISIBLE_DEVICES: [0]
[I 2023-11-30 14:10:51,271] Trial 9 finished with value: 0.16775619983673096 and parameters: {'gradient_clip_val': 0.10730558038237317, 'hidden_size': 93, 'dropout': 0.1820143941224473, 'hidden_continuous_size': 24, 'attention_head_size': 4, 'learning_rate': 0.013169178730979458}. Best is trial 4 with value: 0.11371123790740967.
LOCAL_RANK: 0 - CUDA_VISIBLE_DEVICES: [0]
[I 2023-11-30 14:11:05,646] Trial 10 finished with value: 0.1861286163330078 and parameters: {'gradient_clip_val': 0.9832417633934172, 'hidden_size': 113, 'dropout': 0.3006862689600649, 'hidden_continuous_size': 97, 'attention_head_size': 2, 'learning_rate': 0.04241184079098158}. Best is trial 4 with value: 0.11371123790740967.
LOCAL_RANK: 0 - CUDA_VISIBLE_DEVICES: [0]
[I 2023-11-30 14:11:19,333] Trial 11 finished with value: 0.12832467257976532 and parameters: {'gradient_clip_val': 0.5430512845218913, 'hidden_size': 95, 'dropout': 0.16552659663913716, 'hidden_continuous_size': 22, 'attention_head_size': 3, 'learning_rate': 0.028645657517282166}. Best is trial 4 with value: 0.11371123790740967.
LOCAL_RANK: 0 - CUDA_VISIBLE_DEVICES: [0]
[I 2023-11-30 14:11:33,015] Trial 12 finished with value: 0.13108475506305695 and parameters: {'gradient_clip_val': 0.5672739647768958, 'hidden_size': 79, 'dropout': 0.16058488412777117, 'hidden_continuous_size': 21, 'attention_head_size': 3, 'learning_rate': 0.04704292509401625}. Best is trial 4 with value: 0.11371123790740967.
LOCAL_RANK: 0 - CUDA_VISIBLE_DEVICES: [0]
[I 2023-11-30 14:11:47,638] Trial 13 finished with value: 0.14547854661941528 and parameters: {'gradient_clip_val': 0.5595960125226187, 'hidden_size': 145, 'dropout': 0.2889503800216563, 'hidden_continuous_size': 36, 'attention_head_size': 2, 'learning_rate': 0.08970886679268736}. Best is trial 4 with value: 0.11371123790740967.
LOCAL_RANK: 0 - CUDA_VISIBLE_DEVICES: [0]
[I 2023-11-30 14:12:02,071] Trial 14 finished with value: 0.11397737264633179 and parameters: {'gradient_clip_val': 0.6494773693825009, 'hidden_size': 72, 'dropout': 0.1853617014636605, 'hidden_continuous_size': 18, 'attention_head_size': 3, 'learning_rate': 0.021033894557957285}. Best is trial 4 with value: 0.11371123790740967.
LOCAL_RANK: 0 - CUDA_VISIBLE_DEVICES: [0]
[I 2023-11-30 14:12:15,025] Trial 15 finished with value: 0.17282569408416748 and parameters: {'gradient_clip_val': 0.7658896339664191, 'hidden_size': 33, 'dropout': 0.1986695891765159, 'hidden_continuous_size': 16, 'attention_head_size': 2, 'learning_rate': 0.0174496395801055}. Best is trial 4 with value: 0.11371123790740967.
LOCAL_RANK: 0 - CUDA_VISIBLE_DEVICES: [0]
[I 2023-11-30 14:12:29,573] Trial 16 finished with value: 0.20932644605636597 and parameters: {'gradient_clip_val': 0.3974171283772502, 'hidden_size': 66, 'dropout': 0.26887760761257257, 'hidden_continuous_size': 17, 'attention_head_size': 3, 'learning_rate': 0.02359366439554853}. Best is trial 4 with value: 0.11371123790740967.
LOCAL_RANK: 0 - CUDA_VISIBLE_DEVICES: [0]
[I 2023-11-30 14:12:42,837] Trial 17 finished with value: 0.3708465099334717 and parameters: {'gradient_clip_val': 0.7583505141606588, 'hidden_size': 36, 'dropout': 0.11606945816398138, 'hidden_continuous_size': 16, 'attention_head_size': 1, 'learning_rate': 0.008508087716851263}. Best is trial 4 with value: 0.11371123790740967.
LOCAL_RANK: 0 - CUDA_VISIBLE_DEVICES: [0]
[I 2023-11-30 14:12:57,382] Trial 18 finished with value: 0.11926796287298203 and parameters: {'gradient_clip_val': 0.6607243455305156, 'hidden_size': 69, 'dropout': 0.20247973162778632, 'hidden_continuous_size': 30, 'attention_head_size': 2, 'learning_rate': 0.014519239529388148}. Best is trial 4 with value: 0.11371123790740967.
LOCAL_RANK: 0 - CUDA_VISIBLE_DEVICES: [0]
[I 2023-11-30 14:13:11,381] Trial 19 finished with value: 0.07628465443849564 and parameters: {'gradient_clip_val': 0.45175562992758156, 'hidden_size': 47, 'dropout': 0.13204926442344703, 'hidden_continuous_size': 18, 'attention_head_size': 3, 'learning_rate': 0.028606794335941193}. Best is trial 19 with value: 0.07628465443849564.
LOCAL_RANK: 0 - CUDA_VISIBLE_DEVICES: [0]
[I 2023-11-30 14:13:24,083] Trial 20 finished with value: 0.10924329608678818 and parameters: {'gradient_clip_val': 0.4365499587657004, 'hidden_size': 28, 'dropout': 0.13404189013485918, 'hidden_continuous_size': 14, 'attention_head_size': 2, 'learning_rate': 0.03537004667258689}. Best is trial 19 with value: 0.07628465443849564.
LOCAL_RANK: 0 - CUDA_VISIBLE_DEVICES: [0]
[I 2023-11-30 14:13:36,662] Trial 21 finished with value: 0.11250397562980652 and parameters: {'gradient_clip_val': 0.4638105318595466, 'hidden_size': 28, 'dropout': 0.12427781805953414, 'hidden_continuous_size': 15, 'attention_head_size': 2, 'learning_rate': 0.03843247531743631}. Best is trial 19 with value: 0.07628465443849564.
LOCAL_RANK: 0 - CUDA_VISIBLE_DEVICES: [0]
[I 2023-11-30 14:13:50,734] Trial 22 finished with value: 0.12280120700597763 and parameters: {'gradient_clip_val': 0.4468184253345712, 'hidden_size': 29, 'dropout': 0.1333089044584056, 'hidden_continuous_size': 15, 'attention_head_size': 2, 'learning_rate': 0.05024873223670633}. Best is trial 19 with value: 0.07628465443849564.
LOCAL_RANK: 0 - CUDA_VISIBLE_DEVICES: [0]
[I 2023-11-30 14:14:04,138] Trial 23 finished with value: 0.15107224881649017 and parameters: {'gradient_clip_val': 0.3077328402940274, 'hidden_size': 26, 'dropout': 0.1384587284548137, 'hidden_continuous_size': 14, 'attention_head_size': 3, 'learning_rate': 0.03563200749168826}. Best is trial 19 with value: 0.07628465443849564.
LOCAL_RANK: 0 - CUDA_VISIBLE_DEVICES: [0]
[I 2023-11-30 14:14:17,217] Trial 24 finished with value: 0.10480290651321411 and parameters: {'gradient_clip_val': 0.44120400808049276, 'hidden_size': 44, 'dropout': 0.10207973112149712, 'hidden_continuous_size': 18, 'attention_head_size': 1, 'learning_rate': 0.0793707500177228}. Best is trial 19 with value: 0.07628465443849564.
LOCAL_RANK: 0 - CUDA_VISIBLE_DEVICES: [0]
[I 2023-11-30 14:14:30,677] Trial 25 finished with value: 0.09324236959218979 and parameters: {'gradient_clip_val': 0.32744855944992407, 'hidden_size': 40, 'dropout': 0.10047447925015908, 'hidden_continuous_size': 19, 'attention_head_size': 1, 'learning_rate': 0.07104107064913975}. Best is trial 19 with value: 0.07628465443849564.
LOCAL_RANK: 0 - CUDA_VISIBLE_DEVICES: [0]
[I 2023-11-30 14:14:44,138] Trial 26 finished with value: 0.09813161939382553 and parameters: {'gradient_clip_val': 0.3454877204082759, 'hidden_size': 42, 'dropout': 0.10417226515319977, 'hidden_continuous_size': 19, 'attention_head_size': 1, 'learning_rate': 0.09358789064313876}. Best is trial 19 with value: 0.07628465443849564.
LOCAL_RANK: 0 - CUDA_VISIBLE_DEVICES: [0]
[I 2023-11-30 14:14:57,732] Trial 27 finished with value: 0.10514321178197861 and parameters: {'gradient_clip_val': 0.3413886677757479, 'hidden_size': 39, 'dropout': 0.10029788127910066, 'hidden_continuous_size': 19, 'attention_head_size': 1, 'learning_rate': 0.06767297673524633}. Best is trial 19 with value: 0.07628465443849564.
LOCAL_RANK: 0 - CUDA_VISIBLE_DEVICES: [0]
[I 2023-11-30 14:15:11,458] Trial 28 finished with value: 0.08258309960365295 and parameters: {'gradient_clip_val': 0.3021549622434687, 'hidden_size': 55, 'dropout': 0.1450980034511335, 'hidden_continuous_size': 20, 'attention_head_size': 1, 'learning_rate': 0.06233960873845725}. Best is trial 19 with value: 0.07628465443849564.
LOCAL_RANK: 0 - CUDA_VISIBLE_DEVICES: [0]
[I 2023-11-30 14:15:26,116] Trial 29 finished with value: 0.1043749749660492 and parameters: {'gradient_clip_val': 0.2776217444269699, 'hidden_size': 54, 'dropout': 0.15153249281933204, 'hidden_continuous_size': 10, 'attention_head_size': 1, 'learning_rate': 0.054525164727703135}. Best is trial 19 with value: 0.07628465443849564.
LOCAL_RANK: 0 - CUDA_VISIBLE_DEVICES: [0]
[I 2023-11-30 14:15:40,375] Trial 30 finished with value: 0.11403822153806686 and parameters: {'gradient_clip_val': 0.3654345692365535, 'hidden_size': 54, 'dropout': 0.14468989944686417, 'hidden_continuous_size': 21, 'attention_head_size': 1, 'learning_rate': 0.06413873021893003}. Best is trial 19 with value: 0.07628465443849564.
LOCAL_RANK: 0 - CUDA_VISIBLE_DEVICES: [0]
[I 2023-11-30 14:15:54,647] Trial 31 finished with value: 0.08714848756790161 and parameters: {'gradient_clip_val': 0.3117321230736275, 'hidden_size': 44, 'dropout': 0.11548085336555763, 'hidden_continuous_size': 20, 'attention_head_size': 1, 'learning_rate': 0.08901804644264646}. Best is trial 19 with value: 0.07628465443849564.
LOCAL_RANK: 0 - CUDA_VISIBLE_DEVICES: [0]
[I 2023-11-30 14:16:08,875] Trial 32 finished with value: 0.14177028834819794 and parameters: {'gradient_clip_val': 0.28488331241907483, 'hidden_size': 38, 'dropout': 0.12117579527952589, 'hidden_continuous_size': 17, 'attention_head_size': 1, 'learning_rate': 0.06496752699763349}. Best is trial 19 with value: 0.07628465443849564.
LOCAL_RANK: 0 - CUDA_VISIBLE_DEVICES: [0]
[I 2023-11-30 14:16:23,024] Trial 33 finished with value: 0.11980714648962021 and parameters: {'gradient_clip_val': 0.24760049659603708, 'hidden_size': 52, 'dropout': 0.11941385538220593, 'hidden_continuous_size': 20, 'attention_head_size': 1, 'learning_rate': 0.08516273911772206}. Best is trial 19 with value: 0.07628465443849564.
LOCAL_RANK: 0 - CUDA_VISIBLE_DEVICES: [0]
[I 2023-11-30 14:16:36,923] Trial 34 finished with value: 0.09363216161727905 and parameters: {'gradient_clip_val': 0.20001266912946164, 'hidden_size': 34, 'dropout': 0.14266100037477447, 'hidden_continuous_size': 18, 'attention_head_size': 1, 'learning_rate': 0.059907087515877804}. Best is trial 19 with value: 0.07628465443849564.
LOCAL_RANK: 0 - CUDA_VISIBLE_DEVICES: [0]
[I 2023-11-30 14:16:51,310] Trial 35 finished with value: 0.15551161766052246 and parameters: {'gradient_clip_val': 0.3085762603700378, 'hidden_size': 46, 'dropout': 0.17000297489601496, 'hidden_continuous_size': 20, 'attention_head_size': 1, 'learning_rate': 0.09147418348873756}. Best is trial 19 with value: 0.07628465443849564.
LOCAL_RANK: 0 - CUDA_VISIBLE_DEVICES: [0]
[I 2023-11-30 14:17:06,017] Trial 36 finished with value: 0.08913900703191757 and parameters: {'gradient_clip_val': 0.370289914496543, 'hidden_size': 59, 'dropout': 0.1518768243977316, 'hidden_continuous_size': 23, 'attention_head_size': 1, 'learning_rate': 0.05003958761094637}. Best is trial 19 with value: 0.07628465443849564.
LOCAL_RANK: 0 - CUDA_VISIBLE_DEVICES: [0]
[I 2023-11-30 14:17:20,592] Trial 37 finished with value: 0.09671112149953842 and parameters: {'gradient_clip_val': 0.3900832740953132, 'hidden_size': 59, 'dropout': 0.15240726176401478, 'hidden_continuous_size': 23, 'attention_head_size': 1, 'learning_rate': 0.04555288401339412}. Best is trial 19 with value: 0.07628465443849564.
LOCAL_RANK: 0 - CUDA_VISIBLE_DEVICES: [0]
[I 2023-11-30 14:17:35,225] Trial 38 finished with value: 0.17095164954662323 and parameters: {'gradient_clip_val': 0.37613859814912015, 'hidden_size': 58, 'dropout': 0.17306928192696308, 'hidden_continuous_size': 26, 'attention_head_size': 2, 'learning_rate': 0.029399804426913614}. Best is trial 19 with value: 0.07628465443849564.
LOCAL_RANK: 0 - CUDA_VISIBLE_DEVICES: [0]
[I 2023-11-30 14:17:49,545] Trial 39 finished with value: 0.09543538093566895 and parameters: {'gradient_clip_val': 0.2722689845645689, 'hidden_size': 48, 'dropout': 0.1546690767202293, 'hidden_continuous_size': 22, 'attention_head_size': 3, 'learning_rate': 0.05393191480692862}. Best is trial 19 with value: 0.07628465443849564.
LOCAL_RANK: 0 - CUDA_VISIBLE_DEVICES: [0]
[I 2023-11-30 14:18:03,990] Trial 40 finished with value: 0.09413208812475204 and parameters: {'gradient_clip_val': 0.20753769201637523, 'hidden_size': 64, 'dropout': 0.1276599386948382, 'hidden_continuous_size': 25, 'attention_head_size': 4, 'learning_rate': 0.03269988032035366}. Best is trial 19 with value: 0.07628465443849564.
LOCAL_RANK: 0 - CUDA_VISIBLE_DEVICES: [0]
[I 2023-11-30 14:18:18,518] Trial 41 finished with value: 0.0872679278254509 and parameters: {'gradient_clip_val': 0.3278961372443118, 'hidden_size': 42, 'dropout': 0.11441578238002394, 'hidden_continuous_size': 20, 'attention_head_size': 1, 'learning_rate': 0.0740480713861642}. Best is trial 19 with value: 0.07628465443849564.
LOCAL_RANK: 0 - CUDA_VISIBLE_DEVICES: [0]
[I 2023-11-30 14:18:32,575] Trial 42 finished with value: 0.2905672490596771 and parameters: {'gradient_clip_val': 0.3252614821241379, 'hidden_size': 47, 'dropout': 0.13922113551674511, 'hidden_continuous_size': 23, 'attention_head_size': 1, 'learning_rate': 0.07063118604434095}. Best is trial 19 with value: 0.07628465443849564.
LOCAL_RANK: 0 - CUDA_VISIBLE_DEVICES: [0]
[I 2023-11-30 14:18:46,588] Trial 43 finished with value: 0.15805204212665558 and parameters: {'gradient_clip_val': 0.26018988712038305, 'hidden_size': 22, 'dropout': 0.11631867665827567, 'hidden_continuous_size': 17, 'attention_head_size': 1, 'learning_rate': 0.04231498498662021}. Best is trial 19 with value: 0.07628465443849564.
LOCAL_RANK: 0 - CUDA_VISIBLE_DEVICES: [0]
[I 2023-11-30 14:19:00,756] Trial 44 finished with value: 0.09257987886667252 and parameters: {'gradient_clip_val': 0.30859223718282686, 'hidden_size': 52, 'dropout': 0.15870149352410154, 'hidden_continuous_size': 21, 'attention_head_size': 1, 'learning_rate': 0.09440954546859696}. Best is trial 19 with value: 0.07628465443849564.
LOCAL_RANK: 0 - CUDA_VISIBLE_DEVICES: [0]
[I 2023-11-30 14:19:15,382] Trial 45 finished with value: 0.08508523553609848 and parameters: {'gradient_clip_val': 0.4037415437084478, 'hidden_size': 44, 'dropout': 0.13013127605376565, 'hidden_continuous_size': 20, 'attention_head_size': 1, 'learning_rate': 0.054949744811287886}. Best is trial 19 with value: 0.07628465443849564.
LOCAL_RANK: 0 - CUDA_VISIBLE_DEVICES: [0]
[I 2023-11-30 14:19:29,931] Trial 46 finished with value: 0.10147503763437271 and parameters: {'gradient_clip_val': 0.5076114252880822, 'hidden_size': 42, 'dropout': 0.13078868431981683, 'hidden_continuous_size': 21, 'attention_head_size': 2, 'learning_rate': 0.07607137714949948}. Best is trial 19 with value: 0.07628465443849564.
LOCAL_RANK: 0 - CUDA_VISIBLE_DEVICES: [0]
[I 2023-11-30 14:19:43,747] Trial 47 finished with value: 0.07451263815164566 and parameters: {'gradient_clip_val': 0.4106199993056542, 'hidden_size': 33, 'dropout': 0.11506787674555599, 'hidden_continuous_size': 20, 'attention_head_size': 1, 'learning_rate': 0.05848463121524026}. Best is trial 47 with value: 0.07451263815164566.
LOCAL_RANK: 0 - CUDA_VISIBLE_DEVICES: [0]
[I 2023-11-30 14:19:57,898] Trial 48 finished with value: 0.1994689553976059 and parameters: {'gradient_clip_val': 0.41215354876598015, 'hidden_size': 32, 'dropout': 0.11328941918244143, 'hidden_continuous_size': 19, 'attention_head_size': 3, 'learning_rate': 0.027291777601504696}. Best is trial 47 with value: 0.07451263815164566.
LOCAL_RANK: 0 - CUDA_VISIBLE_DEVICES: [0]
[I 2023-11-30 14:20:11,687] Trial 49 finished with value: 0.12567298114299774 and parameters: {'gradient_clip_val': 0.4966451647752676, 'hidden_size': 36, 'dropout': 0.17744972545268828, 'hidden_continuous_size': 18, 'attention_head_size': 2, 'learning_rate': 0.04131205789212838}. Best is trial 47 with value: 0.07451263815164566.
LOCAL_RANK: 0 - CUDA_VISIBLE_DEVICES: [0]
[I 2023-11-30 14:20:25,541] Trial 50 finished with value: 0.12916430830955505 and parameters: {'gradient_clip_val': 0.40369237795859986, 'hidden_size': 23, 'dropout': 0.12873260477145276, 'hidden_continuous_size': 20, 'attention_head_size': 3, 'learning_rate': 0.05404055086557004}. Best is trial 47 with value: 0.07451263815164566.
LOCAL_RANK: 0 - CUDA_VISIBLE_DEVICES: [0]
[I 2023-11-30 14:20:39,651] Trial 51 finished with value: 0.09561467170715332 and parameters: {'gradient_clip_val': 0.35038158650908846, 'hidden_size': 46, 'dropout': 0.11178589405206743, 'hidden_continuous_size': 22, 'attention_head_size': 1, 'learning_rate': 0.06115494661050607}. Best is trial 47 with value: 0.07451263815164566.
LOCAL_RANK: 0 - CUDA_VISIBLE_DEVICES: [0]
[I 2023-11-30 14:20:53,571] Trial 52 finished with value: 0.1419772356748581 and parameters: {'gradient_clip_val': 0.2946876779631319, 'hidden_size': 37, 'dropout': 0.14178008708932152, 'hidden_continuous_size': 20, 'attention_head_size': 1, 'learning_rate': 0.07784338845615854}. Best is trial 47 with value: 0.07451263815164566.
LOCAL_RANK: 0 - CUDA_VISIBLE_DEVICES: [0]
[I 2023-11-30 14:21:07,390] Trial 53 finished with value: 0.09770339727401733 and parameters: {'gradient_clip_val': 0.4220168846900161, 'hidden_size': 32, 'dropout': 0.11722587683564732, 'hidden_continuous_size': 19, 'attention_head_size': 1, 'learning_rate': 0.09803180090128272}. Best is trial 47 with value: 0.07451263815164566.
LOCAL_RANK: 0 - CUDA_VISIBLE_DEVICES: [0]
[I 2023-11-30 14:21:21,481] Trial 54 finished with value: 0.07949013262987137 and parameters: {'gradient_clip_val': 0.4839268942527926, 'hidden_size': 45, 'dropout': 0.16613502301907634, 'hidden_continuous_size': 24, 'attention_head_size': 1, 'learning_rate': 0.03845320659649484}. Best is trial 47 with value: 0.07451263815164566.
LOCAL_RANK: 0 - CUDA_VISIBLE_DEVICES: [0]
[I 2023-11-30 14:21:35,958] Trial 55 finished with value: 0.12447930127382278 and parameters: {'gradient_clip_val': 0.4767837776734667, 'hidden_size': 51, 'dropout': 0.161126302351521, 'hidden_continuous_size': 27, 'attention_head_size': 1, 'learning_rate': 0.04414435004052369}. Best is trial 47 with value: 0.07451263815164566.
LOCAL_RANK: 0 - CUDA_VISIBLE_DEVICES: [0]
