[I 2023-11-30 10:41:51,893] Trial 124 finished with value: 121.54071807861328 and parameters: {'gradient_clip_val': 0.110914590841595, 'hidden_size': 128, 'dropout': 0.3719333027355546, 'hidden_continuous_size': 35, 'attention_head_size': 3, 'learning_rate': 0.009231570091858984}. Best is trial 88 with value: 77.83583068847656.
LOCAL_RANK: 0 - CUDA_VISIBLE_DEVICES: [0]
[I 2023-11-30 10:42:05,880] Trial 125 finished with value: 101.22490692138672 and parameters: {'gradient_clip_val': 0.14787366916910677, 'hidden_size': 55, 'dropout': 0.36672433402849897, 'hidden_continuous_size': 39, 'attention_head_size': 1, 'learning_rate': 0.004992033191935446}. Best is trial 88 with value: 77.83583068847656.
LOCAL_RANK: 0 - CUDA_VISIBLE_DEVICES: [0]
[I 2023-11-30 10:42:20,452] Trial 126 finished with value: 116.95989990234375 and parameters: {'gradient_clip_val': 0.20506739311200461, 'hidden_size': 118, 'dropout': 0.32141227361265035, 'hidden_continuous_size': 32, 'attention_head_size': 1, 'learning_rate': 0.0061983020682749804}. Best is trial 88 with value: 77.83583068847656.
LOCAL_RANK: 0 - CUDA_VISIBLE_DEVICES: [0]
[I 2023-11-30 10:42:35,580] Trial 127 finished with value: 113.8584976196289 and parameters: {'gradient_clip_val': 0.12262582245872541, 'hidden_size': 136, 'dropout': 0.29094682191466853, 'hidden_continuous_size': 33, 'attention_head_size': 4, 'learning_rate': 0.010609895607833165}. Best is trial 88 with value: 77.83583068847656.
LOCAL_RANK: 0 - CUDA_VISIBLE_DEVICES: [0]
[I 2023-11-30 10:42:50,573] Trial 128 finished with value: 75.65882873535156 and parameters: {'gradient_clip_val': 0.17944025176183281, 'hidden_size': 100, 'dropout': 0.39827899889016544, 'hidden_continuous_size': 36, 'attention_head_size': 1, 'learning_rate': 0.006973228223334837}. Best is trial 128 with value: 75.65882873535156.
LOCAL_RANK: 0 - CUDA_VISIBLE_DEVICES: [0]
[I 2023-11-30 10:43:05,085] Trial 129 finished with value: 92.24221801757812 and parameters: {'gradient_clip_val': 0.18407401040844384, 'hidden_size': 99, 'dropout': 0.3887121726905067, 'hidden_continuous_size': 42, 'attention_head_size': 1, 'learning_rate': 0.006866828260338604}. Best is trial 128 with value: 75.65882873535156.
LOCAL_RANK: 0 - CUDA_VISIBLE_DEVICES: [0]
[I 2023-11-30 10:43:19,273] Trial 130 finished with value: 134.05604553222656 and parameters: {'gradient_clip_val': 0.1749702943806087, 'hidden_size': 86, 'dropout': 0.39765012772227964, 'hidden_continuous_size': 20, 'attention_head_size': 1, 'learning_rate': 0.005333870654456346}. Best is trial 128 with value: 75.65882873535156.
LOCAL_RANK: 0 - CUDA_VISIBLE_DEVICES: [0]
[I 2023-11-30 10:43:33,696] Trial 131 finished with value: 104.26907348632812 and parameters: {'gradient_clip_val': 0.13235485755901705, 'hidden_size': 106, 'dropout': 0.39447677026638056, 'hidden_continuous_size': 37, 'attention_head_size': 1, 'learning_rate': 0.008547359840193506}. Best is trial 128 with value: 75.65882873535156.
LOCAL_RANK: 0 - CUDA_VISIBLE_DEVICES: [0]
[I 2023-11-30 10:43:48,109] Trial 132 finished with value: 130.34144592285156 and parameters: {'gradient_clip_val': 0.16475997968404227, 'hidden_size': 111, 'dropout': 0.37965471996500355, 'hidden_continuous_size': 44, 'attention_head_size': 1, 'learning_rate': 0.007852535373178038}. Best is trial 128 with value: 75.65882873535156.
LOCAL_RANK: 0 - CUDA_VISIBLE_DEVICES: [0]
[I 2023-11-30 10:44:03,053] Trial 133 finished with value: 101.02932739257812 and parameters: {'gradient_clip_val': 0.15468541631012503, 'hidden_size': 98, 'dropout': 0.35290993586589237, 'hidden_continuous_size': 36, 'attention_head_size': 1, 'learning_rate': 0.006077843714375107}. Best is trial 128 with value: 75.65882873535156.
LOCAL_RANK: 0 - CUDA_VISIBLE_DEVICES: [0]
[I 2023-11-30 10:44:17,467] Trial 134 finished with value: 84.4947509765625 and parameters: {'gradient_clip_val': 0.1932904393661354, 'hidden_size': 90, 'dropout': 0.3609765318837368, 'hidden_continuous_size': 33, 'attention_head_size': 1, 'learning_rate': 0.00707881531931174}. Best is trial 128 with value: 75.65882873535156.
LOCAL_RANK: 0 - CUDA_VISIBLE_DEVICES: [0]
[I 2023-11-30 10:44:31,800] Trial 135 finished with value: 104.7125473022461 and parameters: {'gradient_clip_val': 0.18903635373698505, 'hidden_size': 91, 'dropout': 0.3328687703029161, 'hidden_continuous_size': 33, 'attention_head_size': 1, 'learning_rate': 0.007153467120679153}. Best is trial 128 with value: 75.65882873535156.
LOCAL_RANK: 0 - CUDA_VISIBLE_DEVICES: [0]
[I 2023-11-30 10:44:45,966] Trial 136 finished with value: 91.96429443359375 and parameters: {'gradient_clip_val': 0.17834194328835393, 'hidden_size': 73, 'dropout': 0.35959965608575295, 'hidden_continuous_size': 34, 'attention_head_size': 1, 'learning_rate': 0.005869339880469634}. Best is trial 128 with value: 75.65882873535156.
LOCAL_RANK: 0 - CUDA_VISIBLE_DEVICES: [0]
[I 2023-11-30 10:45:00,176] Trial 137 finished with value: 76.3507080078125 and parameters: {'gradient_clip_val': 0.13895147636638666, 'hidden_size': 80, 'dropout': 0.3398828040800596, 'hidden_continuous_size': 40, 'attention_head_size': 1, 'learning_rate': 0.004790567746416571}. Best is trial 128 with value: 75.65882873535156.
LOCAL_RANK: 0 - CUDA_VISIBLE_DEVICES: [0]
[I 2023-11-30 10:45:14,272] Trial 138 finished with value: 76.75251007080078 and parameters: {'gradient_clip_val': 0.1369882555690387, 'hidden_size': 90, 'dropout': 0.3407133322990043, 'hidden_continuous_size': 39, 'attention_head_size': 1, 'learning_rate': 0.004694985311519863}. Best is trial 128 with value: 75.65882873535156.
LOCAL_RANK: 0 - CUDA_VISIBLE_DEVICES: [0]
[I 2023-11-30 10:45:28,420] Trial 139 finished with value: 112.77518463134766 and parameters: {'gradient_clip_val': 0.13963326580809596, 'hidden_size': 83, 'dropout': 0.34641480094171856, 'hidden_continuous_size': 40, 'attention_head_size': 1, 'learning_rate': 0.004428186096554901}. Best is trial 128 with value: 75.65882873535156.
LOCAL_RANK: 0 - CUDA_VISIBLE_DEVICES: [0]
[I 2023-11-30 10:45:43,192] Trial 140 finished with value: 104.46625518798828 and parameters: {'gradient_clip_val': 0.14570145609997753, 'hidden_size': 88, 'dropout': 0.338904773103885, 'hidden_continuous_size': 46, 'attention_head_size': 1, 'learning_rate': 0.004895729402301997}. Best is trial 128 with value: 75.65882873535156.
LOCAL_RANK: 0 - CUDA_VISIBLE_DEVICES: [0]
[I 2023-11-30 10:45:57,300] Trial 141 finished with value: 95.69075775146484 and parameters: {'gradient_clip_val': 0.12848408853666995, 'hidden_size': 78, 'dropout': 0.32971476702521235, 'hidden_continuous_size': 41, 'attention_head_size': 1, 'learning_rate': 0.003963351457610503}. Best is trial 128 with value: 75.65882873535156.
LOCAL_RANK: 0 - CUDA_VISIBLE_DEVICES: [0]
[I 2023-11-30 10:46:11,720] Trial 142 finished with value: 85.44717407226562 and parameters: {'gradient_clip_val': 0.1354100456859654, 'hidden_size': 94, 'dropout': 0.3263635827498265, 'hidden_continuous_size': 37, 'attention_head_size': 1, 'learning_rate': 0.005653945569892556}. Best is trial 128 with value: 75.65882873535156.
LOCAL_RANK: 0 - CUDA_VISIBLE_DEVICES: [0]
[I 2023-11-30 10:46:26,833] Trial 143 finished with value: 78.44078826904297 and parameters: {'gradient_clip_val': 0.13412964453311263, 'hidden_size': 101, 'dropout': 0.33653765023566357, 'hidden_continuous_size': 37, 'attention_head_size': 1, 'learning_rate': 0.0033876180998049085}. Best is trial 128 with value: 75.65882873535156.
LOCAL_RANK: 0 - CUDA_VISIBLE_DEVICES: [0]
[I 2023-11-30 10:46:41,705] Trial 144 finished with value: 97.1506576538086 and parameters: {'gradient_clip_val': 0.14047477330590033, 'hidden_size': 102, 'dropout': 0.3494555837838486, 'hidden_continuous_size': 38, 'attention_head_size': 1, 'learning_rate': 0.0027139836044935777}. Best is trial 128 with value: 75.65882873535156.
LOCAL_RANK: 0 - CUDA_VISIBLE_DEVICES: [0]
[I 2023-11-30 10:46:56,431] Trial 145 finished with value: 91.72367095947266 and parameters: {'gradient_clip_val': 0.15858885269076994, 'hidden_size': 94, 'dropout': 0.33862518543894915, 'hidden_continuous_size': 37, 'attention_head_size': 1, 'learning_rate': 0.0033006075803522664}. Best is trial 128 with value: 75.65882873535156.
LOCAL_RANK: 0 - CUDA_VISIBLE_DEVICES: [0]
[I 2023-11-30 10:47:11,504] Trial 146 finished with value: 88.76935577392578 and parameters: {'gradient_clip_val': 0.13451206874407473, 'hidden_size': 122, 'dropout': 0.35652753612434807, 'hidden_continuous_size': 36, 'attention_head_size': 1, 'learning_rate': 0.004354719670416544}. Best is trial 128 with value: 75.65882873535156.
LOCAL_RANK: 0 - CUDA_VISIBLE_DEVICES: [0]
[I 2023-11-30 10:47:26,621] Trial 147 finished with value: 89.6522216796875 and parameters: {'gradient_clip_val': 0.14970413469327296, 'hidden_size': 106, 'dropout': 0.32429505129553965, 'hidden_continuous_size': 39, 'attention_head_size': 1, 'learning_rate': 0.005398509969678711}. Best is trial 128 with value: 75.65882873535156.
LOCAL_RANK: 0 - CUDA_VISIBLE_DEVICES: [0]
[I 2023-11-30 10:47:40,774] Trial 148 finished with value: 87.44393157958984 and parameters: {'gradient_clip_val': 0.11559491376138409, 'hidden_size': 91, 'dropout': 0.3437827513579964, 'hidden_continuous_size': 35, 'attention_head_size': 1, 'learning_rate': 0.0037557014600885772}. Best is trial 128 with value: 75.65882873535156.
LOCAL_RANK: 0 - CUDA_VISIBLE_DEVICES: [0]
[I 2023-11-30 10:47:54,767] Trial 149 finished with value: 89.920654296875 and parameters: {'gradient_clip_val': 0.14062668705474762, 'hidden_size': 109, 'dropout': 0.36293898566864485, 'hidden_continuous_size': 42, 'attention_head_size': 1, 'learning_rate': 0.004857658021629282}. Best is trial 128 with value: 75.65882873535156.
[I 2023-11-30 10:47:54,878] A new study created in memory with name: no-name-799cf604-eb5d-40cd-aa15-fc08a4c45b4e
/home/le004/conda/anaconda3/envs/tsff_env/lib/python3.9/site-packages/lightning/fabric/plugins/environments/slurm.py:191: The `srun` command is available on your system but is not used. HINT: If your intention is to run Lightning on SLURM, prepend your python command with `srun` like so: srun python /home/le004/master_thesis/git/TSFusionForecast/code/ ...
LOCAL_RANK: 0 - CUDA_VISIBLE_DEVICES: [0]
[I 2023-11-30 10:48:08,036] Trial 0 finished with value: 0.13687221705913544 and parameters: {'gradient_clip_val': 0.4978513606838564, 'hidden_size': 72, 'dropout': 0.1095935548479658, 'hidden_continuous_size': 14, 'attention_head_size': 2, 'learning_rate': 0.015077556362002153}. Best is trial 0 with value: 0.13687221705913544.
LOCAL_RANK: 0 - CUDA_VISIBLE_DEVICES: [0]
[I 2023-11-30 10:48:22,063] Trial 1 finished with value: 0.15887020528316498 and parameters: {'gradient_clip_val': 0.2028173850984373, 'hidden_size': 126, 'dropout': 0.34220240247709255, 'hidden_continuous_size': 17, 'attention_head_size': 1, 'learning_rate': 0.03210416892733454}. Best is trial 0 with value: 0.13687221705913544.
LOCAL_RANK: 0 - CUDA_VISIBLE_DEVICES: [0]
[I 2023-11-30 10:48:35,874] Trial 2 finished with value: 0.15524324774742126 and parameters: {'gradient_clip_val': 0.39840832540198556, 'hidden_size': 117, 'dropout': 0.27032695967962334, 'hidden_continuous_size': 14, 'attention_head_size': 2, 'learning_rate': 0.08990336155066393}. Best is trial 0 with value: 0.13687221705913544.
LOCAL_RANK: 0 - CUDA_VISIBLE_DEVICES: [0]
[I 2023-11-30 10:48:49,575] Trial 3 finished with value: 0.30689701437950134 and parameters: {'gradient_clip_val': 0.286693306207929, 'hidden_size': 85, 'dropout': 0.3510603276587214, 'hidden_continuous_size': 34, 'attention_head_size': 1, 'learning_rate': 0.06164668888545744}. Best is trial 0 with value: 0.13687221705913544.
LOCAL_RANK: 0 - CUDA_VISIBLE_DEVICES: [0]
[I 2023-11-30 10:49:03,519] Trial 4 finished with value: 0.2392234057188034 and parameters: {'gradient_clip_val': 0.5849342731273988, 'hidden_size': 94, 'dropout': 0.14166256358111418, 'hidden_continuous_size': 39, 'attention_head_size': 3, 'learning_rate': 0.0035216188934361066}. Best is trial 0 with value: 0.13687221705913544.
LOCAL_RANK: 0 - CUDA_VISIBLE_DEVICES: [0]
[I 2023-11-30 10:49:15,709] Trial 5 finished with value: 1.4481393098831177 and parameters: {'gradient_clip_val': 0.5682080822788678, 'hidden_size': 24, 'dropout': 0.26587916456332183, 'hidden_continuous_size': 11, 'attention_head_size': 4, 'learning_rate': 0.004006695127584651}. Best is trial 0 with value: 0.13687221705913544.
LOCAL_RANK: 0 - CUDA_VISIBLE_DEVICES: [0]
[I 2023-11-30 10:49:28,597] Trial 6 finished with value: 0.16221654415130615 and parameters: {'gradient_clip_val': 0.5161635873317085, 'hidden_size': 49, 'dropout': 0.3283397844056725, 'hidden_continuous_size': 13, 'attention_head_size': 1, 'learning_rate': 0.028800494713893128}. Best is trial 0 with value: 0.13687221705913544.
LOCAL_RANK: 0 - CUDA_VISIBLE_DEVICES: [0]
[I 2023-11-30 10:49:42,658] Trial 7 finished with value: 0.2524479925632477 and parameters: {'gradient_clip_val': 0.6075881126527964, 'hidden_size': 106, 'dropout': 0.2067785986116869, 'hidden_continuous_size': 37, 'attention_head_size': 2, 'learning_rate': 0.004751999442698916}. Best is trial 0 with value: 0.13687221705913544.
LOCAL_RANK: 0 - CUDA_VISIBLE_DEVICES: [0]
[I 2023-11-30 10:49:56,249] Trial 8 finished with value: 0.2648410201072693 and parameters: {'gradient_clip_val': 0.5362320810763742, 'hidden_size': 57, 'dropout': 0.3757238287099097, 'hidden_continuous_size': 50, 'attention_head_size': 2, 'learning_rate': 0.03112458313020656}. Best is trial 0 with value: 0.13687221705913544.
LOCAL_RANK: 0 - CUDA_VISIBLE_DEVICES: [0]
[I 2023-11-30 10:50:09,634] Trial 9 finished with value: 0.21438555419445038 and parameters: {'gradient_clip_val': 0.8320076358432265, 'hidden_size': 44, 'dropout': 0.1906335812674429, 'hidden_continuous_size': 42, 'attention_head_size': 4, 'learning_rate': 0.015950928784961505}. Best is trial 0 with value: 0.13687221705913544.
LOCAL_RANK: 0 - CUDA_VISIBLE_DEVICES: [0]
[I 2023-11-30 10:50:20,278] Trial 10 finished with value: 3.1773788928985596 and parameters: {'gradient_clip_val': 0.12702111087867193, 'hidden_size': 10, 'dropout': 0.10358840472779995, 'hidden_continuous_size': 10, 'attention_head_size': 3, 'learning_rate': 0.0014681914181289663}. Best is trial 0 with value: 0.13687221705913544.
LOCAL_RANK: 0 - CUDA_VISIBLE_DEVICES: [0]
[I 2023-11-30 10:50:34,687] Trial 11 finished with value: 0.27098211646080017 and parameters: {'gradient_clip_val': 0.3570093111995193, 'hidden_size': 137, 'dropout': 0.26712986594426213, 'hidden_continuous_size': 21, 'attention_head_size': 2, 'learning_rate': 0.09437948057674425}. Best is trial 0 with value: 0.13687221705913544.
LOCAL_RANK: 0 - CUDA_VISIBLE_DEVICES: [0]
[I 2023-11-30 10:50:47,981] Trial 12 finished with value: 0.2416318655014038 and parameters: {'gradient_clip_val': 0.33926648289578887, 'hidden_size': 72, 'dropout': 0.20975170595736395, 'hidden_continuous_size': 15, 'attention_head_size': 2, 'learning_rate': 0.01031777898645744}. Best is trial 0 with value: 0.13687221705913544.
LOCAL_RANK: 0 - CUDA_VISIBLE_DEVICES: [0]
[I 2023-11-30 10:51:01,550] Trial 13 finished with value: 0.1219702661037445 and parameters: {'gradient_clip_val': 0.8903262510907907, 'hidden_size': 73, 'dropout': 0.301442178816625, 'hidden_continuous_size': 23, 'attention_head_size': 3, 'learning_rate': 0.07497080921599508}. Best is trial 13 with value: 0.1219702661037445.
LOCAL_RANK: 0 - CUDA_VISIBLE_DEVICES: [0]
[I 2023-11-30 10:51:14,312] Trial 14 finished with value: 0.17579853534698486 and parameters: {'gradient_clip_val': 0.9741752923345551, 'hidden_size': 30, 'dropout': 0.314299275147006, 'hidden_continuous_size': 21, 'attention_head_size': 3, 'learning_rate': 0.044643764216544216}. Best is trial 13 with value: 0.1219702661037445.
LOCAL_RANK: 0 - CUDA_VISIBLE_DEVICES: [0]
[I 2023-11-30 10:51:27,872] Trial 15 finished with value: 0.15996530652046204 and parameters: {'gradient_clip_val': 0.7889169932590977, 'hidden_size': 67, 'dropout': 0.3991957199708144, 'hidden_continuous_size': 27, 'attention_head_size': 3, 'learning_rate': 0.015590288941412234}. Best is trial 13 with value: 0.1219702661037445.
LOCAL_RANK: 0 - CUDA_VISIBLE_DEVICES: [0]
[I 2023-11-30 10:51:42,825] Trial 16 finished with value: 0.16914300620555878 and parameters: {'gradient_clip_val': 0.9628358927296031, 'hidden_size': 150, 'dropout': 0.30238579394307136, 'hidden_continuous_size': 70, 'attention_head_size': 4, 'learning_rate': 0.05130543521040799}. Best is trial 13 with value: 0.1219702661037445.
LOCAL_RANK: 0 - CUDA_VISIBLE_DEVICES: [0]
[I 2023-11-30 10:51:56,135] Trial 17 finished with value: 0.2776626646518707 and parameters: {'gradient_clip_val': 0.7573457560623666, 'hidden_size': 72, 'dropout': 0.2331244427278654, 'hidden_continuous_size': 19, 'attention_head_size': 3, 'learning_rate': 0.02147079933298995}. Best is trial 13 with value: 0.1219702661037445.
LOCAL_RANK: 0 - CUDA_VISIBLE_DEVICES: [0]
[I 2023-11-30 10:52:08,942] Trial 18 finished with value: 0.7058589458465576 and parameters: {'gradient_clip_val': 0.4429322590177298, 'hidden_size': 38, 'dropout': 0.1649552321158962, 'hidden_continuous_size': 12, 'attention_head_size': 3, 'learning_rate': 0.007283248648696615}. Best is trial 13 with value: 0.1219702661037445.
LOCAL_RANK: 0 - CUDA_VISIBLE_DEVICES: [0]
[I 2023-11-30 10:52:22,579] Trial 19 finished with value: 0.2528581917285919 and parameters: {'gradient_clip_val': 0.7418449513332509, 'hidden_size': 91, 'dropout': 0.295328218637131, 'hidden_continuous_size': 26, 'attention_head_size': 2, 'learning_rate': 0.06361235481729735}. Best is trial 13 with value: 0.1219702661037445.
LOCAL_RANK: 0 - CUDA_VISIBLE_DEVICES: [0]
[I 2023-11-30 10:52:35,985] Trial 20 finished with value: 0.33583033084869385 and parameters: {'gradient_clip_val': 0.6751034286357838, 'hidden_size': 57, 'dropout': 0.10702202950364391, 'hidden_continuous_size': 17, 'attention_head_size': 4, 'learning_rate': 0.0189141180190612}. Best is trial 13 with value: 0.1219702661037445.
LOCAL_RANK: 0 - CUDA_VISIBLE_DEVICES: [0]
[I 2023-11-30 10:52:49,747] Trial 21 finished with value: 0.2529304325580597 and parameters: {'gradient_clip_val': 0.4276294297334184, 'hidden_size': 109, 'dropout': 0.2408585723289577, 'hidden_continuous_size': 14, 'attention_head_size': 2, 'learning_rate': 0.09714319642428235}. Best is trial 13 with value: 0.1219702661037445.
LOCAL_RANK: 0 - CUDA_VISIBLE_DEVICES: [0]
[I 2023-11-30 10:53:03,383] Trial 22 finished with value: 0.2464114874601364 and parameters: {'gradient_clip_val': 0.4318462702416408, 'hidden_size': 113, 'dropout': 0.28560424911070287, 'hidden_continuous_size': 10, 'attention_head_size': 2, 'learning_rate': 0.09210700379796222}. Best is trial 13 with value: 0.1219702661037445.
LOCAL_RANK: 0 - CUDA_VISIBLE_DEVICES: [0]
[I 2023-11-30 10:53:16,776] Trial 23 finished with value: 0.17516879737377167 and parameters: {'gradient_clip_val': 0.27651780821998356, 'hidden_size': 79, 'dropout': 0.26567769056034973, 'hidden_continuous_size': 14, 'attention_head_size': 1, 'learning_rate': 0.04297224327151987}. Best is trial 13 with value: 0.1219702661037445.
LOCAL_RANK: 0 - CUDA_VISIBLE_DEVICES: [0]
[I 2023-11-30 10:53:31,003] Trial 24 finished with value: 0.12155500799417496 and parameters: {'gradient_clip_val': 0.6563707364811754, 'hidden_size': 150, 'dropout': 0.2377859461210981, 'hidden_continuous_size': 25, 'attention_head_size': 2, 'learning_rate': 0.06399705252847074}. Best is trial 24 with value: 0.12155500799417496.
LOCAL_RANK: 0 - CUDA_VISIBLE_DEVICES: [0]
[I 2023-11-30 10:53:46,158] Trial 25 finished with value: 0.19209186732769012 and parameters: {'gradient_clip_val': 0.652539538429215, 'hidden_size': 143, 'dropout': 0.14906040491100792, 'hidden_continuous_size': 141, 'attention_head_size': 3, 'learning_rate': 0.06420384729329963}. Best is trial 24 with value: 0.12155500799417496.
LOCAL_RANK: 0 - CUDA_VISIBLE_DEVICES: [0]
[I 2023-11-30 10:53:59,826] Trial 26 finished with value: 0.14001046121120453 and parameters: {'gradient_clip_val': 0.86936787514673, 'hidden_size': 93, 'dropout': 0.236741122493421, 'hidden_continuous_size': 24, 'attention_head_size': 2, 'learning_rate': 0.04091145522259029}. Best is trial 24 with value: 0.12155500799417496.
LOCAL_RANK: 0 - CUDA_VISIBLE_DEVICES: [0]
[I 2023-11-30 10:54:14,093] Trial 27 finished with value: 0.14339089393615723 and parameters: {'gradient_clip_val': 0.7108514240502319, 'hidden_size': 150, 'dropout': 0.31595302022263066, 'hidden_continuous_size': 30, 'attention_head_size': 1, 'learning_rate': 0.024730478688401697}. Best is trial 24 with value: 0.12155500799417496.
LOCAL_RANK: 0 - CUDA_VISIBLE_DEVICES: [0]
[I 2023-11-30 10:54:27,386] Trial 28 finished with value: 0.21314720809459686 and parameters: {'gradient_clip_val': 0.49963571998956113, 'hidden_size': 63, 'dropout': 0.169485226379881, 'hidden_continuous_size': 17, 'attention_head_size': 3, 'learning_rate': 0.03688760724821202}. Best is trial 24 with value: 0.12155500799417496.
LOCAL_RANK: 0 - CUDA_VISIBLE_DEVICES: [0]
[I 2023-11-30 10:54:41,369] Trial 29 finished with value: 0.11052405834197998 and parameters: {'gradient_clip_val': 0.9997230724570364, 'hidden_size': 125, 'dropout': 0.3393090893911571, 'hidden_continuous_size': 22, 'attention_head_size': 1, 'learning_rate': 0.028907701551974356}. Best is trial 29 with value: 0.11052405834197998.
LOCAL_RANK: 0 - CUDA_VISIBLE_DEVICES: [0]
[I 2023-11-30 10:54:55,283] Trial 30 finished with value: 0.2195410281419754 and parameters: {'gradient_clip_val': 0.9997720952903125, 'hidden_size': 121, 'dropout': 0.3511446807042792, 'hidden_continuous_size': 23, 'attention_head_size': 1, 'learning_rate': 0.024679794530261884}. Best is trial 29 with value: 0.11052405834197998.
LOCAL_RANK: 0 - CUDA_VISIBLE_DEVICES: [0]
