[I 2023-11-30 11:58:40,240] Trial 20 finished with value: 1.3103562593460083 and parameters: {'gradient_clip_val': 0.7952242875242288, 'hidden_size': 31, 'dropout': 0.37081290545409146, 'hidden_continuous_size': 15, 'attention_head_size': 4, 'learning_rate': 0.008282519289812492}. Best is trial 18 with value: 1.2682656049728394.
LOCAL_RANK: 0 - CUDA_VISIBLE_DEVICES: [0]
[I 2023-11-30 11:58:53,004] Trial 21 finished with value: 1.2416611909866333 and parameters: {'gradient_clip_val': 0.778984854145621, 'hidden_size': 30, 'dropout': 0.37876091597457673, 'hidden_continuous_size': 15, 'attention_head_size': 4, 'learning_rate': 0.008497936974384541}. Best is trial 21 with value: 1.2416611909866333.
LOCAL_RANK: 0 - CUDA_VISIBLE_DEVICES: [0]
[I 2023-11-30 11:59:05,655] Trial 22 finished with value: 1.279331088066101 and parameters: {'gradient_clip_val': 0.7793996982589011, 'hidden_size': 27, 'dropout': 0.3784456286236548, 'hidden_continuous_size': 15, 'attention_head_size': 4, 'learning_rate': 0.008116964359720062}. Best is trial 21 with value: 1.2416611909866333.
LOCAL_RANK: 0 - CUDA_VISIBLE_DEVICES: [0]
[I 2023-11-30 11:59:17,910] Trial 23 finished with value: 1.9848871231079102 and parameters: {'gradient_clip_val': 0.9916992048362521, 'hidden_size': 24, 'dropout': 0.3782768352669687, 'hidden_continuous_size': 15, 'attention_head_size': 3, 'learning_rate': 0.004553622290353244}. Best is trial 21 with value: 1.2416611909866333.
LOCAL_RANK: 0 - CUDA_VISIBLE_DEVICES: [0]
[I 2023-11-30 11:59:31,000] Trial 24 finished with value: 1.254586935043335 and parameters: {'gradient_clip_val': 0.7771568952593566, 'hidden_size': 49, 'dropout': 0.38059868199772473, 'hidden_continuous_size': 20, 'attention_head_size': 4, 'learning_rate': 0.007393519129762329}. Best is trial 21 with value: 1.2416611909866333.
LOCAL_RANK: 0 - CUDA_VISIBLE_DEVICES: [0]
[I 2023-11-30 11:59:44,242] Trial 25 finished with value: 1.4147486686706543 and parameters: {'gradient_clip_val': 0.7982419769088157, 'hidden_size': 46, 'dropout': 0.33579461407831956, 'hidden_continuous_size': 21, 'attention_head_size': 3, 'learning_rate': 0.0039795828748992726}. Best is trial 21 with value: 1.2416611909866333.
LOCAL_RANK: 0 - CUDA_VISIBLE_DEVICES: [0]
[I 2023-11-30 11:59:57,984] Trial 26 finished with value: 1.5787748098373413 and parameters: {'gradient_clip_val': 0.7251546647161856, 'hidden_size': 74, 'dropout': 0.3799689618255625, 'hidden_continuous_size': 19, 'attention_head_size': 4, 'learning_rate': 0.011937169376335271}. Best is trial 21 with value: 1.2416611909866333.
LOCAL_RANK: 0 - CUDA_VISIBLE_DEVICES: [0]
[I 2023-11-30 12:00:11,436] Trial 27 finished with value: 1.3115262985229492 and parameters: {'gradient_clip_val': 0.9756430795263188, 'hidden_size': 57, 'dropout': 0.3986745954154254, 'hidden_continuous_size': 27, 'attention_head_size': 4, 'learning_rate': 0.008335124463564826}. Best is trial 21 with value: 1.2416611909866333.
LOCAL_RANK: 0 - CUDA_VISIBLE_DEVICES: [0]
[I 2023-11-30 12:00:24,383] Trial 28 finished with value: 1.5901631116867065 and parameters: {'gradient_clip_val': 0.48721547492164474, 'hidden_size': 41, 'dropout': 0.32587784168372, 'hidden_continuous_size': 18, 'attention_head_size': 3, 'learning_rate': 0.0031630612653938566}. Best is trial 21 with value: 1.2416611909866333.
LOCAL_RANK: 0 - CUDA_VISIBLE_DEVICES: [0]
[I 2023-11-30 12:00:37,521] Trial 29 finished with value: 1.3992267847061157 and parameters: {'gradient_clip_val': 0.8440068458740773, 'hidden_size': 55, 'dropout': 0.3979972815399121, 'hidden_continuous_size': 20, 'attention_head_size': 2, 'learning_rate': 0.00468339069094708}. Best is trial 21 with value: 1.2416611909866333.
LOCAL_RANK: 0 - CUDA_VISIBLE_DEVICES: [0]
[I 2023-11-30 12:00:50,448] Trial 30 finished with value: 1.5551210641860962 and parameters: {'gradient_clip_val': 0.6619201252470261, 'hidden_size': 39, 'dropout': 0.36820052214055915, 'hidden_continuous_size': 18, 'attention_head_size': 1, 'learning_rate': 0.021457580927207127}. Best is trial 21 with value: 1.2416611909866333.
LOCAL_RANK: 0 - CUDA_VISIBLE_DEVICES: [0]
[I 2023-11-30 12:01:03,084] Trial 31 finished with value: 1.272990107536316 and parameters: {'gradient_clip_val': 0.8261815570940504, 'hidden_size': 29, 'dropout': 0.37140302700488215, 'hidden_continuous_size': 16, 'attention_head_size': 4, 'learning_rate': 0.008423169074937778}. Best is trial 21 with value: 1.2416611909866333.
LOCAL_RANK: 0 - CUDA_VISIBLE_DEVICES: [0]
[I 2023-11-30 12:01:15,864] Trial 32 finished with value: 1.4922605752944946 and parameters: {'gradient_clip_val': 0.6769333994175293, 'hidden_size': 31, 'dropout': 0.35680487435254543, 'hidden_continuous_size': 17, 'attention_head_size': 4, 'learning_rate': 0.006234175410260623}. Best is trial 21 with value: 1.2416611909866333.
LOCAL_RANK: 0 - CUDA_VISIBLE_DEVICES: [0]
[I 2023-11-30 12:01:28,359] Trial 33 finished with value: 1.3574577569961548 and parameters: {'gradient_clip_val': 0.8527851500556847, 'hidden_size': 23, 'dropout': 0.34453401408536577, 'hidden_continuous_size': 14, 'attention_head_size': 4, 'learning_rate': 0.009748935876557323}. Best is trial 21 with value: 1.2416611909866333.
LOCAL_RANK: 0 - CUDA_VISIBLE_DEVICES: [0]
[I 2023-11-30 12:01:41,263] Trial 34 finished with value: 1.2569730281829834 and parameters: {'gradient_clip_val': 0.7201131855170996, 'hidden_size': 41, 'dropout': 0.38665916168047215, 'hidden_continuous_size': 21, 'attention_head_size': 4, 'learning_rate': 0.004038953751981208}. Best is trial 21 with value: 1.2416611909866333.
LOCAL_RANK: 0 - CUDA_VISIBLE_DEVICES: [0]
[I 2023-11-30 12:01:54,423] Trial 35 finished with value: 1.3743435144424438 and parameters: {'gradient_clip_val': 0.5543476872674978, 'hidden_size': 42, 'dropout': 0.3832091200230883, 'hidden_continuous_size': 21, 'attention_head_size': 3, 'learning_rate': 0.004269119941447833}. Best is trial 21 with value: 1.2416611909866333.
LOCAL_RANK: 0 - CUDA_VISIBLE_DEVICES: [0]
[I 2023-11-30 12:02:07,337] Trial 36 finished with value: 1.5429725646972656 and parameters: {'gradient_clip_val': 0.7076193026451109, 'hidden_size': 35, 'dropout': 0.35818573936278464, 'hidden_continuous_size': 20, 'attention_head_size': 4, 'learning_rate': 0.0021610196168627945}. Best is trial 21 with value: 1.2416611909866333.
LOCAL_RANK: 0 - CUDA_VISIBLE_DEVICES: [0]
[I 2023-11-30 12:02:20,607] Trial 37 finished with value: 1.3888483047485352 and parameters: {'gradient_clip_val': 0.4204684343915839, 'hidden_size': 50, 'dropout': 0.38579887173634475, 'hidden_continuous_size': 22, 'attention_head_size': 4, 'learning_rate': 0.0035457484266240465}. Best is trial 21 with value: 1.2416611909866333.
LOCAL_RANK: 0 - CUDA_VISIBLE_DEVICES: [0]
[I 2023-11-30 12:02:34,137] Trial 38 finished with value: 1.308688759803772 and parameters: {'gradient_clip_val': 0.5408018223399486, 'hidden_size': 61, 'dropout': 0.35981164768813806, 'hidden_continuous_size': 27, 'attention_head_size': 3, 'learning_rate': 0.004995079509893794}. Best is trial 21 with value: 1.2416611909866333.
LOCAL_RANK: 0 - CUDA_VISIBLE_DEVICES: [0]
[I 2023-11-30 12:02:47,205] Trial 39 finished with value: 1.2908276319503784 and parameters: {'gradient_clip_val': 0.678316331327296, 'hidden_size': 50, 'dropout': 0.34245344331343114, 'hidden_continuous_size': 19, 'attention_head_size': 4, 'learning_rate': 0.0024286339720835295}. Best is trial 21 with value: 1.2416611909866333.
LOCAL_RANK: 0 - CUDA_VISIBLE_DEVICES: [0]
[I 2023-11-30 12:03:00,231] Trial 40 finished with value: 1.426919937133789 and parameters: {'gradient_clip_val': 0.9075651472859374, 'hidden_size': 39, 'dropout': 0.3992661774110965, 'hidden_continuous_size': 18, 'attention_head_size': 3, 'learning_rate': 0.012063742541619344}. Best is trial 21 with value: 1.2416611909866333.
LOCAL_RANK: 0 - CUDA_VISIBLE_DEVICES: [0]
[I 2023-11-30 12:03:12,682] Trial 41 finished with value: 1.4938608407974243 and parameters: {'gradient_clip_val': 0.7655232195013183, 'hidden_size': 28, 'dropout': 0.3731724783770355, 'hidden_continuous_size': 16, 'attention_head_size': 4, 'learning_rate': 0.005754570336564583}. Best is trial 21 with value: 1.2416611909866333.
LOCAL_RANK: 0 - CUDA_VISIBLE_DEVICES: [0]
[I 2023-11-30 12:03:24,926] Trial 42 finished with value: 1.2386029958724976 and parameters: {'gradient_clip_val': 0.8679177078685187, 'hidden_size': 20, 'dropout': 0.3694206383881758, 'hidden_continuous_size': 14, 'attention_head_size': 4, 'learning_rate': 0.010338233775909152}. Best is trial 42 with value: 1.2386029958724976.
LOCAL_RANK: 0 - CUDA_VISIBLE_DEVICES: [0]
[I 2023-11-30 12:03:37,110] Trial 43 finished with value: 1.5125236511230469 and parameters: {'gradient_clip_val': 0.8971419142612521, 'hidden_size': 20, 'dropout': 0.3854105752043801, 'hidden_continuous_size': 12, 'attention_head_size': 4, 'learning_rate': 0.016779480634214035}. Best is trial 42 with value: 1.2386029958724976.
LOCAL_RANK: 0 - CUDA_VISIBLE_DEVICES: [0]
[I 2023-11-30 12:03:49,441] Trial 44 finished with value: 1.2444998025894165 and parameters: {'gradient_clip_val': 0.6203720348419539, 'hidden_size': 24, 'dropout': 0.359492649811939, 'hidden_continuous_size': 14, 'attention_head_size': 4, 'learning_rate': 0.01058012755206584}. Best is trial 42 with value: 1.2386029958724976.
LOCAL_RANK: 0 - CUDA_VISIBLE_DEVICES: [0]
[I 2023-11-30 12:04:01,836] Trial 45 finished with value: 1.3998960256576538 and parameters: {'gradient_clip_val': 0.6066624800881673, 'hidden_size': 16, 'dropout': 0.3253381453816135, 'hidden_continuous_size': 11, 'attention_head_size': 4, 'learning_rate': 0.010838410848240004}. Best is trial 42 with value: 1.2386029958724976.
LOCAL_RANK: 0 - CUDA_VISIBLE_DEVICES: [0]
[I 2023-11-30 12:04:14,041] Trial 46 finished with value: 1.5726675987243652 and parameters: {'gradient_clip_val': 0.6411413204796435, 'hidden_size': 24, 'dropout': 0.36537402609983827, 'hidden_continuous_size': 14, 'attention_head_size': 4, 'learning_rate': 0.0137064590039444}. Best is trial 42 with value: 1.2386029958724976.
LOCAL_RANK: 0 - CUDA_VISIBLE_DEVICES: [0]
[I 2023-11-30 12:04:26,545] Trial 47 finished with value: 2.0093307495117188 and parameters: {'gradient_clip_val': 0.7201904917940122, 'hidden_size': 18, 'dropout': 0.3875294653461739, 'hidden_continuous_size': 12, 'attention_head_size': 4, 'learning_rate': 0.007133052469397539}. Best is trial 42 with value: 1.2386029958724976.
LOCAL_RANK: 0 - CUDA_VISIBLE_DEVICES: [0]
[I 2023-11-30 12:04:39,086] Trial 48 finished with value: 1.2274197340011597 and parameters: {'gradient_clip_val': 0.883028257626559, 'hidden_size': 22, 'dropout': 0.35059928406269575, 'hidden_continuous_size': 14, 'attention_head_size': 4, 'learning_rate': 0.009853546901724245}. Best is trial 48 with value: 1.2274197340011597.
LOCAL_RANK: 0 - CUDA_VISIBLE_DEVICES: [0]
[I 2023-11-30 12:04:51,478] Trial 49 finished with value: 1.594561219215393 and parameters: {'gradient_clip_val': 0.8757920264757878, 'hidden_size': 21, 'dropout': 0.3370990648196941, 'hidden_continuous_size': 14, 'attention_head_size': 4, 'learning_rate': 0.009755653670193364}. Best is trial 48 with value: 1.2274197340011597.
LOCAL_RANK: 0 - CUDA_VISIBLE_DEVICES: [0]
[I 2023-11-30 12:05:04,108] Trial 50 finished with value: 1.6011959314346313 and parameters: {'gradient_clip_val': 0.9110244258845303, 'hidden_size': 14, 'dropout': 0.3054399644300482, 'hidden_continuous_size': 10, 'attention_head_size': 4, 'learning_rate': 0.017043284169445762}. Best is trial 48 with value: 1.2274197340011597.
LOCAL_RANK: 0 - CUDA_VISIBLE_DEVICES: [0]
[I 2023-11-30 12:05:16,635] Trial 51 finished with value: 1.4386860132217407 and parameters: {'gradient_clip_val': 0.7276576628710714, 'hidden_size': 26, 'dropout': 0.35553625847557746, 'hidden_continuous_size': 14, 'attention_head_size': 4, 'learning_rate': 0.010166570785900327}. Best is trial 48 with value: 1.2274197340011597.
LOCAL_RANK: 0 - CUDA_VISIBLE_DEVICES: [0]
[I 2023-11-30 12:05:29,449] Trial 52 finished with value: 1.5289970636367798 and parameters: {'gradient_clip_val': 0.992736816740383, 'hidden_size': 34, 'dropout': 0.3477153158584346, 'hidden_continuous_size': 13, 'attention_head_size': 4, 'learning_rate': 0.005446005887052738}. Best is trial 48 with value: 1.2274197340011597.
LOCAL_RANK: 0 - CUDA_VISIBLE_DEVICES: [0]
[I 2023-11-30 12:05:41,906] Trial 53 finished with value: 1.476374626159668 and parameters: {'gradient_clip_val': 0.6279322692283973, 'hidden_size': 22, 'dropout': 0.3698585517610793, 'hidden_continuous_size': 14, 'attention_head_size': 4, 'learning_rate': 0.0069182656892158596}. Best is trial 48 with value: 1.2274197340011597.
LOCAL_RANK: 0 - CUDA_VISIBLE_DEVICES: [0]
[I 2023-11-30 12:05:54,416] Trial 54 finished with value: 1.275283694267273 and parameters: {'gradient_clip_val': 0.8239391394982649, 'hidden_size': 19, 'dropout': 0.3913104924571048, 'hidden_continuous_size': 13, 'attention_head_size': 4, 'learning_rate': 0.013438011334465615}. Best is trial 48 with value: 1.2274197340011597.
LOCAL_RANK: 0 - CUDA_VISIBLE_DEVICES: [0]
[I 2023-11-30 12:06:06,910] Trial 55 finished with value: 1.5046814680099487 and parameters: {'gradient_clip_val': 0.5267746676408593, 'hidden_size': 24, 'dropout': 0.37544826540495, 'hidden_continuous_size': 15, 'attention_head_size': 4, 'learning_rate': 0.007219601168978755}. Best is trial 48 with value: 1.2274197340011597.
LOCAL_RANK: 0 - CUDA_VISIBLE_DEVICES: [0]
[I 2023-11-30 12:06:19,579] Trial 56 finished with value: 1.3235063552856445 and parameters: {'gradient_clip_val': 0.5896631010694032, 'hidden_size': 36, 'dropout': 0.3506578833764708, 'hidden_continuous_size': 17, 'attention_head_size': 4, 'learning_rate': 0.005272134690718748}. Best is trial 48 with value: 1.2274197340011597.
LOCAL_RANK: 0 - CUDA_VISIBLE_DEVICES: [0]
[I 2023-11-30 12:06:32,436] Trial 57 finished with value: 1.536813735961914 and parameters: {'gradient_clip_val': 0.7743308504311519, 'hidden_size': 31, 'dropout': 0.38756856002141593, 'hidden_continuous_size': 16, 'attention_head_size': 4, 'learning_rate': 0.009540839639590572}. Best is trial 48 with value: 1.2274197340011597.
LOCAL_RANK: 0 - CUDA_VISIBLE_DEVICES: [0]
[I 2023-11-30 12:06:44,834] Trial 58 finished with value: 1.3274000883102417 and parameters: {'gradient_clip_val': 0.682883368925129, 'hidden_size': 21, 'dropout': 0.3640427294667051, 'hidden_continuous_size': 15, 'attention_head_size': 4, 'learning_rate': 0.011621569985741364}. Best is trial 48 with value: 1.2274197340011597.
LOCAL_RANK: 0 - CUDA_VISIBLE_DEVICES: [0]
[I 2023-11-30 12:06:57,203] Trial 59 finished with value: 1.7631021738052368 and parameters: {'gradient_clip_val': 0.9063235084841758, 'hidden_size': 25, 'dropout': 0.330154225021345, 'hidden_continuous_size': 13, 'attention_head_size': 3, 'learning_rate': 0.0062684425069831125}. Best is trial 48 with value: 1.2274197340011597.
LOCAL_RANK: 0 - CUDA_VISIBLE_DEVICES: [0]
[I 2023-11-30 12:07:09,622] Trial 60 finished with value: 1.3360271453857422 and parameters: {'gradient_clip_val': 0.7664682971553365, 'hidden_size': 28, 'dropout': 0.31619486591643803, 'hidden_continuous_size': 15, 'attention_head_size': 1, 'learning_rate': 0.014919575110474127}. Best is trial 48 with value: 1.2274197340011597.
LOCAL_RANK: 0 - CUDA_VISIBLE_DEVICES: [0]
[I 2023-11-30 12:07:22,546] Trial 61 finished with value: 1.4515119791030884 and parameters: {'gradient_clip_val': 0.8382835892152325, 'hidden_size': 44, 'dropout': 0.3525916319825316, 'hidden_continuous_size': 24, 'attention_head_size': 3, 'learning_rate': 0.004116735413947371}. Best is trial 48 with value: 1.2274197340011597.
LOCAL_RANK: 0 - CUDA_VISIBLE_DEVICES: [0]
[I 2023-11-30 12:07:35,271] Trial 62 finished with value: 1.6778416633605957 and parameters: {'gradient_clip_val': 0.7365690055656712, 'hidden_size': 40, 'dropout': 0.3374686261489449, 'hidden_continuous_size': 21, 'attention_head_size': 2, 'learning_rate': 0.0028857334140108297}. Best is trial 48 with value: 1.2274197340011597.
LOCAL_RANK: 0 - CUDA_VISIBLE_DEVICES: [0]
[I 2023-11-30 12:07:48,324] Trial 63 finished with value: 1.5794891119003296 and parameters: {'gradient_clip_val': 0.7881369311609363, 'hidden_size': 37, 'dropout': 0.3786149732112452, 'hidden_continuous_size': 18, 'attention_head_size': 4, 'learning_rate': 0.003654977662556196}. Best is trial 48 with value: 1.2274197340011597.
LOCAL_RANK: 0 - CUDA_VISIBLE_DEVICES: [0]
[I 2023-11-30 12:08:01,450] Trial 64 finished with value: 1.266945481300354 and parameters: {'gradient_clip_val': 0.938179911521432, 'hidden_size': 46, 'dropout': 0.362596506542163, 'hidden_continuous_size': 22, 'attention_head_size': 4, 'learning_rate': 0.004870490484905502}. Best is trial 48 with value: 1.2274197340011597.
LOCAL_RANK: 0 - CUDA_VISIBLE_DEVICES: [0]
[I 2023-11-30 12:08:14,541] Trial 65 finished with value: 1.397206425666809 and parameters: {'gradient_clip_val': 0.9431469405030005, 'hidden_size': 33, 'dropout': 0.3647401727463033, 'hidden_continuous_size': 22, 'attention_head_size': 4, 'learning_rate': 0.00745654539569748}. Best is trial 48 with value: 1.2274197340011597.
LOCAL_RANK: 0 - CUDA_VISIBLE_DEVICES: [0]
[I 2023-11-30 12:08:27,210] Trial 66 finished with value: 1.220376968383789 and parameters: {'gradient_clip_val': 0.9982105027727599, 'hidden_size': 26, 'dropout': 0.39268185471273365, 'hidden_continuous_size': 15, 'attention_head_size': 4, 'learning_rate': 0.008323244874328306}. Best is trial 66 with value: 1.220376968383789.
LOCAL_RANK: 0 - CUDA_VISIBLE_DEVICES: [0]
[I 2023-11-30 12:08:39,571] Trial 67 finished with value: 1.340051293373108 and parameters: {'gradient_clip_val': 0.8475559762223308, 'hidden_size': 26, 'dropout': 0.39239543402052535, 'hidden_continuous_size': 14, 'attention_head_size': 4, 'learning_rate': 0.008769171297722119}. Best is trial 66 with value: 1.220376968383789.
LOCAL_RANK: 0 - CUDA_VISIBLE_DEVICES: [0]
[I 2023-11-30 12:08:51,977] Trial 68 finished with value: 1.3530899286270142 and parameters: {'gradient_clip_val': 0.9962968335331532, 'hidden_size': 18, 'dropout': 0.37865918283472505, 'hidden_continuous_size': 14, 'attention_head_size': 4, 'learning_rate': 0.009266380347252676}. Best is trial 66 with value: 1.220376968383789.
LOCAL_RANK: 0 - CUDA_VISIBLE_DEVICES: [0]
[I 2023-11-30 12:09:04,531] Trial 69 finished with value: 1.4433962106704712 and parameters: {'gradient_clip_val': 0.6572345596898078, 'hidden_size': 23, 'dropout': 0.39282429458535045, 'hidden_continuous_size': 16, 'attention_head_size': 4, 'learning_rate': 0.007563008352806577}. Best is trial 66 with value: 1.220376968383789.
LOCAL_RANK: 0 - CUDA_VISIBLE_DEVICES: [0]
[I 2023-11-30 12:09:17,457] Trial 70 finished with value: 1.3630346059799194 and parameters: {'gradient_clip_val': 0.8619573444017271, 'hidden_size': 29, 'dropout': 0.39987943831988804, 'hidden_continuous_size': 17, 'attention_head_size': 4, 'learning_rate': 0.010608764399285781}. Best is trial 66 with value: 1.220376968383789.
LOCAL_RANK: 0 - CUDA_VISIBLE_DEVICES: [0]
[I 2023-11-30 12:09:30,176] Trial 71 finished with value: 1.398598074913025 and parameters: {'gradient_clip_val': 0.9273062586205765, 'hidden_size': 32, 'dropout': 0.36781830467574694, 'hidden_continuous_size': 20, 'attention_head_size': 4, 'learning_rate': 0.0063484298496348625}. Best is trial 66 with value: 1.220376968383789.
LOCAL_RANK: 0 - CUDA_VISIBLE_DEVICES: [0]
[I 2023-11-30 12:09:42,549] Trial 72 finished with value: 1.904720664024353 and parameters: {'gradient_clip_val': 0.9336891189042849, 'hidden_size': 26, 'dropout': 0.38092576835305814, 'hidden_continuous_size': 15, 'attention_head_size': 4, 'learning_rate': 0.00474891481046828}. Best is trial 66 with value: 1.220376968383789.
LOCAL_RANK: 0 - CUDA_VISIBLE_DEVICES: [0]
[I 2023-11-30 12:09:55,630] Trial 73 finished with value: 1.5013866424560547 and parameters: {'gradient_clip_val': 0.8122361774339171, 'hidden_size': 45, 'dropout': 0.36021280381263493, 'hidden_continuous_size': 23, 'attention_head_size': 4, 'learning_rate': 0.00832872591636732}. Best is trial 66 with value: 1.220376968383789.
LOCAL_RANK: 0 - CUDA_VISIBLE_DEVICES: [0]
[I 2023-11-30 12:10:08,554] Trial 74 finished with value: 1.3124079704284668 and parameters: {'gradient_clip_val': 0.7074957994696307, 'hidden_size': 30, 'dropout': 0.3446490677155612, 'hidden_continuous_size': 16, 'attention_head_size': 4, 'learning_rate': 0.005580557327575219}. Best is trial 66 with value: 1.220376968383789.
LOCAL_RANK: 0 - CUDA_VISIBLE_DEVICES: [0]
[I 2023-11-30 12:10:21,344] Trial 75 finished with value: 1.2348047494888306 and parameters: {'gradient_clip_val': 0.8774632567004969, 'hidden_size': 36, 'dropout': 0.37342282704561347, 'hidden_continuous_size': 19, 'attention_head_size': 4, 'learning_rate': 0.006466159423854757}. Best is trial 66 with value: 1.220376968383789.
LOCAL_RANK: 0 - CUDA_VISIBLE_DEVICES: [0]
[I 2023-11-30 12:10:34,020] Trial 76 finished with value: 1.3100603818893433 and parameters: {'gradient_clip_val': 0.7527804733764696, 'hidden_size': 36, 'dropout': 0.37317594959542993, 'hidden_continuous_size': 19, 'attention_head_size': 4, 'learning_rate': 0.012241918070659065}. Best is trial 66 with value: 1.220376968383789.
LOCAL_RANK: 0 - CUDA_VISIBLE_DEVICES: [0]
[I 2023-11-30 12:10:46,598] Trial 77 finished with value: 1.2858818769454956 and parameters: {'gradient_clip_val': 0.8641577340289405, 'hidden_size': 29, 'dropout': 0.38658399058894355, 'hidden_continuous_size': 15, 'attention_head_size': 4, 'learning_rate': 0.00884239054773091}. Best is trial 66 with value: 1.220376968383789.
LOCAL_RANK: 0 - CUDA_VISIBLE_DEVICES: [0]
[I 2023-11-30 12:10:59,439] Trial 78 finished with value: 1.2579714059829712 and parameters: {'gradient_clip_val': 0.6930640368691322, 'hidden_size': 33, 'dropout': 0.37637438252967126, 'hidden_continuous_size': 17, 'attention_head_size': 4, 'learning_rate': 0.007683960628536137}. Best is trial 66 with value: 1.220376968383789.
LOCAL_RANK: 0 - CUDA_VISIBLE_DEVICES: [0]
