[I 2023-11-30 00:50:41,362] Trial 70 finished with value: 0.15182028710842133 and parameters: {'gradient_clip_val': 0.4215378587348093, 'hidden_size': 76, 'dropout': 0.3533506482727305, 'hidden_continuous_size': 21, 'attention_head_size': 4, 'learning_rate': 0.06616966400202702}. Best is trial 60 with value: 0.0768774226307869.
LOCAL_RANK: 0 - CUDA_VISIBLE_DEVICES: [0]
[I 2023-11-30 00:50:54,964] Trial 71 finished with value: 0.10873764753341675 and parameters: {'gradient_clip_val': 0.45000435000662947, 'hidden_size': 66, 'dropout': 0.36485973762837026, 'hidden_continuous_size': 23, 'attention_head_size': 4, 'learning_rate': 0.0785765649691938}. Best is trial 60 with value: 0.0768774226307869.
LOCAL_RANK: 0 - CUDA_VISIBLE_DEVICES: [0]
[I 2023-11-30 00:51:08,408] Trial 72 finished with value: 0.14440350234508514 and parameters: {'gradient_clip_val': 0.5582873270238711, 'hidden_size': 51, 'dropout': 0.34114013594209874, 'hidden_continuous_size': 24, 'attention_head_size': 4, 'learning_rate': 0.08673048887830713}. Best is trial 60 with value: 0.0768774226307869.
LOCAL_RANK: 0 - CUDA_VISIBLE_DEVICES: [0]
[I 2023-11-30 00:51:21,907] Trial 73 finished with value: 0.11581035703420639 and parameters: {'gradient_clip_val': 0.5036827454969073, 'hidden_size': 69, 'dropout': 0.3893012366263976, 'hidden_continuous_size': 20, 'attention_head_size': 4, 'learning_rate': 0.05045944379737914}. Best is trial 60 with value: 0.0768774226307869.
LOCAL_RANK: 0 - CUDA_VISIBLE_DEVICES: [0]
[I 2023-11-30 00:51:35,519] Trial 74 finished with value: 0.13467536866664886 and parameters: {'gradient_clip_val': 0.621814671848115, 'hidden_size': 74, 'dropout': 0.34712729816116406, 'hidden_continuous_size': 25, 'attention_head_size': 4, 'learning_rate': 0.06607235703278046}. Best is trial 60 with value: 0.0768774226307869.
LOCAL_RANK: 0 - CUDA_VISIBLE_DEVICES: [0]
[I 2023-11-30 00:51:49,188] Trial 75 finished with value: 0.15932326018810272 and parameters: {'gradient_clip_val': 0.6587398443752089, 'hidden_size': 92, 'dropout': 0.3712669267969757, 'hidden_continuous_size': 16, 'attention_head_size': 4, 'learning_rate': 0.08410386674760305}. Best is trial 60 with value: 0.0768774226307869.
LOCAL_RANK: 0 - CUDA_VISIBLE_DEVICES: [0]
[I 2023-11-30 00:52:02,834] Trial 76 finished with value: 0.15229018032550812 and parameters: {'gradient_clip_val': 0.37972896744826046, 'hidden_size': 83, 'dropout': 0.3261378333317737, 'hidden_continuous_size': 18, 'attention_head_size': 4, 'learning_rate': 0.07196887498752504}. Best is trial 60 with value: 0.0768774226307869.
LOCAL_RANK: 0 - CUDA_VISIBLE_DEVICES: [0]
[I 2023-11-30 00:52:16,481] Trial 77 finished with value: 0.13737426698207855 and parameters: {'gradient_clip_val': 0.7134340198570891, 'hidden_size': 66, 'dropout': 0.38150138923243365, 'hidden_continuous_size': 27, 'attention_head_size': 4, 'learning_rate': 0.0336155782110667}. Best is trial 60 with value: 0.0768774226307869.
LOCAL_RANK: 0 - CUDA_VISIBLE_DEVICES: [0]
[I 2023-11-30 00:52:29,861] Trial 78 finished with value: 0.17297512292861938 and parameters: {'gradient_clip_val': 0.5916460662019096, 'hidden_size': 59, 'dropout': 0.36246271699501076, 'hidden_continuous_size': 23, 'attention_head_size': 4, 'learning_rate': 0.05641665138568062}. Best is trial 60 with value: 0.0768774226307869.
LOCAL_RANK: 0 - CUDA_VISIBLE_DEVICES: [0]
[I 2023-11-30 00:52:43,089] Trial 79 finished with value: 0.16682219505310059 and parameters: {'gradient_clip_val': 0.540264470011015, 'hidden_size': 53, 'dropout': 0.3389373741714523, 'hidden_continuous_size': 22, 'attention_head_size': 4, 'learning_rate': 0.0476163588028346}. Best is trial 60 with value: 0.0768774226307869.
LOCAL_RANK: 0 - CUDA_VISIBLE_DEVICES: [0]
[I 2023-11-30 00:52:56,123] Trial 80 finished with value: 0.19557075202465057 and parameters: {'gradient_clip_val': 0.4433513296557551, 'hidden_size': 43, 'dropout': 0.3538880822068434, 'hidden_continuous_size': 19, 'attention_head_size': 4, 'learning_rate': 0.062173794701574116}. Best is trial 60 with value: 0.0768774226307869.
LOCAL_RANK: 0 - CUDA_VISIBLE_DEVICES: [0]
[I 2023-11-30 00:53:09,492] Trial 81 finished with value: 0.09294917434453964 and parameters: {'gradient_clip_val': 0.48658001726618294, 'hidden_size': 72, 'dropout': 0.3180790301275107, 'hidden_continuous_size': 25, 'attention_head_size': 2, 'learning_rate': 0.07632238439536099}. Best is trial 60 with value: 0.0768774226307869.
LOCAL_RANK: 0 - CUDA_VISIBLE_DEVICES: [0]
[I 2023-11-30 00:53:22,931] Trial 82 finished with value: 0.09310267120599747 and parameters: {'gradient_clip_val': 0.4863326810369763, 'hidden_size': 64, 'dropout': 0.3172054935234882, 'hidden_continuous_size': 29, 'attention_head_size': 2, 'learning_rate': 0.08885165739262121}. Best is trial 60 with value: 0.0768774226307869.
LOCAL_RANK: 0 - CUDA_VISIBLE_DEVICES: [0]
[I 2023-11-30 00:53:36,276] Trial 83 finished with value: 0.14014935493469238 and parameters: {'gradient_clip_val': 0.4754536358746956, 'hidden_size': 72, 'dropout': 0.3195651902758702, 'hidden_continuous_size': 29, 'attention_head_size': 2, 'learning_rate': 0.07498664207347272}. Best is trial 60 with value: 0.0768774226307869.
LOCAL_RANK: 0 - CUDA_VISIBLE_DEVICES: [0]
[I 2023-11-30 00:53:49,402] Trial 84 finished with value: 0.11890000104904175 and parameters: {'gradient_clip_val': 0.49611243865019167, 'hidden_size': 64, 'dropout': 0.31248538330840453, 'hidden_continuous_size': 30, 'attention_head_size': 2, 'learning_rate': 0.08695203860246993}. Best is trial 60 with value: 0.0768774226307869.
LOCAL_RANK: 0 - CUDA_VISIBLE_DEVICES: [0]
[I 2023-11-30 00:54:02,940] Trial 85 finished with value: 0.07316070795059204 and parameters: {'gradient_clip_val': 0.5284023146791172, 'hidden_size': 79, 'dropout': 0.38032139325419256, 'hidden_continuous_size': 26, 'attention_head_size': 2, 'learning_rate': 0.05497091153538259}. Best is trial 85 with value: 0.07316070795059204.
LOCAL_RANK: 0 - CUDA_VISIBLE_DEVICES: [0]
[I 2023-11-30 00:54:15,996] Trial 86 finished with value: 0.13277803361415863 and parameters: {'gradient_clip_val': 0.467193303966466, 'hidden_size': 56, 'dropout': 0.39132950261282223, 'hidden_continuous_size': 26, 'attention_head_size': 2, 'learning_rate': 0.05245262009212226}. Best is trial 85 with value: 0.07316070795059204.
LOCAL_RANK: 0 - CUDA_VISIBLE_DEVICES: [0]
[I 2023-11-30 00:54:29,523] Trial 87 finished with value: 0.12098520994186401 and parameters: {'gradient_clip_val': 0.526378339966324, 'hidden_size': 79, 'dropout': 0.3761138852474873, 'hidden_continuous_size': 30, 'attention_head_size': 1, 'learning_rate': 0.03874229474430388}. Best is trial 85 with value: 0.07316070795059204.
LOCAL_RANK: 0 - CUDA_VISIBLE_DEVICES: [0]
[I 2023-11-30 00:54:42,937] Trial 88 finished with value: 0.19343988597393036 and parameters: {'gradient_clip_val': 0.4424708453620146, 'hidden_size': 63, 'dropout': 0.384518233325227, 'hidden_continuous_size': 27, 'attention_head_size': 2, 'learning_rate': 0.059629103656501106}. Best is trial 85 with value: 0.07316070795059204.
LOCAL_RANK: 0 - CUDA_VISIBLE_DEVICES: [0]
[I 2023-11-30 00:54:56,471] Trial 89 finished with value: 0.18504081666469574 and parameters: {'gradient_clip_val': 0.500874300547397, 'hidden_size': 90, 'dropout': 0.36674229583455364, 'hidden_continuous_size': 17, 'attention_head_size': 2, 'learning_rate': 0.04602615435084801}. Best is trial 85 with value: 0.07316070795059204.
LOCAL_RANK: 0 - CUDA_VISIBLE_DEVICES: [0]
[I 2023-11-30 00:55:09,739] Trial 90 finished with value: 0.10977194458246231 and parameters: {'gradient_clip_val': 0.5458098948629911, 'hidden_size': 72, 'dropout': 0.35948063596907354, 'hidden_continuous_size': 25, 'attention_head_size': 2, 'learning_rate': 0.06847532126181544}. Best is trial 85 with value: 0.07316070795059204.
LOCAL_RANK: 0 - CUDA_VISIBLE_DEVICES: [0]
[I 2023-11-30 00:55:23,051] Trial 91 finished with value: 0.13129295408725739 and parameters: {'gradient_clip_val': 0.5664766798694092, 'hidden_size': 58, 'dropout': 0.34568668596817637, 'hidden_continuous_size': 25, 'attention_head_size': 2, 'learning_rate': 0.05239546971794686}. Best is trial 85 with value: 0.07316070795059204.
LOCAL_RANK: 0 - CUDA_VISIBLE_DEVICES: [0]
[I 2023-11-30 00:55:36,785] Trial 92 finished with value: 0.07820376008749008 and parameters: {'gradient_clip_val': 0.6005273054694609, 'hidden_size': 83, 'dropout': 0.3805701232177131, 'hidden_continuous_size': 27, 'attention_head_size': 2, 'learning_rate': 0.07696779036949805}. Best is trial 85 with value: 0.07316070795059204.
LOCAL_RANK: 0 - CUDA_VISIBLE_DEVICES: [0]
[I 2023-11-30 00:55:50,259] Trial 93 finished with value: 0.15809287130832672 and parameters: {'gradient_clip_val': 0.606875698383952, 'hidden_size': 79, 'dropout': 0.3957735599932055, 'hidden_continuous_size': 32, 'attention_head_size': 2, 'learning_rate': 0.07588233352384383}. Best is trial 85 with value: 0.07316070795059204.
LOCAL_RANK: 0 - CUDA_VISIBLE_DEVICES: [0]
[I 2023-11-30 00:56:03,758] Trial 94 finished with value: 0.15570662915706635 and parameters: {'gradient_clip_val': 0.4177017861237667, 'hidden_size': 71, 'dropout': 0.38065130220302945, 'hidden_continuous_size': 27, 'attention_head_size': 2, 'learning_rate': 0.058651655841075866}. Best is trial 85 with value: 0.07316070795059204.
LOCAL_RANK: 0 - CUDA_VISIBLE_DEVICES: [0]
[I 2023-11-30 00:56:16,883] Trial 95 finished with value: 0.14823032915592194 and parameters: {'gradient_clip_val': 0.6398510819999644, 'hidden_size': 63, 'dropout': 0.3731772420067881, 'hidden_continuous_size': 21, 'attention_head_size': 2, 'learning_rate': 0.06575597236856132}. Best is trial 85 with value: 0.07316070795059204.
LOCAL_RANK: 0 - CUDA_VISIBLE_DEVICES: [0]
[I 2023-11-30 00:56:29,931] Trial 96 finished with value: 0.1279899924993515 and parameters: {'gradient_clip_val': 0.4887368605510097, 'hidden_size': 58, 'dropout': 0.3657499193560683, 'hidden_continuous_size': 14, 'attention_head_size': 2, 'learning_rate': 0.08988749508770356}. Best is trial 85 with value: 0.07316070795059204.
LOCAL_RANK: 0 - CUDA_VISIBLE_DEVICES: [0]
[I 2023-11-30 00:56:42,816] Trial 97 finished with value: 0.14891476929187775 and parameters: {'gradient_clip_val': 0.5291530899820539, 'hidden_size': 52, 'dropout': 0.38252309987967403, 'hidden_continuous_size': 23, 'attention_head_size': 2, 'learning_rate': 0.041888613421041734}. Best is trial 85 with value: 0.07316070795059204.
LOCAL_RANK: 0 - CUDA_VISIBLE_DEVICES: [0]
[I 2023-11-30 00:56:56,351] Trial 98 finished with value: 0.1415792852640152 and parameters: {'gradient_clip_val': 0.5200707517367174, 'hidden_size': 75, 'dropout': 0.39367281923152597, 'hidden_continuous_size': 28, 'attention_head_size': 2, 'learning_rate': 0.07758000953827417}. Best is trial 85 with value: 0.07316070795059204.
LOCAL_RANK: 0 - CUDA_VISIBLE_DEVICES: [0]
[I 2023-11-30 00:57:10,223] Trial 99 finished with value: 0.125987708568573 and parameters: {'gradient_clip_val': 0.5973532342517865, 'hidden_size': 97, 'dropout': 0.3578261441213348, 'hidden_continuous_size': 34, 'attention_head_size': 2, 'learning_rate': 0.0501964792671005}. Best is trial 85 with value: 0.07316070795059204.
LOCAL_RANK: 0 - CUDA_VISIBLE_DEVICES: [0]
[I 2023-11-30 00:57:23,573] Trial 100 finished with value: 0.1446262001991272 and parameters: {'gradient_clip_val': 0.56268218586338, 'hidden_size': 68, 'dropout': 0.37076914411085016, 'hidden_continuous_size': 24, 'attention_head_size': 2, 'learning_rate': 0.0899470173391648}. Best is trial 85 with value: 0.07316070795059204.
LOCAL_RANK: 0 - CUDA_VISIBLE_DEVICES: [0]
[I 2023-11-30 00:57:37,576] Trial 101 finished with value: 0.13010716438293457 and parameters: {'gradient_clip_val': 0.5866273429184017, 'hidden_size': 86, 'dropout': 0.3546080331340101, 'hidden_continuous_size': 29, 'attention_head_size': 4, 'learning_rate': 0.08170244912697937}. Best is trial 85 with value: 0.07316070795059204.
LOCAL_RANK: 0 - CUDA_VISIBLE_DEVICES: [0]
[I 2023-11-30 00:57:51,196] Trial 102 finished with value: 0.13286687433719635 and parameters: {'gradient_clip_val': 0.4616478886299042, 'hidden_size': 79, 'dropout': 0.3404337178291308, 'hidden_continuous_size': 26, 'attention_head_size': 4, 'learning_rate': 0.07223564024629438}. Best is trial 85 with value: 0.07316070795059204.
LOCAL_RANK: 0 - CUDA_VISIBLE_DEVICES: [0]
[I 2023-11-30 00:58:04,761] Trial 103 finished with value: 0.1737269163131714 and parameters: {'gradient_clip_val': 0.6386748052478811, 'hidden_size': 84, 'dropout': 0.35088497203110713, 'hidden_continuous_size': 24, 'attention_head_size': 4, 'learning_rate': 0.06362093056050179}. Best is trial 85 with value: 0.07316070795059204.
LOCAL_RANK: 0 - CUDA_VISIBLE_DEVICES: [0]
[I 2023-11-30 00:58:18,287] Trial 104 finished with value: 0.10450652986764908 and parameters: {'gradient_clip_val': 0.47967705892408274, 'hidden_size': 72, 'dropout': 0.33457156122646026, 'hidden_continuous_size': 25, 'attention_head_size': 4, 'learning_rate': 0.05598196613356123}. Best is trial 85 with value: 0.07316070795059204.
LOCAL_RANK: 0 - CUDA_VISIBLE_DEVICES: [0]
[I 2023-11-30 00:58:32,216] Trial 105 finished with value: 0.11430120468139648 and parameters: {'gradient_clip_val': 0.5627421215893065, 'hidden_size': 94, 'dropout': 0.3736258772072429, 'hidden_continuous_size': 31, 'attention_head_size': 4, 'learning_rate': 0.0917148503470192}. Best is trial 85 with value: 0.07316070795059204.
LOCAL_RANK: 0 - CUDA_VISIBLE_DEVICES: [0]
[I 2023-11-30 00:58:46,063] Trial 106 finished with value: 0.09343614429235458 and parameters: {'gradient_clip_val': 0.5381684003767931, 'hidden_size': 89, 'dropout': 0.3994922607858545, 'hidden_continuous_size': 28, 'attention_head_size': 2, 'learning_rate': 0.08276355368606866}. Best is trial 85 with value: 0.07316070795059204.
LOCAL_RANK: 0 - CUDA_VISIBLE_DEVICES: [0]
[I 2023-11-30 00:58:59,908] Trial 107 finished with value: 0.11224594712257385 and parameters: {'gradient_clip_val': 0.5168988935115075, 'hidden_size': 101, 'dropout': 0.39695727755625293, 'hidden_continuous_size': 28, 'attention_head_size': 2, 'learning_rate': 0.06917674402419884}. Best is trial 85 with value: 0.07316070795059204.
LOCAL_RANK: 0 - CUDA_VISIBLE_DEVICES: [0]
[I 2023-11-30 00:59:13,522] Trial 108 finished with value: 0.08313525468111038 and parameters: {'gradient_clip_val': 0.5388417300626258, 'hidden_size': 108, 'dropout': 0.387416645901779, 'hidden_continuous_size': 20, 'attention_head_size': 1, 'learning_rate': 0.07730863620310385}. Best is trial 85 with value: 0.07316070795059204.
LOCAL_RANK: 0 - CUDA_VISIBLE_DEVICES: [0]
[I 2023-11-30 00:59:27,472] Trial 109 finished with value: 0.1522848755121231 and parameters: {'gradient_clip_val': 0.43250914485164516, 'hidden_size': 107, 'dropout': 0.3888592029025394, 'hidden_continuous_size': 33, 'attention_head_size': 1, 'learning_rate': 0.05791832504398588}. Best is trial 85 with value: 0.07316070795059204.
LOCAL_RANK: 0 - CUDA_VISIBLE_DEVICES: [0]
[I 2023-11-30 00:59:40,962] Trial 110 finished with value: 0.14928250014781952 and parameters: {'gradient_clip_val': 0.45211196632158857, 'hidden_size': 92, 'dropout': 0.38020838532434437, 'hidden_continuous_size': 31, 'attention_head_size': 1, 'learning_rate': 0.06516111174713805}. Best is trial 85 with value: 0.07316070795059204.
LOCAL_RANK: 0 - CUDA_VISIBLE_DEVICES: [0]
[I 2023-11-30 00:59:54,561] Trial 111 finished with value: 0.1082356870174408 and parameters: {'gradient_clip_val': 0.5406462165413944, 'hidden_size': 88, 'dropout': 0.38713327662996605, 'hidden_continuous_size': 20, 'attention_head_size': 1, 'learning_rate': 0.07989484042153058}. Best is trial 85 with value: 0.07316070795059204.
LOCAL_RANK: 0 - CUDA_VISIBLE_DEVICES: [0]
[I 2023-11-30 01:00:07,559] Trial 112 finished with value: 0.09321055561304092 and parameters: {'gradient_clip_val': 0.6069842127646652, 'hidden_size': 61, 'dropout': 0.39776914815838166, 'hidden_continuous_size': 12, 'attention_head_size': 1, 'learning_rate': 0.07498239802226643}. Best is trial 85 with value: 0.07316070795059204.
LOCAL_RANK: 0 - CUDA_VISIBLE_DEVICES: [0]
[I 2023-11-30 01:00:20,423] Trial 113 finished with value: 0.15968964993953705 and parameters: {'gradient_clip_val': 0.6632212801442039, 'hidden_size': 60, 'dropout': 0.39533132489302686, 'hidden_continuous_size': 12, 'attention_head_size': 1, 'learning_rate': 0.07422695439910675}. Best is trial 85 with value: 0.07316070795059204.
LOCAL_RANK: 0 - CUDA_VISIBLE_DEVICES: [0]
[I 2023-11-30 01:00:33,497] Trial 114 finished with value: 0.13880141079425812 and parameters: {'gradient_clip_val': 0.6140731800048476, 'hidden_size': 65, 'dropout': 0.3985453133282374, 'hidden_continuous_size': 15, 'attention_head_size': 1, 'learning_rate': 0.09247388744550651}. Best is trial 85 with value: 0.07316070795059204.
LOCAL_RANK: 0 - CUDA_VISIBLE_DEVICES: [0]
[I 2023-11-30 01:00:46,145] Trial 115 finished with value: 0.16301098465919495 and parameters: {'gradient_clip_val': 0.4852267358791613, 'hidden_size': 48, 'dropout': 0.39991461022686053, 'hidden_continuous_size': 13, 'attention_head_size': 1, 'learning_rate': 0.05076454932970038}. Best is trial 85 with value: 0.07316070795059204.
LOCAL_RANK: 0 - CUDA_VISIBLE_DEVICES: [0]
[I 2023-11-30 01:00:59,420] Trial 116 finished with value: 0.08284682035446167 and parameters: {'gradient_clip_val': 0.5440112677836504, 'hidden_size': 80, 'dropout': 0.38355070339540026, 'hidden_continuous_size': 12, 'attention_head_size': 1, 'learning_rate': 0.06013541765646489}. Best is trial 85 with value: 0.07316070795059204.
LOCAL_RANK: 0 - CUDA_VISIBLE_DEVICES: [0]
[I 2023-11-30 01:01:12,695] Trial 117 finished with value: 0.1287819892168045 and parameters: {'gradient_clip_val': 0.5485189256775929, 'hidden_size': 82, 'dropout': 0.383001192052637, 'hidden_continuous_size': 12, 'attention_head_size': 1, 'learning_rate': 0.061316148516596856}. Best is trial 85 with value: 0.07316070795059204.
LOCAL_RANK: 0 - CUDA_VISIBLE_DEVICES: [0]
[I 2023-11-30 01:01:25,967] Trial 118 finished with value: 0.18682312965393066 and parameters: {'gradient_clip_val': 0.5758048203882935, 'hidden_size': 108, 'dropout': 0.3788957693537286, 'hidden_continuous_size': 11, 'attention_head_size': 1, 'learning_rate': 0.044876237591975246}. Best is trial 85 with value: 0.07316070795059204.
LOCAL_RANK: 0 - CUDA_VISIBLE_DEVICES: [0]
[I 2023-11-30 01:01:39,173] Trial 119 finished with value: 0.0637463703751564 and parameters: {'gradient_clip_val': 0.6299564998680887, 'hidden_size': 78, 'dropout': 0.38934979736125835, 'hidden_continuous_size': 10, 'attention_head_size': 1, 'learning_rate': 0.0711470174664762}. Best is trial 119 with value: 0.0637463703751564.
LOCAL_RANK: 0 - CUDA_VISIBLE_DEVICES: [0]
[I 2023-11-30 01:01:52,725] Trial 120 finished with value: 0.1498761624097824 and parameters: {'gradient_clip_val': 0.6362822314161266, 'hidden_size': 119, 'dropout': 0.3891633521871626, 'hidden_continuous_size': 10, 'attention_head_size': 1, 'learning_rate': 0.07350981175758038}. Best is trial 119 with value: 0.0637463703751564.
LOCAL_RANK: 0 - CUDA_VISIBLE_DEVICES: [0]
[I 2023-11-30 01:02:06,034] Trial 121 finished with value: 0.21829982101917267 and parameters: {'gradient_clip_val': 0.6821232020494761, 'hidden_size': 78, 'dropout': 0.3677598981765892, 'hidden_continuous_size': 11, 'attention_head_size': 1, 'learning_rate': 0.06777487656340647}. Best is trial 119 with value: 0.0637463703751564.
LOCAL_RANK: 0 - CUDA_VISIBLE_DEVICES: [0]
[I 2023-11-30 01:02:19,308] Trial 122 finished with value: 0.14476162195205688 and parameters: {'gradient_clip_val': 0.5951310018842019, 'hidden_size': 88, 'dropout': 0.39148577070632024, 'hidden_continuous_size': 13, 'attention_head_size': 1, 'learning_rate': 0.05465794308178072}. Best is trial 119 with value: 0.0637463703751564.
LOCAL_RANK: 0 - CUDA_VISIBLE_DEVICES: [0]
[I 2023-11-30 01:02:32,671] Trial 123 finished with value: 0.09340766817331314 and parameters: {'gradient_clip_val': 0.5035574108087775, 'hidden_size': 68, 'dropout': 0.3775895946015803, 'hidden_continuous_size': 27, 'attention_head_size': 1, 'learning_rate': 0.08594268762738769}. Best is trial 119 with value: 0.0637463703751564.
LOCAL_RANK: 0 - CUDA_VISIBLE_DEVICES: [0]
[I 2023-11-30 01:02:46,316] Trial 124 finished with value: 0.11315423250198364 and parameters: {'gradient_clip_val': 0.5031875692641367, 'hidden_size': 99, 'dropout': 0.37860972952805994, 'hidden_continuous_size': 29, 'attention_head_size': 1, 'learning_rate': 0.08376338230310845}. Best is trial 119 with value: 0.0637463703751564.
LOCAL_RANK: 0 - CUDA_VISIBLE_DEVICES: [0]
[I 2023-11-30 01:02:59,606] Trial 125 finished with value: 0.1813402622938156 and parameters: {'gradient_clip_val': 0.5287513476250322, 'hidden_size': 69, 'dropout': 0.38527631360088255, 'hidden_continuous_size': 27, 'attention_head_size': 1, 'learning_rate': 0.0933629727866371}. Best is trial 119 with value: 0.0637463703751564.
LOCAL_RANK: 0 - CUDA_VISIBLE_DEVICES: [0]
[I 2023-11-30 01:03:12,958] Trial 126 finished with value: 0.10984968394041061 and parameters: {'gradient_clip_val': 0.7070187852769867, 'hidden_size': 76, 'dropout': 0.37335373301717134, 'hidden_continuous_size': 16, 'attention_head_size': 1, 'learning_rate': 0.07772551198745264}. Best is trial 119 with value: 0.0637463703751564.
LOCAL_RANK: 0 - CUDA_VISIBLE_DEVICES: [0]
[I 2023-11-30 01:03:26,357] Trial 127 finished with value: 0.08057224750518799 and parameters: {'gradient_clip_val': 0.4689295015183598, 'hidden_size': 93, 'dropout': 0.36463405458987913, 'hidden_continuous_size': 14, 'attention_head_size': 1, 'learning_rate': 0.09992495493284215}. Best is trial 119 with value: 0.0637463703751564.
LOCAL_RANK: 0 - CUDA_VISIBLE_DEVICES: [0]
