[I 2023-11-29 21:09:52,023] Trial 139 finished with value: 0.21378378570079803 and parameters: {'gradient_clip_val': 0.23606063327634838, 'hidden_size': 34, 'dropout': 0.3122516434600452, 'hidden_continuous_size': 22, 'attention_head_size': 1, 'learning_rate': 0.06536666926958329}. Best is trial 58 with value: 0.1197221651673317.
LOCAL_RANK: 0 - CUDA_VISIBLE_DEVICES: [0]
[I 2023-11-29 21:10:04,634] Trial 140 finished with value: 0.30076441168785095 and parameters: {'gradient_clip_val': 0.37557280713710306, 'hidden_size': 29, 'dropout': 0.3368544018804715, 'hidden_continuous_size': 21, 'attention_head_size': 2, 'learning_rate': 0.05936099687733521}. Best is trial 58 with value: 0.1197221651673317.
LOCAL_RANK: 0 - CUDA_VISIBLE_DEVICES: [0]
[I 2023-11-29 21:10:17,368] Trial 141 finished with value: 0.1852656602859497 and parameters: {'gradient_clip_val': 0.35478658452800516, 'hidden_size': 42, 'dropout': 0.32292404822127785, 'hidden_continuous_size': 19, 'attention_head_size': 1, 'learning_rate': 0.042050974501854986}. Best is trial 58 with value: 0.1197221651673317.
LOCAL_RANK: 0 - CUDA_VISIBLE_DEVICES: [0]
[I 2023-11-29 21:10:30,224] Trial 142 finished with value: 0.1317623108625412 and parameters: {'gradient_clip_val': 0.2570648115697175, 'hidden_size': 39, 'dropout': 0.31513015876555567, 'hidden_continuous_size': 20, 'attention_head_size': 1, 'learning_rate': 0.03245657399304295}. Best is trial 58 with value: 0.1197221651673317.
LOCAL_RANK: 0 - CUDA_VISIBLE_DEVICES: [0]
[I 2023-11-29 21:10:43,169] Trial 143 finished with value: 0.31353071331977844 and parameters: {'gradient_clip_val': 0.20906068675979506, 'hidden_size': 46, 'dropout': 0.3183029827977629, 'hidden_continuous_size': 22, 'attention_head_size': 1, 'learning_rate': 0.050755809178038395}. Best is trial 58 with value: 0.1197221651673317.
LOCAL_RANK: 0 - CUDA_VISIBLE_DEVICES: [0]
[I 2023-11-29 21:10:55,541] Trial 144 finished with value: 0.22021181881427765 and parameters: {'gradient_clip_val': 0.41546036491748944, 'hidden_size': 36, 'dropout': 0.33132839572527883, 'hidden_continuous_size': 26, 'attention_head_size': 1, 'learning_rate': 0.035138212139949124}. Best is trial 58 with value: 0.1197221651673317.
LOCAL_RANK: 0 - CUDA_VISIBLE_DEVICES: [0]
[I 2023-11-29 21:11:07,886] Trial 145 finished with value: 0.2045058012008667 and parameters: {'gradient_clip_val': 0.22761021330907316, 'hidden_size': 32, 'dropout': 0.3434219586608349, 'hidden_continuous_size': 17, 'attention_head_size': 1, 'learning_rate': 0.02820045080439102}. Best is trial 58 with value: 0.1197221651673317.
LOCAL_RANK: 0 - CUDA_VISIBLE_DEVICES: [0]
[I 2023-11-29 21:11:20,749] Trial 146 finished with value: 0.19899135828018188 and parameters: {'gradient_clip_val': 0.18936017697247298, 'hidden_size': 38, 'dropout': 0.30011143446389943, 'hidden_continuous_size': 23, 'attention_head_size': 3, 'learning_rate': 0.020915793539326252}. Best is trial 58 with value: 0.1197221651673317.
LOCAL_RANK: 0 - CUDA_VISIBLE_DEVICES: [0]
[I 2023-11-29 21:11:34,202] Trial 147 finished with value: 0.18990828096866608 and parameters: {'gradient_clip_val': 0.31108697760443815, 'hidden_size': 51, 'dropout': 0.3651212068785125, 'hidden_continuous_size': 33, 'attention_head_size': 1, 'learning_rate': 0.09978253470634409}. Best is trial 58 with value: 0.1197221651673317.
LOCAL_RANK: 0 - CUDA_VISIBLE_DEVICES: [0]
[I 2023-11-29 21:11:47,127] Trial 148 finished with value: 0.14308008551597595 and parameters: {'gradient_clip_val': 0.1765855010356472, 'hidden_size': 41, 'dropout': 0.3089664991121426, 'hidden_continuous_size': 24, 'attention_head_size': 2, 'learning_rate': 0.07144083235344356}. Best is trial 58 with value: 0.1197221651673317.
LOCAL_RANK: 0 - CUDA_VISIBLE_DEVICES: [0]
[I 2023-11-29 21:11:59,874] Trial 149 finished with value: 0.2644745409488678 and parameters: {'gradient_clip_val': 0.2798228474544235, 'hidden_size': 35, 'dropout': 0.37741627358018476, 'hidden_continuous_size': 22, 'attention_head_size': 3, 'learning_rate': 0.08130174455845378}. Best is trial 58 with value: 0.1197221651673317.
[I 2023-11-29 21:11:59,986] A new study created in memory with name: no-name-e398ba41-ea35-4279-ad0d-d327ae3dad5a
/home/le004/conda/anaconda3/envs/tsff_env/lib/python3.9/site-packages/lightning/fabric/plugins/environments/slurm.py:191: The `srun` command is available on your system but is not used. HINT: If your intention is to run Lightning on SLURM, prepend your python command with `srun` like so: srun python /home/le004/master_thesis/git/TSFusionForecast/code/ ...
LOCAL_RANK: 0 - CUDA_VISIBLE_DEVICES: [0]
[I 2023-11-29 21:12:12,147] Trial 0 finished with value: 2.1798932552337646 and parameters: {'gradient_clip_val': 0.23208964128571646, 'hidden_size': 32, 'dropout': 0.32977574595615866, 'hidden_continuous_size': 16, 'attention_head_size': 1, 'learning_rate': 0.004871999914395968}. Best is trial 0 with value: 2.1798932552337646.
LOCAL_RANK: 0 - CUDA_VISIBLE_DEVICES: [0]
[I 2023-11-29 21:12:24,524] Trial 1 finished with value: 3.177408218383789 and parameters: {'gradient_clip_val': 0.12827561535796797, 'hidden_size': 29, 'dropout': 0.2827064948371343, 'hidden_continuous_size': 17, 'attention_head_size': 1, 'learning_rate': 0.0010080318169526231}. Best is trial 0 with value: 2.1798932552337646.
LOCAL_RANK: 0 - CUDA_VISIBLE_DEVICES: [0]
[I 2023-11-29 21:12:37,757] Trial 2 finished with value: 1.606075406074524 and parameters: {'gradient_clip_val': 0.22178368200331405, 'hidden_size': 45, 'dropout': 0.15777830083083658, 'hidden_continuous_size': 19, 'attention_head_size': 4, 'learning_rate': 0.00313531193386979}. Best is trial 2 with value: 1.606075406074524.
LOCAL_RANK: 0 - CUDA_VISIBLE_DEVICES: [0]
[I 2023-11-29 21:12:50,155] Trial 3 finished with value: 0.49403247237205505 and parameters: {'gradient_clip_val': 0.177634245655127, 'hidden_size': 22, 'dropout': 0.13297426810846785, 'hidden_continuous_size': 10, 'attention_head_size': 4, 'learning_rate': 0.09437318376375581}. Best is trial 3 with value: 0.49403247237205505.
LOCAL_RANK: 0 - CUDA_VISIBLE_DEVICES: [0]
[I 2023-11-29 21:13:03,599] Trial 4 finished with value: 0.5301126837730408 and parameters: {'gradient_clip_val': 0.3988513693967603, 'hidden_size': 58, 'dropout': 0.3052184930339181, 'hidden_continuous_size': 53, 'attention_head_size': 1, 'learning_rate': 0.005505606189844764}. Best is trial 3 with value: 0.49403247237205505.
LOCAL_RANK: 0 - CUDA_VISIBLE_DEVICES: [0]
[I 2023-11-29 21:13:16,395] Trial 5 finished with value: 1.1252824068069458 and parameters: {'gradient_clip_val': 0.6166998336268461, 'hidden_size': 60, 'dropout': 0.37707202195224554, 'hidden_continuous_size': 12, 'attention_head_size': 1, 'learning_rate': 0.011105794375871265}. Best is trial 3 with value: 0.49403247237205505.
LOCAL_RANK: 0 - CUDA_VISIBLE_DEVICES: [0]
[I 2023-11-29 21:13:28,848] Trial 6 finished with value: 0.8435544967651367 and parameters: {'gradient_clip_val': 0.8458826687664942, 'hidden_size': 41, 'dropout': 0.38121481959916936, 'hidden_continuous_size': 10, 'attention_head_size': 1, 'learning_rate': 0.010345381047937061}. Best is trial 3 with value: 0.49403247237205505.
LOCAL_RANK: 0 - CUDA_VISIBLE_DEVICES: [0]
[I 2023-11-29 21:13:41,698] Trial 7 finished with value: 0.3327111601829529 and parameters: {'gradient_clip_val': 0.9116044695099113, 'hidden_size': 37, 'dropout': 0.2613154673481492, 'hidden_continuous_size': 15, 'attention_head_size': 1, 'learning_rate': 0.04408019115159199}. Best is trial 7 with value: 0.3327111601829529.
LOCAL_RANK: 0 - CUDA_VISIBLE_DEVICES: [0]
[I 2023-11-29 21:13:55,617] Trial 8 finished with value: 0.8637860417366028 and parameters: {'gradient_clip_val': 0.11810972740833478, 'hidden_size': 110, 'dropout': 0.2747443624412419, 'hidden_continuous_size': 41, 'attention_head_size': 1, 'learning_rate': 0.004486282097571263}. Best is trial 7 with value: 0.3327111601829529.
LOCAL_RANK: 0 - CUDA_VISIBLE_DEVICES: [0]
[I 2023-11-29 21:14:09,397] Trial 9 finished with value: 0.432610422372818 and parameters: {'gradient_clip_val': 0.931321546207591, 'hidden_size': 88, 'dropout': 0.35299226929686955, 'hidden_continuous_size': 33, 'attention_head_size': 4, 'learning_rate': 0.016516576080404022}. Best is trial 7 with value: 0.3327111601829529.
LOCAL_RANK: 0 - CUDA_VISIBLE_DEVICES: [0]
[I 2023-11-29 21:14:21,510] Trial 10 finished with value: 0.7509121894836426 and parameters: {'gradient_clip_val': 0.46038236374351355, 'hidden_size': 11, 'dropout': 0.21800623732739766, 'hidden_continuous_size': 10, 'attention_head_size': 2, 'learning_rate': 0.04755184785790228}. Best is trial 7 with value: 0.3327111601829529.
LOCAL_RANK: 0 - CUDA_VISIBLE_DEVICES: [0]
[I 2023-11-29 21:14:35,483] Trial 11 finished with value: 0.46817299723625183 and parameters: {'gradient_clip_val': 0.9824804392779143, 'hidden_size': 120, 'dropout': 0.22642492326805938, 'hidden_continuous_size': 29, 'attention_head_size': 3, 'learning_rate': 0.02597957773637519}. Best is trial 7 with value: 0.3327111601829529.
LOCAL_RANK: 0 - CUDA_VISIBLE_DEVICES: [0]
[I 2023-11-29 21:14:46,258] Trial 12 finished with value: 0.27249088883399963 and parameters: {'gradient_clip_val': 0.6876101070641681, 'hidden_size': 77, 'dropout': 0.3321890605929496, 'hidden_continuous_size': 77, 'attention_head_size': 3, 'learning_rate': 0.0305208943162204}. Best is trial 12 with value: 0.27249088883399963.
LOCAL_RANK: 0 - CUDA_VISIBLE_DEVICES: [0]
[I 2023-11-29 21:15:00,230] Trial 13 finished with value: 0.30670982599258423 and parameters: {'gradient_clip_val': 0.6182242469613443, 'hidden_size': 76, 'dropout': 0.3271355739900393, 'hidden_continuous_size': 71, 'attention_head_size': 3, 'learning_rate': 0.03622614168552088}. Best is trial 12 with value: 0.27249088883399963.
LOCAL_RANK: 0 - CUDA_VISIBLE_DEVICES: [0]
[I 2023-11-29 21:15:15,066] Trial 14 finished with value: 0.39321693778038025 and parameters: {'gradient_clip_val': 0.5758119274708857, 'hidden_size': 146, 'dropout': 0.3979373454116083, 'hidden_continuous_size': 105, 'attention_head_size': 3, 'learning_rate': 0.02771263528181448}. Best is trial 12 with value: 0.27249088883399963.
LOCAL_RANK: 0 - CUDA_VISIBLE_DEVICES: [0]
[I 2023-11-29 21:15:29,373] Trial 15 finished with value: 0.42134055495262146 and parameters: {'gradient_clip_val': 0.3778697251054557, 'hidden_size': 80, 'dropout': 0.3424274367504526, 'hidden_continuous_size': 74, 'attention_head_size': 3, 'learning_rate': 0.09847150781820259}. Best is trial 12 with value: 0.27249088883399963.
LOCAL_RANK: 0 - CUDA_VISIBLE_DEVICES: [0]
[I 2023-11-29 21:15:43,312] Trial 16 finished with value: 0.37437573075294495 and parameters: {'gradient_clip_val': 0.6187855320618703, 'hidden_size': 81, 'dropout': 0.30986577840270035, 'hidden_continuous_size': 53, 'attention_head_size': 2, 'learning_rate': 0.022396790847784977}. Best is trial 12 with value: 0.27249088883399963.
LOCAL_RANK: 0 - CUDA_VISIBLE_DEVICES: [0]
[I 2023-11-29 21:15:56,804] Trial 17 finished with value: 0.38869890570640564 and parameters: {'gradient_clip_val': 0.6828363472083775, 'hidden_size': 60, 'dropout': 0.35248731849820625, 'hidden_continuous_size': 22, 'attention_head_size': 3, 'learning_rate': 0.048218467948262525}. Best is trial 12 with value: 0.27249088883399963.
LOCAL_RANK: 0 - CUDA_VISIBLE_DEVICES: [0]
[I 2023-11-29 21:16:11,063] Trial 18 finished with value: 0.3178660571575165 and parameters: {'gradient_clip_val': 0.48548061793084124, 'hidden_size': 99, 'dropout': 0.3056710369385971, 'hidden_continuous_size': 96, 'attention_head_size': 2, 'learning_rate': 0.014502604292146736}. Best is trial 12 with value: 0.27249088883399963.
LOCAL_RANK: 0 - CUDA_VISIBLE_DEVICES: [0]
[I 2023-11-29 21:16:22,360] Trial 19 finished with value: 0.35758712887763977 and parameters: {'gradient_clip_val': 0.303919262413938, 'hidden_size': 149, 'dropout': 0.330680551927058, 'hidden_continuous_size': 149, 'attention_head_size': 3, 'learning_rate': 0.03547427797525716}. Best is trial 12 with value: 0.27249088883399963.
LOCAL_RANK: 0 - CUDA_VISIBLE_DEVICES: [0]
[I 2023-11-29 21:16:36,018] Trial 20 finished with value: 0.39541539549827576 and parameters: {'gradient_clip_val': 0.751111501488652, 'hidden_size': 71, 'dropout': 0.24034618936539653, 'hidden_continuous_size': 34, 'attention_head_size': 2, 'learning_rate': 0.06433262963563267}. Best is trial 12 with value: 0.27249088883399963.
LOCAL_RANK: 0 - CUDA_VISIBLE_DEVICES: [0]
[I 2023-11-29 21:16:50,173] Trial 21 finished with value: 0.3361494839191437 and parameters: {'gradient_clip_val': 0.5137366136806779, 'hidden_size': 98, 'dropout': 0.3020218935805219, 'hidden_continuous_size': 67, 'attention_head_size': 2, 'learning_rate': 0.016753308169005613}. Best is trial 12 with value: 0.27249088883399963.
LOCAL_RANK: 0 - CUDA_VISIBLE_DEVICES: [0]
[I 2023-11-29 21:17:04,605] Trial 22 finished with value: 0.33407923579216003 and parameters: {'gradient_clip_val': 0.49116777327154243, 'hidden_size': 103, 'dropout': 0.2929308382011824, 'hidden_continuous_size': 77, 'attention_head_size': 2, 'learning_rate': 0.01868191869544418}. Best is trial 12 with value: 0.27249088883399963.
LOCAL_RANK: 0 - CUDA_VISIBLE_DEVICES: [0]
[I 2023-11-29 21:17:18,365] Trial 23 finished with value: 0.3386728763580322 and parameters: {'gradient_clip_val': 0.7278478377625391, 'hidden_size': 74, 'dropout': 0.32018602371766663, 'hidden_continuous_size': 45, 'attention_head_size': 3, 'learning_rate': 0.03276346269362819}. Best is trial 12 with value: 0.27249088883399963.
LOCAL_RANK: 0 - CUDA_VISIBLE_DEVICES: [0]
[I 2023-11-29 21:17:32,885] Trial 24 finished with value: 0.2933884859085083 and parameters: {'gradient_clip_val': 0.5687807666667977, 'hidden_size': 110, 'dropout': 0.3585071166943791, 'hidden_continuous_size': 87, 'attention_head_size': 3, 'learning_rate': 0.014052059309429047}. Best is trial 12 with value: 0.27249088883399963.
LOCAL_RANK: 0 - CUDA_VISIBLE_DEVICES: [0]
[I 2023-11-29 21:17:47,405] Trial 25 finished with value: 0.5228238105773926 and parameters: {'gradient_clip_val': 0.8135208671583768, 'hidden_size': 123, 'dropout': 0.36178433796490467, 'hidden_continuous_size': 65, 'attention_head_size': 4, 'learning_rate': 0.024239832557584124}. Best is trial 12 with value: 0.27249088883399963.
LOCAL_RANK: 0 - CUDA_VISIBLE_DEVICES: [0]
[I 2023-11-29 21:18:01,797] Trial 26 finished with value: 0.4251887798309326 and parameters: {'gradient_clip_val': 0.6758583445643063, 'hidden_size': 128, 'dropout': 0.36660646505741246, 'hidden_continuous_size': 96, 'attention_head_size': 3, 'learning_rate': 0.034925751362522336}. Best is trial 12 with value: 0.27249088883399963.
LOCAL_RANK: 0 - CUDA_VISIBLE_DEVICES: [0]
[I 2023-11-29 21:18:16,048] Trial 27 finished with value: 0.5056426525115967 and parameters: {'gradient_clip_val': 0.5605086295617717, 'hidden_size': 91, 'dropout': 0.3386132911374278, 'hidden_continuous_size': 56, 'attention_head_size': 3, 'learning_rate': 0.06371974292348669}. Best is trial 12 with value: 0.27249088883399963.
LOCAL_RANK: 0 - CUDA_VISIBLE_DEVICES: [0]
[I 2023-11-29 21:18:29,807] Trial 28 finished with value: 0.5960572957992554 and parameters: {'gradient_clip_val': 0.7802540611727726, 'hidden_size': 67, 'dropout': 0.3972173626074748, 'hidden_continuous_size': 44, 'attention_head_size': 4, 'learning_rate': 0.0128172349468851}. Best is trial 12 with value: 0.27249088883399963.
LOCAL_RANK: 0 - CUDA_VISIBLE_DEVICES: [0]
[I 2023-11-29 21:18:42,870] Trial 29 finished with value: 0.9212505221366882 and parameters: {'gradient_clip_val': 0.41988408164636826, 'hidden_size': 47, 'dropout': 0.3244612626313337, 'hidden_continuous_size': 23, 'attention_head_size': 3, 'learning_rate': 0.008141852161411951}. Best is trial 12 with value: 0.27249088883399963.
LOCAL_RANK: 0 - CUDA_VISIBLE_DEVICES: [0]
[I 2023-11-29 21:18:56,551] Trial 30 finished with value: 0.27394452691078186 and parameters: {'gradient_clip_val': 0.5626377997313033, 'hidden_size': 80, 'dropout': 0.33872645194519324, 'hidden_continuous_size': 39, 'attention_head_size': 3, 'learning_rate': 0.02414614754600137}. Best is trial 12 with value: 0.27249088883399963.
LOCAL_RANK: 0 - CUDA_VISIBLE_DEVICES: [0]
[I 2023-11-29 21:19:10,682] Trial 31 finished with value: 0.3875703811645508 and parameters: {'gradient_clip_val': 0.5669975792005416, 'hidden_size': 89, 'dropout': 0.334424781662722, 'hidden_continuous_size': 60, 'attention_head_size': 3, 'learning_rate': 0.021352036567368962}. Best is trial 12 with value: 0.27249088883399963.
LOCAL_RANK: 0 - CUDA_VISIBLE_DEVICES: [0]
[I 2023-11-29 21:19:25,329] Trial 32 finished with value: 0.26618558168411255 and parameters: {'gradient_clip_val': 0.6734716464701902, 'hidden_size': 114, 'dropout': 0.35176407035348073, 'hidden_continuous_size': 79, 'attention_head_size': 3, 'learning_rate': 0.019843234409428517}. Best is trial 32 with value: 0.26618558168411255.
LOCAL_RANK: 0 - CUDA_VISIBLE_DEVICES: [0]
[I 2023-11-29 21:19:39,705] Trial 33 finished with value: 0.5314895510673523 and parameters: {'gradient_clip_val': 0.721527974229367, 'hidden_size': 110, 'dropout': 0.37174978882556986, 'hidden_continuous_size': 82, 'attention_head_size': 4, 'learning_rate': 0.019893329659499477}. Best is trial 32 with value: 0.26618558168411255.
LOCAL_RANK: 0 - CUDA_VISIBLE_DEVICES: [0]
[I 2023-11-29 21:19:54,244] Trial 34 finished with value: 0.8145856261253357 and parameters: {'gradient_clip_val': 0.3422215048275692, 'hidden_size': 126, 'dropout': 0.35496940360052, 'hidden_continuous_size': 84, 'attention_head_size': 3, 'learning_rate': 0.013637809087147486}. Best is trial 32 with value: 0.26618558168411255.
LOCAL_RANK: 0 - CUDA_VISIBLE_DEVICES: [0]
[I 2023-11-29 21:20:07,786] Trial 35 finished with value: 0.7755057215690613 and parameters: {'gradient_clip_val': 0.44667932025973683, 'hidden_size': 51, 'dropout': 0.3497612758028791, 'hidden_continuous_size': 39, 'attention_head_size': 4, 'learning_rate': 0.00837537936199157}. Best is trial 32 with value: 0.26618558168411255.
LOCAL_RANK: 0 - CUDA_VISIBLE_DEVICES: [0]
[I 2023-11-29 21:20:21,490] Trial 36 finished with value: 0.3157826364040375 and parameters: {'gradient_clip_val': 0.8433156673716937, 'hidden_size': 68, 'dropout': 0.37953614591987084, 'hidden_continuous_size': 51, 'attention_head_size': 3, 'learning_rate': 0.02612127818407231}. Best is trial 32 with value: 0.26618558168411255.
LOCAL_RANK: 0 - CUDA_VISIBLE_DEVICES: [0]
[I 2023-11-29 21:20:35,599] Trial 37 finished with value: 0.4035159647464752 and parameters: {'gradient_clip_val': 0.5261105487000736, 'hidden_size': 89, 'dropout': 0.28684180764985406, 'hidden_continuous_size': 49, 'attention_head_size': 3, 'learning_rate': 0.01702763020150713}. Best is trial 32 with value: 0.26618558168411255.
LOCAL_RANK: 0 - CUDA_VISIBLE_DEVICES: [0]
[I 2023-11-29 21:20:49,634] Trial 38 finished with value: 0.30500534176826477 and parameters: {'gradient_clip_val': 0.6542922557582576, 'hidden_size': 108, 'dropout': 0.31556511454685426, 'hidden_continuous_size': 60, 'attention_head_size': 2, 'learning_rate': 0.011556750381687401}. Best is trial 32 with value: 0.26618558168411255.
LOCAL_RANK: 0 - CUDA_VISIBLE_DEVICES: [0]
[I 2023-11-29 21:21:03,259] Trial 39 finished with value: 1.4745473861694336 and parameters: {'gradient_clip_val': 0.9942913085266739, 'hidden_size': 54, 'dropout': 0.3670529610849863, 'hidden_continuous_size': 37, 'attention_head_size': 4, 'learning_rate': 0.001758454704198319}. Best is trial 32 with value: 0.26618558168411255.
LOCAL_RANK: 0 - CUDA_VISIBLE_DEVICES: [0]
[I 2023-11-29 21:21:16,882] Trial 40 finished with value: 0.6006740927696228 and parameters: {'gradient_clip_val': 0.8388702074651345, 'hidden_size': 62, 'dropout': 0.38730737216959443, 'hidden_continuous_size': 46, 'attention_head_size': 3, 'learning_rate': 0.009901954604664991}. Best is trial 32 with value: 0.26618558168411255.
LOCAL_RANK: 0 - CUDA_VISIBLE_DEVICES: [0]
[I 2023-11-29 21:21:31,050] Trial 41 finished with value: 0.5273826718330383 and parameters: {'gradient_clip_val': 0.6534877301799469, 'hidden_size': 109, 'dropout': 0.3168606606965032, 'hidden_continuous_size': 62, 'attention_head_size': 2, 'learning_rate': 0.011165993917781412}. Best is trial 32 with value: 0.26618558168411255.
LOCAL_RANK: 0 - CUDA_VISIBLE_DEVICES: [0]
[I 2023-11-29 21:21:45,287] Trial 42 finished with value: 0.4819610118865967 and parameters: {'gradient_clip_val': 0.6169247344523608, 'hidden_size': 97, 'dropout': 0.3431317896037582, 'hidden_continuous_size': 58, 'attention_head_size': 2, 'learning_rate': 0.014716477302906613}. Best is trial 32 with value: 0.26618558168411255.
LOCAL_RANK: 0 - CUDA_VISIBLE_DEVICES: [0]
[I 2023-11-29 21:21:59,818] Trial 43 finished with value: 0.36056122183799744 and parameters: {'gradient_clip_val': 0.5524802684157285, 'hidden_size': 135, 'dropout': 0.27514327970514185, 'hidden_continuous_size': 66, 'attention_head_size': 2, 'learning_rate': 0.01915838043804518}. Best is trial 32 with value: 0.26618558168411255.
LOCAL_RANK: 0 - CUDA_VISIBLE_DEVICES: [0]
[I 2023-11-29 21:22:14,169] Trial 44 finished with value: 0.32990673184394836 and parameters: {'gradient_clip_val': 0.6902911447906506, 'hidden_size': 119, 'dropout': 0.3616371179434765, 'hidden_continuous_size': 55, 'attention_head_size': 3, 'learning_rate': 0.02867761189734378}. Best is trial 32 with value: 0.26618558168411255.
LOCAL_RANK: 0 - CUDA_VISIBLE_DEVICES: [0]
[I 2023-11-29 21:22:28,259] Trial 45 finished with value: 0.5775280594825745 and parameters: {'gradient_clip_val': 0.8873210682786447, 'hidden_size': 83, 'dropout': 0.33044900125168697, 'hidden_continuous_size': 60, 'attention_head_size': 3, 'learning_rate': 0.006907082697467909}. Best is trial 32 with value: 0.26618558168411255.
LOCAL_RANK: 0 - CUDA_VISIBLE_DEVICES: [0]
