[I 2023-11-30 00:11:35,075] Trial 47 finished with value: 0.12925203144550323 and parameters: {'gradient_clip_val': 0.21937554363024717, 'hidden_size': 78, 'dropout': 0.12982182086349373, 'hidden_continuous_size': 30, 'attention_head_size': 1, 'learning_rate': 0.05937447918111384}. Best is trial 4 with value: 0.12414088100194931.
LOCAL_RANK: 0 - CUDA_VISIBLE_DEVICES: [0]
[I 2023-11-30 00:11:49,058] Trial 48 finished with value: 0.10402373224496841 and parameters: {'gradient_clip_val': 0.2190578453797687, 'hidden_size': 127, 'dropout': 0.16405532194387257, 'hidden_continuous_size': 29, 'attention_head_size': 1, 'learning_rate': 0.05970490875563483}. Best is trial 48 with value: 0.10402373224496841.
LOCAL_RANK: 0 - CUDA_VISIBLE_DEVICES: [0]
[I 2023-11-30 00:12:02,930] Trial 49 finished with value: 0.1434398591518402 and parameters: {'gradient_clip_val': 0.2096238578615921, 'hidden_size': 122, 'dropout': 0.16595250745055065, 'hidden_continuous_size': 31, 'attention_head_size': 1, 'learning_rate': 0.06001074738231096}. Best is trial 48 with value: 0.10402373224496841.
LOCAL_RANK: 0 - CUDA_VISIBLE_DEVICES: [0]
[I 2023-11-30 00:12:17,062] Trial 50 finished with value: 0.2546387016773224 and parameters: {'gradient_clip_val': 0.2231506618735897, 'hidden_size': 131, 'dropout': 0.18473619545189082, 'hidden_continuous_size': 44, 'attention_head_size': 1, 'learning_rate': 0.09959463341020185}. Best is trial 48 with value: 0.10402373224496841.
LOCAL_RANK: 0 - CUDA_VISIBLE_DEVICES: [0]
[I 2023-11-30 00:12:30,885] Trial 51 finished with value: 0.14892823994159698 and parameters: {'gradient_clip_val': 0.18540249746618334, 'hidden_size': 105, 'dropout': 0.15260828675497518, 'hidden_continuous_size': 31, 'attention_head_size': 1, 'learning_rate': 0.0368181222339178}. Best is trial 48 with value: 0.10402373224496841.
LOCAL_RANK: 0 - CUDA_VISIBLE_DEVICES: [0]
[I 2023-11-30 00:12:44,418] Trial 52 finished with value: 0.20088303089141846 and parameters: {'gradient_clip_val': 0.26032241927515454, 'hidden_size': 80, 'dropout': 0.13117399355510617, 'hidden_continuous_size': 27, 'attention_head_size': 1, 'learning_rate': 0.0809801221222807}. Best is trial 48 with value: 0.10402373224496841.
LOCAL_RANK: 0 - CUDA_VISIBLE_DEVICES: [0]
[I 2023-11-30 00:12:58,110] Trial 53 finished with value: 0.16706174612045288 and parameters: {'gradient_clip_val': 0.19296470954270772, 'hidden_size': 102, 'dropout': 0.11208158753746965, 'hidden_continuous_size': 23, 'attention_head_size': 1, 'learning_rate': 0.060041844826477044}. Best is trial 48 with value: 0.10402373224496841.
LOCAL_RANK: 0 - CUDA_VISIBLE_DEVICES: [0]
[I 2023-11-30 00:13:12,054] Trial 54 finished with value: 0.29243090748786926 and parameters: {'gradient_clip_val': 0.21758630071146434, 'hidden_size': 132, 'dropout': 0.13851804926559963, 'hidden_continuous_size': 29, 'attention_head_size': 1, 'learning_rate': 0.028649235595189653}. Best is trial 48 with value: 0.10402373224496841.
LOCAL_RANK: 0 - CUDA_VISIBLE_DEVICES: [0]
[I 2023-11-30 00:13:25,921] Trial 55 finished with value: 0.1703934669494629 and parameters: {'gradient_clip_val': 0.27826191343641915, 'hidden_size': 114, 'dropout': 0.15387420787925768, 'hidden_continuous_size': 25, 'attention_head_size': 1, 'learning_rate': 0.05183529415581775}. Best is trial 48 with value: 0.10402373224496841.
LOCAL_RANK: 0 - CUDA_VISIBLE_DEVICES: [0]
[I 2023-11-30 00:13:39,340] Trial 56 finished with value: 0.1833563596010208 and parameters: {'gradient_clip_val': 0.1692448679721919, 'hidden_size': 86, 'dropout': 0.12630741482403104, 'hidden_continuous_size': 21, 'attention_head_size': 1, 'learning_rate': 0.041689604960242946}. Best is trial 48 with value: 0.10402373224496841.
LOCAL_RANK: 0 - CUDA_VISIBLE_DEVICES: [0]
[I 2023-11-30 00:13:53,158] Trial 57 finished with value: 0.250739723443985 and parameters: {'gradient_clip_val': 0.19977189721702154, 'hidden_size': 90, 'dropout': 0.10947710753644385, 'hidden_continuous_size': 30, 'attention_head_size': 2, 'learning_rate': 0.08149771699144374}. Best is trial 48 with value: 0.10402373224496841.
LOCAL_RANK: 0 - CUDA_VISIBLE_DEVICES: [0]
[I 2023-11-30 00:14:06,702] Trial 58 finished with value: 0.15860016644001007 and parameters: {'gradient_clip_val': 0.22641741190881992, 'hidden_size': 74, 'dropout': 0.16641355904658972, 'hidden_continuous_size': 26, 'attention_head_size': 2, 'learning_rate': 0.06246301104043474}. Best is trial 48 with value: 0.10402373224496841.
LOCAL_RANK: 0 - CUDA_VISIBLE_DEVICES: [0]
[I 2023-11-30 00:14:20,376] Trial 59 finished with value: 0.19944274425506592 and parameters: {'gradient_clip_val': 0.15622662987999775, 'hidden_size': 96, 'dropout': 0.17807172848218927, 'hidden_continuous_size': 34, 'attention_head_size': 1, 'learning_rate': 0.034608281333803975}. Best is trial 48 with value: 0.10402373224496841.
LOCAL_RANK: 0 - CUDA_VISIBLE_DEVICES: [0]
[I 2023-11-30 00:14:34,065] Trial 60 finished with value: 0.25745412707328796 and parameters: {'gradient_clip_val': 0.13765226681698053, 'hidden_size': 99, 'dropout': 0.1946559927966356, 'hidden_continuous_size': 28, 'attention_head_size': 1, 'learning_rate': 0.01978194070054727}. Best is trial 48 with value: 0.10402373224496841.
LOCAL_RANK: 0 - CUDA_VISIBLE_DEVICES: [0]
[I 2023-11-30 00:14:48,102] Trial 61 finished with value: 0.14828649163246155 and parameters: {'gradient_clip_val': 0.21203542746983298, 'hidden_size': 125, 'dropout': 0.17037212780471092, 'hidden_continuous_size': 38, 'attention_head_size': 1, 'learning_rate': 0.061222800188932086}. Best is trial 48 with value: 0.10402373224496841.
LOCAL_RANK: 0 - CUDA_VISIBLE_DEVICES: [0]
[I 2023-11-30 00:15:02,063] Trial 62 finished with value: 0.20163743197917938 and parameters: {'gradient_clip_val': 0.17041352170699606, 'hidden_size': 110, 'dropout': 0.1525118162687776, 'hidden_continuous_size': 32, 'attention_head_size': 1, 'learning_rate': 0.05444124145202381}. Best is trial 48 with value: 0.10402373224496841.
LOCAL_RANK: 0 - CUDA_VISIBLE_DEVICES: [0]
[I 2023-11-30 00:15:15,890] Trial 63 finished with value: 0.18361888825893402 and parameters: {'gradient_clip_val': 0.19809486942779625, 'hidden_size': 123, 'dropout': 0.16610291054888898, 'hidden_continuous_size': 31, 'attention_head_size': 1, 'learning_rate': 0.047298657228520224}. Best is trial 48 with value: 0.10402373224496841.
LOCAL_RANK: 0 - CUDA_VISIBLE_DEVICES: [0]
[I 2023-11-30 00:15:29,497] Trial 64 finished with value: 0.2581941485404968 and parameters: {'gradient_clip_val': 0.25408077324144906, 'hidden_size': 86, 'dropout': 0.14027388529584417, 'hidden_continuous_size': 34, 'attention_head_size': 1, 'learning_rate': 0.07004136613223821}. Best is trial 48 with value: 0.10402373224496841.
LOCAL_RANK: 0 - CUDA_VISIBLE_DEVICES: [0]
[I 2023-11-30 00:15:43,768] Trial 65 finished with value: 0.1797875016927719 and parameters: {'gradient_clip_val': 0.17611529521799837, 'hidden_size': 139, 'dropout': 0.12737245569224495, 'hidden_continuous_size': 24, 'attention_head_size': 2, 'learning_rate': 0.08979303765247716}. Best is trial 48 with value: 0.10402373224496841.
LOCAL_RANK: 0 - CUDA_VISIBLE_DEVICES: [0]
[I 2023-11-30 00:15:57,478] Trial 66 finished with value: 0.15953189134597778 and parameters: {'gradient_clip_val': 0.2352355192079477, 'hidden_size': 116, 'dropout': 0.10751248080217342, 'hidden_continuous_size': 22, 'attention_head_size': 1, 'learning_rate': 0.040121140320215194}. Best is trial 48 with value: 0.10402373224496841.
LOCAL_RANK: 0 - CUDA_VISIBLE_DEVICES: [0]
[I 2023-11-30 00:16:11,020] Trial 67 finished with value: 0.2417302280664444 and parameters: {'gradient_clip_val': 0.2021226475256675, 'hidden_size': 74, 'dropout': 0.13607056393599307, 'hidden_continuous_size': 30, 'attention_head_size': 2, 'learning_rate': 0.060772370400002204}. Best is trial 48 with value: 0.10402373224496841.
LOCAL_RANK: 0 - CUDA_VISIBLE_DEVICES: [0]
[I 2023-11-30 00:16:25,193] Trial 68 finished with value: 0.3467160761356354 and parameters: {'gradient_clip_val': 0.30466852861345556, 'hidden_size': 142, 'dropout': 0.16173196724180172, 'hidden_continuous_size': 20, 'attention_head_size': 1, 'learning_rate': 0.04831057246549286}. Best is trial 48 with value: 0.10402373224496841.
LOCAL_RANK: 0 - CUDA_VISIBLE_DEVICES: [0]
[I 2023-11-30 00:16:39,222] Trial 69 finished with value: 0.1499166041612625 and parameters: {'gradient_clip_val': 0.3612116111461901, 'hidden_size': 126, 'dropout': 0.12660515521605745, 'hidden_continuous_size': 26, 'attention_head_size': 2, 'learning_rate': 0.03265960221937349}. Best is trial 48 with value: 0.10402373224496841.
LOCAL_RANK: 0 - CUDA_VISIBLE_DEVICES: [0]
[I 2023-11-30 00:16:53,214] Trial 70 finished with value: 0.24919258058071136 and parameters: {'gradient_clip_val': 0.15679014659857396, 'hidden_size': 106, 'dropout': 0.14717665277181965, 'hidden_continuous_size': 37, 'attention_head_size': 1, 'learning_rate': 0.026384981569131855}. Best is trial 48 with value: 0.10402373224496841.
LOCAL_RANK: 0 - CUDA_VISIBLE_DEVICES: [0]
[I 2023-11-30 00:17:06,149] Trial 71 finished with value: 0.34943628311157227 and parameters: {'gradient_clip_val': 0.13850706680308505, 'hidden_size': 51, 'dropout': 0.1166704943544647, 'hidden_continuous_size': 11, 'attention_head_size': 3, 'learning_rate': 0.05663099458046366}. Best is trial 48 with value: 0.10402373224496841.
LOCAL_RANK: 0 - CUDA_VISIBLE_DEVICES: [0]
[I 2023-11-30 00:17:19,829] Trial 72 finished with value: 0.2193097472190857 and parameters: {'gradient_clip_val': 0.17704273485158226, 'hidden_size': 63, 'dropout': 0.10656536328462662, 'hidden_continuous_size': 24, 'attention_head_size': 3, 'learning_rate': 0.06556883359256499}. Best is trial 48 with value: 0.10402373224496841.
LOCAL_RANK: 0 - CUDA_VISIBLE_DEVICES: [0]
[I 2023-11-30 00:17:33,282] Trial 73 finished with value: 0.21229463815689087 and parameters: {'gradient_clip_val': 0.2171257361450178, 'hidden_size': 73, 'dropout': 0.12271682377062021, 'hidden_continuous_size': 28, 'attention_head_size': 2, 'learning_rate': 0.08135623116005258}. Best is trial 48 with value: 0.10402373224496841.
LOCAL_RANK: 0 - CUDA_VISIBLE_DEVICES: [0]
[I 2023-11-30 00:17:46,446] Trial 74 finished with value: 0.2782331705093384 and parameters: {'gradient_clip_val': 0.14879889075649233, 'hidden_size': 59, 'dropout': 0.10014857674755817, 'hidden_continuous_size': 14, 'attention_head_size': 4, 'learning_rate': 0.04423100820978192}. Best is trial 48 with value: 0.10402373224496841.
LOCAL_RANK: 0 - CUDA_VISIBLE_DEVICES: [0]
[I 2023-11-30 00:17:59,528] Trial 75 finished with value: 0.1589164286851883 and parameters: {'gradient_clip_val': 0.18730823964165397, 'hidden_size': 54, 'dropout': 0.13475489953275907, 'hidden_continuous_size': 22, 'attention_head_size': 2, 'learning_rate': 0.05251197587920139}. Best is trial 48 with value: 0.10402373224496841.
LOCAL_RANK: 0 - CUDA_VISIBLE_DEVICES: [0]
[I 2023-11-30 00:18:13,337] Trial 76 finished with value: 0.1727176159620285 and parameters: {'gradient_clip_val': 0.11018094019161025, 'hidden_size': 95, 'dropout': 0.1469130652151434, 'hidden_continuous_size': 30, 'attention_head_size': 3, 'learning_rate': 0.03700536129059454}. Best is trial 48 with value: 0.10402373224496841.
LOCAL_RANK: 0 - CUDA_VISIBLE_DEVICES: [0]
[I 2023-11-30 00:18:27,172] Trial 77 finished with value: 0.15443302690982819 and parameters: {'gradient_clip_val': 0.16397010075764593, 'hidden_size': 84, 'dropout': 0.1563230192129666, 'hidden_continuous_size': 33, 'attention_head_size': 3, 'learning_rate': 0.0716030906338488}. Best is trial 48 with value: 0.10402373224496841.
LOCAL_RANK: 0 - CUDA_VISIBLE_DEVICES: [0]
[I 2023-11-30 00:18:40,854] Trial 78 finished with value: 0.16775529086589813 and parameters: {'gradient_clip_val': 0.2391747458409177, 'hidden_size': 114, 'dropout': 0.11881918870893841, 'hidden_continuous_size': 12, 'attention_head_size': 1, 'learning_rate': 0.030109725790480258}. Best is trial 48 with value: 0.10402373224496841.
LOCAL_RANK: 0 - CUDA_VISIBLE_DEVICES: [0]
[I 2023-11-30 00:18:52,967] Trial 79 finished with value: 0.15079639852046967 and parameters: {'gradient_clip_val': 0.13037169374072016, 'hidden_size': 20, 'dropout': 0.13031119582493783, 'hidden_continuous_size': 18, 'attention_head_size': 2, 'learning_rate': 0.04574925561270834}. Best is trial 48 with value: 0.10402373224496841.
LOCAL_RANK: 0 - CUDA_VISIBLE_DEVICES: [0]
[I 2023-11-30 00:19:06,710] Trial 80 finished with value: 0.14754840731620789 and parameters: {'gradient_clip_val': 0.15400838166010467, 'hidden_size': 91, 'dropout': 0.10857009984290317, 'hidden_continuous_size': 36, 'attention_head_size': 1, 'learning_rate': 0.039562335549045244}. Best is trial 48 with value: 0.10402373224496841.
LOCAL_RANK: 0 - CUDA_VISIBLE_DEVICES: [0]
[I 2023-11-30 00:19:20,381] Trial 81 finished with value: 0.1079067587852478 and parameters: {'gradient_clip_val': 0.21460132399538084, 'hidden_size': 79, 'dropout': 0.13931731160234315, 'hidden_continuous_size': 33, 'attention_head_size': 2, 'learning_rate': 0.02487874186232954}. Best is trial 48 with value: 0.10402373224496841.
LOCAL_RANK: 0 - CUDA_VISIBLE_DEVICES: [0]
[I 2023-11-30 00:19:34,070] Trial 82 finished with value: 0.16782988607883453 and parameters: {'gradient_clip_val': 0.21010508147855192, 'hidden_size': 78, 'dropout': 0.13838736346482522, 'hidden_continuous_size': 27, 'attention_head_size': 2, 'learning_rate': 0.022649462133183442}. Best is trial 48 with value: 0.10402373224496841.
LOCAL_RANK: 0 - CUDA_VISIBLE_DEVICES: [0]
[I 2023-11-30 00:19:47,590] Trial 83 finished with value: 0.18852736055850983 and parameters: {'gradient_clip_val': 0.1932398889557575, 'hidden_size': 71, 'dropout': 0.1454838600456318, 'hidden_continuous_size': 29, 'attention_head_size': 2, 'learning_rate': 0.03262799328547551}. Best is trial 48 with value: 0.10402373224496841.
LOCAL_RANK: 0 - CUDA_VISIBLE_DEVICES: [0]
[I 2023-11-30 00:20:01,150] Trial 84 finished with value: 0.13520580530166626 and parameters: {'gradient_clip_val': 0.22353428873461526, 'hidden_size': 81, 'dropout': 0.12231806228810026, 'hidden_continuous_size': 32, 'attention_head_size': 2, 'learning_rate': 0.026723514350166122}. Best is trial 48 with value: 0.10402373224496841.
LOCAL_RANK: 0 - CUDA_VISIBLE_DEVICES: [0]
[I 2023-11-30 00:20:15,079] Trial 85 finished with value: 0.16091085970401764 and parameters: {'gradient_clip_val': 0.22234721651573028, 'hidden_size': 101, 'dropout': 0.12155540308418745, 'hidden_continuous_size': 33, 'attention_head_size': 2, 'learning_rate': 0.025484880491372902}. Best is trial 48 with value: 0.10402373224496841.
LOCAL_RANK: 0 - CUDA_VISIBLE_DEVICES: [0]
[I 2023-11-30 00:20:28,580] Trial 86 finished with value: 0.26302218437194824 and parameters: {'gradient_clip_val': 0.2455257233135207, 'hidden_size': 81, 'dropout': 0.15552307176193125, 'hidden_continuous_size': 35, 'attention_head_size': 2, 'learning_rate': 0.015091714470440483}. Best is trial 48 with value: 0.10402373224496841.
LOCAL_RANK: 0 - CUDA_VISIBLE_DEVICES: [0]
[I 2023-11-30 00:20:42,724] Trial 87 finished with value: 0.12246445566415787 and parameters: {'gradient_clip_val': 0.20416643951801514, 'hidden_size': 110, 'dropout': 0.11415036960525168, 'hidden_continuous_size': 39, 'attention_head_size': 2, 'learning_rate': 0.021388727352960157}. Best is trial 48 with value: 0.10402373224496841.
LOCAL_RANK: 0 - CUDA_VISIBLE_DEVICES: [0]
[I 2023-11-30 00:20:56,462] Trial 88 finished with value: 0.15377576649188995 and parameters: {'gradient_clip_val': 0.23028037492272094, 'hidden_size': 91, 'dropout': 0.1139577503394043, 'hidden_continuous_size': 40, 'attention_head_size': 2, 'learning_rate': 0.022036472582360626}. Best is trial 48 with value: 0.10402373224496841.
LOCAL_RANK: 0 - CUDA_VISIBLE_DEVICES: [0]
[I 2023-11-30 00:21:10,414] Trial 89 finished with value: 0.24314290285110474 and parameters: {'gradient_clip_val': 0.179310851418225, 'hidden_size': 110, 'dropout': 0.10715551897881517, 'hidden_continuous_size': 39, 'attention_head_size': 2, 'learning_rate': 0.027645048503226976}. Best is trial 48 with value: 0.10402373224496841.
LOCAL_RANK: 0 - CUDA_VISIBLE_DEVICES: [0]
[I 2023-11-30 00:21:23,650] Trial 90 finished with value: 0.18060095608234406 and parameters: {'gradient_clip_val': 0.2654105623234709, 'hidden_size': 64, 'dropout': 0.12590441451874027, 'hidden_continuous_size': 32, 'attention_head_size': 2, 'learning_rate': 0.02105920698881289}. Best is trial 48 with value: 0.10402373224496841.
LOCAL_RANK: 0 - CUDA_VISIBLE_DEVICES: [0]
[I 2023-11-30 00:21:37,758] Trial 91 finished with value: 0.11879836767911911 and parameters: {'gradient_clip_val': 0.2091822591170367, 'hidden_size': 121, 'dropout': 0.13425185138765622, 'hidden_continuous_size': 35, 'attention_head_size': 2, 'learning_rate': 0.02498764024764228}. Best is trial 48 with value: 0.10402373224496841.
LOCAL_RANK: 0 - CUDA_VISIBLE_DEVICES: [0]
[I 2023-11-30 00:21:51,637] Trial 92 finished with value: 0.17953276634216309 and parameters: {'gradient_clip_val': 0.19614292720669413, 'hidden_size': 101, 'dropout': 0.13414830300769673, 'hidden_continuous_size': 36, 'attention_head_size': 2, 'learning_rate': 0.025091024615773838}. Best is trial 48 with value: 0.10402373224496841.
LOCAL_RANK: 0 - CUDA_VISIBLE_DEVICES: [0]
[I 2023-11-30 00:22:05,843] Trial 93 finished with value: 0.24313099682331085 and parameters: {'gradient_clip_val': 0.18925824646113637, 'hidden_size': 135, 'dropout': 0.1195605320737043, 'hidden_continuous_size': 42, 'attention_head_size': 2, 'learning_rate': 0.01804957635316638}. Best is trial 48 with value: 0.10402373224496841.
LOCAL_RANK: 0 - CUDA_VISIBLE_DEVICES: [0]
[I 2023-11-30 00:22:19,924] Trial 94 finished with value: 0.26600462198257446 and parameters: {'gradient_clip_val': 0.20320816038096953, 'hidden_size': 119, 'dropout': 0.11360653950546236, 'hidden_continuous_size': 34, 'attention_head_size': 2, 'learning_rate': 0.020145438354081252}. Best is trial 48 with value: 0.10402373224496841.
LOCAL_RANK: 0 - CUDA_VISIBLE_DEVICES: [0]
[I 2023-11-30 00:22:33,607] Trial 95 finished with value: 0.12400186061859131 and parameters: {'gradient_clip_val': 0.16889147177694613, 'hidden_size': 83, 'dropout': 0.12922711750070082, 'hidden_continuous_size': 37, 'attention_head_size': 2, 'learning_rate': 0.030994852885614172}. Best is trial 48 with value: 0.10402373224496841.
LOCAL_RANK: 0 - CUDA_VISIBLE_DEVICES: [0]
[I 2023-11-30 00:22:47,299] Trial 96 finished with value: 0.11563607305288315 and parameters: {'gradient_clip_val': 0.24737577225518223, 'hidden_size': 78, 'dropout': 0.1420587482792363, 'hidden_continuous_size': 38, 'attention_head_size': 2, 'learning_rate': 0.02838671109515022}. Best is trial 48 with value: 0.10402373224496841.
LOCAL_RANK: 0 - CUDA_VISIBLE_DEVICES: [0]
[I 2023-11-30 00:23:01,376] Trial 97 finished with value: 0.11996539682149887 and parameters: {'gradient_clip_val': 0.2402475536345892, 'hidden_size': 90, 'dropout': 0.14173515348995577, 'hidden_continuous_size': 37, 'attention_head_size': 2, 'learning_rate': 0.03082575612667617}. Best is trial 48 with value: 0.10402373224496841.
LOCAL_RANK: 0 - CUDA_VISIBLE_DEVICES: [0]
[I 2023-11-30 00:23:15,339] Trial 98 finished with value: 0.15932966768741608 and parameters: {'gradient_clip_val': 0.24089926736137804, 'hidden_size': 97, 'dropout': 0.14974650621086188, 'hidden_continuous_size': 47, 'attention_head_size': 2, 'learning_rate': 0.029915560835307643}. Best is trial 48 with value: 0.10402373224496841.
LOCAL_RANK: 0 - CUDA_VISIBLE_DEVICES: [0]
[I 2023-11-30 00:23:28,945] Trial 99 finished with value: 0.1346435397863388 and parameters: {'gradient_clip_val': 0.27539085285982184, 'hidden_size': 77, 'dropout': 0.142583389186546, 'hidden_continuous_size': 38, 'attention_head_size': 2, 'learning_rate': 0.036562897478305566}. Best is trial 48 with value: 0.10402373224496841.
LOCAL_RANK: 0 - CUDA_VISIBLE_DEVICES: [0]
[I 2023-11-30 00:23:42,799] Trial 100 finished with value: 0.16569292545318604 and parameters: {'gradient_clip_val': 0.21252559336168667, 'hidden_size': 86, 'dropout': 0.16004036968089172, 'hidden_continuous_size': 41, 'attention_head_size': 2, 'learning_rate': 0.023652139821441348}. Best is trial 48 with value: 0.10402373224496841.
LOCAL_RANK: 0 - CUDA_VISIBLE_DEVICES: [0]
[I 2023-11-30 00:23:56,556] Trial 101 finished with value: 0.1117510199546814 and parameters: {'gradient_clip_val': 0.2311731177597975, 'hidden_size': 90, 'dropout': 0.13159934386055427, 'hidden_continuous_size': 38, 'attention_head_size': 2, 'learning_rate': 0.02889888833812294}. Best is trial 48 with value: 0.10402373224496841.
LOCAL_RANK: 0 - CUDA_VISIBLE_DEVICES: [0]
[I 2023-11-30 00:24:10,582] Trial 102 finished with value: 0.16215749084949493 and parameters: {'gradient_clip_val': 0.22782598956552985, 'hidden_size': 90, 'dropout': 0.13199779405434872, 'hidden_continuous_size': 37, 'attention_head_size': 2, 'learning_rate': 0.03384528897637766}. Best is trial 48 with value: 0.10402373224496841.
LOCAL_RANK: 0 - CUDA_VISIBLE_DEVICES: [0]
[I 2023-11-30 00:24:24,450] Trial 103 finished with value: 0.20787836611270905 and parameters: {'gradient_clip_val': 0.25197437357143204, 'hidden_size': 108, 'dropout': 0.13936544700766393, 'hidden_continuous_size': 43, 'attention_head_size': 2, 'learning_rate': 0.029769989947522887}. Best is trial 48 with value: 0.10402373224496841.
LOCAL_RANK: 0 - CUDA_VISIBLE_DEVICES: [0]
[I 2023-11-30 00:24:38,348] Trial 104 finished with value: 0.1715409755706787 and parameters: {'gradient_clip_val': 0.2355096059963585, 'hidden_size': 128, 'dropout': 0.1480516433420368, 'hidden_continuous_size': 47, 'attention_head_size': 2, 'learning_rate': 0.02355634893629617}. Best is trial 48 with value: 0.10402373224496841.
LOCAL_RANK: 0 - CUDA_VISIBLE_DEVICES: [0]
