[I 2023-11-30 10:14:56,691] Trial 6 finished with value: 106.05301666259766 and parameters: {'gradient_clip_val': 0.5103477077911331, 'hidden_size': 35, 'dropout': 0.18331030071016452, 'hidden_continuous_size': 10, 'attention_head_size': 4, 'learning_rate': 0.07380197607763739}. Best is trial 2 with value: 90.5482406616211.
LOCAL_RANK: 0 - CUDA_VISIBLE_DEVICES: [0]
[I 2023-11-30 10:15:10,137] Trial 7 finished with value: 112.78118133544922 and parameters: {'gradient_clip_val': 0.1684358164573299, 'hidden_size': 88, 'dropout': 0.3664808962511762, 'hidden_continuous_size': 12, 'attention_head_size': 3, 'learning_rate': 0.011784319422243967}. Best is trial 2 with value: 90.5482406616211.
LOCAL_RANK: 0 - CUDA_VISIBLE_DEVICES: [0]
[I 2023-11-30 10:15:24,125] Trial 8 finished with value: 106.63861846923828 and parameters: {'gradient_clip_val': 0.515548240931317, 'hidden_size': 94, 'dropout': 0.16582025915426185, 'hidden_continuous_size': 49, 'attention_head_size': 3, 'learning_rate': 0.035559488085363807}. Best is trial 2 with value: 90.5482406616211.
LOCAL_RANK: 0 - CUDA_VISIBLE_DEVICES: [0]
[I 2023-11-30 10:15:37,749] Trial 9 finished with value: 259.9752197265625 and parameters: {'gradient_clip_val': 0.1149718548223685, 'hidden_size': 52, 'dropout': 0.3307917050360668, 'hidden_continuous_size': 47, 'attention_head_size': 4, 'learning_rate': 0.0013208611451559918}. Best is trial 2 with value: 90.5482406616211.
LOCAL_RANK: 0 - CUDA_VISIBLE_DEVICES: [0]
[I 2023-11-30 10:15:48,019] Trial 10 finished with value: 316.9077453613281 and parameters: {'gradient_clip_val': 0.22378530750299733, 'hidden_size': 10, 'dropout': 0.11882670515353877, 'hidden_continuous_size': 10, 'attention_head_size': 2, 'learning_rate': 0.004038835453149004}. Best is trial 2 with value: 90.5482406616211.
LOCAL_RANK: 0 - CUDA_VISIBLE_DEVICES: [0]
[I 2023-11-30 10:16:00,311] Trial 11 finished with value: 103.36739349365234 and parameters: {'gradient_clip_val': 0.26779970192411734, 'hidden_size': 19, 'dropout': 0.2850194987883139, 'hidden_continuous_size': 15, 'attention_head_size': 1, 'learning_rate': 0.014343106413463742}. Best is trial 2 with value: 90.5482406616211.
LOCAL_RANK: 0 - CUDA_VISIBLE_DEVICES: [0]
[I 2023-11-30 10:16:14,273] Trial 12 finished with value: 90.79451751708984 and parameters: {'gradient_clip_val': 0.10137845429888226, 'hidden_size': 136, 'dropout': 0.21233187412127466, 'hidden_continuous_size': 24, 'attention_head_size': 2, 'learning_rate': 0.006232021216997102}. Best is trial 2 with value: 90.5482406616211.
LOCAL_RANK: 0 - CUDA_VISIBLE_DEVICES: [0]
[I 2023-11-30 10:16:28,425] Trial 13 finished with value: 108.2078857421875 and parameters: {'gradient_clip_val': 0.10266634678291171, 'hidden_size': 138, 'dropout': 0.31095924973472805, 'hidden_continuous_size': 28, 'attention_head_size': 2, 'learning_rate': 0.0037351042396775963}. Best is trial 2 with value: 90.5482406616211.
LOCAL_RANK: 0 - CUDA_VISIBLE_DEVICES: [0]
[I 2023-11-30 10:16:42,760] Trial 14 finished with value: 121.27679443359375 and parameters: {'gradient_clip_val': 0.1760686768128288, 'hidden_size': 132, 'dropout': 0.2255607559383471, 'hidden_continuous_size': 95, 'attention_head_size': 2, 'learning_rate': 0.004722550814473736}. Best is trial 2 with value: 90.5482406616211.
LOCAL_RANK: 0 - CUDA_VISIBLE_DEVICES: [0]
[I 2023-11-30 10:16:56,316] Trial 15 finished with value: 91.85701751708984 and parameters: {'gradient_clip_val': 0.10182990164315422, 'hidden_size': 76, 'dropout': 0.29631772385963023, 'hidden_continuous_size': 22, 'attention_head_size': 2, 'learning_rate': 0.00685453883441524}. Best is trial 2 with value: 90.5482406616211.
LOCAL_RANK: 0 - CUDA_VISIBLE_DEVICES: [0]
[I 2023-11-30 10:17:10,559] Trial 16 finished with value: 132.80154418945312 and parameters: {'gradient_clip_val': 0.13926188678416337, 'hidden_size': 146, 'dropout': 0.37005801626580176, 'hidden_continuous_size': 31, 'attention_head_size': 1, 'learning_rate': 0.023830750373876226}. Best is trial 2 with value: 90.5482406616211.
LOCAL_RANK: 0 - CUDA_VISIBLE_DEVICES: [0]
[I 2023-11-30 10:17:24,271] Trial 17 finished with value: 89.1235580444336 and parameters: {'gradient_clip_val': 0.21668432473642488, 'hidden_size': 104, 'dropout': 0.3972433974929136, 'hidden_continuous_size': 20, 'attention_head_size': 2, 'learning_rate': 0.00836410244266112}. Best is trial 17 with value: 89.1235580444336.
LOCAL_RANK: 0 - CUDA_VISIBLE_DEVICES: [0]
[I 2023-11-30 10:17:37,391] Trial 18 finished with value: 85.7923583984375 and parameters: {'gradient_clip_val': 0.1980167788552186, 'hidden_size': 62, 'dropout': 0.39423094906343564, 'hidden_continuous_size': 17, 'attention_head_size': 1, 'learning_rate': 0.009129583252693025}. Best is trial 18 with value: 85.7923583984375.
LOCAL_RANK: 0 - CUDA_VISIBLE_DEVICES: [0]
[I 2023-11-30 10:17:50,509] Trial 19 finished with value: 90.78042602539062 and parameters: {'gradient_clip_val': 0.22618947660946187, 'hidden_size': 59, 'dropout': 0.39521507204423845, 'hidden_continuous_size': 17, 'attention_head_size': 2, 'learning_rate': 0.010527093865205082}. Best is trial 18 with value: 85.7923583984375.
LOCAL_RANK: 0 - CUDA_VISIBLE_DEVICES: [0]
[I 2023-11-30 10:18:03,874] Trial 20 finished with value: 102.39250946044922 and parameters: {'gradient_clip_val': 0.20409443609035474, 'hidden_size': 66, 'dropout': 0.3851515269586122, 'hidden_continuous_size': 17, 'attention_head_size': 1, 'learning_rate': 0.02372057033346282}. Best is trial 18 with value: 85.7923583984375.
LOCAL_RANK: 0 - CUDA_VISIBLE_DEVICES: [0]
[I 2023-11-30 10:18:17,243] Trial 21 finished with value: 111.14641571044922 and parameters: {'gradient_clip_val': 0.2736373474043931, 'hidden_size': 100, 'dropout': 0.33334849726596816, 'hidden_continuous_size': 18, 'attention_head_size': 1, 'learning_rate': 0.007551653090117484}. Best is trial 18 with value: 85.7923583984375.
LOCAL_RANK: 0 - CUDA_VISIBLE_DEVICES: [0]
[I 2023-11-30 10:18:30,727] Trial 22 finished with value: 112.77200317382812 and parameters: {'gradient_clip_val': 0.1405971002145967, 'hidden_size': 100, 'dropout': 0.38788145865851503, 'hidden_continuous_size': 24, 'attention_head_size': 1, 'learning_rate': 0.010592313225604392}. Best is trial 18 with value: 85.7923583984375.
LOCAL_RANK: 0 - CUDA_VISIBLE_DEVICES: [0]
[I 2023-11-30 10:18:43,689] Trial 23 finished with value: 223.37254333496094 and parameters: {'gradient_clip_val': 0.18512616528679998, 'hidden_size': 51, 'dropout': 0.3537200890575848, 'hidden_continuous_size': 15, 'attention_head_size': 2, 'learning_rate': 0.003098440133410389}. Best is trial 18 with value: 85.7923583984375.
LOCAL_RANK: 0 - CUDA_VISIBLE_DEVICES: [0]
[I 2023-11-30 10:18:57,189] Trial 24 finished with value: 97.6929931640625 and parameters: {'gradient_clip_val': 0.14175109061895996, 'hidden_size': 104, 'dropout': 0.39703666006841226, 'hidden_continuous_size': 21, 'attention_head_size': 1, 'learning_rate': 0.008351131201853358}. Best is trial 18 with value: 85.7923583984375.
LOCAL_RANK: 0 - CUDA_VISIBLE_DEVICES: [0]
[I 2023-11-30 10:19:10,736] Trial 25 finished with value: 88.33834075927734 and parameters: {'gradient_clip_val': 0.1985896471534741, 'hidden_size': 76, 'dropout': 0.32668093839925805, 'hidden_continuous_size': 19, 'attention_head_size': 2, 'learning_rate': 0.016038287284139696}. Best is trial 18 with value: 85.7923583984375.
LOCAL_RANK: 0 - CUDA_VISIBLE_DEVICES: [0]
[I 2023-11-30 10:19:24,382] Trial 26 finished with value: 135.9878692626953 and parameters: {'gradient_clip_val': 0.25381840989758775, 'hidden_size': 75, 'dropout': 0.3681406010827274, 'hidden_continuous_size': 28, 'attention_head_size': 2, 'learning_rate': 0.014830574246311646}. Best is trial 18 with value: 85.7923583984375.
LOCAL_RANK: 0 - CUDA_VISIBLE_DEVICES: [0]
[I 2023-11-30 10:19:37,594] Trial 27 finished with value: 89.0403060913086 and parameters: {'gradient_clip_val': 0.19596767497092332, 'hidden_size': 62, 'dropout': 0.3323831882188322, 'hidden_continuous_size': 18, 'attention_head_size': 3, 'learning_rate': 0.02462095059137242}. Best is trial 18 with value: 85.7923583984375.
LOCAL_RANK: 0 - CUDA_VISIBLE_DEVICES: [0]
[I 2023-11-30 10:19:50,284] Trial 28 finished with value: 111.5153579711914 and parameters: {'gradient_clip_val': 0.18336560785391637, 'hidden_size': 44, 'dropout': 0.3307136143175016, 'hidden_continuous_size': 15, 'attention_head_size': 3, 'learning_rate': 0.031399619052058694}. Best is trial 18 with value: 85.7923583984375.
LOCAL_RANK: 0 - CUDA_VISIBLE_DEVICES: [0]
[I 2023-11-30 10:20:03,494] Trial 29 finished with value: 113.33810424804688 and parameters: {'gradient_clip_val': 0.31426516576417307, 'hidden_size': 62, 'dropout': 0.3157718926451727, 'hidden_continuous_size': 16, 'attention_head_size': 4, 'learning_rate': 0.019029103529343318}. Best is trial 18 with value: 85.7923583984375.
LOCAL_RANK: 0 - CUDA_VISIBLE_DEVICES: [0]
[I 2023-11-30 10:20:16,973] Trial 30 finished with value: 115.87601470947266 and parameters: {'gradient_clip_val': 0.20127602066340736, 'hidden_size': 66, 'dropout': 0.3467198059149551, 'hidden_continuous_size': 18, 'attention_head_size': 3, 'learning_rate': 0.03912118799979509}. Best is trial 18 with value: 85.7923583984375.
LOCAL_RANK: 0 - CUDA_VISIBLE_DEVICES: [0]
[I 2023-11-30 10:20:30,632] Trial 31 finished with value: 91.57035064697266 and parameters: {'gradient_clip_val': 0.23871702897982466, 'hidden_size': 81, 'dropout': 0.37895356584243667, 'hidden_continuous_size': 19, 'attention_head_size': 3, 'learning_rate': 0.012719629111771213}. Best is trial 18 with value: 85.7923583984375.
LOCAL_RANK: 0 - CUDA_VISIBLE_DEVICES: [0]
[I 2023-11-30 10:20:44,353] Trial 32 finished with value: 110.548828125 and parameters: {'gradient_clip_val': 0.21068462154962417, 'hidden_size': 112, 'dropout': 0.39695480426342483, 'hidden_continuous_size': 25, 'attention_head_size': 2, 'learning_rate': 0.018315405582882645}. Best is trial 18 with value: 85.7923583984375.
LOCAL_RANK: 0 - CUDA_VISIBLE_DEVICES: [0]
[I 2023-11-30 10:20:57,614] Trial 33 finished with value: 105.61675262451172 and parameters: {'gradient_clip_val': 0.1611425074253936, 'hidden_size': 88, 'dropout': 0.35562579008793666, 'hidden_continuous_size': 14, 'attention_head_size': 2, 'learning_rate': 0.015061326841907068}. Best is trial 18 with value: 85.7923583984375.
LOCAL_RANK: 0 - CUDA_VISIBLE_DEVICES: [0]
[I 2023-11-30 10:21:11,608] Trial 34 finished with value: 85.93578338623047 and parameters: {'gradient_clip_val': 0.28839178860187087, 'hidden_size': 116, 'dropout': 0.374706417931387, 'hidden_continuous_size': 35, 'attention_head_size': 3, 'learning_rate': 0.009384879973599228}. Best is trial 18 with value: 85.7923583984375.
LOCAL_RANK: 0 - CUDA_VISIBLE_DEVICES: [0]
[I 2023-11-30 10:21:25,869] Trial 35 finished with value: 116.94356536865234 and parameters: {'gradient_clip_val': 0.2924307053506054, 'hidden_size': 118, 'dropout': 0.3767522640051415, 'hidden_continuous_size': 35, 'attention_head_size': 3, 'learning_rate': 0.023974647904044275}. Best is trial 18 with value: 85.7923583984375.
LOCAL_RANK: 0 - CUDA_VISIBLE_DEVICES: [0]
[I 2023-11-30 10:21:39,432] Trial 36 finished with value: 102.21200561523438 and parameters: {'gradient_clip_val': 0.3211006649707066, 'hidden_size': 70, 'dropout': 0.26775596164035687, 'hidden_continuous_size': 22, 'attention_head_size': 4, 'learning_rate': 0.010258659797286603}. Best is trial 18 with value: 85.7923583984375.
LOCAL_RANK: 0 - CUDA_VISIBLE_DEVICES: [0]
[I 2023-11-30 10:21:53,052] Trial 37 finished with value: 100.60858154296875 and parameters: {'gradient_clip_val': 0.24548186758463442, 'hidden_size': 88, 'dropout': 0.3459807434859258, 'hidden_continuous_size': 35, 'attention_head_size': 3, 'learning_rate': 0.01824722225916985}. Best is trial 18 with value: 85.7923583984375.
LOCAL_RANK: 0 - CUDA_VISIBLE_DEVICES: [0]
[I 2023-11-30 10:22:06,221] Trial 38 finished with value: 111.14657592773438 and parameters: {'gradient_clip_val': 0.36763109005652944, 'hidden_size': 58, 'dropout': 0.36352000834157683, 'hidden_continuous_size': 20, 'attention_head_size': 3, 'learning_rate': 0.04271219202234453}. Best is trial 18 with value: 85.7923583984375.
LOCAL_RANK: 0 - CUDA_VISIBLE_DEVICES: [0]
[I 2023-11-30 10:22:20,056] Trial 39 finished with value: 105.9741439819336 and parameters: {'gradient_clip_val': 0.15171175582286414, 'hidden_size': 119, 'dropout': 0.31607806679510575, 'hidden_continuous_size': 13, 'attention_head_size': 3, 'learning_rate': 0.028911873575505103}. Best is trial 18 with value: 85.7923583984375.
LOCAL_RANK: 0 - CUDA_VISIBLE_DEVICES: [0]
[I 2023-11-30 10:22:33,993] Trial 40 finished with value: 106.10089111328125 and parameters: {'gradient_clip_val': 0.19206699871188845, 'hidden_size': 82, 'dropout': 0.3393424696931658, 'hidden_continuous_size': 18, 'attention_head_size': 4, 'learning_rate': 0.01186050465054817}. Best is trial 18 with value: 85.7923583984375.
LOCAL_RANK: 0 - CUDA_VISIBLE_DEVICES: [0]
[I 2023-11-30 10:22:47,672] Trial 41 finished with value: 95.40062713623047 and parameters: {'gradient_clip_val': 0.21258692868271375, 'hidden_size': 109, 'dropout': 0.37850638015371457, 'hidden_continuous_size': 13, 'attention_head_size': 3, 'learning_rate': 0.008944215678486824}. Best is trial 18 with value: 85.7923583984375.
LOCAL_RANK: 0 - CUDA_VISIBLE_DEVICES: [0]
[I 2023-11-30 10:23:01,268] Trial 42 finished with value: 102.2638931274414 and parameters: {'gradient_clip_val': 0.24580541932388073, 'hidden_size': 90, 'dropout': 0.39922145189782254, 'hidden_continuous_size': 20, 'attention_head_size': 2, 'learning_rate': 0.006389056129736711}. Best is trial 18 with value: 85.7923583984375.
LOCAL_RANK: 0 - CUDA_VISIBLE_DEVICES: [0]
[I 2023-11-30 10:23:14,733] Trial 43 finished with value: 95.88238525390625 and parameters: {'gradient_clip_val': 0.17039769405727592, 'hidden_size': 69, 'dropout': 0.3658859613402197, 'hidden_continuous_size': 22, 'attention_head_size': 3, 'learning_rate': 0.013844210139661327}. Best is trial 18 with value: 85.7923583984375.
LOCAL_RANK: 0 - CUDA_VISIBLE_DEVICES: [0]
[I 2023-11-30 10:23:28,089] Trial 44 finished with value: 93.60424041748047 and parameters: {'gradient_clip_val': 0.2169198093684938, 'hidden_size': 96, 'dropout': 0.35613710285989975, 'hidden_continuous_size': 16, 'attention_head_size': 2, 'learning_rate': 0.009343556529558664}. Best is trial 18 with value: 85.7923583984375.
LOCAL_RANK: 0 - CUDA_VISIBLE_DEVICES: [0]
[I 2023-11-30 10:23:42,267] Trial 45 finished with value: 113.7125015258789 and parameters: {'gradient_clip_val': 0.15955893356858913, 'hidden_size': 124, 'dropout': 0.3804580503756218, 'hidden_continuous_size': 40, 'attention_head_size': 3, 'learning_rate': 0.050449814800099156}. Best is trial 18 with value: 85.7923583984375.
LOCAL_RANK: 0 - CUDA_VISIBLE_DEVICES: [0]
[I 2023-11-30 10:23:56,352] Trial 46 finished with value: 97.24514770507812 and parameters: {'gradient_clip_val': 0.1958578311491981, 'hidden_size': 148, 'dropout': 0.3610075601339139, 'hidden_continuous_size': 27, 'attention_head_size': 1, 'learning_rate': 0.08934929493064284}. Best is trial 18 with value: 85.7923583984375.
LOCAL_RANK: 0 - CUDA_VISIBLE_DEVICES: [0]
[I 2023-11-30 10:24:09,295] Trial 47 finished with value: 121.0550537109375 and parameters: {'gradient_clip_val': 0.2708320276426352, 'hidden_size': 45, 'dropout': 0.3291394324992043, 'hidden_continuous_size': 19, 'attention_head_size': 2, 'learning_rate': 0.007767019658792207}. Best is trial 18 with value: 85.7923583984375.
LOCAL_RANK: 0 - CUDA_VISIBLE_DEVICES: [0]
[I 2023-11-30 10:24:22,619] Trial 48 finished with value: 146.20680236816406 and parameters: {'gradient_clip_val': 0.22737698817674945, 'hidden_size': 77, 'dropout': 0.3867814730693003, 'hidden_continuous_size': 11, 'attention_head_size': 3, 'learning_rate': 0.0051989193002733}. Best is trial 18 with value: 85.7923583984375.
LOCAL_RANK: 0 - CUDA_VISIBLE_DEVICES: [0]
[I 2023-11-30 10:24:35,858] Trial 49 finished with value: 95.1107177734375 and parameters: {'gradient_clip_val': 0.16512403330619954, 'hidden_size': 58, 'dropout': 0.3415822180263942, 'hidden_continuous_size': 23, 'attention_head_size': 2, 'learning_rate': 0.016361356414609556}. Best is trial 18 with value: 85.7923583984375.
LOCAL_RANK: 0 - CUDA_VISIBLE_DEVICES: [0]
[I 2023-11-30 10:24:50,159] Trial 50 finished with value: 116.22713470458984 and parameters: {'gradient_clip_val': 0.12091443571185895, 'hidden_size': 127, 'dropout': 0.36683708936383674, 'hidden_continuous_size': 32, 'attention_head_size': 4, 'learning_rate': 0.012753205675459268}. Best is trial 18 with value: 85.7923583984375.
LOCAL_RANK: 0 - CUDA_VISIBLE_DEVICES: [0]
[I 2023-11-30 10:25:04,032] Trial 51 finished with value: 91.29402923583984 and parameters: {'gradient_clip_val': 0.17916128443983742, 'hidden_size': 105, 'dropout': 0.29084981952345346, 'hidden_continuous_size': 25, 'attention_head_size': 1, 'learning_rate': 0.00985400649423816}. Best is trial 18 with value: 85.7923583984375.
LOCAL_RANK: 0 - CUDA_VISIBLE_DEVICES: [0]
[I 2023-11-30 10:25:17,630] Trial 52 finished with value: 85.74517059326172 and parameters: {'gradient_clip_val': 0.12547881474898076, 'hidden_size': 93, 'dropout': 0.320556524848072, 'hidden_continuous_size': 21, 'attention_head_size': 1, 'learning_rate': 0.005924168092141996}. Best is trial 52 with value: 85.74517059326172.
LOCAL_RANK: 0 - CUDA_VISIBLE_DEVICES: [0]
[I 2023-11-30 10:25:31,024] Trial 53 finished with value: 81.1600570678711 and parameters: {'gradient_clip_val': 0.128258411572706, 'hidden_size': 82, 'dropout': 0.3026289644885418, 'hidden_continuous_size': 21, 'attention_head_size': 1, 'learning_rate': 0.006064297536197112}. Best is trial 53 with value: 81.1600570678711.
LOCAL_RANK: 0 - CUDA_VISIBLE_DEVICES: [0]
[I 2023-11-30 10:25:44,645] Trial 54 finished with value: 97.8260498046875 and parameters: {'gradient_clip_val': 0.12212957618506899, 'hidden_size': 81, 'dropout': 0.3029231956986056, 'hidden_continuous_size': 23, 'attention_head_size': 1, 'learning_rate': 0.0070165625221192286}. Best is trial 53 with value: 81.1600570678711.
LOCAL_RANK: 0 - CUDA_VISIBLE_DEVICES: [0]
[I 2023-11-30 10:25:58,076] Trial 55 finished with value: 102.7748031616211 and parameters: {'gradient_clip_val': 0.13072834041582487, 'hidden_size': 92, 'dropout': 0.3190617873029425, 'hidden_continuous_size': 26, 'attention_head_size': 1, 'learning_rate': 0.00579699686586856}. Best is trial 53 with value: 81.1600570678711.
LOCAL_RANK: 0 - CUDA_VISIBLE_DEVICES: [0]
[I 2023-11-30 10:26:10,995] Trial 56 finished with value: 88.3642807006836 and parameters: {'gradient_clip_val': 0.14933559973519037, 'hidden_size': 56, 'dropout': 0.3056404751715979, 'hidden_continuous_size': 21, 'attention_head_size': 1, 'learning_rate': 0.004704459546229351}. Best is trial 53 with value: 81.1600570678711.
LOCAL_RANK: 0 - CUDA_VISIBLE_DEVICES: [0]
[I 2023-11-30 10:26:24,404] Trial 57 finished with value: 108.054931640625 and parameters: {'gradient_clip_val': 0.1107991909384073, 'hidden_size': 71, 'dropout': 0.2795510135859468, 'hidden_continuous_size': 21, 'attention_head_size': 1, 'learning_rate': 0.004019493957232855}. Best is trial 53 with value: 81.1600570678711.
LOCAL_RANK: 0 - CUDA_VISIBLE_DEVICES: [0]
[I 2023-11-30 10:26:37,245] Trial 58 finished with value: 148.9488525390625 and parameters: {'gradient_clip_val': 0.1461095781596354, 'hidden_size': 52, 'dropout': 0.30173971987145914, 'hidden_continuous_size': 21, 'attention_head_size': 1, 'learning_rate': 0.004901688438251452}. Best is trial 53 with value: 81.1600570678711.
LOCAL_RANK: 0 - CUDA_VISIBLE_DEVICES: [0]
[I 2023-11-30 10:26:50,844] Trial 59 finished with value: 85.53426361083984 and parameters: {'gradient_clip_val': 0.13155187898403217, 'hidden_size': 83, 'dropout': 0.30685975574287133, 'hidden_continuous_size': 24, 'attention_head_size': 1, 'learning_rate': 0.005976455609239204}. Best is trial 53 with value: 81.1600570678711.
LOCAL_RANK: 0 - CUDA_VISIBLE_DEVICES: [0]
[I 2023-11-30 10:27:04,213] Trial 60 finished with value: 102.15515899658203 and parameters: {'gradient_clip_val': 0.13432800173396936, 'hidden_size': 82, 'dropout': 0.3248506490335235, 'hidden_continuous_size': 29, 'attention_head_size': 1, 'learning_rate': 0.0072070438651773054}. Best is trial 53 with value: 81.1600570678711.
LOCAL_RANK: 0 - CUDA_VISIBLE_DEVICES: [0]
[I 2023-11-30 10:27:17,805] Trial 61 finished with value: 105.09122467041016 and parameters: {'gradient_clip_val': 0.12941482494859644, 'hidden_size': 95, 'dropout': 0.30593186274973416, 'hidden_continuous_size': 24, 'attention_head_size': 1, 'learning_rate': 0.005430940166731243}. Best is trial 53 with value: 81.1600570678711.
LOCAL_RANK: 0 - CUDA_VISIBLE_DEVICES: [0]
[I 2023-11-30 10:27:31,209] Trial 62 finished with value: 118.9736099243164 and parameters: {'gradient_clip_val': 0.15235247631268026, 'hidden_size': 74, 'dropout': 0.27861772684248187, 'hidden_continuous_size': 23, 'attention_head_size': 1, 'learning_rate': 0.005973037774669346}. Best is trial 53 with value: 81.1600570678711.
LOCAL_RANK: 0 - CUDA_VISIBLE_DEVICES: [0]
[I 2023-11-30 10:27:44,567] Trial 63 finished with value: 92.93035888671875 and parameters: {'gradient_clip_val': 0.11565670495687072, 'hidden_size': 66, 'dropout': 0.31185813690556424, 'hidden_continuous_size': 26, 'attention_head_size': 1, 'learning_rate': 0.004414267413422262}. Best is trial 53 with value: 81.1600570678711.
LOCAL_RANK: 0 - CUDA_VISIBLE_DEVICES: [0]
[I 2023-11-30 10:27:58,310] Trial 64 finished with value: 122.54230499267578 and parameters: {'gradient_clip_val': 0.14061298352742027, 'hidden_size': 108, 'dropout': 0.2928269498684524, 'hidden_continuous_size': 17, 'attention_head_size': 1, 'learning_rate': 0.003183032928703641}. Best is trial 53 with value: 81.1600570678711.
LOCAL_RANK: 0 - CUDA_VISIBLE_DEVICES: [0]
