[I 2023-11-30 11:34:10,563] Trial 54 finished with value: 1.1309438943862915 and parameters: {'gradient_clip_val': 0.9116195580826781, 'hidden_size': 28, 'dropout': 0.2803373216681226, 'hidden_continuous_size': 15, 'attention_head_size': 1, 'learning_rate': 0.016010519839318026}. Best is trial 49 with value: 0.7538018226623535.
LOCAL_RANK: 0 - CUDA_VISIBLE_DEVICES: [0]
[I 2023-11-30 11:34:23,007] Trial 55 finished with value: 1.698197364807129 and parameters: {'gradient_clip_val': 0.6882077553530358, 'hidden_size': 31, 'dropout': 0.297239037417139, 'hidden_continuous_size': 16, 'attention_head_size': 1, 'learning_rate': 0.04487809725840897}. Best is trial 49 with value: 0.7538018226623535.
LOCAL_RANK: 0 - CUDA_VISIBLE_DEVICES: [0]
[I 2023-11-30 11:34:35,903] Trial 56 finished with value: 1.2339709997177124 and parameters: {'gradient_clip_val': 0.9829271185281763, 'hidden_size': 37, 'dropout': 0.33319029493882363, 'hidden_continuous_size': 19, 'attention_head_size': 1, 'learning_rate': 0.025816804838418753}. Best is trial 49 with value: 0.7538018226623535.
LOCAL_RANK: 0 - CUDA_VISIBLE_DEVICES: [0]
[I 2023-11-30 11:34:48,083] Trial 57 finished with value: 1.1761459112167358 and parameters: {'gradient_clip_val': 0.7905588261972496, 'hidden_size': 24, 'dropout': 0.3170716421121827, 'hidden_continuous_size': 17, 'attention_head_size': 2, 'learning_rate': 0.018131531902276794}. Best is trial 49 with value: 0.7538018226623535.
LOCAL_RANK: 0 - CUDA_VISIBLE_DEVICES: [0]
[I 2023-11-30 11:35:01,009] Trial 58 finished with value: 1.1907672882080078 and parameters: {'gradient_clip_val': 0.5584469519675924, 'hidden_size': 43, 'dropout': 0.30690380550185214, 'hidden_continuous_size': 21, 'attention_head_size': 1, 'learning_rate': 0.015043584652127287}. Best is trial 49 with value: 0.7538018226623535.
LOCAL_RANK: 0 - CUDA_VISIBLE_DEVICES: [0]
[I 2023-11-30 11:35:13,229] Trial 59 finished with value: 1.1304646730422974 and parameters: {'gradient_clip_val': 0.6377912585012789, 'hidden_size': 32, 'dropout': 0.26570318195986775, 'hidden_continuous_size': 15, 'attention_head_size': 2, 'learning_rate': 0.010869903746911906}. Best is trial 49 with value: 0.7538018226623535.
LOCAL_RANK: 0 - CUDA_VISIBLE_DEVICES: [0]
[I 2023-11-30 11:35:26,036] Trial 60 finished with value: 1.3273886442184448 and parameters: {'gradient_clip_val': 0.7374005238577457, 'hidden_size': 37, 'dropout': 0.24829749394815548, 'hidden_continuous_size': 20, 'attention_head_size': 2, 'learning_rate': 0.00918236079983336}. Best is trial 49 with value: 0.7538018226623535.
LOCAL_RANK: 0 - CUDA_VISIBLE_DEVICES: [0]
[I 2023-11-30 11:35:38,857] Trial 61 finished with value: 1.0549472570419312 and parameters: {'gradient_clip_val': 0.575780194386414, 'hidden_size': 26, 'dropout': 0.2595091056830932, 'hidden_continuous_size': 14, 'attention_head_size': 3, 'learning_rate': 0.013014301935782171}. Best is trial 49 with value: 0.7538018226623535.
LOCAL_RANK: 0 - CUDA_VISIBLE_DEVICES: [0]
[I 2023-11-30 11:35:51,326] Trial 62 finished with value: 1.2789798974990845 and parameters: {'gradient_clip_val': 0.5848971597685975, 'hidden_size': 26, 'dropout': 0.2807745679410092, 'hidden_continuous_size': 15, 'attention_head_size': 3, 'learning_rate': 0.013241984560632422}. Best is trial 49 with value: 0.7538018226623535.
LOCAL_RANK: 0 - CUDA_VISIBLE_DEVICES: [0]
[I 2023-11-30 11:36:03,979] Trial 63 finished with value: 1.2979995012283325 and parameters: {'gradient_clip_val': 0.660466991000415, 'hidden_size': 29, 'dropout': 0.2719230005269885, 'hidden_continuous_size': 16, 'attention_head_size': 3, 'learning_rate': 0.017048145098457937}. Best is trial 49 with value: 0.7538018226623535.
LOCAL_RANK: 0 - CUDA_VISIBLE_DEVICES: [0]
[I 2023-11-30 11:36:16,752] Trial 64 finished with value: 1.150143027305603 and parameters: {'gradient_clip_val': 0.8733247449815048, 'hidden_size': 34, 'dropout': 0.2915814376149507, 'hidden_continuous_size': 17, 'attention_head_size': 3, 'learning_rate': 0.02254745946281236}. Best is trial 49 with value: 0.7538018226623535.
LOCAL_RANK: 0 - CUDA_VISIBLE_DEVICES: [0]
[I 2023-11-30 11:36:28,952] Trial 65 finished with value: 1.1218559741973877 and parameters: {'gradient_clip_val': 0.7392147892725642, 'hidden_size': 22, 'dropout': 0.25718837253654464, 'hidden_continuous_size': 14, 'attention_head_size': 1, 'learning_rate': 0.011237456946336157}. Best is trial 49 with value: 0.7538018226623535.
LOCAL_RANK: 0 - CUDA_VISIBLE_DEVICES: [0]
[I 2023-11-30 11:36:41,617] Trial 66 finished with value: 1.0952794551849365 and parameters: {'gradient_clip_val': 0.573294131158857, 'hidden_size': 27, 'dropout': 0.30388372725285173, 'hidden_continuous_size': 13, 'attention_head_size': 3, 'learning_rate': 0.014564314162770637}. Best is trial 49 with value: 0.7538018226623535.
LOCAL_RANK: 0 - CUDA_VISIBLE_DEVICES: [0]
[I 2023-11-30 11:36:54,114] Trial 67 finished with value: 1.0529447793960571 and parameters: {'gradient_clip_val': 0.8082723306131583, 'hidden_size': 25, 'dropout': 0.27136809548124413, 'hidden_continuous_size': 15, 'attention_head_size': 4, 'learning_rate': 0.009954050637254064}. Best is trial 49 with value: 0.7538018226623535.
LOCAL_RANK: 0 - CUDA_VISIBLE_DEVICES: [0]
[I 2023-11-30 11:37:06,482] Trial 68 finished with value: 1.1413160562515259 and parameters: {'gradient_clip_val': 0.8322997460149547, 'hidden_size': 22, 'dropout': 0.24281259144042083, 'hidden_continuous_size': 15, 'attention_head_size': 4, 'learning_rate': 0.007766914175211928}. Best is trial 49 with value: 0.7538018226623535.
LOCAL_RANK: 0 - CUDA_VISIBLE_DEVICES: [0]
[I 2023-11-30 11:37:18,971] Trial 69 finished with value: 1.082655429840088 and parameters: {'gradient_clip_val': 0.6941557641960137, 'hidden_size': 25, 'dropout': 0.28168708680812, 'hidden_continuous_size': 10, 'attention_head_size': 4, 'learning_rate': 0.010160182509103591}. Best is trial 49 with value: 0.7538018226623535.
LOCAL_RANK: 0 - CUDA_VISIBLE_DEVICES: [0]
[I 2023-11-30 11:37:31,647] Trial 70 finished with value: 1.0593477487564087 and parameters: {'gradient_clip_val': 0.4893756462143431, 'hidden_size': 31, 'dropout': 0.22404545295702855, 'hidden_continuous_size': 13, 'attention_head_size': 4, 'learning_rate': 0.008682710164062813}. Best is trial 49 with value: 0.7538018226623535.
LOCAL_RANK: 0 - CUDA_VISIBLE_DEVICES: [0]
[I 2023-11-30 11:37:44,550] Trial 71 finished with value: 1.0121310949325562 and parameters: {'gradient_clip_val': 0.775584701427448, 'hidden_size': 30, 'dropout': 0.2698846753903856, 'hidden_continuous_size': 16, 'attention_head_size': 4, 'learning_rate': 0.01286435386106407}. Best is trial 49 with value: 0.7538018226623535.
LOCAL_RANK: 0 - CUDA_VISIBLE_DEVICES: [0]
[I 2023-11-30 11:37:56,892] Trial 72 finished with value: 1.3023284673690796 and parameters: {'gradient_clip_val': 0.7720570437041773, 'hidden_size': 25, 'dropout': 0.25834473920955375, 'hidden_continuous_size': 14, 'attention_head_size': 4, 'learning_rate': 0.012435118235538787}. Best is trial 49 with value: 0.7538018226623535.
LOCAL_RANK: 0 - CUDA_VISIBLE_DEVICES: [0]
[I 2023-11-30 11:38:09,503] Trial 73 finished with value: 1.0864278078079224 and parameters: {'gradient_clip_val': 0.9190654244993656, 'hidden_size': 30, 'dropout': 0.29500553590004697, 'hidden_continuous_size': 15, 'attention_head_size': 4, 'learning_rate': 0.019141321897859952}. Best is trial 49 with value: 0.7538018226623535.
LOCAL_RANK: 0 - CUDA_VISIBLE_DEVICES: [0]
[I 2023-11-30 11:38:22,317] Trial 74 finished with value: 1.1402615308761597 and parameters: {'gradient_clip_val': 0.6148214874807476, 'hidden_size': 33, 'dropout': 0.2715282563329272, 'hidden_continuous_size': 17, 'attention_head_size': 4, 'learning_rate': 0.015958187096733363}. Best is trial 49 with value: 0.7538018226623535.
LOCAL_RANK: 0 - CUDA_VISIBLE_DEVICES: [0]
[I 2023-11-30 11:38:34,767] Trial 75 finished with value: 1.1695338487625122 and parameters: {'gradient_clip_val': 0.8432426752741942, 'hidden_size': 28, 'dropout': 0.2515720606767021, 'hidden_continuous_size': 16, 'attention_head_size': 4, 'learning_rate': 0.010054936853497884}. Best is trial 49 with value: 0.7538018226623535.
LOCAL_RANK: 0 - CUDA_VISIBLE_DEVICES: [0]
[I 2023-11-30 11:38:47,413] Trial 76 finished with value: 1.1746090650558472 and parameters: {'gradient_clip_val': 0.6677031983736206, 'hidden_size': 21, 'dropout': 0.28239891125425665, 'hidden_continuous_size': 15, 'attention_head_size': 4, 'learning_rate': 0.01427779656757844}. Best is trial 49 with value: 0.7538018226623535.
LOCAL_RANK: 0 - CUDA_VISIBLE_DEVICES: [0]
[I 2023-11-30 11:38:59,842] Trial 77 finished with value: 1.0833468437194824 and parameters: {'gradient_clip_val': 0.9908842394643206, 'hidden_size': 26, 'dropout': 0.26323792448671807, 'hidden_continuous_size': 14, 'attention_head_size': 2, 'learning_rate': 0.0206035992694634}. Best is trial 49 with value: 0.7538018226623535.
LOCAL_RANK: 0 - CUDA_VISIBLE_DEVICES: [0]
[I 2023-11-30 11:39:12,509] Trial 78 finished with value: 1.1768159866333008 and parameters: {'gradient_clip_val': 0.7178595485800243, 'hidden_size': 36, 'dropout': 0.296929069827439, 'hidden_continuous_size': 18, 'attention_head_size': 1, 'learning_rate': 0.011653002802822804}. Best is trial 49 with value: 0.7538018226623535.
LOCAL_RANK: 0 - CUDA_VISIBLE_DEVICES: [0]
[I 2023-11-30 11:39:24,735] Trial 79 finished with value: 1.482132911682129 and parameters: {'gradient_clip_val': 0.5462539896684878, 'hidden_size': 19, 'dropout': 0.2751538771723132, 'hidden_continuous_size': 10, 'attention_head_size': 2, 'learning_rate': 0.006586104474603967}. Best is trial 49 with value: 0.7538018226623535.
LOCAL_RANK: 0 - CUDA_VISIBLE_DEVICES: [0]
[I 2023-11-30 11:39:36,868] Trial 80 finished with value: 1.284347414970398 and parameters: {'gradient_clip_val': 0.7782058329661949, 'hidden_size': 24, 'dropout': 0.2874942172791506, 'hidden_continuous_size': 14, 'attention_head_size': 4, 'learning_rate': 0.008554840131646937}. Best is trial 49 with value: 0.7538018226623535.
LOCAL_RANK: 0 - CUDA_VISIBLE_DEVICES: [0]
[I 2023-11-30 11:39:49,551] Trial 81 finished with value: 1.2402334213256836 and parameters: {'gradient_clip_val': 0.8358776469279843, 'hidden_size': 32, 'dropout': 0.2700064560021543, 'hidden_continuous_size': 16, 'attention_head_size': 3, 'learning_rate': 0.012131408946408571}. Best is trial 49 with value: 0.7538018226623535.
LOCAL_RANK: 0 - CUDA_VISIBLE_DEVICES: [0]
[I 2023-11-30 11:40:02,224] Trial 82 finished with value: 1.124951958656311 and parameters: {'gradient_clip_val': 0.8961831623798322, 'hidden_size': 30, 'dropout': 0.2618423214933215, 'hidden_continuous_size': 16, 'attention_head_size': 3, 'learning_rate': 0.013207843095806632}. Best is trial 49 with value: 0.7538018226623535.
LOCAL_RANK: 0 - CUDA_VISIBLE_DEVICES: [0]
[I 2023-11-30 11:40:15,158] Trial 83 finished with value: 1.1705853939056396 and parameters: {'gradient_clip_val': 0.6452158900915316, 'hidden_size': 39, 'dropout': 0.3101762201424321, 'hidden_continuous_size': 18, 'attention_head_size': 3, 'learning_rate': 0.010356281158089946}. Best is trial 49 with value: 0.7538018226623535.
LOCAL_RANK: 0 - CUDA_VISIBLE_DEVICES: [0]
[I 2023-11-30 11:40:27,751] Trial 84 finished with value: 0.9198248982429504 and parameters: {'gradient_clip_val': 0.780952983086526, 'hidden_size': 27, 'dropout': 0.25292810169701163, 'hidden_continuous_size': 15, 'attention_head_size': 3, 'learning_rate': 0.016266082480835428}. Best is trial 49 with value: 0.7538018226623535.
LOCAL_RANK: 0 - CUDA_VISIBLE_DEVICES: [0]
[I 2023-11-30 11:40:40,218] Trial 85 finished with value: 1.0606269836425781 and parameters: {'gradient_clip_val': 0.7049321761445774, 'hidden_size': 27, 'dropout': 0.2522521442190906, 'hidden_continuous_size': 15, 'attention_head_size': 3, 'learning_rate': 0.017798122306824586}. Best is trial 49 with value: 0.7538018226623535.
LOCAL_RANK: 0 - CUDA_VISIBLE_DEVICES: [0]
[I 2023-11-30 11:40:52,763] Trial 86 finished with value: 1.0653897523880005 and parameters: {'gradient_clip_val': 0.771721571008871, 'hidden_size': 22, 'dropout': 0.2426695331741598, 'hidden_continuous_size': 11, 'attention_head_size': 3, 'learning_rate': 0.016077694025689326}. Best is trial 49 with value: 0.7538018226623535.
LOCAL_RANK: 0 - CUDA_VISIBLE_DEVICES: [0]
[I 2023-11-30 11:41:05,444] Trial 87 finished with value: 1.188858985900879 and parameters: {'gradient_clip_val': 0.9449134389047269, 'hidden_size': 34, 'dropout': 0.3031291029267634, 'hidden_continuous_size': 17, 'attention_head_size': 1, 'learning_rate': 0.022977901211509767}. Best is trial 49 with value: 0.7538018226623535.
LOCAL_RANK: 0 - CUDA_VISIBLE_DEVICES: [0]
[I 2023-11-30 11:41:18,005] Trial 88 finished with value: 1.14738929271698 and parameters: {'gradient_clip_val': 0.666344388419828, 'hidden_size': 29, 'dropout': 0.2773441622216213, 'hidden_continuous_size': 13, 'attention_head_size': 2, 'learning_rate': 0.013835876779829772}. Best is trial 49 with value: 0.7538018226623535.
LOCAL_RANK: 0 - CUDA_VISIBLE_DEVICES: [0]
[I 2023-11-30 11:41:30,231] Trial 89 finished with value: 1.0960642099380493 and parameters: {'gradient_clip_val': 0.5902773518325198, 'hidden_size': 24, 'dropout': 0.2869324144575724, 'hidden_continuous_size': 14, 'attention_head_size': 4, 'learning_rate': 0.020519528852036874}. Best is trial 49 with value: 0.7538018226623535.
LOCAL_RANK: 0 - CUDA_VISIBLE_DEVICES: [0]
[I 2023-11-30 11:41:42,722] Trial 90 finished with value: 1.0690094232559204 and parameters: {'gradient_clip_val': 0.816666719016431, 'hidden_size': 26, 'dropout': 0.3222251369243702, 'hidden_continuous_size': 15, 'attention_head_size': 3, 'learning_rate': 0.01680651032246405}. Best is trial 49 with value: 0.7538018226623535.
LOCAL_RANK: 0 - CUDA_VISIBLE_DEVICES: [0]
[I 2023-11-30 11:41:55,585] Trial 91 finished with value: 1.1049293279647827 and parameters: {'gradient_clip_val': 0.7464446206315357, 'hidden_size': 31, 'dropout': 0.26791614762467153, 'hidden_continuous_size': 16, 'attention_head_size': 3, 'learning_rate': 0.012291769862244244}. Best is trial 49 with value: 0.7538018226623535.
LOCAL_RANK: 0 - CUDA_VISIBLE_DEVICES: [0]
[I 2023-11-30 11:42:08,020] Trial 92 finished with value: 1.1190705299377441 and parameters: {'gradient_clip_val': 0.8796121605725276, 'hidden_size': 28, 'dropout': 0.2621452779440677, 'hidden_continuous_size': 16, 'attention_head_size': 3, 'learning_rate': 0.009458622913727755}. Best is trial 49 with value: 0.7538018226623535.
LOCAL_RANK: 0 - CUDA_VISIBLE_DEVICES: [0]
[I 2023-11-30 11:42:20,848] Trial 93 finished with value: 1.5121269226074219 and parameters: {'gradient_clip_val': 0.7981171305055549, 'hidden_size': 33, 'dropout': 0.29137202180837796, 'hidden_continuous_size': 17, 'attention_head_size': 3, 'learning_rate': 0.010777704772444444}. Best is trial 49 with value: 0.7538018226623535.
LOCAL_RANK: 0 - CUDA_VISIBLE_DEVICES: [0]
[I 2023-11-30 11:42:33,623] Trial 94 finished with value: 1.1454421281814575 and parameters: {'gradient_clip_val': 0.703335812081591, 'hidden_size': 35, 'dropout': 0.27602172118110824, 'hidden_continuous_size': 12, 'attention_head_size': 3, 'learning_rate': 0.014780770682434472}. Best is trial 49 with value: 0.7538018226623535.
LOCAL_RANK: 0 - CUDA_VISIBLE_DEVICES: [0]
[I 2023-11-30 11:42:46,427] Trial 95 finished with value: 1.1062090396881104 and parameters: {'gradient_clip_val': 0.6437742958579844, 'hidden_size': 38, 'dropout': 0.24737521951620098, 'hidden_continuous_size': 13, 'attention_head_size': 3, 'learning_rate': 0.01931749654668747}. Best is trial 49 with value: 0.7538018226623535.
LOCAL_RANK: 0 - CUDA_VISIBLE_DEVICES: [0]
[I 2023-11-30 11:42:59,440] Trial 96 finished with value: 1.0910682678222656 and parameters: {'gradient_clip_val': 0.6092274630529971, 'hidden_size': 41, 'dropout': 0.25593263995471793, 'hidden_continuous_size': 19, 'attention_head_size': 1, 'learning_rate': 0.01368629899279945}. Best is trial 49 with value: 0.7538018226623535.
LOCAL_RANK: 0 - CUDA_VISIBLE_DEVICES: [0]
[I 2023-11-30 11:43:12,113] Trial 97 finished with value: 1.1085495948791504 and parameters: {'gradient_clip_val': 0.7264097796860575, 'hidden_size': 30, 'dropout': 0.2979466704675776, 'hidden_continuous_size': 15, 'attention_head_size': 3, 'learning_rate': 0.011715211786658962}. Best is trial 49 with value: 0.7538018226623535.
LOCAL_RANK: 0 - CUDA_VISIBLE_DEVICES: [0]
[I 2023-11-30 11:43:24,684] Trial 98 finished with value: 0.8742607235908508 and parameters: {'gradient_clip_val': 0.8617159986227307, 'hidden_size': 33, 'dropout': 0.28524728692520773, 'hidden_continuous_size': 14, 'attention_head_size': 3, 'learning_rate': 0.026851245473669322}. Best is trial 49 with value: 0.7538018226623535.
LOCAL_RANK: 0 - CUDA_VISIBLE_DEVICES: [0]
[I 2023-11-30 11:43:37,528] Trial 99 finished with value: 1.3375390768051147 and parameters: {'gradient_clip_val': 0.9560128258303733, 'hidden_size': 37, 'dropout': 0.28294004564327435, 'hidden_continuous_size': 14, 'attention_head_size': 4, 'learning_rate': 0.0278188902499309}. Best is trial 49 with value: 0.7538018226623535.
LOCAL_RANK: 0 - CUDA_VISIBLE_DEVICES: [0]
[I 2023-11-30 11:43:49,860] Trial 100 finished with value: 1.024875283241272 and parameters: {'gradient_clip_val': 0.8618513692032517, 'hidden_size': 27, 'dropout': 0.3039890189706598, 'hidden_continuous_size': 11, 'attention_head_size': 2, 'learning_rate': 0.024287994960839217}. Best is trial 49 with value: 0.7538018226623535.
LOCAL_RANK: 0 - CUDA_VISIBLE_DEVICES: [0]
[I 2023-11-30 11:44:02,387] Trial 101 finished with value: 0.8823210597038269 and parameters: {'gradient_clip_val': 0.8494051339592807, 'hidden_size': 27, 'dropout': 0.31090276455320737, 'hidden_continuous_size': 11, 'attention_head_size': 2, 'learning_rate': 0.02410474054892164}. Best is trial 49 with value: 0.7538018226623535.
LOCAL_RANK: 0 - CUDA_VISIBLE_DEVICES: [0]
[I 2023-11-30 11:44:14,737] Trial 102 finished with value: 1.1910384893417358 and parameters: {'gradient_clip_val': 0.8759580242462358, 'hidden_size': 23, 'dropout': 0.3123658845527634, 'hidden_continuous_size': 11, 'attention_head_size': 2, 'learning_rate': 0.024583408405252104}. Best is trial 49 with value: 0.7538018226623535.
LOCAL_RANK: 0 - CUDA_VISIBLE_DEVICES: [0]
[I 2023-11-30 11:44:27,197] Trial 103 finished with value: 1.279022216796875 and parameters: {'gradient_clip_val': 0.8377558896136126, 'hidden_size': 33, 'dropout': 0.30615860129223804, 'hidden_continuous_size': 11, 'attention_head_size': 2, 'learning_rate': 0.023110877779494384}. Best is trial 49 with value: 0.7538018226623535.
LOCAL_RANK: 0 - CUDA_VISIBLE_DEVICES: [0]
[I 2023-11-30 11:44:39,341] Trial 104 finished with value: 1.306815266609192 and parameters: {'gradient_clip_val': 0.9204315651578691, 'hidden_size': 28, 'dropout': 0.29472085069300535, 'hidden_continuous_size': 11, 'attention_head_size': 2, 'learning_rate': 0.026944456615274292}. Best is trial 49 with value: 0.7538018226623535.
LOCAL_RANK: 0 - CUDA_VISIBLE_DEVICES: [0]
[I 2023-11-30 11:44:51,731] Trial 105 finished with value: 1.2171989679336548 and parameters: {'gradient_clip_val': 0.762002084160963, 'hidden_size': 27, 'dropout': 0.3033175295663203, 'hidden_continuous_size': 12, 'attention_head_size': 2, 'learning_rate': 0.028857232818056164}. Best is trial 49 with value: 0.7538018226623535.
LOCAL_RANK: 0 - CUDA_VISIBLE_DEVICES: [0]
[I 2023-11-30 11:45:04,197] Trial 106 finished with value: 1.1499594449996948 and parameters: {'gradient_clip_val': 0.8093945124820673, 'hidden_size': 25, 'dropout': 0.3185915967207689, 'hidden_continuous_size': 10, 'attention_head_size': 2, 'learning_rate': 0.03173772458388684}. Best is trial 49 with value: 0.7538018226623535.
LOCAL_RANK: 0 - CUDA_VISIBLE_DEVICES: [0]
[I 2023-11-30 11:45:16,761] Trial 107 finished with value: 1.2440447807312012 and parameters: {'gradient_clip_val': 0.9996200433142293, 'hidden_size': 36, 'dropout': 0.2855817293589086, 'hidden_continuous_size': 12, 'attention_head_size': 2, 'learning_rate': 0.023922946239867866}. Best is trial 49 with value: 0.7538018226623535.
LOCAL_RANK: 0 - CUDA_VISIBLE_DEVICES: [0]
[I 2023-11-30 11:45:29,173] Trial 108 finished with value: 1.2594832181930542 and parameters: {'gradient_clip_val': 0.8820254197751334, 'hidden_size': 32, 'dropout': 0.29151781668066223, 'hidden_continuous_size': 17, 'attention_head_size': 2, 'learning_rate': 0.021460041323192576}. Best is trial 49 with value: 0.7538018226623535.
LOCAL_RANK: 0 - CUDA_VISIBLE_DEVICES: [0]
[I 2023-11-30 11:45:41,809] Trial 109 finished with value: 1.2904034852981567 and parameters: {'gradient_clip_val': 0.9506336090777162, 'hidden_size': 35, 'dropout': 0.3102745584629292, 'hidden_continuous_size': 13, 'attention_head_size': 1, 'learning_rate': 0.019614434424369203}. Best is trial 49 with value: 0.7538018226623535.
LOCAL_RANK: 0 - CUDA_VISIBLE_DEVICES: [0]
[I 2023-11-30 11:45:54,583] Trial 110 finished with value: 1.3197287321090698 and parameters: {'gradient_clip_val': 0.764704820267806, 'hidden_size': 43, 'dropout': 0.3012478760954209, 'hidden_continuous_size': 11, 'attention_head_size': 2, 'learning_rate': 0.025458558680360507}. Best is trial 49 with value: 0.7538018226623535.
LOCAL_RANK: 0 - CUDA_VISIBLE_DEVICES: [0]
[I 2023-11-30 11:46:07,396] Trial 111 finished with value: 1.177535891532898 and parameters: {'gradient_clip_val': 0.6849718268715306, 'hidden_size': 30, 'dropout': 0.27694649619124295, 'hidden_continuous_size': 15, 'attention_head_size': 3, 'learning_rate': 0.017700050685415483}. Best is trial 49 with value: 0.7538018226623535.
LOCAL_RANK: 0 - CUDA_VISIBLE_DEVICES: [0]
[I 2023-11-30 11:46:19,768] Trial 112 finished with value: 1.1498199701309204 and parameters: {'gradient_clip_val': 0.8421188135928039, 'hidden_size': 25, 'dropout': 0.270707655573459, 'hidden_continuous_size': 14, 'attention_head_size': 3, 'learning_rate': 0.015443242894814512}. Best is trial 49 with value: 0.7538018226623535.
LOCAL_RANK: 0 - CUDA_VISIBLE_DEVICES: [0]
