[I 2023-11-30 12:23:44,966] Trial 138 finished with value: 1.363468050956726 and parameters: {'gradient_clip_val': 0.8712764679041639, 'hidden_size': 38, 'dropout': 0.3659942482117167, 'hidden_continuous_size': 20, 'attention_head_size': 4, 'learning_rate': 0.009055574581528085}. Best is trial 85 with value: 1.1506518125534058.
LOCAL_RANK: 0 - CUDA_VISIBLE_DEVICES: [0]
[I 2023-11-30 12:23:58,238] Trial 139 finished with value: 1.3274544477462769 and parameters: {'gradient_clip_val': 0.7611627682178878, 'hidden_size': 47, 'dropout': 0.3989783527631066, 'hidden_continuous_size': 21, 'attention_head_size': 4, 'learning_rate': 0.010041935770812306}. Best is trial 85 with value: 1.1506518125534058.
LOCAL_RANK: 0 - CUDA_VISIBLE_DEVICES: [0]
[I 2023-11-30 12:24:11,055] Trial 140 finished with value: 1.3279222249984741 and parameters: {'gradient_clip_val': 0.6080476444177781, 'hidden_size': 52, 'dropout': 0.3724959084428831, 'hidden_continuous_size': 12, 'attention_head_size': 2, 'learning_rate': 0.007692801046794621}. Best is trial 85 with value: 1.1506518125534058.
LOCAL_RANK: 0 - CUDA_VISIBLE_DEVICES: [0]
[I 2023-11-30 12:24:23,928] Trial 141 finished with value: 1.304190754890442 and parameters: {'gradient_clip_val': 0.8040692414342138, 'hidden_size': 35, 'dropout': 0.36151028830908855, 'hidden_continuous_size': 19, 'attention_head_size': 4, 'learning_rate': 0.007215452005943525}. Best is trial 85 with value: 1.1506518125534058.
LOCAL_RANK: 0 - CUDA_VISIBLE_DEVICES: [0]
[I 2023-11-30 12:24:37,180] Trial 142 finished with value: 1.4630589485168457 and parameters: {'gradient_clip_val': 0.8076572415940967, 'hidden_size': 45, 'dropout': 0.36772021441595676, 'hidden_continuous_size': 31, 'attention_head_size': 4, 'learning_rate': 0.005511414563830144}. Best is trial 85 with value: 1.1506518125534058.
LOCAL_RANK: 0 - CUDA_VISIBLE_DEVICES: [0]
[I 2023-11-30 12:24:50,044] Trial 143 finished with value: 1.1926417350769043 and parameters: {'gradient_clip_val': 0.9198411557260305, 'hidden_size': 31, 'dropout': 0.3785139255766881, 'hidden_continuous_size': 19, 'attention_head_size': 4, 'learning_rate': 0.00687884603429204}. Best is trial 85 with value: 1.1506518125534058.
LOCAL_RANK: 0 - CUDA_VISIBLE_DEVICES: [0]
[I 2023-11-30 12:25:02,796] Trial 144 finished with value: 1.3059321641921997 and parameters: {'gradient_clip_val': 0.9585949580073532, 'hidden_size': 32, 'dropout': 0.3906389180801296, 'hidden_continuous_size': 18, 'attention_head_size': 4, 'learning_rate': 0.006361656641818431}. Best is trial 85 with value: 1.1506518125534058.
LOCAL_RANK: 0 - CUDA_VISIBLE_DEVICES: [0]
[I 2023-11-30 12:25:15,414] Trial 145 finished with value: 1.6505756378173828 and parameters: {'gradient_clip_val': 0.9062442297792509, 'hidden_size': 31, 'dropout': 0.37837435207343667, 'hidden_continuous_size': 18, 'attention_head_size': 4, 'learning_rate': 0.008379921180499749}. Best is trial 85 with value: 1.1506518125534058.
LOCAL_RANK: 0 - CUDA_VISIBLE_DEVICES: [0]
[I 2023-11-30 12:25:27,889] Trial 146 finished with value: 1.3170766830444336 and parameters: {'gradient_clip_val': 0.9972771097907991, 'hidden_size': 26, 'dropout': 0.38578813104162835, 'hidden_continuous_size': 13, 'attention_head_size': 4, 'learning_rate': 0.0116550656412584}. Best is trial 85 with value: 1.1506518125534058.
LOCAL_RANK: 0 - CUDA_VISIBLE_DEVICES: [0]
[I 2023-11-30 12:25:40,857] Trial 147 finished with value: 1.3073744773864746 and parameters: {'gradient_clip_val': 0.8521923873160178, 'hidden_size': 30, 'dropout': 0.37435354265995996, 'hidden_continuous_size': 20, 'attention_head_size': 4, 'learning_rate': 0.004362179894369941}. Best is trial 85 with value: 1.1506518125534058.
LOCAL_RANK: 0 - CUDA_VISIBLE_DEVICES: [0]
[I 2023-11-30 12:25:53,833] Trial 148 finished with value: 1.3853908777236938 and parameters: {'gradient_clip_val': 0.920503677794128, 'hidden_size': 41, 'dropout': 0.351535142261754, 'hidden_continuous_size': 17, 'attention_head_size': 4, 'learning_rate': 0.006896507983028058}. Best is trial 85 with value: 1.1506518125534058.
LOCAL_RANK: 0 - CUDA_VISIBLE_DEVICES: [0]
[I 2023-11-30 12:26:06,550] Trial 149 finished with value: 1.4122581481933594 and parameters: {'gradient_clip_val': 0.44971385198112157, 'hidden_size': 28, 'dropout': 0.29552170195840144, 'hidden_continuous_size': 19, 'attention_head_size': 4, 'learning_rate': 0.005925746843735387}. Best is trial 85 with value: 1.1506518125534058.
[I 2023-11-30 12:26:06,675] A new study created in memory with name: no-name-ac1b815f-112f-4894-ac35-ef0060840299
/home/le004/conda/anaconda3/envs/tsff_env/lib/python3.9/site-packages/lightning/fabric/plugins/environments/slurm.py:191: The `srun` command is available on your system but is not used. HINT: If your intention is to run Lightning on SLURM, prepend your python command with `srun` like so: srun python /home/le004/master_thesis/git/TSFusionForecast/code/ ...
LOCAL_RANK: 0 - CUDA_VISIBLE_DEVICES: [0]
[I 2023-11-30 12:26:20,400] Trial 0 finished with value: 0.24465131759643555 and parameters: {'gradient_clip_val': 0.14783012254761554, 'hidden_size': 121, 'dropout': 0.25472205086807254, 'hidden_continuous_size': 10, 'attention_head_size': 2, 'learning_rate': 0.006124511085742426}. Best is trial 0 with value: 0.24465131759643555.
LOCAL_RANK: 0 - CUDA_VISIBLE_DEVICES: [0]
[I 2023-11-30 12:26:33,263] Trial 1 finished with value: 1.6099351644515991 and parameters: {'gradient_clip_val': 0.8832542189456168, 'hidden_size': 56, 'dropout': 0.2879550633704202, 'hidden_continuous_size': 16, 'attention_head_size': 1, 'learning_rate': 0.0016157963878121499}. Best is trial 0 with value: 0.24465131759643555.
LOCAL_RANK: 0 - CUDA_VISIBLE_DEVICES: [0]
[I 2023-11-30 12:26:46,173] Trial 2 finished with value: 0.16931144893169403 and parameters: {'gradient_clip_val': 0.12610121874018243, 'hidden_size': 43, 'dropout': 0.2245306567940316, 'hidden_continuous_size': 26, 'attention_head_size': 1, 'learning_rate': 0.019946983000405042}. Best is trial 2 with value: 0.16931144893169403.
LOCAL_RANK: 0 - CUDA_VISIBLE_DEVICES: [0]
[I 2023-11-30 12:26:58,607] Trial 3 finished with value: 0.42609700560569763 and parameters: {'gradient_clip_val': 0.44399486642160013, 'hidden_size': 14, 'dropout': 0.3836866338037159, 'hidden_continuous_size': 12, 'attention_head_size': 4, 'learning_rate': 0.03101484738514633}. Best is trial 2 with value: 0.16931144893169403.
LOCAL_RANK: 0 - CUDA_VISIBLE_DEVICES: [0]
[I 2023-11-30 12:27:10,968] Trial 4 finished with value: 0.2172093391418457 and parameters: {'gradient_clip_val': 0.11267822280638368, 'hidden_size': 15, 'dropout': 0.21327116325483456, 'hidden_continuous_size': 13, 'attention_head_size': 2, 'learning_rate': 0.07707160669533879}. Best is trial 2 with value: 0.16931144893169403.
LOCAL_RANK: 0 - CUDA_VISIBLE_DEVICES: [0]
[I 2023-11-30 12:27:23,706] Trial 5 finished with value: 0.34703171253204346 and parameters: {'gradient_clip_val': 0.1353374361612764, 'hidden_size': 45, 'dropout': 0.20594130271847716, 'hidden_continuous_size': 11, 'attention_head_size': 1, 'learning_rate': 0.00910394828316959}. Best is trial 2 with value: 0.16931144893169403.
LOCAL_RANK: 0 - CUDA_VISIBLE_DEVICES: [0]
[I 2023-11-30 12:27:36,616] Trial 6 finished with value: 0.4710712432861328 and parameters: {'gradient_clip_val': 0.5988001765217801, 'hidden_size': 31, 'dropout': 0.32179771410166713, 'hidden_continuous_size': 22, 'attention_head_size': 4, 'learning_rate': 0.006962167501487862}. Best is trial 2 with value: 0.16931144893169403.
LOCAL_RANK: 0 - CUDA_VISIBLE_DEVICES: [0]
[I 2023-11-30 12:27:48,944] Trial 7 finished with value: 0.14692430198192596 and parameters: {'gradient_clip_val': 0.9712997279968361, 'hidden_size': 19, 'dropout': 0.21499683375446318, 'hidden_continuous_size': 11, 'attention_head_size': 3, 'learning_rate': 0.07821838716916725}. Best is trial 7 with value: 0.14692430198192596.
LOCAL_RANK: 0 - CUDA_VISIBLE_DEVICES: [0]
[I 2023-11-30 12:28:01,117] Trial 8 finished with value: 0.3855225741863251 and parameters: {'gradient_clip_val': 0.15410753452847778, 'hidden_size': 13, 'dropout': 0.3147766443293106, 'hidden_continuous_size': 10, 'attention_head_size': 2, 'learning_rate': 0.061932460931360477}. Best is trial 7 with value: 0.14692430198192596.
LOCAL_RANK: 0 - CUDA_VISIBLE_DEVICES: [0]
[I 2023-11-30 12:28:14,014] Trial 9 finished with value: 0.18966321647167206 and parameters: {'gradient_clip_val': 0.5657468106641634, 'hidden_size': 33, 'dropout': 0.3764093226920904, 'hidden_continuous_size': 18, 'attention_head_size': 2, 'learning_rate': 0.02305335564645666}. Best is trial 7 with value: 0.14692430198192596.
LOCAL_RANK: 0 - CUDA_VISIBLE_DEVICES: [0]
[I 2023-11-30 12:28:24,415] Trial 10 finished with value: 0.3461775481700897 and parameters: {'gradient_clip_val': 0.9809063126408162, 'hidden_size': 10, 'dropout': 0.12070027975009141, 'hidden_continuous_size': 10, 'attention_head_size': 3, 'learning_rate': 0.06783036484874172}. Best is trial 7 with value: 0.14692430198192596.
LOCAL_RANK: 0 - CUDA_VISIBLE_DEVICES: [0]
[I 2023-11-30 12:28:36,858] Trial 11 finished with value: 0.3241981565952301 and parameters: {'gradient_clip_val': 0.25427065960650275, 'hidden_size': 21, 'dropout': 0.181137104860878, 'hidden_continuous_size': 14, 'attention_head_size': 3, 'learning_rate': 0.023692684001789966}. Best is trial 7 with value: 0.14692430198192596.
LOCAL_RANK: 0 - CUDA_VISIBLE_DEVICES: [0]
[I 2023-11-30 12:28:47,164] Trial 12 finished with value: 0.13973908126354218 and parameters: {'gradient_clip_val': 0.24715491416894117, 'hidden_size': 24, 'dropout': 0.159273047355286, 'hidden_continuous_size': 24, 'attention_head_size': 3, 'learning_rate': 0.09265591293977685}. Best is trial 12 with value: 0.13973908126354218.
LOCAL_RANK: 0 - CUDA_VISIBLE_DEVICES: [0]
[I 2023-11-30 12:28:59,600] Trial 13 finished with value: 0.20603132247924805 and parameters: {'gradient_clip_val': 0.27346127228952827, 'hidden_size': 22, 'dropout': 0.15192838028661293, 'hidden_continuous_size': 16, 'attention_head_size': 3, 'learning_rate': 0.08961972943628478}. Best is trial 12 with value: 0.13973908126354218.
LOCAL_RANK: 0 - CUDA_VISIBLE_DEVICES: [0]
[I 2023-11-30 12:29:12,066] Trial 14 finished with value: 0.1698060780763626 and parameters: {'gradient_clip_val': 0.35627502791631127, 'hidden_size': 24, 'dropout': 0.15530021503435237, 'hidden_continuous_size': 18, 'attention_head_size': 4, 'learning_rate': 0.04313363757550574}. Best is trial 12 with value: 0.13973908126354218.
LOCAL_RANK: 0 - CUDA_VISIBLE_DEVICES: [0]
[I 2023-11-30 12:29:24,424] Trial 15 finished with value: 0.2750270366668701 and parameters: {'gradient_clip_val': 0.22927714499738674, 'hidden_size': 19, 'dropout': 0.10018758633601504, 'hidden_continuous_size': 12, 'attention_head_size': 3, 'learning_rate': 0.09683564879822816}. Best is trial 12 with value: 0.13973908126354218.
LOCAL_RANK: 0 - CUDA_VISIBLE_DEVICES: [0]
[I 2023-11-30 12:29:34,813] Trial 16 finished with value: 0.4948067367076874 and parameters: {'gradient_clip_val': 0.18689156191168396, 'hidden_size': 10, 'dropout': 0.17904360146845025, 'hidden_continuous_size': 10, 'attention_head_size': 3, 'learning_rate': 0.04554593385385195}. Best is trial 12 with value: 0.13973908126354218.
LOCAL_RANK: 0 - CUDA_VISIBLE_DEVICES: [0]
[I 2023-11-30 12:29:47,676] Trial 17 finished with value: 0.13885770738124847 and parameters: {'gradient_clip_val': 0.3338032568076594, 'hidden_size': 27, 'dropout': 0.2469576364840361, 'hidden_continuous_size': 25, 'attention_head_size': 4, 'learning_rate': 0.04081382927283829}. Best is trial 17 with value: 0.13885770738124847.
LOCAL_RANK: 0 - CUDA_VISIBLE_DEVICES: [0]
[I 2023-11-30 12:29:58,260] Trial 18 finished with value: 0.3080425262451172 and parameters: {'gradient_clip_val': 0.34585645005223825, 'hidden_size': 29, 'dropout': 0.24915931375073247, 'hidden_continuous_size': 29, 'attention_head_size': 4, 'learning_rate': 0.013609029402721363}. Best is trial 17 with value: 0.13885770738124847.
LOCAL_RANK: 0 - CUDA_VISIBLE_DEVICES: [0]
[I 2023-11-30 12:30:12,083] Trial 19 finished with value: 0.18015842139720917 and parameters: {'gradient_clip_val': 0.20079522894805732, 'hidden_size': 63, 'dropout': 0.1372146980450076, 'hidden_continuous_size': 37, 'attention_head_size': 4, 'learning_rate': 0.05170320070039793}. Best is trial 17 with value: 0.13885770738124847.
LOCAL_RANK: 0 - CUDA_VISIBLE_DEVICES: [0]
[I 2023-11-30 12:30:24,648] Trial 20 finished with value: 0.13095633685588837 and parameters: {'gradient_clip_val': 0.3170301478299379, 'hidden_size': 28, 'dropout': 0.17693960261942393, 'hidden_continuous_size': 21, 'attention_head_size': 4, 'learning_rate': 0.037687538041312564}. Best is trial 20 with value: 0.13095633685588837.
LOCAL_RANK: 0 - CUDA_VISIBLE_DEVICES: [0]
[I 2023-11-30 12:30:37,351] Trial 21 finished with value: 0.15190987288951874 and parameters: {'gradient_clip_val': 0.3015718880108199, 'hidden_size': 29, 'dropout': 0.17616502095228975, 'hidden_continuous_size': 21, 'attention_head_size': 4, 'learning_rate': 0.03894211841701841}. Best is trial 20 with value: 0.13095633685588837.
LOCAL_RANK: 0 - CUDA_VISIBLE_DEVICES: [0]
[I 2023-11-30 12:30:50,032] Trial 22 finished with value: 0.17447935044765472 and parameters: {'gradient_clip_val': 0.3200683368803905, 'hidden_size': 26, 'dropout': 0.18237817185810917, 'hidden_continuous_size': 21, 'attention_head_size': 4, 'learning_rate': 0.030229277925251638}. Best is trial 20 with value: 0.13095633685588837.
LOCAL_RANK: 0 - CUDA_VISIBLE_DEVICES: [0]
[I 2023-11-30 12:31:02,777] Trial 23 finished with value: 0.12404344230890274 and parameters: {'gradient_clip_val': 0.22642050798646302, 'hidden_size': 36, 'dropout': 0.12423467302253502, 'hidden_continuous_size': 25, 'attention_head_size': 4, 'learning_rate': 0.09952816281176209}. Best is trial 23 with value: 0.12404344230890274.
LOCAL_RANK: 0 - CUDA_VISIBLE_DEVICES: [0]
[I 2023-11-30 12:31:15,953] Trial 24 finished with value: 0.12182240933179855 and parameters: {'gradient_clip_val': 0.19749486870074978, 'hidden_size': 35, 'dropout': 0.12326854028965392, 'hidden_continuous_size': 27, 'attention_head_size': 4, 'learning_rate': 0.05371143430636978}. Best is trial 24 with value: 0.12182240933179855.
LOCAL_RANK: 0 - CUDA_VISIBLE_DEVICES: [0]
[I 2023-11-30 12:31:28,880] Trial 25 finished with value: 0.13405101001262665 and parameters: {'gradient_clip_val': 0.19561182347572525, 'hidden_size': 37, 'dropout': 0.11175697727887415, 'hidden_continuous_size': 30, 'attention_head_size': 4, 'learning_rate': 0.06110246928398339}. Best is trial 24 with value: 0.12182240933179855.
LOCAL_RANK: 0 - CUDA_VISIBLE_DEVICES: [0]
[I 2023-11-30 12:31:41,821] Trial 26 finished with value: 0.12981313467025757 and parameters: {'gradient_clip_val': 0.17556132853298992, 'hidden_size': 39, 'dropout': 0.13055826873672638, 'hidden_continuous_size': 28, 'attention_head_size': 4, 'learning_rate': 0.055131656516243355}. Best is trial 24 with value: 0.12182240933179855.
LOCAL_RANK: 0 - CUDA_VISIBLE_DEVICES: [0]
[I 2023-11-30 12:31:54,704] Trial 27 finished with value: 0.17272727191448212 and parameters: {'gradient_clip_val': 0.16407392103760685, 'hidden_size': 39, 'dropout': 0.12689604314714353, 'hidden_continuous_size': 30, 'attention_head_size': 4, 'learning_rate': 0.05683449901754468}. Best is trial 24 with value: 0.12182240933179855.
LOCAL_RANK: 0 - CUDA_VISIBLE_DEVICES: [0]
[I 2023-11-30 12:32:08,232] Trial 28 finished with value: 0.10290307551622391 and parameters: {'gradient_clip_val': 0.10363979422886571, 'hidden_size': 51, 'dropout': 0.13601752436594394, 'hidden_continuous_size': 36, 'attention_head_size': 3, 'learning_rate': 0.061328018929396835}. Best is trial 28 with value: 0.10290307551622391.
LOCAL_RANK: 0 - CUDA_VISIBLE_DEVICES: [0]
[I 2023-11-30 12:32:22,181] Trial 29 finished with value: 0.14906521141529083 and parameters: {'gradient_clip_val': 0.1016799652024388, 'hidden_size': 68, 'dropout': 0.10690439431200606, 'hidden_continuous_size': 50, 'attention_head_size': 3, 'learning_rate': 0.015032941709816526}. Best is trial 28 with value: 0.10290307551622391.
LOCAL_RANK: 0 - CUDA_VISIBLE_DEVICES: [0]
[I 2023-11-30 12:32:36,027] Trial 30 finished with value: 0.17590665817260742 and parameters: {'gradient_clip_val': 0.13772630812378245, 'hidden_size': 85, 'dropout': 0.13495629580625212, 'hidden_continuous_size': 37, 'attention_head_size': 2, 'learning_rate': 0.09941489305048581}. Best is trial 28 with value: 0.10290307551622391.
LOCAL_RANK: 0 - CUDA_VISIBLE_DEVICES: [0]
[I 2023-11-30 12:32:49,618] Trial 31 finished with value: 0.1465805321931839 and parameters: {'gradient_clip_val': 0.16222810325417064, 'hidden_size': 54, 'dropout': 0.12893454787937442, 'hidden_continuous_size': 35, 'attention_head_size': 4, 'learning_rate': 0.05897828964944473}. Best is trial 28 with value: 0.10290307551622391.
LOCAL_RANK: 0 - CUDA_VISIBLE_DEVICES: [0]
[I 2023-11-30 12:33:02,698] Trial 32 finished with value: 0.08488410711288452 and parameters: {'gradient_clip_val': 0.11867437152148366, 'hidden_size': 48, 'dropout': 0.10186889138669229, 'hidden_continuous_size': 27, 'attention_head_size': 4, 'learning_rate': 0.0628179502195221}. Best is trial 32 with value: 0.08488410711288452.
LOCAL_RANK: 0 - CUDA_VISIBLE_DEVICES: [0]
[I 2023-11-30 12:33:15,955] Trial 33 finished with value: 0.131217360496521 and parameters: {'gradient_clip_val': 0.12041422068254601, 'hidden_size': 52, 'dropout': 0.10755883850523013, 'hidden_continuous_size': 34, 'attention_head_size': 3, 'learning_rate': 0.06979221120008204}. Best is trial 32 with value: 0.08488410711288452.
LOCAL_RANK: 0 - CUDA_VISIBLE_DEVICES: [0]
[I 2023-11-30 12:33:29,357] Trial 34 finished with value: 0.10634750127792358 and parameters: {'gradient_clip_val': 0.1056963795819209, 'hidden_size': 46, 'dropout': 0.1456182134013615, 'hidden_continuous_size': 27, 'attention_head_size': 4, 'learning_rate': 0.029693472734968966}. Best is trial 32 with value: 0.08488410711288452.
LOCAL_RANK: 0 - CUDA_VISIBLE_DEVICES: [0]
[I 2023-11-30 12:33:42,419] Trial 35 finished with value: 0.07881462574005127 and parameters: {'gradient_clip_val': 0.11072471594133869, 'hidden_size': 47, 'dropout': 0.14509077811341098, 'hidden_continuous_size': 32, 'attention_head_size': 1, 'learning_rate': 0.029238409318253156}. Best is trial 35 with value: 0.07881462574005127.
LOCAL_RANK: 0 - CUDA_VISIBLE_DEVICES: [0]
[I 2023-11-30 12:33:55,154] Trial 36 finished with value: 0.1273089200258255 and parameters: {'gradient_clip_val': 0.10129173364416945, 'hidden_size': 44, 'dropout': 0.14741101128837109, 'hidden_continuous_size': 32, 'attention_head_size': 1, 'learning_rate': 0.03027570851762983}. Best is trial 35 with value: 0.07881462574005127.
LOCAL_RANK: 0 - CUDA_VISIBLE_DEVICES: [0]
[I 2023-11-30 12:34:08,199] Trial 37 finished with value: 0.10268480330705643 and parameters: {'gradient_clip_val': 0.11805085762743348, 'hidden_size': 48, 'dropout': 0.14466961470124876, 'hidden_continuous_size': 40, 'attention_head_size': 1, 'learning_rate': 0.018878511682492605}. Best is trial 35 with value: 0.07881462574005127.
LOCAL_RANK: 0 - CUDA_VISIBLE_DEVICES: [0]
[I 2023-11-30 12:34:21,894] Trial 38 finished with value: 0.10897944122552872 and parameters: {'gradient_clip_val': 0.1220778831233661, 'hidden_size': 74, 'dropout': 0.10132233785855656, 'hidden_continuous_size': 40, 'attention_head_size': 1, 'learning_rate': 0.01788368379530911}. Best is trial 35 with value: 0.07881462574005127.
LOCAL_RANK: 0 - CUDA_VISIBLE_DEVICES: [0]
[I 2023-11-30 12:34:35,547] Trial 39 finished with value: 0.4763662815093994 and parameters: {'gradient_clip_val': 0.1390815588387322, 'hidden_size': 50, 'dropout': 0.19435468164859487, 'hidden_continuous_size': 42, 'attention_head_size': 1, 'learning_rate': 0.0046017436215156585}. Best is trial 35 with value: 0.07881462574005127.
LOCAL_RANK: 0 - CUDA_VISIBLE_DEVICES: [0]
[I 2023-11-30 12:34:48,982] Trial 40 finished with value: 0.14233800768852234 and parameters: {'gradient_clip_val': 0.12088074375427911, 'hidden_size': 60, 'dropout': 0.1633208200921447, 'hidden_continuous_size': 45, 'attention_head_size': 1, 'learning_rate': 0.0212888083116626}. Best is trial 35 with value: 0.07881462574005127.
LOCAL_RANK: 0 - CUDA_VISIBLE_DEVICES: [0]
[I 2023-11-30 12:35:01,879] Trial 41 finished with value: 0.15139341354370117 and parameters: {'gradient_clip_val': 0.11083450065504834, 'hidden_size': 47, 'dropout': 0.14677863841262773, 'hidden_continuous_size': 32, 'attention_head_size': 1, 'learning_rate': 0.029728000410253978}. Best is trial 35 with value: 0.07881462574005127.
LOCAL_RANK: 0 - CUDA_VISIBLE_DEVICES: [0]
[I 2023-11-30 12:35:14,835] Trial 42 finished with value: 0.21072395145893097 and parameters: {'gradient_clip_val': 0.14058787058540181, 'hidden_size': 42, 'dropout': 0.14009013610610477, 'hidden_continuous_size': 32, 'attention_head_size': 2, 'learning_rate': 0.026323324585421363}. Best is trial 35 with value: 0.07881462574005127.
LOCAL_RANK: 0 - CUDA_VISIBLE_DEVICES: [0]
[I 2023-11-30 12:35:27,776] Trial 43 finished with value: 0.2381175309419632 and parameters: {'gradient_clip_val': 0.10958544451039708, 'hidden_size': 52, 'dropout': 0.16315564872037358, 'hidden_continuous_size': 27, 'attention_head_size': 2, 'learning_rate': 0.0368235558276136}. Best is trial 35 with value: 0.07881462574005127.
LOCAL_RANK: 0 - CUDA_VISIBLE_DEVICES: [0]
[I 2023-11-30 12:35:41,135] Trial 44 finished with value: 0.14527393877506256 and parameters: {'gradient_clip_val': 0.12963235199593637, 'hidden_size': 46, 'dropout': 0.2032239431446941, 'hidden_continuous_size': 36, 'attention_head_size': 1, 'learning_rate': 0.03485042481131445}. Best is trial 35 with value: 0.07881462574005127.
LOCAL_RANK: 0 - CUDA_VISIBLE_DEVICES: [0]
