[I 2023-11-30 11:08:31,527] Trial 89 finished with value: 0.15240980684757233 and parameters: {'gradient_clip_val': 0.7511895786003288, 'hidden_size': 91, 'dropout': 0.36218361156379414, 'hidden_continuous_size': 33, 'attention_head_size': 1, 'learning_rate': 0.07761585420566533}. Best is trial 36 with value: 0.10053489357233047.
LOCAL_RANK: 0 - CUDA_VISIBLE_DEVICES: [0]
[I 2023-11-30 11:08:45,395] Trial 90 finished with value: 0.2025163769721985 and parameters: {'gradient_clip_val': 0.837679582113013, 'hidden_size': 107, 'dropout': 0.3399427314209806, 'hidden_continuous_size': 31, 'attention_head_size': 1, 'learning_rate': 0.07322404485399886}. Best is trial 36 with value: 0.10053489357233047.
LOCAL_RANK: 0 - CUDA_VISIBLE_DEVICES: [0]
[I 2023-11-30 11:08:59,468] Trial 91 finished with value: 0.14121641218662262 and parameters: {'gradient_clip_val': 0.8902306644756732, 'hidden_size': 115, 'dropout': 0.34958465432750807, 'hidden_continuous_size': 27, 'attention_head_size': 1, 'learning_rate': 0.037654728261295255}. Best is trial 36 with value: 0.10053489357233047.
LOCAL_RANK: 0 - CUDA_VISIBLE_DEVICES: [0]
[I 2023-11-30 11:09:13,255] Trial 92 finished with value: 0.14961983263492584 and parameters: {'gradient_clip_val': 0.9743321049547495, 'hidden_size': 103, 'dropout': 0.332074559833771, 'hidden_continuous_size': 29, 'attention_head_size': 1, 'learning_rate': 0.09102357635184205}. Best is trial 36 with value: 0.10053489357233047.
LOCAL_RANK: 0 - CUDA_VISIBLE_DEVICES: [0]
[I 2023-11-30 11:09:27,357] Trial 93 finished with value: 0.33389973640441895 and parameters: {'gradient_clip_val': 0.7792502694886607, 'hidden_size': 127, 'dropout': 0.3226097150065902, 'hidden_continuous_size': 37, 'attention_head_size': 1, 'learning_rate': 0.06316600331498441}. Best is trial 36 with value: 0.10053489357233047.
LOCAL_RANK: 0 - CUDA_VISIBLE_DEVICES: [0]
[I 2023-11-30 11:09:41,608] Trial 94 finished with value: 0.10403677076101303 and parameters: {'gradient_clip_val': 0.8927079168836196, 'hidden_size': 142, 'dropout': 0.37278246476001375, 'hidden_continuous_size': 43, 'attention_head_size': 1, 'learning_rate': 0.05170574687086146}. Best is trial 36 with value: 0.10053489357233047.
LOCAL_RANK: 0 - CUDA_VISIBLE_DEVICES: [0]
[I 2023-11-30 11:09:55,757] Trial 95 finished with value: 0.15134717524051666 and parameters: {'gradient_clip_val': 0.8983063017517045, 'hidden_size': 137, 'dropout': 0.3694567781978811, 'hidden_continuous_size': 39, 'attention_head_size': 1, 'learning_rate': 0.08363057399034947}. Best is trial 36 with value: 0.10053489357233047.
LOCAL_RANK: 0 - CUDA_VISIBLE_DEVICES: [0]
[I 2023-11-30 11:10:09,831] Trial 96 finished with value: 0.10875225812196732 and parameters: {'gradient_clip_val': 0.8576936847942324, 'hidden_size': 128, 'dropout': 0.375903708436214, 'hidden_continuous_size': 43, 'attention_head_size': 1, 'learning_rate': 0.053009469849156034}. Best is trial 36 with value: 0.10053489357233047.
LOCAL_RANK: 0 - CUDA_VISIBLE_DEVICES: [0]
[I 2023-11-30 11:10:24,131] Trial 97 finished with value: 0.12076685577630997 and parameters: {'gradient_clip_val': 0.854749564453644, 'hidden_size': 143, 'dropout': 0.37582250783903504, 'hidden_continuous_size': 47, 'attention_head_size': 1, 'learning_rate': 0.06698010340499616}. Best is trial 36 with value: 0.10053489357233047.
LOCAL_RANK: 0 - CUDA_VISIBLE_DEVICES: [0]
[I 2023-11-30 11:10:38,266] Trial 98 finished with value: 0.3057561218738556 and parameters: {'gradient_clip_val': 0.9662500165692709, 'hidden_size': 129, 'dropout': 0.38926423195379756, 'hidden_continuous_size': 35, 'attention_head_size': 1, 'learning_rate': 0.053269728016115646}. Best is trial 36 with value: 0.10053489357233047.
LOCAL_RANK: 0 - CUDA_VISIBLE_DEVICES: [0]
[I 2023-11-30 11:10:52,419] Trial 99 finished with value: 0.15352118015289307 and parameters: {'gradient_clip_val': 0.8651289758320607, 'hidden_size': 143, 'dropout': 0.3632259204336974, 'hidden_continuous_size': 44, 'attention_head_size': 1, 'learning_rate': 0.0985433080744333}. Best is trial 36 with value: 0.10053489357233047.
LOCAL_RANK: 0 - CUDA_VISIBLE_DEVICES: [0]
[I 2023-11-30 11:11:06,321] Trial 100 finished with value: 0.16512340307235718 and parameters: {'gradient_clip_val': 0.9994968343685833, 'hidden_size': 118, 'dropout': 0.3573241774042197, 'hidden_continuous_size': 32, 'attention_head_size': 1, 'learning_rate': 0.08105589509940411}. Best is trial 36 with value: 0.10053489357233047.
LOCAL_RANK: 0 - CUDA_VISIBLE_DEVICES: [0]
[I 2023-11-30 11:11:20,533] Trial 101 finished with value: 0.21805882453918457 and parameters: {'gradient_clip_val': 0.8023608204385613, 'hidden_size': 127, 'dropout': 0.37400416674146086, 'hidden_continuous_size': 36, 'attention_head_size': 1, 'learning_rate': 0.042506746506237376}. Best is trial 36 with value: 0.10053489357233047.
LOCAL_RANK: 0 - CUDA_VISIBLE_DEVICES: [0]
[I 2023-11-30 11:11:34,497] Trial 102 finished with value: 0.07868123799562454 and parameters: {'gradient_clip_val': 0.7216051682249129, 'hidden_size': 109, 'dropout': 0.38591492946092654, 'hidden_continuous_size': 42, 'attention_head_size': 1, 'learning_rate': 0.05135078745752109}. Best is trial 102 with value: 0.07868123799562454.
LOCAL_RANK: 0 - CUDA_VISIBLE_DEVICES: [0]
[I 2023-11-30 11:11:48,670] Trial 103 finished with value: 0.3089537024497986 and parameters: {'gradient_clip_val': 0.6931519233303532, 'hidden_size': 137, 'dropout': 0.3873481814713551, 'hidden_continuous_size': 42, 'attention_head_size': 1, 'learning_rate': 0.06292002285631271}. Best is trial 102 with value: 0.07868123799562454.
LOCAL_RANK: 0 - CUDA_VISIBLE_DEVICES: [0]
[I 2023-11-30 11:12:03,015] Trial 104 finished with value: 0.14553546905517578 and parameters: {'gradient_clip_val': 0.7463240137721624, 'hidden_size': 150, 'dropout': 0.3696276514193549, 'hidden_continuous_size': 37, 'attention_head_size': 1, 'learning_rate': 0.053565924193100085}. Best is trial 102 with value: 0.07868123799562454.
LOCAL_RANK: 0 - CUDA_VISIBLE_DEVICES: [0]
[I 2023-11-30 11:12:16,979] Trial 105 finished with value: 0.11411131173372269 and parameters: {'gradient_clip_val': 0.8963807471294751, 'hidden_size': 110, 'dropout': 0.36328872547213176, 'hidden_continuous_size': 39, 'attention_head_size': 1, 'learning_rate': 0.07226927169188654}. Best is trial 102 with value: 0.07868123799562454.
LOCAL_RANK: 0 - CUDA_VISIBLE_DEVICES: [0]
[I 2023-11-30 11:12:31,164] Trial 106 finished with value: 0.18754035234451294 and parameters: {'gradient_clip_val': 0.9155682666029523, 'hidden_size': 124, 'dropout': 0.36496287262848487, 'hidden_continuous_size': 52, 'attention_head_size': 1, 'learning_rate': 0.038307719646415384}. Best is trial 102 with value: 0.07868123799562454.
LOCAL_RANK: 0 - CUDA_VISIBLE_DEVICES: [0]
[I 2023-11-30 11:12:44,952] Trial 107 finished with value: 0.1217363104224205 and parameters: {'gradient_clip_val': 0.7176973468674624, 'hidden_size': 116, 'dropout': 0.3998805648166966, 'hidden_continuous_size': 40, 'attention_head_size': 1, 'learning_rate': 0.07144508377845525}. Best is trial 102 with value: 0.07868123799562454.
LOCAL_RANK: 0 - CUDA_VISIBLE_DEVICES: [0]
[I 2023-11-30 11:12:58,765] Trial 108 finished with value: 0.22857820987701416 and parameters: {'gradient_clip_val': 0.8316755636642263, 'hidden_size': 109, 'dropout': 0.35632277793963907, 'hidden_continuous_size': 34, 'attention_head_size': 1, 'learning_rate': 0.05060975707956053}. Best is trial 102 with value: 0.07868123799562454.
LOCAL_RANK: 0 - CUDA_VISIBLE_DEVICES: [0]
[I 2023-11-30 11:13:12,728] Trial 109 finished with value: 0.17770619690418243 and parameters: {'gradient_clip_val': 0.9550200146392039, 'hidden_size': 132, 'dropout': 0.386591833383759, 'hidden_continuous_size': 38, 'attention_head_size': 1, 'learning_rate': 0.06082926873272347}. Best is trial 102 with value: 0.07868123799562454.
LOCAL_RANK: 0 - CUDA_VISIBLE_DEVICES: [0]
[I 2023-11-30 11:13:26,936] Trial 110 finished with value: 0.24789662659168243 and parameters: {'gradient_clip_val': 0.76755047428028, 'hidden_size': 141, 'dropout': 0.3456095166913827, 'hidden_continuous_size': 50, 'attention_head_size': 1, 'learning_rate': 0.04428966744448748}. Best is trial 102 with value: 0.07868123799562454.
LOCAL_RANK: 0 - CUDA_VISIBLE_DEVICES: [0]
[I 2023-11-30 11:13:41,020] Trial 111 finished with value: 0.16846494376659393 and parameters: {'gradient_clip_val': 0.8823262148006923, 'hidden_size': 108, 'dropout': 0.35439020148693623, 'hidden_continuous_size': 34, 'attention_head_size': 1, 'learning_rate': 0.07786808822498126}. Best is trial 102 with value: 0.07868123799562454.
LOCAL_RANK: 0 - CUDA_VISIBLE_DEVICES: [0]
[I 2023-11-30 11:13:54,967] Trial 112 finished with value: 0.2056203931570053 and parameters: {'gradient_clip_val': 0.9172281367954996, 'hidden_size': 119, 'dropout': 0.3651014664000035, 'hidden_continuous_size': 32, 'attention_head_size': 1, 'learning_rate': 0.056202218769694105}. Best is trial 102 with value: 0.07868123799562454.
LOCAL_RANK: 0 - CUDA_VISIBLE_DEVICES: [0]
[I 2023-11-30 11:14:08,792] Trial 113 finished with value: 0.08493711799383163 and parameters: {'gradient_clip_val': 0.8626871541861645, 'hidden_size': 124, 'dropout': 0.37417141332541143, 'hidden_continuous_size': 36, 'attention_head_size': 1, 'learning_rate': 0.08843636583734842}. Best is trial 102 with value: 0.07868123799562454.
LOCAL_RANK: 0 - CUDA_VISIBLE_DEVICES: [0]
[I 2023-11-30 11:14:22,909] Trial 114 finished with value: 0.14208461344242096 and parameters: {'gradient_clip_val': 0.8224968144827292, 'hidden_size': 127, 'dropout': 0.37278599267017815, 'hidden_continuous_size': 43, 'attention_head_size': 1, 'learning_rate': 0.09255109477278736}. Best is trial 102 with value: 0.07868123799562454.
LOCAL_RANK: 0 - CUDA_VISIBLE_DEVICES: [0]
[I 2023-11-30 11:14:36,783] Trial 115 finished with value: 0.13820280134677887 and parameters: {'gradient_clip_val': 0.6818739492190045, 'hidden_size': 132, 'dropout': 0.38039669433204154, 'hidden_continuous_size': 41, 'attention_head_size': 1, 'learning_rate': 0.06771336770779302}. Best is trial 102 with value: 0.07868123799562454.
LOCAL_RANK: 0 - CUDA_VISIBLE_DEVICES: [0]
[I 2023-11-30 11:14:51,081] Trial 116 finished with value: 0.23813529312610626 and parameters: {'gradient_clip_val': 0.9504250279756697, 'hidden_size': 123, 'dropout': 0.3621112500998123, 'hidden_continuous_size': 38, 'attention_head_size': 1, 'learning_rate': 0.08680249473916211}. Best is trial 102 with value: 0.07868123799562454.
LOCAL_RANK: 0 - CUDA_VISIBLE_DEVICES: [0]
[I 2023-11-30 11:15:05,023] Trial 117 finished with value: 0.11758535355329514 and parameters: {'gradient_clip_val': 0.7961308967859761, 'hidden_size': 95, 'dropout': 0.39378313283315014, 'hidden_continuous_size': 36, 'attention_head_size': 1, 'learning_rate': 0.03134021598673325}. Best is trial 102 with value: 0.07868123799562454.
LOCAL_RANK: 0 - CUDA_VISIBLE_DEVICES: [0]
[I 2023-11-30 11:15:19,016] Trial 118 finished with value: 0.137283593416214 and parameters: {'gradient_clip_val': 0.9071172087834531, 'hidden_size': 111, 'dropout': 0.3803270420671219, 'hidden_continuous_size': 43, 'attention_head_size': 1, 'learning_rate': 0.048651075256917996}. Best is trial 102 with value: 0.07868123799562454.
LOCAL_RANK: 0 - CUDA_VISIBLE_DEVICES: [0]
[I 2023-11-30 11:15:33,321] Trial 119 finished with value: 0.2509503662586212 and parameters: {'gradient_clip_val': 0.633902019108381, 'hidden_size': 149, 'dropout': 0.3752330204177253, 'hidden_continuous_size': 29, 'attention_head_size': 1, 'learning_rate': 0.06455049154171633}. Best is trial 102 with value: 0.07868123799562454.
LOCAL_RANK: 0 - CUDA_VISIBLE_DEVICES: [0]
[I 2023-11-30 11:15:47,292] Trial 120 finished with value: 0.21539407968521118 and parameters: {'gradient_clip_val': 0.8511002964289098, 'hidden_size': 117, 'dropout': 0.36881853309934687, 'hidden_continuous_size': 39, 'attention_head_size': 1, 'learning_rate': 0.05543861656900695}. Best is trial 102 with value: 0.07868123799562454.
LOCAL_RANK: 0 - CUDA_VISIBLE_DEVICES: [0]
[I 2023-11-30 11:16:01,219] Trial 121 finished with value: 0.16118808090686798 and parameters: {'gradient_clip_val': 0.9969415103217021, 'hidden_size': 105, 'dropout': 0.3502105575238165, 'hidden_continuous_size': 32, 'attention_head_size': 1, 'learning_rate': 0.07762751850834404}. Best is trial 102 with value: 0.07868123799562454.
LOCAL_RANK: 0 - CUDA_VISIBLE_DEVICES: [0]
[I 2023-11-30 11:16:15,385] Trial 122 finished with value: 0.20227043330669403 and parameters: {'gradient_clip_val': 0.7822639839603736, 'hidden_size': 137, 'dropout': 0.3410471540328932, 'hidden_continuous_size': 26, 'attention_head_size': 1, 'learning_rate': 0.0721980975993207}. Best is trial 102 with value: 0.07868123799562454.
LOCAL_RANK: 0 - CUDA_VISIBLE_DEVICES: [0]
[I 2023-11-30 11:16:28,918] Trial 123 finished with value: 0.2503834068775177 and parameters: {'gradient_clip_val': 0.8607590804877105, 'hidden_size': 88, 'dropout': 0.38476756257023326, 'hidden_continuous_size': 30, 'attention_head_size': 1, 'learning_rate': 0.05996542883498537}. Best is trial 102 with value: 0.07868123799562454.
LOCAL_RANK: 0 - CUDA_VISIBLE_DEVICES: [0]
[I 2023-11-30 11:16:42,776] Trial 124 finished with value: 0.25902122259140015 and parameters: {'gradient_clip_val': 0.8838113732916059, 'hidden_size': 101, 'dropout': 0.36038703826843016, 'hidden_continuous_size': 35, 'attention_head_size': 1, 'learning_rate': 0.08597150176642156}. Best is trial 102 with value: 0.07868123799562454.
LOCAL_RANK: 0 - CUDA_VISIBLE_DEVICES: [0]
[I 2023-11-30 11:16:56,522] Trial 125 finished with value: 0.30794021487236023 and parameters: {'gradient_clip_val': 0.946111078103968, 'hidden_size': 95, 'dropout': 0.37606045097245777, 'hidden_continuous_size': 41, 'attention_head_size': 1, 'learning_rate': 0.07002331985636978}. Best is trial 102 with value: 0.07868123799562454.
LOCAL_RANK: 0 - CUDA_VISIBLE_DEVICES: [0]
[I 2023-11-30 11:17:10,662] Trial 126 finished with value: 0.15282182395458221 and parameters: {'gradient_clip_val': 0.8118745577670423, 'hidden_size': 115, 'dropout': 0.34584067211671415, 'hidden_continuous_size': 45, 'attention_head_size': 1, 'learning_rate': 0.04317157810518838}. Best is trial 102 with value: 0.07868123799562454.
LOCAL_RANK: 0 - CUDA_VISIBLE_DEVICES: [0]
[I 2023-11-30 11:17:24,715] Trial 127 finished with value: 0.12033823877573013 and parameters: {'gradient_clip_val': 0.72358131677795, 'hidden_size': 124, 'dropout': 0.35428270755459595, 'hidden_continuous_size': 33, 'attention_head_size': 1, 'learning_rate': 0.09861087648055204}. Best is trial 102 with value: 0.07868123799562454.
LOCAL_RANK: 0 - CUDA_VISIBLE_DEVICES: [0]
[I 2023-11-30 11:17:37,947] Trial 128 finished with value: 0.24025587737560272 and parameters: {'gradient_clip_val': 0.9174892097317823, 'hidden_size': 76, 'dropout': 0.39470839525178303, 'hidden_continuous_size': 13, 'attention_head_size': 1, 'learning_rate': 0.05291813272069379}. Best is trial 102 with value: 0.07868123799562454.
LOCAL_RANK: 0 - CUDA_VISIBLE_DEVICES: [0]
[I 2023-11-30 11:17:52,109] Trial 129 finished with value: 0.1432856321334839 and parameters: {'gradient_clip_val': 0.8726475492308453, 'hidden_size': 133, 'dropout': 0.33765689160637513, 'hidden_continuous_size': 37, 'attention_head_size': 1, 'learning_rate': 0.08131938506683321}. Best is trial 102 with value: 0.07868123799562454.
LOCAL_RANK: 0 - CUDA_VISIBLE_DEVICES: [0]
[I 2023-11-30 11:18:06,671] Trial 130 finished with value: 0.2372940331697464 and parameters: {'gradient_clip_val': 0.7590990197648927, 'hidden_size': 142, 'dropout': 0.3689662066044996, 'hidden_continuous_size': 46, 'attention_head_size': 4, 'learning_rate': 0.03873088886202543}. Best is trial 102 with value: 0.07868123799562454.
LOCAL_RANK: 0 - CUDA_VISIBLE_DEVICES: [0]
[I 2023-11-30 11:18:20,628] Trial 131 finished with value: 0.2339928150177002 and parameters: {'gradient_clip_val': 0.8272546111363361, 'hidden_size': 83, 'dropout': 0.3884080367944498, 'hidden_continuous_size': 36, 'attention_head_size': 1, 'learning_rate': 0.031500214909514185}. Best is trial 102 with value: 0.07868123799562454.
LOCAL_RANK: 0 - CUDA_VISIBLE_DEVICES: [0]
[I 2023-11-30 11:18:34,397] Trial 132 finished with value: 0.11398474127054214 and parameters: {'gradient_clip_val': 0.7976052788420164, 'hidden_size': 90, 'dropout': 0.3941376882357668, 'hidden_continuous_size': 39, 'attention_head_size': 1, 'learning_rate': 0.029142633895266563}. Best is trial 102 with value: 0.07868123799562454.
LOCAL_RANK: 0 - CUDA_VISIBLE_DEVICES: [0]
[I 2023-11-30 11:18:48,011] Trial 133 finished with value: 0.16212235391139984 and parameters: {'gradient_clip_val': 0.9627434535994145, 'hidden_size': 92, 'dropout': 0.39308364931588846, 'hidden_continuous_size': 39, 'attention_head_size': 1, 'learning_rate': 0.02625857452800528}. Best is trial 102 with value: 0.07868123799562454.
LOCAL_RANK: 0 - CUDA_VISIBLE_DEVICES: [0]
[I 2023-11-30 11:19:01,944] Trial 134 finished with value: 0.09764403104782104 and parameters: {'gradient_clip_val': 0.8870613569476926, 'hidden_size': 105, 'dropout': 0.3749784257543893, 'hidden_continuous_size': 41, 'attention_head_size': 1, 'learning_rate': 0.03638236901163692}. Best is trial 102 with value: 0.07868123799562454.
LOCAL_RANK: 0 - CUDA_VISIBLE_DEVICES: [0]
[I 2023-11-30 11:19:15,753] Trial 135 finished with value: 0.22055178880691528 and parameters: {'gradient_clip_val': 0.670219477499213, 'hidden_size': 87, 'dropout': 0.3828984681330057, 'hidden_continuous_size': 41, 'attention_head_size': 1, 'learning_rate': 0.023051782772772676}. Best is trial 102 with value: 0.07868123799562454.
LOCAL_RANK: 0 - CUDA_VISIBLE_DEVICES: [0]
[I 2023-11-30 11:19:29,571] Trial 136 finished with value: 0.21917273104190826 and parameters: {'gradient_clip_val': 0.6000014311101457, 'hidden_size': 80, 'dropout': 0.3804591632590659, 'hidden_continuous_size': 39, 'attention_head_size': 1, 'learning_rate': 0.029464148400375006}. Best is trial 102 with value: 0.07868123799562454.
LOCAL_RANK: 0 - CUDA_VISIBLE_DEVICES: [0]
[I 2023-11-30 11:19:42,942] Trial 137 finished with value: 0.2675941586494446 and parameters: {'gradient_clip_val': 0.46746098988633145, 'hidden_size': 71, 'dropout': 0.3741001265356333, 'hidden_continuous_size': 25, 'attention_head_size': 1, 'learning_rate': 0.03428685071254883}. Best is trial 102 with value: 0.07868123799562454.
LOCAL_RANK: 0 - CUDA_VISIBLE_DEVICES: [0]
[I 2023-11-30 11:19:56,895] Trial 138 finished with value: 0.1875411421060562 and parameters: {'gradient_clip_val': 0.9110147184027824, 'hidden_size': 100, 'dropout': 0.36727738693187956, 'hidden_continuous_size': 45, 'attention_head_size': 1, 'learning_rate': 0.04081480406442551}. Best is trial 102 with value: 0.07868123799562454.
LOCAL_RANK: 0 - CUDA_VISIBLE_DEVICES: [0]
[I 2023-11-30 11:20:10,859] Trial 139 finished with value: 0.11059266328811646 and parameters: {'gradient_clip_val': 0.8260862496382224, 'hidden_size': 110, 'dropout': 0.39967162603489403, 'hidden_continuous_size': 42, 'attention_head_size': 1, 'learning_rate': 0.04697791628625264}. Best is trial 102 with value: 0.07868123799562454.
LOCAL_RANK: 0 - CUDA_VISIBLE_DEVICES: [0]
[I 2023-11-30 11:20:24,933] Trial 140 finished with value: 0.10272832959890366 and parameters: {'gradient_clip_val': 0.7440002652712366, 'hidden_size': 119, 'dropout': 0.39794089345863826, 'hidden_continuous_size': 42, 'attention_head_size': 1, 'learning_rate': 0.03547683545070587}. Best is trial 102 with value: 0.07868123799562454.
LOCAL_RANK: 0 - CUDA_VISIBLE_DEVICES: [0]
[I 2023-11-30 11:20:39,061] Trial 141 finished with value: 0.1310911327600479 and parameters: {'gradient_clip_val': 0.7154468073975291, 'hidden_size': 120, 'dropout': 0.3940940112857953, 'hidden_continuous_size': 43, 'attention_head_size': 1, 'learning_rate': 0.036836981385484864}. Best is trial 102 with value: 0.07868123799562454.
LOCAL_RANK: 0 - CUDA_VISIBLE_DEVICES: [0]
[I 2023-11-30 11:20:53,219] Trial 142 finished with value: 0.18401122093200684 and parameters: {'gradient_clip_val': 0.7543786404013072, 'hidden_size': 129, 'dropout': 0.39911970490377197, 'hidden_continuous_size': 46, 'attention_head_size': 1, 'learning_rate': 0.04517830649820184}. Best is trial 102 with value: 0.07868123799562454.
LOCAL_RANK: 0 - CUDA_VISIBLE_DEVICES: [0]
[I 2023-11-30 11:21:07,558] Trial 143 finished with value: 0.34922775626182556 and parameters: {'gradient_clip_val': 0.7921520298894466, 'hidden_size': 142, 'dropout': 0.3866079503506383, 'hidden_continuous_size': 48, 'attention_head_size': 1, 'learning_rate': 0.048564149544369044}. Best is trial 102 with value: 0.07868123799562454.
LOCAL_RANK: 0 - CUDA_VISIBLE_DEVICES: [0]
[I 2023-11-30 11:21:21,444] Trial 144 finished with value: 0.18440520763397217 and parameters: {'gradient_clip_val': 0.8321205613161115, 'hidden_size': 112, 'dropout': 0.388841400459631, 'hidden_continuous_size': 42, 'attention_head_size': 1, 'learning_rate': 0.03457850356780755}. Best is trial 102 with value: 0.07868123799562454.
LOCAL_RANK: 0 - CUDA_VISIBLE_DEVICES: [0]
[I 2023-11-30 11:21:35,252] Trial 145 finished with value: 0.1112661361694336 and parameters: {'gradient_clip_val': 0.8476416014166298, 'hidden_size': 104, 'dropout': 0.38064062046772634, 'hidden_continuous_size': 43, 'attention_head_size': 1, 'learning_rate': 0.029227968512422563}. Best is trial 102 with value: 0.07868123799562454.
LOCAL_RANK: 0 - CUDA_VISIBLE_DEVICES: [0]
[I 2023-11-30 11:21:49,372] Trial 146 finished with value: 0.327574223279953 and parameters: {'gradient_clip_val': 0.9518305187666739, 'hidden_size': 106, 'dropout': 0.3807160293269273, 'hidden_continuous_size': 43, 'attention_head_size': 1, 'learning_rate': 0.04136495072081425}. Best is trial 102 with value: 0.07868123799562454.
LOCAL_RANK: 0 - CUDA_VISIBLE_DEVICES: [0]
