[I 2023-11-30 04:05:59,833] Trial 36 finished with value: 2634.275634765625 and parameters: {'gradient_clip_val': 0.29598595336682076, 'hidden_size': 97, 'dropout': 0.11950518397866064, 'hidden_continuous_size': 70, 'attention_head_size': 4, 'learning_rate': 0.0011706974009747368}. Best is trial 23 with value: 2195.619140625.
LOCAL_RANK: 0 - CUDA_VISIBLE_DEVICES: [0]
[I 2023-11-30 04:06:14,653] Trial 37 finished with value: 2209.132568359375 and parameters: {'gradient_clip_val': 0.37433444199811944, 'hidden_size': 130, 'dropout': 0.10941948354374016, 'hidden_continuous_size': 119, 'attention_head_size': 3, 'learning_rate': 0.0017269804577524602}. Best is trial 23 with value: 2195.619140625.
LOCAL_RANK: 0 - CUDA_VISIBLE_DEVICES: [0]
[I 2023-11-30 04:06:28,596] Trial 38 finished with value: 2753.5791015625 and parameters: {'gradient_clip_val': 0.42887962879379093, 'hidden_size': 79, 'dropout': 0.11204424123366752, 'hidden_continuous_size': 56, 'attention_head_size': 3, 'learning_rate': 0.0018508615549913256}. Best is trial 23 with value: 2195.619140625.
LOCAL_RANK: 0 - CUDA_VISIBLE_DEVICES: [0]
[I 2023-11-30 04:06:42,639] Trial 39 finished with value: 2777.293701171875 and parameters: {'gradient_clip_val': 0.2733934576960559, 'hidden_size': 97, 'dropout': 0.12184650424505405, 'hidden_continuous_size': 82, 'attention_head_size': 1, 'learning_rate': 0.0012897707045327193}. Best is trial 23 with value: 2195.619140625.
LOCAL_RANK: 0 - CUDA_VISIBLE_DEVICES: [0]
[I 2023-11-30 04:06:56,482] Trial 40 finished with value: 3303.220703125 and parameters: {'gradient_clip_val': 0.22442955512625967, 'hidden_size': 65, 'dropout': 0.11739482216640845, 'hidden_continuous_size': 54, 'attention_head_size': 3, 'learning_rate': 0.0010176081241968634}. Best is trial 23 with value: 2195.619140625.
LOCAL_RANK: 0 - CUDA_VISIBLE_DEVICES: [0]
[I 2023-11-30 04:07:11,084] Trial 41 finished with value: 2132.824951171875 and parameters: {'gradient_clip_val': 0.3704338435478716, 'hidden_size': 130, 'dropout': 0.14091505537314825, 'hidden_continuous_size': 120, 'attention_head_size': 4, 'learning_rate': 0.0015663284916165462}. Best is trial 41 with value: 2132.824951171875.
LOCAL_RANK: 0 - CUDA_VISIBLE_DEVICES: [0]
[I 2023-11-30 04:07:26,036] Trial 42 finished with value: 2473.35107421875 and parameters: {'gradient_clip_val': 0.30902011328071327, 'hidden_size': 148, 'dropout': 0.13824129708980434, 'hidden_continuous_size': 128, 'attention_head_size': 4, 'learning_rate': 0.0013772784542243604}. Best is trial 41 with value: 2132.824951171875.
LOCAL_RANK: 0 - CUDA_VISIBLE_DEVICES: [0]
[I 2023-11-30 04:07:40,842] Trial 43 finished with value: 2265.055419921875 and parameters: {'gradient_clip_val': 0.4734973033392782, 'hidden_size': 126, 'dropout': 0.11284695754303041, 'hidden_continuous_size': 101, 'attention_head_size': 4, 'learning_rate': 0.001961314864521095}. Best is trial 41 with value: 2132.824951171875.
LOCAL_RANK: 0 - CUDA_VISIBLE_DEVICES: [0]
[I 2023-11-30 04:07:55,226] Trial 44 finished with value: 2274.971435546875 and parameters: {'gradient_clip_val': 0.3554316077487228, 'hidden_size': 87, 'dropout': 0.17235187652116118, 'hidden_continuous_size': 66, 'attention_head_size': 4, 'learning_rate': 0.0025878434188631454}. Best is trial 41 with value: 2132.824951171875.
LOCAL_RANK: 0 - CUDA_VISIBLE_DEVICES: [0]
[I 2023-11-30 04:08:09,715] Trial 45 finished with value: 2560.553466796875 and parameters: {'gradient_clip_val': 0.3929360235579917, 'hidden_size': 106, 'dropout': 0.14808963827890212, 'hidden_continuous_size': 91, 'attention_head_size': 3, 'learning_rate': 0.001400701434703973}. Best is trial 41 with value: 2132.824951171875.
LOCAL_RANK: 0 - CUDA_VISIBLE_DEVICES: [0]
[I 2023-11-30 04:08:24,384] Trial 46 finished with value: 2226.018798828125 and parameters: {'gradient_clip_val': 0.31419134203719024, 'hidden_size': 136, 'dropout': 0.1616922674580133, 'hidden_continuous_size': 116, 'attention_head_size': 4, 'learning_rate': 0.0024060621539288805}. Best is trial 41 with value: 2132.824951171875.
LOCAL_RANK: 0 - CUDA_VISIBLE_DEVICES: [0]
[I 2023-11-30 04:08:39,368] Trial 47 finished with value: 2372.499267578125 and parameters: {'gradient_clip_val': 0.32804346075347385, 'hidden_size': 143, 'dropout': 0.10035921079913751, 'hidden_continuous_size': 120, 'attention_head_size': 2, 'learning_rate': 0.0017219776857037511}. Best is trial 41 with value: 2132.824951171875.
LOCAL_RANK: 0 - CUDA_VISIBLE_DEVICES: [0]
[I 2023-11-30 04:08:53,986] Trial 48 finished with value: 2548.068603515625 and parameters: {'gradient_clip_val': 0.41127401138246794, 'hidden_size': 129, 'dropout': 0.1324369342470611, 'hidden_continuous_size': 93, 'attention_head_size': 4, 'learning_rate': 0.0010122197334072698}. Best is trial 41 with value: 2132.824951171875.
LOCAL_RANK: 0 - CUDA_VISIBLE_DEVICES: [0]
[I 2023-11-30 04:09:08,486] Trial 49 finished with value: 2467.9306640625 and parameters: {'gradient_clip_val': 0.4489530453224157, 'hidden_size': 129, 'dropout': 0.16588944249911816, 'hidden_continuous_size': 113, 'attention_head_size': 3, 'learning_rate': 0.003062634933154692}. Best is trial 41 with value: 2132.824951171875.
LOCAL_RANK: 0 - CUDA_VISIBLE_DEVICES: [0]
[I 2023-11-30 04:09:22,979] Trial 50 finished with value: 2349.750244140625 and parameters: {'gradient_clip_val': 0.5547811652369243, 'hidden_size': 120, 'dropout': 0.14527553877173313, 'hidden_continuous_size': 93, 'attention_head_size': 4, 'learning_rate': 0.0020006922364778543}. Best is trial 41 with value: 2132.824951171875.
LOCAL_RANK: 0 - CUDA_VISIBLE_DEVICES: [0]
[I 2023-11-30 04:09:37,470] Trial 51 finished with value: 2390.402587890625 and parameters: {'gradient_clip_val': 0.3035446626694478, 'hidden_size': 111, 'dropout': 0.16557253542992437, 'hidden_continuous_size': 85, 'attention_head_size': 4, 'learning_rate': 0.0036201038595634794}. Best is trial 41 with value: 2132.824951171875.
LOCAL_RANK: 0 - CUDA_VISIBLE_DEVICES: [0]
[I 2023-11-30 04:09:52,678] Trial 52 finished with value: 1901.7850341796875 and parameters: {'gradient_clip_val': 0.33970853147238145, 'hidden_size': 150, 'dropout': 0.18750252559729275, 'hidden_continuous_size': 136, 'attention_head_size': 4, 'learning_rate': 0.002738995800607147}. Best is trial 52 with value: 1901.7850341796875.
LOCAL_RANK: 0 - CUDA_VISIBLE_DEVICES: [0]
[I 2023-11-30 04:10:07,700] Trial 53 finished with value: 2226.779541015625 and parameters: {'gradient_clip_val': 0.271042263313493, 'hidden_size': 150, 'dropout': 0.15778315625038833, 'hidden_continuous_size': 146, 'attention_head_size': 4, 'learning_rate': 0.002769890346873751}. Best is trial 52 with value: 1901.7850341796875.
LOCAL_RANK: 0 - CUDA_VISIBLE_DEVICES: [0]
[I 2023-11-30 04:10:22,815] Trial 54 finished with value: 2396.666259765625 and parameters: {'gradient_clip_val': 0.39422875356352477, 'hidden_size': 150, 'dropout': 0.18754689798536275, 'hidden_continuous_size': 139, 'attention_head_size': 4, 'learning_rate': 0.0028253956274619297}. Best is trial 52 with value: 1901.7850341796875.
LOCAL_RANK: 0 - CUDA_VISIBLE_DEVICES: [0]
[I 2023-11-30 04:10:37,458] Trial 55 finished with value: 2640.638671875 and parameters: {'gradient_clip_val': 0.33401213768359705, 'hidden_size': 135, 'dropout': 0.1579293971818095, 'hidden_continuous_size': 120, 'attention_head_size': 1, 'learning_rate': 0.004085551545550727}. Best is trial 52 with value: 1901.7850341796875.
LOCAL_RANK: 0 - CUDA_VISIBLE_DEVICES: [0]
[I 2023-11-30 04:10:52,407] Trial 56 finished with value: 2237.678466796875 and parameters: {'gradient_clip_val': 0.3642084030735692, 'hidden_size': 138, 'dropout': 0.12385566182300764, 'hidden_continuous_size': 117, 'attention_head_size': 4, 'learning_rate': 0.0012211451540579336}. Best is trial 52 with value: 1901.7850341796875.
LOCAL_RANK: 0 - CUDA_VISIBLE_DEVICES: [0]
[I 2023-11-30 04:11:06,994] Trial 57 finished with value: 2310.826171875 and parameters: {'gradient_clip_val': 0.26561538880057356, 'hidden_size': 116, 'dropout': 0.15841056680931345, 'hidden_continuous_size': 100, 'attention_head_size': 4, 'learning_rate': 0.0029265703882366345}. Best is trial 52 with value: 1901.7850341796875.
LOCAL_RANK: 0 - CUDA_VISIBLE_DEVICES: [0]
[I 2023-11-30 04:11:22,076] Trial 58 finished with value: 2341.305908203125 and parameters: {'gradient_clip_val': 0.31055303903581516, 'hidden_size': 150, 'dropout': 0.18507935886786592, 'hidden_continuous_size': 149, 'attention_head_size': 4, 'learning_rate': 0.0022269473732919797}. Best is trial 52 with value: 1901.7850341796875.
LOCAL_RANK: 0 - CUDA_VISIBLE_DEVICES: [0]
[I 2023-11-30 04:11:36,807] Trial 59 finished with value: 2319.313720703125 and parameters: {'gradient_clip_val': 0.3424985785769802, 'hidden_size': 135, 'dropout': 0.11034557597441978, 'hidden_continuous_size': 113, 'attention_head_size': 4, 'learning_rate': 0.001836997700037408}. Best is trial 52 with value: 1901.7850341796875.
LOCAL_RANK: 0 - CUDA_VISIBLE_DEVICES: [0]
[I 2023-11-30 04:11:51,302] Trial 60 finished with value: 2184.0224609375 and parameters: {'gradient_clip_val': 0.24542707104093067, 'hidden_size': 120, 'dropout': 0.13061438948038773, 'hidden_continuous_size': 104, 'attention_head_size': 4, 'learning_rate': 0.003610962478524079}. Best is trial 52 with value: 1901.7850341796875.
LOCAL_RANK: 0 - CUDA_VISIBLE_DEVICES: [0]
[I 2023-11-30 04:12:05,737] Trial 61 finished with value: 2286.3701171875 and parameters: {'gradient_clip_val': 0.24623197451471132, 'hidden_size': 120, 'dropout': 0.1293315098920279, 'hidden_continuous_size': 106, 'attention_head_size': 4, 'learning_rate': 0.003548464934255176}. Best is trial 52 with value: 1901.7850341796875.
LOCAL_RANK: 0 - CUDA_VISIBLE_DEVICES: [0]
[I 2023-11-30 04:12:20,675] Trial 62 finished with value: 2129.588623046875 and parameters: {'gradient_clip_val': 0.2883068701357672, 'hidden_size': 126, 'dropout': 0.14703304663523947, 'hidden_continuous_size': 109, 'attention_head_size': 4, 'learning_rate': 0.0026360936398039975}. Best is trial 52 with value: 1901.7850341796875.
LOCAL_RANK: 0 - CUDA_VISIBLE_DEVICES: [0]
[I 2023-11-30 04:12:35,011] Trial 63 finished with value: 2370.2509765625 and parameters: {'gradient_clip_val': 0.2881608456148006, 'hidden_size': 91, 'dropout': 0.12740301381817173, 'hidden_continuous_size': 78, 'attention_head_size': 4, 'learning_rate': 0.002236385721837437}. Best is trial 52 with value: 1901.7850341796875.
LOCAL_RANK: 0 - CUDA_VISIBLE_DEVICES: [0]
[I 2023-11-30 04:12:49,382] Trial 64 finished with value: 2181.33642578125 and parameters: {'gradient_clip_val': 0.31529540842615295, 'hidden_size': 104, 'dropout': 0.14594768331076588, 'hidden_continuous_size': 95, 'attention_head_size': 4, 'learning_rate': 0.001597927396647808}. Best is trial 52 with value: 1901.7850341796875.
LOCAL_RANK: 0 - CUDA_VISIBLE_DEVICES: [0]
[I 2023-11-30 04:13:03,651] Trial 65 finished with value: 2361.2880859375 and parameters: {'gradient_clip_val': 0.23750441904335837, 'hidden_size': 100, 'dropout': 0.1445585206651132, 'hidden_continuous_size': 88, 'attention_head_size': 4, 'learning_rate': 0.0014767700183515081}. Best is trial 52 with value: 1901.7850341796875.
LOCAL_RANK: 0 - CUDA_VISIBLE_DEVICES: [0]
[I 2023-11-30 04:13:18,171] Trial 66 finished with value: 2219.947265625 and parameters: {'gradient_clip_val': 0.3449163395661629, 'hidden_size': 111, 'dropout': 0.11429712096391911, 'hidden_continuous_size': 97, 'attention_head_size': 4, 'learning_rate': 0.001777434756310355}. Best is trial 52 with value: 1901.7850341796875.
LOCAL_RANK: 0 - CUDA_VISIBLE_DEVICES: [0]
[I 2023-11-30 04:13:32,992] Trial 67 finished with value: 2260.082275390625 and parameters: {'gradient_clip_val': 0.2880754791058265, 'hidden_size': 123, 'dropout': 0.1314161770995932, 'hidden_continuous_size': 104, 'attention_head_size': 4, 'learning_rate': 0.0015092863504883361}. Best is trial 52 with value: 1901.7850341796875.
LOCAL_RANK: 0 - CUDA_VISIBLE_DEVICES: [0]
[I 2023-11-30 04:13:47,460] Trial 68 finished with value: 2498.603271484375 and parameters: {'gradient_clip_val': 0.2526534673623862, 'hidden_size': 103, 'dropout': 0.15091488258654503, 'hidden_continuous_size': 95, 'attention_head_size': 3, 'learning_rate': 0.0019501320976261425}. Best is trial 52 with value: 1901.7850341796875.
LOCAL_RANK: 0 - CUDA_VISIBLE_DEVICES: [0]
[I 2023-11-30 04:14:01,898] Trial 69 finished with value: 2682.524658203125 and parameters: {'gradient_clip_val': 0.3784440246744378, 'hidden_size': 90, 'dropout': 0.1229570075040678, 'hidden_continuous_size': 82, 'attention_head_size': 4, 'learning_rate': 0.0011870370377231175}. Best is trial 52 with value: 1901.7850341796875.
LOCAL_RANK: 0 - CUDA_VISIBLE_DEVICES: [0]
[I 2023-11-30 04:14:16,267] Trial 70 finished with value: 2547.7958984375 and parameters: {'gradient_clip_val': 0.32732590609239814, 'hidden_size': 110, 'dropout': 0.10659322486107076, 'hidden_continuous_size': 99, 'attention_head_size': 2, 'learning_rate': 0.0032168060142754563}. Best is trial 52 with value: 1901.7850341796875.
LOCAL_RANK: 0 - CUDA_VISIBLE_DEVICES: [0]
[I 2023-11-30 04:14:30,679] Trial 71 finished with value: 2227.4130859375 and parameters: {'gradient_clip_val': 0.35891363004089544, 'hidden_size': 110, 'dropout': 0.11417790074060012, 'hidden_continuous_size': 99, 'attention_head_size': 4, 'learning_rate': 0.0018678108256078793}. Best is trial 52 with value: 1901.7850341796875.
LOCAL_RANK: 0 - CUDA_VISIBLE_DEVICES: [0]
[I 2023-11-30 04:14:45,292] Trial 72 finished with value: 2512.518798828125 and parameters: {'gradient_clip_val': 0.3405520370879005, 'hidden_size': 120, 'dropout': 0.13932892393692858, 'hidden_continuous_size': 108, 'attention_head_size': 4, 'learning_rate': 0.0017506924208846354}. Best is trial 52 with value: 1901.7850341796875.
LOCAL_RANK: 0 - CUDA_VISIBLE_DEVICES: [0]
[I 2023-11-30 04:14:59,644] Trial 73 finished with value: 2590.093017578125 and parameters: {'gradient_clip_val': 0.2965799479662997, 'hidden_size': 79, 'dropout': 0.1207580107346345, 'hidden_continuous_size': 75, 'attention_head_size': 4, 'learning_rate': 0.0025277919636954123}. Best is trial 52 with value: 1901.7850341796875.
LOCAL_RANK: 0 - CUDA_VISIBLE_DEVICES: [0]
[I 2023-11-30 04:15:13,974] Trial 74 finished with value: 2575.376708984375 and parameters: {'gradient_clip_val': 0.261713468274007, 'hidden_size': 103, 'dropout': 0.10593305383380128, 'hidden_continuous_size': 88, 'attention_head_size': 4, 'learning_rate': 0.0016009406141052874}. Best is trial 52 with value: 1901.7850341796875.
LOCAL_RANK: 0 - CUDA_VISIBLE_DEVICES: [0]
[I 2023-11-30 04:15:28,549] Trial 75 finished with value: 2308.640869140625 and parameters: {'gradient_clip_val': 0.4025870466618779, 'hidden_size': 113, 'dropout': 0.14410378839604898, 'hidden_continuous_size': 95, 'attention_head_size': 4, 'learning_rate': 0.0021059159887217}. Best is trial 52 with value: 1901.7850341796875.
LOCAL_RANK: 0 - CUDA_VISIBLE_DEVICES: [0]
[I 2023-11-30 04:15:43,158] Trial 76 finished with value: 2258.71484375 and parameters: {'gradient_clip_val': 0.22052498947828902, 'hidden_size': 126, 'dropout': 0.13480308178680273, 'hidden_continuous_size': 109, 'attention_head_size': 4, 'learning_rate': 0.0013460397572041352}. Best is trial 52 with value: 1901.7850341796875.
LOCAL_RANK: 0 - CUDA_VISIBLE_DEVICES: [0]
[I 2023-11-30 04:15:58,307] Trial 77 finished with value: 2365.939208984375 and parameters: {'gradient_clip_val': 0.426738195097302, 'hidden_size': 137, 'dropout': 0.11474697776427104, 'hidden_continuous_size': 129, 'attention_head_size': 4, 'learning_rate': 0.002238259799163639}. Best is trial 52 with value: 1901.7850341796875.
LOCAL_RANK: 0 - CUDA_VISIBLE_DEVICES: [0]
[I 2023-11-30 04:16:12,743] Trial 78 finished with value: 2194.036376953125 and parameters: {'gradient_clip_val': 0.31433428473663466, 'hidden_size': 97, 'dropout': 0.15055219983401386, 'hidden_continuous_size': 87, 'attention_head_size': 4, 'learning_rate': 0.002728593638552003}. Best is trial 52 with value: 1901.7850341796875.
LOCAL_RANK: 0 - CUDA_VISIBLE_DEVICES: [0]
[I 2023-11-30 04:16:26,867] Trial 79 finished with value: 2336.799072265625 and parameters: {'gradient_clip_val': 0.276917537275695, 'hidden_size': 96, 'dropout': 0.17809758147267585, 'hidden_continuous_size': 87, 'attention_head_size': 3, 'learning_rate': 0.002733055134578617}. Best is trial 52 with value: 1901.7850341796875.
LOCAL_RANK: 0 - CUDA_VISIBLE_DEVICES: [0]
[I 2023-11-30 04:16:41,635] Trial 80 finished with value: 2216.730224609375 and parameters: {'gradient_clip_val': 0.31428873445815625, 'hidden_size': 140, 'dropout': 0.15046052219324066, 'hidden_continuous_size': 122, 'attention_head_size': 4, 'learning_rate': 0.0036863690943777275}. Best is trial 52 with value: 1901.7850341796875.
LOCAL_RANK: 0 - CUDA_VISIBLE_DEVICES: [0]
[I 2023-11-30 04:16:56,295] Trial 81 finished with value: 2263.967529296875 and parameters: {'gradient_clip_val': 0.3193327536540455, 'hidden_size': 127, 'dropout': 0.15193900950403727, 'hidden_continuous_size': 111, 'attention_head_size': 4, 'learning_rate': 0.003088332000710598}. Best is trial 52 with value: 1901.7850341796875.
LOCAL_RANK: 0 - CUDA_VISIBLE_DEVICES: [0]
[I 2023-11-30 04:17:11,215] Trial 82 finished with value: 2532.360107421875 and parameters: {'gradient_clip_val': 0.29667754388907075, 'hidden_size': 140, 'dropout': 0.17106071210706103, 'hidden_continuous_size': 125, 'attention_head_size': 4, 'learning_rate': 0.004522348404150264}. Best is trial 52 with value: 1901.7850341796875.
LOCAL_RANK: 0 - CUDA_VISIBLE_DEVICES: [0]
[I 2023-11-30 04:17:26,009] Trial 83 finished with value: 2608.771484375 and parameters: {'gradient_clip_val': 0.38305962886993167, 'hidden_size': 118, 'dropout': 0.14008101151187788, 'hidden_continuous_size': 105, 'attention_head_size': 4, 'learning_rate': 0.003574407821709774}. Best is trial 52 with value: 1901.7850341796875.
LOCAL_RANK: 0 - CUDA_VISIBLE_DEVICES: [0]
[I 2023-11-30 04:17:40,795] Trial 84 finished with value: 2443.019775390625 and parameters: {'gradient_clip_val': 0.3129678547218356, 'hidden_size': 129, 'dropout': 0.13142730884779408, 'hidden_continuous_size': 115, 'attention_head_size': 4, 'learning_rate': 0.0024683699717717735}. Best is trial 52 with value: 1901.7850341796875.
LOCAL_RANK: 0 - CUDA_VISIBLE_DEVICES: [0]
[I 2023-11-30 04:17:55,299] Trial 85 finished with value: 2321.0888671875 and parameters: {'gradient_clip_val': 0.2577313138474707, 'hidden_size': 103, 'dropout': 0.1528282354574547, 'hidden_continuous_size': 92, 'attention_head_size': 4, 'learning_rate': 0.0028017719099213186}. Best is trial 52 with value: 1901.7850341796875.
LOCAL_RANK: 0 - CUDA_VISIBLE_DEVICES: [0]
[I 2023-11-30 04:18:09,603] Trial 86 finished with value: 2467.681884765625 and parameters: {'gradient_clip_val': 0.35450695853283587, 'hidden_size': 83, 'dropout': 0.16286149282965842, 'hidden_continuous_size': 79, 'attention_head_size': 4, 'learning_rate': 0.005567338689615552}. Best is trial 52 with value: 1901.7850341796875.
LOCAL_RANK: 0 - CUDA_VISIBLE_DEVICES: [0]
[I 2023-11-30 04:18:24,760] Trial 87 finished with value: 2268.425048828125 and parameters: {'gradient_clip_val': 0.24065242544423834, 'hidden_size': 142, 'dropout': 0.14280212180024945, 'hidden_continuous_size': 135, 'attention_head_size': 4, 'learning_rate': 0.0020645666665189966}. Best is trial 52 with value: 1901.7850341796875.
LOCAL_RANK: 0 - CUDA_VISIBLE_DEVICES: [0]
[I 2023-11-30 04:18:39,120] Trial 88 finished with value: 2612.389404296875 and parameters: {'gradient_clip_val': 0.28098248189410424, 'hidden_size': 89, 'dropout': 0.12652715201177142, 'hidden_continuous_size': 84, 'attention_head_size': 4, 'learning_rate': 0.0015858163820716836}. Best is trial 52 with value: 1901.7850341796875.
LOCAL_RANK: 0 - CUDA_VISIBLE_DEVICES: [0]
[I 2023-11-30 04:18:53,684] Trial 89 finished with value: 2209.29296875 and parameters: {'gradient_clip_val': 0.30280809758184984, 'hidden_size': 116, 'dropout': 0.14989689432010544, 'hidden_continuous_size': 106, 'attention_head_size': 3, 'learning_rate': 0.0024560134024644146}. Best is trial 52 with value: 1901.7850341796875.
LOCAL_RANK: 0 - CUDA_VISIBLE_DEVICES: [0]
[I 2023-11-30 04:19:07,892] Trial 90 finished with value: 2153.40869140625 and parameters: {'gradient_clip_val': 0.37351949147942026, 'hidden_size': 96, 'dropout': 0.1666976918485689, 'hidden_continuous_size': 88, 'attention_head_size': 3, 'learning_rate': 0.002393414548138622}. Best is trial 52 with value: 1901.7850341796875.
LOCAL_RANK: 0 - CUDA_VISIBLE_DEVICES: [0]
[I 2023-11-30 04:19:22,181] Trial 91 finished with value: 2365.334716796875 and parameters: {'gradient_clip_val': 0.3307482387963481, 'hidden_size': 94, 'dropout': 0.16935036568019732, 'hidden_continuous_size': 89, 'attention_head_size': 3, 'learning_rate': 0.0024374794778100296}. Best is trial 52 with value: 1901.7850341796875.
LOCAL_RANK: 0 - CUDA_VISIBLE_DEVICES: [0]
[I 2023-11-30 04:19:36,694] Trial 92 finished with value: 2228.611572265625 and parameters: {'gradient_clip_val': 0.377076191545782, 'hidden_size': 108, 'dropout': 0.1620994469232835, 'hidden_continuous_size': 101, 'attention_head_size': 3, 'learning_rate': 0.0019938477922094165}. Best is trial 52 with value: 1901.7850341796875.
LOCAL_RANK: 0 - CUDA_VISIBLE_DEVICES: [0]
[I 2023-11-30 04:19:51,034] Trial 93 finished with value: 2263.710693359375 and parameters: {'gradient_clip_val': 0.2993340997885316, 'hidden_size': 116, 'dropout': 0.13566669626396904, 'hidden_continuous_size': 106, 'attention_head_size': 3, 'learning_rate': 0.0022713958863954855}. Best is trial 52 with value: 1901.7850341796875.
LOCAL_RANK: 0 - CUDA_VISIBLE_DEVICES: [0]
[I 2023-11-30 04:20:05,458] Trial 94 finished with value: 1782.4796142578125 and parameters: {'gradient_clip_val': 0.34863775193204966, 'hidden_size': 102, 'dropout': 0.1553091381307907, 'hidden_continuous_size': 94, 'attention_head_size': 3, 'learning_rate': 0.003004470816040681}. Best is trial 94 with value: 1782.4796142578125.
LOCAL_RANK: 0 - CUDA_VISIBLE_DEVICES: [0]
