[I 2023-11-30 13:14:20,886] Trial 68 finished with value: 0.11219277232885361 and parameters: {'gradient_clip_val': 0.3421289385555798, 'hidden_size': 62, 'dropout': 0.3040711290202282, 'hidden_continuous_size': 23, 'attention_head_size': 2, 'learning_rate': 0.05808181669662592}. Best is trial 38 with value: 0.07551797479391098.
LOCAL_RANK: 0 - CUDA_VISIBLE_DEVICES: [0]
[I 2023-11-30 13:14:33,705] Trial 69 finished with value: 0.15022915601730347 and parameters: {'gradient_clip_val': 0.6315176981638903, 'hidden_size': 40, 'dropout': 0.33260805192740917, 'hidden_continuous_size': 27, 'attention_head_size': 3, 'learning_rate': 0.018854015449191193}. Best is trial 38 with value: 0.07551797479391098.
LOCAL_RANK: 0 - CUDA_VISIBLE_DEVICES: [0]
[I 2023-11-30 13:14:47,232] Trial 70 finished with value: 0.10564598441123962 and parameters: {'gradient_clip_val': 0.30366726774050135, 'hidden_size': 69, 'dropout': 0.34756622344410076, 'hidden_continuous_size': 11, 'attention_head_size': 3, 'learning_rate': 0.05034061079196981}. Best is trial 38 with value: 0.07551797479391098.
LOCAL_RANK: 0 - CUDA_VISIBLE_DEVICES: [0]
[I 2023-11-30 13:15:00,582] Trial 71 finished with value: 0.13370449841022491 and parameters: {'gradient_clip_val': 0.48261154428810227, 'hidden_size': 47, 'dropout': 0.32029569456333007, 'hidden_continuous_size': 30, 'attention_head_size': 4, 'learning_rate': 0.0744618216565984}. Best is trial 38 with value: 0.07551797479391098.
LOCAL_RANK: 0 - CUDA_VISIBLE_DEVICES: [0]
[I 2023-11-30 13:15:13,879] Trial 72 finished with value: 0.07108723372220993 and parameters: {'gradient_clip_val': 0.5319327023683047, 'hidden_size': 56, 'dropout': 0.32894540301918873, 'hidden_continuous_size': 27, 'attention_head_size': 4, 'learning_rate': 0.08803750712100504}. Best is trial 72 with value: 0.07108723372220993.
LOCAL_RANK: 0 - CUDA_VISIBLE_DEVICES: [0]
[I 2023-11-30 13:15:27,392] Trial 73 finished with value: 0.10007194429636002 and parameters: {'gradient_clip_val': 0.5432317126443214, 'hidden_size': 59, 'dropout': 0.33220984657469527, 'hidden_continuous_size': 25, 'attention_head_size': 4, 'learning_rate': 0.09134099353183926}. Best is trial 72 with value: 0.07108723372220993.
LOCAL_RANK: 0 - CUDA_VISIBLE_DEVICES: [0]
[I 2023-11-30 13:15:40,760] Trial 74 finished with value: 0.10560524463653564 and parameters: {'gradient_clip_val': 0.5173088641734909, 'hidden_size': 56, 'dropout': 0.3108726417123148, 'hidden_continuous_size': 28, 'attention_head_size': 4, 'learning_rate': 0.0997535510068674}. Best is trial 72 with value: 0.07108723372220993.
LOCAL_RANK: 0 - CUDA_VISIBLE_DEVICES: [0]
[I 2023-11-30 13:15:54,236] Trial 75 finished with value: 0.18964309990406036 and parameters: {'gradient_clip_val': 0.3734044455504677, 'hidden_size': 51, 'dropout': 0.28565910291016866, 'hidden_continuous_size': 26, 'attention_head_size': 4, 'learning_rate': 0.06233268973658404}. Best is trial 72 with value: 0.07108723372220993.
LOCAL_RANK: 0 - CUDA_VISIBLE_DEVICES: [0]
[I 2023-11-30 13:16:08,000] Trial 76 finished with value: 0.1523103266954422 and parameters: {'gradient_clip_val': 0.44818525998753905, 'hidden_size': 82, 'dropout': 0.3608730702205774, 'hidden_continuous_size': 24, 'attention_head_size': 4, 'learning_rate': 0.08724293764580929}. Best is trial 72 with value: 0.07108723372220993.
LOCAL_RANK: 0 - CUDA_VISIBLE_DEVICES: [0]
[I 2023-11-30 13:16:21,667] Trial 77 finished with value: 0.1013953760266304 and parameters: {'gradient_clip_val': 0.4071864211189523, 'hidden_size': 90, 'dropout': 0.3788266095105546, 'hidden_continuous_size': 17, 'attention_head_size': 3, 'learning_rate': 0.07195665806349459}. Best is trial 72 with value: 0.07108723372220993.
LOCAL_RANK: 0 - CUDA_VISIBLE_DEVICES: [0]
[I 2023-11-30 13:16:35,152] Trial 78 finished with value: 0.0822400376200676 and parameters: {'gradient_clip_val': 0.7605673041240861, 'hidden_size': 72, 'dropout': 0.3456013301304901, 'hidden_continuous_size': 32, 'attention_head_size': 2, 'learning_rate': 0.04078581764431609}. Best is trial 72 with value: 0.07108723372220993.
LOCAL_RANK: 0 - CUDA_VISIBLE_DEVICES: [0]
[I 2023-11-30 13:16:48,110] Trial 79 finished with value: 0.2521454393863678 and parameters: {'gradient_clip_val': 0.5738342689305319, 'hidden_size': 46, 'dropout': 0.29747318439596926, 'hidden_continuous_size': 10, 'attention_head_size': 3, 'learning_rate': 0.01357252715460141}. Best is trial 72 with value: 0.07108723372220993.
LOCAL_RANK: 0 - CUDA_VISIBLE_DEVICES: [0]
[I 2023-11-30 13:17:01,828] Trial 80 finished with value: 0.10537635535001755 and parameters: {'gradient_clip_val': 0.46877187326096015, 'hidden_size': 63, 'dropout': 0.3259926269778906, 'hidden_continuous_size': 22, 'attention_head_size': 4, 'learning_rate': 0.0595478134692341}. Best is trial 72 with value: 0.07108723372220993.
LOCAL_RANK: 0 - CUDA_VISIBLE_DEVICES: [0]
[I 2023-11-30 13:17:15,376] Trial 81 finished with value: 0.07126185297966003 and parameters: {'gradient_clip_val': 0.7580793967874673, 'hidden_size': 71, 'dropout': 0.3415607205061111, 'hidden_continuous_size': 30, 'attention_head_size': 2, 'learning_rate': 0.03988690889232652}. Best is trial 72 with value: 0.07108723372220993.
LOCAL_RANK: 0 - CUDA_VISIBLE_DEVICES: [0]
[I 2023-11-30 13:17:29,087] Trial 82 finished with value: 0.059888869524002075 and parameters: {'gradient_clip_val': 0.6093185883832822, 'hidden_size': 77, 'dropout': 0.3550833143781317, 'hidden_continuous_size': 37, 'attention_head_size': 2, 'learning_rate': 0.034543918163850246}. Best is trial 82 with value: 0.059888869524002075.
LOCAL_RANK: 0 - CUDA_VISIBLE_DEVICES: [0]
[I 2023-11-30 13:17:42,601] Trial 83 finished with value: 0.07159673422574997 and parameters: {'gradient_clip_val': 0.625253655837702, 'hidden_size': 77, 'dropout': 0.3521237140795692, 'hidden_continuous_size': 36, 'attention_head_size': 2, 'learning_rate': 0.029942771153408758}. Best is trial 82 with value: 0.059888869524002075.
LOCAL_RANK: 0 - CUDA_VISIBLE_DEVICES: [0]
[I 2023-11-30 13:17:56,282] Trial 84 finished with value: 0.12605534493923187 and parameters: {'gradient_clip_val': 0.62594798396267, 'hidden_size': 78, 'dropout': 0.35387339456289424, 'hidden_continuous_size': 37, 'attention_head_size': 2, 'learning_rate': 0.02757809059950729}. Best is trial 82 with value: 0.059888869524002075.
LOCAL_RANK: 0 - CUDA_VISIBLE_DEVICES: [0]
[I 2023-11-30 13:18:10,221] Trial 85 finished with value: 0.15419206023216248 and parameters: {'gradient_clip_val': 0.6598641795069455, 'hidden_size': 93, 'dropout': 0.33959444903315944, 'hidden_continuous_size': 30, 'attention_head_size': 2, 'learning_rate': 0.033021325928488145}. Best is trial 82 with value: 0.059888869524002075.
LOCAL_RANK: 0 - CUDA_VISIBLE_DEVICES: [0]
[I 2023-11-30 13:18:24,033] Trial 86 finished with value: 0.1042351946234703 and parameters: {'gradient_clip_val': 0.7234468219935388, 'hidden_size': 85, 'dropout': 0.37311709491221595, 'hidden_continuous_size': 35, 'attention_head_size': 2, 'learning_rate': 0.042973191758572005}. Best is trial 82 with value: 0.059888869524002075.
LOCAL_RANK: 0 - CUDA_VISIBLE_DEVICES: [0]
[I 2023-11-30 13:18:37,537] Trial 87 finished with value: 0.0832204595208168 and parameters: {'gradient_clip_val': 0.5165555837382328, 'hidden_size': 71, 'dropout': 0.38349430180748156, 'hidden_continuous_size': 38, 'attention_head_size': 2, 'learning_rate': 0.031231923515674005}. Best is trial 82 with value: 0.059888869524002075.
LOCAL_RANK: 0 - CUDA_VISIBLE_DEVICES: [0]
[I 2023-11-30 13:18:51,389] Trial 88 finished with value: 0.09619607776403427 and parameters: {'gradient_clip_val': 0.8008318795331646, 'hidden_size': 97, 'dropout': 0.3646038865431962, 'hidden_continuous_size': 34, 'attention_head_size': 1, 'learning_rate': 0.048419448331058795}. Best is trial 82 with value: 0.059888869524002075.
LOCAL_RANK: 0 - CUDA_VISIBLE_DEVICES: [0]
[I 2023-11-30 13:19:04,795] Trial 89 finished with value: 0.09863761812448502 and parameters: {'gradient_clip_val': 0.6005412267110605, 'hidden_size': 77, 'dropout': 0.35175478375688934, 'hidden_continuous_size': 32, 'attention_head_size': 2, 'learning_rate': 0.03959279354442459}. Best is trial 82 with value: 0.059888869524002075.
LOCAL_RANK: 0 - CUDA_VISIBLE_DEVICES: [0]
[I 2023-11-30 13:19:18,752] Trial 90 finished with value: 0.12858812510967255 and parameters: {'gradient_clip_val': 0.6966610714263646, 'hidden_size': 104, 'dropout': 0.3170888670027928, 'hidden_continuous_size': 27, 'attention_head_size': 2, 'learning_rate': 0.03659683830124743}. Best is trial 82 with value: 0.059888869524002075.
LOCAL_RANK: 0 - CUDA_VISIBLE_DEVICES: [0]
[I 2023-11-30 13:19:32,248] Trial 91 finished with value: 0.07805246859788895 and parameters: {'gradient_clip_val': 0.5279318695529955, 'hidden_size': 68, 'dropout': 0.3597524514312208, 'hidden_continuous_size': 33, 'attention_head_size': 2, 'learning_rate': 0.02585701816821981}. Best is trial 82 with value: 0.059888869524002075.
LOCAL_RANK: 0 - CUDA_VISIBLE_DEVICES: [0]
[I 2023-11-30 13:19:45,750] Trial 92 finished with value: 0.14003896713256836 and parameters: {'gradient_clip_val': 0.5495874832907384, 'hidden_size': 69, 'dropout': 0.35974698290425633, 'hidden_continuous_size': 33, 'attention_head_size': 2, 'learning_rate': 0.02650973413037658}. Best is trial 82 with value: 0.059888869524002075.
LOCAL_RANK: 0 - CUDA_VISIBLE_DEVICES: [0]
[I 2023-11-30 13:19:59,401] Trial 93 finished with value: 0.12412369251251221 and parameters: {'gradient_clip_val': 0.43383909578859453, 'hidden_size': 58, 'dropout': 0.34241755120846795, 'hidden_continuous_size': 31, 'attention_head_size': 2, 'learning_rate': 0.023433197023689525}. Best is trial 82 with value: 0.059888869524002075.
LOCAL_RANK: 0 - CUDA_VISIBLE_DEVICES: [0]
[I 2023-11-30 13:20:13,255] Trial 94 finished with value: 0.08947709947824478 and parameters: {'gradient_clip_val': 0.493883248541775, 'hidden_size': 88, 'dropout': 0.36880506295552523, 'hidden_continuous_size': 36, 'attention_head_size': 2, 'learning_rate': 0.028636908405539833}. Best is trial 82 with value: 0.059888869524002075.
LOCAL_RANK: 0 - CUDA_VISIBLE_DEVICES: [0]
[I 2023-11-30 13:20:26,520] Trial 95 finished with value: 0.09081784635782242 and parameters: {'gradient_clip_val': 0.6105515478775609, 'hidden_size': 54, 'dropout': 0.3947578678132108, 'hidden_continuous_size': 29, 'attention_head_size': 2, 'learning_rate': 0.03436679552070308}. Best is trial 82 with value: 0.059888869524002075.
LOCAL_RANK: 0 - CUDA_VISIBLE_DEVICES: [0]
[I 2023-11-30 13:20:40,030] Trial 96 finished with value: 0.13839660584926605 and parameters: {'gradient_clip_val': 0.5286293717244953, 'hidden_size': 63, 'dropout': 0.38315008102084974, 'hidden_continuous_size': 33, 'attention_head_size': 2, 'learning_rate': 0.044036648140974965}. Best is trial 82 with value: 0.059888869524002075.
LOCAL_RANK: 0 - CUDA_VISIBLE_DEVICES: [0]
[I 2023-11-30 13:20:53,766] Trial 97 finished with value: 0.10966070741415024 and parameters: {'gradient_clip_val': 0.47628928193351733, 'hidden_size': 74, 'dropout': 0.35159200802599483, 'hidden_continuous_size': 39, 'attention_head_size': 2, 'learning_rate': 0.05444626666985561}. Best is trial 82 with value: 0.059888869524002075.
LOCAL_RANK: 0 - CUDA_VISIBLE_DEVICES: [0]
[I 2023-11-30 13:21:07,313] Trial 98 finished with value: 0.09946572780609131 and parameters: {'gradient_clip_val': 0.5684337558895097, 'hidden_size': 79, 'dropout': 0.3359778289847594, 'hidden_continuous_size': 29, 'attention_head_size': 3, 'learning_rate': 0.0314612052433651}. Best is trial 82 with value: 0.059888869524002075.
LOCAL_RANK: 0 - CUDA_VISIBLE_DEVICES: [0]
[I 2023-11-30 13:21:21,056] Trial 99 finished with value: 0.13595826923847198 and parameters: {'gradient_clip_val': 0.6448414420253592, 'hidden_size': 59, 'dropout': 0.3561140454766227, 'hidden_continuous_size': 36, 'attention_head_size': 3, 'learning_rate': 0.06668635752666699}. Best is trial 82 with value: 0.059888869524002075.
LOCAL_RANK: 0 - CUDA_VISIBLE_DEVICES: [0]
[I 2023-11-30 13:21:34,500] Trial 100 finished with value: 0.09673503786325455 and parameters: {'gradient_clip_val': 0.40686094644827103, 'hidden_size': 49, 'dropout': 0.3729965638718288, 'hidden_continuous_size': 35, 'attention_head_size': 2, 'learning_rate': 0.07787510743741863}. Best is trial 82 with value: 0.059888869524002075.
LOCAL_RANK: 0 - CUDA_VISIBLE_DEVICES: [0]
[I 2023-11-30 13:21:47,684] Trial 101 finished with value: 0.09602761268615723 and parameters: {'gradient_clip_val': 0.5010425429638615, 'hidden_size': 66, 'dropout': 0.3446524622723339, 'hidden_continuous_size': 11, 'attention_head_size': 2, 'learning_rate': 0.03921013434108726}. Best is trial 82 with value: 0.059888869524002075.
LOCAL_RANK: 0 - CUDA_VISIBLE_DEVICES: [0]
[I 2023-11-30 13:22:01,409] Trial 102 finished with value: 0.10012096911668777 and parameters: {'gradient_clip_val': 0.45314606495435494, 'hidden_size': 82, 'dropout': 0.36662842087511716, 'hidden_continuous_size': 38, 'attention_head_size': 2, 'learning_rate': 0.025517820793657796}. Best is trial 82 with value: 0.059888869524002075.
LOCAL_RANK: 0 - CUDA_VISIBLE_DEVICES: [0]
[I 2023-11-30 13:22:14,847] Trial 103 finished with value: 0.12827394902706146 and parameters: {'gradient_clip_val': 0.8526829681973577, 'hidden_size': 68, 'dropout': 0.3773615887109803, 'hidden_continuous_size': 31, 'attention_head_size': 2, 'learning_rate': 0.04600174094044164}. Best is trial 82 with value: 0.059888869524002075.
LOCAL_RANK: 0 - CUDA_VISIBLE_DEVICES: [0]
[I 2023-11-30 13:22:28,567] Trial 104 finished with value: 0.10995620489120483 and parameters: {'gradient_clip_val': 0.5380961194474242, 'hidden_size': 73, 'dropout': 0.3599968596786261, 'hidden_continuous_size': 27, 'attention_head_size': 2, 'learning_rate': 0.03607337912436317}. Best is trial 82 with value: 0.059888869524002075.
LOCAL_RANK: 0 - CUDA_VISIBLE_DEVICES: [0]
[I 2023-11-30 13:22:41,584] Trial 105 finished with value: 0.09426877647638321 and parameters: {'gradient_clip_val': 0.5932347965347555, 'hidden_size': 61, 'dropout': 0.39329849235027414, 'hidden_continuous_size': 10, 'attention_head_size': 2, 'learning_rate': 0.08716457919312644}. Best is trial 82 with value: 0.059888869524002075.
LOCAL_RANK: 0 - CUDA_VISIBLE_DEVICES: [0]
[I 2023-11-30 13:22:55,503] Trial 106 finished with value: 0.06564223021268845 and parameters: {'gradient_clip_val': 0.44070297485590576, 'hidden_size': 86, 'dropout': 0.34864573971526025, 'hidden_continuous_size': 43, 'attention_head_size': 2, 'learning_rate': 0.02200671411082682}. Best is trial 82 with value: 0.059888869524002075.
LOCAL_RANK: 0 - CUDA_VISIBLE_DEVICES: [0]
[I 2023-11-30 13:23:09,447] Trial 107 finished with value: 0.07718350738286972 and parameters: {'gradient_clip_val': 0.43063539315638294, 'hidden_size': 101, 'dropout': 0.3292468070634496, 'hidden_continuous_size': 43, 'attention_head_size': 1, 'learning_rate': 0.02246918068734046}. Best is trial 82 with value: 0.059888869524002075.
LOCAL_RANK: 0 - CUDA_VISIBLE_DEVICES: [0]
[I 2023-11-30 13:23:23,363] Trial 108 finished with value: 0.06374725699424744 and parameters: {'gradient_clip_val': 0.4305434547404236, 'hidden_size': 100, 'dropout': 0.3319873536721647, 'hidden_continuous_size': 43, 'attention_head_size': 1, 'learning_rate': 0.023047656854882605}. Best is trial 82 with value: 0.059888869524002075.
LOCAL_RANK: 0 - CUDA_VISIBLE_DEVICES: [0]
[I 2023-11-30 13:23:37,345] Trial 109 finished with value: 0.11187957972288132 and parameters: {'gradient_clip_val': 0.43417863381485, 'hidden_size': 110, 'dropout': 0.3293098411231377, 'hidden_continuous_size': 43, 'attention_head_size': 1, 'learning_rate': 0.023485928007165837}. Best is trial 82 with value: 0.059888869524002075.
LOCAL_RANK: 0 - CUDA_VISIBLE_DEVICES: [0]
[I 2023-11-30 13:23:51,510] Trial 110 finished with value: 0.159718319773674 and parameters: {'gradient_clip_val': 0.37012218577141154, 'hidden_size': 99, 'dropout': 0.3489249927039644, 'hidden_continuous_size': 43, 'attention_head_size': 1, 'learning_rate': 0.019248358838676528}. Best is trial 82 with value: 0.059888869524002075.
LOCAL_RANK: 0 - CUDA_VISIBLE_DEVICES: [0]
[I 2023-11-30 13:24:05,464] Trial 111 finished with value: 0.08692064881324768 and parameters: {'gradient_clip_val': 0.4741240643957592, 'hidden_size': 92, 'dropout': 0.33492066466003984, 'hidden_continuous_size': 45, 'attention_head_size': 1, 'learning_rate': 0.020162106122382315}. Best is trial 82 with value: 0.059888869524002075.
LOCAL_RANK: 0 - CUDA_VISIBLE_DEVICES: [0]
[I 2023-11-30 13:24:19,311] Trial 112 finished with value: 0.06798150390386581 and parameters: {'gradient_clip_val': 0.4127350617041759, 'hidden_size': 88, 'dropout': 0.3389930153333401, 'hidden_continuous_size': 40, 'attention_head_size': 1, 'learning_rate': 0.02201345812523841}. Best is trial 82 with value: 0.059888869524002075.
LOCAL_RANK: 0 - CUDA_VISIBLE_DEVICES: [0]
[I 2023-11-30 13:24:33,118] Trial 113 finished with value: 0.08715683966875076 and parameters: {'gradient_clip_val': 0.39867421349557136, 'hidden_size': 87, 'dropout': 0.3403689796139601, 'hidden_continuous_size': 40, 'attention_head_size': 1, 'learning_rate': 0.021689716059681834}. Best is trial 82 with value: 0.059888869524002075.
LOCAL_RANK: 0 - CUDA_VISIBLE_DEVICES: [0]
[I 2023-11-30 13:24:47,225] Trial 114 finished with value: 0.10416951030492783 and parameters: {'gradient_clip_val': 0.4117737293709512, 'hidden_size': 103, 'dropout': 0.3489176379654666, 'hidden_continuous_size': 49, 'attention_head_size': 1, 'learning_rate': 0.029163977663834408}. Best is trial 82 with value: 0.059888869524002075.
LOCAL_RANK: 0 - CUDA_VISIBLE_DEVICES: [0]
[I 2023-11-30 13:25:01,299] Trial 115 finished with value: 0.12948580086231232 and parameters: {'gradient_clip_val': 0.44152056994731054, 'hidden_size': 94, 'dropout': 0.33017765494943485, 'hidden_continuous_size': 40, 'attention_head_size': 1, 'learning_rate': 0.025463289423787477}. Best is trial 82 with value: 0.059888869524002075.
LOCAL_RANK: 0 - CUDA_VISIBLE_DEVICES: [0]
[I 2023-11-30 13:25:15,128] Trial 116 finished with value: 0.1588805913925171 and parameters: {'gradient_clip_val': 0.3755811182406109, 'hidden_size': 82, 'dropout': 0.3184568055758775, 'hidden_continuous_size': 45, 'attention_head_size': 1, 'learning_rate': 0.017808684502882897}. Best is trial 82 with value: 0.059888869524002075.
LOCAL_RANK: 0 - CUDA_VISIBLE_DEVICES: [0]
[I 2023-11-30 13:25:29,097] Trial 117 finished with value: 0.09749698638916016 and parameters: {'gradient_clip_val': 0.45959369883948636, 'hidden_size': 99, 'dropout': 0.32481267495771565, 'hidden_continuous_size': 52, 'attention_head_size': 1, 'learning_rate': 0.021459114553964268}. Best is trial 82 with value: 0.059888869524002075.
LOCAL_RANK: 0 - CUDA_VISIBLE_DEVICES: [0]
[I 2023-11-30 13:25:42,846] Trial 118 finished with value: 0.11090303212404251 and parameters: {'gradient_clip_val': 0.4151716176564053, 'hidden_size': 90, 'dropout': 0.35741222396455224, 'hidden_continuous_size': 37, 'attention_head_size': 1, 'learning_rate': 0.030538254615533635}. Best is trial 82 with value: 0.059888869524002075.
LOCAL_RANK: 0 - CUDA_VISIBLE_DEVICES: [0]
[I 2023-11-30 13:25:56,887] Trial 119 finished with value: 0.13265909254550934 and parameters: {'gradient_clip_val': 0.5104891028834607, 'hidden_size': 113, 'dropout': 0.3417554157205564, 'hidden_continuous_size': 40, 'attention_head_size': 1, 'learning_rate': 0.025646683993807404}. Best is trial 82 with value: 0.059888869524002075.
LOCAL_RANK: 0 - CUDA_VISIBLE_DEVICES: [0]
[I 2023-11-30 13:26:10,760] Trial 120 finished with value: 0.12009358406066895 and parameters: {'gradient_clip_val': 0.3918594896840437, 'hidden_size': 84, 'dropout': 0.3066253288521475, 'hidden_continuous_size': 42, 'attention_head_size': 1, 'learning_rate': 0.016021864740943834}. Best is trial 82 with value: 0.059888869524002075.
LOCAL_RANK: 0 - CUDA_VISIBLE_DEVICES: [0]
[I 2023-11-30 13:26:24,339] Trial 121 finished with value: 0.08449438214302063 and parameters: {'gradient_clip_val': 0.4295403719332203, 'hidden_size': 76, 'dropout': 0.33523058699794084, 'hidden_continuous_size': 37, 'attention_head_size': 1, 'learning_rate': 0.033602745352038714}. Best is trial 82 with value: 0.059888869524002075.
LOCAL_RANK: 0 - CUDA_VISIBLE_DEVICES: [0]
[I 2023-11-30 13:26:38,053] Trial 122 finished with value: 0.09797403961420059 and parameters: {'gradient_clip_val': 0.48451946788300543, 'hidden_size': 87, 'dropout': 0.3209977089209115, 'hidden_continuous_size': 39, 'attention_head_size': 2, 'learning_rate': 0.021170199433993866}. Best is trial 82 with value: 0.059888869524002075.
LOCAL_RANK: 0 - CUDA_VISIBLE_DEVICES: [0]
[I 2023-11-30 13:26:52,006] Trial 123 finished with value: 0.11091683059930801 and parameters: {'gradient_clip_val': 0.45798771655848286, 'hidden_size': 105, 'dropout': 0.3440664089898592, 'hidden_continuous_size': 34, 'attention_head_size': 2, 'learning_rate': 0.027458985023364333}. Best is trial 82 with value: 0.059888869524002075.
LOCAL_RANK: 0 - CUDA_VISIBLE_DEVICES: [0]
[I 2023-11-30 13:27:05,699] Trial 124 finished with value: 0.07746697217226028 and parameters: {'gradient_clip_val': 0.5572262402197546, 'hidden_size': 80, 'dropout': 0.32859466696488937, 'hidden_continuous_size': 41, 'attention_head_size': 2, 'learning_rate': 0.022876623631120835}. Best is trial 82 with value: 0.059888869524002075.
LOCAL_RANK: 0 - CUDA_VISIBLE_DEVICES: [0]
[I 2023-11-30 13:27:19,317] Trial 125 finished with value: 0.09848576039075851 and parameters: {'gradient_clip_val': 0.5441895447999366, 'hidden_size': 80, 'dropout': 0.3306860335185212, 'hidden_continuous_size': 42, 'attention_head_size': 2, 'learning_rate': 0.023232521656009048}. Best is trial 82 with value: 0.059888869524002075.
LOCAL_RANK: 0 - CUDA_VISIBLE_DEVICES: [0]
