[I 2023-11-30 09:36:29,426] Trial 133 finished with value: 0.6287099719047546 and parameters: {'gradient_clip_val': 0.5822071277439554, 'hidden_size': 62, 'dropout': 0.32211015655435976, 'hidden_continuous_size': 14, 'attention_head_size': 3, 'learning_rate': 0.05504451479804947}. Best is trial 78 with value: 0.2180371731519699.
LOCAL_RANK: 0 - CUDA_VISIBLE_DEVICES: [0]
[I 2023-11-30 09:36:42,748] Trial 134 finished with value: 0.7460728287696838 and parameters: {'gradient_clip_val': 0.5462987803547336, 'hidden_size': 71, 'dropout': 0.35160540625858383, 'hidden_continuous_size': 15, 'attention_head_size': 3, 'learning_rate': 0.03546902689943586}. Best is trial 78 with value: 0.2180371731519699.
LOCAL_RANK: 0 - CUDA_VISIBLE_DEVICES: [0]
[I 2023-11-30 09:36:55,610] Trial 135 finished with value: 0.4849134385585785 and parameters: {'gradient_clip_val': 0.6204215258216326, 'hidden_size': 39, 'dropout': 0.3403794929168619, 'hidden_continuous_size': 10, 'attention_head_size': 3, 'learning_rate': 0.06140322078432546}. Best is trial 78 with value: 0.2180371731519699.
LOCAL_RANK: 0 - CUDA_VISIBLE_DEVICES: [0]
[I 2023-11-30 09:37:08,690] Trial 136 finished with value: 0.3537701666355133 and parameters: {'gradient_clip_val': 0.4838385221472988, 'hidden_size': 49, 'dropout': 0.3333887908430054, 'hidden_continuous_size': 20, 'attention_head_size': 3, 'learning_rate': 0.0459083588681424}. Best is trial 78 with value: 0.2180371731519699.
LOCAL_RANK: 0 - CUDA_VISIBLE_DEVICES: [0]
[I 2023-11-30 09:37:21,804] Trial 137 finished with value: 0.43031564354896545 and parameters: {'gradient_clip_val': 0.45202575287209107, 'hidden_size': 55, 'dropout': 0.39166751056361765, 'hidden_continuous_size': 17, 'attention_head_size': 3, 'learning_rate': 0.07769802769564482}. Best is trial 78 with value: 0.2180371731519699.
LOCAL_RANK: 0 - CUDA_VISIBLE_DEVICES: [0]
[I 2023-11-30 09:37:35,247] Trial 138 finished with value: 0.3661230504512787 and parameters: {'gradient_clip_val': 0.7879184889411532, 'hidden_size': 79, 'dropout': 0.3250290414219152, 'hidden_continuous_size': 14, 'attention_head_size': 3, 'learning_rate': 0.06924527261942878}. Best is trial 78 with value: 0.2180371731519699.
LOCAL_RANK: 0 - CUDA_VISIBLE_DEVICES: [0]
[I 2023-11-30 09:37:48,495] Trial 139 finished with value: 0.8667173385620117 and parameters: {'gradient_clip_val': 0.7331997734437883, 'hidden_size': 60, 'dropout': 0.29131069870606924, 'hidden_continuous_size': 15, 'attention_head_size': 3, 'learning_rate': 0.05695282982843295}. Best is trial 78 with value: 0.2180371731519699.
LOCAL_RANK: 0 - CUDA_VISIBLE_DEVICES: [0]
[I 2023-11-30 09:38:01,354] Trial 140 finished with value: 0.27147147059440613 and parameters: {'gradient_clip_val': 0.6789932775614123, 'hidden_size': 43, 'dropout': 0.2822983124674192, 'hidden_continuous_size': 19, 'attention_head_size': 2, 'learning_rate': 0.04119717616304661}. Best is trial 78 with value: 0.2180371731519699.
LOCAL_RANK: 0 - CUDA_VISIBLE_DEVICES: [0]
[I 2023-11-30 09:38:14,642] Trial 141 finished with value: 0.4712789058685303 and parameters: {'gradient_clip_val': 0.4755674449685065, 'hidden_size': 75, 'dropout': 0.34566820328697495, 'hidden_continuous_size': 14, 'attention_head_size': 3, 'learning_rate': 0.04939248997062523}. Best is trial 78 with value: 0.2180371731519699.
LOCAL_RANK: 0 - CUDA_VISIBLE_DEVICES: [0]
[I 2023-11-30 09:38:28,247] Trial 142 finished with value: 0.551080584526062 and parameters: {'gradient_clip_val': 0.49686812605253405, 'hidden_size': 85, 'dropout': 0.329325175887489, 'hidden_continuous_size': 12, 'attention_head_size': 3, 'learning_rate': 0.04032933372325334}. Best is trial 78 with value: 0.2180371731519699.
LOCAL_RANK: 0 - CUDA_VISIBLE_DEVICES: [0]
[I 2023-11-30 09:38:41,611] Trial 143 finished with value: 0.39608994126319885 and parameters: {'gradient_clip_val': 0.4421174342188831, 'hidden_size': 67, 'dropout': 0.3184254258474429, 'hidden_continuous_size': 15, 'attention_head_size': 3, 'learning_rate': 0.031490953356382585}. Best is trial 78 with value: 0.2180371731519699.
LOCAL_RANK: 0 - CUDA_VISIBLE_DEVICES: [0]
[I 2023-11-30 09:38:55,102] Trial 144 finished with value: 0.25879034399986267 and parameters: {'gradient_clip_val': 0.5653958115628336, 'hidden_size': 75, 'dropout': 0.32759664466831573, 'hidden_continuous_size': 14, 'attention_head_size': 3, 'learning_rate': 0.04376960272309556}. Best is trial 78 with value: 0.2180371731519699.
LOCAL_RANK: 0 - CUDA_VISIBLE_DEVICES: [0]
[I 2023-11-30 09:39:08,609] Trial 145 finished with value: 0.4259798526763916 and parameters: {'gradient_clip_val': 0.5653009171179622, 'hidden_size': 70, 'dropout': 0.3082402991554902, 'hidden_continuous_size': 16, 'attention_head_size': 3, 'learning_rate': 0.05126264007445586}. Best is trial 78 with value: 0.2180371731519699.
LOCAL_RANK: 0 - CUDA_VISIBLE_DEVICES: [0]
[I 2023-11-30 09:39:22,072] Trial 146 finished with value: 0.3012212812900543 and parameters: {'gradient_clip_val': 0.41498677929152195, 'hidden_size': 92, 'dropout': 0.33977136273898656, 'hidden_continuous_size': 13, 'attention_head_size': 3, 'learning_rate': 0.06292346534952639}. Best is trial 78 with value: 0.2180371731519699.
LOCAL_RANK: 0 - CUDA_VISIBLE_DEVICES: [0]
[I 2023-11-30 09:39:34,899] Trial 147 finished with value: 0.4324933588504791 and parameters: {'gradient_clip_val': 0.5998595953380712, 'hidden_size': 37, 'dropout': 0.3529905680560718, 'hidden_continuous_size': 21, 'attention_head_size': 3, 'learning_rate': 0.03551096706204523}. Best is trial 78 with value: 0.2180371731519699.
LOCAL_RANK: 0 - CUDA_VISIBLE_DEVICES: [0]
[I 2023-11-30 09:39:48,009] Trial 148 finished with value: 0.4104677736759186 and parameters: {'gradient_clip_val': 0.6591171110849599, 'hidden_size': 64, 'dropout': 0.3347840580113579, 'hidden_continuous_size': 16, 'attention_head_size': 2, 'learning_rate': 0.0454785789858796}. Best is trial 78 with value: 0.2180371731519699.
LOCAL_RANK: 0 - CUDA_VISIBLE_DEVICES: [0]
[I 2023-11-30 09:40:01,812] Trial 149 finished with value: 0.4409589469432831 and parameters: {'gradient_clip_val': 0.8394868775226605, 'hidden_size': 81, 'dropout': 0.3628487004893098, 'hidden_continuous_size': 17, 'attention_head_size': 4, 'learning_rate': 0.07550404060377719}. Best is trial 78 with value: 0.2180371731519699.
[I 2023-11-30 09:40:01,922] A new study created in memory with name: no-name-ad8aaa94-6fbf-4b26-b5d2-fa8fe02e0ca9
/home/le004/conda/anaconda3/envs/tsff_env/lib/python3.9/site-packages/lightning/fabric/plugins/environments/slurm.py:191: The `srun` command is available on your system but is not used. HINT: If your intention is to run Lightning on SLURM, prepend your python command with `srun` like so: srun python /home/le004/master_thesis/git/TSFusionForecast/code/ ...
LOCAL_RANK: 0 - CUDA_VISIBLE_DEVICES: [0]
[I 2023-11-30 09:40:13,999] Trial 0 finished with value: 1.1031804084777832 and parameters: {'gradient_clip_val': 0.41109337253549055, 'hidden_size': 28, 'dropout': 0.31972367990992956, 'hidden_continuous_size': 11, 'attention_head_size': 2, 'learning_rate': 0.0021438718148062536}. Best is trial 0 with value: 1.1031804084777832.
LOCAL_RANK: 0 - CUDA_VISIBLE_DEVICES: [0]
[I 2023-11-30 09:40:24,526] Trial 1 finished with value: 0.1350380927324295 and parameters: {'gradient_clip_val': 0.8114854058176675, 'hidden_size': 11, 'dropout': 0.3152776260259008, 'hidden_continuous_size': 11, 'attention_head_size': 4, 'learning_rate': 0.08707695298613652}. Best is trial 1 with value: 0.1350380927324295.
LOCAL_RANK: 0 - CUDA_VISIBLE_DEVICES: [0]
[I 2023-11-30 09:40:36,639] Trial 2 finished with value: 0.4148387908935547 and parameters: {'gradient_clip_val': 0.9819764982845116, 'hidden_size': 11, 'dropout': 0.21149208560155439, 'hidden_continuous_size': 10, 'attention_head_size': 3, 'learning_rate': 0.06116508481514356}. Best is trial 1 with value: 0.1350380927324295.
LOCAL_RANK: 0 - CUDA_VISIBLE_DEVICES: [0]
[I 2023-11-30 09:40:49,948] Trial 3 finished with value: 0.7987343668937683 and parameters: {'gradient_clip_val': 0.2092897904906428, 'hidden_size': 74, 'dropout': 0.222030148022911, 'hidden_continuous_size': 14, 'attention_head_size': 1, 'learning_rate': 0.0013824034570181676}. Best is trial 1 with value: 0.1350380927324295.
LOCAL_RANK: 0 - CUDA_VISIBLE_DEVICES: [0]
[I 2023-11-30 09:41:04,287] Trial 4 finished with value: 0.09207546710968018 and parameters: {'gradient_clip_val': 0.8624327830034813, 'hidden_size': 125, 'dropout': 0.28059105339176144, 'hidden_continuous_size': 111, 'attention_head_size': 1, 'learning_rate': 0.006363058932757797}. Best is trial 4 with value: 0.09207546710968018.
LOCAL_RANK: 0 - CUDA_VISIBLE_DEVICES: [0]
[I 2023-11-30 09:41:17,155] Trial 5 finished with value: 0.07981445640325546 and parameters: {'gradient_clip_val': 0.28282615057766874, 'hidden_size': 33, 'dropout': 0.3097983836029885, 'hidden_continuous_size': 14, 'attention_head_size': 3, 'learning_rate': 0.09570563083783003}. Best is trial 5 with value: 0.07981445640325546.
LOCAL_RANK: 0 - CUDA_VISIBLE_DEVICES: [0]
[I 2023-11-30 09:41:30,208] Trial 6 finished with value: 1.073115348815918 and parameters: {'gradient_clip_val': 0.12456819755588411, 'hidden_size': 58, 'dropout': 0.3519790459266915, 'hidden_continuous_size': 11, 'attention_head_size': 3, 'learning_rate': 0.0012510346116272155}. Best is trial 5 with value: 0.07981445640325546.
LOCAL_RANK: 0 - CUDA_VISIBLE_DEVICES: [0]
[I 2023-11-30 09:41:42,790] Trial 7 finished with value: 0.18011313676834106 and parameters: {'gradient_clip_val': 0.8961884410607641, 'hidden_size': 34, 'dropout': 0.18343562226847132, 'hidden_continuous_size': 14, 'attention_head_size': 2, 'learning_rate': 0.01709192496612541}. Best is trial 5 with value: 0.07981445640325546.
LOCAL_RANK: 0 - CUDA_VISIBLE_DEVICES: [0]
[I 2023-11-30 09:41:56,544] Trial 8 finished with value: 0.27793458104133606 and parameters: {'gradient_clip_val': 0.17011135665277466, 'hidden_size': 90, 'dropout': 0.19551145907797368, 'hidden_continuous_size': 12, 'attention_head_size': 4, 'learning_rate': 0.001980551009497051}. Best is trial 5 with value: 0.07981445640325546.
LOCAL_RANK: 0 - CUDA_VISIBLE_DEVICES: [0]
[I 2023-11-30 09:42:10,182] Trial 9 finished with value: 0.8210965991020203 and parameters: {'gradient_clip_val': 0.11399523139286107, 'hidden_size': 85, 'dropout': 0.23706308409228638, 'hidden_continuous_size': 17, 'attention_head_size': 2, 'learning_rate': 0.0018928225898988329}. Best is trial 5 with value: 0.07981445640325546.
LOCAL_RANK: 0 - CUDA_VISIBLE_DEVICES: [0]
[I 2023-11-30 09:42:22,832] Trial 10 finished with value: 0.1084972694516182 and parameters: {'gradient_clip_val': 0.2891208350341549, 'hidden_size': 27, 'dropout': 0.38592521588551437, 'hidden_continuous_size': 17, 'attention_head_size': 3, 'learning_rate': 0.03755952285819384}. Best is trial 5 with value: 0.07981445640325546.
LOCAL_RANK: 0 - CUDA_VISIBLE_DEVICES: [0]
[I 2023-11-30 09:42:37,044] Trial 11 finished with value: 0.10185614973306656 and parameters: {'gradient_clip_val': 0.501137286530167, 'hidden_size': 124, 'dropout': 0.10916102037746311, 'hidden_continuous_size': 98, 'attention_head_size': 1, 'learning_rate': 0.0068338045116537105}. Best is trial 5 with value: 0.07981445640325546.
LOCAL_RANK: 0 - CUDA_VISIBLE_DEVICES: [0]
[I 2023-11-30 09:42:51,539] Trial 12 finished with value: 0.07407308369874954 and parameters: {'gradient_clip_val': 0.534871386093856, 'hidden_size': 126, 'dropout': 0.28373692194201083, 'hidden_continuous_size': 103, 'attention_head_size': 1, 'learning_rate': 0.007799630680138601}. Best is trial 12 with value: 0.07407308369874954.
LOCAL_RANK: 0 - CUDA_VISIBLE_DEVICES: [0]
[I 2023-11-30 09:43:04,784] Trial 13 finished with value: 0.12242283672094345 and parameters: {'gradient_clip_val': 0.5131600249480925, 'hidden_size': 46, 'dropout': 0.2846633077260546, 'hidden_continuous_size': 29, 'attention_head_size': 3, 'learning_rate': 0.024865456187584428}. Best is trial 12 with value: 0.07407308369874954.
LOCAL_RANK: 0 - CUDA_VISIBLE_DEVICES: [0]
[I 2023-11-30 09:43:19,451] Trial 14 finished with value: 0.09606171399354935 and parameters: {'gradient_clip_val': 0.3110494120953821, 'hidden_size': 138, 'dropout': 0.2650382126090146, 'hidden_continuous_size': 67, 'attention_head_size': 2, 'learning_rate': 0.012377562577362045}. Best is trial 12 with value: 0.07407308369874954.
LOCAL_RANK: 0 - CUDA_VISIBLE_DEVICES: [0]
[I 2023-11-30 09:43:32,439] Trial 15 finished with value: 0.07702799886465073 and parameters: {'gradient_clip_val': 0.24184271396685275, 'hidden_size': 46, 'dropout': 0.3248121411385141, 'hidden_continuous_size': 25, 'attention_head_size': 4, 'learning_rate': 0.09528701007009778}. Best is trial 12 with value: 0.07407308369874954.
LOCAL_RANK: 0 - CUDA_VISIBLE_DEVICES: [0]
[I 2023-11-30 09:43:45,749] Trial 16 finished with value: 0.1508246213197708 and parameters: {'gradient_clip_val': 0.21923302608706224, 'hidden_size': 50, 'dropout': 0.34128920085761555, 'hidden_continuous_size': 28, 'attention_head_size': 4, 'learning_rate': 0.028819334240355855}. Best is trial 12 with value: 0.07407308369874954.
LOCAL_RANK: 0 - CUDA_VISIBLE_DEVICES: [0]
[I 2023-11-30 09:44:00,547] Trial 17 finished with value: 0.09832341223955154 and parameters: {'gradient_clip_val': 0.3869560917130158, 'hidden_size': 147, 'dropout': 0.35679933215733217, 'hidden_continuous_size': 144, 'attention_head_size': 1, 'learning_rate': 0.04774865156042857}. Best is trial 12 with value: 0.07407308369874954.
LOCAL_RANK: 0 - CUDA_VISIBLE_DEVICES: [0]
[I 2023-11-30 09:44:14,422] Trial 18 finished with value: 0.14605990052223206 and parameters: {'gradient_clip_val': 0.6173133711077835, 'hidden_size': 100, 'dropout': 0.3870612626253777, 'hidden_continuous_size': 39, 'attention_head_size': 4, 'learning_rate': 0.008529387928141726}. Best is trial 12 with value: 0.07407308369874954.
LOCAL_RANK: 0 - CUDA_VISIBLE_DEVICES: [0]
[I 2023-11-30 09:44:27,897] Trial 19 finished with value: 0.47647523880004883 and parameters: {'gradient_clip_val': 0.6560805992338727, 'hidden_size': 58, 'dropout': 0.259018858464783, 'hidden_continuous_size': 22, 'attention_head_size': 2, 'learning_rate': 0.004252054826444467}. Best is trial 12 with value: 0.07407308369874954.
LOCAL_RANK: 0 - CUDA_VISIBLE_DEVICES: [0]
[I 2023-11-30 09:44:41,557] Trial 20 finished with value: 0.12790511548519135 and parameters: {'gradient_clip_val': 0.3640133806373579, 'hidden_size': 68, 'dropout': 0.29574031450874394, 'hidden_continuous_size': 36, 'attention_head_size': 4, 'learning_rate': 0.015154342055545783}. Best is trial 12 with value: 0.07407308369874954.
LOCAL_RANK: 0 - CUDA_VISIBLE_DEVICES: [0]
[I 2023-11-30 09:44:54,393] Trial 21 finished with value: 0.08675193786621094 and parameters: {'gradient_clip_val': 0.2654602297538476, 'hidden_size': 39, 'dropout': 0.3096536828633403, 'hidden_continuous_size': 19, 'attention_head_size': 3, 'learning_rate': 0.07798548264645028}. Best is trial 12 with value: 0.07407308369874954.
LOCAL_RANK: 0 - CUDA_VISIBLE_DEVICES: [0]
[I 2023-11-30 09:45:06,855] Trial 22 finished with value: 0.09056980162858963 and parameters: {'gradient_clip_val': 0.24572321202363193, 'hidden_size': 22, 'dropout': 0.33018644275769893, 'hidden_continuous_size': 13, 'attention_head_size': 3, 'learning_rate': 0.06292224475009958}. Best is trial 12 with value: 0.07407308369874954.
LOCAL_RANK: 0 - CUDA_VISIBLE_DEVICES: [0]
[I 2023-11-30 09:45:20,427] Trial 23 finished with value: 0.09040617942810059 and parameters: {'gradient_clip_val': 0.32143583077633836, 'hidden_size': 70, 'dropout': 0.29741898874337347, 'hidden_continuous_size': 20, 'attention_head_size': 4, 'learning_rate': 0.0923861280599892}. Best is trial 12 with value: 0.07407308369874954.
LOCAL_RANK: 0 - CUDA_VISIBLE_DEVICES: [0]
[I 2023-11-30 09:45:34,638] Trial 24 finished with value: 0.08665917068719864 and parameters: {'gradient_clip_val': 0.16613629466065077, 'hidden_size': 102, 'dropout': 0.27223911152661195, 'hidden_continuous_size': 50, 'attention_head_size': 3, 'learning_rate': 0.04609089172933831}. Best is trial 12 with value: 0.07407308369874954.
LOCAL_RANK: 0 - CUDA_VISIBLE_DEVICES: [0]
[I 2023-11-30 09:45:47,456] Trial 25 finished with value: 0.09996817260980606 and parameters: {'gradient_clip_val': 0.3402883319890047, 'hidden_size': 43, 'dropout': 0.35914112213959976, 'hidden_continuous_size': 16, 'attention_head_size': 2, 'learning_rate': 0.09677131022798603}. Best is trial 12 with value: 0.07407308369874954.
LOCAL_RANK: 0 - CUDA_VISIBLE_DEVICES: [0]
[I 2023-11-30 09:46:00,804] Trial 26 finished with value: 0.08807087689638138 and parameters: {'gradient_clip_val': 0.43128187704178284, 'hidden_size': 57, 'dropout': 0.3232278997088399, 'hidden_continuous_size': 24, 'attention_head_size': 4, 'learning_rate': 0.022840945911560495}. Best is trial 12 with value: 0.07407308369874954.
LOCAL_RANK: 0 - CUDA_VISIBLE_DEVICES: [0]
[I 2023-11-30 09:46:12,945] Trial 27 finished with value: 0.103250652551651 and parameters: {'gradient_clip_val': 0.2915024534020175, 'hidden_size': 19, 'dropout': 0.25029462033146105, 'hidden_continuous_size': 13, 'attention_head_size': 1, 'learning_rate': 0.040941988052343815}. Best is trial 12 with value: 0.07407308369874954.
LOCAL_RANK: 0 - CUDA_VISIBLE_DEVICES: [0]
[I 2023-11-30 09:46:25,625] Trial 28 finished with value: 0.07912242412567139 and parameters: {'gradient_clip_val': 0.23728211248749012, 'hidden_size': 34, 'dropout': 0.30042616242538395, 'hidden_continuous_size': 15, 'attention_head_size': 3, 'learning_rate': 0.0636081037564484}. Best is trial 12 with value: 0.07407308369874954.
LOCAL_RANK: 0 - CUDA_VISIBLE_DEVICES: [0]
[I 2023-11-30 09:46:38,603] Trial 29 finished with value: 0.7360141277313232 and parameters: {'gradient_clip_val': 0.4326119418852659, 'hidden_size': 37, 'dropout': 0.33537767613925573, 'hidden_continuous_size': 16, 'attention_head_size': 2, 'learning_rate': 0.004207734392689211}. Best is trial 12 with value: 0.07407308369874954.
LOCAL_RANK: 0 - CUDA_VISIBLE_DEVICES: [0]
[I 2023-11-30 09:46:51,664] Trial 30 finished with value: 0.06755583733320236 and parameters: {'gradient_clip_val': 0.23510708407063324, 'hidden_size': 48, 'dropout': 0.2916299501351749, 'hidden_continuous_size': 23, 'attention_head_size': 4, 'learning_rate': 0.06376451860812961}. Best is trial 30 with value: 0.06755583733320236.
LOCAL_RANK: 0 - CUDA_VISIBLE_DEVICES: [0]
[I 2023-11-30 09:47:04,921] Trial 31 finished with value: 0.07818412780761719 and parameters: {'gradient_clip_val': 0.24933361928125783, 'hidden_size': 51, 'dropout': 0.29168409707239507, 'hidden_continuous_size': 25, 'attention_head_size': 4, 'learning_rate': 0.06305834743779615}. Best is trial 30 with value: 0.06755583733320236.
LOCAL_RANK: 0 - CUDA_VISIBLE_DEVICES: [0]
[I 2023-11-30 09:47:18,204] Trial 32 finished with value: 0.0842377170920372 and parameters: {'gradient_clip_val': 0.20028696028923287, 'hidden_size': 50, 'dropout': 0.2796590931475904, 'hidden_continuous_size': 24, 'attention_head_size': 4, 'learning_rate': 0.03379570086968796}. Best is trial 30 with value: 0.06755583733320236.
LOCAL_RANK: 0 - CUDA_VISIBLE_DEVICES: [0]
[I 2023-11-30 09:47:31,142] Trial 33 finished with value: 0.11227663606405258 and parameters: {'gradient_clip_val': 0.2508487311191522, 'hidden_size': 43, 'dropout': 0.31799106121724036, 'hidden_continuous_size': 19, 'attention_head_size': 4, 'learning_rate': 0.061960286780550385}. Best is trial 30 with value: 0.06755583733320236.
LOCAL_RANK: 0 - CUDA_VISIBLE_DEVICES: [0]
[I 2023-11-30 09:47:44,965] Trial 34 finished with value: 0.09130850434303284 and parameters: {'gradient_clip_val': 0.3527246037546634, 'hidden_size': 66, 'dropout': 0.29092787927452013, 'hidden_continuous_size': 29, 'attention_head_size': 4, 'learning_rate': 0.056400148597899685}. Best is trial 30 with value: 0.06755583733320236.
LOCAL_RANK: 0 - CUDA_VISIBLE_DEVICES: [0]
[I 2023-11-30 09:47:58,680] Trial 35 finished with value: 0.10504169017076492 and parameters: {'gradient_clip_val': 0.18033709705281986, 'hidden_size': 82, 'dropout': 0.2687298521712108, 'hidden_continuous_size': 25, 'attention_head_size': 4, 'learning_rate': 0.07702645130344865}. Best is trial 30 with value: 0.06755583733320236.
LOCAL_RANK: 0 - CUDA_VISIBLE_DEVICES: [0]
[I 2023-11-30 09:48:12,439] Trial 36 finished with value: 0.0953027531504631 and parameters: {'gradient_clip_val': 0.21953333569418948, 'hidden_size': 79, 'dropout': 0.31249471621420866, 'hidden_continuous_size': 35, 'attention_head_size': 4, 'learning_rate': 0.04686664721687247}. Best is trial 30 with value: 0.06755583733320236.
LOCAL_RANK: 0 - CUDA_VISIBLE_DEVICES: [0]
[I 2023-11-30 09:48:25,673] Trial 37 finished with value: 0.07904449105262756 and parameters: {'gradient_clip_val': 0.2864986137593643, 'hidden_size': 53, 'dropout': 0.238214987682164, 'hidden_continuous_size': 21, 'attention_head_size': 4, 'learning_rate': 0.07752310970610095}. Best is trial 30 with value: 0.06755583733320236.
LOCAL_RANK: 0 - CUDA_VISIBLE_DEVICES: [0]
[I 2023-11-30 09:48:38,549] Trial 38 finished with value: 0.10495918244123459 and parameters: {'gradient_clip_val': 0.2563281711713058, 'hidden_size': 61, 'dropout': 0.2841601255019226, 'hidden_continuous_size': 10, 'attention_head_size': 1, 'learning_rate': 0.09986931206900852}. Best is trial 30 with value: 0.06755583733320236.
LOCAL_RANK: 0 - CUDA_VISIBLE_DEVICES: [0]
[I 2023-11-30 09:48:52,334] Trial 39 finished with value: 0.08267480880022049 and parameters: {'gradient_clip_val': 0.15321492470748027, 'hidden_size': 69, 'dropout': 0.3080758847004561, 'hidden_continuous_size': 28, 'attention_head_size': 3, 'learning_rate': 0.032130490783200745}. Best is trial 30 with value: 0.06755583733320236.
LOCAL_RANK: 0 - CUDA_VISIBLE_DEVICES: [0]
