[I 2023-11-30 10:02:22,319] Trial 99 finished with value: 0.07535461336374283 and parameters: {'gradient_clip_val': 0.4964977551078737, 'hidden_size': 65, 'dropout': 0.283361940337981, 'hidden_continuous_size': 20, 'attention_head_size': 3, 'learning_rate': 0.0662733394469827}. Best is trial 49 with value: 0.059285968542099.
LOCAL_RANK: 0 - CUDA_VISIBLE_DEVICES: [0]
[I 2023-11-30 10:02:35,920] Trial 100 finished with value: 0.09960538148880005 and parameters: {'gradient_clip_val': 0.34727080367980834, 'hidden_size': 84, 'dropout': 0.24752749361350476, 'hidden_continuous_size': 30, 'attention_head_size': 3, 'learning_rate': 0.05627341487535105}. Best is trial 49 with value: 0.059285968542099.
LOCAL_RANK: 0 - CUDA_VISIBLE_DEVICES: [0]
[I 2023-11-30 10:02:49,162] Trial 101 finished with value: 0.0801195576786995 and parameters: {'gradient_clip_val': 0.32114381514658247, 'hidden_size': 53, 'dropout': 0.27308598666730116, 'hidden_continuous_size': 22, 'attention_head_size': 3, 'learning_rate': 0.05859899348387497}. Best is trial 49 with value: 0.059285968542099.
LOCAL_RANK: 0 - CUDA_VISIBLE_DEVICES: [0]
[I 2023-11-30 10:03:02,442] Trial 102 finished with value: 0.07067513465881348 and parameters: {'gradient_clip_val': 0.2885924524493165, 'hidden_size': 60, 'dropout': 0.2698589164502327, 'hidden_continuous_size': 23, 'attention_head_size': 3, 'learning_rate': 0.0511175851602823}. Best is trial 49 with value: 0.059285968542099.
LOCAL_RANK: 0 - CUDA_VISIBLE_DEVICES: [0]
[I 2023-11-30 10:03:16,084] Trial 103 finished with value: 0.07923860102891922 and parameters: {'gradient_clip_val': 0.4291646040748651, 'hidden_size': 69, 'dropout': 0.2882552164094174, 'hidden_continuous_size': 23, 'attention_head_size': 3, 'learning_rate': 0.05052078392511035}. Best is trial 49 with value: 0.059285968542099.
LOCAL_RANK: 0 - CUDA_VISIBLE_DEVICES: [0]
[I 2023-11-30 10:03:29,429] Trial 104 finished with value: 0.08741279691457748 and parameters: {'gradient_clip_val': 0.2912358883949315, 'hidden_size': 58, 'dropout': 0.2601497089360815, 'hidden_continuous_size': 25, 'attention_head_size': 3, 'learning_rate': 0.04070221541791352}. Best is trial 49 with value: 0.059285968542099.
LOCAL_RANK: 0 - CUDA_VISIBLE_DEVICES: [0]
[I 2023-11-30 10:03:43,019] Trial 105 finished with value: 0.08796810358762741 and parameters: {'gradient_clip_val': 0.27808742927241176, 'hidden_size': 62, 'dropout': 0.28099612811906305, 'hidden_continuous_size': 24, 'attention_head_size': 3, 'learning_rate': 0.0896874768129983}. Best is trial 49 with value: 0.059285968542099.
LOCAL_RANK: 0 - CUDA_VISIBLE_DEVICES: [0]
[I 2023-11-30 10:03:56,687] Trial 106 finished with value: 0.0964982882142067 and parameters: {'gradient_clip_val': 0.3556275197565847, 'hidden_size': 76, 'dropout': 0.26444175228636496, 'hidden_continuous_size': 26, 'attention_head_size': 4, 'learning_rate': 0.04479757610908723}. Best is trial 49 with value: 0.059285968542099.
LOCAL_RANK: 0 - CUDA_VISIBLE_DEVICES: [0]
[I 2023-11-30 10:04:09,782] Trial 107 finished with value: 0.06602737307548523 and parameters: {'gradient_clip_val': 0.2651003899180862, 'hidden_size': 49, 'dropout': 0.29386454681108665, 'hidden_continuous_size': 21, 'attention_head_size': 3, 'learning_rate': 0.07443685921734144}. Best is trial 49 with value: 0.059285968542099.
LOCAL_RANK: 0 - CUDA_VISIBLE_DEVICES: [0]
[I 2023-11-30 10:04:22,720] Trial 108 finished with value: 0.0737501010298729 and parameters: {'gradient_clip_val': 0.32261683888595416, 'hidden_size': 45, 'dropout': 0.30085439488314236, 'hidden_continuous_size': 21, 'attention_head_size': 3, 'learning_rate': 0.07836904038278544}. Best is trial 49 with value: 0.059285968542099.
LOCAL_RANK: 0 - CUDA_VISIBLE_DEVICES: [0]
[I 2023-11-30 10:04:35,887] Trial 109 finished with value: 0.10434592515230179 and parameters: {'gradient_clip_val': 0.3011520266611028, 'hidden_size': 52, 'dropout': 0.2749128408590347, 'hidden_continuous_size': 18, 'attention_head_size': 3, 'learning_rate': 0.07148041900083858}. Best is trial 49 with value: 0.059285968542099.
LOCAL_RANK: 0 - CUDA_VISIBLE_DEVICES: [0]
[I 2023-11-30 10:04:48,978] Trial 110 finished with value: 0.07449992746114731 and parameters: {'gradient_clip_val': 0.2609082417724312, 'hidden_size': 49, 'dropout': 0.2933884334342772, 'hidden_continuous_size': 23, 'attention_head_size': 4, 'learning_rate': 0.06651656867569514}. Best is trial 49 with value: 0.059285968542099.
LOCAL_RANK: 0 - CUDA_VISIBLE_DEVICES: [0]
[I 2023-11-30 10:05:02,158] Trial 111 finished with value: 0.11935921758413315 and parameters: {'gradient_clip_val': 0.34086323095271126, 'hidden_size': 55, 'dropout': 0.3101723962185819, 'hidden_continuous_size': 21, 'attention_head_size': 3, 'learning_rate': 0.05532660101927034}. Best is trial 49 with value: 0.059285968542099.
LOCAL_RANK: 0 - CUDA_VISIBLE_DEVICES: [0]
[I 2023-11-30 10:05:15,646] Trial 112 finished with value: 0.10562745481729507 and parameters: {'gradient_clip_val': 0.44656278502495916, 'hidden_size': 63, 'dropout': 0.2802543893261604, 'hidden_continuous_size': 23, 'attention_head_size': 3, 'learning_rate': 0.050077575028292506}. Best is trial 49 with value: 0.059285968542099.
LOCAL_RANK: 0 - CUDA_VISIBLE_DEVICES: [0]
[I 2023-11-30 10:05:29,222] Trial 113 finished with value: 0.053196121007204056 and parameters: {'gradient_clip_val': 0.3980404517588159, 'hidden_size': 73, 'dropout': 0.28979442539570593, 'hidden_continuous_size': 27, 'attention_head_size': 3, 'learning_rate': 0.06581548056007074}. Best is trial 113 with value: 0.053196121007204056.
LOCAL_RANK: 0 - CUDA_VISIBLE_DEVICES: [0]
[I 2023-11-30 10:05:42,781] Trial 114 finished with value: 0.10584219545125961 and parameters: {'gradient_clip_val': 0.2708860764200142, 'hidden_size': 70, 'dropout': 0.31849392046862074, 'hidden_continuous_size': 17, 'attention_head_size': 3, 'learning_rate': 0.08702011785426518}. Best is trial 113 with value: 0.053196121007204056.
LOCAL_RANK: 0 - CUDA_VISIBLE_DEVICES: [0]
[I 2023-11-30 10:05:56,545] Trial 115 finished with value: 0.11331877112388611 and parameters: {'gradient_clip_val': 0.39078395935440174, 'hidden_size': 80, 'dropout': 0.28956149244812535, 'hidden_continuous_size': 20, 'attention_head_size': 3, 'learning_rate': 0.07412974415039521}. Best is trial 113 with value: 0.053196121007204056.
LOCAL_RANK: 0 - CUDA_VISIBLE_DEVICES: [0]
[I 2023-11-30 10:06:10,041] Trial 116 finished with value: 0.0824064314365387 and parameters: {'gradient_clip_val': 0.2418817680782938, 'hidden_size': 66, 'dropout': 0.2693334854705244, 'hidden_continuous_size': 27, 'attention_head_size': 3, 'learning_rate': 0.05909905141786236}. Best is trial 113 with value: 0.053196121007204056.
LOCAL_RANK: 0 - CUDA_VISIBLE_DEVICES: [0]
[I 2023-11-30 10:06:23,428] Trial 117 finished with value: 0.10106202214956284 and parameters: {'gradient_clip_val': 0.3649088835860961, 'hidden_size': 73, 'dropout': 0.2530229799719428, 'hidden_continuous_size': 26, 'attention_head_size': 3, 'learning_rate': 0.06497855115215191}. Best is trial 113 with value: 0.053196121007204056.
LOCAL_RANK: 0 - CUDA_VISIBLE_DEVICES: [0]
[I 2023-11-30 10:06:36,958] Trial 118 finished with value: 0.07440893352031708 and parameters: {'gradient_clip_val': 0.28603833369478354, 'hidden_size': 65, 'dropout': 0.2994377691327328, 'hidden_continuous_size': 25, 'attention_head_size': 3, 'learning_rate': 0.038095266458824426}. Best is trial 113 with value: 0.053196121007204056.
LOCAL_RANK: 0 - CUDA_VISIBLE_DEVICES: [0]
[I 2023-11-30 10:06:50,824] Trial 119 finished with value: 0.0756344199180603 and parameters: {'gradient_clip_val': 0.4087349333426918, 'hidden_size': 78, 'dropout': 0.27500224574159865, 'hidden_continuous_size': 19, 'attention_head_size': 4, 'learning_rate': 0.09922751185562731}. Best is trial 113 with value: 0.053196121007204056.
LOCAL_RANK: 0 - CUDA_VISIBLE_DEVICES: [0]
[I 2023-11-30 10:07:04,082] Trial 120 finished with value: 0.06569502502679825 and parameters: {'gradient_clip_val': 0.3316985000926381, 'hidden_size': 60, 'dropout': 0.29421945225431345, 'hidden_continuous_size': 22, 'attention_head_size': 3, 'learning_rate': 0.046575901565334386}. Best is trial 113 with value: 0.053196121007204056.
LOCAL_RANK: 0 - CUDA_VISIBLE_DEVICES: [0]
[I 2023-11-30 10:07:17,448] Trial 121 finished with value: 0.10248341411352158 and parameters: {'gradient_clip_val': 0.3114292180834541, 'hidden_size': 59, 'dropout': 0.29494997667191936, 'hidden_continuous_size': 22, 'attention_head_size': 3, 'learning_rate': 0.04925454940869697}. Best is trial 113 with value: 0.053196121007204056.
LOCAL_RANK: 0 - CUDA_VISIBLE_DEVICES: [0]
[I 2023-11-30 10:07:31,142] Trial 122 finished with value: 0.08843257278203964 and parameters: {'gradient_clip_val': 0.33483433936257967, 'hidden_size': 85, 'dropout': 0.30611957761059866, 'hidden_continuous_size': 29, 'attention_head_size': 3, 'learning_rate': 0.043703885092775153}. Best is trial 113 with value: 0.053196121007204056.
LOCAL_RANK: 0 - CUDA_VISIBLE_DEVICES: [0]
[I 2023-11-30 10:07:44,542] Trial 123 finished with value: 0.06275653094053268 and parameters: {'gradient_clip_val': 0.25132238212315816, 'hidden_size': 62, 'dropout': 0.2892053849391849, 'hidden_continuous_size': 24, 'attention_head_size': 3, 'learning_rate': 0.054168216898519195}. Best is trial 113 with value: 0.053196121007204056.
LOCAL_RANK: 0 - CUDA_VISIBLE_DEVICES: [0]
[I 2023-11-30 10:07:58,220] Trial 124 finished with value: 0.08492859452962875 and parameters: {'gradient_clip_val': 0.25266962947727495, 'hidden_size': 70, 'dropout': 0.2862563017912456, 'hidden_continuous_size': 24, 'attention_head_size': 3, 'learning_rate': 0.0796209043602992}. Best is trial 113 with value: 0.053196121007204056.
LOCAL_RANK: 0 - CUDA_VISIBLE_DEVICES: [0]
[I 2023-11-30 10:08:11,409] Trial 125 finished with value: 0.06354887038469315 and parameters: {'gradient_clip_val': 0.2285956878870157, 'hidden_size': 51, 'dropout': 0.29244135677597355, 'hidden_continuous_size': 23, 'attention_head_size': 3, 'learning_rate': 0.056384551818772374}. Best is trial 113 with value: 0.053196121007204056.
LOCAL_RANK: 0 - CUDA_VISIBLE_DEVICES: [0]
[I 2023-11-30 10:08:24,554] Trial 126 finished with value: 0.07114426046609879 and parameters: {'gradient_clip_val': 0.23855715389152998, 'hidden_size': 50, 'dropout': 0.31099065630257455, 'hidden_continuous_size': 26, 'attention_head_size': 3, 'learning_rate': 0.06769836213179953}. Best is trial 113 with value: 0.053196121007204056.
LOCAL_RANK: 0 - CUDA_VISIBLE_DEVICES: [0]
[I 2023-11-30 10:08:37,365] Trial 127 finished with value: 0.06012030318379402 and parameters: {'gradient_clip_val': 0.2637556856314543, 'hidden_size': 40, 'dropout': 0.2926655105030163, 'hidden_continuous_size': 24, 'attention_head_size': 3, 'learning_rate': 0.056690578239821404}. Best is trial 113 with value: 0.053196121007204056.
LOCAL_RANK: 0 - CUDA_VISIBLE_DEVICES: [0]
[I 2023-11-30 10:08:50,171] Trial 128 finished with value: 0.11914587020874023 and parameters: {'gradient_clip_val': 0.2256531391110586, 'hidden_size': 44, 'dropout': 0.29343191978058225, 'hidden_continuous_size': 25, 'attention_head_size': 3, 'learning_rate': 0.06174336683679994}. Best is trial 113 with value: 0.053196121007204056.
LOCAL_RANK: 0 - CUDA_VISIBLE_DEVICES: [0]
[I 2023-11-30 10:09:03,109] Trial 129 finished with value: 0.10202416032552719 and parameters: {'gradient_clip_val': 0.23111566262933017, 'hidden_size': 41, 'dropout': 0.3032653099287505, 'hidden_continuous_size': 24, 'attention_head_size': 3, 'learning_rate': 0.07529191070397531}. Best is trial 113 with value: 0.053196121007204056.
LOCAL_RANK: 0 - CUDA_VISIBLE_DEVICES: [0]
[I 2023-11-30 10:09:16,262] Trial 130 finished with value: 0.08394601941108704 and parameters: {'gradient_clip_val': 0.2611591231748859, 'hidden_size': 48, 'dropout': 0.2891599536780869, 'hidden_continuous_size': 27, 'attention_head_size': 3, 'learning_rate': 0.0565300941838528}. Best is trial 113 with value: 0.053196121007204056.
LOCAL_RANK: 0 - CUDA_VISIBLE_DEVICES: [0]
[I 2023-11-30 10:09:28,797] Trial 131 finished with value: 0.09098228067159653 and parameters: {'gradient_clip_val': 0.2463268270593446, 'hidden_size': 40, 'dropout': 0.29755398029520536, 'hidden_continuous_size': 22, 'attention_head_size': 3, 'learning_rate': 0.054649226119137875}. Best is trial 113 with value: 0.053196121007204056.
LOCAL_RANK: 0 - CUDA_VISIBLE_DEVICES: [0]
[I 2023-11-30 10:09:41,821] Trial 132 finished with value: 0.07245440781116486 and parameters: {'gradient_clip_val': 0.20815743560854005, 'hidden_size': 45, 'dropout': 0.2795780571713285, 'hidden_continuous_size': 23, 'attention_head_size': 3, 'learning_rate': 0.06402406860104141}. Best is trial 113 with value: 0.053196121007204056.
LOCAL_RANK: 0 - CUDA_VISIBLE_DEVICES: [0]
[I 2023-11-30 10:09:55,049] Trial 133 finished with value: 0.06594819575548172 and parameters: {'gradient_clip_val': 0.2551061127502189, 'hidden_size': 53, 'dropout': 0.32488136255242994, 'hidden_continuous_size': 24, 'attention_head_size': 3, 'learning_rate': 0.045143337892613426}. Best is trial 113 with value: 0.053196121007204056.
LOCAL_RANK: 0 - CUDA_VISIBLE_DEVICES: [0]
[I 2023-11-30 10:10:08,090] Trial 134 finished with value: 0.05562562122941017 and parameters: {'gradient_clip_val': 0.2719458128756184, 'hidden_size': 53, 'dropout': 0.3235393521901027, 'hidden_continuous_size': 24, 'attention_head_size': 3, 'learning_rate': 0.04705642632996179}. Best is trial 113 with value: 0.053196121007204056.
LOCAL_RANK: 0 - CUDA_VISIBLE_DEVICES: [0]
[I 2023-11-30 10:10:21,382] Trial 135 finished with value: 0.06153644993901253 and parameters: {'gradient_clip_val': 0.26657693948395583, 'hidden_size': 53, 'dropout': 0.3171860871034459, 'hidden_continuous_size': 24, 'attention_head_size': 3, 'learning_rate': 0.04339232416165092}. Best is trial 113 with value: 0.053196121007204056.
LOCAL_RANK: 0 - CUDA_VISIBLE_DEVICES: [0]
[I 2023-11-30 10:10:34,420] Trial 136 finished with value: 0.08810228854417801 and parameters: {'gradient_clip_val': 0.2722778356626697, 'hidden_size': 51, 'dropout': 0.3154420267074503, 'hidden_continuous_size': 25, 'attention_head_size': 3, 'learning_rate': 0.036047543669496564}. Best is trial 113 with value: 0.053196121007204056.
LOCAL_RANK: 0 - CUDA_VISIBLE_DEVICES: [0]
[I 2023-11-30 10:10:47,292] Trial 137 finished with value: 0.08231788128614426 and parameters: {'gradient_clip_val': 0.2546382482941853, 'hidden_size': 38, 'dropout': 0.3258562533037175, 'hidden_continuous_size': 24, 'attention_head_size': 3, 'learning_rate': 0.041373297455893646}. Best is trial 113 with value: 0.053196121007204056.
LOCAL_RANK: 0 - CUDA_VISIBLE_DEVICES: [0]
[I 2023-11-30 10:11:00,595] Trial 138 finished with value: 0.11257003992795944 and parameters: {'gradient_clip_val': 0.2674002480971844, 'hidden_size': 55, 'dropout': 0.3354520318387494, 'hidden_continuous_size': 28, 'attention_head_size': 3, 'learning_rate': 0.03176591859376077}. Best is trial 113 with value: 0.053196121007204056.
LOCAL_RANK: 0 - CUDA_VISIBLE_DEVICES: [0]
[I 2023-11-30 10:11:13,662] Trial 139 finished with value: 0.07774320989847183 and parameters: {'gradient_clip_val': 0.2793446689633423, 'hidden_size': 53, 'dropout': 0.3202908270262596, 'hidden_continuous_size': 24, 'attention_head_size': 3, 'learning_rate': 0.045870191270292716}. Best is trial 113 with value: 0.053196121007204056.
LOCAL_RANK: 0 - CUDA_VISIBLE_DEVICES: [0]
[I 2023-11-30 10:11:26,869] Trial 140 finished with value: 0.12875370681285858 and parameters: {'gradient_clip_val': 0.24675730382212535, 'hidden_size': 43, 'dropout': 0.3261662315793088, 'hidden_continuous_size': 26, 'attention_head_size': 3, 'learning_rate': 0.027833649558545948}. Best is trial 113 with value: 0.053196121007204056.
LOCAL_RANK: 0 - CUDA_VISIBLE_DEVICES: [0]
[I 2023-11-30 10:11:39,973] Trial 141 finished with value: 0.07562865316867828 and parameters: {'gradient_clip_val': 0.23359952867111267, 'hidden_size': 50, 'dropout': 0.30782149290192984, 'hidden_continuous_size': 25, 'attention_head_size': 3, 'learning_rate': 0.04653774946827642}. Best is trial 113 with value: 0.053196121007204056.
LOCAL_RANK: 0 - CUDA_VISIBLE_DEVICES: [0]
[I 2023-11-30 10:11:52,853] Trial 142 finished with value: 0.07154359668493271 and parameters: {'gradient_clip_val': 0.21921518337613174, 'hidden_size': 48, 'dropout': 0.31675087368456106, 'hidden_continuous_size': 22, 'attention_head_size': 3, 'learning_rate': 0.03983602230723363}. Best is trial 113 with value: 0.053196121007204056.
LOCAL_RANK: 0 - CUDA_VISIBLE_DEVICES: [0]
[I 2023-11-30 10:12:05,968] Trial 143 finished with value: 0.09469028562307358 and parameters: {'gradient_clip_val': 0.2583462474328301, 'hidden_size': 56, 'dropout': 0.33554320216736344, 'hidden_continuous_size': 22, 'attention_head_size': 3, 'learning_rate': 0.0335153437632614}. Best is trial 113 with value: 0.053196121007204056.
LOCAL_RANK: 0 - CUDA_VISIBLE_DEVICES: [0]
[I 2023-11-30 10:12:19,027] Trial 144 finished with value: 0.07200110703706741 and parameters: {'gradient_clip_val': 0.2922385131525023, 'hidden_size': 46, 'dropout': 0.285125955736627, 'hidden_continuous_size': 23, 'attention_head_size': 3, 'learning_rate': 0.0428894806745107}. Best is trial 113 with value: 0.053196121007204056.
LOCAL_RANK: 0 - CUDA_VISIBLE_DEVICES: [0]
[I 2023-11-30 10:12:32,302] Trial 145 finished with value: 0.09392256289720535 and parameters: {'gradient_clip_val': 0.22461482776071628, 'hidden_size': 47, 'dropout': 0.2924227421283629, 'hidden_continuous_size': 24, 'attention_head_size': 4, 'learning_rate': 0.05217888592567777}. Best is trial 113 with value: 0.053196121007204056.
LOCAL_RANK: 0 - CUDA_VISIBLE_DEVICES: [0]
[I 2023-11-30 10:12:44,990] Trial 146 finished with value: 0.0979912206530571 and parameters: {'gradient_clip_val': 0.2704206551881849, 'hidden_size': 36, 'dropout': 0.3055223319365407, 'hidden_continuous_size': 23, 'attention_head_size': 3, 'learning_rate': 0.047658526198135154}. Best is trial 113 with value: 0.053196121007204056.
LOCAL_RANK: 0 - CUDA_VISIBLE_DEVICES: [0]
[I 2023-11-30 10:12:58,016] Trial 147 finished with value: 0.10077229887247086 and parameters: {'gradient_clip_val': 0.30522209268870165, 'hidden_size': 53, 'dropout': 0.3282920483186665, 'hidden_continuous_size': 27, 'attention_head_size': 3, 'learning_rate': 0.03801776648485277}. Best is trial 113 with value: 0.053196121007204056.
LOCAL_RANK: 0 - CUDA_VISIBLE_DEVICES: [0]
[I 2023-11-30 10:13:11,059] Trial 148 finished with value: 0.07264241576194763 and parameters: {'gradient_clip_val': 0.24624598377665974, 'hidden_size': 42, 'dropout': 0.3218736013950955, 'hidden_continuous_size': 25, 'attention_head_size': 3, 'learning_rate': 0.06092977015616291}. Best is trial 113 with value: 0.053196121007204056.
LOCAL_RANK: 0 - CUDA_VISIBLE_DEVICES: [0]
[I 2023-11-30 10:13:24,331] Trial 149 finished with value: 0.07291741669178009 and parameters: {'gradient_clip_val': 0.2410907740503169, 'hidden_size': 61, 'dropout': 0.34272584213269813, 'hidden_continuous_size': 21, 'attention_head_size': 3, 'learning_rate': 0.07001747837007215}. Best is trial 113 with value: 0.053196121007204056.
[I 2023-11-30 10:13:24,442] A new study created in memory with name: no-name-e7a54975-1056-4748-b58e-08f3a5b7f984
/home/le004/conda/anaconda3/envs/tsff_env/lib/python3.9/site-packages/lightning/fabric/plugins/environments/slurm.py:191: The `srun` command is available on your system but is not used. HINT: If your intention is to run Lightning on SLURM, prepend your python command with `srun` like so: srun python /home/le004/master_thesis/git/TSFusionForecast/code/ ...
LOCAL_RANK: 0 - CUDA_VISIBLE_DEVICES: [0]
[I 2023-11-30 10:13:38,654] Trial 0 finished with value: 130.43658447265625 and parameters: {'gradient_clip_val': 0.3771251636262708, 'hidden_size': 128, 'dropout': 0.24621344203079568, 'hidden_continuous_size': 59, 'attention_head_size': 1, 'learning_rate': 0.0010128108602120644}. Best is trial 0 with value: 130.43658447265625.
LOCAL_RANK: 0 - CUDA_VISIBLE_DEVICES: [0]
[I 2023-11-30 10:13:50,929] Trial 1 finished with value: 103.07512664794922 and parameters: {'gradient_clip_val': 0.4089807545070614, 'hidden_size': 22, 'dropout': 0.17100645411254645, 'hidden_continuous_size': 13, 'attention_head_size': 1, 'learning_rate': 0.017650991793273486}. Best is trial 1 with value: 103.07512664794922.
LOCAL_RANK: 0 - CUDA_VISIBLE_DEVICES: [0]
[I 2023-11-30 10:14:04,548] Trial 2 finished with value: 90.5482406616211 and parameters: {'gradient_clip_val': 0.13452037988409085, 'hidden_size': 108, 'dropout': 0.2979508429257526, 'hidden_continuous_size': 21, 'attention_head_size': 1, 'learning_rate': 0.007861146968167402}. Best is trial 2 with value: 90.5482406616211.
LOCAL_RANK: 0 - CUDA_VISIBLE_DEVICES: [0]
[I 2023-11-30 10:14:17,381] Trial 3 finished with value: 112.24495697021484 and parameters: {'gradient_clip_val': 0.7280293657357395, 'hidden_size': 50, 'dropout': 0.2616140925519556, 'hidden_continuous_size': 12, 'attention_head_size': 3, 'learning_rate': 0.05921013184293353}. Best is trial 2 with value: 90.5482406616211.
LOCAL_RANK: 0 - CUDA_VISIBLE_DEVICES: [0]
[I 2023-11-30 10:14:31,048] Trial 4 finished with value: 137.5264434814453 and parameters: {'gradient_clip_val': 0.1572894557393856, 'hidden_size': 75, 'dropout': 0.169786140377938, 'hidden_continuous_size': 45, 'attention_head_size': 1, 'learning_rate': 0.065153947177855}. Best is trial 2 with value: 90.5482406616211.
LOCAL_RANK: 0 - CUDA_VISIBLE_DEVICES: [0]
[I 2023-11-30 10:14:44,001] Trial 5 finished with value: 103.97855377197266 and parameters: {'gradient_clip_val': 0.1238493693365236, 'hidden_size': 30, 'dropout': 0.34930566809213903, 'hidden_continuous_size': 20, 'attention_head_size': 3, 'learning_rate': 0.056741510628327066}. Best is trial 2 with value: 90.5482406616211.
LOCAL_RANK: 0 - CUDA_VISIBLE_DEVICES: [0]
