[I 2023-11-30 01:55:31,640] Trial 58 finished with value: 0.09456393867731094 and parameters: {'gradient_clip_val': 0.6591865925758303, 'hidden_size': 65, 'dropout': 0.23635127538315612, 'hidden_continuous_size': 13, 'attention_head_size': 1, 'learning_rate': 0.06902364983887337}. Best is trial 39 with value: 0.08089078217744827.
LOCAL_RANK: 0 - CUDA_VISIBLE_DEVICES: [0]
[I 2023-11-30 01:55:44,556] Trial 59 finished with value: 0.1392764002084732 and parameters: {'gradient_clip_val': 0.6190023570789712, 'hidden_size': 47, 'dropout': 0.2195660527672508, 'hidden_continuous_size': 17, 'attention_head_size': 2, 'learning_rate': 0.08238666034805055}. Best is trial 39 with value: 0.08089078217744827.
LOCAL_RANK: 0 - CUDA_VISIBLE_DEVICES: [0]
[I 2023-11-30 01:55:57,190] Trial 60 finished with value: 0.11558077484369278 and parameters: {'gradient_clip_val': 0.7740573872733612, 'hidden_size': 37, 'dropout': 0.20841732131800292, 'hidden_continuous_size': 14, 'attention_head_size': 2, 'learning_rate': 0.03846112541209595}. Best is trial 39 with value: 0.08089078217744827.
LOCAL_RANK: 0 - CUDA_VISIBLE_DEVICES: [0]
[I 2023-11-30 01:56:10,292] Trial 61 finished with value: 0.18657545745372772 and parameters: {'gradient_clip_val': 0.6581709518548785, 'hidden_size': 70, 'dropout': 0.23269694913813507, 'hidden_continuous_size': 13, 'attention_head_size': 1, 'learning_rate': 0.07059490417554147}. Best is trial 39 with value: 0.08089078217744827.
LOCAL_RANK: 0 - CUDA_VISIBLE_DEVICES: [0]
[I 2023-11-30 01:56:23,314] Trial 62 finished with value: 0.12235826253890991 and parameters: {'gradient_clip_val': 0.8289969210960905, 'hidden_size': 65, 'dropout': 0.23575162593838778, 'hidden_continuous_size': 13, 'attention_head_size': 1, 'learning_rate': 0.05244817862524897}. Best is trial 39 with value: 0.08089078217744827.
LOCAL_RANK: 0 - CUDA_VISIBLE_DEVICES: [0]
[I 2023-11-30 01:56:36,203] Trial 63 finished with value: 0.1383417397737503 and parameters: {'gradient_clip_val': 0.7318373445615642, 'hidden_size': 59, 'dropout': 0.21576079157683617, 'hidden_continuous_size': 11, 'attention_head_size': 1, 'learning_rate': 0.06454431136725715}. Best is trial 39 with value: 0.08089078217744827.
LOCAL_RANK: 0 - CUDA_VISIBLE_DEVICES: [0]
[I 2023-11-30 01:56:49,616] Trial 64 finished with value: 0.26522231101989746 and parameters: {'gradient_clip_val': 0.5976611675039281, 'hidden_size': 93, 'dropout': 0.2611892769960741, 'hidden_continuous_size': 14, 'attention_head_size': 1, 'learning_rate': 0.09992992202350102}. Best is trial 39 with value: 0.08089078217744827.
LOCAL_RANK: 0 - CUDA_VISIBLE_DEVICES: [0]
[I 2023-11-30 01:57:02,830] Trial 65 finished with value: 0.12387470155954361 and parameters: {'gradient_clip_val': 0.5413407454257338, 'hidden_size': 63, 'dropout': 0.19519920645871247, 'hidden_continuous_size': 20, 'attention_head_size': 1, 'learning_rate': 0.03990999778849238}. Best is trial 39 with value: 0.08089078217744827.
LOCAL_RANK: 0 - CUDA_VISIBLE_DEVICES: [0]
[I 2023-11-30 01:57:16,224] Trial 66 finished with value: 0.13870854675769806 and parameters: {'gradient_clip_val': 0.6885748383283213, 'hidden_size': 77, 'dropout': 0.22154576882374297, 'hidden_continuous_size': 15, 'attention_head_size': 1, 'learning_rate': 0.04760722703393054}. Best is trial 39 with value: 0.08089078217744827.
LOCAL_RANK: 0 - CUDA_VISIBLE_DEVICES: [0]
[I 2023-11-30 01:57:29,740] Trial 67 finished with value: 0.10565876215696335 and parameters: {'gradient_clip_val': 0.6478845263607607, 'hidden_size': 74, 'dropout': 0.24575686369003016, 'hidden_continuous_size': 13, 'attention_head_size': 2, 'learning_rate': 0.08564683743663991}. Best is trial 39 with value: 0.08089078217744827.
LOCAL_RANK: 0 - CUDA_VISIBLE_DEVICES: [0]
[I 2023-11-30 01:57:42,586] Trial 68 finished with value: 0.12855787575244904 and parameters: {'gradient_clip_val': 0.7872605055530756, 'hidden_size': 56, 'dropout': 0.2079419237266366, 'hidden_continuous_size': 17, 'attention_head_size': 1, 'learning_rate': 0.07030384172462972}. Best is trial 39 with value: 0.08089078217744827.
LOCAL_RANK: 0 - CUDA_VISIBLE_DEVICES: [0]
[I 2023-11-30 01:57:55,430] Trial 69 finished with value: 0.11120673269033432 and parameters: {'gradient_clip_val': 0.531153970458658, 'hidden_size': 47, 'dropout': 0.23583212357769914, 'hidden_continuous_size': 10, 'attention_head_size': 3, 'learning_rate': 0.05827161412298817}. Best is trial 39 with value: 0.08089078217744827.
LOCAL_RANK: 0 - CUDA_VISIBLE_DEVICES: [0]
[I 2023-11-30 01:58:08,191] Trial 70 finished with value: 0.09680911153554916 and parameters: {'gradient_clip_val': 0.5892522899206353, 'hidden_size': 41, 'dropout': 0.17905359461306472, 'hidden_continuous_size': 19, 'attention_head_size': 2, 'learning_rate': 0.08303788322187292}. Best is trial 39 with value: 0.08089078217744827.
LOCAL_RANK: 0 - CUDA_VISIBLE_DEVICES: [0]
[I 2023-11-30 01:58:20,953] Trial 71 finished with value: 0.1588982194662094 and parameters: {'gradient_clip_val': 0.9810107927379532, 'hidden_size': 51, 'dropout': 0.19377262001587325, 'hidden_continuous_size': 12, 'attention_head_size': 1, 'learning_rate': 0.06015657523988669}. Best is trial 39 with value: 0.08089078217744827.
LOCAL_RANK: 0 - CUDA_VISIBLE_DEVICES: [0]
[I 2023-11-30 01:58:33,960] Trial 72 finished with value: 0.11973557621240616 and parameters: {'gradient_clip_val': 0.8876870994751792, 'hidden_size': 53, 'dropout': 0.20592682374209179, 'hidden_continuous_size': 12, 'attention_head_size': 1, 'learning_rate': 0.06891259468034683}. Best is trial 39 with value: 0.08089078217744827.
LOCAL_RANK: 0 - CUDA_VISIBLE_DEVICES: [0]
[I 2023-11-30 01:58:47,005] Trial 73 finished with value: 0.12772344052791595 and parameters: {'gradient_clip_val': 0.8212436496120229, 'hidden_size': 66, 'dropout': 0.18908755345890776, 'hidden_continuous_size': 14, 'attention_head_size': 1, 'learning_rate': 0.05131682849490806}. Best is trial 39 with value: 0.08089078217744827.
LOCAL_RANK: 0 - CUDA_VISIBLE_DEVICES: [0]
[I 2023-11-30 01:58:59,639] Trial 74 finished with value: 0.09174100309610367 and parameters: {'gradient_clip_val': 0.9322485906180199, 'hidden_size': 44, 'dropout': 0.1695164971390531, 'hidden_continuous_size': 15, 'attention_head_size': 1, 'learning_rate': 0.044945623091762754}. Best is trial 39 with value: 0.08089078217744827.
LOCAL_RANK: 0 - CUDA_VISIBLE_DEVICES: [0]
[I 2023-11-30 01:59:12,342] Trial 75 finished with value: 0.12453258037567139 and parameters: {'gradient_clip_val': 0.7402502776427271, 'hidden_size': 43, 'dropout': 0.1729171596911841, 'hidden_continuous_size': 16, 'attention_head_size': 1, 'learning_rate': 0.08793280504007421}. Best is trial 39 with value: 0.08089078217744827.
LOCAL_RANK: 0 - CUDA_VISIBLE_DEVICES: [0]
[I 2023-11-30 01:59:24,960] Trial 76 finished with value: 0.10635006427764893 and parameters: {'gradient_clip_val': 0.8886563714698382, 'hidden_size': 36, 'dropout': 0.21842045720311276, 'hidden_continuous_size': 15, 'attention_head_size': 3, 'learning_rate': 0.04370604107361529}. Best is trial 39 with value: 0.08089078217744827.
LOCAL_RANK: 0 - CUDA_VISIBLE_DEVICES: [0]
[I 2023-11-30 01:59:37,862] Trial 77 finished with value: 0.09016633033752441 and parameters: {'gradient_clip_val': 0.6861938026025515, 'hidden_size': 46, 'dropout': 0.14371956964053248, 'hidden_continuous_size': 16, 'attention_head_size': 1, 'learning_rate': 0.03528580790248954}. Best is trial 39 with value: 0.08089078217744827.
LOCAL_RANK: 0 - CUDA_VISIBLE_DEVICES: [0]
[I 2023-11-30 01:59:50,584] Trial 78 finished with value: 0.11122974008321762 and parameters: {'gradient_clip_val': 0.710176343707275, 'hidden_size': 40, 'dropout': 0.14400427080686015, 'hidden_continuous_size': 21, 'attention_head_size': 2, 'learning_rate': 0.032879830031086306}. Best is trial 39 with value: 0.08089078217744827.
LOCAL_RANK: 0 - CUDA_VISIBLE_DEVICES: [0]
[I 2023-11-30 02:00:03,014] Trial 79 finished with value: 0.3544570207595825 and parameters: {'gradient_clip_val': 0.6139880902388388, 'hidden_size': 44, 'dropout': 0.16323777103895162, 'hidden_continuous_size': 16, 'attention_head_size': 1, 'learning_rate': 0.036960006832365305}. Best is trial 39 with value: 0.08089078217744827.
LOCAL_RANK: 0 - CUDA_VISIBLE_DEVICES: [0]
[I 2023-11-30 02:00:15,708] Trial 80 finished with value: 0.10001348704099655 and parameters: {'gradient_clip_val': 0.9373014523709301, 'hidden_size': 34, 'dropout': 0.12119635721727157, 'hidden_continuous_size': 17, 'attention_head_size': 3, 'learning_rate': 0.0452281288729214}. Best is trial 39 with value: 0.08089078217744827.
LOCAL_RANK: 0 - CUDA_VISIBLE_DEVICES: [0]
[I 2023-11-30 02:00:28,368] Trial 81 finished with value: 0.07703853398561478 and parameters: {'gradient_clip_val': 0.6436923449681218, 'hidden_size': 48, 'dropout': 0.13874475452862875, 'hidden_continuous_size': 15, 'attention_head_size': 1, 'learning_rate': 0.07510727753352005}. Best is trial 81 with value: 0.07703853398561478.
LOCAL_RANK: 0 - CUDA_VISIBLE_DEVICES: [0]
[I 2023-11-30 02:00:41,150] Trial 82 finished with value: 0.323577880859375 and parameters: {'gradient_clip_val': 0.8044602294161121, 'hidden_size': 48, 'dropout': 0.15047307275528707, 'hidden_continuous_size': 18, 'attention_head_size': 1, 'learning_rate': 0.07856736288589324}. Best is trial 81 with value: 0.07703853398561478.
LOCAL_RANK: 0 - CUDA_VISIBLE_DEVICES: [0]
[I 2023-11-30 02:00:53,555] Trial 83 finished with value: 0.0889439508318901 and parameters: {'gradient_clip_val': 0.5030932545482528, 'hidden_size': 40, 'dropout': 0.1288229694036535, 'hidden_continuous_size': 15, 'attention_head_size': 1, 'learning_rate': 0.09994317205572219}. Best is trial 81 with value: 0.07703853398561478.
LOCAL_RANK: 0 - CUDA_VISIBLE_DEVICES: [0]
[I 2023-11-30 02:01:06,251] Trial 84 finished with value: 0.1025158166885376 and parameters: {'gradient_clip_val': 0.5655655673634166, 'hidden_size': 41, 'dropout': 0.13605822033523465, 'hidden_continuous_size': 15, 'attention_head_size': 1, 'learning_rate': 0.07561300294953162}. Best is trial 81 with value: 0.07703853398561478.
LOCAL_RANK: 0 - CUDA_VISIBLE_DEVICES: [0]
[I 2023-11-30 02:01:18,708] Trial 85 finished with value: 0.1058175191283226 and parameters: {'gradient_clip_val': 0.6903626946090603, 'hidden_size': 31, 'dropout': 0.1313452873453768, 'hidden_continuous_size': 16, 'attention_head_size': 1, 'learning_rate': 0.054247788174280866}. Best is trial 81 with value: 0.07703853398561478.
LOCAL_RANK: 0 - CUDA_VISIBLE_DEVICES: [0]
[I 2023-11-30 02:01:31,070] Trial 86 finished with value: 0.11510410159826279 and parameters: {'gradient_clip_val': 0.5007665026495929, 'hidden_size': 36, 'dropout': 0.1149576080874048, 'hidden_continuous_size': 17, 'attention_head_size': 1, 'learning_rate': 0.06215398386517392}. Best is trial 81 with value: 0.07703853398561478.
LOCAL_RANK: 0 - CUDA_VISIBLE_DEVICES: [0]
[I 2023-11-30 02:01:43,923] Trial 87 finished with value: 0.1113865002989769 and parameters: {'gradient_clip_val': 0.7652704490594452, 'hidden_size': 39, 'dropout': 0.1415422641157416, 'hidden_continuous_size': 15, 'attention_head_size': 1, 'learning_rate': 0.08947994608329525}. Best is trial 81 with value: 0.07703853398561478.
LOCAL_RANK: 0 - CUDA_VISIBLE_DEVICES: [0]
[I 2023-11-30 02:01:56,676] Trial 88 finished with value: 0.41815057396888733 and parameters: {'gradient_clip_val': 0.4375043687561671, 'hidden_size': 45, 'dropout': 0.12534779634052126, 'hidden_continuous_size': 14, 'attention_head_size': 1, 'learning_rate': 0.033000047633936276}. Best is trial 81 with value: 0.07703853398561478.
LOCAL_RANK: 0 - CUDA_VISIBLE_DEVICES: [0]
[I 2023-11-30 02:02:09,304] Trial 89 finished with value: 0.10976054519414902 and parameters: {'gradient_clip_val': 0.8570786058102751, 'hidden_size': 38, 'dropout': 0.10099578969207376, 'hidden_continuous_size': 18, 'attention_head_size': 1, 'learning_rate': 0.04131779424427319}. Best is trial 81 with value: 0.07703853398561478.
LOCAL_RANK: 0 - CUDA_VISIBLE_DEVICES: [0]
[I 2023-11-30 02:02:22,215] Trial 90 finished with value: 0.16848047077655792 and parameters: {'gradient_clip_val': 0.615578397126493, 'hidden_size': 49, 'dropout': 0.16563026252514904, 'hidden_continuous_size': 19, 'attention_head_size': 1, 'learning_rate': 0.05005054527505945}. Best is trial 81 with value: 0.07703853398561478.
LOCAL_RANK: 0 - CUDA_VISIBLE_DEVICES: [0]
[I 2023-11-30 02:02:34,838] Trial 91 finished with value: 0.17489250004291534 and parameters: {'gradient_clip_val': 0.5773384225773448, 'hidden_size': 45, 'dropout': 0.20415811254052257, 'hidden_continuous_size': 16, 'attention_head_size': 1, 'learning_rate': 0.09827195356158669}. Best is trial 81 with value: 0.07703853398561478.
LOCAL_RANK: 0 - CUDA_VISIBLE_DEVICES: [0]
[I 2023-11-30 02:02:47,787] Trial 92 finished with value: 0.09552670270204544 and parameters: {'gradient_clip_val': 0.5166723742957187, 'hidden_size': 42, 'dropout': 0.1803728771088976, 'hidden_continuous_size': 15, 'attention_head_size': 1, 'learning_rate': 0.08806114569912953}. Best is trial 81 with value: 0.07703853398561478.
LOCAL_RANK: 0 - CUDA_VISIBLE_DEVICES: [0]
[I 2023-11-30 02:03:00,464] Trial 93 finished with value: 0.16095814108848572 and parameters: {'gradient_clip_val': 0.4808724269504555, 'hidden_size': 42, 'dropout': 0.1928583886569313, 'hidden_continuous_size': 17, 'attention_head_size': 1, 'learning_rate': 0.07502493617625924}. Best is trial 81 with value: 0.07703853398561478.
LOCAL_RANK: 0 - CUDA_VISIBLE_DEVICES: [0]
[I 2023-11-30 02:03:13,115] Trial 94 finished with value: 0.12787805497646332 and parameters: {'gradient_clip_val': 0.5477609719736387, 'hidden_size': 35, 'dropout': 0.18392350279877884, 'hidden_continuous_size': 16, 'attention_head_size': 1, 'learning_rate': 0.09993409853999467}. Best is trial 81 with value: 0.07703853398561478.
LOCAL_RANK: 0 - CUDA_VISIBLE_DEVICES: [0]
[I 2023-11-30 02:03:26,049] Trial 95 finished with value: 0.12484448403120041 and parameters: {'gradient_clip_val': 0.6419701167868154, 'hidden_size': 54, 'dropout': 0.1499083111514932, 'hidden_continuous_size': 14, 'attention_head_size': 2, 'learning_rate': 0.06404828713218706}. Best is trial 81 with value: 0.07703853398561478.
LOCAL_RANK: 0 - CUDA_VISIBLE_DEVICES: [0]
[I 2023-11-30 02:03:38,748] Trial 96 finished with value: 0.10448619723320007 and parameters: {'gradient_clip_val': 0.710016671444522, 'hidden_size': 38, 'dropout': 0.15804548742226118, 'hidden_continuous_size': 15, 'attention_head_size': 3, 'learning_rate': 0.08657017832121307}. Best is trial 81 with value: 0.07703853398561478.
LOCAL_RANK: 0 - CUDA_VISIBLE_DEVICES: [0]
[I 2023-11-30 02:03:51,774] Trial 97 finished with value: 0.09953528642654419 and parameters: {'gradient_clip_val': 0.5249764481525409, 'hidden_size': 46, 'dropout': 0.21298400855587724, 'hidden_continuous_size': 14, 'attention_head_size': 1, 'learning_rate': 0.05832546559410759}. Best is trial 81 with value: 0.07703853398561478.
LOCAL_RANK: 0 - CUDA_VISIBLE_DEVICES: [0]
[I 2023-11-30 02:04:04,104] Trial 98 finished with value: 0.15931573510169983 and parameters: {'gradient_clip_val': 0.8592913821236826, 'hidden_size': 32, 'dropout': 0.19648188689462204, 'hidden_continuous_size': 16, 'attention_head_size': 1, 'learning_rate': 0.07402666120866234}. Best is trial 81 with value: 0.07703853398561478.
LOCAL_RANK: 0 - CUDA_VISIBLE_DEVICES: [0]
[I 2023-11-30 02:04:16,899] Trial 99 finished with value: 0.13390658795833588 and parameters: {'gradient_clip_val': 0.8062425677375041, 'hidden_size': 49, 'dropout': 0.22660321027055527, 'hidden_continuous_size': 17, 'attention_head_size': 2, 'learning_rate': 0.06809495929630102}. Best is trial 81 with value: 0.07703853398561478.
LOCAL_RANK: 0 - CUDA_VISIBLE_DEVICES: [0]
[I 2023-11-30 02:04:30,002] Trial 100 finished with value: 0.0757107213139534 and parameters: {'gradient_clip_val': 0.6791046229028126, 'hidden_size': 58, 'dropout': 0.17315470662600554, 'hidden_continuous_size': 22, 'attention_head_size': 1, 'learning_rate': 0.09096286558628729}. Best is trial 100 with value: 0.0757107213139534.
LOCAL_RANK: 0 - CUDA_VISIBLE_DEVICES: [0]
[I 2023-11-30 02:04:43,113] Trial 101 finished with value: 0.15064945816993713 and parameters: {'gradient_clip_val': 0.6428767467735012, 'hidden_size': 59, 'dropout': 0.16837006134426466, 'hidden_continuous_size': 22, 'attention_head_size': 1, 'learning_rate': 0.09091537996339538}. Best is trial 100 with value: 0.0757107213139534.
LOCAL_RANK: 0 - CUDA_VISIBLE_DEVICES: [0]
[I 2023-11-30 02:04:56,312] Trial 102 finished with value: 0.09749377518892288 and parameters: {'gradient_clip_val': 0.6775763881296802, 'hidden_size': 53, 'dropout': 0.1753208636383041, 'hidden_continuous_size': 24, 'attention_head_size': 1, 'learning_rate': 0.07968795003593547}. Best is trial 100 with value: 0.0757107213139534.
LOCAL_RANK: 0 - CUDA_VISIBLE_DEVICES: [0]
[I 2023-11-30 02:05:08,917] Trial 103 finished with value: 0.1206231638789177 and parameters: {'gradient_clip_val': 0.7567550322716577, 'hidden_size': 44, 'dropout': 0.20085263312597473, 'hidden_continuous_size': 21, 'attention_head_size': 1, 'learning_rate': 0.08985615602322408}. Best is trial 100 with value: 0.0757107213139534.
LOCAL_RANK: 0 - CUDA_VISIBLE_DEVICES: [0]
[I 2023-11-30 02:05:21,681] Trial 104 finished with value: 0.09058266133069992 and parameters: {'gradient_clip_val': 0.5983582052397146, 'hidden_size': 39, 'dropout': 0.1840188172666759, 'hidden_continuous_size': 18, 'attention_head_size': 1, 'learning_rate': 0.07510528242485709}. Best is trial 100 with value: 0.0757107213139534.
LOCAL_RANK: 0 - CUDA_VISIBLE_DEVICES: [0]
[I 2023-11-30 02:05:34,214] Trial 105 finished with value: 0.07981538772583008 and parameters: {'gradient_clip_val': 0.5875140849413097, 'hidden_size': 39, 'dropout': 0.1613682883720397, 'hidden_continuous_size': 18, 'attention_head_size': 1, 'learning_rate': 0.05626768350716865}. Best is trial 100 with value: 0.0757107213139534.
LOCAL_RANK: 0 - CUDA_VISIBLE_DEVICES: [0]
[I 2023-11-30 02:05:46,808] Trial 106 finished with value: 0.13778799772262573 and parameters: {'gradient_clip_val': 0.5931925907970331, 'hidden_size': 34, 'dropout': 0.16097690318698227, 'hidden_continuous_size': 18, 'attention_head_size': 1, 'learning_rate': 0.057650258492784164}. Best is trial 100 with value: 0.0757107213139534.
LOCAL_RANK: 0 - CUDA_VISIBLE_DEVICES: [0]
[I 2023-11-30 02:05:59,711] Trial 107 finished with value: 0.16403599083423615 and parameters: {'gradient_clip_val': 0.5546773513939622, 'hidden_size': 41, 'dropout': 0.16909647305431352, 'hidden_continuous_size': 19, 'attention_head_size': 1, 'learning_rate': 0.06649835657435982}. Best is trial 100 with value: 0.0757107213139534.
LOCAL_RANK: 0 - CUDA_VISIBLE_DEVICES: [0]
[I 2023-11-30 02:06:12,292] Trial 108 finished with value: 0.09753968566656113 and parameters: {'gradient_clip_val': 0.5800176794782113, 'hidden_size': 36, 'dropout': 0.1542647122504508, 'hidden_continuous_size': 20, 'attention_head_size': 1, 'learning_rate': 0.07942440918060836}. Best is trial 100 with value: 0.0757107213139534.
LOCAL_RANK: 0 - CUDA_VISIBLE_DEVICES: [0]
[I 2023-11-30 02:06:25,248] Trial 109 finished with value: 0.09528452157974243 and parameters: {'gradient_clip_val': 0.6224285547706719, 'hidden_size': 50, 'dropout': 0.16117614575455305, 'hidden_continuous_size': 26, 'attention_head_size': 1, 'learning_rate': 0.07195669669395292}. Best is trial 100 with value: 0.0757107213139534.
LOCAL_RANK: 0 - CUDA_VISIBLE_DEVICES: [0]
[I 2023-11-30 02:06:38,375] Trial 110 finished with value: 0.1844789981842041 and parameters: {'gradient_clip_val': 0.9310501438921799, 'hidden_size': 57, 'dropout': 0.18390368025758766, 'hidden_continuous_size': 21, 'attention_head_size': 1, 'learning_rate': 0.06236753861371353}. Best is trial 100 with value: 0.0757107213139534.
LOCAL_RANK: 0 - CUDA_VISIBLE_DEVICES: [0]
[I 2023-11-30 02:06:50,959] Trial 111 finished with value: 0.1909732073545456 and parameters: {'gradient_clip_val': 0.6710116084810929, 'hidden_size': 40, 'dropout': 0.1749150526854987, 'hidden_continuous_size': 18, 'attention_head_size': 1, 'learning_rate': 0.04752516125276325}. Best is trial 100 with value: 0.0757107213139534.
LOCAL_RANK: 0 - CUDA_VISIBLE_DEVICES: [0]
[I 2023-11-30 02:07:03,943] Trial 112 finished with value: 0.1572614312171936 and parameters: {'gradient_clip_val': 0.729425101031717, 'hidden_size': 46, 'dropout': 0.14438440214491874, 'hidden_continuous_size': 19, 'attention_head_size': 1, 'learning_rate': 0.053182493425206874}. Best is trial 100 with value: 0.0757107213139534.
LOCAL_RANK: 0 - CUDA_VISIBLE_DEVICES: [0]
[I 2023-11-30 02:07:16,605] Trial 113 finished with value: 0.10126996040344238 and parameters: {'gradient_clip_val': 0.6325801452495623, 'hidden_size': 38, 'dropout': 0.19311644986839407, 'hidden_continuous_size': 22, 'attention_head_size': 1, 'learning_rate': 0.07459888120347029}. Best is trial 100 with value: 0.0757107213139534.
LOCAL_RANK: 0 - CUDA_VISIBLE_DEVICES: [0]
[I 2023-11-30 02:07:29,636] Trial 114 finished with value: 0.17421944439411163 and parameters: {'gradient_clip_val': 0.6972892336037646, 'hidden_size': 62, 'dropout': 0.1833407071209836, 'hidden_continuous_size': 17, 'attention_head_size': 1, 'learning_rate': 0.04246702701627187}. Best is trial 100 with value: 0.0757107213139534.
LOCAL_RANK: 0 - CUDA_VISIBLE_DEVICES: [0]
[I 2023-11-30 02:07:42,434] Trial 115 finished with value: 0.17295654118061066 and parameters: {'gradient_clip_val': 0.7832382564960998, 'hidden_size': 43, 'dropout': 0.16727818296282593, 'hidden_continuous_size': 19, 'attention_head_size': 1, 'learning_rate': 0.056181056403424495}. Best is trial 100 with value: 0.0757107213139534.
LOCAL_RANK: 0 - CUDA_VISIBLE_DEVICES: [0]
