[I 2023-11-30 02:58:45,741] Trial 47 finished with value: 0.11578144878149033 and parameters: {'gradient_clip_val': 0.1401714888275651, 'hidden_size': 62, 'dropout': 0.1324356335835863, 'hidden_continuous_size': 27, 'attention_head_size': 1, 'learning_rate': 0.05430652640042101}. Best is trial 47 with value: 0.11578144878149033.
LOCAL_RANK: 0 - CUDA_VISIBLE_DEVICES: [0]
[I 2023-11-30 02:58:59,249] Trial 48 finished with value: 0.18947052955627441 and parameters: {'gradient_clip_val': 0.21153608240316085, 'hidden_size': 63, 'dropout': 0.13393620335923756, 'hidden_continuous_size': 27, 'attention_head_size': 1, 'learning_rate': 0.08381116590456573}. Best is trial 47 with value: 0.11578144878149033.
LOCAL_RANK: 0 - CUDA_VISIBLE_DEVICES: [0]
[I 2023-11-30 02:59:12,575] Trial 49 finished with value: 0.14887583255767822 and parameters: {'gradient_clip_val': 0.2533798578168633, 'hidden_size': 53, 'dropout': 0.1206467818571477, 'hidden_continuous_size': 32, 'attention_head_size': 1, 'learning_rate': 0.053694494503648216}. Best is trial 47 with value: 0.11578144878149033.
LOCAL_RANK: 0 - CUDA_VISIBLE_DEVICES: [0]
[I 2023-11-30 02:59:25,383] Trial 50 finished with value: 0.17533241212368011 and parameters: {'gradient_clip_val': 0.16499924514060432, 'hidden_size': 38, 'dropout': 0.16403781741462461, 'hidden_continuous_size': 26, 'attention_head_size': 1, 'learning_rate': 0.07430270478654188}. Best is trial 47 with value: 0.11578144878149033.
LOCAL_RANK: 0 - CUDA_VISIBLE_DEVICES: [0]
[I 2023-11-30 02:59:39,204] Trial 51 finished with value: 0.22652877867221832 and parameters: {'gradient_clip_val': 0.14233247632128554, 'hidden_size': 76, 'dropout': 0.17521157624504277, 'hidden_continuous_size': 42, 'attention_head_size': 4, 'learning_rate': 0.03839847308954594}. Best is trial 47 with value: 0.11578144878149033.
LOCAL_RANK: 0 - CUDA_VISIBLE_DEVICES: [0]
[I 2023-11-30 02:59:53,185] Trial 52 finished with value: 0.24443340301513672 and parameters: {'gradient_clip_val': 0.1305182281840245, 'hidden_size': 98, 'dropout': 0.18081521535699197, 'hidden_continuous_size': 36, 'attention_head_size': 3, 'learning_rate': 0.047634141459940375}. Best is trial 47 with value: 0.11578144878149033.
LOCAL_RANK: 0 - CUDA_VISIBLE_DEVICES: [0]
[I 2023-11-30 03:00:07,456] Trial 53 finished with value: 0.17839093506336212 and parameters: {'gradient_clip_val': 0.11269175567373563, 'hidden_size': 131, 'dropout': 0.14516429347335044, 'hidden_continuous_size': 29, 'attention_head_size': 2, 'learning_rate': 0.05977257494633015}. Best is trial 47 with value: 0.11578144878149033.
LOCAL_RANK: 0 - CUDA_VISIBLE_DEVICES: [0]
[I 2023-11-30 03:00:21,067] Trial 54 finished with value: 0.2285163402557373 and parameters: {'gradient_clip_val': 0.1436621495690958, 'hidden_size': 58, 'dropout': 0.15534282297261284, 'hidden_continuous_size': 31, 'attention_head_size': 4, 'learning_rate': 0.026677877820232822}. Best is trial 47 with value: 0.11578144878149033.
LOCAL_RANK: 0 - CUDA_VISIBLE_DEVICES: [0]
[I 2023-11-30 03:00:35,049] Trial 55 finished with value: 0.19275952875614166 and parameters: {'gradient_clip_val': 0.12369854443949353, 'hidden_size': 105, 'dropout': 0.16934939909950414, 'hidden_continuous_size': 59, 'attention_head_size': 1, 'learning_rate': 0.033403087873555594}. Best is trial 47 with value: 0.11578144878149033.
LOCAL_RANK: 0 - CUDA_VISIBLE_DEVICES: [0]
[I 2023-11-30 03:00:49,142] Trial 56 finished with value: 0.1921163648366928 and parameters: {'gradient_clip_val': 0.1933180966416659, 'hidden_size': 91, 'dropout': 0.10275794971424171, 'hidden_continuous_size': 45, 'attention_head_size': 4, 'learning_rate': 0.09698577395754751}. Best is trial 47 with value: 0.11578144878149033.
LOCAL_RANK: 0 - CUDA_VISIBLE_DEVICES: [0]
[I 2023-11-30 03:01:03,103] Trial 57 finished with value: 0.15927475690841675 and parameters: {'gradient_clip_val': 0.10984473033099158, 'hidden_size': 120, 'dropout': 0.12965908439481583, 'hidden_continuous_size': 52, 'attention_head_size': 2, 'learning_rate': 0.04399350469036419}. Best is trial 47 with value: 0.11578144878149033.
LOCAL_RANK: 0 - CUDA_VISIBLE_DEVICES: [0]
[I 2023-11-30 03:01:17,753] Trial 58 finished with value: 0.1810561865568161 and parameters: {'gradient_clip_val': 0.13810253773802308, 'hidden_size': 137, 'dropout': 0.15841685342196957, 'hidden_continuous_size': 64, 'attention_head_size': 3, 'learning_rate': 0.024774358890209375}. Best is trial 47 with value: 0.11578144878149033.
LOCAL_RANK: 0 - CUDA_VISIBLE_DEVICES: [0]
[I 2023-11-30 03:01:32,429] Trial 59 finished with value: 0.10815534740686417 and parameters: {'gradient_clip_val': 0.12349428050036684, 'hidden_size': 150, 'dropout': 0.19611072867445709, 'hidden_continuous_size': 96, 'attention_head_size': 2, 'learning_rate': 0.0536610201101103}. Best is trial 59 with value: 0.10815534740686417.
LOCAL_RANK: 0 - CUDA_VISIBLE_DEVICES: [0]
[I 2023-11-30 03:01:47,299] Trial 60 finished with value: 0.15322180092334747 and parameters: {'gradient_clip_val': 0.1171872663196586, 'hidden_size': 142, 'dropout': 0.20179051653226704, 'hidden_continuous_size': 111, 'attention_head_size': 4, 'learning_rate': 0.05433637443400845}. Best is trial 59 with value: 0.10815534740686417.
LOCAL_RANK: 0 - CUDA_VISIBLE_DEVICES: [0]
[I 2023-11-30 03:02:01,398] Trial 61 finished with value: 0.20255428552627563 and parameters: {'gradient_clip_val': 0.12592669082458327, 'hidden_size': 120, 'dropout': 0.22013230476333984, 'hidden_continuous_size': 81, 'attention_head_size': 2, 'learning_rate': 0.04048850476065886}. Best is trial 59 with value: 0.10815534740686417.
LOCAL_RANK: 0 - CUDA_VISIBLE_DEVICES: [0]
[I 2023-11-30 03:02:16,143] Trial 62 finished with value: 0.1849198341369629 and parameters: {'gradient_clip_val': 0.15609234499989133, 'hidden_size': 149, 'dropout': 0.18487337840994061, 'hidden_continuous_size': 103, 'attention_head_size': 2, 'learning_rate': 0.03125783334262667}. Best is trial 59 with value: 0.10815534740686417.
LOCAL_RANK: 0 - CUDA_VISIBLE_DEVICES: [0]
[I 2023-11-30 03:02:30,265] Trial 63 finished with value: 0.23318178951740265 and parameters: {'gradient_clip_val': 0.10842683354935785, 'hidden_size': 100, 'dropout': 0.1990487157317934, 'hidden_continuous_size': 62, 'attention_head_size': 2, 'learning_rate': 0.06468347582678277}. Best is trial 59 with value: 0.10815534740686417.
LOCAL_RANK: 0 - CUDA_VISIBLE_DEVICES: [0]
[I 2023-11-30 03:02:44,419] Trial 64 finished with value: 0.2043216973543167 and parameters: {'gradient_clip_val': 0.12276305076777659, 'hidden_size': 87, 'dropout': 0.17583405352545334, 'hidden_continuous_size': 66, 'attention_head_size': 2, 'learning_rate': 0.036605833173027895}. Best is trial 59 with value: 0.10815534740686417.
LOCAL_RANK: 0 - CUDA_VISIBLE_DEVICES: [0]
[I 2023-11-30 03:02:58,643] Trial 65 finished with value: 0.32116055488586426 and parameters: {'gradient_clip_val': 0.10075711267521488, 'hidden_size': 134, 'dropout': 0.21445610945650875, 'hidden_continuous_size': 51, 'attention_head_size': 1, 'learning_rate': 0.08217978755825213}. Best is trial 59 with value: 0.10815534740686417.
LOCAL_RANK: 0 - CUDA_VISIBLE_DEVICES: [0]
[I 2023-11-30 03:03:12,988] Trial 66 finished with value: 0.3677190840244293 and parameters: {'gradient_clip_val': 0.13358189748976484, 'hidden_size': 123, 'dropout': 0.1996728817494715, 'hidden_continuous_size': 55, 'attention_head_size': 3, 'learning_rate': 0.051272322289689226}. Best is trial 59 with value: 0.10815534740686417.
LOCAL_RANK: 0 - CUDA_VISIBLE_DEVICES: [0]
[I 2023-11-30 03:03:27,305] Trial 67 finished with value: 0.08142977207899094 and parameters: {'gradient_clip_val': 0.14658809214440677, 'hidden_size': 111, 'dropout': 0.18765477520221394, 'hidden_continuous_size': 71, 'attention_head_size': 2, 'learning_rate': 0.023348283227464437}. Best is trial 67 with value: 0.08142977207899094.
LOCAL_RANK: 0 - CUDA_VISIBLE_DEVICES: [0]
[I 2023-11-30 03:03:41,817] Trial 68 finished with value: 0.21111907064914703 and parameters: {'gradient_clip_val': 0.16686155075558584, 'hidden_size': 110, 'dropout': 0.22028590583555174, 'hidden_continuous_size': 77, 'attention_head_size': 2, 'learning_rate': 0.023406140594311762}. Best is trial 67 with value: 0.08142977207899094.
LOCAL_RANK: 0 - CUDA_VISIBLE_DEVICES: [0]
[I 2023-11-30 03:03:55,188] Trial 69 finished with value: 0.29582157731056213 and parameters: {'gradient_clip_val': 0.1536865760904979, 'hidden_size': 46, 'dropout': 0.23088741959796286, 'hidden_continuous_size': 38, 'attention_head_size': 4, 'learning_rate': 0.019384781751813445}. Best is trial 67 with value: 0.08142977207899094.
LOCAL_RANK: 0 - CUDA_VISIBLE_DEVICES: [0]
[I 2023-11-30 03:04:09,385] Trial 70 finished with value: 0.20246809720993042 and parameters: {'gradient_clip_val': 0.340345082117069, 'hidden_size': 138, 'dropout': 0.1925377613460106, 'hidden_continuous_size': 24, 'attention_head_size': 2, 'learning_rate': 0.045077591188868935}. Best is trial 67 with value: 0.08142977207899094.
LOCAL_RANK: 0 - CUDA_VISIBLE_DEVICES: [0]
[I 2023-11-30 03:04:23,631] Trial 71 finished with value: 0.36061564087867737 and parameters: {'gradient_clip_val': 0.14904959279687247, 'hidden_size': 101, 'dropout': 0.18707570876992924, 'hidden_continuous_size': 70, 'attention_head_size': 2, 'learning_rate': 0.0301115087658983}. Best is trial 67 with value: 0.08142977207899094.
LOCAL_RANK: 0 - CUDA_VISIBLE_DEVICES: [0]
[I 2023-11-30 03:04:37,605] Trial 72 finished with value: 0.11160460114479065 and parameters: {'gradient_clip_val': 0.13766917110162372, 'hidden_size': 116, 'dropout': 0.16895050410138612, 'hidden_continuous_size': 34, 'attention_head_size': 2, 'learning_rate': 0.0370465403641058}. Best is trial 67 with value: 0.08142977207899094.
LOCAL_RANK: 0 - CUDA_VISIBLE_DEVICES: [0]
[I 2023-11-30 03:04:51,754] Trial 73 finished with value: 0.1553124040365219 and parameters: {'gradient_clip_val': 0.12936851254106646, 'hidden_size': 112, 'dropout': 0.1672794529313061, 'hidden_continuous_size': 35, 'attention_head_size': 2, 'learning_rate': 0.05817728106505611}. Best is trial 67 with value: 0.08142977207899094.
LOCAL_RANK: 0 - CUDA_VISIBLE_DEVICES: [0]
[I 2023-11-30 03:05:05,887] Trial 74 finished with value: 0.25796374678611755 and parameters: {'gradient_clip_val': 0.1184794508252275, 'hidden_size': 119, 'dropout': 0.15126750539030606, 'hidden_continuous_size': 34, 'attention_head_size': 2, 'learning_rate': 0.03768748929645748}. Best is trial 67 with value: 0.08142977207899094.
LOCAL_RANK: 0 - CUDA_VISIBLE_DEVICES: [0]
[I 2023-11-30 03:05:20,213] Trial 75 finished with value: 0.22036798298358917 and parameters: {'gradient_clip_val': 0.14370394812626655, 'hidden_size': 150, 'dropout': 0.19880023175644884, 'hidden_continuous_size': 30, 'attention_head_size': 2, 'learning_rate': 0.03463071555346592}. Best is trial 67 with value: 0.08142977207899094.
LOCAL_RANK: 0 - CUDA_VISIBLE_DEVICES: [0]
[I 2023-11-30 03:05:34,243] Trial 76 finished with value: 0.23587630689144135 and parameters: {'gradient_clip_val': 0.17682908932737343, 'hidden_size': 128, 'dropout': 0.20626285158905064, 'hidden_continuous_size': 43, 'attention_head_size': 2, 'learning_rate': 0.04992503751983986}. Best is trial 67 with value: 0.08142977207899094.
LOCAL_RANK: 0 - CUDA_VISIBLE_DEVICES: [0]
[I 2023-11-30 03:05:48,214] Trial 77 finished with value: 0.17088772356510162 and parameters: {'gradient_clip_val': 0.10803914306603088, 'hidden_size': 82, 'dropout': 0.24525085062166543, 'hidden_continuous_size': 58, 'attention_head_size': 3, 'learning_rate': 0.06917038174779175}. Best is trial 67 with value: 0.08142977207899094.
LOCAL_RANK: 0 - CUDA_VISIBLE_DEVICES: [0]
[I 2023-11-30 03:06:02,003] Trial 78 finished with value: 0.2309049367904663 and parameters: {'gradient_clip_val': 0.13622465988608018, 'hidden_size': 89, 'dropout': 0.17481320648571916, 'hidden_continuous_size': 33, 'attention_head_size': 1, 'learning_rate': 0.04171026568188968}. Best is trial 67 with value: 0.08142977207899094.
LOCAL_RANK: 0 - CUDA_VISIBLE_DEVICES: [0]
[I 2023-11-30 03:06:16,140] Trial 79 finished with value: 0.250194787979126 and parameters: {'gradient_clip_val': 0.1606045029725297, 'hidden_size': 136, 'dropout': 0.21532622968797713, 'hidden_continuous_size': 40, 'attention_head_size': 2, 'learning_rate': 0.0787447732346578}. Best is trial 67 with value: 0.08142977207899094.
LOCAL_RANK: 0 - CUDA_VISIBLE_DEVICES: [0]
[I 2023-11-30 03:06:29,990] Trial 80 finished with value: 0.19498957693576813 and parameters: {'gradient_clip_val': 0.12076627542951272, 'hidden_size': 68, 'dropout': 0.16021662115664356, 'hidden_continuous_size': 54, 'attention_head_size': 4, 'learning_rate': 0.064532266309542}. Best is trial 67 with value: 0.08142977207899094.
LOCAL_RANK: 0 - CUDA_VISIBLE_DEVICES: [0]
[I 2023-11-30 03:06:44,265] Trial 81 finished with value: 0.15191270411014557 and parameters: {'gradient_clip_val': 0.1469006287142605, 'hidden_size': 106, 'dropout': 0.1730731603575748, 'hidden_continuous_size': 70, 'attention_head_size': 2, 'learning_rate': 0.025798416497013758}. Best is trial 67 with value: 0.08142977207899094.
LOCAL_RANK: 0 - CUDA_VISIBLE_DEVICES: [0]
[I 2023-11-30 03:06:58,208] Trial 82 finished with value: 0.22397936880588531 and parameters: {'gradient_clip_val': 0.13777275704687741, 'hidden_size': 94, 'dropout': 0.1815303326363279, 'hidden_continuous_size': 60, 'attention_head_size': 2, 'learning_rate': 0.027960658461232135}. Best is trial 67 with value: 0.08142977207899094.
LOCAL_RANK: 0 - CUDA_VISIBLE_DEVICES: [0]
[I 2023-11-30 03:07:12,724] Trial 83 finished with value: 0.1734582632780075 and parameters: {'gradient_clip_val': 0.12473715198279747, 'hidden_size': 116, 'dropout': 0.18706160586452253, 'hidden_continuous_size': 85, 'attention_head_size': 2, 'learning_rate': 0.023993568326034605}. Best is trial 67 with value: 0.08142977207899094.
LOCAL_RANK: 0 - CUDA_VISIBLE_DEVICES: [0]
[I 2023-11-30 03:07:26,606] Trial 84 finished with value: 0.16379530727863312 and parameters: {'gradient_clip_val': 0.1306407665016932, 'hidden_size': 77, 'dropout': 0.1644789350104854, 'hidden_continuous_size': 62, 'attention_head_size': 2, 'learning_rate': 0.020916678386675817}. Best is trial 67 with value: 0.08142977207899094.
LOCAL_RANK: 0 - CUDA_VISIBLE_DEVICES: [0]
[I 2023-11-30 03:07:40,654] Trial 85 finished with value: 0.2120182067155838 and parameters: {'gradient_clip_val': 0.16552554011509749, 'hidden_size': 108, 'dropout': 0.22677509849250727, 'hidden_continuous_size': 49, 'attention_head_size': 2, 'learning_rate': 0.030514635284529842}. Best is trial 67 with value: 0.08142977207899094.
LOCAL_RANK: 0 - CUDA_VISIBLE_DEVICES: [0]
[I 2023-11-30 03:07:54,871] Trial 86 finished with value: 0.16153885424137115 and parameters: {'gradient_clip_val': 0.1512846867375455, 'hidden_size': 125, 'dropout': 0.23432893782519765, 'hidden_continuous_size': 73, 'attention_head_size': 1, 'learning_rate': 0.03546698067810171}. Best is trial 67 with value: 0.08142977207899094.
LOCAL_RANK: 0 - CUDA_VISIBLE_DEVICES: [0]
[I 2023-11-30 03:08:08,426] Trial 87 finished with value: 0.1876542568206787 and parameters: {'gradient_clip_val': 0.11526976683462593, 'hidden_size': 84, 'dropout': 0.1923564352607657, 'hidden_continuous_size': 38, 'attention_head_size': 2, 'learning_rate': 0.017908627999275006}. Best is trial 67 with value: 0.08142977207899094.
LOCAL_RANK: 0 - CUDA_VISIBLE_DEVICES: [0]
[I 2023-11-30 03:08:22,371] Trial 88 finished with value: 0.1462368667125702 and parameters: {'gradient_clip_val': 0.1890893628730522, 'hidden_size': 101, 'dropout': 0.2056636789184764, 'hidden_continuous_size': 26, 'attention_head_size': 3, 'learning_rate': 0.04647138339243078}. Best is trial 67 with value: 0.08142977207899094.
LOCAL_RANK: 0 - CUDA_VISIBLE_DEVICES: [0]
[I 2023-11-30 03:08:36,476] Trial 89 finished with value: 0.2400180846452713 and parameters: {'gradient_clip_val': 0.13442479569057836, 'hidden_size': 92, 'dropout': 0.1535653201709017, 'hidden_continuous_size': 67, 'attention_head_size': 4, 'learning_rate': 0.056688576605488136}. Best is trial 67 with value: 0.08142977207899094.
LOCAL_RANK: 0 - CUDA_VISIBLE_DEVICES: [0]
[I 2023-11-30 03:08:51,006] Trial 90 finished with value: 0.15926389396190643 and parameters: {'gradient_clip_val': 0.14290386676750894, 'hidden_size': 140, 'dropout': 0.14625987584615016, 'hidden_continuous_size': 85, 'attention_head_size': 2, 'learning_rate': 0.04135228535618726}. Best is trial 67 with value: 0.08142977207899094.
LOCAL_RANK: 0 - CUDA_VISIBLE_DEVICES: [0]
[I 2023-11-30 03:09:04,526] Trial 91 finished with value: 0.1674872189760208 and parameters: {'gradient_clip_val': 0.1027016625261405, 'hidden_size': 73, 'dropout': 0.25973186441920754, 'hidden_continuous_size': 36, 'attention_head_size': 1, 'learning_rate': 0.014284478075757218}. Best is trial 67 with value: 0.08142977207899094.
LOCAL_RANK: 0 - CUDA_VISIBLE_DEVICES: [0]
[I 2023-11-30 03:09:18,037] Trial 92 finished with value: 0.2707444429397583 and parameters: {'gradient_clip_val': 0.11579074322108251, 'hidden_size': 78, 'dropout': 0.24810767552734253, 'hidden_continuous_size': 32, 'attention_head_size': 1, 'learning_rate': 0.021065777214873738}. Best is trial 67 with value: 0.08142977207899094.
LOCAL_RANK: 0 - CUDA_VISIBLE_DEVICES: [0]
[I 2023-11-30 03:09:32,137] Trial 93 finished with value: 0.13379059731960297 and parameters: {'gradient_clip_val': 0.10466267614292464, 'hidden_size': 83, 'dropout': 0.17963678954010986, 'hidden_continuous_size': 56, 'attention_head_size': 1, 'learning_rate': 0.017298782901596532}. Best is trial 67 with value: 0.08142977207899094.
LOCAL_RANK: 0 - CUDA_VISIBLE_DEVICES: [0]
[I 2023-11-30 03:09:46,094] Trial 94 finished with value: 0.180578351020813 and parameters: {'gradient_clip_val': 0.1262215536309825, 'hidden_size': 102, 'dropout': 0.18034516348028043, 'hidden_continuous_size': 57, 'attention_head_size': 1, 'learning_rate': 0.01725905411604936}. Best is trial 67 with value: 0.08142977207899094.
LOCAL_RANK: 0 - CUDA_VISIBLE_DEVICES: [0]
[I 2023-11-30 03:10:00,130] Trial 95 finished with value: 0.10596171766519547 and parameters: {'gradient_clip_val': 0.15635978549881055, 'hidden_size': 114, 'dropout': 0.16868527188754237, 'hidden_continuous_size': 64, 'attention_head_size': 1, 'learning_rate': 0.028710830159188593}. Best is trial 67 with value: 0.08142977207899094.
LOCAL_RANK: 0 - CUDA_VISIBLE_DEVICES: [0]
[I 2023-11-30 03:10:14,442] Trial 96 finished with value: 0.27394533157348633 and parameters: {'gradient_clip_val': 0.15670773846223734, 'hidden_size': 115, 'dropout': 0.16301402968183, 'hidden_continuous_size': 76, 'attention_head_size': 2, 'learning_rate': 0.028240576276281938}. Best is trial 67 with value: 0.08142977207899094.
LOCAL_RANK: 0 - CUDA_VISIBLE_DEVICES: [0]
[I 2023-11-30 03:10:28,588] Trial 97 finished with value: 0.19791238009929657 and parameters: {'gradient_clip_val': 0.1694140095428764, 'hidden_size': 120, 'dropout': 0.19735808337849586, 'hidden_continuous_size': 65, 'attention_head_size': 1, 'learning_rate': 0.03099532812331279}. Best is trial 67 with value: 0.08142977207899094.
LOCAL_RANK: 0 - CUDA_VISIBLE_DEVICES: [0]
[I 2023-11-30 03:10:43,341] Trial 98 finished with value: 0.21207459270954132 and parameters: {'gradient_clip_val': 0.13952617963137642, 'hidden_size': 129, 'dropout': 0.16954696998635138, 'hidden_continuous_size': 119, 'attention_head_size': 2, 'learning_rate': 0.025977646192059035}. Best is trial 67 with value: 0.08142977207899094.
LOCAL_RANK: 0 - CUDA_VISIBLE_DEVICES: [0]
[I 2023-11-30 03:10:57,399] Trial 99 finished with value: 0.14888858795166016 and parameters: {'gradient_clip_val': 0.14722971865363874, 'hidden_size': 96, 'dropout': 0.19180745526507081, 'hidden_continuous_size': 71, 'attention_head_size': 2, 'learning_rate': 0.05130744037665271}. Best is trial 67 with value: 0.08142977207899094.
LOCAL_RANK: 0 - CUDA_VISIBLE_DEVICES: [0]
[I 2023-11-30 03:11:11,837] Trial 100 finished with value: 0.11036359518766403 and parameters: {'gradient_clip_val': 0.1591876900094666, 'hidden_size': 142, 'dropout': 0.21251305558290104, 'hidden_continuous_size': 46, 'attention_head_size': 4, 'learning_rate': 0.03437048297563401}. Best is trial 67 with value: 0.08142977207899094.
LOCAL_RANK: 0 - CUDA_VISIBLE_DEVICES: [0]
[I 2023-11-30 03:11:26,188] Trial 101 finished with value: 0.20498819649219513 and parameters: {'gradient_clip_val': 0.1593812801964714, 'hidden_size': 144, 'dropout': 0.21509690059386471, 'hidden_continuous_size': 45, 'attention_head_size': 4, 'learning_rate': 0.034064144593196274}. Best is trial 67 with value: 0.08142977207899094.
LOCAL_RANK: 0 - CUDA_VISIBLE_DEVICES: [0]
[I 2023-11-30 03:11:40,523] Trial 102 finished with value: 0.16314299404621124 and parameters: {'gradient_clip_val': 0.17230447586141004, 'hidden_size': 133, 'dropout': 0.20243348036029177, 'hidden_continuous_size': 41, 'attention_head_size': 4, 'learning_rate': 0.03817639603346753}. Best is trial 67 with value: 0.08142977207899094.
LOCAL_RANK: 0 - CUDA_VISIBLE_DEVICES: [0]
[I 2023-11-30 03:11:55,077] Trial 103 finished with value: 0.2527522146701813 and parameters: {'gradient_clip_val': 0.18117903768107488, 'hidden_size': 108, 'dropout': 0.21066450348493748, 'hidden_continuous_size': 76, 'attention_head_size': 4, 'learning_rate': 0.046641775693025606}. Best is trial 67 with value: 0.08142977207899094.
LOCAL_RANK: 0 - CUDA_VISIBLE_DEVICES: [0]
[I 2023-11-30 03:12:09,393] Trial 104 finished with value: 0.23865823447704315 and parameters: {'gradient_clip_val': 0.15807708130368409, 'hidden_size': 129, 'dropout': 0.1574347524594479, 'hidden_continuous_size': 61, 'attention_head_size': 4, 'learning_rate': 0.0326054751481552}. Best is trial 67 with value: 0.08142977207899094.
LOCAL_RANK: 0 - CUDA_VISIBLE_DEVICES: [0]
