[I 2023-11-30 08:31:33,292] Trial 143 finished with value: 0.08669891208410263 and parameters: {'gradient_clip_val': 0.2588517871631012, 'hidden_size': 47, 'dropout': 0.21099327484374228, 'hidden_continuous_size': 13, 'attention_head_size': 2, 'learning_rate': 0.04604644810243203}. Best is trial 95 with value: 0.03968588262796402.
LOCAL_RANK: 0 - CUDA_VISIBLE_DEVICES: [0]
[I 2023-11-30 08:31:45,704] Trial 144 finished with value: 0.059302497655153275 and parameters: {'gradient_clip_val': 0.3034496156565393, 'hidden_size': 44, 'dropout': 0.2062512300535554, 'hidden_continuous_size': 10, 'attention_head_size': 2, 'learning_rate': 0.07957157064857556}. Best is trial 95 with value: 0.03968588262796402.
LOCAL_RANK: 0 - CUDA_VISIBLE_DEVICES: [0]
[I 2023-11-30 08:31:58,637] Trial 145 finished with value: 0.07330241054296494 and parameters: {'gradient_clip_val': 0.32395300918844894, 'hidden_size': 56, 'dropout': 0.187263167320173, 'hidden_continuous_size': 11, 'attention_head_size': 2, 'learning_rate': 0.06142258136991435}. Best is trial 95 with value: 0.03968588262796402.
LOCAL_RANK: 0 - CUDA_VISIBLE_DEVICES: [0]
[I 2023-11-30 08:32:11,411] Trial 146 finished with value: 0.1855829954147339 and parameters: {'gradient_clip_val': 0.27334004183956384, 'hidden_size': 39, 'dropout': 0.22084923706600718, 'hidden_continuous_size': 14, 'attention_head_size': 2, 'learning_rate': 0.026646742886305308}. Best is trial 95 with value: 0.03968588262796402.
LOCAL_RANK: 0 - CUDA_VISIBLE_DEVICES: [0]
[I 2023-11-30 08:32:24,398] Trial 147 finished with value: 0.051668569445610046 and parameters: {'gradient_clip_val': 0.24662669002975532, 'hidden_size': 49, 'dropout': 0.19891932699284728, 'hidden_continuous_size': 13, 'attention_head_size': 2, 'learning_rate': 0.05556418866746517}. Best is trial 95 with value: 0.03968588262796402.
LOCAL_RANK: 0 - CUDA_VISIBLE_DEVICES: [0]
[I 2023-11-30 08:32:37,547] Trial 148 finished with value: 0.04673950746655464 and parameters: {'gradient_clip_val': 0.290687710334404, 'hidden_size': 42, 'dropout': 0.2154323566508552, 'hidden_continuous_size': 33, 'attention_head_size': 3, 'learning_rate': 0.052440717604851875}. Best is trial 95 with value: 0.03968588262796402.
LOCAL_RANK: 0 - CUDA_VISIBLE_DEVICES: [0]
[I 2023-11-30 08:32:51,033] Trial 149 finished with value: 0.06887786835432053 and parameters: {'gradient_clip_val': 0.34088031761673393, 'hidden_size': 53, 'dropout': 0.2283249678638519, 'hidden_continuous_size': 33, 'attention_head_size': 3, 'learning_rate': 0.048352606200123924}. Best is trial 95 with value: 0.03968588262796402.
[I 2023-11-30 08:32:51,145] A new study created in memory with name: no-name-1f007253-d9c2-4e3c-9f94-b1dd310d2c80
/home/le004/conda/anaconda3/envs/tsff_env/lib/python3.9/site-packages/lightning/fabric/plugins/environments/slurm.py:191: The `srun` command is available on your system but is not used. HINT: If your intention is to run Lightning on SLURM, prepend your python command with `srun` like so: srun python /home/le004/master_thesis/git/TSFusionForecast/code/ ...
LOCAL_RANK: 0 - CUDA_VISIBLE_DEVICES: [0]
[I 2023-11-30 08:33:03,555] Trial 0 finished with value: 1.532217025756836 and parameters: {'gradient_clip_val': 0.2711842941123156, 'hidden_size': 36, 'dropout': 0.1435773864020382, 'hidden_continuous_size': 13, 'attention_head_size': 1, 'learning_rate': 0.004308016299360712}. Best is trial 0 with value: 1.532217025756836.
LOCAL_RANK: 0 - CUDA_VISIBLE_DEVICES: [0]
[I 2023-11-30 08:33:17,299] Trial 1 finished with value: 0.28393587470054626 and parameters: {'gradient_clip_val': 0.2403422481127907, 'hidden_size': 81, 'dropout': 0.28049930414251567, 'hidden_continuous_size': 45, 'attention_head_size': 2, 'learning_rate': 0.026422583457064403}. Best is trial 1 with value: 0.28393587470054626.
LOCAL_RANK: 0 - CUDA_VISIBLE_DEVICES: [0]
[I 2023-11-30 08:33:27,831] Trial 2 finished with value: 2.4631643295288086 and parameters: {'gradient_clip_val': 0.45579090802837374, 'hidden_size': 11, 'dropout': 0.13507773746626783, 'hidden_continuous_size': 11, 'attention_head_size': 3, 'learning_rate': 0.0022488512658467076}. Best is trial 1 with value: 0.28393587470054626.
LOCAL_RANK: 0 - CUDA_VISIBLE_DEVICES: [0]
[I 2023-11-30 08:33:40,909] Trial 3 finished with value: 0.2335118055343628 and parameters: {'gradient_clip_val': 0.847106120977993, 'hidden_size': 49, 'dropout': 0.23645803958255454, 'hidden_continuous_size': 25, 'attention_head_size': 3, 'learning_rate': 0.09227410014008787}. Best is trial 3 with value: 0.2335118055343628.
LOCAL_RANK: 0 - CUDA_VISIBLE_DEVICES: [0]
[I 2023-11-30 08:33:53,323] Trial 4 finished with value: 1.0625380277633667 and parameters: {'gradient_clip_val': 0.24938207727834572, 'hidden_size': 32, 'dropout': 0.3633993785000982, 'hidden_continuous_size': 24, 'attention_head_size': 2, 'learning_rate': 0.01303684479971017}. Best is trial 3 with value: 0.2335118055343628.
LOCAL_RANK: 0 - CUDA_VISIBLE_DEVICES: [0]
[I 2023-11-30 08:34:06,186] Trial 5 finished with value: 1.8585141897201538 and parameters: {'gradient_clip_val': 0.45461968739893266, 'hidden_size': 44, 'dropout': 0.2353399346524141, 'hidden_continuous_size': 26, 'attention_head_size': 3, 'learning_rate': 0.0010589212785954572}. Best is trial 3 with value: 0.2335118055343628.
LOCAL_RANK: 0 - CUDA_VISIBLE_DEVICES: [0]
[I 2023-11-30 08:34:18,379] Trial 6 finished with value: 0.8504108786582947 and parameters: {'gradient_clip_val': 0.13551377136862197, 'hidden_size': 16, 'dropout': 0.29430266504453656, 'hidden_continuous_size': 10, 'attention_head_size': 4, 'learning_rate': 0.015691775430631088}. Best is trial 3 with value: 0.2335118055343628.
LOCAL_RANK: 0 - CUDA_VISIBLE_DEVICES: [0]
[I 2023-11-30 08:34:31,912] Trial 7 finished with value: 0.916877269744873 and parameters: {'gradient_clip_val': 0.3671890617416093, 'hidden_size': 106, 'dropout': 0.28102493699472175, 'hidden_continuous_size': 10, 'attention_head_size': 2, 'learning_rate': 0.0025922475649315007}. Best is trial 3 with value: 0.2335118055343628.
LOCAL_RANK: 0 - CUDA_VISIBLE_DEVICES: [0]
[I 2023-11-30 08:34:44,326] Trial 8 finished with value: 2.8416130542755127 and parameters: {'gradient_clip_val': 0.519756567388159, 'hidden_size': 19, 'dropout': 0.34755155809116234, 'hidden_continuous_size': 16, 'attention_head_size': 3, 'learning_rate': 0.0011078109465146669}. Best is trial 3 with value: 0.2335118055343628.
LOCAL_RANK: 0 - CUDA_VISIBLE_DEVICES: [0]
[I 2023-11-30 08:34:56,972] Trial 9 finished with value: 1.9914196729660034 and parameters: {'gradient_clip_val': 0.6677696123167199, 'hidden_size': 35, 'dropout': 0.19623304909323014, 'hidden_continuous_size': 18, 'attention_head_size': 2, 'learning_rate': 0.0016342004188638435}. Best is trial 3 with value: 0.2335118055343628.
LOCAL_RANK: 0 - CUDA_VISIBLE_DEVICES: [0]
[I 2023-11-30 08:35:11,768] Trial 10 finished with value: 0.47869792580604553 and parameters: {'gradient_clip_val': 0.9932026440664908, 'hidden_size': 149, 'dropout': 0.3991509270668435, 'hidden_continuous_size': 84, 'attention_head_size': 4, 'learning_rate': 0.0974479916523698}. Best is trial 3 with value: 0.2335118055343628.
LOCAL_RANK: 0 - CUDA_VISIBLE_DEVICES: [0]
[I 2023-11-30 08:35:25,306] Trial 11 finished with value: 0.29528120160102844 and parameters: {'gradient_clip_val': 0.18768088350164636, 'hidden_size': 69, 'dropout': 0.246684430004274, 'hidden_continuous_size': 41, 'attention_head_size': 1, 'learning_rate': 0.06737552918139278}. Best is trial 3 with value: 0.2335118055343628.
LOCAL_RANK: 0 - CUDA_VISIBLE_DEVICES: [0]
[I 2023-11-30 08:35:38,949] Trial 12 finished with value: 0.40785861015319824 and parameters: {'gradient_clip_val': 0.1023919264999189, 'hidden_size': 68, 'dropout': 0.19469282124863163, 'hidden_continuous_size': 38, 'attention_head_size': 3, 'learning_rate': 0.039562625150837624}. Best is trial 3 with value: 0.2335118055343628.
LOCAL_RANK: 0 - CUDA_VISIBLE_DEVICES: [0]
[I 2023-11-30 08:35:52,456] Trial 13 finished with value: 0.31182360649108887 and parameters: {'gradient_clip_val': 0.9137829389247818, 'hidden_size': 63, 'dropout': 0.30554699939467855, 'hidden_continuous_size': 39, 'attention_head_size': 2, 'learning_rate': 0.03180618189293488}. Best is trial 3 with value: 0.2335118055343628.
LOCAL_RANK: 0 - CUDA_VISIBLE_DEVICES: [0]
[I 2023-11-30 08:36:06,616] Trial 14 finished with value: 0.23209922015666962 and parameters: {'gradient_clip_val': 0.30866189262570065, 'hidden_size': 94, 'dropout': 0.22165944514724661, 'hidden_continuous_size': 63, 'attention_head_size': 4, 'learning_rate': 0.03306154615390924}. Best is trial 14 with value: 0.23209922015666962.
LOCAL_RANK: 0 - CUDA_VISIBLE_DEVICES: [0]
[I 2023-11-30 08:36:21,345] Trial 15 finished with value: 0.2007744461297989 and parameters: {'gradient_clip_val': 0.32930693699155367, 'hidden_size': 149, 'dropout': 0.2106849039180422, 'hidden_continuous_size': 68, 'attention_head_size': 4, 'learning_rate': 0.059248622222643335}. Best is trial 15 with value: 0.2007744461297989.
LOCAL_RANK: 0 - CUDA_VISIBLE_DEVICES: [0]
[I 2023-11-30 08:36:35,871] Trial 16 finished with value: 0.3913549482822418 and parameters: {'gradient_clip_val': 0.33957304878870775, 'hidden_size': 132, 'dropout': 0.18828948631784942, 'hidden_continuous_size': 88, 'attention_head_size': 4, 'learning_rate': 0.0527410498077747}. Best is trial 15 with value: 0.2007744461297989.
LOCAL_RANK: 0 - CUDA_VISIBLE_DEVICES: [0]
[I 2023-11-30 08:36:50,317] Trial 17 finished with value: 0.3536947965621948 and parameters: {'gradient_clip_val': 0.20052496288398375, 'hidden_size': 102, 'dropout': 0.10652797496026375, 'hidden_continuous_size': 62, 'attention_head_size': 4, 'learning_rate': 0.023692942565814865}. Best is trial 15 with value: 0.2007744461297989.
LOCAL_RANK: 0 - CUDA_VISIBLE_DEVICES: [0]
[I 2023-11-30 08:37:04,889] Trial 18 finished with value: 0.5488721132278442 and parameters: {'gradient_clip_val': 0.3706699680437488, 'hidden_size': 122, 'dropout': 0.21029439313275491, 'hidden_continuous_size': 112, 'attention_head_size': 4, 'learning_rate': 0.04928583847059737}. Best is trial 15 with value: 0.2007744461297989.
LOCAL_RANK: 0 - CUDA_VISIBLE_DEVICES: [0]
[I 2023-11-30 08:37:18,958] Trial 19 finished with value: 0.40249118208885193 and parameters: {'gradient_clip_val': 0.2987141881506654, 'hidden_size': 96, 'dropout': 0.17081273373488398, 'hidden_continuous_size': 53, 'attention_head_size': 4, 'learning_rate': 0.019434693958186176}. Best is trial 15 with value: 0.2007744461297989.
LOCAL_RANK: 0 - CUDA_VISIBLE_DEVICES: [0]
[I 2023-11-30 08:37:33,897] Trial 20 finished with value: 0.3094421625137329 and parameters: {'gradient_clip_val': 0.6068863734897341, 'hidden_size': 140, 'dropout': 0.22120044345086817, 'hidden_continuous_size': 139, 'attention_head_size': 4, 'learning_rate': 0.008417165125926981}. Best is trial 15 with value: 0.2007744461297989.
LOCAL_RANK: 0 - CUDA_VISIBLE_DEVICES: [0]
[I 2023-11-30 08:37:47,726] Trial 21 finished with value: 0.263959139585495 and parameters: {'gradient_clip_val': 0.7350938461527908, 'hidden_size': 91, 'dropout': 0.2500725202239804, 'hidden_continuous_size': 32, 'attention_head_size': 3, 'learning_rate': 0.09143203949057334}. Best is trial 15 with value: 0.2007744461297989.
LOCAL_RANK: 0 - CUDA_VISIBLE_DEVICES: [0]
[I 2023-11-30 08:38:01,189] Trial 22 finished with value: 0.43676185607910156 and parameters: {'gradient_clip_val': 0.39820164587736107, 'hidden_size': 51, 'dropout': 0.22363350174653537, 'hidden_continuous_size': 29, 'attention_head_size': 3, 'learning_rate': 0.06167919361829989}. Best is trial 15 with value: 0.2007744461297989.
LOCAL_RANK: 0 - CUDA_VISIBLE_DEVICES: [0]
[I 2023-11-30 08:38:15,196] Trial 23 finished with value: 0.8172157406806946 and parameters: {'gradient_clip_val': 0.5222696793136902, 'hidden_size': 83, 'dropout': 0.2531835364250643, 'hidden_continuous_size': 52, 'attention_head_size': 4, 'learning_rate': 0.03995341392222515}. Best is trial 15 with value: 0.2007744461297989.
LOCAL_RANK: 0 - CUDA_VISIBLE_DEVICES: [0]
[I 2023-11-30 08:38:29,469] Trial 24 finished with value: 0.4219837188720703 and parameters: {'gradient_clip_val': 0.7910533384913857, 'hidden_size': 115, 'dropout': 0.16866687384418638, 'hidden_continuous_size': 63, 'attention_head_size': 3, 'learning_rate': 0.07019437006885544}. Best is trial 15 with value: 0.2007744461297989.
LOCAL_RANK: 0 - CUDA_VISIBLE_DEVICES: [0]
[I 2023-11-30 08:38:44,278] Trial 25 finished with value: 0.3261297643184662 and parameters: {'gradient_clip_val': 0.3008279704975921, 'hidden_size': 149, 'dropout': 0.22187749548619273, 'hidden_continuous_size': 74, 'attention_head_size': 4, 'learning_rate': 0.03568110926118912}. Best is trial 15 with value: 0.2007744461297989.
LOCAL_RANK: 0 - CUDA_VISIBLE_DEVICES: [0]
[I 2023-11-30 08:38:57,720] Trial 26 finished with value: 0.2263636589050293 and parameters: {'gradient_clip_val': 0.6079045479514391, 'hidden_size': 50, 'dropout': 0.25992889656156287, 'hidden_continuous_size': 33, 'attention_head_size': 3, 'learning_rate': 0.08673810594872572}. Best is trial 15 with value: 0.2007744461297989.
LOCAL_RANK: 0 - CUDA_VISIBLE_DEVICES: [0]
[I 2023-11-30 08:39:12,176] Trial 27 finished with value: 0.1871526837348938 and parameters: {'gradient_clip_val': 0.5875085143529156, 'hidden_size': 121, 'dropout': 0.26197570346905624, 'hidden_continuous_size': 49, 'attention_head_size': 4, 'learning_rate': 0.04865507641499366}. Best is trial 27 with value: 0.1871526837348938.
LOCAL_RANK: 0 - CUDA_VISIBLE_DEVICES: [0]
[I 2023-11-30 08:39:26,605] Trial 28 finished with value: 0.1806037276983261 and parameters: {'gradient_clip_val': 0.5999666745411537, 'hidden_size': 123, 'dropout': 0.26203272228441454, 'hidden_continuous_size': 48, 'attention_head_size': 4, 'learning_rate': 0.049253148579801655}. Best is trial 28 with value: 0.1806037276983261.
LOCAL_RANK: 0 - CUDA_VISIBLE_DEVICES: [0]
[I 2023-11-30 08:39:40,614] Trial 29 finished with value: 0.3113814890384674 and parameters: {'gradient_clip_val': 0.7072729714662361, 'hidden_size': 113, 'dropout': 0.3133158500704223, 'hidden_continuous_size': 50, 'attention_head_size': 1, 'learning_rate': 0.04753979124115011}. Best is trial 28 with value: 0.1806037276983261.
LOCAL_RANK: 0 - CUDA_VISIBLE_DEVICES: [0]
[I 2023-11-30 08:39:54,947] Trial 30 finished with value: 0.3464873731136322 and parameters: {'gradient_clip_val': 0.42339382851673735, 'hidden_size': 127, 'dropout': 0.26248337840052444, 'hidden_continuous_size': 50, 'attention_head_size': 4, 'learning_rate': 0.02534918899333388}. Best is trial 28 with value: 0.1806037276983261.
LOCAL_RANK: 0 - CUDA_VISIBLE_DEVICES: [0]
[I 2023-11-30 08:40:09,077] Trial 31 finished with value: 0.3348741829395294 and parameters: {'gradient_clip_val': 0.5911463360076018, 'hidden_size': 115, 'dropout': 0.2683625893222661, 'hidden_continuous_size': 36, 'attention_head_size': 4, 'learning_rate': 0.07294043302060133}. Best is trial 28 with value: 0.1806037276983261.
LOCAL_RANK: 0 - CUDA_VISIBLE_DEVICES: [0]
[I 2023-11-30 08:40:23,188] Trial 32 finished with value: 0.15321259200572968 and parameters: {'gradient_clip_val': 0.5079108043567502, 'hidden_size': 78, 'dropout': 0.2739789308734004, 'hidden_continuous_size': 43, 'attention_head_size': 4, 'learning_rate': 0.054280126417013366}. Best is trial 32 with value: 0.15321259200572968.
LOCAL_RANK: 0 - CUDA_VISIBLE_DEVICES: [0]
[I 2023-11-30 08:40:37,098] Trial 33 finished with value: 0.1931828409433365 and parameters: {'gradient_clip_val': 0.49242824094280424, 'hidden_size': 81, 'dropout': 0.2778494322759493, 'hidden_continuous_size': 44, 'attention_head_size': 4, 'learning_rate': 0.056166662330069006}. Best is trial 32 with value: 0.15321259200572968.
LOCAL_RANK: 0 - CUDA_VISIBLE_DEVICES: [0]
[I 2023-11-30 08:40:50,979] Trial 34 finished with value: 0.19539956748485565 and parameters: {'gradient_clip_val': 0.5208017728281576, 'hidden_size': 79, 'dropout': 0.2802491533432007, 'hidden_continuous_size': 44, 'attention_head_size': 4, 'learning_rate': 0.04674223685380527}. Best is trial 32 with value: 0.15321259200572968.
LOCAL_RANK: 0 - CUDA_VISIBLE_DEVICES: [0]
[I 2023-11-30 08:41:05,002] Trial 35 finished with value: 0.47041094303131104 and parameters: {'gradient_clip_val': 0.46749104086562604, 'hidden_size': 83, 'dropout': 0.27552856946867915, 'hidden_continuous_size': 45, 'attention_head_size': 4, 'learning_rate': 0.030484481390887143}. Best is trial 32 with value: 0.15321259200572968.
LOCAL_RANK: 0 - CUDA_VISIBLE_DEVICES: [0]
[I 2023-11-30 08:41:18,988] Trial 36 finished with value: 0.5003522038459778 and parameters: {'gradient_clip_val': 0.7401799281515998, 'hidden_size': 101, 'dropout': 0.29788166399819727, 'hidden_continuous_size': 36, 'attention_head_size': 3, 'learning_rate': 0.023597936444695208}. Best is trial 32 with value: 0.15321259200572968.
LOCAL_RANK: 0 - CUDA_VISIBLE_DEVICES: [0]
[I 2023-11-30 08:41:32,763] Trial 37 finished with value: 0.4001282751560211 and parameters: {'gradient_clip_val': 0.8495645912561602, 'hidden_size': 61, 'dropout': 0.3153414655121598, 'hidden_continuous_size': 43, 'attention_head_size': 4, 'learning_rate': 0.04076200977570614}. Best is trial 32 with value: 0.15321259200572968.
LOCAL_RANK: 0 - CUDA_VISIBLE_DEVICES: [0]
[I 2023-11-30 08:41:46,669] Trial 38 finished with value: 0.5143458247184753 and parameters: {'gradient_clip_val': 0.46101839795592525, 'hidden_size': 77, 'dropout': 0.24395221087016036, 'hidden_continuous_size': 48, 'attention_head_size': 4, 'learning_rate': 0.05961186746556434}. Best is trial 32 with value: 0.15321259200572968.
LOCAL_RANK: 0 - CUDA_VISIBLE_DEVICES: [0]
[I 2023-11-30 08:42:00,829] Trial 39 finished with value: 0.31887468695640564 and parameters: {'gradient_clip_val': 0.6310337803484886, 'hidden_size': 127, 'dropout': 0.2879808895133788, 'hidden_continuous_size': 55, 'attention_head_size': 3, 'learning_rate': 0.010508740210265129}. Best is trial 32 with value: 0.15321259200572968.
LOCAL_RANK: 0 - CUDA_VISIBLE_DEVICES: [0]
[I 2023-11-30 08:42:15,109] Trial 40 finished with value: 0.4077809751033783 and parameters: {'gradient_clip_val': 0.5569599644038827, 'hidden_size': 107, 'dropout': 0.2660925135542798, 'hidden_continuous_size': 56, 'attention_head_size': 4, 'learning_rate': 0.07624191893298596}. Best is trial 32 with value: 0.15321259200572968.
LOCAL_RANK: 0 - CUDA_VISIBLE_DEVICES: [0]
[I 2023-11-30 08:42:28,888] Trial 41 finished with value: 0.27070900797843933 and parameters: {'gradient_clip_val': 0.5171565631760618, 'hidden_size': 77, 'dropout': 0.2802348575167731, 'hidden_continuous_size': 42, 'attention_head_size': 4, 'learning_rate': 0.05065729062537088}. Best is trial 32 with value: 0.15321259200572968.
LOCAL_RANK: 0 - CUDA_VISIBLE_DEVICES: [0]
[I 2023-11-30 08:42:43,224] Trial 42 finished with value: 0.22351931035518646 and parameters: {'gradient_clip_val': 0.6601490860660962, 'hidden_size': 91, 'dropout': 0.28926734351755384, 'hidden_continuous_size': 44, 'attention_head_size': 4, 'learning_rate': 0.04702792251828401}. Best is trial 32 with value: 0.15321259200572968.
LOCAL_RANK: 0 - CUDA_VISIBLE_DEVICES: [0]
[I 2023-11-30 08:42:57,081] Trial 43 finished with value: 0.3276705741882324 and parameters: {'gradient_clip_val': 0.5148825096766919, 'hidden_size': 73, 'dropout': 0.27379691833210845, 'hidden_continuous_size': 47, 'attention_head_size': 4, 'learning_rate': 0.09907744367662794}. Best is trial 32 with value: 0.15321259200572968.
LOCAL_RANK: 0 - CUDA_VISIBLE_DEVICES: [0]
[I 2023-11-30 08:43:10,713] Trial 44 finished with value: 0.8839189410209656 and parameters: {'gradient_clip_val': 0.4219621075132491, 'hidden_size': 60, 'dropout': 0.23573082680618307, 'hidden_continuous_size': 41, 'attention_head_size': 4, 'learning_rate': 0.028923972680897993}. Best is trial 32 with value: 0.15321259200572968.
LOCAL_RANK: 0 - CUDA_VISIBLE_DEVICES: [0]
[I 2023-11-30 08:43:24,657] Trial 45 finished with value: 0.16914846003055573 and parameters: {'gradient_clip_val': 0.5767682995072285, 'hidden_size': 83, 'dropout': 0.32681712039222177, 'hidden_continuous_size': 45, 'attention_head_size': 4, 'learning_rate': 0.04081285132600651}. Best is trial 32 with value: 0.15321259200572968.
LOCAL_RANK: 0 - CUDA_VISIBLE_DEVICES: [0]
[I 2023-11-30 08:43:38,612] Trial 46 finished with value: 0.16119641065597534 and parameters: {'gradient_clip_val': 0.6640722367744457, 'hidden_size': 87, 'dropout': 0.3285126799817308, 'hidden_continuous_size': 36, 'attention_head_size': 3, 'learning_rate': 0.07301298014695819}. Best is trial 32 with value: 0.15321259200572968.
LOCAL_RANK: 0 - CUDA_VISIBLE_DEVICES: [0]
[I 2023-11-30 08:43:52,771] Trial 47 finished with value: 0.3044423460960388 and parameters: {'gradient_clip_val': 0.6816968364501474, 'hidden_size': 111, 'dropout': 0.3273647040259879, 'hidden_continuous_size': 28, 'attention_head_size': 3, 'learning_rate': 0.07551630870180338}. Best is trial 32 with value: 0.15321259200572968.
LOCAL_RANK: 0 - CUDA_VISIBLE_DEVICES: [0]
[I 2023-11-30 08:44:06,864] Trial 48 finished with value: 0.3802375793457031 and parameters: {'gradient_clip_val': 0.5726703112228155, 'hidden_size': 130, 'dropout': 0.3336901049544849, 'hidden_continuous_size': 23, 'attention_head_size': 2, 'learning_rate': 0.03830498546713106}. Best is trial 32 with value: 0.15321259200572968.
LOCAL_RANK: 0 - CUDA_VISIBLE_DEVICES: [0]
[I 2023-11-30 08:44:20,638] Trial 49 finished with value: 0.6546502113342285 and parameters: {'gradient_clip_val': 0.7718502814026555, 'hidden_size': 91, 'dropout': 0.3502719524156122, 'hidden_continuous_size': 38, 'attention_head_size': 3, 'learning_rate': 0.06555611720446776}. Best is trial 32 with value: 0.15321259200572968.
LOCAL_RANK: 0 - CUDA_VISIBLE_DEVICES: [0]
