[I 2023-11-29 20:19:34,568] Trial 57 finished with value: 0.663852870464325 and parameters: {'gradient_clip_val': 0.11706587383094265, 'hidden_size': 72, 'dropout': 0.17429014481477198, 'hidden_continuous_size': 23, 'attention_head_size': 1, 'learning_rate': 0.08147838451819168}. Best is trial 56 with value: 0.3941429555416107.
LOCAL_RANK: 0 - CUDA_VISIBLE_DEVICES: [0]
[I 2023-11-29 20:19:47,366] Trial 58 finished with value: 0.5920563340187073 and parameters: {'gradient_clip_val': 0.1296267347216993, 'hidden_size': 44, 'dropout': 0.1130831452781709, 'hidden_continuous_size': 27, 'attention_head_size': 1, 'learning_rate': 0.062379767169656125}. Best is trial 56 with value: 0.3941429555416107.
LOCAL_RANK: 0 - CUDA_VISIBLE_DEVICES: [0]
[I 2023-11-29 20:20:00,405] Trial 59 finished with value: 0.8788018226623535 and parameters: {'gradient_clip_val': 0.10889367232290388, 'hidden_size': 57, 'dropout': 0.18150546871258907, 'hidden_continuous_size': 22, 'attention_head_size': 1, 'learning_rate': 0.0907959280687071}. Best is trial 56 with value: 0.3941429555416107.
LOCAL_RANK: 0 - CUDA_VISIBLE_DEVICES: [0]
[I 2023-11-29 20:20:13,750] Trial 60 finished with value: 0.5578849911689758 and parameters: {'gradient_clip_val': 0.11973862342099148, 'hidden_size': 62, 'dropout': 0.15350384123320382, 'hidden_continuous_size': 35, 'attention_head_size': 1, 'learning_rate': 0.0697643774593445}. Best is trial 56 with value: 0.3941429555416107.
LOCAL_RANK: 0 - CUDA_VISIBLE_DEVICES: [0]
[I 2023-11-29 20:20:26,941] Trial 61 finished with value: 0.6065006256103516 and parameters: {'gradient_clip_val': 0.13752615432281762, 'hidden_size': 56, 'dropout': 0.16338691354408783, 'hidden_continuous_size': 30, 'attention_head_size': 2, 'learning_rate': 0.04739350936978981}. Best is trial 56 with value: 0.3941429555416107.
LOCAL_RANK: 0 - CUDA_VISIBLE_DEVICES: [0]
[I 2023-11-29 20:20:40,107] Trial 62 finished with value: 0.7439624667167664 and parameters: {'gradient_clip_val': 0.149850673918904, 'hidden_size': 50, 'dropout': 0.2009001031059207, 'hidden_continuous_size': 25, 'attention_head_size': 2, 'learning_rate': 0.05873373351440001}. Best is trial 56 with value: 0.3941429555416107.
LOCAL_RANK: 0 - CUDA_VISIBLE_DEVICES: [0]
[I 2023-11-29 20:20:52,972] Trial 63 finished with value: 0.6859048008918762 and parameters: {'gradient_clip_val': 0.11028785625231467, 'hidden_size': 45, 'dropout': 0.13968775200003536, 'hidden_continuous_size': 28, 'attention_head_size': 1, 'learning_rate': 0.04010332191236651}. Best is trial 56 with value: 0.3941429555416107.
LOCAL_RANK: 0 - CUDA_VISIBLE_DEVICES: [0]
[I 2023-11-29 20:21:06,390] Trial 64 finished with value: 0.4226665198802948 and parameters: {'gradient_clip_val': 0.12610890077872222, 'hidden_size': 65, 'dropout': 0.16837548656660298, 'hidden_continuous_size': 32, 'attention_head_size': 2, 'learning_rate': 0.020882414359392}. Best is trial 56 with value: 0.3941429555416107.
LOCAL_RANK: 0 - CUDA_VISIBLE_DEVICES: [0]
[I 2023-11-29 20:21:19,989] Trial 65 finished with value: 0.30353209376335144 and parameters: {'gradient_clip_val': 0.12735993325623382, 'hidden_size': 67, 'dropout': 0.16756644540729748, 'hidden_continuous_size': 34, 'attention_head_size': 2, 'learning_rate': 0.021145366463689013}. Best is trial 65 with value: 0.30353209376335144.
LOCAL_RANK: 0 - CUDA_VISIBLE_DEVICES: [0]
[I 2023-11-29 20:21:33,365] Trial 66 finished with value: 0.5581888556480408 and parameters: {'gradient_clip_val': 0.1271549883840203, 'hidden_size': 65, 'dropout': 0.18132717178716332, 'hidden_continuous_size': 38, 'attention_head_size': 1, 'learning_rate': 0.020300817442785928}. Best is trial 65 with value: 0.30353209376335144.
LOCAL_RANK: 0 - CUDA_VISIBLE_DEVICES: [0]
[I 2023-11-29 20:21:46,984] Trial 67 finished with value: 0.6836957335472107 and parameters: {'gradient_clip_val': 0.13701769069787575, 'hidden_size': 71, 'dropout': 0.1461644480953875, 'hidden_continuous_size': 34, 'attention_head_size': 2, 'learning_rate': 0.03522438999087799}. Best is trial 65 with value: 0.30353209376335144.
LOCAL_RANK: 0 - CUDA_VISIBLE_DEVICES: [0]
[I 2023-11-29 20:22:00,609] Trial 68 finished with value: 0.7283186912536621 and parameters: {'gradient_clip_val': 0.15667542269833876, 'hidden_size': 76, 'dropout': 0.15804398622264237, 'hidden_continuous_size': 36, 'attention_head_size': 2, 'learning_rate': 0.027412576009167768}. Best is trial 65 with value: 0.30353209376335144.
LOCAL_RANK: 0 - CUDA_VISIBLE_DEVICES: [0]
[I 2023-11-29 20:22:13,863] Trial 69 finished with value: 0.7103955149650574 and parameters: {'gradient_clip_val': 0.12422300201087028, 'hidden_size': 67, 'dropout': 0.13033277415193395, 'hidden_continuous_size': 32, 'attention_head_size': 1, 'learning_rate': 0.021752354832047002}. Best is trial 65 with value: 0.30353209376335144.
LOCAL_RANK: 0 - CUDA_VISIBLE_DEVICES: [0]
[I 2023-11-29 20:22:27,456] Trial 70 finished with value: 0.525519847869873 and parameters: {'gradient_clip_val': 0.1816470322072306, 'hidden_size': 74, 'dropout': 0.18586636457478833, 'hidden_continuous_size': 39, 'attention_head_size': 2, 'learning_rate': 0.017988299346432906}. Best is trial 65 with value: 0.30353209376335144.
LOCAL_RANK: 0 - CUDA_VISIBLE_DEVICES: [0]
[I 2023-11-29 20:22:40,929] Trial 71 finished with value: 0.5673789978027344 and parameters: {'gradient_clip_val': 0.10759461510643753, 'hidden_size': 62, 'dropout': 0.17051285402176133, 'hidden_continuous_size': 34, 'attention_head_size': 2, 'learning_rate': 0.05245690326582766}. Best is trial 65 with value: 0.30353209376335144.
LOCAL_RANK: 0 - CUDA_VISIBLE_DEVICES: [0]
[I 2023-11-29 20:22:54,366] Trial 72 finished with value: 0.49847137928009033 and parameters: {'gradient_clip_val': 0.10019634820587649, 'hidden_size': 53, 'dropout': 0.14342629363371484, 'hidden_continuous_size': 30, 'attention_head_size': 2, 'learning_rate': 0.08734394747468177}. Best is trial 65 with value: 0.30353209376335144.
LOCAL_RANK: 0 - CUDA_VISIBLE_DEVICES: [0]
[I 2023-11-29 20:23:07,769] Trial 73 finished with value: 0.5210580229759216 and parameters: {'gradient_clip_val': 0.11856330630358307, 'hidden_size': 58, 'dropout': 0.16512231252131598, 'hidden_continuous_size': 31, 'attention_head_size': 2, 'learning_rate': 0.07385610943095118}. Best is trial 65 with value: 0.30353209376335144.
LOCAL_RANK: 0 - CUDA_VISIBLE_DEVICES: [0]
[I 2023-11-29 20:23:20,669] Trial 74 finished with value: 0.5192735195159912 and parameters: {'gradient_clip_val': 0.14426510959217365, 'hidden_size': 48, 'dropout': 0.17018146171146317, 'hidden_continuous_size': 29, 'attention_head_size': 2, 'learning_rate': 0.09961470537148663}. Best is trial 65 with value: 0.30353209376335144.
LOCAL_RANK: 0 - CUDA_VISIBLE_DEVICES: [0]
[I 2023-11-29 20:23:33,940] Trial 75 finished with value: 0.44881394505500793 and parameters: {'gradient_clip_val': 0.13219441276647295, 'hidden_size': 64, 'dropout': 0.15637067496017112, 'hidden_continuous_size': 36, 'attention_head_size': 2, 'learning_rate': 0.04895535151934593}. Best is trial 65 with value: 0.30353209376335144.
LOCAL_RANK: 0 - CUDA_VISIBLE_DEVICES: [0]
[I 2023-11-29 20:23:46,855] Trial 76 finished with value: 0.6306762099266052 and parameters: {'gradient_clip_val': 0.11162644375875024, 'hidden_size': 39, 'dropout': 0.19196211464354052, 'hidden_continuous_size': 26, 'attention_head_size': 4, 'learning_rate': 0.0359912383274729}. Best is trial 65 with value: 0.30353209376335144.
LOCAL_RANK: 0 - CUDA_VISIBLE_DEVICES: [0]
[I 2023-11-29 20:24:00,019] Trial 77 finished with value: 0.7003563046455383 and parameters: {'gradient_clip_val': 0.12020855835829616, 'hidden_size': 42, 'dropout': 0.20764733662852453, 'hidden_continuous_size': 27, 'attention_head_size': 2, 'learning_rate': 0.02952186021071797}. Best is trial 65 with value: 0.30353209376335144.
LOCAL_RANK: 0 - CUDA_VISIBLE_DEVICES: [0]
[I 2023-11-29 20:24:13,010] Trial 78 finished with value: 0.4231146275997162 and parameters: {'gradient_clip_val': 0.15096641898278113, 'hidden_size': 53, 'dropout': 0.12083593613523186, 'hidden_continuous_size': 24, 'attention_head_size': 3, 'learning_rate': 0.056986097478317614}. Best is trial 65 with value: 0.30353209376335144.
LOCAL_RANK: 0 - CUDA_VISIBLE_DEVICES: [0]
[I 2023-11-29 20:24:26,093] Trial 79 finished with value: 0.5532227158546448 and parameters: {'gradient_clip_val': 0.14896401968190312, 'hidden_size': 53, 'dropout': 0.1170155541908025, 'hidden_continuous_size': 24, 'attention_head_size': 3, 'learning_rate': 0.04142324777931981}. Best is trial 65 with value: 0.30353209376335144.
LOCAL_RANK: 0 - CUDA_VISIBLE_DEVICES: [0]
[I 2023-11-29 20:24:39,793] Trial 80 finished with value: 0.5602792501449585 and parameters: {'gradient_clip_val': 0.16682023788345599, 'hidden_size': 77, 'dropout': 0.10358030752938517, 'hidden_continuous_size': 40, 'attention_head_size': 3, 'learning_rate': 0.053335622960152186}. Best is trial 65 with value: 0.30353209376335144.
LOCAL_RANK: 0 - CUDA_VISIBLE_DEVICES: [0]
[I 2023-11-29 20:24:53,282] Trial 81 finished with value: 0.6527314186096191 and parameters: {'gradient_clip_val': 0.13127900984778645, 'hidden_size': 68, 'dropout': 0.12571890733415167, 'hidden_continuous_size': 33, 'attention_head_size': 3, 'learning_rate': 0.06890825055608457}. Best is trial 65 with value: 0.30353209376335144.
LOCAL_RANK: 0 - CUDA_VISIBLE_DEVICES: [0]
[I 2023-11-29 20:25:06,512] Trial 82 finished with value: 0.73858642578125 and parameters: {'gradient_clip_val': 0.12293442184456328, 'hidden_size': 56, 'dropout': 0.13931788172225132, 'hidden_continuous_size': 24, 'attention_head_size': 3, 'learning_rate': 0.06377252139612527}. Best is trial 65 with value: 0.30353209376335144.
LOCAL_RANK: 0 - CUDA_VISIBLE_DEVICES: [0]
[I 2023-11-29 20:25:19,384] Trial 83 finished with value: 0.4468487799167633 and parameters: {'gradient_clip_val': 0.14067334402031234, 'hidden_size': 35, 'dropout': 0.15270588205859964, 'hidden_continuous_size': 28, 'attention_head_size': 3, 'learning_rate': 0.05955695873723972}. Best is trial 65 with value: 0.30353209376335144.
LOCAL_RANK: 0 - CUDA_VISIBLE_DEVICES: [0]
[I 2023-11-29 20:25:32,411] Trial 84 finished with value: 0.9309701323509216 and parameters: {'gradient_clip_val': 0.10586436101261176, 'hidden_size': 50, 'dropout': 0.12923773752425757, 'hidden_continuous_size': 26, 'attention_head_size': 3, 'learning_rate': 0.08217028928333382}. Best is trial 65 with value: 0.30353209376335144.
LOCAL_RANK: 0 - CUDA_VISIBLE_DEVICES: [0]
[I 2023-11-29 20:25:45,139] Trial 85 finished with value: 0.5699722170829773 and parameters: {'gradient_clip_val': 0.11378351650488905, 'hidden_size': 44, 'dropout': 0.17804664065124903, 'hidden_continuous_size': 31, 'attention_head_size': 2, 'learning_rate': 0.07323492079396987}. Best is trial 65 with value: 0.30353209376335144.
LOCAL_RANK: 0 - CUDA_VISIBLE_DEVICES: [0]
[I 2023-11-29 20:25:58,380] Trial 86 finished with value: 0.6477335095405579 and parameters: {'gradient_clip_val': 0.15408455438283603, 'hidden_size': 61, 'dropout': 0.11929619148703127, 'hidden_continuous_size': 23, 'attention_head_size': 2, 'learning_rate': 0.05678213509907708}. Best is trial 65 with value: 0.30353209376335144.
LOCAL_RANK: 0 - CUDA_VISIBLE_DEVICES: [0]
[I 2023-11-29 20:26:11,384] Trial 87 finished with value: 0.6781089901924133 and parameters: {'gradient_clip_val': 0.17096728494440933, 'hidden_size': 41, 'dropout': 0.13611110507463275, 'hidden_continuous_size': 30, 'attention_head_size': 1, 'learning_rate': 0.04865616480598084}. Best is trial 65 with value: 0.30353209376335144.
LOCAL_RANK: 0 - CUDA_VISIBLE_DEVICES: [0]
[I 2023-11-29 20:26:24,600] Trial 88 finished with value: 0.8274258971214294 and parameters: {'gradient_clip_val': 0.10592986430887755, 'hidden_size': 47, 'dropout': 0.16014299967682627, 'hidden_continuous_size': 32, 'attention_head_size': 4, 'learning_rate': 0.03166915840638385}. Best is trial 65 with value: 0.30353209376335144.
LOCAL_RANK: 0 - CUDA_VISIBLE_DEVICES: [0]
[I 2023-11-29 20:26:38,320] Trial 89 finished with value: 0.7815114855766296 and parameters: {'gradient_clip_val': 0.1326125683533906, 'hidden_size': 87, 'dropout': 0.13291029773991997, 'hidden_continuous_size': 37, 'attention_head_size': 2, 'learning_rate': 0.043325141647175706}. Best is trial 65 with value: 0.30353209376335144.
LOCAL_RANK: 0 - CUDA_VISIBLE_DEVICES: [0]
[I 2023-11-29 20:26:51,522] Trial 90 finished with value: 0.7041018009185791 and parameters: {'gradient_clip_val': 0.124750643284964, 'hidden_size': 59, 'dropout': 0.1457329264655323, 'hidden_continuous_size': 25, 'attention_head_size': 1, 'learning_rate': 0.0664640794159311}. Best is trial 65 with value: 0.30353209376335144.
LOCAL_RANK: 0 - CUDA_VISIBLE_DEVICES: [0]
[I 2023-11-29 20:27:04,698] Trial 91 finished with value: 0.5333388447761536 and parameters: {'gradient_clip_val': 0.15800022223214674, 'hidden_size': 53, 'dropout': 0.1676503656548304, 'hidden_continuous_size': 29, 'attention_head_size': 2, 'learning_rate': 0.02542549360288664}. Best is trial 65 with value: 0.30353209376335144.
LOCAL_RANK: 0 - CUDA_VISIBLE_DEVICES: [0]
[I 2023-11-29 20:27:18,382] Trial 92 finished with value: 0.577061653137207 and parameters: {'gradient_clip_val': 0.14212345475451613, 'hidden_size': 65, 'dropout': 0.17656383046454996, 'hidden_continuous_size': 34, 'attention_head_size': 2, 'learning_rate': 0.03685712654033134}. Best is trial 65 with value: 0.30353209376335144.
LOCAL_RANK: 0 - CUDA_VISIBLE_DEVICES: [0]
[I 2023-11-29 20:27:31,191] Trial 93 finished with value: 0.5539966225624084 and parameters: {'gradient_clip_val': 0.11716092814012465, 'hidden_size': 38, 'dropout': 0.18730080220198808, 'hidden_continuous_size': 28, 'attention_head_size': 2, 'learning_rate': 0.030597973360477333}. Best is trial 65 with value: 0.30353209376335144.
LOCAL_RANK: 0 - CUDA_VISIBLE_DEVICES: [0]
[I 2023-11-29 20:27:44,452] Trial 94 finished with value: 0.3332805633544922 and parameters: {'gradient_clip_val': 0.1358178803072245, 'hidden_size': 58, 'dropout': 0.19818649676742783, 'hidden_continuous_size': 27, 'attention_head_size': 2, 'learning_rate': 0.08503264672501577}. Best is trial 65 with value: 0.30353209376335144.
LOCAL_RANK: 0 - CUDA_VISIBLE_DEVICES: [0]
[I 2023-11-29 20:27:57,833] Trial 95 finished with value: 0.4179965555667877 and parameters: {'gradient_clip_val': 0.13537612399006788, 'hidden_size': 71, 'dropout': 0.15593708406557702, 'hidden_continuous_size': 27, 'attention_head_size': 2, 'learning_rate': 0.0746649307363996}. Best is trial 65 with value: 0.30353209376335144.
LOCAL_RANK: 0 - CUDA_VISIBLE_DEVICES: [0]
[I 2023-11-29 20:28:11,127] Trial 96 finished with value: 0.3277393579483032 and parameters: {'gradient_clip_val': 0.14699938621919081, 'hidden_size': 80, 'dropout': 0.1566573078255422, 'hidden_continuous_size': 22, 'attention_head_size': 3, 'learning_rate': 0.08387105223435055}. Best is trial 65 with value: 0.30353209376335144.
LOCAL_RANK: 0 - CUDA_VISIBLE_DEVICES: [0]
[I 2023-11-29 20:28:24,786] Trial 97 finished with value: 0.5038089156150818 and parameters: {'gradient_clip_val': 0.13745400736513722, 'hidden_size': 70, 'dropout': 0.14832676718308663, 'hidden_continuous_size': 18, 'attention_head_size': 3, 'learning_rate': 0.08998912722279646}. Best is trial 65 with value: 0.30353209376335144.
LOCAL_RANK: 0 - CUDA_VISIBLE_DEVICES: [0]
[I 2023-11-29 20:28:38,208] Trial 98 finished with value: 0.3604777753353119 and parameters: {'gradient_clip_val': 0.14490361872639945, 'hidden_size': 80, 'dropout': 0.16247678524457904, 'hidden_continuous_size': 20, 'attention_head_size': 3, 'learning_rate': 0.07906874512062409}. Best is trial 65 with value: 0.30353209376335144.
LOCAL_RANK: 0 - CUDA_VISIBLE_DEVICES: [0]
[I 2023-11-29 20:28:51,569] Trial 99 finished with value: 0.31001022458076477 and parameters: {'gradient_clip_val': 0.16549478579919114, 'hidden_size': 80, 'dropout': 0.1611885553309163, 'hidden_continuous_size': 20, 'attention_head_size': 3, 'learning_rate': 0.0858140893071171}. Best is trial 65 with value: 0.30353209376335144.
LOCAL_RANK: 0 - CUDA_VISIBLE_DEVICES: [0]
[I 2023-11-29 20:29:05,089] Trial 100 finished with value: 0.7292969226837158 and parameters: {'gradient_clip_val': 0.16441004450621485, 'hidden_size': 81, 'dropout': 0.15999125619402263, 'hidden_continuous_size': 22, 'attention_head_size': 3, 'learning_rate': 0.0870933445567143}. Best is trial 65 with value: 0.30353209376335144.
LOCAL_RANK: 0 - CUDA_VISIBLE_DEVICES: [0]
[I 2023-11-29 20:29:18,610] Trial 101 finished with value: 0.3989187777042389 and parameters: {'gradient_clip_val': 0.14817893115307634, 'hidden_size': 96, 'dropout': 0.1421055415911522, 'hidden_continuous_size': 21, 'attention_head_size': 3, 'learning_rate': 0.09420985981804213}. Best is trial 65 with value: 0.30353209376335144.
LOCAL_RANK: 0 - CUDA_VISIBLE_DEVICES: [0]
[I 2023-11-29 20:29:32,466] Trial 102 finished with value: 0.5513401031494141 and parameters: {'gradient_clip_val': 0.14708137687884063, 'hidden_size': 95, 'dropout': 0.15605523275049762, 'hidden_continuous_size': 20, 'attention_head_size': 3, 'learning_rate': 0.09744934830304598}. Best is trial 65 with value: 0.30353209376335144.
LOCAL_RANK: 0 - CUDA_VISIBLE_DEVICES: [0]
[I 2023-11-29 20:29:46,021] Trial 103 finished with value: 0.6186489462852478 and parameters: {'gradient_clip_val': 0.12708459953810955, 'hidden_size': 77, 'dropout': 0.1430223911503477, 'hidden_continuous_size': 20, 'attention_head_size': 3, 'learning_rate': 0.07433824238914946}. Best is trial 65 with value: 0.30353209376335144.
LOCAL_RANK: 0 - CUDA_VISIBLE_DEVICES: [0]
[I 2023-11-29 20:29:59,632] Trial 104 finished with value: 0.7135961651802063 and parameters: {'gradient_clip_val': 0.14543703163522326, 'hidden_size': 91, 'dropout': 0.1643806812676199, 'hidden_continuous_size': 21, 'attention_head_size': 3, 'learning_rate': 0.08190618906036091}. Best is trial 65 with value: 0.30353209376335144.
LOCAL_RANK: 0 - CUDA_VISIBLE_DEVICES: [0]
[I 2023-11-29 20:30:13,199] Trial 105 finished with value: 0.6704694628715515 and parameters: {'gradient_clip_val': 0.15899461017468056, 'hidden_size': 79, 'dropout': 0.17440643188410507, 'hidden_continuous_size': 19, 'attention_head_size': 3, 'learning_rate': 0.0905105361481088}. Best is trial 65 with value: 0.30353209376335144.
LOCAL_RANK: 0 - CUDA_VISIBLE_DEVICES: [0]
[I 2023-11-29 20:30:26,584] Trial 106 finished with value: 0.6430007815361023 and parameters: {'gradient_clip_val': 0.1796224653988681, 'hidden_size': 84, 'dropout': 0.1511008829154602, 'hidden_continuous_size': 17, 'attention_head_size': 3, 'learning_rate': 0.07139418313041607}. Best is trial 65 with value: 0.30353209376335144.
LOCAL_RANK: 0 - CUDA_VISIBLE_DEVICES: [0]
[I 2023-11-29 20:30:40,274] Trial 107 finished with value: 0.6137325167655945 and parameters: {'gradient_clip_val': 0.13434423107142698, 'hidden_size': 74, 'dropout': 0.1780527319331618, 'hidden_continuous_size': 21, 'attention_head_size': 3, 'learning_rate': 0.09984678986191}. Best is trial 65 with value: 0.30353209376335144.
LOCAL_RANK: 0 - CUDA_VISIBLE_DEVICES: [0]
[I 2023-11-29 20:30:53,806] Trial 108 finished with value: 0.521550714969635 and parameters: {'gradient_clip_val': 0.12583981369431074, 'hidden_size': 100, 'dropout': 0.18240247236932616, 'hidden_continuous_size': 23, 'attention_head_size': 1, 'learning_rate': 0.07702556599327227}. Best is trial 65 with value: 0.30353209376335144.
LOCAL_RANK: 0 - CUDA_VISIBLE_DEVICES: [0]
[I 2023-11-29 20:31:07,618] Trial 109 finished with value: 0.5743421912193298 and parameters: {'gradient_clip_val': 0.15499385203511878, 'hidden_size': 83, 'dropout': 0.19349874803666847, 'hidden_continuous_size': 17, 'attention_head_size': 3, 'learning_rate': 0.08944408010109241}. Best is trial 65 with value: 0.30353209376335144.
LOCAL_RANK: 0 - CUDA_VISIBLE_DEVICES: [0]
[I 2023-11-29 20:31:21,203] Trial 110 finished with value: 0.2739000618457794 and parameters: {'gradient_clip_val': 0.11617090298195658, 'hidden_size': 70, 'dropout': 0.1618442936134577, 'hidden_continuous_size': 22, 'attention_head_size': 3, 'learning_rate': 0.07988110284139441}. Best is trial 110 with value: 0.2739000618457794.
LOCAL_RANK: 0 - CUDA_VISIBLE_DEVICES: [0]
[I 2023-11-29 20:31:34,480] Trial 111 finished with value: 0.4833258092403412 and parameters: {'gradient_clip_val': 0.11537235321050375, 'hidden_size': 70, 'dropout': 0.1605943951417436, 'hidden_continuous_size': 22, 'attention_head_size': 3, 'learning_rate': 0.08167475241154049}. Best is trial 110 with value: 0.2739000618457794.
LOCAL_RANK: 0 - CUDA_VISIBLE_DEVICES: [0]
[I 2023-11-29 20:31:48,204] Trial 112 finished with value: 0.625539243221283 and parameters: {'gradient_clip_val': 0.12161996919090651, 'hidden_size': 73, 'dropout': 0.1699025189913497, 'hidden_continuous_size': 25, 'attention_head_size': 3, 'learning_rate': 0.07656323309404432}. Best is trial 110 with value: 0.2739000618457794.
LOCAL_RANK: 0 - CUDA_VISIBLE_DEVICES: [0]
[I 2023-11-29 20:32:01,519] Trial 113 finished with value: 0.6784415245056152 and parameters: {'gradient_clip_val': 0.13688016811071782, 'hidden_size': 65, 'dropout': 0.1546355258381204, 'hidden_continuous_size': 19, 'attention_head_size': 3, 'learning_rate': 0.0680827903470674}. Best is trial 110 with value: 0.2739000618457794.
LOCAL_RANK: 0 - CUDA_VISIBLE_DEVICES: [0]
[I 2023-11-29 20:32:15,180] Trial 114 finished with value: 0.49552121758461 and parameters: {'gradient_clip_val': 0.13009244468753034, 'hidden_size': 78, 'dropout': 0.14304110172006582, 'hidden_continuous_size': 26, 'attention_head_size': 3, 'learning_rate': 0.0836425569302508}. Best is trial 110 with value: 0.2739000618457794.
LOCAL_RANK: 0 - CUDA_VISIBLE_DEVICES: [0]
