[I 2023-11-30 05:40:50,313] Trial 142 finished with value: 2.3246257305145264 and parameters: {'gradient_clip_val': 0.26127206388301316, 'hidden_size': 100, 'dropout': 0.15331289407580712, 'hidden_continuous_size': 22, 'attention_head_size': 1, 'learning_rate': 0.02415256678525737}. Best is trial 71 with value: 0.9627227783203125.
LOCAL_RANK: 0 - CUDA_VISIBLE_DEVICES: [0]
[I 2023-11-30 05:41:04,202] Trial 143 finished with value: 1.3434419631958008 and parameters: {'gradient_clip_val': 0.25446640798475845, 'hidden_size': 110, 'dropout': 0.13944659808642723, 'hidden_continuous_size': 31, 'attention_head_size': 1, 'learning_rate': 0.028212995640172305}. Best is trial 71 with value: 0.9627227783203125.
LOCAL_RANK: 0 - CUDA_VISIBLE_DEVICES: [0]
[I 2023-11-30 05:41:17,954] Trial 144 finished with value: 0.9272502064704895 and parameters: {'gradient_clip_val': 0.21213076965193559, 'hidden_size': 105, 'dropout': 0.12862607137900695, 'hidden_continuous_size': 32, 'attention_head_size': 1, 'learning_rate': 0.028777235043026393}. Best is trial 144 with value: 0.9272502064704895.
LOCAL_RANK: 0 - CUDA_VISIBLE_DEVICES: [0]
[I 2023-11-30 05:41:31,792] Trial 145 finished with value: 2.2280030250549316 and parameters: {'gradient_clip_val': 0.19052339314987804, 'hidden_size': 107, 'dropout': 0.12726603318676952, 'hidden_continuous_size': 31, 'attention_head_size': 1, 'learning_rate': 0.028623302588623622}. Best is trial 144 with value: 0.9272502064704895.
LOCAL_RANK: 0 - CUDA_VISIBLE_DEVICES: [0]
[I 2023-11-30 05:41:45,981] Trial 146 finished with value: 1.8026294708251953 and parameters: {'gradient_clip_val': 0.2101421726323716, 'hidden_size': 118, 'dropout': 0.1354410479253107, 'hidden_continuous_size': 35, 'attention_head_size': 1, 'learning_rate': 0.021133274596292922}. Best is trial 144 with value: 0.9272502064704895.
LOCAL_RANK: 0 - CUDA_VISIBLE_DEVICES: [0]
[I 2023-11-30 05:42:00,045] Trial 147 finished with value: 1.4425067901611328 and parameters: {'gradient_clip_val': 0.2324676441554673, 'hidden_size': 129, 'dropout': 0.1219755104687246, 'hidden_continuous_size': 30, 'attention_head_size': 1, 'learning_rate': 0.033089899072259156}. Best is trial 144 with value: 0.9272502064704895.
LOCAL_RANK: 0 - CUDA_VISIBLE_DEVICES: [0]
[I 2023-11-30 05:42:13,909] Trial 148 finished with value: 1.8649345636367798 and parameters: {'gradient_clip_val': 0.27424639569638837, 'hidden_size': 94, 'dropout': 0.11453902029015792, 'hidden_continuous_size': 39, 'attention_head_size': 1, 'learning_rate': 0.045373094439274834}. Best is trial 144 with value: 0.9272502064704895.
LOCAL_RANK: 0 - CUDA_VISIBLE_DEVICES: [0]
[I 2023-11-30 05:42:27,568] Trial 149 finished with value: 1.58798348903656 and parameters: {'gradient_clip_val': 0.25106556345320197, 'hidden_size': 104, 'dropout': 0.1385012450141732, 'hidden_continuous_size': 28, 'attention_head_size': 1, 'learning_rate': 0.038021525330476875}. Best is trial 144 with value: 0.9272502064704895.
[I 2023-11-30 05:42:27,678] A new study created in memory with name: no-name-82f82902-d057-4034-8347-6b70461c531c
/home/le004/conda/anaconda3/envs/tsff_env/lib/python3.9/site-packages/lightning/fabric/plugins/environments/slurm.py:191: The `srun` command is available on your system but is not used. HINT: If your intention is to run Lightning on SLURM, prepend your python command with `srun` like so: srun python /home/le004/master_thesis/git/TSFusionForecast/code/ ...
LOCAL_RANK: 0 - CUDA_VISIBLE_DEVICES: [0]
[I 2023-11-30 05:42:40,366] Trial 0 finished with value: 0.10187497735023499 and parameters: {'gradient_clip_val': 0.12927685444766593, 'hidden_size': 35, 'dropout': 0.1987262082098386, 'hidden_continuous_size': 11, 'attention_head_size': 4, 'learning_rate': 0.03132561765109332}. Best is trial 0 with value: 0.10187497735023499.
LOCAL_RANK: 0 - CUDA_VISIBLE_DEVICES: [0]
[I 2023-11-30 05:42:53,104] Trial 1 finished with value: 0.10320235043764114 and parameters: {'gradient_clip_val': 0.8070902627096652, 'hidden_size': 48, 'dropout': 0.35253136592183987, 'hidden_continuous_size': 22, 'attention_head_size': 1, 'learning_rate': 0.05158084312646549}. Best is trial 0 with value: 0.10187497735023499.
LOCAL_RANK: 0 - CUDA_VISIBLE_DEVICES: [0]
[I 2023-11-30 05:43:03,758] Trial 2 finished with value: 0.20600245893001556 and parameters: {'gradient_clip_val': 0.10285871124615746, 'hidden_size': 53, 'dropout': 0.3558885346068065, 'hidden_continuous_size': 53, 'attention_head_size': 2, 'learning_rate': 0.010604855932258662}. Best is trial 0 with value: 0.10187497735023499.
LOCAL_RANK: 0 - CUDA_VISIBLE_DEVICES: [0]
[I 2023-11-30 05:43:16,909] Trial 3 finished with value: 0.3233695924282074 and parameters: {'gradient_clip_val': 0.20026489050494323, 'hidden_size': 69, 'dropout': 0.3112347800564552, 'hidden_continuous_size': 11, 'attention_head_size': 2, 'learning_rate': 0.004211918612356323}. Best is trial 0 with value: 0.10187497735023499.
LOCAL_RANK: 0 - CUDA_VISIBLE_DEVICES: [0]
[I 2023-11-30 05:43:30,019] Trial 4 finished with value: 0.4742656648159027 and parameters: {'gradient_clip_val': 0.1616659729542253, 'hidden_size': 43, 'dropout': 0.3073597965029303, 'hidden_continuous_size': 34, 'attention_head_size': 3, 'learning_rate': 0.004773734596981166}. Best is trial 0 with value: 0.10187497735023499.
LOCAL_RANK: 0 - CUDA_VISIBLE_DEVICES: [0]
[I 2023-11-30 05:43:42,661] Trial 5 finished with value: 0.06555166095495224 and parameters: {'gradient_clip_val': 0.6979800062326963, 'hidden_size': 36, 'dropout': 0.2273169979726363, 'hidden_continuous_size': 14, 'attention_head_size': 4, 'learning_rate': 0.06769094762126328}. Best is trial 5 with value: 0.06555166095495224.
LOCAL_RANK: 0 - CUDA_VISIBLE_DEVICES: [0]
[I 2023-11-30 05:43:57,106] Trial 6 finished with value: 0.3336411416530609 and parameters: {'gradient_clip_val': 0.9526770954293137, 'hidden_size': 92, 'dropout': 0.35683117236391027, 'hidden_continuous_size': 91, 'attention_head_size': 4, 'learning_rate': 0.001363604820421355}. Best is trial 5 with value: 0.06555166095495224.
LOCAL_RANK: 0 - CUDA_VISIBLE_DEVICES: [0]
[I 2023-11-30 05:44:09,265] Trial 7 finished with value: 0.7998114228248596 and parameters: {'gradient_clip_val': 0.8016148987109367, 'hidden_size': 23, 'dropout': 0.1874243557321355, 'hidden_continuous_size': 14, 'attention_head_size': 1, 'learning_rate': 0.00510309101263654}. Best is trial 5 with value: 0.06555166095495224.
LOCAL_RANK: 0 - CUDA_VISIBLE_DEVICES: [0]
[I 2023-11-30 05:44:23,320] Trial 8 finished with value: 0.08964309096336365 and parameters: {'gradient_clip_val': 0.12970620019268805, 'hidden_size': 130, 'dropout': 0.258618101912207, 'hidden_continuous_size': 31, 'attention_head_size': 2, 'learning_rate': 0.026535297605230906}. Best is trial 5 with value: 0.06555166095495224.
LOCAL_RANK: 0 - CUDA_VISIBLE_DEVICES: [0]
[I 2023-11-30 05:44:36,237] Trial 9 finished with value: 0.12127772718667984 and parameters: {'gradient_clip_val': 0.4870856456950125, 'hidden_size': 44, 'dropout': 0.1471832861591386, 'hidden_continuous_size': 31, 'attention_head_size': 4, 'learning_rate': 0.03703242043439649}. Best is trial 5 with value: 0.06555166095495224.
LOCAL_RANK: 0 - CUDA_VISIBLE_DEVICES: [0]
[I 2023-11-30 05:44:46,620] Trial 10 finished with value: 0.26019755005836487 and parameters: {'gradient_clip_val': 0.3599264118144788, 'hidden_size': 10, 'dropout': 0.10585935350486826, 'hidden_continuous_size': 10, 'attention_head_size': 3, 'learning_rate': 0.09517068876669052}. Best is trial 5 with value: 0.06555166095495224.
LOCAL_RANK: 0 - CUDA_VISIBLE_DEVICES: [0]
[I 2023-11-30 05:45:00,609] Trial 11 finished with value: 0.11411961168050766 and parameters: {'gradient_clip_val': 0.2276858247865586, 'hidden_size': 117, 'dropout': 0.25009148069794185, 'hidden_continuous_size': 18, 'attention_head_size': 2, 'learning_rate': 0.020692846668560975}. Best is trial 5 with value: 0.06555166095495224.
LOCAL_RANK: 0 - CUDA_VISIBLE_DEVICES: [0]
[I 2023-11-30 05:45:14,927] Trial 12 finished with value: 0.16575123369693756 and parameters: {'gradient_clip_val': 0.26538232696165104, 'hidden_size': 142, 'dropout': 0.257388064854711, 'hidden_continuous_size': 23, 'attention_head_size': 3, 'learning_rate': 0.0818050114677042}. Best is trial 5 with value: 0.06555166095495224.
LOCAL_RANK: 0 - CUDA_VISIBLE_DEVICES: [0]
[I 2023-11-30 05:45:28,483] Trial 13 finished with value: 0.05906503275036812 and parameters: {'gradient_clip_val': 0.3845094835893406, 'hidden_size': 86, 'dropout': 0.21009017988102077, 'hidden_continuous_size': 15, 'attention_head_size': 2, 'learning_rate': 0.01919153508609569}. Best is trial 13 with value: 0.05906503275036812.
LOCAL_RANK: 0 - CUDA_VISIBLE_DEVICES: [0]
[I 2023-11-30 05:45:41,955] Trial 14 finished with value: 0.08829358965158463 and parameters: {'gradient_clip_val': 0.5404174019254971, 'hidden_size': 80, 'dropout': 0.20798481033545146, 'hidden_continuous_size': 15, 'attention_head_size': 3, 'learning_rate': 0.05755592559803981}. Best is trial 13 with value: 0.05906503275036812.
LOCAL_RANK: 0 - CUDA_VISIBLE_DEVICES: [0]
[I 2023-11-30 05:45:54,028] Trial 15 finished with value: 0.1598297506570816 and parameters: {'gradient_clip_val': 0.37086605361209357, 'hidden_size': 28, 'dropout': 0.22295135330028845, 'hidden_continuous_size': 13, 'attention_head_size': 1, 'learning_rate': 0.018667566223695538}. Best is trial 13 with value: 0.05906503275036812.
LOCAL_RANK: 0 - CUDA_VISIBLE_DEVICES: [0]
[I 2023-11-30 05:46:07,783] Trial 16 finished with value: 0.10462641716003418 and parameters: {'gradient_clip_val': 0.5616930285765215, 'hidden_size': 75, 'dropout': 0.16610415349452629, 'hidden_continuous_size': 17, 'attention_head_size': 4, 'learning_rate': 0.09896268165810795}. Best is trial 13 with value: 0.05906503275036812.
LOCAL_RANK: 0 - CUDA_VISIBLE_DEVICES: [0]
[I 2023-11-30 05:46:20,975] Trial 17 finished with value: 0.1023302897810936 and parameters: {'gradient_clip_val': 0.3208700326848352, 'hidden_size': 64, 'dropout': 0.23379089114398577, 'hidden_continuous_size': 18, 'attention_head_size': 3, 'learning_rate': 0.04559126482159322}. Best is trial 13 with value: 0.05906503275036812.
LOCAL_RANK: 0 - CUDA_VISIBLE_DEVICES: [0]
[I 2023-11-30 05:46:34,191] Trial 18 finished with value: 0.08922553807497025 and parameters: {'gradient_clip_val': 0.4140358220206765, 'hidden_size': 104, 'dropout': 0.2806643387189448, 'hidden_continuous_size': 10, 'attention_head_size': 2, 'learning_rate': 0.014196812043510162}. Best is trial 13 with value: 0.05906503275036812.
LOCAL_RANK: 0 - CUDA_VISIBLE_DEVICES: [0]
[I 2023-11-30 05:46:47,659] Trial 19 finished with value: 0.07562342286109924 and parameters: {'gradient_clip_val': 0.5991424090427112, 'hidden_size': 95, 'dropout': 0.172842242089835, 'hidden_continuous_size': 13, 'attention_head_size': 1, 'learning_rate': 0.026899925762078735}. Best is trial 13 with value: 0.05906503275036812.
LOCAL_RANK: 0 - CUDA_VISIBLE_DEVICES: [0]
[I 2023-11-30 05:47:00,970] Trial 20 finished with value: 0.07731790095567703 and parameters: {'gradient_clip_val': 0.28604396261184467, 'hidden_size': 59, 'dropout': 0.22380647814153992, 'hidden_continuous_size': 12, 'attention_head_size': 4, 'learning_rate': 0.06832109112763055}. Best is trial 13 with value: 0.05906503275036812.
LOCAL_RANK: 0 - CUDA_VISIBLE_DEVICES: [0]
[I 2023-11-30 05:47:14,617] Trial 21 finished with value: 0.09000007063150406 and parameters: {'gradient_clip_val': 0.6053887693544622, 'hidden_size': 111, 'dropout': 0.1703701842441979, 'hidden_continuous_size': 14, 'attention_head_size': 1, 'learning_rate': 0.03597030622056046}. Best is trial 13 with value: 0.05906503275036812.
LOCAL_RANK: 0 - CUDA_VISIBLE_DEVICES: [0]
[I 2023-11-30 05:47:27,844] Trial 22 finished with value: 0.08590956777334213 and parameters: {'gradient_clip_val': 0.6644014218228322, 'hidden_size': 84, 'dropout': 0.19192186060309832, 'hidden_continuous_size': 13, 'attention_head_size': 1, 'learning_rate': 0.025569821737117755}. Best is trial 13 with value: 0.05906503275036812.
LOCAL_RANK: 0 - CUDA_VISIBLE_DEVICES: [0]
[I 2023-11-30 05:47:42,165] Trial 23 finished with value: 0.08425279706716537 and parameters: {'gradient_clip_val': 0.4748400195984749, 'hidden_size': 146, 'dropout': 0.14098297690538064, 'hidden_continuous_size': 22, 'attention_head_size': 2, 'learning_rate': 0.0489804951691114}. Best is trial 13 with value: 0.05906503275036812.
LOCAL_RANK: 0 - CUDA_VISIBLE_DEVICES: [0]
[I 2023-11-30 05:47:55,592] Trial 24 finished with value: 0.07905005663633347 and parameters: {'gradient_clip_val': 0.6795149955413079, 'hidden_size': 95, 'dropout': 0.21582585235318968, 'hidden_continuous_size': 16, 'attention_head_size': 1, 'learning_rate': 0.018609167760150983}. Best is trial 13 with value: 0.05906503275036812.
LOCAL_RANK: 0 - CUDA_VISIBLE_DEVICES: [0]
[I 2023-11-30 05:48:08,777] Trial 25 finished with value: 0.10955137014389038 and parameters: {'gradient_clip_val': 0.4628880690798539, 'hidden_size': 65, 'dropout': 0.178060997096109, 'hidden_continuous_size': 12, 'attention_head_size': 2, 'learning_rate': 0.043647105488560656}. Best is trial 13 with value: 0.05906503275036812.
LOCAL_RANK: 0 - CUDA_VISIBLE_DEVICES: [0]
[I 2023-11-30 05:48:22,308] Trial 26 finished with value: 0.09396662563085556 and parameters: {'gradient_clip_val': 0.3947644192130853, 'hidden_size': 103, 'dropout': 0.3988812884753432, 'hidden_continuous_size': 10, 'attention_head_size': 3, 'learning_rate': 0.03137956653805678}. Best is trial 13 with value: 0.05906503275036812.
LOCAL_RANK: 0 - CUDA_VISIBLE_DEVICES: [0]
[I 2023-11-30 05:48:35,501] Trial 27 finished with value: 0.10707548260688782 and parameters: {'gradient_clip_val': 0.6425406379422265, 'hidden_size': 76, 'dropout': 0.23564944494479811, 'hidden_continuous_size': 16, 'attention_head_size': 1, 'learning_rate': 0.06697451091601955}. Best is trial 13 with value: 0.05906503275036812.
LOCAL_RANK: 0 - CUDA_VISIBLE_DEVICES: [0]
[I 2023-11-30 05:48:48,727] Trial 28 finished with value: 0.10703780502080917 and parameters: {'gradient_clip_val': 0.4248437836756392, 'hidden_size': 58, 'dropout': 0.1984027556192075, 'hidden_continuous_size': 19, 'attention_head_size': 2, 'learning_rate': 0.013516626849618036}. Best is trial 13 with value: 0.05906503275036812.
LOCAL_RANK: 0 - CUDA_VISIBLE_DEVICES: [0]
[I 2023-11-30 05:49:01,387] Trial 29 finished with value: 0.11074573546648026 and parameters: {'gradient_clip_val': 0.5326313038145023, 'hidden_size': 33, 'dropout': 0.19399525943782495, 'hidden_continuous_size': 11, 'attention_head_size': 4, 'learning_rate': 0.037242806545449585}. Best is trial 13 with value: 0.05906503275036812.
LOCAL_RANK: 0 - CUDA_VISIBLE_DEVICES: [0]
[I 2023-11-30 05:49:15,456] Trial 30 finished with value: 0.09174097329378128 and parameters: {'gradient_clip_val': 0.9998493680922816, 'hidden_size': 122, 'dropout': 0.20442798349540664, 'hidden_continuous_size': 27, 'attention_head_size': 1, 'learning_rate': 0.027690159084960836}. Best is trial 13 with value: 0.05906503275036812.
LOCAL_RANK: 0 - CUDA_VISIBLE_DEVICES: [0]
[I 2023-11-30 05:49:28,622] Trial 31 finished with value: 0.09244465827941895 and parameters: {'gradient_clip_val': 0.3038963621836414, 'hidden_size': 57, 'dropout': 0.22372499089735073, 'hidden_continuous_size': 12, 'attention_head_size': 4, 'learning_rate': 0.06982222727060093}. Best is trial 13 with value: 0.05906503275036812.
LOCAL_RANK: 0 - CUDA_VISIBLE_DEVICES: [0]
[I 2023-11-30 05:49:41,739] Trial 32 finished with value: 0.06315384060144424 and parameters: {'gradient_clip_val': 0.7531886058808535, 'hidden_size': 49, 'dropout': 0.21539802626607116, 'hidden_continuous_size': 14, 'attention_head_size': 4, 'learning_rate': 0.0633929265155556}. Best is trial 13 with value: 0.05906503275036812.
LOCAL_RANK: 0 - CUDA_VISIBLE_DEVICES: [0]
[I 2023-11-30 05:49:54,953] Trial 33 finished with value: 0.06838047504425049 and parameters: {'gradient_clip_val': 0.7715588720728269, 'hidden_size': 51, 'dropout': 0.24068368229797166, 'hidden_continuous_size': 15, 'attention_head_size': 4, 'learning_rate': 0.05682414869597714}. Best is trial 13 with value: 0.05906503275036812.
LOCAL_RANK: 0 - CUDA_VISIBLE_DEVICES: [0]
[I 2023-11-30 05:50:07,988] Trial 34 finished with value: 0.06427039951086044 and parameters: {'gradient_clip_val': 0.7845348802507411, 'hidden_size': 46, 'dropout': 0.24604919584813686, 'hidden_continuous_size': 15, 'attention_head_size': 4, 'learning_rate': 0.05627054155386624}. Best is trial 13 with value: 0.05906503275036812.
LOCAL_RANK: 0 - CUDA_VISIBLE_DEVICES: [0]
[I 2023-11-30 05:50:20,787] Trial 35 finished with value: 0.10130506008863449 and parameters: {'gradient_clip_val': 0.7435451209404188, 'hidden_size': 39, 'dropout': 0.2704537396343196, 'hidden_continuous_size': 15, 'attention_head_size': 4, 'learning_rate': 0.05261360066362234}. Best is trial 13 with value: 0.05906503275036812.
LOCAL_RANK: 0 - CUDA_VISIBLE_DEVICES: [0]
[I 2023-11-30 05:50:34,059] Trial 36 finished with value: 0.08628187328577042 and parameters: {'gradient_clip_val': 0.931385545815965, 'hidden_size': 45, 'dropout': 0.21043204480841154, 'hidden_continuous_size': 19, 'attention_head_size': 4, 'learning_rate': 0.07817487994508146}. Best is trial 13 with value: 0.05906503275036812.
LOCAL_RANK: 0 - CUDA_VISIBLE_DEVICES: [0]
[I 2023-11-30 05:50:46,649] Trial 37 finished with value: 0.10719587653875351 and parameters: {'gradient_clip_val': 0.859976417599089, 'hidden_size': 36, 'dropout': 0.2859673413410134, 'hidden_continuous_size': 14, 'attention_head_size': 4, 'learning_rate': 0.04598267916630074}. Best is trial 13 with value: 0.05906503275036812.
LOCAL_RANK: 0 - CUDA_VISIBLE_DEVICES: [0]
[I 2023-11-30 05:50:59,739] Trial 38 finished with value: 0.060184296220541 and parameters: {'gradient_clip_val': 0.7297440810053919, 'hidden_size': 50, 'dropout': 0.24926368604678045, 'hidden_continuous_size': 20, 'attention_head_size': 3, 'learning_rate': 0.09549385504011208}. Best is trial 13 with value: 0.05906503275036812.
LOCAL_RANK: 0 - CUDA_VISIBLE_DEVICES: [0]
[I 2023-11-30 05:51:12,709] Trial 39 finished with value: 0.08154555410146713 and parameters: {'gradient_clip_val': 0.8504341129951214, 'hidden_size': 49, 'dropout': 0.24251544447851617, 'hidden_continuous_size': 20, 'attention_head_size': 3, 'learning_rate': 0.09734211750275594}. Best is trial 13 with value: 0.05906503275036812.
LOCAL_RANK: 0 - CUDA_VISIBLE_DEVICES: [0]
[I 2023-11-30 05:51:25,897] Trial 40 finished with value: 0.06804705411195755 and parameters: {'gradient_clip_val': 0.7406056097669161, 'hidden_size': 51, 'dropout': 0.2643165484740086, 'hidden_continuous_size': 17, 'attention_head_size': 3, 'learning_rate': 0.06057783394935868}. Best is trial 13 with value: 0.05906503275036812.
LOCAL_RANK: 0 - CUDA_VISIBLE_DEVICES: [0]
[I 2023-11-30 05:51:38,672] Trial 41 finished with value: 0.09779878705739975 and parameters: {'gradient_clip_val': 0.7151759623379776, 'hidden_size': 44, 'dropout': 0.24647953212033177, 'hidden_continuous_size': 16, 'attention_head_size': 4, 'learning_rate': 0.06828336227162485}. Best is trial 13 with value: 0.05906503275036812.
LOCAL_RANK: 0 - CUDA_VISIBLE_DEVICES: [0]
[I 2023-11-30 05:51:52,272] Trial 42 finished with value: 0.07057162374258041 and parameters: {'gradient_clip_val': 0.8657411347711382, 'hidden_size': 66, 'dropout': 0.22644077464578877, 'hidden_continuous_size': 22, 'attention_head_size': 4, 'learning_rate': 0.08703608917498747}. Best is trial 13 with value: 0.05906503275036812.
LOCAL_RANK: 0 - CUDA_VISIBLE_DEVICES: [0]
[I 2023-11-30 05:52:04,884] Trial 43 finished with value: 0.2102600336074829 and parameters: {'gradient_clip_val': 0.786390425117363, 'hidden_size': 39, 'dropout': 0.21652215393158855, 'hidden_continuous_size': 14, 'attention_head_size': 3, 'learning_rate': 0.07982557515145584}. Best is trial 13 with value: 0.05906503275036812.
LOCAL_RANK: 0 - CUDA_VISIBLE_DEVICES: [0]
[I 2023-11-30 05:52:17,880] Trial 44 finished with value: 0.057780470699071884 and parameters: {'gradient_clip_val': 0.6362135991586011, 'hidden_size': 51, 'dropout': 0.25265514860286353, 'hidden_continuous_size': 17, 'attention_head_size': 4, 'learning_rate': 0.04038026413034464}. Best is trial 44 with value: 0.057780470699071884.
LOCAL_RANK: 0 - CUDA_VISIBLE_DEVICES: [0]
[I 2023-11-30 05:52:31,318] Trial 45 finished with value: 0.13286855816841125 and parameters: {'gradient_clip_val': 0.6338812418348538, 'hidden_size': 54, 'dropout': 0.2566862268360932, 'hidden_continuous_size': 17, 'attention_head_size': 4, 'learning_rate': 0.03951553082142707}. Best is trial 44 with value: 0.057780470699071884.
LOCAL_RANK: 0 - CUDA_VISIBLE_DEVICES: [0]
[I 2023-11-30 05:52:44,765] Trial 46 finished with value: 0.07511109858751297 and parameters: {'gradient_clip_val': 0.567616729230726, 'hidden_size': 69, 'dropout': 0.24906532101578802, 'hidden_continuous_size': 20, 'attention_head_size': 2, 'learning_rate': 0.0552513616587135}. Best is trial 44 with value: 0.057780470699071884.
LOCAL_RANK: 0 - CUDA_VISIBLE_DEVICES: [0]
[I 2023-11-30 05:52:57,808] Trial 47 finished with value: 0.09267512708902359 and parameters: {'gradient_clip_val': 0.7060385597420289, 'hidden_size': 42, 'dropout': 0.2950655852209643, 'hidden_continuous_size': 15, 'attention_head_size': 3, 'learning_rate': 0.04525538631914447}. Best is trial 44 with value: 0.057780470699071884.
LOCAL_RANK: 0 - CUDA_VISIBLE_DEVICES: [0]
[I 2023-11-30 05:53:10,740] Trial 48 finished with value: 0.06701438874006271 and parameters: {'gradient_clip_val': 0.5218841669455832, 'hidden_size': 48, 'dropout': 0.2681337141103744, 'hidden_continuous_size': 18, 'attention_head_size': 4, 'learning_rate': 0.0595739510391466}. Best is trial 44 with value: 0.057780470699071884.
LOCAL_RANK: 0 - CUDA_VISIBLE_DEVICES: [0]
