[I 2023-11-30 14:29:26,692] Trial 50 finished with value: 0.13575363159179688 and parameters: {'gradient_clip_val': 0.8930206510301689, 'hidden_size': 52, 'dropout': 0.1370243095570991, 'hidden_continuous_size': 40, 'attention_head_size': 2, 'learning_rate': 0.034529307671964514}. Best is trial 41 with value: 0.11050210148096085.
LOCAL_RANK: 0 - CUDA_VISIBLE_DEVICES: [0]
[I 2023-11-30 14:29:41,799] Trial 51 finished with value: 0.15596172213554382 and parameters: {'gradient_clip_val': 0.7613570254708218, 'hidden_size': 42, 'dropout': 0.1635840068330406, 'hidden_continuous_size': 35, 'attention_head_size': 2, 'learning_rate': 0.09979950985574063}. Best is trial 41 with value: 0.11050210148096085.
LOCAL_RANK: 0 - CUDA_VISIBLE_DEVICES: [0]
[I 2023-11-30 14:29:56,713] Trial 52 finished with value: 0.1636868566274643 and parameters: {'gradient_clip_val': 0.6732998355405162, 'hidden_size': 49, 'dropout': 0.13680055182853523, 'hidden_continuous_size': 39, 'attention_head_size': 2, 'learning_rate': 0.05174148405431912}. Best is trial 41 with value: 0.11050210148096085.
LOCAL_RANK: 0 - CUDA_VISIBLE_DEVICES: [0]
[I 2023-11-30 14:30:11,160] Trial 53 finished with value: 0.16204676032066345 and parameters: {'gradient_clip_val': 0.6156672002118566, 'hidden_size': 59, 'dropout': 0.1802306655033791, 'hidden_continuous_size': 31, 'attention_head_size': 2, 'learning_rate': 0.07114799516167575}. Best is trial 41 with value: 0.11050210148096085.
LOCAL_RANK: 0 - CUDA_VISIBLE_DEVICES: [0]
[I 2023-11-30 14:30:25,738] Trial 54 finished with value: 0.148683562874794 and parameters: {'gradient_clip_val': 0.5751412739667034, 'hidden_size': 36, 'dropout': 0.12262214996989576, 'hidden_continuous_size': 32, 'attention_head_size': 2, 'learning_rate': 0.046331913486478214}. Best is trial 41 with value: 0.11050210148096085.
LOCAL_RANK: 0 - CUDA_VISIBLE_DEVICES: [0]
[I 2023-11-30 14:30:40,715] Trial 55 finished with value: 0.19162273406982422 and parameters: {'gradient_clip_val': 0.8010227623462419, 'hidden_size': 38, 'dropout': 0.1679049201173562, 'hidden_continuous_size': 34, 'attention_head_size': 2, 'learning_rate': 0.0588604653165174}. Best is trial 41 with value: 0.11050210148096085.
LOCAL_RANK: 0 - CUDA_VISIBLE_DEVICES: [0]
[I 2023-11-30 14:30:55,992] Trial 56 finished with value: 0.17128658294677734 and parameters: {'gradient_clip_val': 0.46893110012206, 'hidden_size': 47, 'dropout': 0.154471817110247, 'hidden_continuous_size': 37, 'attention_head_size': 1, 'learning_rate': 0.08340157843428331}. Best is trial 41 with value: 0.11050210148096085.
LOCAL_RANK: 0 - CUDA_VISIBLE_DEVICES: [0]
[I 2023-11-30 14:31:11,615] Trial 57 finished with value: 0.1831001192331314 and parameters: {'gradient_clip_val': 0.7147213268639551, 'hidden_size': 57, 'dropout': 0.17775931269522696, 'hidden_continuous_size': 45, 'attention_head_size': 2, 'learning_rate': 0.039772521742140236}. Best is trial 41 with value: 0.11050210148096085.
LOCAL_RANK: 0 - CUDA_VISIBLE_DEVICES: [0]
[I 2023-11-30 14:31:26,943] Trial 58 finished with value: 0.19802594184875488 and parameters: {'gradient_clip_val': 0.6507053899099196, 'hidden_size': 53, 'dropout': 0.20114594944322597, 'hidden_continuous_size': 41, 'attention_head_size': 3, 'learning_rate': 0.06940896996129893}. Best is trial 41 with value: 0.11050210148096085.
LOCAL_RANK: 0 - CUDA_VISIBLE_DEVICES: [0]
[I 2023-11-30 14:31:42,699] Trial 59 finished with value: 0.16271209716796875 and parameters: {'gradient_clip_val': 0.5270402688074716, 'hidden_size': 63, 'dropout': 0.1859568974818037, 'hidden_continuous_size': 50, 'attention_head_size': 2, 'learning_rate': 0.029733307047375628}. Best is trial 41 with value: 0.11050210148096085.
LOCAL_RANK: 0 - CUDA_VISIBLE_DEVICES: [0]
[I 2023-11-30 14:31:57,421] Trial 60 finished with value: 0.18521569669246674 and parameters: {'gradient_clip_val': 0.5518250437269526, 'hidden_size': 30, 'dropout': 0.20589935162385486, 'hidden_continuous_size': 28, 'attention_head_size': 2, 'learning_rate': 0.05972103647305862}. Best is trial 41 with value: 0.11050210148096085.
LOCAL_RANK: 0 - CUDA_VISIBLE_DEVICES: [0]
[I 2023-11-30 14:32:11,997] Trial 61 finished with value: 0.12914174795150757 and parameters: {'gradient_clip_val': 0.6235326627732711, 'hidden_size': 46, 'dropout': 0.2406912679633549, 'hidden_continuous_size': 38, 'attention_head_size': 4, 'learning_rate': 0.04645019827378248}. Best is trial 41 with value: 0.11050210148096085.
LOCAL_RANK: 0 - CUDA_VISIBLE_DEVICES: [0]
[I 2023-11-30 14:32:27,046] Trial 62 finished with value: 0.14003166556358337 and parameters: {'gradient_clip_val': 0.7627000947694343, 'hidden_size': 47, 'dropout': 0.2307944668029923, 'hidden_continuous_size': 37, 'attention_head_size': 4, 'learning_rate': 0.08522671293487735}. Best is trial 41 with value: 0.11050210148096085.
LOCAL_RANK: 0 - CUDA_VISIBLE_DEVICES: [0]
[I 2023-11-30 14:32:42,048] Trial 63 finished with value: 0.12509258091449738 and parameters: {'gradient_clip_val': 0.6121946804178644, 'hidden_size': 42, 'dropout': 0.24499390398108972, 'hidden_continuous_size': 35, 'attention_head_size': 3, 'learning_rate': 0.04331670059445346}. Best is trial 41 with value: 0.11050210148096085.
LOCAL_RANK: 0 - CUDA_VISIBLE_DEVICES: [0]
[I 2023-11-30 14:32:56,427] Trial 64 finished with value: 0.17559975385665894 and parameters: {'gradient_clip_val': 0.7147101360368044, 'hidden_size': 36, 'dropout': 0.19295294296668747, 'hidden_continuous_size': 31, 'attention_head_size': 3, 'learning_rate': 0.04202085219151823}. Best is trial 41 with value: 0.11050210148096085.
LOCAL_RANK: 0 - CUDA_VISIBLE_DEVICES: [0]
[I 2023-11-30 14:33:11,629] Trial 65 finished with value: 0.124855637550354 and parameters: {'gradient_clip_val': 0.5774923024292334, 'hidden_size': 42, 'dropout': 0.2127084102293312, 'hidden_continuous_size': 35, 'attention_head_size': 3, 'learning_rate': 0.05202640621956534}. Best is trial 41 with value: 0.11050210148096085.
LOCAL_RANK: 0 - CUDA_VISIBLE_DEVICES: [0]
[I 2023-11-30 14:33:26,467] Trial 66 finished with value: 0.1837405413389206 and parameters: {'gradient_clip_val': 0.9025069269924728, 'hidden_size': 51, 'dropout': 0.27046779917470387, 'hidden_continuous_size': 41, 'attention_head_size': 3, 'learning_rate': 0.034519930116268846}. Best is trial 41 with value: 0.11050210148096085.
LOCAL_RANK: 0 - CUDA_VISIBLE_DEVICES: [0]
[I 2023-11-30 14:33:39,618] Trial 67 finished with value: 0.17413395643234253 and parameters: {'gradient_clip_val': 0.6639487095996579, 'hidden_size': 42, 'dropout': 0.2153136647407772, 'hidden_continuous_size': 35, 'attention_head_size': 3, 'learning_rate': 0.053717879627293824}. Best is trial 41 with value: 0.11050210148096085.
LOCAL_RANK: 0 - CUDA_VISIBLE_DEVICES: [0]
[I 2023-11-30 14:33:53,409] Trial 68 finished with value: 0.1174483373761177 and parameters: {'gradient_clip_val': 0.49533584844750017, 'hidden_size': 59, 'dropout': 0.2424084372350834, 'hidden_continuous_size': 43, 'attention_head_size': 3, 'learning_rate': 0.026409957653706632}. Best is trial 41 with value: 0.11050210148096085.
LOCAL_RANK: 0 - CUDA_VISIBLE_DEVICES: [0]
[I 2023-11-30 14:34:07,389] Trial 69 finished with value: 0.21741658449172974 and parameters: {'gradient_clip_val': 0.48751719532079424, 'hidden_size': 57, 'dropout': 0.25116181983911473, 'hidden_continuous_size': 42, 'attention_head_size': 3, 'learning_rate': 0.027559321478624103}. Best is trial 41 with value: 0.11050210148096085.
LOCAL_RANK: 0 - CUDA_VISIBLE_DEVICES: [0]
[I 2023-11-30 14:34:21,100] Trial 70 finished with value: 0.16110406816005707 and parameters: {'gradient_clip_val': 0.43914417226735397, 'hidden_size': 61, 'dropout': 0.2425675938521818, 'hidden_continuous_size': 46, 'attention_head_size': 3, 'learning_rate': 0.037370457899477016}. Best is trial 41 with value: 0.11050210148096085.
LOCAL_RANK: 0 - CUDA_VISIBLE_DEVICES: [0]
[I 2023-11-30 14:34:34,194] Trial 71 finished with value: 0.22303076088428497 and parameters: {'gradient_clip_val': 0.5512047154884039, 'hidden_size': 40, 'dropout': 0.22534526556470755, 'hidden_continuous_size': 34, 'attention_head_size': 3, 'learning_rate': 0.04312825024125624}. Best is trial 41 with value: 0.11050210148096085.
LOCAL_RANK: 0 - CUDA_VISIBLE_DEVICES: [0]
[I 2023-11-30 14:34:47,835] Trial 72 finished with value: 0.2493165284395218 and parameters: {'gradient_clip_val': 0.596324842574111, 'hidden_size': 50, 'dropout': 0.2380627544323151, 'hidden_continuous_size': 38, 'attention_head_size': 3, 'learning_rate': 0.0525971620682351}. Best is trial 41 with value: 0.11050210148096085.
LOCAL_RANK: 0 - CUDA_VISIBLE_DEVICES: [0]
[I 2023-11-30 14:35:01,618] Trial 73 finished with value: 0.24195332825183868 and parameters: {'gradient_clip_val': 0.6824880986141919, 'hidden_size': 65, 'dropout': 0.26184207588731767, 'hidden_continuous_size': 40, 'attention_head_size': 3, 'learning_rate': 0.06893244924014966}. Best is trial 41 with value: 0.11050210148096085.
LOCAL_RANK: 0 - CUDA_VISIBLE_DEVICES: [0]
[I 2023-11-30 14:35:14,427] Trial 74 finished with value: 0.14658845961093903 and parameters: {'gradient_clip_val': 0.40803882346009385, 'hidden_size': 36, 'dropout': 0.2111653911877654, 'hidden_continuous_size': 34, 'attention_head_size': 2, 'learning_rate': 0.04289934760817511}. Best is trial 41 with value: 0.11050210148096085.
LOCAL_RANK: 0 - CUDA_VISIBLE_DEVICES: [0]
[I 2023-11-30 14:35:27,698] Trial 75 finished with value: 0.18059515953063965 and parameters: {'gradient_clip_val': 0.6342964188826361, 'hidden_size': 44, 'dropout': 0.2540044219788993, 'hidden_continuous_size': 36, 'attention_head_size': 3, 'learning_rate': 0.031161402223957968}. Best is trial 41 with value: 0.11050210148096085.
LOCAL_RANK: 0 - CUDA_VISIBLE_DEVICES: [0]
[I 2023-11-30 14:35:41,285] Trial 76 finished with value: 0.15623223781585693 and parameters: {'gradient_clip_val': 0.5431339459515626, 'hidden_size': 57, 'dropout': 0.22293707107118033, 'hidden_continuous_size': 44, 'attention_head_size': 3, 'learning_rate': 0.037255235286889135}. Best is trial 41 with value: 0.11050210148096085.
LOCAL_RANK: 0 - CUDA_VISIBLE_DEVICES: [0]
[I 2023-11-30 14:35:55,112] Trial 77 finished with value: 0.17164064943790436 and parameters: {'gradient_clip_val': 0.742312334831867, 'hidden_size': 40, 'dropout': 0.23655756212569345, 'hidden_continuous_size': 37, 'attention_head_size': 2, 'learning_rate': 0.023497802059190345}. Best is trial 41 with value: 0.11050210148096085.
LOCAL_RANK: 0 - CUDA_VISIBLE_DEVICES: [0]
[I 2023-11-30 14:36:10,091] Trial 78 finished with value: 0.17833156883716583 and parameters: {'gradient_clip_val': 0.49940898115420107, 'hidden_size': 54, 'dropout': 0.1840159086845589, 'hidden_continuous_size': 44, 'attention_head_size': 3, 'learning_rate': 0.06213886995182218}. Best is trial 41 with value: 0.11050210148096085.
LOCAL_RANK: 0 - CUDA_VISIBLE_DEVICES: [0]
[I 2023-11-30 14:36:25,152] Trial 79 finished with value: 0.14342017471790314 and parameters: {'gradient_clip_val': 0.5919642622438515, 'hidden_size': 49, 'dropout': 0.21838281509086202, 'hidden_continuous_size': 42, 'attention_head_size': 3, 'learning_rate': 0.05262304748363691}. Best is trial 41 with value: 0.11050210148096085.
LOCAL_RANK: 0 - CUDA_VISIBLE_DEVICES: [0]
[I 2023-11-30 14:36:40,464] Trial 80 finished with value: 0.11952657252550125 and parameters: {'gradient_clip_val': 0.7941018568604649, 'hidden_size': 67, 'dropout': 0.24762463250617164, 'hidden_continuous_size': 51, 'attention_head_size': 1, 'learning_rate': 0.03275304570126922}. Best is trial 41 with value: 0.11050210148096085.
LOCAL_RANK: 0 - CUDA_VISIBLE_DEVICES: [0]
[I 2023-11-30 14:36:55,133] Trial 81 finished with value: 0.11948740482330322 and parameters: {'gradient_clip_val': 0.7752221653771131, 'hidden_size': 70, 'dropout': 0.2439455608466775, 'hidden_continuous_size': 52, 'attention_head_size': 1, 'learning_rate': 0.031791262928934985}. Best is trial 41 with value: 0.11050210148096085.
LOCAL_RANK: 0 - CUDA_VISIBLE_DEVICES: [0]
[I 2023-11-30 14:37:10,001] Trial 82 finished with value: 0.14777643978595734 and parameters: {'gradient_clip_val': 0.7897703814065757, 'hidden_size': 67, 'dropout': 0.24755664950725714, 'hidden_continuous_size': 53, 'attention_head_size': 1, 'learning_rate': 0.03617448664141171}. Best is trial 41 with value: 0.11050210148096085.
LOCAL_RANK: 0 - CUDA_VISIBLE_DEVICES: [0]
[I 2023-11-30 14:37:24,885] Trial 83 finished with value: 0.1734970211982727 and parameters: {'gradient_clip_val': 0.8058222924030207, 'hidden_size': 74, 'dropout': 0.27242584318080454, 'hidden_continuous_size': 58, 'attention_head_size': 1, 'learning_rate': 0.032223755160438475}. Best is trial 41 with value: 0.11050210148096085.
LOCAL_RANK: 0 - CUDA_VISIBLE_DEVICES: [0]
[I 2023-11-30 14:37:39,826] Trial 84 finished with value: 0.16135813295841217 and parameters: {'gradient_clip_val': 0.7111396289306681, 'hidden_size': 76, 'dropout': 0.2609295574776905, 'hidden_continuous_size': 48, 'attention_head_size': 1, 'learning_rate': 0.02563815130730346}. Best is trial 41 with value: 0.11050210148096085.
LOCAL_RANK: 0 - CUDA_VISIBLE_DEVICES: [0]
[I 2023-11-30 14:37:54,741] Trial 85 finished with value: 0.1681544929742813 and parameters: {'gradient_clip_val': 0.7433358497627551, 'hidden_size': 69, 'dropout': 0.24634892735475994, 'hidden_continuous_size': 50, 'attention_head_size': 1, 'learning_rate': 0.021969962411634826}. Best is trial 41 with value: 0.11050210148096085.
LOCAL_RANK: 0 - CUDA_VISIBLE_DEVICES: [0]
[I 2023-11-30 14:38:09,243] Trial 86 finished with value: 0.16930900514125824 and parameters: {'gradient_clip_val': 0.6671550400690796, 'hidden_size': 60, 'dropout': 0.2300144278820156, 'hidden_continuous_size': 45, 'attention_head_size': 1, 'learning_rate': 0.02848070764703543}. Best is trial 41 with value: 0.11050210148096085.
LOCAL_RANK: 0 - CUDA_VISIBLE_DEVICES: [0]
[I 2023-11-30 14:38:23,975] Trial 87 finished with value: 0.22236256301403046 and parameters: {'gradient_clip_val': 0.848943771468915, 'hidden_size': 66, 'dropout': 0.25604863747992157, 'hidden_continuous_size': 47, 'attention_head_size': 1, 'learning_rate': 0.042505363515658756}. Best is trial 41 with value: 0.11050210148096085.
LOCAL_RANK: 0 - CUDA_VISIBLE_DEVICES: [0]
[I 2023-11-30 14:38:39,040] Trial 88 finished with value: 0.14769534766674042 and parameters: {'gradient_clip_val': 0.5915845903108821, 'hidden_size': 85, 'dropout': 0.26185954721616417, 'hidden_continuous_size': 57, 'attention_head_size': 1, 'learning_rate': 0.038528842763780165}. Best is trial 41 with value: 0.11050210148096085.
LOCAL_RANK: 0 - CUDA_VISIBLE_DEVICES: [0]
[I 2023-11-30 14:38:53,754] Trial 89 finished with value: 0.171309694647789 and parameters: {'gradient_clip_val': 0.6557446936040016, 'hidden_size': 54, 'dropout': 0.28179045410536374, 'hidden_continuous_size': 43, 'attention_head_size': 1, 'learning_rate': 0.030065446736880587}. Best is trial 41 with value: 0.11050210148096085.
LOCAL_RANK: 0 - CUDA_VISIBLE_DEVICES: [0]
[I 2023-11-30 14:39:09,912] Trial 90 finished with value: 0.17034690082073212 and parameters: {'gradient_clip_val': 0.9187865213437142, 'hidden_size': 71, 'dropout': 0.23724107911879413, 'hidden_continuous_size': 52, 'attention_head_size': 3, 'learning_rate': 0.07462189144161435}. Best is trial 41 with value: 0.11050210148096085.
LOCAL_RANK: 0 - CUDA_VISIBLE_DEVICES: [0]
[I 2023-11-30 14:39:24,418] Trial 91 finished with value: 0.14802472293376923 and parameters: {'gradient_clip_val': 0.6259940977082213, 'hidden_size': 45, 'dropout': 0.22649915398065257, 'hidden_continuous_size': 40, 'attention_head_size': 3, 'learning_rate': 0.046939888784248464}. Best is trial 41 with value: 0.11050210148096085.
LOCAL_RANK: 0 - CUDA_VISIBLE_DEVICES: [0]
[I 2023-11-30 14:39:39,315] Trial 92 finished with value: 0.18145529925823212 and parameters: {'gradient_clip_val': 0.687199429431881, 'hidden_size': 49, 'dropout': 0.24403345686304032, 'hidden_continuous_size': 39, 'attention_head_size': 2, 'learning_rate': 0.054947770426376545}. Best is trial 41 with value: 0.11050210148096085.
LOCAL_RANK: 0 - CUDA_VISIBLE_DEVICES: [0]
[I 2023-11-30 14:39:53,641] Trial 93 finished with value: 0.21661531925201416 and parameters: {'gradient_clip_val': 0.5689132272358324, 'hidden_size': 43, 'dropout': 0.21308442028456143, 'hidden_continuous_size': 38, 'attention_head_size': 1, 'learning_rate': 0.04999737515556175}. Best is trial 41 with value: 0.11050210148096085.
LOCAL_RANK: 0 - CUDA_VISIBLE_DEVICES: [0]
[I 2023-11-30 14:40:08,205] Trial 94 finished with value: 0.12621186673641205 and parameters: {'gradient_clip_val': 0.8224688105867285, 'hidden_size': 62, 'dropout': 0.1700651664178292, 'hidden_continuous_size': 32, 'attention_head_size': 3, 'learning_rate': 0.06534420390092943}. Best is trial 41 with value: 0.11050210148096085.
LOCAL_RANK: 0 - CUDA_VISIBLE_DEVICES: [0]
[I 2023-11-30 14:40:23,528] Trial 95 finished with value: 0.21382839977741241 and parameters: {'gradient_clip_val': 0.7460739812054593, 'hidden_size': 55, 'dropout': 0.20386765141107446, 'hidden_continuous_size': 47, 'attention_head_size': 2, 'learning_rate': 0.043860931759413774}. Best is trial 41 with value: 0.11050210148096085.
LOCAL_RANK: 0 - CUDA_VISIBLE_DEVICES: [0]
[I 2023-11-30 14:40:38,678] Trial 96 finished with value: 0.1451297551393509 and parameters: {'gradient_clip_val': 0.5384383894248709, 'hidden_size': 51, 'dropout': 0.25054426143200004, 'hidden_continuous_size': 42, 'attention_head_size': 3, 'learning_rate': 0.03249790484460406}. Best is trial 41 with value: 0.11050210148096085.
LOCAL_RANK: 0 - CUDA_VISIBLE_DEVICES: [0]
[I 2023-11-30 14:40:53,418] Trial 97 finished with value: 0.13369154930114746 and parameters: {'gradient_clip_val': 0.780616964787163, 'hidden_size': 47, 'dropout': 0.2352801200892337, 'hidden_continuous_size': 41, 'attention_head_size': 1, 'learning_rate': 0.04829119083823597}. Best is trial 41 with value: 0.11050210148096085.
LOCAL_RANK: 0 - CUDA_VISIBLE_DEVICES: [0]
[I 2023-11-30 14:41:07,835] Trial 98 finished with value: 0.15445144474506378 and parameters: {'gradient_clip_val': 0.6434085900674873, 'hidden_size': 41, 'dropout': 0.22025364900456143, 'hidden_continuous_size': 37, 'attention_head_size': 2, 'learning_rate': 0.05614151598268236}. Best is trial 41 with value: 0.11050210148096085.
LOCAL_RANK: 0 - CUDA_VISIBLE_DEVICES: [0]
[I 2023-11-30 14:41:22,429] Trial 99 finished with value: 0.1199917420744896 and parameters: {'gradient_clip_val': 0.7050193904844645, 'hidden_size': 39, 'dropout': 0.19593286821713077, 'hidden_continuous_size': 35, 'attention_head_size': 4, 'learning_rate': 0.06398389198978817}. Best is trial 41 with value: 0.11050210148096085.
LOCAL_RANK: 0 - CUDA_VISIBLE_DEVICES: [0]
[I 2023-11-30 14:41:36,343] Trial 100 finished with value: 0.14145277440547943 and parameters: {'gradient_clip_val': 0.6986908145474876, 'hidden_size': 32, 'dropout': 0.1933752488543172, 'hidden_continuous_size': 30, 'attention_head_size': 3, 'learning_rate': 0.06427512905768967}. Best is trial 41 with value: 0.11050210148096085.
LOCAL_RANK: 0 - CUDA_VISIBLE_DEVICES: [0]
[I 2023-11-30 14:41:51,174] Trial 101 finished with value: 0.1155315563082695 and parameters: {'gradient_clip_val': 0.608813927564234, 'hidden_size': 38, 'dropout': 0.1750535652062023, 'hidden_continuous_size': 35, 'attention_head_size': 4, 'learning_rate': 0.04030110144641012}. Best is trial 41 with value: 0.11050210148096085.
LOCAL_RANK: 0 - CUDA_VISIBLE_DEVICES: [0]
[I 2023-11-30 14:42:05,710] Trial 102 finished with value: 0.14536429941654205 and parameters: {'gradient_clip_val': 0.5693554186764287, 'hidden_size': 38, 'dropout': 0.1605786895393631, 'hidden_continuous_size': 35, 'attention_head_size': 4, 'learning_rate': 0.04007968609409929}. Best is trial 41 with value: 0.11050210148096085.
LOCAL_RANK: 0 - CUDA_VISIBLE_DEVICES: [0]
[I 2023-11-30 14:42:19,985] Trial 103 finished with value: 0.16046422719955444 and parameters: {'gradient_clip_val': 0.6103766916113355, 'hidden_size': 36, 'dropout': 0.17576369703451974, 'hidden_continuous_size': 33, 'attention_head_size': 4, 'learning_rate': 0.09071511139296715}. Best is trial 41 with value: 0.11050210148096085.
LOCAL_RANK: 0 - CUDA_VISIBLE_DEVICES: [0]
[I 2023-11-30 14:42:34,830] Trial 104 finished with value: 0.2248837947845459 and parameters: {'gradient_clip_val': 0.5142793202133182, 'hidden_size': 58, 'dropout': 0.14667237725030277, 'hidden_continuous_size': 35, 'attention_head_size': 4, 'learning_rate': 0.03455681133421956}. Best is trial 41 with value: 0.11050210148096085.
LOCAL_RANK: 0 - CUDA_VISIBLE_DEVICES: [0]
[I 2023-11-30 14:42:49,582] Trial 105 finished with value: 0.18353600800037384 and parameters: {'gradient_clip_val': 0.7256951507192099, 'hidden_size': 45, 'dropout': 0.18001910667047258, 'hidden_continuous_size': 39, 'attention_head_size': 4, 'learning_rate': 0.07637247314721542}. Best is trial 41 with value: 0.11050210148096085.
LOCAL_RANK: 0 - CUDA_VISIBLE_DEVICES: [0]
[I 2023-11-30 14:43:04,675] Trial 106 finished with value: 0.20383477210998535 and parameters: {'gradient_clip_val': 0.8755997578380247, 'hidden_size': 51, 'dropout': 0.16593575324430723, 'hidden_continuous_size': 45, 'attention_head_size': 4, 'learning_rate': 0.054904837914329034}. Best is trial 41 with value: 0.11050210148096085.
LOCAL_RANK: 0 - CUDA_VISIBLE_DEVICES: [0]
[I 2023-11-30 14:43:18,891] Trial 107 finished with value: 0.19091105461120605 and parameters: {'gradient_clip_val': 0.7695617035506247, 'hidden_size': 39, 'dropout': 0.17074525979818642, 'hidden_continuous_size': 36, 'attention_head_size': 4, 'learning_rate': 0.05809870754123681}. Best is trial 41 with value: 0.11050210148096085.
LOCAL_RANK: 0 - CUDA_VISIBLE_DEVICES: [0]
