[I 2023-11-29 23:16:45,606] Trial 114 finished with value: 0.45549464225769043 and parameters: {'gradient_clip_val': 0.5367463256240792, 'hidden_size': 38, 'dropout': 0.2496066713166152, 'hidden_continuous_size': 21, 'attention_head_size': 3, 'learning_rate': 0.07511548452423306}. Best is trial 84 with value: 0.27557578682899475.
LOCAL_RANK: 0 - CUDA_VISIBLE_DEVICES: [0]
[I 2023-11-29 23:16:58,598] Trial 115 finished with value: 0.6853153705596924 and parameters: {'gradient_clip_val': 0.5675246614561251, 'hidden_size': 44, 'dropout': 0.24152858585555648, 'hidden_continuous_size': 20, 'attention_head_size': 3, 'learning_rate': 0.08707898325035499}. Best is trial 84 with value: 0.27557578682899475.
LOCAL_RANK: 0 - CUDA_VISIBLE_DEVICES: [0]
[I 2023-11-29 23:17:11,894] Trial 116 finished with value: 0.32126954197883606 and parameters: {'gradient_clip_val': 0.49957233836636045, 'hidden_size': 54, 'dropout': 0.22216611176896714, 'hidden_continuous_size': 15, 'attention_head_size': 3, 'learning_rate': 0.05629475291897397}. Best is trial 84 with value: 0.27557578682899475.
LOCAL_RANK: 0 - CUDA_VISIBLE_DEVICES: [0]
[I 2023-11-29 23:17:25,298] Trial 117 finished with value: 0.4967312514781952 and parameters: {'gradient_clip_val': 0.5092630325908398, 'hidden_size': 55, 'dropout': 0.2055628485856025, 'hidden_continuous_size': 15, 'attention_head_size': 3, 'learning_rate': 0.038986429683936376}. Best is trial 84 with value: 0.27557578682899475.
LOCAL_RANK: 0 - CUDA_VISIBLE_DEVICES: [0]
[I 2023-11-29 23:17:38,102] Trial 118 finished with value: 0.49439021944999695 and parameters: {'gradient_clip_val': 0.7052570906028172, 'hidden_size': 33, 'dropout': 0.22357910944439985, 'hidden_continuous_size': 16, 'attention_head_size': 1, 'learning_rate': 0.0500675947572764}. Best is trial 84 with value: 0.27557578682899475.
LOCAL_RANK: 0 - CUDA_VISIBLE_DEVICES: [0]
[I 2023-11-29 23:17:51,263] Trial 119 finished with value: 0.361801415681839 and parameters: {'gradient_clip_val': 0.6059837213867962, 'hidden_size': 53, 'dropout': 0.2292443393756284, 'hidden_continuous_size': 13, 'attention_head_size': 2, 'learning_rate': 0.05868215133134543}. Best is trial 84 with value: 0.27557578682899475.
LOCAL_RANK: 0 - CUDA_VISIBLE_DEVICES: [0]
[I 2023-11-29 23:18:03,952] Trial 120 finished with value: 0.5133206248283386 and parameters: {'gradient_clip_val': 0.6638743592798929, 'hidden_size': 30, 'dropout': 0.21767233675698722, 'hidden_continuous_size': 12, 'attention_head_size': 3, 'learning_rate': 0.09897054162238018}. Best is trial 84 with value: 0.27557578682899475.
LOCAL_RANK: 0 - CUDA_VISIBLE_DEVICES: [0]
[I 2023-11-29 23:18:17,137] Trial 121 finished with value: 0.39212560653686523 and parameters: {'gradient_clip_val': 0.4842024548512476, 'hidden_size': 49, 'dropout': 0.23893858078998612, 'hidden_continuous_size': 23, 'attention_head_size': 3, 'learning_rate': 0.06630120018249601}. Best is trial 84 with value: 0.27557578682899475.
LOCAL_RANK: 0 - CUDA_VISIBLE_DEVICES: [0]
[I 2023-11-29 23:18:30,404] Trial 122 finished with value: 0.36778441071510315 and parameters: {'gradient_clip_val': 0.4352036840255967, 'hidden_size': 45, 'dropout': 0.21002022609276721, 'hidden_continuous_size': 20, 'attention_head_size': 3, 'learning_rate': 0.05424167385982308}. Best is trial 84 with value: 0.27557578682899475.
LOCAL_RANK: 0 - CUDA_VISIBLE_DEVICES: [0]
[I 2023-11-29 23:18:43,600] Trial 123 finished with value: 0.5582653880119324 and parameters: {'gradient_clip_val': 0.6268873377367422, 'hidden_size': 47, 'dropout': 0.24810761261105949, 'hidden_continuous_size': 19, 'attention_head_size': 3, 'learning_rate': 0.07049811648308807}. Best is trial 84 with value: 0.27557578682899475.
LOCAL_RANK: 0 - CUDA_VISIBLE_DEVICES: [0]
[I 2023-11-29 23:18:56,457] Trial 124 finished with value: 0.4413112699985504 and parameters: {'gradient_clip_val': 0.5720749597766941, 'hidden_size': 40, 'dropout': 0.2302075940593679, 'hidden_continuous_size': 18, 'attention_head_size': 3, 'learning_rate': 0.0465520389504054}. Best is trial 84 with value: 0.27557578682899475.
LOCAL_RANK: 0 - CUDA_VISIBLE_DEVICES: [0]
[I 2023-11-29 23:19:09,583] Trial 125 finished with value: 0.28730911016464233 and parameters: {'gradient_clip_val': 0.5384128967911236, 'hidden_size': 42, 'dropout': 0.20319324334288488, 'hidden_continuous_size': 17, 'attention_head_size': 3, 'learning_rate': 0.08119085425047799}. Best is trial 84 with value: 0.27557578682899475.
LOCAL_RANK: 0 - CUDA_VISIBLE_DEVICES: [0]
[I 2023-11-29 23:19:22,620] Trial 126 finished with value: 0.9710002541542053 and parameters: {'gradient_clip_val': 0.5318138434981622, 'hidden_size': 42, 'dropout': 0.21549430719291598, 'hidden_continuous_size': 17, 'attention_head_size': 3, 'learning_rate': 0.07897341806061774}. Best is trial 84 with value: 0.27557578682899475.
LOCAL_RANK: 0 - CUDA_VISIBLE_DEVICES: [0]
[I 2023-11-29 23:19:35,928] Trial 127 finished with value: 0.3979669511318207 and parameters: {'gradient_clip_val': 0.4618362600033349, 'hidden_size': 37, 'dropout': 0.1977899448736085, 'hidden_continuous_size': 18, 'attention_head_size': 4, 'learning_rate': 0.09054641655249242}. Best is trial 84 with value: 0.27557578682899475.
LOCAL_RANK: 0 - CUDA_VISIBLE_DEVICES: [0]
[I 2023-11-29 23:19:48,813] Trial 128 finished with value: 0.3604087829589844 and parameters: {'gradient_clip_val': 0.5950582878256838, 'hidden_size': 35, 'dropout': 0.2065738328796098, 'hidden_continuous_size': 15, 'attention_head_size': 2, 'learning_rate': 0.08377921325901748}. Best is trial 84 with value: 0.27557578682899475.
LOCAL_RANK: 0 - CUDA_VISIBLE_DEVICES: [0]
[I 2023-11-29 23:20:01,894] Trial 129 finished with value: 0.40126895904541016 and parameters: {'gradient_clip_val': 0.5062901140819211, 'hidden_size': 51, 'dropout': 0.1769602381150916, 'hidden_continuous_size': 11, 'attention_head_size': 3, 'learning_rate': 0.07417758462185742}. Best is trial 84 with value: 0.27557578682899475.
LOCAL_RANK: 0 - CUDA_VISIBLE_DEVICES: [0]
[I 2023-11-29 23:20:15,050] Trial 130 finished with value: 0.3754943907260895 and parameters: {'gradient_clip_val': 0.7415806403062298, 'hidden_size': 39, 'dropout': 0.18720968301366903, 'hidden_continuous_size': 17, 'attention_head_size': 3, 'learning_rate': 0.059363714459666796}. Best is trial 84 with value: 0.27557578682899475.
LOCAL_RANK: 0 - CUDA_VISIBLE_DEVICES: [0]
[I 2023-11-29 23:20:28,131] Trial 131 finished with value: 0.4205828011035919 and parameters: {'gradient_clip_val': 0.5513544514386501, 'hidden_size': 48, 'dropout': 0.22182137446130756, 'hidden_continuous_size': 20, 'attention_head_size': 3, 'learning_rate': 0.06488699679511478}. Best is trial 84 with value: 0.27557578682899475.
LOCAL_RANK: 0 - CUDA_VISIBLE_DEVICES: [0]
[I 2023-11-29 23:20:41,309] Trial 132 finished with value: 0.4693087041378021 and parameters: {'gradient_clip_val': 0.5252457369180524, 'hidden_size': 43, 'dropout': 0.23252299379743785, 'hidden_continuous_size': 16, 'attention_head_size': 3, 'learning_rate': 0.05161166115417785}. Best is trial 84 with value: 0.27557578682899475.
LOCAL_RANK: 0 - CUDA_VISIBLE_DEVICES: [0]
[I 2023-11-29 23:20:54,540] Trial 133 finished with value: 0.36297130584716797 and parameters: {'gradient_clip_val': 0.6214048153073407, 'hidden_size': 46, 'dropout': 0.20251013938715162, 'hidden_continuous_size': 22, 'attention_head_size': 3, 'learning_rate': 0.07196904965455919}. Best is trial 84 with value: 0.27557578682899475.
LOCAL_RANK: 0 - CUDA_VISIBLE_DEVICES: [0]
[I 2023-11-29 23:21:07,650] Trial 134 finished with value: 0.49243035912513733 and parameters: {'gradient_clip_val': 0.5784916584340404, 'hidden_size': 52, 'dropout': 0.14838006666188186, 'hidden_continuous_size': 14, 'attention_head_size': 3, 'learning_rate': 0.09997973049550557}. Best is trial 84 with value: 0.27557578682899475.
LOCAL_RANK: 0 - CUDA_VISIBLE_DEVICES: [0]
[I 2023-11-29 23:21:21,127] Trial 135 finished with value: 0.47069117426872253 and parameters: {'gradient_clip_val': 0.6718579278793947, 'hidden_size': 55, 'dropout': 0.2261865013142264, 'hidden_continuous_size': 24, 'attention_head_size': 3, 'learning_rate': 0.042289474884002774}. Best is trial 84 with value: 0.27557578682899475.
LOCAL_RANK: 0 - CUDA_VISIBLE_DEVICES: [0]
[I 2023-11-29 23:21:34,374] Trial 136 finished with value: 0.3964479863643646 and parameters: {'gradient_clip_val': 0.494317646415952, 'hidden_size': 58, 'dropout': 0.2685838009379201, 'hidden_continuous_size': 19, 'attention_head_size': 2, 'learning_rate': 0.05777180345762501}. Best is trial 84 with value: 0.27557578682899475.
LOCAL_RANK: 0 - CUDA_VISIBLE_DEVICES: [0]
[I 2023-11-29 23:21:47,666] Trial 137 finished with value: 0.33684858679771423 and parameters: {'gradient_clip_val': 0.5555382621855773, 'hidden_size': 41, 'dropout': 0.2528404964789363, 'hidden_continuous_size': 29, 'attention_head_size': 3, 'learning_rate': 0.06527375383387901}. Best is trial 84 with value: 0.27557578682899475.
LOCAL_RANK: 0 - CUDA_VISIBLE_DEVICES: [0]
[I 2023-11-29 23:22:00,521] Trial 138 finished with value: 0.37220582365989685 and parameters: {'gradient_clip_val': 0.5990214512017761, 'hidden_size': 31, 'dropout': 0.19381295863187264, 'hidden_continuous_size': 18, 'attention_head_size': 3, 'learning_rate': 0.08487987727097028}. Best is trial 84 with value: 0.27557578682899475.
LOCAL_RANK: 0 - CUDA_VISIBLE_DEVICES: [0]
[I 2023-11-29 23:22:13,565] Trial 139 finished with value: 0.6374784111976624 and parameters: {'gradient_clip_val': 0.6494804226828474, 'hidden_size': 34, 'dropout': 0.2432604178840411, 'hidden_continuous_size': 17, 'attention_head_size': 3, 'learning_rate': 0.07676027147671048}. Best is trial 84 with value: 0.27557578682899475.
LOCAL_RANK: 0 - CUDA_VISIBLE_DEVICES: [0]
[I 2023-11-29 23:22:26,512] Trial 140 finished with value: 0.4936908781528473 and parameters: {'gradient_clip_val': 0.5373984451766932, 'hidden_size': 37, 'dropout': 0.2107533593779078, 'hidden_continuous_size': 21, 'attention_head_size': 2, 'learning_rate': 0.047667440708962526}. Best is trial 84 with value: 0.27557578682899475.
LOCAL_RANK: 0 - CUDA_VISIBLE_DEVICES: [0]
[I 2023-11-29 23:22:39,452] Trial 141 finished with value: 0.7517874836921692 and parameters: {'gradient_clip_val': 0.6265891947256174, 'hidden_size': 36, 'dropout': 0.2362999694107917, 'hidden_continuous_size': 18, 'attention_head_size': 3, 'learning_rate': 0.07061564996700487}. Best is trial 84 with value: 0.27557578682899475.
LOCAL_RANK: 0 - CUDA_VISIBLE_DEVICES: [0]
[I 2023-11-29 23:22:52,834] Trial 142 finished with value: 0.3833068311214447 and parameters: {'gradient_clip_val': 0.692422432975923, 'hidden_size': 43, 'dropout': 0.23899082937680408, 'hidden_continuous_size': 19, 'attention_head_size': 3, 'learning_rate': 0.09192413662918224}. Best is trial 84 with value: 0.27557578682899475.
LOCAL_RANK: 0 - CUDA_VISIBLE_DEVICES: [0]
[I 2023-11-29 23:23:05,706] Trial 143 finished with value: 0.42460623383522034 and parameters: {'gradient_clip_val': 0.5808827081837669, 'hidden_size': 39, 'dropout': 0.2607651747017235, 'hidden_continuous_size': 12, 'attention_head_size': 3, 'learning_rate': 0.0775659728104861}. Best is trial 84 with value: 0.27557578682899475.
LOCAL_RANK: 0 - CUDA_VISIBLE_DEVICES: [0]
[I 2023-11-29 23:23:18,910] Trial 144 finished with value: 0.5615372657775879 and parameters: {'gradient_clip_val': 0.6160582064825256, 'hidden_size': 47, 'dropout': 0.2260101656534937, 'hidden_continuous_size': 20, 'attention_head_size': 3, 'learning_rate': 0.054075613850525533}. Best is trial 84 with value: 0.27557578682899475.
LOCAL_RANK: 0 - CUDA_VISIBLE_DEVICES: [0]
[I 2023-11-29 23:23:31,870] Trial 145 finished with value: 0.6332629919052124 and parameters: {'gradient_clip_val': 0.6367730120567566, 'hidden_size': 33, 'dropout': 0.21930368047821788, 'hidden_continuous_size': 18, 'attention_head_size': 3, 'learning_rate': 0.06507973669372916}. Best is trial 84 with value: 0.27557578682899475.
LOCAL_RANK: 0 - CUDA_VISIBLE_DEVICES: [0]
[I 2023-11-29 23:23:44,639] Trial 146 finished with value: 0.6376779079437256 and parameters: {'gradient_clip_val': 0.831493718690567, 'hidden_size': 29, 'dropout': 0.24513849786274716, 'hidden_continuous_size': 13, 'attention_head_size': 3, 'learning_rate': 0.01887550912856846}. Best is trial 84 with value: 0.27557578682899475.
LOCAL_RANK: 0 - CUDA_VISIBLE_DEVICES: [0]
[I 2023-11-29 23:23:57,488] Trial 147 finished with value: 0.9175796508789062 and parameters: {'gradient_clip_val': 0.5578148442527767, 'hidden_size': 36, 'dropout': 0.23489732835546961, 'hidden_continuous_size': 19, 'attention_head_size': 3, 'learning_rate': 0.083701058953317}. Best is trial 84 with value: 0.27557578682899475.
LOCAL_RANK: 0 - CUDA_VISIBLE_DEVICES: [0]
[I 2023-11-29 23:24:10,225] Trial 148 finished with value: 0.38181185722351074 and parameters: {'gradient_clip_val': 0.5162723442512313, 'hidden_size': 27, 'dropout': 0.2804667288528033, 'hidden_continuous_size': 11, 'attention_head_size': 4, 'learning_rate': 0.06084621488574756}. Best is trial 84 with value: 0.27557578682899475.
LOCAL_RANK: 0 - CUDA_VISIBLE_DEVICES: [0]
[I 2023-11-29 23:24:23,435] Trial 149 finished with value: 0.4053751528263092 and parameters: {'gradient_clip_val': 0.7065512802060016, 'hidden_size': 50, 'dropout': 0.12690369118087302, 'hidden_continuous_size': 16, 'attention_head_size': 3, 'learning_rate': 0.07224720470865285}. Best is trial 84 with value: 0.27557578682899475.
[I 2023-11-29 23:24:23,549] A new study created in memory with name: no-name-4ecccae6-511d-43f1-9b61-7244841e4b98
/home/le004/conda/anaconda3/envs/tsff_env/lib/python3.9/site-packages/lightning/fabric/plugins/environments/slurm.py:191: The `srun` command is available on your system but is not used. HINT: If your intention is to run Lightning on SLURM, prepend your python command with `srun` like so: srun python /home/le004/master_thesis/git/TSFusionForecast/code/ ...
LOCAL_RANK: 0 - CUDA_VISIBLE_DEVICES: [0]
[I 2023-11-29 23:24:36,115] Trial 0 finished with value: 286.5471496582031 and parameters: {'gradient_clip_val': 0.8910742180774252, 'hidden_size': 25, 'dropout': 0.18972058558264548, 'hidden_continuous_size': 19, 'attention_head_size': 2, 'learning_rate': 0.01862339029664504}. Best is trial 0 with value: 286.5471496582031.
LOCAL_RANK: 0 - CUDA_VISIBLE_DEVICES: [0]
[I 2023-11-29 23:24:49,178] Trial 1 finished with value: 305.892822265625 and parameters: {'gradient_clip_val': 0.20951982553298823, 'hidden_size': 55, 'dropout': 0.39531230694117747, 'hidden_continuous_size': 16, 'attention_head_size': 1, 'learning_rate': 0.00355757469708527}. Best is trial 0 with value: 286.5471496582031.
LOCAL_RANK: 0 - CUDA_VISIBLE_DEVICES: [0]
[I 2023-11-29 23:25:02,307] Trial 2 finished with value: 284.6373596191406 and parameters: {'gradient_clip_val': 0.25147181715036476, 'hidden_size': 42, 'dropout': 0.14897183666498037, 'hidden_continuous_size': 12, 'attention_head_size': 3, 'learning_rate': 0.025559630684042337}. Best is trial 2 with value: 284.6373596191406.
LOCAL_RANK: 0 - CUDA_VISIBLE_DEVICES: [0]
[I 2023-11-29 23:25:14,855] Trial 3 finished with value: 530.0963745117188 and parameters: {'gradient_clip_val': 0.1381412774489285, 'hidden_size': 13, 'dropout': 0.10763983691028317, 'hidden_continuous_size': 10, 'attention_head_size': 4, 'learning_rate': 0.007851740066092022}. Best is trial 2 with value: 284.6373596191406.
LOCAL_RANK: 0 - CUDA_VISIBLE_DEVICES: [0]
[I 2023-11-29 23:25:27,500] Trial 4 finished with value: 561.6685180664062 and parameters: {'gradient_clip_val': 0.21729148748820795, 'hidden_size': 15, 'dropout': 0.38939109439533937, 'hidden_continuous_size': 12, 'attention_head_size': 4, 'learning_rate': 0.005340968664001953}. Best is trial 2 with value: 284.6373596191406.
LOCAL_RANK: 0 - CUDA_VISIBLE_DEVICES: [0]
[I 2023-11-29 23:25:39,890] Trial 5 finished with value: 283.3415222167969 and parameters: {'gradient_clip_val': 0.6239219598772365, 'hidden_size': 17, 'dropout': 0.3740600908897992, 'hidden_continuous_size': 12, 'attention_head_size': 1, 'learning_rate': 0.03003420888544048}. Best is trial 5 with value: 283.3415222167969.
LOCAL_RANK: 0 - CUDA_VISIBLE_DEVICES: [0]
[I 2023-11-29 23:25:53,041] Trial 6 finished with value: 532.2446899414062 and parameters: {'gradient_clip_val': 0.17822836363233127, 'hidden_size': 40, 'dropout': 0.2201839577702625, 'hidden_continuous_size': 38, 'attention_head_size': 4, 'learning_rate': 0.0013904197385952025}. Best is trial 5 with value: 283.3415222167969.
LOCAL_RANK: 0 - CUDA_VISIBLE_DEVICES: [0]
[I 2023-11-29 23:26:05,763] Trial 7 finished with value: 321.7283935546875 and parameters: {'gradient_clip_val': 0.3462991454882006, 'hidden_size': 22, 'dropout': 0.12682088352673904, 'hidden_continuous_size': 17, 'attention_head_size': 4, 'learning_rate': 0.05532196935912021}. Best is trial 5 with value: 283.3415222167969.
LOCAL_RANK: 0 - CUDA_VISIBLE_DEVICES: [0]
[I 2023-11-29 23:26:19,580] Trial 8 finished with value: 262.4222106933594 and parameters: {'gradient_clip_val': 0.2542820755887301, 'hidden_size': 89, 'dropout': 0.35815022061209656, 'hidden_continuous_size': 25, 'attention_head_size': 2, 'learning_rate': 0.01681835354400405}. Best is trial 8 with value: 262.4222106933594.
LOCAL_RANK: 0 - CUDA_VISIBLE_DEVICES: [0]
[I 2023-11-29 23:26:32,302] Trial 9 finished with value: 287.52392578125 and parameters: {'gradient_clip_val': 0.3765315913547322, 'hidden_size': 42, 'dropout': 0.325450754720155, 'hidden_continuous_size': 15, 'attention_head_size': 1, 'learning_rate': 0.018892255521721173}. Best is trial 8 with value: 262.4222106933594.
LOCAL_RANK: 0 - CUDA_VISIBLE_DEVICES: [0]
[I 2023-11-29 23:26:46,924] Trial 10 finished with value: 349.3919677734375 and parameters: {'gradient_clip_val': 0.10733962395967166, 'hidden_size': 133, 'dropout': 0.28541892837420185, 'hidden_continuous_size': 73, 'attention_head_size': 2, 'learning_rate': 0.07210639877307103}. Best is trial 8 with value: 262.4222106933594.
LOCAL_RANK: 0 - CUDA_VISIBLE_DEVICES: [0]
[I 2023-11-29 23:27:00,655] Trial 11 finished with value: 337.6930847167969 and parameters: {'gradient_clip_val': 0.4677932857584538, 'hidden_size': 81, 'dropout': 0.3393785693722902, 'hidden_continuous_size': 26, 'attention_head_size': 1, 'learning_rate': 0.035495967082842}. Best is trial 8 with value: 262.4222106933594.
LOCAL_RANK: 0 - CUDA_VISIBLE_DEVICES: [0]
[I 2023-11-29 23:27:11,529] Trial 12 finished with value: 248.5668487548828 and parameters: {'gradient_clip_val': 0.5765359067694376, 'hidden_size': 10, 'dropout': 0.33994838801254423, 'hidden_continuous_size': 10, 'attention_head_size': 2, 'learning_rate': 0.09815189106545553}. Best is trial 12 with value: 248.5668487548828.
LOCAL_RANK: 0 - CUDA_VISIBLE_DEVICES: [0]
[I 2023-11-29 23:27:21,921] Trial 13 finished with value: 271.843994140625 and parameters: {'gradient_clip_val': 0.5106552675708671, 'hidden_size': 10, 'dropout': 0.27984126609640664, 'hidden_continuous_size': 10, 'attention_head_size': 2, 'learning_rate': 0.09763384662019282}. Best is trial 12 with value: 248.5668487548828.
LOCAL_RANK: 0 - CUDA_VISIBLE_DEVICES: [0]
[I 2023-11-29 23:27:34,497] Trial 14 finished with value: 324.34136962890625 and parameters: {'gradient_clip_val': 0.2847326047243143, 'hidden_size': 26, 'dropout': 0.3357380050493144, 'hidden_continuous_size': 10, 'attention_head_size': 3, 'learning_rate': 0.01277176504819579}. Best is trial 12 with value: 248.5668487548828.
LOCAL_RANK: 0 - CUDA_VISIBLE_DEVICES: [0]
[I 2023-11-29 23:27:44,641] Trial 15 finished with value: 492.519287109375 and parameters: {'gradient_clip_val': 0.9716035831351221, 'hidden_size': 10, 'dropout': 0.28587177795043917, 'hidden_continuous_size': 10, 'attention_head_size': 2, 'learning_rate': 0.045866542079737276}. Best is trial 12 with value: 248.5668487548828.
LOCAL_RANK: 0 - CUDA_VISIBLE_DEVICES: [0]
[I 2023-11-29 23:27:58,328] Trial 16 finished with value: 305.0686950683594 and parameters: {'gradient_clip_val': 0.3168963442237666, 'hidden_size': 69, 'dropout': 0.36083279397739887, 'hidden_continuous_size': 23, 'attention_head_size': 3, 'learning_rate': 0.09233531199597098}. Best is trial 12 with value: 248.5668487548828.
LOCAL_RANK: 0 - CUDA_VISIBLE_DEVICES: [0]
[I 2023-11-29 23:28:12,976] Trial 17 finished with value: 346.4380798339844 and parameters: {'gradient_clip_val': 0.624973299466178, 'hidden_size': 147, 'dropout': 0.3231449461721971, 'hidden_continuous_size': 32, 'attention_head_size': 2, 'learning_rate': 0.060524678857127194}. Best is trial 12 with value: 248.5668487548828.
LOCAL_RANK: 0 - CUDA_VISIBLE_DEVICES: [0]
[I 2023-11-29 23:28:25,732] Trial 18 finished with value: 284.7587585449219 and parameters: {'gradient_clip_val': 0.370700573726263, 'hidden_size': 30, 'dropout': 0.39968813150334576, 'hidden_continuous_size': 14, 'attention_head_size': 3, 'learning_rate': 0.041817326866200474}. Best is trial 12 with value: 248.5668487548828.
LOCAL_RANK: 0 - CUDA_VISIBLE_DEVICES: [0]
[I 2023-11-29 23:28:37,926] Trial 19 finished with value: 322.6584777832031 and parameters: {'gradient_clip_val': 0.26572724160772293, 'hidden_size': 20, 'dropout': 0.35988598579202596, 'hidden_continuous_size': 11, 'attention_head_size': 2, 'learning_rate': 0.012280494193194755}. Best is trial 12 with value: 248.5668487548828.
LOCAL_RANK: 0 - CUDA_VISIBLE_DEVICES: [0]
[I 2023-11-29 23:28:50,517] Trial 20 finished with value: 278.6781311035156 and parameters: {'gradient_clip_val': 0.17298500658487112, 'hidden_size': 32, 'dropout': 0.24972825741699373, 'hidden_continuous_size': 14, 'attention_head_size': 3, 'learning_rate': 0.02424308406378603}. Best is trial 12 with value: 248.5668487548828.
LOCAL_RANK: 0 - CUDA_VISIBLE_DEVICES: [0]
