[I 2023-11-30 04:17:37,960] Trial 94 finished with value: 0.16793470084667206 and parameters: {'gradient_clip_val': 0.2979713509606176, 'hidden_size': 47, 'dropout': 0.12787776746828874, 'hidden_continuous_size': 30, 'attention_head_size': 1, 'learning_rate': 0.0699123833553282}. Best is trial 57 with value: 0.06752621382474899.
LOCAL_RANK: 0 - CUDA_VISIBLE_DEVICES: [0]
[I 2023-11-30 04:17:51,620] Trial 95 finished with value: 0.12772439420223236 and parameters: {'gradient_clip_val': 0.23037915699634023, 'hidden_size': 65, 'dropout': 0.18854528442604063, 'hidden_continuous_size': 27, 'attention_head_size': 1, 'learning_rate': 0.03927816582611311}. Best is trial 57 with value: 0.06752621382474899.
LOCAL_RANK: 0 - CUDA_VISIBLE_DEVICES: [0]
[I 2023-11-30 04:18:05,179] Trial 96 finished with value: 0.109640933573246 and parameters: {'gradient_clip_val': 0.281346316718284, 'hidden_size': 50, 'dropout': 0.1428003353431549, 'hidden_continuous_size': 34, 'attention_head_size': 1, 'learning_rate': 0.07836187358048834}. Best is trial 57 with value: 0.06752621382474899.
LOCAL_RANK: 0 - CUDA_VISIBLE_DEVICES: [0]
[I 2023-11-30 04:18:18,748] Trial 97 finished with value: 0.2724178731441498 and parameters: {'gradient_clip_val': 0.28225113480871705, 'hidden_size': 51, 'dropout': 0.1457483578314399, 'hidden_continuous_size': 38, 'attention_head_size': 2, 'learning_rate': 0.07651411247831667}. Best is trial 57 with value: 0.06752621382474899.
LOCAL_RANK: 0 - CUDA_VISIBLE_DEVICES: [0]
[I 2023-11-30 04:18:31,938] Trial 98 finished with value: 0.1651596575975418 and parameters: {'gradient_clip_val': 0.3167007402419769, 'hidden_size': 44, 'dropout': 0.1568052709124764, 'hidden_continuous_size': 34, 'attention_head_size': 1, 'learning_rate': 0.08397284767822125}. Best is trial 57 with value: 0.06752621382474899.
LOCAL_RANK: 0 - CUDA_VISIBLE_DEVICES: [0]
[I 2023-11-30 04:18:45,377] Trial 99 finished with value: 0.25351396203041077 and parameters: {'gradient_clip_val': 0.27260964323079423, 'hidden_size': 55, 'dropout': 0.16767622679658872, 'hidden_continuous_size': 36, 'attention_head_size': 2, 'learning_rate': 0.04712275223159474}. Best is trial 57 with value: 0.06752621382474899.
LOCAL_RANK: 0 - CUDA_VISIBLE_DEVICES: [0]
[I 2023-11-30 04:18:58,186] Trial 100 finished with value: 0.24223023653030396 and parameters: {'gradient_clip_val': 0.3031282286313813, 'hidden_size': 40, 'dropout': 0.18315116002673273, 'hidden_continuous_size': 28, 'attention_head_size': 1, 'learning_rate': 0.06078814706752753}. Best is trial 57 with value: 0.06752621382474899.
LOCAL_RANK: 0 - CUDA_VISIBLE_DEVICES: [0]
[I 2023-11-30 04:19:11,536] Trial 101 finished with value: 0.23033709824085236 and parameters: {'gradient_clip_val': 0.337955244719339, 'hidden_size': 46, 'dropout': 0.11834878787684767, 'hidden_continuous_size': 39, 'attention_head_size': 1, 'learning_rate': 0.06654896689489216}. Best is trial 57 with value: 0.06752621382474899.
LOCAL_RANK: 0 - CUDA_VISIBLE_DEVICES: [0]
[I 2023-11-30 04:19:25,132] Trial 102 finished with value: 0.0785328820347786 and parameters: {'gradient_clip_val': 0.643658693494026, 'hidden_size': 60, 'dropout': 0.14024009019082453, 'hidden_continuous_size': 40, 'attention_head_size': 1, 'learning_rate': 0.05506606893368114}. Best is trial 57 with value: 0.06752621382474899.
LOCAL_RANK: 0 - CUDA_VISIBLE_DEVICES: [0]
[I 2023-11-30 04:19:38,863] Trial 103 finished with value: 0.2000764161348343 and parameters: {'gradient_clip_val': 0.5940704742220225, 'hidden_size': 58, 'dropout': 0.1390424107799666, 'hidden_continuous_size': 42, 'attention_head_size': 1, 'learning_rate': 0.09129781435220244}. Best is trial 57 with value: 0.06752621382474899.
LOCAL_RANK: 0 - CUDA_VISIBLE_DEVICES: [0]
[I 2023-11-30 04:19:52,188] Trial 104 finished with value: 0.09631166607141495 and parameters: {'gradient_clip_val': 0.26088031046294496, 'hidden_size': 51, 'dropout': 0.15230614848861096, 'hidden_continuous_size': 35, 'attention_head_size': 1, 'learning_rate': 0.07735514549339557}. Best is trial 57 with value: 0.06752621382474899.
LOCAL_RANK: 0 - CUDA_VISIBLE_DEVICES: [0]
[I 2023-11-30 04:20:05,697] Trial 105 finished with value: 0.1083669662475586 and parameters: {'gradient_clip_val': 0.26011323020402416, 'hidden_size': 61, 'dropout': 0.13047031308083545, 'hidden_continuous_size': 37, 'attention_head_size': 1, 'learning_rate': 0.07634899549467775}. Best is trial 57 with value: 0.06752621382474899.
LOCAL_RANK: 0 - CUDA_VISIBLE_DEVICES: [0]
[I 2023-11-30 04:20:19,205] Trial 106 finished with value: 0.10170473903417587 and parameters: {'gradient_clip_val': 0.2579350667827765, 'hidden_size': 61, 'dropout': 0.14954210092126033, 'hidden_continuous_size': 33, 'attention_head_size': 1, 'learning_rate': 0.07754333981449643}. Best is trial 57 with value: 0.06752621382474899.
LOCAL_RANK: 0 - CUDA_VISIBLE_DEVICES: [0]
[I 2023-11-30 04:20:32,813] Trial 107 finished with value: 0.15928125381469727 and parameters: {'gradient_clip_val': 0.237167304224762, 'hidden_size': 62, 'dropout': 0.15126927955335606, 'hidden_continuous_size': 40, 'attention_head_size': 1, 'learning_rate': 0.05706133301609201}. Best is trial 57 with value: 0.06752621382474899.
LOCAL_RANK: 0 - CUDA_VISIBLE_DEVICES: [0]
[I 2023-11-30 04:20:46,603] Trial 108 finished with value: 0.16425850987434387 and parameters: {'gradient_clip_val': 0.2469452206265156, 'hidden_size': 69, 'dropout': 0.1609269665861893, 'hidden_continuous_size': 37, 'attention_head_size': 1, 'learning_rate': 0.04779125367378024}. Best is trial 57 with value: 0.06752621382474899.
LOCAL_RANK: 0 - CUDA_VISIBLE_DEVICES: [0]
[I 2023-11-30 04:21:00,163] Trial 109 finished with value: 0.18145616352558136 and parameters: {'gradient_clip_val': 0.2587181990742977, 'hidden_size': 59, 'dropout': 0.17160598811277877, 'hidden_continuous_size': 35, 'attention_head_size': 1, 'learning_rate': 0.07283987854550218}. Best is trial 57 with value: 0.06752621382474899.
LOCAL_RANK: 0 - CUDA_VISIBLE_DEVICES: [0]
[I 2023-11-30 04:21:13,827] Trial 110 finished with value: 0.215098574757576 and parameters: {'gradient_clip_val': 0.21483888334031712, 'hidden_size': 67, 'dropout': 0.1296637367725665, 'hidden_continuous_size': 41, 'attention_head_size': 1, 'learning_rate': 0.05776059972274094}. Best is trial 57 with value: 0.06752621382474899.
LOCAL_RANK: 0 - CUDA_VISIBLE_DEVICES: [0]
[I 2023-11-30 04:21:27,213] Trial 111 finished with value: 0.12479306012392044 and parameters: {'gradient_clip_val': 0.26807947705388346, 'hidden_size': 51, 'dropout': 0.14229885547664184, 'hidden_continuous_size': 33, 'attention_head_size': 1, 'learning_rate': 0.08108928111216179}. Best is trial 57 with value: 0.06752621382474899.
LOCAL_RANK: 0 - CUDA_VISIBLE_DEVICES: [0]
[I 2023-11-30 04:21:40,657] Trial 112 finished with value: 0.25586727261543274 and parameters: {'gradient_clip_val': 0.2878946186512591, 'hidden_size': 62, 'dropout': 0.14452231072219082, 'hidden_continuous_size': 38, 'attention_head_size': 1, 'learning_rate': 0.07941451967710839}. Best is trial 57 with value: 0.06752621382474899.
LOCAL_RANK: 0 - CUDA_VISIBLE_DEVICES: [0]
[I 2023-11-30 04:21:54,201] Trial 113 finished with value: 0.2384684681892395 and parameters: {'gradient_clip_val': 0.2549403755625013, 'hidden_size': 56, 'dropout': 0.1501876362921536, 'hidden_continuous_size': 35, 'attention_head_size': 1, 'learning_rate': 0.06352278190775429}. Best is trial 57 with value: 0.06752621382474899.
LOCAL_RANK: 0 - CUDA_VISIBLE_DEVICES: [0]
[I 2023-11-30 04:22:07,590] Trial 114 finished with value: 0.09508991241455078 and parameters: {'gradient_clip_val': 0.29588506536821707, 'hidden_size': 50, 'dropout': 0.13675553893949183, 'hidden_continuous_size': 33, 'attention_head_size': 1, 'learning_rate': 0.06855084558084822}. Best is trial 57 with value: 0.06752621382474899.
LOCAL_RANK: 0 - CUDA_VISIBLE_DEVICES: [0]
[I 2023-11-30 04:22:21,241] Trial 115 finished with value: 0.23739945888519287 and parameters: {'gradient_clip_val': 0.26666457582966563, 'hidden_size': 74, 'dropout': 0.1340640257363022, 'hidden_continuous_size': 31, 'attention_head_size': 1, 'learning_rate': 0.06863975285582798}. Best is trial 57 with value: 0.06752621382474899.
LOCAL_RANK: 0 - CUDA_VISIBLE_DEVICES: [0]
[I 2023-11-30 04:22:34,687] Trial 116 finished with value: 0.16527925431728363 and parameters: {'gradient_clip_val': 0.24522127864588003, 'hidden_size': 54, 'dropout': 0.1240174437248236, 'hidden_continuous_size': 33, 'attention_head_size': 1, 'learning_rate': 0.05364857637578969}. Best is trial 57 with value: 0.06752621382474899.
LOCAL_RANK: 0 - CUDA_VISIBLE_DEVICES: [0]
[I 2023-11-30 04:22:48,156] Trial 117 finished with value: 0.21461033821105957 and parameters: {'gradient_clip_val': 0.2950861964378174, 'hidden_size': 48, 'dropout': 0.10602792022631617, 'hidden_continuous_size': 36, 'attention_head_size': 4, 'learning_rate': 0.043056528306941004}. Best is trial 57 with value: 0.06752621382474899.
LOCAL_RANK: 0 - CUDA_VISIBLE_DEVICES: [0]
[I 2023-11-30 04:23:02,067] Trial 118 finished with value: 0.29559293389320374 and parameters: {'gradient_clip_val': 0.6478557509100954, 'hidden_size': 66, 'dropout': 0.15836194536928716, 'hidden_continuous_size': 38, 'attention_head_size': 1, 'learning_rate': 0.09520691380164858}. Best is trial 57 with value: 0.06752621382474899.
LOCAL_RANK: 0 - CUDA_VISIBLE_DEVICES: [0]
[I 2023-11-30 04:23:15,677] Trial 119 finished with value: 0.16507591307163239 and parameters: {'gradient_clip_val': 0.3231293119052555, 'hidden_size': 61, 'dropout': 0.12140485348380302, 'hidden_continuous_size': 43, 'attention_head_size': 1, 'learning_rate': 0.0351406686898892}. Best is trial 57 with value: 0.06752621382474899.
LOCAL_RANK: 0 - CUDA_VISIBLE_DEVICES: [0]
[I 2023-11-30 04:23:29,417] Trial 120 finished with value: 0.24968509376049042 and parameters: {'gradient_clip_val': 0.22953884129293253, 'hidden_size': 71, 'dropout': 0.13670991124162957, 'hidden_continuous_size': 30, 'attention_head_size': 3, 'learning_rate': 0.06308347776889264}. Best is trial 57 with value: 0.06752621382474899.
LOCAL_RANK: 0 - CUDA_VISIBLE_DEVICES: [0]
[I 2023-11-30 04:23:42,822] Trial 121 finished with value: 0.1694183498620987 and parameters: {'gradient_clip_val': 0.2775905566160699, 'hidden_size': 49, 'dropout': 0.14719867610794068, 'hidden_continuous_size': 34, 'attention_head_size': 1, 'learning_rate': 0.076686436440882}. Best is trial 57 with value: 0.06752621382474899.
LOCAL_RANK: 0 - CUDA_VISIBLE_DEVICES: [0]
[I 2023-11-30 04:23:56,224] Trial 122 finished with value: 0.1858159452676773 and parameters: {'gradient_clip_val': 0.28562325494627877, 'hidden_size': 51, 'dropout': 0.13936556507988007, 'hidden_continuous_size': 37, 'attention_head_size': 1, 'learning_rate': 0.07142764854754159}. Best is trial 57 with value: 0.06752621382474899.
LOCAL_RANK: 0 - CUDA_VISIBLE_DEVICES: [0]
[I 2023-11-30 04:24:09,887] Trial 123 finished with value: 0.20915503799915314 and parameters: {'gradient_clip_val': 0.3086510789070872, 'hidden_size': 57, 'dropout': 0.16438630600730525, 'hidden_continuous_size': 32, 'attention_head_size': 1, 'learning_rate': 0.08568624633188249}. Best is trial 57 with value: 0.06752621382474899.
LOCAL_RANK: 0 - CUDA_VISIBLE_DEVICES: [0]
[I 2023-11-30 04:24:23,134] Trial 124 finished with value: 0.1371244341135025 and parameters: {'gradient_clip_val': 0.2538982178831596, 'hidden_size': 45, 'dropout': 0.15539818343723832, 'hidden_continuous_size': 35, 'attention_head_size': 1, 'learning_rate': 0.060556026859863}. Best is trial 57 with value: 0.06752621382474899.
LOCAL_RANK: 0 - CUDA_VISIBLE_DEVICES: [0]
[I 2023-11-30 04:24:36,370] Trial 125 finished with value: 0.20655278861522675 and parameters: {'gradient_clip_val': 0.2685169992684548, 'hidden_size': 54, 'dropout': 0.13040209043823114, 'hidden_continuous_size': 32, 'attention_head_size': 1, 'learning_rate': 0.05221002988419037}. Best is trial 57 with value: 0.06752621382474899.
LOCAL_RANK: 0 - CUDA_VISIBLE_DEVICES: [0]
[I 2023-11-30 04:24:49,814] Trial 126 finished with value: 0.10013238340616226 and parameters: {'gradient_clip_val': 0.3032612257084016, 'hidden_size': 64, 'dropout': 0.1788715171981572, 'hidden_continuous_size': 39, 'attention_head_size': 1, 'learning_rate': 0.09970520358781064}. Best is trial 57 with value: 0.06752621382474899.
LOCAL_RANK: 0 - CUDA_VISIBLE_DEVICES: [0]
[I 2023-11-30 04:25:03,510] Trial 127 finished with value: 0.16277076303958893 and parameters: {'gradient_clip_val': 0.30111827423159404, 'hidden_size': 65, 'dropout': 0.17757117173174566, 'hidden_continuous_size': 44, 'attention_head_size': 1, 'learning_rate': 0.09476255311724141}. Best is trial 57 with value: 0.06752621382474899.
LOCAL_RANK: 0 - CUDA_VISIBLE_DEVICES: [0]
[I 2023-11-30 04:25:17,398] Trial 128 finished with value: 0.30591365694999695 and parameters: {'gradient_clip_val': 0.33214742696504185, 'hidden_size': 59, 'dropout': 0.17296402649462372, 'hidden_continuous_size': 40, 'attention_head_size': 2, 'learning_rate': 0.09882968000437115}. Best is trial 57 with value: 0.06752621382474899.
LOCAL_RANK: 0 - CUDA_VISIBLE_DEVICES: [0]
[I 2023-11-30 04:25:31,059] Trial 129 finished with value: 0.2826446294784546 and parameters: {'gradient_clip_val': 0.6122279689689699, 'hidden_size': 80, 'dropout': 0.11802567845067818, 'hidden_continuous_size': 42, 'attention_head_size': 1, 'learning_rate': 0.07097296156618509}. Best is trial 57 with value: 0.06752621382474899.
LOCAL_RANK: 0 - CUDA_VISIBLE_DEVICES: [0]
[I 2023-11-30 04:25:44,785] Trial 130 finished with value: 0.13363122940063477 and parameters: {'gradient_clip_val': 0.3190258114451556, 'hidden_size': 72, 'dropout': 0.16093536392693555, 'hidden_continuous_size': 46, 'attention_head_size': 1, 'learning_rate': 0.0466969997538958}. Best is trial 57 with value: 0.06752621382474899.
LOCAL_RANK: 0 - CUDA_VISIBLE_DEVICES: [0]
[I 2023-11-30 04:25:58,337] Trial 131 finished with value: 0.19995415210723877 and parameters: {'gradient_clip_val': 0.27901676568801964, 'hidden_size': 63, 'dropout': 0.1502458841667556, 'hidden_continuous_size': 39, 'attention_head_size': 1, 'learning_rate': 0.07734422825781524}. Best is trial 57 with value: 0.06752621382474899.
LOCAL_RANK: 0 - CUDA_VISIBLE_DEVICES: [0]
[I 2023-11-30 04:26:11,859] Trial 132 finished with value: 0.10690223425626755 and parameters: {'gradient_clip_val': 0.2937770372584817, 'hidden_size': 53, 'dropout': 0.18191434206147994, 'hidden_continuous_size': 36, 'attention_head_size': 1, 'learning_rate': 0.08030635102394237}. Best is trial 57 with value: 0.06752621382474899.
LOCAL_RANK: 0 - CUDA_VISIBLE_DEVICES: [0]
[I 2023-11-30 04:26:25,486] Trial 133 finished with value: 0.19468159973621368 and parameters: {'gradient_clip_val': 0.3007191840435794, 'hidden_size': 59, 'dropout': 0.1946915144762754, 'hidden_continuous_size': 38, 'attention_head_size': 1, 'learning_rate': 0.08548681622553432}. Best is trial 57 with value: 0.06752621382474899.
LOCAL_RANK: 0 - CUDA_VISIBLE_DEVICES: [0]
[I 2023-11-30 04:26:38,956] Trial 134 finished with value: 0.14729031920433044 and parameters: {'gradient_clip_val': 0.26562954910491815, 'hidden_size': 54, 'dropout': 0.16810749926987736, 'hidden_continuous_size': 36, 'attention_head_size': 1, 'learning_rate': 0.06729012264891937}. Best is trial 57 with value: 0.06752621382474899.
LOCAL_RANK: 0 - CUDA_VISIBLE_DEVICES: [0]
[I 2023-11-30 04:26:52,086] Trial 135 finished with value: 0.1742236167192459 and parameters: {'gradient_clip_val': 0.2884992352529247, 'hidden_size': 43, 'dropout': 0.18224100076296945, 'hidden_continuous_size': 33, 'attention_head_size': 1, 'learning_rate': 0.09094490350790346}. Best is trial 57 with value: 0.06752621382474899.
LOCAL_RANK: 0 - CUDA_VISIBLE_DEVICES: [0]
[I 2023-11-30 04:27:05,787] Trial 136 finished with value: 0.11334041506052017 and parameters: {'gradient_clip_val': 0.2365648561242703, 'hidden_size': 67, 'dropout': 0.1792726806922029, 'hidden_continuous_size': 30, 'attention_head_size': 2, 'learning_rate': 0.058134965813330684}. Best is trial 57 with value: 0.06752621382474899.
LOCAL_RANK: 0 - CUDA_VISIBLE_DEVICES: [0]
[I 2023-11-30 04:27:19,236] Trial 137 finished with value: 0.1374444216489792 and parameters: {'gradient_clip_val': 0.2547395275184269, 'hidden_size': 52, 'dropout': 0.1877467423076894, 'hidden_continuous_size': 41, 'attention_head_size': 1, 'learning_rate': 0.07336275829811198}. Best is trial 57 with value: 0.06752621382474899.
LOCAL_RANK: 0 - CUDA_VISIBLE_DEVICES: [0]
[I 2023-11-30 04:27:32,795] Trial 138 finished with value: 0.14466112852096558 and parameters: {'gradient_clip_val': 0.6761622494273689, 'hidden_size': 47, 'dropout': 0.11330934715071556, 'hidden_continuous_size': 37, 'attention_head_size': 2, 'learning_rate': 0.0648627293986821}. Best is trial 57 with value: 0.06752621382474899.
LOCAL_RANK: 0 - CUDA_VISIBLE_DEVICES: [0]
[I 2023-11-30 04:27:46,671] Trial 139 finished with value: 0.11291245371103287 and parameters: {'gradient_clip_val': 0.7128082368487211, 'hidden_size': 76, 'dropout': 0.20245132572850486, 'hidden_continuous_size': 43, 'attention_head_size': 3, 'learning_rate': 0.05375902758679039}. Best is trial 57 with value: 0.06752621382474899.
LOCAL_RANK: 0 - CUDA_VISIBLE_DEVICES: [0]
[I 2023-11-30 04:28:00,246] Trial 140 finished with value: 0.0844816267490387 and parameters: {'gradient_clip_val': 0.3468875002562961, 'hidden_size': 57, 'dropout': 0.173311507455115, 'hidden_continuous_size': 35, 'attention_head_size': 1, 'learning_rate': 0.08331193795693631}. Best is trial 57 with value: 0.06752621382474899.
LOCAL_RANK: 0 - CUDA_VISIBLE_DEVICES: [0]
[I 2023-11-30 04:28:13,712] Trial 141 finished with value: 0.09707694500684738 and parameters: {'gradient_clip_val': 0.3467198802043656, 'hidden_size': 56, 'dropout': 0.17391016045537563, 'hidden_continuous_size': 35, 'attention_head_size': 1, 'learning_rate': 0.07772053134509542}. Best is trial 57 with value: 0.06752621382474899.
LOCAL_RANK: 0 - CUDA_VISIBLE_DEVICES: [0]
[I 2023-11-30 04:28:27,283] Trial 142 finished with value: 0.1745309829711914 and parameters: {'gradient_clip_val': 0.37266198872823536, 'hidden_size': 61, 'dropout': 0.17072867498485186, 'hidden_continuous_size': 35, 'attention_head_size': 1, 'learning_rate': 0.08252834067719246}. Best is trial 57 with value: 0.06752621382474899.
LOCAL_RANK: 0 - CUDA_VISIBLE_DEVICES: [0]
[I 2023-11-30 04:28:40,959] Trial 143 finished with value: 0.19064177572727203 and parameters: {'gradient_clip_val': 0.318575783774679, 'hidden_size': 57, 'dropout': 0.17587336658133015, 'hidden_continuous_size': 36, 'attention_head_size': 1, 'learning_rate': 0.08756257800280987}. Best is trial 57 with value: 0.06752621382474899.
LOCAL_RANK: 0 - CUDA_VISIBLE_DEVICES: [0]
[I 2023-11-30 04:28:54,496] Trial 144 finished with value: 0.14277294278144836 and parameters: {'gradient_clip_val': 0.351583033921524, 'hidden_size': 64, 'dropout': 0.1634783681344294, 'hidden_continuous_size': 34, 'attention_head_size': 1, 'learning_rate': 0.09916440463232569}. Best is trial 57 with value: 0.06752621382474899.
LOCAL_RANK: 0 - CUDA_VISIBLE_DEVICES: [0]
[I 2023-11-30 04:29:08,057] Trial 145 finished with value: 0.17098622024059296 and parameters: {'gradient_clip_val': 0.3085249651812719, 'hidden_size': 70, 'dropout': 0.19165839293403647, 'hidden_continuous_size': 32, 'attention_head_size': 1, 'learning_rate': 0.08246823929321624}. Best is trial 57 with value: 0.06752621382474899.
LOCAL_RANK: 0 - CUDA_VISIBLE_DEVICES: [0]
[I 2023-11-30 04:29:21,584] Trial 146 finished with value: 0.20122511684894562 and parameters: {'gradient_clip_val': 0.32839552969646196, 'hidden_size': 53, 'dropout': 0.15336313931235765, 'hidden_continuous_size': 38, 'attention_head_size': 1, 'learning_rate': 0.07596747842800826}. Best is trial 57 with value: 0.06752621382474899.
LOCAL_RANK: 0 - CUDA_VISIBLE_DEVICES: [0]
[I 2023-11-30 04:29:35,138] Trial 147 finished with value: 0.26003414392471313 and parameters: {'gradient_clip_val': 0.2877801861556799, 'hidden_size': 49, 'dropout': 0.18402892607051088, 'hidden_continuous_size': 37, 'attention_head_size': 1, 'learning_rate': 0.0614017694981712}. Best is trial 57 with value: 0.06752621382474899.
LOCAL_RANK: 0 - CUDA_VISIBLE_DEVICES: [0]
[I 2023-11-30 04:29:48,872] Trial 148 finished with value: 0.30161818861961365 and parameters: {'gradient_clip_val': 0.44325060792967746, 'hidden_size': 61, 'dropout': 0.15909095129595932, 'hidden_continuous_size': 34, 'attention_head_size': 1, 'learning_rate': 0.06887385950697006}. Best is trial 57 with value: 0.06752621382474899.
LOCAL_RANK: 0 - CUDA_VISIBLE_DEVICES: [0]
[I 2023-11-30 04:30:02,002] Trial 149 finished with value: 0.16831518709659576 and parameters: {'gradient_clip_val': 0.36677557439943914, 'hidden_size': 38, 'dropout': 0.1706960610821076, 'hidden_continuous_size': 35, 'attention_head_size': 1, 'learning_rate': 0.0909355099182546}. Best is trial 57 with value: 0.06752621382474899.
[I 2023-11-30 04:30:02,116] A new study created in memory with name: no-name-c71f20e6-d924-49dd-82db-e229668c51b0
/home/le004/conda/anaconda3/envs/tsff_env/lib/python3.9/site-packages/lightning/fabric/plugins/environments/slurm.py:191: The `srun` command is available on your system but is not used. HINT: If your intention is to run Lightning on SLURM, prepend your python command with `srun` like so: srun python /home/le004/master_thesis/git/TSFusionForecast/code/ ...
LOCAL_RANK: 0 - CUDA_VISIBLE_DEVICES: [0]
[I 2023-11-30 04:30:15,914] Trial 0 finished with value: 0.17351508140563965 and parameters: {'gradient_clip_val': 0.4234041704867216, 'hidden_size': 62, 'dropout': 0.2256750542504938, 'hidden_continuous_size': 44, 'attention_head_size': 4, 'learning_rate': 0.06833551115984463}. Best is trial 0 with value: 0.17351508140563965.
LOCAL_RANK: 0 - CUDA_VISIBLE_DEVICES: [0]
