[I 2023-11-30 13:33:15,268] Trial 120 finished with value: 0.17540007829666138 and parameters: {'gradient_clip_val': 0.5581612612221195, 'hidden_size': 66, 'dropout': 0.2984534795558839, 'hidden_continuous_size': 39, 'attention_head_size': 3, 'learning_rate': 0.041956414874800986}. Best is trial 24 with value: 0.07128935307264328.
LOCAL_RANK: 0 - CUDA_VISIBLE_DEVICES: [0]
[I 2023-11-30 13:33:29,103] Trial 121 finished with value: 0.13398447632789612 and parameters: {'gradient_clip_val': 0.6320505917637783, 'hidden_size': 69, 'dropout': 0.2736027295159636, 'hidden_continuous_size': 37, 'attention_head_size': 2, 'learning_rate': 0.038511228043684065}. Best is trial 24 with value: 0.07128935307264328.
LOCAL_RANK: 0 - CUDA_VISIBLE_DEVICES: [0]
[I 2023-11-30 13:33:44,064] Trial 122 finished with value: 0.1173396110534668 and parameters: {'gradient_clip_val': 0.6461900252934346, 'hidden_size': 75, 'dropout': 0.32135399721597985, 'hidden_continuous_size': 42, 'attention_head_size': 2, 'learning_rate': 0.04800104483119958}. Best is trial 24 with value: 0.07128935307264328.
LOCAL_RANK: 0 - CUDA_VISIBLE_DEVICES: [0]
[I 2023-11-30 13:33:59,453] Trial 123 finished with value: 0.20044784247875214 and parameters: {'gradient_clip_val': 0.49856003653398356, 'hidden_size': 62, 'dropout': 0.30371984386489587, 'hidden_continuous_size': 35, 'attention_head_size': 2, 'learning_rate': 0.030898882754947482}. Best is trial 24 with value: 0.07128935307264328.
LOCAL_RANK: 0 - CUDA_VISIBLE_DEVICES: [0]
[I 2023-11-30 13:34:14,710] Trial 124 finished with value: 0.2107328176498413 and parameters: {'gradient_clip_val': 0.5953681247671864, 'hidden_size': 81, 'dropout': 0.29242022027090936, 'hidden_continuous_size': 29, 'attention_head_size': 2, 'learning_rate': 0.054925323831063966}. Best is trial 24 with value: 0.07128935307264328.
LOCAL_RANK: 0 - CUDA_VISIBLE_DEVICES: [0]
[I 2023-11-30 13:34:29,834] Trial 125 finished with value: 0.14665453135967255 and parameters: {'gradient_clip_val': 0.6941416758681879, 'hidden_size': 55, 'dropout': 0.34293841719614737, 'hidden_continuous_size': 32, 'attention_head_size': 3, 'learning_rate': 0.03452447290605284}. Best is trial 24 with value: 0.07128935307264328.
LOCAL_RANK: 0 - CUDA_VISIBLE_DEVICES: [0]
[I 2023-11-30 13:34:45,115] Trial 126 finished with value: 0.12183455377817154 and parameters: {'gradient_clip_val': 0.5584432587000796, 'hidden_size': 66, 'dropout': 0.3145076527159667, 'hidden_continuous_size': 38, 'attention_head_size': 2, 'learning_rate': 0.0185703010463145}. Best is trial 24 with value: 0.07128935307264328.
LOCAL_RANK: 0 - CUDA_VISIBLE_DEVICES: [0]
[I 2023-11-30 13:35:01,081] Trial 127 finished with value: 0.13328632712364197 and parameters: {'gradient_clip_val': 0.7440057221026848, 'hidden_size': 71, 'dropout': 0.2822928710329064, 'hidden_continuous_size': 40, 'attention_head_size': 3, 'learning_rate': 0.06199248576350499}. Best is trial 24 with value: 0.07128935307264328.
LOCAL_RANK: 0 - CUDA_VISIBLE_DEVICES: [0]
[I 2023-11-30 13:35:15,971] Trial 128 finished with value: 0.1317095309495926 and parameters: {'gradient_clip_val': 0.5282214957541146, 'hidden_size': 49, 'dropout': 0.3287921844709718, 'hidden_continuous_size': 36, 'attention_head_size': 1, 'learning_rate': 0.042360130299441405}. Best is trial 24 with value: 0.07128935307264328.
LOCAL_RANK: 0 - CUDA_VISIBLE_DEVICES: [0]
[I 2023-11-30 13:35:31,232] Trial 129 finished with value: 0.18015789985656738 and parameters: {'gradient_clip_val': 0.665522228434902, 'hidden_size': 76, 'dropout': 0.30878346746672514, 'hidden_continuous_size': 33, 'attention_head_size': 2, 'learning_rate': 0.07597124689034693}. Best is trial 24 with value: 0.07128935307264328.
LOCAL_RANK: 0 - CUDA_VISIBLE_DEVICES: [0]
[I 2023-11-30 13:35:47,036] Trial 130 finished with value: 0.12562379240989685 and parameters: {'gradient_clip_val': 0.4797987822917443, 'hidden_size': 110, 'dropout': 0.2975096643379405, 'hidden_continuous_size': 51, 'attention_head_size': 3, 'learning_rate': 0.028122845359870682}. Best is trial 24 with value: 0.07128935307264328.
LOCAL_RANK: 0 - CUDA_VISIBLE_DEVICES: [0]
[I 2023-11-30 13:36:02,386] Trial 131 finished with value: 0.14757032692432404 and parameters: {'gradient_clip_val': 0.5819568743270555, 'hidden_size': 62, 'dropout': 0.306581167675004, 'hidden_continuous_size': 30, 'attention_head_size': 3, 'learning_rate': 0.06527417123649946}. Best is trial 24 with value: 0.07128935307264328.
LOCAL_RANK: 0 - CUDA_VISIBLE_DEVICES: [0]
[I 2023-11-30 13:36:18,145] Trial 132 finished with value: 0.11370647698640823 and parameters: {'gradient_clip_val': 0.5410183161166225, 'hidden_size': 54, 'dropout': 0.32281947878356443, 'hidden_continuous_size': 34, 'attention_head_size': 3, 'learning_rate': 0.09222582501202661}. Best is trial 24 with value: 0.07128935307264328.
LOCAL_RANK: 0 - CUDA_VISIBLE_DEVICES: [0]
[I 2023-11-30 13:36:33,708] Trial 133 finished with value: 0.13212434947490692 and parameters: {'gradient_clip_val': 0.6221206669004333, 'hidden_size': 59, 'dropout': 0.28789638018254576, 'hidden_continuous_size': 31, 'attention_head_size': 3, 'learning_rate': 0.07747313665186145}. Best is trial 24 with value: 0.07128935307264328.
LOCAL_RANK: 0 - CUDA_VISIBLE_DEVICES: [0]
[I 2023-11-30 13:36:49,633] Trial 134 finished with value: 0.16103984415531158 and parameters: {'gradient_clip_val': 0.5169518947314239, 'hidden_size': 68, 'dropout': 0.3016481512289151, 'hidden_continuous_size': 27, 'attention_head_size': 3, 'learning_rate': 0.04764880777050379}. Best is trial 24 with value: 0.07128935307264328.
LOCAL_RANK: 0 - CUDA_VISIBLE_DEVICES: [0]
[I 2023-11-30 13:37:04,885] Trial 135 finished with value: 0.15628235042095184 and parameters: {'gradient_clip_val': 0.5646481790760766, 'hidden_size': 64, 'dropout': 0.3198076097741137, 'hidden_continuous_size': 37, 'attention_head_size': 3, 'learning_rate': 0.05910908418349218}. Best is trial 24 with value: 0.07128935307264328.
LOCAL_RANK: 0 - CUDA_VISIBLE_DEVICES: [0]
[I 2023-11-30 13:37:20,594] Trial 136 finished with value: 0.13118834793567657 and parameters: {'gradient_clip_val': 0.4050489081065548, 'hidden_size': 79, 'dropout': 0.3156868945095544, 'hidden_continuous_size': 43, 'attention_head_size': 3, 'learning_rate': 0.05522614947667194}. Best is trial 24 with value: 0.07128935307264328.
LOCAL_RANK: 0 - CUDA_VISIBLE_DEVICES: [0]
[I 2023-11-30 13:37:35,728] Trial 137 finished with value: 0.13547050952911377 and parameters: {'gradient_clip_val': 0.6022663127947623, 'hidden_size': 88, 'dropout': 0.33262107439219757, 'hidden_continuous_size': 34, 'attention_head_size': 2, 'learning_rate': 0.023004230659483735}. Best is trial 24 with value: 0.07128935307264328.
LOCAL_RANK: 0 - CUDA_VISIBLE_DEVICES: [0]
[I 2023-11-30 13:37:50,585] Trial 138 finished with value: 0.16027259826660156 and parameters: {'gradient_clip_val': 0.5004992101962489, 'hidden_size': 73, 'dropout': 0.2962495603802311, 'hidden_continuous_size': 39, 'attention_head_size': 2, 'learning_rate': 0.06759295314880408}. Best is trial 24 with value: 0.07128935307264328.
LOCAL_RANK: 0 - CUDA_VISIBLE_DEVICES: [0]
[I 2023-11-30 13:38:06,238] Trial 139 finished with value: 0.11035173386335373 and parameters: {'gradient_clip_val': 0.4628200306806984, 'hidden_size': 56, 'dropout': 0.3082657802123642, 'hidden_continuous_size': 33, 'attention_head_size': 3, 'learning_rate': 0.036034621772469536}. Best is trial 24 with value: 0.07128935307264328.
LOCAL_RANK: 0 - CUDA_VISIBLE_DEVICES: [0]
[I 2023-11-30 13:38:21,322] Trial 140 finished with value: 0.26823580265045166 and parameters: {'gradient_clip_val': 0.6583669126570307, 'hidden_size': 60, 'dropout': 0.2692033980734374, 'hidden_continuous_size': 36, 'attention_head_size': 3, 'learning_rate': 0.05076075105424889}. Best is trial 24 with value: 0.07128935307264328.
LOCAL_RANK: 0 - CUDA_VISIBLE_DEVICES: [0]
[I 2023-11-30 13:38:35,959] Trial 141 finished with value: 0.2510392665863037 and parameters: {'gradient_clip_val': 0.5654554608186632, 'hidden_size': 68, 'dropout': 0.311650205580484, 'hidden_continuous_size': 37, 'attention_head_size': 1, 'learning_rate': 0.02647798840064901}. Best is trial 24 with value: 0.07128935307264328.
LOCAL_RANK: 0 - CUDA_VISIBLE_DEVICES: [0]
[I 2023-11-30 13:38:50,673] Trial 142 finished with value: 0.1493155062198639 and parameters: {'gradient_clip_val': 0.5434401802932355, 'hidden_size': 52, 'dropout': 0.32787019045984406, 'hidden_continuous_size': 32, 'attention_head_size': 1, 'learning_rate': 0.03967890413535841}. Best is trial 24 with value: 0.07128935307264328.
LOCAL_RANK: 0 - CUDA_VISIBLE_DEVICES: [0]
[I 2023-11-30 13:39:05,560] Trial 143 finished with value: 0.11424467712640762 and parameters: {'gradient_clip_val': 0.6238925201951079, 'hidden_size': 56, 'dropout': 0.33896388668318717, 'hidden_continuous_size': 35, 'attention_head_size': 3, 'learning_rate': 0.045491153748046465}. Best is trial 24 with value: 0.07128935307264328.
LOCAL_RANK: 0 - CUDA_VISIBLE_DEVICES: [0]
[I 2023-11-30 13:39:20,925] Trial 144 finished with value: 0.1508219689130783 and parameters: {'gradient_clip_val': 0.5887897754186913, 'hidden_size': 83, 'dropout': 0.302788987493609, 'hidden_continuous_size': 39, 'attention_head_size': 1, 'learning_rate': 0.03289890838734856}. Best is trial 24 with value: 0.07128935307264328.
LOCAL_RANK: 0 - CUDA_VISIBLE_DEVICES: [0]
[I 2023-11-30 13:39:35,772] Trial 145 finished with value: 0.16049392521381378 and parameters: {'gradient_clip_val': 0.5162905015378361, 'hidden_size': 47, 'dropout': 0.2910590875734622, 'hidden_continuous_size': 30, 'attention_head_size': 1, 'learning_rate': 0.03008222286889904}. Best is trial 24 with value: 0.07128935307264328.
LOCAL_RANK: 0 - CUDA_VISIBLE_DEVICES: [0]
[I 2023-11-30 13:39:50,751] Trial 146 finished with value: 0.16637690365314484 and parameters: {'gradient_clip_val': 0.5623465158641673, 'hidden_size': 75, 'dropout': 0.3154710225559828, 'hidden_continuous_size': 24, 'attention_head_size': 1, 'learning_rate': 0.03611257236811437}. Best is trial 24 with value: 0.07128935307264328.
LOCAL_RANK: 0 - CUDA_VISIBLE_DEVICES: [0]
[I 2023-11-30 13:40:06,565] Trial 147 finished with value: 0.4615122973918915 and parameters: {'gradient_clip_val': 0.6940941347382041, 'hidden_size': 64, 'dropout': 0.32395239509578844, 'hidden_continuous_size': 34, 'attention_head_size': 2, 'learning_rate': 0.006830016219075754}. Best is trial 24 with value: 0.07128935307264328.
LOCAL_RANK: 0 - CUDA_VISIBLE_DEVICES: [0]
[I 2023-11-30 13:40:21,900] Trial 148 finished with value: 0.16807182133197784 and parameters: {'gradient_clip_val': 0.48742689652373805, 'hidden_size': 71, 'dropout': 0.34662627655841693, 'hidden_continuous_size': 45, 'attention_head_size': 1, 'learning_rate': 0.021158400911356987}. Best is trial 24 with value: 0.07128935307264328.
LOCAL_RANK: 0 - CUDA_VISIBLE_DEVICES: [0]
[I 2023-11-30 13:40:36,589] Trial 149 finished with value: 0.13826249539852142 and parameters: {'gradient_clip_val': 0.645083945677734, 'hidden_size': 51, 'dropout': 0.3569298461245086, 'hidden_continuous_size': 20, 'attention_head_size': 3, 'learning_rate': 0.04248795893435104}. Best is trial 24 with value: 0.07128935307264328.
[I 2023-11-30 13:40:36,711] A new study created in memory with name: no-name-edaddaf2-ca7c-47fc-ba04-aafc0d8b31e1
/home/le004/conda/anaconda3/envs/tsff_env/lib/python3.9/site-packages/lightning/fabric/plugins/environments/slurm.py:191: The `srun` command is available on your system but is not used. HINT: If your intention is to run Lightning on SLURM, prepend your python command with `srun` like so: srun python /home/le004/master_thesis/git/TSFusionForecast/code/ ...
LOCAL_RANK: 0 - CUDA_VISIBLE_DEVICES: [0]
[I 2023-11-30 13:40:48,648] Trial 0 finished with value: 0.5516652464866638 and parameters: {'gradient_clip_val': 0.5969943826835279, 'hidden_size': 10, 'dropout': 0.13126022799184606, 'hidden_continuous_size': 10, 'attention_head_size': 3, 'learning_rate': 0.02838347188376074}. Best is trial 0 with value: 0.5516652464866638.
LOCAL_RANK: 0 - CUDA_VISIBLE_DEVICES: [0]
[I 2023-11-30 13:41:03,082] Trial 1 finished with value: 0.10423905402421951 and parameters: {'gradient_clip_val': 0.15126290541019466, 'hidden_size': 19, 'dropout': 0.3038175751370041, 'hidden_continuous_size': 14, 'attention_head_size': 4, 'learning_rate': 0.06381080141398557}. Best is trial 1 with value: 0.10423905402421951.
LOCAL_RANK: 0 - CUDA_VISIBLE_DEVICES: [0]
[I 2023-11-30 13:41:17,414] Trial 2 finished with value: 1.641278862953186 and parameters: {'gradient_clip_val': 0.10388325516218186, 'hidden_size': 31, 'dropout': 0.28062941846266504, 'hidden_continuous_size': 13, 'attention_head_size': 2, 'learning_rate': 0.0011421526283441961}. Best is trial 1 with value: 0.10423905402421951.
LOCAL_RANK: 0 - CUDA_VISIBLE_DEVICES: [0]
[I 2023-11-30 13:41:32,288] Trial 3 finished with value: 0.11418978124856949 and parameters: {'gradient_clip_val': 0.7375858608172583, 'hidden_size': 23, 'dropout': 0.39447626905826716, 'hidden_continuous_size': 19, 'attention_head_size': 3, 'learning_rate': 0.06075367820177057}. Best is trial 1 with value: 0.10423905402421951.
LOCAL_RANK: 0 - CUDA_VISIBLE_DEVICES: [0]
[I 2023-11-30 13:41:48,752] Trial 4 finished with value: 0.11003590375185013 and parameters: {'gradient_clip_val': 0.4041191146105805, 'hidden_size': 150, 'dropout': 0.2011801115139672, 'hidden_continuous_size': 38, 'attention_head_size': 2, 'learning_rate': 0.03691136379390213}. Best is trial 1 with value: 0.10423905402421951.
LOCAL_RANK: 0 - CUDA_VISIBLE_DEVICES: [0]
[I 2023-11-30 13:42:03,293] Trial 5 finished with value: 0.8016616702079773 and parameters: {'gradient_clip_val': 0.14470649810302938, 'hidden_size': 34, 'dropout': 0.3792390961772286, 'hidden_continuous_size': 14, 'attention_head_size': 3, 'learning_rate': 0.005381401296947052}. Best is trial 1 with value: 0.10423905402421951.
LOCAL_RANK: 0 - CUDA_VISIBLE_DEVICES: [0]
[I 2023-11-30 13:42:19,373] Trial 6 finished with value: 0.12058469653129578 and parameters: {'gradient_clip_val': 0.5083606777551609, 'hidden_size': 140, 'dropout': 0.11704936517552078, 'hidden_continuous_size': 27, 'attention_head_size': 4, 'learning_rate': 0.018873361310135922}. Best is trial 1 with value: 0.10423905402421951.
LOCAL_RANK: 0 - CUDA_VISIBLE_DEVICES: [0]
[I 2023-11-30 13:42:33,566] Trial 7 finished with value: 0.9305779337882996 and parameters: {'gradient_clip_val': 0.11295825173687224, 'hidden_size': 11, 'dropout': 0.33984791847031903, 'hidden_continuous_size': 10, 'attention_head_size': 3, 'learning_rate': 0.013568551393111493}. Best is trial 1 with value: 0.10423905402421951.
LOCAL_RANK: 0 - CUDA_VISIBLE_DEVICES: [0]
[I 2023-11-30 13:42:48,481] Trial 8 finished with value: 0.17157097160816193 and parameters: {'gradient_clip_val': 0.12543729831760125, 'hidden_size': 55, 'dropout': 0.11145886344285841, 'hidden_continuous_size': 10, 'attention_head_size': 2, 'learning_rate': 0.04153956581731089}. Best is trial 1 with value: 0.10423905402421951.
LOCAL_RANK: 0 - CUDA_VISIBLE_DEVICES: [0]
[I 2023-11-30 13:43:03,709] Trial 9 finished with value: 0.08594147115945816 and parameters: {'gradient_clip_val': 0.23439974437558322, 'hidden_size': 90, 'dropout': 0.3386513286854379, 'hidden_continuous_size': 27, 'attention_head_size': 3, 'learning_rate': 0.02898294842000416}. Best is trial 9 with value: 0.08594147115945816.
LOCAL_RANK: 0 - CUDA_VISIBLE_DEVICES: [0]
[I 2023-11-30 13:43:16,384] Trial 10 finished with value: 0.07754107564687729 and parameters: {'gradient_clip_val': 0.274772052054291, 'hidden_size': 71, 'dropout': 0.23825057306539846, 'hidden_continuous_size': 71, 'attention_head_size': 1, 'learning_rate': 0.08130276817520231}. Best is trial 10 with value: 0.07754107564687729.
LOCAL_RANK: 0 - CUDA_VISIBLE_DEVICES: [0]
[I 2023-11-30 13:43:31,874] Trial 11 finished with value: 0.09273367375135422 and parameters: {'gradient_clip_val': 0.2568224455385969, 'hidden_size': 74, 'dropout': 0.23920779487749624, 'hidden_continuous_size': 72, 'attention_head_size': 1, 'learning_rate': 0.09854963088769665}. Best is trial 10 with value: 0.07754107564687729.
LOCAL_RANK: 0 - CUDA_VISIBLE_DEVICES: [0]
[I 2023-11-30 13:43:47,879] Trial 12 finished with value: 0.09600454568862915 and parameters: {'gradient_clip_val': 0.24955652160683084, 'hidden_size': 78, 'dropout': 0.32394352016439293, 'hidden_continuous_size': 75, 'attention_head_size': 1, 'learning_rate': 0.08271687223814923}. Best is trial 10 with value: 0.07754107564687729.
LOCAL_RANK: 0 - CUDA_VISIBLE_DEVICES: [0]
[I 2023-11-30 13:44:03,224] Trial 13 finished with value: 0.11760073155164719 and parameters: {'gradient_clip_val': 0.3038991965868711, 'hidden_size': 91, 'dropout': 0.24903904380109268, 'hidden_continuous_size': 46, 'attention_head_size': 1, 'learning_rate': 0.021955849163006785}. Best is trial 10 with value: 0.07754107564687729.
LOCAL_RANK: 0 - CUDA_VISIBLE_DEVICES: [0]
[I 2023-11-30 13:44:17,755] Trial 14 finished with value: 0.11930259317159653 and parameters: {'gradient_clip_val': 0.9441572536964878, 'hidden_size': 50, 'dropout': 0.21065255645761005, 'hidden_continuous_size': 23, 'attention_head_size': 2, 'learning_rate': 0.04184280012891157}. Best is trial 10 with value: 0.07754107564687729.
LOCAL_RANK: 0 - CUDA_VISIBLE_DEVICES: [0]
[I 2023-11-30 13:44:34,393] Trial 15 finished with value: 0.11470401287078857 and parameters: {'gradient_clip_val': 0.19869003821498657, 'hidden_size': 102, 'dropout': 0.35487692047780206, 'hidden_continuous_size': 92, 'attention_head_size': 4, 'learning_rate': 0.007696087817886689}. Best is trial 10 with value: 0.07754107564687729.
LOCAL_RANK: 0 - CUDA_VISIBLE_DEVICES: [0]
[I 2023-11-30 13:44:49,432] Trial 16 finished with value: 0.10598178952932358 and parameters: {'gradient_clip_val': 0.37570603452667056, 'hidden_size': 55, 'dropout': 0.2820680013924149, 'hidden_continuous_size': 33, 'attention_head_size': 1, 'learning_rate': 0.055507552005123556}. Best is trial 10 with value: 0.07754107564687729.
LOCAL_RANK: 0 - CUDA_VISIBLE_DEVICES: [0]
[I 2023-11-30 13:45:05,522] Trial 17 finished with value: 0.08357050269842148 and parameters: {'gradient_clip_val': 0.19533619634157917, 'hidden_size': 113, 'dropout': 0.3612249274129343, 'hidden_continuous_size': 112, 'attention_head_size': 2, 'learning_rate': 0.09630506924248566}. Best is trial 10 with value: 0.07754107564687729.
LOCAL_RANK: 0 - CUDA_VISIBLE_DEVICES: [0]
[I 2023-11-30 13:45:20,525] Trial 18 finished with value: 0.1240808367729187 and parameters: {'gradient_clip_val': 0.18447873231516237, 'hidden_size': 64, 'dropout': 0.37316438293377074, 'hidden_continuous_size': 49, 'attention_head_size': 1, 'learning_rate': 0.0982967863419802}. Best is trial 10 with value: 0.07754107564687729.
LOCAL_RANK: 0 - CUDA_VISIBLE_DEVICES: [0]
[I 2023-11-30 13:45:36,862] Trial 19 finished with value: 0.1191079244017601 and parameters: {'gradient_clip_val': 0.32065754210746505, 'hidden_size': 112, 'dropout': 0.3159906250142757, 'hidden_continuous_size': 108, 'attention_head_size': 2, 'learning_rate': 0.05814358398735632}. Best is trial 10 with value: 0.07754107564687729.
LOCAL_RANK: 0 - CUDA_VISIBLE_DEVICES: [0]
[I 2023-11-30 13:45:52,799] Trial 20 finished with value: 0.09345831722021103 and parameters: {'gradient_clip_val': 0.1843809752070907, 'hidden_size': 121, 'dropout': 0.2857121126716297, 'hidden_continuous_size': 120, 'attention_head_size': 1, 'learning_rate': 0.09537358812879715}. Best is trial 10 with value: 0.07754107564687729.
LOCAL_RANK: 0 - CUDA_VISIBLE_DEVICES: [0]
[I 2023-11-30 13:46:08,712] Trial 21 finished with value: 0.08016081899404526 and parameters: {'gradient_clip_val': 0.23599681015102475, 'hidden_size': 89, 'dropout': 0.3480574962920941, 'hidden_continuous_size': 60, 'attention_head_size': 3, 'learning_rate': 0.030713358405203325}. Best is trial 10 with value: 0.07754107564687729.
LOCAL_RANK: 0 - CUDA_VISIBLE_DEVICES: [0]
[I 2023-11-30 13:46:24,524] Trial 22 finished with value: 0.10526520013809204 and parameters: {'gradient_clip_val': 0.19848848347780515, 'hidden_size': 104, 'dropout': 0.3686381372560406, 'hidden_continuous_size': 68, 'attention_head_size': 2, 'learning_rate': 0.04884362742709285}. Best is trial 10 with value: 0.07754107564687729.
LOCAL_RANK: 0 - CUDA_VISIBLE_DEVICES: [0]
[I 2023-11-30 13:46:40,342] Trial 23 finished with value: 0.06686706840991974 and parameters: {'gradient_clip_val': 0.27837571247479753, 'hidden_size': 71, 'dropout': 0.38911658572097685, 'hidden_continuous_size': 55, 'attention_head_size': 3, 'learning_rate': 0.06981625577727227}. Best is trial 23 with value: 0.06686706840991974.
LOCAL_RANK: 0 - CUDA_VISIBLE_DEVICES: [0]
[I 2023-11-30 13:46:55,660] Trial 24 finished with value: 0.1120990514755249 and parameters: {'gradient_clip_val': 0.28660840035886614, 'hidden_size': 72, 'dropout': 0.39533300075349287, 'hidden_continuous_size': 53, 'attention_head_size': 3, 'learning_rate': 0.032838701592550174}. Best is trial 23 with value: 0.06686706840991974.
LOCAL_RANK: 0 - CUDA_VISIBLE_DEVICES: [0]
[I 2023-11-30 13:47:10,604] Trial 25 finished with value: 0.08097482472658157 and parameters: {'gradient_clip_val': 0.35566425362427095, 'hidden_size': 43, 'dropout': 0.34135642939775607, 'hidden_continuous_size': 33, 'attention_head_size': 4, 'learning_rate': 0.06605997121912517}. Best is trial 23 with value: 0.06686706840991974.
LOCAL_RANK: 0 - CUDA_VISIBLE_DEVICES: [0]
[I 2023-11-30 13:47:25,840] Trial 26 finished with value: 0.13774727284908295 and parameters: {'gradient_clip_val': 0.4299784641457003, 'hidden_size': 65, 'dropout': 0.3992077743733782, 'hidden_continuous_size': 46, 'attention_head_size': 3, 'learning_rate': 0.04655950981860778}. Best is trial 23 with value: 0.06686706840991974.
LOCAL_RANK: 0 - CUDA_VISIBLE_DEVICES: [0]
