[I 2023-11-30 00:06:10,688] Trial 46 finished with value: 0.26163408160209656 and parameters: {'gradient_clip_val': 0.25646585035692104, 'hidden_size': 25, 'dropout': 0.3232916891592837, 'hidden_continuous_size': 22, 'attention_head_size': 3, 'learning_rate': 0.03855142734648531}. Best is trial 37 with value: 0.13887692987918854.
LOCAL_RANK: 0 - CUDA_VISIBLE_DEVICES: [0]
[I 2023-11-30 00:06:24,181] Trial 47 finished with value: 0.21156096458435059 and parameters: {'gradient_clip_val': 0.3677623175752366, 'hidden_size': 48, 'dropout': 0.11826872216305723, 'hidden_continuous_size': 38, 'attention_head_size': 4, 'learning_rate': 0.06104202740141706}. Best is trial 37 with value: 0.13887692987918854.
LOCAL_RANK: 0 - CUDA_VISIBLE_DEVICES: [0]
[I 2023-11-30 00:06:37,850] Trial 48 finished with value: 0.47231557965278625 and parameters: {'gradient_clip_val': 0.1961806179447464, 'hidden_size': 61, 'dropout': 0.2847599356375194, 'hidden_continuous_size': 45, 'attention_head_size': 3, 'learning_rate': 0.028523010173525362}. Best is trial 37 with value: 0.13887692987918854.
LOCAL_RANK: 0 - CUDA_VISIBLE_DEVICES: [0]
[I 2023-11-30 00:06:51,819] Trial 49 finished with value: 0.39818790555000305 and parameters: {'gradient_clip_val': 0.32199377878688257, 'hidden_size': 55, 'dropout': 0.15267617369015463, 'hidden_continuous_size': 40, 'attention_head_size': 3, 'learning_rate': 0.02427974280578062}. Best is trial 37 with value: 0.13887692987918854.
LOCAL_RANK: 0 - CUDA_VISIBLE_DEVICES: [0]
[I 2023-11-30 00:07:05,137] Trial 50 finished with value: 0.42493656277656555 and parameters: {'gradient_clip_val': 0.43282219088973334, 'hidden_size': 41, 'dropout': 0.2076627194864202, 'hidden_continuous_size': 34, 'attention_head_size': 4, 'learning_rate': 0.04664367214556335}. Best is trial 37 with value: 0.13887692987918854.
LOCAL_RANK: 0 - CUDA_VISIBLE_DEVICES: [0]
[I 2023-11-30 00:07:18,245] Trial 51 finished with value: 0.39451733231544495 and parameters: {'gradient_clip_val': 0.2796082220635379, 'hidden_size': 42, 'dropout': 0.28642225742424177, 'hidden_continuous_size': 33, 'attention_head_size': 3, 'learning_rate': 0.035428623852918686}. Best is trial 37 with value: 0.13887692987918854.
LOCAL_RANK: 0 - CUDA_VISIBLE_DEVICES: [0]
[I 2023-11-30 00:07:31,304] Trial 52 finished with value: 0.20995302498340607 and parameters: {'gradient_clip_val': 0.29620864678140346, 'hidden_size': 34, 'dropout': 0.27541884265377736, 'hidden_continuous_size': 28, 'attention_head_size': 3, 'learning_rate': 0.030388421956335065}. Best is trial 37 with value: 0.13887692987918854.
LOCAL_RANK: 0 - CUDA_VISIBLE_DEVICES: [0]
[I 2023-11-30 00:07:45,017] Trial 53 finished with value: 0.35305237770080566 and parameters: {'gradient_clip_val': 0.36888171180907303, 'hidden_size': 49, 'dropout': 0.30292832073896525, 'hidden_continuous_size': 37, 'attention_head_size': 3, 'learning_rate': 0.02709707413678936}. Best is trial 37 with value: 0.13887692987918854.
LOCAL_RANK: 0 - CUDA_VISIBLE_DEVICES: [0]
[I 2023-11-30 00:07:58,866] Trial 54 finished with value: 0.16217997670173645 and parameters: {'gradient_clip_val': 0.2592902704135426, 'hidden_size': 61, 'dropout': 0.24328123993363654, 'hidden_continuous_size': 35, 'attention_head_size': 3, 'learning_rate': 0.018902095844773467}. Best is trial 37 with value: 0.13887692987918854.
LOCAL_RANK: 0 - CUDA_VISIBLE_DEVICES: [0]
[I 2023-11-30 00:08:12,718] Trial 55 finished with value: 0.4237445890903473 and parameters: {'gradient_clip_val': 0.22719558150726213, 'hidden_size': 63, 'dropout': 0.22172389319199332, 'hidden_continuous_size': 45, 'attention_head_size': 3, 'learning_rate': 0.01860467596001301}. Best is trial 37 with value: 0.13887692987918854.
LOCAL_RANK: 0 - CUDA_VISIBLE_DEVICES: [0]
[I 2023-11-30 00:08:26,523] Trial 56 finished with value: 0.3871932923793793 and parameters: {'gradient_clip_val': 0.25264101478891, 'hidden_size': 58, 'dropout': 0.24081502307220115, 'hidden_continuous_size': 36, 'attention_head_size': 3, 'learning_rate': 0.01986613466908997}. Best is trial 37 with value: 0.13887692987918854.
LOCAL_RANK: 0 - CUDA_VISIBLE_DEVICES: [0]
[I 2023-11-30 00:08:40,569] Trial 57 finished with value: 0.31855282187461853 and parameters: {'gradient_clip_val': 0.18657362135605754, 'hidden_size': 72, 'dropout': 0.18385110371888294, 'hidden_continuous_size': 51, 'attention_head_size': 3, 'learning_rate': 0.025921488779943148}. Best is trial 37 with value: 0.13887692987918854.
LOCAL_RANK: 0 - CUDA_VISIBLE_DEVICES: [0]
[I 2023-11-30 00:08:54,775] Trial 58 finished with value: 0.45860615372657776 and parameters: {'gradient_clip_val': 0.33407974320279554, 'hidden_size': 85, 'dropout': 0.20028698517256024, 'hidden_continuous_size': 50, 'attention_head_size': 4, 'learning_rate': 0.042186239763596006}. Best is trial 37 with value: 0.13887692987918854.
LOCAL_RANK: 0 - CUDA_VISIBLE_DEVICES: [0]
[I 2023-11-30 00:09:08,700] Trial 59 finished with value: 0.24837584793567657 and parameters: {'gradient_clip_val': 0.37992680396953776, 'hidden_size': 67, 'dropout': 0.1634032788282832, 'hidden_continuous_size': 43, 'attention_head_size': 2, 'learning_rate': 0.023622808092727574}. Best is trial 37 with value: 0.13887692987918854.
LOCAL_RANK: 0 - CUDA_VISIBLE_DEVICES: [0]
[I 2023-11-30 00:09:22,429] Trial 60 finished with value: 0.3605581223964691 and parameters: {'gradient_clip_val': 0.42288212673619757, 'hidden_size': 50, 'dropout': 0.14749701996805958, 'hidden_continuous_size': 39, 'attention_head_size': 3, 'learning_rate': 0.014940594327740859}. Best is trial 37 with value: 0.13887692987918854.
LOCAL_RANK: 0 - CUDA_VISIBLE_DEVICES: [0]
[I 2023-11-30 00:09:36,144] Trial 61 finished with value: 0.2281489372253418 and parameters: {'gradient_clip_val': 0.2720660152390613, 'hidden_size': 53, 'dropout': 0.17471731702598983, 'hidden_continuous_size': 35, 'attention_head_size': 3, 'learning_rate': 0.032926274816243245}. Best is trial 37 with value: 0.13887692987918854.
LOCAL_RANK: 0 - CUDA_VISIBLE_DEVICES: [0]
[I 2023-11-30 00:09:49,489] Trial 62 finished with value: 0.1543435901403427 and parameters: {'gradient_clip_val': 0.3115289885590542, 'hidden_size': 45, 'dropout': 0.2939920078152675, 'hidden_continuous_size': 32, 'attention_head_size': 3, 'learning_rate': 0.03009447226689469}. Best is trial 37 with value: 0.13887692987918854.
LOCAL_RANK: 0 - CUDA_VISIBLE_DEVICES: [0]
[I 2023-11-30 00:10:03,853] Trial 63 finished with value: 0.2622646987438202 and parameters: {'gradient_clip_val': 0.31483860033325667, 'hidden_size': 133, 'dropout': 0.11565523979462523, 'hidden_continuous_size': 28, 'attention_head_size': 3, 'learning_rate': 0.02004182491918262}. Best is trial 37 with value: 0.13887692987918854.
LOCAL_RANK: 0 - CUDA_VISIBLE_DEVICES: [0]
[I 2023-11-30 00:10:18,708] Trial 64 finished with value: 0.2765868306159973 and parameters: {'gradient_clip_val': 0.38897499910212996, 'hidden_size': 139, 'dropout': 0.29621633764096966, 'hidden_continuous_size': 56, 'attention_head_size': 3, 'learning_rate': 0.04785106421684682}. Best is trial 37 with value: 0.13887692987918854.
LOCAL_RANK: 0 - CUDA_VISIBLE_DEVICES: [0]
[I 2023-11-30 00:10:32,506] Trial 65 finished with value: 0.4649823009967804 and parameters: {'gradient_clip_val': 0.30386081427930284, 'hidden_size': 61, 'dropout': 0.2604261618606692, 'hidden_continuous_size': 40, 'attention_head_size': 3, 'learning_rate': 0.032086915794414424}. Best is trial 37 with value: 0.13887692987918854.
LOCAL_RANK: 0 - CUDA_VISIBLE_DEVICES: [0]
[I 2023-11-30 00:10:45,998] Trial 66 finished with value: 0.27714774012565613 and parameters: {'gradient_clip_val': 0.34007623008603965, 'hidden_size': 45, 'dropout': 0.18650260254214693, 'hidden_continuous_size': 37, 'attention_head_size': 2, 'learning_rate': 0.024789322501193208}. Best is trial 37 with value: 0.13887692987918854.
LOCAL_RANK: 0 - CUDA_VISIBLE_DEVICES: [0]
[I 2023-11-30 00:11:00,149] Trial 67 finished with value: 0.27220213413238525 and parameters: {'gradient_clip_val': 0.241748408977465, 'hidden_size': 104, 'dropout': 0.2436588706799209, 'hidden_continuous_size': 47, 'attention_head_size': 3, 'learning_rate': 0.03753137646260582}. Best is trial 37 with value: 0.13887692987918854.
LOCAL_RANK: 0 - CUDA_VISIBLE_DEVICES: [0]
[I 2023-11-30 00:11:13,722] Trial 68 finished with value: 0.5689529776573181 and parameters: {'gradient_clip_val': 0.27136291702569454, 'hidden_size': 52, 'dropout': 0.21104229102012828, 'hidden_continuous_size': 43, 'attention_head_size': 3, 'learning_rate': 0.016210526671148966}. Best is trial 37 with value: 0.13887692987918854.
LOCAL_RANK: 0 - CUDA_VISIBLE_DEVICES: [0]
[I 2023-11-30 00:11:28,388] Trial 69 finished with value: 0.15892748534679413 and parameters: {'gradient_clip_val': 0.3037243853121654, 'hidden_size': 138, 'dropout': 0.22889032910348753, 'hidden_continuous_size': 30, 'attention_head_size': 2, 'learning_rate': 0.0117549389600561}. Best is trial 37 with value: 0.13887692987918854.
LOCAL_RANK: 0 - CUDA_VISIBLE_DEVICES: [0]
[I 2023-11-30 00:11:42,573] Trial 70 finished with value: 0.2842746078968048 and parameters: {'gradient_clip_val': 0.3621168769987563, 'hidden_size': 115, 'dropout': 0.22366399301145534, 'hidden_continuous_size': 30, 'attention_head_size': 2, 'learning_rate': 0.011132813013132216}. Best is trial 37 with value: 0.13887692987918854.
LOCAL_RANK: 0 - CUDA_VISIBLE_DEVICES: [0]
[I 2023-11-30 00:11:56,858] Trial 71 finished with value: 0.6210790276527405 and parameters: {'gradient_clip_val': 0.2967403374447685, 'hidden_size': 139, 'dropout': 0.20392357149916387, 'hidden_continuous_size': 26, 'attention_head_size': 2, 'learning_rate': 0.02170632010810523}. Best is trial 37 with value: 0.13887692987918854.
LOCAL_RANK: 0 - CUDA_VISIBLE_DEVICES: [0]
[I 2023-11-30 00:12:11,357] Trial 72 finished with value: 0.2098292112350464 and parameters: {'gradient_clip_val': 0.32518430744318805, 'hidden_size': 150, 'dropout': 0.23072123436266284, 'hidden_continuous_size': 31, 'attention_head_size': 2, 'learning_rate': 0.019428998452506088}. Best is trial 37 with value: 0.13887692987918854.
LOCAL_RANK: 0 - CUDA_VISIBLE_DEVICES: [0]
[I 2023-11-30 00:12:25,679] Trial 73 finished with value: 0.21389909088611603 and parameters: {'gradient_clip_val': 0.4022755284377954, 'hidden_size': 106, 'dropout': 0.21627459296741008, 'hidden_continuous_size': 34, 'attention_head_size': 3, 'learning_rate': 0.03293564369038844}. Best is trial 37 with value: 0.13887692987918854.
LOCAL_RANK: 0 - CUDA_VISIBLE_DEVICES: [0]
[I 2023-11-30 00:12:40,075] Trial 74 finished with value: 0.42932555079460144 and parameters: {'gradient_clip_val': 0.33829718158471256, 'hidden_size': 130, 'dropout': 0.25338350065941256, 'hidden_continuous_size': 28, 'attention_head_size': 2, 'learning_rate': 0.01256438930943985}. Best is trial 37 with value: 0.13887692987918854.
LOCAL_RANK: 0 - CUDA_VISIBLE_DEVICES: [0]
[I 2023-11-30 00:12:54,322] Trial 75 finished with value: 0.2825976312160492 and parameters: {'gradient_clip_val': 0.2955064600924859, 'hidden_size': 117, 'dropout': 0.26413448956764174, 'hidden_continuous_size': 32, 'attention_head_size': 3, 'learning_rate': 0.0259093810836314}. Best is trial 37 with value: 0.13887692987918854.
LOCAL_RANK: 0 - CUDA_VISIBLE_DEVICES: [0]
[I 2023-11-30 00:13:08,555] Trial 76 finished with value: 0.5861473083496094 and parameters: {'gradient_clip_val': 0.6325045399497357, 'hidden_size': 93, 'dropout': 0.253831901780282, 'hidden_continuous_size': 35, 'attention_head_size': 3, 'learning_rate': 0.0525295790210163}. Best is trial 37 with value: 0.13887692987918854.
LOCAL_RANK: 0 - CUDA_VISIBLE_DEVICES: [0]
[I 2023-11-30 00:13:22,940] Trial 77 finished with value: 0.4487569332122803 and parameters: {'gradient_clip_val': 0.2653332800060805, 'hidden_size': 139, 'dropout': 0.24547888671918838, 'hidden_continuous_size': 58, 'attention_head_size': 2, 'learning_rate': 0.016541648577019348}. Best is trial 37 with value: 0.13887692987918854.
LOCAL_RANK: 0 - CUDA_VISIBLE_DEVICES: [0]
[I 2023-11-30 00:13:37,274] Trial 78 finished with value: 0.3189099133014679 and parameters: {'gradient_clip_val': 0.765071109730674, 'hidden_size': 124, 'dropout': 0.273482532566612, 'hidden_continuous_size': 53, 'attention_head_size': 3, 'learning_rate': 0.04129298801914736}. Best is trial 37 with value: 0.13887692987918854.
LOCAL_RANK: 0 - CUDA_VISIBLE_DEVICES: [0]
[I 2023-11-30 00:13:51,168] Trial 79 finished with value: 0.31652113795280457 and parameters: {'gradient_clip_val': 0.5297519387227287, 'hidden_size': 57, 'dropout': 0.2006650164462393, 'hidden_continuous_size': 39, 'attention_head_size': 3, 'learning_rate': 0.02770462405349883}. Best is trial 37 with value: 0.13887692987918854.
LOCAL_RANK: 0 - CUDA_VISIBLE_DEVICES: [0]
[I 2023-11-30 00:14:05,496] Trial 80 finished with value: 0.35813108086586 and parameters: {'gradient_clip_val': 0.35274901848792434, 'hidden_size': 117, 'dropout': 0.2318730553128163, 'hidden_continuous_size': 49, 'attention_head_size': 2, 'learning_rate': 0.02141294740763583}. Best is trial 37 with value: 0.13887692987918854.
LOCAL_RANK: 0 - CUDA_VISIBLE_DEVICES: [0]
[I 2023-11-30 00:14:19,026] Trial 81 finished with value: 0.27137652039527893 and parameters: {'gradient_clip_val': 0.2825077011970181, 'hidden_size': 47, 'dropout': 0.3204557984531368, 'hidden_continuous_size': 36, 'attention_head_size': 3, 'learning_rate': 0.032296187518144955}. Best is trial 37 with value: 0.13887692987918854.
LOCAL_RANK: 0 - CUDA_VISIBLE_DEVICES: [0]
[I 2023-11-30 00:14:32,233] Trial 82 finished with value: 0.3743712902069092 and parameters: {'gradient_clip_val': 0.31917205555530626, 'hidden_size': 44, 'dropout': 0.2807646460629057, 'hidden_continuous_size': 33, 'attention_head_size': 3, 'learning_rate': 0.04530316602172409}. Best is trial 37 with value: 0.13887692987918854.
LOCAL_RANK: 0 - CUDA_VISIBLE_DEVICES: [0]
[I 2023-11-30 00:14:45,945] Trial 83 finished with value: 0.24383993446826935 and parameters: {'gradient_clip_val': 0.26052363156671293, 'hidden_size': 51, 'dropout': 0.10022102027465646, 'hidden_continuous_size': 41, 'attention_head_size': 3, 'learning_rate': 0.029497680599740162}. Best is trial 37 with value: 0.13887692987918854.
LOCAL_RANK: 0 - CUDA_VISIBLE_DEVICES: [0]
[I 2023-11-30 00:14:59,219] Trial 84 finished with value: 0.17673571407794952 and parameters: {'gradient_clip_val': 0.2940740957184769, 'hidden_size': 39, 'dropout': 0.2664353205984335, 'hidden_continuous_size': 32, 'attention_head_size': 3, 'learning_rate': 0.03625548591249372}. Best is trial 37 with value: 0.13887692987918854.
LOCAL_RANK: 0 - CUDA_VISIBLE_DEVICES: [0]
[I 2023-11-30 00:15:12,984] Trial 85 finished with value: 0.2684701979160309 and parameters: {'gradient_clip_val': 0.28616609885152394, 'hidden_size': 77, 'dropout': 0.27001327040047335, 'hidden_continuous_size': 30, 'attention_head_size': 3, 'learning_rate': 0.03763575101445287}. Best is trial 37 with value: 0.13887692987918854.
LOCAL_RANK: 0 - CUDA_VISIBLE_DEVICES: [0]
[I 2023-11-30 00:15:26,126] Trial 86 finished with value: 0.2981374263763428 and parameters: {'gradient_clip_val': 0.30304571376854456, 'hidden_size': 37, 'dropout': 0.2622236302135859, 'hidden_continuous_size': 33, 'attention_head_size': 3, 'learning_rate': 0.03485133388878811}. Best is trial 37 with value: 0.13887692987918854.
LOCAL_RANK: 0 - CUDA_VISIBLE_DEVICES: [0]
[I 2023-11-30 00:15:40,231] Trial 87 finished with value: 0.19812338054180145 and parameters: {'gradient_clip_val': 0.3507252671022464, 'hidden_size': 89, 'dropout': 0.2509284109567826, 'hidden_continuous_size': 37, 'attention_head_size': 3, 'learning_rate': 0.02353132134675171}. Best is trial 37 with value: 0.13887692987918854.
LOCAL_RANK: 0 - CUDA_VISIBLE_DEVICES: [0]
[I 2023-11-30 00:15:54,530] Trial 88 finished with value: 0.3420233726501465 and parameters: {'gradient_clip_val': 0.24145035565164846, 'hidden_size': 109, 'dropout': 0.2939911635665642, 'hidden_continuous_size': 44, 'attention_head_size': 3, 'learning_rate': 0.039656530254815324}. Best is trial 37 with value: 0.13887692987918854.
LOCAL_RANK: 0 - CUDA_VISIBLE_DEVICES: [0]
[I 2023-11-30 00:16:07,912] Trial 89 finished with value: 0.2546401023864746 and parameters: {'gradient_clip_val': 0.3152984487570723, 'hidden_size': 39, 'dropout': 0.2380323717384748, 'hidden_continuous_size': 34, 'attention_head_size': 4, 'learning_rate': 0.02729236168855359}. Best is trial 37 with value: 0.13887692987918854.
LOCAL_RANK: 0 - CUDA_VISIBLE_DEVICES: [0]
[I 2023-11-30 00:16:21,744] Trial 90 finished with value: 0.237237811088562 and parameters: {'gradient_clip_val': 0.27026638875555886, 'hidden_size': 67, 'dropout': 0.27711561144483016, 'hidden_continuous_size': 42, 'attention_head_size': 3, 'learning_rate': 0.04858553687639674}. Best is trial 37 with value: 0.13887692987918854.
LOCAL_RANK: 0 - CUDA_VISIBLE_DEVICES: [0]
[I 2023-11-30 00:16:34,975] Trial 91 finished with value: 0.29120883345603943 and parameters: {'gradient_clip_val': 0.25429397681372773, 'hidden_size': 47, 'dropout': 0.29056696203427484, 'hidden_continuous_size': 31, 'attention_head_size': 3, 'learning_rate': 0.03098266057287998}. Best is trial 37 with value: 0.13887692987918854.
LOCAL_RANK: 0 - CUDA_VISIBLE_DEVICES: [0]
[I 2023-11-30 00:16:48,277] Trial 92 finished with value: 0.3007778227329254 and parameters: {'gradient_clip_val': 0.29559576158276596, 'hidden_size': 42, 'dropout': 0.28697049768435606, 'hidden_continuous_size': 36, 'attention_head_size': 3, 'learning_rate': 0.029612256817376233}. Best is trial 37 with value: 0.13887692987918854.
LOCAL_RANK: 0 - CUDA_VISIBLE_DEVICES: [0]
[I 2023-11-30 00:17:01,358] Trial 93 finished with value: 0.2679581940174103 and parameters: {'gradient_clip_val': 0.27752759815192846, 'hidden_size': 44, 'dropout': 0.28060296403381696, 'hidden_continuous_size': 32, 'attention_head_size': 3, 'learning_rate': 0.043151810859242114}. Best is trial 37 with value: 0.13887692987918854.
LOCAL_RANK: 0 - CUDA_VISIBLE_DEVICES: [0]
[I 2023-11-30 00:17:15,622] Trial 94 finished with value: 0.34236201643943787 and parameters: {'gradient_clip_val': 0.3781892578341822, 'hidden_size': 99, 'dropout': 0.268696289707182, 'hidden_continuous_size': 29, 'attention_head_size': 3, 'learning_rate': 0.035246997718292615}. Best is trial 37 with value: 0.13887692987918854.
LOCAL_RANK: 0 - CUDA_VISIBLE_DEVICES: [0]
[I 2023-11-30 00:17:29,398] Trial 95 finished with value: 0.20607654750347137 and parameters: {'gradient_clip_val': 0.2838420662686587, 'hidden_size': 53, 'dropout': 0.30047470318564934, 'hidden_continuous_size': 38, 'attention_head_size': 3, 'learning_rate': 0.024240962909342325}. Best is trial 37 with value: 0.13887692987918854.
LOCAL_RANK: 0 - CUDA_VISIBLE_DEVICES: [0]
[I 2023-11-30 00:17:42,433] Trial 96 finished with value: 0.3544144332408905 and parameters: {'gradient_clip_val': 0.309462700237001, 'hidden_size': 39, 'dropout': 0.21462421715782637, 'hidden_continuous_size': 34, 'attention_head_size': 3, 'learning_rate': 0.018021480937632003}. Best is trial 37 with value: 0.13887692987918854.
LOCAL_RANK: 0 - CUDA_VISIBLE_DEVICES: [0]
[I 2023-11-30 00:17:55,965] Trial 97 finished with value: 0.6509356498718262 and parameters: {'gradient_clip_val': 0.23915403431551457, 'hidden_size': 49, 'dropout': 0.22377908814587913, 'hidden_continuous_size': 40, 'attention_head_size': 2, 'learning_rate': 0.027556115632539686}. Best is trial 37 with value: 0.13887692987918854.
LOCAL_RANK: 0 - CUDA_VISIBLE_DEVICES: [0]
[I 2023-11-30 00:18:10,020] Trial 98 finished with value: 0.28929540514945984 and parameters: {'gradient_clip_val': 0.2592337336495406, 'hidden_size': 59, 'dropout': 0.26529824789874035, 'hidden_continuous_size': 45, 'attention_head_size': 3, 'learning_rate': 0.03946549862329923}. Best is trial 37 with value: 0.13887692987918854.
LOCAL_RANK: 0 - CUDA_VISIBLE_DEVICES: [0]
[I 2023-11-30 00:18:23,635] Trial 99 finished with value: 0.23153281211853027 and parameters: {'gradient_clip_val': 0.32723047545237327, 'hidden_size': 55, 'dropout': 0.12971571132293275, 'hidden_continuous_size': 47, 'attention_head_size': 2, 'learning_rate': 0.022441691079819553}. Best is trial 37 with value: 0.13887692987918854.
LOCAL_RANK: 0 - CUDA_VISIBLE_DEVICES: [0]
[I 2023-11-30 00:18:37,941] Trial 100 finished with value: 0.27690982818603516 and parameters: {'gradient_clip_val': 0.3454420352156772, 'hidden_size': 125, 'dropout': 0.2567280846466539, 'hidden_continuous_size': 26, 'attention_head_size': 3, 'learning_rate': 0.03410465432373573}. Best is trial 37 with value: 0.13887692987918854.
LOCAL_RANK: 0 - CUDA_VISIBLE_DEVICES: [0]
[I 2023-11-30 00:18:51,945] Trial 101 finished with value: 0.2870616018772125 and parameters: {'gradient_clip_val': 0.35557032713314973, 'hidden_size': 87, 'dropout': 0.25048160317757573, 'hidden_continuous_size': 38, 'attention_head_size': 3, 'learning_rate': 0.024386539750525592}. Best is trial 37 with value: 0.13887692987918854.
LOCAL_RANK: 0 - CUDA_VISIBLE_DEVICES: [0]
[I 2023-11-30 00:19:05,723] Trial 102 finished with value: 0.16243092715740204 and parameters: {'gradient_clip_val': 0.5624859194041105, 'hidden_size': 65, 'dropout': 0.24854118833042008, 'hidden_continuous_size': 36, 'attention_head_size': 3, 'learning_rate': 0.030503638237454413}. Best is trial 37 with value: 0.13887692987918854.
LOCAL_RANK: 0 - CUDA_VISIBLE_DEVICES: [0]
[I 2023-11-30 00:19:19,796] Trial 103 finished with value: 0.2926601469516754 and parameters: {'gradient_clip_val': 0.5908205870139447, 'hidden_size': 65, 'dropout': 0.28184534197147265, 'hidden_continuous_size': 35, 'attention_head_size': 3, 'learning_rate': 0.030646717468771834}. Best is trial 37 with value: 0.13887692987918854.
LOCAL_RANK: 0 - CUDA_VISIBLE_DEVICES: [0]
