[I 2023-11-30 04:04:46,140] Trial 36 finished with value: 0.17038242518901825 and parameters: {'gradient_clip_val': 0.3792683920848607, 'hidden_size': 126, 'dropout': 0.20935603367862785, 'hidden_continuous_size': 83, 'attention_head_size': 4, 'learning_rate': 0.04344637956934027}. Best is trial 18 with value: 0.09617739915847778.
LOCAL_RANK: 0 - CUDA_VISIBLE_DEVICES: [0]
[I 2023-11-30 04:04:59,896] Trial 37 finished with value: 0.129611536860466 and parameters: {'gradient_clip_val': 0.8606624921590065, 'hidden_size': 76, 'dropout': 0.1188691519937358, 'hidden_continuous_size': 45, 'attention_head_size': 1, 'learning_rate': 0.024035947424379405}. Best is trial 18 with value: 0.09617739915847778.
LOCAL_RANK: 0 - CUDA_VISIBLE_DEVICES: [0]
[I 2023-11-30 04:05:12,949] Trial 38 finished with value: 0.14539439976215363 and parameters: {'gradient_clip_val': 0.731594297337696, 'hidden_size': 32, 'dropout': 0.18025376118828867, 'hidden_continuous_size': 27, 'attention_head_size': 3, 'learning_rate': 0.07795323657259545}. Best is trial 18 with value: 0.09617739915847778.
LOCAL_RANK: 0 - CUDA_VISIBLE_DEVICES: [0]
[I 2023-11-30 04:05:26,637] Trial 39 finished with value: 0.14512458443641663 and parameters: {'gradient_clip_val': 0.5846096381011368, 'hidden_size': 53, 'dropout': 0.2371579006523901, 'hidden_continuous_size': 42, 'attention_head_size': 2, 'learning_rate': 0.01656440688040424}. Best is trial 18 with value: 0.09617739915847778.
LOCAL_RANK: 0 - CUDA_VISIBLE_DEVICES: [0]
[I 2023-11-30 04:05:39,459] Trial 40 finished with value: 0.1222788617014885 and parameters: {'gradient_clip_val': 0.48873787206958763, 'hidden_size': 40, 'dropout': 0.16286933675620976, 'hidden_continuous_size': 32, 'attention_head_size': 1, 'learning_rate': 0.0739313176326519}. Best is trial 18 with value: 0.09617739915847778.
LOCAL_RANK: 0 - CUDA_VISIBLE_DEVICES: [0]
[I 2023-11-30 04:05:52,937] Trial 41 finished with value: 0.14664767682552338 and parameters: {'gradient_clip_val': 0.6335432430138251, 'hidden_size': 48, 'dropout': 0.13865470367479796, 'hidden_continuous_size': 39, 'attention_head_size': 1, 'learning_rate': 0.05711083316495754}. Best is trial 18 with value: 0.09617739915847778.
LOCAL_RANK: 0 - CUDA_VISIBLE_DEVICES: [0]
[I 2023-11-30 04:06:05,942] Trial 42 finished with value: 0.14677047729492188 and parameters: {'gradient_clip_val': 0.824860597388168, 'hidden_size': 39, 'dropout': 0.16701168237397054, 'hidden_continuous_size': 31, 'attention_head_size': 1, 'learning_rate': 0.08265880857728639}. Best is trial 18 with value: 0.09617739915847778.
LOCAL_RANK: 0 - CUDA_VISIBLE_DEVICES: [0]
[I 2023-11-30 04:06:18,801] Trial 43 finished with value: 0.12324449419975281 and parameters: {'gradient_clip_val': 0.5000308439726487, 'hidden_size': 29, 'dropout': 0.14960936402119893, 'hidden_continuous_size': 25, 'attention_head_size': 1, 'learning_rate': 0.060635788505809946}. Best is trial 18 with value: 0.09617739915847778.
LOCAL_RANK: 0 - CUDA_VISIBLE_DEVICES: [0]
[I 2023-11-30 04:06:31,422] Trial 44 finished with value: 0.12592600286006927 and parameters: {'gradient_clip_val': 0.4833304892435926, 'hidden_size': 27, 'dropout': 0.114622583495013, 'hidden_continuous_size': 21, 'attention_head_size': 1, 'learning_rate': 0.07977733671192293}. Best is trial 18 with value: 0.09617739915847778.
LOCAL_RANK: 0 - CUDA_VISIBLE_DEVICES: [0]
[I 2023-11-30 04:06:44,379] Trial 45 finished with value: 0.11476603895425797 and parameters: {'gradient_clip_val': 0.395344504647062, 'hidden_size': 41, 'dropout': 0.1541065799098444, 'hidden_continuous_size': 25, 'attention_head_size': 1, 'learning_rate': 0.06558439713998537}. Best is trial 18 with value: 0.09617739915847778.
LOCAL_RANK: 0 - CUDA_VISIBLE_DEVICES: [0]
[I 2023-11-30 04:06:57,479] Trial 46 finished with value: 0.11660265922546387 and parameters: {'gradient_clip_val': 0.3372115051467569, 'hidden_size': 41, 'dropout': 0.15903241382444958, 'hidden_continuous_size': 23, 'attention_head_size': 3, 'learning_rate': 0.03161494870205955}. Best is trial 18 with value: 0.09617739915847778.
LOCAL_RANK: 0 - CUDA_VISIBLE_DEVICES: [0]
[I 2023-11-30 04:07:10,685] Trial 47 finished with value: 0.2257646769285202 and parameters: {'gradient_clip_val': 0.35151528045297387, 'hidden_size': 42, 'dropout': 0.16128447617642502, 'hidden_continuous_size': 22, 'attention_head_size': 3, 'learning_rate': 0.030746957419259435}. Best is trial 18 with value: 0.09617739915847778.
LOCAL_RANK: 0 - CUDA_VISIBLE_DEVICES: [0]
[I 2023-11-30 04:07:23,917] Trial 48 finished with value: 0.24972112476825714 and parameters: {'gradient_clip_val': 0.32903050320011057, 'hidden_size': 35, 'dropout': 0.17374488632987914, 'hidden_continuous_size': 20, 'attention_head_size': 3, 'learning_rate': 0.04072299694199608}. Best is trial 18 with value: 0.09617739915847778.
LOCAL_RANK: 0 - CUDA_VISIBLE_DEVICES: [0]
[I 2023-11-30 04:07:36,921] Trial 49 finished with value: 0.27103137969970703 and parameters: {'gradient_clip_val': 0.41401202369409085, 'hidden_size': 41, 'dropout': 0.1937883712366965, 'hidden_continuous_size': 23, 'attention_head_size': 3, 'learning_rate': 0.02696756467496653}. Best is trial 18 with value: 0.09617739915847778.
LOCAL_RANK: 0 - CUDA_VISIBLE_DEVICES: [0]
[I 2023-11-30 04:07:50,414] Trial 50 finished with value: 0.0988558754324913 and parameters: {'gradient_clip_val': 0.28006293509571817, 'hidden_size': 49, 'dropout': 0.13133817552090965, 'hidden_continuous_size': 26, 'attention_head_size': 4, 'learning_rate': 0.04499177156653183}. Best is trial 18 with value: 0.09617739915847778.
LOCAL_RANK: 0 - CUDA_VISIBLE_DEVICES: [0]
[I 2023-11-30 04:08:03,658] Trial 51 finished with value: 0.20412476360797882 and parameters: {'gradient_clip_val': 0.27331913815565306, 'hidden_size': 49, 'dropout': 0.13284004468541596, 'hidden_continuous_size': 25, 'attention_head_size': 4, 'learning_rate': 0.04419421441434486}. Best is trial 18 with value: 0.09617739915847778.
LOCAL_RANK: 0 - CUDA_VISIBLE_DEVICES: [0]
[I 2023-11-30 04:08:16,876] Trial 52 finished with value: 0.1436419039964676 and parameters: {'gradient_clip_val': 0.457417540700608, 'hidden_size': 42, 'dropout': 0.15676140504176794, 'hidden_continuous_size': 27, 'attention_head_size': 4, 'learning_rate': 0.036118107315437735}. Best is trial 18 with value: 0.09617739915847778.
LOCAL_RANK: 0 - CUDA_VISIBLE_DEVICES: [0]
[I 2023-11-30 04:08:30,230] Trial 53 finished with value: 0.12850452959537506 and parameters: {'gradient_clip_val': 0.3009305344502208, 'hidden_size': 37, 'dropout': 0.16881524046951513, 'hidden_continuous_size': 19, 'attention_head_size': 4, 'learning_rate': 0.046147920585586255}. Best is trial 18 with value: 0.09617739915847778.
LOCAL_RANK: 0 - CUDA_VISIBLE_DEVICES: [0]
[I 2023-11-30 04:08:43,611] Trial 54 finished with value: 0.18621690571308136 and parameters: {'gradient_clip_val': 0.39423938210028137, 'hidden_size': 50, 'dropout': 0.1433033965163827, 'hidden_continuous_size': 24, 'attention_head_size': 4, 'learning_rate': 0.05839596422554479}. Best is trial 18 with value: 0.09617739915847778.
LOCAL_RANK: 0 - CUDA_VISIBLE_DEVICES: [0]
[I 2023-11-30 04:08:56,586] Trial 55 finished with value: 0.19192303717136383 and parameters: {'gradient_clip_val': 0.44899285853031534, 'hidden_size': 33, 'dropout': 0.11004943662924843, 'hidden_continuous_size': 22, 'attention_head_size': 2, 'learning_rate': 0.028269936286910928}. Best is trial 18 with value: 0.09617739915847778.
LOCAL_RANK: 0 - CUDA_VISIBLE_DEVICES: [0]
[I 2023-11-30 04:09:09,760] Trial 56 finished with value: 0.2931833565235138 and parameters: {'gradient_clip_val': 0.367885990593213, 'hidden_size': 38, 'dropout': 0.13190523827131256, 'hidden_continuous_size': 29, 'attention_head_size': 3, 'learning_rate': 0.08596017617937407}. Best is trial 18 with value: 0.09617739915847778.
LOCAL_RANK: 0 - CUDA_VISIBLE_DEVICES: [0]
[I 2023-11-30 04:09:22,883] Trial 57 finished with value: 0.06752621382474899 and parameters: {'gradient_clip_val': 0.2555701671127197, 'hidden_size': 45, 'dropout': 0.18358200908318317, 'hidden_continuous_size': 17, 'attention_head_size': 2, 'learning_rate': 0.0692073232028772}. Best is trial 57 with value: 0.06752621382474899.
LOCAL_RANK: 0 - CUDA_VISIBLE_DEVICES: [0]
[I 2023-11-30 04:09:36,044] Trial 58 finished with value: 0.2000669687986374 and parameters: {'gradient_clip_val': 0.25699434163024654, 'hidden_size': 44, 'dropout': 0.1781858874983867, 'hidden_continuous_size': 17, 'attention_head_size': 2, 'learning_rate': 0.05144072276684858}. Best is trial 57 with value: 0.06752621382474899.
LOCAL_RANK: 0 - CUDA_VISIBLE_DEVICES: [0]
[I 2023-11-30 04:09:49,074] Trial 59 finished with value: 0.2230488806962967 and parameters: {'gradient_clip_val': 0.21923200315491514, 'hidden_size': 52, 'dropout': 0.1139082684561654, 'hidden_continuous_size': 14, 'attention_head_size': 2, 'learning_rate': 0.03722028340333216}. Best is trial 57 with value: 0.06752621382474899.
LOCAL_RANK: 0 - CUDA_VISIBLE_DEVICES: [0]
[I 2023-11-30 04:10:02,431] Trial 60 finished with value: 0.10770907253026962 and parameters: {'gradient_clip_val': 0.3278212723979166, 'hidden_size': 64, 'dropout': 0.14433465769662177, 'hidden_continuous_size': 18, 'attention_head_size': 2, 'learning_rate': 0.06386513750330923}. Best is trial 57 with value: 0.06752621382474899.
LOCAL_RANK: 0 - CUDA_VISIBLE_DEVICES: [0]
[I 2023-11-30 04:10:15,816] Trial 61 finished with value: 0.184963658452034 and parameters: {'gradient_clip_val': 0.31782548110582337, 'hidden_size': 62, 'dropout': 0.14908780813581624, 'hidden_continuous_size': 19, 'attention_head_size': 2, 'learning_rate': 0.06484759436544879}. Best is trial 57 with value: 0.06752621382474899.
LOCAL_RANK: 0 - CUDA_VISIBLE_DEVICES: [0]
[I 2023-11-30 04:10:29,093] Trial 62 finished with value: 0.271078497171402 and parameters: {'gradient_clip_val': 0.24146649094434539, 'hidden_size': 59, 'dropout': 0.1419254335819089, 'hidden_continuous_size': 17, 'attention_head_size': 2, 'learning_rate': 0.04951686478857687}. Best is trial 57 with value: 0.06752621382474899.
LOCAL_RANK: 0 - CUDA_VISIBLE_DEVICES: [0]
[I 2023-11-30 04:10:42,603] Trial 63 finished with value: 0.15077555179595947 and parameters: {'gradient_clip_val': 0.2942855505596445, 'hidden_size': 69, 'dropout': 0.12503157926959765, 'hidden_continuous_size': 12, 'attention_head_size': 3, 'learning_rate': 0.06461680894512141}. Best is trial 57 with value: 0.06752621382474899.
LOCAL_RANK: 0 - CUDA_VISIBLE_DEVICES: [0]
[I 2023-11-30 04:10:55,616] Trial 64 finished with value: 0.34256863594055176 and parameters: {'gradient_clip_val': 0.19268989046019036, 'hidden_size': 45, 'dropout': 0.1552519657660253, 'hidden_continuous_size': 21, 'attention_head_size': 2, 'learning_rate': 0.04093673155632514}. Best is trial 57 with value: 0.06752621382474899.
LOCAL_RANK: 0 - CUDA_VISIBLE_DEVICES: [0]
[I 2023-11-30 04:11:08,907] Trial 65 finished with value: 0.11182168126106262 and parameters: {'gradient_clip_val': 0.3556284392513552, 'hidden_size': 53, 'dropout': 0.13194150856550677, 'hidden_continuous_size': 16, 'attention_head_size': 2, 'learning_rate': 0.08766499749399684}. Best is trial 57 with value: 0.06752621382474899.
LOCAL_RANK: 0 - CUDA_VISIBLE_DEVICES: [0]
[I 2023-11-30 04:11:22,093] Trial 66 finished with value: 0.17138804495334625 and parameters: {'gradient_clip_val': 0.3052076496633392, 'hidden_size': 55, 'dropout': 0.11867007016910108, 'hidden_continuous_size': 17, 'attention_head_size': 2, 'learning_rate': 0.09970546371948248}. Best is trial 57 with value: 0.06752621382474899.
LOCAL_RANK: 0 - CUDA_VISIBLE_DEVICES: [0]
[I 2023-11-30 04:11:35,457] Trial 67 finished with value: 0.18810437619686127 and parameters: {'gradient_clip_val': 0.2679404218425377, 'hidden_size': 63, 'dropout': 0.12819527686406848, 'hidden_continuous_size': 16, 'attention_head_size': 2, 'learning_rate': 0.0809882670323855}. Best is trial 57 with value: 0.06752621382474899.
LOCAL_RANK: 0 - CUDA_VISIBLE_DEVICES: [0]
[I 2023-11-30 04:11:48,703] Trial 68 finished with value: 0.10894288867712021 and parameters: {'gradient_clip_val': 0.34581431503779064, 'hidden_size': 56, 'dropout': 0.10699415051223315, 'hidden_continuous_size': 14, 'attention_head_size': 2, 'learning_rate': 0.06992453769442718}. Best is trial 57 with value: 0.06752621382474899.
LOCAL_RANK: 0 - CUDA_VISIBLE_DEVICES: [0]
[I 2023-11-30 04:12:01,507] Trial 69 finished with value: 0.1996227502822876 and parameters: {'gradient_clip_val': 0.35514476689968055, 'hidden_size': 48, 'dropout': 0.1354431782535337, 'hidden_continuous_size': 14, 'attention_head_size': 2, 'learning_rate': 0.07154459780207803}. Best is trial 57 with value: 0.06752621382474899.
LOCAL_RANK: 0 - CUDA_VISIBLE_DEVICES: [0]
[I 2023-11-30 04:12:14,470] Trial 70 finished with value: 0.27397969365119934 and parameters: {'gradient_clip_val': 0.319109108868995, 'hidden_size': 56, 'dropout': 0.11166695074723508, 'hidden_continuous_size': 15, 'attention_head_size': 2, 'learning_rate': 0.09362590600492841}. Best is trial 57 with value: 0.06752621382474899.
LOCAL_RANK: 0 - CUDA_VISIBLE_DEVICES: [0]
[I 2023-11-30 04:12:28,146] Trial 71 finished with value: 0.20748615264892578 and parameters: {'gradient_clip_val': 0.3810769723802451, 'hidden_size': 72, 'dropout': 0.10534472708090654, 'hidden_continuous_size': 18, 'attention_head_size': 2, 'learning_rate': 0.05572226915438349}. Best is trial 57 with value: 0.06752621382474899.
LOCAL_RANK: 0 - CUDA_VISIBLE_DEVICES: [0]
[I 2023-11-30 04:12:41,239] Trial 72 finished with value: 0.13060641288757324 and parameters: {'gradient_clip_val': 0.28986847300865215, 'hidden_size': 60, 'dropout': 0.12410525674487927, 'hidden_continuous_size': 13, 'attention_head_size': 2, 'learning_rate': 0.06429464454918035}. Best is trial 57 with value: 0.06752621382474899.
LOCAL_RANK: 0 - CUDA_VISIBLE_DEVICES: [0]
[I 2023-11-30 04:12:54,450] Trial 73 finished with value: 0.11932433396577835 and parameters: {'gradient_clip_val': 0.35012611214192013, 'hidden_size': 53, 'dropout': 0.10838391457760072, 'hidden_continuous_size': 16, 'attention_head_size': 2, 'learning_rate': 0.08776655891839298}. Best is trial 57 with value: 0.06752621382474899.
LOCAL_RANK: 0 - CUDA_VISIBLE_DEVICES: [0]
[I 2023-11-30 04:13:08,151] Trial 74 finished with value: 0.19629406929016113 and parameters: {'gradient_clip_val': 0.41467480675768265, 'hidden_size': 83, 'dropout': 0.14287879860299407, 'hidden_continuous_size': 19, 'attention_head_size': 2, 'learning_rate': 0.050758772686732685}. Best is trial 57 with value: 0.06752621382474899.
LOCAL_RANK: 0 - CUDA_VISIBLE_DEVICES: [0]
[I 2023-11-30 04:13:20,992] Trial 75 finished with value: 0.2142675518989563 and parameters: {'gradient_clip_val': 0.3319673491093807, 'hidden_size': 48, 'dropout': 0.13204425018024765, 'hidden_continuous_size': 20, 'attention_head_size': 2, 'learning_rate': 0.07234037147183409}. Best is trial 57 with value: 0.06752621382474899.
LOCAL_RANK: 0 - CUDA_VISIBLE_DEVICES: [0]
[I 2023-11-30 04:13:34,515] Trial 76 finished with value: 0.08394613116979599 and parameters: {'gradient_clip_val': 0.2771261546684061, 'hidden_size': 64, 'dropout': 0.10040926308324008, 'hidden_continuous_size': 35, 'attention_head_size': 2, 'learning_rate': 0.058811098048152016}. Best is trial 57 with value: 0.06752621382474899.
LOCAL_RANK: 0 - CUDA_VISIBLE_DEVICES: [0]
[I 2023-11-30 04:13:47,716] Trial 77 finished with value: 0.13146062195301056 and parameters: {'gradient_clip_val': 0.2796979311921386, 'hidden_size': 65, 'dropout': 0.11548071534380501, 'hidden_continuous_size': 11, 'attention_head_size': 2, 'learning_rate': 0.060924867104775245}. Best is trial 57 with value: 0.06752621382474899.
LOCAL_RANK: 0 - CUDA_VISIBLE_DEVICES: [0]
[I 2023-11-30 04:14:01,130] Trial 78 finished with value: 0.15154701471328735 and parameters: {'gradient_clip_val': 0.25534521612016853, 'hidden_size': 58, 'dropout': 0.14929501128920278, 'hidden_continuous_size': 16, 'attention_head_size': 2, 'learning_rate': 0.08105031210892394}. Best is trial 57 with value: 0.06752621382474899.
LOCAL_RANK: 0 - CUDA_VISIBLE_DEVICES: [0]
[I 2023-11-30 04:14:14,183] Trial 79 finished with value: 0.21790386736392975 and parameters: {'gradient_clip_val': 0.3136105095260022, 'hidden_size': 45, 'dropout': 0.10006618513993194, 'hidden_continuous_size': 18, 'attention_head_size': 2, 'learning_rate': 0.045090384150648574}. Best is trial 57 with value: 0.06752621382474899.
LOCAL_RANK: 0 - CUDA_VISIBLE_DEVICES: [0]
[I 2023-11-30 04:14:27,260] Trial 80 finished with value: 0.2239098995923996 and parameters: {'gradient_clip_val': 0.3956100092434566, 'hidden_size': 52, 'dropout': 0.12338221351907376, 'hidden_continuous_size': 14, 'attention_head_size': 2, 'learning_rate': 0.07344880696315458}. Best is trial 57 with value: 0.06752621382474899.
LOCAL_RANK: 0 - CUDA_VISIBLE_DEVICES: [0]
[I 2023-11-30 04:14:40,976] Trial 81 finished with value: 0.27316489815711975 and parameters: {'gradient_clip_val': 0.2895520417118555, 'hidden_size': 70, 'dropout': 0.10862543882137231, 'hidden_continuous_size': 35, 'attention_head_size': 2, 'learning_rate': 0.056949981883322474}. Best is trial 57 with value: 0.06752621382474899.
LOCAL_RANK: 0 - CUDA_VISIBLE_DEVICES: [0]
[I 2023-11-30 04:14:54,710] Trial 82 finished with value: 0.22182482481002808 and parameters: {'gradient_clip_val': 0.5496767647474347, 'hidden_size': 78, 'dropout': 0.11830105729957877, 'hidden_continuous_size': 29, 'attention_head_size': 2, 'learning_rate': 0.049825892336650864}. Best is trial 57 with value: 0.06752621382474899.
LOCAL_RANK: 0 - CUDA_VISIBLE_DEVICES: [0]
[I 2023-11-30 04:15:08,370] Trial 83 finished with value: 0.22454214096069336 and parameters: {'gradient_clip_val': 0.3660132875885112, 'hidden_size': 64, 'dropout': 0.13683384071472976, 'hidden_continuous_size': 31, 'attention_head_size': 2, 'learning_rate': 0.06548431658473171}. Best is trial 57 with value: 0.06752621382474899.
LOCAL_RANK: 0 - CUDA_VISIBLE_DEVICES: [0]
[I 2023-11-30 04:15:21,716] Trial 84 finished with value: 0.20407433807849884 and parameters: {'gradient_clip_val': 0.3441689979687918, 'hidden_size': 57, 'dropout': 0.12652421710678924, 'hidden_continuous_size': 26, 'attention_head_size': 1, 'learning_rate': 0.05416617461279793}. Best is trial 57 with value: 0.06752621382474899.
LOCAL_RANK: 0 - CUDA_VISIBLE_DEVICES: [0]
[I 2023-11-30 04:15:35,589] Trial 85 finished with value: 0.14195449650287628 and parameters: {'gradient_clip_val': 0.7148315934543702, 'hidden_size': 73, 'dropout': 0.10109563889013085, 'hidden_continuous_size': 45, 'attention_head_size': 2, 'learning_rate': 0.08854547954971964}. Best is trial 57 with value: 0.06752621382474899.
LOCAL_RANK: 0 - CUDA_VISIBLE_DEVICES: [0]
[I 2023-11-30 04:15:49,316] Trial 86 finished with value: 0.15110866725444794 and parameters: {'gradient_clip_val': 0.9398236164711226, 'hidden_size': 50, 'dropout': 0.1456489734817698, 'hidden_continuous_size': 40, 'attention_head_size': 3, 'learning_rate': 0.04286805353385469}. Best is trial 57 with value: 0.06752621382474899.
LOCAL_RANK: 0 - CUDA_VISIBLE_DEVICES: [0]
[I 2023-11-30 04:16:02,921] Trial 87 finished with value: 0.08673114329576492 and parameters: {'gradient_clip_val': 0.3010964433654324, 'hidden_size': 67, 'dropout': 0.17179917527923808, 'hidden_continuous_size': 37, 'attention_head_size': 1, 'learning_rate': 0.07519951442797788}. Best is trial 57 with value: 0.06752621382474899.
LOCAL_RANK: 0 - CUDA_VISIBLE_DEVICES: [0]
[I 2023-11-30 04:16:16,375] Trial 88 finished with value: 0.12759697437286377 and parameters: {'gradient_clip_val': 0.3094765224946956, 'hidden_size': 43, 'dropout': 0.16688122729127394, 'hidden_continuous_size': 37, 'attention_head_size': 1, 'learning_rate': 0.07682655927778356}. Best is trial 57 with value: 0.06752621382474899.
LOCAL_RANK: 0 - CUDA_VISIBLE_DEVICES: [0]
[I 2023-11-30 04:16:29,987] Trial 89 finished with value: 0.14626653492450714 and parameters: {'gradient_clip_val': 0.2777149536965134, 'hidden_size': 68, 'dropout': 0.1544288794637246, 'hidden_continuous_size': 32, 'attention_head_size': 2, 'learning_rate': 0.08727088189588146}. Best is trial 57 with value: 0.06752621382474899.
LOCAL_RANK: 0 - CUDA_VISIBLE_DEVICES: [0]
[I 2023-11-30 04:16:43,270] Trial 90 finished with value: 0.3364865779876709 and parameters: {'gradient_clip_val': 0.33273856240506317, 'hidden_size': 61, 'dropout': 0.162837182643018, 'hidden_continuous_size': 15, 'attention_head_size': 2, 'learning_rate': 0.06874504781836625}. Best is trial 57 with value: 0.06752621382474899.
LOCAL_RANK: 0 - CUDA_VISIBLE_DEVICES: [0]
[I 2023-11-30 04:16:57,097] Trial 91 finished with value: 0.18586812913417816 and parameters: {'gradient_clip_val': 0.7670999356123662, 'hidden_size': 78, 'dropout': 0.13727846326064008, 'hidden_continuous_size': 49, 'attention_head_size': 1, 'learning_rate': 0.0602448061434491}. Best is trial 57 with value: 0.06752621382474899.
LOCAL_RANK: 0 - CUDA_VISIBLE_DEVICES: [0]
[I 2023-11-30 04:17:10,569] Trial 92 finished with value: 0.13459789752960205 and parameters: {'gradient_clip_val': 0.26455481221855937, 'hidden_size': 55, 'dropout': 0.17477089677662325, 'hidden_continuous_size': 33, 'attention_head_size': 1, 'learning_rate': 0.0984985659795223}. Best is trial 57 with value: 0.06752621382474899.
LOCAL_RANK: 0 - CUDA_VISIBLE_DEVICES: [0]
[I 2023-11-30 04:17:24,555] Trial 93 finished with value: 0.2348289042711258 and parameters: {'gradient_clip_val': 0.24716697387559927, 'hidden_size': 88, 'dropout': 0.11300194331299765, 'hidden_continuous_size': 36, 'attention_head_size': 1, 'learning_rate': 0.0529156159516886}. Best is trial 57 with value: 0.06752621382474899.
LOCAL_RANK: 0 - CUDA_VISIBLE_DEVICES: [0]
