[I 2023-11-30 06:44:53,935] Trial 133 finished with value: 8277.6298828125 and parameters: {'gradient_clip_val': 0.10562110808719884, 'hidden_size': 127, 'dropout': 0.1610296994967328, 'hidden_continuous_size': 50, 'attention_head_size': 2, 'learning_rate': 0.0050425362514131865}. Best is trial 21 with value: 6933.564453125.
LOCAL_RANK: 0 - CUDA_VISIBLE_DEVICES: [0]
[I 2023-11-30 06:45:08,438] Trial 134 finished with value: 7858.49560546875 and parameters: {'gradient_clip_val': 0.21761584012225846, 'hidden_size': 138, 'dropout': 0.11701574585450736, 'hidden_continuous_size': 55, 'attention_head_size': 2, 'learning_rate': 0.0019194082816560746}. Best is trial 21 with value: 6933.564453125.
LOCAL_RANK: 0 - CUDA_VISIBLE_DEVICES: [0]
[I 2023-11-30 06:45:22,700] Trial 135 finished with value: 9052.0322265625 and parameters: {'gradient_clip_val': 0.12232251716050753, 'hidden_size': 119, 'dropout': 0.19501212253597258, 'hidden_continuous_size': 36, 'attention_head_size': 2, 'learning_rate': 0.0020599181397914224}. Best is trial 21 with value: 6933.564453125.
LOCAL_RANK: 0 - CUDA_VISIBLE_DEVICES: [0]
[I 2023-11-30 06:45:36,858] Trial 136 finished with value: 8513.1904296875 and parameters: {'gradient_clip_val': 0.15278160944723176, 'hidden_size': 111, 'dropout': 0.14835944724274358, 'hidden_continuous_size': 34, 'attention_head_size': 2, 'learning_rate': 0.003083621041901276}. Best is trial 21 with value: 6933.564453125.
LOCAL_RANK: 0 - CUDA_VISIBLE_DEVICES: [0]
[I 2023-11-30 06:45:51,183] Trial 137 finished with value: 9757.1318359375 and parameters: {'gradient_clip_val': 0.13391138023658894, 'hidden_size': 130, 'dropout': 0.21646585391221218, 'hidden_continuous_size': 29, 'attention_head_size': 2, 'learning_rate': 0.0012011080984960496}. Best is trial 21 with value: 6933.564453125.
LOCAL_RANK: 0 - CUDA_VISIBLE_DEVICES: [0]
[I 2023-11-30 06:46:05,440] Trial 138 finished with value: 8166.20556640625 and parameters: {'gradient_clip_val': 0.16702630089073647, 'hidden_size': 102, 'dropout': 0.18628264948182072, 'hidden_continuous_size': 39, 'attention_head_size': 2, 'learning_rate': 0.0016805602034249112}. Best is trial 21 with value: 6933.564453125.
LOCAL_RANK: 0 - CUDA_VISIBLE_DEVICES: [0]
[I 2023-11-30 06:46:19,882] Trial 139 finished with value: 7874.90869140625 and parameters: {'gradient_clip_val': 0.1119507484167258, 'hidden_size': 141, 'dropout': 0.12345893389877366, 'hidden_continuous_size': 32, 'attention_head_size': 2, 'learning_rate': 0.0036520231966069685}. Best is trial 21 with value: 6933.564453125.
LOCAL_RANK: 0 - CUDA_VISIBLE_DEVICES: [0]
[I 2023-11-30 06:46:34,112] Trial 140 finished with value: 11895.48828125 and parameters: {'gradient_clip_val': 0.10347227839514665, 'hidden_size': 93, 'dropout': 0.17867484260806812, 'hidden_continuous_size': 43, 'attention_head_size': 2, 'learning_rate': 0.0013961983947478299}. Best is trial 21 with value: 6933.564453125.
LOCAL_RANK: 0 - CUDA_VISIBLE_DEVICES: [0]
[I 2023-11-30 06:46:48,194] Trial 141 finished with value: 9547.6513671875 and parameters: {'gradient_clip_val': 0.17949458273607521, 'hidden_size': 120, 'dropout': 0.1726719852045575, 'hidden_continuous_size': 40, 'attention_head_size': 2, 'learning_rate': 0.0022164574070629903}. Best is trial 21 with value: 6933.564453125.
LOCAL_RANK: 0 - CUDA_VISIBLE_DEVICES: [0]
[I 2023-11-30 06:47:02,418] Trial 142 finished with value: 8566.80859375 and parameters: {'gradient_clip_val': 0.1893652134119285, 'hidden_size': 114, 'dropout': 0.17320570933762636, 'hidden_continuous_size': 47, 'attention_head_size': 2, 'learning_rate': 0.002227580562192243}. Best is trial 21 with value: 6933.564453125.
LOCAL_RANK: 0 - CUDA_VISIBLE_DEVICES: [0]
[I 2023-11-30 06:47:16,790] Trial 143 finished with value: 8462.3916015625 and parameters: {'gradient_clip_val': 0.17797671348289779, 'hidden_size': 124, 'dropout': 0.16637197047372915, 'hidden_continuous_size': 37, 'attention_head_size': 2, 'learning_rate': 0.004180749675984824}. Best is trial 21 with value: 6933.564453125.
LOCAL_RANK: 0 - CUDA_VISIBLE_DEVICES: [0]
[I 2023-11-30 06:47:30,820] Trial 144 finished with value: 8625.8818359375 and parameters: {'gradient_clip_val': 0.17263151188067483, 'hidden_size': 86, 'dropout': 0.20162098282199495, 'hidden_continuous_size': 41, 'attention_head_size': 2, 'learning_rate': 0.0025367747849090387}. Best is trial 21 with value: 6933.564453125.
LOCAL_RANK: 0 - CUDA_VISIBLE_DEVICES: [0]
[I 2023-11-30 06:47:45,157] Trial 145 finished with value: 7763.87939453125 and parameters: {'gradient_clip_val': 0.1953411842220411, 'hidden_size': 115, 'dropout': 0.15340721592610107, 'hidden_continuous_size': 44, 'attention_head_size': 2, 'learning_rate': 0.001931533612125215}. Best is trial 21 with value: 6933.564453125.
LOCAL_RANK: 0 - CUDA_VISIBLE_DEVICES: [0]
[I 2023-11-30 06:47:59,425] Trial 146 finished with value: 8488.0634765625 and parameters: {'gradient_clip_val': 0.15734520489171455, 'hidden_size': 106, 'dropout': 0.20871623300371828, 'hidden_continuous_size': 41, 'attention_head_size': 2, 'learning_rate': 0.0017753892830700082}. Best is trial 21 with value: 6933.564453125.
LOCAL_RANK: 0 - CUDA_VISIBLE_DEVICES: [0]
[I 2023-11-30 06:48:13,004] Trial 147 finished with value: 9441.7392578125 and parameters: {'gradient_clip_val': 0.1492462416939463, 'hidden_size': 51, 'dropout': 0.14303542162950808, 'hidden_continuous_size': 39, 'attention_head_size': 2, 'learning_rate': 0.0027129284508844967}. Best is trial 21 with value: 6933.564453125.
LOCAL_RANK: 0 - CUDA_VISIBLE_DEVICES: [0]
[I 2023-11-30 06:48:27,496] Trial 148 finished with value: 7593.015625 and parameters: {'gradient_clip_val': 0.16324735888378764, 'hidden_size': 134, 'dropout': 0.22690412469719126, 'hidden_continuous_size': 34, 'attention_head_size': 2, 'learning_rate': 0.0056630465753428685}. Best is trial 21 with value: 6933.564453125.
LOCAL_RANK: 0 - CUDA_VISIBLE_DEVICES: [0]
[I 2023-11-30 06:48:41,637] Trial 149 finished with value: 7825.75341796875 and parameters: {'gradient_clip_val': 0.20273368528648522, 'hidden_size': 97, 'dropout': 0.19150743612762158, 'hidden_continuous_size': 43, 'attention_head_size': 2, 'learning_rate': 0.004615916445857355}. Best is trial 21 with value: 6933.564453125.
[I 2023-11-30 06:48:41,752] A new study created in memory with name: no-name-ffacf43e-8e5d-4d9e-8617-903396a96df9
/home/le004/conda/anaconda3/envs/tsff_env/lib/python3.9/site-packages/lightning/fabric/plugins/environments/slurm.py:191: The `srun` command is available on your system but is not used. HINT: If your intention is to run Lightning on SLURM, prepend your python command with `srun` like so: srun python /home/le004/master_thesis/git/TSFusionForecast/code/ ...
LOCAL_RANK: 0 - CUDA_VISIBLE_DEVICES: [0]
[I 2023-11-30 06:48:54,749] Trial 0 finished with value: 1.1834378242492676 and parameters: {'gradient_clip_val': 0.17994901859818807, 'hidden_size': 55, 'dropout': 0.36391864962492726, 'hidden_continuous_size': 12, 'attention_head_size': 1, 'learning_rate': 0.0014182380378730565}. Best is trial 0 with value: 1.1834378242492676.
LOCAL_RANK: 0 - CUDA_VISIBLE_DEVICES: [0]
[I 2023-11-30 06:49:06,927] Trial 1 finished with value: 1.9406598806381226 and parameters: {'gradient_clip_val': 0.5236601781224315, 'hidden_size': 12, 'dropout': 0.3809840423206122, 'hidden_continuous_size': 10, 'attention_head_size': 4, 'learning_rate': 0.0023913696330316674}. Best is trial 0 with value: 1.1834378242492676.
LOCAL_RANK: 0 - CUDA_VISIBLE_DEVICES: [0]
[I 2023-11-30 06:49:20,436] Trial 2 finished with value: 0.5652520656585693 and parameters: {'gradient_clip_val': 0.21403212170690522, 'hidden_size': 77, 'dropout': 0.1659952022814018, 'hidden_continuous_size': 13, 'attention_head_size': 3, 'learning_rate': 0.001978812414017615}. Best is trial 2 with value: 0.5652520656585693.
LOCAL_RANK: 0 - CUDA_VISIBLE_DEVICES: [0]
[I 2023-11-30 06:49:34,903] Trial 3 finished with value: 0.45371028780937195 and parameters: {'gradient_clip_val': 0.3902540752104865, 'hidden_size': 142, 'dropout': 0.39659656440003654, 'hidden_continuous_size': 11, 'attention_head_size': 4, 'learning_rate': 0.0029622104438693157}. Best is trial 3 with value: 0.45371028780937195.
LOCAL_RANK: 0 - CUDA_VISIBLE_DEVICES: [0]
[I 2023-11-30 06:49:45,688] Trial 4 finished with value: 1.2045302391052246 and parameters: {'gradient_clip_val': 0.3834681576952048, 'hidden_size': 10, 'dropout': 0.11715700758745423, 'hidden_continuous_size': 10, 'attention_head_size': 3, 'learning_rate': 0.014818576030041126}. Best is trial 3 with value: 0.45371028780937195.
LOCAL_RANK: 0 - CUDA_VISIBLE_DEVICES: [0]
[I 2023-11-30 06:49:58,233] Trial 5 finished with value: 1.3478587865829468 and parameters: {'gradient_clip_val': 0.1746194661467583, 'hidden_size': 20, 'dropout': 0.23086190510263768, 'hidden_continuous_size': 15, 'attention_head_size': 4, 'learning_rate': 0.0047093951093782945}. Best is trial 3 with value: 0.45371028780937195.
LOCAL_RANK: 0 - CUDA_VISIBLE_DEVICES: [0]
[I 2023-11-30 06:50:08,614] Trial 6 finished with value: 1.2626503705978394 and parameters: {'gradient_clip_val': 0.5833923347277101, 'hidden_size': 10, 'dropout': 0.2707888304920355, 'hidden_continuous_size': 10, 'attention_head_size': 4, 'learning_rate': 0.015737098206776576}. Best is trial 3 with value: 0.45371028780937195.
LOCAL_RANK: 0 - CUDA_VISIBLE_DEVICES: [0]
[I 2023-11-30 06:50:21,013] Trial 7 finished with value: 2.2056500911712646 and parameters: {'gradient_clip_val': 0.27833633643034655, 'hidden_size': 18, 'dropout': 0.10428140946039939, 'hidden_continuous_size': 13, 'attention_head_size': 3, 'learning_rate': 0.001707266775848155}. Best is trial 3 with value: 0.45371028780937195.
LOCAL_RANK: 0 - CUDA_VISIBLE_DEVICES: [0]
[I 2023-11-30 06:50:34,267] Trial 8 finished with value: 1.847847819328308 and parameters: {'gradient_clip_val': 0.20385392809822475, 'hidden_size': 35, 'dropout': 0.29383321497161363, 'hidden_continuous_size': 17, 'attention_head_size': 4, 'learning_rate': 0.0011013978088571686}. Best is trial 3 with value: 0.45371028780937195.
LOCAL_RANK: 0 - CUDA_VISIBLE_DEVICES: [0]
[I 2023-11-30 06:50:46,817] Trial 9 finished with value: 0.7073531150817871 and parameters: {'gradient_clip_val': 0.6881234477969276, 'hidden_size': 21, 'dropout': 0.13805470263169953, 'hidden_continuous_size': 18, 'attention_head_size': 2, 'learning_rate': 0.0033894918588105788}. Best is trial 3 with value: 0.45371028780937195.
LOCAL_RANK: 0 - CUDA_VISIBLE_DEVICES: [0]
[I 2023-11-30 06:51:01,667] Trial 10 finished with value: 0.17786888778209686 and parameters: {'gradient_clip_val': 0.11942831664095938, 'hidden_size': 150, 'dropout': 0.397213075885704, 'hidden_continuous_size': 69, 'attention_head_size': 2, 'learning_rate': 0.0868696655335358}. Best is trial 10 with value: 0.17786888778209686.
LOCAL_RANK: 0 - CUDA_VISIBLE_DEVICES: [0]
[I 2023-11-30 06:51:16,198] Trial 11 finished with value: 0.182595893740654 and parameters: {'gradient_clip_val': 0.1034315021059664, 'hidden_size': 134, 'dropout': 0.39871216014405536, 'hidden_continuous_size': 74, 'attention_head_size': 2, 'learning_rate': 0.09267963094675835}. Best is trial 10 with value: 0.17786888778209686.
LOCAL_RANK: 0 - CUDA_VISIBLE_DEVICES: [0]
[I 2023-11-30 06:51:30,710] Trial 12 finished with value: 0.2770090401172638 and parameters: {'gradient_clip_val': 0.10032137209039373, 'hidden_size': 132, 'dropout': 0.34005762195609435, 'hidden_continuous_size': 84, 'attention_head_size': 2, 'learning_rate': 0.07958862327526446}. Best is trial 10 with value: 0.17786888778209686.
LOCAL_RANK: 0 - CUDA_VISIBLE_DEVICES: [0]
[I 2023-11-30 06:51:45,174] Trial 13 finished with value: 0.13190458714962006 and parameters: {'gradient_clip_val': 0.10150766162322876, 'hidden_size': 89, 'dropout': 0.3314829925506404, 'hidden_continuous_size': 71, 'attention_head_size': 1, 'learning_rate': 0.09569416249597072}. Best is trial 13 with value: 0.13190458714962006.
LOCAL_RANK: 0 - CUDA_VISIBLE_DEVICES: [0]
[I 2023-11-30 06:51:59,218] Trial 14 finished with value: 0.15984579920768738 and parameters: {'gradient_clip_val': 0.13087357764521404, 'hidden_size': 91, 'dropout': 0.3216546176914695, 'hidden_continuous_size': 57, 'attention_head_size': 1, 'learning_rate': 0.049802084150876835}. Best is trial 13 with value: 0.13190458714962006.
LOCAL_RANK: 0 - CUDA_VISIBLE_DEVICES: [0]
[I 2023-11-30 06:52:13,262] Trial 15 finished with value: 0.12728917598724365 and parameters: {'gradient_clip_val': 0.13679247460531618, 'hidden_size': 88, 'dropout': 0.3306047390625403, 'hidden_continuous_size': 50, 'attention_head_size': 1, 'learning_rate': 0.04238923585611425}. Best is trial 15 with value: 0.12728917598724365.
LOCAL_RANK: 0 - CUDA_VISIBLE_DEVICES: [0]
[I 2023-11-30 06:52:26,866] Trial 16 finished with value: 0.1672782450914383 and parameters: {'gradient_clip_val': 0.14624406834864984, 'hidden_size': 57, 'dropout': 0.3309268437153711, 'hidden_continuous_size': 43, 'attention_head_size': 1, 'learning_rate': 0.04383760174309148}. Best is trial 15 with value: 0.12728917598724365.
LOCAL_RANK: 0 - CUDA_VISIBLE_DEVICES: [0]
[I 2023-11-30 06:52:40,902] Trial 17 finished with value: 0.11207320541143417 and parameters: {'gradient_clip_val': 0.14965813134066297, 'hidden_size': 94, 'dropout': 0.2987226283655723, 'hidden_continuous_size': 39, 'attention_head_size': 1, 'learning_rate': 0.032293464033715594}. Best is trial 17 with value: 0.11207320541143417.
LOCAL_RANK: 0 - CUDA_VISIBLE_DEVICES: [0]
[I 2023-11-30 06:52:54,208] Trial 18 finished with value: 0.1664498895406723 and parameters: {'gradient_clip_val': 0.14845725397817297, 'hidden_size': 45, 'dropout': 0.25183544975469124, 'hidden_continuous_size': 31, 'attention_head_size': 1, 'learning_rate': 0.027405576915090674}. Best is trial 17 with value: 0.11207320541143417.
LOCAL_RANK: 0 - CUDA_VISIBLE_DEVICES: [0]
[I 2023-11-30 06:53:08,197] Trial 19 finished with value: 0.15549670159816742 and parameters: {'gradient_clip_val': 0.25494469741344605, 'hidden_size': 102, 'dropout': 0.302039691112661, 'hidden_continuous_size': 37, 'attention_head_size': 1, 'learning_rate': 0.0261302861104129}. Best is trial 17 with value: 0.11207320541143417.
LOCAL_RANK: 0 - CUDA_VISIBLE_DEVICES: [0]
[I 2023-11-30 06:53:21,903] Trial 20 finished with value: 0.3122631311416626 and parameters: {'gradient_clip_val': 0.15848100749822616, 'hidden_size': 75, 'dropout': 0.35477909127895896, 'hidden_continuous_size': 24, 'attention_head_size': 2, 'learning_rate': 0.007913884508049232}. Best is trial 17 with value: 0.11207320541143417.
LOCAL_RANK: 0 - CUDA_VISIBLE_DEVICES: [0]
[I 2023-11-30 06:53:35,952] Trial 21 finished with value: 0.1338922679424286 and parameters: {'gradient_clip_val': 0.12172462836494127, 'hidden_size': 98, 'dropout': 0.31244787354561293, 'hidden_continuous_size': 53, 'attention_head_size': 1, 'learning_rate': 0.05196624243362742}. Best is trial 17 with value: 0.11207320541143417.
LOCAL_RANK: 0 - CUDA_VISIBLE_DEVICES: [0]
[I 2023-11-30 06:53:49,634] Trial 22 finished with value: 0.1364258974790573 and parameters: {'gradient_clip_val': 0.12059705792081302, 'hidden_size': 71, 'dropout': 0.3450072183659061, 'hidden_continuous_size': 47, 'attention_head_size': 1, 'learning_rate': 0.03309596459385506}. Best is trial 17 with value: 0.11207320541143417.
LOCAL_RANK: 0 - CUDA_VISIBLE_DEVICES: [0]
[I 2023-11-30 06:54:04,163] Trial 23 finished with value: 0.18888695538043976 and parameters: {'gradient_clip_val': 0.9939326932664295, 'hidden_size': 103, 'dropout': 0.28897604419838824, 'hidden_continuous_size': 65, 'attention_head_size': 1, 'learning_rate': 0.06083502160279572}. Best is trial 17 with value: 0.11207320541143417.
LOCAL_RANK: 0 - CUDA_VISIBLE_DEVICES: [0]
[I 2023-11-30 06:54:18,716] Trial 24 finished with value: 0.29089099168777466 and parameters: {'gradient_clip_val': 0.10297003677687504, 'hidden_size': 113, 'dropout': 0.3622041539906974, 'hidden_continuous_size': 95, 'attention_head_size': 2, 'learning_rate': 0.06695242665328559}. Best is trial 17 with value: 0.11207320541143417.
LOCAL_RANK: 0 - CUDA_VISIBLE_DEVICES: [0]
[I 2023-11-30 06:54:32,793] Trial 25 finished with value: 0.14187632501125336 and parameters: {'gradient_clip_val': 0.1425828196910102, 'hidden_size': 83, 'dropout': 0.33281982399112797, 'hidden_continuous_size': 55, 'attention_head_size': 1, 'learning_rate': 0.03641512605659694}. Best is trial 17 with value: 0.11207320541143417.
LOCAL_RANK: 0 - CUDA_VISIBLE_DEVICES: [0]
[I 2023-11-30 06:54:46,201] Trial 26 finished with value: 0.10111206024885178 and parameters: {'gradient_clip_val': 0.19429252325829843, 'hidden_size': 64, 'dropout': 0.31135516146845604, 'hidden_continuous_size': 43, 'attention_head_size': 1, 'learning_rate': 0.09967859846086648}. Best is trial 26 with value: 0.10111206024885178.
LOCAL_RANK: 0 - CUDA_VISIBLE_DEVICES: [0]
[I 2023-11-30 06:54:59,826] Trial 27 finished with value: 0.14365266263484955 and parameters: {'gradient_clip_val': 0.19684302639362752, 'hidden_size': 61, 'dropout': 0.28661437018087665, 'hidden_continuous_size': 39, 'attention_head_size': 2, 'learning_rate': 0.06154134322859346}. Best is trial 26 with value: 0.10111206024885178.
LOCAL_RANK: 0 - CUDA_VISIBLE_DEVICES: [0]
[I 2023-11-30 06:55:13,670] Trial 28 finished with value: 0.15177316963672638 and parameters: {'gradient_clip_val': 0.2306537634304825, 'hidden_size': 67, 'dropout': 0.31030941595827466, 'hidden_continuous_size': 33, 'attention_head_size': 1, 'learning_rate': 0.023839290271234447}. Best is trial 26 with value: 0.10111206024885178.
LOCAL_RANK: 0 - CUDA_VISIBLE_DEVICES: [0]
[I 2023-11-30 06:55:26,753] Trial 29 finished with value: 0.176466703414917 and parameters: {'gradient_clip_val': 0.1779915143200169, 'hidden_size': 52, 'dropout': 0.2613821411620338, 'hidden_continuous_size': 29, 'attention_head_size': 1, 'learning_rate': 0.041643774214602296}. Best is trial 26 with value: 0.10111206024885178.
LOCAL_RANK: 0 - CUDA_VISIBLE_DEVICES: [0]
[I 2023-11-30 06:55:41,299] Trial 30 finished with value: 0.1422339230775833 and parameters: {'gradient_clip_val': 0.16501556412864216, 'hidden_size': 116, 'dropout': 0.37095416342886584, 'hidden_continuous_size': 112, 'attention_head_size': 2, 'learning_rate': 0.06939649170408302}. Best is trial 26 with value: 0.10111206024885178.
LOCAL_RANK: 0 - CUDA_VISIBLE_DEVICES: [0]
[I 2023-11-30 06:55:55,174] Trial 31 finished with value: 0.28028568625450134 and parameters: {'gradient_clip_val': 0.1375071135263716, 'hidden_size': 81, 'dropout': 0.3217621380100346, 'hidden_continuous_size': 44, 'attention_head_size': 1, 'learning_rate': 0.09863988105896185}. Best is trial 26 with value: 0.10111206024885178.
LOCAL_RANK: 0 - CUDA_VISIBLE_DEVICES: [0]
[I 2023-11-30 06:56:09,223] Trial 32 finished with value: 0.1425085812807083 and parameters: {'gradient_clip_val': 0.18165229542670677, 'hidden_size': 90, 'dropout': 0.3531562590405315, 'hidden_continuous_size': 48, 'attention_head_size': 1, 'learning_rate': 0.05485719400087023}. Best is trial 26 with value: 0.10111206024885178.
LOCAL_RANK: 0 - CUDA_VISIBLE_DEVICES: [0]
[I 2023-11-30 06:56:23,104] Trial 33 finished with value: 0.20137660205364227 and parameters: {'gradient_clip_val': 0.11677199041761654, 'hidden_size': 67, 'dropout': 0.3736464061311572, 'hidden_continuous_size': 51, 'attention_head_size': 1, 'learning_rate': 0.09729712398227049}. Best is trial 26 with value: 0.10111206024885178.
LOCAL_RANK: 0 - CUDA_VISIBLE_DEVICES: [0]
[I 2023-11-30 06:56:37,287] Trial 34 finished with value: 0.23454542458057404 and parameters: {'gradient_clip_val': 0.1559893886557283, 'hidden_size': 117, 'dropout': 0.33971889571384317, 'hidden_continuous_size': 60, 'attention_head_size': 1, 'learning_rate': 0.06857856540773438}. Best is trial 26 with value: 0.10111206024885178.
LOCAL_RANK: 0 - CUDA_VISIBLE_DEVICES: [0]
[I 2023-11-30 06:56:51,204] Trial 35 finished with value: 0.21303357183933258 and parameters: {'gradient_clip_val': 0.2205266539128787, 'hidden_size': 85, 'dropout': 0.3146069960836242, 'hidden_continuous_size': 41, 'attention_head_size': 1, 'learning_rate': 0.04173906636019024}. Best is trial 26 with value: 0.10111206024885178.
LOCAL_RANK: 0 - CUDA_VISIBLE_DEVICES: [0]
[I 2023-11-30 06:57:05,196] Trial 36 finished with value: 0.18908101320266724 and parameters: {'gradient_clip_val': 0.13472841569955696, 'hidden_size': 76, 'dropout': 0.27668862729195864, 'hidden_continuous_size': 47, 'attention_head_size': 3, 'learning_rate': 0.07510082836577232}. Best is trial 26 with value: 0.10111206024885178.
LOCAL_RANK: 0 - CUDA_VISIBLE_DEVICES: [0]
[I 2023-11-30 06:57:19,307] Trial 37 finished with value: 0.16525106132030487 and parameters: {'gradient_clip_val': 0.18322456624527947, 'hidden_size': 94, 'dropout': 0.3013262093156648, 'hidden_continuous_size': 62, 'attention_head_size': 1, 'learning_rate': 0.05237855536178919}. Best is trial 26 with value: 0.10111206024885178.
LOCAL_RANK: 0 - CUDA_VISIBLE_DEVICES: [0]
[I 2023-11-30 06:57:33,005] Trial 38 finished with value: 0.1863529235124588 and parameters: {'gradient_clip_val': 0.16331551064881739, 'hidden_size': 51, 'dropout': 0.23184534774787252, 'hidden_continuous_size': 37, 'attention_head_size': 2, 'learning_rate': 0.019469289202175825}. Best is trial 26 with value: 0.10111206024885178.
LOCAL_RANK: 0 - CUDA_VISIBLE_DEVICES: [0]
[I 2023-11-30 06:57:46,838] Trial 39 finished with value: 0.15705299377441406 and parameters: {'gradient_clip_val': 0.11207928827444406, 'hidden_size': 59, 'dropout': 0.37812897385359245, 'hidden_continuous_size': 50, 'attention_head_size': 3, 'learning_rate': 0.03674838565952983}. Best is trial 26 with value: 0.10111206024885178.
LOCAL_RANK: 0 - CUDA_VISIBLE_DEVICES: [0]
