[I 2023-11-29 22:39:08,824] Trial 91 finished with value: 0.16867487132549286 and parameters: {'gradient_clip_val': 0.5587846156144917, 'hidden_size': 35, 'dropout': 0.24843780105052918, 'hidden_continuous_size': 23, 'attention_head_size': 3, 'learning_rate': 0.059837664521736236}. Best is trial 67 with value: 0.08393969386816025.
LOCAL_RANK: 0 - CUDA_VISIBLE_DEVICES: [0]
[I 2023-11-29 22:39:22,147] Trial 92 finished with value: 0.1852286458015442 and parameters: {'gradient_clip_val': 0.5927269368273224, 'hidden_size': 38, 'dropout': 0.2414661787556996, 'hidden_continuous_size': 26, 'attention_head_size': 4, 'learning_rate': 0.052557764337283396}. Best is trial 67 with value: 0.08393969386816025.
LOCAL_RANK: 0 - CUDA_VISIBLE_DEVICES: [0]
[I 2023-11-29 22:39:35,072] Trial 93 finished with value: 0.17161531746387482 and parameters: {'gradient_clip_val': 0.5220800375104462, 'hidden_size': 33, 'dropout': 0.26378401353788106, 'hidden_continuous_size': 20, 'attention_head_size': 3, 'learning_rate': 0.0433682242544956}. Best is trial 67 with value: 0.08393969386816025.
LOCAL_RANK: 0 - CUDA_VISIBLE_DEVICES: [0]
[I 2023-11-29 22:39:48,341] Trial 94 finished with value: 0.11539503186941147 and parameters: {'gradient_clip_val': 0.6345728928922559, 'hidden_size': 46, 'dropout': 0.2545918295366702, 'hidden_continuous_size': 24, 'attention_head_size': 3, 'learning_rate': 0.06347377386142465}. Best is trial 67 with value: 0.08393969386816025.
LOCAL_RANK: 0 - CUDA_VISIBLE_DEVICES: [0]
[I 2023-11-29 22:40:01,308] Trial 95 finished with value: 0.15686269104480743 and parameters: {'gradient_clip_val': 0.49103463136435527, 'hidden_size': 38, 'dropout': 0.2334912566468741, 'hidden_continuous_size': 21, 'attention_head_size': 2, 'learning_rate': 0.0754583950921561}. Best is trial 67 with value: 0.08393969386816025.
LOCAL_RANK: 0 - CUDA_VISIBLE_DEVICES: [0]
[I 2023-11-29 22:40:14,180] Trial 96 finished with value: 0.14922361075878143 and parameters: {'gradient_clip_val': 0.42243911029919073, 'hidden_size': 29, 'dropout': 0.24217561801801887, 'hidden_continuous_size': 22, 'attention_head_size': 2, 'learning_rate': 0.05691907586374556}. Best is trial 67 with value: 0.08393969386816025.
LOCAL_RANK: 0 - CUDA_VISIBLE_DEVICES: [0]
[I 2023-11-29 22:40:27,186] Trial 97 finished with value: 0.08298805356025696 and parameters: {'gradient_clip_val': 0.5789893371794836, 'hidden_size': 36, 'dropout': 0.24969595999555286, 'hidden_continuous_size': 23, 'attention_head_size': 2, 'learning_rate': 0.049629339640019345}. Best is trial 97 with value: 0.08298805356025696.
LOCAL_RANK: 0 - CUDA_VISIBLE_DEVICES: [0]
[I 2023-11-29 22:40:40,298] Trial 98 finished with value: 0.15678253769874573 and parameters: {'gradient_clip_val': 0.5294268555698076, 'hidden_size': 43, 'dropout': 0.27926212186289645, 'hidden_continuous_size': 23, 'attention_head_size': 2, 'learning_rate': 0.040283199410212946}. Best is trial 97 with value: 0.08298805356025696.
LOCAL_RANK: 0 - CUDA_VISIBLE_DEVICES: [0]
[I 2023-11-29 22:40:53,771] Trial 99 finished with value: 0.1340014487504959 and parameters: {'gradient_clip_val': 0.40153861600398977, 'hidden_size': 50, 'dropout': 0.2613614167550136, 'hidden_continuous_size': 27, 'attention_head_size': 4, 'learning_rate': 0.04808304285546235}. Best is trial 97 with value: 0.08298805356025696.
LOCAL_RANK: 0 - CUDA_VISIBLE_DEVICES: [0]
[I 2023-11-29 22:41:06,963] Trial 100 finished with value: 0.14665356278419495 and parameters: {'gradient_clip_val': 0.6919864977865507, 'hidden_size': 48, 'dropout': 0.2538000741615779, 'hidden_continuous_size': 28, 'attention_head_size': 3, 'learning_rate': 0.051220372311621354}. Best is trial 97 with value: 0.08298805356025696.
LOCAL_RANK: 0 - CUDA_VISIBLE_DEVICES: [0]
[I 2023-11-29 22:41:19,799] Trial 101 finished with value: 0.13340501487255096 and parameters: {'gradient_clip_val': 0.5814096744157167, 'hidden_size': 35, 'dropout': 0.24708028987527084, 'hidden_continuous_size': 24, 'attention_head_size': 2, 'learning_rate': 0.06745704580723154}. Best is trial 97 with value: 0.08298805356025696.
LOCAL_RANK: 0 - CUDA_VISIBLE_DEVICES: [0]
[I 2023-11-29 22:41:33,001] Trial 102 finished with value: 0.16440321505069733 and parameters: {'gradient_clip_val': 0.48128449886954644, 'hidden_size': 37, 'dropout': 0.2703838435866157, 'hidden_continuous_size': 24, 'attention_head_size': 2, 'learning_rate': 0.05747546088908123}. Best is trial 97 with value: 0.08298805356025696.
LOCAL_RANK: 0 - CUDA_VISIBLE_DEVICES: [0]
[I 2023-11-29 22:41:45,988] Trial 103 finished with value: 0.15030404925346375 and parameters: {'gradient_clip_val': 0.6238424299672091, 'hidden_size': 34, 'dropout': 0.23917577844887306, 'hidden_continuous_size': 23, 'attention_head_size': 2, 'learning_rate': 0.07197537503321574}. Best is trial 97 with value: 0.08298805356025696.
LOCAL_RANK: 0 - CUDA_VISIBLE_DEVICES: [0]
[I 2023-11-29 22:41:59,040] Trial 104 finished with value: 0.15114426612854004 and parameters: {'gradient_clip_val': 0.5461093456470352, 'hidden_size': 42, 'dropout': 0.2509791532888778, 'hidden_continuous_size': 19, 'attention_head_size': 2, 'learning_rate': 0.09381541085339463}. Best is trial 97 with value: 0.08298805356025696.
LOCAL_RANK: 0 - CUDA_VISIBLE_DEVICES: [0]
[I 2023-11-29 22:42:12,042] Trial 105 finished with value: 0.1390642523765564 and parameters: {'gradient_clip_val': 0.579020854938204, 'hidden_size': 39, 'dropout': 0.2626203394145681, 'hidden_continuous_size': 18, 'attention_head_size': 2, 'learning_rate': 0.06401509757143006}. Best is trial 97 with value: 0.08298805356025696.
LOCAL_RANK: 0 - CUDA_VISIBLE_DEVICES: [0]
[I 2023-11-29 22:42:24,720] Trial 106 finished with value: 0.2018122673034668 and parameters: {'gradient_clip_val': 0.43839990055544437, 'hidden_size': 32, 'dropout': 0.22943803402249852, 'hidden_continuous_size': 22, 'attention_head_size': 2, 'learning_rate': 0.07737848260687931}. Best is trial 97 with value: 0.08298805356025696.
LOCAL_RANK: 0 - CUDA_VISIBLE_DEVICES: [0]
[I 2023-11-29 22:42:37,900] Trial 107 finished with value: 0.14474546909332275 and parameters: {'gradient_clip_val': 0.47049018666714465, 'hidden_size': 45, 'dropout': 0.2734158643147635, 'hidden_continuous_size': 20, 'attention_head_size': 2, 'learning_rate': 0.08314709210459084}. Best is trial 97 with value: 0.08298805356025696.
LOCAL_RANK: 0 - CUDA_VISIBLE_DEVICES: [0]
[I 2023-11-29 22:42:50,783] Trial 108 finished with value: 0.16489240527153015 and parameters: {'gradient_clip_val': 0.5074904400422666, 'hidden_size': 36, 'dropout': 0.25671387704815557, 'hidden_continuous_size': 21, 'attention_head_size': 2, 'learning_rate': 0.060700337147890915}. Best is trial 97 with value: 0.08298805356025696.
LOCAL_RANK: 0 - CUDA_VISIBLE_DEVICES: [0]
[I 2023-11-29 22:43:03,708] Trial 109 finished with value: 0.13325023651123047 and parameters: {'gradient_clip_val': 0.549191940200631, 'hidden_size': 42, 'dropout': 0.236330097426468, 'hidden_continuous_size': 23, 'attention_head_size': 2, 'learning_rate': 0.0457852718466879}. Best is trial 97 with value: 0.08298805356025696.
LOCAL_RANK: 0 - CUDA_VISIBLE_DEVICES: [0]
[I 2023-11-29 22:43:16,488] Trial 110 finished with value: 0.09649486094713211 and parameters: {'gradient_clip_val': 0.45232033264366217, 'hidden_size': 30, 'dropout': 0.28505732229003716, 'hidden_continuous_size': 22, 'attention_head_size': 1, 'learning_rate': 0.054090573642791705}. Best is trial 97 with value: 0.08298805356025696.
LOCAL_RANK: 0 - CUDA_VISIBLE_DEVICES: [0]
[I 2023-11-29 22:43:29,170] Trial 111 finished with value: 0.10927337408065796 and parameters: {'gradient_clip_val': 0.4538145233339513, 'hidden_size': 30, 'dropout': 0.2834246393915335, 'hidden_continuous_size': 22, 'attention_head_size': 1, 'learning_rate': 0.054719021161523}. Best is trial 97 with value: 0.08298805356025696.
LOCAL_RANK: 0 - CUDA_VISIBLE_DEVICES: [0]
[I 2023-11-29 22:43:41,918] Trial 112 finished with value: 0.14388608932495117 and parameters: {'gradient_clip_val': 0.45577755428077266, 'hidden_size': 28, 'dropout': 0.28761273779770713, 'hidden_continuous_size': 23, 'attention_head_size': 1, 'learning_rate': 0.05546734132285863}. Best is trial 97 with value: 0.08298805356025696.
LOCAL_RANK: 0 - CUDA_VISIBLE_DEVICES: [0]
[I 2023-11-29 22:43:54,761] Trial 113 finished with value: 0.21348506212234497 and parameters: {'gradient_clip_val': 0.43506944501005373, 'hidden_size': 33, 'dropout': 0.28293102644775636, 'hidden_continuous_size': 25, 'attention_head_size': 1, 'learning_rate': 0.04112447506099812}. Best is trial 97 with value: 0.08298805356025696.
LOCAL_RANK: 0 - CUDA_VISIBLE_DEVICES: [0]
[I 2023-11-29 22:44:07,532] Trial 114 finished with value: 0.12704749405384064 and parameters: {'gradient_clip_val': 0.41456777113154925, 'hidden_size': 30, 'dropout': 0.2927697057460144, 'hidden_continuous_size': 22, 'attention_head_size': 1, 'learning_rate': 0.05022932409604815}. Best is trial 97 with value: 0.08298805356025696.
LOCAL_RANK: 0 - CUDA_VISIBLE_DEVICES: [0]
[I 2023-11-29 22:44:20,108] Trial 115 finished with value: 0.126156285405159 and parameters: {'gradient_clip_val': 0.45545681926709053, 'hidden_size': 27, 'dropout': 0.2671714526676139, 'hidden_continuous_size': 21, 'attention_head_size': 1, 'learning_rate': 0.0631543866215136}. Best is trial 97 with value: 0.08298805356025696.
LOCAL_RANK: 0 - CUDA_VISIBLE_DEVICES: [0]
[I 2023-11-29 22:44:32,958] Trial 116 finished with value: 0.19102998077869415 and parameters: {'gradient_clip_val': 0.3894066633683972, 'hidden_size': 31, 'dropout': 0.2776760003479423, 'hidden_continuous_size': 24, 'attention_head_size': 1, 'learning_rate': 0.07464757777209785}. Best is trial 97 with value: 0.08298805356025696.
LOCAL_RANK: 0 - CUDA_VISIBLE_DEVICES: [0]
[I 2023-11-29 22:44:45,369] Trial 117 finished with value: 0.23171477019786835 and parameters: {'gradient_clip_val': 0.48629548999196925, 'hidden_size': 24, 'dropout': 0.2735318399935454, 'hidden_continuous_size': 18, 'attention_head_size': 1, 'learning_rate': 0.03424165278815866}. Best is trial 97 with value: 0.08298805356025696.
LOCAL_RANK: 0 - CUDA_VISIBLE_DEVICES: [0]
[I 2023-11-29 22:44:58,171] Trial 118 finished with value: 0.21989621222019196 and parameters: {'gradient_clip_val': 0.3663274573316862, 'hidden_size': 40, 'dropout': 0.28450972750572956, 'hidden_continuous_size': 19, 'attention_head_size': 1, 'learning_rate': 0.05353937681690464}. Best is trial 97 with value: 0.08298805356025696.
LOCAL_RANK: 0 - CUDA_VISIBLE_DEVICES: [0]
[I 2023-11-29 22:45:11,199] Trial 119 finished with value: 0.18325696885585785 and parameters: {'gradient_clip_val': 0.49750458779678636, 'hidden_size': 52, 'dropout': 0.2589190606274421, 'hidden_continuous_size': 20, 'attention_head_size': 1, 'learning_rate': 0.046451294339311534}. Best is trial 97 with value: 0.08298805356025696.
LOCAL_RANK: 0 - CUDA_VISIBLE_DEVICES: [0]
[I 2023-11-29 22:45:23,968] Trial 120 finished with value: 0.17036108672618866 and parameters: {'gradient_clip_val': 0.5200123496801434, 'hidden_size': 34, 'dropout': 0.2655433826030866, 'hidden_continuous_size': 17, 'attention_head_size': 1, 'learning_rate': 0.08925522151011056}. Best is trial 97 with value: 0.08298805356025696.
LOCAL_RANK: 0 - CUDA_VISIBLE_DEVICES: [0]
[I 2023-11-29 22:45:36,921] Trial 121 finished with value: 0.14461253583431244 and parameters: {'gradient_clip_val': 0.5939670656145334, 'hidden_size': 37, 'dropout': 0.25052306660944496, 'hidden_continuous_size': 22, 'attention_head_size': 2, 'learning_rate': 0.0686618922839723}. Best is trial 97 with value: 0.08298805356025696.
LOCAL_RANK: 0 - CUDA_VISIBLE_DEVICES: [0]
[I 2023-11-29 22:45:49,795] Trial 122 finished with value: 0.1317807286977768 and parameters: {'gradient_clip_val': 0.5440918676964057, 'hidden_size': 40, 'dropout': 0.24532836466705962, 'hidden_continuous_size': 21, 'attention_head_size': 2, 'learning_rate': 0.05936899823795888}. Best is trial 97 with value: 0.08298805356025696.
LOCAL_RANK: 0 - CUDA_VISIBLE_DEVICES: [0]
[I 2023-11-29 22:46:02,509] Trial 123 finished with value: 0.10320299118757248 and parameters: {'gradient_clip_val': 0.47229811891270856, 'hidden_size': 36, 'dropout': 0.25040213220521323, 'hidden_continuous_size': 23, 'attention_head_size': 2, 'learning_rate': 0.0994155862204598}. Best is trial 97 with value: 0.08298805356025696.
LOCAL_RANK: 0 - CUDA_VISIBLE_DEVICES: [0]
[I 2023-11-29 22:46:15,584] Trial 124 finished with value: 0.13729789853096008 and parameters: {'gradient_clip_val': 0.4710995184391627, 'hidden_size': 47, 'dropout': 0.25927157878721857, 'hidden_continuous_size': 25, 'attention_head_size': 1, 'learning_rate': 0.09432441997945401}. Best is trial 97 with value: 0.08298805356025696.
LOCAL_RANK: 0 - CUDA_VISIBLE_DEVICES: [0]
[I 2023-11-29 22:46:28,309] Trial 125 finished with value: 0.10129430145025253 and parameters: {'gradient_clip_val': 0.43609293372789365, 'hidden_size': 31, 'dropout': 0.24109240926201225, 'hidden_continuous_size': 23, 'attention_head_size': 2, 'learning_rate': 0.08234605892909282}. Best is trial 97 with value: 0.08298805356025696.
LOCAL_RANK: 0 - CUDA_VISIBLE_DEVICES: [0]
[I 2023-11-29 22:46:41,262] Trial 126 finished with value: 0.2669810354709625 and parameters: {'gradient_clip_val': 0.43141429305794704, 'hidden_size': 30, 'dropout': 0.22705173561363037, 'hidden_continuous_size': 23, 'attention_head_size': 2, 'learning_rate': 0.09933322662142681}. Best is trial 97 with value: 0.08298805356025696.
LOCAL_RANK: 0 - CUDA_VISIBLE_DEVICES: [0]
[I 2023-11-29 22:46:54,104] Trial 127 finished with value: 0.14296939969062805 and parameters: {'gradient_clip_val': 0.395293648151899, 'hidden_size': 32, 'dropout': 0.2399525996000244, 'hidden_continuous_size': 24, 'attention_head_size': 1, 'learning_rate': 0.08233526554799578}. Best is trial 97 with value: 0.08298805356025696.
LOCAL_RANK: 0 - CUDA_VISIBLE_DEVICES: [0]
[I 2023-11-29 22:47:07,108] Trial 128 finished with value: 0.19869893789291382 and parameters: {'gradient_clip_val': 0.4125145720294339, 'hidden_size': 35, 'dropout': 0.2438497443157765, 'hidden_continuous_size': 22, 'attention_head_size': 2, 'learning_rate': 0.0723842943906478}. Best is trial 97 with value: 0.08298805356025696.
LOCAL_RANK: 0 - CUDA_VISIBLE_DEVICES: [0]
[I 2023-11-29 22:47:20,228] Trial 129 finished with value: 0.12373920530080795 and parameters: {'gradient_clip_val': 0.4464861516753603, 'hidden_size': 38, 'dropout': 0.2697091335429598, 'hidden_continuous_size': 20, 'attention_head_size': 2, 'learning_rate': 0.08297201341569553}. Best is trial 97 with value: 0.08298805356025696.
LOCAL_RANK: 0 - CUDA_VISIBLE_DEVICES: [0]
[I 2023-11-29 22:47:32,835] Trial 130 finished with value: 0.12821485102176666 and parameters: {'gradient_clip_val': 0.4946878525128296, 'hidden_size': 26, 'dropout': 0.23567243323765893, 'hidden_continuous_size': 23, 'attention_head_size': 2, 'learning_rate': 0.06473199644672614}. Best is trial 97 with value: 0.08298805356025696.
LOCAL_RANK: 0 - CUDA_VISIBLE_DEVICES: [0]
[I 2023-11-29 22:47:45,815] Trial 131 finished with value: 0.09463868290185928 and parameters: {'gradient_clip_val': 0.5217898756570917, 'hidden_size': 43, 'dropout': 0.24955661871408302, 'hidden_continuous_size': 21, 'attention_head_size': 2, 'learning_rate': 0.07794862492772055}. Best is trial 97 with value: 0.08298805356025696.
LOCAL_RANK: 0 - CUDA_VISIBLE_DEVICES: [0]
[I 2023-11-29 22:47:58,901] Trial 132 finished with value: 0.1473320573568344 and parameters: {'gradient_clip_val': 0.5220914229971362, 'hidden_size': 44, 'dropout': 0.24948351456332096, 'hidden_continuous_size': 21, 'attention_head_size': 2, 'learning_rate': 0.07740734748584129}. Best is trial 97 with value: 0.08298805356025696.
LOCAL_RANK: 0 - CUDA_VISIBLE_DEVICES: [0]
[I 2023-11-29 22:48:11,689] Trial 133 finished with value: 0.1421024203300476 and parameters: {'gradient_clip_val': 0.4720626586350857, 'hidden_size': 29, 'dropout': 0.23307641868042808, 'hidden_continuous_size': 16, 'attention_head_size': 2, 'learning_rate': 0.05811455868779658}. Best is trial 97 with value: 0.08298805356025696.
LOCAL_RANK: 0 - CUDA_VISIBLE_DEVICES: [0]
[I 2023-11-29 22:48:24,468] Trial 134 finished with value: 0.18605346977710724 and parameters: {'gradient_clip_val': 0.4250150070167037, 'hidden_size': 33, 'dropout': 0.2532074446100921, 'hidden_continuous_size': 17, 'attention_head_size': 2, 'learning_rate': 0.05235298388103701}. Best is trial 97 with value: 0.08298805356025696.
LOCAL_RANK: 0 - CUDA_VISIBLE_DEVICES: [0]
[I 2023-11-29 22:48:37,590] Trial 135 finished with value: 0.1803375482559204 and parameters: {'gradient_clip_val': 0.5572281919527472, 'hidden_size': 39, 'dropout': 0.26071354673359454, 'hidden_continuous_size': 26, 'attention_head_size': 2, 'learning_rate': 0.07314071910316242}. Best is trial 97 with value: 0.08298805356025696.
LOCAL_RANK: 0 - CUDA_VISIBLE_DEVICES: [0]
[I 2023-11-29 22:48:50,557] Trial 136 finished with value: 0.15629281103610992 and parameters: {'gradient_clip_val': 0.5021264856275723, 'hidden_size': 42, 'dropout': 0.24321808888912722, 'hidden_continuous_size': 19, 'attention_head_size': 2, 'learning_rate': 0.038043800769858034}. Best is trial 97 with value: 0.08298805356025696.
LOCAL_RANK: 0 - CUDA_VISIBLE_DEVICES: [0]
[I 2023-11-29 22:49:03,551] Trial 137 finished with value: 0.11250322312116623 and parameters: {'gradient_clip_val': 0.5297580922569655, 'hidden_size': 36, 'dropout': 0.27943660671393583, 'hidden_continuous_size': 24, 'attention_head_size': 3, 'learning_rate': 0.09977700235592582}. Best is trial 97 with value: 0.08298805356025696.
LOCAL_RANK: 0 - CUDA_VISIBLE_DEVICES: [0]
[I 2023-11-29 22:49:16,346] Trial 138 finished with value: 0.10516070574522018 and parameters: {'gradient_clip_val': 0.6154523714449818, 'hidden_size': 32, 'dropout': 0.2254834983297996, 'hidden_continuous_size': 22, 'attention_head_size': 2, 'learning_rate': 0.06550299017886331}. Best is trial 97 with value: 0.08298805356025696.
LOCAL_RANK: 0 - CUDA_VISIBLE_DEVICES: [0]
[I 2023-11-29 22:49:29,324] Trial 139 finished with value: 0.19018948078155518 and parameters: {'gradient_clip_val': 0.6303229876152875, 'hidden_size': 34, 'dropout': 0.22682491916652556, 'hidden_continuous_size': 23, 'attention_head_size': 2, 'learning_rate': 0.06413538647439966}. Best is trial 97 with value: 0.08298805356025696.
LOCAL_RANK: 0 - CUDA_VISIBLE_DEVICES: [0]
[I 2023-11-29 22:49:42,250] Trial 140 finished with value: 0.1586037576198578 and parameters: {'gradient_clip_val': 0.6698941292954738, 'hidden_size': 37, 'dropout': 0.22218823496361712, 'hidden_continuous_size': 18, 'attention_head_size': 2, 'learning_rate': 0.08750215854026117}. Best is trial 97 with value: 0.08298805356025696.
LOCAL_RANK: 0 - CUDA_VISIBLE_DEVICES: [0]
[I 2023-11-29 22:49:54,762] Trial 141 finished with value: 0.11731692403554916 and parameters: {'gradient_clip_val': 0.5986111046277905, 'hidden_size': 28, 'dropout': 0.23988376798359484, 'hidden_continuous_size': 22, 'attention_head_size': 2, 'learning_rate': 0.07881409832346707}. Best is trial 97 with value: 0.08298805356025696.
LOCAL_RANK: 0 - CUDA_VISIBLE_DEVICES: [0]
[I 2023-11-29 22:50:07,749] Trial 142 finished with value: 0.12693814933300018 and parameters: {'gradient_clip_val': 0.45848721983919977, 'hidden_size': 31, 'dropout': 0.2527002103407059, 'hidden_continuous_size': 21, 'attention_head_size': 2, 'learning_rate': 0.06769761787816732}. Best is trial 97 with value: 0.08298805356025696.
LOCAL_RANK: 0 - CUDA_VISIBLE_DEVICES: [0]
[I 2023-11-29 22:50:20,220] Trial 143 finished with value: 0.12190546840429306 and parameters: {'gradient_clip_val': 0.619336271517585, 'hidden_size': 32, 'dropout': 0.23185793595901058, 'hidden_continuous_size': 22, 'attention_head_size': 2, 'learning_rate': 0.05600721660511208}. Best is trial 97 with value: 0.08298805356025696.
LOCAL_RANK: 0 - CUDA_VISIBLE_DEVICES: [0]
[I 2023-11-29 22:50:33,024] Trial 144 finished with value: 0.15929864346981049 and parameters: {'gradient_clip_val': 0.5617709222481996, 'hidden_size': 40, 'dropout': 0.2646361154435143, 'hidden_continuous_size': 21, 'attention_head_size': 2, 'learning_rate': 0.0489447397170346}. Best is trial 97 with value: 0.08298805356025696.
LOCAL_RANK: 0 - CUDA_VISIBLE_DEVICES: [0]
[I 2023-11-29 22:50:46,029] Trial 145 finished with value: 0.14103861153125763 and parameters: {'gradient_clip_val': 0.48382087542151214, 'hidden_size': 35, 'dropout': 0.2753966480159382, 'hidden_continuous_size': 23, 'attention_head_size': 2, 'learning_rate': 0.0419580347430262}. Best is trial 97 with value: 0.08298805356025696.
LOCAL_RANK: 0 - CUDA_VISIBLE_DEVICES: [0]
[I 2023-11-29 22:50:59,025] Trial 146 finished with value: 0.41870012879371643 and parameters: {'gradient_clip_val': 0.5295167913620197, 'hidden_size': 44, 'dropout': 0.21572337850513285, 'hidden_continuous_size': 20, 'attention_head_size': 2, 'learning_rate': 0.010672310681015726}. Best is trial 97 with value: 0.08298805356025696.
LOCAL_RANK: 0 - CUDA_VISIBLE_DEVICES: [0]
[I 2023-11-29 22:51:12,070] Trial 147 finished with value: 0.14161893725395203 and parameters: {'gradient_clip_val': 0.4507358709294779, 'hidden_size': 30, 'dropout': 0.2475507812934894, 'hidden_continuous_size': 22, 'attention_head_size': 2, 'learning_rate': 0.06146834994472275}. Best is trial 97 with value: 0.08298805356025696.
LOCAL_RANK: 0 - CUDA_VISIBLE_DEVICES: [0]
[I 2023-11-29 22:51:25,157] Trial 148 finished with value: 0.17432914674282074 and parameters: {'gradient_clip_val': 0.41021191799250045, 'hidden_size': 39, 'dropout': 0.2542985225249715, 'hidden_continuous_size': 25, 'attention_head_size': 2, 'learning_rate': 0.07112670943889754}. Best is trial 97 with value: 0.08298805356025696.
LOCAL_RANK: 0 - CUDA_VISIBLE_DEVICES: [0]
