[I 2023-11-30 02:07:04,923] Trial 117 finished with value: 0.13906484842300415 and parameters: {'gradient_clip_val': 0.85309868860876, 'hidden_size': 109, 'dropout': 0.15542916330894058, 'hidden_continuous_size': 103, 'attention_head_size': 3, 'learning_rate': 0.009810717248981622}. Best is trial 52 with value: 0.10547497123479843.
LOCAL_RANK: 0 - CUDA_VISIBLE_DEVICES: [0]
[I 2023-11-30 02:07:19,496] Trial 118 finished with value: 0.26313135027885437 and parameters: {'gradient_clip_val': 0.8069409502437006, 'hidden_size': 117, 'dropout': 0.14758750113772756, 'hidden_continuous_size': 108, 'attention_head_size': 3, 'learning_rate': 0.01576104822448435}. Best is trial 52 with value: 0.10547497123479843.
LOCAL_RANK: 0 - CUDA_VISIBLE_DEVICES: [0]
[I 2023-11-30 02:07:33,844] Trial 119 finished with value: 0.1744413822889328 and parameters: {'gradient_clip_val': 0.7880650601120757, 'hidden_size': 84, 'dropout': 0.1209306349887572, 'hidden_continuous_size': 81, 'attention_head_size': 2, 'learning_rate': 0.006669685851582248}. Best is trial 52 with value: 0.10547497123479843.
LOCAL_RANK: 0 - CUDA_VISIBLE_DEVICES: [0]
[I 2023-11-30 02:07:48,789] Trial 120 finished with value: 0.18170951306819916 and parameters: {'gradient_clip_val': 0.9155433192007724, 'hidden_size': 127, 'dropout': 0.13930326129447887, 'hidden_continuous_size': 119, 'attention_head_size': 4, 'learning_rate': 0.011787784353270093}. Best is trial 52 with value: 0.10547497123479843.
LOCAL_RANK: 0 - CUDA_VISIBLE_DEVICES: [0]
[I 2023-11-30 02:08:04,115] Trial 121 finished with value: 0.18231500685214996 and parameters: {'gradient_clip_val': 0.7082373549621043, 'hidden_size': 150, 'dropout': 0.13489521454926437, 'hidden_continuous_size': 149, 'attention_head_size': 3, 'learning_rate': 0.008781185635067267}. Best is trial 52 with value: 0.10547497123479843.
LOCAL_RANK: 0 - CUDA_VISIBLE_DEVICES: [0]
[I 2023-11-30 02:08:18,889] Trial 122 finished with value: 0.17160391807556152 and parameters: {'gradient_clip_val': 0.7543927196538994, 'hidden_size': 104, 'dropout': 0.16447365045684814, 'hidden_continuous_size': 99, 'attention_head_size': 3, 'learning_rate': 0.007403964203977819}. Best is trial 52 with value: 0.10547497123479843.
LOCAL_RANK: 0 - CUDA_VISIBLE_DEVICES: [0]
[I 2023-11-30 02:08:33,371] Trial 123 finished with value: 0.1371535062789917 and parameters: {'gradient_clip_val': 0.649285061818511, 'hidden_size': 95, 'dropout': 0.12983278888012814, 'hidden_continuous_size': 89, 'attention_head_size': 3, 'learning_rate': 0.010419658798745594}. Best is trial 52 with value: 0.10547497123479843.
LOCAL_RANK: 0 - CUDA_VISIBLE_DEVICES: [0]
[I 2023-11-30 02:08:48,062] Trial 124 finished with value: 0.21281081438064575 and parameters: {'gradient_clip_val': 0.5942069292762572, 'hidden_size': 133, 'dropout': 0.11282485097399646, 'hidden_continuous_size': 73, 'attention_head_size': 3, 'learning_rate': 0.009442836363296415}. Best is trial 52 with value: 0.10547497123479843.
LOCAL_RANK: 0 - CUDA_VISIBLE_DEVICES: [0]
[I 2023-11-30 02:09:02,901] Trial 125 finished with value: 0.20515096187591553 and parameters: {'gradient_clip_val': 0.693085150453622, 'hidden_size': 113, 'dropout': 0.1235926013190086, 'hidden_continuous_size': 105, 'attention_head_size': 3, 'learning_rate': 0.00793577223660194}. Best is trial 52 with value: 0.10547497123479843.
LOCAL_RANK: 0 - CUDA_VISIBLE_DEVICES: [0]
[I 2023-11-30 02:09:17,509] Trial 126 finished with value: 0.22700636088848114 and parameters: {'gradient_clip_val': 0.6346534288224792, 'hidden_size': 106, 'dropout': 0.10556652653008947, 'hidden_continuous_size': 100, 'attention_head_size': 3, 'learning_rate': 0.01122233278456236}. Best is trial 52 with value: 0.10547497123479843.
LOCAL_RANK: 0 - CUDA_VISIBLE_DEVICES: [0]
[I 2023-11-30 02:09:31,988] Trial 127 finished with value: 0.273236483335495 and parameters: {'gradient_clip_val': 0.5148058275481587, 'hidden_size': 98, 'dropout': 0.17531384669811756, 'hidden_continuous_size': 93, 'attention_head_size': 2, 'learning_rate': 0.00543023884140248}. Best is trial 52 with value: 0.10547497123479843.
LOCAL_RANK: 0 - CUDA_VISIBLE_DEVICES: [0]
[I 2023-11-30 02:09:46,797] Trial 128 finished with value: 0.17808979749679565 and parameters: {'gradient_clip_val': 0.7304078356266862, 'hidden_size': 121, 'dropout': 0.13870650402073653, 'hidden_continuous_size': 111, 'attention_head_size': 3, 'learning_rate': 0.017548402768948326}. Best is trial 52 with value: 0.10547497123479843.
LOCAL_RANK: 0 - CUDA_VISIBLE_DEVICES: [0]
[I 2023-11-30 02:10:01,941] Trial 129 finished with value: 0.18483488261699677 and parameters: {'gradient_clip_val': 0.8526144983962956, 'hidden_size': 141, 'dropout': 0.1537261052013079, 'hidden_continuous_size': 129, 'attention_head_size': 3, 'learning_rate': 0.013367680430337392}. Best is trial 52 with value: 0.10547497123479843.
LOCAL_RANK: 0 - CUDA_VISIBLE_DEVICES: [0]
[I 2023-11-30 02:10:16,535] Trial 130 finished with value: 0.1897214651107788 and parameters: {'gradient_clip_val': 0.5625733492584267, 'hidden_size': 81, 'dropout': 0.11755514161915043, 'hidden_continuous_size': 78, 'attention_head_size': 3, 'learning_rate': 0.021014176033703928}. Best is trial 52 with value: 0.10547497123479843.
LOCAL_RANK: 0 - CUDA_VISIBLE_DEVICES: [0]
[I 2023-11-30 02:10:31,134] Trial 131 finished with value: 0.30841729044914246 and parameters: {'gradient_clip_val': 0.7601040188702082, 'hidden_size': 109, 'dropout': 0.1607632826251761, 'hidden_continuous_size': 101, 'attention_head_size': 2, 'learning_rate': 0.019810407513010744}. Best is trial 52 with value: 0.10547497123479843.
LOCAL_RANK: 0 - CUDA_VISIBLE_DEVICES: [0]
[I 2023-11-30 02:10:45,769] Trial 132 finished with value: 0.2200401872396469 and parameters: {'gradient_clip_val': 0.6722301532883806, 'hidden_size': 114, 'dropout': 0.1483267648165779, 'hidden_continuous_size': 107, 'attention_head_size': 2, 'learning_rate': 0.008618493869613936}. Best is trial 52 with value: 0.10547497123479843.
LOCAL_RANK: 0 - CUDA_VISIBLE_DEVICES: [0]
[I 2023-11-30 02:11:00,079] Trial 133 finished with value: 0.18296444416046143 and parameters: {'gradient_clip_val': 0.6165741801811081, 'hidden_size': 88, 'dropout': 0.17125551956370094, 'hidden_continuous_size': 85, 'attention_head_size': 2, 'learning_rate': 0.023657890442913044}. Best is trial 52 with value: 0.10547497123479843.
LOCAL_RANK: 0 - CUDA_VISIBLE_DEVICES: [0]
[I 2023-11-30 02:11:14,597] Trial 134 finished with value: 0.28886163234710693 and parameters: {'gradient_clip_val': 0.781734563176855, 'hidden_size': 91, 'dropout': 0.18208417659249979, 'hidden_continuous_size': 87, 'attention_head_size': 2, 'learning_rate': 0.014668274941041243}. Best is trial 52 with value: 0.10547497123479843.
LOCAL_RANK: 0 - CUDA_VISIBLE_DEVICES: [0]
[I 2023-11-30 02:11:29,505] Trial 135 finished with value: 0.2235349416732788 and parameters: {'gradient_clip_val': 0.8175938991594472, 'hidden_size': 123, 'dropout': 0.14528293843955428, 'hidden_continuous_size': 114, 'attention_head_size': 2, 'learning_rate': 0.027220108778045902}. Best is trial 52 with value: 0.10547497123479843.
LOCAL_RANK: 0 - CUDA_VISIBLE_DEVICES: [0]
[I 2023-11-30 02:11:44,167] Trial 136 finished with value: 0.20120452344417572 and parameters: {'gradient_clip_val': 0.7186196071452579, 'hidden_size': 101, 'dropout': 0.1292932628464406, 'hidden_continuous_size': 95, 'attention_head_size': 3, 'learning_rate': 0.01643298128000583}. Best is trial 52 with value: 0.10547497123479843.
LOCAL_RANK: 0 - CUDA_VISIBLE_DEVICES: [0]
[I 2023-11-30 02:11:58,880] Trial 137 finished with value: 0.4364881217479706 and parameters: {'gradient_clip_val': 0.3635552006177805, 'hidden_size': 133, 'dropout': 0.1393135364778268, 'hidden_continuous_size': 63, 'attention_head_size': 4, 'learning_rate': 0.006958459715772719}. Best is trial 52 with value: 0.10547497123479843.
LOCAL_RANK: 0 - CUDA_VISIBLE_DEVICES: [0]
[I 2023-11-30 02:12:13,138] Trial 138 finished with value: 0.207108736038208 and parameters: {'gradient_clip_val': 0.5897080796727707, 'hidden_size': 73, 'dropout': 0.13448172813055276, 'hidden_continuous_size': 71, 'attention_head_size': 3, 'learning_rate': 0.021426837163477007}. Best is trial 52 with value: 0.10547497123479843.
LOCAL_RANK: 0 - CUDA_VISIBLE_DEVICES: [0]
[I 2023-11-30 02:12:27,663] Trial 139 finished with value: 0.21686041355133057 and parameters: {'gradient_clip_val': 0.5426285628261567, 'hidden_size': 107, 'dropout': 0.15586602825733373, 'hidden_continuous_size': 101, 'attention_head_size': 2, 'learning_rate': 0.009719845421465857}. Best is trial 52 with value: 0.10547497123479843.
LOCAL_RANK: 0 - CUDA_VISIBLE_DEVICES: [0]
[I 2023-11-30 02:12:41,385] Trial 140 finished with value: 0.16619203984737396 and parameters: {'gradient_clip_val': 0.6595875545253047, 'hidden_size': 54, 'dropout': 0.12428737237087142, 'hidden_continuous_size': 53, 'attention_head_size': 1, 'learning_rate': 0.01906412765079783}. Best is trial 52 with value: 0.10547497123479843.
LOCAL_RANK: 0 - CUDA_VISIBLE_DEVICES: [0]
[I 2023-11-30 02:12:55,755] Trial 141 finished with value: 0.17488111555576324 and parameters: {'gradient_clip_val': 0.690438516788402, 'hidden_size': 78, 'dropout': 0.1472993362989468, 'hidden_continuous_size': 76, 'attention_head_size': 3, 'learning_rate': 0.01175077619564523}. Best is trial 52 with value: 0.10547497123479843.
LOCAL_RANK: 0 - CUDA_VISIBLE_DEVICES: [0]
[I 2023-11-30 02:13:10,141] Trial 142 finished with value: 0.17805755138397217 and parameters: {'gradient_clip_val': 0.6210468895428314, 'hidden_size': 83, 'dropout': 0.1647870922742344, 'hidden_continuous_size': 80, 'attention_head_size': 3, 'learning_rate': 0.012522530549974346}. Best is trial 52 with value: 0.10547497123479843.
LOCAL_RANK: 0 - CUDA_VISIBLE_DEVICES: [0]
[I 2023-11-30 02:13:24,325] Trial 143 finished with value: 0.272720605134964 and parameters: {'gradient_clip_val': 0.5809432174392966, 'hidden_size': 68, 'dropout': 0.10885952041744236, 'hidden_continuous_size': 66, 'attention_head_size': 3, 'learning_rate': 0.010532564480382086}. Best is trial 52 with value: 0.10547497123479843.
LOCAL_RANK: 0 - CUDA_VISIBLE_DEVICES: [0]
[I 2023-11-30 02:13:38,833] Trial 144 finished with value: 0.15990857779979706 and parameters: {'gradient_clip_val': 0.7512692860140883, 'hidden_size': 94, 'dropout': 0.15138726397580132, 'hidden_continuous_size': 91, 'attention_head_size': 3, 'learning_rate': 0.013315890436572785}. Best is trial 52 with value: 0.10547497123479843.
LOCAL_RANK: 0 - CUDA_VISIBLE_DEVICES: [0]
[I 2023-11-30 02:13:53,354] Trial 145 finished with value: 0.1700940877199173 and parameters: {'gradient_clip_val': 0.30532951038392536, 'hidden_size': 88, 'dropout': 0.10064981151480178, 'hidden_continuous_size': 84, 'attention_head_size': 3, 'learning_rate': 0.007938548079699088}. Best is trial 52 with value: 0.10547497123479843.
LOCAL_RANK: 0 - CUDA_VISIBLE_DEVICES: [0]
[I 2023-11-30 02:14:08,208] Trial 146 finished with value: 0.25839224457740784 and parameters: {'gradient_clip_val': 0.6415280565027977, 'hidden_size': 117, 'dropout': 0.1428931092238479, 'hidden_continuous_size': 111, 'attention_head_size': 3, 'learning_rate': 0.009205339893658862}. Best is trial 52 with value: 0.10547497123479843.
LOCAL_RANK: 0 - CUDA_VISIBLE_DEVICES: [0]
[I 2023-11-30 02:14:23,315] Trial 147 finished with value: 0.18966718018054962 and parameters: {'gradient_clip_val': 0.49841947923803376, 'hidden_size': 142, 'dropout': 0.11774375747331042, 'hidden_continuous_size': 125, 'attention_head_size': 4, 'learning_rate': 0.024884939836574613}. Best is trial 52 with value: 0.10547497123479843.
LOCAL_RANK: 0 - CUDA_VISIBLE_DEVICES: [0]
[I 2023-11-30 02:14:37,648] Trial 148 finished with value: 0.3828984200954437 and parameters: {'gradient_clip_val': 0.6065770937648235, 'hidden_size': 100, 'dropout': 0.15891107068771454, 'hidden_continuous_size': 95, 'attention_head_size': 3, 'learning_rate': 0.011056859063900724}. Best is trial 52 with value: 0.10547497123479843.
LOCAL_RANK: 0 - CUDA_VISIBLE_DEVICES: [0]
[I 2023-11-30 02:14:52,456] Trial 149 finished with value: 0.1843215674161911 and parameters: {'gradient_clip_val': 0.276090615303428, 'hidden_size': 130, 'dropout': 0.13477792335861616, 'hidden_continuous_size': 119, 'attention_head_size': 3, 'learning_rate': 0.005957118600781604}. Best is trial 52 with value: 0.10547497123479843.
[I 2023-11-30 02:14:52,570] A new study created in memory with name: no-name-c602da66-d378-49a2-b1f3-fbb2880be16d
/home/le004/conda/anaconda3/envs/tsff_env/lib/python3.9/site-packages/lightning/fabric/plugins/environments/slurm.py:191: The `srun` command is available on your system but is not used. HINT: If your intention is to run Lightning on SLURM, prepend your python command with `srun` like so: srun python /home/le004/master_thesis/git/TSFusionForecast/code/ ...
LOCAL_RANK: 0 - CUDA_VISIBLE_DEVICES: [0]
[I 2023-11-30 02:15:05,850] Trial 0 finished with value: 0.30995652079582214 and parameters: {'gradient_clip_val': 0.1593574213691486, 'hidden_size': 44, 'dropout': 0.13459397487667674, 'hidden_continuous_size': 29, 'attention_head_size': 3, 'learning_rate': 0.011472911239091539}. Best is trial 0 with value: 0.30995652079582214.
LOCAL_RANK: 0 - CUDA_VISIBLE_DEVICES: [0]
[I 2023-11-30 02:15:19,180] Trial 1 finished with value: 0.13831393420696259 and parameters: {'gradient_clip_val': 0.38918391699883886, 'hidden_size': 46, 'dropout': 0.12131318009288995, 'hidden_continuous_size': 28, 'attention_head_size': 3, 'learning_rate': 0.01735346010190176}. Best is trial 1 with value: 0.13831393420696259.
LOCAL_RANK: 0 - CUDA_VISIBLE_DEVICES: [0]
[I 2023-11-30 02:15:31,603] Trial 2 finished with value: 2.7491815090179443 and parameters: {'gradient_clip_val': 0.6282691775133108, 'hidden_size': 18, 'dropout': 0.38512715007865395, 'hidden_continuous_size': 14, 'attention_head_size': 3, 'learning_rate': 0.001215935899483045}. Best is trial 1 with value: 0.13831393420696259.
LOCAL_RANK: 0 - CUDA_VISIBLE_DEVICES: [0]
[I 2023-11-30 02:15:44,269] Trial 3 finished with value: 0.4848182201385498 and parameters: {'gradient_clip_val': 0.11046876498212463, 'hidden_size': 19, 'dropout': 0.15371726316230905, 'hidden_continuous_size': 18, 'attention_head_size': 3, 'learning_rate': 0.012542520427569976}. Best is trial 1 with value: 0.13831393420696259.
LOCAL_RANK: 0 - CUDA_VISIBLE_DEVICES: [0]
[I 2023-11-30 02:15:58,631] Trial 4 finished with value: 0.2551332414150238 and parameters: {'gradient_clip_val': 0.12534108590541926, 'hidden_size': 89, 'dropout': 0.34106292536328825, 'hidden_continuous_size': 73, 'attention_head_size': 3, 'learning_rate': 0.005801767269149858}. Best is trial 1 with value: 0.13831393420696259.
LOCAL_RANK: 0 - CUDA_VISIBLE_DEVICES: [0]
[I 2023-11-30 02:16:12,469] Trial 5 finished with value: 0.12345045059919357 and parameters: {'gradient_clip_val': 0.6539334191595982, 'hidden_size': 103, 'dropout': 0.22116189031101702, 'hidden_continuous_size': 12, 'attention_head_size': 1, 'learning_rate': 0.026883178935997953}. Best is trial 5 with value: 0.12345045059919357.
LOCAL_RANK: 0 - CUDA_VISIBLE_DEVICES: [0]
[I 2023-11-30 02:16:26,083] Trial 6 finished with value: 0.9801120162010193 and parameters: {'gradient_clip_val': 0.16596928376798992, 'hidden_size': 80, 'dropout': 0.32049763160943867, 'hidden_continuous_size': 18, 'attention_head_size': 1, 'learning_rate': 0.0017333879844385106}. Best is trial 5 with value: 0.12345045059919357.
LOCAL_RANK: 0 - CUDA_VISIBLE_DEVICES: [0]
[I 2023-11-30 02:16:38,409] Trial 7 finished with value: 0.15543223917484283 and parameters: {'gradient_clip_val': 0.4700906903424551, 'hidden_size': 14, 'dropout': 0.2467215626066333, 'hidden_continuous_size': 12, 'attention_head_size': 2, 'learning_rate': 0.07207055559377881}. Best is trial 5 with value: 0.12345045059919357.
LOCAL_RANK: 0 - CUDA_VISIBLE_DEVICES: [0]
[I 2023-11-30 02:16:52,423] Trial 8 finished with value: 0.25496983528137207 and parameters: {'gradient_clip_val': 0.21828643691914873, 'hidden_size': 93, 'dropout': 0.1452709034120056, 'hidden_continuous_size': 30, 'attention_head_size': 3, 'learning_rate': 0.005777755036983383}. Best is trial 5 with value: 0.12345045059919357.
LOCAL_RANK: 0 - CUDA_VISIBLE_DEVICES: [0]
[I 2023-11-30 02:17:06,718] Trial 9 finished with value: 0.3384443521499634 and parameters: {'gradient_clip_val': 0.15818837054566248, 'hidden_size': 142, 'dropout': 0.2717848958808615, 'hidden_continuous_size': 13, 'attention_head_size': 2, 'learning_rate': 0.010489905073774746}. Best is trial 5 with value: 0.12345045059919357.
LOCAL_RANK: 0 - CUDA_VISIBLE_DEVICES: [0]
[I 2023-11-30 02:17:19,294] Trial 10 finished with value: 0.13987907767295837 and parameters: {'gradient_clip_val': 0.9641077673223142, 'hidden_size': 27, 'dropout': 0.208047506668465, 'hidden_continuous_size': 10, 'attention_head_size': 1, 'learning_rate': 0.09220639378693467}. Best is trial 5 with value: 0.12345045059919357.
LOCAL_RANK: 0 - CUDA_VISIBLE_DEVICES: [0]
[I 2023-11-30 02:17:32,533] Trial 11 finished with value: 0.1322551965713501 and parameters: {'gradient_clip_val': 0.3548673209808729, 'hidden_size': 47, 'dropout': 0.11579046600410772, 'hidden_continuous_size': 10, 'attention_head_size': 4, 'learning_rate': 0.027498219601266482}. Best is trial 5 with value: 0.12345045059919357.
LOCAL_RANK: 0 - CUDA_VISIBLE_DEVICES: [0]
[I 2023-11-30 02:17:43,151] Trial 12 finished with value: 0.47407498955726624 and parameters: {'gradient_clip_val': 0.2752920377645529, 'hidden_size': 10, 'dropout': 0.20243948205403317, 'hidden_continuous_size': 10, 'attention_head_size': 4, 'learning_rate': 0.03183360107803011}. Best is trial 5 with value: 0.12345045059919357.
LOCAL_RANK: 0 - CUDA_VISIBLE_DEVICES: [0]
[I 2023-11-30 02:17:56,436] Trial 13 finished with value: 0.21461306512355804 and parameters: {'gradient_clip_val': 0.5448780001866891, 'hidden_size': 60, 'dropout': 0.1030914986611377, 'hidden_continuous_size': 10, 'attention_head_size': 4, 'learning_rate': 0.0345646922517714}. Best is trial 5 with value: 0.12345045059919357.
LOCAL_RANK: 0 - CUDA_VISIBLE_DEVICES: [0]
[I 2023-11-30 02:18:09,182] Trial 14 finished with value: 0.1843857765197754 and parameters: {'gradient_clip_val': 0.31868924379456987, 'hidden_size': 33, 'dropout': 0.18186009217371624, 'hidden_continuous_size': 12, 'attention_head_size': 1, 'learning_rate': 0.027525195882992085}. Best is trial 5 with value: 0.12345045059919357.
LOCAL_RANK: 0 - CUDA_VISIBLE_DEVICES: [0]
[I 2023-11-30 02:18:23,479] Trial 15 finished with value: 0.17597246170043945 and parameters: {'gradient_clip_val': 0.742629231821581, 'hidden_size': 142, 'dropout': 0.10455143717705637, 'hidden_continuous_size': 19, 'attention_head_size': 2, 'learning_rate': 0.04907402966687306}. Best is trial 5 with value: 0.12345045059919357.
LOCAL_RANK: 0 - CUDA_VISIBLE_DEVICES: [0]
[I 2023-11-30 02:18:37,145] Trial 16 finished with value: 0.1488589197397232 and parameters: {'gradient_clip_val': 0.42945452800666, 'hidden_size': 61, 'dropout': 0.16946925242112074, 'hidden_continuous_size': 15, 'attention_head_size': 4, 'learning_rate': 0.021195386143049912}. Best is trial 5 with value: 0.12345045059919357.
LOCAL_RANK: 0 - CUDA_VISIBLE_DEVICES: [0]
[I 2023-11-30 02:18:49,779] Trial 17 finished with value: 0.10174999386072159 and parameters: {'gradient_clip_val': 0.706427774520706, 'hidden_size': 30, 'dropout': 0.23106972426476097, 'hidden_continuous_size': 11, 'attention_head_size': 2, 'learning_rate': 0.05452900027230285}. Best is trial 17 with value: 0.10174999386072159.
LOCAL_RANK: 0 - CUDA_VISIBLE_DEVICES: [0]
[I 2023-11-30 02:19:02,310] Trial 18 finished with value: 0.11573629826307297 and parameters: {'gradient_clip_val': 0.9121325580681858, 'hidden_size': 29, 'dropout': 0.25051405649677394, 'hidden_continuous_size': 11, 'attention_head_size': 1, 'learning_rate': 0.05399825564597077}. Best is trial 17 with value: 0.10174999386072159.
LOCAL_RANK: 0 - CUDA_VISIBLE_DEVICES: [0]
[I 2023-11-30 02:19:14,859] Trial 19 finished with value: 0.1188223734498024 and parameters: {'gradient_clip_val': 0.9700297392038819, 'hidden_size': 28, 'dropout': 0.2665952784881787, 'hidden_continuous_size': 11, 'attention_head_size': 2, 'learning_rate': 0.06386827106061997}. Best is trial 17 with value: 0.10174999386072159.
LOCAL_RANK: 0 - CUDA_VISIBLE_DEVICES: [0]
[I 2023-11-30 02:19:27,708] Trial 20 finished with value: 0.11723291873931885 and parameters: {'gradient_clip_val': 0.7989582954470169, 'hidden_size': 34, 'dropout': 0.2372915115788878, 'hidden_continuous_size': 11, 'attention_head_size': 1, 'learning_rate': 0.09477562349409305}. Best is trial 17 with value: 0.10174999386072159.
LOCAL_RANK: 0 - CUDA_VISIBLE_DEVICES: [0]
[I 2023-11-30 02:19:40,063] Trial 21 finished with value: 0.12683932483196259 and parameters: {'gradient_clip_val': 0.7948430146591119, 'hidden_size': 32, 'dropout': 0.23503447262217603, 'hidden_continuous_size': 11, 'attention_head_size': 1, 'learning_rate': 0.09704880148019851}. Best is trial 17 with value: 0.10174999386072159.
LOCAL_RANK: 0 - CUDA_VISIBLE_DEVICES: [0]
[I 2023-11-30 02:19:52,089] Trial 22 finished with value: 0.20546649396419525 and parameters: {'gradient_clip_val': 0.796341698834978, 'hidden_size': 24, 'dropout': 0.270814574762457, 'hidden_continuous_size': 11, 'attention_head_size': 1, 'learning_rate': 0.05247225561731688}. Best is trial 17 with value: 0.10174999386072159.
LOCAL_RANK: 0 - CUDA_VISIBLE_DEVICES: [0]
[I 2023-11-30 02:20:05,067] Trial 23 finished with value: 0.08054208010435104 and parameters: {'gradient_clip_val': 0.5353463977250095, 'hidden_size': 39, 'dropout': 0.23713234427582694, 'hidden_continuous_size': 14, 'attention_head_size': 2, 'learning_rate': 0.04846687918567257}. Best is trial 23 with value: 0.08054208010435104.
LOCAL_RANK: 0 - CUDA_VISIBLE_DEVICES: [0]
