[I 2023-11-30 06:58:01,295] Trial 40 finished with value: 0.2818695604801178 and parameters: {'gradient_clip_val': 0.13059094205347466, 'hidden_size': 127, 'dropout': 0.27993123875604725, 'hidden_continuous_size': 75, 'attention_head_size': 1, 'learning_rate': 0.09953912685530823}. Best is trial 26 with value: 0.10111206024885178.
LOCAL_RANK: 0 - CUDA_VISIBLE_DEVICES: [0]
[I 2023-11-30 06:58:15,449] Trial 41 finished with value: 0.09108730405569077 and parameters: {'gradient_clip_val': 0.12112102593334671, 'hidden_size': 107, 'dropout': 0.31003216046184984, 'hidden_continuous_size': 60, 'attention_head_size': 1, 'learning_rate': 0.05156222716857518}. Best is trial 41 with value: 0.09108730405569077.
LOCAL_RANK: 0 - CUDA_VISIBLE_DEVICES: [0]
[I 2023-11-30 06:58:29,652] Trial 42 finished with value: 0.17581899464130402 and parameters: {'gradient_clip_val': 0.10805859939265784, 'hidden_size': 105, 'dropout': 0.3235471058108228, 'hidden_continuous_size': 57, 'attention_head_size': 1, 'learning_rate': 0.0786981052460374}. Best is trial 41 with value: 0.09108730405569077.
LOCAL_RANK: 0 - CUDA_VISIBLE_DEVICES: [0]
[I 2023-11-30 06:58:43,825] Trial 43 finished with value: 0.12568537890911102 and parameters: {'gradient_clip_val': 0.1293630668043654, 'hidden_size': 89, 'dropout': 0.2993254131639197, 'hidden_continuous_size': 62, 'attention_head_size': 1, 'learning_rate': 0.050092100339738155}. Best is trial 41 with value: 0.09108730405569077.
LOCAL_RANK: 0 - CUDA_VISIBLE_DEVICES: [0]
[I 2023-11-30 06:58:58,071] Trial 44 finished with value: 0.1912153959274292 and parameters: {'gradient_clip_val': 0.12806266749681613, 'hidden_size': 119, 'dropout': 0.29513071236467325, 'hidden_continuous_size': 62, 'attention_head_size': 1, 'learning_rate': 0.02843131876178658}. Best is trial 41 with value: 0.09108730405569077.
LOCAL_RANK: 0 - CUDA_VISIBLE_DEVICES: [0]
[I 2023-11-30 06:59:12,926] Trial 45 finished with value: 0.15314485132694244 and parameters: {'gradient_clip_val': 0.19828079202023013, 'hidden_size': 150, 'dropout': 0.2675464756848951, 'hidden_continuous_size': 79, 'attention_head_size': 2, 'learning_rate': 0.033010517578044025}. Best is trial 41 with value: 0.09108730405569077.
LOCAL_RANK: 0 - CUDA_VISIBLE_DEVICES: [0]
[I 2023-11-30 06:59:26,680] Trial 46 finished with value: 0.15631334483623505 and parameters: {'gradient_clip_val': 0.15299486602245724, 'hidden_size': 72, 'dropout': 0.3022030540912809, 'hidden_continuous_size': 53, 'attention_head_size': 1, 'learning_rate': 0.055324560782028576}. Best is trial 41 with value: 0.09108730405569077.
LOCAL_RANK: 0 - CUDA_VISIBLE_DEVICES: [0]
[I 2023-11-30 06:59:40,884] Trial 47 finished with value: 0.20614628493785858 and parameters: {'gradient_clip_val': 0.11365404228804898, 'hidden_size': 129, 'dropout': 0.2806759253031363, 'hidden_continuous_size': 40, 'attention_head_size': 1, 'learning_rate': 0.04487644026592442}. Best is trial 41 with value: 0.09108730405569077.
LOCAL_RANK: 0 - CUDA_VISIBLE_DEVICES: [0]
[I 2023-11-30 06:59:55,240] Trial 48 finished with value: 0.22131450474262238 and parameters: {'gradient_clip_val': 0.1444758855962316, 'hidden_size': 105, 'dropout': 0.3479386596946718, 'hidden_continuous_size': 66, 'attention_head_size': 2, 'learning_rate': 0.021557492819543226}. Best is trial 41 with value: 0.09108730405569077.
LOCAL_RANK: 0 - CUDA_VISIBLE_DEVICES: [0]
[I 2023-11-30 07:00:09,335] Trial 49 finished with value: 0.154783234000206 and parameters: {'gradient_clip_val': 0.169596123925981, 'hidden_size': 83, 'dropout': 0.3073835153966567, 'hidden_continuous_size': 59, 'attention_head_size': 1, 'learning_rate': 0.017217936314539394}. Best is trial 41 with value: 0.09108730405569077.
LOCAL_RANK: 0 - CUDA_VISIBLE_DEVICES: [0]
[I 2023-11-30 07:00:23,276] Trial 50 finished with value: 0.15470199286937714 and parameters: {'gradient_clip_val': 0.12818488108219503, 'hidden_size': 65, 'dropout': 0.2889993994478315, 'hidden_continuous_size': 46, 'attention_head_size': 3, 'learning_rate': 0.07675692724148267}. Best is trial 41 with value: 0.09108730405569077.
LOCAL_RANK: 0 - CUDA_VISIBLE_DEVICES: [0]
[I 2023-11-30 07:00:37,459] Trial 51 finished with value: 0.17951588332653046 and parameters: {'gradient_clip_val': 0.10975218524893757, 'hidden_size': 91, 'dropout': 0.33325259882681235, 'hidden_continuous_size': 54, 'attention_head_size': 1, 'learning_rate': 0.0812522060759944}. Best is trial 41 with value: 0.09108730405569077.
LOCAL_RANK: 0 - CUDA_VISIBLE_DEVICES: [0]
[I 2023-11-30 07:00:51,492] Trial 52 finished with value: 0.1442614048719406 and parameters: {'gradient_clip_val': 0.12182277683742462, 'hidden_size': 78, 'dropout': 0.3224985380356097, 'hidden_continuous_size': 51, 'attention_head_size': 1, 'learning_rate': 0.06146338939944239}. Best is trial 41 with value: 0.09108730405569077.
LOCAL_RANK: 0 - CUDA_VISIBLE_DEVICES: [0]
[I 2023-11-30 07:01:06,282] Trial 53 finished with value: 0.16438458859920502 and parameters: {'gradient_clip_val': 0.14028979389682653, 'hidden_size': 138, 'dropout': 0.35923677040815993, 'hidden_continuous_size': 70, 'attention_head_size': 1, 'learning_rate': 0.04580652828186584}. Best is trial 41 with value: 0.09108730405569077.
LOCAL_RANK: 0 - CUDA_VISIBLE_DEVICES: [0]
[I 2023-11-30 07:01:20,668] Trial 54 finished with value: 0.23062603175640106 and parameters: {'gradient_clip_val': 0.10524496668497121, 'hidden_size': 95, 'dropout': 0.3351752960991638, 'hidden_continuous_size': 69, 'attention_head_size': 1, 'learning_rate': 0.031588054675651886}. Best is trial 41 with value: 0.09108730405569077.
LOCAL_RANK: 0 - CUDA_VISIBLE_DEVICES: [0]
[I 2023-11-30 07:01:34,744] Trial 55 finished with value: 0.18756604194641113 and parameters: {'gradient_clip_val': 0.14886457610458284, 'hidden_size': 106, 'dropout': 0.3166828183373276, 'hidden_continuous_size': 43, 'attention_head_size': 1, 'learning_rate': 0.08243070259843188}. Best is trial 41 with value: 0.09108730405569077.
LOCAL_RANK: 0 - CUDA_VISIBLE_DEVICES: [0]
[I 2023-11-30 07:01:49,026] Trial 56 finished with value: 0.12490725517272949 and parameters: {'gradient_clip_val': 0.12020655542371873, 'hidden_size': 89, 'dropout': 0.3470699517360196, 'hidden_continuous_size': 57, 'attention_head_size': 4, 'learning_rate': 0.05593811352741924}. Best is trial 41 with value: 0.09108730405569077.
LOCAL_RANK: 0 - CUDA_VISIBLE_DEVICES: [0]
[I 2023-11-30 07:02:03,220] Trial 57 finished with value: 0.17417742311954498 and parameters: {'gradient_clip_val': 0.12460558301729628, 'hidden_size': 76, 'dropout': 0.3878993124950698, 'hidden_continuous_size': 58, 'attention_head_size': 4, 'learning_rate': 0.03841751744124733}. Best is trial 41 with value: 0.09108730405569077.
LOCAL_RANK: 0 - CUDA_VISIBLE_DEVICES: [0]
[I 2023-11-30 07:02:17,763] Trial 58 finished with value: 0.11200202256441116 and parameters: {'gradient_clip_val': 0.15702493249283006, 'hidden_size': 96, 'dropout': 0.2938241076897261, 'hidden_continuous_size': 49, 'attention_head_size': 4, 'learning_rate': 0.04878009449088064}. Best is trial 41 with value: 0.09108730405569077.
LOCAL_RANK: 0 - CUDA_VISIBLE_DEVICES: [0]
[I 2023-11-30 07:02:32,102] Trial 59 finished with value: 0.17708639800548553 and parameters: {'gradient_clip_val': 0.16246378242687434, 'hidden_size': 98, 'dropout': 0.2985621778059314, 'hidden_continuous_size': 64, 'attention_head_size': 4, 'learning_rate': 0.06162916931772512}. Best is trial 41 with value: 0.09108730405569077.
LOCAL_RANK: 0 - CUDA_VISIBLE_DEVICES: [0]
[I 2023-11-30 07:02:46,529] Trial 60 finished with value: 0.15327872335910797 and parameters: {'gradient_clip_val': 0.1826582435196428, 'hidden_size': 121, 'dropout': 0.26832574310132573, 'hidden_continuous_size': 43, 'attention_head_size': 4, 'learning_rate': 0.05264542314752898}. Best is trial 41 with value: 0.09108730405569077.
LOCAL_RANK: 0 - CUDA_VISIBLE_DEVICES: [0]
[I 2023-11-30 07:03:00,697] Trial 61 finished with value: 0.12773917615413666 and parameters: {'gradient_clip_val': 0.13730196768874361, 'hidden_size': 87, 'dropout': 0.3073409686815124, 'hidden_continuous_size': 49, 'attention_head_size': 4, 'learning_rate': 0.04560881346786465}. Best is trial 41 with value: 0.09108730405569077.
LOCAL_RANK: 0 - CUDA_VISIBLE_DEVICES: [0]
[I 2023-11-30 07:03:15,083] Trial 62 finished with value: 0.12840460240840912 and parameters: {'gradient_clip_val': 0.15120875995336183, 'hidden_size': 111, 'dropout': 0.29580130260441073, 'hidden_continuous_size': 46, 'attention_head_size': 4, 'learning_rate': 0.02992004932082437}. Best is trial 41 with value: 0.09108730405569077.
LOCAL_RANK: 0 - CUDA_VISIBLE_DEVICES: [0]
[I 2023-11-30 07:03:29,572] Trial 63 finished with value: 0.14157606661319733 and parameters: {'gradient_clip_val': 0.11728823056053231, 'hidden_size': 101, 'dropout': 0.34774136764850677, 'hidden_continuous_size': 54, 'attention_head_size': 3, 'learning_rate': 0.03670114109958456}. Best is trial 41 with value: 0.09108730405569077.
LOCAL_RANK: 0 - CUDA_VISIBLE_DEVICES: [0]
[I 2023-11-30 07:03:43,842] Trial 64 finished with value: 0.08658647537231445 and parameters: {'gradient_clip_val': 0.10002522167774969, 'hidden_size': 86, 'dropout': 0.32759062548404966, 'hidden_continuous_size': 59, 'attention_head_size': 4, 'learning_rate': 0.048318965186046114}. Best is trial 64 with value: 0.08658647537231445.
LOCAL_RANK: 0 - CUDA_VISIBLE_DEVICES: [0]
[I 2023-11-30 07:03:58,033] Trial 65 finished with value: 0.20522750914096832 and parameters: {'gradient_clip_val': 0.10139795110853926, 'hidden_size': 70, 'dropout': 0.3276613054494377, 'hidden_continuous_size': 57, 'attention_head_size': 4, 'learning_rate': 0.04968733176674285}. Best is trial 64 with value: 0.08658647537231445.
LOCAL_RANK: 0 - CUDA_VISIBLE_DEVICES: [0]
[I 2023-11-30 07:04:12,275] Trial 66 finished with value: 0.1732686311006546 and parameters: {'gradient_clip_val': 0.11455168676744827, 'hidden_size': 78, 'dropout': 0.31068612600506734, 'hidden_continuous_size': 61, 'attention_head_size': 4, 'learning_rate': 0.06979188297689168}. Best is trial 64 with value: 0.08658647537231445.
LOCAL_RANK: 0 - CUDA_VISIBLE_DEVICES: [0]
[I 2023-11-30 07:04:26,316] Trial 67 finished with value: 0.17616035044193268 and parameters: {'gradient_clip_val': 0.1249859007215328, 'hidden_size': 63, 'dropout': 0.34234688855109613, 'hidden_continuous_size': 55, 'attention_head_size': 4, 'learning_rate': 0.05884422186999094}. Best is trial 64 with value: 0.08658647537231445.
LOCAL_RANK: 0 - CUDA_VISIBLE_DEVICES: [0]
[I 2023-11-30 07:04:41,049] Trial 68 finished with value: 0.1446261703968048 and parameters: {'gradient_clip_val': 0.10978702411664933, 'hidden_size': 95, 'dropout': 0.2833162024694191, 'hidden_continuous_size': 67, 'attention_head_size': 4, 'learning_rate': 0.08543446164652863}. Best is trial 64 with value: 0.08658647537231445.
LOCAL_RANK: 0 - CUDA_VISIBLE_DEVICES: [0]
[I 2023-11-30 07:04:55,135] Trial 69 finished with value: 0.16982989013195038 and parameters: {'gradient_clip_val': 0.13620257035684194, 'hidden_size': 84, 'dropout': 0.3256277312654718, 'hidden_continuous_size': 51, 'attention_head_size': 3, 'learning_rate': 0.02503379349830431}. Best is trial 64 with value: 0.08658647537231445.
LOCAL_RANK: 0 - CUDA_VISIBLE_DEVICES: [0]
[I 2023-11-30 07:05:09,554] Trial 70 finished with value: 0.17091231048107147 and parameters: {'gradient_clip_val': 0.10044792107088825, 'hidden_size': 110, 'dropout': 0.36556500046609597, 'hidden_continuous_size': 35, 'attention_head_size': 4, 'learning_rate': 0.06870668396626062}. Best is trial 64 with value: 0.08658647537231445.
LOCAL_RANK: 0 - CUDA_VISIBLE_DEVICES: [0]
[I 2023-11-30 07:05:23,659] Trial 71 finished with value: 0.2530380189418793 and parameters: {'gradient_clip_val': 0.1455738346751627, 'hidden_size': 86, 'dropout': 0.2896467620942219, 'hidden_continuous_size': 45, 'attention_head_size': 4, 'learning_rate': 0.04227003205340355}. Best is trial 64 with value: 0.08658647537231445.
LOCAL_RANK: 0 - CUDA_VISIBLE_DEVICES: [0]
[I 2023-11-30 07:05:37,515] Trial 72 finished with value: 0.1465814709663391 and parameters: {'gradient_clip_val': 0.12923519109929038, 'hidden_size': 72, 'dropout': 0.3371633456625801, 'hidden_continuous_size': 48, 'attention_head_size': 3, 'learning_rate': 0.050840346760525935}. Best is trial 64 with value: 0.08658647537231445.
LOCAL_RANK: 0 - CUDA_VISIBLE_DEVICES: [0]
[I 2023-11-30 07:05:52,027] Trial 73 finished with value: 0.18497203290462494 and parameters: {'gradient_clip_val': 0.16929103298301879, 'hidden_size': 91, 'dropout': 0.31419488311799204, 'hidden_continuous_size': 41, 'attention_head_size': 4, 'learning_rate': 0.03565585215373245}. Best is trial 64 with value: 0.08658647537231445.
LOCAL_RANK: 0 - CUDA_VISIBLE_DEVICES: [0]
[I 2023-11-30 07:06:06,127] Trial 74 finished with value: 0.13907432556152344 and parameters: {'gradient_clip_val': 0.11954038847188946, 'hidden_size': 99, 'dropout': 0.31934493987943663, 'hidden_continuous_size': 51, 'attention_head_size': 1, 'learning_rate': 0.04179974121062386}. Best is trial 64 with value: 0.08658647537231445.
LOCAL_RANK: 0 - CUDA_VISIBLE_DEVICES: [0]
[I 2023-11-30 07:06:20,281] Trial 75 finished with value: 0.13235142827033997 and parameters: {'gradient_clip_val': 0.15777630936688056, 'hidden_size': 125, 'dropout': 0.3034205099458753, 'hidden_continuous_size': 38, 'attention_head_size': 1, 'learning_rate': 0.058848954462925235}. Best is trial 64 with value: 0.08658647537231445.
LOCAL_RANK: 0 - CUDA_VISIBLE_DEVICES: [0]
[I 2023-11-30 07:06:34,529] Trial 76 finished with value: 0.13969720900058746 and parameters: {'gradient_clip_val': 0.13476813119884243, 'hidden_size': 111, 'dropout': 0.3497209348542994, 'hidden_continuous_size': 63, 'attention_head_size': 2, 'learning_rate': 0.04768626929997438}. Best is trial 64 with value: 0.08658647537231445.
LOCAL_RANK: 0 - CUDA_VISIBLE_DEVICES: [0]
[I 2023-11-30 07:06:48,465] Trial 77 finished with value: 0.1341606229543686 and parameters: {'gradient_clip_val': 0.11675969507786742, 'hidden_size': 79, 'dropout': 0.33260511427182754, 'hidden_continuous_size': 58, 'attention_head_size': 1, 'learning_rate': 0.02786269445852969}. Best is trial 64 with value: 0.08658647537231445.
LOCAL_RANK: 0 - CUDA_VISIBLE_DEVICES: [0]
[I 2023-11-30 07:07:03,531] Trial 78 finished with value: 0.22733783721923828 and parameters: {'gradient_clip_val': 0.10711134456386984, 'hidden_size': 138, 'dropout': 0.29395561477954296, 'hidden_continuous_size': 74, 'attention_head_size': 4, 'learning_rate': 0.08697301860200154}. Best is trial 64 with value: 0.08658647537231445.
LOCAL_RANK: 0 - CUDA_VISIBLE_DEVICES: [0]
[I 2023-11-30 07:07:17,521] Trial 79 finished with value: 0.1531340330839157 and parameters: {'gradient_clip_val': 0.19275564680999785, 'hidden_size': 90, 'dropout': 0.31599554168406796, 'hidden_continuous_size': 44, 'attention_head_size': 1, 'learning_rate': 0.03907600662548279}. Best is trial 64 with value: 0.08658647537231445.
LOCAL_RANK: 0 - CUDA_VISIBLE_DEVICES: [0]
[I 2023-11-30 07:07:31,600] Trial 80 finished with value: 0.2704301178455353 and parameters: {'gradient_clip_val': 0.1734190797688082, 'hidden_size': 82, 'dropout': 0.27519931123711233, 'hidden_continuous_size': 49, 'attention_head_size': 1, 'learning_rate': 0.0635677152671317}. Best is trial 64 with value: 0.08658647537231445.
LOCAL_RANK: 0 - CUDA_VISIBLE_DEVICES: [0]
[I 2023-11-30 07:07:45,803] Trial 81 finished with value: 0.15048427879810333 and parameters: {'gradient_clip_val': 0.13849075885626724, 'hidden_size': 88, 'dropout': 0.30719747349856086, 'hidden_continuous_size': 49, 'attention_head_size': 4, 'learning_rate': 0.046962362629346256}. Best is trial 64 with value: 0.08658647537231445.
LOCAL_RANK: 0 - CUDA_VISIBLE_DEVICES: [0]
[I 2023-11-30 07:08:00,127] Trial 82 finished with value: 0.18856793642044067 and parameters: {'gradient_clip_val': 0.15395294989164, 'hidden_size': 100, 'dropout': 0.30827895201432587, 'hidden_continuous_size': 53, 'attention_head_size': 4, 'learning_rate': 0.032536109892826154}. Best is trial 64 with value: 0.08658647537231445.
LOCAL_RANK: 0 - CUDA_VISIBLE_DEVICES: [0]
[I 2023-11-30 07:08:14,482] Trial 83 finished with value: 0.13895432651042938 and parameters: {'gradient_clip_val': 0.14273508290033332, 'hidden_size': 70, 'dropout': 0.3270831474868709, 'hidden_continuous_size': 57, 'attention_head_size': 4, 'learning_rate': 0.054913817868935205}. Best is trial 64 with value: 0.08658647537231445.
LOCAL_RANK: 0 - CUDA_VISIBLE_DEVICES: [0]
[I 2023-11-30 07:08:29,013] Trial 84 finished with value: 0.1685636043548584 and parameters: {'gradient_clip_val': 0.13273907199307858, 'hidden_size': 118, 'dropout': 0.3012326915922309, 'hidden_continuous_size': 41, 'attention_head_size': 4, 'learning_rate': 0.07180351403236862}. Best is trial 64 with value: 0.08658647537231445.
LOCAL_RANK: 0 - CUDA_VISIBLE_DEVICES: [0]
[I 2023-11-30 07:08:43,201] Trial 85 finished with value: 0.1829332858324051 and parameters: {'gradient_clip_val': 0.12520615807721208, 'hidden_size': 84, 'dropout': 0.2877608256697591, 'hidden_continuous_size': 61, 'attention_head_size': 4, 'learning_rate': 0.04494714137252276}. Best is trial 64 with value: 0.08658647537231445.
LOCAL_RANK: 0 - CUDA_VISIBLE_DEVICES: [0]
[I 2023-11-30 07:08:57,275] Trial 86 finished with value: 0.18682943284511566 and parameters: {'gradient_clip_val': 0.1133120608406279, 'hidden_size': 95, 'dropout': 0.3438152604500363, 'hidden_continuous_size': 47, 'attention_head_size': 1, 'learning_rate': 0.033949447931005745}. Best is trial 64 with value: 0.08658647537231445.
LOCAL_RANK: 0 - CUDA_VISIBLE_DEVICES: [0]
[I 2023-11-30 07:09:11,873] Trial 87 finished with value: 0.18407368659973145 and parameters: {'gradient_clip_val': 0.1603884544119736, 'hidden_size': 106, 'dropout': 0.31923180338517565, 'hidden_continuous_size': 66, 'attention_head_size': 4, 'learning_rate': 0.05535263032633981}. Best is trial 64 with value: 0.08658647537231445.
LOCAL_RANK: 0 - CUDA_VISIBLE_DEVICES: [0]
[I 2023-11-30 07:09:26,107] Trial 88 finished with value: 0.14334698021411896 and parameters: {'gradient_clip_val': 0.14296212955855786, 'hidden_size': 89, 'dropout': 0.3576784763465553, 'hidden_continuous_size': 53, 'attention_head_size': 1, 'learning_rate': 0.03865856039727975}. Best is trial 64 with value: 0.08658647537231445.
LOCAL_RANK: 0 - CUDA_VISIBLE_DEVICES: [0]
[I 2023-11-30 07:09:40,249] Trial 89 finished with value: 0.1012444719672203 and parameters: {'gradient_clip_val': 0.12147419391097329, 'hidden_size': 74, 'dropout': 0.3393549578300771, 'hidden_continuous_size': 59, 'attention_head_size': 2, 'learning_rate': 0.048201901842247354}. Best is trial 64 with value: 0.08658647537231445.
LOCAL_RANK: 0 - CUDA_VISIBLE_DEVICES: [0]
[I 2023-11-30 07:09:54,401] Trial 90 finished with value: 0.15157927572727203 and parameters: {'gradient_clip_val': 0.12361787180475824, 'hidden_size': 75, 'dropout': 0.33922689127824, 'hidden_continuous_size': 56, 'attention_head_size': 2, 'learning_rate': 0.07629522952249213}. Best is trial 64 with value: 0.08658647537231445.
LOCAL_RANK: 0 - CUDA_VISIBLE_DEVICES: [0]
[I 2023-11-30 07:10:08,201] Trial 91 finished with value: 0.12311606854200363 and parameters: {'gradient_clip_val': 0.10693608095338003, 'hidden_size': 62, 'dropout': 0.3296508754485505, 'hidden_continuous_size': 52, 'attention_head_size': 2, 'learning_rate': 0.047343258246608844}. Best is trial 64 with value: 0.08658647537231445.
LOCAL_RANK: 0 - CUDA_VISIBLE_DEVICES: [0]
[I 2023-11-30 07:10:22,012] Trial 92 finished with value: 0.21852481365203857 and parameters: {'gradient_clip_val': 0.10992336399807127, 'hidden_size': 61, 'dropout': 0.3295129155441875, 'hidden_continuous_size': 55, 'attention_head_size': 2, 'learning_rate': 0.06426791736730836}. Best is trial 64 with value: 0.08658647537231445.
LOCAL_RANK: 0 - CUDA_VISIBLE_DEVICES: [0]
[I 2023-11-30 07:10:36,137] Trial 93 finished with value: 0.18360085785388947 and parameters: {'gradient_clip_val': 0.10518543261972989, 'hidden_size': 66, 'dropout': 0.3529614171570558, 'hidden_continuous_size': 60, 'attention_head_size': 2, 'learning_rate': 0.049280681788940926}. Best is trial 64 with value: 0.08658647537231445.
LOCAL_RANK: 0 - CUDA_VISIBLE_DEVICES: [0]
[I 2023-11-30 07:10:49,981] Trial 94 finished with value: 0.16287614405155182 and parameters: {'gradient_clip_val': 0.11672716976855861, 'hidden_size': 55, 'dropout': 0.3227999192931147, 'hidden_continuous_size': 51, 'attention_head_size': 3, 'learning_rate': 0.04134065968854015}. Best is trial 64 with value: 0.08658647537231445.
LOCAL_RANK: 0 - CUDA_VISIBLE_DEVICES: [0]
[I 2023-11-30 07:11:04,067] Trial 95 finished with value: 0.14254577457904816 and parameters: {'gradient_clip_val': 0.1278758308436542, 'hidden_size': 79, 'dropout': 0.33809555479382486, 'hidden_continuous_size': 64, 'attention_head_size': 2, 'learning_rate': 0.030885630196893377}. Best is trial 64 with value: 0.08658647537231445.
LOCAL_RANK: 0 - CUDA_VISIBLE_DEVICES: [0]
[I 2023-11-30 07:11:18,075] Trial 96 finished with value: 0.1830569952726364 and parameters: {'gradient_clip_val': 0.10592809356477034, 'hidden_size': 73, 'dropout': 0.31494781466215377, 'hidden_continuous_size': 59, 'attention_head_size': 2, 'learning_rate': 0.0889636692736325}. Best is trial 64 with value: 0.08658647537231445.
LOCAL_RANK: 0 - CUDA_VISIBLE_DEVICES: [0]
[I 2023-11-30 07:11:31,767] Trial 97 finished with value: 0.1821398138999939 and parameters: {'gradient_clip_val': 0.1197303219155058, 'hidden_size': 69, 'dropout': 0.34387554606576176, 'hidden_continuous_size': 46, 'attention_head_size': 1, 'learning_rate': 0.05321564982673027}. Best is trial 64 with value: 0.08658647537231445.
LOCAL_RANK: 0 - CUDA_VISIBLE_DEVICES: [0]
