[I 2023-11-30 07:25:08,400] Trial 5 finished with value: 1.288767695426941 and parameters: {'gradient_clip_val': 0.5862459778450669, 'hidden_size': 49, 'dropout': 0.38905430899403304, 'hidden_continuous_size': 17, 'attention_head_size': 3, 'learning_rate': 0.004137300015720602}. Best is trial 0 with value: 0.18278759717941284.
LOCAL_RANK: 0 - CUDA_VISIBLE_DEVICES: [0]
[I 2023-11-30 07:25:21,254] Trial 6 finished with value: 0.27342286705970764 and parameters: {'gradient_clip_val': 0.1477552681409839, 'hidden_size': 35, 'dropout': 0.2445273079629485, 'hidden_continuous_size': 26, 'attention_head_size': 1, 'learning_rate': 0.0534804059267607}. Best is trial 0 with value: 0.18278759717941284.
LOCAL_RANK: 0 - CUDA_VISIBLE_DEVICES: [0]
[I 2023-11-30 07:25:34,676] Trial 7 finished with value: 0.15486039221286774 and parameters: {'gradient_clip_val': 0.6303476327644941, 'hidden_size': 56, 'dropout': 0.21356697025964794, 'hidden_continuous_size': 34, 'attention_head_size': 1, 'learning_rate': 0.05250141100304465}. Best is trial 7 with value: 0.15486039221286774.
LOCAL_RANK: 0 - CUDA_VISIBLE_DEVICES: [0]
[I 2023-11-30 07:25:46,986] Trial 8 finished with value: 4.434600830078125 and parameters: {'gradient_clip_val': 0.26799654420791524, 'hidden_size': 13, 'dropout': 0.17303924409680554, 'hidden_continuous_size': 10, 'attention_head_size': 2, 'learning_rate': 0.0019202186278640505}. Best is trial 7 with value: 0.15486039221286774.
LOCAL_RANK: 0 - CUDA_VISIBLE_DEVICES: [0]
[I 2023-11-30 07:26:00,092] Trial 9 finished with value: 0.24730782210826874 and parameters: {'gradient_clip_val': 0.8899564001626283, 'hidden_size': 40, 'dropout': 0.20487554072546837, 'hidden_continuous_size': 19, 'attention_head_size': 3, 'learning_rate': 0.016967420872028904}. Best is trial 7 with value: 0.15486039221286774.
LOCAL_RANK: 0 - CUDA_VISIBLE_DEVICES: [0]
[I 2023-11-30 07:26:15,046] Trial 10 finished with value: 0.1705218106508255 and parameters: {'gradient_clip_val': 0.4144013894010521, 'hidden_size': 147, 'dropout': 0.13267598556563237, 'hidden_continuous_size': 76, 'attention_head_size': 4, 'learning_rate': 0.017473299101932946}. Best is trial 7 with value: 0.15486039221286774.
LOCAL_RANK: 0 - CUDA_VISIBLE_DEVICES: [0]
[I 2023-11-30 07:26:29,952] Trial 11 finished with value: 0.1606733351945877 and parameters: {'gradient_clip_val': 0.42062190718299564, 'hidden_size': 145, 'dropout': 0.10668964142161763, 'hidden_continuous_size': 77, 'attention_head_size': 4, 'learning_rate': 0.019018290156719637}. Best is trial 7 with value: 0.15486039221286774.
LOCAL_RANK: 0 - CUDA_VISIBLE_DEVICES: [0]
[I 2023-11-30 07:26:45,153] Trial 12 finished with value: 0.20378024876117706 and parameters: {'gradient_clip_val': 0.41020139867026956, 'hidden_size': 137, 'dropout': 0.10129138541091307, 'hidden_continuous_size': 123, 'attention_head_size': 4, 'learning_rate': 0.09348870269291915}. Best is trial 7 with value: 0.15486039221286774.
LOCAL_RANK: 0 - CUDA_VISIBLE_DEVICES: [0]
[I 2023-11-30 07:26:59,528] Trial 13 finished with value: 0.32505401968955994 and parameters: {'gradient_clip_val': 0.651229457819903, 'hidden_size': 97, 'dropout': 0.10722295828253117, 'hidden_continuous_size': 51, 'attention_head_size': 3, 'learning_rate': 0.03075123695329463}. Best is trial 7 with value: 0.15486039221286774.
LOCAL_RANK: 0 - CUDA_VISIBLE_DEVICES: [0]
[I 2023-11-30 07:27:13,851] Trial 14 finished with value: 0.2708604633808136 and parameters: {'gradient_clip_val': 0.35823820134485196, 'hidden_size': 102, 'dropout': 0.21483448174348038, 'hidden_continuous_size': 49, 'attention_head_size': 4, 'learning_rate': 0.008440829051627078}. Best is trial 7 with value: 0.15486039221286774.
LOCAL_RANK: 0 - CUDA_VISIBLE_DEVICES: [0]
[I 2023-11-30 07:27:27,349] Trial 15 finished with value: 0.6069744229316711 and parameters: {'gradient_clip_val': 0.5409339896433941, 'hidden_size': 64, 'dropout': 0.14147629695037367, 'hidden_continuous_size': 36, 'attention_head_size': 3, 'learning_rate': 0.04642884329009628}. Best is trial 7 with value: 0.15486039221286774.
LOCAL_RANK: 0 - CUDA_VISIBLE_DEVICES: [0]
[I 2023-11-30 07:27:40,111] Trial 16 finished with value: 0.27028152346611023 and parameters: {'gradient_clip_val': 0.8983293651032536, 'hidden_size': 29, 'dropout': 0.22140866677701318, 'hidden_continuous_size': 13, 'attention_head_size': 4, 'learning_rate': 0.02244328994144224}. Best is trial 7 with value: 0.15486039221286774.
LOCAL_RANK: 0 - CUDA_VISIBLE_DEVICES: [0]
[I 2023-11-30 07:27:54,393] Trial 17 finished with value: 0.18747775256633759 and parameters: {'gradient_clip_val': 0.3131251366448445, 'hidden_size': 116, 'dropout': 0.1544782708413508, 'hidden_continuous_size': 70, 'attention_head_size': 1, 'learning_rate': 0.010464055976050917}. Best is trial 7 with value: 0.15486039221286774.
LOCAL_RANK: 0 - CUDA_VISIBLE_DEVICES: [0]
[I 2023-11-30 07:28:08,244] Trial 18 finished with value: 0.30045267939567566 and parameters: {'gradient_clip_val': 0.47855825382758027, 'hidden_size': 65, 'dropout': 0.19438561428772175, 'hidden_continuous_size': 27, 'attention_head_size': 2, 'learning_rate': 0.09660615825861416}. Best is trial 7 with value: 0.15486039221286774.
LOCAL_RANK: 0 - CUDA_VISIBLE_DEVICES: [0]
[I 2023-11-30 07:28:23,299] Trial 19 finished with value: 0.2477281093597412 and parameters: {'gradient_clip_val': 0.7058723030667987, 'hidden_size': 144, 'dropout': 0.1361914803882592, 'hidden_continuous_size': 132, 'attention_head_size': 3, 'learning_rate': 0.04423639871144113}. Best is trial 7 with value: 0.15486039221286774.
LOCAL_RANK: 0 - CUDA_VISIBLE_DEVICES: [0]
[I 2023-11-30 07:28:37,582] Trial 20 finished with value: 0.26202574372291565 and parameters: {'gradient_clip_val': 0.4807546649109392, 'hidden_size': 98, 'dropout': 0.10250201006744303, 'hidden_continuous_size': 44, 'attention_head_size': 4, 'learning_rate': 0.028882165937337306}. Best is trial 7 with value: 0.15486039221286774.
LOCAL_RANK: 0 - CUDA_VISIBLE_DEVICES: [0]
[I 2023-11-30 07:28:52,703] Trial 21 finished with value: 0.20058786869049072 and parameters: {'gradient_clip_val': 0.4034423261369788, 'hidden_size': 147, 'dropout': 0.1451283177385567, 'hidden_continuous_size': 77, 'attention_head_size': 4, 'learning_rate': 0.015327986869810895}. Best is trial 7 with value: 0.15486039221286774.
LOCAL_RANK: 0 - CUDA_VISIBLE_DEVICES: [0]
[I 2023-11-30 07:29:07,189] Trial 22 finished with value: 0.2208704948425293 and parameters: {'gradient_clip_val': 0.31578564573785234, 'hidden_size': 117, 'dropout': 0.12741953109837548, 'hidden_continuous_size': 62, 'attention_head_size': 4, 'learning_rate': 0.021442745931881474}. Best is trial 7 with value: 0.15486039221286774.
LOCAL_RANK: 0 - CUDA_VISIBLE_DEVICES: [0]
[I 2023-11-30 07:29:21,860] Trial 23 finished with value: 0.2299526333808899 and parameters: {'gradient_clip_val': 0.7225893963260422, 'hidden_size': 120, 'dropout': 0.12948225866271015, 'hidden_continuous_size': 89, 'attention_head_size': 4, 'learning_rate': 0.010897579565261111}. Best is trial 7 with value: 0.15486039221286774.
LOCAL_RANK: 0 - CUDA_VISIBLE_DEVICES: [0]
[I 2023-11-30 07:29:36,115] Trial 24 finished with value: 0.28650963306427 and parameters: {'gradient_clip_val': 0.4759730504453047, 'hidden_size': 80, 'dropout': 0.18136043740295926, 'hidden_continuous_size': 55, 'attention_head_size': 3, 'learning_rate': 0.059281548811685535}. Best is trial 7 with value: 0.15486039221286774.
LOCAL_RANK: 0 - CUDA_VISIBLE_DEVICES: [0]
[I 2023-11-30 07:29:51,138] Trial 25 finished with value: 0.2646526098251343 and parameters: {'gradient_clip_val': 0.3761205460257038, 'hidden_size': 146, 'dropout': 0.1589723138659416, 'hidden_continuous_size': 88, 'attention_head_size': 4, 'learning_rate': 0.03390927027002862}. Best is trial 7 with value: 0.15486039221286774.
LOCAL_RANK: 0 - CUDA_VISIBLE_DEVICES: [0]
[I 2023-11-30 07:30:05,335] Trial 26 finished with value: 0.31664973497390747 and parameters: {'gradient_clip_val': 0.558154187494099, 'hidden_size': 95, 'dropout': 0.11975232239717465, 'hidden_continuous_size': 39, 'attention_head_size': 3, 'learning_rate': 0.015232677600584407}. Best is trial 7 with value: 0.15486039221286774.
LOCAL_RANK: 0 - CUDA_VISIBLE_DEVICES: [0]
[I 2023-11-30 07:30:19,637] Trial 27 finished with value: 0.18954049050807953 and parameters: {'gradient_clip_val': 0.43788712800878504, 'hidden_size': 118, 'dropout': 0.1515382848540052, 'hidden_continuous_size': 60, 'attention_head_size': 1, 'learning_rate': 0.006970830083876576}. Best is trial 7 with value: 0.15486039221286774.
LOCAL_RANK: 0 - CUDA_VISIBLE_DEVICES: [0]
[I 2023-11-30 07:30:33,810] Trial 28 finished with value: 0.23815293610095978 and parameters: {'gradient_clip_val': 0.34868833202759114, 'hidden_size': 67, 'dropout': 0.19052255906415744, 'hidden_continuous_size': 46, 'attention_head_size': 4, 'learning_rate': 0.02450543136646325}. Best is trial 7 with value: 0.15486039221286774.
LOCAL_RANK: 0 - CUDA_VISIBLE_DEVICES: [0]
[I 2023-11-30 07:30:46,316] Trial 29 finished with value: 0.24491608142852783 and parameters: {'gradient_clip_val': 0.29037844520822237, 'hidden_size': 21, 'dropout': 0.11836019758683375, 'hidden_continuous_size': 15, 'attention_head_size': 1, 'learning_rate': 0.06574042541837052}. Best is trial 7 with value: 0.15486039221286774.
LOCAL_RANK: 0 - CUDA_VISIBLE_DEVICES: [0]
[I 2023-11-30 07:30:59,708] Trial 30 finished with value: 0.22369420528411865 and parameters: {'gradient_clip_val': 0.7717721713696419, 'hidden_size': 53, 'dropout': 0.22944063499577994, 'hidden_continuous_size': 30, 'attention_head_size': 2, 'learning_rate': 0.040244441372957}. Best is trial 7 with value: 0.15486039221286774.
LOCAL_RANK: 0 - CUDA_VISIBLE_DEVICES: [0]
[I 2023-11-30 07:31:11,962] Trial 31 finished with value: 0.16751818358898163 and parameters: {'gradient_clip_val': 0.19464327815831547, 'hidden_size': 11, 'dropout': 0.2694446288596057, 'hidden_continuous_size': 10, 'attention_head_size': 1, 'learning_rate': 0.07355419075170118}. Best is trial 7 with value: 0.15486039221286774.
LOCAL_RANK: 0 - CUDA_VISIBLE_DEVICES: [0]
[I 2023-11-30 07:31:24,117] Trial 32 finished with value: 0.34094539284706116 and parameters: {'gradient_clip_val': 0.19924740767846025, 'hidden_size': 11, 'dropout': 0.27852490805902147, 'hidden_continuous_size': 10, 'attention_head_size': 1, 'learning_rate': 0.06796029566750152}. Best is trial 7 with value: 0.15486039221286774.
LOCAL_RANK: 0 - CUDA_VISIBLE_DEVICES: [0]
[I 2023-11-30 07:31:36,406] Trial 33 finished with value: 0.5066379904747009 and parameters: {'gradient_clip_val': 0.16755656687879958, 'hidden_size': 16, 'dropout': 0.2539400746264414, 'hidden_continuous_size': 11, 'attention_head_size': 1, 'learning_rate': 0.047729816821649465}. Best is trial 7 with value: 0.15486039221286774.
LOCAL_RANK: 0 - CUDA_VISIBLE_DEVICES: [0]
[I 2023-11-30 07:31:49,110] Trial 34 finished with value: 0.2936871349811554 and parameters: {'gradient_clip_val': 0.2562156330051369, 'hidden_size': 26, 'dropout': 0.16470649796332762, 'hidden_continuous_size': 20, 'attention_head_size': 2, 'learning_rate': 0.07461800651036729}. Best is trial 7 with value: 0.15486039221286774.
LOCAL_RANK: 0 - CUDA_VISIBLE_DEVICES: [0]
[I 2023-11-30 07:32:01,232] Trial 35 finished with value: 0.35795727372169495 and parameters: {'gradient_clip_val': 0.22085758613047507, 'hidden_size': 20, 'dropout': 0.20135364678043613, 'hidden_continuous_size': 13, 'attention_head_size': 1, 'learning_rate': 0.03229344303504446}. Best is trial 7 with value: 0.15486039221286774.
LOCAL_RANK: 0 - CUDA_VISIBLE_DEVICES: [0]
[I 2023-11-30 07:32:11,820] Trial 36 finished with value: 0.6817874908447266 and parameters: {'gradient_clip_val': 0.3597622265621952, 'hidden_size': 10, 'dropout': 0.3026523173731297, 'hidden_continuous_size': 10, 'attention_head_size': 1, 'learning_rate': 0.04415884217628171}. Best is trial 7 with value: 0.15486039221286774.
LOCAL_RANK: 0 - CUDA_VISIBLE_DEVICES: [0]
[I 2023-11-30 07:32:25,609] Trial 37 finished with value: 0.2112998515367508 and parameters: {'gradient_clip_val': 0.10900095442346681, 'hidden_size': 81, 'dropout': 0.2584424132935887, 'hidden_continuous_size': 24, 'attention_head_size': 2, 'learning_rate': 0.07955084899197183}. Best is trial 7 with value: 0.15486039221286774.
LOCAL_RANK: 0 - CUDA_VISIBLE_DEVICES: [0]
[I 2023-11-30 07:32:39,037] Trial 38 finished with value: 0.31646832823753357 and parameters: {'gradient_clip_val': 0.6092802850164778, 'hidden_size': 55, 'dropout': 0.17816343308872148, 'hidden_continuous_size': 22, 'attention_head_size': 2, 'learning_rate': 0.05975103037816664}. Best is trial 7 with value: 0.15486039221286774.
LOCAL_RANK: 0 - CUDA_VISIBLE_DEVICES: [0]
[I 2023-11-30 07:32:52,166] Trial 39 finished with value: 0.13284848630428314 and parameters: {'gradient_clip_val': 0.5229733178753316, 'hidden_size': 42, 'dropout': 0.23220653104529523, 'hidden_continuous_size': 31, 'attention_head_size': 1, 'learning_rate': 0.01952776410132384}. Best is trial 39 with value: 0.13284848630428314.
LOCAL_RANK: 0 - CUDA_VISIBLE_DEVICES: [0]
[I 2023-11-30 07:33:05,244] Trial 40 finished with value: 0.1646919995546341 and parameters: {'gradient_clip_val': 0.5272764765921678, 'hidden_size': 38, 'dropout': 0.2362455273061817, 'hidden_continuous_size': 28, 'attention_head_size': 1, 'learning_rate': 0.05230452534707424}. Best is trial 39 with value: 0.13284848630428314.
LOCAL_RANK: 0 - CUDA_VISIBLE_DEVICES: [0]
[I 2023-11-30 07:33:18,131] Trial 41 finished with value: 0.11635663360357285 and parameters: {'gradient_clip_val': 0.5541153080720813, 'hidden_size': 37, 'dropout': 0.22810334212233943, 'hidden_continuous_size': 28, 'attention_head_size': 1, 'learning_rate': 0.05670709491385688}. Best is trial 41 with value: 0.11635663360357285.
LOCAL_RANK: 0 - CUDA_VISIBLE_DEVICES: [0]
[I 2023-11-30 07:33:31,114] Trial 42 finished with value: 0.1404515653848648 and parameters: {'gradient_clip_val': 0.5321744560764924, 'hidden_size': 41, 'dropout': 0.23553177542632997, 'hidden_continuous_size': 30, 'attention_head_size': 1, 'learning_rate': 0.036980439879479673}. Best is trial 41 with value: 0.11635663360357285.
LOCAL_RANK: 0 - CUDA_VISIBLE_DEVICES: [0]
[I 2023-11-30 07:33:44,464] Trial 43 finished with value: 0.256426066160202 and parameters: {'gradient_clip_val': 0.61269256510679, 'hidden_size': 46, 'dropout': 0.23449722837929576, 'hidden_continuous_size': 32, 'attention_head_size': 1, 'learning_rate': 0.0357124616324934}. Best is trial 41 with value: 0.11635663360357285.
LOCAL_RANK: 0 - CUDA_VISIBLE_DEVICES: [0]
[I 2023-11-30 07:33:57,329] Trial 44 finished with value: 0.22764022648334503 and parameters: {'gradient_clip_val': 0.5220485831331609, 'hidden_size': 44, 'dropout': 0.242460364700623, 'hidden_continuous_size': 29, 'attention_head_size': 1, 'learning_rate': 0.02654552039617231}. Best is trial 41 with value: 0.11635663360357285.
LOCAL_RANK: 0 - CUDA_VISIBLE_DEVICES: [0]
[I 2023-11-30 07:34:10,249] Trial 45 finished with value: 0.23900197446346283 and parameters: {'gradient_clip_val': 0.6411074571266323, 'hidden_size': 34, 'dropout': 0.21169360619493627, 'hidden_continuous_size': 25, 'attention_head_size': 1, 'learning_rate': 0.03826200569193336}. Best is trial 41 with value: 0.11635663360357285.
LOCAL_RANK: 0 - CUDA_VISIBLE_DEVICES: [0]
[I 2023-11-30 07:34:23,787] Trial 46 finished with value: 0.1615903675556183 and parameters: {'gradient_clip_val': 0.5861965003999821, 'hidden_size': 55, 'dropout': 0.22551261537814948, 'hidden_continuous_size': 34, 'attention_head_size': 2, 'learning_rate': 0.021534681061277386}. Best is trial 41 with value: 0.11635663360357285.
LOCAL_RANK: 0 - CUDA_VISIBLE_DEVICES: [0]
[I 2023-11-30 07:34:36,906] Trial 47 finished with value: 0.15373994410037994 and parameters: {'gradient_clip_val': 0.44657664619601284, 'hidden_size': 43, 'dropout': 0.20726019506751941, 'hidden_continuous_size': 31, 'attention_head_size': 1, 'learning_rate': 0.029218160410742156}. Best is trial 41 with value: 0.11635663360357285.
LOCAL_RANK: 0 - CUDA_VISIBLE_DEVICES: [0]
[I 2023-11-30 07:34:49,886] Trial 48 finished with value: 0.3496920168399811 and parameters: {'gradient_clip_val': 0.4520207878993014, 'hidden_size': 41, 'dropout': 0.20626048388470544, 'hidden_continuous_size': 31, 'attention_head_size': 1, 'learning_rate': 0.026682054989790642}. Best is trial 41 with value: 0.11635663360357285.
LOCAL_RANK: 0 - CUDA_VISIBLE_DEVICES: [0]
[I 2023-11-30 07:35:02,707] Trial 49 finished with value: 0.25402525067329407 and parameters: {'gradient_clip_val': 0.5288617220821576, 'hidden_size': 35, 'dropout': 0.2186184667164887, 'hidden_continuous_size': 27, 'attention_head_size': 1, 'learning_rate': 0.05264652840556516}. Best is trial 41 with value: 0.11635663360357285.
LOCAL_RANK: 0 - CUDA_VISIBLE_DEVICES: [0]
[I 2023-11-30 07:35:15,677] Trial 50 finished with value: 0.20105071365833282 and parameters: {'gradient_clip_val': 0.7650183004184367, 'hidden_size': 44, 'dropout': 0.24809766722003707, 'hidden_continuous_size': 30, 'attention_head_size': 1, 'learning_rate': 0.03919348981490682}. Best is trial 41 with value: 0.11635663360357285.
LOCAL_RANK: 0 - CUDA_VISIBLE_DEVICES: [0]
[I 2023-11-30 07:35:29,156] Trial 51 finished with value: 0.21629612147808075 and parameters: {'gradient_clip_val': 0.4273200146541914, 'hidden_size': 50, 'dropout': 0.18856222208319506, 'hidden_continuous_size': 33, 'attention_head_size': 1, 'learning_rate': 0.02939584596038893}. Best is trial 41 with value: 0.11635663360357285.
LOCAL_RANK: 0 - CUDA_VISIBLE_DEVICES: [0]
[I 2023-11-30 07:35:42,688] Trial 52 finished with value: 0.24082572758197784 and parameters: {'gradient_clip_val': 0.48507796766251454, 'hidden_size': 59, 'dropout': 0.2022374626482608, 'hidden_continuous_size': 36, 'attention_head_size': 1, 'learning_rate': 0.01854400239131312}. Best is trial 41 with value: 0.11635663360357285.
LOCAL_RANK: 0 - CUDA_VISIBLE_DEVICES: [0]
[I 2023-11-30 07:35:55,374] Trial 53 finished with value: 0.24871809780597687 and parameters: {'gradient_clip_val': 0.3953081423875965, 'hidden_size': 32, 'dropout': 0.22080402067184707, 'hidden_continuous_size': 23, 'attention_head_size': 1, 'learning_rate': 0.03063121419587622}. Best is trial 41 with value: 0.11635663360357285.
LOCAL_RANK: 0 - CUDA_VISIBLE_DEVICES: [0]
[I 2023-11-30 07:36:08,290] Trial 54 finished with value: 0.3227592408657074 and parameters: {'gradient_clip_val': 0.5738103882099549, 'hidden_size': 39, 'dropout': 0.23609060891779685, 'hidden_continuous_size': 26, 'attention_head_size': 1, 'learning_rate': 0.03664391234646448}. Best is trial 41 with value: 0.11635663360357285.
LOCAL_RANK: 0 - CUDA_VISIBLE_DEVICES: [0]
[I 2023-11-30 07:36:21,230] Trial 55 finished with value: 0.3370233476161957 and parameters: {'gradient_clip_val': 0.6837368887415154, 'hidden_size': 48, 'dropout': 0.21074934439502302, 'hidden_continuous_size': 28, 'attention_head_size': 2, 'learning_rate': 0.04999199875410466}. Best is trial 41 with value: 0.11635663360357285.
LOCAL_RANK: 0 - CUDA_VISIBLE_DEVICES: [0]
[I 2023-11-30 07:36:35,052] Trial 56 finished with value: 0.27102068066596985 and parameters: {'gradient_clip_val': 0.4974553447967097, 'hidden_size': 74, 'dropout': 0.17011375004439558, 'hidden_continuous_size': 41, 'attention_head_size': 2, 'learning_rate': 0.024075672903476467}. Best is trial 41 with value: 0.11635663360357285.
LOCAL_RANK: 0 - CUDA_VISIBLE_DEVICES: [0]
[I 2023-11-30 07:36:48,233] Trial 57 finished with value: 0.16203030943870544 and parameters: {'gradient_clip_val': 0.4547212548000541, 'hidden_size': 43, 'dropout': 0.19649396799521798, 'hidden_continuous_size': 34, 'attention_head_size': 1, 'learning_rate': 0.019470098124395215}. Best is trial 41 with value: 0.11635663360357285.
LOCAL_RANK: 0 - CUDA_VISIBLE_DEVICES: [0]
[I 2023-11-30 07:37:01,722] Trial 58 finished with value: 0.31831294298171997 and parameters: {'gradient_clip_val': 0.5585929068974593, 'hidden_size': 50, 'dropout': 0.2601906145380125, 'hidden_continuous_size': 38, 'attention_head_size': 1, 'learning_rate': 0.015629821671184024}. Best is trial 41 with value: 0.11635663360357285.
LOCAL_RANK: 0 - CUDA_VISIBLE_DEVICES: [0]
[I 2023-11-30 07:37:14,979] Trial 59 finished with value: 0.46158406138420105 and parameters: {'gradient_clip_val': 0.6473957373403764, 'hidden_size': 41, 'dropout': 0.2446325855722673, 'hidden_continuous_size': 31, 'attention_head_size': 3, 'learning_rate': 0.013195619269033695}. Best is trial 41 with value: 0.11635663360357285.
LOCAL_RANK: 0 - CUDA_VISIBLE_DEVICES: [0]
[I 2023-11-30 07:37:28,623] Trial 60 finished with value: 0.09029662609100342 and parameters: {'gradient_clip_val': 0.41385668831256356, 'hidden_size': 61, 'dropout': 0.18467166452719588, 'hidden_continuous_size': 34, 'attention_head_size': 2, 'learning_rate': 0.023259904178233294}. Best is trial 60 with value: 0.09029662609100342.
LOCAL_RANK: 0 - CUDA_VISIBLE_DEVICES: [0]
[I 2023-11-30 07:37:42,164] Trial 61 finished with value: 0.26785412430763245 and parameters: {'gradient_clip_val': 0.40425718141042327, 'hidden_size': 59, 'dropout': 0.18460027267492318, 'hidden_continuous_size': 34, 'attention_head_size': 2, 'learning_rate': 0.02101838747985547}. Best is trial 60 with value: 0.09029662609100342.
LOCAL_RANK: 0 - CUDA_VISIBLE_DEVICES: [0]
[I 2023-11-30 07:37:55,087] Trial 62 finished with value: 0.21271957457065582 and parameters: {'gradient_clip_val': 0.4416417047817494, 'hidden_size': 37, 'dropout': 0.2247128808890275, 'hidden_continuous_size': 29, 'attention_head_size': 1, 'learning_rate': 0.02493194058660377}. Best is trial 60 with value: 0.09029662609100342.
LOCAL_RANK: 0 - CUDA_VISIBLE_DEVICES: [0]
