[I 2023-11-30 03:52:06,768] Trial 129 finished with value: 0.1579030454158783 and parameters: {'gradient_clip_val': 0.7957721022423959, 'hidden_size': 49, 'dropout': 0.3212261818427453, 'hidden_continuous_size': 23, 'attention_head_size': 3, 'learning_rate': 0.07076865131778312}. Best is trial 99 with value: 0.07693878561258316.
LOCAL_RANK: 0 - CUDA_VISIBLE_DEVICES: [0]
[I 2023-11-30 03:52:20,454] Trial 130 finished with value: 0.1595810353755951 and parameters: {'gradient_clip_val': 0.7164965498458836, 'hidden_size': 63, 'dropout': 0.34073469413793694, 'hidden_continuous_size': 26, 'attention_head_size': 4, 'learning_rate': 0.026940464314656094}. Best is trial 99 with value: 0.07693878561258316.
LOCAL_RANK: 0 - CUDA_VISIBLE_DEVICES: [0]
[I 2023-11-30 03:52:34,224] Trial 131 finished with value: 0.11491900682449341 and parameters: {'gradient_clip_val': 0.7259904410168011, 'hidden_size': 75, 'dropout': 0.37303043335376157, 'hidden_continuous_size': 28, 'attention_head_size': 3, 'learning_rate': 0.03825720629441756}. Best is trial 99 with value: 0.07693878561258316.
LOCAL_RANK: 0 - CUDA_VISIBLE_DEVICES: [0]
[I 2023-11-30 03:52:47,943] Trial 132 finished with value: 0.11805165559053421 and parameters: {'gradient_clip_val': 0.6753334916669808, 'hidden_size': 66, 'dropout': 0.3670345795218745, 'hidden_continuous_size': 30, 'attention_head_size': 3, 'learning_rate': 0.04259643722186525}. Best is trial 99 with value: 0.07693878561258316.
LOCAL_RANK: 0 - CUDA_VISIBLE_DEVICES: [0]
[I 2023-11-30 03:53:01,680] Trial 133 finished with value: 0.09806235879659653 and parameters: {'gradient_clip_val': 0.6456189043067342, 'hidden_size': 59, 'dropout': 0.34817102802927974, 'hidden_continuous_size': 27, 'attention_head_size': 3, 'learning_rate': 0.0399904576822271}. Best is trial 99 with value: 0.07693878561258316.
LOCAL_RANK: 0 - CUDA_VISIBLE_DEVICES: [0]
[I 2023-11-30 03:53:15,663] Trial 134 finished with value: 0.11244767904281616 and parameters: {'gradient_clip_val': 0.5992129314915298, 'hidden_size': 81, 'dropout': 0.36919860899010515, 'hidden_continuous_size': 25, 'attention_head_size': 3, 'learning_rate': 0.04749683358860551}. Best is trial 99 with value: 0.07693878561258316.
LOCAL_RANK: 0 - CUDA_VISIBLE_DEVICES: [0]
[I 2023-11-30 03:53:29,242] Trial 135 finished with value: 0.09477701783180237 and parameters: {'gradient_clip_val': 0.7472578720804421, 'hidden_size': 66, 'dropout': 0.3618981987335247, 'hidden_continuous_size': 26, 'attention_head_size': 3, 'learning_rate': 0.036568360834501504}. Best is trial 99 with value: 0.07693878561258316.
LOCAL_RANK: 0 - CUDA_VISIBLE_DEVICES: [0]
[I 2023-11-30 03:53:42,919] Trial 136 finished with value: 0.13266654312610626 and parameters: {'gradient_clip_val': 0.6983702460659441, 'hidden_size': 63, 'dropout': 0.3358155748845968, 'hidden_continuous_size': 28, 'attention_head_size': 3, 'learning_rate': 0.022325057445654245}. Best is trial 99 with value: 0.07693878561258316.
LOCAL_RANK: 0 - CUDA_VISIBLE_DEVICES: [0]
[I 2023-11-30 03:53:56,345] Trial 137 finished with value: 0.12316986173391342 and parameters: {'gradient_clip_val': 0.6192127663071044, 'hidden_size': 57, 'dropout': 0.37824939741658103, 'hidden_continuous_size': 22, 'attention_head_size': 3, 'learning_rate': 0.05385687717891104}. Best is trial 99 with value: 0.07693878561258316.
LOCAL_RANK: 0 - CUDA_VISIBLE_DEVICES: [0]
[I 2023-11-30 03:54:09,499] Trial 138 finished with value: 0.14244939386844635 and parameters: {'gradient_clip_val': 0.8461205976006791, 'hidden_size': 42, 'dropout': 0.36015977892387485, 'hidden_continuous_size': 30, 'attention_head_size': 2, 'learning_rate': 0.06157639421528717}. Best is trial 99 with value: 0.07693878561258316.
LOCAL_RANK: 0 - CUDA_VISIBLE_DEVICES: [0]
[I 2023-11-30 03:54:22,771] Trial 139 finished with value: 0.16160936653614044 and parameters: {'gradient_clip_val': 0.880282010844125, 'hidden_size': 38, 'dropout': 0.3147442883743425, 'hidden_continuous_size': 19, 'attention_head_size': 4, 'learning_rate': 0.041974766103941484}. Best is trial 99 with value: 0.07693878561258316.
LOCAL_RANK: 0 - CUDA_VISIBLE_DEVICES: [0]
[I 2023-11-30 03:54:35,964] Trial 140 finished with value: 0.14511393010616302 and parameters: {'gradient_clip_val': 0.655498231341297, 'hidden_size': 52, 'dropout': 0.2978448806762588, 'hidden_continuous_size': 25, 'attention_head_size': 3, 'learning_rate': 0.08601345651545966}. Best is trial 99 with value: 0.07693878561258316.
LOCAL_RANK: 0 - CUDA_VISIBLE_DEVICES: [0]
[I 2023-11-30 03:54:48,682] Trial 141 finished with value: 0.1335708498954773 and parameters: {'gradient_clip_val': 0.4750481414741325, 'hidden_size': 40, 'dropout': 0.35457613124084486, 'hidden_continuous_size': 18, 'attention_head_size': 1, 'learning_rate': 0.03401893131909211}. Best is trial 99 with value: 0.07693878561258316.
LOCAL_RANK: 0 - CUDA_VISIBLE_DEVICES: [0]
[I 2023-11-30 03:55:01,707] Trial 142 finished with value: 0.13856348395347595 and parameters: {'gradient_clip_val': 0.5755634181903042, 'hidden_size': 45, 'dropout': 0.3274371020762879, 'hidden_continuous_size': 20, 'attention_head_size': 2, 'learning_rate': 0.030878943800915208}. Best is trial 99 with value: 0.07693878561258316.
LOCAL_RANK: 0 - CUDA_VISIBLE_DEVICES: [0]
[I 2023-11-30 03:55:14,831] Trial 143 finished with value: 0.08639427274465561 and parameters: {'gradient_clip_val': 0.5083818382798131, 'hidden_size': 49, 'dropout': 0.34206883387679693, 'hidden_continuous_size': 16, 'attention_head_size': 2, 'learning_rate': 0.045250141949841644}. Best is trial 99 with value: 0.07693878561258316.
LOCAL_RANK: 0 - CUDA_VISIBLE_DEVICES: [0]
[I 2023-11-30 03:55:28,174] Trial 144 finished with value: 0.10939053446054459 and parameters: {'gradient_clip_val': 0.5197110784533473, 'hidden_size': 54, 'dropout': 0.3431404242856907, 'hidden_continuous_size': 16, 'attention_head_size': 2, 'learning_rate': 0.045726164058676494}. Best is trial 99 with value: 0.07693878561258316.
LOCAL_RANK: 0 - CUDA_VISIBLE_DEVICES: [0]
[I 2023-11-30 03:55:41,102] Trial 145 finished with value: 0.12629838287830353 and parameters: {'gradient_clip_val': 0.4913738854545886, 'hidden_size': 48, 'dropout': 0.3499356623089269, 'hidden_continuous_size': 17, 'attention_head_size': 2, 'learning_rate': 0.050311455202825546}. Best is trial 99 with value: 0.07693878561258316.
LOCAL_RANK: 0 - CUDA_VISIBLE_DEVICES: [0]
[I 2023-11-30 03:55:53,995] Trial 146 finished with value: 0.11889008432626724 and parameters: {'gradient_clip_val': 0.5659131098997051, 'hidden_size': 35, 'dropout': 0.30797109398643296, 'hidden_continuous_size': 15, 'attention_head_size': 3, 'learning_rate': 0.05635234023255863}. Best is trial 99 with value: 0.07693878561258316.
LOCAL_RANK: 0 - CUDA_VISIBLE_DEVICES: [0]
[I 2023-11-30 03:56:07,605] Trial 147 finished with value: 0.11138538271188736 and parameters: {'gradient_clip_val': 0.7725084231756014, 'hidden_size': 57, 'dropout': 0.3359857214419659, 'hidden_continuous_size': 24, 'attention_head_size': 4, 'learning_rate': 0.06722211100299381}. Best is trial 99 with value: 0.07693878561258316.
LOCAL_RANK: 0 - CUDA_VISIBLE_DEVICES: [0]
[I 2023-11-30 03:56:21,717] Trial 148 finished with value: 0.1744767427444458 and parameters: {'gradient_clip_val': 0.5439862182149368, 'hidden_size': 71, 'dropout': 0.3676872874942724, 'hidden_continuous_size': 64, 'attention_head_size': 1, 'learning_rate': 0.06008613337106268}. Best is trial 99 with value: 0.07693878561258316.
LOCAL_RANK: 0 - CUDA_VISIBLE_DEVICES: [0]
[I 2023-11-30 03:56:34,229] Trial 149 finished with value: 0.10570704936981201 and parameters: {'gradient_clip_val': 0.6089009487198058, 'hidden_size': 32, 'dropout': 0.3564970322388342, 'hidden_continuous_size': 10, 'attention_head_size': 3, 'learning_rate': 0.0401033056461544}. Best is trial 99 with value: 0.07693878561258316.
[I 2023-11-30 03:56:34,343] A new study created in memory with name: no-name-a2277595-105c-4e5e-a185-38633724a5e9
/home/le004/conda/anaconda3/envs/tsff_env/lib/python3.9/site-packages/lightning/fabric/plugins/environments/slurm.py:191: The `srun` command is available on your system but is not used. HINT: If your intention is to run Lightning on SLURM, prepend your python command with `srun` like so: srun python /home/le004/master_thesis/git/TSFusionForecast/code/ ...
LOCAL_RANK: 0 - CUDA_VISIBLE_DEVICES: [0]
[I 2023-11-30 03:56:47,537] Trial 0 finished with value: 0.16398417949676514 and parameters: {'gradient_clip_val': 0.901865614430657, 'hidden_size': 52, 'dropout': 0.12174512104744264, 'hidden_continuous_size': 22, 'attention_head_size': 1, 'learning_rate': 0.0648505682886176}. Best is trial 0 with value: 0.16398417949676514.
LOCAL_RANK: 0 - CUDA_VISIBLE_DEVICES: [0]
[I 2023-11-30 03:56:58,249] Trial 1 finished with value: 2.3690764904022217 and parameters: {'gradient_clip_val': 0.27428921140032536, 'hidden_size': 30, 'dropout': 0.13342895385369347, 'hidden_continuous_size': 30, 'attention_head_size': 3, 'learning_rate': 0.0022487664333618947}. Best is trial 0 with value: 0.16398417949676514.
LOCAL_RANK: 0 - CUDA_VISIBLE_DEVICES: [0]
[I 2023-11-30 03:57:09,479] Trial 2 finished with value: 0.9158288836479187 and parameters: {'gradient_clip_val': 0.23030286001328895, 'hidden_size': 18, 'dropout': 0.2576240593722162, 'hidden_continuous_size': 18, 'attention_head_size': 2, 'learning_rate': 0.016118514458434683}. Best is trial 0 with value: 0.16398417949676514.
LOCAL_RANK: 0 - CUDA_VISIBLE_DEVICES: [0]
[I 2023-11-30 03:57:22,096] Trial 3 finished with value: 0.2883507311344147 and parameters: {'gradient_clip_val': 0.22829110490786086, 'hidden_size': 18, 'dropout': 0.13733375689045557, 'hidden_continuous_size': 12, 'attention_head_size': 4, 'learning_rate': 0.028280854826712547}. Best is trial 0 with value: 0.16398417949676514.
LOCAL_RANK: 0 - CUDA_VISIBLE_DEVICES: [0]
[I 2023-11-30 03:57:36,055] Trial 4 finished with value: 0.3105027377605438 and parameters: {'gradient_clip_val': 0.4407683389012958, 'hidden_size': 85, 'dropout': 0.38790371525856404, 'hidden_continuous_size': 18, 'attention_head_size': 3, 'learning_rate': 0.028101144542002292}. Best is trial 0 with value: 0.16398417949676514.
LOCAL_RANK: 0 - CUDA_VISIBLE_DEVICES: [0]
[I 2023-11-30 03:57:48,929] Trial 5 finished with value: 0.18552350997924805 and parameters: {'gradient_clip_val': 0.1595555194468839, 'hidden_size': 52, 'dropout': 0.26927981813469354, 'hidden_continuous_size': 10, 'attention_head_size': 2, 'learning_rate': 0.02310820267367628}. Best is trial 0 with value: 0.16398417949676514.
LOCAL_RANK: 0 - CUDA_VISIBLE_DEVICES: [0]
[I 2023-11-30 03:58:02,043] Trial 6 finished with value: 0.6532450318336487 and parameters: {'gradient_clip_val': 0.2874825427626783, 'hidden_size': 44, 'dropout': 0.3533376403542837, 'hidden_continuous_size': 23, 'attention_head_size': 4, 'learning_rate': 0.00654881992875548}. Best is trial 0 with value: 0.16398417949676514.
LOCAL_RANK: 0 - CUDA_VISIBLE_DEVICES: [0]
[I 2023-11-30 03:58:16,330] Trial 7 finished with value: 0.1908642053604126 and parameters: {'gradient_clip_val': 0.1422166104873517, 'hidden_size': 111, 'dropout': 0.1187462936101618, 'hidden_continuous_size': 43, 'attention_head_size': 3, 'learning_rate': 0.01628175844337847}. Best is trial 0 with value: 0.16398417949676514.
LOCAL_RANK: 0 - CUDA_VISIBLE_DEVICES: [0]
[I 2023-11-30 03:58:28,887] Trial 8 finished with value: 0.1406376212835312 and parameters: {'gradient_clip_val': 0.62630671590522, 'hidden_size': 23, 'dropout': 0.17112580364670288, 'hidden_continuous_size': 18, 'attention_head_size': 1, 'learning_rate': 0.050310392401383346}. Best is trial 8 with value: 0.1406376212835312.
LOCAL_RANK: 0 - CUDA_VISIBLE_DEVICES: [0]
[I 2023-11-30 03:58:41,441] Trial 9 finished with value: 2.59224009513855 and parameters: {'gradient_clip_val': 0.2191172933124767, 'hidden_size': 16, 'dropout': 0.16451507444833186, 'hidden_continuous_size': 10, 'attention_head_size': 3, 'learning_rate': 0.002541924812827078}. Best is trial 8 with value: 0.1406376212835312.
LOCAL_RANK: 0 - CUDA_VISIBLE_DEVICES: [0]
[I 2023-11-30 03:58:52,058] Trial 10 finished with value: 0.24472028017044067 and parameters: {'gradient_clip_val': 0.523309611397446, 'hidden_size': 10, 'dropout': 0.19234105132483773, 'hidden_continuous_size': 10, 'attention_head_size': 1, 'learning_rate': 0.09971368570662892}. Best is trial 8 with value: 0.1406376212835312.
LOCAL_RANK: 0 - CUDA_VISIBLE_DEVICES: [0]
[I 2023-11-30 03:59:05,859] Trial 11 finished with value: 0.12425625324249268 and parameters: {'gradient_clip_val': 0.9987617850950693, 'hidden_size': 66, 'dropout': 0.10211824888073623, 'hidden_continuous_size': 56, 'attention_head_size': 1, 'learning_rate': 0.08970210113531206}. Best is trial 11 with value: 0.12425625324249268.
LOCAL_RANK: 0 - CUDA_VISIBLE_DEVICES: [0]
[I 2023-11-30 03:59:19,799] Trial 12 finished with value: 0.11478382349014282 and parameters: {'gradient_clip_val': 0.9728280824247743, 'hidden_size': 76, 'dropout': 0.10142105827935305, 'hidden_continuous_size': 71, 'attention_head_size': 1, 'learning_rate': 0.05197594933917009}. Best is trial 12 with value: 0.11478382349014282.
LOCAL_RANK: 0 - CUDA_VISIBLE_DEVICES: [0]
[I 2023-11-30 03:59:30,755] Trial 13 finished with value: 0.1631232649087906 and parameters: {'gradient_clip_val': 0.9897886274800484, 'hidden_size': 78, 'dropout': 0.10326727259098488, 'hidden_continuous_size': 78, 'attention_head_size': 2, 'learning_rate': 0.0887266999129488}. Best is trial 12 with value: 0.11478382349014282.
LOCAL_RANK: 0 - CUDA_VISIBLE_DEVICES: [0]
[I 2023-11-30 03:59:41,767] Trial 14 finished with value: 0.19199113547801971 and parameters: {'gradient_clip_val': 0.7554670692478537, 'hidden_size': 71, 'dropout': 0.10218753387813474, 'hidden_continuous_size': 71, 'attention_head_size': 1, 'learning_rate': 0.04487851518068149}. Best is trial 12 with value: 0.11478382349014282.
LOCAL_RANK: 0 - CUDA_VISIBLE_DEVICES: [0]
[I 2023-11-30 03:59:56,297] Trial 15 finished with value: 0.128276988863945 and parameters: {'gradient_clip_val': 0.6945102487868605, 'hidden_size': 122, 'dropout': 0.2108370220527716, 'hidden_continuous_size': 113, 'attention_head_size': 1, 'learning_rate': 0.04960553119785118}. Best is trial 12 with value: 0.11478382349014282.
LOCAL_RANK: 0 - CUDA_VISIBLE_DEVICES: [0]
[I 2023-11-30 04:00:09,915] Trial 16 finished with value: 0.22725731134414673 and parameters: {'gradient_clip_val': 0.9774085110960758, 'hidden_size': 62, 'dropout': 0.16379863318623253, 'hidden_continuous_size': 37, 'attention_head_size': 2, 'learning_rate': 0.09616738429034538}. Best is trial 12 with value: 0.11478382349014282.
LOCAL_RANK: 0 - CUDA_VISIBLE_DEVICES: [0]
[I 2023-11-30 04:00:24,329] Trial 17 finished with value: 0.172310471534729 and parameters: {'gradient_clip_val': 0.4262807483148908, 'hidden_size': 148, 'dropout': 0.22596838614875822, 'hidden_continuous_size': 57, 'attention_head_size': 1, 'learning_rate': 0.008763083349629521}. Best is trial 12 with value: 0.11478382349014282.
LOCAL_RANK: 0 - CUDA_VISIBLE_DEVICES: [0]
[I 2023-11-30 04:00:37,167] Trial 18 finished with value: 0.09617739915847778 and parameters: {'gradient_clip_val': 0.7100115471297701, 'hidden_size': 37, 'dropout': 0.1463809632614368, 'hidden_continuous_size': 15, 'attention_head_size': 2, 'learning_rate': 0.041581207504341335}. Best is trial 18 with value: 0.09617739915847778.
LOCAL_RANK: 0 - CUDA_VISIBLE_DEVICES: [0]
[I 2023-11-30 04:00:50,240] Trial 19 finished with value: 0.19433283805847168 and parameters: {'gradient_clip_val': 0.5788402930161195, 'hidden_size': 35, 'dropout': 0.14637134240476873, 'hidden_continuous_size': 15, 'attention_head_size': 2, 'learning_rate': 0.04085530453055559}. Best is trial 18 with value: 0.09617739915847778.
LOCAL_RANK: 0 - CUDA_VISIBLE_DEVICES: [0]
[I 2023-11-30 04:01:03,155] Trial 20 finished with value: 2.7154171466827393 and parameters: {'gradient_clip_val': 0.7506724052416893, 'hidden_size': 38, 'dropout': 0.17664596648396075, 'hidden_continuous_size': 15, 'attention_head_size': 2, 'learning_rate': 0.0010246479781159089}. Best is trial 18 with value: 0.09617739915847778.
LOCAL_RANK: 0 - CUDA_VISIBLE_DEVICES: [0]
[I 2023-11-30 04:01:17,259] Trial 21 finished with value: 0.301548570394516 and parameters: {'gradient_clip_val': 0.8337542763828617, 'hidden_size': 91, 'dropout': 0.10082926792794297, 'hidden_continuous_size': 51, 'attention_head_size': 1, 'learning_rate': 0.05162785190845804}. Best is trial 18 with value: 0.09617739915847778.
LOCAL_RANK: 0 - CUDA_VISIBLE_DEVICES: [0]
[I 2023-11-30 04:01:30,709] Trial 22 finished with value: 0.17251543700695038 and parameters: {'gradient_clip_val': 0.9974757431086826, 'hidden_size': 58, 'dropout': 0.14068566260666276, 'hidden_continuous_size': 31, 'attention_head_size': 1, 'learning_rate': 0.06940433549172492}. Best is trial 18 with value: 0.09617739915847778.
LOCAL_RANK: 0 - CUDA_VISIBLE_DEVICES: [0]
[I 2023-11-30 04:01:43,940] Trial 23 finished with value: 0.18510662019252777 and parameters: {'gradient_clip_val': 0.6519267986829963, 'hidden_size': 46, 'dropout': 0.12756557812015096, 'hidden_continuous_size': 24, 'attention_head_size': 2, 'learning_rate': 0.07216211195204862}. Best is trial 18 with value: 0.09617739915847778.
LOCAL_RANK: 0 - CUDA_VISIBLE_DEVICES: [0]
[I 2023-11-30 04:01:57,614] Trial 24 finished with value: 0.13707242906093597 and parameters: {'gradient_clip_val': 0.796597114985184, 'hidden_size': 66, 'dropout': 0.15013182756814875, 'hidden_continuous_size': 29, 'attention_head_size': 1, 'learning_rate': 0.035625457132417535}. Best is trial 18 with value: 0.09617739915847778.
LOCAL_RANK: 0 - CUDA_VISIBLE_DEVICES: [0]
[I 2023-11-30 04:02:11,756] Trial 25 finished with value: 0.17044758796691895 and parameters: {'gradient_clip_val': 0.7962518079964059, 'hidden_size': 95, 'dropout': 0.10880913610927101, 'hidden_continuous_size': 39, 'attention_head_size': 2, 'learning_rate': 0.0666436209843343}. Best is trial 18 with value: 0.09617739915847778.
LOCAL_RANK: 0 - CUDA_VISIBLE_DEVICES: [0]
[I 2023-11-30 04:02:25,518] Trial 26 finished with value: 0.1963256597518921 and parameters: {'gradient_clip_val': 0.5073177602640194, 'hidden_size': 67, 'dropout': 0.12361463000531459, 'hidden_continuous_size': 34, 'attention_head_size': 1, 'learning_rate': 0.03270728043528217}. Best is trial 18 with value: 0.09617739915847778.
LOCAL_RANK: 0 - CUDA_VISIBLE_DEVICES: [0]
[I 2023-11-30 04:02:38,872] Trial 27 finished with value: 0.3505467474460602 and parameters: {'gradient_clip_val': 0.6898276649057506, 'hidden_size': 54, 'dropout': 0.1569837079052806, 'hidden_continuous_size': 28, 'attention_head_size': 1, 'learning_rate': 0.02184311436444034}. Best is trial 18 with value: 0.09617739915847778.
LOCAL_RANK: 0 - CUDA_VISIBLE_DEVICES: [0]
[I 2023-11-30 04:02:52,799] Trial 28 finished with value: 0.13145916163921356 and parameters: {'gradient_clip_val': 0.8518204610449134, 'hidden_size': 74, 'dropout': 0.18594351290923328, 'hidden_continuous_size': 48, 'attention_head_size': 2, 'learning_rate': 0.05451888685698488}. Best is trial 18 with value: 0.09617739915847778.
LOCAL_RANK: 0 - CUDA_VISIBLE_DEVICES: [0]
[I 2023-11-30 04:03:05,880] Trial 29 finished with value: 0.3395778238773346 and parameters: {'gradient_clip_val': 0.8856033004799825, 'hidden_size': 46, 'dropout': 0.12398891515329602, 'hidden_continuous_size': 26, 'attention_head_size': 1, 'learning_rate': 0.06362426755573915}. Best is trial 18 with value: 0.09617739915847778.
LOCAL_RANK: 0 - CUDA_VISIBLE_DEVICES: [0]
[I 2023-11-30 04:03:19,467] Trial 30 finished with value: 0.21338512003421783 and parameters: {'gradient_clip_val': 0.8974216879911718, 'hidden_size': 58, 'dropout': 0.10013342885217996, 'hidden_continuous_size': 34, 'attention_head_size': 3, 'learning_rate': 0.03856826538251371}. Best is trial 18 with value: 0.09617739915847778.
LOCAL_RANK: 0 - CUDA_VISIBLE_DEVICES: [0]
[I 2023-11-30 04:03:33,808] Trial 31 finished with value: 0.16284792125225067 and parameters: {'gradient_clip_val': 0.680493827930222, 'hidden_size': 108, 'dropout': 0.20178184715389005, 'hidden_continuous_size': 103, 'attention_head_size': 1, 'learning_rate': 0.07139944418210593}. Best is trial 18 with value: 0.09617739915847778.
LOCAL_RANK: 0 - CUDA_VISIBLE_DEVICES: [0]
[I 2023-11-30 04:03:48,577] Trial 32 finished with value: 0.18538610637187958 and parameters: {'gradient_clip_val': 0.7523638218856088, 'hidden_size': 131, 'dropout': 0.1382844701230698, 'hidden_continuous_size': 120, 'attention_head_size': 1, 'learning_rate': 0.04831368753016523}. Best is trial 18 with value: 0.09617739915847778.
LOCAL_RANK: 0 - CUDA_VISIBLE_DEVICES: [0]
[I 2023-11-30 04:04:02,923] Trial 33 finished with value: 0.2295883744955063 and parameters: {'gradient_clip_val': 0.561600024918091, 'hidden_size': 109, 'dropout': 0.11967684388512657, 'hidden_continuous_size': 65, 'attention_head_size': 1, 'learning_rate': 0.09881603719010151}. Best is trial 18 with value: 0.09617739915847778.
LOCAL_RANK: 0 - CUDA_VISIBLE_DEVICES: [0]
[I 2023-11-30 04:04:17,137] Trial 34 finished with value: 0.19828404486179352 and parameters: {'gradient_clip_val': 0.6664021893551851, 'hidden_size': 82, 'dropout': 0.15124321947244385, 'hidden_continuous_size': 53, 'attention_head_size': 1, 'learning_rate': 0.05718537428450693}. Best is trial 18 with value: 0.09617739915847778.
LOCAL_RANK: 0 - CUDA_VISIBLE_DEVICES: [0]
[I 2023-11-30 04:04:31,371] Trial 35 finished with value: 0.17776109278202057 and parameters: {'gradient_clip_val': 0.9335244315187409, 'hidden_size': 93, 'dropout': 0.13334664963988113, 'hidden_continuous_size': 61, 'attention_head_size': 2, 'learning_rate': 0.033117660822321655}. Best is trial 18 with value: 0.09617739915847778.
LOCAL_RANK: 0 - CUDA_VISIBLE_DEVICES: [0]
