[I 2023-11-30 00:19:32,856] Trial 104 finished with value: 0.3674171268939972 and parameters: {'gradient_clip_val': 0.46280697944629756, 'hidden_size': 35, 'dropout': 0.22914836537543443, 'hidden_continuous_size': 31, 'attention_head_size': 3, 'learning_rate': 0.03732490100042168}. Best is trial 37 with value: 0.13887692987918854.
LOCAL_RANK: 0 - CUDA_VISIBLE_DEVICES: [0]
[I 2023-11-30 00:19:46,574] Trial 105 finished with value: 0.18401110172271729 and parameters: {'gradient_clip_val': 0.5156369591385281, 'hidden_size': 75, 'dropout': 0.19566150197250473, 'hidden_continuous_size': 27, 'attention_head_size': 3, 'learning_rate': 0.026183279636126124}. Best is trial 37 with value: 0.13887692987918854.
LOCAL_RANK: 0 - CUDA_VISIBLE_DEVICES: [0]
[I 2023-11-30 00:20:00,342] Trial 106 finished with value: 0.4187159836292267 and parameters: {'gradient_clip_val': 0.5662038373591872, 'hidden_size': 71, 'dropout': 0.19710995264547665, 'hidden_continuous_size': 27, 'attention_head_size': 3, 'learning_rate': 0.026326272347115803}. Best is trial 37 with value: 0.13887692987918854.
LOCAL_RANK: 0 - CUDA_VISIBLE_DEVICES: [0]
[I 2023-11-30 00:20:14,268] Trial 107 finished with value: 0.19302749633789062 and parameters: {'gradient_clip_val': 0.5128576026831945, 'hidden_size': 81, 'dropout': 0.18816185347834471, 'hidden_continuous_size': 29, 'attention_head_size': 3, 'learning_rate': 0.02028399268554641}. Best is trial 37 with value: 0.13887692987918854.
LOCAL_RANK: 0 - CUDA_VISIBLE_DEVICES: [0]
[I 2023-11-30 00:20:27,920] Trial 108 finished with value: 0.5827085375785828 and parameters: {'gradient_clip_val': 0.5480546984936236, 'hidden_size': 61, 'dropout': 0.2414454021964877, 'hidden_continuous_size': 41, 'attention_head_size': 3, 'learning_rate': 0.03388015831570792}. Best is trial 37 with value: 0.13887692987918854.
LOCAL_RANK: 0 - CUDA_VISIBLE_DEVICES: [0]
[I 2023-11-30 00:20:42,023] Trial 109 finished with value: 0.22204692661762238 and parameters: {'gradient_clip_val': 0.622802182030282, 'hidden_size': 76, 'dropout': 0.20409460041097865, 'hidden_continuous_size': 62, 'attention_head_size': 3, 'learning_rate': 0.04506286385128799}. Best is trial 37 with value: 0.13887692987918854.
LOCAL_RANK: 0 - CUDA_VISIBLE_DEVICES: [0]
[I 2023-11-30 00:20:55,517] Trial 110 finished with value: 0.35052791237831116 and parameters: {'gradient_clip_val': 0.559989020631558, 'hidden_size': 58, 'dropout': 0.1927859920507964, 'hidden_continuous_size': 43, 'attention_head_size': 1, 'learning_rate': 0.017926378652145032}. Best is trial 37 with value: 0.13887692987918854.
LOCAL_RANK: 0 - CUDA_VISIBLE_DEVICES: [0]
[I 2023-11-30 00:21:09,232] Trial 111 finished with value: 0.2126752883195877 and parameters: {'gradient_clip_val': 0.6914511179186692, 'hidden_size': 68, 'dropout': 0.17062833909341188, 'hidden_continuous_size': 33, 'attention_head_size': 3, 'learning_rate': 0.02983269119751136}. Best is trial 37 with value: 0.13887692987918854.
LOCAL_RANK: 0 - CUDA_VISIBLE_DEVICES: [0]
[I 2023-11-30 00:21:22,629] Trial 112 finished with value: 0.26093804836273193 and parameters: {'gradient_clip_val': 0.28981162199110283, 'hidden_size': 64, 'dropout': 0.20697500197009153, 'hidden_continuous_size': 32, 'attention_head_size': 3, 'learning_rate': 0.02693928689545182}. Best is trial 37 with value: 0.13887692987918854.
LOCAL_RANK: 0 - CUDA_VISIBLE_DEVICES: [0]
[I 2023-11-30 00:21:36,982] Trial 113 finished with value: 0.13685093820095062 and parameters: {'gradient_clip_val': 0.3067945416741324, 'hidden_size': 133, 'dropout': 0.21688692697761933, 'hidden_continuous_size': 30, 'attention_head_size': 3, 'learning_rate': 0.02245177736330986}. Best is trial 113 with value: 0.13685093820095062.
LOCAL_RANK: 0 - CUDA_VISIBLE_DEVICES: [0]
[I 2023-11-30 00:21:51,561] Trial 114 finished with value: 0.18954770267009735 and parameters: {'gradient_clip_val': 0.3280015638293118, 'hidden_size': 135, 'dropout': 0.21915740759493985, 'hidden_continuous_size': 24, 'attention_head_size': 3, 'learning_rate': 0.021303581025187215}. Best is trial 113 with value: 0.13685093820095062.
LOCAL_RANK: 0 - CUDA_VISIBLE_DEVICES: [0]
[I 2023-11-30 00:22:05,862] Trial 115 finished with value: 0.25440549850463867 and parameters: {'gradient_clip_val': 0.5058297467273062, 'hidden_size': 144, 'dropout': 0.20883345820715868, 'hidden_continuous_size': 27, 'attention_head_size': 3, 'learning_rate': 0.025059483526066784}. Best is trial 113 with value: 0.13685093820095062.
LOCAL_RANK: 0 - CUDA_VISIBLE_DEVICES: [0]
[I 2023-11-30 00:22:20,239] Trial 116 finished with value: 0.184661403298378 and parameters: {'gradient_clip_val': 0.6423700401254114, 'hidden_size': 127, 'dropout': 0.24684575632898514, 'hidden_continuous_size': 29, 'attention_head_size': 3, 'learning_rate': 0.022728034436307967}. Best is trial 113 with value: 0.13685093820095062.
LOCAL_RANK: 0 - CUDA_VISIBLE_DEVICES: [0]
[I 2023-11-30 00:22:34,583] Trial 117 finished with value: 0.528548538684845 and parameters: {'gradient_clip_val': 0.6058833135716414, 'hidden_size': 129, 'dropout': 0.23717965634677646, 'hidden_continuous_size': 24, 'attention_head_size': 3, 'learning_rate': 0.018394122540348692}. Best is trial 113 with value: 0.13685093820095062.
LOCAL_RANK: 0 - CUDA_VISIBLE_DEVICES: [0]
[I 2023-11-30 00:22:48,799] Trial 118 finished with value: 0.286190390586853 and parameters: {'gradient_clip_val': 0.664208250443098, 'hidden_size': 120, 'dropout': 0.24483650458971506, 'hidden_continuous_size': 29, 'attention_head_size': 3, 'learning_rate': 0.022858987867261045}. Best is trial 113 with value: 0.13685093820095062.
LOCAL_RANK: 0 - CUDA_VISIBLE_DEVICES: [0]
[I 2023-11-30 00:23:03,817] Trial 119 finished with value: 0.30933094024658203 and parameters: {'gradient_clip_val': 0.5342118228943679, 'hidden_size': 150, 'dropout': 0.18167450498066703, 'hidden_continuous_size': 69, 'attention_head_size': 2, 'learning_rate': 0.015342699947214484}. Best is trial 113 with value: 0.13685093820095062.
LOCAL_RANK: 0 - CUDA_VISIBLE_DEVICES: [0]
[I 2023-11-30 00:23:18,173] Trial 120 finished with value: 0.5832993984222412 and parameters: {'gradient_clip_val': 0.6904883436866683, 'hidden_size': 135, 'dropout': 0.22670921416069065, 'hidden_continuous_size': 30, 'attention_head_size': 3, 'learning_rate': 0.020345208423733024}. Best is trial 113 with value: 0.13685093820095062.
LOCAL_RANK: 0 - CUDA_VISIBLE_DEVICES: [0]
[I 2023-11-30 00:23:32,327] Trial 121 finished with value: 0.2689746022224426 and parameters: {'gradient_clip_val': 0.642597471116599, 'hidden_size': 110, 'dropout': 0.21930752039131382, 'hidden_continuous_size': 27, 'attention_head_size': 3, 'learning_rate': 0.03144841710047624}. Best is trial 113 with value: 0.13685093820095062.
LOCAL_RANK: 0 - CUDA_VISIBLE_DEVICES: [0]
[I 2023-11-30 00:23:46,729] Trial 122 finished with value: 0.33935022354125977 and parameters: {'gradient_clip_val': 0.5898868611468252, 'hidden_size': 122, 'dropout': 0.18069656513973503, 'hidden_continuous_size': 36, 'attention_head_size': 3, 'learning_rate': 0.02839911406028474}. Best is trial 113 with value: 0.13685093820095062.
LOCAL_RANK: 0 - CUDA_VISIBLE_DEVICES: [0]
[I 2023-11-30 00:24:01,116] Trial 123 finished with value: 0.2649184763431549 and parameters: {'gradient_clip_val': 0.6221225580940115, 'hidden_size': 140, 'dropout': 0.21238201756675446, 'hidden_continuous_size': 25, 'attention_head_size': 3, 'learning_rate': 0.01378400577859078}. Best is trial 113 with value: 0.13685093820095062.
LOCAL_RANK: 0 - CUDA_VISIBLE_DEVICES: [0]
[I 2023-11-30 00:24:15,323] Trial 124 finished with value: 0.22026877105236053 and parameters: {'gradient_clip_val': 0.722256413426708, 'hidden_size': 103, 'dropout': 0.2305503135367013, 'hidden_continuous_size': 30, 'attention_head_size': 3, 'learning_rate': 0.03626364270417614}. Best is trial 113 with value: 0.13685093820095062.
LOCAL_RANK: 0 - CUDA_VISIBLE_DEVICES: [0]
[I 2023-11-30 00:24:29,534] Trial 125 finished with value: 0.15064966678619385 and parameters: {'gradient_clip_val': 0.26992039308876487, 'hidden_size': 112, 'dropout': 0.16150984133147991, 'hidden_continuous_size': 38, 'attention_head_size': 3, 'learning_rate': 0.02317807394337848}. Best is trial 113 with value: 0.13685093820095062.
LOCAL_RANK: 0 - CUDA_VISIBLE_DEVICES: [0]
[I 2023-11-30 00:24:43,978] Trial 126 finished with value: 0.21039295196533203 and parameters: {'gradient_clip_val': 0.3103320239185299, 'hidden_size': 130, 'dropout': 0.19169935441520689, 'hidden_continuous_size': 39, 'attention_head_size': 3, 'learning_rate': 0.02255502600159544}. Best is trial 113 with value: 0.13685093820095062.
LOCAL_RANK: 0 - CUDA_VISIBLE_DEVICES: [0]
[I 2023-11-30 00:24:58,311] Trial 127 finished with value: 0.323537677526474 and parameters: {'gradient_clip_val': 0.4826212102317916, 'hidden_size': 114, 'dropout': 0.19719165683517095, 'hidden_continuous_size': 35, 'attention_head_size': 3, 'learning_rate': 0.016238026103630437}. Best is trial 113 with value: 0.13685093820095062.
LOCAL_RANK: 0 - CUDA_VISIBLE_DEVICES: [0]
[I 2023-11-30 00:25:12,829] Trial 128 finished with value: 0.18541346490383148 and parameters: {'gradient_clip_val': 0.26940092821934314, 'hidden_size': 144, 'dropout': 0.16608190472472342, 'hidden_continuous_size': 49, 'attention_head_size': 3, 'learning_rate': 0.01948555671458093}. Best is trial 113 with value: 0.13685093820095062.
LOCAL_RANK: 0 - CUDA_VISIBLE_DEVICES: [0]
[I 2023-11-30 00:25:27,558] Trial 129 finished with value: 0.2240247279405594 and parameters: {'gradient_clip_val': 0.3007481847053163, 'hidden_size': 132, 'dropout': 0.16099666984052818, 'hidden_continuous_size': 89, 'attention_head_size': 3, 'learning_rate': 0.025004532096357387}. Best is trial 113 with value: 0.13685093820095062.
LOCAL_RANK: 0 - CUDA_VISIBLE_DEVICES: [0]
[I 2023-11-30 00:25:41,648] Trial 130 finished with value: 0.2661019563674927 and parameters: {'gradient_clip_val': 0.6488144908132036, 'hidden_size': 95, 'dropout': 0.17514175249360353, 'hidden_continuous_size': 37, 'attention_head_size': 2, 'learning_rate': 0.04029691202671256}. Best is trial 113 with value: 0.13685093820095062.
LOCAL_RANK: 0 - CUDA_VISIBLE_DEVICES: [0]
[I 2023-11-30 00:25:55,943] Trial 131 finished with value: 0.2168065756559372 and parameters: {'gradient_clip_val': 0.28930905019883185, 'hidden_size': 111, 'dropout': 0.14797469475962405, 'hidden_continuous_size': 40, 'attention_head_size': 3, 'learning_rate': 0.03294278168439237}. Best is trial 113 with value: 0.13685093820095062.
LOCAL_RANK: 0 - CUDA_VISIBLE_DEVICES: [0]
[I 2023-11-30 00:26:10,235] Trial 132 finished with value: 0.36395931243896484 and parameters: {'gradient_clip_val': 0.3261410664796412, 'hidden_size': 123, 'dropout': 0.10644930079647402, 'hidden_continuous_size': 33, 'attention_head_size': 3, 'learning_rate': 0.029963058125185807}. Best is trial 113 with value: 0.13685093820095062.
LOCAL_RANK: 0 - CUDA_VISIBLE_DEVICES: [0]
[I 2023-11-30 00:26:23,949] Trial 133 finished with value: 0.25685858726501465 and parameters: {'gradient_clip_val': 0.2757411496018164, 'hidden_size': 62, 'dropout': 0.1553254677236909, 'hidden_continuous_size': 31, 'attention_head_size': 3, 'learning_rate': 0.028120669918976313}. Best is trial 113 with value: 0.13685093820095062.
LOCAL_RANK: 0 - CUDA_VISIBLE_DEVICES: [0]
[I 2023-11-30 00:26:37,905] Trial 134 finished with value: 0.2991091310977936 and parameters: {'gradient_clip_val': 0.24801436242524405, 'hidden_size': 70, 'dropout': 0.23661152743696218, 'hidden_continuous_size': 34, 'attention_head_size': 3, 'learning_rate': 0.02533424558299148}. Best is trial 113 with value: 0.13685093820095062.
LOCAL_RANK: 0 - CUDA_VISIBLE_DEVICES: [0]
[I 2023-11-30 00:26:51,611] Trial 135 finished with value: 0.18915033340454102 and parameters: {'gradient_clip_val': 0.5680456377930474, 'hidden_size': 55, 'dropout': 0.25604650450901173, 'hidden_continuous_size': 44, 'attention_head_size': 3, 'learning_rate': 0.022585791864199033}. Best is trial 113 with value: 0.13685093820095062.
LOCAL_RANK: 0 - CUDA_VISIBLE_DEVICES: [0]
[I 2023-11-30 00:27:06,012] Trial 136 finished with value: 0.36603376269340515 and parameters: {'gradient_clip_val': 0.30305345692410346, 'hidden_size': 139, 'dropout': 0.201940293867186, 'hidden_continuous_size': 28, 'attention_head_size': 3, 'learning_rate': 0.03640611192728696}. Best is trial 113 with value: 0.13685093820095062.
LOCAL_RANK: 0 - CUDA_VISIBLE_DEVICES: [0]
[I 2023-11-30 00:27:20,184] Trial 137 finished with value: 0.16844062507152557 and parameters: {'gradient_clip_val': 0.26200556350583476, 'hidden_size': 73, 'dropout': 0.2459751386116263, 'hidden_continuous_size': 58, 'attention_head_size': 3, 'learning_rate': 0.01916877197713828}. Best is trial 113 with value: 0.13685093820095062.
LOCAL_RANK: 0 - CUDA_VISIBLE_DEVICES: [0]
[I 2023-11-30 00:27:34,304] Trial 138 finished with value: 0.18299758434295654 and parameters: {'gradient_clip_val': 0.22491899940933582, 'hidden_size': 74, 'dropout': 0.24646394641881847, 'hidden_continuous_size': 53, 'attention_head_size': 3, 'learning_rate': 0.016984462397936335}. Best is trial 113 with value: 0.13685093820095062.
LOCAL_RANK: 0 - CUDA_VISIBLE_DEVICES: [0]
[I 2023-11-30 00:27:48,605] Trial 139 finished with value: 0.2310543805360794 and parameters: {'gradient_clip_val': 0.22611547187262648, 'hidden_size': 82, 'dropout': 0.23311114934762328, 'hidden_continuous_size': 60, 'attention_head_size': 3, 'learning_rate': 0.0145969096100627}. Best is trial 113 with value: 0.13685093820095062.
LOCAL_RANK: 0 - CUDA_VISIBLE_DEVICES: [0]
[I 2023-11-30 00:28:02,685] Trial 140 finished with value: 0.2591763436794281 and parameters: {'gradient_clip_val': 0.2646144473077039, 'hidden_size': 74, 'dropout': 0.22673794596519284, 'hidden_continuous_size': 56, 'attention_head_size': 3, 'learning_rate': 0.01787589224251514}. Best is trial 113 with value: 0.13685093820095062.
LOCAL_RANK: 0 - CUDA_VISIBLE_DEVICES: [0]
[I 2023-11-30 00:28:16,623] Trial 141 finished with value: 0.2932684123516083 and parameters: {'gradient_clip_val': 0.2515639533222573, 'hidden_size': 72, 'dropout': 0.24641584131288916, 'hidden_continuous_size': 52, 'attention_head_size': 3, 'learning_rate': 0.01586305120105262}. Best is trial 113 with value: 0.13685093820095062.
LOCAL_RANK: 0 - CUDA_VISIBLE_DEVICES: [0]
[I 2023-11-30 00:28:30,685] Trial 142 finished with value: 0.17035238444805145 and parameters: {'gradient_clip_val': 0.314208570514211, 'hidden_size': 66, 'dropout': 0.2405210806594543, 'hidden_continuous_size': 57, 'attention_head_size': 3, 'learning_rate': 0.012817615502645326}. Best is trial 113 with value: 0.13685093820095062.
LOCAL_RANK: 0 - CUDA_VISIBLE_DEVICES: [0]
[I 2023-11-30 00:28:45,048] Trial 143 finished with value: 0.32499390840530396 and parameters: {'gradient_clip_val': 0.30806318445694325, 'hidden_size': 77, 'dropout': 0.24135054518543952, 'hidden_continuous_size': 55, 'attention_head_size': 3, 'learning_rate': 0.012557236687821681}. Best is trial 113 with value: 0.13685093820095062.
LOCAL_RANK: 0 - CUDA_VISIBLE_DEVICES: [0]
[I 2023-11-30 00:28:59,018] Trial 144 finished with value: 0.17079834640026093 and parameters: {'gradient_clip_val': 0.28646849001385716, 'hidden_size': 70, 'dropout': 0.26106090795252684, 'hidden_continuous_size': 56, 'attention_head_size': 3, 'learning_rate': 0.009616878434491506}. Best is trial 113 with value: 0.13685093820095062.
LOCAL_RANK: 0 - CUDA_VISIBLE_DEVICES: [0]
[I 2023-11-30 00:29:12,895] Trial 145 finished with value: 0.25565460324287415 and parameters: {'gradient_clip_val': 0.33594226609947764, 'hidden_size': 66, 'dropout': 0.25998593597425634, 'hidden_continuous_size': 54, 'attention_head_size': 3, 'learning_rate': 0.011569078312316657}. Best is trial 113 with value: 0.13685093820095062.
LOCAL_RANK: 0 - CUDA_VISIBLE_DEVICES: [0]
[I 2023-11-30 00:29:26,716] Trial 146 finished with value: 0.3494701385498047 and parameters: {'gradient_clip_val': 0.27787052118566336, 'hidden_size': 63, 'dropout': 0.2525430735663994, 'hidden_continuous_size': 51, 'attention_head_size': 3, 'learning_rate': 0.010214674438394597}. Best is trial 113 with value: 0.13685093820095062.
LOCAL_RANK: 0 - CUDA_VISIBLE_DEVICES: [0]
[I 2023-11-30 00:29:40,627] Trial 147 finished with value: 0.46180665493011475 and parameters: {'gradient_clip_val': 0.2619222175666352, 'hidden_size': 70, 'dropout': 0.26769734734134143, 'hidden_continuous_size': 57, 'attention_head_size': 2, 'learning_rate': 0.009819086520578299}. Best is trial 113 with value: 0.13685093820095062.
LOCAL_RANK: 0 - CUDA_VISIBLE_DEVICES: [0]
[I 2023-11-30 00:29:54,757] Trial 148 finished with value: 0.2287764996290207 and parameters: {'gradient_clip_val': 0.2946233957517753, 'hidden_size': 67, 'dropout': 0.2361424739377736, 'hidden_continuous_size': 53, 'attention_head_size': 3, 'learning_rate': 0.008741807713938798}. Best is trial 113 with value: 0.13685093820095062.
LOCAL_RANK: 0 - CUDA_VISIBLE_DEVICES: [0]
[I 2023-11-30 00:30:08,519] Trial 149 finished with value: 0.3154015839099884 and parameters: {'gradient_clip_val': 0.3167063329792738, 'hidden_size': 59, 'dropout': 0.21803202523826426, 'hidden_continuous_size': 47, 'attention_head_size': 3, 'learning_rate': 0.012755571579173256}. Best is trial 113 with value: 0.13685093820095062.
[I 2023-11-30 00:30:08,633] A new study created in memory with name: no-name-4753b73a-77c6-4d91-9672-0b6b5239c880
/home/le004/conda/anaconda3/envs/tsff_env/lib/python3.9/site-packages/lightning/fabric/plugins/environments/slurm.py:191: The `srun` command is available on your system but is not used. HINT: If your intention is to run Lightning on SLURM, prepend your python command with `srun` like so: srun python /home/le004/master_thesis/git/TSFusionForecast/code/ ...
LOCAL_RANK: 0 - CUDA_VISIBLE_DEVICES: [0]
[I 2023-11-30 00:30:20,897] Trial 0 finished with value: 0.5885732173919678 and parameters: {'gradient_clip_val': 0.21941895173338485, 'hidden_size': 13, 'dropout': 0.13782471756009837, 'hidden_continuous_size': 10, 'attention_head_size': 1, 'learning_rate': 0.02364398879392274}. Best is trial 0 with value: 0.5885732173919678.
LOCAL_RANK: 0 - CUDA_VISIBLE_DEVICES: [0]
[I 2023-11-30 00:30:33,984] Trial 1 finished with value: 0.16128131747245789 and parameters: {'gradient_clip_val': 0.10330138448698706, 'hidden_size': 35, 'dropout': 0.34688223921138, 'hidden_continuous_size': 26, 'attention_head_size': 4, 'learning_rate': 0.050466847763763006}. Best is trial 1 with value: 0.16128131747245789.
LOCAL_RANK: 0 - CUDA_VISIBLE_DEVICES: [0]
[I 2023-11-30 00:30:47,395] Trial 2 finished with value: 0.3042454719543457 and parameters: {'gradient_clip_val': 0.42414258921928377, 'hidden_size': 64, 'dropout': 0.2741286235195668, 'hidden_continuous_size': 31, 'attention_head_size': 2, 'learning_rate': 0.015469522580196531}. Best is trial 1 with value: 0.16128131747245789.
LOCAL_RANK: 0 - CUDA_VISIBLE_DEVICES: [0]
[I 2023-11-30 00:31:01,669] Trial 3 finished with value: 0.1325559765100479 and parameters: {'gradient_clip_val': 0.3031795960125071, 'hidden_size': 95, 'dropout': 0.37842601381755525, 'hidden_continuous_size': 38, 'attention_head_size': 4, 'learning_rate': 0.02013145563919119}. Best is trial 3 with value: 0.1325559765100479.
LOCAL_RANK: 0 - CUDA_VISIBLE_DEVICES: [0]
[I 2023-11-30 00:31:15,588] Trial 4 finished with value: 0.5371765494346619 and parameters: {'gradient_clip_val': 0.45390962170211346, 'hidden_size': 92, 'dropout': 0.27408325231663455, 'hidden_continuous_size': 58, 'attention_head_size': 1, 'learning_rate': 0.003706203237206292}. Best is trial 3 with value: 0.1325559765100479.
LOCAL_RANK: 0 - CUDA_VISIBLE_DEVICES: [0]
[I 2023-11-30 00:31:28,125] Trial 5 finished with value: 0.0989944264292717 and parameters: {'gradient_clip_val': 0.1394563934420183, 'hidden_size': 27, 'dropout': 0.313988091263647, 'hidden_continuous_size': 22, 'attention_head_size': 1, 'learning_rate': 0.09802737959681414}. Best is trial 5 with value: 0.0989944264292717.
LOCAL_RANK: 0 - CUDA_VISIBLE_DEVICES: [0]
[I 2023-11-30 00:31:41,979] Trial 6 finished with value: 0.155045285820961 and parameters: {'gradient_clip_val': 0.26706662082623167, 'hidden_size': 62, 'dropout': 0.1528041271857174, 'hidden_continuous_size': 45, 'attention_head_size': 4, 'learning_rate': 0.05799504222604843}. Best is trial 5 with value: 0.0989944264292717.
LOCAL_RANK: 0 - CUDA_VISIBLE_DEVICES: [0]
[I 2023-11-30 00:31:54,577] Trial 7 finished with value: 3.404160737991333 and parameters: {'gradient_clip_val': 0.48582006537325806, 'hidden_size': 21, 'dropout': 0.23232302876613395, 'hidden_continuous_size': 19, 'attention_head_size': 4, 'learning_rate': 0.0014704946882155968}. Best is trial 5 with value: 0.0989944264292717.
LOCAL_RANK: 0 - CUDA_VISIBLE_DEVICES: [0]
[I 2023-11-30 00:32:07,141] Trial 8 finished with value: 0.7235119342803955 and parameters: {'gradient_clip_val': 0.23047649274587081, 'hidden_size': 17, 'dropout': 0.16186957462578963, 'hidden_continuous_size': 15, 'attention_head_size': 2, 'learning_rate': 0.011070471757565262}. Best is trial 5 with value: 0.0989944264292717.
LOCAL_RANK: 0 - CUDA_VISIBLE_DEVICES: [0]
[I 2023-11-30 00:32:19,681] Trial 9 finished with value: 1.7809500694274902 and parameters: {'gradient_clip_val': 0.6874209984434696, 'hidden_size': 14, 'dropout': 0.39413480096399267, 'hidden_continuous_size': 13, 'attention_head_size': 4, 'learning_rate': 0.0036223720558509497}. Best is trial 5 with value: 0.0989944264292717.
LOCAL_RANK: 0 - CUDA_VISIBLE_DEVICES: [0]
[I 2023-11-30 00:32:32,201] Trial 10 finished with value: 0.13398146629333496 and parameters: {'gradient_clip_val': 0.11831045021107679, 'hidden_size': 28, 'dropout': 0.3284723857910492, 'hidden_continuous_size': 19, 'attention_head_size': 1, 'learning_rate': 0.09866279470407244}. Best is trial 5 with value: 0.0989944264292717.
LOCAL_RANK: 0 - CUDA_VISIBLE_DEVICES: [0]
