[I 2023-11-29 21:35:10,962] Trial 103 finished with value: 0.19034743309020996 and parameters: {'gradient_clip_val': 0.9585231991422622, 'hidden_size': 107, 'dropout': 0.2571280006883823, 'hidden_continuous_size': 43, 'attention_head_size': 4, 'learning_rate': 0.03943991166405522}. Best is trial 97 with value: 0.09228062629699707.
LOCAL_RANK: 0 - CUDA_VISIBLE_DEVICES: [0]
[I 2023-11-29 21:35:25,320] Trial 104 finished with value: 0.2647842466831207 and parameters: {'gradient_clip_val': 0.7126104691845758, 'hidden_size': 92, 'dropout': 0.2984698474552263, 'hidden_continuous_size': 74, 'attention_head_size': 1, 'learning_rate': 0.05051394883633634}. Best is trial 97 with value: 0.09228062629699707.
LOCAL_RANK: 0 - CUDA_VISIBLE_DEVICES: [0]
[I 2023-11-29 21:35:39,687] Trial 105 finished with value: 0.3015386760234833 and parameters: {'gradient_clip_val': 0.7681397169259372, 'hidden_size': 81, 'dropout': 0.27581563716176977, 'hidden_continuous_size': 72, 'attention_head_size': 2, 'learning_rate': 0.03850159531489507}. Best is trial 97 with value: 0.09228062629699707.
LOCAL_RANK: 0 - CUDA_VISIBLE_DEVICES: [0]
[I 2023-11-29 21:35:54,288] Trial 106 finished with value: 0.21731071174144745 and parameters: {'gradient_clip_val': 0.8423734109562744, 'hidden_size': 145, 'dropout': 0.2857369766232517, 'hidden_continuous_size': 36, 'attention_head_size': 4, 'learning_rate': 0.028771541104978954}. Best is trial 97 with value: 0.09228062629699707.
LOCAL_RANK: 0 - CUDA_VISIBLE_DEVICES: [0]
[I 2023-11-29 21:36:08,675] Trial 107 finished with value: 0.15135927498340607 and parameters: {'gradient_clip_val': 0.9303078669153246, 'hidden_size': 115, 'dropout': 0.26685776377048787, 'hidden_continuous_size': 39, 'attention_head_size': 4, 'learning_rate': 0.03370443223533681}. Best is trial 97 with value: 0.09228062629699707.
LOCAL_RANK: 0 - CUDA_VISIBLE_DEVICES: [0]
[I 2023-11-29 21:36:23,055] Trial 108 finished with value: 0.10629234462976456 and parameters: {'gradient_clip_val': 0.6704236811449545, 'hidden_size': 70, 'dropout': 0.3112354971605205, 'hidden_continuous_size': 66, 'attention_head_size': 4, 'learning_rate': 0.04639970634385345}. Best is trial 97 with value: 0.09228062629699707.
LOCAL_RANK: 0 - CUDA_VISIBLE_DEVICES: [0]
[I 2023-11-29 21:36:37,340] Trial 109 finished with value: 0.17309068143367767 and parameters: {'gradient_clip_val': 0.6534803259413197, 'hidden_size': 69, 'dropout': 0.31697747137253623, 'hidden_continuous_size': 64, 'attention_head_size': 4, 'learning_rate': 0.04816106597051916}. Best is trial 97 with value: 0.09228062629699707.
LOCAL_RANK: 0 - CUDA_VISIBLE_DEVICES: [0]
[I 2023-11-29 21:36:51,596] Trial 110 finished with value: 0.1272210329771042 and parameters: {'gradient_clip_val': 0.6756590606467572, 'hidden_size': 72, 'dropout': 0.2939180576693564, 'hidden_continuous_size': 67, 'attention_head_size': 4, 'learning_rate': 0.06637519462444921}. Best is trial 97 with value: 0.09228062629699707.
LOCAL_RANK: 0 - CUDA_VISIBLE_DEVICES: [0]
[I 2023-11-29 21:37:05,742] Trial 111 finished with value: 0.15919101238250732 and parameters: {'gradient_clip_val': 0.6792876095902584, 'hidden_size': 69, 'dropout': 0.29177182354256626, 'hidden_continuous_size': 66, 'attention_head_size': 4, 'learning_rate': 0.06952680406045586}. Best is trial 97 with value: 0.09228062629699707.
LOCAL_RANK: 0 - CUDA_VISIBLE_DEVICES: [0]
[I 2023-11-29 21:37:20,061] Trial 112 finished with value: 0.09867381304502487 and parameters: {'gradient_clip_val': 0.6076945572344058, 'hidden_size': 73, 'dropout': 0.30888461453089555, 'hidden_continuous_size': 68, 'attention_head_size': 4, 'learning_rate': 0.06092110952965539}. Best is trial 97 with value: 0.09228062629699707.
LOCAL_RANK: 0 - CUDA_VISIBLE_DEVICES: [0]
[I 2023-11-29 21:37:34,471] Trial 113 finished with value: 0.17163772881031036 and parameters: {'gradient_clip_val': 0.6006083692590806, 'hidden_size': 77, 'dropout': 0.30805727598030946, 'hidden_continuous_size': 70, 'attention_head_size': 4, 'learning_rate': 0.059589039259318216}. Best is trial 97 with value: 0.09228062629699707.
LOCAL_RANK: 0 - CUDA_VISIBLE_DEVICES: [0]
[I 2023-11-29 21:37:48,526] Trial 114 finished with value: 0.15328297019004822 and parameters: {'gradient_clip_val': 0.5946268632686647, 'hidden_size': 57, 'dropout': 0.3011337331939201, 'hidden_continuous_size': 54, 'attention_head_size': 4, 'learning_rate': 0.056366897100810394}. Best is trial 97 with value: 0.09228062629699707.
LOCAL_RANK: 0 - CUDA_VISIBLE_DEVICES: [0]
[I 2023-11-29 21:38:02,393] Trial 115 finished with value: 0.13565899431705475 and parameters: {'gradient_clip_val': 0.6493682901746329, 'hidden_size': 64, 'dropout': 0.3108932511457225, 'hidden_continuous_size': 59, 'attention_head_size': 4, 'learning_rate': 0.06532095357520896}. Best is trial 97 with value: 0.09228062629699707.
LOCAL_RANK: 0 - CUDA_VISIBLE_DEVICES: [0]
[I 2023-11-29 21:38:16,563] Trial 116 finished with value: 0.20206671953201294 and parameters: {'gradient_clip_val': 0.6911126355001529, 'hidden_size': 73, 'dropout': 0.2953420238212154, 'hidden_continuous_size': 69, 'attention_head_size': 4, 'learning_rate': 0.07530026660738283}. Best is trial 97 with value: 0.09228062629699707.
LOCAL_RANK: 0 - CUDA_VISIBLE_DEVICES: [0]
[I 2023-11-29 21:38:30,741] Trial 117 finished with value: 0.20870137214660645 and parameters: {'gradient_clip_val': 0.5620253851069432, 'hidden_size': 67, 'dropout': 0.3175557348443378, 'hidden_continuous_size': 62, 'attention_head_size': 4, 'learning_rate': 0.054718524731092316}. Best is trial 97 with value: 0.09228062629699707.
LOCAL_RANK: 0 - CUDA_VISIBLE_DEVICES: [0]
[I 2023-11-29 21:38:44,846] Trial 118 finished with value: 0.21054629981517792 and parameters: {'gradient_clip_val': 0.6246479258609775, 'hidden_size': 72, 'dropout': 0.3320285820169965, 'hidden_continuous_size': 67, 'attention_head_size': 4, 'learning_rate': 0.08927618086916644}. Best is trial 97 with value: 0.09228062629699707.
LOCAL_RANK: 0 - CUDA_VISIBLE_DEVICES: [0]
[I 2023-11-29 21:38:59,003] Trial 119 finished with value: 0.09937823563814163 and parameters: {'gradient_clip_val': 0.7504911572069829, 'hidden_size': 63, 'dropout': 0.3258882843151753, 'hidden_continuous_size': 58, 'attention_head_size': 4, 'learning_rate': 0.044688723604768915}. Best is trial 97 with value: 0.09228062629699707.
LOCAL_RANK: 0 - CUDA_VISIBLE_DEVICES: [0]
[I 2023-11-29 21:39:12,942] Trial 120 finished with value: 0.21078915894031525 and parameters: {'gradient_clip_val': 0.5580826639783553, 'hidden_size': 61, 'dropout': 0.3241217115323091, 'hidden_continuous_size': 57, 'attention_head_size': 4, 'learning_rate': 0.04527373296311072}. Best is trial 97 with value: 0.09228062629699707.
LOCAL_RANK: 0 - CUDA_VISIBLE_DEVICES: [0]
[I 2023-11-29 21:39:26,881] Trial 121 finished with value: 0.16571973264217377 and parameters: {'gradient_clip_val': 0.751387173898478, 'hidden_size': 63, 'dropout': 0.30321654625617767, 'hidden_continuous_size': 59, 'attention_head_size': 4, 'learning_rate': 0.03851135124666461}. Best is trial 97 with value: 0.09228062629699707.
LOCAL_RANK: 0 - CUDA_VISIBLE_DEVICES: [0]
[I 2023-11-29 21:39:41,265] Trial 122 finished with value: 0.17264336347579956 and parameters: {'gradient_clip_val': 0.8196898370438606, 'hidden_size': 82, 'dropout': 0.3232380357226824, 'hidden_continuous_size': 72, 'attention_head_size': 4, 'learning_rate': 0.05200363781462371}. Best is trial 97 with value: 0.09228062629699707.
LOCAL_RANK: 0 - CUDA_VISIBLE_DEVICES: [0]
[I 2023-11-29 21:39:55,600] Trial 123 finished with value: 0.5163455605506897 and parameters: {'gradient_clip_val': 0.7011603264492444, 'hidden_size': 77, 'dropout': 0.3153759394418141, 'hidden_continuous_size': 72, 'attention_head_size': 4, 'learning_rate': 0.06615076427984172}. Best is trial 97 with value: 0.09228062629699707.
LOCAL_RANK: 0 - CUDA_VISIBLE_DEVICES: [0]
[I 2023-11-29 21:40:10,078] Trial 124 finished with value: 0.14689815044403076 and parameters: {'gradient_clip_val': 0.7819376882094834, 'hidden_size': 74, 'dropout': 0.3102367212758941, 'hidden_continuous_size': 68, 'attention_head_size': 4, 'learning_rate': 0.05936443103194665}. Best is trial 97 with value: 0.09228062629699707.
LOCAL_RANK: 0 - CUDA_VISIBLE_DEVICES: [0]
[I 2023-11-29 21:40:24,212] Trial 125 finished with value: 0.15861043334007263 and parameters: {'gradient_clip_val': 0.6317469666534395, 'hidden_size': 69, 'dropout': 0.3443230365097261, 'hidden_continuous_size': 64, 'attention_head_size': 4, 'learning_rate': 0.031346143137541874}. Best is trial 97 with value: 0.09228062629699707.
LOCAL_RANK: 0 - CUDA_VISIBLE_DEVICES: [0]
[I 2023-11-29 21:40:38,928] Trial 126 finished with value: 0.16125285625457764 and parameters: {'gradient_clip_val': 0.6005823502102162, 'hidden_size': 131, 'dropout': 0.2902829440442589, 'hidden_continuous_size': 77, 'attention_head_size': 4, 'learning_rate': 0.04495690504046502}. Best is trial 97 with value: 0.09228062629699707.
LOCAL_RANK: 0 - CUDA_VISIBLE_DEVICES: [0]
[I 2023-11-29 21:40:52,762] Trial 127 finished with value: 0.18476814031600952 and parameters: {'gradient_clip_val': 0.5354883783276431, 'hidden_size': 57, 'dropout': 0.3335791106413832, 'hidden_continuous_size': 54, 'attention_head_size': 4, 'learning_rate': 0.03587920596171819}. Best is trial 97 with value: 0.09228062629699707.
LOCAL_RANK: 0 - CUDA_VISIBLE_DEVICES: [0]
[I 2023-11-29 21:41:07,255] Trial 128 finished with value: 0.1870240569114685 and parameters: {'gradient_clip_val': 0.7496579667505617, 'hidden_size': 85, 'dropout': 0.27839042314374546, 'hidden_continuous_size': 76, 'attention_head_size': 4, 'learning_rate': 0.04233278855251}. Best is trial 97 with value: 0.09228062629699707.
LOCAL_RANK: 0 - CUDA_VISIBLE_DEVICES: [0]
[I 2023-11-29 21:41:21,595] Trial 129 finished with value: 0.19313935935497284 and parameters: {'gradient_clip_val': 0.7146621342325927, 'hidden_size': 66, 'dropout': 0.29980342012095385, 'hidden_continuous_size': 62, 'attention_head_size': 4, 'learning_rate': 0.04910342779169861}. Best is trial 97 with value: 0.09228062629699707.
LOCAL_RANK: 0 - CUDA_VISIBLE_DEVICES: [0]
[I 2023-11-29 21:41:36,080] Trial 130 finished with value: 0.2983594536781311 and parameters: {'gradient_clip_val': 0.6690247193832451, 'hidden_size': 148, 'dropout': 0.2857076607322469, 'hidden_continuous_size': 45, 'attention_head_size': 3, 'learning_rate': 0.07986678075601018}. Best is trial 97 with value: 0.09228062629699707.
LOCAL_RANK: 0 - CUDA_VISIBLE_DEVICES: [0]
[I 2023-11-29 21:41:50,561] Trial 131 finished with value: 0.1365349441766739 and parameters: {'gradient_clip_val': 0.7246448028438869, 'hidden_size': 94, 'dropout': 0.2756185022645651, 'hidden_continuous_size': 83, 'attention_head_size': 4, 'learning_rate': 0.028332145467177283}. Best is trial 97 with value: 0.09228062629699707.
LOCAL_RANK: 0 - CUDA_VISIBLE_DEVICES: [0]
[I 2023-11-29 21:42:05,070] Trial 132 finished with value: 0.1350119709968567 and parameters: {'gradient_clip_val': 0.7949586343768197, 'hidden_size': 124, 'dropout': 0.26874859493167336, 'hidden_continuous_size': 51, 'attention_head_size': 4, 'learning_rate': 0.026129228735496092}. Best is trial 97 with value: 0.09228062629699707.
LOCAL_RANK: 0 - CUDA_VISIBLE_DEVICES: [0]
[I 2023-11-29 21:42:19,519] Trial 133 finished with value: 0.23861396312713623 and parameters: {'gradient_clip_val': 0.858686843478582, 'hidden_size': 79, 'dropout': 0.260634604905816, 'hidden_continuous_size': 67, 'attention_head_size': 4, 'learning_rate': 0.021880727283092087}. Best is trial 97 with value: 0.09228062629699707.
LOCAL_RANK: 0 - CUDA_VISIBLE_DEVICES: [0]
[I 2023-11-29 21:42:33,874] Trial 134 finished with value: 0.22582633793354034 and parameters: {'gradient_clip_val': 0.7553603906781055, 'hidden_size': 100, 'dropout': 0.25051493267842156, 'hidden_continuous_size': 48, 'attention_head_size': 4, 'learning_rate': 0.07288062494789553}. Best is trial 97 with value: 0.09228062629699707.
LOCAL_RANK: 0 - CUDA_VISIBLE_DEVICES: [0]
[I 2023-11-29 21:42:48,377] Trial 135 finished with value: 0.18820317089557648 and parameters: {'gradient_clip_val': 0.6811466321327464, 'hidden_size': 88, 'dropout': 0.29379982190153064, 'hidden_continuous_size': 79, 'attention_head_size': 4, 'learning_rate': 0.03422378181328326}. Best is trial 97 with value: 0.09228062629699707.
LOCAL_RANK: 0 - CUDA_VISIBLE_DEVICES: [0]
[I 2023-11-29 21:43:03,101] Trial 136 finished with value: 0.23096974194049835 and parameters: {'gradient_clip_val': 0.818100343110217, 'hidden_size': 136, 'dropout': 0.2451759968041085, 'hidden_continuous_size': 96, 'attention_head_size': 4, 'learning_rate': 0.01647720544001638}. Best is trial 97 with value: 0.09228062629699707.
LOCAL_RANK: 0 - CUDA_VISIBLE_DEVICES: [0]
[I 2023-11-29 21:43:17,773] Trial 137 finished with value: 0.19116385281085968 and parameters: {'gradient_clip_val': 0.6209927626711361, 'hidden_size': 111, 'dropout': 0.28287967457877744, 'hidden_continuous_size': 86, 'attention_head_size': 4, 'learning_rate': 0.040856189312120934}. Best is trial 97 with value: 0.09228062629699707.
LOCAL_RANK: 0 - CUDA_VISIBLE_DEVICES: [0]
[I 2023-11-29 21:43:32,216] Trial 138 finished with value: 0.21131950616836548 and parameters: {'gradient_clip_val': 0.729934380037614, 'hidden_size': 84, 'dropout': 0.3054723917786753, 'hidden_continuous_size': 74, 'attention_head_size': 4, 'learning_rate': 0.03158990766818908}. Best is trial 97 with value: 0.09228062629699707.
LOCAL_RANK: 0 - CUDA_VISIBLE_DEVICES: [0]
[I 2023-11-29 21:43:46,847] Trial 139 finished with value: 0.1294981986284256 and parameters: {'gradient_clip_val': 0.6557955979016813, 'hidden_size': 73, 'dropout': 0.34105062617271703, 'hidden_continuous_size': 68, 'attention_head_size': 4, 'learning_rate': 0.023974479104545695}. Best is trial 97 with value: 0.09228062629699707.
LOCAL_RANK: 0 - CUDA_VISIBLE_DEVICES: [0]
[I 2023-11-29 21:44:00,972] Trial 140 finished with value: 0.10565497726202011 and parameters: {'gradient_clip_val': 0.6579933344871328, 'hidden_size': 73, 'dropout': 0.3413088724836051, 'hidden_continuous_size': 68, 'attention_head_size': 3, 'learning_rate': 0.06600715769495431}. Best is trial 97 with value: 0.09228062629699707.
LOCAL_RANK: 0 - CUDA_VISIBLE_DEVICES: [0]
[I 2023-11-29 21:44:15,217] Trial 141 finished with value: 0.19882865250110626 and parameters: {'gradient_clip_val': 0.6533077360598222, 'hidden_size': 71, 'dropout': 0.34992589210553, 'hidden_continuous_size': 66, 'attention_head_size': 3, 'learning_rate': 0.06347271241812799}. Best is trial 97 with value: 0.09228062629699707.
LOCAL_RANK: 0 - CUDA_VISIBLE_DEVICES: [0]
[I 2023-11-29 21:44:29,589] Trial 142 finished with value: 0.2053382396697998 and parameters: {'gradient_clip_val': 0.6745884359022396, 'hidden_size': 75, 'dropout': 0.3362252870329508, 'hidden_continuous_size': 71, 'attention_head_size': 3, 'learning_rate': 0.056673282148070096}. Best is trial 97 with value: 0.09228062629699707.
LOCAL_RANK: 0 - CUDA_VISIBLE_DEVICES: [0]
[I 2023-11-29 21:44:43,575] Trial 143 finished with value: 0.13908328115940094 and parameters: {'gradient_clip_val': 0.6010451505379273, 'hidden_size': 63, 'dropout': 0.3425352223964043, 'hidden_continuous_size': 60, 'attention_head_size': 3, 'learning_rate': 0.07836980220203345}. Best is trial 97 with value: 0.09228062629699707.
LOCAL_RANK: 0 - CUDA_VISIBLE_DEVICES: [0]
[I 2023-11-29 21:44:58,056] Trial 144 finished with value: 0.24406445026397705 and parameters: {'gradient_clip_val': 0.6986953879696494, 'hidden_size': 80, 'dropout': 0.3281371012043668, 'hidden_continuous_size': 75, 'attention_head_size': 3, 'learning_rate': 0.06781005408031637}. Best is trial 97 with value: 0.09228062629699707.
LOCAL_RANK: 0 - CUDA_VISIBLE_DEVICES: [0]
[I 2023-11-29 21:45:12,424] Trial 145 finished with value: 0.1969318389892578 and parameters: {'gradient_clip_val': 0.5844891638154255, 'hidden_size': 74, 'dropout': 0.3209879857523614, 'hidden_continuous_size': 70, 'attention_head_size': 3, 'learning_rate': 0.036287982600129644}. Best is trial 97 with value: 0.09228062629699707.
LOCAL_RANK: 0 - CUDA_VISIBLE_DEVICES: [0]
[I 2023-11-29 21:45:26,458] Trial 146 finished with value: 0.24757952988147736 and parameters: {'gradient_clip_val': 0.3993506718107922, 'hidden_size': 68, 'dropout': 0.34161772192804823, 'hidden_continuous_size': 63, 'attention_head_size': 4, 'learning_rate': 0.09351812908644463}. Best is trial 97 with value: 0.09228062629699707.
LOCAL_RANK: 0 - CUDA_VISIBLE_DEVICES: [0]
[I 2023-11-29 21:45:40,668] Trial 147 finished with value: 0.16010397672653198 and parameters: {'gradient_clip_val': 0.6486217314286791, 'hidden_size': 65, 'dropout': 0.32518187007953125, 'hidden_continuous_size': 62, 'attention_head_size': 4, 'learning_rate': 0.051475368131289286}. Best is trial 97 with value: 0.09228062629699707.
LOCAL_RANK: 0 - CUDA_VISIBLE_DEVICES: [0]
[I 2023-11-29 21:45:54,912] Trial 148 finished with value: 0.1920117884874344 and parameters: {'gradient_clip_val': 0.8827846139186346, 'hidden_size': 71, 'dropout': 0.3337229777638639, 'hidden_continuous_size': 67, 'attention_head_size': 4, 'learning_rate': 0.02672324615166762}. Best is trial 97 with value: 0.09228062629699707.
LOCAL_RANK: 0 - CUDA_VISIBLE_DEVICES: [0]
[I 2023-11-29 21:46:08,766] Trial 149 finished with value: 0.1620721071958542 and parameters: {'gradient_clip_val': 0.788670901008425, 'hidden_size': 51, 'dropout': 0.31646640040953417, 'hidden_continuous_size': 49, 'attention_head_size': 3, 'learning_rate': 0.03863395743142669}. Best is trial 97 with value: 0.09228062629699707.
[I 2023-11-29 21:46:08,880] A new study created in memory with name: no-name-f697c25c-7346-4b88-ba17-562f4e485a8d
/home/le004/conda/anaconda3/envs/tsff_env/lib/python3.9/site-packages/lightning/fabric/plugins/environments/slurm.py:191: The `srun` command is available on your system but is not used. HINT: If your intention is to run Lightning on SLURM, prepend your python command with `srun` like so: srun python /home/le004/master_thesis/git/TSFusionForecast/code/ ...
LOCAL_RANK: 0 - CUDA_VISIBLE_DEVICES: [0]
[I 2023-11-29 21:46:21,241] Trial 0 finished with value: 3.4532878398895264 and parameters: {'gradient_clip_val': 0.12472408597946294, 'hidden_size': 11, 'dropout': 0.13438229007728283, 'hidden_continuous_size': 10, 'attention_head_size': 3, 'learning_rate': 0.0018556007250493658}. Best is trial 0 with value: 3.4532878398895264.
LOCAL_RANK: 0 - CUDA_VISIBLE_DEVICES: [0]
[I 2023-11-29 21:46:34,065] Trial 1 finished with value: 1.8788210153579712 and parameters: {'gradient_clip_val': 0.33447224335282516, 'hidden_size': 43, 'dropout': 0.19416511198744968, 'hidden_continuous_size': 15, 'attention_head_size': 1, 'learning_rate': 0.0012925709298989099}. Best is trial 1 with value: 1.8788210153579712.
LOCAL_RANK: 0 - CUDA_VISIBLE_DEVICES: [0]
[I 2023-11-29 21:46:47,684] Trial 2 finished with value: 0.1636338084936142 and parameters: {'gradient_clip_val': 0.4810979530248859, 'hidden_size': 73, 'dropout': 0.3973272975919455, 'hidden_continuous_size': 21, 'attention_head_size': 3, 'learning_rate': 0.05392156925904741}. Best is trial 2 with value: 0.1636338084936142.
LOCAL_RANK: 0 - CUDA_VISIBLE_DEVICES: [0]
[I 2023-11-29 21:47:02,091] Trial 3 finished with value: 0.14304079115390778 and parameters: {'gradient_clip_val': 0.46223655719610046, 'hidden_size': 117, 'dropout': 0.22084821043955313, 'hidden_continuous_size': 65, 'attention_head_size': 2, 'learning_rate': 0.006626420894701408}. Best is trial 3 with value: 0.14304079115390778.
LOCAL_RANK: 0 - CUDA_VISIBLE_DEVICES: [0]
[I 2023-11-29 21:47:16,053] Trial 4 finished with value: 1.0680087804794312 and parameters: {'gradient_clip_val': 0.15362017736657724, 'hidden_size': 72, 'dropout': 0.10113946189983998, 'hidden_continuous_size': 51, 'attention_head_size': 2, 'learning_rate': 0.002829748145331845}. Best is trial 3 with value: 0.14304079115390778.
LOCAL_RANK: 0 - CUDA_VISIBLE_DEVICES: [0]
[I 2023-11-29 21:47:29,838] Trial 5 finished with value: 0.150329127907753 and parameters: {'gradient_clip_val': 0.7846312258528886, 'hidden_size': 69, 'dropout': 0.2556505322542566, 'hidden_continuous_size': 28, 'attention_head_size': 3, 'learning_rate': 0.012326003352369797}. Best is trial 3 with value: 0.14304079115390778.
LOCAL_RANK: 0 - CUDA_VISIBLE_DEVICES: [0]
[I 2023-11-29 21:47:42,699] Trial 6 finished with value: 0.4584268033504486 and parameters: {'gradient_clip_val': 0.4792300212658521, 'hidden_size': 38, 'dropout': 0.19479328891151115, 'hidden_continuous_size': 11, 'attention_head_size': 3, 'learning_rate': 0.01842480681151457}. Best is trial 3 with value: 0.14304079115390778.
LOCAL_RANK: 0 - CUDA_VISIBLE_DEVICES: [0]
[I 2023-11-29 21:47:56,916] Trial 7 finished with value: 0.5774033069610596 and parameters: {'gradient_clip_val': 0.47133644401503466, 'hidden_size': 90, 'dropout': 0.3613497803998127, 'hidden_continuous_size': 52, 'attention_head_size': 4, 'learning_rate': 0.0016585169187390894}. Best is trial 3 with value: 0.14304079115390778.
LOCAL_RANK: 0 - CUDA_VISIBLE_DEVICES: [0]
[I 2023-11-29 21:48:07,631] Trial 8 finished with value: 2.3762199878692627 and parameters: {'gradient_clip_val': 0.5747183812825825, 'hidden_size': 10, 'dropout': 0.3856934257346186, 'hidden_continuous_size': 10, 'attention_head_size': 2, 'learning_rate': 0.0017360667323285618}. Best is trial 3 with value: 0.14304079115390778.
LOCAL_RANK: 0 - CUDA_VISIBLE_DEVICES: [0]
[I 2023-11-29 21:48:20,102] Trial 9 finished with value: 0.9785879254341125 and parameters: {'gradient_clip_val': 0.12735741144407117, 'hidden_size': 11, 'dropout': 0.21330476873909443, 'hidden_continuous_size': 10, 'attention_head_size': 3, 'learning_rate': 0.03430405388604372}. Best is trial 3 with value: 0.14304079115390778.
LOCAL_RANK: 0 - CUDA_VISIBLE_DEVICES: [0]
