[I 2023-11-30 01:25:19,228] Trial 94 finished with value: 0.10138284415006638 and parameters: {'gradient_clip_val': 0.2077148518628739, 'hidden_size': 139, 'dropout': 0.1624851656542123, 'hidden_continuous_size': 63, 'attention_head_size': 2, 'learning_rate': 0.01615082082530447}. Best is trial 44 with value: 0.08061498403549194.
LOCAL_RANK: 0 - CUDA_VISIBLE_DEVICES: [0]
[I 2023-11-30 01:25:34,098] Trial 95 finished with value: 0.13570749759674072 and parameters: {'gradient_clip_val': 0.231036180162077, 'hidden_size': 150, 'dropout': 0.16199723934900237, 'hidden_continuous_size': 65, 'attention_head_size': 2, 'learning_rate': 0.012078370818215254}. Best is trial 44 with value: 0.08061498403549194.
LOCAL_RANK: 0 - CUDA_VISIBLE_DEVICES: [0]
[I 2023-11-30 01:25:48,548] Trial 96 finished with value: 0.12736469507217407 and parameters: {'gradient_clip_val': 0.2098354854717421, 'hidden_size': 136, 'dropout': 0.14306454545208752, 'hidden_continuous_size': 70, 'attention_head_size': 2, 'learning_rate': 0.01626612862088828}. Best is trial 44 with value: 0.08061498403549194.
LOCAL_RANK: 0 - CUDA_VISIBLE_DEVICES: [0]
[I 2023-11-30 01:26:02,994] Trial 97 finished with value: 0.09727463871240616 and parameters: {'gradient_clip_val': 0.2587568752650401, 'hidden_size': 128, 'dropout': 0.19181677554199658, 'hidden_continuous_size': 62, 'attention_head_size': 2, 'learning_rate': 0.013975639340829207}. Best is trial 44 with value: 0.08061498403549194.
LOCAL_RANK: 0 - CUDA_VISIBLE_DEVICES: [0]
[I 2023-11-30 01:26:17,425] Trial 98 finished with value: 0.12297093868255615 and parameters: {'gradient_clip_val': 0.2519411455348991, 'hidden_size': 126, 'dropout': 0.16199501318960544, 'hidden_continuous_size': 61, 'attention_head_size': 2, 'learning_rate': 0.01462827021486677}. Best is trial 44 with value: 0.08061498403549194.
LOCAL_RANK: 0 - CUDA_VISIBLE_DEVICES: [0]
[I 2023-11-30 01:26:32,080] Trial 99 finished with value: 0.11115262657403946 and parameters: {'gradient_clip_val': 0.27340992256738117, 'hidden_size': 140, 'dropout': 0.14770363000481068, 'hidden_continuous_size': 75, 'attention_head_size': 2, 'learning_rate': 0.013432469220312156}. Best is trial 44 with value: 0.08061498403549194.
LOCAL_RANK: 0 - CUDA_VISIBLE_DEVICES: [0]
[I 2023-11-30 01:26:46,687] Trial 100 finished with value: 0.1273752897977829 and parameters: {'gradient_clip_val': 0.2600179071341462, 'hidden_size': 130, 'dropout': 0.18504000340561422, 'hidden_continuous_size': 71, 'attention_head_size': 2, 'learning_rate': 0.007995628616767251}. Best is trial 44 with value: 0.08061498403549194.
LOCAL_RANK: 0 - CUDA_VISIBLE_DEVICES: [0]
[I 2023-11-30 01:27:00,936] Trial 101 finished with value: 0.2044382095336914 and parameters: {'gradient_clip_val': 0.19390116736584853, 'hidden_size': 120, 'dropout': 0.20179648878945078, 'hidden_continuous_size': 80, 'attention_head_size': 2, 'learning_rate': 0.010175513080149039}. Best is trial 44 with value: 0.08061498403549194.
LOCAL_RANK: 0 - CUDA_VISIBLE_DEVICES: [0]
[I 2023-11-30 01:27:15,635] Trial 102 finished with value: 0.13679556548595428 and parameters: {'gradient_clip_val': 0.2249247120154177, 'hidden_size': 109, 'dropout': 0.19091925947661015, 'hidden_continuous_size': 88, 'attention_head_size': 2, 'learning_rate': 0.011779666571842016}. Best is trial 44 with value: 0.08061498403549194.
LOCAL_RANK: 0 - CUDA_VISIBLE_DEVICES: [0]
[I 2023-11-30 01:27:30,128] Trial 103 finished with value: 0.09733710438013077 and parameters: {'gradient_clip_val': 0.2068264422078703, 'hidden_size': 140, 'dropout': 0.20914496879282565, 'hidden_continuous_size': 66, 'attention_head_size': 2, 'learning_rate': 0.00901375858433606}. Best is trial 44 with value: 0.08061498403549194.
LOCAL_RANK: 0 - CUDA_VISIBLE_DEVICES: [0]
[I 2023-11-30 01:27:44,805] Trial 104 finished with value: 0.09859353303909302 and parameters: {'gradient_clip_val': 0.24133105213499137, 'hidden_size': 150, 'dropout': 0.18008546974635437, 'hidden_continuous_size': 65, 'attention_head_size': 2, 'learning_rate': 0.016129467910657}. Best is trial 44 with value: 0.08061498403549194.
LOCAL_RANK: 0 - CUDA_VISIBLE_DEVICES: [0]
[I 2023-11-30 01:27:59,346] Trial 105 finished with value: 0.19408290088176727 and parameters: {'gradient_clip_val': 0.24505174687548575, 'hidden_size': 143, 'dropout': 0.19265089037656052, 'hidden_continuous_size': 62, 'attention_head_size': 2, 'learning_rate': 0.00908850838711641}. Best is trial 44 with value: 0.08061498403549194.
LOCAL_RANK: 0 - CUDA_VISIBLE_DEVICES: [0]
[I 2023-11-30 01:28:14,227] Trial 106 finished with value: 0.19466613233089447 and parameters: {'gradient_clip_val': 0.2063428667878842, 'hidden_size': 150, 'dropout': 0.179490302612549, 'hidden_continuous_size': 66, 'attention_head_size': 2, 'learning_rate': 0.012927501258757839}. Best is trial 44 with value: 0.08061498403549194.
LOCAL_RANK: 0 - CUDA_VISIBLE_DEVICES: [0]
[I 2023-11-30 01:28:28,682] Trial 107 finished with value: 0.19417409598827362 and parameters: {'gradient_clip_val': 0.23635976533336636, 'hidden_size': 133, 'dropout': 0.19962170381030492, 'hidden_continuous_size': 54, 'attention_head_size': 2, 'learning_rate': 0.0196600899262127}. Best is trial 44 with value: 0.08061498403549194.
LOCAL_RANK: 0 - CUDA_VISIBLE_DEVICES: [0]
[I 2023-11-30 01:28:43,279] Trial 108 finished with value: 0.2373102903366089 and parameters: {'gradient_clip_val': 0.21654888251699494, 'hidden_size': 141, 'dropout': 0.18534250168134545, 'hidden_continuous_size': 56, 'attention_head_size': 2, 'learning_rate': 0.014123392365931447}. Best is trial 44 with value: 0.08061498403549194.
LOCAL_RANK: 0 - CUDA_VISIBLE_DEVICES: [0]
[I 2023-11-30 01:28:57,723] Trial 109 finished with value: 0.16923880577087402 and parameters: {'gradient_clip_val': 0.2910669430456372, 'hidden_size': 129, 'dropout': 0.21354744006999593, 'hidden_continuous_size': 63, 'attention_head_size': 2, 'learning_rate': 0.01560802443744587}. Best is trial 44 with value: 0.08061498403549194.
LOCAL_RANK: 0 - CUDA_VISIBLE_DEVICES: [0]
[I 2023-11-30 01:29:12,322] Trial 110 finished with value: 0.17599797248840332 and parameters: {'gradient_clip_val': 0.27308708540668236, 'hidden_size': 122, 'dropout': 0.17307156797206116, 'hidden_continuous_size': 69, 'attention_head_size': 2, 'learning_rate': 0.009729840717654616}. Best is trial 44 with value: 0.08061498403549194.
LOCAL_RANK: 0 - CUDA_VISIBLE_DEVICES: [0]
[I 2023-11-30 01:29:26,954] Trial 111 finished with value: 0.1419082134962082 and parameters: {'gradient_clip_val': 0.17926080627894678, 'hidden_size': 140, 'dropout': 0.16207508090503217, 'hidden_continuous_size': 76, 'attention_head_size': 2, 'learning_rate': 0.017164959309163504}. Best is trial 44 with value: 0.08061498403549194.
LOCAL_RANK: 0 - CUDA_VISIBLE_DEVICES: [0]
[I 2023-11-30 01:29:41,564] Trial 112 finished with value: 0.20007525384426117 and parameters: {'gradient_clip_val': 0.22790483771671763, 'hidden_size': 119, 'dropout': 0.11072534662078856, 'hidden_continuous_size': 73, 'attention_head_size': 2, 'learning_rate': 0.021702098270856122}. Best is trial 44 with value: 0.08061498403549194.
LOCAL_RANK: 0 - CUDA_VISIBLE_DEVICES: [0]
[I 2023-11-30 01:29:56,148] Trial 113 finished with value: 0.14937801659107208 and parameters: {'gradient_clip_val': 0.20887998146054468, 'hidden_size': 150, 'dropout': 0.1754130400140299, 'hidden_continuous_size': 59, 'attention_head_size': 2, 'learning_rate': 0.016999285638302143}. Best is trial 44 with value: 0.08061498403549194.
LOCAL_RANK: 0 - CUDA_VISIBLE_DEVICES: [0]
[I 2023-11-30 01:30:10,707] Trial 114 finished with value: 0.17405188083648682 and parameters: {'gradient_clip_val': 0.1990571047733883, 'hidden_size': 106, 'dropout': 0.16867509722195115, 'hidden_continuous_size': 93, 'attention_head_size': 2, 'learning_rate': 0.007820485311378703}. Best is trial 44 with value: 0.08061498403549194.
LOCAL_RANK: 0 - CUDA_VISIBLE_DEVICES: [0]
[I 2023-11-30 01:30:25,343] Trial 115 finished with value: 0.15891319513320923 and parameters: {'gradient_clip_val': 0.24975721489324307, 'hidden_size': 131, 'dropout': 0.13168824730976456, 'hidden_continuous_size': 67, 'attention_head_size': 2, 'learning_rate': 0.01403543774668155}. Best is trial 44 with value: 0.08061498403549194.
LOCAL_RANK: 0 - CUDA_VISIBLE_DEVICES: [0]
[I 2023-11-30 01:30:40,001] Trial 116 finished with value: 0.10313308238983154 and parameters: {'gradient_clip_val': 0.18816601396167199, 'hidden_size': 115, 'dropout': 0.19316411065788125, 'hidden_continuous_size': 99, 'attention_head_size': 2, 'learning_rate': 0.012443141294019723}. Best is trial 44 with value: 0.08061498403549194.
LOCAL_RANK: 0 - CUDA_VISIBLE_DEVICES: [0]
[I 2023-11-30 01:30:54,931] Trial 117 finished with value: 0.15127256512641907 and parameters: {'gradient_clip_val': 0.22203721443987784, 'hidden_size': 126, 'dropout': 0.22370039674996045, 'hidden_continuous_size': 107, 'attention_head_size': 2, 'learning_rate': 0.011465781843947974}. Best is trial 44 with value: 0.08061498403549194.
LOCAL_RANK: 0 - CUDA_VISIBLE_DEVICES: [0]
[I 2023-11-30 01:31:09,405] Trial 118 finished with value: 0.1416037231683731 and parameters: {'gradient_clip_val': 0.18867760229087327, 'hidden_size': 112, 'dropout': 0.19466525553230787, 'hidden_continuous_size': 78, 'attention_head_size': 2, 'learning_rate': 0.008879214547014184}. Best is trial 44 with value: 0.08061498403549194.
LOCAL_RANK: 0 - CUDA_VISIBLE_DEVICES: [0]
[I 2023-11-30 01:31:24,343] Trial 119 finished with value: 0.13649527728557587 and parameters: {'gradient_clip_val': 0.23930636498342797, 'hidden_size': 135, 'dropout': 0.2089372697349518, 'hidden_continuous_size': 119, 'attention_head_size': 2, 'learning_rate': 0.012600068518004435}. Best is trial 44 with value: 0.08061498403549194.
LOCAL_RANK: 0 - CUDA_VISIBLE_DEVICES: [0]
[I 2023-11-30 01:31:38,918] Trial 120 finished with value: 0.16314451396465302 and parameters: {'gradient_clip_val': 0.1801155619131997, 'hidden_size': 103, 'dropout': 0.23568292045321232, 'hidden_continuous_size': 90, 'attention_head_size': 2, 'learning_rate': 0.010615548458559334}. Best is trial 44 with value: 0.08061498403549194.
LOCAL_RANK: 0 - CUDA_VISIBLE_DEVICES: [0]
[I 2023-11-30 01:31:53,431] Trial 121 finished with value: 0.08860563486814499 and parameters: {'gradient_clip_val': 0.19038089710658884, 'hidden_size': 117, 'dropout': 0.18528844629622634, 'hidden_continuous_size': 97, 'attention_head_size': 2, 'learning_rate': 0.015178614384317987}. Best is trial 44 with value: 0.08061498403549194.
LOCAL_RANK: 0 - CUDA_VISIBLE_DEVICES: [0]
[I 2023-11-30 01:32:08,207] Trial 122 finished with value: 0.15133994817733765 and parameters: {'gradient_clip_val': 0.16985780722886465, 'hidden_size': 118, 'dropout': 0.1855509000550947, 'hidden_continuous_size': 104, 'attention_head_size': 2, 'learning_rate': 0.015420358694613643}. Best is trial 44 with value: 0.08061498403549194.
LOCAL_RANK: 0 - CUDA_VISIBLE_DEVICES: [0]
[I 2023-11-30 01:32:23,068] Trial 123 finished with value: 0.09476432204246521 and parameters: {'gradient_clip_val': 0.20478095327343765, 'hidden_size': 140, 'dropout': 0.20055676528304395, 'hidden_continuous_size': 126, 'attention_head_size': 2, 'learning_rate': 0.013302601214382868}. Best is trial 44 with value: 0.08061498403549194.
LOCAL_RANK: 0 - CUDA_VISIBLE_DEVICES: [0]
[I 2023-11-30 01:32:37,996] Trial 124 finished with value: 0.12891368567943573 and parameters: {'gradient_clip_val': 0.20562266792452846, 'hidden_size': 139, 'dropout': 0.20378436620525855, 'hidden_continuous_size': 113, 'attention_head_size': 2, 'learning_rate': 0.013544842438023504}. Best is trial 44 with value: 0.08061498403549194.
LOCAL_RANK: 0 - CUDA_VISIBLE_DEVICES: [0]
[I 2023-11-30 01:32:53,014] Trial 125 finished with value: 0.10456863790750504 and parameters: {'gradient_clip_val': 0.194651831699944, 'hidden_size': 143, 'dropout': 0.21197463096751804, 'hidden_continuous_size': 128, 'attention_head_size': 2, 'learning_rate': 0.02016257478484126}. Best is trial 44 with value: 0.08061498403549194.
LOCAL_RANK: 0 - CUDA_VISIBLE_DEVICES: [0]
[I 2023-11-30 01:33:07,824] Trial 126 finished with value: 0.15660740435123444 and parameters: {'gradient_clip_val': 0.17460547344987817, 'hidden_size': 144, 'dropout': 0.21025218419235175, 'hidden_continuous_size': 127, 'attention_head_size': 2, 'learning_rate': 0.01884310211387948}. Best is trial 44 with value: 0.08061498403549194.
LOCAL_RANK: 0 - CUDA_VISIBLE_DEVICES: [0]
[I 2023-11-30 01:33:23,043] Trial 127 finished with value: 0.10325556993484497 and parameters: {'gradient_clip_val': 0.19351110002416722, 'hidden_size': 150, 'dropout': 0.21988264246587955, 'hidden_continuous_size': 140, 'attention_head_size': 2, 'learning_rate': 0.020474358460455862}. Best is trial 44 with value: 0.08061498403549194.
LOCAL_RANK: 0 - CUDA_VISIBLE_DEVICES: [0]
[I 2023-11-30 01:33:37,861] Trial 128 finished with value: 0.20465965569019318 and parameters: {'gradient_clip_val': 0.18384242277027138, 'hidden_size': 133, 'dropout': 0.1950554855443879, 'hidden_continuous_size': 115, 'attention_head_size': 2, 'learning_rate': 0.023646905018470703}. Best is trial 44 with value: 0.08061498403549194.
LOCAL_RANK: 0 - CUDA_VISIBLE_DEVICES: [0]
[I 2023-11-30 01:33:52,488] Trial 129 finished with value: 0.09816327691078186 and parameters: {'gradient_clip_val': 0.16183773165980722, 'hidden_size': 124, 'dropout': 0.18899153935349194, 'hidden_continuous_size': 98, 'attention_head_size': 2, 'learning_rate': 0.018259102913641176}. Best is trial 44 with value: 0.08061498403549194.
LOCAL_RANK: 0 - CUDA_VISIBLE_DEVICES: [0]
[I 2023-11-30 01:34:07,226] Trial 130 finished with value: 0.11261069774627686 and parameters: {'gradient_clip_val': 0.15724828703932822, 'hidden_size': 123, 'dropout': 0.19039083205434662, 'hidden_continuous_size': 101, 'attention_head_size': 2, 'learning_rate': 0.015810714571342793}. Best is trial 44 with value: 0.08061498403549194.
LOCAL_RANK: 0 - CUDA_VISIBLE_DEVICES: [0]
[I 2023-11-30 01:34:21,938] Trial 131 finished with value: 0.12510256469249725 and parameters: {'gradient_clip_val': 0.16655165834528332, 'hidden_size': 133, 'dropout': 0.22057549616909813, 'hidden_continuous_size': 121, 'attention_head_size': 2, 'learning_rate': 0.021371821913459283}. Best is trial 44 with value: 0.08061498403549194.
LOCAL_RANK: 0 - CUDA_VISIBLE_DEVICES: [0]
[I 2023-11-30 01:34:33,098] Trial 132 finished with value: 0.20644299685955048 and parameters: {'gradient_clip_val': 0.20087489715001952, 'hidden_size': 150, 'dropout': 0.1813487793205646, 'hidden_continuous_size': 150, 'attention_head_size': 2, 'learning_rate': 0.01794430358305701}. Best is trial 44 with value: 0.08061498403549194.
LOCAL_RANK: 0 - CUDA_VISIBLE_DEVICES: [0]
[I 2023-11-30 01:34:48,057] Trial 133 finished with value: 0.13922904431819916 and parameters: {'gradient_clip_val': 0.17564102002324444, 'hidden_size': 113, 'dropout': 0.19937267246456372, 'hidden_continuous_size': 96, 'attention_head_size': 2, 'learning_rate': 0.014625004078880961}. Best is trial 44 with value: 0.08061498403549194.
LOCAL_RANK: 0 - CUDA_VISIBLE_DEVICES: [0]
[I 2023-11-30 01:35:02,847] Trial 134 finished with value: 0.19453640282154083 and parameters: {'gradient_clip_val': 0.18575600874504458, 'hidden_size': 126, 'dropout': 0.21673817576498766, 'hidden_continuous_size': 106, 'attention_head_size': 2, 'learning_rate': 0.0186491055068163}. Best is trial 44 with value: 0.08061498403549194.
LOCAL_RANK: 0 - CUDA_VISIBLE_DEVICES: [0]
[I 2023-11-30 01:35:17,320] Trial 135 finished with value: 0.17945635318756104 and parameters: {'gradient_clip_val': 0.19206670810013446, 'hidden_size': 138, 'dropout': 0.20424710915155558, 'hidden_continuous_size': 51, 'attention_head_size': 2, 'learning_rate': 0.01669271006034599}. Best is trial 44 with value: 0.08061498403549194.
LOCAL_RANK: 0 - CUDA_VISIBLE_DEVICES: [0]
[I 2023-11-30 01:35:32,049] Trial 136 finished with value: 0.18088661134243011 and parameters: {'gradient_clip_val': 0.21677393746020557, 'hidden_size': 150, 'dropout': 0.18912086892175145, 'hidden_continuous_size': 82, 'attention_head_size': 2, 'learning_rate': 0.026061497657010754}. Best is trial 44 with value: 0.08061498403549194.
LOCAL_RANK: 0 - CUDA_VISIBLE_DEVICES: [0]
[I 2023-11-30 01:35:46,740] Trial 137 finished with value: 0.09457454085350037 and parameters: {'gradient_clip_val': 0.2030820698895371, 'hidden_size': 121, 'dropout': 0.17852896471354585, 'hidden_continuous_size': 99, 'attention_head_size': 2, 'learning_rate': 0.01420277523634513}. Best is trial 44 with value: 0.08061498403549194.
LOCAL_RANK: 0 - CUDA_VISIBLE_DEVICES: [0]
[I 2023-11-30 01:36:01,575] Trial 138 finished with value: 0.10926739126443863 and parameters: {'gradient_clip_val': 0.20783556030063383, 'hidden_size': 117, 'dropout': 0.1771007319454863, 'hidden_continuous_size': 98, 'attention_head_size': 2, 'learning_rate': 0.01369395191493574}. Best is trial 44 with value: 0.08061498403549194.
LOCAL_RANK: 0 - CUDA_VISIBLE_DEVICES: [0]
[I 2023-11-30 01:36:16,239] Trial 139 finished with value: 0.2019852250814438 and parameters: {'gradient_clip_val': 0.16119534205504882, 'hidden_size': 109, 'dropout': 0.15569608158194337, 'hidden_continuous_size': 101, 'attention_head_size': 2, 'learning_rate': 0.012516903046063442}. Best is trial 44 with value: 0.08061498403549194.
LOCAL_RANK: 0 - CUDA_VISIBLE_DEVICES: [0]
[I 2023-11-30 01:36:30,928] Trial 140 finished with value: 0.10961300134658813 and parameters: {'gradient_clip_val': 0.25756561421272445, 'hidden_size': 126, 'dropout': 0.19682628152039172, 'hidden_continuous_size': 112, 'attention_head_size': 2, 'learning_rate': 0.01508371675275117}. Best is trial 44 with value: 0.08061498403549194.
LOCAL_RANK: 0 - CUDA_VISIBLE_DEVICES: [0]
[I 2023-11-30 01:36:45,519] Trial 141 finished with value: 0.1558629423379898 and parameters: {'gradient_clip_val': 0.17141782619784152, 'hidden_size': 133, 'dropout': 0.18575728197384142, 'hidden_continuous_size': 89, 'attention_head_size': 2, 'learning_rate': 0.01668918363194009}. Best is trial 44 with value: 0.08061498403549194.
LOCAL_RANK: 0 - CUDA_VISIBLE_DEVICES: [0]
[I 2023-11-30 01:37:00,082] Trial 142 finished with value: 0.09573646634817123 and parameters: {'gradient_clip_val': 0.1982919213630287, 'hidden_size': 143, 'dropout': 0.18002565189411993, 'hidden_continuous_size': 58, 'attention_head_size': 2, 'learning_rate': 0.019690461528860337}. Best is trial 44 with value: 0.08061498403549194.
LOCAL_RANK: 0 - CUDA_VISIBLE_DEVICES: [0]
[I 2023-11-30 01:37:14,535] Trial 143 finished with value: 0.11175443977117538 and parameters: {'gradient_clip_val': 0.20252217938546044, 'hidden_size': 119, 'dropout': 0.17880370764702155, 'hidden_continuous_size': 64, 'attention_head_size': 2, 'learning_rate': 0.018158270283806077}. Best is trial 44 with value: 0.08061498403549194.
LOCAL_RANK: 0 - CUDA_VISIBLE_DEVICES: [0]
[I 2023-11-30 01:37:28,915] Trial 144 finished with value: 0.20484066009521484 and parameters: {'gradient_clip_val': 0.15248571139015463, 'hidden_size': 140, 'dropout': 0.18390972654894655, 'hidden_continuous_size': 59, 'attention_head_size': 2, 'learning_rate': 0.014682359146121133}. Best is trial 44 with value: 0.08061498403549194.
LOCAL_RANK: 0 - CUDA_VISIBLE_DEVICES: [0]
[I 2023-11-30 01:37:43,504] Trial 145 finished with value: 0.1756993532180786 and parameters: {'gradient_clip_val': 0.2175404128767955, 'hidden_size': 130, 'dropout': 0.19176464810990676, 'hidden_continuous_size': 76, 'attention_head_size': 2, 'learning_rate': 0.01108426463389455}. Best is trial 44 with value: 0.08061498403549194.
LOCAL_RANK: 0 - CUDA_VISIBLE_DEVICES: [0]
[I 2023-11-30 01:37:58,095] Trial 146 finished with value: 0.1390388309955597 and parameters: {'gradient_clip_val': 0.23028095275878588, 'hidden_size': 114, 'dropout': 0.17353307881433375, 'hidden_continuous_size': 97, 'attention_head_size': 2, 'learning_rate': 0.013142009553125028}. Best is trial 44 with value: 0.08061498403549194.
LOCAL_RANK: 0 - CUDA_VISIBLE_DEVICES: [0]
[I 2023-11-30 01:38:12,460] Trial 147 finished with value: 0.10572326183319092 and parameters: {'gradient_clip_val': 0.17748217249497927, 'hidden_size': 90, 'dropout': 0.16561144414916587, 'hidden_continuous_size': 83, 'attention_head_size': 2, 'learning_rate': 0.016375101592967845}. Best is trial 44 with value: 0.08061498403549194.
LOCAL_RANK: 0 - CUDA_VISIBLE_DEVICES: [0]
[I 2023-11-30 01:38:27,269] Trial 148 finished with value: 0.17119459807872772 and parameters: {'gradient_clip_val': 0.19002511483191778, 'hidden_size': 123, 'dropout': 0.18124392532146968, 'hidden_continuous_size': 108, 'attention_head_size': 2, 'learning_rate': 0.022846588053906693}. Best is trial 44 with value: 0.08061498403549194.
LOCAL_RANK: 0 - CUDA_VISIBLE_DEVICES: [0]
[I 2023-11-30 01:38:41,958] Trial 149 finished with value: 0.08624417334794998 and parameters: {'gradient_clip_val': 0.2016106114735093, 'hidden_size': 139, 'dropout': 0.15903175637866002, 'hidden_continuous_size': 71, 'attention_head_size': 2, 'learning_rate': 0.010051529142375738}. Best is trial 44 with value: 0.08061498403549194.
[I 2023-11-30 01:38:42,071] A new study created in memory with name: no-name-f7aa1a42-f1f1-4af7-a22d-f9996738ba92
/home/le004/conda/anaconda3/envs/tsff_env/lib/python3.9/site-packages/lightning/fabric/plugins/environments/slurm.py:191: The `srun` command is available on your system but is not used. HINT: If your intention is to run Lightning on SLURM, prepend your python command with `srun` like so: srun python /home/le004/master_thesis/git/TSFusionForecast/code/ ...
LOCAL_RANK: 0 - CUDA_VISIBLE_DEVICES: [0]
[I 2023-11-30 01:38:54,579] Trial 0 finished with value: 2.273139715194702 and parameters: {'gradient_clip_val': 0.24419377069263742, 'hidden_size': 19, 'dropout': 0.30877600965940266, 'hidden_continuous_size': 11, 'attention_head_size': 2, 'learning_rate': 0.0014392953799814748}. Best is trial 0 with value: 2.273139715194702.
LOCAL_RANK: 0 - CUDA_VISIBLE_DEVICES: [0]
