[I 2023-11-30 11:44:27,116] Trial 108 finished with value: 0.2546062171459198 and parameters: {'gradient_clip_val': 0.1228754334439025, 'hidden_size': 69, 'dropout': 0.23463612492301142, 'hidden_continuous_size': 61, 'attention_head_size': 2, 'learning_rate': 0.0289918556281871}. Best is trial 67 with value: 0.08047966659069061.
LOCAL_RANK: 0 - CUDA_VISIBLE_DEVICES: [0]
[I 2023-11-30 11:44:41,419] Trial 109 finished with value: 0.2507992386817932 and parameters: {'gradient_clip_val': 0.15139642120700902, 'hidden_size': 81, 'dropout': 0.21744167712321666, 'hidden_continuous_size': 72, 'attention_head_size': 2, 'learning_rate': 0.045980856581412995}. Best is trial 67 with value: 0.08047966659069061.
LOCAL_RANK: 0 - CUDA_VISIBLE_DEVICES: [0]
[I 2023-11-30 11:44:55,945] Trial 110 finished with value: 0.13700728118419647 and parameters: {'gradient_clip_val': 0.18438318779767696, 'hidden_size': 86, 'dropout': 0.2412925542573059, 'hidden_continuous_size': 73, 'attention_head_size': 2, 'learning_rate': 0.034663952342633295}. Best is trial 67 with value: 0.08047966659069061.
LOCAL_RANK: 0 - CUDA_VISIBLE_DEVICES: [0]
[I 2023-11-30 11:45:10,037] Trial 111 finished with value: 0.1912507265806198 and parameters: {'gradient_clip_val': 0.12924322142648964, 'hidden_size': 88, 'dropout': 0.22683946914197312, 'hidden_continuous_size': 76, 'attention_head_size': 2, 'learning_rate': 0.0322431874641592}. Best is trial 67 with value: 0.08047966659069061.
LOCAL_RANK: 0 - CUDA_VISIBLE_DEVICES: [0]
[I 2023-11-30 11:45:24,229] Trial 112 finished with value: 0.1641114503145218 and parameters: {'gradient_clip_val': 0.14091384460806713, 'hidden_size': 65, 'dropout': 0.2236796662937924, 'hidden_continuous_size': 62, 'attention_head_size': 2, 'learning_rate': 0.0380208360409265}. Best is trial 67 with value: 0.08047966659069061.
LOCAL_RANK: 0 - CUDA_VISIBLE_DEVICES: [0]
[I 2023-11-30 11:45:38,516] Trial 113 finished with value: 0.11497580260038376 and parameters: {'gradient_clip_val': 0.13388405628569883, 'hidden_size': 75, 'dropout': 0.20315230637372553, 'hidden_continuous_size': 66, 'attention_head_size': 2, 'learning_rate': 0.03185654194196532}. Best is trial 67 with value: 0.08047966659069061.
LOCAL_RANK: 0 - CUDA_VISIBLE_DEVICES: [0]
[I 2023-11-30 11:45:52,300] Trial 114 finished with value: 0.08605924993753433 and parameters: {'gradient_clip_val': 0.15967554412742946, 'hidden_size': 59, 'dropout': 0.21259286422606255, 'hidden_continuous_size': 56, 'attention_head_size': 2, 'learning_rate': 0.027757374075056684}. Best is trial 67 with value: 0.08047966659069061.
LOCAL_RANK: 0 - CUDA_VISIBLE_DEVICES: [0]
[I 2023-11-30 11:46:06,096] Trial 115 finished with value: 0.08439624309539795 and parameters: {'gradient_clip_val': 0.159375319174271, 'hidden_size': 58, 'dropout': 0.2133571570673547, 'hidden_continuous_size': 55, 'attention_head_size': 2, 'learning_rate': 0.02831677257679408}. Best is trial 67 with value: 0.08047966659069061.
LOCAL_RANK: 0 - CUDA_VISIBLE_DEVICES: [0]
[I 2023-11-30 11:46:19,834] Trial 116 finished with value: 0.14150260388851166 and parameters: {'gradient_clip_val': 0.15874886862931975, 'hidden_size': 57, 'dropout': 0.23184958081277338, 'hidden_continuous_size': 54, 'attention_head_size': 2, 'learning_rate': 0.029029148800179535}. Best is trial 67 with value: 0.08047966659069061.
LOCAL_RANK: 0 - CUDA_VISIBLE_DEVICES: [0]
[I 2023-11-30 11:46:33,598] Trial 117 finished with value: 0.11450275033712387 and parameters: {'gradient_clip_val': 0.1727879888924416, 'hidden_size': 54, 'dropout': 0.24601709067344696, 'hidden_continuous_size': 52, 'attention_head_size': 2, 'learning_rate': 0.06463568296932021}. Best is trial 67 with value: 0.08047966659069061.
LOCAL_RANK: 0 - CUDA_VISIBLE_DEVICES: [0]
[I 2023-11-30 11:46:47,380] Trial 118 finished with value: 0.20600803196430206 and parameters: {'gradient_clip_val': 0.1635414524261481, 'hidden_size': 52, 'dropout': 0.19922532327377604, 'hidden_continuous_size': 50, 'attention_head_size': 2, 'learning_rate': 0.02415120283107967}. Best is trial 67 with value: 0.08047966659069061.
LOCAL_RANK: 0 - CUDA_VISIBLE_DEVICES: [0]
[I 2023-11-30 11:47:01,389] Trial 119 finished with value: 0.11761391162872314 and parameters: {'gradient_clip_val': 0.1464822461562892, 'hidden_size': 69, 'dropout': 0.21212203947210057, 'hidden_continuous_size': 59, 'attention_head_size': 2, 'learning_rate': 0.026735203281822533}. Best is trial 67 with value: 0.08047966659069061.
LOCAL_RANK: 0 - CUDA_VISIBLE_DEVICES: [0]
[I 2023-11-30 11:47:15,009] Trial 120 finished with value: 0.16343553364276886 and parameters: {'gradient_clip_val': 0.18645226105651183, 'hidden_size': 59, 'dropout': 0.2569921464358826, 'hidden_continuous_size': 55, 'attention_head_size': 2, 'learning_rate': 0.04234598420777023}. Best is trial 67 with value: 0.08047966659069061.
LOCAL_RANK: 0 - CUDA_VISIBLE_DEVICES: [0]
[I 2023-11-30 11:47:28,879] Trial 121 finished with value: 0.21848078072071075 and parameters: {'gradient_clip_val': 0.19740115339320993, 'hidden_size': 62, 'dropout': 0.21558920508395402, 'hidden_continuous_size': 58, 'attention_head_size': 2, 'learning_rate': 0.035280895682736325}. Best is trial 67 with value: 0.08047966659069061.
LOCAL_RANK: 0 - CUDA_VISIBLE_DEVICES: [0]
[I 2023-11-30 11:47:42,771] Trial 122 finished with value: 0.15570464730262756 and parameters: {'gradient_clip_val': 0.17804396417926607, 'hidden_size': 65, 'dropout': 0.22054148858181621, 'hidden_continuous_size': 62, 'attention_head_size': 2, 'learning_rate': 0.02780963100993601}. Best is trial 67 with value: 0.08047966659069061.
LOCAL_RANK: 0 - CUDA_VISIBLE_DEVICES: [0]
[I 2023-11-30 11:47:56,979] Trial 123 finished with value: 0.18150202929973602 and parameters: {'gradient_clip_val': 0.15196243484872865, 'hidden_size': 79, 'dropout': 0.2364589452338018, 'hidden_continuous_size': 56, 'attention_head_size': 2, 'learning_rate': 0.031356271300293545}. Best is trial 67 with value: 0.08047966659069061.
LOCAL_RANK: 0 - CUDA_VISIBLE_DEVICES: [0]
[I 2023-11-30 11:48:10,726] Trial 124 finished with value: 0.21904544532299042 and parameters: {'gradient_clip_val': 0.12571103889809565, 'hidden_size': 58, 'dropout': 0.2059441627238526, 'hidden_continuous_size': 56, 'attention_head_size': 2, 'learning_rate': 0.02321053854197963}. Best is trial 67 with value: 0.08047966659069061.
LOCAL_RANK: 0 - CUDA_VISIBLE_DEVICES: [0]
[I 2023-11-30 11:48:24,359] Trial 125 finished with value: 0.14745253324508667 and parameters: {'gradient_clip_val': 0.14221887676422085, 'hidden_size': 49, 'dropout': 0.22709274179344174, 'hidden_continuous_size': 47, 'attention_head_size': 2, 'learning_rate': 0.03480668782583482}. Best is trial 67 with value: 0.08047966659069061.
LOCAL_RANK: 0 - CUDA_VISIBLE_DEVICES: [0]
[I 2023-11-30 11:48:38,185] Trial 126 finished with value: 0.08963286131620407 and parameters: {'gradient_clip_val': 0.1588133268972675, 'hidden_size': 55, 'dropout': 0.19185563713312706, 'hidden_continuous_size': 53, 'attention_head_size': 2, 'learning_rate': 0.04017481259170846}. Best is trial 67 with value: 0.08047966659069061.
LOCAL_RANK: 0 - CUDA_VISIBLE_DEVICES: [0]
[I 2023-11-30 11:48:51,698] Trial 127 finished with value: 0.18813568353652954 and parameters: {'gradient_clip_val': 0.16068070159327802, 'hidden_size': 45, 'dropout': 0.18730325751648205, 'hidden_continuous_size': 44, 'attention_head_size': 2, 'learning_rate': 0.05270941670616625}. Best is trial 67 with value: 0.08047966659069061.
LOCAL_RANK: 0 - CUDA_VISIBLE_DEVICES: [0]
[I 2023-11-30 11:49:05,453] Trial 128 finished with value: 0.1395297795534134 and parameters: {'gradient_clip_val': 0.191569711319658, 'hidden_size': 55, 'dropout': 0.24186371632536477, 'hidden_continuous_size': 53, 'attention_head_size': 2, 'learning_rate': 0.039655068977706896}. Best is trial 67 with value: 0.08047966659069061.
LOCAL_RANK: 0 - CUDA_VISIBLE_DEVICES: [0]
[I 2023-11-30 11:49:19,585] Trial 129 finished with value: 0.10041739791631699 and parameters: {'gradient_clip_val': 0.17069460763155633, 'hidden_size': 72, 'dropout': 0.19345962689425233, 'hidden_continuous_size': 67, 'attention_head_size': 2, 'learning_rate': 0.04659725749286173}. Best is trial 67 with value: 0.08047966659069061.
LOCAL_RANK: 0 - CUDA_VISIBLE_DEVICES: [0]
[I 2023-11-30 11:49:33,879] Trial 130 finished with value: 0.11504801362752914 and parameters: {'gradient_clip_val': 0.1516275318786948, 'hidden_size': 73, 'dropout': 0.19434249957571004, 'hidden_continuous_size': 67, 'attention_head_size': 2, 'learning_rate': 0.020941757050689885}. Best is trial 67 with value: 0.08047966659069061.
LOCAL_RANK: 0 - CUDA_VISIBLE_DEVICES: [0]
[I 2023-11-30 11:49:47,797] Trial 131 finished with value: 0.12117642164230347 and parameters: {'gradient_clip_val': 0.16756316872784868, 'hidden_size': 68, 'dropout': 0.1915500681227363, 'hidden_continuous_size': 64, 'attention_head_size': 2, 'learning_rate': 0.047491152561114296}. Best is trial 67 with value: 0.08047966659069061.
LOCAL_RANK: 0 - CUDA_VISIBLE_DEVICES: [0]
[I 2023-11-30 11:50:01,666] Trial 132 finished with value: 0.1388639360666275 and parameters: {'gradient_clip_val': 0.17182501305339223, 'hidden_size': 64, 'dropout': 0.20265911331617922, 'hidden_continuous_size': 61, 'attention_head_size': 2, 'learning_rate': 0.04595960166295823}. Best is trial 67 with value: 0.08047966659069061.
LOCAL_RANK: 0 - CUDA_VISIBLE_DEVICES: [0]
[I 2023-11-30 11:50:16,081] Trial 133 finished with value: 0.18503542244434357 and parameters: {'gradient_clip_val': 0.1564213158715246, 'hidden_size': 71, 'dropout': 0.21059074685701173, 'hidden_continuous_size': 67, 'attention_head_size': 2, 'learning_rate': 0.037535076981123405}. Best is trial 67 with value: 0.08047966659069061.
LOCAL_RANK: 0 - CUDA_VISIBLE_DEVICES: [0]
[I 2023-11-30 11:50:30,393] Trial 134 finished with value: 0.10653325170278549 and parameters: {'gradient_clip_val': 0.17905286078056273, 'hidden_size': 78, 'dropout': 0.19583003041687047, 'hidden_continuous_size': 70, 'attention_head_size': 2, 'learning_rate': 0.04237142798271291}. Best is trial 67 with value: 0.08047966659069061.
LOCAL_RANK: 0 - CUDA_VISIBLE_DEVICES: [0]
[I 2023-11-30 11:50:44,525] Trial 135 finished with value: 0.15292638540267944 and parameters: {'gradient_clip_val': 0.2006117642758489, 'hidden_size': 78, 'dropout': 0.18763488146421908, 'hidden_continuous_size': 72, 'attention_head_size': 2, 'learning_rate': 0.029551755893878852}. Best is trial 67 with value: 0.08047966659069061.
LOCAL_RANK: 0 - CUDA_VISIBLE_DEVICES: [0]
[I 2023-11-30 11:50:58,886] Trial 136 finished with value: 0.10424474626779556 and parameters: {'gradient_clip_val': 0.18172501554693168, 'hidden_size': 83, 'dropout': 0.19702101415588058, 'hidden_continuous_size': 71, 'attention_head_size': 2, 'learning_rate': 0.04265687111814618}. Best is trial 67 with value: 0.08047966659069061.
LOCAL_RANK: 0 - CUDA_VISIBLE_DEVICES: [0]
[I 2023-11-30 11:51:13,135] Trial 137 finished with value: 0.1774948686361313 and parameters: {'gradient_clip_val': 0.1784501518779816, 'hidden_size': 85, 'dropout': 0.20070042585381154, 'hidden_continuous_size': 70, 'attention_head_size': 2, 'learning_rate': 0.04269797096610629}. Best is trial 67 with value: 0.08047966659069061.
LOCAL_RANK: 0 - CUDA_VISIBLE_DEVICES: [0]
[I 2023-11-30 11:51:27,693] Trial 138 finished with value: 0.08924087136983871 and parameters: {'gradient_clip_val': 0.2125621885583403, 'hidden_size': 81, 'dropout': 0.1767871038285078, 'hidden_continuous_size': 74, 'attention_head_size': 2, 'learning_rate': 0.039875037438384504}. Best is trial 67 with value: 0.08047966659069061.
LOCAL_RANK: 0 - CUDA_VISIBLE_DEVICES: [0]
[I 2023-11-30 11:51:42,347] Trial 139 finished with value: 0.17751193046569824 and parameters: {'gradient_clip_val': 0.21089475342942093, 'hidden_size': 82, 'dropout': 0.17591377572739716, 'hidden_continuous_size': 77, 'attention_head_size': 2, 'learning_rate': 0.05351144141183823}. Best is trial 67 with value: 0.08047966659069061.
LOCAL_RANK: 0 - CUDA_VISIBLE_DEVICES: [0]
[I 2023-11-30 11:51:57,138] Trial 140 finished with value: 0.11488872766494751 and parameters: {'gradient_clip_val': 0.18848728334895468, 'hidden_size': 97, 'dropout': 0.17134467010664386, 'hidden_continuous_size': 79, 'attention_head_size': 2, 'learning_rate': 0.03830470037418502}. Best is trial 67 with value: 0.08047966659069061.
LOCAL_RANK: 0 - CUDA_VISIBLE_DEVICES: [0]
[I 2023-11-30 11:52:11,760] Trial 141 finished with value: 0.19497281312942505 and parameters: {'gradient_clip_val': 0.1858871144444472, 'hidden_size': 91, 'dropout': 0.18154396922261762, 'hidden_continuous_size': 74, 'attention_head_size': 2, 'learning_rate': 0.041720614248467104}. Best is trial 67 with value: 0.08047966659069061.
LOCAL_RANK: 0 - CUDA_VISIBLE_DEVICES: [0]
[I 2023-11-30 11:52:25,905] Trial 142 finished with value: 0.10505475848913193 and parameters: {'gradient_clip_val': 0.18141576563158635, 'hidden_size': 78, 'dropout': 0.19532905494363073, 'hidden_continuous_size': 70, 'attention_head_size': 2, 'learning_rate': 0.03622569137260619}. Best is trial 67 with value: 0.08047966659069061.
LOCAL_RANK: 0 - CUDA_VISIBLE_DEVICES: [0]
[I 2023-11-30 11:52:40,683] Trial 143 finished with value: 0.08522611856460571 and parameters: {'gradient_clip_val': 0.20215641335748752, 'hidden_size': 74, 'dropout': 0.18703255893867657, 'hidden_continuous_size': 69, 'attention_head_size': 2, 'learning_rate': 0.03259659498409397}. Best is trial 67 with value: 0.08047966659069061.
LOCAL_RANK: 0 - CUDA_VISIBLE_DEVICES: [0]
[I 2023-11-30 11:52:54,947] Trial 144 finished with value: 0.13983756303787231 and parameters: {'gradient_clip_val': 0.20534322396056448, 'hidden_size': 73, 'dropout': 0.1882027536576324, 'hidden_continuous_size': 69, 'attention_head_size': 2, 'learning_rate': 0.026850211797300468}. Best is trial 67 with value: 0.08047966659069061.
LOCAL_RANK: 0 - CUDA_VISIBLE_DEVICES: [0]
[I 2023-11-30 11:53:09,296] Trial 145 finished with value: 0.20295827090740204 and parameters: {'gradient_clip_val': 0.1588692266534292, 'hidden_size': 89, 'dropout': 0.18245563375998242, 'hidden_continuous_size': 80, 'attention_head_size': 2, 'learning_rate': 0.03311184186591454}. Best is trial 67 with value: 0.08047966659069061.
LOCAL_RANK: 0 - CUDA_VISIBLE_DEVICES: [0]
[I 2023-11-30 11:53:23,460] Trial 146 finished with value: 0.13187213242053986 and parameters: {'gradient_clip_val': 0.21264450281382777, 'hidden_size': 76, 'dropout': 0.19248921162912805, 'hidden_continuous_size': 72, 'attention_head_size': 2, 'learning_rate': 0.025528062934045293}. Best is trial 67 with value: 0.08047966659069061.
LOCAL_RANK: 0 - CUDA_VISIBLE_DEVICES: [0]
[I 2023-11-30 11:53:37,672] Trial 147 finished with value: 0.2122247964143753 and parameters: {'gradient_clip_val': 0.1940162652218891, 'hidden_size': 84, 'dropout': 0.17548103569060136, 'hidden_continuous_size': 76, 'attention_head_size': 2, 'learning_rate': 0.036137910853798354}. Best is trial 67 with value: 0.08047966659069061.
LOCAL_RANK: 0 - CUDA_VISIBLE_DEVICES: [0]
[I 2023-11-30 11:53:52,203] Trial 148 finished with value: 0.1311706155538559 and parameters: {'gradient_clip_val': 0.19599272032485013, 'hidden_size': 81, 'dropout': 0.16275495534534193, 'hidden_continuous_size': 74, 'attention_head_size': 2, 'learning_rate': 0.018322734523672096}. Best is trial 67 with value: 0.08047966659069061.
LOCAL_RANK: 0 - CUDA_VISIBLE_DEVICES: [0]
[I 2023-11-30 11:54:06,006] Trial 149 finished with value: 0.13112859427928925 and parameters: {'gradient_clip_val': 0.23892435986209637, 'hidden_size': 60, 'dropout': 0.19702657831041145, 'hidden_continuous_size': 58, 'attention_head_size': 2, 'learning_rate': 0.029522666922110256}. Best is trial 67 with value: 0.08047966659069061.
[I 2023-11-30 11:54:06,118] A new study created in memory with name: no-name-ac169750-4365-4b2e-ae9d-41a4cca901fa
/home/le004/conda/anaconda3/envs/tsff_env/lib/python3.9/site-packages/lightning/fabric/plugins/environments/slurm.py:191: The `srun` command is available on your system but is not used. HINT: If your intention is to run Lightning on SLURM, prepend your python command with `srun` like so: srun python /home/le004/master_thesis/git/TSFusionForecast/code/ ...
LOCAL_RANK: 0 - CUDA_VISIBLE_DEVICES: [0]
[I 2023-11-30 11:54:18,531] Trial 0 finished with value: 1.7786270380020142 and parameters: {'gradient_clip_val': 0.21352125751649895, 'hidden_size': 20, 'dropout': 0.263119043025147, 'hidden_continuous_size': 13, 'attention_head_size': 4, 'learning_rate': 0.002938696563493005}. Best is trial 0 with value: 1.7786270380020142.
LOCAL_RANK: 0 - CUDA_VISIBLE_DEVICES: [0]
[I 2023-11-30 11:54:31,070] Trial 1 finished with value: 1.1000314950942993 and parameters: {'gradient_clip_val': 0.3159280708172278, 'hidden_size': 13, 'dropout': 0.17531848089617857, 'hidden_continuous_size': 11, 'attention_head_size': 4, 'learning_rate': 0.012825157096506489}. Best is trial 1 with value: 1.1000314950942993.
LOCAL_RANK: 0 - CUDA_VISIBLE_DEVICES: [0]
[I 2023-11-30 11:54:43,414] Trial 2 finished with value: 0.1819499135017395 and parameters: {'gradient_clip_val': 0.23152916337167528, 'hidden_size': 32, 'dropout': 0.29012934788642575, 'hidden_continuous_size': 13, 'attention_head_size': 1, 'learning_rate': 0.03480200688846743}. Best is trial 2 with value: 0.1819499135017395.
LOCAL_RANK: 0 - CUDA_VISIBLE_DEVICES: [0]
[I 2023-11-30 11:54:53,982] Trial 3 finished with value: 1.5039310455322266 and parameters: {'gradient_clip_val': 0.41415347059051444, 'hidden_size': 13, 'dropout': 0.19513708072630964, 'hidden_continuous_size': 13, 'attention_head_size': 2, 'learning_rate': 0.00920971164483235}. Best is trial 2 with value: 0.1819499135017395.
LOCAL_RANK: 0 - CUDA_VISIBLE_DEVICES: [0]
[I 2023-11-30 11:55:04,809] Trial 4 finished with value: 2.3218493461608887 and parameters: {'gradient_clip_val': 0.2792264024206531, 'hidden_size': 10, 'dropout': 0.1864243174639139, 'hidden_continuous_size': 10, 'attention_head_size': 2, 'learning_rate': 0.003530074670629457}. Best is trial 2 with value: 0.1819499135017395.
LOCAL_RANK: 0 - CUDA_VISIBLE_DEVICES: [0]
[I 2023-11-30 11:55:17,257] Trial 5 finished with value: 2.764850616455078 and parameters: {'gradient_clip_val': 0.16987319390258376, 'hidden_size': 15, 'dropout': 0.16282851100652035, 'hidden_continuous_size': 10, 'attention_head_size': 2, 'learning_rate': 0.0014815337680082754}. Best is trial 2 with value: 0.1819499135017395.
LOCAL_RANK: 0 - CUDA_VISIBLE_DEVICES: [0]
[I 2023-11-30 11:55:30,895] Trial 6 finished with value: 0.5313221216201782 and parameters: {'gradient_clip_val': 0.10971919506312168, 'hidden_size': 60, 'dropout': 0.17064275327101558, 'hidden_continuous_size': 56, 'attention_head_size': 2, 'learning_rate': 0.003837477069130445}. Best is trial 2 with value: 0.1819499135017395.
LOCAL_RANK: 0 - CUDA_VISIBLE_DEVICES: [0]
[I 2023-11-30 11:55:45,118] Trial 7 finished with value: 0.13749389350414276 and parameters: {'gradient_clip_val': 0.6177068049326382, 'hidden_size': 99, 'dropout': 0.2767363471370209, 'hidden_continuous_size': 78, 'attention_head_size': 1, 'learning_rate': 0.03634171522337736}. Best is trial 7 with value: 0.13749389350414276.
LOCAL_RANK: 0 - CUDA_VISIBLE_DEVICES: [0]
[I 2023-11-30 11:55:58,197] Trial 8 finished with value: 0.2193928211927414 and parameters: {'gradient_clip_val': 0.6904225111324823, 'hidden_size': 45, 'dropout': 0.20552103558475923, 'hidden_continuous_size': 13, 'attention_head_size': 4, 'learning_rate': 0.07343638595986957}. Best is trial 7 with value: 0.13749389350414276.
LOCAL_RANK: 0 - CUDA_VISIBLE_DEVICES: [0]
[I 2023-11-30 11:56:12,002] Trial 9 finished with value: 0.13264299929141998 and parameters: {'gradient_clip_val': 0.9195167821407814, 'hidden_size': 91, 'dropout': 0.2780808385930862, 'hidden_continuous_size': 13, 'attention_head_size': 3, 'learning_rate': 0.0245699571263645}. Best is trial 9 with value: 0.13264299929141998.
LOCAL_RANK: 0 - CUDA_VISIBLE_DEVICES: [0]
[I 2023-11-30 11:56:26,575] Trial 10 finished with value: 0.1260177195072174 and parameters: {'gradient_clip_val': 0.8445938961088207, 'hidden_size': 142, 'dropout': 0.35911803268489334, 'hidden_continuous_size': 27, 'attention_head_size': 3, 'learning_rate': 0.016115581334291442}. Best is trial 10 with value: 0.1260177195072174.
LOCAL_RANK: 0 - CUDA_VISIBLE_DEVICES: [0]
[I 2023-11-30 11:56:40,997] Trial 11 finished with value: 0.13569389283657074 and parameters: {'gradient_clip_val': 0.9991181278551238, 'hidden_size': 143, 'dropout': 0.3714654181889417, 'hidden_continuous_size': 22, 'attention_head_size': 3, 'learning_rate': 0.013747173965939512}. Best is trial 10 with value: 0.1260177195072174.
LOCAL_RANK: 0 - CUDA_VISIBLE_DEVICES: [0]
[I 2023-11-30 11:56:55,307] Trial 12 finished with value: 0.13118408620357513 and parameters: {'gradient_clip_val': 0.893864547237699, 'hidden_size': 144, 'dropout': 0.34803751768143865, 'hidden_continuous_size': 31, 'attention_head_size': 3, 'learning_rate': 0.024205019920376693}. Best is trial 10 with value: 0.1260177195072174.
LOCAL_RANK: 0 - CUDA_VISIBLE_DEVICES: [0]
[I 2023-11-30 11:57:09,792] Trial 13 finished with value: 0.2293253391981125 and parameters: {'gradient_clip_val': 0.5015010919882861, 'hidden_size': 143, 'dropout': 0.3920689701466274, 'hidden_continuous_size': 30, 'attention_head_size': 3, 'learning_rate': 0.08065420711205903}. Best is trial 10 with value: 0.1260177195072174.
LOCAL_RANK: 0 - CUDA_VISIBLE_DEVICES: [0]
[I 2023-11-30 11:57:23,537] Trial 14 finished with value: 0.1521148532629013 and parameters: {'gradient_clip_val': 0.7610151081085569, 'hidden_size': 81, 'dropout': 0.35378414784124623, 'hidden_continuous_size': 30, 'attention_head_size': 3, 'learning_rate': 0.020857121613918356}. Best is trial 10 with value: 0.1260177195072174.
LOCAL_RANK: 0 - CUDA_VISIBLE_DEVICES: [0]
