[I 2023-11-30 02:45:48,447] Trial 140 finished with value: 0.1375773400068283 and parameters: {'gradient_clip_val': 0.39633855300741283, 'hidden_size': 64, 'dropout': 0.20705241559996918, 'hidden_continuous_size': 26, 'attention_head_size': 1, 'learning_rate': 0.06616415143635128}. Best is trial 82 with value: 0.060504328459501266.
LOCAL_RANK: 0 - CUDA_VISIBLE_DEVICES: [0]
[I 2023-11-30 02:46:01,790] Trial 141 finished with value: 0.11781257390975952 and parameters: {'gradient_clip_val': 0.5246015788185413, 'hidden_size': 58, 'dropout': 0.19604756057931597, 'hidden_continuous_size': 17, 'attention_head_size': 2, 'learning_rate': 0.04903331874236193}. Best is trial 82 with value: 0.060504328459501266.
LOCAL_RANK: 0 - CUDA_VISIBLE_DEVICES: [0]
[I 2023-11-30 02:46:14,901] Trial 142 finished with value: 0.08758601546287537 and parameters: {'gradient_clip_val': 0.6093814862242113, 'hidden_size': 52, 'dropout': 0.18241741222251073, 'hidden_continuous_size': 16, 'attention_head_size': 2, 'learning_rate': 0.045866612131160125}. Best is trial 82 with value: 0.060504328459501266.
LOCAL_RANK: 0 - CUDA_VISIBLE_DEVICES: [0]
[I 2023-11-30 02:46:28,356] Trial 143 finished with value: 0.085281141102314 and parameters: {'gradient_clip_val': 0.46223304649099517, 'hidden_size': 61, 'dropout': 0.21762742487192388, 'hidden_continuous_size': 18, 'attention_head_size': 2, 'learning_rate': 0.05323206905102073}. Best is trial 82 with value: 0.060504328459501266.
LOCAL_RANK: 0 - CUDA_VISIBLE_DEVICES: [0]
[I 2023-11-30 02:46:41,549] Trial 144 finished with value: 0.14970111846923828 and parameters: {'gradient_clip_val': 0.5634543754489333, 'hidden_size': 47, 'dropout': 0.20304732171476397, 'hidden_continuous_size': 16, 'attention_head_size': 2, 'learning_rate': 0.059936576419949886}. Best is trial 82 with value: 0.060504328459501266.
LOCAL_RANK: 0 - CUDA_VISIBLE_DEVICES: [0]
[I 2023-11-30 02:46:54,886] Trial 145 finished with value: 0.1816091537475586 and parameters: {'gradient_clip_val': 0.6577584743347347, 'hidden_size': 55, 'dropout': 0.18638941006666174, 'hidden_continuous_size': 14, 'attention_head_size': 2, 'learning_rate': 0.04039628792923436}. Best is trial 82 with value: 0.060504328459501266.
LOCAL_RANK: 0 - CUDA_VISIBLE_DEVICES: [0]
[I 2023-11-30 02:47:08,471] Trial 146 finished with value: 0.08399820327758789 and parameters: {'gradient_clip_val': 0.49306698774368624, 'hidden_size': 72, 'dropout': 0.23385908155157423, 'hidden_continuous_size': 19, 'attention_head_size': 2, 'learning_rate': 0.031400062522449944}. Best is trial 82 with value: 0.060504328459501266.
LOCAL_RANK: 0 - CUDA_VISIBLE_DEVICES: [0]
[I 2023-11-30 02:47:21,587] Trial 147 finished with value: 0.12145882844924927 and parameters: {'gradient_clip_val': 0.5145198456592647, 'hidden_size': 50, 'dropout': 0.19754904171621315, 'hidden_continuous_size': 15, 'attention_head_size': 1, 'learning_rate': 0.04581550652121852}. Best is trial 82 with value: 0.060504328459501266.
LOCAL_RANK: 0 - CUDA_VISIBLE_DEVICES: [0]
[I 2023-11-30 02:47:35,038] Trial 148 finished with value: 0.08412432670593262 and parameters: {'gradient_clip_val': 0.5399026672589128, 'hidden_size': 65, 'dropout': 0.22433979098989873, 'hidden_continuous_size': 17, 'attention_head_size': 2, 'learning_rate': 0.07138803942201698}. Best is trial 82 with value: 0.060504328459501266.
LOCAL_RANK: 0 - CUDA_VISIBLE_DEVICES: [0]
[I 2023-11-30 02:47:48,664] Trial 149 finished with value: 0.1095045804977417 and parameters: {'gradient_clip_val': 0.37040300039197255, 'hidden_size': 78, 'dropout': 0.18967075244626563, 'hidden_continuous_size': 19, 'attention_head_size': 2, 'learning_rate': 0.05223089926687325}. Best is trial 82 with value: 0.060504328459501266.
[I 2023-11-30 02:47:48,777] A new study created in memory with name: no-name-04076c28-19c9-4f54-9016-0b7ab71120e9
/home/le004/conda/anaconda3/envs/tsff_env/lib/python3.9/site-packages/lightning/fabric/plugins/environments/slurm.py:191: The `srun` command is available on your system but is not used. HINT: If your intention is to run Lightning on SLURM, prepend your python command with `srun` like so: srun python /home/le004/master_thesis/git/TSFusionForecast/code/ ...
LOCAL_RANK: 0 - CUDA_VISIBLE_DEVICES: [0]
[I 2023-11-30 02:48:03,176] Trial 0 finished with value: 0.22587718069553375 and parameters: {'gradient_clip_val': 0.3750132342620268, 'hidden_size': 98, 'dropout': 0.20749798192495303, 'hidden_continuous_size': 49, 'attention_head_size': 1, 'learning_rate': 0.03780164965003824}. Best is trial 0 with value: 0.22587718069553375.
LOCAL_RANK: 0 - CUDA_VISIBLE_DEVICES: [0]
[I 2023-11-30 02:48:15,811] Trial 1 finished with value: 3.2669389247894287 and parameters: {'gradient_clip_val': 0.2263386859419493, 'hidden_size': 21, 'dropout': 0.24974351907003842, 'hidden_continuous_size': 10, 'attention_head_size': 4, 'learning_rate': 0.0017033662805038658}. Best is trial 0 with value: 0.22587718069553375.
LOCAL_RANK: 0 - CUDA_VISIBLE_DEVICES: [0]
[I 2023-11-30 02:48:28,706] Trial 2 finished with value: 0.1601858139038086 and parameters: {'gradient_clip_val': 0.7479684502261971, 'hidden_size': 50, 'dropout': 0.21342671896482107, 'hidden_continuous_size': 11, 'attention_head_size': 3, 'learning_rate': 0.06724100875526452}. Best is trial 2 with value: 0.1601858139038086.
LOCAL_RANK: 0 - CUDA_VISIBLE_DEVICES: [0]
[I 2023-11-30 02:48:43,002] Trial 3 finished with value: 0.23715811967849731 and parameters: {'gradient_clip_val': 0.11345184546903755, 'hidden_size': 147, 'dropout': 0.14361623927734732, 'hidden_continuous_size': 14, 'attention_head_size': 2, 'learning_rate': 0.04996010906786549}. Best is trial 2 with value: 0.1601858139038086.
LOCAL_RANK: 0 - CUDA_VISIBLE_DEVICES: [0]
[I 2023-11-30 02:48:55,447] Trial 4 finished with value: 1.191729187965393 and parameters: {'gradient_clip_val': 0.5224569027451418, 'hidden_size': 24, 'dropout': 0.16459634008612306, 'hidden_continuous_size': 15, 'attention_head_size': 4, 'learning_rate': 0.0030168584475352422}. Best is trial 2 with value: 0.1601858139038086.
LOCAL_RANK: 0 - CUDA_VISIBLE_DEVICES: [0]
[I 2023-11-30 02:49:09,358] Trial 5 finished with value: 0.4495384693145752 and parameters: {'gradient_clip_val': 0.4885044477768721, 'hidden_size': 68, 'dropout': 0.28301870891415865, 'hidden_continuous_size': 36, 'attention_head_size': 2, 'learning_rate': 0.0070085535210040245}. Best is trial 2 with value: 0.1601858139038086.
LOCAL_RANK: 0 - CUDA_VISIBLE_DEVICES: [0]
[I 2023-11-30 02:49:21,739] Trial 6 finished with value: 0.21117037534713745 and parameters: {'gradient_clip_val': 0.9949849394688589, 'hidden_size': 17, 'dropout': 0.12923026481136293, 'hidden_continuous_size': 12, 'attention_head_size': 2, 'learning_rate': 0.04381136604291831}. Best is trial 2 with value: 0.1601858139038086.
LOCAL_RANK: 0 - CUDA_VISIBLE_DEVICES: [0]
[I 2023-11-30 02:49:34,697] Trial 7 finished with value: 0.39871737360954285 and parameters: {'gradient_clip_val': 0.3468160104062559, 'hidden_size': 41, 'dropout': 0.29817833193691906, 'hidden_continuous_size': 15, 'attention_head_size': 3, 'learning_rate': 0.012604388395921136}. Best is trial 2 with value: 0.1601858139038086.
LOCAL_RANK: 0 - CUDA_VISIBLE_DEVICES: [0]
[I 2023-11-30 02:49:47,735] Trial 8 finished with value: 0.4543667733669281 and parameters: {'gradient_clip_val': 0.5394387902151998, 'hidden_size': 42, 'dropout': 0.18401906027061415, 'hidden_continuous_size': 14, 'attention_head_size': 4, 'learning_rate': 0.005980735109222718}. Best is trial 2 with value: 0.1601858139038086.
LOCAL_RANK: 0 - CUDA_VISIBLE_DEVICES: [0]
[I 2023-11-30 02:50:00,333] Trial 9 finished with value: 0.8695084452629089 and parameters: {'gradient_clip_val': 0.10114637602742839, 'hidden_size': 21, 'dropout': 0.30384585778542916, 'hidden_continuous_size': 16, 'attention_head_size': 2, 'learning_rate': 0.008214500829385416}. Best is trial 2 with value: 0.1601858139038086.
LOCAL_RANK: 0 - CUDA_VISIBLE_DEVICES: [0]
[I 2023-11-30 02:50:10,952] Trial 10 finished with value: 0.24977581202983856 and parameters: {'gradient_clip_val': 0.8599282835396754, 'hidden_size': 10, 'dropout': 0.3339201417917068, 'hidden_continuous_size': 10, 'attention_head_size': 3, 'learning_rate': 0.09607405556451881}. Best is trial 2 with value: 0.1601858139038086.
LOCAL_RANK: 0 - CUDA_VISIBLE_DEVICES: [0]
[I 2023-11-30 02:50:23,437] Trial 11 finished with value: 0.5494979023933411 and parameters: {'gradient_clip_val': 0.9837172227362255, 'hidden_size': 11, 'dropout': 0.10560793103907756, 'hidden_continuous_size': 10, 'attention_head_size': 1, 'learning_rate': 0.02796657876228458}. Best is trial 2 with value: 0.1601858139038086.
LOCAL_RANK: 0 - CUDA_VISIBLE_DEVICES: [0]
[I 2023-11-30 02:50:36,831] Trial 12 finished with value: 0.3265380859375 and parameters: {'gradient_clip_val': 0.7629258371328634, 'hidden_size': 56, 'dropout': 0.22166346785765306, 'hidden_continuous_size': 22, 'attention_head_size': 3, 'learning_rate': 0.09368013982340388}. Best is trial 2 with value: 0.1601858139038086.
LOCAL_RANK: 0 - CUDA_VISIBLE_DEVICES: [0]
[I 2023-11-30 02:50:49,551] Trial 13 finished with value: 0.32652124762535095 and parameters: {'gradient_clip_val': 0.7164711019470601, 'hidden_size': 30, 'dropout': 0.3740044342114204, 'hidden_continuous_size': 12, 'attention_head_size': 2, 'learning_rate': 0.01895175497754449}. Best is trial 2 with value: 0.1601858139038086.
LOCAL_RANK: 0 - CUDA_VISIBLE_DEVICES: [0]
[I 2023-11-30 02:51:02,251] Trial 14 finished with value: 0.25085893273353577 and parameters: {'gradient_clip_val': 0.9948686641479619, 'hidden_size': 15, 'dropout': 0.13726757359044903, 'hidden_continuous_size': 11, 'attention_head_size': 3, 'learning_rate': 0.04728620915581301}. Best is trial 2 with value: 0.1601858139038086.
LOCAL_RANK: 0 - CUDA_VISIBLE_DEVICES: [0]
[I 2023-11-30 02:51:14,689] Trial 15 finished with value: 0.23348523676395416 and parameters: {'gradient_clip_val': 0.6765612874675363, 'hidden_size': 32, 'dropout': 0.11315134529488025, 'hidden_continuous_size': 12, 'attention_head_size': 1, 'learning_rate': 0.02375387194887174}. Best is trial 2 with value: 0.1601858139038086.
LOCAL_RANK: 0 - CUDA_VISIBLE_DEVICES: [0]
[I 2023-11-30 02:51:27,094] Trial 16 finished with value: 0.21939752995967865 and parameters: {'gradient_clip_val': 0.6564561516954988, 'hidden_size': 15, 'dropout': 0.1847926743283557, 'hidden_continuous_size': 11, 'attention_head_size': 3, 'learning_rate': 0.06736351327757742}. Best is trial 2 with value: 0.1601858139038086.
LOCAL_RANK: 0 - CUDA_VISIBLE_DEVICES: [0]
[I 2023-11-30 02:51:40,297] Trial 17 finished with value: 0.13750073313713074 and parameters: {'gradient_clip_val': 0.9826596244088036, 'hidden_size': 53, 'dropout': 0.22874049729680002, 'hidden_continuous_size': 19, 'attention_head_size': 2, 'learning_rate': 0.034938290170788366}. Best is trial 17 with value: 0.13750073313713074.
LOCAL_RANK: 0 - CUDA_VISIBLE_DEVICES: [0]
[I 2023-11-30 02:51:53,602] Trial 18 finished with value: 0.16748513281345367 and parameters: {'gradient_clip_val': 0.7754474625367405, 'hidden_size': 57, 'dropout': 0.2453550199710797, 'hidden_continuous_size': 19, 'attention_head_size': 3, 'learning_rate': 0.01502823152697884}. Best is trial 17 with value: 0.13750073313713074.
LOCAL_RANK: 0 - CUDA_VISIBLE_DEVICES: [0]
[I 2023-11-30 02:52:07,372] Trial 19 finished with value: 0.16398735344409943 and parameters: {'gradient_clip_val': 0.5800858495503706, 'hidden_size': 82, 'dropout': 0.2260109556500917, 'hidden_continuous_size': 24, 'attention_head_size': 2, 'learning_rate': 0.028575331250129874}. Best is trial 17 with value: 0.13750073313713074.
LOCAL_RANK: 0 - CUDA_VISIBLE_DEVICES: [0]
[I 2023-11-30 02:52:20,878] Trial 20 finished with value: 0.13002455234527588 and parameters: {'gradient_clip_val': 0.43583892755830733, 'hidden_size': 46, 'dropout': 0.26460321418121346, 'hidden_continuous_size': 18, 'attention_head_size': 4, 'learning_rate': 0.06271855526068203}. Best is trial 20 with value: 0.13002455234527588.
LOCAL_RANK: 0 - CUDA_VISIBLE_DEVICES: [0]
[I 2023-11-30 02:52:34,277] Trial 21 finished with value: 0.15774956345558167 and parameters: {'gradient_clip_val': 0.39242186610225455, 'hidden_size': 50, 'dropout': 0.2711219659325502, 'hidden_continuous_size': 20, 'attention_head_size': 4, 'learning_rate': 0.06806940613889442}. Best is trial 20 with value: 0.13002455234527588.
LOCAL_RANK: 0 - CUDA_VISIBLE_DEVICES: [0]
[I 2023-11-30 02:52:47,260] Trial 22 finished with value: 0.2138260453939438 and parameters: {'gradient_clip_val': 0.4068308154984241, 'hidden_size': 36, 'dropout': 0.2778806101425435, 'hidden_continuous_size': 19, 'attention_head_size': 4, 'learning_rate': 0.03349817879147648}. Best is trial 20 with value: 0.13002455234527588.
LOCAL_RANK: 0 - CUDA_VISIBLE_DEVICES: [0]
[I 2023-11-30 02:53:00,661] Trial 23 finished with value: 0.1328362077474594 and parameters: {'gradient_clip_val': 0.2909679519826506, 'hidden_size': 46, 'dropout': 0.264060935319951, 'hidden_continuous_size': 25, 'attention_head_size': 4, 'learning_rate': 0.06367640178325275}. Best is trial 20 with value: 0.13002455234527588.
LOCAL_RANK: 0 - CUDA_VISIBLE_DEVICES: [0]
[I 2023-11-30 02:53:13,952] Trial 24 finished with value: 0.17582374811172485 and parameters: {'gradient_clip_val': 0.290303355632723, 'hidden_size': 42, 'dropout': 0.2522534155408088, 'hidden_continuous_size': 25, 'attention_head_size': 4, 'learning_rate': 0.025623719347272332}. Best is trial 20 with value: 0.13002455234527588.
LOCAL_RANK: 0 - CUDA_VISIBLE_DEVICES: [0]
[I 2023-11-30 02:53:27,065] Trial 25 finished with value: 0.1439971923828125 and parameters: {'gradient_clip_val': 0.21684163138641763, 'hidden_size': 31, 'dropout': 0.32438958878767415, 'hidden_continuous_size': 17, 'attention_head_size': 4, 'learning_rate': 0.05392434611594945}. Best is trial 20 with value: 0.13002455234527588.
LOCAL_RANK: 0 - CUDA_VISIBLE_DEVICES: [0]
[I 2023-11-30 02:53:40,792] Trial 26 finished with value: 0.1348937600851059 and parameters: {'gradient_clip_val': 0.48372278477398345, 'hidden_size': 68, 'dropout': 0.26078458212653166, 'hidden_continuous_size': 29, 'attention_head_size': 4, 'learning_rate': 0.03700256501267719}. Best is trial 20 with value: 0.13002455234527588.
LOCAL_RANK: 0 - CUDA_VISIBLE_DEVICES: [0]
[I 2023-11-30 02:53:54,644] Trial 27 finished with value: 0.14127080142498016 and parameters: {'gradient_clip_val': 0.4586032750173426, 'hidden_size': 62, 'dropout': 0.26042363608210783, 'hidden_continuous_size': 28, 'attention_head_size': 4, 'learning_rate': 0.018616890156873407}. Best is trial 20 with value: 0.13002455234527588.
LOCAL_RANK: 0 - CUDA_VISIBLE_DEVICES: [0]
[I 2023-11-30 02:54:08,394] Trial 28 finished with value: 0.230999156832695 and parameters: {'gradient_clip_val': 0.3018877627913225, 'hidden_size': 82, 'dropout': 0.29426867547060537, 'hidden_continuous_size': 30, 'attention_head_size': 4, 'learning_rate': 0.09464549404225038}. Best is trial 20 with value: 0.13002455234527588.
LOCAL_RANK: 0 - CUDA_VISIBLE_DEVICES: [0]
[I 2023-11-30 02:54:22,758] Trial 29 finished with value: 0.1863325983285904 and parameters: {'gradient_clip_val': 0.4325911909200507, 'hidden_size': 114, 'dropout': 0.2390269328865739, 'hidden_continuous_size': 38, 'attention_head_size': 4, 'learning_rate': 0.03974413657271711}. Best is trial 20 with value: 0.13002455234527588.
LOCAL_RANK: 0 - CUDA_VISIBLE_DEVICES: [0]
[I 2023-11-30 02:54:37,293] Trial 30 finished with value: 0.15479062497615814 and parameters: {'gradient_clip_val': 0.3594736843401819, 'hidden_size': 71, 'dropout': 0.20242487287051453, 'hidden_continuous_size': 66, 'attention_head_size': 4, 'learning_rate': 0.060475446133493906}. Best is trial 20 with value: 0.13002455234527588.
LOCAL_RANK: 0 - CUDA_VISIBLE_DEVICES: [0]
[I 2023-11-30 02:54:50,449] Trial 31 finished with value: 0.15686054527759552 and parameters: {'gradient_clip_val': 0.5684366540632273, 'hidden_size': 49, 'dropout': 0.2682889521316363, 'hidden_continuous_size': 21, 'attention_head_size': 1, 'learning_rate': 0.036543329015791354}. Best is trial 20 with value: 0.13002455234527588.
LOCAL_RANK: 0 - CUDA_VISIBLE_DEVICES: [0]
[I 2023-11-30 02:55:04,119] Trial 32 finished with value: 0.12798646092414856 and parameters: {'gradient_clip_val': 0.5996607513847534, 'hidden_size': 72, 'dropout': 0.23154452845732745, 'hidden_continuous_size': 23, 'attention_head_size': 4, 'learning_rate': 0.03523922498851927}. Best is trial 32 with value: 0.12798646092414856.
LOCAL_RANK: 0 - CUDA_VISIBLE_DEVICES: [0]
[I 2023-11-30 02:55:17,954] Trial 33 finished with value: 0.11812976002693176 and parameters: {'gradient_clip_val': 0.4715660766054844, 'hidden_size': 77, 'dropout': 0.25172188938674117, 'hidden_continuous_size': 25, 'attention_head_size': 4, 'learning_rate': 0.06926727503817302}. Best is trial 33 with value: 0.11812976002693176.
LOCAL_RANK: 0 - CUDA_VISIBLE_DEVICES: [0]
[I 2023-11-30 02:55:31,867] Trial 34 finished with value: 0.2335006445646286 and parameters: {'gradient_clip_val': 0.4266388753129541, 'hidden_size': 89, 'dropout': 0.2423573533750189, 'hidden_continuous_size': 24, 'attention_head_size': 4, 'learning_rate': 0.07071318712360672}. Best is trial 33 with value: 0.11812976002693176.
LOCAL_RANK: 0 - CUDA_VISIBLE_DEVICES: [0]
[I 2023-11-30 02:55:46,328] Trial 35 finished with value: 0.14922691881656647 and parameters: {'gradient_clip_val': 0.6028422080933298, 'hidden_size': 110, 'dropout': 0.20738342379790406, 'hidden_continuous_size': 34, 'attention_head_size': 4, 'learning_rate': 0.05155617673124976}. Best is trial 33 with value: 0.11812976002693176.
LOCAL_RANK: 0 - CUDA_VISIBLE_DEVICES: [0]
[I 2023-11-30 02:55:59,995] Trial 36 finished with value: 0.26706740260124207 and parameters: {'gradient_clip_val': 0.5142097671450968, 'hidden_size': 73, 'dropout': 0.23728933632203844, 'hidden_continuous_size': 23, 'attention_head_size': 3, 'learning_rate': 0.07448448901223181}. Best is trial 33 with value: 0.11812976002693176.
LOCAL_RANK: 0 - CUDA_VISIBLE_DEVICES: [0]
[I 2023-11-30 02:56:14,269] Trial 37 finished with value: 0.12155313044786453 and parameters: {'gradient_clip_val': 0.46989300396782, 'hidden_size': 98, 'dropout': 0.2554506500531604, 'hidden_continuous_size': 43, 'attention_head_size': 4, 'learning_rate': 0.050799965673574754}. Best is trial 33 with value: 0.11812976002693176.
LOCAL_RANK: 0 - CUDA_VISIBLE_DEVICES: [0]
[I 2023-11-30 02:56:28,459] Trial 38 finished with value: 0.15327981114387512 and parameters: {'gradient_clip_val': 0.6243275382198303, 'hidden_size': 100, 'dropout': 0.21562876810867426, 'hidden_continuous_size': 42, 'attention_head_size': 4, 'learning_rate': 0.050020424531188074}. Best is trial 33 with value: 0.11812976002693176.
LOCAL_RANK: 0 - CUDA_VISIBLE_DEVICES: [0]
[I 2023-11-30 02:56:42,860] Trial 39 finished with value: 0.11801105737686157 and parameters: {'gradient_clip_val': 0.48383346014688283, 'hidden_size': 136, 'dropout': 0.24984790799843318, 'hidden_continuous_size': 47, 'attention_head_size': 3, 'learning_rate': 0.047021348666283616}. Best is trial 39 with value: 0.11801105737686157.
LOCAL_RANK: 0 - CUDA_VISIBLE_DEVICES: [0]
[I 2023-11-30 02:56:57,698] Trial 40 finished with value: 0.1200198233127594 and parameters: {'gradient_clip_val': 0.5189094159564487, 'hidden_size': 146, 'dropout': 0.24985798131178874, 'hidden_continuous_size': 52, 'attention_head_size': 3, 'learning_rate': 0.04397968203605228}. Best is trial 39 with value: 0.11801105737686157.
LOCAL_RANK: 0 - CUDA_VISIBLE_DEVICES: [0]
[I 2023-11-30 02:57:12,373] Trial 41 finished with value: 0.21526534855365753 and parameters: {'gradient_clip_val': 0.5205180600795066, 'hidden_size': 150, 'dropout': 0.24866719809754637, 'hidden_continuous_size': 52, 'attention_head_size': 3, 'learning_rate': 0.04266471717332999}. Best is trial 39 with value: 0.11801105737686157.
LOCAL_RANK: 0 - CUDA_VISIBLE_DEVICES: [0]
[I 2023-11-30 02:57:26,853] Trial 42 finished with value: 0.1156248226761818 and parameters: {'gradient_clip_val': 0.5647221423179952, 'hidden_size': 130, 'dropout': 0.2871387807919831, 'hidden_continuous_size': 49, 'attention_head_size': 3, 'learning_rate': 0.04536328237423569}. Best is trial 42 with value: 0.1156248226761818.
LOCAL_RANK: 0 - CUDA_VISIBLE_DEVICES: [0]
[I 2023-11-30 02:57:41,307] Trial 43 finished with value: 0.2433226853609085 and parameters: {'gradient_clip_val': 0.4909843600578864, 'hidden_size': 129, 'dropout': 0.2855169185930311, 'hidden_continuous_size': 49, 'attention_head_size': 3, 'learning_rate': 0.047060081848168844}. Best is trial 42 with value: 0.1156248226761818.
LOCAL_RANK: 0 - CUDA_VISIBLE_DEVICES: [0]
[I 2023-11-30 02:57:55,710] Trial 44 finished with value: 0.10633779317140579 and parameters: {'gradient_clip_val': 0.5472279959837262, 'hidden_size': 129, 'dropout': 0.28430205603846875, 'hidden_continuous_size': 64, 'attention_head_size': 3, 'learning_rate': 0.029812287252508184}. Best is trial 44 with value: 0.10633779317140579.
LOCAL_RANK: 0 - CUDA_VISIBLE_DEVICES: [0]
[I 2023-11-30 02:58:10,627] Trial 45 finished with value: 0.12346532195806503 and parameters: {'gradient_clip_val': 0.5351224250979706, 'hidden_size': 133, 'dropout': 0.28375498522606135, 'hidden_continuous_size': 69, 'attention_head_size': 3, 'learning_rate': 0.023226327992126716}. Best is trial 44 with value: 0.10633779317140579.
LOCAL_RANK: 0 - CUDA_VISIBLE_DEVICES: [0]
[I 2023-11-30 02:58:25,469] Trial 46 finished with value: 0.15177440643310547 and parameters: {'gradient_clip_val': 0.6555014337558572, 'hidden_size': 137, 'dropout': 0.3016022581026745, 'hidden_continuous_size': 84, 'attention_head_size': 3, 'learning_rate': 0.07777933358247967}. Best is trial 44 with value: 0.10633779317140579.
LOCAL_RANK: 0 - CUDA_VISIBLE_DEVICES: [0]
