[I 2023-11-30 11:17:22,903] Trial 143 finished with value: 0.09462898224592209 and parameters: {'gradient_clip_val': 0.28961588050709475, 'hidden_size': 57, 'dropout': 0.32872819820062366, 'hidden_continuous_size': 19, 'attention_head_size': 1, 'learning_rate': 0.04983312725059336}. Best is trial 54 with value: 0.08115700632333755.
LOCAL_RANK: 0 - CUDA_VISIBLE_DEVICES: [0]
[I 2023-11-30 11:17:36,133] Trial 144 finished with value: 0.11904565244913101 and parameters: {'gradient_clip_val': 0.2726587982425074, 'hidden_size': 59, 'dropout': 0.3524448501189998, 'hidden_continuous_size': 23, 'attention_head_size': 1, 'learning_rate': 0.06399097539342122}. Best is trial 54 with value: 0.08115700632333755.
LOCAL_RANK: 0 - CUDA_VISIBLE_DEVICES: [0]
[I 2023-11-30 11:17:49,232] Trial 145 finished with value: 0.17278826236724854 and parameters: {'gradient_clip_val': 0.30313944101321266, 'hidden_size': 56, 'dropout': 0.3307301453184833, 'hidden_continuous_size': 19, 'attention_head_size': 1, 'learning_rate': 0.049188486679415847}. Best is trial 54 with value: 0.08115700632333755.
LOCAL_RANK: 0 - CUDA_VISIBLE_DEVICES: [0]
[I 2023-11-30 11:18:02,283] Trial 146 finished with value: 0.18437910079956055 and parameters: {'gradient_clip_val': 0.22804223345430574, 'hidden_size': 38, 'dropout': 0.3422780200143685, 'hidden_continuous_size': 17, 'attention_head_size': 2, 'learning_rate': 0.03674080913446196}. Best is trial 54 with value: 0.08115700632333755.
LOCAL_RANK: 0 - CUDA_VISIBLE_DEVICES: [0]
[I 2023-11-30 11:18:15,543] Trial 147 finished with value: 0.18252229690551758 and parameters: {'gradient_clip_val': 0.7783477339840613, 'hidden_size': 63, 'dropout': 0.3613183166583055, 'hidden_continuous_size': 16, 'attention_head_size': 1, 'learning_rate': 0.05798911312984841}. Best is trial 54 with value: 0.08115700632333755.
LOCAL_RANK: 0 - CUDA_VISIBLE_DEVICES: [0]
[I 2023-11-30 11:18:28,226] Trial 148 finished with value: 0.12086594104766846 and parameters: {'gradient_clip_val': 0.414470787176394, 'hidden_size': 32, 'dropout': 0.31203682748953177, 'hidden_continuous_size': 18, 'attention_head_size': 3, 'learning_rate': 0.07566801615546562}. Best is trial 54 with value: 0.08115700632333755.
LOCAL_RANK: 0 - CUDA_VISIBLE_DEVICES: [0]
[I 2023-11-30 11:18:41,495] Trial 149 finished with value: 0.1556176096200943 and parameters: {'gradient_clip_val': 0.370777497775586, 'hidden_size': 58, 'dropout': 0.3935130598673435, 'hidden_continuous_size': 21, 'attention_head_size': 1, 'learning_rate': 0.04463406194195755}. Best is trial 54 with value: 0.08115700632333755.
[I 2023-11-30 11:18:41,609] A new study created in memory with name: no-name-e6d201b9-df6c-49aa-958d-cb55308ca772
/home/le004/conda/anaconda3/envs/tsff_env/lib/python3.9/site-packages/lightning/fabric/plugins/environments/slurm.py:191: The `srun` command is available on your system but is not used. HINT: If your intention is to run Lightning on SLURM, prepend your python command with `srun` like so: srun python /home/le004/master_thesis/git/TSFusionForecast/code/ ...
LOCAL_RANK: 0 - CUDA_VISIBLE_DEVICES: [0]
[I 2023-11-30 11:18:54,585] Trial 0 finished with value: 0.17258058488368988 and parameters: {'gradient_clip_val': 0.15413952452593957, 'hidden_size': 37, 'dropout': 0.35998505802892733, 'hidden_continuous_size': 15, 'attention_head_size': 4, 'learning_rate': 0.03342627734568635}. Best is trial 0 with value: 0.17258058488368988.
LOCAL_RANK: 0 - CUDA_VISIBLE_DEVICES: [0]
[I 2023-11-30 11:19:08,781] Trial 1 finished with value: 0.13160191476345062 and parameters: {'gradient_clip_val': 0.16021119095393355, 'hidden_size': 79, 'dropout': 0.1143173963071032, 'hidden_continuous_size': 49, 'attention_head_size': 2, 'learning_rate': 0.010110524101401317}. Best is trial 1 with value: 0.13160191476345062.
LOCAL_RANK: 0 - CUDA_VISIBLE_DEVICES: [0]
[I 2023-11-30 11:19:21,381] Trial 2 finished with value: 2.545492172241211 and parameters: {'gradient_clip_val': 0.10714094087409155, 'hidden_size': 32, 'dropout': 0.3442347437766604, 'hidden_continuous_size': 15, 'attention_head_size': 4, 'learning_rate': 0.002051301339633089}. Best is trial 1 with value: 0.13160191476345062.
LOCAL_RANK: 0 - CUDA_VISIBLE_DEVICES: [0]
[I 2023-11-30 11:19:34,308] Trial 3 finished with value: 2.0055034160614014 and parameters: {'gradient_clip_val': 0.28119519091457434, 'hidden_size': 37, 'dropout': 0.12471838891152769, 'hidden_continuous_size': 15, 'attention_head_size': 2, 'learning_rate': 0.0013704250905000822}. Best is trial 1 with value: 0.13160191476345062.
LOCAL_RANK: 0 - CUDA_VISIBLE_DEVICES: [0]
[I 2023-11-30 11:19:47,763] Trial 4 finished with value: 0.212171271443367 and parameters: {'gradient_clip_val': 0.3179659695112864, 'hidden_size': 75, 'dropout': 0.3961329607428913, 'hidden_continuous_size': 10, 'attention_head_size': 4, 'learning_rate': 0.03407639473167492}. Best is trial 1 with value: 0.13160191476345062.
LOCAL_RANK: 0 - CUDA_VISIBLE_DEVICES: [0]
[I 2023-11-30 11:20:00,726] Trial 5 finished with value: 1.0361542701721191 and parameters: {'gradient_clip_val': 0.9580311296664135, 'hidden_size': 29, 'dropout': 0.13061222405120657, 'hidden_continuous_size': 26, 'attention_head_size': 3, 'learning_rate': 0.004136770441214467}. Best is trial 1 with value: 0.13160191476345062.
LOCAL_RANK: 0 - CUDA_VISIBLE_DEVICES: [0]
[I 2023-11-30 11:20:13,548] Trial 6 finished with value: 1.1902321577072144 and parameters: {'gradient_clip_val': 0.4602636905500873, 'hidden_size': 21, 'dropout': 0.39395835435648996, 'hidden_continuous_size': 17, 'attention_head_size': 3, 'learning_rate': 0.008109422818358806}. Best is trial 1 with value: 0.13160191476345062.
LOCAL_RANK: 0 - CUDA_VISIBLE_DEVICES: [0]
[I 2023-11-30 11:20:25,714] Trial 7 finished with value: 0.2501866817474365 and parameters: {'gradient_clip_val': 0.30161479166272326, 'hidden_size': 12, 'dropout': 0.3370489178937357, 'hidden_continuous_size': 10, 'attention_head_size': 2, 'learning_rate': 0.049025470735444804}. Best is trial 1 with value: 0.13160191476345062.
LOCAL_RANK: 0 - CUDA_VISIBLE_DEVICES: [0]
[I 2023-11-30 11:20:39,079] Trial 8 finished with value: 0.27136263251304626 and parameters: {'gradient_clip_val': 0.9362492163067219, 'hidden_size': 47, 'dropout': 0.13968196903351088, 'hidden_continuous_size': 28, 'attention_head_size': 4, 'learning_rate': 0.09154955863425236}. Best is trial 1 with value: 0.13160191476345062.
LOCAL_RANK: 0 - CUDA_VISIBLE_DEVICES: [0]
[I 2023-11-30 11:20:52,339] Trial 9 finished with value: 2.0318706035614014 and parameters: {'gradient_clip_val': 0.43738275749003985, 'hidden_size': 52, 'dropout': 0.21050208824471742, 'hidden_continuous_size': 30, 'attention_head_size': 2, 'learning_rate': 0.0010195295943278828}. Best is trial 1 with value: 0.13160191476345062.
LOCAL_RANK: 0 - CUDA_VISIBLE_DEVICES: [0]
[I 2023-11-30 11:21:06,788] Trial 10 finished with value: 0.14785827696323395 and parameters: {'gradient_clip_val': 0.16280235841406782, 'hidden_size': 126, 'dropout': 0.2104690829505918, 'hidden_continuous_size': 67, 'attention_head_size': 1, 'learning_rate': 0.012156284276050698}. Best is trial 1 with value: 0.13160191476345062.
LOCAL_RANK: 0 - CUDA_VISIBLE_DEVICES: [0]
[I 2023-11-30 11:21:21,805] Trial 11 finished with value: 0.1212150827050209 and parameters: {'gradient_clip_val': 0.1592294237195783, 'hidden_size': 149, 'dropout': 0.19416600308152251, 'hidden_continuous_size': 76, 'attention_head_size': 1, 'learning_rate': 0.010913829739325392}. Best is trial 11 with value: 0.1212150827050209.
LOCAL_RANK: 0 - CUDA_VISIBLE_DEVICES: [0]
[I 2023-11-30 11:21:36,545] Trial 12 finished with value: 0.18842880427837372 and parameters: {'gradient_clip_val': 0.10027810338597443, 'hidden_size': 150, 'dropout': 0.10409699952207994, 'hidden_continuous_size': 85, 'attention_head_size': 1, 'learning_rate': 0.012203750855805868}. Best is trial 11 with value: 0.1212150827050209.
LOCAL_RANK: 0 - CUDA_VISIBLE_DEVICES: [0]
[I 2023-11-30 11:21:50,522] Trial 13 finished with value: 0.2116314172744751 and parameters: {'gradient_clip_val': 0.1704566157356404, 'hidden_size': 97, 'dropout': 0.180124542404637, 'hidden_continuous_size': 54, 'attention_head_size': 1, 'learning_rate': 0.007286903871036364}. Best is trial 11 with value: 0.1212150827050209.
LOCAL_RANK: 0 - CUDA_VISIBLE_DEVICES: [0]
[I 2023-11-30 11:22:04,539] Trial 14 finished with value: 0.1362118273973465 and parameters: {'gradient_clip_val': 0.1909904762497265, 'hidden_size': 85, 'dropout': 0.26633070907533196, 'hidden_continuous_size': 56, 'attention_head_size': 1, 'learning_rate': 0.01549432476945821}. Best is trial 11 with value: 0.1212150827050209.
LOCAL_RANK: 0 - CUDA_VISIBLE_DEVICES: [0]
[I 2023-11-30 11:22:19,221] Trial 15 finished with value: 0.1675621122121811 and parameters: {'gradient_clip_val': 0.1406117241807528, 'hidden_size': 122, 'dropout': 0.1668587942286399, 'hidden_continuous_size': 107, 'attention_head_size': 2, 'learning_rate': 0.004861463258539145}. Best is trial 11 with value: 0.1212150827050209.
LOCAL_RANK: 0 - CUDA_VISIBLE_DEVICES: [0]
[I 2023-11-30 11:22:33,198] Trial 16 finished with value: 0.14790470898151398 and parameters: {'gradient_clip_val': 0.2094390410632384, 'hidden_size': 67, 'dropout': 0.10743818932823514, 'hidden_continuous_size': 36, 'attention_head_size': 3, 'learning_rate': 0.017862155385105893}. Best is trial 11 with value: 0.1212150827050209.
LOCAL_RANK: 0 - CUDA_VISIBLE_DEVICES: [0]
[I 2023-11-30 11:22:47,222] Trial 17 finished with value: 0.2564218044281006 and parameters: {'gradient_clip_val': 0.22619712875017706, 'hidden_size': 101, 'dropout': 0.1615734437480644, 'hidden_continuous_size': 44, 'attention_head_size': 1, 'learning_rate': 0.003945456379677876}. Best is trial 11 with value: 0.1212150827050209.
LOCAL_RANK: 0 - CUDA_VISIBLE_DEVICES: [0]
[I 2023-11-30 11:23:02,129] Trial 18 finished with value: 0.1223565861582756 and parameters: {'gradient_clip_val': 0.14957356671276623, 'hidden_size': 147, 'dropout': 0.2507445455006532, 'hidden_continuous_size': 110, 'attention_head_size': 2, 'learning_rate': 0.01894663942093232}. Best is trial 11 with value: 0.1212150827050209.
LOCAL_RANK: 0 - CUDA_VISIBLE_DEVICES: [0]
[I 2023-11-30 11:23:17,000] Trial 19 finished with value: 0.17989309132099152 and parameters: {'gradient_clip_val': 0.11929953434474108, 'hidden_size': 142, 'dropout': 0.2596021828503463, 'hidden_continuous_size': 122, 'attention_head_size': 1, 'learning_rate': 0.01938590883997085}. Best is trial 11 with value: 0.1212150827050209.
LOCAL_RANK: 0 - CUDA_VISIBLE_DEVICES: [0]
[I 2023-11-30 11:23:31,521] Trial 20 finished with value: 0.18503761291503906 and parameters: {'gradient_clip_val': 0.12604893032668688, 'hidden_size': 110, 'dropout': 0.28376728146745, 'hidden_continuous_size': 82, 'attention_head_size': 2, 'learning_rate': 0.025486148498051985}. Best is trial 11 with value: 0.1212150827050209.
LOCAL_RANK: 0 - CUDA_VISIBLE_DEVICES: [0]
[I 2023-11-30 11:23:46,662] Trial 21 finished with value: 0.18331940472126007 and parameters: {'gradient_clip_val': 0.13690338122624982, 'hidden_size': 147, 'dropout': 0.21880280737548516, 'hidden_continuous_size': 134, 'attention_head_size': 2, 'learning_rate': 0.008860960418126756}. Best is trial 11 with value: 0.1212150827050209.
LOCAL_RANK: 0 - CUDA_VISIBLE_DEVICES: [0]
[I 2023-11-30 11:24:01,113] Trial 22 finished with value: 0.12313326448202133 and parameters: {'gradient_clip_val': 0.16702334300428415, 'hidden_size': 89, 'dropout': 0.192169161807694, 'hidden_continuous_size': 65, 'attention_head_size': 3, 'learning_rate': 0.011853156921223589}. Best is trial 11 with value: 0.1212150827050209.
LOCAL_RANK: 0 - CUDA_VISIBLE_DEVICES: [0]
[I 2023-11-30 11:24:15,576] Trial 23 finished with value: 0.1414465457201004 and parameters: {'gradient_clip_val': 0.12445535075654879, 'hidden_size': 109, 'dropout': 0.2315289233748218, 'hidden_continuous_size': 71, 'attention_head_size': 3, 'learning_rate': 0.01862414391534928}. Best is trial 11 with value: 0.1212150827050209.
LOCAL_RANK: 0 - CUDA_VISIBLE_DEVICES: [0]
[I 2023-11-30 11:24:29,791] Trial 24 finished with value: 0.2630597651004791 and parameters: {'gradient_clip_val': 0.18820997397609987, 'hidden_size': 93, 'dropout': 0.18984376297444555, 'hidden_continuous_size': 62, 'attention_head_size': 3, 'learning_rate': 0.007058880156488305}. Best is trial 11 with value: 0.1212150827050209.
LOCAL_RANK: 0 - CUDA_VISIBLE_DEVICES: [0]
[I 2023-11-30 11:24:44,471] Trial 25 finished with value: 0.11895322799682617 and parameters: {'gradient_clip_val': 0.10052614776992792, 'hidden_size': 123, 'dropout': 0.24723882894607857, 'hidden_continuous_size': 94, 'attention_head_size': 3, 'learning_rate': 0.012763610664736318}. Best is trial 25 with value: 0.11895322799682617.
LOCAL_RANK: 0 - CUDA_VISIBLE_DEVICES: [0]
[I 2023-11-30 11:24:59,415] Trial 26 finished with value: 0.1679438352584839 and parameters: {'gradient_clip_val': 0.10967193002883367, 'hidden_size': 122, 'dropout': 0.23503171253605684, 'hidden_continuous_size': 94, 'attention_head_size': 3, 'learning_rate': 0.023933592677668158}. Best is trial 25 with value: 0.11895322799682617.
LOCAL_RANK: 0 - CUDA_VISIBLE_DEVICES: [0]
[I 2023-11-30 11:25:14,629] Trial 27 finished with value: 0.14832401275634766 and parameters: {'gradient_clip_val': 0.10152886928417126, 'hidden_size': 149, 'dropout': 0.24281914600285318, 'hidden_continuous_size': 148, 'attention_head_size': 2, 'learning_rate': 0.014413018161854873}. Best is trial 25 with value: 0.11895322799682617.
LOCAL_RANK: 0 - CUDA_VISIBLE_DEVICES: [0]
[I 2023-11-30 11:25:28,542] Trial 28 finished with value: 0.45669904351234436 and parameters: {'gradient_clip_val': 0.1242192759075628, 'hidden_size': 67, 'dropout': 0.28353135498429927, 'hidden_continuous_size': 54, 'attention_head_size': 1, 'learning_rate': 0.005723394034618229}. Best is trial 25 with value: 0.11895322799682617.
LOCAL_RANK: 0 - CUDA_VISIBLE_DEVICES: [0]
[I 2023-11-30 11:25:43,146] Trial 29 finished with value: 0.3160415589809418 and parameters: {'gradient_clip_val': 0.1418410943398136, 'hidden_size': 116, 'dropout': 0.29844231368603147, 'hidden_continuous_size': 80, 'attention_head_size': 4, 'learning_rate': 0.03215506989411778}. Best is trial 25 with value: 0.11895322799682617.
LOCAL_RANK: 0 - CUDA_VISIBLE_DEVICES: [0]
[I 2023-11-30 11:25:57,590] Trial 30 finished with value: 0.2281792014837265 and parameters: {'gradient_clip_val': 0.14247484372390076, 'hidden_size': 102, 'dropout': 0.2474275795384859, 'hidden_continuous_size': 75, 'attention_head_size': 2, 'learning_rate': 0.011838995903998412}. Best is trial 25 with value: 0.11895322799682617.
LOCAL_RANK: 0 - CUDA_VISIBLE_DEVICES: [0]
[I 2023-11-30 11:26:12,169] Trial 31 finished with value: 0.17060983180999756 and parameters: {'gradient_clip_val': 0.16789747291230459, 'hidden_size': 86, 'dropout': 0.19506662012491757, 'hidden_continuous_size': 66, 'attention_head_size': 3, 'learning_rate': 0.011042881910016802}. Best is trial 25 with value: 0.11895322799682617.
LOCAL_RANK: 0 - CUDA_VISIBLE_DEVICES: [0]
[I 2023-11-30 11:26:26,839] Trial 32 finished with value: 0.12750940024852753 and parameters: {'gradient_clip_val': 0.14991167176282819, 'hidden_size': 128, 'dropout': 0.21408326241841963, 'hidden_continuous_size': 99, 'attention_head_size': 3, 'learning_rate': 0.010165973018661505}. Best is trial 25 with value: 0.11895322799682617.
LOCAL_RANK: 0 - CUDA_VISIBLE_DEVICES: [0]
[I 2023-11-30 11:26:41,651] Trial 33 finished with value: 0.16418741643428802 and parameters: {'gradient_clip_val': 0.11557836935272804, 'hidden_size': 127, 'dropout': 0.19807989569007703, 'hidden_continuous_size': 104, 'attention_head_size': 3, 'learning_rate': 0.015165292029756876}. Best is trial 25 with value: 0.11895322799682617.
LOCAL_RANK: 0 - CUDA_VISIBLE_DEVICES: [0]
[I 2023-11-30 11:26:56,142] Trial 34 finished with value: 0.2815926671028137 and parameters: {'gradient_clip_val': 0.1129300665754526, 'hidden_size': 78, 'dropout': 0.22235574913517694, 'hidden_continuous_size': 65, 'attention_head_size': 4, 'learning_rate': 0.009147175472856695}. Best is trial 25 with value: 0.11895322799682617.
LOCAL_RANK: 0 - CUDA_VISIBLE_DEVICES: [0]
[I 2023-11-30 11:27:10,479] Trial 35 finished with value: 0.16040126979351044 and parameters: {'gradient_clip_val': 0.1641896309949825, 'hidden_size': 102, 'dropout': 0.16732204946579074, 'hidden_continuous_size': 76, 'attention_head_size': 3, 'learning_rate': 0.022937749333509207}. Best is trial 25 with value: 0.11895322799682617.
LOCAL_RANK: 0 - CUDA_VISIBLE_DEVICES: [0]
[I 2023-11-30 11:27:25,829] Trial 36 finished with value: 0.12318998575210571 and parameters: {'gradient_clip_val': 0.10210627428037289, 'hidden_size': 150, 'dropout': 0.23254865714927148, 'hidden_continuous_size': 112, 'attention_head_size': 4, 'learning_rate': 0.014035493087047999}. Best is trial 25 with value: 0.11895322799682617.
LOCAL_RANK: 0 - CUDA_VISIBLE_DEVICES: [0]
[I 2023-11-30 11:27:40,439] Trial 37 finished with value: 0.2350199669599533 and parameters: {'gradient_clip_val': 0.1325371117044575, 'hidden_size': 91, 'dropout': 0.14833984045630727, 'hidden_continuous_size': 80, 'attention_head_size': 3, 'learning_rate': 0.003495252400802491}. Best is trial 25 with value: 0.11895322799682617.
LOCAL_RANK: 0 - CUDA_VISIBLE_DEVICES: [0]
[I 2023-11-30 11:27:55,153] Trial 38 finished with value: 0.17632997035980225 and parameters: {'gradient_clip_val': 0.23332475377249753, 'hidden_size': 111, 'dropout': 0.2548635399815212, 'hidden_continuous_size': 91, 'attention_head_size': 2, 'learning_rate': 0.006272540720482779}. Best is trial 25 with value: 0.11895322799682617.
LOCAL_RANK: 0 - CUDA_VISIBLE_DEVICES: [0]
[I 2023-11-30 11:28:09,834] Trial 39 finished with value: 0.14521054923534393 and parameters: {'gradient_clip_val': 0.1511164804584687, 'hidden_size': 129, 'dropout': 0.2033984153903398, 'hidden_continuous_size': 93, 'attention_head_size': 2, 'learning_rate': 0.008337562093304628}. Best is trial 25 with value: 0.11895322799682617.
LOCAL_RANK: 0 - CUDA_VISIBLE_DEVICES: [0]
[I 2023-11-30 11:28:23,976] Trial 40 finished with value: 0.15243905782699585 and parameters: {'gradient_clip_val': 0.18433005608648198, 'hidden_size': 73, 'dropout': 0.1863111074405871, 'hidden_continuous_size': 61, 'attention_head_size': 3, 'learning_rate': 0.010159872534872568}. Best is trial 25 with value: 0.11895322799682617.
LOCAL_RANK: 0 - CUDA_VISIBLE_DEVICES: [0]
[I 2023-11-30 11:28:39,019] Trial 41 finished with value: 0.1542692929506302 and parameters: {'gradient_clip_val': 0.1023944144714779, 'hidden_size': 150, 'dropout': 0.23200318963613914, 'hidden_continuous_size': 109, 'attention_head_size': 4, 'learning_rate': 0.012905012719601787}. Best is trial 25 with value: 0.11895322799682617.
LOCAL_RANK: 0 - CUDA_VISIBLE_DEVICES: [0]
[I 2023-11-30 11:28:54,187] Trial 42 finished with value: 0.19540978968143463 and parameters: {'gradient_clip_val': 0.11357923570791285, 'hidden_size': 135, 'dropout': 0.2238595569236007, 'hidden_continuous_size': 116, 'attention_head_size': 4, 'learning_rate': 0.01537299323985667}. Best is trial 25 with value: 0.11895322799682617.
LOCAL_RANK: 0 - CUDA_VISIBLE_DEVICES: [0]
[I 2023-11-30 11:29:08,837] Trial 43 finished with value: 0.2223530262708664 and parameters: {'gradient_clip_val': 0.12870971085209149, 'hidden_size': 117, 'dropout': 0.2421433583720752, 'hidden_continuous_size': 90, 'attention_head_size': 4, 'learning_rate': 0.019475309310625803}. Best is trial 25 with value: 0.11895322799682617.
LOCAL_RANK: 0 - CUDA_VISIBLE_DEVICES: [0]
[I 2023-11-30 11:29:23,591] Trial 44 finished with value: 0.20937369763851166 and parameters: {'gradient_clip_val': 0.1541370688899495, 'hidden_size': 132, 'dropout': 0.2072091513959023, 'hidden_continuous_size': 100, 'attention_head_size': 4, 'learning_rate': 0.013262484859778297}. Best is trial 25 with value: 0.11895322799682617.
LOCAL_RANK: 0 - CUDA_VISIBLE_DEVICES: [0]
[I 2023-11-30 11:29:38,789] Trial 45 finished with value: 0.1294184774160385 and parameters: {'gradient_clip_val': 0.11432502589774457, 'hidden_size': 150, 'dropout': 0.18611261434176546, 'hidden_continuous_size': 123, 'attention_head_size': 4, 'learning_rate': 0.010293726216046432}. Best is trial 25 with value: 0.11895322799682617.
LOCAL_RANK: 0 - CUDA_VISIBLE_DEVICES: [0]
[I 2023-11-30 11:29:53,412] Trial 46 finished with value: 0.21745717525482178 and parameters: {'gradient_clip_val': 0.10272796010486175, 'hidden_size': 110, 'dropout': 0.2638901403722882, 'hidden_continuous_size': 91, 'attention_head_size': 1, 'learning_rate': 0.007711149206900798}. Best is trial 25 with value: 0.11895322799682617.
LOCAL_RANK: 0 - CUDA_VISIBLE_DEVICES: [0]
[I 2023-11-30 11:30:07,970] Trial 47 finished with value: 0.10903497785329819 and parameters: {'gradient_clip_val': 0.13114511729018924, 'hidden_size': 90, 'dropout': 0.2233855104173361, 'hidden_continuous_size': 74, 'attention_head_size': 2, 'learning_rate': 0.03252962905049658}. Best is trial 47 with value: 0.10903497785329819.
LOCAL_RANK: 0 - CUDA_VISIBLE_DEVICES: [0]
[I 2023-11-30 11:30:22,329] Trial 48 finished with value: 0.22815437614917755 and parameters: {'gradient_clip_val': 0.13362834369769824, 'hidden_size': 86, 'dropout': 0.12263375362111611, 'hidden_continuous_size': 73, 'attention_head_size': 2, 'learning_rate': 0.047901414990660404}. Best is trial 47 with value: 0.10903497785329819.
LOCAL_RANK: 0 - CUDA_VISIBLE_DEVICES: [0]
[I 2023-11-30 11:30:36,155] Trial 49 finished with value: 0.09734642505645752 and parameters: {'gradient_clip_val': 0.17654014465028312, 'hidden_size': 62, 'dropout': 0.20699780284661876, 'hidden_continuous_size': 57, 'attention_head_size': 2, 'learning_rate': 0.03043579676028949}. Best is trial 49 with value: 0.09734642505645752.
LOCAL_RANK: 0 - CUDA_VISIBLE_DEVICES: [0]
