[I 2023-11-30 15:41:09,300] Trial 39 finished with value: 0.28312668204307556 and parameters: {'gradient_clip_val': 0.23953280047777334, 'hidden_size': 92, 'dropout': 0.31010018088916463, 'hidden_continuous_size': 35, 'attention_head_size': 2, 'learning_rate': 0.021064783039296164}. Best is trial 13 with value: 0.1552090048789978.
LOCAL_RANK: 0 - CUDA_VISIBLE_DEVICES: [0]
[I 2023-11-30 15:41:24,189] Trial 40 finished with value: 0.2122761756181717 and parameters: {'gradient_clip_val': 0.5118440583978353, 'hidden_size': 70, 'dropout': 0.2877493032872577, 'hidden_continuous_size': 29, 'attention_head_size': 1, 'learning_rate': 0.05950515473304726}. Best is trial 13 with value: 0.1552090048789978.
LOCAL_RANK: 0 - CUDA_VISIBLE_DEVICES: [0]
[I 2023-11-30 15:41:40,208] Trial 41 finished with value: 0.22397290170192719 and parameters: {'gradient_clip_val': 0.5835163562676257, 'hidden_size': 106, 'dropout': 0.26192382228927097, 'hidden_continuous_size': 47, 'attention_head_size': 2, 'learning_rate': 0.029610361287880384}. Best is trial 13 with value: 0.1552090048789978.
LOCAL_RANK: 0 - CUDA_VISIBLE_DEVICES: [0]
[I 2023-11-30 15:41:56,616] Trial 42 finished with value: 0.26736822724342346 and parameters: {'gradient_clip_val': 0.4218525129437264, 'hidden_size': 127, 'dropout': 0.25026500794289425, 'hidden_continuous_size': 51, 'attention_head_size': 4, 'learning_rate': 0.026871695880693446}. Best is trial 13 with value: 0.1552090048789978.
LOCAL_RANK: 0 - CUDA_VISIBLE_DEVICES: [0]
[I 2023-11-30 15:42:12,784] Trial 43 finished with value: 0.24109172821044922 and parameters: {'gradient_clip_val': 0.6022269616477958, 'hidden_size': 101, 'dropout': 0.22172473153106886, 'hidden_continuous_size': 39, 'attention_head_size': 3, 'learning_rate': 0.035425865233797045}. Best is trial 13 with value: 0.1552090048789978.
LOCAL_RANK: 0 - CUDA_VISIBLE_DEVICES: [0]
[I 2023-11-30 15:42:28,217] Trial 44 finished with value: 0.21688061952590942 and parameters: {'gradient_clip_val': 0.695200185808123, 'hidden_size': 132, 'dropout': 0.26159774173428263, 'hidden_continuous_size': 55, 'attention_head_size': 2, 'learning_rate': 0.012094252960651173}. Best is trial 13 with value: 0.1552090048789978.
LOCAL_RANK: 0 - CUDA_VISIBLE_DEVICES: [0]
[I 2023-11-30 15:42:43,965] Trial 45 finished with value: 0.24434442818164825 and parameters: {'gradient_clip_val': 0.819129870717358, 'hidden_size': 85, 'dropout': 0.27746191673897763, 'hidden_continuous_size': 45, 'attention_head_size': 4, 'learning_rate': 0.019360664693085193}. Best is trial 13 with value: 0.1552090048789978.
LOCAL_RANK: 0 - CUDA_VISIBLE_DEVICES: [0]
[I 2023-11-30 15:42:59,263] Trial 46 finished with value: 0.2663879096508026 and parameters: {'gradient_clip_val': 0.5311466040873877, 'hidden_size': 104, 'dropout': 0.23874727372723709, 'hidden_continuous_size': 41, 'attention_head_size': 3, 'learning_rate': 0.02497705459209601}. Best is trial 13 with value: 0.1552090048789978.
LOCAL_RANK: 0 - CUDA_VISIBLE_DEVICES: [0]
[I 2023-11-30 15:43:15,728] Trial 47 finished with value: 0.19001062214374542 and parameters: {'gradient_clip_val': 0.6059629055713216, 'hidden_size': 146, 'dropout': 0.2897861163002729, 'hidden_continuous_size': 84, 'attention_head_size': 4, 'learning_rate': 0.016748660105310596}. Best is trial 13 with value: 0.1552090048789978.
LOCAL_RANK: 0 - CUDA_VISIBLE_DEVICES: [0]
[I 2023-11-30 15:43:30,763] Trial 48 finished with value: 0.179501473903656 and parameters: {'gradient_clip_val': 0.49191510548721307, 'hidden_size': 76, 'dropout': 0.3043471105568004, 'hidden_continuous_size': 44, 'attention_head_size': 3, 'learning_rate': 0.03351641701472992}. Best is trial 13 with value: 0.1552090048789978.
LOCAL_RANK: 0 - CUDA_VISIBLE_DEVICES: [0]
[I 2023-11-30 15:43:45,811] Trial 49 finished with value: 0.4054441750049591 and parameters: {'gradient_clip_val': 0.4753428047934665, 'hidden_size': 64, 'dropout': 0.3367495979327987, 'hidden_continuous_size': 45, 'attention_head_size': 2, 'learning_rate': 0.03289524053929372}. Best is trial 13 with value: 0.1552090048789978.
LOCAL_RANK: 0 - CUDA_VISIBLE_DEVICES: [0]
[I 2023-11-30 15:44:01,882] Trial 50 finished with value: 0.30369648337364197 and parameters: {'gradient_clip_val': 0.3901949823224515, 'hidden_size': 53, 'dropout': 0.3003882213242787, 'hidden_continuous_size': 37, 'attention_head_size': 4, 'learning_rate': 0.08583371552961647}. Best is trial 13 with value: 0.1552090048789978.
LOCAL_RANK: 0 - CUDA_VISIBLE_DEVICES: [0]
[I 2023-11-30 15:44:17,669] Trial 51 finished with value: 0.22908176481723785 and parameters: {'gradient_clip_val': 0.5414444165472647, 'hidden_size': 73, 'dropout': 0.27673900491179987, 'hidden_continuous_size': 40, 'attention_head_size': 3, 'learning_rate': 0.05480805700952172}. Best is trial 13 with value: 0.1552090048789978.
LOCAL_RANK: 0 - CUDA_VISIBLE_DEVICES: [0]
[I 2023-11-30 15:44:33,246] Trial 52 finished with value: 0.2779240608215332 and parameters: {'gradient_clip_val': 0.4911806016739187, 'hidden_size': 76, 'dropout': 0.2580408080255274, 'hidden_continuous_size': 33, 'attention_head_size': 3, 'learning_rate': 0.044607615441603764}. Best is trial 13 with value: 0.1552090048789978.
LOCAL_RANK: 0 - CUDA_VISIBLE_DEVICES: [0]
[I 2023-11-30 15:44:48,639] Trial 53 finished with value: 0.18941807746887207 and parameters: {'gradient_clip_val': 0.6535620712197346, 'hidden_size': 85, 'dropout': 0.3146628125261436, 'hidden_continuous_size': 43, 'attention_head_size': 3, 'learning_rate': 0.037781978902474686}. Best is trial 13 with value: 0.1552090048789978.
LOCAL_RANK: 0 - CUDA_VISIBLE_DEVICES: [0]
[I 2023-11-30 15:45:04,345] Trial 54 finished with value: 0.2226991057395935 and parameters: {'gradient_clip_val': 0.4532489529289351, 'hidden_size': 66, 'dropout': 0.2733324002729078, 'hidden_continuous_size': 34, 'attention_head_size': 3, 'learning_rate': 0.05555410229489287}. Best is trial 13 with value: 0.1552090048789978.
LOCAL_RANK: 0 - CUDA_VISIBLE_DEVICES: [0]
[I 2023-11-30 15:45:20,399] Trial 55 finished with value: 0.38726720213890076 and parameters: {'gradient_clip_val': 0.5768261917051557, 'hidden_size': 116, 'dropout': 0.25404756192666145, 'hidden_continuous_size': 58, 'attention_head_size': 4, 'learning_rate': 0.030334152620788476}. Best is trial 13 with value: 0.1552090048789978.
LOCAL_RANK: 0 - CUDA_VISIBLE_DEVICES: [0]
[I 2023-11-30 15:45:35,983] Trial 56 finished with value: 0.20041920244693756 and parameters: {'gradient_clip_val': 0.7070245035271808, 'hidden_size': 85, 'dropout': 0.2982180003486729, 'hidden_continuous_size': 47, 'attention_head_size': 3, 'learning_rate': 0.04129277528810416}. Best is trial 13 with value: 0.1552090048789978.
LOCAL_RANK: 0 - CUDA_VISIBLE_DEVICES: [0]
[I 2023-11-30 15:45:51,636] Trial 57 finished with value: 0.12848477065563202 and parameters: {'gradient_clip_val': 0.3644831821910535, 'hidden_size': 76, 'dropout': 0.3282661225082486, 'hidden_continuous_size': 38, 'attention_head_size': 2, 'learning_rate': 0.07990407346744612}. Best is trial 57 with value: 0.12848477065563202.
LOCAL_RANK: 0 - CUDA_VISIBLE_DEVICES: [0]
[I 2023-11-30 15:46:06,505] Trial 58 finished with value: 0.18580198287963867 and parameters: {'gradient_clip_val': 0.3720295033443333, 'hidden_size': 60, 'dropout': 0.32880895502170543, 'hidden_continuous_size': 37, 'attention_head_size': 1, 'learning_rate': 0.06967550045554785}. Best is trial 57 with value: 0.12848477065563202.
LOCAL_RANK: 0 - CUDA_VISIBLE_DEVICES: [0]
[I 2023-11-30 15:46:21,355] Trial 59 finished with value: 0.28851720690727234 and parameters: {'gradient_clip_val': 0.4022673698921074, 'hidden_size': 52, 'dropout': 0.3069297984915893, 'hidden_continuous_size': 38, 'attention_head_size': 2, 'learning_rate': 0.07780036702759259}. Best is trial 57 with value: 0.12848477065563202.
LOCAL_RANK: 0 - CUDA_VISIBLE_DEVICES: [0]
[I 2023-11-30 15:46:36,445] Trial 60 finished with value: 0.47686493396759033 and parameters: {'gradient_clip_val': 0.439451175835558, 'hidden_size': 75, 'dropout': 0.34725911956495736, 'hidden_continuous_size': 30, 'attention_head_size': 1, 'learning_rate': 0.05938962558543608}. Best is trial 57 with value: 0.12848477065563202.
LOCAL_RANK: 0 - CUDA_VISIBLE_DEVICES: [0]
[I 2023-11-30 15:46:52,582] Trial 61 finished with value: 0.2729931175708771 and parameters: {'gradient_clip_val': 0.5062632215380265, 'hidden_size': 91, 'dropout': 0.32658340929671925, 'hidden_continuous_size': 44, 'attention_head_size': 2, 'learning_rate': 0.05035444005677069}. Best is trial 57 with value: 0.12848477065563202.
LOCAL_RANK: 0 - CUDA_VISIBLE_DEVICES: [0]
[I 2023-11-30 15:47:08,655] Trial 62 finished with value: 0.22678111493587494 and parameters: {'gradient_clip_val': 0.3568890016386288, 'hidden_size': 68, 'dropout': 0.31012969424835785, 'hidden_continuous_size': 41, 'attention_head_size': 4, 'learning_rate': 0.08507860475003146}. Best is trial 57 with value: 0.12848477065563202.
LOCAL_RANK: 0 - CUDA_VISIBLE_DEVICES: [0]
[I 2023-11-30 15:47:24,002] Trial 63 finished with value: 0.24518461525440216 and parameters: {'gradient_clip_val': 0.40965403545431545, 'hidden_size': 96, 'dropout': 0.28396026223404425, 'hidden_continuous_size': 33, 'attention_head_size': 3, 'learning_rate': 0.034705702818896275}. Best is trial 57 with value: 0.12848477065563202.
LOCAL_RANK: 0 - CUDA_VISIBLE_DEVICES: [0]
[I 2023-11-30 15:47:39,538] Trial 64 finished with value: 0.17647500336170197 and parameters: {'gradient_clip_val': 0.5591035010875013, 'hidden_size': 109, 'dropout': 0.2670971112198267, 'hidden_continuous_size': 26, 'attention_head_size': 2, 'learning_rate': 0.025219402639386754}. Best is trial 57 with value: 0.12848477065563202.
LOCAL_RANK: 0 - CUDA_VISIBLE_DEVICES: [0]
[I 2023-11-30 15:47:54,521] Trial 65 finished with value: 0.15435843169689178 and parameters: {'gradient_clip_val': 0.4502515529021908, 'hidden_size': 76, 'dropout': 0.31699223723988484, 'hidden_continuous_size': 24, 'attention_head_size': 2, 'learning_rate': 0.042688104646666516}. Best is trial 57 with value: 0.12848477065563202.
LOCAL_RANK: 0 - CUDA_VISIBLE_DEVICES: [0]
[I 2023-11-30 15:48:09,659] Trial 66 finished with value: 0.196965292096138 and parameters: {'gradient_clip_val': 0.4593954215958652, 'hidden_size': 124, 'dropout': 0.3666810909228518, 'hidden_continuous_size': 22, 'attention_head_size': 2, 'learning_rate': 0.04372812134869387}. Best is trial 57 with value: 0.12848477065563202.
LOCAL_RANK: 0 - CUDA_VISIBLE_DEVICES: [0]
[I 2023-11-30 15:48:24,889] Trial 67 finished with value: 0.23977375030517578 and parameters: {'gradient_clip_val': 0.37342873417277983, 'hidden_size': 113, 'dropout': 0.3421046822209627, 'hidden_continuous_size': 26, 'attention_head_size': 2, 'learning_rate': 0.052823241895056286}. Best is trial 57 with value: 0.12848477065563202.
LOCAL_RANK: 0 - CUDA_VISIBLE_DEVICES: [0]
[I 2023-11-30 15:48:40,665] Trial 68 finished with value: 0.17846500873565674 and parameters: {'gradient_clip_val': 0.5563449208120372, 'hidden_size': 137, 'dropout': 0.3352545914361903, 'hidden_continuous_size': 22, 'attention_head_size': 2, 'learning_rate': 0.06099620385331109}. Best is trial 57 with value: 0.12848477065563202.
LOCAL_RANK: 0 - CUDA_VISIBLE_DEVICES: [0]
[I 2023-11-30 15:48:55,722] Trial 69 finished with value: 0.2856181263923645 and parameters: {'gradient_clip_val': 0.32583785011411376, 'hidden_size': 84, 'dropout': 0.3189476840993384, 'hidden_continuous_size': 28, 'attention_head_size': 2, 'learning_rate': 0.09621279725745745}. Best is trial 57 with value: 0.12848477065563202.
LOCAL_RANK: 0 - CUDA_VISIBLE_DEVICES: [0]
[I 2023-11-30 15:49:11,981] Trial 70 finished with value: 0.2222668081521988 and parameters: {'gradient_clip_val': 0.4054566075202367, 'hidden_size': 98, 'dropout': 0.27050627973879093, 'hidden_continuous_size': 25, 'attention_head_size': 2, 'learning_rate': 0.043650654639893975}. Best is trial 57 with value: 0.12848477065563202.
LOCAL_RANK: 0 - CUDA_VISIBLE_DEVICES: [0]
[I 2023-11-30 15:49:27,792] Trial 71 finished with value: 0.2515451908111572 and parameters: {'gradient_clip_val': 0.5443970740830901, 'hidden_size': 138, 'dropout': 0.357309896630862, 'hidden_continuous_size': 20, 'attention_head_size': 2, 'learning_rate': 0.06736390179130407}. Best is trial 57 with value: 0.12848477065563202.
LOCAL_RANK: 0 - CUDA_VISIBLE_DEVICES: [0]
[I 2023-11-30 15:49:43,447] Trial 72 finished with value: 0.14737987518310547 and parameters: {'gradient_clip_val': 0.44247567907376545, 'hidden_size': 138, 'dropout': 0.3261292815005151, 'hidden_continuous_size': 24, 'attention_head_size': 2, 'learning_rate': 0.05972858811540202}. Best is trial 57 with value: 0.12848477065563202.
LOCAL_RANK: 0 - CUDA_VISIBLE_DEVICES: [0]
[I 2023-11-30 15:50:00,185] Trial 73 finished with value: 0.23874913156032562 and parameters: {'gradient_clip_val': 0.4473737164747013, 'hidden_size': 110, 'dropout': 0.32057457109235726, 'hidden_continuous_size': 25, 'attention_head_size': 1, 'learning_rate': 0.03845784253954721}. Best is trial 57 with value: 0.12848477065563202.
LOCAL_RANK: 0 - CUDA_VISIBLE_DEVICES: [0]
[I 2023-11-30 15:50:15,852] Trial 74 finished with value: 0.2871691584587097 and parameters: {'gradient_clip_val': 0.42641088295477886, 'hidden_size': 150, 'dropout': 0.3426677021567718, 'hidden_continuous_size': 30, 'attention_head_size': 2, 'learning_rate': 0.048283558205440724}. Best is trial 57 with value: 0.12848477065563202.
LOCAL_RANK: 0 - CUDA_VISIBLE_DEVICES: [0]
[I 2023-11-30 15:50:31,279] Trial 75 finished with value: 0.25612586736679077 and parameters: {'gradient_clip_val': 0.35596211610296374, 'hidden_size': 126, 'dropout': 0.3118769361887246, 'hidden_continuous_size': 23, 'attention_head_size': 2, 'learning_rate': 0.07803633288772739}. Best is trial 57 with value: 0.12848477065563202.
LOCAL_RANK: 0 - CUDA_VISIBLE_DEVICES: [0]
[I 2023-11-30 15:50:47,011] Trial 76 finished with value: 0.31649303436279297 and parameters: {'gradient_clip_val': 0.49995232801052014, 'hidden_size': 119, 'dropout': 0.29200403695914884, 'hidden_continuous_size': 28, 'attention_head_size': 2, 'learning_rate': 0.024529958521582976}. Best is trial 57 with value: 0.12848477065563202.
LOCAL_RANK: 0 - CUDA_VISIBLE_DEVICES: [0]
[I 2023-11-30 15:51:02,715] Trial 77 finished with value: 0.3225814700126648 and parameters: {'gradient_clip_val': 0.3087600287568127, 'hidden_size': 106, 'dropout': 0.3283729199230675, 'hidden_continuous_size': 31, 'attention_head_size': 1, 'learning_rate': 0.052713583366246916}. Best is trial 57 with value: 0.12848477065563202.
LOCAL_RANK: 0 - CUDA_VISIBLE_DEVICES: [0]
[I 2023-11-30 15:51:17,623] Trial 78 finished with value: 0.296877384185791 and parameters: {'gradient_clip_val': 0.4538458530431101, 'hidden_size': 88, 'dropout': 0.28383220509937324, 'hidden_continuous_size': 26, 'attention_head_size': 2, 'learning_rate': 0.06434291866243916}. Best is trial 57 with value: 0.12848477065563202.
LOCAL_RANK: 0 - CUDA_VISIBLE_DEVICES: [0]
[I 2023-11-30 15:51:32,689] Trial 79 finished with value: 0.14651024341583252 and parameters: {'gradient_clip_val': 0.38959715391643623, 'hidden_size': 79, 'dropout': 0.3002920793934666, 'hidden_continuous_size': 35, 'attention_head_size': 2, 'learning_rate': 0.02959295239490294}. Best is trial 57 with value: 0.12848477065563202.
LOCAL_RANK: 0 - CUDA_VISIBLE_DEVICES: [0]
[I 2023-11-30 15:51:47,252] Trial 80 finished with value: 0.17014634609222412 and parameters: {'gradient_clip_val': 0.3733787621872939, 'hidden_size': 70, 'dropout': 0.29387667084631885, 'hidden_continuous_size': 36, 'attention_head_size': 1, 'learning_rate': 0.03645249854181393}. Best is trial 57 with value: 0.12848477065563202.
LOCAL_RANK: 0 - CUDA_VISIBLE_DEVICES: [0]
[I 2023-11-30 15:52:02,680] Trial 81 finished with value: 0.21180391311645508 and parameters: {'gradient_clip_val': 0.38280592164233, 'hidden_size': 71, 'dropout': 0.29587609596681747, 'hidden_continuous_size': 35, 'attention_head_size': 1, 'learning_rate': 0.030209692073286172}. Best is trial 57 with value: 0.12848477065563202.
LOCAL_RANK: 0 - CUDA_VISIBLE_DEVICES: [0]
[I 2023-11-30 15:52:17,584] Trial 82 finished with value: 0.2919704020023346 and parameters: {'gradient_clip_val': 0.34766121345550755, 'hidden_size': 80, 'dropout': 0.3011893719258356, 'hidden_continuous_size': 36, 'attention_head_size': 1, 'learning_rate': 0.03728984632720465}. Best is trial 57 with value: 0.12848477065563202.
LOCAL_RANK: 0 - CUDA_VISIBLE_DEVICES: [0]
[I 2023-11-30 15:52:32,315] Trial 83 finished with value: 0.19422298669815063 and parameters: {'gradient_clip_val': 0.4164680525638894, 'hidden_size': 63, 'dropout': 0.3153754341064511, 'hidden_continuous_size': 40, 'attention_head_size': 1, 'learning_rate': 0.042885205812267256}. Best is trial 57 with value: 0.12848477065563202.
LOCAL_RANK: 0 - CUDA_VISIBLE_DEVICES: [0]
[I 2023-11-30 15:52:47,139] Trial 84 finished with value: 0.3243587911128998 and parameters: {'gradient_clip_val': 0.370204957148718, 'hidden_size': 69, 'dropout': 0.3252097950475049, 'hidden_continuous_size': 32, 'attention_head_size': 1, 'learning_rate': 0.032651733732294186}. Best is trial 57 with value: 0.12848477065563202.
LOCAL_RANK: 0 - CUDA_VISIBLE_DEVICES: [0]
[I 2023-11-30 15:53:01,937] Trial 85 finished with value: 0.23811142146587372 and parameters: {'gradient_clip_val': 0.33485532105247917, 'hidden_size': 78, 'dropout': 0.33232662451891337, 'hidden_continuous_size': 35, 'attention_head_size': 1, 'learning_rate': 0.04799777271044413}. Best is trial 57 with value: 0.12848477065563202.
LOCAL_RANK: 0 - CUDA_VISIBLE_DEVICES: [0]
[I 2023-11-30 15:53:17,021] Trial 86 finished with value: 0.171967014670372 and parameters: {'gradient_clip_val': 0.4085075716606733, 'hidden_size': 62, 'dropout': 0.2811726062164371, 'hidden_continuous_size': 38, 'attention_head_size': 4, 'learning_rate': 0.056608600913890555}. Best is trial 57 with value: 0.12848477065563202.
LOCAL_RANK: 0 - CUDA_VISIBLE_DEVICES: [0]
[I 2023-11-30 15:53:32,432] Trial 87 finished with value: 0.19972436130046844 and parameters: {'gradient_clip_val': 0.3831423433996261, 'hidden_size': 61, 'dropout': 0.28229456189251406, 'hidden_continuous_size': 38, 'attention_head_size': 4, 'learning_rate': 0.060243480541259366}. Best is trial 57 with value: 0.12848477065563202.
LOCAL_RANK: 0 - CUDA_VISIBLE_DEVICES: [0]
[I 2023-11-30 15:53:47,221] Trial 88 finished with value: 0.22553305327892303 and parameters: {'gradient_clip_val': 0.42360440624458684, 'hidden_size': 66, 'dropout': 0.30400337206100275, 'hidden_continuous_size': 32, 'attention_head_size': 4, 'learning_rate': 0.05566637871004949}. Best is trial 57 with value: 0.12848477065563202.
LOCAL_RANK: 0 - CUDA_VISIBLE_DEVICES: [0]
[I 2023-11-30 15:54:02,780] Trial 89 finished with value: 0.2569263279438019 and parameters: {'gradient_clip_val': 0.40017591447862816, 'hidden_size': 59, 'dropout': 0.2917119737029099, 'hidden_continuous_size': 34, 'attention_head_size': 4, 'learning_rate': 0.0721605627287579}. Best is trial 57 with value: 0.12848477065563202.
LOCAL_RANK: 0 - CUDA_VISIBLE_DEVICES: [0]
[I 2023-11-30 15:54:17,786] Trial 90 finished with value: 0.3999190628528595 and parameters: {'gradient_clip_val': 0.46684280209524287, 'hidden_size': 56, 'dropout': 0.3161809397616437, 'hidden_continuous_size': 29, 'attention_head_size': 4, 'learning_rate': 0.04139832622394022}. Best is trial 57 with value: 0.12848477065563202.
LOCAL_RANK: 0 - CUDA_VISIBLE_DEVICES: [0]
[I 2023-11-30 15:54:33,362] Trial 91 finished with value: 0.3138129413127899 and parameters: {'gradient_clip_val': 0.4752113286408129, 'hidden_size': 71, 'dropout': 0.27882132182424935, 'hidden_continuous_size': 37, 'attention_head_size': 4, 'learning_rate': 0.028451780534182607}. Best is trial 57 with value: 0.12848477065563202.
LOCAL_RANK: 0 - CUDA_VISIBLE_DEVICES: [0]
[I 2023-11-30 15:54:48,800] Trial 92 finished with value: 0.23871958255767822 and parameters: {'gradient_clip_val': 0.43974259683796424, 'hidden_size': 75, 'dropout': 0.29399731881497165, 'hidden_continuous_size': 42, 'attention_head_size': 4, 'learning_rate': 0.038120214965230395}. Best is trial 57 with value: 0.12848477065563202.
LOCAL_RANK: 0 - CUDA_VISIBLE_DEVICES: [0]
[I 2023-11-30 15:55:04,033] Trial 93 finished with value: 0.24995799362659454 and parameters: {'gradient_clip_val': 0.4018210531356138, 'hidden_size': 92, 'dropout': 0.2723512134741509, 'hidden_continuous_size': 32, 'attention_head_size': 2, 'learning_rate': 0.04756293726678673}. Best is trial 57 with value: 0.12848477065563202.
LOCAL_RANK: 0 - CUDA_VISIBLE_DEVICES: [0]
[I 2023-11-30 15:55:19,509] Trial 94 finished with value: 0.2183409333229065 and parameters: {'gradient_clip_val': 0.5110434109769941, 'hidden_size': 82, 'dropout': 0.28664811959525155, 'hidden_continuous_size': 36, 'attention_head_size': 4, 'learning_rate': 0.03525464033691615}. Best is trial 57 with value: 0.12848477065563202.
LOCAL_RANK: 0 - CUDA_VISIBLE_DEVICES: [0]
[I 2023-11-30 15:55:34,832] Trial 95 finished with value: 0.17116276919841766 and parameters: {'gradient_clip_val': 0.36285948167919135, 'hidden_size': 67, 'dropout': 0.30838860363339315, 'hidden_continuous_size': 40, 'attention_head_size': 2, 'learning_rate': 0.03128500554893022}. Best is trial 57 with value: 0.12848477065563202.
LOCAL_RANK: 0 - CUDA_VISIBLE_DEVICES: [0]
[I 2023-11-30 15:55:49,933] Trial 96 finished with value: 0.23356397449970245 and parameters: {'gradient_clip_val': 0.3632061670138649, 'hidden_size': 63, 'dropout': 0.3021935387543556, 'hidden_continuous_size': 34, 'attention_head_size': 2, 'learning_rate': 0.05222109295480837}. Best is trial 57 with value: 0.12848477065563202.
LOCAL_RANK: 0 - CUDA_VISIBLE_DEVICES: [0]
