[I 2023-11-30 00:58:16,006] Trial 129 finished with value: 0.1461092084646225 and parameters: {'gradient_clip_val': 0.13699202290195361, 'hidden_size': 36, 'dropout': 0.36105253215733774, 'hidden_continuous_size': 18, 'attention_head_size': 1, 'learning_rate': 0.05874683708957089}. Best is trial 5 with value: 0.0989944264292717.
LOCAL_RANK: 0 - CUDA_VISIBLE_DEVICES: [0]
[I 2023-11-30 00:58:28,851] Trial 130 finished with value: 0.17405611276626587 and parameters: {'gradient_clip_val': 0.1070006194496199, 'hidden_size': 44, 'dropout': 0.35163985563383904, 'hidden_continuous_size': 21, 'attention_head_size': 1, 'learning_rate': 0.0845841697110412}. Best is trial 5 with value: 0.0989944264292717.
LOCAL_RANK: 0 - CUDA_VISIBLE_DEVICES: [0]
[I 2023-11-30 00:58:42,474] Trial 131 finished with value: 0.1622694432735443 and parameters: {'gradient_clip_val': 0.3221184062678678, 'hidden_size': 47, 'dropout': 0.39123650773959856, 'hidden_continuous_size': 35, 'attention_head_size': 4, 'learning_rate': 0.07062066720276858}. Best is trial 5 with value: 0.0989944264292717.
LOCAL_RANK: 0 - CUDA_VISIBLE_DEVICES: [0]
[I 2023-11-30 00:58:55,887] Trial 132 finished with value: 0.2048010230064392 and parameters: {'gradient_clip_val': 0.11882899223398759, 'hidden_size': 42, 'dropout': 0.37642151490703357, 'hidden_continuous_size': 37, 'attention_head_size': 4, 'learning_rate': 0.09975348924805692}. Best is trial 5 with value: 0.0989944264292717.
LOCAL_RANK: 0 - CUDA_VISIBLE_DEVICES: [0]
[I 2023-11-30 00:59:10,048] Trial 133 finished with value: 0.23819249868392944 and parameters: {'gradient_clip_val': 0.14285960745967147, 'hidden_size': 123, 'dropout': 0.3840239571607201, 'hidden_continuous_size': 30, 'attention_head_size': 1, 'learning_rate': 0.035781584126558776}. Best is trial 5 with value: 0.0989944264292717.
LOCAL_RANK: 0 - CUDA_VISIBLE_DEVICES: [0]
[I 2023-11-30 00:59:23,674] Trial 134 finished with value: 0.2427394837141037 and parameters: {'gradient_clip_val': 0.17319476758628724, 'hidden_size': 58, 'dropout': 0.3659015652997178, 'hidden_continuous_size': 25, 'attention_head_size': 4, 'learning_rate': 0.021974561836597347}. Best is trial 5 with value: 0.0989944264292717.
LOCAL_RANK: 0 - CUDA_VISIBLE_DEVICES: [0]
[I 2023-11-30 00:59:36,424] Trial 135 finished with value: 0.21674954891204834 and parameters: {'gradient_clip_val': 0.20181424023960404, 'hidden_size': 34, 'dropout': 0.31615199778122594, 'hidden_continuous_size': 24, 'attention_head_size': 1, 'learning_rate': 0.05249788887919692}. Best is trial 5 with value: 0.0989944264292717.
LOCAL_RANK: 0 - CUDA_VISIBLE_DEVICES: [0]
[I 2023-11-30 00:59:49,077] Trial 136 finished with value: 0.12595197558403015 and parameters: {'gradient_clip_val': 0.11117924690861374, 'hidden_size': 32, 'dropout': 0.3452384617783611, 'hidden_continuous_size': 28, 'attention_head_size': 1, 'learning_rate': 0.07889043573503664}. Best is trial 5 with value: 0.0989944264292717.
LOCAL_RANK: 0 - CUDA_VISIBLE_DEVICES: [0]
[I 2023-11-30 01:00:01,566] Trial 137 finished with value: 0.13013766705989838 and parameters: {'gradient_clip_val': 0.11000116738427068, 'hidden_size': 28, 'dropout': 0.34532057618756506, 'hidden_continuous_size': 26, 'attention_head_size': 1, 'learning_rate': 0.08001792034188485}. Best is trial 5 with value: 0.0989944264292717.
LOCAL_RANK: 0 - CUDA_VISIBLE_DEVICES: [0]
[I 2023-11-30 01:00:14,236] Trial 138 finished with value: 0.17767147719860077 and parameters: {'gradient_clip_val': 0.10007781516533751, 'hidden_size': 28, 'dropout': 0.3298449937432757, 'hidden_continuous_size': 25, 'attention_head_size': 1, 'learning_rate': 0.07831132047406558}. Best is trial 5 with value: 0.0989944264292717.
LOCAL_RANK: 0 - CUDA_VISIBLE_DEVICES: [0]
[I 2023-11-30 01:00:27,062] Trial 139 finished with value: 0.11793872714042664 and parameters: {'gradient_clip_val': 0.11247763176118089, 'hidden_size': 30, 'dropout': 0.3434703634136063, 'hidden_continuous_size': 26, 'attention_head_size': 1, 'learning_rate': 0.08636538658605866}. Best is trial 5 with value: 0.0989944264292717.
LOCAL_RANK: 0 - CUDA_VISIBLE_DEVICES: [0]
[I 2023-11-30 01:00:39,784] Trial 140 finished with value: 0.14786438643932343 and parameters: {'gradient_clip_val': 0.11228384157824842, 'hidden_size': 30, 'dropout': 0.341868839394423, 'hidden_continuous_size': 28, 'attention_head_size': 1, 'learning_rate': 0.08634482911956423}. Best is trial 5 with value: 0.0989944264292717.
LOCAL_RANK: 0 - CUDA_VISIBLE_DEVICES: [0]
[I 2023-11-30 01:00:52,476] Trial 141 finished with value: 0.12920217216014862 and parameters: {'gradient_clip_val': 0.10693342083884086, 'hidden_size': 27, 'dropout': 0.34449660914920177, 'hidden_continuous_size': 26, 'attention_head_size': 1, 'learning_rate': 0.09156127383825015}. Best is trial 5 with value: 0.0989944264292717.
LOCAL_RANK: 0 - CUDA_VISIBLE_DEVICES: [0]
[I 2023-11-30 01:01:04,998] Trial 142 finished with value: 0.16534246504306793 and parameters: {'gradient_clip_val': 0.10451212660068951, 'hidden_size': 27, 'dropout': 0.3450405631007762, 'hidden_continuous_size': 26, 'attention_head_size': 1, 'learning_rate': 0.09173978116853651}. Best is trial 5 with value: 0.0989944264292717.
LOCAL_RANK: 0 - CUDA_VISIBLE_DEVICES: [0]
[I 2023-11-30 01:01:17,676] Trial 143 finished with value: 0.22070510685443878 and parameters: {'gradient_clip_val': 0.11652568268151052, 'hidden_size': 32, 'dropout': 0.33564706500366825, 'hidden_continuous_size': 27, 'attention_head_size': 1, 'learning_rate': 0.07988452262988328}. Best is trial 5 with value: 0.0989944264292717.
LOCAL_RANK: 0 - CUDA_VISIBLE_DEVICES: [0]
[I 2023-11-30 01:01:30,441] Trial 144 finished with value: 0.16590751707553864 and parameters: {'gradient_clip_val': 0.10964423184215841, 'hidden_size': 29, 'dropout': 0.3496230423489033, 'hidden_continuous_size': 26, 'attention_head_size': 1, 'learning_rate': 0.08789238873874052}. Best is trial 5 with value: 0.0989944264292717.
LOCAL_RANK: 0 - CUDA_VISIBLE_DEVICES: [0]
[I 2023-11-30 01:01:42,934] Trial 145 finished with value: 0.1315760761499405 and parameters: {'gradient_clip_val': 0.1262909628656372, 'hidden_size': 25, 'dropout': 0.32407778122559233, 'hidden_continuous_size': 24, 'attention_head_size': 1, 'learning_rate': 0.07590604161501957}. Best is trial 5 with value: 0.0989944264292717.
LOCAL_RANK: 0 - CUDA_VISIBLE_DEVICES: [0]
[I 2023-11-30 01:01:55,651] Trial 146 finished with value: 0.1574278622865677 and parameters: {'gradient_clip_val': 0.11525770190932334, 'hidden_size': 34, 'dropout': 0.33883073410817777, 'hidden_continuous_size': 29, 'attention_head_size': 1, 'learning_rate': 0.09398403931258074}. Best is trial 5 with value: 0.0989944264292717.
LOCAL_RANK: 0 - CUDA_VISIBLE_DEVICES: [0]
[I 2023-11-30 01:02:08,253] Trial 147 finished with value: 0.12642474472522736 and parameters: {'gradient_clip_val': 0.1045166385264127, 'hidden_size': 30, 'dropout': 0.3542354766354578, 'hidden_continuous_size': 27, 'attention_head_size': 1, 'learning_rate': 0.082275960405315}. Best is trial 5 with value: 0.0989944264292717.
LOCAL_RANK: 0 - CUDA_VISIBLE_DEVICES: [0]
[I 2023-11-30 01:02:20,936] Trial 148 finished with value: 0.12776164710521698 and parameters: {'gradient_clip_val': 0.10366545850476036, 'hidden_size': 28, 'dropout': 0.35563446296603, 'hidden_continuous_size': 26, 'attention_head_size': 1, 'learning_rate': 0.09999840509653589}. Best is trial 5 with value: 0.0989944264292717.
LOCAL_RANK: 0 - CUDA_VISIBLE_DEVICES: [0]
[I 2023-11-30 01:02:33,715] Trial 149 finished with value: 0.14842136204242706 and parameters: {'gradient_clip_val': 0.1030784294996544, 'hidden_size': 30, 'dropout': 0.35365407715085756, 'hidden_continuous_size': 27, 'attention_head_size': 1, 'learning_rate': 0.09872223616561171}. Best is trial 5 with value: 0.0989944264292717.
[I 2023-11-30 01:02:33,830] A new study created in memory with name: no-name-60c46932-f4f9-45d3-bca1-c19e173b9fcf
/home/le004/conda/anaconda3/envs/tsff_env/lib/python3.9/site-packages/lightning/fabric/plugins/environments/slurm.py:191: The `srun` command is available on your system but is not used. HINT: If your intention is to run Lightning on SLURM, prepend your python command with `srun` like so: srun python /home/le004/master_thesis/git/TSFusionForecast/code/ ...
LOCAL_RANK: 0 - CUDA_VISIBLE_DEVICES: [0]
[I 2023-11-30 01:02:44,457] Trial 0 finished with value: 0.45190492272377014 and parameters: {'gradient_clip_val': 0.27507800381725706, 'hidden_size': 10, 'dropout': 0.24740524104775904, 'hidden_continuous_size': 10, 'attention_head_size': 1, 'learning_rate': 0.03925372218183647}. Best is trial 0 with value: 0.45190492272377014.
LOCAL_RANK: 0 - CUDA_VISIBLE_DEVICES: [0]
[I 2023-11-30 01:02:58,955] Trial 1 finished with value: 0.5538943409919739 and parameters: {'gradient_clip_val': 0.2442993828558139, 'hidden_size': 110, 'dropout': 0.10906257876586418, 'hidden_continuous_size': 99, 'attention_head_size': 2, 'learning_rate': 0.001323228488874291}. Best is trial 0 with value: 0.45190492272377014.
LOCAL_RANK: 0 - CUDA_VISIBLE_DEVICES: [0]
[I 2023-11-30 01:03:12,560] Trial 2 finished with value: 0.18602924048900604 and parameters: {'gradient_clip_val': 0.6636972029497843, 'hidden_size': 69, 'dropout': 0.305189436649982, 'hidden_continuous_size': 19, 'attention_head_size': 2, 'learning_rate': 0.05256699100798291}. Best is trial 2 with value: 0.18602924048900604.
LOCAL_RANK: 0 - CUDA_VISIBLE_DEVICES: [0]
[I 2023-11-30 01:03:23,079] Trial 3 finished with value: 0.24760085344314575 and parameters: {'gradient_clip_val': 0.5908468291296625, 'hidden_size': 10, 'dropout': 0.39158704336642636, 'hidden_continuous_size': 10, 'attention_head_size': 3, 'learning_rate': 0.08976823972313486}. Best is trial 2 with value: 0.18602924048900604.
LOCAL_RANK: 0 - CUDA_VISIBLE_DEVICES: [0]
[I 2023-11-30 01:03:36,737] Trial 4 finished with value: 0.25684770941734314 and parameters: {'gradient_clip_val': 0.9845417298367448, 'hidden_size': 81, 'dropout': 0.12161548177887416, 'hidden_continuous_size': 11, 'attention_head_size': 3, 'learning_rate': 0.009107867817598722}. Best is trial 2 with value: 0.18602924048900604.
LOCAL_RANK: 0 - CUDA_VISIBLE_DEVICES: [0]
[I 2023-11-30 01:03:47,548] Trial 5 finished with value: 3.225417375564575 and parameters: {'gradient_clip_val': 0.21371920531199481, 'hidden_size': 14, 'dropout': 0.34208086448722397, 'hidden_continuous_size': 14, 'attention_head_size': 3, 'learning_rate': 0.002058797141429901}. Best is trial 2 with value: 0.18602924048900604.
LOCAL_RANK: 0 - CUDA_VISIBLE_DEVICES: [0]
[I 2023-11-30 01:04:00,479] Trial 6 finished with value: 0.736847460269928 and parameters: {'gradient_clip_val': 0.8919139145187217, 'hidden_size': 37, 'dropout': 0.3214870772625684, 'hidden_continuous_size': 18, 'attention_head_size': 1, 'learning_rate': 0.005613758832717596}. Best is trial 2 with value: 0.18602924048900604.
LOCAL_RANK: 0 - CUDA_VISIBLE_DEVICES: [0]
[I 2023-11-30 01:04:14,271] Trial 7 finished with value: 0.7178029417991638 and parameters: {'gradient_clip_val': 0.4147568509472019, 'hidden_size': 62, 'dropout': 0.30333178043804765, 'hidden_continuous_size': 27, 'attention_head_size': 4, 'learning_rate': 0.0029106694851641535}. Best is trial 2 with value: 0.18602924048900604.
LOCAL_RANK: 0 - CUDA_VISIBLE_DEVICES: [0]
[I 2023-11-30 01:04:28,159] Trial 8 finished with value: 0.8264250159263611 and parameters: {'gradient_clip_val': 0.13953610815802528, 'hidden_size': 62, 'dropout': 0.38464421038713303, 'hidden_continuous_size': 55, 'attention_head_size': 4, 'learning_rate': 0.0012905086255777995}. Best is trial 2 with value: 0.18602924048900604.
LOCAL_RANK: 0 - CUDA_VISIBLE_DEVICES: [0]
[I 2023-11-30 01:04:41,678] Trial 9 finished with value: 0.1494319587945938 and parameters: {'gradient_clip_val': 0.4796078144585711, 'hidden_size': 70, 'dropout': 0.24200453286095072, 'hidden_continuous_size': 12, 'attention_head_size': 4, 'learning_rate': 0.05194897305782889}. Best is trial 9 with value: 0.1494319587945938.
LOCAL_RANK: 0 - CUDA_VISIBLE_DEVICES: [0]
[I 2023-11-30 01:04:55,985] Trial 10 finished with value: 0.13043896853923798 and parameters: {'gradient_clip_val': 0.41560755571266766, 'hidden_size': 122, 'dropout': 0.20452132789923966, 'hidden_continuous_size': 29, 'attention_head_size': 4, 'learning_rate': 0.02087349340339332}. Best is trial 10 with value: 0.13043896853923798.
LOCAL_RANK: 0 - CUDA_VISIBLE_DEVICES: [0]
[I 2023-11-30 01:05:10,464] Trial 11 finished with value: 0.16096611320972443 and parameters: {'gradient_clip_val': 0.3748132165287223, 'hidden_size': 134, 'dropout': 0.21234012245349276, 'hidden_continuous_size': 33, 'attention_head_size': 4, 'learning_rate': 0.023396133180300132}. Best is trial 10 with value: 0.13043896853923798.
LOCAL_RANK: 0 - CUDA_VISIBLE_DEVICES: [0]
[I 2023-11-30 01:05:25,023] Trial 12 finished with value: 0.13573674857616425 and parameters: {'gradient_clip_val': 0.4382986488041993, 'hidden_size': 133, 'dropout': 0.1980746360650496, 'hidden_continuous_size': 47, 'attention_head_size': 4, 'learning_rate': 0.01984797206890606}. Best is trial 10 with value: 0.13043896853923798.
LOCAL_RANK: 0 - CUDA_VISIBLE_DEVICES: [0]
[I 2023-11-30 01:05:39,909] Trial 13 finished with value: 0.17851608991622925 and parameters: {'gradient_clip_val': 0.384455320830612, 'hidden_size': 149, 'dropout': 0.18277420875474215, 'hidden_continuous_size': 45, 'attention_head_size': 4, 'learning_rate': 0.017489238853479656}. Best is trial 10 with value: 0.13043896853923798.
LOCAL_RANK: 0 - CUDA_VISIBLE_DEVICES: [0]
[I 2023-11-30 01:05:54,303] Trial 14 finished with value: 0.11979623883962631 and parameters: {'gradient_clip_val': 0.3197064457231073, 'hidden_size': 115, 'dropout': 0.17212242852318935, 'hidden_continuous_size': 48, 'attention_head_size': 3, 'learning_rate': 0.013009838943745765}. Best is trial 14 with value: 0.11979623883962631.
LOCAL_RANK: 0 - CUDA_VISIBLE_DEVICES: [0]
[I 2023-11-30 01:06:08,329] Trial 15 finished with value: 0.22201932966709137 and parameters: {'gradient_clip_val': 0.20447386437697576, 'hidden_size': 103, 'dropout': 0.1661630277505248, 'hidden_continuous_size': 28, 'attention_head_size': 3, 'learning_rate': 0.009491445451854041}. Best is trial 14 with value: 0.11979623883962631.
LOCAL_RANK: 0 - CUDA_VISIBLE_DEVICES: [0]
[I 2023-11-30 01:06:21,434] Trial 16 finished with value: 0.30116623640060425 and parameters: {'gradient_clip_val': 0.27366994212480455, 'hidden_size': 43, 'dropout': 0.14805555799544778, 'hidden_continuous_size': 22, 'attention_head_size': 2, 'learning_rate': 0.013665257584459616}. Best is trial 14 with value: 0.11979623883962631.
LOCAL_RANK: 0 - CUDA_VISIBLE_DEVICES: [0]
[I 2023-11-30 01:06:35,536] Trial 17 finished with value: 0.17368052899837494 and parameters: {'gradient_clip_val': 0.3053471352710446, 'hidden_size': 98, 'dropout': 0.14706577387616934, 'hidden_continuous_size': 37, 'attention_head_size': 3, 'learning_rate': 0.005402825344835571}. Best is trial 14 with value: 0.11979623883962631.
LOCAL_RANK: 0 - CUDA_VISIBLE_DEVICES: [0]
[I 2023-11-30 01:06:50,093] Trial 18 finished with value: 0.13285677134990692 and parameters: {'gradient_clip_val': 0.1085560900289781, 'hidden_size': 111, 'dropout': 0.2076532794148433, 'hidden_continuous_size': 64, 'attention_head_size': 3, 'learning_rate': 0.028791461369190748}. Best is trial 14 with value: 0.11979623883962631.
LOCAL_RANK: 0 - CUDA_VISIBLE_DEVICES: [0]
[I 2023-11-30 01:07:05,214] Trial 19 finished with value: 0.15583373606204987 and parameters: {'gradient_clip_val': 0.5557658954902731, 'hidden_size': 145, 'dropout': 0.22598350848211674, 'hidden_continuous_size': 135, 'attention_head_size': 2, 'learning_rate': 0.01129156701831423}. Best is trial 14 with value: 0.11979623883962631.
LOCAL_RANK: 0 - CUDA_VISIBLE_DEVICES: [0]
[I 2023-11-30 01:07:18,424] Trial 20 finished with value: 0.16456879675388336 and parameters: {'gradient_clip_val': 0.3362474969107532, 'hidden_size': 46, 'dropout': 0.26025306195429593, 'hidden_continuous_size': 25, 'attention_head_size': 4, 'learning_rate': 0.026423149878285937}. Best is trial 14 with value: 0.11979623883962631.
LOCAL_RANK: 0 - CUDA_VISIBLE_DEVICES: [0]
[I 2023-11-30 01:07:32,732] Trial 21 finished with value: 0.14067400991916656 and parameters: {'gradient_clip_val': 0.12333113263625049, 'hidden_size': 93, 'dropout': 0.19190006658373696, 'hidden_continuous_size': 59, 'attention_head_size': 3, 'learning_rate': 0.031424573802243325}. Best is trial 14 with value: 0.11979623883962631.
LOCAL_RANK: 0 - CUDA_VISIBLE_DEVICES: [0]
[I 2023-11-30 01:07:47,112] Trial 22 finished with value: 0.12224888801574707 and parameters: {'gradient_clip_val': 0.10799600778367593, 'hidden_size': 112, 'dropout': 0.1743584398567593, 'hidden_continuous_size': 66, 'attention_head_size': 3, 'learning_rate': 0.017400678405894356}. Best is trial 14 with value: 0.11979623883962631.
LOCAL_RANK: 0 - CUDA_VISIBLE_DEVICES: [0]
[I 2023-11-30 01:08:01,273] Trial 23 finished with value: 0.1285274773836136 and parameters: {'gradient_clip_val': 0.16518935396123258, 'hidden_size': 85, 'dropout': 0.16911531262403245, 'hidden_continuous_size': 34, 'attention_head_size': 3, 'learning_rate': 0.015401190675210407}. Best is trial 14 with value: 0.11979623883962631.
LOCAL_RANK: 0 - CUDA_VISIBLE_DEVICES: [0]
[I 2023-11-30 01:08:15,338] Trial 24 finished with value: 0.23032085597515106 and parameters: {'gradient_clip_val': 0.15766920505554283, 'hidden_size': 86, 'dropout': 0.16802919464738753, 'hidden_continuous_size': 37, 'attention_head_size': 3, 'learning_rate': 0.012538064401327419}. Best is trial 14 with value: 0.11979623883962631.
LOCAL_RANK: 0 - CUDA_VISIBLE_DEVICES: [0]
[I 2023-11-30 01:08:29,341] Trial 25 finished with value: 0.13071365654468536 and parameters: {'gradient_clip_val': 0.10485220493087201, 'hidden_size': 83, 'dropout': 0.1299460814895038, 'hidden_continuous_size': 43, 'attention_head_size': 2, 'learning_rate': 0.016292948362783083}. Best is trial 14 with value: 0.11979623883962631.
LOCAL_RANK: 0 - CUDA_VISIBLE_DEVICES: [0]
[I 2023-11-30 01:08:43,892] Trial 26 finished with value: 0.23341377079486847 and parameters: {'gradient_clip_val': 0.16568834325964985, 'hidden_size': 115, 'dropout': 0.10145459556686647, 'hidden_continuous_size': 73, 'attention_head_size': 3, 'learning_rate': 0.006621130447682176}. Best is trial 14 with value: 0.11979623883962631.
LOCAL_RANK: 0 - CUDA_VISIBLE_DEVICES: [0]
[I 2023-11-30 01:08:58,710] Trial 27 finished with value: 0.09303265810012817 and parameters: {'gradient_clip_val': 0.17886382656001873, 'hidden_size': 150, 'dropout': 0.16991121516478247, 'hidden_continuous_size': 86, 'attention_head_size': 2, 'learning_rate': 0.014823493487540224}. Best is trial 27 with value: 0.09303265810012817.
LOCAL_RANK: 0 - CUDA_VISIBLE_DEVICES: [0]
[I 2023-11-30 01:09:13,643] Trial 28 finished with value: 0.11995936185121536 and parameters: {'gradient_clip_val': 0.12976403432054034, 'hidden_size': 146, 'dropout': 0.1431879240923066, 'hidden_continuous_size': 77, 'attention_head_size': 1, 'learning_rate': 0.008195490453518434}. Best is trial 27 with value: 0.09303265810012817.
LOCAL_RANK: 0 - CUDA_VISIBLE_DEVICES: [0]
[I 2023-11-30 01:09:28,397] Trial 29 finished with value: 0.1428932398557663 and parameters: {'gradient_clip_val': 0.19609828995594208, 'hidden_size': 145, 'dropout': 0.1451691842682348, 'hidden_continuous_size': 88, 'attention_head_size': 1, 'learning_rate': 0.007278864948769683}. Best is trial 27 with value: 0.09303265810012817.
LOCAL_RANK: 0 - CUDA_VISIBLE_DEVICES: [0]
[I 2023-11-30 01:09:43,162] Trial 30 finished with value: 0.1892990618944168 and parameters: {'gradient_clip_val': 0.25546129102649656, 'hidden_size': 149, 'dropout': 0.1293964451457682, 'hidden_continuous_size': 81, 'attention_head_size': 1, 'learning_rate': 0.0042169998919417695}. Best is trial 27 with value: 0.09303265810012817.
LOCAL_RANK: 0 - CUDA_VISIBLE_DEVICES: [0]
[I 2023-11-30 01:09:57,597] Trial 31 finished with value: 0.22478659451007843 and parameters: {'gradient_clip_val': 0.1269343761586394, 'hidden_size': 123, 'dropout': 0.17741125155935672, 'hidden_continuous_size': 69, 'attention_head_size': 1, 'learning_rate': 0.010770722168923094}. Best is trial 27 with value: 0.09303265810012817.
LOCAL_RANK: 0 - CUDA_VISIBLE_DEVICES: [0]
[I 2023-11-30 01:10:11,811] Trial 32 finished with value: 0.14628012478351593 and parameters: {'gradient_clip_val': 0.10502359655820014, 'hidden_size': 110, 'dropout': 0.14902606152923728, 'hidden_continuous_size': 53, 'attention_head_size': 2, 'learning_rate': 0.008714731408449224}. Best is trial 27 with value: 0.09303265810012817.
LOCAL_RANK: 0 - CUDA_VISIBLE_DEVICES: [0]
[I 2023-11-30 01:10:26,373] Trial 33 finished with value: 0.19104130566120148 and parameters: {'gradient_clip_val': 0.13700814299449834, 'hidden_size': 116, 'dropout': 0.11055935639572735, 'hidden_continuous_size': 66, 'attention_head_size': 1, 'learning_rate': 0.013806618294893193}. Best is trial 27 with value: 0.09303265810012817.
LOCAL_RANK: 0 - CUDA_VISIBLE_DEVICES: [0]
[I 2023-11-30 01:10:40,681] Trial 34 finished with value: 0.16269446909427643 and parameters: {'gradient_clip_val': 0.11916569321200092, 'hidden_size': 100, 'dropout': 0.18766849379986023, 'hidden_continuous_size': 76, 'attention_head_size': 2, 'learning_rate': 0.018985707515102694}. Best is trial 27 with value: 0.09303265810012817.
LOCAL_RANK: 0 - CUDA_VISIBLE_DEVICES: [0]
[I 2023-11-30 01:10:55,278] Trial 35 finished with value: 0.18317289650440216 and parameters: {'gradient_clip_val': 0.15722438219561388, 'hidden_size': 126, 'dropout': 0.16256168286874909, 'hidden_continuous_size': 91, 'attention_head_size': 2, 'learning_rate': 0.03655760802339419}. Best is trial 27 with value: 0.09303265810012817.
LOCAL_RANK: 0 - CUDA_VISIBLE_DEVICES: [0]
