[I 2023-11-30 03:39:13,027] Trial 71 finished with value: 0.15076130628585815 and parameters: {'gradient_clip_val': 0.5432804639626567, 'hidden_size': 36, 'dropout': 0.31220678570096544, 'hidden_continuous_size': 20, 'attention_head_size': 4, 'learning_rate': 0.07951444236098003}. Best is trial 51 with value: 0.0797119066119194.
LOCAL_RANK: 0 - CUDA_VISIBLE_DEVICES: [0]
[I 2023-11-30 03:39:26,083] Trial 72 finished with value: 0.08889555186033249 and parameters: {'gradient_clip_val': 0.6566962104052583, 'hidden_size': 40, 'dropout': 0.32345163324585574, 'hidden_continuous_size': 19, 'attention_head_size': 4, 'learning_rate': 0.06638444873000418}. Best is trial 51 with value: 0.0797119066119194.
LOCAL_RANK: 0 - CUDA_VISIBLE_DEVICES: [0]
[I 2023-11-30 03:39:38,973] Trial 73 finished with value: 0.1728944182395935 and parameters: {'gradient_clip_val': 0.651316496434236, 'hidden_size': 40, 'dropout': 0.28892421481530867, 'hidden_continuous_size': 19, 'attention_head_size': 4, 'learning_rate': 0.0653396139325057}. Best is trial 51 with value: 0.0797119066119194.
LOCAL_RANK: 0 - CUDA_VISIBLE_DEVICES: [0]
[I 2023-11-30 03:39:51,998] Trial 74 finished with value: 0.16315676271915436 and parameters: {'gradient_clip_val': 0.7972279002083196, 'hidden_size': 31, 'dropout': 0.30191313783818446, 'hidden_continuous_size': 19, 'attention_head_size': 4, 'learning_rate': 0.08677695241146315}. Best is trial 51 with value: 0.0797119066119194.
LOCAL_RANK: 0 - CUDA_VISIBLE_DEVICES: [0]
[I 2023-11-30 03:40:05,241] Trial 75 finished with value: 0.10740866512060165 and parameters: {'gradient_clip_val': 0.8566588015504848, 'hidden_size': 35, 'dropout': 0.307369733944914, 'hidden_continuous_size': 21, 'attention_head_size': 4, 'learning_rate': 0.09374775034119379}. Best is trial 51 with value: 0.0797119066119194.
LOCAL_RANK: 0 - CUDA_VISIBLE_DEVICES: [0]
[I 2023-11-30 03:40:18,096] Trial 76 finished with value: 0.12828458845615387 and parameters: {'gradient_clip_val': 0.7147928590635384, 'hidden_size': 28, 'dropout': 0.31743781087291956, 'hidden_continuous_size': 20, 'attention_head_size': 4, 'learning_rate': 0.07487090972807552}. Best is trial 51 with value: 0.0797119066119194.
LOCAL_RANK: 0 - CUDA_VISIBLE_DEVICES: [0]
[I 2023-11-30 03:40:31,341] Trial 77 finished with value: 0.09989336878061295 and parameters: {'gradient_clip_val': 0.5867266142633246, 'hidden_size': 39, 'dropout': 0.32928602962926246, 'hidden_continuous_size': 18, 'attention_head_size': 4, 'learning_rate': 0.06231362590754794}. Best is trial 51 with value: 0.0797119066119194.
LOCAL_RANK: 0 - CUDA_VISIBLE_DEVICES: [0]
[I 2023-11-30 03:40:44,409] Trial 78 finished with value: 0.12818555533885956 and parameters: {'gradient_clip_val': 0.664892263765019, 'hidden_size': 44, 'dropout': 0.349569331577401, 'hidden_continuous_size': 24, 'attention_head_size': 4, 'learning_rate': 0.04694101507111258}. Best is trial 51 with value: 0.0797119066119194.
LOCAL_RANK: 0 - CUDA_VISIBLE_DEVICES: [0]
[I 2023-11-30 03:40:57,648] Trial 79 finished with value: 0.10079170018434525 and parameters: {'gradient_clip_val': 0.6265420138150836, 'hidden_size': 47, 'dropout': 0.3697729150004424, 'hidden_continuous_size': 22, 'attention_head_size': 4, 'learning_rate': 0.07003594190969213}. Best is trial 51 with value: 0.0797119066119194.
LOCAL_RANK: 0 - CUDA_VISIBLE_DEVICES: [0]
[I 2023-11-30 03:41:10,427] Trial 80 finished with value: 0.1557437628507614 and parameters: {'gradient_clip_val': 0.766950503272767, 'hidden_size': 32, 'dropout': 0.2955307987587193, 'hidden_continuous_size': 17, 'attention_head_size': 4, 'learning_rate': 0.05257464134983884}. Best is trial 51 with value: 0.0797119066119194.
LOCAL_RANK: 0 - CUDA_VISIBLE_DEVICES: [0]
[I 2023-11-30 03:41:23,514] Trial 81 finished with value: 0.11918439716100693 and parameters: {'gradient_clip_val': 0.5161108484959247, 'hidden_size': 48, 'dropout': 0.32301585338505073, 'hidden_continuous_size': 15, 'attention_head_size': 3, 'learning_rate': 0.04518781933799675}. Best is trial 51 with value: 0.0797119066119194.
LOCAL_RANK: 0 - CUDA_VISIBLE_DEVICES: [0]
[I 2023-11-30 03:41:36,394] Trial 82 finished with value: 0.14144133031368256 and parameters: {'gradient_clip_val': 0.5736288719725205, 'hidden_size': 39, 'dropout': 0.33969297409133126, 'hidden_continuous_size': 18, 'attention_head_size': 3, 'learning_rate': 0.057816532607528046}. Best is trial 51 with value: 0.0797119066119194.
LOCAL_RANK: 0 - CUDA_VISIBLE_DEVICES: [0]
[I 2023-11-30 03:41:49,784] Trial 83 finished with value: 0.08371558785438538 and parameters: {'gradient_clip_val': 0.6598166074245669, 'hidden_size': 54, 'dropout': 0.35763743994388303, 'hidden_continuous_size': 24, 'attention_head_size': 2, 'learning_rate': 0.037597016583180896}. Best is trial 51 with value: 0.0797119066119194.
LOCAL_RANK: 0 - CUDA_VISIBLE_DEVICES: [0]
[I 2023-11-30 03:42:03,230] Trial 84 finished with value: 0.11053085327148438 and parameters: {'gradient_clip_val': 0.6944144290935877, 'hidden_size': 53, 'dropout': 0.35798342975171854, 'hidden_continuous_size': 24, 'attention_head_size': 3, 'learning_rate': 0.0754230514496681}. Best is trial 51 with value: 0.0797119066119194.
LOCAL_RANK: 0 - CUDA_VISIBLE_DEVICES: [0]
[I 2023-11-30 03:42:16,604] Trial 85 finished with value: 0.10859113931655884 and parameters: {'gradient_clip_val': 0.630497878409058, 'hidden_size': 42, 'dropout': 0.3796428757226792, 'hidden_continuous_size': 21, 'attention_head_size': 4, 'learning_rate': 0.09868615443915753}. Best is trial 51 with value: 0.0797119066119194.
LOCAL_RANK: 0 - CUDA_VISIBLE_DEVICES: [0]
[I 2023-11-30 03:42:29,337] Trial 86 finished with value: 0.12827570736408234 and parameters: {'gradient_clip_val': 0.7234131227164889, 'hidden_size': 36, 'dropout': 0.3855046051962625, 'hidden_continuous_size': 23, 'attention_head_size': 2, 'learning_rate': 0.059320852103959834}. Best is trial 51 with value: 0.0797119066119194.
LOCAL_RANK: 0 - CUDA_VISIBLE_DEVICES: [0]
[I 2023-11-30 03:42:43,013] Trial 87 finished with value: 0.08574449270963669 and parameters: {'gradient_clip_val': 0.6673883853773293, 'hidden_size': 62, 'dropout': 0.3452659044270057, 'hidden_continuous_size': 25, 'attention_head_size': 3, 'learning_rate': 0.037715898740376154}. Best is trial 51 with value: 0.0797119066119194.
LOCAL_RANK: 0 - CUDA_VISIBLE_DEVICES: [0]
[I 2023-11-30 03:42:55,934] Trial 88 finished with value: 0.14970530569553375 and parameters: {'gradient_clip_val': 0.9457983782603702, 'hidden_size': 34, 'dropout': 0.35917639675625385, 'hidden_continuous_size': 19, 'attention_head_size': 3, 'learning_rate': 0.039252445434207035}. Best is trial 51 with value: 0.0797119066119194.
LOCAL_RANK: 0 - CUDA_VISIBLE_DEVICES: [0]
[I 2023-11-30 03:43:09,470] Trial 89 finished with value: 0.15382207930088043 and parameters: {'gradient_clip_val': 0.6747217175401715, 'hidden_size': 62, 'dropout': 0.3705336508806824, 'hidden_continuous_size': 27, 'attention_head_size': 3, 'learning_rate': 0.03510070395187895}. Best is trial 51 with value: 0.0797119066119194.
LOCAL_RANK: 0 - CUDA_VISIBLE_DEVICES: [0]
[I 2023-11-30 03:43:22,668] Trial 90 finished with value: 0.1477953940629959 and parameters: {'gradient_clip_val': 0.831998246625718, 'hidden_size': 44, 'dropout': 0.34583282072814714, 'hidden_continuous_size': 22, 'attention_head_size': 3, 'learning_rate': 0.06734339656208761}. Best is trial 51 with value: 0.0797119066119194.
LOCAL_RANK: 0 - CUDA_VISIBLE_DEVICES: [0]
[I 2023-11-30 03:43:36,057] Trial 91 finished with value: 0.1239091157913208 and parameters: {'gradient_clip_val': 0.5878225652871958, 'hidden_size': 50, 'dropout': 0.3317463231614238, 'hidden_continuous_size': 25, 'attention_head_size': 3, 'learning_rate': 0.04973612131248225}. Best is trial 51 with value: 0.0797119066119194.
LOCAL_RANK: 0 - CUDA_VISIBLE_DEVICES: [0]
[I 2023-11-30 03:43:49,460] Trial 92 finished with value: 0.11822953075170517 and parameters: {'gradient_clip_val': 0.6337154090319272, 'hidden_size': 55, 'dropout': 0.3512000025239434, 'hidden_continuous_size': 24, 'attention_head_size': 3, 'learning_rate': 0.04232038959815555}. Best is trial 51 with value: 0.0797119066119194.
LOCAL_RANK: 0 - CUDA_VISIBLE_DEVICES: [0]
[I 2023-11-30 03:44:03,008] Trial 93 finished with value: 0.12092751264572144 and parameters: {'gradient_clip_val': 0.7758639999298065, 'hidden_size': 58, 'dropout': 0.3166082260909502, 'hidden_continuous_size': 25, 'attention_head_size': 3, 'learning_rate': 0.05480915829830075}. Best is trial 51 with value: 0.0797119066119194.
LOCAL_RANK: 0 - CUDA_VISIBLE_DEVICES: [0]
[I 2023-11-30 03:44:16,085] Trial 94 finished with value: 0.1257023960351944 and parameters: {'gradient_clip_val': 0.7464941425561333, 'hidden_size': 38, 'dropout': 0.3424605911784656, 'hidden_continuous_size': 21, 'attention_head_size': 2, 'learning_rate': 0.050160752866170395}. Best is trial 51 with value: 0.0797119066119194.
LOCAL_RANK: 0 - CUDA_VISIBLE_DEVICES: [0]
[I 2023-11-30 03:44:29,544] Trial 95 finished with value: 0.1334255337715149 and parameters: {'gradient_clip_val': 0.6717528528761556, 'hidden_size': 47, 'dropout': 0.36121731706948085, 'hidden_continuous_size': 23, 'attention_head_size': 4, 'learning_rate': 0.02922319932280466}. Best is trial 51 with value: 0.0797119066119194.
LOCAL_RANK: 0 - CUDA_VISIBLE_DEVICES: [0]
[I 2023-11-30 03:44:42,635] Trial 96 finished with value: 0.14451009035110474 and parameters: {'gradient_clip_val': 0.5652411952037532, 'hidden_size': 43, 'dropout': 0.3229428794321473, 'hidden_continuous_size': 22, 'attention_head_size': 3, 'learning_rate': 0.035676232531655645}. Best is trial 51 with value: 0.0797119066119194.
LOCAL_RANK: 0 - CUDA_VISIBLE_DEVICES: [0]
[I 2023-11-30 03:44:55,929] Trial 97 finished with value: 0.13902290165424347 and parameters: {'gradient_clip_val': 0.6193218046382551, 'hidden_size': 51, 'dropout': 0.3383526729103143, 'hidden_continuous_size': 27, 'attention_head_size': 3, 'learning_rate': 0.044792312049320486}. Best is trial 51 with value: 0.0797119066119194.
LOCAL_RANK: 0 - CUDA_VISIBLE_DEVICES: [0]
[I 2023-11-30 03:45:08,760] Trial 98 finished with value: 0.10030883550643921 and parameters: {'gradient_clip_val': 0.5276059358089392, 'hidden_size': 40, 'dropout': 0.3038517607275216, 'hidden_continuous_size': 20, 'attention_head_size': 2, 'learning_rate': 0.07967826495138228}. Best is trial 51 with value: 0.0797119066119194.
LOCAL_RANK: 0 - CUDA_VISIBLE_DEVICES: [0]
[I 2023-11-30 03:45:22,521] Trial 99 finished with value: 0.07693878561258316 and parameters: {'gradient_clip_val': 0.5995921522568933, 'hidden_size': 65, 'dropout': 0.3330845462236839, 'hidden_continuous_size': 29, 'attention_head_size': 4, 'learning_rate': 0.06022535579774712}. Best is trial 99 with value: 0.07693878561258316.
LOCAL_RANK: 0 - CUDA_VISIBLE_DEVICES: [0]
[I 2023-11-30 03:45:36,430] Trial 100 finished with value: 0.12503725290298462 and parameters: {'gradient_clip_val': 0.7040567039243858, 'hidden_size': 63, 'dropout': 0.33519887570935025, 'hidden_continuous_size': 31, 'attention_head_size': 4, 'learning_rate': 0.08843556825269686}. Best is trial 99 with value: 0.07693878561258316.
LOCAL_RANK: 0 - CUDA_VISIBLE_DEVICES: [0]
[I 2023-11-30 03:45:50,217] Trial 101 finished with value: 0.11090188473463058 and parameters: {'gradient_clip_val': 0.5809750591664625, 'hidden_size': 67, 'dropout': 0.32630911508069627, 'hidden_continuous_size': 26, 'attention_head_size': 4, 'learning_rate': 0.06247870566100291}. Best is trial 99 with value: 0.07693878561258316.
LOCAL_RANK: 0 - CUDA_VISIBLE_DEVICES: [0]
[I 2023-11-30 03:46:03,851] Trial 102 finished with value: 0.12497132271528244 and parameters: {'gradient_clip_val': 0.6498386761882525, 'hidden_size': 60, 'dropout': 0.35506662198118427, 'hidden_continuous_size': 23, 'attention_head_size': 4, 'learning_rate': 0.06900904998568326}. Best is trial 99 with value: 0.07693878561258316.
LOCAL_RANK: 0 - CUDA_VISIBLE_DEVICES: [0]
[I 2023-11-30 03:46:17,725] Trial 103 finished with value: 0.14473764598369598 and parameters: {'gradient_clip_val': 0.6101535631776855, 'hidden_size': 75, 'dropout': 0.31121066832585087, 'hidden_continuous_size': 26, 'attention_head_size': 4, 'learning_rate': 0.0596081484733015}. Best is trial 99 with value: 0.07693878561258316.
LOCAL_RANK: 0 - CUDA_VISIBLE_DEVICES: [0]
[I 2023-11-30 03:46:31,142] Trial 104 finished with value: 0.1238936185836792 and parameters: {'gradient_clip_val': 0.5488137066021002, 'hidden_size': 55, 'dropout': 0.3458321056998858, 'hidden_continuous_size': 24, 'attention_head_size': 4, 'learning_rate': 0.048503847538061653}. Best is trial 99 with value: 0.07693878561258316.
LOCAL_RANK: 0 - CUDA_VISIBLE_DEVICES: [0]
[I 2023-11-30 03:46:44,817] Trial 105 finished with value: 0.08622339367866516 and parameters: {'gradient_clip_val': 0.7229537134178243, 'hidden_size': 65, 'dropout': 0.36438418790488475, 'hidden_continuous_size': 29, 'attention_head_size': 3, 'learning_rate': 0.03876625486609972}. Best is trial 99 with value: 0.07693878561258316.
LOCAL_RANK: 0 - CUDA_VISIBLE_DEVICES: [0]
[I 2023-11-30 03:46:58,355] Trial 106 finished with value: 0.09250319749116898 and parameters: {'gradient_clip_val': 0.7267809429382941, 'hidden_size': 65, 'dropout': 0.36757630624287585, 'hidden_continuous_size': 28, 'attention_head_size': 3, 'learning_rate': 0.03974984208784846}. Best is trial 99 with value: 0.07693878561258316.
LOCAL_RANK: 0 - CUDA_VISIBLE_DEVICES: [0]
[I 2023-11-30 03:47:11,544] Trial 107 finished with value: 0.15313367545604706 and parameters: {'gradient_clip_val': 0.7853184339354099, 'hidden_size': 45, 'dropout': 0.3730607864154334, 'hidden_continuous_size': 29, 'attention_head_size': 3, 'learning_rate': 0.04259367705744731}. Best is trial 99 with value: 0.07693878561258316.
LOCAL_RANK: 0 - CUDA_VISIBLE_DEVICES: [0]
[I 2023-11-30 03:47:24,655] Trial 108 finished with value: 0.14737622439861298 and parameters: {'gradient_clip_val': 0.6805886173526114, 'hidden_size': 37, 'dropout': 0.393398804694824, 'hidden_continuous_size': 32, 'attention_head_size': 3, 'learning_rate': 0.031873021819336905}. Best is trial 99 with value: 0.07693878561258316.
LOCAL_RANK: 0 - CUDA_VISIBLE_DEVICES: [0]
[I 2023-11-30 03:47:37,807] Trial 109 finished with value: 0.15546129643917084 and parameters: {'gradient_clip_val': 0.4943931332336309, 'hidden_size': 41, 'dropout': 0.35063827842768297, 'hidden_continuous_size': 19, 'attention_head_size': 3, 'learning_rate': 0.02488811692829101}. Best is trial 99 with value: 0.07693878561258316.
LOCAL_RANK: 0 - CUDA_VISIBLE_DEVICES: [0]
[I 2023-11-30 03:47:51,631] Trial 110 finished with value: 0.09039285033941269 and parameters: {'gradient_clip_val': 0.6472143319963176, 'hidden_size': 72, 'dropout': 0.3621966948201825, 'hidden_continuous_size': 17, 'attention_head_size': 4, 'learning_rate': 0.03694397234099735}. Best is trial 99 with value: 0.07693878561258316.
LOCAL_RANK: 0 - CUDA_VISIBLE_DEVICES: [0]
[I 2023-11-30 03:48:05,225] Trial 111 finished with value: 0.13994278013706207 and parameters: {'gradient_clip_val': 0.5946085922658999, 'hidden_size': 57, 'dropout': 0.33335406230111286, 'hidden_continuous_size': 25, 'attention_head_size': 3, 'learning_rate': 0.05470237698243712}. Best is trial 99 with value: 0.07693878561258316.
LOCAL_RANK: 0 - CUDA_VISIBLE_DEVICES: [0]
[I 2023-11-30 03:48:18,631] Trial 112 finished with value: 0.12155648320913315 and parameters: {'gradient_clip_val': 0.608830406553421, 'hidden_size': 53, 'dropout': 0.32468710441426246, 'hidden_continuous_size': 28, 'attention_head_size': 3, 'learning_rate': 0.06610970531082783}. Best is trial 99 with value: 0.07693878561258316.
LOCAL_RANK: 0 - CUDA_VISIBLE_DEVICES: [0]
[I 2023-11-30 03:48:31,484] Trial 113 finished with value: 0.13412731885910034 and parameters: {'gradient_clip_val': 0.7540289294904097, 'hidden_size': 48, 'dropout': 0.3424343640218959, 'hidden_continuous_size': 20, 'attention_head_size': 1, 'learning_rate': 0.07401855705791534}. Best is trial 99 with value: 0.07693878561258316.
LOCAL_RANK: 0 - CUDA_VISIBLE_DEVICES: [0]
[I 2023-11-30 03:48:45,243] Trial 114 finished with value: 0.11891871690750122 and parameters: {'gradient_clip_val': 0.70517490828093, 'hidden_size': 60, 'dropout': 0.35296687283024364, 'hidden_continuous_size': 33, 'attention_head_size': 4, 'learning_rate': 0.051578538978878284}. Best is trial 99 with value: 0.07693878561258316.
LOCAL_RANK: 0 - CUDA_VISIBLE_DEVICES: [0]
[I 2023-11-30 03:48:59,182] Trial 115 finished with value: 0.13116641342639923 and parameters: {'gradient_clip_val': 0.664448579513599, 'hidden_size': 67, 'dropout': 0.31637626341980796, 'hidden_continuous_size': 37, 'attention_head_size': 3, 'learning_rate': 0.04586558956964033}. Best is trial 99 with value: 0.07693878561258316.
LOCAL_RANK: 0 - CUDA_VISIBLE_DEVICES: [0]
[I 2023-11-30 03:49:12,227] Trial 116 finished with value: 0.14443491399288177 and parameters: {'gradient_clip_val': 0.5313492385313402, 'hidden_size': 34, 'dropout': 0.37914861613016476, 'hidden_continuous_size': 21, 'attention_head_size': 4, 'learning_rate': 0.058314476498875}. Best is trial 99 with value: 0.07693878561258316.
LOCAL_RANK: 0 - CUDA_VISIBLE_DEVICES: [0]
[I 2023-11-30 03:49:25,335] Trial 117 finished with value: 0.11439591646194458 and parameters: {'gradient_clip_val': 0.8298582327651793, 'hidden_size': 43, 'dropout': 0.3672104458892652, 'hidden_continuous_size': 22, 'attention_head_size': 3, 'learning_rate': 0.04010970162607132}. Best is trial 99 with value: 0.07693878561258316.
LOCAL_RANK: 0 - CUDA_VISIBLE_DEVICES: [0]
[I 2023-11-30 03:49:39,116] Trial 118 finished with value: 0.15769101679325104 and parameters: {'gradient_clip_val': 0.5646848232195343, 'hidden_size': 81, 'dropout': 0.3879936613655496, 'hidden_continuous_size': 29, 'attention_head_size': 3, 'learning_rate': 0.06402852009459636}. Best is trial 99 with value: 0.07693878561258316.
LOCAL_RANK: 0 - CUDA_VISIBLE_DEVICES: [0]
[I 2023-11-30 03:49:52,518] Trial 119 finished with value: 0.11325614899396896 and parameters: {'gradient_clip_val': 0.6322008001753611, 'hidden_size': 46, 'dropout': 0.3074315035856273, 'hidden_continuous_size': 24, 'attention_head_size': 2, 'learning_rate': 0.07923728934595044}. Best is trial 99 with value: 0.07693878561258316.
LOCAL_RANK: 0 - CUDA_VISIBLE_DEVICES: [0]
[I 2023-11-30 03:50:05,958] Trial 120 finished with value: 0.11893171072006226 and parameters: {'gradient_clip_val': 0.7372979504315009, 'hidden_size': 51, 'dropout': 0.3335363844487012, 'hidden_continuous_size': 27, 'attention_head_size': 4, 'learning_rate': 0.052024290390437204}. Best is trial 99 with value: 0.07693878561258316.
LOCAL_RANK: 0 - CUDA_VISIBLE_DEVICES: [0]
[I 2023-11-30 03:50:19,702] Trial 121 finished with value: 0.25120097398757935 and parameters: {'gradient_clip_val': 0.6421203816973595, 'hidden_size': 70, 'dropout': 0.3744455082324141, 'hidden_continuous_size': 16, 'attention_head_size': 4, 'learning_rate': 0.03590527771443024}. Best is trial 99 with value: 0.07693878561258316.
LOCAL_RANK: 0 - CUDA_VISIBLE_DEVICES: [0]
[I 2023-11-30 03:50:33,492] Trial 122 finished with value: 0.15971551835536957 and parameters: {'gradient_clip_val': 0.6907162637865217, 'hidden_size': 73, 'dropout': 0.36349508368094247, 'hidden_continuous_size': 18, 'attention_head_size': 4, 'learning_rate': 0.03215159582271537}. Best is trial 99 with value: 0.07693878561258316.
LOCAL_RANK: 0 - CUDA_VISIBLE_DEVICES: [0]
[I 2023-11-30 03:50:46,950] Trial 123 finished with value: 0.15478305518627167 and parameters: {'gradient_clip_val': 0.6585843243633, 'hidden_size': 64, 'dropout': 0.3578735039221954, 'hidden_continuous_size': 19, 'attention_head_size': 4, 'learning_rate': 0.03750040981040799}. Best is trial 99 with value: 0.07693878561258316.
LOCAL_RANK: 0 - CUDA_VISIBLE_DEVICES: [0]
[I 2023-11-30 03:51:00,673] Trial 124 finished with value: 0.10586851090192795 and parameters: {'gradient_clip_val': 0.5889999148173072, 'hidden_size': 60, 'dropout': 0.36274806523670255, 'hidden_continuous_size': 17, 'attention_head_size': 4, 'learning_rate': 0.04395274259369805}. Best is trial 99 with value: 0.07693878561258316.
LOCAL_RANK: 0 - CUDA_VISIBLE_DEVICES: [0]
[I 2023-11-30 03:51:13,763] Trial 125 finished with value: 0.13530583679676056 and parameters: {'gradient_clip_val': 0.6197567026609434, 'hidden_size': 39, 'dropout': 0.345978432227864, 'hidden_continuous_size': 20, 'attention_head_size': 4, 'learning_rate': 0.029586796386117362}. Best is trial 99 with value: 0.07693878561258316.
LOCAL_RANK: 0 - CUDA_VISIBLE_DEVICES: [0]
[I 2023-11-30 03:51:26,826] Trial 126 finished with value: 0.13254722952842712 and parameters: {'gradient_clip_val': 0.5548863317127571, 'hidden_size': 55, 'dropout': 0.354038394838891, 'hidden_continuous_size': 21, 'attention_head_size': 1, 'learning_rate': 0.0486065780957414}. Best is trial 99 with value: 0.07693878561258316.
LOCAL_RANK: 0 - CUDA_VISIBLE_DEVICES: [0]
[I 2023-11-30 03:51:40,402] Trial 127 finished with value: 0.16712182760238647 and parameters: {'gradient_clip_val': 0.5205816520897624, 'hidden_size': 69, 'dropout': 0.32780655687358257, 'hidden_continuous_size': 17, 'attention_head_size': 4, 'learning_rate': 0.056576367362780926}. Best is trial 99 with value: 0.07693878561258316.
LOCAL_RANK: 0 - CUDA_VISIBLE_DEVICES: [0]
[I 2023-11-30 03:51:53,315] Trial 128 finished with value: 0.17559504508972168 and parameters: {'gradient_clip_val': 0.4426408459876422, 'hidden_size': 36, 'dropout': 0.3835599111671094, 'hidden_continuous_size': 18, 'attention_head_size': 3, 'learning_rate': 0.03332166693682796}. Best is trial 99 with value: 0.07693878561258316.
LOCAL_RANK: 0 - CUDA_VISIBLE_DEVICES: [0]
