[I 2023-11-30 11:57:37,900] Trial 15 finished with value: 0.1662190854549408 and parameters: {'gradient_clip_val': 0.48984156134823176, 'hidden_size': 143, 'dropout': 0.33299110607668975, 'hidden_continuous_size': 44, 'attention_head_size': 3, 'learning_rate': 0.008808860765065688}. Best is trial 10 with value: 0.1260177195072174.
LOCAL_RANK: 0 - CUDA_VISIBLE_DEVICES: [0]
[I 2023-11-30 11:57:51,629] Trial 16 finished with value: 0.16184702515602112 and parameters: {'gradient_clip_val': 0.9911530371800318, 'hidden_size': 66, 'dropout': 0.3394980319152835, 'hidden_continuous_size': 20, 'attention_head_size': 4, 'learning_rate': 0.04753910034507802}. Best is trial 10 with value: 0.1260177195072174.
LOCAL_RANK: 0 - CUDA_VISIBLE_DEVICES: [0]
[I 2023-11-30 11:58:05,905] Trial 17 finished with value: 0.22457188367843628 and parameters: {'gradient_clip_val': 0.7600812391229653, 'hidden_size': 109, 'dropout': 0.3987413946727072, 'hidden_continuous_size': 40, 'attention_head_size': 3, 'learning_rate': 0.018225907958664942}. Best is trial 10 with value: 0.1260177195072174.
LOCAL_RANK: 0 - CUDA_VISIBLE_DEVICES: [0]
[I 2023-11-30 11:58:20,146] Trial 18 finished with value: 0.1515696942806244 and parameters: {'gradient_clip_val': 0.5889275412462698, 'hidden_size': 106, 'dropout': 0.31190201031616555, 'hidden_continuous_size': 23, 'attention_head_size': 2, 'learning_rate': 0.0075147934203428825}. Best is trial 10 with value: 0.1260177195072174.
LOCAL_RANK: 0 - CUDA_VISIBLE_DEVICES: [0]
[I 2023-11-30 11:58:33,780] Trial 19 finished with value: 0.22623248398303986 and parameters: {'gradient_clip_val': 0.38929606909342435, 'hidden_size': 66, 'dropout': 0.10501146144629508, 'hidden_continuous_size': 18, 'attention_head_size': 4, 'learning_rate': 0.027613765011188788}. Best is trial 10 with value: 0.1260177195072174.
LOCAL_RANK: 0 - CUDA_VISIBLE_DEVICES: [0]
[I 2023-11-30 11:58:46,992] Trial 20 finished with value: 0.24676565825939178 and parameters: {'gradient_clip_val': 0.7938424796068346, 'hidden_size': 45, 'dropout': 0.31769482080740724, 'hidden_continuous_size': 28, 'attention_head_size': 3, 'learning_rate': 0.05385299642220484}. Best is trial 10 with value: 0.1260177195072174.
LOCAL_RANK: 0 - CUDA_VISIBLE_DEVICES: [0]
[I 2023-11-30 11:59:00,888] Trial 21 finished with value: 0.14688710868358612 and parameters: {'gradient_clip_val': 0.8904478196072828, 'hidden_size': 108, 'dropout': 0.35968591178050646, 'hidden_continuous_size': 17, 'attention_head_size': 3, 'learning_rate': 0.020277413034287945}. Best is trial 10 with value: 0.1260177195072174.
LOCAL_RANK: 0 - CUDA_VISIBLE_DEVICES: [0]
[I 2023-11-30 11:59:16,001] Trial 22 finished with value: 0.10180804878473282 and parameters: {'gradient_clip_val': 0.8347266703893369, 'hidden_size': 150, 'dropout': 0.300208994963322, 'hidden_continuous_size': 126, 'attention_head_size': 3, 'learning_rate': 0.026895201613690776}. Best is trial 22 with value: 0.10180804878473282.
LOCAL_RANK: 0 - CUDA_VISIBLE_DEVICES: [0]
[I 2023-11-30 11:59:31,148] Trial 23 finished with value: 0.265341192483902 and parameters: {'gradient_clip_val': 0.64500080457416, 'hidden_size': 150, 'dropout': 0.31978809221269394, 'hidden_continuous_size': 120, 'attention_head_size': 3, 'learning_rate': 0.09887293056610363}. Best is trial 22 with value: 0.10180804878473282.
LOCAL_RANK: 0 - CUDA_VISIBLE_DEVICES: [0]
[I 2023-11-30 11:59:45,461] Trial 24 finished with value: 0.13062447309494019 and parameters: {'gradient_clip_val': 0.8053126053511588, 'hidden_size': 117, 'dropout': 0.2989455506335442, 'hidden_continuous_size': 35, 'attention_head_size': 2, 'learning_rate': 0.014772563549846221}. Best is trial 22 with value: 0.10180804878473282.
LOCAL_RANK: 0 - CUDA_VISIBLE_DEVICES: [0]
[I 2023-11-30 11:59:59,661] Trial 25 finished with value: 0.19447843730449677 and parameters: {'gradient_clip_val': 0.5423668053265395, 'hidden_size': 120, 'dropout': 0.25065125007286027, 'hidden_continuous_size': 59, 'attention_head_size': 1, 'learning_rate': 0.013642831114037359}. Best is trial 22 with value: 0.10180804878473282.
LOCAL_RANK: 0 - CUDA_VISIBLE_DEVICES: [0]
[I 2023-11-30 12:00:13,755] Trial 26 finished with value: 0.2595022916793823 and parameters: {'gradient_clip_val': 0.710009742815021, 'hidden_size': 87, 'dropout': 0.29991139895553676, 'hidden_continuous_size': 36, 'attention_head_size': 2, 'learning_rate': 0.03685555968516679}. Best is trial 22 with value: 0.10180804878473282.
LOCAL_RANK: 0 - CUDA_VISIBLE_DEVICES: [0]
[I 2023-11-30 12:00:27,558] Trial 27 finished with value: 0.4030326306819916 and parameters: {'gradient_clip_val': 0.6037129924993495, 'hidden_size': 82, 'dropout': 0.3020744079672417, 'hidden_continuous_size': 25, 'attention_head_size': 2, 'learning_rate': 0.006304703375927887}. Best is trial 22 with value: 0.10180804878473282.
LOCAL_RANK: 0 - CUDA_VISIBLE_DEVICES: [0]
[I 2023-11-30 12:00:42,395] Trial 28 finished with value: 0.166177436709404 and parameters: {'gradient_clip_val': 0.8216393062845999, 'hidden_size': 123, 'dropout': 0.33087520268182513, 'hidden_continuous_size': 114, 'attention_head_size': 2, 'learning_rate': 0.0157361113348933}. Best is trial 22 with value: 0.10180804878473282.
LOCAL_RANK: 0 - CUDA_VISIBLE_DEVICES: [0]
[I 2023-11-30 12:00:57,128] Trial 29 finished with value: 0.13811244070529938 and parameters: {'gradient_clip_val': 0.6974386127274858, 'hidden_size': 121, 'dropout': 0.25677390635615954, 'hidden_continuous_size': 93, 'attention_head_size': 4, 'learning_rate': 0.005974526708968703}. Best is trial 22 with value: 0.10180804878473282.
LOCAL_RANK: 0 - CUDA_VISIBLE_DEVICES: [0]
[I 2023-11-30 12:01:10,797] Trial 30 finished with value: 0.3727290630340576 and parameters: {'gradient_clip_val': 0.8549070426748289, 'hidden_size': 74, 'dropout': 0.3729520334732065, 'hidden_continuous_size': 25, 'attention_head_size': 1, 'learning_rate': 0.011832484042490063}. Best is trial 22 with value: 0.10180804878473282.
LOCAL_RANK: 0 - CUDA_VISIBLE_DEVICES: [0]
[I 2023-11-30 12:01:25,970] Trial 31 finished with value: 0.20056986808776855 and parameters: {'gradient_clip_val': 0.8704014103674518, 'hidden_size': 150, 'dropout': 0.3483003799552889, 'hidden_continuous_size': 138, 'attention_head_size': 3, 'learning_rate': 0.027352788581241058}. Best is trial 22 with value: 0.10180804878473282.
LOCAL_RANK: 0 - CUDA_VISIBLE_DEVICES: [0]
[I 2023-11-30 12:01:40,355] Trial 32 finished with value: 0.19524717330932617 and parameters: {'gradient_clip_val': 0.7850612040845568, 'hidden_size': 127, 'dropout': 0.32871306157490665, 'hidden_continuous_size': 46, 'attention_head_size': 3, 'learning_rate': 0.019942736115917896}. Best is trial 22 with value: 0.10180804878473282.
LOCAL_RANK: 0 - CUDA_VISIBLE_DEVICES: [0]
[I 2023-11-30 12:01:54,562] Trial 33 finished with value: 0.20253749191761017 and parameters: {'gradient_clip_val': 0.9889978060958647, 'hidden_size': 96, 'dropout': 0.2837147100631136, 'hidden_continuous_size': 34, 'attention_head_size': 4, 'learning_rate': 0.010735259905987869}. Best is trial 22 with value: 0.10180804878473282.
LOCAL_RANK: 0 - CUDA_VISIBLE_DEVICES: [0]
[I 2023-11-30 12:02:08,665] Trial 34 finished with value: 0.12014329433441162 and parameters: {'gradient_clip_val': 0.7218300647412097, 'hidden_size': 120, 'dropout': 0.3060263579188315, 'hidden_continuous_size': 33, 'attention_head_size': 3, 'learning_rate': 0.015809184042234935}. Best is trial 22 with value: 0.10180804878473282.
LOCAL_RANK: 0 - CUDA_VISIBLE_DEVICES: [0]
[I 2023-11-30 12:02:22,908] Trial 35 finished with value: 0.15485812723636627 and parameters: {'gradient_clip_val': 0.6615511936264035, 'hidden_size': 106, 'dropout': 0.3003068324949097, 'hidden_continuous_size': 37, 'attention_head_size': 2, 'learning_rate': 0.015610806402926091}. Best is trial 22 with value: 0.10180804878473282.
LOCAL_RANK: 0 - CUDA_VISIBLE_DEVICES: [0]
[I 2023-11-30 12:02:37,400] Trial 36 finished with value: 0.11074730008840561 and parameters: {'gradient_clip_val': 0.5612834461964888, 'hidden_size': 122, 'dropout': 0.27241567898122343, 'hidden_continuous_size': 68, 'attention_head_size': 2, 'learning_rate': 0.009982693702726734}. Best is trial 22 with value: 0.10180804878473282.
LOCAL_RANK: 0 - CUDA_VISIBLE_DEVICES: [0]
[I 2023-11-30 12:02:50,147] Trial 37 finished with value: 0.9263501167297363 and parameters: {'gradient_clip_val': 0.446450898046111, 'hidden_size': 26, 'dropout': 0.2712043014314714, 'hidden_continuous_size': 20, 'attention_head_size': 3, 'learning_rate': 0.010769948662633843}. Best is trial 22 with value: 0.10180804878473282.
LOCAL_RANK: 0 - CUDA_VISIBLE_DEVICES: [0]
[I 2023-11-30 12:03:04,341] Trial 38 finished with value: 0.16926302015781403 and parameters: {'gradient_clip_val': 0.5564930445414328, 'hidden_size': 96, 'dropout': 0.24287657982832525, 'hidden_continuous_size': 64, 'attention_head_size': 2, 'learning_rate': 0.007877915180266247}. Best is trial 22 with value: 0.10180804878473282.
LOCAL_RANK: 0 - CUDA_VISIBLE_DEVICES: [0]
[I 2023-11-30 12:03:19,073] Trial 39 finished with value: 0.14084284007549286 and parameters: {'gradient_clip_val': 0.627814571781282, 'hidden_size': 126, 'dropout': 0.2651563458082507, 'hidden_continuous_size': 84, 'attention_head_size': 4, 'learning_rate': 0.010375064233513172}. Best is trial 22 with value: 0.10180804878473282.
LOCAL_RANK: 0 - CUDA_VISIBLE_DEVICES: [0]
[I 2023-11-30 12:03:33,243] Trial 40 finished with value: 0.09741780906915665 and parameters: {'gradient_clip_val': 0.37337054628150534, 'hidden_size': 89, 'dropout': 0.28526692733652753, 'hidden_continuous_size': 51, 'attention_head_size': 3, 'learning_rate': 0.030701614678044015}. Best is trial 40 with value: 0.09741780906915665.
LOCAL_RANK: 0 - CUDA_VISIBLE_DEVICES: [0]
[I 2023-11-30 12:03:47,419] Trial 41 finished with value: 0.14733761548995972 and parameters: {'gradient_clip_val': 0.38496495274645814, 'hidden_size': 98, 'dropout': 0.28735343527296536, 'hidden_continuous_size': 49, 'attention_head_size': 3, 'learning_rate': 0.032923956412055956}. Best is trial 40 with value: 0.09741780906915665.
LOCAL_RANK: 0 - CUDA_VISIBLE_DEVICES: [0]
[I 2023-11-30 12:04:02,123] Trial 42 finished with value: 0.11610007286071777 and parameters: {'gradient_clip_val': 0.31569351340210927, 'hidden_size': 129, 'dropout': 0.23585392225725565, 'hidden_continuous_size': 65, 'attention_head_size': 3, 'learning_rate': 0.01779986768710201}. Best is trial 40 with value: 0.09741780906915665.
LOCAL_RANK: 0 - CUDA_VISIBLE_DEVICES: [0]
[I 2023-11-30 12:04:16,466] Trial 43 finished with value: 0.15638236701488495 and parameters: {'gradient_clip_val': 0.33245727677879916, 'hidden_size': 86, 'dropout': 0.24069690632019083, 'hidden_continuous_size': 53, 'attention_head_size': 3, 'learning_rate': 0.0229215177886762}. Best is trial 40 with value: 0.09741780906915665.
LOCAL_RANK: 0 - CUDA_VISIBLE_DEVICES: [0]
[I 2023-11-30 12:04:31,190] Trial 44 finished with value: 0.06770706921815872 and parameters: {'gradient_clip_val': 0.2974889424879129, 'hidden_size': 123, 'dropout': 0.22407925501920567, 'hidden_continuous_size': 71, 'attention_head_size': 3, 'learning_rate': 0.01770661470997243}. Best is trial 44 with value: 0.06770706921815872.
LOCAL_RANK: 0 - CUDA_VISIBLE_DEVICES: [0]
[I 2023-11-30 12:04:45,759] Trial 45 finished with value: 0.26672127842903137 and parameters: {'gradient_clip_val': 0.26354691301746036, 'hidden_size': 131, 'dropout': 0.22162138109662338, 'hidden_continuous_size': 68, 'attention_head_size': 2, 'learning_rate': 0.027034236844843174}. Best is trial 44 with value: 0.06770706921815872.
LOCAL_RANK: 0 - CUDA_VISIBLE_DEVICES: [0]
[I 2023-11-30 12:05:00,032] Trial 46 finished with value: 0.08126410841941833 and parameters: {'gradient_clip_val': 0.33636376910509547, 'hidden_size': 108, 'dropout': 0.2709465836656826, 'hidden_continuous_size': 70, 'attention_head_size': 3, 'learning_rate': 0.01939907127429263}. Best is trial 44 with value: 0.06770706921815872.
LOCAL_RANK: 0 - CUDA_VISIBLE_DEVICES: [0]
[I 2023-11-30 12:05:14,756] Trial 47 finished with value: 0.22792202234268188 and parameters: {'gradient_clip_val': 0.2068677175687547, 'hidden_size': 107, 'dropout': 0.2644383050352181, 'hidden_continuous_size': 73, 'attention_head_size': 3, 'learning_rate': 0.033328821259909866}. Best is trial 44 with value: 0.06770706921815872.
LOCAL_RANK: 0 - CUDA_VISIBLE_DEVICES: [0]
[I 2023-11-30 12:05:28,892] Trial 48 finished with value: 0.17350059747695923 and parameters: {'gradient_clip_val': 0.3378252415470231, 'hidden_size': 73, 'dropout': 0.27901190647826024, 'hidden_continuous_size': 57, 'attention_head_size': 2, 'learning_rate': 0.012913280880605357}. Best is trial 44 with value: 0.06770706921815872.
LOCAL_RANK: 0 - CUDA_VISIBLE_DEVICES: [0]
[I 2023-11-30 12:05:43,271] Trial 49 finished with value: 0.1959901601076126 and parameters: {'gradient_clip_val': 0.4237639577263946, 'hidden_size': 94, 'dropout': 0.2594293246020516, 'hidden_continuous_size': 61, 'attention_head_size': 4, 'learning_rate': 0.021897153259147432}. Best is trial 44 with value: 0.06770706921815872.
LOCAL_RANK: 0 - CUDA_VISIBLE_DEVICES: [0]
[I 2023-11-30 12:05:56,944] Trial 50 finished with value: 0.1357932686805725 and parameters: {'gradient_clip_val': 0.47189406034120035, 'hidden_size': 57, 'dropout': 0.2883116103287641, 'hidden_continuous_size': 48, 'attention_head_size': 3, 'learning_rate': 0.019295175015851016}. Best is trial 44 with value: 0.06770706921815872.
LOCAL_RANK: 0 - CUDA_VISIBLE_DEVICES: [0]
[I 2023-11-30 12:06:11,601] Trial 51 finished with value: 0.14156220853328705 and parameters: {'gradient_clip_val': 0.2831695538539008, 'hidden_size': 134, 'dropout': 0.23272412091302963, 'hidden_continuous_size': 69, 'attention_head_size': 3, 'learning_rate': 0.01784599674819823}. Best is trial 44 with value: 0.06770706921815872.
LOCAL_RANK: 0 - CUDA_VISIBLE_DEVICES: [0]
[I 2023-11-30 12:06:26,487] Trial 52 finished with value: 0.10088246315717697 and parameters: {'gradient_clip_val': 0.3672923216215863, 'hidden_size': 133, 'dropout': 0.27246839538213186, 'hidden_continuous_size': 75, 'attention_head_size': 3, 'learning_rate': 0.01278528379295892}. Best is trial 44 with value: 0.06770706921815872.
LOCAL_RANK: 0 - CUDA_VISIBLE_DEVICES: [0]
[I 2023-11-30 12:06:40,974] Trial 53 finished with value: 0.18507759273052216 and parameters: {'gradient_clip_val': 0.3677455624239765, 'hidden_size': 112, 'dropout': 0.2776928951544875, 'hidden_continuous_size': 79, 'attention_head_size': 3, 'learning_rate': 0.013246077940729198}. Best is trial 44 with value: 0.06770706921815872.
LOCAL_RANK: 0 - CUDA_VISIBLE_DEVICES: [0]
[I 2023-11-30 12:06:55,830] Trial 54 finished with value: 0.24856352806091309 and parameters: {'gradient_clip_val': 0.4178389896802525, 'hidden_size': 138, 'dropout': 0.2692574723786718, 'hidden_continuous_size': 91, 'attention_head_size': 3, 'learning_rate': 0.009155278149520621}. Best is trial 44 with value: 0.06770706921815872.
LOCAL_RANK: 0 - CUDA_VISIBLE_DEVICES: [0]
[I 2023-11-30 12:07:10,369] Trial 55 finished with value: 0.2492995411157608 and parameters: {'gradient_clip_val': 0.5204743193462742, 'hidden_size': 103, 'dropout': 0.2501892815265059, 'hidden_continuous_size': 72, 'attention_head_size': 3, 'learning_rate': 0.025027737146579913}. Best is trial 44 with value: 0.06770706921815872.
LOCAL_RANK: 0 - CUDA_VISIBLE_DEVICES: [0]
[I 2023-11-30 12:07:24,818] Trial 56 finished with value: 0.15076977014541626 and parameters: {'gradient_clip_val': 0.45098050026146413, 'hidden_size': 114, 'dropout': 0.2891214211849116, 'hidden_continuous_size': 62, 'attention_head_size': 3, 'learning_rate': 0.04277583600757765}. Best is trial 44 with value: 0.06770706921815872.
LOCAL_RANK: 0 - CUDA_VISIBLE_DEVICES: [0]
[I 2023-11-30 12:07:39,137] Trial 57 finished with value: 0.09449970722198486 and parameters: {'gradient_clip_val': 0.35915052011001275, 'hidden_size': 89, 'dropout': 0.275219120101239, 'hidden_continuous_size': 54, 'attention_head_size': 2, 'learning_rate': 0.03151978070163572}. Best is trial 44 with value: 0.06770706921815872.
LOCAL_RANK: 0 - CUDA_VISIBLE_DEVICES: [0]
[I 2023-11-30 12:07:53,372] Trial 58 finished with value: 0.13558699190616608 and parameters: {'gradient_clip_val': 0.3613012195089418, 'hidden_size': 90, 'dropout': 0.2561367032106204, 'hidden_continuous_size': 56, 'attention_head_size': 3, 'learning_rate': 0.031543162639078755}. Best is trial 44 with value: 0.06770706921815872.
LOCAL_RANK: 0 - CUDA_VISIBLE_DEVICES: [0]
[I 2023-11-30 12:08:08,028] Trial 59 finished with value: 0.15269170701503754 and parameters: {'gradient_clip_val': 0.3018808780809381, 'hidden_size': 149, 'dropout': 0.21859276460773494, 'hidden_continuous_size': 42, 'attention_head_size': 3, 'learning_rate': 0.041893969458344095}. Best is trial 44 with value: 0.06770706921815872.
LOCAL_RANK: 0 - CUDA_VISIBLE_DEVICES: [0]
[I 2023-11-30 12:08:22,206] Trial 60 finished with value: 0.14821240305900574 and parameters: {'gradient_clip_val': 0.40532029495360566, 'hidden_size': 79, 'dropout': 0.31409278032240967, 'hidden_continuous_size': 53, 'attention_head_size': 3, 'learning_rate': 0.05804555041600506}. Best is trial 44 with value: 0.06770706921815872.
LOCAL_RANK: 0 - CUDA_VISIBLE_DEVICES: [0]
[I 2023-11-30 12:08:36,907] Trial 61 finished with value: 0.15230709314346313 and parameters: {'gradient_clip_val': 0.3540841733552431, 'hidden_size': 134, 'dropout': 0.2743649430408943, 'hidden_continuous_size': 79, 'attention_head_size': 2, 'learning_rate': 0.028920079847270408}. Best is trial 44 with value: 0.06770706921815872.
LOCAL_RANK: 0 - CUDA_VISIBLE_DEVICES: [0]
[I 2023-11-30 12:08:51,432] Trial 62 finished with value: 0.25241896510124207 and parameters: {'gradient_clip_val': 0.4942659150608625, 'hidden_size': 113, 'dropout': 0.27975222049621606, 'hidden_continuous_size': 72, 'attention_head_size': 2, 'learning_rate': 0.022403419111593503}. Best is trial 44 with value: 0.06770706921815872.
LOCAL_RANK: 0 - CUDA_VISIBLE_DEVICES: [0]
[I 2023-11-30 12:09:05,607] Trial 63 finished with value: 0.1624477058649063 and parameters: {'gradient_clip_val': 0.38583349445027343, 'hidden_size': 103, 'dropout': 0.29427619192818466, 'hidden_continuous_size': 60, 'attention_head_size': 1, 'learning_rate': 0.024563306569909016}. Best is trial 44 with value: 0.06770706921815872.
LOCAL_RANK: 0 - CUDA_VISIBLE_DEVICES: [0]
[I 2023-11-30 12:09:19,963] Trial 64 finished with value: 0.21280165016651154 and parameters: {'gradient_clip_val': 0.32730816243665606, 'hidden_size': 91, 'dropout': 0.2652331358372066, 'hidden_continuous_size': 66, 'attention_head_size': 2, 'learning_rate': 0.03825887183275554}. Best is trial 44 with value: 0.06770706921815872.
LOCAL_RANK: 0 - CUDA_VISIBLE_DEVICES: [0]
[I 2023-11-30 12:09:34,581] Trial 65 finished with value: 0.13977015018463135 and parameters: {'gradient_clip_val': 0.3024717176479541, 'hidden_size': 118, 'dropout': 0.3067125140671839, 'hidden_continuous_size': 88, 'attention_head_size': 2, 'learning_rate': 0.029901904099587793}. Best is trial 44 with value: 0.06770706921815872.
LOCAL_RANK: 0 - CUDA_VISIBLE_DEVICES: [0]
[I 2023-11-30 12:09:49,353] Trial 66 finished with value: 0.18553543090820312 and parameters: {'gradient_clip_val': 0.3532296203292931, 'hidden_size': 136, 'dropout': 0.29439289518281625, 'hidden_continuous_size': 98, 'attention_head_size': 3, 'learning_rate': 0.01234163375301127}. Best is trial 44 with value: 0.06770706921815872.
LOCAL_RANK: 0 - CUDA_VISIBLE_DEVICES: [0]
[I 2023-11-30 12:10:04,450] Trial 67 finished with value: 0.18836712837219238 and parameters: {'gradient_clip_val': 0.5755329576921947, 'hidden_size': 150, 'dropout': 0.25494015058988273, 'hidden_continuous_size': 99, 'attention_head_size': 2, 'learning_rate': 0.017295096000039895}. Best is trial 44 with value: 0.06770706921815872.
LOCAL_RANK: 0 - CUDA_VISIBLE_DEVICES: [0]
[I 2023-11-30 12:10:19,167] Trial 68 finished with value: 0.2028028517961502 and parameters: {'gradient_clip_val': 0.5182885757191532, 'hidden_size': 102, 'dropout': 0.2713400187880296, 'hidden_continuous_size': 77, 'attention_head_size': 3, 'learning_rate': 0.014342878287738023}. Best is trial 44 with value: 0.06770706921815872.
LOCAL_RANK: 0 - CUDA_VISIBLE_DEVICES: [0]
[I 2023-11-30 12:10:33,856] Trial 69 finished with value: 0.1577317714691162 and parameters: {'gradient_clip_val': 0.446513967701883, 'hidden_size': 127, 'dropout': 0.28570180350626506, 'hidden_continuous_size': 84, 'attention_head_size': 2, 'learning_rate': 0.020899156066322574}. Best is trial 44 with value: 0.06770706921815872.
LOCAL_RANK: 0 - CUDA_VISIBLE_DEVICES: [0]
[I 2023-11-30 12:10:48,162] Trial 70 finished with value: 0.09110328555107117 and parameters: {'gradient_clip_val': 0.2727754664420117, 'hidden_size': 113, 'dropout': 0.3102605570873179, 'hidden_continuous_size': 65, 'attention_head_size': 1, 'learning_rate': 0.025743814111672435}. Best is trial 44 with value: 0.06770706921815872.
LOCAL_RANK: 0 - CUDA_VISIBLE_DEVICES: [0]
[I 2023-11-30 12:11:02,610] Trial 71 finished with value: 0.14419867098331451 and parameters: {'gradient_clip_val': 0.3092263996466726, 'hidden_size': 115, 'dropout': 0.3152467799814742, 'hidden_continuous_size': 67, 'attention_head_size': 1, 'learning_rate': 0.025124100159969614}. Best is trial 44 with value: 0.06770706921815872.
LOCAL_RANK: 0 - CUDA_VISIBLE_DEVICES: [0]
[I 2023-11-30 12:11:16,922] Trial 72 finished with value: 0.1972436159849167 and parameters: {'gradient_clip_val': 0.2609208125913166, 'hidden_size': 98, 'dropout': 0.28113730085945865, 'hidden_continuous_size': 74, 'attention_head_size': 1, 'learning_rate': 0.030668157632702312}. Best is trial 44 with value: 0.06770706921815872.
LOCAL_RANK: 0 - CUDA_VISIBLE_DEVICES: [0]
