[I 2023-11-30 01:11:09,952] Trial 36 finished with value: 0.12772606313228607 and parameters: {'gradient_clip_val': 0.23397851140696088, 'hidden_size': 149, 'dropout': 0.11967914838061675, 'hidden_continuous_size': 99, 'attention_head_size': 1, 'learning_rate': 0.011503712309441203}. Best is trial 27 with value: 0.09303265810012817.
LOCAL_RANK: 0 - CUDA_VISIBLE_DEVICES: [0]
[I 2023-11-30 01:11:24,155] Trial 37 finished with value: 0.1658332198858261 and parameters: {'gradient_clip_val': 0.1034818659879573, 'hidden_size': 99, 'dropout': 0.13569377874149358, 'hidden_continuous_size': 60, 'attention_head_size': 2, 'learning_rate': 0.008439460468033289}. Best is trial 27 with value: 0.09303265810012817.
LOCAL_RANK: 0 - CUDA_VISIBLE_DEVICES: [0]
[I 2023-11-30 01:11:38,792] Trial 38 finished with value: 0.12961681187152863 and parameters: {'gradient_clip_val': 0.3024301762339917, 'hidden_size': 126, 'dropout': 0.1602545374873621, 'hidden_continuous_size': 80, 'attention_head_size': 3, 'learning_rate': 0.02269700852043502}. Best is trial 27 with value: 0.09303265810012817.
LOCAL_RANK: 0 - CUDA_VISIBLE_DEVICES: [0]
[I 2023-11-30 01:11:52,745] Trial 39 finished with value: 0.14003914594650269 and parameters: {'gradient_clip_val': 0.17896977636412775, 'hidden_size': 74, 'dropout': 0.18329376187261526, 'hidden_continuous_size': 52, 'attention_head_size': 1, 'learning_rate': 0.015351766854304423}. Best is trial 27 with value: 0.09303265810012817.
LOCAL_RANK: 0 - CUDA_VISIBLE_DEVICES: [0]
[I 2023-11-30 01:12:07,067] Trial 40 finished with value: 0.14460991322994232 and parameters: {'gradient_clip_val': 0.1432639524561705, 'hidden_size': 91, 'dropout': 0.11987626106592908, 'hidden_continuous_size': 67, 'attention_head_size': 2, 'learning_rate': 0.0430080221832138}. Best is trial 27 with value: 0.09303265810012817.
LOCAL_RANK: 0 - CUDA_VISIBLE_DEVICES: [0]
[I 2023-11-30 01:12:21,725] Trial 41 finished with value: 0.14175716042518616 and parameters: {'gradient_clip_val': 0.23398133859676598, 'hidden_size': 134, 'dropout': 0.1139577262860004, 'hidden_continuous_size': 104, 'attention_head_size': 1, 'learning_rate': 0.01031862501325717}. Best is trial 27 with value: 0.09303265810012817.
LOCAL_RANK: 0 - CUDA_VISIBLE_DEVICES: [0]
[I 2023-11-30 01:12:36,087] Trial 42 finished with value: 0.14059744775295258 and parameters: {'gradient_clip_val': 0.18746032331823342, 'hidden_size': 111, 'dropout': 0.1336757452256619, 'hidden_continuous_size': 73, 'attention_head_size': 1, 'learning_rate': 0.01199328372873933}. Best is trial 27 with value: 0.09303265810012817.
LOCAL_RANK: 0 - CUDA_VISIBLE_DEVICES: [0]
[I 2023-11-30 01:12:51,081] Trial 43 finished with value: 0.11507534980773926 and parameters: {'gradient_clip_val': 0.2279453386765789, 'hidden_size': 146, 'dropout': 0.10016374111653113, 'hidden_continuous_size': 105, 'attention_head_size': 1, 'learning_rate': 0.007169772715609766}. Best is trial 27 with value: 0.09303265810012817.
LOCAL_RANK: 0 - CUDA_VISIBLE_DEVICES: [0]
[I 2023-11-30 01:13:05,660] Trial 44 finished with value: 0.08061498403549194 and parameters: {'gradient_clip_val': 0.2288376041469334, 'hidden_size': 126, 'dropout': 0.10096145177700432, 'hidden_continuous_size': 103, 'attention_head_size': 3, 'learning_rate': 0.0073066481868036244}. Best is trial 44 with value: 0.08061498403549194.
LOCAL_RANK: 0 - CUDA_VISIBLE_DEVICES: [0]
[I 2023-11-30 01:13:20,353] Trial 45 finished with value: 0.1736418455839157 and parameters: {'gradient_clip_val': 0.21579140671684605, 'hidden_size': 133, 'dropout': 0.10232979484514498, 'hidden_continuous_size': 110, 'attention_head_size': 1, 'learning_rate': 0.004684433958530588}. Best is trial 44 with value: 0.08061498403549194.
LOCAL_RANK: 0 - CUDA_VISIBLE_DEVICES: [0]
[I 2023-11-30 01:13:35,075] Trial 46 finished with value: 0.12338545173406601 and parameters: {'gradient_clip_val': 0.2622739291866877, 'hidden_size': 129, 'dropout': 0.11776015752296252, 'hidden_continuous_size': 89, 'attention_head_size': 2, 'learning_rate': 0.006812107546741883}. Best is trial 44 with value: 0.08061498403549194.
LOCAL_RANK: 0 - CUDA_VISIBLE_DEVICES: [0]
[I 2023-11-30 01:13:49,754] Trial 47 finished with value: 0.14098598062992096 and parameters: {'gradient_clip_val': 0.2146622128275455, 'hidden_size': 102, 'dropout': 0.10598828764994343, 'hidden_continuous_size': 79, 'attention_head_size': 3, 'learning_rate': 0.00810975533809532}. Best is trial 44 with value: 0.08061498403549194.
LOCAL_RANK: 0 - CUDA_VISIBLE_DEVICES: [0]
[I 2023-11-30 01:14:03,774] Trial 48 finished with value: 0.2548268735408783 and parameters: {'gradient_clip_val': 0.239520768685938, 'hidden_size': 74, 'dropout': 0.13876706867569888, 'hidden_continuous_size': 61, 'attention_head_size': 1, 'learning_rate': 0.005594662404432751}. Best is trial 44 with value: 0.08061498403549194.
LOCAL_RANK: 0 - CUDA_VISIBLE_DEVICES: [0]
[I 2023-11-30 01:14:18,588] Trial 49 finished with value: 0.21191394329071045 and parameters: {'gradient_clip_val': 0.28602467130019, 'hidden_size': 121, 'dropout': 0.12557869301474087, 'hidden_continuous_size': 115, 'attention_head_size': 3, 'learning_rate': 0.0033152164510808}. Best is trial 44 with value: 0.08061498403549194.
LOCAL_RANK: 0 - CUDA_VISIBLE_DEVICES: [0]
[I 2023-11-30 01:14:33,481] Trial 50 finished with value: 0.12987235188484192 and parameters: {'gradient_clip_val': 0.3279451439249388, 'hidden_size': 148, 'dropout': 0.1530556675501417, 'hidden_continuous_size': 123, 'attention_head_size': 2, 'learning_rate': 0.009634438095626342}. Best is trial 44 with value: 0.08061498403549194.
LOCAL_RANK: 0 - CUDA_VISIBLE_DEVICES: [0]
[I 2023-11-30 01:14:48,039] Trial 51 finished with value: 0.11161446571350098 and parameters: {'gradient_clip_val': 0.17565837236579226, 'hidden_size': 108, 'dropout': 0.15674446338666004, 'hidden_continuous_size': 93, 'attention_head_size': 3, 'learning_rate': 0.018093623195838623}. Best is trial 44 with value: 0.08061498403549194.
LOCAL_RANK: 0 - CUDA_VISIBLE_DEVICES: [0]
[I 2023-11-30 01:15:02,700] Trial 52 finished with value: 0.20768721401691437 and parameters: {'gradient_clip_val': 0.18199866369206652, 'hidden_size': 106, 'dropout': 0.1571466874633959, 'hidden_continuous_size': 94, 'attention_head_size': 3, 'learning_rate': 0.007302727299615771}. Best is trial 44 with value: 0.08061498403549194.
LOCAL_RANK: 0 - CUDA_VISIBLE_DEVICES: [0]
[I 2023-11-30 01:15:17,555] Trial 53 finished with value: 0.13735957443714142 and parameters: {'gradient_clip_val': 0.20100122873756407, 'hidden_size': 136, 'dropout': 0.14247151517747528, 'hidden_continuous_size': 98, 'attention_head_size': 3, 'learning_rate': 0.013766271256505341}. Best is trial 44 with value: 0.08061498403549194.
LOCAL_RANK: 0 - CUDA_VISIBLE_DEVICES: [0]
[I 2023-11-30 01:15:32,142] Trial 54 finished with value: 0.14950023591518402 and parameters: {'gradient_clip_val': 0.22437487729936434, 'hidden_size': 94, 'dropout': 0.12203492847486395, 'hidden_continuous_size': 83, 'attention_head_size': 3, 'learning_rate': 0.009926742506174984}. Best is trial 44 with value: 0.08061498403549194.
LOCAL_RANK: 0 - CUDA_VISIBLE_DEVICES: [0]
[I 2023-11-30 01:15:46,894] Trial 55 finished with value: 0.17264597117900848 and parameters: {'gradient_clip_val': 0.2657661589658221, 'hidden_size': 123, 'dropout': 0.1029216345093046, 'hidden_continuous_size': 104, 'attention_head_size': 3, 'learning_rate': 0.020717796895299942}. Best is trial 44 with value: 0.08061498403549194.
LOCAL_RANK: 0 - CUDA_VISIBLE_DEVICES: [0]
[I 2023-11-30 01:16:01,525] Trial 56 finished with value: 0.21668641269207 and parameters: {'gradient_clip_val': 0.19981747214263776, 'hidden_size': 136, 'dropout': 0.15702629118714684, 'hidden_continuous_size': 124, 'attention_head_size': 3, 'learning_rate': 0.006080454127227408}. Best is trial 44 with value: 0.08061498403549194.
LOCAL_RANK: 0 - CUDA_VISIBLE_DEVICES: [0]
[I 2023-11-30 01:16:16,063] Trial 57 finished with value: 0.205000638961792 and parameters: {'gradient_clip_val': 0.24475850564361765, 'hidden_size': 104, 'dropout': 0.19654994043069007, 'hidden_continuous_size': 87, 'attention_head_size': 4, 'learning_rate': 0.008476041382476499}. Best is trial 44 with value: 0.08061498403549194.
LOCAL_RANK: 0 - CUDA_VISIBLE_DEVICES: [0]
[I 2023-11-30 01:16:30,561] Trial 58 finished with value: 0.1706840544939041 and parameters: {'gradient_clip_val': 0.17227793851598644, 'hidden_size': 89, 'dropout': 0.1363283694317315, 'hidden_continuous_size': 73, 'attention_head_size': 2, 'learning_rate': 0.024889549453113672}. Best is trial 44 with value: 0.08061498403549194.
LOCAL_RANK: 0 - CUDA_VISIBLE_DEVICES: [0]
[I 2023-11-30 01:16:45,167] Trial 59 finished with value: 0.10998693108558655 and parameters: {'gradient_clip_val': 0.14601352493322353, 'hidden_size': 115, 'dropout': 0.17487055981203276, 'hidden_continuous_size': 96, 'attention_head_size': 3, 'learning_rate': 0.01798991828638464}. Best is trial 44 with value: 0.08061498403549194.
LOCAL_RANK: 0 - CUDA_VISIBLE_DEVICES: [0]
[I 2023-11-30 01:16:59,016] Trial 60 finished with value: 0.13083110749721527 and parameters: {'gradient_clip_val': 0.15351611523627448, 'hidden_size': 61, 'dropout': 0.17375761300963635, 'hidden_continuous_size': 57, 'attention_head_size': 3, 'learning_rate': 0.02000315730283649}. Best is trial 44 with value: 0.08061498403549194.
LOCAL_RANK: 0 - CUDA_VISIBLE_DEVICES: [0]
[I 2023-11-30 01:17:13,695] Trial 61 finished with value: 0.10696858167648315 and parameters: {'gradient_clip_val': 0.1886573572198565, 'hidden_size': 117, 'dropout': 0.16693166393212988, 'hidden_continuous_size': 95, 'attention_head_size': 3, 'learning_rate': 0.016915937881520998}. Best is trial 44 with value: 0.08061498403549194.
LOCAL_RANK: 0 - CUDA_VISIBLE_DEVICES: [0]
[I 2023-11-30 01:17:28,472] Trial 62 finished with value: 0.17040574550628662 and parameters: {'gradient_clip_val': 0.18542650801144095, 'hidden_size': 115, 'dropout': 0.1890307760851238, 'hidden_continuous_size': 95, 'attention_head_size': 3, 'learning_rate': 0.017313360414217858}. Best is trial 44 with value: 0.08061498403549194.
LOCAL_RANK: 0 - CUDA_VISIBLE_DEVICES: [0]
[I 2023-11-30 01:17:43,044] Trial 63 finished with value: 0.1387014538049698 and parameters: {'gradient_clip_val': 0.17294910662041454, 'hidden_size': 120, 'dropout': 0.17810473819024555, 'hidden_continuous_size': 102, 'attention_head_size': 3, 'learning_rate': 0.014799183762063529}. Best is trial 44 with value: 0.08061498403549194.
LOCAL_RANK: 0 - CUDA_VISIBLE_DEVICES: [0]
[I 2023-11-30 01:17:57,633] Trial 64 finished with value: 0.10635483264923096 and parameters: {'gradient_clip_val': 0.2146944307403345, 'hidden_size': 107, 'dropout': 0.20257095346739906, 'hidden_continuous_size': 86, 'attention_head_size': 3, 'learning_rate': 0.01263773541776918}. Best is trial 44 with value: 0.08061498403549194.
LOCAL_RANK: 0 - CUDA_VISIBLE_DEVICES: [0]
[I 2023-11-30 01:18:11,811] Trial 65 finished with value: 0.1753930002450943 and parameters: {'gradient_clip_val': 0.2106236863118936, 'hidden_size': 80, 'dropout': 0.2166127768438047, 'hidden_continuous_size': 73, 'attention_head_size': 3, 'learning_rate': 0.012306018381894815}. Best is trial 44 with value: 0.08061498403549194.
LOCAL_RANK: 0 - CUDA_VISIBLE_DEVICES: [0]
[I 2023-11-30 01:18:26,414] Trial 66 finished with value: 0.12653949856758118 and parameters: {'gradient_clip_val': 0.18885415416135304, 'hidden_size': 106, 'dropout': 0.2010078967494423, 'hidden_continuous_size': 85, 'attention_head_size': 3, 'learning_rate': 0.017276409279234108}. Best is trial 44 with value: 0.08061498403549194.
LOCAL_RANK: 0 - CUDA_VISIBLE_DEVICES: [0]
[I 2023-11-30 01:18:41,165] Trial 67 finished with value: 0.1411045342683792 and parameters: {'gradient_clip_val': 0.22155054279874892, 'hidden_size': 95, 'dropout': 0.16699097401016433, 'hidden_continuous_size': 85, 'attention_head_size': 4, 'learning_rate': 0.023396311620328514}. Best is trial 44 with value: 0.08061498403549194.
LOCAL_RANK: 0 - CUDA_VISIBLE_DEVICES: [0]
[I 2023-11-30 01:18:55,909] Trial 68 finished with value: 0.14494232833385468 and parameters: {'gradient_clip_val': 0.14733985227178248, 'hidden_size': 136, 'dropout': 0.15395647574024524, 'hidden_continuous_size': 113, 'attention_head_size': 3, 'learning_rate': 0.014381788042965174}. Best is trial 44 with value: 0.08061498403549194.
LOCAL_RANK: 0 - CUDA_VISIBLE_DEVICES: [0]
[I 2023-11-30 01:19:10,577] Trial 69 finished with value: 0.134498730301857 and parameters: {'gradient_clip_val': 0.16510418966336896, 'hidden_size': 114, 'dropout': 0.18067480755609724, 'hidden_continuous_size': 91, 'attention_head_size': 3, 'learning_rate': 0.029100286451268543}. Best is trial 44 with value: 0.08061498403549194.
LOCAL_RANK: 0 - CUDA_VISIBLE_DEVICES: [0]
[I 2023-11-30 01:19:25,163] Trial 70 finished with value: 0.10877692699432373 and parameters: {'gradient_clip_val': 0.19649996406969006, 'hidden_size': 97, 'dropout': 0.2072541695765004, 'hidden_continuous_size': 83, 'attention_head_size': 4, 'learning_rate': 0.010967464869134406}. Best is trial 44 with value: 0.08061498403549194.
LOCAL_RANK: 0 - CUDA_VISIBLE_DEVICES: [0]
[I 2023-11-30 01:19:40,084] Trial 71 finished with value: 0.08831969648599625 and parameters: {'gradient_clip_val': 0.19104895670073846, 'hidden_size': 127, 'dropout': 0.18976899604407282, 'hidden_continuous_size': 96, 'attention_head_size': 4, 'learning_rate': 0.010958660589118017}. Best is trial 44 with value: 0.08061498403549194.
LOCAL_RANK: 0 - CUDA_VISIBLE_DEVICES: [0]
[I 2023-11-30 01:19:54,777] Trial 72 finished with value: 0.16297157108783722 and parameters: {'gradient_clip_val': 0.20153972582741442, 'hidden_size': 101, 'dropout': 0.19611695930184161, 'hidden_continuous_size': 91, 'attention_head_size': 4, 'learning_rate': 0.011288564384143192}. Best is trial 44 with value: 0.08061498403549194.
LOCAL_RANK: 0 - CUDA_VISIBLE_DEVICES: [0]
[I 2023-11-30 01:20:09,669] Trial 73 finished with value: 0.16955070197582245 and parameters: {'gradient_clip_val': 0.1907758813576814, 'hidden_size': 122, 'dropout': 0.20792480269584945, 'hidden_continuous_size': 96, 'attention_head_size': 4, 'learning_rate': 0.018639395448183185}. Best is trial 44 with value: 0.08061498403549194.
LOCAL_RANK: 0 - CUDA_VISIBLE_DEVICES: [0]
[I 2023-11-30 01:20:24,301] Trial 74 finished with value: 0.0956430435180664 and parameters: {'gradient_clip_val': 0.1746689510254381, 'hidden_size': 108, 'dropout': 0.18745877231122532, 'hidden_continuous_size': 82, 'attention_head_size': 4, 'learning_rate': 0.016135862295819158}. Best is trial 44 with value: 0.08061498403549194.
LOCAL_RANK: 0 - CUDA_VISIBLE_DEVICES: [0]
[I 2023-11-30 01:20:38,838] Trial 75 finished with value: 0.22775252163410187 and parameters: {'gradient_clip_val': 0.15848683432645203, 'hidden_size': 94, 'dropout': 0.2160715654464349, 'hidden_continuous_size': 80, 'attention_head_size': 4, 'learning_rate': 0.013017211604258633}. Best is trial 44 with value: 0.08061498403549194.
LOCAL_RANK: 0 - CUDA_VISIBLE_DEVICES: [0]
[I 2023-11-30 01:20:53,317] Trial 76 finished with value: 0.10146632045507431 and parameters: {'gradient_clip_val': 0.2073927514593997, 'hidden_size': 87, 'dropout': 0.19410980388027424, 'hidden_continuous_size': 77, 'attention_head_size': 4, 'learning_rate': 0.015186692973935935}. Best is trial 44 with value: 0.08061498403549194.
LOCAL_RANK: 0 - CUDA_VISIBLE_DEVICES: [0]
[I 2023-11-30 01:21:07,848] Trial 77 finished with value: 0.12657959759235382 and parameters: {'gradient_clip_val': 0.208765613116729, 'hidden_size': 83, 'dropout': 0.2258735459150982, 'hidden_continuous_size': 76, 'attention_head_size': 4, 'learning_rate': 0.010681527121494162}. Best is trial 44 with value: 0.08061498403549194.
LOCAL_RANK: 0 - CUDA_VISIBLE_DEVICES: [0]
[I 2023-11-30 01:21:22,369] Trial 78 finished with value: 0.1564478725194931 and parameters: {'gradient_clip_val': 0.1974155925967163, 'hidden_size': 88, 'dropout': 0.18934286117372817, 'hidden_continuous_size': 82, 'attention_head_size': 4, 'learning_rate': 0.013501693103772514}. Best is trial 44 with value: 0.08061498403549194.
LOCAL_RANK: 0 - CUDA_VISIBLE_DEVICES: [0]
[I 2023-11-30 01:21:37,206] Trial 79 finished with value: 0.11136764287948608 and parameters: {'gradient_clip_val': 0.24994790409645357, 'hidden_size': 136, 'dropout': 0.1974468272664121, 'hidden_continuous_size': 109, 'attention_head_size': 4, 'learning_rate': 0.009404162696655468}. Best is trial 44 with value: 0.08061498403549194.
LOCAL_RANK: 0 - CUDA_VISIBLE_DEVICES: [0]
[I 2023-11-30 01:21:51,850] Trial 80 finished with value: 0.15161412954330444 and parameters: {'gradient_clip_val': 0.16764983223969573, 'hidden_size': 127, 'dropout': 0.1852201131095475, 'hidden_continuous_size': 69, 'attention_head_size': 4, 'learning_rate': 0.015990548221044166}. Best is trial 44 with value: 0.08061498403549194.
LOCAL_RANK: 0 - CUDA_VISIBLE_DEVICES: [0]
[I 2023-11-30 01:22:06,573] Trial 81 finished with value: 0.18958532810211182 and parameters: {'gradient_clip_val': 0.18234321396313594, 'hidden_size': 113, 'dropout': 0.1691250797710757, 'hidden_continuous_size': 87, 'attention_head_size': 4, 'learning_rate': 0.015243578087608822}. Best is trial 44 with value: 0.08061498403549194.
LOCAL_RANK: 0 - CUDA_VISIBLE_DEVICES: [0]
[I 2023-11-30 01:22:21,354] Trial 82 finished with value: 0.16646181046962738 and parameters: {'gradient_clip_val': 0.21644848026936947, 'hidden_size': 102, 'dropout': 0.2062689277884064, 'hidden_continuous_size': 85, 'attention_head_size': 4, 'learning_rate': 0.012226879132618277}. Best is trial 44 with value: 0.08061498403549194.
LOCAL_RANK: 0 - CUDA_VISIBLE_DEVICES: [0]
[I 2023-11-30 01:22:36,116] Trial 83 finished with value: 0.1548316776752472 and parameters: {'gradient_clip_val': 0.1471734014485531, 'hidden_size': 117, 'dropout': 0.17686026682706366, 'hidden_continuous_size': 101, 'attention_head_size': 4, 'learning_rate': 0.016167108684006462}. Best is trial 44 with value: 0.08061498403549194.
LOCAL_RANK: 0 - CUDA_VISIBLE_DEVICES: [0]
[I 2023-11-30 01:22:50,801] Trial 84 finished with value: 0.11198130995035172 and parameters: {'gradient_clip_val': 0.17519168933752075, 'hidden_size': 128, 'dropout': 0.16399723361112098, 'hidden_continuous_size': 99, 'attention_head_size': 4, 'learning_rate': 0.020474080997786574}. Best is trial 44 with value: 0.08061498403549194.
LOCAL_RANK: 0 - CUDA_VISIBLE_DEVICES: [0]
[I 2023-11-30 01:23:05,318] Trial 85 finished with value: 0.17932955920696259 and parameters: {'gradient_clip_val': 0.19360175679492378, 'hidden_size': 97, 'dropout': 0.1899479441899064, 'hidden_continuous_size': 78, 'attention_head_size': 4, 'learning_rate': 0.010753887308529922}. Best is trial 44 with value: 0.08061498403549194.
LOCAL_RANK: 0 - CUDA_VISIBLE_DEVICES: [0]
[I 2023-11-30 01:23:20,088] Trial 86 finished with value: 0.145646333694458 and parameters: {'gradient_clip_val': 0.24196826667184462, 'hidden_size': 111, 'dropout': 0.18025587838418666, 'hidden_continuous_size': 94, 'attention_head_size': 4, 'learning_rate': 0.022323484773345177}. Best is trial 44 with value: 0.08061498403549194.
LOCAL_RANK: 0 - CUDA_VISIBLE_DEVICES: [0]
[I 2023-11-30 01:23:35,461] Trial 87 finished with value: 0.25939294695854187 and parameters: {'gradient_clip_val': 0.13828568681683664, 'hidden_size': 141, 'dropout': 0.20199714251819764, 'hidden_continuous_size': 117, 'attention_head_size': 4, 'learning_rate': 0.013022537378658052}. Best is trial 44 with value: 0.08061498403549194.
LOCAL_RANK: 0 - CUDA_VISIBLE_DEVICES: [0]
[I 2023-11-30 01:23:50,284] Trial 88 finished with value: 0.10695227235555649 and parameters: {'gradient_clip_val': 0.22708529628197857, 'hidden_size': 126, 'dropout': 0.1701767435538852, 'hidden_continuous_size': 108, 'attention_head_size': 4, 'learning_rate': 0.011525616747194305}. Best is trial 44 with value: 0.08061498403549194.
LOCAL_RANK: 0 - CUDA_VISIBLE_DEVICES: [0]
[I 2023-11-30 01:24:05,167] Trial 89 finished with value: 0.18728423118591309 and parameters: {'gradient_clip_val': 0.23029680991965915, 'hidden_size': 129, 'dropout': 0.19424855525317422, 'hidden_continuous_size': 109, 'attention_head_size': 4, 'learning_rate': 0.011560302078135744}. Best is trial 44 with value: 0.08061498403549194.
LOCAL_RANK: 0 - CUDA_VISIBLE_DEVICES: [0]
[I 2023-11-30 01:24:20,528] Trial 90 finished with value: 0.11543849855661392 and parameters: {'gradient_clip_val': 0.20497176455452534, 'hidden_size': 143, 'dropout': 0.1513238328024755, 'hidden_continuous_size': 135, 'attention_head_size': 4, 'learning_rate': 0.00919182569830359}. Best is trial 44 with value: 0.08061498403549194.
LOCAL_RANK: 0 - CUDA_VISIBLE_DEVICES: [0]
[I 2023-11-30 01:24:35,218] Trial 91 finished with value: 0.17381294071674347 and parameters: {'gradient_clip_val': 0.16329109694920382, 'hidden_size': 107, 'dropout': 0.1718274684393527, 'hidden_continuous_size': 90, 'attention_head_size': 4, 'learning_rate': 0.014689522180772258}. Best is trial 44 with value: 0.08061498403549194.
LOCAL_RANK: 0 - CUDA_VISIBLE_DEVICES: [0]
[I 2023-11-30 01:24:50,093] Trial 92 finished with value: 0.1616305261850357 and parameters: {'gradient_clip_val': 0.18445456837337162, 'hidden_size': 120, 'dropout': 0.18322771363206788, 'hidden_continuous_size': 101, 'attention_head_size': 4, 'learning_rate': 0.010085912275654611}. Best is trial 44 with value: 0.08061498403549194.
LOCAL_RANK: 0 - CUDA_VISIBLE_DEVICES: [0]
[I 2023-11-30 01:25:04,637] Trial 93 finished with value: 0.14439517259597778 and parameters: {'gradient_clip_val': 0.21884572435886612, 'hidden_size': 98, 'dropout': 0.16970079475677968, 'hidden_continuous_size': 84, 'attention_head_size': 4, 'learning_rate': 0.018732141660969183}. Best is trial 44 with value: 0.08061498403549194.
LOCAL_RANK: 0 - CUDA_VISIBLE_DEVICES: [0]
