[I 2023-11-30 12:53:02,032] Trial 97 finished with value: 5250.02587890625 and parameters: {'gradient_clip_val': 0.13866951646653639, 'hidden_size': 140, 'dropout': 0.2989031997514016, 'hidden_continuous_size': 68, 'attention_head_size': 4, 'learning_rate': 0.0070106280125126095}. Best is trial 16 with value: 2988.691650390625.
LOCAL_RANK: 0 - CUDA_VISIBLE_DEVICES: [0]
[I 2023-11-30 12:53:16,729] Trial 98 finished with value: 4026.196533203125 and parameters: {'gradient_clip_val': 0.11179602650512196, 'hidden_size': 102, 'dropout': 0.2635418721000642, 'hidden_continuous_size': 57, 'attention_head_size': 4, 'learning_rate': 0.005423159377950172}. Best is trial 16 with value: 2988.691650390625.
LOCAL_RANK: 0 - CUDA_VISIBLE_DEVICES: [0]
[I 2023-11-30 12:53:30,917] Trial 99 finished with value: 3856.376708984375 and parameters: {'gradient_clip_val': 0.1595897707861103, 'hidden_size': 92, 'dropout': 0.2786608713868171, 'hidden_continuous_size': 54, 'attention_head_size': 4, 'learning_rate': 0.008757301543206286}. Best is trial 16 with value: 2988.691650390625.
LOCAL_RANK: 0 - CUDA_VISIBLE_DEVICES: [0]
[I 2023-11-30 12:53:45,346] Trial 100 finished with value: 3092.678955078125 and parameters: {'gradient_clip_val': 0.10565387187834181, 'hidden_size': 110, 'dropout': 0.29541293740242797, 'hidden_continuous_size': 48, 'attention_head_size': 4, 'learning_rate': 0.006023780034770383}. Best is trial 16 with value: 2988.691650390625.
LOCAL_RANK: 0 - CUDA_VISIBLE_DEVICES: [0]
[I 2023-11-30 12:53:59,773] Trial 101 finished with value: 3335.4970703125 and parameters: {'gradient_clip_val': 0.10316980146206409, 'hidden_size': 114, 'dropout': 0.2925963865497163, 'hidden_continuous_size': 50, 'attention_head_size': 4, 'learning_rate': 0.006059404313208597}. Best is trial 16 with value: 2988.691650390625.
LOCAL_RANK: 0 - CUDA_VISIBLE_DEVICES: [0]
[I 2023-11-30 12:54:14,187] Trial 102 finished with value: 4090.642578125 and parameters: {'gradient_clip_val': 0.11927753947714215, 'hidden_size': 113, 'dropout': 0.2952195751149983, 'hidden_continuous_size': 50, 'attention_head_size': 4, 'learning_rate': 0.005962518168395768}. Best is trial 16 with value: 2988.691650390625.
LOCAL_RANK: 0 - CUDA_VISIBLE_DEVICES: [0]
[I 2023-11-30 12:54:28,927] Trial 103 finished with value: 4055.818603515625 and parameters: {'gradient_clip_val': 0.10405779124994827, 'hidden_size': 129, 'dropout': 0.2856926516982188, 'hidden_continuous_size': 43, 'attention_head_size': 4, 'learning_rate': 0.004743980769909277}. Best is trial 16 with value: 2988.691650390625.
LOCAL_RANK: 0 - CUDA_VISIBLE_DEVICES: [0]
[I 2023-11-30 12:54:43,687] Trial 104 finished with value: 4500.22265625 and parameters: {'gradient_clip_val': 0.1039075291196455, 'hidden_size': 150, 'dropout': 0.3032967168429928, 'hidden_continuous_size': 47, 'attention_head_size': 4, 'learning_rate': 0.004168332930847559}. Best is trial 16 with value: 2988.691650390625.
LOCAL_RANK: 0 - CUDA_VISIBLE_DEVICES: [0]
[I 2023-11-30 12:54:57,610] Trial 105 finished with value: 4164.27001953125 and parameters: {'gradient_clip_val': 0.1258916344439648, 'hidden_size': 120, 'dropout': 0.2900833436568858, 'hidden_continuous_size': 45, 'attention_head_size': 1, 'learning_rate': 0.0061636575272844135}. Best is trial 16 with value: 2988.691650390625.
LOCAL_RANK: 0 - CUDA_VISIBLE_DEVICES: [0]
[I 2023-11-30 12:55:11,980] Trial 106 finished with value: 3518.708740234375 and parameters: {'gradient_clip_val': 0.11789875824570234, 'hidden_size': 109, 'dropout': 0.2547579947863169, 'hidden_continuous_size': 51, 'attention_head_size': 4, 'learning_rate': 0.005234950774889935}. Best is trial 16 with value: 2988.691650390625.
LOCAL_RANK: 0 - CUDA_VISIBLE_DEVICES: [0]
[I 2023-11-30 12:55:26,475] Trial 107 finished with value: 3813.869873046875 and parameters: {'gradient_clip_val': 0.1341179839008062, 'hidden_size': 108, 'dropout': 0.2515428220960578, 'hidden_continuous_size': 49, 'attention_head_size': 4, 'learning_rate': 0.005160828696884635}. Best is trial 16 with value: 2988.691650390625.
LOCAL_RANK: 0 - CUDA_VISIBLE_DEVICES: [0]
[I 2023-11-30 12:55:41,253] Trial 108 finished with value: 4876.4775390625 and parameters: {'gradient_clip_val': 0.11783370895570354, 'hidden_size': 139, 'dropout': 0.2573483901762479, 'hidden_continuous_size': 43, 'attention_head_size': 4, 'learning_rate': 0.004472353802017073}. Best is trial 16 with value: 2988.691650390625.
LOCAL_RANK: 0 - CUDA_VISIBLE_DEVICES: [0]
[I 2023-11-30 12:55:55,667] Trial 109 finished with value: 4872.70751953125 and parameters: {'gradient_clip_val': 0.12816360081486539, 'hidden_size': 126, 'dropout': 0.26444698258546045, 'hidden_continuous_size': 53, 'attention_head_size': 3, 'learning_rate': 0.0034975297436350013}. Best is trial 16 with value: 2988.691650390625.
LOCAL_RANK: 0 - CUDA_VISIBLE_DEVICES: [0]
[I 2023-11-30 12:56:09,945] Trial 110 finished with value: 4558.14892578125 and parameters: {'gradient_clip_val': 0.10861768139944843, 'hidden_size': 116, 'dropout': 0.2707876274275122, 'hidden_continuous_size': 51, 'attention_head_size': 4, 'learning_rate': 0.007030108236645186}. Best is trial 16 with value: 2988.691650390625.
LOCAL_RANK: 0 - CUDA_VISIBLE_DEVICES: [0]
[I 2023-11-30 12:56:24,397] Trial 111 finished with value: 3937.960205078125 and parameters: {'gradient_clip_val': 0.105524397802153, 'hidden_size': 101, 'dropout': 0.2806163338908096, 'hidden_continuous_size': 47, 'attention_head_size': 4, 'learning_rate': 0.005743481554328617}. Best is trial 16 with value: 2988.691650390625.
LOCAL_RANK: 0 - CUDA_VISIBLE_DEVICES: [0]
[I 2023-11-30 12:56:38,829] Trial 112 finished with value: 4457.93212890625 and parameters: {'gradient_clip_val': 0.11725786096843971, 'hidden_size': 95, 'dropout': 0.29704231807754417, 'hidden_continuous_size': 55, 'attention_head_size': 4, 'learning_rate': 0.006564626867109937}. Best is trial 16 with value: 2988.691650390625.
LOCAL_RANK: 0 - CUDA_VISIBLE_DEVICES: [0]
[I 2023-11-30 12:56:53,714] Trial 113 finished with value: 4060.559326171875 and parameters: {'gradient_clip_val': 0.10024960133138663, 'hidden_size': 135, 'dropout': 0.3118848817431462, 'hidden_continuous_size': 59, 'attention_head_size': 4, 'learning_rate': 0.004957013405561957}. Best is trial 16 with value: 2988.691650390625.
LOCAL_RANK: 0 - CUDA_VISIBLE_DEVICES: [0]
[I 2023-11-30 12:57:08,058] Trial 114 finished with value: 4100.19677734375 and parameters: {'gradient_clip_val': 0.11193071195464098, 'hidden_size': 108, 'dropout': 0.3046375798791537, 'hidden_continuous_size': 49, 'attention_head_size': 4, 'learning_rate': 0.0076707676534753765}. Best is trial 16 with value: 2988.691650390625.
LOCAL_RANK: 0 - CUDA_VISIBLE_DEVICES: [0]
[I 2023-11-30 12:57:22,859] Trial 115 finished with value: 4014.275146484375 and parameters: {'gradient_clip_val': 0.12167866813934444, 'hidden_size': 143, 'dropout': 0.2880741680340934, 'hidden_continuous_size': 63, 'attention_head_size': 4, 'learning_rate': 0.005899914483550991}. Best is trial 16 with value: 2988.691650390625.
LOCAL_RANK: 0 - CUDA_VISIBLE_DEVICES: [0]
[I 2023-11-30 12:57:37,422] Trial 116 finished with value: 4247.69482421875 and parameters: {'gradient_clip_val': 0.11022616242139048, 'hidden_size': 123, 'dropout': 0.2456495602216427, 'hidden_continuous_size': 52, 'attention_head_size': 4, 'learning_rate': 0.005254034901181299}. Best is trial 16 with value: 2988.691650390625.
LOCAL_RANK: 0 - CUDA_VISIBLE_DEVICES: [0]
[I 2023-11-30 12:57:51,585] Trial 117 finished with value: 4527.74462890625 and parameters: {'gradient_clip_val': 0.10433396169550783, 'hidden_size': 116, 'dropout': 0.27000729188131584, 'hidden_continuous_size': 45, 'attention_head_size': 3, 'learning_rate': 0.004032275364880312}. Best is trial 16 with value: 2988.691650390625.
LOCAL_RANK: 0 - CUDA_VISIBLE_DEVICES: [0]
[I 2023-11-30 12:58:06,111] Trial 118 finished with value: 4253.84521484375 and parameters: {'gradient_clip_val': 0.12985128511744864, 'hidden_size': 104, 'dropout': 0.28183350863732476, 'hidden_continuous_size': 61, 'attention_head_size': 4, 'learning_rate': 0.004426823876625963}. Best is trial 16 with value: 2988.691650390625.
LOCAL_RANK: 0 - CUDA_VISIBLE_DEVICES: [0]
[I 2023-11-30 12:58:20,935] Trial 119 finished with value: 4226.70068359375 and parameters: {'gradient_clip_val': 0.13851700055460583, 'hidden_size': 133, 'dropout': 0.29377876887438364, 'hidden_continuous_size': 75, 'attention_head_size': 4, 'learning_rate': 0.006643444599463447}. Best is trial 16 with value: 2988.691650390625.
LOCAL_RANK: 0 - CUDA_VISIBLE_DEVICES: [0]
[I 2023-11-30 12:58:35,093] Trial 120 finished with value: 4411.6591796875 and parameters: {'gradient_clip_val': 0.11536789681001329, 'hidden_size': 95, 'dropout': 0.25520797448963106, 'hidden_continuous_size': 56, 'attention_head_size': 2, 'learning_rate': 0.0073767268452506}. Best is trial 16 with value: 2988.691650390625.
LOCAL_RANK: 0 - CUDA_VISIBLE_DEVICES: [0]
[I 2023-11-30 12:58:49,368] Trial 121 finished with value: 3623.199462890625 and parameters: {'gradient_clip_val': 0.11251302342508235, 'hidden_size': 87, 'dropout': 0.27503630295740306, 'hidden_continuous_size': 60, 'attention_head_size': 4, 'learning_rate': 0.00869950971047972}. Best is trial 16 with value: 2988.691650390625.
LOCAL_RANK: 0 - CUDA_VISIBLE_DEVICES: [0]
[I 2023-11-30 12:59:03,769] Trial 122 finished with value: 4139.08837890625 and parameters: {'gradient_clip_val': 0.12188926204813937, 'hidden_size': 112, 'dropout': 0.2757483161997819, 'hidden_continuous_size': 68, 'attention_head_size': 4, 'learning_rate': 0.009121617967101021}. Best is trial 16 with value: 2988.691650390625.
LOCAL_RANK: 0 - CUDA_VISIBLE_DEVICES: [0]
[I 2023-11-30 12:59:18,290] Trial 123 finished with value: 3211.833251953125 and parameters: {'gradient_clip_val': 0.10660627963385648, 'hidden_size': 82, 'dropout': 0.2627779653805131, 'hidden_continuous_size': 54, 'attention_head_size': 4, 'learning_rate': 0.007950891853525405}. Best is trial 16 with value: 2988.691650390625.
LOCAL_RANK: 0 - CUDA_VISIBLE_DEVICES: [0]
[I 2023-11-30 12:59:32,521] Trial 124 finished with value: 4321.48583984375 and parameters: {'gradient_clip_val': 0.10014234307679519, 'hidden_size': 82, 'dropout': 0.2638447550484751, 'hidden_continuous_size': 54, 'attention_head_size': 4, 'learning_rate': 0.00794670705344823}. Best is trial 16 with value: 2988.691650390625.
LOCAL_RANK: 0 - CUDA_VISIBLE_DEVICES: [0]
[I 2023-11-30 12:59:46,836] Trial 125 finished with value: 3774.870361328125 and parameters: {'gradient_clip_val': 0.10497522011057887, 'hidden_size': 100, 'dropout': 0.28530200012928403, 'hidden_continuous_size': 57, 'attention_head_size': 4, 'learning_rate': 0.005812890961237398}. Best is trial 16 with value: 2988.691650390625.
LOCAL_RANK: 0 - CUDA_VISIBLE_DEVICES: [0]
[I 2023-11-30 13:00:00,767] Trial 126 finished with value: 4014.371337890625 and parameters: {'gradient_clip_val': 0.1089925937864813, 'hidden_size': 76, 'dropout': 0.24625025372993933, 'hidden_continuous_size': 51, 'attention_head_size': 3, 'learning_rate': 0.007124795128053623}. Best is trial 16 with value: 2988.691650390625.
LOCAL_RANK: 0 - CUDA_VISIBLE_DEVICES: [0]
[I 2023-11-30 13:00:15,037] Trial 127 finished with value: 4063.44921875 and parameters: {'gradient_clip_val': 0.12434562263190824, 'hidden_size': 73, 'dropout': 0.2372661139303901, 'hidden_continuous_size': 64, 'attention_head_size': 4, 'learning_rate': 0.006518468550345227}. Best is trial 16 with value: 2988.691650390625.
LOCAL_RANK: 0 - CUDA_VISIBLE_DEVICES: [0]
[I 2023-11-30 13:00:29,902] Trial 128 finished with value: 3910.834716796875 and parameters: {'gradient_clip_val': 0.11807406688011154, 'hidden_size': 126, 'dropout': 0.2995497339057512, 'hidden_continuous_size': 80, 'attention_head_size': 4, 'learning_rate': 0.005338461822570043}. Best is trial 16 with value: 2988.691650390625.
LOCAL_RANK: 0 - CUDA_VISIBLE_DEVICES: [0]
[I 2023-11-30 13:00:44,590] Trial 129 finished with value: 4179.64306640625 and parameters: {'gradient_clip_val': 0.14555366602754666, 'hidden_size': 145, 'dropout': 0.2540127419903698, 'hidden_continuous_size': 41, 'attention_head_size': 3, 'learning_rate': 0.004784898138274142}. Best is trial 16 with value: 2988.691650390625.
LOCAL_RANK: 0 - CUDA_VISIBLE_DEVICES: [0]
[I 2023-11-30 13:00:59,123] Trial 130 finished with value: 4069.063232421875 and parameters: {'gradient_clip_val': 0.10724984979948493, 'hidden_size': 108, 'dropout': 0.26804475394131333, 'hidden_continuous_size': 72, 'attention_head_size': 4, 'learning_rate': 0.00989480308518921}. Best is trial 16 with value: 2988.691650390625.
LOCAL_RANK: 0 - CUDA_VISIBLE_DEVICES: [0]
[I 2023-11-30 13:01:13,332] Trial 131 finished with value: 3738.844970703125 and parameters: {'gradient_clip_val': 0.11419864422044013, 'hidden_size': 88, 'dropout': 0.2750682387027567, 'hidden_continuous_size': 58, 'attention_head_size': 4, 'learning_rate': 0.008197111288542176}. Best is trial 16 with value: 2988.691650390625.
LOCAL_RANK: 0 - CUDA_VISIBLE_DEVICES: [0]
[I 2023-11-30 13:01:27,749] Trial 132 finished with value: 3895.497314453125 and parameters: {'gradient_clip_val': 0.11255008387719886, 'hidden_size': 93, 'dropout': 0.2898959943340377, 'hidden_continuous_size': 60, 'attention_head_size': 4, 'learning_rate': 0.009249533925331944}. Best is trial 16 with value: 2988.691650390625.
LOCAL_RANK: 0 - CUDA_VISIBLE_DEVICES: [0]
[I 2023-11-30 13:01:42,129] Trial 133 finished with value: 4133.58544921875 and parameters: {'gradient_clip_val': 0.10382966539378724, 'hidden_size': 84, 'dropout': 0.28035119469966097, 'hidden_continuous_size': 54, 'attention_head_size': 4, 'learning_rate': 0.007591761269061857}. Best is trial 16 with value: 2988.691650390625.
LOCAL_RANK: 0 - CUDA_VISIBLE_DEVICES: [0]
[I 2023-11-30 13:01:56,418] Trial 134 finished with value: 3940.978515625 and parameters: {'gradient_clip_val': 0.13367290561922163, 'hidden_size': 90, 'dropout': 0.2586355199682223, 'hidden_continuous_size': 49, 'attention_head_size': 4, 'learning_rate': 0.006190663213269453}. Best is trial 16 with value: 2988.691650390625.
LOCAL_RANK: 0 - CUDA_VISIBLE_DEVICES: [0]
[I 2023-11-30 13:02:10,499] Trial 135 finished with value: 4069.312744140625 and parameters: {'gradient_clip_val': 0.12388050090958096, 'hidden_size': 69, 'dropout': 0.30834288207838156, 'hidden_continuous_size': 55, 'attention_head_size': 4, 'learning_rate': 0.01140931314788854}. Best is trial 16 with value: 2988.691650390625.
LOCAL_RANK: 0 - CUDA_VISIBLE_DEVICES: [0]
[I 2023-11-30 13:02:24,483] Trial 136 finished with value: 4319.70947265625 and parameters: {'gradient_clip_val': 0.10015598903119688, 'hidden_size': 60, 'dropout': 0.2939137775807511, 'hidden_continuous_size': 53, 'attention_head_size': 4, 'learning_rate': 0.006750658643229735}. Best is trial 16 with value: 2988.691650390625.
LOCAL_RANK: 0 - CUDA_VISIBLE_DEVICES: [0]
[I 2023-11-30 13:02:38,901] Trial 137 finished with value: 4250.490234375 and parameters: {'gradient_clip_val': 0.10818007740889718, 'hidden_size': 78, 'dropout': 0.2712410421028251, 'hidden_continuous_size': 66, 'attention_head_size': 4, 'learning_rate': 0.008673798557305313}. Best is trial 16 with value: 2988.691650390625.
LOCAL_RANK: 0 - CUDA_VISIBLE_DEVICES: [0]
[I 2023-11-30 13:02:53,580] Trial 138 finished with value: 4531.31787109375 and parameters: {'gradient_clip_val': 0.11618843057877869, 'hidden_size': 99, 'dropout': 0.26504351423099554, 'hidden_continuous_size': 70, 'attention_head_size': 3, 'learning_rate': 0.0038838944595993097}. Best is trial 16 with value: 2988.691650390625.
LOCAL_RANK: 0 - CUDA_VISIBLE_DEVICES: [0]
[I 2023-11-30 13:03:08,109] Trial 139 finished with value: 4780.41748046875 and parameters: {'gradient_clip_val': 0.11403648806504618, 'hidden_size': 119, 'dropout': 0.28250282341630567, 'hidden_continuous_size': 48, 'attention_head_size': 4, 'learning_rate': 0.005830970183635806}. Best is trial 16 with value: 2988.691650390625.
LOCAL_RANK: 0 - CUDA_VISIBLE_DEVICES: [0]
[I 2023-11-30 13:03:23,375] Trial 140 finished with value: 4398.533203125 and parameters: {'gradient_clip_val': 0.15378367114320118, 'hidden_size': 150, 'dropout': 0.28760568489187943, 'hidden_continuous_size': 123, 'attention_head_size': 4, 'learning_rate': 0.003419861447104482}. Best is trial 16 with value: 2988.691650390625.
LOCAL_RANK: 0 - CUDA_VISIBLE_DEVICES: [0]
[I 2023-11-30 13:03:37,600] Trial 141 finished with value: 4662.87109375 and parameters: {'gradient_clip_val': 0.11052162856451428, 'hidden_size': 79, 'dropout': 0.2755365695138947, 'hidden_continuous_size': 61, 'attention_head_size': 4, 'learning_rate': 0.008313060261553285}. Best is trial 16 with value: 2988.691650390625.
LOCAL_RANK: 0 - CUDA_VISIBLE_DEVICES: [0]
[I 2023-11-30 13:03:51,930] Trial 142 finished with value: 5011.44189453125 and parameters: {'gradient_clip_val': 0.12026486977787115, 'hidden_size': 87, 'dropout': 0.2753833890919985, 'hidden_continuous_size': 59, 'attention_head_size': 4, 'learning_rate': 0.010646770470103721}. Best is trial 16 with value: 2988.691650390625.
LOCAL_RANK: 0 - CUDA_VISIBLE_DEVICES: [0]
[I 2023-11-30 13:04:06,414] Trial 143 finished with value: 3521.521484375 and parameters: {'gradient_clip_val': 0.12728743439698975, 'hidden_size': 84, 'dropout': 0.3011478044953409, 'hidden_continuous_size': 64, 'attention_head_size': 4, 'learning_rate': 0.007166012475497286}. Best is trial 16 with value: 2988.691650390625.
LOCAL_RANK: 0 - CUDA_VISIBLE_DEVICES: [0]
[I 2023-11-30 13:04:20,638] Trial 144 finished with value: 3990.3115234375 and parameters: {'gradient_clip_val': 0.12947608699513272, 'hidden_size': 71, 'dropout': 0.3157394527259662, 'hidden_continuous_size': 63, 'attention_head_size': 4, 'learning_rate': 0.006977197268251889}. Best is trial 16 with value: 2988.691650390625.
LOCAL_RANK: 0 - CUDA_VISIBLE_DEVICES: [0]
[I 2023-11-30 13:04:34,686] Trial 145 finished with value: 3801.552734375 and parameters: {'gradient_clip_val': 0.10496355355884426, 'hidden_size': 65, 'dropout': 0.30185974851093733, 'hidden_continuous_size': 56, 'attention_head_size': 4, 'learning_rate': 0.005425296344351608}. Best is trial 16 with value: 2988.691650390625.
LOCAL_RANK: 0 - CUDA_VISIBLE_DEVICES: [0]
[I 2023-11-30 13:04:49,132] Trial 146 finished with value: 3942.6513671875 and parameters: {'gradient_clip_val': 0.14154545290535325, 'hidden_size': 75, 'dropout': 0.29574899669110954, 'hidden_continuous_size': 65, 'attention_head_size': 4, 'learning_rate': 0.007687834197144228}. Best is trial 16 with value: 2988.691650390625.
LOCAL_RANK: 0 - CUDA_VISIBLE_DEVICES: [0]
[I 2023-11-30 13:05:03,571] Trial 147 finished with value: 3825.410400390625 and parameters: {'gradient_clip_val': 0.12036193506114179, 'hidden_size': 96, 'dropout': 0.301991378919186, 'hidden_continuous_size': 74, 'attention_head_size': 3, 'learning_rate': 0.004680711350101311}. Best is trial 16 with value: 2988.691650390625.
LOCAL_RANK: 0 - CUDA_VISIBLE_DEVICES: [0]
[I 2023-11-30 13:05:18,158] Trial 148 finished with value: 4382.265625 and parameters: {'gradient_clip_val': 0.12645322796704597, 'hidden_size': 103, 'dropout': 0.30855926335818323, 'hidden_continuous_size': 51, 'attention_head_size': 4, 'learning_rate': 0.006249523745752704}. Best is trial 16 with value: 2988.691650390625.
LOCAL_RANK: 0 - CUDA_VISIBLE_DEVICES: [0]
[I 2023-11-30 13:05:32,916] Trial 149 finished with value: 3352.510498046875 and parameters: {'gradient_clip_val': 0.10730475116166309, 'hidden_size': 132, 'dropout': 0.3229405176410831, 'hidden_continuous_size': 89, 'attention_head_size': 4, 'learning_rate': 0.009877641506451016}. Best is trial 16 with value: 2988.691650390625.
[I 2023-11-30 13:05:33,029] A new study created in memory with name: no-name-fd87ba7c-389b-4da1-a566-ab286f1c3744
/home/le004/conda/anaconda3/envs/tsff_env/lib/python3.9/site-packages/lightning/fabric/plugins/environments/slurm.py:191: The `srun` command is available on your system but is not used. HINT: If your intention is to run Lightning on SLURM, prepend your python command with `srun` like so: srun python /home/le004/master_thesis/git/TSFusionForecast/code/ ...
LOCAL_RANK: 0 - CUDA_VISIBLE_DEVICES: [0]
[I 2023-11-30 13:05:46,095] Trial 0 finished with value: 0.10875016450881958 and parameters: {'gradient_clip_val': 0.8614157850426829, 'hidden_size': 37, 'dropout': 0.1281757668860135, 'hidden_continuous_size': 20, 'attention_head_size': 3, 'learning_rate': 0.06735621590490502}. Best is trial 0 with value: 0.10875016450881958.
LOCAL_RANK: 0 - CUDA_VISIBLE_DEVICES: [0]
[I 2023-11-30 13:05:56,741] Trial 1 finished with value: 0.6412875652313232 and parameters: {'gradient_clip_val': 0.11259861501375772, 'hidden_size': 10, 'dropout': 0.33742305314804055, 'hidden_continuous_size': 10, 'attention_head_size': 3, 'learning_rate': 0.01413955313019093}. Best is trial 0 with value: 0.10875016450881958.
LOCAL_RANK: 0 - CUDA_VISIBLE_DEVICES: [0]
[I 2023-11-30 13:06:10,721] Trial 2 finished with value: 0.6512305736541748 and parameters: {'gradient_clip_val': 0.13623449813793131, 'hidden_size': 96, 'dropout': 0.24895131442616333, 'hidden_continuous_size': 72, 'attention_head_size': 1, 'learning_rate': 0.0019663827108590305}. Best is trial 0 with value: 0.10875016450881958.
LOCAL_RANK: 0 - CUDA_VISIBLE_DEVICES: [0]
[I 2023-11-30 13:06:23,281] Trial 3 finished with value: 1.7861261367797852 and parameters: {'gradient_clip_val': 0.12772126572498593, 'hidden_size': 17, 'dropout': 0.16125499334419646, 'hidden_continuous_size': 13, 'attention_head_size': 1, 'learning_rate': 0.003036762674670159}. Best is trial 0 with value: 0.10875016450881958.
LOCAL_RANK: 0 - CUDA_VISIBLE_DEVICES: [0]
