[I 2023-11-30 10:11:38,806] Trial 4 finished with value: 0.7666317820549011 and parameters: {'gradient_clip_val': 0.19515530137362364, 'hidden_size': 17, 'dropout': 0.27926581451952115, 'hidden_continuous_size': 12, 'attention_head_size': 1, 'learning_rate': 0.015897494220920242}. Best is trial 1 with value: 0.44722938537597656.
LOCAL_RANK: 0 - CUDA_VISIBLE_DEVICES: [0]
[I 2023-11-30 10:11:50,984] Trial 5 finished with value: 0.2599024474620819 and parameters: {'gradient_clip_val': 0.8272196910693674, 'hidden_size': 12, 'dropout': 0.18066206918015043, 'hidden_continuous_size': 11, 'attention_head_size': 2, 'learning_rate': 0.07260184979308268}. Best is trial 5 with value: 0.2599024474620819.
LOCAL_RANK: 0 - CUDA_VISIBLE_DEVICES: [0]
[I 2023-11-30 10:12:03,361] Trial 6 finished with value: 2.635941982269287 and parameters: {'gradient_clip_val': 0.7912745430499013, 'hidden_size': 13, 'dropout': 0.10870945246650197, 'hidden_continuous_size': 11, 'attention_head_size': 2, 'learning_rate': 0.004729210203589591}. Best is trial 5 with value: 0.2599024474620819.
LOCAL_RANK: 0 - CUDA_VISIBLE_DEVICES: [0]
[I 2023-11-30 10:12:14,242] Trial 7 finished with value: 0.158293217420578 and parameters: {'gradient_clip_val': 0.4888662886487979, 'hidden_size': 55, 'dropout': 0.1753927044381785, 'hidden_continuous_size': 55, 'attention_head_size': 1, 'learning_rate': 0.03771202255972173}. Best is trial 7 with value: 0.158293217420578.
LOCAL_RANK: 0 - CUDA_VISIBLE_DEVICES: [0]
[I 2023-11-30 10:12:26,339] Trial 8 finished with value: 0.4646270275115967 and parameters: {'gradient_clip_val': 0.739901701884371, 'hidden_size': 12, 'dropout': 0.28878824606595804, 'hidden_continuous_size': 11, 'attention_head_size': 4, 'learning_rate': 0.06759094912667343}. Best is trial 7 with value: 0.158293217420578.
LOCAL_RANK: 0 - CUDA_VISIBLE_DEVICES: [0]
[I 2023-11-30 10:12:38,784] Trial 9 finished with value: 1.0682127475738525 and parameters: {'gradient_clip_val': 0.3321806578598345, 'hidden_size': 20, 'dropout': 0.32637204602436953, 'hidden_continuous_size': 18, 'attention_head_size': 1, 'learning_rate': 0.006136073028345376}. Best is trial 7 with value: 0.158293217420578.
LOCAL_RANK: 0 - CUDA_VISIBLE_DEVICES: [0]
[I 2023-11-30 10:12:53,191] Trial 10 finished with value: 0.11818772554397583 and parameters: {'gradient_clip_val': 0.43164793876920643, 'hidden_size': 97, 'dropout': 0.1986067677129192, 'hidden_continuous_size': 73, 'attention_head_size': 2, 'learning_rate': 0.031405722033359944}. Best is trial 10 with value: 0.11818772554397583.
LOCAL_RANK: 0 - CUDA_VISIBLE_DEVICES: [0]
[I 2023-11-30 10:13:07,550] Trial 11 finished with value: 0.20067016780376434 and parameters: {'gradient_clip_val': 0.4342261740253781, 'hidden_size': 101, 'dropout': 0.19653903416546542, 'hidden_continuous_size': 77, 'attention_head_size': 2, 'learning_rate': 0.030122853760460963}. Best is trial 10 with value: 0.11818772554397583.
LOCAL_RANK: 0 - CUDA_VISIBLE_DEVICES: [0]
[I 2023-11-30 10:13:21,686] Trial 12 finished with value: 0.16017043590545654 and parameters: {'gradient_clip_val': 0.5099571037517155, 'hidden_size': 87, 'dropout': 0.15899836526073985, 'hidden_continuous_size': 70, 'attention_head_size': 1, 'learning_rate': 0.028245964593123098}. Best is trial 10 with value: 0.11818772554397583.
LOCAL_RANK: 0 - CUDA_VISIBLE_DEVICES: [0]
[I 2023-11-30 10:13:35,506] Trial 13 finished with value: 0.1298205703496933 and parameters: {'gradient_clip_val': 0.2893728957696026, 'hidden_size': 65, 'dropout': 0.2337444323001517, 'hidden_continuous_size': 53, 'attention_head_size': 2, 'learning_rate': 0.03548410791685965}. Best is trial 10 with value: 0.11818772554397583.
LOCAL_RANK: 0 - CUDA_VISIBLE_DEVICES: [0]
[I 2023-11-30 10:13:50,434] Trial 14 finished with value: 0.18597646057605743 and parameters: {'gradient_clip_val': 0.26355919942097095, 'hidden_size': 123, 'dropout': 0.24474505873013666, 'hidden_continuous_size': 111, 'attention_head_size': 3, 'learning_rate': 0.09493324671792372}. Best is trial 10 with value: 0.11818772554397583.
LOCAL_RANK: 0 - CUDA_VISIBLE_DEVICES: [0]
[I 2023-11-30 10:14:04,228] Trial 15 finished with value: 0.11927012354135513 and parameters: {'gradient_clip_val': 0.24750401608085626, 'hidden_size': 73, 'dropout': 0.2227177587937781, 'hidden_continuous_size': 39, 'attention_head_size': 2, 'learning_rate': 0.016026791982410662}. Best is trial 10 with value: 0.11818772554397583.
LOCAL_RANK: 0 - CUDA_VISIBLE_DEVICES: [0]
[I 2023-11-30 10:14:18,703] Trial 16 finished with value: 0.30495351552963257 and parameters: {'gradient_clip_val': 0.18630501111796935, 'hidden_size': 150, 'dropout': 0.21236426400743283, 'hidden_continuous_size': 34, 'attention_head_size': 2, 'learning_rate': 0.01682871478599109}. Best is trial 10 with value: 0.11818772554397583.
LOCAL_RANK: 0 - CUDA_VISIBLE_DEVICES: [0]
[I 2023-11-30 10:14:32,553] Trial 17 finished with value: 0.21258337795734406 and parameters: {'gradient_clip_val': 0.3541597593896373, 'hidden_size': 75, 'dropout': 0.25788434147531564, 'hidden_continuous_size': 39, 'attention_head_size': 3, 'learning_rate': 0.014632809052582608}. Best is trial 10 with value: 0.11818772554397583.
LOCAL_RANK: 0 - CUDA_VISIBLE_DEVICES: [0]
[I 2023-11-30 10:14:46,546] Trial 18 finished with value: 0.2814424932003021 and parameters: {'gradient_clip_val': 0.2327771914375165, 'hidden_size': 108, 'dropout': 0.14480989140759537, 'hidden_continuous_size': 24, 'attention_head_size': 2, 'learning_rate': 0.003890971788534395}. Best is trial 10 with value: 0.11818772554397583.
LOCAL_RANK: 0 - CUDA_VISIBLE_DEVICES: [0]
[I 2023-11-30 10:15:00,105] Trial 19 finished with value: 0.2177947759628296 and parameters: {'gradient_clip_val': 0.6047765438774361, 'hidden_size': 51, 'dropout': 0.20534617566886826, 'hidden_continuous_size': 31, 'attention_head_size': 3, 'learning_rate': 0.012780575523671693}. Best is trial 10 with value: 0.11818772554397583.
LOCAL_RANK: 0 - CUDA_VISIBLE_DEVICES: [0]
[I 2023-11-30 10:15:13,979] Trial 20 finished with value: 0.2836294174194336 and parameters: {'gradient_clip_val': 0.4157936069310087, 'hidden_size': 85, 'dropout': 0.13938760975341555, 'hidden_continuous_size': 41, 'attention_head_size': 2, 'learning_rate': 0.02271761936461458}. Best is trial 10 with value: 0.11818772554397583.
LOCAL_RANK: 0 - CUDA_VISIBLE_DEVICES: [0]
[I 2023-11-30 10:15:27,708] Trial 21 finished with value: 0.19719451665878296 and parameters: {'gradient_clip_val': 0.2877910507355935, 'hidden_size': 67, 'dropout': 0.2414099165556523, 'hidden_continuous_size': 43, 'attention_head_size': 2, 'learning_rate': 0.0430295029006696}. Best is trial 10 with value: 0.11818772554397583.
LOCAL_RANK: 0 - CUDA_VISIBLE_DEVICES: [0]
[I 2023-11-30 10:15:41,413] Trial 22 finished with value: 0.23849265277385712 and parameters: {'gradient_clip_val': 0.3508254822707238, 'hidden_size': 65, 'dropout': 0.2221992088776189, 'hidden_continuous_size': 46, 'attention_head_size': 2, 'learning_rate': 0.04608398924383303}. Best is trial 10 with value: 0.11818772554397583.
LOCAL_RANK: 0 - CUDA_VISIBLE_DEVICES: [0]
[I 2023-11-30 10:15:54,591] Trial 23 finished with value: 0.3070797622203827 and parameters: {'gradient_clip_val': 0.24124034955631654, 'hidden_size': 49, 'dropout': 0.19708458592818612, 'hidden_continuous_size': 22, 'attention_head_size': 2, 'learning_rate': 0.02270684130674986}. Best is trial 10 with value: 0.11818772554397583.
LOCAL_RANK: 0 - CUDA_VISIBLE_DEVICES: [0]
[I 2023-11-30 10:16:09,012] Trial 24 finished with value: 0.1844911426305771 and parameters: {'gradient_clip_val': 0.3049192986748706, 'hidden_size': 90, 'dropout': 0.2600577353022342, 'hidden_continuous_size': 54, 'attention_head_size': 3, 'learning_rate': 0.04873157489227812}. Best is trial 10 with value: 0.11818772554397583.
LOCAL_RANK: 0 - CUDA_VISIBLE_DEVICES: [0]
[I 2023-11-30 10:16:23,592] Trial 25 finished with value: 0.2935623824596405 and parameters: {'gradient_clip_val': 0.3696201524250126, 'hidden_size': 122, 'dropout': 0.23020011134169258, 'hidden_continuous_size': 72, 'attention_head_size': 2, 'learning_rate': 0.011357972599711995}. Best is trial 10 with value: 0.11818772554397583.
LOCAL_RANK: 0 - CUDA_VISIBLE_DEVICES: [0]
[I 2023-11-30 10:16:37,404] Trial 26 finished with value: 0.1453222632408142 and parameters: {'gradient_clip_val': 0.9598994364947623, 'hidden_size': 71, 'dropout': 0.18202707033674495, 'hidden_continuous_size': 37, 'attention_head_size': 1, 'learning_rate': 0.020099159788139965}. Best is trial 10 with value: 0.11818772554397583.
LOCAL_RANK: 0 - CUDA_VISIBLE_DEVICES: [0]
[I 2023-11-30 10:16:50,508] Trial 27 finished with value: 0.2530939280986786 and parameters: {'gradient_clip_val': 0.28721572739060225, 'hidden_size': 42, 'dropout': 0.21436151206975235, 'hidden_continuous_size': 28, 'attention_head_size': 2, 'learning_rate': 0.030174485250373258}. Best is trial 10 with value: 0.11818772554397583.
LOCAL_RANK: 0 - CUDA_VISIBLE_DEVICES: [0]
[I 2023-11-30 10:17:04,635] Trial 28 finished with value: 0.278617262840271 and parameters: {'gradient_clip_val': 0.6069492853794163, 'hidden_size': 79, 'dropout': 0.26012112096394846, 'hidden_continuous_size': 49, 'attention_head_size': 3, 'learning_rate': 0.010553033141601335}. Best is trial 10 with value: 0.11818772554397583.
LOCAL_RANK: 0 - CUDA_VISIBLE_DEVICES: [0]
[I 2023-11-30 10:17:18,711] Trial 29 finished with value: 0.09744364768266678 and parameters: {'gradient_clip_val': 0.3986625258636055, 'hidden_size': 58, 'dropout': 0.23653878720563498, 'hidden_continuous_size': 35, 'attention_head_size': 4, 'learning_rate': 0.023509544027562147}. Best is trial 29 with value: 0.09744364768266678.
LOCAL_RANK: 0 - CUDA_VISIBLE_DEVICES: [0]
[I 2023-11-30 10:17:32,832] Trial 30 finished with value: 0.1330147385597229 and parameters: {'gradient_clip_val': 0.38804057603790226, 'hidden_size': 100, 'dropout': 0.20327027078424498, 'hidden_continuous_size': 29, 'attention_head_size': 4, 'learning_rate': 0.02005524987150715}. Best is trial 29 with value: 0.09744364768266678.
LOCAL_RANK: 0 - CUDA_VISIBLE_DEVICES: [0]
[I 2023-11-30 10:17:46,610] Trial 31 finished with value: 0.2677711248397827 and parameters: {'gradient_clip_val': 0.3052062728618627, 'hidden_size': 61, 'dropout': 0.23759159992108814, 'hidden_continuous_size': 34, 'attention_head_size': 4, 'learning_rate': 0.03309711672631654}. Best is trial 29 with value: 0.09744364768266678.
LOCAL_RANK: 0 - CUDA_VISIBLE_DEVICES: [0]
[I 2023-11-30 10:18:00,197] Trial 32 finished with value: 0.1997862458229065 and parameters: {'gradient_clip_val': 0.4156219581646654, 'hidden_size': 61, 'dropout': 0.22428311120523028, 'hidden_continuous_size': 35, 'attention_head_size': 4, 'learning_rate': 0.025308204107522388}. Best is trial 29 with value: 0.09744364768266678.
LOCAL_RANK: 0 - CUDA_VISIBLE_DEVICES: [0]
[I 2023-11-30 10:18:14,114] Trial 33 finished with value: 0.29305630922317505 and parameters: {'gradient_clip_val': 0.3355465287773956, 'hidden_size': 76, 'dropout': 0.27222458355920265, 'hidden_continuous_size': 44, 'attention_head_size': 3, 'learning_rate': 0.017599882876203624}. Best is trial 29 with value: 0.09744364768266678.
LOCAL_RANK: 0 - CUDA_VISIBLE_DEVICES: [0]
[I 2023-11-30 10:18:27,098] Trial 34 finished with value: 0.3968592584133148 and parameters: {'gradient_clip_val': 0.45613801073637955, 'hidden_size': 38, 'dropout': 0.23597066431170502, 'hidden_continuous_size': 25, 'attention_head_size': 2, 'learning_rate': 0.009123168892752938}. Best is trial 29 with value: 0.09744364768266678.
LOCAL_RANK: 0 - CUDA_VISIBLE_DEVICES: [0]
[I 2023-11-30 10:18:40,316] Trial 35 finished with value: 0.29079946875572205 and parameters: {'gradient_clip_val': 0.37896757603088554, 'hidden_size': 44, 'dropout': 0.24989149107048705, 'hidden_continuous_size': 32, 'attention_head_size': 3, 'learning_rate': 0.01368241043697536}. Best is trial 29 with value: 0.09744364768266678.
LOCAL_RANK: 0 - CUDA_VISIBLE_DEVICES: [0]
[I 2023-11-30 10:18:53,829] Trial 36 finished with value: 0.3236088156700134 and parameters: {'gradient_clip_val': 0.20564844212981734, 'hidden_size': 54, 'dropout': 0.2990901564786786, 'hidden_continuous_size': 40, 'attention_head_size': 1, 'learning_rate': 0.03809316871293291}. Best is trial 29 with value: 0.09744364768266678.
LOCAL_RANK: 0 - CUDA_VISIBLE_DEVICES: [0]
[I 2023-11-30 10:19:07,494] Trial 37 finished with value: 0.1291065812110901 and parameters: {'gradient_clip_val': 0.17934958725302053, 'hidden_size': 59, 'dropout': 0.21965943656584613, 'hidden_continuous_size': 38, 'attention_head_size': 2, 'learning_rate': 0.060226062503866605}. Best is trial 29 with value: 0.09744364768266678.
LOCAL_RANK: 0 - CUDA_VISIBLE_DEVICES: [0]
[I 2023-11-30 10:19:20,111] Trial 38 finished with value: 0.32380378246307373 and parameters: {'gradient_clip_val': 0.15670411380042626, 'hidden_size': 32, 'dropout': 0.2144027619662764, 'hidden_continuous_size': 20, 'attention_head_size': 2, 'learning_rate': 0.06039648549648794}. Best is trial 29 with value: 0.09744364768266678.
LOCAL_RANK: 0 - CUDA_VISIBLE_DEVICES: [0]
[I 2023-11-30 10:19:32,864] Trial 39 finished with value: 0.16998355090618134 and parameters: {'gradient_clip_val': 0.14082003938419768, 'hidden_size': 31, 'dropout': 0.18675565227131932, 'hidden_continuous_size': 15, 'attention_head_size': 4, 'learning_rate': 0.050029799318249114}. Best is trial 29 with value: 0.09744364768266678.
LOCAL_RANK: 0 - CUDA_VISIBLE_DEVICES: [0]
[I 2023-11-30 10:19:46,196] Trial 40 finished with value: 0.1793166846036911 and parameters: {'gradient_clip_val': 0.10585336691858716, 'hidden_size': 56, 'dropout': 0.27185751850715223, 'hidden_continuous_size': 26, 'attention_head_size': 1, 'learning_rate': 0.09254940994928583}. Best is trial 29 with value: 0.09744364768266678.
LOCAL_RANK: 0 - CUDA_VISIBLE_DEVICES: [0]
[I 2023-11-30 10:19:59,860] Trial 41 finished with value: 0.1859145611524582 and parameters: {'gradient_clip_val': 0.258145674137282, 'hidden_size': 72, 'dropout': 0.22349735861380637, 'hidden_continuous_size': 37, 'attention_head_size': 2, 'learning_rate': 0.03596256724302733}. Best is trial 29 with value: 0.09744364768266678.
LOCAL_RANK: 0 - CUDA_VISIBLE_DEVICES: [0]
[I 2023-11-30 10:20:13,533] Trial 42 finished with value: 0.1051073744893074 and parameters: {'gradient_clip_val': 0.2152618921773668, 'hidden_size': 63, 'dropout': 0.1944084878928105, 'hidden_continuous_size': 38, 'attention_head_size': 2, 'learning_rate': 0.027259455624423824}. Best is trial 29 with value: 0.09744364768266678.
LOCAL_RANK: 0 - CUDA_VISIBLE_DEVICES: [0]
[I 2023-11-30 10:20:26,728] Trial 43 finished with value: 0.13315941393375397 and parameters: {'gradient_clip_val': 0.21471383411581138, 'hidden_size': 47, 'dropout': 0.19379968126544542, 'hidden_continuous_size': 32, 'attention_head_size': 2, 'learning_rate': 0.023904820789150114}. Best is trial 29 with value: 0.09744364768266678.
LOCAL_RANK: 0 - CUDA_VISIBLE_DEVICES: [0]
[I 2023-11-30 10:20:40,154] Trial 44 finished with value: 0.20312882959842682 and parameters: {'gradient_clip_val': 0.18070203188450076, 'hidden_size': 59, 'dropout': 0.17409105367655503, 'hidden_continuous_size': 30, 'attention_head_size': 2, 'learning_rate': 0.027047276051500615}. Best is trial 29 with value: 0.09744364768266678.
LOCAL_RANK: 0 - CUDA_VISIBLE_DEVICES: [0]
[I 2023-11-30 10:20:54,177] Trial 45 finished with value: 0.15725912153720856 and parameters: {'gradient_clip_val': 0.1685358625360812, 'hidden_size': 84, 'dropout': 0.20710349268479095, 'hidden_continuous_size': 38, 'attention_head_size': 2, 'learning_rate': 0.05767802295721632}. Best is trial 29 with value: 0.09744364768266678.
LOCAL_RANK: 0 - CUDA_VISIBLE_DEVICES: [0]
[I 2023-11-30 10:21:07,406] Trial 46 finished with value: 0.35864031314849854 and parameters: {'gradient_clip_val': 0.21921538101677035, 'hidden_size': 53, 'dropout': 0.1702613310894766, 'hidden_continuous_size': 28, 'attention_head_size': 1, 'learning_rate': 0.01873852072601992}. Best is trial 29 with value: 0.09744364768266678.
LOCAL_RANK: 0 - CUDA_VISIBLE_DEVICES: [0]
[I 2023-11-30 10:21:21,047] Trial 47 finished with value: 0.37781038880348206 and parameters: {'gradient_clip_val': 0.19977942976211557, 'hidden_size': 68, 'dropout': 0.19203970581651744, 'hidden_continuous_size': 42, 'attention_head_size': 2, 'learning_rate': 0.07640844174977701}. Best is trial 29 with value: 0.09744364768266678.
LOCAL_RANK: 0 - CUDA_VISIBLE_DEVICES: [0]
[I 2023-11-30 10:21:35,231] Trial 48 finished with value: 0.1261814385652542 and parameters: {'gradient_clip_val': 0.24832364447068542, 'hidden_size': 93, 'dropout': 0.245928740215085, 'hidden_continuous_size': 49, 'attention_head_size': 3, 'learning_rate': 0.03111204407313861}. Best is trial 29 with value: 0.09744364768266678.
LOCAL_RANK: 0 - CUDA_VISIBLE_DEVICES: [0]
[I 2023-11-30 10:21:49,455] Trial 49 finished with value: 0.36550822854042053 and parameters: {'gradient_clip_val': 0.24289746465787992, 'hidden_size': 98, 'dropout': 0.24050730707762835, 'hidden_continuous_size': 60, 'attention_head_size': 3, 'learning_rate': 0.015416251970382997}. Best is trial 29 with value: 0.09744364768266678.
LOCAL_RANK: 0 - CUDA_VISIBLE_DEVICES: [0]
[I 2023-11-30 10:22:03,706] Trial 50 finished with value: 0.2497425079345703 and parameters: {'gradient_clip_val': 0.2657096603331142, 'hidden_size': 92, 'dropout': 0.2045012629041765, 'hidden_continuous_size': 48, 'attention_head_size': 4, 'learning_rate': 0.027773478716075165}. Best is trial 29 with value: 0.09744364768266678.
LOCAL_RANK: 0 - CUDA_VISIBLE_DEVICES: [0]
[I 2023-11-30 10:22:17,693] Trial 51 finished with value: 0.2499287873506546 and parameters: {'gradient_clip_val': 0.1921560599702694, 'hidden_size': 78, 'dropout': 0.22462256585877965, 'hidden_continuous_size': 44, 'attention_head_size': 3, 'learning_rate': 0.03965297403327826}. Best is trial 29 with value: 0.09744364768266678.
LOCAL_RANK: 0 - CUDA_VISIBLE_DEVICES: [0]
[I 2023-11-30 10:22:31,353] Trial 52 finished with value: 0.35859403014183044 and parameters: {'gradient_clip_val': 0.2280466971265606, 'hidden_size': 80, 'dropout': 0.21531333340749298, 'hidden_continuous_size': 35, 'attention_head_size': 2, 'learning_rate': 0.03287512356826516}. Best is trial 29 with value: 0.09744364768266678.
LOCAL_RANK: 0 - CUDA_VISIBLE_DEVICES: [0]
[I 2023-11-30 10:22:45,638] Trial 53 finished with value: 0.25559553503990173 and parameters: {'gradient_clip_val': 0.21211423651982278, 'hidden_size': 111, 'dropout': 0.24905906886692802, 'hidden_continuous_size': 59, 'attention_head_size': 2, 'learning_rate': 0.043084648652361286}. Best is trial 29 with value: 0.09744364768266678.
LOCAL_RANK: 0 - CUDA_VISIBLE_DEVICES: [0]
[I 2023-11-30 10:22:59,739] Trial 54 finished with value: 0.20254576206207275 and parameters: {'gradient_clip_val': 0.31998830251517296, 'hidden_size': 63, 'dropout': 0.18755403469630885, 'hidden_continuous_size': 40, 'attention_head_size': 4, 'learning_rate': 0.021502080664095806}. Best is trial 29 with value: 0.09744364768266678.
LOCAL_RANK: 0 - CUDA_VISIBLE_DEVICES: [0]
[I 2023-11-30 10:23:14,045] Trial 55 finished with value: 0.3386995792388916 and parameters: {'gradient_clip_val': 0.26219839936946615, 'hidden_size': 90, 'dropout': 0.2318818687805747, 'hidden_continuous_size': 50, 'attention_head_size': 3, 'learning_rate': 0.02679049332342738}. Best is trial 29 with value: 0.09744364768266678.
LOCAL_RANK: 0 - CUDA_VISIBLE_DEVICES: [0]
[I 2023-11-30 10:23:27,848] Trial 56 finished with value: 0.2277674823999405 and parameters: {'gradient_clip_val': 0.23772275318962455, 'hidden_size': 71, 'dropout': 0.20244813679124174, 'hidden_continuous_size': 46, 'attention_head_size': 2, 'learning_rate': 0.01661969698877158}. Best is trial 29 with value: 0.09744364768266678.
LOCAL_RANK: 0 - CUDA_VISIBLE_DEVICES: [0]
[I 2023-11-30 10:23:41,466] Trial 57 finished with value: 0.3076801300048828 and parameters: {'gradient_clip_val': 0.3349269948784956, 'hidden_size': 58, 'dropout': 0.2526315839117644, 'hidden_continuous_size': 37, 'attention_head_size': 2, 'learning_rate': 0.05354994882925175}. Best is trial 29 with value: 0.09744364768266678.
LOCAL_RANK: 0 - CUDA_VISIBLE_DEVICES: [0]
[I 2023-11-30 10:23:55,168] Trial 58 finished with value: 0.17297625541687012 and parameters: {'gradient_clip_val': 0.17730354315412272, 'hidden_size': 66, 'dropout': 0.16298360818047702, 'hidden_continuous_size': 40, 'attention_head_size': 2, 'learning_rate': 0.030496253730405938}. Best is trial 29 with value: 0.09744364768266678.
LOCAL_RANK: 0 - CUDA_VISIBLE_DEVICES: [0]
[I 2023-11-30 10:24:08,947] Trial 59 finished with value: 0.14821945130825043 and parameters: {'gradient_clip_val': 0.19490842341861814, 'hidden_size': 84, 'dropout': 0.22124918925796433, 'hidden_continuous_size': 32, 'attention_head_size': 3, 'learning_rate': 0.01279202392744178}. Best is trial 29 with value: 0.09744364768266678.
LOCAL_RANK: 0 - CUDA_VISIBLE_DEVICES: [0]
[I 2023-11-30 10:24:23,515] Trial 60 finished with value: 0.1916763335466385 and parameters: {'gradient_clip_val': 0.47745783985616, 'hidden_size': 109, 'dropout': 0.1823063657059228, 'hidden_continuous_size': 86, 'attention_head_size': 1, 'learning_rate': 0.040261593443790857}. Best is trial 29 with value: 0.09744364768266678.
LOCAL_RANK: 0 - CUDA_VISIBLE_DEVICES: [0]
[I 2023-11-30 10:24:37,496] Trial 61 finished with value: 0.1419283151626587 and parameters: {'gradient_clip_val': 0.295243930177494, 'hidden_size': 73, 'dropout': 0.24176481595477092, 'hidden_continuous_size': 53, 'attention_head_size': 2, 'learning_rate': 0.03516821923189727}. Best is trial 29 with value: 0.09744364768266678.
LOCAL_RANK: 0 - CUDA_VISIBLE_DEVICES: [0]
