[I 2023-11-30 04:58:12,877] Trial 117 finished with value: 0.13544097542762756 and parameters: {'gradient_clip_val': 0.31001042444620863, 'hidden_size': 127, 'dropout': 0.3298257141513341, 'hidden_continuous_size': 118, 'attention_head_size': 2, 'learning_rate': 0.019619000294237295}. Best is trial 38 with value: 0.09751420468091965.
LOCAL_RANK: 0 - CUDA_VISIBLE_DEVICES: [0]
[I 2023-11-30 04:58:27,390] Trial 118 finished with value: 0.1352740377187729 and parameters: {'gradient_clip_val': 0.277066078167706, 'hidden_size': 93, 'dropout': 0.35583035476420566, 'hidden_continuous_size': 89, 'attention_head_size': 2, 'learning_rate': 0.015723441387104894}. Best is trial 38 with value: 0.09751420468091965.
LOCAL_RANK: 0 - CUDA_VISIBLE_DEVICES: [0]
[I 2023-11-30 04:58:42,141] Trial 119 finished with value: 0.15516920387744904 and parameters: {'gradient_clip_val': 0.257207778540203, 'hidden_size': 106, 'dropout': 0.32320249341637447, 'hidden_continuous_size': 98, 'attention_head_size': 2, 'learning_rate': 0.010063004212334466}. Best is trial 38 with value: 0.09751420468091965.
LOCAL_RANK: 0 - CUDA_VISIBLE_DEVICES: [0]
[I 2023-11-30 04:58:56,669] Trial 120 finished with value: 0.10858440399169922 and parameters: {'gradient_clip_val': 0.33530514110920134, 'hidden_size': 113, 'dropout': 0.3286316778793841, 'hidden_continuous_size': 107, 'attention_head_size': 2, 'learning_rate': 0.012111354372043952}. Best is trial 38 with value: 0.09751420468091965.
LOCAL_RANK: 0 - CUDA_VISIBLE_DEVICES: [0]
[I 2023-11-30 04:59:11,190] Trial 121 finished with value: 0.13959239423274994 and parameters: {'gradient_clip_val': 0.32792920391798097, 'hidden_size': 113, 'dropout': 0.3358995280081414, 'hidden_continuous_size': 107, 'attention_head_size': 2, 'learning_rate': 0.012595624848515204}. Best is trial 38 with value: 0.09751420468091965.
LOCAL_RANK: 0 - CUDA_VISIBLE_DEVICES: [0]
[I 2023-11-30 04:59:25,732] Trial 122 finished with value: 0.15187686681747437 and parameters: {'gradient_clip_val': 0.3030090263979425, 'hidden_size': 99, 'dropout': 0.3252084966796166, 'hidden_continuous_size': 91, 'attention_head_size': 2, 'learning_rate': 0.013840338530376204}. Best is trial 38 with value: 0.09751420468091965.
LOCAL_RANK: 0 - CUDA_VISIBLE_DEVICES: [0]
[I 2023-11-30 04:59:40,619] Trial 123 finished with value: 0.20289842784404755 and parameters: {'gradient_clip_val': 0.3646251013153503, 'hidden_size': 133, 'dropout': 0.31486636658526157, 'hidden_continuous_size': 122, 'attention_head_size': 2, 'learning_rate': 0.011750973560969631}. Best is trial 38 with value: 0.09751420468091965.
LOCAL_RANK: 0 - CUDA_VISIBLE_DEVICES: [0]
[I 2023-11-30 04:59:55,335] Trial 124 finished with value: 0.18972726166248322 and parameters: {'gradient_clip_val': 0.33710286492561464, 'hidden_size': 106, 'dropout': 0.329648653288435, 'hidden_continuous_size': 101, 'attention_head_size': 2, 'learning_rate': 0.015681706949061812}. Best is trial 38 with value: 0.09751420468091965.
LOCAL_RANK: 0 - CUDA_VISIBLE_DEVICES: [0]
[I 2023-11-30 05:00:10,136] Trial 125 finished with value: 0.11602707952260971 and parameters: {'gradient_clip_val': 0.281699005259783, 'hidden_size': 126, 'dropout': 0.3180931228180847, 'hidden_continuous_size': 115, 'attention_head_size': 2, 'learning_rate': 0.012031428597876445}. Best is trial 38 with value: 0.09751420468091965.
LOCAL_RANK: 0 - CUDA_VISIBLE_DEVICES: [0]
[I 2023-11-30 05:00:25,106] Trial 126 finished with value: 0.11847130209207535 and parameters: {'gradient_clip_val': 0.28334473214358047, 'hidden_size': 142, 'dropout': 0.34941614643561586, 'hidden_continuous_size': 117, 'attention_head_size': 2, 'learning_rate': 0.010512268318197772}. Best is trial 38 with value: 0.09751420468091965.
LOCAL_RANK: 0 - CUDA_VISIBLE_DEVICES: [0]
[I 2023-11-30 05:00:39,697] Trial 127 finished with value: 0.1833825707435608 and parameters: {'gradient_clip_val': 0.27724065540754494, 'hidden_size': 127, 'dropout': 0.33766680390167564, 'hidden_continuous_size': 112, 'attention_head_size': 2, 'learning_rate': 0.011794393844993126}. Best is trial 38 with value: 0.09751420468091965.
LOCAL_RANK: 0 - CUDA_VISIBLE_DEVICES: [0]
[I 2023-11-30 05:00:54,422] Trial 128 finished with value: 0.17360030114650726 and parameters: {'gradient_clip_val': 0.2643502691870145, 'hidden_size': 118, 'dropout': 0.31905670988756957, 'hidden_continuous_size': 110, 'attention_head_size': 2, 'learning_rate': 0.013674451677522051}. Best is trial 38 with value: 0.09751420468091965.
LOCAL_RANK: 0 - CUDA_VISIBLE_DEVICES: [0]
[I 2023-11-30 05:01:09,272] Trial 129 finished with value: 0.132058784365654 and parameters: {'gradient_clip_val': 0.3142411819697573, 'hidden_size': 133, 'dropout': 0.3008985250920939, 'hidden_continuous_size': 122, 'attention_head_size': 1, 'learning_rate': 0.00985198933119084}. Best is trial 38 with value: 0.09751420468091965.
LOCAL_RANK: 0 - CUDA_VISIBLE_DEVICES: [0]
[I 2023-11-30 05:01:23,958] Trial 130 finished with value: 0.15559056401252747 and parameters: {'gradient_clip_val': 0.251250943942411, 'hidden_size': 122, 'dropout': 0.28779868074312825, 'hidden_continuous_size': 109, 'attention_head_size': 2, 'learning_rate': 0.008842982893205125}. Best is trial 38 with value: 0.09751420468091965.
LOCAL_RANK: 0 - CUDA_VISIBLE_DEVICES: [0]
[I 2023-11-30 05:01:38,566] Trial 131 finished with value: 0.18025879561901093 and parameters: {'gradient_clip_val': 0.2973825301895372, 'hidden_size': 111, 'dropout': 0.3317616797195374, 'hidden_continuous_size': 102, 'attention_head_size': 2, 'learning_rate': 0.018031834553997265}. Best is trial 38 with value: 0.09751420468091965.
LOCAL_RANK: 0 - CUDA_VISIBLE_DEVICES: [0]
[I 2023-11-30 05:01:53,024] Trial 132 finished with value: 0.23990917205810547 and parameters: {'gradient_clip_val': 0.22777698272346406, 'hidden_size': 95, 'dropout': 0.3091565421978799, 'hidden_continuous_size': 90, 'attention_head_size': 2, 'learning_rate': 0.01240882151616791}. Best is trial 38 with value: 0.09751420468091965.
LOCAL_RANK: 0 - CUDA_VISIBLE_DEVICES: [0]
[I 2023-11-30 05:02:07,492] Trial 133 finished with value: 0.12598195672035217 and parameters: {'gradient_clip_val': 0.34978527847711355, 'hidden_size': 103, 'dropout': 0.3166941781848251, 'hidden_continuous_size': 96, 'attention_head_size': 2, 'learning_rate': 0.014472679754448848}. Best is trial 38 with value: 0.09751420468091965.
LOCAL_RANK: 0 - CUDA_VISIBLE_DEVICES: [0]
[I 2023-11-30 05:02:22,638] Trial 134 finished with value: 0.12179800122976303 and parameters: {'gradient_clip_val': 0.3201334764630045, 'hidden_size': 141, 'dropout': 0.32458014287929055, 'hidden_continuous_size': 126, 'attention_head_size': 2, 'learning_rate': 0.010849124280720745}. Best is trial 38 with value: 0.09751420468091965.
LOCAL_RANK: 0 - CUDA_VISIBLE_DEVICES: [0]
[I 2023-11-30 05:02:37,249] Trial 135 finished with value: 0.17362190783023834 and parameters: {'gradient_clip_val': 0.376864202980631, 'hidden_size': 114, 'dropout': 0.3426221795530406, 'hidden_continuous_size': 107, 'attention_head_size': 2, 'learning_rate': 0.02213005365948208}. Best is trial 38 with value: 0.09751420468091965.
LOCAL_RANK: 0 - CUDA_VISIBLE_DEVICES: [0]
[I 2023-11-30 05:02:51,988] Trial 136 finished with value: 0.18401622772216797 and parameters: {'gradient_clip_val': 0.28776755738367277, 'hidden_size': 126, 'dropout': 0.3002816010971189, 'hidden_continuous_size': 116, 'attention_head_size': 2, 'learning_rate': 0.016547741707152976}. Best is trial 38 with value: 0.09751420468091965.
LOCAL_RANK: 0 - CUDA_VISIBLE_DEVICES: [0]
[I 2023-11-30 05:03:06,392] Trial 137 finished with value: 0.15027040243148804 and parameters: {'gradient_clip_val': 0.24158567211146476, 'hidden_size': 89, 'dropout': 0.31015659000203055, 'hidden_continuous_size': 85, 'attention_head_size': 2, 'learning_rate': 0.027226846964308188}. Best is trial 38 with value: 0.09751420468091965.
LOCAL_RANK: 0 - CUDA_VISIBLE_DEVICES: [0]
[I 2023-11-30 05:03:20,955] Trial 138 finished with value: 0.14305122196674347 and parameters: {'gradient_clip_val': 0.33900639622996875, 'hidden_size': 99, 'dropout': 0.3187184178791963, 'hidden_continuous_size': 94, 'attention_head_size': 2, 'learning_rate': 0.020161669246979853}. Best is trial 38 with value: 0.09751420468091965.
LOCAL_RANK: 0 - CUDA_VISIBLE_DEVICES: [0]
[I 2023-11-30 05:03:35,749] Trial 139 finished with value: 0.12062794715166092 and parameters: {'gradient_clip_val': 0.3065153679448945, 'hidden_size': 107, 'dropout': 0.29047511013882177, 'hidden_continuous_size': 99, 'attention_head_size': 2, 'learning_rate': 0.023730276618948422}. Best is trial 38 with value: 0.09751420468091965.
LOCAL_RANK: 0 - CUDA_VISIBLE_DEVICES: [0]
[I 2023-11-30 05:03:50,001] Trial 140 finished with value: 0.10742185264825821 and parameters: {'gradient_clip_val': 0.3606426684585745, 'hidden_size': 84, 'dropout': 0.2677515059330663, 'hidden_continuous_size': 81, 'attention_head_size': 2, 'learning_rate': 0.013082545353540597}. Best is trial 38 with value: 0.09751420468091965.
LOCAL_RANK: 0 - CUDA_VISIBLE_DEVICES: [0]
[I 2023-11-30 05:04:04,260] Trial 141 finished with value: 0.1386719048023224 and parameters: {'gradient_clip_val': 0.361844873080307, 'hidden_size': 82, 'dropout': 0.2701682774906981, 'hidden_continuous_size': 80, 'attention_head_size': 2, 'learning_rate': 0.01361436051028046}. Best is trial 38 with value: 0.09751420468091965.
LOCAL_RANK: 0 - CUDA_VISIBLE_DEVICES: [0]
[I 2023-11-30 05:04:18,599] Trial 142 finished with value: 0.11118457466363907 and parameters: {'gradient_clip_val': 0.3887681601261013, 'hidden_size': 93, 'dropout': 0.27922654733308583, 'hidden_continuous_size': 88, 'attention_head_size': 2, 'learning_rate': 0.011715150164848318}. Best is trial 38 with value: 0.09751420468091965.
LOCAL_RANK: 0 - CUDA_VISIBLE_DEVICES: [0]
[I 2023-11-30 05:04:32,927] Trial 143 finished with value: 0.1993647813796997 and parameters: {'gradient_clip_val': 0.42792368275371906, 'hidden_size': 78, 'dropout': 0.26684528759690124, 'hidden_continuous_size': 76, 'attention_head_size': 2, 'learning_rate': 0.011800922860954601}. Best is trial 38 with value: 0.09751420468091965.
LOCAL_RANK: 0 - CUDA_VISIBLE_DEVICES: [0]
[I 2023-11-30 05:04:47,576] Trial 144 finished with value: 0.30839574337005615 and parameters: {'gradient_clip_val': 0.39900790383603185, 'hidden_size': 97, 'dropout': 0.278552676946512, 'hidden_continuous_size': 90, 'attention_head_size': 2, 'learning_rate': 0.012337395385708076}. Best is trial 38 with value: 0.09751420468091965.
LOCAL_RANK: 0 - CUDA_VISIBLE_DEVICES: [0]
[I 2023-11-30 05:05:02,203] Trial 145 finished with value: 0.14992232620716095 and parameters: {'gradient_clip_val': 0.269670228713214, 'hidden_size': 117, 'dropout': 0.25552753598143607, 'hidden_continuous_size': 106, 'attention_head_size': 2, 'learning_rate': 0.010943988479054428}. Best is trial 38 with value: 0.09751420468091965.
LOCAL_RANK: 0 - CUDA_VISIBLE_DEVICES: [0]
[I 2023-11-30 05:05:16,687] Trial 146 finished with value: 0.21371865272521973 and parameters: {'gradient_clip_val': 0.3323074570691019, 'hidden_size': 132, 'dropout': 0.2748479211440633, 'hidden_continuous_size': 73, 'attention_head_size': 2, 'learning_rate': 0.015048363538532802}. Best is trial 38 with value: 0.09751420468091965.
LOCAL_RANK: 0 - CUDA_VISIBLE_DEVICES: [0]
[I 2023-11-30 05:05:31,121] Trial 147 finished with value: 0.14463064074516296 and parameters: {'gradient_clip_val': 0.381411249579457, 'hidden_size': 108, 'dropout': 0.283559209391654, 'hidden_continuous_size': 101, 'attention_head_size': 2, 'learning_rate': 0.008963895830825686}. Best is trial 38 with value: 0.09751420468091965.
LOCAL_RANK: 0 - CUDA_VISIBLE_DEVICES: [0]
[I 2023-11-30 05:05:45,533] Trial 148 finished with value: 0.16143366694450378 and parameters: {'gradient_clip_val': 0.3452838117932253, 'hidden_size': 87, 'dropout': 0.29551258909003575, 'hidden_continuous_size': 82, 'attention_head_size': 2, 'learning_rate': 0.013337727226078538}. Best is trial 38 with value: 0.09751420468091965.
LOCAL_RANK: 0 - CUDA_VISIBLE_DEVICES: [0]
[I 2023-11-30 05:06:00,395] Trial 149 finished with value: 0.22440843284130096 and parameters: {'gradient_clip_val': 0.2918589162410715, 'hidden_size': 122, 'dropout': 0.2695703297418695, 'hidden_continuous_size': 112, 'attention_head_size': 2, 'learning_rate': 0.0073624966092620415}. Best is trial 38 with value: 0.09751420468091965.
[I 2023-11-30 05:06:00,507] A new study created in memory with name: no-name-a512b83a-52f7-4af0-b04f-2e13ddb353e5
/home/le004/conda/anaconda3/envs/tsff_env/lib/python3.9/site-packages/lightning/fabric/plugins/environments/slurm.py:191: The `srun` command is available on your system but is not used. HINT: If your intention is to run Lightning on SLURM, prepend your python command with `srun` like so: srun python /home/le004/master_thesis/git/TSFusionForecast/code/ ...
LOCAL_RANK: 0 - CUDA_VISIBLE_DEVICES: [0]
[I 2023-11-30 05:06:14,199] Trial 0 finished with value: 0.33165213465690613 and parameters: {'gradient_clip_val': 0.13207778277871254, 'hidden_size': 65, 'dropout': 0.28512257493003956, 'hidden_continuous_size': 27, 'attention_head_size': 3, 'learning_rate': 0.013868930075953507}. Best is trial 0 with value: 0.33165213465690613.
LOCAL_RANK: 0 - CUDA_VISIBLE_DEVICES: [0]
[I 2023-11-30 05:06:25,186] Trial 1 finished with value: 1.7635068893432617 and parameters: {'gradient_clip_val': 0.3595448964034764, 'hidden_size': 10, 'dropout': 0.20309569772387648, 'hidden_continuous_size': 10, 'attention_head_size': 4, 'learning_rate': 0.0017459527120494709}. Best is trial 0 with value: 0.33165213465690613.
LOCAL_RANK: 0 - CUDA_VISIBLE_DEVICES: [0]
[I 2023-11-30 05:06:38,499] Trial 2 finished with value: 0.27196791768074036 and parameters: {'gradient_clip_val': 0.604983231020541, 'hidden_size': 61, 'dropout': 0.15502802524575188, 'hidden_continuous_size': 15, 'attention_head_size': 1, 'learning_rate': 0.06670339127908781}. Best is trial 2 with value: 0.27196791768074036.
LOCAL_RANK: 0 - CUDA_VISIBLE_DEVICES: [0]
[I 2023-11-30 05:06:51,397] Trial 3 finished with value: 0.6712048649787903 and parameters: {'gradient_clip_val': 0.35228387690182544, 'hidden_size': 43, 'dropout': 0.35610492195123833, 'hidden_continuous_size': 11, 'attention_head_size': 2, 'learning_rate': 0.09229658165711155}. Best is trial 2 with value: 0.27196791768074036.
LOCAL_RANK: 0 - CUDA_VISIBLE_DEVICES: [0]
[I 2023-11-30 05:07:04,594] Trial 4 finished with value: 1.1631438732147217 and parameters: {'gradient_clip_val': 0.2102636391719227, 'hidden_size': 35, 'dropout': 0.1047679895177556, 'hidden_continuous_size': 15, 'attention_head_size': 4, 'learning_rate': 0.002964469073007512}. Best is trial 2 with value: 0.27196791768074036.
LOCAL_RANK: 0 - CUDA_VISIBLE_DEVICES: [0]
[I 2023-11-30 05:07:18,452] Trial 5 finished with value: 0.32777881622314453 and parameters: {'gradient_clip_val': 0.35518716518551663, 'hidden_size': 62, 'dropout': 0.19634446736320427, 'hidden_continuous_size': 35, 'attention_head_size': 4, 'learning_rate': 0.014786597739573314}. Best is trial 2 with value: 0.27196791768074036.
LOCAL_RANK: 0 - CUDA_VISIBLE_DEVICES: [0]
[I 2023-11-30 05:07:33,394] Trial 6 finished with value: 0.36321306228637695 and parameters: {'gradient_clip_val': 0.8923124595530048, 'hidden_size': 146, 'dropout': 0.16886957225740673, 'hidden_continuous_size': 106, 'attention_head_size': 2, 'learning_rate': 0.08801146484046757}. Best is trial 2 with value: 0.27196791768074036.
LOCAL_RANK: 0 - CUDA_VISIBLE_DEVICES: [0]
[I 2023-11-30 05:07:45,894] Trial 7 finished with value: 0.550314724445343 and parameters: {'gradient_clip_val': 0.15696199326643476, 'hidden_size': 31, 'dropout': 0.36349408157950847, 'hidden_continuous_size': 12, 'attention_head_size': 1, 'learning_rate': 0.014296415692319583}. Best is trial 2 with value: 0.27196791768074036.
LOCAL_RANK: 0 - CUDA_VISIBLE_DEVICES: [0]
[I 2023-11-30 05:08:00,295] Trial 8 finished with value: 0.6866366267204285 and parameters: {'gradient_clip_val': 0.25094551360805506, 'hidden_size': 126, 'dropout': 0.2867688589159743, 'hidden_continuous_size': 36, 'attention_head_size': 4, 'learning_rate': 0.004057019189009093}. Best is trial 2 with value: 0.27196791768074036.
LOCAL_RANK: 0 - CUDA_VISIBLE_DEVICES: [0]
[I 2023-11-30 05:08:14,597] Trial 9 finished with value: 0.42438337206840515 and parameters: {'gradient_clip_val': 0.334965784637092, 'hidden_size': 99, 'dropout': 0.2021280409720169, 'hidden_continuous_size': 57, 'attention_head_size': 2, 'learning_rate': 0.0016862884139888397}. Best is trial 2 with value: 0.27196791768074036.
LOCAL_RANK: 0 - CUDA_VISIBLE_DEVICES: [0]
[I 2023-11-30 05:08:26,696] Trial 10 finished with value: 0.5130109786987305 and parameters: {'gradient_clip_val': 0.7041815640260033, 'hidden_size': 16, 'dropout': 0.12259673518346953, 'hidden_continuous_size': 10, 'attention_head_size': 1, 'learning_rate': 0.0363255694641101}. Best is trial 2 with value: 0.27196791768074036.
LOCAL_RANK: 0 - CUDA_VISIBLE_DEVICES: [0]
[I 2023-11-30 05:08:40,419] Trial 11 finished with value: 0.21361012756824493 and parameters: {'gradient_clip_val': 0.5804798064102998, 'hidden_size': 71, 'dropout': 0.1765559194387689, 'hidden_continuous_size': 17, 'attention_head_size': 3, 'learning_rate': 0.030982325630595206}. Best is trial 11 with value: 0.21361012756824493.
LOCAL_RANK: 0 - CUDA_VISIBLE_DEVICES: [0]
[I 2023-11-30 05:08:53,924] Trial 12 finished with value: 0.30111852288246155 and parameters: {'gradient_clip_val': 0.5875604642201046, 'hidden_size': 76, 'dropout': 0.15187544847120668, 'hidden_continuous_size': 17, 'attention_head_size': 3, 'learning_rate': 0.03537801407735337}. Best is trial 11 with value: 0.21361012756824493.
LOCAL_RANK: 0 - CUDA_VISIBLE_DEVICES: [0]
[I 2023-11-30 05:09:07,067] Trial 13 finished with value: 0.24340350925922394 and parameters: {'gradient_clip_val': 0.5450479933983498, 'hidden_size': 52, 'dropout': 0.1475717134667127, 'hidden_continuous_size': 16, 'attention_head_size': 3, 'learning_rate': 0.035518468807817144}. Best is trial 11 with value: 0.21361012756824493.
LOCAL_RANK: 0 - CUDA_VISIBLE_DEVICES: [0]
[I 2023-11-30 05:09:21,066] Trial 14 finished with value: 0.40609994530677795 and parameters: {'gradient_clip_val': 0.466997763794569, 'hidden_size': 97, 'dropout': 0.24634442064708548, 'hidden_continuous_size': 21, 'attention_head_size': 3, 'learning_rate': 0.02981429354208614}. Best is trial 11 with value: 0.21361012756824493.
LOCAL_RANK: 0 - CUDA_VISIBLE_DEVICES: [0]
[I 2023-11-30 05:09:34,182] Trial 15 finished with value: 0.327455997467041 and parameters: {'gradient_clip_val': 0.956970196571924, 'hidden_size': 46, 'dropout': 0.10979176735366847, 'hidden_continuous_size': 13, 'attention_head_size': 3, 'learning_rate': 0.007493298225457736}. Best is trial 11 with value: 0.21361012756824493.
LOCAL_RANK: 0 - CUDA_VISIBLE_DEVICES: [0]
[I 2023-11-30 05:09:46,995] Trial 16 finished with value: 0.4562138617038727 and parameters: {'gradient_clip_val': 0.46695990182504693, 'hidden_size': 27, 'dropout': 0.1451363406072288, 'hidden_continuous_size': 13, 'attention_head_size': 3, 'learning_rate': 0.02487040666630526}. Best is trial 11 with value: 0.21361012756824493.
LOCAL_RANK: 0 - CUDA_VISIBLE_DEVICES: [0]
[I 2023-11-30 05:10:00,025] Trial 17 finished with value: 0.6209686398506165 and parameters: {'gradient_clip_val': 0.7772064572760031, 'hidden_size': 52, 'dropout': 0.1846697628715942, 'hidden_continuous_size': 17, 'attention_head_size': 2, 'learning_rate': 0.060456419809797525}. Best is trial 11 with value: 0.21361012756824493.
LOCAL_RANK: 0 - CUDA_VISIBLE_DEVICES: [0]
[I 2023-11-30 05:10:13,807] Trial 18 finished with value: 0.19069187343120575 and parameters: {'gradient_clip_val': 0.4991686485649616, 'hidden_size': 83, 'dropout': 0.1330825241383154, 'hidden_continuous_size': 22, 'attention_head_size': 3, 'learning_rate': 0.04815120116496583}. Best is trial 18 with value: 0.19069187343120575.
LOCAL_RANK: 0 - CUDA_VISIBLE_DEVICES: [0]
[I 2023-11-30 05:10:27,785] Trial 19 finished with value: 0.31002238392829895 and parameters: {'gradient_clip_val': 0.4635414907757579, 'hidden_size': 87, 'dropout': 0.22482360177501814, 'hidden_continuous_size': 23, 'attention_head_size': 2, 'learning_rate': 0.05402320985910234}. Best is trial 18 with value: 0.19069187343120575.
LOCAL_RANK: 0 - CUDA_VISIBLE_DEVICES: [0]
[I 2023-11-30 05:10:41,729] Trial 20 finished with value: 0.16734127700328827 and parameters: {'gradient_clip_val': 0.720505911527209, 'hidden_size': 78, 'dropout': 0.10231914287759383, 'hidden_continuous_size': 22, 'attention_head_size': 4, 'learning_rate': 0.01941011237863693}. Best is trial 20 with value: 0.16734127700328827.
LOCAL_RANK: 0 - CUDA_VISIBLE_DEVICES: [0]
[I 2023-11-30 05:10:55,863] Trial 21 finished with value: 0.16584688425064087 and parameters: {'gradient_clip_val': 0.738589954839454, 'hidden_size': 112, 'dropout': 0.12528835630778173, 'hidden_continuous_size': 22, 'attention_head_size': 4, 'learning_rate': 0.02033874412694546}. Best is trial 21 with value: 0.16584688425064087.
LOCAL_RANK: 0 - CUDA_VISIBLE_DEVICES: [0]
[I 2023-11-30 05:11:10,194] Trial 22 finished with value: 0.09141140431165695 and parameters: {'gradient_clip_val': 0.7530713660814705, 'hidden_size': 114, 'dropout': 0.1005999758220929, 'hidden_continuous_size': 26, 'attention_head_size': 4, 'learning_rate': 0.02020763014979149}. Best is trial 22 with value: 0.09141140431165695.
LOCAL_RANK: 0 - CUDA_VISIBLE_DEVICES: [0]
[I 2023-11-30 05:11:24,401] Trial 23 finished with value: 0.19999682903289795 and parameters: {'gradient_clip_val': 0.7484946749248585, 'hidden_size': 114, 'dropout': 0.10161901674324803, 'hidden_continuous_size': 29, 'attention_head_size': 4, 'learning_rate': 0.019897642571745356}. Best is trial 22 with value: 0.09141140431165695.
LOCAL_RANK: 0 - CUDA_VISIBLE_DEVICES: [0]
