[I 2023-11-29 22:26:35,725] Trial 33 finished with value: 0.15238092839717865 and parameters: {'gradient_clip_val': 0.5398678232877747, 'hidden_size': 41, 'dropout': 0.2005575112621763, 'hidden_continuous_size': 18, 'attention_head_size': 1, 'learning_rate': 0.07201244875892554}. Best is trial 30 with value: 0.10100120306015015.
LOCAL_RANK: 0 - CUDA_VISIBLE_DEVICES: [0]
[I 2023-11-29 22:26:48,234] Trial 34 finished with value: 0.17191214859485626 and parameters: {'gradient_clip_val': 0.351740492938164, 'hidden_size': 22, 'dropout': 0.22891242179052382, 'hidden_continuous_size': 14, 'attention_head_size': 2, 'learning_rate': 0.03777632311923168}. Best is trial 30 with value: 0.10100120306015015.
LOCAL_RANK: 0 - CUDA_VISIBLE_DEVICES: [0]
[I 2023-11-29 22:27:00,394] Trial 35 finished with value: 0.13150276243686676 and parameters: {'gradient_clip_val': 0.4432327477173003, 'hidden_size': 28, 'dropout': 0.24534308472949654, 'hidden_continuous_size': 16, 'attention_head_size': 1, 'learning_rate': 0.07734480034752442}. Best is trial 30 with value: 0.10100120306015015.
LOCAL_RANK: 0 - CUDA_VISIBLE_DEVICES: [0]
[I 2023-11-29 22:27:13,515] Trial 36 finished with value: 0.14882749319076538 and parameters: {'gradient_clip_val': 0.510157554426827, 'hidden_size': 50, 'dropout': 0.2249639141892526, 'hidden_continuous_size': 19, 'attention_head_size': 2, 'learning_rate': 0.05169740829878394}. Best is trial 30 with value: 0.10100120306015015.
LOCAL_RANK: 0 - CUDA_VISIBLE_DEVICES: [0]
[I 2023-11-29 22:27:26,217] Trial 37 finished with value: 0.15649943053722382 and parameters: {'gradient_clip_val': 0.26896607372673825, 'hidden_size': 31, 'dropout': 0.2580320212154399, 'hidden_continuous_size': 13, 'attention_head_size': 1, 'learning_rate': 0.07679588968518165}. Best is trial 30 with value: 0.10100120306015015.
LOCAL_RANK: 0 - CUDA_VISIBLE_DEVICES: [0]
[I 2023-11-29 22:27:39,193] Trial 38 finished with value: 0.12499485164880753 and parameters: {'gradient_clip_val': 0.4414037521300949, 'hidden_size': 38, 'dropout': 0.2979046007857427, 'hidden_continuous_size': 18, 'attention_head_size': 2, 'learning_rate': 0.05559467313501713}. Best is trial 30 with value: 0.10100120306015015.
LOCAL_RANK: 0 - CUDA_VISIBLE_DEVICES: [0]
[I 2023-11-29 22:27:52,065] Trial 39 finished with value: 0.22428612411022186 and parameters: {'gradient_clip_val': 0.3406246774801615, 'hidden_size': 38, 'dropout': 0.3060289538208617, 'hidden_continuous_size': 21, 'attention_head_size': 2, 'learning_rate': 0.02125232258851854}. Best is trial 30 with value: 0.10100120306015015.
LOCAL_RANK: 0 - CUDA_VISIBLE_DEVICES: [0]
[I 2023-11-29 22:28:04,161] Trial 40 finished with value: 0.8812232613563538 and parameters: {'gradient_clip_val': 0.40057963161732646, 'hidden_size': 12, 'dropout': 0.2911838669214283, 'hidden_continuous_size': 11, 'attention_head_size': 2, 'learning_rate': 0.03944685496595453}. Best is trial 30 with value: 0.10100120306015015.
LOCAL_RANK: 0 - CUDA_VISIBLE_DEVICES: [0]
[I 2023-11-29 22:28:16,772] Trial 41 finished with value: 0.1496548056602478 and parameters: {'gradient_clip_val': 0.4580617155922286, 'hidden_size': 23, 'dropout': 0.24175248214965994, 'hidden_continuous_size': 16, 'attention_head_size': 1, 'learning_rate': 0.059435971030831584}. Best is trial 30 with value: 0.10100120306015015.
LOCAL_RANK: 0 - CUDA_VISIBLE_DEVICES: [0]
[I 2023-11-29 22:28:30,176] Trial 42 finished with value: 0.12526243925094604 and parameters: {'gradient_clip_val': 0.5440153388025637, 'hidden_size': 49, 'dropout': 0.26603024379073226, 'hidden_continuous_size': 18, 'attention_head_size': 2, 'learning_rate': 0.07451534535944862}. Best is trial 30 with value: 0.10100120306015015.
LOCAL_RANK: 0 - CUDA_VISIBLE_DEVICES: [0]
[I 2023-11-29 22:28:43,153] Trial 43 finished with value: 0.10369214415550232 and parameters: {'gradient_clip_val': 0.569192013479651, 'hidden_size': 48, 'dropout': 0.2654563811991808, 'hidden_continuous_size': 18, 'attention_head_size': 2, 'learning_rate': 0.051310496832365014}. Best is trial 30 with value: 0.10100120306015015.
LOCAL_RANK: 0 - CUDA_VISIBLE_DEVICES: [0]
[I 2023-11-29 22:28:56,859] Trial 44 finished with value: 0.14756564795970917 and parameters: {'gradient_clip_val': 0.4405476118900452, 'hidden_size': 65, 'dropout': 0.27906561512333206, 'hidden_continuous_size': 23, 'attention_head_size': 2, 'learning_rate': 0.05117344458057372}. Best is trial 30 with value: 0.10100120306015015.
LOCAL_RANK: 0 - CUDA_VISIBLE_DEVICES: [0]
[I 2023-11-29 22:29:10,252] Trial 45 finished with value: 0.11946167796850204 and parameters: {'gradient_clip_val': 0.38166886812773854, 'hidden_size': 57, 'dropout': 0.2608989430206809, 'hidden_continuous_size': 19, 'attention_head_size': 2, 'learning_rate': 0.030090449736189146}. Best is trial 30 with value: 0.10100120306015015.
LOCAL_RANK: 0 - CUDA_VISIBLE_DEVICES: [0]
[I 2023-11-29 22:29:23,622] Trial 46 finished with value: 0.15653067827224731 and parameters: {'gradient_clip_val': 0.38595205748487865, 'hidden_size': 58, 'dropout': 0.25989175481288757, 'hidden_continuous_size': 20, 'attention_head_size': 2, 'learning_rate': 0.02869460525128405}. Best is trial 30 with value: 0.10100120306015015.
LOCAL_RANK: 0 - CUDA_VISIBLE_DEVICES: [0]
[I 2023-11-29 22:29:37,376] Trial 47 finished with value: 0.15417541563510895 and parameters: {'gradient_clip_val': 0.30190903112436596, 'hidden_size': 76, 'dropout': 0.23507112729196875, 'hidden_continuous_size': 25, 'attention_head_size': 2, 'learning_rate': 0.03304772857204551}. Best is trial 30 with value: 0.10100120306015015.
LOCAL_RANK: 0 - CUDA_VISIBLE_DEVICES: [0]
[I 2023-11-29 22:29:50,276] Trial 48 finished with value: 0.16995863616466522 and parameters: {'gradient_clip_val': 0.605028904868705, 'hidden_size': 44, 'dropout': 0.27337933258023506, 'hidden_continuous_size': 17, 'attention_head_size': 2, 'learning_rate': 0.08753846301867298}. Best is trial 30 with value: 0.10100120306015015.
LOCAL_RANK: 0 - CUDA_VISIBLE_DEVICES: [0]
[I 2023-11-29 22:30:03,167] Trial 49 finished with value: 0.15618427097797394 and parameters: {'gradient_clip_val': 0.3657846083894704, 'hidden_size': 48, 'dropout': 0.3194523659366404, 'hidden_continuous_size': 19, 'attention_head_size': 2, 'learning_rate': 0.0241145469153961}. Best is trial 30 with value: 0.10100120306015015.
LOCAL_RANK: 0 - CUDA_VISIBLE_DEVICES: [0]
[I 2023-11-29 22:30:15,713] Trial 50 finished with value: 0.18056082725524902 and parameters: {'gradient_clip_val': 0.42666700486686704, 'hidden_size': 27, 'dropout': 0.24607969284007275, 'hidden_continuous_size': 16, 'attention_head_size': 1, 'learning_rate': 0.04104316131425516}. Best is trial 30 with value: 0.10100120306015015.
LOCAL_RANK: 0 - CUDA_VISIBLE_DEVICES: [0]
[I 2023-11-29 22:30:28,659] Trial 51 finished with value: 0.15570741891860962 and parameters: {'gradient_clip_val': 0.47786173326559317, 'hidden_size': 39, 'dropout': 0.26493990485798036, 'hidden_continuous_size': 18, 'attention_head_size': 2, 'learning_rate': 0.0548061616639981}. Best is trial 30 with value: 0.10100120306015015.
LOCAL_RANK: 0 - CUDA_VISIBLE_DEVICES: [0]
[I 2023-11-29 22:30:41,634] Trial 52 finished with value: 0.1494433730840683 and parameters: {'gradient_clip_val': 0.4086151861905422, 'hidden_size': 37, 'dropout': 0.2854443869745118, 'hidden_continuous_size': 17, 'attention_head_size': 2, 'learning_rate': 0.03272294265012688}. Best is trial 30 with value: 0.10100120306015015.
LOCAL_RANK: 0 - CUDA_VISIBLE_DEVICES: [0]
[I 2023-11-29 22:30:54,746] Trial 53 finished with value: 0.11126643419265747 and parameters: {'gradient_clip_val': 0.46039344592787557, 'hidden_size': 56, 'dropout': 0.2556345045406845, 'hidden_continuous_size': 23, 'attention_head_size': 2, 'learning_rate': 0.08820202984637168}. Best is trial 30 with value: 0.10100120306015015.
LOCAL_RANK: 0 - CUDA_VISIBLE_DEVICES: [0]
[I 2023-11-29 22:31:07,961] Trial 54 finished with value: 0.15946650505065918 and parameters: {'gradient_clip_val': 0.53171932457319, 'hidden_size': 57, 'dropout': 0.23510734889060217, 'hidden_continuous_size': 23, 'attention_head_size': 2, 'learning_rate': 0.08610097527529184}. Best is trial 30 with value: 0.10100120306015015.
LOCAL_RANK: 0 - CUDA_VISIBLE_DEVICES: [0]
[I 2023-11-29 22:31:21,589] Trial 55 finished with value: 0.14244376122951508 and parameters: {'gradient_clip_val': 0.575004251446723, 'hidden_size': 77, 'dropout': 0.25278870073987, 'hidden_continuous_size': 28, 'attention_head_size': 2, 'learning_rate': 0.08983042611275766}. Best is trial 30 with value: 0.10100120306015015.
LOCAL_RANK: 0 - CUDA_VISIBLE_DEVICES: [0]
[I 2023-11-29 22:31:34,629] Trial 56 finished with value: 0.14513428509235382 and parameters: {'gradient_clip_val': 0.6557050687578572, 'hidden_size': 45, 'dropout': 0.2183461136093614, 'hidden_continuous_size': 20, 'attention_head_size': 1, 'learning_rate': 0.04407661380169234}. Best is trial 30 with value: 0.10100120306015015.
LOCAL_RANK: 0 - CUDA_VISIBLE_DEVICES: [0]
[I 2023-11-29 22:31:47,887] Trial 57 finished with value: 0.1541242152452469 and parameters: {'gradient_clip_val': 0.5147743707061466, 'hidden_size': 56, 'dropout': 0.22991573462163603, 'hidden_continuous_size': 22, 'attention_head_size': 2, 'learning_rate': 0.06407287108827987}. Best is trial 30 with value: 0.10100120306015015.
LOCAL_RANK: 0 - CUDA_VISIBLE_DEVICES: [0]
[I 2023-11-29 22:32:00,888] Trial 58 finished with value: 0.15532732009887695 and parameters: {'gradient_clip_val': 0.3445327202294219, 'hidden_size': 47, 'dropout': 0.27406348451113566, 'hidden_continuous_size': 19, 'attention_head_size': 1, 'learning_rate': 0.04667824239463108}. Best is trial 30 with value: 0.10100120306015015.
LOCAL_RANK: 0 - CUDA_VISIBLE_DEVICES: [0]
[I 2023-11-29 22:32:14,510] Trial 59 finished with value: 0.12614695727825165 and parameters: {'gradient_clip_val': 0.46369227318027195, 'hidden_size': 65, 'dropout': 0.2551022297415878, 'hidden_continuous_size': 25, 'attention_head_size': 3, 'learning_rate': 0.09802789807138064}. Best is trial 30 with value: 0.10100120306015015.
LOCAL_RANK: 0 - CUDA_VISIBLE_DEVICES: [0]
[I 2023-11-29 22:32:27,682] Trial 60 finished with value: 0.21289527416229248 and parameters: {'gradient_clip_val': 0.4018303745142539, 'hidden_size': 43, 'dropout': 0.21011444892308162, 'hidden_continuous_size': 20, 'attention_head_size': 2, 'learning_rate': 0.06230292393853472}. Best is trial 30 with value: 0.10100120306015015.
LOCAL_RANK: 0 - CUDA_VISIBLE_DEVICES: [0]
[I 2023-11-29 22:32:40,602] Trial 61 finished with value: 0.21056623756885529 and parameters: {'gradient_clip_val': 0.4267979518162552, 'hidden_size': 34, 'dropout': 0.24551062278234073, 'hidden_continuous_size': 17, 'attention_head_size': 2, 'learning_rate': 0.053574836898431885}. Best is trial 30 with value: 0.10100120306015015.
LOCAL_RANK: 0 - CUDA_VISIBLE_DEVICES: [0]
[I 2023-11-29 22:32:53,615] Trial 62 finished with value: 0.11360061168670654 and parameters: {'gradient_clip_val': 0.4461285433724796, 'hidden_size': 40, 'dropout': 0.22071613881036448, 'hidden_continuous_size': 18, 'attention_head_size': 2, 'learning_rate': 0.0830613115589371}. Best is trial 30 with value: 0.10100120306015015.
LOCAL_RANK: 0 - CUDA_VISIBLE_DEVICES: [0]
[I 2023-11-29 22:33:06,736] Trial 63 finished with value: 0.13248611986637115 and parameters: {'gradient_clip_val': 0.4985546739182213, 'hidden_size': 52, 'dropout': 0.22255891574302833, 'hidden_continuous_size': 21, 'attention_head_size': 2, 'learning_rate': 0.0817558142094257}. Best is trial 30 with value: 0.10100120306015015.
LOCAL_RANK: 0 - CUDA_VISIBLE_DEVICES: [0]
[I 2023-11-29 22:33:19,344] Trial 64 finished with value: 0.21325506269931793 and parameters: {'gradient_clip_val': 0.3821663454135554, 'hidden_size': 40, 'dropout': 0.19524420148018898, 'hidden_continuous_size': 15, 'attention_head_size': 2, 'learning_rate': 0.06990384125978073}. Best is trial 30 with value: 0.10100120306015015.
LOCAL_RANK: 0 - CUDA_VISIBLE_DEVICES: [0]
[I 2023-11-29 22:33:32,297] Trial 65 finished with value: 0.16169096529483795 and parameters: {'gradient_clip_val': 0.5677711180087458, 'hidden_size': 52, 'dropout': 0.23748285002763617, 'hidden_continuous_size': 16, 'attention_head_size': 3, 'learning_rate': 0.099354561227086}. Best is trial 30 with value: 0.10100120306015015.
LOCAL_RANK: 0 - CUDA_VISIBLE_DEVICES: [0]
[I 2023-11-29 22:33:45,095] Trial 66 finished with value: 0.1466730237007141 and parameters: {'gradient_clip_val': 0.4720257660769072, 'hidden_size': 29, 'dropout': 0.21284200438131337, 'hidden_continuous_size': 18, 'attention_head_size': 1, 'learning_rate': 0.08299024172759362}. Best is trial 30 with value: 0.10100120306015015.
LOCAL_RANK: 0 - CUDA_VISIBLE_DEVICES: [0]
[I 2023-11-29 22:33:58,341] Trial 67 finished with value: 0.08393969386816025 and parameters: {'gradient_clip_val': 0.5099345206400208, 'hidden_size': 35, 'dropout': 0.2652530670191171, 'hidden_continuous_size': 19, 'attention_head_size': 2, 'learning_rate': 0.06697361952689719}. Best is trial 67 with value: 0.08393969386816025.
LOCAL_RANK: 0 - CUDA_VISIBLE_DEVICES: [0]
[I 2023-11-29 22:34:11,349] Trial 68 finished with value: 0.1767817735671997 and parameters: {'gradient_clip_val': 0.6490268669134613, 'hidden_size': 33, 'dropout': 0.26474280741322753, 'hidden_continuous_size': 19, 'attention_head_size': 2, 'learning_rate': 0.06405011016237258}. Best is trial 67 with value: 0.08393969386816025.
LOCAL_RANK: 0 - CUDA_VISIBLE_DEVICES: [0]
[I 2023-11-29 22:34:24,122] Trial 69 finished with value: 0.20214472711086273 and parameters: {'gradient_clip_val': 0.5115599667677246, 'hidden_size': 35, 'dropout': 0.2806971214597787, 'hidden_continuous_size': 19, 'attention_head_size': 2, 'learning_rate': 0.04839776710576687}. Best is trial 67 with value: 0.08393969386816025.
LOCAL_RANK: 0 - CUDA_VISIBLE_DEVICES: [0]
[I 2023-11-29 22:34:37,210] Trial 70 finished with value: 0.11760342121124268 and parameters: {'gradient_clip_val': 0.4615548000788177, 'hidden_size': 41, 'dropout': 0.2607982727269379, 'hidden_continuous_size': 21, 'attention_head_size': 2, 'learning_rate': 0.03606510886265129}. Best is trial 67 with value: 0.08393969386816025.
LOCAL_RANK: 0 - CUDA_VISIBLE_DEVICES: [0]
[I 2023-11-29 22:34:50,212] Trial 71 finished with value: 0.13655076920986176 and parameters: {'gradient_clip_val': 0.4642345305724685, 'hidden_size': 41, 'dropout': 0.25808818271626893, 'hidden_continuous_size': 21, 'attention_head_size': 2, 'learning_rate': 0.03702037149863898}. Best is trial 67 with value: 0.08393969386816025.
LOCAL_RANK: 0 - CUDA_VISIBLE_DEVICES: [0]
[I 2023-11-29 22:35:03,533] Trial 72 finished with value: 0.08757045120000839 and parameters: {'gradient_clip_val': 0.4314067574190245, 'hidden_size': 45, 'dropout': 0.24116903259407194, 'hidden_continuous_size': 22, 'attention_head_size': 2, 'learning_rate': 0.06908214816756258}. Best is trial 67 with value: 0.08393969386816025.
LOCAL_RANK: 0 - CUDA_VISIBLE_DEVICES: [0]
[I 2023-11-29 22:35:16,362] Trial 73 finished with value: 0.11202231794595718 and parameters: {'gradient_clip_val': 0.5749631007503812, 'hidden_size': 36, 'dropout': 0.2477779488858302, 'hidden_continuous_size': 22, 'attention_head_size': 2, 'learning_rate': 0.06879250980065038}. Best is trial 67 with value: 0.08393969386816025.
LOCAL_RANK: 0 - CUDA_VISIBLE_DEVICES: [0]
[I 2023-11-29 22:35:29,563] Trial 74 finished with value: 0.1483936458826065 and parameters: {'gradient_clip_val': 0.5664035274432931, 'hidden_size': 46, 'dropout': 0.24708377309824908, 'hidden_continuous_size': 22, 'attention_head_size': 2, 'learning_rate': 0.06921432114324945}. Best is trial 67 with value: 0.08393969386816025.
LOCAL_RANK: 0 - CUDA_VISIBLE_DEVICES: [0]
[I 2023-11-29 22:35:42,521] Trial 75 finished with value: 0.1278141438961029 and parameters: {'gradient_clip_val': 0.51493606526753, 'hidden_size': 38, 'dropout': 0.2709680742895412, 'hidden_continuous_size': 20, 'attention_head_size': 2, 'learning_rate': 0.08648845939730218}. Best is trial 67 with value: 0.08393969386816025.
LOCAL_RANK: 0 - CUDA_VISIBLE_DEVICES: [0]
[I 2023-11-29 22:35:55,361] Trial 76 finished with value: 0.1227872371673584 and parameters: {'gradient_clip_val': 0.6061277248355902, 'hidden_size': 30, 'dropout': 0.22876548949444425, 'hidden_continuous_size': 23, 'attention_head_size': 3, 'learning_rate': 0.07311920882578073}. Best is trial 67 with value: 0.08393969386816025.
LOCAL_RANK: 0 - CUDA_VISIBLE_DEVICES: [0]
[I 2023-11-29 22:36:08,229] Trial 77 finished with value: 0.15186947584152222 and parameters: {'gradient_clip_val': 0.6876533177012779, 'hidden_size': 36, 'dropout': 0.24242581726407358, 'hidden_continuous_size': 20, 'attention_head_size': 2, 'learning_rate': 0.055162006484562494}. Best is trial 67 with value: 0.08393969386816025.
LOCAL_RANK: 0 - CUDA_VISIBLE_DEVICES: [0]
[I 2023-11-29 22:36:20,988] Trial 78 finished with value: 0.1216592788696289 and parameters: {'gradient_clip_val': 0.5683844098116362, 'hidden_size': 40, 'dropout': 0.24904881602993578, 'hidden_continuous_size': 22, 'attention_head_size': 2, 'learning_rate': 0.043729842222686444}. Best is trial 67 with value: 0.08393969386816025.
LOCAL_RANK: 0 - CUDA_VISIBLE_DEVICES: [0]
[I 2023-11-29 22:36:33,849] Trial 79 finished with value: 0.10493678599596024 and parameters: {'gradient_clip_val': 0.5331695566548199, 'hidden_size': 44, 'dropout': 0.25473353609418425, 'hidden_continuous_size': 25, 'attention_head_size': 2, 'learning_rate': 0.07841449757896275}. Best is trial 67 with value: 0.08393969386816025.
LOCAL_RANK: 0 - CUDA_VISIBLE_DEVICES: [0]
[I 2023-11-29 22:36:46,915] Trial 80 finished with value: 0.23340223729610443 and parameters: {'gradient_clip_val': 0.5440466105815979, 'hidden_size': 45, 'dropout': 0.23905755314952987, 'hidden_continuous_size': 25, 'attention_head_size': 3, 'learning_rate': 0.07785285199803546}. Best is trial 67 with value: 0.08393969386816025.
LOCAL_RANK: 0 - CUDA_VISIBLE_DEVICES: [0]
[I 2023-11-29 22:37:00,046] Trial 81 finished with value: 0.1464446634054184 and parameters: {'gradient_clip_val': 0.483534828527085, 'hidden_size': 42, 'dropout': 0.25695985796713455, 'hidden_continuous_size': 24, 'attention_head_size': 2, 'learning_rate': 0.058597019091256954}. Best is trial 67 with value: 0.08393969386816025.
LOCAL_RANK: 0 - CUDA_VISIBLE_DEVICES: [0]
[I 2023-11-29 22:37:12,855] Trial 82 finished with value: 0.27117177844047546 and parameters: {'gradient_clip_val': 0.4469109614419769, 'hidden_size': 32, 'dropout': 0.26853875015516926, 'hidden_continuous_size': 22, 'attention_head_size': 2, 'learning_rate': 0.04995615461565207}. Best is trial 67 with value: 0.08393969386816025.
LOCAL_RANK: 0 - CUDA_VISIBLE_DEVICES: [0]
[I 2023-11-29 22:37:25,418] Trial 83 finished with value: 0.13323946297168732 and parameters: {'gradient_clip_val': 0.5095743778277789, 'hidden_size': 36, 'dropout': 0.2533962171757266, 'hidden_continuous_size': 24, 'attention_head_size': 2, 'learning_rate': 0.06758014364306644}. Best is trial 67 with value: 0.08393969386816025.
LOCAL_RANK: 0 - CUDA_VISIBLE_DEVICES: [0]
[I 2023-11-29 22:37:38,646] Trial 84 finished with value: 0.14762870967388153 and parameters: {'gradient_clip_val': 0.42060002356416165, 'hidden_size': 49, 'dropout': 0.2765412220276851, 'hidden_continuous_size': 21, 'attention_head_size': 2, 'learning_rate': 0.08996412672369779}. Best is trial 67 with value: 0.08393969386816025.
LOCAL_RANK: 0 - CUDA_VISIBLE_DEVICES: [0]
[I 2023-11-29 22:37:51,486] Trial 85 finished with value: 0.16603583097457886 and parameters: {'gradient_clip_val': 0.6061045184702073, 'hidden_size': 44, 'dropout': 0.23243784654221178, 'hidden_continuous_size': 26, 'attention_head_size': 2, 'learning_rate': 0.07984204459559882}. Best is trial 67 with value: 0.08393969386816025.
LOCAL_RANK: 0 - CUDA_VISIBLE_DEVICES: [0]
[I 2023-11-29 22:38:04,266] Trial 86 finished with value: 0.09907496720552444 and parameters: {'gradient_clip_val': 0.4493176470054377, 'hidden_size': 40, 'dropout': 0.2619521549191584, 'hidden_continuous_size': 21, 'attention_head_size': 2, 'learning_rate': 0.0701851427634328}. Best is trial 67 with value: 0.08393969386816025.
LOCAL_RANK: 0 - CUDA_VISIBLE_DEVICES: [0]
[I 2023-11-29 22:38:17,077] Trial 87 finished with value: 0.13015355169773102 and parameters: {'gradient_clip_val': 0.5338715351417666, 'hidden_size': 26, 'dropout': 0.2682286575047329, 'hidden_continuous_size': 17, 'attention_head_size': 2, 'learning_rate': 0.0696083773379773}. Best is trial 67 with value: 0.08393969386816025.
LOCAL_RANK: 0 - CUDA_VISIBLE_DEVICES: [0]
[I 2023-11-29 22:38:29,939] Trial 88 finished with value: 0.11761019378900528 and parameters: {'gradient_clip_val': 0.49364108444575117, 'hidden_size': 31, 'dropout': 0.2236921125528304, 'hidden_continuous_size': 22, 'attention_head_size': 2, 'learning_rate': 0.09162804074937325}. Best is trial 67 with value: 0.08393969386816025.
LOCAL_RANK: 0 - CUDA_VISIBLE_DEVICES: [0]
[I 2023-11-29 22:38:42,910] Trial 89 finished with value: 0.09596765786409378 and parameters: {'gradient_clip_val': 0.44275277163122684, 'hidden_size': 38, 'dropout': 0.238724953292001, 'hidden_continuous_size': 18, 'attention_head_size': 2, 'learning_rate': 0.05940182318115577}. Best is trial 67 with value: 0.08393969386816025.
LOCAL_RANK: 0 - CUDA_VISIBLE_DEVICES: [0]
[I 2023-11-29 22:38:55,938] Trial 90 finished with value: 0.10103067010641098 and parameters: {'gradient_clip_val': 0.5778098673017894, 'hidden_size': 35, 'dropout': 0.24266748590657036, 'hidden_continuous_size': 23, 'attention_head_size': 3, 'learning_rate': 0.05358257860832308}. Best is trial 67 with value: 0.08393969386816025.
LOCAL_RANK: 0 - CUDA_VISIBLE_DEVICES: [0]
