[I 2023-11-30 14:15:02,510] Trial 143 finished with value: 0.10744887590408325 and parameters: {'gradient_clip_val': 0.3162347553205663, 'hidden_size': 77, 'dropout': 0.38689395893915973, 'hidden_continuous_size': 52, 'attention_head_size': 2, 'learning_rate': 0.07182359952240064}. Best is trial 68 with value: 0.058708954602479935.
LOCAL_RANK: 0 - CUDA_VISIBLE_DEVICES: [0]
[I 2023-11-30 14:15:18,360] Trial 144 finished with value: 0.08603384345769882 and parameters: {'gradient_clip_val': 0.25970119735437397, 'hidden_size': 68, 'dropout': 0.3671148603884051, 'hidden_continuous_size': 49, 'attention_head_size': 2, 'learning_rate': 0.06556123551704085}. Best is trial 68 with value: 0.058708954602479935.
LOCAL_RANK: 0 - CUDA_VISIBLE_DEVICES: [0]
[I 2023-11-30 14:15:33,723] Trial 145 finished with value: 0.07115045189857483 and parameters: {'gradient_clip_val': 0.48069927697805015, 'hidden_size': 60, 'dropout': 0.3985124754669851, 'hidden_continuous_size': 38, 'attention_head_size': 2, 'learning_rate': 0.09219404679167006}. Best is trial 68 with value: 0.058708954602479935.
LOCAL_RANK: 0 - CUDA_VISIBLE_DEVICES: [0]
[I 2023-11-30 14:15:48,668] Trial 146 finished with value: 0.09309130907058716 and parameters: {'gradient_clip_val': 0.29698420506065965, 'hidden_size': 49, 'dropout': 0.3523512229196629, 'hidden_continuous_size': 45, 'attention_head_size': 3, 'learning_rate': 0.07978677152885089}. Best is trial 68 with value: 0.058708954602479935.
LOCAL_RANK: 0 - CUDA_VISIBLE_DEVICES: [0]
[I 2023-11-30 14:16:03,855] Trial 147 finished with value: 0.1298241764307022 and parameters: {'gradient_clip_val': 0.34325944356024113, 'hidden_size': 57, 'dropout': 0.37369100300339003, 'hidden_continuous_size': 42, 'attention_head_size': 2, 'learning_rate': 0.09835099707883378}. Best is trial 68 with value: 0.058708954602479935.
LOCAL_RANK: 0 - CUDA_VISIBLE_DEVICES: [0]
[I 2023-11-30 14:16:18,732] Trial 148 finished with value: 0.0919991061091423 and parameters: {'gradient_clip_val': 0.2447719810574581, 'hidden_size': 40, 'dropout': 0.38148182266333297, 'hidden_continuous_size': 39, 'attention_head_size': 2, 'learning_rate': 0.05937542363647982}. Best is trial 68 with value: 0.058708954602479935.
LOCAL_RANK: 0 - CUDA_VISIBLE_DEVICES: [0]
[I 2023-11-30 14:16:34,391] Trial 149 finished with value: 0.10371750593185425 and parameters: {'gradient_clip_val': 0.26514841200708955, 'hidden_size': 44, 'dropout': 0.3579428056795676, 'hidden_continuous_size': 41, 'attention_head_size': 3, 'learning_rate': 0.072485625195922}. Best is trial 68 with value: 0.058708954602479935.
[I 2023-11-30 14:16:34,528] A new study created in memory with name: no-name-33142de2-bddc-4126-96ef-bf3a700d22fb
/home/le004/conda/anaconda3/envs/tsff_env/lib/python3.9/site-packages/lightning/fabric/plugins/environments/slurm.py:191: The `srun` command is available on your system but is not used. HINT: If your intention is to run Lightning on SLURM, prepend your python command with `srun` like so: srun python /home/le004/master_thesis/git/TSFusionForecast/code/ ...
LOCAL_RANK: 0 - CUDA_VISIBLE_DEVICES: [0]
[I 2023-11-30 14:16:49,267] Trial 0 finished with value: 0.3721809387207031 and parameters: {'gradient_clip_val': 0.1380873816896951, 'hidden_size': 26, 'dropout': 0.1316325934374432, 'hidden_continuous_size': 11, 'attention_head_size': 3, 'learning_rate': 0.029012954389490475}. Best is trial 0 with value: 0.3721809387207031.
LOCAL_RANK: 0 - CUDA_VISIBLE_DEVICES: [0]
[I 2023-11-30 14:17:04,669] Trial 1 finished with value: 0.1697205752134323 and parameters: {'gradient_clip_val': 0.6757812731380983, 'hidden_size': 78, 'dropout': 0.3219949260129258, 'hidden_continuous_size': 55, 'attention_head_size': 4, 'learning_rate': 0.04647623782180366}. Best is trial 1 with value: 0.1697205752134323.
LOCAL_RANK: 0 - CUDA_VISIBLE_DEVICES: [0]
[I 2023-11-30 14:17:20,189] Trial 2 finished with value: 0.20928676426410675 and parameters: {'gradient_clip_val': 0.16551485973081728, 'hidden_size': 81, 'dropout': 0.30950584304547557, 'hidden_continuous_size': 14, 'attention_head_size': 4, 'learning_rate': 0.012015355648892558}. Best is trial 1 with value: 0.1697205752134323.
LOCAL_RANK: 0 - CUDA_VISIBLE_DEVICES: [0]
[I 2023-11-30 14:17:35,907] Trial 3 finished with value: 0.25363123416900635 and parameters: {'gradient_clip_val': 0.489448678046698, 'hidden_size': 107, 'dropout': 0.3962722881307501, 'hidden_continuous_size': 30, 'attention_head_size': 1, 'learning_rate': 0.022039244406377938}. Best is trial 1 with value: 0.1697205752134323.
LOCAL_RANK: 0 - CUDA_VISIBLE_DEVICES: [0]
[I 2023-11-30 14:17:51,672] Trial 4 finished with value: 0.2693207561969757 and parameters: {'gradient_clip_val': 0.4712676547727755, 'hidden_size': 141, 'dropout': 0.33679769543131033, 'hidden_continuous_size': 16, 'attention_head_size': 1, 'learning_rate': 0.044155371981146045}. Best is trial 1 with value: 0.1697205752134323.
LOCAL_RANK: 0 - CUDA_VISIBLE_DEVICES: [0]
[I 2023-11-30 14:18:05,951] Trial 5 finished with value: 2.3780617713928223 and parameters: {'gradient_clip_val': 0.1801746750891584, 'hidden_size': 28, 'dropout': 0.17164446289454777, 'hidden_continuous_size': 25, 'attention_head_size': 4, 'learning_rate': 0.002616695597889915}. Best is trial 1 with value: 0.1697205752134323.
LOCAL_RANK: 0 - CUDA_VISIBLE_DEVICES: [0]
[I 2023-11-30 14:18:21,032] Trial 6 finished with value: 0.1859302967786789 and parameters: {'gradient_clip_val': 0.8479699668628573, 'hidden_size': 38, 'dropout': 0.28268267418804166, 'hidden_continuous_size': 28, 'attention_head_size': 3, 'learning_rate': 0.032899595357455215}. Best is trial 1 with value: 0.1697205752134323.
LOCAL_RANK: 0 - CUDA_VISIBLE_DEVICES: [0]
[I 2023-11-30 14:18:36,859] Trial 7 finished with value: 0.30942028760910034 and parameters: {'gradient_clip_val': 0.776504924845614, 'hidden_size': 150, 'dropout': 0.2868716336026234, 'hidden_continuous_size': 10, 'attention_head_size': 3, 'learning_rate': 0.00698169428360588}. Best is trial 1 with value: 0.1697205752134323.
LOCAL_RANK: 0 - CUDA_VISIBLE_DEVICES: [0]
[I 2023-11-30 14:18:51,140] Trial 8 finished with value: 0.33352091908454895 and parameters: {'gradient_clip_val': 0.13402414301945362, 'hidden_size': 20, 'dropout': 0.25982413850522823, 'hidden_continuous_size': 16, 'attention_head_size': 4, 'learning_rate': 0.03380679810418018}. Best is trial 1 with value: 0.1697205752134323.
LOCAL_RANK: 0 - CUDA_VISIBLE_DEVICES: [0]
[I 2023-11-30 14:19:05,242] Trial 9 finished with value: 0.834503173828125 and parameters: {'gradient_clip_val': 0.2483943834428759, 'hidden_size': 25, 'dropout': 0.17210040285792838, 'hidden_continuous_size': 21, 'attention_head_size': 3, 'learning_rate': 0.013126255339718408}. Best is trial 1 with value: 0.1697205752134323.
LOCAL_RANK: 0 - CUDA_VISIBLE_DEVICES: [0]
[I 2023-11-30 14:19:17,415] Trial 10 finished with value: 0.3305647075176239 and parameters: {'gradient_clip_val': 0.3693911080760109, 'hidden_size': 12, 'dropout': 0.2313808985129281, 'hidden_continuous_size': 12, 'attention_head_size': 2, 'learning_rate': 0.09617368895547404}. Best is trial 1 with value: 0.1697205752134323.
LOCAL_RANK: 0 - CUDA_VISIBLE_DEVICES: [0]
[I 2023-11-30 14:19:32,520] Trial 11 finished with value: 0.20829544961452484 and parameters: {'gradient_clip_val': 0.954230808570478, 'hidden_size': 56, 'dropout': 0.3525720414459627, 'hidden_continuous_size': 54, 'attention_head_size': 2, 'learning_rate': 0.08907119927077119}. Best is trial 1 with value: 0.1697205752134323.
LOCAL_RANK: 0 - CUDA_VISIBLE_DEVICES: [0]
[I 2023-11-30 14:19:46,313] Trial 12 finished with value: 0.12448004633188248 and parameters: {'gradient_clip_val': 0.7005413423523786, 'hidden_size': 51, 'dropout': 0.2484975162373651, 'hidden_continuous_size': 51, 'attention_head_size': 4, 'learning_rate': 0.05229864623250472}. Best is trial 12 with value: 0.12448004633188248.
LOCAL_RANK: 0 - CUDA_VISIBLE_DEVICES: [0]
[I 2023-11-30 14:20:02,216] Trial 13 finished with value: 0.1982751339673996 and parameters: {'gradient_clip_val': 0.6249108369384495, 'hidden_size': 71, 'dropout': 0.2315627775498358, 'hidden_continuous_size': 70, 'attention_head_size': 4, 'learning_rate': 0.05322522018954969}. Best is trial 12 with value: 0.12448004633188248.
LOCAL_RANK: 0 - CUDA_VISIBLE_DEVICES: [0]
[I 2023-11-30 14:20:17,831] Trial 14 finished with value: 0.1463928073644638 and parameters: {'gradient_clip_val': 0.6342443086868462, 'hidden_size': 51, 'dropout': 0.2395287379871099, 'hidden_continuous_size': 39, 'attention_head_size': 4, 'learning_rate': 0.07413411123160303}. Best is trial 12 with value: 0.12448004633188248.
LOCAL_RANK: 0 - CUDA_VISIBLE_DEVICES: [0]
[I 2023-11-30 14:20:32,812] Trial 15 finished with value: 0.1484462469816208 and parameters: {'gradient_clip_val': 0.5596055808690402, 'hidden_size': 47, 'dropout': 0.21005248651432756, 'hidden_continuous_size': 35, 'attention_head_size': 4, 'learning_rate': 0.09398072208159138}. Best is trial 12 with value: 0.12448004633188248.
LOCAL_RANK: 0 - CUDA_VISIBLE_DEVICES: [0]
[I 2023-11-30 14:20:47,617] Trial 16 finished with value: 0.17986173927783966 and parameters: {'gradient_clip_val': 0.9434562074857951, 'hidden_size': 49, 'dropout': 0.25979163069251476, 'hidden_continuous_size': 36, 'attention_head_size': 2, 'learning_rate': 0.02023734489224241}. Best is trial 12 with value: 0.12448004633188248.
LOCAL_RANK: 0 - CUDA_VISIBLE_DEVICES: [0]
[I 2023-11-30 14:21:02,258] Trial 17 finished with value: 0.16334378719329834 and parameters: {'gradient_clip_val': 0.3430687222105314, 'hidden_size': 39, 'dropout': 0.20312261632557754, 'hidden_continuous_size': 23, 'attention_head_size': 3, 'learning_rate': 0.0584099927545467}. Best is trial 12 with value: 0.12448004633188248.
LOCAL_RANK: 0 - CUDA_VISIBLE_DEVICES: [0]
[I 2023-11-30 14:21:17,464] Trial 18 finished with value: 0.18089725077152252 and parameters: {'gradient_clip_val': 0.6916764777610612, 'hidden_size': 62, 'dropout': 0.10468647497823158, 'hidden_continuous_size': 41, 'attention_head_size': 4, 'learning_rate': 0.059233990771315866}. Best is trial 12 with value: 0.12448004633188248.
LOCAL_RANK: 0 - CUDA_VISIBLE_DEVICES: [0]
[I 2023-11-30 14:21:33,798] Trial 19 finished with value: 0.19920165836811066 and parameters: {'gradient_clip_val': 0.4491708454899213, 'hidden_size': 95, 'dropout': 0.278389661488545, 'hidden_continuous_size': 83, 'attention_head_size': 3, 'learning_rate': 0.007656232195034653}. Best is trial 12 with value: 0.12448004633188248.
LOCAL_RANK: 0 - CUDA_VISIBLE_DEVICES: [0]
[I 2023-11-30 14:21:49,245] Trial 20 finished with value: 0.1322578340768814 and parameters: {'gradient_clip_val': 0.5385732628690691, 'hidden_size': 65, 'dropout': 0.23200387846193016, 'hidden_continuous_size': 42, 'attention_head_size': 4, 'learning_rate': 0.01920540793669421}. Best is trial 12 with value: 0.12448004633188248.
LOCAL_RANK: 0 - CUDA_VISIBLE_DEVICES: [0]
[I 2023-11-30 14:22:05,207] Trial 21 finished with value: 0.20721882581710815 and parameters: {'gradient_clip_val': 0.5690022247018975, 'hidden_size': 58, 'dropout': 0.23878723558142848, 'hidden_continuous_size': 43, 'attention_head_size': 4, 'learning_rate': 0.017581474527664846}. Best is trial 12 with value: 0.12448004633188248.
LOCAL_RANK: 0 - CUDA_VISIBLE_DEVICES: [0]
[I 2023-11-30 14:22:20,384] Trial 22 finished with value: 0.1578482836484909 and parameters: {'gradient_clip_val': 0.7423670226748966, 'hidden_size': 48, 'dropout': 0.21056494742373733, 'hidden_continuous_size': 32, 'attention_head_size': 4, 'learning_rate': 0.027100832837556352}. Best is trial 12 with value: 0.12448004633188248.
LOCAL_RANK: 0 - CUDA_VISIBLE_DEVICES: [0]
[I 2023-11-30 14:22:36,267] Trial 23 finished with value: 0.28680217266082764 and parameters: {'gradient_clip_val': 0.4241458249430732, 'hidden_size': 62, 'dropout': 0.25647457019792214, 'hidden_continuous_size': 43, 'attention_head_size': 4, 'learning_rate': 0.06761432343660811}. Best is trial 12 with value: 0.12448004633188248.
LOCAL_RANK: 0 - CUDA_VISIBLE_DEVICES: [0]
[I 2023-11-30 14:22:50,957] Trial 24 finished with value: 0.19994671642780304 and parameters: {'gradient_clip_val': 0.5939191788219021, 'hidden_size': 34, 'dropout': 0.18660268694922863, 'hidden_continuous_size': 21, 'attention_head_size': 3, 'learning_rate': 0.0403723884478064}. Best is trial 12 with value: 0.12448004633188248.
LOCAL_RANK: 0 - CUDA_VISIBLE_DEVICES: [0]
[I 2023-11-30 14:23:06,464] Trial 25 finished with value: 0.15399445593357086 and parameters: {'gradient_clip_val': 0.7576371308422133, 'hidden_size': 71, 'dropout': 0.22959369599277005, 'hidden_continuous_size': 50, 'attention_head_size': 4, 'learning_rate': 0.07313798753670898}. Best is trial 12 with value: 0.12448004633188248.
LOCAL_RANK: 0 - CUDA_VISIBLE_DEVICES: [0]
[I 2023-11-30 14:23:22,361] Trial 26 finished with value: 0.16447807848453522 and parameters: {'gradient_clip_val': 0.5205459252577144, 'hidden_size': 45, 'dropout': 0.2514596062226656, 'hidden_continuous_size': 28, 'attention_head_size': 3, 'learning_rate': 0.03928479170882846}. Best is trial 12 with value: 0.12448004633188248.
LOCAL_RANK: 0 - CUDA_VISIBLE_DEVICES: [0]
[I 2023-11-30 14:23:39,143] Trial 27 finished with value: 0.16669414937496185 and parameters: {'gradient_clip_val': 0.28084813225302124, 'hidden_size': 108, 'dropout': 0.29516701739084406, 'hidden_continuous_size': 65, 'attention_head_size': 4, 'learning_rate': 0.06773287080043537}. Best is trial 12 with value: 0.12448004633188248.
LOCAL_RANK: 0 - CUDA_VISIBLE_DEVICES: [0]
[I 2023-11-30 14:23:55,206] Trial 28 finished with value: 0.1883687525987625 and parameters: {'gradient_clip_val': 0.4083598253204854, 'hidden_size': 90, 'dropout': 0.22043919154074726, 'hidden_continuous_size': 48, 'attention_head_size': 2, 'learning_rate': 0.025041922363167095}. Best is trial 12 with value: 0.12448004633188248.
LOCAL_RANK: 0 - CUDA_VISIBLE_DEVICES: [0]
[I 2023-11-30 14:24:11,821] Trial 29 finished with value: 0.15580426156520844 and parameters: {'gradient_clip_val': 0.6651505249220242, 'hidden_size': 55, 'dropout': 0.149254383497492, 'hidden_continuous_size': 38, 'attention_head_size': 3, 'learning_rate': 0.03208184223801734}. Best is trial 12 with value: 0.12448004633188248.
LOCAL_RANK: 0 - CUDA_VISIBLE_DEVICES: [0]
[I 2023-11-30 14:24:27,480] Trial 30 finished with value: 0.21144084632396698 and parameters: {'gradient_clip_val': 0.5215913240973603, 'hidden_size': 68, 'dropout': 0.26761790669427415, 'hidden_continuous_size': 33, 'attention_head_size': 4, 'learning_rate': 0.017273466657918707}. Best is trial 12 with value: 0.12448004633188248.
LOCAL_RANK: 0 - CUDA_VISIBLE_DEVICES: [0]
[I 2023-11-30 14:24:42,753] Trial 31 finished with value: 0.12690038979053497 and parameters: {'gradient_clip_val': 0.5764617377015145, 'hidden_size': 43, 'dropout': 0.202797762865916, 'hidden_continuous_size': 34, 'attention_head_size': 4, 'learning_rate': 0.0996083269649529}. Best is trial 12 with value: 0.12448004633188248.
LOCAL_RANK: 0 - CUDA_VISIBLE_DEVICES: [0]
[I 2023-11-30 14:24:57,532] Trial 32 finished with value: 0.12530212104320526 and parameters: {'gradient_clip_val': 0.6325020046002582, 'hidden_size': 41, 'dropout': 0.19580161289922443, 'hidden_continuous_size': 33, 'attention_head_size': 4, 'learning_rate': 0.04799861773093018}. Best is trial 12 with value: 0.12448004633188248.
LOCAL_RANK: 0 - CUDA_VISIBLE_DEVICES: [0]
[I 2023-11-30 14:25:12,338] Trial 33 finished with value: 0.14989109337329865 and parameters: {'gradient_clip_val': 0.7919803354902428, 'hidden_size': 33, 'dropout': 0.1926294404158293, 'hidden_continuous_size': 29, 'attention_head_size': 4, 'learning_rate': 0.04841143244203181}. Best is trial 12 with value: 0.12448004633188248.
LOCAL_RANK: 0 - CUDA_VISIBLE_DEVICES: [0]
[I 2023-11-30 14:25:27,002] Trial 34 finished with value: 0.13781684637069702 and parameters: {'gradient_clip_val': 0.666437555257437, 'hidden_size': 41, 'dropout': 0.2143371418580421, 'hidden_continuous_size': 33, 'attention_head_size': 4, 'learning_rate': 0.09957452267708178}. Best is trial 12 with value: 0.12448004633188248.
LOCAL_RANK: 0 - CUDA_VISIBLE_DEVICES: [0]
[I 2023-11-30 14:25:41,640] Trial 35 finished with value: 0.2941257059574127 and parameters: {'gradient_clip_val': 0.4997239897698667, 'hidden_size': 40, 'dropout': 0.1850787341420603, 'hidden_continuous_size': 33, 'attention_head_size': 4, 'learning_rate': 0.045957974589951}. Best is trial 12 with value: 0.12448004633188248.
LOCAL_RANK: 0 - CUDA_VISIBLE_DEVICES: [0]
[I 2023-11-30 14:25:56,983] Trial 36 finished with value: 0.20028062164783478 and parameters: {'gradient_clip_val': 0.5761830693271606, 'hidden_size': 73, 'dropout': 0.15357596992238426, 'hidden_continuous_size': 44, 'attention_head_size': 1, 'learning_rate': 0.05306307613931557}. Best is trial 12 with value: 0.12448004633188248.
LOCAL_RANK: 0 - CUDA_VISIBLE_DEVICES: [0]
[I 2023-11-30 14:26:12,041] Trial 37 finished with value: 0.15459944307804108 and parameters: {'gradient_clip_val': 0.9996958349828765, 'hidden_size': 44, 'dropout': 0.19745810587504342, 'hidden_continuous_size': 36, 'attention_head_size': 4, 'learning_rate': 0.03934304928595477}. Best is trial 12 with value: 0.12448004633188248.
LOCAL_RANK: 0 - CUDA_VISIBLE_DEVICES: [0]
[I 2023-11-30 14:26:28,737] Trial 38 finished with value: 0.16915138065814972 and parameters: {'gradient_clip_val': 0.8570231582456814, 'hidden_size': 80, 'dropout': 0.21843455721831118, 'hidden_continuous_size': 47, 'attention_head_size': 3, 'learning_rate': 0.02900828071980057}. Best is trial 12 with value: 0.12448004633188248.
LOCAL_RANK: 0 - CUDA_VISIBLE_DEVICES: [0]
[I 2023-11-30 14:26:44,482] Trial 39 finished with value: 0.14918942749500275 and parameters: {'gradient_clip_val': 0.46643508091223945, 'hidden_size': 53, 'dropout': 0.24718320144821757, 'hidden_continuous_size': 39, 'attention_head_size': 4, 'learning_rate': 0.02376520324225169}. Best is trial 12 with value: 0.12448004633188248.
LOCAL_RANK: 0 - CUDA_VISIBLE_DEVICES: [0]
[I 2023-11-30 14:26:58,742] Trial 40 finished with value: 0.135715052485466 and parameters: {'gradient_clip_val': 0.717853798768521, 'hidden_size': 34, 'dropout': 0.1775227729126645, 'hidden_continuous_size': 30, 'attention_head_size': 3, 'learning_rate': 0.07843255674408109}. Best is trial 12 with value: 0.12448004633188248.
LOCAL_RANK: 0 - CUDA_VISIBLE_DEVICES: [0]
[I 2023-11-30 14:27:13,278] Trial 41 finished with value: 0.11050210148096085 and parameters: {'gradient_clip_val': 0.7100427009476284, 'hidden_size': 34, 'dropout': 0.1775942158017304, 'hidden_continuous_size': 30, 'attention_head_size': 3, 'learning_rate': 0.07593835730950803}. Best is trial 41 with value: 0.11050210148096085.
LOCAL_RANK: 0 - CUDA_VISIBLE_DEVICES: [0]
[I 2023-11-30 14:27:28,100] Trial 42 finished with value: 0.16854499280452728 and parameters: {'gradient_clip_val': 0.8324913373035511, 'hidden_size': 32, 'dropout': 0.16348416927642784, 'hidden_continuous_size': 27, 'attention_head_size': 4, 'learning_rate': 0.06180541030049164}. Best is trial 41 with value: 0.11050210148096085.
LOCAL_RANK: 0 - CUDA_VISIBLE_DEVICES: [0]
[I 2023-11-30 14:27:43,122] Trial 43 finished with value: 0.1960000991821289 and parameters: {'gradient_clip_val': 0.6074175078776848, 'hidden_size': 27, 'dropout': 0.1982868502744627, 'hidden_continuous_size': 25, 'attention_head_size': 3, 'learning_rate': 0.08107140394912413}. Best is trial 41 with value: 0.11050210148096085.
LOCAL_RANK: 0 - CUDA_VISIBLE_DEVICES: [0]
[I 2023-11-30 14:27:57,620] Trial 44 finished with value: 0.16182775795459747 and parameters: {'gradient_clip_val': 0.7042081523104134, 'hidden_size': 38, 'dropout': 0.19124307881777158, 'hidden_continuous_size': 30, 'attention_head_size': 4, 'learning_rate': 0.04879045631305469}. Best is trial 41 with value: 0.11050210148096085.
LOCAL_RANK: 0 - CUDA_VISIBLE_DEVICES: [0]
[I 2023-11-30 14:28:12,185] Trial 45 finished with value: 0.14992254972457886 and parameters: {'gradient_clip_val': 0.8541036392066269, 'hidden_size': 44, 'dropout': 0.173392398024884, 'hidden_continuous_size': 36, 'attention_head_size': 4, 'learning_rate': 0.03513299951988273}. Best is trial 41 with value: 0.11050210148096085.
LOCAL_RANK: 0 - CUDA_VISIBLE_DEVICES: [0]
[I 2023-11-30 14:28:26,200] Trial 46 finished with value: 0.1397649645805359 and parameters: {'gradient_clip_val': 0.5100529840038268, 'hidden_size': 23, 'dropout': 0.20782072053036568, 'hidden_continuous_size': 21, 'attention_head_size': 1, 'learning_rate': 0.08347764855188249}. Best is trial 41 with value: 0.11050210148096085.
LOCAL_RANK: 0 - CUDA_VISIBLE_DEVICES: [0]
[I 2023-11-30 14:28:40,732] Trial 47 finished with value: 0.19424523413181305 and parameters: {'gradient_clip_val': 0.6241176824889251, 'hidden_size': 29, 'dropout': 0.22365029637273012, 'hidden_continuous_size': 26, 'attention_head_size': 4, 'learning_rate': 0.060297264238146416}. Best is trial 41 with value: 0.11050210148096085.
LOCAL_RANK: 0 - CUDA_VISIBLE_DEVICES: [0]
[I 2023-11-30 14:28:56,187] Trial 48 finished with value: 0.12168431282043457 and parameters: {'gradient_clip_val': 0.5616610701488146, 'hidden_size': 51, 'dropout': 0.1618678087775824, 'hidden_continuous_size': 39, 'attention_head_size': 2, 'learning_rate': 0.04377869929181632}. Best is trial 41 with value: 0.11050210148096085.
LOCAL_RANK: 0 - CUDA_VISIBLE_DEVICES: [0]
[I 2023-11-30 14:29:11,433] Trial 49 finished with value: 0.11831381171941757 and parameters: {'gradient_clip_val': 0.6560866360237154, 'hidden_size': 53, 'dropout': 0.1475959585577437, 'hidden_continuous_size': 39, 'attention_head_size': 2, 'learning_rate': 0.04510937625762764}. Best is trial 41 with value: 0.11050210148096085.
LOCAL_RANK: 0 - CUDA_VISIBLE_DEVICES: [0]
