[I 2023-11-30 03:12:41,300] Trial 105 finished with value: 0.13755112886428833 and parameters: {'gradient_clip_val': 0.6924797910281947, 'hidden_size': 126, 'dropout': 0.32309336372158964, 'hidden_continuous_size': 76, 'attention_head_size': 3, 'learning_rate': 0.01846661708730581}. Best is trial 73 with value: 0.07864144444465637.
LOCAL_RANK: 0 - CUDA_VISIBLE_DEVICES: [0]
[I 2023-11-30 03:12:55,633] Trial 106 finished with value: 0.12316318601369858 and parameters: {'gradient_clip_val': 0.5757819827699077, 'hidden_size': 101, 'dropout': 0.2816687359094467, 'hidden_continuous_size': 57, 'attention_head_size': 3, 'learning_rate': 0.022929935783041425}. Best is trial 73 with value: 0.07864144444465637.
LOCAL_RANK: 0 - CUDA_VISIBLE_DEVICES: [0]
[I 2023-11-30 03:13:10,095] Trial 107 finished with value: 0.24237054586410522 and parameters: {'gradient_clip_val': 0.5256631610358655, 'hidden_size': 116, 'dropout': 0.2967798213286478, 'hidden_continuous_size': 82, 'attention_head_size': 3, 'learning_rate': 0.03859922907566542}. Best is trial 73 with value: 0.07864144444465637.
LOCAL_RANK: 0 - CUDA_VISIBLE_DEVICES: [0]
[I 2023-11-30 03:13:24,911] Trial 108 finished with value: 0.15433287620544434 and parameters: {'gradient_clip_val': 0.7366737703181389, 'hidden_size': 144, 'dropout': 0.3310518374990117, 'hidden_continuous_size': 90, 'attention_head_size': 3, 'learning_rate': 0.026850612532195763}. Best is trial 73 with value: 0.07864144444465637.
LOCAL_RANK: 0 - CUDA_VISIBLE_DEVICES: [0]
[I 2023-11-30 03:13:39,534] Trial 109 finished with value: 0.26217225193977356 and parameters: {'gradient_clip_val': 0.5951045025964458, 'hidden_size': 132, 'dropout': 0.28680591340330486, 'hidden_continuous_size': 79, 'attention_head_size': 3, 'learning_rate': 0.033699070231460945}. Best is trial 73 with value: 0.07864144444465637.
LOCAL_RANK: 0 - CUDA_VISIBLE_DEVICES: [0]
[I 2023-11-30 03:13:53,967] Trial 110 finished with value: 0.17333798110485077 and parameters: {'gradient_clip_val': 0.6268621122707745, 'hidden_size': 107, 'dropout': 0.31210350330945724, 'hidden_continuous_size': 62, 'attention_head_size': 3, 'learning_rate': 0.02963899235761531}. Best is trial 73 with value: 0.07864144444465637.
LOCAL_RANK: 0 - CUDA_VISIBLE_DEVICES: [0]
[I 2023-11-30 03:14:08,297] Trial 111 finished with value: 0.17835253477096558 and parameters: {'gradient_clip_val': 0.5558296098580274, 'hidden_size': 121, 'dropout': 0.3037973721375507, 'hidden_continuous_size': 55, 'attention_head_size': 3, 'learning_rate': 0.04469480914088853}. Best is trial 73 with value: 0.07864144444465637.
LOCAL_RANK: 0 - CUDA_VISIBLE_DEVICES: [0]
[I 2023-11-30 03:14:23,007] Trial 112 finished with value: 0.110219307243824 and parameters: {'gradient_clip_val': 0.5557123586526836, 'hidden_size': 130, 'dropout': 0.28909618160206924, 'hidden_continuous_size': 70, 'attention_head_size': 3, 'learning_rate': 0.03559212338253304}. Best is trial 73 with value: 0.07864144444465637.
LOCAL_RANK: 0 - CUDA_VISIBLE_DEVICES: [0]
[I 2023-11-30 03:14:37,966] Trial 113 finished with value: 0.10939385741949081 and parameters: {'gradient_clip_val': 0.6554971232236175, 'hidden_size': 142, 'dropout': 0.26661561190820937, 'hidden_continuous_size': 74, 'attention_head_size': 3, 'learning_rate': 0.036274662491877635}. Best is trial 73 with value: 0.07864144444465637.
LOCAL_RANK: 0 - CUDA_VISIBLE_DEVICES: [0]
[I 2023-11-30 03:14:52,814] Trial 114 finished with value: 0.27261754870414734 and parameters: {'gradient_clip_val': 0.711690576078916, 'hidden_size': 150, 'dropout': 0.26722942996016424, 'hidden_continuous_size': 74, 'attention_head_size': 3, 'learning_rate': 0.035034828110945264}. Best is trial 73 with value: 0.07864144444465637.
LOCAL_RANK: 0 - CUDA_VISIBLE_DEVICES: [0]
[I 2023-11-30 03:15:07,711] Trial 115 finished with value: 0.14790624380111694 and parameters: {'gradient_clip_val': 0.5203937813392135, 'hidden_size': 126, 'dropout': 0.28175606747537485, 'hidden_continuous_size': 70, 'attention_head_size': 3, 'learning_rate': 0.03880833541537573}. Best is trial 73 with value: 0.07864144444465637.
LOCAL_RANK: 0 - CUDA_VISIBLE_DEVICES: [0]
[I 2023-11-30 03:15:22,102] Trial 116 finished with value: 0.18016140162944794 and parameters: {'gradient_clip_val': 0.5810462588290513, 'hidden_size': 95, 'dropout': 0.29540756777666555, 'hidden_continuous_size': 66, 'attention_head_size': 3, 'learning_rate': 0.025429088509709007}. Best is trial 73 with value: 0.07864144444465637.
LOCAL_RANK: 0 - CUDA_VISIBLE_DEVICES: [0]
[I 2023-11-30 03:15:36,783] Trial 117 finished with value: 0.1369631588459015 and parameters: {'gradient_clip_val': 0.6437156193561341, 'hidden_size': 142, 'dropout': 0.34617174227693037, 'hidden_continuous_size': 83, 'attention_head_size': 3, 'learning_rate': 0.021973978763919714}. Best is trial 73 with value: 0.07864144444465637.
LOCAL_RANK: 0 - CUDA_VISIBLE_DEVICES: [0]
[I 2023-11-30 03:15:51,313] Trial 118 finished with value: 0.12470519542694092 and parameters: {'gradient_clip_val': 0.5465060869435318, 'hidden_size': 116, 'dropout': 0.31858468358225284, 'hidden_continuous_size': 77, 'attention_head_size': 3, 'learning_rate': 0.013433689186471578}. Best is trial 73 with value: 0.07864144444465637.
LOCAL_RANK: 0 - CUDA_VISIBLE_DEVICES: [0]
[I 2023-11-30 03:16:05,919] Trial 119 finished with value: 0.12970006465911865 and parameters: {'gradient_clip_val': 0.4950230004532012, 'hidden_size': 111, 'dropout': 0.26314015321073375, 'hidden_continuous_size': 81, 'attention_head_size': 3, 'learning_rate': 0.03461490245357911}. Best is trial 73 with value: 0.07864144444465637.
LOCAL_RANK: 0 - CUDA_VISIBLE_DEVICES: [0]
[I 2023-11-30 03:16:20,548] Trial 120 finished with value: 0.1459459662437439 and parameters: {'gradient_clip_val': 0.6178294615211037, 'hidden_size': 103, 'dropout': 0.3055520826671745, 'hidden_continuous_size': 73, 'attention_head_size': 3, 'learning_rate': 0.040694131236619045}. Best is trial 73 with value: 0.07864144444465637.
LOCAL_RANK: 0 - CUDA_VISIBLE_DEVICES: [0]
[I 2023-11-30 03:16:35,126] Trial 121 finished with value: 0.20016874372959137 and parameters: {'gradient_clip_val': 0.6625732305943277, 'hidden_size': 134, 'dropout': 0.2721325990802731, 'hidden_continuous_size': 63, 'attention_head_size': 3, 'learning_rate': 0.03050735249437022}. Best is trial 73 with value: 0.07864144444465637.
LOCAL_RANK: 0 - CUDA_VISIBLE_DEVICES: [0]
[I 2023-11-30 03:16:49,707] Trial 122 finished with value: 0.1462470144033432 and parameters: {'gradient_clip_val': 0.599602528073682, 'hidden_size': 130, 'dropout': 0.27666680637054347, 'hidden_continuous_size': 70, 'attention_head_size': 3, 'learning_rate': 0.024295124247476162}. Best is trial 73 with value: 0.07864144444465637.
LOCAL_RANK: 0 - CUDA_VISIBLE_DEVICES: [0]
[I 2023-11-30 03:17:04,158] Trial 123 finished with value: 0.21313321590423584 and parameters: {'gradient_clip_val': 0.7032905992960387, 'hidden_size': 122, 'dropout': 0.2879169322625367, 'hidden_continuous_size': 58, 'attention_head_size': 3, 'learning_rate': 0.027874081498212046}. Best is trial 73 with value: 0.07864144444465637.
LOCAL_RANK: 0 - CUDA_VISIBLE_DEVICES: [0]
[I 2023-11-30 03:17:19,040] Trial 124 finished with value: 0.14857934415340424 and parameters: {'gradient_clip_val': 0.5597691856406336, 'hidden_size': 137, 'dropout': 0.2936316475683011, 'hidden_continuous_size': 105, 'attention_head_size': 3, 'learning_rate': 0.031573545795197874}. Best is trial 73 with value: 0.07864144444465637.
LOCAL_RANK: 0 - CUDA_VISIBLE_DEVICES: [0]
[I 2023-11-30 03:17:33,682] Trial 125 finished with value: 0.1327698677778244 and parameters: {'gradient_clip_val': 0.6736294672935687, 'hidden_size': 116, 'dropout': 0.3130138281643369, 'hidden_continuous_size': 77, 'attention_head_size': 3, 'learning_rate': 0.019615947387717002}. Best is trial 73 with value: 0.07864144444465637.
LOCAL_RANK: 0 - CUDA_VISIBLE_DEVICES: [0]
[I 2023-11-30 03:17:48,580] Trial 126 finished with value: 0.11725759506225586 and parameters: {'gradient_clip_val': 0.47516730096839027, 'hidden_size': 143, 'dropout': 0.27167866890248993, 'hidden_continuous_size': 85, 'attention_head_size': 3, 'learning_rate': 0.037210246676465615}. Best is trial 73 with value: 0.07864144444465637.
LOCAL_RANK: 0 - CUDA_VISIBLE_DEVICES: [0]
[I 2023-11-30 03:18:03,215] Trial 127 finished with value: 0.1730373054742813 and parameters: {'gradient_clip_val': 0.7689763403180506, 'hidden_size': 126, 'dropout': 0.2820125499303592, 'hidden_continuous_size': 67, 'attention_head_size': 3, 'learning_rate': 0.0537112645014678}. Best is trial 73 with value: 0.07864144444465637.
LOCAL_RANK: 0 - CUDA_VISIBLE_DEVICES: [0]
[I 2023-11-30 03:18:17,671] Trial 128 finished with value: 0.18918971717357635 and parameters: {'gradient_clip_val': 0.6232190966622119, 'hidden_size': 107, 'dropout': 0.2978728811522522, 'hidden_continuous_size': 71, 'attention_head_size': 1, 'learning_rate': 0.044081915559544896}. Best is trial 73 with value: 0.07864144444465637.
LOCAL_RANK: 0 - CUDA_VISIBLE_DEVICES: [0]
[I 2023-11-30 03:18:32,135] Trial 129 finished with value: 0.17757773399353027 and parameters: {'gradient_clip_val': 0.5103542791540316, 'hidden_size': 98, 'dropout': 0.32809040333021533, 'hidden_continuous_size': 65, 'attention_head_size': 3, 'learning_rate': 0.029210075468158132}. Best is trial 73 with value: 0.07864144444465637.
LOCAL_RANK: 0 - CUDA_VISIBLE_DEVICES: [0]
[I 2023-11-30 03:18:47,143] Trial 130 finished with value: 0.16340279579162598 and parameters: {'gradient_clip_val': 0.5372566180925085, 'hidden_size': 133, 'dropout': 0.28838451587173336, 'hidden_continuous_size': 93, 'attention_head_size': 3, 'learning_rate': 0.025824790424106053}. Best is trial 73 with value: 0.07864144444465637.
LOCAL_RANK: 0 - CUDA_VISIBLE_DEVICES: [0]
[I 2023-11-30 03:19:01,544] Trial 131 finished with value: 0.1570553481578827 and parameters: {'gradient_clip_val': 0.5715874711291851, 'hidden_size': 121, 'dropout': 0.3018409150959113, 'hidden_continuous_size': 60, 'attention_head_size': 3, 'learning_rate': 0.04319417523835965}. Best is trial 73 with value: 0.07864144444465637.
LOCAL_RANK: 0 - CUDA_VISIBLE_DEVICES: [0]
[I 2023-11-30 03:19:16,035] Trial 132 finished with value: 0.2656967341899872 and parameters: {'gradient_clip_val': 0.5950661089620566, 'hidden_size': 129, 'dropout': 0.2785987560833918, 'hidden_continuous_size': 52, 'attention_head_size': 3, 'learning_rate': 0.04969320398745425}. Best is trial 73 with value: 0.07864144444465637.
LOCAL_RANK: 0 - CUDA_VISIBLE_DEVICES: [0]
[I 2023-11-30 03:19:30,663] Trial 133 finished with value: 0.15135040879249573 and parameters: {'gradient_clip_val': 0.5703003874540229, 'hidden_size': 141, 'dropout': 0.2868804659576388, 'hidden_continuous_size': 55, 'attention_head_size': 3, 'learning_rate': 0.03414774022347683}. Best is trial 73 with value: 0.07864144444465637.
LOCAL_RANK: 0 - CUDA_VISIBLE_DEVICES: [0]
[I 2023-11-30 03:19:45,182] Trial 134 finished with value: 0.149101123213768 and parameters: {'gradient_clip_val': 0.6609205092754288, 'hidden_size': 112, 'dropout': 0.2645715833947827, 'hidden_continuous_size': 75, 'attention_head_size': 3, 'learning_rate': 0.0466513259804278}. Best is trial 73 with value: 0.07864144444465637.
LOCAL_RANK: 0 - CUDA_VISIBLE_DEVICES: [0]
[I 2023-11-30 03:19:59,882] Trial 135 finished with value: 0.2180553823709488 and parameters: {'gradient_clip_val': 0.4364427834094124, 'hidden_size': 135, 'dropout': 0.3173605175807229, 'hidden_continuous_size': 51, 'attention_head_size': 3, 'learning_rate': 0.038240586741068214}. Best is trial 73 with value: 0.07864144444465637.
LOCAL_RANK: 0 - CUDA_VISIBLE_DEVICES: [0]
[I 2023-11-30 03:20:14,269] Trial 136 finished with value: 0.16173426806926727 and parameters: {'gradient_clip_val': 0.6375295675860333, 'hidden_size': 122, 'dropout': 0.29181060413194115, 'hidden_continuous_size': 62, 'attention_head_size': 3, 'learning_rate': 0.05947384823362866}. Best is trial 73 with value: 0.07864144444465637.
LOCAL_RANK: 0 - CUDA_VISIBLE_DEVICES: [0]
[I 2023-11-30 03:20:29,288] Trial 137 finished with value: 0.12940943241119385 and parameters: {'gradient_clip_val': 0.7256820903098627, 'hidden_size': 144, 'dropout': 0.3077484804611098, 'hidden_continuous_size': 142, 'attention_head_size': 3, 'learning_rate': 0.032283160802049286}. Best is trial 73 with value: 0.07864144444465637.
LOCAL_RANK: 0 - CUDA_VISIBLE_DEVICES: [0]
[I 2023-11-30 03:20:43,652] Trial 138 finished with value: 0.14223729074001312 and parameters: {'gradient_clip_val': 0.5014547082009899, 'hidden_size': 91, 'dropout': 0.25948492185328026, 'hidden_continuous_size': 68, 'attention_head_size': 3, 'learning_rate': 0.0232370199724527}. Best is trial 73 with value: 0.07864144444465637.
LOCAL_RANK: 0 - CUDA_VISIBLE_DEVICES: [0]
[I 2023-11-30 03:20:58,636] Trial 139 finished with value: 0.11525440216064453 and parameters: {'gradient_clip_val': 0.527789577176093, 'hidden_size': 150, 'dropout': 0.27304792040040116, 'hidden_continuous_size': 87, 'attention_head_size': 3, 'learning_rate': 0.04197514401853711}. Best is trial 73 with value: 0.07864144444465637.
LOCAL_RANK: 0 - CUDA_VISIBLE_DEVICES: [0]
[I 2023-11-30 03:21:13,434] Trial 140 finished with value: 0.1641814112663269 and parameters: {'gradient_clip_val': 0.5329485401984877, 'hidden_size': 116, 'dropout': 0.27054864275327717, 'hidden_continuous_size': 86, 'attention_head_size': 3, 'learning_rate': 0.040569210771971745}. Best is trial 73 with value: 0.07864144444465637.
LOCAL_RANK: 0 - CUDA_VISIBLE_DEVICES: [0]
[I 2023-11-30 03:21:27,980] Trial 141 finished with value: 0.14297984540462494 and parameters: {'gradient_clip_val': 0.5548551027363225, 'hidden_size': 129, 'dropout': 0.27479801906434437, 'hidden_continuous_size': 80, 'attention_head_size': 3, 'learning_rate': 0.036222967922691154}. Best is trial 73 with value: 0.07864144444465637.
LOCAL_RANK: 0 - CUDA_VISIBLE_DEVICES: [0]
[I 2023-11-30 03:21:42,906] Trial 142 finished with value: 0.11597194522619247 and parameters: {'gradient_clip_val': 0.6022528752866987, 'hidden_size': 147, 'dropout': 0.2863831390717652, 'hidden_continuous_size': 91, 'attention_head_size': 3, 'learning_rate': 0.04549883906356944}. Best is trial 73 with value: 0.07864144444465637.
LOCAL_RANK: 0 - CUDA_VISIBLE_DEVICES: [0]
[I 2023-11-30 03:21:57,512] Trial 143 finished with value: 0.11820700019598007 and parameters: {'gradient_clip_val': 0.48072359326653274, 'hidden_size': 135, 'dropout': 0.27792708234014085, 'hidden_continuous_size': 73, 'attention_head_size': 3, 'learning_rate': 0.051293831419500724}. Best is trial 73 with value: 0.07864144444465637.
LOCAL_RANK: 0 - CUDA_VISIBLE_DEVICES: [0]
[I 2023-11-30 03:22:12,093] Trial 144 finished with value: 0.1734040528535843 and parameters: {'gradient_clip_val': 0.45631303094570846, 'hidden_size': 109, 'dropout': 0.32403550138258885, 'hidden_continuous_size': 81, 'attention_head_size': 3, 'learning_rate': 0.02883143355622793}. Best is trial 73 with value: 0.07864144444465637.
LOCAL_RANK: 0 - CUDA_VISIBLE_DEVICES: [0]
[I 2023-11-30 03:22:27,275] Trial 145 finished with value: 0.17883479595184326 and parameters: {'gradient_clip_val': 0.6884791467067602, 'hidden_size': 150, 'dropout': 0.29713050861579626, 'hidden_continuous_size': 98, 'attention_head_size': 3, 'learning_rate': 0.03442843427493804}. Best is trial 73 with value: 0.07864144444465637.
LOCAL_RANK: 0 - CUDA_VISIBLE_DEVICES: [0]
[I 2023-11-30 03:22:41,944] Trial 146 finished with value: 0.15415005385875702 and parameters: {'gradient_clip_val': 0.5238906749121944, 'hidden_size': 124, 'dropout': 0.2668580550621683, 'hidden_continuous_size': 85, 'attention_head_size': 3, 'learning_rate': 0.041783820262129456}. Best is trial 73 with value: 0.07864144444465637.
LOCAL_RANK: 0 - CUDA_VISIBLE_DEVICES: [0]
[I 2023-11-30 03:22:56,442] Trial 147 finished with value: 0.14081092178821564 and parameters: {'gradient_clip_val': 0.5821876171938376, 'hidden_size': 103, 'dropout': 0.30363683836475963, 'hidden_continuous_size': 70, 'attention_head_size': 3, 'learning_rate': 0.02118420632194279}. Best is trial 73 with value: 0.07864144444465637.
LOCAL_RANK: 0 - CUDA_VISIBLE_DEVICES: [0]
[I 2023-11-30 03:23:10,885] Trial 148 finished with value: 0.1535293459892273 and parameters: {'gradient_clip_val': 0.6335218594516363, 'hidden_size': 140, 'dropout': 0.28180943290273175, 'hidden_continuous_size': 57, 'attention_head_size': 3, 'learning_rate': 0.018193850669330686}. Best is trial 73 with value: 0.07864144444465637.
LOCAL_RANK: 0 - CUDA_VISIBLE_DEVICES: [0]
[I 2023-11-30 03:23:25,269] Trial 149 finished with value: 0.08099085092544556 and parameters: {'gradient_clip_val': 0.5590738526971805, 'hidden_size': 118, 'dropout': 0.29188411379585627, 'hidden_continuous_size': 64, 'attention_head_size': 3, 'learning_rate': 0.02701282931174787}. Best is trial 73 with value: 0.07864144444465637.
[I 2023-11-30 03:23:25,383] A new study created in memory with name: no-name-b3aaf143-5885-4351-b175-05cc7c4390d8
/home/le004/conda/anaconda3/envs/tsff_env/lib/python3.9/site-packages/lightning/fabric/plugins/environments/slurm.py:191: The `srun` command is available on your system but is not used. HINT: If your intention is to run Lightning on SLURM, prepend your python command with `srun` like so: srun python /home/le004/master_thesis/git/TSFusionForecast/code/ ...
LOCAL_RANK: 0 - CUDA_VISIBLE_DEVICES: [0]
[I 2023-11-30 03:23:37,930] Trial 0 finished with value: 0.16899897158145905 and parameters: {'gradient_clip_val': 0.14997019825523025, 'hidden_size': 21, 'dropout': 0.10506351564144095, 'hidden_continuous_size': 10, 'attention_head_size': 2, 'learning_rate': 0.07041909277937432}. Best is trial 0 with value: 0.16899897158145905.
LOCAL_RANK: 0 - CUDA_VISIBLE_DEVICES: [0]
[I 2023-11-30 03:23:50,270] Trial 1 finished with value: 1.66191828250885 and parameters: {'gradient_clip_val': 0.21697950114979225, 'hidden_size': 20, 'dropout': 0.27717586504104874, 'hidden_continuous_size': 16, 'attention_head_size': 3, 'learning_rate': 0.003943997276123928}. Best is trial 0 with value: 0.16899897158145905.
LOCAL_RANK: 0 - CUDA_VISIBLE_DEVICES: [0]
[I 2023-11-30 03:24:04,754] Trial 2 finished with value: 0.1411735564470291 and parameters: {'gradient_clip_val': 0.12589524942776553, 'hidden_size': 127, 'dropout': 0.17425750864800946, 'hidden_continuous_size': 35, 'attention_head_size': 4, 'learning_rate': 0.009222650759176429}. Best is trial 2 with value: 0.1411735564470291.
LOCAL_RANK: 0 - CUDA_VISIBLE_DEVICES: [0]
[I 2023-11-30 03:24:17,874] Trial 3 finished with value: 0.08697270601987839 and parameters: {'gradient_clip_val': 0.5205886661354495, 'hidden_size': 38, 'dropout': 0.3585247658415941, 'hidden_continuous_size': 17, 'attention_head_size': 4, 'learning_rate': 0.045534092653485105}. Best is trial 3 with value: 0.08697270601987839.
LOCAL_RANK: 0 - CUDA_VISIBLE_DEVICES: [0]
[I 2023-11-30 03:24:32,679] Trial 4 finished with value: 0.12578947842121124 and parameters: {'gradient_clip_val': 0.15479228764039119, 'hidden_size': 146, 'dropout': 0.17331293801717215, 'hidden_continuous_size': 72, 'attention_head_size': 3, 'learning_rate': 0.014989593085282929}. Best is trial 3 with value: 0.08697270601987839.
LOCAL_RANK: 0 - CUDA_VISIBLE_DEVICES: [0]
[I 2023-11-30 03:24:45,860] Trial 5 finished with value: 0.15713909268379211 and parameters: {'gradient_clip_val': 0.822255429954639, 'hidden_size': 34, 'dropout': 0.2124786275296798, 'hidden_continuous_size': 28, 'attention_head_size': 3, 'learning_rate': 0.08797229752846876}. Best is trial 3 with value: 0.08697270601987839.
LOCAL_RANK: 0 - CUDA_VISIBLE_DEVICES: [0]
[I 2023-11-30 03:24:59,885] Trial 6 finished with value: 0.2229304164648056 and parameters: {'gradient_clip_val': 0.11231534324768831, 'hidden_size': 95, 'dropout': 0.16975012615239488, 'hidden_continuous_size': 43, 'attention_head_size': 1, 'learning_rate': 0.0048274655968509874}. Best is trial 3 with value: 0.08697270601987839.
LOCAL_RANK: 0 - CUDA_VISIBLE_DEVICES: [0]
[I 2023-11-30 03:25:12,335] Trial 7 finished with value: 0.5611739754676819 and parameters: {'gradient_clip_val': 0.9264364138176692, 'hidden_size': 14, 'dropout': 0.36427233669113224, 'hidden_continuous_size': 10, 'attention_head_size': 4, 'learning_rate': 0.027184084465734}. Best is trial 3 with value: 0.08697270601987839.
LOCAL_RANK: 0 - CUDA_VISIBLE_DEVICES: [0]
[I 2023-11-30 03:25:26,166] Trial 8 finished with value: 0.1597527414560318 and parameters: {'gradient_clip_val': 0.45729348891242577, 'hidden_size': 96, 'dropout': 0.1592503728653106, 'hidden_continuous_size': 36, 'attention_head_size': 2, 'learning_rate': 0.05497431425194601}. Best is trial 3 with value: 0.08697270601987839.
LOCAL_RANK: 0 - CUDA_VISIBLE_DEVICES: [0]
[I 2023-11-30 03:25:38,681] Trial 9 finished with value: 3.506425142288208 and parameters: {'gradient_clip_val': 0.1057244229427513, 'hidden_size': 11, 'dropout': 0.26105800661589795, 'hidden_continuous_size': 10, 'attention_head_size': 4, 'learning_rate': 0.001867170383362821}. Best is trial 3 with value: 0.08697270601987839.
LOCAL_RANK: 0 - CUDA_VISIBLE_DEVICES: [0]
[I 2023-11-30 03:25:52,045] Trial 10 finished with value: 0.10785920172929764 and parameters: {'gradient_clip_val': 0.4005775028852131, 'hidden_size': 50, 'dropout': 0.37932744097557325, 'hidden_continuous_size': 18, 'attention_head_size': 1, 'learning_rate': 0.034942524123841676}. Best is trial 3 with value: 0.08697270601987839.
LOCAL_RANK: 0 - CUDA_VISIBLE_DEVICES: [0]
[I 2023-11-30 03:26:05,207] Trial 11 finished with value: 0.2004832625389099 and parameters: {'gradient_clip_val': 0.4168420566630183, 'hidden_size': 51, 'dropout': 0.3884992921827136, 'hidden_continuous_size': 17, 'attention_head_size': 1, 'learning_rate': 0.02170702713534012}. Best is trial 3 with value: 0.08697270601987839.
LOCAL_RANK: 0 - CUDA_VISIBLE_DEVICES: [0]
