[I 2023-11-29 21:21:16,968] Trial 45 finished with value: 0.1480470895767212 and parameters: {'gradient_clip_val': 0.6548511412992569, 'hidden_size': 94, 'dropout': 0.3126661851491527, 'hidden_continuous_size': 33, 'attention_head_size': 1, 'learning_rate': 0.03685667669424695}. Best is trial 42 with value: 0.10986921936273575.
LOCAL_RANK: 0 - CUDA_VISIBLE_DEVICES: [0]
[I 2023-11-29 21:21:30,445] Trial 46 finished with value: 0.2452053427696228 and parameters: {'gradient_clip_val': 0.9085316520787392, 'hidden_size': 80, 'dropout': 0.28162769902633883, 'hidden_continuous_size': 23, 'attention_head_size': 1, 'learning_rate': 0.016615355404442787}. Best is trial 42 with value: 0.10986921936273575.
LOCAL_RANK: 0 - CUDA_VISIBLE_DEVICES: [0]
[I 2023-11-29 21:21:44,096] Trial 47 finished with value: 0.16963505744934082 and parameters: {'gradient_clip_val': 0.7607674565662373, 'hidden_size': 59, 'dropout': 0.3526535468019786, 'hidden_continuous_size': 44, 'attention_head_size': 2, 'learning_rate': 0.07581810297647139}. Best is trial 42 with value: 0.10986921936273575.
LOCAL_RANK: 0 - CUDA_VISIBLE_DEVICES: [0]
[I 2023-11-29 21:21:57,667] Trial 48 finished with value: 0.16840679943561554 and parameters: {'gradient_clip_val': 0.6837366766469936, 'hidden_size': 53, 'dropout': 0.3366184434445565, 'hidden_continuous_size': 45, 'attention_head_size': 1, 'learning_rate': 0.021549740620812347}. Best is trial 42 with value: 0.10986921936273575.
LOCAL_RANK: 0 - CUDA_VISIBLE_DEVICES: [0]
[I 2023-11-29 21:22:11,661] Trial 49 finished with value: 0.21424676477909088 and parameters: {'gradient_clip_val': 0.7982680930291892, 'hidden_size': 106, 'dropout': 0.3960913703582624, 'hidden_continuous_size': 17, 'attention_head_size': 2, 'learning_rate': 0.03591311730750621}. Best is trial 42 with value: 0.10986921936273575.
LOCAL_RANK: 0 - CUDA_VISIBLE_DEVICES: [0]
[I 2023-11-29 21:22:26,088] Trial 50 finished with value: 0.27461305260658264 and parameters: {'gradient_clip_val': 0.9992610545822657, 'hidden_size': 86, 'dropout': 0.3001381102128126, 'hidden_continuous_size': 61, 'attention_head_size': 3, 'learning_rate': 0.02748618666748681}. Best is trial 42 with value: 0.10986921936273575.
LOCAL_RANK: 0 - CUDA_VISIBLE_DEVICES: [0]
[I 2023-11-29 21:22:40,172] Trial 51 finished with value: 0.2030922919511795 and parameters: {'gradient_clip_val': 0.8529462958475391, 'hidden_size': 71, 'dropout': 0.27314505372643705, 'hidden_continuous_size': 52, 'attention_head_size': 4, 'learning_rate': 0.04778457755549893}. Best is trial 42 with value: 0.10986921936273575.
LOCAL_RANK: 0 - CUDA_VISIBLE_DEVICES: [0]
[I 2023-11-29 21:22:54,411] Trial 52 finished with value: 0.14377011358737946 and parameters: {'gradient_clip_val': 0.8969601250297145, 'hidden_size': 77, 'dropout': 0.2662201970467827, 'hidden_continuous_size': 60, 'attention_head_size': 3, 'learning_rate': 0.05741554530570887}. Best is trial 42 with value: 0.10986921936273575.
LOCAL_RANK: 0 - CUDA_VISIBLE_DEVICES: [0]
[I 2023-11-29 21:23:08,591] Trial 53 finished with value: 0.1449729949235916 and parameters: {'gradient_clip_val': 0.8830257284331199, 'hidden_size': 82, 'dropout': 0.290926170435265, 'hidden_continuous_size': 61, 'attention_head_size': 3, 'learning_rate': 0.05505466301662918}. Best is trial 42 with value: 0.10986921936273575.
LOCAL_RANK: 0 - CUDA_VISIBLE_DEVICES: [0]
[I 2023-11-29 21:23:23,017] Trial 54 finished with value: 0.16037751734256744 and parameters: {'gradient_clip_val': 0.7644253050224469, 'hidden_size': 133, 'dropout': 0.3165117117045926, 'hidden_continuous_size': 38, 'attention_head_size': 3, 'learning_rate': 0.04075420579944048}. Best is trial 42 with value: 0.10986921936273575.
LOCAL_RANK: 0 - CUDA_VISIBLE_DEVICES: [0]
[I 2023-11-29 21:23:37,247] Trial 55 finished with value: 0.15354786813259125 and parameters: {'gradient_clip_val': 0.924279049562799, 'hidden_size': 93, 'dropout': 0.279499423059861, 'hidden_continuous_size': 49, 'attention_head_size': 2, 'learning_rate': 0.06360667308468643}. Best is trial 42 with value: 0.10986921936273575.
LOCAL_RANK: 0 - CUDA_VISIBLE_DEVICES: [0]
[I 2023-11-29 21:23:51,359] Trial 56 finished with value: 0.12336180359125137 and parameters: {'gradient_clip_val': 0.8045427402938224, 'hidden_size': 78, 'dropout': 0.3013945432768657, 'hidden_continuous_size': 55, 'attention_head_size': 3, 'learning_rate': 0.08235427593558685}. Best is trial 42 with value: 0.10986921936273575.
LOCAL_RANK: 0 - CUDA_VISIBLE_DEVICES: [0]
[I 2023-11-29 21:24:05,550] Trial 57 finished with value: 0.17507290840148926 and parameters: {'gradient_clip_val': 0.799758870539976, 'hidden_size': 104, 'dropout': 0.30855731215152965, 'hidden_continuous_size': 34, 'attention_head_size': 3, 'learning_rate': 0.08504089994733975}. Best is trial 42 with value: 0.10986921936273575.
LOCAL_RANK: 0 - CUDA_VISIBLE_DEVICES: [0]
[I 2023-11-29 21:24:19,429] Trial 58 finished with value: 0.16854913532733917 and parameters: {'gradient_clip_val': 0.6601254553223165, 'hidden_size': 63, 'dropout': 0.3260552992541599, 'hidden_continuous_size': 52, 'attention_head_size': 2, 'learning_rate': 0.07803404782970533}. Best is trial 42 with value: 0.10986921936273575.
LOCAL_RANK: 0 - CUDA_VISIBLE_DEVICES: [0]
[I 2023-11-29 21:24:32,921] Trial 59 finished with value: 0.21274709701538086 and parameters: {'gradient_clip_val': 0.5371014296674773, 'hidden_size': 54, 'dropout': 0.2995440412063634, 'hidden_continuous_size': 47, 'attention_head_size': 1, 'learning_rate': 0.030989463611697167}. Best is trial 42 with value: 0.10986921936273575.
LOCAL_RANK: 0 - CUDA_VISIBLE_DEVICES: [0]
[I 2023-11-29 21:24:47,796] Trial 60 finished with value: 0.17848412692546844 and parameters: {'gradient_clip_val': 0.7245036932719862, 'hidden_size': 123, 'dropout': 0.3594040202594818, 'hidden_continuous_size': 77, 'attention_head_size': 3, 'learning_rate': 0.02555247130796639}. Best is trial 42 with value: 0.10986921936273575.
LOCAL_RANK: 0 - CUDA_VISIBLE_DEVICES: [0]
[I 2023-11-29 21:25:01,831] Trial 61 finished with value: 0.2677794396877289 and parameters: {'gradient_clip_val': 0.914046045481403, 'hidden_size': 80, 'dropout': 0.28569436313731494, 'hidden_continuous_size': 57, 'attention_head_size': 3, 'learning_rate': 0.09969842140306197}. Best is trial 42 with value: 0.10986921936273575.
LOCAL_RANK: 0 - CUDA_VISIBLE_DEVICES: [0]
[I 2023-11-29 21:25:16,004] Trial 62 finished with value: 0.16414572298526764 and parameters: {'gradient_clip_val': 0.807764604467207, 'hidden_size': 73, 'dropout': 0.262302032631369, 'hidden_continuous_size': 62, 'attention_head_size': 3, 'learning_rate': 0.05362579088447701}. Best is trial 42 with value: 0.10986921936273575.
LOCAL_RANK: 0 - CUDA_VISIBLE_DEVICES: [0]
[I 2023-11-29 21:25:30,195] Trial 63 finished with value: 0.18785881996154785 and parameters: {'gradient_clip_val': 0.9281110962620912, 'hidden_size': 86, 'dropout': 0.2933537560225953, 'hidden_continuous_size': 60, 'attention_head_size': 3, 'learning_rate': 0.020288162622734387}. Best is trial 42 with value: 0.10986921936273575.
LOCAL_RANK: 0 - CUDA_VISIBLE_DEVICES: [0]
[I 2023-11-29 21:25:44,204] Trial 64 finished with value: 0.17929919064044952 and parameters: {'gradient_clip_val': 0.8209852623883644, 'hidden_size': 78, 'dropout': 0.37531223482591614, 'hidden_continuous_size': 54, 'attention_head_size': 3, 'learning_rate': 0.06130979979424277}. Best is trial 42 with value: 0.10986921936273575.
LOCAL_RANK: 0 - CUDA_VISIBLE_DEVICES: [0]
[I 2023-11-29 21:25:58,837] Trial 65 finished with value: 0.36455026268959045 and parameters: {'gradient_clip_val': 0.7367141766953043, 'hidden_size': 103, 'dropout': 0.3041482165468574, 'hidden_continuous_size': 69, 'attention_head_size': 2, 'learning_rate': 0.03580147489814523}. Best is trial 42 with value: 0.10986921936273575.
LOCAL_RANK: 0 - CUDA_VISIBLE_DEVICES: [0]
[I 2023-11-29 21:26:13,233] Trial 66 finished with value: 0.23813597857952118 and parameters: {'gradient_clip_val': 0.942101430399091, 'hidden_size': 95, 'dropout': 0.32180954071365564, 'hidden_continuous_size': 72, 'attention_head_size': 3, 'learning_rate': 0.04035593041206598}. Best is trial 42 with value: 0.10986921936273575.
LOCAL_RANK: 0 - CUDA_VISIBLE_DEVICES: [0]
[I 2023-11-29 21:26:27,179] Trial 67 finished with value: 0.19410161674022675 and parameters: {'gradient_clip_val': 0.582507538332275, 'hidden_size': 70, 'dropout': 0.3390819933343631, 'hidden_continuous_size': 42, 'attention_head_size': 4, 'learning_rate': 0.07095440592557807}. Best is trial 42 with value: 0.10986921936273575.
LOCAL_RANK: 0 - CUDA_VISIBLE_DEVICES: [0]
[I 2023-11-29 21:26:40,858] Trial 68 finished with value: 0.20337475836277008 and parameters: {'gradient_clip_val': 0.6951546470498412, 'hidden_size': 61, 'dropout': 0.3876680303970171, 'hidden_continuous_size': 49, 'attention_head_size': 3, 'learning_rate': 0.024626873045119766}. Best is trial 42 with value: 0.10986921936273575.
LOCAL_RANK: 0 - CUDA_VISIBLE_DEVICES: [0]
[I 2023-11-29 21:26:55,587] Trial 69 finished with value: 0.19160616397857666 and parameters: {'gradient_clip_val': 0.9974154845121708, 'hidden_size': 138, 'dropout': 0.2746419361496455, 'hidden_continuous_size': 80, 'attention_head_size': 3, 'learning_rate': 0.014658755848387635}. Best is trial 42 with value: 0.10986921936273575.
LOCAL_RANK: 0 - CUDA_VISIBLE_DEVICES: [0]
[I 2023-11-29 21:27:10,033] Trial 70 finished with value: 0.11803370714187622 and parameters: {'gradient_clip_val': 0.6354861947684256, 'hidden_size': 112, 'dropout': 0.28577383816974694, 'hidden_continuous_size': 40, 'attention_head_size': 4, 'learning_rate': 0.05161692328422066}. Best is trial 42 with value: 0.10986921936273575.
LOCAL_RANK: 0 - CUDA_VISIBLE_DEVICES: [0]
[I 2023-11-29 21:27:24,367] Trial 71 finished with value: 0.22006243467330933 and parameters: {'gradient_clip_val': 0.6402105755197025, 'hidden_size': 110, 'dropout': 0.2888065368977729, 'hidden_continuous_size': 39, 'attention_head_size': 4, 'learning_rate': 0.05167809994954564}. Best is trial 42 with value: 0.10986921936273575.
LOCAL_RANK: 0 - CUDA_VISIBLE_DEVICES: [0]
[I 2023-11-29 21:27:38,563] Trial 72 finished with value: 0.16139347851276398 and parameters: {'gradient_clip_val': 0.84189146365043, 'hidden_size': 77, 'dropout': 0.2556755647665413, 'hidden_continuous_size': 57, 'attention_head_size': 4, 'learning_rate': 0.08428854821700436}. Best is trial 42 with value: 0.10986921936273575.
LOCAL_RANK: 0 - CUDA_VISIBLE_DEVICES: [0]
[I 2023-11-29 21:27:53,272] Trial 73 finished with value: 0.22028835117816925 and parameters: {'gradient_clip_val': 0.7812107504369793, 'hidden_size': 125, 'dropout': 0.3054585568195156, 'hidden_continuous_size': 88, 'attention_head_size': 4, 'learning_rate': 0.0607280749695575}. Best is trial 42 with value: 0.10986921936273575.
LOCAL_RANK: 0 - CUDA_VISIBLE_DEVICES: [0]
[I 2023-11-29 21:28:07,588] Trial 74 finished with value: 0.1361345499753952 and parameters: {'gradient_clip_val': 0.6883351377082342, 'hidden_size': 86, 'dropout': 0.2699969758696386, 'hidden_continuous_size': 64, 'attention_head_size': 4, 'learning_rate': 0.03193780389881958}. Best is trial 42 with value: 0.10986921936273575.
LOCAL_RANK: 0 - CUDA_VISIBLE_DEVICES: [0]
[I 2023-11-29 21:28:22,827] Trial 75 finished with value: 0.2189939022064209 and parameters: {'gradient_clip_val': 0.5784499322852705, 'hidden_size': 150, 'dropout': 0.2963672526417564, 'hidden_continuous_size': 100, 'attention_head_size': 4, 'learning_rate': 0.03184704285384401}. Best is trial 42 with value: 0.10986921936273575.
LOCAL_RANK: 0 - CUDA_VISIBLE_DEVICES: [0]
[I 2023-11-29 21:28:37,343] Trial 76 finished with value: 0.20517754554748535 and parameters: {'gradient_clip_val': 0.6630299349340762, 'hidden_size': 118, 'dropout': 0.3188121754080564, 'hidden_continuous_size': 30, 'attention_head_size': 4, 'learning_rate': 0.02752741511996306}. Best is trial 42 with value: 0.10986921936273575.
LOCAL_RANK: 0 - CUDA_VISIBLE_DEVICES: [0]
[I 2023-11-29 21:28:51,566] Trial 77 finished with value: 0.28126809000968933 and parameters: {'gradient_clip_val': 0.7066357218374466, 'hidden_size': 96, 'dropout': 0.2832984180683592, 'hidden_continuous_size': 41, 'attention_head_size': 4, 'learning_rate': 0.04295211593591883}. Best is trial 42 with value: 0.10986921936273575.
LOCAL_RANK: 0 - CUDA_VISIBLE_DEVICES: [0]
[I 2023-11-29 21:29:05,686] Trial 78 finished with value: 0.30563291907310486 and parameters: {'gradient_clip_val': 0.6256280470920891, 'hidden_size': 86, 'dropout': 0.33042446382914903, 'hidden_continuous_size': 64, 'attention_head_size': 4, 'learning_rate': 0.020041689803674823}. Best is trial 42 with value: 0.10986921936273575.
LOCAL_RANK: 0 - CUDA_VISIBLE_DEVICES: [0]
[I 2023-11-29 21:29:20,151] Trial 79 finished with value: 0.2057553082704544 and parameters: {'gradient_clip_val': 0.5058454638345903, 'hidden_size': 111, 'dropout': 0.3124713634976939, 'hidden_continuous_size': 46, 'attention_head_size': 4, 'learning_rate': 0.03307208174401292}. Best is trial 42 with value: 0.10986921936273575.
LOCAL_RANK: 0 - CUDA_VISIBLE_DEVICES: [0]
[I 2023-11-29 21:29:34,895] Trial 80 finished with value: 0.13048146665096283 and parameters: {'gradient_clip_val': 0.7285331823081619, 'hidden_size': 99, 'dropout': 0.2722416764631586, 'hidden_continuous_size': 67, 'attention_head_size': 4, 'learning_rate': 0.023426776969782286}. Best is trial 42 with value: 0.10986921936273575.
LOCAL_RANK: 0 - CUDA_VISIBLE_DEVICES: [0]
[I 2023-11-29 21:29:49,486] Trial 81 finished with value: 0.24651221930980682 and parameters: {'gradient_clip_val': 0.7528821778152262, 'hidden_size': 101, 'dropout': 0.2731609076882142, 'hidden_continuous_size': 75, 'attention_head_size': 4, 'learning_rate': 0.022778289058483975}. Best is trial 42 with value: 0.10986921936273575.
LOCAL_RANK: 0 - CUDA_VISIBLE_DEVICES: [0]
[I 2023-11-29 21:30:03,972] Trial 82 finished with value: 0.11655992269515991 and parameters: {'gradient_clip_val': 0.8354801371992415, 'hidden_size': 85, 'dropout': 0.24734306008595738, 'hidden_continuous_size': 71, 'attention_head_size': 4, 'learning_rate': 0.028574939910898677}. Best is trial 42 with value: 0.10986921936273575.
LOCAL_RANK: 0 - CUDA_VISIBLE_DEVICES: [0]
[I 2023-11-29 21:30:18,514] Trial 83 finished with value: 0.16446994245052338 and parameters: {'gradient_clip_val': 0.6953524507852481, 'hidden_size': 91, 'dropout': 0.2339521495416787, 'hidden_continuous_size': 70, 'attention_head_size': 4, 'learning_rate': 0.0294397369946673}. Best is trial 42 with value: 0.10986921936273575.
LOCAL_RANK: 0 - CUDA_VISIBLE_DEVICES: [0]
[I 2023-11-29 21:30:32,634] Trial 84 finished with value: 0.16530363261699677 and parameters: {'gradient_clip_val': 0.6258139074769367, 'hidden_size': 66, 'dropout': 0.24312341995614922, 'hidden_continuous_size': 55, 'attention_head_size': 4, 'learning_rate': 0.03625950934360209}. Best is trial 42 with value: 0.10986921936273575.
LOCAL_RANK: 0 - CUDA_VISIBLE_DEVICES: [0]
[I 2023-11-29 21:30:47,200] Trial 85 finished with value: 0.21528996527194977 and parameters: {'gradient_clip_val': 0.8299892564800022, 'hidden_size': 83, 'dropout': 0.2797300690635547, 'hidden_continuous_size': 66, 'attention_head_size': 4, 'learning_rate': 0.04791777007692791}. Best is trial 42 with value: 0.10986921936273575.
LOCAL_RANK: 0 - CUDA_VISIBLE_DEVICES: [0]
[I 2023-11-29 21:31:01,621] Trial 86 finished with value: 0.18876294791698456 and parameters: {'gradient_clip_val': 0.756315272986238, 'hidden_size': 130, 'dropout': 0.2907231520624178, 'hidden_continuous_size': 35, 'attention_head_size': 4, 'learning_rate': 0.042046787254212584}. Best is trial 42 with value: 0.10986921936273575.
LOCAL_RANK: 0 - CUDA_VISIBLE_DEVICES: [0]
[I 2023-11-29 21:31:16,044] Trial 87 finished with value: 0.1462281495332718 and parameters: {'gradient_clip_val': 0.56909244276286, 'hidden_size': 99, 'dropout': 0.2625619245611704, 'hidden_continuous_size': 66, 'attention_head_size': 4, 'learning_rate': 0.02478805200207176}. Best is trial 42 with value: 0.10986921936273575.
LOCAL_RANK: 0 - CUDA_VISIBLE_DEVICES: [0]
[I 2023-11-29 21:31:30,479] Trial 88 finished with value: 0.13915355503559113 and parameters: {'gradient_clip_val': 0.8730862002865589, 'hidden_size': 107, 'dropout': 0.26950476211818386, 'hidden_continuous_size': 83, 'attention_head_size': 1, 'learning_rate': 0.034559903290862656}. Best is trial 42 with value: 0.10986921936273575.
LOCAL_RANK: 0 - CUDA_VISIBLE_DEVICES: [0]
[I 2023-11-29 21:31:45,284] Trial 89 finished with value: 0.09270301461219788 and parameters: {'gradient_clip_val': 0.6795400969503992, 'hidden_size': 117, 'dropout': 0.2524207207351827, 'hidden_continuous_size': 89, 'attention_head_size': 4, 'learning_rate': 0.03881798375292992}. Best is trial 89 with value: 0.09270301461219788.
LOCAL_RANK: 0 - CUDA_VISIBLE_DEVICES: [0]
[I 2023-11-29 21:31:59,987] Trial 90 finished with value: 0.19960081577301025 and parameters: {'gradient_clip_val': 0.7915636134560202, 'hidden_size': 114, 'dropout': 0.24987304285755246, 'hidden_continuous_size': 95, 'attention_head_size': 4, 'learning_rate': 0.05131971112037712}. Best is trial 89 with value: 0.09270301461219788.
LOCAL_RANK: 0 - CUDA_VISIBLE_DEVICES: [0]
[I 2023-11-29 21:32:15,064] Trial 91 finished with value: 0.11306366324424744 and parameters: {'gradient_clip_val': 0.6844207317606475, 'hidden_size': 142, 'dropout': 0.27846102995477817, 'hidden_continuous_size': 110, 'attention_head_size': 4, 'learning_rate': 0.028546684456508882}. Best is trial 89 with value: 0.09270301461219788.
LOCAL_RANK: 0 - CUDA_VISIBLE_DEVICES: [0]
[I 2023-11-29 21:32:30,119] Trial 92 finished with value: 0.1677566021680832 and parameters: {'gradient_clip_val': 0.7284610431003504, 'hidden_size': 141, 'dropout': 0.2796813773996816, 'hidden_continuous_size': 111, 'attention_head_size': 4, 'learning_rate': 0.026059248334814746}. Best is trial 89 with value: 0.09270301461219788.
LOCAL_RANK: 0 - CUDA_VISIBLE_DEVICES: [0]
[I 2023-11-29 21:32:44,706] Trial 93 finished with value: 0.23722434043884277 and parameters: {'gradient_clip_val': 0.6099828356484933, 'hidden_size': 120, 'dropout': 0.2956745880305032, 'hidden_continuous_size': 88, 'attention_head_size': 4, 'learning_rate': 0.028528279811017493}. Best is trial 89 with value: 0.09270301461219788.
LOCAL_RANK: 0 - CUDA_VISIBLE_DEVICES: [0]
[I 2023-11-29 21:32:59,845] Trial 94 finished with value: 0.20736926794052124 and parameters: {'gradient_clip_val': 0.6724662400041229, 'hidden_size': 133, 'dropout': 0.2876106918185793, 'hidden_continuous_size': 111, 'attention_head_size': 4, 'learning_rate': 0.042559603010076136}. Best is trial 89 with value: 0.09270301461219788.
LOCAL_RANK: 0 - CUDA_VISIBLE_DEVICES: [0]
[I 2023-11-29 21:33:14,185] Trial 95 finished with value: 0.1462308168411255 and parameters: {'gradient_clip_val': 0.8577622847853649, 'hidden_size': 127, 'dropout': 0.30476595648878796, 'hidden_continuous_size': 28, 'attention_head_size': 4, 'learning_rate': 0.021376524003558564}. Best is trial 89 with value: 0.09270301461219788.
LOCAL_RANK: 0 - CUDA_VISIBLE_DEVICES: [0]
[I 2023-11-29 21:33:29,183] Trial 96 finished with value: 0.15070688724517822 and parameters: {'gradient_clip_val': 0.9473519070771522, 'hidden_size': 139, 'dropout': 0.2591423931186641, 'hidden_continuous_size': 136, 'attention_head_size': 2, 'learning_rate': 0.018306059721918694}. Best is trial 89 with value: 0.09270301461219788.
LOCAL_RANK: 0 - CUDA_VISIBLE_DEVICES: [0]
[I 2023-11-29 21:33:43,806] Trial 97 finished with value: 0.09228062629699707 and parameters: {'gradient_clip_val': 0.7925611872163357, 'hidden_size': 92, 'dropout': 0.24970596977474308, 'hidden_continuous_size': 73, 'attention_head_size': 4, 'learning_rate': 0.03802732004027555}. Best is trial 97 with value: 0.09228062629699707.
LOCAL_RANK: 0 - CUDA_VISIBLE_DEVICES: [0]
[I 2023-11-29 21:33:58,508] Trial 98 finished with value: 0.1907915323972702 and parameters: {'gradient_clip_val': 0.6484216894565562, 'hidden_size': 118, 'dropout': 0.2516872523579038, 'hidden_continuous_size': 74, 'attention_head_size': 4, 'learning_rate': 0.037920440215618426}. Best is trial 97 with value: 0.09228062629699707.
LOCAL_RANK: 0 - CUDA_VISIBLE_DEVICES: [0]
[I 2023-11-29 21:34:13,111] Trial 99 finished with value: 0.2382698804140091 and parameters: {'gradient_clip_val': 0.781435618680219, 'hidden_size': 104, 'dropout': 0.22607041779037396, 'hidden_continuous_size': 88, 'attention_head_size': 4, 'learning_rate': 0.029726606835235744}. Best is trial 97 with value: 0.09228062629699707.
LOCAL_RANK: 0 - CUDA_VISIBLE_DEVICES: [0]
[I 2023-11-29 21:34:27,741] Trial 100 finished with value: 0.2680298984050751 and parameters: {'gradient_clip_val': 0.7292834208708714, 'hidden_size': 97, 'dropout': 0.264997144950859, 'hidden_continuous_size': 78, 'attention_head_size': 4, 'learning_rate': 0.023826752310391736}. Best is trial 97 with value: 0.09228062629699707.
LOCAL_RANK: 0 - CUDA_VISIBLE_DEVICES: [0]
[I 2023-11-29 21:34:42,128] Trial 101 finished with value: 0.22269637882709503 and parameters: {'gradient_clip_val': 0.8119667427110813, 'hidden_size': 75, 'dropout': 0.27250399611251813, 'hidden_continuous_size': 69, 'attention_head_size': 4, 'learning_rate': 0.033752538668590584}. Best is trial 97 with value: 0.09228062629699707.
LOCAL_RANK: 0 - CUDA_VISIBLE_DEVICES: [0]
[I 2023-11-29 21:34:56,639] Trial 102 finished with value: 0.18757085502147675 and parameters: {'gradient_clip_val': 0.8919003242401226, 'hidden_size': 90, 'dropout': 0.28252346364892583, 'hidden_continuous_size': 81, 'attention_head_size': 4, 'learning_rate': 0.045312077502681625}. Best is trial 97 with value: 0.09228062629699707.
LOCAL_RANK: 0 - CUDA_VISIBLE_DEVICES: [0]
