[I 2023-11-29 23:29:02,675] Trial 21 finished with value: 287.98876953125 and parameters: {'gradient_clip_val': 0.46081206123821195, 'hidden_size': 12, 'dropout': 0.303422161172878, 'hidden_continuous_size': 10, 'attention_head_size': 2, 'learning_rate': 0.08106465831304686}. Best is trial 12 with value: 248.5668487548828.
LOCAL_RANK: 0 - CUDA_VISIBLE_DEVICES: [0]
[I 2023-11-29 23:29:13,145] Trial 22 finished with value: 291.1778564453125 and parameters: {'gradient_clip_val': 0.49228821859323707, 'hidden_size': 10, 'dropout': 0.28770959348071157, 'hidden_continuous_size': 10, 'attention_head_size': 2, 'learning_rate': 0.07755932197722562}. Best is trial 12 with value: 248.5668487548828.
LOCAL_RANK: 0 - CUDA_VISIBLE_DEVICES: [0]
[I 2023-11-29 23:29:25,549] Trial 23 finished with value: 320.8926696777344 and parameters: {'gradient_clip_val': 0.6577424892454038, 'hidden_size': 18, 'dropout': 0.3533159243964836, 'hidden_continuous_size': 11, 'attention_head_size': 2, 'learning_rate': 0.09563286870011835}. Best is trial 12 with value: 248.5668487548828.
LOCAL_RANK: 0 - CUDA_VISIBLE_DEVICES: [0]
[I 2023-11-29 23:29:37,922] Trial 24 finished with value: 268.5139465332031 and parameters: {'gradient_clip_val': 0.403849161206275, 'hidden_size': 15, 'dropout': 0.309201627331142, 'hidden_continuous_size': 11, 'attention_head_size': 1, 'learning_rate': 0.04808475336182033}. Best is trial 12 with value: 248.5668487548828.
LOCAL_RANK: 0 - CUDA_VISIBLE_DEVICES: [0]
[I 2023-11-29 23:29:50,159] Trial 25 finished with value: 303.8174743652344 and parameters: {'gradient_clip_val': 0.4013951826142963, 'hidden_size': 14, 'dropout': 0.32473358027714794, 'hidden_continuous_size': 11, 'attention_head_size': 1, 'learning_rate': 0.04424106225881281}. Best is trial 12 with value: 248.5668487548828.
LOCAL_RANK: 0 - CUDA_VISIBLE_DEVICES: [0]
[I 2023-11-29 23:30:02,409] Trial 26 finished with value: 261.2944030761719 and parameters: {'gradient_clip_val': 0.3096676930825924, 'hidden_size': 17, 'dropout': 0.37656557583875355, 'hidden_continuous_size': 11, 'attention_head_size': 1, 'learning_rate': 0.05486360396864427}. Best is trial 12 with value: 248.5668487548828.
LOCAL_RANK: 0 - CUDA_VISIBLE_DEVICES: [0]
[I 2023-11-29 23:30:14,812] Trial 27 finished with value: 292.5221862792969 and parameters: {'gradient_clip_val': 0.2998821754159171, 'hidden_size': 20, 'dropout': 0.3747377456634907, 'hidden_continuous_size': 13, 'attention_head_size': 1, 'learning_rate': 0.06550429949663597}. Best is trial 12 with value: 248.5668487548828.
LOCAL_RANK: 0 - CUDA_VISIBLE_DEVICES: [0]
[I 2023-11-29 23:30:27,222] Trial 28 finished with value: 315.1921691894531 and parameters: {'gradient_clip_val': 0.3289715113895825, 'hidden_size': 13, 'dropout': 0.34955361781493366, 'hidden_continuous_size': 11, 'attention_head_size': 1, 'learning_rate': 0.036385448025092866}. Best is trial 12 with value: 248.5668487548828.
LOCAL_RANK: 0 - CUDA_VISIBLE_DEVICES: [0]
[I 2023-11-29 23:30:39,527] Trial 29 finished with value: 270.1165771484375 and parameters: {'gradient_clip_val': 0.7754863924476847, 'hidden_size': 24, 'dropout': 0.3794212786557748, 'hidden_continuous_size': 13, 'attention_head_size': 3, 'learning_rate': 0.01980634203689832}. Best is trial 12 with value: 248.5668487548828.
LOCAL_RANK: 0 - CUDA_VISIBLE_DEVICES: [0]
[I 2023-11-29 23:30:51,802] Trial 30 finished with value: 286.8705139160156 and parameters: {'gradient_clip_val': 0.24920121576618187, 'hidden_size': 17, 'dropout': 0.3660564885543681, 'hidden_continuous_size': 12, 'attention_head_size': 2, 'learning_rate': 0.03024322450200651}. Best is trial 12 with value: 248.5668487548828.
LOCAL_RANK: 0 - CUDA_VISIBLE_DEVICES: [0]
[I 2023-11-29 23:31:03,753] Trial 31 finished with value: 301.6796569824219 and parameters: {'gradient_clip_val': 0.4266247130846562, 'hidden_size': 12, 'dropout': 0.3115548975555007, 'hidden_continuous_size': 10, 'attention_head_size': 1, 'learning_rate': 0.05245093178308101}. Best is trial 12 with value: 248.5668487548828.
LOCAL_RANK: 0 - CUDA_VISIBLE_DEVICES: [0]
[I 2023-11-29 23:31:16,148] Trial 32 finished with value: 277.81610107421875 and parameters: {'gradient_clip_val': 0.34517432191661906, 'hidden_size': 15, 'dropout': 0.3477606024565154, 'hidden_continuous_size': 11, 'attention_head_size': 1, 'learning_rate': 0.04933408313041839}. Best is trial 12 with value: 248.5668487548828.
LOCAL_RANK: 0 - CUDA_VISIBLE_DEVICES: [0]
[I 2023-11-29 23:31:29,279] Trial 33 finished with value: 374.9001770019531 and parameters: {'gradient_clip_val': 0.5551123922680861, 'hidden_size': 51, 'dropout': 0.3990708927157899, 'hidden_continuous_size': 18, 'attention_head_size': 1, 'learning_rate': 0.05692689985653922}. Best is trial 12 with value: 248.5668487548828.
LOCAL_RANK: 0 - CUDA_VISIBLE_DEVICES: [0]
[I 2023-11-29 23:31:41,725] Trial 34 finished with value: 270.204833984375 and parameters: {'gradient_clip_val': 0.398992413794711, 'hidden_size': 27, 'dropout': 0.3442136990962858, 'hidden_continuous_size': 13, 'attention_head_size': 1, 'learning_rate': 0.024317724968663922}. Best is trial 12 with value: 248.5668487548828.
LOCAL_RANK: 0 - CUDA_VISIBLE_DEVICES: [0]
[I 2023-11-29 23:31:54,705] Trial 35 finished with value: 274.2191467285156 and parameters: {'gradient_clip_val': 0.2435914006760225, 'hidden_size': 34, 'dropout': 0.3802971307309096, 'hidden_continuous_size': 16, 'attention_head_size': 2, 'learning_rate': 0.01631502115671842}. Best is trial 12 with value: 248.5668487548828.
LOCAL_RANK: 0 - CUDA_VISIBLE_DEVICES: [0]
[I 2023-11-29 23:32:06,953] Trial 36 finished with value: 329.1535949707031 and parameters: {'gradient_clip_val': 0.3040275649667563, 'hidden_size': 16, 'dropout': 0.36718151906463814, 'hidden_continuous_size': 11, 'attention_head_size': 1, 'learning_rate': 0.06975497871618368}. Best is trial 12 with value: 248.5668487548828.
LOCAL_RANK: 0 - CUDA_VISIBLE_DEVICES: [0]
[I 2023-11-29 23:32:19,156] Trial 37 finished with value: 330.3951416015625 and parameters: {'gradient_clip_val': 0.2120529955811895, 'hidden_size': 12, 'dropout': 0.3867387290273857, 'hidden_continuous_size': 10, 'attention_head_size': 2, 'learning_rate': 0.033317427395976686}. Best is trial 12 with value: 248.5668487548828.
LOCAL_RANK: 0 - CUDA_VISIBLE_DEVICES: [0]
[I 2023-11-29 23:32:31,460] Trial 38 finished with value: 273.8981018066406 and parameters: {'gradient_clip_val': 0.4252713608564479, 'hidden_size': 19, 'dropout': 0.3106357151232645, 'hidden_continuous_size': 12, 'attention_head_size': 1, 'learning_rate': 0.04160559528764806}. Best is trial 12 with value: 248.5668487548828.
LOCAL_RANK: 0 - CUDA_VISIBLE_DEVICES: [0]
[I 2023-11-29 23:32:43,708] Trial 39 finished with value: 365.6179504394531 and parameters: {'gradient_clip_val': 0.5518464128348062, 'hidden_size': 15, 'dropout': 0.34192850758556037, 'hidden_continuous_size': 11, 'attention_head_size': 2, 'learning_rate': 0.007208544241316656}. Best is trial 12 with value: 248.5668487548828.
LOCAL_RANK: 0 - CUDA_VISIBLE_DEVICES: [0]
[I 2023-11-29 23:32:56,163] Trial 40 finished with value: 279.3472900390625 and parameters: {'gradient_clip_val': 0.3602092442769411, 'hidden_size': 23, 'dropout': 0.3626112645610945, 'hidden_continuous_size': 12, 'attention_head_size': 1, 'learning_rate': 0.026978658732801385}. Best is trial 12 with value: 248.5668487548828.
LOCAL_RANK: 0 - CUDA_VISIBLE_DEVICES: [0]
[I 2023-11-29 23:33:08,614] Trial 41 finished with value: 284.2057189941406 and parameters: {'gradient_clip_val': 0.6955654297900228, 'hidden_size': 23, 'dropout': 0.3828582591451261, 'hidden_continuous_size': 13, 'attention_head_size': 3, 'learning_rate': 0.019470439083401115}. Best is trial 12 with value: 248.5668487548828.
LOCAL_RANK: 0 - CUDA_VISIBLE_DEVICES: [0]
[I 2023-11-29 23:33:21,310] Trial 42 finished with value: 263.4424743652344 and parameters: {'gradient_clip_val': 0.8572809016068891, 'hidden_size': 17, 'dropout': 0.37962247627018136, 'hidden_continuous_size': 12, 'attention_head_size': 3, 'learning_rate': 0.02148615455736576}. Best is trial 12 with value: 248.5668487548828.
LOCAL_RANK: 0 - CUDA_VISIBLE_DEVICES: [0]
[I 2023-11-29 23:33:33,789] Trial 43 finished with value: 255.48155212402344 and parameters: {'gradient_clip_val': 0.7420311451877265, 'hidden_size': 14, 'dropout': 0.3915825844443172, 'hidden_continuous_size': 11, 'attention_head_size': 4, 'learning_rate': 0.0646581046486172}. Best is trial 12 with value: 248.5668487548828.
LOCAL_RANK: 0 - CUDA_VISIBLE_DEVICES: [0]
[I 2023-11-29 23:33:46,207] Trial 44 finished with value: 271.6975402832031 and parameters: {'gradient_clip_val': 0.8415262902726739, 'hidden_size': 17, 'dropout': 0.39864367431442954, 'hidden_continuous_size': 12, 'attention_head_size': 4, 'learning_rate': 0.07966820633489867}. Best is trial 12 with value: 248.5668487548828.
LOCAL_RANK: 0 - CUDA_VISIBLE_DEVICES: [0]
[I 2023-11-29 23:33:58,750] Trial 45 finished with value: 367.8341369628906 and parameters: {'gradient_clip_val': 0.9940147242428221, 'hidden_size': 11, 'dropout': 0.3746655076236859, 'hidden_continuous_size': 10, 'attention_head_size': 4, 'learning_rate': 0.060657272759751434}. Best is trial 12 with value: 248.5668487548828.
LOCAL_RANK: 0 - CUDA_VISIBLE_DEVICES: [0]
[I 2023-11-29 23:34:11,242] Trial 46 finished with value: 320.4511413574219 and parameters: {'gradient_clip_val': 0.7468703901565187, 'hidden_size': 13, 'dropout': 0.3830246053265842, 'hidden_continuous_size': 11, 'attention_head_size': 4, 'learning_rate': 0.031037461658444003}. Best is trial 12 with value: 248.5668487548828.
LOCAL_RANK: 0 - CUDA_VISIBLE_DEVICES: [0]
[I 2023-11-29 23:34:23,584] Trial 47 finished with value: 360.3197937011719 and parameters: {'gradient_clip_val': 0.8754847129410271, 'hidden_size': 11, 'dropout': 0.38860128800290306, 'hidden_continuous_size': 10, 'attention_head_size': 3, 'learning_rate': 0.09555252127903748}. Best is trial 12 with value: 248.5668487548828.
LOCAL_RANK: 0 - CUDA_VISIBLE_DEVICES: [0]
[I 2023-11-29 23:34:36,088] Trial 48 finished with value: 290.6817932128906 and parameters: {'gradient_clip_val': 0.760730278060071, 'hidden_size': 21, 'dropout': 0.36714535454878905, 'hidden_continuous_size': 15, 'attention_head_size': 3, 'learning_rate': 0.06883358156009999}. Best is trial 12 with value: 248.5668487548828.
LOCAL_RANK: 0 - CUDA_VISIBLE_DEVICES: [0]
[I 2023-11-29 23:34:48,677] Trial 49 finished with value: 268.080078125 and parameters: {'gradient_clip_val': 0.6087651085168797, 'hidden_size': 18, 'dropout': 0.3350008764358386, 'hidden_continuous_size': 12, 'attention_head_size': 4, 'learning_rate': 0.03830350024492183}. Best is trial 12 with value: 248.5668487548828.
LOCAL_RANK: 0 - CUDA_VISIBLE_DEVICES: [0]
[I 2023-11-29 23:35:02,603] Trial 50 finished with value: 302.60076904296875 and parameters: {'gradient_clip_val': 0.896604860042526, 'hidden_size': 105, 'dropout': 0.35542887530712824, 'hidden_continuous_size': 17, 'attention_head_size': 3, 'learning_rate': 0.014951324164137825}. Best is trial 12 with value: 248.5668487548828.
LOCAL_RANK: 0 - CUDA_VISIBLE_DEVICES: [0]
[I 2023-11-29 23:35:15,138] Trial 51 finished with value: 273.3037414550781 and parameters: {'gradient_clip_val': 0.5983395727547741, 'hidden_size': 18, 'dropout': 0.3288857792646295, 'hidden_continuous_size': 12, 'attention_head_size': 4, 'learning_rate': 0.03890026843794285}. Best is trial 12 with value: 248.5668487548828.
LOCAL_RANK: 0 - CUDA_VISIBLE_DEVICES: [0]
[I 2023-11-29 23:35:27,859] Trial 52 finished with value: 257.1471862792969 and parameters: {'gradient_clip_val': 0.5971432989591915, 'hidden_size': 20, 'dropout': 0.3380339458653985, 'hidden_continuous_size': 15, 'attention_head_size': 4, 'learning_rate': 0.05626024427442058}. Best is trial 12 with value: 248.5668487548828.
LOCAL_RANK: 0 - CUDA_VISIBLE_DEVICES: [0]
[I 2023-11-29 23:35:40,454] Trial 53 finished with value: 297.51873779296875 and parameters: {'gradient_clip_val': 0.6801433507137674, 'hidden_size': 21, 'dropout': 0.3506057376799079, 'hidden_continuous_size': 15, 'attention_head_size': 4, 'learning_rate': 0.05163771920823236}. Best is trial 12 with value: 248.5668487548828.
LOCAL_RANK: 0 - CUDA_VISIBLE_DEVICES: [0]
[I 2023-11-29 23:35:52,865] Trial 54 finished with value: 293.2324523925781 and parameters: {'gradient_clip_val': 0.8110241285354713, 'hidden_size': 14, 'dropout': 0.39080119335671143, 'hidden_continuous_size': 11, 'attention_head_size': 4, 'learning_rate': 0.07970622886720842}. Best is trial 12 with value: 248.5668487548828.
LOCAL_RANK: 0 - CUDA_VISIBLE_DEVICES: [0]
[I 2023-11-29 23:36:05,736] Trial 55 finished with value: 287.6654052734375 and parameters: {'gradient_clip_val': 0.7045369966266993, 'hidden_size': 29, 'dropout': 0.36696995150711464, 'hidden_continuous_size': 19, 'attention_head_size': 4, 'learning_rate': 0.05930479457887291}. Best is trial 12 with value: 248.5668487548828.
LOCAL_RANK: 0 - CUDA_VISIBLE_DEVICES: [0]
[I 2023-11-29 23:36:18,532] Trial 56 finished with value: 271.8313293457031 and parameters: {'gradient_clip_val': 0.9257567048111693, 'hidden_size': 26, 'dropout': 0.33552241165927454, 'hidden_continuous_size': 20, 'attention_head_size': 3, 'learning_rate': 0.023399680872601056}. Best is trial 12 with value: 248.5668487548828.
LOCAL_RANK: 0 - CUDA_VISIBLE_DEVICES: [0]
[I 2023-11-29 23:36:31,693] Trial 57 finished with value: 307.6968994140625 and parameters: {'gradient_clip_val': 0.8461483877576568, 'hidden_size': 46, 'dropout': 0.35521205893907914, 'hidden_continuous_size': 14, 'attention_head_size': 2, 'learning_rate': 0.08164506964132047}. Best is trial 12 with value: 248.5668487548828.
LOCAL_RANK: 0 - CUDA_VISIBLE_DEVICES: [0]
[I 2023-11-29 23:36:45,501] Trial 58 finished with value: 329.302001953125 and parameters: {'gradient_clip_val': 0.5331919073655794, 'hidden_size': 65, 'dropout': 0.36849234019522886, 'hidden_continuous_size': 26, 'attention_head_size': 4, 'learning_rate': 0.09931894500636977}. Best is trial 12 with value: 248.5668487548828.
LOCAL_RANK: 0 - CUDA_VISIBLE_DEVICES: [0]
[I 2023-11-29 23:36:57,651] Trial 59 finished with value: 256.3510437011719 and parameters: {'gradient_clip_val': 0.4753078739546552, 'hidden_size': 16, 'dropout': 0.39306792442744243, 'hidden_continuous_size': 13, 'attention_head_size': 2, 'learning_rate': 0.045317173636773934}. Best is trial 12 with value: 248.5668487548828.
LOCAL_RANK: 0 - CUDA_VISIBLE_DEVICES: [0]
[I 2023-11-29 23:37:08,195] Trial 60 finished with value: 285.1589660644531 and parameters: {'gradient_clip_val': 0.4947111930486556, 'hidden_size': 10, 'dropout': 0.3900746170919188, 'hidden_continuous_size': 10, 'attention_head_size': 2, 'learning_rate': 0.0649627632240401}. Best is trial 12 with value: 248.5668487548828.
LOCAL_RANK: 0 - CUDA_VISIBLE_DEVICES: [0]
[I 2023-11-29 23:37:20,382] Trial 61 finished with value: 266.8108215332031 and parameters: {'gradient_clip_val': 0.6563155573945488, 'hidden_size': 16, 'dropout': 0.37362429431411626, 'hidden_continuous_size': 13, 'attention_head_size': 2, 'learning_rate': 0.04487567158211009}. Best is trial 12 with value: 248.5668487548828.
LOCAL_RANK: 0 - CUDA_VISIBLE_DEVICES: [0]
[I 2023-11-29 23:37:32,784] Trial 62 finished with value: 267.6911315917969 and parameters: {'gradient_clip_val': 0.5977829805555301, 'hidden_size': 19, 'dropout': 0.3930834083434529, 'hidden_continuous_size': 14, 'attention_head_size': 2, 'learning_rate': 0.053359783084434925}. Best is trial 12 with value: 248.5668487548828.
LOCAL_RANK: 0 - CUDA_VISIBLE_DEVICES: [0]
[I 2023-11-29 23:37:45,045] Trial 63 finished with value: 275.09552001953125 and parameters: {'gradient_clip_val': 0.4644523962521944, 'hidden_size': 14, 'dropout': 0.35767753445798417, 'hidden_continuous_size': 12, 'attention_head_size': 3, 'learning_rate': 0.03250731653751601}. Best is trial 12 with value: 248.5668487548828.
LOCAL_RANK: 0 - CUDA_VISIBLE_DEVICES: [0]
[I 2023-11-29 23:37:57,081] Trial 64 finished with value: 266.2937927246094 and parameters: {'gradient_clip_val': 0.7496516285312912, 'hidden_size': 16, 'dropout': 0.38469312918977666, 'hidden_continuous_size': 13, 'attention_head_size': 2, 'learning_rate': 0.07047548545456134}. Best is trial 12 with value: 248.5668487548828.
LOCAL_RANK: 0 - CUDA_VISIBLE_DEVICES: [0]
[I 2023-11-29 23:38:09,473] Trial 65 finished with value: 259.707763671875 and parameters: {'gradient_clip_val': 0.2867000051336303, 'hidden_size': 21, 'dropout': 0.37654909117368973, 'hidden_continuous_size': 15, 'attention_head_size': 2, 'learning_rate': 0.04600831478805307}. Best is trial 12 with value: 248.5668487548828.
LOCAL_RANK: 0 - CUDA_VISIBLE_DEVICES: [0]
[I 2023-11-29 23:38:22,070] Trial 66 finished with value: 308.9969787597656 and parameters: {'gradient_clip_val': 0.32518868748864815, 'hidden_size': 22, 'dropout': 0.39925914665188805, 'hidden_continuous_size': 16, 'attention_head_size': 2, 'learning_rate': 0.041742055677396195}. Best is trial 12 with value: 248.5668487548828.
LOCAL_RANK: 0 - CUDA_VISIBLE_DEVICES: [0]
[I 2023-11-29 23:38:35,032] Trial 67 finished with value: 340.55517578125 and parameters: {'gradient_clip_val': 0.2706261865021955, 'hidden_size': 39, 'dropout': 0.3425885230690813, 'hidden_continuous_size': 20, 'attention_head_size': 2, 'learning_rate': 0.04801355332505543}. Best is trial 12 with value: 248.5668487548828.
LOCAL_RANK: 0 - CUDA_VISIBLE_DEVICES: [0]
[I 2023-11-29 23:38:47,259] Trial 68 finished with value: 296.0041198730469 and parameters: {'gradient_clip_val': 0.2347267666572972, 'hidden_size': 24, 'dropout': 0.3737091466586369, 'hidden_continuous_size': 16, 'attention_head_size': 2, 'learning_rate': 0.028189585801330512}. Best is trial 12 with value: 248.5668487548828.
LOCAL_RANK: 0 - CUDA_VISIBLE_DEVICES: [0]
[I 2023-11-29 23:38:59,561] Trial 69 finished with value: 358.7149963378906 and parameters: {'gradient_clip_val': 0.285546067176581, 'hidden_size': 21, 'dropout': 0.3620257097542307, 'hidden_continuous_size': 15, 'attention_head_size': 2, 'learning_rate': 0.057514637013889945}. Best is trial 12 with value: 248.5668487548828.
LOCAL_RANK: 0 - CUDA_VISIBLE_DEVICES: [0]
[I 2023-11-29 23:39:12,303] Trial 70 finished with value: 265.4024963378906 and parameters: {'gradient_clip_val': 0.3428076192039779, 'hidden_size': 34, 'dropout': 0.3184013146285996, 'hidden_continuous_size': 14, 'attention_head_size': 2, 'learning_rate': 0.035670480769847406}. Best is trial 12 with value: 248.5668487548828.
LOCAL_RANK: 0 - CUDA_VISIBLE_DEVICES: [0]
[I 2023-11-29 23:39:24,762] Trial 71 finished with value: 308.1810607910156 and parameters: {'gradient_clip_val': 0.2995494393821385, 'hidden_size': 19, 'dropout': 0.37892170233640404, 'hidden_continuous_size': 14, 'attention_head_size': 2, 'learning_rate': 0.08442181004903025}. Best is trial 12 with value: 248.5668487548828.
LOCAL_RANK: 0 - CUDA_VISIBLE_DEVICES: [0]
[I 2023-11-29 23:39:37,290] Trial 72 finished with value: 308.9634094238281 and parameters: {'gradient_clip_val': 0.6336635317292942, 'hidden_size': 17, 'dropout': 0.35140192841890594, 'hidden_continuous_size': 13, 'attention_head_size': 3, 'learning_rate': 0.06442026960241796}. Best is trial 12 with value: 248.5668487548828.
LOCAL_RANK: 0 - CUDA_VISIBLE_DEVICES: [0]
[I 2023-11-29 23:39:49,717] Trial 73 finished with value: 304.929443359375 and parameters: {'gradient_clip_val': 0.5757335972722125, 'hidden_size': 13, 'dropout': 0.3912263360013909, 'hidden_continuous_size': 11, 'attention_head_size': 4, 'learning_rate': 0.04886612965534726}. Best is trial 12 with value: 248.5668487548828.
LOCAL_RANK: 0 - CUDA_VISIBLE_DEVICES: [0]
[I 2023-11-29 23:40:02,112] Trial 74 finished with value: 329.5085144042969 and parameters: {'gradient_clip_val': 0.26495428821128825, 'hidden_size': 25, 'dropout': 0.3764979394407499, 'hidden_continuous_size': 16, 'attention_head_size': 2, 'learning_rate': 0.07359288577943923}. Best is trial 12 with value: 248.5668487548828.
LOCAL_RANK: 0 - CUDA_VISIBLE_DEVICES: [0]
[I 2023-11-29 23:40:14,533] Trial 75 finished with value: 296.6852722167969 and parameters: {'gradient_clip_val': 0.5257164254069464, 'hidden_size': 15, 'dropout': 0.36175346560967075, 'hidden_continuous_size': 12, 'attention_head_size': 3, 'learning_rate': 0.05638305572413246}. Best is trial 12 with value: 248.5668487548828.
LOCAL_RANK: 0 - CUDA_VISIBLE_DEVICES: [0]
[I 2023-11-29 23:40:26,941] Trial 76 finished with value: 273.7269592285156 and parameters: {'gradient_clip_val': 0.22374334557414022, 'hidden_size': 20, 'dropout': 0.3442245547717913, 'hidden_continuous_size': 15, 'attention_head_size': 2, 'learning_rate': 0.044434470276002905}. Best is trial 12 with value: 248.5668487548828.
LOCAL_RANK: 0 - CUDA_VISIBLE_DEVICES: [0]
[I 2023-11-29 23:40:39,258] Trial 77 finished with value: 282.2936096191406 and parameters: {'gradient_clip_val': 0.7137167624331715, 'hidden_size': 16, 'dropout': 0.3827977446805806, 'hidden_continuous_size': 13, 'attention_head_size': 4, 'learning_rate': 0.03444947205874183}. Best is trial 12 with value: 248.5668487548828.
LOCAL_RANK: 0 - CUDA_VISIBLE_DEVICES: [0]
[I 2023-11-29 23:40:51,618] Trial 78 finished with value: 452.4090881347656 and parameters: {'gradient_clip_val': 0.6516927349587386, 'hidden_size': 11, 'dropout': 0.37082349562493905, 'hidden_continuous_size': 10, 'attention_head_size': 2, 'learning_rate': 0.022431833316840274}. Best is trial 12 with value: 248.5668487548828.
LOCAL_RANK: 0 - CUDA_VISIBLE_DEVICES: [0]
[I 2023-11-29 23:41:04,034] Trial 79 finished with value: 257.5050048828125 and parameters: {'gradient_clip_val': 0.8114909891706154, 'hidden_size': 14, 'dropout': 0.39542589436073383, 'hidden_continuous_size': 11, 'attention_head_size': 3, 'learning_rate': 0.08868855160317596}. Best is trial 12 with value: 248.5668487548828.
LOCAL_RANK: 0 - CUDA_VISIBLE_DEVICES: [0]
