[I 2023-11-30 00:32:47,109] Trial 11 finished with value: 0.19865505397319794 and parameters: {'gradient_clip_val': 0.17229267766775483, 'hidden_size': 150, 'dropout': 0.3835322800610613, 'hidden_continuous_size': 96, 'attention_head_size': 3, 'learning_rate': 0.02875414389056913}. Best is trial 5 with value: 0.0989944264292717.
LOCAL_RANK: 0 - CUDA_VISIBLE_DEVICES: [0]
[I 2023-11-30 00:33:00,301] Trial 12 finished with value: 0.1306876689195633 and parameters: {'gradient_clip_val': 0.13498024762461308, 'hidden_size': 45, 'dropout': 0.33100010130833, 'hidden_continuous_size': 23, 'attention_head_size': 3, 'learning_rate': 0.09088662012083196}. Best is trial 5 with value: 0.0989944264292717.
LOCAL_RANK: 0 - CUDA_VISIBLE_DEVICES: [0]
[I 2023-11-30 00:33:13,143] Trial 13 finished with value: 0.15324388444423676 and parameters: {'gradient_clip_val': 0.1522683810712743, 'hidden_size': 25, 'dropout': 0.3122504853556428, 'hidden_continuous_size': 17, 'attention_head_size': 3, 'learning_rate': 0.09544761734779754}. Best is trial 5 with value: 0.0989944264292717.
LOCAL_RANK: 0 - CUDA_VISIBLE_DEVICES: [0]
[I 2023-11-30 00:33:24,019] Trial 14 finished with value: 0.47877800464630127 and parameters: {'gradient_clip_val': 0.1557854900808606, 'hidden_size': 10, 'dropout': 0.30792992443369277, 'hidden_continuous_size': 10, 'attention_head_size': 2, 'learning_rate': 0.04742062804673287}. Best is trial 5 with value: 0.0989944264292717.
LOCAL_RANK: 0 - CUDA_VISIBLE_DEVICES: [0]
[I 2023-11-30 00:33:37,240] Trial 15 finished with value: 0.18194718658924103 and parameters: {'gradient_clip_val': 0.1059558153671125, 'hidden_size': 41, 'dropout': 0.23299587567106864, 'hidden_continuous_size': 23, 'attention_head_size': 3, 'learning_rate': 0.09661120750932675}. Best is trial 5 with value: 0.0989944264292717.
LOCAL_RANK: 0 - CUDA_VISIBLE_DEVICES: [0]
[I 2023-11-30 00:33:50,146] Trial 16 finished with value: 0.16570748388767242 and parameters: {'gradient_clip_val': 0.17736297737222081, 'hidden_size': 38, 'dropout': 0.3564349836867372, 'hidden_continuous_size': 22, 'attention_head_size': 2, 'learning_rate': 0.03939945849411684}. Best is trial 5 with value: 0.0989944264292717.
LOCAL_RANK: 0 - CUDA_VISIBLE_DEVICES: [0]
[I 2023-11-30 00:34:02,408] Trial 17 finished with value: 0.4289519488811493 and parameters: {'gradient_clip_val': 0.13157702622748219, 'hidden_size': 20, 'dropout': 0.2934687682274857, 'hidden_continuous_size': 12, 'attention_head_size': 3, 'learning_rate': 0.03230947716790478}. Best is trial 5 with value: 0.0989944264292717.
LOCAL_RANK: 0 - CUDA_VISIBLE_DEVICES: [0]
[I 2023-11-30 00:34:15,176] Trial 18 finished with value: 0.14814814925193787 and parameters: {'gradient_clip_val': 0.2123926888046593, 'hidden_size': 30, 'dropout': 0.34241490951061115, 'hidden_continuous_size': 17, 'attention_head_size': 1, 'learning_rate': 0.06396889124711574}. Best is trial 5 with value: 0.0989944264292717.
LOCAL_RANK: 0 - CUDA_VISIBLE_DEVICES: [0]
[I 2023-11-30 00:34:28,317] Trial 19 finished with value: 0.2586255371570587 and parameters: {'gradient_clip_val': 0.13005962293270826, 'hidden_size': 46, 'dropout': 0.3587151403345265, 'hidden_continuous_size': 25, 'attention_head_size': 2, 'learning_rate': 0.03337043300670301}. Best is trial 5 with value: 0.0989944264292717.
LOCAL_RANK: 0 - CUDA_VISIBLE_DEVICES: [0]
[I 2023-11-30 00:34:40,923] Trial 20 finished with value: 0.24710853397846222 and parameters: {'gradient_clip_val': 0.13461120426315673, 'hidden_size': 25, 'dropout': 0.3253762272495541, 'hidden_continuous_size': 15, 'attention_head_size': 3, 'learning_rate': 0.06703180263289152}. Best is trial 5 with value: 0.0989944264292717.
LOCAL_RANK: 0 - CUDA_VISIBLE_DEVICES: [0]
[I 2023-11-30 00:34:54,258] Trial 21 finished with value: 0.20510895550251007 and parameters: {'gradient_clip_val': 0.3117449860403024, 'hidden_size': 52, 'dropout': 0.373535726140884, 'hidden_continuous_size': 29, 'attention_head_size': 4, 'learning_rate': 0.02038862756794411}. Best is trial 5 with value: 0.0989944264292717.
LOCAL_RANK: 0 - CUDA_VISIBLE_DEVICES: [0]
[I 2023-11-30 00:35:08,199] Trial 22 finished with value: 0.18825514614582062 and parameters: {'gradient_clip_val': 0.1780448931723657, 'hidden_size': 88, 'dropout': 0.39634492656343573, 'hidden_continuous_size': 36, 'attention_head_size': 3, 'learning_rate': 0.017029562084477427}. Best is trial 5 with value: 0.0989944264292717.
LOCAL_RANK: 0 - CUDA_VISIBLE_DEVICES: [0]
[I 2023-11-30 00:35:21,372] Trial 23 finished with value: 0.18309076130390167 and parameters: {'gradient_clip_val': 0.3065266637331911, 'hidden_size': 33, 'dropout': 0.3674282353049611, 'hidden_continuous_size': 21, 'attention_head_size': 4, 'learning_rate': 0.04055193966250126}. Best is trial 5 with value: 0.0989944264292717.
LOCAL_RANK: 0 - CUDA_VISIBLE_DEVICES: [0]
[I 2023-11-30 00:35:34,825] Trial 24 finished with value: 0.20446954667568207 and parameters: {'gradient_clip_val': 0.1974887817535262, 'hidden_size': 53, 'dropout': 0.334092621190932, 'hidden_continuous_size': 29, 'attention_head_size': 3, 'learning_rate': 0.06463612819568348}. Best is trial 5 with value: 0.0989944264292717.
LOCAL_RANK: 0 - CUDA_VISIBLE_DEVICES: [0]
[I 2023-11-30 00:35:47,771] Trial 25 finished with value: 0.47186079621315 and parameters: {'gradient_clip_val': 0.10057484119423299, 'hidden_size': 34, 'dropout': 0.35534982381817837, 'hidden_continuous_size': 20, 'attention_head_size': 2, 'learning_rate': 0.026246306700857872}. Best is trial 5 with value: 0.0989944264292717.
LOCAL_RANK: 0 - CUDA_VISIBLE_DEVICES: [0]
[I 2023-11-30 00:36:01,595] Trial 26 finished with value: 0.23857586085796356 and parameters: {'gradient_clip_val': 0.2649564456602392, 'hidden_size': 76, 'dropout': 0.3702262895827771, 'hidden_continuous_size': 36, 'attention_head_size': 4, 'learning_rate': 0.07846540218411747}. Best is trial 5 with value: 0.0989944264292717.
LOCAL_RANK: 0 - CUDA_VISIBLE_DEVICES: [0]
[I 2023-11-30 00:36:14,565] Trial 27 finished with value: 0.1533461958169937 and parameters: {'gradient_clip_val': 0.13421082945044077, 'hidden_size': 41, 'dropout': 0.3025599272539454, 'hidden_continuous_size': 23, 'attention_head_size': 1, 'learning_rate': 0.04911817800498624}. Best is trial 5 with value: 0.0989944264292717.
LOCAL_RANK: 0 - CUDA_VISIBLE_DEVICES: [0]
[I 2023-11-30 00:36:29,108] Trial 28 finished with value: 0.1928195208311081 and parameters: {'gradient_clip_val': 0.16025984234497515, 'hidden_size': 123, 'dropout': 0.38335556876185156, 'hidden_continuous_size': 44, 'attention_head_size': 3, 'learning_rate': 0.07867092416528029}. Best is trial 5 with value: 0.0989944264292717.
LOCAL_RANK: 0 - CUDA_VISIBLE_DEVICES: [0]
[I 2023-11-30 00:36:42,181] Trial 29 finished with value: 0.22634752094745636 and parameters: {'gradient_clip_val': 0.19203165736092634, 'hidden_size': 49, 'dropout': 0.3251115801400325, 'hidden_continuous_size': 25, 'attention_head_size': 1, 'learning_rate': 0.022492909445616098}. Best is trial 5 with value: 0.0989944264292717.
LOCAL_RANK: 0 - CUDA_VISIBLE_DEVICES: [0]
[I 2023-11-30 00:36:56,576] Trial 30 finished with value: 0.22507347166538239 and parameters: {'gradient_clip_val': 0.22062192359945096, 'hidden_size': 102, 'dropout': 0.3982758461965108, 'hidden_continuous_size': 36, 'attention_head_size': 4, 'learning_rate': 0.03614770619674277}. Best is trial 5 with value: 0.0989944264292717.
LOCAL_RANK: 0 - CUDA_VISIBLE_DEVICES: [0]
[I 2023-11-30 00:37:09,009] Trial 31 finished with value: 0.11944875121116638 and parameters: {'gradient_clip_val': 0.11991339872395101, 'hidden_size': 28, 'dropout': 0.34118374829919, 'hidden_continuous_size': 19, 'attention_head_size': 1, 'learning_rate': 0.08844248726830782}. Best is trial 5 with value: 0.0989944264292717.
LOCAL_RANK: 0 - CUDA_VISIBLE_DEVICES: [0]
[I 2023-11-30 00:37:21,324] Trial 32 finished with value: 0.25399327278137207 and parameters: {'gradient_clip_val': 0.11469570103932816, 'hidden_size': 28, 'dropout': 0.3462127937854223, 'hidden_continuous_size': 18, 'attention_head_size': 1, 'learning_rate': 0.047329099346088394}. Best is trial 5 with value: 0.0989944264292717.
LOCAL_RANK: 0 - CUDA_VISIBLE_DEVICES: [0]
[I 2023-11-30 00:37:35,017] Trial 33 finished with value: 0.13863269984722137 and parameters: {'gradient_clip_val': 0.14808828012708744, 'hidden_size': 68, 'dropout': 0.3426763478604501, 'hidden_continuous_size': 21, 'attention_head_size': 1, 'learning_rate': 0.07355886906463481}. Best is trial 5 with value: 0.0989944264292717.
LOCAL_RANK: 0 - CUDA_VISIBLE_DEVICES: [0]
[I 2023-11-30 00:37:47,984] Trial 34 finished with value: 0.16089211404323578 and parameters: {'gradient_clip_val': 0.12182884565183488, 'hidden_size': 37, 'dropout': 0.2874976999715809, 'hidden_continuous_size': 20, 'attention_head_size': 2, 'learning_rate': 0.052433919179096844}. Best is trial 5 with value: 0.0989944264292717.
LOCAL_RANK: 0 - CUDA_VISIBLE_DEVICES: [0]
[I 2023-11-30 00:38:01,348] Trial 35 finished with value: 0.16604381799697876 and parameters: {'gradient_clip_val': 0.1008543610675354, 'hidden_size': 57, 'dropout': 0.31319986996170307, 'hidden_continuous_size': 25, 'attention_head_size': 1, 'learning_rate': 0.09580113048957546}. Best is trial 5 with value: 0.0989944264292717.
LOCAL_RANK: 0 - CUDA_VISIBLE_DEVICES: [0]
[I 2023-11-30 00:38:15,154] Trial 36 finished with value: 0.1750389188528061 and parameters: {'gradient_clip_val': 0.14915878581127365, 'hidden_size': 73, 'dropout': 0.2753139165313323, 'hidden_continuous_size': 28, 'attention_head_size': 2, 'learning_rate': 0.060285907385238924}. Best is trial 5 with value: 0.0989944264292717.
LOCAL_RANK: 0 - CUDA_VISIBLE_DEVICES: [0]
[I 2023-11-30 00:38:28,565] Trial 37 finished with value: 0.1471053510904312 and parameters: {'gradient_clip_val': 0.41134688688219767, 'hidden_size': 62, 'dropout': 0.35716746975047525, 'hidden_continuous_size': 23, 'attention_head_size': 1, 'learning_rate': 0.025375660114406035}. Best is trial 5 with value: 0.0989944264292717.
LOCAL_RANK: 0 - CUDA_VISIBLE_DEVICES: [0]
[I 2023-11-30 00:38:42,027] Trial 38 finished with value: 0.36937621235847473 and parameters: {'gradient_clip_val': 0.2585568704855064, 'hidden_size': 47, 'dropout': 0.3368833420153715, 'hidden_continuous_size': 27, 'attention_head_size': 4, 'learning_rate': 0.010696822803108389}. Best is trial 5 with value: 0.0989944264292717.
LOCAL_RANK: 0 - CUDA_VISIBLE_DEVICES: [0]
[I 2023-11-30 00:38:54,742] Trial 39 finished with value: 0.7737192511558533 and parameters: {'gradient_clip_val': 0.11806666383426172, 'hidden_size': 22, 'dropout': 0.25952878346730734, 'hidden_continuous_size': 16, 'attention_head_size': 2, 'learning_rate': 0.014116958581053704}. Best is trial 5 with value: 0.0989944264292717.
LOCAL_RANK: 0 - CUDA_VISIBLE_DEVICES: [0]
[I 2023-11-30 00:39:07,061] Trial 40 finished with value: 0.24009723961353302 and parameters: {'gradient_clip_val': 0.2014556988367018, 'hidden_size': 17, 'dropout': 0.32247389978303403, 'hidden_continuous_size': 13, 'attention_head_size': 1, 'learning_rate': 0.07634715153201009}. Best is trial 5 with value: 0.0989944264292717.
LOCAL_RANK: 0 - CUDA_VISIBLE_DEVICES: [0]
[I 2023-11-30 00:39:19,929] Trial 41 finished with value: 0.11954014748334885 and parameters: {'gradient_clip_val': 0.11372772413012001, 'hidden_size': 31, 'dropout': 0.33255394109246567, 'hidden_continuous_size': 18, 'attention_head_size': 1, 'learning_rate': 0.09395216348479798}. Best is trial 5 with value: 0.0989944264292717.
LOCAL_RANK: 0 - CUDA_VISIBLE_DEVICES: [0]
[I 2023-11-30 00:39:32,736] Trial 42 finished with value: 0.15506084263324738 and parameters: {'gradient_clip_val': 0.14083959789861472, 'hidden_size': 34, 'dropout': 0.3479414238369803, 'hidden_continuous_size': 18, 'attention_head_size': 1, 'learning_rate': 0.05623510530181247}. Best is trial 5 with value: 0.0989944264292717.
LOCAL_RANK: 0 - CUDA_VISIBLE_DEVICES: [0]
[I 2023-11-30 00:39:45,830] Trial 43 finished with value: 0.15724597871303558 and parameters: {'gradient_clip_val': 0.11278327454918731, 'hidden_size': 43, 'dropout': 0.3766270197960108, 'hidden_continuous_size': 19, 'attention_head_size': 1, 'learning_rate': 0.08262406959804339}. Best is trial 5 with value: 0.0989944264292717.
LOCAL_RANK: 0 - CUDA_VISIBLE_DEVICES: [0]
[I 2023-11-30 00:39:58,602] Trial 44 finished with value: 0.21807678043842316 and parameters: {'gradient_clip_val': 0.16166253255600427, 'hidden_size': 31, 'dropout': 0.3165660236198048, 'hidden_continuous_size': 20, 'attention_head_size': 1, 'learning_rate': 0.09774570407638504}. Best is trial 5 with value: 0.0989944264292717.
LOCAL_RANK: 0 - CUDA_VISIBLE_DEVICES: [0]
[I 2023-11-30 00:40:11,293] Trial 45 finished with value: 0.20135347545146942 and parameters: {'gradient_clip_val': 0.12188861335159845, 'hidden_size': 27, 'dropout': 0.3001458269253701, 'hidden_continuous_size': 18, 'attention_head_size': 1, 'learning_rate': 0.04340019659208474}. Best is trial 5 with value: 0.0989944264292717.
LOCAL_RANK: 0 - CUDA_VISIBLE_DEVICES: [0]
[I 2023-11-30 00:40:24,262] Trial 46 finished with value: 0.17028605937957764 and parameters: {'gradient_clip_val': 0.10642570585822027, 'hidden_size': 37, 'dropout': 0.3309088176958996, 'hidden_continuous_size': 22, 'attention_head_size': 2, 'learning_rate': 0.057194051803124424}. Best is trial 5 with value: 0.0989944264292717.
LOCAL_RANK: 0 - CUDA_VISIBLE_DEVICES: [0]
[I 2023-11-30 00:40:36,685] Trial 47 finished with value: 1.732516884803772 and parameters: {'gradient_clip_val': 0.14472679325652182, 'hidden_size': 24, 'dropout': 0.38178146939281515, 'hidden_continuous_size': 19, 'attention_head_size': 3, 'learning_rate': 0.006905683478234757}. Best is trial 5 with value: 0.0989944264292717.
LOCAL_RANK: 0 - CUDA_VISIBLE_DEVICES: [0]
[I 2023-11-30 00:40:49,465] Trial 48 finished with value: 0.12653346359729767 and parameters: {'gradient_clip_val': 0.12828440113935047, 'hidden_size': 31, 'dropout': 0.36440084172689324, 'hidden_continuous_size': 16, 'attention_head_size': 2, 'learning_rate': 0.0820293012534966}. Best is trial 5 with value: 0.0989944264292717.
LOCAL_RANK: 0 - CUDA_VISIBLE_DEVICES: [0]
[I 2023-11-30 00:41:02,204] Trial 49 finished with value: 0.14745181798934937 and parameters: {'gradient_clip_val': 0.12963271784765243, 'hidden_size': 30, 'dropout': 0.36462669327907127, 'hidden_continuous_size': 16, 'attention_head_size': 1, 'learning_rate': 0.08285976619027981}. Best is trial 5 with value: 0.0989944264292717.
LOCAL_RANK: 0 - CUDA_VISIBLE_DEVICES: [0]
[I 2023-11-30 00:41:15,346] Trial 50 finished with value: 0.17383569478988647 and parameters: {'gradient_clip_val': 0.16673122500629575, 'hidden_size': 41, 'dropout': 0.3116675393101921, 'hidden_continuous_size': 17, 'attention_head_size': 2, 'learning_rate': 0.06065319814033933}. Best is trial 5 with value: 0.0989944264292717.
LOCAL_RANK: 0 - CUDA_VISIBLE_DEVICES: [0]
[I 2023-11-30 00:41:27,785] Trial 51 finished with value: 0.23512928187847137 and parameters: {'gradient_clip_val': 0.10967933022214581, 'hidden_size': 28, 'dropout': 0.3510562160930687, 'hidden_continuous_size': 15, 'attention_head_size': 2, 'learning_rate': 0.09989520031239474}. Best is trial 5 with value: 0.0989944264292717.
LOCAL_RANK: 0 - CUDA_VISIBLE_DEVICES: [0]
[I 2023-11-30 00:41:40,324] Trial 52 finished with value: 0.1739698052406311 and parameters: {'gradient_clip_val': 0.17767705664760167, 'hidden_size': 23, 'dropout': 0.33491163209764313, 'hidden_continuous_size': 16, 'attention_head_size': 1, 'learning_rate': 0.0701215638297883}. Best is trial 5 with value: 0.0989944264292717.
LOCAL_RANK: 0 - CUDA_VISIBLE_DEVICES: [0]
[I 2023-11-30 00:41:53,159] Trial 53 finished with value: 0.20824034512043 and parameters: {'gradient_clip_val': 0.12344651921993552, 'hidden_size': 26, 'dropout': 0.38773661140632537, 'hidden_continuous_size': 17, 'attention_head_size': 3, 'learning_rate': 0.04533863489755683}. Best is trial 5 with value: 0.0989944264292717.
LOCAL_RANK: 0 - CUDA_VISIBLE_DEVICES: [0]
[I 2023-11-30 00:42:06,012] Trial 54 finished with value: 0.20864491164684296 and parameters: {'gradient_clip_val': 0.1377514288754814, 'hidden_size': 31, 'dropout': 0.36980257709110853, 'hidden_continuous_size': 21, 'attention_head_size': 1, 'learning_rate': 0.033460670412464755}. Best is trial 5 with value: 0.0989944264292717.
LOCAL_RANK: 0 - CUDA_VISIBLE_DEVICES: [0]
[I 2023-11-30 00:42:18,539] Trial 55 finished with value: 0.3037243187427521 and parameters: {'gradient_clip_val': 0.11037026366876485, 'hidden_size': 20, 'dropout': 0.3572528320927951, 'hidden_continuous_size': 14, 'attention_head_size': 4, 'learning_rate': 0.08192305953735095}. Best is trial 5 with value: 0.0989944264292717.
LOCAL_RANK: 0 - CUDA_VISIBLE_DEVICES: [0]
[I 2023-11-30 00:42:31,487] Trial 56 finished with value: 0.22253410518169403 and parameters: {'gradient_clip_val': 0.1445489589342193, 'hidden_size': 35, 'dropout': 0.34308808876937313, 'hidden_continuous_size': 24, 'attention_head_size': 2, 'learning_rate': 0.03888156311735185}. Best is trial 5 with value: 0.0989944264292717.
LOCAL_RANK: 0 - CUDA_VISIBLE_DEVICES: [0]
[I 2023-11-30 00:42:43,982] Trial 57 finished with value: 0.22938978672027588 and parameters: {'gradient_clip_val': 0.12757637977110792, 'hidden_size': 23, 'dropout': 0.32298168553631, 'hidden_continuous_size': 18, 'attention_head_size': 3, 'learning_rate': 0.06496607598328821}. Best is trial 5 with value: 0.0989944264292717.
LOCAL_RANK: 0 - CUDA_VISIBLE_DEVICES: [0]
[I 2023-11-30 00:42:57,286] Trial 58 finished with value: 0.36493849754333496 and parameters: {'gradient_clip_val': 0.2378179065169152, 'hidden_size': 44, 'dropout': 0.3904352786210283, 'hidden_continuous_size': 24, 'attention_head_size': 2, 'learning_rate': 0.05544148633176692}. Best is trial 5 with value: 0.0989944264292717.
LOCAL_RANK: 0 - CUDA_VISIBLE_DEVICES: [0]
[I 2023-11-30 00:43:10,022] Trial 59 finished with value: 0.15900318324565887 and parameters: {'gradient_clip_val': 0.181992264983917, 'hidden_size': 25, 'dropout': 0.37449954057622153, 'hidden_continuous_size': 19, 'attention_head_size': 4, 'learning_rate': 0.08706364976771691}. Best is trial 5 with value: 0.0989944264292717.
LOCAL_RANK: 0 - CUDA_VISIBLE_DEVICES: [0]
[I 2023-11-30 00:43:22,638] Trial 60 finished with value: 0.14399749040603638 and parameters: {'gradient_clip_val': 0.15586737867238273, 'hidden_size': 31, 'dropout': 0.3624389648938471, 'hidden_continuous_size': 20, 'attention_head_size': 1, 'learning_rate': 0.06785030446261699}. Best is trial 5 with value: 0.0989944264292717.
LOCAL_RANK: 0 - CUDA_VISIBLE_DEVICES: [0]
[I 2023-11-30 00:43:35,030] Trial 61 finished with value: 0.15979741513729095 and parameters: {'gradient_clip_val': 0.11615414856486977, 'hidden_size': 28, 'dropout': 0.33302617113774347, 'hidden_continuous_size': 22, 'attention_head_size': 1, 'learning_rate': 0.09841148395813698}. Best is trial 5 with value: 0.0989944264292717.
LOCAL_RANK: 0 - CUDA_VISIBLE_DEVICES: [0]
[I 2023-11-30 00:43:47,847] Trial 62 finished with value: 0.1347244530916214 and parameters: {'gradient_clip_val': 0.10312689987958651, 'hidden_size': 37, 'dropout': 0.34891057009691273, 'hidden_continuous_size': 21, 'attention_head_size': 1, 'learning_rate': 0.0727768195443235}. Best is trial 5 with value: 0.0989944264292717.
LOCAL_RANK: 0 - CUDA_VISIBLE_DEVICES: [0]
[I 2023-11-30 00:44:00,887] Trial 63 finished with value: 0.1456223875284195 and parameters: {'gradient_clip_val': 0.12926694188458066, 'hidden_size': 33, 'dropout': 0.30557858159402224, 'hidden_continuous_size': 19, 'attention_head_size': 1, 'learning_rate': 0.08601369507059656}. Best is trial 5 with value: 0.0989944264292717.
LOCAL_RANK: 0 - CUDA_VISIBLE_DEVICES: [0]
[I 2023-11-30 00:44:14,049] Trial 64 finished with value: 0.1873508244752884 and parameters: {'gradient_clip_val': 0.11777100264154598, 'hidden_size': 41, 'dropout': 0.32214073579399044, 'hidden_continuous_size': 26, 'attention_head_size': 3, 'learning_rate': 0.051831265531138156}. Best is trial 5 with value: 0.0989944264292717.
LOCAL_RANK: 0 - CUDA_VISIBLE_DEVICES: [0]
[I 2023-11-30 00:44:26,411] Trial 65 finished with value: 0.2687441110610962 and parameters: {'gradient_clip_val': 0.13871838036635734, 'hidden_size': 20, 'dropout': 0.36413721430039625, 'hidden_continuous_size': 17, 'attention_head_size': 1, 'learning_rate': 0.0704644083980924}. Best is trial 5 with value: 0.0989944264292717.
LOCAL_RANK: 0 - CUDA_VISIBLE_DEVICES: [0]
[I 2023-11-30 00:44:39,880] Trial 66 finished with value: 0.1021994948387146 and parameters: {'gradient_clip_val': 0.16536775375158716, 'hidden_size': 54, 'dropout': 0.33753486494574225, 'hidden_continuous_size': 33, 'attention_head_size': 1, 'learning_rate': 0.0840481003309925}. Best is trial 5 with value: 0.0989944264292717.
LOCAL_RANK: 0 - CUDA_VISIBLE_DEVICES: [0]
[I 2023-11-30 00:44:53,201] Trial 67 finished with value: 0.22967343032360077 and parameters: {'gradient_clip_val': 0.16492816733225962, 'hidden_size': 47, 'dropout': 0.37930119133763174, 'hidden_continuous_size': 33, 'attention_head_size': 1, 'learning_rate': 0.02929792137167475}. Best is trial 5 with value: 0.0989944264292717.
LOCAL_RANK: 0 - CUDA_VISIBLE_DEVICES: [0]
[I 2023-11-30 00:45:06,814] Trial 68 finished with value: 0.14260226488113403 and parameters: {'gradient_clip_val': 0.15599697715899968, 'hidden_size': 57, 'dropout': 0.35170348130298296, 'hidden_continuous_size': 30, 'attention_head_size': 1, 'learning_rate': 0.08692798407867335}. Best is trial 5 with value: 0.0989944264292717.
LOCAL_RANK: 0 - CUDA_VISIBLE_DEVICES: [0]
[I 2023-11-30 00:45:20,423] Trial 69 finished with value: 0.1448201686143875 and parameters: {'gradient_clip_val': 0.1486771083031117, 'hidden_size': 51, 'dropout': 0.33940432650657254, 'hidden_continuous_size': 34, 'attention_head_size': 2, 'learning_rate': 0.04945280748321602}. Best is trial 5 with value: 0.0989944264292717.
LOCAL_RANK: 0 - CUDA_VISIBLE_DEVICES: [0]
