[I 2023-11-29 21:48:34,636] Trial 10 finished with value: 0.14962036907672882 and parameters: {'gradient_clip_val': 0.9820876740672204, 'hidden_size': 136, 'dropout': 0.29053989561591514, 'hidden_continuous_size': 112, 'attention_head_size': 1, 'learning_rate': 0.005259338940674385}. Best is trial 3 with value: 0.14304079115390778.
LOCAL_RANK: 0 - CUDA_VISIBLE_DEVICES: [0]
[I 2023-11-29 21:48:49,495] Trial 11 finished with value: 0.17692752182483673 and parameters: {'gradient_clip_val': 0.9369030851607237, 'hidden_size': 143, 'dropout': 0.29177065704665095, 'hidden_continuous_size': 119, 'attention_head_size': 1, 'learning_rate': 0.0056160661017283535}. Best is trial 3 with value: 0.14304079115390778.
LOCAL_RANK: 0 - CUDA_VISIBLE_DEVICES: [0]
[I 2023-11-29 21:49:04,153] Trial 12 finished with value: 0.1308663934469223 and parameters: {'gradient_clip_val': 0.9695744179795717, 'hidden_size': 135, 'dropout': 0.29236363827008344, 'hidden_continuous_size': 108, 'attention_head_size': 1, 'learning_rate': 0.005129811096324619}. Best is trial 12 with value: 0.1308663934469223.
LOCAL_RANK: 0 - CUDA_VISIBLE_DEVICES: [0]
[I 2023-11-29 21:49:18,552] Trial 13 finished with value: 0.3009524941444397 and parameters: {'gradient_clip_val': 0.6744113169261459, 'hidden_size': 136, 'dropout': 0.3248944517163271, 'hidden_continuous_size': 81, 'attention_head_size': 2, 'learning_rate': 0.005472238254822989}. Best is trial 12 with value: 0.1308663934469223.
LOCAL_RANK: 0 - CUDA_VISIBLE_DEVICES: [0]
[I 2023-11-29 21:49:32,891] Trial 14 finished with value: 0.13329124450683594 and parameters: {'gradient_clip_val': 0.3360143434258118, 'hidden_size': 99, 'dropout': 0.25156623812839213, 'hidden_continuous_size': 59, 'attention_head_size': 1, 'learning_rate': 0.011283062185598243}. Best is trial 12 with value: 0.1308663934469223.
LOCAL_RANK: 0 - CUDA_VISIBLE_DEVICES: [0]
[I 2023-11-29 21:49:46,852] Trial 15 finished with value: 0.38090717792510986 and parameters: {'gradient_clip_val': 0.22787450025396663, 'hidden_size': 100, 'dropout': 0.26436030537058697, 'hidden_continuous_size': 43, 'attention_head_size': 1, 'learning_rate': 0.014639102746376392}. Best is trial 12 with value: 0.1308663934469223.
LOCAL_RANK: 0 - CUDA_VISIBLE_DEVICES: [0]
[I 2023-11-29 21:50:00,260] Trial 16 finished with value: 0.11372438073158264 and parameters: {'gradient_clip_val': 0.3118457771029173, 'hidden_size': 56, 'dropout': 0.33779209682751643, 'hidden_continuous_size': 34, 'attention_head_size': 1, 'learning_rate': 0.025316400912645965}. Best is trial 16 with value: 0.11372438073158264.
LOCAL_RANK: 0 - CUDA_VISIBLE_DEVICES: [0]
[I 2023-11-29 21:50:13,941] Trial 17 finished with value: 0.1041472852230072 and parameters: {'gradient_clip_val': 0.25414705215195954, 'hidden_size': 51, 'dropout': 0.3424739153575948, 'hidden_continuous_size': 31, 'attention_head_size': 4, 'learning_rate': 0.09921373043228209}. Best is trial 17 with value: 0.1041472852230072.
LOCAL_RANK: 0 - CUDA_VISIBLE_DEVICES: [0]
[I 2023-11-29 21:50:27,358] Trial 18 finished with value: 0.09262282401323318 and parameters: {'gradient_clip_val': 0.22086719598926333, 'hidden_size': 51, 'dropout': 0.35520162721495857, 'hidden_continuous_size': 31, 'attention_head_size': 4, 'learning_rate': 0.08697320276757939}. Best is trial 18 with value: 0.09262282401323318.
LOCAL_RANK: 0 - CUDA_VISIBLE_DEVICES: [0]
[I 2023-11-29 21:50:40,279] Trial 19 finished with value: 0.1061345636844635 and parameters: {'gradient_clip_val': 0.1872222689576092, 'hidden_size': 27, 'dropout': 0.3565470937656095, 'hidden_continuous_size': 19, 'attention_head_size': 4, 'learning_rate': 0.09738985809663644}. Best is trial 18 with value: 0.09262282401323318.
LOCAL_RANK: 0 - CUDA_VISIBLE_DEVICES: [0]
[I 2023-11-29 21:50:53,307] Trial 20 finished with value: 0.2069118469953537 and parameters: {'gradient_clip_val': 0.10029170391805889, 'hidden_size': 30, 'dropout': 0.32543167669001327, 'hidden_continuous_size': 22, 'attention_head_size': 4, 'learning_rate': 0.09619444311015156}. Best is trial 18 with value: 0.09262282401323318.
LOCAL_RANK: 0 - CUDA_VISIBLE_DEVICES: [0]
[I 2023-11-29 21:51:05,940] Trial 21 finished with value: 0.11776117235422134 and parameters: {'gradient_clip_val': 0.20841608179603255, 'hidden_size': 32, 'dropout': 0.36270290017423573, 'hidden_continuous_size': 17, 'attention_head_size': 4, 'learning_rate': 0.09199236669819927}. Best is trial 18 with value: 0.09262282401323318.
LOCAL_RANK: 0 - CUDA_VISIBLE_DEVICES: [0]
[I 2023-11-29 21:51:18,572] Trial 22 finished with value: 0.1961769461631775 and parameters: {'gradient_clip_val': 0.20327205870659212, 'hidden_size': 25, 'dropout': 0.3648759314060268, 'hidden_continuous_size': 15, 'attention_head_size': 4, 'learning_rate': 0.06212132813041592}. Best is trial 18 with value: 0.09262282401323318.
LOCAL_RANK: 0 - CUDA_VISIBLE_DEVICES: [0]
[I 2023-11-29 21:51:32,141] Trial 23 finished with value: 0.13580453395843506 and parameters: {'gradient_clip_val': 0.2502512748582544, 'hidden_size': 50, 'dropout': 0.3470768388694561, 'hidden_continuous_size': 29, 'attention_head_size': 4, 'learning_rate': 0.04984961403359134}. Best is trial 18 with value: 0.09262282401323318.
LOCAL_RANK: 0 - CUDA_VISIBLE_DEVICES: [0]
[I 2023-11-29 21:51:44,939] Trial 24 finished with value: 0.14317692816257477 and parameters: {'gradient_clip_val': 0.17641229770415925, 'hidden_size': 22, 'dropout': 0.39752768979828, 'hidden_continuous_size': 12, 'attention_head_size': 4, 'learning_rate': 0.09956690872923392}. Best is trial 18 with value: 0.09262282401323318.
LOCAL_RANK: 0 - CUDA_VISIBLE_DEVICES: [0]
[I 2023-11-29 21:51:58,284] Trial 25 finished with value: 0.13501904904842377 and parameters: {'gradient_clip_val': 0.2658585937502832, 'hidden_size': 46, 'dropout': 0.3215359944169382, 'hidden_continuous_size': 25, 'attention_head_size': 4, 'learning_rate': 0.03713246219953687}. Best is trial 18 with value: 0.09262282401323318.
LOCAL_RANK: 0 - CUDA_VISIBLE_DEVICES: [0]
[I 2023-11-29 21:52:11,746] Trial 26 finished with value: 0.20068295300006866 and parameters: {'gradient_clip_val': 0.18983620027764578, 'hidden_size': 56, 'dropout': 0.38123246198800237, 'hidden_continuous_size': 32, 'attention_head_size': 4, 'learning_rate': 0.06679599516181473}. Best is trial 18 with value: 0.09262282401323318.
LOCAL_RANK: 0 - CUDA_VISIBLE_DEVICES: [0]
[I 2023-11-29 21:52:24,773] Trial 27 finished with value: 0.1936618536710739 and parameters: {'gradient_clip_val': 0.16678164159695025, 'hidden_size': 34, 'dropout': 0.37083081791874883, 'hidden_continuous_size': 21, 'attention_head_size': 3, 'learning_rate': 0.07190901310363343}. Best is trial 18 with value: 0.09262282401323318.
LOCAL_RANK: 0 - CUDA_VISIBLE_DEVICES: [0]
[I 2023-11-29 21:52:37,824] Trial 28 finished with value: 0.12362232804298401 and parameters: {'gradient_clip_val': 0.2826387984190618, 'hidden_size': 40, 'dropout': 0.3474713330554674, 'hidden_continuous_size': 24, 'attention_head_size': 4, 'learning_rate': 0.04114372798141135}. Best is trial 18 with value: 0.09262282401323318.
LOCAL_RANK: 0 - CUDA_VISIBLE_DEVICES: [0]
[I 2023-11-29 21:52:50,767] Trial 29 finished with value: 0.09998779743909836 and parameters: {'gradient_clip_val': 0.23446472933159715, 'hidden_size': 26, 'dropout': 0.3156717616746857, 'hidden_continuous_size': 18, 'attention_head_size': 4, 'learning_rate': 0.07529761210420782}. Best is trial 18 with value: 0.09262282401323318.
LOCAL_RANK: 0 - CUDA_VISIBLE_DEVICES: [0]
[I 2023-11-29 21:53:03,233] Trial 30 finished with value: 0.4518777132034302 and parameters: {'gradient_clip_val': 0.22689533635551576, 'hidden_size': 21, 'dropout': 0.30984106750119095, 'hidden_continuous_size': 13, 'attention_head_size': 3, 'learning_rate': 0.028329772842826693}. Best is trial 18 with value: 0.09262282401323318.
LOCAL_RANK: 0 - CUDA_VISIBLE_DEVICES: [0]
[I 2023-11-29 21:53:16,225] Trial 31 finished with value: 0.10741785168647766 and parameters: {'gradient_clip_val': 0.15462281391421295, 'hidden_size': 36, 'dropout': 0.3458742920219437, 'hidden_continuous_size': 19, 'attention_head_size': 4, 'learning_rate': 0.07714282652592215}. Best is trial 18 with value: 0.09262282401323318.
LOCAL_RANK: 0 - CUDA_VISIBLE_DEVICES: [0]
[I 2023-11-29 21:53:29,145] Trial 32 finished with value: 0.13438904285430908 and parameters: {'gradient_clip_val': 0.23595700531566258, 'hidden_size': 28, 'dropout': 0.3122014384712004, 'hidden_continuous_size': 18, 'attention_head_size': 4, 'learning_rate': 0.05069215930630892}. Best is trial 18 with value: 0.09262282401323318.
LOCAL_RANK: 0 - CUDA_VISIBLE_DEVICES: [0]
[I 2023-11-29 21:53:42,418] Trial 33 finished with value: 0.10391101986169815 and parameters: {'gradient_clip_val': 0.19139186537132577, 'hidden_size': 47, 'dropout': 0.3806536110150709, 'hidden_continuous_size': 19, 'attention_head_size': 4, 'learning_rate': 0.07328462867707909}. Best is trial 18 with value: 0.09262282401323318.
LOCAL_RANK: 0 - CUDA_VISIBLE_DEVICES: [0]
[I 2023-11-29 21:53:55,669] Trial 34 finished with value: 0.1948327273130417 and parameters: {'gradient_clip_val': 0.3048327700324686, 'hidden_size': 45, 'dropout': 0.3824319002912903, 'hidden_continuous_size': 16, 'attention_head_size': 3, 'learning_rate': 0.05808334877347672}. Best is trial 18 with value: 0.09262282401323318.
LOCAL_RANK: 0 - CUDA_VISIBLE_DEVICES: [0]
[I 2023-11-29 21:54:09,049] Trial 35 finished with value: 0.3056316375732422 and parameters: {'gradient_clip_val': 0.36048479992591886, 'hidden_size': 55, 'dropout': 0.3987601649119202, 'hidden_continuous_size': 20, 'attention_head_size': 4, 'learning_rate': 0.07495873599947357}. Best is trial 18 with value: 0.09262282401323318.
LOCAL_RANK: 0 - CUDA_VISIBLE_DEVICES: [0]
[I 2023-11-29 21:54:22,391] Trial 36 finished with value: 0.17077720165252686 and parameters: {'gradient_clip_val': 0.22008068450352547, 'hidden_size': 64, 'dropout': 0.3387947702753054, 'hidden_continuous_size': 14, 'attention_head_size': 3, 'learning_rate': 0.04708135889469245}. Best is trial 18 with value: 0.09262282401323318.
LOCAL_RANK: 0 - CUDA_VISIBLE_DEVICES: [0]
[I 2023-11-29 21:54:35,320] Trial 37 finished with value: 0.12052485346794128 and parameters: {'gradient_clip_val': 0.25849213997391, 'hidden_size': 40, 'dropout': 0.3718541900350516, 'hidden_continuous_size': 18, 'attention_head_size': 4, 'learning_rate': 0.06949474942564979}. Best is trial 18 with value: 0.09262282401323318.
LOCAL_RANK: 0 - CUDA_VISIBLE_DEVICES: [0]
[I 2023-11-29 21:54:49,094] Trial 38 finished with value: 0.17287762463092804 and parameters: {'gradient_clip_val': 0.202275719808523, 'hidden_size': 74, 'dropout': 0.38272814148505235, 'hidden_continuous_size': 24, 'attention_head_size': 3, 'learning_rate': 0.05490006089961808}. Best is trial 18 with value: 0.09262282401323318.
LOCAL_RANK: 0 - CUDA_VISIBLE_DEVICES: [0]
[I 2023-11-29 21:55:02,514] Trial 39 finished with value: 0.3489960730075836 and parameters: {'gradient_clip_val': 0.35255165177011133, 'hidden_size': 43, 'dropout': 0.33340189407521065, 'hidden_continuous_size': 22, 'attention_head_size': 4, 'learning_rate': 0.03954707571023678}. Best is trial 18 with value: 0.09262282401323318.
LOCAL_RANK: 0 - CUDA_VISIBLE_DEVICES: [0]
[I 2023-11-29 21:55:16,272] Trial 40 finished with value: 0.16130174696445465 and parameters: {'gradient_clip_val': 0.38857376634899055, 'hidden_size': 61, 'dropout': 0.15913050479998414, 'hidden_continuous_size': 27, 'attention_head_size': 3, 'learning_rate': 0.07862174495206631}. Best is trial 18 with value: 0.09262282401323318.
LOCAL_RANK: 0 - CUDA_VISIBLE_DEVICES: [0]
[I 2023-11-29 21:55:29,550] Trial 41 finished with value: 0.11736408621072769 and parameters: {'gradient_clip_val': 0.18031144687712936, 'hidden_size': 49, 'dropout': 0.3580387500233279, 'hidden_continuous_size': 20, 'attention_head_size': 4, 'learning_rate': 0.09140721850488503}. Best is trial 18 with value: 0.09262282401323318.
LOCAL_RANK: 0 - CUDA_VISIBLE_DEVICES: [0]
[I 2023-11-29 21:55:42,522] Trial 42 finished with value: 0.11600789427757263 and parameters: {'gradient_clip_val': 0.2502077498802763, 'hidden_size': 36, 'dropout': 0.35525905134224806, 'hidden_continuous_size': 17, 'attention_head_size': 4, 'learning_rate': 0.06060158920304498}. Best is trial 18 with value: 0.09262282401323318.
LOCAL_RANK: 0 - CUDA_VISIBLE_DEVICES: [0]
[I 2023-11-29 21:55:56,299] Trial 43 finished with value: 0.2272687703371048 and parameters: {'gradient_clip_val': 0.2020650854561748, 'hidden_size': 79, 'dropout': 0.36893798333430333, 'hidden_continuous_size': 15, 'attention_head_size': 4, 'learning_rate': 0.09956502807929644}. Best is trial 18 with value: 0.09262282401323318.
LOCAL_RANK: 0 - CUDA_VISIBLE_DEVICES: [0]
[I 2023-11-29 21:56:09,291] Trial 44 finished with value: 0.09503313899040222 and parameters: {'gradient_clip_val': 0.28343396384433145, 'hidden_size': 27, 'dropout': 0.35252149797796295, 'hidden_continuous_size': 16, 'attention_head_size': 4, 'learning_rate': 0.08289954320973009}. Best is trial 18 with value: 0.09262282401323318.
LOCAL_RANK: 0 - CUDA_VISIBLE_DEVICES: [0]
[I 2023-11-29 21:56:21,924] Trial 45 finished with value: 0.16129380464553833 and parameters: {'gradient_clip_val': 0.2898957405793979, 'hidden_size': 32, 'dropout': 0.3881853861478439, 'hidden_continuous_size': 16, 'attention_head_size': 4, 'learning_rate': 0.04468310544080355}. Best is trial 18 with value: 0.09262282401323318.
LOCAL_RANK: 0 - CUDA_VISIBLE_DEVICES: [0]
[I 2023-11-29 21:56:34,902] Trial 46 finished with value: 0.15666723251342773 and parameters: {'gradient_clip_val': 0.28039185069811096, 'hidden_size': 41, 'dropout': 0.30563723856664543, 'hidden_continuous_size': 22, 'attention_head_size': 2, 'learning_rate': 0.05881953176504842}. Best is trial 18 with value: 0.09262282401323318.
LOCAL_RANK: 0 - CUDA_VISIBLE_DEVICES: [0]
[I 2023-11-29 21:56:48,911] Trial 47 finished with value: 0.35483261942863464 and parameters: {'gradient_clip_val': 0.2426417932005944, 'hidden_size': 63, 'dropout': 0.33904765744817866, 'hidden_continuous_size': 36, 'attention_head_size': 4, 'learning_rate': 0.030819774741638113}. Best is trial 18 with value: 0.09262282401323318.
LOCAL_RANK: 0 - CUDA_VISIBLE_DEVICES: [0]
[I 2023-11-29 21:57:02,322] Trial 48 finished with value: 0.1610363870859146 and parameters: {'gradient_clip_val': 0.2664433416248904, 'hidden_size': 51, 'dropout': 0.27556987716383335, 'hidden_continuous_size': 26, 'attention_head_size': 3, 'learning_rate': 0.0789979894970006}. Best is trial 18 with value: 0.09262282401323318.
LOCAL_RANK: 0 - CUDA_VISIBLE_DEVICES: [0]
[I 2023-11-29 21:57:15,829] Trial 49 finished with value: 0.1430523842573166 and parameters: {'gradient_clip_val': 0.319964014416585, 'hidden_size': 45, 'dropout': 0.35194418563206403, 'hidden_continuous_size': 29, 'attention_head_size': 4, 'learning_rate': 0.02476255773491625}. Best is trial 18 with value: 0.09262282401323318.
LOCAL_RANK: 0 - CUDA_VISIBLE_DEVICES: [0]
[I 2023-11-29 21:57:28,661] Trial 50 finished with value: 0.202491894364357 and parameters: {'gradient_clip_val': 0.22841370494560045, 'hidden_size': 36, 'dropout': 0.3229780002382224, 'hidden_continuous_size': 23, 'attention_head_size': 4, 'learning_rate': 0.04685126338751192}. Best is trial 18 with value: 0.09262282401323318.
LOCAL_RANK: 0 - CUDA_VISIBLE_DEVICES: [0]
[I 2023-11-29 21:57:41,238] Trial 51 finished with value: 0.11722149699926376 and parameters: {'gradient_clip_val': 0.18948014430213922, 'hidden_size': 24, 'dropout': 0.35765008113678187, 'hidden_continuous_size': 19, 'attention_head_size': 4, 'learning_rate': 0.08533038381658718}. Best is trial 18 with value: 0.09262282401323318.
LOCAL_RANK: 0 - CUDA_VISIBLE_DEVICES: [0]
[I 2023-11-29 21:57:54,069] Trial 52 finished with value: 0.1480303406715393 and parameters: {'gradient_clip_val': 0.16172107988152595, 'hidden_size': 28, 'dropout': 0.3705867229100936, 'hidden_continuous_size': 18, 'attention_head_size': 4, 'learning_rate': 0.08161552700141371}. Best is trial 18 with value: 0.09262282401323318.
LOCAL_RANK: 0 - CUDA_VISIBLE_DEVICES: [0]
[I 2023-11-29 21:58:06,638] Trial 53 finished with value: 0.11902379244565964 and parameters: {'gradient_clip_val': 0.2163359285797217, 'hidden_size': 19, 'dropout': 0.3311404788916681, 'hidden_continuous_size': 14, 'attention_head_size': 4, 'learning_rate': 0.06916504469726976}. Best is trial 18 with value: 0.09262282401323318.
LOCAL_RANK: 0 - CUDA_VISIBLE_DEVICES: [0]
[I 2023-11-29 21:58:19,171] Trial 54 finished with value: 0.20480124652385712 and parameters: {'gradient_clip_val': 0.14325047705271854, 'hidden_size': 18, 'dropout': 0.34319464107118386, 'hidden_continuous_size': 12, 'attention_head_size': 4, 'learning_rate': 0.09769992530478805}. Best is trial 18 with value: 0.09262282401323318.
LOCAL_RANK: 0 - CUDA_VISIBLE_DEVICES: [0]
[I 2023-11-29 21:58:32,058] Trial 55 finished with value: 0.10849156230688095 and parameters: {'gradient_clip_val': 0.17091419710735956, 'hidden_size': 29, 'dropout': 0.3540788905512659, 'hidden_continuous_size': 16, 'attention_head_size': 4, 'learning_rate': 0.06262057597965173}. Best is trial 18 with value: 0.09262282401323318.
LOCAL_RANK: 0 - CUDA_VISIBLE_DEVICES: [0]
[I 2023-11-29 21:58:45,131] Trial 56 finished with value: 0.11686241626739502 and parameters: {'gradient_clip_val': 0.24276648548061294, 'hidden_size': 39, 'dropout': 0.37713312539569294, 'hidden_continuous_size': 20, 'attention_head_size': 4, 'learning_rate': 0.0819805541462101}. Best is trial 18 with value: 0.09262282401323318.
LOCAL_RANK: 0 - CUDA_VISIBLE_DEVICES: [0]
[I 2023-11-29 21:58:57,881] Trial 57 finished with value: 0.16930381953716278 and parameters: {'gradient_clip_val': 0.19235651478763213, 'hidden_size': 32, 'dropout': 0.3904188582739853, 'hidden_continuous_size': 17, 'attention_head_size': 4, 'learning_rate': 0.053196394647149745}. Best is trial 18 with value: 0.09262282401323318.
LOCAL_RANK: 0 - CUDA_VISIBLE_DEVICES: [0]
[I 2023-11-29 21:59:10,599] Trial 58 finished with value: 0.12741971015930176 and parameters: {'gradient_clip_val': 0.21484453211320387, 'hidden_size': 26, 'dropout': 0.36118683692923087, 'hidden_continuous_size': 21, 'attention_head_size': 3, 'learning_rate': 0.06710912629884684}. Best is trial 18 with value: 0.09262282401323318.
LOCAL_RANK: 0 - CUDA_VISIBLE_DEVICES: [0]
[I 2023-11-29 21:59:23,938] Trial 59 finished with value: 0.09783533960580826 and parameters: {'gradient_clip_val': 0.18250538910313888, 'hidden_size': 48, 'dropout': 0.33037653920103777, 'hidden_continuous_size': 24, 'attention_head_size': 4, 'learning_rate': 0.0863644051355591}. Best is trial 18 with value: 0.09262282401323318.
LOCAL_RANK: 0 - CUDA_VISIBLE_DEVICES: [0]
[I 2023-11-29 21:59:37,394] Trial 60 finished with value: 0.18514323234558105 and parameters: {'gradient_clip_val': 0.1466222657066548, 'hidden_size': 49, 'dropout': 0.298889309070102, 'hidden_continuous_size': 31, 'attention_head_size': 4, 'learning_rate': 0.035382284478608673}. Best is trial 18 with value: 0.09262282401323318.
LOCAL_RANK: 0 - CUDA_VISIBLE_DEVICES: [0]
[I 2023-11-29 21:59:50,899] Trial 61 finished with value: 0.20546989142894745 and parameters: {'gradient_clip_val': 0.18593957702999478, 'hidden_size': 55, 'dropout': 0.327150481363313, 'hidden_continuous_size': 27, 'attention_head_size': 4, 'learning_rate': 0.08622074703838446}. Best is trial 18 with value: 0.09262282401323318.
LOCAL_RANK: 0 - CUDA_VISIBLE_DEVICES: [0]
[I 2023-11-29 22:00:04,139] Trial 62 finished with value: 0.1021084189414978 and parameters: {'gradient_clip_val': 0.2049439563038548, 'hidden_size': 45, 'dropout': 0.3169656987476534, 'hidden_continuous_size': 25, 'attention_head_size': 4, 'learning_rate': 0.09746661657561212}. Best is trial 18 with value: 0.09262282401323318.
LOCAL_RANK: 0 - CUDA_VISIBLE_DEVICES: [0]
[I 2023-11-29 22:00:17,382] Trial 63 finished with value: 0.2237524390220642 and parameters: {'gradient_clip_val': 0.20973431979429064, 'hidden_size': 43, 'dropout': 0.31786077123724404, 'hidden_continuous_size': 24, 'attention_head_size': 4, 'learning_rate': 0.06590566490343852}. Best is trial 18 with value: 0.09262282401323318.
LOCAL_RANK: 0 - CUDA_VISIBLE_DEVICES: [0]
[I 2023-11-29 22:00:30,923] Trial 64 finished with value: 0.17079369723796844 and parameters: {'gradient_clip_val': 0.2337525102396372, 'hidden_size': 46, 'dropout': 0.334970641617104, 'hidden_continuous_size': 26, 'attention_head_size': 4, 'learning_rate': 0.08542236438320863}. Best is trial 18 with value: 0.09262282401323318.
LOCAL_RANK: 0 - CUDA_VISIBLE_DEVICES: [0]
[I 2023-11-29 22:00:44,215] Trial 65 finished with value: 0.12389758229255676 and parameters: {'gradient_clip_val': 0.2651210518584084, 'hidden_size': 52, 'dropout': 0.314819175661939, 'hidden_continuous_size': 23, 'attention_head_size': 4, 'learning_rate': 0.0553089519403665}. Best is trial 18 with value: 0.09262282401323318.
LOCAL_RANK: 0 - CUDA_VISIBLE_DEVICES: [0]
[I 2023-11-29 22:00:57,417] Trial 66 finished with value: 0.19217459857463837 and parameters: {'gradient_clip_val': 0.1729610638124523, 'hidden_size': 39, 'dropout': 0.30241221027451776, 'hidden_continuous_size': 29, 'attention_head_size': 4, 'learning_rate': 0.073145787828776}. Best is trial 18 with value: 0.09262282401323318.
LOCAL_RANK: 0 - CUDA_VISIBLE_DEVICES: [0]
[I 2023-11-29 22:01:11,180] Trial 67 finished with value: 0.09885221719741821 and parameters: {'gradient_clip_val': 0.19664626930591522, 'hidden_size': 59, 'dropout': 0.28642953851083497, 'hidden_continuous_size': 25, 'attention_head_size': 4, 'learning_rate': 0.09924837436465386}. Best is trial 18 with value: 0.09262282401323318.
LOCAL_RANK: 0 - CUDA_VISIBLE_DEVICES: [0]
