[I 2023-11-30 07:11:45,925] Trial 98 finished with value: 0.14305369555950165 and parameters: {'gradient_clip_val': 0.14961870654841847, 'hidden_size': 95, 'dropout': 0.33139653760414894, 'hidden_continuous_size': 43, 'attention_head_size': 1, 'learning_rate': 0.0647826510603703}. Best is trial 64 with value: 0.08658647537231445.
LOCAL_RANK: 0 - CUDA_VISIBLE_DEVICES: [0]
[I 2023-11-30 07:11:59,642] Trial 99 finished with value: 0.16708822548389435 and parameters: {'gradient_clip_val': 0.13101198861718386, 'hidden_size': 64, 'dropout': 0.2976009082136239, 'hidden_continuous_size': 55, 'attention_head_size': 2, 'learning_rate': 0.057976104163316985}. Best is trial 64 with value: 0.08658647537231445.
LOCAL_RANK: 0 - CUDA_VISIBLE_DEVICES: [0]
[I 2023-11-30 07:12:13,611] Trial 100 finished with value: 0.10277018696069717 and parameters: {'gradient_clip_val': 0.10084873097176243, 'hidden_size': 79, 'dropout': 0.32517169852366007, 'hidden_continuous_size': 63, 'attention_head_size': 1, 'learning_rate': 0.03594914130181376}. Best is trial 64 with value: 0.08658647537231445.
LOCAL_RANK: 0 - CUDA_VISIBLE_DEVICES: [0]
[I 2023-11-30 07:12:27,666] Trial 101 finished with value: 0.18527375161647797 and parameters: {'gradient_clip_val': 0.10358661202624429, 'hidden_size': 81, 'dropout': 0.326062417958481, 'hidden_continuous_size': 61, 'attention_head_size': 1, 'learning_rate': 0.03486654250591515}. Best is trial 64 with value: 0.08658647537231445.
LOCAL_RANK: 0 - CUDA_VISIBLE_DEVICES: [0]
[I 2023-11-30 07:12:41,714] Trial 102 finished with value: 0.13169331848621368 and parameters: {'gradient_clip_val': 0.11216963512453935, 'hidden_size': 75, 'dropout': 0.3106142410155889, 'hidden_continuous_size': 63, 'attention_head_size': 1, 'learning_rate': 0.048598770785539605}. Best is trial 64 with value: 0.08658647537231445.
LOCAL_RANK: 0 - CUDA_VISIBLE_DEVICES: [0]
[I 2023-11-30 07:12:55,692] Trial 103 finished with value: 0.13221469521522522 and parameters: {'gradient_clip_val': 0.11956703378734092, 'hidden_size': 68, 'dropout': 0.3527706731502759, 'hidden_continuous_size': 58, 'attention_head_size': 1, 'learning_rate': 0.03890138726091545}. Best is trial 64 with value: 0.08658647537231445.
LOCAL_RANK: 0 - CUDA_VISIBLE_DEVICES: [0]
[I 2023-11-30 07:13:10,047] Trial 104 finished with value: 0.15951032936573029 and parameters: {'gradient_clip_val': 0.11176844249607548, 'hidden_size': 102, 'dropout': 0.31978296941879486, 'hidden_continuous_size': 72, 'attention_head_size': 1, 'learning_rate': 0.04342873532577256}. Best is trial 64 with value: 0.08658647537231445.
LOCAL_RANK: 0 - CUDA_VISIBLE_DEVICES: [0]
[I 2023-11-30 07:13:24,230] Trial 105 finished with value: 0.1592569500207901 and parameters: {'gradient_clip_val': 0.10216391312298476, 'hidden_size': 85, 'dropout': 0.33559526580663795, 'hidden_continuous_size': 67, 'attention_head_size': 1, 'learning_rate': 0.029425059786340906}. Best is trial 64 with value: 0.08658647537231445.
LOCAL_RANK: 0 - CUDA_VISIBLE_DEVICES: [0]
[I 2023-11-30 07:13:38,407] Trial 106 finished with value: 0.2692510485649109 and parameters: {'gradient_clip_val': 0.12354814055663996, 'hidden_size': 93, 'dropout': 0.30478472157229475, 'hidden_continuous_size': 53, 'attention_head_size': 1, 'learning_rate': 0.05651688603770904}. Best is trial 64 with value: 0.08658647537231445.
LOCAL_RANK: 0 - CUDA_VISIBLE_DEVICES: [0]
[I 2023-11-30 07:13:52,285] Trial 107 finished with value: 0.16256263852119446 and parameters: {'gradient_clip_val': 0.10678833643083006, 'hidden_size': 80, 'dropout': 0.2924120366757505, 'hidden_continuous_size': 48, 'attention_head_size': 1, 'learning_rate': 0.07293735464173981}. Best is trial 64 with value: 0.08658647537231445.
LOCAL_RANK: 0 - CUDA_VISIBLE_DEVICES: [0]
[I 2023-11-30 07:14:06,572] Trial 108 finished with value: 0.18622390925884247 and parameters: {'gradient_clip_val': 0.13488216480686469, 'hidden_size': 74, 'dropout': 0.31268870869072923, 'hidden_continuous_size': 52, 'attention_head_size': 3, 'learning_rate': 0.026879784696116713}. Best is trial 64 with value: 0.08658647537231445.
LOCAL_RANK: 0 - CUDA_VISIBLE_DEVICES: [0]
[I 2023-11-30 07:14:20,931] Trial 109 finished with value: 0.11611176282167435 and parameters: {'gradient_clip_val': 0.13091872198127721, 'hidden_size': 107, 'dropout': 0.3465037459938918, 'hidden_continuous_size': 66, 'attention_head_size': 1, 'learning_rate': 0.049989487920097095}. Best is trial 64 with value: 0.08658647537231445.
LOCAL_RANK: 0 - CUDA_VISIBLE_DEVICES: [0]
[I 2023-11-30 07:14:35,387] Trial 110 finished with value: 0.1690353900194168 and parameters: {'gradient_clip_val': 0.10003701775367799, 'hidden_size': 114, 'dropout': 0.3611073217694974, 'hidden_continuous_size': 67, 'attention_head_size': 1, 'learning_rate': 0.049787994015706945}. Best is trial 64 with value: 0.08658647537231445.
LOCAL_RANK: 0 - CUDA_VISIBLE_DEVICES: [0]
[I 2023-11-30 07:14:49,515] Trial 111 finished with value: 0.1648680716753006 and parameters: {'gradient_clip_val': 0.13031235139553354, 'hidden_size': 108, 'dropout': 0.3476101585393709, 'hidden_continuous_size': 70, 'attention_head_size': 1, 'learning_rate': 0.044363738687791754}. Best is trial 64 with value: 0.08658647537231445.
LOCAL_RANK: 0 - CUDA_VISIBLE_DEVICES: [0]
[I 2023-11-30 07:15:03,607] Trial 112 finished with value: 0.15322764217853546 and parameters: {'gradient_clip_val': 0.14050431263094665, 'hidden_size': 98, 'dropout': 0.3274685117413114, 'hidden_continuous_size': 64, 'attention_head_size': 1, 'learning_rate': 0.034960052283714044}. Best is trial 64 with value: 0.08658647537231445.
LOCAL_RANK: 0 - CUDA_VISIBLE_DEVICES: [0]
[I 2023-11-30 07:15:17,719] Trial 113 finished with value: 0.16674156486988068 and parameters: {'gradient_clip_val': 0.1131758927237086, 'hidden_size': 88, 'dropout': 0.34270699599166266, 'hidden_continuous_size': 56, 'attention_head_size': 1, 'learning_rate': 0.039686789192795655}. Best is trial 64 with value: 0.08658647537231445.
LOCAL_RANK: 0 - CUDA_VISIBLE_DEVICES: [0]
[I 2023-11-30 07:15:32,205] Trial 114 finished with value: 0.2756940424442291 and parameters: {'gradient_clip_val': 0.11771306058599078, 'hidden_size': 122, 'dropout': 0.33701548870076503, 'hidden_continuous_size': 76, 'attention_head_size': 1, 'learning_rate': 0.062342544355210756}. Best is trial 64 with value: 0.08658647537231445.
LOCAL_RANK: 0 - CUDA_VISIBLE_DEVICES: [0]
[I 2023-11-30 07:15:46,268] Trial 115 finished with value: 0.1983908861875534 and parameters: {'gradient_clip_val': 0.14819393073820208, 'hidden_size': 100, 'dropout': 0.3216662897391532, 'hidden_continuous_size': 61, 'attention_head_size': 1, 'learning_rate': 0.05173247477799677}. Best is trial 64 with value: 0.08658647537231445.
LOCAL_RANK: 0 - CUDA_VISIBLE_DEVICES: [0]
[I 2023-11-30 07:16:00,223] Trial 116 finished with value: 0.1068512424826622 and parameters: {'gradient_clip_val': 0.12437559097805713, 'hidden_size': 92, 'dropout': 0.3681315420679073, 'hidden_continuous_size': 50, 'attention_head_size': 1, 'learning_rate': 0.06774420390084922}. Best is trial 64 with value: 0.08658647537231445.
LOCAL_RANK: 0 - CUDA_VISIBLE_DEVICES: [0]
[I 2023-11-30 07:16:14,263] Trial 117 finished with value: 0.14734722673892975 and parameters: {'gradient_clip_val': 0.12251512908288374, 'hidden_size': 104, 'dropout': 0.3654978045524593, 'hidden_continuous_size': 50, 'attention_head_size': 1, 'learning_rate': 0.0686006990076014}. Best is trial 64 with value: 0.08658647537231445.
LOCAL_RANK: 0 - CUDA_VISIBLE_DEVICES: [0]
[I 2023-11-30 07:16:28,961] Trial 118 finished with value: 0.1561255156993866 and parameters: {'gradient_clip_val': 0.10888022433408434, 'hidden_size': 113, 'dropout': 0.34829032031809976, 'hidden_continuous_size': 69, 'attention_head_size': 2, 'learning_rate': 0.08254301304165496}. Best is trial 64 with value: 0.08658647537231445.
LOCAL_RANK: 0 - CUDA_VISIBLE_DEVICES: [0]
[I 2023-11-30 07:16:43,318] Trial 119 finished with value: 0.12421254068613052 and parameters: {'gradient_clip_val': 0.12926885787648681, 'hidden_size': 128, 'dropout': 0.3560891871559689, 'hidden_continuous_size': 78, 'attention_head_size': 1, 'learning_rate': 0.05953048414558197}. Best is trial 64 with value: 0.08658647537231445.
LOCAL_RANK: 0 - CUDA_VISIBLE_DEVICES: [0]
[I 2023-11-30 07:16:57,949] Trial 120 finished with value: 0.18841810524463654 and parameters: {'gradient_clip_val': 0.15678824591220186, 'hidden_size': 137, 'dropout': 0.35750763121810175, 'hidden_continuous_size': 82, 'attention_head_size': 1, 'learning_rate': 0.07658729103845516}. Best is trial 64 with value: 0.08658647537231445.
LOCAL_RANK: 0 - CUDA_VISIBLE_DEVICES: [0]
[I 2023-11-30 07:17:12,175] Trial 121 finished with value: 0.18324929475784302 and parameters: {'gradient_clip_val': 0.1272442524218444, 'hidden_size': 128, 'dropout': 0.37065949511844626, 'hidden_continuous_size': 70, 'attention_head_size': 1, 'learning_rate': 0.09495249969876424}. Best is trial 64 with value: 0.08658647537231445.
LOCAL_RANK: 0 - CUDA_VISIBLE_DEVICES: [0]
[I 2023-11-30 07:17:26,220] Trial 122 finished with value: 0.15737874805927277 and parameters: {'gradient_clip_val': 0.13306423718487664, 'hidden_size': 84, 'dropout': 0.3528136180801267, 'hidden_continuous_size': 58, 'attention_head_size': 1, 'learning_rate': 0.060190401220216405}. Best is trial 64 with value: 0.08658647537231445.
LOCAL_RANK: 0 - CUDA_VISIBLE_DEVICES: [0]
[I 2023-11-30 07:17:40,680] Trial 123 finished with value: 0.13085760176181793 and parameters: {'gradient_clip_val': 0.1153608730868854, 'hidden_size': 94, 'dropout': 0.3785164859954823, 'hidden_continuous_size': 66, 'attention_head_size': 1, 'learning_rate': 0.05361641722251166}. Best is trial 64 with value: 0.08658647537231445.
LOCAL_RANK: 0 - CUDA_VISIBLE_DEVICES: [0]
[I 2023-11-30 07:17:55,392] Trial 124 finished with value: 0.14983214437961578 and parameters: {'gradient_clip_val': 0.14053676274612614, 'hidden_size': 131, 'dropout': 0.3648341515958541, 'hidden_continuous_size': 76, 'attention_head_size': 1, 'learning_rate': 0.045192353524036034}. Best is trial 64 with value: 0.08658647537231445.
LOCAL_RANK: 0 - CUDA_VISIBLE_DEVICES: [0]
[I 2023-11-30 07:18:09,849] Trial 125 finished with value: 0.20390327274799347 and parameters: {'gradient_clip_val': 0.12099954683427501, 'hidden_size': 118, 'dropout': 0.300988709415142, 'hidden_continuous_size': 81, 'attention_head_size': 1, 'learning_rate': 0.06772568924263904}. Best is trial 64 with value: 0.08658647537231445.
LOCAL_RANK: 0 - CUDA_VISIBLE_DEVICES: [0]
[I 2023-11-30 07:18:24,318] Trial 126 finished with value: 0.15234258770942688 and parameters: {'gradient_clip_val': 0.10708678182240318, 'hidden_size': 109, 'dropout': 0.3416298542475734, 'hidden_continuous_size': 88, 'attention_head_size': 1, 'learning_rate': 0.05821153826000882}. Best is trial 64 with value: 0.08658647537231445.
LOCAL_RANK: 0 - CUDA_VISIBLE_DEVICES: [0]
[I 2023-11-30 07:18:38,275] Trial 127 finished with value: 0.13950717449188232 and parameters: {'gradient_clip_val': 0.12478911577346147, 'hidden_size': 89, 'dropout': 0.3323671134745584, 'hidden_continuous_size': 45, 'attention_head_size': 1, 'learning_rate': 0.04689947202854374}. Best is trial 64 with value: 0.08658647537231445.
LOCAL_RANK: 0 - CUDA_VISIBLE_DEVICES: [0]
[I 2023-11-30 07:18:52,676] Trial 128 finished with value: 0.1441042274236679 and parameters: {'gradient_clip_val': 0.16612699652930493, 'hidden_size': 77, 'dropout': 0.3851481872853485, 'hidden_continuous_size': 60, 'attention_head_size': 3, 'learning_rate': 0.042278899872674434}. Best is trial 64 with value: 0.08658647537231445.
LOCAL_RANK: 0 - CUDA_VISIBLE_DEVICES: [0]
[I 2023-11-30 07:19:06,902] Trial 129 finished with value: 0.2083001583814621 and parameters: {'gradient_clip_val': 0.1000390581803735, 'hidden_size': 104, 'dropout': 0.2815745866890478, 'hidden_continuous_size': 53, 'attention_head_size': 1, 'learning_rate': 0.09014855651779134}. Best is trial 64 with value: 0.08658647537231445.
LOCAL_RANK: 0 - CUDA_VISIBLE_DEVICES: [0]
[I 2023-11-30 07:19:20,968] Trial 130 finished with value: 0.1628679782152176 and parameters: {'gradient_clip_val': 0.14971133267577583, 'hidden_size': 92, 'dropout': 0.31385782277179813, 'hidden_continuous_size': 64, 'attention_head_size': 2, 'learning_rate': 0.05127077070245426}. Best is trial 64 with value: 0.08658647537231445.
LOCAL_RANK: 0 - CUDA_VISIBLE_DEVICES: [0]
[I 2023-11-30 07:19:35,041] Trial 131 finished with value: 0.182901069521904 and parameters: {'gradient_clip_val': 0.1342265558797091, 'hidden_size': 82, 'dropout': 0.32904316357809993, 'hidden_continuous_size': 55, 'attention_head_size': 1, 'learning_rate': 0.04019773700227055}. Best is trial 64 with value: 0.08658647537231445.
LOCAL_RANK: 0 - CUDA_VISIBLE_DEVICES: [0]
[I 2023-11-30 07:19:49,159] Trial 132 finished with value: 0.1829328089952469 and parameters: {'gradient_clip_val': 0.14412571494190196, 'hidden_size': 97, 'dropout': 0.32102815640058213, 'hidden_continuous_size': 50, 'attention_head_size': 1, 'learning_rate': 0.03668870554155025}. Best is trial 64 with value: 0.08658647537231445.
LOCAL_RANK: 0 - CUDA_VISIBLE_DEVICES: [0]
[I 2023-11-30 07:20:03,433] Trial 133 finished with value: 0.14445914328098297 and parameters: {'gradient_clip_val': 0.1143350747980824, 'hidden_size': 87, 'dropout': 0.30720408010882483, 'hidden_continuous_size': 57, 'attention_head_size': 1, 'learning_rate': 0.0647261856122319}. Best is trial 64 with value: 0.08658647537231445.
LOCAL_RANK: 0 - CUDA_VISIBLE_DEVICES: [0]
[I 2023-11-30 07:20:17,484] Trial 134 finished with value: 0.15492287278175354 and parameters: {'gradient_clip_val': 0.13011112946817782, 'hidden_size': 72, 'dropout': 0.35685268833792483, 'hidden_continuous_size': 59, 'attention_head_size': 1, 'learning_rate': 0.05690150463220385}. Best is trial 64 with value: 0.08658647537231445.
LOCAL_RANK: 0 - CUDA_VISIBLE_DEVICES: [0]
[I 2023-11-30 07:20:31,768] Trial 135 finished with value: 0.23754489421844482 and parameters: {'gradient_clip_val': 0.11770539090221475, 'hidden_size': 144, 'dropout': 0.33295042729229113, 'hidden_continuous_size': 41, 'attention_head_size': 1, 'learning_rate': 0.04810962959116717}. Best is trial 64 with value: 0.08658647537231445.
LOCAL_RANK: 0 - CUDA_VISIBLE_DEVICES: [0]
[I 2023-11-30 07:20:45,634] Trial 136 finished with value: 0.16371828317642212 and parameters: {'gradient_clip_val': 0.13881192280011279, 'hidden_size': 58, 'dropout': 0.34607312494516446, 'hidden_continuous_size': 54, 'attention_head_size': 1, 'learning_rate': 0.07463162760218302}. Best is trial 64 with value: 0.08658647537231445.
LOCAL_RANK: 0 - CUDA_VISIBLE_DEVICES: [0]
[I 2023-11-30 07:20:59,872] Trial 137 finished with value: 0.16362933814525604 and parameters: {'gradient_clip_val': 0.10928535606660808, 'hidden_size': 66, 'dropout': 0.3391274270361251, 'hidden_continuous_size': 61, 'attention_head_size': 4, 'learning_rate': 0.03181433405290553}. Best is trial 64 with value: 0.08658647537231445.
LOCAL_RANK: 0 - CUDA_VISIBLE_DEVICES: [0]
[I 2023-11-30 07:21:13,946] Trial 138 finished with value: 0.24767214059829712 and parameters: {'gradient_clip_val': 0.16981071489838137, 'hidden_size': 79, 'dropout': 0.2985104524890978, 'hidden_continuous_size': 48, 'attention_head_size': 1, 'learning_rate': 0.053794119875296115}. Best is trial 64 with value: 0.08658647537231445.
LOCAL_RANK: 0 - CUDA_VISIBLE_DEVICES: [0]
[I 2023-11-30 07:21:27,956] Trial 139 finished with value: 0.21141551434993744 and parameters: {'gradient_clip_val': 0.12579619260263558, 'hidden_size': 92, 'dropout': 0.37261572336344495, 'hidden_continuous_size': 45, 'attention_head_size': 1, 'learning_rate': 0.0425037047200075}. Best is trial 64 with value: 0.08658647537231445.
LOCAL_RANK: 0 - CUDA_VISIBLE_DEVICES: [0]
[I 2023-11-30 07:21:42,470] Trial 140 finished with value: 0.17219430208206177 and parameters: {'gradient_clip_val': 0.24700308320796388, 'hidden_size': 106, 'dropout': 0.31701345383177365, 'hidden_continuous_size': 73, 'attention_head_size': 2, 'learning_rate': 0.06173332399022947}. Best is trial 64 with value: 0.08658647537231445.
LOCAL_RANK: 0 - CUDA_VISIBLE_DEVICES: [0]
[I 2023-11-30 07:21:56,861] Trial 141 finished with value: 0.18220095336437225 and parameters: {'gradient_clip_val': 0.1384511430676444, 'hidden_size': 99, 'dropout': 0.3062064116001675, 'hidden_continuous_size': 48, 'attention_head_size': 4, 'learning_rate': 0.04627915180763647}. Best is trial 64 with value: 0.08658647537231445.
LOCAL_RANK: 0 - CUDA_VISIBLE_DEVICES: [0]
[I 2023-11-30 07:22:11,146] Trial 142 finished with value: 0.17800916731357574 and parameters: {'gradient_clip_val': 0.1571605715511791, 'hidden_size': 86, 'dropout': 0.326129143438998, 'hidden_continuous_size': 50, 'attention_head_size': 4, 'learning_rate': 0.04917872240799948}. Best is trial 64 with value: 0.08658647537231445.
LOCAL_RANK: 0 - CUDA_VISIBLE_DEVICES: [0]
[I 2023-11-30 07:22:25,395] Trial 143 finished with value: 0.22862200438976288 and parameters: {'gradient_clip_val': 0.14649604093812876, 'hidden_size': 81, 'dropout': 0.2924293078799564, 'hidden_continuous_size': 52, 'attention_head_size': 4, 'learning_rate': 0.03947396575814109}. Best is trial 64 with value: 0.08658647537231445.
LOCAL_RANK: 0 - CUDA_VISIBLE_DEVICES: [0]
[I 2023-11-30 07:22:39,885] Trial 144 finished with value: 0.1398911476135254 and parameters: {'gradient_clip_val': 0.13253041230187063, 'hidden_size': 90, 'dropout': 0.2871718561779757, 'hidden_continuous_size': 47, 'attention_head_size': 4, 'learning_rate': 0.04456525478507533}. Best is trial 64 with value: 0.08658647537231445.
LOCAL_RANK: 0 - CUDA_VISIBLE_DEVICES: [0]
[I 2023-11-30 07:22:54,148] Trial 145 finished with value: 0.138840451836586 and parameters: {'gradient_clip_val': 0.12108600478226406, 'hidden_size': 77, 'dropout': 0.31386174361371444, 'hidden_continuous_size': 62, 'attention_head_size': 4, 'learning_rate': 0.056780691234391494}. Best is trial 64 with value: 0.08658647537231445.
LOCAL_RANK: 0 - CUDA_VISIBLE_DEVICES: [0]
[I 2023-11-30 07:23:08,297] Trial 146 finished with value: 0.23038099706172943 and parameters: {'gradient_clip_val': 0.2096785318420943, 'hidden_size': 70, 'dropout': 0.32274542315573296, 'hidden_continuous_size': 57, 'attention_head_size': 4, 'learning_rate': 0.03531260752471777}. Best is trial 64 with value: 0.08658647537231445.
LOCAL_RANK: 0 - CUDA_VISIBLE_DEVICES: [0]
[I 2023-11-30 07:23:21,931] Trial 147 finished with value: 0.12736184895038605 and parameters: {'gradient_clip_val': 0.18621750324388178, 'hidden_size': 62, 'dropout': 0.3015786638299569, 'hidden_continuous_size': 56, 'attention_head_size': 1, 'learning_rate': 0.06947838507937666}. Best is trial 64 with value: 0.08658647537231445.
LOCAL_RANK: 0 - CUDA_VISIBLE_DEVICES: [0]
[I 2023-11-30 07:23:35,454] Trial 148 finished with value: 0.0990954264998436 and parameters: {'gradient_clip_val': 0.17879066187364678, 'hidden_size': 62, 'dropout': 0.3016286529315411, 'hidden_continuous_size': 56, 'attention_head_size': 1, 'learning_rate': 0.07308425506874965}. Best is trial 64 with value: 0.08658647537231445.
LOCAL_RANK: 0 - CUDA_VISIBLE_DEVICES: [0]
[I 2023-11-30 07:23:49,079] Trial 149 finished with value: 0.1700034886598587 and parameters: {'gradient_clip_val': 0.17983582766944253, 'hidden_size': 46, 'dropout': 0.33525924896692916, 'hidden_continuous_size': 45, 'attention_head_size': 1, 'learning_rate': 0.09949557676025934}. Best is trial 64 with value: 0.08658647537231445.
[I 2023-11-30 07:23:49,191] A new study created in memory with name: no-name-0e8cc22b-7e75-4221-b476-ec4ff87b193e
/home/le004/conda/anaconda3/envs/tsff_env/lib/python3.9/site-packages/lightning/fabric/plugins/environments/slurm.py:191: The `srun` command is available on your system but is not used. HINT: If your intention is to run Lightning on SLURM, prepend your python command with `srun` like so: srun python /home/le004/master_thesis/git/TSFusionForecast/code/ ...
LOCAL_RANK: 0 - CUDA_VISIBLE_DEVICES: [0]
[I 2023-11-30 07:24:01,631] Trial 0 finished with value: 0.18278759717941284 and parameters: {'gradient_clip_val': 0.1917920039021004, 'hidden_size': 15, 'dropout': 0.2734942244839638, 'hidden_continuous_size': 10, 'attention_head_size': 1, 'learning_rate': 0.07314560398032581}. Best is trial 0 with value: 0.18278759717941284.
LOCAL_RANK: 0 - CUDA_VISIBLE_DEVICES: [0]
[I 2023-11-30 07:24:15,326] Trial 1 finished with value: 1.0788675546646118 and parameters: {'gradient_clip_val': 0.10357516735551202, 'hidden_size': 76, 'dropout': 0.28938792868902063, 'hidden_continuous_size': 37, 'attention_head_size': 2, 'learning_rate': 0.0024445092674559364}. Best is trial 0 with value: 0.18278759717941284.
LOCAL_RANK: 0 - CUDA_VISIBLE_DEVICES: [0]
[I 2023-11-30 07:24:28,411] Trial 2 finished with value: 1.8781589269638062 and parameters: {'gradient_clip_val': 0.12011485160231315, 'hidden_size': 47, 'dropout': 0.16727586958838903, 'hidden_continuous_size': 24, 'attention_head_size': 2, 'learning_rate': 0.00199677971422549}. Best is trial 0 with value: 0.18278759717941284.
LOCAL_RANK: 0 - CUDA_VISIBLE_DEVICES: [0]
[I 2023-11-30 07:24:41,241] Trial 3 finished with value: 0.4786783456802368 and parameters: {'gradient_clip_val': 0.22104526840852945, 'hidden_size': 40, 'dropout': 0.17486122368111634, 'hidden_continuous_size': 33, 'attention_head_size': 1, 'learning_rate': 0.03469218519776446}. Best is trial 0 with value: 0.18278759717941284.
LOCAL_RANK: 0 - CUDA_VISIBLE_DEVICES: [0]
[I 2023-11-30 07:24:55,110] Trial 4 finished with value: 1.4806500673294067 and parameters: {'gradient_clip_val': 0.23759338374593164, 'hidden_size': 82, 'dropout': 0.32402548565205924, 'hidden_continuous_size': 18, 'attention_head_size': 2, 'learning_rate': 0.0010384798678087614}. Best is trial 0 with value: 0.18278759717941284.
LOCAL_RANK: 0 - CUDA_VISIBLE_DEVICES: [0]
