[I 2023-11-30 07:38:08,516] Trial 63 finished with value: 0.19369298219680786 and parameters: {'gradient_clip_val': 0.5041588615839749, 'hidden_size': 47, 'dropout': 0.21372442996279573, 'hidden_continuous_size': 35, 'attention_head_size': 1, 'learning_rate': 0.03215953434798209}. Best is trial 60 with value: 0.09029662609100342.
LOCAL_RANK: 0 - CUDA_VISIBLE_DEVICES: [0]
[I 2023-11-30 07:38:21,320] Trial 64 finished with value: 0.2884708046913147 and parameters: {'gradient_clip_val': 0.47300143332627015, 'hidden_size': 32, 'dropout': 0.17765688548175562, 'hidden_continuous_size': 26, 'attention_head_size': 2, 'learning_rate': 0.017573800716053262}. Best is trial 60 with value: 0.09029662609100342.
LOCAL_RANK: 0 - CUDA_VISIBLE_DEVICES: [0]
[I 2023-11-30 07:38:34,882] Trial 65 finished with value: 0.307909220457077 and parameters: {'gradient_clip_val': 0.33895803454062523, 'hidden_size': 74, 'dropout': 0.19210939841297292, 'hidden_continuous_size': 42, 'attention_head_size': 1, 'learning_rate': 0.02672334158636223}. Best is trial 60 with value: 0.09029662609100342.
LOCAL_RANK: 0 - CUDA_VISIBLE_DEVICES: [0]
[I 2023-11-30 07:38:48,759] Trial 66 finished with value: 0.18894048035144806 and parameters: {'gradient_clip_val': 0.38418327360886845, 'hidden_size': 66, 'dropout': 0.14652585260761639, 'hidden_continuous_size': 39, 'attention_head_size': 3, 'learning_rate': 0.021962953928753408}. Best is trial 60 with value: 0.09029662609100342.
LOCAL_RANK: 0 - CUDA_VISIBLE_DEVICES: [0]
[I 2023-11-30 07:39:02,666] Trial 67 finished with value: 0.33464738726615906 and parameters: {'gradient_clip_val': 0.4178888943634569, 'hidden_size': 89, 'dropout': 0.1605157209748537, 'hidden_continuous_size': 37, 'attention_head_size': 1, 'learning_rate': 0.041043269190119226}. Best is trial 60 with value: 0.09029662609100342.
LOCAL_RANK: 0 - CUDA_VISIBLE_DEVICES: [0]
[I 2023-11-30 07:39:16,956] Trial 68 finished with value: 0.34916695952415466 and parameters: {'gradient_clip_val': 0.5477061844150102, 'hidden_size': 104, 'dropout': 0.22968255710135393, 'hidden_continuous_size': 46, 'attention_head_size': 2, 'learning_rate': 0.0425488756793138}. Best is trial 60 with value: 0.09029662609100342.
LOCAL_RANK: 0 - CUDA_VISIBLE_DEVICES: [0]
[I 2023-11-30 07:39:30,115] Trial 69 finished with value: 0.2728124260902405 and parameters: {'gradient_clip_val': 0.5118236309004854, 'hidden_size': 52, 'dropout': 0.1985710129965131, 'hidden_continuous_size': 32, 'attention_head_size': 1, 'learning_rate': 0.032736641621347796}. Best is trial 60 with value: 0.09029662609100342.
LOCAL_RANK: 0 - CUDA_VISIBLE_DEVICES: [0]
[I 2023-11-30 07:39:44,321] Trial 70 finished with value: 0.32826030254364014 and parameters: {'gradient_clip_val': 0.45385592316689227, 'hidden_size': 128, 'dropout': 0.17280695889639452, 'hidden_continuous_size': 50, 'attention_head_size': 3, 'learning_rate': 0.05907454159583296}. Best is trial 60 with value: 0.09029662609100342.
LOCAL_RANK: 0 - CUDA_VISIBLE_DEVICES: [0]
[I 2023-11-30 07:39:57,868] Trial 71 finished with value: 0.13462261855602264 and parameters: {'gradient_clip_val': 0.5877516426104092, 'hidden_size': 55, 'dropout': 0.22605100285060942, 'hidden_continuous_size': 35, 'attention_head_size': 2, 'learning_rate': 0.022363844375204417}. Best is trial 60 with value: 0.09029662609100342.
LOCAL_RANK: 0 - CUDA_VISIBLE_DEVICES: [0]
[I 2023-11-30 07:40:11,555] Trial 72 finished with value: 0.2917783558368683 and parameters: {'gradient_clip_val': 0.5839202103501764, 'hidden_size': 61, 'dropout': 0.22033424230171111, 'hidden_continuous_size': 36, 'attention_head_size': 2, 'learning_rate': 0.028399855819204466}. Best is trial 60 with value: 0.09029662609100342.
LOCAL_RANK: 0 - CUDA_VISIBLE_DEVICES: [0]
[I 2023-11-30 07:40:24,894] Trial 73 finished with value: 0.23309433460235596 and parameters: {'gradient_clip_val': 0.5504136141521359, 'hidden_size': 46, 'dropout': 0.20755554069706672, 'hidden_continuous_size': 32, 'attention_head_size': 2, 'learning_rate': 0.019077435139175238}. Best is trial 60 with value: 0.09029662609100342.
LOCAL_RANK: 0 - CUDA_VISIBLE_DEVICES: [0]
[I 2023-11-30 07:40:38,369] Trial 74 finished with value: 0.34916388988494873 and parameters: {'gradient_clip_val': 0.613162098600102, 'hidden_size': 54, 'dropout': 0.2398477801815907, 'hidden_continuous_size': 30, 'attention_head_size': 2, 'learning_rate': 0.023589962582621755}. Best is trial 60 with value: 0.09029662609100342.
LOCAL_RANK: 0 - CUDA_VISIBLE_DEVICES: [0]
[I 2023-11-30 07:40:51,391] Trial 75 finished with value: 0.1306435912847519 and parameters: {'gradient_clip_val': 0.4966142261305131, 'hidden_size': 42, 'dropout': 0.24976891132246942, 'hidden_continuous_size': 33, 'attention_head_size': 1, 'learning_rate': 0.047009576020791054}. Best is trial 60 with value: 0.09029662609100342.
LOCAL_RANK: 0 - CUDA_VISIBLE_DEVICES: [0]
[I 2023-11-30 07:41:04,296] Trial 76 finished with value: 0.2220139056444168 and parameters: {'gradient_clip_val': 0.6836386337298125, 'hidden_size': 40, 'dropout': 0.2476955811707844, 'hidden_continuous_size': 33, 'attention_head_size': 1, 'learning_rate': 0.04492340604180519}. Best is trial 60 with value: 0.09029662609100342.
LOCAL_RANK: 0 - CUDA_VISIBLE_DEVICES: [0]
[I 2023-11-30 07:41:17,752] Trial 77 finished with value: 0.19705097377300262 and parameters: {'gradient_clip_val': 0.49798991972627277, 'hidden_size': 49, 'dropout': 0.2316764161427159, 'hidden_continuous_size': 35, 'attention_head_size': 1, 'learning_rate': 0.04916122007025507}. Best is trial 60 with value: 0.09029662609100342.
LOCAL_RANK: 0 - CUDA_VISIBLE_DEVICES: [0]
[I 2023-11-30 07:41:30,793] Trial 78 finished with value: 0.2625027596950531 and parameters: {'gradient_clip_val': 0.6207900524599406, 'hidden_size': 42, 'dropout': 0.21750682068978044, 'hidden_continuous_size': 31, 'attention_head_size': 1, 'learning_rate': 0.0386558442794049}. Best is trial 60 with value: 0.09029662609100342.
LOCAL_RANK: 0 - CUDA_VISIBLE_DEVICES: [0]
[I 2023-11-30 07:41:43,658] Trial 79 finished with value: 0.1882200688123703 and parameters: {'gradient_clip_val': 0.5267483569177028, 'hidden_size': 38, 'dropout': 0.2539543975143132, 'hidden_continuous_size': 32, 'attention_head_size': 1, 'learning_rate': 0.08590545389098193}. Best is trial 60 with value: 0.09029662609100342.
LOCAL_RANK: 0 - CUDA_VISIBLE_DEVICES: [0]
[I 2023-11-30 07:41:56,799] Trial 80 finished with value: 0.2604520320892334 and parameters: {'gradient_clip_val': 0.5889845581319197, 'hidden_size': 45, 'dropout': 0.23202178620531289, 'hidden_continuous_size': 28, 'attention_head_size': 1, 'learning_rate': 0.058113508837083216}. Best is trial 60 with value: 0.09029662609100342.
LOCAL_RANK: 0 - CUDA_VISIBLE_DEVICES: [0]
[I 2023-11-30 07:42:10,188] Trial 81 finished with value: 0.18989337980747223 and parameters: {'gradient_clip_val': 0.46867923313948767, 'hidden_size': 56, 'dropout': 0.11170194216200083, 'hidden_continuous_size': 36, 'attention_head_size': 1, 'learning_rate': 0.035728966899614814}. Best is trial 60 with value: 0.09029662609100342.
LOCAL_RANK: 0 - CUDA_VISIBLE_DEVICES: [0]
[I 2023-11-30 07:42:23,871] Trial 82 finished with value: 0.4864148199558258 and parameters: {'gradient_clip_val': 0.4300766242425819, 'hidden_size': 70, 'dropout': 0.2044390740361861, 'hidden_continuous_size': 38, 'attention_head_size': 1, 'learning_rate': 0.030159431340208705}. Best is trial 60 with value: 0.09029662609100342.
LOCAL_RANK: 0 - CUDA_VISIBLE_DEVICES: [0]
[I 2023-11-30 07:42:36,991] Trial 83 finished with value: 0.21944601833820343 and parameters: {'gradient_clip_val': 0.367611248361756, 'hidden_size': 37, 'dropout': 0.24060383179108288, 'hidden_continuous_size': 29, 'attention_head_size': 1, 'learning_rate': 0.04468302150322934}. Best is trial 60 with value: 0.09029662609100342.
LOCAL_RANK: 0 - CUDA_VISIBLE_DEVICES: [0]
[I 2023-11-30 07:42:50,574] Trial 84 finished with value: 0.24599258601665497 and parameters: {'gradient_clip_val': 0.4028285739200659, 'hidden_size': 63, 'dropout': 0.2278635332235398, 'hidden_continuous_size': 25, 'attention_head_size': 2, 'learning_rate': 0.026421549351430696}. Best is trial 60 with value: 0.09029662609100342.
LOCAL_RANK: 0 - CUDA_VISIBLE_DEVICES: [0]
[I 2023-11-30 07:43:04,155] Trial 85 finished with value: 0.2030048817396164 and parameters: {'gradient_clip_val': 0.5571092958059809, 'hidden_size': 51, 'dropout': 0.13472231792975004, 'hidden_continuous_size': 34, 'attention_head_size': 3, 'learning_rate': 0.035128717828755665}. Best is trial 60 with value: 0.09029662609100342.
LOCAL_RANK: 0 - CUDA_VISIBLE_DEVICES: [0]
[I 2023-11-30 07:43:17,259] Trial 86 finished with value: 0.2922269403934479 and parameters: {'gradient_clip_val': 0.479987609343257, 'hidden_size': 42, 'dropout': 0.1831202587600718, 'hidden_continuous_size': 21, 'attention_head_size': 4, 'learning_rate': 0.021018985025448342}. Best is trial 60 with value: 0.09029662609100342.
LOCAL_RANK: 0 - CUDA_VISIBLE_DEVICES: [0]
[I 2023-11-30 07:43:30,471] Trial 87 finished with value: 0.20285415649414062 and parameters: {'gradient_clip_val': 0.431839728413828, 'hidden_size': 56, 'dropout': 0.2127298785675503, 'hidden_continuous_size': 40, 'attention_head_size': 1, 'learning_rate': 0.0668592795366954}. Best is trial 60 with value: 0.09029662609100342.
LOCAL_RANK: 0 - CUDA_VISIBLE_DEVICES: [0]
[I 2023-11-30 07:43:43,878] Trial 88 finished with value: 0.1973596215248108 and parameters: {'gradient_clip_val': 0.46221142744826454, 'hidden_size': 45, 'dropout': 0.22332666423921158, 'hidden_continuous_size': 37, 'attention_head_size': 1, 'learning_rate': 0.05313090107473688}. Best is trial 60 with value: 0.09029662609100342.
LOCAL_RANK: 0 - CUDA_VISIBLE_DEVICES: [0]
[I 2023-11-30 07:43:57,681] Trial 89 finished with value: 0.2553770840167999 and parameters: {'gradient_clip_val': 0.5170663918088935, 'hidden_size': 86, 'dropout': 0.19351281070615484, 'hidden_continuous_size': 27, 'attention_head_size': 1, 'learning_rate': 0.023636577513969154}. Best is trial 60 with value: 0.09029662609100342.
LOCAL_RANK: 0 - CUDA_VISIBLE_DEVICES: [0]
[I 2023-11-30 07:44:11,415] Trial 90 finished with value: 0.15497717261314392 and parameters: {'gradient_clip_val': 0.6465318276740503, 'hidden_size': 68, 'dropout': 0.12432643838730353, 'hidden_continuous_size': 43, 'attention_head_size': 2, 'learning_rate': 0.015947820474881833}. Best is trial 60 with value: 0.09029662609100342.
LOCAL_RANK: 0 - CUDA_VISIBLE_DEVICES: [0]
[I 2023-11-30 07:44:25,122] Trial 91 finished with value: 0.15957002341747284 and parameters: {'gradient_clip_val': 0.5516938845852754, 'hidden_size': 61, 'dropout': 0.11133106291647353, 'hidden_continuous_size': 43, 'attention_head_size': 2, 'learning_rate': 0.01591699041524973}. Best is trial 60 with value: 0.09029662609100342.
LOCAL_RANK: 0 - CUDA_VISIBLE_DEVICES: [0]
[I 2023-11-30 07:44:38,619] Trial 92 finished with value: 0.2304593324661255 and parameters: {'gradient_clip_val': 0.6589953291133985, 'hidden_size': 61, 'dropout': 0.12852234568112514, 'hidden_continuous_size': 41, 'attention_head_size': 2, 'learning_rate': 0.016424588254469862}. Best is trial 60 with value: 0.09029662609100342.
LOCAL_RANK: 0 - CUDA_VISIBLE_DEVICES: [0]
[I 2023-11-30 07:44:52,652] Trial 93 finished with value: 0.223292276263237 and parameters: {'gradient_clip_val': 0.5380801359605244, 'hidden_size': 58, 'dropout': 0.10024523422582188, 'hidden_continuous_size': 39, 'attention_head_size': 2, 'learning_rate': 0.014867770269760328}. Best is trial 60 with value: 0.09029662609100342.
LOCAL_RANK: 0 - CUDA_VISIBLE_DEVICES: [0]
[I 2023-11-30 07:45:06,105] Trial 94 finished with value: 0.18738175928592682 and parameters: {'gradient_clip_val': 0.5859699994296318, 'hidden_size': 52, 'dropout': 0.112312593509268, 'hidden_continuous_size': 35, 'attention_head_size': 2, 'learning_rate': 0.013605640757292675}. Best is trial 60 with value: 0.09029662609100342.
LOCAL_RANK: 0 - CUDA_VISIBLE_DEVICES: [0]
[I 2023-11-30 07:45:19,777] Trial 95 finished with value: 0.16014845669269562 and parameters: {'gradient_clip_val': 0.7169247062889493, 'hidden_size': 65, 'dropout': 0.13877809294862642, 'hidden_continuous_size': 42, 'attention_head_size': 2, 'learning_rate': 0.018095717764920687}. Best is trial 60 with value: 0.09029662609100342.
LOCAL_RANK: 0 - CUDA_VISIBLE_DEVICES: [0]
[I 2023-11-30 07:45:33,023] Trial 96 finished with value: 0.1954095959663391 and parameters: {'gradient_clip_val': 0.625387618514798, 'hidden_size': 48, 'dropout': 0.24011419870613707, 'hidden_continuous_size': 33, 'attention_head_size': 2, 'learning_rate': 0.02037826284348952}. Best is trial 60 with value: 0.09029662609100342.
LOCAL_RANK: 0 - CUDA_VISIBLE_DEVICES: [0]
[I 2023-11-30 07:45:46,638] Trial 97 finished with value: 0.2693686783313751 and parameters: {'gradient_clip_val': 0.4937080784906597, 'hidden_size': 69, 'dropout': 0.12223493821025878, 'hidden_continuous_size': 30, 'attention_head_size': 2, 'learning_rate': 0.011914524723656969}. Best is trial 60 with value: 0.09029662609100342.
LOCAL_RANK: 0 - CUDA_VISIBLE_DEVICES: [0]
[I 2023-11-30 07:46:00,342] Trial 98 finished with value: 0.1784866601228714 and parameters: {'gradient_clip_val': 0.568954538583647, 'hidden_size': 58, 'dropout': 0.206571054729664, 'hidden_continuous_size': 31, 'attention_head_size': 2, 'learning_rate': 0.017285584610748184}. Best is trial 60 with value: 0.09029662609100342.
LOCAL_RANK: 0 - CUDA_VISIBLE_DEVICES: [0]
[I 2023-11-30 07:46:13,833] Trial 99 finished with value: 0.20262247323989868 and parameters: {'gradient_clip_val': 0.6649505597404167, 'hidden_size': 51, 'dropout': 0.21821281825317515, 'hidden_continuous_size': 37, 'attention_head_size': 1, 'learning_rate': 0.029394107453611453}. Best is trial 60 with value: 0.09029662609100342.
LOCAL_RANK: 0 - CUDA_VISIBLE_DEVICES: [0]
[I 2023-11-30 07:46:27,076] Trial 100 finished with value: 0.22879724204540253 and parameters: {'gradient_clip_val': 0.5946978066332949, 'hidden_size': 43, 'dropout': 0.23517828557013634, 'hidden_continuous_size': 34, 'attention_head_size': 2, 'learning_rate': 0.033700175798128645}. Best is trial 60 with value: 0.09029662609100342.
LOCAL_RANK: 0 - CUDA_VISIBLE_DEVICES: [0]
[I 2023-11-30 07:46:40,569] Trial 101 finished with value: 0.29799437522888184 and parameters: {'gradient_clip_val': 0.7409316326845816, 'hidden_size': 65, 'dropout': 0.11879282046197051, 'hidden_continuous_size': 42, 'attention_head_size': 2, 'learning_rate': 0.01889294600145992}. Best is trial 60 with value: 0.09029662609100342.
LOCAL_RANK: 0 - CUDA_VISIBLE_DEVICES: [0]
[I 2023-11-30 07:46:54,374] Trial 102 finished with value: 0.16266490519046783 and parameters: {'gradient_clip_val': 0.805245483601239, 'hidden_size': 71, 'dropout': 0.1537505271554382, 'hidden_continuous_size': 45, 'attention_head_size': 2, 'learning_rate': 0.017205263237591216}. Best is trial 60 with value: 0.09029662609100342.
LOCAL_RANK: 0 - CUDA_VISIBLE_DEVICES: [0]
[I 2023-11-30 07:47:08,344] Trial 103 finished with value: 0.20729763805866241 and parameters: {'gradient_clip_val': 0.7095346519651456, 'hidden_size': 63, 'dropout': 0.13379219191503416, 'hidden_continuous_size': 42, 'attention_head_size': 2, 'learning_rate': 0.023257264498140476}. Best is trial 60 with value: 0.09029662609100342.
LOCAL_RANK: 0 - CUDA_VISIBLE_DEVICES: [0]
[I 2023-11-30 07:47:22,309] Trial 104 finished with value: 0.12834464013576508 and parameters: {'gradient_clip_val': 0.6350396148868678, 'hidden_size': 77, 'dropout': 0.13744606571529505, 'hidden_continuous_size': 43, 'attention_head_size': 2, 'learning_rate': 0.019701179922808627}. Best is trial 60 with value: 0.09029662609100342.
LOCAL_RANK: 0 - CUDA_VISIBLE_DEVICES: [0]
[I 2023-11-30 07:47:35,583] Trial 105 finished with value: 0.22218018770217896 and parameters: {'gradient_clip_val': 0.6468855830758665, 'hidden_size': 47, 'dropout': 0.20013775918467752, 'hidden_continuous_size': 33, 'attention_head_size': 1, 'learning_rate': 0.020652266759362947}. Best is trial 60 with value: 0.09029662609100342.
LOCAL_RANK: 0 - CUDA_VISIBLE_DEVICES: [0]
[I 2023-11-30 07:47:48,682] Trial 106 finished with value: 0.22780410945415497 and parameters: {'gradient_clip_val': 0.5475493673991161, 'hidden_size': 40, 'dropout': 0.1404716763684917, 'hidden_continuous_size': 35, 'attention_head_size': 2, 'learning_rate': 0.025864664351987275}. Best is trial 60 with value: 0.09029662609100342.
LOCAL_RANK: 0 - CUDA_VISIBLE_DEVICES: [0]
[I 2023-11-30 07:48:02,535] Trial 107 finished with value: 0.3148919343948364 and parameters: {'gradient_clip_val': 0.507078658109181, 'hidden_size': 73, 'dropout': 0.2261930128938424, 'hidden_continuous_size': 46, 'attention_head_size': 2, 'learning_rate': 0.01571885730062227}. Best is trial 60 with value: 0.09029662609100342.
LOCAL_RANK: 0 - CUDA_VISIBLE_DEVICES: [0]
[I 2023-11-30 07:48:16,684] Trial 108 finished with value: 0.24374862015247345 and parameters: {'gradient_clip_val': 0.6221980949564201, 'hidden_size': 76, 'dropout': 0.1653264819475961, 'hidden_continuous_size': 49, 'attention_head_size': 1, 'learning_rate': 0.041332243618755794}. Best is trial 60 with value: 0.09029662609100342.
LOCAL_RANK: 0 - CUDA_VISIBLE_DEVICES: [0]
[I 2023-11-30 07:48:30,258] Trial 109 finished with value: 0.20642070472240448 and parameters: {'gradient_clip_val': 0.5320249149730677, 'hidden_size': 53, 'dropout': 0.12484559494517546, 'hidden_continuous_size': 38, 'attention_head_size': 1, 'learning_rate': 0.02310184689018859}. Best is trial 60 with value: 0.09029662609100342.
LOCAL_RANK: 0 - CUDA_VISIBLE_DEVICES: [0]
[I 2023-11-30 07:48:43,204] Trial 110 finished with value: 0.1349242627620697 and parameters: {'gradient_clip_val': 0.5766983615054273, 'hidden_size': 36, 'dropout': 0.21252689237378208, 'hidden_continuous_size': 32, 'attention_head_size': 1, 'learning_rate': 0.028805135061472396}. Best is trial 60 with value: 0.09029662609100342.
LOCAL_RANK: 0 - CUDA_VISIBLE_DEVICES: [0]
[I 2023-11-30 07:48:55,966] Trial 111 finished with value: 0.16167856752872467 and parameters: {'gradient_clip_val': 0.5728853298293711, 'hidden_size': 36, 'dropout': 0.18858911813546764, 'hidden_continuous_size': 33, 'attention_head_size': 1, 'learning_rate': 0.026759154313217785}. Best is trial 60 with value: 0.09029662609100342.
LOCAL_RANK: 0 - CUDA_VISIBLE_DEVICES: [0]
[I 2023-11-30 07:49:08,971] Trial 112 finished with value: 0.20841485261917114 and parameters: {'gradient_clip_val': 0.602115348804613, 'hidden_size': 34, 'dropout': 0.21305704651430285, 'hidden_continuous_size': 32, 'attention_head_size': 1, 'learning_rate': 0.02888242395886472}. Best is trial 60 with value: 0.09029662609100342.
LOCAL_RANK: 0 - CUDA_VISIBLE_DEVICES: [0]
[I 2023-11-30 07:49:22,161] Trial 113 finished with value: 0.17968745529651642 and parameters: {'gradient_clip_val': 0.634355917194111, 'hidden_size': 39, 'dropout': 0.1460914532298654, 'hidden_continuous_size': 31, 'attention_head_size': 1, 'learning_rate': 0.019462713448188028}. Best is trial 60 with value: 0.09029662609100342.
LOCAL_RANK: 0 - CUDA_VISIBLE_DEVICES: [0]
[I 2023-11-30 07:49:35,215] Trial 114 finished with value: 0.22653591632843018 and parameters: {'gradient_clip_val': 0.676699094564449, 'hidden_size': 44, 'dropout': 0.22090114131120053, 'hidden_continuous_size': 36, 'attention_head_size': 1, 'learning_rate': 0.032091760958978054}. Best is trial 60 with value: 0.09029662609100342.
LOCAL_RANK: 0 - CUDA_VISIBLE_DEVICES: [0]
[I 2023-11-30 07:49:48,863] Trial 115 finished with value: 0.16817496716976166 and parameters: {'gradient_clip_val': 0.5619843595630132, 'hidden_size': 78, 'dropout': 0.24530983330019557, 'hidden_continuous_size': 27, 'attention_head_size': 1, 'learning_rate': 0.047030061840314843}. Best is trial 60 with value: 0.09029662609100342.
LOCAL_RANK: 0 - CUDA_VISIBLE_DEVICES: [0]
[I 2023-11-30 07:50:02,638] Trial 116 finished with value: 0.17261536419391632 and parameters: {'gradient_clip_val': 0.4874421972952113, 'hidden_size': 68, 'dropout': 0.2088941320911314, 'hidden_continuous_size': 44, 'attention_head_size': 2, 'learning_rate': 0.021563663016736474}. Best is trial 60 with value: 0.09029662609100342.
LOCAL_RANK: 0 - CUDA_VISIBLE_DEVICES: [0]
[I 2023-11-30 07:50:15,161] Trial 117 finished with value: 0.20014478266239166 and parameters: {'gradient_clip_val': 0.5403355416477621, 'hidden_size': 36, 'dropout': 0.2315106769413878, 'hidden_continuous_size': 29, 'attention_head_size': 1, 'learning_rate': 0.024422731342670076}. Best is trial 60 with value: 0.09029662609100342.
LOCAL_RANK: 0 - CUDA_VISIBLE_DEVICES: [0]
[I 2023-11-30 07:50:28,487] Trial 118 finished with value: 0.1911872774362564 and parameters: {'gradient_clip_val': 0.5090346483301421, 'hidden_size': 49, 'dropout': 0.10851105380431271, 'hidden_continuous_size': 30, 'attention_head_size': 1, 'learning_rate': 0.03589698802965898}. Best is trial 60 with value: 0.09029662609100342.
LOCAL_RANK: 0 - CUDA_VISIBLE_DEVICES: [0]
[I 2023-11-30 07:50:41,682] Trial 119 finished with value: 0.17499256134033203 and parameters: {'gradient_clip_val': 0.45347036917738875, 'hidden_size': 42, 'dropout': 0.20031193707293235, 'hidden_continuous_size': 32, 'attention_head_size': 2, 'learning_rate': 0.01425382845502029}. Best is trial 60 with value: 0.09029662609100342.
LOCAL_RANK: 0 - CUDA_VISIBLE_DEVICES: [0]
[I 2023-11-30 07:50:55,032] Trial 120 finished with value: 0.20292069017887115 and parameters: {'gradient_clip_val': 0.6112214851491491, 'hidden_size': 56, 'dropout': 0.2512130806501218, 'hidden_continuous_size': 40, 'attention_head_size': 1, 'learning_rate': 0.03916137451834264}. Best is trial 60 with value: 0.09029662609100342.
LOCAL_RANK: 0 - CUDA_VISIBLE_DEVICES: [0]
