[I 2023-11-30 06:30:55,182] Trial 74 finished with value: 8602.1279296875 and parameters: {'gradient_clip_val': 0.11759562374556415, 'hidden_size': 141, 'dropout': 0.128912894198116, 'hidden_continuous_size': 24, 'attention_head_size': 3, 'learning_rate': 0.0023315127627789737}. Best is trial 21 with value: 6933.564453125.
LOCAL_RANK: 0 - CUDA_VISIBLE_DEVICES: [0]
[I 2023-11-30 06:31:09,294] Trial 75 finished with value: 8318.2548828125 and parameters: {'gradient_clip_val': 0.13104183212708298, 'hidden_size': 112, 'dropout': 0.11834700167657156, 'hidden_continuous_size': 38, 'attention_head_size': 2, 'learning_rate': 0.0051247113055731}. Best is trial 21 with value: 6933.564453125.
LOCAL_RANK: 0 - CUDA_VISIBLE_DEVICES: [0]
[I 2023-11-30 06:31:23,521] Trial 76 finished with value: 8516.1796875 and parameters: {'gradient_clip_val': 0.10063773167375586, 'hidden_size': 131, 'dropout': 0.1429658501819002, 'hidden_continuous_size': 27, 'attention_head_size': 2, 'learning_rate': 0.0017558054029080308}. Best is trial 21 with value: 6933.564453125.
LOCAL_RANK: 0 - CUDA_VISIBLE_DEVICES: [0]
[I 2023-11-30 06:31:38,102] Trial 77 finished with value: 7468.56005859375 and parameters: {'gradient_clip_val': 0.13547642327833362, 'hidden_size': 149, 'dropout': 0.10062437391337467, 'hidden_continuous_size': 21, 'attention_head_size': 3, 'learning_rate': 0.0038206578916132818}. Best is trial 21 with value: 6933.564453125.
LOCAL_RANK: 0 - CUDA_VISIBLE_DEVICES: [0]
[I 2023-11-30 06:31:52,518] Trial 78 finished with value: 8737.4453125 and parameters: {'gradient_clip_val': 0.16733954780870505, 'hidden_size': 145, 'dropout': 0.15585540454606203, 'hidden_continuous_size': 23, 'attention_head_size': 2, 'learning_rate': 0.0034117967935561448}. Best is trial 21 with value: 6933.564453125.
LOCAL_RANK: 0 - CUDA_VISIBLE_DEVICES: [0]
[I 2023-11-30 06:32:06,750] Trial 79 finished with value: 8394.859375 and parameters: {'gradient_clip_val': 0.15404353427117695, 'hidden_size': 120, 'dropout': 0.100449073715176, 'hidden_continuous_size': 42, 'attention_head_size': 2, 'learning_rate': 0.0061705937644418105}. Best is trial 21 with value: 6933.564453125.
LOCAL_RANK: 0 - CUDA_VISIBLE_DEVICES: [0]
[I 2023-11-30 06:32:20,987] Trial 80 finished with value: 10799.515625 and parameters: {'gradient_clip_val': 0.13339609386559537, 'hidden_size': 100, 'dropout': 0.11420530281004318, 'hidden_continuous_size': 47, 'attention_head_size': 3, 'learning_rate': 0.0014557671178243882}. Best is trial 21 with value: 6933.564453125.
LOCAL_RANK: 0 - CUDA_VISIBLE_DEVICES: [0]
[I 2023-11-30 06:32:35,161] Trial 81 finished with value: 8635.875 and parameters: {'gradient_clip_val': 0.12300787630952009, 'hidden_size': 132, 'dropout': 0.12146436717304447, 'hidden_continuous_size': 21, 'attention_head_size': 3, 'learning_rate': 0.0038600189604753817}. Best is trial 21 with value: 6933.564453125.
LOCAL_RANK: 0 - CUDA_VISIBLE_DEVICES: [0]
[I 2023-11-30 06:32:49,661] Trial 82 finished with value: 7940.62255859375 and parameters: {'gradient_clip_val': 0.14492578664223402, 'hidden_size': 143, 'dropout': 0.10913462751003536, 'hidden_continuous_size': 29, 'attention_head_size': 3, 'learning_rate': 0.0029863352683057263}. Best is trial 21 with value: 6933.564453125.
LOCAL_RANK: 0 - CUDA_VISIBLE_DEVICES: [0]
[I 2023-11-30 06:33:04,262] Trial 83 finished with value: 8313.7587890625 and parameters: {'gradient_clip_val': 0.11232394832918703, 'hidden_size': 149, 'dropout': 0.1267280877453801, 'hidden_continuous_size': 34, 'attention_head_size': 3, 'learning_rate': 0.0046395261084078996}. Best is trial 21 with value: 6933.564453125.
LOCAL_RANK: 0 - CUDA_VISIBLE_DEVICES: [0]
[I 2023-11-30 06:33:18,706] Trial 84 finished with value: 8495.1669921875 and parameters: {'gradient_clip_val': 0.11777033984013915, 'hidden_size': 106, 'dropout': 0.10798842154615221, 'hidden_continuous_size': 36, 'attention_head_size': 3, 'learning_rate': 0.004088048771569062}. Best is trial 21 with value: 6933.564453125.
LOCAL_RANK: 0 - CUDA_VISIBLE_DEVICES: [0]
[I 2023-11-30 06:33:33,088] Trial 85 finished with value: 8463.08984375 and parameters: {'gradient_clip_val': 0.13760795895885816, 'hidden_size': 123, 'dropout': 0.1381921708795379, 'hidden_continuous_size': 33, 'attention_head_size': 3, 'learning_rate': 0.005604465831934803}. Best is trial 21 with value: 6933.564453125.
LOCAL_RANK: 0 - CUDA_VISIBLE_DEVICES: [0]
[I 2023-11-30 06:33:47,141] Trial 86 finished with value: 7177.388671875 and parameters: {'gradient_clip_val': 0.1270935991247758, 'hidden_size': 114, 'dropout': 0.19732689474778634, 'hidden_continuous_size': 21, 'attention_head_size': 2, 'learning_rate': 0.0019162401947659022}. Best is trial 21 with value: 6933.564453125.
LOCAL_RANK: 0 - CUDA_VISIBLE_DEVICES: [0]
[I 2023-11-30 06:34:00,796] Trial 87 finished with value: 11953.890625 and parameters: {'gradient_clip_val': 0.12621807440459334, 'hidden_size': 88, 'dropout': 0.19941811982918403, 'hidden_continuous_size': 21, 'attention_head_size': 2, 'learning_rate': 0.00195094502815545}. Best is trial 21 with value: 6933.564453125.
LOCAL_RANK: 0 - CUDA_VISIBLE_DEVICES: [0]
[I 2023-11-30 06:34:14,941] Trial 88 finished with value: 7351.15869140625 and parameters: {'gradient_clip_val': 0.1527603839900066, 'hidden_size': 113, 'dropout': 0.1847319179788523, 'hidden_continuous_size': 17, 'attention_head_size': 2, 'learning_rate': 0.0021464096496761095}. Best is trial 21 with value: 6933.564453125.
LOCAL_RANK: 0 - CUDA_VISIBLE_DEVICES: [0]
[I 2023-11-30 06:34:28,698] Trial 89 finished with value: 9006.0087890625 and parameters: {'gradient_clip_val': 0.19054215789467663, 'hidden_size': 93, 'dropout': 0.1893926794933674, 'hidden_continuous_size': 18, 'attention_head_size': 2, 'learning_rate': 0.002156165039202934}. Best is trial 21 with value: 6933.564453125.
LOCAL_RANK: 0 - CUDA_VISIBLE_DEVICES: [0]
[I 2023-11-30 06:34:42,891] Trial 90 finished with value: 8064.00146484375 and parameters: {'gradient_clip_val': 0.15445330645151087, 'hidden_size': 105, 'dropout': 0.17451925933788437, 'hidden_continuous_size': 39, 'attention_head_size': 2, 'learning_rate': 0.0025992077211906424}. Best is trial 21 with value: 6933.564453125.
LOCAL_RANK: 0 - CUDA_VISIBLE_DEVICES: [0]
[I 2023-11-30 06:34:56,825] Trial 91 finished with value: 9729.0888671875 and parameters: {'gradient_clip_val': 0.17069973324207977, 'hidden_size': 114, 'dropout': 0.18505062659875668, 'hidden_continuous_size': 15, 'attention_head_size': 2, 'learning_rate': 0.0018176946573200368}. Best is trial 21 with value: 6933.564453125.
LOCAL_RANK: 0 - CUDA_VISIBLE_DEVICES: [0]
[I 2023-11-30 06:35:10,760] Trial 92 finished with value: 13313.6357421875 and parameters: {'gradient_clip_val': 0.13935182547894773, 'hidden_size': 79, 'dropout': 0.20877252554609926, 'hidden_continuous_size': 41, 'attention_head_size': 2, 'learning_rate': 0.001568495864404524}. Best is trial 21 with value: 6933.564453125.
LOCAL_RANK: 0 - CUDA_VISIBLE_DEVICES: [0]
[I 2023-11-30 06:35:25,102] Trial 93 finished with value: 7626.94384765625 and parameters: {'gradient_clip_val': 0.14679610596767975, 'hidden_size': 124, 'dropout': 0.21679222313795, 'hidden_continuous_size': 36, 'attention_head_size': 2, 'learning_rate': 0.002424645437028854}. Best is trial 21 with value: 6933.564453125.
LOCAL_RANK: 0 - CUDA_VISIBLE_DEVICES: [0]
[I 2023-11-30 06:35:39,372] Trial 94 finished with value: 12390.1376953125 and parameters: {'gradient_clip_val': 0.1830805323497998, 'hidden_size': 110, 'dropout': 0.20353264891424233, 'hidden_continuous_size': 44, 'attention_head_size': 2, 'learning_rate': 0.0011331237354367896}. Best is trial 21 with value: 6933.564453125.
LOCAL_RANK: 0 - CUDA_VISIBLE_DEVICES: [0]
[I 2023-11-30 06:35:53,500] Trial 95 finished with value: 10884.1669921875 and parameters: {'gradient_clip_val': 0.13198858159034008, 'hidden_size': 101, 'dropout': 0.21887341597317433, 'hidden_continuous_size': 39, 'attention_head_size': 2, 'learning_rate': 0.0013413472976588072}. Best is trial 21 with value: 6933.564453125.
LOCAL_RANK: 0 - CUDA_VISIBLE_DEVICES: [0]
[I 2023-11-30 06:36:07,632] Trial 96 finished with value: 7227.24658203125 and parameters: {'gradient_clip_val': 0.20212062248182927, 'hidden_size': 115, 'dropout': 0.19392157665555476, 'hidden_continuous_size': 20, 'attention_head_size': 2, 'learning_rate': 0.0021221379208601855}. Best is trial 21 with value: 6933.564453125.
LOCAL_RANK: 0 - CUDA_VISIBLE_DEVICES: [0]
[I 2023-11-30 06:36:21,434] Trial 97 finished with value: 10398.9296875 and parameters: {'gradient_clip_val': 0.2000612415256548, 'hidden_size': 95, 'dropout': 0.19408870049706975, 'hidden_continuous_size': 20, 'attention_head_size': 2, 'learning_rate': 0.0020862873873965407}. Best is trial 21 with value: 6933.564453125.
LOCAL_RANK: 0 - CUDA_VISIBLE_DEVICES: [0]
[I 2023-11-30 06:36:35,691] Trial 98 finished with value: 12156.078125 and parameters: {'gradient_clip_val': 0.1632698276945344, 'hidden_size': 117, 'dropout': 0.17117180102516363, 'hidden_continuous_size': 16, 'attention_head_size': 2, 'learning_rate': 0.0017162584972057863}. Best is trial 21 with value: 6933.564453125.
LOCAL_RANK: 0 - CUDA_VISIBLE_DEVICES: [0]
[I 2023-11-30 06:36:49,360] Trial 99 finished with value: 10570.208984375 and parameters: {'gradient_clip_val': 0.176471244094557, 'hidden_size': 85, 'dropout': 0.18511342325044622, 'hidden_continuous_size': 25, 'attention_head_size': 2, 'learning_rate': 0.0019100822543702684}. Best is trial 21 with value: 6933.564453125.
LOCAL_RANK: 0 - CUDA_VISIBLE_DEVICES: [0]
[I 2023-11-30 06:37:03,634] Trial 100 finished with value: 7720.01708984375 and parameters: {'gradient_clip_val': 0.15215755144970358, 'hidden_size': 127, 'dropout': 0.21120510400195544, 'hidden_continuous_size': 47, 'attention_head_size': 2, 'learning_rate': 0.0030400754945941956}. Best is trial 21 with value: 6933.564453125.
LOCAL_RANK: 0 - CUDA_VISIBLE_DEVICES: [0]
[I 2023-11-30 06:37:17,998] Trial 101 finished with value: 7786.49462890625 and parameters: {'gradient_clip_val': 0.16755092885152204, 'hidden_size': 142, 'dropout': 0.1954514603180137, 'hidden_continuous_size': 22, 'attention_head_size': 2, 'learning_rate': 0.0022599809109248303}. Best is trial 21 with value: 6933.564453125.
LOCAL_RANK: 0 - CUDA_VISIBLE_DEVICES: [0]
[I 2023-11-30 06:37:32,081] Trial 102 finished with value: 7556.77294921875 and parameters: {'gradient_clip_val': 0.10862759650499702, 'hidden_size': 132, 'dropout': 0.18168971599387415, 'hidden_continuous_size': 20, 'attention_head_size': 2, 'learning_rate': 0.0026561667855154784}. Best is trial 21 with value: 6933.564453125.
LOCAL_RANK: 0 - CUDA_VISIBLE_DEVICES: [0]
[I 2023-11-30 06:37:46,330] Trial 103 finished with value: 7684.25927734375 and parameters: {'gradient_clip_val': 0.1408540527689398, 'hidden_size': 116, 'dropout': 0.20487788498545792, 'hidden_continuous_size': 19, 'attention_head_size': 2, 'learning_rate': 0.003224435134434564}. Best is trial 21 with value: 6933.564453125.
LOCAL_RANK: 0 - CUDA_VISIBLE_DEVICES: [0]
[I 2023-11-30 06:38:00,598] Trial 104 finished with value: 9065.431640625 and parameters: {'gradient_clip_val': 0.12554599692805204, 'hidden_size': 109, 'dropout': 0.16083232794522967, 'hidden_continuous_size': 37, 'attention_head_size': 2, 'learning_rate': 0.0035335777208260863}. Best is trial 21 with value: 6933.564453125.
LOCAL_RANK: 0 - CUDA_VISIBLE_DEVICES: [0]
[I 2023-11-30 06:38:14,714] Trial 105 finished with value: 7852.32177734375 and parameters: {'gradient_clip_val': 0.15409001125489805, 'hidden_size': 122, 'dropout': 0.22969865765934183, 'hidden_continuous_size': 27, 'attention_head_size': 1, 'learning_rate': 0.0044856567731032}. Best is trial 21 with value: 6933.564453125.
LOCAL_RANK: 0 - CUDA_VISIBLE_DEVICES: [0]
[I 2023-11-30 06:38:29,386] Trial 106 finished with value: 8228.3232421875 and parameters: {'gradient_clip_val': 0.11903573104455933, 'hidden_size': 150, 'dropout': 0.15088514617058307, 'hidden_continuous_size': 24, 'attention_head_size': 2, 'learning_rate': 0.001592111239604478}. Best is trial 21 with value: 6933.564453125.
LOCAL_RANK: 0 - CUDA_VISIBLE_DEVICES: [0]
[I 2023-11-30 06:38:43,802] Trial 107 finished with value: 7414.85302734375 and parameters: {'gradient_clip_val': 0.1633004113134049, 'hidden_size': 133, 'dropout': 0.17751457816695332, 'hidden_continuous_size': 42, 'attention_head_size': 2, 'learning_rate': 0.002770999173003312}. Best is trial 21 with value: 6933.564453125.
LOCAL_RANK: 0 - CUDA_VISIBLE_DEVICES: [0]
[I 2023-11-30 06:38:58,170] Trial 108 finished with value: 8380.6484375 and parameters: {'gradient_clip_val': 0.17813526147042116, 'hidden_size': 105, 'dropout': 0.17443388453435868, 'hidden_continuous_size': 42, 'attention_head_size': 2, 'learning_rate': 0.0028784099133442307}. Best is trial 21 with value: 6933.564453125.
LOCAL_RANK: 0 - CUDA_VISIBLE_DEVICES: [0]
[I 2023-11-30 06:39:12,375] Trial 109 finished with value: 7179.9296875 and parameters: {'gradient_clip_val': 0.16087903975323442, 'hidden_size': 97, 'dropout': 0.19397330552660985, 'hidden_continuous_size': 44, 'attention_head_size': 2, 'learning_rate': 0.002396873297415828}. Best is trial 21 with value: 6933.564453125.
LOCAL_RANK: 0 - CUDA_VISIBLE_DEVICES: [0]
[I 2023-11-30 06:39:26,445] Trial 110 finished with value: 8564.4208984375 and parameters: {'gradient_clip_val': 0.21001403064747082, 'hidden_size': 97, 'dropout': 0.1918885024394075, 'hidden_continuous_size': 45, 'attention_head_size': 2, 'learning_rate': 0.001425341125770636}. Best is trial 21 with value: 6933.564453125.
LOCAL_RANK: 0 - CUDA_VISIBLE_DEVICES: [0]
[I 2023-11-30 06:39:40,639] Trial 111 finished with value: 7031.05859375 and parameters: {'gradient_clip_val': 0.1888389066800565, 'hidden_size': 113, 'dropout': 0.18276202125474242, 'hidden_continuous_size': 41, 'attention_head_size': 2, 'learning_rate': 0.0023129535449866847}. Best is trial 21 with value: 6933.564453125.
LOCAL_RANK: 0 - CUDA_VISIBLE_DEVICES: [0]
[I 2023-11-30 06:39:54,664] Trial 112 finished with value: 7775.98681640625 and parameters: {'gradient_clip_val': 0.1852548502980056, 'hidden_size': 90, 'dropout': 0.16974533836595518, 'hidden_continuous_size': 40, 'attention_head_size': 2, 'learning_rate': 0.00236136459869918}. Best is trial 21 with value: 6933.564453125.
LOCAL_RANK: 0 - CUDA_VISIBLE_DEVICES: [0]
[I 2023-11-30 06:40:08,919] Trial 113 finished with value: 7666.64306640625 and parameters: {'gradient_clip_val': 0.19645177153626908, 'hidden_size': 113, 'dropout': 0.200146232880276, 'hidden_continuous_size': 35, 'attention_head_size': 2, 'learning_rate': 0.001888132000749959}. Best is trial 21 with value: 6933.564453125.
LOCAL_RANK: 0 - CUDA_VISIBLE_DEVICES: [0]
[I 2023-11-30 06:40:23,141] Trial 114 finished with value: 8610.80859375 and parameters: {'gradient_clip_val': 0.1711401182920161, 'hidden_size': 103, 'dropout': 0.18585420031875066, 'hidden_continuous_size': 44, 'attention_head_size': 2, 'learning_rate': 0.002170378907160764}. Best is trial 21 with value: 6933.564453125.
LOCAL_RANK: 0 - CUDA_VISIBLE_DEVICES: [0]
[I 2023-11-30 06:40:37,071] Trial 115 finished with value: 10209.9384765625 and parameters: {'gradient_clip_val': 0.18613154221874428, 'hidden_size': 76, 'dropout': 0.22136652668872756, 'hidden_continuous_size': 39, 'attention_head_size': 2, 'learning_rate': 0.0020343258273313007}. Best is trial 21 with value: 6933.564453125.
LOCAL_RANK: 0 - CUDA_VISIBLE_DEVICES: [0]
[I 2023-11-30 06:40:51,283] Trial 116 finished with value: 8525.3701171875 and parameters: {'gradient_clip_val': 0.22983561719832962, 'hidden_size': 98, 'dropout': 0.21369365577403238, 'hidden_continuous_size': 48, 'attention_head_size': 2, 'learning_rate': 0.001708949013902467}. Best is trial 21 with value: 6933.564453125.
LOCAL_RANK: 0 - CUDA_VISIBLE_DEVICES: [0]
[I 2023-11-30 06:41:05,331] Trial 117 finished with value: 7974.72900390625 and parameters: {'gradient_clip_val': 0.15896667132651146, 'hidden_size': 82, 'dropout': 0.2083144392080637, 'hidden_continuous_size': 52, 'attention_head_size': 2, 'learning_rate': 0.0025044813911950566}. Best is trial 21 with value: 6933.564453125.
LOCAL_RANK: 0 - CUDA_VISIBLE_DEVICES: [0]
[I 2023-11-30 06:41:19,832] Trial 118 finished with value: 7771.20947265625 and parameters: {'gradient_clip_val': 0.2062500483306047, 'hidden_size': 121, 'dropout': 0.19992339855189545, 'hidden_continuous_size': 53, 'attention_head_size': 2, 'learning_rate': 0.0018389966747176492}. Best is trial 21 with value: 6933.564453125.
LOCAL_RANK: 0 - CUDA_VISIBLE_DEVICES: [0]
[I 2023-11-30 06:41:33,870] Trial 119 finished with value: 7885.10302734375 and parameters: {'gradient_clip_val': 0.17468291159194937, 'hidden_size': 112, 'dropout': 0.18094652513920795, 'hidden_continuous_size': 37, 'attention_head_size': 2, 'learning_rate': 0.0023089983465863777}. Best is trial 21 with value: 6933.564453125.
LOCAL_RANK: 0 - CUDA_VISIBLE_DEVICES: [0]
[I 2023-11-30 06:41:48,307] Trial 120 finished with value: 8245.29296875 and parameters: {'gradient_clip_val': 0.1432717123170466, 'hidden_size': 127, 'dropout': 0.16363724297181972, 'hidden_continuous_size': 49, 'attention_head_size': 2, 'learning_rate': 0.0016272619347651855}. Best is trial 21 with value: 6933.564453125.
LOCAL_RANK: 0 - CUDA_VISIBLE_DEVICES: [0]
[I 2023-11-30 06:42:02,550] Trial 121 finished with value: 7718.14453125 and parameters: {'gradient_clip_val': 0.16189374673316748, 'hidden_size': 136, 'dropout': 0.17645941929019554, 'hidden_continuous_size': 42, 'attention_head_size': 2, 'learning_rate': 0.0027193295722181842}. Best is trial 21 with value: 6933.564453125.
LOCAL_RANK: 0 - CUDA_VISIBLE_DEVICES: [0]
[I 2023-11-30 06:42:16,801] Trial 122 finished with value: 7732.76806640625 and parameters: {'gradient_clip_val': 0.16534514755390345, 'hidden_size': 132, 'dropout': 0.19031744428830352, 'hidden_continuous_size': 45, 'attention_head_size': 2, 'learning_rate': 0.0020594711327274187}. Best is trial 21 with value: 6933.564453125.
LOCAL_RANK: 0 - CUDA_VISIBLE_DEVICES: [0]
[I 2023-11-30 06:42:31,183] Trial 123 finished with value: 8005.169921875 and parameters: {'gradient_clip_val': 0.1927542682339427, 'hidden_size': 117, 'dropout': 0.17937664521011873, 'hidden_continuous_size': 33, 'attention_head_size': 2, 'learning_rate': 0.0033099077534526193}. Best is trial 21 with value: 6933.564453125.
LOCAL_RANK: 0 - CUDA_VISIBLE_DEVICES: [0]
[I 2023-11-30 06:42:45,377] Trial 124 finished with value: 8644.2421875 and parameters: {'gradient_clip_val': 0.1477486652953045, 'hidden_size': 106, 'dropout': 0.1964882448133851, 'hidden_continuous_size': 41, 'attention_head_size': 2, 'learning_rate': 0.002884517311310823}. Best is trial 21 with value: 6933.564453125.
LOCAL_RANK: 0 - CUDA_VISIBLE_DEVICES: [0]
[I 2023-11-30 06:42:59,933] Trial 125 finished with value: 8167.06494140625 and parameters: {'gradient_clip_val': 0.15835889855215426, 'hidden_size': 141, 'dropout': 0.1571274912752934, 'hidden_continuous_size': 35, 'attention_head_size': 2, 'learning_rate': 0.0024163824687648723}. Best is trial 21 with value: 6933.564453125.
LOCAL_RANK: 0 - CUDA_VISIBLE_DEVICES: [0]
[I 2023-11-30 06:43:14,021] Trial 126 finished with value: 8080.18603515625 and parameters: {'gradient_clip_val': 0.11493303975408786, 'hidden_size': 91, 'dropout': 0.2042936551112946, 'hidden_continuous_size': 46, 'attention_head_size': 2, 'learning_rate': 0.0026030064983898413}. Best is trial 21 with value: 6933.564453125.
LOCAL_RANK: 0 - CUDA_VISIBLE_DEVICES: [0]
[I 2023-11-30 06:43:28,112] Trial 127 finished with value: 7195.73193359375 and parameters: {'gradient_clip_val': 0.10663475622811548, 'hidden_size': 127, 'dropout': 0.171250213934671, 'hidden_continuous_size': 38, 'attention_head_size': 2, 'learning_rate': 0.0014827065941885932}. Best is trial 21 with value: 6933.564453125.
LOCAL_RANK: 0 - CUDA_VISIBLE_DEVICES: [0]
[I 2023-11-30 06:43:42,626] Trial 128 finished with value: 8659.9150390625 and parameters: {'gradient_clip_val': 0.10689392916819235, 'hidden_size': 125, 'dropout': 0.19014369230012845, 'hidden_continuous_size': 38, 'attention_head_size': 4, 'learning_rate': 0.0015226156643099236}. Best is trial 21 with value: 6933.564453125.
LOCAL_RANK: 0 - CUDA_VISIBLE_DEVICES: [0]
[I 2023-11-30 06:43:56,777] Trial 129 finished with value: 11688.6298828125 and parameters: {'gradient_clip_val': 0.1102453651208893, 'hidden_size': 100, 'dropout': 0.13440372705405879, 'hidden_continuous_size': 38, 'attention_head_size': 2, 'learning_rate': 0.0013054670864428826}. Best is trial 21 with value: 6933.564453125.
LOCAL_RANK: 0 - CUDA_VISIBLE_DEVICES: [0]
[I 2023-11-30 06:44:10,894] Trial 130 finished with value: 9071.046875 and parameters: {'gradient_clip_val': 0.1278605668145408, 'hidden_size': 109, 'dropout': 0.1689596991132048, 'hidden_continuous_size': 31, 'attention_head_size': 2, 'learning_rate': 0.0014767611654823386}. Best is trial 21 with value: 6933.564453125.
LOCAL_RANK: 0 - CUDA_VISIBLE_DEVICES: [0]
[I 2023-11-30 06:44:25,194] Trial 131 finished with value: 8482.2197265625 and parameters: {'gradient_clip_val': 0.11670488679519228, 'hidden_size': 134, 'dropout': 0.18241463579436648, 'hidden_continuous_size': 43, 'attention_head_size': 2, 'learning_rate': 0.0018092268598271224}. Best is trial 21 with value: 6933.564453125.
LOCAL_RANK: 0 - CUDA_VISIBLE_DEVICES: [0]
[I 2023-11-30 06:44:39,501] Trial 132 finished with value: 7427.19287109375 and parameters: {'gradient_clip_val': 0.17899345806428282, 'hidden_size': 118, 'dropout': 0.17288186965438665, 'hidden_continuous_size': 41, 'attention_head_size': 2, 'learning_rate': 0.002192681514223516}. Best is trial 21 with value: 6933.564453125.
LOCAL_RANK: 0 - CUDA_VISIBLE_DEVICES: [0]
