[I 2023-11-30 09:58:30,063] Trial 97 finished with value: 0.15292704105377197 and parameters: {'gradient_clip_val': 0.46185400786998215, 'hidden_size': 109, 'dropout': 0.3698365811157264, 'hidden_continuous_size': 11, 'attention_head_size': 3, 'learning_rate': 0.021319835317706294}. Best is trial 80 with value: 0.09247618168592453.
LOCAL_RANK: 0 - CUDA_VISIBLE_DEVICES: [0]
[I 2023-11-30 09:58:43,803] Trial 98 finished with value: 0.29065293073654175 and parameters: {'gradient_clip_val': 0.3324742681481424, 'hidden_size': 71, 'dropout': 0.39135046149841296, 'hidden_continuous_size': 25, 'attention_head_size': 2, 'learning_rate': 0.01060513558356182}. Best is trial 80 with value: 0.09247618168592453.
LOCAL_RANK: 0 - CUDA_VISIBLE_DEVICES: [0]
[I 2023-11-30 09:58:57,475] Trial 99 finished with value: 0.20557726919651031 and parameters: {'gradient_clip_val': 0.3887980147486623, 'hidden_size': 62, 'dropout': 0.3487733392422856, 'hidden_continuous_size': 23, 'attention_head_size': 3, 'learning_rate': 0.03385205219407206}. Best is trial 80 with value: 0.09247618168592453.
LOCAL_RANK: 0 - CUDA_VISIBLE_DEVICES: [0]
[I 2023-11-30 09:59:11,727] Trial 100 finished with value: 0.13596440851688385 and parameters: {'gradient_clip_val': 0.3162279159819179, 'hidden_size': 94, 'dropout': 0.3605109205291217, 'hidden_continuous_size': 38, 'attention_head_size': 2, 'learning_rate': 0.02606554470723254}. Best is trial 80 with value: 0.09247618168592453.
LOCAL_RANK: 0 - CUDA_VISIBLE_DEVICES: [0]
[I 2023-11-30 09:59:25,803] Trial 101 finished with value: 0.08073661476373672 and parameters: {'gradient_clip_val': 0.7707507107222291, 'hidden_size': 104, 'dropout': 0.3223318798722928, 'hidden_continuous_size': 36, 'attention_head_size': 3, 'learning_rate': 0.02764143599769644}. Best is trial 101 with value: 0.08073661476373672.
LOCAL_RANK: 0 - CUDA_VISIBLE_DEVICES: [0]
[I 2023-11-30 09:59:39,889] Trial 102 finished with value: 0.22494833171367645 and parameters: {'gradient_clip_val': 0.7890660929465426, 'hidden_size': 99, 'dropout': 0.27332215377419206, 'hidden_continuous_size': 35, 'attention_head_size': 3, 'learning_rate': 0.0165626920112381}. Best is trial 101 with value: 0.08073661476373672.
LOCAL_RANK: 0 - CUDA_VISIBLE_DEVICES: [0]
[I 2023-11-30 09:59:53,809] Trial 103 finished with value: 0.14119009673595428 and parameters: {'gradient_clip_val': 0.581772941832923, 'hidden_size': 78, 'dropout': 0.3255581448603006, 'hidden_continuous_size': 36, 'attention_head_size': 3, 'learning_rate': 0.023268284806747395}. Best is trial 101 with value: 0.08073661476373672.
LOCAL_RANK: 0 - CUDA_VISIBLE_DEVICES: [0]
[I 2023-11-30 10:00:07,846] Trial 104 finished with value: 0.13347390294075012 and parameters: {'gradient_clip_val': 0.34249208724867874, 'hidden_size': 89, 'dropout': 0.31195004106153756, 'hidden_continuous_size': 29, 'attention_head_size': 3, 'learning_rate': 0.02679615551052436}. Best is trial 101 with value: 0.08073661476373672.
LOCAL_RANK: 0 - CUDA_VISIBLE_DEVICES: [0]
[I 2023-11-30 10:00:21,694] Trial 105 finished with value: 0.13410508632659912 and parameters: {'gradient_clip_val': 0.2949442538859312, 'hidden_size': 83, 'dropout': 0.31805796870953124, 'hidden_continuous_size': 22, 'attention_head_size': 3, 'learning_rate': 0.04671868072720517}. Best is trial 101 with value: 0.08073661476373672.
LOCAL_RANK: 0 - CUDA_VISIBLE_DEVICES: [0]
[I 2023-11-30 10:00:35,911] Trial 106 finished with value: 0.11603722721338272 and parameters: {'gradient_clip_val': 0.4301495656542833, 'hidden_size': 103, 'dropout': 0.3445978142678731, 'hidden_continuous_size': 34, 'attention_head_size': 3, 'learning_rate': 0.02081896064249697}. Best is trial 101 with value: 0.08073661476373672.
LOCAL_RANK: 0 - CUDA_VISIBLE_DEVICES: [0]
[I 2023-11-30 10:00:49,477] Trial 107 finished with value: 0.13532422482967377 and parameters: {'gradient_clip_val': 0.4888586094481068, 'hidden_size': 68, 'dropout': 0.3557233215860551, 'hidden_continuous_size': 40, 'attention_head_size': 2, 'learning_rate': 0.017999840308484515}. Best is trial 101 with value: 0.08073661476373672.
LOCAL_RANK: 0 - CUDA_VISIBLE_DEVICES: [0]
[I 2023-11-30 10:01:03,159] Trial 108 finished with value: 0.13107693195343018 and parameters: {'gradient_clip_val': 0.3558071073150355, 'hidden_size': 74, 'dropout': 0.3783167815431177, 'hidden_continuous_size': 30, 'attention_head_size': 1, 'learning_rate': 0.02996585298785813}. Best is trial 101 with value: 0.08073661476373672.
LOCAL_RANK: 0 - CUDA_VISIBLE_DEVICES: [0]
[I 2023-11-30 10:01:17,408] Trial 109 finished with value: 0.16577161848545074 and parameters: {'gradient_clip_val': 0.4720350323142099, 'hidden_size': 95, 'dropout': 0.3315508669348118, 'hidden_continuous_size': 27, 'attention_head_size': 3, 'learning_rate': 0.03807680935686632}. Best is trial 101 with value: 0.08073661476373672.
LOCAL_RANK: 0 - CUDA_VISIBLE_DEVICES: [0]
[I 2023-11-30 10:01:30,993] Trial 110 finished with value: 0.1404086947441101 and parameters: {'gradient_clip_val': 0.2271448684456297, 'hidden_size': 83, 'dropout': 0.322484732209847, 'hidden_continuous_size': 17, 'attention_head_size': 2, 'learning_rate': 0.024008394420935584}. Best is trial 101 with value: 0.08073661476373672.
LOCAL_RANK: 0 - CUDA_VISIBLE_DEVICES: [0]
[I 2023-11-30 10:01:44,816] Trial 111 finished with value: 0.10916337370872498 and parameters: {'gradient_clip_val': 0.7271215742095427, 'hidden_size': 104, 'dropout': 0.3058004464753615, 'hidden_continuous_size': 31, 'attention_head_size': 3, 'learning_rate': 0.03377641134273262}. Best is trial 101 with value: 0.08073661476373672.
LOCAL_RANK: 0 - CUDA_VISIBLE_DEVICES: [0]
[I 2023-11-30 10:01:59,027] Trial 112 finished with value: 0.18624377250671387 and parameters: {'gradient_clip_val': 0.7580372044773159, 'hidden_size': 111, 'dropout': 0.3108783223769811, 'hidden_continuous_size': 30, 'attention_head_size': 3, 'learning_rate': 0.03477664967218043}. Best is trial 101 with value: 0.08073661476373672.
LOCAL_RANK: 0 - CUDA_VISIBLE_DEVICES: [0]
[I 2023-11-30 10:02:13,051] Trial 113 finished with value: 0.25614336133003235 and parameters: {'gradient_clip_val': 0.3868881951001065, 'hidden_size': 120, 'dropout': 0.3012279241458391, 'hidden_continuous_size': 32, 'attention_head_size': 3, 'learning_rate': 0.03182024142423965}. Best is trial 101 with value: 0.08073661476373672.
LOCAL_RANK: 0 - CUDA_VISIBLE_DEVICES: [0]
[I 2023-11-30 10:02:27,278] Trial 114 finished with value: 0.11492923647165298 and parameters: {'gradient_clip_val': 0.6174968984300244, 'hidden_size': 105, 'dropout': 0.3412029120097991, 'hidden_continuous_size': 31, 'attention_head_size': 3, 'learning_rate': 0.027202871408385797}. Best is trial 101 with value: 0.08073661476373672.
LOCAL_RANK: 0 - CUDA_VISIBLE_DEVICES: [0]
[I 2023-11-30 10:02:41,185] Trial 115 finished with value: 0.20245955884456635 and parameters: {'gradient_clip_val': 0.6499056202266283, 'hidden_size': 92, 'dropout': 0.3210840364615296, 'hidden_continuous_size': 26, 'attention_head_size': 3, 'learning_rate': 0.04310156779801131}. Best is trial 101 with value: 0.08073661476373672.
LOCAL_RANK: 0 - CUDA_VISIBLE_DEVICES: [0]
[I 2023-11-30 10:02:55,035] Trial 116 finished with value: 0.1550910472869873 and parameters: {'gradient_clip_val': 0.15188358593557522, 'hidden_size': 78, 'dropout': 0.13538899781149702, 'hidden_continuous_size': 28, 'attention_head_size': 3, 'learning_rate': 0.02185794499068274}. Best is trial 101 with value: 0.08073661476373672.
LOCAL_RANK: 0 - CUDA_VISIBLE_DEVICES: [0]
[I 2023-11-30 10:03:08,693] Trial 117 finished with value: 0.1508733481168747 and parameters: {'gradient_clip_val': 0.12600102628029244, 'hidden_size': 86, 'dropout': 0.35093032297931254, 'hidden_continuous_size': 24, 'attention_head_size': 1, 'learning_rate': 0.015887517116380565}. Best is trial 101 with value: 0.08073661476373672.
LOCAL_RANK: 0 - CUDA_VISIBLE_DEVICES: [0]
[I 2023-11-30 10:03:22,908] Trial 118 finished with value: 0.165627583861351 and parameters: {'gradient_clip_val': 0.2712042852964927, 'hidden_size': 101, 'dropout': 0.3995023148656032, 'hidden_continuous_size': 34, 'attention_head_size': 3, 'learning_rate': 0.0393761926291655}. Best is trial 101 with value: 0.08073661476373672.
LOCAL_RANK: 0 - CUDA_VISIBLE_DEVICES: [0]
[I 2023-11-30 10:03:36,633] Trial 119 finished with value: 0.20289714634418488 and parameters: {'gradient_clip_val': 0.5463396930088034, 'hidden_size': 65, 'dropout': 0.33481893001860535, 'hidden_continuous_size': 20, 'attention_head_size': 2, 'learning_rate': 0.05415845006362709}. Best is trial 101 with value: 0.08073661476373672.
LOCAL_RANK: 0 - CUDA_VISIBLE_DEVICES: [0]
[I 2023-11-30 10:03:50,586] Trial 120 finished with value: 0.13374976813793182 and parameters: {'gradient_clip_val': 0.5855242458427482, 'hidden_size': 89, 'dropout': 0.36610244958862787, 'hidden_continuous_size': 19, 'attention_head_size': 3, 'learning_rate': 0.01905967904567593}. Best is trial 101 with value: 0.08073661476373672.
LOCAL_RANK: 0 - CUDA_VISIBLE_DEVICES: [0]
[I 2023-11-30 10:04:05,053] Trial 121 finished with value: 0.13517291843891144 and parameters: {'gradient_clip_val': 0.9792362429346436, 'hidden_size': 129, 'dropout': 0.3063386191285649, 'hidden_continuous_size': 41, 'attention_head_size': 3, 'learning_rate': 0.02895576995329488}. Best is trial 101 with value: 0.08073661476373672.
LOCAL_RANK: 0 - CUDA_VISIBLE_DEVICES: [0]
[I 2023-11-30 10:04:19,328] Trial 122 finished with value: 0.16419966518878937 and parameters: {'gradient_clip_val': 0.8276799315245554, 'hidden_size': 112, 'dropout': 0.17918792961433605, 'hidden_continuous_size': 35, 'attention_head_size': 3, 'learning_rate': 0.02514674989211613}. Best is trial 101 with value: 0.08073661476373672.
LOCAL_RANK: 0 - CUDA_VISIBLE_DEVICES: [0]
[I 2023-11-30 10:04:33,286] Trial 123 finished with value: 0.25391921401023865 and parameters: {'gradient_clip_val': 0.8697884427393409, 'hidden_size': 107, 'dropout': 0.3849214156267963, 'hidden_continuous_size': 13, 'attention_head_size': 3, 'learning_rate': 0.03541634418669691}. Best is trial 101 with value: 0.08073661476373672.
LOCAL_RANK: 0 - CUDA_VISIBLE_DEVICES: [0]
[I 2023-11-30 10:04:47,559] Trial 124 finished with value: 0.10796733945608139 and parameters: {'gradient_clip_val': 0.6987044835135308, 'hidden_size': 97, 'dropout': 0.32605832303308, 'hidden_continuous_size': 32, 'attention_head_size': 3, 'learning_rate': 0.022817815429687287}. Best is trial 101 with value: 0.08073661476373672.
LOCAL_RANK: 0 - CUDA_VISIBLE_DEVICES: [0]
[I 2023-11-30 10:05:01,441] Trial 125 finished with value: 0.12702415883541107 and parameters: {'gradient_clip_val': 0.6870407416387504, 'hidden_size': 97, 'dropout': 0.3266938940441776, 'hidden_continuous_size': 32, 'attention_head_size': 3, 'learning_rate': 0.02064508577180103}. Best is trial 101 with value: 0.08073661476373672.
LOCAL_RANK: 0 - CUDA_VISIBLE_DEVICES: [0]
[I 2023-11-30 10:05:15,297] Trial 126 finished with value: 0.15506137907505035 and parameters: {'gradient_clip_val': 0.715788340177105, 'hidden_size': 79, 'dropout': 0.3157523357304283, 'hidden_continuous_size': 33, 'attention_head_size': 3, 'learning_rate': 0.02245380751171756}. Best is trial 101 with value: 0.08073661476373672.
LOCAL_RANK: 0 - CUDA_VISIBLE_DEVICES: [0]
[I 2023-11-30 10:05:28,989] Trial 127 finished with value: 0.1819450855255127 and parameters: {'gradient_clip_val': 0.2012958426167192, 'hidden_size': 74, 'dropout': 0.3734014698514235, 'hidden_continuous_size': 15, 'attention_head_size': 2, 'learning_rate': 0.01412863474863416}. Best is trial 101 with value: 0.08073661476373672.
LOCAL_RANK: 0 - CUDA_VISIBLE_DEVICES: [0]
[I 2023-11-30 10:05:42,960] Trial 128 finished with value: 0.13391703367233276 and parameters: {'gradient_clip_val': 0.6293013737498524, 'hidden_size': 93, 'dropout': 0.34183818283320344, 'hidden_continuous_size': 28, 'attention_head_size': 3, 'learning_rate': 0.03162667534400801}. Best is trial 101 with value: 0.08073661476373672.
LOCAL_RANK: 0 - CUDA_VISIBLE_DEVICES: [0]
[I 2023-11-30 10:05:56,829] Trial 129 finished with value: 0.10656407475471497 and parameters: {'gradient_clip_val': 0.7184865620856687, 'hidden_size': 84, 'dropout': 0.355265469353475, 'hidden_continuous_size': 30, 'attention_head_size': 1, 'learning_rate': 0.018144316385458107}. Best is trial 101 with value: 0.08073661476373672.
LOCAL_RANK: 0 - CUDA_VISIBLE_DEVICES: [0]
[I 2023-11-30 10:06:10,499] Trial 130 finished with value: 0.1534477025270462 and parameters: {'gradient_clip_val': 0.7240930738142405, 'hidden_size': 83, 'dropout': 0.35546387879358143, 'hidden_continuous_size': 27, 'attention_head_size': 1, 'learning_rate': 0.017241578405672354}. Best is trial 101 with value: 0.08073661476373672.
LOCAL_RANK: 0 - CUDA_VISIBLE_DEVICES: [0]
[I 2023-11-30 10:06:24,006] Trial 131 finished with value: 0.13194331526756287 and parameters: {'gradient_clip_val': 0.6805370659168053, 'hidden_size': 88, 'dropout': 0.34765758783237005, 'hidden_continuous_size': 29, 'attention_head_size': 1, 'learning_rate': 0.01865056958775036}. Best is trial 101 with value: 0.08073661476373672.
LOCAL_RANK: 0 - CUDA_VISIBLE_DEVICES: [0]
[I 2023-11-30 10:06:37,456] Trial 132 finished with value: 0.15122796595096588 and parameters: {'gradient_clip_val': 0.6734292131879845, 'hidden_size': 69, 'dropout': 0.3615328994842577, 'hidden_continuous_size': 31, 'attention_head_size': 1, 'learning_rate': 0.02447845215207065}. Best is trial 101 with value: 0.08073661476373672.
LOCAL_RANK: 0 - CUDA_VISIBLE_DEVICES: [0]
[I 2023-11-30 10:06:51,302] Trial 133 finished with value: 0.16168822348117828 and parameters: {'gradient_clip_val': 0.7243321964795079, 'hidden_size': 81, 'dropout': 0.334008095337807, 'hidden_continuous_size': 33, 'attention_head_size': 1, 'learning_rate': 0.015755340946069295}. Best is trial 101 with value: 0.08073661476373672.
LOCAL_RANK: 0 - CUDA_VISIBLE_DEVICES: [0]
[I 2023-11-30 10:07:05,462] Trial 134 finished with value: 0.09625206142663956 and parameters: {'gradient_clip_val': 0.6510628889345582, 'hidden_size': 99, 'dropout': 0.39409621154804925, 'hidden_continuous_size': 30, 'attention_head_size': 1, 'learning_rate': 0.020987317765860488}. Best is trial 101 with value: 0.08073661476373672.
LOCAL_RANK: 0 - CUDA_VISIBLE_DEVICES: [0]
[I 2023-11-30 10:07:19,526] Trial 135 finished with value: 0.17448537051677704 and parameters: {'gradient_clip_val': 0.6598666015971836, 'hidden_size': 117, 'dropout': 0.39025793658123803, 'hidden_continuous_size': 36, 'attention_head_size': 1, 'learning_rate': 0.020629782153647067}. Best is trial 101 with value: 0.08073661476373672.
LOCAL_RANK: 0 - CUDA_VISIBLE_DEVICES: [0]
[I 2023-11-30 10:07:33,558] Trial 136 finished with value: 0.11594139784574509 and parameters: {'gradient_clip_val': 0.6070252622158769, 'hidden_size': 102, 'dropout': 0.3960008203603189, 'hidden_continuous_size': 31, 'attention_head_size': 2, 'learning_rate': 0.026885136059409103}. Best is trial 101 with value: 0.08073661476373672.
LOCAL_RANK: 0 - CUDA_VISIBLE_DEVICES: [0]
[I 2023-11-30 10:07:47,456] Trial 137 finished with value: 0.10420585423707962 and parameters: {'gradient_clip_val': 0.6462852982414607, 'hidden_size': 96, 'dropout': 0.38422121992459257, 'hidden_continuous_size': 29, 'attention_head_size': 3, 'learning_rate': 0.022806464933579865}. Best is trial 101 with value: 0.08073661476373672.
LOCAL_RANK: 0 - CUDA_VISIBLE_DEVICES: [0]
[I 2023-11-30 10:08:01,575] Trial 138 finished with value: 0.16225576400756836 and parameters: {'gradient_clip_val': 0.6528501198643915, 'hidden_size': 97, 'dropout': 0.3783613732631829, 'hidden_continuous_size': 26, 'attention_head_size': 3, 'learning_rate': 0.02243955155054325}. Best is trial 101 with value: 0.08073661476373672.
LOCAL_RANK: 0 - CUDA_VISIBLE_DEVICES: [0]
[I 2023-11-30 10:08:15,794] Trial 139 finished with value: 0.1731473207473755 and parameters: {'gradient_clip_val': 0.6307853489115486, 'hidden_size': 108, 'dropout': 0.3695020286695382, 'hidden_continuous_size': 30, 'attention_head_size': 3, 'learning_rate': 0.019019557197659787}. Best is trial 101 with value: 0.08073661476373672.
LOCAL_RANK: 0 - CUDA_VISIBLE_DEVICES: [0]
[I 2023-11-30 10:08:29,752] Trial 140 finished with value: 0.15555118024349213 and parameters: {'gradient_clip_val': 0.5916359302731644, 'hidden_size': 90, 'dropout': 0.36143310572173, 'hidden_continuous_size': 28, 'attention_head_size': 3, 'learning_rate': 0.013167012685291446}. Best is trial 101 with value: 0.08073661476373672.
LOCAL_RANK: 0 - CUDA_VISIBLE_DEVICES: [0]
[I 2023-11-30 10:08:43,510] Trial 141 finished with value: 0.1005316972732544 and parameters: {'gradient_clip_val': 0.7070002208454006, 'hidden_size': 96, 'dropout': 0.3924662084219271, 'hidden_continuous_size': 29, 'attention_head_size': 3, 'learning_rate': 0.024880323464275204}. Best is trial 101 with value: 0.08073661476373672.
LOCAL_RANK: 0 - CUDA_VISIBLE_DEVICES: [0]
[I 2023-11-30 10:08:57,418] Trial 142 finished with value: 0.10018349438905716 and parameters: {'gradient_clip_val': 0.7061511829619321, 'hidden_size': 99, 'dropout': 0.3867450810370354, 'hidden_continuous_size': 30, 'attention_head_size': 3, 'learning_rate': 0.024018509809989125}. Best is trial 101 with value: 0.08073661476373672.
LOCAL_RANK: 0 - CUDA_VISIBLE_DEVICES: [0]
[I 2023-11-30 10:09:11,241] Trial 143 finished with value: 0.18047995865345 and parameters: {'gradient_clip_val': 0.7596050240738668, 'hidden_size': 97, 'dropout': 0.38555359101669884, 'hidden_continuous_size': 29, 'attention_head_size': 3, 'learning_rate': 0.024003928704354825}. Best is trial 101 with value: 0.08073661476373672.
LOCAL_RANK: 0 - CUDA_VISIBLE_DEVICES: [0]
[I 2023-11-30 10:09:25,266] Trial 144 finished with value: 0.17981530725955963 and parameters: {'gradient_clip_val': 0.688698203632002, 'hidden_size': 92, 'dropout': 0.383106198900239, 'hidden_continuous_size': 25, 'attention_head_size': 3, 'learning_rate': 0.020748697669527055}. Best is trial 101 with value: 0.08073661476373672.
LOCAL_RANK: 0 - CUDA_VISIBLE_DEVICES: [0]
[I 2023-11-30 10:09:39,056] Trial 145 finished with value: 0.15908874571323395 and parameters: {'gradient_clip_val': 0.6423524737659881, 'hidden_size': 85, 'dropout': 0.39219169733424075, 'hidden_continuous_size': 27, 'attention_head_size': 3, 'learning_rate': 0.018336407316325447}. Best is trial 101 with value: 0.08073661476373672.
LOCAL_RANK: 0 - CUDA_VISIBLE_DEVICES: [0]
[I 2023-11-30 10:09:53,119] Trial 146 finished with value: 0.14082373678684235 and parameters: {'gradient_clip_val': 0.5741880298924676, 'hidden_size': 116, 'dropout': 0.37662264063939177, 'hidden_continuous_size': 24, 'attention_head_size': 3, 'learning_rate': 0.016978796972279806}. Best is trial 101 with value: 0.08073661476373672.
LOCAL_RANK: 0 - CUDA_VISIBLE_DEVICES: [0]
[I 2023-11-30 10:10:07,013] Trial 147 finished with value: 0.13043422996997833 and parameters: {'gradient_clip_val': 0.6195111305127928, 'hidden_size': 99, 'dropout': 0.39366347668737156, 'hidden_continuous_size': 29, 'attention_head_size': 3, 'learning_rate': 0.02655272314162991}. Best is trial 101 with value: 0.08073661476373672.
LOCAL_RANK: 0 - CUDA_VISIBLE_DEVICES: [0]
[I 2023-11-30 10:10:21,021] Trial 148 finished with value: 0.10907035320997238 and parameters: {'gradient_clip_val': 0.5572605050743381, 'hidden_size': 109, 'dropout': 0.37171087033066486, 'hidden_continuous_size': 25, 'attention_head_size': 1, 'learning_rate': 0.022941862423908183}. Best is trial 101 with value: 0.08073661476373672.
LOCAL_RANK: 0 - CUDA_VISIBLE_DEVICES: [0]
[I 2023-11-30 10:10:35,240] Trial 149 finished with value: 0.14241860806941986 and parameters: {'gradient_clip_val': 0.6693665679071897, 'hidden_size': 94, 'dropout': 0.385849120687391, 'hidden_continuous_size': 34, 'attention_head_size': 3, 'learning_rate': 0.020411626852323856}. Best is trial 101 with value: 0.08073661476373672.
[I 2023-11-30 10:10:35,352] A new study created in memory with name: no-name-c6571d05-1c24-4166-a9fd-5d1ffa936712
/home/le004/conda/anaconda3/envs/tsff_env/lib/python3.9/site-packages/lightning/fabric/plugins/environments/slurm.py:191: The `srun` command is available on your system but is not used. HINT: If your intention is to run Lightning on SLURM, prepend your python command with `srun` like so: srun python /home/le004/master_thesis/git/TSFusionForecast/code/ ...
LOCAL_RANK: 0 - CUDA_VISIBLE_DEVICES: [0]
[I 2023-11-30 10:10:47,950] Trial 0 finished with value: 0.9763832688331604 and parameters: {'gradient_clip_val': 0.11257342347011372, 'hidden_size': 19, 'dropout': 0.3944531597278548, 'hidden_continuous_size': 13, 'attention_head_size': 4, 'learning_rate': 0.008241196612798943}. Best is trial 0 with value: 0.9763832688331604.
LOCAL_RANK: 0 - CUDA_VISIBLE_DEVICES: [0]
[I 2023-11-30 10:11:00,741] Trial 1 finished with value: 0.44722938537597656 and parameters: {'gradient_clip_val': 0.4769687786166665, 'hidden_size': 36, 'dropout': 0.30554362115842887, 'hidden_continuous_size': 15, 'attention_head_size': 3, 'learning_rate': 0.007687189412173555}. Best is trial 1 with value: 0.44722938537597656.
LOCAL_RANK: 0 - CUDA_VISIBLE_DEVICES: [0]
[I 2023-11-30 10:11:13,070] Trial 2 finished with value: 2.5675089359283447 and parameters: {'gradient_clip_val': 0.7930610843024198, 'hidden_size': 21, 'dropout': 0.36867453565421415, 'hidden_continuous_size': 10, 'attention_head_size': 1, 'learning_rate': 0.0017482332257644643}. Best is trial 1 with value: 0.44722938537597656.
LOCAL_RANK: 0 - CUDA_VISIBLE_DEVICES: [0]
[I 2023-11-30 10:11:26,125] Trial 3 finished with value: 0.9947155117988586 and parameters: {'gradient_clip_val': 0.11963258131769251, 'hidden_size': 34, 'dropout': 0.22680249240432088, 'hidden_continuous_size': 27, 'attention_head_size': 3, 'learning_rate': 0.007118146228839286}. Best is trial 1 with value: 0.44722938537597656.
LOCAL_RANK: 0 - CUDA_VISIBLE_DEVICES: [0]
