[I 2023-11-30 16:10:32,946] Trial 4 finished with value: 0.09627115726470947 and parameters: {'gradient_clip_val': 0.1468954634585051, 'hidden_size': 67, 'dropout': 0.33120567665239375, 'hidden_continuous_size': 18, 'attention_head_size': 3, 'learning_rate': 0.020421469451666688}. Best is trial 0 with value: 0.06506732106208801.
LOCAL_RANK: 0 - CUDA_VISIBLE_DEVICES: [0]
[I 2023-11-30 16:10:48,828] Trial 5 finished with value: 0.27393999695777893 and parameters: {'gradient_clip_val': 0.6190401761748273, 'hidden_size': 88, 'dropout': 0.13670925435919395, 'hidden_continuous_size': 53, 'attention_head_size': 2, 'learning_rate': 0.0017782657561250794}. Best is trial 0 with value: 0.06506732106208801.
LOCAL_RANK: 0 - CUDA_VISIBLE_DEVICES: [0]
[I 2023-11-30 16:11:01,259] Trial 6 finished with value: 1.5969066619873047 and parameters: {'gradient_clip_val': 0.6021908255703506, 'hidden_size': 11, 'dropout': 0.22673947547982193, 'hidden_continuous_size': 11, 'attention_head_size': 3, 'learning_rate': 0.0021174776013348317}. Best is trial 0 with value: 0.06506732106208801.
LOCAL_RANK: 0 - CUDA_VISIBLE_DEVICES: [0]
[I 2023-11-30 16:11:15,524] Trial 7 finished with value: 1.3162721395492554 and parameters: {'gradient_clip_val': 0.23518664859784005, 'hidden_size': 13, 'dropout': 0.14674603450986257, 'hidden_continuous_size': 11, 'attention_head_size': 4, 'learning_rate': 0.0028976307558403872}. Best is trial 0 with value: 0.06506732106208801.
LOCAL_RANK: 0 - CUDA_VISIBLE_DEVICES: [0]
[I 2023-11-30 16:11:28,567] Trial 8 finished with value: 0.6490107178688049 and parameters: {'gradient_clip_val': 0.10696626079881186, 'hidden_size': 10, 'dropout': 0.1164393829911755, 'hidden_continuous_size': 10, 'attention_head_size': 1, 'learning_rate': 0.016354929870345907}. Best is trial 0 with value: 0.06506732106208801.
LOCAL_RANK: 0 - CUDA_VISIBLE_DEVICES: [0]
[I 2023-11-30 16:11:42,745] Trial 9 finished with value: 0.07631153613328934 and parameters: {'gradient_clip_val': 0.6067612955517946, 'hidden_size': 22, 'dropout': 0.152568512534808, 'hidden_continuous_size': 16, 'attention_head_size': 1, 'learning_rate': 0.05841766868724956}. Best is trial 0 with value: 0.06506732106208801.
LOCAL_RANK: 0 - CUDA_VISIBLE_DEVICES: [0]
[I 2023-11-30 16:11:59,151] Trial 10 finished with value: 0.08738228678703308 and parameters: {'gradient_clip_val': 0.3151687610307463, 'hidden_size': 132, 'dropout': 0.39968286658179586, 'hidden_continuous_size': 80, 'attention_head_size': 4, 'learning_rate': 0.07430507719015224}. Best is trial 0 with value: 0.06506732106208801.
LOCAL_RANK: 0 - CUDA_VISIBLE_DEVICES: [0]
[I 2023-11-30 16:12:13,581] Trial 11 finished with value: 0.08641120791435242 and parameters: {'gradient_clip_val': 0.9768343577684945, 'hidden_size': 42, 'dropout': 0.21042369559404062, 'hidden_continuous_size': 24, 'attention_head_size': 1, 'learning_rate': 0.09092457981026973}. Best is trial 0 with value: 0.06506732106208801.
LOCAL_RANK: 0 - CUDA_VISIBLE_DEVICES: [0]
[I 2023-11-30 16:12:28,659] Trial 12 finished with value: 0.1587042510509491 and parameters: {'gradient_clip_val': 0.25437783080459614, 'hidden_size': 28, 'dropout': 0.27916030451259444, 'hidden_continuous_size': 14, 'attention_head_size': 1, 'learning_rate': 0.04239312155328255}. Best is trial 0 with value: 0.06506732106208801.
LOCAL_RANK: 0 - CUDA_VISIBLE_DEVICES: [0]
[I 2023-11-30 16:12:43,197] Trial 13 finished with value: 0.09075327962636948 and parameters: {'gradient_clip_val': 0.4365784818011166, 'hidden_size': 50, 'dropout': 0.18614199173777113, 'hidden_continuous_size': 21, 'attention_head_size': 1, 'learning_rate': 0.03991939301973931}. Best is trial 0 with value: 0.06506732106208801.
LOCAL_RANK: 0 - CUDA_VISIBLE_DEVICES: [0]
[I 2023-11-30 16:12:58,379] Trial 14 finished with value: 0.13088881969451904 and parameters: {'gradient_clip_val': 0.39250033785690663, 'hidden_size': 130, 'dropout': 0.26202529298731003, 'hidden_continuous_size': 28, 'attention_head_size': 2, 'learning_rate': 0.00607850058637705}. Best is trial 0 with value: 0.06506732106208801.
LOCAL_RANK: 0 - CUDA_VISIBLE_DEVICES: [0]
[I 2023-11-30 16:13:12,516] Trial 15 finished with value: 0.1526903361082077 and parameters: {'gradient_clip_val': 0.20410170795336005, 'hidden_size': 21, 'dropout': 0.17329041725249922, 'hidden_continuous_size': 13, 'attention_head_size': 1, 'learning_rate': 0.047447721580925084}. Best is trial 0 with value: 0.06506732106208801.
LOCAL_RANK: 0 - CUDA_VISIBLE_DEVICES: [0]
[I 2023-11-30 16:13:27,703] Trial 16 finished with value: 0.0709674283862114 and parameters: {'gradient_clip_val': 0.3258871465268005, 'hidden_size': 62, 'dropout': 0.19949061795592382, 'hidden_continuous_size': 21, 'attention_head_size': 2, 'learning_rate': 0.09535916106079016}. Best is trial 0 with value: 0.06506732106208801.
LOCAL_RANK: 0 - CUDA_VISIBLE_DEVICES: [0]
[I 2023-11-30 16:13:43,440] Trial 17 finished with value: 0.08687978237867355 and parameters: {'gradient_clip_val': 0.1852804366478197, 'hidden_size': 83, 'dropout': 0.2194446215947577, 'hidden_continuous_size': 35, 'attention_head_size': 2, 'learning_rate': 0.09543127293689657}. Best is trial 0 with value: 0.06506732106208801.
LOCAL_RANK: 0 - CUDA_VISIBLE_DEVICES: [0]
[I 2023-11-30 16:13:58,821] Trial 18 finished with value: 0.06277943402528763 and parameters: {'gradient_clip_val': 0.30320560845090433, 'hidden_size': 56, 'dropout': 0.29047173541335203, 'hidden_continuous_size': 20, 'attention_head_size': 3, 'learning_rate': 0.03237105028066685}. Best is trial 18 with value: 0.06277943402528763.
LOCAL_RANK: 0 - CUDA_VISIBLE_DEVICES: [0]
[I 2023-11-30 16:14:14,614] Trial 19 finished with value: 0.0916680097579956 and parameters: {'gradient_clip_val': 0.2691832991116626, 'hidden_size': 95, 'dropout': 0.3027986377420068, 'hidden_continuous_size': 44, 'attention_head_size': 3, 'learning_rate': 0.027877429158540124}. Best is trial 18 with value: 0.06277943402528763.
LOCAL_RANK: 0 - CUDA_VISIBLE_DEVICES: [0]
[I 2023-11-30 16:14:29,773] Trial 20 finished with value: 0.23424141108989716 and parameters: {'gradient_clip_val': 0.19333930569684885, 'hidden_size': 54, 'dropout': 0.3970818908115197, 'hidden_continuous_size': 19, 'attention_head_size': 4, 'learning_rate': 0.012160085793031686}. Best is trial 18 with value: 0.06277943402528763.
LOCAL_RANK: 0 - CUDA_VISIBLE_DEVICES: [0]
[I 2023-11-30 16:14:44,787] Trial 21 finished with value: 0.08758875727653503 and parameters: {'gradient_clip_val': 0.332581378154421, 'hidden_size': 65, 'dropout': 0.24753336227481282, 'hidden_continuous_size': 22, 'attention_head_size': 3, 'learning_rate': 0.030026518559599234}. Best is trial 18 with value: 0.06277943402528763.
LOCAL_RANK: 0 - CUDA_VISIBLE_DEVICES: [0]
[I 2023-11-30 16:14:59,865] Trial 22 finished with value: 0.09560833126306534 and parameters: {'gradient_clip_val': 0.3162022957116547, 'hidden_size': 67, 'dropout': 0.36265329047534856, 'hidden_continuous_size': 24, 'attention_head_size': 2, 'learning_rate': 0.06314298251310925}. Best is trial 18 with value: 0.06277943402528763.
LOCAL_RANK: 0 - CUDA_VISIBLE_DEVICES: [0]
[I 2023-11-30 16:15:15,369] Trial 23 finished with value: 0.0782918632030487 and parameters: {'gradient_clip_val': 0.2438678367082569, 'hidden_size': 105, 'dropout': 0.3065809301849626, 'hidden_continuous_size': 25, 'attention_head_size': 2, 'learning_rate': 0.06549915053878451}. Best is trial 18 with value: 0.06277943402528763.
LOCAL_RANK: 0 - CUDA_VISIBLE_DEVICES: [0]
[I 2023-11-30 16:15:31,142] Trial 24 finished with value: 0.15624921023845673 and parameters: {'gradient_clip_val': 0.40115356014167597, 'hidden_size': 149, 'dropout': 0.20092557745674924, 'hidden_continuous_size': 33, 'attention_head_size': 3, 'learning_rate': 0.03512578260019835}. Best is trial 18 with value: 0.06277943402528763.
LOCAL_RANK: 0 - CUDA_VISIBLE_DEVICES: [0]
[I 2023-11-30 16:15:46,256] Trial 25 finished with value: 0.09562750905752182 and parameters: {'gradient_clip_val': 0.3136134656581133, 'hidden_size': 75, 'dropout': 0.23978477910864393, 'hidden_continuous_size': 20, 'attention_head_size': 2, 'learning_rate': 0.05283046627728568}. Best is trial 18 with value: 0.06277943402528763.
LOCAL_RANK: 0 - CUDA_VISIBLE_DEVICES: [0]
[I 2023-11-30 16:16:01,281] Trial 26 finished with value: 0.06149156019091606 and parameters: {'gradient_clip_val': 0.21375846113307118, 'hidden_size': 54, 'dropout': 0.26454727018079444, 'hidden_continuous_size': 19, 'attention_head_size': 3, 'learning_rate': 0.09597014091057125}. Best is trial 26 with value: 0.06149156019091606.
LOCAL_RANK: 0 - CUDA_VISIBLE_DEVICES: [0]
[I 2023-11-30 16:16:16,905] Trial 27 finished with value: 0.06600568443536758 and parameters: {'gradient_clip_val': 0.20772577217564125, 'hidden_size': 53, 'dropout': 0.2704122083013482, 'hidden_continuous_size': 18, 'attention_head_size': 3, 'learning_rate': 0.024182011373932787}. Best is trial 26 with value: 0.06149156019091606.
LOCAL_RANK: 0 - CUDA_VISIBLE_DEVICES: [0]
[I 2023-11-30 16:16:31,297] Trial 28 finished with value: 0.08358139544725418 and parameters: {'gradient_clip_val': 0.17286972367472705, 'hidden_size': 42, 'dropout': 0.2850602974866777, 'hidden_continuous_size': 17, 'attention_head_size': 4, 'learning_rate': 0.0375662062673231}. Best is trial 26 with value: 0.06149156019091606.
LOCAL_RANK: 0 - CUDA_VISIBLE_DEVICES: [0]
[I 2023-11-30 16:16:46,650] Trial 29 finished with value: 0.08200247585773468 and parameters: {'gradient_clip_val': 0.2257009573087415, 'hidden_size': 114, 'dropout': 0.2531919678847327, 'hidden_continuous_size': 14, 'attention_head_size': 3, 'learning_rate': 0.050802615055448315}. Best is trial 26 with value: 0.06149156019091606.
LOCAL_RANK: 0 - CUDA_VISIBLE_DEVICES: [0]
[I 2023-11-30 16:17:01,996] Trial 30 finished with value: 0.09408501535654068 and parameters: {'gradient_clip_val': 0.1709119123203801, 'hidden_size': 79, 'dropout': 0.3644515691169307, 'hidden_continuous_size': 26, 'attention_head_size': 3, 'learning_rate': 0.07837175469992524}. Best is trial 26 with value: 0.06149156019091606.
LOCAL_RANK: 0 - CUDA_VISIBLE_DEVICES: [0]
[I 2023-11-30 16:17:17,060] Trial 31 finished with value: 0.13875724375247955 and parameters: {'gradient_clip_val': 0.21240085824295607, 'hidden_size': 56, 'dropout': 0.27344981050195516, 'hidden_continuous_size': 19, 'attention_head_size': 3, 'learning_rate': 0.024676699698534865}. Best is trial 26 with value: 0.06149156019091606.
LOCAL_RANK: 0 - CUDA_VISIBLE_DEVICES: [0]
[I 2023-11-30 16:17:31,849] Trial 32 finished with value: 0.1018502488732338 and parameters: {'gradient_clip_val': 0.20758974644584924, 'hidden_size': 52, 'dropout': 0.2350148192724837, 'hidden_continuous_size': 17, 'attention_head_size': 3, 'learning_rate': 0.02369758526497151}. Best is trial 26 with value: 0.06149156019091606.
LOCAL_RANK: 0 - CUDA_VISIBLE_DEVICES: [0]
[I 2023-11-30 16:17:46,612] Trial 33 finished with value: 0.08201273530721664 and parameters: {'gradient_clip_val': 0.26167740282259205, 'hidden_size': 47, 'dropout': 0.25922396922189855, 'hidden_continuous_size': 22, 'attention_head_size': 3, 'learning_rate': 0.03661284182590913}. Best is trial 26 with value: 0.06149156019091606.
LOCAL_RANK: 0 - CUDA_VISIBLE_DEVICES: [0]
[I 2023-11-30 16:18:00,937] Trial 34 finished with value: 0.26161956787109375 and parameters: {'gradient_clip_val': 0.1629583697047662, 'hidden_size': 33, 'dropout': 0.2966909102952134, 'hidden_continuous_size': 18, 'attention_head_size': 4, 'learning_rate': 0.018283729175104006}. Best is trial 26 with value: 0.06149156019091606.
LOCAL_RANK: 0 - CUDA_VISIBLE_DEVICES: [0]
[I 2023-11-30 16:18:15,635] Trial 35 finished with value: 0.07359617948532104 and parameters: {'gradient_clip_val': 0.15514504876780705, 'hidden_size': 73, 'dropout': 0.31963467619076547, 'hidden_continuous_size': 15, 'attention_head_size': 3, 'learning_rate': 0.06790135520036127}. Best is trial 26 with value: 0.06149156019091606.
LOCAL_RANK: 0 - CUDA_VISIBLE_DEVICES: [0]
[I 2023-11-30 16:18:30,921] Trial 36 finished with value: 0.07165069133043289 and parameters: {'gradient_clip_val': 0.13533860040389567, 'hidden_size': 58, 'dropout': 0.2713490740395002, 'hidden_continuous_size': 19, 'attention_head_size': 3, 'learning_rate': 0.03132315899968573}. Best is trial 26 with value: 0.06149156019091606.
LOCAL_RANK: 0 - CUDA_VISIBLE_DEVICES: [0]
[I 2023-11-30 16:18:46,865] Trial 37 finished with value: 0.10847383737564087 and parameters: {'gradient_clip_val': 0.18608756972994536, 'hidden_size': 92, 'dropout': 0.28876093907048406, 'hidden_continuous_size': 28, 'attention_head_size': 3, 'learning_rate': 0.048704946561936656}. Best is trial 26 with value: 0.06149156019091606.
LOCAL_RANK: 0 - CUDA_VISIBLE_DEVICES: [0]
[I 2023-11-30 16:19:02,353] Trial 38 finished with value: 0.09366446733474731 and parameters: {'gradient_clip_val': 0.2364781746191781, 'hidden_size': 73, 'dropout': 0.31776784045685397, 'hidden_continuous_size': 16, 'attention_head_size': 2, 'learning_rate': 0.021935320946140542}. Best is trial 26 with value: 0.06149156019091606.
LOCAL_RANK: 0 - CUDA_VISIBLE_DEVICES: [0]
[I 2023-11-30 16:19:17,126] Trial 39 finished with value: 0.20325516164302826 and parameters: {'gradient_clip_val': 0.2746752743162984, 'hidden_size': 46, 'dropout': 0.3390985065133656, 'hidden_continuous_size': 20, 'attention_head_size': 4, 'learning_rate': 0.016172962025594904}. Best is trial 26 with value: 0.06149156019091606.
LOCAL_RANK: 0 - CUDA_VISIBLE_DEVICES: [0]
[I 2023-11-30 16:19:31,823] Trial 40 finished with value: 0.11774762719869614 and parameters: {'gradient_clip_val': 0.28506859488987013, 'hidden_size': 38, 'dropout': 0.22926822567218275, 'hidden_continuous_size': 17, 'attention_head_size': 3, 'learning_rate': 0.054752068030157974}. Best is trial 26 with value: 0.06149156019091606.
LOCAL_RANK: 0 - CUDA_VISIBLE_DEVICES: [0]
[I 2023-11-30 16:19:47,087] Trial 41 finished with value: 0.08284280449151993 and parameters: {'gradient_clip_val': 0.2213141734863217, 'hidden_size': 59, 'dropout': 0.25418876852406896, 'hidden_continuous_size': 23, 'attention_head_size': 2, 'learning_rate': 0.0989184821042563}. Best is trial 26 with value: 0.06149156019091606.
LOCAL_RANK: 0 - CUDA_VISIBLE_DEVICES: [0]
[I 2023-11-30 16:20:01,864] Trial 42 finished with value: 0.10368438810110092 and parameters: {'gradient_clip_val': 0.2288523625963365, 'hidden_size': 61, 'dropout': 0.2683796113277812, 'hidden_continuous_size': 21, 'attention_head_size': 2, 'learning_rate': 0.07226762346997781}. Best is trial 26 with value: 0.06149156019091606.
LOCAL_RANK: 0 - CUDA_VISIBLE_DEVICES: [0]
[I 2023-11-30 16:20:16,663] Trial 43 finished with value: 0.10054578632116318 and parameters: {'gradient_clip_val': 0.29238407529202004, 'hidden_size': 66, 'dropout': 0.28933015369413106, 'hidden_continuous_size': 23, 'attention_head_size': 2, 'learning_rate': 0.08509283770173397}. Best is trial 26 with value: 0.06149156019091606.
LOCAL_RANK: 0 - CUDA_VISIBLE_DEVICES: [0]
[I 2023-11-30 16:20:32,279] Trial 44 finished with value: 0.06604280322790146 and parameters: {'gradient_clip_val': 0.25127593805661913, 'hidden_size': 85, 'dropout': 0.23922208910221293, 'hidden_continuous_size': 26, 'attention_head_size': 2, 'learning_rate': 0.07569530807494894}. Best is trial 26 with value: 0.06149156019091606.
LOCAL_RANK: 0 - CUDA_VISIBLE_DEVICES: [0]
[I 2023-11-30 16:20:48,244] Trial 45 finished with value: 0.1102684959769249 and parameters: {'gradient_clip_val': 0.25226530890998805, 'hidden_size': 89, 'dropout': 0.24403922756564456, 'hidden_continuous_size': 27, 'attention_head_size': 3, 'learning_rate': 0.06013779551033962}. Best is trial 26 with value: 0.06149156019091606.
LOCAL_RANK: 0 - CUDA_VISIBLE_DEVICES: [0]
[I 2023-11-30 16:21:03,400] Trial 46 finished with value: 0.09842193126678467 and parameters: {'gradient_clip_val': 0.1430941333060167, 'hidden_size': 80, 'dropout': 0.22085143130269513, 'hidden_continuous_size': 30, 'attention_head_size': 2, 'learning_rate': 0.04401155443479169}. Best is trial 26 with value: 0.06149156019091606.
LOCAL_RANK: 0 - CUDA_VISIBLE_DEVICES: [0]
[I 2023-11-30 16:21:19,497] Trial 47 finished with value: 0.10285007208585739 and parameters: {'gradient_clip_val': 0.205324920637833, 'hidden_size': 101, 'dropout': 0.28012904407485034, 'hidden_continuous_size': 13, 'attention_head_size': 3, 'learning_rate': 0.07886522167119785}. Best is trial 26 with value: 0.06149156019091606.
LOCAL_RANK: 0 - CUDA_VISIBLE_DEVICES: [0]
[I 2023-11-30 16:21:34,232] Trial 48 finished with value: 0.08390253782272339 and parameters: {'gradient_clip_val': 0.18681499369709123, 'hidden_size': 53, 'dropout': 0.2638371862089634, 'hidden_continuous_size': 25, 'attention_head_size': 2, 'learning_rate': 0.04271697342449531}. Best is trial 26 with value: 0.06149156019091606.
LOCAL_RANK: 0 - CUDA_VISIBLE_DEVICES: [0]
[I 2023-11-30 16:21:48,983] Trial 49 finished with value: 0.07616881281137466 and parameters: {'gradient_clip_val': 0.12639290527547692, 'hidden_size': 72, 'dropout': 0.24113048426950234, 'hidden_continuous_size': 24, 'attention_head_size': 2, 'learning_rate': 0.05812576282259845}. Best is trial 26 with value: 0.06149156019091606.
LOCAL_RANK: 0 - CUDA_VISIBLE_DEVICES: [0]
[I 2023-11-30 16:22:04,437] Trial 50 finished with value: 0.0946357250213623 and parameters: {'gradient_clip_val': 0.2487492720555259, 'hidden_size': 87, 'dropout': 0.2286102765155883, 'hidden_continuous_size': 18, 'attention_head_size': 3, 'learning_rate': 0.03278815375660145}. Best is trial 26 with value: 0.06149156019091606.
LOCAL_RANK: 0 - CUDA_VISIBLE_DEVICES: [0]
[I 2023-11-30 16:22:19,199] Trial 51 finished with value: 0.10833238810300827 and parameters: {'gradient_clip_val': 0.2899298405419228, 'hidden_size': 62, 'dropout': 0.2064661958637075, 'hidden_continuous_size': 21, 'attention_head_size': 2, 'learning_rate': 0.09739103883470232}. Best is trial 26 with value: 0.06149156019091606.
LOCAL_RANK: 0 - CUDA_VISIBLE_DEVICES: [0]
[I 2023-11-30 16:22:33,912] Trial 52 finished with value: 0.07652866095304489 and parameters: {'gradient_clip_val': 0.347510562315287, 'hidden_size': 49, 'dropout': 0.19730891894324454, 'hidden_continuous_size': 20, 'attention_head_size': 2, 'learning_rate': 0.07840062709514266}. Best is trial 26 with value: 0.06149156019091606.
LOCAL_RANK: 0 - CUDA_VISIBLE_DEVICES: [0]
[I 2023-11-30 16:22:48,900] Trial 53 finished with value: 0.08444627374410629 and parameters: {'gradient_clip_val': 0.35464131723721176, 'hidden_size': 69, 'dropout': 0.21596212664135017, 'hidden_continuous_size': 21, 'attention_head_size': 1, 'learning_rate': 0.06767315042737986}. Best is trial 26 with value: 0.06149156019091606.
LOCAL_RANK: 0 - CUDA_VISIBLE_DEVICES: [0]
[I 2023-11-30 16:23:04,758] Trial 54 finished with value: 0.0734935998916626 and parameters: {'gradient_clip_val': 0.2670320373642759, 'hidden_size': 81, 'dropout': 0.18778035246317512, 'hidden_continuous_size': 26, 'attention_head_size': 2, 'learning_rate': 0.08775862279213652}. Best is trial 26 with value: 0.06149156019091606.
LOCAL_RANK: 0 - CUDA_VISIBLE_DEVICES: [0]
[I 2023-11-30 16:23:20,195] Trial 55 finished with value: 0.09300434589385986 and parameters: {'gradient_clip_val': 0.23081247708563216, 'hidden_size': 60, 'dropout': 0.2544332836170827, 'hidden_continuous_size': 22, 'attention_head_size': 2, 'learning_rate': 0.04644102185211507}. Best is trial 26 with value: 0.06149156019091606.
LOCAL_RANK: 0 - CUDA_VISIBLE_DEVICES: [0]
[I 2023-11-30 16:23:34,232] Trial 56 finished with value: 0.07506292313337326 and parameters: {'gradient_clip_val': 0.3108796588217923, 'hidden_size': 44, 'dropout': 0.27638858237337577, 'hidden_continuous_size': 19, 'attention_head_size': 3, 'learning_rate': 0.07050755227153152}. Best is trial 26 with value: 0.06149156019091606.
LOCAL_RANK: 0 - CUDA_VISIBLE_DEVICES: [0]
[I 2023-11-30 16:23:49,702] Trial 57 finished with value: 0.07630551606416702 and parameters: {'gradient_clip_val': 0.24894809398379056, 'hidden_size': 67, 'dropout': 0.1723850421886799, 'hidden_continuous_size': 23, 'attention_head_size': 2, 'learning_rate': 0.05868511236848325}. Best is trial 26 with value: 0.06149156019091606.
LOCAL_RANK: 0 - CUDA_VISIBLE_DEVICES: [0]
