[I 2023-11-30 14:01:35,945] Trial 85 finished with value: 0.07631202787160873 and parameters: {'gradient_clip_val': 0.23035631797007647, 'hidden_size': 41, 'dropout': 0.3712763020478134, 'hidden_continuous_size': 36, 'attention_head_size': 3, 'learning_rate': 0.06985403184564502}. Best is trial 68 with value: 0.058708954602479935.
LOCAL_RANK: 0 - CUDA_VISIBLE_DEVICES: [0]
[I 2023-11-30 14:01:49,901] Trial 86 finished with value: 0.09162729978561401 and parameters: {'gradient_clip_val': 0.35114785954604305, 'hidden_size': 71, 'dropout': 0.3552198054005435, 'hidden_continuous_size': 50, 'attention_head_size': 2, 'learning_rate': 0.08716221663386754}. Best is trial 68 with value: 0.058708954602479935.
LOCAL_RANK: 0 - CUDA_VISIBLE_DEVICES: [0]
[I 2023-11-30 14:02:03,230] Trial 87 finished with value: 0.09732571989297867 and parameters: {'gradient_clip_val': 0.3024970186071611, 'hidden_size': 46, 'dropout': 0.38110840924850214, 'hidden_continuous_size': 34, 'attention_head_size': 2, 'learning_rate': 0.04028488505725918}. Best is trial 68 with value: 0.058708954602479935.
LOCAL_RANK: 0 - CUDA_VISIBLE_DEVICES: [0]
[I 2023-11-30 14:02:16,375] Trial 88 finished with value: 0.09429693222045898 and parameters: {'gradient_clip_val': 0.25325669195736344, 'hidden_size': 37, 'dropout': 0.395219588662225, 'hidden_continuous_size': 34, 'attention_head_size': 3, 'learning_rate': 0.03303976568203025}. Best is trial 68 with value: 0.058708954602479935.
LOCAL_RANK: 0 - CUDA_VISIBLE_DEVICES: [0]
[I 2023-11-30 14:02:30,509] Trial 89 finished with value: 0.08676981925964355 and parameters: {'gradient_clip_val': 0.42655201389649583, 'hidden_size': 66, 'dropout': 0.3847657426434392, 'hidden_continuous_size': 55, 'attention_head_size': 2, 'learning_rate': 0.054884921002727204}. Best is trial 68 with value: 0.058708954602479935.
LOCAL_RANK: 0 - CUDA_VISIBLE_DEVICES: [0]
[I 2023-11-30 14:02:44,248] Trial 90 finished with value: 0.06843381375074387 and parameters: {'gradient_clip_val': 0.2807143414256424, 'hidden_size': 53, 'dropout': 0.3711593760689158, 'hidden_continuous_size': 44, 'attention_head_size': 3, 'learning_rate': 0.07429012033124763}. Best is trial 68 with value: 0.058708954602479935.
LOCAL_RANK: 0 - CUDA_VISIBLE_DEVICES: [0]
[I 2023-11-30 14:02:57,356] Trial 91 finished with value: 0.10234061628580093 and parameters: {'gradient_clip_val': 0.2787458178755877, 'hidden_size': 40, 'dropout': 0.3624262802813593, 'hidden_continuous_size': 37, 'attention_head_size': 2, 'learning_rate': 0.0804811356262429}. Best is trial 68 with value: 0.058708954602479935.
LOCAL_RANK: 0 - CUDA_VISIBLE_DEVICES: [0]
[I 2023-11-30 14:03:10,417] Trial 92 finished with value: 0.09449842572212219 and parameters: {'gradient_clip_val': 0.2565925615843947, 'hidden_size': 39, 'dropout': 0.3599635258965863, 'hidden_continuous_size': 36, 'attention_head_size': 2, 'learning_rate': 0.062351488922623544}. Best is trial 68 with value: 0.058708954602479935.
LOCAL_RANK: 0 - CUDA_VISIBLE_DEVICES: [0]
[I 2023-11-30 14:03:23,774] Trial 93 finished with value: 0.08133061975240707 and parameters: {'gradient_clip_val': 0.32562445133446977, 'hidden_size': 43, 'dropout': 0.3775919450593578, 'hidden_continuous_size': 39, 'attention_head_size': 2, 'learning_rate': 0.07664308380878468}. Best is trial 68 with value: 0.058708954602479935.
LOCAL_RANK: 0 - CUDA_VISIBLE_DEVICES: [0]
[I 2023-11-30 14:03:37,313] Trial 94 finished with value: 0.0893920287489891 and parameters: {'gradient_clip_val': 0.2716031991100796, 'hidden_size': 48, 'dropout': 0.34993889985606635, 'hidden_continuous_size': 41, 'attention_head_size': 2, 'learning_rate': 0.09488611114322926}. Best is trial 68 with value: 0.058708954602479935.
LOCAL_RANK: 0 - CUDA_VISIBLE_DEVICES: [0]
[I 2023-11-30 14:03:50,097] Trial 95 finished with value: 0.062435805797576904 and parameters: {'gradient_clip_val': 0.24361372640556705, 'hidden_size': 36, 'dropout': 0.37001139191157534, 'hidden_continuous_size': 34, 'attention_head_size': 2, 'learning_rate': 0.07174681919054762}. Best is trial 68 with value: 0.058708954602479935.
LOCAL_RANK: 0 - CUDA_VISIBLE_DEVICES: [0]
[I 2023-11-30 14:04:03,155] Trial 96 finished with value: 0.11796071380376816 and parameters: {'gradient_clip_val': 0.2965350562123942, 'hidden_size': 35, 'dropout': 0.3877316088987889, 'hidden_continuous_size': 33, 'attention_head_size': 2, 'learning_rate': 0.04922435383344608}. Best is trial 68 with value: 0.058708954602479935.
LOCAL_RANK: 0 - CUDA_VISIBLE_DEVICES: [0]
[I 2023-11-30 14:04:16,879] Trial 97 finished with value: 0.07716875523328781 and parameters: {'gradient_clip_val': 0.20477630285675474, 'hidden_size': 57, 'dropout': 0.39995670875774636, 'hidden_continuous_size': 48, 'attention_head_size': 2, 'learning_rate': 0.06835798074358562}. Best is trial 68 with value: 0.058708954602479935.
LOCAL_RANK: 0 - CUDA_VISIBLE_DEVICES: [0]
[I 2023-11-30 14:04:30,549] Trial 98 finished with value: 0.08541087061166763 and parameters: {'gradient_clip_val': 0.2475930052046639, 'hidden_size': 51, 'dropout': 0.3695366417740983, 'hidden_continuous_size': 45, 'attention_head_size': 2, 'learning_rate': 0.05881619923015482}. Best is trial 68 with value: 0.058708954602479935.
LOCAL_RANK: 0 - CUDA_VISIBLE_DEVICES: [0]
[I 2023-11-30 14:04:44,142] Trial 99 finished with value: 0.11615856736898422 and parameters: {'gradient_clip_val': 0.22758586128089556, 'hidden_size': 45, 'dropout': 0.3404393534315563, 'hidden_continuous_size': 40, 'attention_head_size': 1, 'learning_rate': 0.03836004693466518}. Best is trial 68 with value: 0.058708954602479935.
LOCAL_RANK: 0 - CUDA_VISIBLE_DEVICES: [0]
[I 2023-11-30 14:04:56,911] Trial 100 finished with value: 0.09562045335769653 and parameters: {'gradient_clip_val': 0.23532465591563217, 'hidden_size': 36, 'dropout': 0.38131798067183914, 'hidden_continuous_size': 34, 'attention_head_size': 2, 'learning_rate': 0.09007815583500783}. Best is trial 68 with value: 0.058708954602479935.
LOCAL_RANK: 0 - CUDA_VISIBLE_DEVICES: [0]
[I 2023-11-30 14:05:09,920] Trial 101 finished with value: 0.08276532590389252 and parameters: {'gradient_clip_val': 0.26840722480635737, 'hidden_size': 39, 'dropout': 0.3658308821018508, 'hidden_continuous_size': 37, 'attention_head_size': 2, 'learning_rate': 0.07872669679424048}. Best is trial 68 with value: 0.058708954602479935.
LOCAL_RANK: 0 - CUDA_VISIBLE_DEVICES: [0]
[I 2023-11-30 14:05:23,852] Trial 102 finished with value: 0.08264444023370743 and parameters: {'gradient_clip_val': 0.31712602585198213, 'hidden_size': 42, 'dropout': 0.37429036686659267, 'hidden_continuous_size': 38, 'attention_head_size': 2, 'learning_rate': 0.0656824695043564}. Best is trial 68 with value: 0.058708954602479935.
LOCAL_RANK: 0 - CUDA_VISIBLE_DEVICES: [0]
[I 2023-11-30 14:05:38,264] Trial 103 finished with value: 0.0737219825387001 and parameters: {'gradient_clip_val': 0.2923761921063463, 'hidden_size': 32, 'dropout': 0.35666458693016106, 'hidden_continuous_size': 31, 'attention_head_size': 2, 'learning_rate': 0.05285847809637087}. Best is trial 68 with value: 0.058708954602479935.
LOCAL_RANK: 0 - CUDA_VISIBLE_DEVICES: [0]
[I 2023-11-30 14:05:51,583] Trial 104 finished with value: 0.0896349623799324 and parameters: {'gradient_clip_val': 0.25985071538937154, 'hidden_size': 38, 'dropout': 0.3930184527141326, 'hidden_continuous_size': 35, 'attention_head_size': 2, 'learning_rate': 0.07051635764495036}. Best is trial 68 with value: 0.058708954602479935.
LOCAL_RANK: 0 - CUDA_VISIBLE_DEVICES: [0]
[I 2023-11-30 14:06:05,224] Trial 105 finished with value: 0.09362467378377914 and parameters: {'gradient_clip_val': 0.2446715901340111, 'hidden_size': 49, 'dropout': 0.36536515379517936, 'hidden_continuous_size': 42, 'attention_head_size': 2, 'learning_rate': 0.08551261836931863}. Best is trial 68 with value: 0.058708954602479935.
LOCAL_RANK: 0 - CUDA_VISIBLE_DEVICES: [0]
[I 2023-11-30 14:06:18,620] Trial 106 finished with value: 0.0843924880027771 and parameters: {'gradient_clip_val': 0.3070576517171546, 'hidden_size': 44, 'dropout': 0.34864597670562747, 'hidden_continuous_size': 39, 'attention_head_size': 3, 'learning_rate': 0.060634682592152336}. Best is trial 68 with value: 0.058708954602479935.
LOCAL_RANK: 0 - CUDA_VISIBLE_DEVICES: [0]
[I 2023-11-30 14:06:31,550] Trial 107 finished with value: 0.0952373519539833 and parameters: {'gradient_clip_val': 0.3389218556754844, 'hidden_size': 33, 'dropout': 0.33195443676347675, 'hidden_continuous_size': 32, 'attention_head_size': 2, 'learning_rate': 0.0996842012806473}. Best is trial 68 with value: 0.058708954602479935.
LOCAL_RANK: 0 - CUDA_VISIBLE_DEVICES: [0]
[I 2023-11-30 14:06:45,324] Trial 108 finished with value: 0.1493702530860901 and parameters: {'gradient_clip_val': 0.27202907668515003, 'hidden_size': 53, 'dropout': 0.3850915393637764, 'hidden_continuous_size': 46, 'attention_head_size': 3, 'learning_rate': 0.0462539654509001}. Best is trial 68 with value: 0.058708954602479935.
LOCAL_RANK: 0 - CUDA_VISIBLE_DEVICES: [0]
[I 2023-11-30 14:06:58,499] Trial 109 finished with value: 0.09128203988075256 and parameters: {'gradient_clip_val': 0.2894730856294715, 'hidden_size': 35, 'dropout': 0.37472695358386643, 'hidden_continuous_size': 32, 'attention_head_size': 2, 'learning_rate': 0.07795880117478075}. Best is trial 68 with value: 0.058708954602479935.
LOCAL_RANK: 0 - CUDA_VISIBLE_DEVICES: [0]
[I 2023-11-30 14:07:12,128] Trial 110 finished with value: 0.08724793791770935 and parameters: {'gradient_clip_val': 0.3883794612064361, 'hidden_size': 47, 'dropout': 0.39255031193639467, 'hidden_continuous_size': 43, 'attention_head_size': 2, 'learning_rate': 0.04158912171461179}. Best is trial 68 with value: 0.058708954602479935.
LOCAL_RANK: 0 - CUDA_VISIBLE_DEVICES: [0]
[I 2023-11-30 14:07:25,873] Trial 111 finished with value: 0.0815892294049263 and parameters: {'gradient_clip_val': 0.30443406821956415, 'hidden_size': 63, 'dropout': 0.3838995538847297, 'hidden_continuous_size': 49, 'attention_head_size': 2, 'learning_rate': 0.08397447661634767}. Best is trial 68 with value: 0.058708954602479935.
LOCAL_RANK: 0 - CUDA_VISIBLE_DEVICES: [0]
[I 2023-11-30 14:07:39,510] Trial 112 finished with value: 0.0913107767701149 and parameters: {'gradient_clip_val': 0.35805540574306555, 'hidden_size': 60, 'dropout': 0.38007031312636574, 'hidden_continuous_size': 47, 'attention_head_size': 2, 'learning_rate': 0.09168563610146574}. Best is trial 68 with value: 0.058708954602479935.
LOCAL_RANK: 0 - CUDA_VISIBLE_DEVICES: [0]
[I 2023-11-30 14:07:53,298] Trial 113 finished with value: 0.08297913521528244 and parameters: {'gradient_clip_val': 0.264102501076359, 'hidden_size': 64, 'dropout': 0.36949359718143704, 'hidden_continuous_size': 50, 'attention_head_size': 2, 'learning_rate': 0.07503477820643105}. Best is trial 68 with value: 0.058708954602479935.
LOCAL_RANK: 0 - CUDA_VISIBLE_DEVICES: [0]
[I 2023-11-30 14:08:07,269] Trial 114 finished with value: 0.07966005057096481 and parameters: {'gradient_clip_val': 0.2999403703878987, 'hidden_size': 59, 'dropout': 0.38706382843390263, 'hidden_continuous_size': 48, 'attention_head_size': 2, 'learning_rate': 0.06594764618133146}. Best is trial 68 with value: 0.058708954602479935.
LOCAL_RANK: 0 - CUDA_VISIBLE_DEVICES: [0]
[I 2023-11-30 14:08:21,060] Trial 115 finished with value: 0.0748538002371788 and parameters: {'gradient_clip_val': 0.3220206808520904, 'hidden_size': 55, 'dropout': 0.3580456231542791, 'hidden_continuous_size': 44, 'attention_head_size': 3, 'learning_rate': 0.055013131019418626}. Best is trial 68 with value: 0.058708954602479935.
LOCAL_RANK: 0 - CUDA_VISIBLE_DEVICES: [0]
[I 2023-11-30 14:08:34,213] Trial 116 finished with value: 0.06772048771381378 and parameters: {'gradient_clip_val': 0.28359516574664423, 'hidden_size': 40, 'dropout': 0.37688130256838187, 'hidden_continuous_size': 38, 'attention_head_size': 2, 'learning_rate': 0.0880782417788091}. Best is trial 68 with value: 0.058708954602479935.
LOCAL_RANK: 0 - CUDA_VISIBLE_DEVICES: [0]
[I 2023-11-30 14:08:47,542] Trial 117 finished with value: 0.11141077429056168 and parameters: {'gradient_clip_val': 0.2838287982871512, 'hidden_size': 41, 'dropout': 0.34502988002551566, 'hidden_continuous_size': 38, 'attention_head_size': 2, 'learning_rate': 0.06999756254527954}. Best is trial 68 with value: 0.058708954602479935.
LOCAL_RANK: 0 - CUDA_VISIBLE_DEVICES: [0]
[I 2023-11-30 14:09:00,751] Trial 118 finished with value: 0.10545643419027328 and parameters: {'gradient_clip_val': 0.24144581593060666, 'hidden_size': 38, 'dropout': 0.3620647688518738, 'hidden_continuous_size': 36, 'attention_head_size': 3, 'learning_rate': 0.09235317379181418}. Best is trial 68 with value: 0.058708954602479935.
LOCAL_RANK: 0 - CUDA_VISIBLE_DEVICES: [0]
[I 2023-11-30 14:09:13,837] Trial 119 finished with value: 0.10128448158502579 and parameters: {'gradient_clip_val': 0.25722435296892515, 'hidden_size': 30, 'dropout': 0.37724218667249976, 'hidden_continuous_size': 29, 'attention_head_size': 2, 'learning_rate': 0.06092009266388388}. Best is trial 68 with value: 0.058708954602479935.
LOCAL_RANK: 0 - CUDA_VISIBLE_DEVICES: [0]
[I 2023-11-30 14:09:27,447] Trial 120 finished with value: 0.08022915571928024 and parameters: {'gradient_clip_val': 0.23450183513699702, 'hidden_size': 45, 'dropout': 0.3513865120956417, 'hidden_continuous_size': 40, 'attention_head_size': 3, 'learning_rate': 0.07724403155145641}. Best is trial 68 with value: 0.058708954602479935.
LOCAL_RANK: 0 - CUDA_VISIBLE_DEVICES: [0]
[I 2023-11-30 14:09:41,118] Trial 121 finished with value: 0.10704314708709717 and parameters: {'gradient_clip_val': 0.31163882294380885, 'hidden_size': 51, 'dropout': 0.394044678680795, 'hidden_continuous_size': 41, 'attention_head_size': 2, 'learning_rate': 0.08506527499776449}. Best is trial 68 with value: 0.058708954602479935.
LOCAL_RANK: 0 - CUDA_VISIBLE_DEVICES: [0]
[I 2023-11-30 14:09:54,757] Trial 122 finished with value: 0.07781708985567093 and parameters: {'gradient_clip_val': 0.34104187041528977, 'hidden_size': 47, 'dropout': 0.38253747972324953, 'hidden_continuous_size': 42, 'attention_head_size': 2, 'learning_rate': 0.08515822781128858}. Best is trial 68 with value: 0.058708954602479935.
LOCAL_RANK: 0 - CUDA_VISIBLE_DEVICES: [0]
[I 2023-11-30 14:10:08,351] Trial 123 finished with value: 0.08027032762765884 and parameters: {'gradient_clip_val': 0.28304953123356646, 'hidden_size': 43, 'dropout': 0.36878752737865056, 'hidden_continuous_size': 40, 'attention_head_size': 2, 'learning_rate': 0.09914598999294026}. Best is trial 68 with value: 0.058708954602479935.
LOCAL_RANK: 0 - CUDA_VISIBLE_DEVICES: [0]
[I 2023-11-30 14:10:21,390] Trial 124 finished with value: 0.07764182239770889 and parameters: {'gradient_clip_val': 0.270124899672457, 'hidden_size': 40, 'dropout': 0.38901404432008846, 'hidden_continuous_size': 37, 'attention_head_size': 2, 'learning_rate': 0.07177059122175233}. Best is trial 68 with value: 0.058708954602479935.
LOCAL_RANK: 0 - CUDA_VISIBLE_DEVICES: [0]
[I 2023-11-30 14:10:35,223] Trial 125 finished with value: 0.09945527464151382 and parameters: {'gradient_clip_val': 0.328465447546255, 'hidden_size': 76, 'dropout': 0.3760358617199233, 'hidden_continuous_size': 46, 'attention_head_size': 2, 'learning_rate': 0.05212606757464416}. Best is trial 68 with value: 0.058708954602479935.
LOCAL_RANK: 0 - CUDA_VISIBLE_DEVICES: [0]
[I 2023-11-30 14:10:48,831] Trial 126 finished with value: 0.10449018329381943 and parameters: {'gradient_clip_val': 0.30225931399603045, 'hidden_size': 53, 'dropout': 0.36197441388410007, 'hidden_continuous_size': 44, 'attention_head_size': 2, 'learning_rate': 0.06386185834471259}. Best is trial 68 with value: 0.058708954602479935.
LOCAL_RANK: 0 - CUDA_VISIBLE_DEVICES: [0]
[I 2023-11-30 14:11:02,453] Trial 127 finished with value: 0.11283817142248154 and parameters: {'gradient_clip_val': 0.37056107094928153, 'hidden_size': 49, 'dropout': 0.3949437483588812, 'hidden_continuous_size': 43, 'attention_head_size': 2, 'learning_rate': 0.07878030072749168}. Best is trial 68 with value: 0.058708954602479935.
LOCAL_RANK: 0 - CUDA_VISIBLE_DEVICES: [0]
[I 2023-11-30 14:11:16,188] Trial 128 finished with value: 0.07842273265123367 and parameters: {'gradient_clip_val': 0.2516604303305007, 'hidden_size': 58, 'dropout': 0.37212321472042387, 'hidden_continuous_size': 35, 'attention_head_size': 3, 'learning_rate': 0.05709371073261247}. Best is trial 68 with value: 0.058708954602479935.
LOCAL_RANK: 0 - CUDA_VISIBLE_DEVICES: [0]
[I 2023-11-30 14:11:29,153] Trial 129 finished with value: 0.07324443012475967 and parameters: {'gradient_clip_val': 0.22636988710959977, 'hidden_size': 36, 'dropout': 0.35493845833232157, 'hidden_continuous_size': 35, 'attention_head_size': 2, 'learning_rate': 0.08922082999765239}. Best is trial 68 with value: 0.058708954602479935.
LOCAL_RANK: 0 - CUDA_VISIBLE_DEVICES: [0]
[I 2023-11-30 14:11:42,981] Trial 130 finished with value: 0.06404556334018707 and parameters: {'gradient_clip_val': 0.4582269349493825, 'hidden_size': 62, 'dropout': 0.336809356136154, 'hidden_continuous_size': 50, 'attention_head_size': 2, 'learning_rate': 0.06940060853847824}. Best is trial 68 with value: 0.058708954602479935.
LOCAL_RANK: 0 - CUDA_VISIBLE_DEVICES: [0]
[I 2023-11-30 14:11:57,731] Trial 131 finished with value: 0.13605405390262604 and parameters: {'gradient_clip_val': 0.45369776027214276, 'hidden_size': 56, 'dropout': 0.3406941687779097, 'hidden_continuous_size': 51, 'attention_head_size': 2, 'learning_rate': 0.0723998812746416}. Best is trial 68 with value: 0.058708954602479935.
LOCAL_RANK: 0 - CUDA_VISIBLE_DEVICES: [0]
[I 2023-11-30 14:12:14,056] Trial 132 finished with value: 0.06673619896173477 and parameters: {'gradient_clip_val': 0.49304043886268056, 'hidden_size': 69, 'dropout': 0.32412235524737043, 'hidden_continuous_size': 54, 'attention_head_size': 2, 'learning_rate': 0.06557282163587723}. Best is trial 68 with value: 0.058708954602479935.
LOCAL_RANK: 0 - CUDA_VISIBLE_DEVICES: [0]
[I 2023-11-30 14:12:29,316] Trial 133 finished with value: 0.08946546167135239 and parameters: {'gradient_clip_val': 0.49693427643361965, 'hidden_size': 67, 'dropout': 0.33538942491885204, 'hidden_continuous_size': 55, 'attention_head_size': 2, 'learning_rate': 0.06322512700114742}. Best is trial 68 with value: 0.058708954602479935.
LOCAL_RANK: 0 - CUDA_VISIBLE_DEVICES: [0]
[I 2023-11-30 14:12:45,436] Trial 134 finished with value: 0.10189557075500488 and parameters: {'gradient_clip_val': 0.5495415754540764, 'hidden_size': 73, 'dropout': 0.32478928253495043, 'hidden_continuous_size': 54, 'attention_head_size': 2, 'learning_rate': 0.04926798836308171}. Best is trial 68 with value: 0.058708954602479935.
LOCAL_RANK: 0 - CUDA_VISIBLE_DEVICES: [0]
[I 2023-11-30 14:13:00,721] Trial 135 finished with value: 0.08497974276542664 and parameters: {'gradient_clip_val': 0.4083615434414197, 'hidden_size': 83, 'dropout': 0.31778945715050305, 'hidden_continuous_size': 52, 'attention_head_size': 2, 'learning_rate': 0.04480606951864017}. Best is trial 68 with value: 0.058708954602479935.
LOCAL_RANK: 0 - CUDA_VISIBLE_DEVICES: [0]
[I 2023-11-30 14:13:15,668] Trial 136 finished with value: 0.06895773857831955 and parameters: {'gradient_clip_val': 0.5210752804008411, 'hidden_size': 46, 'dropout': 0.33056838911438696, 'hidden_continuous_size': 42, 'attention_head_size': 2, 'learning_rate': 0.05914116145460696}. Best is trial 68 with value: 0.058708954602479935.
LOCAL_RANK: 0 - CUDA_VISIBLE_DEVICES: [0]
[I 2023-11-30 14:13:31,193] Trial 137 finished with value: 0.104141004383564 and parameters: {'gradient_clip_val': 0.5038208394827453, 'hidden_size': 70, 'dropout': 0.3344643173413807, 'hidden_continuous_size': 54, 'attention_head_size': 3, 'learning_rate': 0.06846772062360028}. Best is trial 68 with value: 0.058708954602479935.
LOCAL_RANK: 0 - CUDA_VISIBLE_DEVICES: [0]
[I 2023-11-30 14:13:46,331] Trial 138 finished with value: 0.11136666685342789 and parameters: {'gradient_clip_val': 0.46599180740834445, 'hidden_size': 51, 'dropout': 0.305442220031959, 'hidden_continuous_size': 45, 'attention_head_size': 2, 'learning_rate': 0.05186410144515294}. Best is trial 68 with value: 0.058708954602479935.
LOCAL_RANK: 0 - CUDA_VISIBLE_DEVICES: [0]
[I 2023-11-30 14:14:01,506] Trial 139 finished with value: 0.09267430752515793 and parameters: {'gradient_clip_val': 0.622993638849348, 'hidden_size': 42, 'dropout': 0.33989843983106416, 'hidden_continuous_size': 39, 'attention_head_size': 2, 'learning_rate': 0.07771270376324604}. Best is trial 68 with value: 0.058708954602479935.
LOCAL_RANK: 0 - CUDA_VISIBLE_DEVICES: [0]
[I 2023-11-30 14:14:16,629] Trial 140 finished with value: 0.08073437958955765 and parameters: {'gradient_clip_val': 0.43083952039449924, 'hidden_size': 63, 'dropout': 0.3255478020614679, 'hidden_continuous_size': 47, 'attention_head_size': 2, 'learning_rate': 0.05576343444528016}. Best is trial 68 with value: 0.058708954602479935.
LOCAL_RANK: 0 - CUDA_VISIBLE_DEVICES: [0]
[I 2023-11-30 14:14:31,540] Trial 141 finished with value: 0.0972207710146904 and parameters: {'gradient_clip_val': 0.29111491316291366, 'hidden_size': 62, 'dropout': 0.37951544041863944, 'hidden_continuous_size': 50, 'attention_head_size': 2, 'learning_rate': 0.08832728602090914}. Best is trial 68 with value: 0.058708954602479935.
LOCAL_RANK: 0 - CUDA_VISIBLE_DEVICES: [0]
[I 2023-11-30 14:14:46,975] Trial 142 finished with value: 0.085719995200634 and parameters: {'gradient_clip_val': 0.2769835697011629, 'hidden_size': 54, 'dropout': 0.34712566720522225, 'hidden_continuous_size': 48, 'attention_head_size': 2, 'learning_rate': 0.08212061758187768}. Best is trial 68 with value: 0.058708954602479935.
LOCAL_RANK: 0 - CUDA_VISIBLE_DEVICES: [0]
