[I 2023-11-30 08:42:03,462] Trial 51 finished with value: 0.1731632500886917 and parameters: {'gradient_clip_val': 0.8241380597131025, 'hidden_size': 37, 'dropout': 0.296765623347975, 'hidden_continuous_size': 13, 'attention_head_size': 3, 'learning_rate': 0.08347358786324117}. Best is trial 0 with value: 0.10541967302560806.
LOCAL_RANK: 0 - CUDA_VISIBLE_DEVICES: [0]
[I 2023-11-30 08:42:16,270] Trial 52 finished with value: 0.12631483376026154 and parameters: {'gradient_clip_val': 0.6477288830517326, 'hidden_size': 31, 'dropout': 0.3161823779712872, 'hidden_continuous_size': 15, 'attention_head_size': 3, 'learning_rate': 0.0848679778867387}. Best is trial 0 with value: 0.10541967302560806.
LOCAL_RANK: 0 - CUDA_VISIBLE_DEVICES: [0]
[I 2023-11-30 08:42:28,887] Trial 53 finished with value: 0.16016434133052826 and parameters: {'gradient_clip_val': 0.8688361876249973, 'hidden_size': 29, 'dropout': 0.31461048552035586, 'hidden_continuous_size': 14, 'attention_head_size': 3, 'learning_rate': 0.08478411730128532}. Best is trial 0 with value: 0.10541967302560806.
LOCAL_RANK: 0 - CUDA_VISIBLE_DEVICES: [0]
[I 2023-11-30 08:42:41,912] Trial 54 finished with value: 0.17162205278873444 and parameters: {'gradient_clip_val': 0.9141142802422954, 'hidden_size': 34, 'dropout': 0.33068184888660884, 'hidden_continuous_size': 17, 'attention_head_size': 3, 'learning_rate': 0.09929826898772637}. Best is trial 0 with value: 0.10541967302560806.
LOCAL_RANK: 0 - CUDA_VISIBLE_DEVICES: [0]
[I 2023-11-30 08:42:54,452] Trial 55 finished with value: 0.19360680878162384 and parameters: {'gradient_clip_val': 0.7502062323031212, 'hidden_size': 24, 'dropout': 0.3473730983911312, 'hidden_continuous_size': 16, 'attention_head_size': 2, 'learning_rate': 0.05849468475173589}. Best is trial 0 with value: 0.10541967302560806.
LOCAL_RANK: 0 - CUDA_VISIBLE_DEVICES: [0]
[I 2023-11-30 08:43:07,561] Trial 56 finished with value: 0.18209858238697052 and parameters: {'gradient_clip_val': 0.5346050930872022, 'hidden_size': 45, 'dropout': 0.3084240190098183, 'hidden_continuous_size': 12, 'attention_head_size': 4, 'learning_rate': 0.07181095726482258}. Best is trial 0 with value: 0.10541967302560806.
LOCAL_RANK: 0 - CUDA_VISIBLE_DEVICES: [0]
[I 2023-11-30 08:43:20,474] Trial 57 finished with value: 0.20207595825195312 and parameters: {'gradient_clip_val': 0.632341145765453, 'hidden_size': 33, 'dropout': 0.3292070966228364, 'hidden_continuous_size': 13, 'attention_head_size': 3, 'learning_rate': 0.08495828840550759}. Best is trial 0 with value: 0.10541967302560806.
LOCAL_RANK: 0 - CUDA_VISIBLE_DEVICES: [0]
[I 2023-11-30 08:43:33,397] Trial 58 finished with value: 0.14838187396526337 and parameters: {'gradient_clip_val': 0.7349260412332634, 'hidden_size': 39, 'dropout': 0.25939371066592454, 'hidden_continuous_size': 11, 'attention_head_size': 3, 'learning_rate': 0.04799085150230591}. Best is trial 0 with value: 0.10541967302560806.
LOCAL_RANK: 0 - CUDA_VISIBLE_DEVICES: [0]
[I 2023-11-30 08:43:46,059] Trial 59 finished with value: 0.1724422723054886 and parameters: {'gradient_clip_val': 0.44351228852305485, 'hidden_size': 27, 'dropout': 0.28585482996950584, 'hidden_continuous_size': 15, 'attention_head_size': 2, 'learning_rate': 0.066587240473047}. Best is trial 0 with value: 0.10541967302560806.
LOCAL_RANK: 0 - CUDA_VISIBLE_DEVICES: [0]
[I 2023-11-30 08:43:58,734] Trial 60 finished with value: 0.3709639012813568 and parameters: {'gradient_clip_val': 0.4616308342424356, 'hidden_size': 19, 'dropout': 0.3193830335594648, 'hidden_continuous_size': 12, 'attention_head_size': 3, 'learning_rate': 0.04059529250083678}. Best is trial 0 with value: 0.10541967302560806.
LOCAL_RANK: 0 - CUDA_VISIBLE_DEVICES: [0]
[I 2023-11-30 08:44:11,944] Trial 61 finished with value: 0.10069242864847183 and parameters: {'gradient_clip_val': 0.6642094203976696, 'hidden_size': 64, 'dropout': 0.29648474169776784, 'hidden_continuous_size': 14, 'attention_head_size': 3, 'learning_rate': 0.0551926963681744}. Best is trial 61 with value: 0.10069242864847183.
LOCAL_RANK: 0 - CUDA_VISIBLE_DEVICES: [0]
[I 2023-11-30 08:44:25,336] Trial 62 finished with value: 0.15472419559955597 and parameters: {'gradient_clip_val': 0.5073841877808257, 'hidden_size': 67, 'dropout': 0.3016887506996483, 'hidden_continuous_size': 14, 'attention_head_size': 3, 'learning_rate': 0.0554127491279884}. Best is trial 61 with value: 0.10069242864847183.
LOCAL_RANK: 0 - CUDA_VISIBLE_DEVICES: [0]
[I 2023-11-30 08:44:38,840] Trial 63 finished with value: 0.11267435550689697 and parameters: {'gradient_clip_val': 0.7772112463760297, 'hidden_size': 51, 'dropout': 0.2732988492518903, 'hidden_continuous_size': 31, 'attention_head_size': 3, 'learning_rate': 0.08667397054947809}. Best is trial 61 with value: 0.10069242864847183.
LOCAL_RANK: 0 - CUDA_VISIBLE_DEVICES: [0]
[I 2023-11-30 08:44:52,324] Trial 64 finished with value: 0.11950042098760605 and parameters: {'gradient_clip_val': 0.8853715549906581, 'hidden_size': 50, 'dropout': 0.2739162260673796, 'hidden_continuous_size': 24, 'attention_head_size': 3, 'learning_rate': 0.06255840937986412}. Best is trial 61 with value: 0.10069242864847183.
LOCAL_RANK: 0 - CUDA_VISIBLE_DEVICES: [0]
[I 2023-11-30 08:45:05,853] Trial 65 finished with value: 0.14344348013401031 and parameters: {'gradient_clip_val': 0.8004854881274654, 'hidden_size': 51, 'dropout': 0.2743657663979155, 'hidden_continuous_size': 33, 'attention_head_size': 2, 'learning_rate': 0.0640994154190377}. Best is trial 61 with value: 0.10069242864847183.
LOCAL_RANK: 0 - CUDA_VISIBLE_DEVICES: [0]
[I 2023-11-30 08:45:19,073] Trial 66 finished with value: 0.16600196063518524 and parameters: {'gradient_clip_val': 0.8761727705379675, 'hidden_size': 42, 'dropout': 0.2709529037839937, 'hidden_continuous_size': 24, 'attention_head_size': 3, 'learning_rate': 0.05553255850766986}. Best is trial 61 with value: 0.10069242864847183.
LOCAL_RANK: 0 - CUDA_VISIBLE_DEVICES: [0]
[I 2023-11-30 08:45:32,525] Trial 67 finished with value: 0.24346844851970673 and parameters: {'gradient_clip_val': 0.9670400249262319, 'hidden_size': 46, 'dropout': 0.28483769186777474, 'hidden_continuous_size': 30, 'attention_head_size': 4, 'learning_rate': 0.0740729610961529}. Best is trial 61 with value: 0.10069242864847183.
LOCAL_RANK: 0 - CUDA_VISIBLE_DEVICES: [0]
[I 2023-11-30 08:45:45,926] Trial 68 finished with value: 0.10775501281023026 and parameters: {'gradient_clip_val': 0.8645344628516911, 'hidden_size': 56, 'dropout': 0.25681964562597476, 'hidden_continuous_size': 38, 'attention_head_size': 2, 'learning_rate': 0.09779193949404068}. Best is trial 61 with value: 0.10069242864847183.
LOCAL_RANK: 0 - CUDA_VISIBLE_DEVICES: [0]
[I 2023-11-30 08:45:59,321] Trial 69 finished with value: 0.13647693395614624 and parameters: {'gradient_clip_val': 0.7067686054799207, 'hidden_size': 56, 'dropout': 0.25829863134744546, 'hidden_continuous_size': 35, 'attention_head_size': 2, 'learning_rate': 0.09758385250288898}. Best is trial 61 with value: 0.10069242864847183.
LOCAL_RANK: 0 - CUDA_VISIBLE_DEVICES: [0]
[I 2023-11-30 08:46:13,064] Trial 70 finished with value: 0.20787115395069122 and parameters: {'gradient_clip_val': 0.7063141181333126, 'hidden_size': 49, 'dropout': 0.23234253429836899, 'hidden_continuous_size': 39, 'attention_head_size': 2, 'learning_rate': 0.06497917543705273}. Best is trial 61 with value: 0.10069242864847183.
LOCAL_RANK: 0 - CUDA_VISIBLE_DEVICES: [0]
[I 2023-11-30 08:46:26,697] Trial 71 finished with value: 0.16142593324184418 and parameters: {'gradient_clip_val': 0.8953764742202764, 'hidden_size': 54, 'dropout': 0.2646058016954143, 'hidden_continuous_size': 31, 'attention_head_size': 2, 'learning_rate': 0.08635417468723962}. Best is trial 61 with value: 0.10069242864847183.
LOCAL_RANK: 0 - CUDA_VISIBLE_DEVICES: [0]
[I 2023-11-30 08:46:40,164] Trial 72 finished with value: 0.10970902442932129 and parameters: {'gradient_clip_val': 0.9695683762037335, 'hidden_size': 48, 'dropout': 0.28112973095677696, 'hidden_continuous_size': 42, 'attention_head_size': 2, 'learning_rate': 0.07625164876557937}. Best is trial 61 with value: 0.10069242864847183.
LOCAL_RANK: 0 - CUDA_VISIBLE_DEVICES: [0]
[I 2023-11-30 08:46:53,611] Trial 73 finished with value: 0.1512233018875122 and parameters: {'gradient_clip_val': 0.9803460209503944, 'hidden_size': 49, 'dropout': 0.2791279544422367, 'hidden_continuous_size': 42, 'attention_head_size': 2, 'learning_rate': 0.07000980256104901}. Best is trial 61 with value: 0.10069242864847183.
LOCAL_RANK: 0 - CUDA_VISIBLE_DEVICES: [0]
[I 2023-11-30 08:47:07,130] Trial 74 finished with value: 0.13209168612957 and parameters: {'gradient_clip_val': 0.7848686965910083, 'hidden_size': 64, 'dropout': 0.25252541246350846, 'hidden_continuous_size': 45, 'attention_head_size': 2, 'learning_rate': 0.049521211962988754}. Best is trial 61 with value: 0.10069242864847183.
LOCAL_RANK: 0 - CUDA_VISIBLE_DEVICES: [0]
[I 2023-11-30 08:47:20,957] Trial 75 finished with value: 0.12989957630634308 and parameters: {'gradient_clip_val': 0.9249453640792835, 'hidden_size': 57, 'dropout': 0.26872447276282957, 'hidden_continuous_size': 38, 'attention_head_size': 2, 'learning_rate': 0.056850413858877104}. Best is trial 61 with value: 0.10069242864847183.
LOCAL_RANK: 0 - CUDA_VISIBLE_DEVICES: [0]
[I 2023-11-30 08:47:34,595] Trial 76 finished with value: 0.22618506848812103 and parameters: {'gradient_clip_val': 0.8562928757743126, 'hidden_size': 72, 'dropout': 0.23680153704921375, 'hidden_continuous_size': 31, 'attention_head_size': 2, 'learning_rate': 0.0997631176738188}. Best is trial 61 with value: 0.10069242864847183.
LOCAL_RANK: 0 - CUDA_VISIBLE_DEVICES: [0]
[I 2023-11-30 08:47:47,975] Trial 77 finished with value: 0.15827690064907074 and parameters: {'gradient_clip_val': 0.781493449513333, 'hidden_size': 45, 'dropout': 0.25078920546704025, 'hidden_continuous_size': 37, 'attention_head_size': 1, 'learning_rate': 0.0757595294947035}. Best is trial 61 with value: 0.10069242864847183.
LOCAL_RANK: 0 - CUDA_VISIBLE_DEVICES: [0]
[I 2023-11-30 08:48:01,403] Trial 78 finished with value: 0.10326201468706131 and parameters: {'gradient_clip_val': 0.9941646439390026, 'hidden_size': 78, 'dropout': 0.2867954529019027, 'hidden_continuous_size': 10, 'attention_head_size': 2, 'learning_rate': 0.059855211048284764}. Best is trial 61 with value: 0.10069242864847183.
LOCAL_RANK: 0 - CUDA_VISIBLE_DEVICES: [0]
[I 2023-11-30 08:48:14,956] Trial 79 finished with value: 0.24082283675670624 and parameters: {'gradient_clip_val': 0.9832107311044028, 'hidden_size': 82, 'dropout': 0.28728442110171304, 'hidden_continuous_size': 10, 'attention_head_size': 2, 'learning_rate': 0.09202119243049257}. Best is trial 61 with value: 0.10069242864847183.
LOCAL_RANK: 0 - CUDA_VISIBLE_DEVICES: [0]
[I 2023-11-30 08:48:28,247] Trial 80 finished with value: 0.15255048871040344 and parameters: {'gradient_clip_val': 0.8228654340812214, 'hidden_size': 61, 'dropout': 0.2308233206898189, 'hidden_continuous_size': 10, 'attention_head_size': 2, 'learning_rate': 0.051702859931958646}. Best is trial 61 with value: 0.10069242864847183.
LOCAL_RANK: 0 - CUDA_VISIBLE_DEVICES: [0]
[I 2023-11-30 08:48:41,984] Trial 81 finished with value: 0.13301092386245728 and parameters: {'gradient_clip_val': 0.9245058006525534, 'hidden_size': 77, 'dropout': 0.27528597048316406, 'hidden_continuous_size': 36, 'attention_head_size': 2, 'learning_rate': 0.06265561419774165}. Best is trial 61 with value: 0.10069242864847183.
LOCAL_RANK: 0 - CUDA_VISIBLE_DEVICES: [0]
[I 2023-11-30 08:48:55,769] Trial 82 finished with value: 0.1629417985677719 and parameters: {'gradient_clip_val': 0.7468006551622138, 'hidden_size': 53, 'dropout': 0.3032434791667832, 'hidden_continuous_size': 46, 'attention_head_size': 2, 'learning_rate': 0.07202542259162213}. Best is trial 61 with value: 0.10069242864847183.
LOCAL_RANK: 0 - CUDA_VISIBLE_DEVICES: [0]
[I 2023-11-30 08:49:09,471] Trial 83 finished with value: 0.14155441522598267 and parameters: {'gradient_clip_val': 0.8374604774285337, 'hidden_size': 69, 'dropout': 0.26463662511498415, 'hidden_continuous_size': 33, 'attention_head_size': 2, 'learning_rate': 0.05971986806834026}. Best is trial 61 with value: 0.10069242864847183.
LOCAL_RANK: 0 - CUDA_VISIBLE_DEVICES: [0]
[I 2023-11-30 08:49:22,827] Trial 84 finished with value: 0.15878362953662872 and parameters: {'gradient_clip_val': 0.9311325360092606, 'hidden_size': 58, 'dropout': 0.28262798510746673, 'hidden_continuous_size': 23, 'attention_head_size': 2, 'learning_rate': 0.047238356742453184}. Best is trial 61 with value: 0.10069242864847183.
LOCAL_RANK: 0 - CUDA_VISIBLE_DEVICES: [0]
[I 2023-11-30 08:49:36,729] Trial 85 finished with value: 0.11663661152124405 and parameters: {'gradient_clip_val': 0.804766597538962, 'hidden_size': 64, 'dropout': 0.244601682794165, 'hidden_continuous_size': 55, 'attention_head_size': 2, 'learning_rate': 0.07643990277784607}. Best is trial 61 with value: 0.10069242864847183.
LOCAL_RANK: 0 - CUDA_VISIBLE_DEVICES: [0]
[I 2023-11-30 08:49:50,262] Trial 86 finished with value: 0.10610225051641464 and parameters: {'gradient_clip_val': 0.9984166696960388, 'hidden_size': 64, 'dropout': 0.2495291198968842, 'hidden_continuous_size': 56, 'attention_head_size': 2, 'learning_rate': 0.0811884399939807}. Best is trial 61 with value: 0.10069242864847183.
LOCAL_RANK: 0 - CUDA_VISIBLE_DEVICES: [0]
[I 2023-11-30 08:50:03,644] Trial 87 finished with value: 0.15756037831306458 and parameters: {'gradient_clip_val': 0.9688110174233175, 'hidden_size': 74, 'dropout': 0.1988479276549693, 'hidden_continuous_size': 11, 'attention_head_size': 2, 'learning_rate': 0.09067233698522953}. Best is trial 61 with value: 0.10069242864847183.
LOCAL_RANK: 0 - CUDA_VISIBLE_DEVICES: [0]
[I 2023-11-30 08:50:17,683] Trial 88 finished with value: 0.20858056843280792 and parameters: {'gradient_clip_val': 0.7317247881425979, 'hidden_size': 85, 'dropout': 0.2547060421237034, 'hidden_continuous_size': 53, 'attention_head_size': 1, 'learning_rate': 0.08389024935948379}. Best is trial 61 with value: 0.10069242864847183.
LOCAL_RANK: 0 - CUDA_VISIBLE_DEVICES: [0]
[I 2023-11-30 08:50:30,795] Trial 89 finished with value: 0.25508666038513184 and parameters: {'gradient_clip_val': 0.6867977553410853, 'hidden_size': 54, 'dropout': 0.28846474989941084, 'hidden_continuous_size': 10, 'attention_head_size': 2, 'learning_rate': 0.06723518255072822}. Best is trial 61 with value: 0.10069242864847183.
LOCAL_RANK: 0 - CUDA_VISIBLE_DEVICES: [0]
[I 2023-11-30 08:50:44,168] Trial 90 finished with value: 0.132594034075737 and parameters: {'gradient_clip_val': 0.9906714439268488, 'hidden_size': 65, 'dropout': 0.30254348714371215, 'hidden_continuous_size': 11, 'attention_head_size': 2, 'learning_rate': 0.04019612217687554}. Best is trial 61 with value: 0.10069242864847183.
LOCAL_RANK: 0 - CUDA_VISIBLE_DEVICES: [0]
[I 2023-11-30 08:50:54,923] Trial 91 finished with value: 0.1559482365846634 and parameters: {'gradient_clip_val': 0.7806214279780453, 'hidden_size': 61, 'dropout': 0.24514359638615968, 'hidden_continuous_size': 61, 'attention_head_size': 2, 'learning_rate': 0.08066212427092428}. Best is trial 61 with value: 0.10069242864847183.
LOCAL_RANK: 0 - CUDA_VISIBLE_DEVICES: [0]
[I 2023-11-30 08:51:08,786] Trial 92 finished with value: 0.16862885653972626 and parameters: {'gradient_clip_val': 0.8576453695736991, 'hidden_size': 68, 'dropout': 0.2607020182082808, 'hidden_continuous_size': 59, 'attention_head_size': 2, 'learning_rate': 0.0768925005300531}. Best is trial 61 with value: 0.10069242864847183.
LOCAL_RANK: 0 - CUDA_VISIBLE_DEVICES: [0]
[I 2023-11-30 08:51:22,789] Trial 93 finished with value: 0.21394306421279907 and parameters: {'gradient_clip_val': 0.8086479592437112, 'hidden_size': 77, 'dropout': 0.2432275733569537, 'hidden_continuous_size': 49, 'attention_head_size': 2, 'learning_rate': 0.09404225149655952}. Best is trial 61 with value: 0.10069242864847183.
LOCAL_RANK: 0 - CUDA_VISIBLE_DEVICES: [0]
[I 2023-11-30 08:51:36,018] Trial 94 finished with value: 0.2313000112771988 and parameters: {'gradient_clip_val': 0.5925501432322976, 'hidden_size': 57, 'dropout': 0.22578277911618128, 'hidden_continuous_size': 12, 'attention_head_size': 2, 'learning_rate': 0.07425305217651901}. Best is trial 61 with value: 0.10069242864847183.
LOCAL_RANK: 0 - CUDA_VISIBLE_DEVICES: [0]
[I 2023-11-30 08:51:49,163] Trial 95 finished with value: 0.16790825128555298 and parameters: {'gradient_clip_val': 0.6486900894255155, 'hidden_size': 65, 'dropout': 0.2657571474210761, 'hidden_continuous_size': 10, 'attention_head_size': 2, 'learning_rate': 0.055217061657116276}. Best is trial 61 with value: 0.10069242864847183.
LOCAL_RANK: 0 - CUDA_VISIBLE_DEVICES: [0]
[I 2023-11-30 08:52:02,735] Trial 96 finished with value: 0.13161689043045044 and parameters: {'gradient_clip_val': 0.9171626654708315, 'hidden_size': 72, 'dropout': 0.25275735853949155, 'hidden_continuous_size': 40, 'attention_head_size': 2, 'learning_rate': 0.0898748601882484}. Best is trial 61 with value: 0.10069242864847183.
LOCAL_RANK: 0 - CUDA_VISIBLE_DEVICES: [0]
[I 2023-11-30 08:52:16,093] Trial 97 finished with value: 0.15677426755428314 and parameters: {'gradient_clip_val': 0.8367900950473753, 'hidden_size': 62, 'dropout': 0.2912822216168659, 'hidden_continuous_size': 17, 'attention_head_size': 2, 'learning_rate': 0.06717085583049892}. Best is trial 61 with value: 0.10069242864847183.
LOCAL_RANK: 0 - CUDA_VISIBLE_DEVICES: [0]
[I 2023-11-30 08:52:29,547] Trial 98 finished with value: 0.19811289012432098 and parameters: {'gradient_clip_val': 0.7577205035779426, 'hidden_size': 52, 'dropout': 0.2813889799892829, 'hidden_continuous_size': 43, 'attention_head_size': 2, 'learning_rate': 0.044555093224239534}. Best is trial 61 with value: 0.10069242864847183.
LOCAL_RANK: 0 - CUDA_VISIBLE_DEVICES: [0]
[I 2023-11-30 08:52:43,203] Trial 99 finished with value: 0.21538448333740234 and parameters: {'gradient_clip_val': 0.7104709419842302, 'hidden_size': 71, 'dropout': 0.23813186146191864, 'hidden_continuous_size': 19, 'attention_head_size': 2, 'learning_rate': 0.05881101116279854}. Best is trial 61 with value: 0.10069242864847183.
LOCAL_RANK: 0 - CUDA_VISIBLE_DEVICES: [0]
[I 2023-11-30 08:52:56,891] Trial 100 finished with value: 0.13304978609085083 and parameters: {'gradient_clip_val': 0.8736355659555862, 'hidden_size': 47, 'dropout': 0.3119518826291559, 'hidden_continuous_size': 41, 'attention_head_size': 2, 'learning_rate': 0.07759483144258936}. Best is trial 61 with value: 0.10069242864847183.
LOCAL_RANK: 0 - CUDA_VISIBLE_DEVICES: [0]
[I 2023-11-30 08:53:10,184] Trial 101 finished with value: 0.229331374168396 and parameters: {'gradient_clip_val': 0.896390138628182, 'hidden_size': 50, 'dropout': 0.27173319332651746, 'hidden_continuous_size': 20, 'attention_head_size': 3, 'learning_rate': 0.06277196128213548}. Best is trial 61 with value: 0.10069242864847183.
LOCAL_RANK: 0 - CUDA_VISIBLE_DEVICES: [0]
[I 2023-11-30 08:53:23,692] Trial 102 finished with value: 0.1486777365207672 and parameters: {'gradient_clip_val': 0.9436640756407525, 'hidden_size': 43, 'dropout': 0.24785720900771588, 'hidden_continuous_size': 41, 'attention_head_size': 3, 'learning_rate': 0.05269886783065062}. Best is trial 61 with value: 0.10069242864847183.
LOCAL_RANK: 0 - CUDA_VISIBLE_DEVICES: [0]
[I 2023-11-30 08:53:37,085] Trial 103 finished with value: 0.13422192633152008 and parameters: {'gradient_clip_val': 0.7959451767510782, 'hidden_size': 58, 'dropout': 0.2765028228442812, 'hidden_continuous_size': 21, 'attention_head_size': 3, 'learning_rate': 0.06880246408249967}. Best is trial 61 with value: 0.10069242864847183.
LOCAL_RANK: 0 - CUDA_VISIBLE_DEVICES: [0]
[I 2023-11-30 08:53:50,608] Trial 104 finished with value: 0.1696348637342453 and parameters: {'gradient_clip_val': 0.8740973260723449, 'hidden_size': 48, 'dropout': 0.2598092375814362, 'hidden_continuous_size': 44, 'attention_head_size': 3, 'learning_rate': 0.08042724426070252}. Best is trial 61 with value: 0.10069242864847183.
LOCAL_RANK: 0 - CUDA_VISIBLE_DEVICES: [0]
[I 2023-11-30 08:54:04,421] Trial 105 finished with value: 0.1800517588853836 and parameters: {'gradient_clip_val': 0.9285032582274654, 'hidden_size': 55, 'dropout': 0.26942679616846554, 'hidden_continuous_size': 47, 'attention_head_size': 3, 'learning_rate': 0.091348087457229}. Best is trial 61 with value: 0.10069242864847183.
LOCAL_RANK: 0 - CUDA_VISIBLE_DEVICES: [0]
[I 2023-11-30 08:54:17,889] Trial 106 finished with value: 0.17624400556087494 and parameters: {'gradient_clip_val': 0.9916069671823574, 'hidden_size': 62, 'dropout': 0.2919619727199424, 'hidden_continuous_size': 28, 'attention_head_size': 2, 'learning_rate': 0.060377520539487535}. Best is trial 61 with value: 0.10069242864847183.
LOCAL_RANK: 0 - CUDA_VISIBLE_DEVICES: [0]
[I 2023-11-30 08:54:30,840] Trial 107 finished with value: 0.1470908373594284 and parameters: {'gradient_clip_val': 0.8257658285105008, 'hidden_size': 52, 'dropout': 0.30067463713058, 'hidden_continuous_size': 18, 'attention_head_size': 3, 'learning_rate': 0.0698919268453628}. Best is trial 61 with value: 0.10069242864847183.
LOCAL_RANK: 0 - CUDA_VISIBLE_DEVICES: [0]
[I 2023-11-30 08:54:44,085] Trial 108 finished with value: 0.19172577559947968 and parameters: {'gradient_clip_val': 0.7277581467507471, 'hidden_size': 66, 'dropout': 0.27890017309898607, 'hidden_continuous_size': 11, 'attention_head_size': 2, 'learning_rate': 0.050476049911139416}. Best is trial 61 with value: 0.10069242864847183.
LOCAL_RANK: 0 - CUDA_VISIBLE_DEVICES: [0]
