[I 2023-11-29 23:41:16,188] Trial 80 finished with value: 276.2120666503906 and parameters: {'gradient_clip_val': 0.20478219289175104, 'hidden_size': 14, 'dropout': 0.3999396870942419, 'hidden_continuous_size': 11, 'attention_head_size': 1, 'learning_rate': 0.08850690978285837}. Best is trial 12 with value: 248.5668487548828.
LOCAL_RANK: 0 - CUDA_VISIBLE_DEVICES: [0]
[I 2023-11-29 23:41:28,576] Trial 81 finished with value: 285.9495544433594 and parameters: {'gradient_clip_val': 0.8110692157900184, 'hidden_size': 12, 'dropout': 0.3914554216238144, 'hidden_continuous_size': 11, 'attention_head_size': 3, 'learning_rate': 0.08716875796778495}. Best is trial 12 with value: 248.5668487548828.
LOCAL_RANK: 0 - CUDA_VISIBLE_DEVICES: [0]
[I 2023-11-29 23:41:40,841] Trial 82 finished with value: 285.87548828125 and parameters: {'gradient_clip_val': 0.9430885505314561, 'hidden_size': 13, 'dropout': 0.38206319894429464, 'hidden_continuous_size': 12, 'attention_head_size': 3, 'learning_rate': 0.07381699560320917}. Best is trial 12 with value: 248.5668487548828.
LOCAL_RANK: 0 - CUDA_VISIBLE_DEVICES: [0]
[I 2023-11-29 23:41:53,382] Trial 83 finished with value: 284.5767822265625 and parameters: {'gradient_clip_val': 0.7874707423198003, 'hidden_size': 17, 'dropout': 0.35837216485273476, 'hidden_continuous_size': 14, 'attention_head_size': 3, 'learning_rate': 0.06296667251655909}. Best is trial 12 with value: 248.5668487548828.
LOCAL_RANK: 0 - CUDA_VISIBLE_DEVICES: [0]
[I 2023-11-29 23:42:06,016] Trial 84 finished with value: 272.0064392089844 and parameters: {'gradient_clip_val': 0.7351942858819124, 'hidden_size': 18, 'dropout': 0.3743580673325257, 'hidden_continuous_size': 15, 'attention_head_size': 4, 'learning_rate': 0.09916707823505218}. Best is trial 12 with value: 248.5668487548828.
LOCAL_RANK: 0 - CUDA_VISIBLE_DEVICES: [0]
[I 2023-11-29 23:42:18,008] Trial 85 finished with value: 266.97100830078125 and parameters: {'gradient_clip_val': 0.6909332907749882, 'hidden_size': 16, 'dropout': 0.38583983757010537, 'hidden_continuous_size': 11, 'attention_head_size': 2, 'learning_rate': 0.05169822157471885}. Best is trial 12 with value: 248.5668487548828.
LOCAL_RANK: 0 - CUDA_VISIBLE_DEVICES: [0]
[I 2023-11-29 23:42:30,455] Trial 86 finished with value: 279.4412841796875 and parameters: {'gradient_clip_val': 0.380416477367347, 'hidden_size': 14, 'dropout': 0.36943690449424, 'hidden_continuous_size': 12, 'attention_head_size': 3, 'learning_rate': 0.06985029291564587}. Best is trial 12 with value: 248.5668487548828.
LOCAL_RANK: 0 - CUDA_VISIBLE_DEVICES: [0]
[I 2023-11-29 23:42:42,731] Trial 87 finished with value: 302.5580749511719 and parameters: {'gradient_clip_val': 0.5620562080783367, 'hidden_size': 11, 'dropout': 0.3927124290862094, 'hidden_continuous_size': 10, 'attention_head_size': 2, 'learning_rate': 0.07801432745063282}. Best is trial 12 with value: 248.5668487548828.
LOCAL_RANK: 0 - CUDA_VISIBLE_DEVICES: [0]
[I 2023-11-29 23:42:55,376] Trial 88 finished with value: 269.2507629394531 and parameters: {'gradient_clip_val': 0.8566192453076773, 'hidden_size': 15, 'dropout': 0.3490274941601332, 'hidden_continuous_size': 13, 'attention_head_size': 4, 'learning_rate': 0.04201918363805569}. Best is trial 12 with value: 248.5668487548828.
LOCAL_RANK: 0 - CUDA_VISIBLE_DEVICES: [0]
[I 2023-11-29 23:43:07,525] Trial 89 finished with value: 323.57769775390625 and parameters: {'gradient_clip_val': 0.8922980070379392, 'hidden_size': 12, 'dropout': 0.36399274924238134, 'hidden_continuous_size': 11, 'attention_head_size': 3, 'learning_rate': 0.0284743854379496}. Best is trial 12 with value: 248.5668487548828.
LOCAL_RANK: 0 - CUDA_VISIBLE_DEVICES: [0]
[I 2023-11-29 23:43:18,256] Trial 90 finished with value: 258.3402099609375 and parameters: {'gradient_clip_val': 0.6242628436469505, 'hidden_size': 10, 'dropout': 0.37937530171917005, 'hidden_continuous_size': 10, 'attention_head_size': 2, 'learning_rate': 0.03819334645412708}. Best is trial 12 with value: 248.5668487548828.
LOCAL_RANK: 0 - CUDA_VISIBLE_DEVICES: [0]
[I 2023-11-29 23:43:28,771] Trial 91 finished with value: 326.5649108886719 and parameters: {'gradient_clip_val': 0.6261880969380016, 'hidden_size': 10, 'dropout': 0.3785106046547078, 'hidden_continuous_size': 10, 'attention_head_size': 2, 'learning_rate': 0.03933134759351442}. Best is trial 12 with value: 248.5668487548828.
LOCAL_RANK: 0 - CUDA_VISIBLE_DEVICES: [0]
[I 2023-11-29 23:43:39,100] Trial 92 finished with value: 264.9704284667969 and parameters: {'gradient_clip_val': 0.6678879647501726, 'hidden_size': 10, 'dropout': 0.39538960738623935, 'hidden_continuous_size': 10, 'attention_head_size': 2, 'learning_rate': 0.05625173145027146}. Best is trial 12 with value: 248.5668487548828.
LOCAL_RANK: 0 - CUDA_VISIBLE_DEVICES: [0]
[I 2023-11-29 23:43:51,156] Trial 93 finished with value: 276.3336486816406 and parameters: {'gradient_clip_val': 0.7917994184304055, 'hidden_size': 12, 'dropout': 0.3871897133910567, 'hidden_continuous_size': 11, 'attention_head_size': 2, 'learning_rate': 0.04706916960909069}. Best is trial 12 with value: 248.5668487548828.
LOCAL_RANK: 0 - CUDA_VISIBLE_DEVICES: [0]
[I 2023-11-29 23:44:03,594] Trial 94 finished with value: 291.9124755859375 and parameters: {'gradient_clip_val': 0.7320714681049392, 'hidden_size': 19, 'dropout': 0.3786718950134247, 'hidden_continuous_size': 16, 'attention_head_size': 2, 'learning_rate': 0.02588267644475975}. Best is trial 12 with value: 248.5668487548828.
LOCAL_RANK: 0 - CUDA_VISIBLE_DEVICES: [0]
[I 2023-11-29 23:44:15,804] Trial 95 finished with value: 297.0238037109375 and parameters: {'gradient_clip_val': 0.6103250407697443, 'hidden_size': 11, 'dropout': 0.35928250392393024, 'hidden_continuous_size': 10, 'attention_head_size': 2, 'learning_rate': 0.03101248764477008}. Best is trial 12 with value: 248.5668487548828.
LOCAL_RANK: 0 - CUDA_VISIBLE_DEVICES: [0]
[I 2023-11-29 23:44:28,278] Trial 96 finished with value: 303.26287841796875 and parameters: {'gradient_clip_val': 0.5795018797397249, 'hidden_size': 13, 'dropout': 0.3388191315505258, 'hidden_continuous_size': 12, 'attention_head_size': 1, 'learning_rate': 0.08724579534608684}. Best is trial 12 with value: 248.5668487548828.
LOCAL_RANK: 0 - CUDA_VISIBLE_DEVICES: [0]
[I 2023-11-29 23:44:40,972] Trial 97 finished with value: 350.3206481933594 and parameters: {'gradient_clip_val': 0.6915798134353827, 'hidden_size': 22, 'dropout': 0.3690209797661892, 'hidden_continuous_size': 15, 'attention_head_size': 4, 'learning_rate': 0.06550738368254731}. Best is trial 12 with value: 248.5668487548828.
LOCAL_RANK: 0 - CUDA_VISIBLE_DEVICES: [0]
[I 2023-11-29 23:44:53,180] Trial 98 finished with value: 280.1640625 and parameters: {'gradient_clip_val': 0.4902552214087625, 'hidden_size': 15, 'dropout': 0.35343935367052703, 'hidden_continuous_size': 13, 'attention_head_size': 2, 'learning_rate': 0.03754720099224033}. Best is trial 12 with value: 248.5668487548828.
LOCAL_RANK: 0 - CUDA_VISIBLE_DEVICES: [0]
[I 2023-11-29 23:45:05,563] Trial 99 finished with value: 293.6678161621094 and parameters: {'gradient_clip_val': 0.6459128511020605, 'hidden_size': 17, 'dropout': 0.39562158637582046, 'hidden_continuous_size': 14, 'attention_head_size': 2, 'learning_rate': 0.060234233431820154}. Best is trial 12 with value: 248.5668487548828.
LOCAL_RANK: 0 - CUDA_VISIBLE_DEVICES: [0]
[I 2023-11-29 23:45:18,119] Trial 100 finished with value: 259.2692565917969 and parameters: {'gradient_clip_val': 0.5473707071706996, 'hidden_size': 20, 'dropout': 0.3842834320287188, 'hidden_continuous_size': 17, 'attention_head_size': 3, 'learning_rate': 0.0501957402387005}. Best is trial 12 with value: 248.5668487548828.
LOCAL_RANK: 0 - CUDA_VISIBLE_DEVICES: [0]
[I 2023-11-29 23:45:30,856] Trial 101 finished with value: 282.2395324707031 and parameters: {'gradient_clip_val': 0.554906481287332, 'hidden_size': 18, 'dropout': 0.38584537283705606, 'hidden_continuous_size': 16, 'attention_head_size': 3, 'learning_rate': 0.05345104824678016}. Best is trial 12 with value: 248.5668487548828.
LOCAL_RANK: 0 - CUDA_VISIBLE_DEVICES: [0]
[I 2023-11-29 23:45:43,127] Trial 102 finished with value: 267.3935852050781 and parameters: {'gradient_clip_val': 0.59625539046926, 'hidden_size': 20, 'dropout': 0.3752575090644683, 'hidden_continuous_size': 17, 'attention_head_size': 3, 'learning_rate': 0.04541274993031628}. Best is trial 12 with value: 248.5668487548828.
LOCAL_RANK: 0 - CUDA_VISIBLE_DEVICES: [0]
[I 2023-11-29 23:45:55,614] Trial 103 finished with value: 310.4010314941406 and parameters: {'gradient_clip_val': 0.5148394440281938, 'hidden_size': 14, 'dropout': 0.3875020771147857, 'hidden_continuous_size': 13, 'attention_head_size': 3, 'learning_rate': 0.03365178657370986}. Best is trial 12 with value: 248.5668487548828.
LOCAL_RANK: 0 - CUDA_VISIBLE_DEVICES: [0]
[I 2023-11-29 23:46:08,153] Trial 104 finished with value: 302.9123229980469 and parameters: {'gradient_clip_val': 0.5457911979589307, 'hidden_size': 23, 'dropout': 0.36472617804727275, 'hidden_continuous_size': 17, 'attention_head_size': 3, 'learning_rate': 0.050314956881868725}. Best is trial 12 with value: 248.5668487548828.
LOCAL_RANK: 0 - CUDA_VISIBLE_DEVICES: [0]
[I 2023-11-29 23:46:21,067] Trial 105 finished with value: 296.0949401855469 and parameters: {'gradient_clip_val': 0.44719311409214263, 'hidden_size': 29, 'dropout': 0.38108505891105604, 'hidden_continuous_size': 21, 'attention_head_size': 1, 'learning_rate': 0.07545650375555707}. Best is trial 12 with value: 248.5668487548828.
LOCAL_RANK: 0 - CUDA_VISIBLE_DEVICES: [0]
[I 2023-11-29 23:46:33,766] Trial 106 finished with value: 282.7619323730469 and parameters: {'gradient_clip_val': 0.8232286093184107, 'hidden_size': 21, 'dropout': 0.39491895371984725, 'hidden_continuous_size': 18, 'attention_head_size': 3, 'learning_rate': 0.06056531617872419}. Best is trial 12 with value: 248.5668487548828.
LOCAL_RANK: 0 - CUDA_VISIBLE_DEVICES: [0]
[I 2023-11-29 23:46:46,059] Trial 107 finished with value: 284.406982421875 and parameters: {'gradient_clip_val': 0.7661816891433937, 'hidden_size': 16, 'dropout': 0.3729339308270319, 'hidden_continuous_size': 14, 'attention_head_size': 2, 'learning_rate': 0.04191669600236205}. Best is trial 12 with value: 248.5668487548828.
LOCAL_RANK: 0 - CUDA_VISIBLE_DEVICES: [0]
[I 2023-11-29 23:46:58,667] Trial 108 finished with value: 282.469482421875 and parameters: {'gradient_clip_val': 0.7191060461497084, 'hidden_size': 19, 'dropout': 0.3469314349425819, 'hidden_continuous_size': 15, 'attention_head_size': 4, 'learning_rate': 0.09033087008299243}. Best is trial 12 with value: 248.5668487548828.
LOCAL_RANK: 0 - CUDA_VISIBLE_DEVICES: [0]
[I 2023-11-29 23:47:11,339] Trial 109 finished with value: 300.8412780761719 and parameters: {'gradient_clip_val': 0.625188104815865, 'hidden_size': 27, 'dropout': 0.36945260773663574, 'hidden_continuous_size': 22, 'attention_head_size': 3, 'learning_rate': 0.06587283251722642}. Best is trial 12 with value: 248.5668487548828.
LOCAL_RANK: 0 - CUDA_VISIBLE_DEVICES: [0]
[I 2023-11-29 23:47:23,699] Trial 110 finished with value: 275.7123107910156 and parameters: {'gradient_clip_val': 0.3093414464358245, 'hidden_size': 18, 'dropout': 0.3996176888329923, 'hidden_continuous_size': 17, 'attention_head_size': 2, 'learning_rate': 0.037945139423039065}. Best is trial 12 with value: 248.5668487548828.
LOCAL_RANK: 0 - CUDA_VISIBLE_DEVICES: [0]
[I 2023-11-29 23:47:34,680] Trial 111 finished with value: 281.67144775390625 and parameters: {'gradient_clip_val': 0.5855582057773884, 'hidden_size': 11, 'dropout': 0.3929597207120642, 'hidden_continuous_size': 11, 'attention_head_size': 2, 'learning_rate': 0.05518614224185799}. Best is trial 12 with value: 248.5668487548828.
LOCAL_RANK: 0 - CUDA_VISIBLE_DEVICES: [0]
[I 2023-11-29 23:47:45,313] Trial 112 finished with value: 273.8690490722656 and parameters: {'gradient_clip_val': 0.6735891170591447, 'hidden_size': 10, 'dropout': 0.3823028365319994, 'hidden_continuous_size': 10, 'attention_head_size': 2, 'learning_rate': 0.04965791878999116}. Best is trial 12 with value: 248.5668487548828.
LOCAL_RANK: 0 - CUDA_VISIBLE_DEVICES: [0]
[I 2023-11-29 23:47:55,884] Trial 113 finished with value: 283.0867919921875 and parameters: {'gradient_clip_val': 0.6677581930876306, 'hidden_size': 10, 'dropout': 0.3892103647864261, 'hidden_continuous_size': 10, 'attention_head_size': 2, 'learning_rate': 0.05871575373359509}. Best is trial 12 with value: 248.5668487548828.
LOCAL_RANK: 0 - CUDA_VISIBLE_DEVICES: [0]
[I 2023-11-29 23:48:10,106] Trial 114 finished with value: 348.6915588378906 and parameters: {'gradient_clip_val': 0.5242595548825674, 'hidden_size': 125, 'dropout': 0.3949077914934048, 'hidden_continuous_size': 33, 'attention_head_size': 2, 'learning_rate': 0.0541374806107004}. Best is trial 12 with value: 248.5668487548828.
LOCAL_RANK: 0 - CUDA_VISIBLE_DEVICES: [0]
[I 2023-11-29 23:48:23,041] Trial 115 finished with value: 349.3952941894531 and parameters: {'gradient_clip_val': 0.6414110358039631, 'hidden_size': 37, 'dropout': 0.3767142126170468, 'hidden_continuous_size': 18, 'attention_head_size': 2, 'learning_rate': 0.07260085103225196}. Best is trial 12 with value: 248.5668487548828.
LOCAL_RANK: 0 - CUDA_VISIBLE_DEVICES: [0]
[I 2023-11-29 23:48:35,510] Trial 116 finished with value: 312.1195373535156 and parameters: {'gradient_clip_val': 0.7560952376477648, 'hidden_size': 13, 'dropout': 0.3854022238616028, 'hidden_continuous_size': 12, 'attention_head_size': 2, 'learning_rate': 0.046251591835649225}. Best is trial 12 with value: 248.5668487548828.
LOCAL_RANK: 0 - CUDA_VISIBLE_DEVICES: [0]
[I 2023-11-29 23:48:46,388] Trial 117 finished with value: 428.673583984375 and parameters: {'gradient_clip_val': 0.4856132258258537, 'hidden_size': 11, 'dropout': 0.3563213643510701, 'hidden_continuous_size': 11, 'attention_head_size': 2, 'learning_rate': 0.02238545104270982}. Best is trial 12 with value: 248.5668487548828.
LOCAL_RANK: 0 - CUDA_VISIBLE_DEVICES: [0]
[I 2023-11-29 23:48:58,778] Trial 118 finished with value: 263.0133972167969 and parameters: {'gradient_clip_val': 0.5653132173048078, 'hidden_size': 16, 'dropout': 0.39991461358784997, 'hidden_continuous_size': 14, 'attention_head_size': 4, 'learning_rate': 0.07834813138574649}. Best is trial 12 with value: 248.5668487548828.
LOCAL_RANK: 0 - CUDA_VISIBLE_DEVICES: [0]
[I 2023-11-29 23:49:11,385] Trial 119 finished with value: 269.6429748535156 and parameters: {'gradient_clip_val': 0.5750393119634527, 'hidden_size': 15, 'dropout': 0.3655694678725356, 'hidden_continuous_size': 14, 'attention_head_size': 4, 'learning_rate': 0.07983860629335254}. Best is trial 12 with value: 248.5668487548828.
LOCAL_RANK: 0 - CUDA_VISIBLE_DEVICES: [0]
[I 2023-11-29 23:49:23,903] Trial 120 finished with value: 373.2201232910156 and parameters: {'gradient_clip_val': 0.5077470711181258, 'hidden_size': 17, 'dropout': 0.33122076332329303, 'hidden_continuous_size': 14, 'attention_head_size': 4, 'learning_rate': 0.09305158969192803}. Best is trial 12 with value: 248.5668487548828.
LOCAL_RANK: 0 - CUDA_VISIBLE_DEVICES: [0]
[I 2023-11-29 23:49:36,243] Trial 121 finished with value: 259.8215026855469 and parameters: {'gradient_clip_val': 0.5422073727440743, 'hidden_size': 16, 'dropout': 0.39920958481875907, 'hidden_continuous_size': 15, 'attention_head_size': 4, 'learning_rate': 0.06532389317457186}. Best is trial 12 with value: 248.5668487548828.
LOCAL_RANK: 0 - CUDA_VISIBLE_DEVICES: [0]
[I 2023-11-29 23:49:48,825] Trial 122 finished with value: 291.6668701171875 and parameters: {'gradient_clip_val': 0.5371609134398008, 'hidden_size': 16, 'dropout': 0.39994763991277393, 'hidden_continuous_size': 15, 'attention_head_size': 4, 'learning_rate': 0.0674849595117991}. Best is trial 12 with value: 248.5668487548828.
LOCAL_RANK: 0 - CUDA_VISIBLE_DEVICES: [0]
[I 2023-11-29 23:50:01,292] Trial 123 finished with value: 289.3711853027344 and parameters: {'gradient_clip_val': 0.5532030936462113, 'hidden_size': 14, 'dropout': 0.3801957750025236, 'hidden_continuous_size': 13, 'attention_head_size': 4, 'learning_rate': 0.08314368744966884}. Best is trial 12 with value: 248.5668487548828.
LOCAL_RANK: 0 - CUDA_VISIBLE_DEVICES: [0]
[I 2023-11-29 23:50:13,741] Trial 124 finished with value: 284.8832092285156 and parameters: {'gradient_clip_val': 0.6021983557137496, 'hidden_size': 20, 'dropout': 0.3869917750910704, 'hidden_continuous_size': 15, 'attention_head_size': 4, 'learning_rate': 0.07279488662748843}. Best is trial 12 with value: 248.5668487548828.
LOCAL_RANK: 0 - CUDA_VISIBLE_DEVICES: [0]
[I 2023-11-29 23:50:26,330] Trial 125 finished with value: 263.1712646484375 and parameters: {'gradient_clip_val': 0.4760651548088801, 'hidden_size': 17, 'dropout': 0.390650856500466, 'hidden_continuous_size': 15, 'attention_head_size': 4, 'learning_rate': 0.01788523861402357}. Best is trial 12 with value: 248.5668487548828.
LOCAL_RANK: 0 - CUDA_VISIBLE_DEVICES: [0]
[I 2023-11-29 23:50:38,971] Trial 126 finished with value: 310.5417785644531 and parameters: {'gradient_clip_val': 0.5154170536530073, 'hidden_size': 15, 'dropout': 0.39156968569257583, 'hidden_continuous_size': 14, 'attention_head_size': 4, 'learning_rate': 0.017713808860972784}. Best is trial 12 with value: 248.5668487548828.
LOCAL_RANK: 0 - CUDA_VISIBLE_DEVICES: [0]
[I 2023-11-29 23:50:51,585] Trial 127 finished with value: 280.4481506347656 and parameters: {'gradient_clip_val': 0.4826012756497009, 'hidden_size': 19, 'dropout': 0.37086124698378486, 'hidden_continuous_size': 15, 'attention_head_size': 4, 'learning_rate': 0.09856393341317983}. Best is trial 12 with value: 248.5668487548828.
LOCAL_RANK: 0 - CUDA_VISIBLE_DEVICES: [0]
[I 2023-11-29 23:51:03,830] Trial 128 finished with value: 368.0167236328125 and parameters: {'gradient_clip_val': 0.453764246568223, 'hidden_size': 16, 'dropout': 0.3868425343554523, 'hidden_continuous_size': 15, 'attention_head_size': 4, 'learning_rate': 0.014535392031749013}. Best is trial 12 with value: 248.5668487548828.
LOCAL_RANK: 0 - CUDA_VISIBLE_DEVICES: [0]
[I 2023-11-29 23:51:16,550] Trial 129 finished with value: 438.3872985839844 and parameters: {'gradient_clip_val': 0.5681216148733115, 'hidden_size': 18, 'dropout': 0.3957229408971583, 'hidden_continuous_size': 16, 'attention_head_size': 4, 'learning_rate': 0.011081412809908568}. Best is trial 12 with value: 248.5668487548828.
LOCAL_RANK: 0 - CUDA_VISIBLE_DEVICES: [0]
[I 2023-11-29 23:51:29,954] Trial 130 finished with value: 268.4309387207031 and parameters: {'gradient_clip_val': 0.47467100277944163, 'hidden_size': 51, 'dropout': 0.39966851784314256, 'hidden_continuous_size': 26, 'attention_head_size': 4, 'learning_rate': 0.06518476731076026}. Best is trial 12 with value: 248.5668487548828.
LOCAL_RANK: 0 - CUDA_VISIBLE_DEVICES: [0]
[I 2023-11-29 23:51:42,695] Trial 131 finished with value: 277.5758361816406 and parameters: {'gradient_clip_val': 0.531331799021193, 'hidden_size': 17, 'dropout': 0.37695673158247106, 'hidden_continuous_size': 15, 'attention_head_size': 4, 'learning_rate': 0.02837668003461754}. Best is trial 12 with value: 248.5668487548828.
LOCAL_RANK: 0 - CUDA_VISIBLE_DEVICES: [0]
[I 2023-11-29 23:51:55,273] Trial 132 finished with value: 294.80291748046875 and parameters: {'gradient_clip_val': 0.2928593841348913, 'hidden_size': 24, 'dropout': 0.38245267444733894, 'hidden_continuous_size': 16, 'attention_head_size': 4, 'learning_rate': 0.021529106002316143}. Best is trial 12 with value: 248.5668487548828.
LOCAL_RANK: 0 - CUDA_VISIBLE_DEVICES: [0]
[I 2023-11-29 23:52:07,671] Trial 133 finished with value: 285.7613830566406 and parameters: {'gradient_clip_val': 0.42750575328180385, 'hidden_size': 20, 'dropout': 0.3898617806933299, 'hidden_continuous_size': 15, 'attention_head_size': 4, 'learning_rate': 0.018346462829760078}. Best is trial 12 with value: 248.5668487548828.
LOCAL_RANK: 0 - CUDA_VISIBLE_DEVICES: [0]
[I 2023-11-29 23:52:20,032] Trial 134 finished with value: 292.2263488769531 and parameters: {'gradient_clip_val': 0.33012939061774266, 'hidden_size': 15, 'dropout': 0.37453362276488295, 'hidden_continuous_size': 13, 'attention_head_size': 4, 'learning_rate': 0.024676464573198095}. Best is trial 12 with value: 248.5668487548828.
LOCAL_RANK: 0 - CUDA_VISIBLE_DEVICES: [0]
[I 2023-11-29 23:52:32,419] Trial 135 finished with value: 295.0708312988281 and parameters: {'gradient_clip_val': 0.5072282139994143, 'hidden_size': 17, 'dropout': 0.36551886139466155, 'hidden_continuous_size': 14, 'attention_head_size': 4, 'learning_rate': 0.060839004615829556}. Best is trial 12 with value: 248.5668487548828.
LOCAL_RANK: 0 - CUDA_VISIBLE_DEVICES: [0]
[I 2023-11-29 23:52:45,120] Trial 136 finished with value: 281.3081970214844 and parameters: {'gradient_clip_val': 0.2654984918748738, 'hidden_size': 14, 'dropout': 0.36089861516209176, 'hidden_continuous_size': 12, 'attention_head_size': 3, 'learning_rate': 0.041723025549539536}. Best is trial 12 with value: 248.5668487548828.
LOCAL_RANK: 0 - CUDA_VISIBLE_DEVICES: [0]
[I 2023-11-29 23:52:57,915] Trial 137 finished with value: 281.2377624511719 and parameters: {'gradient_clip_val': 0.6205989403346127, 'hidden_size': 21, 'dropout': 0.3812990789912902, 'hidden_continuous_size': 19, 'attention_head_size': 4, 'learning_rate': 0.02101856690549477}. Best is trial 12 with value: 248.5668487548828.
LOCAL_RANK: 0 - CUDA_VISIBLE_DEVICES: [0]
[I 2023-11-29 23:53:10,153] Trial 138 finished with value: 271.6463317871094 and parameters: {'gradient_clip_val': 0.8344127001520455, 'hidden_size': 18, 'dropout': 0.3929061247427699, 'hidden_continuous_size': 15, 'attention_head_size': 1, 'learning_rate': 0.035649929139595145}. Best is trial 12 with value: 248.5668487548828.
LOCAL_RANK: 0 - CUDA_VISIBLE_DEVICES: [0]
