[I 2023-11-29 22:01:24,570] Trial 68 finished with value: 0.11053474992513657 and parameters: {'gradient_clip_val': 0.19934050192075192, 'hidden_size': 60, 'dropout': 0.28565813898132, 'hidden_continuous_size': 25, 'attention_head_size': 2, 'learning_rate': 0.04314792896557604}. Best is trial 18 with value: 0.09262282401323318.
LOCAL_RANK: 0 - CUDA_VISIBLE_DEVICES: [0]
[I 2023-11-29 22:01:38,474] Trial 69 finished with value: 0.15108565986156464 and parameters: {'gradient_clip_val': 0.2224278897812781, 'hidden_size': 69, 'dropout': 0.3187706329742275, 'hidden_continuous_size': 28, 'attention_head_size': 3, 'learning_rate': 0.052064150489923265}. Best is trial 18 with value: 0.09262282401323318.
LOCAL_RANK: 0 - CUDA_VISIBLE_DEVICES: [0]
[I 2023-11-29 22:01:51,915] Trial 70 finished with value: 0.20090287923812866 and parameters: {'gradient_clip_val': 0.17451452978685666, 'hidden_size': 56, 'dropout': 0.2978842612925754, 'hidden_continuous_size': 25, 'attention_head_size': 4, 'learning_rate': 0.08599838473365348}. Best is trial 18 with value: 0.09262282401323318.
LOCAL_RANK: 0 - CUDA_VISIBLE_DEVICES: [0]
[I 2023-11-29 22:02:05,289] Trial 71 finished with value: 0.11484545469284058 and parameters: {'gradient_clip_val': 0.2098604578561908, 'hidden_size': 47, 'dropout': 0.3084571000681703, 'hidden_continuous_size': 32, 'attention_head_size': 4, 'learning_rate': 0.09812178914350962}. Best is trial 18 with value: 0.09262282401323318.
LOCAL_RANK: 0 - CUDA_VISIBLE_DEVICES: [0]
[I 2023-11-29 22:02:18,850] Trial 72 finished with value: 0.14004524052143097 and parameters: {'gradient_clip_val': 0.24236365438703003, 'hidden_size': 52, 'dropout': 0.3310049243809891, 'hidden_continuous_size': 36, 'attention_head_size': 4, 'learning_rate': 0.07456279242558751}. Best is trial 18 with value: 0.09262282401323318.
LOCAL_RANK: 0 - CUDA_VISIBLE_DEVICES: [0]
[I 2023-11-29 22:02:32,691] Trial 73 finished with value: 0.08643347024917603 and parameters: {'gradient_clip_val': 0.1891563531457866, 'hidden_size': 58, 'dropout': 0.3461170037429538, 'hidden_continuous_size': 22, 'attention_head_size': 4, 'learning_rate': 0.060179844807747025}. Best is trial 73 with value: 0.08643347024917603.
LOCAL_RANK: 0 - CUDA_VISIBLE_DEVICES: [0]
[I 2023-11-29 22:02:46,472] Trial 74 finished with value: 0.1359068751335144 and parameters: {'gradient_clip_val': 0.16005957830335324, 'hidden_size': 66, 'dropout': 0.34653587752878523, 'hidden_continuous_size': 21, 'attention_head_size': 4, 'learning_rate': 0.06743097269795706}. Best is trial 73 with value: 0.08643347024917603.
LOCAL_RANK: 0 - CUDA_VISIBLE_DEVICES: [0]
[I 2023-11-29 22:02:59,958] Trial 75 finished with value: 0.1359218806028366 and parameters: {'gradient_clip_val': 0.18176814809096611, 'hidden_size': 59, 'dropout': 0.33967325835386347, 'hidden_continuous_size': 23, 'attention_head_size': 4, 'learning_rate': 0.06140405657116049}. Best is trial 73 with value: 0.08643347024917603.
LOCAL_RANK: 0 - CUDA_VISIBLE_DEVICES: [0]
[I 2023-11-29 22:03:13,104] Trial 76 finished with value: 0.09868419170379639 and parameters: {'gradient_clip_val': 0.1999950250084638, 'hidden_size': 44, 'dropout': 0.32563256275375607, 'hidden_continuous_size': 20, 'attention_head_size': 4, 'learning_rate': 0.08695948130641377}. Best is trial 73 with value: 0.08643347024917603.
LOCAL_RANK: 0 - CUDA_VISIBLE_DEVICES: [0]
[I 2023-11-29 22:03:26,354] Trial 77 finished with value: 0.13858604431152344 and parameters: {'gradient_clip_val': 0.22523022065419004, 'hidden_size': 43, 'dropout': 0.32492765612457764, 'hidden_continuous_size': 22, 'attention_head_size': 4, 'learning_rate': 0.08801959673770804}. Best is trial 73 with value: 0.08643347024917603.
LOCAL_RANK: 0 - CUDA_VISIBLE_DEVICES: [0]
[I 2023-11-29 22:03:40,134] Trial 78 finished with value: 0.1903974413871765 and parameters: {'gradient_clip_val': 0.19755590215445398, 'hidden_size': 68, 'dropout': 0.314897216608756, 'hidden_continuous_size': 24, 'attention_head_size': 4, 'learning_rate': 0.09941725448229298}. Best is trial 73 with value: 0.08643347024917603.
LOCAL_RANK: 0 - CUDA_VISIBLE_DEVICES: [0]
[I 2023-11-29 22:03:53,261] Trial 79 finished with value: 0.11208919435739517 and parameters: {'gradient_clip_val': 0.16766887843498846, 'hidden_size': 37, 'dropout': 0.2912432880473513, 'hidden_continuous_size': 20, 'attention_head_size': 4, 'learning_rate': 0.057270428377655246}. Best is trial 73 with value: 0.08643347024917603.
LOCAL_RANK: 0 - CUDA_VISIBLE_DEVICES: [0]
[I 2023-11-29 22:04:06,808] Trial 80 finished with value: 0.08739155530929565 and parameters: {'gradient_clip_val': 0.2091147663609957, 'hidden_size': 59, 'dropout': 0.3114550027147847, 'hidden_continuous_size': 26, 'attention_head_size': 4, 'learning_rate': 0.07834714969924488}. Best is trial 73 with value: 0.08643347024917603.
LOCAL_RANK: 0 - CUDA_VISIBLE_DEVICES: [0]
[I 2023-11-29 22:04:20,271] Trial 81 finished with value: 0.10068797320127487 and parameters: {'gradient_clip_val': 0.20363221911139298, 'hidden_size': 58, 'dropout': 0.30759330017719966, 'hidden_continuous_size': 26, 'attention_head_size': 4, 'learning_rate': 0.07732011541014977}. Best is trial 73 with value: 0.08643347024917603.
LOCAL_RANK: 0 - CUDA_VISIBLE_DEVICES: [0]
[I 2023-11-29 22:04:33,756] Trial 82 finished with value: 0.18892908096313477 and parameters: {'gradient_clip_val': 0.18387595682816618, 'hidden_size': 59, 'dropout': 0.33154366607976216, 'hidden_continuous_size': 26, 'attention_head_size': 4, 'learning_rate': 0.07424098567145533}. Best is trial 73 with value: 0.08643347024917603.
LOCAL_RANK: 0 - CUDA_VISIBLE_DEVICES: [0]
[I 2023-11-29 22:04:47,801] Trial 83 finished with value: 0.12172731757164001 and parameters: {'gradient_clip_val': 0.21670418088018614, 'hidden_size': 75, 'dropout': 0.3087252872954788, 'hidden_continuous_size': 28, 'attention_head_size': 4, 'learning_rate': 0.07893909953337629}. Best is trial 73 with value: 0.08643347024917603.
LOCAL_RANK: 0 - CUDA_VISIBLE_DEVICES: [0]
[I 2023-11-29 22:05:01,354] Trial 84 finished with value: 0.10731473565101624 and parameters: {'gradient_clip_val': 0.255319573507224, 'hidden_size': 54, 'dropout': 0.3249346276137617, 'hidden_continuous_size': 22, 'attention_head_size': 4, 'learning_rate': 0.0631996695995179}. Best is trial 73 with value: 0.08643347024917603.
LOCAL_RANK: 0 - CUDA_VISIBLE_DEVICES: [0]
[I 2023-11-29 22:05:15,106] Trial 85 finished with value: 0.1340206414461136 and parameters: {'gradient_clip_val': 0.22753525216164697, 'hidden_size': 65, 'dropout': 0.28306762348251213, 'hidden_continuous_size': 23, 'attention_head_size': 4, 'learning_rate': 0.0858105589588925}. Best is trial 73 with value: 0.08643347024917603.
LOCAL_RANK: 0 - CUDA_VISIBLE_DEVICES: [0]
[I 2023-11-29 22:05:28,655] Trial 86 finished with value: 0.13330109417438507 and parameters: {'gradient_clip_val': 0.19749431402261672, 'hidden_size': 58, 'dropout': 0.3008000745550898, 'hidden_continuous_size': 27, 'attention_head_size': 4, 'learning_rate': 0.049153717889031195}. Best is trial 73 with value: 0.08643347024917603.
LOCAL_RANK: 0 - CUDA_VISIBLE_DEVICES: [0]
[I 2023-11-29 22:05:41,932] Trial 87 finished with value: 0.09503481537103653 and parameters: {'gradient_clip_val': 0.2362746045957538, 'hidden_size': 50, 'dropout': 0.35034423618555616, 'hidden_continuous_size': 21, 'attention_head_size': 4, 'learning_rate': 0.06867906547708959}. Best is trial 73 with value: 0.08643347024917603.
LOCAL_RANK: 0 - CUDA_VISIBLE_DEVICES: [0]
[I 2023-11-29 22:05:55,392] Trial 88 finished with value: 0.1129021868109703 and parameters: {'gradient_clip_val': 0.27559891081755333, 'hidden_size': 49, 'dropout': 0.3492300310099578, 'hidden_continuous_size': 21, 'attention_head_size': 4, 'learning_rate': 0.06705855553158382}. Best is trial 73 with value: 0.08643347024917603.
LOCAL_RANK: 0 - CUDA_VISIBLE_DEVICES: [0]
[I 2023-11-29 22:06:08,664] Trial 89 finished with value: 0.12483050674200058 and parameters: {'gradient_clip_val': 0.296398069507287, 'hidden_size': 54, 'dropout': 0.36448145706539264, 'hidden_continuous_size': 21, 'attention_head_size': 4, 'learning_rate': 0.06011790506958535}. Best is trial 73 with value: 0.08643347024917603.
LOCAL_RANK: 0 - CUDA_VISIBLE_DEVICES: [0]
[I 2023-11-29 22:06:22,108] Trial 90 finished with value: 0.1378416270017624 and parameters: {'gradient_clip_val': 0.2382968271609009, 'hidden_size': 64, 'dropout': 0.34335189314552206, 'hidden_continuous_size': 19, 'attention_head_size': 4, 'learning_rate': 0.041395821221882255}. Best is trial 73 with value: 0.08643347024917603.
LOCAL_RANK: 0 - CUDA_VISIBLE_DEVICES: [0]
[I 2023-11-29 22:06:35,392] Trial 91 finished with value: 0.1327412724494934 and parameters: {'gradient_clip_val': 0.21668511794371698, 'hidden_size': 52, 'dropout': 0.33600082773725676, 'hidden_continuous_size': 23, 'attention_head_size': 4, 'learning_rate': 0.07775589139655055}. Best is trial 73 with value: 0.08643347024917603.
LOCAL_RANK: 0 - CUDA_VISIBLE_DEVICES: [0]
[I 2023-11-29 22:06:48,860] Trial 92 finished with value: 0.12284442037343979 and parameters: {'gradient_clip_val': 0.19204381234527562, 'hidden_size': 61, 'dropout': 0.3514868451919733, 'hidden_continuous_size': 18, 'attention_head_size': 4, 'learning_rate': 0.06958016993021554}. Best is trial 73 with value: 0.08643347024917603.
LOCAL_RANK: 0 - CUDA_VISIBLE_DEVICES: [0]
[I 2023-11-29 22:07:02,112] Trial 93 finished with value: 0.16825999319553375 and parameters: {'gradient_clip_val': 0.17804646027051618, 'hidden_size': 48, 'dropout': 0.30808945029934715, 'hidden_continuous_size': 20, 'attention_head_size': 4, 'learning_rate': 0.08949153146195221}. Best is trial 73 with value: 0.08643347024917603.
LOCAL_RANK: 0 - CUDA_VISIBLE_DEVICES: [0]
[I 2023-11-29 22:07:15,656] Trial 94 finished with value: 0.12464764714241028 and parameters: {'gradient_clip_val': 0.25087674605424687, 'hidden_size': 57, 'dropout': 0.3216166809396793, 'hidden_continuous_size': 24, 'attention_head_size': 4, 'learning_rate': 0.054165520023944806}. Best is trial 73 with value: 0.08643347024917603.
LOCAL_RANK: 0 - CUDA_VISIBLE_DEVICES: [0]
[I 2023-11-29 22:07:29,501] Trial 95 finished with value: 0.13755573332309723 and parameters: {'gradient_clip_val': 0.2372339895491551, 'hidden_size': 71, 'dropout': 0.3309055530613742, 'hidden_continuous_size': 25, 'attention_head_size': 4, 'learning_rate': 0.07764185740675987}. Best is trial 73 with value: 0.08643347024917603.
LOCAL_RANK: 0 - CUDA_VISIBLE_DEVICES: [0]
[I 2023-11-29 22:07:42,724] Trial 96 finished with value: 0.09537184238433838 and parameters: {'gradient_clip_val': 0.2071418603390942, 'hidden_size': 41, 'dropout': 0.3409335854789952, 'hidden_continuous_size': 22, 'attention_head_size': 4, 'learning_rate': 0.08949044462893772}. Best is trial 73 with value: 0.08643347024917603.
LOCAL_RANK: 0 - CUDA_VISIBLE_DEVICES: [0]
[I 2023-11-29 22:07:55,721] Trial 97 finished with value: 0.10013186186552048 and parameters: {'gradient_clip_val': 0.2713792277624461, 'hidden_size': 42, 'dropout': 0.3417872742544893, 'hidden_continuous_size': 22, 'attention_head_size': 2, 'learning_rate': 0.08734372678796257}. Best is trial 73 with value: 0.08643347024917603.
LOCAL_RANK: 0 - CUDA_VISIBLE_DEVICES: [0]
[I 2023-11-29 22:08:09,012] Trial 98 finished with value: 0.11790309101343155 and parameters: {'gradient_clip_val': 0.21059607899439234, 'hidden_size': 34, 'dropout': 0.35858322986858854, 'hidden_continuous_size': 22, 'attention_head_size': 4, 'learning_rate': 0.09102970022025844}. Best is trial 73 with value: 0.08643347024917603.
LOCAL_RANK: 0 - CUDA_VISIBLE_DEVICES: [0]
[I 2023-11-29 22:08:22,172] Trial 99 finished with value: 0.1547604650259018 and parameters: {'gradient_clip_val': 0.22888961250764023, 'hidden_size': 42, 'dropout': 0.351441363827674, 'hidden_continuous_size': 19, 'attention_head_size': 4, 'learning_rate': 0.04756426183230011}. Best is trial 73 with value: 0.08643347024917603.
LOCAL_RANK: 0 - CUDA_VISIBLE_DEVICES: [0]
[I 2023-11-29 22:08:35,620] Trial 100 finished with value: 0.095177561044693 and parameters: {'gradient_clip_val': 0.18503213303041957, 'hidden_size': 51, 'dropout': 0.36412291224223947, 'hidden_continuous_size': 21, 'attention_head_size': 4, 'learning_rate': 0.06257311986430683}. Best is trial 73 with value: 0.08643347024917603.
LOCAL_RANK: 0 - CUDA_VISIBLE_DEVICES: [0]
[I 2023-11-29 22:08:48,948] Trial 101 finished with value: 0.11509106308221817 and parameters: {'gradient_clip_val': 0.18312061643800812, 'hidden_size': 50, 'dropout': 0.36573091625134774, 'hidden_continuous_size': 21, 'attention_head_size': 4, 'learning_rate': 0.07008271176800727}. Best is trial 73 with value: 0.08643347024917603.
LOCAL_RANK: 0 - CUDA_VISIBLE_DEVICES: [0]
[I 2023-11-29 22:09:02,284] Trial 102 finished with value: 0.16375012695789337 and parameters: {'gradient_clip_val': 0.19300103150684483, 'hidden_size': 47, 'dropout': 0.375209843804416, 'hidden_continuous_size': 20, 'attention_head_size': 4, 'learning_rate': 0.059000319275609}. Best is trial 73 with value: 0.08643347024917603.
LOCAL_RANK: 0 - CUDA_VISIBLE_DEVICES: [0]
[I 2023-11-29 22:09:15,864] Trial 103 finished with value: 0.14627422392368317 and parameters: {'gradient_clip_val': 0.21917705037870522, 'hidden_size': 53, 'dropout': 0.34379323246293786, 'hidden_continuous_size': 17, 'attention_head_size': 4, 'learning_rate': 0.06430190625973085}. Best is trial 73 with value: 0.08643347024917603.
LOCAL_RANK: 0 - CUDA_VISIBLE_DEVICES: [0]
[I 2023-11-29 22:09:29,015] Trial 104 finished with value: 0.1063346192240715 and parameters: {'gradient_clip_val': 0.2015141268403606, 'hidden_size': 40, 'dropout': 0.35511537902903395, 'hidden_continuous_size': 21, 'attention_head_size': 4, 'learning_rate': 0.09191349351602385}. Best is trial 73 with value: 0.08643347024917603.
LOCAL_RANK: 0 - CUDA_VISIBLE_DEVICES: [0]
[I 2023-11-29 22:09:42,267] Trial 105 finished with value: 0.1488247960805893 and parameters: {'gradient_clip_val': 0.17113837296793435, 'hidden_size': 45, 'dropout': 0.3370318391598621, 'hidden_continuous_size': 23, 'attention_head_size': 4, 'learning_rate': 0.08229180224916567}. Best is trial 73 with value: 0.08643347024917603.
LOCAL_RANK: 0 - CUDA_VISIBLE_DEVICES: [0]
[I 2023-11-29 22:09:55,796] Trial 106 finished with value: 0.10060691833496094 and parameters: {'gradient_clip_val': 0.21025424013524677, 'hidden_size': 62, 'dropout': 0.3651201107534654, 'hidden_continuous_size': 18, 'attention_head_size': 4, 'learning_rate': 0.07419448874598264}. Best is trial 73 with value: 0.08643347024917603.
LOCAL_RANK: 0 - CUDA_VISIBLE_DEVICES: [0]
[I 2023-11-29 22:10:09,068] Trial 107 finished with value: 0.1654539704322815 and parameters: {'gradient_clip_val': 0.25796810163534073, 'hidden_size': 50, 'dropout': 0.32830331447658084, 'hidden_continuous_size': 24, 'attention_head_size': 4, 'learning_rate': 0.05568352695039673}. Best is trial 73 with value: 0.08643347024917603.
LOCAL_RANK: 0 - CUDA_VISIBLE_DEVICES: [0]
[I 2023-11-29 22:10:22,332] Trial 108 finished with value: 0.15682853758335114 and parameters: {'gradient_clip_val': 0.188457381016903, 'hidden_size': 38, 'dropout': 0.3488815354684427, 'hidden_continuous_size': 22, 'attention_head_size': 4, 'learning_rate': 0.05191937175538249}. Best is trial 73 with value: 0.08643347024917603.
LOCAL_RANK: 0 - CUDA_VISIBLE_DEVICES: [0]
[I 2023-11-29 22:10:35,443] Trial 109 finished with value: 0.09529387950897217 and parameters: {'gradient_clip_val': 0.1774257800256855, 'hidden_size': 44, 'dropout': 0.3590721049020161, 'hidden_continuous_size': 20, 'attention_head_size': 4, 'learning_rate': 0.09217836608037991}. Best is trial 73 with value: 0.08643347024917603.
LOCAL_RANK: 0 - CUDA_VISIBLE_DEVICES: [0]
[I 2023-11-29 22:10:48,364] Trial 110 finished with value: 0.14401815831661224 and parameters: {'gradient_clip_val': 0.176930346797873, 'hidden_size': 44, 'dropout': 0.35976521553778484, 'hidden_continuous_size': 20, 'attention_head_size': 4, 'learning_rate': 0.09193025959983053}. Best is trial 73 with value: 0.08643347024917603.
LOCAL_RANK: 0 - CUDA_VISIBLE_DEVICES: [0]
[I 2023-11-29 22:11:01,569] Trial 111 finished with value: 0.14457793533802032 and parameters: {'gradient_clip_val': 0.1619177014512133, 'hidden_size': 41, 'dropout': 0.3706669934917679, 'hidden_continuous_size': 19, 'attention_head_size': 4, 'learning_rate': 0.08463761788508845}. Best is trial 73 with value: 0.08643347024917603.
LOCAL_RANK: 0 - CUDA_VISIBLE_DEVICES: [0]
[I 2023-11-29 22:11:14,865] Trial 112 finished with value: 0.11989333480596542 and parameters: {'gradient_clip_val': 0.1959349690115327, 'hidden_size': 47, 'dropout': 0.3388545396833821, 'hidden_continuous_size': 23, 'attention_head_size': 4, 'learning_rate': 0.09981823186227438}. Best is trial 73 with value: 0.08643347024917603.
LOCAL_RANK: 0 - CUDA_VISIBLE_DEVICES: [0]
[I 2023-11-29 22:11:28,585] Trial 113 finished with value: 0.1406301110982895 and parameters: {'gradient_clip_val': 0.1845021442359009, 'hidden_size': 55, 'dropout': 0.3461702644285782, 'hidden_continuous_size': 20, 'attention_head_size': 4, 'learning_rate': 0.06439273616197821}. Best is trial 73 with value: 0.08643347024917603.
LOCAL_RANK: 0 - CUDA_VISIBLE_DEVICES: [0]
[I 2023-11-29 22:11:41,938] Trial 114 finished with value: 0.1741524189710617 and parameters: {'gradient_clip_val': 0.22335605152939678, 'hidden_size': 51, 'dropout': 0.33386996431345284, 'hidden_continuous_size': 21, 'attention_head_size': 4, 'learning_rate': 0.0718057646584303}. Best is trial 73 with value: 0.08643347024917603.
LOCAL_RANK: 0 - CUDA_VISIBLE_DEVICES: [0]
[I 2023-11-29 22:11:55,026] Trial 115 finished with value: 0.2619384825229645 and parameters: {'gradient_clip_val': 0.2068787188519265, 'hidden_size': 44, 'dropout': 0.3166381432386353, 'hidden_continuous_size': 22, 'attention_head_size': 4, 'learning_rate': 0.08049921095782768}. Best is trial 73 with value: 0.08643347024917603.
LOCAL_RANK: 0 - CUDA_VISIBLE_DEVICES: [0]
[I 2023-11-29 22:12:08,232] Trial 116 finished with value: 0.25954994559288025 and parameters: {'gradient_clip_val': 0.15384096694908114, 'hidden_size': 48, 'dropout': 0.3566145431719528, 'hidden_continuous_size': 24, 'attention_head_size': 4, 'learning_rate': 0.09983941939579968}. Best is trial 73 with value: 0.08643347024917603.
LOCAL_RANK: 0 - CUDA_VISIBLE_DEVICES: [0]
[I 2023-11-29 22:12:21,047] Trial 117 finished with value: 0.11027882248163223 and parameters: {'gradient_clip_val': 0.24253379885396273, 'hidden_size': 38, 'dropout': 0.3216331764211917, 'hidden_continuous_size': 20, 'attention_head_size': 1, 'learning_rate': 0.07036186070267283}. Best is trial 73 with value: 0.08643347024917603.
LOCAL_RANK: 0 - CUDA_VISIBLE_DEVICES: [0]
[I 2023-11-29 22:12:34,547] Trial 118 finished with value: 0.09395814687013626 and parameters: {'gradient_clip_val': 0.17645981754127338, 'hidden_size': 53, 'dropout': 0.3775816305398436, 'hidden_continuous_size': 19, 'attention_head_size': 3, 'learning_rate': 0.0833604778044736}. Best is trial 73 with value: 0.08643347024917603.
LOCAL_RANK: 0 - CUDA_VISIBLE_DEVICES: [0]
[I 2023-11-29 22:12:47,983] Trial 119 finished with value: 0.17748545110225677 and parameters: {'gradient_clip_val': 0.16520869194305157, 'hidden_size': 54, 'dropout': 0.37099650720194255, 'hidden_continuous_size': 25, 'attention_head_size': 3, 'learning_rate': 0.09225916513151172}. Best is trial 73 with value: 0.08643347024917603.
LOCAL_RANK: 0 - CUDA_VISIBLE_DEVICES: [0]
[I 2023-11-29 22:13:01,276] Trial 120 finished with value: 0.13501451909542084 and parameters: {'gradient_clip_val': 0.17494626936817304, 'hidden_size': 56, 'dropout': 0.38504948740670547, 'hidden_continuous_size': 19, 'attention_head_size': 3, 'learning_rate': 0.08252733537507495}. Best is trial 73 with value: 0.08643347024917603.
LOCAL_RANK: 0 - CUDA_VISIBLE_DEVICES: [0]
[I 2023-11-29 22:13:14,342] Trial 121 finished with value: 0.09892621636390686 and parameters: {'gradient_clip_val': 0.1956539050122817, 'hidden_size': 52, 'dropout': 0.37497260601589216, 'hidden_continuous_size': 21, 'attention_head_size': 2, 'learning_rate': 0.06291055144700008}. Best is trial 73 with value: 0.08643347024917603.
LOCAL_RANK: 0 - CUDA_VISIBLE_DEVICES: [0]
[I 2023-11-29 22:13:27,557] Trial 122 finished with value: 0.14528466761112213 and parameters: {'gradient_clip_val': 0.19496779132177072, 'hidden_size': 51, 'dropout': 0.37618777997038, 'hidden_continuous_size': 23, 'attention_head_size': 2, 'learning_rate': 0.062365129652890774}. Best is trial 73 with value: 0.08643347024917603.
LOCAL_RANK: 0 - CUDA_VISIBLE_DEVICES: [0]
[I 2023-11-29 22:13:41,110] Trial 123 finished with value: 0.2305024117231369 and parameters: {'gradient_clip_val': 0.18304330413728026, 'hidden_size': 61, 'dropout': 0.3628648263535481, 'hidden_continuous_size': 21, 'attention_head_size': 2, 'learning_rate': 0.07800484394717273}. Best is trial 73 with value: 0.08643347024917603.
LOCAL_RANK: 0 - CUDA_VISIBLE_DEVICES: [0]
[I 2023-11-29 22:13:53,959] Trial 124 finished with value: 0.11736223846673965 and parameters: {'gradient_clip_val': 0.16817482967581435, 'hidden_size': 48, 'dropout': 0.37779134811728754, 'hidden_continuous_size': 22, 'attention_head_size': 2, 'learning_rate': 0.06880986891229601}. Best is trial 73 with value: 0.08643347024917603.
LOCAL_RANK: 0 - CUDA_VISIBLE_DEVICES: [0]
[I 2023-11-29 22:14:07,161] Trial 125 finished with value: 0.11265977472066879 and parameters: {'gradient_clip_val': 0.20524988411492628, 'hidden_size': 45, 'dropout': 0.36517454729597326, 'hidden_continuous_size': 22, 'attention_head_size': 1, 'learning_rate': 0.09133207634779177}. Best is trial 73 with value: 0.08643347024917603.
LOCAL_RANK: 0 - CUDA_VISIBLE_DEVICES: [0]
