[I 2023-11-29 22:14:20,409] Trial 126 finished with value: 0.11310497671365738 and parameters: {'gradient_clip_val': 0.19210991655915133, 'hidden_size': 58, 'dropout': 0.3539756524518009, 'hidden_continuous_size': 16, 'attention_head_size': 2, 'learning_rate': 0.05760359475195695}. Best is trial 73 with value: 0.08643347024917603.
LOCAL_RANK: 0 - CUDA_VISIBLE_DEVICES: [0]
[I 2023-11-29 22:14:33,647] Trial 127 finished with value: 0.1049061194062233 and parameters: {'gradient_clip_val': 0.15788892690761938, 'hidden_size': 53, 'dropout': 0.38785004272121826, 'hidden_continuous_size': 24, 'attention_head_size': 3, 'learning_rate': 0.04565181440250224}. Best is trial 73 with value: 0.08643347024917603.
LOCAL_RANK: 0 - CUDA_VISIBLE_DEVICES: [0]
[I 2023-11-29 22:14:47,460] Trial 128 finished with value: 0.16537684202194214 and parameters: {'gradient_clip_val': 0.14687238104861922, 'hidden_size': 66, 'dropout': 0.3932424925095303, 'hidden_continuous_size': 26, 'attention_head_size': 2, 'learning_rate': 0.08285419601797983}. Best is trial 73 with value: 0.08643347024917603.
LOCAL_RANK: 0 - CUDA_VISIBLE_DEVICES: [0]
[I 2023-11-29 22:15:00,682] Trial 129 finished with value: 0.11831285804510117 and parameters: {'gradient_clip_val': 0.21458256055302322, 'hidden_size': 41, 'dropout': 0.34918533150045017, 'hidden_continuous_size': 21, 'attention_head_size': 4, 'learning_rate': 0.06559052526321572}. Best is trial 73 with value: 0.08643347024917603.
LOCAL_RANK: 0 - CUDA_VISIBLE_DEVICES: [0]
[I 2023-11-29 22:15:13,981] Trial 130 finished with value: 0.10535293817520142 and parameters: {'gradient_clip_val': 0.17349198806597066, 'hidden_size': 50, 'dropout': 0.3604467165104537, 'hidden_continuous_size': 20, 'attention_head_size': 4, 'learning_rate': 0.07424804772393989}. Best is trial 73 with value: 0.08643347024917603.
LOCAL_RANK: 0 - CUDA_VISIBLE_DEVICES: [0]
[I 2023-11-29 22:15:27,192] Trial 131 finished with value: 0.15294228494167328 and parameters: {'gradient_clip_val': 0.23057215053395455, 'hidden_size': 43, 'dropout': 0.34164801189532223, 'hidden_continuous_size': 18, 'attention_head_size': 4, 'learning_rate': 0.0908809128419687}. Best is trial 73 with value: 0.08643347024917603.
LOCAL_RANK: 0 - CUDA_VISIBLE_DEVICES: [0]
[I 2023-11-29 22:15:40,407] Trial 132 finished with value: 0.15933115780353546 and parameters: {'gradient_clip_val': 0.19972525044914072, 'hidden_size': 46, 'dropout': 0.3311613201517275, 'hidden_continuous_size': 18, 'attention_head_size': 4, 'learning_rate': 0.08145043519968628}. Best is trial 73 with value: 0.08643347024917603.
LOCAL_RANK: 0 - CUDA_VISIBLE_DEVICES: [0]
[I 2023-11-29 22:15:53,832] Trial 133 finished with value: 0.11929380893707275 and parameters: {'gradient_clip_val': 0.18548985680637894, 'hidden_size': 56, 'dropout': 0.38175016784461113, 'hidden_continuous_size': 19, 'attention_head_size': 4, 'learning_rate': 0.06008492888741192}. Best is trial 73 with value: 0.08643347024917603.
LOCAL_RANK: 0 - CUDA_VISIBLE_DEVICES: [0]
[I 2023-11-29 22:16:07,599] Trial 134 finished with value: 0.15172870457172394 and parameters: {'gradient_clip_val': 0.21966531371731401, 'hidden_size': 63, 'dropout': 0.37180069182816256, 'hidden_continuous_size': 30, 'attention_head_size': 4, 'learning_rate': 0.07292018247990371}. Best is trial 73 with value: 0.08643347024917603.
LOCAL_RANK: 0 - CUDA_VISIBLE_DEVICES: [0]
[I 2023-11-29 22:16:20,943] Trial 135 finished with value: 0.17713265120983124 and parameters: {'gradient_clip_val': 0.20624626464300108, 'hidden_size': 52, 'dropout': 0.3250661829570289, 'hidden_continuous_size': 17, 'attention_head_size': 4, 'learning_rate': 0.038617480110291015}. Best is trial 73 with value: 0.08643347024917603.
LOCAL_RANK: 0 - CUDA_VISIBLE_DEVICES: [0]
[I 2023-11-29 22:16:34,727] Trial 136 finished with value: 0.1528378576040268 and parameters: {'gradient_clip_val': 0.23513448472056372, 'hidden_size': 60, 'dropout': 0.31478679118852093, 'hidden_continuous_size': 34, 'attention_head_size': 4, 'learning_rate': 0.09951374019381895}. Best is trial 73 with value: 0.08643347024917603.
LOCAL_RANK: 0 - CUDA_VISIBLE_DEVICES: [0]
[I 2023-11-29 22:16:48,007] Trial 137 finished with value: 0.4034072458744049 and parameters: {'gradient_clip_val': 0.17728293238890322, 'hidden_size': 48, 'dropout': 0.3370646384726035, 'hidden_continuous_size': 27, 'attention_head_size': 4, 'learning_rate': 0.05201329917290265}. Best is trial 73 with value: 0.08643347024917603.
LOCAL_RANK: 0 - CUDA_VISIBLE_DEVICES: [0]
[I 2023-11-29 22:17:01,768] Trial 138 finished with value: 0.13455913960933685 and parameters: {'gradient_clip_val': 0.24898531843014138, 'hidden_size': 58, 'dropout': 0.351964550544587, 'hidden_continuous_size': 25, 'attention_head_size': 4, 'learning_rate': 0.08661069981351663}. Best is trial 73 with value: 0.08643347024917603.
LOCAL_RANK: 0 - CUDA_VISIBLE_DEVICES: [0]
[I 2023-11-29 22:17:14,896] Trial 139 finished with value: 0.18263505399227142 and parameters: {'gradient_clip_val': 0.19070163266271015, 'hidden_size': 35, 'dropout': 0.3453242645735548, 'hidden_continuous_size': 21, 'attention_head_size': 4, 'learning_rate': 0.07543530889252076}. Best is trial 73 with value: 0.08643347024917603.
LOCAL_RANK: 0 - CUDA_VISIBLE_DEVICES: [0]
[I 2023-11-29 22:17:27,847] Trial 140 finished with value: 0.08537252992391586 and parameters: {'gradient_clip_val': 0.21424150893944624, 'hidden_size': 40, 'dropout': 0.29653542153273255, 'hidden_continuous_size': 19, 'attention_head_size': 4, 'learning_rate': 0.06535245449937173}. Best is trial 140 with value: 0.08537252992391586.
LOCAL_RANK: 0 - CUDA_VISIBLE_DEVICES: [0]
[I 2023-11-29 22:17:41,003] Trial 141 finished with value: 0.19380886852741241 and parameters: {'gradient_clip_val': 0.20306860765146448, 'hidden_size': 38, 'dropout': 0.2957938473851227, 'hidden_continuous_size': 19, 'attention_head_size': 4, 'learning_rate': 0.06588445065463053}. Best is trial 140 with value: 0.08537252992391586.
LOCAL_RANK: 0 - CUDA_VISIBLE_DEVICES: [0]
[I 2023-11-29 22:17:54,106] Trial 142 finished with value: 0.116358183324337 and parameters: {'gradient_clip_val': 0.2137659547841468, 'hidden_size': 41, 'dropout': 0.3040676492276625, 'hidden_continuous_size': 20, 'attention_head_size': 4, 'learning_rate': 0.017110319423384254}. Best is trial 140 with value: 0.08537252992391586.
LOCAL_RANK: 0 - CUDA_VISIBLE_DEVICES: [0]
[I 2023-11-29 22:18:07,242] Trial 143 finished with value: 0.5824821591377258 and parameters: {'gradient_clip_val': 0.22619910272567612, 'hidden_size': 31, 'dropout': 0.30944905651199567, 'hidden_continuous_size': 20, 'attention_head_size': 4, 'learning_rate': 0.009265617328213075}. Best is trial 140 with value: 0.08537252992391586.
LOCAL_RANK: 0 - CUDA_VISIBLE_DEVICES: [0]
[I 2023-11-29 22:18:20,528] Trial 144 finished with value: 0.1090187057852745 and parameters: {'gradient_clip_val': 0.28597174401828834, 'hidden_size': 45, 'dropout': 0.29681423841100196, 'hidden_continuous_size': 22, 'attention_head_size': 4, 'learning_rate': 0.07946765169301472}. Best is trial 140 with value: 0.08537252992391586.
LOCAL_RANK: 0 - CUDA_VISIBLE_DEVICES: [0]
[I 2023-11-29 22:18:33,513] Trial 145 finished with value: 0.11019996553659439 and parameters: {'gradient_clip_val': 0.26140062548803383, 'hidden_size': 34, 'dropout': 0.36758165042790103, 'hidden_continuous_size': 19, 'attention_head_size': 4, 'learning_rate': 0.05669333469354624}. Best is trial 140 with value: 0.08537252992391586.
LOCAL_RANK: 0 - CUDA_VISIBLE_DEVICES: [0]
[I 2023-11-29 22:18:46,775] Trial 146 finished with value: 0.3495244085788727 and parameters: {'gradient_clip_val': 0.19501270353593417, 'hidden_size': 43, 'dropout': 0.28611562459761797, 'hidden_continuous_size': 18, 'attention_head_size': 4, 'learning_rate': 0.0697609169333083}. Best is trial 140 with value: 0.08537252992391586.
LOCAL_RANK: 0 - CUDA_VISIBLE_DEVICES: [0]
[I 2023-11-29 22:18:59,921] Trial 147 finished with value: 0.1133299469947815 and parameters: {'gradient_clip_val': 0.18030129029406586, 'hidden_size': 39, 'dropout': 0.2763991556877733, 'hidden_continuous_size': 23, 'attention_head_size': 4, 'learning_rate': 0.08987849258348694}. Best is trial 140 with value: 0.08537252992391586.
LOCAL_RANK: 0 - CUDA_VISIBLE_DEVICES: [0]
[I 2023-11-29 22:19:13,522] Trial 148 finished with value: 0.11814338713884354 and parameters: {'gradient_clip_val': 0.16747399366180468, 'hidden_size': 53, 'dropout': 0.3261701839245819, 'hidden_continuous_size': 21, 'attention_head_size': 4, 'learning_rate': 0.060234102326097376}. Best is trial 140 with value: 0.08537252992391586.
LOCAL_RANK: 0 - CUDA_VISIBLE_DEVICES: [0]
[I 2023-11-29 22:19:26,700] Trial 149 finished with value: 0.14557009935379028 and parameters: {'gradient_clip_val': 0.23473173680885187, 'hidden_size': 50, 'dropout': 0.3599214527161403, 'hidden_continuous_size': 15, 'attention_head_size': 3, 'learning_rate': 0.048205615488665206}. Best is trial 140 with value: 0.08537252992391586.
[I 2023-11-29 22:19:26,813] A new study created in memory with name: no-name-d9d37611-b77c-4228-acde-49c02f7602f2
/home/le004/conda/anaconda3/envs/tsff_env/lib/python3.9/site-packages/lightning/fabric/plugins/environments/slurm.py:191: The `srun` command is available on your system but is not used. HINT: If your intention is to run Lightning on SLURM, prepend your python command with `srun` like so: srun python /home/le004/master_thesis/git/TSFusionForecast/code/ ...
LOCAL_RANK: 0 - CUDA_VISIBLE_DEVICES: [0]
[I 2023-11-29 22:19:37,418] Trial 0 finished with value: 3.979633331298828 and parameters: {'gradient_clip_val': 0.10431269512990779, 'hidden_size': 11, 'dropout': 0.24366182404394585, 'hidden_continuous_size': 11, 'attention_head_size': 3, 'learning_rate': 0.00277408023068442}. Best is trial 0 with value: 3.979633331298828.
LOCAL_RANK: 0 - CUDA_VISIBLE_DEVICES: [0]
[I 2023-11-29 22:19:51,287] Trial 1 finished with value: 0.14863093197345734 and parameters: {'gradient_clip_val': 0.15725723475927528, 'hidden_size': 73, 'dropout': 0.23052091569462763, 'hidden_continuous_size': 35, 'attention_head_size': 3, 'learning_rate': 0.017175159457302868}. Best is trial 1 with value: 0.14863093197345734.
LOCAL_RANK: 0 - CUDA_VISIBLE_DEVICES: [0]
[I 2023-11-29 22:20:05,676] Trial 2 finished with value: 0.18966145813465118 and parameters: {'gradient_clip_val': 0.19532989874826576, 'hidden_size': 104, 'dropout': 0.12383318409823096, 'hidden_continuous_size': 92, 'attention_head_size': 2, 'learning_rate': 0.005854150317834974}. Best is trial 1 with value: 0.14863093197345734.
LOCAL_RANK: 0 - CUDA_VISIBLE_DEVICES: [0]
[I 2023-11-29 22:20:18,343] Trial 3 finished with value: 0.28704389929771423 and parameters: {'gradient_clip_val': 0.10732231387831902, 'hidden_size': 13, 'dropout': 0.23561889688660226, 'hidden_continuous_size': 12, 'attention_head_size': 4, 'learning_rate': 0.08649133457814896}. Best is trial 1 with value: 0.14863093197345734.
LOCAL_RANK: 0 - CUDA_VISIBLE_DEVICES: [0]
[I 2023-11-29 22:20:32,539] Trial 4 finished with value: 0.21020419895648956 and parameters: {'gradient_clip_val': 0.10206542946136386, 'hidden_size': 107, 'dropout': 0.396219760486322, 'hidden_continuous_size': 31, 'attention_head_size': 4, 'learning_rate': 0.01192803840724784}. Best is trial 1 with value: 0.14863093197345734.
LOCAL_RANK: 0 - CUDA_VISIBLE_DEVICES: [0]
[I 2023-11-29 22:20:43,057] Trial 5 finished with value: 0.1244686171412468 and parameters: {'gradient_clip_val': 0.4506180514461272, 'hidden_size': 17, 'dropout': 0.22407803779465507, 'hidden_continuous_size': 17, 'attention_head_size': 1, 'learning_rate': 0.07864967493025278}. Best is trial 5 with value: 0.1244686171412468.
LOCAL_RANK: 0 - CUDA_VISIBLE_DEVICES: [0]
[I 2023-11-29 22:20:55,637] Trial 6 finished with value: 3.2447612285614014 and parameters: {'gradient_clip_val': 0.1611482152594283, 'hidden_size': 20, 'dropout': 0.3690833805285838, 'hidden_continuous_size': 12, 'attention_head_size': 3, 'learning_rate': 0.00273143507646969}. Best is trial 5 with value: 0.1244686171412468.
LOCAL_RANK: 0 - CUDA_VISIBLE_DEVICES: [0]
[I 2023-11-29 22:21:08,844] Trial 7 finished with value: 0.8487111926078796 and parameters: {'gradient_clip_val': 0.2599851228390824, 'hidden_size': 64, 'dropout': 0.27582533305537127, 'hidden_continuous_size': 15, 'attention_head_size': 2, 'learning_rate': 0.0037070180616663446}. Best is trial 5 with value: 0.1244686171412468.
LOCAL_RANK: 0 - CUDA_VISIBLE_DEVICES: [0]
[I 2023-11-29 22:21:21,526] Trial 8 finished with value: 2.025190830230713 and parameters: {'gradient_clip_val': 0.3184984309604279, 'hidden_size': 26, 'dropout': 0.37990350294397657, 'hidden_continuous_size': 16, 'attention_head_size': 2, 'learning_rate': 0.005284246166131369}. Best is trial 5 with value: 0.1244686171412468.
LOCAL_RANK: 0 - CUDA_VISIBLE_DEVICES: [0]
[I 2023-11-29 22:21:33,959] Trial 9 finished with value: 1.7669472694396973 and parameters: {'gradient_clip_val': 0.17549984978379712, 'hidden_size': 25, 'dropout': 0.3724200755757441, 'hidden_continuous_size': 17, 'attention_head_size': 2, 'learning_rate': 0.0045543398851965915}. Best is trial 5 with value: 0.1244686171412468.
LOCAL_RANK: 0 - CUDA_VISIBLE_DEVICES: [0]
[I 2023-11-29 22:21:46,894] Trial 10 finished with value: 3.04398250579834 and parameters: {'gradient_clip_val': 0.6090934541127976, 'hidden_size': 42, 'dropout': 0.15173593857771456, 'hidden_continuous_size': 21, 'attention_head_size': 1, 'learning_rate': 0.0010321108499178231}. Best is trial 5 with value: 0.1244686171412468.
LOCAL_RANK: 0 - CUDA_VISIBLE_DEVICES: [0]
[I 2023-11-29 22:22:00,270] Trial 11 finished with value: 0.1557634025812149 and parameters: {'gradient_clip_val': 0.47672650618748663, 'hidden_size': 53, 'dropout': 0.18573025867787052, 'hidden_continuous_size': 30, 'attention_head_size': 1, 'learning_rate': 0.054934738676584965}. Best is trial 5 with value: 0.1244686171412468.
LOCAL_RANK: 0 - CUDA_VISIBLE_DEVICES: [0]
[I 2023-11-29 22:22:14,730] Trial 12 finished with value: 0.17461758852005005 and parameters: {'gradient_clip_val': 0.7699212256092933, 'hidden_size': 148, 'dropout': 0.20517651549887048, 'hidden_continuous_size': 56, 'attention_head_size': 3, 'learning_rate': 0.026117160113116485}. Best is trial 5 with value: 0.1244686171412468.
LOCAL_RANK: 0 - CUDA_VISIBLE_DEVICES: [0]
[I 2023-11-29 22:22:27,694] Trial 13 finished with value: 0.21939589083194733 and parameters: {'gradient_clip_val': 0.43009196183123205, 'hidden_size': 33, 'dropout': 0.28513866887530914, 'hidden_continuous_size': 20, 'attention_head_size': 1, 'learning_rate': 0.030915140252733772}. Best is trial 5 with value: 0.1244686171412468.
LOCAL_RANK: 0 - CUDA_VISIBLE_DEVICES: [0]
[I 2023-11-29 22:22:40,237] Trial 14 finished with value: 0.14214156568050385 and parameters: {'gradient_clip_val': 0.8997440527434778, 'hidden_size': 16, 'dropout': 0.180382942238159, 'hidden_continuous_size': 10, 'attention_head_size': 3, 'learning_rate': 0.09991515795940625}. Best is trial 5 with value: 0.1244686171412468.
LOCAL_RANK: 0 - CUDA_VISIBLE_DEVICES: [0]
[I 2023-11-29 22:22:52,678] Trial 15 finished with value: 0.606328010559082 and parameters: {'gradient_clip_val': 0.978539903205368, 'hidden_size': 15, 'dropout': 0.10451545962175894, 'hidden_continuous_size': 10, 'attention_head_size': 4, 'learning_rate': 0.07888923021394424}. Best is trial 5 with value: 0.1244686171412468.
LOCAL_RANK: 0 - CUDA_VISIBLE_DEVICES: [0]
[I 2023-11-29 22:23:03,305] Trial 16 finished with value: 0.1741725653409958 and parameters: {'gradient_clip_val': 0.9148377439569355, 'hidden_size': 10, 'dropout': 0.18589651524616896, 'hidden_continuous_size': 10, 'attention_head_size': 1, 'learning_rate': 0.0965959881513916}. Best is trial 5 with value: 0.1244686171412468.
LOCAL_RANK: 0 - CUDA_VISIBLE_DEVICES: [0]
[I 2023-11-29 22:23:15,868] Trial 17 finished with value: 0.27718448638916016 and parameters: {'gradient_clip_val': 0.6439814678318959, 'hidden_size': 17, 'dropout': 0.13986221926815307, 'hidden_continuous_size': 10, 'attention_head_size': 2, 'learning_rate': 0.04671830824222299}. Best is trial 5 with value: 0.1244686171412468.
LOCAL_RANK: 0 - CUDA_VISIBLE_DEVICES: [0]
[I 2023-11-29 22:23:28,286] Trial 18 finished with value: 0.3232758939266205 and parameters: {'gradient_clip_val': 0.4947022388871301, 'hidden_size': 19, 'dropout': 0.15412822431169088, 'hidden_continuous_size': 11, 'attention_head_size': 3, 'learning_rate': 0.04538651569166967}. Best is trial 5 with value: 0.1244686171412468.
LOCAL_RANK: 0 - CUDA_VISIBLE_DEVICES: [0]
[I 2023-11-29 22:23:40,661] Trial 19 finished with value: 0.30377551913261414 and parameters: {'gradient_clip_val': 0.740193067121871, 'hidden_size': 13, 'dropout': 0.17826223674149014, 'hidden_continuous_size': 10, 'attention_head_size': 4, 'learning_rate': 0.09999858510693481}. Best is trial 5 with value: 0.1244686171412468.
LOCAL_RANK: 0 - CUDA_VISIBLE_DEVICES: [0]
[I 2023-11-29 22:23:52,785] Trial 20 finished with value: 0.4388430118560791 and parameters: {'gradient_clip_val': 0.37500798104531025, 'hidden_size': 24, 'dropout': 0.20439024432750544, 'hidden_continuous_size': 13, 'attention_head_size': 1, 'learning_rate': 0.02640482199639554}. Best is trial 5 with value: 0.1244686171412468.
LOCAL_RANK: 0 - CUDA_VISIBLE_DEVICES: [0]
[I 2023-11-29 22:24:04,959] Trial 21 finished with value: 0.9461389183998108 and parameters: {'gradient_clip_val': 0.5476373127368691, 'hidden_size': 16, 'dropout': 0.22361256777716235, 'hidden_continuous_size': 11, 'attention_head_size': 3, 'learning_rate': 0.01478262449415433}. Best is trial 5 with value: 0.1244686171412468.
LOCAL_RANK: 0 - CUDA_VISIBLE_DEVICES: [0]
[I 2023-11-29 22:24:17,870] Trial 22 finished with value: 0.2476598620414734 and parameters: {'gradient_clip_val': 0.41695062917676284, 'hidden_size': 31, 'dropout': 0.2694436895537796, 'hidden_continuous_size': 13, 'attention_head_size': 3, 'learning_rate': 0.060397830819238156}. Best is trial 5 with value: 0.1244686171412468.
LOCAL_RANK: 0 - CUDA_VISIBLE_DEVICES: [0]
[I 2023-11-29 22:24:30,086] Trial 23 finished with value: 0.5376961827278137 and parameters: {'gradient_clip_val': 0.321825986315203, 'hidden_size': 20, 'dropout': 0.25298681087834585, 'hidden_continuous_size': 11, 'attention_head_size': 3, 'learning_rate': 0.018687116437395283}. Best is trial 5 with value: 0.1244686171412468.
LOCAL_RANK: 0 - CUDA_VISIBLE_DEVICES: [0]
[I 2023-11-29 22:24:40,721] Trial 24 finished with value: 0.7939618229866028 and parameters: {'gradient_clip_val': 0.24959747314686864, 'hidden_size': 10, 'dropout': 0.21378646659400624, 'hidden_continuous_size': 10, 'attention_head_size': 2, 'learning_rate': 0.040030240343051846}. Best is trial 5 with value: 0.1244686171412468.
LOCAL_RANK: 0 - CUDA_VISIBLE_DEVICES: [0]
[I 2023-11-29 22:24:53,352] Trial 25 finished with value: 0.23309195041656494 and parameters: {'gradient_clip_val': 0.6024486565880256, 'hidden_size': 14, 'dropout': 0.3051504735420155, 'hidden_continuous_size': 10, 'attention_head_size': 3, 'learning_rate': 0.06621458297373}. Best is trial 5 with value: 0.1244686171412468.
LOCAL_RANK: 0 - CUDA_VISIBLE_DEVICES: [0]
[I 2023-11-29 22:25:06,494] Trial 26 finished with value: 0.17740945518016815 and parameters: {'gradient_clip_val': 0.776337035418972, 'hidden_size': 43, 'dropout': 0.1725375112742499, 'hidden_continuous_size': 15, 'attention_head_size': 4, 'learning_rate': 0.034435966713985154}. Best is trial 5 with value: 0.1244686171412468.
LOCAL_RANK: 0 - CUDA_VISIBLE_DEVICES: [0]
[I 2023-11-29 22:25:19,477] Trial 27 finished with value: 0.11789365857839584 and parameters: {'gradient_clip_val': 0.3785377043820642, 'hidden_size': 33, 'dropout': 0.21948746942476366, 'hidden_continuous_size': 14, 'attention_head_size': 2, 'learning_rate': 0.06191795459739462}. Best is trial 27 with value: 0.11789365857839584.
LOCAL_RANK: 0 - CUDA_VISIBLE_DEVICES: [0]
[I 2023-11-29 22:25:31,985] Trial 28 finished with value: 0.13019058108329773 and parameters: {'gradient_clip_val': 0.4924570309396993, 'hidden_size': 32, 'dropout': 0.19785275360288493, 'hidden_continuous_size': 14, 'attention_head_size': 1, 'learning_rate': 0.07395161612179184}. Best is trial 27 with value: 0.11789365857839584.
LOCAL_RANK: 0 - CUDA_VISIBLE_DEVICES: [0]
[I 2023-11-29 22:25:44,382] Trial 29 finished with value: 0.2224106341600418 and parameters: {'gradient_clip_val': 0.37323164725490227, 'hidden_size': 28, 'dropout': 0.23714726897578275, 'hidden_continuous_size': 14, 'attention_head_size': 1, 'learning_rate': 0.05948032059733175}. Best is trial 27 with value: 0.11789365857839584.
LOCAL_RANK: 0 - CUDA_VISIBLE_DEVICES: [0]
[I 2023-11-29 22:25:57,176] Trial 30 finished with value: 0.10100120306015015 and parameters: {'gradient_clip_val': 0.48021925742704397, 'hidden_size': 35, 'dropout': 0.25536080350110646, 'hidden_continuous_size': 17, 'attention_head_size': 1, 'learning_rate': 0.06921458348451777}. Best is trial 30 with value: 0.10100120306015015.
LOCAL_RANK: 0 - CUDA_VISIBLE_DEVICES: [0]
[I 2023-11-29 22:26:09,845] Trial 31 finished with value: 0.13584445416927338 and parameters: {'gradient_clip_val': 0.47959618679158905, 'hidden_size': 36, 'dropout': 0.2504659328982252, 'hidden_continuous_size': 17, 'attention_head_size': 1, 'learning_rate': 0.06656163583354163}. Best is trial 30 with value: 0.10100120306015015.
LOCAL_RANK: 0 - CUDA_VISIBLE_DEVICES: [0]
[I 2023-11-29 22:26:22,815] Trial 32 finished with value: 0.15435011684894562 and parameters: {'gradient_clip_val': 0.4036583370008991, 'hidden_size': 34, 'dropout': 0.21542830356415416, 'hidden_continuous_size': 15, 'attention_head_size': 1, 'learning_rate': 0.047710749293459254}. Best is trial 30 with value: 0.10100120306015015.
LOCAL_RANK: 0 - CUDA_VISIBLE_DEVICES: [0]
