[I 2023-11-30 00:45:33,616] Trial 70 finished with value: 0.15402184426784515 and parameters: {'gradient_clip_val': 0.13233112068956018, 'hidden_size': 39, 'dropout': 0.3152267046600504, 'hidden_continuous_size': 20, 'attention_head_size': 3, 'learning_rate': 0.06479968679147306}. Best is trial 5 with value: 0.0989944264292717.
LOCAL_RANK: 0 - CUDA_VISIBLE_DEVICES: [0]
[I 2023-11-30 00:45:46,183] Trial 71 finished with value: 0.1430567055940628 and parameters: {'gradient_clip_val': 0.12333545013557197, 'hidden_size': 28, 'dropout': 0.3419524248481843, 'hidden_continuous_size': 22, 'attention_head_size': 1, 'learning_rate': 0.09993809679769815}. Best is trial 5 with value: 0.0989944264292717.
LOCAL_RANK: 0 - CUDA_VISIBLE_DEVICES: [0]
[I 2023-11-30 00:45:58,893] Trial 72 finished with value: 0.4488156735897064 and parameters: {'gradient_clip_val': 0.10970148722762206, 'hidden_size': 36, 'dropout': 0.32968973111933264, 'hidden_continuous_size': 18, 'attention_head_size': 1, 'learning_rate': 0.07407138118081272}. Best is trial 5 with value: 0.0989944264292717.
LOCAL_RANK: 0 - CUDA_VISIBLE_DEVICES: [0]
[I 2023-11-30 00:46:12,928] Trial 73 finished with value: 0.16719263792037964 and parameters: {'gradient_clip_val': 0.13830663731261897, 'hidden_size': 83, 'dropout': 0.2941487951361393, 'hidden_continuous_size': 42, 'attention_head_size': 1, 'learning_rate': 0.09068830576620447}. Best is trial 5 with value: 0.0989944264292717.
LOCAL_RANK: 0 - CUDA_VISIBLE_DEVICES: [0]
[I 2023-11-30 00:46:25,742] Trial 74 finished with value: 0.1277540773153305 and parameters: {'gradient_clip_val': 0.10043764217766872, 'hidden_size': 33, 'dropout': 0.3528723589487464, 'hidden_continuous_size': 23, 'attention_head_size': 1, 'learning_rate': 0.08142472416301913}. Best is trial 5 with value: 0.0989944264292717.
LOCAL_RANK: 0 - CUDA_VISIBLE_DEVICES: [0]
[I 2023-11-30 00:46:38,549] Trial 75 finished with value: 0.16545142233371735 and parameters: {'gradient_clip_val': 0.1011285112898265, 'hidden_size': 33, 'dropout': 0.35944917303475465, 'hidden_continuous_size': 26, 'attention_head_size': 1, 'learning_rate': 0.08046665122999466}. Best is trial 5 with value: 0.0989944264292717.
LOCAL_RANK: 0 - CUDA_VISIBLE_DEVICES: [0]
[I 2023-11-30 00:46:51,369] Trial 76 finished with value: 0.13072887063026428 and parameters: {'gradient_clip_val': 0.10781355450821531, 'hidden_size': 26, 'dropout': 0.37256294093354003, 'hidden_continuous_size': 23, 'attention_head_size': 4, 'learning_rate': 0.05967459807484327}. Best is trial 5 with value: 0.0989944264292717.
LOCAL_RANK: 0 - CUDA_VISIBLE_DEVICES: [0]
[I 2023-11-30 00:47:03,864] Trial 77 finished with value: 0.14387823641300201 and parameters: {'gradient_clip_val': 0.10908193294593711, 'hidden_size': 26, 'dropout': 0.3724925603371533, 'hidden_continuous_size': 23, 'attention_head_size': 1, 'learning_rate': 0.06241830980902261}. Best is trial 5 with value: 0.0989944264292717.
LOCAL_RANK: 0 - CUDA_VISIBLE_DEVICES: [0]
[I 2023-11-30 00:47:16,782] Trial 78 finished with value: 0.17463372647762299 and parameters: {'gradient_clip_val': 0.11550087785744968, 'hidden_size': 30, 'dropout': 0.35309651128902864, 'hidden_continuous_size': 24, 'attention_head_size': 1, 'learning_rate': 0.07609239000095806}. Best is trial 5 with value: 0.0989944264292717.
LOCAL_RANK: 0 - CUDA_VISIBLE_DEVICES: [0]
[I 2023-11-30 00:47:29,928] Trial 79 finished with value: 0.2524329125881195 and parameters: {'gradient_clip_val': 0.1046841456039767, 'hidden_size': 39, 'dropout': 0.33802272701189634, 'hidden_continuous_size': 27, 'attention_head_size': 4, 'learning_rate': 0.0878471127390243}. Best is trial 5 with value: 0.0989944264292717.
LOCAL_RANK: 0 - CUDA_VISIBLE_DEVICES: [0]
[I 2023-11-30 00:47:42,755] Trial 80 finished with value: 0.25219976902008057 and parameters: {'gradient_clip_val': 0.12692565696770233, 'hidden_size': 35, 'dropout': 0.3661788411103156, 'hidden_continuous_size': 21, 'attention_head_size': 1, 'learning_rate': 0.05520673175013163}. Best is trial 5 with value: 0.0989944264292717.
LOCAL_RANK: 0 - CUDA_VISIBLE_DEVICES: [0]
[I 2023-11-30 00:47:55,617] Trial 81 finished with value: 0.13180135190486908 and parameters: {'gradient_clip_val': 0.12087909536580185, 'hidden_size': 32, 'dropout': 0.38720284325951465, 'hidden_continuous_size': 24, 'attention_head_size': 4, 'learning_rate': 0.07116566964265339}. Best is trial 5 with value: 0.0989944264292717.
LOCAL_RANK: 0 - CUDA_VISIBLE_DEVICES: [0]
[I 2023-11-30 00:48:08,336] Trial 82 finished with value: 0.15062177181243896 and parameters: {'gradient_clip_val': 0.12079601995989044, 'hidden_size': 32, 'dropout': 0.3951218962452565, 'hidden_continuous_size': 24, 'attention_head_size': 4, 'learning_rate': 0.06099797969011816}. Best is trial 5 with value: 0.0989944264292717.
LOCAL_RANK: 0 - CUDA_VISIBLE_DEVICES: [0]
[I 2023-11-30 00:48:21,249] Trial 83 finished with value: 0.1431208997964859 and parameters: {'gradient_clip_val': 0.11559606807258642, 'hidden_size': 26, 'dropout': 0.38584435722363447, 'hidden_continuous_size': 23, 'attention_head_size': 4, 'learning_rate': 0.07299808962801385}. Best is trial 5 with value: 0.0989944264292717.
LOCAL_RANK: 0 - CUDA_VISIBLE_DEVICES: [0]
[I 2023-11-30 00:48:34,311] Trial 84 finished with value: 0.20812852680683136 and parameters: {'gradient_clip_val': 0.13246671035536758, 'hidden_size': 29, 'dropout': 0.3771695262426813, 'hidden_continuous_size': 25, 'attention_head_size': 4, 'learning_rate': 0.09066466290685694}. Best is trial 5 with value: 0.0989944264292717.
LOCAL_RANK: 0 - CUDA_VISIBLE_DEVICES: [0]
[I 2023-11-30 00:48:47,187] Trial 85 finished with value: 0.21687811613082886 and parameters: {'gradient_clip_val': 0.10627796027251032, 'hidden_size': 33, 'dropout': 0.3986849596257261, 'hidden_continuous_size': 22, 'attention_head_size': 4, 'learning_rate': 0.07943832521566975}. Best is trial 5 with value: 0.0989944264292717.
LOCAL_RANK: 0 - CUDA_VISIBLE_DEVICES: [0]
[I 2023-11-30 00:49:00,039] Trial 86 finished with value: 0.25501081347465515 and parameters: {'gradient_clip_val': 0.12297443569700865, 'hidden_size': 29, 'dropout': 0.3561980782336055, 'hidden_continuous_size': 23, 'attention_head_size': 4, 'learning_rate': 0.045016593892205595}. Best is trial 5 with value: 0.0989944264292717.
LOCAL_RANK: 0 - CUDA_VISIBLE_DEVICES: [0]
[I 2023-11-30 00:49:12,471] Trial 87 finished with value: 0.16827134788036346 and parameters: {'gradient_clip_val': 0.10036162165862664, 'hidden_size': 24, 'dropout': 0.3441926343638679, 'hidden_continuous_size': 22, 'attention_head_size': 2, 'learning_rate': 0.06610925382985655}. Best is trial 5 with value: 0.0989944264292717.
LOCAL_RANK: 0 - CUDA_VISIBLE_DEVICES: [0]
[I 2023-11-30 00:49:25,742] Trial 88 finished with value: 0.1371312141418457 and parameters: {'gradient_clip_val': 0.11175375369966765, 'hidden_size': 45, 'dropout': 0.3277096266043207, 'hidden_continuous_size': 27, 'attention_head_size': 1, 'learning_rate': 0.05246711659358542}. Best is trial 5 with value: 0.0989944264292717.
LOCAL_RANK: 0 - CUDA_VISIBLE_DEVICES: [0]
[I 2023-11-30 00:49:38,724] Trial 89 finished with value: 0.15383560955524445 and parameters: {'gradient_clip_val': 0.14475156444735077, 'hidden_size': 31, 'dropout': 0.36865377076535955, 'hidden_continuous_size': 26, 'attention_head_size': 3, 'learning_rate': 0.0888041252284195}. Best is trial 5 with value: 0.0989944264292717.
LOCAL_RANK: 0 - CUDA_VISIBLE_DEVICES: [0]
[I 2023-11-30 00:49:51,506] Trial 90 finished with value: 0.16120344400405884 and parameters: {'gradient_clip_val': 0.1394177838205825, 'hidden_size': 35, 'dropout': 0.38375246834560084, 'hidden_continuous_size': 25, 'attention_head_size': 1, 'learning_rate': 0.057919769420829124}. Best is trial 5 with value: 0.0989944264292717.
LOCAL_RANK: 0 - CUDA_VISIBLE_DEVICES: [0]
[I 2023-11-30 00:50:04,373] Trial 91 finished with value: 0.20174704492092133 and parameters: {'gradient_clip_val': 0.15157344600869396, 'hidden_size': 27, 'dropout': 0.3902334525632463, 'hidden_continuous_size': 21, 'attention_head_size': 4, 'learning_rate': 0.0754637330545575}. Best is trial 5 with value: 0.0989944264292717.
LOCAL_RANK: 0 - CUDA_VISIBLE_DEVICES: [0]
[I 2023-11-30 00:50:17,504] Trial 92 finished with value: 0.16670681536197662 and parameters: {'gradient_clip_val': 0.12683285583566534, 'hidden_size': 39, 'dropout': 0.34848779860160406, 'hidden_continuous_size': 20, 'attention_head_size': 4, 'learning_rate': 0.09985254724480501}. Best is trial 5 with value: 0.0989944264292717.
LOCAL_RANK: 0 - CUDA_VISIBLE_DEVICES: [0]
[I 2023-11-30 00:50:31,735] Trial 93 finished with value: 0.19283002614974976 and parameters: {'gradient_clip_val': 0.11432986333307517, 'hidden_size': 97, 'dropout': 0.36220433096591803, 'hidden_continuous_size': 30, 'attention_head_size': 4, 'learning_rate': 0.08154934211918186}. Best is trial 5 with value: 0.0989944264292717.
LOCAL_RANK: 0 - CUDA_VISIBLE_DEVICES: [0]
[I 2023-11-30 00:50:44,984] Trial 94 finished with value: 0.14391478896141052 and parameters: {'gradient_clip_val': 0.10768234733235188, 'hidden_size': 43, 'dropout': 0.3735741598431194, 'hidden_continuous_size': 28, 'attention_head_size': 4, 'learning_rate': 0.0680941311466871}. Best is trial 5 with value: 0.0989944264292717.
LOCAL_RANK: 0 - CUDA_VISIBLE_DEVICES: [0]
[I 2023-11-30 00:50:57,857] Trial 95 finished with value: 0.18665774166584015 and parameters: {'gradient_clip_val': 0.13462559114968184, 'hidden_size': 32, 'dropout': 0.334514206735619, 'hidden_continuous_size': 19, 'attention_head_size': 4, 'learning_rate': 0.08922612118188265}. Best is trial 5 with value: 0.0989944264292717.
LOCAL_RANK: 0 - CUDA_VISIBLE_DEVICES: [0]
[I 2023-11-30 00:51:10,789] Trial 96 finished with value: 0.23156552016735077 and parameters: {'gradient_clip_val': 0.11955153080188957, 'hidden_size': 29, 'dropout': 0.35554995509480786, 'hidden_continuous_size': 24, 'attention_head_size': 4, 'learning_rate': 0.04283377723349706}. Best is trial 5 with value: 0.0989944264292717.
LOCAL_RANK: 0 - CUDA_VISIBLE_DEVICES: [0]
[I 2023-11-30 00:51:23,723] Trial 97 finished with value: 0.1338801085948944 and parameters: {'gradient_clip_val': 0.16746015966193065, 'hidden_size': 37, 'dropout': 0.38071726944298107, 'hidden_continuous_size': 25, 'attention_head_size': 2, 'learning_rate': 0.060212505793593}. Best is trial 5 with value: 0.0989944264292717.
LOCAL_RANK: 0 - CUDA_VISIBLE_DEVICES: [0]
[I 2023-11-30 00:51:37,491] Trial 98 finished with value: 0.1493387371301651 and parameters: {'gradient_clip_val': 0.12646548202233626, 'hidden_size': 49, 'dropout': 0.3186044314475799, 'hidden_continuous_size': 38, 'attention_head_size': 3, 'learning_rate': 0.07025142044040093}. Best is trial 5 with value: 0.0989944264292717.
LOCAL_RANK: 0 - CUDA_VISIBLE_DEVICES: [0]
[I 2023-11-30 00:51:51,036] Trial 99 finished with value: 0.15405935049057007 and parameters: {'gradient_clip_val': 0.18570689081874261, 'hidden_size': 66, 'dropout': 0.367014122141885, 'hidden_continuous_size': 32, 'attention_head_size': 1, 'learning_rate': 0.04772829753937866}. Best is trial 5 with value: 0.0989944264292717.
LOCAL_RANK: 0 - CUDA_VISIBLE_DEVICES: [0]
[I 2023-11-30 00:52:03,929] Trial 100 finished with value: 0.12776604294776917 and parameters: {'gradient_clip_val': 0.15743116815158814, 'hidden_size': 35, 'dropout': 0.34775668599066917, 'hidden_continuous_size': 23, 'attention_head_size': 1, 'learning_rate': 0.07794974947272877}. Best is trial 5 with value: 0.0989944264292717.
LOCAL_RANK: 0 - CUDA_VISIBLE_DEVICES: [0]
[I 2023-11-30 00:52:16,792] Trial 101 finished with value: 0.15846452116966248 and parameters: {'gradient_clip_val': 0.1566865320173977, 'hidden_size': 34, 'dropout': 0.3480708021957723, 'hidden_continuous_size': 23, 'attention_head_size': 1, 'learning_rate': 0.07983578193234372}. Best is trial 5 with value: 0.0989944264292717.
LOCAL_RANK: 0 - CUDA_VISIBLE_DEVICES: [0]
[I 2023-11-30 00:52:29,375] Trial 102 finished with value: 0.13759468495845795 and parameters: {'gradient_clip_val': 0.17173872920378555, 'hidden_size': 31, 'dropout': 0.32965494341155843, 'hidden_continuous_size': 16, 'attention_head_size': 1, 'learning_rate': 0.09129303651361921}. Best is trial 5 with value: 0.0989944264292717.
LOCAL_RANK: 0 - CUDA_VISIBLE_DEVICES: [0]
[I 2023-11-30 00:52:42,267] Trial 103 finished with value: 0.1374305933713913 and parameters: {'gradient_clip_val': 0.1480695078653941, 'hidden_size': 36, 'dropout': 0.34238942365098873, 'hidden_continuous_size': 20, 'attention_head_size': 1, 'learning_rate': 0.07432865454310152}. Best is trial 5 with value: 0.0989944264292717.
LOCAL_RANK: 0 - CUDA_VISIBLE_DEVICES: [0]
[I 2023-11-30 00:52:55,039] Trial 104 finished with value: 0.12007050961256027 and parameters: {'gradient_clip_val': 0.13465278145653856, 'hidden_size': 27, 'dropout': 0.3584759007919373, 'hidden_continuous_size': 24, 'attention_head_size': 1, 'learning_rate': 0.08270202066568637}. Best is trial 5 with value: 0.0989944264292717.
LOCAL_RANK: 0 - CUDA_VISIBLE_DEVICES: [0]
[I 2023-11-30 00:53:07,854] Trial 105 finished with value: 0.14519502222537994 and parameters: {'gradient_clip_val': 0.13429520712755555, 'hidden_size': 33, 'dropout': 0.36086226576257224, 'hidden_continuous_size': 24, 'attention_head_size': 1, 'learning_rate': 0.08153226538481033}. Best is trial 5 with value: 0.0989944264292717.
LOCAL_RANK: 0 - CUDA_VISIBLE_DEVICES: [0]
[I 2023-11-30 00:53:20,437] Trial 106 finished with value: 0.16789233684539795 and parameters: {'gradient_clip_val': 0.14222443620149766, 'hidden_size': 25, 'dropout': 0.3358533024714047, 'hidden_continuous_size': 22, 'attention_head_size': 1, 'learning_rate': 0.09261052984632188}. Best is trial 5 with value: 0.0989944264292717.
LOCAL_RANK: 0 - CUDA_VISIBLE_DEVICES: [0]
[I 2023-11-30 00:53:32,895] Trial 107 finished with value: 0.31010502576828003 and parameters: {'gradient_clip_val': 0.11943124686487157, 'hidden_size': 27, 'dropout': 0.35044042907054246, 'hidden_continuous_size': 23, 'attention_head_size': 1, 'learning_rate': 0.06592664091791246}. Best is trial 5 with value: 0.0989944264292717.
LOCAL_RANK: 0 - CUDA_VISIBLE_DEVICES: [0]
[I 2023-11-30 00:53:45,672] Trial 108 finished with value: 0.1525309830904007 and parameters: {'gradient_clip_val': 0.11067359184352077, 'hidden_size': 22, 'dropout': 0.31933487907977093, 'hidden_continuous_size': 21, 'attention_head_size': 1, 'learning_rate': 0.09964382172749199}. Best is trial 5 with value: 0.0989944264292717.
LOCAL_RANK: 0 - CUDA_VISIBLE_DEVICES: [0]
[I 2023-11-30 00:53:58,375] Trial 109 finished with value: 0.2127477377653122 and parameters: {'gradient_clip_val': 0.10340442144324197, 'hidden_size': 30, 'dropout': 0.32408899862186397, 'hidden_continuous_size': 24, 'attention_head_size': 1, 'learning_rate': 0.06860726740589115}. Best is trial 5 with value: 0.0989944264292717.
LOCAL_RANK: 0 - CUDA_VISIBLE_DEVICES: [0]
[I 2023-11-30 00:54:10,839] Trial 110 finished with value: 0.16229335963726044 and parameters: {'gradient_clip_val': 0.16101358267843807, 'hidden_size': 27, 'dropout': 0.3096462245430636, 'hidden_continuous_size': 22, 'attention_head_size': 1, 'learning_rate': 0.08398912504287515}. Best is trial 5 with value: 0.0989944264292717.
LOCAL_RANK: 0 - CUDA_VISIBLE_DEVICES: [0]
[I 2023-11-30 00:54:23,802] Trial 111 finished with value: 0.1684168130159378 and parameters: {'gradient_clip_val': 0.12707206857689973, 'hidden_size': 41, 'dropout': 0.37608629078275946, 'hidden_continuous_size': 21, 'attention_head_size': 1, 'learning_rate': 0.05450761370523077}. Best is trial 5 with value: 0.0989944264292717.
LOCAL_RANK: 0 - CUDA_VISIBLE_DEVICES: [0]
[I 2023-11-30 00:54:36,525] Trial 112 finished with value: 0.1662004590034485 and parameters: {'gradient_clip_val': 0.1353908870503098, 'hidden_size': 29, 'dropout': 0.36925335920420727, 'hidden_continuous_size': 26, 'attention_head_size': 1, 'learning_rate': 0.06053276893353393}. Best is trial 5 with value: 0.0989944264292717.
LOCAL_RANK: 0 - CUDA_VISIBLE_DEVICES: [0]
[I 2023-11-30 00:54:49,587] Trial 113 finished with value: 0.16739799082279205 and parameters: {'gradient_clip_val': 0.15116374733917634, 'hidden_size': 35, 'dropout': 0.3600787958392214, 'hidden_continuous_size': 28, 'attention_head_size': 1, 'learning_rate': 0.07597567129985237}. Best is trial 5 with value: 0.0989944264292717.
LOCAL_RANK: 0 - CUDA_VISIBLE_DEVICES: [0]
[I 2023-11-30 00:55:02,559] Trial 114 finished with value: 0.11858076602220535 and parameters: {'gradient_clip_val': 0.11549688793970163, 'hidden_size': 38, 'dropout': 0.35304146449378176, 'hidden_continuous_size': 25, 'attention_head_size': 1, 'learning_rate': 0.09049054920783811}. Best is trial 5 with value: 0.0989944264292717.
LOCAL_RANK: 0 - CUDA_VISIBLE_DEVICES: [0]
[I 2023-11-30 00:55:15,382] Trial 115 finished with value: 0.10495709627866745 and parameters: {'gradient_clip_val': 0.11360613666540571, 'hidden_size': 38, 'dropout': 0.3408493307685838, 'hidden_continuous_size': 23, 'attention_head_size': 1, 'learning_rate': 0.0856315665157264}. Best is trial 5 with value: 0.0989944264292717.
LOCAL_RANK: 0 - CUDA_VISIBLE_DEVICES: [0]
[I 2023-11-30 00:55:28,315] Trial 116 finished with value: 0.14687004685401917 and parameters: {'gradient_clip_val': 0.11356373847580177, 'hidden_size': 37, 'dropout': 0.3394847997536942, 'hidden_continuous_size': 25, 'attention_head_size': 1, 'learning_rate': 0.09279267118903983}. Best is trial 5 with value: 0.0989944264292717.
LOCAL_RANK: 0 - CUDA_VISIBLE_DEVICES: [0]
[I 2023-11-30 00:55:41,188] Trial 117 finished with value: 0.17000102996826172 and parameters: {'gradient_clip_val': 0.10461610552052418, 'hidden_size': 39, 'dropout': 0.34534454476898235, 'hidden_continuous_size': 23, 'attention_head_size': 1, 'learning_rate': 0.08245696284005703}. Best is trial 5 with value: 0.0989944264292717.
LOCAL_RANK: 0 - CUDA_VISIBLE_DEVICES: [0]
[I 2023-11-30 00:55:54,380] Trial 118 finished with value: 0.14258767664432526 and parameters: {'gradient_clip_val': 0.1145881915151727, 'hidden_size': 45, 'dropout': 0.3538096896088253, 'hidden_continuous_size': 22, 'attention_head_size': 1, 'learning_rate': 0.09163903371040158}. Best is trial 5 with value: 0.0989944264292717.
LOCAL_RANK: 0 - CUDA_VISIBLE_DEVICES: [0]
[I 2023-11-30 00:56:07,527] Trial 119 finished with value: 0.17076052725315094 and parameters: {'gradient_clip_val': 0.10025951586222454, 'hidden_size': 42, 'dropout': 0.33064852839677034, 'hidden_continuous_size': 27, 'attention_head_size': 1, 'learning_rate': 0.08413555855909136}. Best is trial 5 with value: 0.0989944264292717.
LOCAL_RANK: 0 - CUDA_VISIBLE_DEVICES: [0]
[I 2023-11-30 00:56:20,842] Trial 120 finished with value: 0.14466750621795654 and parameters: {'gradient_clip_val': 0.13051552767357083, 'hidden_size': 54, 'dropout': 0.34541280874763125, 'hidden_continuous_size': 20, 'attention_head_size': 1, 'learning_rate': 0.06424801311590572}. Best is trial 5 with value: 0.0989944264292717.
LOCAL_RANK: 0 - CUDA_VISIBLE_DEVICES: [0]
[I 2023-11-30 00:56:33,547] Trial 121 finished with value: 0.17402130365371704 and parameters: {'gradient_clip_val': 0.12005140007372636, 'hidden_size': 32, 'dropout': 0.33732771843209797, 'hidden_continuous_size': 24, 'attention_head_size': 1, 'learning_rate': 0.07317150219166708}. Best is trial 5 with value: 0.0989944264292717.
LOCAL_RANK: 0 - CUDA_VISIBLE_DEVICES: [0]
[I 2023-11-30 00:56:46,399] Trial 122 finished with value: 0.1705513447523117 and parameters: {'gradient_clip_val': 0.10733212335610336, 'hidden_size': 34, 'dropout': 0.35146554823756954, 'hidden_continuous_size': 23, 'attention_head_size': 1, 'learning_rate': 0.07562796125715218}. Best is trial 5 with value: 0.0989944264292717.
LOCAL_RANK: 0 - CUDA_VISIBLE_DEVICES: [0]
[I 2023-11-30 00:56:59,353] Trial 123 finished with value: 0.15594054758548737 and parameters: {'gradient_clip_val': 0.12407582685096401, 'hidden_size': 38, 'dropout': 0.3573437736604909, 'hidden_continuous_size': 25, 'attention_head_size': 1, 'learning_rate': 0.09375246459478163}. Best is trial 5 with value: 0.0989944264292717.
LOCAL_RANK: 0 - CUDA_VISIBLE_DEVICES: [0]
[I 2023-11-30 00:57:12,186] Trial 124 finished with value: 0.14191454648971558 and parameters: {'gradient_clip_val': 0.14318921843012677, 'hidden_size': 29, 'dropout': 0.32596030562530837, 'hidden_continuous_size': 23, 'attention_head_size': 1, 'learning_rate': 0.08764848912384103}. Best is trial 5 with value: 0.0989944264292717.
LOCAL_RANK: 0 - CUDA_VISIBLE_DEVICES: [0]
[I 2023-11-30 00:57:25,346] Trial 125 finished with value: 0.13566245138645172 and parameters: {'gradient_clip_val': 0.11801350916419771, 'hidden_size': 40, 'dropout': 0.365642357622753, 'hidden_continuous_size': 24, 'attention_head_size': 1, 'learning_rate': 0.09964499614106778}. Best is trial 5 with value: 0.0989944264292717.
LOCAL_RANK: 0 - CUDA_VISIBLE_DEVICES: [0]
[I 2023-11-30 00:57:38,107] Trial 126 finished with value: 0.2144852727651596 and parameters: {'gradient_clip_val': 0.1302536642305, 'hidden_size': 31, 'dropout': 0.3410584785642821, 'hidden_continuous_size': 26, 'attention_head_size': 1, 'learning_rate': 0.06943173992231506}. Best is trial 5 with value: 0.0989944264292717.
LOCAL_RANK: 0 - CUDA_VISIBLE_DEVICES: [0]
[I 2023-11-30 00:57:50,415] Trial 127 finished with value: 0.16682852804660797 and parameters: {'gradient_clip_val': 0.11147867411596207, 'hidden_size': 24, 'dropout': 0.33391710741905045, 'hidden_continuous_size': 22, 'attention_head_size': 2, 'learning_rate': 0.07852279168365545}. Best is trial 5 with value: 0.0989944264292717.
LOCAL_RANK: 0 - CUDA_VISIBLE_DEVICES: [0]
[I 2023-11-30 00:58:03,373] Trial 128 finished with value: 0.1574750393629074 and parameters: {'gradient_clip_val': 0.12351434696048287, 'hidden_size': 26, 'dropout': 0.3721966239324236, 'hidden_continuous_size': 23, 'attention_head_size': 3, 'learning_rate': 0.06457546983330724}. Best is trial 5 with value: 0.0989944264292717.
LOCAL_RANK: 0 - CUDA_VISIBLE_DEVICES: [0]
