[I 2023-11-30 08:03:38,564] Trial 28 finished with value: 0.14186017215251923 and parameters: {'gradient_clip_val': 0.2151866246899929, 'hidden_size': 44, 'dropout': 0.1404425598885311, 'hidden_continuous_size': 18, 'attention_head_size': 2, 'learning_rate': 0.043775466981449254}. Best is trial 11 with value: 0.07835539430379868.
LOCAL_RANK: 0 - CUDA_VISIBLE_DEVICES: [0]
[I 2023-11-30 08:03:51,234] Trial 29 finished with value: 0.15872956812381744 and parameters: {'gradient_clip_val': 0.12550255361341306, 'hidden_size': 21, 'dropout': 0.31709881852814625, 'hidden_continuous_size': 14, 'attention_head_size': 2, 'learning_rate': 0.05246120930008551}. Best is trial 11 with value: 0.07835539430379868.
LOCAL_RANK: 0 - CUDA_VISIBLE_DEVICES: [0]
[I 2023-11-30 08:04:03,823] Trial 30 finished with value: 0.20209355652332306 and parameters: {'gradient_clip_val': 0.15801206475366392, 'hidden_size': 34, 'dropout': 0.23120931110374685, 'hidden_continuous_size': 16, 'attention_head_size': 1, 'learning_rate': 0.033048706888540405}. Best is trial 11 with value: 0.07835539430379868.
LOCAL_RANK: 0 - CUDA_VISIBLE_DEVICES: [0]
[I 2023-11-30 08:04:16,602] Trial 31 finished with value: 0.11470910906791687 and parameters: {'gradient_clip_val': 0.12729047065518057, 'hidden_size': 45, 'dropout': 0.2851891149682955, 'hidden_continuous_size': 19, 'attention_head_size': 1, 'learning_rate': 0.0904167598176146}. Best is trial 11 with value: 0.07835539430379868.
LOCAL_RANK: 0 - CUDA_VISIBLE_DEVICES: [0]
[I 2023-11-30 08:04:29,925] Trial 32 finished with value: 0.16149938106536865 and parameters: {'gradient_clip_val': 0.14777451011998222, 'hidden_size': 58, 'dropout': 0.3222425274538589, 'hidden_continuous_size': 21, 'attention_head_size': 1, 'learning_rate': 0.07408260159368445}. Best is trial 11 with value: 0.07835539430379868.
LOCAL_RANK: 0 - CUDA_VISIBLE_DEVICES: [0]
[I 2023-11-30 08:04:42,821] Trial 33 finished with value: 0.1410067230463028 and parameters: {'gradient_clip_val': 0.30677349673436205, 'hidden_size': 38, 'dropout': 0.23185923820936458, 'hidden_continuous_size': 18, 'attention_head_size': 1, 'learning_rate': 0.0710131992998389}. Best is trial 11 with value: 0.07835539430379868.
LOCAL_RANK: 0 - CUDA_VISIBLE_DEVICES: [0]
[I 2023-11-30 08:04:55,982] Trial 34 finished with value: 0.2131776064634323 and parameters: {'gradient_clip_val': 0.23885370702256872, 'hidden_size': 46, 'dropout': 0.15905234977540744, 'hidden_continuous_size': 13, 'attention_head_size': 2, 'learning_rate': 0.04886407800292583}. Best is trial 11 with value: 0.07835539430379868.
LOCAL_RANK: 0 - CUDA_VISIBLE_DEVICES: [0]
[I 2023-11-30 08:05:08,832] Trial 35 finished with value: 0.1608244776725769 and parameters: {'gradient_clip_val': 0.17743908828960162, 'hidden_size': 37, 'dropout': 0.18639638090004274, 'hidden_continuous_size': 17, 'attention_head_size': 1, 'learning_rate': 0.07626131185044592}. Best is trial 11 with value: 0.07835539430379868.
LOCAL_RANK: 0 - CUDA_VISIBLE_DEVICES: [0]
[I 2023-11-30 08:05:21,144] Trial 36 finished with value: 0.4211171567440033 and parameters: {'gradient_clip_val': 0.6570011013353558, 'hidden_size': 13, 'dropout': 0.22333976536329442, 'hidden_continuous_size': 10, 'attention_head_size': 1, 'learning_rate': 0.03768102918364421}. Best is trial 11 with value: 0.07835539430379868.
LOCAL_RANK: 0 - CUDA_VISIBLE_DEVICES: [0]
[I 2023-11-30 08:05:33,766] Trial 37 finished with value: 0.18595050275325775 and parameters: {'gradient_clip_val': 0.12116542299333435, 'hidden_size': 30, 'dropout': 0.25531935476729906, 'hidden_continuous_size': 16, 'attention_head_size': 2, 'learning_rate': 0.099878901986747}. Best is trial 11 with value: 0.07835539430379868.
LOCAL_RANK: 0 - CUDA_VISIBLE_DEVICES: [0]
[I 2023-11-30 08:05:47,284] Trial 38 finished with value: 0.09435561299324036 and parameters: {'gradient_clip_val': 0.27954009790929146, 'hidden_size': 57, 'dropout': 0.21691186063801424, 'hidden_continuous_size': 24, 'attention_head_size': 4, 'learning_rate': 0.045354860506160076}. Best is trial 11 with value: 0.07835539430379868.
LOCAL_RANK: 0 - CUDA_VISIBLE_DEVICES: [0]
[I 2023-11-30 08:06:00,815] Trial 39 finished with value: 0.20356957614421844 and parameters: {'gradient_clip_val': 0.18768870830763312, 'hidden_size': 43, 'dropout': 0.2111445845194982, 'hidden_continuous_size': 24, 'attention_head_size': 4, 'learning_rate': 0.04840505177282847}. Best is trial 11 with value: 0.07835539430379868.
LOCAL_RANK: 0 - CUDA_VISIBLE_DEVICES: [0]
[I 2023-11-30 08:06:14,192] Trial 40 finished with value: 0.14680802822113037 and parameters: {'gradient_clip_val': 0.2508643927606353, 'hidden_size': 64, 'dropout': 0.19554263445634412, 'hidden_continuous_size': 12, 'attention_head_size': 4, 'learning_rate': 0.02615007855061462}. Best is trial 11 with value: 0.07835539430379868.
LOCAL_RANK: 0 - CUDA_VISIBLE_DEVICES: [0]
[I 2023-11-30 08:06:27,647] Trial 41 finished with value: 0.13741911947727203 and parameters: {'gradient_clip_val': 0.3625457172093104, 'hidden_size': 53, 'dropout': 0.24697473873300166, 'hidden_continuous_size': 24, 'attention_head_size': 4, 'learning_rate': 0.05755706232384607}. Best is trial 11 with value: 0.07835539430379868.
LOCAL_RANK: 0 - CUDA_VISIBLE_DEVICES: [0]
[I 2023-11-30 08:06:40,984] Trial 42 finished with value: 0.12002108246088028 and parameters: {'gradient_clip_val': 0.27405474717376965, 'hidden_size': 57, 'dropout': 0.1237597714680814, 'hidden_continuous_size': 21, 'attention_head_size': 3, 'learning_rate': 0.07848380059382436}. Best is trial 11 with value: 0.07835539430379868.
LOCAL_RANK: 0 - CUDA_VISIBLE_DEVICES: [0]
[I 2023-11-30 08:06:54,035] Trial 43 finished with value: 0.09247786551713943 and parameters: {'gradient_clip_val': 0.3332706228049797, 'hidden_size': 41, 'dropout': 0.17073384549132795, 'hidden_continuous_size': 19, 'attention_head_size': 2, 'learning_rate': 0.047467494867617116}. Best is trial 11 with value: 0.07835539430379868.
LOCAL_RANK: 0 - CUDA_VISIBLE_DEVICES: [0]
[I 2023-11-30 08:07:07,272] Trial 44 finished with value: 0.1996978372335434 and parameters: {'gradient_clip_val': 0.2845859537056776, 'hidden_size': 38, 'dropout': 0.171586401290358, 'hidden_continuous_size': 19, 'attention_head_size': 2, 'learning_rate': 0.041505037199794564}. Best is trial 11 with value: 0.07835539430379868.
LOCAL_RANK: 0 - CUDA_VISIBLE_DEVICES: [0]
[I 2023-11-30 08:07:19,964] Trial 45 finished with value: 0.11806323379278183 and parameters: {'gradient_clip_val': 0.3391124029541, 'hidden_size': 30, 'dropout': 0.14096685298519582, 'hidden_continuous_size': 18, 'attention_head_size': 2, 'learning_rate': 0.03137904693002005}. Best is trial 11 with value: 0.07835539430379868.
LOCAL_RANK: 0 - CUDA_VISIBLE_DEVICES: [0]
[I 2023-11-30 08:07:33,030] Trial 46 finished with value: 0.13503007590770721 and parameters: {'gradient_clip_val': 0.2340304319147857, 'hidden_size': 47, 'dropout': 0.19411113670658514, 'hidden_continuous_size': 17, 'attention_head_size': 2, 'learning_rate': 0.04809159353515391}. Best is trial 11 with value: 0.07835539430379868.
LOCAL_RANK: 0 - CUDA_VISIBLE_DEVICES: [0]
[I 2023-11-30 08:07:45,926] Trial 47 finished with value: 0.3566751480102539 and parameters: {'gradient_clip_val': 0.20177430281136008, 'hidden_size': 41, 'dropout': 0.20629067018528086, 'hidden_continuous_size': 20, 'attention_head_size': 3, 'learning_rate': 0.009578986881031922}. Best is trial 11 with value: 0.07835539430379868.
LOCAL_RANK: 0 - CUDA_VISIBLE_DEVICES: [0]
[I 2023-11-30 08:07:59,547] Trial 48 finished with value: 0.08699631690979004 and parameters: {'gradient_clip_val': 0.2161635722865018, 'hidden_size': 75, 'dropout': 0.11285209430663734, 'hidden_continuous_size': 30, 'attention_head_size': 2, 'learning_rate': 0.05924414164833758}. Best is trial 11 with value: 0.07835539430379868.
LOCAL_RANK: 0 - CUDA_VISIBLE_DEVICES: [0]
[I 2023-11-30 08:08:13,287] Trial 49 finished with value: 0.24908678233623505 and parameters: {'gradient_clip_val': 0.3009917391250778, 'hidden_size': 71, 'dropout': 0.1136756111272922, 'hidden_continuous_size': 28, 'attention_head_size': 2, 'learning_rate': 0.061376695178306406}. Best is trial 11 with value: 0.07835539430379868.
LOCAL_RANK: 0 - CUDA_VISIBLE_DEVICES: [0]
[I 2023-11-30 08:08:27,043] Trial 50 finished with value: 0.1416190266609192 and parameters: {'gradient_clip_val': 0.11171597405443809, 'hidden_size': 88, 'dropout': 0.10276958224600684, 'hidden_continuous_size': 33, 'attention_head_size': 2, 'learning_rate': 0.05588074452262011}. Best is trial 11 with value: 0.07835539430379868.
LOCAL_RANK: 0 - CUDA_VISIBLE_DEVICES: [0]
[I 2023-11-30 08:08:40,122] Trial 51 finished with value: 0.1816699504852295 and parameters: {'gradient_clip_val': 0.21341891067365176, 'hidden_size': 49, 'dropout': 0.11802158814041716, 'hidden_continuous_size': 23, 'attention_head_size': 2, 'learning_rate': 0.07970340425101032}. Best is trial 11 with value: 0.07835539430379868.
LOCAL_RANK: 0 - CUDA_VISIBLE_DEVICES: [0]
[I 2023-11-30 08:08:53,479] Trial 52 finished with value: 0.24213524162769318 and parameters: {'gradient_clip_val': 0.22983462592034012, 'hidden_size': 53, 'dropout': 0.1503513204389092, 'hidden_continuous_size': 27, 'attention_head_size': 2, 'learning_rate': 0.036047175134154924}. Best is trial 11 with value: 0.07835539430379868.
LOCAL_RANK: 0 - CUDA_VISIBLE_DEVICES: [0]
[I 2023-11-30 08:09:07,040] Trial 53 finished with value: 0.10370246320962906 and parameters: {'gradient_clip_val': 0.27315344865959207, 'hidden_size': 59, 'dropout': 0.1247605892938328, 'hidden_continuous_size': 27, 'attention_head_size': 2, 'learning_rate': 0.08335584235513656}. Best is trial 11 with value: 0.07835539430379868.
LOCAL_RANK: 0 - CUDA_VISIBLE_DEVICES: [0]
[I 2023-11-30 08:09:20,798] Trial 54 finished with value: 0.12147101014852524 and parameters: {'gradient_clip_val': 0.25991808407912015, 'hidden_size': 62, 'dropout': 0.1328659666143507, 'hidden_continuous_size': 30, 'attention_head_size': 2, 'learning_rate': 0.08151377150606144}. Best is trial 11 with value: 0.07835539430379868.
LOCAL_RANK: 0 - CUDA_VISIBLE_DEVICES: [0]
[I 2023-11-30 08:09:34,464] Trial 55 finished with value: 0.1007978543639183 and parameters: {'gradient_clip_val': 0.2904251916926638, 'hidden_size': 68, 'dropout': 0.12398983720226889, 'hidden_continuous_size': 26, 'attention_head_size': 2, 'learning_rate': 0.08543822285588684}. Best is trial 11 with value: 0.07835539430379868.
LOCAL_RANK: 0 - CUDA_VISIBLE_DEVICES: [0]
[I 2023-11-30 08:09:48,164] Trial 56 finished with value: 0.10014013200998306 and parameters: {'gradient_clip_val': 0.3310657909530614, 'hidden_size': 74, 'dropout': 0.10686738772276974, 'hidden_continuous_size': 31, 'attention_head_size': 2, 'learning_rate': 0.06533582531961347}. Best is trial 11 with value: 0.07835539430379868.
LOCAL_RANK: 0 - CUDA_VISIBLE_DEVICES: [0]
[I 2023-11-30 08:10:01,771] Trial 57 finished with value: 0.12462196499109268 and parameters: {'gradient_clip_val': 0.32845407178273184, 'hidden_size': 74, 'dropout': 0.10600697720891926, 'hidden_continuous_size': 23, 'attention_head_size': 2, 'learning_rate': 0.057739266309526555}. Best is trial 11 with value: 0.07835539430379868.
LOCAL_RANK: 0 - CUDA_VISIBLE_DEVICES: [0]
[I 2023-11-30 08:10:15,609] Trial 58 finished with value: 0.12026327848434448 and parameters: {'gradient_clip_val': 0.39686447104323064, 'hidden_size': 81, 'dropout': 0.10131877864919983, 'hidden_continuous_size': 31, 'attention_head_size': 3, 'learning_rate': 0.06912455706854216}. Best is trial 11 with value: 0.07835539430379868.
LOCAL_RANK: 0 - CUDA_VISIBLE_DEVICES: [0]
[I 2023-11-30 08:10:29,901] Trial 59 finished with value: 0.266647607088089 and parameters: {'gradient_clip_val': 0.11086775811254265, 'hidden_size': 113, 'dropout': 0.11319435030260931, 'hidden_continuous_size': 33, 'attention_head_size': 2, 'learning_rate': 0.05041720803124225}. Best is trial 11 with value: 0.07835539430379868.
LOCAL_RANK: 0 - CUDA_VISIBLE_DEVICES: [0]
[I 2023-11-30 08:10:43,638] Trial 60 finished with value: 0.2076197862625122 and parameters: {'gradient_clip_val': 0.35593924104082514, 'hidden_size': 81, 'dropout': 0.14110359455272425, 'hidden_continuous_size': 25, 'attention_head_size': 2, 'learning_rate': 0.06733660028094585}. Best is trial 11 with value: 0.07835539430379868.
LOCAL_RANK: 0 - CUDA_VISIBLE_DEVICES: [0]
[I 2023-11-30 08:10:57,272] Trial 61 finished with value: 0.12272965908050537 and parameters: {'gradient_clip_val': 0.2905639488028964, 'hidden_size': 63, 'dropout': 0.1243804046129236, 'hidden_continuous_size': 26, 'attention_head_size': 2, 'learning_rate': 0.08608187060208404}. Best is trial 11 with value: 0.07835539430379868.
LOCAL_RANK: 0 - CUDA_VISIBLE_DEVICES: [0]
[I 2023-11-30 08:11:10,943] Trial 62 finished with value: 0.22843778133392334 and parameters: {'gradient_clip_val': 0.24962948366069201, 'hidden_size': 70, 'dropout': 0.15590693514813264, 'hidden_continuous_size': 28, 'attention_head_size': 2, 'learning_rate': 0.09780498634392}. Best is trial 11 with value: 0.07835539430379868.
LOCAL_RANK: 0 - CUDA_VISIBLE_DEVICES: [0]
[I 2023-11-30 08:11:24,860] Trial 63 finished with value: 0.6531463861465454 and parameters: {'gradient_clip_val': 0.31923499553030854, 'hidden_size': 77, 'dropout': 0.11528334844709567, 'hidden_continuous_size': 26, 'attention_head_size': 2, 'learning_rate': 0.06430507692513317}. Best is trial 11 with value: 0.07835539430379868.
LOCAL_RANK: 0 - CUDA_VISIBLE_DEVICES: [0]
[I 2023-11-30 08:11:37,927] Trial 64 finished with value: 0.09043261408805847 and parameters: {'gradient_clip_val': 0.2846663050734628, 'hidden_size': 52, 'dropout': 0.13548801440592367, 'hidden_continuous_size': 29, 'attention_head_size': 2, 'learning_rate': 0.05482039871800692}. Best is trial 11 with value: 0.07835539430379868.
LOCAL_RANK: 0 - CUDA_VISIBLE_DEVICES: [0]
[I 2023-11-30 08:11:51,305] Trial 65 finished with value: 0.13921420276165009 and parameters: {'gradient_clip_val': 0.3395257722670062, 'hidden_size': 51, 'dropout': 0.16740775137963815, 'hidden_continuous_size': 29, 'attention_head_size': 3, 'learning_rate': 0.04102494456457625}. Best is trial 11 with value: 0.07835539430379868.
LOCAL_RANK: 0 - CUDA_VISIBLE_DEVICES: [0]
[I 2023-11-30 08:12:04,703] Trial 66 finished with value: 0.14922954142093658 and parameters: {'gradient_clip_val': 0.12907291412271307, 'hidden_size': 56, 'dropout': 0.1367175284915023, 'hidden_continuous_size': 31, 'attention_head_size': 2, 'learning_rate': 0.05806235999597795}. Best is trial 11 with value: 0.07835539430379868.
LOCAL_RANK: 0 - CUDA_VISIBLE_DEVICES: [0]
[I 2023-11-30 08:12:17,689] Trial 67 finished with value: 0.10508403927087784 and parameters: {'gradient_clip_val': 0.3151029045335603, 'hidden_size': 41, 'dropout': 0.14798499546671884, 'hidden_continuous_size': 21, 'attention_head_size': 2, 'learning_rate': 0.051558287111110344}. Best is trial 11 with value: 0.07835539430379868.
LOCAL_RANK: 0 - CUDA_VISIBLE_DEVICES: [0]
[I 2023-11-30 08:12:31,095] Trial 68 finished with value: 0.2037874460220337 and parameters: {'gradient_clip_val': 0.17052063175403404, 'hidden_size': 49, 'dropout': 0.13213238459945414, 'hidden_continuous_size': 23, 'attention_head_size': 2, 'learning_rate': 0.04409271755987679}. Best is trial 11 with value: 0.07835539430379868.
LOCAL_RANK: 0 - CUDA_VISIBLE_DEVICES: [0]
[I 2023-11-30 08:12:44,684] Trial 69 finished with value: 0.08709919452667236 and parameters: {'gradient_clip_val': 0.19725350511431297, 'hidden_size': 68, 'dropout': 0.1097988014912443, 'hidden_continuous_size': 40, 'attention_head_size': 2, 'learning_rate': 0.06673260877208508}. Best is trial 11 with value: 0.07835539430379868.
LOCAL_RANK: 0 - CUDA_VISIBLE_DEVICES: [0]
[I 2023-11-30 08:12:58,439] Trial 70 finished with value: 0.1670125275850296 and parameters: {'gradient_clip_val': 0.19275715445366795, 'hidden_size': 53, 'dropout': 0.14696419958184462, 'hidden_continuous_size': 44, 'attention_head_size': 4, 'learning_rate': 0.029411667389414812}. Best is trial 11 with value: 0.07835539430379868.
LOCAL_RANK: 0 - CUDA_VISIBLE_DEVICES: [0]
[I 2023-11-30 08:13:12,152] Trial 71 finished with value: 0.17799997329711914 and parameters: {'gradient_clip_val': 0.20330370455545785, 'hidden_size': 66, 'dropout': 0.11256570187616707, 'hidden_continuous_size': 36, 'attention_head_size': 2, 'learning_rate': 0.06749370078815632}. Best is trial 11 with value: 0.07835539430379868.
LOCAL_RANK: 0 - CUDA_VISIBLE_DEVICES: [0]
[I 2023-11-30 08:13:25,756] Trial 72 finished with value: 0.26565980911254883 and parameters: {'gradient_clip_val': 0.2607229371853689, 'hidden_size': 60, 'dropout': 0.10725524308297985, 'hidden_continuous_size': 42, 'attention_head_size': 2, 'learning_rate': 0.07349778702999182}. Best is trial 11 with value: 0.07835539430379868.
LOCAL_RANK: 0 - CUDA_VISIBLE_DEVICES: [0]
[I 2023-11-30 08:13:39,174] Trial 73 finished with value: 0.10815752297639847 and parameters: {'gradient_clip_val': 0.1594552193034715, 'hidden_size': 47, 'dropout': 0.13074499754555596, 'hidden_continuous_size': 30, 'attention_head_size': 2, 'learning_rate': 0.05424284099637141}. Best is trial 11 with value: 0.07835539430379868.
LOCAL_RANK: 0 - CUDA_VISIBLE_DEVICES: [0]
[I 2023-11-30 08:13:49,877] Trial 74 finished with value: 0.20127995312213898 and parameters: {'gradient_clip_val': 0.10614464870764065, 'hidden_size': 67, 'dropout': 0.10091812926070083, 'hidden_continuous_size': 67, 'attention_head_size': 2, 'learning_rate': 0.06338961197317812}. Best is trial 11 with value: 0.07835539430379868.
LOCAL_RANK: 0 - CUDA_VISIBLE_DEVICES: [0]
[I 2023-11-30 08:14:03,082] Trial 75 finished with value: 0.2086925059556961 and parameters: {'gradient_clip_val': 0.11955327706404617, 'hidden_size': 42, 'dropout': 0.16004827934387358, 'hidden_continuous_size': 24, 'attention_head_size': 3, 'learning_rate': 0.03955808474702825}. Best is trial 11 with value: 0.07835539430379868.
LOCAL_RANK: 0 - CUDA_VISIBLE_DEVICES: [0]
[I 2023-11-30 08:14:16,689] Trial 76 finished with value: 0.18939538300037384 and parameters: {'gradient_clip_val': 0.13682044444521987, 'hidden_size': 55, 'dropout': 0.1199620831688227, 'hidden_continuous_size': 33, 'attention_head_size': 2, 'learning_rate': 0.08774780374353018}. Best is trial 11 with value: 0.07835539430379868.
LOCAL_RANK: 0 - CUDA_VISIBLE_DEVICES: [0]
[I 2023-11-30 08:14:30,135] Trial 77 finished with value: 0.14096321165561676 and parameters: {'gradient_clip_val': 0.2269264917957766, 'hidden_size': 62, 'dropout': 0.11151732084401775, 'hidden_continuous_size': 22, 'attention_head_size': 2, 'learning_rate': 0.04405130442673297}. Best is trial 11 with value: 0.07835539430379868.
LOCAL_RANK: 0 - CUDA_VISIBLE_DEVICES: [0]
[I 2023-11-30 08:14:43,680] Trial 78 finished with value: 0.13985151052474976 and parameters: {'gradient_clip_val': 0.10016914033542859, 'hidden_size': 59, 'dropout': 0.12553409072119204, 'hidden_continuous_size': 25, 'attention_head_size': 2, 'learning_rate': 0.07244897645971786}. Best is trial 11 with value: 0.07835539430379868.
LOCAL_RANK: 0 - CUDA_VISIBLE_DEVICES: [0]
[I 2023-11-30 08:14:56,861] Trial 79 finished with value: 0.08728430420160294 and parameters: {'gradient_clip_val': 0.24098968304371013, 'hidden_size': 37, 'dropout': 0.17510720360098203, 'hidden_continuous_size': 29, 'attention_head_size': 3, 'learning_rate': 0.052261715827851954}. Best is trial 11 with value: 0.07835539430379868.
LOCAL_RANK: 0 - CUDA_VISIBLE_DEVICES: [0]
[I 2023-11-30 08:15:09,803] Trial 80 finished with value: 0.10738921910524368 and parameters: {'gradient_clip_val': 0.20972748001906258, 'hidden_size': 37, 'dropout': 0.1671296861212536, 'hidden_continuous_size': 21, 'attention_head_size': 3, 'learning_rate': 0.04698063699530363}. Best is trial 11 with value: 0.07835539430379868.
LOCAL_RANK: 0 - CUDA_VISIBLE_DEVICES: [0]
[I 2023-11-30 08:15:22,990] Trial 81 finished with value: 0.09020640701055527 and parameters: {'gradient_clip_val': 0.24457634258248837, 'hidden_size': 48, 'dropout': 0.17664456668170495, 'hidden_continuous_size': 29, 'attention_head_size': 4, 'learning_rate': 0.05370831870246563}. Best is trial 11 with value: 0.07835539430379868.
LOCAL_RANK: 0 - CUDA_VISIBLE_DEVICES: [0]
[I 2023-11-30 08:15:36,203] Trial 82 finished with value: 0.19578635692596436 and parameters: {'gradient_clip_val': 0.23948291252731455, 'hidden_size': 45, 'dropout': 0.17004505207335024, 'hidden_continuous_size': 27, 'attention_head_size': 4, 'learning_rate': 0.03561815316090312}. Best is trial 11 with value: 0.07835539430379868.
LOCAL_RANK: 0 - CUDA_VISIBLE_DEVICES: [0]
[I 2023-11-30 08:15:49,305] Trial 83 finished with value: 0.1470809280872345 and parameters: {'gradient_clip_val': 0.2445251350018431, 'hidden_size': 39, 'dropout': 0.18030475960428555, 'hidden_continuous_size': 29, 'attention_head_size': 4, 'learning_rate': 0.05305146569486285}. Best is trial 11 with value: 0.07835539430379868.
LOCAL_RANK: 0 - CUDA_VISIBLE_DEVICES: [0]
[I 2023-11-30 08:16:02,616] Trial 84 finished with value: 0.1357405036687851 and parameters: {'gradient_clip_val': 0.2254625404690979, 'hidden_size': 35, 'dropout': 0.17632461522685552, 'hidden_continuous_size': 28, 'attention_head_size': 4, 'learning_rate': 0.05640518891489108}. Best is trial 11 with value: 0.07835539430379868.
LOCAL_RANK: 0 - CUDA_VISIBLE_DEVICES: [0]
[I 2023-11-30 08:16:15,850] Trial 85 finished with value: 0.11265156418085098 and parameters: {'gradient_clip_val': 0.27684257669083906, 'hidden_size': 48, 'dropout': 0.1899091492135189, 'hidden_continuous_size': 24, 'attention_head_size': 4, 'learning_rate': 0.07494028232329819}. Best is trial 11 with value: 0.07835539430379868.
LOCAL_RANK: 0 - CUDA_VISIBLE_DEVICES: [0]
