[I 2023-11-30 13:19:49,491] Trial 62 finished with value: 0.16032277047634125 and parameters: {'gradient_clip_val': 0.6448250831916454, 'hidden_size': 49, 'dropout': 0.2772212420110159, 'hidden_continuous_size': 37, 'attention_head_size': 2, 'learning_rate': 0.026596898121562892}. Best is trial 24 with value: 0.07128935307264328.
LOCAL_RANK: 0 - CUDA_VISIBLE_DEVICES: [0]
[I 2023-11-30 13:20:03,139] Trial 63 finished with value: 0.16610071063041687 and parameters: {'gradient_clip_val': 0.7420382160411798, 'hidden_size': 65, 'dropout': 0.3060860672454255, 'hidden_continuous_size': 30, 'attention_head_size': 2, 'learning_rate': 0.04880199497552372}. Best is trial 24 with value: 0.07128935307264328.
LOCAL_RANK: 0 - CUDA_VISIBLE_DEVICES: [0]
[I 2023-11-30 13:20:17,194] Trial 64 finished with value: 0.15199466049671173 and parameters: {'gradient_clip_val': 0.5786885292822241, 'hidden_size': 73, 'dropout': 0.3234095288522727, 'hidden_continuous_size': 27, 'attention_head_size': 3, 'learning_rate': 0.034704768136835894}. Best is trial 24 with value: 0.07128935307264328.
LOCAL_RANK: 0 - CUDA_VISIBLE_DEVICES: [0]
[I 2023-11-30 13:20:31,151] Trial 65 finished with value: 0.21006278693675995 and parameters: {'gradient_clip_val': 0.517457153890754, 'hidden_size': 81, 'dropout': 0.34821081332783294, 'hidden_continuous_size': 40, 'attention_head_size': 2, 'learning_rate': 0.07069644653989952}. Best is trial 24 with value: 0.07128935307264328.
LOCAL_RANK: 0 - CUDA_VISIBLE_DEVICES: [0]
[I 2023-11-30 13:20:44,929] Trial 66 finished with value: 0.2772119343280792 and parameters: {'gradient_clip_val': 0.46975536314940086, 'hidden_size': 55, 'dropout': 0.28544244687675235, 'hidden_continuous_size': 34, 'attention_head_size': 3, 'learning_rate': 0.04048731578696715}. Best is trial 24 with value: 0.07128935307264328.
LOCAL_RANK: 0 - CUDA_VISIBLE_DEVICES: [0]
[I 2023-11-30 13:20:59,121] Trial 67 finished with value: 0.1288667917251587 and parameters: {'gradient_clip_val': 0.6483258740536303, 'hidden_size': 93, 'dropout': 0.2953496371839481, 'hidden_continuous_size': 43, 'attention_head_size': 3, 'learning_rate': 0.062009797734595126}. Best is trial 24 with value: 0.07128935307264328.
LOCAL_RANK: 0 - CUDA_VISIBLE_DEVICES: [0]
[I 2023-11-30 13:21:13,200] Trial 68 finished with value: 0.10138974338769913 and parameters: {'gradient_clip_val': 0.42419991711042354, 'hidden_size': 102, 'dropout': 0.33433383206504463, 'hidden_continuous_size': 24, 'attention_head_size': 2, 'learning_rate': 0.05167500002808558}. Best is trial 24 with value: 0.07128935307264328.
LOCAL_RANK: 0 - CUDA_VISIBLE_DEVICES: [0]
[I 2023-11-30 13:21:27,498] Trial 69 finished with value: 0.1712018847465515 and parameters: {'gradient_clip_val': 0.4184438641490625, 'hidden_size': 103, 'dropout': 0.35275669181181796, 'hidden_continuous_size': 25, 'attention_head_size': 3, 'learning_rate': 0.05060496846908625}. Best is trial 24 with value: 0.07128935307264328.
LOCAL_RANK: 0 - CUDA_VISIBLE_DEVICES: [0]
[I 2023-11-30 13:21:41,655] Trial 70 finished with value: 0.167110875248909 and parameters: {'gradient_clip_val': 0.384410462266768, 'hidden_size': 124, 'dropout': 0.3371506195870473, 'hidden_continuous_size': 22, 'attention_head_size': 3, 'learning_rate': 0.07149823566892348}. Best is trial 24 with value: 0.07128935307264328.
LOCAL_RANK: 0 - CUDA_VISIBLE_DEVICES: [0]
[I 2023-11-30 13:21:55,605] Trial 71 finished with value: 0.18793845176696777 and parameters: {'gradient_clip_val': 0.5410312243333322, 'hidden_size': 89, 'dropout': 0.31237384803720214, 'hidden_continuous_size': 27, 'attention_head_size': 2, 'learning_rate': 0.0880293187868838}. Best is trial 24 with value: 0.07128935307264328.
LOCAL_RANK: 0 - CUDA_VISIBLE_DEVICES: [0]
[I 2023-11-30 13:22:09,269] Trial 72 finished with value: 0.1019882932305336 and parameters: {'gradient_clip_val': 0.5878935001072575, 'hidden_size': 77, 'dropout': 0.33274354613742696, 'hidden_continuous_size': 29, 'attention_head_size': 2, 'learning_rate': 0.042081865580535095}. Best is trial 24 with value: 0.07128935307264328.
LOCAL_RANK: 0 - CUDA_VISIBLE_DEVICES: [0]
[I 2023-11-30 13:22:23,184] Trial 73 finished with value: 0.15088488161563873 and parameters: {'gradient_clip_val': 0.4961566742709162, 'hidden_size': 82, 'dropout': 0.3224980429600879, 'hidden_continuous_size': 38, 'attention_head_size': 1, 'learning_rate': 0.057158469885899184}. Best is trial 24 with value: 0.07128935307264328.
LOCAL_RANK: 0 - CUDA_VISIBLE_DEVICES: [0]
[I 2023-11-30 13:22:37,126] Trial 74 finished with value: 0.16170190274715424 and parameters: {'gradient_clip_val': 0.7337454614874422, 'hidden_size': 69, 'dropout': 0.3304323336571258, 'hidden_continuous_size': 33, 'attention_head_size': 2, 'learning_rate': 0.027851424026893726}. Best is trial 24 with value: 0.07128935307264328.
LOCAL_RANK: 0 - CUDA_VISIBLE_DEVICES: [0]
[I 2023-11-30 13:22:50,871] Trial 75 finished with value: 0.16872350871562958 and parameters: {'gradient_clip_val': 0.5564368024645558, 'hidden_size': 61, 'dropout': 0.3080350552815866, 'hidden_continuous_size': 36, 'attention_head_size': 2, 'learning_rate': 0.047738795979185726}. Best is trial 24 with value: 0.07128935307264328.
LOCAL_RANK: 0 - CUDA_VISIBLE_DEVICES: [0]
[I 2023-11-30 13:23:04,669] Trial 76 finished with value: 0.23718412220478058 and parameters: {'gradient_clip_val': 0.6124606040015643, 'hidden_size': 89, 'dropout': 0.3403336378573592, 'hidden_continuous_size': 30, 'attention_head_size': 2, 'learning_rate': 0.031005406553802538}. Best is trial 24 with value: 0.07128935307264328.
LOCAL_RANK: 0 - CUDA_VISIBLE_DEVICES: [0]
[I 2023-11-30 13:23:18,689] Trial 77 finished with value: 0.18237358331680298 and parameters: {'gradient_clip_val': 0.4465532789605504, 'hidden_size': 102, 'dropout': 0.31839539473101375, 'hidden_continuous_size': 24, 'attention_head_size': 3, 'learning_rate': 0.06566815168547968}. Best is trial 24 with value: 0.07128935307264328.
LOCAL_RANK: 0 - CUDA_VISIBLE_DEVICES: [0]
[I 2023-11-30 13:23:32,484] Trial 78 finished with value: 0.10976936668157578 and parameters: {'gradient_clip_val': 0.6889397728491617, 'hidden_size': 73, 'dropout': 0.297566842608802, 'hidden_continuous_size': 39, 'attention_head_size': 2, 'learning_rate': 0.08345038758341172}. Best is trial 24 with value: 0.07128935307264328.
LOCAL_RANK: 0 - CUDA_VISIBLE_DEVICES: [0]
[I 2023-11-30 13:23:46,498] Trial 79 finished with value: 0.14601393043994904 and parameters: {'gradient_clip_val': 0.4958456413911537, 'hidden_size': 63, 'dropout': 0.3691136460885228, 'hidden_continuous_size': 32, 'attention_head_size': 3, 'learning_rate': 0.024421111907802006}. Best is trial 24 with value: 0.07128935307264328.
LOCAL_RANK: 0 - CUDA_VISIBLE_DEVICES: [0]
[I 2023-11-30 13:24:00,247] Trial 80 finished with value: 0.13387614488601685 and parameters: {'gradient_clip_val': 0.5318125059661247, 'hidden_size': 57, 'dropout': 0.31196049252761404, 'hidden_continuous_size': 36, 'attention_head_size': 3, 'learning_rate': 0.03677179587827207}. Best is trial 24 with value: 0.07128935307264328.
LOCAL_RANK: 0 - CUDA_VISIBLE_DEVICES: [0]
[I 2023-11-30 13:24:13,919] Trial 81 finished with value: 0.09086001664400101 and parameters: {'gradient_clip_val': 0.5849179611681219, 'hidden_size': 77, 'dropout': 0.32899785829690326, 'hidden_continuous_size': 28, 'attention_head_size': 2, 'learning_rate': 0.04174891832052778}. Best is trial 24 with value: 0.07128935307264328.
LOCAL_RANK: 0 - CUDA_VISIBLE_DEVICES: [0]
[I 2023-11-30 13:24:27,477] Trial 82 finished with value: 0.15571695566177368 and parameters: {'gradient_clip_val': 0.6261982634648602, 'hidden_size': 68, 'dropout': 0.3312336227413997, 'hidden_continuous_size': 34, 'attention_head_size': 2, 'learning_rate': 0.04017921097108853}. Best is trial 24 with value: 0.07128935307264328.
LOCAL_RANK: 0 - CUDA_VISIBLE_DEVICES: [0]
[I 2023-11-30 13:24:41,163] Trial 83 finished with value: 0.14613793790340424 and parameters: {'gradient_clip_val': 0.5684296375052469, 'hidden_size': 84, 'dropout': 0.32321338127369126, 'hidden_continuous_size': 27, 'attention_head_size': 2, 'learning_rate': 0.05180165824378901}. Best is trial 24 with value: 0.07128935307264328.
LOCAL_RANK: 0 - CUDA_VISIBLE_DEVICES: [0]
[I 2023-11-30 13:24:54,950] Trial 84 finished with value: 0.13735967874526978 and parameters: {'gradient_clip_val': 0.6630380884355491, 'hidden_size': 77, 'dropout': 0.3047640185612138, 'hidden_continuous_size': 28, 'attention_head_size': 2, 'learning_rate': 0.04275211581480744}. Best is trial 24 with value: 0.07128935307264328.
LOCAL_RANK: 0 - CUDA_VISIBLE_DEVICES: [0]
[I 2023-11-30 13:25:08,997] Trial 85 finished with value: 0.1901029795408249 and parameters: {'gradient_clip_val': 0.5944881359970366, 'hidden_size': 94, 'dropout': 0.29078321176947425, 'hidden_continuous_size': 31, 'attention_head_size': 2, 'learning_rate': 0.03172671108390766}. Best is trial 24 with value: 0.07128935307264328.
LOCAL_RANK: 0 - CUDA_VISIBLE_DEVICES: [0]
[I 2023-11-30 13:25:22,833] Trial 86 finished with value: 0.15240158140659332 and parameters: {'gradient_clip_val': 0.7827267287568308, 'hidden_size': 65, 'dropout': 0.31700836030741153, 'hidden_continuous_size': 41, 'attention_head_size': 3, 'learning_rate': 0.05749016659145626}. Best is trial 24 with value: 0.07128935307264328.
LOCAL_RANK: 0 - CUDA_VISIBLE_DEVICES: [0]
[I 2023-11-30 13:25:36,799] Trial 87 finished with value: 0.19941353797912598 and parameters: {'gradient_clip_val': 0.47299319736163187, 'hidden_size': 74, 'dropout': 0.28351987226155856, 'hidden_continuous_size': 37, 'attention_head_size': 3, 'learning_rate': 0.0729018757592337}. Best is trial 24 with value: 0.07128935307264328.
LOCAL_RANK: 0 - CUDA_VISIBLE_DEVICES: [0]
[I 2023-11-30 13:25:50,749] Trial 88 finished with value: 0.09622061997652054 and parameters: {'gradient_clip_val': 0.5146831638637952, 'hidden_size': 79, 'dropout': 0.34090058784207156, 'hidden_continuous_size': 44, 'attention_head_size': 1, 'learning_rate': 0.04713312252077953}. Best is trial 24 with value: 0.07128935307264328.
LOCAL_RANK: 0 - CUDA_VISIBLE_DEVICES: [0]
[I 2023-11-30 13:26:04,984] Trial 89 finished with value: 0.12137649208307266 and parameters: {'gradient_clip_val': 0.5121820488963849, 'hidden_size': 85, 'dropout': 0.3389398737484044, 'hidden_continuous_size': 43, 'attention_head_size': 1, 'learning_rate': 0.045304038418363675}. Best is trial 24 with value: 0.07128935307264328.
LOCAL_RANK: 0 - CUDA_VISIBLE_DEVICES: [0]
[I 2023-11-30 13:26:19,048] Trial 90 finished with value: 0.11009430885314941 and parameters: {'gradient_clip_val': 0.42753853674170217, 'hidden_size': 82, 'dropout': 0.34713472404546925, 'hidden_continuous_size': 46, 'attention_head_size': 1, 'learning_rate': 0.060821433491842825}. Best is trial 24 with value: 0.07128935307264328.
LOCAL_RANK: 0 - CUDA_VISIBLE_DEVICES: [0]
[I 2023-11-30 13:26:32,730] Trial 91 finished with value: 0.12213831394910812 and parameters: {'gradient_clip_val': 0.5458411435382908, 'hidden_size': 69, 'dropout': 0.3266381813133018, 'hidden_continuous_size': 41, 'attention_head_size': 1, 'learning_rate': 0.03738583105903052}. Best is trial 24 with value: 0.07128935307264328.
LOCAL_RANK: 0 - CUDA_VISIBLE_DEVICES: [0]
[I 2023-11-30 13:26:46,536] Trial 92 finished with value: 0.09565788507461548 and parameters: {'gradient_clip_val': 0.6260203096949928, 'hidden_size': 76, 'dropout': 0.30839348884859585, 'hidden_continuous_size': 34, 'attention_head_size': 3, 'learning_rate': 0.049913422471650926}. Best is trial 24 with value: 0.07128935307264328.
LOCAL_RANK: 0 - CUDA_VISIBLE_DEVICES: [0]
[I 2023-11-30 13:27:00,199] Trial 93 finished with value: 0.19169503450393677 and parameters: {'gradient_clip_val': 0.49366160894625516, 'hidden_size': 60, 'dropout': 0.3193265694129046, 'hidden_continuous_size': 34, 'attention_head_size': 3, 'learning_rate': 0.052299020791503156}. Best is trial 24 with value: 0.07128935307264328.
LOCAL_RANK: 0 - CUDA_VISIBLE_DEVICES: [0]
[I 2023-11-30 13:27:14,064] Trial 94 finished with value: 0.15964847803115845 and parameters: {'gradient_clip_val': 0.5745711726199304, 'hidden_size': 74, 'dropout': 0.2974336562818638, 'hidden_continuous_size': 30, 'attention_head_size': 3, 'learning_rate': 0.06723883988330882}. Best is trial 24 with value: 0.07128935307264328.
LOCAL_RANK: 0 - CUDA_VISIBLE_DEVICES: [0]
[I 2023-11-30 13:27:28,256] Trial 95 finished with value: 0.1637668013572693 and parameters: {'gradient_clip_val': 0.5163931069805474, 'hidden_size': 99, 'dropout': 0.33052755974884457, 'hidden_continuous_size': 32, 'attention_head_size': 3, 'learning_rate': 0.04985338920311817}. Best is trial 24 with value: 0.07128935307264328.
LOCAL_RANK: 0 - CUDA_VISIBLE_DEVICES: [0]
[I 2023-11-30 13:27:42,046] Trial 96 finished with value: 0.12602204084396362 and parameters: {'gradient_clip_val': 0.6954287943508489, 'hidden_size': 78, 'dropout': 0.3413088596795798, 'hidden_continuous_size': 26, 'attention_head_size': 3, 'learning_rate': 0.03322988683620106}. Best is trial 24 with value: 0.07128935307264328.
LOCAL_RANK: 0 - CUDA_VISIBLE_DEVICES: [0]
[I 2023-11-30 13:27:56,062] Trial 97 finished with value: 0.15783829987049103 and parameters: {'gradient_clip_val': 0.4626025338073785, 'hidden_size': 91, 'dropout': 0.31091887004913793, 'hidden_continuous_size': 28, 'attention_head_size': 3, 'learning_rate': 0.028633595779432204}. Best is trial 24 with value: 0.07128935307264328.
LOCAL_RANK: 0 - CUDA_VISIBLE_DEVICES: [0]
[I 2023-11-30 13:28:10,231] Trial 98 finished with value: 0.15168732404708862 and parameters: {'gradient_clip_val': 0.6148343900388672, 'hidden_size': 97, 'dropout': 0.3015322902405458, 'hidden_continuous_size': 35, 'attention_head_size': 1, 'learning_rate': 0.04583553426767996}. Best is trial 24 with value: 0.07128935307264328.
LOCAL_RANK: 0 - CUDA_VISIBLE_DEVICES: [0]
[I 2023-11-30 13:28:24,169] Trial 99 finished with value: 0.14145217835903168 and parameters: {'gradient_clip_val': 0.6614266837595434, 'hidden_size': 71, 'dropout': 0.2892173530585795, 'hidden_continuous_size': 33, 'attention_head_size': 3, 'learning_rate': 0.08821088867946696}. Best is trial 24 with value: 0.07128935307264328.
LOCAL_RANK: 0 - CUDA_VISIBLE_DEVICES: [0]
[I 2023-11-30 13:28:38,345] Trial 100 finished with value: 0.20661158859729767 and parameters: {'gradient_clip_val': 0.5414881548733038, 'hidden_size': 86, 'dropout': 0.35611945145803764, 'hidden_continuous_size': 40, 'attention_head_size': 4, 'learning_rate': 0.07892028659323679}. Best is trial 24 with value: 0.07128935307264328.
LOCAL_RANK: 0 - CUDA_VISIBLE_DEVICES: [0]
[I 2023-11-30 13:28:52,198] Trial 101 finished with value: 0.14337773621082306 and parameters: {'gradient_clip_val': 0.6309253033905384, 'hidden_size': 65, 'dropout': 0.306930105150497, 'hidden_continuous_size': 38, 'attention_head_size': 3, 'learning_rate': 0.0409783777600469}. Best is trial 24 with value: 0.07128935307264328.
LOCAL_RANK: 0 - CUDA_VISIBLE_DEVICES: [0]
[I 2023-11-30 13:29:06,064] Trial 102 finished with value: 0.12584348022937775 and parameters: {'gradient_clip_val': 0.5900718981601836, 'hidden_size': 78, 'dropout': 0.32682409304543214, 'hidden_continuous_size': 45, 'attention_head_size': 2, 'learning_rate': 0.03725110483048094}. Best is trial 24 with value: 0.07128935307264328.
LOCAL_RANK: 0 - CUDA_VISIBLE_DEVICES: [0]
[I 2023-11-30 13:29:19,971] Trial 103 finished with value: 0.13212114572525024 and parameters: {'gradient_clip_val': 0.5641895628331451, 'hidden_size': 57, 'dropout': 0.31798294035076075, 'hidden_continuous_size': 31, 'attention_head_size': 3, 'learning_rate': 0.059582369134555384}. Best is trial 24 with value: 0.07128935307264328.
LOCAL_RANK: 0 - CUDA_VISIBLE_DEVICES: [0]
[I 2023-11-30 13:29:33,737] Trial 104 finished with value: 0.12559612095355988 and parameters: {'gradient_clip_val': 0.7251632897719366, 'hidden_size': 68, 'dropout': 0.3020188118717594, 'hidden_continuous_size': 36, 'attention_head_size': 3, 'learning_rate': 0.04473665902002247}. Best is trial 24 with value: 0.07128935307264328.
LOCAL_RANK: 0 - CUDA_VISIBLE_DEVICES: [0]
[I 2023-11-30 13:29:47,305] Trial 105 finished with value: 0.11886834353208542 and parameters: {'gradient_clip_val': 0.6363801135315627, 'hidden_size': 61, 'dropout': 0.31240950366923376, 'hidden_continuous_size': 29, 'attention_head_size': 1, 'learning_rate': 0.05592467717262693}. Best is trial 24 with value: 0.07128935307264328.
LOCAL_RANK: 0 - CUDA_VISIBLE_DEVICES: [0]
[I 2023-11-30 13:30:01,513] Trial 106 finished with value: 0.14116735756397247 and parameters: {'gradient_clip_val': 0.5319640984253645, 'hidden_size': 83, 'dropout': 0.3374211536285971, 'hidden_continuous_size': 44, 'attention_head_size': 3, 'learning_rate': 0.032834562884515056}. Best is trial 24 with value: 0.07128935307264328.
LOCAL_RANK: 0 - CUDA_VISIBLE_DEVICES: [0]
[I 2023-11-30 13:30:15,283] Trial 107 finished with value: 0.14260001480579376 and parameters: {'gradient_clip_val': 0.6788837080310076, 'hidden_size': 72, 'dropout': 0.3055380805889282, 'hidden_continuous_size': 38, 'attention_head_size': 2, 'learning_rate': 0.04991775860197862}. Best is trial 24 with value: 0.07128935307264328.
LOCAL_RANK: 0 - CUDA_VISIBLE_DEVICES: [0]
[I 2023-11-30 13:30:29,166] Trial 108 finished with value: 0.16863785684108734 and parameters: {'gradient_clip_val': 0.4826008961073567, 'hidden_size': 63, 'dropout': 0.2942265555913444, 'hidden_continuous_size': 35, 'attention_head_size': 2, 'learning_rate': 0.06943581349851558}. Best is trial 24 with value: 0.07128935307264328.
LOCAL_RANK: 0 - CUDA_VISIBLE_DEVICES: [0]
[I 2023-11-30 13:30:43,083] Trial 109 finished with value: 0.14615607261657715 and parameters: {'gradient_clip_val': 0.6107379700155492, 'hidden_size': 76, 'dropout': 0.3208801138376209, 'hidden_continuous_size': 33, 'attention_head_size': 3, 'learning_rate': 0.06312068164271402}. Best is trial 24 with value: 0.07128935307264328.
LOCAL_RANK: 0 - CUDA_VISIBLE_DEVICES: [0]
[I 2023-11-30 13:30:57,280] Trial 110 finished with value: 0.11844614893198013 and parameters: {'gradient_clip_val': 0.582477138605717, 'hidden_size': 89, 'dropout': 0.3270669525787617, 'hidden_continuous_size': 48, 'attention_head_size': 3, 'learning_rate': 0.037337236129639635}. Best is trial 24 with value: 0.07128935307264328.
LOCAL_RANK: 0 - CUDA_VISIBLE_DEVICES: [0]
[I 2023-11-30 13:31:11,004] Trial 111 finished with value: 0.13038620352745056 and parameters: {'gradient_clip_val': 0.5949340310082758, 'hidden_size': 66, 'dropout': 0.3343158807195513, 'hidden_continuous_size': 29, 'attention_head_size': 2, 'learning_rate': 0.041295720035328796}. Best is trial 24 with value: 0.07128935307264328.
LOCAL_RANK: 0 - CUDA_VISIBLE_DEVICES: [0]
[I 2023-11-30 13:31:24,771] Trial 112 finished with value: 0.17610114812850952 and parameters: {'gradient_clip_val': 0.5150665856381957, 'hidden_size': 81, 'dropout': 0.3445511616282272, 'hidden_continuous_size': 30, 'attention_head_size': 2, 'learning_rate': 0.04288946697282264}. Best is trial 24 with value: 0.07128935307264328.
LOCAL_RANK: 0 - CUDA_VISIBLE_DEVICES: [0]
[I 2023-11-30 13:31:38,641] Trial 113 finished with value: 0.11169587820768356 and parameters: {'gradient_clip_val': 0.6430627277703571, 'hidden_size': 75, 'dropout': 0.331188965831434, 'hidden_continuous_size': 25, 'attention_head_size': 2, 'learning_rate': 0.05472826656153392}. Best is trial 24 with value: 0.07128935307264328.
LOCAL_RANK: 0 - CUDA_VISIBLE_DEVICES: [0]
[I 2023-11-30 13:31:52,424] Trial 114 finished with value: 0.13847140967845917 and parameters: {'gradient_clip_val': 0.5459490512084019, 'hidden_size': 79, 'dropout': 0.31480769075353476, 'hidden_continuous_size': 28, 'attention_head_size': 2, 'learning_rate': 0.02924568789797817}. Best is trial 24 with value: 0.07128935307264328.
LOCAL_RANK: 0 - CUDA_VISIBLE_DEVICES: [0]
[I 2023-11-30 13:32:06,113] Trial 115 finished with value: 0.20485925674438477 and parameters: {'gradient_clip_val': 0.5781363073562443, 'hidden_size': 71, 'dropout': 0.3506514866642998, 'hidden_continuous_size': 32, 'attention_head_size': 2, 'learning_rate': 0.03385363796693205}. Best is trial 24 with value: 0.07128935307264328.
LOCAL_RANK: 0 - CUDA_VISIBLE_DEVICES: [0]
[I 2023-11-30 13:32:19,495] Trial 116 finished with value: 0.13142013549804688 and parameters: {'gradient_clip_val': 0.672843053632647, 'hidden_size': 53, 'dropout': 0.28003373705889445, 'hidden_continuous_size': 31, 'attention_head_size': 2, 'learning_rate': 0.04613873376056011}. Best is trial 24 with value: 0.07128935307264328.
LOCAL_RANK: 0 - CUDA_VISIBLE_DEVICES: [0]
[I 2023-11-30 13:32:33,785] Trial 117 finished with value: 0.2193453311920166 and parameters: {'gradient_clip_val': 0.6116287938101147, 'hidden_size': 93, 'dropout': 0.30969629443019203, 'hidden_continuous_size': 41, 'attention_head_size': 3, 'learning_rate': 0.03841129267432623}. Best is trial 24 with value: 0.07128935307264328.
LOCAL_RANK: 0 - CUDA_VISIBLE_DEVICES: [0]
[I 2023-11-30 13:32:47,709] Trial 118 finished with value: 0.15033459663391113 and parameters: {'gradient_clip_val': 0.7176715631438119, 'hidden_size': 58, 'dropout': 0.2867124630002645, 'hidden_continuous_size': 34, 'attention_head_size': 2, 'learning_rate': 0.025376363852278348}. Best is trial 24 with value: 0.07128935307264328.
LOCAL_RANK: 0 - CUDA_VISIBLE_DEVICES: [0]
[I 2023-11-30 13:33:01,530] Trial 119 finished with value: 0.16861140727996826 and parameters: {'gradient_clip_val': 0.4498456526331743, 'hidden_size': 85, 'dropout': 0.33575201615981615, 'hidden_continuous_size': 26, 'attention_head_size': 2, 'learning_rate': 0.05076553808700159}. Best is trial 24 with value: 0.07128935307264328.
LOCAL_RANK: 0 - CUDA_VISIBLE_DEVICES: [0]
