[I 2023-11-30 11:04:35,485] Trial 85 finished with value: 0.12027624994516373 and parameters: {'gradient_clip_val': 0.8163270200617315, 'hidden_size': 37, 'dropout': 0.35294060056630944, 'hidden_continuous_size': 18, 'attention_head_size': 3, 'learning_rate': 0.06089522980013482}. Best is trial 54 with value: 0.08115700632333755.
LOCAL_RANK: 0 - CUDA_VISIBLE_DEVICES: [0]
[I 2023-11-30 11:04:48,800] Trial 86 finished with value: 0.13363304734230042 and parameters: {'gradient_clip_val': 0.9598867725839056, 'hidden_size': 42, 'dropout': 0.37644754620010734, 'hidden_continuous_size': 19, 'attention_head_size': 4, 'learning_rate': 0.07428439864281686}. Best is trial 54 with value: 0.08115700632333755.
LOCAL_RANK: 0 - CUDA_VISIBLE_DEVICES: [0]
[I 2023-11-30 11:05:02,517] Trial 87 finished with value: 0.16521109640598297 and parameters: {'gradient_clip_val': 0.8812822220299854, 'hidden_size': 78, 'dropout': 0.367271433543488, 'hidden_continuous_size': 29, 'attention_head_size': 3, 'learning_rate': 0.08498599232676991}. Best is trial 54 with value: 0.08115700632333755.
LOCAL_RANK: 0 - CUDA_VISIBLE_DEVICES: [0]
[I 2023-11-30 11:05:15,645] Trial 88 finished with value: 0.19631409645080566 and parameters: {'gradient_clip_val': 0.7623111074912077, 'hidden_size': 48, 'dropout': 0.3825990763367565, 'hidden_continuous_size': 20, 'attention_head_size': 3, 'learning_rate': 0.03602866994913029}. Best is trial 54 with value: 0.08115700632333755.
LOCAL_RANK: 0 - CUDA_VISIBLE_DEVICES: [0]
[I 2023-11-30 11:05:28,873] Trial 89 finished with value: 0.09042336791753769 and parameters: {'gradient_clip_val': 0.667260763788943, 'hidden_size': 53, 'dropout': 0.31903177317423603, 'hidden_continuous_size': 25, 'attention_head_size': 1, 'learning_rate': 0.0520084565881847}. Best is trial 54 with value: 0.08115700632333755.
LOCAL_RANK: 0 - CUDA_VISIBLE_DEVICES: [0]
[I 2023-11-30 11:05:42,094] Trial 90 finished with value: 0.20108719170093536 and parameters: {'gradient_clip_val': 0.6251411650781594, 'hidden_size': 57, 'dropout': 0.34567884972780044, 'hidden_continuous_size': 16, 'attention_head_size': 1, 'learning_rate': 0.05101569379416381}. Best is trial 54 with value: 0.08115700632333755.
LOCAL_RANK: 0 - CUDA_VISIBLE_DEVICES: [0]
[I 2023-11-30 11:05:55,274] Trial 91 finished with value: 0.10633161664009094 and parameters: {'gradient_clip_val': 0.7362412689424698, 'hidden_size': 52, 'dropout': 0.32301581237747734, 'hidden_continuous_size': 24, 'attention_head_size': 1, 'learning_rate': 0.06050377111564381}. Best is trial 54 with value: 0.08115700632333755.
LOCAL_RANK: 0 - CUDA_VISIBLE_DEVICES: [0]
[I 2023-11-30 11:06:08,441] Trial 92 finished with value: 0.10503216832876205 and parameters: {'gradient_clip_val': 0.6752571791852173, 'hidden_size': 53, 'dropout': 0.320193367845612, 'hidden_continuous_size': 24, 'attention_head_size': 1, 'learning_rate': 0.06148347772398209}. Best is trial 54 with value: 0.08115700632333755.
LOCAL_RANK: 0 - CUDA_VISIBLE_DEVICES: [0]
[I 2023-11-30 11:06:22,000] Trial 93 finished with value: 0.15559710562229156 and parameters: {'gradient_clip_val': 0.6829866087115071, 'hidden_size': 63, 'dropout': 0.31777365858474904, 'hidden_continuous_size': 25, 'attention_head_size': 1, 'learning_rate': 0.05717410372887376}. Best is trial 54 with value: 0.08115700632333755.
LOCAL_RANK: 0 - CUDA_VISIBLE_DEVICES: [0]
[I 2023-11-30 11:06:35,038] Trial 94 finished with value: 0.19776320457458496 and parameters: {'gradient_clip_val': 0.5920552888403124, 'hidden_size': 53, 'dropout': 0.30120265346656816, 'hidden_continuous_size': 24, 'attention_head_size': 1, 'learning_rate': 0.0420085339848707}. Best is trial 54 with value: 0.08115700632333755.
LOCAL_RANK: 0 - CUDA_VISIBLE_DEVICES: [0]
[I 2023-11-30 11:06:48,297] Trial 95 finished with value: 0.17557279765605927 and parameters: {'gradient_clip_val': 0.7183992183262338, 'hidden_size': 57, 'dropout': 0.33864793801854404, 'hidden_continuous_size': 22, 'attention_head_size': 1, 'learning_rate': 0.06477959253971934}. Best is trial 54 with value: 0.08115700632333755.
LOCAL_RANK: 0 - CUDA_VISIBLE_DEVICES: [0]
[I 2023-11-30 11:07:01,333] Trial 96 finished with value: 0.13869799673557281 and parameters: {'gradient_clip_val': 0.6610456846306773, 'hidden_size': 48, 'dropout': 0.3190789700073879, 'hidden_continuous_size': 23, 'attention_head_size': 1, 'learning_rate': 0.05111881185776971}. Best is trial 54 with value: 0.08115700632333755.
LOCAL_RANK: 0 - CUDA_VISIBLE_DEVICES: [0]
[I 2023-11-30 11:07:14,292] Trial 97 finished with value: 0.1292441040277481 and parameters: {'gradient_clip_val': 0.7400494182940707, 'hidden_size': 44, 'dropout': 0.33324276595574603, 'hidden_continuous_size': 22, 'attention_head_size': 1, 'learning_rate': 0.07038472064517838}. Best is trial 54 with value: 0.08115700632333755.
LOCAL_RANK: 0 - CUDA_VISIBLE_DEVICES: [0]
[I 2023-11-30 11:07:27,721] Trial 98 finished with value: 0.10634356737136841 and parameters: {'gradient_clip_val': 0.6373517131654367, 'hidden_size': 59, 'dropout': 0.3493898652229763, 'hidden_continuous_size': 24, 'attention_head_size': 1, 'learning_rate': 0.04505912794052837}. Best is trial 54 with value: 0.08115700632333755.
LOCAL_RANK: 0 - CUDA_VISIBLE_DEVICES: [0]
[I 2023-11-30 11:07:41,013] Trial 99 finished with value: 0.26976272463798523 and parameters: {'gradient_clip_val': 0.6851384148236561, 'hidden_size': 64, 'dropout': 0.30894270239982685, 'hidden_continuous_size': 26, 'attention_head_size': 1, 'learning_rate': 0.06355630764274466}. Best is trial 54 with value: 0.08115700632333755.
LOCAL_RANK: 0 - CUDA_VISIBLE_DEVICES: [0]
[I 2023-11-30 11:07:53,983] Trial 100 finished with value: 0.0941108763217926 and parameters: {'gradient_clip_val': 0.8009942406011159, 'hidden_size': 41, 'dropout': 0.3256776436893001, 'hidden_continuous_size': 21, 'attention_head_size': 1, 'learning_rate': 0.05609570303927414}. Best is trial 54 with value: 0.08115700632333755.
LOCAL_RANK: 0 - CUDA_VISIBLE_DEVICES: [0]
[I 2023-11-30 11:08:06,880] Trial 101 finished with value: 0.250081866979599 and parameters: {'gradient_clip_val': 0.8117218972900895, 'hidden_size': 33, 'dropout': 0.32316692729948343, 'hidden_continuous_size': 17, 'attention_head_size': 1, 'learning_rate': 0.05550393134818418}. Best is trial 54 with value: 0.08115700632333755.
LOCAL_RANK: 0 - CUDA_VISIBLE_DEVICES: [0]
[I 2023-11-30 11:08:19,681] Trial 102 finished with value: 0.1077740415930748 and parameters: {'gradient_clip_val': 0.7417493133658922, 'hidden_size': 36, 'dropout': 0.32968528107207673, 'hidden_continuous_size': 21, 'attention_head_size': 1, 'learning_rate': 0.07459651104245263}. Best is trial 54 with value: 0.08115700632333755.
LOCAL_RANK: 0 - CUDA_VISIBLE_DEVICES: [0]
[I 2023-11-30 11:08:32,672] Trial 103 finished with value: 0.2406524419784546 and parameters: {'gradient_clip_val': 0.58230545790579, 'hidden_size': 42, 'dropout': 0.34061938602367386, 'hidden_continuous_size': 24, 'attention_head_size': 1, 'learning_rate': 0.05969604802858971}. Best is trial 54 with value: 0.08115700632333755.
LOCAL_RANK: 0 - CUDA_VISIBLE_DEVICES: [0]
[I 2023-11-30 11:08:45,533] Trial 104 finished with value: 0.21496427059173584 and parameters: {'gradient_clip_val': 0.7863549458528076, 'hidden_size': 39, 'dropout': 0.3699636321495975, 'hidden_continuous_size': 21, 'attention_head_size': 1, 'learning_rate': 0.04823180467659041}. Best is trial 54 with value: 0.08115700632333755.
LOCAL_RANK: 0 - CUDA_VISIBLE_DEVICES: [0]
[I 2023-11-30 11:08:58,830] Trial 105 finished with value: 0.12006509304046631 and parameters: {'gradient_clip_val': 0.5237857460434725, 'hidden_size': 54, 'dropout': 0.3605243319723073, 'hidden_continuous_size': 23, 'attention_head_size': 1, 'learning_rate': 0.0673438787955897}. Best is trial 54 with value: 0.08115700632333755.
LOCAL_RANK: 0 - CUDA_VISIBLE_DEVICES: [0]
[I 2023-11-30 11:09:12,080] Trial 106 finished with value: 0.1738404631614685 and parameters: {'gradient_clip_val': 0.8432364764322684, 'hidden_size': 45, 'dropout': 0.39231511868304264, 'hidden_continuous_size': 19, 'attention_head_size': 1, 'learning_rate': 0.09126670563089134}. Best is trial 54 with value: 0.08115700632333755.
LOCAL_RANK: 0 - CUDA_VISIBLE_DEVICES: [0]
[I 2023-11-30 11:09:25,188] Trial 107 finished with value: 0.10731467604637146 and parameters: {'gradient_clip_val': 0.6954255402037918, 'hidden_size': 50, 'dropout': 0.32441642482417316, 'hidden_continuous_size': 20, 'attention_head_size': 1, 'learning_rate': 0.05332433483506125}. Best is trial 54 with value: 0.08115700632333755.
LOCAL_RANK: 0 - CUDA_VISIBLE_DEVICES: [0]
[I 2023-11-30 11:09:37,986] Trial 108 finished with value: 0.15605680644512177 and parameters: {'gradient_clip_val': 0.5578531225022658, 'hidden_size': 37, 'dropout': 0.3321159667349884, 'hidden_continuous_size': 18, 'attention_head_size': 1, 'learning_rate': 0.03820225842010444}. Best is trial 54 with value: 0.08115700632333755.
LOCAL_RANK: 0 - CUDA_VISIBLE_DEVICES: [0]
[I 2023-11-30 11:09:51,035] Trial 109 finished with value: 0.1419784277677536 and parameters: {'gradient_clip_val': 0.6195342234350213, 'hidden_size': 46, 'dropout': 0.37559974185307754, 'hidden_continuous_size': 21, 'attention_head_size': 1, 'learning_rate': 0.032617053327903045}. Best is trial 54 with value: 0.08115700632333755.
LOCAL_RANK: 0 - CUDA_VISIBLE_DEVICES: [0]
[I 2023-11-30 11:10:03,934] Trial 110 finished with value: 0.14930404722690582 and parameters: {'gradient_clip_val': 0.7567935843811436, 'hidden_size': 40, 'dropout': 0.3846479482970765, 'hidden_continuous_size': 19, 'attention_head_size': 1, 'learning_rate': 0.09980372522643859}. Best is trial 54 with value: 0.08115700632333755.
LOCAL_RANK: 0 - CUDA_VISIBLE_DEVICES: [0]
[I 2023-11-30 11:10:17,440] Trial 111 finished with value: 0.12627756595611572 and parameters: {'gradient_clip_val': 0.6433808462181309, 'hidden_size': 59, 'dropout': 0.3525832245046071, 'hidden_continuous_size': 24, 'attention_head_size': 1, 'learning_rate': 0.04373093728094031}. Best is trial 54 with value: 0.08115700632333755.
LOCAL_RANK: 0 - CUDA_VISIBLE_DEVICES: [0]
[I 2023-11-30 11:10:30,591] Trial 112 finished with value: 0.2220042496919632 and parameters: {'gradient_clip_val': 0.6575094755354276, 'hidden_size': 54, 'dropout': 0.35074317606025873, 'hidden_continuous_size': 24, 'attention_head_size': 1, 'learning_rate': 0.04658742605523606}. Best is trial 54 with value: 0.08115700632333755.
LOCAL_RANK: 0 - CUDA_VISIBLE_DEVICES: [0]
[I 2023-11-30 11:10:44,034] Trial 113 finished with value: 0.163303941488266 and parameters: {'gradient_clip_val': 0.6199708800758985, 'hidden_size': 61, 'dropout': 0.3443397945200938, 'hidden_continuous_size': 25, 'attention_head_size': 1, 'learning_rate': 0.05954201238816002}. Best is trial 54 with value: 0.08115700632333755.
LOCAL_RANK: 0 - CUDA_VISIBLE_DEVICES: [0]
[I 2023-11-30 11:10:57,378] Trial 114 finished with value: 0.14785072207450867 and parameters: {'gradient_clip_val': 0.7150807405185288, 'hidden_size': 58, 'dropout': 0.36278059452053574, 'hidden_continuous_size': 26, 'attention_head_size': 1, 'learning_rate': 0.08092963026061611}. Best is trial 54 with value: 0.08115700632333755.
LOCAL_RANK: 0 - CUDA_VISIBLE_DEVICES: [0]
[I 2023-11-30 11:11:10,945] Trial 115 finished with value: 0.12506943941116333 and parameters: {'gradient_clip_val': 0.5286172757758069, 'hidden_size': 65, 'dropout': 0.33865383791616316, 'hidden_continuous_size': 28, 'attention_head_size': 1, 'learning_rate': 0.0405063063540872}. Best is trial 54 with value: 0.08115700632333755.
LOCAL_RANK: 0 - CUDA_VISIBLE_DEVICES: [0]
[I 2023-11-30 11:11:24,090] Trial 116 finished with value: 0.10536479949951172 and parameters: {'gradient_clip_val': 0.5758031686809465, 'hidden_size': 52, 'dropout': 0.3673949367523443, 'hidden_continuous_size': 23, 'attention_head_size': 1, 'learning_rate': 0.05236466411123823}. Best is trial 54 with value: 0.08115700632333755.
LOCAL_RANK: 0 - CUDA_VISIBLE_DEVICES: [0]
[I 2023-11-30 11:11:37,306] Trial 117 finished with value: 0.12718001008033752 and parameters: {'gradient_clip_val': 0.47728207512517373, 'hidden_size': 51, 'dropout': 0.3693122729072547, 'hidden_continuous_size': 23, 'attention_head_size': 2, 'learning_rate': 0.07381823888332462}. Best is trial 54 with value: 0.08115700632333755.
LOCAL_RANK: 0 - CUDA_VISIBLE_DEVICES: [0]
[I 2023-11-30 11:11:50,178] Trial 118 finished with value: 0.11321916431188583 and parameters: {'gradient_clip_val': 0.8038038361138239, 'hidden_size': 48, 'dropout': 0.3781247455188777, 'hidden_continuous_size': 22, 'attention_head_size': 1, 'learning_rate': 0.06481816339995773}. Best is trial 54 with value: 0.08115700632333755.
LOCAL_RANK: 0 - CUDA_VISIBLE_DEVICES: [0]
[I 2023-11-30 11:12:03,188] Trial 119 finished with value: 0.13125576078891754 and parameters: {'gradient_clip_val': 0.587402470448242, 'hidden_size': 43, 'dropout': 0.3560279891911407, 'hidden_continuous_size': 22, 'attention_head_size': 1, 'learning_rate': 0.05196702102552208}. Best is trial 54 with value: 0.08115700632333755.
LOCAL_RANK: 0 - CUDA_VISIBLE_DEVICES: [0]
[I 2023-11-30 11:12:16,636] Trial 120 finished with value: 0.24132077395915985 and parameters: {'gradient_clip_val': 0.875825941626444, 'hidden_size': 55, 'dropout': 0.3115059179650018, 'hidden_continuous_size': 31, 'attention_head_size': 2, 'learning_rate': 0.05673514517690982}. Best is trial 54 with value: 0.08115700632333755.
LOCAL_RANK: 0 - CUDA_VISIBLE_DEVICES: [0]
[I 2023-11-30 11:12:30,296] Trial 121 finished with value: 0.21630756556987762 and parameters: {'gradient_clip_val': 0.569791433175003, 'hidden_size': 67, 'dropout': 0.36397173782164505, 'hidden_continuous_size': 26, 'attention_head_size': 1, 'learning_rate': 0.047167616879184214}. Best is trial 54 with value: 0.08115700632333755.
LOCAL_RANK: 0 - CUDA_VISIBLE_DEVICES: [0]
[I 2023-11-30 11:12:43,582] Trial 122 finished with value: 0.20555488765239716 and parameters: {'gradient_clip_val': 0.5490779941704096, 'hidden_size': 60, 'dropout': 0.3478473638373902, 'hidden_continuous_size': 25, 'attention_head_size': 1, 'learning_rate': 0.06863868525977265}. Best is trial 54 with value: 0.08115700632333755.
LOCAL_RANK: 0 - CUDA_VISIBLE_DEVICES: [0]
[I 2023-11-30 11:12:56,845] Trial 123 finished with value: 0.21131904423236847 and parameters: {'gradient_clip_val': 0.6491465489262067, 'hidden_size': 53, 'dropout': 0.37114329658519474, 'hidden_continuous_size': 24, 'attention_head_size': 1, 'learning_rate': 0.07783394963399849}. Best is trial 54 with value: 0.08115700632333755.
LOCAL_RANK: 0 - CUDA_VISIBLE_DEVICES: [0]
[I 2023-11-30 11:13:10,409] Trial 124 finished with value: 0.12487765401601791 and parameters: {'gradient_clip_val': 0.6163681234270451, 'hidden_size': 70, 'dropout': 0.302822359977573, 'hidden_continuous_size': 27, 'attention_head_size': 1, 'learning_rate': 0.05981916733850488}. Best is trial 54 with value: 0.08115700632333755.
LOCAL_RANK: 0 - CUDA_VISIBLE_DEVICES: [0]
[I 2023-11-30 11:13:23,559] Trial 125 finished with value: 0.1226189136505127 and parameters: {'gradient_clip_val': 0.6748310149773705, 'hidden_size': 50, 'dropout': 0.3571500782731315, 'hidden_continuous_size': 23, 'attention_head_size': 1, 'learning_rate': 0.053078646589343935}. Best is trial 54 with value: 0.08115700632333755.
LOCAL_RANK: 0 - CUDA_VISIBLE_DEVICES: [0]
[I 2023-11-30 11:13:36,835] Trial 126 finished with value: 0.1126207634806633 and parameters: {'gradient_clip_val': 0.7644984610624819, 'hidden_size': 56, 'dropout': 0.38046161153665164, 'hidden_continuous_size': 21, 'attention_head_size': 1, 'learning_rate': 0.042498564702484073}. Best is trial 54 with value: 0.08115700632333755.
LOCAL_RANK: 0 - CUDA_VISIBLE_DEVICES: [0]
[I 2023-11-30 11:13:49,895] Trial 127 finished with value: 0.17088161408901215 and parameters: {'gradient_clip_val': 0.8297056406741662, 'hidden_size': 46, 'dropout': 0.3864185638484584, 'hidden_continuous_size': 20, 'attention_head_size': 1, 'learning_rate': 0.04639808700360467}. Best is trial 54 with value: 0.08115700632333755.
LOCAL_RANK: 0 - CUDA_VISIBLE_DEVICES: [0]
[I 2023-11-30 11:14:03,006] Trial 128 finished with value: 0.12470722198486328 and parameters: {'gradient_clip_val': 0.7300449706258174, 'hidden_size': 35, 'dropout': 0.36488249455539945, 'hidden_continuous_size': 24, 'attention_head_size': 2, 'learning_rate': 0.0886387249934493}. Best is trial 54 with value: 0.08115700632333755.
LOCAL_RANK: 0 - CUDA_VISIBLE_DEVICES: [0]
[I 2023-11-30 11:14:16,052] Trial 129 finished with value: 0.26513397693634033 and parameters: {'gradient_clip_val': 0.6963956706888697, 'hidden_size': 41, 'dropout': 0.3458545489218977, 'hidden_continuous_size': 23, 'attention_head_size': 1, 'learning_rate': 0.0637946718299042}. Best is trial 54 with value: 0.08115700632333755.
LOCAL_RANK: 0 - CUDA_VISIBLE_DEVICES: [0]
[I 2023-11-30 11:14:29,565] Trial 130 finished with value: 0.12764889001846313 and parameters: {'gradient_clip_val': 0.5878771979090117, 'hidden_size': 63, 'dropout': 0.3332158914004165, 'hidden_continuous_size': 19, 'attention_head_size': 1, 'learning_rate': 0.07221356582977449}. Best is trial 54 with value: 0.08115700632333755.
LOCAL_RANK: 0 - CUDA_VISIBLE_DEVICES: [0]
[I 2023-11-30 11:14:42,703] Trial 131 finished with value: 0.12876169383525848 and parameters: {'gradient_clip_val': 0.6940965658690641, 'hidden_size': 50, 'dropout': 0.3223680852246842, 'hidden_continuous_size': 20, 'attention_head_size': 1, 'learning_rate': 0.05399489009723098}. Best is trial 54 with value: 0.08115700632333755.
LOCAL_RANK: 0 - CUDA_VISIBLE_DEVICES: [0]
[I 2023-11-30 11:14:55,718] Trial 132 finished with value: 0.129977285861969 and parameters: {'gradient_clip_val': 0.8035498042108647, 'hidden_size': 52, 'dropout': 0.3244707121010356, 'hidden_continuous_size': 22, 'attention_head_size': 1, 'learning_rate': 0.052467751533694096}. Best is trial 54 with value: 0.08115700632333755.
LOCAL_RANK: 0 - CUDA_VISIBLE_DEVICES: [0]
[I 2023-11-30 11:15:08,538] Trial 133 finished with value: 0.19025838375091553 and parameters: {'gradient_clip_val': 0.6281734967879365, 'hidden_size': 48, 'dropout': 0.3139802273524377, 'hidden_continuous_size': 20, 'attention_head_size': 1, 'learning_rate': 0.0355711623178944}. Best is trial 54 with value: 0.08115700632333755.
LOCAL_RANK: 0 - CUDA_VISIBLE_DEVICES: [0]
[I 2023-11-30 11:15:21,951] Trial 134 finished with value: 0.20036129653453827 and parameters: {'gradient_clip_val': 0.7121714803189704, 'hidden_size': 56, 'dropout': 0.325841961427098, 'hidden_continuous_size': 22, 'attention_head_size': 1, 'learning_rate': 0.061218424468440426}. Best is trial 54 with value: 0.08115700632333755.
LOCAL_RANK: 0 - CUDA_VISIBLE_DEVICES: [0]
[I 2023-11-30 11:15:35,376] Trial 135 finished with value: 0.10449712723493576 and parameters: {'gradient_clip_val': 0.6563714760391743, 'hidden_size': 59, 'dropout': 0.31835686796458573, 'hidden_continuous_size': 25, 'attention_head_size': 1, 'learning_rate': 0.04910582296466599}. Best is trial 54 with value: 0.08115700632333755.
LOCAL_RANK: 0 - CUDA_VISIBLE_DEVICES: [0]
[I 2023-11-30 11:15:49,072] Trial 136 finished with value: 0.14018164575099945 and parameters: {'gradient_clip_val': 0.5428089490059745, 'hidden_size': 59, 'dropout': 0.3169906875644346, 'hidden_continuous_size': 26, 'attention_head_size': 2, 'learning_rate': 0.03034743711413214}. Best is trial 54 with value: 0.08115700632333755.
LOCAL_RANK: 0 - CUDA_VISIBLE_DEVICES: [0]
[I 2023-11-30 11:16:02,921] Trial 137 finished with value: 0.19854962825775146 and parameters: {'gradient_clip_val': 0.6043510782394779, 'hidden_size': 62, 'dropout': 0.2978960572815559, 'hidden_continuous_size': 25, 'attention_head_size': 3, 'learning_rate': 0.03998244766425588}. Best is trial 54 with value: 0.08115700632333755.
LOCAL_RANK: 0 - CUDA_VISIBLE_DEVICES: [0]
[I 2023-11-30 11:16:16,373] Trial 138 finished with value: 0.2319059818983078 and parameters: {'gradient_clip_val': 0.6550660187282373, 'hidden_size': 67, 'dropout': 0.3743762788410547, 'hidden_continuous_size': 17, 'attention_head_size': 1, 'learning_rate': 0.044908087471080466}. Best is trial 54 with value: 0.08115700632333755.
LOCAL_RANK: 0 - CUDA_VISIBLE_DEVICES: [0]
[I 2023-11-30 11:16:30,053] Trial 139 finished with value: 0.11487077921628952 and parameters: {'gradient_clip_val': 0.24916065167997992, 'hidden_size': 73, 'dropout': 0.29171261024558925, 'hidden_continuous_size': 27, 'attention_head_size': 1, 'learning_rate': 0.08202305595045525}. Best is trial 54 with value: 0.08115700632333755.
LOCAL_RANK: 0 - CUDA_VISIBLE_DEVICES: [0]
[I 2023-11-30 11:16:43,183] Trial 140 finished with value: 0.11908292770385742 and parameters: {'gradient_clip_val': 0.8758762081097116, 'hidden_size': 44, 'dropout': 0.3356772820572902, 'hidden_continuous_size': 24, 'attention_head_size': 3, 'learning_rate': 0.06874333965777642}. Best is trial 54 with value: 0.08115700632333755.
LOCAL_RANK: 0 - CUDA_VISIBLE_DEVICES: [0]
[I 2023-11-30 11:16:56,542] Trial 141 finished with value: 0.3140502870082855 and parameters: {'gradient_clip_val': 0.7454448232808614, 'hidden_size': 53, 'dropout': 0.30912646895284357, 'hidden_continuous_size': 21, 'attention_head_size': 1, 'learning_rate': 0.05683914736323173}. Best is trial 54 with value: 0.08115700632333755.
LOCAL_RANK: 0 - CUDA_VISIBLE_DEVICES: [0]
[I 2023-11-30 11:17:09,628] Trial 142 finished with value: 0.28106144070625305 and parameters: {'gradient_clip_val': 0.68356008943234, 'hidden_size': 49, 'dropout': 0.3192201538879594, 'hidden_continuous_size': 18, 'attention_head_size': 1, 'learning_rate': 0.05046818561089535}. Best is trial 54 with value: 0.08115700632333755.
LOCAL_RANK: 0 - CUDA_VISIBLE_DEVICES: [0]
