[I 2023-11-29 21:08:16,797] Trial 138 finished with value: 0.25702205300331116 and parameters: {'gradient_clip_val': 0.18282288566689536, 'hidden_size': 31, 'dropout': 0.32618615778649696, 'hidden_continuous_size': 16, 'attention_head_size': 3, 'learning_rate': 0.09911159239555747}. Best is trial 105 with value: 0.12014982849359512.
LOCAL_RANK: 0 - CUDA_VISIBLE_DEVICES: [0]
[I 2023-11-29 21:08:29,617] Trial 139 finished with value: 0.24807333946228027 and parameters: {'gradient_clip_val': 0.20593164586281204, 'hidden_size': 39, 'dropout': 0.3119992909815875, 'hidden_continuous_size': 15, 'attention_head_size': 3, 'learning_rate': 0.06449270486417814}. Best is trial 105 with value: 0.12014982849359512.
LOCAL_RANK: 0 - CUDA_VISIBLE_DEVICES: [0]
[I 2023-11-29 21:08:42,937] Trial 140 finished with value: 0.2689516246318817 and parameters: {'gradient_clip_val': 0.19451492737920098, 'hidden_size': 44, 'dropout': 0.3451916830724493, 'hidden_continuous_size': 39, 'attention_head_size': 3, 'learning_rate': 0.08332727703796337}. Best is trial 105 with value: 0.12014982849359512.
LOCAL_RANK: 0 - CUDA_VISIBLE_DEVICES: [0]
[I 2023-11-29 21:08:55,721] Trial 141 finished with value: 0.17658650875091553 and parameters: {'gradient_clip_val': 0.17196289459911626, 'hidden_size': 29, 'dropout': 0.35169927820745417, 'hidden_continuous_size': 16, 'attention_head_size': 3, 'learning_rate': 0.09032821327129577}. Best is trial 105 with value: 0.12014982849359512.
LOCAL_RANK: 0 - CUDA_VISIBLE_DEVICES: [0]
[I 2023-11-29 21:09:08,303] Trial 142 finished with value: 0.25113892555236816 and parameters: {'gradient_clip_val': 0.2530445970393948, 'hidden_size': 32, 'dropout': 0.33238885942207524, 'hidden_continuous_size': 17, 'attention_head_size': 3, 'learning_rate': 0.07585833011689296}. Best is trial 105 with value: 0.12014982849359512.
LOCAL_RANK: 0 - CUDA_VISIBLE_DEVICES: [0]
[I 2023-11-29 21:09:21,363] Trial 143 finished with value: 0.1987088918685913 and parameters: {'gradient_clip_val': 0.1793639753868932, 'hidden_size': 37, 'dropout': 0.34028870432675756, 'hidden_continuous_size': 18, 'attention_head_size': 3, 'learning_rate': 0.09993934798088093}. Best is trial 105 with value: 0.12014982849359512.
LOCAL_RANK: 0 - CUDA_VISIBLE_DEVICES: [0]
[I 2023-11-29 21:09:34,189] Trial 144 finished with value: 0.37068498134613037 and parameters: {'gradient_clip_val': 0.16129490445724307, 'hidden_size': 35, 'dropout': 0.36367945496224113, 'hidden_continuous_size': 16, 'attention_head_size': 3, 'learning_rate': 0.08342826188561277}. Best is trial 105 with value: 0.12014982849359512.
LOCAL_RANK: 0 - CUDA_VISIBLE_DEVICES: [0]
[I 2023-11-29 21:09:47,369] Trial 145 finished with value: 0.20307080447673798 and parameters: {'gradient_clip_val': 0.14721713734208752, 'hidden_size': 42, 'dropout': 0.3018998450745606, 'hidden_continuous_size': 23, 'attention_head_size': 3, 'learning_rate': 0.07149142279795806}. Best is trial 105 with value: 0.12014982849359512.
LOCAL_RANK: 0 - CUDA_VISIBLE_DEVICES: [0]
[I 2023-11-29 21:10:00,193] Trial 146 finished with value: 0.1493467092514038 and parameters: {'gradient_clip_val': 0.19599442727419344, 'hidden_size': 25, 'dropout': 0.3488932512511253, 'hidden_continuous_size': 17, 'attention_head_size': 3, 'learning_rate': 0.09106812689151517}. Best is trial 105 with value: 0.12014982849359512.
LOCAL_RANK: 0 - CUDA_VISIBLE_DEVICES: [0]
[I 2023-11-29 21:10:13,065] Trial 147 finished with value: 0.36281970143318176 and parameters: {'gradient_clip_val': 0.1983043971499595, 'hidden_size': 34, 'dropout': 0.3188407597848961, 'hidden_continuous_size': 17, 'attention_head_size': 3, 'learning_rate': 0.092537915900171}. Best is trial 105 with value: 0.12014982849359512.
LOCAL_RANK: 0 - CUDA_VISIBLE_DEVICES: [0]
[I 2023-11-29 21:10:25,706] Trial 148 finished with value: 0.3571958839893341 and parameters: {'gradient_clip_val': 0.1864901943102414, 'hidden_size': 23, 'dropout': 0.3554741132243727, 'hidden_continuous_size': 17, 'attention_head_size': 3, 'learning_rate': 0.07782458791300177}. Best is trial 105 with value: 0.12014982849359512.
LOCAL_RANK: 0 - CUDA_VISIBLE_DEVICES: [0]
[I 2023-11-29 21:10:38,149] Trial 149 finished with value: 0.22071732580661774 and parameters: {'gradient_clip_val': 0.2220741831101248, 'hidden_size': 25, 'dropout': 0.3294491800532016, 'hidden_continuous_size': 16, 'attention_head_size': 3, 'learning_rate': 0.06311544036337123}. Best is trial 105 with value: 0.12014982849359512.
[I 2023-11-29 21:10:38,268] A new study created in memory with name: no-name-381e9d4f-05a1-42a3-991b-3c21bdb55ddb
/home/le004/conda/anaconda3/envs/tsff_env/lib/python3.9/site-packages/lightning/fabric/plugins/environments/slurm.py:191: The `srun` command is available on your system but is not used. HINT: If your intention is to run Lightning on SLURM, prepend your python command with `srun` like so: srun python /home/le004/master_thesis/git/TSFusionForecast/code/ ...
LOCAL_RANK: 0 - CUDA_VISIBLE_DEVICES: [0]
[I 2023-11-29 21:10:52,519] Trial 0 finished with value: 0.1472318321466446 and parameters: {'gradient_clip_val': 0.9594050959306029, 'hidden_size': 116, 'dropout': 0.32392596264171714, 'hidden_continuous_size': 23, 'attention_head_size': 4, 'learning_rate': 0.04894134557363549}. Best is trial 0 with value: 0.1472318321466446.
LOCAL_RANK: 0 - CUDA_VISIBLE_DEVICES: [0]
[I 2023-11-29 21:11:06,068] Trial 1 finished with value: 0.5419626832008362 and parameters: {'gradient_clip_val': 0.10724381395166319, 'hidden_size': 59, 'dropout': 0.15621298127096322, 'hidden_continuous_size': 24, 'attention_head_size': 4, 'learning_rate': 0.003729874675101499}. Best is trial 0 with value: 0.1472318321466446.
LOCAL_RANK: 0 - CUDA_VISIBLE_DEVICES: [0]
[I 2023-11-29 21:11:16,676] Trial 2 finished with value: 0.20751191675662994 and parameters: {'gradient_clip_val': 0.25009938384572805, 'hidden_size': 19, 'dropout': 0.19782918193632248, 'hidden_continuous_size': 19, 'attention_head_size': 1, 'learning_rate': 0.04753335402048169}. Best is trial 0 with value: 0.1472318321466446.
LOCAL_RANK: 0 - CUDA_VISIBLE_DEVICES: [0]
[I 2023-11-29 21:11:29,566] Trial 3 finished with value: 0.16047675907611847 and parameters: {'gradient_clip_val': 0.9980341998309791, 'hidden_size': 38, 'dropout': 0.25168857200601535, 'hidden_continuous_size': 18, 'attention_head_size': 2, 'learning_rate': 0.09274355972851649}. Best is trial 0 with value: 0.1472318321466446.
LOCAL_RANK: 0 - CUDA_VISIBLE_DEVICES: [0]
[I 2023-11-29 21:11:42,154] Trial 4 finished with value: 2.1036112308502197 and parameters: {'gradient_clip_val': 0.4509820580416959, 'hidden_size': 14, 'dropout': 0.338618060007551, 'hidden_continuous_size': 13, 'attention_head_size': 4, 'learning_rate': 0.0027597404773827207}. Best is trial 0 with value: 0.1472318321466446.
LOCAL_RANK: 0 - CUDA_VISIBLE_DEVICES: [0]
[I 2023-11-29 21:11:56,130] Trial 5 finished with value: 0.21450011432170868 and parameters: {'gradient_clip_val': 0.33545619661959697, 'hidden_size': 128, 'dropout': 0.2029763258514884, 'hidden_continuous_size': 27, 'attention_head_size': 1, 'learning_rate': 0.008661425592820326}. Best is trial 0 with value: 0.1472318321466446.
LOCAL_RANK: 0 - CUDA_VISIBLE_DEVICES: [0]
[I 2023-11-29 21:12:08,811] Trial 6 finished with value: 0.20523929595947266 and parameters: {'gradient_clip_val': 0.12751012750874996, 'hidden_size': 23, 'dropout': 0.16790899895796518, 'hidden_continuous_size': 18, 'attention_head_size': 3, 'learning_rate': 0.03840353334588869}. Best is trial 0 with value: 0.1472318321466446.
LOCAL_RANK: 0 - CUDA_VISIBLE_DEVICES: [0]
[I 2023-11-29 21:12:21,292] Trial 7 finished with value: 0.22643041610717773 and parameters: {'gradient_clip_val': 0.10464163691680926, 'hidden_size': 13, 'dropout': 0.3179049201839037, 'hidden_continuous_size': 12, 'attention_head_size': 2, 'learning_rate': 0.07768737372039404}. Best is trial 0 with value: 0.1472318321466446.
LOCAL_RANK: 0 - CUDA_VISIBLE_DEVICES: [0]
[I 2023-11-29 21:12:32,551] Trial 8 finished with value: 1.7358258962631226 and parameters: {'gradient_clip_val': 0.2604696041822914, 'hidden_size': 34, 'dropout': 0.11193047766826336, 'hidden_continuous_size': 34, 'attention_head_size': 3, 'learning_rate': 0.002028512495279164}. Best is trial 0 with value: 0.1472318321466446.
LOCAL_RANK: 0 - CUDA_VISIBLE_DEVICES: [0]
[I 2023-11-29 21:12:46,510] Trial 9 finished with value: 0.1808011680841446 and parameters: {'gradient_clip_val': 0.21198719422140838, 'hidden_size': 103, 'dropout': 0.3245619887376194, 'hidden_continuous_size': 25, 'attention_head_size': 1, 'learning_rate': 0.03605279460717366}. Best is trial 0 with value: 0.1472318321466446.
LOCAL_RANK: 0 - CUDA_VISIBLE_DEVICES: [0]
[I 2023-11-29 21:13:00,814] Trial 10 finished with value: 0.1416168361902237 and parameters: {'gradient_clip_val': 0.9957269759272694, 'hidden_size': 81, 'dropout': 0.399783204621629, 'hidden_continuous_size': 59, 'attention_head_size': 4, 'learning_rate': 0.01868754182949524}. Best is trial 10 with value: 0.1416168361902237.
LOCAL_RANK: 0 - CUDA_VISIBLE_DEVICES: [0]
[I 2023-11-29 21:13:15,135] Trial 11 finished with value: 0.17994636297225952 and parameters: {'gradient_clip_val': 0.9494661142819347, 'hidden_size': 84, 'dropout': 0.3871823346057187, 'hidden_continuous_size': 57, 'attention_head_size': 4, 'learning_rate': 0.018857546710851887}. Best is trial 10 with value: 0.1416168361902237.
LOCAL_RANK: 0 - CUDA_VISIBLE_DEVICES: [0]
[I 2023-11-29 21:13:30,113] Trial 12 finished with value: 0.19045178592205048 and parameters: {'gradient_clip_val': 0.6697170044974408, 'hidden_size': 150, 'dropout': 0.39896976275277846, 'hidden_continuous_size': 105, 'attention_head_size': 3, 'learning_rate': 0.01552184514990552}. Best is trial 10 with value: 0.1416168361902237.
LOCAL_RANK: 0 - CUDA_VISIBLE_DEVICES: [0]
[I 2023-11-29 21:13:44,080] Trial 13 finished with value: 1.2080188989639282 and parameters: {'gradient_clip_val': 0.6895196687579188, 'hidden_size': 79, 'dropout': 0.360102332632815, 'hidden_continuous_size': 37, 'attention_head_size': 4, 'learning_rate': 0.0010982845303563096}. Best is trial 10 with value: 0.1416168361902237.
LOCAL_RANK: 0 - CUDA_VISIBLE_DEVICES: [0]
[I 2023-11-29 21:13:57,849] Trial 14 finished with value: 0.12219228595495224 and parameters: {'gradient_clip_val': 0.6578589724088747, 'hidden_size': 63, 'dropout': 0.28228491587064836, 'hidden_continuous_size': 43, 'attention_head_size': 3, 'learning_rate': 0.02115647670829144}. Best is trial 14 with value: 0.12219228595495224.
LOCAL_RANK: 0 - CUDA_VISIBLE_DEVICES: [0]
[I 2023-11-29 21:14:11,647] Trial 15 finished with value: 0.24536414444446564 and parameters: {'gradient_clip_val': 0.6556387176068288, 'hidden_size': 60, 'dropout': 0.27537028578889355, 'hidden_continuous_size': 48, 'attention_head_size': 3, 'learning_rate': 0.008969954874943533}. Best is trial 14 with value: 0.12219228595495224.
LOCAL_RANK: 0 - CUDA_VISIBLE_DEVICES: [0]
[I 2023-11-29 21:14:25,335] Trial 16 finished with value: 0.18910159170627594 and parameters: {'gradient_clip_val': 0.5348245001545411, 'hidden_size': 53, 'dropout': 0.278790417861801, 'hidden_continuous_size': 50, 'attention_head_size': 2, 'learning_rate': 0.019890675004576218}. Best is trial 14 with value: 0.12219228595495224.
LOCAL_RANK: 0 - CUDA_VISIBLE_DEVICES: [0]
[I 2023-11-29 21:14:39,639] Trial 17 finished with value: 0.3039085566997528 and parameters: {'gradient_clip_val': 0.7945078498842917, 'hidden_size': 81, 'dropout': 0.36675373775598374, 'hidden_continuous_size': 67, 'attention_head_size': 3, 'learning_rate': 0.0065783553524564374}. Best is trial 14 with value: 0.12219228595495224.
LOCAL_RANK: 0 - CUDA_VISIBLE_DEVICES: [0]
[I 2023-11-29 21:14:52,654] Trial 18 finished with value: 0.32673028111457825 and parameters: {'gradient_clip_val': 0.48423510760287275, 'hidden_size': 42, 'dropout': 0.36308528588196803, 'hidden_continuous_size': 10, 'attention_head_size': 4, 'learning_rate': 0.014261220545003105}. Best is trial 14 with value: 0.12219228595495224.
LOCAL_RANK: 0 - CUDA_VISIBLE_DEVICES: [0]
[I 2023-11-29 21:15:06,647] Trial 19 finished with value: 0.19792388379573822 and parameters: {'gradient_clip_val': 0.7809660888027421, 'hidden_size': 88, 'dropout': 0.29095476412843274, 'hidden_continuous_size': 41, 'attention_head_size': 3, 'learning_rate': 0.025959717940972557}. Best is trial 14 with value: 0.12219228595495224.
LOCAL_RANK: 0 - CUDA_VISIBLE_DEVICES: [0]
[I 2023-11-29 21:15:20,185] Trial 20 finished with value: 0.22588704526424408 and parameters: {'gradient_clip_val': 0.5521171714332122, 'hidden_size': 59, 'dropout': 0.24234798927583606, 'hidden_continuous_size': 31, 'attention_head_size': 2, 'learning_rate': 0.012976950835675459}. Best is trial 14 with value: 0.12219228595495224.
LOCAL_RANK: 0 - CUDA_VISIBLE_DEVICES: [0]
[I 2023-11-29 21:15:34,867] Trial 21 finished with value: 0.15118856728076935 and parameters: {'gradient_clip_val': 0.9773028660828283, 'hidden_size': 112, 'dropout': 0.305206031327215, 'hidden_continuous_size': 74, 'attention_head_size': 4, 'learning_rate': 0.05630007649208601}. Best is trial 14 with value: 0.12219228595495224.
LOCAL_RANK: 0 - CUDA_VISIBLE_DEVICES: [0]
[I 2023-11-29 21:15:49,874] Trial 22 finished with value: 0.13027341663837433 and parameters: {'gradient_clip_val': 0.7866038988221052, 'hidden_size': 145, 'dropout': 0.3334696903815547, 'hidden_continuous_size': 94, 'attention_head_size': 4, 'learning_rate': 0.031024501822120402}. Best is trial 14 with value: 0.12219228595495224.
LOCAL_RANK: 0 - CUDA_VISIBLE_DEVICES: [0]
[I 2023-11-29 21:16:04,944] Trial 23 finished with value: 0.16680459678173065 and parameters: {'gradient_clip_val': 0.8091969451798244, 'hidden_size': 143, 'dropout': 0.3939043694407276, 'hidden_continuous_size': 95, 'attention_head_size': 4, 'learning_rate': 0.030454003122954827}. Best is trial 14 with value: 0.12219228595495224.
LOCAL_RANK: 0 - CUDA_VISIBLE_DEVICES: [0]
[I 2023-11-29 21:16:19,506] Trial 24 finished with value: 0.17764341831207275 and parameters: {'gradient_clip_val': 0.4209382495006639, 'hidden_size': 101, 'dropout': 0.3427779189547713, 'hidden_continuous_size': 79, 'attention_head_size': 3, 'learning_rate': 0.02261760744167489}. Best is trial 14 with value: 0.12219228595495224.
LOCAL_RANK: 0 - CUDA_VISIBLE_DEVICES: [0]
[I 2023-11-29 21:16:33,883] Trial 25 finished with value: 0.17243492603302002 and parameters: {'gradient_clip_val': 0.603576054321435, 'hidden_size': 75, 'dropout': 0.36902263997498613, 'hidden_continuous_size': 57, 'attention_head_size': 4, 'learning_rate': 0.02358133933848189}. Best is trial 14 with value: 0.12219228595495224.
LOCAL_RANK: 0 - CUDA_VISIBLE_DEVICES: [0]
[I 2023-11-29 21:16:48,798] Trial 26 finished with value: 0.23352473974227905 and parameters: {'gradient_clip_val': 0.7707853950230014, 'hidden_size': 127, 'dropout': 0.3471994847107342, 'hidden_continuous_size': 121, 'attention_head_size': 3, 'learning_rate': 0.03331825973576052}. Best is trial 14 with value: 0.12219228595495224.
LOCAL_RANK: 0 - CUDA_VISIBLE_DEVICES: [0]
[I 2023-11-29 21:17:03,134] Trial 27 finished with value: 0.3374582827091217 and parameters: {'gradient_clip_val': 0.6098145212888785, 'hidden_size': 98, 'dropout': 0.29581207193032344, 'hidden_continuous_size': 43, 'attention_head_size': 4, 'learning_rate': 0.011940393625505351}. Best is trial 14 with value: 0.12219228595495224.
LOCAL_RANK: 0 - CUDA_VISIBLE_DEVICES: [0]
[I 2023-11-29 21:17:17,376] Trial 28 finished with value: 0.20402853190898895 and parameters: {'gradient_clip_val': 0.8429305336116508, 'hidden_size': 74, 'dropout': 0.3814706074012457, 'hidden_continuous_size': 55, 'attention_head_size': 4, 'learning_rate': 0.017446740435387104}. Best is trial 14 with value: 0.12219228595495224.
LOCAL_RANK: 0 - CUDA_VISIBLE_DEVICES: [0]
[I 2023-11-29 21:17:32,124] Trial 29 finished with value: 0.3025103807449341 and parameters: {'gradient_clip_val': 0.8778944767760454, 'hidden_size': 134, 'dropout': 0.32207304666486253, 'hidden_continuous_size': 83, 'attention_head_size': 4, 'learning_rate': 0.054291319275511736}. Best is trial 14 with value: 0.12219228595495224.
LOCAL_RANK: 0 - CUDA_VISIBLE_DEVICES: [0]
[I 2023-11-29 21:17:46,820] Trial 30 finished with value: 0.16606222093105316 and parameters: {'gradient_clip_val': 0.7242289146426477, 'hidden_size': 115, 'dropout': 0.33609956824748755, 'hidden_continuous_size': 71, 'attention_head_size': 3, 'learning_rate': 0.026955080485628606}. Best is trial 14 with value: 0.12219228595495224.
LOCAL_RANK: 0 - CUDA_VISIBLE_DEVICES: [0]
[I 2023-11-29 21:18:01,216] Trial 31 finished with value: 0.22170312702655792 and parameters: {'gradient_clip_val': 0.8991106693451355, 'hidden_size': 117, 'dropout': 0.31011152033645867, 'hidden_continuous_size': 40, 'attention_head_size': 4, 'learning_rate': 0.04582376487626527}. Best is trial 14 with value: 0.12219228595495224.
LOCAL_RANK: 0 - CUDA_VISIBLE_DEVICES: [0]
[I 2023-11-29 21:18:16,359] Trial 32 finished with value: 0.21786682307720184 and parameters: {'gradient_clip_val': 0.724632185897597, 'hidden_size': 149, 'dropout': 0.3496814524943468, 'hidden_continuous_size': 126, 'attention_head_size': 4, 'learning_rate': 0.06910404624039625}. Best is trial 14 with value: 0.12219228595495224.
LOCAL_RANK: 0 - CUDA_VISIBLE_DEVICES: [0]
[I 2023-11-29 21:18:30,755] Trial 33 finished with value: 0.1600964367389679 and parameters: {'gradient_clip_val': 0.9894452045499366, 'hidden_size': 99, 'dropout': 0.3778818143750274, 'hidden_continuous_size': 68, 'attention_head_size': 4, 'learning_rate': 0.03868267572069592}. Best is trial 14 with value: 0.12219228595495224.
LOCAL_RANK: 0 - CUDA_VISIBLE_DEVICES: [0]
[I 2023-11-29 21:18:44,432] Trial 34 finished with value: 0.14634563028812408 and parameters: {'gradient_clip_val': 0.8369200962551917, 'hidden_size': 72, 'dropout': 0.263965743000183, 'hidden_continuous_size': 21, 'attention_head_size': 4, 'learning_rate': 0.04590910814788212}. Best is trial 14 with value: 0.12219228595495224.
LOCAL_RANK: 0 - CUDA_VISIBLE_DEVICES: [0]
[I 2023-11-29 21:18:58,523] Trial 35 finished with value: 0.1716374009847641 and parameters: {'gradient_clip_val': 0.8580184101138606, 'hidden_size': 67, 'dropout': 0.25497076391984547, 'hidden_continuous_size': 47, 'attention_head_size': 4, 'learning_rate': 0.029149311907884418}. Best is trial 14 with value: 0.12219228595495224.
LOCAL_RANK: 0 - CUDA_VISIBLE_DEVICES: [0]
[I 2023-11-29 21:19:11,885] Trial 36 finished with value: 0.2273203730583191 and parameters: {'gradient_clip_val': 0.6170021558180121, 'hidden_size': 48, 'dropout': 0.2675930922896418, 'hidden_continuous_size': 37, 'attention_head_size': 4, 'learning_rate': 0.09666161215538291}. Best is trial 14 with value: 0.12219228595495224.
LOCAL_RANK: 0 - CUDA_VISIBLE_DEVICES: [0]
[I 2023-11-29 21:19:25,546] Trial 37 finished with value: 0.1693764477968216 and parameters: {'gradient_clip_val': 0.7074361656199866, 'hidden_size': 65, 'dropout': 0.23720844437224287, 'hidden_continuous_size': 20, 'attention_head_size': 3, 'learning_rate': 0.02273761320058917}. Best is trial 14 with value: 0.12219228595495224.
LOCAL_RANK: 0 - CUDA_VISIBLE_DEVICES: [0]
[I 2023-11-29 21:19:39,378] Trial 38 finished with value: 0.13278284668922424 and parameters: {'gradient_clip_val': 0.8888969978964834, 'hidden_size': 90, 'dropout': 0.304762526775238, 'hidden_continuous_size': 30, 'attention_head_size': 2, 'learning_rate': 0.043030619369871174}. Best is trial 14 with value: 0.12219228595495224.
LOCAL_RANK: 0 - CUDA_VISIBLE_DEVICES: [0]
[I 2023-11-29 21:19:53,225] Trial 39 finished with value: 0.49515628814697266 and parameters: {'gradient_clip_val': 0.9749473097326536, 'hidden_size': 89, 'dropout': 0.3296590747529167, 'hidden_continuous_size': 30, 'attention_head_size': 2, 'learning_rate': 0.06395729945327033}. Best is trial 14 with value: 0.12219228595495224.
LOCAL_RANK: 0 - CUDA_VISIBLE_DEVICES: [0]
[I 2023-11-29 21:20:07,837] Trial 40 finished with value: 0.17951925098896027 and parameters: {'gradient_clip_val': 0.7476210171250645, 'hidden_size': 123, 'dropout': 0.2996480927564804, 'hidden_continuous_size': 64, 'attention_head_size': 2, 'learning_rate': 0.042981420977995496}. Best is trial 14 with value: 0.12219228595495224.
LOCAL_RANK: 0 - CUDA_VISIBLE_DEVICES: [0]
[I 2023-11-29 21:20:21,574] Trial 41 finished with value: 0.27220919728279114 and parameters: {'gradient_clip_val': 0.8562051478203127, 'hidden_size': 67, 'dropout': 0.3137839696450168, 'hidden_continuous_size': 52, 'attention_head_size': 2, 'learning_rate': 0.04683282375468333}. Best is trial 14 with value: 0.12219228595495224.
LOCAL_RANK: 0 - CUDA_VISIBLE_DEVICES: [0]
[I 2023-11-29 21:20:35,170] Trial 42 finished with value: 0.10986921936273575 and parameters: {'gradient_clip_val': 0.9968031452746617, 'hidden_size': 73, 'dropout': 0.28972804099556626, 'hidden_continuous_size': 22, 'attention_head_size': 1, 'learning_rate': 0.03586915740010077}. Best is trial 42 with value: 0.10986921936273575.
LOCAL_RANK: 0 - CUDA_VISIBLE_DEVICES: [0]
[I 2023-11-29 21:20:48,830] Trial 43 finished with value: 0.5588889122009277 and parameters: {'gradient_clip_val': 0.993048859939396, 'hidden_size': 90, 'dropout': 0.28684271198353195, 'hidden_continuous_size': 26, 'attention_head_size': 1, 'learning_rate': 0.03136208391117013}. Best is trial 42 with value: 0.10986921936273575.
LOCAL_RANK: 0 - CUDA_VISIBLE_DEVICES: [0]
[I 2023-11-29 21:21:02,756] Trial 44 finished with value: 0.17638790607452393 and parameters: {'gradient_clip_val': 0.8990822358218327, 'hidden_size': 111, 'dropout': 0.3276697276435951, 'hidden_continuous_size': 27, 'attention_head_size': 1, 'learning_rate': 0.018431196758326447}. Best is trial 42 with value: 0.10986921936273575.
LOCAL_RANK: 0 - CUDA_VISIBLE_DEVICES: [0]
