[I 2023-11-30 14:43:32,992] Trial 108 finished with value: 0.14736902713775635 and parameters: {'gradient_clip_val': 0.6948550827463746, 'hidden_size': 34, 'dropout': 0.18751866246099294, 'hidden_continuous_size': 32, 'attention_head_size': 3, 'learning_rate': 0.04508044818701673}. Best is trial 41 with value: 0.11050210148096085.
LOCAL_RANK: 0 - CUDA_VISIBLE_DEVICES: [0]
[I 2023-11-30 14:43:47,532] Trial 109 finished with value: 0.16556225717067719 and parameters: {'gradient_clip_val': 0.6002905698691554, 'hidden_size': 42, 'dropout': 0.20110329441935007, 'hidden_continuous_size': 38, 'attention_head_size': 4, 'learning_rate': 0.02666585378493824}. Best is trial 41 with value: 0.11050210148096085.
LOCAL_RANK: 0 - CUDA_VISIBLE_DEVICES: [0]
[I 2023-11-30 14:44:02,354] Trial 110 finished with value: 0.1375756412744522 and parameters: {'gradient_clip_val': 0.6411992036324679, 'hidden_size': 47, 'dropout': 0.23208957315207443, 'hidden_continuous_size': 43, 'attention_head_size': 3, 'learning_rate': 0.039062487965218974}. Best is trial 41 with value: 0.11050210148096085.
LOCAL_RANK: 0 - CUDA_VISIBLE_DEVICES: [0]
[I 2023-11-30 14:44:17,265] Trial 111 finished with value: 0.1415533423423767 and parameters: {'gradient_clip_val': 0.6815532842604296, 'hidden_size': 41, 'dropout': 0.19870865122744885, 'hidden_continuous_size': 37, 'attention_head_size': 4, 'learning_rate': 0.06399560857168758}. Best is trial 41 with value: 0.11050210148096085.
LOCAL_RANK: 0 - CUDA_VISIBLE_DEVICES: [0]
[I 2023-11-30 14:44:31,310] Trial 112 finished with value: 0.15259744226932526 and parameters: {'gradient_clip_val': 0.6501525725947697, 'hidden_size': 37, 'dropout': 0.1913463388589198, 'hidden_continuous_size': 34, 'attention_head_size': 4, 'learning_rate': 0.049025732673870275}. Best is trial 41 with value: 0.11050210148096085.
LOCAL_RANK: 0 - CUDA_VISIBLE_DEVICES: [0]
[I 2023-11-30 14:44:45,897] Trial 113 finished with value: 0.1636098474264145 and parameters: {'gradient_clip_val': 0.8188094784657985, 'hidden_size': 44, 'dropout': 0.2416324830545683, 'hidden_continuous_size': 41, 'attention_head_size': 4, 'learning_rate': 0.03564796376557488}. Best is trial 41 with value: 0.11050210148096085.
LOCAL_RANK: 0 - CUDA_VISIBLE_DEVICES: [0]
[I 2023-11-30 14:45:01,039] Trial 114 finished with value: 0.19646315276622772 and parameters: {'gradient_clip_val': 0.7253565404773401, 'hidden_size': 64, 'dropout': 0.1581845357122237, 'hidden_continuous_size': 29, 'attention_head_size': 4, 'learning_rate': 0.04371537349821539}. Best is trial 41 with value: 0.11050210148096085.
LOCAL_RANK: 0 - CUDA_VISIBLE_DEVICES: [0]
[I 2023-11-30 14:45:14,940] Trial 115 finished with value: 0.14514856040477753 and parameters: {'gradient_clip_val': 0.5682780236918719, 'hidden_size': 39, 'dropout': 0.17370391200719718, 'hidden_continuous_size': 36, 'attention_head_size': 4, 'learning_rate': 0.04978463512578431}. Best is trial 41 with value: 0.11050210148096085.
LOCAL_RANK: 0 - CUDA_VISIBLE_DEVICES: [0]
[I 2023-11-30 14:45:30,063] Trial 116 finished with value: 0.17267410457134247 and parameters: {'gradient_clip_val': 0.6138180291497332, 'hidden_size': 53, 'dropout': 0.18295850307059008, 'hidden_continuous_size': 31, 'attention_head_size': 4, 'learning_rate': 0.0699466231177001}. Best is trial 41 with value: 0.11050210148096085.
LOCAL_RANK: 0 - CUDA_VISIBLE_DEVICES: [0]
[I 2023-11-30 14:45:44,325] Trial 117 finished with value: 0.19260580837726593 and parameters: {'gradient_clip_val': 0.5437978652641134, 'hidden_size': 31, 'dropout': 0.20686523682183, 'hidden_continuous_size': 29, 'attention_head_size': 2, 'learning_rate': 0.03148838343662414}. Best is trial 41 with value: 0.11050210148096085.
LOCAL_RANK: 0 - CUDA_VISIBLE_DEVICES: [0]
[I 2023-11-30 14:45:58,250] Trial 118 finished with value: 0.1665479689836502 and parameters: {'gradient_clip_val': 0.6693217968313788, 'hidden_size': 34, 'dropout': 0.25558229473894517, 'hidden_continuous_size': 33, 'attention_head_size': 3, 'learning_rate': 0.040485987596669666}. Best is trial 41 with value: 0.11050210148096085.
LOCAL_RANK: 0 - CUDA_VISIBLE_DEVICES: [0]
[I 2023-11-30 14:46:13,337] Trial 119 finished with value: 0.28545650839805603 and parameters: {'gradient_clip_val': 0.7663784137317552, 'hidden_size': 60, 'dropout': 0.22523085266542445, 'hidden_continuous_size': 50, 'attention_head_size': 1, 'learning_rate': 0.05969592805606697}. Best is trial 41 with value: 0.11050210148096085.
LOCAL_RANK: 0 - CUDA_VISIBLE_DEVICES: [0]
[I 2023-11-30 14:46:28,408] Trial 120 finished with value: 0.18262994289398193 and parameters: {'gradient_clip_val': 0.5193678143872041, 'hidden_size': 49, 'dropout': 0.2128161337434037, 'hidden_continuous_size': 39, 'attention_head_size': 4, 'learning_rate': 0.07760663269075592}. Best is trial 41 with value: 0.11050210148096085.
LOCAL_RANK: 0 - CUDA_VISIBLE_DEVICES: [0]
[I 2023-11-30 14:46:43,001] Trial 121 finished with value: 0.16298772394657135 and parameters: {'gradient_clip_val': 0.818353097376776, 'hidden_size': 60, 'dropout': 0.1700359141773243, 'hidden_continuous_size': 32, 'attention_head_size': 3, 'learning_rate': 0.06641098650356403}. Best is trial 41 with value: 0.11050210148096085.
LOCAL_RANK: 0 - CUDA_VISIBLE_DEVICES: [0]
[I 2023-11-30 14:46:58,091] Trial 122 finished with value: 0.20893199741840363 and parameters: {'gradient_clip_val': 0.8341554182597178, 'hidden_size': 68, 'dropout': 0.17661664342070987, 'hidden_continuous_size': 32, 'attention_head_size': 3, 'learning_rate': 0.0552771668284221}. Best is trial 41 with value: 0.11050210148096085.
LOCAL_RANK: 0 - CUDA_VISIBLE_DEVICES: [0]
[I 2023-11-30 14:47:12,710] Trial 123 finished with value: 0.21511012315750122 and parameters: {'gradient_clip_val': 0.8770145119948528, 'hidden_size': 62, 'dropout': 0.1584964701044252, 'hidden_continuous_size': 34, 'attention_head_size': 3, 'learning_rate': 0.06470914613622754}. Best is trial 41 with value: 0.11050210148096085.
LOCAL_RANK: 0 - CUDA_VISIBLE_DEVICES: [0]
[I 2023-11-30 14:47:27,161] Trial 124 finished with value: 0.1720583587884903 and parameters: {'gradient_clip_val': 0.7343057580425925, 'hidden_size': 55, 'dropout': 0.16577527309397103, 'hidden_continuous_size': 35, 'attention_head_size': 3, 'learning_rate': 0.08755885879748618}. Best is trial 41 with value: 0.11050210148096085.
LOCAL_RANK: 0 - CUDA_VISIBLE_DEVICES: [0]
[I 2023-11-30 14:47:42,146] Trial 125 finished with value: 0.17331671714782715 and parameters: {'gradient_clip_val': 0.9592299184567095, 'hidden_size': 64, 'dropout': 0.1873638437556548, 'hidden_continuous_size': 33, 'attention_head_size': 3, 'learning_rate': 0.045466049673308195}. Best is trial 41 with value: 0.11050210148096085.
LOCAL_RANK: 0 - CUDA_VISIBLE_DEVICES: [0]
[I 2023-11-30 14:47:57,356] Trial 126 finished with value: 0.13218989968299866 and parameters: {'gradient_clip_val': 0.5873693004254609, 'hidden_size': 75, 'dropout': 0.17963829400496326, 'hidden_continuous_size': 55, 'attention_head_size': 3, 'learning_rate': 0.050575632297614956}. Best is trial 41 with value: 0.11050210148096085.
LOCAL_RANK: 0 - CUDA_VISIBLE_DEVICES: [0]
[I 2023-11-30 14:48:12,069] Trial 127 finished with value: 0.10533612221479416 and parameters: {'gradient_clip_val': 0.7832278015416064, 'hidden_size': 79, 'dropout': 0.19582993207489569, 'hidden_continuous_size': 31, 'attention_head_size': 2, 'learning_rate': 0.03678855589547263}. Best is trial 127 with value: 0.10533612221479416.
LOCAL_RANK: 0 - CUDA_VISIBLE_DEVICES: [0]
[I 2023-11-30 14:48:27,349] Trial 128 finished with value: 0.1935182362794876 and parameters: {'gradient_clip_val': 0.6327006481078468, 'hidden_size': 81, 'dropout': 0.24960687092518175, 'hidden_continuous_size': 27, 'attention_head_size': 2, 'learning_rate': 0.036588048169409366}. Best is trial 127 with value: 0.10533612221479416.
LOCAL_RANK: 0 - CUDA_VISIBLE_DEVICES: [0]
[I 2023-11-30 14:48:41,428] Trial 129 finished with value: 0.15771318972110748 and parameters: {'gradient_clip_val': 0.7116746362957982, 'hidden_size': 35, 'dropout': 0.19636070049998647, 'hidden_continuous_size': 33, 'attention_head_size': 2, 'learning_rate': 0.032165157810648236}. Best is trial 127 with value: 0.10533612221479416.
LOCAL_RANK: 0 - CUDA_VISIBLE_DEVICES: [0]
[I 2023-11-30 14:48:56,576] Trial 130 finished with value: 0.18478460609912872 and parameters: {'gradient_clip_val': 0.4784547613947709, 'hidden_size': 72, 'dropout': 0.26605159645311494, 'hidden_continuous_size': 48, 'attention_head_size': 2, 'learning_rate': 0.028196639420406493}. Best is trial 127 with value: 0.10533612221479416.
LOCAL_RANK: 0 - CUDA_VISIBLE_DEVICES: [0]
[I 2023-11-30 14:49:12,049] Trial 131 finished with value: 0.16362495720386505 and parameters: {'gradient_clip_val': 0.799737226320468, 'hidden_size': 57, 'dropout': 0.18702265662153986, 'hidden_continuous_size': 35, 'attention_head_size': 2, 'learning_rate': 0.04053220533793191}. Best is trial 127 with value: 0.10533612221479416.
LOCAL_RANK: 0 - CUDA_VISIBLE_DEVICES: [0]
[I 2023-11-30 14:49:26,657] Trial 132 finished with value: 0.18574269115924835 and parameters: {'gradient_clip_val': 0.6692964902703519, 'hidden_size': 38, 'dropout': 0.1491618426581, 'hidden_continuous_size': 36, 'attention_head_size': 2, 'learning_rate': 0.03467545242021578}. Best is trial 127 with value: 0.10533612221479416.
LOCAL_RANK: 0 - CUDA_VISIBLE_DEVICES: [0]
[I 2023-11-30 14:49:41,510] Trial 133 finished with value: 0.12315282970666885 and parameters: {'gradient_clip_val': 0.840732574677809, 'hidden_size': 46, 'dropout': 0.20266632278931843, 'hidden_continuous_size': 40, 'attention_head_size': 3, 'learning_rate': 0.04700940757721469}. Best is trial 127 with value: 0.10533612221479416.
LOCAL_RANK: 0 - CUDA_VISIBLE_DEVICES: [0]
[I 2023-11-30 14:49:55,101] Trial 134 finished with value: 0.19458091259002686 and parameters: {'gradient_clip_val': 0.762938011569291, 'hidden_size': 46, 'dropout': 0.21008010024447546, 'hidden_continuous_size': 43, 'attention_head_size': 1, 'learning_rate': 0.04421444305898927}. Best is trial 127 with value: 0.10533612221479416.
LOCAL_RANK: 0 - CUDA_VISIBLE_DEVICES: [0]
[I 2023-11-30 14:50:08,536] Trial 135 finished with value: 0.17816977202892303 and parameters: {'gradient_clip_val': 0.6981633304903911, 'hidden_size': 43, 'dropout': 0.19761956579998768, 'hidden_continuous_size': 40, 'attention_head_size': 3, 'learning_rate': 0.04768334922700238}. Best is trial 127 with value: 0.10533612221479416.
LOCAL_RANK: 0 - CUDA_VISIBLE_DEVICES: [0]
[I 2023-11-30 14:50:21,958] Trial 136 finished with value: 0.12912046909332275 and parameters: {'gradient_clip_val': 0.8586800776304632, 'hidden_size': 41, 'dropout': 0.21512835415791617, 'hidden_continuous_size': 37, 'attention_head_size': 2, 'learning_rate': 0.038044584708352605}. Best is trial 127 with value: 0.10533612221479416.
LOCAL_RANK: 0 - CUDA_VISIBLE_DEVICES: [0]
[I 2023-11-30 14:50:35,693] Trial 137 finished with value: 0.142618790268898 and parameters: {'gradient_clip_val': 0.6107271482351375, 'hidden_size': 51, 'dropout': 0.20548554591574544, 'hidden_continuous_size': 46, 'attention_head_size': 3, 'learning_rate': 0.02946359586855721}. Best is trial 127 with value: 0.10533612221479416.
LOCAL_RANK: 0 - CUDA_VISIBLE_DEVICES: [0]
[I 2023-11-30 14:50:49,130] Trial 138 finished with value: 0.10834910720586777 and parameters: {'gradient_clip_val': 0.790171090838311, 'hidden_size': 46, 'dropout': 0.2416403703891962, 'hidden_continuous_size': 40, 'attention_head_size': 2, 'learning_rate': 0.05246585646264669}. Best is trial 127 with value: 0.10533612221479416.
LOCAL_RANK: 0 - CUDA_VISIBLE_DEVICES: [0]
[I 2023-11-30 14:51:02,559] Trial 139 finished with value: 0.1462644636631012 and parameters: {'gradient_clip_val': 0.7699412687462993, 'hidden_size': 48, 'dropout': 0.24626182061075522, 'hidden_continuous_size': 40, 'attention_head_size': 2, 'learning_rate': 0.055219652938908514}. Best is trial 127 with value: 0.10533612221479416.
LOCAL_RANK: 0 - CUDA_VISIBLE_DEVICES: [0]
[I 2023-11-30 14:51:16,007] Trial 140 finished with value: 0.1448487788438797 and parameters: {'gradient_clip_val': 0.9215479091025391, 'hidden_size': 45, 'dropout': 0.23509159244619332, 'hidden_continuous_size': 41, 'attention_head_size': 2, 'learning_rate': 0.04105570229668916}. Best is trial 127 with value: 0.10533612221479416.
LOCAL_RANK: 0 - CUDA_VISIBLE_DEVICES: [0]
[I 2023-11-30 14:51:29,273] Trial 141 finished with value: 0.1925704926252365 and parameters: {'gradient_clip_val': 0.7355860413389244, 'hidden_size': 40, 'dropout': 0.24218263731323939, 'hidden_continuous_size': 38, 'attention_head_size': 2, 'learning_rate': 0.0517115053121811}. Best is trial 127 with value: 0.10533612221479416.
LOCAL_RANK: 0 - CUDA_VISIBLE_DEVICES: [0]
[I 2023-11-30 14:51:42,899] Trial 142 finished with value: 0.17377014458179474 and parameters: {'gradient_clip_val': 0.7954357586044298, 'hidden_size': 53, 'dropout': 0.2558712246603208, 'hidden_continuous_size': 44, 'attention_head_size': 2, 'learning_rate': 0.05983178322705886}. Best is trial 127 with value: 0.10533612221479416.
LOCAL_RANK: 0 - CUDA_VISIBLE_DEVICES: [0]
[I 2023-11-30 14:51:56,062] Trial 143 finished with value: 0.12636420130729675 and parameters: {'gradient_clip_val': 0.6461481332078455, 'hidden_size': 43, 'dropout': 0.22218945964538606, 'hidden_continuous_size': 38, 'attention_head_size': 2, 'learning_rate': 0.04771863853072505}. Best is trial 127 with value: 0.10533612221479416.
LOCAL_RANK: 0 - CUDA_VISIBLE_DEVICES: [0]
[I 2023-11-30 14:52:09,241] Trial 144 finished with value: 0.16422666609287262 and parameters: {'gradient_clip_val': 0.5639763487431906, 'hidden_size': 38, 'dropout': 0.23003643926888917, 'hidden_continuous_size': 36, 'attention_head_size': 4, 'learning_rate': 0.037720258965930564}. Best is trial 127 with value: 0.10533612221479416.
LOCAL_RANK: 0 - CUDA_VISIBLE_DEVICES: [0]
[I 2023-11-30 14:52:22,034] Trial 145 finished with value: 0.12321531027555466 and parameters: {'gradient_clip_val': 0.6901383645544937, 'hidden_size': 36, 'dropout': 0.19199812397389426, 'hidden_continuous_size': 34, 'attention_head_size': 1, 'learning_rate': 0.034043397141318876}. Best is trial 127 with value: 0.10533612221479416.
LOCAL_RANK: 0 - CUDA_VISIBLE_DEVICES: [0]
[I 2023-11-30 14:52:34,830] Trial 146 finished with value: 0.1778654307126999 and parameters: {'gradient_clip_val': 0.6862534498414159, 'hidden_size': 36, 'dropout': 0.19017189708044696, 'hidden_continuous_size': 34, 'attention_head_size': 1, 'learning_rate': 0.025168786769615207}. Best is trial 127 with value: 0.10533612221479416.
LOCAL_RANK: 0 - CUDA_VISIBLE_DEVICES: [0]
[I 2023-11-30 14:52:47,867] Trial 147 finished with value: 0.21765808761119843 and parameters: {'gradient_clip_val': 0.8498714705772191, 'hidden_size': 33, 'dropout': 0.25006011245099213, 'hidden_continuous_size': 31, 'attention_head_size': 1, 'learning_rate': 0.03358816689539068}. Best is trial 127 with value: 0.10533612221479416.
LOCAL_RANK: 0 - CUDA_VISIBLE_DEVICES: [0]
[I 2023-11-30 14:53:01,199] Trial 148 finished with value: 0.1914413422346115 and parameters: {'gradient_clip_val': 0.7637284411261589, 'hidden_size': 46, 'dropout': 0.2369991877218469, 'hidden_continuous_size': 40, 'attention_head_size': 1, 'learning_rate': 0.030879313554172644}. Best is trial 127 with value: 0.10533612221479416.
LOCAL_RANK: 0 - CUDA_VISIBLE_DEVICES: [0]
[I 2023-11-30 14:53:13,973] Trial 149 finished with value: 0.2863875925540924 and parameters: {'gradient_clip_val': 0.7194305603941417, 'hidden_size': 30, 'dropout': 0.21811420281706984, 'hidden_continuous_size': 29, 'attention_head_size': 1, 'learning_rate': 0.019990679703530655}. Best is trial 127 with value: 0.10533612221479416.
[I 2023-11-30 14:53:14,086] A new study created in memory with name: no-name-2d205ad4-5897-43e3-9eb9-39f1f056c568
/home/le004/conda/anaconda3/envs/tsff_env/lib/python3.9/site-packages/lightning/fabric/plugins/environments/slurm.py:191: The `srun` command is available on your system but is not used. HINT: If your intention is to run Lightning on SLURM, prepend your python command with `srun` like so: srun python /home/le004/master_thesis/git/TSFusionForecast/code/ ...
LOCAL_RANK: 0 - CUDA_VISIBLE_DEVICES: [0]
[I 2023-11-30 14:53:27,895] Trial 0 finished with value: 0.7106800079345703 and parameters: {'gradient_clip_val': 0.34610854886998654, 'hidden_size': 107, 'dropout': 0.16131394739843324, 'hidden_continuous_size': 11, 'attention_head_size': 4, 'learning_rate': 0.07173321399265438}. Best is trial 0 with value: 0.7106800079345703.
LOCAL_RANK: 0 - CUDA_VISIBLE_DEVICES: [0]
[I 2023-11-30 14:53:42,525] Trial 1 finished with value: 0.2494809627532959 and parameters: {'gradient_clip_val': 0.6118626446054285, 'hidden_size': 139, 'dropout': 0.321606317306671, 'hidden_continuous_size': 49, 'attention_head_size': 3, 'learning_rate': 0.021057324943175842}. Best is trial 1 with value: 0.2494809627532959.
LOCAL_RANK: 0 - CUDA_VISIBLE_DEVICES: [0]
[I 2023-11-30 14:53:55,383] Trial 2 finished with value: 3.608694314956665 and parameters: {'gradient_clip_val': 0.9716085138333734, 'hidden_size': 40, 'dropout': 0.24074159444880827, 'hidden_continuous_size': 15, 'attention_head_size': 2, 'learning_rate': 0.0016436657873826822}. Best is trial 1 with value: 0.2494809627532959.
LOCAL_RANK: 0 - CUDA_VISIBLE_DEVICES: [0]
[I 2023-11-30 14:54:09,034] Trial 3 finished with value: 0.20016340911388397 and parameters: {'gradient_clip_val': 0.3216483563482274, 'hidden_size': 76, 'dropout': 0.37980157406341153, 'hidden_continuous_size': 24, 'attention_head_size': 3, 'learning_rate': 0.02749590457195402}. Best is trial 3 with value: 0.20016340911388397.
LOCAL_RANK: 0 - CUDA_VISIBLE_DEVICES: [0]
[I 2023-11-30 14:54:21,517] Trial 4 finished with value: 2.400068521499634 and parameters: {'gradient_clip_val': 0.541735167933451, 'hidden_size': 13, 'dropout': 0.30284502731194046, 'hidden_continuous_size': 10, 'attention_head_size': 2, 'learning_rate': 0.01035088663618084}. Best is trial 3 with value: 0.20016340911388397.
LOCAL_RANK: 0 - CUDA_VISIBLE_DEVICES: [0]
[I 2023-11-30 14:54:34,470] Trial 5 finished with value: 0.6899552345275879 and parameters: {'gradient_clip_val': 0.4050236157789569, 'hidden_size': 42, 'dropout': 0.12962249418289326, 'hidden_continuous_size': 23, 'attention_head_size': 2, 'learning_rate': 0.007642173654873752}. Best is trial 3 with value: 0.20016340911388397.
LOCAL_RANK: 0 - CUDA_VISIBLE_DEVICES: [0]
[I 2023-11-30 14:54:45,393] Trial 6 finished with value: 0.5161228775978088 and parameters: {'gradient_clip_val': 0.826525995454997, 'hidden_size': 14, 'dropout': 0.2839812905425599, 'hidden_continuous_size': 14, 'attention_head_size': 2, 'learning_rate': 0.050157639399840415}. Best is trial 3 with value: 0.20016340911388397.
LOCAL_RANK: 0 - CUDA_VISIBLE_DEVICES: [0]
[I 2023-11-30 14:54:58,106] Trial 7 finished with value: 0.20068879425525665 and parameters: {'gradient_clip_val': 0.47625016417490984, 'hidden_size': 36, 'dropout': 0.21075041606600722, 'hidden_continuous_size': 15, 'attention_head_size': 1, 'learning_rate': 0.04146810286254013}. Best is trial 3 with value: 0.20016340911388397.
LOCAL_RANK: 0 - CUDA_VISIBLE_DEVICES: [0]
[I 2023-11-30 14:55:10,685] Trial 8 finished with value: 0.25410953164100647 and parameters: {'gradient_clip_val': 0.2381691006559475, 'hidden_size': 26, 'dropout': 0.20424235508179533, 'hidden_continuous_size': 24, 'attention_head_size': 1, 'learning_rate': 0.09301141437483411}. Best is trial 3 with value: 0.20016340911388397.
LOCAL_RANK: 0 - CUDA_VISIBLE_DEVICES: [0]
[I 2023-11-30 14:55:22,838] Trial 9 finished with value: 0.8207893967628479 and parameters: {'gradient_clip_val': 0.3908016477648068, 'hidden_size': 13, 'dropout': 0.14030961337349063, 'hidden_continuous_size': 11, 'attention_head_size': 2, 'learning_rate': 0.027545617077526414}. Best is trial 3 with value: 0.20016340911388397.
LOCAL_RANK: 0 - CUDA_VISIBLE_DEVICES: [0]
[I 2023-11-30 14:55:36,946] Trial 10 finished with value: 0.22172538936138153 and parameters: {'gradient_clip_val': 0.12106717746717925, 'hidden_size': 78, 'dropout': 0.3972234664412868, 'hidden_continuous_size': 45, 'attention_head_size': 4, 'learning_rate': 0.014467263743632117}. Best is trial 3 with value: 0.20016340911388397.
LOCAL_RANK: 0 - CUDA_VISIBLE_DEVICES: [0]
[I 2023-11-30 14:55:50,396] Trial 11 finished with value: 0.20220907032489777 and parameters: {'gradient_clip_val': 0.25992906391514625, 'hidden_size': 58, 'dropout': 0.3652988800727321, 'hidden_continuous_size': 21, 'attention_head_size': 1, 'learning_rate': 0.036209314557006815}. Best is trial 3 with value: 0.20016340911388397.
LOCAL_RANK: 0 - CUDA_VISIBLE_DEVICES: [0]
[I 2023-11-30 14:56:04,191] Trial 12 finished with value: 0.23501789569854736 and parameters: {'gradient_clip_val': 0.23719027353154498, 'hidden_size': 71, 'dropout': 0.23142832672827418, 'hidden_continuous_size': 33, 'attention_head_size': 3, 'learning_rate': 0.04337985176571732}. Best is trial 3 with value: 0.20016340911388397.
LOCAL_RANK: 0 - CUDA_VISIBLE_DEVICES: [0]
[I 2023-11-30 14:56:16,735] Trial 13 finished with value: 0.20148809254169464 and parameters: {'gradient_clip_val': 0.5332789289497102, 'hidden_size': 26, 'dropout': 0.18987390823672373, 'hidden_continuous_size': 17, 'attention_head_size': 3, 'learning_rate': 0.0952342841249007}. Best is trial 3 with value: 0.20016340911388397.
LOCAL_RANK: 0 - CUDA_VISIBLE_DEVICES: [0]
[I 2023-11-30 14:56:30,163] Trial 14 finished with value: 0.3271207809448242 and parameters: {'gradient_clip_val': 0.17340199793326874, 'hidden_size': 55, 'dropout': 0.2696156037631221, 'hidden_continuous_size': 30, 'attention_head_size': 1, 'learning_rate': 0.023369773427241596}. Best is trial 3 with value: 0.20016340911388397.
LOCAL_RANK: 0 - CUDA_VISIBLE_DEVICES: [0]
