[I 2023-11-30 06:04:02,652] Trial 107 finished with value: 70.01764678955078 and parameters: {'gradient_clip_val': 0.8310681663970146, 'hidden_size': 38, 'dropout': 0.3964668529487265, 'hidden_continuous_size': 24, 'attention_head_size': 1, 'learning_rate': 0.006820158230153528}. Best is trial 16 with value: 49.07439041137695.
LOCAL_RANK: 0 - CUDA_VISIBLE_DEVICES: [0]
[I 2023-11-30 06:04:16,206] Trial 108 finished with value: 55.08475875854492 and parameters: {'gradient_clip_val': 0.5842208498064058, 'hidden_size': 41, 'dropout': 0.36866828399944745, 'hidden_continuous_size': 21, 'attention_head_size': 4, 'learning_rate': 0.009636825898113335}. Best is trial 16 with value: 49.07439041137695.
LOCAL_RANK: 0 - CUDA_VISIBLE_DEVICES: [0]
[I 2023-11-30 06:04:29,330] Trial 109 finished with value: 64.70812225341797 and parameters: {'gradient_clip_val': 0.4057362274747755, 'hidden_size': 44, 'dropout': 0.35452154761510507, 'hidden_continuous_size': 22, 'attention_head_size': 4, 'learning_rate': 0.0184782504226613}. Best is trial 16 with value: 49.07439041137695.
LOCAL_RANK: 0 - CUDA_VISIBLE_DEVICES: [0]
[I 2023-11-30 06:04:42,022] Trial 110 finished with value: 60.93235397338867 and parameters: {'gradient_clip_val': 0.7305602976125339, 'hidden_size': 30, 'dropout': 0.38184620754021575, 'hidden_continuous_size': 10, 'attention_head_size': 4, 'learning_rate': 0.01448628549224029}. Best is trial 16 with value: 49.07439041137695.
LOCAL_RANK: 0 - CUDA_VISIBLE_DEVICES: [0]
[I 2023-11-30 06:04:55,364] Trial 111 finished with value: 53.52360534667969 and parameters: {'gradient_clip_val': 0.9460936582526374, 'hidden_size': 56, 'dropout': 0.3761882080669416, 'hidden_continuous_size': 18, 'attention_head_size': 4, 'learning_rate': 0.01215385823196705}. Best is trial 16 with value: 49.07439041137695.
LOCAL_RANK: 0 - CUDA_VISIBLE_DEVICES: [0]
[I 2023-11-30 06:05:08,474] Trial 112 finished with value: 64.093994140625 and parameters: {'gradient_clip_val': 0.9765097634959816, 'hidden_size': 56, 'dropout': 0.38801329173077803, 'hidden_continuous_size': 17, 'attention_head_size': 4, 'learning_rate': 0.012304091362933077}. Best is trial 16 with value: 49.07439041137695.
LOCAL_RANK: 0 - CUDA_VISIBLE_DEVICES: [0]
[I 2023-11-30 06:05:21,945] Trial 113 finished with value: 55.07297897338867 and parameters: {'gradient_clip_val': 0.8858112478858308, 'hidden_size': 50, 'dropout': 0.3992167328292116, 'hidden_continuous_size': 19, 'attention_head_size': 4, 'learning_rate': 0.010502580939652138}. Best is trial 16 with value: 49.07439041137695.
LOCAL_RANK: 0 - CUDA_VISIBLE_DEVICES: [0]
[I 2023-11-30 06:05:35,158] Trial 114 finished with value: 84.30989837646484 and parameters: {'gradient_clip_val': 0.9531537422218205, 'hidden_size': 47, 'dropout': 0.37675313374378944, 'hidden_continuous_size': 18, 'attention_head_size': 4, 'learning_rate': 0.01606557947124279}. Best is trial 16 with value: 49.07439041137695.
LOCAL_RANK: 0 - CUDA_VISIBLE_DEVICES: [0]
[I 2023-11-30 06:05:48,407] Trial 115 finished with value: 93.6620864868164 and parameters: {'gradient_clip_val': 0.46279340281424725, 'hidden_size': 51, 'dropout': 0.36799694268464567, 'hidden_continuous_size': 14, 'attention_head_size': 4, 'learning_rate': 0.009234282065769657}. Best is trial 16 with value: 49.07439041137695.
LOCAL_RANK: 0 - CUDA_VISIBLE_DEVICES: [0]
[I 2023-11-30 06:06:01,494] Trial 116 finished with value: 61.09701919555664 and parameters: {'gradient_clip_val': 0.8594925857563258, 'hidden_size': 33, 'dropout': 0.34960945145247885, 'hidden_continuous_size': 16, 'attention_head_size': 4, 'learning_rate': 0.01255400523940057}. Best is trial 16 with value: 49.07439041137695.
LOCAL_RANK: 0 - CUDA_VISIBLE_DEVICES: [0]
[I 2023-11-30 06:06:14,361] Trial 117 finished with value: 60.316925048828125 and parameters: {'gradient_clip_val': 0.7932118628337377, 'hidden_size': 40, 'dropout': 0.39313672534619704, 'hidden_continuous_size': 19, 'attention_head_size': 2, 'learning_rate': 0.013523538508314292}. Best is trial 16 with value: 49.07439041137695.
LOCAL_RANK: 0 - CUDA_VISIBLE_DEVICES: [0]
[I 2023-11-30 06:06:27,637] Trial 118 finished with value: 58.14398193359375 and parameters: {'gradient_clip_val': 0.902698368853966, 'hidden_size': 44, 'dropout': 0.3602782135168193, 'hidden_continuous_size': 23, 'attention_head_size': 3, 'learning_rate': 0.0075300232506669215}. Best is trial 16 with value: 49.07439041137695.
LOCAL_RANK: 0 - CUDA_VISIBLE_DEVICES: [0]
[I 2023-11-30 06:06:40,691] Trial 119 finished with value: 56.17392349243164 and parameters: {'gradient_clip_val': 0.9860350357846963, 'hidden_size': 37, 'dropout': 0.3839606346470616, 'hidden_continuous_size': 13, 'attention_head_size': 4, 'learning_rate': 0.017839340857526986}. Best is trial 16 with value: 49.07439041137695.
LOCAL_RANK: 0 - CUDA_VISIBLE_DEVICES: [0]
[I 2023-11-30 06:06:53,887] Trial 120 finished with value: 78.15540313720703 and parameters: {'gradient_clip_val': 0.75796290143133, 'hidden_size': 56, 'dropout': 0.3226887168721818, 'hidden_continuous_size': 24, 'attention_head_size': 3, 'learning_rate': 0.01508945485320545}. Best is trial 16 with value: 49.07439041137695.
LOCAL_RANK: 0 - CUDA_VISIBLE_DEVICES: [0]
[I 2023-11-30 06:07:07,539] Trial 121 finished with value: 98.25372314453125 and parameters: {'gradient_clip_val': 0.9419570367849874, 'hidden_size': 63, 'dropout': 0.37932492969017056, 'hidden_continuous_size': 20, 'attention_head_size': 4, 'learning_rate': 0.010512044536368932}. Best is trial 16 with value: 49.07439041137695.
LOCAL_RANK: 0 - CUDA_VISIBLE_DEVICES: [0]
[I 2023-11-30 06:07:21,294] Trial 122 finished with value: 76.52269744873047 and parameters: {'gradient_clip_val': 0.9184349086346877, 'hidden_size': 61, 'dropout': 0.37497341868207607, 'hidden_continuous_size': 20, 'attention_head_size': 4, 'learning_rate': 0.010967975987955654}. Best is trial 16 with value: 49.07439041137695.
LOCAL_RANK: 0 - CUDA_VISIBLE_DEVICES: [0]
[I 2023-11-30 06:07:35,161] Trial 123 finished with value: 79.14083099365234 and parameters: {'gradient_clip_val': 0.8310614556055196, 'hidden_size': 70, 'dropout': 0.3710276323345305, 'hidden_continuous_size': 25, 'attention_head_size': 4, 'learning_rate': 0.01169576735656501}. Best is trial 16 with value: 49.07439041137695.
LOCAL_RANK: 0 - CUDA_VISIBLE_DEVICES: [0]
[I 2023-11-30 06:07:48,913] Trial 124 finished with value: 73.22620391845703 and parameters: {'gradient_clip_val': 0.997919696240336, 'hidden_size': 66, 'dropout': 0.3888554182154879, 'hidden_continuous_size': 18, 'attention_head_size': 4, 'learning_rate': 0.009092003409638455}. Best is trial 16 with value: 49.07439041137695.
LOCAL_RANK: 0 - CUDA_VISIBLE_DEVICES: [0]
[I 2023-11-30 06:08:02,068] Trial 125 finished with value: 55.708282470703125 and parameters: {'gradient_clip_val': 0.8739931037558569, 'hidden_size': 48, 'dropout': 0.34404179229531934, 'hidden_continuous_size': 20, 'attention_head_size': 4, 'learning_rate': 0.008316846335140075}. Best is trial 16 with value: 49.07439041137695.
LOCAL_RANK: 0 - CUDA_VISIBLE_DEVICES: [0]
[I 2023-11-30 06:08:15,377] Trial 126 finished with value: 74.198974609375 and parameters: {'gradient_clip_val': 0.9325231873652206, 'hidden_size': 53, 'dropout': 0.35752385699361094, 'hidden_continuous_size': 17, 'attention_head_size': 4, 'learning_rate': 0.013461656657181412}. Best is trial 16 with value: 49.07439041137695.
LOCAL_RANK: 0 - CUDA_VISIBLE_DEVICES: [0]
[I 2023-11-30 06:08:28,075] Trial 127 finished with value: 69.02027130126953 and parameters: {'gradient_clip_val': 0.8033710732792507, 'hidden_size': 28, 'dropout': 0.37961363349546046, 'hidden_continuous_size': 11, 'attention_head_size': 4, 'learning_rate': 0.0063636060071062765}. Best is trial 16 with value: 49.07439041137695.
LOCAL_RANK: 0 - CUDA_VISIBLE_DEVICES: [0]
[I 2023-11-30 06:08:41,711] Trial 128 finished with value: 74.4843521118164 and parameters: {'gradient_clip_val': 0.9099773207542408, 'hidden_size': 58, 'dropout': 0.36503286177556066, 'hidden_continuous_size': 22, 'attention_head_size': 4, 'learning_rate': 0.023615746797157715}. Best is trial 16 with value: 49.07439041137695.
LOCAL_RANK: 0 - CUDA_VISIBLE_DEVICES: [0]
[I 2023-11-30 06:08:54,549] Trial 129 finished with value: 94.93648529052734 and parameters: {'gradient_clip_val': 0.8398954039689362, 'hidden_size': 36, 'dropout': 0.33642019991123306, 'hidden_continuous_size': 21, 'attention_head_size': 2, 'learning_rate': 0.020950053873781176}. Best is trial 16 with value: 49.07439041137695.
LOCAL_RANK: 0 - CUDA_VISIBLE_DEVICES: [0]
[I 2023-11-30 06:09:07,069] Trial 130 finished with value: 88.05599975585938 and parameters: {'gradient_clip_val': 0.3678135445986679, 'hidden_size': 32, 'dropout': 0.39987459158559924, 'hidden_continuous_size': 11, 'attention_head_size': 4, 'learning_rate': 0.011704195110946947}. Best is trial 16 with value: 49.07439041137695.
LOCAL_RANK: 0 - CUDA_VISIBLE_DEVICES: [0]
[I 2023-11-30 06:09:20,481] Trial 131 finished with value: 52.59955978393555 and parameters: {'gradient_clip_val': 0.9984580706328963, 'hidden_size': 55, 'dropout': 0.3844873816310407, 'hidden_continuous_size': 22, 'attention_head_size': 4, 'learning_rate': 0.010168292025200695}. Best is trial 16 with value: 49.07439041137695.
LOCAL_RANK: 0 - CUDA_VISIBLE_DEVICES: [0]
[I 2023-11-30 06:09:33,872] Trial 132 finished with value: 74.7632064819336 and parameters: {'gradient_clip_val': 0.956012816390149, 'hidden_size': 60, 'dropout': 0.3845098910337152, 'hidden_continuous_size': 19, 'attention_head_size': 4, 'learning_rate': 0.009497692107522522}. Best is trial 16 with value: 49.07439041137695.
LOCAL_RANK: 0 - CUDA_VISIBLE_DEVICES: [0]
[I 2023-11-30 06:09:47,482] Trial 133 finished with value: 73.764404296875 and parameters: {'gradient_clip_val': 0.9968117294945654, 'hidden_size': 56, 'dropout': 0.3946936810620849, 'hidden_continuous_size': 22, 'attention_head_size': 4, 'learning_rate': 0.016882079480178072}. Best is trial 16 with value: 49.07439041137695.
LOCAL_RANK: 0 - CUDA_VISIBLE_DEVICES: [0]
[I 2023-11-30 06:10:01,187] Trial 134 finished with value: 95.2104263305664 and parameters: {'gradient_clip_val': 0.8724497284683608, 'hidden_size': 64, 'dropout': 0.37608716731299646, 'hidden_continuous_size': 26, 'attention_head_size': 4, 'learning_rate': 0.010114449539965618}. Best is trial 16 with value: 49.07439041137695.
LOCAL_RANK: 0 - CUDA_VISIBLE_DEVICES: [0]
[I 2023-11-30 06:10:14,544] Trial 135 finished with value: 57.468414306640625 and parameters: {'gradient_clip_val': 0.451950142977789, 'hidden_size': 50, 'dropout': 0.3904096600298795, 'hidden_continuous_size': 23, 'attention_head_size': 4, 'learning_rate': 0.013870311877114606}. Best is trial 16 with value: 49.07439041137695.
LOCAL_RANK: 0 - CUDA_VISIBLE_DEVICES: [0]
[I 2023-11-30 06:10:27,893] Trial 136 finished with value: 87.58013916015625 and parameters: {'gradient_clip_val': 0.33865599698048776, 'hidden_size': 46, 'dropout': 0.37043278948644254, 'hidden_continuous_size': 21, 'attention_head_size': 4, 'learning_rate': 0.01930136059525402}. Best is trial 16 with value: 49.07439041137695.
LOCAL_RANK: 0 - CUDA_VISIBLE_DEVICES: [0]
[I 2023-11-30 06:10:41,075] Trial 137 finished with value: 58.59050369262695 and parameters: {'gradient_clip_val': 0.9144727224278462, 'hidden_size': 43, 'dropout': 0.3541071777584315, 'hidden_continuous_size': 16, 'attention_head_size': 4, 'learning_rate': 0.008595513561106365}. Best is trial 16 with value: 49.07439041137695.
LOCAL_RANK: 0 - CUDA_VISIBLE_DEVICES: [0]
[I 2023-11-30 06:10:54,132] Trial 138 finished with value: 54.4000129699707 and parameters: {'gradient_clip_val': 0.39382053915937854, 'hidden_size': 40, 'dropout': 0.3613997562670421, 'hidden_continuous_size': 12, 'attention_head_size': 4, 'learning_rate': 0.015144233946670355}. Best is trial 16 with value: 49.07439041137695.
LOCAL_RANK: 0 - CUDA_VISIBLE_DEVICES: [0]
[I 2023-11-30 06:11:06,706] Trial 139 finished with value: 76.45392608642578 and parameters: {'gradient_clip_val': 0.42974820255003393, 'hidden_size': 40, 'dropout': 0.34728405758021796, 'hidden_continuous_size': 12, 'attention_head_size': 2, 'learning_rate': 0.012704657986062958}. Best is trial 16 with value: 49.07439041137695.
LOCAL_RANK: 0 - CUDA_VISIBLE_DEVICES: [0]
[I 2023-11-30 06:11:19,686] Trial 140 finished with value: 74.45587921142578 and parameters: {'gradient_clip_val': 0.47077791618406295, 'hidden_size': 38, 'dropout': 0.36328261795867645, 'hidden_continuous_size': 14, 'attention_head_size': 3, 'learning_rate': 0.015079271435664397}. Best is trial 16 with value: 49.07439041137695.
LOCAL_RANK: 0 - CUDA_VISIBLE_DEVICES: [0]
[I 2023-11-30 06:11:32,567] Trial 141 finished with value: 58.85306167602539 and parameters: {'gradient_clip_val': 0.9532983222492136, 'hidden_size': 34, 'dropout': 0.38734048121850667, 'hidden_continuous_size': 12, 'attention_head_size': 4, 'learning_rate': 0.011767636565112935}. Best is trial 16 with value: 49.07439041137695.
LOCAL_RANK: 0 - CUDA_VISIBLE_DEVICES: [0]
[I 2023-11-30 06:11:46,240] Trial 142 finished with value: 73.49855041503906 and parameters: {'gradient_clip_val': 0.3908146787227704, 'hidden_size': 53, 'dropout': 0.38040359313476535, 'hidden_continuous_size': 24, 'attention_head_size': 4, 'learning_rate': 0.01680587219693323}. Best is trial 16 with value: 49.07439041137695.
LOCAL_RANK: 0 - CUDA_VISIBLE_DEVICES: [0]
[I 2023-11-30 06:11:58,969] Trial 143 finished with value: 58.4935302734375 and parameters: {'gradient_clip_val': 0.49179572959368867, 'hidden_size': 36, 'dropout': 0.3701748615334857, 'hidden_continuous_size': 13, 'attention_head_size': 4, 'learning_rate': 0.01111314642917424}. Best is trial 16 with value: 49.07439041137695.
LOCAL_RANK: 0 - CUDA_VISIBLE_DEVICES: [0]
[I 2023-11-30 06:12:11,957] Trial 144 finished with value: 64.2243423461914 and parameters: {'gradient_clip_val': 0.5131005556351539, 'hidden_size': 42, 'dropout': 0.36209897194980184, 'hidden_continuous_size': 10, 'attention_head_size': 4, 'learning_rate': 0.015513610085401381}. Best is trial 16 with value: 49.07439041137695.
LOCAL_RANK: 0 - CUDA_VISIBLE_DEVICES: [0]
[I 2023-11-30 06:12:25,253] Trial 145 finished with value: 87.68329620361328 and parameters: {'gradient_clip_val': 0.4174803815221318, 'hidden_size': 45, 'dropout': 0.3408455665070592, 'hidden_continuous_size': 21, 'attention_head_size': 4, 'learning_rate': 0.007404894010401072}. Best is trial 16 with value: 49.07439041137695.
LOCAL_RANK: 0 - CUDA_VISIBLE_DEVICES: [0]
[I 2023-11-30 06:12:38,001] Trial 146 finished with value: 54.82169723510742 and parameters: {'gradient_clip_val': 0.7855680892409663, 'hidden_size': 31, 'dropout': 0.3742628543565058, 'hidden_continuous_size': 12, 'attention_head_size': 4, 'learning_rate': 0.013149423242009576}. Best is trial 16 with value: 49.07439041137695.
LOCAL_RANK: 0 - CUDA_VISIBLE_DEVICES: [0]
[I 2023-11-30 06:12:51,984] Trial 147 finished with value: 91.6678695678711 and parameters: {'gradient_clip_val': 0.40795206034440795, 'hidden_size': 73, 'dropout': 0.3546362714050885, 'hidden_continuous_size': 27, 'attention_head_size': 4, 'learning_rate': 0.022007064669156758}. Best is trial 16 with value: 49.07439041137695.
LOCAL_RANK: 0 - CUDA_VISIBLE_DEVICES: [0]
[I 2023-11-30 06:13:05,081] Trial 148 finished with value: 51.07073974609375 and parameters: {'gradient_clip_val': 0.6409795519350372, 'hidden_size': 48, 'dropout': 0.3820001867322652, 'hidden_continuous_size': 20, 'attention_head_size': 4, 'learning_rate': 0.010068555561924025}. Best is trial 16 with value: 49.07439041137695.
LOCAL_RANK: 0 - CUDA_VISIBLE_DEVICES: [0]
[I 2023-11-30 06:13:18,815] Trial 149 finished with value: 62.64445877075195 and parameters: {'gradient_clip_val': 0.6522267447775264, 'hidden_size': 48, 'dropout': 0.32897473063531424, 'hidden_continuous_size': 22, 'attention_head_size': 4, 'learning_rate': 0.01010302415791033}. Best is trial 16 with value: 49.07439041137695.
[I 2023-11-30 06:13:18,938] A new study created in memory with name: no-name-697f6344-9fa6-484d-b452-a78d4a33b2c6
/home/le004/conda/anaconda3/envs/tsff_env/lib/python3.9/site-packages/lightning/fabric/plugins/environments/slurm.py:191: The `srun` command is available on your system but is not used. HINT: If your intention is to run Lightning on SLURM, prepend your python command with `srun` like so: srun python /home/le004/master_thesis/git/TSFusionForecast/code/ ...
LOCAL_RANK: 0 - CUDA_VISIBLE_DEVICES: [0]
[I 2023-11-30 06:13:33,484] Trial 0 finished with value: 7267.43896484375 and parameters: {'gradient_clip_val': 0.11030842278491736, 'hidden_size': 147, 'dropout': 0.12642109924911496, 'hidden_continuous_size': 38, 'attention_head_size': 2, 'learning_rate': 0.0019153912864925313}. Best is trial 0 with value: 7267.43896484375.
LOCAL_RANK: 0 - CUDA_VISIBLE_DEVICES: [0]
[I 2023-11-30 06:13:45,712] Trial 1 finished with value: 11556.1240234375 and parameters: {'gradient_clip_val': 0.515110020921032, 'hidden_size': 12, 'dropout': 0.11868321510007705, 'hidden_continuous_size': 11, 'attention_head_size': 3, 'learning_rate': 0.022444435581901734}. Best is trial 0 with value: 7267.43896484375.
LOCAL_RANK: 0 - CUDA_VISIBLE_DEVICES: [0]
[I 2023-11-30 06:13:59,612] Trial 2 finished with value: 8812.6650390625 and parameters: {'gradient_clip_val': 0.6733383420662356, 'hidden_size': 72, 'dropout': 0.225963967254361, 'hidden_continuous_size': 47, 'attention_head_size': 1, 'learning_rate': 0.0013907929041625216}. Best is trial 0 with value: 7267.43896484375.
LOCAL_RANK: 0 - CUDA_VISIBLE_DEVICES: [0]
[I 2023-11-30 06:14:13,770] Trial 3 finished with value: 7396.93603515625 and parameters: {'gradient_clip_val': 0.1814572186053904, 'hidden_size': 87, 'dropout': 0.11859608233403285, 'hidden_continuous_size': 51, 'attention_head_size': 3, 'learning_rate': 0.003950562623915174}. Best is trial 0 with value: 7267.43896484375.
LOCAL_RANK: 0 - CUDA_VISIBLE_DEVICES: [0]
[I 2023-11-30 06:14:26,556] Trial 4 finished with value: 8787.4599609375 and parameters: {'gradient_clip_val': 0.291842785447475, 'hidden_size': 44, 'dropout': 0.14196834958490367, 'hidden_continuous_size': 13, 'attention_head_size': 3, 'learning_rate': 0.026584691772273333}. Best is trial 0 with value: 7267.43896484375.
LOCAL_RANK: 0 - CUDA_VISIBLE_DEVICES: [0]
[I 2023-11-30 06:14:41,249] Trial 5 finished with value: 9803.38671875 and parameters: {'gradient_clip_val': 0.5424904461536156, 'hidden_size': 111, 'dropout': 0.1204437745620767, 'hidden_continuous_size': 70, 'attention_head_size': 4, 'learning_rate': 0.0303658819510658}. Best is trial 0 with value: 7267.43896484375.
LOCAL_RANK: 0 - CUDA_VISIBLE_DEVICES: [0]
[I 2023-11-30 06:14:52,329] Trial 6 finished with value: 20206.138671875 and parameters: {'gradient_clip_val': 0.9901433264903635, 'hidden_size': 11, 'dropout': 0.3557968285286547, 'hidden_continuous_size': 11, 'attention_head_size': 3, 'learning_rate': 0.0014891811922909403}. Best is trial 0 with value: 7267.43896484375.
LOCAL_RANK: 0 - CUDA_VISIBLE_DEVICES: [0]
[I 2023-11-30 06:15:06,741] Trial 7 finished with value: 10131.7001953125 and parameters: {'gradient_clip_val': 0.2073999871752432, 'hidden_size': 139, 'dropout': 0.30484581415463274, 'hidden_continuous_size': 13, 'attention_head_size': 2, 'learning_rate': 0.0012449566638208737}. Best is trial 0 with value: 7267.43896484375.
LOCAL_RANK: 0 - CUDA_VISIBLE_DEVICES: [0]
[I 2023-11-30 06:15:19,943] Trial 8 finished with value: 8934.5703125 and parameters: {'gradient_clip_val': 0.1964568262539597, 'hidden_size': 39, 'dropout': 0.18377281109484783, 'hidden_continuous_size': 23, 'attention_head_size': 4, 'learning_rate': 0.09062627036581382}. Best is trial 0 with value: 7267.43896484375.
LOCAL_RANK: 0 - CUDA_VISIBLE_DEVICES: [0]
[I 2023-11-30 06:15:34,194] Trial 9 finished with value: 8444.8974609375 and parameters: {'gradient_clip_val': 0.23749760526702313, 'hidden_size': 112, 'dropout': 0.23888031192033946, 'hidden_continuous_size': 61, 'attention_head_size': 4, 'learning_rate': 0.009454519319151948}. Best is trial 0 with value: 7267.43896484375.
LOCAL_RANK: 0 - CUDA_VISIBLE_DEVICES: [0]
[I 2023-11-30 06:15:49,031] Trial 10 finished with value: 10430.12109375 and parameters: {'gradient_clip_val': 0.10383157990209314, 'hidden_size': 150, 'dropout': 0.1897382223347388, 'hidden_continuous_size': 104, 'attention_head_size': 1, 'learning_rate': 0.003776598057569897}. Best is trial 0 with value: 7267.43896484375.
LOCAL_RANK: 0 - CUDA_VISIBLE_DEVICES: [0]
[I 2023-11-30 06:16:02,794] Trial 11 finished with value: 8007.47509765625 and parameters: {'gradient_clip_val': 0.11988779901952404, 'hidden_size': 69, 'dropout': 0.11030701744923367, 'hidden_continuous_size': 35, 'attention_head_size': 2, 'learning_rate': 0.0044203461350224545}. Best is trial 0 with value: 7267.43896484375.
LOCAL_RANK: 0 - CUDA_VISIBLE_DEVICES: [0]
[I 2023-11-30 06:16:16,753] Trial 12 finished with value: 8033.955078125 and parameters: {'gradient_clip_val': 0.14915512689717064, 'hidden_size': 85, 'dropout': 0.1701757191962876, 'hidden_continuous_size': 30, 'attention_head_size': 2, 'learning_rate': 0.003054502333465195}. Best is trial 0 with value: 7267.43896484375.
LOCAL_RANK: 0 - CUDA_VISIBLE_DEVICES: [0]
[I 2023-11-30 06:16:30,505] Trial 13 finished with value: 12834.96875 and parameters: {'gradient_clip_val': 0.13759300612164418, 'hidden_size': 60, 'dropout': 0.1033399112260411, 'hidden_continuous_size': 33, 'attention_head_size': 2, 'learning_rate': 0.002285594345055381}. Best is trial 0 with value: 7267.43896484375.
LOCAL_RANK: 0 - CUDA_VISIBLE_DEVICES: [0]
[I 2023-11-30 06:16:44,781] Trial 14 finished with value: 8423.4111328125 and parameters: {'gradient_clip_val': 0.10098666507355505, 'hidden_size': 94, 'dropout': 0.1575911805032425, 'hidden_continuous_size': 45, 'attention_head_size': 3, 'learning_rate': 0.005956056690222801}. Best is trial 0 with value: 7267.43896484375.
LOCAL_RANK: 0 - CUDA_VISIBLE_DEVICES: [0]
