[I 2023-11-30 15:26:27,196] Trial 132 finished with value: 0.26893797516822815 and parameters: {'gradient_clip_val': 0.9272942396747482, 'hidden_size': 73, 'dropout': 0.23496006671102393, 'hidden_continuous_size': 71, 'attention_head_size': 1, 'learning_rate': 0.023798591176369253}. Best is trial 41 with value: 0.1161491870880127.
LOCAL_RANK: 0 - CUDA_VISIBLE_DEVICES: [0]
[I 2023-11-30 15:26:42,755] Trial 133 finished with value: 0.2112462967634201 and parameters: {'gradient_clip_val': 0.9569066445418486, 'hidden_size': 71, 'dropout': 0.2476834679418301, 'hidden_continuous_size': 69, 'attention_head_size': 1, 'learning_rate': 0.032386218126906625}. Best is trial 41 with value: 0.1161491870880127.
LOCAL_RANK: 0 - CUDA_VISIBLE_DEVICES: [0]
[I 2023-11-30 15:26:58,077] Trial 134 finished with value: 0.1497824788093567 and parameters: {'gradient_clip_val': 0.8964146942610288, 'hidden_size': 84, 'dropout': 0.2416082053305579, 'hidden_continuous_size': 80, 'attention_head_size': 3, 'learning_rate': 0.022446611259378847}. Best is trial 41 with value: 0.1161491870880127.
LOCAL_RANK: 0 - CUDA_VISIBLE_DEVICES: [0]
[I 2023-11-30 15:27:13,863] Trial 135 finished with value: 0.2480817288160324 and parameters: {'gradient_clip_val': 0.8617949936011335, 'hidden_size': 83, 'dropout': 0.23821605472814922, 'hidden_continuous_size': 80, 'attention_head_size': 3, 'learning_rate': 0.02175192790254229}. Best is trial 41 with value: 0.1161491870880127.
LOCAL_RANK: 0 - CUDA_VISIBLE_DEVICES: [0]
[I 2023-11-30 15:27:29,704] Trial 136 finished with value: 0.16008442640304565 and parameters: {'gradient_clip_val': 0.7686540990390357, 'hidden_size': 101, 'dropout': 0.2569919659256304, 'hidden_continuous_size': 87, 'attention_head_size': 3, 'learning_rate': 0.026043418297492453}. Best is trial 41 with value: 0.1161491870880127.
LOCAL_RANK: 0 - CUDA_VISIBLE_DEVICES: [0]
[I 2023-11-30 15:27:45,701] Trial 137 finished with value: 0.14896738529205322 and parameters: {'gradient_clip_val': 0.7617040189309964, 'hidden_size': 106, 'dropout': 0.2602187796073586, 'hidden_continuous_size': 94, 'attention_head_size': 3, 'learning_rate': 0.0259565562559998}. Best is trial 41 with value: 0.1161491870880127.
LOCAL_RANK: 0 - CUDA_VISIBLE_DEVICES: [0]
[I 2023-11-30 15:28:02,280] Trial 138 finished with value: 0.22742269933223724 and parameters: {'gradient_clip_val': 0.7682949415510418, 'hidden_size': 109, 'dropout': 0.24154670076265883, 'hidden_continuous_size': 95, 'attention_head_size': 3, 'learning_rate': 0.02629266192194508}. Best is trial 41 with value: 0.1161491870880127.
LOCAL_RANK: 0 - CUDA_VISIBLE_DEVICES: [0]
[I 2023-11-30 15:28:17,813] Trial 139 finished with value: 0.26801154017448425 and parameters: {'gradient_clip_val': 0.6950443828706744, 'hidden_size': 101, 'dropout': 0.25749929170596286, 'hidden_continuous_size': 87, 'attention_head_size': 3, 'learning_rate': 0.023234619891492846}. Best is trial 41 with value: 0.1161491870880127.
LOCAL_RANK: 0 - CUDA_VISIBLE_DEVICES: [0]
[I 2023-11-30 15:28:33,737] Trial 140 finished with value: 0.14579330384731293 and parameters: {'gradient_clip_val': 0.7524597628520698, 'hidden_size': 93, 'dropout': 0.2282989352591493, 'hidden_continuous_size': 86, 'attention_head_size': 3, 'learning_rate': 0.02098783661405618}. Best is trial 41 with value: 0.1161491870880127.
LOCAL_RANK: 0 - CUDA_VISIBLE_DEVICES: [0]
[I 2023-11-30 15:28:49,679] Trial 141 finished with value: 0.22583822906017303 and parameters: {'gradient_clip_val': 0.7563287226356118, 'hidden_size': 92, 'dropout': 0.24872789873239062, 'hidden_continuous_size': 86, 'attention_head_size': 3, 'learning_rate': 0.01859309639837393}. Best is trial 41 with value: 0.1161491870880127.
LOCAL_RANK: 0 - CUDA_VISIBLE_DEVICES: [0]
[I 2023-11-30 15:29:05,599] Trial 142 finished with value: 0.17781758308410645 and parameters: {'gradient_clip_val': 0.7980232420621546, 'hidden_size': 107, 'dropout': 0.22416876936488883, 'hidden_continuous_size': 99, 'attention_head_size': 3, 'learning_rate': 0.020660284938187695}. Best is trial 41 with value: 0.1161491870880127.
LOCAL_RANK: 0 - CUDA_VISIBLE_DEVICES: [0]
[I 2023-11-30 15:29:21,723] Trial 143 finished with value: 0.13945460319519043 and parameters: {'gradient_clip_val': 0.8739688467209414, 'hidden_size': 97, 'dropout': 0.2583611653802386, 'hidden_continuous_size': 90, 'attention_head_size': 3, 'learning_rate': 0.028673481485849757}. Best is trial 41 with value: 0.1161491870880127.
LOCAL_RANK: 0 - CUDA_VISIBLE_DEVICES: [0]
[I 2023-11-30 15:29:37,690] Trial 144 finished with value: 0.2960825264453888 and parameters: {'gradient_clip_val': 0.7270118029322771, 'hidden_size': 116, 'dropout': 0.2640291450949927, 'hidden_continuous_size': 104, 'attention_head_size': 3, 'learning_rate': 0.025641853364841025}. Best is trial 41 with value: 0.1161491870880127.
LOCAL_RANK: 0 - CUDA_VISIBLE_DEVICES: [0]
[I 2023-11-30 15:29:53,809] Trial 145 finished with value: 0.3296690583229065 and parameters: {'gradient_clip_val': 0.8322448162105138, 'hidden_size': 98, 'dropout': 0.2590623319052518, 'hidden_continuous_size': 91, 'attention_head_size': 3, 'learning_rate': 0.035076188500304854}. Best is trial 41 with value: 0.1161491870880127.
LOCAL_RANK: 0 - CUDA_VISIBLE_DEVICES: [0]
[I 2023-11-30 15:30:10,307] Trial 146 finished with value: 0.19256682693958282 and parameters: {'gradient_clip_val': 0.6779478906407622, 'hidden_size': 95, 'dropout': 0.26607380396003566, 'hidden_continuous_size': 88, 'attention_head_size': 3, 'learning_rate': 0.03042274288648943}. Best is trial 41 with value: 0.1161491870880127.
LOCAL_RANK: 0 - CUDA_VISIBLE_DEVICES: [0]
[I 2023-11-30 15:30:26,563] Trial 147 finished with value: 0.27944400906562805 and parameters: {'gradient_clip_val': 0.8808138689129713, 'hidden_size': 89, 'dropout': 0.25562767514010015, 'hidden_continuous_size': 83, 'attention_head_size': 3, 'learning_rate': 0.03332864036283908}. Best is trial 41 with value: 0.1161491870880127.
LOCAL_RANK: 0 - CUDA_VISIBLE_DEVICES: [0]
[I 2023-11-30 15:30:42,382] Trial 148 finished with value: 0.1300879567861557 and parameters: {'gradient_clip_val': 0.7782976184868137, 'hidden_size': 104, 'dropout': 0.24619530880820267, 'hidden_continuous_size': 95, 'attention_head_size': 3, 'learning_rate': 0.02722500231069942}. Best is trial 41 with value: 0.1161491870880127.
LOCAL_RANK: 0 - CUDA_VISIBLE_DEVICES: [0]
[I 2023-11-30 15:30:58,749] Trial 149 finished with value: 0.16331259906291962 and parameters: {'gradient_clip_val': 0.9029874021126681, 'hidden_size': 104, 'dropout': 0.24827277307625722, 'hidden_continuous_size': 96, 'attention_head_size': 3, 'learning_rate': 0.027699811649182223}. Best is trial 41 with value: 0.1161491870880127.
[I 2023-11-30 15:30:58,872] A new study created in memory with name: no-name-40254dc9-f2d8-4057-88c7-04b91de306d2
/home/le004/conda/anaconda3/envs/tsff_env/lib/python3.9/site-packages/lightning/fabric/plugins/environments/slurm.py:191: The `srun` command is available on your system but is not used. HINT: If your intention is to run Lightning on SLURM, prepend your python command with `srun` like so: srun python /home/le004/master_thesis/git/TSFusionForecast/code/ ...
LOCAL_RANK: 0 - CUDA_VISIBLE_DEVICES: [0]
[I 2023-11-30 15:31:14,576] Trial 0 finished with value: 1.4476518630981445 and parameters: {'gradient_clip_val': 0.28745223055508845, 'hidden_size': 103, 'dropout': 0.3113676506056734, 'hidden_continuous_size': 76, 'attention_head_size': 3, 'learning_rate': 0.0017172997901581143}. Best is trial 0 with value: 1.4476518630981445.
LOCAL_RANK: 0 - CUDA_VISIBLE_DEVICES: [0]
[I 2023-11-30 15:31:30,700] Trial 1 finished with value: 0.992009699344635 and parameters: {'gradient_clip_val': 0.1662486475228355, 'hidden_size': 90, 'dropout': 0.28815613803410206, 'hidden_continuous_size': 86, 'attention_head_size': 2, 'learning_rate': 0.0017709136011245003}. Best is trial 1 with value: 0.992009699344635.
LOCAL_RANK: 0 - CUDA_VISIBLE_DEVICES: [0]
[I 2023-11-30 15:31:44,794] Trial 2 finished with value: 1.3225728273391724 and parameters: {'gradient_clip_val': 0.7263229490285652, 'hidden_size': 15, 'dropout': 0.12886060789597148, 'hidden_continuous_size': 14, 'attention_head_size': 1, 'learning_rate': 0.02084769365192266}. Best is trial 1 with value: 0.992009699344635.
LOCAL_RANK: 0 - CUDA_VISIBLE_DEVICES: [0]
[I 2023-11-30 15:31:59,249] Trial 3 finished with value: 4.358275890350342 and parameters: {'gradient_clip_val': 0.4999302740281002, 'hidden_size': 30, 'dropout': 0.3699769096735471, 'hidden_continuous_size': 12, 'attention_head_size': 2, 'learning_rate': 0.0013593324841251553}. Best is trial 1 with value: 0.992009699344635.
LOCAL_RANK: 0 - CUDA_VISIBLE_DEVICES: [0]
[I 2023-11-30 15:32:13,078] Trial 4 finished with value: 1.301203727722168 and parameters: {'gradient_clip_val': 0.15555346994582261, 'hidden_size': 19, 'dropout': 0.11607732326973576, 'hidden_continuous_size': 17, 'attention_head_size': 1, 'learning_rate': 0.010815407356352025}. Best is trial 1 with value: 0.992009699344635.
LOCAL_RANK: 0 - CUDA_VISIBLE_DEVICES: [0]
[I 2023-11-30 15:32:27,965] Trial 5 finished with value: 1.4749025106430054 and parameters: {'gradient_clip_val': 0.2836362920318417, 'hidden_size': 68, 'dropout': 0.22044731757077735, 'hidden_continuous_size': 45, 'attention_head_size': 2, 'learning_rate': 0.0018226424006769766}. Best is trial 1 with value: 0.992009699344635.
LOCAL_RANK: 0 - CUDA_VISIBLE_DEVICES: [0]
[I 2023-11-30 15:32:43,087] Trial 6 finished with value: 0.5283656120300293 and parameters: {'gradient_clip_val': 0.25867200240769106, 'hidden_size': 70, 'dropout': 0.11207004226782755, 'hidden_continuous_size': 24, 'attention_head_size': 4, 'learning_rate': 0.06373360683996733}. Best is trial 6 with value: 0.5283656120300293.
LOCAL_RANK: 0 - CUDA_VISIBLE_DEVICES: [0]
[I 2023-11-30 15:32:58,610] Trial 7 finished with value: 0.15725623071193695 and parameters: {'gradient_clip_val': 0.4668452745075185, 'hidden_size': 66, 'dropout': 0.2927113422392669, 'hidden_continuous_size': 48, 'attention_head_size': 3, 'learning_rate': 0.03333908537051394}. Best is trial 7 with value: 0.15725623071193695.
LOCAL_RANK: 0 - CUDA_VISIBLE_DEVICES: [0]
[I 2023-11-30 15:33:13,207] Trial 8 finished with value: 0.5445790886878967 and parameters: {'gradient_clip_val': 0.2930232820890723, 'hidden_size': 48, 'dropout': 0.3364670526006436, 'hidden_continuous_size': 23, 'attention_head_size': 2, 'learning_rate': 0.017341344975504012}. Best is trial 7 with value: 0.15725623071193695.
LOCAL_RANK: 0 - CUDA_VISIBLE_DEVICES: [0]
[I 2023-11-30 15:33:28,230] Trial 9 finished with value: 0.21524058282375336 and parameters: {'gradient_clip_val': 0.15159327209418438, 'hidden_size': 82, 'dropout': 0.10662461373449413, 'hidden_continuous_size': 22, 'attention_head_size': 3, 'learning_rate': 0.013269028159718003}. Best is trial 7 with value: 0.15725623071193695.
LOCAL_RANK: 0 - CUDA_VISIBLE_DEVICES: [0]
[I 2023-11-30 15:33:40,065] Trial 10 finished with value: 0.27382540702819824 and parameters: {'gradient_clip_val': 0.9638133154415547, 'hidden_size': 10, 'dropout': 0.24714794949696436, 'hidden_continuous_size': 10, 'attention_head_size': 4, 'learning_rate': 0.09797046258493504}. Best is trial 7 with value: 0.15725623071193695.
LOCAL_RANK: 0 - CUDA_VISIBLE_DEVICES: [0]
[I 2023-11-30 15:33:55,662] Trial 11 finished with value: 0.4755834639072418 and parameters: {'gradient_clip_val': 0.10139489028303013, 'hidden_size': 140, 'dropout': 0.1873964183513969, 'hidden_continuous_size': 42, 'attention_head_size': 3, 'learning_rate': 0.033112513877576744}. Best is trial 7 with value: 0.15725623071193695.
LOCAL_RANK: 0 - CUDA_VISIBLE_DEVICES: [0]
[I 2023-11-30 15:34:10,159] Trial 12 finished with value: 1.5980333089828491 and parameters: {'gradient_clip_val': 0.47444977216471923, 'hidden_size': 44, 'dropout': 0.19714103775633446, 'hidden_continuous_size': 19, 'attention_head_size': 3, 'learning_rate': 0.005844760987662662}. Best is trial 7 with value: 0.15725623071193695.
LOCAL_RANK: 0 - CUDA_VISIBLE_DEVICES: [0]
[I 2023-11-30 15:34:26,058] Trial 13 finished with value: 0.1552090048789978 and parameters: {'gradient_clip_val': 0.43906934230060723, 'hidden_size': 137, 'dropout': 0.2730546956851394, 'hidden_continuous_size': 32, 'attention_head_size': 4, 'learning_rate': 0.04398540342914857}. Best is trial 13 with value: 0.1552090048789978.
LOCAL_RANK: 0 - CUDA_VISIBLE_DEVICES: [0]
[I 2023-11-30 15:34:42,155] Trial 14 finished with value: 0.3081910312175751 and parameters: {'gradient_clip_val': 0.5613650607933562, 'hidden_size': 141, 'dropout': 0.27898613052155025, 'hidden_continuous_size': 61, 'attention_head_size': 4, 'learning_rate': 0.032267690570451715}. Best is trial 13 with value: 0.1552090048789978.
LOCAL_RANK: 0 - CUDA_VISIBLE_DEVICES: [0]
[I 2023-11-30 15:34:57,381] Trial 15 finished with value: 0.1606072187423706 and parameters: {'gradient_clip_val': 0.40425712010381, 'hidden_size': 59, 'dropout': 0.34342030384752814, 'hidden_continuous_size': 32, 'attention_head_size': 4, 'learning_rate': 0.04769992340686517}. Best is trial 13 with value: 0.1552090048789978.
LOCAL_RANK: 0 - CUDA_VISIBLE_DEVICES: [0]
[I 2023-11-30 15:35:13,055] Trial 16 finished with value: 0.2348172664642334 and parameters: {'gradient_clip_val': 0.38306711262424503, 'hidden_size': 119, 'dropout': 0.39406853346004406, 'hidden_continuous_size': 34, 'attention_head_size': 4, 'learning_rate': 0.09781458243547655}. Best is trial 13 with value: 0.1552090048789978.
LOCAL_RANK: 0 - CUDA_VISIBLE_DEVICES: [0]
[I 2023-11-30 15:35:28,970] Trial 17 finished with value: 0.18110068142414093 and parameters: {'gradient_clip_val': 0.6101378787200188, 'hidden_size': 104, 'dropout': 0.2631435221304277, 'hidden_continuous_size': 50, 'attention_head_size': 3, 'learning_rate': 0.026682470032835442}. Best is trial 13 with value: 0.1552090048789978.
LOCAL_RANK: 0 - CUDA_VISIBLE_DEVICES: [0]
[I 2023-11-30 15:35:45,484] Trial 18 finished with value: 0.26997724175453186 and parameters: {'gradient_clip_val': 0.7717545873652933, 'hidden_size': 150, 'dropout': 0.3072597272929574, 'hidden_continuous_size': 111, 'attention_head_size': 4, 'learning_rate': 0.04856121010535993}. Best is trial 13 with value: 0.1552090048789978.
LOCAL_RANK: 0 - CUDA_VISIBLE_DEVICES: [0]
[I 2023-11-30 15:36:00,396] Trial 19 finished with value: 0.3564041554927826 and parameters: {'gradient_clip_val': 0.38518009544486526, 'hidden_size': 79, 'dropout': 0.25114287563041926, 'hidden_continuous_size': 31, 'attention_head_size': 3, 'learning_rate': 0.007053712308722124}. Best is trial 13 with value: 0.1552090048789978.
LOCAL_RANK: 0 - CUDA_VISIBLE_DEVICES: [0]
[I 2023-11-30 15:36:15,483] Trial 20 finished with value: 0.18479371070861816 and parameters: {'gradient_clip_val': 0.6389075674406318, 'hidden_size': 58, 'dropout': 0.3061969252050222, 'hidden_continuous_size': 36, 'attention_head_size': 4, 'learning_rate': 0.022553906899758898}. Best is trial 13 with value: 0.1552090048789978.
LOCAL_RANK: 0 - CUDA_VISIBLE_DEVICES: [0]
[I 2023-11-30 15:36:31,458] Trial 21 finished with value: 0.18393538892269135 and parameters: {'gradient_clip_val': 0.3941178727389303, 'hidden_size': 57, 'dropout': 0.33810123644343126, 'hidden_continuous_size': 28, 'attention_head_size': 4, 'learning_rate': 0.0499667681101295}. Best is trial 13 with value: 0.1552090048789978.
LOCAL_RANK: 0 - CUDA_VISIBLE_DEVICES: [0]
[I 2023-11-30 15:36:46,596] Trial 22 finished with value: 0.27809640765190125 and parameters: {'gradient_clip_val': 0.4770718713606948, 'hidden_size': 39, 'dropout': 0.33070009564111535, 'hidden_continuous_size': 27, 'attention_head_size': 4, 'learning_rate': 0.04070256748448527}. Best is trial 13 with value: 0.1552090048789978.
LOCAL_RANK: 0 - CUDA_VISIBLE_DEVICES: [0]
[I 2023-11-30 15:37:02,059] Trial 23 finished with value: 0.2647368609905243 and parameters: {'gradient_clip_val': 0.35832076948218516, 'hidden_size': 110, 'dropout': 0.3602132340215917, 'hidden_continuous_size': 36, 'attention_head_size': 3, 'learning_rate': 0.06637542868411996}. Best is trial 13 with value: 0.1552090048789978.
LOCAL_RANK: 0 - CUDA_VISIBLE_DEVICES: [0]
[I 2023-11-30 15:37:17,241] Trial 24 finished with value: 0.3753911256790161 and parameters: {'gradient_clip_val': 0.4626130586468449, 'hidden_size': 59, 'dropout': 0.2781521802519003, 'hidden_continuous_size': 31, 'attention_head_size': 4, 'learning_rate': 0.03428077659051314}. Best is trial 13 with value: 0.1552090048789978.
LOCAL_RANK: 0 - CUDA_VISIBLE_DEVICES: [0]
[I 2023-11-30 15:37:31,957] Trial 25 finished with value: 0.19942311942577362 and parameters: {'gradient_clip_val': 0.3448143137542794, 'hidden_size': 34, 'dropout': 0.2993165756084665, 'hidden_continuous_size': 25, 'attention_head_size': 3, 'learning_rate': 0.06418939171821504}. Best is trial 13 with value: 0.1552090048789978.
LOCAL_RANK: 0 - CUDA_VISIBLE_DEVICES: [0]
[I 2023-11-30 15:37:48,189] Trial 26 finished with value: 0.24109689891338348 and parameters: {'gradient_clip_val': 0.43026545663140836, 'hidden_size': 90, 'dropout': 0.3214503093083323, 'hidden_continuous_size': 42, 'attention_head_size': 4, 'learning_rate': 0.024690392304648805}. Best is trial 13 with value: 0.1552090048789978.
LOCAL_RANK: 0 - CUDA_VISIBLE_DEVICES: [0]
[I 2023-11-30 15:38:03,666] Trial 27 finished with value: 0.27844828367233276 and parameters: {'gradient_clip_val': 0.5766208249904132, 'hidden_size': 71, 'dropout': 0.35123369041288904, 'hidden_continuous_size': 38, 'attention_head_size': 4, 'learning_rate': 0.016169228543704436}. Best is trial 13 with value: 0.1552090048789978.
LOCAL_RANK: 0 - CUDA_VISIBLE_DEVICES: [0]
[I 2023-11-30 15:38:18,634] Trial 28 finished with value: 0.32941746711730957 and parameters: {'gradient_clip_val': 0.5229037143115534, 'hidden_size': 48, 'dropout': 0.3804693645659675, 'hidden_continuous_size': 31, 'attention_head_size': 3, 'learning_rate': 0.0482590805303796}. Best is trial 13 with value: 0.1552090048789978.
LOCAL_RANK: 0 - CUDA_VISIBLE_DEVICES: [0]
[I 2023-11-30 15:38:34,237] Trial 29 finished with value: 0.3747009336948395 and parameters: {'gradient_clip_val': 0.31591416439408737, 'hidden_size': 116, 'dropout': 0.31905082969151843, 'hidden_continuous_size': 60, 'attention_head_size': 3, 'learning_rate': 0.028546085620045344}. Best is trial 13 with value: 0.1552090048789978.
LOCAL_RANK: 0 - CUDA_VISIBLE_DEVICES: [0]
[I 2023-11-30 15:38:50,230] Trial 30 finished with value: 0.2540073096752167 and parameters: {'gradient_clip_val': 0.4433474728959415, 'hidden_size': 95, 'dropout': 0.35227069080610807, 'hidden_continuous_size': 51, 'attention_head_size': 2, 'learning_rate': 0.03963020921606356}. Best is trial 13 with value: 0.1552090048789978.
LOCAL_RANK: 0 - CUDA_VISIBLE_DEVICES: [0]
[I 2023-11-30 15:39:05,767] Trial 31 finished with value: 0.290062814950943 and parameters: {'gradient_clip_val': 0.6389446835610867, 'hidden_size': 103, 'dropout': 0.26704108017798084, 'hidden_continuous_size': 51, 'attention_head_size': 3, 'learning_rate': 0.02839238792560572}. Best is trial 13 with value: 0.1552090048789978.
LOCAL_RANK: 0 - CUDA_VISIBLE_DEVICES: [0]
[I 2023-11-30 15:39:21,788] Trial 32 finished with value: 0.2648196518421173 and parameters: {'gradient_clip_val': 0.42117603941732357, 'hidden_size': 94, 'dropout': 0.2910146120183609, 'hidden_continuous_size': 48, 'attention_head_size': 3, 'learning_rate': 0.022095654434502916}. Best is trial 13 with value: 0.1552090048789978.
LOCAL_RANK: 0 - CUDA_VISIBLE_DEVICES: [0]
[I 2023-11-30 15:39:38,154] Trial 33 finished with value: 0.21580791473388672 and parameters: {'gradient_clip_val': 0.5383574524918865, 'hidden_size': 117, 'dropout': 0.2973536754898619, 'hidden_continuous_size': 70, 'attention_head_size': 3, 'learning_rate': 0.039212215442450474}. Best is trial 13 with value: 0.1552090048789978.
LOCAL_RANK: 0 - CUDA_VISIBLE_DEVICES: [0]
[I 2023-11-30 15:39:53,241] Trial 34 finished with value: 0.17338699102401733 and parameters: {'gradient_clip_val': 0.6217375360775991, 'hidden_size': 90, 'dropout': 0.2573595919241657, 'hidden_continuous_size': 41, 'attention_head_size': 1, 'learning_rate': 0.025429781795814344}. Best is trial 13 with value: 0.1552090048789978.
LOCAL_RANK: 0 - CUDA_VISIBLE_DEVICES: [0]
[I 2023-11-30 15:40:08,450] Trial 35 finished with value: 0.20993132889270782 and parameters: {'gradient_clip_val': 0.7544789458274326, 'hidden_size': 81, 'dropout': 0.3213156668352005, 'hidden_continuous_size': 42, 'attention_head_size': 1, 'learning_rate': 0.0719510597097424}. Best is trial 13 with value: 0.1552090048789978.
LOCAL_RANK: 0 - CUDA_VISIBLE_DEVICES: [0]
[I 2023-11-30 15:40:23,332] Trial 36 finished with value: 0.2776552140712738 and parameters: {'gradient_clip_val': 0.4849295070439762, 'hidden_size': 64, 'dropout': 0.2864722250382523, 'hidden_continuous_size': 39, 'attention_head_size': 1, 'learning_rate': 0.01943850549650578}. Best is trial 13 with value: 0.1552090048789978.
LOCAL_RANK: 0 - CUDA_VISIBLE_DEVICES: [0]
[I 2023-11-30 15:40:38,995] Trial 37 finished with value: 0.22851766645908356 and parameters: {'gradient_clip_val': 0.3360620811927359, 'hidden_size': 79, 'dropout': 0.23419113059193913, 'hidden_continuous_size': 33, 'attention_head_size': 1, 'learning_rate': 0.014923977099272661}. Best is trial 13 with value: 0.1552090048789978.
LOCAL_RANK: 0 - CUDA_VISIBLE_DEVICES: [0]
[I 2023-11-30 15:40:54,339] Trial 38 finished with value: 0.2427559643983841 and parameters: {'gradient_clip_val': 0.672613590709194, 'hidden_size': 129, 'dropout': 0.2694070904334647, 'hidden_continuous_size': 27, 'attention_head_size': 2, 'learning_rate': 0.04646855197941834}. Best is trial 13 with value: 0.1552090048789978.
LOCAL_RANK: 0 - CUDA_VISIBLE_DEVICES: [0]
