[I 2023-11-30 10:24:51,094] Trial 62 finished with value: 0.15804113447666168 and parameters: {'gradient_clip_val': 0.27225151826758764, 'hidden_size': 50, 'dropout': 0.23075767573097367, 'hidden_continuous_size': 42, 'attention_head_size': 2, 'learning_rate': 0.023630160431604926}. Best is trial 29 with value: 0.09744364768266678.
LOCAL_RANK: 0 - CUDA_VISIBLE_DEVICES: [0]
[I 2023-11-30 10:25:04,734] Trial 63 finished with value: 0.21701306104660034 and parameters: {'gradient_clip_val': 0.24808761539527663, 'hidden_size': 64, 'dropout': 0.21369563107370873, 'hidden_continuous_size': 46, 'attention_head_size': 2, 'learning_rate': 0.046475108078988615}. Best is trial 29 with value: 0.09744364768266678.
LOCAL_RANK: 0 - CUDA_VISIBLE_DEVICES: [0]
[I 2023-11-30 10:25:18,326] Trial 64 finished with value: 0.1988702267408371 and parameters: {'gradient_clip_val': 0.2827220396486781, 'hidden_size': 58, 'dropout': 0.2630133881321516, 'hidden_continuous_size': 39, 'attention_head_size': 2, 'learning_rate': 0.01979796996213383}. Best is trial 29 with value: 0.09744364768266678.
LOCAL_RANK: 0 - CUDA_VISIBLE_DEVICES: [0]
[I 2023-11-30 10:25:32,626] Trial 65 finished with value: 0.21925222873687744 and parameters: {'gradient_clip_val': 0.307633456086731, 'hidden_size': 93, 'dropout': 0.19616010534445547, 'hidden_continuous_size': 51, 'attention_head_size': 2, 'learning_rate': 0.029756966711035823}. Best is trial 29 with value: 0.09744364768266678.
LOCAL_RANK: 0 - CUDA_VISIBLE_DEVICES: [0]
[I 2023-11-30 10:25:46,700] Trial 66 finished with value: 0.23796267807483673 and parameters: {'gradient_clip_val': 0.22594198982299418, 'hidden_size': 80, 'dropout': 0.23192954127869647, 'hidden_continuous_size': 56, 'attention_head_size': 3, 'learning_rate': 0.03227364637607884}. Best is trial 29 with value: 0.09744364768266678.
LOCAL_RANK: 0 - CUDA_VISIBLE_DEVICES: [0]
[I 2023-11-30 10:26:00,501] Trial 67 finished with value: 0.3654801845550537 and parameters: {'gradient_clip_val': 0.4050465552611958, 'hidden_size': 69, 'dropout': 0.24732131434152088, 'hidden_continuous_size': 44, 'attention_head_size': 2, 'learning_rate': 0.025135870503763303}. Best is trial 29 with value: 0.09744364768266678.
LOCAL_RANK: 0 - CUDA_VISIBLE_DEVICES: [0]
[I 2023-11-30 10:26:13,901] Trial 68 finished with value: 0.2862197458744049 and parameters: {'gradient_clip_val': 0.35574130218501815, 'hidden_size': 52, 'dropout': 0.21187363492171124, 'hidden_continuous_size': 35, 'attention_head_size': 2, 'learning_rate': 0.04345962354214093}. Best is trial 29 with value: 0.09744364768266678.
LOCAL_RANK: 0 - CUDA_VISIBLE_DEVICES: [0]
[I 2023-11-30 10:26:28,065] Trial 69 finished with value: 0.1714412122964859 and parameters: {'gradient_clip_val': 0.3226285263337245, 'hidden_size': 85, 'dropout': 0.241003463311848, 'hidden_continuous_size': 49, 'attention_head_size': 2, 'learning_rate': 0.016711131081015358}. Best is trial 29 with value: 0.09744364768266678.
LOCAL_RANK: 0 - CUDA_VISIBLE_DEVICES: [0]
[I 2023-11-30 10:26:42,180] Trial 70 finished with value: 0.1842324286699295 and parameters: {'gradient_clip_val': 0.27726790912054833, 'hidden_size': 74, 'dropout': 0.2197320712963276, 'hidden_continuous_size': 34, 'attention_head_size': 4, 'learning_rate': 0.02214650176663887}. Best is trial 29 with value: 0.09744364768266678.
LOCAL_RANK: 0 - CUDA_VISIBLE_DEVICES: [0]
[I 2023-11-30 10:26:56,311] Trial 71 finished with value: 0.29280298948287964 and parameters: {'gradient_clip_val': 0.37895685420514613, 'hidden_size': 102, 'dropout': 0.197329826069774, 'hidden_continuous_size': 28, 'attention_head_size': 4, 'learning_rate': 0.01997683432851356}. Best is trial 29 with value: 0.09744364768266678.
LOCAL_RANK: 0 - CUDA_VISIBLE_DEVICES: [0]
[I 2023-11-30 10:27:10,549] Trial 72 finished with value: 0.2519111931324005 and parameters: {'gradient_clip_val': 0.4424842037471918, 'hidden_size': 124, 'dropout': 0.2042973822928766, 'hidden_continuous_size': 63, 'attention_head_size': 4, 'learning_rate': 0.03652801769321729}. Best is trial 29 with value: 0.09744364768266678.
LOCAL_RANK: 0 - CUDA_VISIBLE_DEVICES: [0]
[I 2023-11-30 10:27:24,580] Trial 73 finished with value: 0.17135924100875854 and parameters: {'gradient_clip_val': 0.2515677097768969, 'hidden_size': 98, 'dropout': 0.22812899702812878, 'hidden_continuous_size': 30, 'attention_head_size': 4, 'learning_rate': 0.017992045834053207}. Best is trial 29 with value: 0.09744364768266678.
LOCAL_RANK: 0 - CUDA_VISIBLE_DEVICES: [0]
[I 2023-11-30 10:27:38,415] Trial 74 finished with value: 0.2163497805595398 and parameters: {'gradient_clip_val': 0.39302124193438187, 'hidden_size': 63, 'dropout': 0.20892849981260503, 'hidden_continuous_size': 42, 'attention_head_size': 4, 'learning_rate': 0.014179187103683811}. Best is trial 29 with value: 0.09744364768266678.
LOCAL_RANK: 0 - CUDA_VISIBLE_DEVICES: [0]
[I 2023-11-30 10:27:52,791] Trial 75 finished with value: 0.1678130179643631 and parameters: {'gradient_clip_val': 0.3523241190701206, 'hidden_size': 77, 'dropout': 0.2365870185483637, 'hidden_continuous_size': 38, 'attention_head_size': 4, 'learning_rate': 0.026353658540096917}. Best is trial 29 with value: 0.09744364768266678.
LOCAL_RANK: 0 - CUDA_VISIBLE_DEVICES: [0]
[I 2023-11-30 10:28:06,383] Trial 76 finished with value: 0.11677110195159912 and parameters: {'gradient_clip_val': 0.20675397941188056, 'hidden_size': 54, 'dropout': 0.21979095806126744, 'hidden_continuous_size': 41, 'attention_head_size': 2, 'learning_rate': 0.02128602146819439}. Best is trial 29 with value: 0.09744364768266678.
LOCAL_RANK: 0 - CUDA_VISIBLE_DEVICES: [0]
[I 2023-11-30 10:28:20,437] Trial 77 finished with value: 0.4681715667247772 and parameters: {'gradient_clip_val': 0.2122218921765941, 'hidden_size': 54, 'dropout': 0.2182880244403845, 'hidden_continuous_size': 41, 'attention_head_size': 2, 'learning_rate': 0.033366553723570204}. Best is trial 29 with value: 0.09744364768266678.
LOCAL_RANK: 0 - CUDA_VISIBLE_DEVICES: [0]
[I 2023-11-30 10:28:34,198] Trial 78 finished with value: 0.24285435676574707 and parameters: {'gradient_clip_val': 0.230669495998132, 'hidden_size': 67, 'dropout': 0.2577492609944312, 'hidden_continuous_size': 45, 'attention_head_size': 2, 'learning_rate': 0.02321163630869154}. Best is trial 29 with value: 0.09744364768266678.
LOCAL_RANK: 0 - CUDA_VISIBLE_DEVICES: [0]
[I 2023-11-30 10:28:47,971] Trial 79 finished with value: 0.22458834946155548 and parameters: {'gradient_clip_val': 0.20570538303779273, 'hidden_size': 59, 'dropout': 0.22729073437133393, 'hidden_continuous_size': 43, 'attention_head_size': 2, 'learning_rate': 0.050454104637653645}. Best is trial 29 with value: 0.09744364768266678.
LOCAL_RANK: 0 - CUDA_VISIBLE_DEVICES: [0]
[I 2023-11-30 10:29:01,641] Trial 80 finished with value: 0.1918143481016159 and parameters: {'gradient_clip_val': 0.2920143895402824, 'hidden_size': 46, 'dropout': 0.23640910036431842, 'hidden_continuous_size': 36, 'attention_head_size': 2, 'learning_rate': 0.029561014507282813}. Best is trial 29 with value: 0.09744364768266678.
LOCAL_RANK: 0 - CUDA_VISIBLE_DEVICES: [0]
[I 2023-11-30 10:29:15,116] Trial 81 finished with value: 0.3307805061340332 and parameters: {'gradient_clip_val': 0.4213062154658704, 'hidden_size': 56, 'dropout': 0.2002856338351431, 'hidden_continuous_size': 39, 'attention_head_size': 2, 'learning_rate': 0.020401323618541866}. Best is trial 29 with value: 0.09744364768266678.
LOCAL_RANK: 0 - CUDA_VISIBLE_DEVICES: [0]
[I 2023-11-30 10:29:29,460] Trial 82 finished with value: 0.17426656186580658 and parameters: {'gradient_clip_val': 0.5167311424742662, 'hidden_size': 70, 'dropout': 0.18835970089412585, 'hidden_continuous_size': 33, 'attention_head_size': 3, 'learning_rate': 0.018935242122471573}. Best is trial 29 with value: 0.09744364768266678.
LOCAL_RANK: 0 - CUDA_VISIBLE_DEVICES: [0]
[I 2023-11-30 10:29:43,708] Trial 83 finished with value: 0.4548119604587555 and parameters: {'gradient_clip_val': 0.2214721254950806, 'hidden_size': 50, 'dropout': 0.20629290955929325, 'hidden_continuous_size': 36, 'attention_head_size': 2, 'learning_rate': 0.015481609240136947}. Best is trial 29 with value: 0.09744364768266678.
LOCAL_RANK: 0 - CUDA_VISIBLE_DEVICES: [0]
[I 2023-11-30 10:29:57,434] Trial 84 finished with value: 0.3295700252056122 and parameters: {'gradient_clip_val': 0.2412615957953867, 'hidden_size': 63, 'dropout': 0.21986781002373038, 'hidden_continuous_size': 46, 'attention_head_size': 4, 'learning_rate': 0.027420875889995987}. Best is trial 29 with value: 0.09744364768266678.
LOCAL_RANK: 0 - CUDA_VISIBLE_DEVICES: [0]
[I 2023-11-30 10:30:11,250] Trial 85 finished with value: 0.15675073862075806 and parameters: {'gradient_clip_val': 0.1921361880083813, 'hidden_size': 88, 'dropout': 0.2443140383483938, 'hidden_continuous_size': 30, 'attention_head_size': 2, 'learning_rate': 0.037876409534616}. Best is trial 29 with value: 0.09744364768266678.
LOCAL_RANK: 0 - CUDA_VISIBLE_DEVICES: [0]
[I 2023-11-30 10:30:24,916] Trial 86 finished with value: 0.1741887331008911 and parameters: {'gradient_clip_val': 0.2706497848364331, 'hidden_size': 80, 'dropout': 0.17776649434985944, 'hidden_continuous_size': 38, 'attention_head_size': 1, 'learning_rate': 0.024547043647254838}. Best is trial 29 with value: 0.09744364768266678.
LOCAL_RANK: 0 - CUDA_VISIBLE_DEVICES: [0]
[I 2023-11-30 10:30:38,671] Trial 87 finished with value: 0.1174505352973938 and parameters: {'gradient_clip_val': 0.2512531607077547, 'hidden_size': 61, 'dropout': 0.19224880124720478, 'hidden_continuous_size': 47, 'attention_head_size': 2, 'learning_rate': 0.022596373990792007}. Best is trial 29 with value: 0.09744364768266678.
LOCAL_RANK: 0 - CUDA_VISIBLE_DEVICES: [0]
[I 2023-11-30 10:30:52,205] Trial 88 finished with value: 0.14137332141399384 and parameters: {'gradient_clip_val': 0.2500002098671015, 'hidden_size': 60, 'dropout': 0.19121845127623435, 'hidden_continuous_size': 47, 'attention_head_size': 2, 'learning_rate': 0.02225290080541533}. Best is trial 29 with value: 0.09744364768266678.
LOCAL_RANK: 0 - CUDA_VISIBLE_DEVICES: [0]
[I 2023-11-30 10:31:05,563] Trial 89 finished with value: 0.10899142175912857 and parameters: {'gradient_clip_val': 0.25770028948475665, 'hidden_size': 56, 'dropout': 0.21298102425540122, 'hidden_continuous_size': 44, 'attention_head_size': 2, 'learning_rate': 0.03156079599696475}. Best is trial 29 with value: 0.09744364768266678.
LOCAL_RANK: 0 - CUDA_VISIBLE_DEVICES: [0]
[I 2023-11-30 10:31:19,391] Trial 90 finished with value: 0.21890802681446075 and parameters: {'gradient_clip_val': 0.20444923569035803, 'hidden_size': 55, 'dropout': 0.21076580082336185, 'hidden_continuous_size': 41, 'attention_head_size': 2, 'learning_rate': 0.029592823665047837}. Best is trial 29 with value: 0.09744364768266678.
LOCAL_RANK: 0 - CUDA_VISIBLE_DEVICES: [0]
[I 2023-11-30 10:31:33,335] Trial 91 finished with value: 0.22706717252731323 and parameters: {'gradient_clip_val': 0.2324032761326125, 'hidden_size': 67, 'dropout': 0.22329631660128274, 'hidden_continuous_size': 51, 'attention_head_size': 2, 'learning_rate': 0.033200363613887236}. Best is trial 29 with value: 0.09744364768266678.
LOCAL_RANK: 0 - CUDA_VISIBLE_DEVICES: [0]
[I 2023-11-30 10:31:46,736] Trial 92 finished with value: 0.2836786210536957 and parameters: {'gradient_clip_val': 0.2502679542886224, 'hidden_size': 48, 'dropout': 0.19869657665345675, 'hidden_continuous_size': 43, 'attention_head_size': 2, 'learning_rate': 0.041651947529832166}. Best is trial 29 with value: 0.09744364768266678.
LOCAL_RANK: 0 - CUDA_VISIBLE_DEVICES: [0]
[I 2023-11-30 10:31:59,956] Trial 93 finished with value: 0.5516785383224487 and parameters: {'gradient_clip_val': 0.26287769856068055, 'hidden_size': 44, 'dropout': 0.21695018435481073, 'hidden_continuous_size': 39, 'attention_head_size': 2, 'learning_rate': 0.02576199087104394}. Best is trial 29 with value: 0.09744364768266678.
LOCAL_RANK: 0 - CUDA_VISIBLE_DEVICES: [0]
[I 2023-11-30 10:32:13,510] Trial 94 finished with value: 0.1673937886953354 and parameters: {'gradient_clip_val': 0.29990309644665936, 'hidden_size': 61, 'dropout': 0.23113386596090293, 'hidden_continuous_size': 48, 'attention_head_size': 2, 'learning_rate': 0.03662280419551143}. Best is trial 29 with value: 0.09744364768266678.
LOCAL_RANK: 0 - CUDA_VISIBLE_DEVICES: [0]
[I 2023-11-30 10:32:27,438] Trial 95 finished with value: 0.23846839368343353 and parameters: {'gradient_clip_val': 0.2193612472447616, 'hidden_size': 72, 'dropout': 0.21005489013098055, 'hidden_continuous_size': 45, 'attention_head_size': 2, 'learning_rate': 0.021695669332747566}. Best is trial 29 with value: 0.09744364768266678.
LOCAL_RANK: 0 - CUDA_VISIBLE_DEVICES: [0]
[I 2023-11-30 10:32:41,029] Trial 96 finished with value: 0.17365314066410065 and parameters: {'gradient_clip_val': 0.23723735498970944, 'hidden_size': 52, 'dropout': 0.18246918519365182, 'hidden_continuous_size': 44, 'attention_head_size': 2, 'learning_rate': 0.03118862154347856}. Best is trial 29 with value: 0.09744364768266678.
LOCAL_RANK: 0 - CUDA_VISIBLE_DEVICES: [0]
[I 2023-11-30 10:32:54,513] Trial 97 finished with value: 0.3750801384449005 and parameters: {'gradient_clip_val': 0.280119942237193, 'hidden_size': 56, 'dropout': 0.2527253934105569, 'hidden_continuous_size': 41, 'attention_head_size': 2, 'learning_rate': 0.018460477120059226}. Best is trial 29 with value: 0.09744364768266678.
LOCAL_RANK: 0 - CUDA_VISIBLE_DEVICES: [0]
[I 2023-11-30 10:33:08,199] Trial 98 finished with value: 0.2760949730873108 and parameters: {'gradient_clip_val': 0.2589093810789891, 'hidden_size': 64, 'dropout': 0.23520884170011389, 'hidden_continuous_size': 48, 'attention_head_size': 3, 'learning_rate': 0.027375345232324905}. Best is trial 29 with value: 0.09744364768266678.
LOCAL_RANK: 0 - CUDA_VISIBLE_DEVICES: [0]
[I 2023-11-30 10:33:22,251] Trial 99 finished with value: 0.19603364169597626 and parameters: {'gradient_clip_val': 0.3167692070163557, 'hidden_size': 75, 'dropout': 0.22597303354369813, 'hidden_continuous_size': 52, 'attention_head_size': 2, 'learning_rate': 0.02469778642962553}. Best is trial 29 with value: 0.09744364768266678.
LOCAL_RANK: 0 - CUDA_VISIBLE_DEVICES: [0]
[I 2023-11-30 10:33:36,110] Trial 100 finished with value: 0.1580991894006729 and parameters: {'gradient_clip_val': 0.185021027922847, 'hidden_size': 67, 'dropout': 0.19372034969178056, 'hidden_continuous_size': 50, 'attention_head_size': 2, 'learning_rate': 0.045042565190124395}. Best is trial 29 with value: 0.09744364768266678.
LOCAL_RANK: 0 - CUDA_VISIBLE_DEVICES: [0]
[I 2023-11-30 10:33:49,679] Trial 101 finished with value: 0.1809064894914627 and parameters: {'gradient_clip_val': 0.32872615203892896, 'hidden_size': 58, 'dropout': 0.2029887090888149, 'hidden_continuous_size': 37, 'attention_head_size': 2, 'learning_rate': 0.01759533041076479}. Best is trial 29 with value: 0.09744364768266678.
LOCAL_RANK: 0 - CUDA_VISIBLE_DEVICES: [0]
[I 2023-11-30 10:34:03,840] Trial 102 finished with value: 0.08608415722846985 and parameters: {'gradient_clip_val': 0.2133656238088574, 'hidden_size': 81, 'dropout': 0.21059851175133315, 'hidden_continuous_size': 53, 'attention_head_size': 2, 'learning_rate': 0.02097527205288512}. Best is trial 102 with value: 0.08608415722846985.
LOCAL_RANK: 0 - CUDA_VISIBLE_DEVICES: [0]
[I 2023-11-30 10:34:17,770] Trial 103 finished with value: 0.27614304423332214 and parameters: {'gradient_clip_val': 0.20341735775564532, 'hidden_size': 81, 'dropout': 0.21571778004024142, 'hidden_continuous_size': 52, 'attention_head_size': 2, 'learning_rate': 0.021503784841355515}. Best is trial 102 with value: 0.08608415722846985.
LOCAL_RANK: 0 - CUDA_VISIBLE_DEVICES: [0]
[I 2023-11-30 10:34:31,825] Trial 104 finished with value: 0.20940040051937103 and parameters: {'gradient_clip_val': 0.2259113959446722, 'hidden_size': 76, 'dropout': 0.20877831984250358, 'hidden_continuous_size': 56, 'attention_head_size': 2, 'learning_rate': 0.028312992937918904}. Best is trial 102 with value: 0.08608415722846985.
LOCAL_RANK: 0 - CUDA_VISIBLE_DEVICES: [0]
[I 2023-11-30 10:34:45,861] Trial 105 finished with value: 0.2638258635997772 and parameters: {'gradient_clip_val': 0.1739542143122514, 'hidden_size': 70, 'dropout': 0.2232457044805023, 'hidden_continuous_size': 47, 'attention_head_size': 2, 'learning_rate': 0.03958884440337141}. Best is trial 102 with value: 0.08608415722846985.
LOCAL_RANK: 0 - CUDA_VISIBLE_DEVICES: [0]
[I 2023-11-30 10:34:59,598] Trial 106 finished with value: 0.3061351776123047 and parameters: {'gradient_clip_val': 0.2170977941625817, 'hidden_size': 62, 'dropout': 0.2440029546179041, 'hidden_continuous_size': 49, 'attention_head_size': 2, 'learning_rate': 0.03454306482698643}. Best is trial 102 with value: 0.08608415722846985.
LOCAL_RANK: 0 - CUDA_VISIBLE_DEVICES: [0]
[I 2023-11-30 10:35:13,004] Trial 107 finished with value: 0.15183952450752258 and parameters: {'gradient_clip_val': 0.18846155464193295, 'hidden_size': 52, 'dropout': 0.18719023162362383, 'hidden_continuous_size': 43, 'attention_head_size': 1, 'learning_rate': 0.016361188449626505}. Best is trial 102 with value: 0.08608415722846985.
LOCAL_RANK: 0 - CUDA_VISIBLE_DEVICES: [0]
[I 2023-11-30 10:35:26,817] Trial 108 finished with value: 0.40138205885887146 and parameters: {'gradient_clip_val': 0.24126133533400423, 'hidden_size': 85, 'dropout': 0.2172562740111881, 'hidden_continuous_size': 33, 'attention_head_size': 2, 'learning_rate': 0.02281715909732077}. Best is trial 102 with value: 0.08608415722846985.
LOCAL_RANK: 0 - CUDA_VISIBLE_DEVICES: [0]
[I 2023-11-30 10:35:40,721] Trial 109 finished with value: 0.23973411321640015 and parameters: {'gradient_clip_val': 0.2834086060400945, 'hidden_size': 65, 'dropout': 0.2011963392159244, 'hidden_continuous_size': 54, 'attention_head_size': 2, 'learning_rate': 0.03177976996964495}. Best is trial 102 with value: 0.08608415722846985.
LOCAL_RANK: 0 - CUDA_VISIBLE_DEVICES: [0]
[I 2023-11-30 10:35:55,043] Trial 110 finished with value: 0.1223936378955841 and parameters: {'gradient_clip_val': 0.20020966046305455, 'hidden_size': 92, 'dropout': 0.22905638366337225, 'hidden_continuous_size': 58, 'attention_head_size': 3, 'learning_rate': 0.020400060356136826}. Best is trial 102 with value: 0.08608415722846985.
LOCAL_RANK: 0 - CUDA_VISIBLE_DEVICES: [0]
[I 2023-11-30 10:36:09,310] Trial 111 finished with value: 0.15683072805404663 and parameters: {'gradient_clip_val': 0.2084736484181475, 'hidden_size': 93, 'dropout': 0.23538237648202992, 'hidden_continuous_size': 59, 'attention_head_size': 3, 'learning_rate': 0.020423828285115245}. Best is trial 102 with value: 0.08608415722846985.
LOCAL_RANK: 0 - CUDA_VISIBLE_DEVICES: [0]
[I 2023-11-30 10:36:23,306] Trial 112 finished with value: 0.16775113344192505 and parameters: {'gradient_clip_val': 0.23145653924893098, 'hidden_size': 73, 'dropout': 0.22834520661111835, 'hidden_continuous_size': 50, 'attention_head_size': 3, 'learning_rate': 0.024697264052849124}. Best is trial 102 with value: 0.08608415722846985.
LOCAL_RANK: 0 - CUDA_VISIBLE_DEVICES: [0]
[I 2023-11-30 10:36:37,512] Trial 113 finished with value: 0.2845766246318817 and parameters: {'gradient_clip_val': 0.19647050676499872, 'hidden_size': 89, 'dropout': 0.21330765316453537, 'hidden_continuous_size': 54, 'attention_head_size': 3, 'learning_rate': 0.028915954259040543}. Best is trial 102 with value: 0.08608415722846985.
LOCAL_RANK: 0 - CUDA_VISIBLE_DEVICES: [0]
[I 2023-11-30 10:36:51,563] Trial 114 finished with value: 0.3750498294830322 and parameters: {'gradient_clip_val': 0.25522638052917335, 'hidden_size': 81, 'dropout': 0.19502897617399884, 'hidden_continuous_size': 45, 'attention_head_size': 2, 'learning_rate': 0.018835408502357834}. Best is trial 102 with value: 0.08608415722846985.
LOCAL_RANK: 0 - CUDA_VISIBLE_DEVICES: [0]
[I 2023-11-30 10:37:05,382] Trial 115 finished with value: 0.49518951773643494 and parameters: {'gradient_clip_val': 0.19837699655088642, 'hidden_size': 58, 'dropout': 0.2388773997465909, 'hidden_continuous_size': 47, 'attention_head_size': 2, 'learning_rate': 0.015002845658422984}. Best is trial 102 with value: 0.08608415722846985.
LOCAL_RANK: 0 - CUDA_VISIBLE_DEVICES: [0]
[I 2023-11-30 10:37:19,490] Trial 116 finished with value: 0.16969136893749237 and parameters: {'gradient_clip_val': 0.26998534604723756, 'hidden_size': 77, 'dropout': 0.22147732580028567, 'hidden_continuous_size': 55, 'attention_head_size': 3, 'learning_rate': 0.026019041021000288}. Best is trial 102 with value: 0.08608415722846985.
LOCAL_RANK: 0 - CUDA_VISIBLE_DEVICES: [0]
[I 2023-11-30 10:37:33,247] Trial 117 finished with value: 0.13709190487861633 and parameters: {'gradient_clip_val': 0.16646677043028535, 'hidden_size': 69, 'dropout': 0.20648836391331246, 'hidden_continuous_size': 40, 'attention_head_size': 2, 'learning_rate': 0.013738449560277106}. Best is trial 102 with value: 0.08608415722846985.
LOCAL_RANK: 0 - CUDA_VISIBLE_DEVICES: [0]
[I 2023-11-30 10:37:47,489] Trial 118 finished with value: 0.284639835357666 and parameters: {'gradient_clip_val': 0.2151361788065128, 'hidden_size': 95, 'dropout': 0.22948033025410905, 'hidden_continuous_size': 63, 'attention_head_size': 2, 'learning_rate': 0.02354377850379541}. Best is trial 102 with value: 0.08608415722846985.
LOCAL_RANK: 0 - CUDA_VISIBLE_DEVICES: [0]
[I 2023-11-30 10:38:01,092] Trial 119 finished with value: 0.2878250777721405 and parameters: {'gradient_clip_val': 0.17950756308664614, 'hidden_size': 54, 'dropout': 0.21209326137193787, 'hidden_continuous_size': 42, 'attention_head_size': 2, 'learning_rate': 0.017285117535652053}. Best is trial 102 with value: 0.08608415722846985.
LOCAL_RANK: 0 - CUDA_VISIBLE_DEVICES: [0]
