[I 2023-11-30 12:11:31,575] Trial 73 finished with value: 0.18070286512374878 and parameters: {'gradient_clip_val': 0.3872061260469796, 'hidden_size': 141, 'dropout': 0.29356327448826924, 'hidden_continuous_size': 53, 'attention_head_size': 1, 'learning_rate': 0.016794981301399205}. Best is trial 44 with value: 0.06770706921815872.
LOCAL_RANK: 0 - CUDA_VISIBLE_DEVICES: [0]
[I 2023-11-30 12:11:45,913] Trial 74 finished with value: 0.2174474149942398 and parameters: {'gradient_clip_val': 0.33463728270751397, 'hidden_size': 121, 'dropout': 0.322945510041871, 'hidden_continuous_size': 61, 'attention_head_size': 1, 'learning_rate': 0.019073770514983213}. Best is trial 44 with value: 0.06770706921815872.
LOCAL_RANK: 0 - CUDA_VISIBLE_DEVICES: [0]
[I 2023-11-30 12:12:00,220] Trial 75 finished with value: 0.13442011177539825 and parameters: {'gradient_clip_val': 0.2861255729692995, 'hidden_size': 112, 'dropout': 0.3083570217835492, 'hidden_continuous_size': 68, 'attention_head_size': 3, 'learning_rate': 0.037894004534491155}. Best is trial 44 with value: 0.06770706921815872.
LOCAL_RANK: 0 - CUDA_VISIBLE_DEVICES: [0]
[I 2023-11-30 12:12:14,178] Trial 76 finished with value: 0.14801953732967377 and parameters: {'gradient_clip_val': 0.23935071009163258, 'hidden_size': 84, 'dropout': 0.29962838775902045, 'hidden_continuous_size': 63, 'attention_head_size': 3, 'learning_rate': 0.02711644967672201}. Best is trial 44 with value: 0.06770706921815872.
LOCAL_RANK: 0 - CUDA_VISIBLE_DEVICES: [0]
[I 2023-11-30 12:12:28,663] Trial 77 finished with value: 0.10540840774774551 and parameters: {'gradient_clip_val': 0.4142885772813689, 'hidden_size': 128, 'dropout': 0.26412106951372066, 'hidden_continuous_size': 83, 'attention_head_size': 3, 'learning_rate': 0.021139495024069692}. Best is trial 44 with value: 0.06770706921815872.
LOCAL_RANK: 0 - CUDA_VISIBLE_DEVICES: [0]
[I 2023-11-30 12:12:43,792] Trial 78 finished with value: 0.1404055953025818 and parameters: {'gradient_clip_val': 0.3579653668980058, 'hidden_size': 134, 'dropout': 0.24669394984678814, 'hidden_continuous_size': 105, 'attention_head_size': 3, 'learning_rate': 0.021616863209523704}. Best is trial 44 with value: 0.06770706921815872.
LOCAL_RANK: 0 - CUDA_VISIBLE_DEVICES: [0]
[I 2023-11-30 12:12:58,265] Trial 79 finished with value: 0.20911043882369995 and parameters: {'gradient_clip_val': 0.40857288061690206, 'hidden_size': 91, 'dropout': 0.261211281438678, 'hidden_continuous_size': 80, 'attention_head_size': 3, 'learning_rate': 0.03335496080737582}. Best is trial 44 with value: 0.06770706921815872.
LOCAL_RANK: 0 - CUDA_VISIBLE_DEVICES: [0]
[I 2023-11-30 12:13:12,873] Trial 80 finished with value: 0.10981263965368271 and parameters: {'gradient_clip_val': 0.3199417631200911, 'hidden_size': 105, 'dropout': 0.25299923509374034, 'hidden_continuous_size': 84, 'attention_head_size': 4, 'learning_rate': 0.015207508413713806}. Best is trial 44 with value: 0.06770706921815872.
LOCAL_RANK: 0 - CUDA_VISIBLE_DEVICES: [0]
[I 2023-11-30 12:13:27,552] Trial 81 finished with value: 0.13471060991287231 and parameters: {'gradient_clip_val': 0.3217916472250182, 'hidden_size': 107, 'dropout': 0.2521722893809257, 'hidden_continuous_size': 85, 'attention_head_size': 4, 'learning_rate': 0.015026303804953664}. Best is trial 44 with value: 0.06770706921815872.
LOCAL_RANK: 0 - CUDA_VISIBLE_DEVICES: [0]
[I 2023-11-30 12:13:42,157] Trial 82 finished with value: 0.13074488937854767 and parameters: {'gradient_clip_val': 0.372791636701882, 'hidden_size': 99, 'dropout': 0.26633638975377416, 'hidden_continuous_size': 82, 'attention_head_size': 4, 'learning_rate': 0.01852991584954261}. Best is trial 44 with value: 0.06770706921815872.
LOCAL_RANK: 0 - CUDA_VISIBLE_DEVICES: [0]
[I 2023-11-30 12:13:57,031] Trial 83 finished with value: 0.22535823285579681 and parameters: {'gradient_clip_val': 0.291396436334934, 'hidden_size': 125, 'dropout': 0.27535906960116424, 'hidden_continuous_size': 90, 'attention_head_size': 4, 'learning_rate': 0.023223120691386753}. Best is trial 44 with value: 0.06770706921815872.
LOCAL_RANK: 0 - CUDA_VISIBLE_DEVICES: [0]
[I 2023-11-30 12:14:11,980] Trial 84 finished with value: 0.13312166929244995 and parameters: {'gradient_clip_val': 0.3091619922529004, 'hidden_size': 140, 'dropout': 0.28329978406792583, 'hidden_continuous_size': 111, 'attention_head_size': 4, 'learning_rate': 0.015933387478183694}. Best is trial 44 with value: 0.06770706921815872.
LOCAL_RANK: 0 - CUDA_VISIBLE_DEVICES: [0]
[I 2023-11-30 12:14:26,576] Trial 85 finished with value: 0.1704743355512619 and parameters: {'gradient_clip_val': 0.26888937582454153, 'hidden_size': 106, 'dropout': 0.25891036217827157, 'hidden_continuous_size': 76, 'attention_head_size': 3, 'learning_rate': 0.020257411983008435}. Best is trial 44 with value: 0.06770706921815872.
LOCAL_RANK: 0 - CUDA_VISIBLE_DEVICES: [0]
[I 2023-11-30 12:14:41,115] Trial 86 finished with value: 0.13932736217975616 and parameters: {'gradient_clip_val': 0.33770516247330096, 'hidden_size': 128, 'dropout': 0.2458442232447709, 'hidden_continuous_size': 95, 'attention_head_size': 3, 'learning_rate': 0.025616955820420263}. Best is trial 44 with value: 0.06770706921815872.
LOCAL_RANK: 0 - CUDA_VISIBLE_DEVICES: [0]
[I 2023-11-30 12:14:55,954] Trial 87 finished with value: 0.11749475449323654 and parameters: {'gradient_clip_val': 0.34828300286702607, 'hidden_size': 117, 'dropout': 0.23712108571600637, 'hidden_continuous_size': 88, 'attention_head_size': 3, 'learning_rate': 0.02966223897485795}. Best is trial 44 with value: 0.06770706921815872.
LOCAL_RANK: 0 - CUDA_VISIBLE_DEVICES: [0]
[I 2023-11-30 12:15:10,393] Trial 88 finished with value: 0.15286953747272491 and parameters: {'gradient_clip_val': 0.3213870684469108, 'hidden_size': 93, 'dropout': 0.2899790851067625, 'hidden_continuous_size': 71, 'attention_head_size': 3, 'learning_rate': 0.02278492348026289}. Best is trial 44 with value: 0.06770706921815872.
LOCAL_RANK: 0 - CUDA_VISIBLE_DEVICES: [0]
[I 2023-11-30 12:15:24,899] Trial 89 finished with value: 0.10173651576042175 and parameters: {'gradient_clip_val': 0.3750563835499354, 'hidden_size': 140, 'dropout': 0.3026307540072821, 'hidden_continuous_size': 58, 'attention_head_size': 4, 'learning_rate': 0.01160530223269416}. Best is trial 44 with value: 0.06770706921815872.
LOCAL_RANK: 0 - CUDA_VISIBLE_DEVICES: [0]
[I 2023-11-30 12:15:39,628] Trial 90 finished with value: 0.24130193889141083 and parameters: {'gradient_clip_val': 0.43012175198340513, 'hidden_size': 145, 'dropout': 0.3047099217697983, 'hidden_continuous_size': 57, 'attention_head_size': 3, 'learning_rate': 0.011196156041102317}. Best is trial 44 with value: 0.06770706921815872.
LOCAL_RANK: 0 - CUDA_VISIBLE_DEVICES: [0]
[I 2023-11-30 12:15:54,458] Trial 91 finished with value: 0.2314157485961914 and parameters: {'gradient_clip_val': 0.3783573088058551, 'hidden_size': 131, 'dropout': 0.3108056533956558, 'hidden_continuous_size': 74, 'attention_head_size': 4, 'learning_rate': 0.012289697704556733}. Best is trial 44 with value: 0.06770706921815872.
LOCAL_RANK: 0 - CUDA_VISIBLE_DEVICES: [0]
[I 2023-11-30 12:16:09,251] Trial 92 finished with value: 0.10509010404348373 and parameters: {'gradient_clip_val': 0.4002765184939031, 'hidden_size': 121, 'dropout': 0.32030467767668397, 'hidden_continuous_size': 63, 'attention_head_size': 4, 'learning_rate': 0.01374632326337206}. Best is trial 44 with value: 0.06770706921815872.
LOCAL_RANK: 0 - CUDA_VISIBLE_DEVICES: [0]
[I 2023-11-30 12:16:23,626] Trial 93 finished with value: 0.14567367732524872 and parameters: {'gradient_clip_val': 0.403758960363408, 'hidden_size': 140, 'dropout': 0.3173157270343734, 'hidden_continuous_size': 50, 'attention_head_size': 4, 'learning_rate': 0.013293218612635518}. Best is trial 44 with value: 0.06770706921815872.
LOCAL_RANK: 0 - CUDA_VISIBLE_DEVICES: [0]
[I 2023-11-30 12:16:38,178] Trial 94 finished with value: 0.10229295492172241 and parameters: {'gradient_clip_val': 0.37242532811957374, 'hidden_size': 119, 'dropout': 0.3311387713269391, 'hidden_continuous_size': 64, 'attention_head_size': 4, 'learning_rate': 0.017533684391816892}. Best is trial 44 with value: 0.06770706921815872.
LOCAL_RANK: 0 - CUDA_VISIBLE_DEVICES: [0]
[I 2023-11-30 12:16:52,672] Trial 95 finished with value: 0.11059556156396866 and parameters: {'gradient_clip_val': 0.3737362225433806, 'hidden_size': 111, 'dropout': 0.3289488918445367, 'hidden_continuous_size': 63, 'attention_head_size': 4, 'learning_rate': 0.014349047435816576}. Best is trial 44 with value: 0.06770706921815872.
LOCAL_RANK: 0 - CUDA_VISIBLE_DEVICES: [0]
[I 2023-11-30 12:17:07,102] Trial 96 finished with value: 0.13078099489212036 and parameters: {'gradient_clip_val': 0.39548592783149994, 'hidden_size': 119, 'dropout': 0.32017794935492966, 'hidden_continuous_size': 59, 'attention_head_size': 4, 'learning_rate': 0.018385655926345508}. Best is trial 44 with value: 0.06770706921815872.
LOCAL_RANK: 0 - CUDA_VISIBLE_DEVICES: [0]
[I 2023-11-30 12:17:21,730] Trial 97 finished with value: 0.16084825992584229 and parameters: {'gradient_clip_val': 0.3477568221369875, 'hidden_size': 142, 'dropout': 0.33467407760824197, 'hidden_continuous_size': 56, 'attention_head_size': 4, 'learning_rate': 0.011606804768720093}. Best is trial 44 with value: 0.06770706921815872.
LOCAL_RANK: 0 - CUDA_VISIBLE_DEVICES: [0]
[I 2023-11-30 12:17:36,662] Trial 98 finished with value: 0.15496191382408142 and parameters: {'gradient_clip_val': 0.47169639874195324, 'hidden_size': 123, 'dropout': 0.3244113517780011, 'hidden_continuous_size': 65, 'attention_head_size': 4, 'learning_rate': 0.017081183399102758}. Best is trial 44 with value: 0.06770706921815872.
LOCAL_RANK: 0 - CUDA_VISIBLE_DEVICES: [0]
[I 2023-11-30 12:17:51,218] Trial 99 finished with value: 0.09734046459197998 and parameters: {'gradient_clip_val': 0.43487296169899037, 'hidden_size': 97, 'dropout': 0.29747062140924574, 'hidden_continuous_size': 69, 'attention_head_size': 4, 'learning_rate': 0.027977547420823746}. Best is trial 44 with value: 0.06770706921815872.
LOCAL_RANK: 0 - CUDA_VISIBLE_DEVICES: [0]
[I 2023-11-30 12:18:05,683] Trial 100 finished with value: 0.11869672685861588 and parameters: {'gradient_clip_val': 0.4257250448234858, 'hidden_size': 86, 'dropout': 0.2969330599633847, 'hidden_continuous_size': 71, 'attention_head_size': 4, 'learning_rate': 0.03395714185118377}. Best is trial 44 with value: 0.06770706921815872.
LOCAL_RANK: 0 - CUDA_VISIBLE_DEVICES: [0]
[I 2023-11-30 12:18:20,082] Trial 101 finished with value: 0.19421017169952393 and parameters: {'gradient_clip_val': 0.3917487356665928, 'hidden_size': 99, 'dropout': 0.3010326012851291, 'hidden_continuous_size': 59, 'attention_head_size': 4, 'learning_rate': 0.027414365549707366}. Best is trial 44 with value: 0.06770706921815872.
LOCAL_RANK: 0 - CUDA_VISIBLE_DEVICES: [0]
[I 2023-11-30 12:18:34,887] Trial 102 finished with value: 0.09806237369775772 and parameters: {'gradient_clip_val': 0.3643586332994934, 'hidden_size': 109, 'dropout': 0.31136953656254646, 'hidden_continuous_size': 65, 'attention_head_size': 4, 'learning_rate': 0.024227909082539904}. Best is trial 44 with value: 0.06770706921815872.
LOCAL_RANK: 0 - CUDA_VISIBLE_DEVICES: [0]
[I 2023-11-30 12:18:49,306] Trial 103 finished with value: 0.08200610429048538 and parameters: {'gradient_clip_val': 0.36306465782592606, 'hidden_size': 112, 'dropout': 0.31036336079117016, 'hidden_continuous_size': 69, 'attention_head_size': 4, 'learning_rate': 0.024132383219531883}. Best is trial 44 with value: 0.06770706921815872.
LOCAL_RANK: 0 - CUDA_VISIBLE_DEVICES: [0]
[I 2023-11-30 12:19:03,805] Trial 104 finished with value: 0.23434597253799438 and parameters: {'gradient_clip_val': 0.2950881678092131, 'hidden_size': 109, 'dropout': 0.31057485984677347, 'hidden_continuous_size': 76, 'attention_head_size': 4, 'learning_rate': 0.024872716226323588}. Best is trial 44 with value: 0.06770706921815872.
LOCAL_RANK: 0 - CUDA_VISIBLE_DEVICES: [0]
[I 2023-11-30 12:19:18,369] Trial 105 finished with value: 0.29108789563179016 and parameters: {'gradient_clip_val': 0.3414176950272363, 'hidden_size': 95, 'dropout': 0.2906306704872349, 'hidden_continuous_size': 69, 'attention_head_size': 4, 'learning_rate': 0.035570418408808875}. Best is trial 44 with value: 0.06770706921815872.
LOCAL_RANK: 0 - CUDA_VISIBLE_DEVICES: [0]
[I 2023-11-30 12:19:32,961] Trial 106 finished with value: 0.11167490482330322 and parameters: {'gradient_clip_val': 0.3576081869939575, 'hidden_size': 101, 'dropout': 0.30407515199483415, 'hidden_continuous_size': 75, 'attention_head_size': 4, 'learning_rate': 0.029808657640540092}. Best is trial 44 with value: 0.06770706921815872.
LOCAL_RANK: 0 - CUDA_VISIBLE_DEVICES: [0]
[I 2023-11-30 12:19:47,567] Trial 107 finished with value: 0.13906992971897125 and parameters: {'gradient_clip_val': 0.31110427573300464, 'hidden_size': 80, 'dropout': 0.2837806845322541, 'hidden_continuous_size': 67, 'attention_head_size': 4, 'learning_rate': 0.027482559491060033}. Best is trial 44 with value: 0.06770706921815872.
LOCAL_RANK: 0 - CUDA_VISIBLE_DEVICES: [0]
[I 2023-11-30 12:20:01,749] Trial 108 finished with value: 0.12325950711965561 and parameters: {'gradient_clip_val': 0.33264185890444786, 'hidden_size': 88, 'dropout': 0.29746804152079903, 'hidden_continuous_size': 70, 'attention_head_size': 1, 'learning_rate': 0.020034156268609486}. Best is trial 44 with value: 0.06770706921815872.
LOCAL_RANK: 0 - CUDA_VISIBLE_DEVICES: [0]
[I 2023-11-30 12:20:16,220] Trial 109 finished with value: 0.20055405795574188 and parameters: {'gradient_clip_val': 0.2980159902578901, 'hidden_size': 134, 'dropout': 0.3107141828878615, 'hidden_continuous_size': 49, 'attention_head_size': 3, 'learning_rate': 0.02407241963161127}. Best is trial 44 with value: 0.06770706921815872.
LOCAL_RANK: 0 - CUDA_VISIBLE_DEVICES: [0]
[I 2023-11-30 12:20:31,019] Trial 110 finished with value: 0.14107201993465424 and parameters: {'gradient_clip_val': 0.273695079077328, 'hidden_size': 150, 'dropout': 0.29066202590205353, 'hidden_continuous_size': 46, 'attention_head_size': 4, 'learning_rate': 0.03161002590713471}. Best is trial 44 with value: 0.06770706921815872.
LOCAL_RANK: 0 - CUDA_VISIBLE_DEVICES: [0]
[I 2023-11-30 12:20:45,199] Trial 111 finished with value: 0.15655724704265594 and parameters: {'gradient_clip_val': 0.36842830949141325, 'hidden_size': 112, 'dropout': 0.3401196583026847, 'hidden_continuous_size': 53, 'attention_head_size': 4, 'learning_rate': 0.0228343157452451}. Best is trial 44 with value: 0.06770706921815872.
LOCAL_RANK: 0 - CUDA_VISIBLE_DEVICES: [0]
[I 2023-11-30 12:20:59,859] Trial 112 finished with value: 0.14470766484737396 and parameters: {'gradient_clip_val': 0.38262911472099737, 'hidden_size': 118, 'dropout': 0.27648008832228715, 'hidden_continuous_size': 60, 'attention_head_size': 4, 'learning_rate': 0.019624746317858814}. Best is trial 44 with value: 0.06770706921815872.
LOCAL_RANK: 0 - CUDA_VISIBLE_DEVICES: [0]
[I 2023-11-30 12:21:14,580] Trial 113 finished with value: 0.0899481475353241 and parameters: {'gradient_clip_val': 0.36813482100056527, 'hidden_size': 114, 'dropout': 0.30523710337595344, 'hidden_continuous_size': 65, 'attention_head_size': 4, 'learning_rate': 0.027256174407314798}. Best is trial 44 with value: 0.06770706921815872.
LOCAL_RANK: 0 - CUDA_VISIBLE_DEVICES: [0]
[I 2023-11-30 12:21:29,201] Trial 114 finished with value: 0.11721131950616837 and parameters: {'gradient_clip_val': 0.3439889868479553, 'hidden_size': 102, 'dropout': 0.3039098974480266, 'hidden_continuous_size': 79, 'attention_head_size': 4, 'learning_rate': 0.026802511760267232}. Best is trial 44 with value: 0.06770706921815872.
LOCAL_RANK: 0 - CUDA_VISIBLE_DEVICES: [0]
[I 2023-11-30 12:21:43,709] Trial 115 finished with value: 0.09744369983673096 and parameters: {'gradient_clip_val': 0.9158506673151061, 'hidden_size': 110, 'dropout': 0.3129375372934768, 'hidden_continuous_size': 66, 'attention_head_size': 3, 'learning_rate': 0.028811520183551525}. Best is trial 44 with value: 0.06770706921815872.
LOCAL_RANK: 0 - CUDA_VISIBLE_DEVICES: [0]
[I 2023-11-30 12:21:58,141] Trial 116 finished with value: 0.18864238262176514 and parameters: {'gradient_clip_val': 0.43684564424579597, 'hidden_size': 93, 'dropout': 0.314537117931719, 'hidden_continuous_size': 72, 'attention_head_size': 3, 'learning_rate': 0.03266245756599512}. Best is trial 44 with value: 0.06770706921815872.
LOCAL_RANK: 0 - CUDA_VISIBLE_DEVICES: [0]
[I 2023-11-30 12:22:12,898] Trial 117 finished with value: 0.18231318891048431 and parameters: {'gradient_clip_val': 0.4625316014187396, 'hidden_size': 107, 'dropout': 0.295113554332526, 'hidden_continuous_size': 66, 'attention_head_size': 4, 'learning_rate': 0.039314119739213955}. Best is trial 44 with value: 0.06770706921815872.
LOCAL_RANK: 0 - CUDA_VISIBLE_DEVICES: [0]
[I 2023-11-30 12:22:27,315] Trial 118 finished with value: 0.17664949595928192 and parameters: {'gradient_clip_val': 0.6372373252748588, 'hidden_size': 111, 'dropout': 0.28118581789969116, 'hidden_continuous_size': 58, 'attention_head_size': 4, 'learning_rate': 0.03565422338792288}. Best is trial 44 with value: 0.06770706921815872.
LOCAL_RANK: 0 - CUDA_VISIBLE_DEVICES: [0]
[I 2023-11-30 12:22:41,508] Trial 119 finished with value: 0.10527043789625168 and parameters: {'gradient_clip_val': 0.8979661195931438, 'hidden_size': 96, 'dropout': 0.2710445152428008, 'hidden_continuous_size': 61, 'attention_head_size': 3, 'learning_rate': 0.02884466834662877}. Best is trial 44 with value: 0.06770706921815872.
LOCAL_RANK: 0 - CUDA_VISIBLE_DEVICES: [0]
[I 2023-11-30 12:22:55,780] Trial 120 finished with value: 0.10010981559753418 and parameters: {'gradient_clip_val': 0.281759624564528, 'hidden_size': 77, 'dropout': 0.3081951245535283, 'hidden_continuous_size': 69, 'attention_head_size': 3, 'learning_rate': 0.021574034017433928}. Best is trial 44 with value: 0.06770706921815872.
LOCAL_RANK: 0 - CUDA_VISIBLE_DEVICES: [0]
[I 2023-11-30 12:23:10,096] Trial 121 finished with value: 0.17323537170886993 and parameters: {'gradient_clip_val': 0.28399141548410645, 'hidden_size': 83, 'dropout': 0.30411746094789566, 'hidden_continuous_size': 66, 'attention_head_size': 3, 'learning_rate': 0.02464382407600589}. Best is trial 44 with value: 0.06770706921815872.
LOCAL_RANK: 0 - CUDA_VISIBLE_DEVICES: [0]
[I 2023-11-30 12:23:24,392] Trial 122 finished with value: 0.08330193907022476 and parameters: {'gradient_clip_val': 0.9445805052089514, 'hidden_size': 77, 'dropout': 0.31433802373313185, 'hidden_continuous_size': 69, 'attention_head_size': 3, 'learning_rate': 0.021894230291635973}. Best is trial 44 with value: 0.06770706921815872.
LOCAL_RANK: 0 - CUDA_VISIBLE_DEVICES: [0]
[I 2023-11-30 12:23:38,759] Trial 123 finished with value: 0.13888202607631683 and parameters: {'gradient_clip_val': 0.9313528731024079, 'hidden_size': 77, 'dropout': 0.31077146928486654, 'hidden_continuous_size': 69, 'attention_head_size': 3, 'learning_rate': 0.02087034379058632}. Best is trial 44 with value: 0.06770706921815872.
LOCAL_RANK: 0 - CUDA_VISIBLE_DEVICES: [0]
[I 2023-11-30 12:23:53,045] Trial 124 finished with value: 0.15770483016967773 and parameters: {'gradient_clip_val': 0.6888841498496855, 'hidden_size': 75, 'dropout': 0.3230139985525324, 'hidden_continuous_size': 69, 'attention_head_size': 3, 'learning_rate': 0.030824877278669033}. Best is trial 44 with value: 0.06770706921815872.
LOCAL_RANK: 0 - CUDA_VISIBLE_DEVICES: [0]
[I 2023-11-30 12:24:07,524] Trial 125 finished with value: 0.13886256515979767 and parameters: {'gradient_clip_val': 0.7598814080564922, 'hidden_size': 89, 'dropout': 0.316276745335978, 'hidden_continuous_size': 74, 'attention_head_size': 3, 'learning_rate': 0.022360572840803623}. Best is trial 44 with value: 0.06770706921815872.
LOCAL_RANK: 0 - CUDA_VISIBLE_DEVICES: [0]
[I 2023-11-30 12:24:21,668] Trial 126 finished with value: 0.1224089190363884 and parameters: {'gradient_clip_val': 0.32238569739111783, 'hidden_size': 84, 'dropout': 0.28494702227628527, 'hidden_continuous_size': 64, 'attention_head_size': 3, 'learning_rate': 0.026381695809797816}. Best is trial 44 with value: 0.06770706921815872.
LOCAL_RANK: 0 - CUDA_VISIBLE_DEVICES: [0]
[I 2023-11-30 12:24:35,727] Trial 127 finished with value: 0.18385638296604156 and parameters: {'gradient_clip_val': 0.252529628116261, 'hidden_size': 69, 'dropout': 0.293726745889295, 'hidden_continuous_size': 62, 'attention_head_size': 3, 'learning_rate': 0.02316991820732871}. Best is trial 44 with value: 0.06770706921815872.
LOCAL_RANK: 0 - CUDA_VISIBLE_DEVICES: [0]
[I 2023-11-30 12:24:50,241] Trial 128 finished with value: 0.17693877220153809 and parameters: {'gradient_clip_val': 0.8289003004349879, 'hidden_size': 80, 'dropout': 0.3121068579791518, 'hidden_continuous_size': 73, 'attention_head_size': 3, 'learning_rate': 0.029061775681900562}. Best is trial 44 with value: 0.06770706921815872.
LOCAL_RANK: 0 - CUDA_VISIBLE_DEVICES: [0]
[I 2023-11-30 12:25:04,903] Trial 129 finished with value: 0.1967936009168625 and parameters: {'gradient_clip_val': 0.30296523684064164, 'hidden_size': 101, 'dropout': 0.3250325433679748, 'hidden_continuous_size': 79, 'attention_head_size': 3, 'learning_rate': 0.016438124510075675}. Best is trial 44 with value: 0.06770706921815872.
LOCAL_RANK: 0 - CUDA_VISIBLE_DEVICES: [0]
[I 2023-11-30 12:25:19,389] Trial 130 finished with value: 0.15264077484607697 and parameters: {'gradient_clip_val': 0.9999117898460632, 'hidden_size': 90, 'dropout': 0.2890358148758296, 'hidden_continuous_size': 77, 'attention_head_size': 3, 'learning_rate': 0.01901888358917514}. Best is trial 44 with value: 0.06770706921815872.
LOCAL_RANK: 0 - CUDA_VISIBLE_DEVICES: [0]
