[I 2023-11-29 20:43:38,472] Trial 22 finished with value: 0.32088711857795715 and parameters: {'gradient_clip_val': 0.15889981087242186, 'hidden_size': 24, 'dropout': 0.33479395835186454, 'hidden_continuous_size': 17, 'attention_head_size': 3, 'learning_rate': 0.03305763032010772}. Best is trial 17 with value: 0.13289323449134827.
LOCAL_RANK: 0 - CUDA_VISIBLE_DEVICES: [0]
[I 2023-11-29 20:43:51,373] Trial 23 finished with value: 0.215639129281044 and parameters: {'gradient_clip_val': 0.12801052686988534, 'hidden_size': 31, 'dropout': 0.37737123383705407, 'hidden_continuous_size': 19, 'attention_head_size': 3, 'learning_rate': 0.06166482125596515}. Best is trial 17 with value: 0.13289323449134827.
LOCAL_RANK: 0 - CUDA_VISIBLE_DEVICES: [0]
[I 2023-11-29 20:44:03,877] Trial 24 finished with value: 0.18885362148284912 and parameters: {'gradient_clip_val': 0.10466576099591594, 'hidden_size': 13, 'dropout': 0.34353056271153587, 'hidden_continuous_size': 10, 'attention_head_size': 2, 'learning_rate': 0.07668897787129797}. Best is trial 17 with value: 0.13289323449134827.
LOCAL_RANK: 0 - CUDA_VISIBLE_DEVICES: [0]
[I 2023-11-29 20:44:15,956] Trial 25 finished with value: 0.6222695708274841 and parameters: {'gradient_clip_val': 0.19701761615425964, 'hidden_size': 13, 'dropout': 0.34271866719384225, 'hidden_continuous_size': 10, 'attention_head_size': 1, 'learning_rate': 0.0341174874366775}. Best is trial 17 with value: 0.13289323449134827.
LOCAL_RANK: 0 - CUDA_VISIBLE_DEVICES: [0]
[I 2023-11-29 20:44:28,320] Trial 26 finished with value: 0.23072372376918793 and parameters: {'gradient_clip_val': 0.12138987573528187, 'hidden_size': 12, 'dropout': 0.313166991902238, 'hidden_continuous_size': 10, 'attention_head_size': 2, 'learning_rate': 0.0670535537687454}. Best is trial 17 with value: 0.13289323449134827.
LOCAL_RANK: 0 - CUDA_VISIBLE_DEVICES: [0]
[I 2023-11-29 20:44:38,955] Trial 27 finished with value: 0.9895496368408203 and parameters: {'gradient_clip_val': 0.1496757614035696, 'hidden_size': 10, 'dropout': 0.35595778915116183, 'hidden_continuous_size': 10, 'attention_head_size': 2, 'learning_rate': 0.04486153859162898}. Best is trial 17 with value: 0.13289323449134827.
LOCAL_RANK: 0 - CUDA_VISIBLE_DEVICES: [0]
[I 2023-11-29 20:44:51,395] Trial 28 finished with value: 0.2143791764974594 and parameters: {'gradient_clip_val': 0.12059530743177892, 'hidden_size': 15, 'dropout': 0.2929454983995734, 'hidden_continuous_size': 11, 'attention_head_size': 2, 'learning_rate': 0.05847353281744374}. Best is trial 17 with value: 0.13289323449134827.
LOCAL_RANK: 0 - CUDA_VISIBLE_DEVICES: [0]
[I 2023-11-29 20:45:03,937] Trial 29 finished with value: 0.28456708788871765 and parameters: {'gradient_clip_val': 0.1816022207770005, 'hidden_size': 18, 'dropout': 0.3318925443043318, 'hidden_continuous_size': 12, 'attention_head_size': 2, 'learning_rate': 0.04483809452780101}. Best is trial 17 with value: 0.13289323449134827.
LOCAL_RANK: 0 - CUDA_VISIBLE_DEVICES: [0]
[I 2023-11-29 20:45:16,323] Trial 30 finished with value: 0.29711049795150757 and parameters: {'gradient_clip_val': 0.1591802518437252, 'hidden_size': 22, 'dropout': 0.37643399209840867, 'hidden_continuous_size': 13, 'attention_head_size': 1, 'learning_rate': 0.080449157307183}. Best is trial 17 with value: 0.13289323449134827.
LOCAL_RANK: 0 - CUDA_VISIBLE_DEVICES: [0]
[I 2023-11-29 20:45:28,918] Trial 31 finished with value: 0.23409688472747803 and parameters: {'gradient_clip_val': 0.1040725791884004, 'hidden_size': 23, 'dropout': 0.379981556061724, 'hidden_continuous_size': 14, 'attention_head_size': 3, 'learning_rate': 0.08198358043163392}. Best is trial 17 with value: 0.13289323449134827.
LOCAL_RANK: 0 - CUDA_VISIBLE_DEVICES: [0]
[I 2023-11-29 20:45:41,374] Trial 32 finished with value: 0.2633810341358185 and parameters: {'gradient_clip_val': 0.13816344989042847, 'hidden_size': 14, 'dropout': 0.35066472772605906, 'hidden_continuous_size': 11, 'attention_head_size': 3, 'learning_rate': 0.06421730369104056}. Best is trial 17 with value: 0.13289323449134827.
LOCAL_RANK: 0 - CUDA_VISIBLE_DEVICES: [0]
[I 2023-11-29 20:45:53,897] Trial 33 finished with value: 0.406027227640152 and parameters: {'gradient_clip_val': 0.11487340424871033, 'hidden_size': 17, 'dropout': 0.3951266784810421, 'hidden_continuous_size': 12, 'attention_head_size': 3, 'learning_rate': 0.0887427703486083}. Best is trial 17 with value: 0.13289323449134827.
LOCAL_RANK: 0 - CUDA_VISIBLE_DEVICES: [0]
[I 2023-11-29 20:46:06,964] Trial 34 finished with value: 0.28884515166282654 and parameters: {'gradient_clip_val': 0.10276306864381918, 'hidden_size': 29, 'dropout': 0.36289997896732373, 'hidden_continuous_size': 17, 'attention_head_size': 4, 'learning_rate': 0.0484944656252681}. Best is trial 17 with value: 0.13289323449134827.
LOCAL_RANK: 0 - CUDA_VISIBLE_DEVICES: [0]
[I 2023-11-29 20:46:19,291] Trial 35 finished with value: 0.40803980827331543 and parameters: {'gradient_clip_val': 0.1474357235711618, 'hidden_size': 14, 'dropout': 0.30446482477180953, 'hidden_continuous_size': 11, 'attention_head_size': 3, 'learning_rate': 0.03589170956268574}. Best is trial 17 with value: 0.13289323449134827.
LOCAL_RANK: 0 - CUDA_VISIBLE_DEVICES: [0]
[I 2023-11-29 20:46:32,259] Trial 36 finished with value: 0.2596847712993622 and parameters: {'gradient_clip_val': 0.13645228737010803, 'hidden_size': 41, 'dropout': 0.32309393870675435, 'hidden_continuous_size': 24, 'attention_head_size': 2, 'learning_rate': 0.055736195694403086}. Best is trial 17 with value: 0.13289323449134827.
LOCAL_RANK: 0 - CUDA_VISIBLE_DEVICES: [0]
[I 2023-11-29 20:46:44,810] Trial 37 finished with value: 0.2184491902589798 and parameters: {'gradient_clip_val': 0.18068259565583272, 'hidden_size': 28, 'dropout': 0.38615430355646085, 'hidden_continuous_size': 15, 'attention_head_size': 4, 'learning_rate': 0.09931285296766218}. Best is trial 17 with value: 0.13289323449134827.
LOCAL_RANK: 0 - CUDA_VISIBLE_DEVICES: [0]
[I 2023-11-29 20:46:57,310] Trial 38 finished with value: 0.2750849723815918 and parameters: {'gradient_clip_val': 0.11458837910358577, 'hidden_size': 18, 'dropout': 0.34389944492983826, 'hidden_continuous_size': 13, 'attention_head_size': 3, 'learning_rate': 0.07282410081345243}. Best is trial 17 with value: 0.13289323449134827.
LOCAL_RANK: 0 - CUDA_VISIBLE_DEVICES: [0]
[I 2023-11-29 20:47:09,848] Trial 39 finished with value: 0.8315877914428711 and parameters: {'gradient_clip_val': 0.14408595504105834, 'hidden_size': 22, 'dropout': 0.29205952250593287, 'hidden_continuous_size': 15, 'attention_head_size': 1, 'learning_rate': 0.017636685365396497}. Best is trial 17 with value: 0.13289323449134827.
LOCAL_RANK: 0 - CUDA_VISIBLE_DEVICES: [0]
[I 2023-11-29 20:47:22,217] Trial 40 finished with value: 0.40652719140052795 and parameters: {'gradient_clip_val': 0.1630355694350191, 'hidden_size': 16, 'dropout': 0.3636447274541761, 'hidden_continuous_size': 12, 'attention_head_size': 4, 'learning_rate': 0.02894086090680543}. Best is trial 17 with value: 0.13289323449134827.
LOCAL_RANK: 0 - CUDA_VISIBLE_DEVICES: [0]
[I 2023-11-29 20:47:34,510] Trial 41 finished with value: 0.1892315000295639 and parameters: {'gradient_clip_val': 0.12270406461176564, 'hidden_size': 15, 'dropout': 0.29213943501537964, 'hidden_continuous_size': 11, 'attention_head_size': 2, 'learning_rate': 0.05628538308360344}. Best is trial 17 with value: 0.13289323449134827.
LOCAL_RANK: 0 - CUDA_VISIBLE_DEVICES: [0]
[I 2023-11-29 20:47:46,585] Trial 42 finished with value: 0.39349448680877686 and parameters: {'gradient_clip_val': 0.12282054192226832, 'hidden_size': 12, 'dropout': 0.2878519840851607, 'hidden_continuous_size': 10, 'attention_head_size': 2, 'learning_rate': 0.052940027579985685}. Best is trial 17 with value: 0.13289323449134827.
LOCAL_RANK: 0 - CUDA_VISIBLE_DEVICES: [0]
[I 2023-11-29 20:47:59,260] Trial 43 finished with value: 0.16925323009490967 and parameters: {'gradient_clip_val': 0.10393043029010116, 'hidden_size': 27, 'dropout': 0.31395246818177525, 'hidden_continuous_size': 19, 'attention_head_size': 2, 'learning_rate': 0.08096778565845558}. Best is trial 17 with value: 0.13289323449134827.
LOCAL_RANK: 0 - CUDA_VISIBLE_DEVICES: [0]
[I 2023-11-29 20:48:11,471] Trial 44 finished with value: 0.4120143949985504 and parameters: {'gradient_clip_val': 0.13434323006828786, 'hidden_size': 15, 'dropout': 0.3147330638405131, 'hidden_continuous_size': 11, 'attention_head_size': 2, 'learning_rate': 0.03875626904209847}. Best is trial 17 with value: 0.13289323449134827.
LOCAL_RANK: 0 - CUDA_VISIBLE_DEVICES: [0]
[I 2023-11-29 20:48:24,132] Trial 45 finished with value: 0.34807872772216797 and parameters: {'gradient_clip_val': 0.11394021501414806, 'hidden_size': 11, 'dropout': 0.27431017180767014, 'hidden_continuous_size': 10, 'attention_head_size': 2, 'learning_rate': 0.07503681661033496}. Best is trial 17 with value: 0.13289323449134827.
LOCAL_RANK: 0 - CUDA_VISIBLE_DEVICES: [0]
[I 2023-11-29 20:48:36,719] Trial 46 finished with value: 0.26292574405670166 and parameters: {'gradient_clip_val': 0.14780338401530532, 'hidden_size': 27, 'dropout': 0.24147845113392363, 'hidden_continuous_size': 18, 'attention_head_size': 2, 'learning_rate': 0.052472665063332966}. Best is trial 17 with value: 0.13289323449134827.
LOCAL_RANK: 0 - CUDA_VISIBLE_DEVICES: [0]
[I 2023-11-29 20:48:49,201] Trial 47 finished with value: 0.49535584449768066 and parameters: {'gradient_clip_val': 0.11088692245064746, 'hidden_size': 19, 'dropout': 0.3100131091573088, 'hidden_continuous_size': 15, 'attention_head_size': 1, 'learning_rate': 0.02243162984059068}. Best is trial 17 with value: 0.13289323449134827.
LOCAL_RANK: 0 - CUDA_VISIBLE_DEVICES: [0]
[I 2023-11-29 20:49:01,230] Trial 48 finished with value: 0.3108612596988678 and parameters: {'gradient_clip_val': 0.10054607326396087, 'hidden_size': 16, 'dropout': 0.3034058249509732, 'hidden_continuous_size': 13, 'attention_head_size': 2, 'learning_rate': 0.0420969474497453}. Best is trial 17 with value: 0.13289323449134827.
LOCAL_RANK: 0 - CUDA_VISIBLE_DEVICES: [0]
[I 2023-11-29 20:49:13,528] Trial 49 finished with value: 0.26344260573387146 and parameters: {'gradient_clip_val': 0.12811846831943144, 'hidden_size': 22, 'dropout': 0.3395276126456222, 'hidden_continuous_size': 16, 'attention_head_size': 2, 'learning_rate': 0.06970102623197198}. Best is trial 17 with value: 0.13289323449134827.
LOCAL_RANK: 0 - CUDA_VISIBLE_DEVICES: [0]
[I 2023-11-29 20:49:26,725] Trial 50 finished with value: 0.48896393179893494 and parameters: {'gradient_clip_val': 0.12490747146079596, 'hidden_size': 35, 'dropout': 0.32299599557783165, 'hidden_continuous_size': 20, 'attention_head_size': 2, 'learning_rate': 0.03046038497166348}. Best is trial 17 with value: 0.13289323449134827.
LOCAL_RANK: 0 - CUDA_VISIBLE_DEVICES: [0]
[I 2023-11-29 20:49:39,371] Trial 51 finished with value: 0.19151423871517181 and parameters: {'gradient_clip_val': 0.10169021904363176, 'hidden_size': 25, 'dropout': 0.3505363323633122, 'hidden_continuous_size': 21, 'attention_head_size': 3, 'learning_rate': 0.08477725654588204}. Best is trial 17 with value: 0.13289323449134827.
LOCAL_RANK: 0 - CUDA_VISIBLE_DEVICES: [0]
[I 2023-11-29 20:49:52,003] Trial 52 finished with value: 0.2348301261663437 and parameters: {'gradient_clip_val': 0.11027957595273334, 'hidden_size': 25, 'dropout': 0.354588629246886, 'hidden_continuous_size': 19, 'attention_head_size': 3, 'learning_rate': 0.0863893136214583}. Best is trial 17 with value: 0.13289323449134827.
LOCAL_RANK: 0 - CUDA_VISIBLE_DEVICES: [0]
[I 2023-11-29 20:50:04,869] Trial 53 finished with value: 0.2894340753555298 and parameters: {'gradient_clip_val': 0.10010095450566199, 'hidden_size': 30, 'dropout': 0.3330625400246742, 'hidden_continuous_size': 21, 'attention_head_size': 3, 'learning_rate': 0.0613559712930898}. Best is trial 17 with value: 0.13289323449134827.
LOCAL_RANK: 0 - CUDA_VISIBLE_DEVICES: [0]
[I 2023-11-29 20:50:17,252] Trial 54 finished with value: 0.14887402951717377 and parameters: {'gradient_clip_val': 0.13511004452413683, 'hidden_size': 20, 'dropout': 0.3443523858704391, 'hidden_continuous_size': 18, 'attention_head_size': 3, 'learning_rate': 0.09559440662587008}. Best is trial 17 with value: 0.13289323449134827.
LOCAL_RANK: 0 - CUDA_VISIBLE_DEVICES: [0]
[I 2023-11-29 20:50:29,640] Trial 55 finished with value: 0.27645444869995117 and parameters: {'gradient_clip_val': 0.13376257394380767, 'hidden_size': 20, 'dropout': 0.3217663294283166, 'hidden_continuous_size': 17, 'attention_head_size': 3, 'learning_rate': 0.09688669251634}. Best is trial 17 with value: 0.13289323449134827.
LOCAL_RANK: 0 - CUDA_VISIBLE_DEVICES: [0]
[I 2023-11-29 20:50:42,334] Trial 56 finished with value: 0.2532329857349396 and parameters: {'gradient_clip_val': 0.17432076364067056, 'hidden_size': 18, 'dropout': 0.33703955748795045, 'hidden_continuous_size': 14, 'attention_head_size': 2, 'learning_rate': 0.05104993276615196}. Best is trial 17 with value: 0.13289323449134827.
LOCAL_RANK: 0 - CUDA_VISIBLE_DEVICES: [0]
[I 2023-11-29 20:50:54,933] Trial 57 finished with value: 0.1721772402524948 and parameters: {'gradient_clip_val': 0.1470573428886486, 'hidden_size': 21, 'dropout': 0.3678402020753401, 'hidden_continuous_size': 18, 'attention_head_size': 3, 'learning_rate': 0.07148494464253717}. Best is trial 17 with value: 0.13289323449134827.
LOCAL_RANK: 0 - CUDA_VISIBLE_DEVICES: [0]
[I 2023-11-29 20:51:07,706] Trial 58 finished with value: 0.21631570160388947 and parameters: {'gradient_clip_val': 0.15334057020304676, 'hidden_size': 27, 'dropout': 0.36690816852755587, 'hidden_continuous_size': 18, 'attention_head_size': 3, 'learning_rate': 0.07375654097342732}. Best is trial 17 with value: 0.13289323449134827.
LOCAL_RANK: 0 - CUDA_VISIBLE_DEVICES: [0]
[I 2023-11-29 20:51:20,814] Trial 59 finished with value: 0.19580383598804474 and parameters: {'gradient_clip_val': 0.20014352879116665, 'hidden_size': 33, 'dropout': 0.3710174791429205, 'hidden_continuous_size': 23, 'attention_head_size': 3, 'learning_rate': 0.0365711466931905}. Best is trial 17 with value: 0.13289323449134827.
LOCAL_RANK: 0 - CUDA_VISIBLE_DEVICES: [0]
[I 2023-11-29 20:51:33,224] Trial 60 finished with value: 0.17892207205295563 and parameters: {'gradient_clip_val': 0.16442715352169696, 'hidden_size': 21, 'dropout': 0.3489404437509086, 'hidden_continuous_size': 18, 'attention_head_size': 3, 'learning_rate': 0.06758856219664837}. Best is trial 17 with value: 0.13289323449134827.
LOCAL_RANK: 0 - CUDA_VISIBLE_DEVICES: [0]
[I 2023-11-29 20:51:45,606] Trial 61 finished with value: 0.292499303817749 and parameters: {'gradient_clip_val': 0.15922144388575976, 'hidden_size': 21, 'dropout': 0.3578325613787296, 'hidden_continuous_size': 18, 'attention_head_size': 3, 'learning_rate': 0.06657313306728545}. Best is trial 17 with value: 0.13289323449134827.
LOCAL_RANK: 0 - CUDA_VISIBLE_DEVICES: [0]
[I 2023-11-29 20:51:57,956] Trial 62 finished with value: 0.2092808336019516 and parameters: {'gradient_clip_val': 0.14324329321652932, 'hidden_size': 24, 'dropout': 0.34916606352045004, 'hidden_continuous_size': 20, 'attention_head_size': 3, 'learning_rate': 0.09948663698230274}. Best is trial 17 with value: 0.13289323449134827.
LOCAL_RANK: 0 - CUDA_VISIBLE_DEVICES: [0]
[I 2023-11-29 20:52:10,366] Trial 63 finished with value: 0.35211631655693054 and parameters: {'gradient_clip_val': 0.13304043910958527, 'hidden_size': 21, 'dropout': 0.33276985628432976, 'hidden_continuous_size': 17, 'attention_head_size': 3, 'learning_rate': 0.07841139285155665}. Best is trial 17 with value: 0.13289323449134827.
LOCAL_RANK: 0 - CUDA_VISIBLE_DEVICES: [0]
[I 2023-11-29 20:52:23,041] Trial 64 finished with value: 0.24579071998596191 and parameters: {'gradient_clip_val': 0.16741454272828993, 'hidden_size': 19, 'dropout': 0.34234744566751335, 'hidden_continuous_size': 16, 'attention_head_size': 3, 'learning_rate': 0.06226671712847939}. Best is trial 17 with value: 0.13289323449134827.
LOCAL_RANK: 0 - CUDA_VISIBLE_DEVICES: [0]
[I 2023-11-29 20:52:35,606] Trial 65 finished with value: 0.2565633952617645 and parameters: {'gradient_clip_val': 0.11068692243361157, 'hidden_size': 23, 'dropout': 0.38392504743309397, 'hidden_continuous_size': 18, 'attention_head_size': 3, 'learning_rate': 0.042455177962811654}. Best is trial 17 with value: 0.13289323449134827.
LOCAL_RANK: 0 - CUDA_VISIBLE_DEVICES: [0]
[I 2023-11-29 20:52:48,425] Trial 66 finished with value: 0.18714506924152374 and parameters: {'gradient_clip_val': 0.18485550969642764, 'hidden_size': 26, 'dropout': 0.36457452295223675, 'hidden_continuous_size': 20, 'attention_head_size': 3, 'learning_rate': 0.08544125050499388}. Best is trial 17 with value: 0.13289323449134827.
LOCAL_RANK: 0 - CUDA_VISIBLE_DEVICES: [0]
[I 2023-11-29 20:53:01,148] Trial 67 finished with value: 0.2307850569486618 and parameters: {'gradient_clip_val': 0.19951374958815754, 'hidden_size': 29, 'dropout': 0.37137262086833805, 'hidden_continuous_size': 19, 'attention_head_size': 3, 'learning_rate': 0.08712000279573769}. Best is trial 17 with value: 0.13289323449134827.
LOCAL_RANK: 0 - CUDA_VISIBLE_DEVICES: [0]
[I 2023-11-29 20:53:14,110] Trial 68 finished with value: 0.19080929458141327 and parameters: {'gradient_clip_val': 0.18382305620223746, 'hidden_size': 32, 'dropout': 0.39314909574680623, 'hidden_continuous_size': 22, 'attention_head_size': 4, 'learning_rate': 0.05004906518310834}. Best is trial 17 with value: 0.13289323449134827.
LOCAL_RANK: 0 - CUDA_VISIBLE_DEVICES: [0]
[I 2023-11-29 20:53:26,683] Trial 69 finished with value: 0.1925993412733078 and parameters: {'gradient_clip_val': 0.15665261337699646, 'hidden_size': 26, 'dropout': 0.3776009347986596, 'hidden_continuous_size': 20, 'attention_head_size': 3, 'learning_rate': 0.0664780555096334}. Best is trial 17 with value: 0.13289323449134827.
LOCAL_RANK: 0 - CUDA_VISIBLE_DEVICES: [0]
[I 2023-11-29 20:53:39,113] Trial 70 finished with value: 0.23334164917469025 and parameters: {'gradient_clip_val': 0.1727153518948408, 'hidden_size': 24, 'dropout': 0.35939453203956506, 'hidden_continuous_size': 19, 'attention_head_size': 3, 'learning_rate': 0.05959373858293435}. Best is trial 17 with value: 0.13289323449134827.
LOCAL_RANK: 0 - CUDA_VISIBLE_DEVICES: [0]
[I 2023-11-29 20:53:51,827] Trial 71 finished with value: 0.15781699120998383 and parameters: {'gradient_clip_val': 0.14036808433703826, 'hidden_size': 27, 'dropout': 0.3507961983161409, 'hidden_continuous_size': 17, 'attention_head_size': 3, 'learning_rate': 0.07832303618304931}. Best is trial 17 with value: 0.13289323449134827.
LOCAL_RANK: 0 - CUDA_VISIBLE_DEVICES: [0]
[I 2023-11-29 20:54:04,481] Trial 72 finished with value: 0.15545441210269928 and parameters: {'gradient_clip_val': 0.1462925546638036, 'hidden_size': 29, 'dropout': 0.34821266913888865, 'hidden_continuous_size': 18, 'attention_head_size': 3, 'learning_rate': 0.08890778343607617}. Best is trial 17 with value: 0.13289323449134827.
LOCAL_RANK: 0 - CUDA_VISIBLE_DEVICES: [0]
[I 2023-11-29 20:54:17,109] Trial 73 finished with value: 0.204303577542305 and parameters: {'gradient_clip_val': 0.14131790616762532, 'hidden_size': 29, 'dropout': 0.3302019030101647, 'hidden_continuous_size': 17, 'attention_head_size': 3, 'learning_rate': 0.07398430914938997}. Best is trial 17 with value: 0.13289323449134827.
LOCAL_RANK: 0 - CUDA_VISIBLE_DEVICES: [0]
[I 2023-11-29 20:54:30,336] Trial 74 finished with value: 0.22576715052127838 and parameters: {'gradient_clip_val': 0.14960764902318674, 'hidden_size': 34, 'dropout': 0.34986432207971313, 'hidden_continuous_size': 27, 'attention_head_size': 3, 'learning_rate': 0.09727176986374271}. Best is trial 17 with value: 0.13289323449134827.
LOCAL_RANK: 0 - CUDA_VISIBLE_DEVICES: [0]
[I 2023-11-29 20:54:42,978] Trial 75 finished with value: 0.17379140853881836 and parameters: {'gradient_clip_val': 0.16579911963736654, 'hidden_size': 32, 'dropout': 0.34293486850493504, 'hidden_continuous_size': 18, 'attention_head_size': 3, 'learning_rate': 0.048283641508073405}. Best is trial 17 with value: 0.13289323449134827.
LOCAL_RANK: 0 - CUDA_VISIBLE_DEVICES: [0]
[I 2023-11-29 20:54:56,050] Trial 76 finished with value: 0.1705058217048645 and parameters: {'gradient_clip_val': 0.13712701814399395, 'hidden_size': 38, 'dropout': 0.3174409964968744, 'hidden_continuous_size': 16, 'attention_head_size': 3, 'learning_rate': 0.0475614475264549}. Best is trial 17 with value: 0.13289323449134827.
LOCAL_RANK: 0 - CUDA_VISIBLE_DEVICES: [0]
[I 2023-11-29 20:55:08,984] Trial 77 finished with value: 0.48330962657928467 and parameters: {'gradient_clip_val': 0.12885016289504636, 'hidden_size': 37, 'dropout': 0.3173975299557423, 'hidden_continuous_size': 16, 'attention_head_size': 3, 'learning_rate': 0.05563651586021888}. Best is trial 17 with value: 0.13289323449134827.
LOCAL_RANK: 0 - CUDA_VISIBLE_DEVICES: [0]
[I 2023-11-29 20:55:21,898] Trial 78 finished with value: 0.24348580837249756 and parameters: {'gradient_clip_val': 0.11967740089981839, 'hidden_size': 38, 'dropout': 0.32758229049076304, 'hidden_continuous_size': 17, 'attention_head_size': 4, 'learning_rate': 0.07996770938946728}. Best is trial 17 with value: 0.13289323449134827.
LOCAL_RANK: 0 - CUDA_VISIBLE_DEVICES: [0]
[I 2023-11-29 20:55:34,414] Trial 79 finished with value: 0.3338252007961273 and parameters: {'gradient_clip_val': 0.1388419148930795, 'hidden_size': 28, 'dropout': 0.3171762369953978, 'hidden_continuous_size': 15, 'attention_head_size': 3, 'learning_rate': 0.03948923977622896}. Best is trial 17 with value: 0.13289323449134827.
LOCAL_RANK: 0 - CUDA_VISIBLE_DEVICES: [0]
