[I 2023-11-30 03:26:18,195] Trial 12 finished with value: 0.09296250343322754 and parameters: {'gradient_clip_val': 0.5319982694922809, 'hidden_size': 48, 'dropout': 0.33657215735416873, 'hidden_continuous_size': 18, 'attention_head_size': 2, 'learning_rate': 0.039193707406824374}. Best is trial 3 with value: 0.08697270601987839.
LOCAL_RANK: 0 - CUDA_VISIBLE_DEVICES: [0]
[I 2023-11-30 03:26:31,057] Trial 13 finished with value: 0.1386672407388687 and parameters: {'gradient_clip_val': 0.5688091411816881, 'hidden_size': 39, 'dropout': 0.3275675184875282, 'hidden_continuous_size': 13, 'attention_head_size': 2, 'learning_rate': 0.039628443463437434}. Best is trial 3 with value: 0.08697270601987839.
LOCAL_RANK: 0 - CUDA_VISIBLE_DEVICES: [0]
[I 2023-11-30 03:26:44,606] Trial 14 finished with value: 0.13403785228729248 and parameters: {'gradient_clip_val': 0.627479009952972, 'hidden_size': 62, 'dropout': 0.3201907180582682, 'hidden_continuous_size': 21, 'attention_head_size': 3, 'learning_rate': 0.08757348318779998}. Best is trial 3 with value: 0.08697270601987839.
LOCAL_RANK: 0 - CUDA_VISIBLE_DEVICES: [0]
[I 2023-11-30 03:26:57,602] Trial 15 finished with value: 0.25904664397239685 and parameters: {'gradient_clip_val': 0.35651745197338797, 'hidden_size': 29, 'dropout': 0.33020684193409006, 'hidden_continuous_size': 14, 'attention_head_size': 2, 'learning_rate': 0.03814667353790327}. Best is trial 3 with value: 0.08697270601987839.
LOCAL_RANK: 0 - CUDA_VISIBLE_DEVICES: [0]
[I 2023-11-30 03:27:11,258] Trial 16 finished with value: 0.13019675016403198 and parameters: {'gradient_clip_val': 0.2975984159443913, 'hidden_size': 72, 'dropout': 0.2929979358390544, 'hidden_continuous_size': 21, 'attention_head_size': 4, 'learning_rate': 0.01972437697471566}. Best is trial 3 with value: 0.08697270601987839.
LOCAL_RANK: 0 - CUDA_VISIBLE_DEVICES: [0]
[I 2023-11-30 03:27:24,347] Trial 17 finished with value: 0.09614758938550949 and parameters: {'gradient_clip_val': 0.6445390650697407, 'hidden_size': 42, 'dropout': 0.35774612764608577, 'hidden_continuous_size': 13, 'attention_head_size': 3, 'learning_rate': 0.06156594455431345}. Best is trial 3 with value: 0.08697270601987839.
LOCAL_RANK: 0 - CUDA_VISIBLE_DEVICES: [0]
[I 2023-11-30 03:27:36,905] Trial 18 finished with value: 0.4794978201389313 and parameters: {'gradient_clip_val': 0.27978497538634783, 'hidden_size': 28, 'dropout': 0.39160525075758146, 'hidden_continuous_size': 15, 'attention_head_size': 2, 'learning_rate': 0.011410869474593978}. Best is trial 3 with value: 0.08697270601987839.
LOCAL_RANK: 0 - CUDA_VISIBLE_DEVICES: [0]
[I 2023-11-30 03:27:50,378] Trial 19 finished with value: 0.11564675718545914 and parameters: {'gradient_clip_val': 0.5090940800796583, 'hidden_size': 61, 'dropout': 0.3039311946400701, 'hidden_continuous_size': 23, 'attention_head_size': 1, 'learning_rate': 0.04579541745777995}. Best is trial 3 with value: 0.08697270601987839.
LOCAL_RANK: 0 - CUDA_VISIBLE_DEVICES: [0]
[I 2023-11-30 03:28:03,839] Trial 20 finished with value: 0.16918779909610748 and parameters: {'gradient_clip_val': 0.750237915415787, 'hidden_size': 45, 'dropout': 0.35107753979286715, 'hidden_continuous_size': 18, 'attention_head_size': 4, 'learning_rate': 0.028017962604163626}. Best is trial 3 with value: 0.08697270601987839.
LOCAL_RANK: 0 - CUDA_VISIBLE_DEVICES: [0]
[I 2023-11-30 03:28:16,745] Trial 21 finished with value: 0.09552523493766785 and parameters: {'gradient_clip_val': 0.6503909775323451, 'hidden_size': 38, 'dropout': 0.35713459702397204, 'hidden_continuous_size': 13, 'attention_head_size': 3, 'learning_rate': 0.05670549669984516}. Best is trial 3 with value: 0.08697270601987839.
LOCAL_RANK: 0 - CUDA_VISIBLE_DEVICES: [0]
[I 2023-11-30 03:28:29,586] Trial 22 finished with value: 0.11204496026039124 and parameters: {'gradient_clip_val': 0.5413006305405662, 'hidden_size': 34, 'dropout': 0.34394742847306237, 'hidden_continuous_size': 12, 'attention_head_size': 3, 'learning_rate': 0.09345126288772881}. Best is trial 3 with value: 0.08697270601987839.
LOCAL_RANK: 0 - CUDA_VISIBLE_DEVICES: [0]
[I 2023-11-30 03:28:42,161] Trial 23 finished with value: 0.2021828144788742 and parameters: {'gradient_clip_val': 0.9843788023778892, 'hidden_size': 26, 'dropout': 0.36721209364792706, 'hidden_continuous_size': 15, 'attention_head_size': 2, 'learning_rate': 0.05587654015720875}. Best is trial 3 with value: 0.08697270601987839.
LOCAL_RANK: 0 - CUDA_VISIBLE_DEVICES: [0]
[I 2023-11-30 03:28:55,114] Trial 24 finished with value: 0.1379874348640442 and parameters: {'gradient_clip_val': 0.48516933758729613, 'hidden_size': 38, 'dropout': 0.3111018907097704, 'hidden_continuous_size': 16, 'attention_head_size': 4, 'learning_rate': 0.04428630487427691}. Best is trial 3 with value: 0.08697270601987839.
LOCAL_RANK: 0 - CUDA_VISIBLE_DEVICES: [0]
[I 2023-11-30 03:29:08,561] Trial 25 finished with value: 0.13680334389209747 and parameters: {'gradient_clip_val': 0.6863117180617353, 'hidden_size': 54, 'dropout': 0.3958325936278693, 'hidden_continuous_size': 12, 'attention_head_size': 3, 'learning_rate': 0.027526380925800443}. Best is trial 3 with value: 0.08697270601987839.
LOCAL_RANK: 0 - CUDA_VISIBLE_DEVICES: [0]
[I 2023-11-30 03:29:21,634] Trial 26 finished with value: 0.09876038879156113 and parameters: {'gradient_clip_val': 0.7714748435600038, 'hidden_size': 45, 'dropout': 0.345242828197284, 'hidden_continuous_size': 18, 'attention_head_size': 2, 'learning_rate': 0.06812173750545095}. Best is trial 3 with value: 0.08697270601987839.
LOCAL_RANK: 0 - CUDA_VISIBLE_DEVICES: [0]
[I 2023-11-30 03:29:35,067] Trial 27 finished with value: 0.11099753528833389 and parameters: {'gradient_clip_val': 0.5927577161080921, 'hidden_size': 69, 'dropout': 0.28568339757008987, 'hidden_continuous_size': 12, 'attention_head_size': 3, 'learning_rate': 0.09715333397249183}. Best is trial 3 with value: 0.08697270601987839.
LOCAL_RANK: 0 - CUDA_VISIBLE_DEVICES: [0]
[I 2023-11-30 03:29:47,629] Trial 28 finished with value: 0.1832098513841629 and parameters: {'gradient_clip_val': 0.44824200622194954, 'hidden_size': 32, 'dropout': 0.3337854790103797, 'hidden_continuous_size': 11, 'attention_head_size': 4, 'learning_rate': 0.045588875267071165}. Best is trial 3 with value: 0.08697270601987839.
LOCAL_RANK: 0 - CUDA_VISIBLE_DEVICES: [0]
[I 2023-11-30 03:30:00,112] Trial 29 finished with value: 0.16980600357055664 and parameters: {'gradient_clip_val': 0.6790505193430054, 'hidden_size': 21, 'dropout': 0.37159493916016706, 'hidden_continuous_size': 14, 'attention_head_size': 2, 'learning_rate': 0.07265432958553276}. Best is trial 3 with value: 0.08697270601987839.
LOCAL_RANK: 0 - CUDA_VISIBLE_DEVICES: [0]
[I 2023-11-30 03:30:13,397] Trial 30 finished with value: 0.08419498056173325 and parameters: {'gradient_clip_val': 0.5365375179740728, 'hidden_size': 41, 'dropout': 0.3140529456886207, 'hidden_continuous_size': 20, 'attention_head_size': 3, 'learning_rate': 0.06236796537804012}. Best is trial 30 with value: 0.08419498056173325.
LOCAL_RANK: 0 - CUDA_VISIBLE_DEVICES: [0]
[I 2023-11-30 03:30:26,373] Trial 31 finished with value: 0.09504558891057968 and parameters: {'gradient_clip_val': 0.5431726180783242, 'hidden_size': 40, 'dropout': 0.3008287033801361, 'hidden_continuous_size': 19, 'attention_head_size': 3, 'learning_rate': 0.062068928421554474}. Best is trial 30 with value: 0.08419498056173325.
LOCAL_RANK: 0 - CUDA_VISIBLE_DEVICES: [0]
[I 2023-11-30 03:30:39,337] Trial 32 finished with value: 0.21845762431621552 and parameters: {'gradient_clip_val': 0.5247101547715537, 'hidden_size': 44, 'dropout': 0.3013603472492446, 'hidden_continuous_size': 19, 'attention_head_size': 3, 'learning_rate': 0.0717853332318308}. Best is trial 30 with value: 0.08419498056173325.
LOCAL_RANK: 0 - CUDA_VISIBLE_DEVICES: [0]
[I 2023-11-30 03:30:51,798] Trial 33 finished with value: 0.3211572468280792 and parameters: {'gradient_clip_val': 0.34467224588537726, 'hidden_size': 24, 'dropout': 0.2737723517615954, 'hidden_continuous_size': 16, 'attention_head_size': 3, 'learning_rate': 0.03311625209411403}. Best is trial 30 with value: 0.08419498056173325.
LOCAL_RANK: 0 - CUDA_VISIBLE_DEVICES: [0]
[I 2023-11-30 03:31:04,801] Trial 34 finished with value: 0.10995453596115112 and parameters: {'gradient_clip_val': 0.5662674075102855, 'hidden_size': 31, 'dropout': 0.3209328570203146, 'hidden_continuous_size': 17, 'attention_head_size': 4, 'learning_rate': 0.04962947282617135}. Best is trial 30 with value: 0.08419498056173325.
LOCAL_RANK: 0 - CUDA_VISIBLE_DEVICES: [0]
[I 2023-11-30 03:31:18,017] Trial 35 finished with value: 0.22070784866809845 and parameters: {'gradient_clip_val': 0.39036848946442726, 'hidden_size': 35, 'dropout': 0.30974411979223526, 'hidden_continuous_size': 20, 'attention_head_size': 3, 'learning_rate': 0.02053942683321331}. Best is trial 30 with value: 0.08419498056173325.
LOCAL_RANK: 0 - CUDA_VISIBLE_DEVICES: [0]
[I 2023-11-30 03:31:30,248] Trial 36 finished with value: 0.12390179187059402 and parameters: {'gradient_clip_val': 0.4842610695974853, 'hidden_size': 24, 'dropout': 0.2836258355171964, 'hidden_continuous_size': 17, 'attention_head_size': 2, 'learning_rate': 0.07179604196907544}. Best is trial 30 with value: 0.08419498056173325.
LOCAL_RANK: 0 - CUDA_VISIBLE_DEVICES: [0]
[I 2023-11-30 03:31:43,584] Trial 37 finished with value: 0.1337914615869522 and parameters: {'gradient_clip_val': 0.817133425286145, 'hidden_size': 54, 'dropout': 0.24511251810725687, 'hidden_continuous_size': 24, 'attention_head_size': 3, 'learning_rate': 0.033300305895652256}. Best is trial 30 with value: 0.08419498056173325.
LOCAL_RANK: 0 - CUDA_VISIBLE_DEVICES: [0]
[I 2023-11-30 03:31:56,573] Trial 38 finished with value: 0.16787028312683105 and parameters: {'gradient_clip_val': 0.4401108822602387, 'hidden_size': 35, 'dropout': 0.34003392920924813, 'hidden_continuous_size': 19, 'attention_head_size': 4, 'learning_rate': 0.016132122741226856}. Best is trial 30 with value: 0.08419498056173325.
LOCAL_RANK: 0 - CUDA_VISIBLE_DEVICES: [0]
[I 2023-11-30 03:32:09,758] Trial 39 finished with value: 0.12957900762557983 and parameters: {'gradient_clip_val': 0.2574296789927922, 'hidden_size': 41, 'dropout': 0.3190586335355954, 'hidden_continuous_size': 22, 'attention_head_size': 2, 'learning_rate': 0.09925643535106361}. Best is trial 30 with value: 0.08419498056173325.
LOCAL_RANK: 0 - CUDA_VISIBLE_DEVICES: [0]
[I 2023-11-30 03:32:22,645] Trial 40 finished with value: 0.1090904101729393 and parameters: {'gradient_clip_val': 0.35483979400595606, 'hidden_size': 30, 'dropout': 0.3731675251788222, 'hidden_continuous_size': 19, 'attention_head_size': 3, 'learning_rate': 0.05607176470141122}. Best is trial 30 with value: 0.08419498056173325.
LOCAL_RANK: 0 - CUDA_VISIBLE_DEVICES: [0]
[I 2023-11-30 03:32:35,650] Trial 41 finished with value: 0.08540219068527222 and parameters: {'gradient_clip_val': 0.6055213666536186, 'hidden_size': 38, 'dropout': 0.3564887702551908, 'hidden_continuous_size': 20, 'attention_head_size': 3, 'learning_rate': 0.05544702707079615}. Best is trial 30 with value: 0.08419498056173325.
LOCAL_RANK: 0 - CUDA_VISIBLE_DEVICES: [0]
[I 2023-11-30 03:32:48,891] Trial 42 finished with value: 0.11522799730300903 and parameters: {'gradient_clip_val': 0.5788133710163534, 'hidden_size': 46, 'dropout': 0.33845648443169213, 'hidden_continuous_size': 24, 'attention_head_size': 3, 'learning_rate': 0.046164307574434064}. Best is trial 30 with value: 0.08419498056173325.
LOCAL_RANK: 0 - CUDA_VISIBLE_DEVICES: [0]
[I 2023-11-30 03:33:01,961] Trial 43 finished with value: 0.1478733867406845 and parameters: {'gradient_clip_val': 0.5122919398907363, 'hidden_size': 37, 'dropout': 0.3591083884837574, 'hidden_continuous_size': 20, 'attention_head_size': 4, 'learning_rate': 0.07401877656097051}. Best is trial 30 with value: 0.08419498056173325.
LOCAL_RANK: 0 - CUDA_VISIBLE_DEVICES: [0]
[I 2023-11-30 03:33:15,376] Trial 44 finished with value: 0.08138640969991684 and parameters: {'gradient_clip_val': 0.7263257048211001, 'hidden_size': 50, 'dropout': 0.3777815186144562, 'hidden_continuous_size': 25, 'attention_head_size': 3, 'learning_rate': 0.03977331995630346}. Best is trial 44 with value: 0.08138640969991684.
LOCAL_RANK: 0 - CUDA_VISIBLE_DEVICES: [0]
[I 2023-11-30 03:33:28,775] Trial 45 finished with value: 0.11637017130851746 and parameters: {'gradient_clip_val': 0.9000470297662166, 'hidden_size': 51, 'dropout': 0.389243764699642, 'hidden_continuous_size': 25, 'attention_head_size': 3, 'learning_rate': 0.036726956748810984}. Best is trial 44 with value: 0.08138640969991684.
LOCAL_RANK: 0 - CUDA_VISIBLE_DEVICES: [0]
[I 2023-11-30 03:33:41,727] Trial 46 finished with value: 0.14325527846813202 and parameters: {'gradient_clip_val': 0.7023394317030004, 'hidden_size': 48, 'dropout': 0.3778385540373307, 'hidden_continuous_size': 29, 'attention_head_size': 1, 'learning_rate': 0.02517456531144158}. Best is trial 44 with value: 0.08138640969991684.
LOCAL_RANK: 0 - CUDA_VISIBLE_DEVICES: [0]
[I 2023-11-30 03:33:55,220] Trial 47 finished with value: 0.10842666774988174 and parameters: {'gradient_clip_val': 0.6098144784220726, 'hidden_size': 57, 'dropout': 0.3537392184880902, 'hidden_continuous_size': 26, 'attention_head_size': 2, 'learning_rate': 0.03151903442706352}. Best is trial 44 with value: 0.08138640969991684.
LOCAL_RANK: 0 - CUDA_VISIBLE_DEVICES: [0]
[I 2023-11-30 03:34:09,005] Trial 48 finished with value: 0.0959237590432167 and parameters: {'gradient_clip_val': 0.8761325601213696, 'hidden_size': 70, 'dropout': 0.39918906073450805, 'hidden_continuous_size': 22, 'attention_head_size': 4, 'learning_rate': 0.0390306374572176}. Best is trial 44 with value: 0.08138640969991684.
LOCAL_RANK: 0 - CUDA_VISIBLE_DEVICES: [0]
[I 2023-11-30 03:34:21,586] Trial 49 finished with value: 0.3111776113510132 and parameters: {'gradient_clip_val': 0.7363545810883904, 'hidden_size': 19, 'dropout': 0.37522258212254694, 'hidden_continuous_size': 17, 'attention_head_size': 3, 'learning_rate': 0.023745691627399406}. Best is trial 44 with value: 0.08138640969991684.
LOCAL_RANK: 0 - CUDA_VISIBLE_DEVICES: [0]
[I 2023-11-30 03:34:34,724] Trial 50 finished with value: 0.1474040299654007 and parameters: {'gradient_clip_val': 0.4650978869709328, 'hidden_size': 48, 'dropout': 0.3840424612254244, 'hidden_continuous_size': 21, 'attention_head_size': 2, 'learning_rate': 0.08307247453928975}. Best is trial 44 with value: 0.08138640969991684.
LOCAL_RANK: 0 - CUDA_VISIBLE_DEVICES: [0]
[I 2023-11-30 03:34:48,015] Trial 51 finished with value: 0.0797119066119194 and parameters: {'gradient_clip_val': 0.6208881736742008, 'hidden_size': 41, 'dropout': 0.3258898470304939, 'hidden_continuous_size': 21, 'attention_head_size': 3, 'learning_rate': 0.06018452687893335}. Best is trial 51 with value: 0.0797119066119194.
LOCAL_RANK: 0 - CUDA_VISIBLE_DEVICES: [0]
[I 2023-11-30 03:35:01,077] Trial 52 finished with value: 0.11350098997354507 and parameters: {'gradient_clip_val': 0.6177585438078023, 'hidden_size': 41, 'dropout': 0.32486349445091467, 'hidden_continuous_size': 22, 'attention_head_size': 3, 'learning_rate': 0.04858728184324119}. Best is trial 51 with value: 0.0797119066119194.
LOCAL_RANK: 0 - CUDA_VISIBLE_DEVICES: [0]
[I 2023-11-30 03:35:14,175] Trial 53 finished with value: 0.11532431840896606 and parameters: {'gradient_clip_val': 0.7652177553978687, 'hidden_size': 33, 'dropout': 0.3635146587679337, 'hidden_continuous_size': 20, 'attention_head_size': 3, 'learning_rate': 0.062422848309668405}. Best is trial 51 with value: 0.0797119066119194.
LOCAL_RANK: 0 - CUDA_VISIBLE_DEVICES: [0]
[I 2023-11-30 03:35:27,685] Trial 54 finished with value: 0.09677863121032715 and parameters: {'gradient_clip_val': 0.6371828916815213, 'hidden_size': 60, 'dropout': 0.34710847373751064, 'hidden_continuous_size': 29, 'attention_head_size': 3, 'learning_rate': 0.04128448021623649}. Best is trial 51 with value: 0.0797119066119194.
LOCAL_RANK: 0 - CUDA_VISIBLE_DEVICES: [0]
[I 2023-11-30 03:35:41,053] Trial 55 finished with value: 0.1256958395242691 and parameters: {'gradient_clip_val': 0.41401714790369215, 'hidden_size': 51, 'dropout': 0.3292538241108617, 'hidden_continuous_size': 23, 'attention_head_size': 3, 'learning_rate': 0.05387768027489396}. Best is trial 51 with value: 0.0797119066119194.
LOCAL_RANK: 0 - CUDA_VISIBLE_DEVICES: [0]
[I 2023-11-30 03:35:54,247] Trial 56 finished with value: 0.16067291796207428 and parameters: {'gradient_clip_val': 0.5602897061613052, 'hidden_size': 42, 'dropout': 0.3503455949361967, 'hidden_continuous_size': 21, 'attention_head_size': 4, 'learning_rate': 0.03131173986700859}. Best is trial 51 with value: 0.0797119066119194.
LOCAL_RANK: 0 - CUDA_VISIBLE_DEVICES: [0]
[I 2023-11-30 03:36:07,208] Trial 57 finished with value: 0.14271371066570282 and parameters: {'gradient_clip_val': 0.6823803529403631, 'hidden_size': 37, 'dropout': 0.3652012578146962, 'hidden_continuous_size': 18, 'attention_head_size': 2, 'learning_rate': 0.03821081304647453}. Best is trial 51 with value: 0.0797119066119194.
LOCAL_RANK: 0 - CUDA_VISIBLE_DEVICES: [0]
[I 2023-11-30 03:36:20,398] Trial 58 finished with value: 0.12671349942684174 and parameters: {'gradient_clip_val': 0.8101243012973364, 'hidden_size': 46, 'dropout': 0.33868738551722133, 'hidden_continuous_size': 27, 'attention_head_size': 2, 'learning_rate': 0.08116943744481907}. Best is trial 51 with value: 0.0797119066119194.
LOCAL_RANK: 0 - CUDA_VISIBLE_DEVICES: [0]
[I 2023-11-30 03:36:34,125] Trial 59 finished with value: 0.10962537676095963 and parameters: {'gradient_clip_val': 0.5074429202536788, 'hidden_size': 65, 'dropout': 0.38029935615836646, 'hidden_continuous_size': 31, 'attention_head_size': 3, 'learning_rate': 0.06145785364039536}. Best is trial 51 with value: 0.0797119066119194.
LOCAL_RANK: 0 - CUDA_VISIBLE_DEVICES: [0]
[I 2023-11-30 03:36:47,591] Trial 60 finished with value: 0.08999136835336685 and parameters: {'gradient_clip_val': 0.6054022809165632, 'hidden_size': 57, 'dropout': 0.3149960636847526, 'hidden_continuous_size': 24, 'attention_head_size': 1, 'learning_rate': 0.05330750669072142}. Best is trial 51 with value: 0.0797119066119194.
LOCAL_RANK: 0 - CUDA_VISIBLE_DEVICES: [0]
[I 2023-11-30 03:37:00,715] Trial 61 finished with value: 0.11693506687879562 and parameters: {'gradient_clip_val': 0.6006723184321359, 'hidden_size': 50, 'dropout': 0.3130149449741827, 'hidden_continuous_size': 23, 'attention_head_size': 1, 'learning_rate': 0.04955475625376768}. Best is trial 51 with value: 0.0797119066119194.
LOCAL_RANK: 0 - CUDA_VISIBLE_DEVICES: [0]
[I 2023-11-30 03:37:14,105] Trial 62 finished with value: 0.11347929388284683 and parameters: {'gradient_clip_val': 0.7043130640127342, 'hidden_size': 58, 'dropout': 0.32838225541571464, 'hidden_continuous_size': 26, 'attention_head_size': 1, 'learning_rate': 0.040708661137034335}. Best is trial 51 with value: 0.0797119066119194.
LOCAL_RANK: 0 - CUDA_VISIBLE_DEVICES: [0]
[I 2023-11-30 03:37:27,035] Trial 63 finished with value: 0.11884653568267822 and parameters: {'gradient_clip_val': 0.6536203404992778, 'hidden_size': 42, 'dropout': 0.35509890452205906, 'hidden_continuous_size': 21, 'attention_head_size': 1, 'learning_rate': 0.055598791012349956}. Best is trial 51 with value: 0.0797119066119194.
LOCAL_RANK: 0 - CUDA_VISIBLE_DEVICES: [0]
[I 2023-11-30 03:37:40,733] Trial 64 finished with value: 0.12080221623182297 and parameters: {'gradient_clip_val': 0.5368545638937843, 'hidden_size': 79, 'dropout': 0.33757274717333585, 'hidden_continuous_size': 25, 'attention_head_size': 1, 'learning_rate': 0.08442020069848537}. Best is trial 51 with value: 0.0797119066119194.
LOCAL_RANK: 0 - CUDA_VISIBLE_DEVICES: [0]
[I 2023-11-30 03:37:54,003] Trial 65 finished with value: 0.09982824325561523 and parameters: {'gradient_clip_val': 0.470952444453977, 'hidden_size': 38, 'dropout': 0.36498288417374175, 'hidden_continuous_size': 20, 'attention_head_size': 3, 'learning_rate': 0.04357930582295055}. Best is trial 51 with value: 0.0797119066119194.
LOCAL_RANK: 0 - CUDA_VISIBLE_DEVICES: [0]
[I 2023-11-30 03:38:07,404] Trial 66 finished with value: 0.12649045884609222 and parameters: {'gradient_clip_val': 0.6035114400208081, 'hidden_size': 53, 'dropout': 0.3190157898294211, 'hidden_continuous_size': 23, 'attention_head_size': 3, 'learning_rate': 0.06669291743322295}. Best is trial 51 with value: 0.0797119066119194.
LOCAL_RANK: 0 - CUDA_VISIBLE_DEVICES: [0]
[I 2023-11-30 03:38:20,582] Trial 67 finished with value: 0.2186841517686844 and parameters: {'gradient_clip_val': 0.7378798094496494, 'hidden_size': 44, 'dropout': 0.33175239010873075, 'hidden_continuous_size': 22, 'attention_head_size': 4, 'learning_rate': 0.02877479912599795}. Best is trial 51 with value: 0.0797119066119194.
LOCAL_RANK: 0 - CUDA_VISIBLE_DEVICES: [0]
[I 2023-11-30 03:38:33,625] Trial 68 finished with value: 0.17126400768756866 and parameters: {'gradient_clip_val': 0.5565873549906191, 'hidden_size': 33, 'dropout': 0.3456491638441742, 'hidden_continuous_size': 18, 'attention_head_size': 3, 'learning_rate': 0.05299677935611456}. Best is trial 51 with value: 0.0797119066119194.
LOCAL_RANK: 0 - CUDA_VISIBLE_DEVICES: [0]
[I 2023-11-30 03:38:46,868] Trial 69 finished with value: 0.12202823162078857 and parameters: {'gradient_clip_val': 0.4926421008963424, 'hidden_size': 56, 'dropout': 0.2960962909353289, 'hidden_continuous_size': 16, 'attention_head_size': 1, 'learning_rate': 0.03441577462141462}. Best is trial 51 with value: 0.0797119066119194.
LOCAL_RANK: 0 - CUDA_VISIBLE_DEVICES: [0]
[I 2023-11-30 03:39:00,107] Trial 70 finished with value: 0.08918339759111404 and parameters: {'gradient_clip_val': 0.6449934907822332, 'hidden_size': 36, 'dropout': 0.30963985904412045, 'hidden_continuous_size': 20, 'attention_head_size': 4, 'learning_rate': 0.0807510787278668}. Best is trial 51 with value: 0.0797119066119194.
LOCAL_RANK: 0 - CUDA_VISIBLE_DEVICES: [0]
