[I 2023-11-30 06:16:59,876] Trial 15 finished with value: 8331.330078125 and parameters: {'gradient_clip_val': 0.15760235182870388, 'hidden_size': 146, 'dropout': 0.20433309063710065, 'hidden_continuous_size': 133, 'attention_head_size': 1, 'learning_rate': 0.002375200788046767}. Best is trial 0 with value: 7267.43896484375.
LOCAL_RANK: 0 - CUDA_VISIBLE_DEVICES: [0]
[I 2023-11-30 06:17:13,342] Trial 16 finished with value: 12917.59375 and parameters: {'gradient_clip_val': 0.17095765137198202, 'hidden_size': 54, 'dropout': 0.14771674532101858, 'hidden_continuous_size': 27, 'attention_head_size': 3, 'learning_rate': 0.0010386856131706058}. Best is trial 0 with value: 7267.43896484375.
LOCAL_RANK: 0 - CUDA_VISIBLE_DEVICES: [0]
[I 2023-11-30 06:17:27,355] Trial 17 finished with value: 8280.6484375 and parameters: {'gradient_clip_val': 0.13101107781125507, 'hidden_size': 93, 'dropout': 0.27070586471597186, 'hidden_continuous_size': 19, 'attention_head_size': 2, 'learning_rate': 0.007672005427233621}. Best is trial 0 with value: 7267.43896484375.
LOCAL_RANK: 0 - CUDA_VISIBLE_DEVICES: [0]
[I 2023-11-30 06:17:39,982] Trial 18 finished with value: 19067.150390625 and parameters: {'gradient_clip_val': 0.2592209430428925, 'hidden_size': 27, 'dropout': 0.1577773417582839, 'hidden_continuous_size': 16, 'attention_head_size': 3, 'learning_rate': 0.002139534067392716}. Best is trial 0 with value: 7267.43896484375.
LOCAL_RANK: 0 - CUDA_VISIBLE_DEVICES: [0]
[I 2023-11-30 06:17:54,236] Trial 19 finished with value: 7798.68212890625 and parameters: {'gradient_clip_val': 0.1883148965187867, 'hidden_size': 109, 'dropout': 0.2060608792587773, 'hidden_continuous_size': 41, 'attention_head_size': 2, 'learning_rate': 0.005199646153422273}. Best is trial 0 with value: 7267.43896484375.
LOCAL_RANK: 0 - CUDA_VISIBLE_DEVICES: [0]
[I 2023-11-30 06:18:07,818] Trial 20 finished with value: 8197.8681640625 and parameters: {'gradient_clip_val': 0.36046903326753305, 'hidden_size': 81, 'dropout': 0.10241508442866487, 'hidden_continuous_size': 23, 'attention_head_size': 1, 'learning_rate': 0.003367692356851468}. Best is trial 0 with value: 7267.43896484375.
LOCAL_RANK: 0 - CUDA_VISIBLE_DEVICES: [0]
[I 2023-11-30 06:18:21,856] Trial 21 finished with value: 6933.564453125 and parameters: {'gradient_clip_val': 0.17532387899317944, 'hidden_size': 120, 'dropout': 0.21170946212074038, 'hidden_continuous_size': 41, 'attention_head_size': 2, 'learning_rate': 0.0051016538478657475}. Best is trial 21 with value: 6933.564453125.
LOCAL_RANK: 0 - CUDA_VISIBLE_DEVICES: [0]
[I 2023-11-30 06:18:36,112] Trial 22 finished with value: 7935.99462890625 and parameters: {'gradient_clip_val': 0.12116008334657583, 'hidden_size': 116, 'dropout': 0.13667094367099586, 'hidden_continuous_size': 56, 'attention_head_size': 2, 'learning_rate': 0.005695244706071433}. Best is trial 21 with value: 6933.564453125.
LOCAL_RANK: 0 - CUDA_VISIBLE_DEVICES: [0]
[I 2023-11-30 06:18:50,578] Trial 23 finished with value: 7185.70458984375 and parameters: {'gradient_clip_val': 0.16226108527976726, 'hidden_size': 126, 'dropout': 0.17213540372089736, 'hidden_continuous_size': 38, 'attention_head_size': 2, 'learning_rate': 0.001865012068501225}. Best is trial 21 with value: 6933.564453125.
LOCAL_RANK: 0 - CUDA_VISIBLE_DEVICES: [0]
[I 2023-11-30 06:19:05,194] Trial 24 finished with value: 7514.22216796875 and parameters: {'gradient_clip_val': 0.15086395280986717, 'hidden_size': 150, 'dropout': 0.1769025938576287, 'hidden_continuous_size': 40, 'attention_head_size': 2, 'learning_rate': 0.001839167370765789}. Best is trial 21 with value: 6933.564453125.
LOCAL_RANK: 0 - CUDA_VISIBLE_DEVICES: [0]
[I 2023-11-30 06:19:19,249] Trial 25 finished with value: 7730.24755859375 and parameters: {'gradient_clip_val': 0.11848315008299076, 'hidden_size': 122, 'dropout': 0.21486676905090865, 'hidden_continuous_size': 32, 'attention_head_size': 1, 'learning_rate': 0.001716240016780422}. Best is trial 21 with value: 6933.564453125.
LOCAL_RANK: 0 - CUDA_VISIBLE_DEVICES: [0]
[I 2023-11-30 06:19:33,416] Trial 26 finished with value: 11601.8251953125 and parameters: {'gradient_clip_val': 0.22517860546251092, 'hidden_size': 101, 'dropout': 0.18623250530152918, 'hidden_continuous_size': 38, 'attention_head_size': 2, 'learning_rate': 0.0010071306029343363}. Best is trial 21 with value: 6933.564453125.
LOCAL_RANK: 0 - CUDA_VISIBLE_DEVICES: [0]
[I 2023-11-30 06:19:47,639] Trial 27 finished with value: 7566.79833984375 and parameters: {'gradient_clip_val': 0.14880342157525012, 'hidden_size': 125, 'dropout': 0.24532348080150912, 'hidden_continuous_size': 26, 'attention_head_size': 2, 'learning_rate': 0.002276017453006646}. Best is trial 21 with value: 6933.564453125.
LOCAL_RANK: 0 - CUDA_VISIBLE_DEVICES: [0]
[I 2023-11-30 06:20:01,654] Trial 28 finished with value: 8486.4287109375 and parameters: {'gradient_clip_val': 0.17235562066958884, 'hidden_size': 73, 'dropout': 0.16671865510888437, 'hidden_continuous_size': 35, 'attention_head_size': 1, 'learning_rate': 0.002999196403859669}. Best is trial 21 with value: 6933.564453125.
LOCAL_RANK: 0 - CUDA_VISIBLE_DEVICES: [0]
[I 2023-11-30 06:20:16,027] Trial 29 finished with value: 9741.8095703125 and parameters: {'gradient_clip_val': 0.10782089323724348, 'hidden_size': 123, 'dropout': 0.12815207710482263, 'hidden_continuous_size': 46, 'attention_head_size': 2, 'learning_rate': 0.014736134416147939}. Best is trial 21 with value: 6933.564453125.
LOCAL_RANK: 0 - CUDA_VISIBLE_DEVICES: [0]
[I 2023-11-30 06:20:28,624] Trial 30 finished with value: 12961.9580078125 and parameters: {'gradient_clip_val': 0.14263154185998828, 'hidden_size': 27, 'dropout': 0.14538284350017353, 'hidden_continuous_size': 18, 'attention_head_size': 1, 'learning_rate': 0.00140174982102586}. Best is trial 21 with value: 6933.564453125.
LOCAL_RANK: 0 - CUDA_VISIBLE_DEVICES: [0]
[I 2023-11-30 06:20:42,783] Trial 31 finished with value: 8127.73828125 and parameters: {'gradient_clip_val': 0.1751469017748221, 'hidden_size': 93, 'dropout': 0.12468539027411964, 'hidden_continuous_size': 54, 'attention_head_size': 3, 'learning_rate': 0.003748083714528183}. Best is trial 21 with value: 6933.564453125.
LOCAL_RANK: 0 - CUDA_VISIBLE_DEVICES: [0]
[I 2023-11-30 06:20:57,062] Trial 32 finished with value: 8297.677734375 and parameters: {'gradient_clip_val': 0.19077538157629959, 'hidden_size': 99, 'dropout': 0.12863802742829406, 'hidden_continuous_size': 49, 'attention_head_size': 3, 'learning_rate': 0.0028233283105208416}. Best is trial 21 with value: 6933.564453125.
LOCAL_RANK: 0 - CUDA_VISIBLE_DEVICES: [0]
[I 2023-11-30 06:21:11,575] Trial 33 finished with value: 7691.01708984375 and parameters: {'gradient_clip_val': 0.1305898612340131, 'hidden_size': 128, 'dropout': 0.15267312983776188, 'hidden_continuous_size': 64, 'attention_head_size': 3, 'learning_rate': 0.001776759611506293}. Best is trial 21 with value: 6933.564453125.
LOCAL_RANK: 0 - CUDA_VISIBLE_DEVICES: [0]
[I 2023-11-30 06:21:25,316] Trial 34 finished with value: 9012.3408203125 and parameters: {'gradient_clip_val': 0.31255678584889623, 'hidden_size': 84, 'dropout': 0.11868035052327927, 'hidden_continuous_size': 40, 'attention_head_size': 2, 'learning_rate': 0.004370411201834023}. Best is trial 21 with value: 6933.564453125.
LOCAL_RANK: 0 - CUDA_VISIBLE_DEVICES: [0]
[I 2023-11-30 06:21:40,060] Trial 35 finished with value: 7790.59716796875 and parameters: {'gradient_clip_val': 0.21762153231947476, 'hidden_size': 131, 'dropout': 0.1383586799358592, 'hidden_continuous_size': 77, 'attention_head_size': 4, 'learning_rate': 0.0027416099865987483}. Best is trial 21 with value: 6933.564453125.
LOCAL_RANK: 0 - CUDA_VISIBLE_DEVICES: [0]
[I 2023-11-30 06:21:54,480] Trial 36 finished with value: 8322.1640625 and parameters: {'gradient_clip_val': 0.2613375539335032, 'hidden_size': 109, 'dropout': 0.16556969398598445, 'hidden_continuous_size': 45, 'attention_head_size': 3, 'learning_rate': 0.0014858440553081856}. Best is trial 21 with value: 6933.564453125.
LOCAL_RANK: 0 - CUDA_VISIBLE_DEVICES: [0]
[I 2023-11-30 06:22:08,928] Trial 37 finished with value: 7984.87744140625 and parameters: {'gradient_clip_val': 0.16772497530451452, 'hidden_size': 134, 'dropout': 0.1941583965864432, 'hidden_continuous_size': 49, 'attention_head_size': 3, 'learning_rate': 0.006847443223118005}. Best is trial 21 with value: 6933.564453125.
LOCAL_RANK: 0 - CUDA_VISIBLE_DEVICES: [0]
[I 2023-11-30 06:22:23,221] Trial 38 finished with value: 7360.06787109375 and parameters: {'gradient_clip_val': 0.11340105583398466, 'hidden_size': 109, 'dropout': 0.22439564515261454, 'hidden_continuous_size': 37, 'attention_head_size': 2, 'learning_rate': 0.004925845975506343}. Best is trial 21 with value: 6933.564453125.
LOCAL_RANK: 0 - CUDA_VISIBLE_DEVICES: [0]
[I 2023-11-30 06:22:37,453] Trial 39 finished with value: 7622.47265625 and parameters: {'gradient_clip_val': 0.11646500576569088, 'hidden_size': 107, 'dropout': 0.22483683357960912, 'hidden_continuous_size': 30, 'attention_head_size': 2, 'learning_rate': 0.00482716786186299}. Best is trial 21 with value: 6933.564453125.
LOCAL_RANK: 0 - CUDA_VISIBLE_DEVICES: [0]
[I 2023-11-30 06:22:51,305] Trial 40 finished with value: 8934.1416015625 and parameters: {'gradient_clip_val': 0.10395065220376769, 'hidden_size': 75, 'dropout': 0.2243285584865388, 'hidden_continuous_size': 38, 'attention_head_size': 2, 'learning_rate': 0.008652863316264511}. Best is trial 21 with value: 6933.564453125.
LOCAL_RANK: 0 - CUDA_VISIBLE_DEVICES: [0]
[I 2023-11-30 06:23:05,480] Trial 41 finished with value: 8603.572265625 and parameters: {'gradient_clip_val': 0.1272728983631393, 'hidden_size': 134, 'dropout': 0.26000945407677334, 'hidden_continuous_size': 35, 'attention_head_size': 2, 'learning_rate': 0.0035580866785008616}. Best is trial 21 with value: 6933.564453125.
LOCAL_RANK: 0 - CUDA_VISIBLE_DEVICES: [0]
[I 2023-11-30 06:23:19,551] Trial 42 finished with value: 8349.91015625 and parameters: {'gradient_clip_val': 0.13736153293464337, 'hidden_size': 112, 'dropout': 0.17633404058545454, 'hidden_continuous_size': 43, 'attention_head_size': 2, 'learning_rate': 0.004219746274862846}. Best is trial 21 with value: 6933.564453125.
LOCAL_RANK: 0 - CUDA_VISIBLE_DEVICES: [0]
[I 2023-11-30 06:23:33,515] Trial 43 finished with value: 9064.7470703125 and parameters: {'gradient_clip_val': 0.19576005160903406, 'hidden_size': 88, 'dropout': 0.11682057078793401, 'hidden_continuous_size': 36, 'attention_head_size': 2, 'learning_rate': 0.006531673610476613}. Best is trial 21 with value: 6933.564453125.
LOCAL_RANK: 0 - CUDA_VISIBLE_DEVICES: [0]
[I 2023-11-30 06:23:48,051] Trial 44 finished with value: 8790.6630859375 and parameters: {'gradient_clip_val': 0.1126817271133221, 'hidden_size': 142, 'dropout': 0.199589710167179, 'hidden_continuous_size': 56, 'attention_head_size': 2, 'learning_rate': 0.010500315085118339}. Best is trial 21 with value: 6933.564453125.
LOCAL_RANK: 0 - CUDA_VISIBLE_DEVICES: [0]
[I 2023-11-30 06:24:02,334] Trial 45 finished with value: 7652.77978515625 and parameters: {'gradient_clip_val': 0.13955607535655506, 'hidden_size': 103, 'dropout': 0.18910486864011114, 'hidden_continuous_size': 42, 'attention_head_size': 3, 'learning_rate': 0.0049204434667793895}. Best is trial 21 with value: 6933.564453125.
LOCAL_RANK: 0 - CUDA_VISIBLE_DEVICES: [0]
[I 2023-11-30 06:24:17,160] Trial 46 finished with value: 8048.50146484375 and parameters: {'gradient_clip_val': 0.16010003121237376, 'hidden_size': 150, 'dropout': 0.11192091279344643, 'hidden_continuous_size': 71, 'attention_head_size': 2, 'learning_rate': 0.00253611208138844}. Best is trial 21 with value: 6933.564453125.
LOCAL_RANK: 0 - CUDA_VISIBLE_DEVICES: [0]
[I 2023-11-30 06:24:30,879] Trial 47 finished with value: 10234.6630859375 and parameters: {'gradient_clip_val': 0.12285581974520587, 'hidden_size': 64, 'dropout': 0.13816827238090068, 'hidden_continuous_size': 38, 'attention_head_size': 4, 'learning_rate': 0.0033211368876541435}. Best is trial 21 with value: 6933.564453125.
LOCAL_RANK: 0 - CUDA_VISIBLE_DEVICES: [0]
[I 2023-11-30 06:24:45,120] Trial 48 finished with value: 8195.693359375 and parameters: {'gradient_clip_val': 0.10852317845397873, 'hidden_size': 119, 'dropout': 0.15603197324367843, 'hidden_continuous_size': 30, 'attention_head_size': 1, 'learning_rate': 0.001968959618186808}. Best is trial 21 with value: 6933.564453125.
LOCAL_RANK: 0 - CUDA_VISIBLE_DEVICES: [0]
[I 2023-11-30 06:24:59,500] Trial 49 finished with value: 10492.244140625 and parameters: {'gradient_clip_val': 0.20704661784362302, 'hidden_size': 95, 'dropout': 0.23455763088229795, 'hidden_continuous_size': 50, 'attention_head_size': 3, 'learning_rate': 0.0011638764170415947}. Best is trial 21 with value: 6933.564453125.
LOCAL_RANK: 0 - CUDA_VISIBLE_DEVICES: [0]
[I 2023-11-30 06:25:13,338] Trial 50 finished with value: 7250.45068359375 and parameters: {'gradient_clip_val': 0.10185756455147228, 'hidden_size': 80, 'dropout': 0.10037871915958978, 'hidden_continuous_size': 32, 'attention_head_size': 2, 'learning_rate': 0.00395352802036735}. Best is trial 21 with value: 6933.564453125.
LOCAL_RANK: 0 - CUDA_VISIBLE_DEVICES: [0]
[I 2023-11-30 06:25:27,155] Trial 51 finished with value: 7938.08349609375 and parameters: {'gradient_clip_val': 0.10434410051043537, 'hidden_size': 79, 'dropout': 0.10393307634483585, 'hidden_continuous_size': 33, 'attention_head_size': 2, 'learning_rate': 0.0038238077296437584}. Best is trial 21 with value: 6933.564453125.
LOCAL_RANK: 0 - CUDA_VISIBLE_DEVICES: [0]
[I 2023-11-30 06:25:41,250] Trial 52 finished with value: 8871.572265625 and parameters: {'gradient_clip_val': 0.1257578516987712, 'hidden_size': 91, 'dropout': 0.1019245947573835, 'hidden_continuous_size': 43, 'attention_head_size': 2, 'learning_rate': 0.0025630881732297797}. Best is trial 21 with value: 6933.564453125.
LOCAL_RANK: 0 - CUDA_VISIBLE_DEVICES: [0]
[I 2023-11-30 06:25:55,583] Trial 53 finished with value: 8421.0009765625 and parameters: {'gradient_clip_val': 0.1468566590708803, 'hidden_size': 118, 'dropout': 0.12122236942458026, 'hidden_continuous_size': 28, 'attention_head_size': 2, 'learning_rate': 0.005854310358153866}. Best is trial 21 with value: 6933.564453125.
LOCAL_RANK: 0 - CUDA_VISIBLE_DEVICES: [0]
[I 2023-11-30 06:26:09,253] Trial 54 finished with value: 7929.099609375 and parameters: {'gradient_clip_val': 0.1001138627397741, 'hidden_size': 68, 'dropout': 0.13287073903296998, 'hidden_continuous_size': 36, 'attention_head_size': 2, 'learning_rate': 0.004298505757643878}. Best is trial 21 with value: 6933.564453125.
LOCAL_RANK: 0 - CUDA_VISIBLE_DEVICES: [0]
[I 2023-11-30 06:26:23,029] Trial 55 finished with value: 10238.7802734375 and parameters: {'gradient_clip_val': 0.11277518066055019, 'hidden_size': 83, 'dropout': 0.1459212438125945, 'hidden_continuous_size': 32, 'attention_head_size': 2, 'learning_rate': 0.003099269975619184}. Best is trial 21 with value: 6933.564453125.
LOCAL_RANK: 0 - CUDA_VISIBLE_DEVICES: [0]
[I 2023-11-30 06:26:37,181] Trial 56 finished with value: 10521.2158203125 and parameters: {'gradient_clip_val': 0.16038613692707146, 'hidden_size': 102, 'dropout': 0.1802928498718897, 'hidden_continuous_size': 46, 'attention_head_size': 2, 'learning_rate': 0.0021849362887894496}. Best is trial 21 with value: 6933.564453125.
LOCAL_RANK: 0 - CUDA_VISIBLE_DEVICES: [0]
[I 2023-11-30 06:26:51,608] Trial 57 finished with value: 6979.359375 and parameters: {'gradient_clip_val': 0.13322637037890947, 'hidden_size': 137, 'dropout': 0.11192348816179112, 'hidden_continuous_size': 26, 'attention_head_size': 3, 'learning_rate': 0.001522377720903622}. Best is trial 21 with value: 6933.564453125.
LOCAL_RANK: 0 - CUDA_VISIBLE_DEVICES: [0]
[I 2023-11-30 06:27:06,030] Trial 58 finished with value: 7759.56884765625 and parameters: {'gradient_clip_val': 0.133252616492159, 'hidden_size': 137, 'dropout': 0.11349121426510883, 'hidden_continuous_size': 26, 'attention_head_size': 3, 'learning_rate': 0.0015588491363568858}. Best is trial 21 with value: 6933.564453125.
LOCAL_RANK: 0 - CUDA_VISIBLE_DEVICES: [0]
[I 2023-11-30 06:27:20,846] Trial 59 finished with value: 9469.72265625 and parameters: {'gradient_clip_val': 0.12231578469609297, 'hidden_size': 150, 'dropout': 0.2120082215735754, 'hidden_continuous_size': 23, 'attention_head_size': 2, 'learning_rate': 0.00124583921470557}. Best is trial 21 with value: 6933.564453125.
LOCAL_RANK: 0 - CUDA_VISIBLE_DEVICES: [0]
[I 2023-11-30 06:27:34,973] Trial 60 finished with value: 8586.4326171875 and parameters: {'gradient_clip_val': 0.11367105135812307, 'hidden_size': 115, 'dropout': 0.16704804892693292, 'hidden_continuous_size': 25, 'attention_head_size': 1, 'learning_rate': 0.0020757809874014333}. Best is trial 21 with value: 6933.564453125.
LOCAL_RANK: 0 - CUDA_VISIBLE_DEVICES: [0]
[I 2023-11-30 06:27:49,350] Trial 61 finished with value: 8582.2939453125 and parameters: {'gradient_clip_val': 0.14983234751796332, 'hidden_size': 125, 'dropout': 0.1110223755333966, 'hidden_continuous_size': 32, 'attention_head_size': 3, 'learning_rate': 0.0016796079409211518}. Best is trial 21 with value: 6933.564453125.
LOCAL_RANK: 0 - CUDA_VISIBLE_DEVICES: [0]
[I 2023-11-30 06:28:03,438] Trial 62 finished with value: 8741.025390625 and parameters: {'gradient_clip_val': 0.18246222531970405, 'hidden_size': 106, 'dropout': 0.1338154122746576, 'hidden_continuous_size': 29, 'attention_head_size': 3, 'learning_rate': 0.0019465842086021446}. Best is trial 21 with value: 6933.564453125.
LOCAL_RANK: 0 - CUDA_VISIBLE_DEVICES: [0]
[I 2023-11-30 06:28:17,958] Trial 63 finished with value: 7823.17578125 and parameters: {'gradient_clip_val': 0.13795943084160778, 'hidden_size': 138, 'dropout': 0.14983612325448195, 'hidden_continuous_size': 40, 'attention_head_size': 3, 'learning_rate': 0.002848611291796884}. Best is trial 21 with value: 6933.564453125.
LOCAL_RANK: 0 - CUDA_VISIBLE_DEVICES: [0]
[I 2023-11-30 06:28:32,154] Trial 64 finished with value: 8498.53125 and parameters: {'gradient_clip_val': 0.16053281489402987, 'hidden_size': 99, 'dropout': 0.12390829028948047, 'hidden_continuous_size': 34, 'attention_head_size': 2, 'learning_rate': 0.005297086666035567}. Best is trial 21 with value: 6933.564453125.
LOCAL_RANK: 0 - CUDA_VISIBLE_DEVICES: [0]
[I 2023-11-30 06:28:46,346] Trial 65 finished with value: 8290.1787109375 and parameters: {'gradient_clip_val': 0.17875688475277662, 'hidden_size': 127, 'dropout': 0.10870564010856161, 'hidden_continuous_size': 37, 'attention_head_size': 2, 'learning_rate': 0.0024176783334303024}. Best is trial 21 with value: 6933.564453125.
LOCAL_RANK: 0 - CUDA_VISIBLE_DEVICES: [0]
[I 2023-11-30 06:29:00,603] Trial 66 finished with value: 10460.8662109375 and parameters: {'gradient_clip_val': 0.1288869240864172, 'hidden_size': 115, 'dropout': 0.1233171834620144, 'hidden_continuous_size': 28, 'attention_head_size': 4, 'learning_rate': 0.0013256346831345227}. Best is trial 21 with value: 6933.564453125.
LOCAL_RANK: 0 - CUDA_VISIBLE_DEVICES: [0]
[I 2023-11-30 06:29:14,542] Trial 67 finished with value: 8040.181640625 and parameters: {'gradient_clip_val': 0.11272870089133619, 'hidden_size': 88, 'dropout': 0.1413156248309403, 'hidden_continuous_size': 40, 'attention_head_size': 2, 'learning_rate': 0.0032217415858642223}. Best is trial 21 with value: 6933.564453125.
LOCAL_RANK: 0 - CUDA_VISIBLE_DEVICES: [0]
[I 2023-11-30 06:29:28,961] Trial 68 finished with value: 7471.80322265625 and parameters: {'gradient_clip_val': 0.10124363446982998, 'hidden_size': 135, 'dropout': 0.1031041869285896, 'hidden_continuous_size': 31, 'attention_head_size': 3, 'learning_rate': 0.0039032961763902766}. Best is trial 21 with value: 6933.564453125.
LOCAL_RANK: 0 - CUDA_VISIBLE_DEVICES: [0]
[I 2023-11-30 06:29:43,135] Trial 69 finished with value: 11022.6513671875 and parameters: {'gradient_clip_val': 0.1201421399978891, 'hidden_size': 96, 'dropout': 0.16353350108412432, 'hidden_continuous_size': 34, 'attention_head_size': 3, 'learning_rate': 0.001580741312564598}. Best is trial 21 with value: 6933.564453125.
LOCAL_RANK: 0 - CUDA_VISIBLE_DEVICES: [0]
[I 2023-11-30 06:29:57,338] Trial 70 finished with value: 8418.7783203125 and parameters: {'gradient_clip_val': 0.1440398197514467, 'hidden_size': 109, 'dropout': 0.13176885983001682, 'hidden_continuous_size': 44, 'attention_head_size': 2, 'learning_rate': 0.004673879678629866}. Best is trial 21 with value: 6933.564453125.
LOCAL_RANK: 0 - CUDA_VISIBLE_DEVICES: [0]
[I 2023-11-30 06:30:11,679] Trial 71 finished with value: 8235.8798828125 and parameters: {'gradient_clip_val': 0.10813680253368635, 'hidden_size': 138, 'dropout': 0.10098840474745732, 'hidden_continuous_size': 31, 'attention_head_size': 3, 'learning_rate': 0.004132049059400204}. Best is trial 21 with value: 6933.564453125.
LOCAL_RANK: 0 - CUDA_VISIBLE_DEVICES: [0]
[I 2023-11-30 06:30:26,175] Trial 72 finished with value: 7586.01025390625 and parameters: {'gradient_clip_val': 0.1062581167196117, 'hidden_size': 129, 'dropout': 0.11630425907560801, 'hidden_continuous_size': 51, 'attention_head_size': 3, 'learning_rate': 0.0027280571830916736}. Best is trial 21 with value: 6933.564453125.
LOCAL_RANK: 0 - CUDA_VISIBLE_DEVICES: [0]
[I 2023-11-30 06:30:40,567] Trial 73 finished with value: 7825.59130859375 and parameters: {'gradient_clip_val': 0.10077962114323284, 'hidden_size': 121, 'dropout': 0.1080091478552248, 'hidden_continuous_size': 31, 'attention_head_size': 3, 'learning_rate': 0.003570428801222002}. Best is trial 21 with value: 6933.564453125.
LOCAL_RANK: 0 - CUDA_VISIBLE_DEVICES: [0]
