[I 2023-11-30 13:47:41,293] Trial 27 finished with value: 0.08948089927434921 and parameters: {'gradient_clip_val': 0.2833366858788144, 'hidden_size': 82, 'dropout': 0.3029420805270663, 'hidden_continuous_size': 58, 'attention_head_size': 3, 'learning_rate': 0.022591201188846464}. Best is trial 23 with value: 0.06686706840991974.
LOCAL_RANK: 0 - CUDA_VISIBLE_DEVICES: [0]
[I 2023-11-30 13:47:57,047] Trial 28 finished with value: 0.10641313344240189 and parameters: {'gradient_clip_val': 0.34189877380558725, 'hidden_size': 59, 'dropout': 0.3538500548772875, 'hidden_continuous_size': 41, 'attention_head_size': 4, 'learning_rate': 0.07054464140621951}. Best is trial 23 with value: 0.06686706840991974.
LOCAL_RANK: 0 - CUDA_VISIBLE_DEVICES: [0]
[I 2023-11-30 13:48:12,682] Trial 29 finished with value: 0.08726149797439575 and parameters: {'gradient_clip_val': 0.23173994203150305, 'hidden_size': 85, 'dropout': 0.1750293968355327, 'hidden_continuous_size': 61, 'attention_head_size': 3, 'learning_rate': 0.03046428510701714}. Best is trial 23 with value: 0.06686706840991974.
LOCAL_RANK: 0 - CUDA_VISIBLE_DEVICES: [0]
[I 2023-11-30 13:48:27,546] Trial 30 finished with value: 0.08298381417989731 and parameters: {'gradient_clip_val': 0.46149854547242253, 'hidden_size': 46, 'dropout': 0.2674644545195515, 'hidden_continuous_size': 38, 'attention_head_size': 3, 'learning_rate': 0.040234574498361264}. Best is trial 23 with value: 0.06686706840991974.
LOCAL_RANK: 0 - CUDA_VISIBLE_DEVICES: [0]
[I 2023-11-30 13:48:42,354] Trial 31 finished with value: 0.08652897924184799 and parameters: {'gradient_clip_val': 0.33123492389772413, 'hidden_size': 43, 'dropout': 0.33346105257896375, 'hidden_continuous_size': 36, 'attention_head_size': 4, 'learning_rate': 0.06921884923286584}. Best is trial 23 with value: 0.06686706840991974.
LOCAL_RANK: 0 - CUDA_VISIBLE_DEVICES: [0]
[I 2023-11-30 13:48:56,943] Trial 32 finished with value: 0.08013749122619629 and parameters: {'gradient_clip_val': 0.3689338456492636, 'hidden_size': 41, 'dropout': 0.3479238821127873, 'hidden_continuous_size': 33, 'attention_head_size': 4, 'learning_rate': 0.0683309491291314}. Best is trial 23 with value: 0.06686706840991974.
LOCAL_RANK: 0 - CUDA_VISIBLE_DEVICES: [0]
[I 2023-11-30 13:49:12,847] Trial 33 finished with value: 0.10033750534057617 and parameters: {'gradient_clip_val': 0.27459052152897206, 'hidden_size': 64, 'dropout': 0.3046224371116151, 'hidden_continuous_size': 50, 'attention_head_size': 4, 'learning_rate': 0.07393191282548207}. Best is trial 23 with value: 0.06686706840991974.
LOCAL_RANK: 0 - CUDA_VISIBLE_DEVICES: [0]
[I 2023-11-30 13:49:27,649] Trial 34 finished with value: 0.10373061150312424 and parameters: {'gradient_clip_val': 0.37450975478980353, 'hidden_size': 37, 'dropout': 0.3818269196604823, 'hidden_continuous_size': 31, 'attention_head_size': 4, 'learning_rate': 0.05313683580525167}. Best is trial 23 with value: 0.06686706840991974.
LOCAL_RANK: 0 - CUDA_VISIBLE_DEVICES: [0]
[I 2023-11-30 13:49:42,112] Trial 35 finished with value: 0.0828210860490799 and parameters: {'gradient_clip_val': 0.22543221352744028, 'hidden_size': 29, 'dropout': 0.3565966298622729, 'hidden_continuous_size': 21, 'attention_head_size': 3, 'learning_rate': 0.07355162306483107}. Best is trial 23 with value: 0.06686706840991974.
LOCAL_RANK: 0 - CUDA_VISIBLE_DEVICES: [0]
[I 2023-11-30 13:49:57,174] Trial 36 finished with value: 0.07650788873434067 and parameters: {'gradient_clip_val': 0.2904295061190262, 'hidden_size': 48, 'dropout': 0.3801375936938483, 'hidden_continuous_size': 40, 'attention_head_size': 2, 'learning_rate': 0.05417048577786299}. Best is trial 23 with value: 0.06686706840991974.
LOCAL_RANK: 0 - CUDA_VISIBLE_DEVICES: [0]
[I 2023-11-30 13:50:12,351] Trial 37 finished with value: 0.06549134105443954 and parameters: {'gradient_clip_val': 0.3077964591684832, 'hidden_size': 50, 'dropout': 0.3805014243843561, 'hidden_continuous_size': 42, 'attention_head_size': 2, 'learning_rate': 0.05591345453858501}. Best is trial 37 with value: 0.06549134105443954.
LOCAL_RANK: 0 - CUDA_VISIBLE_DEVICES: [0]
[I 2023-11-30 13:50:27,239] Trial 38 finished with value: 0.06011830270290375 and parameters: {'gradient_clip_val': 0.30686767577309165, 'hidden_size': 51, 'dropout': 0.38713392482921083, 'hidden_continuous_size': 42, 'attention_head_size': 2, 'learning_rate': 0.04584903087881932}. Best is trial 38 with value: 0.06011830270290375.
LOCAL_RANK: 0 - CUDA_VISIBLE_DEVICES: [0]
[I 2023-11-30 13:50:42,062] Trial 39 finished with value: 0.06811986118555069 and parameters: {'gradient_clip_val': 0.31212306497357084, 'hidden_size': 51, 'dropout': 0.37690974889865686, 'hidden_continuous_size': 41, 'attention_head_size': 2, 'learning_rate': 0.03811827322243412}. Best is trial 38 with value: 0.06011830270290375.
LOCAL_RANK: 0 - CUDA_VISIBLE_DEVICES: [0]
[I 2023-11-30 13:50:57,101] Trial 40 finished with value: 0.06079151853919029 and parameters: {'gradient_clip_val': 0.49977630273330464, 'hidden_size': 52, 'dropout': 0.38671765935864094, 'hidden_continuous_size': 42, 'attention_head_size': 2, 'learning_rate': 0.037820054080397236}. Best is trial 38 with value: 0.06011830270290375.
LOCAL_RANK: 0 - CUDA_VISIBLE_DEVICES: [0]
[I 2023-11-30 13:51:11,883] Trial 41 finished with value: 0.09614744782447815 and parameters: {'gradient_clip_val': 0.5756534531181674, 'hidden_size': 53, 'dropout': 0.38773039922406743, 'hidden_continuous_size': 42, 'attention_head_size': 2, 'learning_rate': 0.03485414663728253}. Best is trial 38 with value: 0.06011830270290375.
LOCAL_RANK: 0 - CUDA_VISIBLE_DEVICES: [0]
[I 2023-11-30 13:51:25,850] Trial 42 finished with value: 0.08514269441366196 and parameters: {'gradient_clip_val': 0.4200961124246972, 'hidden_size': 37, 'dropout': 0.3978290820988649, 'hidden_continuous_size': 30, 'attention_head_size': 2, 'learning_rate': 0.04154972800928139}. Best is trial 38 with value: 0.06011830270290375.
LOCAL_RANK: 0 - CUDA_VISIBLE_DEVICES: [0]
[I 2023-11-30 13:51:41,015] Trial 43 finished with value: 0.11041998863220215 and parameters: {'gradient_clip_val': 0.3181316932737547, 'hidden_size': 57, 'dropout': 0.3742252297338317, 'hidden_continuous_size': 44, 'attention_head_size': 2, 'learning_rate': 0.017356997999505054}. Best is trial 38 with value: 0.06011830270290375.
LOCAL_RANK: 0 - CUDA_VISIBLE_DEVICES: [0]
[I 2023-11-30 13:51:55,815] Trial 44 finished with value: 0.09825541824102402 and parameters: {'gradient_clip_val': 0.4738367440832716, 'hidden_size': 52, 'dropout': 0.3673141768382044, 'hidden_continuous_size': 38, 'attention_head_size': 2, 'learning_rate': 0.02375909842317163}. Best is trial 38 with value: 0.06011830270290375.
LOCAL_RANK: 0 - CUDA_VISIBLE_DEVICES: [0]
[I 2023-11-30 13:52:09,960] Trial 45 finished with value: 0.19765448570251465 and parameters: {'gradient_clip_val': 0.4075244328549964, 'hidden_size': 31, 'dropout': 0.3853367269835858, 'hidden_continuous_size': 27, 'attention_head_size': 2, 'learning_rate': 0.02703715271832572}. Best is trial 38 with value: 0.06011830270290375.
LOCAL_RANK: 0 - CUDA_VISIBLE_DEVICES: [0]
[I 2023-11-30 13:52:25,415] Trial 46 finished with value: 0.08683836460113525 and parameters: {'gradient_clip_val': 0.5364789299637764, 'hidden_size': 48, 'dropout': 0.38659031370770075, 'hidden_continuous_size': 36, 'attention_head_size': 2, 'learning_rate': 0.04403050005690789}. Best is trial 38 with value: 0.06011830270290375.
LOCAL_RANK: 0 - CUDA_VISIBLE_DEVICES: [0]
[I 2023-11-30 13:52:40,547] Trial 47 finished with value: 0.08005888760089874 and parameters: {'gradient_clip_val': 0.6234619006086767, 'hidden_size': 61, 'dropout': 0.39970498021189316, 'hidden_continuous_size': 44, 'attention_head_size': 2, 'learning_rate': 0.036147378818780475}. Best is trial 38 with value: 0.06011830270290375.
LOCAL_RANK: 0 - CUDA_VISIBLE_DEVICES: [0]
[I 2023-11-30 13:52:56,515] Trial 48 finished with value: 0.13150157034397125 and parameters: {'gradient_clip_val': 0.31304299199148605, 'hidden_size': 73, 'dropout': 0.3664775058071869, 'hidden_continuous_size': 52, 'attention_head_size': 2, 'learning_rate': 0.05616140317387357}. Best is trial 38 with value: 0.06011830270290375.
LOCAL_RANK: 0 - CUDA_VISIBLE_DEVICES: [0]
[I 2023-11-30 13:53:11,283] Trial 49 finished with value: 0.08629212528467178 and parameters: {'gradient_clip_val': 0.3444355615087304, 'hidden_size': 41, 'dropout': 0.3326264437067871, 'hidden_continuous_size': 35, 'attention_head_size': 2, 'learning_rate': 0.04862249793437442}. Best is trial 38 with value: 0.06011830270290375.
LOCAL_RANK: 0 - CUDA_VISIBLE_DEVICES: [0]
[I 2023-11-30 13:53:26,442] Trial 50 finished with value: 0.09374640136957169 and parameters: {'gradient_clip_val': 0.2615638877221533, 'hidden_size': 56, 'dropout': 0.3629693277902002, 'hidden_continuous_size': 40, 'attention_head_size': 2, 'learning_rate': 0.017200174628937828}. Best is trial 38 with value: 0.06011830270290375.
LOCAL_RANK: 0 - CUDA_VISIBLE_DEVICES: [0]
[I 2023-11-30 13:53:41,416] Trial 51 finished with value: 0.08794605731964111 and parameters: {'gradient_clip_val': 0.2947493720957925, 'hidden_size': 48, 'dropout': 0.3815487877975149, 'hidden_continuous_size': 40, 'attention_head_size': 2, 'learning_rate': 0.06079878089738372}. Best is trial 38 with value: 0.06011830270290375.
LOCAL_RANK: 0 - CUDA_VISIBLE_DEVICES: [0]
[I 2023-11-30 13:53:56,653] Trial 52 finished with value: 0.09192609786987305 and parameters: {'gradient_clip_val': 0.2906708498213341, 'hidden_size': 46, 'dropout': 0.3763659813157356, 'hidden_continuous_size': 38, 'attention_head_size': 2, 'learning_rate': 0.03709103103041017}. Best is trial 38 with value: 0.06011830270290375.
LOCAL_RANK: 0 - CUDA_VISIBLE_DEVICES: [0]
[I 2023-11-30 13:54:12,438] Trial 53 finished with value: 0.11506649106740952 and parameters: {'gradient_clip_val': 0.258802904832582, 'hidden_size': 67, 'dropout': 0.3759679343329645, 'hidden_continuous_size': 45, 'attention_head_size': 2, 'learning_rate': 0.05019551648991231}. Best is trial 38 with value: 0.06011830270290375.
LOCAL_RANK: 0 - CUDA_VISIBLE_DEVICES: [0]
[I 2023-11-30 13:54:28,214] Trial 54 finished with value: 0.08389756828546524 and parameters: {'gradient_clip_val': 0.37257909732419303, 'hidden_size': 51, 'dropout': 0.39034874229822547, 'hidden_continuous_size': 43, 'attention_head_size': 2, 'learning_rate': 0.08279881660488303}. Best is trial 38 with value: 0.06011830270290375.
LOCAL_RANK: 0 - CUDA_VISIBLE_DEVICES: [0]
[I 2023-11-30 13:54:43,654] Trial 55 finished with value: 0.10903956741094589 and parameters: {'gradient_clip_val': 0.3052843901091452, 'hidden_size': 60, 'dropout': 0.358588952982328, 'hidden_continuous_size': 47, 'attention_head_size': 2, 'learning_rate': 0.05923379490441208}. Best is trial 38 with value: 0.06011830270290375.
LOCAL_RANK: 0 - CUDA_VISIBLE_DEVICES: [0]
[I 2023-11-30 13:54:58,865] Trial 56 finished with value: 0.11428336054086685 and parameters: {'gradient_clip_val': 0.33051659073365036, 'hidden_size': 69, 'dropout': 0.34660634738365914, 'hidden_continuous_size': 48, 'attention_head_size': 1, 'learning_rate': 0.027796103641079803}. Best is trial 38 with value: 0.06011830270290375.
LOCAL_RANK: 0 - CUDA_VISIBLE_DEVICES: [0]
[I 2023-11-30 13:55:14,759] Trial 57 finished with value: 0.09871240705251694 and parameters: {'gradient_clip_val': 0.3829044752962947, 'hidden_size': 78, 'dropout': 0.38771105352704255, 'hidden_continuous_size': 52, 'attention_head_size': 3, 'learning_rate': 0.04346742439870661}. Best is trial 38 with value: 0.06011830270290375.
LOCAL_RANK: 0 - CUDA_VISIBLE_DEVICES: [0]
[I 2023-11-30 13:55:29,007] Trial 58 finished with value: 0.061775654554367065 and parameters: {'gradient_clip_val': 0.26575396991403344, 'hidden_size': 53, 'dropout': 0.3704272610384062, 'hidden_continuous_size': 43, 'attention_head_size': 2, 'learning_rate': 0.0836043428379522}. Best is trial 38 with value: 0.06011830270290375.
LOCAL_RANK: 0 - CUDA_VISIBLE_DEVICES: [0]
[I 2023-11-30 13:55:42,837] Trial 59 finished with value: 0.08214715123176575 and parameters: {'gradient_clip_val': 0.2571551223753482, 'hidden_size': 54, 'dropout': 0.3670367114339684, 'hidden_continuous_size': 43, 'attention_head_size': 1, 'learning_rate': 0.06181621054202895}. Best is trial 38 with value: 0.06011830270290375.
LOCAL_RANK: 0 - CUDA_VISIBLE_DEVICES: [0]
[I 2023-11-30 13:55:56,610] Trial 60 finished with value: 0.08794692903757095 and parameters: {'gradient_clip_val': 0.2383203283524196, 'hidden_size': 62, 'dropout': 0.3559624961976824, 'hidden_continuous_size': 47, 'attention_head_size': 3, 'learning_rate': 0.0857723749141097}. Best is trial 38 with value: 0.06011830270290375.
LOCAL_RANK: 0 - CUDA_VISIBLE_DEVICES: [0]
[I 2023-11-30 13:56:10,300] Trial 61 finished with value: 0.0667116567492485 and parameters: {'gradient_clip_val': 0.3069596269453098, 'hidden_size': 49, 'dropout': 0.379201079074118, 'hidden_continuous_size': 41, 'attention_head_size': 2, 'learning_rate': 0.08139492571129331}. Best is trial 38 with value: 0.06011830270290375.
LOCAL_RANK: 0 - CUDA_VISIBLE_DEVICES: [0]
[I 2023-11-30 13:56:23,993] Trial 62 finished with value: 0.084361232817173 and parameters: {'gradient_clip_val': 0.3360722674623327, 'hidden_size': 57, 'dropout': 0.373347251602337, 'hidden_continuous_size': 43, 'attention_head_size': 2, 'learning_rate': 0.0911189674255714}. Best is trial 38 with value: 0.06011830270290375.
LOCAL_RANK: 0 - CUDA_VISIBLE_DEVICES: [0]
[I 2023-11-30 13:56:37,574] Trial 63 finished with value: 0.14273701608181 and parameters: {'gradient_clip_val': 0.2175492026277396, 'hidden_size': 51, 'dropout': 0.39105400568436277, 'hidden_continuous_size': 41, 'attention_head_size': 2, 'learning_rate': 0.07924986089712259}. Best is trial 38 with value: 0.06011830270290375.
LOCAL_RANK: 0 - CUDA_VISIBLE_DEVICES: [0]
[I 2023-11-30 13:56:51,235] Trial 64 finished with value: 0.07239153236150742 and parameters: {'gradient_clip_val': 0.3114637775200877, 'hidden_size': 45, 'dropout': 0.39868756510068826, 'hidden_continuous_size': 40, 'attention_head_size': 2, 'learning_rate': 0.09939506367947067}. Best is trial 38 with value: 0.06011830270290375.
LOCAL_RANK: 0 - CUDA_VISIBLE_DEVICES: [0]
[I 2023-11-30 13:57:04,341] Trial 65 finished with value: 0.06734367460012436 and parameters: {'gradient_clip_val': 0.2692218546661954, 'hidden_size': 39, 'dropout': 0.3648122575501742, 'hidden_continuous_size': 35, 'attention_head_size': 2, 'learning_rate': 0.07789066622188523}. Best is trial 38 with value: 0.06011830270290375.
LOCAL_RANK: 0 - CUDA_VISIBLE_DEVICES: [0]
[I 2023-11-30 13:57:17,472] Trial 66 finished with value: 0.11365479230880737 and parameters: {'gradient_clip_val': 0.2785005221878338, 'hidden_size': 39, 'dropout': 0.36373024510070834, 'hidden_continuous_size': 35, 'attention_head_size': 2, 'learning_rate': 0.08076995968258407}. Best is trial 38 with value: 0.06011830270290375.
LOCAL_RANK: 0 - CUDA_VISIBLE_DEVICES: [0]
[I 2023-11-30 13:57:30,470] Trial 67 finished with value: 0.09041249006986618 and parameters: {'gradient_clip_val': 0.26854517517139975, 'hidden_size': 34, 'dropout': 0.3459334093122534, 'hidden_continuous_size': 31, 'attention_head_size': 2, 'learning_rate': 0.06523218478026561}. Best is trial 38 with value: 0.06011830270290375.
LOCAL_RANK: 0 - CUDA_VISIBLE_DEVICES: [0]
[I 2023-11-30 13:57:43,916] Trial 68 finished with value: 0.058708954602479935 and parameters: {'gradient_clip_val': 0.24726644280426643, 'hidden_size': 44, 'dropout': 0.3368188243992945, 'hidden_continuous_size': 37, 'attention_head_size': 3, 'learning_rate': 0.07378997792017412}. Best is trial 68 with value: 0.058708954602479935.
LOCAL_RANK: 0 - CUDA_VISIBLE_DEVICES: [0]
[I 2023-11-30 13:57:57,366] Trial 69 finished with value: 0.06034437194466591 and parameters: {'gradient_clip_val': 0.24403559091753294, 'hidden_size': 44, 'dropout': 0.3358578865868008, 'hidden_continuous_size': 38, 'attention_head_size': 3, 'learning_rate': 0.051806737405387625}. Best is trial 68 with value: 0.058708954602479935.
LOCAL_RANK: 0 - CUDA_VISIBLE_DEVICES: [0]
[I 2023-11-30 13:58:10,439] Trial 70 finished with value: 0.10110562294721603 and parameters: {'gradient_clip_val': 0.21857478775778527, 'hidden_size': 44, 'dropout': 0.32776973561324657, 'hidden_continuous_size': 37, 'attention_head_size': 3, 'learning_rate': 0.0497879931874756}. Best is trial 68 with value: 0.058708954602479935.
LOCAL_RANK: 0 - CUDA_VISIBLE_DEVICES: [0]
[I 2023-11-30 13:58:23,989] Trial 71 finished with value: 0.1011974886059761 and parameters: {'gradient_clip_val': 0.2502078272428473, 'hidden_size': 43, 'dropout': 0.3527357873500171, 'hidden_continuous_size': 39, 'attention_head_size': 3, 'learning_rate': 0.06649738342036968}. Best is trial 68 with value: 0.058708954602479935.
LOCAL_RANK: 0 - CUDA_VISIBLE_DEVICES: [0]
[I 2023-11-30 13:58:37,867] Trial 72 finished with value: 0.08898457139730453 and parameters: {'gradient_clip_val': 0.24524774663296364, 'hidden_size': 67, 'dropout': 0.3445314692732634, 'hidden_continuous_size': 45, 'attention_head_size': 3, 'learning_rate': 0.055453649591721305}. Best is trial 68 with value: 0.058708954602479935.
LOCAL_RANK: 0 - CUDA_VISIBLE_DEVICES: [0]
[I 2023-11-30 13:58:51,568] Trial 73 finished with value: 0.08672649413347244 and parameters: {'gradient_clip_val': 0.2903417267632979, 'hidden_size': 57, 'dropout': 0.3221108672299029, 'hidden_continuous_size': 46, 'attention_head_size': 3, 'learning_rate': 0.07500436781875444}. Best is trial 68 with value: 0.058708954602479935.
LOCAL_RANK: 0 - CUDA_VISIBLE_DEVICES: [0]
[I 2023-11-30 13:59:05,363] Trial 74 finished with value: 0.06626877933740616 and parameters: {'gradient_clip_val': 0.3539861009593044, 'hidden_size': 48, 'dropout': 0.33864866185490866, 'hidden_continuous_size': 42, 'attention_head_size': 3, 'learning_rate': 0.08765231868608109}. Best is trial 68 with value: 0.058708954602479935.
LOCAL_RANK: 0 - CUDA_VISIBLE_DEVICES: [0]
[I 2023-11-30 13:59:19,091] Trial 75 finished with value: 0.12872284650802612 and parameters: {'gradient_clip_val': 0.3625708083859886, 'hidden_size': 47, 'dropout': 0.33860452828485826, 'hidden_continuous_size': 42, 'attention_head_size': 3, 'learning_rate': 0.08803850770048735}. Best is trial 68 with value: 0.058708954602479935.
LOCAL_RANK: 0 - CUDA_VISIBLE_DEVICES: [0]
[I 2023-11-30 13:59:32,766] Trial 76 finished with value: 0.11977881193161011 and parameters: {'gradient_clip_val': 0.3936951779055245, 'hidden_size': 49, 'dropout': 0.31557784369144076, 'hidden_continuous_size': 38, 'attention_head_size': 3, 'learning_rate': 0.09835893679975574}. Best is trial 68 with value: 0.058708954602479935.
LOCAL_RANK: 0 - CUDA_VISIBLE_DEVICES: [0]
[I 2023-11-30 13:59:46,651] Trial 77 finished with value: 0.07425900548696518 and parameters: {'gradient_clip_val': 0.33571778624871534, 'hidden_size': 54, 'dropout': 0.33802907303431856, 'hidden_continuous_size': 43, 'attention_head_size': 3, 'learning_rate': 0.04494331301115731}. Best is trial 68 with value: 0.058708954602479935.
LOCAL_RANK: 0 - CUDA_VISIBLE_DEVICES: [0]
[I 2023-11-30 14:00:00,043] Trial 78 finished with value: 0.10120540112257004 and parameters: {'gradient_clip_val': 0.3530579124856244, 'hidden_size': 42, 'dropout': 0.35125975540430304, 'hidden_continuous_size': 37, 'attention_head_size': 3, 'learning_rate': 0.062037221775097795}. Best is trial 68 with value: 0.058708954602479935.
LOCAL_RANK: 0 - CUDA_VISIBLE_DEVICES: [0]
[I 2023-11-30 14:00:13,805] Trial 79 finished with value: 0.07505863159894943 and parameters: {'gradient_clip_val': 0.24287670828977895, 'hidden_size': 45, 'dropout': 0.3710660211587155, 'hidden_continuous_size': 39, 'attention_head_size': 3, 'learning_rate': 0.05210280842751778}. Best is trial 68 with value: 0.058708954602479935.
LOCAL_RANK: 0 - CUDA_VISIBLE_DEVICES: [0]
[I 2023-11-30 14:00:27,562] Trial 80 finished with value: 0.0680207833647728 and parameters: {'gradient_clip_val': 0.30199634005090886, 'hidden_size': 62, 'dropout': 0.38313728173093914, 'hidden_continuous_size': 48, 'attention_head_size': 2, 'learning_rate': 0.08583121448624374}. Best is trial 68 with value: 0.058708954602479935.
LOCAL_RANK: 0 - CUDA_VISIBLE_DEVICES: [0]
[I 2023-11-30 14:00:41,294] Trial 81 finished with value: 0.09029901772737503 and parameters: {'gradient_clip_val': 0.27997269319019463, 'hidden_size': 51, 'dropout': 0.3788482895800871, 'hidden_continuous_size': 42, 'attention_head_size': 3, 'learning_rate': 0.07293076447043968}. Best is trial 68 with value: 0.058708954602479935.
LOCAL_RANK: 0 - CUDA_VISIBLE_DEVICES: [0]
[I 2023-11-30 14:00:55,090] Trial 82 finished with value: 0.08736535161733627 and parameters: {'gradient_clip_val': 0.21645112211169024, 'hidden_size': 60, 'dropout': 0.3905312027124971, 'hidden_continuous_size': 45, 'attention_head_size': 3, 'learning_rate': 0.06666193453030109}. Best is trial 68 with value: 0.058708954602479935.
LOCAL_RANK: 0 - CUDA_VISIBLE_DEVICES: [0]
[I 2023-11-30 14:01:08,827] Trial 83 finished with value: 0.12952560186386108 and parameters: {'gradient_clip_val': 0.3233199136940611, 'hidden_size': 55, 'dropout': 0.3616975509005435, 'hidden_continuous_size': 41, 'attention_head_size': 3, 'learning_rate': 0.057918319695574386}. Best is trial 68 with value: 0.058708954602479935.
LOCAL_RANK: 0 - CUDA_VISIBLE_DEVICES: [0]
[I 2023-11-30 14:01:22,672] Trial 84 finished with value: 0.10300572961568832 and parameters: {'gradient_clip_val': 0.26712823333555114, 'hidden_size': 49, 'dropout': 0.3933776471930579, 'hidden_continuous_size': 39, 'attention_head_size': 3, 'learning_rate': 0.04670809892197704}. Best is trial 68 with value: 0.058708954602479935.
LOCAL_RANK: 0 - CUDA_VISIBLE_DEVICES: [0]
