[I 2023-11-30 12:38:55,915] Trial 38 finished with value: 4486.88720703125 and parameters: {'gradient_clip_val': 0.1356189620973139, 'hidden_size': 87, 'dropout': 0.33012332721772997, 'hidden_continuous_size': 26, 'attention_head_size': 4, 'learning_rate': 0.007494618451793982}. Best is trial 16 with value: 2988.691650390625.
LOCAL_RANK: 0 - CUDA_VISIBLE_DEVICES: [0]
[I 2023-11-30 12:39:10,895] Trial 39 finished with value: 3882.125732421875 and parameters: {'gradient_clip_val': 0.11019444354990438, 'hidden_size': 135, 'dropout': 0.2439534298702512, 'hidden_continuous_size': 92, 'attention_head_size': 4, 'learning_rate': 0.01429444922379947}. Best is trial 16 with value: 2988.691650390625.
LOCAL_RANK: 0 - CUDA_VISIBLE_DEVICES: [0]
[I 2023-11-30 12:39:24,969] Trial 40 finished with value: 4259.31298828125 and parameters: {'gradient_clip_val': 0.12739432820455784, 'hidden_size': 77, 'dropout': 0.2551616031203876, 'hidden_continuous_size': 53, 'attention_head_size': 3, 'learning_rate': 0.008760494598845}. Best is trial 16 with value: 2988.691650390625.
LOCAL_RANK: 0 - CUDA_VISIBLE_DEVICES: [0]
[I 2023-11-30 12:39:39,226] Trial 41 finished with value: 4063.487060546875 and parameters: {'gradient_clip_val': 0.11662196869272123, 'hidden_size': 112, 'dropout': 0.2672969925607786, 'hidden_continuous_size': 46, 'attention_head_size': 4, 'learning_rate': 0.006359323980869379}. Best is trial 16 with value: 2988.691650390625.
LOCAL_RANK: 0 - CUDA_VISIBLE_DEVICES: [0]
[I 2023-11-30 12:39:53,865] Trial 42 finished with value: 4424.33740234375 and parameters: {'gradient_clip_val': 0.11126616839941458, 'hidden_size': 127, 'dropout': 0.2984565523953735, 'hidden_continuous_size': 41, 'attention_head_size': 4, 'learning_rate': 0.0063728361839357215}. Best is trial 16 with value: 2988.691650390625.
LOCAL_RANK: 0 - CUDA_VISIBLE_DEVICES: [0]
[I 2023-11-30 12:40:08,513] Trial 43 finished with value: 5399.69970703125 and parameters: {'gradient_clip_val': 0.12617541718441402, 'hidden_size': 148, 'dropout': 0.2601920202128, 'hidden_continuous_size': 35, 'attention_head_size': 4, 'learning_rate': 0.004464501461049819}. Best is trial 16 with value: 2988.691650390625.
LOCAL_RANK: 0 - CUDA_VISIBLE_DEVICES: [0]
[I 2023-11-30 12:40:23,014] Trial 44 finished with value: 4233.36328125 and parameters: {'gradient_clip_val': 0.14999921251128864, 'hidden_size': 95, 'dropout': 0.2751774951964394, 'hidden_continuous_size': 78, 'attention_head_size': 4, 'learning_rate': 0.012064547540778927}. Best is trial 16 with value: 2988.691650390625.
LOCAL_RANK: 0 - CUDA_VISIBLE_DEVICES: [0]
[I 2023-11-30 12:40:37,432] Trial 45 finished with value: 3788.632568359375 and parameters: {'gradient_clip_val': 0.13320687218409258, 'hidden_size': 108, 'dropout': 0.22262768689812068, 'hidden_continuous_size': 65, 'attention_head_size': 4, 'learning_rate': 0.008637939824067829}. Best is trial 16 with value: 2988.691650390625.
LOCAL_RANK: 0 - CUDA_VISIBLE_DEVICES: [0]
[I 2023-11-30 12:40:51,237] Trial 46 finished with value: 3984.229736328125 and parameters: {'gradient_clip_val': 0.10008021363807627, 'hidden_size': 83, 'dropout': 0.23856018652462246, 'hidden_continuous_size': 29, 'attention_head_size': 2, 'learning_rate': 0.006529344214990039}. Best is trial 16 with value: 2988.691650390625.
LOCAL_RANK: 0 - CUDA_VISIBLE_DEVICES: [0]
[I 2023-11-30 12:41:05,046] Trial 47 finished with value: 4022.574951171875 and parameters: {'gradient_clip_val': 0.15674460965330933, 'hidden_size': 51, 'dropout': 0.2592199242383407, 'hidden_continuous_size': 42, 'attention_head_size': 4, 'learning_rate': 0.007678559816015344}. Best is trial 16 with value: 2988.691650390625.
LOCAL_RANK: 0 - CUDA_VISIBLE_DEVICES: [0]
[I 2023-11-30 12:41:19,427] Trial 48 finished with value: 3849.190673828125 and parameters: {'gradient_clip_val': 0.11077836380667264, 'hidden_size': 127, 'dropout': 0.25066217811144537, 'hidden_continuous_size': 34, 'attention_head_size': 3, 'learning_rate': 0.016144357598436306}. Best is trial 16 with value: 2988.691650390625.
LOCAL_RANK: 0 - CUDA_VISIBLE_DEVICES: [0]
[I 2023-11-30 12:41:33,680] Trial 49 finished with value: 3820.135986328125 and parameters: {'gradient_clip_val': 0.1882089854788149, 'hidden_size': 113, 'dropout': 0.21178874963859728, 'hidden_continuous_size': 50, 'attention_head_size': 1, 'learning_rate': 0.0037723403325124797}. Best is trial 16 with value: 2988.691650390625.
LOCAL_RANK: 0 - CUDA_VISIBLE_DEVICES: [0]
[I 2023-11-30 12:41:48,375] Trial 50 finished with value: 3978.815185546875 and parameters: {'gradient_clip_val': 0.1661227138711549, 'hidden_size': 138, 'dropout': 0.2779714287877486, 'hidden_continuous_size': 37, 'attention_head_size': 4, 'learning_rate': 0.005476592315545141}. Best is trial 16 with value: 2988.691650390625.
LOCAL_RANK: 0 - CUDA_VISIBLE_DEVICES: [0]
[I 2023-11-30 12:42:03,212] Trial 51 finished with value: 4035.987548828125 and parameters: {'gradient_clip_val': 0.14217166395312905, 'hidden_size': 137, 'dropout': 0.2778045649759304, 'hidden_continuous_size': 77, 'attention_head_size': 3, 'learning_rate': 0.007354262640470235}. Best is trial 16 with value: 2988.691650390625.
LOCAL_RANK: 0 - CUDA_VISIBLE_DEVICES: [0]
[I 2023-11-30 12:42:17,919] Trial 52 finished with value: 3577.610595703125 and parameters: {'gradient_clip_val': 0.12034830254195164, 'hidden_size': 150, 'dropout': 0.24429560520082397, 'hidden_continuous_size': 56, 'attention_head_size': 3, 'learning_rate': 0.006273631842231984}. Best is trial 16 with value: 2988.691650390625.
LOCAL_RANK: 0 - CUDA_VISIBLE_DEVICES: [0]
[I 2023-11-30 12:42:32,320] Trial 53 finished with value: 4905.72021484375 and parameters: {'gradient_clip_val': 0.12269422812029529, 'hidden_size': 98, 'dropout': 0.24687421000617993, 'hidden_continuous_size': 56, 'attention_head_size': 2, 'learning_rate': 0.00508045369379504}. Best is trial 16 with value: 2988.691650390625.
LOCAL_RANK: 0 - CUDA_VISIBLE_DEVICES: [0]
[I 2023-11-30 12:42:47,038] Trial 54 finished with value: 4133.73193359375 and parameters: {'gradient_clip_val': 0.10749048119174429, 'hidden_size': 147, 'dropout': 0.24183730134598427, 'hidden_continuous_size': 51, 'attention_head_size': 3, 'learning_rate': 0.006182415845439766}. Best is trial 16 with value: 2988.691650390625.
LOCAL_RANK: 0 - CUDA_VISIBLE_DEVICES: [0]
[I 2023-11-30 12:43:01,428] Trial 55 finished with value: 3770.016845703125 and parameters: {'gradient_clip_val': 0.11635247625719501, 'hidden_size': 115, 'dropout': 0.2249728476697299, 'hidden_continuous_size': 58, 'attention_head_size': 3, 'learning_rate': 0.0031602823319758317}. Best is trial 16 with value: 2988.691650390625.
LOCAL_RANK: 0 - CUDA_VISIBLE_DEVICES: [0]
[I 2023-11-30 12:43:16,035] Trial 56 finished with value: 3720.344482421875 and parameters: {'gradient_clip_val': 0.13394924745370707, 'hidden_size': 133, 'dropout': 0.2915008180110681, 'hidden_continuous_size': 64, 'attention_head_size': 3, 'learning_rate': 0.004297258444831115}. Best is trial 16 with value: 2988.691650390625.
LOCAL_RANK: 0 - CUDA_VISIBLE_DEVICES: [0]
[I 2023-11-30 12:43:30,607] Trial 57 finished with value: 3964.216796875 and parameters: {'gradient_clip_val': 0.10706180872195832, 'hidden_size': 91, 'dropout': 0.19220494736699345, 'hidden_continuous_size': 71, 'attention_head_size': 4, 'learning_rate': 0.010801307598460513}. Best is trial 16 with value: 2988.691650390625.
LOCAL_RANK: 0 - CUDA_VISIBLE_DEVICES: [0]
[I 2023-11-30 12:43:43,922] Trial 58 finished with value: 3366.583984375 and parameters: {'gradient_clip_val': 0.12077890363530491, 'hidden_size': 40, 'dropout': 0.26576556349187086, 'hidden_continuous_size': 35, 'attention_head_size': 3, 'learning_rate': 0.008108759738474159}. Best is trial 16 with value: 2988.691650390625.
LOCAL_RANK: 0 - CUDA_VISIBLE_DEVICES: [0]
[I 2023-11-30 12:43:56,999] Trial 59 finished with value: 4142.62158203125 and parameters: {'gradient_clip_val': 0.10028933407859515, 'hidden_size': 29, 'dropout': 0.3067962119432355, 'hidden_continuous_size': 25, 'attention_head_size': 3, 'learning_rate': 0.008427966316094047}. Best is trial 16 with value: 2988.691650390625.
LOCAL_RANK: 0 - CUDA_VISIBLE_DEVICES: [0]
[I 2023-11-30 12:44:10,026] Trial 60 finished with value: 4219.80322265625 and parameters: {'gradient_clip_val': 0.14004320653349484, 'hidden_size': 38, 'dropout': 0.24964379833129657, 'hidden_continuous_size': 32, 'attention_head_size': 2, 'learning_rate': 0.009521147165537862}. Best is trial 16 with value: 2988.691650390625.
LOCAL_RANK: 0 - CUDA_VISIBLE_DEVICES: [0]
[I 2023-11-30 12:44:24,260] Trial 61 finished with value: 3657.779296875 and parameters: {'gradient_clip_val': 0.11969324656554955, 'hidden_size': 120, 'dropout': 0.26838887264015376, 'hidden_continuous_size': 39, 'attention_head_size': 3, 'learning_rate': 0.005793757462033396}. Best is trial 16 with value: 2988.691650390625.
LOCAL_RANK: 0 - CUDA_VISIBLE_DEVICES: [0]
[I 2023-11-30 12:44:37,670] Trial 62 finished with value: 4094.418701171875 and parameters: {'gradient_clip_val': 0.1214288933608868, 'hidden_size': 43, 'dropout': 0.26928197526876885, 'hidden_continuous_size': 37, 'attention_head_size': 3, 'learning_rate': 0.00492467214244607}. Best is trial 16 with value: 2988.691650390625.
LOCAL_RANK: 0 - CUDA_VISIBLE_DEVICES: [0]
[I 2023-11-30 12:44:51,856] Trial 63 finished with value: 3508.361328125 and parameters: {'gradient_clip_val': 0.1308309422240461, 'hidden_size': 69, 'dropout': 0.2858893053832137, 'hidden_continuous_size': 55, 'attention_head_size': 3, 'learning_rate': 0.003820884537932467}. Best is trial 16 with value: 2988.691650390625.
LOCAL_RANK: 0 - CUDA_VISIBLE_DEVICES: [0]
[I 2023-11-30 12:45:05,350] Trial 64 finished with value: 4632.5625 and parameters: {'gradient_clip_val': 0.10709322589731386, 'hidden_size': 52, 'dropout': 0.28465439085714017, 'hidden_continuous_size': 43, 'attention_head_size': 3, 'learning_rate': 0.003820329499211797}. Best is trial 16 with value: 2988.691650390625.
LOCAL_RANK: 0 - CUDA_VISIBLE_DEVICES: [0]
[I 2023-11-30 12:45:19,621] Trial 65 finished with value: 3988.639404296875 and parameters: {'gradient_clip_val': 0.12854432664483045, 'hidden_size': 74, 'dropout': 0.29571509623000536, 'hidden_continuous_size': 62, 'attention_head_size': 3, 'learning_rate': 0.0026422252370583155}. Best is trial 16 with value: 2988.691650390625.
LOCAL_RANK: 0 - CUDA_VISIBLE_DEVICES: [0]
[I 2023-11-30 12:45:33,276] Trial 66 finished with value: 3963.505126953125 and parameters: {'gradient_clip_val': 0.13922201913990315, 'hidden_size': 56, 'dropout': 0.310137533498615, 'hidden_continuous_size': 48, 'attention_head_size': 3, 'learning_rate': 0.004579588407866059}. Best is trial 16 with value: 2988.691650390625.
LOCAL_RANK: 0 - CUDA_VISIBLE_DEVICES: [0]
[I 2023-11-30 12:45:46,930] Trial 67 finished with value: 3981.321044921875 and parameters: {'gradient_clip_val': 0.15226613179539142, 'hidden_size': 45, 'dropout': 0.2821572820341707, 'hidden_continuous_size': 40, 'attention_head_size': 2, 'learning_rate': 0.003772245909904749}. Best is trial 16 with value: 2988.691650390625.
LOCAL_RANK: 0 - CUDA_VISIBLE_DEVICES: [0]
[I 2023-11-30 12:46:00,986] Trial 68 finished with value: 3832.971923828125 and parameters: {'gradient_clip_val': 0.10845368256377962, 'hidden_size': 69, 'dropout': 0.30059176824450995, 'hidden_continuous_size': 54, 'attention_head_size': 3, 'learning_rate': 0.005515328168956092}. Best is trial 16 with value: 2988.691650390625.
LOCAL_RANK: 0 - CUDA_VISIBLE_DEVICES: [0]
[I 2023-11-30 12:46:14,994] Trial 69 finished with value: 4334.05224609375 and parameters: {'gradient_clip_val': 0.13137497849687127, 'hidden_size': 65, 'dropout': 0.2578637311012683, 'hidden_continuous_size': 50, 'attention_head_size': 3, 'learning_rate': 0.0071536363139098735}. Best is trial 16 with value: 2988.691650390625.
LOCAL_RANK: 0 - CUDA_VISIBLE_DEVICES: [0]
[I 2023-11-30 12:46:29,280] Trial 70 finished with value: 4097.47607421875 and parameters: {'gradient_clip_val': 0.1169579285657207, 'hidden_size': 103, 'dropout': 0.2906584694158989, 'hidden_continuous_size': 59, 'attention_head_size': 3, 'learning_rate': 0.008325789358857643}. Best is trial 16 with value: 2988.691650390625.
LOCAL_RANK: 0 - CUDA_VISIBLE_DEVICES: [0]
[I 2023-11-30 12:46:43,429] Trial 71 finished with value: 4589.1875 and parameters: {'gradient_clip_val': 0.11801091915386469, 'hidden_size': 124, 'dropout': 0.27165403217220446, 'hidden_continuous_size': 29, 'attention_head_size': 3, 'learning_rate': 0.005807652314621287}. Best is trial 16 with value: 2988.691650390625.
LOCAL_RANK: 0 - CUDA_VISIBLE_DEVICES: [0]
[I 2023-11-30 12:46:58,005] Trial 72 finished with value: 4553.1591796875 and parameters: {'gradient_clip_val': 0.10638908538143305, 'hidden_size': 142, 'dropout': 0.266864214436672, 'hidden_continuous_size': 45, 'attention_head_size': 3, 'learning_rate': 0.0065978826767448765}. Best is trial 16 with value: 2988.691650390625.
LOCAL_RANK: 0 - CUDA_VISIBLE_DEVICES: [0]
[I 2023-11-30 12:47:12,670] Trial 73 finished with value: 3706.442626953125 and parameters: {'gradient_clip_val': 0.14493360489602028, 'hidden_size': 116, 'dropout': 0.23955833527269985, 'hidden_continuous_size': 71, 'attention_head_size': 3, 'learning_rate': 0.0056189357877428694}. Best is trial 16 with value: 2988.691650390625.
LOCAL_RANK: 0 - CUDA_VISIBLE_DEVICES: [0]
[I 2023-11-30 12:47:27,374] Trial 74 finished with value: 4003.466064453125 and parameters: {'gradient_clip_val': 0.12151620065174484, 'hidden_size': 150, 'dropout': 0.2516973365819849, 'hidden_continuous_size': 39, 'attention_head_size': 3, 'learning_rate': 0.004658090301091421}. Best is trial 16 with value: 2988.691650390625.
LOCAL_RANK: 0 - CUDA_VISIBLE_DEVICES: [0]
[I 2023-11-30 12:47:42,286] Trial 75 finished with value: 4641.46044921875 and parameters: {'gradient_clip_val': 0.1308074267299506, 'hidden_size': 135, 'dropout': 0.26299210776251325, 'hidden_continuous_size': 86, 'attention_head_size': 3, 'learning_rate': 0.007976829749609195}. Best is trial 16 with value: 2988.691650390625.
LOCAL_RANK: 0 - CUDA_VISIBLE_DEVICES: [0]
[I 2023-11-30 12:47:56,763] Trial 76 finished with value: 4044.673828125 and parameters: {'gradient_clip_val': 0.11442933289161827, 'hidden_size': 122, 'dropout': 0.28430735703478005, 'hidden_continuous_size': 55, 'attention_head_size': 2, 'learning_rate': 0.006924178916317486}. Best is trial 16 with value: 2988.691650390625.
LOCAL_RANK: 0 - CUDA_VISIBLE_DEVICES: [0]
[I 2023-11-30 12:48:11,799] Trial 77 finished with value: 4398.94580078125 and parameters: {'gradient_clip_val': 0.10004177644545938, 'hidden_size': 127, 'dropout': 0.27180002748505255, 'hidden_continuous_size': 98, 'attention_head_size': 4, 'learning_rate': 0.005085393734487535}. Best is trial 16 with value: 2988.691650390625.
LOCAL_RANK: 0 - CUDA_VISIBLE_DEVICES: [0]
[I 2023-11-30 12:48:26,575] Trial 78 finished with value: 4765.765625 and parameters: {'gradient_clip_val': 0.16954654747568265, 'hidden_size': 106, 'dropout': 0.31989319186145204, 'hidden_continuous_size': 66, 'attention_head_size': 3, 'learning_rate': 0.010754560229637758}. Best is trial 16 with value: 2988.691650390625.
LOCAL_RANK: 0 - CUDA_VISIBLE_DEVICES: [0]
[I 2023-11-30 12:48:40,893] Trial 79 finished with value: 3641.760498046875 and parameters: {'gradient_clip_val': 0.1221786486395663, 'hidden_size': 96, 'dropout': 0.2939859645809924, 'hidden_continuous_size': 61, 'attention_head_size': 4, 'learning_rate': 0.009458086285505011}. Best is trial 16 with value: 2988.691650390625.
LOCAL_RANK: 0 - CUDA_VISIBLE_DEVICES: [0]
[I 2023-11-30 12:48:55,285] Trial 80 finished with value: 4203.11328125 and parameters: {'gradient_clip_val': 0.146549347791824, 'hidden_size': 91, 'dropout': 0.2977623424254493, 'hidden_continuous_size': 62, 'attention_head_size': 4, 'learning_rate': 0.009476716790799377}. Best is trial 16 with value: 2988.691650390625.
LOCAL_RANK: 0 - CUDA_VISIBLE_DEVICES: [0]
[I 2023-11-30 12:49:09,997] Trial 81 finished with value: 3781.596435546875 and parameters: {'gradient_clip_val': 0.12355484793532663, 'hidden_size': 115, 'dropout': 0.27672592644826366, 'hidden_continuous_size': 73, 'attention_head_size': 4, 'learning_rate': 0.012118258606882754}. Best is trial 16 with value: 2988.691650390625.
LOCAL_RANK: 0 - CUDA_VISIBLE_DEVICES: [0]
[I 2023-11-30 12:49:24,331] Trial 82 finished with value: 3283.919189453125 and parameters: {'gradient_clip_val': 0.10558309249342139, 'hidden_size': 98, 'dropout': 0.2881959490188717, 'hidden_continuous_size': 56, 'attention_head_size': 4, 'learning_rate': 0.005923694204781755}. Best is trial 16 with value: 2988.691650390625.
LOCAL_RANK: 0 - CUDA_VISIBLE_DEVICES: [0]
[I 2023-11-30 12:49:39,194] Trial 83 finished with value: 3602.2763671875 and parameters: {'gradient_clip_val': 0.10524679729179359, 'hidden_size': 97, 'dropout': 0.29109858386285153, 'hidden_continuous_size': 55, 'attention_head_size': 4, 'learning_rate': 0.008135825869025143}. Best is trial 16 with value: 2988.691650390625.
LOCAL_RANK: 0 - CUDA_VISIBLE_DEVICES: [0]
[I 2023-11-30 12:49:53,594] Trial 84 finished with value: 3432.734130859375 and parameters: {'gradient_clip_val': 0.10351426260456392, 'hidden_size': 109, 'dropout': 0.28754123719415053, 'hidden_continuous_size': 56, 'attention_head_size': 4, 'learning_rate': 0.007130400733221029}. Best is trial 16 with value: 2988.691650390625.
LOCAL_RANK: 0 - CUDA_VISIBLE_DEVICES: [0]
[I 2023-11-30 12:50:08,096] Trial 85 finished with value: 3786.516357421875 and parameters: {'gradient_clip_val': 0.1052268485204235, 'hidden_size': 110, 'dropout': 0.2890587509102461, 'hidden_continuous_size': 56, 'attention_head_size': 4, 'learning_rate': 0.006764204127261356}. Best is trial 16 with value: 2988.691650390625.
LOCAL_RANK: 0 - CUDA_VISIBLE_DEVICES: [0]
[I 2023-11-30 12:50:22,200] Trial 86 finished with value: 4204.21435546875 and parameters: {'gradient_clip_val': 0.10443227597339494, 'hidden_size': 84, 'dropout': 0.3062325713884253, 'hidden_continuous_size': 53, 'attention_head_size': 4, 'learning_rate': 0.007839547534638374}. Best is trial 16 with value: 2988.691650390625.
LOCAL_RANK: 0 - CUDA_VISIBLE_DEVICES: [0]
[I 2023-11-30 12:50:36,550] Trial 87 finished with value: 3992.535888671875 and parameters: {'gradient_clip_val': 0.1098366534874628, 'hidden_size': 101, 'dropout': 0.28200631235588286, 'hidden_continuous_size': 48, 'attention_head_size': 4, 'learning_rate': 0.004127301253092634}. Best is trial 16 with value: 2988.691650390625.
LOCAL_RANK: 0 - CUDA_VISIBLE_DEVICES: [0]
[I 2023-11-30 12:50:51,438] Trial 88 finished with value: 4078.696044921875 and parameters: {'gradient_clip_val': 0.1145617657404627, 'hidden_size': 129, 'dropout': 0.31074511982120995, 'hidden_continuous_size': 82, 'attention_head_size': 4, 'learning_rate': 0.0062693737708659015}. Best is trial 16 with value: 2988.691650390625.
LOCAL_RANK: 0 - CUDA_VISIBLE_DEVICES: [0]
[I 2023-11-30 12:51:06,351] Trial 89 finished with value: 3830.31640625 and parameters: {'gradient_clip_val': 0.11289818823492324, 'hidden_size': 141, 'dropout': 0.3185631921696498, 'hidden_continuous_size': 76, 'attention_head_size': 4, 'learning_rate': 0.004788087162369018}. Best is trial 16 with value: 2988.691650390625.
LOCAL_RANK: 0 - CUDA_VISIBLE_DEVICES: [0]
[I 2023-11-30 12:51:20,683] Trial 90 finished with value: 3830.175048828125 and parameters: {'gradient_clip_val': 0.13237214576475767, 'hidden_size': 108, 'dropout': 0.30304075529216334, 'hidden_continuous_size': 57, 'attention_head_size': 4, 'learning_rate': 0.005351098364496639}. Best is trial 16 with value: 2988.691650390625.
LOCAL_RANK: 0 - CUDA_VISIBLE_DEVICES: [0]
[I 2023-11-30 12:51:35,261] Trial 91 finished with value: 4271.11083984375 and parameters: {'gradient_clip_val': 0.10389609312010284, 'hidden_size': 132, 'dropout': 0.2601036155335815, 'hidden_continuous_size': 68, 'attention_head_size': 4, 'learning_rate': 0.007284800002515387}. Best is trial 16 with value: 2988.691650390625.
LOCAL_RANK: 0 - CUDA_VISIBLE_DEVICES: [0]
[I 2023-11-30 12:51:49,559] Trial 92 finished with value: 3632.186767578125 and parameters: {'gradient_clip_val': 0.11185883643082252, 'hidden_size': 87, 'dropout': 0.27544963757646784, 'hidden_continuous_size': 60, 'attention_head_size': 4, 'learning_rate': 0.008500877503872812}. Best is trial 16 with value: 2988.691650390625.
LOCAL_RANK: 0 - CUDA_VISIBLE_DEVICES: [0]
[I 2023-11-30 12:52:04,060] Trial 93 finished with value: 4444.74951171875 and parameters: {'gradient_clip_val': 0.11400386172548314, 'hidden_size': 81, 'dropout': 0.2775337583391402, 'hidden_continuous_size': 59, 'attention_head_size': 4, 'learning_rate': 0.008495954842408992}. Best is trial 16 with value: 2988.691650390625.
LOCAL_RANK: 0 - CUDA_VISIBLE_DEVICES: [0]
[I 2023-11-30 12:52:18,483] Trial 94 finished with value: 4060.908203125 and parameters: {'gradient_clip_val': 0.10005442235779992, 'hidden_size': 88, 'dropout': 0.29097085901722536, 'hidden_continuous_size': 65, 'attention_head_size': 4, 'learning_rate': 0.006202339746328854}. Best is trial 16 with value: 2988.691650390625.
LOCAL_RANK: 0 - CUDA_VISIBLE_DEVICES: [0]
[I 2023-11-30 12:52:32,863] Trial 95 finished with value: 3773.055908203125 and parameters: {'gradient_clip_val': 0.12674009585027804, 'hidden_size': 98, 'dropout': 0.2855433879861058, 'hidden_continuous_size': 52, 'attention_head_size': 4, 'learning_rate': 0.007864649504448493}. Best is trial 16 with value: 2988.691650390625.
LOCAL_RANK: 0 - CUDA_VISIBLE_DEVICES: [0]
[I 2023-11-30 12:52:47,278] Trial 96 finished with value: 3963.6171875 and parameters: {'gradient_clip_val': 0.10831399601705718, 'hidden_size': 120, 'dropout': 0.27334745485219847, 'hidden_continuous_size': 63, 'attention_head_size': 4, 'learning_rate': 0.010104365820904602}. Best is trial 16 with value: 2988.691650390625.
LOCAL_RANK: 0 - CUDA_VISIBLE_DEVICES: [0]
