[I 2023-11-30 08:54:57,186] Trial 109 finished with value: 0.11158737540245056 and parameters: {'gradient_clip_val': 0.6628528210604787, 'hidden_size': 58, 'dropout': 0.32424006671308336, 'hidden_continuous_size': 13, 'attention_head_size': 3, 'learning_rate': 0.08725499899186977}. Best is trial 61 with value: 0.10069242864847183.
LOCAL_RANK: 0 - CUDA_VISIBLE_DEVICES: [0]
[I 2023-11-30 08:55:10,557] Trial 110 finished with value: 0.16323892772197723 and parameters: {'gradient_clip_val': 0.6206747725005051, 'hidden_size': 59, 'dropout': 0.3249863107547077, 'hidden_continuous_size': 13, 'attention_head_size': 2, 'learning_rate': 0.08727356691936541}. Best is trial 61 with value: 0.10069242864847183.
LOCAL_RANK: 0 - CUDA_VISIBLE_DEVICES: [0]
[I 2023-11-30 08:55:24,226] Trial 111 finished with value: 0.2594323456287384 and parameters: {'gradient_clip_val': 0.6679930565724475, 'hidden_size': 55, 'dropout': 0.307053271469972, 'hidden_continuous_size': 48, 'attention_head_size': 3, 'learning_rate': 0.09880128095088114}. Best is trial 61 with value: 0.10069242864847183.
LOCAL_RANK: 0 - CUDA_VISIBLE_DEVICES: [0]
[I 2023-11-30 08:55:37,612] Trial 112 finished with value: 0.11171075701713562 and parameters: {'gradient_clip_val': 0.7563802928708525, 'hidden_size': 44, 'dropout': 0.28513928346399003, 'hidden_continuous_size': 40, 'attention_head_size': 3, 'learning_rate': 0.07670135106676773}. Best is trial 61 with value: 0.10069242864847183.
LOCAL_RANK: 0 - CUDA_VISIBLE_DEVICES: [0]
[I 2023-11-30 08:55:51,693] Trial 113 finished with value: 0.17763076722621918 and parameters: {'gradient_clip_val': 0.7631770078221081, 'hidden_size': 69, 'dropout': 0.31456861828626287, 'hidden_continuous_size': 51, 'attention_head_size': 3, 'learning_rate': 0.07982473660467795}. Best is trial 61 with value: 0.10069242864847183.
LOCAL_RANK: 0 - CUDA_VISIBLE_DEVICES: [0]
[I 2023-11-30 08:56:05,237] Trial 114 finished with value: 0.21668662130832672 and parameters: {'gradient_clip_val': 0.6636277244227661, 'hidden_size': 43, 'dropout': 0.29787130686014296, 'hidden_continuous_size': 40, 'attention_head_size': 3, 'learning_rate': 0.07367385272551469}. Best is trial 61 with value: 0.10069242864847183.
LOCAL_RANK: 0 - CUDA_VISIBLE_DEVICES: [0]
[I 2023-11-30 08:56:18,679] Trial 115 finished with value: 0.20267526805400848 and parameters: {'gradient_clip_val': 0.7158143455977721, 'hidden_size': 63, 'dropout': 0.2832974468152961, 'hidden_continuous_size': 14, 'attention_head_size': 3, 'learning_rate': 0.0874230687435154}. Best is trial 61 with value: 0.10069242864847183.
LOCAL_RANK: 0 - CUDA_VISIBLE_DEVICES: [0]
[I 2023-11-30 08:56:32,604] Trial 116 finished with value: 0.21394331753253937 and parameters: {'gradient_clip_val': 0.5510190364599572, 'hidden_size': 79, 'dropout': 0.29050435849596856, 'hidden_continuous_size': 38, 'attention_head_size': 3, 'learning_rate': 0.06532883238411434}. Best is trial 61 with value: 0.10069242864847183.
LOCAL_RANK: 0 - CUDA_VISIBLE_DEVICES: [0]
[I 2023-11-30 08:56:45,650] Trial 117 finished with value: 0.1127552017569542 and parameters: {'gradient_clip_val': 0.6824432553540632, 'hidden_size': 40, 'dropout': 0.2648141397258932, 'hidden_continuous_size': 38, 'attention_head_size': 2, 'learning_rate': 0.07916987954391923}. Best is trial 61 with value: 0.10069242864847183.
LOCAL_RANK: 0 - CUDA_VISIBLE_DEVICES: [0]
[I 2023-11-30 08:56:58,716] Trial 118 finished with value: 0.12133973836898804 and parameters: {'gradient_clip_val': 0.6048467862028355, 'hidden_size': 38, 'dropout': 0.3229130612374769, 'hidden_continuous_size': 36, 'attention_head_size': 3, 'learning_rate': 0.05786188782471034}. Best is trial 61 with value: 0.10069242864847183.
LOCAL_RANK: 0 - CUDA_VISIBLE_DEVICES: [0]
[I 2023-11-30 08:57:11,953] Trial 119 finished with value: 0.1326736956834793 and parameters: {'gradient_clip_val': 0.6857523530761378, 'hidden_size': 41, 'dropout': 0.3357636193846721, 'hidden_continuous_size': 39, 'attention_head_size': 2, 'learning_rate': 0.09923377574531049}. Best is trial 61 with value: 0.10069242864847183.
LOCAL_RANK: 0 - CUDA_VISIBLE_DEVICES: [0]
[I 2023-11-30 08:57:25,839] Trial 120 finished with value: 0.10848710685968399 and parameters: {'gradient_clip_val': 0.6372430701342144, 'hidden_size': 47, 'dropout': 0.30683906771938774, 'hidden_continuous_size': 44, 'attention_head_size': 3, 'learning_rate': 0.08172890138354409}. Best is trial 61 with value: 0.10069242864847183.
LOCAL_RANK: 0 - CUDA_VISIBLE_DEVICES: [0]
[I 2023-11-30 08:57:39,429] Trial 121 finished with value: 0.142890065908432 and parameters: {'gradient_clip_val': 0.6074363137646571, 'hidden_size': 46, 'dropout': 0.30606129382741915, 'hidden_continuous_size': 42, 'attention_head_size': 3, 'learning_rate': 0.08257635210659786}. Best is trial 61 with value: 0.10069242864847183.
LOCAL_RANK: 0 - CUDA_VISIBLE_DEVICES: [0]
[I 2023-11-30 08:57:52,493] Trial 122 finished with value: 0.17012830078601837 and parameters: {'gradient_clip_val': 0.6276920475598319, 'hidden_size': 40, 'dropout': 0.2962183307453606, 'hidden_continuous_size': 38, 'attention_head_size': 3, 'learning_rate': 0.07061046127252306}. Best is trial 61 with value: 0.10069242864847183.
LOCAL_RANK: 0 - CUDA_VISIBLE_DEVICES: [0]
[I 2023-11-30 08:58:06,019] Trial 123 finished with value: 0.11230877041816711 and parameters: {'gradient_clip_val': 0.6459690689871856, 'hidden_size': 44, 'dropout': 0.2873452396832397, 'hidden_continuous_size': 42, 'attention_head_size': 3, 'learning_rate': 0.09023577992056556}. Best is trial 61 with value: 0.10069242864847183.
LOCAL_RANK: 0 - CUDA_VISIBLE_DEVICES: [0]
[I 2023-11-30 08:58:19,745] Trial 124 finished with value: 0.1420944333076477 and parameters: {'gradient_clip_val': 0.6401860256508758, 'hidden_size': 51, 'dropout': 0.3139296974299397, 'hidden_continuous_size': 45, 'attention_head_size': 3, 'learning_rate': 0.09076558753163141}. Best is trial 61 with value: 0.10069242864847183.
LOCAL_RANK: 0 - CUDA_VISIBLE_DEVICES: [0]
[I 2023-11-30 08:58:33,288] Trial 125 finished with value: 0.1379198282957077 and parameters: {'gradient_clip_val': 0.571829180468403, 'hidden_size': 44, 'dropout': 0.287222925475441, 'hidden_continuous_size': 42, 'attention_head_size': 3, 'learning_rate': 0.09028307509979573}. Best is trial 61 with value: 0.10069242864847183.
LOCAL_RANK: 0 - CUDA_VISIBLE_DEVICES: [0]
[I 2023-11-30 08:58:46,725] Trial 126 finished with value: 0.1373351663351059 and parameters: {'gradient_clip_val': 0.7497983769895062, 'hidden_size': 47, 'dropout': 0.29902226831684997, 'hidden_continuous_size': 43, 'attention_head_size': 3, 'learning_rate': 0.09954876557412307}. Best is trial 61 with value: 0.10069242864847183.
LOCAL_RANK: 0 - CUDA_VISIBLE_DEVICES: [0]
[I 2023-11-30 08:59:00,336] Trial 127 finished with value: 0.17700833082199097 and parameters: {'gradient_clip_val': 0.5838199071980575, 'hidden_size': 49, 'dropout': 0.3053390835377372, 'hidden_continuous_size': 44, 'attention_head_size': 3, 'learning_rate': 0.06717873457606524}. Best is trial 61 with value: 0.10069242864847183.
LOCAL_RANK: 0 - CUDA_VISIBLE_DEVICES: [0]
[I 2023-11-30 08:59:13,632] Trial 128 finished with value: 0.13557331264019012 and parameters: {'gradient_clip_val': 0.6506249547112506, 'hidden_size': 44, 'dropout': 0.284003263236336, 'hidden_continuous_size': 40, 'attention_head_size': 3, 'learning_rate': 0.07477465745996244}. Best is trial 61 with value: 0.10069242864847183.
LOCAL_RANK: 0 - CUDA_VISIBLE_DEVICES: [0]
[I 2023-11-30 08:59:27,168] Trial 129 finished with value: 0.0913119912147522 and parameters: {'gradient_clip_val': 0.30713303816152715, 'hidden_size': 56, 'dropout': 0.29291549418810126, 'hidden_continuous_size': 46, 'attention_head_size': 3, 'learning_rate': 0.08418001210683619}. Best is trial 129 with value: 0.0913119912147522.
LOCAL_RANK: 0 - CUDA_VISIBLE_DEVICES: [0]
[I 2023-11-30 08:59:41,031] Trial 130 finished with value: 0.11701247841119766 and parameters: {'gradient_clip_val': 0.31284638955406885, 'hidden_size': 59, 'dropout': 0.3186810878399417, 'hidden_continuous_size': 46, 'attention_head_size': 3, 'learning_rate': 0.047224611950275615}. Best is trial 129 with value: 0.0913119912147522.
LOCAL_RANK: 0 - CUDA_VISIBLE_DEVICES: [0]
[I 2023-11-30 08:59:54,746] Trial 131 finished with value: 0.1459755301475525 and parameters: {'gradient_clip_val': 0.3367405812475891, 'hidden_size': 54, 'dropout': 0.29275655475576384, 'hidden_continuous_size': 47, 'attention_head_size': 3, 'learning_rate': 0.07966820477258617}. Best is trial 129 with value: 0.0913119912147522.
LOCAL_RANK: 0 - CUDA_VISIBLE_DEVICES: [0]
[I 2023-11-30 09:00:08,131] Trial 132 finished with value: 0.17955809831619263 and parameters: {'gradient_clip_val': 0.2940321668300067, 'hidden_size': 56, 'dropout': 0.31061326961296654, 'hidden_continuous_size': 44, 'attention_head_size': 3, 'learning_rate': 0.08457385875415045}. Best is trial 129 with value: 0.0913119912147522.
LOCAL_RANK: 0 - CUDA_VISIBLE_DEVICES: [0]
[I 2023-11-30 09:00:21,641] Trial 133 finished with value: 0.19455571472644806 and parameters: {'gradient_clip_val': 0.6994445905641316, 'hidden_size': 48, 'dropout': 0.2743216482876102, 'hidden_continuous_size': 45, 'attention_head_size': 3, 'learning_rate': 0.061103319167793844}. Best is trial 129 with value: 0.0913119912147522.
LOCAL_RANK: 0 - CUDA_VISIBLE_DEVICES: [0]
[I 2023-11-30 09:00:35,394] Trial 134 finished with value: 0.14901632070541382 and parameters: {'gradient_clip_val': 0.9487235405910404, 'hidden_size': 51, 'dropout': 0.3019036596897695, 'hidden_continuous_size': 43, 'attention_head_size': 3, 'learning_rate': 0.07076610152794764}. Best is trial 129 with value: 0.0913119912147522.
LOCAL_RANK: 0 - CUDA_VISIBLE_DEVICES: [0]
[I 2023-11-30 09:00:49,132] Trial 135 finished with value: 0.19494152069091797 and parameters: {'gradient_clip_val': 0.7784739790462039, 'hidden_size': 45, 'dropout': 0.2798028763975839, 'hidden_continuous_size': 42, 'attention_head_size': 3, 'learning_rate': 0.0901846704020104}. Best is trial 129 with value: 0.0913119912147522.
LOCAL_RANK: 0 - CUDA_VISIBLE_DEVICES: [0]
[I 2023-11-30 09:01:02,768] Trial 136 finished with value: 0.11146464198827744 and parameters: {'gradient_clip_val': 0.35414330003294797, 'hidden_size': 60, 'dropout': 0.3555830214578255, 'hidden_continuous_size': 48, 'attention_head_size': 3, 'learning_rate': 0.053252232916336746}. Best is trial 129 with value: 0.0913119912147522.
LOCAL_RANK: 0 - CUDA_VISIBLE_DEVICES: [0]
[I 2023-11-30 09:01:15,891] Trial 137 finished with value: 0.16820235550403595 and parameters: {'gradient_clip_val': 0.2677899135416649, 'hidden_size': 37, 'dropout': 0.3665259704185912, 'hidden_continuous_size': 36, 'attention_head_size': 3, 'learning_rate': 0.054514073099174574}. Best is trial 129 with value: 0.0913119912147522.
LOCAL_RANK: 0 - CUDA_VISIBLE_DEVICES: [0]
[I 2023-11-30 09:01:29,536] Trial 138 finished with value: 0.23533058166503906 and parameters: {'gradient_clip_val': 0.37766640035336074, 'hidden_size': 60, 'dropout': 0.2891384756721253, 'hidden_continuous_size': 50, 'attention_head_size': 3, 'learning_rate': 0.05103002633465697}. Best is trial 129 with value: 0.0913119912147522.
LOCAL_RANK: 0 - CUDA_VISIBLE_DEVICES: [0]
[I 2023-11-30 09:01:43,489] Trial 139 finished with value: 0.17763304710388184 and parameters: {'gradient_clip_val': 0.39840732177512395, 'hidden_size': 68, 'dropout': 0.33128314799314756, 'hidden_continuous_size': 49, 'attention_head_size': 4, 'learning_rate': 0.03858661833654764}. Best is trial 129 with value: 0.0913119912147522.
LOCAL_RANK: 0 - CUDA_VISIBLE_DEVICES: [0]
[I 2023-11-30 09:01:57,772] Trial 140 finished with value: 0.1799505203962326 and parameters: {'gradient_clip_val': 0.5009448488608432, 'hidden_size': 74, 'dropout': 0.15913434472374516, 'hidden_continuous_size': 47, 'attention_head_size': 3, 'learning_rate': 0.06359331664591593}. Best is trial 129 with value: 0.0913119912147522.
LOCAL_RANK: 0 - CUDA_VISIBLE_DEVICES: [0]
[I 2023-11-30 09:02:11,056] Trial 141 finished with value: 0.26097801327705383 and parameters: {'gradient_clip_val': 0.30187956628928914, 'hidden_size': 57, 'dropout': 0.2966412684532035, 'hidden_continuous_size': 14, 'attention_head_size': 3, 'learning_rate': 0.08385810477120184}. Best is trial 129 with value: 0.0913119912147522.
LOCAL_RANK: 0 - CUDA_VISIBLE_DEVICES: [0]
[I 2023-11-30 09:02:24,734] Trial 142 finished with value: 0.12555094063282013 and parameters: {'gradient_clip_val': 0.32659523381529704, 'hidden_size': 55, 'dropout': 0.27176936052426065, 'hidden_continuous_size': 46, 'attention_head_size': 3, 'learning_rate': 0.07316797641427963}. Best is trial 129 with value: 0.0913119912147522.
LOCAL_RANK: 0 - CUDA_VISIBLE_DEVICES: [0]
[I 2023-11-30 09:02:38,272] Trial 143 finished with value: 0.114643894135952 and parameters: {'gradient_clip_val': 0.34988718864296403, 'hidden_size': 52, 'dropout': 0.13466072711829102, 'hidden_continuous_size': 48, 'attention_head_size': 3, 'learning_rate': 0.05854388002205004}. Best is trial 129 with value: 0.0913119912147522.
LOCAL_RANK: 0 - CUDA_VISIBLE_DEVICES: [0]
[I 2023-11-30 09:02:52,148] Trial 144 finished with value: 0.15650831162929535 and parameters: {'gradient_clip_val': 0.8397651656830811, 'hidden_size': 63, 'dropout': 0.20749467267526822, 'hidden_continuous_size': 52, 'attention_head_size': 3, 'learning_rate': 0.06654140554394475}. Best is trial 129 with value: 0.0913119912147522.
LOCAL_RANK: 0 - CUDA_VISIBLE_DEVICES: [0]
[I 2023-11-30 09:03:05,753] Trial 145 finished with value: 0.12463701516389847 and parameters: {'gradient_clip_val': 0.9987489237722862, 'hidden_size': 42, 'dropout': 0.2804060915482913, 'hidden_continuous_size': 40, 'attention_head_size': 3, 'learning_rate': 0.04314302187674208}. Best is trial 129 with value: 0.0913119912147522.
LOCAL_RANK: 0 - CUDA_VISIBLE_DEVICES: [0]
[I 2023-11-30 09:03:19,106] Trial 146 finished with value: 0.1276947259902954 and parameters: {'gradient_clip_val': 0.28435480309490213, 'hidden_size': 48, 'dropout': 0.35382925813220995, 'hidden_continuous_size': 44, 'attention_head_size': 2, 'learning_rate': 0.09098348953759236}. Best is trial 129 with value: 0.0913119912147522.
LOCAL_RANK: 0 - CUDA_VISIBLE_DEVICES: [0]
[I 2023-11-30 09:03:32,228] Trial 147 finished with value: 0.1626683473587036 and parameters: {'gradient_clip_val': 0.24246662807102176, 'hidden_size': 53, 'dropout': 0.29203244469894024, 'hidden_continuous_size': 12, 'attention_head_size': 3, 'learning_rate': 0.0783407777258674}. Best is trial 129 with value: 0.0913119912147522.
LOCAL_RANK: 0 - CUDA_VISIBLE_DEVICES: [0]
[I 2023-11-30 09:03:45,388] Trial 148 finished with value: 0.09782961010932922 and parameters: {'gradient_clip_val': 0.738096504875096, 'hidden_size': 60, 'dropout': 0.37890777692409283, 'hidden_continuous_size': 15, 'attention_head_size': 2, 'learning_rate': 0.07316303344990292}. Best is trial 129 with value: 0.0913119912147522.
LOCAL_RANK: 0 - CUDA_VISIBLE_DEVICES: [0]
[I 2023-11-30 09:03:58,727] Trial 149 finished with value: 0.19238407909870148 and parameters: {'gradient_clip_val': 0.5562214126777024, 'hidden_size': 65, 'dropout': 0.3684461938558394, 'hidden_continuous_size': 16, 'attention_head_size': 2, 'learning_rate': 0.05500178000137563}. Best is trial 129 with value: 0.0913119912147522.
[I 2023-11-30 09:03:58,839] A new study created in memory with name: no-name-4c0adc7d-b978-47f9-93c1-5c6cc385a965
/home/le004/conda/anaconda3/envs/tsff_env/lib/python3.9/site-packages/lightning/fabric/plugins/environments/slurm.py:191: The `srun` command is available on your system but is not used. HINT: If your intention is to run Lightning on SLURM, prepend your python command with `srun` like so: srun python /home/le004/master_thesis/git/TSFusionForecast/code/ ...
LOCAL_RANK: 0 - CUDA_VISIBLE_DEVICES: [0]
[I 2023-11-30 09:04:12,604] Trial 0 finished with value: 2.2780399322509766 and parameters: {'gradient_clip_val': 0.1563231854813868, 'hidden_size': 67, 'dropout': 0.30680637946815514, 'hidden_continuous_size': 31, 'attention_head_size': 2, 'learning_rate': 0.0010666657255216359}. Best is trial 0 with value: 2.2780399322509766.
LOCAL_RANK: 0 - CUDA_VISIBLE_DEVICES: [0]
[I 2023-11-30 09:04:26,904] Trial 1 finished with value: 0.8012174963951111 and parameters: {'gradient_clip_val': 0.1310801634553121, 'hidden_size': 131, 'dropout': 0.383404101711572, 'hidden_continuous_size': 21, 'attention_head_size': 3, 'learning_rate': 0.0017762948666989397}. Best is trial 1 with value: 0.8012174963951111.
LOCAL_RANK: 0 - CUDA_VISIBLE_DEVICES: [0]
[I 2023-11-30 09:04:39,159] Trial 2 finished with value: 0.6707234978675842 and parameters: {'gradient_clip_val': 0.34427772308918847, 'hidden_size': 11, 'dropout': 0.2601512632956541, 'hidden_continuous_size': 10, 'attention_head_size': 1, 'learning_rate': 0.023406370850294955}. Best is trial 2 with value: 0.6707234978675842.
LOCAL_RANK: 0 - CUDA_VISIBLE_DEVICES: [0]
[I 2023-11-30 09:04:53,073] Trial 3 finished with value: 0.11251433938741684 and parameters: {'gradient_clip_val': 0.4988621378899446, 'hidden_size': 70, 'dropout': 0.2039364673850926, 'hidden_continuous_size': 30, 'attention_head_size': 4, 'learning_rate': 0.0676246955073802}. Best is trial 3 with value: 0.11251433938741684.
LOCAL_RANK: 0 - CUDA_VISIBLE_DEVICES: [0]
[I 2023-11-30 09:05:06,935] Trial 4 finished with value: 0.10634157061576843 and parameters: {'gradient_clip_val': 0.1093901765832066, 'hidden_size': 66, 'dropout': 0.32839619394525843, 'hidden_continuous_size': 31, 'attention_head_size': 3, 'learning_rate': 0.03235832249507919}. Best is trial 4 with value: 0.10634157061576843.
LOCAL_RANK: 0 - CUDA_VISIBLE_DEVICES: [0]
[I 2023-11-30 09:05:20,386] Trial 5 finished with value: 1.3345249891281128 and parameters: {'gradient_clip_val': 0.3661910200465041, 'hidden_size': 52, 'dropout': 0.15047762300593517, 'hidden_continuous_size': 42, 'attention_head_size': 1, 'learning_rate': 0.0011702883735255792}. Best is trial 4 with value: 0.10634157061576843.
LOCAL_RANK: 0 - CUDA_VISIBLE_DEVICES: [0]
[I 2023-11-30 09:05:34,407] Trial 6 finished with value: 0.12581194937229156 and parameters: {'gradient_clip_val': 0.46938175052382325, 'hidden_size': 108, 'dropout': 0.3816569873342729, 'hidden_continuous_size': 43, 'attention_head_size': 1, 'learning_rate': 0.01250323995597858}. Best is trial 4 with value: 0.10634157061576843.
LOCAL_RANK: 0 - CUDA_VISIBLE_DEVICES: [0]
[I 2023-11-30 09:05:47,314] Trial 7 finished with value: 0.6254214644432068 and parameters: {'gradient_clip_val': 0.129720177451881, 'hidden_size': 53, 'dropout': 0.27334347034541945, 'hidden_continuous_size': 10, 'attention_head_size': 1, 'learning_rate': 0.005232979434371122}. Best is trial 4 with value: 0.10634157061576843.
LOCAL_RANK: 0 - CUDA_VISIBLE_DEVICES: [0]
[I 2023-11-30 09:05:59,909] Trial 8 finished with value: 2.172586679458618 and parameters: {'gradient_clip_val': 0.8941508278593567, 'hidden_size': 22, 'dropout': 0.3009392795278877, 'hidden_continuous_size': 18, 'attention_head_size': 4, 'learning_rate': 0.001834326996037774}. Best is trial 4 with value: 0.10634157061576843.
LOCAL_RANK: 0 - CUDA_VISIBLE_DEVICES: [0]
[I 2023-11-30 09:06:14,186] Trial 9 finished with value: 0.38873186707496643 and parameters: {'gradient_clip_val': 0.8366033784473494, 'hidden_size': 85, 'dropout': 0.32909980294288843, 'hidden_continuous_size': 69, 'attention_head_size': 1, 'learning_rate': 0.0027047109040641685}. Best is trial 4 with value: 0.10634157061576843.
LOCAL_RANK: 0 - CUDA_VISIBLE_DEVICES: [0]
[I 2023-11-30 09:06:27,015] Trial 10 finished with value: 0.07876846194267273 and parameters: {'gradient_clip_val': 0.20198909909067803, 'hidden_size': 34, 'dropout': 0.1014655016813692, 'hidden_continuous_size': 16, 'attention_head_size': 3, 'learning_rate': 0.09705721969787495}. Best is trial 10 with value: 0.07876846194267273.
LOCAL_RANK: 0 - CUDA_VISIBLE_DEVICES: [0]
[I 2023-11-30 09:06:39,833] Trial 11 finished with value: 0.16679126024246216 and parameters: {'gradient_clip_val': 0.10408289796592618, 'hidden_size': 30, 'dropout': 0.10231795269992461, 'hidden_continuous_size': 13, 'attention_head_size': 3, 'learning_rate': 0.07049189738146831}. Best is trial 10 with value: 0.07876846194267273.
LOCAL_RANK: 0 - CUDA_VISIBLE_DEVICES: [0]
[I 2023-11-30 09:06:52,746] Trial 12 finished with value: 0.07228976488113403 and parameters: {'gradient_clip_val': 0.18793200606646515, 'hidden_size': 37, 'dropout': 0.2044738599857335, 'hidden_continuous_size': 16, 'attention_head_size': 3, 'learning_rate': 0.09821402522647925}. Best is trial 12 with value: 0.07228976488113403.
LOCAL_RANK: 0 - CUDA_VISIBLE_DEVICES: [0]
[I 2023-11-30 09:07:05,555] Trial 13 finished with value: 0.10213445872068405 and parameters: {'gradient_clip_val': 0.19889482453396962, 'hidden_size': 35, 'dropout': 0.2005871371925036, 'hidden_continuous_size': 15, 'attention_head_size': 2, 'learning_rate': 0.07729830170237084}. Best is trial 12 with value: 0.07228976488113403.
LOCAL_RANK: 0 - CUDA_VISIBLE_DEVICES: [0]
[I 2023-11-30 09:07:18,018] Trial 14 finished with value: 0.1392148733139038 and parameters: {'gradient_clip_val': 0.2278677212277748, 'hidden_size': 23, 'dropout': 0.11446866457031916, 'hidden_continuous_size': 13, 'attention_head_size': 3, 'learning_rate': 0.09528638626334837}. Best is trial 12 with value: 0.07228976488113403.
LOCAL_RANK: 0 - CUDA_VISIBLE_DEVICES: [0]
[I 2023-11-30 09:07:31,187] Trial 15 finished with value: 0.13490237295627594 and parameters: {'gradient_clip_val': 0.22224140949021487, 'hidden_size': 44, 'dropout': 0.15870951385560608, 'hidden_continuous_size': 18, 'attention_head_size': 4, 'learning_rate': 0.04024276033545275}. Best is trial 12 with value: 0.07228976488113403.
LOCAL_RANK: 0 - CUDA_VISIBLE_DEVICES: [0]
