[I 2023-11-29 20:31:28,333] Trial 115 finished with value: 0.20881931483745575 and parameters: {'gradient_clip_val': 0.12282566524434171, 'hidden_size': 27, 'dropout': 0.2606478496495098, 'hidden_continuous_size': 17, 'attention_head_size': 4, 'learning_rate': 0.06225163720866409}. Best is trial 102 with value: 0.1278345137834549.
LOCAL_RANK: 0 - CUDA_VISIBLE_DEVICES: [0]
[I 2023-11-29 20:31:40,905] Trial 116 finished with value: 0.21723277866840363 and parameters: {'gradient_clip_val': 0.13338727281503654, 'hidden_size': 24, 'dropout': 0.2809311670945757, 'hidden_continuous_size': 19, 'attention_head_size': 4, 'learning_rate': 0.08268270786517964}. Best is trial 102 with value: 0.1278345137834549.
LOCAL_RANK: 0 - CUDA_VISIBLE_DEVICES: [0]
[I 2023-11-29 20:31:53,847] Trial 117 finished with value: 0.15788839757442474 and parameters: {'gradient_clip_val': 0.1189661023232044, 'hidden_size': 31, 'dropout': 0.24949522550035752, 'hidden_continuous_size': 22, 'attention_head_size': 4, 'learning_rate': 0.07110239837566756}. Best is trial 102 with value: 0.1278345137834549.
LOCAL_RANK: 0 - CUDA_VISIBLE_DEVICES: [0]
[I 2023-11-29 20:32:06,936] Trial 118 finished with value: 0.1364038735628128 and parameters: {'gradient_clip_val': 0.11470183226260042, 'hidden_size': 38, 'dropout': 0.24994703318158132, 'hidden_continuous_size': 20, 'attention_head_size': 4, 'learning_rate': 0.07015721389078008}. Best is trial 102 with value: 0.1278345137834549.
LOCAL_RANK: 0 - CUDA_VISIBLE_DEVICES: [0]
[I 2023-11-29 20:32:20,033] Trial 119 finished with value: 0.24850420653820038 and parameters: {'gradient_clip_val': 0.11494931989570645, 'hidden_size': 39, 'dropout': 0.251250650296367, 'hidden_continuous_size': 18, 'attention_head_size': 4, 'learning_rate': 0.05007896954561156}. Best is trial 102 with value: 0.1278345137834549.
LOCAL_RANK: 0 - CUDA_VISIBLE_DEVICES: [0]
[I 2023-11-29 20:32:33,281] Trial 120 finished with value: 0.2033509761095047 and parameters: {'gradient_clip_val': 0.10004755907135161, 'hidden_size': 31, 'dropout': 0.23633276047190066, 'hidden_continuous_size': 23, 'attention_head_size': 4, 'learning_rate': 0.06736423881816685}. Best is trial 102 with value: 0.1278345137834549.
LOCAL_RANK: 0 - CUDA_VISIBLE_DEVICES: [0]
[I 2023-11-29 20:32:46,303] Trial 121 finished with value: 0.13373728096485138 and parameters: {'gradient_clip_val': 0.12201935643344046, 'hidden_size': 37, 'dropout': 0.2569524288595702, 'hidden_continuous_size': 20, 'attention_head_size': 4, 'learning_rate': 0.0700887198208563}. Best is trial 102 with value: 0.1278345137834549.
LOCAL_RANK: 0 - CUDA_VISIBLE_DEVICES: [0]
[I 2023-11-29 20:32:59,371] Trial 122 finished with value: 0.18408870697021484 and parameters: {'gradient_clip_val': 0.12030920836482051, 'hidden_size': 33, 'dropout': 0.2568763607502707, 'hidden_continuous_size': 22, 'attention_head_size': 4, 'learning_rate': 0.0717924357559079}. Best is trial 102 with value: 0.1278345137834549.
LOCAL_RANK: 0 - CUDA_VISIBLE_DEVICES: [0]
[I 2023-11-29 20:33:12,598] Trial 123 finished with value: 0.21509112417697906 and parameters: {'gradient_clip_val': 0.1097934996038613, 'hidden_size': 42, 'dropout': 0.24370097384249173, 'hidden_continuous_size': 21, 'attention_head_size': 4, 'learning_rate': 0.060339139486554325}. Best is trial 102 with value: 0.1278345137834549.
LOCAL_RANK: 0 - CUDA_VISIBLE_DEVICES: [0]
[I 2023-11-29 20:33:25,849] Trial 124 finished with value: 0.20474432408809662 and parameters: {'gradient_clip_val': 0.1136624720598104, 'hidden_size': 47, 'dropout': 0.24908293180369068, 'hidden_continuous_size': 20, 'attention_head_size': 4, 'learning_rate': 0.0770685684504791}. Best is trial 102 with value: 0.1278345137834549.
LOCAL_RANK: 0 - CUDA_VISIBLE_DEVICES: [0]
[I 2023-11-29 20:33:39,091] Trial 125 finished with value: 0.1866646558046341 and parameters: {'gradient_clip_val': 0.12818162535240424, 'hidden_size': 38, 'dropout': 0.2634715767757169, 'hidden_continuous_size': 19, 'attention_head_size': 4, 'learning_rate': 0.05254683655055358}. Best is trial 102 with value: 0.1278345137834549.
LOCAL_RANK: 0 - CUDA_VISIBLE_DEVICES: [0]
[I 2023-11-29 20:33:51,977] Trial 126 finished with value: 0.4602150022983551 and parameters: {'gradient_clip_val': 0.12002106062395004, 'hidden_size': 30, 'dropout': 0.25843784791490226, 'hidden_continuous_size': 22, 'attention_head_size': 4, 'learning_rate': 0.06845121344006667}. Best is trial 102 with value: 0.1278345137834549.
LOCAL_RANK: 0 - CUDA_VISIBLE_DEVICES: [0]
[I 2023-11-29 20:34:04,971] Trial 127 finished with value: 0.3779638707637787 and parameters: {'gradient_clip_val': 0.10450566335740748, 'hidden_size': 34, 'dropout': 0.22936450498726146, 'hidden_continuous_size': 20, 'attention_head_size': 4, 'learning_rate': 0.08236736946024119}. Best is trial 102 with value: 0.1278345137834549.
LOCAL_RANK: 0 - CUDA_VISIBLE_DEVICES: [0]
[I 2023-11-29 20:34:17,811] Trial 128 finished with value: 0.17395131289958954 and parameters: {'gradient_clip_val': 0.11740109884759768, 'hidden_size': 32, 'dropout': 0.2688993077562709, 'hidden_continuous_size': 20, 'attention_head_size': 4, 'learning_rate': 0.09252659009592365}. Best is trial 102 with value: 0.1278345137834549.
LOCAL_RANK: 0 - CUDA_VISIBLE_DEVICES: [0]
[I 2023-11-29 20:34:31,137] Trial 129 finished with value: 0.3114837110042572 and parameters: {'gradient_clip_val': 0.10933813323981487, 'hidden_size': 41, 'dropout': 0.24083837058521143, 'hidden_continuous_size': 21, 'attention_head_size': 4, 'learning_rate': 0.04409349494694732}. Best is trial 102 with value: 0.1278345137834549.
LOCAL_RANK: 0 - CUDA_VISIBLE_DEVICES: [0]
[I 2023-11-29 20:34:44,213] Trial 130 finished with value: 0.2339976280927658 and parameters: {'gradient_clip_val': 0.14460894999292395, 'hidden_size': 37, 'dropout': 0.2480301126307653, 'hidden_continuous_size': 18, 'attention_head_size': 4, 'learning_rate': 0.06305257848239014}. Best is trial 102 with value: 0.1278345137834549.
LOCAL_RANK: 0 - CUDA_VISIBLE_DEVICES: [0]
[I 2023-11-29 20:34:57,334] Trial 131 finished with value: 0.1909606009721756 and parameters: {'gradient_clip_val': 0.1373348575741303, 'hidden_size': 35, 'dropout': 0.27577446622011237, 'hidden_continuous_size': 19, 'attention_head_size': 4, 'learning_rate': 0.07545273653118198}. Best is trial 102 with value: 0.1278345137834549.
LOCAL_RANK: 0 - CUDA_VISIBLE_DEVICES: [0]
[I 2023-11-29 20:35:09,946] Trial 132 finished with value: 0.21588276326656342 and parameters: {'gradient_clip_val': 0.12731848345994792, 'hidden_size': 28, 'dropout': 0.2539304475603447, 'hidden_continuous_size': 17, 'attention_head_size': 4, 'learning_rate': 0.08613897819908933}. Best is trial 102 with value: 0.1278345137834549.
LOCAL_RANK: 0 - CUDA_VISIBLE_DEVICES: [0]
[I 2023-11-29 20:35:23,016] Trial 133 finished with value: 0.18018420040607452 and parameters: {'gradient_clip_val': 0.12135336014669257, 'hidden_size': 44, 'dropout': 0.26534364493684237, 'hidden_continuous_size': 20, 'attention_head_size': 4, 'learning_rate': 0.09115237367749397}. Best is trial 102 with value: 0.1278345137834549.
LOCAL_RANK: 0 - CUDA_VISIBLE_DEVICES: [0]
[I 2023-11-29 20:35:36,094] Trial 134 finished with value: 0.27816230058670044 and parameters: {'gradient_clip_val': 0.13348806898713436, 'hidden_size': 39, 'dropout': 0.23444462527872062, 'hidden_continuous_size': 19, 'attention_head_size': 4, 'learning_rate': 0.07821456114727784}. Best is trial 102 with value: 0.1278345137834549.
LOCAL_RANK: 0 - CUDA_VISIBLE_DEVICES: [0]
[I 2023-11-29 20:35:49,106] Trial 135 finished with value: 0.25569239258766174 and parameters: {'gradient_clip_val': 0.14120425940485803, 'hidden_size': 36, 'dropout': 0.27181676345996936, 'hidden_continuous_size': 18, 'attention_head_size': 4, 'learning_rate': 0.057527278096100934}. Best is trial 102 with value: 0.1278345137834549.
LOCAL_RANK: 0 - CUDA_VISIBLE_DEVICES: [0]
[I 2023-11-29 20:36:01,760] Trial 136 finished with value: 0.18018698692321777 and parameters: {'gradient_clip_val': 0.11280699588120695, 'hidden_size': 30, 'dropout': 0.2179764741530434, 'hidden_continuous_size': 16, 'attention_head_size': 2, 'learning_rate': 0.0707345759208144}. Best is trial 102 with value: 0.1278345137834549.
LOCAL_RANK: 0 - CUDA_VISIBLE_DEVICES: [0]
[I 2023-11-29 20:36:14,775] Trial 137 finished with value: 0.19679956138134003 and parameters: {'gradient_clip_val': 0.13222585878768045, 'hidden_size': 34, 'dropout': 0.2583454457266149, 'hidden_continuous_size': 21, 'attention_head_size': 4, 'learning_rate': 0.09874808014507268}. Best is trial 102 with value: 0.1278345137834549.
LOCAL_RANK: 0 - CUDA_VISIBLE_DEVICES: [0]
[I 2023-11-29 20:36:27,494] Trial 138 finished with value: 0.2793222963809967 and parameters: {'gradient_clip_val': 0.10649902533533359, 'hidden_size': 32, 'dropout': 0.28660833277950803, 'hidden_continuous_size': 17, 'attention_head_size': 4, 'learning_rate': 0.08430258839572692}. Best is trial 102 with value: 0.1278345137834549.
LOCAL_RANK: 0 - CUDA_VISIBLE_DEVICES: [0]
[I 2023-11-29 20:36:40,352] Trial 139 finished with value: 0.6178647875785828 and parameters: {'gradient_clip_val': 0.12344542719958279, 'hidden_size': 26, 'dropout': 0.29890337780366677, 'hidden_continuous_size': 18, 'attention_head_size': 4, 'learning_rate': 0.01971847218894279}. Best is trial 102 with value: 0.1278345137834549.
LOCAL_RANK: 0 - CUDA_VISIBLE_DEVICES: [0]
[I 2023-11-29 20:36:53,682] Trial 140 finished with value: 0.2416182905435562 and parameters: {'gradient_clip_val': 0.15235901446493208, 'hidden_size': 49, 'dropout': 0.23984316554135052, 'hidden_continuous_size': 22, 'attention_head_size': 2, 'learning_rate': 0.06205394076355242}. Best is trial 102 with value: 0.1278345137834549.
LOCAL_RANK: 0 - CUDA_VISIBLE_DEVICES: [0]
[I 2023-11-29 20:37:06,236] Trial 141 finished with value: 0.33591556549072266 and parameters: {'gradient_clip_val': 0.15811443113483525, 'hidden_size': 25, 'dropout': 0.2943801871748024, 'hidden_continuous_size': 13, 'attention_head_size': 3, 'learning_rate': 0.08978011264117812}. Best is trial 102 with value: 0.1278345137834549.
LOCAL_RANK: 0 - CUDA_VISIBLE_DEVICES: [0]
[I 2023-11-29 20:37:18,738] Trial 142 finished with value: 0.2676938474178314 and parameters: {'gradient_clip_val': 0.1924307613202874, 'hidden_size': 28, 'dropout': 0.2660590132425246, 'hidden_continuous_size': 13, 'attention_head_size': 4, 'learning_rate': 0.09952526806060764}. Best is trial 102 with value: 0.1278345137834549.
LOCAL_RANK: 0 - CUDA_VISIBLE_DEVICES: [0]
[I 2023-11-29 20:37:31,550] Trial 143 finished with value: 0.2643481194972992 and parameters: {'gradient_clip_val': 0.16331573902431049, 'hidden_size': 29, 'dropout': 0.2850485752276063, 'hidden_continuous_size': 14, 'attention_head_size': 4, 'learning_rate': 0.07859827754977254}. Best is trial 102 with value: 0.1278345137834549.
LOCAL_RANK: 0 - CUDA_VISIBLE_DEVICES: [0]
[I 2023-11-29 20:37:44,115] Trial 144 finished with value: 0.21260948479175568 and parameters: {'gradient_clip_val': 0.13749446123175524, 'hidden_size': 23, 'dropout': 0.2780970649237743, 'hidden_continuous_size': 10, 'attention_head_size': 2, 'learning_rate': 0.07196965419967336}. Best is trial 102 with value: 0.1278345137834549.
LOCAL_RANK: 0 - CUDA_VISIBLE_DEVICES: [0]
[I 2023-11-29 20:37:56,729] Trial 145 finished with value: 0.2207387238740921 and parameters: {'gradient_clip_val': 0.12871580500599264, 'hidden_size': 27, 'dropout': 0.30299303430358, 'hidden_continuous_size': 15, 'attention_head_size': 4, 'learning_rate': 0.0907838910688622}. Best is trial 102 with value: 0.1278345137834549.
LOCAL_RANK: 0 - CUDA_VISIBLE_DEVICES: [0]
[I 2023-11-29 20:38:09,636] Trial 146 finished with value: 0.330845445394516 and parameters: {'gradient_clip_val': 0.11638132746302901, 'hidden_size': 31, 'dropout': 0.25085972419159475, 'hidden_continuous_size': 19, 'attention_head_size': 3, 'learning_rate': 0.08243219912339725}. Best is trial 102 with value: 0.1278345137834549.
LOCAL_RANK: 0 - CUDA_VISIBLE_DEVICES: [0]
[I 2023-11-29 20:38:22,866] Trial 147 finished with value: 0.31105032563209534 and parameters: {'gradient_clip_val': 0.12208944079813647, 'hidden_size': 41, 'dropout': 0.2735800333652401, 'hidden_continuous_size': 20, 'attention_head_size': 4, 'learning_rate': 0.06865794218282241}. Best is trial 102 with value: 0.1278345137834549.
LOCAL_RANK: 0 - CUDA_VISIBLE_DEVICES: [0]
[I 2023-11-29 20:38:35,769] Trial 148 finished with value: 0.22235135734081268 and parameters: {'gradient_clip_val': 0.14617403574649976, 'hidden_size': 36, 'dropout': 0.2889266677610454, 'hidden_continuous_size': 17, 'attention_head_size': 4, 'learning_rate': 0.09253233246631451}. Best is trial 102 with value: 0.1278345137834549.
LOCAL_RANK: 0 - CUDA_VISIBLE_DEVICES: [0]
[I 2023-11-29 20:38:48,495] Trial 149 finished with value: 0.24574033915996552 and parameters: {'gradient_clip_val': 0.10401312994718384, 'hidden_size': 26, 'dropout': 0.2267689414768448, 'hidden_continuous_size': 18, 'attention_head_size': 1, 'learning_rate': 0.07658684881194174}. Best is trial 102 with value: 0.1278345137834549.
[I 2023-11-29 20:38:48,609] A new study created in memory with name: no-name-85b49a1c-a7e8-4520-8ac2-53818e5a01d6
/home/le004/conda/anaconda3/envs/tsff_env/lib/python3.9/site-packages/lightning/fabric/plugins/environments/slurm.py:191: The `srun` command is available on your system but is not used. HINT: If your intention is to run Lightning on SLURM, prepend your python command with `srun` like so: srun python /home/le004/master_thesis/git/TSFusionForecast/code/ ...
LOCAL_RANK: 0 - CUDA_VISIBLE_DEVICES: [0]
[I 2023-11-29 20:39:02,205] Trial 0 finished with value: 0.28653159737586975 and parameters: {'gradient_clip_val': 0.17520520952811577, 'hidden_size': 58, 'dropout': 0.29343220301297923, 'hidden_continuous_size': 35, 'attention_head_size': 2, 'learning_rate': 0.04474202656254362}. Best is trial 0 with value: 0.28653159737586975.
LOCAL_RANK: 0 - CUDA_VISIBLE_DEVICES: [0]
[I 2023-11-29 20:39:14,473] Trial 1 finished with value: 1.2907828092575073 and parameters: {'gradient_clip_val': 0.3512760071603707, 'hidden_size': 15, 'dropout': 0.13807969938136277, 'hidden_continuous_size': 11, 'attention_head_size': 2, 'learning_rate': 0.006325133812480405}. Best is trial 0 with value: 0.28653159737586975.
LOCAL_RANK: 0 - CUDA_VISIBLE_DEVICES: [0]
[I 2023-11-29 20:39:27,584] Trial 2 finished with value: 0.6764039397239685 and parameters: {'gradient_clip_val': 0.14450802590127268, 'hidden_size': 38, 'dropout': 0.20237229603727902, 'hidden_continuous_size': 35, 'attention_head_size': 4, 'learning_rate': 0.005369274904992191}. Best is trial 0 with value: 0.28653159737586975.
LOCAL_RANK: 0 - CUDA_VISIBLE_DEVICES: [0]
[I 2023-11-29 20:39:40,820] Trial 3 finished with value: 1.9641389846801758 and parameters: {'gradient_clip_val': 0.5261696716232866, 'hidden_size': 47, 'dropout': 0.29531597806947973, 'hidden_continuous_size': 33, 'attention_head_size': 1, 'learning_rate': 0.0010801175234318055}. Best is trial 0 with value: 0.28653159737586975.
LOCAL_RANK: 0 - CUDA_VISIBLE_DEVICES: [0]
[I 2023-11-29 20:39:53,816] Trial 4 finished with value: 0.17209751904010773 and parameters: {'gradient_clip_val': 0.1543460752036332, 'hidden_size': 30, 'dropout': 0.3585598283967517, 'hidden_continuous_size': 26, 'attention_head_size': 3, 'learning_rate': 0.06797687513197255}. Best is trial 4 with value: 0.17209751904010773.
LOCAL_RANK: 0 - CUDA_VISIBLE_DEVICES: [0]
[I 2023-11-29 20:40:06,400] Trial 5 finished with value: 0.4877347946166992 and parameters: {'gradient_clip_val': 0.5072501292861603, 'hidden_size': 27, 'dropout': 0.20547065808294476, 'hidden_continuous_size': 14, 'attention_head_size': 4, 'learning_rate': 0.01538253933895043}. Best is trial 4 with value: 0.17209751904010773.
LOCAL_RANK: 0 - CUDA_VISIBLE_DEVICES: [0]
[I 2023-11-29 20:40:20,332] Trial 6 finished with value: 0.33995020389556885 and parameters: {'gradient_clip_val': 0.4807218433654808, 'hidden_size': 102, 'dropout': 0.18972570323499388, 'hidden_continuous_size': 35, 'attention_head_size': 1, 'learning_rate': 0.00467400991449346}. Best is trial 4 with value: 0.17209751904010773.
LOCAL_RANK: 0 - CUDA_VISIBLE_DEVICES: [0]
[I 2023-11-29 20:40:32,509] Trial 7 finished with value: 3.542742967605591 and parameters: {'gradient_clip_val': 0.13756241091903462, 'hidden_size': 16, 'dropout': 0.1165353315847216, 'hidden_continuous_size': 11, 'attention_head_size': 4, 'learning_rate': 0.0012116585840979913}. Best is trial 4 with value: 0.17209751904010773.
LOCAL_RANK: 0 - CUDA_VISIBLE_DEVICES: [0]
[I 2023-11-29 20:40:44,725] Trial 8 finished with value: 1.2345247268676758 and parameters: {'gradient_clip_val': 0.23936873525142913, 'hidden_size': 11, 'dropout': 0.30847277709591503, 'hidden_continuous_size': 10, 'attention_head_size': 3, 'learning_rate': 0.019618264529370447}. Best is trial 4 with value: 0.17209751904010773.
LOCAL_RANK: 0 - CUDA_VISIBLE_DEVICES: [0]
[I 2023-11-29 20:40:55,694] Trial 9 finished with value: 3.1613235473632812 and parameters: {'gradient_clip_val': 0.42484191537555227, 'hidden_size': 13, 'dropout': 0.2657306935405761, 'hidden_continuous_size': 13, 'attention_head_size': 3, 'learning_rate': 0.0014524072569970898}. Best is trial 4 with value: 0.17209751904010773.
LOCAL_RANK: 0 - CUDA_VISIBLE_DEVICES: [0]
[I 2023-11-29 20:41:08,406] Trial 10 finished with value: 0.21079319715499878 and parameters: {'gradient_clip_val': 0.1018227642316779, 'hidden_size': 25, 'dropout': 0.3869325949769964, 'hidden_continuous_size': 21, 'attention_head_size': 3, 'learning_rate': 0.08656372617170809}. Best is trial 4 with value: 0.17209751904010773.
LOCAL_RANK: 0 - CUDA_VISIBLE_DEVICES: [0]
[I 2023-11-29 20:41:21,062] Trial 11 finished with value: 0.36827173829078674 and parameters: {'gradient_clip_val': 0.10120854142539008, 'hidden_size': 26, 'dropout': 0.39915500636036566, 'hidden_continuous_size': 22, 'attention_head_size': 3, 'learning_rate': 0.09977656557687986}. Best is trial 4 with value: 0.17209751904010773.
LOCAL_RANK: 0 - CUDA_VISIBLE_DEVICES: [0]
[I 2023-11-29 20:41:33,644] Trial 12 finished with value: 0.2374061793088913 and parameters: {'gradient_clip_val': 0.9472660715811283, 'hidden_size': 25, 'dropout': 0.3996103917856132, 'hidden_continuous_size': 21, 'attention_head_size': 3, 'learning_rate': 0.07640202538300672}. Best is trial 4 with value: 0.17209751904010773.
LOCAL_RANK: 0 - CUDA_VISIBLE_DEVICES: [0]
[I 2023-11-29 20:41:46,131] Trial 13 finished with value: 0.271691232919693 and parameters: {'gradient_clip_val': 0.10601917483543513, 'hidden_size': 20, 'dropout': 0.34203362559564754, 'hidden_continuous_size': 19, 'attention_head_size': 2, 'learning_rate': 0.04239413263415061}. Best is trial 4 with value: 0.17209751904010773.
LOCAL_RANK: 0 - CUDA_VISIBLE_DEVICES: [0]
[I 2023-11-29 20:41:59,103] Trial 14 finished with value: 0.21955032646656036 and parameters: {'gradient_clip_val': 0.19996280701540312, 'hidden_size': 32, 'dropout': 0.35841049648017614, 'hidden_continuous_size': 26, 'attention_head_size': 3, 'learning_rate': 0.045217033584869164}. Best is trial 4 with value: 0.17209751904010773.
LOCAL_RANK: 0 - CUDA_VISIBLE_DEVICES: [0]
[I 2023-11-29 20:42:09,791] Trial 15 finished with value: 0.37408319115638733 and parameters: {'gradient_clip_val': 0.13014950976693399, 'hidden_size': 10, 'dropout': 0.35261755623490476, 'hidden_continuous_size': 10, 'attention_head_size': 2, 'learning_rate': 0.09973719180678213}. Best is trial 4 with value: 0.17209751904010773.
LOCAL_RANK: 0 - CUDA_VISIBLE_DEVICES: [0]
[I 2023-11-29 20:42:23,659] Trial 16 finished with value: 0.26270902156829834 and parameters: {'gradient_clip_val': 0.24695724007934672, 'hidden_size': 59, 'dropout': 0.36803490799355226, 'hidden_continuous_size': 47, 'attention_head_size': 4, 'learning_rate': 0.024914055265196508}. Best is trial 4 with value: 0.17209751904010773.
LOCAL_RANK: 0 - CUDA_VISIBLE_DEVICES: [0]
[I 2023-11-29 20:42:35,851] Trial 17 finished with value: 0.13289323449134827 and parameters: {'gradient_clip_val': 0.16547800511479047, 'hidden_size': 20, 'dropout': 0.3250341834009949, 'hidden_continuous_size': 15, 'attention_head_size': 3, 'learning_rate': 0.05678428751911388}. Best is trial 17 with value: 0.13289323449134827.
LOCAL_RANK: 0 - CUDA_VISIBLE_DEVICES: [0]
[I 2023-11-29 20:42:48,300] Trial 18 finished with value: 0.46087446808815 and parameters: {'gradient_clip_val': 0.1689826823349901, 'hidden_size': 17, 'dropout': 0.3267143974124771, 'hidden_continuous_size': 12, 'attention_head_size': 2, 'learning_rate': 0.02766282521519647}. Best is trial 17 with value: 0.13289323449134827.
LOCAL_RANK: 0 - CUDA_VISIBLE_DEVICES: [0]
[I 2023-11-29 20:43:00,922] Trial 19 finished with value: 0.7296045422554016 and parameters: {'gradient_clip_val': 0.22679913733168638, 'hidden_size': 20, 'dropout': 0.32309004717980344, 'hidden_continuous_size': 14, 'attention_head_size': 4, 'learning_rate': 0.011263245330599966}. Best is trial 17 with value: 0.13289323449134827.
LOCAL_RANK: 0 - CUDA_VISIBLE_DEVICES: [0]
[I 2023-11-29 20:43:13,897] Trial 20 finished with value: 0.29071810841560364 and parameters: {'gradient_clip_val': 0.265518549969108, 'hidden_size': 36, 'dropout': 0.2685473666905591, 'hidden_continuous_size': 16, 'attention_head_size': 3, 'learning_rate': 0.055386275066256395}. Best is trial 17 with value: 0.13289323449134827.
LOCAL_RANK: 0 - CUDA_VISIBLE_DEVICES: [0]
[I 2023-11-29 20:43:26,116] Trial 21 finished with value: 0.3254890739917755 and parameters: {'gradient_clip_val': 0.11594486901860876, 'hidden_size': 20, 'dropout': 0.3713833295374017, 'hidden_continuous_size': 16, 'attention_head_size': 3, 'learning_rate': 0.06778718633763148}. Best is trial 17 with value: 0.13289323449134827.
LOCAL_RANK: 0 - CUDA_VISIBLE_DEVICES: [0]
