[I 2023-11-30 09:32:33,793] Trial 132 finished with value: 0.1803024560213089 and parameters: {'gradient_clip_val': 0.1852638238613852, 'hidden_size': 35, 'dropout': 0.13344975617095556, 'hidden_continuous_size': 14, 'attention_head_size': 3, 'learning_rate': 0.0600578388061695}. Best is trial 12 with value: 0.07228976488113403.
LOCAL_RANK: 0 - CUDA_VISIBLE_DEVICES: [0]
[I 2023-11-30 09:32:46,724] Trial 133 finished with value: 0.1492946892976761 and parameters: {'gradient_clip_val': 0.16663366508689753, 'hidden_size': 39, 'dropout': 0.11523401045001015, 'hidden_continuous_size': 15, 'attention_head_size': 3, 'learning_rate': 0.09200731410589626}. Best is trial 12 with value: 0.07228976488113403.
LOCAL_RANK: 0 - CUDA_VISIBLE_DEVICES: [0]
[I 2023-11-30 09:32:59,634] Trial 134 finished with value: 0.11739947646856308 and parameters: {'gradient_clip_val': 0.12556914647386677, 'hidden_size': 31, 'dropout': 0.12462271110926755, 'hidden_continuous_size': 17, 'attention_head_size': 3, 'learning_rate': 0.0742122902933449}. Best is trial 12 with value: 0.07228976488113403.
LOCAL_RANK: 0 - CUDA_VISIBLE_DEVICES: [0]
[I 2023-11-30 09:33:12,482] Trial 135 finished with value: 0.17083561420440674 and parameters: {'gradient_clip_val': 0.1760571067003445, 'hidden_size': 36, 'dropout': 0.11009310566803024, 'hidden_continuous_size': 13, 'attention_head_size': 3, 'learning_rate': 0.03870590323620418}. Best is trial 12 with value: 0.07228976488113403.
LOCAL_RANK: 0 - CUDA_VISIBLE_DEVICES: [0]
[I 2023-11-30 09:33:25,443] Trial 136 finished with value: 0.10909709334373474 and parameters: {'gradient_clip_val': 0.15571446834441668, 'hidden_size': 43, 'dropout': 0.22709248212562771, 'hidden_continuous_size': 12, 'attention_head_size': 3, 'learning_rate': 0.04769256385921139}. Best is trial 12 with value: 0.07228976488113403.
LOCAL_RANK: 0 - CUDA_VISIBLE_DEVICES: [0]
[I 2023-11-30 09:33:37,888] Trial 137 finished with value: 0.11718127876520157 and parameters: {'gradient_clip_val': 0.19182787934219894, 'hidden_size': 32, 'dropout': 0.14888366241203738, 'hidden_continuous_size': 16, 'attention_head_size': 2, 'learning_rate': 0.056659337568623847}. Best is trial 12 with value: 0.07228976488113403.
LOCAL_RANK: 0 - CUDA_VISIBLE_DEVICES: [0]
[I 2023-11-30 09:33:51,083] Trial 138 finished with value: 0.10110408067703247 and parameters: {'gradient_clip_val': 0.20562966804743849, 'hidden_size': 46, 'dropout': 0.14395917666367503, 'hidden_continuous_size': 20, 'attention_head_size': 3, 'learning_rate': 0.06600161514559545}. Best is trial 12 with value: 0.07228976488113403.
LOCAL_RANK: 0 - CUDA_VISIBLE_DEVICES: [0]
[I 2023-11-30 09:34:03,866] Trial 139 finished with value: 0.08186062425374985 and parameters: {'gradient_clip_val': 0.14184493538933188, 'hidden_size': 39, 'dropout': 0.10023687246774228, 'hidden_continuous_size': 14, 'attention_head_size': 3, 'learning_rate': 0.08473037562514191}. Best is trial 12 with value: 0.07228976488113403.
LOCAL_RANK: 0 - CUDA_VISIBLE_DEVICES: [0]
[I 2023-11-30 09:34:17,310] Trial 140 finished with value: 0.18903625011444092 and parameters: {'gradient_clip_val': 0.14044903085310628, 'hidden_size': 51, 'dropout': 0.10131013498353139, 'hidden_continuous_size': 13, 'attention_head_size': 4, 'learning_rate': 0.08650329786265705}. Best is trial 12 with value: 0.07228976488113403.
LOCAL_RANK: 0 - CUDA_VISIBLE_DEVICES: [0]
[I 2023-11-30 09:34:30,227] Trial 141 finished with value: 0.138976588845253 and parameters: {'gradient_clip_val': 0.12034261071730315, 'hidden_size': 38, 'dropout': 0.11818756294458448, 'hidden_continuous_size': 14, 'attention_head_size': 3, 'learning_rate': 0.07365675434175657}. Best is trial 12 with value: 0.07228976488113403.
LOCAL_RANK: 0 - CUDA_VISIBLE_DEVICES: [0]
[I 2023-11-30 09:34:43,216] Trial 142 finished with value: 0.1540966033935547 and parameters: {'gradient_clip_val': 0.10027486494723499, 'hidden_size': 41, 'dropout': 0.10643663120215544, 'hidden_continuous_size': 15, 'attention_head_size': 3, 'learning_rate': 0.07957507047049743}. Best is trial 12 with value: 0.07228976488113403.
LOCAL_RANK: 0 - CUDA_VISIBLE_DEVICES: [0]
[I 2023-11-30 09:34:56,179] Trial 143 finished with value: 0.07114454358816147 and parameters: {'gradient_clip_val': 0.18182246078335002, 'hidden_size': 34, 'dropout': 0.11188223692346584, 'hidden_continuous_size': 14, 'attention_head_size': 3, 'learning_rate': 0.09178620930414949}. Best is trial 143 with value: 0.07114454358816147.
LOCAL_RANK: 0 - CUDA_VISIBLE_DEVICES: [0]
[I 2023-11-30 09:35:08,902] Trial 144 finished with value: 0.1837722212076187 and parameters: {'gradient_clip_val': 0.13308317560286734, 'hidden_size': 30, 'dropout': 0.12413144432590505, 'hidden_continuous_size': 14, 'attention_head_size': 3, 'learning_rate': 0.09928427632143609}. Best is trial 143 with value: 0.07114454358816147.
LOCAL_RANK: 0 - CUDA_VISIBLE_DEVICES: [0]
[I 2023-11-30 09:35:21,881] Trial 145 finished with value: 0.14843155443668365 and parameters: {'gradient_clip_val': 0.18126835601179403, 'hidden_size': 40, 'dropout': 0.13364140230434177, 'hidden_continuous_size': 14, 'attention_head_size': 3, 'learning_rate': 0.09014373601080214}. Best is trial 143 with value: 0.07114454358816147.
LOCAL_RANK: 0 - CUDA_VISIBLE_DEVICES: [0]
[I 2023-11-30 09:35:34,904] Trial 146 finished with value: 0.15036845207214355 and parameters: {'gradient_clip_val': 0.2256074500502628, 'hidden_size': 44, 'dropout': 0.20714487686430588, 'hidden_continuous_size': 13, 'attention_head_size': 2, 'learning_rate': 0.08422616848316267}. Best is trial 143 with value: 0.07114454358816147.
LOCAL_RANK: 0 - CUDA_VISIBLE_DEVICES: [0]
[I 2023-11-30 09:35:48,003] Trial 147 finished with value: 0.29286736249923706 and parameters: {'gradient_clip_val': 0.19699144011983794, 'hidden_size': 47, 'dropout': 0.16635849025454616, 'hidden_continuous_size': 15, 'attention_head_size': 3, 'learning_rate': 0.010487801600362568}. Best is trial 143 with value: 0.07114454358816147.
LOCAL_RANK: 0 - CUDA_VISIBLE_DEVICES: [0]
[I 2023-11-30 09:36:00,939] Trial 148 finished with value: 0.1370183229446411 and parameters: {'gradient_clip_val': 0.16226889331411865, 'hidden_size': 37, 'dropout': 0.1004201272242372, 'hidden_continuous_size': 14, 'attention_head_size': 3, 'learning_rate': 0.09312274218538961}. Best is trial 143 with value: 0.07114454358816147.
LOCAL_RANK: 0 - CUDA_VISIBLE_DEVICES: [0]
[I 2023-11-30 09:36:13,485] Trial 149 finished with value: 0.14302249252796173 and parameters: {'gradient_clip_val': 0.14880978120764843, 'hidden_size': 25, 'dropout': 0.11744961928762108, 'hidden_continuous_size': 11, 'attention_head_size': 3, 'learning_rate': 0.06915241579515599}. Best is trial 143 with value: 0.07114454358816147.
[I 2023-11-30 09:36:13,597] A new study created in memory with name: no-name-ad4e83d0-266b-4fe7-9992-cd68fa71c42e
/home/le004/conda/anaconda3/envs/tsff_env/lib/python3.9/site-packages/lightning/fabric/plugins/environments/slurm.py:191: The `srun` command is available on your system but is not used. HINT: If your intention is to run Lightning on SLURM, prepend your python command with `srun` like so: srun python /home/le004/master_thesis/git/TSFusionForecast/code/ ...
LOCAL_RANK: 0 - CUDA_VISIBLE_DEVICES: [0]
[I 2023-11-30 09:36:26,654] Trial 0 finished with value: 0.15105290710926056 and parameters: {'gradient_clip_val': 0.2771713258204485, 'hidden_size': 35, 'dropout': 0.246808442981607, 'hidden_continuous_size': 19, 'attention_head_size': 2, 'learning_rate': 0.04146582915586373}. Best is trial 0 with value: 0.15105290710926056.
LOCAL_RANK: 0 - CUDA_VISIBLE_DEVICES: [0]
[I 2023-11-30 09:36:39,910] Trial 1 finished with value: 0.11179161816835403 and parameters: {'gradient_clip_val': 0.14094545307614276, 'hidden_size': 76, 'dropout': 0.12653509395007945, 'hidden_continuous_size': 15, 'attention_head_size': 1, 'learning_rate': 0.018972280743873055}. Best is trial 1 with value: 0.11179161816835403.
LOCAL_RANK: 0 - CUDA_VISIBLE_DEVICES: [0]
[I 2023-11-30 09:36:52,054] Trial 2 finished with value: 1.0112651586532593 and parameters: {'gradient_clip_val': 0.24453683671123372, 'hidden_size': 20, 'dropout': 0.15496707878003085, 'hidden_continuous_size': 10, 'attention_head_size': 1, 'learning_rate': 0.005911993160003889}. Best is trial 1 with value: 0.11179161816835403.
LOCAL_RANK: 0 - CUDA_VISIBLE_DEVICES: [0]
[I 2023-11-30 09:37:04,525] Trial 3 finished with value: 1.9851117134094238 and parameters: {'gradient_clip_val': 0.15467017303334335, 'hidden_size': 15, 'dropout': 0.11423731680249283, 'hidden_continuous_size': 14, 'attention_head_size': 1, 'learning_rate': 0.0037282499124181613}. Best is trial 1 with value: 0.11179161816835403.
LOCAL_RANK: 0 - CUDA_VISIBLE_DEVICES: [0]
[I 2023-11-30 09:37:16,493] Trial 4 finished with value: 1.0608241558074951 and parameters: {'gradient_clip_val': 0.7781283829223188, 'hidden_size': 16, 'dropout': 0.11819226146714029, 'hidden_continuous_size': 12, 'attention_head_size': 1, 'learning_rate': 0.016350671312382666}. Best is trial 1 with value: 0.11179161816835403.
LOCAL_RANK: 0 - CUDA_VISIBLE_DEVICES: [0]
[I 2023-11-30 09:37:29,506] Trial 5 finished with value: 0.20783936977386475 and parameters: {'gradient_clip_val': 0.1624271191282556, 'hidden_size': 42, 'dropout': 0.1602635782150751, 'hidden_continuous_size': 16, 'attention_head_size': 2, 'learning_rate': 0.05042777338406436}. Best is trial 1 with value: 0.11179161816835403.
LOCAL_RANK: 0 - CUDA_VISIBLE_DEVICES: [0]
[I 2023-11-30 09:37:43,013] Trial 6 finished with value: 0.10313592106103897 and parameters: {'gradient_clip_val': 0.39401741216619357, 'hidden_size': 77, 'dropout': 0.371796890427582, 'hidden_continuous_size': 27, 'attention_head_size': 1, 'learning_rate': 0.021408675398822078}. Best is trial 6 with value: 0.10313592106103897.
LOCAL_RANK: 0 - CUDA_VISIBLE_DEVICES: [0]
[I 2023-11-30 09:37:55,812] Trial 7 finished with value: 0.4549531936645508 and parameters: {'gradient_clip_val': 0.6936918754835474, 'hidden_size': 35, 'dropout': 0.20226894419641867, 'hidden_continuous_size': 10, 'attention_head_size': 4, 'learning_rate': 0.011686226224736007}. Best is trial 6 with value: 0.10313592106103897.
LOCAL_RANK: 0 - CUDA_VISIBLE_DEVICES: [0]
[I 2023-11-30 09:38:10,155] Trial 8 finished with value: 0.21839098632335663 and parameters: {'gradient_clip_val': 0.1298317574428215, 'hidden_size': 136, 'dropout': 0.22239205724011052, 'hidden_continuous_size': 55, 'attention_head_size': 1, 'learning_rate': 0.021239823881721118}. Best is trial 6 with value: 0.10313592106103897.
LOCAL_RANK: 0 - CUDA_VISIBLE_DEVICES: [0]
[I 2023-11-30 09:38:22,559] Trial 9 finished with value: 0.5520216822624207 and parameters: {'gradient_clip_val': 0.1707311340971856, 'hidden_size': 32, 'dropout': 0.33526282524736767, 'hidden_continuous_size': 17, 'attention_head_size': 1, 'learning_rate': 0.005766131122824591}. Best is trial 6 with value: 0.10313592106103897.
LOCAL_RANK: 0 - CUDA_VISIBLE_DEVICES: [0]
[I 2023-11-30 09:38:37,939] Trial 10 finished with value: 0.5535321235656738 and parameters: {'gradient_clip_val': 0.4652982406047834, 'hidden_size': 146, 'dropout': 0.39659984875133725, 'hidden_continuous_size': 126, 'attention_head_size': 4, 'learning_rate': 0.001121453781757127}. Best is trial 6 with value: 0.10313592106103897.
LOCAL_RANK: 0 - CUDA_VISIBLE_DEVICES: [0]
[I 2023-11-30 09:38:51,782] Trial 11 finished with value: 0.1182931438088417 and parameters: {'gradient_clip_val': 0.3594757225502379, 'hidden_size': 78, 'dropout': 0.2950763045979274, 'hidden_continuous_size': 26, 'attention_head_size': 3, 'learning_rate': 0.09247665893357741}. Best is trial 6 with value: 0.10313592106103897.
LOCAL_RANK: 0 - CUDA_VISIBLE_DEVICES: [0]
[I 2023-11-30 09:39:05,383] Trial 12 finished with value: 0.13327018916606903 and parameters: {'gradient_clip_val': 0.10336455143884712, 'hidden_size': 70, 'dropout': 0.28703792688267277, 'hidden_continuous_size': 23, 'attention_head_size': 2, 'learning_rate': 0.025544128128359444}. Best is trial 6 with value: 0.10313592106103897.
LOCAL_RANK: 0 - CUDA_VISIBLE_DEVICES: [0]
[I 2023-11-30 09:39:19,014] Trial 13 finished with value: 0.11114595085382462 and parameters: {'gradient_clip_val': 0.22302899709988383, 'hidden_size': 78, 'dropout': 0.39915128713373094, 'hidden_continuous_size': 32, 'attention_head_size': 2, 'learning_rate': 0.031195627185591015}. Best is trial 6 with value: 0.10313592106103897.
LOCAL_RANK: 0 - CUDA_VISIBLE_DEVICES: [0]
[I 2023-11-30 09:39:33,097] Trial 14 finished with value: 0.12711988389492035 and parameters: {'gradient_clip_val': 0.5046266620703845, 'hidden_size': 101, 'dropout': 0.3959998198245331, 'hidden_continuous_size': 36, 'attention_head_size': 3, 'learning_rate': 0.044677044327015546}. Best is trial 6 with value: 0.10313592106103897.
LOCAL_RANK: 0 - CUDA_VISIBLE_DEVICES: [0]
[I 2023-11-30 09:39:46,719] Trial 15 finished with value: 0.14851166307926178 and parameters: {'gradient_clip_val': 0.21861189404773004, 'hidden_size': 55, 'dropout': 0.3612735934491883, 'hidden_continuous_size': 28, 'attention_head_size': 2, 'learning_rate': 0.09000891303147195}. Best is trial 6 with value: 0.10313592106103897.
LOCAL_RANK: 0 - CUDA_VISIBLE_DEVICES: [0]
[I 2023-11-30 09:40:01,003] Trial 16 finished with value: 0.14754360914230347 and parameters: {'gradient_clip_val': 0.3363837949543692, 'hidden_size': 107, 'dropout': 0.33842079261075464, 'hidden_continuous_size': 37, 'attention_head_size': 3, 'learning_rate': 0.032022568924258026}. Best is trial 6 with value: 0.10313592106103897.
LOCAL_RANK: 0 - CUDA_VISIBLE_DEVICES: [0]
[I 2023-11-30 09:40:14,131] Trial 17 finished with value: 0.3542177379131317 and parameters: {'gradient_clip_val': 0.20315135528659262, 'hidden_size': 53, 'dropout': 0.3662554730724373, 'hidden_continuous_size': 19, 'attention_head_size': 2, 'learning_rate': 0.011469076221135268}. Best is trial 6 with value: 0.10313592106103897.
LOCAL_RANK: 0 - CUDA_VISIBLE_DEVICES: [0]
[I 2023-11-30 09:40:25,150] Trial 18 finished with value: 0.3584418296813965 and parameters: {'gradient_clip_val': 0.29419965684932753, 'hidden_size': 10, 'dropout': 0.397373080948612, 'hidden_continuous_size': 10, 'attention_head_size': 2, 'learning_rate': 0.06017045476183621}. Best is trial 6 with value: 0.10313592106103897.
LOCAL_RANK: 0 - CUDA_VISIBLE_DEVICES: [0]
[I 2023-11-30 09:40:39,390] Trial 19 finished with value: 0.11213988065719604 and parameters: {'gradient_clip_val': 0.987212758294496, 'hidden_size': 104, 'dropout': 0.30434951979413893, 'hidden_continuous_size': 35, 'attention_head_size': 3, 'learning_rate': 0.02824781376055147}. Best is trial 6 with value: 0.10313592106103897.
LOCAL_RANK: 0 - CUDA_VISIBLE_DEVICES: [0]
[I 2023-11-30 09:40:52,958] Trial 20 finished with value: 0.1929038017988205 and parameters: {'gradient_clip_val': 0.3785338005306812, 'hidden_size': 62, 'dropout': 0.32404914839109955, 'hidden_continuous_size': 23, 'attention_head_size': 1, 'learning_rate': 0.015644614799789753}. Best is trial 6 with value: 0.10313592106103897.
LOCAL_RANK: 0 - CUDA_VISIBLE_DEVICES: [0]
[I 2023-11-30 09:41:06,458] Trial 21 finished with value: 0.15295284986495972 and parameters: {'gradient_clip_val': 0.21204072206963354, 'hidden_size': 81, 'dropout': 0.27443651469704355, 'hidden_continuous_size': 15, 'attention_head_size': 1, 'learning_rate': 0.019078227768421954}. Best is trial 6 with value: 0.10313592106103897.
LOCAL_RANK: 0 - CUDA_VISIBLE_DEVICES: [0]
[I 2023-11-30 09:41:19,366] Trial 22 finished with value: 0.17929239571094513 and parameters: {'gradient_clip_val': 0.25965066310665097, 'hidden_size': 48, 'dropout': 0.2631144069144121, 'hidden_continuous_size': 12, 'attention_head_size': 1, 'learning_rate': 0.023504889197690983}. Best is trial 6 with value: 0.10313592106103897.
LOCAL_RANK: 0 - CUDA_VISIBLE_DEVICES: [0]
[I 2023-11-30 09:41:33,072] Trial 23 finished with value: 0.18821793794631958 and parameters: {'gradient_clip_val': 0.11789446938875606, 'hidden_size': 80, 'dropout': 0.3579820065130972, 'hidden_continuous_size': 20, 'attention_head_size': 2, 'learning_rate': 0.03418743425709974}. Best is trial 6 with value: 0.10313592106103897.
LOCAL_RANK: 0 - CUDA_VISIBLE_DEVICES: [0]
[I 2023-11-30 09:41:46,684] Trial 24 finished with value: 0.16925148665905 and parameters: {'gradient_clip_val': 0.13227005390820776, 'hidden_size': 70, 'dropout': 0.24615482793042148, 'hidden_continuous_size': 27, 'attention_head_size': 1, 'learning_rate': 0.0633953117579087}. Best is trial 6 with value: 0.10313592106103897.
LOCAL_RANK: 0 - CUDA_VISIBLE_DEVICES: [0]
[I 2023-11-30 09:42:00,274] Trial 25 finished with value: 0.13770468533039093 and parameters: {'gradient_clip_val': 0.18360785818233913, 'hidden_size': 60, 'dropout': 0.3046161595517806, 'hidden_continuous_size': 31, 'attention_head_size': 2, 'learning_rate': 0.029834324457193317}. Best is trial 6 with value: 0.10313592106103897.
LOCAL_RANK: 0 - CUDA_VISIBLE_DEVICES: [0]
[I 2023-11-30 09:42:13,994] Trial 26 finished with value: 0.1744927167892456 and parameters: {'gradient_clip_val': 0.2489847949133409, 'hidden_size': 89, 'dropout': 0.37749221503421704, 'hidden_continuous_size': 23, 'attention_head_size': 1, 'learning_rate': 0.01559475869227893}. Best is trial 6 with value: 0.10313592106103897.
LOCAL_RANK: 0 - CUDA_VISIBLE_DEVICES: [0]
[I 2023-11-30 09:42:28,066] Trial 27 finished with value: 0.20274829864501953 and parameters: {'gradient_clip_val': 0.19570773990307602, 'hidden_size': 111, 'dropout': 0.37501749423758607, 'hidden_continuous_size': 48, 'attention_head_size': 1, 'learning_rate': 0.037426152422851224}. Best is trial 6 with value: 0.10313592106103897.
LOCAL_RANK: 0 - CUDA_VISIBLE_DEVICES: [0]
[I 2023-11-30 09:42:42,265] Trial 28 finished with value: 0.14746999740600586 and parameters: {'gradient_clip_val': 0.145445621546038, 'hidden_size': 124, 'dropout': 0.3311353719094723, 'hidden_continuous_size': 47, 'attention_head_size': 2, 'learning_rate': 0.022142404431849148}. Best is trial 6 with value: 0.10313592106103897.
LOCAL_RANK: 0 - CUDA_VISIBLE_DEVICES: [0]
[I 2023-11-30 09:42:56,133] Trial 29 finished with value: 0.1578049510717392 and parameters: {'gradient_clip_val': 0.2851122625067573, 'hidden_size': 91, 'dropout': 0.34550868531087675, 'hidden_continuous_size': 20, 'attention_head_size': 2, 'learning_rate': 0.03994772328701644}. Best is trial 6 with value: 0.10313592106103897.
LOCAL_RANK: 0 - CUDA_VISIBLE_DEVICES: [0]
[I 2023-11-30 09:43:10,382] Trial 30 finished with value: 0.22973279654979706 and parameters: {'gradient_clip_val': 0.17348989214647212, 'hidden_size': 125, 'dropout': 0.3221041641793635, 'hidden_continuous_size': 18, 'attention_head_size': 3, 'learning_rate': 0.012302664776843974}. Best is trial 6 with value: 0.10313592106103897.
LOCAL_RANK: 0 - CUDA_VISIBLE_DEVICES: [0]
[I 2023-11-30 09:43:24,471] Trial 31 finished with value: 0.1533147543668747 and parameters: {'gradient_clip_val': 0.9590953895452762, 'hidden_size': 100, 'dropout': 0.3073034174079649, 'hidden_continuous_size': 35, 'attention_head_size': 3, 'learning_rate': 0.02557022967621105}. Best is trial 6 with value: 0.10313592106103897.
LOCAL_RANK: 0 - CUDA_VISIBLE_DEVICES: [0]
[I 2023-11-30 09:43:38,269] Trial 32 finished with value: 0.18835800886154175 and parameters: {'gradient_clip_val': 0.2317588698466821, 'hidden_size': 69, 'dropout': 0.3727723782951712, 'hidden_continuous_size': 31, 'attention_head_size': 4, 'learning_rate': 0.02969728149354399}. Best is trial 6 with value: 0.10313592106103897.
LOCAL_RANK: 0 - CUDA_VISIBLE_DEVICES: [0]
[I 2023-11-30 09:43:51,915] Trial 33 finished with value: 0.10405070334672928 and parameters: {'gradient_clip_val': 0.4235392401345859, 'hidden_size': 90, 'dropout': 0.34561416631749114, 'hidden_continuous_size': 14, 'attention_head_size': 3, 'learning_rate': 0.017872996764038147}. Best is trial 6 with value: 0.10313592106103897.
LOCAL_RANK: 0 - CUDA_VISIBLE_DEVICES: [0]
[I 2023-11-30 09:44:05,528] Trial 34 finished with value: 0.12734588980674744 and parameters: {'gradient_clip_val': 0.30860707684057787, 'hidden_size': 87, 'dropout': 0.3475793638849717, 'hidden_continuous_size': 14, 'attention_head_size': 3, 'learning_rate': 0.017735154578338908}. Best is trial 6 with value: 0.10313592106103897.
LOCAL_RANK: 0 - CUDA_VISIBLE_DEVICES: [0]
[I 2023-11-30 09:44:18,666] Trial 35 finished with value: 0.15461550652980804 and parameters: {'gradient_clip_val': 0.4242206449572351, 'hidden_size': 72, 'dropout': 0.10003872053194296, 'hidden_continuous_size': 13, 'attention_head_size': 1, 'learning_rate': 0.007686337971823113}. Best is trial 6 with value: 0.10313592106103897.
LOCAL_RANK: 0 - CUDA_VISIBLE_DEVICES: [0]
[I 2023-11-30 09:44:31,857] Trial 36 finished with value: 0.13238078355789185 and parameters: {'gradient_clip_val': 0.26374815381374866, 'hidden_size': 46, 'dropout': 0.1436045334750909, 'hidden_continuous_size': 17, 'attention_head_size': 1, 'learning_rate': 0.015064829882490385}. Best is trial 6 with value: 0.10313592106103897.
LOCAL_RANK: 0 - CUDA_VISIBLE_DEVICES: [0]
[I 2023-11-30 09:44:46,207] Trial 37 finished with value: 0.2100267857313156 and parameters: {'gradient_clip_val': 0.5488960049590359, 'hidden_size': 150, 'dropout': 0.1848157146135409, 'hidden_continuous_size': 12, 'attention_head_size': 2, 'learning_rate': 0.008813446440758934}. Best is trial 6 with value: 0.10313592106103897.
LOCAL_RANK: 0 - CUDA_VISIBLE_DEVICES: [0]
[I 2023-11-30 09:44:59,286] Trial 38 finished with value: 0.3666117191314697 and parameters: {'gradient_clip_val': 0.403317075418648, 'hidden_size': 37, 'dropout': 0.38630093994405956, 'hidden_continuous_size': 14, 'attention_head_size': 4, 'learning_rate': 0.019994533107255474}. Best is trial 6 with value: 0.10313592106103897.
LOCAL_RANK: 0 - CUDA_VISIBLE_DEVICES: [0]
