[I 2023-11-30 05:11:39,238] Trial 24 finished with value: 0.2781071960926056 and parameters: {'gradient_clip_val': 0.9917040468623881, 'hidden_size': 137, 'dropout': 0.12737575776224677, 'hidden_continuous_size': 30, 'attention_head_size': 4, 'learning_rate': 0.00781841526231214}. Best is trial 22 with value: 0.09141140431165695.
LOCAL_RANK: 0 - CUDA_VISIBLE_DEVICES: [0]
[I 2023-11-30 05:11:53,774] Trial 25 finished with value: 0.18529029190540314 and parameters: {'gradient_clip_val': 0.7134810604336423, 'hidden_size': 115, 'dropout': 0.12832942240430062, 'hidden_continuous_size': 40, 'attention_head_size': 4, 'learning_rate': 0.01907575596986921}. Best is trial 22 with value: 0.09141140431165695.
LOCAL_RANK: 0 - CUDA_VISIBLE_DEVICES: [0]
[I 2023-11-30 05:12:07,864] Trial 26 finished with value: 0.1691221445798874 and parameters: {'gradient_clip_val': 0.8586665367220908, 'hidden_size': 102, 'dropout': 0.10636886649471256, 'hidden_continuous_size': 20, 'attention_head_size': 4, 'learning_rate': 0.00983121338604654}. Best is trial 22 with value: 0.09141140431165695.
LOCAL_RANK: 0 - CUDA_VISIBLE_DEVICES: [0]
[I 2023-11-30 05:12:22,257] Trial 27 finished with value: 0.2999565601348877 and parameters: {'gradient_clip_val': 0.7073654828962856, 'hidden_size': 144, 'dropout': 0.1631004765468344, 'hidden_continuous_size': 23, 'attention_head_size': 4, 'learning_rate': 0.022402501342242868}. Best is trial 22 with value: 0.09141140431165695.
LOCAL_RANK: 0 - CUDA_VISIBLE_DEVICES: [0]
[I 2023-11-30 05:12:36,162] Trial 28 finished with value: 0.3568727672100067 and parameters: {'gradient_clip_val': 0.8371759617092966, 'hidden_size': 92, 'dropout': 0.12673639653363256, 'hidden_continuous_size': 26, 'attention_head_size': 4, 'learning_rate': 0.011487331510775255}. Best is trial 22 with value: 0.09141140431165695.
LOCAL_RANK: 0 - CUDA_VISIBLE_DEVICES: [0]
[I 2023-11-30 05:12:50,601] Trial 29 finished with value: 0.417822927236557 and parameters: {'gradient_clip_val': 0.9973310024425858, 'hidden_size': 116, 'dropout': 0.14008499308981978, 'hidden_continuous_size': 28, 'attention_head_size': 4, 'learning_rate': 0.019301338136198137}. Best is trial 22 with value: 0.09141140431165695.
LOCAL_RANK: 0 - CUDA_VISIBLE_DEVICES: [0]
[I 2023-11-30 05:13:04,360] Trial 30 finished with value: 0.1849656105041504 and parameters: {'gradient_clip_val': 0.6465243713439077, 'hidden_size': 73, 'dropout': 0.11031609891033918, 'hidden_continuous_size': 19, 'attention_head_size': 4, 'learning_rate': 0.01661616724020541}. Best is trial 22 with value: 0.09141140431165695.
LOCAL_RANK: 0 - CUDA_VISIBLE_DEVICES: [0]
[I 2023-11-30 05:13:18,323] Trial 31 finished with value: 0.22219519317150116 and parameters: {'gradient_clip_val': 0.8120352687804491, 'hidden_size': 100, 'dropout': 0.10518533643496815, 'hidden_continuous_size': 21, 'attention_head_size': 4, 'learning_rate': 0.007723502993383459}. Best is trial 22 with value: 0.09141140431165695.
LOCAL_RANK: 0 - CUDA_VISIBLE_DEVICES: [0]
[I 2023-11-30 05:13:32,571] Trial 32 finished with value: 0.2506004571914673 and parameters: {'gradient_clip_val': 0.8272770450210536, 'hidden_size': 117, 'dropout': 0.10032579405371186, 'hidden_continuous_size': 25, 'attention_head_size': 4, 'learning_rate': 0.010749228293167606}. Best is trial 22 with value: 0.09141140431165695.
LOCAL_RANK: 0 - CUDA_VISIBLE_DEVICES: [0]
[I 2023-11-30 05:13:46,495] Trial 33 finished with value: 0.1529262810945511 and parameters: {'gradient_clip_val': 0.4087156546871151, 'hidden_size': 86, 'dropout': 0.12325342432999836, 'hidden_continuous_size': 19, 'attention_head_size': 4, 'learning_rate': 0.012843842236188133}. Best is trial 22 with value: 0.09141140431165695.
LOCAL_RANK: 0 - CUDA_VISIBLE_DEVICES: [0]
[I 2023-11-30 05:14:00,572] Trial 34 finished with value: 0.3762626349925995 and parameters: {'gradient_clip_val': 0.4087262525897174, 'hidden_size': 85, 'dropout': 0.16603681724700364, 'hidden_continuous_size': 19, 'attention_head_size': 4, 'learning_rate': 0.025277790560030898}. Best is trial 22 with value: 0.09141140431165695.
LOCAL_RANK: 0 - CUDA_VISIBLE_DEVICES: [0]
[I 2023-11-30 05:14:14,137] Trial 35 finished with value: 0.23222404718399048 and parameters: {'gradient_clip_val': 0.6686353309057672, 'hidden_size': 66, 'dropout': 0.15194203253048658, 'hidden_continuous_size': 19, 'attention_head_size': 3, 'learning_rate': 0.014291246391071238}. Best is trial 22 with value: 0.09141140431165695.
LOCAL_RANK: 0 - CUDA_VISIBLE_DEVICES: [0]
[I 2023-11-30 05:14:27,961] Trial 36 finished with value: 0.2712022364139557 and parameters: {'gradient_clip_val': 0.5503154176783944, 'hidden_size': 77, 'dropout': 0.12181576013588741, 'hidden_continuous_size': 24, 'attention_head_size': 4, 'learning_rate': 0.017254701831590103}. Best is trial 22 with value: 0.09141140431165695.
LOCAL_RANK: 0 - CUDA_VISIBLE_DEVICES: [0]
[I 2023-11-30 05:14:42,564] Trial 37 finished with value: 0.6687533259391785 and parameters: {'gradient_clip_val': 0.6281303529528417, 'hidden_size': 150, 'dropout': 0.13840802935187002, 'hidden_continuous_size': 14, 'attention_head_size': 4, 'learning_rate': 0.024228090319731506}. Best is trial 22 with value: 0.09141140431165695.
LOCAL_RANK: 0 - CUDA_VISIBLE_DEVICES: [0]
[I 2023-11-30 05:14:56,375] Trial 38 finished with value: 0.21836109459400177 and parameters: {'gradient_clip_val': 0.41565400993645996, 'hidden_size': 62, 'dropout': 0.17967870491848614, 'hidden_continuous_size': 25, 'attention_head_size': 4, 'learning_rate': 0.01311274223501029}. Best is trial 22 with value: 0.09141140431165695.
LOCAL_RANK: 0 - CUDA_VISIBLE_DEVICES: [0]
[I 2023-11-30 05:15:11,059] Trial 39 finished with value: 0.7163847088813782 and parameters: {'gradient_clip_val': 0.29569478689219386, 'hidden_size': 129, 'dropout': 0.1614513573994593, 'hidden_continuous_size': 32, 'attention_head_size': 4, 'learning_rate': 0.0010335035839446438}. Best is trial 22 with value: 0.09141140431165695.
LOCAL_RANK: 0 - CUDA_VISIBLE_DEVICES: [0]
[I 2023-11-30 05:15:24,968] Trial 40 finished with value: 0.23494172096252441 and parameters: {'gradient_clip_val': 0.6431190657134637, 'hidden_size': 107, 'dropout': 0.11793803695964365, 'hidden_continuous_size': 14, 'attention_head_size': 3, 'learning_rate': 0.014771402363392479}. Best is trial 22 with value: 0.09141140431165695.
LOCAL_RANK: 0 - CUDA_VISIBLE_DEVICES: [0]
[I 2023-11-30 05:15:38,945] Trial 41 finished with value: 0.27273210883140564 and parameters: {'gradient_clip_val': 0.8582505431900398, 'hidden_size': 98, 'dropout': 0.11254460457701242, 'hidden_continuous_size': 20, 'attention_head_size': 4, 'learning_rate': 0.00954105751269489}. Best is trial 22 with value: 0.09141140431165695.
LOCAL_RANK: 0 - CUDA_VISIBLE_DEVICES: [0]
[I 2023-11-30 05:15:52,933] Trial 42 finished with value: 0.18792442977428436 and parameters: {'gradient_clip_val': 0.8885663540901029, 'hidden_size': 87, 'dropout': 0.10154050385769697, 'hidden_continuous_size': 18, 'attention_head_size': 4, 'learning_rate': 0.009622227693395585}. Best is trial 22 with value: 0.09141140431165695.
LOCAL_RANK: 0 - CUDA_VISIBLE_DEVICES: [0]
[I 2023-11-30 05:16:07,309] Trial 43 finished with value: 0.20001715421676636 and parameters: {'gradient_clip_val': 0.7758997867862032, 'hidden_size': 130, 'dropout': 0.13588841087639664, 'hidden_continuous_size': 15, 'attention_head_size': 4, 'learning_rate': 0.006358931925004285}. Best is trial 22 with value: 0.09141140431165695.
LOCAL_RANK: 0 - CUDA_VISIBLE_DEVICES: [0]
[I 2023-11-30 05:16:21,641] Trial 44 finished with value: 0.34551259875297546 and parameters: {'gradient_clip_val': 0.7478801277660027, 'hidden_size': 105, 'dropout': 0.11725414748741445, 'hidden_continuous_size': 21, 'attention_head_size': 4, 'learning_rate': 0.013514134221098829}. Best is trial 22 with value: 0.09141140431165695.
LOCAL_RANK: 0 - CUDA_VISIBLE_DEVICES: [0]
[I 2023-11-30 05:16:35,491] Trial 45 finished with value: 0.29782894253730774 and parameters: {'gradient_clip_val': 0.5841309075395089, 'hidden_size': 79, 'dropout': 0.15376173061362255, 'hidden_continuous_size': 27, 'attention_head_size': 4, 'learning_rate': 0.01772140259077408}. Best is trial 22 with value: 0.09141140431165695.
LOCAL_RANK: 0 - CUDA_VISIBLE_DEVICES: [0]
[I 2023-11-30 05:16:49,491] Trial 46 finished with value: 0.2537670433521271 and parameters: {'gradient_clip_val': 0.6826569064727895, 'hidden_size': 125, 'dropout': 0.12065260599761722, 'hidden_continuous_size': 17, 'attention_head_size': 1, 'learning_rate': 0.004903525678626647}. Best is trial 22 with value: 0.09141140431165695.
LOCAL_RANK: 0 - CUDA_VISIBLE_DEVICES: [0]
[I 2023-11-30 05:17:03,082] Trial 47 finished with value: 0.30793213844299316 and parameters: {'gradient_clip_val': 0.9077244153182434, 'hidden_size': 68, 'dropout': 0.13760182105825028, 'hidden_continuous_size': 23, 'attention_head_size': 3, 'learning_rate': 0.011830428077672837}. Best is trial 22 with value: 0.09141140431165695.
LOCAL_RANK: 0 - CUDA_VISIBLE_DEVICES: [0]
[I 2023-11-30 05:17:17,133] Trial 48 finished with value: 0.570378839969635 and parameters: {'gradient_clip_val': 0.8838894241243777, 'hidden_size': 102, 'dropout': 0.11610729779776668, 'hidden_continuous_size': 20, 'attention_head_size': 4, 'learning_rate': 0.043086480402782665}. Best is trial 22 with value: 0.09141140431165695.
LOCAL_RANK: 0 - CUDA_VISIBLE_DEVICES: [0]
[I 2023-11-30 05:17:31,178] Trial 49 finished with value: 0.40716612339019775 and parameters: {'gradient_clip_val': 0.5230665152661383, 'hidden_size': 91, 'dropout': 0.18995701265334963, 'hidden_continuous_size': 16, 'attention_head_size': 3, 'learning_rate': 0.029477164086958746}. Best is trial 22 with value: 0.09141140431165695.
LOCAL_RANK: 0 - CUDA_VISIBLE_DEVICES: [0]
[I 2023-11-30 05:17:44,788] Trial 50 finished with value: 0.16264991462230682 and parameters: {'gradient_clip_val': 0.6052669616300989, 'hidden_size': 59, 'dropout': 0.1732430639817886, 'hidden_continuous_size': 22, 'attention_head_size': 4, 'learning_rate': 0.021177025100282278}. Best is trial 22 with value: 0.09141140431165695.
LOCAL_RANK: 0 - CUDA_VISIBLE_DEVICES: [0]
[I 2023-11-30 05:17:58,293] Trial 51 finished with value: 0.4922780990600586 and parameters: {'gradient_clip_val': 0.6117474606941031, 'hidden_size': 57, 'dropout': 0.14361090807328647, 'hidden_continuous_size': 22, 'attention_head_size': 4, 'learning_rate': 0.022050694689509483}. Best is trial 22 with value: 0.09141140431165695.
LOCAL_RANK: 0 - CUDA_VISIBLE_DEVICES: [0]
[I 2023-11-30 05:18:12,183] Trial 52 finished with value: 0.3022672235965729 and parameters: {'gradient_clip_val': 0.7732973278852008, 'hidden_size': 71, 'dropout': 0.17096761464958793, 'hidden_continuous_size': 25, 'attention_head_size': 4, 'learning_rate': 0.026879592566963397}. Best is trial 22 with value: 0.09141140431165695.
LOCAL_RANK: 0 - CUDA_VISIBLE_DEVICES: [0]
[I 2023-11-30 05:18:25,995] Trial 53 finished with value: 0.30140581727027893 and parameters: {'gradient_clip_val': 0.5700633152704319, 'hidden_size': 80, 'dropout': 0.11204244007909152, 'hidden_continuous_size': 18, 'attention_head_size': 4, 'learning_rate': 0.016197481500591453}. Best is trial 22 with value: 0.09141140431165695.
LOCAL_RANK: 0 - CUDA_VISIBLE_DEVICES: [0]
[I 2023-11-30 05:18:40,099] Trial 54 finished with value: 0.42210841178894043 and parameters: {'gradient_clip_val': 0.7169327667589153, 'hidden_size': 96, 'dropout': 0.12986525793615117, 'hidden_continuous_size': 27, 'attention_head_size': 4, 'learning_rate': 0.021524909576272556}. Best is trial 22 with value: 0.09141140431165695.
LOCAL_RANK: 0 - CUDA_VISIBLE_DEVICES: [0]
[I 2023-11-30 05:18:53,639] Trial 55 finished with value: 0.5868892669677734 and parameters: {'gradient_clip_val': 0.6257077938727776, 'hidden_size': 59, 'dropout': 0.15360620867035404, 'hidden_continuous_size': 22, 'attention_head_size': 4, 'learning_rate': 0.03542239000787474}. Best is trial 22 with value: 0.09141140431165695.
LOCAL_RANK: 0 - CUDA_VISIBLE_DEVICES: [0]
[I 2023-11-30 05:19:07,918] Trial 56 finished with value: 0.28640902042388916 and parameters: {'gradient_clip_val': 0.522196023172169, 'hidden_size': 111, 'dropout': 0.12522399228712125, 'hidden_continuous_size': 29, 'attention_head_size': 4, 'learning_rate': 0.013089284197468272}. Best is trial 22 with value: 0.09141140431165695.
LOCAL_RANK: 0 - CUDA_VISIBLE_DEVICES: [0]
[I 2023-11-30 05:19:21,701] Trial 57 finished with value: 0.2888903319835663 and parameters: {'gradient_clip_val': 0.6909251101469143, 'hidden_size': 88, 'dropout': 0.10166851078664442, 'hidden_continuous_size': 24, 'attention_head_size': 3, 'learning_rate': 0.01600726145967255}. Best is trial 22 with value: 0.09141140431165695.
LOCAL_RANK: 0 - CUDA_VISIBLE_DEVICES: [0]
[I 2023-11-30 05:19:35,674] Trial 58 finished with value: 0.19152893126010895 and parameters: {'gradient_clip_val': 0.793966876172621, 'hidden_size': 72, 'dropout': 0.14164482140029586, 'hidden_continuous_size': 21, 'attention_head_size': 4, 'learning_rate': 0.020594375768386346}. Best is trial 22 with value: 0.09141140431165695.
LOCAL_RANK: 0 - CUDA_VISIBLE_DEVICES: [0]
[I 2023-11-30 05:19:50,256] Trial 59 finished with value: 0.3851841390132904 and parameters: {'gradient_clip_val': 0.9284641166910877, 'hidden_size': 137, 'dropout': 0.11083677187610756, 'hidden_continuous_size': 32, 'attention_head_size': 4, 'learning_rate': 0.030100113831973672}. Best is trial 22 with value: 0.09141140431165695.
LOCAL_RANK: 0 - CUDA_VISIBLE_DEVICES: [0]
[I 2023-11-30 05:20:03,922] Trial 60 finished with value: 0.18314772844314575 and parameters: {'gradient_clip_val': 0.5770776038448318, 'hidden_size': 79, 'dropout': 0.13225593016370477, 'hidden_continuous_size': 20, 'attention_head_size': 2, 'learning_rate': 0.018730010428237697}. Best is trial 22 with value: 0.09141140431165695.
LOCAL_RANK: 0 - CUDA_VISIBLE_DEVICES: [0]
[I 2023-11-30 05:20:17,558] Trial 61 finished with value: 0.34130048751831055 and parameters: {'gradient_clip_val': 0.6654168025564774, 'hidden_size': 79, 'dropout': 0.13027841494962528, 'hidden_continuous_size': 20, 'attention_head_size': 2, 'learning_rate': 0.017811800569745604}. Best is trial 22 with value: 0.09141140431165695.
LOCAL_RANK: 0 - CUDA_VISIBLE_DEVICES: [0]
[I 2023-11-30 05:20:31,181] Trial 62 finished with value: 0.33008161187171936 and parameters: {'gradient_clip_val': 0.5810305622880974, 'hidden_size': 92, 'dropout': 0.12074781720979218, 'hidden_continuous_size': 23, 'attention_head_size': 2, 'learning_rate': 0.024938789025977032}. Best is trial 22 with value: 0.09141140431165695.
LOCAL_RANK: 0 - CUDA_VISIBLE_DEVICES: [0]
[I 2023-11-30 05:20:44,887] Trial 63 finished with value: 0.23300941288471222 and parameters: {'gradient_clip_val': 0.751492083055403, 'hidden_size': 65, 'dropout': 0.14931769672100959, 'hidden_continuous_size': 18, 'attention_head_size': 2, 'learning_rate': 0.0115948958320928}. Best is trial 22 with value: 0.09141140431165695.
LOCAL_RANK: 0 - CUDA_VISIBLE_DEVICES: [0]
[I 2023-11-30 05:20:58,826] Trial 64 finished with value: 0.2210092693567276 and parameters: {'gradient_clip_val': 0.4943130541908396, 'hidden_size': 105, 'dropout': 0.10028340044825224, 'hidden_continuous_size': 26, 'attention_head_size': 1, 'learning_rate': 0.01965426799824815}. Best is trial 22 with value: 0.09141140431165695.
LOCAL_RANK: 0 - CUDA_VISIBLE_DEVICES: [0]
[I 2023-11-30 05:21:12,654] Trial 65 finished with value: 0.30529263615608215 and parameters: {'gradient_clip_val': 0.6084437408258992, 'hidden_size': 86, 'dropout': 0.1327955402779763, 'hidden_continuous_size': 19, 'attention_head_size': 2, 'learning_rate': 0.015045702980232155}. Best is trial 22 with value: 0.09141140431165695.
LOCAL_RANK: 0 - CUDA_VISIBLE_DEVICES: [0]
[I 2023-11-30 05:21:26,714] Trial 66 finished with value: 0.2963819205760956 and parameters: {'gradient_clip_val': 0.7215599233759291, 'hidden_size': 120, 'dropout': 0.15990337450260123, 'hidden_continuous_size': 16, 'attention_head_size': 2, 'learning_rate': 0.027718329875970307}. Best is trial 22 with value: 0.09141140431165695.
LOCAL_RANK: 0 - CUDA_VISIBLE_DEVICES: [0]
[I 2023-11-30 05:21:40,523] Trial 67 finished with value: 0.3605974018573761 and parameters: {'gradient_clip_val': 0.8286476281195954, 'hidden_size': 74, 'dropout': 0.11443312292442608, 'hidden_continuous_size': 22, 'attention_head_size': 4, 'learning_rate': 0.009045840001480445}. Best is trial 22 with value: 0.09141140431165695.
LOCAL_RANK: 0 - CUDA_VISIBLE_DEVICES: [0]
[I 2023-11-30 05:21:54,921] Trial 68 finished with value: 0.29006877541542053 and parameters: {'gradient_clip_val': 0.9524022994699554, 'hidden_size': 111, 'dropout': 0.1730484818230122, 'hidden_continuous_size': 30, 'attention_head_size': 3, 'learning_rate': 0.022749346745232282}. Best is trial 22 with value: 0.09141140431165695.
LOCAL_RANK: 0 - CUDA_VISIBLE_DEVICES: [0]
[I 2023-11-30 05:22:08,926] Trial 69 finished with value: 0.3145086467266083 and parameters: {'gradient_clip_val': 0.5568134092232205, 'hidden_size': 99, 'dropout': 0.14542679758264965, 'hidden_continuous_size': 24, 'attention_head_size': 4, 'learning_rate': 0.012655856367662158}. Best is trial 22 with value: 0.09141140431165695.
LOCAL_RANK: 0 - CUDA_VISIBLE_DEVICES: [0]
[I 2023-11-30 05:22:22,831] Trial 70 finished with value: 0.28192800283432007 and parameters: {'gradient_clip_val': 0.6605698592057377, 'hidden_size': 81, 'dropout': 0.10946560571330823, 'hidden_continuous_size': 20, 'attention_head_size': 4, 'learning_rate': 0.011142440674161721}. Best is trial 22 with value: 0.09141140431165695.
LOCAL_RANK: 0 - CUDA_VISIBLE_DEVICES: [0]
[I 2023-11-30 05:22:36,625] Trial 71 finished with value: 0.17512120306491852 and parameters: {'gradient_clip_val': 0.6475538688805185, 'hidden_size': 73, 'dropout': 0.12384100136391431, 'hidden_continuous_size': 21, 'attention_head_size': 4, 'learning_rate': 0.016262641839082975}. Best is trial 22 with value: 0.09141140431165695.
LOCAL_RANK: 0 - CUDA_VISIBLE_DEVICES: [0]
[I 2023-11-30 05:22:50,483] Trial 72 finished with value: 0.15560966730117798 and parameters: {'gradient_clip_val': 0.8133422131447613, 'hidden_size': 67, 'dropout': 0.12531318768677532, 'hidden_continuous_size': 21, 'attention_head_size': 4, 'learning_rate': 0.01846220431876054}. Best is trial 22 with value: 0.09141140431165695.
LOCAL_RANK: 0 - CUDA_VISIBLE_DEVICES: [0]
[I 2023-11-30 05:23:03,785] Trial 73 finished with value: 0.2258957475423813 and parameters: {'gradient_clip_val': 0.8058943802394144, 'hidden_size': 53, 'dropout': 0.1255043369102161, 'hidden_continuous_size': 22, 'attention_head_size': 4, 'learning_rate': 0.015196759261246428}. Best is trial 22 with value: 0.09141140431165695.
LOCAL_RANK: 0 - CUDA_VISIBLE_DEVICES: [0]
[I 2023-11-30 05:23:17,678] Trial 74 finished with value: 0.2776341140270233 and parameters: {'gradient_clip_val': 0.8558077537121521, 'hidden_size': 68, 'dropout': 0.10823154168372458, 'hidden_continuous_size': 24, 'attention_head_size': 4, 'learning_rate': 0.017207299967666647}. Best is trial 22 with value: 0.09141140431165695.
LOCAL_RANK: 0 - CUDA_VISIBLE_DEVICES: [0]
[I 2023-11-30 05:23:31,407] Trial 75 finished with value: 0.31034135818481445 and parameters: {'gradient_clip_val': 0.7482390865298334, 'hidden_size': 64, 'dropout': 0.12190117946466472, 'hidden_continuous_size': 26, 'attention_head_size': 4, 'learning_rate': 0.020873611031423944}. Best is trial 22 with value: 0.09141140431165695.
LOCAL_RANK: 0 - CUDA_VISIBLE_DEVICES: [0]
[I 2023-11-30 05:23:45,336] Trial 76 finished with value: 0.29100218415260315 and parameters: {'gradient_clip_val': 0.9875032159280326, 'hidden_size': 93, 'dropout': 0.13856902926497416, 'hidden_continuous_size': 18, 'attention_head_size': 4, 'learning_rate': 0.013616661720984127}. Best is trial 22 with value: 0.09141140431165695.
LOCAL_RANK: 0 - CUDA_VISIBLE_DEVICES: [0]
[I 2023-11-30 05:23:58,688] Trial 77 finished with value: 0.2133886069059372 and parameters: {'gradient_clip_val': 0.700875781023361, 'hidden_size': 46, 'dropout': 0.10826151056532192, 'hidden_continuous_size': 21, 'attention_head_size': 4, 'learning_rate': 0.024989940061853504}. Best is trial 22 with value: 0.09141140431165695.
LOCAL_RANK: 0 - CUDA_VISIBLE_DEVICES: [0]
[I 2023-11-30 05:24:12,388] Trial 78 finished with value: 0.3307507336139679 and parameters: {'gradient_clip_val': 0.8670269112434498, 'hidden_size': 74, 'dropout': 0.11904397439371064, 'hidden_continuous_size': 19, 'attention_head_size': 4, 'learning_rate': 0.015524291622701539}. Best is trial 22 with value: 0.09141140431165695.
LOCAL_RANK: 0 - CUDA_VISIBLE_DEVICES: [0]
[I 2023-11-30 05:24:26,410] Trial 79 finished with value: 0.20823776721954346 and parameters: {'gradient_clip_val': 0.650910164229137, 'hidden_size': 85, 'dropout': 0.10043704617772006, 'hidden_continuous_size': 17, 'attention_head_size': 4, 'learning_rate': 0.03253021384925094}. Best is trial 22 with value: 0.09141140431165695.
LOCAL_RANK: 0 - CUDA_VISIBLE_DEVICES: [0]
[I 2023-11-30 05:24:40,720] Trial 80 finished with value: 0.41100406646728516 and parameters: {'gradient_clip_val': 0.7988917505058137, 'hidden_size': 119, 'dropout': 0.14657903624482327, 'hidden_continuous_size': 27, 'attention_head_size': 4, 'learning_rate': 0.01861870038708152}. Best is trial 22 with value: 0.09141140431165695.
LOCAL_RANK: 0 - CUDA_VISIBLE_DEVICES: [0]
[I 2023-11-30 05:24:54,618] Trial 81 finished with value: 0.31833428144454956 and parameters: {'gradient_clip_val': 0.6235602193643822, 'hidden_size': 77, 'dropout': 0.13452512549161175, 'hidden_continuous_size': 20, 'attention_head_size': 4, 'learning_rate': 0.020042193371933175}. Best is trial 22 with value: 0.09141140431165695.
LOCAL_RANK: 0 - CUDA_VISIBLE_DEVICES: [0]
