[I 2023-11-29 20:19:04,770] Trial 57 finished with value: 0.41052237153053284 and parameters: {'gradient_clip_val': 0.22364544127091984, 'hidden_size': 33, 'dropout': 0.25728943384678227, 'hidden_continuous_size': 12, 'attention_head_size': 4, 'learning_rate': 0.030783910748480078}. Best is trial 41 with value: 0.13726146519184113.
LOCAL_RANK: 0 - CUDA_VISIBLE_DEVICES: [0]
[I 2023-11-29 20:19:17,264] Trial 58 finished with value: 0.2584114372730255 and parameters: {'gradient_clip_val': 0.12835649899935447, 'hidden_size': 23, 'dropout': 0.2247939965300522, 'hidden_continuous_size': 14, 'attention_head_size': 2, 'learning_rate': 0.06829915428961834}. Best is trial 41 with value: 0.13726146519184113.
LOCAL_RANK: 0 - CUDA_VISIBLE_DEVICES: [0]
[I 2023-11-29 20:19:29,809] Trial 59 finished with value: 0.2372012883424759 and parameters: {'gradient_clip_val': 0.16416301889761226, 'hidden_size': 36, 'dropout': 0.27808009648530263, 'hidden_continuous_size': 13, 'attention_head_size': 2, 'learning_rate': 0.03614776546009591}. Best is trial 41 with value: 0.13726146519184113.
LOCAL_RANK: 0 - CUDA_VISIBLE_DEVICES: [0]
[I 2023-11-29 20:19:42,287] Trial 60 finished with value: 0.2707860469818115 and parameters: {'gradient_clip_val': 0.1853672827467043, 'hidden_size': 30, 'dropout': 0.315482912179214, 'hidden_continuous_size': 13, 'attention_head_size': 1, 'learning_rate': 0.05230588234684134}. Best is trial 41 with value: 0.13726146519184113.
LOCAL_RANK: 0 - CUDA_VISIBLE_DEVICES: [0]
[I 2023-11-29 20:19:55,057] Trial 61 finished with value: 0.21555864810943604 and parameters: {'gradient_clip_val': 0.13215375027748372, 'hidden_size': 27, 'dropout': 0.2223766165655437, 'hidden_continuous_size': 18, 'attention_head_size': 4, 'learning_rate': 0.0806809712958624}. Best is trial 41 with value: 0.13726146519184113.
LOCAL_RANK: 0 - CUDA_VISIBLE_DEVICES: [0]
[I 2023-11-29 20:20:08,213] Trial 62 finished with value: 0.2308548092842102 and parameters: {'gradient_clip_val': 0.1445783483195717, 'hidden_size': 34, 'dropout': 0.23765805377354227, 'hidden_continuous_size': 17, 'attention_head_size': 4, 'learning_rate': 0.0843990057718838}. Best is trial 41 with value: 0.13726146519184113.
LOCAL_RANK: 0 - CUDA_VISIBLE_DEVICES: [0]
[I 2023-11-29 20:20:20,887] Trial 63 finished with value: 0.2876549959182739 and parameters: {'gradient_clip_val': 0.11903100615346744, 'hidden_size': 22, 'dropout': 0.22342114690464984, 'hidden_continuous_size': 18, 'attention_head_size': 4, 'learning_rate': 0.06874167731047971}. Best is trial 41 with value: 0.13726146519184113.
LOCAL_RANK: 0 - CUDA_VISIBLE_DEVICES: [0]
[I 2023-11-29 20:20:33,853] Trial 64 finished with value: 0.1887977123260498 and parameters: {'gradient_clip_val': 0.1258086726451138, 'hidden_size': 31, 'dropout': 0.26530935152090623, 'hidden_continuous_size': 19, 'attention_head_size': 4, 'learning_rate': 0.08680990001750517}. Best is trial 41 with value: 0.13726146519184113.
LOCAL_RANK: 0 - CUDA_VISIBLE_DEVICES: [0]
[I 2023-11-29 20:20:46,609] Trial 65 finished with value: 0.2561286985874176 and parameters: {'gradient_clip_val': 0.11014267477347389, 'hidden_size': 29, 'dropout': 0.25295760824271324, 'hidden_continuous_size': 18, 'attention_head_size': 3, 'learning_rate': 0.05806445144189587}. Best is trial 41 with value: 0.13726146519184113.
LOCAL_RANK: 0 - CUDA_VISIBLE_DEVICES: [0]
[I 2023-11-29 20:20:59,477] Trial 66 finished with value: 0.18259000778198242 and parameters: {'gradient_clip_val': 0.15029298021624016, 'hidden_size': 25, 'dropout': 0.23802290307527524, 'hidden_continuous_size': 17, 'attention_head_size': 4, 'learning_rate': 0.07730696236768458}. Best is trial 41 with value: 0.13726146519184113.
LOCAL_RANK: 0 - CUDA_VISIBLE_DEVICES: [0]
[I 2023-11-29 20:21:12,537] Trial 67 finished with value: 0.33457884192466736 and parameters: {'gradient_clip_val': 0.13313509834718884, 'hidden_size': 44, 'dropout': 0.2774059391619044, 'hidden_continuous_size': 21, 'attention_head_size': 3, 'learning_rate': 0.09815846527503812}. Best is trial 41 with value: 0.13726146519184113.
LOCAL_RANK: 0 - CUDA_VISIBLE_DEVICES: [0]
[I 2023-11-29 20:21:25,538] Trial 68 finished with value: 0.2235490083694458 and parameters: {'gradient_clip_val': 0.17514735564582887, 'hidden_size': 34, 'dropout': 0.2056159514371019, 'hidden_continuous_size': 19, 'attention_head_size': 4, 'learning_rate': 0.06716955161079445}. Best is trial 41 with value: 0.13726146519184113.
LOCAL_RANK: 0 - CUDA_VISIBLE_DEVICES: [0]
[I 2023-11-29 20:21:38,565] Trial 69 finished with value: 0.22297589480876923 and parameters: {'gradient_clip_val': 0.11045947039257491, 'hidden_size': 38, 'dropout': 0.28574118785180563, 'hidden_continuous_size': 20, 'attention_head_size': 2, 'learning_rate': 0.05012227975074613}. Best is trial 41 with value: 0.13726146519184113.
LOCAL_RANK: 0 - CUDA_VISIBLE_DEVICES: [0]
[I 2023-11-29 20:21:50,998] Trial 70 finished with value: 0.4454587996006012 and parameters: {'gradient_clip_val': 0.10016950140295051, 'hidden_size': 28, 'dropout': 0.2632214737684779, 'hidden_continuous_size': 16, 'attention_head_size': 3, 'learning_rate': 0.026543535043234135}. Best is trial 41 with value: 0.13726146519184113.
LOCAL_RANK: 0 - CUDA_VISIBLE_DEVICES: [0]
[I 2023-11-29 20:22:03,434] Trial 71 finished with value: 0.19126053154468536 and parameters: {'gradient_clip_val': 0.23881841270682125, 'hidden_size': 21, 'dropout': 0.25086115083062627, 'hidden_continuous_size': 15, 'attention_head_size': 2, 'learning_rate': 0.08664598508740351}. Best is trial 41 with value: 0.13726146519184113.
LOCAL_RANK: 0 - CUDA_VISIBLE_DEVICES: [0]
[I 2023-11-29 20:22:15,854] Trial 72 finished with value: 0.1918501853942871 and parameters: {'gradient_clip_val': 0.2791480658184658, 'hidden_size': 24, 'dropout': 0.24065487085692475, 'hidden_continuous_size': 17, 'attention_head_size': 2, 'learning_rate': 0.07446391183219814}. Best is trial 41 with value: 0.13726146519184113.
LOCAL_RANK: 0 - CUDA_VISIBLE_DEVICES: [0]
[I 2023-11-29 20:22:28,461] Trial 73 finished with value: 0.17259454727172852 and parameters: {'gradient_clip_val': 0.15988140855026184, 'hidden_size': 26, 'dropout': 0.27381240990166905, 'hidden_continuous_size': 17, 'attention_head_size': 2, 'learning_rate': 0.06015865484138248}. Best is trial 41 with value: 0.13726146519184113.
LOCAL_RANK: 0 - CUDA_VISIBLE_DEVICES: [0]
[I 2023-11-29 20:22:41,152] Trial 74 finished with value: 0.22248877584934235 and parameters: {'gradient_clip_val': 0.1606845995944196, 'hidden_size': 31, 'dropout': 0.27229093341649047, 'hidden_continuous_size': 18, 'attention_head_size': 2, 'learning_rate': 0.042938183246867975}. Best is trial 41 with value: 0.13726146519184113.
LOCAL_RANK: 0 - CUDA_VISIBLE_DEVICES: [0]
[I 2023-11-29 20:22:53,616] Trial 75 finished with value: 0.3253009021282196 and parameters: {'gradient_clip_val': 0.13871713741479955, 'hidden_size': 26, 'dropout': 0.300135848692853, 'hidden_continuous_size': 15, 'attention_head_size': 1, 'learning_rate': 0.05986299527174375}. Best is trial 41 with value: 0.13726146519184113.
LOCAL_RANK: 0 - CUDA_VISIBLE_DEVICES: [0]
[I 2023-11-29 20:23:06,221] Trial 76 finished with value: 0.17120607197284698 and parameters: {'gradient_clip_val': 0.1247137361489062, 'hidden_size': 29, 'dropout': 0.28981476447877247, 'hidden_continuous_size': 18, 'attention_head_size': 2, 'learning_rate': 0.05346014723822599}. Best is trial 41 with value: 0.13726146519184113.
LOCAL_RANK: 0 - CUDA_VISIBLE_DEVICES: [0]
[I 2023-11-29 20:23:18,956] Trial 77 finished with value: 0.25787559151649475 and parameters: {'gradient_clip_val': 0.11887463706068156, 'hidden_size': 32, 'dropout': 0.28853004196115634, 'hidden_continuous_size': 16, 'attention_head_size': 4, 'learning_rate': 0.036058233657626816}. Best is trial 41 with value: 0.13726146519184113.
LOCAL_RANK: 0 - CUDA_VISIBLE_DEVICES: [0]
[I 2023-11-29 20:23:32,013] Trial 78 finished with value: 0.380565881729126 and parameters: {'gradient_clip_val': 0.12479180527309593, 'hidden_size': 41, 'dropout': 0.30748681750283563, 'hidden_continuous_size': 21, 'attention_head_size': 2, 'learning_rate': 0.07456450163267814}. Best is trial 41 with value: 0.13726146519184113.
LOCAL_RANK: 0 - CUDA_VISIBLE_DEVICES: [0]
[I 2023-11-29 20:23:44,816] Trial 79 finished with value: 0.14469869434833527 and parameters: {'gradient_clip_val': 0.14817879171137566, 'hidden_size': 29, 'dropout': 0.2978119745398299, 'hidden_continuous_size': 18, 'attention_head_size': 4, 'learning_rate': 0.08706462307214544}. Best is trial 41 with value: 0.13726146519184113.
LOCAL_RANK: 0 - CUDA_VISIBLE_DEVICES: [0]
[I 2023-11-29 20:23:57,929] Trial 80 finished with value: 0.19892467558383942 and parameters: {'gradient_clip_val': 0.14972515157797311, 'hidden_size': 39, 'dropout': 0.26204554537678143, 'hidden_continuous_size': 20, 'attention_head_size': 4, 'learning_rate': 0.09908367926039983}. Best is trial 41 with value: 0.13726146519184113.
LOCAL_RANK: 0 - CUDA_VISIBLE_DEVICES: [0]
[I 2023-11-29 20:24:10,798] Trial 81 finished with value: 0.1512008160352707 and parameters: {'gradient_clip_val': 0.13602288925428008, 'hidden_size': 28, 'dropout': 0.2820755369696398, 'hidden_continuous_size': 18, 'attention_head_size': 4, 'learning_rate': 0.0870957040323832}. Best is trial 41 with value: 0.13726146519184113.
LOCAL_RANK: 0 - CUDA_VISIBLE_DEVICES: [0]
[I 2023-11-29 20:24:23,740] Trial 82 finished with value: 0.16290007531642914 and parameters: {'gradient_clip_val': 0.13711879991064235, 'hidden_size': 36, 'dropout': 0.2948379634325466, 'hidden_continuous_size': 19, 'attention_head_size': 4, 'learning_rate': 0.08788761303059825}. Best is trial 41 with value: 0.13726146519184113.
LOCAL_RANK: 0 - CUDA_VISIBLE_DEVICES: [0]
[I 2023-11-29 20:24:36,253] Trial 83 finished with value: 0.1855359524488449 and parameters: {'gradient_clip_val': 0.135205460066621, 'hidden_size': 28, 'dropout': 0.2969330713534218, 'hidden_continuous_size': 19, 'attention_head_size': 4, 'learning_rate': 0.08814200115411627}. Best is trial 41 with value: 0.13726146519184113.
LOCAL_RANK: 0 - CUDA_VISIBLE_DEVICES: [0]
[I 2023-11-29 20:24:49,305] Trial 84 finished with value: 0.30600523948669434 and parameters: {'gradient_clip_val': 0.17102327373928466, 'hidden_size': 35, 'dropout': 0.28009369435923664, 'hidden_continuous_size': 19, 'attention_head_size': 4, 'learning_rate': 0.08877290608580249}. Best is trial 41 with value: 0.13726146519184113.
LOCAL_RANK: 0 - CUDA_VISIBLE_DEVICES: [0]
[I 2023-11-29 20:25:02,020] Trial 85 finished with value: 0.18010270595550537 and parameters: {'gradient_clip_val': 0.14090929659408122, 'hidden_size': 30, 'dropout': 0.32423688055624444, 'hidden_continuous_size': 16, 'attention_head_size': 4, 'learning_rate': 0.06953316029639055}. Best is trial 41 with value: 0.13726146519184113.
LOCAL_RANK: 0 - CUDA_VISIBLE_DEVICES: [0]
[I 2023-11-29 20:25:15,037] Trial 86 finished with value: 0.17061631381511688 and parameters: {'gradient_clip_val': 0.11604263402344481, 'hidden_size': 36, 'dropout': 0.3044484404140958, 'hidden_continuous_size': 18, 'attention_head_size': 4, 'learning_rate': 0.07904664914937132}. Best is trial 41 with value: 0.13726146519184113.
LOCAL_RANK: 0 - CUDA_VISIBLE_DEVICES: [0]
[I 2023-11-29 20:25:27,585] Trial 87 finished with value: 0.17182523012161255 and parameters: {'gradient_clip_val': 0.10613895380729862, 'hidden_size': 24, 'dropout': 0.29731814375141913, 'hidden_continuous_size': 17, 'attention_head_size': 4, 'learning_rate': 0.0654011116970154}. Best is trial 41 with value: 0.13726146519184113.
LOCAL_RANK: 0 - CUDA_VISIBLE_DEVICES: [0]
[I 2023-11-29 20:25:40,225] Trial 88 finished with value: 0.3157808482646942 and parameters: {'gradient_clip_val': 0.14940404365826765, 'hidden_size': 27, 'dropout': 0.26689400805272, 'hidden_continuous_size': 11, 'attention_head_size': 4, 'learning_rate': 0.09225313494929747}. Best is trial 41 with value: 0.13726146519184113.
LOCAL_RANK: 0 - CUDA_VISIBLE_DEVICES: [0]
[I 2023-11-29 20:25:53,272] Trial 89 finished with value: 0.19473035633563995 and parameters: {'gradient_clip_val': 0.18340132954602503, 'hidden_size': 33, 'dropout': 0.2836469810171543, 'hidden_continuous_size': 20, 'attention_head_size': 4, 'learning_rate': 0.07306083308636999}. Best is trial 41 with value: 0.13726146519184113.
LOCAL_RANK: 0 - CUDA_VISIBLE_DEVICES: [0]
[I 2023-11-29 20:26:05,810] Trial 90 finished with value: 0.21489708125591278 and parameters: {'gradient_clip_val': 0.15697797387075402, 'hidden_size': 22, 'dropout': 0.29096785324821767, 'hidden_continuous_size': 14, 'attention_head_size': 3, 'learning_rate': 0.09931524397829404}. Best is trial 41 with value: 0.13726146519184113.
LOCAL_RANK: 0 - CUDA_VISIBLE_DEVICES: [0]
[I 2023-11-29 20:26:18,751] Trial 91 finished with value: 0.24034671485424042 and parameters: {'gradient_clip_val': 0.12977909919889988, 'hidden_size': 32, 'dropout': 0.2545030612135112, 'hidden_continuous_size': 19, 'attention_head_size': 4, 'learning_rate': 0.08228010506797993}. Best is trial 41 with value: 0.13726146519184113.
LOCAL_RANK: 0 - CUDA_VISIBLE_DEVICES: [0]
[I 2023-11-29 20:26:31,909] Trial 92 finished with value: 0.40162134170532227 and parameters: {'gradient_clip_val': 0.13935654260983862, 'hidden_size': 38, 'dropout': 0.2293678103138538, 'hidden_continuous_size': 18, 'attention_head_size': 4, 'learning_rate': 0.08019970530485535}. Best is trial 41 with value: 0.13726146519184113.
LOCAL_RANK: 0 - CUDA_VISIBLE_DEVICES: [0]
[I 2023-11-29 20:26:44,626] Trial 93 finished with value: 0.26412293314933777 and parameters: {'gradient_clip_val': 0.12130743676604448, 'hidden_size': 30, 'dropout': 0.2757380087149108, 'hidden_continuous_size': 18, 'attention_head_size': 4, 'learning_rate': 0.08946436318124631}. Best is trial 41 with value: 0.13726146519184113.
LOCAL_RANK: 0 - CUDA_VISIBLE_DEVICES: [0]
[I 2023-11-29 20:26:57,509] Trial 94 finished with value: 0.34651219844818115 and parameters: {'gradient_clip_val': 0.11348569123134274, 'hidden_size': 34, 'dropout': 0.24810029802943112, 'hidden_continuous_size': 17, 'attention_head_size': 4, 'learning_rate': 0.0632898333158841}. Best is trial 41 with value: 0.13726146519184113.
LOCAL_RANK: 0 - CUDA_VISIBLE_DEVICES: [0]
[I 2023-11-29 20:27:10,989] Trial 95 finished with value: 0.20036153495311737 and parameters: {'gradient_clip_val': 0.14407411146635704, 'hidden_size': 42, 'dropout': 0.3100159665848813, 'hidden_continuous_size': 21, 'attention_head_size': 4, 'learning_rate': 0.07130148341468055}. Best is trial 41 with value: 0.13726146519184113.
LOCAL_RANK: 0 - CUDA_VISIBLE_DEVICES: [0]
[I 2023-11-29 20:27:23,583] Trial 96 finished with value: 0.16424231231212616 and parameters: {'gradient_clip_val': 0.13120054396486386, 'hidden_size': 25, 'dropout': 0.2628139169995514, 'hidden_continuous_size': 15, 'attention_head_size': 4, 'learning_rate': 0.05630665663979689}. Best is trial 41 with value: 0.13726146519184113.
LOCAL_RANK: 0 - CUDA_VISIBLE_DEVICES: [0]
[I 2023-11-29 20:27:36,080] Trial 97 finished with value: 0.21449919044971466 and parameters: {'gradient_clip_val': 0.1060678284320744, 'hidden_size': 25, 'dropout': 0.2712523677855947, 'hidden_continuous_size': 15, 'attention_head_size': 4, 'learning_rate': 0.05416775408410416}. Best is trial 41 with value: 0.13726146519184113.
LOCAL_RANK: 0 - CUDA_VISIBLE_DEVICES: [0]
[I 2023-11-29 20:27:48,960] Trial 98 finished with value: 0.25398096442222595 and parameters: {'gradient_clip_val': 0.20901875221609867, 'hidden_size': 27, 'dropout': 0.2605513706075213, 'hidden_continuous_size': 14, 'attention_head_size': 4, 'learning_rate': 0.04636157232596553}. Best is trial 41 with value: 0.13726146519184113.
LOCAL_RANK: 0 - CUDA_VISIBLE_DEVICES: [0]
[I 2023-11-29 20:28:01,478] Trial 99 finished with value: 0.23183077573776245 and parameters: {'gradient_clip_val': 0.13413927801788408, 'hidden_size': 21, 'dropout': 0.24431973393362694, 'hidden_continuous_size': 15, 'attention_head_size': 3, 'learning_rate': 0.05779787343453052}. Best is trial 41 with value: 0.13726146519184113.
LOCAL_RANK: 0 - CUDA_VISIBLE_DEVICES: [0]
[I 2023-11-29 20:28:14,268] Trial 100 finished with value: 0.19105660915374756 and parameters: {'gradient_clip_val': 0.1696612038753021, 'hidden_size': 23, 'dropout': 0.2805892818157071, 'hidden_continuous_size': 16, 'attention_head_size': 4, 'learning_rate': 0.08930943165251232}. Best is trial 41 with value: 0.13726146519184113.
LOCAL_RANK: 0 - CUDA_VISIBLE_DEVICES: [0]
[I 2023-11-29 20:28:27,175] Trial 101 finished with value: 0.13860243558883667 and parameters: {'gradient_clip_val': 0.12763828293548593, 'hidden_size': 29, 'dropout': 0.25484434784912585, 'hidden_continuous_size': 17, 'attention_head_size': 4, 'learning_rate': 0.07916643110962351}. Best is trial 41 with value: 0.13726146519184113.
LOCAL_RANK: 0 - CUDA_VISIBLE_DEVICES: [0]
[I 2023-11-29 20:28:40,058] Trial 102 finished with value: 0.1278345137834549 and parameters: {'gradient_clip_val': 0.1265970226792683, 'hidden_size': 29, 'dropout': 0.2556478070153397, 'hidden_continuous_size': 17, 'attention_head_size': 4, 'learning_rate': 0.09987276426768917}. Best is trial 102 with value: 0.1278345137834549.
LOCAL_RANK: 0 - CUDA_VISIBLE_DEVICES: [0]
[I 2023-11-29 20:28:52,889] Trial 103 finished with value: 0.2098371386528015 and parameters: {'gradient_clip_val': 0.1174587165595645, 'hidden_size': 29, 'dropout': 0.2544339773731567, 'hidden_continuous_size': 17, 'attention_head_size': 4, 'learning_rate': 0.09927291180911042}. Best is trial 102 with value: 0.1278345137834549.
LOCAL_RANK: 0 - CUDA_VISIBLE_DEVICES: [0]
[I 2023-11-29 20:29:05,775] Trial 104 finished with value: 0.26867517828941345 and parameters: {'gradient_clip_val': 0.12449266393824251, 'hidden_size': 36, 'dropout': 0.2671548704164308, 'hidden_continuous_size': 16, 'attention_head_size': 4, 'learning_rate': 0.07891331290433465}. Best is trial 102 with value: 0.1278345137834549.
LOCAL_RANK: 0 - CUDA_VISIBLE_DEVICES: [0]
[I 2023-11-29 20:29:18,919] Trial 105 finished with value: 0.2764793634414673 and parameters: {'gradient_clip_val': 0.1541911251549236, 'hidden_size': 31, 'dropout': 0.24492436876516038, 'hidden_continuous_size': 19, 'attention_head_size': 4, 'learning_rate': 0.08982556451269698}. Best is trial 102 with value: 0.1278345137834549.
LOCAL_RANK: 0 - CUDA_VISIBLE_DEVICES: [0]
[I 2023-11-29 20:29:31,520] Trial 106 finished with value: 0.21633000671863556 and parameters: {'gradient_clip_val': 0.11006815591515855, 'hidden_size': 26, 'dropout': 0.23347209331761443, 'hidden_continuous_size': 12, 'attention_head_size': 4, 'learning_rate': 0.0659302440693663}. Best is trial 102 with value: 0.1278345137834549.
LOCAL_RANK: 0 - CUDA_VISIBLE_DEVICES: [0]
[I 2023-11-29 20:29:44,116] Trial 107 finished with value: 0.20814378559589386 and parameters: {'gradient_clip_val': 0.14377237144098567, 'hidden_size': 28, 'dropout': 0.2947264325047391, 'hidden_continuous_size': 18, 'attention_head_size': 4, 'learning_rate': 0.07482219565166603}. Best is trial 102 with value: 0.1278345137834549.
LOCAL_RANK: 0 - CUDA_VISIBLE_DEVICES: [0]
[I 2023-11-29 20:29:56,929] Trial 108 finished with value: 0.17655986547470093 and parameters: {'gradient_clip_val': 0.11564985201760906, 'hidden_size': 33, 'dropout': 0.2532030541186007, 'hidden_continuous_size': 17, 'attention_head_size': 3, 'learning_rate': 0.08626218903355672}. Best is trial 102 with value: 0.1278345137834549.
LOCAL_RANK: 0 - CUDA_VISIBLE_DEVICES: [0]
[I 2023-11-29 20:30:10,055] Trial 109 finished with value: 0.15452219545841217 and parameters: {'gradient_clip_val': 0.12601515751984152, 'hidden_size': 39, 'dropout': 0.27538495843005917, 'hidden_continuous_size': 26, 'attention_head_size': 4, 'learning_rate': 0.0684897257782367}. Best is trial 102 with value: 0.1278345137834549.
LOCAL_RANK: 0 - CUDA_VISIBLE_DEVICES: [0]
[I 2023-11-29 20:30:23,202] Trial 110 finished with value: 0.24671216309070587 and parameters: {'gradient_clip_val': 0.12739120828611186, 'hidden_size': 40, 'dropout': 0.2700313169314865, 'hidden_continuous_size': 28, 'attention_head_size': 4, 'learning_rate': 0.06707036354608542}. Best is trial 102 with value: 0.1278345137834549.
LOCAL_RANK: 0 - CUDA_VISIBLE_DEVICES: [0]
[I 2023-11-29 20:30:36,515] Trial 111 finished with value: 0.2310178428888321 and parameters: {'gradient_clip_val': 0.137449764770299, 'hidden_size': 45, 'dropout': 0.2838709740219825, 'hidden_continuous_size': 33, 'attention_head_size': 4, 'learning_rate': 0.08139164837523534}. Best is trial 102 with value: 0.1278345137834549.
LOCAL_RANK: 0 - CUDA_VISIBLE_DEVICES: [0]
[I 2023-11-29 20:30:49,614] Trial 112 finished with value: 0.2446325570344925 and parameters: {'gradient_clip_val': 0.1258267375579577, 'hidden_size': 37, 'dropout': 0.27579923856008753, 'hidden_continuous_size': 24, 'attention_head_size': 4, 'learning_rate': 0.0923957329815664}. Best is trial 102 with value: 0.1278345137834549.
LOCAL_RANK: 0 - CUDA_VISIBLE_DEVICES: [0]
[I 2023-11-29 20:31:02,680] Trial 113 finished with value: 0.2194565087556839 and parameters: {'gradient_clip_val': 0.1494011445283804, 'hidden_size': 35, 'dropout': 0.28942686110203636, 'hidden_continuous_size': 26, 'attention_head_size': 4, 'learning_rate': 0.07404890357055839}. Best is trial 102 with value: 0.1278345137834549.
LOCAL_RANK: 0 - CUDA_VISIBLE_DEVICES: [0]
[I 2023-11-29 20:31:15,450] Trial 114 finished with value: 0.2142670899629593 and parameters: {'gradient_clip_val': 0.10717000251448755, 'hidden_size': 29, 'dropout': 0.24063021775648138, 'hidden_continuous_size': 16, 'attention_head_size': 4, 'learning_rate': 0.09926735009472964}. Best is trial 102 with value: 0.1278345137834549.
LOCAL_RANK: 0 - CUDA_VISIBLE_DEVICES: [0]
