[I 2023-11-30 13:06:37,097] Trial 4 finished with value: 0.1404382437467575 and parameters: {'gradient_clip_val': 0.45403413782084157, 'hidden_size': 54, 'dropout': 0.26746754785908167, 'hidden_continuous_size': 49, 'attention_head_size': 3, 'learning_rate': 0.024329343550892352}. Best is trial 0 with value: 0.10875016450881958.
LOCAL_RANK: 0 - CUDA_VISIBLE_DEVICES: [0]
[I 2023-11-30 13:06:50,664] Trial 5 finished with value: 1.2802225351333618 and parameters: {'gradient_clip_val': 0.14028069681082558, 'hidden_size': 49, 'dropout': 0.20534593546284732, 'hidden_continuous_size': 35, 'attention_head_size': 3, 'learning_rate': 0.0012474126543973835}. Best is trial 0 with value: 0.10875016450881958.
LOCAL_RANK: 0 - CUDA_VISIBLE_DEVICES: [0]
[I 2023-11-30 13:07:03,381] Trial 6 finished with value: 1.543644905090332 and parameters: {'gradient_clip_val': 0.152898418469822, 'hidden_size': 29, 'dropout': 0.11400087431480459, 'hidden_continuous_size': 10, 'attention_head_size': 4, 'learning_rate': 0.005015278057024081}. Best is trial 0 with value: 0.10875016450881958.
LOCAL_RANK: 0 - CUDA_VISIBLE_DEVICES: [0]
[I 2023-11-30 13:07:15,700] Trial 7 finished with value: 2.886481285095215 and parameters: {'gradient_clip_val': 0.5198849603268448, 'hidden_size': 14, 'dropout': 0.2142380735886915, 'hidden_continuous_size': 10, 'attention_head_size': 2, 'learning_rate': 0.0015391019890291728}. Best is trial 0 with value: 0.10875016450881958.
LOCAL_RANK: 0 - CUDA_VISIBLE_DEVICES: [0]
[I 2023-11-30 13:07:30,490] Trial 8 finished with value: 0.25693532824516296 and parameters: {'gradient_clip_val': 0.11551281970367765, 'hidden_size': 150, 'dropout': 0.36029870180171675, 'hidden_continuous_size': 23, 'attention_head_size': 3, 'learning_rate': 0.04221128056317939}. Best is trial 0 with value: 0.10875016450881958.
LOCAL_RANK: 0 - CUDA_VISIBLE_DEVICES: [0]
[I 2023-11-30 13:07:42,900] Trial 9 finished with value: 3.1279754638671875 and parameters: {'gradient_clip_val': 0.2817641854208401, 'hidden_size': 14, 'dropout': 0.13601350706101745, 'hidden_continuous_size': 11, 'attention_head_size': 3, 'learning_rate': 0.0018622289702902243}. Best is trial 0 with value: 0.10875016450881958.
LOCAL_RANK: 0 - CUDA_VISIBLE_DEVICES: [0]
[I 2023-11-30 13:07:55,608] Trial 10 finished with value: 0.12609721720218658 and parameters: {'gradient_clip_val': 0.9220428884732628, 'hidden_size': 29, 'dropout': 0.11167309588240132, 'hidden_continuous_size': 16, 'attention_head_size': 4, 'learning_rate': 0.09970353551346475}. Best is trial 0 with value: 0.10875016450881958.
LOCAL_RANK: 0 - CUDA_VISIBLE_DEVICES: [0]
[I 2023-11-30 13:08:08,411] Trial 11 finished with value: 0.15459881722927094 and parameters: {'gradient_clip_val': 0.9303857692434845, 'hidden_size': 32, 'dropout': 0.11458888553688712, 'hidden_continuous_size': 16, 'attention_head_size': 4, 'learning_rate': 0.07929392241210302}. Best is trial 0 with value: 0.10875016450881958.
LOCAL_RANK: 0 - CUDA_VISIBLE_DEVICES: [0]
[I 2023-11-30 13:08:21,273] Trial 12 finished with value: 0.14412455260753632 and parameters: {'gradient_clip_val': 0.9662245696981935, 'hidden_size': 26, 'dropout': 0.10187172769341779, 'hidden_continuous_size': 17, 'attention_head_size': 4, 'learning_rate': 0.09661549449565258}. Best is trial 0 with value: 0.10875016450881958.
LOCAL_RANK: 0 - CUDA_VISIBLE_DEVICES: [0]
[I 2023-11-30 13:08:34,773] Trial 13 finished with value: 0.1508716642856598 and parameters: {'gradient_clip_val': 0.7423142593310043, 'hidden_size': 52, 'dropout': 0.16089585912329302, 'hidden_continuous_size': 22, 'attention_head_size': 2, 'learning_rate': 0.050203720237396644}. Best is trial 0 with value: 0.10875016450881958.
LOCAL_RANK: 0 - CUDA_VISIBLE_DEVICES: [0]
[I 2023-11-30 13:08:47,445] Trial 14 finished with value: 0.15097375214099884 and parameters: {'gradient_clip_val': 0.6600761796219102, 'hidden_size': 23, 'dropout': 0.16104440366281242, 'hidden_continuous_size': 14, 'attention_head_size': 4, 'learning_rate': 0.03474536742619699}. Best is trial 0 with value: 0.10875016450881958.
LOCAL_RANK: 0 - CUDA_VISIBLE_DEVICES: [0]
[I 2023-11-30 13:09:00,527] Trial 15 finished with value: 0.2001620978116989 and parameters: {'gradient_clip_val': 0.9744533124269484, 'hidden_size': 38, 'dropout': 0.14391964877174218, 'hidden_continuous_size': 19, 'attention_head_size': 2, 'learning_rate': 0.09247410726166463}. Best is trial 0 with value: 0.10875016450881958.
LOCAL_RANK: 0 - CUDA_VISIBLE_DEVICES: [0]
[I 2023-11-30 13:09:13,135] Trial 16 finished with value: 0.4785546064376831 and parameters: {'gradient_clip_val': 0.6825790623756391, 'hidden_size': 22, 'dropout': 0.1869558329438028, 'hidden_continuous_size': 13, 'attention_head_size': 4, 'learning_rate': 0.018843437763332166}. Best is trial 0 with value: 0.10875016450881958.
LOCAL_RANK: 0 - CUDA_VISIBLE_DEVICES: [0]
[I 2023-11-30 13:09:26,346] Trial 17 finished with value: 0.2019587755203247 and parameters: {'gradient_clip_val': 0.415396725480043, 'hidden_size': 40, 'dropout': 0.10309811625348583, 'hidden_continuous_size': 19, 'attention_head_size': 4, 'learning_rate': 0.05146684533536825}. Best is trial 0 with value: 0.10875016450881958.
LOCAL_RANK: 0 - CUDA_VISIBLE_DEVICES: [0]
[I 2023-11-30 13:09:40,909] Trial 18 finished with value: 0.1448129117488861 and parameters: {'gradient_clip_val': 0.7502462101673945, 'hidden_size': 63, 'dropout': 0.13619262453076011, 'hidden_continuous_size': 27, 'attention_head_size': 3, 'learning_rate': 0.02832272117375906}. Best is trial 0 with value: 0.10875016450881958.
LOCAL_RANK: 0 - CUDA_VISIBLE_DEVICES: [0]
[I 2023-11-30 13:09:54,470] Trial 19 finished with value: 0.3888486623764038 and parameters: {'gradient_clip_val': 0.5488069754836743, 'hidden_size': 35, 'dropout': 0.19654332017145432, 'hidden_continuous_size': 15, 'attention_head_size': 2, 'learning_rate': 0.009426310332398135}. Best is trial 0 with value: 0.10875016450881958.
LOCAL_RANK: 0 - CUDA_VISIBLE_DEVICES: [0]
[I 2023-11-30 13:10:07,321] Trial 20 finished with value: 0.21557192504405975 and parameters: {'gradient_clip_val': 0.35400117192146485, 'hidden_size': 21, 'dropout': 0.10013959901890788, 'hidden_continuous_size': 12, 'attention_head_size': 4, 'learning_rate': 0.06500949172509932}. Best is trial 0 with value: 0.10875016450881958.
LOCAL_RANK: 0 - CUDA_VISIBLE_DEVICES: [0]
[I 2023-11-30 13:10:21,476] Trial 21 finished with value: 0.08153162151575089 and parameters: {'gradient_clip_val': 0.5580118812969432, 'hidden_size': 63, 'dropout': 0.28365509238270536, 'hidden_continuous_size': 31, 'attention_head_size': 3, 'learning_rate': 0.028881628951271984}. Best is trial 21 with value: 0.08153162151575089.
LOCAL_RANK: 0 - CUDA_VISIBLE_DEVICES: [0]
[I 2023-11-30 13:10:35,664] Trial 22 finished with value: 0.1097027063369751 and parameters: {'gradient_clip_val': 0.8436178194030699, 'hidden_size': 66, 'dropout': 0.29114934067721865, 'hidden_continuous_size': 28, 'attention_head_size': 3, 'learning_rate': 0.05411368357319983}. Best is trial 21 with value: 0.08153162151575089.
LOCAL_RANK: 0 - CUDA_VISIBLE_DEVICES: [0]
[I 2023-11-30 13:10:49,853] Trial 23 finished with value: 0.10008198022842407 and parameters: {'gradient_clip_val': 0.5956589889265229, 'hidden_size': 74, 'dropout': 0.2979674626513042, 'hidden_continuous_size': 30, 'attention_head_size': 3, 'learning_rate': 0.05805182011458415}. Best is trial 21 with value: 0.08153162151575089.
LOCAL_RANK: 0 - CUDA_VISIBLE_DEVICES: [0]
[I 2023-11-30 13:11:03,968] Trial 24 finished with value: 0.07128935307264328 and parameters: {'gradient_clip_val': 0.6268941010800372, 'hidden_size': 79, 'dropout': 0.3140310663912076, 'hidden_continuous_size': 35, 'attention_head_size': 3, 'learning_rate': 0.03544915088744937}. Best is trial 24 with value: 0.07128935307264328.
LOCAL_RANK: 0 - CUDA_VISIBLE_DEVICES: [0]
[I 2023-11-30 13:11:17,972] Trial 25 finished with value: 0.16135619580745697 and parameters: {'gradient_clip_val': 0.6246644282500471, 'hidden_size': 83, 'dropout': 0.31389343974999634, 'hidden_continuous_size': 35, 'attention_head_size': 2, 'learning_rate': 0.03498754419533883}. Best is trial 24 with value: 0.07128935307264328.
LOCAL_RANK: 0 - CUDA_VISIBLE_DEVICES: [0]
[I 2023-11-30 13:11:32,280] Trial 26 finished with value: 0.10954215377569199 and parameters: {'gradient_clip_val': 0.5763721059250819, 'hidden_size': 95, 'dropout': 0.3907081664501904, 'hidden_continuous_size': 39, 'attention_head_size': 3, 'learning_rate': 0.025127964634159138}. Best is trial 24 with value: 0.07128935307264328.
LOCAL_RANK: 0 - CUDA_VISIBLE_DEVICES: [0]
[I 2023-11-30 13:11:45,932] Trial 27 finished with value: 0.15234488248825073 and parameters: {'gradient_clip_val': 0.4927031278019339, 'hidden_size': 72, 'dropout': 0.3004303599954927, 'hidden_continuous_size': 30, 'attention_head_size': 2, 'learning_rate': 0.03904305139552829}. Best is trial 24 with value: 0.07128935307264328.
LOCAL_RANK: 0 - CUDA_VISIBLE_DEVICES: [0]
[I 2023-11-30 13:12:00,398] Trial 28 finished with value: 0.1362389475107193 and parameters: {'gradient_clip_val': 0.5921087029326557, 'hidden_size': 112, 'dropout': 0.27087155057824375, 'hidden_continuous_size': 44, 'attention_head_size': 3, 'learning_rate': 0.01689363325397316}. Best is trial 24 with value: 0.07128935307264328.
LOCAL_RANK: 0 - CUDA_VISIBLE_DEVICES: [0]
[I 2023-11-30 13:12:14,366] Trial 29 finished with value: 0.13186948001384735 and parameters: {'gradient_clip_val': 0.7624610527820291, 'hidden_size': 77, 'dropout': 0.3269891554703888, 'hidden_continuous_size': 25, 'attention_head_size': 3, 'learning_rate': 0.06363002914184282}. Best is trial 24 with value: 0.07128935307264328.
LOCAL_RANK: 0 - CUDA_VISIBLE_DEVICES: [0]
[I 2023-11-30 13:12:27,838] Trial 30 finished with value: 0.09890233725309372 and parameters: {'gradient_clip_val': 0.43961027570984773, 'hidden_size': 60, 'dropout': 0.34125102678711683, 'hidden_continuous_size': 31, 'attention_head_size': 2, 'learning_rate': 0.06837630402333349}. Best is trial 24 with value: 0.07128935307264328.
LOCAL_RANK: 0 - CUDA_VISIBLE_DEVICES: [0]
[I 2023-11-30 13:12:41,229] Trial 31 finished with value: 0.12903960049152374 and parameters: {'gradient_clip_val': 0.41765535410049937, 'hidden_size': 60, 'dropout': 0.34606995163643295, 'hidden_continuous_size': 31, 'attention_head_size': 2, 'learning_rate': 0.0688308705860461}. Best is trial 24 with value: 0.07128935307264328.
LOCAL_RANK: 0 - CUDA_VISIBLE_DEVICES: [0]
[I 2023-11-30 13:12:54,517] Trial 32 finished with value: 0.19092456996440887 and parameters: {'gradient_clip_val': 0.5193514431222175, 'hidden_size': 45, 'dropout': 0.31253265586918916, 'hidden_continuous_size': 26, 'attention_head_size': 1, 'learning_rate': 0.04541840656005071}. Best is trial 24 with value: 0.07128935307264328.
LOCAL_RANK: 0 - CUDA_VISIBLE_DEVICES: [0]
[I 2023-11-30 13:13:08,500] Trial 33 finished with value: 0.18029434978961945 and parameters: {'gradient_clip_val': 0.6110028624878129, 'hidden_size': 58, 'dropout': 0.2891967959602605, 'hidden_continuous_size': 31, 'attention_head_size': 3, 'learning_rate': 0.030916918377860023}. Best is trial 24 with value: 0.07128935307264328.
LOCAL_RANK: 0 - CUDA_VISIBLE_DEVICES: [0]
[I 2023-11-30 13:13:22,348] Trial 34 finished with value: 0.1563020795583725 and parameters: {'gradient_clip_val': 0.4816178261272555, 'hidden_size': 71, 'dropout': 0.33344358283834674, 'hidden_continuous_size': 24, 'attention_head_size': 2, 'learning_rate': 0.06452596316340152}. Best is trial 24 with value: 0.07128935307264328.
LOCAL_RANK: 0 - CUDA_VISIBLE_DEVICES: [0]
[I 2023-11-30 13:13:35,660] Trial 35 finished with value: 0.5095702409744263 and parameters: {'gradient_clip_val': 0.3800662433313701, 'hidden_size': 47, 'dropout': 0.24676433128119, 'hidden_continuous_size': 21, 'attention_head_size': 3, 'learning_rate': 0.021565694190862118}. Best is trial 24 with value: 0.07128935307264328.
LOCAL_RANK: 0 - CUDA_VISIBLE_DEVICES: [0]
[I 2023-11-30 13:13:49,877] Trial 36 finished with value: 0.15052640438079834 and parameters: {'gradient_clip_val': 0.4683207506432622, 'hidden_size': 88, 'dropout': 0.36025891476651, 'hidden_continuous_size': 50, 'attention_head_size': 1, 'learning_rate': 0.04057881627479347}. Best is trial 24 with value: 0.07128935307264328.
LOCAL_RANK: 0 - CUDA_VISIBLE_DEVICES: [0]
[I 2023-11-30 13:14:03,650] Trial 37 finished with value: 0.12732107937335968 and parameters: {'gradient_clip_val': 0.31011405480154197, 'hidden_size': 58, 'dropout': 0.2753960128507291, 'hidden_continuous_size': 35, 'attention_head_size': 3, 'learning_rate': 0.02975660406252339}. Best is trial 24 with value: 0.07128935307264328.
LOCAL_RANK: 0 - CUDA_VISIBLE_DEVICES: [0]
[I 2023-11-30 13:14:17,736] Trial 38 finished with value: 0.09801667928695679 and parameters: {'gradient_clip_val': 0.5671628823928412, 'hidden_size': 77, 'dropout': 0.3139992843096591, 'hidden_continuous_size': 40, 'attention_head_size': 3, 'learning_rate': 0.013480205051463658}. Best is trial 24 with value: 0.07128935307264328.
LOCAL_RANK: 0 - CUDA_VISIBLE_DEVICES: [0]
[I 2023-11-30 13:14:32,352] Trial 39 finished with value: 0.11356181651353836 and parameters: {'gradient_clip_val': 0.5265090033401323, 'hidden_size': 111, 'dropout': 0.3170596955063572, 'hidden_continuous_size': 65, 'attention_head_size': 2, 'learning_rate': 0.013285650822707168}. Best is trial 24 with value: 0.07128935307264328.
LOCAL_RANK: 0 - CUDA_VISIBLE_DEVICES: [0]
[I 2023-11-30 13:14:45,569] Trial 40 finished with value: 0.19803398847579956 and parameters: {'gradient_clip_val': 0.6725234464166333, 'hidden_size': 44, 'dropout': 0.25500797610975084, 'hidden_continuous_size': 28, 'attention_head_size': 3, 'learning_rate': 0.022805892733237472}. Best is trial 24 with value: 0.07128935307264328.
LOCAL_RANK: 0 - CUDA_VISIBLE_DEVICES: [0]
[I 2023-11-30 13:14:59,302] Trial 41 finished with value: 0.08936631679534912 and parameters: {'gradient_clip_val': 0.5928072010489961, 'hidden_size': 72, 'dropout': 0.29187058752215744, 'hidden_continuous_size': 34, 'attention_head_size': 3, 'learning_rate': 0.05321019779514206}. Best is trial 24 with value: 0.07128935307264328.
LOCAL_RANK: 0 - CUDA_VISIBLE_DEVICES: [0]
[I 2023-11-30 13:15:12,983] Trial 42 finished with value: 0.11661627143621445 and parameters: {'gradient_clip_val': 0.4483727715887128, 'hidden_size': 64, 'dropout': 0.3421756748591786, 'hidden_continuous_size': 39, 'attention_head_size': 3, 'learning_rate': 0.04440075443364507}. Best is trial 24 with value: 0.07128935307264328.
LOCAL_RANK: 0 - CUDA_VISIBLE_DEVICES: [0]
[I 2023-11-30 13:15:26,822] Trial 43 finished with value: 0.10761690884828568 and parameters: {'gradient_clip_val': 0.5500116984914674, 'hidden_size': 54, 'dropout': 0.3060380828099489, 'hidden_continuous_size': 34, 'attention_head_size': 3, 'learning_rate': 0.07921510183795524}. Best is trial 24 with value: 0.07128935307264328.
LOCAL_RANK: 0 - CUDA_VISIBLE_DEVICES: [0]
[I 2023-11-30 13:15:40,961] Trial 44 finished with value: 0.15044285356998444 and parameters: {'gradient_clip_val': 0.8153124299021856, 'hidden_size': 85, 'dropout': 0.32345843446325057, 'hidden_continuous_size': 41, 'attention_head_size': 3, 'learning_rate': 0.031303429819376075}. Best is trial 24 with value: 0.07128935307264328.
LOCAL_RANK: 0 - CUDA_VISIBLE_DEVICES: [0]
[I 2023-11-30 13:15:54,643] Trial 45 finished with value: 0.220480278134346 and parameters: {'gradient_clip_val': 0.7007125566260245, 'hidden_size': 51, 'dropout': 0.28305813932074053, 'hidden_continuous_size': 33, 'attention_head_size': 3, 'learning_rate': 0.012937116581238845}. Best is trial 24 with value: 0.07128935307264328.
LOCAL_RANK: 0 - CUDA_VISIBLE_DEVICES: [0]
[I 2023-11-30 13:16:08,499] Trial 46 finished with value: 0.10438355058431625 and parameters: {'gradient_clip_val': 0.6414304907760898, 'hidden_size': 66, 'dropout': 0.3030699560850408, 'hidden_continuous_size': 38, 'attention_head_size': 2, 'learning_rate': 0.03891385214907984}. Best is trial 24 with value: 0.07128935307264328.
LOCAL_RANK: 0 - CUDA_VISIBLE_DEVICES: [0]
[I 2023-11-30 13:16:22,662] Trial 47 finished with value: 0.17816217243671417 and parameters: {'gradient_clip_val': 0.5204657795861902, 'hidden_size': 79, 'dropout': 0.32514882479041096, 'hidden_continuous_size': 47, 'attention_head_size': 3, 'learning_rate': 0.009584248128288593}. Best is trial 24 with value: 0.07128935307264328.
LOCAL_RANK: 0 - CUDA_VISIBLE_DEVICES: [0]
[I 2023-11-30 13:16:36,958] Trial 48 finished with value: 0.17605626583099365 and parameters: {'gradient_clip_val': 0.45021005384364426, 'hidden_size': 107, 'dropout': 0.2855522014847377, 'hidden_continuous_size': 54, 'attention_head_size': 2, 'learning_rate': 0.07584347186491353}. Best is trial 24 with value: 0.07128935307264328.
LOCAL_RANK: 0 - CUDA_VISIBLE_DEVICES: [0]
[I 2023-11-30 13:16:51,334] Trial 49 finished with value: 0.12008944153785706 and parameters: {'gradient_clip_val': 0.7872307975651902, 'hidden_size': 95, 'dropout': 0.25582612208602135, 'hidden_continuous_size': 42, 'attention_head_size': 3, 'learning_rate': 0.0477237326886695}. Best is trial 24 with value: 0.07128935307264328.
LOCAL_RANK: 0 - CUDA_VISIBLE_DEVICES: [0]
[I 2023-11-30 13:17:04,905] Trial 50 finished with value: 0.10801053792238235 and parameters: {'gradient_clip_val': 0.5603604584897003, 'hidden_size': 55, 'dropout': 0.31138828989957934, 'hidden_continuous_size': 37, 'attention_head_size': 1, 'learning_rate': 0.026615640885390424}. Best is trial 24 with value: 0.07128935307264328.
LOCAL_RANK: 0 - CUDA_VISIBLE_DEVICES: [0]
[I 2023-11-30 13:17:18,711] Trial 51 finished with value: 0.1673809140920639 and parameters: {'gradient_clip_val': 0.608142675867162, 'hidden_size': 70, 'dropout': 0.29322548046945074, 'hidden_continuous_size': 32, 'attention_head_size': 3, 'learning_rate': 0.05451387051325655}. Best is trial 24 with value: 0.07128935307264328.
LOCAL_RANK: 0 - CUDA_VISIBLE_DEVICES: [0]
[I 2023-11-30 13:17:32,498] Trial 52 finished with value: 0.13038121163845062 and parameters: {'gradient_clip_val': 0.6985297676575822, 'hidden_size': 79, 'dropout': 0.30159470633970675, 'hidden_continuous_size': 29, 'attention_head_size': 3, 'learning_rate': 0.0604228886326942}. Best is trial 24 with value: 0.07128935307264328.
LOCAL_RANK: 0 - CUDA_VISIBLE_DEVICES: [0]
[I 2023-11-30 13:17:46,186] Trial 53 finished with value: 0.11441364139318466 and parameters: {'gradient_clip_val': 0.6146728225294587, 'hidden_size': 72, 'dropout': 0.2772777841393624, 'hidden_continuous_size': 26, 'attention_head_size': 3, 'learning_rate': 0.03426782365370471}. Best is trial 24 with value: 0.07128935307264328.
LOCAL_RANK: 0 - CUDA_VISIBLE_DEVICES: [0]
[I 2023-11-30 13:18:00,183] Trial 54 finished with value: 0.14927886426448822 and parameters: {'gradient_clip_val': 0.7137956543786144, 'hidden_size': 62, 'dropout': 0.3346122892952669, 'hidden_continuous_size': 33, 'attention_head_size': 3, 'learning_rate': 0.08161658414706689}. Best is trial 24 with value: 0.07128935307264328.
LOCAL_RANK: 0 - CUDA_VISIBLE_DEVICES: [0]
[I 2023-11-30 13:18:14,206] Trial 55 finished with value: 0.1587338000535965 and parameters: {'gradient_clip_val': 0.49739537016228785, 'hidden_size': 87, 'dropout': 0.2625664819427009, 'hidden_continuous_size': 23, 'attention_head_size': 4, 'learning_rate': 0.054584297301496096}. Best is trial 24 with value: 0.07128935307264328.
LOCAL_RANK: 0 - CUDA_VISIBLE_DEVICES: [0]
[I 2023-11-30 13:18:27,539] Trial 56 finished with value: 0.19938166439533234 and parameters: {'gradient_clip_val': 0.556216730758186, 'hidden_size': 52, 'dropout': 0.24068948549806685, 'hidden_continuous_size': 29, 'attention_head_size': 3, 'learning_rate': 0.04475915502442555}. Best is trial 24 with value: 0.07128935307264328.
LOCAL_RANK: 0 - CUDA_VISIBLE_DEVICES: [0]
[I 2023-11-30 13:18:41,424] Trial 57 finished with value: 0.1710498332977295 and parameters: {'gradient_clip_val': 0.8190537518260504, 'hidden_size': 76, 'dropout': 0.2995585824527448, 'hidden_continuous_size': 36, 'attention_head_size': 3, 'learning_rate': 0.09984470575215279}. Best is trial 24 with value: 0.07128935307264328.
LOCAL_RANK: 0 - CUDA_VISIBLE_DEVICES: [0]
[I 2023-11-30 13:18:55,123] Trial 58 finished with value: 0.13819041848182678 and parameters: {'gradient_clip_val': 0.6619313990634584, 'hidden_size': 68, 'dropout': 0.3169231604252641, 'hidden_continuous_size': 32, 'attention_head_size': 4, 'learning_rate': 0.05707554203168908}. Best is trial 24 with value: 0.07128935307264328.
LOCAL_RANK: 0 - CUDA_VISIBLE_DEVICES: [0]
[I 2023-11-30 13:19:08,523] Trial 59 finished with value: 0.16485591232776642 and parameters: {'gradient_clip_val': 0.9005979839682335, 'hidden_size': 41, 'dropout': 0.29369926365773985, 'hidden_continuous_size': 31, 'attention_head_size': 2, 'learning_rate': 0.035965358459915754}. Best is trial 24 with value: 0.07128935307264328.
LOCAL_RANK: 0 - CUDA_VISIBLE_DEVICES: [0]
[I 2023-11-30 13:19:22,341] Trial 60 finished with value: 0.2025938779115677 and parameters: {'gradient_clip_val': 0.587364112927025, 'hidden_size': 59, 'dropout': 0.2672798791339396, 'hidden_continuous_size': 35, 'attention_head_size': 2, 'learning_rate': 0.021241093982082578}. Best is trial 24 with value: 0.07128935307264328.
LOCAL_RANK: 0 - CUDA_VISIBLE_DEVICES: [0]
[I 2023-11-30 13:19:35,958] Trial 61 finished with value: 0.10141556710004807 and parameters: {'gradient_clip_val': 0.6322328861122589, 'hidden_size': 64, 'dropout': 0.30647736958571936, 'hidden_continuous_size': 38, 'attention_head_size': 2, 'learning_rate': 0.038599762008053935}. Best is trial 24 with value: 0.07128935307264328.
LOCAL_RANK: 0 - CUDA_VISIBLE_DEVICES: [0]
