[I 2023-11-30 08:29:25,204] Trial 144 finished with value: 0.15301260352134705 and parameters: {'gradient_clip_val': 0.2305177822924408, 'hidden_size': 63, 'dropout': 0.1576243744765711, 'hidden_continuous_size': 40, 'attention_head_size': 2, 'learning_rate': 0.09868660941960394}. Best is trial 11 with value: 0.07835539430379868.
LOCAL_RANK: 0 - CUDA_VISIBLE_DEVICES: [0]
[I 2023-11-30 08:29:38,880] Trial 145 finished with value: 0.16482789814472198 and parameters: {'gradient_clip_val': 0.1848442392408073, 'hidden_size': 54, 'dropout': 0.12291554081075268, 'hidden_continuous_size': 35, 'attention_head_size': 2, 'learning_rate': 0.07213418549366096}. Best is trial 11 with value: 0.07835539430379868.
LOCAL_RANK: 0 - CUDA_VISIBLE_DEVICES: [0]
[I 2023-11-30 08:29:52,333] Trial 146 finished with value: 0.17425358295440674 and parameters: {'gradient_clip_val': 0.11982903841145642, 'hidden_size': 72, 'dropout': 0.1319636906126858, 'hidden_continuous_size': 16, 'attention_head_size': 2, 'learning_rate': 0.04976247905285839}. Best is trial 11 with value: 0.07835539430379868.
LOCAL_RANK: 0 - CUDA_VISIBLE_DEVICES: [0]
[I 2023-11-30 08:30:05,463] Trial 147 finished with value: 0.12610246241092682 and parameters: {'gradient_clip_val': 0.23647824553902155, 'hidden_size': 42, 'dropout': 0.175142209822909, 'hidden_continuous_size': 29, 'attention_head_size': 2, 'learning_rate': 0.04246899948568977}. Best is trial 11 with value: 0.07835539430379868.
LOCAL_RANK: 0 - CUDA_VISIBLE_DEVICES: [0]
[I 2023-11-30 08:30:18,385] Trial 148 finished with value: 0.195978045463562 and parameters: {'gradient_clip_val': 0.1464273392793205, 'hidden_size': 38, 'dropout': 0.10713874647495522, 'hidden_continuous_size': 20, 'attention_head_size': 2, 'learning_rate': 0.05870478768481541}. Best is trial 11 with value: 0.07835539430379868.
LOCAL_RANK: 0 - CUDA_VISIBLE_DEVICES: [0]
[I 2023-11-30 08:30:31,936] Trial 149 finished with value: 0.16508617997169495 and parameters: {'gradient_clip_val': 0.1947442127885355, 'hidden_size': 58, 'dropout': 0.16528018552859408, 'hidden_continuous_size': 39, 'attention_head_size': 2, 'learning_rate': 0.034398289916266665}. Best is trial 11 with value: 0.07835539430379868.
[I 2023-11-30 08:30:32,048] A new study created in memory with name: no-name-1ef36870-072b-4ce5-a940-5321d3d67262
/home/le004/conda/anaconda3/envs/tsff_env/lib/python3.9/site-packages/lightning/fabric/plugins/environments/slurm.py:191: The `srun` command is available on your system but is not used. HINT: If your intention is to run Lightning on SLURM, prepend your python command with `srun` like so: srun python /home/le004/master_thesis/git/TSFusionForecast/code/ ...
LOCAL_RANK: 0 - CUDA_VISIBLE_DEVICES: [0]
[I 2023-11-30 08:30:46,049] Trial 0 finished with value: 0.10541967302560806 and parameters: {'gradient_clip_val': 0.6202789407778025, 'hidden_size': 70, 'dropout': 0.3752151800195942, 'hidden_continuous_size': 47, 'attention_head_size': 3, 'learning_rate': 0.08314128791895993}. Best is trial 0 with value: 0.10541967302560806.
LOCAL_RANK: 0 - CUDA_VISIBLE_DEVICES: [0]
[I 2023-11-30 08:30:59,004] Trial 1 finished with value: 1.3944196701049805 and parameters: {'gradient_clip_val': 0.11736220599758598, 'hidden_size': 43, 'dropout': 0.1876144804587767, 'hidden_continuous_size': 20, 'attention_head_size': 1, 'learning_rate': 0.00350760104754804}. Best is trial 0 with value: 0.10541967302560806.
LOCAL_RANK: 0 - CUDA_VISIBLE_DEVICES: [0]
[I 2023-11-30 08:31:13,481] Trial 2 finished with value: 0.19307959079742432 and parameters: {'gradient_clip_val': 0.1513563746636309, 'hidden_size': 130, 'dropout': 0.2817068575197009, 'hidden_continuous_size': 54, 'attention_head_size': 3, 'learning_rate': 0.011214036618112145}. Best is trial 0 with value: 0.10541967302560806.
LOCAL_RANK: 0 - CUDA_VISIBLE_DEVICES: [0]
[I 2023-11-30 08:31:25,727] Trial 3 finished with value: 0.10815564543008804 and parameters: {'gradient_clip_val': 0.31049600975892827, 'hidden_size': 24, 'dropout': 0.18067020999592642, 'hidden_continuous_size': 10, 'attention_head_size': 2, 'learning_rate': 0.06691891035530435}. Best is trial 0 with value: 0.10541967302560806.
LOCAL_RANK: 0 - CUDA_VISIBLE_DEVICES: [0]
[I 2023-11-30 08:31:39,434] Trial 4 finished with value: 0.5816845893859863 and parameters: {'gradient_clip_val': 0.29108126013680585, 'hidden_size': 84, 'dropout': 0.19036610578650104, 'hidden_continuous_size': 32, 'attention_head_size': 3, 'learning_rate': 0.0021862094052741386}. Best is trial 0 with value: 0.10541967302560806.
LOCAL_RANK: 0 - CUDA_VISIBLE_DEVICES: [0]
[I 2023-11-30 08:31:52,729] Trial 5 finished with value: 0.40151140093803406 and parameters: {'gradient_clip_val': 0.3581941047003838, 'hidden_size': 48, 'dropout': 0.36130589077885567, 'hidden_continuous_size': 37, 'attention_head_size': 1, 'learning_rate': 0.009549487947622627}. Best is trial 0 with value: 0.10541967302560806.
LOCAL_RANK: 0 - CUDA_VISIBLE_DEVICES: [0]
[I 2023-11-30 08:32:03,194] Trial 6 finished with value: 0.34336575865745544 and parameters: {'gradient_clip_val': 0.5892266729464538, 'hidden_size': 10, 'dropout': 0.28239383840327714, 'hidden_continuous_size': 10, 'attention_head_size': 4, 'learning_rate': 0.08314192576035304}. Best is trial 0 with value: 0.10541967302560806.
LOCAL_RANK: 0 - CUDA_VISIBLE_DEVICES: [0]
[I 2023-11-30 08:32:16,457] Trial 7 finished with value: 0.17703960835933685 and parameters: {'gradient_clip_val': 0.6720004934545789, 'hidden_size': 64, 'dropout': 0.2637642146663691, 'hidden_continuous_size': 16, 'attention_head_size': 1, 'learning_rate': 0.018625670944933923}. Best is trial 0 with value: 0.10541967302560806.
LOCAL_RANK: 0 - CUDA_VISIBLE_DEVICES: [0]
[I 2023-11-30 08:32:28,789] Trial 8 finished with value: 0.3153003454208374 and parameters: {'gradient_clip_val': 0.6182947812223323, 'hidden_size': 14, 'dropout': 0.3945186204042632, 'hidden_continuous_size': 10, 'attention_head_size': 3, 'learning_rate': 0.07480700127261679}. Best is trial 0 with value: 0.10541967302560806.
LOCAL_RANK: 0 - CUDA_VISIBLE_DEVICES: [0]
[I 2023-11-30 08:32:39,552] Trial 9 finished with value: 0.7768241763114929 and parameters: {'gradient_clip_val': 0.31176855926162644, 'hidden_size': 30, 'dropout': 0.11765472157887144, 'hidden_continuous_size': 30, 'attention_head_size': 3, 'learning_rate': 0.009082648187124547}. Best is trial 0 with value: 0.10541967302560806.
LOCAL_RANK: 0 - CUDA_VISIBLE_DEVICES: [0]
[I 2023-11-30 08:32:54,991] Trial 10 finished with value: 0.15236486494541168 and parameters: {'gradient_clip_val': 0.9270363808023522, 'hidden_size': 149, 'dropout': 0.33330681500890796, 'hidden_continuous_size': 119, 'attention_head_size': 4, 'learning_rate': 0.02850728626044435}. Best is trial 0 with value: 0.10541967302560806.
LOCAL_RANK: 0 - CUDA_VISIBLE_DEVICES: [0]
[I 2023-11-30 08:33:07,370] Trial 11 finished with value: 0.26801130175590515 and parameters: {'gradient_clip_val': 0.4183542067879235, 'hidden_size': 21, 'dropout': 0.3283945224623332, 'hidden_continuous_size': 11, 'attention_head_size': 2, 'learning_rate': 0.047098195807411904}. Best is trial 0 with value: 0.10541967302560806.
LOCAL_RANK: 0 - CUDA_VISIBLE_DEVICES: [0]
[I 2023-11-30 08:33:19,673] Trial 12 finished with value: 0.2219281643629074 and parameters: {'gradient_clip_val': 0.2267426364686293, 'hidden_size': 24, 'dropout': 0.2190124431940781, 'hidden_continuous_size': 12, 'attention_head_size': 2, 'learning_rate': 0.044309908096427264}. Best is trial 0 with value: 0.10541967302560806.
LOCAL_RANK: 0 - CUDA_VISIBLE_DEVICES: [0]
[I 2023-11-30 08:33:32,402] Trial 13 finished with value: 0.17705678939819336 and parameters: {'gradient_clip_val': 0.44495459694068556, 'hidden_size': 35, 'dropout': 0.3872561679775478, 'hidden_continuous_size': 13, 'attention_head_size': 2, 'learning_rate': 0.09468218582857126}. Best is trial 0 with value: 0.10541967302560806.
LOCAL_RANK: 0 - CUDA_VISIBLE_DEVICES: [0]
[I 2023-11-30 08:33:45,869] Trial 14 finished with value: 0.1839323490858078 and parameters: {'gradient_clip_val': 0.2027891073111596, 'hidden_size': 66, 'dropout': 0.12314677478476288, 'hidden_continuous_size': 17, 'attention_head_size': 2, 'learning_rate': 0.03938930375999727}. Best is trial 0 with value: 0.10541967302560806.
LOCAL_RANK: 0 - CUDA_VISIBLE_DEVICES: [0]
[I 2023-11-30 08:33:58,286] Trial 15 finished with value: 0.2628096342086792 and parameters: {'gradient_clip_val': 0.9325863635884836, 'hidden_size': 20, 'dropout': 0.3222026781698029, 'hidden_continuous_size': 10, 'attention_head_size': 4, 'learning_rate': 0.08919769762797596}. Best is trial 0 with value: 0.10541967302560806.
LOCAL_RANK: 0 - CUDA_VISIBLE_DEVICES: [0]
[I 2023-11-30 08:34:10,930] Trial 16 finished with value: 0.28790655732154846 and parameters: {'gradient_clip_val': 0.47364050584423245, 'hidden_size': 30, 'dropout': 0.2348462847889083, 'hidden_continuous_size': 13, 'attention_head_size': 3, 'learning_rate': 0.02493352676444536}. Best is trial 0 with value: 0.10541967302560806.
LOCAL_RANK: 0 - CUDA_VISIBLE_DEVICES: [0]
[I 2023-11-30 08:34:24,178] Trial 17 finished with value: 0.22760605812072754 and parameters: {'gradient_clip_val': 0.2785794977416001, 'hidden_size': 50, 'dropout': 0.1659920553346562, 'hidden_continuous_size': 15, 'attention_head_size': 2, 'learning_rate': 0.05471333032787895}. Best is trial 0 with value: 0.10541967302560806.
LOCAL_RANK: 0 - CUDA_VISIBLE_DEVICES: [0]
[I 2023-11-30 08:34:38,057] Trial 18 finished with value: 0.13156439363956451 and parameters: {'gradient_clip_val': 0.3624189110163591, 'hidden_size': 96, 'dropout': 0.24138450253473923, 'hidden_continuous_size': 22, 'attention_head_size': 2, 'learning_rate': 0.06295105502483324}. Best is trial 0 with value: 0.10541967302560806.
LOCAL_RANK: 0 - CUDA_VISIBLE_DEVICES: [0]
[I 2023-11-30 08:34:50,914] Trial 19 finished with value: 0.1403495818376541 and parameters: {'gradient_clip_val': 0.23067989295282404, 'hidden_size': 38, 'dropout': 0.30874856796172784, 'hidden_continuous_size': 14, 'attention_head_size': 3, 'learning_rate': 0.03853715662152116}. Best is trial 0 with value: 0.10541967302560806.
LOCAL_RANK: 0 - CUDA_VISIBLE_DEVICES: [0]
[I 2023-11-30 08:35:04,322] Trial 20 finished with value: 0.23796816170215607 and parameters: {'gradient_clip_val': 0.521673170367593, 'hidden_size': 56, 'dropout': 0.35957182056744036, 'hidden_continuous_size': 17, 'attention_head_size': 4, 'learning_rate': 0.016547568026049047}. Best is trial 0 with value: 0.10541967302560806.
LOCAL_RANK: 0 - CUDA_VISIBLE_DEVICES: [0]
[I 2023-11-30 08:35:18,186] Trial 21 finished with value: 0.17368732392787933 and parameters: {'gradient_clip_val': 0.3516401191410539, 'hidden_size': 91, 'dropout': 0.24163934258935632, 'hidden_continuous_size': 20, 'attention_head_size': 2, 'learning_rate': 0.061445811943024245}. Best is trial 0 with value: 0.10541967302560806.
LOCAL_RANK: 0 - CUDA_VISIBLE_DEVICES: [0]
[I 2023-11-30 08:35:32,316] Trial 22 finished with value: 0.2817917466163635 and parameters: {'gradient_clip_val': 0.3886329583848904, 'hidden_size': 102, 'dropout': 0.2180232846809536, 'hidden_continuous_size': 23, 'attention_head_size': 2, 'learning_rate': 0.09626266002630371}. Best is trial 0 with value: 0.10541967302560806.
LOCAL_RANK: 0 - CUDA_VISIBLE_DEVICES: [0]
[I 2023-11-30 08:35:46,105] Trial 23 finished with value: 0.2065790444612503 and parameters: {'gradient_clip_val': 0.7239821442005703, 'hidden_size': 78, 'dropout': 0.2589490468800142, 'hidden_continuous_size': 41, 'attention_head_size': 1, 'learning_rate': 0.05341310146669407}. Best is trial 0 with value: 0.10541967302560806.
LOCAL_RANK: 0 - CUDA_VISIBLE_DEVICES: [0]
[I 2023-11-30 08:36:00,118] Trial 24 finished with value: 0.21766193211078644 and parameters: {'gradient_clip_val': 0.49279698223809276, 'hidden_size': 111, 'dropout': 0.2884784811284261, 'hidden_continuous_size': 26, 'attention_head_size': 2, 'learning_rate': 0.0693894922563042}. Best is trial 0 with value: 0.10541967302560806.
LOCAL_RANK: 0 - CUDA_VISIBLE_DEVICES: [0]
[I 2023-11-30 08:36:13,718] Trial 25 finished with value: 0.21594102680683136 and parameters: {'gradient_clip_val': 0.37307295368729615, 'hidden_size': 71, 'dropout': 0.15902160656442735, 'hidden_continuous_size': 12, 'attention_head_size': 3, 'learning_rate': 0.03323128603004868}. Best is trial 0 with value: 0.10541967302560806.
LOCAL_RANK: 0 - CUDA_VISIBLE_DEVICES: [0]
[I 2023-11-30 08:36:27,920] Trial 26 finished with value: 0.1786382645368576 and parameters: {'gradient_clip_val': 0.5246972141554607, 'hidden_size': 110, 'dropout': 0.21442966304856326, 'hidden_continuous_size': 50, 'attention_head_size': 2, 'learning_rate': 0.062105333973688406}. Best is trial 0 with value: 0.10541967302560806.
LOCAL_RANK: 0 - CUDA_VISIBLE_DEVICES: [0]
[I 2023-11-30 08:36:41,201] Trial 27 finished with value: 0.13806340098381042 and parameters: {'gradient_clip_val': 0.41753423596703004, 'hidden_size': 63, 'dropout': 0.26848479795556573, 'hidden_continuous_size': 19, 'attention_head_size': 1, 'learning_rate': 0.0998701896186992}. Best is trial 0 with value: 0.10541967302560806.
LOCAL_RANK: 0 - CUDA_VISIBLE_DEVICES: [0]
[I 2023-11-30 08:36:54,955] Trial 28 finished with value: 0.16327811777591705 and parameters: {'gradient_clip_val': 0.3289147531684342, 'hidden_size': 85, 'dropout': 0.2467113436123765, 'hidden_continuous_size': 24, 'attention_head_size': 3, 'learning_rate': 0.028913265152403122}. Best is trial 0 with value: 0.10541967302560806.
LOCAL_RANK: 0 - CUDA_VISIBLE_DEVICES: [0]
[I 2023-11-30 08:37:08,032] Trial 29 finished with value: 0.301074743270874 and parameters: {'gradient_clip_val': 0.2625678992188324, 'hidden_size': 46, 'dropout': 0.19434538083312372, 'hidden_continuous_size': 19, 'attention_head_size': 1, 'learning_rate': 0.06072331841794181}. Best is trial 0 with value: 0.10541967302560806.
LOCAL_RANK: 0 - CUDA_VISIBLE_DEVICES: [0]
[I 2023-11-30 08:37:21,297] Trial 30 finished with value: 0.11062109470367432 and parameters: {'gradient_clip_val': 0.7417352332865308, 'hidden_size': 55, 'dropout': 0.30051271523870615, 'hidden_continuous_size': 15, 'attention_head_size': 2, 'learning_rate': 0.0436367864962838}. Best is trial 0 with value: 0.10541967302560806.
LOCAL_RANK: 0 - CUDA_VISIBLE_DEVICES: [0]
[I 2023-11-30 08:37:34,504] Trial 31 finished with value: 0.14138741791248322 and parameters: {'gradient_clip_val': 0.7731452265681483, 'hidden_size': 54, 'dropout': 0.3074590351687073, 'hidden_continuous_size': 14, 'attention_head_size': 2, 'learning_rate': 0.04507286985345164}. Best is trial 0 with value: 0.10541967302560806.
LOCAL_RANK: 0 - CUDA_VISIBLE_DEVICES: [0]
[I 2023-11-30 08:37:47,337] Trial 32 finished with value: 0.179570272564888 and parameters: {'gradient_clip_val': 0.8271643455791037, 'hidden_size': 42, 'dropout': 0.29706287015138527, 'hidden_continuous_size': 11, 'attention_head_size': 2, 'learning_rate': 0.07277833602950762}. Best is trial 0 with value: 0.10541967302560806.
LOCAL_RANK: 0 - CUDA_VISIBLE_DEVICES: [0]
[I 2023-11-30 08:38:00,976] Trial 33 finished with value: 0.18548661470413208 and parameters: {'gradient_clip_val': 0.598906459138648, 'hidden_size': 74, 'dropout': 0.27495242384774177, 'hidden_continuous_size': 22, 'attention_head_size': 3, 'learning_rate': 0.03733634292876032}. Best is trial 0 with value: 0.10541967302560806.
LOCAL_RANK: 0 - CUDA_VISIBLE_DEVICES: [0]
[I 2023-11-30 08:38:14,687] Trial 34 finished with value: 0.14438287913799286 and parameters: {'gradient_clip_val': 0.6697820361297208, 'hidden_size': 95, 'dropout': 0.24769887697875687, 'hidden_continuous_size': 16, 'attention_head_size': 2, 'learning_rate': 0.0507711381244111}. Best is trial 0 with value: 0.10541967302560806.
LOCAL_RANK: 0 - CUDA_VISIBLE_DEVICES: [0]
[I 2023-11-30 08:38:28,062] Trial 35 finished with value: 0.19251064956188202 and parameters: {'gradient_clip_val': 0.10059295818958403, 'hidden_size': 56, 'dropout': 0.33955663031936695, 'hidden_continuous_size': 18, 'attention_head_size': 3, 'learning_rate': 0.06938635540418397}. Best is trial 0 with value: 0.10541967302560806.
LOCAL_RANK: 0 - CUDA_VISIBLE_DEVICES: [0]
[I 2023-11-30 08:38:42,129] Trial 36 finished with value: 0.21388208866119385 and parameters: {'gradient_clip_val': 0.5518693205016457, 'hidden_size': 124, 'dropout': 0.27853045943484206, 'hidden_continuous_size': 28, 'attention_head_size': 1, 'learning_rate': 0.022836984843126497}. Best is trial 0 with value: 0.10541967302560806.
LOCAL_RANK: 0 - CUDA_VISIBLE_DEVICES: [0]
[I 2023-11-30 08:38:55,783] Trial 37 finished with value: 0.14398950338363647 and parameters: {'gradient_clip_val': 0.994397238342637, 'hidden_size': 80, 'dropout': 0.3628588569642321, 'hidden_continuous_size': 21, 'attention_head_size': 2, 'learning_rate': 0.07770125844544568}. Best is trial 0 with value: 0.10541967302560806.
LOCAL_RANK: 0 - CUDA_VISIBLE_DEVICES: [0]
[I 2023-11-30 08:39:09,098] Trial 38 finished with value: 0.1311478614807129 and parameters: {'gradient_clip_val': 0.6730707958116761, 'hidden_size': 60, 'dropout': 0.293948113244527, 'hidden_continuous_size': 15, 'attention_head_size': 3, 'learning_rate': 0.03461011091937129}. Best is trial 0 with value: 0.10541967302560806.
LOCAL_RANK: 0 - CUDA_VISIBLE_DEVICES: [0]
[I 2023-11-30 08:39:22,526] Trial 39 finished with value: 0.13207389414310455 and parameters: {'gradient_clip_val': 0.8190483022598193, 'hidden_size': 62, 'dropout': 0.28815712393730236, 'hidden_continuous_size': 15, 'attention_head_size': 3, 'learning_rate': 0.03149033905633129}. Best is trial 0 with value: 0.10541967302560806.
LOCAL_RANK: 0 - CUDA_VISIBLE_DEVICES: [0]
[I 2023-11-30 08:39:35,659] Trial 40 finished with value: 0.3042999804019928 and parameters: {'gradient_clip_val': 0.6973657976329001, 'hidden_size': 46, 'dropout': 0.3083958817435, 'hidden_continuous_size': 10, 'attention_head_size': 3, 'learning_rate': 0.014567247711050082}. Best is trial 0 with value: 0.10541967302560806.
LOCAL_RANK: 0 - CUDA_VISIBLE_DEVICES: [0]
[I 2023-11-30 08:39:49,375] Trial 41 finished with value: 0.151335671544075 and parameters: {'gradient_clip_val': 0.615229310287249, 'hidden_size': 73, 'dropout': 0.2573921737321646, 'hidden_continuous_size': 18, 'attention_head_size': 3, 'learning_rate': 0.05240317540557916}. Best is trial 0 with value: 0.10541967302560806.
LOCAL_RANK: 0 - CUDA_VISIBLE_DEVICES: [0]
[I 2023-11-30 08:40:03,095] Trial 42 finished with value: 0.13797007501125336 and parameters: {'gradient_clip_val': 0.5678850502770495, 'hidden_size': 91, 'dropout': 0.2673684978773876, 'hidden_continuous_size': 21, 'attention_head_size': 2, 'learning_rate': 0.07715471559584576}. Best is trial 0 with value: 0.10541967302560806.
LOCAL_RANK: 0 - CUDA_VISIBLE_DEVICES: [0]
[I 2023-11-30 08:40:16,782] Trial 43 finished with value: 0.12481671571731567 and parameters: {'gradient_clip_val': 0.4647863774871575, 'hidden_size': 66, 'dropout': 0.29544613859015834, 'hidden_continuous_size': 26, 'attention_head_size': 3, 'learning_rate': 0.04297292236872368}. Best is trial 0 with value: 0.10541967302560806.
LOCAL_RANK: 0 - CUDA_VISIBLE_DEVICES: [0]
[I 2023-11-30 08:40:30,187] Trial 44 finished with value: 0.14296498894691467 and parameters: {'gradient_clip_val': 0.6741543071425093, 'hidden_size': 60, 'dropout': 0.29502513259037677, 'hidden_continuous_size': 25, 'attention_head_size': 4, 'learning_rate': 0.04221675959622476}. Best is trial 0 with value: 0.10541967302560806.
LOCAL_RANK: 0 - CUDA_VISIBLE_DEVICES: [0]
[I 2023-11-30 08:40:43,950] Trial 45 finished with value: 0.15447647869586945 and parameters: {'gradient_clip_val': 0.4870584132840862, 'hidden_size': 50, 'dropout': 0.3436533446745821, 'hidden_continuous_size': 34, 'attention_head_size': 3, 'learning_rate': 0.021888941492369484}. Best is trial 0 with value: 0.10541967302560806.
LOCAL_RANK: 0 - CUDA_VISIBLE_DEVICES: [0]
[I 2023-11-30 08:40:57,185] Trial 46 finished with value: 0.19050800800323486 and parameters: {'gradient_clip_val': 0.6328215370600279, 'hidden_size': 68, 'dropout': 0.32400320145560196, 'hidden_continuous_size': 11, 'attention_head_size': 3, 'learning_rate': 0.02960093509833791}. Best is trial 0 with value: 0.10541967302560806.
LOCAL_RANK: 0 - CUDA_VISIBLE_DEVICES: [0]
[I 2023-11-30 08:41:10,423] Trial 47 finished with value: 0.14921148121356964 and parameters: {'gradient_clip_val': 0.42756796820093845, 'hidden_size': 41, 'dropout': 0.3853577168896083, 'hidden_continuous_size': 16, 'attention_head_size': 4, 'learning_rate': 0.03463762220171182}. Best is trial 0 with value: 0.10541967302560806.
LOCAL_RANK: 0 - CUDA_VISIBLE_DEVICES: [0]
[I 2023-11-30 08:41:23,706] Trial 48 finished with value: 0.1586395502090454 and parameters: {'gradient_clip_val': 0.7559446308329998, 'hidden_size': 52, 'dropout': 0.2793897094032727, 'hidden_continuous_size': 27, 'attention_head_size': 3, 'learning_rate': 0.046294947700562215}. Best is trial 0 with value: 0.10541967302560806.
LOCAL_RANK: 0 - CUDA_VISIBLE_DEVICES: [0]
[I 2023-11-30 08:41:37,446] Trial 49 finished with value: 0.307405561208725 and parameters: {'gradient_clip_val': 0.5791985293343052, 'hidden_size': 59, 'dropout': 0.31875158896491823, 'hidden_continuous_size': 29, 'attention_head_size': 3, 'learning_rate': 0.007648470369566802}. Best is trial 0 with value: 0.10541967302560806.
LOCAL_RANK: 0 - CUDA_VISIBLE_DEVICES: [0]
[I 2023-11-30 08:41:50,576] Trial 50 finished with value: 0.11964195966720581 and parameters: {'gradient_clip_val': 0.8759984621058478, 'hidden_size': 35, 'dropout': 0.2961489957858255, 'hidden_continuous_size': 13, 'attention_head_size': 3, 'learning_rate': 0.08176504922093605}. Best is trial 0 with value: 0.10541967302560806.
LOCAL_RANK: 0 - CUDA_VISIBLE_DEVICES: [0]
