[I 2023-11-29 20:55:47,697] Trial 80 finished with value: 0.236944317817688 and parameters: {'gradient_clip_val': 0.15342099502408116, 'hidden_size': 42, 'dropout': 0.35851098399730646, 'hidden_continuous_size': 19, 'attention_head_size': 3, 'learning_rate': 0.046272176612837244}. Best is trial 17 with value: 0.13289323449134827.
LOCAL_RANK: 0 - CUDA_VISIBLE_DEVICES: [0]
[I 2023-11-29 20:56:00,588] Trial 81 finished with value: 0.23480470478534698 and parameters: {'gradient_clip_val': 0.14334643877262582, 'hidden_size': 30, 'dropout': 0.33246598144357087, 'hidden_continuous_size': 18, 'attention_head_size': 3, 'learning_rate': 0.04817105528677001}. Best is trial 17 with value: 0.13289323449134827.
LOCAL_RANK: 0 - CUDA_VISIBLE_DEVICES: [0]
[I 2023-11-29 20:56:13,145] Trial 82 finished with value: 0.2518862187862396 and parameters: {'gradient_clip_val': 0.1290157633007419, 'hidden_size': 32, 'dropout': 0.3410060558702753, 'hidden_continuous_size': 16, 'attention_head_size': 3, 'learning_rate': 0.057504057681774676}. Best is trial 17 with value: 0.13289323449134827.
LOCAL_RANK: 0 - CUDA_VISIBLE_DEVICES: [0]
[I 2023-11-29 20:56:26,106] Trial 83 finished with value: 0.13990406692028046 and parameters: {'gradient_clip_val': 0.16605231833139303, 'hidden_size': 35, 'dropout': 0.34551721820302467, 'hidden_continuous_size': 17, 'attention_head_size': 3, 'learning_rate': 0.07135716007546512}. Best is trial 17 with value: 0.13289323449134827.
LOCAL_RANK: 0 - CUDA_VISIBLE_DEVICES: [0]
[I 2023-11-29 20:56:38,930] Trial 84 finished with value: 0.14169129729270935 and parameters: {'gradient_clip_val': 0.15087079328469585, 'hidden_size': 34, 'dropout': 0.30711734399672114, 'hidden_continuous_size': 17, 'attention_head_size': 3, 'learning_rate': 0.0882782840856044}. Best is trial 17 with value: 0.13289323449134827.
LOCAL_RANK: 0 - CUDA_VISIBLE_DEVICES: [0]
[I 2023-11-29 20:56:51,862] Trial 85 finished with value: 0.146532341837883 and parameters: {'gradient_clip_val': 0.12017223069155092, 'hidden_size': 35, 'dropout': 0.30494830576011084, 'hidden_continuous_size': 17, 'attention_head_size': 3, 'learning_rate': 0.09311811042732221}. Best is trial 17 with value: 0.13289323449134827.
LOCAL_RANK: 0 - CUDA_VISIBLE_DEVICES: [0]
[I 2023-11-29 20:57:04,918] Trial 86 finished with value: 0.2320612519979477 and parameters: {'gradient_clip_val': 0.11713457739143371, 'hidden_size': 40, 'dropout': 0.30805582363762796, 'hidden_continuous_size': 17, 'attention_head_size': 3, 'learning_rate': 0.09207220224904478}. Best is trial 17 with value: 0.13289323449134827.
LOCAL_RANK: 0 - CUDA_VISIBLE_DEVICES: [0]
[I 2023-11-29 20:57:17,715] Trial 87 finished with value: 0.46151837706565857 and parameters: {'gradient_clip_val': 0.12198488766632884, 'hidden_size': 35, 'dropout': 0.2993848202473176, 'hidden_continuous_size': 17, 'attention_head_size': 3, 'learning_rate': 0.08996274096415988}. Best is trial 17 with value: 0.13289323449134827.
LOCAL_RANK: 0 - CUDA_VISIBLE_DEVICES: [0]
[I 2023-11-29 20:57:30,716] Trial 88 finished with value: 0.23620660603046417 and parameters: {'gradient_clip_val': 0.1371180342405444, 'hidden_size': 45, 'dropout': 0.31182999967230207, 'hidden_continuous_size': 15, 'attention_head_size': 3, 'learning_rate': 0.08152292822986375}. Best is trial 17 with value: 0.13289323449134827.
LOCAL_RANK: 0 - CUDA_VISIBLE_DEVICES: [0]
[I 2023-11-29 20:57:43,468] Trial 89 finished with value: 0.2853902280330658 and parameters: {'gradient_clip_val': 0.11102189573902693, 'hidden_size': 35, 'dropout': 0.31743881457936113, 'hidden_continuous_size': 16, 'attention_head_size': 3, 'learning_rate': 0.07509333819772723}. Best is trial 17 with value: 0.13289323449134827.
LOCAL_RANK: 0 - CUDA_VISIBLE_DEVICES: [0]
[I 2023-11-29 20:57:56,428] Trial 90 finished with value: 0.26010987162590027 and parameters: {'gradient_clip_val': 0.1279792640389802, 'hidden_size': 31, 'dropout': 0.3259611859612316, 'hidden_continuous_size': 16, 'attention_head_size': 3, 'learning_rate': 0.06265522475051533}. Best is trial 17 with value: 0.13289323449134827.
LOCAL_RANK: 0 - CUDA_VISIBLE_DEVICES: [0]
[I 2023-11-29 20:58:09,340] Trial 91 finished with value: 0.21042664349079132 and parameters: {'gradient_clip_val': 0.10699237316637276, 'hidden_size': 34, 'dropout': 0.32499453329605826, 'hidden_continuous_size': 17, 'attention_head_size': 3, 'learning_rate': 0.08968872603727722}. Best is trial 17 with value: 0.13289323449134827.
LOCAL_RANK: 0 - CUDA_VISIBLE_DEVICES: [0]
[I 2023-11-29 20:58:22,445] Trial 92 finished with value: 0.2215568870306015 and parameters: {'gradient_clip_val': 0.11767103840928701, 'hidden_size': 37, 'dropout': 0.3047994708639932, 'hidden_continuous_size': 30, 'attention_head_size': 3, 'learning_rate': 0.08173172783327545}. Best is trial 17 with value: 0.13289323449134827.
LOCAL_RANK: 0 - CUDA_VISIBLE_DEVICES: [0]
[I 2023-11-29 20:58:35,536] Trial 93 finished with value: 0.18853215873241425 and parameters: {'gradient_clip_val': 0.15343313095424502, 'hidden_size': 39, 'dropout': 0.33734728502672606, 'hidden_continuous_size': 19, 'attention_head_size': 3, 'learning_rate': 0.066324004571635}. Best is trial 17 with value: 0.13289323449134827.
LOCAL_RANK: 0 - CUDA_VISIBLE_DEVICES: [0]
[I 2023-11-29 20:58:48,061] Trial 94 finished with value: 0.24709586799144745 and parameters: {'gradient_clip_val': 0.13155927675851972, 'hidden_size': 28, 'dropout': 0.346974393097478, 'hidden_continuous_size': 16, 'attention_head_size': 3, 'learning_rate': 0.07271005266224738}. Best is trial 17 with value: 0.13289323449134827.
LOCAL_RANK: 0 - CUDA_VISIBLE_DEVICES: [0]
[I 2023-11-29 20:59:00,699] Trial 95 finished with value: 0.1524597853422165 and parameters: {'gradient_clip_val': 0.15586709911497043, 'hidden_size': 31, 'dropout': 0.3362962367562388, 'hidden_continuous_size': 15, 'attention_head_size': 3, 'learning_rate': 0.09746566511594441}. Best is trial 17 with value: 0.13289323449134827.
LOCAL_RANK: 0 - CUDA_VISIBLE_DEVICES: [0]
[I 2023-11-29 20:59:13,553] Trial 96 finished with value: 0.1798812597990036 and parameters: {'gradient_clip_val': 0.13837327559391732, 'hidden_size': 31, 'dropout': 0.29820168664070534, 'hidden_continuous_size': 15, 'attention_head_size': 3, 'learning_rate': 0.09939820133561063}. Best is trial 17 with value: 0.13289323449134827.
LOCAL_RANK: 0 - CUDA_VISIBLE_DEVICES: [0]
[I 2023-11-29 20:59:26,584] Trial 97 finished with value: 0.28876152634620667 and parameters: {'gradient_clip_val': 0.1579536329177787, 'hidden_size': 33, 'dropout': 0.32005127055419724, 'hidden_continuous_size': 17, 'attention_head_size': 3, 'learning_rate': 0.09012667442208265}. Best is trial 17 with value: 0.13289323449134827.
LOCAL_RANK: 0 - CUDA_VISIBLE_DEVICES: [0]
[I 2023-11-29 20:59:39,622] Trial 98 finished with value: 0.20042525231838226 and parameters: {'gradient_clip_val': 0.12423341731785079, 'hidden_size': 43, 'dropout': 0.3119084567455376, 'hidden_continuous_size': 14, 'attention_head_size': 3, 'learning_rate': 0.0815694935495673}. Best is trial 17 with value: 0.13289323449134827.
LOCAL_RANK: 0 - CUDA_VISIBLE_DEVICES: [0]
[I 2023-11-29 20:59:52,854] Trial 99 finished with value: 0.18410724401474 and parameters: {'gradient_clip_val': 0.14559219196609224, 'hidden_size': 47, 'dropout': 0.33437194472337917, 'hidden_continuous_size': 15, 'attention_head_size': 4, 'learning_rate': 0.06949232359911515}. Best is trial 17 with value: 0.13289323449134827.
LOCAL_RANK: 0 - CUDA_VISIBLE_DEVICES: [0]
[I 2023-11-29 21:00:05,682] Trial 100 finished with value: 0.1401078701019287 and parameters: {'gradient_clip_val': 0.17388310410505461, 'hidden_size': 36, 'dropout': 0.32719993149615056, 'hidden_continuous_size': 18, 'attention_head_size': 3, 'learning_rate': 0.059559669685129116}. Best is trial 17 with value: 0.13289323449134827.
LOCAL_RANK: 0 - CUDA_VISIBLE_DEVICES: [0]
[I 2023-11-29 21:00:18,835] Trial 101 finished with value: 0.16867490112781525 and parameters: {'gradient_clip_val': 0.16070340973461075, 'hidden_size': 37, 'dropout': 0.3382853815057171, 'hidden_continuous_size': 18, 'attention_head_size': 3, 'learning_rate': 0.0587042581390008}. Best is trial 17 with value: 0.13289323449134827.
LOCAL_RANK: 0 - CUDA_VISIBLE_DEVICES: [0]
[I 2023-11-29 21:00:31,642] Trial 102 finished with value: 0.26609092950820923 and parameters: {'gradient_clip_val': 0.16822035661832085, 'hidden_size': 40, 'dropout': 0.35439349352538096, 'hidden_continuous_size': 19, 'attention_head_size': 3, 'learning_rate': 0.0577957967876724}. Best is trial 17 with value: 0.13289323449134827.
LOCAL_RANK: 0 - CUDA_VISIBLE_DEVICES: [0]
[I 2023-11-29 21:00:44,526] Trial 103 finished with value: 0.15500052273273468 and parameters: {'gradient_clip_val': 0.1734472667974041, 'hidden_size': 30, 'dropout': 0.32801672459335274, 'hidden_continuous_size': 18, 'attention_head_size': 3, 'learning_rate': 0.09182209231674769}. Best is trial 17 with value: 0.13289323449134827.
LOCAL_RANK: 0 - CUDA_VISIBLE_DEVICES: [0]
[I 2023-11-29 21:00:57,292] Trial 104 finished with value: 0.5205760598182678 and parameters: {'gradient_clip_val': 0.1743434747598766, 'hidden_size': 30, 'dropout': 0.32733667262294147, 'hidden_continuous_size': 18, 'attention_head_size': 3, 'learning_rate': 0.08911436444218664}. Best is trial 17 with value: 0.13289323449134827.
LOCAL_RANK: 0 - CUDA_VISIBLE_DEVICES: [0]
[I 2023-11-29 21:01:10,178] Trial 105 finished with value: 0.12014982849359512 and parameters: {'gradient_clip_val': 0.19059419517268172, 'hidden_size': 36, 'dropout': 0.3387918602647741, 'hidden_continuous_size': 18, 'attention_head_size': 3, 'learning_rate': 0.09948722015194535}. Best is trial 105 with value: 0.12014982849359512.
LOCAL_RANK: 0 - CUDA_VISIBLE_DEVICES: [0]
[I 2023-11-29 21:01:22,931] Trial 106 finished with value: 0.1452765166759491 and parameters: {'gradient_clip_val': 0.1893095659349763, 'hidden_size': 33, 'dropout': 0.34573606332918777, 'hidden_continuous_size': 17, 'attention_head_size': 3, 'learning_rate': 0.09889984889444003}. Best is trial 105 with value: 0.12014982849359512.
LOCAL_RANK: 0 - CUDA_VISIBLE_DEVICES: [0]
[I 2023-11-29 21:01:35,788] Trial 107 finished with value: 0.12093017250299454 and parameters: {'gradient_clip_val': 0.18926179406216267, 'hidden_size': 36, 'dropout': 0.34314900465860454, 'hidden_continuous_size': 20, 'attention_head_size': 3, 'learning_rate': 0.09963123216269577}. Best is trial 105 with value: 0.12014982849359512.
LOCAL_RANK: 0 - CUDA_VISIBLE_DEVICES: [0]
[I 2023-11-29 21:01:48,779] Trial 108 finished with value: 0.19810394942760468 and parameters: {'gradient_clip_val': 0.18818072411464126, 'hidden_size': 34, 'dropout': 0.3292550376438089, 'hidden_continuous_size': 20, 'attention_head_size': 3, 'learning_rate': 0.09920579860772706}. Best is trial 105 with value: 0.12014982849359512.
LOCAL_RANK: 0 - CUDA_VISIBLE_DEVICES: [0]
[I 2023-11-29 21:02:01,566] Trial 109 finished with value: 0.24516426026821136 and parameters: {'gradient_clip_val': 0.21634403533503008, 'hidden_size': 36, 'dropout': 0.3382061806709424, 'hidden_continuous_size': 20, 'attention_head_size': 3, 'learning_rate': 0.07558131896839561}. Best is trial 105 with value: 0.12014982849359512.
LOCAL_RANK: 0 - CUDA_VISIBLE_DEVICES: [0]
[I 2023-11-29 21:02:14,757] Trial 110 finished with value: 0.22693435847759247 and parameters: {'gradient_clip_val': 0.1784334016860631, 'hidden_size': 43, 'dropout': 0.3459880584672907, 'hidden_continuous_size': 21, 'attention_head_size': 3, 'learning_rate': 0.09963148366128133}. Best is trial 105 with value: 0.12014982849359512.
LOCAL_RANK: 0 - CUDA_VISIBLE_DEVICES: [0]
[I 2023-11-29 21:02:27,421] Trial 111 finished with value: 0.21905650198459625 and parameters: {'gradient_clip_val': 0.1726463797932954, 'hidden_size': 32, 'dropout': 0.34308835060569887, 'hidden_continuous_size': 19, 'attention_head_size': 3, 'learning_rate': 0.09247136929829411}. Best is trial 105 with value: 0.12014982849359512.
LOCAL_RANK: 0 - CUDA_VISIBLE_DEVICES: [0]
[I 2023-11-29 21:02:40,078] Trial 112 finished with value: 0.3157857358455658 and parameters: {'gradient_clip_val': 0.2106469941069627, 'hidden_size': 36, 'dropout': 0.3617208719666426, 'hidden_continuous_size': 18, 'attention_head_size': 3, 'learning_rate': 0.08503156395612346}. Best is trial 105 with value: 0.12014982849359512.
LOCAL_RANK: 0 - CUDA_VISIBLE_DEVICES: [0]
[I 2023-11-29 21:02:52,730] Trial 113 finished with value: 0.12262031435966492 and parameters: {'gradient_clip_val': 0.18484961051215054, 'hidden_size': 40, 'dropout': 0.3341139600116418, 'hidden_continuous_size': 17, 'attention_head_size': 3, 'learning_rate': 0.08939818227399854}. Best is trial 105 with value: 0.12014982849359512.
LOCAL_RANK: 0 - CUDA_VISIBLE_DEVICES: [0]
[I 2023-11-29 21:03:05,539] Trial 114 finished with value: 0.19029192626476288 and parameters: {'gradient_clip_val': 0.1920358451231717, 'hidden_size': 40, 'dropout': 0.3342895185067912, 'hidden_continuous_size': 17, 'attention_head_size': 3, 'learning_rate': 0.07161111887364917}. Best is trial 105 with value: 0.12014982849359512.
LOCAL_RANK: 0 - CUDA_VISIBLE_DEVICES: [0]
[I 2023-11-29 21:03:18,543] Trial 115 finished with value: 0.27917468547821045 and parameters: {'gradient_clip_val': 0.19103291602644776, 'hidden_size': 34, 'dropout': 0.32232003911011065, 'hidden_continuous_size': 17, 'attention_head_size': 3, 'learning_rate': 0.06473187554848944}. Best is trial 105 with value: 0.12014982849359512.
LOCAL_RANK: 0 - CUDA_VISIBLE_DEVICES: [0]
[I 2023-11-29 21:03:31,893] Trial 116 finished with value: 0.14584121108055115 and parameters: {'gradient_clip_val': 0.2073032351798979, 'hidden_size': 49, 'dropout': 0.3308796416582113, 'hidden_continuous_size': 21, 'attention_head_size': 3, 'learning_rate': 0.07964086418525201}. Best is trial 105 with value: 0.12014982849359512.
LOCAL_RANK: 0 - CUDA_VISIBLE_DEVICES: [0]
[I 2023-11-29 21:03:45,074] Trial 117 finished with value: 0.1701204627752304 and parameters: {'gradient_clip_val': 0.1837734046072645, 'hidden_size': 38, 'dropout': 0.3568156464733476, 'hidden_continuous_size': 22, 'attention_head_size': 3, 'learning_rate': 0.07908805271783809}. Best is trial 105 with value: 0.12014982849359512.
LOCAL_RANK: 0 - CUDA_VISIBLE_DEVICES: [0]
[I 2023-11-29 21:03:58,333] Trial 118 finished with value: 0.29876893758773804 and parameters: {'gradient_clip_val': 0.2003409294627903, 'hidden_size': 53, 'dropout': 0.33509691342433856, 'hidden_continuous_size': 21, 'attention_head_size': 3, 'learning_rate': 0.06842959418408145}. Best is trial 105 with value: 0.12014982849359512.
LOCAL_RANK: 0 - CUDA_VISIBLE_DEVICES: [0]
[I 2023-11-29 21:04:11,429] Trial 119 finished with value: 0.2937791645526886 and parameters: {'gradient_clip_val': 0.17919592434746773, 'hidden_size': 45, 'dropout': 0.35373803289506955, 'hidden_continuous_size': 14, 'attention_head_size': 3, 'learning_rate': 0.08352442963986699}. Best is trial 105 with value: 0.12014982849359512.
LOCAL_RANK: 0 - CUDA_VISIBLE_DEVICES: [0]
[I 2023-11-29 21:04:24,504] Trial 120 finished with value: 0.22866635024547577 and parameters: {'gradient_clip_val': 0.2087160806679829, 'hidden_size': 41, 'dropout': 0.3223987785355153, 'hidden_continuous_size': 19, 'attention_head_size': 3, 'learning_rate': 0.09904185996591065}. Best is trial 105 with value: 0.12014982849359512.
LOCAL_RANK: 0 - CUDA_VISIBLE_DEVICES: [0]
[I 2023-11-29 21:04:37,569] Trial 121 finished with value: 0.16543050110340118 and parameters: {'gradient_clip_val': 0.1649536014433898, 'hidden_size': 36, 'dropout': 0.32891488913123945, 'hidden_continuous_size': 20, 'attention_head_size': 3, 'learning_rate': 0.0922228688241087}. Best is trial 105 with value: 0.12014982849359512.
LOCAL_RANK: 0 - CUDA_VISIBLE_DEVICES: [0]
[I 2023-11-29 21:04:50,704] Trial 122 finished with value: 0.27262619137763977 and parameters: {'gradient_clip_val': 0.17439699451695262, 'hidden_size': 50, 'dropout': 0.34321823304815074, 'hidden_continuous_size': 16, 'attention_head_size': 3, 'learning_rate': 0.07824192816151358}. Best is trial 105 with value: 0.12014982849359512.
LOCAL_RANK: 0 - CUDA_VISIBLE_DEVICES: [0]
[I 2023-11-29 21:05:03,770] Trial 123 finished with value: 0.2530197203159332 and parameters: {'gradient_clip_val': 0.19285180969756646, 'hidden_size': 39, 'dropout': 0.3303966235760464, 'hidden_continuous_size': 18, 'attention_head_size': 3, 'learning_rate': 0.09005307146443495}. Best is trial 105 with value: 0.12014982849359512.
LOCAL_RANK: 0 - CUDA_VISIBLE_DEVICES: [0]
[I 2023-11-29 21:05:16,659] Trial 124 finished with value: 0.20324194431304932 and parameters: {'gradient_clip_val': 0.2287092562773967, 'hidden_size': 33, 'dropout': 0.30769212766594795, 'hidden_continuous_size': 17, 'attention_head_size': 3, 'learning_rate': 0.07357770664299433}. Best is trial 105 with value: 0.12014982849359512.
LOCAL_RANK: 0 - CUDA_VISIBLE_DEVICES: [0]
[I 2023-11-29 21:05:29,461] Trial 125 finished with value: 0.2526964545249939 and parameters: {'gradient_clip_val': 0.1845868946271097, 'hidden_size': 31, 'dropout': 0.34054448721187924, 'hidden_continuous_size': 16, 'attention_head_size': 3, 'learning_rate': 0.06231563771089755}. Best is trial 105 with value: 0.12014982849359512.
LOCAL_RANK: 0 - CUDA_VISIBLE_DEVICES: [0]
[I 2023-11-29 21:05:42,785] Trial 126 finished with value: 0.24240486323833466 and parameters: {'gradient_clip_val': 0.15903594628895792, 'hidden_size': 42, 'dropout': 0.31430774593750477, 'hidden_continuous_size': 19, 'attention_head_size': 3, 'learning_rate': 0.08432394933714177}. Best is trial 105 with value: 0.12014982849359512.
LOCAL_RANK: 0 - CUDA_VISIBLE_DEVICES: [0]
[I 2023-11-29 21:05:55,713] Trial 127 finished with value: 0.18950490653514862 and parameters: {'gradient_clip_val': 0.16742593067268163, 'hidden_size': 35, 'dropout': 0.32550667704726666, 'hidden_continuous_size': 15, 'attention_head_size': 3, 'learning_rate': 0.053115443122361605}. Best is trial 105 with value: 0.12014982849359512.
LOCAL_RANK: 0 - CUDA_VISIBLE_DEVICES: [0]
[I 2023-11-29 21:06:08,591] Trial 128 finished with value: 0.2981022298336029 and parameters: {'gradient_clip_val': 0.20339198555340066, 'hidden_size': 37, 'dropout': 0.347900102801046, 'hidden_continuous_size': 18, 'attention_head_size': 3, 'learning_rate': 0.09939532741666493}. Best is trial 105 with value: 0.12014982849359512.
LOCAL_RANK: 0 - CUDA_VISIBLE_DEVICES: [0]
[I 2023-11-29 21:06:21,382] Trial 129 finished with value: 0.3008759319782257 and parameters: {'gradient_clip_val': 0.1917611061004513, 'hidden_size': 33, 'dropout': 0.33927744879831717, 'hidden_continuous_size': 17, 'attention_head_size': 3, 'learning_rate': 0.06776692377162812}. Best is trial 105 with value: 0.12014982849359512.
LOCAL_RANK: 0 - CUDA_VISIBLE_DEVICES: [0]
[I 2023-11-29 21:06:34,317] Trial 130 finished with value: 0.3484273850917816 and parameters: {'gradient_clip_val': 0.17658657212805728, 'hidden_size': 30, 'dropout': 0.3202333056106862, 'hidden_continuous_size': 18, 'attention_head_size': 3, 'learning_rate': 0.0898305686675372}. Best is trial 105 with value: 0.12014982849359512.
LOCAL_RANK: 0 - CUDA_VISIBLE_DEVICES: [0]
[I 2023-11-29 21:06:47,245] Trial 131 finished with value: 0.2259361296892166 and parameters: {'gradient_clip_val': 0.15111830608620788, 'hidden_size': 29, 'dropout': 0.34657381379962904, 'hidden_continuous_size': 18, 'attention_head_size': 3, 'learning_rate': 0.08481865517409173}. Best is trial 105 with value: 0.12014982849359512.
LOCAL_RANK: 0 - CUDA_VISIBLE_DEVICES: [0]
[I 2023-11-29 21:06:59,857] Trial 132 finished with value: 0.2551737427711487 and parameters: {'gradient_clip_val': 0.16208938360580563, 'hidden_size': 26, 'dropout': 0.3329000585316533, 'hidden_continuous_size': 17, 'attention_head_size': 3, 'learning_rate': 0.0770015432844493}. Best is trial 105 with value: 0.12014982849359512.
LOCAL_RANK: 0 - CUDA_VISIBLE_DEVICES: [0]
[I 2023-11-29 21:07:12,924] Trial 133 finished with value: 0.21021907031536102 and parameters: {'gradient_clip_val': 0.1489895141026257, 'hidden_size': 39, 'dropout': 0.35372763713415634, 'hidden_continuous_size': 20, 'attention_head_size': 3, 'learning_rate': 0.08955732184785083}. Best is trial 105 with value: 0.12014982849359512.
LOCAL_RANK: 0 - CUDA_VISIBLE_DEVICES: [0]
[I 2023-11-29 21:07:25,533] Trial 134 finished with value: 0.26099157333374023 and parameters: {'gradient_clip_val': 0.1691384218011705, 'hidden_size': 28, 'dropout': 0.36706137716712195, 'hidden_continuous_size': 18, 'attention_head_size': 3, 'learning_rate': 0.07176490771229631}. Best is trial 105 with value: 0.12014982849359512.
LOCAL_RANK: 0 - CUDA_VISIBLE_DEVICES: [0]
[I 2023-11-29 21:07:38,286] Trial 135 finished with value: 0.21202562749385834 and parameters: {'gradient_clip_val': 0.21720424973256766, 'hidden_size': 35, 'dropout': 0.35974337397780803, 'hidden_continuous_size': 19, 'attention_head_size': 3, 'learning_rate': 0.0913954782177041}. Best is trial 105 with value: 0.12014982849359512.
LOCAL_RANK: 0 - CUDA_VISIBLE_DEVICES: [0]
[I 2023-11-29 21:07:51,342] Trial 136 finished with value: 0.24902723729610443 and parameters: {'gradient_clip_val': 0.15526186905414122, 'hidden_size': 33, 'dropout': 0.33689859290789403, 'hidden_continuous_size': 17, 'attention_head_size': 3, 'learning_rate': 0.07950167296121383}. Best is trial 105 with value: 0.12014982849359512.
LOCAL_RANK: 0 - CUDA_VISIBLE_DEVICES: [0]
[I 2023-11-29 21:08:04,084] Trial 137 finished with value: 0.14079034328460693 and parameters: {'gradient_clip_val': 0.18087794438787072, 'hidden_size': 31, 'dropout': 0.34813103544658835, 'hidden_continuous_size': 16, 'attention_head_size': 3, 'learning_rate': 0.09969471052584043}. Best is trial 105 with value: 0.12014982849359512.
LOCAL_RANK: 0 - CUDA_VISIBLE_DEVICES: [0]
