[I 2023-11-30 10:38:15,380] Trial 120 finished with value: 0.28514203429222107 and parameters: {'gradient_clip_val': 0.22318536802269856, 'hidden_size': 105, 'dropout': 0.24184523979191702, 'hidden_continuous_size': 36, 'attention_head_size': 2, 'learning_rate': 0.011970645385951561}. Best is trial 102 with value: 0.08608415722846985.
LOCAL_RANK: 0 - CUDA_VISIBLE_DEVICES: [0]
[I 2023-11-30 10:38:29,847] Trial 121 finished with value: 0.22983284294605255 and parameters: {'gradient_clip_val': 0.3870372342136943, 'hidden_size': 86, 'dropout': 0.20190106329242574, 'hidden_continuous_size': 34, 'attention_head_size': 4, 'learning_rate': 0.02062979869016019}. Best is trial 102 with value: 0.08608415722846985.
LOCAL_RANK: 0 - CUDA_VISIBLE_DEVICES: [0]
[I 2023-11-30 10:38:45,142] Trial 122 finished with value: 0.23122847080230713 and parameters: {'gradient_clip_val': 0.36524674129524776, 'hidden_size': 96, 'dropout': 0.19585113303266447, 'hidden_continuous_size': 57, 'attention_head_size': 4, 'learning_rate': 0.019332575900321537}. Best is trial 102 with value: 0.08608415722846985.
LOCAL_RANK: 0 - CUDA_VISIBLE_DEVICES: [0]
[I 2023-11-30 10:39:00,941] Trial 123 finished with value: 0.24057479202747345 and parameters: {'gradient_clip_val': 0.34265501724781056, 'hidden_size': 99, 'dropout': 0.21957586291879563, 'hidden_continuous_size': 74, 'attention_head_size': 4, 'learning_rate': 0.030624953458461043}. Best is trial 102 with value: 0.08608415722846985.
LOCAL_RANK: 0 - CUDA_VISIBLE_DEVICES: [0]
[I 2023-11-30 10:39:16,680] Trial 124 finished with value: 0.17158864438533783 and parameters: {'gradient_clip_val': 0.2402683672396942, 'hidden_size': 113, 'dropout': 0.18463604476445222, 'hidden_continuous_size': 67, 'attention_head_size': 2, 'learning_rate': 0.035180227892484886}. Best is trial 102 with value: 0.08608415722846985.
LOCAL_RANK: 0 - CUDA_VISIBLE_DEVICES: [0]
[I 2023-11-30 10:39:32,011] Trial 125 finished with value: 0.2516886293888092 and parameters: {'gradient_clip_val': 0.30270593063204454, 'hidden_size': 89, 'dropout': 0.249751241863157, 'hidden_continuous_size': 52, 'attention_head_size': 3, 'learning_rate': 0.023561319007314063}. Best is trial 102 with value: 0.08608415722846985.
LOCAL_RANK: 0 - CUDA_VISIBLE_DEVICES: [0]
[I 2023-11-30 10:39:46,624] Trial 126 finished with value: 0.26652511954307556 and parameters: {'gradient_clip_val': 0.20951697240416783, 'hidden_size': 49, 'dropout': 0.1734530676146192, 'hidden_continuous_size': 45, 'attention_head_size': 2, 'learning_rate': 0.01551742538753478}. Best is trial 102 with value: 0.08608415722846985.
LOCAL_RANK: 0 - CUDA_VISIBLE_DEVICES: [0]
[I 2023-11-30 10:40:01,620] Trial 127 finished with value: 0.1999509334564209 and parameters: {'gradient_clip_val': 0.4541406133865245, 'hidden_size': 62, 'dropout': 0.1896919456072381, 'hidden_continuous_size': 50, 'attention_head_size': 4, 'learning_rate': 0.02709281267982626}. Best is trial 102 with value: 0.08608415722846985.
LOCAL_RANK: 0 - CUDA_VISIBLE_DEVICES: [0]
[I 2023-11-30 10:40:16,597] Trial 128 finished with value: 0.24550385773181915 and parameters: {'gradient_clip_val': 0.2505420343827442, 'hidden_size': 82, 'dropout': 0.23259206194767792, 'hidden_continuous_size': 39, 'attention_head_size': 2, 'learning_rate': 0.06623162111549065}. Best is trial 102 with value: 0.08608415722846985.
LOCAL_RANK: 0 - CUDA_VISIBLE_DEVICES: [0]
[I 2023-11-30 10:40:31,396] Trial 129 finished with value: 0.11539006978273392 and parameters: {'gradient_clip_val': 0.2703596264015376, 'hidden_size': 66, 'dropout': 0.2069817950129991, 'hidden_continuous_size': 37, 'attention_head_size': 2, 'learning_rate': 0.0208712528803036}. Best is trial 102 with value: 0.08608415722846985.
LOCAL_RANK: 0 - CUDA_VISIBLE_DEVICES: [0]
[I 2023-11-30 10:40:46,164] Trial 130 finished with value: 0.1253497153520584 and parameters: {'gradient_clip_val': 0.2667500686884932, 'hidden_size': 72, 'dropout': 0.20724800538783364, 'hidden_continuous_size': 38, 'attention_head_size': 2, 'learning_rate': 0.020760276379173843}. Best is trial 102 with value: 0.08608415722846985.
LOCAL_RANK: 0 - CUDA_VISIBLE_DEVICES: [0]
[I 2023-11-30 10:41:00,948] Trial 131 finished with value: 0.11866915971040726 and parameters: {'gradient_clip_val': 0.2677436906814912, 'hidden_size': 67, 'dropout': 0.2254282961250253, 'hidden_continuous_size': 37, 'attention_head_size': 2, 'learning_rate': 0.021962557830243666}. Best is trial 102 with value: 0.08608415722846985.
LOCAL_RANK: 0 - CUDA_VISIBLE_DEVICES: [0]
[I 2023-11-30 10:41:16,338] Trial 132 finished with value: 0.32072487473487854 and parameters: {'gradient_clip_val': 0.2682711098109853, 'hidden_size': 66, 'dropout': 0.20719185015211322, 'hidden_continuous_size': 38, 'attention_head_size': 2, 'learning_rate': 0.017763732996814174}. Best is trial 102 with value: 0.08608415722846985.
LOCAL_RANK: 0 - CUDA_VISIBLE_DEVICES: [0]
[I 2023-11-30 10:41:31,262] Trial 133 finished with value: 0.12230538576841354 and parameters: {'gradient_clip_val': 0.2570132083570373, 'hidden_size': 74, 'dropout': 0.21469047434187477, 'hidden_continuous_size': 41, 'attention_head_size': 2, 'learning_rate': 0.021870913624257138}. Best is trial 102 with value: 0.08608415722846985.
LOCAL_RANK: 0 - CUDA_VISIBLE_DEVICES: [0]
[I 2023-11-30 10:41:46,231] Trial 134 finished with value: 0.1352704018354416 and parameters: {'gradient_clip_val': 0.2629227227818612, 'hidden_size': 71, 'dropout': 0.21315983484151216, 'hidden_continuous_size': 41, 'attention_head_size': 2, 'learning_rate': 0.02117653824232528}. Best is trial 102 with value: 0.08608415722846985.
LOCAL_RANK: 0 - CUDA_VISIBLE_DEVICES: [0]
[I 2023-11-30 10:42:01,088] Trial 135 finished with value: 0.14256519079208374 and parameters: {'gradient_clip_val': 0.28372488993075135, 'hidden_size': 78, 'dropout': 0.22430605971885617, 'hidden_continuous_size': 37, 'attention_head_size': 2, 'learning_rate': 0.022147502352189808}. Best is trial 102 with value: 0.08608415722846985.
LOCAL_RANK: 0 - CUDA_VISIBLE_DEVICES: [0]
[I 2023-11-30 10:42:16,208] Trial 136 finished with value: 0.26204222440719604 and parameters: {'gradient_clip_val': 0.2418470197858476, 'hidden_size': 74, 'dropout': 0.19820808548809293, 'hidden_continuous_size': 35, 'attention_head_size': 2, 'learning_rate': 0.01933497122513734}. Best is trial 102 with value: 0.08608415722846985.
LOCAL_RANK: 0 - CUDA_VISIBLE_DEVICES: [0]
[I 2023-11-30 10:42:31,305] Trial 137 finished with value: 0.17067725956439972 and parameters: {'gradient_clip_val': 0.29227170968705857, 'hidden_size': 68, 'dropout': 0.20665654967583116, 'hidden_continuous_size': 42, 'attention_head_size': 2, 'learning_rate': 0.02440759002793955}. Best is trial 102 with value: 0.08608415722846985.
LOCAL_RANK: 0 - CUDA_VISIBLE_DEVICES: [0]
[I 2023-11-30 10:42:46,133] Trial 138 finished with value: 0.21530961990356445 and parameters: {'gradient_clip_val': 0.2595677146507641, 'hidden_size': 64, 'dropout': 0.21769045230167197, 'hidden_continuous_size': 40, 'attention_head_size': 2, 'learning_rate': 0.016687345263560326}. Best is trial 102 with value: 0.08608415722846985.
LOCAL_RANK: 0 - CUDA_VISIBLE_DEVICES: [0]
[I 2023-11-30 10:43:01,417] Trial 139 finished with value: 0.22101236879825592 and parameters: {'gradient_clip_val': 0.23136009358961854, 'hidden_size': 83, 'dropout': 0.19222552697238715, 'hidden_continuous_size': 36, 'attention_head_size': 2, 'learning_rate': 0.02521784623343292}. Best is trial 102 with value: 0.08608415722846985.
LOCAL_RANK: 0 - CUDA_VISIBLE_DEVICES: [0]
[I 2023-11-30 10:43:16,183] Trial 140 finished with value: 0.354777455329895 and parameters: {'gradient_clip_val': 0.27551308471244706, 'hidden_size': 74, 'dropout': 0.17929664362834727, 'hidden_continuous_size': 33, 'attention_head_size': 2, 'learning_rate': 0.021246449813868182}. Best is trial 102 with value: 0.08608415722846985.
LOCAL_RANK: 0 - CUDA_VISIBLE_DEVICES: [0]
[I 2023-11-30 10:43:31,216] Trial 141 finished with value: 0.21985942125320435 and parameters: {'gradient_clip_val': 0.24807367666135788, 'hidden_size': 61, 'dropout': 0.2251553585516986, 'hidden_continuous_size': 38, 'attention_head_size': 2, 'learning_rate': 0.028126519229464842}. Best is trial 102 with value: 0.08608415722846985.
LOCAL_RANK: 0 - CUDA_VISIBLE_DEVICES: [0]
[I 2023-11-30 10:43:46,131] Trial 142 finished with value: 0.23424391448497772 and parameters: {'gradient_clip_val': 0.22995248603502286, 'hidden_size': 58, 'dropout': 0.2118356474133715, 'hidden_continuous_size': 44, 'attention_head_size': 2, 'learning_rate': 0.01872795418722452}. Best is trial 102 with value: 0.08608415722846985.
LOCAL_RANK: 0 - CUDA_VISIBLE_DEVICES: [0]
[I 2023-11-30 10:44:00,890] Trial 143 finished with value: 0.1613093763589859 and parameters: {'gradient_clip_val': 0.21769761495803175, 'hidden_size': 56, 'dropout': 0.20104295062199584, 'hidden_continuous_size': 38, 'attention_head_size': 2, 'learning_rate': 0.022953916556071586}. Best is trial 102 with value: 0.08608415722846985.
LOCAL_RANK: 0 - CUDA_VISIBLE_DEVICES: [0]
[I 2023-11-30 10:44:15,726] Trial 144 finished with value: 0.30292871594429016 and parameters: {'gradient_clip_val': 0.2580804632020436, 'hidden_size': 70, 'dropout': 0.21763862498104314, 'hidden_continuous_size': 43, 'attention_head_size': 2, 'learning_rate': 0.01490877035386833}. Best is trial 102 with value: 0.08608415722846985.
LOCAL_RANK: 0 - CUDA_VISIBLE_DEVICES: [0]
[I 2023-11-30 10:44:30,413] Trial 145 finished with value: 0.3819364011287689 and parameters: {'gradient_clip_val': 0.1987583312323043, 'hidden_size': 61, 'dropout': 0.22906583242395234, 'hidden_continuous_size': 39, 'attention_head_size': 2, 'learning_rate': 0.026059536163063435}. Best is trial 102 with value: 0.08608415722846985.
LOCAL_RANK: 0 - CUDA_VISIBLE_DEVICES: [0]
[I 2023-11-30 10:44:45,512] Trial 146 finished with value: 0.11137821525335312 and parameters: {'gradient_clip_val': 0.30832558154795464, 'hidden_size': 65, 'dropout': 0.23580651725719592, 'hidden_continuous_size': 40, 'attention_head_size': 2, 'learning_rate': 0.0318104142570455}. Best is trial 102 with value: 0.08608415722846985.
LOCAL_RANK: 0 - CUDA_VISIBLE_DEVICES: [0]
[I 2023-11-30 10:45:00,935] Trial 147 finished with value: 0.3205679655075073 and parameters: {'gradient_clip_val': 0.3134665912615185, 'hidden_size': 65, 'dropout': 0.23592761739109946, 'hidden_continuous_size': 40, 'attention_head_size': 2, 'learning_rate': 0.03095252304156038}. Best is trial 102 with value: 0.08608415722846985.
LOCAL_RANK: 0 - CUDA_VISIBLE_DEVICES: [0]
[I 2023-11-30 10:45:15,866] Trial 148 finished with value: 0.14878441393375397 and parameters: {'gradient_clip_val': 0.29444086832864064, 'hidden_size': 76, 'dropout': 0.2433296213153877, 'hidden_continuous_size': 47, 'attention_head_size': 2, 'learning_rate': 0.0206787357073562}. Best is trial 102 with value: 0.08608415722846985.
LOCAL_RANK: 0 - CUDA_VISIBLE_DEVICES: [0]
[I 2023-11-30 10:45:31,513] Trial 149 finished with value: 0.1387014389038086 and parameters: {'gradient_clip_val': 0.30694848481997544, 'hidden_size': 89, 'dropout': 0.2322570549802073, 'hidden_continuous_size': 36, 'attention_head_size': 2, 'learning_rate': 0.029162424681733294}. Best is trial 102 with value: 0.08608415722846985.
[I 2023-11-30 10:45:31,640] A new study created in memory with name: no-name-c02dcc74-ef36-4575-943b-918500120389
/home/le004/conda/anaconda3/envs/tsff_env/lib/python3.9/site-packages/lightning/fabric/plugins/environments/slurm.py:191: The `srun` command is available on your system but is not used. HINT: If your intention is to run Lightning on SLURM, prepend your python command with `srun` like so: srun python /home/le004/master_thesis/git/TSFusionForecast/code/ ...
LOCAL_RANK: 0 - CUDA_VISIBLE_DEVICES: [0]
[I 2023-11-30 10:45:44,893] Trial 0 finished with value: 1.1093655824661255 and parameters: {'gradient_clip_val': 0.119853899502489, 'hidden_size': 16, 'dropout': 0.2441336846450832, 'hidden_continuous_size': 14, 'attention_head_size': 3, 'learning_rate': 0.012498175967078414}. Best is trial 0 with value: 1.1093655824661255.
LOCAL_RANK: 0 - CUDA_VISIBLE_DEVICES: [0]
[I 2023-11-30 10:45:58,944] Trial 1 finished with value: 0.1414044350385666 and parameters: {'gradient_clip_val': 0.1430293937044707, 'hidden_size': 37, 'dropout': 0.3998494629397362, 'hidden_continuous_size': 22, 'attention_head_size': 2, 'learning_rate': 0.049959257159182736}. Best is trial 1 with value: 0.1414044350385666.
LOCAL_RANK: 0 - CUDA_VISIBLE_DEVICES: [0]
[I 2023-11-30 10:46:14,590] Trial 2 finished with value: 0.2543870210647583 and parameters: {'gradient_clip_val': 0.7114431112932831, 'hidden_size': 120, 'dropout': 0.12270658329480927, 'hidden_continuous_size': 10, 'attention_head_size': 4, 'learning_rate': 0.08023885002531106}. Best is trial 1 with value: 0.1414044350385666.
LOCAL_RANK: 0 - CUDA_VISIBLE_DEVICES: [0]
[I 2023-11-30 10:46:29,381] Trial 3 finished with value: 0.2657109200954437 and parameters: {'gradient_clip_val': 0.5436125078933972, 'hidden_size': 105, 'dropout': 0.2837723429782912, 'hidden_continuous_size': 12, 'attention_head_size': 2, 'learning_rate': 0.005531017938242965}. Best is trial 1 with value: 0.1414044350385666.
LOCAL_RANK: 0 - CUDA_VISIBLE_DEVICES: [0]
[I 2023-11-30 10:46:43,352] Trial 4 finished with value: 0.14165161550045013 and parameters: {'gradient_clip_val': 0.6728876430094897, 'hidden_size': 32, 'dropout': 0.35324470546877795, 'hidden_continuous_size': 30, 'attention_head_size': 4, 'learning_rate': 0.0559284179192506}. Best is trial 1 with value: 0.1414044350385666.
LOCAL_RANK: 0 - CUDA_VISIBLE_DEVICES: [0]
[I 2023-11-30 10:46:55,312] Trial 5 finished with value: 2.152078151702881 and parameters: {'gradient_clip_val': 0.7625178735915853, 'hidden_size': 10, 'dropout': 0.3551711943935082, 'hidden_continuous_size': 10, 'attention_head_size': 3, 'learning_rate': 0.004468718912236035}. Best is trial 1 with value: 0.1414044350385666.
LOCAL_RANK: 0 - CUDA_VISIBLE_DEVICES: [0]
[I 2023-11-30 10:47:10,738] Trial 6 finished with value: 0.4528091847896576 and parameters: {'gradient_clip_val': 0.6738341216889215, 'hidden_size': 79, 'dropout': 0.14478824623665396, 'hidden_continuous_size': 30, 'attention_head_size': 2, 'learning_rate': 0.0869246277531211}. Best is trial 1 with value: 0.1414044350385666.
LOCAL_RANK: 0 - CUDA_VISIBLE_DEVICES: [0]
[I 2023-11-30 10:47:23,282] Trial 7 finished with value: 0.2078656554222107 and parameters: {'gradient_clip_val': 0.1278133755805266, 'hidden_size': 12, 'dropout': 0.13084007112280316, 'hidden_continuous_size': 12, 'attention_head_size': 4, 'learning_rate': 0.09864657934671409}. Best is trial 1 with value: 0.1414044350385666.
LOCAL_RANK: 0 - CUDA_VISIBLE_DEVICES: [0]
[I 2023-11-30 10:47:36,443] Trial 8 finished with value: 0.16948860883712769 and parameters: {'gradient_clip_val': 0.17653359106861397, 'hidden_size': 26, 'dropout': 0.17544790289101359, 'hidden_continuous_size': 11, 'attention_head_size': 4, 'learning_rate': 0.03090820551971459}. Best is trial 1 with value: 0.1414044350385666.
LOCAL_RANK: 0 - CUDA_VISIBLE_DEVICES: [0]
[I 2023-11-30 10:47:46,881] Trial 9 finished with value: 3.7886438369750977 and parameters: {'gradient_clip_val': 0.10305440873386519, 'hidden_size': 10, 'dropout': 0.35343813966096616, 'hidden_continuous_size': 10, 'attention_head_size': 4, 'learning_rate': 0.002370950083604631}. Best is trial 1 with value: 0.1414044350385666.
LOCAL_RANK: 0 - CUDA_VISIBLE_DEVICES: [0]
[I 2023-11-30 10:48:00,707] Trial 10 finished with value: 0.22831325232982635 and parameters: {'gradient_clip_val': 0.2529990864176692, 'hidden_size': 58, 'dropout': 0.3971126557616032, 'hidden_continuous_size': 54, 'attention_head_size': 1, 'learning_rate': 0.020130323674279537}. Best is trial 1 with value: 0.1414044350385666.
LOCAL_RANK: 0 - CUDA_VISIBLE_DEVICES: [0]
[I 2023-11-30 10:48:13,477] Trial 11 finished with value: 0.14215593039989471 and parameters: {'gradient_clip_val': 0.4076018213915647, 'hidden_size': 31, 'dropout': 0.3872790330124804, 'hidden_continuous_size': 22, 'attention_head_size': 1, 'learning_rate': 0.043014451599022056}. Best is trial 1 with value: 0.1414044350385666.
LOCAL_RANK: 0 - CUDA_VISIBLE_DEVICES: [0]
[I 2023-11-30 10:48:26,622] Trial 12 finished with value: 0.11161971092224121 and parameters: {'gradient_clip_val': 0.9376814209416114, 'hidden_size': 45, 'dropout': 0.32754248474324926, 'hidden_continuous_size': 26, 'attention_head_size': 2, 'learning_rate': 0.03692978978179751}. Best is trial 12 with value: 0.11161971092224121.
LOCAL_RANK: 0 - CUDA_VISIBLE_DEVICES: [0]
[I 2023-11-30 10:48:39,907] Trial 13 finished with value: 0.27978453040122986 and parameters: {'gradient_clip_val': 0.9751621319158063, 'hidden_size': 50, 'dropout': 0.3076141400772884, 'hidden_continuous_size': 18, 'attention_head_size': 2, 'learning_rate': 0.026929612820987502}. Best is trial 12 with value: 0.11161971092224121.
LOCAL_RANK: 0 - CUDA_VISIBLE_DEVICES: [0]
[I 2023-11-30 10:48:53,161] Trial 14 finished with value: 0.2659611403942108 and parameters: {'gradient_clip_val': 0.3071982994673386, 'hidden_size': 46, 'dropout': 0.31781039540710354, 'hidden_continuous_size': 22, 'attention_head_size': 2, 'learning_rate': 0.016372495984587454}. Best is trial 12 with value: 0.11161971092224121.
LOCAL_RANK: 0 - CUDA_VISIBLE_DEVICES: [0]
[I 2023-11-30 10:49:05,783] Trial 15 finished with value: 0.25840914249420166 and parameters: {'gradient_clip_val': 0.2019551353261563, 'hidden_size': 23, 'dropout': 0.38779924580399966, 'hidden_continuous_size': 15, 'attention_head_size': 1, 'learning_rate': 0.04056695393703907}. Best is trial 12 with value: 0.11161971092224121.
LOCAL_RANK: 0 - CUDA_VISIBLE_DEVICES: [0]
[I 2023-11-30 10:49:18,989] Trial 16 finished with value: 0.16849227249622345 and parameters: {'gradient_clip_val': 0.44946380806602293, 'hidden_size': 42, 'dropout': 0.258851459640841, 'hidden_continuous_size': 26, 'attention_head_size': 3, 'learning_rate': 0.02400019774935669}. Best is trial 12 with value: 0.11161971092224121.
LOCAL_RANK: 0 - CUDA_VISIBLE_DEVICES: [0]
[I 2023-11-30 10:49:32,714] Trial 17 finished with value: 0.15391169488430023 and parameters: {'gradient_clip_val': 0.3491685750669744, 'hidden_size': 63, 'dropout': 0.3284739313981686, 'hidden_continuous_size': 41, 'attention_head_size': 2, 'learning_rate': 0.010157103897177519}. Best is trial 12 with value: 0.11161971092224121.
LOCAL_RANK: 0 - CUDA_VISIBLE_DEVICES: [0]
[I 2023-11-30 10:49:45,690] Trial 18 finished with value: 0.10592380911111832 and parameters: {'gradient_clip_val': 0.26123854079540454, 'hidden_size': 38, 'dropout': 0.3693744625957783, 'hidden_continuous_size': 18, 'attention_head_size': 3, 'learning_rate': 0.053577206695234164}. Best is trial 18 with value: 0.10592380911111832.
LOCAL_RANK: 0 - CUDA_VISIBLE_DEVICES: [0]
[I 2023-11-30 10:50:00,094] Trial 19 finished with value: 0.2021070271730423 and parameters: {'gradient_clip_val': 0.2427167151718661, 'hidden_size': 81, 'dropout': 0.28017227498062625, 'hidden_continuous_size': 68, 'attention_head_size': 3, 'learning_rate': 0.01784693676641875}. Best is trial 18 with value: 0.10592380911111832.
LOCAL_RANK: 0 - CUDA_VISIBLE_DEVICES: [0]
[I 2023-11-30 10:50:15,005] Trial 20 finished with value: 0.13191448152065277 and parameters: {'gradient_clip_val': 0.9868552567162935, 'hidden_size': 140, 'dropout': 0.22292508925771073, 'hidden_continuous_size': 131, 'attention_head_size': 3, 'learning_rate': 0.0324335825035284}. Best is trial 18 with value: 0.10592380911111832.
LOCAL_RANK: 0 - CUDA_VISIBLE_DEVICES: [0]
[I 2023-11-30 10:50:29,774] Trial 21 finished with value: 0.18996340036392212 and parameters: {'gradient_clip_val': 0.9494830792954269, 'hidden_size': 122, 'dropout': 0.21089866387224465, 'hidden_continuous_size': 91, 'attention_head_size': 3, 'learning_rate': 0.034212106950312814}. Best is trial 18 with value: 0.10592380911111832.
LOCAL_RANK: 0 - CUDA_VISIBLE_DEVICES: [0]
[I 2023-11-30 10:50:44,606] Trial 22 finished with value: 0.2774897515773773 and parameters: {'gradient_clip_val': 0.5530393194639215, 'hidden_size': 138, 'dropout': 0.2185707709456075, 'hidden_continuous_size': 91, 'attention_head_size': 3, 'learning_rate': 0.05811472003409724}. Best is trial 18 with value: 0.10592380911111832.
LOCAL_RANK: 0 - CUDA_VISIBLE_DEVICES: [0]
[I 2023-11-30 10:50:59,621] Trial 23 finished with value: 0.14276784658432007 and parameters: {'gradient_clip_val': 0.8779036269290212, 'hidden_size': 144, 'dropout': 0.282995060394519, 'hidden_continuous_size': 143, 'attention_head_size': 3, 'learning_rate': 0.02896823217359568}. Best is trial 18 with value: 0.10592380911111832.
LOCAL_RANK: 0 - CUDA_VISIBLE_DEVICES: [0]
[I 2023-11-30 10:51:13,727] Trial 24 finished with value: 0.21305592358112335 and parameters: {'gradient_clip_val': 0.823096629625137, 'hidden_size': 86, 'dropout': 0.3408493961046449, 'hidden_continuous_size': 35, 'attention_head_size': 3, 'learning_rate': 0.06671888073242477}. Best is trial 18 with value: 0.10592380911111832.
LOCAL_RANK: 0 - CUDA_VISIBLE_DEVICES: [0]
[I 2023-11-30 10:51:26,996] Trial 25 finished with value: 0.1306668370962143 and parameters: {'gradient_clip_val': 0.5506545392948531, 'hidden_size': 49, 'dropout': 0.3670586070966981, 'hidden_continuous_size': 19, 'attention_head_size': 2, 'learning_rate': 0.03924240900281239}. Best is trial 18 with value: 0.10592380911111832.
LOCAL_RANK: 0 - CUDA_VISIBLE_DEVICES: [0]
[I 2023-11-30 10:51:40,265] Trial 26 finished with value: 0.10514719039201736 and parameters: {'gradient_clip_val': 0.5442806249797475, 'hidden_size': 52, 'dropout': 0.36168507184632165, 'hidden_continuous_size': 19, 'attention_head_size': 2, 'learning_rate': 0.04877624092337354}. Best is trial 26 with value: 0.10514719039201736.
LOCAL_RANK: 0 - CUDA_VISIBLE_DEVICES: [0]
