[I 2023-11-30 09:07:43,931] Trial 16 finished with value: 0.37682032585144043 and parameters: {'gradient_clip_val': 0.18810193069212816, 'hidden_size': 31, 'dropout': 0.23711701925278078, 'hidden_continuous_size': 15, 'attention_head_size': 2, 'learning_rate': 0.017579798250324435}. Best is trial 12 with value: 0.07228976488113403.
LOCAL_RANK: 0 - CUDA_VISIBLE_DEVICES: [0]
[I 2023-11-30 09:07:56,645] Trial 17 finished with value: 0.3685093820095062 and parameters: {'gradient_clip_val': 0.2720304841716006, 'hidden_size': 18, 'dropout': 0.14416691868712872, 'hidden_continuous_size': 11, 'attention_head_size': 3, 'learning_rate': 0.04132385637928614}. Best is trial 12 with value: 0.07228976488113403.
LOCAL_RANK: 0 - CUDA_VISIBLE_DEVICES: [0]
[I 2023-11-30 09:08:09,621] Trial 18 finished with value: 0.07874330878257751 and parameters: {'gradient_clip_val': 0.17420167926181518, 'hidden_size': 39, 'dropout': 0.18822873299664705, 'hidden_continuous_size': 16, 'attention_head_size': 2, 'learning_rate': 0.053312093373333015}. Best is trial 12 with value: 0.07228976488113403.
LOCAL_RANK: 0 - CUDA_VISIBLE_DEVICES: [0]
[I 2023-11-30 09:08:22,338] Trial 19 finished with value: 0.1298086941242218 and parameters: {'gradient_clip_val': 0.14604279757785366, 'hidden_size': 44, 'dropout': 0.20275288606904052, 'hidden_continuous_size': 12, 'attention_head_size': 2, 'learning_rate': 0.04953053960297202}. Best is trial 12 with value: 0.07228976488113403.
LOCAL_RANK: 0 - CUDA_VISIBLE_DEVICES: [0]
[I 2023-11-30 09:08:35,432] Trial 20 finished with value: 0.33507266640663147 and parameters: {'gradient_clip_val': 0.16773192470677567, 'hidden_size': 44, 'dropout': 0.1781071800603727, 'hidden_continuous_size': 21, 'attention_head_size': 2, 'learning_rate': 0.025030886696663625}. Best is trial 12 with value: 0.07228976488113403.
LOCAL_RANK: 0 - CUDA_VISIBLE_DEVICES: [0]
[I 2023-11-30 09:08:48,507] Trial 21 finished with value: 0.10958146303892136 and parameters: {'gradient_clip_val': 0.2509648954126342, 'hidden_size': 34, 'dropout': 0.12410170995439851, 'hidden_continuous_size': 15, 'attention_head_size': 3, 'learning_rate': 0.09325080105745125}. Best is trial 12 with value: 0.07228976488113403.
LOCAL_RANK: 0 - CUDA_VISIBLE_DEVICES: [0]
[I 2023-11-30 09:09:01,116] Trial 22 finished with value: 0.17579662799835205 and parameters: {'gradient_clip_val': 0.1724189207015267, 'hidden_size': 27, 'dropout': 0.2305567670067021, 'hidden_continuous_size': 14, 'attention_head_size': 3, 'learning_rate': 0.04946725217150671}. Best is trial 12 with value: 0.07228976488113403.
LOCAL_RANK: 0 - CUDA_VISIBLE_DEVICES: [0]
[I 2023-11-30 09:09:13,906] Trial 23 finished with value: 0.13304539024829865 and parameters: {'gradient_clip_val': 0.2033594230730685, 'hidden_size': 35, 'dropout': 0.17695613938963622, 'hidden_continuous_size': 16, 'attention_head_size': 2, 'learning_rate': 0.05951192998229121}. Best is trial 12 with value: 0.07228976488113403.
LOCAL_RANK: 0 - CUDA_VISIBLE_DEVICES: [0]
[I 2023-11-30 09:09:27,166] Trial 24 finished with value: 0.20053867995738983 and parameters: {'gradient_clip_val': 0.2739438773832816, 'hidden_size': 41, 'dropout': 0.12709931050343118, 'hidden_continuous_size': 17, 'attention_head_size': 4, 'learning_rate': 0.09840226644472112}. Best is trial 12 with value: 0.07228976488113403.
LOCAL_RANK: 0 - CUDA_VISIBLE_DEVICES: [0]
[I 2023-11-30 09:09:39,902] Trial 25 finished with value: 0.07333683222532272 and parameters: {'gradient_clip_val': 0.18119032900653717, 'hidden_size': 25, 'dropout': 0.10282648841551578, 'hidden_continuous_size': 14, 'attention_head_size': 3, 'learning_rate': 0.06232247939869035}. Best is trial 12 with value: 0.07228976488113403.
LOCAL_RANK: 0 - CUDA_VISIBLE_DEVICES: [0]
[I 2023-11-30 09:09:52,383] Trial 26 finished with value: 0.15938760340213776 and parameters: {'gradient_clip_val': 0.14692111921556292, 'hidden_size': 17, 'dropout': 0.14286811055525123, 'hidden_continuous_size': 11, 'attention_head_size': 2, 'learning_rate': 0.0571642633636551}. Best is trial 12 with value: 0.07228976488113403.
LOCAL_RANK: 0 - CUDA_VISIBLE_DEVICES: [0]
[I 2023-11-30 09:10:04,800] Trial 27 finished with value: 0.22087566554546356 and parameters: {'gradient_clip_val': 0.1789919767535637, 'hidden_size': 25, 'dropout': 0.17267874684987228, 'hidden_continuous_size': 14, 'attention_head_size': 3, 'learning_rate': 0.03848698205868174}. Best is trial 12 with value: 0.07228976488113403.
LOCAL_RANK: 0 - CUDA_VISIBLE_DEVICES: [0]
[I 2023-11-30 09:10:17,229] Trial 28 finished with value: 0.18495185673236847 and parameters: {'gradient_clip_val': 0.12220320798791603, 'hidden_size': 28, 'dropout': 0.2206596476144526, 'hidden_continuous_size': 13, 'attention_head_size': 4, 'learning_rate': 0.030478463965031878}. Best is trial 12 with value: 0.07228976488113403.
LOCAL_RANK: 0 - CUDA_VISIBLE_DEVICES: [0]
[I 2023-11-30 09:10:29,785] Trial 29 finished with value: 0.08251599222421646 and parameters: {'gradient_clip_val': 0.1553993336094816, 'hidden_size': 19, 'dropout': 0.12845121619998268, 'hidden_continuous_size': 12, 'attention_head_size': 2, 'learning_rate': 0.05848043832522414}. Best is trial 12 with value: 0.07228976488113403.
LOCAL_RANK: 0 - CUDA_VISIBLE_DEVICES: [0]
[I 2023-11-30 09:10:43,227] Trial 30 finished with value: 0.27171385288238525 and parameters: {'gradient_clip_val': 0.16007384645041722, 'hidden_size': 56, 'dropout': 0.16717644074060134, 'hidden_continuous_size': 19, 'attention_head_size': 3, 'learning_rate': 0.018493954755625354}. Best is trial 12 with value: 0.07228976488113403.
LOCAL_RANK: 0 - CUDA_VISIBLE_DEVICES: [0]
[I 2023-11-30 09:10:56,291] Trial 31 finished with value: 0.09213324636220932 and parameters: {'gradient_clip_val': 0.2087805446809582, 'hidden_size': 39, 'dropout': 0.10231118659426534, 'hidden_continuous_size': 16, 'attention_head_size': 3, 'learning_rate': 0.08850957273582444}. Best is trial 12 with value: 0.07228976488113403.
LOCAL_RANK: 0 - CUDA_VISIBLE_DEVICES: [0]
[I 2023-11-30 09:11:09,111] Trial 32 finished with value: 0.14402064681053162 and parameters: {'gradient_clip_val': 0.13949671471987582, 'hidden_size': 31, 'dropout': 0.10344954628789203, 'hidden_continuous_size': 16, 'attention_head_size': 3, 'learning_rate': 0.0728012410360115}. Best is trial 12 with value: 0.07228976488113403.
LOCAL_RANK: 0 - CUDA_VISIBLE_DEVICES: [0]
[I 2023-11-30 09:11:22,010] Trial 33 finished with value: 0.17610947787761688 and parameters: {'gradient_clip_val': 0.18355818538262578, 'hidden_size': 35, 'dropout': 0.1426420020834983, 'hidden_continuous_size': 17, 'attention_head_size': 3, 'learning_rate': 0.047799719299554635}. Best is trial 12 with value: 0.07228976488113403.
LOCAL_RANK: 0 - CUDA_VISIBLE_DEVICES: [0]
[I 2023-11-30 09:11:34,655] Trial 34 finished with value: 0.13240909576416016 and parameters: {'gradient_clip_val': 0.12538364077143715, 'hidden_size': 26, 'dropout': 0.18964180694716745, 'hidden_continuous_size': 14, 'attention_head_size': 3, 'learning_rate': 0.07508943691280005}. Best is trial 12 with value: 0.07228976488113403.
LOCAL_RANK: 0 - CUDA_VISIBLE_DEVICES: [0]
[I 2023-11-30 09:11:47,097] Trial 35 finished with value: 0.24178560078144073 and parameters: {'gradient_clip_val': 0.16473181855438795, 'hidden_size': 15, 'dropout': 0.15914725053206397, 'hidden_continuous_size': 11, 'attention_head_size': 2, 'learning_rate': 0.06337697604366295}. Best is trial 12 with value: 0.07228976488113403.
LOCAL_RANK: 0 - CUDA_VISIBLE_DEVICES: [0]
[I 2023-11-30 09:11:59,677] Trial 36 finished with value: 0.17364497482776642 and parameters: {'gradient_clip_val': 0.23568281283981132, 'hidden_size': 21, 'dropout': 0.21448869593613615, 'hidden_continuous_size': 15, 'attention_head_size': 4, 'learning_rate': 0.03213204510133103}. Best is trial 12 with value: 0.07228976488113403.
LOCAL_RANK: 0 - CUDA_VISIBLE_DEVICES: [0]
[I 2023-11-30 09:12:12,758] Trial 37 finished with value: 0.11935756355524063 and parameters: {'gradient_clip_val': 0.19975923703563403, 'hidden_size': 48, 'dropout': 0.1881457112927808, 'hidden_continuous_size': 20, 'attention_head_size': 3, 'learning_rate': 0.07631318741126937}. Best is trial 12 with value: 0.07228976488113403.
LOCAL_RANK: 0 - CUDA_VISIBLE_DEVICES: [0]
[I 2023-11-30 09:12:25,654] Trial 38 finished with value: 0.2349468469619751 and parameters: {'gradient_clip_val': 0.11522884770506697, 'hidden_size': 39, 'dropout': 0.13368591865713744, 'hidden_continuous_size': 19, 'attention_head_size': 2, 'learning_rate': 0.0547562037078016}. Best is trial 12 with value: 0.07228976488113403.
LOCAL_RANK: 0 - CUDA_VISIBLE_DEVICES: [0]
[I 2023-11-30 09:12:39,094] Trial 39 finished with value: 0.19837208092212677 and parameters: {'gradient_clip_val': 0.1424785044166352, 'hidden_size': 61, 'dropout': 0.15423469587902466, 'hidden_continuous_size': 21, 'attention_head_size': 3, 'learning_rate': 0.0996923042346597}. Best is trial 12 with value: 0.07228976488113403.
LOCAL_RANK: 0 - CUDA_VISIBLE_DEVICES: [0]
[I 2023-11-30 09:12:52,708] Trial 40 finished with value: 0.16472531855106354 and parameters: {'gradient_clip_val': 0.30632048305751297, 'hidden_size': 49, 'dropout': 0.1223164385195756, 'hidden_continuous_size': 22, 'attention_head_size': 4, 'learning_rate': 0.04076375764614321}. Best is trial 12 with value: 0.07228976488113403.
LOCAL_RANK: 0 - CUDA_VISIBLE_DEVICES: [0]
[I 2023-11-30 09:13:04,859] Trial 41 finished with value: 0.20295250415802002 and parameters: {'gradient_clip_val': 0.15834452177290478, 'hidden_size': 20, 'dropout': 0.11593146662526108, 'hidden_continuous_size': 12, 'attention_head_size': 2, 'learning_rate': 0.0618774401535363}. Best is trial 12 with value: 0.07228976488113403.
LOCAL_RANK: 0 - CUDA_VISIBLE_DEVICES: [0]
[I 2023-11-30 09:13:17,132] Trial 42 finished with value: 0.18614725768566132 and parameters: {'gradient_clip_val': 0.13618693702962853, 'hidden_size': 24, 'dropout': 0.13382268542225953, 'hidden_continuous_size': 14, 'attention_head_size': 1, 'learning_rate': 0.06489554901275925}. Best is trial 12 with value: 0.07228976488113403.
LOCAL_RANK: 0 - CUDA_VISIBLE_DEVICES: [0]
[I 2023-11-30 09:13:29,813] Trial 43 finished with value: 0.1299750804901123 and parameters: {'gradient_clip_val': 0.18507189393974485, 'hidden_size': 29, 'dropout': 0.11690768515353497, 'hidden_continuous_size': 16, 'attention_head_size': 2, 'learning_rate': 0.08004878305770656}. Best is trial 12 with value: 0.07228976488113403.
LOCAL_RANK: 0 - CUDA_VISIBLE_DEVICES: [0]
[I 2023-11-30 09:13:42,126] Trial 44 finished with value: 0.42149341106414795 and parameters: {'gradient_clip_val': 0.10352038038910431, 'hidden_size': 14, 'dropout': 0.13804182708537066, 'hidden_continuous_size': 10, 'attention_head_size': 2, 'learning_rate': 0.046695838383737295}. Best is trial 12 with value: 0.07228976488113403.
LOCAL_RANK: 0 - CUDA_VISIBLE_DEVICES: [0]
[I 2023-11-30 09:13:54,987] Trial 45 finished with value: 0.13476622104644775 and parameters: {'gradient_clip_val': 0.2069547244240812, 'hidden_size': 26, 'dropout': 0.15358475204196456, 'hidden_continuous_size': 17, 'attention_head_size': 3, 'learning_rate': 0.07902120483152737}. Best is trial 12 with value: 0.07228976488113403.
LOCAL_RANK: 0 - CUDA_VISIBLE_DEVICES: [0]
[I 2023-11-30 09:14:07,393] Trial 46 finished with value: 0.10965770483016968 and parameters: {'gradient_clip_val': 0.15779658238086686, 'hidden_size': 23, 'dropout': 0.10444952155506454, 'hidden_continuous_size': 14, 'attention_head_size': 1, 'learning_rate': 0.03532393295870249}. Best is trial 12 with value: 0.07228976488113403.
LOCAL_RANK: 0 - CUDA_VISIBLE_DEVICES: [0]
[I 2023-11-30 09:14:20,111] Trial 47 finished with value: 0.08866233378648758 and parameters: {'gradient_clip_val': 0.11340256451259842, 'hidden_size': 31, 'dropout': 0.1277925396391552, 'hidden_continuous_size': 13, 'attention_head_size': 2, 'learning_rate': 0.05910242968402162}. Best is trial 12 with value: 0.07228976488113403.
LOCAL_RANK: 0 - CUDA_VISIBLE_DEVICES: [0]
[I 2023-11-30 09:14:32,500] Trial 48 finished with value: 0.641502857208252 and parameters: {'gradient_clip_val': 0.22023377058175067, 'hidden_size': 11, 'dropout': 0.1623392738340635, 'hidden_continuous_size': 10, 'attention_head_size': 3, 'learning_rate': 0.025639361163786845}. Best is trial 12 with value: 0.07228976488113403.
LOCAL_RANK: 0 - CUDA_VISIBLE_DEVICES: [0]
[I 2023-11-30 09:14:45,999] Trial 49 finished with value: 0.09373088926076889 and parameters: {'gradient_clip_val': 0.17951263143984608, 'hidden_size': 72, 'dropout': 0.24834746442096278, 'hidden_continuous_size': 23, 'attention_head_size': 2, 'learning_rate': 0.04670196300262219}. Best is trial 12 with value: 0.07228976488113403.
LOCAL_RANK: 0 - CUDA_VISIBLE_DEVICES: [0]
[I 2023-11-30 09:14:58,432] Trial 50 finished with value: 0.10688342899084091 and parameters: {'gradient_clip_val': 0.132043109518392, 'hidden_size': 20, 'dropout': 0.1112058721094033, 'hidden_continuous_size': 15, 'attention_head_size': 3, 'learning_rate': 0.08523687539911162}. Best is trial 12 with value: 0.07228976488113403.
LOCAL_RANK: 0 - CUDA_VISIBLE_DEVICES: [0]
[I 2023-11-30 09:15:11,157] Trial 51 finished with value: 0.1207135021686554 and parameters: {'gradient_clip_val': 0.11645729586687001, 'hidden_size': 33, 'dropout': 0.1310661493773038, 'hidden_continuous_size': 13, 'attention_head_size': 2, 'learning_rate': 0.06313471742011152}. Best is trial 12 with value: 0.07228976488113403.
LOCAL_RANK: 0 - CUDA_VISIBLE_DEVICES: [0]
[I 2023-11-30 09:15:23,704] Trial 52 finished with value: 0.14114119112491608 and parameters: {'gradient_clip_val': 0.1497166679347824, 'hidden_size': 30, 'dropout': 0.12087406130646527, 'hidden_continuous_size': 12, 'attention_head_size': 2, 'learning_rate': 0.055014030113368}. Best is trial 12 with value: 0.07228976488113403.
LOCAL_RANK: 0 - CUDA_VISIBLE_DEVICES: [0]
[I 2023-11-30 09:15:36,459] Trial 53 finished with value: 0.21129906177520752 and parameters: {'gradient_clip_val': 0.11368342001315945, 'hidden_size': 37, 'dropout': 0.1001170877234251, 'hidden_continuous_size': 13, 'attention_head_size': 2, 'learning_rate': 0.07161466308217614}. Best is trial 12 with value: 0.07228976488113403.
LOCAL_RANK: 0 - CUDA_VISIBLE_DEVICES: [0]
[I 2023-11-30 09:15:48,938] Trial 54 finished with value: 0.11856915801763535 and parameters: {'gradient_clip_val': 0.10274719998923822, 'hidden_size': 33, 'dropout': 0.14758128681912702, 'hidden_continuous_size': 15, 'attention_head_size': 1, 'learning_rate': 0.09181439033838858}. Best is trial 12 with value: 0.07228976488113403.
LOCAL_RANK: 0 - CUDA_VISIBLE_DEVICES: [0]
[I 2023-11-30 09:16:01,653] Trial 55 finished with value: 0.1511247307062149 and parameters: {'gradient_clip_val': 0.12745787864491123, 'hidden_size': 28, 'dropout': 0.11271310587996275, 'hidden_continuous_size': 17, 'attention_head_size': 2, 'learning_rate': 0.0997116005695904}. Best is trial 12 with value: 0.07228976488113403.
LOCAL_RANK: 0 - CUDA_VISIBLE_DEVICES: [0]
[I 2023-11-30 09:16:14,566] Trial 56 finished with value: 0.18271006643772125 and parameters: {'gradient_clip_val': 0.17031623326196826, 'hidden_size': 42, 'dropout': 0.13041304483234267, 'hidden_continuous_size': 12, 'attention_head_size': 2, 'learning_rate': 0.052585814096186026}. Best is trial 12 with value: 0.07228976488113403.
LOCAL_RANK: 0 - CUDA_VISIBLE_DEVICES: [0]
[I 2023-11-30 09:16:27,427] Trial 57 finished with value: 0.10236310958862305 and parameters: {'gradient_clip_val': 0.1524060062353938, 'hidden_size': 37, 'dropout': 0.1460623488316572, 'hidden_continuous_size': 18, 'attention_head_size': 3, 'learning_rate': 0.042829952577963785}. Best is trial 12 with value: 0.07228976488113403.
LOCAL_RANK: 0 - CUDA_VISIBLE_DEVICES: [0]
[I 2023-11-30 09:16:39,813] Trial 58 finished with value: 0.24591274559497833 and parameters: {'gradient_clip_val': 0.1982668881449317, 'hidden_size': 24, 'dropout': 0.1261901776162617, 'hidden_continuous_size': 14, 'attention_head_size': 3, 'learning_rate': 0.0641929315552967}. Best is trial 12 with value: 0.07228976488113403.
LOCAL_RANK: 0 - CUDA_VISIBLE_DEVICES: [0]
[I 2023-11-30 09:16:52,725] Trial 59 finished with value: 0.24904964864253998 and parameters: {'gradient_clip_val': 0.14058123152392452, 'hidden_size': 45, 'dropout': 0.17220876321354375, 'hidden_continuous_size': 11, 'attention_head_size': 2, 'learning_rate': 0.0338058012409297}. Best is trial 12 with value: 0.07228976488113403.
LOCAL_RANK: 0 - CUDA_VISIBLE_DEVICES: [0]
[I 2023-11-30 09:17:05,699] Trial 60 finished with value: 0.26171350479125977 and parameters: {'gradient_clip_val': 0.1699896970025036, 'hidden_size': 31, 'dropout': 0.16399636081792335, 'hidden_continuous_size': 16, 'attention_head_size': 3, 'learning_rate': 0.08175660379228683}. Best is trial 12 with value: 0.07228976488113403.
LOCAL_RANK: 0 - CUDA_VISIBLE_DEVICES: [0]
[I 2023-11-30 09:17:18,691] Trial 61 finished with value: 0.19918940961360931 and parameters: {'gradient_clip_val': 0.19175047391375727, 'hidden_size': 41, 'dropout': 0.1075133032705916, 'hidden_continuous_size': 16, 'attention_head_size': 3, 'learning_rate': 0.08531177450091136}. Best is trial 12 with value: 0.07228976488113403.
LOCAL_RANK: 0 - CUDA_VISIBLE_DEVICES: [0]
[I 2023-11-30 09:17:31,787] Trial 62 finished with value: 0.09256339073181152 and parameters: {'gradient_clip_val': 0.22732603310230862, 'hidden_size': 38, 'dropout': 0.1008800473742747, 'hidden_continuous_size': 18, 'attention_head_size': 3, 'learning_rate': 0.05581092248096405}. Best is trial 12 with value: 0.07228976488113403.
LOCAL_RANK: 0 - CUDA_VISIBLE_DEVICES: [0]
[I 2023-11-30 09:17:44,275] Trial 63 finished with value: 0.12718111276626587 and parameters: {'gradient_clip_val': 0.21363696852089978, 'hidden_size': 28, 'dropout': 0.11445505028927944, 'hidden_continuous_size': 15, 'attention_head_size': 3, 'learning_rate': 0.06995393128979367}. Best is trial 12 with value: 0.07228976488113403.
LOCAL_RANK: 0 - CUDA_VISIBLE_DEVICES: [0]
[I 2023-11-30 09:17:57,135] Trial 64 finished with value: 0.2688731253147125 and parameters: {'gradient_clip_val': 0.24373169755145052, 'hidden_size': 38, 'dropout': 0.13801163943730965, 'hidden_continuous_size': 13, 'attention_head_size': 3, 'learning_rate': 0.08634604175917136}. Best is trial 12 with value: 0.07228976488113403.
LOCAL_RANK: 0 - CUDA_VISIBLE_DEVICES: [0]
[I 2023-11-30 09:18:10,185] Trial 65 finished with value: 0.168046236038208 and parameters: {'gradient_clip_val': 0.21276791286001825, 'hidden_size': 33, 'dropout': 0.12120509555373825, 'hidden_continuous_size': 17, 'attention_head_size': 3, 'learning_rate': 0.07122901811838872}. Best is trial 12 with value: 0.07228976488113403.
LOCAL_RANK: 0 - CUDA_VISIBLE_DEVICES: [0]
[I 2023-11-30 09:18:22,756] Trial 66 finished with value: 0.204438254237175 and parameters: {'gradient_clip_val': 0.1892448451157458, 'hidden_size': 26, 'dropout': 0.10977860391763782, 'hidden_continuous_size': 16, 'attention_head_size': 2, 'learning_rate': 0.05068149180807742}. Best is trial 12 with value: 0.07228976488113403.
LOCAL_RANK: 0 - CUDA_VISIBLE_DEVICES: [0]
[I 2023-11-30 09:18:35,823] Trial 67 finished with value: 0.22469456493854523 and parameters: {'gradient_clip_val': 0.1670555930259975, 'hidden_size': 47, 'dropout': 0.1499350014740815, 'hidden_continuous_size': 14, 'attention_head_size': 3, 'learning_rate': 0.09984387837096388}. Best is trial 12 with value: 0.07228976488113403.
LOCAL_RANK: 0 - CUDA_VISIBLE_DEVICES: [0]
[I 2023-11-30 09:18:49,076] Trial 68 finished with value: 0.14589503407478333 and parameters: {'gradient_clip_val': 0.15156279890844462, 'hidden_size': 53, 'dropout': 0.18590256495927676, 'hidden_continuous_size': 12, 'attention_head_size': 4, 'learning_rate': 0.05929135052750595}. Best is trial 12 with value: 0.07228976488113403.
LOCAL_RANK: 0 - CUDA_VISIBLE_DEVICES: [0]
[I 2023-11-30 09:19:02,003] Trial 69 finished with value: 0.1176876425743103 and parameters: {'gradient_clip_val': 0.17748929159237106, 'hidden_size': 41, 'dropout': 0.12473933956052781, 'hidden_continuous_size': 15, 'attention_head_size': 3, 'learning_rate': 0.044404453453041344}. Best is trial 12 with value: 0.07228976488113403.
LOCAL_RANK: 0 - CUDA_VISIBLE_DEVICES: [0]
[I 2023-11-30 09:19:14,646] Trial 70 finished with value: 0.10938239097595215 and parameters: {'gradient_clip_val': 0.13160706993914667, 'hidden_size': 32, 'dropout': 0.19861104770916013, 'hidden_continuous_size': 16, 'attention_head_size': 2, 'learning_rate': 0.06650786371435413}. Best is trial 12 with value: 0.07228976488113403.
LOCAL_RANK: 0 - CUDA_VISIBLE_DEVICES: [0]
[I 2023-11-30 09:19:27,682] Trial 71 finished with value: 0.16757409274578094 and parameters: {'gradient_clip_val': 0.22484757537587047, 'hidden_size': 37, 'dropout': 0.1015505810604915, 'hidden_continuous_size': 18, 'attention_head_size': 3, 'learning_rate': 0.052877981663218714}. Best is trial 12 with value: 0.07228976488113403.
LOCAL_RANK: 0 - CUDA_VISIBLE_DEVICES: [0]
[I 2023-11-30 09:19:40,792] Trial 72 finished with value: 0.11261337250471115 and parameters: {'gradient_clip_val': 0.25821139440494706, 'hidden_size': 35, 'dropout': 0.10981572475644095, 'hidden_continuous_size': 18, 'attention_head_size': 3, 'learning_rate': 0.08317477823196984}. Best is trial 12 with value: 0.07228976488113403.
LOCAL_RANK: 0 - CUDA_VISIBLE_DEVICES: [0]
[I 2023-11-30 09:19:53,647] Trial 73 finished with value: 0.10928342491388321 and parameters: {'gradient_clip_val': 0.20072413480004425, 'hidden_size': 30, 'dropout': 0.1380177456650592, 'hidden_continuous_size': 17, 'attention_head_size': 3, 'learning_rate': 0.05647206618349919}. Best is trial 12 with value: 0.07228976488113403.
LOCAL_RANK: 0 - CUDA_VISIBLE_DEVICES: [0]
