[I 2023-11-30 10:51:53,656] Trial 27 finished with value: 0.12658129632472992 and parameters: {'gradient_clip_val': 0.4489278043075876, 'hidden_size': 63, 'dropout': 0.3693803987860378, 'hidden_continuous_size': 18, 'attention_head_size': 1, 'learning_rate': 0.06481431019703641}. Best is trial 26 with value: 0.10514719039201736.
LOCAL_RANK: 0 - CUDA_VISIBLE_DEVICES: [0]
[I 2023-11-30 10:52:06,661] Trial 28 finished with value: 0.15809279680252075 and parameters: {'gradient_clip_val': 0.3339828100464602, 'hidden_size': 39, 'dropout': 0.33006222016466846, 'hidden_continuous_size': 16, 'attention_head_size': 2, 'learning_rate': 0.09825605329000313}. Best is trial 26 with value: 0.10514719039201736.
LOCAL_RANK: 0 - CUDA_VISIBLE_DEVICES: [0]
[I 2023-11-30 10:52:19,088] Trial 29 finished with value: 0.5706835389137268 and parameters: {'gradient_clip_val': 0.5989045710193516, 'hidden_size': 21, 'dropout': 0.3155675903656924, 'hidden_continuous_size': 14, 'attention_head_size': 2, 'learning_rate': 0.013411445462008873}. Best is trial 26 with value: 0.10514719039201736.
LOCAL_RANK: 0 - CUDA_VISIBLE_DEVICES: [0]
[I 2023-11-30 10:52:31,914] Trial 30 finished with value: 0.2973863184452057 and parameters: {'gradient_clip_val': 0.48977972320811236, 'hidden_size': 34, 'dropout': 0.3734575776753728, 'hidden_continuous_size': 20, 'attention_head_size': 1, 'learning_rate': 0.04243266012092446}. Best is trial 26 with value: 0.10514719039201736.
LOCAL_RANK: 0 - CUDA_VISIBLE_DEVICES: [0]
[I 2023-11-30 10:52:45,358] Trial 31 finished with value: 0.10221663862466812 and parameters: {'gradient_clip_val': 0.42317625308488765, 'hidden_size': 60, 'dropout': 0.37159793990943857, 'hidden_continuous_size': 17, 'attention_head_size': 1, 'learning_rate': 0.07529214646065104}. Best is trial 31 with value: 0.10221663862466812.
LOCAL_RANK: 0 - CUDA_VISIBLE_DEVICES: [0]
[I 2023-11-30 10:52:58,537] Trial 32 finished with value: 0.3492085933685303 and parameters: {'gradient_clip_val': 0.39611673323788055, 'hidden_size': 53, 'dropout': 0.3424791678650596, 'hidden_continuous_size': 16, 'attention_head_size': 1, 'learning_rate': 0.05499871149726115}. Best is trial 31 with value: 0.10221663862466812.
LOCAL_RANK: 0 - CUDA_VISIBLE_DEVICES: [0]
[I 2023-11-30 10:53:11,384] Trial 33 finished with value: 0.1401451826095581 and parameters: {'gradient_clip_val': 0.793216355544433, 'hidden_size': 44, 'dropout': 0.3691597921055066, 'hidden_continuous_size': 17, 'attention_head_size': 1, 'learning_rate': 0.07357883953569691}. Best is trial 31 with value: 0.10221663862466812.
LOCAL_RANK: 0 - CUDA_VISIBLE_DEVICES: [0]
[I 2023-11-30 10:53:24,178] Trial 34 finished with value: 0.16911117732524872 and parameters: {'gradient_clip_val': 0.6213880129969545, 'hidden_size': 39, 'dropout': 0.3998184176308666, 'hidden_continuous_size': 20, 'attention_head_size': 2, 'learning_rate': 0.048490163473064604}. Best is trial 31 with value: 0.10221663862466812.
LOCAL_RANK: 0 - CUDA_VISIBLE_DEVICES: [0]
[I 2023-11-30 10:53:37,540] Trial 35 finished with value: 0.28914162516593933 and parameters: {'gradient_clip_val': 0.7284089748599459, 'hidden_size': 58, 'dropout': 0.37715430941412137, 'hidden_continuous_size': 23, 'attention_head_size': 2, 'learning_rate': 0.07590706201182935}. Best is trial 31 with value: 0.10221663862466812.
LOCAL_RANK: 0 - CUDA_VISIBLE_DEVICES: [0]
[I 2023-11-30 10:53:51,183] Trial 36 finished with value: 0.1794968843460083 and parameters: {'gradient_clip_val': 0.5050422866886005, 'hidden_size': 70, 'dropout': 0.3576327412235287, 'hidden_continuous_size': 14, 'attention_head_size': 2, 'learning_rate': 0.04967469591148508}. Best is trial 31 with value: 0.10221663862466812.
LOCAL_RANK: 0 - CUDA_VISIBLE_DEVICES: [0]
[I 2023-11-30 10:54:03,836] Trial 37 finished with value: 0.15729138255119324 and parameters: {'gradient_clip_val': 0.6610159110422277, 'hidden_size': 36, 'dropout': 0.30233292472333123, 'hidden_continuous_size': 17, 'attention_head_size': 1, 'learning_rate': 0.06720751941418349}. Best is trial 31 with value: 0.10221663862466812.
LOCAL_RANK: 0 - CUDA_VISIBLE_DEVICES: [0]
[I 2023-11-30 10:54:17,045] Trial 38 finished with value: 0.118433378636837 and parameters: {'gradient_clip_val': 0.7447266822121064, 'hidden_size': 51, 'dropout': 0.34310415879580386, 'hidden_continuous_size': 13, 'attention_head_size': 3, 'learning_rate': 0.025416120773557423}. Best is trial 31 with value: 0.10221663862466812.
LOCAL_RANK: 0 - CUDA_VISIBLE_DEVICES: [0]
[I 2023-11-30 10:54:30,068] Trial 39 finished with value: 0.1685577630996704 and parameters: {'gradient_clip_val': 0.6020304528850744, 'hidden_size': 43, 'dropout': 0.3828690942218563, 'hidden_continuous_size': 24, 'attention_head_size': 2, 'learning_rate': 0.08913388925956277}. Best is trial 31 with value: 0.10221663862466812.
LOCAL_RANK: 0 - CUDA_VISIBLE_DEVICES: [0]
[I 2023-11-30 10:54:42,947] Trial 40 finished with value: 0.2508549690246582 and parameters: {'gradient_clip_val': 0.8319061342575762, 'hidden_size': 30, 'dropout': 0.36446046983043456, 'hidden_continuous_size': 19, 'attention_head_size': 4, 'learning_rate': 0.052577904160101406}. Best is trial 31 with value: 0.10221663862466812.
LOCAL_RANK: 0 - CUDA_VISIBLE_DEVICES: [0]
[I 2023-11-30 10:54:56,225] Trial 41 finished with value: 0.18108689785003662 and parameters: {'gradient_clip_val': 0.7111938135300816, 'hidden_size': 52, 'dropout': 0.34176044274667305, 'hidden_continuous_size': 13, 'attention_head_size': 3, 'learning_rate': 0.023671541838666987}. Best is trial 31 with value: 0.10221663862466812.
LOCAL_RANK: 0 - CUDA_VISIBLE_DEVICES: [0]
[I 2023-11-30 10:55:09,631] Trial 42 finished with value: 0.1239011287689209 and parameters: {'gradient_clip_val': 0.6963410281765346, 'hidden_size': 70, 'dropout': 0.3506434185106688, 'hidden_continuous_size': 15, 'attention_head_size': 3, 'learning_rate': 0.03414544787973865}. Best is trial 31 with value: 0.10221663862466812.
LOCAL_RANK: 0 - CUDA_VISIBLE_DEVICES: [0]
[I 2023-11-30 10:55:22,820] Trial 43 finished with value: 0.17329345643520355 and parameters: {'gradient_clip_val': 0.7770484181900437, 'hidden_size': 47, 'dropout': 0.33565477906371577, 'hidden_continuous_size': 21, 'attention_head_size': 3, 'learning_rate': 0.0823451404979718}. Best is trial 31 with value: 0.10221663862466812.
LOCAL_RANK: 0 - CUDA_VISIBLE_DEVICES: [0]
[I 2023-11-30 10:55:35,647] Trial 44 finished with value: 0.17902950942516327 and parameters: {'gradient_clip_val': 0.5966107888719352, 'hidden_size': 38, 'dropout': 0.3496464872299937, 'hidden_continuous_size': 13, 'attention_head_size': 3, 'learning_rate': 0.03896616501041981}. Best is trial 31 with value: 0.10221663862466812.
LOCAL_RANK: 0 - CUDA_VISIBLE_DEVICES: [0]
[I 2023-11-30 10:55:49,010] Trial 45 finished with value: 0.20111779868602753 and parameters: {'gradient_clip_val': 0.8991992246612303, 'hidden_size': 57, 'dropout': 0.3279229797931555, 'hidden_continuous_size': 11, 'attention_head_size': 4, 'learning_rate': 0.022378065296941772}. Best is trial 31 with value: 0.10221663862466812.
LOCAL_RANK: 0 - CUDA_VISIBLE_DEVICES: [0]
[I 2023-11-30 10:56:02,143] Trial 46 finished with value: 0.09631159901618958 and parameters: {'gradient_clip_val': 0.7677861352186998, 'hidden_size': 34, 'dropout': 0.38712381124959244, 'hidden_continuous_size': 17, 'attention_head_size': 2, 'learning_rate': 0.0589413682351767}. Best is trial 46 with value: 0.09631159901618958.
LOCAL_RANK: 0 - CUDA_VISIBLE_DEVICES: [0]
[I 2023-11-30 10:56:15,003] Trial 47 finished with value: 0.16148591041564941 and parameters: {'gradient_clip_val': 0.8430199133393863, 'hidden_size': 29, 'dropout': 0.38842183250110196, 'hidden_continuous_size': 18, 'attention_head_size': 2, 'learning_rate': 0.05888598966885205}. Best is trial 46 with value: 0.09631159901618958.
LOCAL_RANK: 0 - CUDA_VISIBLE_DEVICES: [0]
[I 2023-11-30 10:56:28,107] Trial 48 finished with value: 0.1177724078297615 and parameters: {'gradient_clip_val': 0.9972280468061497, 'hidden_size': 35, 'dropout': 0.38264040014564105, 'hidden_continuous_size': 17, 'attention_head_size': 2, 'learning_rate': 0.08225880753159995}. Best is trial 46 with value: 0.09631159901618958.
LOCAL_RANK: 0 - CUDA_VISIBLE_DEVICES: [0]
[I 2023-11-30 10:56:41,208] Trial 49 finished with value: 0.13191604614257812 and parameters: {'gradient_clip_val': 0.6660456567831787, 'hidden_size': 43, 'dropout': 0.3575671256502049, 'hidden_continuous_size': 21, 'attention_head_size': 2, 'learning_rate': 0.09954965137173616}. Best is trial 46 with value: 0.09631159901618958.
LOCAL_RANK: 0 - CUDA_VISIBLE_DEVICES: [0]
[I 2023-11-30 10:56:53,709] Trial 50 finished with value: 0.1317921131849289 and parameters: {'gradient_clip_val': 0.28334368534866483, 'hidden_size': 29, 'dropout': 0.3952645271895712, 'hidden_continuous_size': 16, 'attention_head_size': 1, 'learning_rate': 0.04533401439190315}. Best is trial 46 with value: 0.09631159901618958.
LOCAL_RANK: 0 - CUDA_VISIBLE_DEVICES: [0]
[I 2023-11-30 10:57:06,692] Trial 51 finished with value: 0.15763811767101288 and parameters: {'gradient_clip_val': 0.9892141007780104, 'hidden_size': 35, 'dropout': 0.3800039826208125, 'hidden_continuous_size': 17, 'attention_head_size': 2, 'learning_rate': 0.07814990305580058}. Best is trial 46 with value: 0.09631159901618958.
LOCAL_RANK: 0 - CUDA_VISIBLE_DEVICES: [0]
[I 2023-11-30 10:57:19,447] Trial 52 finished with value: 0.13835835456848145 and parameters: {'gradient_clip_val': 0.9986799607788228, 'hidden_size': 34, 'dropout': 0.38469316202560666, 'hidden_continuous_size': 17, 'attention_head_size': 2, 'learning_rate': 0.061143628479374434}. Best is trial 46 with value: 0.09631159901618958.
LOCAL_RANK: 0 - CUDA_VISIBLE_DEVICES: [0]
[I 2023-11-30 10:57:32,409] Trial 53 finished with value: 0.11212094873189926 and parameters: {'gradient_clip_val': 0.9104905259658369, 'hidden_size': 41, 'dropout': 0.36288526867193294, 'hidden_continuous_size': 19, 'attention_head_size': 2, 'learning_rate': 0.07892319548983436}. Best is trial 46 with value: 0.09631159901618958.
LOCAL_RANK: 0 - CUDA_VISIBLE_DEVICES: [0]
[I 2023-11-30 10:57:45,442] Trial 54 finished with value: 0.08115700632333755 and parameters: {'gradient_clip_val': 0.8565657568892326, 'hidden_size': 41, 'dropout': 0.35839168110675323, 'hidden_continuous_size': 19, 'attention_head_size': 2, 'learning_rate': 0.06944330127478719}. Best is trial 54 with value: 0.08115700632333755.
LOCAL_RANK: 0 - CUDA_VISIBLE_DEVICES: [0]
[I 2023-11-30 10:57:58,641] Trial 55 finished with value: 0.13158272206783295 and parameters: {'gradient_clip_val': 0.8176617781868991, 'hidden_size': 46, 'dropout': 0.3529561060340098, 'hidden_continuous_size': 25, 'attention_head_size': 2, 'learning_rate': 0.048452640632160975}. Best is trial 54 with value: 0.08115700632333755.
LOCAL_RANK: 0 - CUDA_VISIBLE_DEVICES: [0]
[I 2023-11-30 10:58:12,053] Trial 56 finished with value: 0.17203259468078613 and parameters: {'gradient_clip_val': 0.7571998866166727, 'hidden_size': 47, 'dropout': 0.39878236048887256, 'hidden_continuous_size': 23, 'attention_head_size': 2, 'learning_rate': 0.036145299322207725}. Best is trial 54 with value: 0.08115700632333755.
LOCAL_RANK: 0 - CUDA_VISIBLE_DEVICES: [0]
[I 2023-11-30 10:58:24,910] Trial 57 finished with value: 0.22196035087108612 and parameters: {'gradient_clip_val': 0.9063408517130737, 'hidden_size': 40, 'dropout': 0.37383304387217214, 'hidden_continuous_size': 21, 'attention_head_size': 1, 'learning_rate': 0.030719831959604524}. Best is trial 54 with value: 0.08115700632333755.
LOCAL_RANK: 0 - CUDA_VISIBLE_DEVICES: [0]
[I 2023-11-30 10:58:37,466] Trial 58 finished with value: 0.2083064466714859 and parameters: {'gradient_clip_val': 0.380537847039341, 'hidden_size': 26, 'dropout': 0.3640583935411926, 'hidden_continuous_size': 18, 'attention_head_size': 2, 'learning_rate': 0.06297223080195449}. Best is trial 54 with value: 0.08115700632333755.
LOCAL_RANK: 0 - CUDA_VISIBLE_DEVICES: [0]
[I 2023-11-30 10:58:50,763] Trial 59 finished with value: 0.1157941222190857 and parameters: {'gradient_clip_val': 0.6491731503051776, 'hidden_size': 54, 'dropout': 0.3264161057484917, 'hidden_continuous_size': 27, 'attention_head_size': 2, 'learning_rate': 0.04377204635679908}. Best is trial 54 with value: 0.08115700632333755.
LOCAL_RANK: 0 - CUDA_VISIBLE_DEVICES: [0]
[I 2023-11-30 10:59:04,052] Trial 60 finished with value: 0.16132672131061554 and parameters: {'gradient_clip_val': 0.872761123163653, 'hidden_size': 61, 'dropout': 0.37358440439637386, 'hidden_continuous_size': 22, 'attention_head_size': 1, 'learning_rate': 0.06880894506090647}. Best is trial 54 with value: 0.08115700632333755.
LOCAL_RANK: 0 - CUDA_VISIBLE_DEVICES: [0]
[I 2023-11-30 10:59:16,996] Trial 61 finished with value: 0.21236515045166016 and parameters: {'gradient_clip_val': 0.9124162902504993, 'hidden_size': 41, 'dropout': 0.3632552970644483, 'hidden_continuous_size': 19, 'attention_head_size': 2, 'learning_rate': 0.0532667933610104}. Best is trial 54 with value: 0.08115700632333755.
LOCAL_RANK: 0 - CUDA_VISIBLE_DEVICES: [0]
[I 2023-11-30 10:59:30,030] Trial 62 finished with value: 0.21351081132888794 and parameters: {'gradient_clip_val': 0.7504669766263726, 'hidden_size': 38, 'dropout': 0.38867469401442817, 'hidden_continuous_size': 19, 'attention_head_size': 2, 'learning_rate': 0.07183966174946829}. Best is trial 54 with value: 0.08115700632333755.
LOCAL_RANK: 0 - CUDA_VISIBLE_DEVICES: [0]
[I 2023-11-30 10:59:42,772] Trial 63 finished with value: 0.26539167761802673 and parameters: {'gradient_clip_val': 0.9059189273185083, 'hidden_size': 32, 'dropout': 0.3593019745601914, 'hidden_continuous_size': 20, 'attention_head_size': 2, 'learning_rate': 0.08897366454493379}. Best is trial 54 with value: 0.08115700632333755.
LOCAL_RANK: 0 - CUDA_VISIBLE_DEVICES: [0]
[I 2023-11-30 10:59:55,755] Trial 64 finished with value: 0.1360182911157608 and parameters: {'gradient_clip_val': 0.812933738616577, 'hidden_size': 43, 'dropout': 0.3498911748248361, 'hidden_continuous_size': 19, 'attention_head_size': 2, 'learning_rate': 0.05693355143071515}. Best is trial 54 with value: 0.08115700632333755.
LOCAL_RANK: 0 - CUDA_VISIBLE_DEVICES: [0]
[I 2023-11-30 11:00:08,684] Trial 65 finished with value: 0.1864844113588333 and parameters: {'gradient_clip_val': 0.7017651413516288, 'hidden_size': 48, 'dropout': 0.3677281462655837, 'hidden_continuous_size': 15, 'attention_head_size': 2, 'learning_rate': 0.039311772904525394}. Best is trial 54 with value: 0.08115700632333755.
LOCAL_RANK: 0 - CUDA_VISIBLE_DEVICES: [0]
[I 2023-11-30 11:00:22,167] Trial 66 finished with value: 0.2064458578824997 and parameters: {'gradient_clip_val': 0.5619826009739485, 'hidden_size': 50, 'dropout': 0.37893682775033255, 'hidden_continuous_size': 23, 'attention_head_size': 2, 'learning_rate': 0.02831523608655541}. Best is trial 54 with value: 0.08115700632333755.
LOCAL_RANK: 0 - CUDA_VISIBLE_DEVICES: [0]
[I 2023-11-30 11:00:35,176] Trial 67 finished with value: 0.16813874244689941 and parameters: {'gradient_clip_val': 0.50432204450888, 'hidden_size': 39, 'dropout': 0.3354553306756207, 'hidden_continuous_size': 18, 'attention_head_size': 1, 'learning_rate': 0.047042893504856395}. Best is trial 54 with value: 0.08115700632333755.
LOCAL_RANK: 0 - CUDA_VISIBLE_DEVICES: [0]
[I 2023-11-30 11:00:48,358] Trial 68 finished with value: 0.08880415558815002 and parameters: {'gradient_clip_val': 0.8585955509372134, 'hidden_size': 56, 'dropout': 0.36011496584544034, 'hidden_continuous_size': 21, 'attention_head_size': 3, 'learning_rate': 0.07253149774612312}. Best is trial 54 with value: 0.08115700632333755.
LOCAL_RANK: 0 - CUDA_VISIBLE_DEVICES: [0]
[I 2023-11-30 11:01:01,803] Trial 69 finished with value: 0.1920941323041916 and parameters: {'gradient_clip_val': 0.7831922152589511, 'hidden_size': 55, 'dropout': 0.3929629245841506, 'hidden_continuous_size': 27, 'attention_head_size': 3, 'learning_rate': 0.06554635954037984}. Best is trial 54 with value: 0.08115700632333755.
LOCAL_RANK: 0 - CUDA_VISIBLE_DEVICES: [0]
[I 2023-11-30 11:01:15,491] Trial 70 finished with value: 0.11304040998220444 and parameters: {'gradient_clip_val': 0.44200036840801393, 'hidden_size': 66, 'dropout': 0.34763371701039486, 'hidden_continuous_size': 25, 'attention_head_size': 3, 'learning_rate': 0.05641445578553803}. Best is trial 54 with value: 0.08115700632333755.
LOCAL_RANK: 0 - CUDA_VISIBLE_DEVICES: [0]
[I 2023-11-30 11:01:28,867] Trial 71 finished with value: 0.11628808826208115 and parameters: {'gradient_clip_val': 0.8599908484960924, 'hidden_size': 45, 'dropout': 0.3628931358229137, 'hidden_continuous_size': 20, 'attention_head_size': 3, 'learning_rate': 0.0756722356546012}. Best is trial 54 with value: 0.08115700632333755.
LOCAL_RANK: 0 - CUDA_VISIBLE_DEVICES: [0]
[I 2023-11-30 11:01:42,095] Trial 72 finished with value: 0.14876139163970947 and parameters: {'gradient_clip_val': 0.9373704706969213, 'hidden_size': 56, 'dropout': 0.3724419495365843, 'hidden_continuous_size': 21, 'attention_head_size': 3, 'learning_rate': 0.09480283746745552}. Best is trial 54 with value: 0.08115700632333755.
LOCAL_RANK: 0 - CUDA_VISIBLE_DEVICES: [0]
[I 2023-11-30 11:01:55,335] Trial 73 finished with value: 0.10902699083089828 and parameters: {'gradient_clip_val': 0.9333634550386973, 'hidden_size': 51, 'dropout': 0.35859673424285915, 'hidden_continuous_size': 18, 'attention_head_size': 3, 'learning_rate': 0.08290244441785678}. Best is trial 54 with value: 0.08115700632333755.
LOCAL_RANK: 0 - CUDA_VISIBLE_DEVICES: [0]
[I 2023-11-30 11:02:08,511] Trial 74 finished with value: 0.28294143080711365 and parameters: {'gradient_clip_val': 0.7146015587160252, 'hidden_size': 51, 'dropout': 0.3551497952362383, 'hidden_continuous_size': 16, 'attention_head_size': 4, 'learning_rate': 0.06965413036040831}. Best is trial 54 with value: 0.08115700632333755.
LOCAL_RANK: 0 - CUDA_VISIBLE_DEVICES: [0]
[I 2023-11-30 11:02:21,931] Trial 75 finished with value: 0.10314968973398209 and parameters: {'gradient_clip_val': 0.8357154970706625, 'hidden_size': 60, 'dropout': 0.3784873342048521, 'hidden_continuous_size': 22, 'attention_head_size': 3, 'learning_rate': 0.08458513721158757}. Best is trial 54 with value: 0.08115700632333755.
LOCAL_RANK: 0 - CUDA_VISIBLE_DEVICES: [0]
[I 2023-11-30 11:02:35,407] Trial 76 finished with value: 0.17695248126983643 and parameters: {'gradient_clip_val': 0.7865819800250913, 'hidden_size': 55, 'dropout': 0.38803622300172774, 'hidden_continuous_size': 22, 'attention_head_size': 3, 'learning_rate': 0.08643386094663753}. Best is trial 54 with value: 0.08115700632333755.
LOCAL_RANK: 0 - CUDA_VISIBLE_DEVICES: [0]
[I 2023-11-30 11:02:48,813] Trial 77 finished with value: 0.16491414606571198 and parameters: {'gradient_clip_val': 0.6348138826561511, 'hidden_size': 62, 'dropout': 0.37688004786351076, 'hidden_continuous_size': 17, 'attention_head_size': 3, 'learning_rate': 0.08775590020755904}. Best is trial 54 with value: 0.08115700632333755.
LOCAL_RANK: 0 - CUDA_VISIBLE_DEVICES: [0]
[I 2023-11-30 11:03:02,301] Trial 78 finished with value: 0.22276198863983154 and parameters: {'gradient_clip_val': 0.6781531219878666, 'hidden_size': 72, 'dropout': 0.3907243533063506, 'hidden_continuous_size': 15, 'attention_head_size': 3, 'learning_rate': 0.062072853101459435}. Best is trial 54 with value: 0.08115700632333755.
LOCAL_RANK: 0 - CUDA_VISIBLE_DEVICES: [0]
[I 2023-11-30 11:03:15,459] Trial 79 finished with value: 0.17932547628879547 and parameters: {'gradient_clip_val': 0.8466401990701751, 'hidden_size': 60, 'dropout': 0.3980311618403979, 'hidden_continuous_size': 18, 'attention_head_size': 3, 'learning_rate': 0.053974163555273326}. Best is trial 54 with value: 0.08115700632333755.
LOCAL_RANK: 0 - CUDA_VISIBLE_DEVICES: [0]
[I 2023-11-30 11:03:29,177] Trial 80 finished with value: 0.1792890429496765 and parameters: {'gradient_clip_val': 0.7260974808127859, 'hidden_size': 67, 'dropout': 0.3443079844407486, 'hidden_continuous_size': 20, 'attention_head_size': 3, 'learning_rate': 0.09652111555308918}. Best is trial 54 with value: 0.08115700632333755.
LOCAL_RANK: 0 - CUDA_VISIBLE_DEVICES: [0]
[I 2023-11-30 11:03:42,681] Trial 81 finished with value: 0.12362790107727051 and parameters: {'gradient_clip_val': 0.9383882490598133, 'hidden_size': 49, 'dropout': 0.36999335014454854, 'hidden_continuous_size': 23, 'attention_head_size': 3, 'learning_rate': 0.06968238201879086}. Best is trial 54 with value: 0.08115700632333755.
LOCAL_RANK: 0 - CUDA_VISIBLE_DEVICES: [0]
[I 2023-11-30 11:03:55,829] Trial 82 finished with value: 0.18804942071437836 and parameters: {'gradient_clip_val': 0.8563707193647198, 'hidden_size': 45, 'dropout': 0.3575018389169554, 'hidden_continuous_size': 20, 'attention_head_size': 3, 'learning_rate': 0.048887727078423066}. Best is trial 54 with value: 0.08115700632333755.
LOCAL_RANK: 0 - CUDA_VISIBLE_DEVICES: [0]
[I 2023-11-30 11:04:09,309] Trial 83 finished with value: 0.22539673745632172 and parameters: {'gradient_clip_val': 0.7782501429955461, 'hidden_size': 59, 'dropout': 0.38144905644860655, 'hidden_continuous_size': 22, 'attention_head_size': 3, 'learning_rate': 0.07861197738592575}. Best is trial 54 with value: 0.08115700632333755.
LOCAL_RANK: 0 - CUDA_VISIBLE_DEVICES: [0]
[I 2023-11-30 11:04:22,534] Trial 84 finished with value: 0.17798644304275513 and parameters: {'gradient_clip_val': 0.9426451911525857, 'hidden_size': 52, 'dropout': 0.3366452003033188, 'hidden_continuous_size': 21, 'attention_head_size': 3, 'learning_rate': 0.04323342207128594}. Best is trial 54 with value: 0.08115700632333755.
LOCAL_RANK: 0 - CUDA_VISIBLE_DEVICES: [0]
