[I 2023-11-29 22:51:38,183] Trial 149 finished with value: 0.1471816450357437 and parameters: {'gradient_clip_val': 0.5076030488300233, 'hidden_size': 42, 'dropout': 0.2362226392712531, 'hidden_continuous_size': 24, 'attention_head_size': 1, 'learning_rate': 0.08157187370690057}. Best is trial 97 with value: 0.08298805356025696.
[I 2023-11-29 22:51:38,296] A new study created in memory with name: no-name-b68e2bb4-f0e1-417d-b3c3-c260777cd874
/home/le004/conda/anaconda3/envs/tsff_env/lib/python3.9/site-packages/lightning/fabric/plugins/environments/slurm.py:191: The `srun` command is available on your system but is not used. HINT: If your intention is to run Lightning on SLURM, prepend your python command with `srun` like so: srun python /home/le004/master_thesis/git/TSFusionForecast/code/ ...
LOCAL_RANK: 0 - CUDA_VISIBLE_DEVICES: [0]
[I 2023-11-29 22:51:50,565] Trial 0 finished with value: 3.5382702350616455 and parameters: {'gradient_clip_val': 0.25276932388904577, 'hidden_size': 18, 'dropout': 0.3982987951752318, 'hidden_continuous_size': 13, 'attention_head_size': 1, 'learning_rate': 0.0021357524811787968}. Best is trial 0 with value: 3.5382702350616455.
LOCAL_RANK: 0 - CUDA_VISIBLE_DEVICES: [0]
[I 2023-11-29 22:52:03,055] Trial 1 finished with value: 0.9189205169677734 and parameters: {'gradient_clip_val': 0.14365815669465146, 'hidden_size': 35, 'dropout': 0.28811252326309333, 'hidden_continuous_size': 11, 'attention_head_size': 1, 'learning_rate': 0.07046620991639094}. Best is trial 1 with value: 0.9189205169677734.
LOCAL_RANK: 0 - CUDA_VISIBLE_DEVICES: [0]
[I 2023-11-29 22:52:17,061] Trial 2 finished with value: 0.44649267196655273 and parameters: {'gradient_clip_val': 0.40043490142451194, 'hidden_size': 90, 'dropout': 0.2975817920519928, 'hidden_continuous_size': 12, 'attention_head_size': 4, 'learning_rate': 0.059310427713475354}. Best is trial 2 with value: 0.44649267196655273.
LOCAL_RANK: 0 - CUDA_VISIBLE_DEVICES: [0]
[I 2023-11-29 22:52:29,502] Trial 3 finished with value: 4.1674485206604 and parameters: {'gradient_clip_val': 0.3913853832770883, 'hidden_size': 13, 'dropout': 0.3387260855769657, 'hidden_continuous_size': 10, 'attention_head_size': 4, 'learning_rate': 0.00647823818049315}. Best is trial 2 with value: 0.44649267196655273.
LOCAL_RANK: 0 - CUDA_VISIBLE_DEVICES: [0]
[I 2023-11-29 22:52:43,491] Trial 4 finished with value: 0.45467081665992737 and parameters: {'gradient_clip_val': 0.6955794734873841, 'hidden_size': 91, 'dropout': 0.11850887520906121, 'hidden_continuous_size': 42, 'attention_head_size': 1, 'learning_rate': 0.026247953157016356}. Best is trial 2 with value: 0.44649267196655273.
LOCAL_RANK: 0 - CUDA_VISIBLE_DEVICES: [0]
[I 2023-11-29 22:52:56,387] Trial 5 finished with value: 4.455115795135498 and parameters: {'gradient_clip_val': 0.27740368317717934, 'hidden_size': 29, 'dropout': 0.19118393894858565, 'hidden_continuous_size': 16, 'attention_head_size': 4, 'learning_rate': 0.0014728030189363529}. Best is trial 2 with value: 0.44649267196655273.
LOCAL_RANK: 0 - CUDA_VISIBLE_DEVICES: [0]
[I 2023-11-29 22:53:10,833] Trial 6 finished with value: 0.5580100417137146 and parameters: {'gradient_clip_val': 0.32540038685713274, 'hidden_size': 109, 'dropout': 0.26008903890894564, 'hidden_continuous_size': 73, 'attention_head_size': 2, 'learning_rate': 0.005730722875052754}. Best is trial 2 with value: 0.44649267196655273.
LOCAL_RANK: 0 - CUDA_VISIBLE_DEVICES: [0]
[I 2023-11-29 22:53:23,325] Trial 7 finished with value: 1.5123897790908813 and parameters: {'gradient_clip_val': 0.42524957470937913, 'hidden_size': 17, 'dropout': 0.12130732065234355, 'hidden_continuous_size': 14, 'attention_head_size': 1, 'learning_rate': 0.014548094635148607}. Best is trial 2 with value: 0.44649267196655273.
LOCAL_RANK: 0 - CUDA_VISIBLE_DEVICES: [0]
[I 2023-11-29 22:53:35,654] Trial 8 finished with value: 0.5329646468162537 and parameters: {'gradient_clip_val': 0.39495427371491065, 'hidden_size': 11, 'dropout': 0.14777347385490924, 'hidden_continuous_size': 10, 'attention_head_size': 2, 'learning_rate': 0.09151403178291934}. Best is trial 2 with value: 0.44649267196655273.
LOCAL_RANK: 0 - CUDA_VISIBLE_DEVICES: [0]
[I 2023-11-29 22:53:49,786] Trial 9 finished with value: 1.2681127786636353 and parameters: {'gradient_clip_val': 0.16012677772964318, 'hidden_size': 117, 'dropout': 0.24243218320401133, 'hidden_continuous_size': 18, 'attention_head_size': 4, 'learning_rate': 0.004146967793754133}. Best is trial 2 with value: 0.44649267196655273.
LOCAL_RANK: 0 - CUDA_VISIBLE_DEVICES: [0]
[I 2023-11-29 22:54:03,404] Trial 10 finished with value: 0.5441930890083313 and parameters: {'gradient_clip_val': 0.7643187795625923, 'hidden_size': 66, 'dropout': 0.3194097886284799, 'hidden_continuous_size': 22, 'attention_head_size': 3, 'learning_rate': 0.03063927144511759}. Best is trial 2 with value: 0.44649267196655273.
LOCAL_RANK: 0 - CUDA_VISIBLE_DEVICES: [0]
[I 2023-11-29 22:54:17,166] Trial 11 finished with value: 0.40597912669181824 and parameters: {'gradient_clip_val': 0.7737610907563174, 'hidden_size': 67, 'dropout': 0.11146048266247507, 'hidden_continuous_size': 35, 'attention_head_size': 3, 'learning_rate': 0.026861444226234325}. Best is trial 11 with value: 0.40597912669181824.
LOCAL_RANK: 0 - CUDA_VISIBLE_DEVICES: [0]
[I 2023-11-29 22:54:31,077] Trial 12 finished with value: 0.3571944236755371 and parameters: {'gradient_clip_val': 0.9326252833247192, 'hidden_size': 61, 'dropout': 0.1974113053272838, 'hidden_continuous_size': 29, 'attention_head_size': 3, 'learning_rate': 0.04556465837313116}. Best is trial 12 with value: 0.3571944236755371.
LOCAL_RANK: 0 - CUDA_VISIBLE_DEVICES: [0]
[I 2023-11-29 22:54:44,855] Trial 13 finished with value: 0.43532004952430725 and parameters: {'gradient_clip_val': 0.9727200079084435, 'hidden_size': 58, 'dropout': 0.18087105054398483, 'hidden_continuous_size': 31, 'attention_head_size': 3, 'learning_rate': 0.017006243460112116}. Best is trial 12 with value: 0.3571944236755371.
LOCAL_RANK: 0 - CUDA_VISIBLE_DEVICES: [0]
[I 2023-11-29 22:54:58,363] Trial 14 finished with value: 0.6707139015197754 and parameters: {'gradient_clip_val': 0.6105670097363464, 'hidden_size': 53, 'dropout': 0.10989697427481225, 'hidden_continuous_size': 29, 'attention_head_size': 3, 'learning_rate': 0.03707616040135133}. Best is trial 12 with value: 0.3571944236755371.
LOCAL_RANK: 0 - CUDA_VISIBLE_DEVICES: [0]
[I 2023-11-29 22:55:11,719] Trial 15 finished with value: 0.5380303859710693 and parameters: {'gradient_clip_val': 0.9731517551472165, 'hidden_size': 43, 'dropout': 0.18292743806860706, 'hidden_continuous_size': 24, 'attention_head_size': 3, 'learning_rate': 0.04987174111730056}. Best is trial 12 with value: 0.3571944236755371.
LOCAL_RANK: 0 - CUDA_VISIBLE_DEVICES: [0]
[I 2023-11-29 22:55:26,240] Trial 16 finished with value: 0.8500229716300964 and parameters: {'gradient_clip_val': 0.5508897452196233, 'hidden_size': 146, 'dropout': 0.2199479527214739, 'hidden_continuous_size': 45, 'attention_head_size': 2, 'learning_rate': 0.020151726597237872}. Best is trial 12 with value: 0.3571944236755371.
LOCAL_RANK: 0 - CUDA_VISIBLE_DEVICES: [0]
[I 2023-11-29 22:55:40,262] Trial 17 finished with value: 0.38612326979637146 and parameters: {'gradient_clip_val': 0.7878092907642678, 'hidden_size': 71, 'dropout': 0.1551724108843706, 'hidden_continuous_size': 36, 'attention_head_size': 3, 'learning_rate': 0.03960134220168297}. Best is trial 12 with value: 0.3571944236755371.
LOCAL_RANK: 0 - CUDA_VISIBLE_DEVICES: [0]
[I 2023-11-29 22:55:53,959] Trial 18 finished with value: 0.35571184754371643 and parameters: {'gradient_clip_val': 0.5134364661319308, 'hidden_size': 77, 'dropout': 0.15753255214464917, 'hidden_continuous_size': 21, 'attention_head_size': 2, 'learning_rate': 0.04588709743018606}. Best is trial 18 with value: 0.35571184754371643.
LOCAL_RANK: 0 - CUDA_VISIBLE_DEVICES: [0]
[I 2023-11-29 22:56:06,867] Trial 19 finished with value: 0.3388769328594208 and parameters: {'gradient_clip_val': 0.5365982186086133, 'hidden_size': 48, 'dropout': 0.20762527553770593, 'hidden_continuous_size': 19, 'attention_head_size': 2, 'learning_rate': 0.0922705842829722}. Best is trial 19 with value: 0.3388769328594208.
LOCAL_RANK: 0 - CUDA_VISIBLE_DEVICES: [0]
[I 2023-11-29 22:56:19,732] Trial 20 finished with value: 0.30053314566612244 and parameters: {'gradient_clip_val': 0.5071675107463376, 'hidden_size': 44, 'dropout': 0.22214108365419222, 'hidden_continuous_size': 19, 'attention_head_size': 2, 'learning_rate': 0.09841925804235127}. Best is trial 20 with value: 0.30053314566612244.
LOCAL_RANK: 0 - CUDA_VISIBLE_DEVICES: [0]
[I 2023-11-29 22:56:32,872] Trial 21 finished with value: 0.39406564831733704 and parameters: {'gradient_clip_val': 0.5200068563289648, 'hidden_size': 42, 'dropout': 0.22059679491626255, 'hidden_continuous_size': 19, 'attention_head_size': 2, 'learning_rate': 0.09615201581240486}. Best is trial 20 with value: 0.30053314566612244.
LOCAL_RANK: 0 - CUDA_VISIBLE_DEVICES: [0]
[I 2023-11-29 22:56:45,819] Trial 22 finished with value: 0.30711284279823303 and parameters: {'gradient_clip_val': 0.5726451004975236, 'hidden_size': 31, 'dropout': 0.15601387460171978, 'hidden_continuous_size': 16, 'attention_head_size': 2, 'learning_rate': 0.09641834170330744}. Best is trial 20 with value: 0.30053314566612244.
LOCAL_RANK: 0 - CUDA_VISIBLE_DEVICES: [0]
[I 2023-11-29 22:56:58,293] Trial 23 finished with value: 0.3427872657775879 and parameters: {'gradient_clip_val': 0.6190578640880707, 'hidden_size': 27, 'dropout': 0.21588199280938414, 'hidden_continuous_size': 15, 'attention_head_size': 2, 'learning_rate': 0.09342736711306665}. Best is trial 20 with value: 0.30053314566612244.
LOCAL_RANK: 0 - CUDA_VISIBLE_DEVICES: [0]
[I 2023-11-29 22:57:11,140] Trial 24 finished with value: 0.34286561608314514 and parameters: {'gradient_clip_val': 0.47824870219268834, 'hidden_size': 48, 'dropout': 0.2514297966443758, 'hidden_continuous_size': 16, 'attention_head_size': 2, 'learning_rate': 0.06526864270006222}. Best is trial 20 with value: 0.30053314566612244.
LOCAL_RANK: 0 - CUDA_VISIBLE_DEVICES: [0]
[I 2023-11-29 22:57:24,028] Trial 25 finished with value: 0.7866103649139404 and parameters: {'gradient_clip_val': 0.6226493037002395, 'hidden_size': 35, 'dropout': 0.16811473900648627, 'hidden_continuous_size': 17, 'attention_head_size': 2, 'learning_rate': 0.0641798308538948}. Best is trial 20 with value: 0.30053314566612244.
LOCAL_RANK: 0 - CUDA_VISIBLE_DEVICES: [0]
[I 2023-11-29 22:57:36,925] Trial 26 finished with value: 0.3706296980381012 and parameters: {'gradient_clip_val': 0.4941675202951055, 'hidden_size': 49, 'dropout': 0.14020187716895088, 'hidden_continuous_size': 14, 'attention_head_size': 1, 'learning_rate': 0.09318902295569641}. Best is trial 20 with value: 0.30053314566612244.
LOCAL_RANK: 0 - CUDA_VISIBLE_DEVICES: [0]
[I 2023-11-29 22:57:49,870] Trial 27 finished with value: 0.3807195723056793 and parameters: {'gradient_clip_val': 0.6630103123183142, 'hidden_size': 29, 'dropout': 0.20282625388142267, 'hidden_continuous_size': 18, 'attention_head_size': 2, 'learning_rate': 0.06708863625120397}. Best is trial 20 with value: 0.30053314566612244.
LOCAL_RANK: 0 - CUDA_VISIBLE_DEVICES: [0]
[I 2023-11-29 22:58:02,802] Trial 28 finished with value: 0.6838234066963196 and parameters: {'gradient_clip_val': 0.5737820284849644, 'hidden_size': 38, 'dropout': 0.1713167686088292, 'hidden_continuous_size': 17, 'attention_head_size': 2, 'learning_rate': 0.03380879204520113}. Best is trial 20 with value: 0.30053314566612244.
LOCAL_RANK: 0 - CUDA_VISIBLE_DEVICES: [0]
[I 2023-11-29 22:58:15,202] Trial 29 finished with value: 0.455331951379776 and parameters: {'gradient_clip_val': 0.32988213239910746, 'hidden_size': 21, 'dropout': 0.2113480068618025, 'hidden_continuous_size': 13, 'attention_head_size': 1, 'learning_rate': 0.04879821236922183}. Best is trial 20 with value: 0.30053314566612244.
LOCAL_RANK: 0 - CUDA_VISIBLE_DEVICES: [0]
[I 2023-11-29 22:58:28,417] Trial 30 finished with value: 0.5946671366691589 and parameters: {'gradient_clip_val': 0.2112103681551309, 'hidden_size': 50, 'dropout': 0.23431339457593045, 'hidden_continuous_size': 19, 'attention_head_size': 1, 'learning_rate': 0.012007667079855145}. Best is trial 20 with value: 0.30053314566612244.
LOCAL_RANK: 0 - CUDA_VISIBLE_DEVICES: [0]
[I 2023-11-29 22:58:40,786] Trial 31 finished with value: 0.33411046862602234 and parameters: {'gradient_clip_val': 0.4493199198581109, 'hidden_size': 28, 'dropout': 0.19566413331389812, 'hidden_continuous_size': 15, 'attention_head_size': 2, 'learning_rate': 0.09871051005419218}. Best is trial 20 with value: 0.30053314566612244.
LOCAL_RANK: 0 - CUDA_VISIBLE_DEVICES: [0]
[I 2023-11-29 22:58:53,715] Trial 32 finished with value: 0.411914199590683 and parameters: {'gradient_clip_val': 0.46553159762186336, 'hidden_size': 33, 'dropout': 0.17911112146989203, 'hidden_continuous_size': 15, 'attention_head_size': 2, 'learning_rate': 0.0752921810558326}. Best is trial 20 with value: 0.30053314566612244.
LOCAL_RANK: 0 - CUDA_VISIBLE_DEVICES: [0]
[I 2023-11-29 22:59:06,349] Trial 33 finished with value: 0.6388041973114014 and parameters: {'gradient_clip_val': 0.4187431055606716, 'hidden_size': 26, 'dropout': 0.19752313318525905, 'hidden_continuous_size': 15, 'attention_head_size': 2, 'learning_rate': 0.09936923657236996}. Best is trial 20 with value: 0.30053314566612244.
LOCAL_RANK: 0 - CUDA_VISIBLE_DEVICES: [0]
[I 2023-11-29 22:59:19,000] Trial 34 finished with value: 0.3780244290828705 and parameters: {'gradient_clip_val': 0.37633708633434065, 'hidden_size': 40, 'dropout': 0.27542998610205816, 'hidden_continuous_size': 13, 'attention_head_size': 2, 'learning_rate': 0.0632102474782102}. Best is trial 20 with value: 0.30053314566612244.
LOCAL_RANK: 0 - CUDA_VISIBLE_DEVICES: [0]
[I 2023-11-29 22:59:31,421] Trial 35 finished with value: 0.5694098472595215 and parameters: {'gradient_clip_val': 0.5543340083646363, 'hidden_size': 23, 'dropout': 0.2288932252441942, 'hidden_continuous_size': 12, 'attention_head_size': 1, 'learning_rate': 0.07511343941169475}. Best is trial 20 with value: 0.30053314566612244.
LOCAL_RANK: 0 - CUDA_VISIBLE_DEVICES: [0]
[I 2023-11-29 22:59:43,877] Trial 36 finished with value: 0.6489653587341309 and parameters: {'gradient_clip_val': 0.35691249629883226, 'hidden_size': 32, 'dropout': 0.20014412603190082, 'hidden_continuous_size': 16, 'attention_head_size': 2, 'learning_rate': 0.05364186162806583}. Best is trial 20 with value: 0.30053314566612244.
LOCAL_RANK: 0 - CUDA_VISIBLE_DEVICES: [0]
[I 2023-11-29 22:59:56,881] Trial 37 finished with value: 0.8475041389465332 and parameters: {'gradient_clip_val': 0.46789244517000245, 'hidden_size': 35, 'dropout': 0.13801576412203914, 'hidden_continuous_size': 20, 'attention_head_size': 1, 'learning_rate': 0.07255079452509237}. Best is trial 20 with value: 0.30053314566612244.
LOCAL_RANK: 0 - CUDA_VISIBLE_DEVICES: [0]
[I 2023-11-29 23:00:09,791] Trial 38 finished with value: 0.2937032878398895 and parameters: {'gradient_clip_val': 0.2904712052576474, 'hidden_size': 43, 'dropout': 0.25514402170565054, 'hidden_continuous_size': 12, 'attention_head_size': 2, 'learning_rate': 0.05651670737107835}. Best is trial 38 with value: 0.2937032878398895.
LOCAL_RANK: 0 - CUDA_VISIBLE_DEVICES: [0]
[I 2023-11-29 23:00:22,223] Trial 39 finished with value: 1.3132952451705933 and parameters: {'gradient_clip_val': 0.26942080862438933, 'hidden_size': 18, 'dropout': 0.2663465727837747, 'hidden_continuous_size': 12, 'attention_head_size': 2, 'learning_rate': 0.02321600809620688}. Best is trial 38 with value: 0.2937032878398895.
LOCAL_RANK: 0 - CUDA_VISIBLE_DEVICES: [0]
[I 2023-11-29 23:00:34,910] Trial 40 finished with value: 0.3821125030517578 and parameters: {'gradient_clip_val': 0.3031126088639854, 'hidden_size': 31, 'dropout': 0.24547185048045414, 'hidden_continuous_size': 11, 'attention_head_size': 1, 'learning_rate': 0.05497287107543014}. Best is trial 38 with value: 0.2937032878398895.
LOCAL_RANK: 0 - CUDA_VISIBLE_DEVICES: [0]
[I 2023-11-29 23:00:47,690] Trial 41 finished with value: 0.3908475935459137 and parameters: {'gradient_clip_val': 0.4581634798433254, 'hidden_size': 43, 'dropout': 0.23138594691271988, 'hidden_continuous_size': 11, 'attention_head_size': 2, 'learning_rate': 0.09998649521752735}. Best is trial 38 with value: 0.2937032878398895.
LOCAL_RANK: 0 - CUDA_VISIBLE_DEVICES: [0]
[I 2023-11-29 23:01:00,649] Trial 42 finished with value: 0.39326298236846924 and parameters: {'gradient_clip_val': 0.41895388284734597, 'hidden_size': 38, 'dropout': 0.2872913125423159, 'hidden_continuous_size': 14, 'attention_head_size': 2, 'learning_rate': 0.07660344759726243}. Best is trial 38 with value: 0.2937032878398895.
LOCAL_RANK: 0 - CUDA_VISIBLE_DEVICES: [0]
[I 2023-11-29 23:01:13,763] Trial 43 finished with value: 0.5644428133964539 and parameters: {'gradient_clip_val': 0.35720543980521424, 'hidden_size': 56, 'dropout': 0.2570104304588443, 'hidden_continuous_size': 23, 'attention_head_size': 2, 'learning_rate': 0.08129994904696883}. Best is trial 38 with value: 0.2937032878398895.
LOCAL_RANK: 0 - CUDA_VISIBLE_DEVICES: [0]
[I 2023-11-29 23:01:26,917] Trial 44 finished with value: 0.8510799407958984 and parameters: {'gradient_clip_val': 0.23511163866684368, 'hidden_size': 46, 'dropout': 0.19119025281189225, 'hidden_continuous_size': 17, 'attention_head_size': 2, 'learning_rate': 0.05772680439737193}. Best is trial 38 with value: 0.2937032878398895.
LOCAL_RANK: 0 - CUDA_VISIBLE_DEVICES: [0]
[I 2023-11-29 23:01:39,697] Trial 45 finished with value: 0.4228340685367584 and parameters: {'gradient_clip_val': 0.4120258286401372, 'hidden_size': 37, 'dropout': 0.20651644914892145, 'hidden_continuous_size': 10, 'attention_head_size': 2, 'learning_rate': 0.04022611245898992}. Best is trial 38 with value: 0.2937032878398895.
LOCAL_RANK: 0 - CUDA_VISIBLE_DEVICES: [0]
[I 2023-11-29 23:01:52,393] Trial 46 finished with value: 0.44581663608551025 and parameters: {'gradient_clip_val': 0.30185161237205055, 'hidden_size': 25, 'dropout': 0.24183112367922344, 'hidden_continuous_size': 14, 'attention_head_size': 3, 'learning_rate': 0.0800215544483519}. Best is trial 38 with value: 0.2937032878398895.
LOCAL_RANK: 0 - CUDA_VISIBLE_DEVICES: [0]
[I 2023-11-29 23:02:05,272] Trial 47 finished with value: 0.6853243708610535 and parameters: {'gradient_clip_val': 0.6741033338249255, 'hidden_size': 29, 'dropout': 0.18693529128303643, 'hidden_continuous_size': 18, 'attention_head_size': 2, 'learning_rate': 0.03126165412322841}. Best is trial 38 with value: 0.2937032878398895.
LOCAL_RANK: 0 - CUDA_VISIBLE_DEVICES: [0]
[I 2023-11-29 23:02:18,718] Trial 48 finished with value: 0.2884923219680786 and parameters: {'gradient_clip_val': 0.5717334880491962, 'hidden_size': 53, 'dropout': 0.2232439330154279, 'hidden_continuous_size': 21, 'attention_head_size': 3, 'learning_rate': 0.05811252644464073}. Best is trial 48 with value: 0.2884923219680786.
LOCAL_RANK: 0 - CUDA_VISIBLE_DEVICES: [0]
[I 2023-11-29 23:02:32,156] Trial 49 finished with value: 0.3503596782684326 and parameters: {'gradient_clip_val': 0.7352034392366413, 'hidden_size': 57, 'dropout': 0.2644193975747573, 'hidden_continuous_size': 21, 'attention_head_size': 4, 'learning_rate': 0.05922195258696176}. Best is trial 48 with value: 0.2884923219680786.
LOCAL_RANK: 0 - CUDA_VISIBLE_DEVICES: [0]
[I 2023-11-29 23:02:45,304] Trial 50 finished with value: 0.27722659707069397 and parameters: {'gradient_clip_val': 0.5799745871211793, 'hidden_size': 42, 'dropout': 0.22921733093603616, 'hidden_continuous_size': 13, 'attention_head_size': 3, 'learning_rate': 0.0394317484767515}. Best is trial 50 with value: 0.27722659707069397.
LOCAL_RANK: 0 - CUDA_VISIBLE_DEVICES: [0]
[I 2023-11-29 23:02:58,210] Trial 51 finished with value: 0.3493921756744385 and parameters: {'gradient_clip_val': 0.58419847600164, 'hidden_size': 40, 'dropout': 0.2256985335516782, 'hidden_continuous_size': 13, 'attention_head_size': 3, 'learning_rate': 0.04484050450004615}. Best is trial 50 with value: 0.27722659707069397.
LOCAL_RANK: 0 - CUDA_VISIBLE_DEVICES: [0]
[I 2023-11-29 23:03:11,197] Trial 52 finished with value: 0.6650820374488831 and parameters: {'gradient_clip_val': 0.5151802451054762, 'hidden_size': 53, 'dropout': 0.2409352052113471, 'hidden_continuous_size': 11, 'attention_head_size': 3, 'learning_rate': 0.03678635875701952}. Best is trial 50 with value: 0.27722659707069397.
LOCAL_RANK: 0 - CUDA_VISIBLE_DEVICES: [0]
[I 2023-11-29 23:03:24,435] Trial 53 finished with value: 0.8356944918632507 and parameters: {'gradient_clip_val': 0.4392139369731634, 'hidden_size': 44, 'dropout': 0.22087893725510288, 'hidden_continuous_size': 16, 'attention_head_size': 3, 'learning_rate': 0.053112598105789506}. Best is trial 50 with value: 0.27722659707069397.
LOCAL_RANK: 0 - CUDA_VISIBLE_DEVICES: [0]
[I 2023-11-29 23:03:37,775] Trial 54 finished with value: 0.6511759161949158 and parameters: {'gradient_clip_val': 0.6487397938495674, 'hidden_size': 63, 'dropout': 0.2527858361623434, 'hidden_continuous_size': 12, 'attention_head_size': 3, 'learning_rate': 0.07959031389962762}. Best is trial 50 with value: 0.27722659707069397.
LOCAL_RANK: 0 - CUDA_VISIBLE_DEVICES: [0]
[I 2023-11-29 23:03:50,554] Trial 55 finished with value: 0.5143946409225464 and parameters: {'gradient_clip_val': 0.5703212050053925, 'hidden_size': 33, 'dropout': 0.21341248112964323, 'hidden_continuous_size': 13, 'attention_head_size': 3, 'learning_rate': 0.027709384144726516}. Best is trial 50 with value: 0.27722659707069397.
LOCAL_RANK: 0 - CUDA_VISIBLE_DEVICES: [0]
