[I 2023-11-30 04:30:26,698] Trial 1 finished with value: 2.3284225463867188 and parameters: {'gradient_clip_val': 0.6880274944658572, 'hidden_size': 12, 'dropout': 0.39784064868041025, 'hidden_continuous_size': 12, 'attention_head_size': 4, 'learning_rate': 0.00255175034850577}. Best is trial 0 with value: 0.17351508140563965.
LOCAL_RANK: 0 - CUDA_VISIBLE_DEVICES: [0]
[I 2023-11-30 04:30:40,276] Trial 2 finished with value: 0.39024826884269714 and parameters: {'gradient_clip_val': 0.2863532053057864, 'hidden_size': 65, 'dropout': 0.20846212931931546, 'hidden_continuous_size': 21, 'attention_head_size': 3, 'learning_rate': 0.010634734591767774}. Best is trial 0 with value: 0.17351508140563965.
LOCAL_RANK: 0 - CUDA_VISIBLE_DEVICES: [0]
[I 2023-11-30 04:30:52,647] Trial 3 finished with value: 0.9604236483573914 and parameters: {'gradient_clip_val': 0.10342395154096297, 'hidden_size': 20, 'dropout': 0.20246252839974838, 'hidden_continuous_size': 14, 'attention_head_size': 1, 'learning_rate': 0.007369669293014701}. Best is trial 0 with value: 0.17351508140563965.
LOCAL_RANK: 0 - CUDA_VISIBLE_DEVICES: [0]
[I 2023-11-30 04:31:04,746] Trial 4 finished with value: 0.703320324420929 and parameters: {'gradient_clip_val': 0.8818299057481336, 'hidden_size': 12, 'dropout': 0.3619821942311918, 'hidden_continuous_size': 10, 'attention_head_size': 3, 'learning_rate': 0.02188079683116201}. Best is trial 0 with value: 0.17351508140563965.
LOCAL_RANK: 0 - CUDA_VISIBLE_DEVICES: [0]
[I 2023-11-30 04:31:17,781] Trial 5 finished with value: 1.4410566091537476 and parameters: {'gradient_clip_val': 0.11801440535861345, 'hidden_size': 31, 'dropout': 0.25035104058086644, 'hidden_continuous_size': 24, 'attention_head_size': 4, 'learning_rate': 0.0026647349816154636}. Best is trial 0 with value: 0.17351508140563965.
LOCAL_RANK: 0 - CUDA_VISIBLE_DEVICES: [0]
[I 2023-11-30 04:31:32,422] Trial 6 finished with value: 0.15683254599571228 and parameters: {'gradient_clip_val': 0.1100042270814749, 'hidden_size': 142, 'dropout': 0.22825740004854375, 'hidden_continuous_size': 43, 'attention_head_size': 4, 'learning_rate': 0.01607221665282086}. Best is trial 6 with value: 0.15683254599571228.
LOCAL_RANK: 0 - CUDA_VISIBLE_DEVICES: [0]
[I 2023-11-30 04:31:44,754] Trial 7 finished with value: 2.702587842941284 and parameters: {'gradient_clip_val': 0.3136992094133841, 'hidden_size': 32, 'dropout': 0.19443605389546514, 'hidden_continuous_size': 12, 'attention_head_size': 2, 'learning_rate': 0.0014621781611400101}. Best is trial 6 with value: 0.15683254599571228.
LOCAL_RANK: 0 - CUDA_VISIBLE_DEVICES: [0]
[I 2023-11-30 04:31:56,889] Trial 8 finished with value: 3.2503597736358643 and parameters: {'gradient_clip_val': 0.10243057940468922, 'hidden_size': 12, 'dropout': 0.1075608522793809, 'hidden_continuous_size': 10, 'attention_head_size': 3, 'learning_rate': 0.0012836502307068418}. Best is trial 6 with value: 0.15683254599571228.
LOCAL_RANK: 0 - CUDA_VISIBLE_DEVICES: [0]
[I 2023-11-30 04:32:10,932] Trial 9 finished with value: 0.8260809779167175 and parameters: {'gradient_clip_val': 0.15076579187013206, 'hidden_size': 100, 'dropout': 0.37758824534816615, 'hidden_continuous_size': 16, 'attention_head_size': 3, 'learning_rate': 0.0012270607179543551}. Best is trial 6 with value: 0.15683254599571228.
LOCAL_RANK: 0 - CUDA_VISIBLE_DEVICES: [0]
[I 2023-11-30 04:32:25,660] Trial 10 finished with value: 0.22408121824264526 and parameters: {'gradient_clip_val': 0.18191908922254027, 'hidden_size': 150, 'dropout': 0.31105508673278104, 'hidden_continuous_size': 80, 'attention_head_size': 1, 'learning_rate': 0.07674481016053662}. Best is trial 6 with value: 0.15683254599571228.
LOCAL_RANK: 0 - CUDA_VISIBLE_DEVICES: [0]
[I 2023-11-30 04:32:39,534] Trial 11 finished with value: 0.2528669834136963 and parameters: {'gradient_clip_val': 0.4737164392304893, 'hidden_size': 67, 'dropout': 0.2681922036323186, 'hidden_continuous_size': 41, 'attention_head_size': 4, 'learning_rate': 0.08353326423425975}. Best is trial 6 with value: 0.15683254599571228.
LOCAL_RANK: 0 - CUDA_VISIBLE_DEVICES: [0]
[I 2023-11-30 04:32:54,131] Trial 12 finished with value: 0.3892764151096344 and parameters: {'gradient_clip_val': 0.21868037867336623, 'hidden_size': 138, 'dropout': 0.29191524973094635, 'hidden_continuous_size': 51, 'attention_head_size': 4, 'learning_rate': 0.032867670392590836}. Best is trial 6 with value: 0.15683254599571228.
LOCAL_RANK: 0 - CUDA_VISIBLE_DEVICES: [0]
[I 2023-11-30 04:33:07,753] Trial 13 finished with value: 0.3590259552001953 and parameters: {'gradient_clip_val': 0.4553346989396775, 'hidden_size': 67, 'dropout': 0.16321411739933575, 'hidden_continuous_size': 37, 'attention_head_size': 2, 'learning_rate': 0.03774491678159193}. Best is trial 6 with value: 0.15683254599571228.
LOCAL_RANK: 0 - CUDA_VISIBLE_DEVICES: [0]
[I 2023-11-30 04:33:21,129] Trial 14 finished with value: 0.27603474259376526 and parameters: {'gradient_clip_val': 0.22189793678688163, 'hidden_size': 48, 'dropout': 0.2359643583116325, 'hidden_continuous_size': 28, 'attention_head_size': 4, 'learning_rate': 0.09602972192470943}. Best is trial 6 with value: 0.15683254599571228.
LOCAL_RANK: 0 - CUDA_VISIBLE_DEVICES: [0]
[I 2023-11-30 04:33:35,527] Trial 15 finished with value: 0.1934913843870163 and parameters: {'gradient_clip_val': 0.14579459694678865, 'hidden_size': 99, 'dropout': 0.3217226476355354, 'hidden_continuous_size': 53, 'attention_head_size': 4, 'learning_rate': 0.01636152879526569}. Best is trial 6 with value: 0.15683254599571228.
LOCAL_RANK: 0 - CUDA_VISIBLE_DEVICES: [0]
[I 2023-11-30 04:33:49,921] Trial 16 finished with value: 0.29278531670570374 and parameters: {'gradient_clip_val': 0.39868385899363534, 'hidden_size': 104, 'dropout': 0.26683671734592423, 'hidden_continuous_size': 97, 'attention_head_size': 2, 'learning_rate': 0.045951849291194447}. Best is trial 6 with value: 0.15683254599571228.
LOCAL_RANK: 0 - CUDA_VISIBLE_DEVICES: [0]
[I 2023-11-30 04:34:03,205] Trial 17 finished with value: 0.2591474950313568 and parameters: {'gradient_clip_val': 0.25620406601149787, 'hidden_size': 52, 'dropout': 0.15772730537142418, 'hidden_continuous_size': 28, 'attention_head_size': 3, 'learning_rate': 0.02103564844910903}. Best is trial 6 with value: 0.15683254599571228.
LOCAL_RANK: 0 - CUDA_VISIBLE_DEVICES: [0]
[I 2023-11-30 04:34:17,201] Trial 18 finished with value: 0.24556295573711395 and parameters: {'gradient_clip_val': 0.36960674356631645, 'hidden_size': 88, 'dropout': 0.23362057048193263, 'hidden_continuous_size': 37, 'attention_head_size': 4, 'learning_rate': 0.05781568831696656}. Best is trial 6 with value: 0.15683254599571228.
LOCAL_RANK: 0 - CUDA_VISIBLE_DEVICES: [0]
[I 2023-11-30 04:34:32,081] Trial 19 finished with value: 0.17234790325164795 and parameters: {'gradient_clip_val': 0.5541766126262062, 'hidden_size': 135, 'dropout': 0.29093404101124287, 'hidden_continuous_size': 67, 'attention_head_size': 3, 'learning_rate': 0.05394025496986084}. Best is trial 6 with value: 0.15683254599571228.
LOCAL_RANK: 0 - CUDA_VISIBLE_DEVICES: [0]
[I 2023-11-30 04:34:46,650] Trial 20 finished with value: 0.20640556514263153 and parameters: {'gradient_clip_val': 0.5930688963983556, 'hidden_size': 122, 'dropout': 0.33751271274453937, 'hidden_continuous_size': 68, 'attention_head_size': 3, 'learning_rate': 0.04953656656651084}. Best is trial 6 with value: 0.15683254599571228.
LOCAL_RANK: 0 - CUDA_VISIBLE_DEVICES: [0]
[I 2023-11-30 04:35:01,985] Trial 21 finished with value: 0.15390534698963165 and parameters: {'gradient_clip_val': 0.34607712824202075, 'hidden_size': 146, 'dropout': 0.28849022032039345, 'hidden_continuous_size': 142, 'attention_head_size': 4, 'learning_rate': 0.06344732278522482}. Best is trial 21 with value: 0.15390534698963165.
LOCAL_RANK: 0 - CUDA_VISIBLE_DEVICES: [0]
[I 2023-11-30 04:35:17,216] Trial 22 finished with value: 0.1202080026268959 and parameters: {'gradient_clip_val': 0.3451141486372513, 'hidden_size': 147, 'dropout': 0.2965732082979935, 'hidden_continuous_size': 136, 'attention_head_size': 3, 'learning_rate': 0.03235932350393487}. Best is trial 22 with value: 0.1202080026268959.
LOCAL_RANK: 0 - CUDA_VISIBLE_DEVICES: [0]
[I 2023-11-30 04:35:32,086] Trial 23 finished with value: 0.188146710395813 and parameters: {'gradient_clip_val': 0.33957212719290764, 'hidden_size': 123, 'dropout': 0.28289577187519416, 'hidden_continuous_size': 114, 'attention_head_size': 4, 'learning_rate': 0.030205517341664444}. Best is trial 22 with value: 0.1202080026268959.
LOCAL_RANK: 0 - CUDA_VISIBLE_DEVICES: [0]
[I 2023-11-30 04:35:47,479] Trial 24 finished with value: 0.2807472050189972 and parameters: {'gradient_clip_val': 0.28387533753584665, 'hidden_size': 150, 'dropout': 0.31634988044880163, 'hidden_continuous_size': 148, 'attention_head_size': 2, 'learning_rate': 0.030452242593588114}. Best is trial 22 with value: 0.1202080026268959.
LOCAL_RANK: 0 - CUDA_VISIBLE_DEVICES: [0]
[I 2023-11-30 04:36:01,659] Trial 25 finished with value: 0.1546575278043747 and parameters: {'gradient_clip_val': 0.33281556276271396, 'hidden_size': 89, 'dropout': 0.2556586271899212, 'hidden_continuous_size': 58, 'attention_head_size': 3, 'learning_rate': 0.09842754564011372}. Best is trial 22 with value: 0.1202080026268959.
LOCAL_RANK: 0 - CUDA_VISIBLE_DEVICES: [0]
[I 2023-11-30 04:36:15,717] Trial 26 finished with value: 0.14529992640018463 and parameters: {'gradient_clip_val': 0.3443471232082748, 'hidden_size': 79, 'dropout': 0.2599189815665543, 'hidden_continuous_size': 57, 'attention_head_size': 3, 'learning_rate': 0.09701391127387468}. Best is trial 22 with value: 0.1202080026268959.
LOCAL_RANK: 0 - CUDA_VISIBLE_DEVICES: [0]
[I 2023-11-30 04:36:29,664] Trial 27 finished with value: 0.12213148921728134 and parameters: {'gradient_clip_val': 0.3994616438058938, 'hidden_size': 84, 'dropout': 0.2848757464225331, 'hidden_continuous_size': 61, 'attention_head_size': 2, 'learning_rate': 0.0649057712085061}. Best is trial 22 with value: 0.1202080026268959.
LOCAL_RANK: 0 - CUDA_VISIBLE_DEVICES: [0]
[I 2023-11-30 04:36:43,894] Trial 28 finished with value: 0.1573541909456253 and parameters: {'gradient_clip_val': 0.3754399809246024, 'hidden_size': 87, 'dropout': 0.3500796160368333, 'hidden_continuous_size': 61, 'attention_head_size': 2, 'learning_rate': 0.09907310217390645}. Best is trial 22 with value: 0.1202080026268959.
LOCAL_RANK: 0 - CUDA_VISIBLE_DEVICES: [0]
[I 2023-11-30 04:36:57,978] Trial 29 finished with value: 0.18294179439544678 and parameters: {'gradient_clip_val': 0.42604843409479143, 'hidden_size': 80, 'dropout': 0.30691189986801753, 'hidden_continuous_size': 49, 'attention_head_size': 1, 'learning_rate': 0.06756314610537734}. Best is trial 22 with value: 0.1202080026268959.
LOCAL_RANK: 0 - CUDA_VISIBLE_DEVICES: [0]
[I 2023-11-30 04:37:12,312] Trial 30 finished with value: 0.18909983336925507 and parameters: {'gradient_clip_val': 0.4889501538134373, 'hidden_size': 112, 'dropout': 0.33479241436671014, 'hidden_continuous_size': 80, 'attention_head_size': 2, 'learning_rate': 0.04616379702653547}. Best is trial 22 with value: 0.1202080026268959.
LOCAL_RANK: 0 - CUDA_VISIBLE_DEVICES: [0]
[I 2023-11-30 04:37:26,913] Trial 31 finished with value: 0.17965567111968994 and parameters: {'gradient_clip_val': 0.3574337270027614, 'hidden_size': 115, 'dropout': 0.2755618659252371, 'hidden_continuous_size': 84, 'attention_head_size': 2, 'learning_rate': 0.06787977077942195}. Best is trial 22 with value: 0.1202080026268959.
LOCAL_RANK: 0 - CUDA_VISIBLE_DEVICES: [0]
[I 2023-11-30 04:37:40,911] Trial 32 finished with value: 0.17107081413269043 and parameters: {'gradient_clip_val': 0.4049660318410041, 'hidden_size': 76, 'dropout': 0.29496542966577943, 'hidden_continuous_size': 55, 'attention_head_size': 3, 'learning_rate': 0.06266913814808903}. Best is trial 22 with value: 0.1202080026268959.
LOCAL_RANK: 0 - CUDA_VISIBLE_DEVICES: [0]
[I 2023-11-30 04:37:55,512] Trial 33 finished with value: 0.16422778367996216 and parameters: {'gradient_clip_val': 0.29133004082935593, 'hidden_size': 114, 'dropout': 0.2652335113704006, 'hidden_continuous_size': 70, 'attention_head_size': 3, 'learning_rate': 0.0679897142962686}. Best is trial 22 with value: 0.1202080026268959.
LOCAL_RANK: 0 - CUDA_VISIBLE_DEVICES: [0]
[I 2023-11-30 04:38:09,894] Trial 34 finished with value: 0.18798322975635529 and parameters: {'gradient_clip_val': 0.3145876275899149, 'hidden_size': 99, 'dropout': 0.2802751884105559, 'hidden_continuous_size': 64, 'attention_head_size': 2, 'learning_rate': 0.04077241382570443}. Best is trial 22 with value: 0.1202080026268959.
LOCAL_RANK: 0 - CUDA_VISIBLE_DEVICES: [0]
[I 2023-11-30 04:38:24,574] Trial 35 finished with value: 0.1309763789176941 and parameters: {'gradient_clip_val': 0.2529806849237063, 'hidden_size': 127, 'dropout': 0.3043907396387513, 'hidden_continuous_size': 108, 'attention_head_size': 3, 'learning_rate': 0.07682257841456026}. Best is trial 22 with value: 0.1202080026268959.
LOCAL_RANK: 0 - CUDA_VISIBLE_DEVICES: [0]
[I 2023-11-30 04:38:38,515] Trial 36 finished with value: 0.12698835134506226 and parameters: {'gradient_clip_val': 0.25382668495110067, 'hidden_size': 76, 'dropout': 0.2511579505365786, 'hidden_continuous_size': 57, 'attention_head_size': 3, 'learning_rate': 0.07981753405983232}. Best is trial 22 with value: 0.1202080026268959.
LOCAL_RANK: 0 - CUDA_VISIBLE_DEVICES: [0]
[I 2023-11-30 04:38:52,239] Trial 37 finished with value: 0.13735002279281616 and parameters: {'gradient_clip_val': 0.26082899827525996, 'hidden_size': 59, 'dropout': 0.24987182871333988, 'hidden_continuous_size': 47, 'attention_head_size': 3, 'learning_rate': 0.05129373096361461}. Best is trial 22 with value: 0.1202080026268959.
LOCAL_RANK: 0 - CUDA_VISIBLE_DEVICES: [0]
[I 2023-11-30 04:39:06,689] Trial 38 finished with value: 0.09751420468091965 and parameters: {'gradient_clip_val': 0.23938034790229712, 'hidden_size': 116, 'dropout': 0.30096468716087654, 'hidden_continuous_size': 95, 'attention_head_size': 1, 'learning_rate': 0.03787542096844363}. Best is trial 38 with value: 0.09751420468091965.
LOCAL_RANK: 0 - CUDA_VISIBLE_DEVICES: [0]
[I 2023-11-30 04:39:20,849] Trial 39 finished with value: 0.12976814806461334 and parameters: {'gradient_clip_val': 0.2335923884556443, 'hidden_size': 74, 'dropout': 0.3259736913339156, 'hidden_continuous_size': 58, 'attention_head_size': 1, 'learning_rate': 0.03625593218357496}. Best is trial 38 with value: 0.09751420468091965.
LOCAL_RANK: 0 - CUDA_VISIBLE_DEVICES: [0]
[I 2023-11-30 04:39:35,034] Trial 40 finished with value: 0.21810579299926758 and parameters: {'gradient_clip_val': 0.195783058971996, 'hidden_size': 94, 'dropout': 0.30354791001652265, 'hidden_continuous_size': 72, 'attention_head_size': 1, 'learning_rate': 0.024056896464908644}. Best is trial 38 with value: 0.09751420468091965.
LOCAL_RANK: 0 - CUDA_VISIBLE_DEVICES: [0]
[I 2023-11-30 04:39:49,020] Trial 41 finished with value: 0.2522549331188202 and parameters: {'gradient_clip_val': 0.2396953855221569, 'hidden_size': 71, 'dropout': 0.32440843188406904, 'hidden_continuous_size': 58, 'attention_head_size': 1, 'learning_rate': 0.039169717254834056}. Best is trial 38 with value: 0.09751420468091965.
LOCAL_RANK: 0 - CUDA_VISIBLE_DEVICES: [0]
[I 2023-11-30 04:40:03,008] Trial 42 finished with value: 0.13691166043281555 and parameters: {'gradient_clip_val': 0.2845801245319715, 'hidden_size': 81, 'dropout': 0.3311882650996234, 'hidden_continuous_size': 60, 'attention_head_size': 1, 'learning_rate': 0.03653814025211014}. Best is trial 38 with value: 0.09751420468091965.
LOCAL_RANK: 0 - CUDA_VISIBLE_DEVICES: [0]
[I 2023-11-30 04:40:17,358] Trial 43 finished with value: 0.14991885423660278 and parameters: {'gradient_clip_val': 0.22562381791468755, 'hidden_size': 103, 'dropout': 0.3512946308282597, 'hidden_continuous_size': 77, 'attention_head_size': 1, 'learning_rate': 0.052816562733662496}. Best is trial 38 with value: 0.09751420468091965.
LOCAL_RANK: 0 - CUDA_VISIBLE_DEVICES: [0]
[I 2023-11-30 04:40:31,080] Trial 44 finished with value: 0.223306342959404 and parameters: {'gradient_clip_val': 0.30192638180092496, 'hidden_size': 59, 'dropout': 0.31580740335113533, 'hidden_continuous_size': 47, 'attention_head_size': 1, 'learning_rate': 0.0255131303701506}. Best is trial 38 with value: 0.09751420468091965.
LOCAL_RANK: 0 - CUDA_VISIBLE_DEVICES: [0]
[I 2023-11-30 04:40:44,847] Trial 45 finished with value: 0.14614596962928772 and parameters: {'gradient_clip_val': 0.20035342056006816, 'hidden_size': 71, 'dropout': 0.2788156715462836, 'hidden_continuous_size': 52, 'attention_head_size': 1, 'learning_rate': 0.030270972947096714}. Best is trial 38 with value: 0.09751420468091965.
LOCAL_RANK: 0 - CUDA_VISIBLE_DEVICES: [0]
[I 2023-11-30 04:40:59,304] Trial 46 finished with value: 0.13925577700138092 and parameters: {'gradient_clip_val': 0.27105620831707494, 'hidden_size': 126, 'dropout': 0.29955534782027143, 'hidden_continuous_size': 84, 'attention_head_size': 1, 'learning_rate': 0.041492787902611065}. Best is trial 38 with value: 0.09751420468091965.
LOCAL_RANK: 0 - CUDA_VISIBLE_DEVICES: [0]
[I 2023-11-30 04:41:12,522] Trial 47 finished with value: 0.424335241317749 and parameters: {'gradient_clip_val': 0.2394360785314846, 'hidden_size': 41, 'dropout': 0.24644111972396893, 'hidden_continuous_size': 36, 'attention_head_size': 2, 'learning_rate': 0.008137301726570545}. Best is trial 38 with value: 0.09751420468091965.
LOCAL_RANK: 0 - CUDA_VISIBLE_DEVICES: [0]
[I 2023-11-30 04:41:26,064] Trial 48 finished with value: 0.1464165896177292 and parameters: {'gradient_clip_val': 0.3080981239854879, 'hidden_size': 64, 'dropout': 0.3758100156956343, 'hidden_continuous_size': 53, 'attention_head_size': 1, 'learning_rate': 0.07849939565632684}. Best is trial 38 with value: 0.09751420468091965.
LOCAL_RANK: 0 - CUDA_VISIBLE_DEVICES: [0]
[I 2023-11-30 04:41:40,468] Trial 49 finished with value: 0.10847005993127823 and parameters: {'gradient_clip_val': 0.18003133979793917, 'hidden_size': 105, 'dropout': 0.2159989808854324, 'hidden_continuous_size': 43, 'attention_head_size': 2, 'learning_rate': 0.017200357901886048}. Best is trial 38 with value: 0.09751420468091965.
LOCAL_RANK: 0 - CUDA_VISIBLE_DEVICES: [0]
[I 2023-11-30 04:41:54,534] Trial 50 finished with value: 0.20236854255199432 and parameters: {'gradient_clip_val': 0.16830740592354282, 'hidden_size': 105, 'dropout': 0.2100011500752613, 'hidden_continuous_size': 46, 'attention_head_size': 2, 'learning_rate': 0.013361494325653384}. Best is trial 38 with value: 0.09751420468091965.
LOCAL_RANK: 0 - CUDA_VISIBLE_DEVICES: [0]
[I 2023-11-30 04:42:08,718] Trial 51 finished with value: 0.13608036935329437 and parameters: {'gradient_clip_val': 0.21758227871310198, 'hidden_size': 90, 'dropout': 0.27240918316978063, 'hidden_continuous_size': 64, 'attention_head_size': 2, 'learning_rate': 0.019353736877831866}. Best is trial 38 with value: 0.09751420468091965.
LOCAL_RANK: 0 - CUDA_VISIBLE_DEVICES: [0]
[I 2023-11-30 04:42:23,104] Trial 52 finished with value: 0.1842469424009323 and parameters: {'gradient_clip_val': 0.1801112488129375, 'hidden_size': 133, 'dropout': 0.24512033368731448, 'hidden_continuous_size': 43, 'attention_head_size': 2, 'learning_rate': 0.02641825710457277}. Best is trial 38 with value: 0.09751420468091965.
LOCAL_RANK: 0 - CUDA_VISIBLE_DEVICES: [0]
[I 2023-11-30 04:42:37,462] Trial 53 finished with value: 0.16171695291996002 and parameters: {'gradient_clip_val': 0.2618908085302433, 'hidden_size': 115, 'dropout': 0.2160813151690275, 'hidden_continuous_size': 42, 'attention_head_size': 3, 'learning_rate': 0.03415108918413882}. Best is trial 38 with value: 0.09751420468091965.
LOCAL_RANK: 0 - CUDA_VISIBLE_DEVICES: [0]
[I 2023-11-30 04:42:51,893] Trial 54 finished with value: 0.2630884349346161 and parameters: {'gradient_clip_val': 0.208665888173813, 'hidden_size': 96, 'dropout': 0.22229543094574916, 'hidden_continuous_size': 71, 'attention_head_size': 2, 'learning_rate': 0.04419558638346332}. Best is trial 38 with value: 0.09751420468091965.
LOCAL_RANK: 0 - CUDA_VISIBLE_DEVICES: [0]
[I 2023-11-30 04:43:06,446] Trial 55 finished with value: 0.19638113677501678 and parameters: {'gradient_clip_val': 0.23361877211792856, 'hidden_size': 136, 'dropout': 0.29440086757740946, 'hidden_continuous_size': 87, 'attention_head_size': 1, 'learning_rate': 0.019231377661427573}. Best is trial 38 with value: 0.09751420468091965.
LOCAL_RANK: 0 - CUDA_VISIBLE_DEVICES: [0]
[I 2023-11-30 04:43:20,982] Trial 56 finished with value: 0.31435826420783997 and parameters: {'gradient_clip_val': 0.1371133072577028, 'hidden_size': 109, 'dropout': 0.23785497990702195, 'hidden_continuous_size': 77, 'attention_head_size': 3, 'learning_rate': 0.060188679235828234}. Best is trial 38 with value: 0.09751420468091965.
LOCAL_RANK: 0 - CUDA_VISIBLE_DEVICES: [0]
[I 2023-11-30 04:43:35,163] Trial 57 finished with value: 0.17934536933898926 and parameters: {'gradient_clip_val': 0.1897596461498502, 'hidden_size': 83, 'dropout': 0.25897591204878534, 'hidden_continuous_size': 62, 'attention_head_size': 2, 'learning_rate': 0.02870370583078416}. Best is trial 38 with value: 0.09751420468091965.
LOCAL_RANK: 0 - CUDA_VISIBLE_DEVICES: [0]
[I 2023-11-30 04:43:49,565] Trial 58 finished with value: 0.22510547935962677 and parameters: {'gradient_clip_val': 0.2037039802675637, 'hidden_size': 94, 'dropout': 0.31243613604069387, 'hidden_continuous_size': 67, 'attention_head_size': 3, 'learning_rate': 0.03502173072362684}. Best is trial 38 with value: 0.09751420468091965.
LOCAL_RANK: 0 - CUDA_VISIBLE_DEVICES: [0]
