[I 2023-11-30 11:30:49,893] Trial 50 finished with value: 0.3026500642299652 and parameters: {'gradient_clip_val': 0.17561603808126552, 'hidden_size': 59, 'dropout': 0.20887849399804467, 'hidden_continuous_size': 55, 'attention_head_size': 2, 'learning_rate': 0.030870643852729564}. Best is trial 49 with value: 0.09734642505645752.
LOCAL_RANK: 0 - CUDA_VISIBLE_DEVICES: [0]
[I 2023-11-30 11:31:04,533] Trial 51 finished with value: 0.11394015699625015 and parameters: {'gradient_clip_val': 0.1559782533978426, 'hidden_size': 94, 'dropout': 0.19915798100180374, 'hidden_continuous_size': 82, 'attention_head_size': 2, 'learning_rate': 0.03605847595567084}. Best is trial 49 with value: 0.09734642505645752.
LOCAL_RANK: 0 - CUDA_VISIBLE_DEVICES: [0]
[I 2023-11-30 11:31:18,816] Trial 52 finished with value: 0.2290106564760208 and parameters: {'gradient_clip_val': 0.15199891511700325, 'hidden_size': 100, 'dropout': 0.20216867818015744, 'hidden_continuous_size': 86, 'attention_head_size': 2, 'learning_rate': 0.03849537012711817}. Best is trial 49 with value: 0.09734642505645752.
LOCAL_RANK: 0 - CUDA_VISIBLE_DEVICES: [0]
[I 2023-11-30 11:31:33,147] Trial 53 finished with value: 0.12851370871067047 and parameters: {'gradient_clip_val': 0.2027465803350482, 'hidden_size': 78, 'dropout': 0.17238165155116453, 'hidden_continuous_size': 70, 'attention_head_size': 2, 'learning_rate': 0.04394207894249615}. Best is trial 49 with value: 0.09734642505645752.
LOCAL_RANK: 0 - CUDA_VISIBLE_DEVICES: [0]
[I 2023-11-30 11:31:47,580] Trial 54 finished with value: 0.14539478719234467 and parameters: {'gradient_clip_val': 0.14035151045963914, 'hidden_size': 98, 'dropout': 0.21944211804807842, 'hidden_continuous_size': 82, 'attention_head_size': 2, 'learning_rate': 0.061236622396551484}. Best is trial 49 with value: 0.09734642505645752.
LOCAL_RANK: 0 - CUDA_VISIBLE_DEVICES: [0]
[I 2023-11-30 11:32:01,160] Trial 55 finished with value: 0.13181553781032562 and parameters: {'gradient_clip_val': 0.12258849418622893, 'hidden_size': 45, 'dropout': 0.17937994894765827, 'hidden_continuous_size': 43, 'attention_head_size': 2, 'learning_rate': 0.025471936384439165}. Best is trial 49 with value: 0.09734642505645752.
LOCAL_RANK: 0 - CUDA_VISIBLE_DEVICES: [0]
[I 2023-11-30 11:32:15,832] Trial 56 finished with value: 0.21057067811489105 and parameters: {'gradient_clip_val': 0.1782250745726557, 'hidden_size': 122, 'dropout': 0.25353767911404673, 'hidden_continuous_size': 101, 'attention_head_size': 1, 'learning_rate': 0.02936374620290371}. Best is trial 49 with value: 0.09734642505645752.
LOCAL_RANK: 0 - CUDA_VISIBLE_DEVICES: [0]
[I 2023-11-30 11:32:30,251] Trial 57 finished with value: 0.09790592640638351 and parameters: {'gradient_clip_val': 0.15967753167449034, 'hidden_size': 83, 'dropout': 0.21802192664653355, 'hidden_continuous_size': 75, 'attention_head_size': 2, 'learning_rate': 0.03590051230964206}. Best is trial 49 with value: 0.09734642505645752.
LOCAL_RANK: 0 - CUDA_VISIBLE_DEVICES: [0]
[I 2023-11-30 11:32:44,186] Trial 58 finished with value: 0.22089554369449615 and parameters: {'gradient_clip_val': 0.160810953782733, 'hidden_size': 67, 'dropout': 0.21412268825382783, 'hidden_continuous_size': 60, 'attention_head_size': 1, 'learning_rate': 0.038214637602618416}. Best is trial 49 with value: 0.09734642505645752.
LOCAL_RANK: 0 - CUDA_VISIBLE_DEVICES: [0]
[I 2023-11-30 11:32:58,316] Trial 59 finished with value: 0.17715246975421906 and parameters: {'gradient_clip_val': 0.21301390959297606, 'hidden_size': 84, 'dropout': 0.2017183628288022, 'hidden_continuous_size': 69, 'attention_head_size': 2, 'learning_rate': 0.02914593901760958}. Best is trial 49 with value: 0.09734642505645752.
LOCAL_RANK: 0 - CUDA_VISIBLE_DEVICES: [0]
[I 2023-11-30 11:33:12,427] Trial 60 finished with value: 0.1969747096300125 and parameters: {'gradient_clip_val': 0.19294944349345977, 'hidden_size': 71, 'dropout': 0.15133469305320052, 'hidden_continuous_size': 64, 'attention_head_size': 2, 'learning_rate': 0.05565098388551946}. Best is trial 49 with value: 0.09734642505645752.
LOCAL_RANK: 0 - CUDA_VISIBLE_DEVICES: [0]
[I 2023-11-30 11:33:27,019] Trial 61 finished with value: 0.11362461000680923 and parameters: {'gradient_clip_val': 0.13036630944615024, 'hidden_size': 95, 'dropout': 0.2266128793578772, 'hidden_continuous_size': 84, 'attention_head_size': 2, 'learning_rate': 0.020416063993233483}. Best is trial 49 with value: 0.09734642505645752.
LOCAL_RANK: 0 - CUDA_VISIBLE_DEVICES: [0]
[I 2023-11-30 11:33:41,368] Trial 62 finished with value: 0.241708442568779 and parameters: {'gradient_clip_val': 0.13142120699531248, 'hidden_size': 81, 'dropout': 0.2229440111862235, 'hidden_continuous_size': 74, 'attention_head_size': 2, 'learning_rate': 0.035827882872004634}. Best is trial 49 with value: 0.09734642505645752.
LOCAL_RANK: 0 - CUDA_VISIBLE_DEVICES: [0]
[I 2023-11-30 11:33:55,749] Trial 63 finished with value: 0.13036440312862396 and parameters: {'gradient_clip_val': 0.10948815261245598, 'hidden_size': 93, 'dropout': 0.1809352771445228, 'hidden_continuous_size': 76, 'attention_head_size': 2, 'learning_rate': 0.022136449366059664}. Best is trial 49 with value: 0.09734642505645752.
LOCAL_RANK: 0 - CUDA_VISIBLE_DEVICES: [0]
[I 2023-11-30 11:34:10,220] Trial 64 finished with value: 0.1689252406358719 and parameters: {'gradient_clip_val': 0.12075033146009725, 'hidden_size': 106, 'dropout': 0.23806281340877686, 'hidden_continuous_size': 84, 'attention_head_size': 2, 'learning_rate': 0.027542344093300728}. Best is trial 49 with value: 0.09734642505645752.
LOCAL_RANK: 0 - CUDA_VISIBLE_DEVICES: [0]
[I 2023-11-30 11:34:24,443] Trial 65 finished with value: 0.14974522590637207 and parameters: {'gradient_clip_val': 0.14295128961392867, 'hidden_size': 95, 'dropout': 0.19641716012827776, 'hidden_continuous_size': 79, 'attention_head_size': 1, 'learning_rate': 0.017131130997420342}. Best is trial 49 with value: 0.09734642505645752.
LOCAL_RANK: 0 - CUDA_VISIBLE_DEVICES: [0]
[I 2023-11-30 11:34:38,913] Trial 66 finished with value: 0.14329572021961212 and parameters: {'gradient_clip_val': 0.16215795848099687, 'hidden_size': 77, 'dropout': 0.22851951353511105, 'hidden_continuous_size': 69, 'attention_head_size': 2, 'learning_rate': 0.021529622689300025}. Best is trial 49 with value: 0.09734642505645752.
LOCAL_RANK: 0 - CUDA_VISIBLE_DEVICES: [0]
[I 2023-11-30 11:34:52,769] Trial 67 finished with value: 0.08047966659069061 and parameters: {'gradient_clip_val': 0.13259471170216017, 'hidden_size': 61, 'dropout': 0.21659764259758824, 'hidden_continuous_size': 58, 'attention_head_size': 2, 'learning_rate': 0.03393932453521511}. Best is trial 67 with value: 0.08047966659069061.
LOCAL_RANK: 0 - CUDA_VISIBLE_DEVICES: [0]
[I 2023-11-30 11:35:06,458] Trial 68 finished with value: 0.10759375244379044 and parameters: {'gradient_clip_val': 0.12217499507425486, 'hidden_size': 61, 'dropout': 0.21481242767986117, 'hidden_continuous_size': 58, 'attention_head_size': 2, 'learning_rate': 0.034610050756167784}. Best is trial 67 with value: 0.08047966659069061.
LOCAL_RANK: 0 - CUDA_VISIBLE_DEVICES: [0]
[I 2023-11-30 11:35:20,285] Trial 69 finished with value: 0.2569301724433899 and parameters: {'gradient_clip_val': 0.1281110489737617, 'hidden_size': 59, 'dropout': 0.21503961681573033, 'hidden_continuous_size': 51, 'attention_head_size': 2, 'learning_rate': 0.03377194152179797}. Best is trial 67 with value: 0.08047966659069061.
LOCAL_RANK: 0 - CUDA_VISIBLE_DEVICES: [0]
[I 2023-11-30 11:35:33,881] Trial 70 finished with value: 0.14290760457515717 and parameters: {'gradient_clip_val': 0.1398819145034512, 'hidden_size': 59, 'dropout': 0.20897283660920324, 'hidden_continuous_size': 56, 'attention_head_size': 2, 'learning_rate': 0.043229132730612005}. Best is trial 67 with value: 0.08047966659069061.
LOCAL_RANK: 0 - CUDA_VISIBLE_DEVICES: [0]
[I 2023-11-30 11:35:47,997] Trial 71 finished with value: 0.16126649081707 and parameters: {'gradient_clip_val': 0.12027126214761112, 'hidden_size': 71, 'dropout': 0.24363009057544638, 'hidden_continuous_size': 60, 'attention_head_size': 2, 'learning_rate': 0.027505067373150453}. Best is trial 67 with value: 0.08047966659069061.
LOCAL_RANK: 0 - CUDA_VISIBLE_DEVICES: [0]
[I 2023-11-30 11:36:02,239] Trial 72 finished with value: 0.21422703564167023 and parameters: {'gradient_clip_val': 0.11162011555619158, 'hidden_size': 84, 'dropout': 0.22490500385590384, 'hidden_continuous_size': 71, 'attention_head_size': 2, 'learning_rate': 0.03335491919443808}. Best is trial 67 with value: 0.08047966659069061.
LOCAL_RANK: 0 - CUDA_VISIBLE_DEVICES: [0]
[I 2023-11-30 11:36:16,130] Trial 73 finished with value: 0.10910338163375854 and parameters: {'gradient_clip_val': 0.10664470166568393, 'hidden_size': 63, 'dropout': 0.23103750188867608, 'hidden_continuous_size': 60, 'attention_head_size': 2, 'learning_rate': 0.02607193114863948}. Best is trial 67 with value: 0.08047966659069061.
LOCAL_RANK: 0 - CUDA_VISIBLE_DEVICES: [0]
[I 2023-11-30 11:36:30,073] Trial 74 finished with value: 0.10334984213113785 and parameters: {'gradient_clip_val': 0.13311028450487736, 'hidden_size': 65, 'dropout': 0.23505344567236985, 'hidden_continuous_size': 58, 'attention_head_size': 2, 'learning_rate': 0.025812968288330344}. Best is trial 67 with value: 0.08047966659069061.
LOCAL_RANK: 0 - CUDA_VISIBLE_DEVICES: [0]
[I 2023-11-30 11:36:43,822] Trial 75 finished with value: 0.15965110063552856 and parameters: {'gradient_clip_val': 0.1317018053287116, 'hidden_size': 53, 'dropout': 0.23625610808777636, 'hidden_continuous_size': 49, 'attention_head_size': 2, 'learning_rate': 0.025722235417898087}. Best is trial 67 with value: 0.08047966659069061.
LOCAL_RANK: 0 - CUDA_VISIBLE_DEVICES: [0]
[I 2023-11-30 11:36:57,825] Trial 76 finished with value: 0.130888432264328 and parameters: {'gradient_clip_val': 0.11828736899834294, 'hidden_size': 68, 'dropout': 0.21695606267468204, 'hidden_continuous_size': 63, 'attention_head_size': 2, 'learning_rate': 0.030002613583290916}. Best is trial 67 with value: 0.08047966659069061.
LOCAL_RANK: 0 - CUDA_VISIBLE_DEVICES: [0]
[I 2023-11-30 11:37:11,599] Trial 77 finished with value: 0.13283230364322662 and parameters: {'gradient_clip_val': 0.14579647737617232, 'hidden_size': 62, 'dropout': 0.22952764238200155, 'hidden_continuous_size': 58, 'attention_head_size': 2, 'learning_rate': 0.022965522475962816}. Best is trial 67 with value: 0.08047966659069061.
LOCAL_RANK: 0 - CUDA_VISIBLE_DEVICES: [0]
[I 2023-11-30 11:37:25,912] Trial 78 finished with value: 0.101468525826931 and parameters: {'gradient_clip_val': 0.10847039219830822, 'hidden_size': 75, 'dropout': 0.23944194026675636, 'hidden_continuous_size': 67, 'attention_head_size': 2, 'learning_rate': 0.020670986304070903}. Best is trial 67 with value: 0.08047966659069061.
LOCAL_RANK: 0 - CUDA_VISIBLE_DEVICES: [0]
[I 2023-11-30 11:37:39,583] Trial 79 finished with value: 0.17104166746139526 and parameters: {'gradient_clip_val': 0.10804538621574904, 'hidden_size': 64, 'dropout': 0.24063293496655533, 'hidden_continuous_size': 58, 'attention_head_size': 2, 'learning_rate': 0.025806460306274866}. Best is trial 67 with value: 0.08047966659069061.
LOCAL_RANK: 0 - CUDA_VISIBLE_DEVICES: [0]
[I 2023-11-30 11:37:53,761] Trial 80 finished with value: 0.17068834602832794 and parameters: {'gradient_clip_val': 0.10773884135490182, 'hidden_size': 76, 'dropout': 0.21031872150638184, 'hidden_continuous_size': 67, 'attention_head_size': 2, 'learning_rate': 0.017303527015332283}. Best is trial 67 with value: 0.08047966659069061.
LOCAL_RANK: 0 - CUDA_VISIBLE_DEVICES: [0]
[I 2023-11-30 11:38:07,952] Trial 81 finished with value: 0.2492210865020752 and parameters: {'gradient_clip_val': 0.12536447917537286, 'hidden_size': 71, 'dropout': 0.22614281961424937, 'hidden_continuous_size': 66, 'attention_head_size': 2, 'learning_rate': 0.021077688785483727}. Best is trial 67 with value: 0.08047966659069061.
LOCAL_RANK: 0 - CUDA_VISIBLE_DEVICES: [0]
[I 2023-11-30 11:38:21,901] Trial 82 finished with value: 0.20451195538043976 and parameters: {'gradient_clip_val': 0.11878998388012789, 'hidden_size': 55, 'dropout': 0.24890021880372007, 'hidden_continuous_size': 53, 'attention_head_size': 2, 'learning_rate': 0.03147560224315624}. Best is trial 67 with value: 0.08047966659069061.
LOCAL_RANK: 0 - CUDA_VISIBLE_DEVICES: [0]
[I 2023-11-30 11:38:35,408] Trial 83 finished with value: 0.1452285796403885 and parameters: {'gradient_clip_val': 0.13435316366973396, 'hidden_size': 48, 'dropout': 0.23433041361285073, 'hidden_continuous_size': 45, 'attention_head_size': 2, 'learning_rate': 0.019915014899482983}. Best is trial 67 with value: 0.08047966659069061.
LOCAL_RANK: 0 - CUDA_VISIBLE_DEVICES: [0]
[I 2023-11-30 11:38:49,520] Trial 84 finished with value: 0.11056435108184814 and parameters: {'gradient_clip_val': 0.1261899763626072, 'hidden_size': 65, 'dropout': 0.21893238704200338, 'hidden_continuous_size': 62, 'attention_head_size': 2, 'learning_rate': 0.02247808117246774}. Best is trial 67 with value: 0.08047966659069061.
LOCAL_RANK: 0 - CUDA_VISIBLE_DEVICES: [0]
[I 2023-11-30 11:39:03,566] Trial 85 finished with value: 0.11044091731309891 and parameters: {'gradient_clip_val': 0.1154914751776643, 'hidden_size': 66, 'dropout': 0.2060328404463745, 'hidden_continuous_size': 62, 'attention_head_size': 2, 'learning_rate': 0.024305239413440587}. Best is trial 67 with value: 0.08047966659069061.
LOCAL_RANK: 0 - CUDA_VISIBLE_DEVICES: [0]
[I 2023-11-30 11:39:17,380] Trial 86 finished with value: 0.15830571949481964 and parameters: {'gradient_clip_val': 0.10911767519407023, 'hidden_size': 61, 'dropout': 0.19355475993257168, 'hidden_continuous_size': 58, 'attention_head_size': 2, 'learning_rate': 0.04042197313461614}. Best is trial 67 with value: 0.08047966659069061.
LOCAL_RANK: 0 - CUDA_VISIBLE_DEVICES: [0]
[I 2023-11-30 11:39:31,583] Trial 87 finished with value: 0.12040393799543381 and parameters: {'gradient_clip_val': 0.11507480618394443, 'hidden_size': 74, 'dropout': 0.2069884022208491, 'hidden_continuous_size': 63, 'attention_head_size': 2, 'learning_rate': 0.024554848758679575}. Best is trial 67 with value: 0.08047966659069061.
LOCAL_RANK: 0 - CUDA_VISIBLE_DEVICES: [0]
[I 2023-11-30 11:39:45,234] Trial 88 finished with value: 0.1123063787817955 and parameters: {'gradient_clip_val': 0.14581624261990817, 'hidden_size': 56, 'dropout': 0.2587519453414234, 'hidden_continuous_size': 52, 'attention_head_size': 2, 'learning_rate': 0.034274761165083746}. Best is trial 67 with value: 0.08047966659069061.
LOCAL_RANK: 0 - CUDA_VISIBLE_DEVICES: [0]
[I 2023-11-30 11:39:59,516] Trial 89 finished with value: 0.15263871848583221 and parameters: {'gradient_clip_val': 0.10449292054821821, 'hidden_size': 81, 'dropout': 0.21904701391782966, 'hidden_continuous_size': 72, 'attention_head_size': 2, 'learning_rate': 0.02705076044978701}. Best is trial 67 with value: 0.08047966659069061.
LOCAL_RANK: 0 - CUDA_VISIBLE_DEVICES: [0]
[I 2023-11-30 11:40:13,139] Trial 90 finished with value: 0.10663798451423645 and parameters: {'gradient_clip_val': 0.13646996454452254, 'hidden_size': 64, 'dropout': 0.2392354631755555, 'hidden_continuous_size': 60, 'attention_head_size': 2, 'learning_rate': 0.030977024152197136}. Best is trial 67 with value: 0.08047966659069061.
LOCAL_RANK: 0 - CUDA_VISIBLE_DEVICES: [0]
[I 2023-11-30 11:40:27,199] Trial 91 finished with value: 0.09384962916374207 and parameters: {'gradient_clip_val': 0.1376029432250113, 'hidden_size': 69, 'dropout': 0.24554974949255287, 'hidden_continuous_size': 64, 'attention_head_size': 2, 'learning_rate': 0.03103914233733902}. Best is trial 67 with value: 0.08047966659069061.
LOCAL_RANK: 0 - CUDA_VISIBLE_DEVICES: [0]
[I 2023-11-30 11:40:41,180] Trial 92 finished with value: 0.16003751754760742 and parameters: {'gradient_clip_val': 0.1360724493313598, 'hidden_size': 62, 'dropout': 0.2452310238088931, 'hidden_continuous_size': 57, 'attention_head_size': 2, 'learning_rate': 0.031520858389304816}. Best is trial 67 with value: 0.08047966659069061.
LOCAL_RANK: 0 - CUDA_VISIBLE_DEVICES: [0]
[I 2023-11-30 11:40:54,894] Trial 93 finished with value: 0.15674154460430145 and parameters: {'gradient_clip_val': 0.15428116869869754, 'hidden_size': 51, 'dropout': 0.2548863482387368, 'hidden_continuous_size': 49, 'attention_head_size': 2, 'learning_rate': 0.03782828847537647}. Best is trial 67 with value: 0.08047966659069061.
LOCAL_RANK: 0 - CUDA_VISIBLE_DEVICES: [0]
[I 2023-11-30 11:41:09,295] Trial 94 finished with value: 0.10563904792070389 and parameters: {'gradient_clip_val': 0.1730159675544663, 'hidden_size': 70, 'dropout': 0.24281219761987616, 'hidden_continuous_size': 65, 'attention_head_size': 2, 'learning_rate': 0.04267114505970963}. Best is trial 67 with value: 0.08047966659069061.
LOCAL_RANK: 0 - CUDA_VISIBLE_DEVICES: [0]
[I 2023-11-30 11:41:23,475] Trial 95 finished with value: 0.11216823011636734 and parameters: {'gradient_clip_val': 0.1730936618041016, 'hidden_size': 74, 'dropout': 0.26400180652123123, 'hidden_continuous_size': 65, 'attention_head_size': 2, 'learning_rate': 0.0395177382705596}. Best is trial 67 with value: 0.08047966659069061.
LOCAL_RANK: 0 - CUDA_VISIBLE_DEVICES: [0]
[I 2023-11-30 11:41:37,540] Trial 96 finished with value: 0.10750599950551987 and parameters: {'gradient_clip_val': 0.16797455213316803, 'hidden_size': 68, 'dropout': 0.23881787916413222, 'hidden_continuous_size': 55, 'attention_head_size': 2, 'learning_rate': 0.048556121136282}. Best is trial 67 with value: 0.08047966659069061.
LOCAL_RANK: 0 - CUDA_VISIBLE_DEVICES: [0]
[I 2023-11-30 11:41:51,557] Trial 97 finished with value: 0.13006111979484558 and parameters: {'gradient_clip_val': 0.16638783250616815, 'hidden_size': 70, 'dropout': 0.23623657250946206, 'hidden_continuous_size': 55, 'attention_head_size': 2, 'learning_rate': 0.05164979069580627}. Best is trial 67 with value: 0.08047966659069061.
LOCAL_RANK: 0 - CUDA_VISIBLE_DEVICES: [0]
[I 2023-11-30 11:42:05,347] Trial 98 finished with value: 0.11552580446004868 and parameters: {'gradient_clip_val': 0.14815728259041894, 'hidden_size': 57, 'dropout': 0.2512469520579325, 'hidden_continuous_size': 54, 'attention_head_size': 2, 'learning_rate': 0.044241849084802554}. Best is trial 67 with value: 0.08047966659069061.
LOCAL_RANK: 0 - CUDA_VISIBLE_DEVICES: [0]
[I 2023-11-30 11:42:19,656] Trial 99 finished with value: 0.1389768272638321 and parameters: {'gradient_clip_val': 0.15785650710677218, 'hidden_size': 69, 'dropout': 0.2699900520789752, 'hidden_continuous_size': 65, 'attention_head_size': 2, 'learning_rate': 0.0467951765244983}. Best is trial 67 with value: 0.08047966659069061.
LOCAL_RANK: 0 - CUDA_VISIBLE_DEVICES: [0]
[I 2023-11-30 11:42:33,852] Trial 100 finished with value: 0.187025785446167 and parameters: {'gradient_clip_val': 0.1788529982748346, 'hidden_size': 78, 'dropout': 0.24117336623176175, 'hidden_continuous_size': 68, 'attention_head_size': 2, 'learning_rate': 0.058442588566146}. Best is trial 67 with value: 0.08047966659069061.
LOCAL_RANK: 0 - CUDA_VISIBLE_DEVICES: [0]
[I 2023-11-30 11:42:48,075] Trial 101 finished with value: 0.1896314173936844 and parameters: {'gradient_clip_val': 0.13852797923543989, 'hidden_size': 88, 'dropout': 0.2459824961120761, 'hidden_continuous_size': 77, 'attention_head_size': 2, 'learning_rate': 0.034907752260221844}. Best is trial 67 with value: 0.08047966659069061.
LOCAL_RANK: 0 - CUDA_VISIBLE_DEVICES: [0]
[I 2023-11-30 11:43:02,537] Trial 102 finished with value: 0.18766634166240692 and parameters: {'gradient_clip_val': 0.16579137426579388, 'hidden_size': 75, 'dropout': 0.22371971242212638, 'hidden_continuous_size': 68, 'attention_head_size': 2, 'learning_rate': 0.04156722021594931}. Best is trial 67 with value: 0.08047966659069061.
LOCAL_RANK: 0 - CUDA_VISIBLE_DEVICES: [0]
[I 2023-11-30 11:43:16,548] Trial 103 finished with value: 0.14541056752204895 and parameters: {'gradient_clip_val': 0.14687856968423627, 'hidden_size': 66, 'dropout': 0.21261387809162072, 'hidden_continuous_size': 60, 'attention_head_size': 2, 'learning_rate': 0.029458451626252897}. Best is trial 67 with value: 0.08047966659069061.
LOCAL_RANK: 0 - CUDA_VISIBLE_DEVICES: [0]
[I 2023-11-30 11:43:30,945] Trial 104 finished with value: 0.10062750428915024 and parameters: {'gradient_clip_val': 0.13814290317035569, 'hidden_size': 82, 'dropout': 0.23771153790944252, 'hidden_continuous_size': 70, 'attention_head_size': 2, 'learning_rate': 0.036579109026785385}. Best is trial 67 with value: 0.08047966659069061.
LOCAL_RANK: 0 - CUDA_VISIBLE_DEVICES: [0]
[I 2023-11-30 11:43:45,062] Trial 105 finished with value: 0.11925388127565384 and parameters: {'gradient_clip_val': 0.1567882416147831, 'hidden_size': 82, 'dropout': 0.23837318412947897, 'hidden_continuous_size': 69, 'attention_head_size': 2, 'learning_rate': 0.050082265492039715}. Best is trial 67 with value: 0.08047966659069061.
LOCAL_RANK: 0 - CUDA_VISIBLE_DEVICES: [0]
[I 2023-11-30 11:43:59,219] Trial 106 finished with value: 0.1592804342508316 and parameters: {'gradient_clip_val': 0.1375715066484185, 'hidden_size': 73, 'dropout': 0.23056207625411118, 'hidden_continuous_size': 64, 'attention_head_size': 2, 'learning_rate': 0.03688940095926349}. Best is trial 67 with value: 0.08047966659069061.
LOCAL_RANK: 0 - CUDA_VISIBLE_DEVICES: [0]
[I 2023-11-30 11:44:13,179] Trial 107 finished with value: 0.131259486079216 and parameters: {'gradient_clip_val': 0.1703831033182028, 'hidden_size': 61, 'dropout': 0.2507207157300012, 'hidden_continuous_size': 57, 'attention_head_size': 2, 'learning_rate': 0.041086100471894406}. Best is trial 67 with value: 0.08047966659069061.
LOCAL_RANK: 0 - CUDA_VISIBLE_DEVICES: [0]
