[I 2023-11-30 14:56:43,936] Trial 15 finished with value: 0.23110993206501007 and parameters: {'gradient_clip_val': 0.3015797288502653, 'hidden_size': 82, 'dropout': 0.3345174654606142, 'hidden_continuous_size': 19, 'attention_head_size': 3, 'learning_rate': 0.05123961229377677}. Best is trial 3 with value: 0.20016340911388397.
LOCAL_RANK: 0 - CUDA_VISIBLE_DEVICES: [0]
[I 2023-11-30 14:56:59,050] Trial 16 finished with value: 0.2253924161195755 and parameters: {'gradient_clip_val': 0.44360039199952517, 'hidden_size': 150, 'dropout': 0.2611719934253474, 'hidden_continuous_size': 70, 'attention_head_size': 4, 'learning_rate': 0.005657104587303266}. Best is trial 3 with value: 0.20016340911388397.
LOCAL_RANK: 0 - CUDA_VISIBLE_DEVICES: [0]
[I 2023-11-30 14:57:11,731] Trial 17 finished with value: 0.727479875087738 and parameters: {'gradient_clip_val': 0.6886307835253086, 'hidden_size': 29, 'dropout': 0.39698127033386454, 'hidden_continuous_size': 14, 'attention_head_size': 1, 'learning_rate': 0.01708932826059856}. Best is trial 3 with value: 0.20016340911388397.
LOCAL_RANK: 0 - CUDA_VISIBLE_DEVICES: [0]
[I 2023-11-30 14:57:26,326] Trial 18 finished with value: 0.1704937219619751 and parameters: {'gradient_clip_val': 0.4585627839971803, 'hidden_size': 99, 'dropout': 0.3498010875338039, 'hidden_continuous_size': 95, 'attention_head_size': 3, 'learning_rate': 0.030228747449203345}. Best is trial 18 with value: 0.1704937219619751.
LOCAL_RANK: 0 - CUDA_VISIBLE_DEVICES: [0]
[I 2023-11-30 14:57:40,717] Trial 19 finished with value: 0.17978255450725555 and parameters: {'gradient_clip_val': 0.7063114528620918, 'hidden_size': 100, 'dropout': 0.35369075672484296, 'hidden_continuous_size': 82, 'attention_head_size': 3, 'learning_rate': 0.02819310355426576}. Best is trial 18 with value: 0.1704937219619751.
LOCAL_RANK: 0 - CUDA_VISIBLE_DEVICES: [0]
[I 2023-11-30 14:57:51,919] Trial 20 finished with value: 0.2415851503610611 and parameters: {'gradient_clip_val': 0.7192495869323353, 'hidden_size': 107, 'dropout': 0.34766428342363187, 'hidden_continuous_size': 107, 'attention_head_size': 4, 'learning_rate': 0.013307037213456614}. Best is trial 18 with value: 0.1704937219619751.
LOCAL_RANK: 0 - CUDA_VISIBLE_DEVICES: [0]
[I 2023-11-30 14:58:06,744] Trial 21 finished with value: 0.31531569361686707 and parameters: {'gradient_clip_val': 0.5992622722036343, 'hidden_size': 102, 'dropout': 0.36758280270268545, 'hidden_continuous_size': 97, 'attention_head_size': 3, 'learning_rate': 0.02707315215949295}. Best is trial 18 with value: 0.1704937219619751.
LOCAL_RANK: 0 - CUDA_VISIBLE_DEVICES: [0]
[I 2023-11-30 14:58:17,950] Trial 22 finished with value: 0.22916029393672943 and parameters: {'gradient_clip_val': 0.475629681157692, 'hidden_size': 119, 'dropout': 0.30964385060520366, 'hidden_continuous_size': 119, 'attention_head_size': 3, 'learning_rate': 0.031799167898009975}. Best is trial 18 with value: 0.1704937219619751.
LOCAL_RANK: 0 - CUDA_VISIBLE_DEVICES: [0]
[I 2023-11-30 14:58:32,360] Trial 23 finished with value: 0.26277780532836914 and parameters: {'gradient_clip_val': 0.335634097454393, 'hidden_size': 85, 'dropout': 0.3507715889065438, 'hidden_continuous_size': 72, 'attention_head_size': 3, 'learning_rate': 0.01918038574719391}. Best is trial 18 with value: 0.1704937219619751.
LOCAL_RANK: 0 - CUDA_VISIBLE_DEVICES: [0]
[I 2023-11-30 14:58:46,904] Trial 24 finished with value: 0.1629684567451477 and parameters: {'gradient_clip_val': 0.808067817067592, 'hidden_size': 97, 'dropout': 0.3775525808987612, 'hidden_continuous_size': 83, 'attention_head_size': 3, 'learning_rate': 0.058298573336670274}. Best is trial 24 with value: 0.1629684567451477.
LOCAL_RANK: 0 - CUDA_VISIBLE_DEVICES: [0]
[I 2023-11-30 14:59:01,936] Trial 25 finished with value: 0.2012816071510315 and parameters: {'gradient_clip_val': 0.8861885185436811, 'hidden_size': 128, 'dropout': 0.3377598639264052, 'hidden_continuous_size': 126, 'attention_head_size': 4, 'learning_rate': 0.06358449051120967}. Best is trial 24 with value: 0.1629684567451477.
LOCAL_RANK: 0 - CUDA_VISIBLE_DEVICES: [0]
[I 2023-11-30 14:59:16,243] Trial 26 finished with value: 0.21487538516521454 and parameters: {'gradient_clip_val': 0.7874282186157486, 'hidden_size': 97, 'dropout': 0.2973758258308607, 'hidden_continuous_size': 80, 'attention_head_size': 3, 'learning_rate': 0.06329784142138}. Best is trial 24 with value: 0.1629684567451477.
LOCAL_RANK: 0 - CUDA_VISIBLE_DEVICES: [0]
[I 2023-11-30 14:59:31,350] Trial 27 finished with value: 0.17646105587482452 and parameters: {'gradient_clip_val': 0.9737024411414708, 'hidden_size': 147, 'dropout': 0.32187218824657976, 'hidden_continuous_size': 134, 'attention_head_size': 2, 'learning_rate': 0.03716235776317635}. Best is trial 24 with value: 0.1629684567451477.
LOCAL_RANK: 0 - CUDA_VISIBLE_DEVICES: [0]
[I 2023-11-30 14:59:46,446] Trial 28 finished with value: 0.25441983342170715 and parameters: {'gradient_clip_val': 0.9981212376593493, 'hidden_size': 146, 'dropout': 0.3278456073082593, 'hidden_continuous_size': 143, 'attention_head_size': 2, 'learning_rate': 0.03852445860388602}. Best is trial 24 with value: 0.1629684567451477.
LOCAL_RANK: 0 - CUDA_VISIBLE_DEVICES: [0]
[I 2023-11-30 15:00:00,983] Trial 29 finished with value: 0.2045159786939621 and parameters: {'gradient_clip_val': 0.8495139866331491, 'hidden_size': 119, 'dropout': 0.3803547187473896, 'hidden_continuous_size': 94, 'attention_head_size': 2, 'learning_rate': 0.07120552132827437}. Best is trial 24 with value: 0.1629684567451477.
LOCAL_RANK: 0 - CUDA_VISIBLE_DEVICES: [0]
[I 2023-11-30 15:00:15,320] Trial 30 finished with value: 0.21415458619594574 and parameters: {'gradient_clip_val': 0.6413819293083535, 'hidden_size': 119, 'dropout': 0.32255625091433465, 'hidden_continuous_size': 57, 'attention_head_size': 4, 'learning_rate': 0.05705034406198736}. Best is trial 24 with value: 0.1629684567451477.
LOCAL_RANK: 0 - CUDA_VISIBLE_DEVICES: [0]
[I 2023-11-30 15:00:29,997] Trial 31 finished with value: 0.28192663192749023 and parameters: {'gradient_clip_val': 0.7529705450174812, 'hidden_size': 92, 'dropout': 0.35577104522134173, 'hidden_continuous_size': 74, 'attention_head_size': 3, 'learning_rate': 0.03437569441164116}. Best is trial 24 with value: 0.1629684567451477.
LOCAL_RANK: 0 - CUDA_VISIBLE_DEVICES: [0]
[I 2023-11-30 15:00:45,187] Trial 32 finished with value: 0.22984911501407623 and parameters: {'gradient_clip_val': 0.7012761426627413, 'hidden_size': 150, 'dropout': 0.33879197178948994, 'hidden_continuous_size': 133, 'attention_head_size': 3, 'learning_rate': 0.04765262274041223}. Best is trial 24 with value: 0.1629684567451477.
LOCAL_RANK: 0 - CUDA_VISIBLE_DEVICES: [0]
[I 2023-11-30 15:00:59,612] Trial 33 finished with value: 0.23628993332386017 and parameters: {'gradient_clip_val': 0.9918221587788616, 'hidden_size': 98, 'dropout': 0.37025248749362555, 'hidden_continuous_size': 84, 'attention_head_size': 2, 'learning_rate': 0.02345455993936214}. Best is trial 24 with value: 0.1629684567451477.
LOCAL_RANK: 0 - CUDA_VISIBLE_DEVICES: [0]
[I 2023-11-30 15:01:14,707] Trial 34 finished with value: 0.18101532757282257 and parameters: {'gradient_clip_val': 0.5949049206426164, 'hidden_size': 124, 'dropout': 0.3203563776245153, 'hidden_continuous_size': 97, 'attention_head_size': 3, 'learning_rate': 0.07804532977935782}. Best is trial 24 with value: 0.1629684567451477.
LOCAL_RANK: 0 - CUDA_VISIBLE_DEVICES: [0]
[I 2023-11-30 15:01:29,949] Trial 35 finished with value: 0.2918166220188141 and parameters: {'gradient_clip_val': 0.8666135143393885, 'hidden_size': 67, 'dropout': 0.3547925507413961, 'hidden_continuous_size': 58, 'attention_head_size': 2, 'learning_rate': 0.030789945553847547}. Best is trial 24 with value: 0.1629684567451477.
LOCAL_RANK: 0 - CUDA_VISIBLE_DEVICES: [0]
[I 2023-11-30 15:01:46,277] Trial 36 finished with value: 0.25185900926589966 and parameters: {'gradient_clip_val': 0.6671294303262457, 'hidden_size': 103, 'dropout': 0.38351096888747954, 'hidden_continuous_size': 82, 'attention_head_size': 3, 'learning_rate': 0.02079346336899187}. Best is trial 24 with value: 0.1629684567451477.
LOCAL_RANK: 0 - CUDA_VISIBLE_DEVICES: [0]
[I 2023-11-30 15:02:02,017] Trial 37 finished with value: 0.17262248694896698 and parameters: {'gradient_clip_val': 0.7823141294923329, 'hidden_size': 87, 'dropout': 0.290833304712003, 'hidden_continuous_size': 68, 'attention_head_size': 2, 'learning_rate': 0.051404626118134185}. Best is trial 24 with value: 0.1629684567451477.
LOCAL_RANK: 0 - CUDA_VISIBLE_DEVICES: [0]
[I 2023-11-30 15:02:17,820] Trial 38 finished with value: 0.25714683532714844 and parameters: {'gradient_clip_val': 0.8765908706901463, 'hidden_size': 86, 'dropout': 0.2908700815375777, 'hidden_continuous_size': 64, 'attention_head_size': 2, 'learning_rate': 0.07473011692707367}. Best is trial 24 with value: 0.1629684567451477.
LOCAL_RANK: 0 - CUDA_VISIBLE_DEVICES: [0]
[I 2023-11-30 15:02:33,901] Trial 39 finished with value: 0.1910538524389267 and parameters: {'gradient_clip_val': 0.5691601363173234, 'hidden_size': 132, 'dropout': 0.30416439141144325, 'hidden_continuous_size': 112, 'attention_head_size': 2, 'learning_rate': 0.04863405413614121}. Best is trial 24 with value: 0.1629684567451477.
LOCAL_RANK: 0 - CUDA_VISIBLE_DEVICES: [0]
[I 2023-11-30 15:02:49,896] Trial 40 finished with value: 0.2111024707555771 and parameters: {'gradient_clip_val': 0.802595558394126, 'hidden_size': 114, 'dropout': 0.31267877873295136, 'hidden_continuous_size': 95, 'attention_head_size': 2, 'learning_rate': 0.05804361104457692}. Best is trial 24 with value: 0.1629684567451477.
LOCAL_RANK: 0 - CUDA_VISIBLE_DEVICES: [0]
[I 2023-11-30 15:03:05,683] Trial 41 finished with value: 0.1161491870880127 and parameters: {'gradient_clip_val': 0.7361848877190867, 'hidden_size': 95, 'dropout': 0.2826420102849317, 'hidden_continuous_size': 81, 'attention_head_size': 3, 'learning_rate': 0.041265213207328184}. Best is trial 41 with value: 0.1161491870880127.
LOCAL_RANK: 0 - CUDA_VISIBLE_DEVICES: [0]
[I 2023-11-30 15:03:21,209] Trial 42 finished with value: 0.1868530511856079 and parameters: {'gradient_clip_val': 0.9028633244315574, 'hidden_size': 72, 'dropout': 0.28342519797410515, 'hidden_continuous_size': 62, 'attention_head_size': 2, 'learning_rate': 0.04082010723097397}. Best is trial 41 with value: 0.1161491870880127.
LOCAL_RANK: 0 - CUDA_VISIBLE_DEVICES: [0]
[I 2023-11-30 15:03:37,217] Trial 43 finished with value: 0.3560977876186371 and parameters: {'gradient_clip_val': 0.781571323121624, 'hidden_size': 134, 'dropout': 0.28486542209393567, 'hidden_continuous_size': 106, 'attention_head_size': 3, 'learning_rate': 0.09872667646327711}. Best is trial 41 with value: 0.1161491870880127.
LOCAL_RANK: 0 - CUDA_VISIBLE_DEVICES: [0]
[I 2023-11-30 15:03:53,133] Trial 44 finished with value: 0.25580480694770813 and parameters: {'gradient_clip_val': 0.519413549836005, 'hidden_size': 91, 'dropout': 0.31705306599678756, 'hidden_continuous_size': 74, 'attention_head_size': 2, 'learning_rate': 0.04110181796806442}. Best is trial 41 with value: 0.1161491870880127.
LOCAL_RANK: 0 - CUDA_VISIBLE_DEVICES: [0]
[I 2023-11-30 15:04:09,189] Trial 45 finished with value: 0.29507219791412354 and parameters: {'gradient_clip_val': 0.6502839776352249, 'hidden_size': 109, 'dropout': 0.26910361659994947, 'hidden_continuous_size': 89, 'attention_head_size': 3, 'learning_rate': 0.05241649595821092}. Best is trial 41 with value: 0.1161491870880127.
LOCAL_RANK: 0 - CUDA_VISIBLE_DEVICES: [0]
[I 2023-11-30 15:04:25,249] Trial 46 finished with value: 0.17099817097187042 and parameters: {'gradient_clip_val': 0.9524419070747829, 'hidden_size': 78, 'dropout': 0.3296330666123573, 'hidden_continuous_size': 67, 'attention_head_size': 2, 'learning_rate': 0.07941608168408618}. Best is trial 41 with value: 0.1161491870880127.
LOCAL_RANK: 0 - CUDA_VISIBLE_DEVICES: [0]
[I 2023-11-30 15:04:40,202] Trial 47 finished with value: 0.35716676712036133 and parameters: {'gradient_clip_val': 0.619946443912993, 'hidden_size': 63, 'dropout': 0.24379722109663393, 'hidden_continuous_size': 51, 'attention_head_size': 3, 'learning_rate': 0.0808223720936541}. Best is trial 41 with value: 0.1161491870880127.
LOCAL_RANK: 0 - CUDA_VISIBLE_DEVICES: [0]
[I 2023-11-30 15:04:55,832] Trial 48 finished with value: 0.24114234745502472 and parameters: {'gradient_clip_val': 0.7571612645030183, 'hidden_size': 75, 'dropout': 0.3371338377493322, 'hidden_continuous_size': 66, 'attention_head_size': 2, 'learning_rate': 0.07025097948991557}. Best is trial 41 with value: 0.1161491870880127.
LOCAL_RANK: 0 - CUDA_VISIBLE_DEVICES: [0]
[I 2023-11-30 15:05:12,163] Trial 49 finished with value: 0.16330979764461517 and parameters: {'gradient_clip_val': 0.5426015115929801, 'hidden_size': 79, 'dropout': 0.29864757961756117, 'hidden_continuous_size': 68, 'attention_head_size': 4, 'learning_rate': 0.08174076445443548}. Best is trial 41 with value: 0.1161491870880127.
LOCAL_RANK: 0 - CUDA_VISIBLE_DEVICES: [0]
[I 2023-11-30 15:05:27,496] Trial 50 finished with value: 0.1775570660829544 and parameters: {'gradient_clip_val': 0.5081355956002337, 'hidden_size': 55, 'dropout': 0.29675158849903843, 'hidden_continuous_size': 50, 'attention_head_size': 4, 'learning_rate': 0.09898151858747119}. Best is trial 41 with value: 0.1161491870880127.
LOCAL_RANK: 0 - CUDA_VISIBLE_DEVICES: [0]
[I 2023-11-30 15:05:43,327] Trial 51 finished with value: 0.18860690295696259 and parameters: {'gradient_clip_val': 0.5652806474262995, 'hidden_size': 79, 'dropout': 0.3078648046210075, 'hidden_continuous_size': 69, 'attention_head_size': 4, 'learning_rate': 0.0826230391756533}. Best is trial 41 with value: 0.1161491870880127.
LOCAL_RANK: 0 - CUDA_VISIBLE_DEVICES: [0]
[I 2023-11-30 15:05:59,814] Trial 52 finished with value: 0.25042274594306946 and parameters: {'gradient_clip_val': 0.42314612097722243, 'hidden_size': 86, 'dropout': 0.27725656636577223, 'hidden_continuous_size': 75, 'attention_head_size': 4, 'learning_rate': 0.05898521494282976}. Best is trial 41 with value: 0.1161491870880127.
LOCAL_RANK: 0 - CUDA_VISIBLE_DEVICES: [0]
[I 2023-11-30 15:06:14,938] Trial 53 finished with value: 0.22727906703948975 and parameters: {'gradient_clip_val': 0.7304804305098958, 'hidden_size': 63, 'dropout': 0.2581657000106423, 'hidden_continuous_size': 57, 'attention_head_size': 1, 'learning_rate': 0.047799752636926346}. Best is trial 41 with value: 0.1161491870880127.
LOCAL_RANK: 0 - CUDA_VISIBLE_DEVICES: [0]
[I 2023-11-30 15:06:30,643] Trial 54 finished with value: 0.16965200006961823 and parameters: {'gradient_clip_val': 0.8202316317053288, 'hidden_size': 76, 'dropout': 0.29685188866423945, 'hidden_continuous_size': 67, 'attention_head_size': 4, 'learning_rate': 0.06404820907456231}. Best is trial 41 with value: 0.1161491870880127.
LOCAL_RANK: 0 - CUDA_VISIBLE_DEVICES: [0]
[I 2023-11-30 15:06:46,299] Trial 55 finished with value: 0.2366170734167099 and parameters: {'gradient_clip_val': 0.9156296773433373, 'hidden_size': 74, 'dropout': 0.3049386826615444, 'hidden_continuous_size': 63, 'attention_head_size': 4, 'learning_rate': 0.06612483860114847}. Best is trial 41 with value: 0.1161491870880127.
LOCAL_RANK: 0 - CUDA_VISIBLE_DEVICES: [0]
[I 2023-11-30 15:07:02,194] Trial 56 finished with value: 0.19457729160785675 and parameters: {'gradient_clip_val': 0.37310986627778964, 'hidden_size': 80, 'dropout': 0.32686816336379837, 'hidden_continuous_size': 71, 'attention_head_size': 4, 'learning_rate': 0.08455398163396247}. Best is trial 41 with value: 0.1161491870880127.
LOCAL_RANK: 0 - CUDA_VISIBLE_DEVICES: [0]
[I 2023-11-30 15:07:17,490] Trial 57 finished with value: 0.2705216109752655 and parameters: {'gradient_clip_val': 0.6554993428336088, 'hidden_size': 49, 'dropout': 0.3461643888443368, 'hidden_continuous_size': 46, 'attention_head_size': 4, 'learning_rate': 0.06906457132036689}. Best is trial 41 with value: 0.1161491870880127.
LOCAL_RANK: 0 - CUDA_VISIBLE_DEVICES: [0]
[I 2023-11-30 15:07:33,181] Trial 58 finished with value: 0.20579658448696136 and parameters: {'gradient_clip_val': 0.8361547071275163, 'hidden_size': 108, 'dropout': 0.2709620606397355, 'hidden_continuous_size': 80, 'attention_head_size': 4, 'learning_rate': 0.04358259732230902}. Best is trial 41 with value: 0.1161491870880127.
LOCAL_RANK: 0 - CUDA_VISIBLE_DEVICES: [0]
[I 2023-11-30 15:07:48,616] Trial 59 finished with value: 0.22934973239898682 and parameters: {'gradient_clip_val': 0.46363269534759877, 'hidden_size': 68, 'dropout': 0.33123445621244785, 'hidden_continuous_size': 61, 'attention_head_size': 3, 'learning_rate': 0.0602580723401515}. Best is trial 41 with value: 0.1161491870880127.
LOCAL_RANK: 0 - CUDA_VISIBLE_DEVICES: [0]
[I 2023-11-30 15:08:04,574] Trial 60 finished with value: 0.22640685737133026 and parameters: {'gradient_clip_val': 0.7010926654020062, 'hidden_size': 94, 'dropout': 0.36693000063517245, 'hidden_continuous_size': 79, 'attention_head_size': 3, 'learning_rate': 0.08591351747306825}. Best is trial 41 with value: 0.1161491870880127.
LOCAL_RANK: 0 - CUDA_VISIBLE_DEVICES: [0]
[I 2023-11-30 15:08:20,189] Trial 61 finished with value: 0.33972620964050293 and parameters: {'gradient_clip_val': 0.9210291684669053, 'hidden_size': 86, 'dropout': 0.2943781409759422, 'hidden_continuous_size': 68, 'attention_head_size': 4, 'learning_rate': 0.05566195018882752}. Best is trial 41 with value: 0.1161491870880127.
LOCAL_RANK: 0 - CUDA_VISIBLE_DEVICES: [0]
[I 2023-11-30 15:08:34,550] Trial 62 finished with value: 0.19059216976165771 and parameters: {'gradient_clip_val': 0.8130223301839672, 'hidden_size': 93, 'dropout': 0.29275549674190404, 'hidden_continuous_size': 77, 'attention_head_size': 2, 'learning_rate': 0.034727037654332917}. Best is trial 41 with value: 0.1161491870880127.
LOCAL_RANK: 0 - CUDA_VISIBLE_DEVICES: [0]
[I 2023-11-30 15:08:48,987] Trial 63 finished with value: 0.26273998618125916 and parameters: {'gradient_clip_val': 0.7564910067181522, 'hidden_size': 108, 'dropout': 0.3126759988082009, 'hidden_continuous_size': 84, 'attention_head_size': 3, 'learning_rate': 0.04646089292907915}. Best is trial 41 with value: 0.1161491870880127.
LOCAL_RANK: 0 - CUDA_VISIBLE_DEVICES: [0]
[I 2023-11-30 15:09:03,017] Trial 64 finished with value: 0.16411751508712769 and parameters: {'gradient_clip_val': 0.5884518963494136, 'hidden_size': 80, 'dropout': 0.25820599450484905, 'hidden_continuous_size': 68, 'attention_head_size': 4, 'learning_rate': 0.0738482139970624}. Best is trial 41 with value: 0.1161491870880127.
LOCAL_RANK: 0 - CUDA_VISIBLE_DEVICES: [0]
[I 2023-11-30 15:09:17,278] Trial 65 finished with value: 0.22867970168590546 and parameters: {'gradient_clip_val': 0.5010081644384281, 'hidden_size': 74, 'dropout': 0.2633231040007999, 'hidden_continuous_size': 67, 'attention_head_size': 4, 'learning_rate': 0.08991174164852739}. Best is trial 41 with value: 0.1161491870880127.
LOCAL_RANK: 0 - CUDA_VISIBLE_DEVICES: [0]
[I 2023-11-30 15:09:31,734] Trial 66 finished with value: 0.1943836212158203 and parameters: {'gradient_clip_val': 0.547348782469853, 'hidden_size': 79, 'dropout': 0.2523783924320968, 'hidden_continuous_size': 70, 'attention_head_size': 4, 'learning_rate': 0.06909354235176096}. Best is trial 41 with value: 0.1161491870880127.
LOCAL_RANK: 0 - CUDA_VISIBLE_DEVICES: [0]
[I 2023-11-30 15:09:46,566] Trial 67 finished with value: 0.5118002891540527 and parameters: {'gradient_clip_val': 0.5866190180269827, 'hidden_size': 97, 'dropout': 0.23079423554398817, 'hidden_continuous_size': 88, 'attention_head_size': 4, 'learning_rate': 0.07935310240796417}. Best is trial 41 with value: 0.1161491870880127.
LOCAL_RANK: 0 - CUDA_VISIBLE_DEVICES: [0]
[I 2023-11-30 15:10:00,926] Trial 68 finished with value: 0.2234138399362564 and parameters: {'gradient_clip_val': 0.6149114371541677, 'hidden_size': 79, 'dropout': 0.276987744596906, 'hidden_continuous_size': 72, 'attention_head_size': 4, 'learning_rate': 0.06343829907717514}. Best is trial 41 with value: 0.1161491870880127.
LOCAL_RANK: 0 - CUDA_VISIBLE_DEVICES: [0]
[I 2023-11-30 15:10:15,026] Trial 69 finished with value: 0.19660931825637817 and parameters: {'gradient_clip_val': 0.7113310756702098, 'hidden_size': 67, 'dropout': 0.3045455853396682, 'hidden_continuous_size': 60, 'attention_head_size': 3, 'learning_rate': 0.03997451032902216}. Best is trial 41 with value: 0.1161491870880127.
LOCAL_RANK: 0 - CUDA_VISIBLE_DEVICES: [0]
[I 2023-11-30 15:10:29,817] Trial 70 finished with value: 0.3598181903362274 and parameters: {'gradient_clip_val': 0.6650330629849737, 'hidden_size': 121, 'dropout': 0.3414689546554728, 'hidden_continuous_size': 88, 'attention_head_size': 4, 'learning_rate': 0.09979355629536031}. Best is trial 41 with value: 0.1161491870880127.
LOCAL_RANK: 0 - CUDA_VISIBLE_DEVICES: [0]
[I 2023-11-30 15:10:44,359] Trial 71 finished with value: 0.29760822653770447 and parameters: {'gradient_clip_val': 0.8285587835531449, 'hidden_size': 85, 'dropout': 0.2812079550932868, 'hidden_continuous_size': 74, 'attention_head_size': 2, 'learning_rate': 0.05251379912176096}. Best is trial 41 with value: 0.1161491870880127.
LOCAL_RANK: 0 - CUDA_VISIBLE_DEVICES: [0]
[I 2023-11-30 15:10:58,487] Trial 72 finished with value: 0.22768628597259521 and parameters: {'gradient_clip_val': 0.7746998287402277, 'hidden_size': 101, 'dropout': 0.2878792930009218, 'hidden_continuous_size': 53, 'attention_head_size': 1, 'learning_rate': 0.05241214259385342}. Best is trial 41 with value: 0.1161491870880127.
LOCAL_RANK: 0 - CUDA_VISIBLE_DEVICES: [0]
[I 2023-11-30 15:11:12,910] Trial 73 finished with value: 0.2442479133605957 and parameters: {'gradient_clip_val': 0.5452664227207937, 'hidden_size': 89, 'dropout': 0.32898037130239977, 'hidden_continuous_size': 77, 'attention_head_size': 3, 'learning_rate': 0.07455260957616035}. Best is trial 41 with value: 0.1161491870880127.
LOCAL_RANK: 0 - CUDA_VISIBLE_DEVICES: [0]
