[I 2023-11-30 05:25:08,797] Trial 82 finished with value: 0.20032161474227905 and parameters: {'gradient_clip_val': 0.7341870192141597, 'hidden_size': 105, 'dropout': 0.1280592290174885, 'hidden_continuous_size': 23, 'attention_head_size': 4, 'learning_rate': 0.02315854326477458}. Best is trial 22 with value: 0.09141140431165695.
LOCAL_RANK: 0 - CUDA_VISIBLE_DEVICES: [0]
[I 2023-11-30 05:25:22,329] Trial 83 finished with value: 0.18393512070178986 and parameters: {'gradient_clip_val': 0.9098478775528843, 'hidden_size': 61, 'dropout': 0.11775033524650805, 'hidden_continuous_size': 21, 'attention_head_size': 4, 'learning_rate': 0.018200523068240004}. Best is trial 22 with value: 0.09141140431165695.
LOCAL_RANK: 0 - CUDA_VISIBLE_DEVICES: [0]
[I 2023-11-30 05:25:36,285] Trial 84 finished with value: 0.22666853666305542 and parameters: {'gradient_clip_val': 0.6787558234115606, 'hidden_size': 68, 'dropout': 0.15885978325924044, 'hidden_continuous_size': 25, 'attention_head_size': 4, 'learning_rate': 0.012384715654335621}. Best is trial 22 with value: 0.09141140431165695.
LOCAL_RANK: 0 - CUDA_VISIBLE_DEVICES: [0]
[I 2023-11-30 05:25:50,007] Trial 85 finished with value: 0.1869153380393982 and parameters: {'gradient_clip_val': 0.5803975939368776, 'hidden_size': 83, 'dropout': 0.10862576046707194, 'hidden_continuous_size': 19, 'attention_head_size': 1, 'learning_rate': 0.014333836205889641}. Best is trial 22 with value: 0.09141140431165695.
LOCAL_RANK: 0 - CUDA_VISIBLE_DEVICES: [0]
[I 2023-11-30 05:26:03,867] Trial 86 finished with value: 0.28932592272758484 and parameters: {'gradient_clip_val': 0.6161587145460451, 'hidden_size': 92, 'dropout': 0.13186854530867187, 'hidden_continuous_size': 22, 'attention_head_size': 4, 'learning_rate': 0.010174771778456259}. Best is trial 22 with value: 0.09141140431165695.
LOCAL_RANK: 0 - CUDA_VISIBLE_DEVICES: [0]
[I 2023-11-30 05:26:17,213] Trial 87 finished with value: 0.5510786175727844 and parameters: {'gradient_clip_val': 0.7800402275261131, 'hidden_size': 57, 'dropout': 0.12560373803698743, 'hidden_continuous_size': 21, 'attention_head_size': 3, 'learning_rate': 0.016541556804581446}. Best is trial 22 with value: 0.09141140431165695.
LOCAL_RANK: 0 - CUDA_VISIBLE_DEVICES: [0]
[I 2023-11-30 05:26:31,441] Trial 88 finished with value: 0.2623445987701416 and parameters: {'gradient_clip_val': 0.7129590874472812, 'hidden_size': 97, 'dropout': 0.14180455864596636, 'hidden_continuous_size': 28, 'attention_head_size': 4, 'learning_rate': 0.027549537196842635}. Best is trial 22 with value: 0.09141140431165695.
LOCAL_RANK: 0 - CUDA_VISIBLE_DEVICES: [0]
[I 2023-11-30 05:26:45,344] Trial 89 finished with value: 0.2983974516391754 and parameters: {'gradient_clip_val': 0.8496621694670405, 'hidden_size': 77, 'dropout': 0.114453119545937, 'hidden_continuous_size': 20, 'attention_head_size': 4, 'learning_rate': 0.02318190808321382}. Best is trial 22 with value: 0.09141140431165695.
LOCAL_RANK: 0 - CUDA_VISIBLE_DEVICES: [0]
[I 2023-11-30 05:26:59,459] Trial 90 finished with value: 0.3080078661441803 and parameters: {'gradient_clip_val': 0.5471011284451313, 'hidden_size': 110, 'dropout': 0.10666809366569177, 'hidden_continuous_size': 17, 'attention_head_size': 4, 'learning_rate': 0.019661819016864833}. Best is trial 22 with value: 0.09141140431165695.
LOCAL_RANK: 0 - CUDA_VISIBLE_DEVICES: [0]
[I 2023-11-30 05:27:13,002] Trial 91 finished with value: 0.1460730880498886 and parameters: {'gradient_clip_val': 0.9219645930659699, 'hidden_size': 61, 'dropout': 0.11871233642844173, 'hidden_continuous_size': 23, 'attention_head_size': 4, 'learning_rate': 0.018105075933351634}. Best is trial 22 with value: 0.09141140431165695.
LOCAL_RANK: 0 - CUDA_VISIBLE_DEVICES: [0]
[I 2023-11-30 05:27:26,761] Trial 92 finished with value: 0.13097672164440155 and parameters: {'gradient_clip_val': 0.8945162827065918, 'hidden_size': 70, 'dropout': 0.1352483505354007, 'hidden_continuous_size': 23, 'attention_head_size': 4, 'learning_rate': 0.017098367084800555}. Best is trial 22 with value: 0.09141140431165695.
LOCAL_RANK: 0 - CUDA_VISIBLE_DEVICES: [0]
[I 2023-11-30 05:27:40,614] Trial 93 finished with value: 0.3179713189601898 and parameters: {'gradient_clip_val': 0.9155160842004517, 'hidden_size': 71, 'dropout': 0.12298676723318289, 'hidden_continuous_size': 24, 'attention_head_size': 4, 'learning_rate': 0.013966931381782522}. Best is trial 22 with value: 0.09141140431165695.
LOCAL_RANK: 0 - CUDA_VISIBLE_DEVICES: [0]
[I 2023-11-30 05:27:54,514] Trial 94 finished with value: 0.4028768837451935 and parameters: {'gradient_clip_val': 0.946118426417646, 'hidden_size': 65, 'dropout': 0.1168453376495838, 'hidden_continuous_size': 22, 'attention_head_size': 4, 'learning_rate': 0.01698530808023001}. Best is trial 22 with value: 0.09141140431165695.
LOCAL_RANK: 0 - CUDA_VISIBLE_DEVICES: [0]
[I 2023-11-30 05:28:08,168] Trial 95 finished with value: 0.40203240513801575 and parameters: {'gradient_clip_val': 0.8208401896816648, 'hidden_size': 60, 'dropout': 0.15092411550254403, 'hidden_continuous_size': 23, 'attention_head_size': 4, 'learning_rate': 0.02112804965175509}. Best is trial 22 with value: 0.09141140431165695.
LOCAL_RANK: 0 - CUDA_VISIBLE_DEVICES: [0]
[I 2023-11-30 05:28:21,610] Trial 96 finished with value: 0.3452349901199341 and parameters: {'gradient_clip_val': 0.9988601902775109, 'hidden_size': 55, 'dropout': 0.16692337482584377, 'hidden_continuous_size': 24, 'attention_head_size': 4, 'learning_rate': 0.012322667118963031}. Best is trial 22 with value: 0.09141140431165695.
LOCAL_RANK: 0 - CUDA_VISIBLE_DEVICES: [0]
[I 2023-11-30 05:28:34,833] Trial 97 finished with value: 0.21806716918945312 and parameters: {'gradient_clip_val': 0.7653240598796839, 'hidden_size': 48, 'dropout': 0.13768149636056082, 'hidden_continuous_size': 23, 'attention_head_size': 4, 'learning_rate': 0.016170895862140176}. Best is trial 22 with value: 0.09141140431165695.
LOCAL_RANK: 0 - CUDA_VISIBLE_DEVICES: [0]
[I 2023-11-30 05:28:48,699] Trial 98 finished with value: 0.19213001430034637 and parameters: {'gradient_clip_val': 0.8738046954878952, 'hidden_size': 70, 'dropout': 0.10540360086775231, 'hidden_continuous_size': 21, 'attention_head_size': 4, 'learning_rate': 0.010491346633219425}. Best is trial 22 with value: 0.09141140431165695.
LOCAL_RANK: 0 - CUDA_VISIBLE_DEVICES: [0]
[I 2023-11-30 05:29:02,396] Trial 99 finished with value: 0.29416796565055847 and parameters: {'gradient_clip_val': 0.8299502053833838, 'hidden_size': 63, 'dropout': 0.1152547600303506, 'hidden_continuous_size': 23, 'attention_head_size': 4, 'learning_rate': 0.026039477767842947}. Best is trial 22 with value: 0.09141140431165695.
LOCAL_RANK: 0 - CUDA_VISIBLE_DEVICES: [0]
[I 2023-11-30 05:29:16,370] Trial 100 finished with value: 0.2647356390953064 and parameters: {'gradient_clip_val': 0.8929572831792623, 'hidden_size': 87, 'dropout': 0.1261989531222228, 'hidden_continuous_size': 26, 'attention_head_size': 4, 'learning_rate': 0.014435949727675642}. Best is trial 22 with value: 0.09141140431165695.
LOCAL_RANK: 0 - CUDA_VISIBLE_DEVICES: [0]
[I 2023-11-30 05:29:30,206] Trial 101 finished with value: 0.3721301257610321 and parameters: {'gradient_clip_val': 0.6925937712938279, 'hidden_size': 82, 'dropout': 0.13417710937824703, 'hidden_continuous_size': 18, 'attention_head_size': 4, 'learning_rate': 0.018742092946256467}. Best is trial 22 with value: 0.09141140431165695.
LOCAL_RANK: 0 - CUDA_VISIBLE_DEVICES: [0]
[I 2023-11-30 05:29:43,948] Trial 102 finished with value: 0.5221971273422241 and parameters: {'gradient_clip_val': 0.7917704719635942, 'hidden_size': 75, 'dropout': 0.13016762202007415, 'hidden_continuous_size': 25, 'attention_head_size': 2, 'learning_rate': 0.023451237282581305}. Best is trial 22 with value: 0.09141140431165695.
LOCAL_RANK: 0 - CUDA_VISIBLE_DEVICES: [0]
[I 2023-11-30 05:29:58,124] Trial 103 finished with value: 0.2319154292345047 and parameters: {'gradient_clip_val': 0.73512790839382, 'hidden_size': 101, 'dropout': 0.1446814609696268, 'hidden_continuous_size': 19, 'attention_head_size': 4, 'learning_rate': 0.021576330291946905}. Best is trial 22 with value: 0.09141140431165695.
LOCAL_RANK: 0 - CUDA_VISIBLE_DEVICES: [0]
[I 2023-11-30 05:30:11,829] Trial 104 finished with value: 0.3683728277683258 and parameters: {'gradient_clip_val': 0.6687211400427602, 'hidden_size': 68, 'dropout': 0.11234772572298403, 'hidden_continuous_size': 20, 'attention_head_size': 4, 'learning_rate': 0.015580527615671642}. Best is trial 22 with value: 0.09141140431165695.
LOCAL_RANK: 0 - CUDA_VISIBLE_DEVICES: [0]
[I 2023-11-30 05:30:25,641] Trial 105 finished with value: 0.28587982058525085 and parameters: {'gradient_clip_val': 0.6329959734843765, 'hidden_size': 79, 'dropout': 0.10418995165225683, 'hidden_continuous_size': 22, 'attention_head_size': 4, 'learning_rate': 0.018245207895430507}. Best is trial 22 with value: 0.09141140431165695.
LOCAL_RANK: 0 - CUDA_VISIBLE_DEVICES: [0]
[I 2023-11-30 05:30:39,482] Trial 106 finished with value: 0.22400419414043427 and parameters: {'gradient_clip_val': 0.5958938478222026, 'hidden_size': 90, 'dropout': 0.12201968508760329, 'hidden_continuous_size': 21, 'attention_head_size': 4, 'learning_rate': 0.013439581021312316}. Best is trial 22 with value: 0.09141140431165695.
LOCAL_RANK: 0 - CUDA_VISIBLE_DEVICES: [0]
[I 2023-11-30 05:30:53,244] Trial 107 finished with value: 0.3965729773044586 and parameters: {'gradient_clip_val': 0.7563582365748049, 'hidden_size': 72, 'dropout': 0.15764230530256276, 'hidden_continuous_size': 20, 'attention_head_size': 4, 'learning_rate': 0.011492846320407781}. Best is trial 22 with value: 0.09141140431165695.
LOCAL_RANK: 0 - CUDA_VISIBLE_DEVICES: [0]
[I 2023-11-30 05:31:06,906] Trial 108 finished with value: 0.1256975680589676 and parameters: {'gradient_clip_val': 0.8409066668278451, 'hidden_size': 59, 'dropout': 0.1374306305333955, 'hidden_continuous_size': 23, 'attention_head_size': 2, 'learning_rate': 0.017103497288865024}. Best is trial 22 with value: 0.09141140431165695.
LOCAL_RANK: 0 - CUDA_VISIBLE_DEVICES: [0]
[I 2023-11-30 05:31:20,529] Trial 109 finished with value: 0.39045944809913635 and parameters: {'gradient_clip_val': 0.9271698669591399, 'hidden_size': 57, 'dropout': 0.139193140395989, 'hidden_continuous_size': 24, 'attention_head_size': 4, 'learning_rate': 0.017415164697240856}. Best is trial 22 with value: 0.09141140431165695.
LOCAL_RANK: 0 - CUDA_VISIBLE_DEVICES: [0]
[I 2023-11-30 05:31:34,176] Trial 110 finished with value: 0.34279143810272217 and parameters: {'gradient_clip_val': 0.8377774954899786, 'hidden_size': 62, 'dropout': 0.14913874333121901, 'hidden_continuous_size': 25, 'attention_head_size': 3, 'learning_rate': 0.020666281508637138}. Best is trial 22 with value: 0.09141140431165695.
LOCAL_RANK: 0 - CUDA_VISIBLE_DEVICES: [0]
[I 2023-11-30 05:31:47,717] Trial 111 finished with value: 0.21800072491168976 and parameters: {'gradient_clip_val': 0.8006893326749472, 'hidden_size': 66, 'dropout': 0.1316687682016341, 'hidden_continuous_size': 22, 'attention_head_size': 2, 'learning_rate': 0.01630682032468782}. Best is trial 22 with value: 0.09141140431165695.
LOCAL_RANK: 0 - CUDA_VISIBLE_DEVICES: [0]
[I 2023-11-30 05:32:01,415] Trial 112 finished with value: 0.25089362263679504 and parameters: {'gradient_clip_val': 0.7226452145625352, 'hidden_size': 84, 'dropout': 0.1202056173336133, 'hidden_continuous_size': 19, 'attention_head_size': 2, 'learning_rate': 0.019153235724368636}. Best is trial 22 with value: 0.09141140431165695.
LOCAL_RANK: 0 - CUDA_VISIBLE_DEVICES: [0]
[I 2023-11-30 05:32:14,544] Trial 113 finished with value: 0.33168894052505493 and parameters: {'gradient_clip_val': 0.8738301452370011, 'hidden_size': 51, 'dropout': 0.10825719288724224, 'hidden_continuous_size': 21, 'attention_head_size': 2, 'learning_rate': 0.02427101542882977}. Best is trial 22 with value: 0.09141140431165695.
LOCAL_RANK: 0 - CUDA_VISIBLE_DEVICES: [0]
[I 2023-11-30 05:32:28,330] Trial 114 finished with value: 0.1702447384595871 and parameters: {'gradient_clip_val': 0.948145073863781, 'hidden_size': 76, 'dropout': 0.11374303234834145, 'hidden_continuous_size': 23, 'attention_head_size': 2, 'learning_rate': 0.012737666485076366}. Best is trial 22 with value: 0.09141140431165695.
LOCAL_RANK: 0 - CUDA_VISIBLE_DEVICES: [0]
[I 2023-11-30 05:32:41,648] Trial 115 finished with value: 0.375395804643631 and parameters: {'gradient_clip_val': 0.9503506303617374, 'hidden_size': 59, 'dropout': 0.11328086468567437, 'hidden_continuous_size': 23, 'attention_head_size': 2, 'learning_rate': 0.012810608907964316}. Best is trial 22 with value: 0.09141140431165695.
LOCAL_RANK: 0 - CUDA_VISIBLE_DEVICES: [0]
[I 2023-11-30 05:32:55,638] Trial 116 finished with value: 0.18632841110229492 and parameters: {'gradient_clip_val': 0.8947397596739896, 'hidden_size': 75, 'dropout': 0.10173561030468962, 'hidden_continuous_size': 26, 'attention_head_size': 4, 'learning_rate': 0.013799331499214293}. Best is trial 22 with value: 0.09141140431165695.
LOCAL_RANK: 0 - CUDA_VISIBLE_DEVICES: [0]
[I 2023-11-30 05:33:09,103] Trial 117 finished with value: 0.2102232426404953 and parameters: {'gradient_clip_val': 0.8306834376698511, 'hidden_size': 64, 'dropout': 0.12582185839672402, 'hidden_continuous_size': 22, 'attention_head_size': 2, 'learning_rate': 0.008876005086389426}. Best is trial 22 with value: 0.09141140431165695.
LOCAL_RANK: 0 - CUDA_VISIBLE_DEVICES: [0]
[I 2023-11-30 05:33:23,054] Trial 118 finished with value: 0.49995312094688416 and parameters: {'gradient_clip_val': 0.7718790524799078, 'hidden_size': 96, 'dropout': 0.1181917592419754, 'hidden_continuous_size': 25, 'attention_head_size': 4, 'learning_rate': 0.014703029262934845}. Best is trial 22 with value: 0.09141140431165695.
LOCAL_RANK: 0 - CUDA_VISIBLE_DEVICES: [0]
[I 2023-11-30 05:33:37,598] Trial 119 finished with value: 0.23013728857040405 and parameters: {'gradient_clip_val': 0.9840932875039412, 'hidden_size': 125, 'dropout': 0.11160656804281918, 'hidden_continuous_size': 30, 'attention_head_size': 4, 'learning_rate': 0.011454865838061368}. Best is trial 22 with value: 0.09141140431165695.
LOCAL_RANK: 0 - CUDA_VISIBLE_DEVICES: [0]
[I 2023-11-30 05:33:51,881] Trial 120 finished with value: 0.25124356150627136 and parameters: {'gradient_clip_val': 0.9448262930930916, 'hidden_size': 105, 'dropout': 0.1382127056087966, 'hidden_continuous_size': 28, 'attention_head_size': 4, 'learning_rate': 0.02220857079541264}. Best is trial 22 with value: 0.09141140431165695.
LOCAL_RANK: 0 - CUDA_VISIBLE_DEVICES: [0]
[I 2023-11-30 05:34:05,660] Trial 121 finished with value: 0.12637121975421906 and parameters: {'gradient_clip_val': 0.8608381468648982, 'hidden_size': 80, 'dropout': 0.12764191439512904, 'hidden_continuous_size': 20, 'attention_head_size': 2, 'learning_rate': 0.01765044468197835}. Best is trial 22 with value: 0.09141140431165695.
LOCAL_RANK: 0 - CUDA_VISIBLE_DEVICES: [0]
[I 2023-11-30 05:34:19,331] Trial 122 finished with value: 0.5916865468025208 and parameters: {'gradient_clip_val': 0.8560108796945641, 'hidden_size': 70, 'dropout': 0.12374248708548478, 'hidden_continuous_size': 21, 'attention_head_size': 2, 'learning_rate': 0.015362362056542855}. Best is trial 22 with value: 0.09141140431165695.
LOCAL_RANK: 0 - CUDA_VISIBLE_DEVICES: [0]
[I 2023-11-30 05:34:32,999] Trial 123 finished with value: 0.25840988755226135 and parameters: {'gradient_clip_val': 0.8019073641131832, 'hidden_size': 74, 'dropout': 0.10558470719500243, 'hidden_continuous_size': 18, 'attention_head_size': 2, 'learning_rate': 0.01768766580743522}. Best is trial 22 with value: 0.09141140431165695.
LOCAL_RANK: 0 - CUDA_VISIBLE_DEVICES: [0]
[I 2023-11-30 05:34:46,885] Trial 124 finished with value: 0.34255361557006836 and parameters: {'gradient_clip_val': 0.8801188799637111, 'hidden_size': 88, 'dropout': 0.15464878683849936, 'hidden_continuous_size': 23, 'attention_head_size': 2, 'learning_rate': 0.019324212081934116}. Best is trial 22 with value: 0.09141140431165695.
LOCAL_RANK: 0 - CUDA_VISIBLE_DEVICES: [0]
[I 2023-11-30 05:35:00,655] Trial 125 finished with value: 0.18669314682483673 and parameters: {'gradient_clip_val': 0.921558806753994, 'hidden_size': 82, 'dropout': 0.12982358371259944, 'hidden_continuous_size': 24, 'attention_head_size': 2, 'learning_rate': 0.016881280273973412}. Best is trial 22 with value: 0.09141140431165695.
LOCAL_RANK: 0 - CUDA_VISIBLE_DEVICES: [0]
[I 2023-11-30 05:35:14,433] Trial 126 finished with value: 0.1967235803604126 and parameters: {'gradient_clip_val': 0.6978236213756619, 'hidden_size': 93, 'dropout': 0.144216938729406, 'hidden_continuous_size': 20, 'attention_head_size': 1, 'learning_rate': 0.01257341344903395}. Best is trial 22 with value: 0.09141140431165695.
LOCAL_RANK: 0 - CUDA_VISIBLE_DEVICES: [0]
[I 2023-11-30 05:35:28,080] Trial 127 finished with value: 0.28955700993537903 and parameters: {'gradient_clip_val': 0.7419455037827005, 'hidden_size': 66, 'dropout': 0.11568258772245792, 'hidden_continuous_size': 24, 'attention_head_size': 2, 'learning_rate': 0.02798134475175468}. Best is trial 22 with value: 0.09141140431165695.
LOCAL_RANK: 0 - CUDA_VISIBLE_DEVICES: [0]
[I 2023-11-30 05:35:41,935] Trial 128 finished with value: 0.16651421785354614 and parameters: {'gradient_clip_val': 0.769917895982301, 'hidden_size': 77, 'dropout': 0.10052756090906101, 'hidden_continuous_size': 26, 'attention_head_size': 4, 'learning_rate': 0.020830998582158346}. Best is trial 22 with value: 0.09141140431165695.
LOCAL_RANK: 0 - CUDA_VISIBLE_DEVICES: [0]
[I 2023-11-30 05:35:56,471] Trial 129 finished with value: 0.33039212226867676 and parameters: {'gradient_clip_val': 0.8405387931252956, 'hidden_size': 111, 'dropout': 0.10130290590799042, 'hidden_continuous_size': 28, 'attention_head_size': 4, 'learning_rate': 0.025690468609214763}. Best is trial 22 with value: 0.09141140431165695.
LOCAL_RANK: 0 - CUDA_VISIBLE_DEVICES: [0]
[I 2023-11-30 05:36:10,256] Trial 130 finished with value: 0.15293388068675995 and parameters: {'gradient_clip_val': 0.790541142662056, 'hidden_size': 77, 'dropout': 0.10908318294757274, 'hidden_continuous_size': 26, 'attention_head_size': 4, 'learning_rate': 0.020890751179183594}. Best is trial 22 with value: 0.09141140431165695.
LOCAL_RANK: 0 - CUDA_VISIBLE_DEVICES: [0]
[I 2023-11-30 05:36:24,173] Trial 131 finished with value: 0.3473474681377411 and parameters: {'gradient_clip_val': 0.7795970965050708, 'hidden_size': 78, 'dropout': 0.11185643447779471, 'hidden_continuous_size': 27, 'attention_head_size': 4, 'learning_rate': 0.02093959875926927}. Best is trial 22 with value: 0.09141140431165695.
LOCAL_RANK: 0 - CUDA_VISIBLE_DEVICES: [0]
[I 2023-11-30 05:36:38,042] Trial 132 finished with value: 0.2308163195848465 and parameters: {'gradient_clip_val': 0.8013137559062949, 'hidden_size': 69, 'dropout': 0.10682367557654834, 'hidden_continuous_size': 25, 'attention_head_size': 4, 'learning_rate': 0.021834705762373584}. Best is trial 22 with value: 0.09141140431165695.
LOCAL_RANK: 0 - CUDA_VISIBLE_DEVICES: [0]
[I 2023-11-30 05:36:52,016] Trial 133 finished with value: 0.3468612730503082 and parameters: {'gradient_clip_val': 0.9012338737959972, 'hidden_size': 84, 'dropout': 0.10021092363036935, 'hidden_continuous_size': 26, 'attention_head_size': 4, 'learning_rate': 0.023566754243241467}. Best is trial 22 with value: 0.09141140431165695.
LOCAL_RANK: 0 - CUDA_VISIBLE_DEVICES: [0]
[I 2023-11-30 05:37:05,946] Trial 134 finished with value: 0.1783493012189865 and parameters: {'gradient_clip_val': 0.7626233433003249, 'hidden_size': 61, 'dropout': 0.11781114945411503, 'hidden_continuous_size': 23, 'attention_head_size': 4, 'learning_rate': 0.019815245277028007}. Best is trial 22 with value: 0.09141140431165695.
LOCAL_RANK: 0 - CUDA_VISIBLE_DEVICES: [0]
[I 2023-11-30 05:37:19,672] Trial 135 finished with value: 0.20246534049510956 and parameters: {'gradient_clip_val': 0.8646937113208766, 'hidden_size': 78, 'dropout': 0.10750940909835713, 'hidden_continuous_size': 22, 'attention_head_size': 4, 'learning_rate': 0.030856382103083748}. Best is trial 22 with value: 0.09141140431165695.
LOCAL_RANK: 0 - CUDA_VISIBLE_DEVICES: [0]
[I 2023-11-30 05:37:33,776] Trial 136 finished with value: 0.3512852191925049 and parameters: {'gradient_clip_val': 0.9967746507587965, 'hidden_size': 101, 'dropout': 0.12144078259555018, 'hidden_continuous_size': 32, 'attention_head_size': 4, 'learning_rate': 0.017885100836149404}. Best is trial 22 with value: 0.09141140431165695.
LOCAL_RANK: 0 - CUDA_VISIBLE_DEVICES: [0]
[I 2023-11-30 05:37:46,928] Trial 137 finished with value: 0.2908971309661865 and parameters: {'gradient_clip_val': 0.720104450680565, 'hidden_size': 41, 'dropout': 0.1328438343942115, 'hidden_continuous_size': 23, 'attention_head_size': 4, 'learning_rate': 0.01446091485185462}. Best is trial 22 with value: 0.09141140431165695.
LOCAL_RANK: 0 - CUDA_VISIBLE_DEVICES: [0]
[I 2023-11-30 05:38:01,242] Trial 138 finished with value: 0.2704935371875763 and parameters: {'gradient_clip_val': 0.8154954613563722, 'hidden_size': 118, 'dropout': 0.18047679700209904, 'hidden_continuous_size': 29, 'attention_head_size': 4, 'learning_rate': 0.025473676666011188}. Best is trial 22 with value: 0.09141140431165695.
LOCAL_RANK: 0 - CUDA_VISIBLE_DEVICES: [0]
[I 2023-11-30 05:38:15,376] Trial 139 finished with value: 0.15138833224773407 and parameters: {'gradient_clip_val': 0.9451863227071784, 'hidden_size': 89, 'dropout': 0.11199504141815339, 'hidden_continuous_size': 27, 'attention_head_size': 4, 'learning_rate': 0.020211120005903783}. Best is trial 22 with value: 0.09141140431165695.
LOCAL_RANK: 0 - CUDA_VISIBLE_DEVICES: [0]
