[I 2023-11-30 09:20:06,657] Trial 74 finished with value: 0.21025319397449493 and parameters: {'gradient_clip_val': 0.2335452677156765, 'hidden_size': 39, 'dropout': 0.10124829539155213, 'hidden_continuous_size': 19, 'attention_head_size': 3, 'learning_rate': 0.03607774426711933}. Best is trial 12 with value: 0.07228976488113403.
LOCAL_RANK: 0 - CUDA_VISIBLE_DEVICES: [0]
[I 2023-11-30 09:20:19,702] Trial 75 finished with value: 0.07921168208122253 and parameters: {'gradient_clip_val': 0.18201941155357365, 'hidden_size': 44, 'dropout': 0.11921305454077481, 'hidden_continuous_size': 20, 'attention_head_size': 3, 'learning_rate': 0.07436516535810564}. Best is trial 12 with value: 0.07228976488113403.
LOCAL_RANK: 0 - CUDA_VISIBLE_DEVICES: [0]
[I 2023-11-30 09:20:33,014] Trial 76 finished with value: 0.2292700856924057 and parameters: {'gradient_clip_val': 0.1615897882912522, 'hidden_size': 45, 'dropout': 0.12203035066080224, 'hidden_continuous_size': 25, 'attention_head_size': 2, 'learning_rate': 0.07854148665688826}. Best is trial 12 with value: 0.07228976488113403.
LOCAL_RANK: 0 - CUDA_VISIBLE_DEVICES: [0]
[I 2023-11-30 09:20:45,922] Trial 77 finished with value: 0.24506878852844238 and parameters: {'gradient_clip_val': 0.18579302224806143, 'hidden_size': 35, 'dropout': 0.1553438108172258, 'hidden_continuous_size': 20, 'attention_head_size': 3, 'learning_rate': 0.07044806149017616}. Best is trial 12 with value: 0.07228976488113403.
LOCAL_RANK: 0 - CUDA_VISIBLE_DEVICES: [0]
[I 2023-11-30 09:20:58,724] Trial 78 finished with value: 0.1724195033311844 and parameters: {'gradient_clip_val': 0.14748611559114738, 'hidden_size': 27, 'dropout': 0.12945820040684297, 'hidden_continuous_size': 15, 'attention_head_size': 4, 'learning_rate': 0.0903745790437105}. Best is trial 12 with value: 0.07228976488113403.
LOCAL_RANK: 0 - CUDA_VISIBLE_DEVICES: [0]
[I 2023-11-30 09:21:11,981] Trial 79 finished with value: 0.10689395666122437 and parameters: {'gradient_clip_val': 0.17598175128221705, 'hidden_size': 50, 'dropout': 0.11850252636186913, 'hidden_continuous_size': 20, 'attention_head_size': 3, 'learning_rate': 0.04073570690095066}. Best is trial 12 with value: 0.07228976488113403.
LOCAL_RANK: 0 - CUDA_VISIBLE_DEVICES: [0]
[I 2023-11-30 09:21:24,870] Trial 80 finished with value: 0.21159744262695312 and parameters: {'gradient_clip_val': 0.20719791940697732, 'hidden_size': 43, 'dropout': 0.14120127755708353, 'hidden_continuous_size': 13, 'attention_head_size': 2, 'learning_rate': 0.061193222399618705}. Best is trial 12 with value: 0.07228976488113403.
LOCAL_RANK: 0 - CUDA_VISIBLE_DEVICES: [0]
[I 2023-11-30 09:21:37,909] Trial 81 finished with value: 0.17800988256931305 and parameters: {'gradient_clip_val': 0.1954217610140878, 'hidden_size': 39, 'dropout': 0.10669799885892985, 'hidden_continuous_size': 18, 'attention_head_size': 3, 'learning_rate': 0.07612930734286015}. Best is trial 12 with value: 0.07228976488113403.
LOCAL_RANK: 0 - CUDA_VISIBLE_DEVICES: [0]
[I 2023-11-30 09:21:50,638] Trial 82 finished with value: 0.17662787437438965 and parameters: {'gradient_clip_val': 0.22658316729972838, 'hidden_size': 29, 'dropout': 0.11572330020121156, 'hidden_continuous_size': 16, 'attention_head_size': 3, 'learning_rate': 0.048545021068698326}. Best is trial 12 with value: 0.07228976488113403.
LOCAL_RANK: 0 - CUDA_VISIBLE_DEVICES: [0]
[I 2023-11-30 09:22:03,546] Trial 83 finished with value: 0.11870802193880081 and parameters: {'gradient_clip_val': 0.16445399466582175, 'hidden_size': 31, 'dropout': 0.10010839590799203, 'hidden_continuous_size': 17, 'attention_head_size': 3, 'learning_rate': 0.05864655281306892}. Best is trial 12 with value: 0.07228976488113403.
LOCAL_RANK: 0 - CUDA_VISIBLE_DEVICES: [0]
[I 2023-11-30 09:22:16,558] Trial 84 finished with value: 0.07871020585298538 and parameters: {'gradient_clip_val': 0.21382085844542742, 'hidden_size': 47, 'dropout': 0.13028549930169533, 'hidden_continuous_size': 14, 'attention_head_size': 3, 'learning_rate': 0.0895996841790408}. Best is trial 12 with value: 0.07228976488113403.
LOCAL_RANK: 0 - CUDA_VISIBLE_DEVICES: [0]
[I 2023-11-30 09:22:29,576] Trial 85 finished with value: 0.0737074539065361 and parameters: {'gradient_clip_val': 0.18207465649538038, 'hidden_size': 48, 'dropout': 0.13085368690960777, 'hidden_continuous_size': 14, 'attention_head_size': 3, 'learning_rate': 0.08975838041417997}. Best is trial 12 with value: 0.07228976488113403.
LOCAL_RANK: 0 - CUDA_VISIBLE_DEVICES: [0]
[I 2023-11-30 09:22:42,818] Trial 86 finished with value: 0.23977577686309814 and parameters: {'gradient_clip_val': 0.17820389984062893, 'hidden_size': 46, 'dropout': 0.1292921246537002, 'hidden_continuous_size': 14, 'attention_head_size': 3, 'learning_rate': 0.09103369794785772}. Best is trial 12 with value: 0.07228976488113403.
LOCAL_RANK: 0 - CUDA_VISIBLE_DEVICES: [0]
[I 2023-11-30 09:22:55,879] Trial 87 finished with value: 0.10628533363342285 and parameters: {'gradient_clip_val': 0.1572857600307126, 'hidden_size': 49, 'dropout': 0.14841846338508408, 'hidden_continuous_size': 14, 'attention_head_size': 2, 'learning_rate': 0.06717462586579523}. Best is trial 12 with value: 0.07228976488113403.
LOCAL_RANK: 0 - CUDA_VISIBLE_DEVICES: [0]
[I 2023-11-30 09:23:08,825] Trial 88 finished with value: 0.15482646226882935 and parameters: {'gradient_clip_val': 0.13570625003513087, 'hidden_size': 52, 'dropout': 0.1341733589523073, 'hidden_continuous_size': 12, 'attention_head_size': 1, 'learning_rate': 0.07658267852132448}. Best is trial 12 with value: 0.07228976488113403.
LOCAL_RANK: 0 - CUDA_VISIBLE_DEVICES: [0]
[I 2023-11-30 09:23:21,652] Trial 89 finished with value: 0.20090775191783905 and parameters: {'gradient_clip_val': 0.14358667191624405, 'hidden_size': 43, 'dropout': 0.15808224703969778, 'hidden_continuous_size': 13, 'attention_head_size': 3, 'learning_rate': 0.0919485052915538}. Best is trial 12 with value: 0.07228976488113403.
LOCAL_RANK: 0 - CUDA_VISIBLE_DEVICES: [0]
[I 2023-11-30 09:23:34,929] Trial 90 finished with value: 0.2720184326171875 and parameters: {'gradient_clip_val': 0.18992222142919613, 'hidden_size': 57, 'dropout': 0.14232285650586948, 'hidden_continuous_size': 11, 'attention_head_size': 2, 'learning_rate': 0.08216378591959553}. Best is trial 12 with value: 0.07228976488113403.
LOCAL_RANK: 0 - CUDA_VISIBLE_DEVICES: [0]
[I 2023-11-30 09:23:47,996] Trial 91 finished with value: 0.0920339897274971 and parameters: {'gradient_clip_val': 0.21511779073500817, 'hidden_size': 34, 'dropout': 0.11298070012443502, 'hidden_continuous_size': 15, 'attention_head_size': 3, 'learning_rate': 0.09878707906098755}. Best is trial 12 with value: 0.07228976488113403.
LOCAL_RANK: 0 - CUDA_VISIBLE_DEVICES: [0]
[I 2023-11-30 09:24:00,930] Trial 92 finished with value: 0.08163852244615555 and parameters: {'gradient_clip_val': 0.2141405527382087, 'hidden_size': 34, 'dropout': 0.11683773403296059, 'hidden_continuous_size': 15, 'attention_head_size': 3, 'learning_rate': 0.09879125128159508}. Best is trial 12 with value: 0.07228976488113403.
LOCAL_RANK: 0 - CUDA_VISIBLE_DEVICES: [0]
[I 2023-11-30 09:24:13,761] Trial 93 finished with value: 0.13417701423168182 and parameters: {'gradient_clip_val': 0.17020960443263397, 'hidden_size': 36, 'dropout': 0.12451151340364257, 'hidden_continuous_size': 14, 'attention_head_size': 3, 'learning_rate': 0.07297245740837531}. Best is trial 12 with value: 0.07228976488113403.
LOCAL_RANK: 0 - CUDA_VISIBLE_DEVICES: [0]
[I 2023-11-30 09:24:26,649] Trial 94 finished with value: 0.28495895862579346 and parameters: {'gradient_clip_val': 0.20014304876954703, 'hidden_size': 40, 'dropout': 0.1685534270037954, 'hidden_continuous_size': 15, 'attention_head_size': 3, 'learning_rate': 0.06576243590574041}. Best is trial 12 with value: 0.07228976488113403.
LOCAL_RANK: 0 - CUDA_VISIBLE_DEVICES: [0]
[I 2023-11-30 09:24:39,905] Trial 95 finished with value: 0.17684674263000488 and parameters: {'gradient_clip_val': 0.18440074450970603, 'hidden_size': 42, 'dropout': 0.13445280003664953, 'hidden_continuous_size': 13, 'attention_head_size': 3, 'learning_rate': 0.08764360914898621}. Best is trial 12 with value: 0.07228976488113403.
LOCAL_RANK: 0 - CUDA_VISIBLE_DEVICES: [0]
[I 2023-11-30 09:24:52,810] Trial 96 finished with value: 0.10716245323419571 and parameters: {'gradient_clip_val': 0.12130656458125054, 'hidden_size': 33, 'dropout': 0.11726362858430217, 'hidden_continuous_size': 14, 'attention_head_size': 3, 'learning_rate': 0.07445391095382578}. Best is trial 12 with value: 0.07228976488113403.
LOCAL_RANK: 0 - CUDA_VISIBLE_DEVICES: [0]
[I 2023-11-30 09:25:05,435] Trial 97 finished with value: 0.11536591500043869 and parameters: {'gradient_clip_val': 0.15410210882406444, 'hidden_size': 36, 'dropout': 0.12808119652486152, 'hidden_continuous_size': 15, 'attention_head_size': 3, 'learning_rate': 0.09144415376772054}. Best is trial 12 with value: 0.07228976488113403.
LOCAL_RANK: 0 - CUDA_VISIBLE_DEVICES: [0]
[I 2023-11-30 09:25:17,780] Trial 98 finished with value: 0.08073890209197998 and parameters: {'gradient_clip_val': 0.1927150852286822, 'hidden_size': 24, 'dropout': 0.10767304808937256, 'hidden_continuous_size': 14, 'attention_head_size': 2, 'learning_rate': 0.05992399179402126}. Best is trial 12 with value: 0.07228976488113403.
LOCAL_RANK: 0 - CUDA_VISIBLE_DEVICES: [0]
[I 2023-11-30 09:25:30,356] Trial 99 finished with value: 0.17186255753040314 and parameters: {'gradient_clip_val': 0.20600875732908355, 'hidden_size': 23, 'dropout': 0.11064790425814089, 'hidden_continuous_size': 16, 'attention_head_size': 3, 'learning_rate': 0.0818012492550096}. Best is trial 12 with value: 0.07228976488113403.
LOCAL_RANK: 0 - CUDA_VISIBLE_DEVICES: [0]
[I 2023-11-30 09:25:43,108] Trial 100 finished with value: 0.18933559954166412 and parameters: {'gradient_clip_val': 0.17506751519453867, 'hidden_size': 21, 'dropout': 0.10829673196497372, 'hidden_continuous_size': 14, 'attention_head_size': 2, 'learning_rate': 0.09962020984451002}. Best is trial 12 with value: 0.07228976488113403.
LOCAL_RANK: 0 - CUDA_VISIBLE_DEVICES: [0]
[I 2023-11-30 09:25:55,191] Trial 101 finished with value: 0.13696055114269257 and parameters: {'gradient_clip_val': 0.19228608736606634, 'hidden_size': 24, 'dropout': 0.12002299236093748, 'hidden_continuous_size': 14, 'attention_head_size': 2, 'learning_rate': 0.06142134100258889}. Best is trial 12 with value: 0.07228976488113403.
LOCAL_RANK: 0 - CUDA_VISIBLE_DEVICES: [0]
[I 2023-11-30 09:26:08,215] Trial 102 finished with value: 0.12157560139894485 and parameters: {'gradient_clip_val': 0.10919594152879719, 'hidden_size': 47, 'dropout': 0.13515101137802982, 'hidden_continuous_size': 13, 'attention_head_size': 2, 'learning_rate': 0.05544222841101339}. Best is trial 12 with value: 0.07228976488113403.
LOCAL_RANK: 0 - CUDA_VISIBLE_DEVICES: [0]
[I 2023-11-30 09:26:20,797] Trial 103 finished with value: 0.1480950266122818 and parameters: {'gradient_clip_val': 0.2152695608374097, 'hidden_size': 32, 'dropout': 0.14521638051200345, 'hidden_continuous_size': 15, 'attention_head_size': 2, 'learning_rate': 0.04873511943824227}. Best is trial 12 with value: 0.07228976488113403.
LOCAL_RANK: 0 - CUDA_VISIBLE_DEVICES: [0]
[I 2023-11-30 09:26:33,459] Trial 104 finished with value: 0.19217796623706818 and parameters: {'gradient_clip_val': 0.16304995539186976, 'hidden_size': 29, 'dropout': 0.12508558591390287, 'hidden_continuous_size': 16, 'attention_head_size': 2, 'learning_rate': 0.06963070521645673}. Best is trial 12 with value: 0.07228976488113403.
LOCAL_RANK: 0 - CUDA_VISIBLE_DEVICES: [0]
[I 2023-11-30 09:26:46,237] Trial 105 finished with value: 0.16863732039928436 and parameters: {'gradient_clip_val': 0.2373130762951368, 'hidden_size': 25, 'dropout': 0.10709657053386312, 'hidden_continuous_size': 17, 'attention_head_size': 3, 'learning_rate': 0.044266920903066206}. Best is trial 12 with value: 0.07228976488113403.
LOCAL_RANK: 0 - CUDA_VISIBLE_DEVICES: [0]
[I 2023-11-30 09:26:59,004] Trial 106 finished with value: 0.15164656937122345 and parameters: {'gradient_clip_val': 0.1800782315055703, 'hidden_size': 44, 'dropout': 0.1513854477879973, 'hidden_continuous_size': 13, 'attention_head_size': 2, 'learning_rate': 0.0823623798854729}. Best is trial 12 with value: 0.07228976488113403.
LOCAL_RANK: 0 - CUDA_VISIBLE_DEVICES: [0]
[I 2023-11-30 09:27:11,959] Trial 107 finished with value: 0.15150347352027893 and parameters: {'gradient_clip_val': 0.189768525457191, 'hidden_size': 41, 'dropout': 0.11683317453323543, 'hidden_continuous_size': 12, 'attention_head_size': 3, 'learning_rate': 0.06552164429796221}. Best is trial 12 with value: 0.07228976488113403.
LOCAL_RANK: 0 - CUDA_VISIBLE_DEVICES: [0]
[I 2023-11-30 09:27:24,895] Trial 108 finished with value: 0.29363611340522766 and parameters: {'gradient_clip_val': 0.21902240732792702, 'hidden_size': 37, 'dropout': 0.16067674157886805, 'hidden_continuous_size': 15, 'attention_head_size': 2, 'learning_rate': 0.07446452405733255}. Best is trial 12 with value: 0.07228976488113403.
LOCAL_RANK: 0 - CUDA_VISIBLE_DEVICES: [0]
[I 2023-11-30 09:27:37,562] Trial 109 finished with value: 0.15208348631858826 and parameters: {'gradient_clip_val': 0.20037418256737388, 'hidden_size': 27, 'dropout': 0.13082244415775157, 'hidden_continuous_size': 14, 'attention_head_size': 3, 'learning_rate': 0.051991290479741034}. Best is trial 12 with value: 0.07228976488113403.
LOCAL_RANK: 0 - CUDA_VISIBLE_DEVICES: [0]
[I 2023-11-30 09:27:50,702] Trial 110 finished with value: 0.09073134511709213 and parameters: {'gradient_clip_val': 0.17151992966380483, 'hidden_size': 34, 'dropout': 0.11353404028311109, 'hidden_continuous_size': 16, 'attention_head_size': 3, 'learning_rate': 0.05887698494579437}. Best is trial 12 with value: 0.07228976488113403.
LOCAL_RANK: 0 - CUDA_VISIBLE_DEVICES: [0]
[I 2023-11-30 09:28:03,477] Trial 111 finished with value: 0.09180010110139847 and parameters: {'gradient_clip_val': 0.17207082653991115, 'hidden_size': 34, 'dropout': 0.11299279463578685, 'hidden_continuous_size': 16, 'attention_head_size': 3, 'learning_rate': 0.05930823971739088}. Best is trial 12 with value: 0.07228976488113403.
LOCAL_RANK: 0 - CUDA_VISIBLE_DEVICES: [0]
[I 2023-11-30 09:28:16,254] Trial 112 finished with value: 0.24035008251667023 and parameters: {'gradient_clip_val': 0.15616030927531355, 'hidden_size': 30, 'dropout': 0.12275640602012433, 'hidden_continuous_size': 16, 'attention_head_size': 3, 'learning_rate': 0.08719454126972524}. Best is trial 12 with value: 0.07228976488113403.
LOCAL_RANK: 0 - CUDA_VISIBLE_DEVICES: [0]
[I 2023-11-30 09:28:29,129] Trial 113 finished with value: 0.19841305911540985 and parameters: {'gradient_clip_val': 0.18267515750664623, 'hidden_size': 40, 'dropout': 0.10790313406524826, 'hidden_continuous_size': 17, 'attention_head_size': 3, 'learning_rate': 0.03796167996162688}. Best is trial 12 with value: 0.07228976488113403.
LOCAL_RANK: 0 - CUDA_VISIBLE_DEVICES: [0]
[I 2023-11-30 09:28:42,063] Trial 114 finished with value: 0.22031699120998383 and parameters: {'gradient_clip_val': 0.14601843194676428, 'hidden_size': 37, 'dropout': 0.13955478373555524, 'hidden_continuous_size': 19, 'attention_head_size': 3, 'learning_rate': 0.06779123436452375}. Best is trial 12 with value: 0.07228976488113403.
LOCAL_RANK: 0 - CUDA_VISIBLE_DEVICES: [0]
[I 2023-11-30 09:28:55,005] Trial 115 finished with value: 0.09734831005334854 and parameters: {'gradient_clip_val': 0.16519481265844413, 'hidden_size': 31, 'dropout': 0.12051040203316823, 'hidden_continuous_size': 15, 'attention_head_size': 3, 'learning_rate': 0.07929213826487867}. Best is trial 12 with value: 0.07228976488113403.
LOCAL_RANK: 0 - CUDA_VISIBLE_DEVICES: [0]
[I 2023-11-30 09:29:08,021] Trial 116 finished with value: 0.16021828353405 and parameters: {'gradient_clip_val': 0.20455667346092266, 'hidden_size': 35, 'dropout': 0.11495366618493484, 'hidden_continuous_size': 15, 'attention_head_size': 3, 'learning_rate': 0.0618503648598882}. Best is trial 12 with value: 0.07228976488113403.
LOCAL_RANK: 0 - CUDA_VISIBLE_DEVICES: [0]
[I 2023-11-30 09:29:21,078] Trial 117 finished with value: 0.10529446601867676 and parameters: {'gradient_clip_val': 0.17277767120333457, 'hidden_size': 45, 'dropout': 0.179394337052778, 'hidden_continuous_size': 22, 'attention_head_size': 2, 'learning_rate': 0.052560402258649296}. Best is trial 12 with value: 0.07228976488113403.
LOCAL_RANK: 0 - CUDA_VISIBLE_DEVICES: [0]
[I 2023-11-30 09:29:33,568] Trial 118 finished with value: 0.19122810661792755 and parameters: {'gradient_clip_val': 0.19181038786856822, 'hidden_size': 18, 'dropout': 0.10516153533226523, 'hidden_continuous_size': 14, 'attention_head_size': 3, 'learning_rate': 0.0927148985757752}. Best is trial 12 with value: 0.07228976488113403.
LOCAL_RANK: 0 - CUDA_VISIBLE_DEVICES: [0]
[I 2023-11-30 09:29:46,165] Trial 119 finished with value: 0.3049987256526947 and parameters: {'gradient_clip_val': 0.18113223877571172, 'hidden_size': 22, 'dropout': 0.1292282226494173, 'hidden_continuous_size': 13, 'attention_head_size': 2, 'learning_rate': 0.0437909802713705}. Best is trial 12 with value: 0.07228976488113403.
LOCAL_RANK: 0 - CUDA_VISIBLE_DEVICES: [0]
[I 2023-11-30 09:29:59,441] Trial 120 finished with value: 0.2001945823431015 and parameters: {'gradient_clip_val': 0.24561893395246265, 'hidden_size': 39, 'dropout': 0.21645382287098297, 'hidden_continuous_size': 32, 'attention_head_size': 3, 'learning_rate': 0.07624688362206276}. Best is trial 12 with value: 0.07228976488113403.
LOCAL_RANK: 0 - CUDA_VISIBLE_DEVICES: [0]
[I 2023-11-30 09:30:12,276] Trial 121 finished with value: 0.12417083978652954 and parameters: {'gradient_clip_val': 0.17084363735462973, 'hidden_size': 34, 'dropout': 0.1136074580762996, 'hidden_continuous_size': 16, 'attention_head_size': 3, 'learning_rate': 0.057489820108420756}. Best is trial 12 with value: 0.07228976488113403.
LOCAL_RANK: 0 - CUDA_VISIBLE_DEVICES: [0]
[I 2023-11-30 09:30:24,897] Trial 122 finished with value: 0.14811892807483673 and parameters: {'gradient_clip_val': 0.19644240921285677, 'hidden_size': 32, 'dropout': 0.11176903089359427, 'hidden_continuous_size': 16, 'attention_head_size': 3, 'learning_rate': 0.058361582109394176}. Best is trial 12 with value: 0.07228976488113403.
LOCAL_RANK: 0 - CUDA_VISIBLE_DEVICES: [0]
[I 2023-11-30 09:30:37,838] Trial 123 finished with value: 0.2586016058921814 and parameters: {'gradient_clip_val': 0.15897383587917216, 'hidden_size': 33, 'dropout': 0.1199672543866575, 'hidden_continuous_size': 17, 'attention_head_size': 3, 'learning_rate': 0.04791207530673939}. Best is trial 12 with value: 0.07228976488113403.
LOCAL_RANK: 0 - CUDA_VISIBLE_DEVICES: [0]
[I 2023-11-30 09:30:50,377] Trial 124 finished with value: 0.17482773959636688 and parameters: {'gradient_clip_val': 0.150871007043293, 'hidden_size': 28, 'dropout': 0.13908658310359445, 'hidden_continuous_size': 16, 'attention_head_size': 3, 'learning_rate': 0.09948399351206433}. Best is trial 12 with value: 0.07228976488113403.
LOCAL_RANK: 0 - CUDA_VISIBLE_DEVICES: [0]
[I 2023-11-30 09:31:03,647] Trial 125 finished with value: 0.1993924379348755 and parameters: {'gradient_clip_val': 0.1722507164917541, 'hidden_size': 42, 'dropout': 0.12782670081491357, 'hidden_continuous_size': 18, 'attention_head_size': 3, 'learning_rate': 0.07068176404321734}. Best is trial 12 with value: 0.07228976488113403.
LOCAL_RANK: 0 - CUDA_VISIBLE_DEVICES: [0]
[I 2023-11-30 09:31:16,902] Trial 126 finished with value: 0.14249691367149353 and parameters: {'gradient_clip_val': 0.21383427630657517, 'hidden_size': 49, 'dropout': 0.10675982035651858, 'hidden_continuous_size': 17, 'attention_head_size': 3, 'learning_rate': 0.08570364123582241}. Best is trial 12 with value: 0.07228976488113403.
LOCAL_RANK: 0 - CUDA_VISIBLE_DEVICES: [0]
[I 2023-11-30 09:31:29,700] Trial 127 finished with value: 0.08569886535406113 and parameters: {'gradient_clip_val': 0.14217902332260188, 'hidden_size': 34, 'dropout': 0.2088670501400436, 'hidden_continuous_size': 15, 'attention_head_size': 3, 'learning_rate': 0.06372684133511497}. Best is trial 12 with value: 0.07228976488113403.
LOCAL_RANK: 0 - CUDA_VISIBLE_DEVICES: [0]
[I 2023-11-30 09:31:42,685] Trial 128 finished with value: 0.13966357707977295 and parameters: {'gradient_clip_val': 0.13840138110789035, 'hidden_size': 37, 'dropout': 0.18990174410281632, 'hidden_continuous_size': 15, 'attention_head_size': 2, 'learning_rate': 0.06316928667293932}. Best is trial 12 with value: 0.07228976488113403.
LOCAL_RANK: 0 - CUDA_VISIBLE_DEVICES: [0]
[I 2023-11-30 09:31:55,207] Trial 129 finished with value: 0.2545594573020935 and parameters: {'gradient_clip_val': 0.14670039573055602, 'hidden_size': 26, 'dropout': 0.23908271089161676, 'hidden_continuous_size': 14, 'attention_head_size': 3, 'learning_rate': 0.08103206133359445}. Best is trial 12 with value: 0.07228976488113403.
LOCAL_RANK: 0 - CUDA_VISIBLE_DEVICES: [0]
[I 2023-11-30 09:32:08,109] Trial 130 finished with value: 0.17760586738586426 and parameters: {'gradient_clip_val': 0.13092052840584614, 'hidden_size': 29, 'dropout': 0.2044829477587827, 'hidden_continuous_size': 15, 'attention_head_size': 3, 'learning_rate': 0.06810274710633371}. Best is trial 12 with value: 0.07228976488113403.
LOCAL_RANK: 0 - CUDA_VISIBLE_DEVICES: [0]
[I 2023-11-30 09:32:20,893] Trial 131 finished with value: 0.17438606917858124 and parameters: {'gradient_clip_val': 0.1623998553491141, 'hidden_size': 34, 'dropout': 0.10263207006515904, 'hidden_continuous_size': 16, 'attention_head_size': 3, 'learning_rate': 0.05267378874791432}. Best is trial 12 with value: 0.07228976488113403.
LOCAL_RANK: 0 - CUDA_VISIBLE_DEVICES: [0]
