[I 2023-11-29 23:53:24,390] Trial 139 finished with value: 318.77252197265625 and parameters: {'gradient_clip_val': 0.28552222064909233, 'hidden_size': 86, 'dropout': 0.3537542915575762, 'hidden_continuous_size': 55, 'attention_head_size': 3, 'learning_rate': 0.016130842912345462}. Best is trial 12 with value: 248.5668487548828.
LOCAL_RANK: 0 - CUDA_VISIBLE_DEVICES: [0]
[I 2023-11-29 23:53:37,094] Trial 140 finished with value: 264.5605773925781 and parameters: {'gradient_clip_val': 0.5881121865724712, 'hidden_size': 13, 'dropout': 0.37189140138112114, 'hidden_continuous_size': 11, 'attention_head_size': 4, 'learning_rate': 0.05023024391583598}. Best is trial 12 with value: 248.5668487548828.
LOCAL_RANK: 0 - CUDA_VISIBLE_DEVICES: [0]
[I 2023-11-29 23:53:49,464] Trial 141 finished with value: 337.0548400878906 and parameters: {'gradient_clip_val': 0.5658285703180757, 'hidden_size': 13, 'dropout': 0.3708926305341186, 'hidden_continuous_size': 11, 'attention_head_size': 4, 'learning_rate': 0.049152988812139975}. Best is trial 12 with value: 248.5668487548828.
LOCAL_RANK: 0 - CUDA_VISIBLE_DEVICES: [0]
[I 2023-11-29 23:54:02,159] Trial 142 finished with value: 269.0505065917969 and parameters: {'gradient_clip_val': 0.5869088144034874, 'hidden_size': 22, 'dropout': 0.3857251157623128, 'hidden_continuous_size': 17, 'attention_head_size': 4, 'learning_rate': 0.0437525559979491}. Best is trial 12 with value: 248.5668487548828.
LOCAL_RANK: 0 - CUDA_VISIBLE_DEVICES: [0]
[I 2023-11-29 23:54:14,349] Trial 143 finished with value: 286.354248046875 and parameters: {'gradient_clip_val': 0.539306268131619, 'hidden_size': 16, 'dropout': 0.37812655981445054, 'hidden_continuous_size': 11, 'attention_head_size': 4, 'learning_rate': 0.05169928863982088}. Best is trial 12 with value: 248.5668487548828.
LOCAL_RANK: 0 - CUDA_VISIBLE_DEVICES: [0]
[I 2023-11-29 23:54:26,908] Trial 144 finished with value: 302.5558776855469 and parameters: {'gradient_clip_val': 0.7026705181457447, 'hidden_size': 15, 'dropout': 0.3907777503935049, 'hidden_continuous_size': 13, 'attention_head_size': 4, 'learning_rate': 0.07738294371900903}. Best is trial 12 with value: 248.5668487548828.
LOCAL_RANK: 0 - CUDA_VISIBLE_DEVICES: [0]
[I 2023-11-29 23:54:39,442] Trial 145 finished with value: 471.156494140625 and parameters: {'gradient_clip_val': 0.6168831618297462, 'hidden_size': 12, 'dropout': 0.3997005129855607, 'hidden_continuous_size': 11, 'attention_head_size': 4, 'learning_rate': 0.055757376505252004}. Best is trial 12 with value: 248.5668487548828.
LOCAL_RANK: 0 - CUDA_VISIBLE_DEVICES: [0]
[I 2023-11-29 23:54:51,938] Trial 146 finished with value: 275.3529052734375 and parameters: {'gradient_clip_val': 0.9106404645464262, 'hidden_size': 14, 'dropout': 0.3627545286848813, 'hidden_continuous_size': 12, 'attention_head_size': 4, 'learning_rate': 0.08772012983771937}. Best is trial 12 with value: 248.5668487548828.
LOCAL_RANK: 0 - CUDA_VISIBLE_DEVICES: [0]
[I 2023-11-29 23:55:04,425] Trial 147 finished with value: 302.68902587890625 and parameters: {'gradient_clip_val': 0.6428500890389038, 'hidden_size': 17, 'dropout': 0.34075218158354126, 'hidden_continuous_size': 12, 'attention_head_size': 3, 'learning_rate': 0.0703426758236468}. Best is trial 12 with value: 248.5668487548828.
LOCAL_RANK: 0 - CUDA_VISIBLE_DEVICES: [0]
[I 2023-11-29 23:55:17,177] Trial 148 finished with value: 261.7496643066406 and parameters: {'gradient_clip_val': 0.5051311608698882, 'hidden_size': 19, 'dropout': 0.3721990770729918, 'hidden_continuous_size': 16, 'attention_head_size': 4, 'learning_rate': 0.03926380022940354}. Best is trial 12 with value: 248.5668487548828.
LOCAL_RANK: 0 - CUDA_VISIBLE_DEVICES: [0]
[I 2023-11-29 23:55:29,489] Trial 149 finished with value: 285.9559326171875 and parameters: {'gradient_clip_val': 0.5055378818914179, 'hidden_size': 20, 'dropout': 0.34874212542995126, 'hidden_continuous_size': 16, 'attention_head_size': 2, 'learning_rate': 0.03868998719335765}. Best is trial 12 with value: 248.5668487548828.
[I 2023-11-29 23:55:29,603] A new study created in memory with name: no-name-40d3879b-cf6c-474d-b600-7f70307e9a4d
/home/le004/conda/anaconda3/envs/tsff_env/lib/python3.9/site-packages/lightning/fabric/plugins/environments/slurm.py:191: The `srun` command is available on your system but is not used. HINT: If your intention is to run Lightning on SLURM, prepend your python command with `srun` like so: srun python /home/le004/master_thesis/git/TSFusionForecast/code/ ...
LOCAL_RANK: 0 - CUDA_VISIBLE_DEVICES: [0]
[I 2023-11-29 23:55:40,397] Trial 0 finished with value: 2.42849063873291 and parameters: {'gradient_clip_val': 0.28805183196325973, 'hidden_size': 10, 'dropout': 0.2516331902626964, 'hidden_continuous_size': 10, 'attention_head_size': 3, 'learning_rate': 0.006295282190468994}. Best is trial 0 with value: 2.42849063873291.
LOCAL_RANK: 0 - CUDA_VISIBLE_DEVICES: [0]
[I 2023-11-29 23:55:54,080] Trial 1 finished with value: 0.209825798869133 and parameters: {'gradient_clip_val': 0.41980462306387506, 'hidden_size': 115, 'dropout': 0.27305871508192286, 'hidden_continuous_size': 12, 'attention_head_size': 1, 'learning_rate': 0.01364325935178568}. Best is trial 1 with value: 0.209825798869133.
LOCAL_RANK: 0 - CUDA_VISIBLE_DEVICES: [0]
[I 2023-11-29 23:56:04,406] Trial 2 finished with value: 3.660466432571411 and parameters: {'gradient_clip_val': 0.31931219449922393, 'hidden_size': 12, 'dropout': 0.2965100108214239, 'hidden_continuous_size': 12, 'attention_head_size': 4, 'learning_rate': 0.001536072098274264}. Best is trial 1 with value: 0.209825798869133.
LOCAL_RANK: 0 - CUDA_VISIBLE_DEVICES: [0]
[I 2023-11-29 23:56:17,199] Trial 3 finished with value: 1.2227574586868286 and parameters: {'gradient_clip_val': 0.11141938157319613, 'hidden_size': 31, 'dropout': 0.35715360883624936, 'hidden_continuous_size': 13, 'attention_head_size': 4, 'learning_rate': 0.005043976870677548}. Best is trial 1 with value: 0.209825798869133.
LOCAL_RANK: 0 - CUDA_VISIBLE_DEVICES: [0]
[I 2023-11-29 23:56:27,843] Trial 4 finished with value: 4.035316467285156 and parameters: {'gradient_clip_val': 0.20118020393010888, 'hidden_size': 10, 'dropout': 0.2865198595815306, 'hidden_continuous_size': 10, 'attention_head_size': 4, 'learning_rate': 0.0016926122282232732}. Best is trial 1 with value: 0.209825798869133.
LOCAL_RANK: 0 - CUDA_VISIBLE_DEVICES: [0]
[I 2023-11-29 23:56:40,567] Trial 5 finished with value: 3.7323195934295654 and parameters: {'gradient_clip_val': 0.12338344060583918, 'hidden_size': 27, 'dropout': 0.35137479862978427, 'hidden_continuous_size': 16, 'attention_head_size': 1, 'learning_rate': 0.001200661399971563}. Best is trial 1 with value: 0.209825798869133.
LOCAL_RANK: 0 - CUDA_VISIBLE_DEVICES: [0]
[I 2023-11-29 23:56:54,071] Trial 6 finished with value: 0.4409940242767334 and parameters: {'gradient_clip_val': 0.7849954420314887, 'hidden_size': 62, 'dropout': 0.15534783039987163, 'hidden_continuous_size': 18, 'attention_head_size': 4, 'learning_rate': 0.010874494539870508}. Best is trial 1 with value: 0.209825798869133.
LOCAL_RANK: 0 - CUDA_VISIBLE_DEVICES: [0]
[I 2023-11-29 23:57:07,121] Trial 7 finished with value: 0.365666002035141 and parameters: {'gradient_clip_val': 0.1294677586532529, 'hidden_size': 34, 'dropout': 0.28724064906876823, 'hidden_continuous_size': 26, 'attention_head_size': 3, 'learning_rate': 0.07886948306287064}. Best is trial 1 with value: 0.209825798869133.
LOCAL_RANK: 0 - CUDA_VISIBLE_DEVICES: [0]
[I 2023-11-29 23:57:20,740] Trial 8 finished with value: 0.5092001557350159 and parameters: {'gradient_clip_val': 0.25053928573589923, 'hidden_size': 64, 'dropout': 0.23954332991517194, 'hidden_continuous_size': 24, 'attention_head_size': 4, 'learning_rate': 0.008760420695313197}. Best is trial 1 with value: 0.209825798869133.
LOCAL_RANK: 0 - CUDA_VISIBLE_DEVICES: [0]
[I 2023-11-29 23:57:34,453] Trial 9 finished with value: 0.2832522392272949 and parameters: {'gradient_clip_val': 0.24425174521755041, 'hidden_size': 101, 'dropout': 0.22109584405974458, 'hidden_continuous_size': 11, 'attention_head_size': 1, 'learning_rate': 0.009120467112824064}. Best is trial 1 with value: 0.209825798869133.
LOCAL_RANK: 0 - CUDA_VISIBLE_DEVICES: [0]
[I 2023-11-29 23:57:49,031] Trial 10 finished with value: 0.18013335764408112 and parameters: {'gradient_clip_val': 0.5573436904106379, 'hidden_size': 147, 'dropout': 0.10262492056229261, 'hidden_continuous_size': 53, 'attention_head_size': 2, 'learning_rate': 0.028271456877109427}. Best is trial 10 with value: 0.18013335764408112.
LOCAL_RANK: 0 - CUDA_VISIBLE_DEVICES: [0]
[I 2023-11-29 23:58:03,802] Trial 11 finished with value: 0.33142271637916565 and parameters: {'gradient_clip_val': 0.5419958700901056, 'hidden_size': 150, 'dropout': 0.10787184318147984, 'hidden_continuous_size': 60, 'attention_head_size': 2, 'learning_rate': 0.029448038969775943}. Best is trial 10 with value: 0.18013335764408112.
LOCAL_RANK: 0 - CUDA_VISIBLE_DEVICES: [0]
[I 2023-11-29 23:58:18,196] Trial 12 finished with value: 0.3585226535797119 and parameters: {'gradient_clip_val': 0.49998643342813814, 'hidden_size': 147, 'dropout': 0.17706917025379176, 'hidden_continuous_size': 47, 'attention_head_size': 2, 'learning_rate': 0.024973860734376255}. Best is trial 10 with value: 0.18013335764408112.
LOCAL_RANK: 0 - CUDA_VISIBLE_DEVICES: [0]
[I 2023-11-29 23:58:32,019] Trial 13 finished with value: 0.36331304907798767 and parameters: {'gradient_clip_val': 0.889942896827879, 'hidden_size': 81, 'dropout': 0.10657412311568287, 'hidden_continuous_size': 36, 'attention_head_size': 1, 'learning_rate': 0.02640591875596202}. Best is trial 10 with value: 0.18013335764408112.
LOCAL_RANK: 0 - CUDA_VISIBLE_DEVICES: [0]
[I 2023-11-29 23:58:46,854] Trial 14 finished with value: 0.21532423794269562 and parameters: {'gradient_clip_val': 0.4612309530527651, 'hidden_size': 121, 'dropout': 0.1913477634647842, 'hidden_continuous_size': 99, 'attention_head_size': 2, 'learning_rate': 0.09393691536094187}. Best is trial 10 with value: 0.18013335764408112.
LOCAL_RANK: 0 - CUDA_VISIBLE_DEVICES: [0]
[I 2023-11-29 23:59:00,527] Trial 15 finished with value: 0.27133092284202576 and parameters: {'gradient_clip_val': 0.6790667780177267, 'hidden_size': 93, 'dropout': 0.15870078444639707, 'hidden_continuous_size': 18, 'attention_head_size': 1, 'learning_rate': 0.016898951676616036}. Best is trial 10 with value: 0.18013335764408112.
LOCAL_RANK: 0 - CUDA_VISIBLE_DEVICES: [0]
[I 2023-11-29 23:59:14,739] Trial 16 finished with value: 0.28377285599708557 and parameters: {'gradient_clip_val': 0.40288342215004236, 'hidden_size': 113, 'dropout': 0.38959094511622405, 'hidden_continuous_size': 35, 'attention_head_size': 2, 'learning_rate': 0.04523444596014869}. Best is trial 10 with value: 0.18013335764408112.
LOCAL_RANK: 0 - CUDA_VISIBLE_DEVICES: [0]
[I 2023-11-29 23:59:28,026] Trial 17 finished with value: 0.6660540103912354 and parameters: {'gradient_clip_val': 0.9979285596887397, 'hidden_size': 53, 'dropout': 0.1356098859514977, 'hidden_continuous_size': 14, 'attention_head_size': 3, 'learning_rate': 0.0487864263974241}. Best is trial 10 with value: 0.18013335764408112.
LOCAL_RANK: 0 - CUDA_VISIBLE_DEVICES: [0]
[I 2023-11-29 23:59:41,587] Trial 18 finished with value: 0.3996215760707855 and parameters: {'gradient_clip_val': 0.6172570091578569, 'hidden_size': 80, 'dropout': 0.20295574636915695, 'hidden_continuous_size': 21, 'attention_head_size': 1, 'learning_rate': 0.01722752377351375}. Best is trial 10 with value: 0.18013335764408112.
LOCAL_RANK: 0 - CUDA_VISIBLE_DEVICES: [0]
[I 2023-11-29 23:59:56,346] Trial 19 finished with value: 0.3305343687534332 and parameters: {'gradient_clip_val': 0.39480209760969176, 'hidden_size': 127, 'dropout': 0.21403052817286702, 'hidden_continuous_size': 65, 'attention_head_size': 2, 'learning_rate': 0.04975617489847206}. Best is trial 10 with value: 0.18013335764408112.
LOCAL_RANK: 0 - CUDA_VISIBLE_DEVICES: [0]
[I 2023-11-30 00:00:10,186] Trial 20 finished with value: 0.37545180320739746 and parameters: {'gradient_clip_val': 0.6845517112171629, 'hidden_size': 95, 'dropout': 0.13609970321936435, 'hidden_continuous_size': 29, 'attention_head_size': 1, 'learning_rate': 0.0037698489440732208}. Best is trial 10 with value: 0.18013335764408112.
LOCAL_RANK: 0 - CUDA_VISIBLE_DEVICES: [0]
[I 2023-11-30 00:00:21,155] Trial 21 finished with value: 0.38968661427497864 and parameters: {'gradient_clip_val': 0.48029676006784916, 'hidden_size': 112, 'dropout': 0.19050064409355644, 'hidden_continuous_size': 112, 'attention_head_size': 2, 'learning_rate': 0.07767267346497092}. Best is trial 10 with value: 0.18013335764408112.
LOCAL_RANK: 0 - CUDA_VISIBLE_DEVICES: [0]
[I 2023-11-30 00:00:36,080] Trial 22 finished with value: 0.5116034150123596 and parameters: {'gradient_clip_val': 0.406367862267413, 'hidden_size': 146, 'dropout': 0.10282356079152803, 'hidden_continuous_size': 100, 'attention_head_size': 2, 'learning_rate': 0.08136622131472175}. Best is trial 10 with value: 0.18013335764408112.
LOCAL_RANK: 0 - CUDA_VISIBLE_DEVICES: [0]
[I 2023-11-30 00:00:50,640] Trial 23 finished with value: 0.18219542503356934 and parameters: {'gradient_clip_val': 0.6421324505650675, 'hidden_size': 121, 'dropout': 0.18443290070367224, 'hidden_continuous_size': 85, 'attention_head_size': 3, 'learning_rate': 0.036001482462676614}. Best is trial 10 with value: 0.18013335764408112.
LOCAL_RANK: 0 - CUDA_VISIBLE_DEVICES: [0]
[I 2023-11-30 00:01:05,334] Trial 24 finished with value: 0.3197057545185089 and parameters: {'gradient_clip_val': 0.5809040349594811, 'hidden_size': 120, 'dropout': 0.169761192014099, 'hidden_continuous_size': 82, 'attention_head_size': 3, 'learning_rate': 0.01768514402757079}. Best is trial 10 with value: 0.18013335764408112.
LOCAL_RANK: 0 - CUDA_VISIBLE_DEVICES: [0]
[I 2023-11-30 00:01:19,409] Trial 25 finished with value: 0.21745558083057404 and parameters: {'gradient_clip_val': 0.7289741582367181, 'hidden_size': 79, 'dropout': 0.13701013536601025, 'hidden_continuous_size': 47, 'attention_head_size': 3, 'learning_rate': 0.0354093140873591}. Best is trial 10 with value: 0.18013335764408112.
LOCAL_RANK: 0 - CUDA_VISIBLE_DEVICES: [0]
[I 2023-11-30 00:01:34,586] Trial 26 finished with value: 0.4522150456905365 and parameters: {'gradient_clip_val': 0.6023665490019746, 'hidden_size': 149, 'dropout': 0.24772752041689747, 'hidden_continuous_size': 145, 'attention_head_size': 3, 'learning_rate': 0.021999782231482665}. Best is trial 10 with value: 0.18013335764408112.
LOCAL_RANK: 0 - CUDA_VISIBLE_DEVICES: [0]
[I 2023-11-30 00:01:48,827] Trial 27 finished with value: 0.29933738708496094 and parameters: {'gradient_clip_val': 0.80031731773004, 'hidden_size': 98, 'dropout': 0.17580419147345117, 'hidden_continuous_size': 54, 'attention_head_size': 3, 'learning_rate': 0.03699035891102987}. Best is trial 10 with value: 0.18013335764408112.
LOCAL_RANK: 0 - CUDA_VISIBLE_DEVICES: [0]
[I 2023-11-30 00:02:03,276] Trial 28 finished with value: 0.36479783058166504 and parameters: {'gradient_clip_val': 0.5515892391723844, 'hidden_size': 124, 'dropout': 0.21355445782170404, 'hidden_continuous_size': 68, 'attention_head_size': 2, 'learning_rate': 0.01318573113208342}. Best is trial 10 with value: 0.18013335764408112.
LOCAL_RANK: 0 - CUDA_VISIBLE_DEVICES: [0]
[I 2023-11-30 00:02:16,289] Trial 29 finished with value: 0.4999440014362335 and parameters: {'gradient_clip_val': 0.34946957876412543, 'hidden_size': 46, 'dropout': 0.26784342352700297, 'hidden_continuous_size': 10, 'attention_head_size': 1, 'learning_rate': 0.014418617491183037}. Best is trial 10 with value: 0.18013335764408112.
LOCAL_RANK: 0 - CUDA_VISIBLE_DEVICES: [0]
[I 2023-11-30 00:02:30,148] Trial 30 finished with value: 0.24753624200820923 and parameters: {'gradient_clip_val': 0.4606007547438114, 'hidden_size': 72, 'dropout': 0.230559384355828, 'hidden_continuous_size': 38, 'attention_head_size': 3, 'learning_rate': 0.022432552362527336}. Best is trial 10 with value: 0.18013335764408112.
LOCAL_RANK: 0 - CUDA_VISIBLE_DEVICES: [0]
[I 2023-11-30 00:02:44,791] Trial 31 finished with value: 0.36762574315071106 and parameters: {'gradient_clip_val': 0.4885180619380407, 'hidden_size': 123, 'dropout': 0.19468878925758226, 'hidden_continuous_size': 85, 'attention_head_size': 2, 'learning_rate': 0.0960777464381875}. Best is trial 10 with value: 0.18013335764408112.
LOCAL_RANK: 0 - CUDA_VISIBLE_DEVICES: [0]
[I 2023-11-30 00:02:58,920] Trial 32 finished with value: 0.2857937514781952 and parameters: {'gradient_clip_val': 0.43921865868516236, 'hidden_size': 93, 'dropout': 0.2578296550587694, 'hidden_continuous_size': 53, 'attention_head_size': 2, 'learning_rate': 0.0647394574599456}. Best is trial 10 with value: 0.18013335764408112.
LOCAL_RANK: 0 - CUDA_VISIBLE_DEVICES: [0]
[I 2023-11-30 00:03:13,336] Trial 33 finished with value: 0.22489291429519653 and parameters: {'gradient_clip_val': 0.35770193384539023, 'hidden_size': 111, 'dropout': 0.23334100458878596, 'hidden_continuous_size': 74, 'attention_head_size': 2, 'learning_rate': 0.053952802545363034}. Best is trial 10 with value: 0.18013335764408112.
LOCAL_RANK: 0 - CUDA_VISIBLE_DEVICES: [0]
[I 2023-11-30 00:03:28,098] Trial 34 finished with value: 0.41206300258636475 and parameters: {'gradient_clip_val': 0.6580523440378935, 'hidden_size': 129, 'dropout': 0.19250820335825136, 'hidden_continuous_size': 79, 'attention_head_size': 2, 'learning_rate': 0.03568346086882373}. Best is trial 10 with value: 0.18013335764408112.
LOCAL_RANK: 0 - CUDA_VISIBLE_DEVICES: [0]
[I 2023-11-30 00:03:41,674] Trial 35 finished with value: 0.2380969077348709 and parameters: {'gradient_clip_val': 0.5188965635925021, 'hidden_size': 86, 'dropout': 0.272251736536831, 'hidden_continuous_size': 12, 'attention_head_size': 1, 'learning_rate': 0.09874914860473709}. Best is trial 10 with value: 0.18013335764408112.
LOCAL_RANK: 0 - CUDA_VISIBLE_DEVICES: [0]
[I 2023-11-30 00:03:56,129] Trial 36 finished with value: 0.454122394323349 and parameters: {'gradient_clip_val': 0.5791999954050973, 'hidden_size': 103, 'dropout': 0.30994265579325564, 'hidden_continuous_size': 61, 'attention_head_size': 4, 'learning_rate': 0.057021044925747034}. Best is trial 10 with value: 0.18013335764408112.
LOCAL_RANK: 0 - CUDA_VISIBLE_DEVICES: [0]
[I 2023-11-30 00:04:09,972] Trial 37 finished with value: 0.13887692987918854 and parameters: {'gradient_clip_val': 0.313521469772421, 'hidden_size': 65, 'dropout': 0.20812779910204868, 'hidden_continuous_size': 41, 'attention_head_size': 3, 'learning_rate': 0.032797896453717834}. Best is trial 37 with value: 0.13887692987918854.
LOCAL_RANK: 0 - CUDA_VISIBLE_DEVICES: [0]
[I 2023-11-30 00:04:23,862] Trial 38 finished with value: 0.43506965041160583 and parameters: {'gradient_clip_val': 0.3376672918783296, 'hidden_size': 67, 'dropout': 0.24923040862767223, 'hidden_continuous_size': 42, 'attention_head_size': 3, 'learning_rate': 0.032129595034761343}. Best is trial 37 with value: 0.13887692987918854.
LOCAL_RANK: 0 - CUDA_VISIBLE_DEVICES: [0]
[I 2023-11-30 00:04:37,923] Trial 39 finished with value: 0.23048895597457886 and parameters: {'gradient_clip_val': 0.2801453592787975, 'hidden_size': 73, 'dropout': 0.22414265292685875, 'hidden_continuous_size': 32, 'attention_head_size': 4, 'learning_rate': 0.021457916828751238}. Best is trial 37 with value: 0.13887692987918854.
LOCAL_RANK: 0 - CUDA_VISIBLE_DEVICES: [0]
[I 2023-11-30 00:04:51,622] Trial 40 finished with value: 0.15679742395877838 and parameters: {'gradient_clip_val': 0.2939780516799094, 'hidden_size': 57, 'dropout': 0.3002366866904688, 'hidden_continuous_size': 42, 'attention_head_size': 3, 'learning_rate': 0.03934664510121642}. Best is trial 37 with value: 0.13887692987918854.
LOCAL_RANK: 0 - CUDA_VISIBLE_DEVICES: [0]
[I 2023-11-30 00:05:05,186] Trial 41 finished with value: 0.24845285713672638 and parameters: {'gradient_clip_val': 0.3017805984334017, 'hidden_size': 56, 'dropout': 0.3088731288791362, 'hidden_continuous_size': 41, 'attention_head_size': 3, 'learning_rate': 0.04243366549571765}. Best is trial 37 with value: 0.13887692987918854.
LOCAL_RANK: 0 - CUDA_VISIBLE_DEVICES: [0]
[I 2023-11-30 00:05:18,520] Trial 42 finished with value: 0.18482840061187744 and parameters: {'gradient_clip_val': 0.2890630652591846, 'hidden_size': 42, 'dropout': 0.2854066209380433, 'hidden_continuous_size': 33, 'attention_head_size': 3, 'learning_rate': 0.02768725013516904}. Best is trial 37 with value: 0.13887692987918854.
LOCAL_RANK: 0 - CUDA_VISIBLE_DEVICES: [0]
[I 2023-11-30 00:05:31,881] Trial 43 finished with value: 0.185604527592659 and parameters: {'gradient_clip_val': 0.28215430852458356, 'hidden_size': 43, 'dropout': 0.28546179424688856, 'hidden_continuous_size': 32, 'attention_head_size': 3, 'learning_rate': 0.029751322446944957}. Best is trial 37 with value: 0.13887692987918854.
LOCAL_RANK: 0 - CUDA_VISIBLE_DEVICES: [0]
[I 2023-11-30 00:05:45,105] Trial 44 finished with value: 0.4283686876296997 and parameters: {'gradient_clip_val': 0.21871947350552276, 'hidden_size': 37, 'dropout': 0.23733467986710038, 'hidden_continuous_size': 30, 'attention_head_size': 3, 'learning_rate': 0.040895408337721664}. Best is trial 37 with value: 0.13887692987918854.
LOCAL_RANK: 0 - CUDA_VISIBLE_DEVICES: [0]
[I 2023-11-30 00:05:58,122] Trial 45 finished with value: 0.35305091738700867 and parameters: {'gradient_clip_val': 0.3156811989659495, 'hidden_size': 29, 'dropout': 0.2586328505057073, 'hidden_continuous_size': 25, 'attention_head_size': 3, 'learning_rate': 0.028462915350233008}. Best is trial 37 with value: 0.13887692987918854.
LOCAL_RANK: 0 - CUDA_VISIBLE_DEVICES: [0]
