[I 2023-11-30 01:39:07,157] Trial 1 finished with value: 0.8773910403251648 and parameters: {'gradient_clip_val': 0.24628017241125683, 'hidden_size': 26, 'dropout': 0.32972541407993405, 'hidden_continuous_size': 12, 'attention_head_size': 3, 'learning_rate': 0.006869349177371508}. Best is trial 1 with value: 0.8773910403251648.
LOCAL_RANK: 0 - CUDA_VISIBLE_DEVICES: [0]
[I 2023-11-30 01:39:19,338] Trial 2 finished with value: 0.31907254457473755 and parameters: {'gradient_clip_val': 0.17034200146782766, 'hidden_size': 12, 'dropout': 0.1485295473615375, 'hidden_continuous_size': 10, 'attention_head_size': 2, 'learning_rate': 0.07269140367212042}. Best is trial 2 with value: 0.31907254457473755.
LOCAL_RANK: 0 - CUDA_VISIBLE_DEVICES: [0]
[I 2023-11-30 01:39:32,174] Trial 3 finished with value: 1.8291664123535156 and parameters: {'gradient_clip_val': 0.6648996017175862, 'hidden_size': 32, 'dropout': 0.2822754278470909, 'hidden_continuous_size': 24, 'attention_head_size': 2, 'learning_rate': 0.001739106616199022}. Best is trial 2 with value: 0.31907254457473755.
LOCAL_RANK: 0 - CUDA_VISIBLE_DEVICES: [0]
[I 2023-11-30 01:39:45,147] Trial 4 finished with value: 1.8369407653808594 and parameters: {'gradient_clip_val': 0.29064578397694185, 'hidden_size': 33, 'dropout': 0.28924355485555353, 'hidden_continuous_size': 15, 'attention_head_size': 3, 'learning_rate': 0.0010832654616358577}. Best is trial 2 with value: 0.31907254457473755.
LOCAL_RANK: 0 - CUDA_VISIBLE_DEVICES: [0]
[I 2023-11-30 01:39:58,161] Trial 5 finished with value: 2.457721471786499 and parameters: {'gradient_clip_val': 0.10931101468481019, 'hidden_size': 31, 'dropout': 0.3687819473216142, 'hidden_continuous_size': 24, 'attention_head_size': 3, 'learning_rate': 0.001879484441331466}. Best is trial 2 with value: 0.31907254457473755.
LOCAL_RANK: 0 - CUDA_VISIBLE_DEVICES: [0]
[I 2023-11-30 01:40:10,640] Trial 6 finished with value: 0.9525854587554932 and parameters: {'gradient_clip_val': 0.6319343792502069, 'hidden_size': 18, 'dropout': 0.284171849409986, 'hidden_continuous_size': 16, 'attention_head_size': 2, 'learning_rate': 0.015658139741738155}. Best is trial 2 with value: 0.31907254457473755.
LOCAL_RANK: 0 - CUDA_VISIBLE_DEVICES: [0]
[I 2023-11-30 01:40:20,949] Trial 7 finished with value: 1.8780437707901 and parameters: {'gradient_clip_val': 0.14133135522268012, 'hidden_size': 10, 'dropout': 0.30581973265772816, 'hidden_continuous_size': 10, 'attention_head_size': 1, 'learning_rate': 0.0038189955938148197}. Best is trial 2 with value: 0.31907254457473755.
LOCAL_RANK: 0 - CUDA_VISIBLE_DEVICES: [0]
[I 2023-11-30 01:40:33,806] Trial 8 finished with value: 1.7511183023452759 and parameters: {'gradient_clip_val': 0.2962793700239389, 'hidden_size': 14, 'dropout': 0.34367499568569054, 'hidden_continuous_size': 11, 'attention_head_size': 4, 'learning_rate': 0.005229846711084052}. Best is trial 2 with value: 0.31907254457473755.
LOCAL_RANK: 0 - CUDA_VISIBLE_DEVICES: [0]
[I 2023-11-30 01:40:46,157] Trial 9 finished with value: 0.3548184931278229 and parameters: {'gradient_clip_val': 0.2297473957000048, 'hidden_size': 15, 'dropout': 0.24272413832898998, 'hidden_continuous_size': 10, 'attention_head_size': 2, 'learning_rate': 0.037222433081086324}. Best is trial 2 with value: 0.31907254457473755.
LOCAL_RANK: 0 - CUDA_VISIBLE_DEVICES: [0]
[I 2023-11-30 01:40:59,813] Trial 10 finished with value: 0.20463748276233673 and parameters: {'gradient_clip_val': 0.44479433120448697, 'hidden_size': 60, 'dropout': 0.12952820234895904, 'hidden_continuous_size': 41, 'attention_head_size': 1, 'learning_rate': 0.09969423531325657}. Best is trial 10 with value: 0.20463748276233673.
LOCAL_RANK: 0 - CUDA_VISIBLE_DEVICES: [0]
[I 2023-11-30 01:41:13,600] Trial 11 finished with value: 0.22469143569469452 and parameters: {'gradient_clip_val': 0.46713018245693716, 'hidden_size': 68, 'dropout': 0.11749497555779431, 'hidden_continuous_size': 52, 'attention_head_size': 1, 'learning_rate': 0.0951993183747913}. Best is trial 10 with value: 0.20463748276233673.
LOCAL_RANK: 0 - CUDA_VISIBLE_DEVICES: [0]
[I 2023-11-30 01:41:27,508] Trial 12 finished with value: 0.19533191621303558 and parameters: {'gradient_clip_val': 0.43292771248103573, 'hidden_size': 70, 'dropout': 0.10062901879113637, 'hidden_continuous_size': 55, 'attention_head_size': 1, 'learning_rate': 0.07622742601214648}. Best is trial 12 with value: 0.19533191621303558.
LOCAL_RANK: 0 - CUDA_VISIBLE_DEVICES: [0]
[I 2023-11-30 01:41:41,503] Trial 13 finished with value: 0.1501401662826538 and parameters: {'gradient_clip_val': 0.9963946553518319, 'hidden_size': 70, 'dropout': 0.10073245049215285, 'hidden_continuous_size': 56, 'attention_head_size': 1, 'learning_rate': 0.045042491412036145}. Best is trial 13 with value: 0.1501401662826538.
LOCAL_RANK: 0 - CUDA_VISIBLE_DEVICES: [0]
[I 2023-11-30 01:41:55,848] Trial 14 finished with value: 0.18265801668167114 and parameters: {'gradient_clip_val': 0.9914568727491392, 'hidden_size': 120, 'dropout': 0.10161316853779609, 'hidden_continuous_size': 90, 'attention_head_size': 1, 'learning_rate': 0.034573752374598365}. Best is trial 13 with value: 0.1501401662826538.
LOCAL_RANK: 0 - CUDA_VISIBLE_DEVICES: [0]
[I 2023-11-30 01:42:10,653] Trial 15 finished with value: 0.19186927378177643 and parameters: {'gradient_clip_val': 0.8876533008104066, 'hidden_size': 146, 'dropout': 0.1716805637528967, 'hidden_continuous_size': 96, 'attention_head_size': 1, 'learning_rate': 0.02374335064102916}. Best is trial 13 with value: 0.1501401662826538.
LOCAL_RANK: 0 - CUDA_VISIBLE_DEVICES: [0]
[I 2023-11-30 01:42:25,417] Trial 16 finished with value: 0.23872773349285126 and parameters: {'gradient_clip_val': 0.9751069672003486, 'hidden_size': 131, 'dropout': 0.18350563756208538, 'hidden_continuous_size': 85, 'attention_head_size': 4, 'learning_rate': 0.040384880078048246}. Best is trial 13 with value: 0.1501401662826538.
LOCAL_RANK: 0 - CUDA_VISIBLE_DEVICES: [0]
[I 2023-11-30 01:42:39,656] Trial 17 finished with value: 0.1586087942123413 and parameters: {'gradient_clip_val': 0.9581215625626012, 'hidden_size': 104, 'dropout': 0.20173914166655865, 'hidden_continuous_size': 75, 'attention_head_size': 1, 'learning_rate': 0.011570787997983384}. Best is trial 13 with value: 0.1501401662826538.
LOCAL_RANK: 0 - CUDA_VISIBLE_DEVICES: [0]
[I 2023-11-30 01:42:54,018] Trial 18 finished with value: 0.17089159786701202 and parameters: {'gradient_clip_val': 0.7227222486766861, 'hidden_size': 89, 'dropout': 0.22135823182923653, 'hidden_continuous_size': 69, 'attention_head_size': 1, 'learning_rate': 0.012262966996576743}. Best is trial 13 with value: 0.1501401662826538.
LOCAL_RANK: 0 - CUDA_VISIBLE_DEVICES: [0]
[I 2023-11-30 01:43:07,138] Trial 19 finished with value: 0.28254762291908264 and parameters: {'gradient_clip_val': 0.8028995835759064, 'hidden_size': 48, 'dropout': 0.21892890333855003, 'hidden_continuous_size': 32, 'attention_head_size': 2, 'learning_rate': 0.019637845807255843}. Best is trial 13 with value: 0.1501401662826538.
LOCAL_RANK: 0 - CUDA_VISIBLE_DEVICES: [0]
[I 2023-11-30 01:43:21,492] Trial 20 finished with value: 0.13990935683250427 and parameters: {'gradient_clip_val': 0.5910610031484016, 'hidden_size': 97, 'dropout': 0.16094509749943503, 'hidden_continuous_size': 70, 'attention_head_size': 1, 'learning_rate': 0.010022860514098652}. Best is trial 20 with value: 0.13990935683250427.
LOCAL_RANK: 0 - CUDA_VISIBLE_DEVICES: [0]
[I 2023-11-30 01:43:35,784] Trial 21 finished with value: 0.25135353207588196 and parameters: {'gradient_clip_val': 0.5938001881407435, 'hidden_size': 94, 'dropout': 0.1521888785685528, 'hidden_continuous_size': 68, 'attention_head_size': 1, 'learning_rate': 0.008679481335557609}. Best is trial 20 with value: 0.13990935683250427.
LOCAL_RANK: 0 - CUDA_VISIBLE_DEVICES: [0]
[I 2023-11-30 01:43:50,021] Trial 22 finished with value: 0.22206799685955048 and parameters: {'gradient_clip_val': 0.834152346875242, 'hidden_size': 94, 'dropout': 0.18867871649368056, 'hidden_continuous_size': 73, 'attention_head_size': 1, 'learning_rate': 0.011009640343301735}. Best is trial 20 with value: 0.13990935683250427.
LOCAL_RANK: 0 - CUDA_VISIBLE_DEVICES: [0]
[I 2023-11-30 01:44:03,558] Trial 23 finished with value: 0.18477024137973785 and parameters: {'gradient_clip_val': 0.9864789902804075, 'hidden_size': 49, 'dropout': 0.13930579847271665, 'hidden_continuous_size': 41, 'attention_head_size': 1, 'learning_rate': 0.014651441614464382}. Best is trial 20 with value: 0.13990935683250427.
LOCAL_RANK: 0 - CUDA_VISIBLE_DEVICES: [0]
[I 2023-11-30 01:44:18,303] Trial 24 finished with value: 0.1264258623123169 and parameters: {'gradient_clip_val': 0.7661481484026594, 'hidden_size': 111, 'dropout': 0.16970721327327393, 'hidden_continuous_size': 101, 'attention_head_size': 2, 'learning_rate': 0.008234599393749546}. Best is trial 24 with value: 0.1264258623123169.
LOCAL_RANK: 0 - CUDA_VISIBLE_DEVICES: [0]
[I 2023-11-30 01:44:33,020] Trial 25 finished with value: 0.17598693072795868 and parameters: {'gradient_clip_val': 0.5638453332842251, 'hidden_size': 121, 'dropout': 0.15956757343051828, 'hidden_continuous_size': 117, 'attention_head_size': 2, 'learning_rate': 0.003834493926451947}. Best is trial 24 with value: 0.1264258623123169.
LOCAL_RANK: 0 - CUDA_VISIBLE_DEVICES: [0]
[I 2023-11-30 01:44:47,195] Trial 26 finished with value: 0.21438533067703247 and parameters: {'gradient_clip_val': 0.7513103846635037, 'hidden_size': 78, 'dropout': 0.12200671715781702, 'hidden_continuous_size': 58, 'attention_head_size': 3, 'learning_rate': 0.007299079096224483}. Best is trial 24 with value: 0.1264258623123169.
LOCAL_RANK: 0 - CUDA_VISIBLE_DEVICES: [0]
[I 2023-11-30 01:45:01,900] Trial 27 finished with value: 0.13458168506622314 and parameters: {'gradient_clip_val': 0.7556935126040636, 'hidden_size': 109, 'dropout': 0.15805726789693786, 'hidden_continuous_size': 108, 'attention_head_size': 2, 'learning_rate': 0.022925604301570746}. Best is trial 24 with value: 0.1264258623123169.
LOCAL_RANK: 0 - CUDA_VISIBLE_DEVICES: [0]
[I 2023-11-30 01:45:16,962] Trial 28 finished with value: 0.21349962055683136 and parameters: {'gradient_clip_val': 0.5191371179512758, 'hidden_size': 141, 'dropout': 0.1679611854724029, 'hidden_continuous_size': 134, 'attention_head_size': 2, 'learning_rate': 0.022572984758696474}. Best is trial 24 with value: 0.1264258623123169.
LOCAL_RANK: 0 - CUDA_VISIBLE_DEVICES: [0]
[I 2023-11-30 01:45:31,527] Trial 29 finished with value: 0.207105353474617 and parameters: {'gradient_clip_val': 0.6780624793776886, 'hidden_size': 109, 'dropout': 0.19439145759143844, 'hidden_continuous_size': 91, 'attention_head_size': 2, 'learning_rate': 0.009979023337936287}. Best is trial 24 with value: 0.1264258623123169.
LOCAL_RANK: 0 - CUDA_VISIBLE_DEVICES: [0]
[I 2023-11-30 01:45:45,536] Trial 30 finished with value: 0.10570571571588516 and parameters: {'gradient_clip_val': 0.3888997585982352, 'hidden_size': 84, 'dropout': 0.14324015970602139, 'hidden_continuous_size': 61, 'attention_head_size': 3, 'learning_rate': 0.01813257225647132}. Best is trial 30 with value: 0.10570571571588516.
LOCAL_RANK: 0 - CUDA_VISIBLE_DEVICES: [0]
[I 2023-11-30 01:45:59,970] Trial 31 finished with value: 0.14572519063949585 and parameters: {'gradient_clip_val': 0.39420965432183946, 'hidden_size': 109, 'dropout': 0.14220537058470722, 'hidden_continuous_size': 81, 'attention_head_size': 3, 'learning_rate': 0.01625770837748785}. Best is trial 30 with value: 0.10570571571588516.
LOCAL_RANK: 0 - CUDA_VISIBLE_DEVICES: [0]
[I 2023-11-30 01:46:14,130] Trial 32 finished with value: 0.25774943828582764 and parameters: {'gradient_clip_val': 0.5561442641454687, 'hidden_size': 84, 'dropout': 0.1654690943489542, 'hidden_continuous_size': 65, 'attention_head_size': 3, 'learning_rate': 0.028769944380476954}. Best is trial 30 with value: 0.10570571571588516.
LOCAL_RANK: 0 - CUDA_VISIBLE_DEVICES: [0]
[I 2023-11-30 01:46:29,153] Trial 33 finished with value: 0.11748061329126358 and parameters: {'gradient_clip_val': 0.7650810729879844, 'hidden_size': 145, 'dropout': 0.1458337434721299, 'hidden_continuous_size': 110, 'attention_head_size': 3, 'learning_rate': 0.018968124842199386}. Best is trial 30 with value: 0.10570571571588516.
LOCAL_RANK: 0 - CUDA_VISIBLE_DEVICES: [0]
[I 2023-11-30 01:46:44,283] Trial 34 finished with value: 0.20744116604328156 and parameters: {'gradient_clip_val': 0.7292043613009158, 'hidden_size': 146, 'dropout': 0.13992391296302195, 'hidden_continuous_size': 113, 'attention_head_size': 3, 'learning_rate': 0.02009234087380802}. Best is trial 30 with value: 0.10570571571588516.
LOCAL_RANK: 0 - CUDA_VISIBLE_DEVICES: [0]
[I 2023-11-30 01:46:59,045] Trial 35 finished with value: 0.15822674334049225 and parameters: {'gradient_clip_val': 0.8461491753142881, 'hidden_size': 118, 'dropout': 0.1798323298139776, 'hidden_continuous_size': 98, 'attention_head_size': 4, 'learning_rate': 0.015394638274827045}. Best is trial 30 with value: 0.10570571571588516.
LOCAL_RANK: 0 - CUDA_VISIBLE_DEVICES: [0]
[I 2023-11-30 01:47:13,857] Trial 36 finished with value: 0.4201763868331909 and parameters: {'gradient_clip_val': 0.6920164558925213, 'hidden_size': 123, 'dropout': 0.12517375847381024, 'hidden_continuous_size': 106, 'attention_head_size': 3, 'learning_rate': 0.025071513701058527}. Best is trial 30 with value: 0.10570571571588516.
LOCAL_RANK: 0 - CUDA_VISIBLE_DEVICES: [0]
[I 2023-11-30 01:47:28,388] Trial 37 finished with value: 0.16829414665699005 and parameters: {'gradient_clip_val': 0.5115861469061392, 'hidden_size': 106, 'dropout': 0.1507625183898255, 'hidden_continuous_size': 83, 'attention_head_size': 3, 'learning_rate': 0.05227350499074787}. Best is trial 30 with value: 0.10570571571588516.
LOCAL_RANK: 0 - CUDA_VISIBLE_DEVICES: [0]
[I 2023-11-30 01:47:43,393] Trial 38 finished with value: 0.1677088588476181 and parameters: {'gradient_clip_val': 0.6494286168989643, 'hidden_size': 144, 'dropout': 0.20662170326214935, 'hidden_continuous_size': 142, 'attention_head_size': 2, 'learning_rate': 0.029183512192205253}. Best is trial 30 with value: 0.10570571571588516.
LOCAL_RANK: 0 - CUDA_VISIBLE_DEVICES: [0]
[I 2023-11-30 01:47:58,333] Trial 39 finished with value: 0.28842398524284363 and parameters: {'gradient_clip_val': 0.35054551504638753, 'hidden_size': 126, 'dropout': 0.17412531196120107, 'hidden_continuous_size': 107, 'attention_head_size': 2, 'learning_rate': 0.01894599055283338}. Best is trial 30 with value: 0.10570571571588516.
LOCAL_RANK: 0 - CUDA_VISIBLE_DEVICES: [0]
[I 2023-11-30 01:48:12,760] Trial 40 finished with value: 0.1353713423013687 and parameters: {'gradient_clip_val': 0.6265639297783914, 'hidden_size': 85, 'dropout': 0.15115158867761577, 'hidden_continuous_size': 77, 'attention_head_size': 3, 'learning_rate': 0.012961043969582793}. Best is trial 30 with value: 0.10570571571588516.
LOCAL_RANK: 0 - CUDA_VISIBLE_DEVICES: [0]
[I 2023-11-30 01:48:27,009] Trial 41 finished with value: 0.18281851708889008 and parameters: {'gradient_clip_val': 0.7867682765358508, 'hidden_size': 85, 'dropout': 0.1533022871730987, 'hidden_continuous_size': 75, 'attention_head_size': 3, 'learning_rate': 0.014123152829701226}. Best is trial 30 with value: 0.10570571571588516.
LOCAL_RANK: 0 - CUDA_VISIBLE_DEVICES: [0]
[I 2023-11-30 01:48:41,657] Trial 42 finished with value: 0.1333952248096466 and parameters: {'gradient_clip_val': 0.6352005818410741, 'hidden_size': 101, 'dropout': 0.13683384103197735, 'hidden_continuous_size': 80, 'attention_head_size': 3, 'learning_rate': 0.008325781514165204}. Best is trial 30 with value: 0.10570571571588516.
LOCAL_RANK: 0 - CUDA_VISIBLE_DEVICES: [0]
[I 2023-11-30 01:48:56,218] Trial 43 finished with value: 0.14798295497894287 and parameters: {'gradient_clip_val': 0.7420531191832219, 'hidden_size': 103, 'dropout': 0.13272006061455008, 'hidden_continuous_size': 86, 'attention_head_size': 3, 'learning_rate': 0.006518082752722734}. Best is trial 30 with value: 0.10570571571588516.
LOCAL_RANK: 0 - CUDA_VISIBLE_DEVICES: [0]
[I 2023-11-30 01:49:11,289] Trial 44 finished with value: 0.1288880854845047 and parameters: {'gradient_clip_val': 0.6500702751083139, 'hidden_size': 132, 'dropout': 0.11629843384980057, 'hidden_continuous_size': 121, 'attention_head_size': 4, 'learning_rate': 0.00889407143074489}. Best is trial 30 with value: 0.10570571571588516.
LOCAL_RANK: 0 - CUDA_VISIBLE_DEVICES: [0]
[I 2023-11-30 01:49:26,029] Trial 45 finished with value: 0.2319732904434204 and parameters: {'gradient_clip_val': 0.5082167672926377, 'hidden_size': 132, 'dropout': 0.1211750847840898, 'hidden_continuous_size': 120, 'attention_head_size': 4, 'learning_rate': 0.007735201041035892}. Best is trial 30 with value: 0.10570571571588516.
LOCAL_RANK: 0 - CUDA_VISIBLE_DEVICES: [0]
[I 2023-11-30 01:49:41,390] Trial 46 finished with value: 0.12999677658081055 and parameters: {'gradient_clip_val': 0.6502357758875796, 'hidden_size': 150, 'dropout': 0.1109092411431541, 'hidden_continuous_size': 138, 'attention_head_size': 4, 'learning_rate': 0.005538649417881659}. Best is trial 30 with value: 0.10570571571588516.
LOCAL_RANK: 0 - CUDA_VISIBLE_DEVICES: [0]
[I 2023-11-30 01:49:56,671] Trial 47 finished with value: 0.4807363450527191 and parameters: {'gradient_clip_val': 0.4740074657419765, 'hidden_size': 150, 'dropout': 0.11167529246344254, 'hidden_continuous_size': 143, 'attention_head_size': 4, 'learning_rate': 0.005697127026108991}. Best is trial 30 with value: 0.10570571571588516.
LOCAL_RANK: 0 - CUDA_VISIBLE_DEVICES: [0]
[I 2023-11-30 01:50:11,540] Trial 48 finished with value: 0.231559157371521 and parameters: {'gradient_clip_val': 0.8733285305693462, 'hidden_size': 129, 'dropout': 0.1104440430913674, 'hidden_continuous_size': 97, 'attention_head_size': 4, 'learning_rate': 0.004770768500876934}. Best is trial 30 with value: 0.10570571571588516.
LOCAL_RANK: 0 - CUDA_VISIBLE_DEVICES: [0]
[I 2023-11-30 01:50:26,871] Trial 49 finished with value: 0.21434734761714935 and parameters: {'gradient_clip_val': 0.6676702663613974, 'hidden_size': 150, 'dropout': 0.12833697156463583, 'hidden_continuous_size': 127, 'attention_head_size': 4, 'learning_rate': 0.009232991415753442}. Best is trial 30 with value: 0.10570571571588516.
LOCAL_RANK: 0 - CUDA_VISIBLE_DEVICES: [0]
[I 2023-11-30 01:50:41,761] Trial 50 finished with value: 0.21658141911029816 and parameters: {'gradient_clip_val': 0.4044691314758121, 'hidden_size': 119, 'dropout': 0.11498723474669807, 'hidden_continuous_size': 103, 'attention_head_size': 4, 'learning_rate': 0.0065073647336953795}. Best is trial 30 with value: 0.10570571571588516.
LOCAL_RANK: 0 - CUDA_VISIBLE_DEVICES: [0]
[I 2023-11-30 01:50:56,321] Trial 51 finished with value: 0.1828942447900772 and parameters: {'gradient_clip_val': 0.630365069015277, 'hidden_size': 98, 'dropout': 0.13681590863547738, 'hidden_continuous_size': 88, 'attention_head_size': 4, 'learning_rate': 0.008454085335160101}. Best is trial 30 with value: 0.10570571571588516.
LOCAL_RANK: 0 - CUDA_VISIBLE_DEVICES: [0]
[I 2023-11-30 01:51:11,043] Trial 52 finished with value: 0.10547497123479843 and parameters: {'gradient_clip_val': 0.601922068993096, 'hidden_size': 111, 'dropout': 0.13216545565356438, 'hidden_continuous_size': 98, 'attention_head_size': 3, 'learning_rate': 0.01118908952836604}. Best is trial 52 with value: 0.10547497123479843.
LOCAL_RANK: 0 - CUDA_VISIBLE_DEVICES: [0]
[I 2023-11-30 01:51:25,869] Trial 53 finished with value: 0.1558821052312851 and parameters: {'gradient_clip_val': 0.5519140905002411, 'hidden_size': 129, 'dropout': 0.10027256962194805, 'hidden_continuous_size': 119, 'attention_head_size': 4, 'learning_rate': 0.010628386396608378}. Best is trial 52 with value: 0.10547497123479843.
LOCAL_RANK: 0 - CUDA_VISIBLE_DEVICES: [0]
[I 2023-11-30 01:51:40,718] Trial 54 finished with value: 0.2546682357788086 and parameters: {'gradient_clip_val': 0.8146331317081857, 'hidden_size': 114, 'dropout': 0.12501463574378416, 'hidden_continuous_size': 98, 'attention_head_size': 3, 'learning_rate': 0.011635870266465422}. Best is trial 52 with value: 0.10547497123479843.
LOCAL_RANK: 0 - CUDA_VISIBLE_DEVICES: [0]
[I 2023-11-30 01:51:55,633] Trial 55 finished with value: 0.1440465897321701 and parameters: {'gradient_clip_val': 0.6955363952101556, 'hidden_size': 134, 'dropout': 0.11121353426300996, 'hidden_continuous_size': 123, 'attention_head_size': 3, 'learning_rate': 0.016851252007910256}. Best is trial 52 with value: 0.10547497123479843.
LOCAL_RANK: 0 - CUDA_VISIBLE_DEVICES: [0]
[I 2023-11-30 01:52:10,066] Trial 56 finished with value: 0.2538504898548126 and parameters: {'gradient_clip_val': 0.8892869549833304, 'hidden_size': 79, 'dropout': 0.14688310943160587, 'hidden_continuous_size': 73, 'attention_head_size': 4, 'learning_rate': 0.012951552303870996}. Best is trial 52 with value: 0.10547497123479843.
LOCAL_RANK: 0 - CUDA_VISIBLE_DEVICES: [0]
[I 2023-11-30 01:52:24,870] Trial 57 finished with value: 0.15299467742443085 and parameters: {'gradient_clip_val': 0.5915107413277046, 'hidden_size': 133, 'dropout': 0.17772703141890367, 'hidden_continuous_size': 112, 'attention_head_size': 3, 'learning_rate': 0.004493884748488414}. Best is trial 52 with value: 0.10547497123479843.
LOCAL_RANK: 0 - CUDA_VISIBLE_DEVICES: [0]
[I 2023-11-30 01:52:39,498] Trial 58 finished with value: 0.22939841449260712 and parameters: {'gradient_clip_val': 0.4770152620213071, 'hidden_size': 117, 'dropout': 0.1321203129584815, 'hidden_continuous_size': 93, 'attention_head_size': 4, 'learning_rate': 0.005845637940597831}. Best is trial 52 with value: 0.10547497123479843.
LOCAL_RANK: 0 - CUDA_VISIBLE_DEVICES: [0]
