[I 2023-11-30 15:11:27,412] Trial 74 finished with value: 0.19292192161083221 and parameters: {'gradient_clip_val': 0.914066674915488, 'hidden_size': 114, 'dropout': 0.3009761656380134, 'hidden_continuous_size': 54, 'attention_head_size': 4, 'learning_rate': 0.045243622553343354}. Best is trial 41 with value: 0.1161491870880127.
LOCAL_RANK: 0 - CUDA_VISIBLE_DEVICES: [0]
[I 2023-11-30 15:11:41,707] Trial 75 finished with value: 0.2743152379989624 and parameters: {'gradient_clip_val': 0.9545382482127626, 'hidden_size': 98, 'dropout': 0.3209880912057036, 'hidden_continuous_size': 64, 'attention_head_size': 2, 'learning_rate': 0.05900379522565298}. Best is trial 41 with value: 0.1161491870880127.
LOCAL_RANK: 0 - CUDA_VISIBLE_DEVICES: [0]
[I 2023-11-30 15:11:56,039] Trial 76 finished with value: 0.2433013767004013 and parameters: {'gradient_clip_val': 0.6214077499612567, 'hidden_size': 84, 'dropout': 0.3131302911303849, 'hidden_continuous_size': 66, 'attention_head_size': 3, 'learning_rate': 0.031766044856602386}. Best is trial 41 with value: 0.1161491870880127.
LOCAL_RANK: 0 - CUDA_VISIBLE_DEVICES: [0]
[I 2023-11-30 15:12:10,274] Trial 77 finished with value: 0.17976510524749756 and parameters: {'gradient_clip_val': 0.8277368636272844, 'hidden_size': 70, 'dropout': 0.29134730702369765, 'hidden_continuous_size': 64, 'attention_head_size': 3, 'learning_rate': 0.037773273096704134}. Best is trial 41 with value: 0.1161491870880127.
LOCAL_RANK: 0 - CUDA_VISIBLE_DEVICES: [0]
[I 2023-11-30 15:12:24,565] Trial 78 finished with value: 0.19929683208465576 and parameters: {'gradient_clip_val': 0.7323835622433463, 'hidden_size': 129, 'dropout': 0.3547777253225981, 'hidden_continuous_size': 41, 'attention_head_size': 2, 'learning_rate': 0.0732233609385519}. Best is trial 41 with value: 0.1161491870880127.
LOCAL_RANK: 0 - CUDA_VISIBLE_DEVICES: [0]
[I 2023-11-30 15:12:39,002] Trial 79 finished with value: 0.2112773209810257 and parameters: {'gradient_clip_val': 0.6654785495204216, 'hidden_size': 91, 'dropout': 0.3605202625852612, 'hidden_continuous_size': 76, 'attention_head_size': 4, 'learning_rate': 0.06337420806684249}. Best is trial 41 with value: 0.1161491870880127.
LOCAL_RANK: 0 - CUDA_VISIBLE_DEVICES: [0]
[I 2023-11-30 15:12:53,370] Trial 80 finished with value: 0.29301023483276367 and parameters: {'gradient_clip_val': 0.5825351030547953, 'hidden_size': 101, 'dropout': 0.3458403846201347, 'hidden_continuous_size': 87, 'attention_head_size': 3, 'learning_rate': 0.08913710012365628}. Best is trial 41 with value: 0.1161491870880127.
LOCAL_RANK: 0 - CUDA_VISIBLE_DEVICES: [0]
[I 2023-11-30 15:13:08,178] Trial 81 finished with value: 0.26442039012908936 and parameters: {'gradient_clip_val': 0.9734927458749567, 'hidden_size': 144, 'dropout': 0.31741300072292383, 'hidden_continuous_size': 101, 'attention_head_size': 2, 'learning_rate': 0.053865672910820867}. Best is trial 41 with value: 0.1161491870880127.
LOCAL_RANK: 0 - CUDA_VISIBLE_DEVICES: [0]
[I 2023-11-30 15:13:23,298] Trial 82 finished with value: 0.21358342468738556 and parameters: {'gradient_clip_val': 0.8636231311039004, 'hidden_size': 139, 'dropout': 0.33741691538383495, 'hidden_continuous_size': 115, 'attention_head_size': 2, 'learning_rate': 0.03493333227835898}. Best is trial 41 with value: 0.1161491870880127.
LOCAL_RANK: 0 - CUDA_VISIBLE_DEVICES: [0]
[I 2023-11-30 15:13:37,841] Trial 83 finished with value: 0.2923692464828491 and parameters: {'gradient_clip_val': 0.9947870757224716, 'hidden_size': 114, 'dropout': 0.2964641399777302, 'hidden_continuous_size': 93, 'attention_head_size': 2, 'learning_rate': 0.027676966951248584}. Best is trial 41 with value: 0.1161491870880127.
LOCAL_RANK: 0 - CUDA_VISIBLE_DEVICES: [0]
[I 2023-11-30 15:13:52,502] Trial 84 finished with value: 0.16506625711917877 and parameters: {'gradient_clip_val': 0.7724654312734263, 'hidden_size': 125, 'dropout': 0.3226708056688834, 'hidden_continuous_size': 105, 'attention_head_size': 2, 'learning_rate': 0.042983448239738625}. Best is trial 41 with value: 0.1161491870880127.
LOCAL_RANK: 0 - CUDA_VISIBLE_DEVICES: [0]
[I 2023-11-30 15:14:07,044] Trial 85 finished with value: 0.3368260860443115 and parameters: {'gradient_clip_val': 0.7773457277847583, 'hidden_size': 105, 'dropout': 0.3007409383832067, 'hidden_continuous_size': 92, 'attention_head_size': 2, 'learning_rate': 0.044685307774995915}. Best is trial 41 with value: 0.1161491870880127.
LOCAL_RANK: 0 - CUDA_VISIBLE_DEVICES: [0]
[I 2023-11-30 15:14:21,232] Trial 86 finished with value: 0.18005545437335968 and parameters: {'gradient_clip_val': 0.6868567050048167, 'hidden_size': 80, 'dropout': 0.3753022403927768, 'hidden_continuous_size': 73, 'attention_head_size': 2, 'learning_rate': 0.06621421244528088}. Best is trial 41 with value: 0.1161491870880127.
LOCAL_RANK: 0 - CUDA_VISIBLE_DEVICES: [0]
[I 2023-11-30 15:14:35,785] Trial 87 finished with value: 0.18662579357624054 and parameters: {'gradient_clip_val': 0.7283956132406805, 'hidden_size': 91, 'dropout': 0.3273266669382391, 'hidden_continuous_size': 83, 'attention_head_size': 3, 'learning_rate': 0.04993005216134373}. Best is trial 41 with value: 0.1161491870880127.
LOCAL_RANK: 0 - CUDA_VISIBLE_DEVICES: [0]
[I 2023-11-30 15:14:50,142] Trial 88 finished with value: 0.23581521213054657 and parameters: {'gradient_clip_val': 0.8685168567420886, 'hidden_size': 75, 'dropout': 0.285147999796155, 'hidden_continuous_size': 69, 'attention_head_size': 4, 'learning_rate': 0.07383307059122948}. Best is trial 41 with value: 0.1161491870880127.
LOCAL_RANK: 0 - CUDA_VISIBLE_DEVICES: [0]
[I 2023-11-30 15:15:06,524] Trial 89 finished with value: 0.2683269679546356 and parameters: {'gradient_clip_val': 0.8058169265594047, 'hidden_size': 130, 'dropout': 0.30804803223986027, 'hidden_continuous_size': 105, 'attention_head_size': 1, 'learning_rate': 0.040758559680243826}. Best is trial 41 with value: 0.1161491870880127.
LOCAL_RANK: 0 - CUDA_VISIBLE_DEVICES: [0]
[I 2023-11-30 15:15:22,864] Trial 90 finished with value: 0.33872416615486145 and parameters: {'gradient_clip_val': 0.6322395062509775, 'hidden_size': 83, 'dropout': 0.2761323893331432, 'hidden_continuous_size': 79, 'attention_head_size': 2, 'learning_rate': 0.05722490231893272}. Best is trial 41 with value: 0.1161491870880127.
LOCAL_RANK: 0 - CUDA_VISIBLE_DEVICES: [0]
[I 2023-11-30 15:15:38,878] Trial 91 finished with value: 0.20937050879001617 and parameters: {'gradient_clip_val': 0.8957538569558452, 'hidden_size': 124, 'dropout': 0.3204762064697705, 'hidden_continuous_size': 98, 'attention_head_size': 2, 'learning_rate': 0.030721297468047422}. Best is trial 41 with value: 0.1161491870880127.
LOCAL_RANK: 0 - CUDA_VISIBLE_DEVICES: [0]
[I 2023-11-30 15:15:55,343] Trial 92 finished with value: 0.351726770401001 and parameters: {'gradient_clip_val': 0.925015953564056, 'hidden_size': 113, 'dropout': 0.33158121549975933, 'hidden_continuous_size': 101, 'attention_head_size': 2, 'learning_rate': 0.03843818655387286}. Best is trial 41 with value: 0.1161491870880127.
LOCAL_RANK: 0 - CUDA_VISIBLE_DEVICES: [0]
[I 2023-11-30 15:16:11,883] Trial 93 finished with value: 0.26299169659614563 and parameters: {'gradient_clip_val': 0.7905948331298474, 'hidden_size': 97, 'dropout': 0.31198058859648903, 'hidden_continuous_size': 90, 'attention_head_size': 2, 'learning_rate': 0.08202566887539184}. Best is trial 41 with value: 0.1161491870880127.
LOCAL_RANK: 0 - CUDA_VISIBLE_DEVICES: [0]
[I 2023-11-30 15:16:28,365] Trial 94 finished with value: 0.19941961765289307 and parameters: {'gradient_clip_val': 0.8526358108670823, 'hidden_size': 137, 'dropout': 0.3441778541703726, 'hidden_continuous_size': 120, 'attention_head_size': 2, 'learning_rate': 0.05006251153403351}. Best is trial 41 with value: 0.1161491870880127.
LOCAL_RANK: 0 - CUDA_VISIBLE_DEVICES: [0]
[I 2023-11-30 15:16:44,574] Trial 95 finished with value: 0.2311546951532364 and parameters: {'gradient_clip_val': 0.7438399871447406, 'hidden_size': 107, 'dropout': 0.32254849958405074, 'hidden_continuous_size': 93, 'attention_head_size': 2, 'learning_rate': 0.044447877466293396}. Best is trial 41 with value: 0.1161491870880127.
LOCAL_RANK: 0 - CUDA_VISIBLE_DEVICES: [0]
[I 2023-11-30 15:17:00,794] Trial 96 finished with value: 0.19592778384685516 and parameters: {'gradient_clip_val': 0.9529941608470968, 'hidden_size': 121, 'dropout': 0.3864950147897666, 'hidden_continuous_size': 79, 'attention_head_size': 3, 'learning_rate': 0.02524982296724609}. Best is trial 41 with value: 0.1161491870880127.
LOCAL_RANK: 0 - CUDA_VISIBLE_DEVICES: [0]
[I 2023-11-30 15:17:18,206] Trial 97 finished with value: 0.3444087505340576 and parameters: {'gradient_clip_val': 0.702222197799904, 'hidden_size': 149, 'dropout': 0.3351541198333137, 'hidden_continuous_size': 110, 'attention_head_size': 4, 'learning_rate': 0.06320766403920397}. Best is trial 41 with value: 0.1161491870880127.
LOCAL_RANK: 0 - CUDA_VISIBLE_DEVICES: [0]
[I 2023-11-30 15:17:34,065] Trial 98 finished with value: 0.20986060798168182 and parameters: {'gradient_clip_val': 0.8373711156639431, 'hidden_size': 89, 'dropout': 0.3624461119610889, 'hidden_continuous_size': 84, 'attention_head_size': 3, 'learning_rate': 0.03601683469897328}. Best is trial 41 with value: 0.1161491870880127.
LOCAL_RANK: 0 - CUDA_VISIBLE_DEVICES: [0]
[I 2023-11-30 15:17:50,186] Trial 99 finished with value: 0.22017793357372284 and parameters: {'gradient_clip_val': 0.7694491697984317, 'hidden_size': 76, 'dropout': 0.300075703498025, 'hidden_continuous_size': 72, 'attention_head_size': 2, 'learning_rate': 0.06952134311614361}. Best is trial 41 with value: 0.1161491870880127.
LOCAL_RANK: 0 - CUDA_VISIBLE_DEVICES: [0]
[I 2023-11-30 15:18:06,603] Trial 100 finished with value: 0.1838916540145874 and parameters: {'gradient_clip_val': 0.8895070877828987, 'hidden_size': 104, 'dropout': 0.3532088931051037, 'hidden_continuous_size': 96, 'attention_head_size': 4, 'learning_rate': 0.055572425182101405}. Best is trial 41 with value: 0.1161491870880127.
LOCAL_RANK: 0 - CUDA_VISIBLE_DEVICES: [0]
[I 2023-11-30 15:18:22,138] Trial 101 finished with value: 0.233645960688591 and parameters: {'gradient_clip_val': 0.4764123225892194, 'hidden_size': 64, 'dropout': 0.28895302574483367, 'hidden_continuous_size': 61, 'attention_head_size': 4, 'learning_rate': 0.09957254366030936}. Best is trial 41 with value: 0.1161491870880127.
LOCAL_RANK: 0 - CUDA_VISIBLE_DEVICES: [0]
[I 2023-11-30 15:18:38,334] Trial 102 finished with value: 0.4589602053165436 and parameters: {'gradient_clip_val': 0.5063523708079829, 'hidden_size': 94, 'dropout': 0.29846699128059373, 'hidden_continuous_size': 86, 'attention_head_size': 4, 'learning_rate': 0.08632511096357813}. Best is trial 41 with value: 0.1161491870880127.
LOCAL_RANK: 0 - CUDA_VISIBLE_DEVICES: [0]
[I 2023-11-30 15:18:54,673] Trial 103 finished with value: 0.23762881755828857 and parameters: {'gradient_clip_val': 0.525770242591118, 'hidden_size': 73, 'dropout': 0.3051376949752132, 'hidden_continuous_size': 69, 'attention_head_size': 4, 'learning_rate': 0.08960498117011938}. Best is trial 41 with value: 0.1161491870880127.
LOCAL_RANK: 0 - CUDA_VISIBLE_DEVICES: [0]
[I 2023-11-30 15:19:10,520] Trial 104 finished with value: 0.1941114217042923 and parameters: {'gradient_clip_val': 0.6034914322388222, 'hidden_size': 60, 'dropout': 0.2813823577234693, 'hidden_continuous_size': 58, 'attention_head_size': 4, 'learning_rate': 0.07421976587024315}. Best is trial 41 with value: 0.1161491870880127.
LOCAL_RANK: 0 - CUDA_VISIBLE_DEVICES: [0]
[I 2023-11-30 15:19:26,604] Trial 105 finished with value: 0.2394096702337265 and parameters: {'gradient_clip_val': 0.5519126161496806, 'hidden_size': 69, 'dropout': 0.3143122792412019, 'hidden_continuous_size': 66, 'attention_head_size': 4, 'learning_rate': 0.07983211999610074}. Best is trial 41 with value: 0.1161491870880127.
LOCAL_RANK: 0 - CUDA_VISIBLE_DEVICES: [0]
[I 2023-11-30 15:19:42,659] Trial 106 finished with value: 0.18707062304019928 and parameters: {'gradient_clip_val': 0.5772962137122014, 'hidden_size': 82, 'dropout': 0.29561351351490045, 'hidden_continuous_size': 77, 'attention_head_size': 4, 'learning_rate': 0.0905442747703542}. Best is trial 41 with value: 0.1161491870880127.
LOCAL_RANK: 0 - CUDA_VISIBLE_DEVICES: [0]
[I 2023-11-30 15:19:58,527] Trial 107 finished with value: 0.17208482325077057 and parameters: {'gradient_clip_val': 0.4385666378586458, 'hidden_size': 57, 'dropout': 0.27159050609699803, 'hidden_continuous_size': 56, 'attention_head_size': 2, 'learning_rate': 0.0478041587707874}. Best is trial 41 with value: 0.1161491870880127.
LOCAL_RANK: 0 - CUDA_VISIBLE_DEVICES: [0]
[I 2023-11-30 15:20:14,705] Trial 108 finished with value: 0.23604728281497955 and parameters: {'gradient_clip_val': 0.4218312738112611, 'hidden_size': 87, 'dropout': 0.27502587155932934, 'hidden_continuous_size': 79, 'attention_head_size': 2, 'learning_rate': 0.04729604796259989}. Best is trial 41 with value: 0.1161491870880127.
LOCAL_RANK: 0 - CUDA_VISIBLE_DEVICES: [0]
[I 2023-11-30 15:20:30,947] Trial 109 finished with value: 0.2025059312582016 and parameters: {'gradient_clip_val': 0.6512765308898321, 'hidden_size': 78, 'dropout': 0.2676922505311676, 'hidden_continuous_size': 73, 'attention_head_size': 2, 'learning_rate': 0.04107072029335974}. Best is trial 41 with value: 0.1161491870880127.
LOCAL_RANK: 0 - CUDA_VISIBLE_DEVICES: [0]
[I 2023-11-30 15:20:46,863] Trial 110 finished with value: 0.21488070487976074 and parameters: {'gradient_clip_val': 0.8074539737527896, 'hidden_size': 70, 'dropout': 0.2653853794259793, 'hidden_continuous_size': 67, 'attention_head_size': 2, 'learning_rate': 0.05383775904067743}. Best is trial 41 with value: 0.1161491870880127.
LOCAL_RANK: 0 - CUDA_VISIBLE_DEVICES: [0]
[I 2023-11-30 15:21:02,390] Trial 111 finished with value: 0.22186602652072906 and parameters: {'gradient_clip_val': 0.46300104960970867, 'hidden_size': 54, 'dropout': 0.2891423552288037, 'hidden_continuous_size': 53, 'attention_head_size': 2, 'learning_rate': 0.0631406047201306}. Best is trial 41 with value: 0.1161491870880127.
LOCAL_RANK: 0 - CUDA_VISIBLE_DEVICES: [0]
[I 2023-11-30 15:21:18,652] Trial 112 finished with value: 0.2419888824224472 and parameters: {'gradient_clip_val': 0.4916195195183347, 'hidden_size': 82, 'dropout': 0.2710599971839259, 'hidden_continuous_size': 76, 'attention_head_size': 2, 'learning_rate': 0.06805597057467812}. Best is trial 41 with value: 0.1161491870880127.
LOCAL_RANK: 0 - CUDA_VISIBLE_DEVICES: [0]
[I 2023-11-30 15:21:34,938] Trial 113 finished with value: 0.2692353427410126 and parameters: {'gradient_clip_val': 0.5270159611401255, 'hidden_size': 66, 'dropout': 0.32524045029208776, 'hidden_continuous_size': 63, 'attention_head_size': 3, 'learning_rate': 0.07926053535196552}. Best is trial 41 with value: 0.1161491870880127.
LOCAL_RANK: 0 - CUDA_VISIBLE_DEVICES: [0]
[I 2023-11-30 15:21:51,281] Trial 114 finished with value: 0.20917050540447235 and parameters: {'gradient_clip_val': 0.4547453139367075, 'hidden_size': 96, 'dropout': 0.28398524914643497, 'hidden_continuous_size': 90, 'attention_head_size': 2, 'learning_rate': 0.05924744268762092}. Best is trial 41 with value: 0.1161491870880127.
LOCAL_RANK: 0 - CUDA_VISIBLE_DEVICES: [0]
[I 2023-11-30 15:22:05,762] Trial 115 finished with value: 0.13268864154815674 and parameters: {'gradient_clip_val': 0.9515095503800952, 'hidden_size': 72, 'dropout': 0.25898757433465636, 'hidden_continuous_size': 69, 'attention_head_size': 2, 'learning_rate': 0.04299081151574665}. Best is trial 41 with value: 0.1161491870880127.
LOCAL_RANK: 0 - CUDA_VISIBLE_DEVICES: [0]
[I 2023-11-30 15:22:20,085] Trial 116 finished with value: 0.18511278927326202 and parameters: {'gradient_clip_val': 0.99312125325797, 'hidden_size': 73, 'dropout': 0.3499184670157369, 'hidden_continuous_size': 68, 'attention_head_size': 2, 'learning_rate': 0.04269420831630721}. Best is trial 41 with value: 0.1161491870880127.
LOCAL_RANK: 0 - CUDA_VISIBLE_DEVICES: [0]
[I 2023-11-30 15:22:34,551] Trial 117 finished with value: 0.17911213636398315 and parameters: {'gradient_clip_val': 0.9415837493499903, 'hidden_size': 77, 'dropout': 0.261893736973234, 'hidden_continuous_size': 71, 'attention_head_size': 2, 'learning_rate': 0.03284519566417327}. Best is trial 41 with value: 0.1161491870880127.
LOCAL_RANK: 0 - CUDA_VISIBLE_DEVICES: [0]
[I 2023-11-30 15:22:48,953] Trial 118 finished with value: 0.1357208490371704 and parameters: {'gradient_clip_val': 0.8913240698438559, 'hidden_size': 89, 'dropout': 0.25947942670615914, 'hidden_continuous_size': 83, 'attention_head_size': 2, 'learning_rate': 0.03748422696551649}. Best is trial 41 with value: 0.1161491870880127.
LOCAL_RANK: 0 - CUDA_VISIBLE_DEVICES: [0]
[I 2023-11-30 15:23:03,266] Trial 119 finished with value: 0.21158403158187866 and parameters: {'gradient_clip_val': 0.8844283814449754, 'hidden_size': 88, 'dropout': 0.25991122436825126, 'hidden_continuous_size': 82, 'attention_head_size': 2, 'learning_rate': 0.048839352112368034}. Best is trial 41 with value: 0.1161491870880127.
LOCAL_RANK: 0 - CUDA_VISIBLE_DEVICES: [0]
[I 2023-11-30 15:23:17,786] Trial 120 finished with value: 0.18742509186267853 and parameters: {'gradient_clip_val': 0.733817839368051, 'hidden_size': 94, 'dropout': 0.24412239272770306, 'hidden_continuous_size': 87, 'attention_head_size': 2, 'learning_rate': 0.03828969049007075}. Best is trial 41 with value: 0.1161491870880127.
LOCAL_RANK: 0 - CUDA_VISIBLE_DEVICES: [0]
[I 2023-11-30 15:23:32,776] Trial 121 finished with value: 0.2127637416124344 and parameters: {'gradient_clip_val': 0.8392900083792538, 'hidden_size': 82, 'dropout': 0.2536911361238932, 'hidden_continuous_size': 76, 'attention_head_size': 2, 'learning_rate': 0.03380876657305022}. Best is trial 41 with value: 0.1161491870880127.
LOCAL_RANK: 0 - CUDA_VISIBLE_DEVICES: [0]
[I 2023-11-30 15:23:49,059] Trial 122 finished with value: 0.1640447974205017 and parameters: {'gradient_clip_val': 0.9410453303037317, 'hidden_size': 100, 'dropout': 0.2717678615102275, 'hidden_continuous_size': 83, 'attention_head_size': 2, 'learning_rate': 0.02931653424015327}. Best is trial 41 with value: 0.1161491870880127.
LOCAL_RANK: 0 - CUDA_VISIBLE_DEVICES: [0]
[I 2023-11-30 15:24:04,930] Trial 123 finished with value: 0.25295552611351013 and parameters: {'gradient_clip_val': 0.9277696961920395, 'hidden_size': 99, 'dropout': 0.25546453650262185, 'hidden_continuous_size': 82, 'attention_head_size': 2, 'learning_rate': 0.030175215131160213}. Best is trial 41 with value: 0.1161491870880127.
LOCAL_RANK: 0 - CUDA_VISIBLE_DEVICES: [0]
[I 2023-11-30 15:24:20,826] Trial 124 finished with value: 0.16234852373600006 and parameters: {'gradient_clip_val': 0.8034348448265662, 'hidden_size': 89, 'dropout': 0.2720454614031038, 'hidden_continuous_size': 84, 'attention_head_size': 2, 'learning_rate': 0.0467133783919031}. Best is trial 41 with value: 0.1161491870880127.
LOCAL_RANK: 0 - CUDA_VISIBLE_DEVICES: [0]
[I 2023-11-30 15:24:36,752] Trial 125 finished with value: 0.2257690280675888 and parameters: {'gradient_clip_val': 0.8544716563853816, 'hidden_size': 103, 'dropout': 0.27069013037994366, 'hidden_continuous_size': 91, 'attention_head_size': 2, 'learning_rate': 0.04404565074832415}. Best is trial 41 with value: 0.1161491870880127.
LOCAL_RANK: 0 - CUDA_VISIBLE_DEVICES: [0]
[I 2023-11-30 15:24:53,154] Trial 126 finished with value: 0.21052531898021698 and parameters: {'gradient_clip_val': 0.9444934957037934, 'hidden_size': 91, 'dropout': 0.26260038741815983, 'hidden_continuous_size': 85, 'attention_head_size': 2, 'learning_rate': 0.029260629815035622}. Best is trial 41 with value: 0.1161491870880127.
LOCAL_RANK: 0 - CUDA_VISIBLE_DEVICES: [0]
[I 2023-11-30 15:25:08,877] Trial 127 finished with value: 0.24373619258403778 and parameters: {'gradient_clip_val': 0.8102189085174034, 'hidden_size': 112, 'dropout': 0.2776929756685729, 'hidden_continuous_size': 101, 'attention_head_size': 3, 'learning_rate': 0.026920278057178667}. Best is trial 41 with value: 0.1161491870880127.
LOCAL_RANK: 0 - CUDA_VISIBLE_DEVICES: [0]
[I 2023-11-30 15:25:25,152] Trial 128 finished with value: 0.22662615776062012 and parameters: {'gradient_clip_val': 0.8953674459146038, 'hidden_size': 86, 'dropout': 0.25244142800622554, 'hidden_continuous_size': 82, 'attention_head_size': 2, 'learning_rate': 0.03721133175623285}. Best is trial 41 with value: 0.1161491870880127.
LOCAL_RANK: 0 - CUDA_VISIBLE_DEVICES: [0]
[I 2023-11-30 15:25:41,055] Trial 129 finished with value: 0.12667521834373474 and parameters: {'gradient_clip_val': 0.9982764375264117, 'hidden_size': 71, 'dropout': 0.2576508652086222, 'hidden_continuous_size': 69, 'attention_head_size': 2, 'learning_rate': 0.03341201720407031}. Best is trial 41 with value: 0.1161491870880127.
LOCAL_RANK: 0 - CUDA_VISIBLE_DEVICES: [0]
[I 2023-11-30 15:25:56,503] Trial 130 finished with value: 0.16674436628818512 and parameters: {'gradient_clip_val': 0.9644430959277537, 'hidden_size': 72, 'dropout': 0.23996142927126024, 'hidden_continuous_size': 70, 'attention_head_size': 1, 'learning_rate': 0.023339988883251204}. Best is trial 41 with value: 0.1161491870880127.
LOCAL_RANK: 0 - CUDA_VISIBLE_DEVICES: [0]
[I 2023-11-30 15:26:11,962] Trial 131 finished with value: 0.22788727283477783 and parameters: {'gradient_clip_val': 0.9983037431146498, 'hidden_size': 76, 'dropout': 0.2495312616363401, 'hidden_continuous_size': 73, 'attention_head_size': 1, 'learning_rate': 0.029071304854634415}. Best is trial 41 with value: 0.1161491870880127.
LOCAL_RANK: 0 - CUDA_VISIBLE_DEVICES: [0]
