[I 2023-11-30 09:45:12,264] Trial 39 finished with value: 0.26452264189720154 and parameters: {'gradient_clip_val': 0.32640451569368517, 'hidden_size': 58, 'dropout': 0.38308261245887926, 'hidden_continuous_size': 11, 'attention_head_size': 1, 'learning_rate': 0.013456495350232647}. Best is trial 6 with value: 0.10313592106103897.
LOCAL_RANK: 0 - CUDA_VISIBLE_DEVICES: [0]
[I 2023-11-30 09:45:26,387] Trial 40 finished with value: 0.15879178047180176 and parameters: {'gradient_clip_val': 0.14849181205589448, 'hidden_size': 123, 'dropout': 0.35099931707680565, 'hidden_continuous_size': 16, 'attention_head_size': 3, 'learning_rate': 0.009650418075272968}. Best is trial 6 with value: 0.10313592106103897.
LOCAL_RANK: 0 - CUDA_VISIBLE_DEVICES: [0]
[I 2023-11-30 09:45:40,213] Trial 41 finished with value: 0.10856500267982483 and parameters: {'gradient_clip_val': 0.5967523450524863, 'hidden_size': 90, 'dropout': 0.3610018053382775, 'hidden_continuous_size': 14, 'attention_head_size': 3, 'learning_rate': 0.026129563577251866}. Best is trial 6 with value: 0.10313592106103897.
LOCAL_RANK: 0 - CUDA_VISIBLE_DEVICES: [0]
[I 2023-11-30 09:45:54,016] Trial 42 finished with value: 0.17174269258975983 and parameters: {'gradient_clip_val': 0.5846559236844164, 'hidden_size': 89, 'dropout': 0.3609590937663254, 'hidden_continuous_size': 15, 'attention_head_size': 3, 'learning_rate': 0.019647495172974417}. Best is trial 6 with value: 0.10313592106103897.
LOCAL_RANK: 0 - CUDA_VISIBLE_DEVICES: [0]
[I 2023-11-30 09:46:07,116] Trial 43 finished with value: 0.17183847725391388 and parameters: {'gradient_clip_val': 0.405939865637428, 'hidden_size': 64, 'dropout': 0.38539732473335353, 'hidden_continuous_size': 11, 'attention_head_size': 3, 'learning_rate': 0.022276444608231177}. Best is trial 6 with value: 0.10313592106103897.
LOCAL_RANK: 0 - CUDA_VISIBLE_DEVICES: [0]
[I 2023-11-30 09:46:20,806] Trial 44 finished with value: 0.18330788612365723 and parameters: {'gradient_clip_val': 0.4457433679737509, 'hidden_size': 74, 'dropout': 0.366566686926591, 'hidden_continuous_size': 13, 'attention_head_size': 4, 'learning_rate': 0.0462597088550029}. Best is trial 6 with value: 0.10313592106103897.
LOCAL_RANK: 0 - CUDA_VISIBLE_DEVICES: [0]
[I 2023-11-30 09:46:34,448] Trial 45 finished with value: 0.1629859358072281 and parameters: {'gradient_clip_val': 0.35572525048316783, 'hidden_size': 79, 'dropout': 0.398249358429014, 'hidden_continuous_size': 17, 'attention_head_size': 3, 'learning_rate': 0.03575366357482084}. Best is trial 6 with value: 0.10313592106103897.
LOCAL_RANK: 0 - CUDA_VISIBLE_DEVICES: [0]
[I 2023-11-30 09:46:48,261] Trial 46 finished with value: 0.10084512084722519 and parameters: {'gradient_clip_val': 0.4783049930993574, 'hidden_size': 96, 'dropout': 0.3411316168389261, 'hidden_continuous_size': 21, 'attention_head_size': 2, 'learning_rate': 0.01760738746974714}. Best is trial 46 with value: 0.10084512084722519.
LOCAL_RANK: 0 - CUDA_VISIBLE_DEVICES: [0]
[I 2023-11-30 09:47:02,124] Trial 47 finished with value: 0.16223794221878052 and parameters: {'gradient_clip_val': 0.4993038838437651, 'hidden_size': 93, 'dropout': 0.35187570530739737, 'hidden_continuous_size': 21, 'attention_head_size': 2, 'learning_rate': 0.025171731183964745}. Best is trial 46 with value: 0.10084512084722519.
LOCAL_RANK: 0 - CUDA_VISIBLE_DEVICES: [0]
[I 2023-11-30 09:47:16,243] Trial 48 finished with value: 0.2254345417022705 and parameters: {'gradient_clip_val': 0.4689028124517867, 'hidden_size': 136, 'dropout': 0.341360496684753, 'hidden_continuous_size': 25, 'attention_head_size': 2, 'learning_rate': 0.017041910609835082}. Best is trial 46 with value: 0.10084512084722519.
LOCAL_RANK: 0 - CUDA_VISIBLE_DEVICES: [0]
[I 2023-11-30 09:47:30,284] Trial 49 finished with value: 0.17238187789916992 and parameters: {'gradient_clip_val': 0.6292337431969006, 'hidden_size': 113, 'dropout': 0.37347392183718203, 'hidden_continuous_size': 18, 'attention_head_size': 3, 'learning_rate': 0.01355426228850682}. Best is trial 46 with value: 0.10084512084722519.
LOCAL_RANK: 0 - CUDA_VISIBLE_DEVICES: [0]
[I 2023-11-30 09:47:44,159] Trial 50 finished with value: 0.11548253148794174 and parameters: {'gradient_clip_val': 0.5218248557377096, 'hidden_size': 99, 'dropout': 0.32702352915478217, 'hidden_continuous_size': 22, 'attention_head_size': 2, 'learning_rate': 0.028440200728696893}. Best is trial 46 with value: 0.10084512084722519.
LOCAL_RANK: 0 - CUDA_VISIBLE_DEVICES: [0]
[I 2023-11-30 09:47:58,152] Trial 51 finished with value: 0.0954943597316742 and parameters: {'gradient_clip_val': 0.3635842105664368, 'hidden_size': 82, 'dropout': 0.3626274900929463, 'hidden_continuous_size': 19, 'attention_head_size': 2, 'learning_rate': 0.01917015105936617}. Best is trial 51 with value: 0.0954943597316742.
LOCAL_RANK: 0 - CUDA_VISIBLE_DEVICES: [0]
[I 2023-11-30 09:48:11,694] Trial 52 finished with value: 0.19841237366199493 and parameters: {'gradient_clip_val': 0.3480115417168619, 'hidden_size': 65, 'dropout': 0.3610750851582075, 'hidden_continuous_size': 24, 'attention_head_size': 2, 'learning_rate': 0.019725981792480342}. Best is trial 51 with value: 0.0954943597316742.
LOCAL_RANK: 0 - CUDA_VISIBLE_DEVICES: [0]
[I 2023-11-30 09:48:25,335] Trial 53 finished with value: 0.158155620098114 and parameters: {'gradient_clip_val': 0.4667549686912907, 'hidden_size': 84, 'dropout': 0.3376118884389958, 'hidden_continuous_size': 21, 'attention_head_size': 2, 'learning_rate': 0.024375495476320043}. Best is trial 51 with value: 0.0954943597316742.
LOCAL_RANK: 0 - CUDA_VISIBLE_DEVICES: [0]
[I 2023-11-30 09:48:39,103] Trial 54 finished with value: 0.30926913022994995 and parameters: {'gradient_clip_val': 0.3685611540736457, 'hidden_size': 99, 'dropout': 0.38996457002230045, 'hidden_continuous_size': 19, 'attention_head_size': 3, 'learning_rate': 0.011622584538207428}. Best is trial 51 with value: 0.0954943597316742.
LOCAL_RANK: 0 - CUDA_VISIBLE_DEVICES: [0]
[I 2023-11-30 09:48:52,792] Trial 55 finished with value: 0.19632472097873688 and parameters: {'gradient_clip_val': 0.3845373858992147, 'hidden_size': 75, 'dropout': 0.3817266766855867, 'hidden_continuous_size': 25, 'attention_head_size': 2, 'learning_rate': 0.01681106249717013}. Best is trial 51 with value: 0.0954943597316742.
LOCAL_RANK: 0 - CUDA_VISIBLE_DEVICES: [0]
[I 2023-11-30 09:49:07,150] Trial 56 finished with value: 0.13160757720470428 and parameters: {'gradient_clip_val': 0.3048972137132115, 'hidden_size': 115, 'dropout': 0.36932660488868596, 'hidden_continuous_size': 28, 'attention_head_size': 3, 'learning_rate': 0.0336909625564615}. Best is trial 51 with value: 0.0954943597316742.
LOCAL_RANK: 0 - CUDA_VISIBLE_DEVICES: [0]
[I 2023-11-30 09:49:20,270] Trial 57 finished with value: 0.32391247153282166 and parameters: {'gradient_clip_val': 0.42185946437404, 'hidden_size': 53, 'dropout': 0.3547180161020981, 'hidden_continuous_size': 16, 'attention_head_size': 2, 'learning_rate': 0.014283118708277025}. Best is trial 51 with value: 0.0954943597316742.
LOCAL_RANK: 0 - CUDA_VISIBLE_DEVICES: [0]
[I 2023-11-30 09:49:33,938] Trial 58 finished with value: 0.10578896850347519 and parameters: {'gradient_clip_val': 0.3198157670238267, 'hidden_size': 81, 'dropout': 0.39974620051054416, 'hidden_continuous_size': 22, 'attention_head_size': 2, 'learning_rate': 0.042601555752861474}. Best is trial 51 with value: 0.0954943597316742.
LOCAL_RANK: 0 - CUDA_VISIBLE_DEVICES: [0]
[I 2023-11-30 09:49:47,696] Trial 59 finished with value: 0.11587882041931152 and parameters: {'gradient_clip_val': 0.3273180318954741, 'hidden_size': 81, 'dropout': 0.38641747377927754, 'hidden_continuous_size': 21, 'attention_head_size': 3, 'learning_rate': 0.05015424249397906}. Best is trial 51 with value: 0.0954943597316742.
LOCAL_RANK: 0 - CUDA_VISIBLE_DEVICES: [0]
[I 2023-11-30 09:50:01,564] Trial 60 finished with value: 0.18315379321575165 and parameters: {'gradient_clip_val': 0.3855623398321314, 'hidden_size': 95, 'dropout': 0.31793228307269933, 'hidden_continuous_size': 19, 'attention_head_size': 2, 'learning_rate': 0.03793415722951415}. Best is trial 51 with value: 0.0954943597316742.
LOCAL_RANK: 0 - CUDA_VISIBLE_DEVICES: [0]
[I 2023-11-30 09:50:15,565] Trial 61 finished with value: 0.1417386680841446 and parameters: {'gradient_clip_val': 0.2914571134366189, 'hidden_size': 106, 'dropout': 0.39910612104062665, 'hidden_continuous_size': 27, 'attention_head_size': 2, 'learning_rate': 0.026449077992451064}. Best is trial 51 with value: 0.0954943597316742.
LOCAL_RANK: 0 - CUDA_VISIBLE_DEVICES: [0]
[I 2023-11-30 09:50:29,079] Trial 62 finished with value: 0.164053276181221 and parameters: {'gradient_clip_val': 0.341845525031551, 'hidden_size': 66, 'dropout': 0.37115854264591625, 'hidden_continuous_size': 23, 'attention_head_size': 2, 'learning_rate': 0.031233973073581056}. Best is trial 51 with value: 0.0954943597316742.
LOCAL_RANK: 0 - CUDA_VISIBLE_DEVICES: [0]
[I 2023-11-30 09:50:42,647] Trial 63 finished with value: 0.11454340070486069 and parameters: {'gradient_clip_val': 0.2789376877889679, 'hidden_size': 76, 'dropout': 0.35989409855044935, 'hidden_continuous_size': 22, 'attention_head_size': 2, 'learning_rate': 0.021812927005841982}. Best is trial 51 with value: 0.0954943597316742.
LOCAL_RANK: 0 - CUDA_VISIBLE_DEVICES: [0]
[I 2023-11-30 09:50:56,316] Trial 64 finished with value: 0.16558997333049774 and parameters: {'gradient_clip_val': 0.45345353468621585, 'hidden_size': 88, 'dropout': 0.3908780736918177, 'hidden_continuous_size': 26, 'attention_head_size': 2, 'learning_rate': 0.04267616129477449}. Best is trial 51 with value: 0.0954943597316742.
LOCAL_RANK: 0 - CUDA_VISIBLE_DEVICES: [0]
[I 2023-11-30 09:51:10,366] Trial 65 finished with value: 0.19698865711688995 and parameters: {'gradient_clip_val': 0.373533039398531, 'hidden_size': 85, 'dropout': 0.33836903224268117, 'hidden_continuous_size': 31, 'attention_head_size': 3, 'learning_rate': 0.017555957188910173}. Best is trial 51 with value: 0.0954943597316742.
LOCAL_RANK: 0 - CUDA_VISIBLE_DEVICES: [0]
[I 2023-11-30 09:51:24,362] Trial 66 finished with value: 0.1391538381576538 and parameters: {'gradient_clip_val': 0.3270224909701928, 'hidden_size': 106, 'dropout': 0.3749367366712112, 'hidden_continuous_size': 28, 'attention_head_size': 2, 'learning_rate': 0.028389834488570437}. Best is trial 51 with value: 0.0954943597316742.
LOCAL_RANK: 0 - CUDA_VISIBLE_DEVICES: [0]
[I 2023-11-30 09:51:37,922] Trial 67 finished with value: 0.1478728950023651 and parameters: {'gradient_clip_val': 0.23589244629277156, 'hidden_size': 74, 'dropout': 0.3471778084033518, 'hidden_continuous_size': 15, 'attention_head_size': 2, 'learning_rate': 0.0220824698102608}. Best is trial 51 with value: 0.0954943597316742.
LOCAL_RANK: 0 - CUDA_VISIBLE_DEVICES: [0]
[I 2023-11-30 09:51:51,539] Trial 68 finished with value: 0.14612801373004913 and parameters: {'gradient_clip_val': 0.4932990355546402, 'hidden_size': 95, 'dropout': 0.39901783794884954, 'hidden_continuous_size': 24, 'attention_head_size': 1, 'learning_rate': 0.03481791638674171}. Best is trial 51 with value: 0.0954943597316742.
LOCAL_RANK: 0 - CUDA_VISIBLE_DEVICES: [0]
[I 2023-11-30 09:52:05,156] Trial 69 finished with value: 0.13383229076862335 and parameters: {'gradient_clip_val': 0.4251490809124427, 'hidden_size': 67, 'dropout': 0.37840711212906564, 'hidden_continuous_size': 18, 'attention_head_size': 3, 'learning_rate': 0.06219864525611322}. Best is trial 51 with value: 0.0954943597316742.
LOCAL_RANK: 0 - CUDA_VISIBLE_DEVICES: [0]
[I 2023-11-30 09:52:18,817] Trial 70 finished with value: 0.14208446443080902 and parameters: {'gradient_clip_val': 0.30809030224108297, 'hidden_size': 59, 'dropout': 0.3657648016549493, 'hidden_continuous_size': 20, 'attention_head_size': 2, 'learning_rate': 0.01899463701520896}. Best is trial 51 with value: 0.0954943597316742.
LOCAL_RANK: 0 - CUDA_VISIBLE_DEVICES: [0]
[I 2023-11-30 09:52:32,509] Trial 71 finished with value: 0.13977475464344025 and parameters: {'gradient_clip_val': 0.18820778119238027, 'hidden_size': 83, 'dropout': 0.35556230094149216, 'hidden_continuous_size': 16, 'attention_head_size': 1, 'learning_rate': 0.025221104315966993}. Best is trial 51 with value: 0.0954943597316742.
LOCAL_RANK: 0 - CUDA_VISIBLE_DEVICES: [0]
[I 2023-11-30 09:52:46,094] Trial 72 finished with value: 0.11897508054971695 and parameters: {'gradient_clip_val': 0.2097449138151494, 'hidden_size': 79, 'dropout': 0.2299270063192238, 'hidden_continuous_size': 14, 'attention_head_size': 1, 'learning_rate': 0.031637143158049774}. Best is trial 51 with value: 0.0954943597316742.
LOCAL_RANK: 0 - CUDA_VISIBLE_DEVICES: [0]
[I 2023-11-30 09:52:59,345] Trial 73 finished with value: 0.17484663426876068 and parameters: {'gradient_clip_val': 0.26923892080917533, 'hidden_size': 68, 'dropout': 0.33475101560528975, 'hidden_continuous_size': 17, 'attention_head_size': 1, 'learning_rate': 0.015482983893749294}. Best is trial 51 with value: 0.0954943597316742.
LOCAL_RANK: 0 - CUDA_VISIBLE_DEVICES: [0]
[I 2023-11-30 09:53:13,132] Trial 74 finished with value: 0.11560168117284775 and parameters: {'gradient_clip_val': 0.254649668468804, 'hidden_size': 91, 'dropout': 0.389647494303461, 'hidden_continuous_size': 30, 'attention_head_size': 1, 'learning_rate': 0.0211160525353993}. Best is trial 51 with value: 0.0954943597316742.
LOCAL_RANK: 0 - CUDA_VISIBLE_DEVICES: [0]
[I 2023-11-30 09:53:26,716] Trial 75 finished with value: 0.2698207497596741 and parameters: {'gradient_clip_val': 0.1591785247693587, 'hidden_size': 71, 'dropout': 0.3150181872470307, 'hidden_continuous_size': 15, 'attention_head_size': 1, 'learning_rate': 0.012387310521267618}. Best is trial 51 with value: 0.0954943597316742.
LOCAL_RANK: 0 - CUDA_VISIBLE_DEVICES: [0]
[I 2023-11-30 09:53:40,740] Trial 76 finished with value: 0.6400215029716492 and parameters: {'gradient_clip_val': 0.10721617383922849, 'hidden_size': 102, 'dropout': 0.29401072523006994, 'hidden_continuous_size': 18, 'attention_head_size': 4, 'learning_rate': 0.0408126958686986}. Best is trial 51 with value: 0.0954943597316742.
LOCAL_RANK: 0 - CUDA_VISIBLE_DEVICES: [0]
[I 2023-11-30 09:53:54,485] Trial 77 finished with value: 0.15041323006153107 and parameters: {'gradient_clip_val': 0.35243064237384353, 'hidden_size': 81, 'dropout': 0.3784612903971861, 'hidden_continuous_size': 29, 'attention_head_size': 2, 'learning_rate': 0.023536774659892915}. Best is trial 51 with value: 0.0954943597316742.
LOCAL_RANK: 0 - CUDA_VISIBLE_DEVICES: [0]
[I 2023-11-30 09:54:08,237] Trial 78 finished with value: 0.09626398235559464 and parameters: {'gradient_clip_val': 0.5537557181659885, 'hidden_size': 61, 'dropout': 0.32725331738973407, 'hidden_continuous_size': 25, 'attention_head_size': 3, 'learning_rate': 0.027099303855240897}. Best is trial 51 with value: 0.0954943597316742.
LOCAL_RANK: 0 - CUDA_VISIBLE_DEVICES: [0]
[I 2023-11-30 09:54:21,955] Trial 79 finished with value: 0.19269408285617828 and parameters: {'gradient_clip_val': 0.5301980360496893, 'hidden_size': 63, 'dropout': 0.3457364753324612, 'hidden_continuous_size': 26, 'attention_head_size': 3, 'learning_rate': 0.02847149044175217}. Best is trial 51 with value: 0.0954943597316742.
LOCAL_RANK: 0 - CUDA_VISIBLE_DEVICES: [0]
[I 2023-11-30 09:54:35,983] Trial 80 finished with value: 0.09247618168592453 and parameters: {'gradient_clip_val': 0.6009383909687087, 'hidden_size': 74, 'dropout': 0.36588209851478937, 'hidden_continuous_size': 33, 'attention_head_size': 3, 'learning_rate': 0.018157387534279295}. Best is trial 80 with value: 0.09247618168592453.
LOCAL_RANK: 0 - CUDA_VISIBLE_DEVICES: [0]
[I 2023-11-30 09:54:49,453] Trial 81 finished with value: 0.24371175467967987 and parameters: {'gradient_clip_val': 0.559494909825206, 'hidden_size': 56, 'dropout': 0.33055228274238113, 'hidden_continuous_size': 33, 'attention_head_size': 3, 'learning_rate': 0.017726946294577668}. Best is trial 80 with value: 0.09247618168592453.
LOCAL_RANK: 0 - CUDA_VISIBLE_DEVICES: [0]
[I 2023-11-30 09:55:03,049] Trial 82 finished with value: 0.15916919708251953 and parameters: {'gradient_clip_val': 0.6029895444256643, 'hidden_size': 71, 'dropout': 0.36380888616245105, 'hidden_continuous_size': 24, 'attention_head_size': 3, 'learning_rate': 0.01950517959584289}. Best is trial 80 with value: 0.09247618168592453.
LOCAL_RANK: 0 - CUDA_VISIBLE_DEVICES: [0]
[I 2023-11-30 09:55:17,174] Trial 83 finished with value: 0.18115182220935822 and parameters: {'gradient_clip_val': 0.6883943722005562, 'hidden_size': 87, 'dropout': 0.3536530643601902, 'hidden_continuous_size': 38, 'attention_head_size': 3, 'learning_rate': 0.015496486765790119}. Best is trial 80 with value: 0.09247618168592453.
LOCAL_RANK: 0 - CUDA_VISIBLE_DEVICES: [0]
[I 2023-11-30 09:55:31,160] Trial 84 finished with value: 0.192881777882576 and parameters: {'gradient_clip_val': 0.49793784653252565, 'hidden_size': 95, 'dropout': 0.3684429398518836, 'hidden_continuous_size': 27, 'attention_head_size': 3, 'learning_rate': 0.026050494637421217}. Best is trial 80 with value: 0.09247618168592453.
LOCAL_RANK: 0 - CUDA_VISIBLE_DEVICES: [0]
[I 2023-11-30 09:55:45,041] Trial 85 finished with value: 0.12355027347803116 and parameters: {'gradient_clip_val': 0.5578162049401248, 'hidden_size': 78, 'dropout': 0.3431435478755809, 'hidden_continuous_size': 22, 'attention_head_size': 3, 'learning_rate': 0.022994307223899}. Best is trial 80 with value: 0.09247618168592453.
LOCAL_RANK: 0 - CUDA_VISIBLE_DEVICES: [0]
[I 2023-11-30 09:55:58,720] Trial 86 finished with value: 0.12543532252311707 and parameters: {'gradient_clip_val': 0.4796831524376192, 'hidden_size': 62, 'dropout': 0.3811279922713247, 'hidden_continuous_size': 33, 'attention_head_size': 3, 'learning_rate': 0.03196061850013515}. Best is trial 80 with value: 0.09247618168592453.
LOCAL_RANK: 0 - CUDA_VISIBLE_DEVICES: [0]
[I 2023-11-30 09:56:12,037] Trial 87 finished with value: 0.22396178543567657 and parameters: {'gradient_clip_val': 0.438338313550455, 'hidden_size': 72, 'dropout': 0.3580881799008846, 'hidden_continuous_size': 13, 'attention_head_size': 3, 'learning_rate': 0.0375830288893925}. Best is trial 80 with value: 0.09247618168592453.
LOCAL_RANK: 0 - CUDA_VISIBLE_DEVICES: [0]
[I 2023-11-30 09:56:25,958] Trial 88 finished with value: 0.21558602154254913 and parameters: {'gradient_clip_val': 0.4103926883450343, 'hidden_size': 85, 'dropout': 0.3940263601697864, 'hidden_continuous_size': 25, 'attention_head_size': 4, 'learning_rate': 0.02044830516881218}. Best is trial 80 with value: 0.09247618168592453.
LOCAL_RANK: 0 - CUDA_VISIBLE_DEVICES: [0]
[I 2023-11-30 09:56:39,669] Trial 89 finished with value: 0.1754799634218216 and parameters: {'gradient_clip_val': 0.4475405330624257, 'hidden_size': 77, 'dropout': 0.3505262028958779, 'hidden_continuous_size': 29, 'attention_head_size': 3, 'learning_rate': 0.016770878366621417}. Best is trial 80 with value: 0.09247618168592453.
LOCAL_RANK: 0 - CUDA_VISIBLE_DEVICES: [0]
[I 2023-11-30 09:56:53,929] Trial 90 finished with value: 0.17046678066253662 and parameters: {'gradient_clip_val': 0.4007565717790554, 'hidden_size': 115, 'dropout': 0.3281339862179748, 'hidden_continuous_size': 32, 'attention_head_size': 2, 'learning_rate': 0.027838203737826677}. Best is trial 80 with value: 0.09247618168592453.
LOCAL_RANK: 0 - CUDA_VISIBLE_DEVICES: [0]
[I 2023-11-30 09:57:07,859] Trial 91 finished with value: 0.13595211505889893 and parameters: {'gradient_clip_val': 0.16977099932979878, 'hidden_size': 91, 'dropout': 0.37317424655141346, 'hidden_continuous_size': 20, 'attention_head_size': 3, 'learning_rate': 0.023935238119715194}. Best is trial 80 with value: 0.09247618168592453.
LOCAL_RANK: 0 - CUDA_VISIBLE_DEVICES: [0]
[I 2023-11-30 09:57:21,332] Trial 92 finished with value: 0.22170400619506836 and parameters: {'gradient_clip_val': 0.6452532405536038, 'hidden_size': 67, 'dropout': 0.3821296599386622, 'hidden_continuous_size': 21, 'attention_head_size': 1, 'learning_rate': 0.013582851546743227}. Best is trial 80 with value: 0.09247618168592453.
LOCAL_RANK: 0 - CUDA_VISIBLE_DEVICES: [0]
[I 2023-11-30 09:57:35,180] Trial 93 finished with value: 0.1776079684495926 and parameters: {'gradient_clip_val': 0.5085082298328123, 'hidden_size': 99, 'dropout': 0.36416970151201633, 'hidden_continuous_size': 19, 'attention_head_size': 3, 'learning_rate': 0.019355089016582606}. Best is trial 80 with value: 0.09247618168592453.
LOCAL_RANK: 0 - CUDA_VISIBLE_DEVICES: [0]
[I 2023-11-30 09:57:48,821] Trial 94 finished with value: 0.1974412053823471 and parameters: {'gradient_clip_val': 0.3665794699563141, 'hidden_size': 82, 'dropout': 0.38866085718134646, 'hidden_continuous_size': 16, 'attention_head_size': 2, 'learning_rate': 0.01815984425102112}. Best is trial 80 with value: 0.09247618168592453.
LOCAL_RANK: 0 - CUDA_VISIBLE_DEVICES: [0]
[I 2023-11-30 09:58:02,566] Trial 95 finished with value: 0.11846086382865906 and parameters: {'gradient_clip_val': 0.5297426187722643, 'hidden_size': 75, 'dropout': 0.3348291524813012, 'hidden_continuous_size': 23, 'attention_head_size': 1, 'learning_rate': 0.014864358025114521}. Best is trial 80 with value: 0.09247618168592453.
LOCAL_RANK: 0 - CUDA_VISIBLE_DEVICES: [0]
[I 2023-11-30 09:58:16,160] Trial 96 finished with value: 0.18897883594036102 and parameters: {'gradient_clip_val': 0.13806241809967293, 'hidden_size': 87, 'dropout': 0.33967444887527126, 'hidden_continuous_size': 14, 'attention_head_size': 2, 'learning_rate': 0.02984729728648805}. Best is trial 80 with value: 0.09247618168592453.
LOCAL_RANK: 0 - CUDA_VISIBLE_DEVICES: [0]
