[I 2023-11-30 04:44:04,779] Trial 59 finished with value: 0.15751709043979645 and parameters: {'gradient_clip_val': 0.3227947587571105, 'hidden_size': 150, 'dropout': 0.28966682874079624, 'hidden_continuous_size': 129, 'attention_head_size': 1, 'learning_rate': 0.022536557434684107}. Best is trial 38 with value: 0.09751420468091965.
LOCAL_RANK: 0 - CUDA_VISIBLE_DEVICES: [0]
[I 2023-11-30 04:44:18,761] Trial 60 finished with value: 0.3260170519351959 and parameters: {'gradient_clip_val': 0.1681259000897417, 'hidden_size': 73, 'dropout': 0.27231183401496245, 'hidden_continuous_size': 56, 'attention_head_size': 2, 'learning_rate': 0.047807862971827125}. Best is trial 38 with value: 0.09751420468091965.
LOCAL_RANK: 0 - CUDA_VISIBLE_DEVICES: [0]
[I 2023-11-30 04:44:33,543] Trial 61 finished with value: 0.23173801600933075 and parameters: {'gradient_clip_val': 0.2525832863916825, 'hidden_size': 126, 'dropout': 0.32209949555349127, 'hidden_continuous_size': 108, 'attention_head_size': 3, 'learning_rate': 0.08072725158589138}. Best is trial 38 with value: 0.09751420468091965.
LOCAL_RANK: 0 - CUDA_VISIBLE_DEVICES: [0]
[I 2023-11-30 04:44:48,253] Trial 62 finished with value: 0.21689121425151825 and parameters: {'gradient_clip_val': 0.2779911016160959, 'hidden_size': 123, 'dropout': 0.31153920096189514, 'hidden_continuous_size': 93, 'attention_head_size': 3, 'learning_rate': 0.08189644543051447}. Best is trial 38 with value: 0.09751420468091965.
LOCAL_RANK: 0 - CUDA_VISIBLE_DEVICES: [0]
[I 2023-11-30 04:45:02,858] Trial 63 finished with value: 0.29096487164497375 and parameters: {'gradient_clip_val': 0.25033410643864995, 'hidden_size': 136, 'dropout': 0.2976173115496505, 'hidden_continuous_size': 105, 'attention_head_size': 3, 'learning_rate': 0.05870419383447286}. Best is trial 38 with value: 0.09751420468091965.
LOCAL_RANK: 0 - CUDA_VISIBLE_DEVICES: [0]
[I 2023-11-30 04:45:17,510] Trial 64 finished with value: 0.19690243899822235 and parameters: {'gradient_clip_val': 0.2226851543099817, 'hidden_size': 104, 'dropout': 0.28326263449137523, 'hidden_continuous_size': 90, 'attention_head_size': 3, 'learning_rate': 0.07055303375008974}. Best is trial 38 with value: 0.09751420468091965.
LOCAL_RANK: 0 - CUDA_VISIBLE_DEVICES: [0]
[I 2023-11-30 04:45:31,945] Trial 65 finished with value: 0.4134317636489868 and parameters: {'gradient_clip_val': 0.29795797892306997, 'hidden_size': 86, 'dropout': 0.26411708884881335, 'hidden_continuous_size': 74, 'attention_head_size': 3, 'learning_rate': 0.054433534332882366}. Best is trial 38 with value: 0.09751420468091965.
LOCAL_RANK: 0 - CUDA_VISIBLE_DEVICES: [0]
[I 2023-11-30 04:45:46,491] Trial 66 finished with value: 0.25347891449928284 and parameters: {'gradient_clip_val': 0.36552744894991107, 'hidden_size': 116, 'dropout': 0.3043368569274999, 'hidden_continuous_size': 97, 'attention_head_size': 3, 'learning_rate': 0.08590016446315989}. Best is trial 38 with value: 0.09751420468091965.
LOCAL_RANK: 0 - CUDA_VISIBLE_DEVICES: [0]
[I 2023-11-30 04:46:01,272] Trial 67 finished with value: 0.12247395515441895 and parameters: {'gradient_clip_val': 0.23969743667478358, 'hidden_size': 132, 'dropout': 0.28650760583374346, 'hidden_continuous_size': 119, 'attention_head_size': 2, 'learning_rate': 0.044752383404860686}. Best is trial 38 with value: 0.09751420468091965.
LOCAL_RANK: 0 - CUDA_VISIBLE_DEVICES: [0]
[I 2023-11-30 04:46:16,358] Trial 68 finished with value: 0.2331288456916809 and parameters: {'gradient_clip_val': 0.21523917750001148, 'hidden_size': 143, 'dropout': 0.2885107712747389, 'hidden_continuous_size': 120, 'attention_head_size': 2, 'learning_rate': 0.04097332996383095}. Best is trial 38 with value: 0.09751420468091965.
LOCAL_RANK: 0 - CUDA_VISIBLE_DEVICES: [0]
[I 2023-11-30 04:46:30,922] Trial 69 finished with value: 0.17968697845935822 and parameters: {'gradient_clip_val': 0.23515024303090057, 'hidden_size': 108, 'dropout': 0.2550822791664528, 'hidden_continuous_size': 89, 'attention_head_size': 2, 'learning_rate': 0.047062538292402464}. Best is trial 38 with value: 0.09751420468091965.
LOCAL_RANK: 0 - CUDA_VISIBLE_DEVICES: [0]
[I 2023-11-30 04:46:45,321] Trial 70 finished with value: 0.143419086933136 and parameters: {'gradient_clip_val': 0.32925113344471185, 'hidden_size': 95, 'dropout': 0.19628058191895328, 'hidden_continuous_size': 83, 'attention_head_size': 2, 'learning_rate': 0.03416276415967441}. Best is trial 38 with value: 0.09751420468091965.
LOCAL_RANK: 0 - CUDA_VISIBLE_DEVICES: [0]
[I 2023-11-30 04:47:00,179] Trial 71 finished with value: 0.1874495893716812 and parameters: {'gradient_clip_val': 0.26245748200068475, 'hidden_size': 131, 'dropout': 0.30329900186212067, 'hidden_continuous_size': 100, 'attention_head_size': 3, 'learning_rate': 0.07285103880777503}. Best is trial 38 with value: 0.09751420468091965.
LOCAL_RANK: 0 - CUDA_VISIBLE_DEVICES: [0]
[I 2023-11-30 04:47:14,759] Trial 72 finished with value: 0.19430744647979736 and parameters: {'gradient_clip_val': 0.2447708158341412, 'hidden_size': 124, 'dropout': 0.2688724301464866, 'hidden_continuous_size': 103, 'attention_head_size': 2, 'learning_rate': 0.05839537375848281}. Best is trial 38 with value: 0.09751420468091965.
LOCAL_RANK: 0 - CUDA_VISIBLE_DEVICES: [0]
[I 2023-11-30 04:47:29,485] Trial 73 finished with value: 0.20557241141796112 and parameters: {'gradient_clip_val': 0.2843104583500805, 'hidden_size': 140, 'dropout': 0.32977016081422345, 'hidden_continuous_size': 121, 'attention_head_size': 1, 'learning_rate': 0.05235522694561313}. Best is trial 38 with value: 0.09751420468091965.
LOCAL_RANK: 0 - CUDA_VISIBLE_DEVICES: [0]
[I 2023-11-30 04:47:44,379] Trial 74 finished with value: 0.1839999556541443 and parameters: {'gradient_clip_val': 0.20940592781237294, 'hidden_size': 118, 'dropout': 0.2843120334176218, 'hidden_continuous_size': 106, 'attention_head_size': 3, 'learning_rate': 0.0381382098747335}. Best is trial 38 with value: 0.09751420468091965.
LOCAL_RANK: 0 - CUDA_VISIBLE_DEVICES: [0]
[I 2023-11-30 04:47:58,827] Trial 75 finished with value: 0.09891978651285172 and parameters: {'gradient_clip_val': 0.2677832566321911, 'hidden_size': 101, 'dropout': 0.3197292052451732, 'hidden_continuous_size': 92, 'attention_head_size': 2, 'learning_rate': 0.02755334998587074}. Best is trial 38 with value: 0.09751420468091965.
LOCAL_RANK: 0 - CUDA_VISIBLE_DEVICES: [0]
[I 2023-11-30 04:48:13,110] Trial 76 finished with value: 0.13024620711803436 and parameters: {'gradient_clip_val': 0.2704473044121119, 'hidden_size': 79, 'dropout': 0.3407467039018389, 'hidden_continuous_size': 74, 'attention_head_size': 2, 'learning_rate': 0.025065301358459614}. Best is trial 38 with value: 0.09751420468091965.
LOCAL_RANK: 0 - CUDA_VISIBLE_DEVICES: [0]
[I 2023-11-30 04:48:27,636] Trial 77 finished with value: 0.11193624883890152 and parameters: {'gradient_clip_val': 0.3915880043351122, 'hidden_size': 103, 'dropout': 0.3237788829637795, 'hidden_continuous_size': 93, 'attention_head_size': 2, 'learning_rate': 0.02857306476204905}. Best is trial 38 with value: 0.09751420468091965.
LOCAL_RANK: 0 - CUDA_VISIBLE_DEVICES: [0]
[I 2023-11-30 04:48:41,871] Trial 78 finished with value: 0.15265534818172455 and parameters: {'gradient_clip_val': 0.38876148767680135, 'hidden_size': 101, 'dropout': 0.3186500880019187, 'hidden_continuous_size': 93, 'attention_head_size': 2, 'learning_rate': 0.028751888231280262}. Best is trial 38 with value: 0.09751420468091965.
LOCAL_RANK: 0 - CUDA_VISIBLE_DEVICES: [0]
[I 2023-11-30 04:48:56,619] Trial 79 finished with value: 0.16334562003612518 and parameters: {'gradient_clip_val': 0.42137287406761487, 'hidden_size': 111, 'dropout': 0.27598253349387664, 'hidden_continuous_size': 98, 'attention_head_size': 2, 'learning_rate': 0.021413750021328542}. Best is trial 38 with value: 0.09751420468091965.
LOCAL_RANK: 0 - CUDA_VISIBLE_DEVICES: [0]
[I 2023-11-30 04:49:11,074] Trial 80 finished with value: 0.11282087117433548 and parameters: {'gradient_clip_val': 0.35972283183891546, 'hidden_size': 90, 'dropout': 0.313016329230643, 'hidden_continuous_size': 80, 'attention_head_size': 2, 'learning_rate': 0.027611358218083134}. Best is trial 38 with value: 0.09751420468091965.
LOCAL_RANK: 0 - CUDA_VISIBLE_DEVICES: [0]
[I 2023-11-30 04:49:25,359] Trial 81 finished with value: 0.2965075969696045 and parameters: {'gradient_clip_val': 0.3534184927235203, 'hidden_size': 90, 'dropout': 0.3120518766555641, 'hidden_continuous_size': 80, 'attention_head_size': 2, 'learning_rate': 0.03209822616462288}. Best is trial 38 with value: 0.09751420468091965.
LOCAL_RANK: 0 - CUDA_VISIBLE_DEVICES: [0]
[I 2023-11-30 04:49:39,852] Trial 82 finished with value: 0.16465705633163452 and parameters: {'gradient_clip_val': 0.3896250868293808, 'hidden_size': 85, 'dropout': 0.2964968158664194, 'hidden_continuous_size': 77, 'attention_head_size': 2, 'learning_rate': 0.02853257429943832}. Best is trial 38 with value: 0.09751420468091965.
LOCAL_RANK: 0 - CUDA_VISIBLE_DEVICES: [0]
[I 2023-11-30 04:49:54,262] Trial 83 finished with value: 0.14564280211925507 and parameters: {'gradient_clip_val': 0.3129902965380836, 'hidden_size': 102, 'dropout': 0.30820460477944667, 'hidden_continuous_size': 92, 'attention_head_size': 2, 'learning_rate': 0.04359855903159603}. Best is trial 38 with value: 0.09751420468091965.
LOCAL_RANK: 0 - CUDA_VISIBLE_DEVICES: [0]
[I 2023-11-30 04:50:08,972] Trial 84 finished with value: 0.1622340977191925 and parameters: {'gradient_clip_val': 0.3389459205267421, 'hidden_size': 118, 'dropout': 0.32567043522668176, 'hidden_continuous_size': 99, 'attention_head_size': 2, 'learning_rate': 0.023512167255064307}. Best is trial 38 with value: 0.09751420468091965.
LOCAL_RANK: 0 - CUDA_VISIBLE_DEVICES: [0]
[I 2023-11-30 04:50:23,374] Trial 85 finished with value: 0.17225509881973267 and parameters: {'gradient_clip_val': 0.4585548020286452, 'hidden_size': 108, 'dropout': 0.28920518402196704, 'hidden_continuous_size': 84, 'attention_head_size': 2, 'learning_rate': 0.026767735744255724}. Best is trial 38 with value: 0.09751420468091965.
LOCAL_RANK: 0 - CUDA_VISIBLE_DEVICES: [0]
[I 2023-11-30 04:50:37,793] Trial 86 finished with value: 0.11493545025587082 and parameters: {'gradient_clip_val': 0.3784519591806703, 'hidden_size': 99, 'dropout': 0.29877253146026966, 'hidden_continuous_size': 88, 'attention_head_size': 2, 'learning_rate': 0.01711841889032027}. Best is trial 38 with value: 0.09751420468091965.
LOCAL_RANK: 0 - CUDA_VISIBLE_DEVICES: [0]
[I 2023-11-30 04:50:52,305] Trial 87 finished with value: 0.11656562238931656 and parameters: {'gradient_clip_val': 0.3701390856616882, 'hidden_size': 91, 'dropout': 0.31548907713209057, 'hidden_continuous_size': 85, 'attention_head_size': 2, 'learning_rate': 0.017622602416807645}. Best is trial 38 with value: 0.09751420468091965.
LOCAL_RANK: 0 - CUDA_VISIBLE_DEVICES: [0]
[I 2023-11-30 04:51:06,714] Trial 88 finished with value: 0.2503315508365631 and parameters: {'gradient_clip_val': 0.37506321714618585, 'hidden_size': 97, 'dropout': 0.33563720274977266, 'hidden_continuous_size': 86, 'attention_head_size': 2, 'learning_rate': 0.016568238908012182}. Best is trial 38 with value: 0.09751420468091965.
LOCAL_RANK: 0 - CUDA_VISIBLE_DEVICES: [0]
[I 2023-11-30 04:51:21,123] Trial 89 finished with value: 0.13149864971637726 and parameters: {'gradient_clip_val': 0.41863100737800263, 'hidden_size': 90, 'dropout': 0.32191929938458297, 'hidden_continuous_size': 80, 'attention_head_size': 2, 'learning_rate': 0.014501627196162119}. Best is trial 38 with value: 0.09751420468091965.
LOCAL_RANK: 0 - CUDA_VISIBLE_DEVICES: [0]
[I 2023-11-30 04:51:35,425] Trial 90 finished with value: 0.23318444192409515 and parameters: {'gradient_clip_val': 0.35409288974884584, 'hidden_size': 81, 'dropout': 0.31494175231525473, 'hidden_continuous_size': 69, 'attention_head_size': 2, 'learning_rate': 0.017606274396368356}. Best is trial 38 with value: 0.09751420468091965.
LOCAL_RANK: 0 - CUDA_VISIBLE_DEVICES: [0]
[I 2023-11-30 04:51:49,977] Trial 91 finished with value: 0.17696450650691986 and parameters: {'gradient_clip_val': 0.40293637435820395, 'hidden_size': 110, 'dropout': 0.2984223965734904, 'hidden_continuous_size': 92, 'attention_head_size': 2, 'learning_rate': 0.019772347936964516}. Best is trial 38 with value: 0.09751420468091965.
LOCAL_RANK: 0 - CUDA_VISIBLE_DEVICES: [0]
[I 2023-11-30 04:52:04,728] Trial 92 finished with value: 0.20359377562999725 and parameters: {'gradient_clip_val': 0.3286451885274922, 'hidden_size': 131, 'dropout': 0.3056230602983374, 'hidden_continuous_size': 106, 'attention_head_size': 2, 'learning_rate': 0.03131912475383541}. Best is trial 38 with value: 0.09751420468091965.
LOCAL_RANK: 0 - CUDA_VISIBLE_DEVICES: [0]
[I 2023-11-30 04:52:19,135] Trial 93 finished with value: 0.14910297095775604 and parameters: {'gradient_clip_val': 0.37751112395604064, 'hidden_size': 98, 'dropout': 0.3174701968436904, 'hidden_continuous_size': 87, 'attention_head_size': 2, 'learning_rate': 0.02112354090259278}. Best is trial 38 with value: 0.09751420468091965.
LOCAL_RANK: 0 - CUDA_VISIBLE_DEVICES: [0]
[I 2023-11-30 04:52:33,993] Trial 94 finished with value: 0.18281321227550507 and parameters: {'gradient_clip_val': 0.4444629454902637, 'hidden_size': 122, 'dropout': 0.2931469711070122, 'hidden_continuous_size': 97, 'attention_head_size': 2, 'learning_rate': 0.023065310063125753}. Best is trial 38 with value: 0.09751420468091965.
LOCAL_RANK: 0 - CUDA_VISIBLE_DEVICES: [0]
[I 2023-11-30 04:52:48,968] Trial 95 finished with value: 0.11387226730585098 and parameters: {'gradient_clip_val': 0.3070903474787488, 'hidden_size': 142, 'dropout': 0.2778722864654056, 'hidden_continuous_size': 115, 'attention_head_size': 2, 'learning_rate': 0.012339923306395278}. Best is trial 38 with value: 0.09751420468091965.
LOCAL_RANK: 0 - CUDA_VISIBLE_DEVICES: [0]
[I 2023-11-30 04:53:03,833] Trial 96 finished with value: 0.10360952466726303 and parameters: {'gradient_clip_val': 0.29948782525644635, 'hidden_size': 141, 'dropout': 0.2773754951494549, 'hidden_continuous_size': 113, 'attention_head_size': 2, 'learning_rate': 0.012765354280749703}. Best is trial 38 with value: 0.09751420468091965.
LOCAL_RANK: 0 - CUDA_VISIBLE_DEVICES: [0]
[I 2023-11-30 04:53:18,833] Trial 97 finished with value: 0.16690315306186676 and parameters: {'gradient_clip_val': 0.2981643297200434, 'hidden_size': 148, 'dropout': 0.3003755068707043, 'hidden_continuous_size': 133, 'attention_head_size': 2, 'learning_rate': 0.013451509572055265}. Best is trial 38 with value: 0.09751420468091965.
LOCAL_RANK: 0 - CUDA_VISIBLE_DEVICES: [0]
[I 2023-11-30 04:53:33,670] Trial 98 finished with value: 0.23771119117736816 and parameters: {'gradient_clip_val': 0.31424656503260023, 'hidden_size': 142, 'dropout': 0.28150041969070627, 'hidden_continuous_size': 113, 'attention_head_size': 2, 'learning_rate': 0.01138279299983589}. Best is trial 38 with value: 0.09751420468091965.
LOCAL_RANK: 0 - CUDA_VISIBLE_DEVICES: [0]
[I 2023-11-30 04:53:48,863] Trial 99 finished with value: 0.13002866506576538 and parameters: {'gradient_clip_val': 0.35690872984634575, 'hidden_size': 139, 'dropout': 0.31212442738191826, 'hidden_continuous_size': 114, 'attention_head_size': 2, 'learning_rate': 0.015428021775801137}. Best is trial 38 with value: 0.09751420468091965.
LOCAL_RANK: 0 - CUDA_VISIBLE_DEVICES: [0]
[I 2023-11-30 04:54:03,441] Trial 100 finished with value: 0.2438218593597412 and parameters: {'gradient_clip_val': 0.33357727584556834, 'hidden_size': 113, 'dropout': 0.32901144977007996, 'hidden_continuous_size': 100, 'attention_head_size': 2, 'learning_rate': 0.01805764862928112}. Best is trial 38 with value: 0.09751420468091965.
LOCAL_RANK: 0 - CUDA_VISIBLE_DEVICES: [0]
[I 2023-11-30 04:54:18,000] Trial 101 finished with value: 0.1800323724746704 and parameters: {'gradient_clip_val': 0.34435906585081855, 'hidden_size': 103, 'dropout': 0.27596570272838067, 'hidden_continuous_size': 95, 'attention_head_size': 2, 'learning_rate': 0.011124827934180584}. Best is trial 38 with value: 0.09751420468091965.
LOCAL_RANK: 0 - CUDA_VISIBLE_DEVICES: [0]
[I 2023-11-30 04:54:32,570] Trial 102 finished with value: 0.18458183109760284 and parameters: {'gradient_clip_val': 0.30454308001665054, 'hidden_size': 120, 'dropout': 0.294151432754733, 'hidden_continuous_size': 104, 'attention_head_size': 2, 'learning_rate': 0.0178236342899852}. Best is trial 38 with value: 0.09751420468091965.
LOCAL_RANK: 0 - CUDA_VISIBLE_DEVICES: [0]
[I 2023-11-30 04:54:47,291] Trial 103 finished with value: 0.1320221871137619 and parameters: {'gradient_clip_val': 0.3691233828364125, 'hidden_size': 129, 'dropout': 0.3092576020101553, 'hidden_continuous_size': 112, 'attention_head_size': 2, 'learning_rate': 0.025159148688044853}. Best is trial 38 with value: 0.09751420468091965.
LOCAL_RANK: 0 - CUDA_VISIBLE_DEVICES: [0]
[I 2023-11-30 04:55:01,905] Trial 104 finished with value: 0.1357250213623047 and parameters: {'gradient_clip_val': 0.29132459454775855, 'hidden_size': 93, 'dropout': 0.2809126069825387, 'hidden_continuous_size': 88, 'attention_head_size': 2, 'learning_rate': 0.021326427736065714}. Best is trial 38 with value: 0.09751420468091965.
LOCAL_RANK: 0 - CUDA_VISIBLE_DEVICES: [0]
[I 2023-11-30 04:55:16,332] Trial 105 finished with value: 0.25902995467185974 and parameters: {'gradient_clip_val': 0.31900950933691696, 'hidden_size': 87, 'dropout': 0.3057534808270219, 'hidden_continuous_size': 82, 'attention_head_size': 2, 'learning_rate': 0.012552135270645286}. Best is trial 38 with value: 0.09751420468091965.
LOCAL_RANK: 0 - CUDA_VISIBLE_DEVICES: [0]
[I 2023-11-30 04:55:30,951] Trial 106 finished with value: 0.1369975060224533 and parameters: {'gradient_clip_val': 0.38786512892207525, 'hidden_size': 107, 'dropout': 0.320840066691266, 'hidden_continuous_size': 94, 'attention_head_size': 2, 'learning_rate': 0.009650654062571056}. Best is trial 38 with value: 0.09751420468091965.
LOCAL_RANK: 0 - CUDA_VISIBLE_DEVICES: [0]
[I 2023-11-30 04:55:45,511] Trial 107 finished with value: 0.11700993776321411 and parameters: {'gradient_clip_val': 0.4032689879393033, 'hidden_size': 118, 'dropout': 0.26160195224973876, 'hidden_continuous_size': 102, 'attention_head_size': 2, 'learning_rate': 0.01459198625766077}. Best is trial 38 with value: 0.09751420468091965.
LOCAL_RANK: 0 - CUDA_VISIBLE_DEVICES: [0]
[I 2023-11-30 04:56:00,758] Trial 108 finished with value: 0.34096893668174744 and parameters: {'gradient_clip_val': 0.3504098554207046, 'hidden_size': 149, 'dropout': 0.26444079276614946, 'hidden_continuous_size': 142, 'attention_head_size': 2, 'learning_rate': 0.01546580972575823}. Best is trial 38 with value: 0.09751420468091965.
LOCAL_RANK: 0 - CUDA_VISIBLE_DEVICES: [0]
[I 2023-11-30 04:56:15,703] Trial 109 finished with value: 0.11333197355270386 and parameters: {'gradient_clip_val': 0.27448719812759553, 'hidden_size': 126, 'dropout': 0.34146971736001525, 'hidden_continuous_size': 111, 'attention_head_size': 2, 'learning_rate': 0.01645514570988999}. Best is trial 38 with value: 0.09751420468091965.
LOCAL_RANK: 0 - CUDA_VISIBLE_DEVICES: [0]
[I 2023-11-30 04:56:30,168] Trial 110 finished with value: 0.22150324285030365 and parameters: {'gradient_clip_val': 0.27459695596445677, 'hidden_size': 118, 'dropout': 0.34366947732090986, 'hidden_continuous_size': 102, 'attention_head_size': 2, 'learning_rate': 0.014474820461561004}. Best is trial 38 with value: 0.09751420468091965.
LOCAL_RANK: 0 - CUDA_VISIBLE_DEVICES: [0]
[I 2023-11-30 04:56:45,061] Trial 111 finished with value: 0.2077275514602661 and parameters: {'gradient_clip_val': 0.2961107725368215, 'hidden_size': 137, 'dropout': 0.3354374142908243, 'hidden_continuous_size': 126, 'attention_head_size': 2, 'learning_rate': 0.0167763782381615}. Best is trial 38 with value: 0.09751420468091965.
LOCAL_RANK: 0 - CUDA_VISIBLE_DEVICES: [0]
[I 2023-11-30 04:56:59,786] Trial 112 finished with value: 0.1113421693444252 and parameters: {'gradient_clip_val': 0.3216759983172748, 'hidden_size': 125, 'dropout': 0.27013691286340785, 'hidden_continuous_size': 109, 'attention_head_size': 2, 'learning_rate': 0.015533787067339884}. Best is trial 38 with value: 0.09751420468091965.
LOCAL_RANK: 0 - CUDA_VISIBLE_DEVICES: [0]
[I 2023-11-30 04:57:14,380] Trial 113 finished with value: 0.1349882185459137 and parameters: {'gradient_clip_val': 0.3247841826052821, 'hidden_size': 124, 'dropout': 0.2720875369901745, 'hidden_continuous_size': 111, 'attention_head_size': 2, 'learning_rate': 0.019042476095992435}. Best is trial 38 with value: 0.09751420468091965.
LOCAL_RANK: 0 - CUDA_VISIBLE_DEVICES: [0]
[I 2023-11-30 04:57:29,042] Trial 114 finished with value: 0.1355050653219223 and parameters: {'gradient_clip_val': 0.28741595292173366, 'hidden_size': 101, 'dropout': 0.26058457695646886, 'hidden_continuous_size': 95, 'attention_head_size': 2, 'learning_rate': 0.01281547914371513}. Best is trial 38 with value: 0.09751420468091965.
LOCAL_RANK: 0 - CUDA_VISIBLE_DEVICES: [0]
[I 2023-11-30 04:57:43,657] Trial 115 finished with value: 0.11260166019201279 and parameters: {'gradient_clip_val': 0.31068778153092974, 'hidden_size': 113, 'dropout': 0.3308362510799675, 'hidden_continuous_size': 103, 'attention_head_size': 2, 'learning_rate': 0.014886406540326084}. Best is trial 38 with value: 0.09751420468091965.
LOCAL_RANK: 0 - CUDA_VISIBLE_DEVICES: [0]
[I 2023-11-30 04:57:58,172] Trial 116 finished with value: 0.17167945206165314 and parameters: {'gradient_clip_val': 0.265434297732197, 'hidden_size': 112, 'dropout': 0.34441740286991607, 'hidden_continuous_size': 105, 'attention_head_size': 2, 'learning_rate': 0.016898486298038782}. Best is trial 38 with value: 0.09751420468091965.
LOCAL_RANK: 0 - CUDA_VISIBLE_DEVICES: [0]
