[I 2023-11-30 02:33:05,101] Trial 82 finished with value: 0.060504328459501266 and parameters: {'gradient_clip_val': 0.5235567651512574, 'hidden_size': 54, 'dropout': 0.23685194875289758, 'hidden_continuous_size': 15, 'attention_head_size': 1, 'learning_rate': 0.09767028727847037}. Best is trial 82 with value: 0.060504328459501266.
LOCAL_RANK: 0 - CUDA_VISIBLE_DEVICES: [0]
[I 2023-11-30 02:33:18,294] Trial 83 finished with value: 0.08689496666193008 and parameters: {'gradient_clip_val': 0.5163255576148112, 'hidden_size': 57, 'dropout': 0.24641600678603137, 'hidden_continuous_size': 15, 'attention_head_size': 1, 'learning_rate': 0.08713920767126712}. Best is trial 82 with value: 0.060504328459501266.
LOCAL_RANK: 0 - CUDA_VISIBLE_DEVICES: [0]
[I 2023-11-30 02:33:31,081] Trial 84 finished with value: 0.11150208115577698 and parameters: {'gradient_clip_val': 0.7307182060622717, 'hidden_size': 44, 'dropout': 0.2356560344759954, 'hidden_continuous_size': 16, 'attention_head_size': 1, 'learning_rate': 0.06195200399520123}. Best is trial 82 with value: 0.060504328459501266.
LOCAL_RANK: 0 - CUDA_VISIBLE_DEVICES: [0]
[I 2023-11-30 02:33:44,144] Trial 85 finished with value: 0.09547925740480423 and parameters: {'gradient_clip_val': 0.5642398007985017, 'hidden_size': 41, 'dropout': 0.18801723276013957, 'hidden_continuous_size': 19, 'attention_head_size': 1, 'learning_rate': 0.07583978172263078}. Best is trial 82 with value: 0.060504328459501266.
LOCAL_RANK: 0 - CUDA_VISIBLE_DEVICES: [0]
[I 2023-11-30 02:33:57,152] Trial 86 finished with value: 0.08103839308023453 and parameters: {'gradient_clip_val': 0.5264469736274063, 'hidden_size': 54, 'dropout': 0.2506301315004576, 'hidden_continuous_size': 17, 'attention_head_size': 1, 'learning_rate': 0.05223162588246953}. Best is trial 82 with value: 0.060504328459501266.
LOCAL_RANK: 0 - CUDA_VISIBLE_DEVICES: [0]
[I 2023-11-30 02:34:09,773] Trial 87 finished with value: 0.09442472457885742 and parameters: {'gradient_clip_val': 0.4913886906609005, 'hidden_size': 36, 'dropout': 0.2593378806003169, 'hidden_continuous_size': 17, 'attention_head_size': 1, 'learning_rate': 0.09970731496410958}. Best is trial 82 with value: 0.060504328459501266.
LOCAL_RANK: 0 - CUDA_VISIBLE_DEVICES: [0]
[I 2023-11-30 02:34:22,669] Trial 88 finished with value: 0.12250127643346786 and parameters: {'gradient_clip_val': 0.543161388796728, 'hidden_size': 54, 'dropout': 0.24972464664501323, 'hidden_continuous_size': 15, 'attention_head_size': 1, 'learning_rate': 0.05434736015129565}. Best is trial 82 with value: 0.060504328459501266.
LOCAL_RANK: 0 - CUDA_VISIBLE_DEVICES: [0]
[I 2023-11-30 02:34:35,754] Trial 89 finished with value: 0.12335709482431412 and parameters: {'gradient_clip_val': 0.5210884474289027, 'hidden_size': 49, 'dropout': 0.24069385328337445, 'hidden_continuous_size': 14, 'attention_head_size': 1, 'learning_rate': 0.08058699180159379}. Best is trial 82 with value: 0.060504328459501266.
LOCAL_RANK: 0 - CUDA_VISIBLE_DEVICES: [0]
[I 2023-11-30 02:34:48,812] Trial 90 finished with value: 0.10388058423995972 and parameters: {'gradient_clip_val': 0.7962127234952988, 'hidden_size': 45, 'dropout': 0.2604288972212434, 'hidden_continuous_size': 17, 'attention_head_size': 1, 'learning_rate': 0.07276498830600266}. Best is trial 82 with value: 0.060504328459501266.
LOCAL_RANK: 0 - CUDA_VISIBLE_DEVICES: [0]
[I 2023-11-30 02:35:02,161] Trial 91 finished with value: 0.12300046533346176 and parameters: {'gradient_clip_val': 0.6703104126080159, 'hidden_size': 63, 'dropout': 0.22899216183991775, 'hidden_continuous_size': 18, 'attention_head_size': 1, 'learning_rate': 0.04546915797284295}. Best is trial 82 with value: 0.060504328459501266.
LOCAL_RANK: 0 - CUDA_VISIBLE_DEVICES: [0]
[I 2023-11-30 02:35:15,251] Trial 92 finished with value: 0.09993914514780045 and parameters: {'gradient_clip_val': 0.4652461142128199, 'hidden_size': 54, 'dropout': 0.24869716692287933, 'hidden_continuous_size': 20, 'attention_head_size': 1, 'learning_rate': 0.05965452070215863}. Best is trial 82 with value: 0.060504328459501266.
LOCAL_RANK: 0 - CUDA_VISIBLE_DEVICES: [0]
[I 2023-11-30 02:35:28,784] Trial 93 finished with value: 0.07611439377069473 and parameters: {'gradient_clip_val': 0.604185958065056, 'hidden_size': 69, 'dropout': 0.23925008396523664, 'hidden_continuous_size': 21, 'attention_head_size': 1, 'learning_rate': 0.04174212543229935}. Best is trial 82 with value: 0.060504328459501266.
LOCAL_RANK: 0 - CUDA_VISIBLE_DEVICES: [0]
[I 2023-11-30 02:35:42,006] Trial 94 finished with value: 0.12545979022979736 and parameters: {'gradient_clip_val': 0.6454471821043869, 'hidden_size': 59, 'dropout': 0.2350671041306532, 'hidden_continuous_size': 18, 'attention_head_size': 1, 'learning_rate': 0.06753957388411218}. Best is trial 82 with value: 0.060504328459501266.
LOCAL_RANK: 0 - CUDA_VISIBLE_DEVICES: [0]
[I 2023-11-30 02:35:55,350] Trial 95 finished with value: 0.11053245514631271 and parameters: {'gradient_clip_val': 0.5971938717135246, 'hidden_size': 50, 'dropout': 0.22201130996813823, 'hidden_continuous_size': 21, 'attention_head_size': 1, 'learning_rate': 0.08742561571626793}. Best is trial 82 with value: 0.060504328459501266.
LOCAL_RANK: 0 - CUDA_VISIBLE_DEVICES: [0]
[I 2023-11-30 02:36:08,041] Trial 96 finished with value: 0.13711567223072052 and parameters: {'gradient_clip_val': 0.7108093123943087, 'hidden_size': 40, 'dropout': 0.26445987892015266, 'hidden_continuous_size': 16, 'attention_head_size': 1, 'learning_rate': 0.051851609365438346}. Best is trial 82 with value: 0.060504328459501266.
LOCAL_RANK: 0 - CUDA_VISIBLE_DEVICES: [0]
[I 2023-11-30 02:36:21,490] Trial 97 finished with value: 0.12800823152065277 and parameters: {'gradient_clip_val': 0.49261307215228156, 'hidden_size': 69, 'dropout': 0.2517680725184946, 'hidden_continuous_size': 23, 'attention_head_size': 1, 'learning_rate': 0.09134011674646299}. Best is trial 82 with value: 0.060504328459501266.
LOCAL_RANK: 0 - CUDA_VISIBLE_DEVICES: [0]
[I 2023-11-30 02:36:34,288] Trial 98 finished with value: 0.08092349767684937 and parameters: {'gradient_clip_val': 0.5362407266931278, 'hidden_size': 45, 'dropout': 0.21699263216911313, 'hidden_continuous_size': 15, 'attention_head_size': 1, 'learning_rate': 0.06450154231049876}. Best is trial 82 with value: 0.060504328459501266.
LOCAL_RANK: 0 - CUDA_VISIBLE_DEVICES: [0]
[I 2023-11-30 02:36:47,870] Trial 99 finished with value: 0.12064605951309204 and parameters: {'gradient_clip_val': 0.5314454502439508, 'hidden_size': 74, 'dropout': 0.24301274838655837, 'hidden_continuous_size': 19, 'attention_head_size': 1, 'learning_rate': 0.043227897607664705}. Best is trial 82 with value: 0.060504328459501266.
LOCAL_RANK: 0 - CUDA_VISIBLE_DEVICES: [0]
[I 2023-11-30 02:37:01,097] Trial 100 finished with value: 0.08279871195554733 and parameters: {'gradient_clip_val': 0.43245958120330735, 'hidden_size': 43, 'dropout': 0.27274717902695306, 'hidden_continuous_size': 16, 'attention_head_size': 2, 'learning_rate': 0.036743282726982636}. Best is trial 82 with value: 0.060504328459501266.
LOCAL_RANK: 0 - CUDA_VISIBLE_DEVICES: [0]
[I 2023-11-30 02:37:14,021] Trial 101 finished with value: 0.1406182497739792 and parameters: {'gradient_clip_val': 0.4488715948706187, 'hidden_size': 42, 'dropout': 0.27615581484367147, 'hidden_continuous_size': 16, 'attention_head_size': 2, 'learning_rate': 0.0356825622504567}. Best is trial 82 with value: 0.060504328459501266.
LOCAL_RANK: 0 - CUDA_VISIBLE_DEVICES: [0]
[I 2023-11-30 02:37:27,245] Trial 102 finished with value: 0.07864989340305328 and parameters: {'gradient_clip_val': 0.5569779813822283, 'hidden_size': 46, 'dropout': 0.214193031032003, 'hidden_continuous_size': 17, 'attention_head_size': 2, 'learning_rate': 0.056535031267205056}. Best is trial 82 with value: 0.060504328459501266.
LOCAL_RANK: 0 - CUDA_VISIBLE_DEVICES: [0]
[I 2023-11-30 02:37:40,237] Trial 103 finished with value: 0.10674053430557251 and parameters: {'gradient_clip_val': 0.5639557046249937, 'hidden_size': 45, 'dropout': 0.21529793587210505, 'hidden_continuous_size': 17, 'attention_head_size': 2, 'learning_rate': 0.04793216408706539}. Best is trial 82 with value: 0.060504328459501266.
LOCAL_RANK: 0 - CUDA_VISIBLE_DEVICES: [0]
[I 2023-11-30 02:37:53,177] Trial 104 finished with value: 0.11132580041885376 and parameters: {'gradient_clip_val': 0.49971770172664015, 'hidden_size': 39, 'dropout': 0.23645755581167124, 'hidden_continuous_size': 15, 'attention_head_size': 2, 'learning_rate': 0.05651024803531606}. Best is trial 82 with value: 0.060504328459501266.
LOCAL_RANK: 0 - CUDA_VISIBLE_DEVICES: [0]
[I 2023-11-30 02:38:06,222] Trial 105 finished with value: 0.13446883857250214 and parameters: {'gradient_clip_val': 0.5289298049434913, 'hidden_size': 42, 'dropout': 0.23163025858677122, 'hidden_continuous_size': 17, 'attention_head_size': 2, 'learning_rate': 0.04075698378776136}. Best is trial 82 with value: 0.060504328459501266.
LOCAL_RANK: 0 - CUDA_VISIBLE_DEVICES: [0]
[I 2023-11-30 02:38:19,112] Trial 106 finished with value: 0.07542730122804642 and parameters: {'gradient_clip_val': 0.4614794315685798, 'hidden_size': 35, 'dropout': 0.2073406429880673, 'hidden_continuous_size': 18, 'attention_head_size': 2, 'learning_rate': 0.05312817024712178}. Best is trial 82 with value: 0.060504328459501266.
LOCAL_RANK: 0 - CUDA_VISIBLE_DEVICES: [0]
[I 2023-11-30 02:38:31,700] Trial 107 finished with value: 0.0902857780456543 and parameters: {'gradient_clip_val': 0.4768836572659328, 'hidden_size': 32, 'dropout': 0.20049014753110342, 'hidden_continuous_size': 18, 'attention_head_size': 1, 'learning_rate': 0.06244668438824892}. Best is trial 82 with value: 0.060504328459501266.
LOCAL_RANK: 0 - CUDA_VISIBLE_DEVICES: [0]
[I 2023-11-30 02:38:45,028] Trial 108 finished with value: 0.12331732362508774 and parameters: {'gradient_clip_val': 0.5529212842517539, 'hidden_size': 50, 'dropout': 0.20819604730919242, 'hidden_continuous_size': 21, 'attention_head_size': 2, 'learning_rate': 0.051385722703959184}. Best is trial 82 with value: 0.060504328459501266.
LOCAL_RANK: 0 - CUDA_VISIBLE_DEVICES: [0]
[I 2023-11-30 02:38:57,773] Trial 109 finished with value: 0.09594854712486267 and parameters: {'gradient_clip_val': 0.6038349373474732, 'hidden_size': 36, 'dropout': 0.21685511543358654, 'hidden_continuous_size': 20, 'attention_head_size': 2, 'learning_rate': 0.05652581954960791}. Best is trial 82 with value: 0.060504328459501266.
LOCAL_RANK: 0 - CUDA_VISIBLE_DEVICES: [0]
[I 2023-11-30 02:39:10,778] Trial 110 finished with value: 0.08848684281110764 and parameters: {'gradient_clip_val': 0.588075878758676, 'hidden_size': 38, 'dropout': 0.1963949338007185, 'hidden_continuous_size': 18, 'attention_head_size': 1, 'learning_rate': 0.06578996415077022}. Best is trial 82 with value: 0.060504328459501266.
LOCAL_RANK: 0 - CUDA_VISIBLE_DEVICES: [0]
[I 2023-11-30 02:39:23,706] Trial 111 finished with value: 0.0792834535241127 and parameters: {'gradient_clip_val': 0.4125790568866783, 'hidden_size': 46, 'dropout': 0.2062127064733366, 'hidden_continuous_size': 16, 'attention_head_size': 2, 'learning_rate': 0.0476291252787604}. Best is trial 82 with value: 0.060504328459501266.
LOCAL_RANK: 0 - CUDA_VISIBLE_DEVICES: [0]
[I 2023-11-30 02:39:36,760] Trial 112 finished with value: 0.07679030299186707 and parameters: {'gradient_clip_val': 0.4795183980898601, 'hidden_size': 52, 'dropout': 0.20564357685677817, 'hidden_continuous_size': 19, 'attention_head_size': 2, 'learning_rate': 0.04500810131964374}. Best is trial 82 with value: 0.060504328459501266.
LOCAL_RANK: 0 - CUDA_VISIBLE_DEVICES: [0]
[I 2023-11-30 02:39:50,181] Trial 113 finished with value: 0.14225079119205475 and parameters: {'gradient_clip_val': 0.4652105277590999, 'hidden_size': 53, 'dropout': 0.20347080098318762, 'hidden_continuous_size': 19, 'attention_head_size': 2, 'learning_rate': 0.04320943942175046}. Best is trial 82 with value: 0.060504328459501266.
LOCAL_RANK: 0 - CUDA_VISIBLE_DEVICES: [0]
[I 2023-11-30 02:40:03,621] Trial 114 finished with value: 0.14201892912387848 and parameters: {'gradient_clip_val': 0.41192939620194613, 'hidden_size': 59, 'dropout': 0.2109028388928751, 'hidden_continuous_size': 17, 'attention_head_size': 2, 'learning_rate': 0.047700010208282725}. Best is trial 82 with value: 0.060504328459501266.
LOCAL_RANK: 0 - CUDA_VISIBLE_DEVICES: [0]
[I 2023-11-30 02:40:17,131] Trial 115 finished with value: 0.0788637027144432 and parameters: {'gradient_clip_val': 0.4994300045224666, 'hidden_size': 56, 'dropout': 0.22789690189742035, 'hidden_continuous_size': 22, 'attention_head_size': 2, 'learning_rate': 0.03270302960096155}. Best is trial 82 with value: 0.060504328459501266.
LOCAL_RANK: 0 - CUDA_VISIBLE_DEVICES: [0]
[I 2023-11-30 02:40:30,227] Trial 116 finished with value: 0.09582582861185074 and parameters: {'gradient_clip_val': 0.5111368727623261, 'hidden_size': 56, 'dropout': 0.2227570800715157, 'hidden_continuous_size': 24, 'attention_head_size': 2, 'learning_rate': 0.033479640013022664}. Best is trial 82 with value: 0.060504328459501266.
LOCAL_RANK: 0 - CUDA_VISIBLE_DEVICES: [0]
[I 2023-11-30 02:40:43,518] Trial 117 finished with value: 0.10985184460878372 and parameters: {'gradient_clip_val': 0.4804540996381951, 'hidden_size': 47, 'dropout': 0.22967298829629912, 'hidden_continuous_size': 22, 'attention_head_size': 2, 'learning_rate': 0.03954420292716231}. Best is trial 82 with value: 0.060504328459501266.
LOCAL_RANK: 0 - CUDA_VISIBLE_DEVICES: [0]
[I 2023-11-30 02:40:56,741] Trial 118 finished with value: 0.12978921830654144 and parameters: {'gradient_clip_val': 0.42955763060407914, 'hidden_size': 51, 'dropout': 0.22024983338825393, 'hidden_continuous_size': 23, 'attention_head_size': 2, 'learning_rate': 0.030256621021129596}. Best is trial 82 with value: 0.060504328459501266.
LOCAL_RANK: 0 - CUDA_VISIBLE_DEVICES: [0]
[I 2023-11-30 02:41:09,906] Trial 119 finished with value: 0.11404541879892349 and parameters: {'gradient_clip_val': 0.4612560404305232, 'hidden_size': 49, 'dropout': 0.20660810404047553, 'hidden_continuous_size': 21, 'attention_head_size': 2, 'learning_rate': 0.026754846609713737}. Best is trial 82 with value: 0.060504328459501266.
LOCAL_RANK: 0 - CUDA_VISIBLE_DEVICES: [0]
[I 2023-11-30 02:41:23,143] Trial 120 finished with value: 0.08707153797149658 and parameters: {'gradient_clip_val': 0.5028943420357317, 'hidden_size': 53, 'dropout': 0.21244554202028254, 'hidden_continuous_size': 22, 'attention_head_size': 2, 'learning_rate': 0.05449450082129163}. Best is trial 82 with value: 0.060504328459501266.
LOCAL_RANK: 0 - CUDA_VISIBLE_DEVICES: [0]
[I 2023-11-30 02:41:36,560] Trial 121 finished with value: 0.08004628866910934 and parameters: {'gradient_clip_val': 0.5414402357002736, 'hidden_size': 62, 'dropout': 0.22710076252406702, 'hidden_continuous_size': 20, 'attention_head_size': 2, 'learning_rate': 0.04861866329826572}. Best is trial 82 with value: 0.060504328459501266.
LOCAL_RANK: 0 - CUDA_VISIBLE_DEVICES: [0]
[I 2023-11-30 02:41:49,954] Trial 122 finished with value: 0.11046674102544785 and parameters: {'gradient_clip_val': 0.5401631433523805, 'hidden_size': 62, 'dropout': 0.2257943515609166, 'hidden_continuous_size': 20, 'attention_head_size': 2, 'learning_rate': 0.04304543651257999}. Best is trial 82 with value: 0.060504328459501266.
LOCAL_RANK: 0 - CUDA_VISIBLE_DEVICES: [0]
[I 2023-11-30 02:42:03,238] Trial 123 finished with value: 0.11122562736272812 and parameters: {'gradient_clip_val': 0.5695301347738645, 'hidden_size': 55, 'dropout': 0.24268623318239974, 'hidden_continuous_size': 21, 'attention_head_size': 2, 'learning_rate': 0.05156564039375166}. Best is trial 82 with value: 0.060504328459501266.
LOCAL_RANK: 0 - CUDA_VISIBLE_DEVICES: [0]
[I 2023-11-30 02:42:16,525] Trial 124 finished with value: 0.13434965908527374 and parameters: {'gradient_clip_val': 0.5301458360638642, 'hidden_size': 57, 'dropout': 0.21760960050922243, 'hidden_continuous_size': 22, 'attention_head_size': 2, 'learning_rate': 0.03942267297135784}. Best is trial 82 with value: 0.060504328459501266.
LOCAL_RANK: 0 - CUDA_VISIBLE_DEVICES: [0]
[I 2023-11-30 02:42:30,012] Trial 125 finished with value: 0.10454676300287247 and parameters: {'gradient_clip_val': 0.4862940942676569, 'hidden_size': 64, 'dropout': 0.23570089383535206, 'hidden_continuous_size': 18, 'attention_head_size': 2, 'learning_rate': 0.058351997340239034}. Best is trial 82 with value: 0.060504328459501266.
LOCAL_RANK: 0 - CUDA_VISIBLE_DEVICES: [0]
[I 2023-11-30 02:42:42,890] Trial 126 finished with value: 0.13422515988349915 and parameters: {'gradient_clip_val': 0.44544943628357425, 'hidden_size': 35, 'dropout': 0.203906539906193, 'hidden_continuous_size': 20, 'attention_head_size': 2, 'learning_rate': 0.04723141509470714}. Best is trial 82 with value: 0.060504328459501266.
LOCAL_RANK: 0 - CUDA_VISIBLE_DEVICES: [0]
[I 2023-11-30 02:42:56,062] Trial 127 finished with value: 0.09826495498418808 and parameters: {'gradient_clip_val': 0.4128099556536258, 'hidden_size': 38, 'dropout': 0.21212847132326834, 'hidden_continuous_size': 19, 'attention_head_size': 2, 'learning_rate': 0.036901396928795}. Best is trial 82 with value: 0.060504328459501266.
LOCAL_RANK: 0 - CUDA_VISIBLE_DEVICES: [0]
[I 2023-11-30 02:43:09,158] Trial 128 finished with value: 0.0891931876540184 and parameters: {'gradient_clip_val': 0.5512106560808714, 'hidden_size': 46, 'dropout': 0.2260188816594268, 'hidden_continuous_size': 14, 'attention_head_size': 2, 'learning_rate': 0.06308652050031667}. Best is trial 82 with value: 0.060504328459501266.
LOCAL_RANK: 0 - CUDA_VISIBLE_DEVICES: [0]
[I 2023-11-30 02:43:22,423] Trial 129 finished with value: 0.12350276857614517 and parameters: {'gradient_clip_val': 0.5107822160601803, 'hidden_size': 51, 'dropout': 0.23159530786951746, 'hidden_continuous_size': 17, 'attention_head_size': 2, 'learning_rate': 0.07036363960077241}. Best is trial 82 with value: 0.060504328459501266.
LOCAL_RANK: 0 - CUDA_VISIBLE_DEVICES: [0]
[I 2023-11-30 02:43:36,358] Trial 130 finished with value: 0.13055266439914703 and parameters: {'gradient_clip_val': 0.5809618600953184, 'hidden_size': 67, 'dropout': 0.1904916662293284, 'hidden_continuous_size': 24, 'attention_head_size': 2, 'learning_rate': 0.03337652222330169}. Best is trial 82 with value: 0.060504328459501266.
LOCAL_RANK: 0 - CUDA_VISIBLE_DEVICES: [0]
[I 2023-11-30 02:43:49,650] Trial 131 finished with value: 0.11713983863592148 and parameters: {'gradient_clip_val': 0.47122534447643255, 'hidden_size': 59, 'dropout': 0.1933481738244222, 'hidden_continuous_size': 18, 'attention_head_size': 2, 'learning_rate': 0.04770614208251227}. Best is trial 82 with value: 0.060504328459501266.
LOCAL_RANK: 0 - CUDA_VISIBLE_DEVICES: [0]
[I 2023-11-30 02:44:02,885] Trial 132 finished with value: 0.10572502762079239 and parameters: {'gradient_clip_val': 0.6181988006321187, 'hidden_size': 61, 'dropout': 0.18167065534891993, 'hidden_continuous_size': 15, 'attention_head_size': 2, 'learning_rate': 0.04401455073577306}. Best is trial 82 with value: 0.060504328459501266.
LOCAL_RANK: 0 - CUDA_VISIBLE_DEVICES: [0]
[I 2023-11-30 02:44:15,885] Trial 133 finished with value: 0.18691964447498322 and parameters: {'gradient_clip_val': 0.5057898662554675, 'hidden_size': 48, 'dropout': 0.21859175877144366, 'hidden_continuous_size': 16, 'attention_head_size': 2, 'learning_rate': 0.055194956084365636}. Best is trial 82 with value: 0.060504328459501266.
LOCAL_RANK: 0 - CUDA_VISIBLE_DEVICES: [0]
[I 2023-11-30 02:44:28,976] Trial 134 finished with value: 0.06754198670387268 and parameters: {'gradient_clip_val': 0.5266391108837478, 'hidden_size': 56, 'dropout': 0.19879493134116683, 'hidden_continuous_size': 15, 'attention_head_size': 2, 'learning_rate': 0.050588371953479094}. Best is trial 82 with value: 0.060504328459501266.
LOCAL_RANK: 0 - CUDA_VISIBLE_DEVICES: [0]
[I 2023-11-30 02:44:42,387] Trial 135 finished with value: 0.12618088722229004 and parameters: {'gradient_clip_val': 0.5328981959428039, 'hidden_size': 53, 'dropout': 0.19989102361226774, 'hidden_continuous_size': 14, 'attention_head_size': 2, 'learning_rate': 0.051614280462286104}. Best is trial 82 with value: 0.060504328459501266.
LOCAL_RANK: 0 - CUDA_VISIBLE_DEVICES: [0]
[I 2023-11-30 02:44:55,484] Trial 136 finished with value: 0.11759504675865173 and parameters: {'gradient_clip_val': 0.5552910778254179, 'hidden_size': 56, 'dropout': 0.21123755407971187, 'hidden_continuous_size': 15, 'attention_head_size': 2, 'learning_rate': 0.059356154650279214}. Best is trial 82 with value: 0.060504328459501266.
LOCAL_RANK: 0 - CUDA_VISIBLE_DEVICES: [0]
[I 2023-11-30 02:45:08,491] Trial 137 finished with value: 0.11361145973205566 and parameters: {'gradient_clip_val': 0.4893798002494338, 'hidden_size': 44, 'dropout': 0.23968451941292424, 'hidden_continuous_size': 20, 'attention_head_size': 2, 'learning_rate': 0.07804962959545135}. Best is trial 82 with value: 0.060504328459501266.
LOCAL_RANK: 0 - CUDA_VISIBLE_DEVICES: [0]
[I 2023-11-30 02:45:21,884] Trial 138 finished with value: 0.11567908525466919 and parameters: {'gradient_clip_val': 0.4444303092708938, 'hidden_size': 69, 'dropout': 0.2266306752301119, 'hidden_continuous_size': 13, 'attention_head_size': 2, 'learning_rate': 0.04239027386068064}. Best is trial 82 with value: 0.060504328459501266.
LOCAL_RANK: 0 - CUDA_VISIBLE_DEVICES: [0]
[I 2023-11-30 02:45:34,902] Trial 139 finished with value: 0.0924031138420105 and parameters: {'gradient_clip_val': 0.5837332261489456, 'hidden_size': 41, 'dropout': 0.24671841928508856, 'hidden_continuous_size': 21, 'attention_head_size': 2, 'learning_rate': 0.038436794654446986}. Best is trial 82 with value: 0.060504328459501266.
LOCAL_RANK: 0 - CUDA_VISIBLE_DEVICES: [0]
