[I 2023-11-30 12:25:33,680] Trial 131 finished with value: 0.14269126951694489 and parameters: {'gradient_clip_val': 0.3584424194094296, 'hidden_size': 115, 'dropout': 0.30027710856743767, 'hidden_continuous_size': 55, 'attention_head_size': 1, 'learning_rate': 0.024454186562655366}. Best is trial 44 with value: 0.06770706921815872.
LOCAL_RANK: 0 - CUDA_VISIBLE_DEVICES: [0]
[I 2023-11-30 12:25:48,202] Trial 132 finished with value: 0.19806165993213654 and parameters: {'gradient_clip_val': 0.9453067331018076, 'hidden_size': 126, 'dropout': 0.3067595358603708, 'hidden_continuous_size': 55, 'attention_head_size': 3, 'learning_rate': 0.021298917917444562}. Best is trial 44 with value: 0.06770706921815872.
LOCAL_RANK: 0 - CUDA_VISIBLE_DEVICES: [0]
[I 2023-11-30 12:26:02,975] Trial 133 finished with value: 0.13092243671417236 and parameters: {'gradient_clip_val': 0.8699344773209883, 'hidden_size': 106, 'dropout': 0.3181333999090073, 'hidden_continuous_size': 67, 'attention_head_size': 2, 'learning_rate': 0.0349682180867425}. Best is trial 44 with value: 0.06770706921815872.
LOCAL_RANK: 0 - CUDA_VISIBLE_DEVICES: [0]
[I 2023-11-30 12:26:17,315] Trial 134 finished with value: 0.1511833816766739 and parameters: {'gradient_clip_val': 0.42042671714552415, 'hidden_size': 97, 'dropout': 0.29655248903799, 'hidden_continuous_size': 61, 'attention_head_size': 3, 'learning_rate': 0.04166127710889686}. Best is trial 44 with value: 0.06770706921815872.
LOCAL_RANK: 0 - CUDA_VISIBLE_DEVICES: [0]
[I 2023-11-30 12:26:31,776] Trial 135 finished with value: 0.18126069009304047 and parameters: {'gradient_clip_val': 0.32705891656469516, 'hidden_size': 129, 'dropout': 0.30713209465147007, 'hidden_continuous_size': 52, 'attention_head_size': 3, 'learning_rate': 0.0259671209374875}. Best is trial 44 with value: 0.06770706921815872.
LOCAL_RANK: 0 - CUDA_VISIBLE_DEVICES: [0]
[I 2023-11-30 12:26:46,167] Trial 136 finished with value: 0.1412820667028427 and parameters: {'gradient_clip_val': 0.2800308434124954, 'hidden_size': 113, 'dropout': 0.2716226627666541, 'hidden_continuous_size': 59, 'attention_head_size': 4, 'learning_rate': 0.03168170400220563}. Best is trial 44 with value: 0.06770706921815872.
LOCAL_RANK: 0 - CUDA_VISIBLE_DEVICES: [0]
[I 2023-11-30 12:27:00,473] Trial 137 finished with value: 0.11354317516088486 and parameters: {'gradient_clip_val': 0.3654084755505807, 'hidden_size': 71, 'dropout': 0.2787359697384947, 'hidden_continuous_size': 65, 'attention_head_size': 3, 'learning_rate': 0.01848927459833891}. Best is trial 44 with value: 0.06770706921815872.
LOCAL_RANK: 0 - CUDA_VISIBLE_DEVICES: [0]
[I 2023-11-30 12:27:15,143] Trial 138 finished with value: 0.21928752958774567 and parameters: {'gradient_clip_val': 0.4004988313363664, 'hidden_size': 86, 'dropout': 0.32623323954127387, 'hidden_continuous_size': 72, 'attention_head_size': 4, 'learning_rate': 0.021002035220239627}. Best is trial 44 with value: 0.06770706921815872.
LOCAL_RANK: 0 - CUDA_VISIBLE_DEVICES: [0]
[I 2023-11-30 12:27:29,579] Trial 139 finished with value: 0.18248510360717773 and parameters: {'gradient_clip_val': 0.33807248330671774, 'hidden_size': 76, 'dropout': 0.28722059380563747, 'hidden_continuous_size': 69, 'attention_head_size': 4, 'learning_rate': 0.029201333867803943}. Best is trial 44 with value: 0.06770706921815872.
LOCAL_RANK: 0 - CUDA_VISIBLE_DEVICES: [0]
[I 2023-11-30 12:27:43,636] Trial 140 finished with value: 0.12226665019989014 and parameters: {'gradient_clip_val': 0.4382618826196836, 'hidden_size': 104, 'dropout': 0.3001856437041059, 'hidden_continuous_size': 58, 'attention_head_size': 2, 'learning_rate': 0.01589074582302349}. Best is trial 44 with value: 0.06770706921815872.
LOCAL_RANK: 0 - CUDA_VISIBLE_DEVICES: [0]
[I 2023-11-30 12:27:58,055] Trial 141 finished with value: 0.16913563013076782 and parameters: {'gradient_clip_val': 0.8325347933706018, 'hidden_size': 136, 'dropout': 0.3162664248952144, 'hidden_continuous_size': 55, 'attention_head_size': 3, 'learning_rate': 0.027180701600021954}. Best is trial 44 with value: 0.06770706921815872.
LOCAL_RANK: 0 - CUDA_VISIBLE_DEVICES: [0]
[I 2023-11-30 12:28:12,720] Trial 142 finished with value: 0.20000874996185303 and parameters: {'gradient_clip_val': 0.8624614205920657, 'hidden_size': 125, 'dropout': 0.3037660947586001, 'hidden_continuous_size': 87, 'attention_head_size': 3, 'learning_rate': 0.023862077059346218}. Best is trial 44 with value: 0.06770706921815872.
LOCAL_RANK: 0 - CUDA_VISIBLE_DEVICES: [0]
[I 2023-11-30 12:28:28,025] Trial 143 finished with value: 0.17619772255420685 and parameters: {'gradient_clip_val': 0.5855325751002347, 'hidden_size': 142, 'dropout': 0.2937611091705424, 'hidden_continuous_size': 126, 'attention_head_size': 3, 'learning_rate': 0.02560802772208759}. Best is trial 44 with value: 0.06770706921815872.
LOCAL_RANK: 0 - CUDA_VISIBLE_DEVICES: [0]
[I 2023-11-30 12:28:41,953] Trial 144 finished with value: 0.14012950658798218 and parameters: {'gradient_clip_val': 0.606141202107083, 'hidden_size': 64, 'dropout': 0.3072873342526072, 'hidden_continuous_size': 61, 'attention_head_size': 3, 'learning_rate': 0.033460618309008025}. Best is trial 44 with value: 0.06770706921815872.
LOCAL_RANK: 0 - CUDA_VISIBLE_DEVICES: [0]
[I 2023-11-30 12:28:56,483] Trial 145 finished with value: 0.22773277759552002 and parameters: {'gradient_clip_val': 0.938861887598549, 'hidden_size': 131, 'dropout': 0.32118879785963333, 'hidden_continuous_size': 50, 'attention_head_size': 3, 'learning_rate': 0.02230316784628068}. Best is trial 44 with value: 0.06770706921815872.
LOCAL_RANK: 0 - CUDA_VISIBLE_DEVICES: [0]
[I 2023-11-30 12:29:11,164] Trial 146 finished with value: 0.12625735998153687 and parameters: {'gradient_clip_val': 0.7860097628983339, 'hidden_size': 117, 'dropout': 0.29930571747777274, 'hidden_continuous_size': 97, 'attention_head_size': 3, 'learning_rate': 0.028359485483083157}. Best is trial 44 with value: 0.06770706921815872.
LOCAL_RANK: 0 - CUDA_VISIBLE_DEVICES: [0]
[I 2023-11-30 12:29:25,740] Trial 147 finished with value: 0.14531342685222626 and parameters: {'gradient_clip_val': 0.31307586264868137, 'hidden_size': 95, 'dropout': 0.283778528458824, 'hidden_continuous_size': 82, 'attention_head_size': 4, 'learning_rate': 0.019955116162100064}. Best is trial 44 with value: 0.06770706921815872.
LOCAL_RANK: 0 - CUDA_VISIBLE_DEVICES: [0]
[I 2023-11-30 12:29:40,351] Trial 148 finished with value: 0.1344020664691925 and parameters: {'gradient_clip_val': 0.38532235263515247, 'hidden_size': 108, 'dropout': 0.3124737184442425, 'hidden_continuous_size': 89, 'attention_head_size': 3, 'learning_rate': 0.00993955253290659}. Best is trial 44 with value: 0.06770706921815872.
LOCAL_RANK: 0 - CUDA_VISIBLE_DEVICES: [0]
[I 2023-11-30 12:29:54,928] Trial 149 finished with value: 0.12340468168258667 and parameters: {'gradient_clip_val': 0.353483596789584, 'hidden_size': 138, 'dropout': 0.3329355134832889, 'hidden_continuous_size': 47, 'attention_head_size': 3, 'learning_rate': 0.017193203069707903}. Best is trial 44 with value: 0.06770706921815872.
[I 2023-11-30 12:29:55,042] A new study created in memory with name: no-name-e781dc97-7243-4608-8ca3-b35687173cb2
/home/le004/conda/anaconda3/envs/tsff_env/lib/python3.9/site-packages/lightning/fabric/plugins/environments/slurm.py:191: The `srun` command is available on your system but is not used. HINT: If your intention is to run Lightning on SLURM, prepend your python command with `srun` like so: srun python /home/le004/master_thesis/git/TSFusionForecast/code/ ...
LOCAL_RANK: 0 - CUDA_VISIBLE_DEVICES: [0]
[I 2023-11-30 12:30:08,345] Trial 0 finished with value: 3637.705810546875 and parameters: {'gradient_clip_val': 0.10679554143249297, 'hidden_size': 37, 'dropout': 0.249723049860351, 'hidden_continuous_size': 30, 'attention_head_size': 4, 'learning_rate': 0.008816319459343218}. Best is trial 0 with value: 3637.705810546875.
LOCAL_RANK: 0 - CUDA_VISIBLE_DEVICES: [0]
[I 2023-11-30 12:30:22,725] Trial 1 finished with value: 5908.89453125 and parameters: {'gradient_clip_val': 0.3438668458663362, 'hidden_size': 111, 'dropout': 0.29373080905769955, 'hidden_continuous_size': 45, 'attention_head_size': 4, 'learning_rate': 0.0012898887511432772}. Best is trial 0 with value: 3637.705810546875.
LOCAL_RANK: 0 - CUDA_VISIBLE_DEVICES: [0]
[I 2023-11-30 12:30:36,560] Trial 2 finished with value: 4779.45458984375 and parameters: {'gradient_clip_val': 0.8486403282201742, 'hidden_size': 96, 'dropout': 0.17997886420214598, 'hidden_continuous_size': 27, 'attention_head_size': 2, 'learning_rate': 0.09065766513637603}. Best is trial 0 with value: 3637.705810546875.
LOCAL_RANK: 0 - CUDA_VISIBLE_DEVICES: [0]
[I 2023-11-30 12:30:49,005] Trial 3 finished with value: 8410.9033203125 and parameters: {'gradient_clip_val': 0.32169418643319675, 'hidden_size': 15, 'dropout': 0.35796133942996367, 'hidden_continuous_size': 14, 'attention_head_size': 1, 'learning_rate': 0.010238085243951384}. Best is trial 0 with value: 3637.705810546875.
LOCAL_RANK: 0 - CUDA_VISIBLE_DEVICES: [0]
[I 2023-11-30 12:31:01,535] Trial 4 finished with value: 4362.97021484375 and parameters: {'gradient_clip_val': 0.12256333969947722, 'hidden_size': 21, 'dropout': 0.23310828216929433, 'hidden_continuous_size': 10, 'attention_head_size': 4, 'learning_rate': 0.0077673434416312085}. Best is trial 0 with value: 3637.705810546875.
LOCAL_RANK: 0 - CUDA_VISIBLE_DEVICES: [0]
[I 2023-11-30 12:31:14,412] Trial 5 finished with value: 10789.2392578125 and parameters: {'gradient_clip_val': 0.5600432929188967, 'hidden_size': 26, 'dropout': 0.3529255402954613, 'hidden_continuous_size': 25, 'attention_head_size': 4, 'learning_rate': 0.002310555808093376}. Best is trial 0 with value: 3637.705810546875.
LOCAL_RANK: 0 - CUDA_VISIBLE_DEVICES: [0]
[I 2023-11-30 12:31:28,358] Trial 6 finished with value: 4528.3876953125 and parameters: {'gradient_clip_val': 0.6570732109423955, 'hidden_size': 87, 'dropout': 0.36038188524069503, 'hidden_continuous_size': 39, 'attention_head_size': 3, 'learning_rate': 0.01535931395023282}. Best is trial 0 with value: 3637.705810546875.
LOCAL_RANK: 0 - CUDA_VISIBLE_DEVICES: [0]
[I 2023-11-30 12:31:40,653] Trial 7 finished with value: 6242.71435546875 and parameters: {'gradient_clip_val': 0.6269005847331105, 'hidden_size': 20, 'dropout': 0.2503394269867557, 'hidden_continuous_size': 11, 'attention_head_size': 4, 'learning_rate': 0.005830594576457684}. Best is trial 0 with value: 3637.705810546875.
LOCAL_RANK: 0 - CUDA_VISIBLE_DEVICES: [0]
[I 2023-11-30 12:31:53,329] Trial 8 finished with value: 4638.291015625 and parameters: {'gradient_clip_val': 0.7839977508748202, 'hidden_size': 30, 'dropout': 0.24525321842201933, 'hidden_continuous_size': 14, 'attention_head_size': 1, 'learning_rate': 0.007453842426148086}. Best is trial 0 with value: 3637.705810546875.
LOCAL_RANK: 0 - CUDA_VISIBLE_DEVICES: [0]
[I 2023-11-30 12:32:05,669] Trial 9 finished with value: 9361.79296875 and parameters: {'gradient_clip_val': 0.12719719888854122, 'hidden_size': 15, 'dropout': 0.1992684090214238, 'hidden_continuous_size': 14, 'attention_head_size': 3, 'learning_rate': 0.00339534477997499}. Best is trial 0 with value: 3637.705810546875.
LOCAL_RANK: 0 - CUDA_VISIBLE_DEVICES: [0]
[I 2023-11-30 12:32:19,310] Trial 10 finished with value: 4198.02685546875 and parameters: {'gradient_clip_val': 0.17644604561820132, 'hidden_size': 58, 'dropout': 0.1240701858101732, 'hidden_continuous_size': 37, 'attention_head_size': 2, 'learning_rate': 0.02337552916975277}. Best is trial 0 with value: 3637.705810546875.
LOCAL_RANK: 0 - CUDA_VISIBLE_DEVICES: [0]
[I 2023-11-30 12:32:32,699] Trial 11 finished with value: 4020.555908203125 and parameters: {'gradient_clip_val': 0.17355935220833787, 'hidden_size': 50, 'dropout': 0.11192535702457998, 'hidden_continuous_size': 32, 'attention_head_size': 2, 'learning_rate': 0.023505806853596926}. Best is trial 0 with value: 3637.705810546875.
LOCAL_RANK: 0 - CUDA_VISIBLE_DEVICES: [0]
[I 2023-11-30 12:32:45,933] Trial 12 finished with value: 4066.721923828125 and parameters: {'gradient_clip_val': 0.10182951547495336, 'hidden_size': 45, 'dropout': 0.10261600164652193, 'hidden_continuous_size': 31, 'attention_head_size': 2, 'learning_rate': 0.024892412338255183}. Best is trial 0 with value: 3637.705810546875.
LOCAL_RANK: 0 - CUDA_VISIBLE_DEVICES: [0]
[I 2023-11-30 12:32:59,286] Trial 13 finished with value: 4820.228515625 and parameters: {'gradient_clip_val': 0.19789357821611492, 'hidden_size': 42, 'dropout': 0.14973309292430909, 'hidden_continuous_size': 22, 'attention_head_size': 3, 'learning_rate': 0.037077287229940144}. Best is trial 0 with value: 3637.705810546875.
LOCAL_RANK: 0 - CUDA_VISIBLE_DEVICES: [0]
[I 2023-11-30 12:33:10,007] Trial 14 finished with value: 8245.19140625 and parameters: {'gradient_clip_val': 0.174754123227772, 'hidden_size': 10, 'dropout': 0.14999595842224303, 'hidden_continuous_size': 10, 'attention_head_size': 2, 'learning_rate': 0.013410914780542613}. Best is trial 0 with value: 3637.705810546875.
LOCAL_RANK: 0 - CUDA_VISIBLE_DEVICES: [0]
[I 2023-11-30 12:33:23,891] Trial 15 finished with value: 3993.140625 and parameters: {'gradient_clip_val': 0.1001869748050019, 'hidden_size': 62, 'dropout': 0.10191212646571593, 'hidden_continuous_size': 58, 'attention_head_size': 3, 'learning_rate': 0.004245932606157104}. Best is trial 0 with value: 3637.705810546875.
LOCAL_RANK: 0 - CUDA_VISIBLE_DEVICES: [0]
[I 2023-11-30 12:33:38,719] Trial 16 finished with value: 2988.691650390625 and parameters: {'gradient_clip_val': 0.10078976897528992, 'hidden_size': 147, 'dropout': 0.30064639612951627, 'hidden_continuous_size': 71, 'attention_head_size': 3, 'learning_rate': 0.004455307029678172}. Best is trial 16 with value: 2988.691650390625.
LOCAL_RANK: 0 - CUDA_VISIBLE_DEVICES: [0]
[I 2023-11-30 12:33:53,766] Trial 17 finished with value: 4257.66943359375 and parameters: {'gradient_clip_val': 0.23429819253981482, 'hidden_size': 149, 'dropout': 0.30496256694197865, 'hidden_continuous_size': 109, 'attention_head_size': 4, 'learning_rate': 0.003462273333427692}. Best is trial 16 with value: 2988.691650390625.
LOCAL_RANK: 0 - CUDA_VISIBLE_DEVICES: [0]
[I 2023-11-30 12:34:06,959] Trial 18 finished with value: 9527.0703125 and parameters: {'gradient_clip_val': 0.1378727457879516, 'hidden_size': 34, 'dropout': 0.3953298506065427, 'hidden_continuous_size': 19, 'attention_head_size': 3, 'learning_rate': 0.002045937315340724}. Best is trial 16 with value: 2988.691650390625.
LOCAL_RANK: 0 - CUDA_VISIBLE_DEVICES: [0]
[I 2023-11-30 12:34:20,390] Trial 19 finished with value: 4739.50048828125 and parameters: {'gradient_clip_val': 0.13600917437029245, 'hidden_size': 60, 'dropout': 0.2807422929843587, 'hidden_continuous_size': 20, 'attention_head_size': 4, 'learning_rate': 0.0054385790456805225}. Best is trial 16 with value: 2988.691650390625.
LOCAL_RANK: 0 - CUDA_VISIBLE_DEVICES: [0]
[I 2023-11-30 12:34:33,445] Trial 20 finished with value: 12249.6181640625 and parameters: {'gradient_clip_val': 0.24747349664171409, 'hidden_size': 35, 'dropout': 0.3165061285297748, 'hidden_continuous_size': 17, 'attention_head_size': 3, 'learning_rate': 0.0010114229755624497}. Best is trial 16 with value: 2988.691650390625.
LOCAL_RANK: 0 - CUDA_VISIBLE_DEVICES: [0]
[I 2023-11-30 12:34:47,499] Trial 21 finished with value: 5758.02685546875 and parameters: {'gradient_clip_val': 0.11242234532045674, 'hidden_size': 76, 'dropout': 0.2113217837425271, 'hidden_continuous_size': 61, 'attention_head_size': 3, 'learning_rate': 0.0044250016042301395}. Best is trial 16 with value: 2988.691650390625.
LOCAL_RANK: 0 - CUDA_VISIBLE_DEVICES: [0]
[I 2023-11-30 12:35:01,342] Trial 22 finished with value: 3890.110595703125 and parameters: {'gradient_clip_val': 0.10030166193697401, 'hidden_size': 68, 'dropout': 0.2671932969524501, 'hidden_continuous_size': 52, 'attention_head_size': 3, 'learning_rate': 0.004212480555521565}. Best is trial 16 with value: 2988.691650390625.
LOCAL_RANK: 0 - CUDA_VISIBLE_DEVICES: [0]
[I 2023-11-30 12:35:16,399] Trial 23 finished with value: 3748.839111328125 and parameters: {'gradient_clip_val': 0.14124689514983946, 'hidden_size': 142, 'dropout': 0.2743166737136567, 'hidden_continuous_size': 73, 'attention_head_size': 3, 'learning_rate': 0.006912789549826776}. Best is trial 16 with value: 2988.691650390625.
LOCAL_RANK: 0 - CUDA_VISIBLE_DEVICES: [0]
[I 2023-11-30 12:35:31,373] Trial 24 finished with value: 3278.696533203125 and parameters: {'gradient_clip_val': 0.13693726767136288, 'hidden_size': 150, 'dropout': 0.26996187719999587, 'hidden_continuous_size': 79, 'attention_head_size': 4, 'learning_rate': 0.0077670741072513715}. Best is trial 16 with value: 2988.691650390625.
LOCAL_RANK: 0 - CUDA_VISIBLE_DEVICES: [0]
[I 2023-11-30 12:35:46,149] Trial 25 finished with value: 4154.44775390625 and parameters: {'gradient_clip_val': 0.14741683474503786, 'hidden_size': 123, 'dropout': 0.31434565441532825, 'hidden_continuous_size': 82, 'attention_head_size': 4, 'learning_rate': 0.01034561921042769}. Best is trial 16 with value: 2988.691650390625.
LOCAL_RANK: 0 - CUDA_VISIBLE_DEVICES: [0]
[I 2023-11-30 12:36:00,430] Trial 26 finished with value: 4302.39111328125 and parameters: {'gradient_clip_val': 0.1183256145699205, 'hidden_size': 102, 'dropout': 0.2322250237690663, 'hidden_continuous_size': 45, 'attention_head_size': 4, 'learning_rate': 0.009014914772566307}. Best is trial 16 with value: 2988.691650390625.
LOCAL_RANK: 0 - CUDA_VISIBLE_DEVICES: [0]
[I 2023-11-30 12:36:14,607] Trial 27 finished with value: 3712.1982421875 and parameters: {'gradient_clip_val': 0.11993830643193647, 'hidden_size': 81, 'dropout': 0.26149691571453076, 'hidden_continuous_size': 46, 'attention_head_size': 4, 'learning_rate': 0.006411215541437856}. Best is trial 16 with value: 2988.691650390625.
LOCAL_RANK: 0 - CUDA_VISIBLE_DEVICES: [0]
[I 2023-11-30 12:36:29,435] Trial 28 finished with value: 4044.6064453125 and parameters: {'gradient_clip_val': 0.14792648142705672, 'hidden_size': 123, 'dropout': 0.2886250761762917, 'hidden_continuous_size': 99, 'attention_head_size': 4, 'learning_rate': 0.0026498365048121496}. Best is trial 16 with value: 2988.691650390625.
LOCAL_RANK: 0 - CUDA_VISIBLE_DEVICES: [0]
[I 2023-11-30 12:36:44,015] Trial 29 finished with value: 4384.2177734375 and parameters: {'gradient_clip_val': 0.3611926932462076, 'hidden_size': 105, 'dropout': 0.30087144566685536, 'hidden_continuous_size': 79, 'attention_head_size': 4, 'learning_rate': 0.0014152192170775871}. Best is trial 16 with value: 2988.691650390625.
LOCAL_RANK: 0 - CUDA_VISIBLE_DEVICES: [0]
[I 2023-11-30 12:36:58,818] Trial 30 finished with value: 3341.975830078125 and parameters: {'gradient_clip_val': 0.10816833342022296, 'hidden_size': 124, 'dropout': 0.28699357008298954, 'hidden_continuous_size': 115, 'attention_head_size': 4, 'learning_rate': 0.005334978043281992}. Best is trial 16 with value: 2988.691650390625.
LOCAL_RANK: 0 - CUDA_VISIBLE_DEVICES: [0]
[I 2023-11-30 12:37:13,612] Trial 31 finished with value: 4095.9482421875 and parameters: {'gradient_clip_val': 0.11087328213645672, 'hidden_size': 122, 'dropout': 0.28198093058007545, 'hidden_continuous_size': 116, 'attention_head_size': 4, 'learning_rate': 0.00501971006577068}. Best is trial 16 with value: 2988.691650390625.
LOCAL_RANK: 0 - CUDA_VISIBLE_DEVICES: [0]
[I 2023-11-30 12:37:28,881] Trial 32 finished with value: 4159.76171875 and parameters: {'gradient_clip_val': 0.11561049933526675, 'hidden_size': 150, 'dropout': 0.2559152818626883, 'hidden_continuous_size': 146, 'attention_head_size': 4, 'learning_rate': 0.005779693724476845}. Best is trial 16 with value: 2988.691650390625.
LOCAL_RANK: 0 - CUDA_VISIBLE_DEVICES: [0]
[I 2023-11-30 12:37:43,597] Trial 33 finished with value: 4472.59716796875 and parameters: {'gradient_clip_val': 0.10175092474938689, 'hidden_size': 99, 'dropout': 0.29241785277112414, 'hidden_continuous_size': 67, 'attention_head_size': 4, 'learning_rate': 0.009578746699457184}. Best is trial 16 with value: 2988.691650390625.
LOCAL_RANK: 0 - CUDA_VISIBLE_DEVICES: [0]
[I 2023-11-30 12:37:57,946] Trial 34 finished with value: 4526.69384765625 and parameters: {'gradient_clip_val': 0.15331326325230207, 'hidden_size': 91, 'dropout': 0.23148865052618517, 'hidden_continuous_size': 59, 'attention_head_size': 4, 'learning_rate': 0.0032259539358976052}. Best is trial 16 with value: 2988.691650390625.
LOCAL_RANK: 0 - CUDA_VISIBLE_DEVICES: [0]
[I 2023-11-30 12:38:12,446] Trial 35 finished with value: 4610.5263671875 and parameters: {'gradient_clip_val': 0.1250219828745995, 'hidden_size': 117, 'dropout': 0.33047420617492795, 'hidden_continuous_size': 87, 'attention_head_size': 1, 'learning_rate': 0.007575943257398479}. Best is trial 16 with value: 2988.691650390625.
LOCAL_RANK: 0 - CUDA_VISIBLE_DEVICES: [0]
[I 2023-11-30 12:38:27,195] Trial 36 finished with value: 3852.55078125 and parameters: {'gradient_clip_val': 0.12612006024530725, 'hidden_size': 133, 'dropout': 0.2669350205551817, 'hidden_continuous_size': 67, 'attention_head_size': 4, 'learning_rate': 0.010929862154042165}. Best is trial 16 with value: 2988.691650390625.
LOCAL_RANK: 0 - CUDA_VISIBLE_DEVICES: [0]
[I 2023-11-30 12:38:41,763] Trial 37 finished with value: 4798.08349609375 and parameters: {'gradient_clip_val': 0.16227596660498486, 'hidden_size': 107, 'dropout': 0.28655613259220075, 'hidden_continuous_size': 71, 'attention_head_size': 3, 'learning_rate': 0.0051022001081033955}. Best is trial 16 with value: 2988.691650390625.
LOCAL_RANK: 0 - CUDA_VISIBLE_DEVICES: [0]
