[I 2023-11-30 07:51:08,924] Trial 121 finished with value: 0.3338574469089508 and parameters: {'gradient_clip_val': 0.6983947204639857, 'hidden_size': 69, 'dropout': 0.12703712671494224, 'hidden_continuous_size': 43, 'attention_head_size': 2, 'learning_rate': 0.017974574109416795}. Best is trial 60 with value: 0.09029662609100342.
LOCAL_RANK: 0 - CUDA_VISIBLE_DEVICES: [0]
[I 2023-11-30 07:51:22,441] Trial 122 finished with value: 0.22512976825237274 and parameters: {'gradient_clip_val': 0.6564137897172257, 'hidden_size': 61, 'dropout': 0.14170156237177584, 'hidden_continuous_size': 28, 'attention_head_size': 2, 'learning_rate': 0.015803031649394783}. Best is trial 60 with value: 0.09029662609100342.
LOCAL_RANK: 0 - CUDA_VISIBLE_DEVICES: [0]
[I 2023-11-30 07:51:36,266] Trial 123 finished with value: 0.23314447700977325 and parameters: {'gradient_clip_val': 0.5746122392737973, 'hidden_size': 65, 'dropout': 0.11476329415789373, 'hidden_continuous_size': 40, 'attention_head_size': 2, 'learning_rate': 0.01233075614892257}. Best is trial 60 with value: 0.09029662609100342.
LOCAL_RANK: 0 - CUDA_VISIBLE_DEVICES: [0]
[I 2023-11-30 07:51:49,346] Trial 124 finished with value: 0.1942414492368698 and parameters: {'gradient_clip_val': 0.7325521960021283, 'hidden_size': 39, 'dropout': 0.1496654341686612, 'hidden_continuous_size': 35, 'attention_head_size': 2, 'learning_rate': 0.019208700889208036}. Best is trial 60 with value: 0.09029662609100342.
LOCAL_RANK: 0 - CUDA_VISIBLE_DEVICES: [0]
[I 2023-11-30 07:52:03,184] Trial 125 finished with value: 0.471883088350296 and parameters: {'gradient_clip_val': 0.5962876483754125, 'hidden_size': 80, 'dropout': 0.10523607115730267, 'hidden_continuous_size': 38, 'attention_head_size': 2, 'learning_rate': 0.022059923908385685}. Best is trial 60 with value: 0.09029662609100342.
LOCAL_RANK: 0 - CUDA_VISIBLE_DEVICES: [0]
[I 2023-11-30 07:52:16,879] Trial 126 finished with value: 0.30444344878196716 and parameters: {'gradient_clip_val': 0.5239680450693707, 'hidden_size': 54, 'dropout': 0.13857997504964892, 'hidden_continuous_size': 44, 'attention_head_size': 2, 'learning_rate': 0.016854167640236017}. Best is trial 60 with value: 0.09029662609100342.
LOCAL_RANK: 0 - CUDA_VISIBLE_DEVICES: [0]
[I 2023-11-30 07:52:30,183] Trial 127 finished with value: 0.18324673175811768 and parameters: {'gradient_clip_val': 0.47613446659379466, 'hidden_size': 46, 'dropout': 0.2368095327785308, 'hidden_continuous_size': 34, 'attention_head_size': 1, 'learning_rate': 0.014510175347282444}. Best is trial 60 with value: 0.09029662609100342.
LOCAL_RANK: 0 - CUDA_VISIBLE_DEVICES: [0]
[I 2023-11-30 07:52:43,871] Trial 128 finished with value: 0.18088632822036743 and parameters: {'gradient_clip_val': 0.6327686223423111, 'hidden_size': 59, 'dropout': 0.15839516792643335, 'hidden_continuous_size': 29, 'attention_head_size': 1, 'learning_rate': 0.028571408239503535}. Best is trial 60 with value: 0.09029662609100342.
LOCAL_RANK: 0 - CUDA_VISIBLE_DEVICES: [0]
[I 2023-11-30 07:52:57,680] Trial 129 finished with value: 0.33673086762428284 and parameters: {'gradient_clip_val': 0.6781190264738548, 'hidden_size': 67, 'dropout': 0.21425662359349257, 'hidden_continuous_size': 47, 'attention_head_size': 2, 'learning_rate': 0.009533108712425513}. Best is trial 60 with value: 0.09029662609100342.
LOCAL_RANK: 0 - CUDA_VISIBLE_DEVICES: [0]
[I 2023-11-30 07:53:10,648] Trial 130 finished with value: 0.2799469828605652 and parameters: {'gradient_clip_val': 0.5550782145603801, 'hidden_size': 33, 'dropout': 0.11684496573999686, 'hidden_continuous_size': 31, 'attention_head_size': 1, 'learning_rate': 0.018087571676088137}. Best is trial 60 with value: 0.09029662609100342.
LOCAL_RANK: 0 - CUDA_VISIBLE_DEVICES: [0]
[I 2023-11-30 07:53:24,674] Trial 131 finished with value: 0.14451158046722412 and parameters: {'gradient_clip_val': 0.3850073994726435, 'hidden_size': 72, 'dropout': 0.12199265694216589, 'hidden_continuous_size': 51, 'attention_head_size': 3, 'learning_rate': 0.02028441058974393}. Best is trial 60 with value: 0.09029662609100342.
LOCAL_RANK: 0 - CUDA_VISIBLE_DEVICES: [0]
[I 2023-11-30 07:53:38,755] Trial 132 finished with value: 0.362046480178833 and parameters: {'gradient_clip_val': 0.38996486189562735, 'hidden_size': 73, 'dropout': 0.13149288207737142, 'hidden_continuous_size': 53, 'attention_head_size': 3, 'learning_rate': 0.02580804510045573}. Best is trial 60 with value: 0.09029662609100342.
LOCAL_RANK: 0 - CUDA_VISIBLE_DEVICES: [0]
[I 2023-11-30 07:53:52,849] Trial 133 finished with value: 0.17420566082000732 and parameters: {'gradient_clip_val': 0.4112289544903054, 'hidden_size': 63, 'dropout': 0.12297607706738223, 'hidden_continuous_size': 43, 'attention_head_size': 3, 'learning_rate': 0.021282979920375224}. Best is trial 60 with value: 0.09029662609100342.
LOCAL_RANK: 0 - CUDA_VISIBLE_DEVICES: [0]
[I 2023-11-30 07:54:07,034] Trial 134 finished with value: 0.19076667726039886 and parameters: {'gradient_clip_val': 0.4384508724736828, 'hidden_size': 83, 'dropout': 0.22545333693721017, 'hidden_continuous_size': 51, 'attention_head_size': 3, 'learning_rate': 0.019743728845401536}. Best is trial 60 with value: 0.09029662609100342.
LOCAL_RANK: 0 - CUDA_VISIBLE_DEVICES: [0]
[I 2023-11-30 07:54:21,090] Trial 135 finished with value: 0.23861104249954224 and parameters: {'gradient_clip_val': 0.503671585148941, 'hidden_size': 77, 'dropout': 0.13405989523601794, 'hidden_continuous_size': 49, 'attention_head_size': 3, 'learning_rate': 0.05565461694647179}. Best is trial 60 with value: 0.09029662609100342.
LOCAL_RANK: 0 - CUDA_VISIBLE_DEVICES: [0]
[I 2023-11-30 07:54:33,920] Trial 136 finished with value: 0.14205755293369293 and parameters: {'gradient_clip_val': 0.373403723397096, 'hidden_size': 30, 'dropout': 0.11927565813238664, 'hidden_continuous_size': 29, 'attention_head_size': 2, 'learning_rate': 0.06148400839147354}. Best is trial 60 with value: 0.09029662609100342.
LOCAL_RANK: 0 - CUDA_VISIBLE_DEVICES: [0]
[I 2023-11-30 07:54:46,801] Trial 137 finished with value: 0.24889588356018066 and parameters: {'gradient_clip_val': 0.3420711441269469, 'hidden_size': 31, 'dropout': 0.10909885657716036, 'hidden_continuous_size': 30, 'attention_head_size': 2, 'learning_rate': 0.0699444407489052}. Best is trial 60 with value: 0.09029662609100342.
LOCAL_RANK: 0 - CUDA_VISIBLE_DEVICES: [0]
[I 2023-11-30 07:54:59,898] Trial 138 finished with value: 0.2009977102279663 and parameters: {'gradient_clip_val': 0.42232341467815104, 'hidden_size': 37, 'dropout': 0.11859138618115023, 'hidden_continuous_size': 35, 'attention_head_size': 1, 'learning_rate': 0.059314820226646595}. Best is trial 60 with value: 0.09029662609100342.
LOCAL_RANK: 0 - CUDA_VISIBLE_DEVICES: [0]
[I 2023-11-30 07:55:12,580] Trial 139 finished with value: 0.19959904253482819 and parameters: {'gradient_clip_val': 0.37361829473676916, 'hidden_size': 30, 'dropout': 0.21799626779483072, 'hidden_continuous_size': 29, 'attention_head_size': 2, 'learning_rate': 0.06580573893078562}. Best is trial 60 with value: 0.09029662609100342.
LOCAL_RANK: 0 - CUDA_VISIBLE_DEVICES: [0]
[I 2023-11-30 07:55:25,495] Trial 140 finished with value: 0.14839600026607513 and parameters: {'gradient_clip_val': 0.3523274183484863, 'hidden_size': 35, 'dropout': 0.1285223729083815, 'hidden_continuous_size': 33, 'attention_head_size': 1, 'learning_rate': 0.048511024445490214}. Best is trial 60 with value: 0.09029662609100342.
LOCAL_RANK: 0 - CUDA_VISIBLE_DEVICES: [0]
[I 2023-11-30 07:55:37,992] Trial 141 finished with value: 0.1633714884519577 and parameters: {'gradient_clip_val': 0.35598762152522967, 'hidden_size': 28, 'dropout': 0.1279847476559141, 'hidden_continuous_size': 27, 'attention_head_size': 1, 'learning_rate': 0.051138864129114656}. Best is trial 60 with value: 0.09029662609100342.
LOCAL_RANK: 0 - CUDA_VISIBLE_DEVICES: [0]
[I 2023-11-30 07:55:50,903] Trial 142 finished with value: 0.2644784152507782 and parameters: {'gradient_clip_val': 0.3800837359297035, 'hidden_size': 34, 'dropout': 0.1044068659927827, 'hidden_continuous_size': 32, 'attention_head_size': 1, 'learning_rate': 0.048376892179259966}. Best is trial 60 with value: 0.09029662609100342.
LOCAL_RANK: 0 - CUDA_VISIBLE_DEVICES: [0]
[I 2023-11-30 07:56:03,924] Trial 143 finished with value: 0.15401144325733185 and parameters: {'gradient_clip_val': 0.40410524812620513, 'hidden_size': 36, 'dropout': 0.1134942464329372, 'hidden_continuous_size': 33, 'attention_head_size': 1, 'learning_rate': 0.04441063926987659}. Best is trial 60 with value: 0.09029662609100342.
LOCAL_RANK: 0 - CUDA_VISIBLE_DEVICES: [0]
[I 2023-11-30 07:56:16,598] Trial 144 finished with value: 0.22703766822814941 and parameters: {'gradient_clip_val': 0.3246721745840666, 'hidden_size': 35, 'dropout': 0.12425691360816532, 'hidden_continuous_size': 33, 'attention_head_size': 1, 'learning_rate': 0.042157960183178814}. Best is trial 60 with value: 0.09029662609100342.
LOCAL_RANK: 0 - CUDA_VISIBLE_DEVICES: [0]
[I 2023-11-30 07:56:29,537] Trial 145 finished with value: 0.1425476223230362 and parameters: {'gradient_clip_val': 0.393669956546756, 'hidden_size': 38, 'dropout': 0.1735660092825155, 'hidden_continuous_size': 34, 'attention_head_size': 1, 'learning_rate': 0.062359942315288665}. Best is trial 60 with value: 0.09029662609100342.
LOCAL_RANK: 0 - CUDA_VISIBLE_DEVICES: [0]
[I 2023-11-30 07:56:42,420] Trial 146 finished with value: 0.23346813023090363 and parameters: {'gradient_clip_val': 0.3987412392405241, 'hidden_size': 38, 'dropout': 0.19661413401426522, 'hidden_continuous_size': 33, 'attention_head_size': 1, 'learning_rate': 0.06131737409778704}. Best is trial 60 with value: 0.09029662609100342.
LOCAL_RANK: 0 - CUDA_VISIBLE_DEVICES: [0]
[I 2023-11-30 07:56:55,536] Trial 147 finished with value: 0.16368673741817474 and parameters: {'gradient_clip_val': 0.36650740645029245, 'hidden_size': 41, 'dropout': 0.17421652079637112, 'hidden_continuous_size': 34, 'attention_head_size': 1, 'learning_rate': 0.054659755013251786}. Best is trial 60 with value: 0.09029662609100342.
LOCAL_RANK: 0 - CUDA_VISIBLE_DEVICES: [0]
[I 2023-11-30 07:57:08,592] Trial 148 finished with value: 0.1681274175643921 and parameters: {'gradient_clip_val': 0.4089119126589645, 'hidden_size': 33, 'dropout': 0.20522568510684985, 'hidden_continuous_size': 31, 'attention_head_size': 1, 'learning_rate': 0.07847892465739313}. Best is trial 60 with value: 0.09029662609100342.
LOCAL_RANK: 0 - CUDA_VISIBLE_DEVICES: [0]
[I 2023-11-30 07:57:21,378] Trial 149 finished with value: 0.2948471009731293 and parameters: {'gradient_clip_val': 0.3925274592695963, 'hidden_size': 35, 'dropout': 0.16936632800667142, 'hidden_continuous_size': 32, 'attention_head_size': 1, 'learning_rate': 0.04720351948420886}. Best is trial 60 with value: 0.09029662609100342.
[I 2023-11-30 07:57:21,493] A new study created in memory with name: no-name-4bddb6a4-2793-4fe0-b338-6e457089b808
/home/le004/conda/anaconda3/envs/tsff_env/lib/python3.9/site-packages/lightning/fabric/plugins/environments/slurm.py:191: The `srun` command is available on your system but is not used. HINT: If your intention is to run Lightning on SLURM, prepend your python command with `srun` like so: srun python /home/le004/master_thesis/git/TSFusionForecast/code/ ...
LOCAL_RANK: 0 - CUDA_VISIBLE_DEVICES: [0]
[I 2023-11-30 07:57:33,780] Trial 0 finished with value: 2.4356744289398193 and parameters: {'gradient_clip_val': 0.34471586999104925, 'hidden_size': 11, 'dropout': 0.30514877519033246, 'hidden_continuous_size': 10, 'attention_head_size': 2, 'learning_rate': 0.0017284022133455094}. Best is trial 0 with value: 2.4356744289398193.
LOCAL_RANK: 0 - CUDA_VISIBLE_DEVICES: [0]
[I 2023-11-30 07:57:46,582] Trial 1 finished with value: 0.23625648021697998 and parameters: {'gradient_clip_val': 0.5793951190799749, 'hidden_size': 38, 'dropout': 0.16387308725382863, 'hidden_continuous_size': 12, 'attention_head_size': 4, 'learning_rate': 0.014468723519245559}. Best is trial 1 with value: 0.23625648021697998.
LOCAL_RANK: 0 - CUDA_VISIBLE_DEVICES: [0]
[I 2023-11-30 07:57:57,454] Trial 2 finished with value: 0.42286625504493713 and parameters: {'gradient_clip_val': 0.26087977236739085, 'hidden_size': 17, 'dropout': 0.21248698320788703, 'hidden_continuous_size': 17, 'attention_head_size': 3, 'learning_rate': 0.026245738923784907}. Best is trial 1 with value: 0.23625648021697998.
LOCAL_RANK: 0 - CUDA_VISIBLE_DEVICES: [0]
[I 2023-11-30 07:58:10,978] Trial 3 finished with value: 0.22527773678302765 and parameters: {'gradient_clip_val': 0.18070363645965148, 'hidden_size': 54, 'dropout': 0.30735486050502736, 'hidden_continuous_size': 29, 'attention_head_size': 1, 'learning_rate': 0.00973159031230556}. Best is trial 3 with value: 0.22527773678302765.
LOCAL_RANK: 0 - CUDA_VISIBLE_DEVICES: [0]
[I 2023-11-30 07:58:23,273] Trial 4 finished with value: 1.6990705728530884 and parameters: {'gradient_clip_val': 0.8751889870051648, 'hidden_size': 24, 'dropout': 0.19854944157939367, 'hidden_continuous_size': 12, 'attention_head_size': 4, 'learning_rate': 0.0011465368811160474}. Best is trial 3 with value: 0.22527773678302765.
LOCAL_RANK: 0 - CUDA_VISIBLE_DEVICES: [0]
[I 2023-11-30 07:58:35,893] Trial 5 finished with value: 0.1231163740158081 and parameters: {'gradient_clip_val': 0.8627512764154823, 'hidden_size': 29, 'dropout': 0.24714167898947587, 'hidden_continuous_size': 17, 'attention_head_size': 2, 'learning_rate': 0.08400486414089407}. Best is trial 5 with value: 0.1231163740158081.
LOCAL_RANK: 0 - CUDA_VISIBLE_DEVICES: [0]
[I 2023-11-30 07:58:48,766] Trial 6 finished with value: 0.1336769014596939 and parameters: {'gradient_clip_val': 0.11564496119183508, 'hidden_size': 42, 'dropout': 0.128183253427207, 'hidden_continuous_size': 14, 'attention_head_size': 2, 'learning_rate': 0.0426920575568332}. Best is trial 5 with value: 0.1231163740158081.
LOCAL_RANK: 0 - CUDA_VISIBLE_DEVICES: [0]
[I 2023-11-30 07:59:01,474] Trial 7 finished with value: 2.242685079574585 and parameters: {'gradient_clip_val': 0.1379410018968228, 'hidden_size': 26, 'dropout': 0.21002240470536662, 'hidden_continuous_size': 22, 'attention_head_size': 4, 'learning_rate': 0.0017647762562273313}. Best is trial 5 with value: 0.1231163740158081.
LOCAL_RANK: 0 - CUDA_VISIBLE_DEVICES: [0]
[I 2023-11-30 07:59:12,295] Trial 8 finished with value: 0.4932999312877655 and parameters: {'gradient_clip_val': 0.20935315359819262, 'hidden_size': 10, 'dropout': 0.2068824524446559, 'hidden_continuous_size': 10, 'attention_head_size': 3, 'learning_rate': 0.05167208204975432}. Best is trial 5 with value: 0.1231163740158081.
LOCAL_RANK: 0 - CUDA_VISIBLE_DEVICES: [0]
[I 2023-11-30 07:59:26,057] Trial 9 finished with value: 0.7745134234428406 and parameters: {'gradient_clip_val': 0.11722530841652122, 'hidden_size': 77, 'dropout': 0.3875257525980278, 'hidden_continuous_size': 18, 'attention_head_size': 2, 'learning_rate': 0.0027661440619454335}. Best is trial 5 with value: 0.1231163740158081.
LOCAL_RANK: 0 - CUDA_VISIBLE_DEVICES: [0]
[I 2023-11-30 07:59:40,146] Trial 10 finished with value: 0.13625623285770416 and parameters: {'gradient_clip_val': 0.9805182225465905, 'hidden_size': 132, 'dropout': 0.11580181094612668, 'hidden_continuous_size': 53, 'attention_head_size': 1, 'learning_rate': 0.09998670264789292}. Best is trial 5 with value: 0.1231163740158081.
LOCAL_RANK: 0 - CUDA_VISIBLE_DEVICES: [0]
[I 2023-11-30 07:59:52,968] Trial 11 finished with value: 0.07835539430379868 and parameters: {'gradient_clip_val': 0.102695443337196, 'hidden_size': 42, 'dropout': 0.11174573513712793, 'hidden_continuous_size': 15, 'attention_head_size': 2, 'learning_rate': 0.09601798174133959}. Best is trial 11 with value: 0.07835539430379868.
LOCAL_RANK: 0 - CUDA_VISIBLE_DEVICES: [0]
[I 2023-11-30 08:00:05,476] Trial 12 finished with value: 0.2084391862154007 and parameters: {'gradient_clip_val': 0.3846598474796156, 'hidden_size': 25, 'dropout': 0.1068642434432984, 'hidden_continuous_size': 15, 'attention_head_size': 2, 'learning_rate': 0.09207038432504962}. Best is trial 11 with value: 0.07835539430379868.
LOCAL_RANK: 0 - CUDA_VISIBLE_DEVICES: [0]
[I 2023-11-30 08:00:18,777] Trial 13 finished with value: 0.10751870274543762 and parameters: {'gradient_clip_val': 0.5096606344900246, 'hidden_size': 56, 'dropout': 0.25751880298905455, 'hidden_continuous_size': 22, 'attention_head_size': 1, 'learning_rate': 0.0992925436017785}. Best is trial 11 with value: 0.07835539430379868.
LOCAL_RANK: 0 - CUDA_VISIBLE_DEVICES: [0]
[I 2023-11-30 08:00:32,387] Trial 14 finished with value: 0.14158861339092255 and parameters: {'gradient_clip_val': 0.4339105935329525, 'hidden_size': 65, 'dropout': 0.1504675647158509, 'hidden_continuous_size': 28, 'attention_head_size': 1, 'learning_rate': 0.03592792521825939}. Best is trial 11 with value: 0.07835539430379868.
LOCAL_RANK: 0 - CUDA_VISIBLE_DEVICES: [0]
[I 2023-11-30 08:00:46,014] Trial 15 finished with value: 0.3327963352203369 and parameters: {'gradient_clip_val': 0.2630122791612941, 'hidden_size': 88, 'dropout': 0.16319868292056855, 'hidden_continuous_size': 25, 'attention_head_size': 1, 'learning_rate': 0.06030608037688006}. Best is trial 11 with value: 0.07835539430379868.
LOCAL_RANK: 0 - CUDA_VISIBLE_DEVICES: [0]
[I 2023-11-30 08:00:59,329] Trial 16 finished with value: 0.11589052528142929 and parameters: {'gradient_clip_val': 0.16891823909675213, 'hidden_size': 50, 'dropout': 0.26520377607100276, 'hidden_continuous_size': 22, 'attention_head_size': 3, 'learning_rate': 0.024528579400036672}. Best is trial 11 with value: 0.07835539430379868.
LOCAL_RANK: 0 - CUDA_VISIBLE_DEVICES: [0]
[I 2023-11-30 08:01:13,208] Trial 17 finished with value: 0.15419480204582214 and parameters: {'gradient_clip_val': 0.10270212884755069, 'hidden_size': 98, 'dropout': 0.13301638023640328, 'hidden_continuous_size': 37, 'attention_head_size': 1, 'learning_rate': 0.059997242767717965}. Best is trial 11 with value: 0.07835539430379868.
LOCAL_RANK: 0 - CUDA_VISIBLE_DEVICES: [0]
[I 2023-11-30 08:01:26,574] Trial 18 finished with value: 0.14301995933055878 and parameters: {'gradient_clip_val': 0.5053913680529877, 'hidden_size': 57, 'dropout': 0.1033230035786146, 'hidden_continuous_size': 20, 'attention_head_size': 1, 'learning_rate': 0.09737570651499189}. Best is trial 11 with value: 0.07835539430379868.
LOCAL_RANK: 0 - CUDA_VISIBLE_DEVICES: [0]
[I 2023-11-30 08:01:39,522] Trial 19 finished with value: 0.1606152504682541 and parameters: {'gradient_clip_val': 0.3116305553263254, 'hidden_size': 41, 'dropout': 0.18253144847773378, 'hidden_continuous_size': 15, 'attention_head_size': 2, 'learning_rate': 0.030688275641931904}. Best is trial 11 with value: 0.07835539430379868.
LOCAL_RANK: 0 - CUDA_VISIBLE_DEVICES: [0]
[I 2023-11-30 08:01:53,376] Trial 20 finished with value: 0.12462710589170456 and parameters: {'gradient_clip_val': 0.15656165811665998, 'hidden_size': 71, 'dropout': 0.24001562988766728, 'hidden_continuous_size': 37, 'attention_head_size': 3, 'learning_rate': 0.060882413459677744}. Best is trial 11 with value: 0.07835539430379868.
LOCAL_RANK: 0 - CUDA_VISIBLE_DEVICES: [0]
[I 2023-11-30 08:02:06,623] Trial 21 finished with value: 0.2622656524181366 and parameters: {'gradient_clip_val': 0.14395888170363963, 'hidden_size': 50, 'dropout': 0.279186020018973, 'hidden_continuous_size': 22, 'attention_head_size': 3, 'learning_rate': 0.0225778971953292}. Best is trial 11 with value: 0.07835539430379868.
LOCAL_RANK: 0 - CUDA_VISIBLE_DEVICES: [0]
[I 2023-11-30 08:02:20,020] Trial 22 finished with value: 0.13580840826034546 and parameters: {'gradient_clip_val': 0.18960826119231028, 'hidden_size': 51, 'dropout': 0.2599764418579947, 'hidden_continuous_size': 19, 'attention_head_size': 3, 'learning_rate': 0.0414809618994004}. Best is trial 11 with value: 0.07835539430379868.
LOCAL_RANK: 0 - CUDA_VISIBLE_DEVICES: [0]
[I 2023-11-30 08:02:33,035] Trial 23 finished with value: 0.432145357131958 and parameters: {'gradient_clip_val': 0.10467339986459115, 'hidden_size': 34, 'dropout': 0.2291266765552713, 'hidden_continuous_size': 20, 'attention_head_size': 3, 'learning_rate': 0.01677222439103603}. Best is trial 11 with value: 0.07835539430379868.
LOCAL_RANK: 0 - CUDA_VISIBLE_DEVICES: [0]
[I 2023-11-30 08:02:46,384] Trial 24 finished with value: 0.08148827403783798 and parameters: {'gradient_clip_val': 0.12592766202749572, 'hidden_size': 46, 'dropout': 0.2770663806724387, 'hidden_continuous_size': 23, 'attention_head_size': 2, 'learning_rate': 0.0653647051912647}. Best is trial 11 with value: 0.07835539430379868.
LOCAL_RANK: 0 - CUDA_VISIBLE_DEVICES: [0]
[I 2023-11-30 08:02:59,989] Trial 25 finished with value: 0.12616831064224243 and parameters: {'gradient_clip_val': 0.13755149706720746, 'hidden_size': 63, 'dropout': 0.18048753941054163, 'hidden_continuous_size': 25, 'attention_head_size': 2, 'learning_rate': 0.07067227292478025}. Best is trial 11 with value: 0.07835539430379868.
LOCAL_RANK: 0 - CUDA_VISIBLE_DEVICES: [0]
[I 2023-11-30 08:03:12,811] Trial 26 finished with value: 0.14916735887527466 and parameters: {'gradient_clip_val': 0.10004028337140432, 'hidden_size': 33, 'dropout': 0.2873179257031313, 'hidden_continuous_size': 16, 'attention_head_size': 2, 'learning_rate': 0.06799963032128127}. Best is trial 11 with value: 0.07835539430379868.
LOCAL_RANK: 0 - CUDA_VISIBLE_DEVICES: [0]
[I 2023-11-30 08:03:25,785] Trial 27 finished with value: 0.10732483118772507 and parameters: {'gradient_clip_val': 0.22116574996590366, 'hidden_size': 45, 'dropout': 0.23036329412802112, 'hidden_continuous_size': 18, 'attention_head_size': 1, 'learning_rate': 0.04515402596653635}. Best is trial 11 with value: 0.07835539430379868.
LOCAL_RANK: 0 - CUDA_VISIBLE_DEVICES: [0]
