[I 2023-11-30 01:52:54,108] Trial 59 finished with value: 0.18319761753082275 and parameters: {'gradient_clip_val': 0.7073613851515053, 'hidden_size': 93, 'dropout': 0.1456137030605108, 'hidden_continuous_size': 84, 'attention_head_size': 3, 'learning_rate': 0.0073672950555460325}. Best is trial 52 with value: 0.10547497123479843.
LOCAL_RANK: 0 - CUDA_VISIBLE_DEVICES: [0]
[I 2023-11-30 01:53:08,430] Trial 60 finished with value: 0.47415927052497864 and parameters: {'gradient_clip_val': 0.7865183425624667, 'hidden_size': 74, 'dropout': 0.16674497635061142, 'hidden_continuous_size': 67, 'attention_head_size': 2, 'learning_rate': 0.0029148505276336387}. Best is trial 52 with value: 0.10547497123479843.
LOCAL_RANK: 0 - CUDA_VISIBLE_DEVICES: [0]
[I 2023-11-30 01:53:22,815] Trial 61 finished with value: 0.2031523734331131 and parameters: {'gradient_clip_val': 0.612359202923869, 'hidden_size': 96, 'dropout': 0.13276409845955697, 'hidden_continuous_size': 90, 'attention_head_size': 3, 'learning_rate': 0.009074567119793403}. Best is trial 52 with value: 0.10547497123479843.
LOCAL_RANK: 0 - CUDA_VISIBLE_DEVICES: [0]
[I 2023-11-30 01:53:37,549] Trial 62 finished with value: 0.367815226316452 and parameters: {'gradient_clip_val': 0.6397119642303395, 'hidden_size': 106, 'dropout': 0.11728668559405214, 'hidden_continuous_size': 97, 'attention_head_size': 3, 'learning_rate': 0.0076893223791627595}. Best is trial 52 with value: 0.10547497123479843.
LOCAL_RANK: 0 - CUDA_VISIBLE_DEVICES: [0]
[I 2023-11-30 01:53:52,505] Trial 63 finished with value: 0.150897815823555 and parameters: {'gradient_clip_val': 0.5613884419675187, 'hidden_size': 137, 'dropout': 0.1083002786142174, 'hidden_continuous_size': 114, 'attention_head_size': 3, 'learning_rate': 0.010641193221033523}. Best is trial 52 with value: 0.10547497123479843.
LOCAL_RANK: 0 - CUDA_VISIBLE_DEVICES: [0]
[I 2023-11-30 01:54:06,717] Trial 64 finished with value: 0.18865007162094116 and parameters: {'gradient_clip_val': 0.9223082408530883, 'hidden_size': 65, 'dropout': 0.13862462528642133, 'hidden_continuous_size': 62, 'attention_head_size': 3, 'learning_rate': 0.012914459350704828}. Best is trial 52 with value: 0.10547497123479843.
LOCAL_RANK: 0 - CUDA_VISIBLE_DEVICES: [0]
[I 2023-11-30 01:54:21,374] Trial 65 finished with value: 0.13981027901172638 and parameters: {'gradient_clip_val': 0.6729869232827234, 'hidden_size': 114, 'dropout': 0.15954727131041951, 'hidden_continuous_size': 104, 'attention_head_size': 2, 'learning_rate': 0.009246285694068105}. Best is trial 52 with value: 0.10547497123479843.
LOCAL_RANK: 0 - CUDA_VISIBLE_DEVICES: [0]
[I 2023-11-30 01:54:35,983] Trial 66 finished with value: 0.19676534831523895 and parameters: {'gradient_clip_val': 0.7721672020276098, 'hidden_size': 102, 'dropout': 0.12226274198852236, 'hidden_continuous_size': 89, 'attention_head_size': 4, 'learning_rate': 0.017675288637513883}. Best is trial 52 with value: 0.10547497123479843.
LOCAL_RANK: 0 - CUDA_VISIBLE_DEVICES: [0]
[I 2023-11-30 01:54:50,495] Trial 67 finished with value: 0.24982750415802002 and parameters: {'gradient_clip_val': 0.8375687645833305, 'hidden_size': 90, 'dropout': 0.1407906930274315, 'hidden_continuous_size': 80, 'attention_head_size': 3, 'learning_rate': 0.01487181279965419}. Best is trial 52 with value: 0.10547497123479843.
LOCAL_RANK: 0 - CUDA_VISIBLE_DEVICES: [0]
[I 2023-11-30 01:55:05,278] Trial 68 finished with value: 0.15689927339553833 and parameters: {'gradient_clip_val': 0.6059005363826621, 'hidden_size': 125, 'dropout': 0.1574145143975009, 'hidden_continuous_size': 106, 'attention_head_size': 2, 'learning_rate': 0.008318193848560007}. Best is trial 52 with value: 0.10547497123479843.
LOCAL_RANK: 0 - CUDA_VISIBLE_DEVICES: [0]
[I 2023-11-30 01:55:20,454] Trial 69 finished with value: 0.20656995475292206 and parameters: {'gradient_clip_val': 0.5279440699980488, 'hidden_size': 140, 'dropout': 0.10507153398698303, 'hidden_continuous_size': 129, 'attention_head_size': 4, 'learning_rate': 0.01181108083034751}. Best is trial 52 with value: 0.10547497123479843.
LOCAL_RANK: 0 - CUDA_VISIBLE_DEVICES: [0]
[I 2023-11-30 01:55:35,237] Trial 70 finished with value: 0.3663520812988281 and parameters: {'gradient_clip_val': 0.7125287755985373, 'hidden_size': 113, 'dropout': 0.11808933902290616, 'hidden_continuous_size': 100, 'attention_head_size': 3, 'learning_rate': 0.006003127637671305}. Best is trial 52 with value: 0.10547497123479843.
LOCAL_RANK: 0 - CUDA_VISIBLE_DEVICES: [0]
[I 2023-11-30 01:55:49,649] Trial 71 finished with value: 0.25940772891044617 and parameters: {'gradient_clip_val': 0.7398427197872428, 'hidden_size': 102, 'dropout': 0.1698716891212235, 'hidden_continuous_size': 93, 'attention_head_size': 2, 'learning_rate': 0.020262904573667046}. Best is trial 52 with value: 0.10547497123479843.
LOCAL_RANK: 0 - CUDA_VISIBLE_DEVICES: [0]
[I 2023-11-30 01:56:04,210] Trial 72 finished with value: 0.18267738819122314 and parameters: {'gradient_clip_val': 0.888311205804679, 'hidden_size': 111, 'dropout': 0.146439255025462, 'hidden_continuous_size': 103, 'attention_head_size': 2, 'learning_rate': 0.02209265204996141}. Best is trial 52 with value: 0.10547497123479843.
LOCAL_RANK: 0 - CUDA_VISIBLE_DEVICES: [0]
[I 2023-11-30 01:56:18,861] Trial 73 finished with value: 0.1751469522714615 and parameters: {'gradient_clip_val': 0.7747222805197205, 'hidden_size': 123, 'dropout': 0.15903459582193988, 'hidden_continuous_size': 112, 'attention_head_size': 2, 'learning_rate': 0.016100884483519286}. Best is trial 52 with value: 0.10547497123479843.
LOCAL_RANK: 0 - CUDA_VISIBLE_DEVICES: [0]
[I 2023-11-30 01:56:33,405] Trial 74 finished with value: 0.111539326608181 and parameters: {'gradient_clip_val': 0.5868418463633058, 'hidden_size': 92, 'dropout': 0.12978624585966061, 'hidden_continuous_size': 83, 'attention_head_size': 2, 'learning_rate': 0.009890501210804417}. Best is trial 52 with value: 0.10547497123479843.
LOCAL_RANK: 0 - CUDA_VISIBLE_DEVICES: [0]
[I 2023-11-30 01:56:47,826] Trial 75 finished with value: 0.1799689531326294 and parameters: {'gradient_clip_val': 0.5763601914418484, 'hidden_size': 91, 'dropout': 0.13041181637045615, 'hidden_continuous_size': 80, 'attention_head_size': 2, 'learning_rate': 0.0069137806574473114}. Best is trial 52 with value: 0.10547497123479843.
LOCAL_RANK: 0 - CUDA_VISIBLE_DEVICES: [0]
[I 2023-11-30 01:57:03,086] Trial 76 finished with value: 0.18618892133235931 and parameters: {'gradient_clip_val': 0.6551870134911286, 'hidden_size': 150, 'dropout': 0.12840732941164024, 'hidden_continuous_size': 135, 'attention_head_size': 3, 'learning_rate': 0.010443234825866976}. Best is trial 52 with value: 0.10547497123479843.
LOCAL_RANK: 0 - CUDA_VISIBLE_DEVICES: [0]
[I 2023-11-30 01:57:17,494] Trial 77 finished with value: 0.11989456415176392 and parameters: {'gradient_clip_val': 0.53481361945137, 'hidden_size': 80, 'dropout': 0.11553153307148047, 'hidden_continuous_size': 76, 'attention_head_size': 3, 'learning_rate': 0.01386483556793895}. Best is trial 52 with value: 0.10547497123479843.
LOCAL_RANK: 0 - CUDA_VISIBLE_DEVICES: [0]
[I 2023-11-30 01:57:31,795] Trial 78 finished with value: 0.24687440693378448 and parameters: {'gradient_clip_val': 0.44316767313515226, 'hidden_size': 76, 'dropout': 0.10001412052697725, 'hidden_continuous_size': 72, 'attention_head_size': 2, 'learning_rate': 0.014942779620665666}. Best is trial 52 with value: 0.10547497123479843.
LOCAL_RANK: 0 - CUDA_VISIBLE_DEVICES: [0]
[I 2023-11-30 01:57:46,131] Trial 79 finished with value: 0.14148344099521637 and parameters: {'gradient_clip_val': 0.48415282766517925, 'hidden_size': 85, 'dropout': 0.11363707337591354, 'hidden_continuous_size': 78, 'attention_head_size': 3, 'learning_rate': 0.013612393817780663}. Best is trial 52 with value: 0.10547497123479843.
LOCAL_RANK: 0 - CUDA_VISIBLE_DEVICES: [0]
[I 2023-11-30 01:58:01,279] Trial 80 finished with value: 0.1548842340707779 and parameters: {'gradient_clip_val': 0.5364755714899017, 'hidden_size': 141, 'dropout': 0.12030000591386224, 'hidden_continuous_size': 124, 'attention_head_size': 4, 'learning_rate': 0.017828597409007954}. Best is trial 52 with value: 0.10547497123479843.
LOCAL_RANK: 0 - CUDA_VISIBLE_DEVICES: [0]
[I 2023-11-30 01:58:15,715] Trial 81 finished with value: 0.1471158117055893 and parameters: {'gradient_clip_val': 0.5802973582591706, 'hidden_size': 97, 'dropout': 0.13714372169418684, 'hidden_continuous_size': 86, 'attention_head_size': 3, 'learning_rate': 0.010087899474213466}. Best is trial 52 with value: 0.10547497123479843.
LOCAL_RANK: 0 - CUDA_VISIBLE_DEVICES: [0]
[I 2023-11-30 01:58:30,264] Trial 82 finished with value: 0.25235751271247864 and parameters: {'gradient_clip_val': 0.6213502225211348, 'hidden_size': 101, 'dropout': 0.1455188088986395, 'hidden_continuous_size': 93, 'attention_head_size': 3, 'learning_rate': 0.008147884293611568}. Best is trial 52 with value: 0.10547497123479843.
LOCAL_RANK: 0 - CUDA_VISIBLE_DEVICES: [0]
[I 2023-11-30 01:58:44,689] Trial 83 finished with value: 0.15040118992328644 and parameters: {'gradient_clip_val': 0.6991687644146181, 'hidden_size': 80, 'dropout': 0.10775291363764963, 'hidden_continuous_size': 76, 'attention_head_size': 3, 'learning_rate': 0.012174269109540942}. Best is trial 52 with value: 0.10547497123479843.
LOCAL_RANK: 0 - CUDA_VISIBLE_DEVICES: [0]
[I 2023-11-30 01:58:59,452] Trial 84 finished with value: 0.20003752410411835 and parameters: {'gradient_clip_val': 0.5092526032463828, 'hidden_size': 124, 'dropout': 0.1247461268254013, 'hidden_continuous_size': 116, 'attention_head_size': 3, 'learning_rate': 0.009155391779478328}. Best is trial 52 with value: 0.10547497123479843.
LOCAL_RANK: 0 - CUDA_VISIBLE_DEVICES: [0]
[I 2023-11-30 01:59:14,158] Trial 85 finished with value: 0.16647888720035553 and parameters: {'gradient_clip_val': 0.6496225818287578, 'hidden_size': 109, 'dropout': 0.13321524204275279, 'hidden_continuous_size': 102, 'attention_head_size': 3, 'learning_rate': 0.006744269611294208}. Best is trial 52 with value: 0.10547497123479843.
LOCAL_RANK: 0 - CUDA_VISIBLE_DEVICES: [0]
[I 2023-11-30 01:59:28,388] Trial 86 finished with value: 0.23804056644439697 and parameters: {'gradient_clip_val': 0.5551401343657608, 'hidden_size': 88, 'dropout': 0.15353073535826403, 'hidden_continuous_size': 83, 'attention_head_size': 2, 'learning_rate': 0.014007065512108013}. Best is trial 52 with value: 0.10547497123479843.
LOCAL_RANK: 0 - CUDA_VISIBLE_DEVICES: [0]
[I 2023-11-30 01:59:43,402] Trial 87 finished with value: 0.1911623477935791 and parameters: {'gradient_clip_val': 0.5834937587115578, 'hidden_size': 134, 'dropout': 0.11456454804346543, 'hidden_continuous_size': 122, 'attention_head_size': 4, 'learning_rate': 0.009765427188207205}. Best is trial 52 with value: 0.10547497123479843.
LOCAL_RANK: 0 - CUDA_VISIBLE_DEVICES: [0]
[I 2023-11-30 01:59:58,151] Trial 88 finished with value: 0.11620790511369705 and parameters: {'gradient_clip_val': 0.7400288972251495, 'hidden_size': 117, 'dropout': 0.12521550982560284, 'hidden_continuous_size': 105, 'attention_head_size': 3, 'learning_rate': 0.011551070797897496}. Best is trial 52 with value: 0.10547497123479843.
LOCAL_RANK: 0 - CUDA_VISIBLE_DEVICES: [0]
[I 2023-11-30 02:00:12,889] Trial 89 finished with value: 0.13974134624004364 and parameters: {'gradient_clip_val': 0.7501941090573035, 'hidden_size': 120, 'dropout': 0.1213978096550414, 'hidden_continuous_size': 109, 'attention_head_size': 3, 'learning_rate': 0.011303668265057264}. Best is trial 52 with value: 0.10547497123479843.
LOCAL_RANK: 0 - CUDA_VISIBLE_DEVICES: [0]
[I 2023-11-30 02:00:27,874] Trial 90 finished with value: 0.17186897993087769 and parameters: {'gradient_clip_val': 0.6780094263607342, 'hidden_size': 139, 'dropout': 0.10630819489483212, 'hidden_continuous_size': 133, 'attention_head_size': 2, 'learning_rate': 0.01645216475347931}. Best is trial 52 with value: 0.10547497123479843.
LOCAL_RANK: 0 - CUDA_VISIBLE_DEVICES: [0]
[I 2023-11-30 02:00:42,681] Trial 91 finished with value: 0.1702120453119278 and parameters: {'gradient_clip_val': 0.8138952268400745, 'hidden_size': 115, 'dropout': 0.1397045985710617, 'hidden_continuous_size': 108, 'attention_head_size': 3, 'learning_rate': 0.008061308868242054}. Best is trial 52 with value: 0.10547497123479843.
LOCAL_RANK: 0 - CUDA_VISIBLE_DEVICES: [0]
[I 2023-11-30 02:00:57,429] Trial 92 finished with value: 0.23242343962192535 and parameters: {'gradient_clip_val': 0.6163046600810405, 'hidden_size': 106, 'dropout': 0.12735614352552244, 'hidden_continuous_size': 98, 'attention_head_size': 3, 'learning_rate': 0.01190292828573079}. Best is trial 52 with value: 0.10547497123479843.
LOCAL_RANK: 0 - CUDA_VISIBLE_DEVICES: [0]
[I 2023-11-30 02:01:12,319] Trial 93 finished with value: 0.22573459148406982 and parameters: {'gradient_clip_val': 0.6982581256975335, 'hidden_size': 129, 'dropout': 0.15012782510218164, 'hidden_continuous_size': 115, 'attention_head_size': 3, 'learning_rate': 0.013360105596815731}. Best is trial 52 with value: 0.10547497123479843.
LOCAL_RANK: 0 - CUDA_VISIBLE_DEVICES: [0]
[I 2023-11-30 02:01:27,081] Trial 94 finished with value: 0.13036707043647766 and parameters: {'gradient_clip_val': 0.6511365177808673, 'hidden_size': 99, 'dropout': 0.1353992775257881, 'hidden_continuous_size': 93, 'attention_head_size': 3, 'learning_rate': 0.007277198531994889}. Best is trial 52 with value: 0.10547497123479843.
LOCAL_RANK: 0 - CUDA_VISIBLE_DEVICES: [0]
[I 2023-11-30 02:01:41,631] Trial 95 finished with value: 0.16337950527668 and parameters: {'gradient_clip_val': 0.6610937444354931, 'hidden_size': 94, 'dropout': 0.1135311852534933, 'hidden_continuous_size': 88, 'attention_head_size': 3, 'learning_rate': 0.0073218089927954855}. Best is trial 52 with value: 0.10547497123479843.
LOCAL_RANK: 0 - CUDA_VISIBLE_DEVICES: [0]
[I 2023-11-30 02:01:56,058] Trial 96 finished with value: 0.16325093805789948 and parameters: {'gradient_clip_val': 0.7344914677953363, 'hidden_size': 81, 'dropout': 0.1439227923506888, 'hidden_continuous_size': 78, 'attention_head_size': 3, 'learning_rate': 0.011256744030469522}. Best is trial 52 with value: 0.10547497123479843.
LOCAL_RANK: 0 - CUDA_VISIBLE_DEVICES: [0]
[I 2023-11-30 02:02:10,587] Trial 97 finished with value: 0.3825114071369171 and parameters: {'gradient_clip_val': 0.5339421429725901, 'hidden_size': 120, 'dropout': 0.13507578672706722, 'hidden_continuous_size': 110, 'attention_head_size': 4, 'learning_rate': 0.009970272321931836}. Best is trial 52 with value: 0.10547497123479843.
LOCAL_RANK: 0 - CUDA_VISIBLE_DEVICES: [0]
[I 2023-11-30 02:02:25,687] Trial 98 finished with value: 0.22336895763874054 and parameters: {'gradient_clip_val': 0.6117205370159517, 'hidden_size': 142, 'dropout': 0.12622408564085102, 'hidden_continuous_size': 134, 'attention_head_size': 3, 'learning_rate': 0.008862086904594854}. Best is trial 52 with value: 0.10547497123479843.
LOCAL_RANK: 0 - CUDA_VISIBLE_DEVICES: [0]
[I 2023-11-30 02:02:40,496] Trial 99 finished with value: 0.15484009683132172 and parameters: {'gradient_clip_val': 0.8136226047649856, 'hidden_size': 109, 'dropout': 0.16362076282033383, 'hidden_continuous_size': 101, 'attention_head_size': 3, 'learning_rate': 0.006170143930301307}. Best is trial 52 with value: 0.10547497123479843.
LOCAL_RANK: 0 - CUDA_VISIBLE_DEVICES: [0]
[I 2023-11-30 02:02:54,774] Trial 100 finished with value: 0.18709011375904083 and parameters: {'gradient_clip_val': 0.7278163646025668, 'hidden_size': 71, 'dropout': 0.1163967128826486, 'hidden_continuous_size': 69, 'attention_head_size': 4, 'learning_rate': 0.006985998919754659}. Best is trial 52 with value: 0.10547497123479843.
LOCAL_RANK: 0 - CUDA_VISIBLE_DEVICES: [0]
[I 2023-11-30 02:03:09,343] Trial 101 finished with value: 0.1586400270462036 and parameters: {'gradient_clip_val': 0.6361225922203757, 'hidden_size': 99, 'dropout': 0.1345691689999029, 'hidden_continuous_size': 93, 'attention_head_size': 3, 'learning_rate': 0.00535727857743317}. Best is trial 52 with value: 0.10547497123479843.
LOCAL_RANK: 0 - CUDA_VISIBLE_DEVICES: [0]
[I 2023-11-30 02:03:23,874] Trial 102 finished with value: 0.21018998324871063 and parameters: {'gradient_clip_val': 0.67741101160545, 'hidden_size': 91, 'dropout': 0.1409071775083345, 'hidden_continuous_size': 85, 'attention_head_size': 3, 'learning_rate': 0.007945735789821308}. Best is trial 52 with value: 0.10547497123479843.
LOCAL_RANK: 0 - CUDA_VISIBLE_DEVICES: [0]
[I 2023-11-30 02:03:38,694] Trial 103 finished with value: 0.11628091335296631 and parameters: {'gradient_clip_val': 0.5902868361604503, 'hidden_size': 129, 'dropout': 0.10613308813454866, 'hidden_continuous_size': 118, 'attention_head_size': 3, 'learning_rate': 0.00983467948041534}. Best is trial 52 with value: 0.10547497123479843.
LOCAL_RANK: 0 - CUDA_VISIBLE_DEVICES: [0]
[I 2023-11-30 02:03:53,374] Trial 104 finished with value: 0.17947189509868622 and parameters: {'gradient_clip_val': 0.4914494283385927, 'hidden_size': 128, 'dropout': 0.10549655330554963, 'hidden_continuous_size': 118, 'attention_head_size': 3, 'learning_rate': 0.012521354011337036}. Best is trial 52 with value: 0.10547497123479843.
LOCAL_RANK: 0 - CUDA_VISIBLE_DEVICES: [0]
[I 2023-11-30 02:04:08,298] Trial 105 finished with value: 0.33984267711639404 and parameters: {'gradient_clip_val': 0.5620763632148081, 'hidden_size': 113, 'dropout': 0.1106269250518701, 'hidden_continuous_size': 105, 'attention_head_size': 3, 'learning_rate': 0.010843659189045462}. Best is trial 52 with value: 0.10547497123479843.
LOCAL_RANK: 0 - CUDA_VISIBLE_DEVICES: [0]
[I 2023-11-30 02:04:23,259] Trial 106 finished with value: 0.18952727317810059 and parameters: {'gradient_clip_val': 0.6024294077116579, 'hidden_size': 137, 'dropout': 0.12346381474743968, 'hidden_continuous_size': 126, 'attention_head_size': 2, 'learning_rate': 0.015005420003925064}. Best is trial 52 with value: 0.10547497123479843.
LOCAL_RANK: 0 - CUDA_VISIBLE_DEVICES: [0]
[I 2023-11-30 02:04:38,484] Trial 107 finished with value: 0.2750871479511261 and parameters: {'gradient_clip_val': 0.7659229101880685, 'hidden_size': 146, 'dropout': 0.11910534536554954, 'hidden_continuous_size': 140, 'attention_head_size': 3, 'learning_rate': 0.009462897657995878}. Best is trial 52 with value: 0.10547497123479843.
LOCAL_RANK: 0 - CUDA_VISIBLE_DEVICES: [0]
[I 2023-11-30 02:04:53,123] Trial 108 finished with value: 0.24209041893482208 and parameters: {'gradient_clip_val': 0.5926022858144823, 'hidden_size': 128, 'dropout': 0.10232278364849362, 'hidden_continuous_size': 119, 'attention_head_size': 3, 'learning_rate': 0.00747246242650902}. Best is trial 52 with value: 0.10547497123479843.
LOCAL_RANK: 0 - CUDA_VISIBLE_DEVICES: [0]
[I 2023-11-30 02:05:07,755] Trial 109 finished with value: 0.2837132513523102 and parameters: {'gradient_clip_val': 0.5342722892944061, 'hidden_size': 117, 'dropout': 0.12625399730353046, 'hidden_continuous_size': 110, 'attention_head_size': 2, 'learning_rate': 0.008770570650178004}. Best is trial 52 with value: 0.10547497123479843.
LOCAL_RANK: 0 - CUDA_VISIBLE_DEVICES: [0]
[I 2023-11-30 02:05:22,462] Trial 110 finished with value: 0.1723480075597763 and parameters: {'gradient_clip_val': 0.7182569796862223, 'hidden_size': 104, 'dropout': 0.13125302414346587, 'hidden_continuous_size': 97, 'attention_head_size': 4, 'learning_rate': 0.018545059828870527}. Best is trial 52 with value: 0.10547497123479843.
LOCAL_RANK: 0 - CUDA_VISIBLE_DEVICES: [0]
[I 2023-11-30 02:05:36,912] Trial 111 finished with value: 0.17664889991283417 and parameters: {'gradient_clip_val': 0.6499701250164276, 'hidden_size': 96, 'dropout': 0.15189030954472044, 'hidden_continuous_size': 91, 'attention_head_size': 3, 'learning_rate': 0.008305484830682316}. Best is trial 52 with value: 0.10547497123479843.
LOCAL_RANK: 0 - CUDA_VISIBLE_DEVICES: [0]
[I 2023-11-30 02:05:51,258] Trial 112 finished with value: 0.15045024454593658 and parameters: {'gradient_clip_val': 0.6311314181414919, 'hidden_size': 88, 'dropout': 0.14364717157374343, 'hidden_continuous_size': 83, 'attention_head_size': 3, 'learning_rate': 0.01059641932328556}. Best is trial 52 with value: 0.10547497123479843.
LOCAL_RANK: 0 - CUDA_VISIBLE_DEVICES: [0]
[I 2023-11-30 02:06:06,155] Trial 113 finished with value: 0.17384175956249237 and parameters: {'gradient_clip_val': 0.4619156272798168, 'hidden_size': 134, 'dropout': 0.1093581644923482, 'hidden_continuous_size': 125, 'attention_head_size': 3, 'learning_rate': 0.0062410831302641585}. Best is trial 52 with value: 0.10547497123479843.
LOCAL_RANK: 0 - CUDA_VISIBLE_DEVICES: [0]
[I 2023-11-30 02:06:20,692] Trial 114 finished with value: 0.18359678983688354 and parameters: {'gradient_clip_val': 0.6783195153752787, 'hidden_size': 101, 'dropout': 0.11680378200946542, 'hidden_continuous_size': 96, 'attention_head_size': 3, 'learning_rate': 0.01382259708804764}. Best is trial 52 with value: 0.10547497123479843.
LOCAL_RANK: 0 - CUDA_VISIBLE_DEVICES: [0]
[I 2023-11-30 02:06:35,666] Trial 115 finished with value: 0.25970593094825745 and parameters: {'gradient_clip_val': 0.5686236451170107, 'hidden_size': 122, 'dropout': 0.13072866953096682, 'hidden_continuous_size': 114, 'attention_head_size': 3, 'learning_rate': 0.01259603389521541}. Best is trial 52 with value: 0.10547497123479843.
LOCAL_RANK: 0 - CUDA_VISIBLE_DEVICES: [0]
[I 2023-11-30 02:06:50,244] Trial 116 finished with value: 0.11281297355890274 and parameters: {'gradient_clip_val': 0.7911270095335667, 'hidden_size': 108, 'dropout': 0.1370568968398792, 'hidden_continuous_size': 102, 'attention_head_size': 3, 'learning_rate': 0.009616381445594641}. Best is trial 52 with value: 0.10547497123479843.
LOCAL_RANK: 0 - CUDA_VISIBLE_DEVICES: [0]
