[I 2023-11-30 02:20:17,961] Trial 24 finished with value: 0.1296163946390152 and parameters: {'gradient_clip_val': 0.5453286727635602, 'hidden_size': 38, 'dropout': 0.1940957445435759, 'hidden_continuous_size': 14, 'attention_head_size': 2, 'learning_rate': 0.04457556533641102}. Best is trial 23 with value: 0.08054208010435104.
LOCAL_RANK: 0 - CUDA_VISIBLE_DEVICES: [0]
[I 2023-11-30 02:20:30,522] Trial 25 finished with value: 0.14557187259197235 and parameters: {'gradient_clip_val': 0.48414295626260173, 'hidden_size': 23, 'dropout': 0.21871698615100899, 'hidden_continuous_size': 11, 'attention_head_size': 2, 'learning_rate': 0.04778830086625439}. Best is trial 23 with value: 0.08054208010435104.
LOCAL_RANK: 0 - CUDA_VISIBLE_DEVICES: [0]
[I 2023-11-30 02:20:43,316] Trial 26 finished with value: 0.15581534802913666 and parameters: {'gradient_clip_val': 0.6406052280093272, 'hidden_size': 37, 'dropout': 0.29192243219980657, 'hidden_continuous_size': 13, 'attention_head_size': 2, 'learning_rate': 0.04096916888910158}. Best is trial 23 with value: 0.08054208010435104.
LOCAL_RANK: 0 - CUDA_VISIBLE_DEVICES: [0]
[I 2023-11-30 02:20:55,921] Trial 27 finished with value: 0.1211543083190918 and parameters: {'gradient_clip_val': 0.9812896498205667, 'hidden_size': 27, 'dropout': 0.23111706096931223, 'hidden_continuous_size': 12, 'attention_head_size': 2, 'learning_rate': 0.06518335152184916}. Best is trial 23 with value: 0.08054208010435104.
LOCAL_RANK: 0 - CUDA_VISIBLE_DEVICES: [0]
[I 2023-11-30 02:21:08,335] Trial 28 finished with value: 0.12710534036159515 and parameters: {'gradient_clip_val': 0.546858874267151, 'hidden_size': 22, 'dropout': 0.25319765021544904, 'hidden_continuous_size': 10, 'attention_head_size': 2, 'learning_rate': 0.06662418353213874}. Best is trial 23 with value: 0.08054208010435104.
LOCAL_RANK: 0 - CUDA_VISIBLE_DEVICES: [0]
[I 2023-11-30 02:21:21,240] Trial 29 finished with value: 0.23549778759479523 and parameters: {'gradient_clip_val': 0.6554051342387563, 'hidden_size': 43, 'dropout': 0.18266534335183307, 'hidden_continuous_size': 16, 'attention_head_size': 1, 'learning_rate': 0.016564984893397108}. Best is trial 23 with value: 0.08054208010435104.
LOCAL_RANK: 0 - CUDA_VISIBLE_DEVICES: [0]
[I 2023-11-30 02:21:34,191] Trial 30 finished with value: 0.22306568920612335 and parameters: {'gradient_clip_val': 0.8295478086653583, 'hidden_size': 31, 'dropout': 0.2910201421636528, 'hidden_continuous_size': 13, 'attention_head_size': 2, 'learning_rate': 0.036644404220100076}. Best is trial 23 with value: 0.08054208010435104.
LOCAL_RANK: 0 - CUDA_VISIBLE_DEVICES: [0]
[I 2023-11-30 02:21:46,798] Trial 31 finished with value: 0.09335040301084518 and parameters: {'gradient_clip_val': 0.723367199144985, 'hidden_size': 38, 'dropout': 0.23879572229813276, 'hidden_continuous_size': 11, 'attention_head_size': 1, 'learning_rate': 0.0921958776438977}. Best is trial 23 with value: 0.08054208010435104.
LOCAL_RANK: 0 - CUDA_VISIBLE_DEVICES: [0]
[I 2023-11-30 02:21:59,599] Trial 32 finished with value: 0.08893003314733505 and parameters: {'gradient_clip_val': 0.680878537831596, 'hidden_size': 43, 'dropout': 0.22314250530402535, 'hidden_continuous_size': 15, 'attention_head_size': 1, 'learning_rate': 0.0725216304495796}. Best is trial 23 with value: 0.08054208010435104.
LOCAL_RANK: 0 - CUDA_VISIBLE_DEVICES: [0]
[I 2023-11-30 02:22:12,534] Trial 33 finished with value: 0.12577950954437256 and parameters: {'gradient_clip_val': 0.6819266924485181, 'hidden_size': 42, 'dropout': 0.2125023844271298, 'hidden_continuous_size': 14, 'attention_head_size': 1, 'learning_rate': 0.07777217946019764}. Best is trial 23 with value: 0.08054208010435104.
LOCAL_RANK: 0 - CUDA_VISIBLE_DEVICES: [0]
[I 2023-11-30 02:22:25,620] Trial 34 finished with value: 0.21792034804821014 and parameters: {'gradient_clip_val': 0.5789612393903376, 'hidden_size': 50, 'dropout': 0.22929069585572914, 'hidden_continuous_size': 16, 'attention_head_size': 1, 'learning_rate': 0.07853314631744503}. Best is trial 23 with value: 0.08054208010435104.
LOCAL_RANK: 0 - CUDA_VISIBLE_DEVICES: [0]
[I 2023-11-30 02:22:38,625] Trial 35 finished with value: 0.10244325548410416 and parameters: {'gradient_clip_val': 0.7132872595768741, 'hidden_size': 38, 'dropout': 0.19681247517656533, 'hidden_continuous_size': 15, 'attention_head_size': 3, 'learning_rate': 0.05538200335764559}. Best is trial 23 with value: 0.08054208010435104.
LOCAL_RANK: 0 - CUDA_VISIBLE_DEVICES: [0]
[I 2023-11-30 02:22:51,803] Trial 36 finished with value: 0.08623229712247849 and parameters: {'gradient_clip_val': 0.5948052870329579, 'hidden_size': 51, 'dropout': 0.21667920372786087, 'hidden_continuous_size': 13, 'attention_head_size': 3, 'learning_rate': 0.09553137229640637}. Best is trial 23 with value: 0.08054208010435104.
LOCAL_RANK: 0 - CUDA_VISIBLE_DEVICES: [0]
[I 2023-11-30 02:23:05,215] Trial 37 finished with value: 0.1282484382390976 and parameters: {'gradient_clip_val': 0.41327210373580875, 'hidden_size': 57, 'dropout': 0.15923592270583736, 'hidden_continuous_size': 17, 'attention_head_size': 3, 'learning_rate': 0.09918916015442644}. Best is trial 23 with value: 0.08054208010435104.
LOCAL_RANK: 0 - CUDA_VISIBLE_DEVICES: [0]
[I 2023-11-30 02:23:18,395] Trial 38 finished with value: 0.06364370137453079 and parameters: {'gradient_clip_val': 0.5838835979349046, 'hidden_size': 51, 'dropout': 0.21323857963306614, 'hidden_continuous_size': 22, 'attention_head_size': 3, 'learning_rate': 0.072247608239022}. Best is trial 38 with value: 0.06364370137453079.
LOCAL_RANK: 0 - CUDA_VISIBLE_DEVICES: [0]
[I 2023-11-30 02:23:31,659] Trial 39 finished with value: 0.10116047412157059 and parameters: {'gradient_clip_val': 0.47783332000455553, 'hidden_size': 51, 'dropout': 0.21503824751544018, 'hidden_continuous_size': 23, 'attention_head_size': 3, 'learning_rate': 0.06991609493844582}. Best is trial 38 with value: 0.06364370137453079.
LOCAL_RANK: 0 - CUDA_VISIBLE_DEVICES: [0]
[I 2023-11-30 02:23:45,298] Trial 40 finished with value: 0.08602311462163925 and parameters: {'gradient_clip_val': 0.6100828020893347, 'hidden_size': 66, 'dropout': 0.13497941253091417, 'hidden_continuous_size': 20, 'attention_head_size': 3, 'learning_rate': 0.04075896727853273}. Best is trial 38 with value: 0.06364370137453079.
LOCAL_RANK: 0 - CUDA_VISIBLE_DEVICES: [0]
[I 2023-11-30 02:23:58,674] Trial 41 finished with value: 0.10515110939741135 and parameters: {'gradient_clip_val': 0.5947321435656899, 'hidden_size': 57, 'dropout': 0.14060581034223307, 'hidden_continuous_size': 20, 'attention_head_size': 3, 'learning_rate': 0.04087588681566497}. Best is trial 38 with value: 0.06364370137453079.
LOCAL_RANK: 0 - CUDA_VISIBLE_DEVICES: [0]
[I 2023-11-30 02:24:12,373] Trial 42 finished with value: 0.11233674734830856 and parameters: {'gradient_clip_val': 0.5051211508554265, 'hidden_size': 65, 'dropout': 0.13112994398595312, 'hidden_continuous_size': 21, 'attention_head_size': 3, 'learning_rate': 0.07563092504708957}. Best is trial 38 with value: 0.06364370137453079.
LOCAL_RANK: 0 - CUDA_VISIBLE_DEVICES: [0]
[I 2023-11-30 02:24:26,061] Trial 43 finished with value: 0.1205652579665184 and parameters: {'gradient_clip_val': 0.6272428246387695, 'hidden_size': 74, 'dropout': 0.15519513901773568, 'hidden_continuous_size': 18, 'attention_head_size': 3, 'learning_rate': 0.03921572766226673}. Best is trial 38 with value: 0.06364370137453079.
LOCAL_RANK: 0 - CUDA_VISIBLE_DEVICES: [0]
[I 2023-11-30 02:24:39,328] Trial 44 finished with value: 0.12843044102191925 and parameters: {'gradient_clip_val': 0.6016251087372908, 'hidden_size': 46, 'dropout': 0.1841259322732149, 'hidden_continuous_size': 22, 'attention_head_size': 3, 'learning_rate': 0.05667202592012568}. Best is trial 38 with value: 0.06364370137453079.
LOCAL_RANK: 0 - CUDA_VISIBLE_DEVICES: [0]
[I 2023-11-30 02:24:53,212] Trial 45 finished with value: 0.17421168088912964 and parameters: {'gradient_clip_val': 0.45771054867080085, 'hidden_size': 71, 'dropout': 0.20257758565656553, 'hidden_continuous_size': 25, 'attention_head_size': 3, 'learning_rate': 0.0751517378732225}. Best is trial 38 with value: 0.06364370137453079.
LOCAL_RANK: 0 - CUDA_VISIBLE_DEVICES: [0]
[I 2023-11-30 02:25:06,295] Trial 46 finished with value: 0.13476990163326263 and parameters: {'gradient_clip_val': 0.3814968021000102, 'hidden_size': 52, 'dropout': 0.16823493694271024, 'hidden_continuous_size': 18, 'attention_head_size': 3, 'learning_rate': 0.033613857747932005}. Best is trial 38 with value: 0.06364370137453079.
LOCAL_RANK: 0 - CUDA_VISIBLE_DEVICES: [0]
[I 2023-11-30 02:25:19,332] Trial 47 finished with value: 0.11488470435142517 and parameters: {'gradient_clip_val': 0.5417245829357284, 'hidden_size': 44, 'dropout': 0.21881327513542312, 'hidden_continuous_size': 19, 'attention_head_size': 4, 'learning_rate': 0.045006077985593654}. Best is trial 38 with value: 0.06364370137453079.
LOCAL_RANK: 0 - CUDA_VISIBLE_DEVICES: [0]
[I 2023-11-30 02:25:33,039] Trial 48 finished with value: 0.11206088215112686 and parameters: {'gradient_clip_val': 0.5130467899461272, 'hidden_size': 84, 'dropout': 0.19367314750390593, 'hidden_continuous_size': 24, 'attention_head_size': 3, 'learning_rate': 0.0288991810574218}. Best is trial 38 with value: 0.06364370137453079.
LOCAL_RANK: 0 - CUDA_VISIBLE_DEVICES: [0]
[I 2023-11-30 02:25:46,141] Trial 49 finished with value: 0.11207164078950882 and parameters: {'gradient_clip_val': 0.6077428714159759, 'hidden_size': 52, 'dropout': 0.12931722135678625, 'hidden_continuous_size': 20, 'attention_head_size': 3, 'learning_rate': 0.02470110365581633}. Best is trial 38 with value: 0.06364370137453079.
LOCAL_RANK: 0 - CUDA_VISIBLE_DEVICES: [0]
[I 2023-11-30 02:26:00,120] Trial 50 finished with value: 0.13198727369308472 and parameters: {'gradient_clip_val': 0.44096938276689573, 'hidden_size': 68, 'dropout': 0.1444182050438202, 'hidden_continuous_size': 27, 'attention_head_size': 4, 'learning_rate': 0.06048880581893381}. Best is trial 38 with value: 0.06364370137453079.
LOCAL_RANK: 0 - CUDA_VISIBLE_DEVICES: [0]
[I 2023-11-30 02:26:13,114] Trial 51 finished with value: 0.11353093385696411 and parameters: {'gradient_clip_val': 0.6867889929351106, 'hidden_size': 41, 'dropout': 0.24431346872020884, 'hidden_continuous_size': 13, 'attention_head_size': 3, 'learning_rate': 0.08612824202501633}. Best is trial 38 with value: 0.06364370137453079.
LOCAL_RANK: 0 - CUDA_VISIBLE_DEVICES: [0]
[I 2023-11-30 02:26:26,104] Trial 52 finished with value: 0.08565524220466614 and parameters: {'gradient_clip_val': 0.7222381033751842, 'hidden_size': 47, 'dropout': 0.22378216562627573, 'hidden_continuous_size': 15, 'attention_head_size': 1, 'learning_rate': 0.09926950730825522}. Best is trial 38 with value: 0.06364370137453079.
LOCAL_RANK: 0 - CUDA_VISIBLE_DEVICES: [0]
[I 2023-11-30 02:26:39,135] Trial 53 finished with value: 0.10163461416959763 and parameters: {'gradient_clip_val': 0.8441583661381389, 'hidden_size': 48, 'dropout': 0.21108924442125418, 'hidden_continuous_size': 15, 'attention_head_size': 3, 'learning_rate': 0.08311998613204519}. Best is trial 38 with value: 0.06364370137453079.
LOCAL_RANK: 0 - CUDA_VISIBLE_DEVICES: [0]
[I 2023-11-30 02:26:52,318] Trial 54 finished with value: 0.11739462614059448 and parameters: {'gradient_clip_val': 0.7470295706775024, 'hidden_size': 57, 'dropout': 0.22478741445860445, 'hidden_continuous_size': 17, 'attention_head_size': 1, 'learning_rate': 0.06677579836611038}. Best is trial 38 with value: 0.06364370137453079.
LOCAL_RANK: 0 - CUDA_VISIBLE_DEVICES: [0]
[I 2023-11-30 02:27:06,032] Trial 55 finished with value: 0.16850243508815765 and parameters: {'gradient_clip_val': 0.6550985400110381, 'hidden_size': 76, 'dropout': 0.20819781768666695, 'hidden_continuous_size': 29, 'attention_head_size': 3, 'learning_rate': 0.08368746412690072}. Best is trial 38 with value: 0.06364370137453079.
LOCAL_RANK: 0 - CUDA_VISIBLE_DEVICES: [0]
[I 2023-11-30 02:27:19,627] Trial 56 finished with value: 0.08355122804641724 and parameters: {'gradient_clip_val': 0.8941096166770286, 'hidden_size': 65, 'dropout': 0.17395191150934272, 'hidden_continuous_size': 16, 'attention_head_size': 2, 'learning_rate': 0.09933560550975042}. Best is trial 38 with value: 0.06364370137453079.
LOCAL_RANK: 0 - CUDA_VISIBLE_DEVICES: [0]
[I 2023-11-30 02:27:33,079] Trial 57 finished with value: 0.07272402942180634 and parameters: {'gradient_clip_val': 0.8588378199418927, 'hidden_size': 63, 'dropout': 0.17623777770064503, 'hidden_continuous_size': 17, 'attention_head_size': 2, 'learning_rate': 0.047805330928428334}. Best is trial 38 with value: 0.06364370137453079.
LOCAL_RANK: 0 - CUDA_VISIBLE_DEVICES: [0]
[I 2023-11-30 02:27:47,006] Trial 58 finished with value: 0.10159865766763687 and parameters: {'gradient_clip_val': 0.8729452270503139, 'hidden_size': 95, 'dropout': 0.1201056701920093, 'hidden_continuous_size': 22, 'attention_head_size': 2, 'learning_rate': 0.04949288910653782}. Best is trial 38 with value: 0.06364370137453079.
LOCAL_RANK: 0 - CUDA_VISIBLE_DEVICES: [0]
[I 2023-11-30 02:28:00,589] Trial 59 finished with value: 0.16488473117351532 and parameters: {'gradient_clip_val': 0.8940380213343851, 'hidden_size': 66, 'dropout': 0.1679279684472909, 'hidden_continuous_size': 17, 'attention_head_size': 2, 'learning_rate': 0.05976285882680485}. Best is trial 38 with value: 0.06364370137453079.
LOCAL_RANK: 0 - CUDA_VISIBLE_DEVICES: [0]
[I 2023-11-30 02:28:14,351] Trial 60 finished with value: 0.12583790719509125 and parameters: {'gradient_clip_val': 0.9194519246620458, 'hidden_size': 79, 'dropout': 0.17948876651201906, 'hidden_continuous_size': 20, 'attention_head_size': 2, 'learning_rate': 0.03348683260598549}. Best is trial 38 with value: 0.06364370137453079.
LOCAL_RANK: 0 - CUDA_VISIBLE_DEVICES: [0]
[I 2023-11-30 02:28:27,659] Trial 61 finished with value: 0.10988569259643555 and parameters: {'gradient_clip_val': 0.8199580366811898, 'hidden_size': 64, 'dropout': 0.14887334660743312, 'hidden_continuous_size': 14, 'attention_head_size': 2, 'learning_rate': 0.09597531674567153}. Best is trial 38 with value: 0.06364370137453079.
LOCAL_RANK: 0 - CUDA_VISIBLE_DEVICES: [0]
[I 2023-11-30 02:28:40,773] Trial 62 finished with value: 0.08209100365638733 and parameters: {'gradient_clip_val': 0.7452885855846396, 'hidden_size': 60, 'dropout': 0.19386780788042235, 'hidden_continuous_size': 16, 'attention_head_size': 2, 'learning_rate': 0.0472700829909143}. Best is trial 38 with value: 0.06364370137453079.
LOCAL_RANK: 0 - CUDA_VISIBLE_DEVICES: [0]
[I 2023-11-30 02:28:54,044] Trial 63 finished with value: 0.0982639417052269 and parameters: {'gradient_clip_val': 0.7698201244347822, 'hidden_size': 61, 'dropout': 0.19118292904491327, 'hidden_continuous_size': 16, 'attention_head_size': 2, 'learning_rate': 0.04603759341224524}. Best is trial 38 with value: 0.06364370137453079.
LOCAL_RANK: 0 - CUDA_VISIBLE_DEVICES: [0]
[I 2023-11-30 02:29:07,118] Trial 64 finished with value: 0.09715253114700317 and parameters: {'gradient_clip_val': 0.776985357826785, 'hidden_size': 56, 'dropout': 0.1991964065307294, 'hidden_continuous_size': 19, 'attention_head_size': 2, 'learning_rate': 0.05884915621309557}. Best is trial 38 with value: 0.06364370137453079.
LOCAL_RANK: 0 - CUDA_VISIBLE_DEVICES: [0]
[I 2023-11-30 02:29:20,671] Trial 65 finished with value: 0.12208201736211777 and parameters: {'gradient_clip_val': 0.9705730283753695, 'hidden_size': 71, 'dropout': 0.16128944238169574, 'hidden_continuous_size': 17, 'attention_head_size': 2, 'learning_rate': 0.03897435753189469}. Best is trial 38 with value: 0.06364370137453079.
LOCAL_RANK: 0 - CUDA_VISIBLE_DEVICES: [0]
[I 2023-11-30 02:29:33,981] Trial 66 finished with value: 0.08684609085321426 and parameters: {'gradient_clip_val': 0.7387144024644909, 'hidden_size': 47, 'dropout': 0.1762777968782861, 'hidden_continuous_size': 16, 'attention_head_size': 2, 'learning_rate': 0.06614705490045251}. Best is trial 38 with value: 0.06364370137453079.
LOCAL_RANK: 0 - CUDA_VISIBLE_DEVICES: [0]
[I 2023-11-30 02:29:47,621] Trial 67 finished with value: 0.10085637122392654 and parameters: {'gradient_clip_val': 0.8355094882201975, 'hidden_size': 84, 'dropout': 0.18483691356651155, 'hidden_continuous_size': 21, 'attention_head_size': 2, 'learning_rate': 0.049885529351290224}. Best is trial 38 with value: 0.06364370137453079.
LOCAL_RANK: 0 - CUDA_VISIBLE_DEVICES: [0]
[I 2023-11-30 02:30:00,992] Trial 68 finished with value: 0.1241198182106018 and parameters: {'gradient_clip_val': 0.8984623372056628, 'hidden_size': 62, 'dropout': 0.20407765212809198, 'hidden_continuous_size': 18, 'attention_head_size': 2, 'learning_rate': 0.030368488847117105}. Best is trial 38 with value: 0.06364370137453079.
LOCAL_RANK: 0 - CUDA_VISIBLE_DEVICES: [0]
[I 2023-11-30 02:30:14,662] Trial 69 finished with value: 0.1367930918931961 and parameters: {'gradient_clip_val': 0.9945766306786661, 'hidden_size': 71, 'dropout': 0.17089842190495289, 'hidden_continuous_size': 33, 'attention_head_size': 2, 'learning_rate': 0.08287018619747034}. Best is trial 38 with value: 0.06364370137453079.
LOCAL_RANK: 0 - CUDA_VISIBLE_DEVICES: [0]
[I 2023-11-30 02:30:27,390] Trial 70 finished with value: 0.16709387302398682 and parameters: {'gradient_clip_val': 0.6565306100045858, 'hidden_size': 34, 'dropout': 0.18981685912569662, 'hidden_continuous_size': 15, 'attention_head_size': 2, 'learning_rate': 0.05452647205674682}. Best is trial 38 with value: 0.06364370137453079.
LOCAL_RANK: 0 - CUDA_VISIBLE_DEVICES: [0]
[I 2023-11-30 02:30:40,833] Trial 71 finished with value: 0.11707368493080139 and parameters: {'gradient_clip_val': 0.5695240262471232, 'hidden_size': 54, 'dropout': 0.22152489890238966, 'hidden_continuous_size': 14, 'attention_head_size': 3, 'learning_rate': 0.09995729031168135}. Best is trial 38 with value: 0.06364370137453079.
LOCAL_RANK: 0 - CUDA_VISIBLE_DEVICES: [0]
[I 2023-11-30 02:30:53,883] Trial 72 finished with value: 0.09699676185846329 and parameters: {'gradient_clip_val': 0.7491630754235935, 'hidden_size': 51, 'dropout': 0.20742026311390732, 'hidden_continuous_size': 14, 'attention_head_size': 2, 'learning_rate': 0.07017032371047678}. Best is trial 38 with value: 0.06364370137453079.
LOCAL_RANK: 0 - CUDA_VISIBLE_DEVICES: [0]
[I 2023-11-30 02:31:07,259] Trial 73 finished with value: 0.10845942050218582 and parameters: {'gradient_clip_val': 0.7014162421131569, 'hidden_size': 60, 'dropout': 0.2317475724726817, 'hidden_continuous_size': 13, 'attention_head_size': 3, 'learning_rate': 0.08439215799364783}. Best is trial 38 with value: 0.06364370137453079.
LOCAL_RANK: 0 - CUDA_VISIBLE_DEVICES: [0]
[I 2023-11-30 02:31:20,502] Trial 74 finished with value: 0.08977088332176208 and parameters: {'gradient_clip_val': 0.6240878460435587, 'hidden_size': 48, 'dropout': 0.19883654578119647, 'hidden_continuous_size': 15, 'attention_head_size': 4, 'learning_rate': 0.04373894426268982}. Best is trial 38 with value: 0.06364370137453079.
LOCAL_RANK: 0 - CUDA_VISIBLE_DEVICES: [0]
[I 2023-11-30 02:31:33,622] Trial 75 finished with value: 0.1267881989479065 and parameters: {'gradient_clip_val': 0.7921970253252084, 'hidden_size': 60, 'dropout': 0.21379328371161657, 'hidden_continuous_size': 12, 'attention_head_size': 3, 'learning_rate': 0.06279557252346811}. Best is trial 38 with value: 0.06364370137453079.
LOCAL_RANK: 0 - CUDA_VISIBLE_DEVICES: [0]
[I 2023-11-30 02:31:46,916] Trial 76 finished with value: 0.15609745681285858 and parameters: {'gradient_clip_val': 0.5747328920110591, 'hidden_size': 54, 'dropout': 0.17436809478396875, 'hidden_continuous_size': 16, 'attention_head_size': 2, 'learning_rate': 0.07630883865800477}. Best is trial 38 with value: 0.06364370137453079.
LOCAL_RANK: 0 - CUDA_VISIBLE_DEVICES: [0]
[I 2023-11-30 02:31:59,904] Trial 77 finished with value: 0.12195766717195511 and parameters: {'gradient_clip_val': 0.6956693493585054, 'hidden_size': 40, 'dropout': 0.16174660044737588, 'hidden_continuous_size': 17, 'attention_head_size': 3, 'learning_rate': 0.03639815279455261}. Best is trial 38 with value: 0.06364370137453079.
LOCAL_RANK: 0 - CUDA_VISIBLE_DEVICES: [0]
[I 2023-11-30 02:32:12,903] Trial 78 finished with value: 0.08217185735702515 and parameters: {'gradient_clip_val': 0.6404648586207637, 'hidden_size': 45, 'dropout': 0.2535550890516049, 'hidden_continuous_size': 19, 'attention_head_size': 1, 'learning_rate': 0.0898210000820446}. Best is trial 38 with value: 0.06364370137453079.
LOCAL_RANK: 0 - CUDA_VISIBLE_DEVICES: [0]
[I 2023-11-30 02:32:25,719] Trial 79 finished with value: 0.1076931580901146 and parameters: {'gradient_clip_val': 0.8590649237679128, 'hidden_size': 45, 'dropout': 0.25666817671414965, 'hidden_continuous_size': 18, 'attention_head_size': 1, 'learning_rate': 0.050011152964291955}. Best is trial 38 with value: 0.06364370137453079.
LOCAL_RANK: 0 - CUDA_VISIBLE_DEVICES: [0]
[I 2023-11-30 02:32:39,206] Trial 80 finished with value: 0.15724197030067444 and parameters: {'gradient_clip_val': 0.9347547942629095, 'hidden_size': 67, 'dropout': 0.24051516700915265, 'hidden_continuous_size': 16, 'attention_head_size': 1, 'learning_rate': 0.07101112588948953}. Best is trial 38 with value: 0.06364370137453079.
LOCAL_RANK: 0 - CUDA_VISIBLE_DEVICES: [0]
[I 2023-11-30 02:32:52,123] Trial 81 finished with value: 0.15611904859542847 and parameters: {'gradient_clip_val': 0.6304530529849284, 'hidden_size': 48, 'dropout': 0.22592084830216583, 'hidden_continuous_size': 19, 'attention_head_size': 1, 'learning_rate': 0.09101321217470103}. Best is trial 38 with value: 0.06364370137453079.
LOCAL_RANK: 0 - CUDA_VISIBLE_DEVICES: [0]
