[I 2023-11-30 08:16:28,954] Trial 86 finished with value: 0.14975020289421082 and parameters: {'gradient_clip_val': 0.25606149838273345, 'hidden_size': 44, 'dropout': 0.15592489816160754, 'hidden_continuous_size': 22, 'attention_head_size': 4, 'learning_rate': 0.09110090622942128}. Best is trial 11 with value: 0.07835539430379868.
LOCAL_RANK: 0 - CUDA_VISIBLE_DEVICES: [0]
[I 2023-11-30 08:16:41,859] Trial 87 finished with value: 0.26854562759399414 and parameters: {'gradient_clip_val': 0.2193689639252965, 'hidden_size': 32, 'dropout': 0.20076248225156199, 'hidden_continuous_size': 27, 'attention_head_size': 4, 'learning_rate': 0.038097547110009566}. Best is trial 11 with value: 0.07835539430379868.
LOCAL_RANK: 0 - CUDA_VISIBLE_DEVICES: [0]
[I 2023-11-30 08:16:55,266] Trial 88 finished with value: 0.08033253997564316 and parameters: {'gradient_clip_val': 0.19437876051749287, 'hidden_size': 50, 'dropout': 0.13967206433781107, 'hidden_continuous_size': 19, 'attention_head_size': 4, 'learning_rate': 0.04469658007282464}. Best is trial 11 with value: 0.07835539430379868.
LOCAL_RANK: 0 - CUDA_VISIBLE_DEVICES: [0]
[I 2023-11-30 08:17:08,355] Trial 89 finished with value: 0.162883922457695 and parameters: {'gradient_clip_val': 0.17931017780052014, 'hidden_size': 40, 'dropout': 0.14127760891658703, 'hidden_continuous_size': 20, 'attention_head_size': 3, 'learning_rate': 0.05965352063035738}. Best is trial 11 with value: 0.07835539430379868.
LOCAL_RANK: 0 - CUDA_VISIBLE_DEVICES: [0]
[I 2023-11-30 08:17:21,641] Trial 90 finished with value: 0.12150049209594727 and parameters: {'gradient_clip_val': 0.1899510396035778, 'hidden_size': 51, 'dropout': 0.12965974154812118, 'hidden_continuous_size': 17, 'attention_head_size': 3, 'learning_rate': 0.0501655287415109}. Best is trial 11 with value: 0.07835539430379868.
LOCAL_RANK: 0 - CUDA_VISIBLE_DEVICES: [0]
[I 2023-11-30 08:17:34,807] Trial 91 finished with value: 0.16634564101696014 and parameters: {'gradient_clip_val': 0.26957518960625526, 'hidden_size': 43, 'dropout': 0.17530279685848082, 'hidden_continuous_size': 19, 'attention_head_size': 4, 'learning_rate': 0.04701552024411774}. Best is trial 11 with value: 0.07835539430379868.
LOCAL_RANK: 0 - CUDA_VISIBLE_DEVICES: [0]
[I 2023-11-30 08:17:48,179] Trial 92 finished with value: 0.12288516759872437 and parameters: {'gradient_clip_val': 0.24263858618416673, 'hidden_size': 54, 'dropout': 0.18827396562433096, 'hidden_continuous_size': 23, 'attention_head_size': 4, 'learning_rate': 0.04153214345464051}. Best is trial 11 with value: 0.07835539430379868.
LOCAL_RANK: 0 - CUDA_VISIBLE_DEVICES: [0]
[I 2023-11-30 08:18:01,388] Trial 93 finished with value: 0.11866915225982666 and parameters: {'gradient_clip_val': 0.19990014351858174, 'hidden_size': 45, 'dropout': 0.1631310356202986, 'hidden_continuous_size': 15, 'attention_head_size': 4, 'learning_rate': 0.06331928714786994}. Best is trial 11 with value: 0.07835539430379868.
LOCAL_RANK: 0 - CUDA_VISIBLE_DEVICES: [0]
[I 2023-11-30 08:18:14,595] Trial 94 finished with value: 0.1251021772623062 and parameters: {'gradient_clip_val': 0.23120980570877933, 'hidden_size': 36, 'dropout': 0.1539060824744164, 'hidden_continuous_size': 26, 'attention_head_size': 4, 'learning_rate': 0.07793447680424784}. Best is trial 11 with value: 0.07835539430379868.
LOCAL_RANK: 0 - CUDA_VISIBLE_DEVICES: [0]
[I 2023-11-30 08:18:27,801] Trial 95 finished with value: 0.14865122735500336 and parameters: {'gradient_clip_val': 0.26617820681602655, 'hidden_size': 40, 'dropout': 0.14457156118473452, 'hidden_continuous_size': 29, 'attention_head_size': 4, 'learning_rate': 0.05442880128361041}. Best is trial 11 with value: 0.07835539430379868.
LOCAL_RANK: 0 - CUDA_VISIBLE_DEVICES: [0]
[I 2023-11-30 08:18:40,906] Trial 96 finished with value: 0.0933515802025795 and parameters: {'gradient_clip_val': 0.21886898689744683, 'hidden_size': 48, 'dropout': 0.1366000891671321, 'hidden_continuous_size': 20, 'attention_head_size': 4, 'learning_rate': 0.034244273863666276}. Best is trial 11 with value: 0.07835539430379868.
LOCAL_RANK: 0 - CUDA_VISIBLE_DEVICES: [0]
[I 2023-11-30 08:18:53,795] Trial 97 finished with value: 0.10462766885757446 and parameters: {'gradient_clip_val': 0.21342241453120586, 'hidden_size': 48, 'dropout': 0.13429747099819303, 'hidden_continuous_size': 20, 'attention_head_size': 2, 'learning_rate': 0.061175215970609924}. Best is trial 11 with value: 0.07835539430379868.
LOCAL_RANK: 0 - CUDA_VISIBLE_DEVICES: [0]
[I 2023-11-30 08:19:06,693] Trial 98 finished with value: 0.08744507282972336 and parameters: {'gradient_clip_val': 0.18025328869046275, 'hidden_size': 39, 'dropout': 0.13916034303118216, 'hidden_continuous_size': 18, 'attention_head_size': 2, 'learning_rate': 0.03422784436364053}. Best is trial 11 with value: 0.07835539430379868.
LOCAL_RANK: 0 - CUDA_VISIBLE_DEVICES: [0]
[I 2023-11-30 08:19:19,456] Trial 99 finished with value: 0.26606297492980957 and parameters: {'gradient_clip_val': 0.18275617571695582, 'hidden_size': 36, 'dropout': 0.1206810931472653, 'hidden_continuous_size': 19, 'attention_head_size': 2, 'learning_rate': 0.03821806842200186}. Best is trial 11 with value: 0.07835539430379868.
LOCAL_RANK: 0 - CUDA_VISIBLE_DEVICES: [0]
[I 2023-11-30 08:19:32,469] Trial 100 finished with value: 0.13957883417606354 and parameters: {'gradient_clip_val': 0.19678489290613513, 'hidden_size': 38, 'dropout': 0.15040877792504825, 'hidden_continuous_size': 18, 'attention_head_size': 2, 'learning_rate': 0.08068107159357214}. Best is trial 11 with value: 0.07835539430379868.
LOCAL_RANK: 0 - CUDA_VISIBLE_DEVICES: [0]
[I 2023-11-30 08:19:45,547] Trial 101 finished with value: 0.12673157453536987 and parameters: {'gradient_clip_val': 0.2061141800994536, 'hidden_size': 42, 'dropout': 0.14194428014442945, 'hidden_continuous_size': 18, 'attention_head_size': 2, 'learning_rate': 0.035239704635522465}. Best is trial 11 with value: 0.07835539430379868.
LOCAL_RANK: 0 - CUDA_VISIBLE_DEVICES: [0]
[I 2023-11-30 08:19:58,634] Trial 102 finished with value: 0.18856412172317505 and parameters: {'gradient_clip_val': 0.17016620333051716, 'hidden_size': 46, 'dropout': 0.1386646278234687, 'hidden_continuous_size': 16, 'attention_head_size': 2, 'learning_rate': 0.03229079080573873}. Best is trial 11 with value: 0.07835539430379868.
LOCAL_RANK: 0 - CUDA_VISIBLE_DEVICES: [0]
[I 2023-11-30 08:20:11,841] Trial 103 finished with value: 0.1492442488670349 and parameters: {'gradient_clip_val': 0.21286050749340388, 'hidden_size': 51, 'dropout': 0.1187458419520168, 'hidden_continuous_size': 19, 'attention_head_size': 2, 'learning_rate': 0.05037177092971367}. Best is trial 11 with value: 0.07835539430379868.
LOCAL_RANK: 0 - CUDA_VISIBLE_DEVICES: [0]
[I 2023-11-30 08:20:24,863] Trial 104 finished with value: 0.17783422768115997 and parameters: {'gradient_clip_val': 0.18611573051170463, 'hidden_size': 39, 'dropout': 0.12981881671990753, 'hidden_continuous_size': 21, 'attention_head_size': 2, 'learning_rate': 0.044624732976778096}. Best is trial 11 with value: 0.07835539430379868.
LOCAL_RANK: 0 - CUDA_VISIBLE_DEVICES: [0]
[I 2023-11-30 08:20:37,681] Trial 105 finished with value: 0.19314062595367432 and parameters: {'gradient_clip_val': 0.2220414903509013, 'hidden_size': 34, 'dropout': 0.16077852335143744, 'hidden_continuous_size': 17, 'attention_head_size': 2, 'learning_rate': 0.028065696020468964}. Best is trial 11 with value: 0.07835539430379868.
LOCAL_RANK: 0 - CUDA_VISIBLE_DEVICES: [0]
[I 2023-11-30 08:20:50,752] Trial 106 finished with value: 0.11134465783834457 and parameters: {'gradient_clip_val': 0.19623537963961368, 'hidden_size': 42, 'dropout': 0.13703762248147752, 'hidden_continuous_size': 20, 'attention_head_size': 4, 'learning_rate': 0.03413018455275219}. Best is trial 11 with value: 0.07835539430379868.
LOCAL_RANK: 0 - CUDA_VISIBLE_DEVICES: [0]
[I 2023-11-30 08:21:04,120] Trial 107 finished with value: 0.09377258270978928 and parameters: {'gradient_clip_val': 0.25083217784273293, 'hidden_size': 47, 'dropout': 0.1473087999447972, 'hidden_continuous_size': 34, 'attention_head_size': 2, 'learning_rate': 0.06928038756499208}. Best is trial 11 with value: 0.07835539430379868.
LOCAL_RANK: 0 - CUDA_VISIBLE_DEVICES: [0]
[I 2023-11-30 08:21:17,093] Trial 108 finished with value: 0.11945857852697372 and parameters: {'gradient_clip_val': 0.1479062921163758, 'hidden_size': 44, 'dropout': 0.10923507561124145, 'hidden_continuous_size': 32, 'attention_head_size': 2, 'learning_rate': 0.09397505402004853}. Best is trial 11 with value: 0.07835539430379868.
LOCAL_RANK: 0 - CUDA_VISIBLE_DEVICES: [0]
[I 2023-11-30 08:21:30,652] Trial 109 finished with value: 0.1768726259469986 and parameters: {'gradient_clip_val': 0.23988797216142665, 'hidden_size': 53, 'dropout': 0.11665799377414347, 'hidden_continuous_size': 36, 'attention_head_size': 2, 'learning_rate': 0.05453480725811426}. Best is trial 11 with value: 0.07835539430379868.
LOCAL_RANK: 0 - CUDA_VISIBLE_DEVICES: [0]
[I 2023-11-30 08:21:44,160] Trial 110 finished with value: 0.232785165309906 and parameters: {'gradient_clip_val': 0.30245267210984955, 'hidden_size': 50, 'dropout': 0.1267497506939422, 'hidden_continuous_size': 30, 'attention_head_size': 3, 'learning_rate': 0.039375950976571754}. Best is trial 11 with value: 0.07835539430379868.
LOCAL_RANK: 0 - CUDA_VISIBLE_DEVICES: [0]
[I 2023-11-30 08:21:57,376] Trial 111 finished with value: 0.10975044965744019 and parameters: {'gradient_clip_val': 0.2583490471630204, 'hidden_size': 41, 'dropout': 0.14953502406658795, 'hidden_continuous_size': 28, 'attention_head_size': 2, 'learning_rate': 0.0693088764428769}. Best is trial 11 with value: 0.07835539430379868.
LOCAL_RANK: 0 - CUDA_VISIBLE_DEVICES: [0]
[I 2023-11-30 08:22:10,599] Trial 112 finished with value: 0.2390967607498169 and parameters: {'gradient_clip_val': 0.25037776705670506, 'hidden_size': 47, 'dropout': 0.1457565693525695, 'hidden_continuous_size': 34, 'attention_head_size': 2, 'learning_rate': 0.06389936913816437}. Best is trial 11 with value: 0.07835539430379868.
LOCAL_RANK: 0 - CUDA_VISIBLE_DEVICES: [0]
[I 2023-11-30 08:22:24,086] Trial 113 finished with value: 0.11635327339172363 and parameters: {'gradient_clip_val': 0.23092246231060246, 'hidden_size': 55, 'dropout': 0.1355074722156824, 'hidden_continuous_size': 30, 'attention_head_size': 2, 'learning_rate': 0.07292570986693565}. Best is trial 11 with value: 0.07835539430379868.
LOCAL_RANK: 0 - CUDA_VISIBLE_DEVICES: [0]
[I 2023-11-30 08:22:37,053] Trial 114 finished with value: 0.22826559841632843 and parameters: {'gradient_clip_val': 0.17507453463059827, 'hidden_size': 38, 'dropout': 0.15761104376038404, 'hidden_continuous_size': 15, 'attention_head_size': 2, 'learning_rate': 0.04789922132558842}. Best is trial 11 with value: 0.07835539430379868.
LOCAL_RANK: 0 - CUDA_VISIBLE_DEVICES: [0]
[I 2023-11-30 08:22:50,607] Trial 115 finished with value: 0.14596109092235565 and parameters: {'gradient_clip_val': 0.1643059172869089, 'hidden_size': 48, 'dropout': 0.1643606080651011, 'hidden_continuous_size': 35, 'attention_head_size': 2, 'learning_rate': 0.05843712834220541}. Best is trial 11 with value: 0.07835539430379868.
LOCAL_RANK: 0 - CUDA_VISIBLE_DEVICES: [0]
[I 2023-11-30 08:23:04,004] Trial 116 finished with value: 0.1250653713941574 and parameters: {'gradient_clip_val': 0.20668369670870693, 'hidden_size': 60, 'dropout': 0.15234516282003208, 'hidden_continuous_size': 32, 'attention_head_size': 2, 'learning_rate': 0.08404443136886504}. Best is trial 11 with value: 0.07835539430379868.
LOCAL_RANK: 0 - CUDA_VISIBLE_DEVICES: [0]
[I 2023-11-30 08:23:16,661] Trial 117 finished with value: 0.21342897415161133 and parameters: {'gradient_clip_val': 0.21758496430533, 'hidden_size': 44, 'dropout': 0.12290896463527971, 'hidden_continuous_size': 13, 'attention_head_size': 2, 'learning_rate': 0.05286549756041176}. Best is trial 11 with value: 0.07835539430379868.
LOCAL_RANK: 0 - CUDA_VISIBLE_DEVICES: [0]
[I 2023-11-30 08:23:30,208] Trial 118 finished with value: 0.17520566284656525 and parameters: {'gradient_clip_val': 0.2874253926542651, 'hidden_size': 56, 'dropout': 0.1007358810016655, 'hidden_continuous_size': 34, 'attention_head_size': 2, 'learning_rate': 0.06590735274007689}. Best is trial 11 with value: 0.07835539430379868.
LOCAL_RANK: 0 - CUDA_VISIBLE_DEVICES: [0]
[I 2023-11-30 08:23:43,649] Trial 119 finished with value: 0.10814273357391357 and parameters: {'gradient_clip_val': 0.18266453380723652, 'hidden_size': 46, 'dropout': 0.11020246595478858, 'hidden_continuous_size': 31, 'attention_head_size': 4, 'learning_rate': 0.043226048026253204}. Best is trial 11 with value: 0.07835539430379868.
LOCAL_RANK: 0 - CUDA_VISIBLE_DEVICES: [0]
[I 2023-11-30 08:23:56,984] Trial 120 finished with value: 0.11285669356584549 and parameters: {'gradient_clip_val': 0.10719951692865076, 'hidden_size': 33, 'dropout': 0.1287882040554619, 'hidden_continuous_size': 29, 'attention_head_size': 2, 'learning_rate': 0.07589859058712572}. Best is trial 11 with value: 0.07835539430379868.
LOCAL_RANK: 0 - CUDA_VISIBLE_DEVICES: [0]
[I 2023-11-30 08:24:10,594] Trial 121 finished with value: 0.1179681122303009 and parameters: {'gradient_clip_val': 0.2799150464428932, 'hidden_size': 57, 'dropout': 0.18269602194683518, 'hidden_continuous_size': 25, 'attention_head_size': 4, 'learning_rate': 0.0455472960037213}. Best is trial 11 with value: 0.07835539430379868.
LOCAL_RANK: 0 - CUDA_VISIBLE_DEVICES: [0]
[I 2023-11-30 08:24:23,975] Trial 122 finished with value: 0.23464882373809814 and parameters: {'gradient_clip_val': 0.11231515269429031, 'hidden_size': 52, 'dropout': 0.17216395747834612, 'hidden_continuous_size': 21, 'attention_head_size': 4, 'learning_rate': 0.05839086455897422}. Best is trial 11 with value: 0.07835539430379868.
LOCAL_RANK: 0 - CUDA_VISIBLE_DEVICES: [0]
[I 2023-11-30 08:24:37,927] Trial 123 finished with value: 0.2486812323331833 and parameters: {'gradient_clip_val': 0.2483297083992089, 'hidden_size': 65, 'dropout': 0.1449217271040292, 'hidden_continuous_size': 37, 'attention_head_size': 4, 'learning_rate': 0.049454924472566636}. Best is trial 11 with value: 0.07835539430379868.
LOCAL_RANK: 0 - CUDA_VISIBLE_DEVICES: [0]
[I 2023-11-30 08:24:51,350] Trial 124 finished with value: 0.1351599544286728 and parameters: {'gradient_clip_val': 0.2942455215399928, 'hidden_size': 50, 'dropout': 0.16590554682741337, 'hidden_continuous_size': 23, 'attention_head_size': 4, 'learning_rate': 0.04094004644997977}. Best is trial 11 with value: 0.07835539430379868.
LOCAL_RANK: 0 - CUDA_VISIBLE_DEVICES: [0]
[I 2023-11-30 08:25:04,461] Trial 125 finished with value: 0.10311321169137955 and parameters: {'gradient_clip_val': 0.11633326499561113, 'hidden_size': 40, 'dropout': 0.11704453651433935, 'hidden_continuous_size': 19, 'attention_head_size': 4, 'learning_rate': 0.031584811659361785}. Best is trial 11 with value: 0.07835539430379868.
LOCAL_RANK: 0 - CUDA_VISIBLE_DEVICES: [0]
[I 2023-11-30 08:25:17,836] Trial 126 finished with value: 0.1634267419576645 and parameters: {'gradient_clip_val': 0.26529672938815946, 'hidden_size': 60, 'dropout': 0.21863862460528904, 'hidden_continuous_size': 22, 'attention_head_size': 2, 'learning_rate': 0.06928776071107691}. Best is trial 11 with value: 0.07835539430379868.
LOCAL_RANK: 0 - CUDA_VISIBLE_DEVICES: [0]
[I 2023-11-30 08:25:31,087] Trial 127 finished with value: 0.15557849407196045 and parameters: {'gradient_clip_val': 0.19171968029119638, 'hidden_size': 43, 'dropout': 0.20155717501469417, 'hidden_continuous_size': 27, 'attention_head_size': 4, 'learning_rate': 0.023300711252639536}. Best is trial 11 with value: 0.07835539430379868.
LOCAL_RANK: 0 - CUDA_VISIBLE_DEVICES: [0]
[I 2023-11-30 08:25:44,244] Trial 128 finished with value: 0.11987517029047012 and parameters: {'gradient_clip_val': 0.23534568052970015, 'hidden_size': 49, 'dropout': 0.19193782199214465, 'hidden_continuous_size': 24, 'attention_head_size': 2, 'learning_rate': 0.03673671209355235}. Best is trial 11 with value: 0.07835539430379868.
LOCAL_RANK: 0 - CUDA_VISIBLE_DEVICES: [0]
[I 2023-11-30 08:25:57,125] Trial 129 finished with value: 0.11663734912872314 and parameters: {'gradient_clip_val': 0.12414615903895435, 'hidden_size': 36, 'dropout': 0.1546058410017111, 'hidden_continuous_size': 26, 'attention_head_size': 2, 'learning_rate': 0.09014675124549279}. Best is trial 11 with value: 0.07835539430379868.
LOCAL_RANK: 0 - CUDA_VISIBLE_DEVICES: [0]
[I 2023-11-30 08:26:11,203] Trial 130 finished with value: 0.09542842954397202 and parameters: {'gradient_clip_val': 0.22287637370184007, 'hidden_size': 69, 'dropout': 0.178093733664403, 'hidden_continuous_size': 38, 'attention_head_size': 4, 'learning_rate': 0.053874548428647036}. Best is trial 11 with value: 0.07835539430379868.
LOCAL_RANK: 0 - CUDA_VISIBLE_DEVICES: [0]
[I 2023-11-30 08:26:25,133] Trial 131 finished with value: 0.08730939775705338 and parameters: {'gradient_clip_val': 0.21885807210168146, 'hidden_size': 69, 'dropout': 0.17657110127706613, 'hidden_continuous_size': 43, 'attention_head_size': 4, 'learning_rate': 0.05416120518478444}. Best is trial 11 with value: 0.07835539430379868.
LOCAL_RANK: 0 - CUDA_VISIBLE_DEVICES: [0]
[I 2023-11-30 08:26:38,878] Trial 132 finished with value: 0.08924323320388794 and parameters: {'gradient_clip_val': 0.2026843925680441, 'hidden_size': 72, 'dropout': 0.1722001901265711, 'hidden_continuous_size': 40, 'attention_head_size': 4, 'learning_rate': 0.061117392323315894}. Best is trial 11 with value: 0.07835539430379868.
LOCAL_RANK: 0 - CUDA_VISIBLE_DEVICES: [0]
[I 2023-11-30 08:26:52,886] Trial 133 finished with value: 0.12753801047801971 and parameters: {'gradient_clip_val': 0.20060231289238228, 'hidden_size': 76, 'dropout': 0.18179065120620283, 'hidden_continuous_size': 42, 'attention_head_size': 4, 'learning_rate': 0.06241742350316167}. Best is trial 11 with value: 0.07835539430379868.
LOCAL_RANK: 0 - CUDA_VISIBLE_DEVICES: [0]
[I 2023-11-30 08:27:06,588] Trial 134 finished with value: 0.12877169251441956 and parameters: {'gradient_clip_val': 0.20852683086604548, 'hidden_size': 64, 'dropout': 0.17062481047173883, 'hidden_continuous_size': 39, 'attention_head_size': 4, 'learning_rate': 0.058882728754446945}. Best is trial 11 with value: 0.07835539430379868.
LOCAL_RANK: 0 - CUDA_VISIBLE_DEVICES: [0]
[I 2023-11-30 08:27:20,135] Trial 135 finished with value: 0.1460810899734497 and parameters: {'gradient_clip_val': 0.22387267797977392, 'hidden_size': 45, 'dropout': 0.18636042607418696, 'hidden_continuous_size': 18, 'attention_head_size': 4, 'learning_rate': 0.07900761544780396}. Best is trial 11 with value: 0.07835539430379868.
LOCAL_RANK: 0 - CUDA_VISIBLE_DEVICES: [0]
[I 2023-11-30 08:27:34,037] Trial 136 finished with value: 0.1739872545003891 and parameters: {'gradient_clip_val': 0.1923814881486246, 'hidden_size': 72, 'dropout': 0.16162708928755787, 'hidden_continuous_size': 47, 'attention_head_size': 4, 'learning_rate': 0.06826524711888309}. Best is trial 11 with value: 0.07835539430379868.
LOCAL_RANK: 0 - CUDA_VISIBLE_DEVICES: [0]
[I 2023-11-30 08:27:48,199] Trial 137 finished with value: 0.09903427213430405 and parameters: {'gradient_clip_val': 0.13274192330294024, 'hidden_size': 78, 'dropout': 0.13652384298850623, 'hidden_continuous_size': 41, 'attention_head_size': 4, 'learning_rate': 0.05207586704896859}. Best is trial 11 with value: 0.07835539430379868.
LOCAL_RANK: 0 - CUDA_VISIBLE_DEVICES: [0]
[I 2023-11-30 08:28:01,951] Trial 138 finished with value: 0.08681846410036087 and parameters: {'gradient_clip_val': 0.1743228263154838, 'hidden_size': 70, 'dropout': 0.1747378167085488, 'hidden_continuous_size': 40, 'attention_head_size': 2, 'learning_rate': 0.046582508685741285}. Best is trial 11 with value: 0.07835539430379868.
LOCAL_RANK: 0 - CUDA_VISIBLE_DEVICES: [0]
[I 2023-11-30 08:28:15,808] Trial 139 finished with value: 0.21313655376434326 and parameters: {'gradient_clip_val': 0.17029012868907217, 'hidden_size': 67, 'dropout': 0.17576428082459206, 'hidden_continuous_size': 46, 'attention_head_size': 2, 'learning_rate': 0.04528006252147128}. Best is trial 11 with value: 0.07835539430379868.
LOCAL_RANK: 0 - CUDA_VISIBLE_DEVICES: [0]
[I 2023-11-30 08:28:30,030] Trial 140 finished with value: 0.15100176632404327 and parameters: {'gradient_clip_val': 0.1560038460361745, 'hidden_size': 84, 'dropout': 0.18399162201550606, 'hidden_continuous_size': 39, 'attention_head_size': 4, 'learning_rate': 0.04898906509653735}. Best is trial 11 with value: 0.07835539430379868.
LOCAL_RANK: 0 - CUDA_VISIBLE_DEVICES: [0]
[I 2023-11-30 08:28:43,624] Trial 141 finished with value: 0.10547248274087906 and parameters: {'gradient_clip_val': 0.17820623706953784, 'hidden_size': 70, 'dropout': 0.17014630506203468, 'hidden_continuous_size': 40, 'attention_head_size': 2, 'learning_rate': 0.05608965503093865}. Best is trial 11 with value: 0.07835539430379868.
LOCAL_RANK: 0 - CUDA_VISIBLE_DEVICES: [0]
[I 2023-11-30 08:28:57,598] Trial 142 finished with value: 0.18310153484344482 and parameters: {'gradient_clip_val': 0.20221534522044401, 'hidden_size': 89, 'dropout': 0.19495885765166174, 'hidden_continuous_size': 37, 'attention_head_size': 2, 'learning_rate': 0.06345295065053755}. Best is trial 11 with value: 0.07835539430379868.
LOCAL_RANK: 0 - CUDA_VISIBLE_DEVICES: [0]
[I 2023-11-30 08:29:11,410] Trial 143 finished with value: 0.33205556869506836 and parameters: {'gradient_clip_val': 0.21583287809640297, 'hidden_size': 74, 'dropout': 0.14638448369845106, 'hidden_continuous_size': 43, 'attention_head_size': 2, 'learning_rate': 0.04040669733473288}. Best is trial 11 with value: 0.07835539430379868.
LOCAL_RANK: 0 - CUDA_VISIBLE_DEVICES: [0]
