[I 2023-11-30 15:56:04,891] Trial 97 finished with value: 0.169929638504982 and parameters: {'gradient_clip_val': 0.34205493796864944, 'hidden_size': 48, 'dropout': 0.30573892367133704, 'hidden_continuous_size': 39, 'attention_head_size': 2, 'learning_rate': 0.03128014019741135}. Best is trial 57 with value: 0.12848477065563202.
LOCAL_RANK: 0 - CUDA_VISIBLE_DEVICES: [0]
[I 2023-11-30 15:56:19,656] Trial 98 finished with value: 0.19618123769760132 and parameters: {'gradient_clip_val': 0.34208109555782384, 'hidden_size': 44, 'dropout': 0.3080783869504299, 'hidden_continuous_size': 39, 'attention_head_size': 2, 'learning_rate': 0.03089629284727406}. Best is trial 57 with value: 0.12848477065563202.
LOCAL_RANK: 0 - CUDA_VISIBLE_DEVICES: [0]
[I 2023-11-30 15:56:34,460] Trial 99 finished with value: 0.358156681060791 and parameters: {'gradient_clip_val': 0.3079035999153393, 'hidden_size': 56, 'dropout': 0.3260133581777193, 'hidden_continuous_size': 43, 'attention_head_size': 2, 'learning_rate': 0.027268757822132925}. Best is trial 57 with value: 0.12848477065563202.
LOCAL_RANK: 0 - CUDA_VISIBLE_DEVICES: [0]
[I 2023-11-30 15:56:49,495] Trial 100 finished with value: 0.17445726692676544 and parameters: {'gradient_clip_val': 0.28890150246545265, 'hidden_size': 67, 'dropout': 0.31391548901987076, 'hidden_continuous_size': 40, 'attention_head_size': 2, 'learning_rate': 0.02319610551506721}. Best is trial 57 with value: 0.12848477065563202.
LOCAL_RANK: 0 - CUDA_VISIBLE_DEVICES: [0]
[I 2023-11-30 15:57:04,028] Trial 101 finished with value: 0.29255008697509766 and parameters: {'gradient_clip_val': 0.38735789597473363, 'hidden_size': 52, 'dropout': 0.3072864997536567, 'hidden_continuous_size': 38, 'attention_head_size': 2, 'learning_rate': 0.04076025913052992}. Best is trial 57 with value: 0.12848477065563202.
LOCAL_RANK: 0 - CUDA_VISIBLE_DEVICES: [0]
[I 2023-11-30 15:57:19,380] Trial 102 finished with value: 0.16909269988536835 and parameters: {'gradient_clip_val': 0.32390113460305553, 'hidden_size': 72, 'dropout': 0.2985970538254742, 'hidden_continuous_size': 36, 'attention_head_size': 2, 'learning_rate': 0.04476443186550214}. Best is trial 57 with value: 0.12848477065563202.
LOCAL_RANK: 0 - CUDA_VISIBLE_DEVICES: [0]
[I 2023-11-30 15:57:35,230] Trial 103 finished with value: 0.26103079319000244 and parameters: {'gradient_clip_val': 0.32633109019070833, 'hidden_size': 75, 'dropout': 0.29733264767138945, 'hidden_continuous_size': 33, 'attention_head_size': 2, 'learning_rate': 0.035030458087325335}. Best is trial 57 with value: 0.12848477065563202.
LOCAL_RANK: 0 - CUDA_VISIBLE_DEVICES: [0]
[I 2023-11-30 15:57:50,921] Trial 104 finished with value: 0.20910362899303436 and parameters: {'gradient_clip_val': 0.37220518307266565, 'hidden_size': 66, 'dropout': 0.3225204150603144, 'hidden_continuous_size': 36, 'attention_head_size': 2, 'learning_rate': 0.04386601767932477}. Best is trial 57 with value: 0.12848477065563202.
LOCAL_RANK: 0 - CUDA_VISIBLE_DEVICES: [0]
[I 2023-11-30 15:58:05,674] Trial 105 finished with value: 0.13143090903759003 and parameters: {'gradient_clip_val': 0.35181670076760246, 'hidden_size': 72, 'dropout': 0.33297709653075047, 'hidden_continuous_size': 41, 'attention_head_size': 2, 'learning_rate': 0.03173429169647895}. Best is trial 57 with value: 0.12848477065563202.
LOCAL_RANK: 0 - CUDA_VISIBLE_DEVICES: [0]
[I 2023-11-30 15:58:20,724] Trial 106 finished with value: 0.24115361273288727 and parameters: {'gradient_clip_val': 0.2986076870120247, 'hidden_size': 80, 'dropout': 0.3377747421478705, 'hidden_continuous_size': 45, 'attention_head_size': 2, 'learning_rate': 0.03699297475263714}. Best is trial 57 with value: 0.12848477065563202.
LOCAL_RANK: 0 - CUDA_VISIBLE_DEVICES: [0]
[I 2023-11-30 15:58:35,957] Trial 107 finished with value: 0.19851185381412506 and parameters: {'gradient_clip_val': 0.3469648865972842, 'hidden_size': 73, 'dropout': 0.3290086891516366, 'hidden_continuous_size': 30, 'attention_head_size': 2, 'learning_rate': 0.05016600873798301}. Best is trial 57 with value: 0.12848477065563202.
LOCAL_RANK: 0 - CUDA_VISIBLE_DEVICES: [0]
[I 2023-11-30 15:58:51,974] Trial 108 finished with value: 0.23551905155181885 and parameters: {'gradient_clip_val': 0.32194680065098413, 'hidden_size': 98, 'dropout': 0.3457787095059155, 'hidden_continuous_size': 43, 'attention_head_size': 2, 'learning_rate': 0.04559490468776005}. Best is trial 57 with value: 0.12848477065563202.
LOCAL_RANK: 0 - CUDA_VISIBLE_DEVICES: [0]
[I 2023-11-30 15:59:07,093] Trial 109 finished with value: 0.3094211220741272 and parameters: {'gradient_clip_val': 0.2738817240736098, 'hidden_size': 72, 'dropout': 0.3344428362656405, 'hidden_continuous_size': 49, 'attention_head_size': 2, 'learning_rate': 0.02692127486287809}. Best is trial 57 with value: 0.12848477065563202.
LOCAL_RANK: 0 - CUDA_VISIBLE_DEVICES: [0]
[I 2023-11-30 15:59:23,060] Trial 110 finished with value: 0.2133437842130661 and parameters: {'gradient_clip_val': 0.43195981730516897, 'hidden_size': 87, 'dropout': 0.3173557402730265, 'hidden_continuous_size': 48, 'attention_head_size': 2, 'learning_rate': 0.04009737200576894}. Best is trial 57 with value: 0.12848477065563202.
LOCAL_RANK: 0 - CUDA_VISIBLE_DEVICES: [0]
[I 2023-11-30 15:59:37,997] Trial 111 finished with value: 0.39440321922302246 and parameters: {'gradient_clip_val': 0.3667444989354, 'hidden_size': 68, 'dropout': 0.3110678616505378, 'hidden_continuous_size': 41, 'attention_head_size': 2, 'learning_rate': 0.032762488163292906}. Best is trial 57 with value: 0.12848477065563202.
LOCAL_RANK: 0 - CUDA_VISIBLE_DEVICES: [0]
[I 2023-11-30 15:59:53,243] Trial 112 finished with value: 0.2844689190387726 and parameters: {'gradient_clip_val': 0.33418570728925834, 'hidden_size': 57, 'dropout': 0.30211264665577275, 'hidden_continuous_size': 39, 'attention_head_size': 2, 'learning_rate': 0.029723127391924623}. Best is trial 57 with value: 0.12848477065563202.
LOCAL_RANK: 0 - CUDA_VISIBLE_DEVICES: [0]
[I 2023-11-30 16:00:08,547] Trial 113 finished with value: 0.3221707344055176 and parameters: {'gradient_clip_val': 0.3560292971646609, 'hidden_size': 64, 'dropout': 0.32244750129164834, 'hidden_continuous_size': 35, 'attention_head_size': 2, 'learning_rate': 0.03107684888812597}. Best is trial 57 with value: 0.12848477065563202.
LOCAL_RANK: 0 - CUDA_VISIBLE_DEVICES: [0]
[I 2023-11-30 16:00:24,575] Trial 114 finished with value: 0.1707407832145691 and parameters: {'gradient_clip_val': 0.39171931300194207, 'hidden_size': 79, 'dropout': 0.29260203810370417, 'hidden_continuous_size': 37, 'attention_head_size': 2, 'learning_rate': 0.02275240377670313}. Best is trial 57 with value: 0.12848477065563202.
LOCAL_RANK: 0 - CUDA_VISIBLE_DEVICES: [0]
[I 2023-11-30 16:00:39,692] Trial 115 finished with value: 0.20579206943511963 and parameters: {'gradient_clip_val': 0.38373124992440605, 'hidden_size': 78, 'dropout': 0.29018456878909993, 'hidden_continuous_size': 34, 'attention_head_size': 2, 'learning_rate': 0.0240379327049844}. Best is trial 57 with value: 0.12848477065563202.
LOCAL_RANK: 0 - CUDA_VISIBLE_DEVICES: [0]
[I 2023-11-30 16:00:54,603] Trial 116 finished with value: 0.27862268686294556 and parameters: {'gradient_clip_val': 0.42090524495591713, 'hidden_size': 88, 'dropout': 0.2959202721451725, 'hidden_continuous_size': 46, 'attention_head_size': 2, 'learning_rate': 0.03469553198988563}. Best is trial 57 with value: 0.12848477065563202.
LOCAL_RANK: 0 - CUDA_VISIBLE_DEVICES: [0]
[I 2023-11-30 16:01:10,815] Trial 117 finished with value: 0.26092883944511414 and parameters: {'gradient_clip_val': 0.4425986943900565, 'hidden_size': 101, 'dropout': 0.3527188155506852, 'hidden_continuous_size': 31, 'attention_head_size': 2, 'learning_rate': 0.02061557442023809}. Best is trial 57 with value: 0.12848477065563202.
LOCAL_RANK: 0 - CUDA_VISIBLE_DEVICES: [0]
[I 2023-11-30 16:01:26,130] Trial 118 finished with value: 0.33000028133392334 and parameters: {'gradient_clip_val': 0.3931899066966102, 'hidden_size': 132, 'dropout': 0.34022529377078087, 'hidden_continuous_size': 29, 'attention_head_size': 2, 'learning_rate': 0.038580323252250054}. Best is trial 57 with value: 0.12848477065563202.
LOCAL_RANK: 0 - CUDA_VISIBLE_DEVICES: [0]
[I 2023-11-30 16:01:41,236] Trial 119 finished with value: 0.2441185861825943 and parameters: {'gradient_clip_val': 0.4630695767042293, 'hidden_size': 82, 'dropout': 0.3324407387825207, 'hidden_continuous_size': 36, 'attention_head_size': 2, 'learning_rate': 0.06202274917988855}. Best is trial 57 with value: 0.12848477065563202.
LOCAL_RANK: 0 - CUDA_VISIBLE_DEVICES: [0]
[I 2023-11-30 16:01:56,509] Trial 120 finished with value: 0.15927502512931824 and parameters: {'gradient_clip_val': 0.48512748010590717, 'hidden_size': 60, 'dropout': 0.27470022482832074, 'hidden_continuous_size': 37, 'attention_head_size': 2, 'learning_rate': 0.02689774484082986}. Best is trial 57 with value: 0.12848477065563202.
LOCAL_RANK: 0 - CUDA_VISIBLE_DEVICES: [0]
[I 2023-11-30 16:02:11,262] Trial 121 finished with value: 0.3112023174762726 and parameters: {'gradient_clip_val': 0.41515429745225874, 'hidden_size': 61, 'dropout': 0.28777890941872347, 'hidden_continuous_size': 37, 'attention_head_size': 2, 'learning_rate': 0.018473272828737387}. Best is trial 57 with value: 0.12848477065563202.
LOCAL_RANK: 0 - CUDA_VISIBLE_DEVICES: [0]
[I 2023-11-30 16:02:27,011] Trial 122 finished with value: 0.22217373549938202 and parameters: {'gradient_clip_val': 0.4936226345913955, 'hidden_size': 71, 'dropout': 0.27599270989024804, 'hidden_continuous_size': 42, 'attention_head_size': 2, 'learning_rate': 0.027108373904088268}. Best is trial 57 with value: 0.12848477065563202.
LOCAL_RANK: 0 - CUDA_VISIBLE_DEVICES: [0]
[I 2023-11-30 16:02:42,070] Trial 123 finished with value: 0.2334224432706833 and parameters: {'gradient_clip_val': 0.4731020985813532, 'hidden_size': 54, 'dropout': 0.2994589519225072, 'hidden_continuous_size': 37, 'attention_head_size': 2, 'learning_rate': 0.02209745492025883}. Best is trial 57 with value: 0.12848477065563202.
LOCAL_RANK: 0 - CUDA_VISIBLE_DEVICES: [0]
[I 2023-11-30 16:02:57,142] Trial 124 finished with value: 0.24266834557056427 and parameters: {'gradient_clip_val': 0.43962157951286135, 'hidden_size': 59, 'dropout': 0.26476462183524957, 'hidden_continuous_size': 35, 'attention_head_size': 2, 'learning_rate': 0.04664298888052574}. Best is trial 57 with value: 0.12848477065563202.
LOCAL_RANK: 0 - CUDA_VISIBLE_DEVICES: [0]
[I 2023-11-30 16:03:11,862] Trial 125 finished with value: 0.2908114194869995 and parameters: {'gradient_clip_val': 0.5229631372874127, 'hidden_size': 49, 'dropout': 0.28507074766416085, 'hidden_continuous_size': 23, 'attention_head_size': 2, 'learning_rate': 0.025771173299175817}. Best is trial 57 with value: 0.12848477065563202.
LOCAL_RANK: 0 - CUDA_VISIBLE_DEVICES: [0]
[I 2023-11-30 16:03:26,674] Trial 126 finished with value: 0.15499314665794373 and parameters: {'gradient_clip_val': 0.3910223989630483, 'hidden_size': 74, 'dropout': 0.2940599850353153, 'hidden_continuous_size': 33, 'attention_head_size': 2, 'learning_rate': 0.0340573352582865}. Best is trial 57 with value: 0.12848477065563202.
LOCAL_RANK: 0 - CUDA_VISIBLE_DEVICES: [0]
[I 2023-11-30 16:03:42,431] Trial 127 finished with value: 0.23567406833171844 and parameters: {'gradient_clip_val': 0.31191213026632436, 'hidden_size': 73, 'dropout': 0.3125175694743839, 'hidden_continuous_size': 32, 'attention_head_size': 3, 'learning_rate': 0.03656556761887133}. Best is trial 57 with value: 0.12848477065563202.
LOCAL_RANK: 0 - CUDA_VISIBLE_DEVICES: [0]
[I 2023-11-30 16:03:58,123] Trial 128 finished with value: 0.24806399643421173 and parameters: {'gradient_clip_val': 0.3441990025858612, 'hidden_size': 94, 'dropout': 0.27475618517707867, 'hidden_continuous_size': 28, 'attention_head_size': 2, 'learning_rate': 0.041789844981794944}. Best is trial 57 with value: 0.12848477065563202.
LOCAL_RANK: 0 - CUDA_VISIBLE_DEVICES: [0]
[I 2023-11-30 16:04:12,959] Trial 129 finished with value: 0.1851070672273636 and parameters: {'gradient_clip_val': 0.4245304181918157, 'hidden_size': 60, 'dropout': 0.3193477550793166, 'hidden_continuous_size': 33, 'attention_head_size': 2, 'learning_rate': 0.05372369554570032}. Best is trial 57 with value: 0.12848477065563202.
LOCAL_RANK: 0 - CUDA_VISIBLE_DEVICES: [0]
[I 2023-11-30 16:04:29,613] Trial 130 finished with value: 0.5549225807189941 and parameters: {'gradient_clip_val': 0.32858415865556734, 'hidden_size': 143, 'dropout': 0.30342727756136595, 'hidden_continuous_size': 27, 'attention_head_size': 2, 'learning_rate': 0.03342695609702566}. Best is trial 57 with value: 0.12848477065563202.
LOCAL_RANK: 0 - CUDA_VISIBLE_DEVICES: [0]
[I 2023-11-30 16:04:45,133] Trial 131 finished with value: 0.19690118730068207 and parameters: {'gradient_clip_val': 0.3980050364835032, 'hidden_size': 78, 'dropout': 0.29476496040945777, 'hidden_continuous_size': 39, 'attention_head_size': 2, 'learning_rate': 0.023207017554143332}. Best is trial 57 with value: 0.12848477065563202.
LOCAL_RANK: 0 - CUDA_VISIBLE_DEVICES: [0]
[I 2023-11-30 16:05:00,853] Trial 132 finished with value: 0.17089517414569855 and parameters: {'gradient_clip_val': 0.38730009003849797, 'hidden_size': 83, 'dropout': 0.292073828928408, 'hidden_continuous_size': 34, 'attention_head_size': 2, 'learning_rate': 0.03129123739991219}. Best is trial 57 with value: 0.12848477065563202.
LOCAL_RANK: 0 - CUDA_VISIBLE_DEVICES: [0]
[I 2023-11-30 16:05:17,065] Trial 133 finished with value: 0.19158382713794708 and parameters: {'gradient_clip_val': 0.4554730502618513, 'hidden_size': 70, 'dropout': 0.285307303873945, 'hidden_continuous_size': 24, 'attention_head_size': 2, 'learning_rate': 0.04429042131503882}. Best is trial 57 with value: 0.12848477065563202.
LOCAL_RANK: 0 - CUDA_VISIBLE_DEVICES: [0]
[I 2023-11-30 16:05:32,695] Trial 134 finished with value: 0.15796059370040894 and parameters: {'gradient_clip_val': 0.3610883914845252, 'hidden_size': 65, 'dropout': 0.28061212585644535, 'hidden_continuous_size': 38, 'attention_head_size': 2, 'learning_rate': 0.029321566607133587}. Best is trial 57 with value: 0.12848477065563202.
LOCAL_RANK: 0 - CUDA_VISIBLE_DEVICES: [0]
[I 2023-11-30 16:05:47,691] Trial 135 finished with value: 0.2815670669078827 and parameters: {'gradient_clip_val': 0.3515603157518986, 'hidden_size': 64, 'dropout': 0.2689398170770423, 'hidden_continuous_size': 41, 'attention_head_size': 2, 'learning_rate': 0.029388877237318253}. Best is trial 57 with value: 0.12848477065563202.
LOCAL_RANK: 0 - CUDA_VISIBLE_DEVICES: [0]
[I 2023-11-30 16:06:02,610] Trial 136 finished with value: 0.158889040350914 and parameters: {'gradient_clip_val': 0.4102922492263433, 'hidden_size': 55, 'dropout': 0.28105322405259603, 'hidden_continuous_size': 38, 'attention_head_size': 2, 'learning_rate': 0.036408665250821495}. Best is trial 57 with value: 0.12848477065563202.
LOCAL_RANK: 0 - CUDA_VISIBLE_DEVICES: [0]
[I 2023-11-30 16:06:17,634] Trial 137 finished with value: 0.24841248989105225 and parameters: {'gradient_clip_val': 0.47933967254520843, 'hidden_size': 55, 'dropout': 0.2640442551002251, 'hidden_continuous_size': 40, 'attention_head_size': 2, 'learning_rate': 0.028320315370757243}. Best is trial 57 with value: 0.12848477065563202.
LOCAL_RANK: 0 - CUDA_VISIBLE_DEVICES: [0]
[I 2023-11-30 16:06:33,115] Trial 138 finished with value: 0.16955018043518066 and parameters: {'gradient_clip_val': 0.40726033693839586, 'hidden_size': 58, 'dropout': 0.2826579993039791, 'hidden_continuous_size': 44, 'attention_head_size': 2, 'learning_rate': 0.039347942156795115}. Best is trial 57 with value: 0.12848477065563202.
LOCAL_RANK: 0 - CUDA_VISIBLE_DEVICES: [0]
[I 2023-11-30 16:06:47,978] Trial 139 finished with value: 0.19438771903514862 and parameters: {'gradient_clip_val': 0.4156499968695675, 'hidden_size': 58, 'dropout': 0.28077203584890353, 'hidden_continuous_size': 44, 'attention_head_size': 2, 'learning_rate': 0.039875445349195134}. Best is trial 57 with value: 0.12848477065563202.
LOCAL_RANK: 0 - CUDA_VISIBLE_DEVICES: [0]
[I 2023-11-30 16:07:02,632] Trial 140 finished with value: 0.16812236607074738 and parameters: {'gradient_clip_val': 0.43859466622027127, 'hidden_size': 52, 'dropout': 0.2566559373892271, 'hidden_continuous_size': 38, 'attention_head_size': 2, 'learning_rate': 0.05061196366855957}. Best is trial 57 with value: 0.12848477065563202.
LOCAL_RANK: 0 - CUDA_VISIBLE_DEVICES: [0]
[I 2023-11-30 16:07:17,521] Trial 141 finished with value: 0.23057353496551514 and parameters: {'gradient_clip_val': 0.4458936099427006, 'hidden_size': 62, 'dropout': 0.25826810542331124, 'hidden_continuous_size': 46, 'attention_head_size': 2, 'learning_rate': 0.04736527044253933}. Best is trial 57 with value: 0.12848477065563202.
LOCAL_RANK: 0 - CUDA_VISIBLE_DEVICES: [0]
[I 2023-11-30 16:07:32,325] Trial 142 finished with value: 0.32335564494132996 and parameters: {'gradient_clip_val': 0.4050391312978351, 'hidden_size': 52, 'dropout': 0.2762655691452145, 'hidden_continuous_size': 38, 'attention_head_size': 2, 'learning_rate': 0.051869381188981795}. Best is trial 57 with value: 0.12848477065563202.
LOCAL_RANK: 0 - CUDA_VISIBLE_DEVICES: [0]
[I 2023-11-30 16:07:47,417] Trial 143 finished with value: 0.190989151597023 and parameters: {'gradient_clip_val': 0.43263392865529215, 'hidden_size': 66, 'dropout': 0.2486676149327751, 'hidden_continuous_size': 43, 'attention_head_size': 2, 'learning_rate': 0.05908106310796391}. Best is trial 57 with value: 0.12848477065563202.
LOCAL_RANK: 0 - CUDA_VISIBLE_DEVICES: [0]
[I 2023-11-30 16:08:02,479] Trial 144 finished with value: 0.21779008209705353 and parameters: {'gradient_clip_val': 0.49070989777781027, 'hidden_size': 55, 'dropout': 0.2714066260247471, 'hidden_continuous_size': 36, 'attention_head_size': 2, 'learning_rate': 0.06676798839998764}. Best is trial 57 with value: 0.12848477065563202.
LOCAL_RANK: 0 - CUDA_VISIBLE_DEVICES: [0]
[I 2023-11-30 16:08:17,820] Trial 145 finished with value: 0.26846712827682495 and parameters: {'gradient_clip_val': 0.3741798257767969, 'hidden_size': 59, 'dropout': 0.27948361703968627, 'hidden_continuous_size': 35, 'attention_head_size': 2, 'learning_rate': 0.04280477562958978}. Best is trial 57 with value: 0.12848477065563202.
LOCAL_RANK: 0 - CUDA_VISIBLE_DEVICES: [0]
[I 2023-11-30 16:08:33,247] Trial 146 finished with value: 0.15103046596050262 and parameters: {'gradient_clip_val': 0.5226639526586233, 'hidden_size': 75, 'dropout': 0.253869793399932, 'hidden_continuous_size': 53, 'attention_head_size': 2, 'learning_rate': 0.03607647080424564}. Best is trial 57 with value: 0.12848477065563202.
LOCAL_RANK: 0 - CUDA_VISIBLE_DEVICES: [0]
[I 2023-11-30 16:08:48,819] Trial 147 finished with value: 0.26196396350860596 and parameters: {'gradient_clip_val': 0.5210289361363513, 'hidden_size': 76, 'dropout': 0.25531339282813553, 'hidden_continuous_size': 52, 'attention_head_size': 2, 'learning_rate': 0.03486840734409994}. Best is trial 57 with value: 0.12848477065563202.
LOCAL_RANK: 0 - CUDA_VISIBLE_DEVICES: [0]
[I 2023-11-30 16:09:04,069] Trial 148 finished with value: 0.24046337604522705 and parameters: {'gradient_clip_val': 0.4675683088230301, 'hidden_size': 75, 'dropout': 0.25934057814236744, 'hidden_continuous_size': 31, 'attention_head_size': 2, 'learning_rate': 0.05544183530483901}. Best is trial 57 with value: 0.12848477065563202.
LOCAL_RANK: 0 - CUDA_VISIBLE_DEVICES: [0]
[I 2023-11-30 16:09:20,245] Trial 149 finished with value: 0.1904420107603073 and parameters: {'gradient_clip_val': 0.49389837553000454, 'hidden_size': 150, 'dropout': 0.2514196384289053, 'hidden_continuous_size': 50, 'attention_head_size': 2, 'learning_rate': 0.0486248606821121}. Best is trial 57 with value: 0.12848477065563202.
[I 2023-11-30 16:09:20,373] A new study created in memory with name: no-name-ec763190-17ab-47ba-8e79-6664f2617ad8
/home/le004/conda/anaconda3/envs/tsff_env/lib/python3.9/site-packages/lightning/fabric/plugins/environments/slurm.py:191: The `srun` command is available on your system but is not used. HINT: If your intention is to run Lightning on SLURM, prepend your python command with `srun` like so: srun python /home/le004/master_thesis/git/TSFusionForecast/code/ ...
LOCAL_RANK: 0 - CUDA_VISIBLE_DEVICES: [0]
[I 2023-11-30 16:09:35,581] Trial 0 finished with value: 0.06506732106208801 and parameters: {'gradient_clip_val': 0.2526780351569899, 'hidden_size': 92, 'dropout': 0.37099834711314705, 'hidden_continuous_size': 24, 'attention_head_size': 2, 'learning_rate': 0.05505972551611564}. Best is trial 0 with value: 0.06506732106208801.
LOCAL_RANK: 0 - CUDA_VISIBLE_DEVICES: [0]
[I 2023-11-30 16:09:49,497] Trial 1 finished with value: 2.901563882827759 and parameters: {'gradient_clip_val': 0.1333804381132597, 'hidden_size': 13, 'dropout': 0.10527093158467686, 'hidden_continuous_size': 11, 'attention_head_size': 2, 'learning_rate': 0.0012884085983346}. Best is trial 0 with value: 0.06506732106208801.
LOCAL_RANK: 0 - CUDA_VISIBLE_DEVICES: [0]
[I 2023-11-30 16:10:03,517] Trial 2 finished with value: 1.5401277542114258 and parameters: {'gradient_clip_val': 0.6151626628192409, 'hidden_size': 21, 'dropout': 0.1609291987821344, 'hidden_continuous_size': 16, 'attention_head_size': 3, 'learning_rate': 0.002165424295078076}. Best is trial 0 with value: 0.06506732106208801.
LOCAL_RANK: 0 - CUDA_VISIBLE_DEVICES: [0]
[I 2023-11-30 16:10:18,053] Trial 3 finished with value: 0.7392438054084778 and parameters: {'gradient_clip_val': 0.14798083546116433, 'hidden_size': 35, 'dropout': 0.33127336195017154, 'hidden_continuous_size': 30, 'attention_head_size': 2, 'learning_rate': 0.0027469764241878827}. Best is trial 0 with value: 0.06506732106208801.
LOCAL_RANK: 0 - CUDA_VISIBLE_DEVICES: [0]
