[I 2023-11-30 02:58:39,947] Trial 47 finished with value: 0.1943882256746292 and parameters: {'gradient_clip_val': 0.5529825258518584, 'hidden_size': 122, 'dropout': 0.30870720017954645, 'hidden_continuous_size': 56, 'attention_head_size': 3, 'learning_rate': 0.03242267877101313}. Best is trial 44 with value: 0.10633779317140579.
LOCAL_RANK: 0 - CUDA_VISIBLE_DEVICES: [0]
[I 2023-11-30 02:58:54,463] Trial 48 finished with value: 0.15323252975940704 and parameters: {'gradient_clip_val': 0.6995544568553856, 'hidden_size': 150, 'dropout': 0.2788748050904368, 'hidden_continuous_size': 59, 'attention_head_size': 2, 'learning_rate': 0.04246106398900987}. Best is trial 44 with value: 0.10633779317140579.
LOCAL_RANK: 0 - CUDA_VISIBLE_DEVICES: [0]
[I 2023-11-30 02:59:08,787] Trial 49 finished with value: 0.1716868132352829 and parameters: {'gradient_clip_val': 0.3892173247888155, 'hidden_size': 119, 'dropout': 0.25055383710268864, 'hidden_continuous_size': 46, 'attention_head_size': 3, 'learning_rate': 0.08133210484119717}. Best is trial 44 with value: 0.10633779317140579.
LOCAL_RANK: 0 - CUDA_VISIBLE_DEVICES: [0]
[I 2023-11-30 02:59:23,211] Trial 50 finished with value: 0.15361808240413666 and parameters: {'gradient_clip_val': 0.8027521819701997, 'hidden_size': 133, 'dropout': 0.3133514559815413, 'hidden_continuous_size': 39, 'attention_head_size': 2, 'learning_rate': 0.02939186396920901}. Best is trial 44 with value: 0.10633779317140579.
LOCAL_RANK: 0 - CUDA_VISIBLE_DEVICES: [0]
[I 2023-11-30 02:59:37,400] Trial 51 finished with value: 0.20696181058883667 and parameters: {'gradient_clip_val': 0.4802811130187815, 'hidden_size': 104, 'dropout': 0.29233844446676216, 'hidden_continuous_size': 43, 'attention_head_size': 3, 'learning_rate': 0.05561060050675213}. Best is trial 44 with value: 0.10633779317140579.
LOCAL_RANK: 0 - CUDA_VISIBLE_DEVICES: [0]
[I 2023-11-30 02:59:51,679] Trial 52 finished with value: 0.16275133192539215 and parameters: {'gradient_clip_val': 0.4599253043806164, 'hidden_size': 99, 'dropout': 0.25428630526401275, 'hidden_continuous_size': 47, 'attention_head_size': 3, 'learning_rate': 0.04349564887209839}. Best is trial 44 with value: 0.10633779317140579.
LOCAL_RANK: 0 - CUDA_VISIBLE_DEVICES: [0]
[I 2023-11-30 03:00:05,956] Trial 53 finished with value: 0.0892045721411705 and parameters: {'gradient_clip_val': 0.5568248318969836, 'hidden_size': 116, 'dropout': 0.2745608957173987, 'hidden_continuous_size': 53, 'attention_head_size': 3, 'learning_rate': 0.05480084837896269}. Best is trial 53 with value: 0.0892045721411705.
LOCAL_RANK: 0 - CUDA_VISIBLE_DEVICES: [0]
[I 2023-11-30 03:00:20,255] Trial 54 finished with value: 0.12521858513355255 and parameters: {'gradient_clip_val': 0.6321641065174671, 'hidden_size': 119, 'dropout': 0.27327892912676277, 'hidden_continuous_size': 54, 'attention_head_size': 3, 'learning_rate': 0.05849260925250689}. Best is trial 53 with value: 0.0892045721411705.
LOCAL_RANK: 0 - CUDA_VISIBLE_DEVICES: [0]
[I 2023-11-30 03:00:34,998] Trial 55 finished with value: 0.17493565380573273 and parameters: {'gradient_clip_val': 0.5639383239982263, 'hidden_size': 139, 'dropout': 0.2822351560821694, 'hidden_continuous_size': 64, 'attention_head_size': 3, 'learning_rate': 0.08365986800328545}. Best is trial 53 with value: 0.0892045721411705.
LOCAL_RANK: 0 - CUDA_VISIBLE_DEVICES: [0]
[I 2023-11-30 03:00:49,419] Trial 56 finished with value: 0.19637112319469452 and parameters: {'gradient_clip_val': 0.6811939524589996, 'hidden_size': 113, 'dropout': 0.2714002105493177, 'hidden_continuous_size': 60, 'attention_head_size': 3, 'learning_rate': 0.09060121432170665}. Best is trial 53 with value: 0.0892045721411705.
LOCAL_RANK: 0 - CUDA_VISIBLE_DEVICES: [0]
[I 2023-11-30 03:01:03,831] Trial 57 finished with value: 0.161576047539711 and parameters: {'gradient_clip_val': 0.5199346579830613, 'hidden_size': 129, 'dropout': 0.2922625993182481, 'hidden_continuous_size': 51, 'attention_head_size': 2, 'learning_rate': 0.029373770541013068}. Best is trial 53 with value: 0.0892045721411705.
LOCAL_RANK: 0 - CUDA_VISIBLE_DEVICES: [0]
[I 2023-11-30 03:01:18,076] Trial 58 finished with value: 0.2789781093597412 and parameters: {'gradient_clip_val': 0.715737488044163, 'hidden_size': 90, 'dropout': 0.2219846760311482, 'hidden_continuous_size': 49, 'attention_head_size': 3, 'learning_rate': 0.09972446090630156}. Best is trial 53 with value: 0.0892045721411705.
LOCAL_RANK: 0 - CUDA_VISIBLE_DEVICES: [0]
[I 2023-11-30 03:01:32,855] Trial 59 finished with value: 0.15390247106552124 and parameters: {'gradient_clip_val': 0.6099804992093018, 'hidden_size': 148, 'dropout': 0.23194929565382671, 'hidden_continuous_size': 73, 'attention_head_size': 3, 'learning_rate': 0.0651902355941152}. Best is trial 53 with value: 0.0892045721411705.
LOCAL_RANK: 0 - CUDA_VISIBLE_DEVICES: [0]
[I 2023-11-30 03:01:47,433] Trial 60 finished with value: 0.22296781837940216 and parameters: {'gradient_clip_val': 0.5688316863838703, 'hidden_size': 107, 'dropout': 0.24579042687359226, 'hidden_continuous_size': 56, 'attention_head_size': 3, 'learning_rate': 0.04003227511753189}. Best is trial 53 with value: 0.0892045721411705.
LOCAL_RANK: 0 - CUDA_VISIBLE_DEVICES: [0]
[I 2023-11-30 03:02:01,812] Trial 61 finished with value: 0.13293029367923737 and parameters: {'gradient_clip_val': 0.4521616610611054, 'hidden_size': 123, 'dropout': 0.25898003952903353, 'hidden_continuous_size': 45, 'attention_head_size': 3, 'learning_rate': 0.05034890702363808}. Best is trial 53 with value: 0.0892045721411705.
LOCAL_RANK: 0 - CUDA_VISIBLE_DEVICES: [0]
[I 2023-11-30 03:02:16,086] Trial 62 finished with value: 0.13134783506393433 and parameters: {'gradient_clip_val': 0.5048192977338752, 'hidden_size': 95, 'dropout': 0.26856427781980624, 'hidden_continuous_size': 53, 'attention_head_size': 3, 'learning_rate': 0.057731712962701465}. Best is trial 53 with value: 0.0892045721411705.
LOCAL_RANK: 0 - CUDA_VISIBLE_DEVICES: [0]
[I 2023-11-30 03:02:30,212] Trial 63 finished with value: 0.12400152534246445 and parameters: {'gradient_clip_val': 0.48095615778978873, 'hidden_size': 107, 'dropout': 0.2564353571162861, 'hidden_continuous_size': 41, 'attention_head_size': 2, 'learning_rate': 0.046965856922084936}. Best is trial 53 with value: 0.0892045721411705.
LOCAL_RANK: 0 - CUDA_VISIBLE_DEVICES: [0]
[I 2023-11-30 03:02:44,769] Trial 64 finished with value: 0.1621653437614441 and parameters: {'gradient_clip_val': 0.39242499133908243, 'hidden_size': 137, 'dropout': 0.2381158693946534, 'hidden_continuous_size': 37, 'attention_head_size': 3, 'learning_rate': 0.0722642855059812}. Best is trial 53 with value: 0.0892045721411705.
LOCAL_RANK: 0 - CUDA_VISIBLE_DEVICES: [0]
[I 2023-11-30 03:02:59,268] Trial 65 finished with value: 0.1581253856420517 and parameters: {'gradient_clip_val': 0.41561426136712853, 'hidden_size': 120, 'dropout': 0.26271912504804656, 'hidden_continuous_size': 45, 'attention_head_size': 3, 'learning_rate': 0.055182049761557855}. Best is trial 53 with value: 0.0892045721411705.
LOCAL_RANK: 0 - CUDA_VISIBLE_DEVICES: [0]
[I 2023-11-30 03:03:13,520] Trial 66 finished with value: 0.12648142874240875 and parameters: {'gradient_clip_val': 0.35532681698457663, 'hidden_size': 106, 'dropout': 0.28626632539401664, 'hidden_continuous_size': 36, 'attention_head_size': 3, 'learning_rate': 0.04068461720263961}. Best is trial 53 with value: 0.0892045721411705.
LOCAL_RANK: 0 - CUDA_VISIBLE_DEVICES: [0]
[I 2023-11-30 03:03:27,757] Trial 67 finished with value: 0.14220942556858063 and parameters: {'gradient_clip_val': 0.5439248001868218, 'hidden_size': 92, 'dropout': 0.2759669607031131, 'hidden_continuous_size': 49, 'attention_head_size': 4, 'learning_rate': 0.03156835327239419}. Best is trial 53 with value: 0.0892045721411705.
LOCAL_RANK: 0 - CUDA_VISIBLE_DEVICES: [0]
[I 2023-11-30 03:03:41,912] Trial 68 finished with value: 0.12677772343158722 and parameters: {'gradient_clip_val': 0.45970154093727306, 'hidden_size': 82, 'dropout': 0.2979319385048218, 'hidden_continuous_size': 55, 'attention_head_size': 2, 'learning_rate': 0.03670618846213322}. Best is trial 53 with value: 0.0892045721411705.
LOCAL_RANK: 0 - CUDA_VISIBLE_DEVICES: [0]
[I 2023-11-30 03:03:56,104] Trial 69 finished with value: 0.3396434783935547 and parameters: {'gradient_clip_val': 0.5802557887135552, 'hidden_size': 116, 'dropout': 0.2531471519064108, 'hidden_continuous_size': 40, 'attention_head_size': 4, 'learning_rate': 0.06577586777373805}. Best is trial 53 with value: 0.0892045721411705.
LOCAL_RANK: 0 - CUDA_VISIBLE_DEVICES: [0]
[I 2023-11-30 03:04:10,796] Trial 70 finished with value: 0.16356973350048065 and parameters: {'gradient_clip_val': 0.6400500456138016, 'hidden_size': 127, 'dropout': 0.2685821759958369, 'hidden_continuous_size': 61, 'attention_head_size': 3, 'learning_rate': 0.04875010144225152}. Best is trial 53 with value: 0.0892045721411705.
LOCAL_RANK: 0 - CUDA_VISIBLE_DEVICES: [0]
[I 2023-11-30 03:04:25,552] Trial 71 finished with value: 0.1315358430147171 and parameters: {'gradient_clip_val': 0.5034491481317622, 'hidden_size': 141, 'dropout': 0.28252650890854986, 'hidden_continuous_size': 68, 'attention_head_size': 3, 'learning_rate': 0.025659946758831896}. Best is trial 53 with value: 0.0892045721411705.
LOCAL_RANK: 0 - CUDA_VISIBLE_DEVICES: [0]
[I 2023-11-30 03:04:40,230] Trial 72 finished with value: 0.10890985280275345 and parameters: {'gradient_clip_val': 0.537117109726836, 'hidden_size': 130, 'dropout': 0.29048105917024114, 'hidden_continuous_size': 72, 'attention_head_size': 3, 'learning_rate': 0.02079547426145414}. Best is trial 53 with value: 0.0892045721411705.
LOCAL_RANK: 0 - CUDA_VISIBLE_DEVICES: [0]
[I 2023-11-30 03:04:54,679] Trial 73 finished with value: 0.07864144444465637 and parameters: {'gradient_clip_val': 0.4368201921399293, 'hidden_size': 98, 'dropout': 0.31256348716598437, 'hidden_continuous_size': 77, 'attention_head_size': 3, 'learning_rate': 0.03221918311880911}. Best is trial 73 with value: 0.07864144444465637.
LOCAL_RANK: 0 - CUDA_VISIBLE_DEVICES: [0]
[I 2023-11-30 03:05:09,355] Trial 74 finished with value: 0.1547534465789795 and parameters: {'gradient_clip_val': 0.44525876363393063, 'hidden_size': 111, 'dropout': 0.3299627458137305, 'hidden_continuous_size': 76, 'attention_head_size': 3, 'learning_rate': 0.022356915722756426}. Best is trial 73 with value: 0.07864144444465637.
LOCAL_RANK: 0 - CUDA_VISIBLE_DEVICES: [0]
[I 2023-11-30 03:05:24,128] Trial 75 finished with value: 0.08089540153741837 and parameters: {'gradient_clip_val': 0.523930932002455, 'hidden_size': 127, 'dropout': 0.3145977643258904, 'hidden_continuous_size': 97, 'attention_head_size': 3, 'learning_rate': 0.03357742259813671}. Best is trial 73 with value: 0.07864144444465637.
LOCAL_RANK: 0 - CUDA_VISIBLE_DEVICES: [0]
[I 2023-11-30 03:05:38,864] Trial 76 finished with value: 0.1423509418964386 and parameters: {'gradient_clip_val': 0.6009546719670892, 'hidden_size': 126, 'dropout': 0.31742269804093426, 'hidden_continuous_size': 99, 'attention_head_size': 3, 'learning_rate': 0.033061007246292434}. Best is trial 73 with value: 0.07864144444465637.
LOCAL_RANK: 0 - CUDA_VISIBLE_DEVICES: [0]
[I 2023-11-30 03:05:53,324] Trial 77 finished with value: 0.12112928181886673 and parameters: {'gradient_clip_val': 0.41240448340403507, 'hidden_size': 100, 'dropout': 0.30606261312042027, 'hidden_continuous_size': 79, 'attention_head_size': 3, 'learning_rate': 0.01981881376187109}. Best is trial 73 with value: 0.07864144444465637.
LOCAL_RANK: 0 - CUDA_VISIBLE_DEVICES: [0]
[I 2023-11-30 03:06:08,013] Trial 78 finished with value: 0.1563665270805359 and parameters: {'gradient_clip_val': 0.5413583861509508, 'hidden_size': 113, 'dropout': 0.3410958751359636, 'hidden_continuous_size': 86, 'attention_head_size': 3, 'learning_rate': 0.028039036301089306}. Best is trial 73 with value: 0.07864144444465637.
LOCAL_RANK: 0 - CUDA_VISIBLE_DEVICES: [0]
[I 2023-11-30 03:06:22,937] Trial 79 finished with value: 0.09414675086736679 and parameters: {'gradient_clip_val': 0.6591970886500028, 'hidden_size': 136, 'dropout': 0.30036338596477086, 'hidden_continuous_size': 122, 'attention_head_size': 3, 'learning_rate': 0.03791288827208514}. Best is trial 73 with value: 0.07864144444465637.
LOCAL_RANK: 0 - CUDA_VISIBLE_DEVICES: [0]
[I 2023-11-30 03:06:37,889] Trial 80 finished with value: 0.1641545295715332 and parameters: {'gradient_clip_val': 0.6677970796298565, 'hidden_size': 132, 'dropout': 0.2995759610781462, 'hidden_continuous_size': 122, 'attention_head_size': 3, 'learning_rate': 0.03607408168766277}. Best is trial 73 with value: 0.07864144444465637.
LOCAL_RANK: 0 - CUDA_VISIBLE_DEVICES: [0]
[I 2023-11-30 03:06:52,537] Trial 81 finished with value: 0.1280069202184677 and parameters: {'gradient_clip_val': 0.5820954170755857, 'hidden_size': 142, 'dropout': 0.3161120755478005, 'hidden_continuous_size': 64, 'attention_head_size': 3, 'learning_rate': 0.025570177736797244}. Best is trial 73 with value: 0.07864144444465637.
LOCAL_RANK: 0 - CUDA_VISIBLE_DEVICES: [0]
[I 2023-11-30 03:07:07,193] Trial 82 finished with value: 0.11961930245161057 and parameters: {'gradient_clip_val': 0.5011521375604281, 'hidden_size': 123, 'dropout': 0.2925256188010982, 'hidden_continuous_size': 70, 'attention_head_size': 3, 'learning_rate': 0.03189374986835524}. Best is trial 73 with value: 0.07864144444465637.
LOCAL_RANK: 0 - CUDA_VISIBLE_DEVICES: [0]
[I 2023-11-30 03:07:21,526] Trial 83 finished with value: 0.10622727870941162 and parameters: {'gradient_clip_val': 0.7394685532705113, 'hidden_size': 103, 'dropout': 0.28842619357609417, 'hidden_continuous_size': 64, 'attention_head_size': 3, 'learning_rate': 0.03849046577126493}. Best is trial 73 with value: 0.07864144444465637.
LOCAL_RANK: 0 - CUDA_VISIBLE_DEVICES: [0]
[I 2023-11-30 03:07:36,517] Trial 84 finished with value: 0.16460378468036652 and parameters: {'gradient_clip_val': 0.743340055920018, 'hidden_size': 150, 'dropout': 0.30545019334443346, 'hidden_continuous_size': 95, 'attention_head_size': 3, 'learning_rate': 0.04075293591775706}. Best is trial 73 with value: 0.07864144444465637.
LOCAL_RANK: 0 - CUDA_VISIBLE_DEVICES: [0]
[I 2023-11-30 03:07:50,886] Trial 85 finished with value: 0.15756280720233917 and parameters: {'gradient_clip_val': 0.633840381849698, 'hidden_size': 87, 'dropout': 0.29032788949775107, 'hidden_continuous_size': 62, 'attention_head_size': 3, 'learning_rate': 0.037149293714838647}. Best is trial 73 with value: 0.07864144444465637.
LOCAL_RANK: 0 - CUDA_VISIBLE_DEVICES: [0]
[I 2023-11-30 03:08:05,089] Trial 86 finished with value: 0.11755907535552979 and parameters: {'gradient_clip_val': 0.8073742520326213, 'hidden_size': 103, 'dropout': 0.30037891455351096, 'hidden_continuous_size': 58, 'attention_head_size': 3, 'learning_rate': 0.03033240576577965}. Best is trial 73 with value: 0.07864144444465637.
LOCAL_RANK: 0 - CUDA_VISIBLE_DEVICES: [0]
[I 2023-11-30 03:08:19,241] Trial 87 finished with value: 0.12533801794052124 and parameters: {'gradient_clip_val': 0.8285985931326609, 'hidden_size': 103, 'dropout': 0.2992008282554642, 'hidden_continuous_size': 59, 'attention_head_size': 3, 'learning_rate': 0.021373393270499082}. Best is trial 73 with value: 0.07864144444465637.
LOCAL_RANK: 0 - CUDA_VISIBLE_DEVICES: [0]
[I 2023-11-30 03:08:33,751] Trial 88 finished with value: 0.12457060813903809 and parameters: {'gradient_clip_val': 0.7563827689682471, 'hidden_size': 97, 'dropout': 0.31116746920596644, 'hidden_continuous_size': 67, 'attention_head_size': 3, 'learning_rate': 0.0249399870046687}. Best is trial 73 with value: 0.07864144444465637.
LOCAL_RANK: 0 - CUDA_VISIBLE_DEVICES: [0]
[I 2023-11-30 03:08:48,435] Trial 89 finished with value: 0.1228325366973877 and parameters: {'gradient_clip_val': 0.7098018192414187, 'hidden_size': 111, 'dropout': 0.3039797796872714, 'hidden_continuous_size': 71, 'attention_head_size': 3, 'learning_rate': 0.017221708715596657}. Best is trial 73 with value: 0.07864144444465637.
LOCAL_RANK: 0 - CUDA_VISIBLE_DEVICES: [0]
[I 2023-11-30 03:09:02,958] Trial 90 finished with value: 0.14766041934490204 and parameters: {'gradient_clip_val': 0.8933886850518415, 'hidden_size': 126, 'dropout': 0.2889027991405509, 'hidden_continuous_size': 59, 'attention_head_size': 3, 'learning_rate': 0.027390545432583926}. Best is trial 73 with value: 0.07864144444465637.
LOCAL_RANK: 0 - CUDA_VISIBLE_DEVICES: [0]
[I 2023-11-30 03:09:17,484] Trial 91 finished with value: 0.1131543442606926 and parameters: {'gradient_clip_val': 0.6729913147512168, 'hidden_size': 134, 'dropout': 0.27498680806992, 'hidden_continuous_size': 63, 'attention_head_size': 3, 'learning_rate': 0.03013284911784576}. Best is trial 73 with value: 0.07864144444465637.
LOCAL_RANK: 0 - CUDA_VISIBLE_DEVICES: [0]
[I 2023-11-30 03:09:31,796] Trial 92 finished with value: 0.20631597936153412 and parameters: {'gradient_clip_val': 0.6678518455118374, 'hidden_size': 117, 'dropout': 0.2777645768731411, 'hidden_continuous_size': 64, 'attention_head_size': 3, 'learning_rate': 0.030461454263910358}. Best is trial 73 with value: 0.07864144444465637.
LOCAL_RANK: 0 - CUDA_VISIBLE_DEVICES: [0]
[I 2023-11-30 03:09:46,295] Trial 93 finished with value: 0.15462709963321686 and parameters: {'gradient_clip_val': 0.7477003177576541, 'hidden_size': 132, 'dropout': 0.27572620834440575, 'hidden_continuous_size': 76, 'attention_head_size': 3, 'learning_rate': 0.03360306278636819}. Best is trial 73 with value: 0.07864144444465637.
LOCAL_RANK: 0 - CUDA_VISIBLE_DEVICES: [0]
[I 2023-11-30 03:10:00,809] Trial 94 finished with value: 0.08937229961156845 and parameters: {'gradient_clip_val': 0.6140126467404406, 'hidden_size': 108, 'dropout': 0.32388727551631696, 'hidden_continuous_size': 57, 'attention_head_size': 3, 'learning_rate': 0.022936976357184533}. Best is trial 73 with value: 0.07864144444465637.
LOCAL_RANK: 0 - CUDA_VISIBLE_DEVICES: [0]
[I 2023-11-30 03:10:15,410] Trial 95 finished with value: 0.1416783183813095 and parameters: {'gradient_clip_val': 0.554125799203102, 'hidden_size': 140, 'dropout': 0.32183564531547537, 'hidden_continuous_size': 65, 'attention_head_size': 3, 'learning_rate': 0.023042941961002986}. Best is trial 73 with value: 0.07864144444465637.
LOCAL_RANK: 0 - CUDA_VISIBLE_DEVICES: [0]
[I 2023-11-30 03:10:29,840] Trial 96 finished with value: 0.09931987524032593 and parameters: {'gradient_clip_val': 0.6046162040982295, 'hidden_size': 116, 'dropout': 0.31061077306242446, 'hidden_continuous_size': 72, 'attention_head_size': 3, 'learning_rate': 0.016684575547614593}. Best is trial 73 with value: 0.07864144444465637.
LOCAL_RANK: 0 - CUDA_VISIBLE_DEVICES: [0]
[I 2023-11-30 03:10:44,477] Trial 97 finished with value: 0.09577871114015579 and parameters: {'gradient_clip_val': 0.6169975831024941, 'hidden_size': 114, 'dropout': 0.3394812257025508, 'hidden_continuous_size': 73, 'attention_head_size': 3, 'learning_rate': 0.01668068922561681}. Best is trial 73 with value: 0.07864144444465637.
LOCAL_RANK: 0 - CUDA_VISIBLE_DEVICES: [0]
[I 2023-11-30 03:10:58,980] Trial 98 finished with value: 0.12498650699853897 and parameters: {'gradient_clip_val': 0.6127871703817158, 'hidden_size': 94, 'dropout': 0.3405676370214173, 'hidden_continuous_size': 68, 'attention_head_size': 3, 'learning_rate': 0.017253496813826773}. Best is trial 73 with value: 0.07864144444465637.
LOCAL_RANK: 0 - CUDA_VISIBLE_DEVICES: [0]
[I 2023-11-30 03:11:13,379] Trial 99 finished with value: 0.13696891069412231 and parameters: {'gradient_clip_val': 0.5902250550886693, 'hidden_size': 87, 'dropout': 0.3258732199562779, 'hidden_continuous_size': 72, 'attention_head_size': 3, 'learning_rate': 0.012516451293922615}. Best is trial 73 with value: 0.07864144444465637.
LOCAL_RANK: 0 - CUDA_VISIBLE_DEVICES: [0]
[I 2023-11-30 03:11:27,915] Trial 100 finished with value: 0.12253570556640625 and parameters: {'gradient_clip_val': 0.6398244946208126, 'hidden_size': 116, 'dropout': 0.30979550967686165, 'hidden_continuous_size': 80, 'attention_head_size': 3, 'learning_rate': 0.020198229713191074}. Best is trial 73 with value: 0.07864144444465637.
LOCAL_RANK: 0 - CUDA_VISIBLE_DEVICES: [0]
[I 2023-11-30 03:11:42,478] Trial 101 finished with value: 0.21724994480609894 and parameters: {'gradient_clip_val': 0.6841196040009793, 'hidden_size': 107, 'dropout': 0.31743829920680794, 'hidden_continuous_size': 67, 'attention_head_size': 3, 'learning_rate': 0.024300648192403886}. Best is trial 73 with value: 0.07864144444465637.
LOCAL_RANK: 0 - CUDA_VISIBLE_DEVICES: [0]
[I 2023-11-30 03:11:57,134] Trial 102 finished with value: 0.18112902343273163 and parameters: {'gradient_clip_val': 0.6150668692732092, 'hidden_size': 121, 'dropout': 0.3361950343273194, 'hidden_continuous_size': 73, 'attention_head_size': 3, 'learning_rate': 0.02759104802351645}. Best is trial 73 with value: 0.07864144444465637.
LOCAL_RANK: 0 - CUDA_VISIBLE_DEVICES: [0]
[I 2023-11-30 03:12:11,600] Trial 103 finished with value: 0.15043015778064728 and parameters: {'gradient_clip_val': 0.5349604763732062, 'hidden_size': 111, 'dropout': 0.29386599442936934, 'hidden_continuous_size': 62, 'attention_head_size': 3, 'learning_rate': 0.021059003246856906}. Best is trial 73 with value: 0.07864144444465637.
LOCAL_RANK: 0 - CUDA_VISIBLE_DEVICES: [0]
[I 2023-11-30 03:12:26,490] Trial 104 finished with value: 0.1307220160961151 and parameters: {'gradient_clip_val': 0.6561439142889297, 'hidden_size': 137, 'dropout': 0.3091705788087555, 'hidden_continuous_size': 88, 'attention_head_size': 3, 'learning_rate': 0.01583353328310184}. Best is trial 73 with value: 0.07864144444465637.
LOCAL_RANK: 0 - CUDA_VISIBLE_DEVICES: [0]
