[I 2023-11-30 05:38:29,237] Trial 140 finished with value: 0.4770435392856598 and parameters: {'gradient_clip_val': 0.6906870301234472, 'hidden_size': 89, 'dropout': 0.20154370825089984, 'hidden_continuous_size': 27, 'attention_head_size': 4, 'learning_rate': 0.020555226038148126}. Best is trial 22 with value: 0.09141140431165695.
LOCAL_RANK: 0 - CUDA_VISIBLE_DEVICES: [0]
[I 2023-11-30 05:38:43,264] Trial 141 finished with value: 0.3142903745174408 and parameters: {'gradient_clip_val': 0.9537220021202889, 'hidden_size': 94, 'dropout': 0.11707265297813246, 'hidden_continuous_size': 26, 'attention_head_size': 4, 'learning_rate': 0.01572268398927609}. Best is trial 22 with value: 0.09141140431165695.
LOCAL_RANK: 0 - CUDA_VISIBLE_DEVICES: [0]
[I 2023-11-30 05:38:57,228] Trial 142 finished with value: 0.29825296998023987 and parameters: {'gradient_clip_val': 0.8931266727386946, 'hidden_size': 82, 'dropout': 0.1109713586315179, 'hidden_continuous_size': 24, 'attention_head_size': 4, 'learning_rate': 0.018595349785016934}. Best is trial 22 with value: 0.09141140431165695.
LOCAL_RANK: 0 - CUDA_VISIBLE_DEVICES: [0]
[I 2023-11-30 05:39:11,255] Trial 143 finished with value: 0.23128175735473633 and parameters: {'gradient_clip_val': 0.8446990321717849, 'hidden_size': 70, 'dropout': 0.12756277501548868, 'hidden_continuous_size': 25, 'attention_head_size': 4, 'learning_rate': 0.022863216809289915}. Best is trial 22 with value: 0.09141140431165695.
LOCAL_RANK: 0 - CUDA_VISIBLE_DEVICES: [0]
[I 2023-11-30 05:39:25,095] Trial 144 finished with value: 0.28716352581977844 and parameters: {'gradient_clip_val': 0.9348056675977429, 'hidden_size': 74, 'dropout': 0.10418745504873678, 'hidden_continuous_size': 22, 'attention_head_size': 4, 'learning_rate': 0.01695613182948861}. Best is trial 22 with value: 0.09141140431165695.
LOCAL_RANK: 0 - CUDA_VISIBLE_DEVICES: [0]
[I 2023-11-30 05:39:39,029] Trial 145 finished with value: 0.412748247385025 and parameters: {'gradient_clip_val': 0.752463252468798, 'hidden_size': 88, 'dropout': 0.11343718905426835, 'hidden_continuous_size': 27, 'attention_head_size': 4, 'learning_rate': 0.01982933895961343}. Best is trial 22 with value: 0.09141140431165695.
LOCAL_RANK: 0 - CUDA_VISIBLE_DEVICES: [0]
[I 2023-11-30 05:39:52,414] Trial 146 finished with value: 0.6544016003608704 and parameters: {'gradient_clip_val': 0.8065796844679353, 'hidden_size': 54, 'dropout': 0.12195674813291185, 'hidden_continuous_size': 22, 'attention_head_size': 4, 'learning_rate': 0.02725350705656852}. Best is trial 22 with value: 0.09141140431165695.
LOCAL_RANK: 0 - CUDA_VISIBLE_DEVICES: [0]
[I 2023-11-30 05:40:06,168] Trial 147 finished with value: 0.17172002792358398 and parameters: {'gradient_clip_val': 0.4410965940806569, 'hidden_size': 98, 'dropout': 0.10022855030427148, 'hidden_continuous_size': 19, 'attention_head_size': 2, 'learning_rate': 0.022394983464090874}. Best is trial 22 with value: 0.09141140431165695.
LOCAL_RANK: 0 - CUDA_VISIBLE_DEVICES: [0]
[I 2023-11-30 05:40:20,257] Trial 148 finished with value: 0.2819826900959015 and parameters: {'gradient_clip_val': 0.9057482841026334, 'hidden_size': 66, 'dropout': 0.13698602946747906, 'hidden_continuous_size': 24, 'attention_head_size': 4, 'learning_rate': 0.010903741002522074}. Best is trial 22 with value: 0.09141140431165695.
LOCAL_RANK: 0 - CUDA_VISIBLE_DEVICES: [0]
[I 2023-11-30 05:40:34,150] Trial 149 finished with value: 0.12992969155311584 and parameters: {'gradient_clip_val': 0.3345899800034952, 'hidden_size': 80, 'dropout': 0.10908168468298748, 'hidden_continuous_size': 21, 'attention_head_size': 4, 'learning_rate': 0.013451819369638735}. Best is trial 22 with value: 0.09141140431165695.
[I 2023-11-30 05:40:34,268] A new study created in memory with name: no-name-a46a1f4a-5148-4d7c-858f-e593c5a55995
/home/le004/conda/anaconda3/envs/tsff_env/lib/python3.9/site-packages/lightning/fabric/plugins/environments/slurm.py:191: The `srun` command is available on your system but is not used. HINT: If your intention is to run Lightning on SLURM, prepend your python command with `srun` like so: srun python /home/le004/master_thesis/git/TSFusionForecast/code/ ...
LOCAL_RANK: 0 - CUDA_VISIBLE_DEVICES: [0]
[I 2023-11-30 05:40:46,986] Trial 0 finished with value: 89.9401626586914 and parameters: {'gradient_clip_val': 0.31200253701703107, 'hidden_size': 27, 'dropout': 0.17600127607441074, 'hidden_continuous_size': 20, 'attention_head_size': 3, 'learning_rate': 0.004669160983720385}. Best is trial 0 with value: 89.9401626586914.
LOCAL_RANK: 0 - CUDA_VISIBLE_DEVICES: [0]
[I 2023-11-30 05:41:00,489] Trial 1 finished with value: 96.78738403320312 and parameters: {'gradient_clip_val': 0.6702060773634849, 'hidden_size': 74, 'dropout': 0.3500804868380226, 'hidden_continuous_size': 19, 'attention_head_size': 2, 'learning_rate': 0.001276284204559607}. Best is trial 0 with value: 89.9401626586914.
LOCAL_RANK: 0 - CUDA_VISIBLE_DEVICES: [0]
[I 2023-11-30 05:41:10,874] Trial 2 finished with value: 141.58584594726562 and parameters: {'gradient_clip_val': 0.5538650456524091, 'hidden_size': 12, 'dropout': 0.17785253205967677, 'hidden_continuous_size': 12, 'attention_head_size': 1, 'learning_rate': 0.0033294215034489548}. Best is trial 0 with value: 89.9401626586914.
LOCAL_RANK: 0 - CUDA_VISIBLE_DEVICES: [0]
[I 2023-11-30 05:41:23,551] Trial 3 finished with value: 74.90863800048828 and parameters: {'gradient_clip_val': 0.41486597347513177, 'hidden_size': 29, 'dropout': 0.3990608342922136, 'hidden_continuous_size': 16, 'attention_head_size': 2, 'learning_rate': 0.041363868092779955}. Best is trial 3 with value: 74.90863800048828.
LOCAL_RANK: 0 - CUDA_VISIBLE_DEVICES: [0]
[I 2023-11-30 05:41:36,213] Trial 4 finished with value: 90.48062896728516 and parameters: {'gradient_clip_val': 0.5080187107716294, 'hidden_size': 14, 'dropout': 0.3435084006476064, 'hidden_continuous_size': 13, 'attention_head_size': 3, 'learning_rate': 0.03173414427419817}. Best is trial 3 with value: 74.90863800048828.
LOCAL_RANK: 0 - CUDA_VISIBLE_DEVICES: [0]
[I 2023-11-30 05:41:48,705] Trial 5 finished with value: 78.4078140258789 and parameters: {'gradient_clip_val': 0.4526306600602157, 'hidden_size': 19, 'dropout': 0.10573871175207324, 'hidden_continuous_size': 17, 'attention_head_size': 1, 'learning_rate': 0.08585027475986094}. Best is trial 3 with value: 74.90863800048828.
LOCAL_RANK: 0 - CUDA_VISIBLE_DEVICES: [0]
[I 2023-11-30 05:42:01,316] Trial 6 finished with value: 66.09759521484375 and parameters: {'gradient_clip_val': 0.44380818296737595, 'hidden_size': 21, 'dropout': 0.34504103915591744, 'hidden_continuous_size': 15, 'attention_head_size': 3, 'learning_rate': 0.053745823198720115}. Best is trial 6 with value: 66.09759521484375.
LOCAL_RANK: 0 - CUDA_VISIBLE_DEVICES: [0]
[I 2023-11-30 05:42:15,728] Trial 7 finished with value: 85.0123519897461 and parameters: {'gradient_clip_val': 0.1751619349513238, 'hidden_size': 141, 'dropout': 0.19776685853015968, 'hidden_continuous_size': 34, 'attention_head_size': 2, 'learning_rate': 0.04327029238270569}. Best is trial 6 with value: 66.09759521484375.
LOCAL_RANK: 0 - CUDA_VISIBLE_DEVICES: [0]
[I 2023-11-30 05:42:26,597] Trial 8 finished with value: 91.11894989013672 and parameters: {'gradient_clip_val': 0.6483732934695419, 'hidden_size': 41, 'dropout': 0.27651735300247227, 'hidden_continuous_size': 41, 'attention_head_size': 3, 'learning_rate': 0.05573702054683889}. Best is trial 6 with value: 66.09759521484375.
LOCAL_RANK: 0 - CUDA_VISIBLE_DEVICES: [0]
[I 2023-11-30 05:42:41,807] Trial 9 finished with value: 101.7631607055664 and parameters: {'gradient_clip_val': 0.2365119320106472, 'hidden_size': 144, 'dropout': 0.30221674661992315, 'hidden_continuous_size': 136, 'attention_head_size': 4, 'learning_rate': 0.0036460241517462474}. Best is trial 6 with value: 66.09759521484375.
LOCAL_RANK: 0 - CUDA_VISIBLE_DEVICES: [0]
[I 2023-11-30 05:42:52,315] Trial 10 finished with value: 130.74440002441406 and parameters: {'gradient_clip_val': 0.8714493514340134, 'hidden_size': 10, 'dropout': 0.2554624117549176, 'hidden_continuous_size': 10, 'attention_head_size': 4, 'learning_rate': 0.01872728668109373}. Best is trial 6 with value: 66.09759521484375.
LOCAL_RANK: 0 - CUDA_VISIBLE_DEVICES: [0]
[I 2023-11-30 05:43:05,078] Trial 11 finished with value: 52.54903030395508 and parameters: {'gradient_clip_val': 0.35911792913371565, 'hidden_size': 30, 'dropout': 0.38996263883957477, 'hidden_continuous_size': 15, 'attention_head_size': 2, 'learning_rate': 0.02000782018622627}. Best is trial 11 with value: 52.54903030395508.
LOCAL_RANK: 0 - CUDA_VISIBLE_DEVICES: [0]
[I 2023-11-30 05:43:17,318] Trial 12 finished with value: 102.35714721679688 and parameters: {'gradient_clip_val': 0.12197747056005781, 'hidden_size': 20, 'dropout': 0.3912767657949038, 'hidden_continuous_size': 14, 'attention_head_size': 2, 'learning_rate': 0.016285443732426352}. Best is trial 11 with value: 52.54903030395508.
LOCAL_RANK: 0 - CUDA_VISIBLE_DEVICES: [0]
[I 2023-11-30 05:43:30,535] Trial 13 finished with value: 81.3676986694336 and parameters: {'gradient_clip_val': 0.29264971656592104, 'hidden_size': 42, 'dropout': 0.34140682364706965, 'hidden_continuous_size': 10, 'attention_head_size': 3, 'learning_rate': 0.08739140611110627}. Best is trial 11 with value: 52.54903030395508.
LOCAL_RANK: 0 - CUDA_VISIBLE_DEVICES: [0]
[I 2023-11-30 05:43:42,813] Trial 14 finished with value: 74.64087677001953 and parameters: {'gradient_clip_val': 0.4040772152190005, 'hidden_size': 19, 'dropout': 0.3132942308674188, 'hidden_continuous_size': 14, 'attention_head_size': 1, 'learning_rate': 0.022890375049060524}. Best is trial 11 with value: 52.54903030395508.
LOCAL_RANK: 0 - CUDA_VISIBLE_DEVICES: [0]
[I 2023-11-30 05:43:56,212] Trial 15 finished with value: 54.657867431640625 and parameters: {'gradient_clip_val': 0.9782517686090876, 'hidden_size': 55, 'dropout': 0.366952479907551, 'hidden_continuous_size': 22, 'attention_head_size': 4, 'learning_rate': 0.010619323070538415}. Best is trial 11 with value: 52.54903030395508.
LOCAL_RANK: 0 - CUDA_VISIBLE_DEVICES: [0]
[I 2023-11-30 05:44:09,863] Trial 16 finished with value: 49.07439041137695 and parameters: {'gradient_clip_val': 0.9891445734702443, 'hidden_size': 57, 'dropout': 0.3961520509184063, 'hidden_continuous_size': 24, 'attention_head_size': 4, 'learning_rate': 0.009285236480717362}. Best is trial 16 with value: 49.07439041137695.
LOCAL_RANK: 0 - CUDA_VISIBLE_DEVICES: [0]
[I 2023-11-30 05:44:23,414] Trial 17 finished with value: 61.77016830444336 and parameters: {'gradient_clip_val': 0.7755774701763744, 'hidden_size': 60, 'dropout': 0.3988566441514094, 'hidden_continuous_size': 26, 'attention_head_size': 4, 'learning_rate': 0.01140442432384234}. Best is trial 16 with value: 49.07439041137695.
LOCAL_RANK: 0 - CUDA_VISIBLE_DEVICES: [0]
[I 2023-11-30 05:44:36,137] Trial 18 finished with value: 102.8525161743164 and parameters: {'gradient_clip_val': 0.7435579435766256, 'hidden_size': 31, 'dropout': 0.3095718812352643, 'hidden_continuous_size': 12, 'attention_head_size': 2, 'learning_rate': 0.006625387561301302}. Best is trial 16 with value: 49.07439041137695.
LOCAL_RANK: 0 - CUDA_VISIBLE_DEVICES: [0]
[I 2023-11-30 05:44:49,881] Trial 19 finished with value: 73.51753997802734 and parameters: {'gradient_clip_val': 0.9952282326361649, 'hidden_size': 83, 'dropout': 0.37435082530589014, 'hidden_continuous_size': 25, 'attention_head_size': 1, 'learning_rate': 0.007975799731541963}. Best is trial 16 with value: 49.07439041137695.
LOCAL_RANK: 0 - CUDA_VISIBLE_DEVICES: [0]
[I 2023-11-30 05:45:03,058] Trial 20 finished with value: 82.38970184326172 and parameters: {'gradient_clip_val': 0.5991676397416636, 'hidden_size': 38, 'dropout': 0.3672576892785955, 'hidden_continuous_size': 17, 'attention_head_size': 4, 'learning_rate': 0.02473951369669339}. Best is trial 16 with value: 49.07439041137695.
LOCAL_RANK: 0 - CUDA_VISIBLE_DEVICES: [0]
[I 2023-11-30 05:45:16,400] Trial 21 finished with value: 98.85409545898438 and parameters: {'gradient_clip_val': 0.9998300317868497, 'hidden_size': 52, 'dropout': 0.37406164538713965, 'hidden_continuous_size': 22, 'attention_head_size': 4, 'learning_rate': 0.01266167503220721}. Best is trial 16 with value: 49.07439041137695.
LOCAL_RANK: 0 - CUDA_VISIBLE_DEVICES: [0]
[I 2023-11-30 05:45:29,918] Trial 22 finished with value: 73.50135040283203 and parameters: {'gradient_clip_val': 0.796098963505017, 'hidden_size': 53, 'dropout': 0.37252644183832556, 'hidden_continuous_size': 20, 'attention_head_size': 4, 'learning_rate': 0.013796066736873341}. Best is trial 16 with value: 49.07439041137695.
LOCAL_RANK: 0 - CUDA_VISIBLE_DEVICES: [0]
[I 2023-11-30 05:45:43,692] Trial 23 finished with value: 71.06057739257812 and parameters: {'gradient_clip_val': 0.6856450771702004, 'hidden_size': 72, 'dropout': 0.39786861799362566, 'hidden_continuous_size': 30, 'attention_head_size': 3, 'learning_rate': 0.009260765677494046}. Best is trial 16 with value: 49.07439041137695.
LOCAL_RANK: 0 - CUDA_VISIBLE_DEVICES: [0]
[I 2023-11-30 05:45:57,054] Trial 24 finished with value: 84.44860076904297 and parameters: {'gradient_clip_val': 0.5631500697714877, 'hidden_size': 49, 'dropout': 0.33404483459927864, 'hidden_continuous_size': 23, 'attention_head_size': 4, 'learning_rate': 0.01678243091089705}. Best is trial 16 with value: 49.07439041137695.
LOCAL_RANK: 0 - CUDA_VISIBLE_DEVICES: [0]
[I 2023-11-30 05:46:10,101] Trial 25 finished with value: 51.76091384887695 and parameters: {'gradient_clip_val': 0.8707651519983695, 'hidden_size': 33, 'dropout': 0.36393981315479657, 'hidden_continuous_size': 18, 'attention_head_size': 3, 'learning_rate': 0.010339541720058385}. Best is trial 16 with value: 49.07439041137695.
LOCAL_RANK: 0 - CUDA_VISIBLE_DEVICES: [0]
[I 2023-11-30 05:46:22,932] Trial 26 finished with value: 110.80792236328125 and parameters: {'gradient_clip_val': 0.8377367482231436, 'hidden_size': 29, 'dropout': 0.3207630547844081, 'hidden_continuous_size': 18, 'attention_head_size': 2, 'learning_rate': 0.007154668652143429}. Best is trial 16 with value: 49.07439041137695.
LOCAL_RANK: 0 - CUDA_VISIBLE_DEVICES: [0]
[I 2023-11-30 05:46:35,956] Trial 27 finished with value: 71.06967163085938 and parameters: {'gradient_clip_val': 0.36155499261366486, 'hidden_size': 34, 'dropout': 0.3607830512293517, 'hidden_continuous_size': 17, 'attention_head_size': 3, 'learning_rate': 0.021507719880931014}. Best is trial 16 with value: 49.07439041137695.
LOCAL_RANK: 0 - CUDA_VISIBLE_DEVICES: [0]
[I 2023-11-30 05:46:48,642] Trial 28 finished with value: 58.1336784362793 and parameters: {'gradient_clip_val': 0.5095058064716933, 'hidden_size': 25, 'dropout': 0.2889227803412916, 'hidden_continuous_size': 15, 'attention_head_size': 2, 'learning_rate': 0.027792368810036005}. Best is trial 16 with value: 49.07439041137695.
LOCAL_RANK: 0 - CUDA_VISIBLE_DEVICES: [0]
[I 2023-11-30 05:47:01,139] Trial 29 finished with value: 100.23077392578125 and parameters: {'gradient_clip_val': 0.6458097044404336, 'hidden_size': 25, 'dropout': 0.3284960779623127, 'hidden_continuous_size': 18, 'attention_head_size': 3, 'learning_rate': 0.005108421058223984}. Best is trial 16 with value: 49.07439041137695.
LOCAL_RANK: 0 - CUDA_VISIBLE_DEVICES: [0]
[I 2023-11-30 05:47:14,113] Trial 30 finished with value: 63.31999206542969 and parameters: {'gradient_clip_val': 0.31055014491057165, 'hidden_size': 35, 'dropout': 0.3814141150860364, 'hidden_continuous_size': 20, 'attention_head_size': 3, 'learning_rate': 0.015283237505388512}. Best is trial 16 with value: 49.07439041137695.
LOCAL_RANK: 0 - CUDA_VISIBLE_DEVICES: [0]
[I 2023-11-30 05:47:27,274] Trial 31 finished with value: 89.6073989868164 and parameters: {'gradient_clip_val': 0.9055377633295681, 'hidden_size': 43, 'dropout': 0.35691508895095725, 'hidden_continuous_size': 21, 'attention_head_size': 4, 'learning_rate': 0.010100197852672433}. Best is trial 16 with value: 49.07439041137695.
LOCAL_RANK: 0 - CUDA_VISIBLE_DEVICES: [0]
[I 2023-11-30 05:47:40,311] Trial 32 finished with value: 70.52676391601562 and parameters: {'gradient_clip_val': 0.7124226225410323, 'hidden_size': 36, 'dropout': 0.35597726830142656, 'hidden_continuous_size': 19, 'attention_head_size': 4, 'learning_rate': 0.010966998038945708}. Best is trial 16 with value: 49.07439041137695.
LOCAL_RANK: 0 - CUDA_VISIBLE_DEVICES: [0]
[I 2023-11-30 05:47:53,707] Trial 33 finished with value: 64.42784881591797 and parameters: {'gradient_clip_val': 0.8968665844355583, 'hidden_size': 45, 'dropout': 0.38529838602379657, 'hidden_continuous_size': 22, 'attention_head_size': 4, 'learning_rate': 0.005750299360563299}. Best is trial 16 with value: 49.07439041137695.
LOCAL_RANK: 0 - CUDA_VISIBLE_DEVICES: [0]
[I 2023-11-30 05:48:06,936] Trial 34 finished with value: 108.75609588623047 and parameters: {'gradient_clip_val': 0.761378047886644, 'hidden_size': 58, 'dropout': 0.367897435695955, 'hidden_continuous_size': 19, 'attention_head_size': 2, 'learning_rate': 0.007983396323792821}. Best is trial 16 with value: 49.07439041137695.
LOCAL_RANK: 0 - CUDA_VISIBLE_DEVICES: [0]
[I 2023-11-30 05:48:19,764] Trial 35 finished with value: 117.28897094726562 and parameters: {'gradient_clip_val': 0.6197469778445964, 'hidden_size': 33, 'dropout': 0.33195064888467657, 'hidden_continuous_size': 16, 'attention_head_size': 3, 'learning_rate': 0.003992476439877153}. Best is trial 16 with value: 49.07439041137695.
LOCAL_RANK: 0 - CUDA_VISIBLE_DEVICES: [0]
[I 2023-11-30 05:48:32,485] Trial 36 finished with value: 131.70558166503906 and parameters: {'gradient_clip_val': 0.9915892725478701, 'hidden_size': 27, 'dropout': 0.39917394787909916, 'hidden_continuous_size': 18, 'attention_head_size': 3, 'learning_rate': 0.0024087601724988084}. Best is trial 16 with value: 49.07439041137695.
LOCAL_RANK: 0 - CUDA_VISIBLE_DEVICES: [0]
[I 2023-11-30 05:48:46,103] Trial 37 finished with value: 78.02806854248047 and parameters: {'gradient_clip_val': 0.5267308375211822, 'hidden_size': 68, 'dropout': 0.35393807267353744, 'hidden_continuous_size': 23, 'attention_head_size': 4, 'learning_rate': 0.009395324262211636}. Best is trial 16 with value: 49.07439041137695.
LOCAL_RANK: 0 - CUDA_VISIBLE_DEVICES: [0]
[I 2023-11-30 05:48:59,401] Trial 38 finished with value: 91.0380630493164 and parameters: {'gradient_clip_val': 0.842445192185726, 'hidden_size': 47, 'dropout': 0.34722485896022287, 'hidden_continuous_size': 20, 'attention_head_size': 1, 'learning_rate': 0.01184019576165494}. Best is trial 16 with value: 49.07439041137695.
LOCAL_RANK: 0 - CUDA_VISIBLE_DEVICES: [0]
[I 2023-11-30 05:49:11,653] Trial 39 finished with value: 72.21476745605469 and parameters: {'gradient_clip_val': 0.6671741692281392, 'hidden_size': 16, 'dropout': 0.37886828127301864, 'hidden_continuous_size': 13, 'attention_head_size': 2, 'learning_rate': 0.01993725718835391}. Best is trial 16 with value: 49.07439041137695.
LOCAL_RANK: 0 - CUDA_VISIBLE_DEVICES: [0]
[I 2023-11-30 05:49:25,522] Trial 40 finished with value: 101.71199798583984 and parameters: {'gradient_clip_val': 0.555196440700489, 'hidden_size': 85, 'dropout': 0.38697062352608985, 'hidden_continuous_size': 28, 'attention_head_size': 3, 'learning_rate': 0.032450097085589207}. Best is trial 16 with value: 49.07439041137695.
LOCAL_RANK: 0 - CUDA_VISIBLE_DEVICES: [0]
[I 2023-11-30 05:49:38,040] Trial 41 finished with value: 59.4885139465332 and parameters: {'gradient_clip_val': 0.4858397244699237, 'hidden_size': 25, 'dropout': 0.2888933980671518, 'hidden_continuous_size': 15, 'attention_head_size': 2, 'learning_rate': 0.028131774607653533}. Best is trial 16 with value: 49.07439041137695.
LOCAL_RANK: 0 - CUDA_VISIBLE_DEVICES: [0]
[I 2023-11-30 05:49:50,607] Trial 42 finished with value: 73.96038818359375 and parameters: {'gradient_clip_val': 0.7335942737168404, 'hidden_size': 22, 'dropout': 0.3404928102967166, 'hidden_continuous_size': 16, 'attention_head_size': 2, 'learning_rate': 0.015371876493553113}. Best is trial 16 with value: 49.07439041137695.
LOCAL_RANK: 0 - CUDA_VISIBLE_DEVICES: [0]
[I 2023-11-30 05:50:03,442] Trial 43 finished with value: 67.05239868164062 and parameters: {'gradient_clip_val': 0.43837155515382353, 'hidden_size': 30, 'dropout': 0.36114595213100836, 'hidden_continuous_size': 16, 'attention_head_size': 2, 'learning_rate': 0.018671902743810503}. Best is trial 16 with value: 49.07439041137695.
LOCAL_RANK: 0 - CUDA_VISIBLE_DEVICES: [0]
[I 2023-11-30 05:50:16,306] Trial 44 finished with value: 74.96487426757812 and parameters: {'gradient_clip_val': 0.49246471390087576, 'hidden_size': 39, 'dropout': 0.3234482797106465, 'hidden_continuous_size': 15, 'attention_head_size': 2, 'learning_rate': 0.013083437175980562}. Best is trial 16 with value: 49.07439041137695.
LOCAL_RANK: 0 - CUDA_VISIBLE_DEVICES: [0]
[I 2023-11-30 05:50:29,076] Trial 45 finished with value: 92.39812469482422 and parameters: {'gradient_clip_val': 0.8727821778064603, 'hidden_size': 39, 'dropout': 0.2981300809487488, 'hidden_continuous_size': 14, 'attention_head_size': 1, 'learning_rate': 0.033362697148675416}. Best is trial 16 with value: 49.07439041137695.
LOCAL_RANK: 0 - CUDA_VISIBLE_DEVICES: [0]
[I 2023-11-30 05:50:41,604] Trial 46 finished with value: 60.31863021850586 and parameters: {'gradient_clip_val': 0.5897900781169141, 'hidden_size': 27, 'dropout': 0.38880978116503156, 'hidden_continuous_size': 15, 'attention_head_size': 2, 'learning_rate': 0.025494664497428685}. Best is trial 16 with value: 49.07439041137695.
LOCAL_RANK: 0 - CUDA_VISIBLE_DEVICES: [0]
[I 2023-11-30 05:50:53,947] Trial 47 finished with value: 67.2302017211914 and parameters: {'gradient_clip_val': 0.39064312465590045, 'hidden_size': 22, 'dropout': 0.27529571458037494, 'hidden_continuous_size': 13, 'attention_head_size': 3, 'learning_rate': 0.01825718763032381}. Best is trial 16 with value: 49.07439041137695.
LOCAL_RANK: 0 - CUDA_VISIBLE_DEVICES: [0]
