[I 2023-11-30 05:51:06,811] Trial 48 finished with value: 78.41016387939453 and parameters: {'gradient_clip_val': 0.7911391833387943, 'hidden_size': 32, 'dropout': 0.3520538443557153, 'hidden_continuous_size': 19, 'attention_head_size': 2, 'learning_rate': 0.04053293774649341}. Best is trial 16 with value: 49.07439041137695.
LOCAL_RANK: 0 - CUDA_VISIBLE_DEVICES: [0]
[I 2023-11-30 05:51:19,107] Trial 49 finished with value: 85.5658187866211 and parameters: {'gradient_clip_val': 0.6926444300349704, 'hidden_size': 16, 'dropout': 0.23182873592289716, 'hidden_continuous_size': 11, 'attention_head_size': 4, 'learning_rate': 0.013999251655406438}. Best is trial 16 with value: 49.07439041137695.
LOCAL_RANK: 0 - CUDA_VISIBLE_DEVICES: [0]
[I 2023-11-30 05:51:32,126] Trial 50 finished with value: 60.49702835083008 and parameters: {'gradient_clip_val': 0.9245827735362119, 'hidden_size': 41, 'dropout': 0.37974926563392947, 'hidden_continuous_size': 17, 'attention_head_size': 2, 'learning_rate': 0.008835969985926725}. Best is trial 16 with value: 49.07439041137695.
LOCAL_RANK: 0 - CUDA_VISIBLE_DEVICES: [0]
[I 2023-11-30 05:51:44,560] Trial 51 finished with value: 66.60037994384766 and parameters: {'gradient_clip_val': 0.476042453932365, 'hidden_size': 24, 'dropout': 0.2940955108581582, 'hidden_continuous_size': 15, 'attention_head_size': 2, 'learning_rate': 0.027142072065873914}. Best is trial 16 with value: 49.07439041137695.
LOCAL_RANK: 0 - CUDA_VISIBLE_DEVICES: [0]
[I 2023-11-30 05:51:57,032] Trial 52 finished with value: 74.54589080810547 and parameters: {'gradient_clip_val': 0.4746302396723356, 'hidden_size': 26, 'dropout': 0.34016332598664967, 'hidden_continuous_size': 15, 'attention_head_size': 2, 'learning_rate': 0.023058394266509886}. Best is trial 16 with value: 49.07439041137695.
LOCAL_RANK: 0 - CUDA_VISIBLE_DEVICES: [0]
[I 2023-11-30 05:52:09,723] Trial 53 finished with value: 67.9137954711914 and parameters: {'gradient_clip_val': 0.5053071955132414, 'hidden_size': 29, 'dropout': 0.31382447260313, 'hidden_continuous_size': 16, 'attention_head_size': 1, 'learning_rate': 0.010418423816133747}. Best is trial 16 with value: 49.07439041137695.
LOCAL_RANK: 0 - CUDA_VISIBLE_DEVICES: [0]
[I 2023-11-30 05:52:21,773] Trial 54 finished with value: 101.3265151977539 and parameters: {'gradient_clip_val': 0.35393182430367526, 'hidden_size': 24, 'dropout': 0.28573559367418966, 'hidden_continuous_size': 14, 'attention_head_size': 2, 'learning_rate': 0.05625086249290366}. Best is trial 16 with value: 49.07439041137695.
LOCAL_RANK: 0 - CUDA_VISIBLE_DEVICES: [0]
[I 2023-11-30 05:52:34,515] Trial 55 finished with value: 53.7253303527832 and parameters: {'gradient_clip_val': 0.4381932464890117, 'hidden_size': 36, 'dropout': 0.3654535712163768, 'hidden_continuous_size': 12, 'attention_head_size': 2, 'learning_rate': 0.01633938969398312}. Best is trial 16 with value: 49.07439041137695.
LOCAL_RANK: 0 - CUDA_VISIBLE_DEVICES: [0]
[I 2023-11-30 05:52:47,484] Trial 56 finished with value: 53.93118667602539 and parameters: {'gradient_clip_val': 0.42483731127721236, 'hidden_size': 37, 'dropout': 0.3663097952394615, 'hidden_continuous_size': 12, 'attention_head_size': 4, 'learning_rate': 0.016923842531199343}. Best is trial 16 with value: 49.07439041137695.
LOCAL_RANK: 0 - CUDA_VISIBLE_DEVICES: [0]
[I 2023-11-30 05:53:00,173] Trial 57 finished with value: 63.782955169677734 and parameters: {'gradient_clip_val': 0.27108733532400214, 'hidden_size': 36, 'dropout': 0.36799639732562733, 'hidden_continuous_size': 12, 'attention_head_size': 4, 'learning_rate': 0.012456479942668632}. Best is trial 16 with value: 49.07439041137695.
LOCAL_RANK: 0 - CUDA_VISIBLE_DEVICES: [0]
[I 2023-11-30 05:53:13,488] Trial 58 finished with value: 57.87873458862305 and parameters: {'gradient_clip_val': 0.4262966529501968, 'hidden_size': 45, 'dropout': 0.3909047429197835, 'hidden_continuous_size': 11, 'attention_head_size': 4, 'learning_rate': 0.015225794081012923}. Best is trial 16 with value: 49.07439041137695.
LOCAL_RANK: 0 - CUDA_VISIBLE_DEVICES: [0]
[I 2023-11-30 05:53:26,019] Trial 59 finished with value: 70.68830108642578 and parameters: {'gradient_clip_val': 0.8008932239771491, 'hidden_size': 32, 'dropout': 0.3649583430540508, 'hidden_continuous_size': 12, 'attention_head_size': 4, 'learning_rate': 0.017746679165882212}. Best is trial 16 with value: 49.07439041137695.
LOCAL_RANK: 0 - CUDA_VISIBLE_DEVICES: [0]
[I 2023-11-30 05:53:39,037] Trial 60 finished with value: 76.44335174560547 and parameters: {'gradient_clip_val': 0.38408258194593936, 'hidden_size': 39, 'dropout': 0.3759392496600353, 'hidden_continuous_size': 10, 'attention_head_size': 4, 'learning_rate': 0.011328456488600239}. Best is trial 16 with value: 49.07439041137695.
LOCAL_RANK: 0 - CUDA_VISIBLE_DEVICES: [0]
[I 2023-11-30 05:53:52,074] Trial 61 finished with value: 58.14561462402344 and parameters: {'gradient_clip_val': 0.4400107357182342, 'hidden_size': 45, 'dropout': 0.39416203599213606, 'hidden_continuous_size': 11, 'attention_head_size': 4, 'learning_rate': 0.016126509508627127}. Best is trial 16 with value: 49.07439041137695.
LOCAL_RANK: 0 - CUDA_VISIBLE_DEVICES: [0]
[I 2023-11-30 05:54:05,005] Trial 62 finished with value: 59.132904052734375 and parameters: {'gradient_clip_val': 0.341544405138249, 'hidden_size': 48, 'dropout': 0.3995585366441663, 'hidden_continuous_size': 11, 'attention_head_size': 4, 'learning_rate': 0.014216980952274322}. Best is trial 16 with value: 49.07439041137695.
LOCAL_RANK: 0 - CUDA_VISIBLE_DEVICES: [0]
[I 2023-11-30 05:54:18,402] Trial 63 finished with value: 86.46419525146484 and parameters: {'gradient_clip_val': 0.4381825702568028, 'hidden_size': 52, 'dropout': 0.38679175368628393, 'hidden_continuous_size': 13, 'attention_head_size': 4, 'learning_rate': 0.020833934490488707}. Best is trial 16 with value: 49.07439041137695.
LOCAL_RANK: 0 - CUDA_VISIBLE_DEVICES: [0]
[I 2023-11-30 05:54:31,391] Trial 64 finished with value: 58.155521392822266 and parameters: {'gradient_clip_val': 0.4200745846045999, 'hidden_size': 43, 'dropout': 0.3733188125353305, 'hidden_continuous_size': 12, 'attention_head_size': 4, 'learning_rate': 0.008090974651884178}. Best is trial 16 with value: 49.07439041137695.
LOCAL_RANK: 0 - CUDA_VISIBLE_DEVICES: [0]
[I 2023-11-30 05:54:44,335] Trial 65 finished with value: 94.5416488647461 and parameters: {'gradient_clip_val': 0.37949861098988225, 'hidden_size': 34, 'dropout': 0.34945067233612054, 'hidden_continuous_size': 11, 'attention_head_size': 4, 'learning_rate': 0.007075797340602574}. Best is trial 16 with value: 49.07439041137695.
LOCAL_RANK: 0 - CUDA_VISIBLE_DEVICES: [0]
[I 2023-11-30 05:54:57,659] Trial 66 finished with value: 53.97697830200195 and parameters: {'gradient_clip_val': 0.9401475159995424, 'hidden_size': 58, 'dropout': 0.36130425506849995, 'hidden_continuous_size': 10, 'attention_head_size': 4, 'learning_rate': 0.010450497212461109}. Best is trial 16 with value: 49.07439041137695.
LOCAL_RANK: 0 - CUDA_VISIBLE_DEVICES: [0]
[I 2023-11-30 05:55:10,551] Trial 67 finished with value: 62.312225341796875 and parameters: {'gradient_clip_val': 0.9576113065694456, 'hidden_size': 37, 'dropout': 0.36489595179884615, 'hidden_continuous_size': 10, 'attention_head_size': 3, 'learning_rate': 0.010235467739468294}. Best is trial 16 with value: 49.07439041137695.
LOCAL_RANK: 0 - CUDA_VISIBLE_DEVICES: [0]
[I 2023-11-30 05:55:24,226] Trial 68 finished with value: 68.46861267089844 and parameters: {'gradient_clip_val': 0.9300694510387064, 'hidden_size': 58, 'dropout': 0.3576649755444399, 'hidden_continuous_size': 25, 'attention_head_size': 4, 'learning_rate': 0.012603450050749018}. Best is trial 16 with value: 49.07439041137695.
LOCAL_RANK: 0 - CUDA_VISIBLE_DEVICES: [0]
[I 2023-11-30 05:55:37,325] Trial 69 finished with value: 75.70941162109375 and parameters: {'gradient_clip_val': 0.8631097419794418, 'hidden_size': 52, 'dropout': 0.3807144280310391, 'hidden_continuous_size': 21, 'attention_head_size': 4, 'learning_rate': 0.00903206603322178}. Best is trial 16 with value: 49.07439041137695.
LOCAL_RANK: 0 - CUDA_VISIBLE_DEVICES: [0]
[I 2023-11-30 05:55:50,903] Trial 70 finished with value: 52.80167007446289 and parameters: {'gradient_clip_val': 0.9785961349341423, 'hidden_size': 62, 'dropout': 0.33541920082027843, 'hidden_continuous_size': 23, 'attention_head_size': 3, 'learning_rate': 0.006300728939116992}. Best is trial 16 with value: 49.07439041137695.
LOCAL_RANK: 0 - CUDA_VISIBLE_DEVICES: [0]
[I 2023-11-30 05:56:04,522] Trial 71 finished with value: 83.5868148803711 and parameters: {'gradient_clip_val': 0.9749371085174773, 'hidden_size': 59, 'dropout': 0.3367476572022456, 'hidden_continuous_size': 23, 'attention_head_size': 3, 'learning_rate': 0.010300057527959216}. Best is trial 16 with value: 49.07439041137695.
LOCAL_RANK: 0 - CUDA_VISIBLE_DEVICES: [0]
[I 2023-11-30 05:56:18,185] Trial 72 finished with value: 59.7346305847168 and parameters: {'gradient_clip_val': 0.8464740554553177, 'hidden_size': 68, 'dropout': 0.3475968687575089, 'hidden_continuous_size': 24, 'attention_head_size': 3, 'learning_rate': 0.006263216409417094}. Best is trial 16 with value: 49.07439041137695.
LOCAL_RANK: 0 - CUDA_VISIBLE_DEVICES: [0]
[I 2023-11-30 05:56:31,871] Trial 73 finished with value: 61.78993606567383 and parameters: {'gradient_clip_val': 0.9176333912294884, 'hidden_size': 62, 'dropout': 0.3740327273440802, 'hidden_continuous_size': 27, 'attention_head_size': 3, 'learning_rate': 0.007393556862616849}. Best is trial 16 with value: 49.07439041137695.
LOCAL_RANK: 0 - CUDA_VISIBLE_DEVICES: [0]
[I 2023-11-30 05:56:45,174] Trial 74 finished with value: 91.9796142578125 and parameters: {'gradient_clip_val': 0.7353994791556749, 'hidden_size': 49, 'dropout': 0.3639490892839114, 'hidden_continuous_size': 21, 'attention_head_size': 4, 'learning_rate': 0.006059105195759711}. Best is trial 16 with value: 49.07439041137695.
LOCAL_RANK: 0 - CUDA_VISIBLE_DEVICES: [0]
[I 2023-11-30 05:56:58,566] Trial 75 finished with value: 58.8951416015625 and parameters: {'gradient_clip_val': 0.9927034596217318, 'hidden_size': 55, 'dropout': 0.38365327536408017, 'hidden_continuous_size': 22, 'attention_head_size': 3, 'learning_rate': 0.01166200630998831}. Best is trial 16 with value: 49.07439041137695.
LOCAL_RANK: 0 - CUDA_VISIBLE_DEVICES: [0]
[I 2023-11-30 05:57:11,664] Trial 76 finished with value: 72.7156753540039 and parameters: {'gradient_clip_val': 0.813940648520697, 'hidden_size': 35, 'dropout': 0.344322764680444, 'hidden_continuous_size': 24, 'attention_head_size': 4, 'learning_rate': 0.009009162704087602}. Best is trial 16 with value: 49.07439041137695.
LOCAL_RANK: 0 - CUDA_VISIBLE_DEVICES: [0]
[I 2023-11-30 05:57:24,532] Trial 77 finished with value: 118.18594360351562 and parameters: {'gradient_clip_val': 0.7594172124631674, 'hidden_size': 29, 'dropout': 0.35641351321557885, 'hidden_continuous_size': 18, 'attention_head_size': 3, 'learning_rate': 0.005406428910360674}. Best is trial 16 with value: 49.07439041137695.
LOCAL_RANK: 0 - CUDA_VISIBLE_DEVICES: [0]
[I 2023-11-30 05:57:37,801] Trial 78 finished with value: 72.40872192382812 and parameters: {'gradient_clip_val': 0.8901853539217516, 'hidden_size': 41, 'dropout': 0.390751551141343, 'hidden_continuous_size': 10, 'attention_head_size': 4, 'learning_rate': 0.01330415361644012}. Best is trial 16 with value: 49.07439041137695.
LOCAL_RANK: 0 - CUDA_VISIBLE_DEVICES: [0]
[I 2023-11-30 05:57:51,655] Trial 79 finished with value: 75.50373077392578 and parameters: {'gradient_clip_val': 0.7022219836200796, 'hidden_size': 81, 'dropout': 0.3272876221667852, 'hidden_continuous_size': 30, 'attention_head_size': 4, 'learning_rate': 0.01686048895988704}. Best is trial 16 with value: 49.07439041137695.
LOCAL_RANK: 0 - CUDA_VISIBLE_DEVICES: [0]
[I 2023-11-30 05:58:04,349] Trial 80 finished with value: 72.33096313476562 and parameters: {'gradient_clip_val': 0.8123503768195395, 'hidden_size': 32, 'dropout': 0.3695857469382707, 'hidden_continuous_size': 13, 'attention_head_size': 3, 'learning_rate': 0.019956818795817417}. Best is trial 16 with value: 49.07439041137695.
LOCAL_RANK: 0 - CUDA_VISIBLE_DEVICES: [0]
[I 2023-11-30 05:58:17,503] Trial 81 finished with value: 54.05717849731445 and parameters: {'gradient_clip_val': 0.9987516537017237, 'hidden_size': 45, 'dropout': 0.3906570604350541, 'hidden_continuous_size': 20, 'attention_head_size': 4, 'learning_rate': 0.01676743048912373}. Best is trial 16 with value: 49.07439041137695.
LOCAL_RANK: 0 - CUDA_VISIBLE_DEVICES: [0]
[I 2023-11-30 05:58:30,983] Trial 82 finished with value: 54.422515869140625 and parameters: {'gradient_clip_val': 0.9255571801881868, 'hidden_size': 64, 'dropout': 0.37849605983680534, 'hidden_continuous_size': 20, 'attention_head_size': 4, 'learning_rate': 0.011302358360518423}. Best is trial 16 with value: 49.07439041137695.
LOCAL_RANK: 0 - CUDA_VISIBLE_DEVICES: [0]
[I 2023-11-30 05:58:44,851] Trial 83 finished with value: 62.95402908325195 and parameters: {'gradient_clip_val': 0.9010086152100922, 'hidden_size': 66, 'dropout': 0.39291665548863414, 'hidden_continuous_size': 19, 'attention_head_size': 4, 'learning_rate': 0.015515144182392462}. Best is trial 16 with value: 49.07439041137695.
LOCAL_RANK: 0 - CUDA_VISIBLE_DEVICES: [0]
[I 2023-11-30 05:58:58,791] Trial 84 finished with value: 103.0040283203125 and parameters: {'gradient_clip_val': 0.9583438496899411, 'hidden_size': 75, 'dropout': 0.3809007687075551, 'hidden_continuous_size': 20, 'attention_head_size': 4, 'learning_rate': 0.011652461573110543}. Best is trial 16 with value: 49.07439041137695.
LOCAL_RANK: 0 - CUDA_VISIBLE_DEVICES: [0]
[I 2023-11-30 05:59:11,670] Trial 85 finished with value: 76.72538757324219 and parameters: {'gradient_clip_val': 0.839960883647961, 'hidden_size': 31, 'dropout': 0.3746395243404121, 'hidden_continuous_size': 17, 'attention_head_size': 4, 'learning_rate': 0.022458451007427476}. Best is trial 16 with value: 49.07439041137695.
LOCAL_RANK: 0 - CUDA_VISIBLE_DEVICES: [0]
[I 2023-11-30 05:59:25,110] Trial 86 finished with value: 71.62542724609375 and parameters: {'gradient_clip_val': 0.7668349557397662, 'hidden_size': 64, 'dropout': 0.39851473330161113, 'hidden_continuous_size': 21, 'attention_head_size': 4, 'learning_rate': 0.013739576458485473}. Best is trial 16 with value: 49.07439041137695.
LOCAL_RANK: 0 - CUDA_VISIBLE_DEVICES: [0]
[I 2023-11-30 05:59:38,361] Trial 87 finished with value: 99.05219268798828 and parameters: {'gradient_clip_val': 0.8663067358424705, 'hidden_size': 54, 'dropout': 0.3598993676766354, 'hidden_continuous_size': 22, 'attention_head_size': 2, 'learning_rate': 0.018439469643062548}. Best is trial 16 with value: 49.07439041137695.
LOCAL_RANK: 0 - CUDA_VISIBLE_DEVICES: [0]
[I 2023-11-30 05:59:51,895] Trial 88 finished with value: 58.44282150268555 and parameters: {'gradient_clip_val': 0.9447748814006172, 'hidden_size': 49, 'dropout': 0.38408577950424866, 'hidden_continuous_size': 25, 'attention_head_size': 4, 'learning_rate': 0.008353381718007083}. Best is trial 16 with value: 49.07439041137695.
LOCAL_RANK: 0 - CUDA_VISIBLE_DEVICES: [0]
[I 2023-11-30 06:00:05,557] Trial 89 finished with value: 55.481048583984375 and parameters: {'gradient_clip_val': 0.9167792346572, 'hidden_size': 61, 'dropout': 0.3522069723269762, 'hidden_continuous_size': 23, 'attention_head_size': 4, 'learning_rate': 0.00969843111942754}. Best is trial 16 with value: 49.07439041137695.
LOCAL_RANK: 0 - CUDA_VISIBLE_DEVICES: [0]
[I 2023-11-30 06:00:18,713] Trial 90 finished with value: 83.72661590576172 and parameters: {'gradient_clip_val': 0.9999025865551955, 'hidden_size': 42, 'dropout': 0.37006923555824167, 'hidden_continuous_size': 20, 'attention_head_size': 2, 'learning_rate': 0.01703332948676183}. Best is trial 16 with value: 49.07439041137695.
LOCAL_RANK: 0 - CUDA_VISIBLE_DEVICES: [0]
[I 2023-11-30 06:00:31,990] Trial 91 finished with value: 78.58960723876953 and parameters: {'gradient_clip_val': 0.8668099012799085, 'hidden_size': 54, 'dropout': 0.3779017131158001, 'hidden_continuous_size': 18, 'attention_head_size': 4, 'learning_rate': 0.007036814542510932}. Best is trial 16 with value: 49.07439041137695.
LOCAL_RANK: 0 - CUDA_VISIBLE_DEVICES: [0]
[I 2023-11-30 06:00:45,132] Trial 92 finished with value: 68.8787841796875 and parameters: {'gradient_clip_val': 0.6337896583597515, 'hidden_size': 37, 'dropout': 0.38929147384723384, 'hidden_continuous_size': 20, 'attention_head_size': 4, 'learning_rate': 0.011198534492459186}. Best is trial 16 with value: 49.07439041137695.
LOCAL_RANK: 0 - CUDA_VISIBLE_DEVICES: [0]
[I 2023-11-30 06:00:58,720] Trial 93 finished with value: 80.55673217773438 and parameters: {'gradient_clip_val': 0.9409284824765669, 'hidden_size': 58, 'dropout': 0.3646631162008203, 'hidden_continuous_size': 19, 'attention_head_size': 4, 'learning_rate': 0.014840879685947566}. Best is trial 16 with value: 49.07439041137695.
LOCAL_RANK: 0 - CUDA_VISIBLE_DEVICES: [0]
[I 2023-11-30 06:01:12,104] Trial 94 finished with value: 49.3624382019043 and parameters: {'gradient_clip_val': 0.7900973667795357, 'hidden_size': 47, 'dropout': 0.3423154998913524, 'hidden_continuous_size': 22, 'attention_head_size': 4, 'learning_rate': 0.01267491300736146}. Best is trial 16 with value: 49.07439041137695.
LOCAL_RANK: 0 - CUDA_VISIBLE_DEVICES: [0]
[I 2023-11-30 06:01:25,246] Trial 95 finished with value: 52.90372085571289 and parameters: {'gradient_clip_val': 0.7904812241223236, 'hidden_size': 39, 'dropout': 0.3434299311957117, 'hidden_continuous_size': 22, 'attention_head_size': 4, 'learning_rate': 0.012753981040911506}. Best is trial 16 with value: 49.07439041137695.
LOCAL_RANK: 0 - CUDA_VISIBLE_DEVICES: [0]
[I 2023-11-30 06:01:38,330] Trial 96 finished with value: 70.83088684082031 and parameters: {'gradient_clip_val': 0.7842635020494328, 'hidden_size': 34, 'dropout': 0.3360053668142167, 'hidden_continuous_size': 22, 'attention_head_size': 4, 'learning_rate': 0.013022231646843263}. Best is trial 16 with value: 49.07439041137695.
LOCAL_RANK: 0 - CUDA_VISIBLE_DEVICES: [0]
[I 2023-11-30 06:01:51,521] Trial 97 finished with value: 63.927547454833984 and parameters: {'gradient_clip_val': 0.7224221016475395, 'hidden_size': 46, 'dropout': 0.3407902998480351, 'hidden_continuous_size': 14, 'attention_head_size': 4, 'learning_rate': 0.014195483338674765}. Best is trial 16 with value: 49.07439041137695.
LOCAL_RANK: 0 - CUDA_VISIBLE_DEVICES: [0]
[I 2023-11-30 06:02:04,666] Trial 98 finished with value: 71.88416290283203 and parameters: {'gradient_clip_val': 0.6618378101795027, 'hidden_size': 39, 'dropout': 0.3512816093871266, 'hidden_continuous_size': 24, 'attention_head_size': 3, 'learning_rate': 0.016380403618667744}. Best is trial 16 with value: 49.07439041137695.
LOCAL_RANK: 0 - CUDA_VISIBLE_DEVICES: [0]
[I 2023-11-30 06:02:17,644] Trial 99 finished with value: 69.70580291748047 and parameters: {'gradient_clip_val': 0.804024173080149, 'hidden_size': 36, 'dropout': 0.3313013336574885, 'hidden_continuous_size': 21, 'attention_head_size': 2, 'learning_rate': 0.009756865002893156}. Best is trial 16 with value: 49.07439041137695.
LOCAL_RANK: 0 - CUDA_VISIBLE_DEVICES: [0]
[I 2023-11-30 06:02:30,759] Trial 100 finished with value: 67.37732696533203 and parameters: {'gradient_clip_val': 0.6720849607025946, 'hidden_size': 44, 'dropout': 0.3457777829874393, 'hidden_continuous_size': 26, 'attention_head_size': 4, 'learning_rate': 0.020350461827214634}. Best is trial 16 with value: 49.07439041137695.
LOCAL_RANK: 0 - CUDA_VISIBLE_DEVICES: [0]
[I 2023-11-30 06:02:44,098] Trial 101 finished with value: 56.39305114746094 and parameters: {'gradient_clip_val': 0.8288428853621788, 'hidden_size': 51, 'dropout': 0.3624375169837012, 'hidden_continuous_size': 21, 'attention_head_size': 4, 'learning_rate': 0.012348254794125504}. Best is trial 16 with value: 49.07439041137695.
LOCAL_RANK: 0 - CUDA_VISIBLE_DEVICES: [0]
[I 2023-11-30 06:02:57,312] Trial 102 finished with value: 58.70859146118164 and parameters: {'gradient_clip_val': 0.8853782568392196, 'hidden_size': 47, 'dropout': 0.3726984099496292, 'hidden_continuous_size': 23, 'attention_head_size': 4, 'learning_rate': 0.010777821359333807}. Best is trial 16 with value: 49.07439041137695.
LOCAL_RANK: 0 - CUDA_VISIBLE_DEVICES: [0]
[I 2023-11-30 06:03:10,471] Trial 103 finished with value: 54.113704681396484 and parameters: {'gradient_clip_val': 0.7595332891710397, 'hidden_size': 40, 'dropout': 0.3944339844501541, 'hidden_continuous_size': 22, 'attention_head_size': 4, 'learning_rate': 0.007822485316096854}. Best is trial 16 with value: 49.07439041137695.
LOCAL_RANK: 0 - CUDA_VISIBLE_DEVICES: [0]
[I 2023-11-30 06:03:23,553] Trial 104 finished with value: 60.01602554321289 and parameters: {'gradient_clip_val': 0.7630228325659182, 'hidden_size': 39, 'dropout': 0.3935119953890953, 'hidden_continuous_size': 22, 'attention_head_size': 4, 'learning_rate': 0.008090683869387908}. Best is trial 16 with value: 49.07439041137695.
LOCAL_RANK: 0 - CUDA_VISIBLE_DEVICES: [0]
[I 2023-11-30 06:03:36,821] Trial 105 finished with value: 56.759517669677734 and parameters: {'gradient_clip_val': 0.7026748271510916, 'hidden_size': 42, 'dropout': 0.38642843976253005, 'hidden_continuous_size': 23, 'attention_head_size': 4, 'learning_rate': 0.008657892824498045}. Best is trial 16 with value: 49.07439041137695.
LOCAL_RANK: 0 - CUDA_VISIBLE_DEVICES: [0]
[I 2023-11-30 06:03:49,590] Trial 106 finished with value: 73.66262817382812 and parameters: {'gradient_clip_val': 0.5383929941932232, 'hidden_size': 34, 'dropout': 0.35909231692328336, 'hidden_continuous_size': 12, 'attention_head_size': 2, 'learning_rate': 0.007648955494224042}. Best is trial 16 with value: 49.07439041137695.
LOCAL_RANK: 0 - CUDA_VISIBLE_DEVICES: [0]
