[I 2023-11-29 23:04:03,418] Trial 56 finished with value: 0.4586160480976105 and parameters: {'gradient_clip_val': 0.7119975234413886, 'hidden_size': 44, 'dropout': 0.23039929199164663, 'hidden_continuous_size': 15, 'attention_head_size': 4, 'learning_rate': 0.042656695028237844}. Best is trial 50 with value: 0.27722659707069397.
LOCAL_RANK: 0 - CUDA_VISIBLE_DEVICES: [0]
[I 2023-11-29 23:04:16,836] Trial 57 finished with value: 0.4988187849521637 and parameters: {'gradient_clip_val': 0.7942378366163303, 'hidden_size': 52, 'dropout': 0.19255160460178367, 'hidden_continuous_size': 24, 'attention_head_size': 3, 'learning_rate': 0.06495008494478374}. Best is trial 50 with value: 0.27722659707069397.
LOCAL_RANK: 0 - CUDA_VISIBLE_DEVICES: [0]
[I 2023-11-29 23:04:30,133] Trial 58 finished with value: 0.32498571276664734 and parameters: {'gradient_clip_val': 0.4433660791653503, 'hidden_size': 35, 'dropout': 0.23942308584141025, 'hidden_continuous_size': 20, 'attention_head_size': 3, 'learning_rate': 0.08391201210373536}. Best is trial 50 with value: 0.27722659707069397.
LOCAL_RANK: 0 - CUDA_VISIBLE_DEVICES: [0]
[I 2023-11-29 23:04:43,653] Trial 59 finished with value: 0.5606510639190674 and parameters: {'gradient_clip_val': 0.5107426072677367, 'hidden_size': 61, 'dropout': 0.27417846654292594, 'hidden_continuous_size': 22, 'attention_head_size': 3, 'learning_rate': 0.045381488114831954}. Best is trial 50 with value: 0.27722659707069397.
LOCAL_RANK: 0 - CUDA_VISIBLE_DEVICES: [0]
[I 2023-11-29 23:04:56,815] Trial 60 finished with value: 0.30196020007133484 and parameters: {'gradient_clip_val': 0.607132680713848, 'hidden_size': 38, 'dropout': 0.3043552554550283, 'hidden_continuous_size': 20, 'attention_head_size': 3, 'learning_rate': 0.08254783379593766}. Best is trial 50 with value: 0.27722659707069397.
LOCAL_RANK: 0 - CUDA_VISIBLE_DEVICES: [0]
[I 2023-11-29 23:05:09,679] Trial 61 finished with value: 0.4972236454486847 and parameters: {'gradient_clip_val': 0.6083958086251663, 'hidden_size': 36, 'dropout': 0.3177592418665103, 'hidden_continuous_size': 20, 'attention_head_size': 3, 'learning_rate': 0.08197990584399817}. Best is trial 50 with value: 0.27722659707069397.
LOCAL_RANK: 0 - CUDA_VISIBLE_DEVICES: [0]
[I 2023-11-29 23:05:22,921] Trial 62 finished with value: 0.3225495517253876 and parameters: {'gradient_clip_val': 0.5492569199464964, 'hidden_size': 46, 'dropout': 0.24975111128667088, 'hidden_continuous_size': 20, 'attention_head_size': 3, 'learning_rate': 0.06679030553065325}. Best is trial 50 with value: 0.27722659707069397.
LOCAL_RANK: 0 - CUDA_VISIBLE_DEVICES: [0]
[I 2023-11-29 23:05:36,328] Trial 63 finished with value: 0.4674466550350189 and parameters: {'gradient_clip_val': 0.5281971396613021, 'hidden_size': 41, 'dropout': 0.25183633143700873, 'hidden_continuous_size': 21, 'attention_head_size': 3, 'learning_rate': 0.0673470965331971}. Best is trial 50 with value: 0.27722659707069397.
LOCAL_RANK: 0 - CUDA_VISIBLE_DEVICES: [0]
[I 2023-11-29 23:05:49,527] Trial 64 finished with value: 0.6338412165641785 and parameters: {'gradient_clip_val': 0.6338789728232523, 'hidden_size': 47, 'dropout': 0.30122846854460844, 'hidden_continuous_size': 18, 'attention_head_size': 3, 'learning_rate': 0.053573516179349814}. Best is trial 50 with value: 0.27722659707069397.
LOCAL_RANK: 0 - CUDA_VISIBLE_DEVICES: [0]
[I 2023-11-29 23:06:03,018] Trial 65 finished with value: 0.2978595197200775 and parameters: {'gradient_clip_val': 0.6941669079410078, 'hidden_size': 53, 'dropout': 0.21535416815812963, 'hidden_continuous_size': 25, 'attention_head_size': 4, 'learning_rate': 0.05933850894778753}. Best is trial 50 with value: 0.27722659707069397.
LOCAL_RANK: 0 - CUDA_VISIBLE_DEVICES: [0]
[I 2023-11-29 23:06:16,794] Trial 66 finished with value: 0.5049218535423279 and parameters: {'gradient_clip_val': 0.8373821856368442, 'hidden_size': 69, 'dropout': 0.22215961141249768, 'hidden_continuous_size': 26, 'attention_head_size': 4, 'learning_rate': 0.03753098070151431}. Best is trial 50 with value: 0.27722659707069397.
LOCAL_RANK: 0 - CUDA_VISIBLE_DEVICES: [0]
[I 2023-11-29 23:06:30,144] Trial 67 finished with value: 0.45249176025390625 and parameters: {'gradient_clip_val': 0.7185464434088258, 'hidden_size': 52, 'dropout': 0.21238010421856385, 'hidden_continuous_size': 23, 'attention_head_size': 4, 'learning_rate': 0.04965230344896302}. Best is trial 50 with value: 0.27722659707069397.
LOCAL_RANK: 0 - CUDA_VISIBLE_DEVICES: [0]
[I 2023-11-29 23:06:43,712] Trial 68 finished with value: 0.33034026622772217 and parameters: {'gradient_clip_val': 0.6778576708640937, 'hidden_size': 57, 'dropout': 0.3476455989297189, 'hidden_continuous_size': 27, 'attention_head_size': 4, 'learning_rate': 0.08621591161043841}. Best is trial 50 with value: 0.27722659707069397.
LOCAL_RANK: 0 - CUDA_VISIBLE_DEVICES: [0]
[I 2023-11-29 23:06:57,474] Trial 69 finished with value: 0.8263104557991028 and parameters: {'gradient_clip_val': 0.5893030837140643, 'hidden_size': 76, 'dropout': 0.2358211108338652, 'hidden_continuous_size': 17, 'attention_head_size': 4, 'learning_rate': 0.06094550821188096}. Best is trial 50 with value: 0.27722659707069397.
LOCAL_RANK: 0 - CUDA_VISIBLE_DEVICES: [0]
[I 2023-11-29 23:07:10,510] Trial 70 finished with value: 0.5446633696556091 and parameters: {'gradient_clip_val': 0.481441244866968, 'hidden_size': 40, 'dropout': 0.20682732024169773, 'hidden_continuous_size': 19, 'attention_head_size': 4, 'learning_rate': 0.07218140545054998}. Best is trial 50 with value: 0.27722659707069397.
LOCAL_RANK: 0 - CUDA_VISIBLE_DEVICES: [0]
[I 2023-11-29 23:07:23,668] Trial 71 finished with value: 0.4136214554309845 and parameters: {'gradient_clip_val': 0.5480375241178385, 'hidden_size': 46, 'dropout': 0.21877320490389196, 'hidden_continuous_size': 22, 'attention_head_size': 3, 'learning_rate': 0.06683000955955247}. Best is trial 50 with value: 0.27722659707069397.
LOCAL_RANK: 0 - CUDA_VISIBLE_DEVICES: [0]
[I 2023-11-29 23:07:36,857] Trial 72 finished with value: 0.7103433609008789 and parameters: {'gradient_clip_val': 0.6120774460653321, 'hidden_size': 48, 'dropout': 0.25833014394484294, 'hidden_continuous_size': 20, 'attention_head_size': 3, 'learning_rate': 0.057894654848272324}. Best is trial 50 with value: 0.27722659707069397.
LOCAL_RANK: 0 - CUDA_VISIBLE_DEVICES: [0]
[I 2023-11-29 23:07:50,029] Trial 73 finished with value: 0.506910502910614 and parameters: {'gradient_clip_val': 0.6470090454397256, 'hidden_size': 43, 'dropout': 0.24539004028484115, 'hidden_continuous_size': 19, 'attention_head_size': 3, 'learning_rate': 0.08943608691785045}. Best is trial 50 with value: 0.27722659707069397.
LOCAL_RANK: 0 - CUDA_VISIBLE_DEVICES: [0]
[I 2023-11-29 23:08:03,051] Trial 74 finished with value: 0.6630497574806213 and parameters: {'gradient_clip_val': 0.5557099974009323, 'hidden_size': 52, 'dropout': 0.2304265081557313, 'hidden_continuous_size': 24, 'attention_head_size': 2, 'learning_rate': 0.04800798564292998}. Best is trial 50 with value: 0.27722659707069397.
LOCAL_RANK: 0 - CUDA_VISIBLE_DEVICES: [0]
[I 2023-11-29 23:08:16,259] Trial 75 finished with value: 0.6778853535652161 and parameters: {'gradient_clip_val': 0.49055654344410937, 'hidden_size': 39, 'dropout': 0.17807006210348442, 'hidden_continuous_size': 21, 'attention_head_size': 3, 'learning_rate': 0.07039583610055533}. Best is trial 50 with value: 0.27722659707069397.
LOCAL_RANK: 0 - CUDA_VISIBLE_DEVICES: [0]
[I 2023-11-29 23:08:29,056] Trial 76 finished with value: 0.39080801606178284 and parameters: {'gradient_clip_val': 0.688755268502124, 'hidden_size': 48, 'dropout': 0.24996430707003053, 'hidden_continuous_size': 18, 'attention_head_size': 3, 'learning_rate': 0.08863177953858982}. Best is trial 50 with value: 0.27722659707069397.
LOCAL_RANK: 0 - CUDA_VISIBLE_DEVICES: [0]
[I 2023-11-29 23:08:42,163] Trial 77 finished with value: 0.32673487067222595 and parameters: {'gradient_clip_val': 0.5888830402346874, 'hidden_size': 37, 'dropout': 0.16393981158567095, 'hidden_continuous_size': 20, 'attention_head_size': 2, 'learning_rate': 0.05837873270025565}. Best is trial 50 with value: 0.27722659707069397.
LOCAL_RANK: 0 - CUDA_VISIBLE_DEVICES: [0]
[I 2023-11-29 23:08:55,067] Trial 78 finished with value: 0.5901731848716736 and parameters: {'gradient_clip_val': 0.5356316182380572, 'hidden_size': 30, 'dropout': 0.20023624421263725, 'hidden_continuous_size': 19, 'attention_head_size': 2, 'learning_rate': 0.07236167034519814}. Best is trial 50 with value: 0.27722659707069397.
LOCAL_RANK: 0 - CUDA_VISIBLE_DEVICES: [0]
[I 2023-11-29 23:09:08,043] Trial 79 finished with value: 0.8862776756286621 and parameters: {'gradient_clip_val': 0.7553714985437365, 'hidden_size': 34, 'dropout': 0.21479649760160469, 'hidden_continuous_size': 17, 'attention_head_size': 3, 'learning_rate': 0.042864833357811764}. Best is trial 50 with value: 0.27722659707069397.
LOCAL_RANK: 0 - CUDA_VISIBLE_DEVICES: [0]
[I 2023-11-29 23:09:21,028] Trial 80 finished with value: 0.4766179621219635 and parameters: {'gradient_clip_val': 0.4979515522931436, 'hidden_size': 32, 'dropout': 0.22684690360100002, 'hidden_continuous_size': 21, 'attention_head_size': 2, 'learning_rate': 0.0990135469641914}. Best is trial 50 with value: 0.27722659707069397.
LOCAL_RANK: 0 - CUDA_VISIBLE_DEVICES: [0]
[I 2023-11-29 23:09:34,216] Trial 81 finished with value: 0.5415488481521606 and parameters: {'gradient_clip_val': 0.4523138884878872, 'hidden_size': 42, 'dropout': 0.2380832139888524, 'hidden_continuous_size': 20, 'attention_head_size': 3, 'learning_rate': 0.08515203850973908}. Best is trial 50 with value: 0.27722659707069397.
LOCAL_RANK: 0 - CUDA_VISIBLE_DEVICES: [0]
[I 2023-11-29 23:09:47,131] Trial 82 finished with value: 0.3240605592727661 and parameters: {'gradient_clip_val': 0.6206939580364397, 'hidden_size': 36, 'dropout': 0.237576702971371, 'hidden_continuous_size': 18, 'attention_head_size': 3, 'learning_rate': 0.07539602238881399}. Best is trial 50 with value: 0.27722659707069397.
LOCAL_RANK: 0 - CUDA_VISIBLE_DEVICES: [0]
[I 2023-11-29 23:10:00,149] Trial 83 finished with value: 0.6158348917961121 and parameters: {'gradient_clip_val': 0.6442065520332872, 'hidden_size': 38, 'dropout': 0.24690871735871334, 'hidden_continuous_size': 18, 'attention_head_size': 3, 'learning_rate': 0.05294988635816193}. Best is trial 50 with value: 0.27722659707069397.
LOCAL_RANK: 0 - CUDA_VISIBLE_DEVICES: [0]
[I 2023-11-29 23:10:13,338] Trial 84 finished with value: 0.27557578682899475 and parameters: {'gradient_clip_val': 0.5719990001743189, 'hidden_size': 45, 'dropout': 0.2070271389289136, 'hidden_continuous_size': 22, 'attention_head_size': 3, 'learning_rate': 0.06611304975610793}. Best is trial 84 with value: 0.27557578682899475.
LOCAL_RANK: 0 - CUDA_VISIBLE_DEVICES: [0]
[I 2023-11-29 23:10:26,455] Trial 85 finished with value: 0.5502787232398987 and parameters: {'gradient_clip_val': 0.5644805974405556, 'hidden_size': 45, 'dropout': 0.22202484269666167, 'hidden_continuous_size': 22, 'attention_head_size': 3, 'learning_rate': 0.06236149194267876}. Best is trial 84 with value: 0.27557578682899475.
LOCAL_RANK: 0 - CUDA_VISIBLE_DEVICES: [0]
[I 2023-11-29 23:10:39,698] Trial 86 finished with value: 0.7018137574195862 and parameters: {'gradient_clip_val': 0.6919629667869162, 'hidden_size': 50, 'dropout': 0.20546018769849195, 'hidden_continuous_size': 23, 'attention_head_size': 2, 'learning_rate': 0.04790778480232647}. Best is trial 84 with value: 0.27557578682899475.
LOCAL_RANK: 0 - CUDA_VISIBLE_DEVICES: [0]
[I 2023-11-29 23:10:53,397] Trial 87 finished with value: 0.32754644751548767 and parameters: {'gradient_clip_val': 0.532843957931535, 'hidden_size': 56, 'dropout': 0.18988110008883202, 'hidden_continuous_size': 25, 'attention_head_size': 4, 'learning_rate': 0.034157331758106146}. Best is trial 84 with value: 0.27557578682899475.
LOCAL_RANK: 0 - CUDA_VISIBLE_DEVICES: [0]
[I 2023-11-29 23:11:06,295] Trial 88 finished with value: 0.3744784891605377 and parameters: {'gradient_clip_val': 0.5841658661569564, 'hidden_size': 42, 'dropout': 0.2002075481818024, 'hidden_continuous_size': 19, 'attention_head_size': 2, 'learning_rate': 0.06848151279504446}. Best is trial 84 with value: 0.27557578682899475.
LOCAL_RANK: 0 - CUDA_VISIBLE_DEVICES: [0]
[I 2023-11-29 23:11:19,357] Trial 89 finished with value: 0.3596658408641815 and parameters: {'gradient_clip_val': 0.4871470781071005, 'hidden_size': 45, 'dropout': 0.2114804097907389, 'hidden_continuous_size': 23, 'attention_head_size': 3, 'learning_rate': 0.08930658710157895}. Best is trial 84 with value: 0.27557578682899475.
LOCAL_RANK: 0 - CUDA_VISIBLE_DEVICES: [0]
[I 2023-11-29 23:11:33,052] Trial 90 finished with value: 0.4065788984298706 and parameters: {'gradient_clip_val': 0.39070467107771806, 'hidden_size': 65, 'dropout': 0.18383234192919437, 'hidden_continuous_size': 27, 'attention_head_size': 3, 'learning_rate': 0.041125484222039856}. Best is trial 84 with value: 0.27557578682899475.
LOCAL_RANK: 0 - CUDA_VISIBLE_DEVICES: [0]
[I 2023-11-29 23:11:45,795] Trial 91 finished with value: 0.5776517987251282 and parameters: {'gradient_clip_val': 0.6210460351646693, 'hidden_size': 36, 'dropout': 0.23198115657160073, 'hidden_continuous_size': 21, 'attention_head_size': 3, 'learning_rate': 0.07610438459286137}. Best is trial 84 with value: 0.27557578682899475.
LOCAL_RANK: 0 - CUDA_VISIBLE_DEVICES: [0]
[I 2023-11-29 23:11:59,031] Trial 92 finished with value: 0.4021863043308258 and parameters: {'gradient_clip_val': 0.5909095512115534, 'hidden_size': 39, 'dropout': 0.227408429236855, 'hidden_continuous_size': 22, 'attention_head_size': 3, 'learning_rate': 0.07736342324802573}. Best is trial 84 with value: 0.27557578682899475.
LOCAL_RANK: 0 - CUDA_VISIBLE_DEVICES: [0]
[I 2023-11-29 23:12:11,913] Trial 93 finished with value: 0.2930503785610199 and parameters: {'gradient_clip_val': 0.6521861207989839, 'hidden_size': 31, 'dropout': 0.23625863813885362, 'hidden_continuous_size': 12, 'attention_head_size': 3, 'learning_rate': 0.061463076909929734}. Best is trial 84 with value: 0.27557578682899475.
LOCAL_RANK: 0 - CUDA_VISIBLE_DEVICES: [0]
[I 2023-11-29 23:12:24,461] Trial 94 finished with value: 0.3894828259944916 and parameters: {'gradient_clip_val': 0.7209566407429825, 'hidden_size': 31, 'dropout': 0.21567900880291496, 'hidden_continuous_size': 12, 'attention_head_size': 3, 'learning_rate': 0.061946966904691335}. Best is trial 84 with value: 0.27557578682899475.
LOCAL_RANK: 0 - CUDA_VISIBLE_DEVICES: [0]
[I 2023-11-29 23:12:37,221] Trial 95 finished with value: 0.5565736293792725 and parameters: {'gradient_clip_val': 0.6649278836000383, 'hidden_size': 34, 'dropout': 0.26238893868254104, 'hidden_continuous_size': 11, 'attention_head_size': 2, 'learning_rate': 0.05292698122860892}. Best is trial 84 with value: 0.27557578682899475.
LOCAL_RANK: 0 - CUDA_VISIBLE_DEVICES: [0]
[I 2023-11-29 23:12:50,390] Trial 96 finished with value: 0.7771323323249817 and parameters: {'gradient_clip_val': 0.5200553746399401, 'hidden_size': 41, 'dropout': 0.22371833068486366, 'hidden_continuous_size': 12, 'attention_head_size': 3, 'learning_rate': 0.09921997374233302}. Best is trial 84 with value: 0.27557578682899475.
LOCAL_RANK: 0 - CUDA_VISIBLE_DEVICES: [0]
[I 2023-11-29 23:13:03,722] Trial 97 finished with value: 0.38296544551849365 and parameters: {'gradient_clip_val': 0.5566791490551661, 'hidden_size': 61, 'dropout': 0.2349995894602708, 'hidden_continuous_size': 16, 'attention_head_size': 3, 'learning_rate': 0.06678179146834504}. Best is trial 84 with value: 0.27557578682899475.
LOCAL_RANK: 0 - CUDA_VISIBLE_DEVICES: [0]
[I 2023-11-29 23:13:17,056] Trial 98 finished with value: 0.445462703704834 and parameters: {'gradient_clip_val': 0.655724394300794, 'hidden_size': 50, 'dropout': 0.2535284482840888, 'hidden_continuous_size': 25, 'attention_head_size': 2, 'learning_rate': 0.05546296332384187}. Best is trial 84 with value: 0.27557578682899475.
LOCAL_RANK: 0 - CUDA_VISIBLE_DEVICES: [0]
[I 2023-11-29 23:13:30,257] Trial 99 finished with value: 0.5418149828910828 and parameters: {'gradient_clip_val': 0.5107706980261305, 'hidden_size': 54, 'dropout': 0.2412469532623424, 'hidden_continuous_size': 10, 'attention_head_size': 3, 'learning_rate': 0.08258662436649344}. Best is trial 84 with value: 0.27557578682899475.
LOCAL_RANK: 0 - CUDA_VISIBLE_DEVICES: [0]
[I 2023-11-29 23:13:43,352] Trial 100 finished with value: 0.520700991153717 and parameters: {'gradient_clip_val': 0.7846480713378672, 'hidden_size': 45, 'dropout': 0.2088705906006913, 'hidden_continuous_size': 14, 'attention_head_size': 3, 'learning_rate': 0.060521486665543904}. Best is trial 84 with value: 0.27557578682899475.
LOCAL_RANK: 0 - CUDA_VISIBLE_DEVICES: [0]
[I 2023-11-29 23:13:56,319] Trial 101 finished with value: 0.298081636428833 and parameters: {'gradient_clip_val': 0.6208888334891137, 'hidden_size': 36, 'dropout': 0.24560660048632557, 'hidden_continuous_size': 18, 'attention_head_size': 3, 'learning_rate': 0.07232648096476953}. Best is trial 84 with value: 0.27557578682899475.
LOCAL_RANK: 0 - CUDA_VISIBLE_DEVICES: [0]
[I 2023-11-29 23:14:09,322] Trial 102 finished with value: 0.501934826374054 and parameters: {'gradient_clip_val': 0.6035182813691541, 'hidden_size': 38, 'dropout': 0.2468826381163423, 'hidden_continuous_size': 13, 'attention_head_size': 3, 'learning_rate': 0.09124246882428826}. Best is trial 84 with value: 0.27557578682899475.
LOCAL_RANK: 0 - CUDA_VISIBLE_DEVICES: [0]
[I 2023-11-29 23:14:22,248] Trial 103 finished with value: 0.44750872254371643 and parameters: {'gradient_clip_val': 0.701095235631058, 'hidden_size': 34, 'dropout': 0.2679294396224563, 'hidden_continuous_size': 19, 'attention_head_size': 3, 'learning_rate': 0.049962254959787025}. Best is trial 84 with value: 0.27557578682899475.
LOCAL_RANK: 0 - CUDA_VISIBLE_DEVICES: [0]
[I 2023-11-29 23:14:35,593] Trial 104 finished with value: 0.3613157272338867 and parameters: {'gradient_clip_val': 0.5641555637324245, 'hidden_size': 47, 'dropout': 0.21934267720365033, 'hidden_continuous_size': 22, 'attention_head_size': 3, 'learning_rate': 0.0700355164573234}. Best is trial 84 with value: 0.27557578682899475.
LOCAL_RANK: 0 - CUDA_VISIBLE_DEVICES: [0]
[I 2023-11-29 23:14:48,362] Trial 105 finished with value: 0.7454814910888672 and parameters: {'gradient_clip_val': 0.6421901471247319, 'hidden_size': 28, 'dropout': 0.2584803028112563, 'hidden_continuous_size': 20, 'attention_head_size': 4, 'learning_rate': 0.08092604569579058}. Best is trial 84 with value: 0.27557578682899475.
LOCAL_RANK: 0 - CUDA_VISIBLE_DEVICES: [0]
[I 2023-11-29 23:15:01,490] Trial 106 finished with value: 0.419936865568161 and parameters: {'gradient_clip_val': 0.5434761589632678, 'hidden_size': 43, 'dropout': 0.22606726732142435, 'hidden_continuous_size': 21, 'attention_head_size': 3, 'learning_rate': 0.06512594417845431}. Best is trial 84 with value: 0.27557578682899475.
LOCAL_RANK: 0 - CUDA_VISIBLE_DEVICES: [0]
[I 2023-11-29 23:15:14,714] Trial 107 finished with value: 0.4821489751338959 and parameters: {'gradient_clip_val': 0.7422565240355102, 'hidden_size': 41, 'dropout': 0.243564214428924, 'hidden_continuous_size': 17, 'attention_head_size': 2, 'learning_rate': 0.05729357267137645}. Best is trial 84 with value: 0.27557578682899475.
LOCAL_RANK: 0 - CUDA_VISIBLE_DEVICES: [0]
[I 2023-11-29 23:15:27,394] Trial 108 finished with value: 0.46701040863990784 and parameters: {'gradient_clip_val': 0.6744177052228075, 'hidden_size': 32, 'dropout': 0.19500992743364148, 'hidden_continuous_size': 19, 'attention_head_size': 3, 'learning_rate': 0.04474712724673149}. Best is trial 84 with value: 0.27557578682899475.
LOCAL_RANK: 0 - CUDA_VISIBLE_DEVICES: [0]
[I 2023-11-29 23:15:40,786] Trial 109 finished with value: 0.6196591258049011 and parameters: {'gradient_clip_val': 0.6082859211937792, 'hidden_size': 50, 'dropout': 0.23527946769681854, 'hidden_continuous_size': 16, 'attention_head_size': 3, 'learning_rate': 0.09060279809264059}. Best is trial 84 with value: 0.27557578682899475.
LOCAL_RANK: 0 - CUDA_VISIBLE_DEVICES: [0]
[I 2023-11-29 23:15:53,935] Trial 110 finished with value: 0.7589558959007263 and parameters: {'gradient_clip_val': 0.5827808905769546, 'hidden_size': 59, 'dropout': 0.25619726309670504, 'hidden_continuous_size': 14, 'attention_head_size': 2, 'learning_rate': 0.07181562810756381}. Best is trial 84 with value: 0.27557578682899475.
LOCAL_RANK: 0 - CUDA_VISIBLE_DEVICES: [0]
[I 2023-11-29 23:16:06,856] Trial 111 finished with value: 0.30871185660362244 and parameters: {'gradient_clip_val': 0.6147984238409471, 'hidden_size': 37, 'dropout': 0.23758793341280277, 'hidden_continuous_size': 18, 'attention_head_size': 3, 'learning_rate': 0.07468394069924802}. Best is trial 84 with value: 0.27557578682899475.
LOCAL_RANK: 0 - CUDA_VISIBLE_DEVICES: [0]
[I 2023-11-29 23:16:19,869] Trial 112 finished with value: 0.6073940396308899 and parameters: {'gradient_clip_val': 0.6351493027589911, 'hidden_size': 40, 'dropout': 0.2161729239532085, 'hidden_continuous_size': 18, 'attention_head_size': 3, 'learning_rate': 0.07978630194902267}. Best is trial 84 with value: 0.27557578682899475.
LOCAL_RANK: 0 - CUDA_VISIBLE_DEVICES: [0]
[I 2023-11-29 23:16:32,572] Trial 113 finished with value: 0.3487725257873535 and parameters: {'gradient_clip_val': 0.46919402632330676, 'hidden_size': 36, 'dropout': 0.23262931892365685, 'hidden_continuous_size': 17, 'attention_head_size': 3, 'learning_rate': 0.06225419417782644}. Best is trial 84 with value: 0.27557578682899475.
LOCAL_RANK: 0 - CUDA_VISIBLE_DEVICES: [0]
