[rank: 0] Seed set to 1337
[I 2023-11-29 20:06:46,794] A new study created in memory with name: no-name-cfa95714-8993-4405-b1c8-7d0da2c116eb
/home/le004/conda/anaconda3/envs/tsff_env/lib/python3.9/site-packages/lightning/fabric/plugins/environments/slurm.py:191: The `srun` command is available on your system but is not used. HINT: If your intention is to run Lightning on SLURM, prepend your python command with `srun` like so: srun python /home/le004/master_thesis/git/TSFusionForecast/code/ ...
LOCAL_RANK: 0 - CUDA_VISIBLE_DEVICES: [0]
[I 2023-11-29 20:07:04,601] Trial 0 finished with value: 0.19030112028121948 and parameters: {'gradient_clip_val': 0.14989508748278865, 'hidden_size': 67, 'dropout': 0.16867403917673643, 'hidden_continuous_size': 40, 'attention_head_size': 3, 'learning_rate': 0.083779467900834}. Best is trial 0 with value: 0.19030112028121948.
LOCAL_RANK: 0 - CUDA_VISIBLE_DEVICES: [0]
[I 2023-11-29 20:07:14,674] Trial 1 finished with value: 1.1739953756332397 and parameters: {'gradient_clip_val': 0.30409055835208004, 'hidden_size': 10, 'dropout': 0.3393258251566858, 'hidden_continuous_size': 10, 'attention_head_size': 1, 'learning_rate': 0.015097502084682822}. Best is trial 0 with value: 0.19030112028121948.
LOCAL_RANK: 0 - CUDA_VISIBLE_DEVICES: [0]
[I 2023-11-29 20:07:27,238] Trial 2 finished with value: 0.18953190743923187 and parameters: {'gradient_clip_val': 0.1013199356843972, 'hidden_size': 34, 'dropout': 0.19250723702922548, 'hidden_continuous_size': 15, 'attention_head_size': 2, 'learning_rate': 0.04934347262691571}. Best is trial 2 with value: 0.18953190743923187.
LOCAL_RANK: 0 - CUDA_VISIBLE_DEVICES: [0]
[I 2023-11-29 20:07:39,558] Trial 3 finished with value: 4.063276767730713 and parameters: {'gradient_clip_val': 0.21569606204066358, 'hidden_size': 13, 'dropout': 0.3064483060947175, 'hidden_continuous_size': 10, 'attention_head_size': 4, 'learning_rate': 0.0012733029905649018}. Best is trial 2 with value: 0.18953190743923187.
LOCAL_RANK: 0 - CUDA_VISIBLE_DEVICES: [0]
[I 2023-11-29 20:07:54,350] Trial 4 finished with value: 0.31642842292785645 and parameters: {'gradient_clip_val': 0.9483550606819022, 'hidden_size': 145, 'dropout': 0.21657506922911657, 'hidden_continuous_size': 134, 'attention_head_size': 1, 'learning_rate': 0.005447082795066371}. Best is trial 2 with value: 0.18953190743923187.
LOCAL_RANK: 0 - CUDA_VISIBLE_DEVICES: [0]
[I 2023-11-29 20:08:06,607] Trial 5 finished with value: 0.2867448627948761 and parameters: {'gradient_clip_val': 0.9475193623980044, 'hidden_size': 18, 'dropout': 0.17454058527100957, 'hidden_continuous_size': 11, 'attention_head_size': 4, 'learning_rate': 0.06073202604339393}. Best is trial 2 with value: 0.18953190743923187.
LOCAL_RANK: 0 - CUDA_VISIBLE_DEVICES: [0]
[I 2023-11-29 20:08:18,733] Trial 6 finished with value: 3.6867361068725586 and parameters: {'gradient_clip_val': 0.1930494772687439, 'hidden_size': 17, 'dropout': 0.33431820022074055, 'hidden_continuous_size': 10, 'attention_head_size': 3, 'learning_rate': 0.0023266287280697576}. Best is trial 2 with value: 0.18953190743923187.
LOCAL_RANK: 0 - CUDA_VISIBLE_DEVICES: [0]
[I 2023-11-29 20:08:31,020] Trial 7 finished with value: 0.25509798526763916 and parameters: {'gradient_clip_val': 0.6168236791346764, 'hidden_size': 22, 'dropout': 0.36071205644951565, 'hidden_continuous_size': 14, 'attention_head_size': 2, 'learning_rate': 0.08226835072389056}. Best is trial 2 with value: 0.18953190743923187.
LOCAL_RANK: 0 - CUDA_VISIBLE_DEVICES: [0]
[I 2023-11-29 20:08:43,299] Trial 8 finished with value: 0.173209086060524 and parameters: {'gradient_clip_val': 0.22742152175085611, 'hidden_size': 20, 'dropout': 0.24932073899984367, 'hidden_continuous_size': 17, 'attention_head_size': 2, 'learning_rate': 0.09002741898182631}. Best is trial 8 with value: 0.173209086060524.
LOCAL_RANK: 0 - CUDA_VISIBLE_DEVICES: [0]
[I 2023-11-29 20:08:55,504] Trial 9 finished with value: 0.9324245452880859 and parameters: {'gradient_clip_val': 0.15765131218858383, 'hidden_size': 18, 'dropout': 0.3940522206257151, 'hidden_continuous_size': 12, 'attention_head_size': 1, 'learning_rate': 0.022331724783605244}. Best is trial 8 with value: 0.173209086060524.
LOCAL_RANK: 0 - CUDA_VISIBLE_DEVICES: [0]
[I 2023-11-29 20:09:08,400] Trial 10 finished with value: 0.19965694844722748 and parameters: {'gradient_clip_val': 0.40633195382903586, 'hidden_size': 35, 'dropout': 0.1027857337235562, 'hidden_continuous_size': 19, 'attention_head_size': 2, 'learning_rate': 0.029102115944363106}. Best is trial 8 with value: 0.173209086060524.
LOCAL_RANK: 0 - CUDA_VISIBLE_DEVICES: [0]
[I 2023-11-29 20:09:21,117] Trial 11 finished with value: 0.2289547473192215 and parameters: {'gradient_clip_val': 0.10674626057650875, 'hidden_size': 35, 'dropout': 0.2601359791196465, 'hidden_continuous_size': 17, 'attention_head_size': 2, 'learning_rate': 0.044879813521585425}. Best is trial 8 with value: 0.173209086060524.
LOCAL_RANK: 0 - CUDA_VISIBLE_DEVICES: [0]
[I 2023-11-29 20:09:33,649] Trial 12 finished with value: 0.3096359968185425 and parameters: {'gradient_clip_val': 0.10303868730508581, 'hidden_size': 29, 'dropout': 0.2588112379703251, 'hidden_continuous_size': 16, 'attention_head_size': 2, 'learning_rate': 0.03884618880258756}. Best is trial 8 with value: 0.173209086060524.
LOCAL_RANK: 0 - CUDA_VISIBLE_DEVICES: [0]
[I 2023-11-29 20:09:47,083] Trial 13 finished with value: 0.34019795060157776 and parameters: {'gradient_clip_val': 0.28672811321801406, 'hidden_size': 53, 'dropout': 0.22373081719372068, 'hidden_continuous_size': 22, 'attention_head_size': 3, 'learning_rate': 0.01140495236588304}. Best is trial 8 with value: 0.173209086060524.
LOCAL_RANK: 0 - CUDA_VISIBLE_DEVICES: [0]
[I 2023-11-29 20:09:59,529] Trial 14 finished with value: 0.15992631018161774 and parameters: {'gradient_clip_val': 0.12418928704593465, 'hidden_size': 25, 'dropout': 0.28112042122789177, 'hidden_continuous_size': 15, 'attention_head_size': 2, 'learning_rate': 0.09768282710580502}. Best is trial 14 with value: 0.15992631018161774.
LOCAL_RANK: 0 - CUDA_VISIBLE_DEVICES: [0]
[I 2023-11-29 20:10:11,822] Trial 15 finished with value: 0.16344602406024933 and parameters: {'gradient_clip_val': 0.22344317033935848, 'hidden_size': 24, 'dropout': 0.2893074386505171, 'hidden_continuous_size': 13, 'attention_head_size': 3, 'learning_rate': 0.09994127170374405}. Best is trial 14 with value: 0.15992631018161774.
LOCAL_RANK: 0 - CUDA_VISIBLE_DEVICES: [0]
[I 2023-11-29 20:10:23,954] Trial 16 finished with value: 0.21144123375415802 and parameters: {'gradient_clip_val': 0.13650987282563137, 'hidden_size': 24, 'dropout': 0.29172937082559547, 'hidden_continuous_size': 13, 'attention_head_size': 3, 'learning_rate': 0.09953169357330727}. Best is trial 14 with value: 0.15992631018161774.
LOCAL_RANK: 0 - CUDA_VISIBLE_DEVICES: [0]
[I 2023-11-29 20:10:36,902] Trial 17 finished with value: 0.1878257393836975 and parameters: {'gradient_clip_val': 0.185170129613507, 'hidden_size': 48, 'dropout': 0.30160578394684023, 'hidden_continuous_size': 13, 'attention_head_size': 4, 'learning_rate': 0.02475989014369398}. Best is trial 14 with value: 0.15992631018161774.
LOCAL_RANK: 0 - CUDA_VISIBLE_DEVICES: [0]
[I 2023-11-29 20:10:49,378] Trial 18 finished with value: 0.18088190257549286 and parameters: {'gradient_clip_val': 0.12868972090063915, 'hidden_size': 25, 'dropout': 0.2842420010440714, 'hidden_continuous_size': 12, 'attention_head_size': 3, 'learning_rate': 0.054529280011354486}. Best is trial 14 with value: 0.15992631018161774.
LOCAL_RANK: 0 - CUDA_VISIBLE_DEVICES: [0]
[I 2023-11-29 20:11:01,509] Trial 19 finished with value: 0.43450215458869934 and parameters: {'gradient_clip_val': 0.2569802027897306, 'hidden_size': 12, 'dropout': 0.3236907188374965, 'hidden_continuous_size': 11, 'attention_head_size': 3, 'learning_rate': 0.03287599636069137}. Best is trial 14 with value: 0.15992631018161774.
LOCAL_RANK: 0 - CUDA_VISIBLE_DEVICES: [0]
[I 2023-11-29 20:11:13,924] Trial 20 finished with value: 0.9145614504814148 and parameters: {'gradient_clip_val': 0.3682103581234724, 'hidden_size': 16, 'dropout': 0.35814800630037136, 'hidden_continuous_size': 12, 'attention_head_size': 4, 'learning_rate': 0.017899349660811147}. Best is trial 14 with value: 0.15992631018161774.
LOCAL_RANK: 0 - CUDA_VISIBLE_DEVICES: [0]
[I 2023-11-29 20:11:26,322] Trial 21 finished with value: 0.22747910022735596 and parameters: {'gradient_clip_val': 0.2292047341359198, 'hidden_size': 23, 'dropout': 0.27393014981676284, 'hidden_continuous_size': 14, 'attention_head_size': 2, 'learning_rate': 0.07078071868680301}. Best is trial 14 with value: 0.15992631018161774.
LOCAL_RANK: 0 - CUDA_VISIBLE_DEVICES: [0]
[I 2023-11-29 20:11:39,068] Trial 22 finished with value: 0.14363425970077515 and parameters: {'gradient_clip_val': 0.1767651476627275, 'hidden_size': 26, 'dropout': 0.24189554403078672, 'hidden_continuous_size': 15, 'attention_head_size': 2, 'learning_rate': 0.09632029030213685}. Best is trial 22 with value: 0.14363425970077515.
LOCAL_RANK: 0 - CUDA_VISIBLE_DEVICES: [0]
[I 2023-11-29 20:11:51,527] Trial 23 finished with value: 0.1796431690454483 and parameters: {'gradient_clip_val': 0.16708674472936297, 'hidden_size': 29, 'dropout': 0.24287190503088477, 'hidden_continuous_size': 15, 'attention_head_size': 1, 'learning_rate': 0.09925641891437692}. Best is trial 22 with value: 0.14363425970077515.
LOCAL_RANK: 0 - CUDA_VISIBLE_DEVICES: [0]
[I 2023-11-29 20:12:03,869] Trial 24 finished with value: 0.392376571893692 and parameters: {'gradient_clip_val': 0.1297829568557629, 'hidden_size': 28, 'dropout': 0.28066555883644473, 'hidden_continuous_size': 14, 'attention_head_size': 2, 'learning_rate': 0.05506366614445283}. Best is trial 22 with value: 0.14363425970077515.
LOCAL_RANK: 0 - CUDA_VISIBLE_DEVICES: [0]
[I 2023-11-29 20:12:16,182] Trial 25 finished with value: 0.6648604869842529 and parameters: {'gradient_clip_val': 0.18049827666689122, 'hidden_size': 14, 'dropout': 0.30879838531918097, 'hidden_continuous_size': 11, 'attention_head_size': 3, 'learning_rate': 0.03277371314799829}. Best is trial 22 with value: 0.14363425970077515.
LOCAL_RANK: 0 - CUDA_VISIBLE_DEVICES: [0]
[I 2023-11-29 20:12:28,570] Trial 26 finished with value: 0.2861725687980652 and parameters: {'gradient_clip_val': 0.1540752529972683, 'hidden_size': 22, 'dropout': 0.2791017902896479, 'hidden_continuous_size': 13, 'attention_head_size': 2, 'learning_rate': 0.06154181479958692}. Best is trial 22 with value: 0.14363425970077515.
LOCAL_RANK: 0 - CUDA_VISIBLE_DEVICES: [0]
[I 2023-11-29 20:12:40,866] Trial 27 finished with value: 0.2587657868862152 and parameters: {'gradient_clip_val': 0.20468616107735685, 'hidden_size': 15, 'dropout': 0.2377510509694976, 'hidden_continuous_size': 13, 'attention_head_size': 1, 'learning_rate': 0.040149352621528266}. Best is trial 22 with value: 0.14363425970077515.
LOCAL_RANK: 0 - CUDA_VISIBLE_DEVICES: [0]
[I 2023-11-29 20:12:53,838] Trial 28 finished with value: 0.15595732629299164 and parameters: {'gradient_clip_val': 0.12684416482240446, 'hidden_size': 41, 'dropout': 0.26786237659918744, 'hidden_continuous_size': 18, 'attention_head_size': 3, 'learning_rate': 0.06916792785348695}. Best is trial 22 with value: 0.14363425970077515.
LOCAL_RANK: 0 - CUDA_VISIBLE_DEVICES: [0]
[I 2023-11-29 20:13:06,866] Trial 29 finished with value: 0.2311941236257553 and parameters: {'gradient_clip_val': 0.11899905717041952, 'hidden_size': 44, 'dropout': 0.21540623545702314, 'hidden_continuous_size': 20, 'attention_head_size': 3, 'learning_rate': 0.07359331723032224}. Best is trial 22 with value: 0.14363425970077515.
LOCAL_RANK: 0 - CUDA_VISIBLE_DEVICES: [0]
[I 2023-11-29 20:13:19,840] Trial 30 finished with value: 0.8102343082427979 and parameters: {'gradient_clip_val': 0.145993798200372, 'hidden_size': 42, 'dropout': 0.26691703495772856, 'hidden_continuous_size': 18, 'attention_head_size': 2, 'learning_rate': 0.06857828483614004}. Best is trial 22 with value: 0.14363425970077515.
LOCAL_RANK: 0 - CUDA_VISIBLE_DEVICES: [0]
[I 2023-11-29 20:13:32,687] Trial 31 finished with value: 0.23928803205490112 and parameters: {'gradient_clip_val': 0.15716664614453138, 'hidden_size': 30, 'dropout': 0.2574632099866434, 'hidden_continuous_size': 16, 'attention_head_size': 3, 'learning_rate': 0.09876178150134722}. Best is trial 22 with value: 0.14363425970077515.
LOCAL_RANK: 0 - CUDA_VISIBLE_DEVICES: [0]
[I 2023-11-29 20:13:45,723] Trial 32 finished with value: 0.1925201416015625 and parameters: {'gradient_clip_val': 0.11593311924615526, 'hidden_size': 40, 'dropout': 0.29752815855808645, 'hidden_continuous_size': 20, 'attention_head_size': 3, 'learning_rate': 0.07357839219755555}. Best is trial 22 with value: 0.14363425970077515.
LOCAL_RANK: 0 - CUDA_VISIBLE_DEVICES: [0]
[I 2023-11-29 20:13:58,527] Trial 33 finished with value: 0.3025035560131073 and parameters: {'gradient_clip_val': 0.14193283016652167, 'hidden_size': 26, 'dropout': 0.234335386463917, 'hidden_continuous_size': 15, 'attention_head_size': 3, 'learning_rate': 0.04215481878122941}. Best is trial 22 with value: 0.14363425970077515.
LOCAL_RANK: 0 - CUDA_VISIBLE_DEVICES: [0]
[I 2023-11-29 20:14:10,972] Trial 34 finished with value: 0.27826547622680664 and parameters: {'gradient_clip_val': 0.17602353396681616, 'hidden_size': 32, 'dropout': 0.2701797485890609, 'hidden_continuous_size': 16, 'attention_head_size': 2, 'learning_rate': 0.05506505936469242}. Best is trial 22 with value: 0.14363425970077515.
LOCAL_RANK: 0 - CUDA_VISIBLE_DEVICES: [0]
[I 2023-11-29 20:14:24,707] Trial 35 finished with value: 0.1909138709306717 and parameters: {'gradient_clip_val': 0.11967278228367507, 'hidden_size': 58, 'dropout': 0.3170012109638771, 'hidden_continuous_size': 24, 'attention_head_size': 4, 'learning_rate': 0.0767924349096357}. Best is trial 22 with value: 0.14363425970077515.
LOCAL_RANK: 0 - CUDA_VISIBLE_DEVICES: [0]
[I 2023-11-29 20:14:37,655] Trial 36 finished with value: 0.215331569314003 and parameters: {'gradient_clip_val': 0.14008554367937012, 'hidden_size': 39, 'dropout': 0.2933356992076984, 'hidden_continuous_size': 18, 'attention_head_size': 3, 'learning_rate': 0.04670237147779841}. Best is trial 22 with value: 0.14363425970077515.
LOCAL_RANK: 0 - CUDA_VISIBLE_DEVICES: [0]
[I 2023-11-29 20:14:49,953] Trial 37 finished with value: 0.24728769063949585 and parameters: {'gradient_clip_val': 0.2004215743821679, 'hidden_size': 20, 'dropout': 0.20387537720830098, 'hidden_continuous_size': 15, 'attention_head_size': 1, 'learning_rate': 0.0624823751884907}. Best is trial 22 with value: 0.14363425970077515.
LOCAL_RANK: 0 - CUDA_VISIBLE_DEVICES: [0]
[I 2023-11-29 20:15:03,512] Trial 38 finished with value: 0.19645118713378906 and parameters: {'gradient_clip_val': 0.17102688400988242, 'hidden_size': 70, 'dropout': 0.24327005732901155, 'hidden_continuous_size': 23, 'attention_head_size': 2, 'learning_rate': 0.08031053195840462}. Best is trial 22 with value: 0.14363425970077515.
LOCAL_RANK: 0 - CUDA_VISIBLE_DEVICES: [0]
[I 2023-11-29 20:15:16,561] Trial 39 finished with value: 0.15068268775939941 and parameters: {'gradient_clip_val': 0.10309101625566518, 'hidden_size': 34, 'dropout': 0.22776190515896433, 'hidden_continuous_size': 17, 'attention_head_size': 4, 'learning_rate': 0.0510629994366583}. Best is trial 22 with value: 0.14363425970077515.
LOCAL_RANK: 0 - CUDA_VISIBLE_DEVICES: [0]
[I 2023-11-29 20:15:29,460] Trial 40 finished with value: 0.1922270506620407 and parameters: {'gradient_clip_val': 0.10693464398701927, 'hidden_size': 33, 'dropout': 0.19068610398945823, 'hidden_continuous_size': 17, 'attention_head_size': 4, 'learning_rate': 0.05654263512181008}. Best is trial 22 with value: 0.14363425970077515.
LOCAL_RANK: 0 - CUDA_VISIBLE_DEVICES: [0]
[I 2023-11-29 20:15:42,190] Trial 41 finished with value: 0.13726146519184113 and parameters: {'gradient_clip_val': 0.12249002847814446, 'hidden_size': 27, 'dropout': 0.2522468400893996, 'hidden_continuous_size': 15, 'attention_head_size': 4, 'learning_rate': 0.09302646490552531}. Best is trial 41 with value: 0.13726146519184113.
LOCAL_RANK: 0 - CUDA_VISIBLE_DEVICES: [0]
[I 2023-11-29 20:15:54,968] Trial 42 finished with value: 0.29031121730804443 and parameters: {'gradient_clip_val': 0.10132434075701485, 'hidden_size': 27, 'dropout': 0.23296816253604435, 'hidden_continuous_size': 15, 'attention_head_size': 4, 'learning_rate': 0.08138575530656428}. Best is trial 41 with value: 0.13726146519184113.
LOCAL_RANK: 0 - CUDA_VISIBLE_DEVICES: [0]
[I 2023-11-29 20:16:07,795] Trial 43 finished with value: 0.20625562965869904 and parameters: {'gradient_clip_val': 0.12100580813089723, 'hidden_size': 36, 'dropout': 0.24814274835638858, 'hidden_continuous_size': 17, 'attention_head_size': 4, 'learning_rate': 0.04980768014505702}. Best is trial 41 with value: 0.13726146519184113.
LOCAL_RANK: 0 - CUDA_VISIBLE_DEVICES: [0]
[I 2023-11-29 20:16:20,487] Trial 44 finished with value: 0.22463758289813995 and parameters: {'gradient_clip_val': 0.1133934115533362, 'hidden_size': 19, 'dropout': 0.25975565889232566, 'hidden_continuous_size': 16, 'attention_head_size': 4, 'learning_rate': 0.06502593782955979}. Best is trial 41 with value: 0.13726146519184113.
LOCAL_RANK: 0 - CUDA_VISIBLE_DEVICES: [0]
[I 2023-11-29 20:16:33,182] Trial 45 finished with value: 0.1644027978181839 and parameters: {'gradient_clip_val': 0.12999823291620177, 'hidden_size': 32, 'dropout': 0.22258041696553604, 'hidden_continuous_size': 18, 'attention_head_size': 4, 'learning_rate': 0.08082198718761742}. Best is trial 41 with value: 0.13726146519184113.
LOCAL_RANK: 0 - CUDA_VISIBLE_DEVICES: [0]
[I 2023-11-29 20:16:46,134] Trial 46 finished with value: 0.25169041752815247 and parameters: {'gradient_clip_val': 0.14707953782236297, 'hidden_size': 37, 'dropout': 0.25733052258556505, 'hidden_continuous_size': 19, 'attention_head_size': 4, 'learning_rate': 0.03906542221927453}. Best is trial 41 with value: 0.13726146519184113.
LOCAL_RANK: 0 - CUDA_VISIBLE_DEVICES: [0]
[I 2023-11-29 20:16:58,698] Trial 47 finished with value: 0.21744894981384277 and parameters: {'gradient_clip_val': 0.10400503761436801, 'hidden_size': 21, 'dropout': 0.27135151739764896, 'hidden_continuous_size': 16, 'attention_head_size': 2, 'learning_rate': 0.08422090485998919}. Best is trial 41 with value: 0.13726146519184113.
LOCAL_RANK: 0 - CUDA_VISIBLE_DEVICES: [0]
[I 2023-11-29 20:17:11,458] Trial 48 finished with value: 0.2223697453737259 and parameters: {'gradient_clip_val': 0.12385418621150052, 'hidden_size': 26, 'dropout': 0.21078748231191818, 'hidden_continuous_size': 14, 'attention_head_size': 4, 'learning_rate': 0.047849144446388464}. Best is trial 41 with value: 0.13726146519184113.
LOCAL_RANK: 0 - CUDA_VISIBLE_DEVICES: [0]
[I 2023-11-29 20:17:23,791] Trial 49 finished with value: 0.3312413692474365 and parameters: {'gradient_clip_val': 0.11077482379879688, 'hidden_size': 17, 'dropout': 0.2299670065624747, 'hidden_continuous_size': 15, 'attention_head_size': 2, 'learning_rate': 0.06408771731678026}. Best is trial 41 with value: 0.13726146519184113.
LOCAL_RANK: 0 - CUDA_VISIBLE_DEVICES: [0]
[I 2023-11-29 20:17:36,664] Trial 50 finished with value: 0.18004100024700165 and parameters: {'gradient_clip_val': 0.13829901023867236, 'hidden_size': 31, 'dropout': 0.24743608725992383, 'hidden_continuous_size': 17, 'attention_head_size': 4, 'learning_rate': 0.08900304891196531}. Best is trial 41 with value: 0.13726146519184113.
LOCAL_RANK: 0 - CUDA_VISIBLE_DEVICES: [0]
[I 2023-11-29 20:17:49,032] Trial 51 finished with value: 0.27680501341819763 and parameters: {'gradient_clip_val': 0.16412792741855578, 'hidden_size': 24, 'dropout': 0.282648077456981, 'hidden_continuous_size': 14, 'attention_head_size': 3, 'learning_rate': 0.09311092310246265}. Best is trial 41 with value: 0.13726146519184113.
LOCAL_RANK: 0 - CUDA_VISIBLE_DEVICES: [0]
[I 2023-11-29 20:18:01,768] Trial 52 finished with value: 0.18092502653598785 and parameters: {'gradient_clip_val': 0.15392936637099972, 'hidden_size': 23, 'dropout': 0.2932165086776655, 'hidden_continuous_size': 16, 'attention_head_size': 3, 'learning_rate': 0.09546156669643903}. Best is trial 41 with value: 0.13726146519184113.
LOCAL_RANK: 0 - CUDA_VISIBLE_DEVICES: [0]
[I 2023-11-29 20:18:14,138] Trial 53 finished with value: 0.206187903881073 and parameters: {'gradient_clip_val': 0.10111885153803218, 'hidden_size': 20, 'dropout': 0.26800593740364, 'hidden_continuous_size': 15, 'attention_head_size': 2, 'learning_rate': 0.09962452737686782}. Best is trial 41 with value: 0.13726146519184113.
LOCAL_RANK: 0 - CUDA_VISIBLE_DEVICES: [0]
[I 2023-11-29 20:18:26,695] Trial 54 finished with value: 0.4282573461532593 and parameters: {'gradient_clip_val': 0.13215847328833358, 'hidden_size': 28, 'dropout': 0.2866972851524815, 'hidden_continuous_size': 14, 'attention_head_size': 3, 'learning_rate': 0.05970852907818199}. Best is trial 41 with value: 0.13726146519184113.
LOCAL_RANK: 0 - CUDA_VISIBLE_DEVICES: [0]
[I 2023-11-29 20:18:39,280] Trial 55 finished with value: 0.2346087247133255 and parameters: {'gradient_clip_val': 0.1945088325461276, 'hidden_size': 25, 'dropout': 0.30287406143122747, 'hidden_continuous_size': 16, 'attention_head_size': 2, 'learning_rate': 0.07363148519220633}. Best is trial 41 with value: 0.13726146519184113.
LOCAL_RANK: 0 - CUDA_VISIBLE_DEVICES: [0]
[I 2023-11-29 20:18:51,780] Trial 56 finished with value: 0.33424869179725647 and parameters: {'gradient_clip_val': 0.1127125373951138, 'hidden_size': 18, 'dropout': 0.24761145119334604, 'hidden_continuous_size': 10, 'attention_head_size': 3, 'learning_rate': 0.04613366889421337}. Best is trial 41 with value: 0.13726146519184113.
LOCAL_RANK: 0 - CUDA_VISIBLE_DEVICES: [0]
