[I 2023-11-30 04:53:05,634] Trial 123 finished with value: 13.481289863586426 and parameters: {'gradient_clip_val': 0.9426164577854715, 'hidden_size': 46, 'dropout': 0.3680697367653155, 'hidden_continuous_size': 25, 'attention_head_size': 2, 'learning_rate': 0.03289441789985967}. Best is trial 86 with value: 8.870033264160156.
LOCAL_RANK: 0 - CUDA_VISIBLE_DEVICES: [0]
[I 2023-11-30 04:53:18,669] Trial 124 finished with value: 20.24033546447754 and parameters: {'gradient_clip_val': 0.34349468097228253, 'hidden_size': 53, 'dropout': 0.3992368654163481, 'hidden_continuous_size': 24, 'attention_head_size': 2, 'learning_rate': 0.028603186296614833}. Best is trial 86 with value: 8.870033264160156.
LOCAL_RANK: 0 - CUDA_VISIBLE_DEVICES: [0]
[I 2023-11-30 04:53:32,111] Trial 125 finished with value: 16.09452247619629 and parameters: {'gradient_clip_val': 0.5031781478780971, 'hidden_size': 69, 'dropout': 0.3848566371240681, 'hidden_continuous_size': 31, 'attention_head_size': 2, 'learning_rate': 0.024734247143221907}. Best is trial 86 with value: 8.870033264160156.
LOCAL_RANK: 0 - CUDA_VISIBLE_DEVICES: [0]
[I 2023-11-30 04:53:45,177] Trial 126 finished with value: 21.224287033081055 and parameters: {'gradient_clip_val': 0.4016489089014685, 'hidden_size': 50, 'dropout': 0.3529042115473542, 'hidden_continuous_size': 21, 'attention_head_size': 2, 'learning_rate': 0.030419677172970512}. Best is trial 86 with value: 8.870033264160156.
LOCAL_RANK: 0 - CUDA_VISIBLE_DEVICES: [0]
[I 2023-11-30 04:53:58,296] Trial 127 finished with value: 17.430328369140625 and parameters: {'gradient_clip_val': 0.28761841288640555, 'hidden_size': 59, 'dropout': 0.3244701328249288, 'hidden_continuous_size': 23, 'attention_head_size': 2, 'learning_rate': 0.08531817347522941}. Best is trial 86 with value: 8.870033264160156.
LOCAL_RANK: 0 - CUDA_VISIBLE_DEVICES: [0]
[I 2023-11-30 04:54:11,562] Trial 128 finished with value: 12.166053771972656 and parameters: {'gradient_clip_val': 0.9063185671967255, 'hidden_size': 43, 'dropout': 0.31485796751854517, 'hidden_continuous_size': 40, 'attention_head_size': 4, 'learning_rate': 0.052977765086457795}. Best is trial 86 with value: 8.870033264160156.
LOCAL_RANK: 0 - CUDA_VISIBLE_DEVICES: [0]
[I 2023-11-30 04:54:24,262] Trial 129 finished with value: 14.89166259765625 and parameters: {'gradient_clip_val': 0.5691518986995767, 'hidden_size': 39, 'dropout': 0.37256669804559694, 'hidden_continuous_size': 35, 'attention_head_size': 1, 'learning_rate': 0.023662302799831645}. Best is trial 86 with value: 8.870033264160156.
LOCAL_RANK: 0 - CUDA_VISIBLE_DEVICES: [0]
[I 2023-11-30 04:54:37,334] Trial 130 finished with value: 18.321670532226562 and parameters: {'gradient_clip_val': 0.31386210440687645, 'hidden_size': 55, 'dropout': 0.3617184784162448, 'hidden_continuous_size': 24, 'attention_head_size': 2, 'learning_rate': 0.03702010629456425}. Best is trial 86 with value: 8.870033264160156.
LOCAL_RANK: 0 - CUDA_VISIBLE_DEVICES: [0]
[I 2023-11-30 04:54:50,825] Trial 131 finished with value: 10.98418140411377 and parameters: {'gradient_clip_val': 0.8417744214263728, 'hidden_size': 65, 'dropout': 0.38066521873057785, 'hidden_continuous_size': 26, 'attention_head_size': 2, 'learning_rate': 0.04283090062368588}. Best is trial 86 with value: 8.870033264160156.
LOCAL_RANK: 0 - CUDA_VISIBLE_DEVICES: [0]
[I 2023-11-30 04:55:04,001] Trial 132 finished with value: 15.051074981689453 and parameters: {'gradient_clip_val': 0.44454729352952727, 'hidden_size': 60, 'dropout': 0.3879237138767433, 'hidden_continuous_size': 25, 'attention_head_size': 2, 'learning_rate': 0.0181394538418733}. Best is trial 86 with value: 8.870033264160156.
LOCAL_RANK: 0 - CUDA_VISIBLE_DEVICES: [0]
[I 2023-11-30 04:55:17,476] Trial 133 finished with value: 15.263350486755371 and parameters: {'gradient_clip_val': 0.7740023506663793, 'hidden_size': 75, 'dropout': 0.3675780685356794, 'hidden_continuous_size': 28, 'attention_head_size': 2, 'learning_rate': 0.035715100241454134}. Best is trial 86 with value: 8.870033264160156.
LOCAL_RANK: 0 - CUDA_VISIBLE_DEVICES: [0]
[I 2023-11-30 04:55:30,845] Trial 134 finished with value: 11.591938972473145 and parameters: {'gradient_clip_val': 0.9468565413738764, 'hidden_size': 71, 'dropout': 0.3766919750425002, 'hidden_continuous_size': 27, 'attention_head_size': 2, 'learning_rate': 0.008504720598427782}. Best is trial 86 with value: 8.870033264160156.
LOCAL_RANK: 0 - CUDA_VISIBLE_DEVICES: [0]
[I 2023-11-30 04:55:44,272] Trial 135 finished with value: 15.854545593261719 and parameters: {'gradient_clip_val': 0.6790268134291377, 'hidden_size': 66, 'dropout': 0.26299745713958556, 'hidden_continuous_size': 45, 'attention_head_size': 2, 'learning_rate': 0.011750837480309518}. Best is trial 86 with value: 8.870033264160156.
LOCAL_RANK: 0 - CUDA_VISIBLE_DEVICES: [0]
[I 2023-11-30 04:55:57,642] Trial 136 finished with value: 22.549570083618164 and parameters: {'gradient_clip_val': 0.48713125878473656, 'hidden_size': 57, 'dropout': 0.3926495781067791, 'hidden_continuous_size': 29, 'attention_head_size': 2, 'learning_rate': 0.01395342250703869}. Best is trial 86 with value: 8.870033264160156.
LOCAL_RANK: 0 - CUDA_VISIBLE_DEVICES: [0]
[I 2023-11-30 04:56:11,175] Trial 137 finished with value: 22.460336685180664 and parameters: {'gradient_clip_val': 0.7403376245184464, 'hidden_size': 86, 'dropout': 0.35553381942190004, 'hidden_continuous_size': 32, 'attention_head_size': 2, 'learning_rate': 0.02603605928050152}. Best is trial 86 with value: 8.870033264160156.
LOCAL_RANK: 0 - CUDA_VISIBLE_DEVICES: [0]
[I 2023-11-30 04:56:24,882] Trial 138 finished with value: 15.20782470703125 and parameters: {'gradient_clip_val': 0.6194512279923514, 'hidden_size': 99, 'dropout': 0.38292246206665903, 'hidden_continuous_size': 38, 'attention_head_size': 1, 'learning_rate': 0.01996981745865195}. Best is trial 86 with value: 8.870033264160156.
LOCAL_RANK: 0 - CUDA_VISIBLE_DEVICES: [0]
[I 2023-11-30 04:56:38,850] Trial 139 finished with value: 18.404766082763672 and parameters: {'gradient_clip_val': 0.8102497846572155, 'hidden_size': 122, 'dropout': 0.2779241123589842, 'hidden_continuous_size': 20, 'attention_head_size': 2, 'learning_rate': 0.033547405079551465}. Best is trial 86 with value: 8.870033264160156.
LOCAL_RANK: 0 - CUDA_VISIBLE_DEVICES: [0]
[I 2023-11-30 04:56:51,604] Trial 140 finished with value: 7.849989414215088 and parameters: {'gradient_clip_val': 0.8697248085855082, 'hidden_size': 48, 'dropout': 0.34915945244849517, 'hidden_continuous_size': 23, 'attention_head_size': 2, 'learning_rate': 0.022476302799823596}. Best is trial 140 with value: 7.849989414215088.
LOCAL_RANK: 0 - CUDA_VISIBLE_DEVICES: [0]
[I 2023-11-30 04:57:04,726] Trial 141 finished with value: 9.825501441955566 and parameters: {'gradient_clip_val': 0.8700611023592483, 'hidden_size': 49, 'dropout': 0.34851944417352615, 'hidden_continuous_size': 23, 'attention_head_size': 2, 'learning_rate': 0.02287498533080303}. Best is trial 140 with value: 7.849989414215088.
LOCAL_RANK: 0 - CUDA_VISIBLE_DEVICES: [0]
[I 2023-11-30 04:57:17,172] Trial 142 finished with value: 11.230106353759766 and parameters: {'gradient_clip_val': 0.8781038834642735, 'hidden_size': 36, 'dropout': 0.348629190455932, 'hidden_continuous_size': 23, 'attention_head_size': 2, 'learning_rate': 0.02282136198259605}. Best is trial 140 with value: 7.849989414215088.
LOCAL_RANK: 0 - CUDA_VISIBLE_DEVICES: [0]
[I 2023-11-30 04:57:29,985] Trial 143 finished with value: 11.750502586364746 and parameters: {'gradient_clip_val': 0.9980231146456886, 'hidden_size': 47, 'dropout': 0.3409894029081829, 'hidden_continuous_size': 21, 'attention_head_size': 2, 'learning_rate': 0.030122478162882885}. Best is trial 140 with value: 7.849989414215088.
LOCAL_RANK: 0 - CUDA_VISIBLE_DEVICES: [0]
[I 2023-11-30 04:57:42,749] Trial 144 finished with value: 14.475539207458496 and parameters: {'gradient_clip_val': 0.9067906579106312, 'hidden_size': 42, 'dropout': 0.36286607591603304, 'hidden_continuous_size': 22, 'attention_head_size': 2, 'learning_rate': 0.02109906241931511}. Best is trial 140 with value: 7.849989414215088.
LOCAL_RANK: 0 - CUDA_VISIBLE_DEVICES: [0]
[I 2023-11-30 04:57:55,725] Trial 145 finished with value: 13.795126914978027 and parameters: {'gradient_clip_val': 0.8317107237317537, 'hidden_size': 51, 'dropout': 0.34923171833702565, 'hidden_continuous_size': 24, 'attention_head_size': 2, 'learning_rate': 0.02599577303106962}. Best is trial 140 with value: 7.849989414215088.
LOCAL_RANK: 0 - CUDA_VISIBLE_DEVICES: [0]
[I 2023-11-30 04:58:08,727] Trial 146 finished with value: 11.663783073425293 and parameters: {'gradient_clip_val': 0.7138497850831269, 'hidden_size': 41, 'dropout': 0.3381785777431438, 'hidden_continuous_size': 33, 'attention_head_size': 2, 'learning_rate': 0.023373336495194005}. Best is trial 140 with value: 7.849989414215088.
LOCAL_RANK: 0 - CUDA_VISIBLE_DEVICES: [0]
[I 2023-11-30 04:58:21,573] Trial 147 finished with value: 10.438238143920898 and parameters: {'gradient_clip_val': 0.2621235416801717, 'hidden_size': 45, 'dropout': 0.35634207637083287, 'hidden_continuous_size': 23, 'attention_head_size': 2, 'learning_rate': 0.017531964970611096}. Best is trial 140 with value: 7.849989414215088.
LOCAL_RANK: 0 - CUDA_VISIBLE_DEVICES: [0]
[I 2023-11-30 04:58:34,105] Trial 148 finished with value: 19.153146743774414 and parameters: {'gradient_clip_val': 0.3747478845901513, 'hidden_size': 32, 'dropout': 0.33070697864496945, 'hidden_continuous_size': 30, 'attention_head_size': 3, 'learning_rate': 0.028481076480687366}. Best is trial 140 with value: 7.849989414215088.
LOCAL_RANK: 0 - CUDA_VISIBLE_DEVICES: [0]
[I 2023-11-30 04:58:46,925] Trial 149 finished with value: 13.554000854492188 and parameters: {'gradient_clip_val': 0.7849723682028538, 'hidden_size': 49, 'dropout': 0.28517845399149444, 'hidden_continuous_size': 22, 'attention_head_size': 2, 'learning_rate': 0.019965915387783716}. Best is trial 140 with value: 7.849989414215088.
[I 2023-11-30 04:58:47,036] A new study created in memory with name: no-name-4a672789-bf54-4f23-8ca1-cc2fe06336b9
/home/le004/conda/anaconda3/envs/tsff_env/lib/python3.9/site-packages/lightning/fabric/plugins/environments/slurm.py:191: The `srun` command is available on your system but is not used. HINT: If your intention is to run Lightning on SLURM, prepend your python command with `srun` like so: srun python /home/le004/master_thesis/git/TSFusionForecast/code/ ...
LOCAL_RANK: 0 - CUDA_VISIBLE_DEVICES: [0]
[I 2023-11-30 04:59:00,353] Trial 0 finished with value: 26.71683692932129 and parameters: {'gradient_clip_val': 0.1476510242965903, 'hidden_size': 57, 'dropout': 0.2548210146194846, 'hidden_continuous_size': 48, 'attention_head_size': 2, 'learning_rate': 0.023737280102265806}. Best is trial 0 with value: 26.71683692932129.
LOCAL_RANK: 0 - CUDA_VISIBLE_DEVICES: [0]
[I 2023-11-30 04:59:13,745] Trial 1 finished with value: 30.657072067260742 and parameters: {'gradient_clip_val': 0.2689747588045646, 'hidden_size': 82, 'dropout': 0.20027332993355518, 'hidden_continuous_size': 11, 'attention_head_size': 3, 'learning_rate': 0.0268713674066757}. Best is trial 0 with value: 26.71683692932129.
LOCAL_RANK: 0 - CUDA_VISIBLE_DEVICES: [0]
[I 2023-11-30 04:59:25,871] Trial 2 finished with value: 41.803531646728516 and parameters: {'gradient_clip_val': 0.4375823790541191, 'hidden_size': 13, 'dropout': 0.3363831417023383, 'hidden_continuous_size': 11, 'attention_head_size': 3, 'learning_rate': 0.007201658777690482}. Best is trial 0 with value: 26.71683692932129.
LOCAL_RANK: 0 - CUDA_VISIBLE_DEVICES: [0]
[I 2023-11-30 04:59:38,392] Trial 3 finished with value: 28.267724990844727 and parameters: {'gradient_clip_val': 0.9307337024741065, 'hidden_size': 33, 'dropout': 0.273181769263681, 'hidden_continuous_size': 13, 'attention_head_size': 4, 'learning_rate': 0.0266682713296311}. Best is trial 0 with value: 26.71683692932129.
LOCAL_RANK: 0 - CUDA_VISIBLE_DEVICES: [0]
[I 2023-11-30 04:59:51,825] Trial 4 finished with value: 31.43027687072754 and parameters: {'gradient_clip_val': 0.4723243781102859, 'hidden_size': 61, 'dropout': 0.2773941557748786, 'hidden_continuous_size': 49, 'attention_head_size': 2, 'learning_rate': 0.03149330965526091}. Best is trial 0 with value: 26.71683692932129.
LOCAL_RANK: 0 - CUDA_VISIBLE_DEVICES: [0]
[I 2023-11-30 05:00:01,949] Trial 5 finished with value: 36.30727767944336 and parameters: {'gradient_clip_val': 0.2783082417764861, 'hidden_size': 10, 'dropout': 0.14263389576728225, 'hidden_continuous_size': 10, 'attention_head_size': 2, 'learning_rate': 0.021352868503359552}. Best is trial 0 with value: 26.71683692932129.
LOCAL_RANK: 0 - CUDA_VISIBLE_DEVICES: [0]
[I 2023-11-30 05:00:14,207] Trial 6 finished with value: 28.742431640625 and parameters: {'gradient_clip_val': 0.1315625630275177, 'hidden_size': 15, 'dropout': 0.2324661472059608, 'hidden_continuous_size': 14, 'attention_head_size': 2, 'learning_rate': 0.037776443432079664}. Best is trial 0 with value: 26.71683692932129.
LOCAL_RANK: 0 - CUDA_VISIBLE_DEVICES: [0]
[I 2023-11-30 05:00:24,123] Trial 7 finished with value: 40.968929290771484 and parameters: {'gradient_clip_val': 0.23698079272687872, 'hidden_size': 10, 'dropout': 0.10320936756713778, 'hidden_continuous_size': 10, 'attention_head_size': 1, 'learning_rate': 0.007127447464695308}. Best is trial 0 with value: 26.71683692932129.
LOCAL_RANK: 0 - CUDA_VISIBLE_DEVICES: [0]
[I 2023-11-30 05:00:37,516] Trial 8 finished with value: 28.084009170532227 and parameters: {'gradient_clip_val': 0.1845078762591109, 'hidden_size': 73, 'dropout': 0.19910622983774637, 'hidden_continuous_size': 16, 'attention_head_size': 3, 'learning_rate': 0.010881802810185345}. Best is trial 0 with value: 26.71683692932129.
LOCAL_RANK: 0 - CUDA_VISIBLE_DEVICES: [0]
[I 2023-11-30 05:00:50,329] Trial 9 finished with value: 27.937576293945312 and parameters: {'gradient_clip_val': 0.34669420919840754, 'hidden_size': 31, 'dropout': 0.22573620768188174, 'hidden_continuous_size': 26, 'attention_head_size': 4, 'learning_rate': 0.040088648590318236}. Best is trial 0 with value: 26.71683692932129.
LOCAL_RANK: 0 - CUDA_VISIBLE_DEVICES: [0]
[I 2023-11-30 05:01:04,568] Trial 10 finished with value: 34.040828704833984 and parameters: {'gradient_clip_val': 0.1159330152562578, 'hidden_size': 136, 'dropout': 0.3956299088996851, 'hidden_continuous_size': 98, 'attention_head_size': 1, 'learning_rate': 0.0013053578801131382}. Best is trial 0 with value: 26.71683692932129.
LOCAL_RANK: 0 - CUDA_VISIBLE_DEVICES: [0]
[I 2023-11-30 05:01:17,289] Trial 11 finished with value: 27.18210792541504 and parameters: {'gradient_clip_val': 0.18188179602366172, 'hidden_size': 31, 'dropout': 0.2879214473142875, 'hidden_continuous_size': 20, 'attention_head_size': 4, 'learning_rate': 0.09399350287748198}. Best is trial 0 with value: 26.71683692932129.
LOCAL_RANK: 0 - CUDA_VISIBLE_DEVICES: [0]
[I 2023-11-30 05:01:29,628] Trial 12 finished with value: 30.828100204467773 and parameters: {'gradient_clip_val': 0.15926041083690698, 'hidden_size': 23, 'dropout': 0.3041658089071333, 'hidden_continuous_size': 15, 'attention_head_size': 4, 'learning_rate': 0.09472221881533556}. Best is trial 0 with value: 26.71683692932129.
LOCAL_RANK: 0 - CUDA_VISIBLE_DEVICES: [0]
[I 2023-11-30 05:01:42,438] Trial 13 finished with value: 32.94882583618164 and parameters: {'gradient_clip_val': 0.1052975793989227, 'hidden_size': 49, 'dropout': 0.32418857295207765, 'hidden_continuous_size': 22, 'attention_head_size': 2, 'learning_rate': 0.08615016948505078}. Best is trial 0 with value: 26.71683692932129.
LOCAL_RANK: 0 - CUDA_VISIBLE_DEVICES: [0]
[I 2023-11-30 05:01:55,258] Trial 14 finished with value: 28.684988021850586 and parameters: {'gradient_clip_val': 0.17512440459604395, 'hidden_size': 41, 'dropout': 0.2602356586530126, 'hidden_continuous_size': 21, 'attention_head_size': 3, 'learning_rate': 0.06801135393262503}. Best is trial 0 with value: 26.71683692932129.
LOCAL_RANK: 0 - CUDA_VISIBLE_DEVICES: [0]
[I 2023-11-30 05:02:07,607] Trial 15 finished with value: 27.3659725189209 and parameters: {'gradient_clip_val': 0.14062202727314427, 'hidden_size': 26, 'dropout': 0.3542618093166216, 'hidden_continuous_size': 17, 'attention_head_size': 1, 'learning_rate': 0.060457168951507656}. Best is trial 0 with value: 26.71683692932129.
LOCAL_RANK: 0 - CUDA_VISIBLE_DEVICES: [0]
[I 2023-11-30 05:02:20,617] Trial 16 finished with value: 27.35550880432129 and parameters: {'gradient_clip_val': 0.10398454352711535, 'hidden_size': 46, 'dropout': 0.29283111303891607, 'hidden_continuous_size': 29, 'attention_head_size': 4, 'learning_rate': 0.054026702899161186}. Best is trial 0 with value: 26.71683692932129.
LOCAL_RANK: 0 - CUDA_VISIBLE_DEVICES: [0]
[I 2023-11-30 05:02:32,736] Trial 17 finished with value: 27.883102416992188 and parameters: {'gradient_clip_val': 0.2011160350393317, 'hidden_size': 26, 'dropout': 0.2554271177472402, 'hidden_continuous_size': 12, 'attention_head_size': 3, 'learning_rate': 0.01595065509151286}. Best is trial 0 with value: 26.71683692932129.
LOCAL_RANK: 0 - CUDA_VISIBLE_DEVICES: [0]
[I 2023-11-30 05:02:46,510] Trial 18 finished with value: 31.014801025390625 and parameters: {'gradient_clip_val': 0.1384818345639746, 'hidden_size': 94, 'dropout': 0.3067503895521487, 'hidden_continuous_size': 39, 'attention_head_size': 2, 'learning_rate': 0.05904161718175026}. Best is trial 0 with value: 26.71683692932129.
LOCAL_RANK: 0 - CUDA_VISIBLE_DEVICES: [0]
[I 2023-11-30 05:02:59,167] Trial 19 finished with value: 26.281400680541992 and parameters: {'gradient_clip_val': 0.19890341216955748, 'hidden_size': 52, 'dropout': 0.3685046390622531, 'hidden_continuous_size': 18, 'attention_head_size': 1, 'learning_rate': 0.09234952320172514}. Best is trial 19 with value: 26.281400680541992.
LOCAL_RANK: 0 - CUDA_VISIBLE_DEVICES: [0]
[I 2023-11-30 05:03:12,207] Trial 20 finished with value: 32.69527816772461 and parameters: {'gradient_clip_val': 0.22374937292339556, 'hidden_size': 59, 'dropout': 0.371903480523481, 'hidden_continuous_size': 19, 'attention_head_size': 1, 'learning_rate': 0.04781943780126829}. Best is trial 19 with value: 26.281400680541992.
LOCAL_RANK: 0 - CUDA_VISIBLE_DEVICES: [0]
[I 2023-11-30 05:03:24,770] Trial 21 finished with value: 30.32261085510254 and parameters: {'gradient_clip_val': 0.16379217978232188, 'hidden_size': 38, 'dropout': 0.3484798528895312, 'hidden_continuous_size': 17, 'attention_head_size': 1, 'learning_rate': 0.09385545688283094}. Best is trial 19 with value: 26.281400680541992.
LOCAL_RANK: 0 - CUDA_VISIBLE_DEVICES: [0]
[I 2023-11-30 05:03:37,468] Trial 22 finished with value: 34.75795364379883 and parameters: {'gradient_clip_val': 0.20959376043784947, 'hidden_size': 52, 'dropout': 0.32054851732423256, 'hidden_continuous_size': 20, 'attention_head_size': 2, 'learning_rate': 0.0749530390004405}. Best is trial 19 with value: 26.281400680541992.
LOCAL_RANK: 0 - CUDA_VISIBLE_DEVICES: [0]
[I 2023-11-30 05:03:49,880] Trial 23 finished with value: 25.822477340698242 and parameters: {'gradient_clip_val': 0.15418787642600545, 'hidden_size': 41, 'dropout': 0.39259578644992355, 'hidden_continuous_size': 14, 'attention_head_size': 1, 'learning_rate': 0.04304371510858499}. Best is trial 23 with value: 25.822477340698242.
LOCAL_RANK: 0 - CUDA_VISIBLE_DEVICES: [0]
[I 2023-11-30 05:04:02,796] Trial 24 finished with value: 34.88059616088867 and parameters: {'gradient_clip_val': 0.13211730969884497, 'hidden_size': 66, 'dropout': 0.3921883183487154, 'hidden_continuous_size': 13, 'attention_head_size': 1, 'learning_rate': 0.04904549750921002}. Best is trial 23 with value: 25.822477340698242.
LOCAL_RANK: 0 - CUDA_VISIBLE_DEVICES: [0]
[I 2023-11-30 05:04:15,796] Trial 25 finished with value: 30.18604850769043 and parameters: {'gradient_clip_val': 0.15257055845226303, 'hidden_size': 49, 'dropout': 0.37051727388368555, 'hidden_continuous_size': 15, 'attention_head_size': 1, 'learning_rate': 0.03687752965807314}. Best is trial 23 with value: 25.822477340698242.
LOCAL_RANK: 0 - CUDA_VISIBLE_DEVICES: [0]
[I 2023-11-30 05:04:28,317] Trial 26 finished with value: 28.91959571838379 and parameters: {'gradient_clip_val': 0.12529307727856198, 'hidden_size': 42, 'dropout': 0.39445958806430725, 'hidden_continuous_size': 14, 'attention_head_size': 1, 'learning_rate': 0.01951542128552277}. Best is trial 23 with value: 25.822477340698242.
LOCAL_RANK: 0 - CUDA_VISIBLE_DEVICES: [0]
[I 2023-11-30 05:04:41,943] Trial 27 finished with value: 31.030990600585938 and parameters: {'gradient_clip_val': 0.16976258656985202, 'hidden_size': 92, 'dropout': 0.36508215324458126, 'hidden_continuous_size': 37, 'attention_head_size': 2, 'learning_rate': 0.04227319305930585}. Best is trial 23 with value: 25.822477340698242.
LOCAL_RANK: 0 - CUDA_VISIBLE_DEVICES: [0]
[I 2023-11-30 05:04:54,748] Trial 28 finished with value: 31.757658004760742 and parameters: {'gradient_clip_val': 0.10985378361558763, 'hidden_size': 59, 'dropout': 0.3332980433297497, 'hidden_continuous_size': 17, 'attention_head_size': 1, 'learning_rate': 0.06167071494903909}. Best is trial 23 with value: 25.822477340698242.
LOCAL_RANK: 0 - CUDA_VISIBLE_DEVICES: [0]
[I 2023-11-30 05:05:08,069] Trial 29 finished with value: 27.89191436767578 and parameters: {'gradient_clip_val': 0.2448938133510906, 'hidden_size': 83, 'dropout': 0.35602582112110287, 'hidden_continuous_size': 12, 'attention_head_size': 2, 'learning_rate': 0.0258766546892602}. Best is trial 23 with value: 25.822477340698242.
LOCAL_RANK: 0 - CUDA_VISIBLE_DEVICES: [0]
[I 2023-11-30 05:05:21,442] Trial 30 finished with value: 27.448089599609375 and parameters: {'gradient_clip_val': 0.14739160905678494, 'hidden_size': 76, 'dropout': 0.3790696151119983, 'hidden_continuous_size': 25, 'attention_head_size': 1, 'learning_rate': 0.03191722774640073}. Best is trial 23 with value: 25.822477340698242.
LOCAL_RANK: 0 - CUDA_VISIBLE_DEVICES: [0]
