[I 2023-11-30 03:36:16,343] Trial 72 finished with value: 12.708233833312988 and parameters: {'gradient_clip_val': 0.22300099760131106, 'hidden_size': 102, 'dropout': 0.3185024853074535, 'hidden_continuous_size': 35, 'attention_head_size': 3, 'learning_rate': 0.0032033642816760954}. Best is trial 43 with value: 10.669554710388184.
LOCAL_RANK: 0 - CUDA_VISIBLE_DEVICES: [0]
[I 2023-11-30 03:36:30,193] Trial 73 finished with value: 15.279402732849121 and parameters: {'gradient_clip_val': 0.2639855799093222, 'hidden_size': 84, 'dropout': 0.3566620750820445, 'hidden_continuous_size': 48, 'attention_head_size': 3, 'learning_rate': 0.003959240068414459}. Best is trial 43 with value: 10.669554710388184.
LOCAL_RANK: 0 - CUDA_VISIBLE_DEVICES: [0]
[I 2023-11-30 03:36:44,169] Trial 74 finished with value: 19.426172256469727 and parameters: {'gradient_clip_val': 0.2408389061366384, 'hidden_size': 113, 'dropout': 0.24179465576706452, 'hidden_continuous_size': 29, 'attention_head_size': 3, 'learning_rate': 0.003789909052497119}. Best is trial 43 with value: 10.669554710388184.
LOCAL_RANK: 0 - CUDA_VISIBLE_DEVICES: [0]
[I 2023-11-30 03:36:57,981] Trial 75 finished with value: 15.125537872314453 and parameters: {'gradient_clip_val': 0.20327178162795864, 'hidden_size': 95, 'dropout': 0.3655924354090318, 'hidden_continuous_size': 41, 'attention_head_size': 4, 'learning_rate': 0.004794166693374847}. Best is trial 43 with value: 10.669554710388184.
LOCAL_RANK: 0 - CUDA_VISIBLE_DEVICES: [0]
[I 2023-11-30 03:37:11,307] Trial 76 finished with value: 15.847038269042969 and parameters: {'gradient_clip_val': 0.2901266733105236, 'hidden_size': 61, 'dropout': 0.3899171697931508, 'hidden_continuous_size': 37, 'attention_head_size': 2, 'learning_rate': 0.007477183945762833}. Best is trial 43 with value: 10.669554710388184.
LOCAL_RANK: 0 - CUDA_VISIBLE_DEVICES: [0]
[I 2023-11-30 03:37:25,189] Trial 77 finished with value: 12.184840202331543 and parameters: {'gradient_clip_val': 0.21714618347082, 'hidden_size': 73, 'dropout': 0.3085968679980474, 'hidden_continuous_size': 44, 'attention_head_size': 3, 'learning_rate': 0.010215801937476428}. Best is trial 43 with value: 10.669554710388184.
LOCAL_RANK: 0 - CUDA_VISIBLE_DEVICES: [0]
[I 2023-11-30 03:37:39,189] Trial 78 finished with value: 11.737632751464844 and parameters: {'gradient_clip_val': 0.3648488645587639, 'hidden_size': 110, 'dropout': 0.3303647123936003, 'hidden_continuous_size': 53, 'attention_head_size': 3, 'learning_rate': 0.008430859362634735}. Best is trial 43 with value: 10.669554710388184.
LOCAL_RANK: 0 - CUDA_VISIBLE_DEVICES: [0]
[I 2023-11-30 03:37:53,288] Trial 79 finished with value: 13.261299133300781 and parameters: {'gradient_clip_val': 0.3709425820452444, 'hidden_size': 108, 'dropout': 0.34773638577262334, 'hidden_continuous_size': 53, 'attention_head_size': 4, 'learning_rate': 0.008449610804202857}. Best is trial 43 with value: 10.669554710388184.
LOCAL_RANK: 0 - CUDA_VISIBLE_DEVICES: [0]
[I 2023-11-30 03:38:07,440] Trial 80 finished with value: 18.817649841308594 and parameters: {'gradient_clip_val': 0.3205672866537733, 'hidden_size': 126, 'dropout': 0.3284819878003038, 'hidden_continuous_size': 57, 'attention_head_size': 3, 'learning_rate': 0.005725684405953976}. Best is trial 43 with value: 10.669554710388184.
LOCAL_RANK: 0 - CUDA_VISIBLE_DEVICES: [0]
[I 2023-11-30 03:38:21,474] Trial 81 finished with value: 15.046466827392578 and parameters: {'gradient_clip_val': 0.3528164249903983, 'hidden_size': 89, 'dropout': 0.33477001931720096, 'hidden_continuous_size': 49, 'attention_head_size': 3, 'learning_rate': 0.006579731734863949}. Best is trial 43 with value: 10.669554710388184.
LOCAL_RANK: 0 - CUDA_VISIBLE_DEVICES: [0]
[I 2023-11-30 03:38:35,400] Trial 82 finished with value: 15.599186897277832 and parameters: {'gradient_clip_val': 0.3043753206858103, 'hidden_size': 101, 'dropout': 0.36748135930109926, 'hidden_continuous_size': 45, 'attention_head_size': 3, 'learning_rate': 0.005073524430811716}. Best is trial 43 with value: 10.669554710388184.
LOCAL_RANK: 0 - CUDA_VISIBLE_DEVICES: [0]
[I 2023-11-30 03:38:49,598] Trial 83 finished with value: 13.596978187561035 and parameters: {'gradient_clip_val': 0.282623426974652, 'hidden_size': 133, 'dropout': 0.2894772017307084, 'hidden_continuous_size': 62, 'attention_head_size': 3, 'learning_rate': 0.0043376054758724825}. Best is trial 43 with value: 10.669554710388184.
LOCAL_RANK: 0 - CUDA_VISIBLE_DEVICES: [0]
[I 2023-11-30 03:39:03,607] Trial 84 finished with value: 12.199372291564941 and parameters: {'gradient_clip_val': 0.26110687851348774, 'hidden_size': 116, 'dropout': 0.3064423018999318, 'hidden_continuous_size': 51, 'attention_head_size': 3, 'learning_rate': 0.0028888518522937976}. Best is trial 43 with value: 10.669554710388184.
LOCAL_RANK: 0 - CUDA_VISIBLE_DEVICES: [0]
[I 2023-11-30 03:39:17,290] Trial 85 finished with value: 12.913219451904297 and parameters: {'gradient_clip_val': 0.1823612146864937, 'hidden_size': 81, 'dropout': 0.3234307343932808, 'hidden_continuous_size': 40, 'attention_head_size': 3, 'learning_rate': 0.008198314042822535}. Best is trial 43 with value: 10.669554710388184.
LOCAL_RANK: 0 - CUDA_VISIBLE_DEVICES: [0]
[I 2023-11-30 03:39:31,689] Trial 86 finished with value: 18.597219467163086 and parameters: {'gradient_clip_val': 0.3289709176416703, 'hidden_size': 144, 'dropout': 0.3795874208253182, 'hidden_continuous_size': 34, 'attention_head_size': 4, 'learning_rate': 0.0038125651689040344}. Best is trial 43 with value: 10.669554710388184.
LOCAL_RANK: 0 - CUDA_VISIBLE_DEVICES: [0]
[I 2023-11-30 03:39:45,554] Trial 87 finished with value: 15.23528003692627 and parameters: {'gradient_clip_val': 0.38487900166293193, 'hidden_size': 92, 'dropout': 0.35172225734684226, 'hidden_continuous_size': 54, 'attention_head_size': 2, 'learning_rate': 0.007077831036088242}. Best is trial 43 with value: 10.669554710388184.
LOCAL_RANK: 0 - CUDA_VISIBLE_DEVICES: [0]
[I 2023-11-30 03:39:59,989] Trial 88 finished with value: 10.20269775390625 and parameters: {'gradient_clip_val': 0.2154051961148715, 'hidden_size': 122, 'dropout': 0.3399698643951178, 'hidden_continuous_size': 70, 'attention_head_size': 4, 'learning_rate': 0.010153060456631684}. Best is trial 88 with value: 10.20269775390625.
LOCAL_RANK: 0 - CUDA_VISIBLE_DEVICES: [0]
[I 2023-11-30 03:40:14,318] Trial 89 finished with value: 19.43379783630371 and parameters: {'gradient_clip_val': 0.22413742654102126, 'hidden_size': 125, 'dropout': 0.3602436802297307, 'hidden_continuous_size': 68, 'attention_head_size': 4, 'learning_rate': 0.011255511783453917}. Best is trial 88 with value: 10.20269775390625.
LOCAL_RANK: 0 - CUDA_VISIBLE_DEVICES: [0]
[I 2023-11-30 03:40:28,343] Trial 90 finished with value: 14.527886390686035 and parameters: {'gradient_clip_val': 0.20828652765071698, 'hidden_size': 112, 'dropout': 0.33938889704257286, 'hidden_continuous_size': 59, 'attention_head_size': 4, 'learning_rate': 0.009414373841624012}. Best is trial 88 with value: 10.20269775390625.
LOCAL_RANK: 0 - CUDA_VISIBLE_DEVICES: [0]
[I 2023-11-30 03:40:42,607] Trial 91 finished with value: 12.485447883605957 and parameters: {'gradient_clip_val': 0.23193709401946735, 'hidden_size': 106, 'dropout': 0.32029192895462977, 'hidden_continuous_size': 42, 'attention_head_size': 4, 'learning_rate': 0.006038634604448974}. Best is trial 88 with value: 10.20269775390625.
LOCAL_RANK: 0 - CUDA_VISIBLE_DEVICES: [0]
[I 2023-11-30 03:40:56,648] Trial 92 finished with value: 17.165252685546875 and parameters: {'gradient_clip_val': 0.19569379987549168, 'hidden_size': 98, 'dropout': 0.3458716645334451, 'hidden_continuous_size': 47, 'attention_head_size': 4, 'learning_rate': 0.0034623616070197207}. Best is trial 88 with value: 10.20269775390625.
LOCAL_RANK: 0 - CUDA_VISIBLE_DEVICES: [0]
[I 2023-11-30 03:41:10,909] Trial 93 finished with value: 11.676529884338379 and parameters: {'gradient_clip_val': 0.21565451685937817, 'hidden_size': 121, 'dropout': 0.33318123639513075, 'hidden_continuous_size': 70, 'attention_head_size': 3, 'learning_rate': 0.013370852924009956}. Best is trial 88 with value: 10.20269775390625.
LOCAL_RANK: 0 - CUDA_VISIBLE_DEVICES: [0]
[I 2023-11-30 03:41:25,310] Trial 94 finished with value: 13.952189445495605 and parameters: {'gradient_clip_val': 0.1739921152165604, 'hidden_size': 119, 'dropout': 0.3339867318665439, 'hidden_continuous_size': 72, 'attention_head_size': 4, 'learning_rate': 0.01215883792303808}. Best is trial 88 with value: 10.20269775390625.
LOCAL_RANK: 0 - CUDA_VISIBLE_DEVICES: [0]
[I 2023-11-30 03:41:39,705] Trial 95 finished with value: 24.309463500976562 and parameters: {'gradient_clip_val': 0.18299105312762, 'hidden_size': 149, 'dropout': 0.3541044762785279, 'hidden_continuous_size': 64, 'attention_head_size': 3, 'learning_rate': 0.010214728895659459}. Best is trial 88 with value: 10.20269775390625.
LOCAL_RANK: 0 - CUDA_VISIBLE_DEVICES: [0]
[I 2023-11-30 03:41:54,487] Trial 96 finished with value: 11.37168025970459 and parameters: {'gradient_clip_val': 0.16176855778156463, 'hidden_size': 135, 'dropout': 0.37093599644375647, 'hidden_continuous_size': 78, 'attention_head_size': 4, 'learning_rate': 0.008783621880282495}. Best is trial 88 with value: 10.20269775390625.
LOCAL_RANK: 0 - CUDA_VISIBLE_DEVICES: [0]
[I 2023-11-30 03:42:08,935] Trial 97 finished with value: 17.287900924682617 and parameters: {'gradient_clip_val': 0.15574189887230894, 'hidden_size': 136, 'dropout': 0.3737346870892595, 'hidden_continuous_size': 81, 'attention_head_size': 4, 'learning_rate': 0.013041190023454819}. Best is trial 88 with value: 10.20269775390625.
LOCAL_RANK: 0 - CUDA_VISIBLE_DEVICES: [0]
[I 2023-11-30 03:42:23,586] Trial 98 finished with value: 19.83063507080078 and parameters: {'gradient_clip_val': 0.21461717292737853, 'hidden_size': 137, 'dropout': 0.3940734041585578, 'hidden_continuous_size': 89, 'attention_head_size': 4, 'learning_rate': 0.01665371851728718}. Best is trial 88 with value: 10.20269775390625.
LOCAL_RANK: 0 - CUDA_VISIBLE_DEVICES: [0]
[I 2023-11-30 03:42:37,944] Trial 99 finished with value: 21.108518600463867 and parameters: {'gradient_clip_val': 0.20176336892710803, 'hidden_size': 125, 'dropout': 0.36112707237358027, 'hidden_continuous_size': 70, 'attention_head_size': 4, 'learning_rate': 0.010193890985750818}. Best is trial 88 with value: 10.20269775390625.
LOCAL_RANK: 0 - CUDA_VISIBLE_DEVICES: [0]
[I 2023-11-30 03:42:52,527] Trial 100 finished with value: 13.641754150390625 and parameters: {'gradient_clip_val': 0.18560266996515143, 'hidden_size': 117, 'dropout': 0.3693292923210149, 'hidden_continuous_size': 77, 'attention_head_size': 4, 'learning_rate': 0.007040611279631581}. Best is trial 88 with value: 10.20269775390625.
LOCAL_RANK: 0 - CUDA_VISIBLE_DEVICES: [0]
[I 2023-11-30 03:43:06,848] Trial 101 finished with value: 11.215099334716797 and parameters: {'gradient_clip_val': 0.16498235760762872, 'hidden_size': 106, 'dropout': 0.34141754359478693, 'hidden_continuous_size': 68, 'attention_head_size': 4, 'learning_rate': 0.008700505253314166}. Best is trial 88 with value: 10.20269775390625.
LOCAL_RANK: 0 - CUDA_VISIBLE_DEVICES: [0]
[I 2023-11-30 03:43:21,034] Trial 102 finished with value: 12.638985633850098 and parameters: {'gradient_clip_val': 0.1725260650456404, 'hidden_size': 104, 'dropout': 0.3415421885660285, 'hidden_continuous_size': 69, 'attention_head_size': 4, 'learning_rate': 0.008824406908957735}. Best is trial 88 with value: 10.20269775390625.
LOCAL_RANK: 0 - CUDA_VISIBLE_DEVICES: [0]
[I 2023-11-30 03:43:35,500] Trial 103 finished with value: 12.16660213470459 and parameters: {'gradient_clip_val': 0.16446813726896192, 'hidden_size': 129, 'dropout': 0.35183686641612916, 'hidden_continuous_size': 65, 'attention_head_size': 4, 'learning_rate': 0.006078684121453754}. Best is trial 88 with value: 10.20269775390625.
LOCAL_RANK: 0 - CUDA_VISIBLE_DEVICES: [0]
[I 2023-11-30 03:43:49,745] Trial 104 finished with value: 15.677474975585938 and parameters: {'gradient_clip_val': 0.1928929346604441, 'hidden_size': 120, 'dropout': 0.38519526037089985, 'hidden_continuous_size': 81, 'attention_head_size': 4, 'learning_rate': 0.007876727808135368}. Best is trial 88 with value: 10.20269775390625.
LOCAL_RANK: 0 - CUDA_VISIBLE_DEVICES: [0]
[I 2023-11-30 03:44:04,431] Trial 105 finished with value: 15.999530792236328 and parameters: {'gradient_clip_val': 0.14738628403128864, 'hidden_size': 144, 'dropout': 0.3637569105203481, 'hidden_continuous_size': 94, 'attention_head_size': 4, 'learning_rate': 0.0076708228897335185}. Best is trial 88 with value: 10.20269775390625.
LOCAL_RANK: 0 - CUDA_VISIBLE_DEVICES: [0]
[I 2023-11-30 03:44:18,481] Trial 106 finished with value: 15.50438404083252 and parameters: {'gradient_clip_val': 0.2131811204738973, 'hidden_size': 98, 'dropout': 0.34629045800038666, 'hidden_continuous_size': 61, 'attention_head_size': 4, 'learning_rate': 0.014051597391279686}. Best is trial 88 with value: 10.20269775390625.
LOCAL_RANK: 0 - CUDA_VISIBLE_DEVICES: [0]
[I 2023-11-30 03:44:32,820] Trial 107 finished with value: 17.896343231201172 and parameters: {'gradient_clip_val': 0.16292451286893714, 'hidden_size': 106, 'dropout': 0.37911984952862593, 'hidden_continuous_size': 74, 'attention_head_size': 4, 'learning_rate': 0.005264739212861893}. Best is trial 88 with value: 10.20269775390625.
LOCAL_RANK: 0 - CUDA_VISIBLE_DEVICES: [0]
[I 2023-11-30 03:44:47,328] Trial 108 finished with value: 15.509605407714844 and parameters: {'gradient_clip_val': 0.2020626570465812, 'hidden_size': 134, 'dropout': 0.3578969564563787, 'hidden_continuous_size': 67, 'attention_head_size': 4, 'learning_rate': 0.009143327369512354}. Best is trial 88 with value: 10.20269775390625.
LOCAL_RANK: 0 - CUDA_VISIBLE_DEVICES: [0]
[I 2023-11-30 03:45:01,422] Trial 109 finished with value: 13.190028190612793 and parameters: {'gradient_clip_val': 0.2419964227097208, 'hidden_size': 110, 'dropout': 0.37201501762220174, 'hidden_continuous_size': 63, 'attention_head_size': 4, 'learning_rate': 0.010852021535727226}. Best is trial 88 with value: 10.20269775390625.
LOCAL_RANK: 0 - CUDA_VISIBLE_DEVICES: [0]
[I 2023-11-30 03:45:15,782] Trial 110 finished with value: 12.67462158203125 and parameters: {'gradient_clip_val': 0.1871730622066613, 'hidden_size': 85, 'dropout': 0.33679677206516284, 'hidden_continuous_size': 71, 'attention_head_size': 4, 'learning_rate': 0.006800989052337703}. Best is trial 88 with value: 10.20269775390625.
LOCAL_RANK: 0 - CUDA_VISIBLE_DEVICES: [0]
[I 2023-11-30 03:45:29,870] Trial 111 finished with value: 11.359784126281738 and parameters: {'gradient_clip_val': 0.22810324819528494, 'hidden_size': 112, 'dropout': 0.3321086723880822, 'hidden_continuous_size': 58, 'attention_head_size': 3, 'learning_rate': 0.009420943846649814}. Best is trial 88 with value: 10.20269775390625.
LOCAL_RANK: 0 - CUDA_VISIBLE_DEVICES: [0]
[I 2023-11-30 03:45:44,022] Trial 112 finished with value: 19.720182418823242 and parameters: {'gradient_clip_val': 0.22753304580390182, 'hidden_size': 125, 'dropout': 0.3288185728486182, 'hidden_continuous_size': 56, 'attention_head_size': 3, 'learning_rate': 0.012191804549699254}. Best is trial 88 with value: 10.20269775390625.
LOCAL_RANK: 0 - CUDA_VISIBLE_DEVICES: [0]
[I 2023-11-30 03:45:58,105] Trial 113 finished with value: 11.683981895446777 and parameters: {'gradient_clip_val': 0.2195897252149565, 'hidden_size': 94, 'dropout': 0.31891825568702653, 'hidden_continuous_size': 67, 'attention_head_size': 3, 'learning_rate': 0.00957573903457803}. Best is trial 88 with value: 10.20269775390625.
LOCAL_RANK: 0 - CUDA_VISIBLE_DEVICES: [0]
[I 2023-11-30 03:46:11,974] Trial 114 finished with value: 20.07122039794922 and parameters: {'gradient_clip_val': 0.2200908110335236, 'hidden_size': 92, 'dropout': 0.3155130583997899, 'hidden_continuous_size': 66, 'attention_head_size': 3, 'learning_rate': 0.009362100282074726}. Best is trial 88 with value: 10.20269775390625.
LOCAL_RANK: 0 - CUDA_VISIBLE_DEVICES: [0]
[I 2023-11-30 03:46:26,260] Trial 115 finished with value: 17.904916763305664 and parameters: {'gradient_clip_val': 0.17729863479778474, 'hidden_size': 100, 'dropout': 0.3199641388339571, 'hidden_continuous_size': 69, 'attention_head_size': 3, 'learning_rate': 0.010446517050476114}. Best is trial 88 with value: 10.20269775390625.
LOCAL_RANK: 0 - CUDA_VISIBLE_DEVICES: [0]
[I 2023-11-30 03:46:40,099] Trial 116 finished with value: 18.122419357299805 and parameters: {'gradient_clip_val': 0.19900407966941672, 'hidden_size': 112, 'dropout': 0.3420255786721663, 'hidden_continuous_size': 59, 'attention_head_size': 3, 'learning_rate': 0.011740407437206044}. Best is trial 88 with value: 10.20269775390625.
LOCAL_RANK: 0 - CUDA_VISIBLE_DEVICES: [0]
[I 2023-11-30 03:46:53,969] Trial 117 finished with value: 14.587201118469238 and parameters: {'gradient_clip_val': 0.24895602560221422, 'hidden_size': 78, 'dropout': 0.3313363410178324, 'hidden_continuous_size': 64, 'attention_head_size': 3, 'learning_rate': 0.008542104908682728}. Best is trial 88 with value: 10.20269775390625.
LOCAL_RANK: 0 - CUDA_VISIBLE_DEVICES: [0]
[I 2023-11-30 03:47:08,115] Trial 118 finished with value: 14.150408744812012 and parameters: {'gradient_clip_val': 0.2344203411754753, 'hidden_size': 94, 'dropout': 0.32451172535772443, 'hidden_continuous_size': 75, 'attention_head_size': 3, 'learning_rate': 0.0077455978499097735}. Best is trial 88 with value: 10.20269775390625.
LOCAL_RANK: 0 - CUDA_VISIBLE_DEVICES: [0]
[I 2023-11-30 03:47:22,488] Trial 119 finished with value: 16.966859817504883 and parameters: {'gradient_clip_val': 0.20587078344073373, 'hidden_size': 121, 'dropout': 0.3080416819301518, 'hidden_continuous_size': 51, 'attention_head_size': 3, 'learning_rate': 0.011193101630510117}. Best is trial 88 with value: 10.20269775390625.
LOCAL_RANK: 0 - CUDA_VISIBLE_DEVICES: [0]
[I 2023-11-30 03:47:36,603] Trial 120 finished with value: 15.07867431640625 and parameters: {'gradient_clip_val': 0.19041332218292073, 'hidden_size': 103, 'dropout': 0.3503915328029661, 'hidden_continuous_size': 61, 'attention_head_size': 3, 'learning_rate': 0.01400714929756828}. Best is trial 88 with value: 10.20269775390625.
LOCAL_RANK: 0 - CUDA_VISIBLE_DEVICES: [0]
[I 2023-11-30 03:47:50,469] Trial 121 finished with value: 19.427785873413086 and parameters: {'gradient_clip_val': 0.21852314563582317, 'hidden_size': 112, 'dropout': 0.3623555576762581, 'hidden_continuous_size': 57, 'attention_head_size': 3, 'learning_rate': 0.006512227342450239}. Best is trial 88 with value: 10.20269775390625.
LOCAL_RANK: 0 - CUDA_VISIBLE_DEVICES: [0]
[I 2023-11-30 03:48:04,643] Trial 122 finished with value: 15.11939525604248 and parameters: {'gradient_clip_val': 0.2727795379597165, 'hidden_size': 116, 'dropout': 0.33512629827293955, 'hidden_continuous_size': 71, 'attention_head_size': 3, 'learning_rate': 0.007339778901467832}. Best is trial 88 with value: 10.20269775390625.
LOCAL_RANK: 0 - CUDA_VISIBLE_DEVICES: [0]
[I 2023-11-30 03:48:18,430] Trial 123 finished with value: 19.000768661499023 and parameters: {'gradient_clip_val': 0.25554111194202844, 'hidden_size': 88, 'dropout': 0.34391443494367974, 'hidden_continuous_size': 45, 'attention_head_size': 4, 'learning_rate': 0.00953937365356285}. Best is trial 88 with value: 10.20269775390625.
LOCAL_RANK: 0 - CUDA_VISIBLE_DEVICES: [0]
[I 2023-11-30 03:48:32,638] Trial 124 finished with value: 13.999004364013672 and parameters: {'gradient_clip_val': 0.17888854784652133, 'hidden_size': 132, 'dropout': 0.31474727021951504, 'hidden_continuous_size': 54, 'attention_head_size': 3, 'learning_rate': 0.005525553994571173}. Best is trial 88 with value: 10.20269775390625.
LOCAL_RANK: 0 - CUDA_VISIBLE_DEVICES: [0]
[I 2023-11-30 03:48:46,556] Trial 125 finished with value: 14.115894317626953 and parameters: {'gradient_clip_val': 0.23431598506876186, 'hidden_size': 96, 'dropout': 0.35678709500349337, 'hidden_continuous_size': 49, 'attention_head_size': 4, 'learning_rate': 0.0086540284077927}. Best is trial 88 with value: 10.20269775390625.
LOCAL_RANK: 0 - CUDA_VISIBLE_DEVICES: [0]
[I 2023-11-30 03:49:00,456] Trial 126 finished with value: 14.119828224182129 and parameters: {'gradient_clip_val': 0.2063075421015924, 'hidden_size': 105, 'dropout': 0.3682192406125601, 'hidden_continuous_size': 62, 'attention_head_size': 1, 'learning_rate': 0.004525504410236387}. Best is trial 88 with value: 10.20269775390625.
LOCAL_RANK: 0 - CUDA_VISIBLE_DEVICES: [0]
[I 2023-11-30 03:49:14,481] Trial 127 finished with value: 13.695206642150879 and parameters: {'gradient_clip_val': 0.16661930302477368, 'hidden_size': 83, 'dropout': 0.23010011820410017, 'hidden_continuous_size': 68, 'attention_head_size': 3, 'learning_rate': 0.006092060487660377}. Best is trial 88 with value: 10.20269775390625.
LOCAL_RANK: 0 - CUDA_VISIBLE_DEVICES: [0]
[I 2023-11-30 03:49:28,888] Trial 128 finished with value: 17.513547897338867 and parameters: {'gradient_clip_val': 0.30590033097038893, 'hidden_size': 140, 'dropout': 0.3383049313105031, 'hidden_continuous_size': 80, 'attention_head_size': 4, 'learning_rate': 0.00989785964339647}. Best is trial 88 with value: 10.20269775390625.
LOCAL_RANK: 0 - CUDA_VISIBLE_DEVICES: [0]
[I 2023-11-30 03:49:42,851] Trial 129 finished with value: 14.829394340515137 and parameters: {'gradient_clip_val': 0.1918718470460832, 'hidden_size': 120, 'dropout': 0.21091263806712868, 'hidden_continuous_size': 58, 'attention_head_size': 3, 'learning_rate': 0.0032404346894063935}. Best is trial 88 with value: 10.20269775390625.
LOCAL_RANK: 0 - CUDA_VISIBLE_DEVICES: [0]
