[I 2023-11-30 12:46:55,906] Trial 26 finished with value: 16.064912796020508 and parameters: {'gradient_clip_val': 0.1252143962389269, 'hidden_size': 123, 'dropout': 0.12624519969403342, 'hidden_continuous_size': 35, 'attention_head_size': 4, 'learning_rate': 0.0043585130162981656}. Best is trial 23 with value: 10.841813087463379.
LOCAL_RANK: 0 - CUDA_VISIBLE_DEVICES: [0]
[I 2023-11-30 12:47:09,364] Trial 27 finished with value: 11.84752368927002 and parameters: {'gradient_clip_val': 0.1951081670570545, 'hidden_size': 93, 'dropout': 0.14735114971674543, 'hidden_continuous_size': 14, 'attention_head_size': 2, 'learning_rate': 0.00889226135193291}. Best is trial 23 with value: 10.841813087463379.
LOCAL_RANK: 0 - CUDA_VISIBLE_DEVICES: [0]
[I 2023-11-30 12:47:22,194] Trial 28 finished with value: 11.077125549316406 and parameters: {'gradient_clip_val': 0.1545594510175065, 'hidden_size': 43, 'dropout': 0.18755637238749978, 'hidden_continuous_size': 10, 'attention_head_size': 3, 'learning_rate': 0.018474952313886343}. Best is trial 23 with value: 10.841813087463379.
LOCAL_RANK: 0 - CUDA_VISIBLE_DEVICES: [0]
[I 2023-11-30 12:47:35,407] Trial 29 finished with value: 11.767800331115723 and parameters: {'gradient_clip_val': 0.17087537776295267, 'hidden_size': 80, 'dropout': 0.17375708809352203, 'hidden_continuous_size': 10, 'attention_head_size': 3, 'learning_rate': 0.019103423516895708}. Best is trial 23 with value: 10.841813087463379.
LOCAL_RANK: 0 - CUDA_VISIBLE_DEVICES: [0]
[I 2023-11-30 12:47:49,730] Trial 30 finished with value: 12.031201362609863 and parameters: {'gradient_clip_val': 0.14595763281907242, 'hidden_size': 149, 'dropout': 0.10043194784596476, 'hidden_continuous_size': 24, 'attention_head_size': 3, 'learning_rate': 0.005735268151608916}. Best is trial 23 with value: 10.841813087463379.
LOCAL_RANK: 0 - CUDA_VISIBLE_DEVICES: [0]
[I 2023-11-30 12:48:02,558] Trial 31 finished with value: 11.30246353149414 and parameters: {'gradient_clip_val': 0.14072039484622878, 'hidden_size': 45, 'dropout': 0.14945214105995083, 'hidden_continuous_size': 13, 'attention_head_size': 3, 'learning_rate': 0.029415186679733703}. Best is trial 23 with value: 10.841813087463379.
LOCAL_RANK: 0 - CUDA_VISIBLE_DEVICES: [0]
[I 2023-11-30 12:48:16,289] Trial 32 finished with value: 12.68335247039795 and parameters: {'gradient_clip_val': 0.21129077684670747, 'hidden_size': 120, 'dropout': 0.1531097202221511, 'hidden_continuous_size': 19, 'attention_head_size': 3, 'learning_rate': 0.01756278765955067}. Best is trial 23 with value: 10.841813087463379.
LOCAL_RANK: 0 - CUDA_VISIBLE_DEVICES: [0]
[I 2023-11-30 12:48:29,309] Trial 33 finished with value: 11.933570861816406 and parameters: {'gradient_clip_val': 0.17650634139580093, 'hidden_size': 68, 'dropout': 0.12209946751364434, 'hidden_continuous_size': 12, 'attention_head_size': 4, 'learning_rate': 0.023003684547660042}. Best is trial 23 with value: 10.841813087463379.
LOCAL_RANK: 0 - CUDA_VISIBLE_DEVICES: [0]
[I 2023-11-30 12:48:42,359] Trial 34 finished with value: 11.814167976379395 and parameters: {'gradient_clip_val': 0.13637632388774665, 'hidden_size': 49, 'dropout': 0.18298703776709058, 'hidden_continuous_size': 10, 'attention_head_size': 3, 'learning_rate': 0.043709200376568946}. Best is trial 23 with value: 10.841813087463379.
LOCAL_RANK: 0 - CUDA_VISIBLE_DEVICES: [0]
[I 2023-11-30 12:48:55,867] Trial 35 finished with value: 11.71407413482666 and parameters: {'gradient_clip_val': 0.2373921205705151, 'hidden_size': 87, 'dropout': 0.15599875055270312, 'hidden_continuous_size': 14, 'attention_head_size': 4, 'learning_rate': 0.026557091329700598}. Best is trial 23 with value: 10.841813087463379.
LOCAL_RANK: 0 - CUDA_VISIBLE_DEVICES: [0]
[I 2023-11-30 12:49:09,294] Trial 36 finished with value: 12.081746101379395 and parameters: {'gradient_clip_val': 0.19125203315175893, 'hidden_size': 77, 'dropout': 0.13798167777850534, 'hidden_continuous_size': 18, 'attention_head_size': 3, 'learning_rate': 0.01530808569960841}. Best is trial 23 with value: 10.841813087463379.
LOCAL_RANK: 0 - CUDA_VISIBLE_DEVICES: [0]
[I 2023-11-30 12:49:23,222] Trial 37 finished with value: 11.685002326965332 and parameters: {'gradient_clip_val': 0.15812970549305616, 'hidden_size': 119, 'dropout': 0.11504977254173007, 'hidden_continuous_size': 21, 'attention_head_size': 4, 'learning_rate': 0.009938190431618216}. Best is trial 23 with value: 10.841813087463379.
LOCAL_RANK: 0 - CUDA_VISIBLE_DEVICES: [0]
[I 2023-11-30 12:49:36,199] Trial 38 finished with value: 13.579804420471191 and parameters: {'gradient_clip_val': 0.12218755453945095, 'hidden_size': 47, 'dropout': 0.1595302172906354, 'hidden_continuous_size': 11, 'attention_head_size': 3, 'learning_rate': 0.02998321448416098}. Best is trial 23 with value: 10.841813087463379.
LOCAL_RANK: 0 - CUDA_VISIBLE_DEVICES: [0]
[I 2023-11-30 12:49:49,175] Trial 39 finished with value: 11.817898750305176 and parameters: {'gradient_clip_val': 0.2054977775475938, 'hidden_size': 60, 'dropout': 0.14392382122681552, 'hidden_continuous_size': 16, 'attention_head_size': 3, 'learning_rate': 0.01295448853522865}. Best is trial 23 with value: 10.841813087463379.
LOCAL_RANK: 0 - CUDA_VISIBLE_DEVICES: [0]
[I 2023-11-30 12:50:02,672] Trial 40 finished with value: 10.98119068145752 and parameters: {'gradient_clip_val': 0.2579470775548201, 'hidden_size': 91, 'dropout': 0.13693337093162888, 'hidden_continuous_size': 13, 'attention_head_size': 4, 'learning_rate': 0.02051890306831445}. Best is trial 23 with value: 10.841813087463379.
LOCAL_RANK: 0 - CUDA_VISIBLE_DEVICES: [0]
[I 2023-11-30 12:50:16,279] Trial 41 finished with value: 11.428062438964844 and parameters: {'gradient_clip_val': 0.2507994075486454, 'hidden_size': 93, 'dropout': 0.11619637274037473, 'hidden_continuous_size': 13, 'attention_head_size': 4, 'learning_rate': 0.02025408562654352}. Best is trial 23 with value: 10.841813087463379.
LOCAL_RANK: 0 - CUDA_VISIBLE_DEVICES: [0]
[I 2023-11-30 12:50:29,488] Trial 42 finished with value: 12.285120964050293 and parameters: {'gradient_clip_val': 0.2168008220626601, 'hidden_size': 71, 'dropout': 0.13287453826107323, 'hidden_continuous_size': 12, 'attention_head_size': 4, 'learning_rate': 0.025093499941936777}. Best is trial 23 with value: 10.841813087463379.
LOCAL_RANK: 0 - CUDA_VISIBLE_DEVICES: [0]
[I 2023-11-30 12:50:43,396] Trial 43 finished with value: 12.830805778503418 and parameters: {'gradient_clip_val': 0.17056374959295054, 'hidden_size': 126, 'dropout': 0.1621687471115113, 'hidden_continuous_size': 15, 'attention_head_size': 4, 'learning_rate': 0.016708908998358505}. Best is trial 23 with value: 10.841813087463379.
LOCAL_RANK: 0 - CUDA_VISIBLE_DEVICES: [0]
[I 2023-11-30 12:50:57,048] Trial 44 finished with value: 12.0318603515625 and parameters: {'gradient_clip_val': 0.25907624199907525, 'hidden_size': 83, 'dropout': 0.11401057679271535, 'hidden_continuous_size': 18, 'attention_head_size': 3, 'learning_rate': 0.032455442068068614}. Best is trial 23 with value: 10.841813087463379.
LOCAL_RANK: 0 - CUDA_VISIBLE_DEVICES: [0]
[I 2023-11-30 12:51:09,735] Trial 45 finished with value: 11.366814613342285 and parameters: {'gradient_clip_val': 0.14182961743923367, 'hidden_size': 44, 'dropout': 0.14165551859338713, 'hidden_continuous_size': 11, 'attention_head_size': 3, 'learning_rate': 0.01433525468587732}. Best is trial 23 with value: 10.841813087463379.
LOCAL_RANK: 0 - CUDA_VISIBLE_DEVICES: [0]
[I 2023-11-30 12:51:23,729] Trial 46 finished with value: 11.534937858581543 and parameters: {'gradient_clip_val': 0.3855691387024395, 'hidden_size': 132, 'dropout': 0.1850215056201901, 'hidden_continuous_size': 21, 'attention_head_size': 4, 'learning_rate': 0.02028870085481695}. Best is trial 23 with value: 10.841813087463379.
LOCAL_RANK: 0 - CUDA_VISIBLE_DEVICES: [0]
[I 2023-11-30 12:51:37,965] Trial 47 finished with value: 11.844409942626953 and parameters: {'gradient_clip_val': 0.28290348868476467, 'hidden_size': 149, 'dropout': 0.1635267651132713, 'hidden_continuous_size': 43, 'attention_head_size': 2, 'learning_rate': 0.057366069668104015}. Best is trial 23 with value: 10.841813087463379.
LOCAL_RANK: 0 - CUDA_VISIBLE_DEVICES: [0]
[I 2023-11-30 12:51:51,785] Trial 48 finished with value: 11.821490287780762 and parameters: {'gradient_clip_val': 0.2306016497275254, 'hidden_size': 111, 'dropout': 0.1146600435482024, 'hidden_continuous_size': 24, 'attention_head_size': 3, 'learning_rate': 0.012009709811907632}. Best is trial 23 with value: 10.841813087463379.
LOCAL_RANK: 0 - CUDA_VISIBLE_DEVICES: [0]
[I 2023-11-30 12:52:05,561] Trial 49 finished with value: 11.373990058898926 and parameters: {'gradient_clip_val': 0.18687790701135004, 'hidden_size': 97, 'dropout': 0.1356532340632063, 'hidden_continuous_size': 14, 'attention_head_size': 3, 'learning_rate': 0.008128056632900307}. Best is trial 23 with value: 10.841813087463379.
LOCAL_RANK: 0 - CUDA_VISIBLE_DEVICES: [0]
[I 2023-11-30 12:52:18,139] Trial 50 finished with value: 11.2689790725708 and parameters: {'gradient_clip_val': 0.2745955100101847, 'hidden_size': 39, 'dropout': 0.10536451951069857, 'hidden_continuous_size': 13, 'attention_head_size': 2, 'learning_rate': 0.03821690679233992}. Best is trial 23 with value: 10.841813087463379.
LOCAL_RANK: 0 - CUDA_VISIBLE_DEVICES: [0]
[I 2023-11-30 12:52:30,537] Trial 51 finished with value: 12.405682563781738 and parameters: {'gradient_clip_val': 0.27158479584767325, 'hidden_size': 39, 'dropout': 0.1047748367283747, 'hidden_continuous_size': 13, 'attention_head_size': 2, 'learning_rate': 0.03754352950849012}. Best is trial 23 with value: 10.841813087463379.
LOCAL_RANK: 0 - CUDA_VISIBLE_DEVICES: [0]
[I 2023-11-30 12:52:43,391] Trial 52 finished with value: 11.501221656799316 and parameters: {'gradient_clip_val': 0.3132072909958426, 'hidden_size': 55, 'dropout': 0.1252490794194726, 'hidden_continuous_size': 12, 'attention_head_size': 2, 'learning_rate': 0.02800275978666369}. Best is trial 23 with value: 10.841813087463379.
LOCAL_RANK: 0 - CUDA_VISIBLE_DEVICES: [0]
[I 2023-11-30 12:52:55,702] Trial 53 finished with value: 12.028656005859375 and parameters: {'gradient_clip_val': 0.2514745802630998, 'hidden_size': 33, 'dropout': 0.14259032225675838, 'hidden_continuous_size': 11, 'attention_head_size': 1, 'learning_rate': 0.04520293728873044}. Best is trial 23 with value: 10.841813087463379.
LOCAL_RANK: 0 - CUDA_VISIBLE_DEVICES: [0]
[I 2023-11-30 12:53:08,486] Trial 54 finished with value: 12.228470802307129 and parameters: {'gradient_clip_val': 0.3516924596429977, 'hidden_size': 42, 'dropout': 0.10129695754697611, 'hidden_continuous_size': 10, 'attention_head_size': 2, 'learning_rate': 0.02295057269427239}. Best is trial 23 with value: 10.841813087463379.
LOCAL_RANK: 0 - CUDA_VISIBLE_DEVICES: [0]
[I 2023-11-30 12:53:21,332] Trial 55 finished with value: 12.742851257324219 and parameters: {'gradient_clip_val': 0.2911126539865252, 'hidden_size': 51, 'dropout': 0.15136547676497908, 'hidden_continuous_size': 15, 'attention_head_size': 2, 'learning_rate': 0.03370916040696985}. Best is trial 23 with value: 10.841813087463379.
LOCAL_RANK: 0 - CUDA_VISIBLE_DEVICES: [0]
[I 2023-11-30 12:53:35,370] Trial 56 finished with value: 13.230130195617676 and parameters: {'gradient_clip_val': 0.236382148063195, 'hidden_size': 130, 'dropout': 0.11232815207471551, 'hidden_continuous_size': 20, 'attention_head_size': 3, 'learning_rate': 0.026124718518095676}. Best is trial 23 with value: 10.841813087463379.
LOCAL_RANK: 0 - CUDA_VISIBLE_DEVICES: [0]
[I 2023-11-30 12:53:48,353] Trial 57 finished with value: 11.916592597961426 and parameters: {'gradient_clip_val': 0.2724305625376537, 'hidden_size': 58, 'dropout': 0.12567822123071928, 'hidden_continuous_size': 11, 'attention_head_size': 3, 'learning_rate': 0.016887796679585742}. Best is trial 23 with value: 10.841813087463379.
LOCAL_RANK: 0 - CUDA_VISIBLE_DEVICES: [0]
[I 2023-11-30 12:54:01,717] Trial 58 finished with value: 11.582411766052246 and parameters: {'gradient_clip_val': 0.15656268658940944, 'hidden_size': 75, 'dropout': 0.13059784706463096, 'hidden_continuous_size': 31, 'attention_head_size': 2, 'learning_rate': 0.010212311284736486}. Best is trial 23 with value: 10.841813087463379.
LOCAL_RANK: 0 - CUDA_VISIBLE_DEVICES: [0]
[I 2023-11-30 12:54:15,597] Trial 59 finished with value: 11.413981437683105 and parameters: {'gradient_clip_val': 0.20500356995995814, 'hidden_size': 108, 'dropout': 0.1683666923135272, 'hidden_continuous_size': 26, 'attention_head_size': 3, 'learning_rate': 0.06541730268733247}. Best is trial 23 with value: 10.841813087463379.
LOCAL_RANK: 0 - CUDA_VISIBLE_DEVICES: [0]
[I 2023-11-30 12:54:29,579] Trial 60 finished with value: 12.362835884094238 and parameters: {'gradient_clip_val': 0.18164795345183432, 'hidden_size': 137, 'dropout': 0.13700599670074531, 'hidden_continuous_size': 16, 'attention_head_size': 1, 'learning_rate': 0.03989972122851272}. Best is trial 23 with value: 10.841813087463379.
LOCAL_RANK: 0 - CUDA_VISIBLE_DEVICES: [0]
[I 2023-11-30 12:54:42,001] Trial 61 finished with value: 11.1660795211792 and parameters: {'gradient_clip_val': 0.123751878856057, 'hidden_size': 35, 'dropout': 0.22050610422415498, 'hidden_continuous_size': 13, 'attention_head_size': 1, 'learning_rate': 0.028543073675783695}. Best is trial 23 with value: 10.841813087463379.
LOCAL_RANK: 0 - CUDA_VISIBLE_DEVICES: [0]
[I 2023-11-30 12:54:54,290] Trial 62 finished with value: 12.65023136138916 and parameters: {'gradient_clip_val': 0.11261541871097452, 'hidden_size': 35, 'dropout': 0.22903660342409582, 'hidden_continuous_size': 13, 'attention_head_size': 1, 'learning_rate': 0.02924696866165951}. Best is trial 23 with value: 10.841813087463379.
LOCAL_RANK: 0 - CUDA_VISIBLE_DEVICES: [0]
[I 2023-11-30 12:55:06,355] Trial 63 finished with value: 11.35738468170166 and parameters: {'gradient_clip_val': 0.13153050137146155, 'hidden_size': 28, 'dropout': 0.1520641636219656, 'hidden_continuous_size': 14, 'attention_head_size': 1, 'learning_rate': 0.03239590501324274}. Best is trial 23 with value: 10.841813087463379.
LOCAL_RANK: 0 - CUDA_VISIBLE_DEVICES: [0]
[I 2023-11-30 12:55:18,987] Trial 64 finished with value: 12.113335609436035 and parameters: {'gradient_clip_val': 0.11631966581884144, 'hidden_size': 38, 'dropout': 0.19168121360971802, 'hidden_continuous_size': 12, 'attention_head_size': 1, 'learning_rate': 0.023449241307746317}. Best is trial 23 with value: 10.841813087463379.
LOCAL_RANK: 0 - CUDA_VISIBLE_DEVICES: [0]
[I 2023-11-30 12:55:31,754] Trial 65 finished with value: 11.84964370727539 and parameters: {'gradient_clip_val': 0.14649509501535135, 'hidden_size': 45, 'dropout': 0.17431089495098318, 'hidden_continuous_size': 13, 'attention_head_size': 3, 'learning_rate': 0.05075891961128833}. Best is trial 23 with value: 10.841813087463379.
LOCAL_RANK: 0 - CUDA_VISIBLE_DEVICES: [0]
[I 2023-11-30 12:55:44,656] Trial 66 finished with value: 12.297557830810547 and parameters: {'gradient_clip_val': 0.1346348753968871, 'hidden_size': 50, 'dropout': 0.12368621058946408, 'hidden_continuous_size': 15, 'attention_head_size': 3, 'learning_rate': 0.03769947839071098}. Best is trial 23 with value: 10.841813087463379.
LOCAL_RANK: 0 - CUDA_VISIBLE_DEVICES: [0]
[I 2023-11-30 12:55:57,338] Trial 67 finished with value: 12.583358764648438 and parameters: {'gradient_clip_val': 0.1615323215382766, 'hidden_size': 41, 'dropout': 0.10638439701286255, 'hidden_continuous_size': 14, 'attention_head_size': 3, 'learning_rate': 0.019792523550865172}. Best is trial 23 with value: 10.841813087463379.
LOCAL_RANK: 0 - CUDA_VISIBLE_DEVICES: [0]
[I 2023-11-30 12:56:10,929] Trial 68 finished with value: 14.038322448730469 and parameters: {'gradient_clip_val': 0.10551280986958668, 'hidden_size': 137, 'dropout': 0.11929448807519558, 'hidden_continuous_size': 10, 'attention_head_size': 1, 'learning_rate': 0.014069228796888785}. Best is trial 23 with value: 10.841813087463379.
LOCAL_RANK: 0 - CUDA_VISIBLE_DEVICES: [0]
[I 2023-11-30 12:56:24,654] Trial 69 finished with value: 11.453109741210938 and parameters: {'gradient_clip_val': 0.12590392490488048, 'hidden_size': 115, 'dropout': 0.21710087828065427, 'hidden_continuous_size': 18, 'attention_head_size': 2, 'learning_rate': 0.006776796790665797}. Best is trial 23 with value: 10.841813087463379.
LOCAL_RANK: 0 - CUDA_VISIBLE_DEVICES: [0]
[I 2023-11-30 12:56:38,879] Trial 70 finished with value: 11.669071197509766 and parameters: {'gradient_clip_val': 0.30588314028443536, 'hidden_size': 102, 'dropout': 0.14969132916280836, 'hidden_continuous_size': 34, 'attention_head_size': 4, 'learning_rate': 0.017598831672129514}. Best is trial 23 with value: 10.841813087463379.
LOCAL_RANK: 0 - CUDA_VISIBLE_DEVICES: [0]
[I 2023-11-30 12:56:51,084] Trial 71 finished with value: 11.767395973205566 and parameters: {'gradient_clip_val': 0.11842896474628357, 'hidden_size': 36, 'dropout': 0.25473528925587513, 'hidden_continuous_size': 13, 'attention_head_size': 1, 'learning_rate': 0.028402263223296448}. Best is trial 23 with value: 10.841813087463379.
LOCAL_RANK: 0 - CUDA_VISIBLE_DEVICES: [0]
[I 2023-11-30 12:57:03,533] Trial 72 finished with value: 11.160504341125488 and parameters: {'gradient_clip_val': 0.11276112733052523, 'hidden_size': 44, 'dropout': 0.20165811720907706, 'hidden_continuous_size': 11, 'attention_head_size': 1, 'learning_rate': 0.02290006999850859}. Best is trial 23 with value: 10.841813087463379.
LOCAL_RANK: 0 - CUDA_VISIBLE_DEVICES: [0]
[I 2023-11-30 12:57:15,909] Trial 73 finished with value: 11.783074378967285 and parameters: {'gradient_clip_val': 0.102421381150613, 'hidden_size': 44, 'dropout': 0.19390320898499122, 'hidden_continuous_size': 11, 'attention_head_size': 1, 'learning_rate': 0.021574841354928934}. Best is trial 23 with value: 10.841813087463379.
LOCAL_RANK: 0 - CUDA_VISIBLE_DEVICES: [0]
[I 2023-11-30 12:57:28,709] Trial 74 finished with value: 12.578376770019531 and parameters: {'gradient_clip_val': 0.13848674043670245, 'hidden_size': 63, 'dropout': 0.20281975700422303, 'hidden_continuous_size': 10, 'attention_head_size': 1, 'learning_rate': 0.03389924669807296}. Best is trial 23 with value: 10.841813087463379.
LOCAL_RANK: 0 - CUDA_VISIBLE_DEVICES: [0]
[I 2023-11-30 12:57:41,459] Trial 75 finished with value: 11.492684364318848 and parameters: {'gradient_clip_val': 0.11326762300164187, 'hidden_size': 52, 'dropout': 0.17526342077548326, 'hidden_continuous_size': 12, 'attention_head_size': 1, 'learning_rate': 0.024881740078395786}. Best is trial 23 with value: 10.841813087463379.
LOCAL_RANK: 0 - CUDA_VISIBLE_DEVICES: [0]
[I 2023-11-30 12:57:54,391] Trial 76 finished with value: 11.449816703796387 and parameters: {'gradient_clip_val': 0.12811359607597436, 'hidden_size': 47, 'dropout': 0.15890266804856507, 'hidden_continuous_size': 23, 'attention_head_size': 3, 'learning_rate': 0.01911599984815521}. Best is trial 23 with value: 10.841813087463379.
LOCAL_RANK: 0 - CUDA_VISIBLE_DEVICES: [0]
[I 2023-11-30 12:58:06,894] Trial 77 finished with value: 21.041784286499023 and parameters: {'gradient_clip_val': 0.10064596277006889, 'hidden_size': 30, 'dropout': 0.1850171478813126, 'hidden_continuous_size': 12, 'attention_head_size': 3, 'learning_rate': 0.00489072629310516}. Best is trial 23 with value: 10.841813087463379.
LOCAL_RANK: 0 - CUDA_VISIBLE_DEVICES: [0]
[I 2023-11-30 12:58:19,468] Trial 78 finished with value: 13.468894004821777 and parameters: {'gradient_clip_val': 0.11107935559125422, 'hidden_size': 39, 'dropout': 0.10940225897374088, 'hidden_continuous_size': 11, 'attention_head_size': 2, 'learning_rate': 0.024880380534777764}. Best is trial 23 with value: 10.841813087463379.
LOCAL_RANK: 0 - CUDA_VISIBLE_DEVICES: [0]
[I 2023-11-30 12:58:32,675] Trial 79 finished with value: 12.133071899414062 and parameters: {'gradient_clip_val': 0.2211389886365109, 'hidden_size': 56, 'dropout': 0.13271433086721146, 'hidden_continuous_size': 28, 'attention_head_size': 3, 'learning_rate': 0.01551326609727454}. Best is trial 23 with value: 10.841813087463379.
LOCAL_RANK: 0 - CUDA_VISIBLE_DEVICES: [0]
[I 2023-11-30 12:58:45,912] Trial 80 finished with value: 12.165963172912598 and parameters: {'gradient_clip_val': 0.14465457983530056, 'hidden_size': 72, 'dropout': 0.2179061535728388, 'hidden_continuous_size': 10, 'attention_head_size': 4, 'learning_rate': 0.03095119299818602}. Best is trial 23 with value: 10.841813087463379.
LOCAL_RANK: 0 - CUDA_VISIBLE_DEVICES: [0]
[I 2023-11-30 12:58:58,504] Trial 81 finished with value: 12.40919017791748 and parameters: {'gradient_clip_val': 0.12430707251822008, 'hidden_size': 43, 'dropout': 0.23533912921929198, 'hidden_continuous_size': 13, 'attention_head_size': 1, 'learning_rate': 0.027871464447970905}. Best is trial 23 with value: 10.841813087463379.
LOCAL_RANK: 0 - CUDA_VISIBLE_DEVICES: [0]
[I 2023-11-30 12:59:10,995] Trial 82 finished with value: 11.831181526184082 and parameters: {'gradient_clip_val': 0.13484766121123973, 'hidden_size': 48, 'dropout': 0.10010496693187942, 'hidden_continuous_size': 12, 'attention_head_size': 1, 'learning_rate': 0.021965268286015922}. Best is trial 23 with value: 10.841813087463379.
LOCAL_RANK: 0 - CUDA_VISIBLE_DEVICES: [0]
[I 2023-11-30 12:59:23,686] Trial 83 finished with value: 11.08255672454834 and parameters: {'gradient_clip_val': 0.1513367285963341, 'hidden_size': 41, 'dropout': 0.24749795099679406, 'hidden_continuous_size': 14, 'attention_head_size': 1, 'learning_rate': 0.04234705500734944}. Best is trial 23 with value: 10.841813087463379.
LOCAL_RANK: 0 - CUDA_VISIBLE_DEVICES: [0]
[I 2023-11-30 12:59:36,223] Trial 84 finished with value: 12.101998329162598 and parameters: {'gradient_clip_val': 0.17156109695779578, 'hidden_size': 41, 'dropout': 0.1435702766098035, 'hidden_continuous_size': 15, 'attention_head_size': 1, 'learning_rate': 0.043003684265000716}. Best is trial 23 with value: 10.841813087463379.
LOCAL_RANK: 0 - CUDA_VISIBLE_DEVICES: [0]
