[I 2023-11-29 23:31:13,248] Trial 22 finished with value: 0.1508806347846985 and parameters: {'gradient_clip_val': 0.8145056235097996, 'hidden_size': 81, 'dropout': 0.35947393769370595, 'hidden_continuous_size': 52, 'attention_head_size': 1, 'learning_rate': 0.05725805800383248}. Best is trial 3 with value: 0.11240746825933456.
LOCAL_RANK: 0 - CUDA_VISIBLE_DEVICES: [0]
[I 2023-11-29 23:31:26,979] Trial 23 finished with value: 0.14600346982479095 and parameters: {'gradient_clip_val': 0.4962819107798486, 'hidden_size': 82, 'dropout': 0.3522729349040888, 'hidden_continuous_size': 54, 'attention_head_size': 1, 'learning_rate': 0.034251188369261394}. Best is trial 3 with value: 0.11240746825933456.
LOCAL_RANK: 0 - CUDA_VISIBLE_DEVICES: [0]
[I 2023-11-29 23:31:40,492] Trial 24 finished with value: 0.21240709722042084 and parameters: {'gradient_clip_val': 0.4790170610067263, 'hidden_size': 73, 'dropout': 0.35953598179730645, 'hidden_continuous_size': 47, 'attention_head_size': 1, 'learning_rate': 0.036052567754143235}. Best is trial 3 with value: 0.11240746825933456.
LOCAL_RANK: 0 - CUDA_VISIBLE_DEVICES: [0]
[I 2023-11-29 23:31:53,848] Trial 25 finished with value: 0.21357174217700958 and parameters: {'gradient_clip_val': 0.8654127129816855, 'hidden_size': 55, 'dropout': 0.3622939127332648, 'hidden_continuous_size': 33, 'attention_head_size': 1, 'learning_rate': 0.03807096429595512}. Best is trial 3 with value: 0.11240746825933456.
LOCAL_RANK: 0 - CUDA_VISIBLE_DEVICES: [0]
[I 2023-11-29 23:32:08,370] Trial 26 finished with value: 0.29447507858276367 and parameters: {'gradient_clip_val': 0.5164084851029239, 'hidden_size': 150, 'dropout': 0.32661622425596704, 'hidden_continuous_size': 85, 'attention_head_size': 1, 'learning_rate': 0.09687765872930498}. Best is trial 3 with value: 0.11240746825933456.
LOCAL_RANK: 0 - CUDA_VISIBLE_DEVICES: [0]
[I 2023-11-29 23:32:22,112] Trial 27 finished with value: 0.13687317073345184 and parameters: {'gradient_clip_val': 0.742226796460436, 'hidden_size': 86, 'dropout': 0.3685528013749354, 'hidden_continuous_size': 58, 'attention_head_size': 1, 'learning_rate': 0.026840021176315246}. Best is trial 3 with value: 0.11240746825933456.
LOCAL_RANK: 0 - CUDA_VISIBLE_DEVICES: [0]
[I 2023-11-29 23:32:36,417] Trial 28 finished with value: 0.23922836780548096 and parameters: {'gradient_clip_val': 0.6684443207061883, 'hidden_size': 123, 'dropout': 0.33076612251313575, 'hidden_continuous_size': 94, 'attention_head_size': 2, 'learning_rate': 0.024670493206192485}. Best is trial 3 with value: 0.11240746825933456.
LOCAL_RANK: 0 - CUDA_VISIBLE_DEVICES: [0]
[I 2023-11-29 23:32:49,472] Trial 29 finished with value: 0.20558518171310425 and parameters: {'gradient_clip_val': 0.566118159826527, 'hidden_size': 47, 'dropout': 0.39767145806115617, 'hidden_continuous_size': 38, 'attention_head_size': 1, 'learning_rate': 0.01589279294410017}. Best is trial 3 with value: 0.11240746825933456.
LOCAL_RANK: 0 - CUDA_VISIBLE_DEVICES: [0]
[I 2023-11-29 23:33:03,222] Trial 30 finished with value: 0.19778428971767426 and parameters: {'gradient_clip_val': 0.5489305016280513, 'hidden_size': 88, 'dropout': 0.3751442014099533, 'hidden_continuous_size': 56, 'attention_head_size': 1, 'learning_rate': 0.012808697073846522}. Best is trial 3 with value: 0.11240746825933456.
LOCAL_RANK: 0 - CUDA_VISIBLE_DEVICES: [0]
[I 2023-11-29 23:33:16,787] Trial 31 finished with value: 0.1475062519311905 and parameters: {'gradient_clip_val': 0.8232670199449217, 'hidden_size': 71, 'dropout': 0.3571328031185816, 'hidden_continuous_size': 54, 'attention_head_size': 1, 'learning_rate': 0.03940127560802918}. Best is trial 3 with value: 0.11240746825933456.
LOCAL_RANK: 0 - CUDA_VISIBLE_DEVICES: [0]
[I 2023-11-29 23:33:30,215] Trial 32 finished with value: 0.13056665658950806 and parameters: {'gradient_clip_val': 0.709038775935353, 'hidden_size': 69, 'dropout': 0.37516591405951144, 'hidden_continuous_size': 48, 'attention_head_size': 1, 'learning_rate': 0.0295804127303762}. Best is trial 3 with value: 0.11240746825933456.
LOCAL_RANK: 0 - CUDA_VISIBLE_DEVICES: [0]
[I 2023-11-29 23:33:44,110] Trial 33 finished with value: 0.20576328039169312 and parameters: {'gradient_clip_val': 0.6517905992476856, 'hidden_size': 117, 'dropout': 0.38086814380736694, 'hidden_continuous_size': 61, 'attention_head_size': 1, 'learning_rate': 0.021004576002112856}. Best is trial 3 with value: 0.11240746825933456.
LOCAL_RANK: 0 - CUDA_VISIBLE_DEVICES: [0]
[I 2023-11-29 23:33:57,730] Trial 34 finished with value: 0.24604831635951996 and parameters: {'gradient_clip_val': 0.6044853080294883, 'hidden_size': 92, 'dropout': 0.37438238625537795, 'hidden_continuous_size': 44, 'attention_head_size': 1, 'learning_rate': 0.028107766284009423}. Best is trial 3 with value: 0.11240746825933456.
LOCAL_RANK: 0 - CUDA_VISIBLE_DEVICES: [0]
[I 2023-11-29 23:34:11,493] Trial 35 finished with value: 0.1751779317855835 and parameters: {'gradient_clip_val': 0.7107499250182552, 'hidden_size': 67, 'dropout': 0.34453494163162807, 'hidden_continuous_size': 50, 'attention_head_size': 1, 'learning_rate': 0.01958055365207028}. Best is trial 3 with value: 0.11240746825933456.
LOCAL_RANK: 0 - CUDA_VISIBLE_DEVICES: [0]
[I 2023-11-29 23:34:24,774] Trial 36 finished with value: 0.17534779012203217 and parameters: {'gradient_clip_val': 0.4533223246466442, 'hidden_size': 52, 'dropout': 0.3857124943676262, 'hidden_continuous_size': 41, 'attention_head_size': 2, 'learning_rate': 0.02838871199483438}. Best is trial 3 with value: 0.11240746825933456.
LOCAL_RANK: 0 - CUDA_VISIBLE_DEVICES: [0]
[I 2023-11-29 23:34:38,625] Trial 37 finished with value: 0.18561963737010956 and parameters: {'gradient_clip_val': 0.40131161684728517, 'hidden_size': 87, 'dropout': 0.370886149068958, 'hidden_continuous_size': 60, 'attention_head_size': 1, 'learning_rate': 0.010956437673783655}. Best is trial 3 with value: 0.11240746825933456.
LOCAL_RANK: 0 - CUDA_VISIBLE_DEVICES: [0]
[I 2023-11-29 23:34:51,966] Trial 38 finished with value: 0.15125834941864014 and parameters: {'gradient_clip_val': 0.889752750523831, 'hidden_size': 64, 'dropout': 0.34622322827385005, 'hidden_continuous_size': 43, 'attention_head_size': 2, 'learning_rate': 0.016214277358497394}. Best is trial 3 with value: 0.11240746825933456.
LOCAL_RANK: 0 - CUDA_VISIBLE_DEVICES: [0]
[I 2023-11-29 23:35:05,044] Trial 39 finished with value: 0.25081220269203186 and parameters: {'gradient_clip_val': 0.5994496644589785, 'hidden_size': 42, 'dropout': 0.3875627737011613, 'hidden_continuous_size': 36, 'attention_head_size': 4, 'learning_rate': 0.03074974988949928}. Best is trial 3 with value: 0.11240746825933456.
LOCAL_RANK: 0 - CUDA_VISIBLE_DEVICES: [0]
[I 2023-11-29 23:35:18,592] Trial 40 finished with value: 0.13944806158542633 and parameters: {'gradient_clip_val': 0.5185205110402327, 'hidden_size': 60, 'dropout': 0.3321123097822978, 'hidden_continuous_size': 46, 'attention_head_size': 1, 'learning_rate': 0.045526217071042846}. Best is trial 3 with value: 0.11240746825933456.
LOCAL_RANK: 0 - CUDA_VISIBLE_DEVICES: [0]
[I 2023-11-29 23:35:31,982] Trial 41 finished with value: 0.15451686084270477 and parameters: {'gradient_clip_val': 0.5225737879391996, 'hidden_size': 63, 'dropout': 0.3297318184992868, 'hidden_continuous_size': 49, 'attention_head_size': 1, 'learning_rate': 0.04314442922348415}. Best is trial 3 with value: 0.11240746825933456.
LOCAL_RANK: 0 - CUDA_VISIBLE_DEVICES: [0]
[I 2023-11-29 23:35:45,568] Trial 42 finished with value: 0.15057721734046936 and parameters: {'gradient_clip_val': 0.45803887217928146, 'hidden_size': 75, 'dropout': 0.3707024513987277, 'hidden_continuous_size': 47, 'attention_head_size': 1, 'learning_rate': 0.02326640638665861}. Best is trial 3 with value: 0.11240746825933456.
LOCAL_RANK: 0 - CUDA_VISIBLE_DEVICES: [0]
[I 2023-11-29 23:35:58,917] Trial 43 finished with value: 0.11083594709634781 and parameters: {'gradient_clip_val': 0.7150132068502092, 'hidden_size': 59, 'dropout': 0.35343778995136965, 'hidden_continuous_size': 43, 'attention_head_size': 1, 'learning_rate': 0.03308654800423249}. Best is trial 43 with value: 0.11083594709634781.
LOCAL_RANK: 0 - CUDA_VISIBLE_DEVICES: [0]
[I 2023-11-29 23:36:12,043] Trial 44 finished with value: 0.1947612762451172 and parameters: {'gradient_clip_val': 0.9468521897882823, 'hidden_size': 52, 'dropout': 0.3353404674090607, 'hidden_continuous_size': 42, 'attention_head_size': 1, 'learning_rate': 0.07090949907876724}. Best is trial 43 with value: 0.11083594709634781.
LOCAL_RANK: 0 - CUDA_VISIBLE_DEVICES: [0]
[I 2023-11-29 23:36:24,548] Trial 45 finished with value: 0.13369856774806976 and parameters: {'gradient_clip_val': 0.7193425707696723, 'hidden_size': 32, 'dropout': 0.36913963367003993, 'hidden_continuous_size': 27, 'attention_head_size': 1, 'learning_rate': 0.05001036047002068}. Best is trial 43 with value: 0.11083594709634781.
LOCAL_RANK: 0 - CUDA_VISIBLE_DEVICES: [0]
[I 2023-11-29 23:36:37,096] Trial 46 finished with value: 0.19405783712863922 and parameters: {'gradient_clip_val': 0.7308651616207189, 'hidden_size': 34, 'dropout': 0.38688472411722086, 'hidden_continuous_size': 29, 'attention_head_size': 1, 'learning_rate': 0.047303593996110206}. Best is trial 43 with value: 0.11083594709634781.
LOCAL_RANK: 0 - CUDA_VISIBLE_DEVICES: [0]
[I 2023-11-29 23:36:49,564] Trial 47 finished with value: 0.19390523433685303 and parameters: {'gradient_clip_val': 0.9213838379840666, 'hidden_size': 27, 'dropout': 0.36883844385796033, 'hidden_continuous_size': 23, 'attention_head_size': 2, 'learning_rate': 0.06542874501634957}. Best is trial 43 with value: 0.11083594709634781.
LOCAL_RANK: 0 - CUDA_VISIBLE_DEVICES: [0]
[I 2023-11-29 23:37:03,379] Trial 48 finished with value: 0.19491355121135712 and parameters: {'gradient_clip_val': 0.7811115614218744, 'hidden_size': 129, 'dropout': 0.35291608329678276, 'hidden_continuous_size': 26, 'attention_head_size': 1, 'learning_rate': 0.026078705013283913}. Best is trial 43 with value: 0.11083594709634781.
LOCAL_RANK: 0 - CUDA_VISIBLE_DEVICES: [0]
[I 2023-11-29 23:37:17,179] Trial 49 finished with value: 0.2630285322666168 and parameters: {'gradient_clip_val': 0.6732161966111353, 'hidden_size': 104, 'dropout': 0.3824520452777833, 'hidden_continuous_size': 35, 'attention_head_size': 2, 'learning_rate': 0.07731607172303637}. Best is trial 43 with value: 0.11083594709634781.
LOCAL_RANK: 0 - CUDA_VISIBLE_DEVICES: [0]
[I 2023-11-29 23:37:30,726] Trial 50 finished with value: 0.13964249193668365 and parameters: {'gradient_clip_val': 0.611861464912705, 'hidden_size': 69, 'dropout': 0.31607378541811393, 'hidden_continuous_size': 21, 'attention_head_size': 3, 'learning_rate': 0.03375735334938537}. Best is trial 43 with value: 0.11083594709634781.
LOCAL_RANK: 0 - CUDA_VISIBLE_DEVICES: [0]
[I 2023-11-29 23:37:43,972] Trial 51 finished with value: 0.11695709079504013 and parameters: {'gradient_clip_val': 0.6886987502759608, 'hidden_size': 57, 'dropout': 0.34289436228404024, 'hidden_continuous_size': 45, 'attention_head_size': 1, 'learning_rate': 0.04861532919183113}. Best is trial 43 with value: 0.11083594709634781.
LOCAL_RANK: 0 - CUDA_VISIBLE_DEVICES: [0]
[I 2023-11-29 23:37:57,038] Trial 52 finished with value: 0.11561387032270432 and parameters: {'gradient_clip_val': 0.8310824194336748, 'hidden_size': 46, 'dropout': 0.3487720937498415, 'hidden_continuous_size': 39, 'attention_head_size': 1, 'learning_rate': 0.049959868509977065}. Best is trial 43 with value: 0.11083594709634781.
LOCAL_RANK: 0 - CUDA_VISIBLE_DEVICES: [0]
[I 2023-11-29 23:38:10,041] Trial 53 finished with value: 0.1688016653060913 and parameters: {'gradient_clip_val': 0.8706540714806581, 'hidden_size': 45, 'dropout': 0.34113563386481016, 'hidden_continuous_size': 39, 'attention_head_size': 1, 'learning_rate': 0.05205663154948683}. Best is trial 43 with value: 0.11083594709634781.
LOCAL_RANK: 0 - CUDA_VISIBLE_DEVICES: [0]
[I 2023-11-29 23:38:22,416] Trial 54 finished with value: 0.11559490114450455 and parameters: {'gradient_clip_val': 0.9678287419738688, 'hidden_size': 36, 'dropout': 0.2949787355883081, 'hidden_continuous_size': 30, 'attention_head_size': 1, 'learning_rate': 0.05087664425785263}. Best is trial 43 with value: 0.11083594709634781.
LOCAL_RANK: 0 - CUDA_VISIBLE_DEVICES: [0]
[I 2023-11-29 23:38:35,514] Trial 55 finished with value: 0.14074745774269104 and parameters: {'gradient_clip_val': 0.978893013497012, 'hidden_size': 49, 'dropout': 0.27842773896102013, 'hidden_continuous_size': 32, 'attention_head_size': 1, 'learning_rate': 0.06647915860729608}. Best is trial 43 with value: 0.11083594709634781.
LOCAL_RANK: 0 - CUDA_VISIBLE_DEVICES: [0]
[I 2023-11-29 23:38:48,305] Trial 56 finished with value: 0.1113666296005249 and parameters: {'gradient_clip_val': 0.8272910028219262, 'hidden_size': 42, 'dropout': 0.3145968866164179, 'hidden_continuous_size': 35, 'attention_head_size': 1, 'learning_rate': 0.04127785551672323}. Best is trial 43 with value: 0.11083594709634781.
LOCAL_RANK: 0 - CUDA_VISIBLE_DEVICES: [0]
[I 2023-11-29 23:39:01,201] Trial 57 finished with value: 0.1477041244506836 and parameters: {'gradient_clip_val': 0.8124626629430753, 'hidden_size': 42, 'dropout': 0.31816154301855193, 'hidden_continuous_size': 30, 'attention_head_size': 4, 'learning_rate': 0.040983706006527225}. Best is trial 43 with value: 0.11083594709634781.
LOCAL_RANK: 0 - CUDA_VISIBLE_DEVICES: [0]
[I 2023-11-29 23:39:14,375] Trial 58 finished with value: 0.12133175879716873 and parameters: {'gradient_clip_val': 0.9719917323894215, 'hidden_size': 55, 'dropout': 0.3006185150161221, 'hidden_continuous_size': 35, 'attention_head_size': 1, 'learning_rate': 0.08501110628557426}. Best is trial 43 with value: 0.11083594709634781.
LOCAL_RANK: 0 - CUDA_VISIBLE_DEVICES: [0]
[I 2023-11-29 23:39:27,044] Trial 59 finished with value: 0.10625765472650528 and parameters: {'gradient_clip_val': 0.8676189344607893, 'hidden_size': 38, 'dropout': 0.29487741504509457, 'hidden_continuous_size': 33, 'attention_head_size': 2, 'learning_rate': 0.05963650322177864}. Best is trial 59 with value: 0.10625765472650528.
LOCAL_RANK: 0 - CUDA_VISIBLE_DEVICES: [0]
[I 2023-11-29 23:39:39,795] Trial 60 finished with value: 0.12127230316400528 and parameters: {'gradient_clip_val': 0.8768220952612962, 'hidden_size': 38, 'dropout': 0.29337237697745755, 'hidden_continuous_size': 33, 'attention_head_size': 2, 'learning_rate': 0.05934669872296574}. Best is trial 59 with value: 0.10625765472650528.
LOCAL_RANK: 0 - CUDA_VISIBLE_DEVICES: [0]
[I 2023-11-29 23:39:52,576] Trial 61 finished with value: 0.19366836547851562 and parameters: {'gradient_clip_val': 0.8066433555568989, 'hidden_size': 42, 'dropout': 0.32124768214139887, 'hidden_continuous_size': 37, 'attention_head_size': 1, 'learning_rate': 0.05172133083342606}. Best is trial 59 with value: 0.10625765472650528.
LOCAL_RANK: 0 - CUDA_VISIBLE_DEVICES: [0]
[I 2023-11-29 23:40:05,271] Trial 62 finished with value: 0.18073104321956635 and parameters: {'gradient_clip_val': 0.9928421418469596, 'hidden_size': 35, 'dropout': 0.3106819757176168, 'hidden_continuous_size': 31, 'attention_head_size': 3, 'learning_rate': 0.07210886183313751}. Best is trial 59 with value: 0.10625765472650528.
LOCAL_RANK: 0 - CUDA_VISIBLE_DEVICES: [0]
[I 2023-11-29 23:40:17,824] Trial 63 finished with value: 0.1526087373495102 and parameters: {'gradient_clip_val': 0.8949344505086123, 'hidden_size': 30, 'dropout': 0.2897029346672338, 'hidden_continuous_size': 28, 'attention_head_size': 2, 'learning_rate': 0.03909110240059921}. Best is trial 59 with value: 0.10625765472650528.
LOCAL_RANK: 0 - CUDA_VISIBLE_DEVICES: [0]
[I 2023-11-29 23:40:30,358] Trial 64 finished with value: 0.16111822426319122 and parameters: {'gradient_clip_val': 0.7966301159468898, 'hidden_size': 38, 'dropout': 0.300528200082972, 'hidden_continuous_size': 34, 'attention_head_size': 1, 'learning_rate': 0.05854497400418526}. Best is trial 59 with value: 0.10625765472650528.
LOCAL_RANK: 0 - CUDA_VISIBLE_DEVICES: [0]
[I 2023-11-29 23:40:43,825] Trial 65 finished with value: 0.1880435198545456 and parameters: {'gradient_clip_val': 0.8491816896499951, 'hidden_size': 57, 'dropout': 0.336622563808816, 'hidden_continuous_size': 40, 'attention_head_size': 1, 'learning_rate': 0.035044698185836325}. Best is trial 59 with value: 0.10625765472650528.
LOCAL_RANK: 0 - CUDA_VISIBLE_DEVICES: [0]
[I 2023-11-29 23:40:57,051] Trial 66 finished with value: 0.19180242717266083 and parameters: {'gradient_clip_val': 0.7795738674116238, 'hidden_size': 50, 'dropout': 0.32182321934974145, 'hidden_continuous_size': 37, 'attention_head_size': 1, 'learning_rate': 0.04449167429695333}. Best is trial 59 with value: 0.10625765472650528.
LOCAL_RANK: 0 - CUDA_VISIBLE_DEVICES: [0]
[I 2023-11-29 23:41:10,176] Trial 67 finished with value: 0.1977096050977707 and parameters: {'gradient_clip_val': 0.6843242530122129, 'hidden_size': 46, 'dropout': 0.3508194571738095, 'hidden_continuous_size': 40, 'attention_head_size': 1, 'learning_rate': 0.05183403859325699}. Best is trial 59 with value: 0.10625765472650528.
LOCAL_RANK: 0 - CUDA_VISIBLE_DEVICES: [0]
[I 2023-11-29 23:41:23,394] Trial 68 finished with value: 0.14912159740924835 and parameters: {'gradient_clip_val': 0.9218614519216738, 'hidden_size': 59, 'dropout': 0.2618893305868178, 'hidden_continuous_size': 32, 'attention_head_size': 2, 'learning_rate': 0.09334667583504452}. Best is trial 59 with value: 0.10625765472650528.
LOCAL_RANK: 0 - CUDA_VISIBLE_DEVICES: [0]
[I 2023-11-29 23:41:36,288] Trial 69 finished with value: 0.14779551327228546 and parameters: {'gradient_clip_val': 0.6248121015187829, 'hidden_size': 41, 'dropout': 0.3118484315140791, 'hidden_continuous_size': 36, 'attention_head_size': 1, 'learning_rate': 0.06540044857692108}. Best is trial 59 with value: 0.10625765472650528.
LOCAL_RANK: 0 - CUDA_VISIBLE_DEVICES: [0]
[I 2023-11-29 23:41:49,441] Trial 70 finished with value: 0.11049747467041016 and parameters: {'gradient_clip_val': 0.753719247372139, 'hidden_size': 45, 'dropout': 0.33946450387621624, 'hidden_continuous_size': 38, 'attention_head_size': 1, 'learning_rate': 0.07957504530443153}. Best is trial 59 with value: 0.10625765472650528.
LOCAL_RANK: 0 - CUDA_VISIBLE_DEVICES: [0]
[I 2023-11-29 23:42:02,341] Trial 71 finished with value: 0.1408667415380478 and parameters: {'gradient_clip_val': 0.7532027312847192, 'hidden_size': 46, 'dropout': 0.3450898687724463, 'hidden_continuous_size': 38, 'attention_head_size': 1, 'learning_rate': 0.0804361617212783}. Best is trial 59 with value: 0.10625765472650528.
LOCAL_RANK: 0 - CUDA_VISIBLE_DEVICES: [0]
[I 2023-11-29 23:42:14,857] Trial 72 finished with value: 0.21882545948028564 and parameters: {'gradient_clip_val': 0.6661451496104982, 'hidden_size': 36, 'dropout': 0.35988415760611703, 'hidden_continuous_size': 31, 'attention_head_size': 1, 'learning_rate': 0.058927183570916516}. Best is trial 59 with value: 0.10625765472650528.
LOCAL_RANK: 0 - CUDA_VISIBLE_DEVICES: [0]
[I 2023-11-29 23:42:28,164] Trial 73 finished with value: 0.1802656203508377 and parameters: {'gradient_clip_val': 0.8565916573835778, 'hidden_size': 54, 'dropout': 0.337529075969963, 'hidden_continuous_size': 45, 'attention_head_size': 1, 'learning_rate': 0.07179334644708586}. Best is trial 59 with value: 0.10625765472650528.
LOCAL_RANK: 0 - CUDA_VISIBLE_DEVICES: [0]
[I 2023-11-29 23:42:41,167] Trial 74 finished with value: 0.12275556474924088 and parameters: {'gradient_clip_val': 0.7477100069782696, 'hidden_size': 50, 'dropout': 0.32506606312239783, 'hidden_continuous_size': 42, 'attention_head_size': 1, 'learning_rate': 0.04183812655814457}. Best is trial 59 with value: 0.10625765472650528.
LOCAL_RANK: 0 - CUDA_VISIBLE_DEVICES: [0]
[I 2023-11-29 23:42:54,057] Trial 75 finished with value: 0.1425675004720688 and parameters: {'gradient_clip_val': 0.5684670295139289, 'hidden_size': 39, 'dropout': 0.28417253420569905, 'hidden_continuous_size': 34, 'attention_head_size': 1, 'learning_rate': 0.08812853613639463}. Best is trial 59 with value: 0.10625765472650528.
LOCAL_RANK: 0 - CUDA_VISIBLE_DEVICES: [0]
[I 2023-11-29 23:43:07,080] Trial 76 finished with value: 0.1231384351849556 and parameters: {'gradient_clip_val': 0.695016725610486, 'hidden_size': 44, 'dropout': 0.3503606573717115, 'hidden_continuous_size': 38, 'attention_head_size': 1, 'learning_rate': 0.09847436575634405}. Best is trial 59 with value: 0.10625765472650528.
LOCAL_RANK: 0 - CUDA_VISIBLE_DEVICES: [0]
[I 2023-11-29 23:43:20,482] Trial 77 finished with value: 0.1877773553133011 and parameters: {'gradient_clip_val': 0.8266785781007028, 'hidden_size': 63, 'dropout': 0.3038363608600513, 'hidden_continuous_size': 45, 'attention_head_size': 1, 'learning_rate': 0.04671593934604295}. Best is trial 59 with value: 0.10625765472650528.
LOCAL_RANK: 0 - CUDA_VISIBLE_DEVICES: [0]
[I 2023-11-29 23:43:33,782] Trial 78 finished with value: 0.14129038155078888 and parameters: {'gradient_clip_val': 0.6433174333564515, 'hidden_size': 49, 'dropout': 0.3307258280578522, 'hidden_continuous_size': 42, 'attention_head_size': 3, 'learning_rate': 0.05480492527204015}. Best is trial 59 with value: 0.10625765472650528.
LOCAL_RANK: 0 - CUDA_VISIBLE_DEVICES: [0]
[I 2023-11-29 23:43:47,142] Trial 79 finished with value: 0.13135935366153717 and parameters: {'gradient_clip_val': 0.908726897878291, 'hidden_size': 58, 'dropout': 0.340979522325252, 'hidden_continuous_size': 43, 'attention_head_size': 1, 'learning_rate': 0.034451203534489695}. Best is trial 59 with value: 0.10625765472650528.
LOCAL_RANK: 0 - CUDA_VISIBLE_DEVICES: [0]
