[I 2023-11-30 02:33:37,488] Trial 82 finished with value: 4.1014556884765625 and parameters: {'gradient_clip_val': 0.5592504522554653, 'hidden_size': 34, 'dropout': 0.14542403039953075, 'hidden_continuous_size': 12, 'attention_head_size': 4, 'learning_rate': 0.017234863636326984}. Best is trial 13 with value: 3.946019411087036.
LOCAL_RANK: 0 - CUDA_VISIBLE_DEVICES: [0]
[I 2023-11-30 02:33:49,994] Trial 83 finished with value: 4.008663177490234 and parameters: {'gradient_clip_val': 0.5407075039670687, 'hidden_size': 31, 'dropout': 0.1457227352454555, 'hidden_continuous_size': 12, 'attention_head_size': 4, 'learning_rate': 0.018124708591459888}. Best is trial 13 with value: 3.946019411087036.
LOCAL_RANK: 0 - CUDA_VISIBLE_DEVICES: [0]
[I 2023-11-30 02:34:02,422] Trial 84 finished with value: 4.812160491943359 and parameters: {'gradient_clip_val': 0.5506095393300959, 'hidden_size': 33, 'dropout': 0.14310196251311758, 'hidden_continuous_size': 12, 'attention_head_size': 4, 'learning_rate': 0.016610669759443714}. Best is trial 13 with value: 3.946019411087036.
LOCAL_RANK: 0 - CUDA_VISIBLE_DEVICES: [0]
[I 2023-11-30 02:34:14,898] Trial 85 finished with value: 5.018653869628906 and parameters: {'gradient_clip_val': 0.42625978733077674, 'hidden_size': 31, 'dropout': 0.13674691723361773, 'hidden_continuous_size': 13, 'attention_head_size': 4, 'learning_rate': 0.016930661389725845}. Best is trial 13 with value: 3.946019411087036.
LOCAL_RANK: 0 - CUDA_VISIBLE_DEVICES: [0]
[I 2023-11-30 02:34:27,478] Trial 86 finished with value: 4.80320930480957 and parameters: {'gradient_clip_val': 0.5925173695696027, 'hidden_size': 25, 'dropout': 0.14883353666141633, 'hidden_continuous_size': 13, 'attention_head_size': 4, 'learning_rate': 0.019336700913960097}. Best is trial 13 with value: 3.946019411087036.
LOCAL_RANK: 0 - CUDA_VISIBLE_DEVICES: [0]
[I 2023-11-30 02:34:40,286] Trial 87 finished with value: 4.19128942489624 and parameters: {'gradient_clip_val': 0.5117627672015872, 'hidden_size': 38, 'dropout': 0.11915908654638889, 'hidden_continuous_size': 17, 'attention_head_size': 4, 'learning_rate': 0.014317814338195926}. Best is trial 13 with value: 3.946019411087036.
LOCAL_RANK: 0 - CUDA_VISIBLE_DEVICES: [0]
[I 2023-11-30 02:34:54,173] Trial 88 finished with value: 4.434628963470459 and parameters: {'gradient_clip_val': 0.4801261261757347, 'hidden_size': 132, 'dropout': 0.10627539546478515, 'hidden_continuous_size': 15, 'attention_head_size': 4, 'learning_rate': 0.010681442260030373}. Best is trial 13 with value: 3.946019411087036.
LOCAL_RANK: 0 - CUDA_VISIBLE_DEVICES: [0]
[I 2023-11-30 02:35:06,388] Trial 89 finished with value: 4.371227741241455 and parameters: {'gradient_clip_val': 0.6466159150900891, 'hidden_size': 28, 'dropout': 0.1282479649497365, 'hidden_continuous_size': 12, 'attention_head_size': 4, 'learning_rate': 0.02455292519232805}. Best is trial 13 with value: 3.946019411087036.
LOCAL_RANK: 0 - CUDA_VISIBLE_DEVICES: [0]
[I 2023-11-30 02:35:19,131] Trial 90 finished with value: 4.149904727935791 and parameters: {'gradient_clip_val': 0.4567977628559271, 'hidden_size': 41, 'dropout': 0.16199311852953885, 'hidden_continuous_size': 16, 'attention_head_size': 4, 'learning_rate': 0.012055198783414474}. Best is trial 13 with value: 3.946019411087036.
LOCAL_RANK: 0 - CUDA_VISIBLE_DEVICES: [0]
[I 2023-11-30 02:35:31,538] Trial 91 finished with value: 4.034587383270264 and parameters: {'gradient_clip_val': 0.5358929286489945, 'hidden_size': 33, 'dropout': 0.15590814815535559, 'hidden_continuous_size': 11, 'attention_head_size': 2, 'learning_rate': 0.01535889415607334}. Best is trial 13 with value: 3.946019411087036.
LOCAL_RANK: 0 - CUDA_VISIBLE_DEVICES: [0]
[I 2023-11-30 02:35:43,566] Trial 92 finished with value: 4.068724155426025 and parameters: {'gradient_clip_val': 0.599255731479057, 'hidden_size': 32, 'dropout': 0.1567977299819523, 'hidden_continuous_size': 11, 'attention_head_size': 2, 'learning_rate': 0.015271599464166894}. Best is trial 13 with value: 3.946019411087036.
LOCAL_RANK: 0 - CUDA_VISIBLE_DEVICES: [0]
[I 2023-11-30 02:35:56,304] Trial 93 finished with value: 4.180601119995117 and parameters: {'gradient_clip_val': 0.5375490028376255, 'hidden_size': 46, 'dropout': 0.14261886687393238, 'hidden_continuous_size': 11, 'attention_head_size': 2, 'learning_rate': 0.015472335025057302}. Best is trial 13 with value: 3.946019411087036.
LOCAL_RANK: 0 - CUDA_VISIBLE_DEVICES: [0]
[I 2023-11-30 02:36:08,670] Trial 94 finished with value: 4.53436279296875 and parameters: {'gradient_clip_val': 0.5585515611711016, 'hidden_size': 32, 'dropout': 0.13591904833688218, 'hidden_continuous_size': 19, 'attention_head_size': 4, 'learning_rate': 0.012936245785935944}. Best is trial 13 with value: 3.946019411087036.
LOCAL_RANK: 0 - CUDA_VISIBLE_DEVICES: [0]
[I 2023-11-30 02:36:21,175] Trial 95 finished with value: 5.07637357711792 and parameters: {'gradient_clip_val': 0.6082373297742943, 'hidden_size': 39, 'dropout': 0.15159132249533724, 'hidden_continuous_size': 11, 'attention_head_size': 2, 'learning_rate': 0.018072558440337408}. Best is trial 13 with value: 3.946019411087036.
LOCAL_RANK: 0 - CUDA_VISIBLE_DEVICES: [0]
[I 2023-11-30 02:36:34,182] Trial 96 finished with value: 4.4419846534729 and parameters: {'gradient_clip_val': 0.6434217053647848, 'hidden_size': 35, 'dropout': 0.15590646777508727, 'hidden_continuous_size': 20, 'attention_head_size': 4, 'learning_rate': 0.009460573389742235}. Best is trial 13 with value: 3.946019411087036.
LOCAL_RANK: 0 - CUDA_VISIBLE_DEVICES: [0]
[I 2023-11-30 02:36:46,851] Trial 97 finished with value: 4.6354146003723145 and parameters: {'gradient_clip_val': 0.5784969346976466, 'hidden_size': 37, 'dropout': 0.12621594553701013, 'hidden_continuous_size': 21, 'attention_head_size': 2, 'learning_rate': 0.007595082617881834}. Best is trial 13 with value: 3.946019411087036.
LOCAL_RANK: 0 - CUDA_VISIBLE_DEVICES: [0]
[I 2023-11-30 02:36:59,391] Trial 98 finished with value: 4.242555618286133 and parameters: {'gradient_clip_val': 0.7050839206026989, 'hidden_size': 30, 'dropout': 0.12050750149321901, 'hidden_continuous_size': 18, 'attention_head_size': 3, 'learning_rate': 0.015569022398113893}. Best is trial 13 with value: 3.946019411087036.
LOCAL_RANK: 0 - CUDA_VISIBLE_DEVICES: [0]
[I 2023-11-30 02:37:11,689] Trial 99 finished with value: 3.9501476287841797 and parameters: {'gradient_clip_val': 0.48849503617592643, 'hidden_size': 33, 'dropout': 0.16434079568366042, 'hidden_continuous_size': 12, 'attention_head_size': 2, 'learning_rate': 0.010792023725338816}. Best is trial 13 with value: 3.946019411087036.
LOCAL_RANK: 0 - CUDA_VISIBLE_DEVICES: [0]
[I 2023-11-30 02:37:25,217] Trial 100 finished with value: 4.850873947143555 and parameters: {'gradient_clip_val': 0.5076301491744089, 'hidden_size': 116, 'dropout': 0.16226107339682921, 'hidden_continuous_size': 10, 'attention_head_size': 2, 'learning_rate': 0.01067900533729669}. Best is trial 13 with value: 3.946019411087036.
LOCAL_RANK: 0 - CUDA_VISIBLE_DEVICES: [0]
[I 2023-11-30 02:37:37,689] Trial 101 finished with value: 4.492955207824707 and parameters: {'gradient_clip_val': 0.4906431451180359, 'hidden_size': 33, 'dropout': 0.17569987082851837, 'hidden_continuous_size': 12, 'attention_head_size': 2, 'learning_rate': 0.013334917589790675}. Best is trial 13 with value: 3.946019411087036.
LOCAL_RANK: 0 - CUDA_VISIBLE_DEVICES: [0]
[I 2023-11-30 02:37:50,075] Trial 102 finished with value: 4.146925449371338 and parameters: {'gradient_clip_val': 0.4165774055631566, 'hidden_size': 34, 'dropout': 0.1433249338754831, 'hidden_continuous_size': 11, 'attention_head_size': 2, 'learning_rate': 0.011452104440729303}. Best is trial 13 with value: 3.946019411087036.
LOCAL_RANK: 0 - CUDA_VISIBLE_DEVICES: [0]
[I 2023-11-30 02:38:02,379] Trial 103 finished with value: 4.210768222808838 and parameters: {'gradient_clip_val': 0.5451467951815326, 'hidden_size': 29, 'dropout': 0.13415045252923657, 'hidden_continuous_size': 12, 'attention_head_size': 2, 'learning_rate': 0.01985770538593509}. Best is trial 13 with value: 3.946019411087036.
LOCAL_RANK: 0 - CUDA_VISIBLE_DEVICES: [0]
[I 2023-11-30 02:38:14,894] Trial 104 finished with value: 4.196070194244385 and parameters: {'gradient_clip_val': 0.4685440971648757, 'hidden_size': 36, 'dropout': 0.14695739917956632, 'hidden_continuous_size': 18, 'attention_head_size': 2, 'learning_rate': 0.009768773908224771}. Best is trial 13 with value: 3.946019411087036.
LOCAL_RANK: 0 - CUDA_VISIBLE_DEVICES: [0]
[I 2023-11-30 02:38:28,504] Trial 105 finished with value: 4.364534378051758 and parameters: {'gradient_clip_val': 0.44069021117136253, 'hidden_size': 124, 'dropout': 0.1563404790847398, 'hidden_continuous_size': 14, 'attention_head_size': 2, 'learning_rate': 0.014597101847362862}. Best is trial 13 with value: 3.946019411087036.
LOCAL_RANK: 0 - CUDA_VISIBLE_DEVICES: [0]
[I 2023-11-30 02:38:41,047] Trial 106 finished with value: 4.004783630371094 and parameters: {'gradient_clip_val': 0.5265307656244153, 'hidden_size': 40, 'dropout': 0.16653952443531522, 'hidden_continuous_size': 13, 'attention_head_size': 2, 'learning_rate': 0.017342451247711006}. Best is trial 13 with value: 3.946019411087036.
LOCAL_RANK: 0 - CUDA_VISIBLE_DEVICES: [0]
[I 2023-11-30 02:38:53,897] Trial 107 finished with value: 4.376972675323486 and parameters: {'gradient_clip_val': 0.5210362910751856, 'hidden_size': 58, 'dropout': 0.16646923567680239, 'hidden_continuous_size': 11, 'attention_head_size': 2, 'learning_rate': 0.012900081673821269}. Best is trial 13 with value: 3.946019411087036.
LOCAL_RANK: 0 - CUDA_VISIBLE_DEVICES: [0]
[I 2023-11-30 02:39:06,095] Trial 108 finished with value: 4.485263824462891 and parameters: {'gradient_clip_val': 0.499303339686361, 'hidden_size': 23, 'dropout': 0.1494486909575169, 'hidden_continuous_size': 12, 'attention_head_size': 2, 'learning_rate': 0.022827548557921462}. Best is trial 13 with value: 3.946019411087036.
LOCAL_RANK: 0 - CUDA_VISIBLE_DEVICES: [0]
[I 2023-11-30 02:39:18,256] Trial 109 finished with value: 4.714890003204346 and parameters: {'gradient_clip_val': 0.4075623669927164, 'hidden_size': 26, 'dropout': 0.18360832871808824, 'hidden_continuous_size': 13, 'attention_head_size': 1, 'learning_rate': 0.015814199964166744}. Best is trial 13 with value: 3.946019411087036.
LOCAL_RANK: 0 - CUDA_VISIBLE_DEVICES: [0]
[I 2023-11-30 02:39:31,710] Trial 110 finished with value: 4.4922685623168945 and parameters: {'gradient_clip_val': 0.5344253343734954, 'hidden_size': 111, 'dropout': 0.1594233085847858, 'hidden_continuous_size': 10, 'attention_head_size': 2, 'learning_rate': 0.009037336541153776}. Best is trial 13 with value: 3.946019411087036.
LOCAL_RANK: 0 - CUDA_VISIBLE_DEVICES: [0]
[I 2023-11-30 02:39:44,265] Trial 111 finished with value: 4.0995001792907715 and parameters: {'gradient_clip_val': 0.6254790515680486, 'hidden_size': 32, 'dropout': 0.17361962397806543, 'hidden_continuous_size': 19, 'attention_head_size': 2, 'learning_rate': 0.017814169798392315}. Best is trial 13 with value: 3.946019411087036.
LOCAL_RANK: 0 - CUDA_VISIBLE_DEVICES: [0]
[I 2023-11-30 02:39:56,929] Trial 112 finished with value: 4.899731159210205 and parameters: {'gradient_clip_val': 0.5744623640143725, 'hidden_size': 31, 'dropout': 0.16609161111135412, 'hidden_continuous_size': 20, 'attention_head_size': 2, 'learning_rate': 0.01775004858763577}. Best is trial 13 with value: 3.946019411087036.
LOCAL_RANK: 0 - CUDA_VISIBLE_DEVICES: [0]
[I 2023-11-30 02:40:09,625] Trial 113 finished with value: 4.914393901824951 and parameters: {'gradient_clip_val': 0.6525585711703998, 'hidden_size': 37, 'dropout': 0.19221308766497505, 'hidden_continuous_size': 22, 'attention_head_size': 2, 'learning_rate': 0.02014292793966736}. Best is trial 13 with value: 3.946019411087036.
LOCAL_RANK: 0 - CUDA_VISIBLE_DEVICES: [0]
[I 2023-11-30 02:40:22,310] Trial 114 finished with value: 4.652947902679443 and parameters: {'gradient_clip_val': 0.623579913141754, 'hidden_size': 42, 'dropout': 0.17509183069334328, 'hidden_continuous_size': 19, 'attention_head_size': 2, 'learning_rate': 0.026950591935069747}. Best is trial 13 with value: 3.946019411087036.
LOCAL_RANK: 0 - CUDA_VISIBLE_DEVICES: [0]
[I 2023-11-30 02:40:35,286] Trial 115 finished with value: 4.386230945587158 and parameters: {'gradient_clip_val': 0.4623247554521204, 'hidden_size': 51, 'dropout': 0.15613519250253205, 'hidden_continuous_size': 17, 'attention_head_size': 2, 'learning_rate': 0.013929217520075386}. Best is trial 13 with value: 3.946019411087036.
LOCAL_RANK: 0 - CUDA_VISIBLE_DEVICES: [0]
[I 2023-11-30 02:40:47,638] Trial 116 finished with value: 4.305320739746094 and parameters: {'gradient_clip_val': 0.4325172156720675, 'hidden_size': 28, 'dropout': 0.18057522912655866, 'hidden_continuous_size': 19, 'attention_head_size': 2, 'learning_rate': 0.02184169251647605}. Best is trial 13 with value: 3.946019411087036.
LOCAL_RANK: 0 - CUDA_VISIBLE_DEVICES: [0]
[I 2023-11-30 02:41:01,847] Trial 117 finished with value: 5.029600143432617 and parameters: {'gradient_clip_val': 0.58907670772899, 'hidden_size': 149, 'dropout': 0.17042572344902757, 'hidden_continuous_size': 15, 'attention_head_size': 2, 'learning_rate': 0.012094434449087572}. Best is trial 13 with value: 3.946019411087036.
LOCAL_RANK: 0 - CUDA_VISIBLE_DEVICES: [0]
[I 2023-11-30 02:41:14,348] Trial 118 finished with value: 4.295156955718994 and parameters: {'gradient_clip_val': 0.4833329984773376, 'hidden_size': 40, 'dropout': 0.19062479989877104, 'hidden_continuous_size': 22, 'attention_head_size': 2, 'learning_rate': 0.010240212380755512}. Best is trial 13 with value: 3.946019411087036.
LOCAL_RANK: 0 - CUDA_VISIBLE_DEVICES: [0]
[I 2023-11-30 02:41:26,423] Trial 119 finished with value: 4.696919918060303 and parameters: {'gradient_clip_val': 0.5660985520763128, 'hidden_size': 32, 'dropout': 0.1797789434809855, 'hidden_continuous_size': 12, 'attention_head_size': 3, 'learning_rate': 0.01490200582150744}. Best is trial 13 with value: 3.946019411087036.
LOCAL_RANK: 0 - CUDA_VISIBLE_DEVICES: [0]
[I 2023-11-30 02:41:38,357] Trial 120 finished with value: 4.962184429168701 and parameters: {'gradient_clip_val': 0.7077235496703317, 'hidden_size': 20, 'dropout': 0.16486292169201017, 'hidden_continuous_size': 13, 'attention_head_size': 2, 'learning_rate': 0.02388377112913829}. Best is trial 13 with value: 3.946019411087036.
LOCAL_RANK: 0 - CUDA_VISIBLE_DEVICES: [0]
[I 2023-11-30 02:41:51,263] Trial 121 finished with value: 5.903171062469482 and parameters: {'gradient_clip_val': 0.5234909506241062, 'hidden_size': 34, 'dropout': 0.13949111978997614, 'hidden_continuous_size': 20, 'attention_head_size': 4, 'learning_rate': 0.017339735153133126}. Best is trial 13 with value: 3.946019411087036.
LOCAL_RANK: 0 - CUDA_VISIBLE_DEVICES: [0]
[I 2023-11-30 02:42:05,443] Trial 122 finished with value: 5.2194719314575195 and parameters: {'gradient_clip_val': 0.613155312952061, 'hidden_size': 141, 'dropout': 0.147922883809689, 'hidden_continuous_size': 14, 'attention_head_size': 4, 'learning_rate': 0.017087713860350136}. Best is trial 13 with value: 3.946019411087036.
LOCAL_RANK: 0 - CUDA_VISIBLE_DEVICES: [0]
[I 2023-11-30 02:42:17,906] Trial 123 finished with value: 4.2851691246032715 and parameters: {'gradient_clip_val': 0.7438376399076485, 'hidden_size': 30, 'dropout': 0.19781156269603595, 'hidden_continuous_size': 18, 'attention_head_size': 2, 'learning_rate': 0.0203348326496141}. Best is trial 13 with value: 3.946019411087036.
LOCAL_RANK: 0 - CUDA_VISIBLE_DEVICES: [0]
[I 2023-11-30 02:42:31,394] Trial 124 finished with value: 4.196869373321533 and parameters: {'gradient_clip_val': 0.593949345915592, 'hidden_size': 107, 'dropout': 0.11471685776730285, 'hidden_continuous_size': 14, 'attention_head_size': 2, 'learning_rate': 0.01614441749763435}. Best is trial 13 with value: 3.946019411087036.
LOCAL_RANK: 0 - CUDA_VISIBLE_DEVICES: [0]
[I 2023-11-30 02:42:44,214] Trial 125 finished with value: 4.581113338470459 and parameters: {'gradient_clip_val': 0.5511512554623617, 'hidden_size': 39, 'dropout': 0.15305345670055287, 'hidden_continuous_size': 21, 'attention_head_size': 4, 'learning_rate': 0.01865476176041855}. Best is trial 13 with value: 3.946019411087036.
LOCAL_RANK: 0 - CUDA_VISIBLE_DEVICES: [0]
[I 2023-11-30 02:42:57,287] Trial 126 finished with value: 4.198093891143799 and parameters: {'gradient_clip_val': 0.6545359742915074, 'hidden_size': 45, 'dropout': 0.1283949316049781, 'hidden_continuous_size': 16, 'attention_head_size': 3, 'learning_rate': 0.011640496444318296}. Best is trial 13 with value: 3.946019411087036.
LOCAL_RANK: 0 - CUDA_VISIBLE_DEVICES: [0]
[I 2023-11-30 02:43:09,884] Trial 127 finished with value: 4.21674108505249 and parameters: {'gradient_clip_val': 0.49855837517512697, 'hidden_size': 33, 'dropout': 0.13375231660939296, 'hidden_continuous_size': 17, 'attention_head_size': 2, 'learning_rate': 0.01417648780460892}. Best is trial 13 with value: 3.946019411087036.
LOCAL_RANK: 0 - CUDA_VISIBLE_DEVICES: [0]
[I 2023-11-30 02:43:22,324] Trial 128 finished with value: 5.133936405181885 and parameters: {'gradient_clip_val': 0.3918525799091427, 'hidden_size': 27, 'dropout': 0.18594708251649872, 'hidden_continuous_size': 13, 'attention_head_size': 4, 'learning_rate': 0.010821326479170341}. Best is trial 13 with value: 3.946019411087036.
LOCAL_RANK: 0 - CUDA_VISIBLE_DEVICES: [0]
[I 2023-11-30 02:43:34,202] Trial 129 finished with value: 4.698634624481201 and parameters: {'gradient_clip_val': 0.6806415580447556, 'hidden_size': 24, 'dropout': 0.17181607969293616, 'hidden_continuous_size': 12, 'attention_head_size': 2, 'learning_rate': 0.012765454871265227}. Best is trial 13 with value: 3.946019411087036.
LOCAL_RANK: 0 - CUDA_VISIBLE_DEVICES: [0]
[I 2023-11-30 02:43:46,766] Trial 130 finished with value: 5.209513187408447 and parameters: {'gradient_clip_val': 0.6145272252021406, 'hidden_size': 36, 'dropout': 0.10795890675290952, 'hidden_continuous_size': 11, 'attention_head_size': 4, 'learning_rate': 0.008128976170822028}. Best is trial 13 with value: 3.946019411087036.
LOCAL_RANK: 0 - CUDA_VISIBLE_DEVICES: [0]
[I 2023-11-30 02:43:58,911] Trial 131 finished with value: 4.96368408203125 and parameters: {'gradient_clip_val': 0.4518293667979357, 'hidden_size': 30, 'dropout': 0.15987681719607674, 'hidden_continuous_size': 13, 'attention_head_size': 2, 'learning_rate': 0.020980157155364346}. Best is trial 13 with value: 3.946019411087036.
LOCAL_RANK: 0 - CUDA_VISIBLE_DEVICES: [0]
[I 2023-11-30 02:44:11,519] Trial 132 finished with value: 4.029038906097412 and parameters: {'gradient_clip_val': 0.5715023721735166, 'hidden_size': 31, 'dropout': 0.13931982724564307, 'hidden_continuous_size': 12, 'attention_head_size': 2, 'learning_rate': 0.0188860483512635}. Best is trial 13 with value: 3.946019411087036.
LOCAL_RANK: 0 - CUDA_VISIBLE_DEVICES: [0]
[I 2023-11-30 02:44:23,642] Trial 133 finished with value: 4.0055670738220215 and parameters: {'gradient_clip_val': 0.5757159560200639, 'hidden_size': 32, 'dropout': 0.14085444744020592, 'hidden_continuous_size': 12, 'attention_head_size': 2, 'learning_rate': 0.018212549107604874}. Best is trial 13 with value: 3.946019411087036.
LOCAL_RANK: 0 - CUDA_VISIBLE_DEVICES: [0]
[I 2023-11-30 02:44:35,615] Trial 134 finished with value: 4.617004871368408 and parameters: {'gradient_clip_val': 0.529800016459167, 'hidden_size': 32, 'dropout': 0.14352592838696238, 'hidden_continuous_size': 12, 'attention_head_size': 2, 'learning_rate': 0.018909331278240266}. Best is trial 13 with value: 3.946019411087036.
LOCAL_RANK: 0 - CUDA_VISIBLE_DEVICES: [0]
[I 2023-11-30 02:44:49,380] Trial 135 finished with value: 5.703804016113281 and parameters: {'gradient_clip_val': 0.7922002792811332, 'hidden_size': 130, 'dropout': 0.15291131303705843, 'hidden_continuous_size': 10, 'attention_head_size': 2, 'learning_rate': 0.028269539782902517}. Best is trial 13 with value: 3.946019411087036.
LOCAL_RANK: 0 - CUDA_VISIBLE_DEVICES: [0]
[I 2023-11-30 02:45:01,419] Trial 136 finished with value: 4.2188286781311035 and parameters: {'gradient_clip_val': 0.5591257668248277, 'hidden_size': 28, 'dropout': 0.13904497700766683, 'hidden_continuous_size': 11, 'attention_head_size': 2, 'learning_rate': 0.02379023600536052}. Best is trial 13 with value: 3.946019411087036.
LOCAL_RANK: 0 - CUDA_VISIBLE_DEVICES: [0]
[I 2023-11-30 02:45:13,815] Trial 137 finished with value: 4.633342266082764 and parameters: {'gradient_clip_val': 0.5838006392405447, 'hidden_size': 25, 'dropout': 0.12130946097095831, 'hidden_continuous_size': 12, 'attention_head_size': 2, 'learning_rate': 0.015766360911219968}. Best is trial 13 with value: 3.946019411087036.
LOCAL_RANK: 0 - CUDA_VISIBLE_DEVICES: [0]
[I 2023-11-30 02:45:27,085] Trial 138 finished with value: 4.724891185760498 and parameters: {'gradient_clip_val': 0.4739704734515263, 'hidden_size': 63, 'dropout': 0.25817554975722307, 'hidden_continuous_size': 25, 'attention_head_size': 2, 'learning_rate': 0.02556639265527775}. Best is trial 13 with value: 3.946019411087036.
LOCAL_RANK: 0 - CUDA_VISIBLE_DEVICES: [0]
[I 2023-11-30 02:45:39,818] Trial 139 finished with value: 4.783398151397705 and parameters: {'gradient_clip_val': 0.639435284316925, 'hidden_size': 38, 'dropout': 0.16314193000143362, 'hidden_continuous_size': 20, 'attention_head_size': 2, 'learning_rate': 0.013838128109921946}. Best is trial 13 with value: 3.946019411087036.
LOCAL_RANK: 0 - CUDA_VISIBLE_DEVICES: [0]
[I 2023-11-30 02:45:53,118] Trial 140 finished with value: 5.0233635902404785 and parameters: {'gradient_clip_val': 0.5112774461206128, 'hidden_size': 94, 'dropout': 0.1445381779260289, 'hidden_continuous_size': 11, 'attention_head_size': 2, 'learning_rate': 0.021702465906002704}. Best is trial 13 with value: 3.946019411087036.
LOCAL_RANK: 0 - CUDA_VISIBLE_DEVICES: [0]
