[I 2023-11-30 02:20:59,902] Trial 23 finished with value: 4.203405857086182 and parameters: {'gradient_clip_val': 0.414033974365919, 'hidden_size': 19, 'dropout': 0.12426173484840031, 'hidden_continuous_size': 11, 'attention_head_size': 2, 'learning_rate': 0.0959045741580535}. Best is trial 13 with value: 3.946019411087036.
LOCAL_RANK: 0 - CUDA_VISIBLE_DEVICES: [0]
[I 2023-11-30 02:21:11,983] Trial 24 finished with value: 5.412442684173584 and parameters: {'gradient_clip_val': 0.32891327631393596, 'hidden_size': 14, 'dropout': 0.15734634274312362, 'hidden_continuous_size': 11, 'attention_head_size': 3, 'learning_rate': 0.03522605700141172}. Best is trial 13 with value: 3.946019411087036.
LOCAL_RANK: 0 - CUDA_VISIBLE_DEVICES: [0]
[I 2023-11-30 02:21:22,151] Trial 25 finished with value: 4.423117160797119 and parameters: {'gradient_clip_val': 0.4310392142961016, 'hidden_size': 10, 'dropout': 0.10155329933648985, 'hidden_continuous_size': 10, 'attention_head_size': 2, 'learning_rate': 0.0550208218870287}. Best is trial 13 with value: 3.946019411087036.
LOCAL_RANK: 0 - CUDA_VISIBLE_DEVICES: [0]
[I 2023-11-30 02:21:34,310] Trial 26 finished with value: 4.2737135887146 and parameters: {'gradient_clip_val': 0.5445566308169614, 'hidden_size': 23, 'dropout': 0.19625584767565443, 'hidden_continuous_size': 13, 'attention_head_size': 1, 'learning_rate': 0.03306177000257001}. Best is trial 13 with value: 3.946019411087036.
LOCAL_RANK: 0 - CUDA_VISIBLE_DEVICES: [0]
[I 2023-11-30 02:21:46,293] Trial 27 finished with value: 4.459184646606445 and parameters: {'gradient_clip_val': 0.254976610929156, 'hidden_size': 14, 'dropout': 0.1333263267316767, 'hidden_continuous_size': 11, 'attention_head_size': 3, 'learning_rate': 0.06407925942150802}. Best is trial 13 with value: 3.946019411087036.
LOCAL_RANK: 0 - CUDA_VISIBLE_DEVICES: [0]
[I 2023-11-30 02:21:58,917] Trial 28 finished with value: 4.137590408325195 and parameters: {'gradient_clip_val': 0.20048205359606983, 'hidden_size': 31, 'dropout': 0.15946518139036858, 'hidden_continuous_size': 13, 'attention_head_size': 2, 'learning_rate': 0.020524791802530903}. Best is trial 13 with value: 3.946019411087036.
LOCAL_RANK: 0 - CUDA_VISIBLE_DEVICES: [0]
[I 2023-11-30 02:22:11,374] Trial 29 finished with value: 4.524041175842285 and parameters: {'gradient_clip_val': 0.19019251394925754, 'hidden_size': 31, 'dropout': 0.21964521418239735, 'hidden_continuous_size': 13, 'attention_head_size': 3, 'learning_rate': 0.017775135230639748}. Best is trial 13 with value: 3.946019411087036.
LOCAL_RANK: 0 - CUDA_VISIBLE_DEVICES: [0]
[I 2023-11-30 02:22:23,751] Trial 30 finished with value: 4.077855587005615 and parameters: {'gradient_clip_val': 0.4165467539353427, 'hidden_size': 29, 'dropout': 0.19190375852367791, 'hidden_continuous_size': 13, 'attention_head_size': 2, 'learning_rate': 0.02300894415517398}. Best is trial 13 with value: 3.946019411087036.
LOCAL_RANK: 0 - CUDA_VISIBLE_DEVICES: [0]
[I 2023-11-30 02:22:35,862] Trial 31 finished with value: 4.153977870941162 and parameters: {'gradient_clip_val': 0.3972026383705587, 'hidden_size': 28, 'dropout': 0.18749789791236846, 'hidden_continuous_size': 13, 'attention_head_size': 2, 'learning_rate': 0.02279604960351973}. Best is trial 13 with value: 3.946019411087036.
LOCAL_RANK: 0 - CUDA_VISIBLE_DEVICES: [0]
[I 2023-11-30 02:22:48,618] Trial 32 finished with value: 4.235349178314209 and parameters: {'gradient_clip_val': 0.5715160887836882, 'hidden_size': 43, 'dropout': 0.214697401269245, 'hidden_continuous_size': 16, 'attention_head_size': 2, 'learning_rate': 0.017175003339447263}. Best is trial 13 with value: 3.946019411087036.
LOCAL_RANK: 0 - CUDA_VISIBLE_DEVICES: [0]
[I 2023-11-30 02:23:00,948] Trial 33 finished with value: 4.648539066314697 and parameters: {'gradient_clip_val': 0.44643122740123226, 'hidden_size': 32, 'dropout': 0.18472271430733478, 'hidden_continuous_size': 12, 'attention_head_size': 2, 'learning_rate': 0.04401329930951597}. Best is trial 13 with value: 3.946019411087036.
LOCAL_RANK: 0 - CUDA_VISIBLE_DEVICES: [0]
[I 2023-11-30 02:23:14,650] Trial 34 finished with value: 3.9895718097686768 and parameters: {'gradient_clip_val': 0.7283040460041702, 'hidden_size': 120, 'dropout': 0.15197742167029782, 'hidden_continuous_size': 18, 'attention_head_size': 3, 'learning_rate': 0.012502020504263753}. Best is trial 13 with value: 3.946019411087036.
LOCAL_RANK: 0 - CUDA_VISIBLE_DEVICES: [0]
[I 2023-11-30 02:23:28,583] Trial 35 finished with value: 4.063688278198242 and parameters: {'gradient_clip_val': 0.7263788582218836, 'hidden_size': 132, 'dropout': 0.12187369262458524, 'hidden_continuous_size': 20, 'attention_head_size': 3, 'learning_rate': 0.011677631649721118}. Best is trial 13 with value: 3.946019411087036.
LOCAL_RANK: 0 - CUDA_VISIBLE_DEVICES: [0]
[I 2023-11-30 02:23:42,578] Trial 36 finished with value: 4.9310102462768555 and parameters: {'gradient_clip_val': 0.7622798942357972, 'hidden_size': 133, 'dropout': 0.12174148726667239, 'hidden_continuous_size': 22, 'attention_head_size': 3, 'learning_rate': 0.010821963584535408}. Best is trial 13 with value: 3.946019411087036.
LOCAL_RANK: 0 - CUDA_VISIBLE_DEVICES: [0]
[I 2023-11-30 02:23:56,734] Trial 37 finished with value: 4.933552265167236 and parameters: {'gradient_clip_val': 0.6616104190399881, 'hidden_size': 125, 'dropout': 0.1171777670494962, 'hidden_continuous_size': 20, 'attention_head_size': 4, 'learning_rate': 0.008566222154609721}. Best is trial 13 with value: 3.946019411087036.
LOCAL_RANK: 0 - CUDA_VISIBLE_DEVICES: [0]
[I 2023-11-30 02:24:10,313] Trial 38 finished with value: 4.432402610778809 and parameters: {'gradient_clip_val': 0.74259970734529, 'hidden_size': 69, 'dropout': 0.1449611612790955, 'hidden_continuous_size': 18, 'attention_head_size': 3, 'learning_rate': 0.013237613721426681}. Best is trial 13 with value: 3.946019411087036.
LOCAL_RANK: 0 - CUDA_VISIBLE_DEVICES: [0]
[I 2023-11-30 02:24:24,350] Trial 39 finished with value: 4.980282306671143 and parameters: {'gradient_clip_val': 0.5877080191559378, 'hidden_size': 119, 'dropout': 0.11436516647737326, 'hidden_continuous_size': 27, 'attention_head_size': 4, 'learning_rate': 0.015209063349587435}. Best is trial 13 with value: 3.946019411087036.
LOCAL_RANK: 0 - CUDA_VISIBLE_DEVICES: [0]
[I 2023-11-30 02:24:38,162] Trial 40 finished with value: 4.921000957489014 and parameters: {'gradient_clip_val': 0.8210940689681976, 'hidden_size': 102, 'dropout': 0.14440622301776948, 'hidden_continuous_size': 26, 'attention_head_size': 3, 'learning_rate': 0.006732319776673842}. Best is trial 13 with value: 3.946019411087036.
LOCAL_RANK: 0 - CUDA_VISIBLE_DEVICES: [0]
[I 2023-11-30 02:24:52,517] Trial 41 finished with value: 5.193370819091797 and parameters: {'gradient_clip_val': 0.6553275504009062, 'hidden_size': 150, 'dropout': 0.1691017561785373, 'hidden_continuous_size': 17, 'attention_head_size': 3, 'learning_rate': 0.010718163147087989}. Best is trial 13 with value: 3.946019411087036.
LOCAL_RANK: 0 - CUDA_VISIBLE_DEVICES: [0]
[I 2023-11-30 02:25:06,342] Trial 42 finished with value: 5.365772247314453 and parameters: {'gradient_clip_val': 0.5841817428127379, 'hidden_size': 113, 'dropout': 0.13217146928139809, 'hidden_continuous_size': 20, 'attention_head_size': 3, 'learning_rate': 0.016417012402502852}. Best is trial 13 with value: 3.946019411087036.
LOCAL_RANK: 0 - CUDA_VISIBLE_DEVICES: [0]
[I 2023-11-30 02:25:20,068] Trial 43 finished with value: 4.307018280029297 and parameters: {'gradient_clip_val': 0.3619025875606411, 'hidden_size': 78, 'dropout': 0.12042506344068812, 'hidden_continuous_size': 23, 'attention_head_size': 4, 'learning_rate': 0.01328138042034732}. Best is trial 13 with value: 3.946019411087036.
LOCAL_RANK: 0 - CUDA_VISIBLE_DEVICES: [0]
[I 2023-11-30 02:25:34,022] Trial 44 finished with value: 4.293153762817383 and parameters: {'gradient_clip_val': 0.4950023075420007, 'hidden_size': 133, 'dropout': 0.15201508498688351, 'hidden_continuous_size': 16, 'attention_head_size': 3, 'learning_rate': 0.00846153745113355}. Best is trial 13 with value: 3.946019411087036.
LOCAL_RANK: 0 - CUDA_VISIBLE_DEVICES: [0]
[I 2023-11-30 02:25:47,681] Trial 45 finished with value: 4.708151340484619 and parameters: {'gradient_clip_val': 0.8578638174488914, 'hidden_size': 89, 'dropout': 0.174149963476444, 'hidden_continuous_size': 19, 'attention_head_size': 4, 'learning_rate': 0.02921284327858384}. Best is trial 13 with value: 3.946019411087036.
LOCAL_RANK: 0 - CUDA_VISIBLE_DEVICES: [0]
[I 2023-11-30 02:26:01,313] Trial 46 finished with value: 4.2405476570129395 and parameters: {'gradient_clip_val': 0.4588506331787524, 'hidden_size': 107, 'dropout': 0.2480832086227307, 'hidden_continuous_size': 15, 'attention_head_size': 3, 'learning_rate': 0.019866689688151935}. Best is trial 13 with value: 3.946019411087036.
LOCAL_RANK: 0 - CUDA_VISIBLE_DEVICES: [0]
[I 2023-11-30 02:26:15,140] Trial 47 finished with value: 6.01979398727417 and parameters: {'gradient_clip_val': 0.530270270027292, 'hidden_size': 114, 'dropout': 0.26665783336379645, 'hidden_continuous_size': 31, 'attention_head_size': 2, 'learning_rate': 0.02533696473804759}. Best is trial 13 with value: 3.946019411087036.
LOCAL_RANK: 0 - CUDA_VISIBLE_DEVICES: [0]
[I 2023-11-30 02:26:28,246] Trial 48 finished with value: 4.91395378112793 and parameters: {'gradient_clip_val': 0.7206556056768367, 'hidden_size': 58, 'dropout': 0.11118572696875269, 'hidden_continuous_size': 17, 'attention_head_size': 1, 'learning_rate': 0.011510789807262795}. Best is trial 13 with value: 3.946019411087036.
LOCAL_RANK: 0 - CUDA_VISIBLE_DEVICES: [0]
[I 2023-11-30 02:26:42,437] Trial 49 finished with value: 4.406005382537842 and parameters: {'gradient_clip_val': 0.3816489068441335, 'hidden_size': 138, 'dropout': 0.1308342651976077, 'hidden_continuous_size': 21, 'attention_head_size': 3, 'learning_rate': 0.005386088670047479}. Best is trial 13 with value: 3.946019411087036.
LOCAL_RANK: 0 - CUDA_VISIBLE_DEVICES: [0]
[I 2023-11-30 02:26:55,920] Trial 50 finished with value: 4.23088264465332 and parameters: {'gradient_clip_val': 0.6225085042063433, 'hidden_size': 79, 'dropout': 0.19394625997474096, 'hidden_continuous_size': 18, 'attention_head_size': 4, 'learning_rate': 0.008809245236597674}. Best is trial 13 with value: 3.946019411087036.
LOCAL_RANK: 0 - CUDA_VISIBLE_DEVICES: [0]
[I 2023-11-30 02:27:09,654] Trial 51 finished with value: 4.806587219238281 and parameters: {'gradient_clip_val': 0.4026339346020572, 'hidden_size': 123, 'dropout': 0.16627488789547978, 'hidden_continuous_size': 15, 'attention_head_size': 2, 'learning_rate': 0.021154499183272606}. Best is trial 13 with value: 3.946019411087036.
LOCAL_RANK: 0 - CUDA_VISIBLE_DEVICES: [0]
[I 2023-11-30 02:27:21,817] Trial 52 finished with value: 4.5180439949035645 and parameters: {'gradient_clip_val': 0.33212814702904014, 'hidden_size': 25, 'dropout': 0.1588150898214549, 'hidden_continuous_size': 14, 'attention_head_size': 2, 'learning_rate': 0.014945288104556375}. Best is trial 13 with value: 3.946019411087036.
LOCAL_RANK: 0 - CUDA_VISIBLE_DEVICES: [0]
[I 2023-11-30 02:27:35,431] Trial 53 finished with value: 5.161133289337158 and parameters: {'gradient_clip_val': 0.4798759432850369, 'hidden_size': 90, 'dropout': 0.143636988225943, 'hidden_continuous_size': 21, 'attention_head_size': 2, 'learning_rate': 0.020755833233903547}. Best is trial 13 with value: 3.946019411087036.
LOCAL_RANK: 0 - CUDA_VISIBLE_DEVICES: [0]
[I 2023-11-30 02:27:47,820] Trial 54 finished with value: 4.373231410980225 and parameters: {'gradient_clip_val': 0.9132902399557266, 'hidden_size': 40, 'dropout': 0.17744983997016672, 'hidden_continuous_size': 12, 'attention_head_size': 2, 'learning_rate': 0.03011534881598588}. Best is trial 13 with value: 3.946019411087036.
LOCAL_RANK: 0 - CUDA_VISIBLE_DEVICES: [0]
[I 2023-11-30 02:28:00,229] Trial 55 finished with value: 4.1971869468688965 and parameters: {'gradient_clip_val': 0.5324677207311815, 'hidden_size': 31, 'dropout': 0.1631996763453932, 'hidden_continuous_size': 13, 'attention_head_size': 2, 'learning_rate': 0.024931288149759482}. Best is trial 13 with value: 3.946019411087036.
LOCAL_RANK: 0 - CUDA_VISIBLE_DEVICES: [0]
[I 2023-11-30 02:28:13,026] Trial 56 finished with value: 4.23174524307251 and parameters: {'gradient_clip_val': 0.4349481619948778, 'hidden_size': 47, 'dropout': 0.20640793141037378, 'hidden_continuous_size': 19, 'attention_head_size': 1, 'learning_rate': 0.012068947244363935}. Best is trial 13 with value: 3.946019411087036.
LOCAL_RANK: 0 - CUDA_VISIBLE_DEVICES: [0]
[I 2023-11-30 02:28:25,654] Trial 57 finished with value: 4.158330917358398 and parameters: {'gradient_clip_val': 0.29628825192150376, 'hidden_size': 37, 'dropout': 0.1077668881716035, 'hidden_continuous_size': 17, 'attention_head_size': 2, 'learning_rate': 0.018546646696157246}. Best is trial 13 with value: 3.946019411087036.
LOCAL_RANK: 0 - CUDA_VISIBLE_DEVICES: [0]
[I 2023-11-30 02:28:38,419] Trial 58 finished with value: 5.0490498542785645 and parameters: {'gradient_clip_val': 0.35596419937462115, 'hidden_size': 34, 'dropout': 0.1376598722309455, 'hidden_continuous_size': 15, 'attention_head_size': 3, 'learning_rate': 0.037893506326823166}. Best is trial 13 with value: 3.946019411087036.
LOCAL_RANK: 0 - CUDA_VISIBLE_DEVICES: [0]
[I 2023-11-30 02:28:52,627] Trial 59 finished with value: 4.897367477416992 and parameters: {'gradient_clip_val': 0.706532728962327, 'hidden_size': 145, 'dropout': 0.10096989686568872, 'hidden_continuous_size': 24, 'attention_head_size': 2, 'learning_rate': 0.015165514732922245}. Best is trial 13 with value: 3.946019411087036.
LOCAL_RANK: 0 - CUDA_VISIBLE_DEVICES: [0]
[I 2023-11-30 02:29:06,068] Trial 60 finished with value: 4.632739067077637 and parameters: {'gradient_clip_val': 0.4172333419498676, 'hidden_size': 99, 'dropout': 0.1520716553593641, 'hidden_continuous_size': 14, 'attention_head_size': 2, 'learning_rate': 0.00996844286967023}. Best is trial 13 with value: 3.946019411087036.
LOCAL_RANK: 0 - CUDA_VISIBLE_DEVICES: [0]
[I 2023-11-30 02:29:18,162] Trial 61 finished with value: 4.570324420928955 and parameters: {'gradient_clip_val': 0.2747931207799316, 'hidden_size': 19, 'dropout': 0.12507195013049632, 'hidden_continuous_size': 12, 'attention_head_size': 2, 'learning_rate': 0.04898903415969424}. Best is trial 13 with value: 3.946019411087036.
LOCAL_RANK: 0 - CUDA_VISIBLE_DEVICES: [0]
[I 2023-11-30 02:29:30,147] Trial 62 finished with value: 4.568456649780273 and parameters: {'gradient_clip_val': 0.20841545998820415, 'hidden_size': 24, 'dropout': 0.18170907540094844, 'hidden_continuous_size': 11, 'attention_head_size': 2, 'learning_rate': 0.03653433679563613}. Best is trial 13 with value: 3.946019411087036.
LOCAL_RANK: 0 - CUDA_VISIBLE_DEVICES: [0]
[I 2023-11-30 02:29:42,484] Trial 63 finished with value: 4.465644359588623 and parameters: {'gradient_clip_val': 0.3308427891241546, 'hidden_size': 21, 'dropout': 0.1614191008532354, 'hidden_continuous_size': 13, 'attention_head_size': 2, 'learning_rate': 0.08604977681464226}. Best is trial 13 with value: 3.946019411087036.
LOCAL_RANK: 0 - CUDA_VISIBLE_DEVICES: [0]
[I 2023-11-30 02:29:54,567] Trial 64 finished with value: 4.491894245147705 and parameters: {'gradient_clip_val': 0.4852818586773539, 'hidden_size': 27, 'dropout': 0.13960402627029617, 'hidden_continuous_size': 11, 'attention_head_size': 1, 'learning_rate': 0.025952237188586316}. Best is trial 13 with value: 3.946019411087036.
LOCAL_RANK: 0 - CUDA_VISIBLE_DEVICES: [0]
[I 2023-11-30 02:30:06,811] Trial 65 finished with value: 4.744010925292969 and parameters: {'gradient_clip_val': 0.38333792521630106, 'hidden_size': 30, 'dropout': 0.15175897831817833, 'hidden_continuous_size': 10, 'attention_head_size': 2, 'learning_rate': 0.06645427529176437}. Best is trial 13 with value: 3.946019411087036.
LOCAL_RANK: 0 - CUDA_VISIBLE_DEVICES: [0]
[I 2023-11-30 02:30:18,954] Trial 66 finished with value: 4.520462512969971 and parameters: {'gradient_clip_val': 0.7997167692983196, 'hidden_size': 17, 'dropout': 0.1254993245324532, 'hidden_continuous_size': 10, 'attention_head_size': 3, 'learning_rate': 0.07844848845913459}. Best is trial 13 with value: 3.946019411087036.
LOCAL_RANK: 0 - CUDA_VISIBLE_DEVICES: [0]
[I 2023-11-30 02:30:31,170] Trial 67 finished with value: 6.941468715667725 and parameters: {'gradient_clip_val': 0.6822473236589395, 'hidden_size': 11, 'dropout': 0.18818507047723382, 'hidden_continuous_size': 10, 'attention_head_size': 2, 'learning_rate': 0.018429655505462727}. Best is trial 13 with value: 3.946019411087036.
LOCAL_RANK: 0 - CUDA_VISIBLE_DEVICES: [0]
[I 2023-11-30 02:30:43,833] Trial 68 finished with value: 4.146875858306885 and parameters: {'gradient_clip_val': 0.6252023767225372, 'hidden_size': 35, 'dropout': 0.17043827777566728, 'hidden_continuous_size': 12, 'attention_head_size': 4, 'learning_rate': 0.021939222529468536}. Best is trial 13 with value: 3.946019411087036.
LOCAL_RANK: 0 - CUDA_VISIBLE_DEVICES: [0]
[I 2023-11-30 02:30:55,989] Trial 69 finished with value: 4.284877300262451 and parameters: {'gradient_clip_val': 0.5555857771064373, 'hidden_size': 22, 'dropout': 0.11344392131380775, 'hidden_continuous_size': 13, 'attention_head_size': 2, 'learning_rate': 0.030881308265445193}. Best is trial 13 with value: 3.946019411087036.
LOCAL_RANK: 0 - CUDA_VISIBLE_DEVICES: [0]
[I 2023-11-30 02:31:08,204] Trial 70 finished with value: 4.295917510986328 and parameters: {'gradient_clip_val': 0.5094715340762859, 'hidden_size': 26, 'dropout': 0.2346796715507219, 'hidden_continuous_size': 11, 'attention_head_size': 3, 'learning_rate': 0.040163684602298765}. Best is trial 13 with value: 3.946019411087036.
LOCAL_RANK: 0 - CUDA_VISIBLE_DEVICES: [0]
[I 2023-11-30 02:31:20,845] Trial 71 finished with value: 4.176883697509766 and parameters: {'gradient_clip_val': 0.6129009206679407, 'hidden_size': 35, 'dropout': 0.16872352848844627, 'hidden_continuous_size': 12, 'attention_head_size': 4, 'learning_rate': 0.014207614067496875}. Best is trial 13 with value: 3.946019411087036.
LOCAL_RANK: 0 - CUDA_VISIBLE_DEVICES: [0]
[I 2023-11-30 02:31:33,528] Trial 72 finished with value: 4.565376281738281 and parameters: {'gradient_clip_val': 0.6666557833748697, 'hidden_size': 29, 'dropout': 0.17748269019957125, 'hidden_continuous_size': 12, 'attention_head_size': 4, 'learning_rate': 0.02340278689337343}. Best is trial 13 with value: 3.946019411087036.
LOCAL_RANK: 0 - CUDA_VISIBLE_DEVICES: [0]
[I 2023-11-30 02:31:46,263] Trial 73 finished with value: 4.108760356903076 and parameters: {'gradient_clip_val': 0.6094118291492164, 'hidden_size': 34, 'dropout': 0.13314907812764207, 'hidden_continuous_size': 14, 'attention_head_size': 4, 'learning_rate': 0.017072784425304653}. Best is trial 13 with value: 3.946019411087036.
LOCAL_RANK: 0 - CUDA_VISIBLE_DEVICES: [0]
[I 2023-11-30 02:31:59,099] Trial 74 finished with value: 4.651933670043945 and parameters: {'gradient_clip_val': 0.591853476771936, 'hidden_size': 39, 'dropout': 0.13258660126281213, 'hidden_continuous_size': 14, 'attention_head_size': 4, 'learning_rate': 0.0164490533902796}. Best is trial 13 with value: 3.946019411087036.
LOCAL_RANK: 0 - CUDA_VISIBLE_DEVICES: [0]
[I 2023-11-30 02:32:11,596] Trial 75 finished with value: 5.3610053062438965 and parameters: {'gradient_clip_val': 0.561123392359748, 'hidden_size': 27, 'dropout': 0.14859167138505852, 'hidden_continuous_size': 14, 'attention_head_size': 4, 'learning_rate': 0.03321637214574119}. Best is trial 13 with value: 3.946019411087036.
LOCAL_RANK: 0 - CUDA_VISIBLE_DEVICES: [0]
[I 2023-11-30 02:32:24,406] Trial 76 finished with value: 4.726446151733398 and parameters: {'gradient_clip_val': 0.752751679965928, 'hidden_size': 33, 'dropout': 0.15710896988529552, 'hidden_continuous_size': 19, 'attention_head_size': 4, 'learning_rate': 0.012682581747926006}. Best is trial 13 with value: 3.946019411087036.
LOCAL_RANK: 0 - CUDA_VISIBLE_DEVICES: [0]
[I 2023-11-30 02:32:36,733] Trial 77 finished with value: 5.61743688583374 and parameters: {'gradient_clip_val': 0.46702199643510145, 'hidden_size': 15, 'dropout': 0.13909323236764595, 'hidden_continuous_size': 13, 'attention_head_size': 2, 'learning_rate': 0.018837634301788315}. Best is trial 13 with value: 3.946019411087036.
LOCAL_RANK: 0 - CUDA_VISIBLE_DEVICES: [0]
[I 2023-11-30 02:32:49,526] Trial 78 finished with value: 4.837117671966553 and parameters: {'gradient_clip_val': 0.4475699886207292, 'hidden_size': 43, 'dropout': 0.12069289128361393, 'hidden_continuous_size': 16, 'attention_head_size': 3, 'learning_rate': 0.027537184612307877}. Best is trial 13 with value: 3.946019411087036.
LOCAL_RANK: 0 - CUDA_VISIBLE_DEVICES: [0]
[I 2023-11-30 02:33:01,778] Trial 79 finished with value: 5.453861236572266 and parameters: {'gradient_clip_val': 0.5181647835670904, 'hidden_size': 29, 'dropout': 0.1299398801967664, 'hidden_continuous_size': 15, 'attention_head_size': 3, 'learning_rate': 0.011707575978827708}. Best is trial 13 with value: 3.946019411087036.
LOCAL_RANK: 0 - CUDA_VISIBLE_DEVICES: [0]
[I 2023-11-30 02:33:12,147] Trial 80 finished with value: 9.351273536682129 and parameters: {'gradient_clip_val': 0.155653377129896, 'hidden_size': 11, 'dropout': 0.11276871257586973, 'hidden_continuous_size': 11, 'attention_head_size': 4, 'learning_rate': 0.013775922721941329}. Best is trial 13 with value: 3.946019411087036.
LOCAL_RANK: 0 - CUDA_VISIBLE_DEVICES: [0]
[I 2023-11-30 02:33:24,802] Trial 81 finished with value: 4.610498428344727 and parameters: {'gradient_clip_val': 0.6831016960477208, 'hidden_size': 36, 'dropout': 0.1700297545733085, 'hidden_continuous_size': 18, 'attention_head_size': 4, 'learning_rate': 0.021736899832580002}. Best is trial 13 with value: 3.946019411087036.
LOCAL_RANK: 0 - CUDA_VISIBLE_DEVICES: [0]
