[I 2023-11-30 06:06:59,950] Trial 22 finished with value: 21.644515991210938 and parameters: {'gradient_clip_val': 0.7274223028513562, 'hidden_size': 89, 'dropout': 0.1827948360148118, 'hidden_continuous_size': 38, 'attention_head_size': 2, 'learning_rate': 0.04127599897969163}. Best is trial 22 with value: 21.644515991210938.
LOCAL_RANK: 0 - CUDA_VISIBLE_DEVICES: [0]
[I 2023-11-30 06:07:13,519] Trial 23 finished with value: 26.24247169494629 and parameters: {'gradient_clip_val': 0.697521833419884, 'hidden_size': 79, 'dropout': 0.13553808548117455, 'hidden_continuous_size': 35, 'attention_head_size': 3, 'learning_rate': 0.03125957548770016}. Best is trial 22 with value: 21.644515991210938.
LOCAL_RANK: 0 - CUDA_VISIBLE_DEVICES: [0]
[I 2023-11-30 06:07:26,801] Trial 24 finished with value: 22.87452507019043 and parameters: {'gradient_clip_val': 0.47397230578646943, 'hidden_size': 61, 'dropout': 0.20953242958607415, 'hidden_continuous_size': 38, 'attention_head_size': 1, 'learning_rate': 0.08306665891169716}. Best is trial 22 with value: 21.644515991210938.
LOCAL_RANK: 0 - CUDA_VISIBLE_DEVICES: [0]
[I 2023-11-30 06:07:40,861] Trial 25 finished with value: 22.639726638793945 and parameters: {'gradient_clip_val': 0.6687917205734818, 'hidden_size': 126, 'dropout': 0.17501737166949358, 'hidden_continuous_size': 46, 'attention_head_size': 2, 'learning_rate': 0.023689699324439165}. Best is trial 22 with value: 21.644515991210938.
LOCAL_RANK: 0 - CUDA_VISIBLE_DEVICES: [0]
[I 2023-11-30 06:07:55,003] Trial 26 finished with value: 31.046422958374023 and parameters: {'gradient_clip_val': 0.6983382919056905, 'hidden_size': 124, 'dropout': 0.189170623996624, 'hidden_continuous_size': 42, 'attention_head_size': 2, 'learning_rate': 0.06300953756207434}. Best is trial 22 with value: 21.644515991210938.
LOCAL_RANK: 0 - CUDA_VISIBLE_DEVICES: [0]
[I 2023-11-30 06:08:08,808] Trial 27 finished with value: 26.60140037536621 and parameters: {'gradient_clip_val': 0.5717507112664171, 'hidden_size': 120, 'dropout': 0.1632160064405873, 'hidden_continuous_size': 51, 'attention_head_size': 1, 'learning_rate': 0.03701313526808528}. Best is trial 22 with value: 21.644515991210938.
LOCAL_RANK: 0 - CUDA_VISIBLE_DEVICES: [0]
[I 2023-11-30 06:08:22,398] Trial 28 finished with value: 28.876220703125 and parameters: {'gradient_clip_val': 0.8471501402063027, 'hidden_size': 81, 'dropout': 0.23705476819102467, 'hidden_continuous_size': 36, 'attention_head_size': 2, 'learning_rate': 0.02174954420941849}. Best is trial 22 with value: 21.644515991210938.
LOCAL_RANK: 0 - CUDA_VISIBLE_DEVICES: [0]
[I 2023-11-30 06:08:35,909] Trial 29 finished with value: 25.4676513671875 and parameters: {'gradient_clip_val': 0.342294867063136, 'hidden_size': 63, 'dropout': 0.2072383266636293, 'hidden_continuous_size': 41, 'attention_head_size': 2, 'learning_rate': 0.0701617086332509}. Best is trial 22 with value: 21.644515991210938.
LOCAL_RANK: 0 - CUDA_VISIBLE_DEVICES: [0]
[I 2023-11-30 06:08:49,731] Trial 30 finished with value: 24.224014282226562 and parameters: {'gradient_clip_val': 0.7023411234001228, 'hidden_size': 123, 'dropout': 0.2445806936060182, 'hidden_continuous_size': 28, 'attention_head_size': 1, 'learning_rate': 0.04281381256703329}. Best is trial 22 with value: 21.644515991210938.
LOCAL_RANK: 0 - CUDA_VISIBLE_DEVICES: [0]
[I 2023-11-30 06:09:03,676] Trial 31 finished with value: 21.754892349243164 and parameters: {'gradient_clip_val': 0.505330485135364, 'hidden_size': 89, 'dropout': 0.1707253557015024, 'hidden_continuous_size': 52, 'attention_head_size': 3, 'learning_rate': 0.023318954594882098}. Best is trial 22 with value: 21.644515991210938.
LOCAL_RANK: 0 - CUDA_VISIBLE_DEVICES: [0]
[I 2023-11-30 06:09:17,464] Trial 32 finished with value: 23.99091911315918 and parameters: {'gradient_clip_val': 0.6180080947267876, 'hidden_size': 85, 'dropout': 0.19481395867964402, 'hidden_continuous_size': 40, 'attention_head_size': 3, 'learning_rate': 0.024299022979138444}. Best is trial 22 with value: 21.644515991210938.
LOCAL_RANK: 0 - CUDA_VISIBLE_DEVICES: [0]
[I 2023-11-30 06:09:31,421] Trial 33 finished with value: 27.252517700195312 and parameters: {'gradient_clip_val': 0.5030368867021479, 'hidden_size': 115, 'dropout': 0.17544623281607716, 'hidden_continuous_size': 53, 'attention_head_size': 2, 'learning_rate': 0.037190649498904646}. Best is trial 22 with value: 21.644515991210938.
LOCAL_RANK: 0 - CUDA_VISIBLE_DEVICES: [0]
[I 2023-11-30 06:09:45,082] Trial 34 finished with value: 24.76307487487793 and parameters: {'gradient_clip_val': 0.4037083103037883, 'hidden_size': 86, 'dropout': 0.16135000541716765, 'hidden_continuous_size': 36, 'attention_head_size': 3, 'learning_rate': 0.019730057288585134}. Best is trial 22 with value: 21.644515991210938.
LOCAL_RANK: 0 - CUDA_VISIBLE_DEVICES: [0]
[I 2023-11-30 06:09:59,600] Trial 35 finished with value: 28.36307716369629 and parameters: {'gradient_clip_val': 0.7410514537160838, 'hidden_size': 146, 'dropout': 0.2040459637458294, 'hidden_continuous_size': 61, 'attention_head_size': 2, 'learning_rate': 0.03205062477178057}. Best is trial 22 with value: 21.644515991210938.
LOCAL_RANK: 0 - CUDA_VISIBLE_DEVICES: [0]
[I 2023-11-30 06:10:13,238] Trial 36 finished with value: 23.52009391784668 and parameters: {'gradient_clip_val': 0.642936722719215, 'hidden_size': 73, 'dropout': 0.1847555515873997, 'hidden_continuous_size': 47, 'attention_head_size': 3, 'learning_rate': 0.04714707164113148}. Best is trial 22 with value: 21.644515991210938.
LOCAL_RANK: 0 - CUDA_VISIBLE_DEVICES: [0]
[I 2023-11-30 06:10:27,359] Trial 37 finished with value: 31.05182456970215 and parameters: {'gradient_clip_val': 0.5256759788215238, 'hidden_size': 107, 'dropout': 0.15288002635961273, 'hidden_continuous_size': 47, 'attention_head_size': 3, 'learning_rate': 0.017238297155199436}. Best is trial 22 with value: 21.644515991210938.
LOCAL_RANK: 0 - CUDA_VISIBLE_DEVICES: [0]
[I 2023-11-30 06:10:40,794] Trial 38 finished with value: 27.13262176513672 and parameters: {'gradient_clip_val': 0.4284636866417082, 'hidden_size': 89, 'dropout': 0.21352294586875317, 'hidden_continuous_size': 31, 'attention_head_size': 2, 'learning_rate': 0.009769000717147121}. Best is trial 22 with value: 21.644515991210938.
LOCAL_RANK: 0 - CUDA_VISIBLE_DEVICES: [0]
[I 2023-11-30 06:10:54,373] Trial 39 finished with value: 27.749967575073242 and parameters: {'gradient_clip_val': 0.3751173776964188, 'hidden_size': 70, 'dropout': 0.22846385485945855, 'hidden_continuous_size': 39, 'attention_head_size': 3, 'learning_rate': 0.026872544443672288}. Best is trial 22 with value: 21.644515991210938.
LOCAL_RANK: 0 - CUDA_VISIBLE_DEVICES: [0]
[I 2023-11-30 06:11:08,676] Trial 40 finished with value: 27.191301345825195 and parameters: {'gradient_clip_val': 0.8521174296917547, 'hidden_size': 136, 'dropout': 0.20008170737416858, 'hidden_continuous_size': 60, 'attention_head_size': 3, 'learning_rate': 0.013634700441003683}. Best is trial 22 with value: 21.644515991210938.
LOCAL_RANK: 0 - CUDA_VISIBLE_DEVICES: [0]
[I 2023-11-30 06:11:22,491] Trial 41 finished with value: 31.67713737487793 and parameters: {'gradient_clip_val': 0.4631331488524999, 'hidden_size': 92, 'dropout': 0.148694843059343, 'hidden_continuous_size': 51, 'attention_head_size': 3, 'learning_rate': 0.011686226988044177}. Best is trial 22 with value: 21.644515991210938.
LOCAL_RANK: 0 - CUDA_VISIBLE_DEVICES: [0]
[I 2023-11-30 06:11:36,534] Trial 42 finished with value: 28.349401473999023 and parameters: {'gradient_clip_val': 0.5402303446705066, 'hidden_size': 110, 'dropout': 0.12492382586575927, 'hidden_continuous_size': 62, 'attention_head_size': 2, 'learning_rate': 0.017721301662024062}. Best is trial 22 with value: 21.644515991210938.
LOCAL_RANK: 0 - CUDA_VISIBLE_DEVICES: [0]
[I 2023-11-30 06:11:50,169] Trial 43 finished with value: 22.330041885375977 and parameters: {'gradient_clip_val': 0.642193895471958, 'hidden_size': 77, 'dropout': 0.1393760129168629, 'hidden_continuous_size': 42, 'attention_head_size': 3, 'learning_rate': 0.02324869117618024}. Best is trial 22 with value: 21.644515991210938.
LOCAL_RANK: 0 - CUDA_VISIBLE_DEVICES: [0]
[I 2023-11-30 06:12:03,784] Trial 44 finished with value: 25.097381591796875 and parameters: {'gradient_clip_val': 0.6250772802077227, 'hidden_size': 74, 'dropout': 0.17187193814937315, 'hidden_continuous_size': 43, 'attention_head_size': 3, 'learning_rate': 0.041211311241502145}. Best is trial 22 with value: 21.644515991210938.
LOCAL_RANK: 0 - CUDA_VISIBLE_DEVICES: [0]
[I 2023-11-30 06:12:17,308] Trial 45 finished with value: 23.29863929748535 and parameters: {'gradient_clip_val': 0.6453360410276342, 'hidden_size': 63, 'dropout': 0.14311549662744788, 'hidden_continuous_size': 34, 'attention_head_size': 2, 'learning_rate': 0.024841837810392814}. Best is trial 22 with value: 21.644515991210938.
LOCAL_RANK: 0 - CUDA_VISIBLE_DEVICES: [0]
[I 2023-11-30 06:12:31,151] Trial 46 finished with value: 28.816030502319336 and parameters: {'gradient_clip_val': 0.7855081287733959, 'hidden_size': 81, 'dropout': 0.13379397049562786, 'hidden_continuous_size': 46, 'attention_head_size': 2, 'learning_rate': 0.03049912828178016}. Best is trial 22 with value: 21.644515991210938.
LOCAL_RANK: 0 - CUDA_VISIBLE_DEVICES: [0]
[I 2023-11-30 06:12:45,173] Trial 47 finished with value: 29.652206420898438 and parameters: {'gradient_clip_val': 0.5459433638081126, 'hidden_size': 132, 'dropout': 0.12017025520331429, 'hidden_continuous_size': 28, 'attention_head_size': 3, 'learning_rate': 0.016506516321301}. Best is trial 22 with value: 21.644515991210938.
LOCAL_RANK: 0 - CUDA_VISIBLE_DEVICES: [0]
[I 2023-11-30 06:12:59,191] Trial 48 finished with value: 24.217382431030273 and parameters: {'gradient_clip_val': 0.592534133461045, 'hidden_size': 99, 'dropout': 0.16070692109793452, 'hidden_continuous_size': 38, 'attention_head_size': 4, 'learning_rate': 0.022187682866973465}. Best is trial 22 with value: 21.644515991210938.
LOCAL_RANK: 0 - CUDA_VISIBLE_DEVICES: [0]
[I 2023-11-30 06:13:13,164] Trial 49 finished with value: 27.674179077148438 and parameters: {'gradient_clip_val': 0.42901754038453843, 'hidden_size': 55, 'dropout': 0.18845805107366914, 'hidden_continuous_size': 42, 'attention_head_size': 2, 'learning_rate': 0.033795864713630025}. Best is trial 22 with value: 21.644515991210938.
LOCAL_RANK: 0 - CUDA_VISIBLE_DEVICES: [0]
[I 2023-11-30 06:13:27,032] Trial 50 finished with value: 24.90777587890625 and parameters: {'gradient_clip_val': 0.9783555582626371, 'hidden_size': 108, 'dropout': 0.17599416939701176, 'hidden_continuous_size': 32, 'attention_head_size': 3, 'learning_rate': 0.008190074378114684}. Best is trial 22 with value: 21.644515991210938.
LOCAL_RANK: 0 - CUDA_VISIBLE_DEVICES: [0]
[I 2023-11-30 06:13:40,944] Trial 51 finished with value: 27.613828659057617 and parameters: {'gradient_clip_val': 0.44641369933922664, 'hidden_size': 95, 'dropout': 0.11383607711219179, 'hidden_continuous_size': 50, 'attention_head_size': 3, 'learning_rate': 0.01475225656830982}. Best is trial 22 with value: 21.644515991210938.
LOCAL_RANK: 0 - CUDA_VISIBLE_DEVICES: [0]
[I 2023-11-30 06:13:54,485] Trial 52 finished with value: 24.59198570251465 and parameters: {'gradient_clip_val': 0.377509397405112, 'hidden_size': 74, 'dropout': 0.14537256768299334, 'hidden_continuous_size': 44, 'attention_head_size': 3, 'learning_rate': 0.019951889674277426}. Best is trial 22 with value: 21.644515991210938.
LOCAL_RANK: 0 - CUDA_VISIBLE_DEVICES: [0]
[I 2023-11-30 06:14:08,367] Trial 53 finished with value: 29.327001571655273 and parameters: {'gradient_clip_val': 0.5021363149737048, 'hidden_size': 88, 'dropout': 0.13648436740353492, 'hidden_continuous_size': 56, 'attention_head_size': 4, 'learning_rate': 0.02565824091281453}. Best is trial 22 with value: 21.644515991210938.
LOCAL_RANK: 0 - CUDA_VISIBLE_DEVICES: [0]
[I 2023-11-30 06:14:21,610] Trial 54 finished with value: 23.440040588378906 and parameters: {'gradient_clip_val': 0.5529043789089267, 'hidden_size': 47, 'dropout': 0.15860770677590014, 'hidden_continuous_size': 37, 'attention_head_size': 3, 'learning_rate': 0.04327124180805772}. Best is trial 22 with value: 21.644515991210938.
LOCAL_RANK: 0 - CUDA_VISIBLE_DEVICES: [0]
[I 2023-11-30 06:14:34,898] Trial 55 finished with value: 23.12830924987793 and parameters: {'gradient_clip_val': 0.6535177262457856, 'hidden_size': 68, 'dropout': 0.13059672749675497, 'hidden_continuous_size': 33, 'attention_head_size': 2, 'learning_rate': 0.02960481595090491}. Best is trial 22 with value: 21.644515991210938.
LOCAL_RANK: 0 - CUDA_VISIBLE_DEVICES: [0]
[I 2023-11-30 06:14:49,182] Trial 56 finished with value: 23.29351234436035 and parameters: {'gradient_clip_val': 0.3068516271726362, 'hidden_size': 101, 'dropout': 0.11333484997692349, 'hidden_continuous_size': 68, 'attention_head_size': 2, 'learning_rate': 0.02093790396021455}. Best is trial 22 with value: 21.644515991210938.
LOCAL_RANK: 0 - CUDA_VISIBLE_DEVICES: [0]
[I 2023-11-30 06:15:03,458] Trial 57 finished with value: 30.065994262695312 and parameters: {'gradient_clip_val': 0.2327579439981604, 'hidden_size': 114, 'dropout': 0.18271776871941553, 'hidden_continuous_size': 82, 'attention_head_size': 2, 'learning_rate': 0.05732128983855306}. Best is trial 22 with value: 21.644515991210938.
LOCAL_RANK: 0 - CUDA_VISIBLE_DEVICES: [0]
[I 2023-11-30 06:15:17,870] Trial 58 finished with value: 33.43863296508789 and parameters: {'gradient_clip_val': 0.5824723257620091, 'hidden_size': 131, 'dropout': 0.16808691710671989, 'hidden_continuous_size': 75, 'attention_head_size': 3, 'learning_rate': 0.048695169359715594}. Best is trial 22 with value: 21.644515991210938.
LOCAL_RANK: 0 - CUDA_VISIBLE_DEVICES: [0]
[I 2023-11-30 06:15:31,410] Trial 59 finished with value: 31.168859481811523 and parameters: {'gradient_clip_val': 0.4694101933894178, 'hidden_size': 77, 'dropout': 0.13963461479962458, 'hidden_continuous_size': 48, 'attention_head_size': 1, 'learning_rate': 0.014092091881837899}. Best is trial 22 with value: 21.644515991210938.
LOCAL_RANK: 0 - CUDA_VISIBLE_DEVICES: [0]
[I 2023-11-30 06:15:45,448] Trial 60 finished with value: 26.103683471679688 and parameters: {'gradient_clip_val': 0.7208002888268447, 'hidden_size': 94, 'dropout': 0.15115760866525008, 'hidden_continuous_size': 44, 'attention_head_size': 3, 'learning_rate': 0.03684811360486118}. Best is trial 22 with value: 21.644515991210938.
LOCAL_RANK: 0 - CUDA_VISIBLE_DEVICES: [0]
[I 2023-11-30 06:15:58,845] Trial 61 finished with value: 22.46358299255371 and parameters: {'gradient_clip_val': 0.48089626348863884, 'hidden_size': 60, 'dropout': 0.21134416613657486, 'hidden_continuous_size': 39, 'attention_head_size': 1, 'learning_rate': 0.07751715625161604}. Best is trial 22 with value: 21.644515991210938.
LOCAL_RANK: 0 - CUDA_VISIBLE_DEVICES: [0]
[I 2023-11-30 06:16:12,108] Trial 62 finished with value: 30.34174919128418 and parameters: {'gradient_clip_val': 0.5156175408986302, 'hidden_size': 57, 'dropout': 0.1948954838153779, 'hidden_continuous_size': 40, 'attention_head_size': 1, 'learning_rate': 0.09587406971950722}. Best is trial 22 with value: 21.644515991210938.
LOCAL_RANK: 0 - CUDA_VISIBLE_DEVICES: [0]
[I 2023-11-30 06:16:25,597] Trial 63 finished with value: 29.255355834960938 and parameters: {'gradient_clip_val': 0.4421360871029651, 'hidden_size': 66, 'dropout': 0.22008428050624923, 'hidden_continuous_size': 36, 'attention_head_size': 1, 'learning_rate': 0.06961252380027344}. Best is trial 22 with value: 21.644515991210938.
LOCAL_RANK: 0 - CUDA_VISIBLE_DEVICES: [0]
[I 2023-11-30 06:16:38,876] Trial 64 finished with value: 29.550390243530273 and parameters: {'gradient_clip_val': 0.4080522130769164, 'hidden_size': 80, 'dropout': 0.16535408901237997, 'hidden_continuous_size': 34, 'attention_head_size': 1, 'learning_rate': 0.05596455368178885}. Best is trial 22 with value: 21.644515991210938.
LOCAL_RANK: 0 - CUDA_VISIBLE_DEVICES: [0]
[I 2023-11-30 06:16:52,225] Trial 65 finished with value: 23.924238204956055 and parameters: {'gradient_clip_val': 0.6709332757611041, 'hidden_size': 50, 'dropout': 0.1809849516156796, 'hidden_continuous_size': 40, 'attention_head_size': 2, 'learning_rate': 0.02852862550857975}. Best is trial 22 with value: 21.644515991210938.
LOCAL_RANK: 0 - CUDA_VISIBLE_DEVICES: [0]
[I 2023-11-30 06:17:06,019] Trial 66 finished with value: 27.423948287963867 and parameters: {'gradient_clip_val': 0.3242945787909956, 'hidden_size': 61, 'dropout': 0.19532595793065508, 'hidden_continuous_size': 44, 'attention_head_size': 4, 'learning_rate': 0.023613102859164316}. Best is trial 22 with value: 21.644515991210938.
LOCAL_RANK: 0 - CUDA_VISIBLE_DEVICES: [0]
[I 2023-11-30 06:17:19,531] Trial 67 finished with value: 25.5579891204834 and parameters: {'gradient_clip_val': 0.5073054382964954, 'hidden_size': 68, 'dropout': 0.17158040958999138, 'hidden_continuous_size': 49, 'attention_head_size': 1, 'learning_rate': 0.06254333475312193}. Best is trial 22 with value: 21.644515991210938.
LOCAL_RANK: 0 - CUDA_VISIBLE_DEVICES: [0]
[I 2023-11-30 06:17:32,963] Trial 68 finished with value: 29.715362548828125 and parameters: {'gradient_clip_val': 0.5977431549464112, 'hidden_size': 84, 'dropout': 0.15599450661014985, 'hidden_continuous_size': 30, 'attention_head_size': 3, 'learning_rate': 0.040298640644171005}. Best is trial 22 with value: 21.644515991210938.
LOCAL_RANK: 0 - CUDA_VISIBLE_DEVICES: [0]
[I 2023-11-30 06:17:46,051] Trial 69 finished with value: 31.461227416992188 and parameters: {'gradient_clip_val': 0.778425317503217, 'hidden_size': 42, 'dropout': 0.20821519487815981, 'hidden_continuous_size': 38, 'attention_head_size': 3, 'learning_rate': 0.033539205874711875}. Best is trial 22 with value: 21.644515991210938.
LOCAL_RANK: 0 - CUDA_VISIBLE_DEVICES: [0]
[I 2023-11-30 06:18:00,026] Trial 70 finished with value: 33.29792404174805 and parameters: {'gradient_clip_val': 0.3705144352233159, 'hidden_size': 119, 'dropout': 0.17857218003603223, 'hidden_continuous_size': 52, 'attention_head_size': 2, 'learning_rate': 0.04740928875370242}. Best is trial 22 with value: 21.644515991210938.
LOCAL_RANK: 0 - CUDA_VISIBLE_DEVICES: [0]
[I 2023-11-30 06:18:13,487] Trial 71 finished with value: 27.7940731048584 and parameters: {'gradient_clip_val': 0.5580595560378596, 'hidden_size': 61, 'dropout': 0.21867372835002422, 'hidden_continuous_size': 42, 'attention_head_size': 1, 'learning_rate': 0.01846780371636763}. Best is trial 22 with value: 21.644515991210938.
LOCAL_RANK: 0 - CUDA_VISIBLE_DEVICES: [0]
[I 2023-11-30 06:18:26,931] Trial 72 finished with value: 27.601242065429688 and parameters: {'gradient_clip_val': 0.4791312782464338, 'hidden_size': 75, 'dropout': 0.19295563364686455, 'hidden_continuous_size': 38, 'attention_head_size': 1, 'learning_rate': 0.0662592939524724}. Best is trial 22 with value: 21.644515991210938.
LOCAL_RANK: 0 - CUDA_VISIBLE_DEVICES: [0]
[I 2023-11-30 06:18:40,623] Trial 73 finished with value: 31.936105728149414 and parameters: {'gradient_clip_val': 0.6120951472172768, 'hidden_size': 88, 'dropout': 0.2101530703495386, 'hidden_continuous_size': 55, 'attention_head_size': 1, 'learning_rate': 0.07683182400794782}. Best is trial 22 with value: 21.644515991210938.
LOCAL_RANK: 0 - CUDA_VISIBLE_DEVICES: [0]
[I 2023-11-30 06:18:53,840] Trial 74 finished with value: 23.674110412597656 and parameters: {'gradient_clip_val': 0.4866441457470665, 'hidden_size': 53, 'dropout': 0.2279784825618624, 'hidden_continuous_size': 40, 'attention_head_size': 1, 'learning_rate': 0.08293889250678617}. Best is trial 22 with value: 21.644515991210938.
LOCAL_RANK: 0 - CUDA_VISIBLE_DEVICES: [0]
[I 2023-11-30 06:19:07,303] Trial 75 finished with value: 26.766992568969727 and parameters: {'gradient_clip_val': 0.679164286043612, 'hidden_size': 70, 'dropout': 0.2002342599153173, 'hidden_continuous_size': 35, 'attention_head_size': 2, 'learning_rate': 0.08539452831270518}. Best is trial 22 with value: 21.644515991210938.
LOCAL_RANK: 0 - CUDA_VISIBLE_DEVICES: [0]
[I 2023-11-30 06:19:20,755] Trial 76 finished with value: 31.85198402404785 and parameters: {'gradient_clip_val': 0.5281878325988077, 'hidden_size': 59, 'dropout': 0.1650803938855898, 'hidden_continuous_size': 45, 'attention_head_size': 1, 'learning_rate': 0.057208019050678065}. Best is trial 22 with value: 21.644515991210938.
LOCAL_RANK: 0 - CUDA_VISIBLE_DEVICES: [0]
[I 2023-11-30 06:19:34,290] Trial 77 finished with value: 28.77886962890625 and parameters: {'gradient_clip_val': 0.39937259598436864, 'hidden_size': 65, 'dropout': 0.1863433302130108, 'hidden_continuous_size': 47, 'attention_head_size': 3, 'learning_rate': 0.028136773163020563}. Best is trial 22 with value: 21.644515991210938.
LOCAL_RANK: 0 - CUDA_VISIBLE_DEVICES: [0]
[I 2023-11-30 06:19:48,130] Trial 78 finished with value: 28.488540649414062 and parameters: {'gradient_clip_val': 0.7379194683871656, 'hidden_size': 104, 'dropout': 0.1509979799734542, 'hidden_continuous_size': 59, 'attention_head_size': 2, 'learning_rate': 0.03724445532799614}. Best is trial 22 with value: 21.644515991210938.
LOCAL_RANK: 0 - CUDA_VISIBLE_DEVICES: [0]
[I 2023-11-30 06:20:01,652] Trial 79 finished with value: 30.621240615844727 and parameters: {'gradient_clip_val': 0.5753716466802925, 'hidden_size': 79, 'dropout': 0.1444764649121817, 'hidden_continuous_size': 33, 'attention_head_size': 1, 'learning_rate': 0.09643842939860983}. Best is trial 22 with value: 21.644515991210938.
LOCAL_RANK: 0 - CUDA_VISIBLE_DEVICES: [0]
[I 2023-11-30 06:20:15,170] Trial 80 finished with value: 33.064579010009766 and parameters: {'gradient_clip_val': 0.4523687746174213, 'hidden_size': 59, 'dropout': 0.204148693150473, 'hidden_continuous_size': 42, 'attention_head_size': 3, 'learning_rate': 0.023392216396688054}. Best is trial 22 with value: 21.644515991210938.
LOCAL_RANK: 0 - CUDA_VISIBLE_DEVICES: [0]
