[I 2023-11-30 12:34:03,899] Trial 119 finished with value: 18.457754135131836 and parameters: {'gradient_clip_val': 0.3285814955237291, 'hidden_size': 94, 'dropout': 0.3948058397515526, 'hidden_continuous_size': 40, 'attention_head_size': 3, 'learning_rate': 0.009807185330626404}. Best is trial 102 with value: 15.48291015625.
LOCAL_RANK: 0 - CUDA_VISIBLE_DEVICES: [0]
[I 2023-11-30 12:34:17,636] Trial 120 finished with value: 18.930757522583008 and parameters: {'gradient_clip_val': 0.248889368975546, 'hidden_size': 109, 'dropout': 0.34449624152790004, 'hidden_continuous_size': 28, 'attention_head_size': 1, 'learning_rate': 0.004964753704533148}. Best is trial 102 with value: 15.48291015625.
LOCAL_RANK: 0 - CUDA_VISIBLE_DEVICES: [0]
[I 2023-11-30 12:34:31,817] Trial 121 finished with value: 23.160730361938477 and parameters: {'gradient_clip_val': 0.20328236149500256, 'hidden_size': 138, 'dropout': 0.30299355281879703, 'hidden_continuous_size': 27, 'attention_head_size': 3, 'learning_rate': 0.006499444526129528}. Best is trial 102 with value: 15.48291015625.
LOCAL_RANK: 0 - CUDA_VISIBLE_DEVICES: [0]
[I 2023-11-30 12:34:45,541] Trial 122 finished with value: 19.023765563964844 and parameters: {'gradient_clip_val': 0.22396823177012945, 'hidden_size': 103, 'dropout': 0.31076666870841996, 'hidden_continuous_size': 21, 'attention_head_size': 3, 'learning_rate': 0.00807561664172594}. Best is trial 102 with value: 15.48291015625.
LOCAL_RANK: 0 - CUDA_VISIBLE_DEVICES: [0]
[I 2023-11-30 12:34:59,382] Trial 123 finished with value: 18.113882064819336 and parameters: {'gradient_clip_val': 0.19968306048126833, 'hidden_size': 118, 'dropout': 0.29246309157022643, 'hidden_continuous_size': 27, 'attention_head_size': 3, 'learning_rate': 0.009010742563007788}. Best is trial 102 with value: 15.48291015625.
LOCAL_RANK: 0 - CUDA_VISIBLE_DEVICES: [0]
[I 2023-11-30 12:35:13,669] Trial 124 finished with value: 22.35481834411621 and parameters: {'gradient_clip_val': 0.19268049380571892, 'hidden_size': 134, 'dropout': 0.30072393645952106, 'hidden_continuous_size': 23, 'attention_head_size': 3, 'learning_rate': 0.008731012990862031}. Best is trial 102 with value: 15.48291015625.
LOCAL_RANK: 0 - CUDA_VISIBLE_DEVICES: [0]
[I 2023-11-30 12:35:27,758] Trial 125 finished with value: 19.4647274017334 and parameters: {'gradient_clip_val': 0.26591862275818123, 'hidden_size': 127, 'dropout': 0.3292522184086527, 'hidden_continuous_size': 33, 'attention_head_size': 3, 'learning_rate': 0.017636539357593906}. Best is trial 102 with value: 15.48291015625.
LOCAL_RANK: 0 - CUDA_VISIBLE_DEVICES: [0]
[I 2023-11-30 12:35:41,403] Trial 126 finished with value: 19.596237182617188 and parameters: {'gradient_clip_val': 0.23195962996989467, 'hidden_size': 91, 'dropout': 0.31508533952828305, 'hidden_continuous_size': 30, 'attention_head_size': 3, 'learning_rate': 0.006967341826248555}. Best is trial 102 with value: 15.48291015625.
LOCAL_RANK: 0 - CUDA_VISIBLE_DEVICES: [0]
[I 2023-11-30 12:35:55,109] Trial 127 finished with value: 17.984804153442383 and parameters: {'gradient_clip_val': 0.29717566711883253, 'hidden_size': 108, 'dropout': 0.3241003899363217, 'hidden_continuous_size': 20, 'attention_head_size': 3, 'learning_rate': 0.006162726023062201}. Best is trial 102 with value: 15.48291015625.
LOCAL_RANK: 0 - CUDA_VISIBLE_DEVICES: [0]
[I 2023-11-30 12:36:08,690] Trial 128 finished with value: 24.948854446411133 and parameters: {'gradient_clip_val': 0.21066294557483123, 'hidden_size': 71, 'dropout': 0.3363710706738497, 'hidden_continuous_size': 28, 'attention_head_size': 4, 'learning_rate': 0.0032240535442757665}. Best is trial 102 with value: 15.48291015625.
LOCAL_RANK: 0 - CUDA_VISIBLE_DEVICES: [0]
[I 2023-11-30 12:36:22,788] Trial 129 finished with value: 20.266183853149414 and parameters: {'gradient_clip_val': 0.1824143635924555, 'hidden_size': 144, 'dropout': 0.3081225555615771, 'hidden_continuous_size': 26, 'attention_head_size': 1, 'learning_rate': 0.005262719251613059}. Best is trial 102 with value: 15.48291015625.
LOCAL_RANK: 0 - CUDA_VISIBLE_DEVICES: [0]
[I 2023-11-30 12:36:36,545] Trial 130 finished with value: 16.75406837463379 and parameters: {'gradient_clip_val': 0.25500271664076996, 'hidden_size': 95, 'dropout': 0.3687093701689273, 'hidden_continuous_size': 32, 'attention_head_size': 3, 'learning_rate': 0.015283496918473752}. Best is trial 102 with value: 15.48291015625.
LOCAL_RANK: 0 - CUDA_VISIBLE_DEVICES: [0]
[I 2023-11-30 12:36:50,049] Trial 131 finished with value: 19.296707153320312 and parameters: {'gradient_clip_val': 0.2557711531213617, 'hidden_size': 88, 'dropout': 0.36796918339320733, 'hidden_continuous_size': 30, 'attention_head_size': 3, 'learning_rate': 0.016125407815759794}. Best is trial 102 with value: 15.48291015625.
LOCAL_RANK: 0 - CUDA_VISIBLE_DEVICES: [0]
[I 2023-11-30 12:37:03,774] Trial 132 finished with value: 22.269372940063477 and parameters: {'gradient_clip_val': 0.23804799675250948, 'hidden_size': 100, 'dropout': 0.3549729549402826, 'hidden_continuous_size': 32, 'attention_head_size': 3, 'learning_rate': 0.015160181860202793}. Best is trial 102 with value: 15.48291015625.
LOCAL_RANK: 0 - CUDA_VISIBLE_DEVICES: [0]
[I 2023-11-30 12:37:17,549] Trial 133 finished with value: 18.785388946533203 and parameters: {'gradient_clip_val': 0.27766287899365893, 'hidden_size': 96, 'dropout': 0.2983904167268635, 'hidden_continuous_size': 36, 'attention_head_size': 3, 'learning_rate': 0.019298359360552717}. Best is trial 102 with value: 15.48291015625.
LOCAL_RANK: 0 - CUDA_VISIBLE_DEVICES: [0]
[I 2023-11-30 12:37:31,590] Trial 134 finished with value: 18.99608612060547 and parameters: {'gradient_clip_val': 0.21945032586977178, 'hidden_size': 118, 'dropout': 0.34259651508118305, 'hidden_continuous_size': 25, 'attention_head_size': 3, 'learning_rate': 0.011260155792805825}. Best is trial 102 with value: 15.48291015625.
LOCAL_RANK: 0 - CUDA_VISIBLE_DEVICES: [0]
[I 2023-11-30 12:37:45,394] Trial 135 finished with value: 20.878015518188477 and parameters: {'gradient_clip_val': 0.25187316456108094, 'hidden_size': 81, 'dropout': 0.33176522670443764, 'hidden_continuous_size': 33, 'attention_head_size': 3, 'learning_rate': 0.01251515600202779}. Best is trial 102 with value: 15.48291015625.
LOCAL_RANK: 0 - CUDA_VISIBLE_DEVICES: [0]
[I 2023-11-30 12:37:59,542] Trial 136 finished with value: 20.006563186645508 and parameters: {'gradient_clip_val': 0.19449823953184472, 'hidden_size': 111, 'dropout': 0.3843559022521101, 'hidden_continuous_size': 37, 'attention_head_size': 3, 'learning_rate': 0.003715221743683302}. Best is trial 102 with value: 15.48291015625.
LOCAL_RANK: 0 - CUDA_VISIBLE_DEVICES: [0]
[I 2023-11-30 12:38:13,539] Trial 137 finished with value: 19.596635818481445 and parameters: {'gradient_clip_val': 0.28829288561719835, 'hidden_size': 105, 'dropout': 0.319002088389437, 'hidden_continuous_size': 34, 'attention_head_size': 3, 'learning_rate': 0.007117559848025461}. Best is trial 102 with value: 15.48291015625.
LOCAL_RANK: 0 - CUDA_VISIBLE_DEVICES: [0]
[I 2023-11-30 12:38:26,853] Trial 138 finished with value: 21.58972930908203 and parameters: {'gradient_clip_val': 0.31956858238853, 'hidden_size': 95, 'dropout': 0.3626389402082552, 'hidden_continuous_size': 24, 'attention_head_size': 1, 'learning_rate': 0.004226738667446417}. Best is trial 102 with value: 15.48291015625.
LOCAL_RANK: 0 - CUDA_VISIBLE_DEVICES: [0]
[I 2023-11-30 12:38:40,469] Trial 139 finished with value: 17.325912475585938 and parameters: {'gradient_clip_val': 0.22789517474309184, 'hidden_size': 67, 'dropout': 0.3512447230210201, 'hidden_continuous_size': 28, 'attention_head_size': 3, 'learning_rate': 0.010176159279298212}. Best is trial 102 with value: 15.48291015625.
LOCAL_RANK: 0 - CUDA_VISIBLE_DEVICES: [0]
[I 2023-11-30 12:38:54,327] Trial 140 finished with value: 22.682937622070312 and parameters: {'gradient_clip_val': 0.2643752012310359, 'hidden_size': 124, 'dropout': 0.37509645643952894, 'hidden_continuous_size': 31, 'attention_head_size': 3, 'learning_rate': 0.002347724765194232}. Best is trial 102 with value: 15.48291015625.
LOCAL_RANK: 0 - CUDA_VISIBLE_DEVICES: [0]
[I 2023-11-30 12:39:07,951] Trial 141 finished with value: 17.37281608581543 and parameters: {'gradient_clip_val': 0.236303760806483, 'hidden_size': 100, 'dropout': 0.328679034634453, 'hidden_continuous_size': 32, 'attention_head_size': 3, 'learning_rate': 0.005748107507160242}. Best is trial 102 with value: 15.48291015625.
LOCAL_RANK: 0 - CUDA_VISIBLE_DEVICES: [0]
[I 2023-11-30 12:39:21,390] Trial 142 finished with value: 24.47260093688965 and parameters: {'gradient_clip_val': 0.24588121821567815, 'hidden_size': 57, 'dropout': 0.33878709975160154, 'hidden_continuous_size': 33, 'attention_head_size': 3, 'learning_rate': 0.002886462959088785}. Best is trial 102 with value: 15.48291015625.
LOCAL_RANK: 0 - CUDA_VISIBLE_DEVICES: [0]
[I 2023-11-30 12:39:35,225] Trial 143 finished with value: 17.107419967651367 and parameters: {'gradient_clip_val': 0.23006900210453862, 'hidden_size': 90, 'dropout': 0.325636235063102, 'hidden_continuous_size': 35, 'attention_head_size': 3, 'learning_rate': 0.005261611308754719}. Best is trial 102 with value: 15.48291015625.
LOCAL_RANK: 0 - CUDA_VISIBLE_DEVICES: [0]
[I 2023-11-30 12:39:49,507] Trial 144 finished with value: 23.211095809936523 and parameters: {'gradient_clip_val': 0.16251870765306578, 'hidden_size': 115, 'dropout': 0.33217066968593534, 'hidden_continuous_size': 38, 'attention_head_size': 3, 'learning_rate': 0.0048421005396407975}. Best is trial 102 with value: 15.48291015625.
LOCAL_RANK: 0 - CUDA_VISIBLE_DEVICES: [0]
[I 2023-11-30 12:40:03,084] Trial 145 finished with value: 19.800230026245117 and parameters: {'gradient_clip_val': 0.2144113397991624, 'hidden_size': 85, 'dropout': 0.3171111039787251, 'hidden_continuous_size': 30, 'attention_head_size': 3, 'learning_rate': 0.003717858585129496}. Best is trial 102 with value: 15.48291015625.
LOCAL_RANK: 0 - CUDA_VISIBLE_DEVICES: [0]
[I 2023-11-30 12:40:17,119] Trial 146 finished with value: 18.63460350036621 and parameters: {'gradient_clip_val': 0.27796272310840936, 'hidden_size': 106, 'dropout': 0.3444844717684909, 'hidden_continuous_size': 40, 'attention_head_size': 3, 'learning_rate': 0.006429596834302679}. Best is trial 102 with value: 15.48291015625.
LOCAL_RANK: 0 - CUDA_VISIBLE_DEVICES: [0]
[I 2023-11-30 12:40:30,590] Trial 147 finished with value: 21.106605529785156 and parameters: {'gradient_clip_val': 0.14938885526468784, 'hidden_size': 75, 'dropout': 0.3709814102522443, 'hidden_continuous_size': 29, 'attention_head_size': 3, 'learning_rate': 0.003230165009388294}. Best is trial 102 with value: 15.48291015625.
LOCAL_RANK: 0 - CUDA_VISIBLE_DEVICES: [0]
[I 2023-11-30 12:40:44,691] Trial 148 finished with value: 19.558486938476562 and parameters: {'gradient_clip_val': 0.1074879453187533, 'hidden_size': 97, 'dropout': 0.3106180277423212, 'hidden_continuous_size': 44, 'attention_head_size': 3, 'learning_rate': 0.020473941101527393}. Best is trial 102 with value: 15.48291015625.
LOCAL_RANK: 0 - CUDA_VISIBLE_DEVICES: [0]
[I 2023-11-30 12:40:59,038] Trial 149 finished with value: 20.147668838500977 and parameters: {'gradient_clip_val': 0.30372932169591466, 'hidden_size': 133, 'dropout': 0.3226828324872422, 'hidden_continuous_size': 46, 'attention_head_size': 3, 'learning_rate': 0.007468931758448338}. Best is trial 102 with value: 15.48291015625.
[I 2023-11-30 12:40:59,148] A new study created in memory with name: no-name-5cbe1735-db1c-4f42-b8ef-3846443f8dab
/home/le004/conda/anaconda3/envs/tsff_env/lib/python3.9/site-packages/lightning/fabric/plugins/environments/slurm.py:191: The `srun` command is available on your system but is not used. HINT: If your intention is to run Lightning on SLURM, prepend your python command with `srun` like so: srun python /home/le004/master_thesis/git/TSFusionForecast/code/ ...
LOCAL_RANK: 0 - CUDA_VISIBLE_DEVICES: [0]
[I 2023-11-30 12:41:12,992] Trial 0 finished with value: 12.155503273010254 and parameters: {'gradient_clip_val': 0.13512364305391014, 'hidden_size': 79, 'dropout': 0.16673623667115556, 'hidden_continuous_size': 63, 'attention_head_size': 2, 'learning_rate': 0.026365178433795076}. Best is trial 0 with value: 12.155503273010254.
LOCAL_RANK: 0 - CUDA_VISIBLE_DEVICES: [0]
[I 2023-11-30 12:41:26,897] Trial 1 finished with value: 12.058367729187012 and parameters: {'gradient_clip_val': 0.20520005118756898, 'hidden_size': 75, 'dropout': 0.36691786827816764, 'hidden_continuous_size': 63, 'attention_head_size': 4, 'learning_rate': 0.018065378420009624}. Best is trial 1 with value: 12.058367729187012.
LOCAL_RANK: 0 - CUDA_VISIBLE_DEVICES: [0]
[I 2023-11-30 12:41:37,539] Trial 2 finished with value: 12.060479164123535 and parameters: {'gradient_clip_val': 0.6737182841943514, 'hidden_size': 49, 'dropout': 0.1660613053995303, 'hidden_continuous_size': 49, 'attention_head_size': 4, 'learning_rate': 0.025517903681573837}. Best is trial 1 with value: 12.058367729187012.
LOCAL_RANK: 0 - CUDA_VISIBLE_DEVICES: [0]
[I 2023-11-30 12:41:49,412] Trial 3 finished with value: 11.598023414611816 and parameters: {'gradient_clip_val': 0.686638683106892, 'hidden_size': 12, 'dropout': 0.3921120192288864, 'hidden_continuous_size': 11, 'attention_head_size': 1, 'learning_rate': 0.07677026199517097}. Best is trial 3 with value: 11.598023414611816.
LOCAL_RANK: 0 - CUDA_VISIBLE_DEVICES: [0]
[I 2023-11-30 12:42:02,080] Trial 4 finished with value: 11.34992504119873 and parameters: {'gradient_clip_val': 0.12666402585498243, 'hidden_size': 42, 'dropout': 0.2522359485136272, 'hidden_continuous_size': 13, 'attention_head_size': 1, 'learning_rate': 0.028318205053658396}. Best is trial 4 with value: 11.34992504119873.
LOCAL_RANK: 0 - CUDA_VISIBLE_DEVICES: [0]
[I 2023-11-30 12:42:15,300] Trial 5 finished with value: 12.289031982421875 and parameters: {'gradient_clip_val': 0.8545818610989188, 'hidden_size': 93, 'dropout': 0.3699984303871394, 'hidden_continuous_size': 13, 'attention_head_size': 1, 'learning_rate': 0.01450062526081733}. Best is trial 4 with value: 11.34992504119873.
LOCAL_RANK: 0 - CUDA_VISIBLE_DEVICES: [0]
[I 2023-11-30 12:42:28,691] Trial 6 finished with value: 13.08039379119873 and parameters: {'gradient_clip_val': 0.4020506182135287, 'hidden_size': 81, 'dropout': 0.2397565454797678, 'hidden_continuous_size': 21, 'attention_head_size': 1, 'learning_rate': 0.03373936889505489}. Best is trial 4 with value: 11.34992504119873.
LOCAL_RANK: 0 - CUDA_VISIBLE_DEVICES: [0]
[I 2023-11-30 12:42:42,191] Trial 7 finished with value: 12.1629638671875 and parameters: {'gradient_clip_val': 0.44413320822581037, 'hidden_size': 54, 'dropout': 0.2896274545841524, 'hidden_continuous_size': 52, 'attention_head_size': 4, 'learning_rate': 0.011377495712535766}. Best is trial 4 with value: 11.34992504119873.
LOCAL_RANK: 0 - CUDA_VISIBLE_DEVICES: [0]
[I 2023-11-30 12:42:54,476] Trial 8 finished with value: 12.001646995544434 and parameters: {'gradient_clip_val': 0.1763546347580008, 'hidden_size': 27, 'dropout': 0.33986586159780063, 'hidden_continuous_size': 20, 'attention_head_size': 1, 'learning_rate': 0.09835622797649948}. Best is trial 4 with value: 11.34992504119873.
LOCAL_RANK: 0 - CUDA_VISIBLE_DEVICES: [0]
[I 2023-11-30 12:43:06,747] Trial 9 finished with value: 13.467945098876953 and parameters: {'gradient_clip_val': 0.5804417019915245, 'hidden_size': 21, 'dropout': 0.35835449742426606, 'hidden_continuous_size': 11, 'attention_head_size': 1, 'learning_rate': 0.015180917774748282}. Best is trial 4 with value: 11.34992504119873.
LOCAL_RANK: 0 - CUDA_VISIBLE_DEVICES: [0]
[I 2023-11-30 12:43:21,557] Trial 10 finished with value: 11.452176094055176 and parameters: {'gradient_clip_val': 0.10642585153783325, 'hidden_size': 138, 'dropout': 0.1021738656237707, 'hidden_continuous_size': 135, 'attention_head_size': 3, 'learning_rate': 0.003035310161460572}. Best is trial 4 with value: 11.34992504119873.
LOCAL_RANK: 0 - CUDA_VISIBLE_DEVICES: [0]
[I 2023-11-30 12:43:36,368] Trial 11 finished with value: 12.149470329284668 and parameters: {'gradient_clip_val': 0.10144692933861842, 'hidden_size': 143, 'dropout': 0.10372410634189053, 'hidden_continuous_size': 134, 'attention_head_size': 3, 'learning_rate': 0.0031319208670210117}. Best is trial 4 with value: 11.34992504119873.
LOCAL_RANK: 0 - CUDA_VISIBLE_DEVICES: [0]
[I 2023-11-30 12:43:47,201] Trial 12 finished with value: 19.250675201416016 and parameters: {'gradient_clip_val': 0.10523182149169036, 'hidden_size': 127, 'dropout': 0.23842929035062835, 'hidden_continuous_size': 127, 'attention_head_size': 3, 'learning_rate': 0.003800200446423519}. Best is trial 4 with value: 11.34992504119873.
LOCAL_RANK: 0 - CUDA_VISIBLE_DEVICES: [0]
[I 2023-11-30 12:43:59,745] Trial 13 finished with value: 52.11055374145508 and parameters: {'gradient_clip_val': 0.19127540054866757, 'hidden_size': 37, 'dropout': 0.2855693673548131, 'hidden_continuous_size': 15, 'attention_head_size': 2, 'learning_rate': 0.0010359339189233198}. Best is trial 4 with value: 11.34992504119873.
LOCAL_RANK: 0 - CUDA_VISIBLE_DEVICES: [0]
[I 2023-11-30 12:44:13,962] Trial 14 finished with value: 10.96054458618164 and parameters: {'gradient_clip_val': 0.2624908727619961, 'hidden_size': 140, 'dropout': 0.1015157350064944, 'hidden_continuous_size': 30, 'attention_head_size': 3, 'learning_rate': 0.00629390580222038}. Best is trial 14 with value: 10.96054458618164.
LOCAL_RANK: 0 - CUDA_VISIBLE_DEVICES: [0]
[I 2023-11-30 12:44:26,817] Trial 15 finished with value: 13.674903869628906 and parameters: {'gradient_clip_val': 0.24900568924923594, 'hidden_size': 54, 'dropout': 0.19723867887336316, 'hidden_continuous_size': 16, 'attention_head_size': 2, 'learning_rate': 0.006806197949530686}. Best is trial 14 with value: 10.96054458618164.
LOCAL_RANK: 0 - CUDA_VISIBLE_DEVICES: [0]
[I 2023-11-30 12:44:40,526] Trial 16 finished with value: 11.406439781188965 and parameters: {'gradient_clip_val': 0.29861685585825587, 'hidden_size': 101, 'dropout': 0.20963674487583533, 'hidden_continuous_size': 26, 'attention_head_size': 3, 'learning_rate': 0.007504608347150076}. Best is trial 14 with value: 10.96054458618164.
LOCAL_RANK: 0 - CUDA_VISIBLE_DEVICES: [0]
[I 2023-11-30 12:44:52,901] Trial 17 finished with value: 12.426612854003906 and parameters: {'gradient_clip_val': 0.15075317314941483, 'hidden_size': 33, 'dropout': 0.2865681553420771, 'hidden_continuous_size': 10, 'attention_head_size': 2, 'learning_rate': 0.037192583649864296}. Best is trial 14 with value: 10.96054458618164.
LOCAL_RANK: 0 - CUDA_VISIBLE_DEVICES: [0]
[I 2023-11-30 12:45:05,037] Trial 18 finished with value: 11.66129207611084 and parameters: {'gradient_clip_val': 0.270583490922925, 'hidden_size': 21, 'dropout': 0.1470160649786792, 'hidden_continuous_size': 12, 'attention_head_size': 2, 'learning_rate': 0.05412037291889192}. Best is trial 14 with value: 10.96054458618164.
LOCAL_RANK: 0 - CUDA_VISIBLE_DEVICES: [0]
[I 2023-11-30 12:45:18,502] Trial 19 finished with value: 11.622897148132324 and parameters: {'gradient_clip_val': 0.23174885897045122, 'hidden_size': 65, 'dropout': 0.26028026477680266, 'hidden_continuous_size': 28, 'attention_head_size': 3, 'learning_rate': 0.00855286768908072}. Best is trial 14 with value: 10.96054458618164.
LOCAL_RANK: 0 - CUDA_VISIBLE_DEVICES: [0]
[I 2023-11-30 12:45:32,447] Trial 20 finished with value: 13.126419067382812 and parameters: {'gradient_clip_val': 0.33354232742398016, 'hidden_size': 103, 'dropout': 0.20916264982757662, 'hidden_continuous_size': 36, 'attention_head_size': 4, 'learning_rate': 0.021926381325485935}. Best is trial 14 with value: 10.96054458618164.
LOCAL_RANK: 0 - CUDA_VISIBLE_DEVICES: [0]
[I 2023-11-30 12:45:46,096] Trial 21 finished with value: 11.497714042663574 and parameters: {'gradient_clip_val': 0.29576850556933065, 'hidden_size': 108, 'dropout': 0.1269394298301817, 'hidden_continuous_size': 23, 'attention_head_size': 3, 'learning_rate': 0.006407409646957844}. Best is trial 14 with value: 10.96054458618164.
LOCAL_RANK: 0 - CUDA_VISIBLE_DEVICES: [0]
[I 2023-11-30 12:45:59,870] Trial 22 finished with value: 11.710297584533691 and parameters: {'gradient_clip_val': 0.3283839623555172, 'hidden_size': 110, 'dropout': 0.20349405038699178, 'hidden_continuous_size': 17, 'attention_head_size': 3, 'learning_rate': 0.010655238058413613}. Best is trial 14 with value: 10.96054458618164.
LOCAL_RANK: 0 - CUDA_VISIBLE_DEVICES: [0]
[I 2023-11-30 12:46:14,347] Trial 23 finished with value: 10.841813087463379 and parameters: {'gradient_clip_val': 0.2260446225197813, 'hidden_size': 150, 'dropout': 0.1354329452057364, 'hidden_continuous_size': 27, 'attention_head_size': 3, 'learning_rate': 0.005353397397882406}. Best is trial 23 with value: 10.841813087463379.
LOCAL_RANK: 0 - CUDA_VISIBLE_DEVICES: [0]
[I 2023-11-30 12:46:28,544] Trial 24 finished with value: 12.185501098632812 and parameters: {'gradient_clip_val': 0.21848200767807116, 'hidden_size': 147, 'dropout': 0.13115182020100566, 'hidden_continuous_size': 30, 'attention_head_size': 2, 'learning_rate': 0.0053040210120755054}. Best is trial 23 with value: 10.841813087463379.
LOCAL_RANK: 0 - CUDA_VISIBLE_DEVICES: [0]
[I 2023-11-30 12:46:41,719] Trial 25 finished with value: 11.472334861755371 and parameters: {'gradient_clip_val': 0.1621520902072682, 'hidden_size': 65, 'dropout': 0.17277306898328187, 'hidden_continuous_size': 17, 'attention_head_size': 3, 'learning_rate': 0.012490068327818682}. Best is trial 23 with value: 10.841813087463379.
LOCAL_RANK: 0 - CUDA_VISIBLE_DEVICES: [0]
