[I 2023-11-30 09:43:27,974] Trial 113 finished with value: 13.470947265625 and parameters: {'gradient_clip_val': 0.33977918953110986, 'hidden_size': 44, 'dropout': 0.30679275687842616, 'hidden_continuous_size': 25, 'attention_head_size': 2, 'learning_rate': 0.020091873162610036}. Best is trial 95 with value: 10.752372741699219.
LOCAL_RANK: 0 - CUDA_VISIBLE_DEVICES: [0]
[I 2023-11-30 09:43:40,661] Trial 114 finished with value: 18.341257095336914 and parameters: {'gradient_clip_val': 0.46726420887091275, 'hidden_size': 46, 'dropout': 0.35013421804095896, 'hidden_continuous_size': 12, 'attention_head_size': 2, 'learning_rate': 0.012385024780565787}. Best is trial 95 with value: 10.752372741699219.
LOCAL_RANK: 0 - CUDA_VISIBLE_DEVICES: [0]
[I 2023-11-30 09:43:53,201] Trial 115 finished with value: 10.970778465270996 and parameters: {'gradient_clip_val': 0.24807803748272417, 'hidden_size': 38, 'dropout': 0.33483773618872537, 'hidden_continuous_size': 28, 'attention_head_size': 2, 'learning_rate': 0.014716227221803112}. Best is trial 95 with value: 10.752372741699219.
LOCAL_RANK: 0 - CUDA_VISIBLE_DEVICES: [0]
[I 2023-11-30 09:44:05,941] Trial 116 finished with value: 12.759465217590332 and parameters: {'gradient_clip_val': 0.2584824394079726, 'hidden_size': 39, 'dropout': 0.35910407072516076, 'hidden_continuous_size': 27, 'attention_head_size': 2, 'learning_rate': 0.010559680991442645}. Best is trial 95 with value: 10.752372741699219.
LOCAL_RANK: 0 - CUDA_VISIBLE_DEVICES: [0]
[I 2023-11-30 09:44:19,049] Trial 117 finished with value: 11.695307731628418 and parameters: {'gradient_clip_val': 0.2519637405948163, 'hidden_size': 50, 'dropout': 0.33390446934987045, 'hidden_continuous_size': 29, 'attention_head_size': 2, 'learning_rate': 0.014593636533517088}. Best is trial 95 with value: 10.752372741699219.
LOCAL_RANK: 0 - CUDA_VISIBLE_DEVICES: [0]
[I 2023-11-30 09:44:32,018] Trial 118 finished with value: 11.718485832214355 and parameters: {'gradient_clip_val': 0.3042397115712921, 'hidden_size': 37, 'dropout': 0.34301002950798004, 'hidden_continuous_size': 26, 'attention_head_size': 2, 'learning_rate': 0.013625678995422767}. Best is trial 95 with value: 10.752372741699219.
LOCAL_RANK: 0 - CUDA_VISIBLE_DEVICES: [0]
[I 2023-11-30 09:44:44,865] Trial 119 finished with value: 12.688715934753418 and parameters: {'gradient_clip_val': 0.2887270264062097, 'hidden_size': 47, 'dropout': 0.3150961067317441, 'hidden_continuous_size': 28, 'attention_head_size': 1, 'learning_rate': 0.011950649950778852}. Best is trial 95 with value: 10.752372741699219.
LOCAL_RANK: 0 - CUDA_VISIBLE_DEVICES: [0]
[I 2023-11-30 09:44:57,809] Trial 120 finished with value: 11.863555908203125 and parameters: {'gradient_clip_val': 0.23453722493482512, 'hidden_size': 52, 'dropout': 0.353296282494376, 'hidden_continuous_size': 25, 'attention_head_size': 2, 'learning_rate': 0.015460412825933224}. Best is trial 95 with value: 10.752372741699219.
LOCAL_RANK: 0 - CUDA_VISIBLE_DEVICES: [0]
[I 2023-11-30 09:45:10,206] Trial 121 finished with value: 11.264892578125 and parameters: {'gradient_clip_val': 0.41468626638865036, 'hidden_size': 32, 'dropout': 0.3290096158783962, 'hidden_continuous_size': 23, 'attention_head_size': 2, 'learning_rate': 0.018417273481078952}. Best is trial 95 with value: 10.752372741699219.
LOCAL_RANK: 0 - CUDA_VISIBLE_DEVICES: [0]
[I 2023-11-30 09:45:22,855] Trial 122 finished with value: 11.60718822479248 and parameters: {'gradient_clip_val': 0.36324506424379227, 'hidden_size': 35, 'dropout': 0.3218153526372642, 'hidden_continuous_size': 18, 'attention_head_size': 2, 'learning_rate': 0.022105187460665237}. Best is trial 95 with value: 10.752372741699219.
LOCAL_RANK: 0 - CUDA_VISIBLE_DEVICES: [0]
[I 2023-11-30 09:45:35,558] Trial 123 finished with value: 11.080122947692871 and parameters: {'gradient_clip_val': 0.27301913211024254, 'hidden_size': 30, 'dropout': 0.3030639607156335, 'hidden_continuous_size': 17, 'attention_head_size': 2, 'learning_rate': 0.01681606525114626}. Best is trial 95 with value: 10.752372741699219.
LOCAL_RANK: 0 - CUDA_VISIBLE_DEVICES: [0]
[I 2023-11-30 09:45:47,977] Trial 124 finished with value: 10.811558723449707 and parameters: {'gradient_clip_val': 0.26783940646520915, 'hidden_size': 29, 'dropout': 0.3031888522734834, 'hidden_continuous_size': 17, 'attention_head_size': 2, 'learning_rate': 0.013336756648022608}. Best is trial 95 with value: 10.752372741699219.
LOCAL_RANK: 0 - CUDA_VISIBLE_DEVICES: [0]
[I 2023-11-30 09:46:00,211] Trial 125 finished with value: 13.406982421875 and parameters: {'gradient_clip_val': 0.24923523019743074, 'hidden_size': 28, 'dropout': 0.3346754984037363, 'hidden_continuous_size': 17, 'attention_head_size': 2, 'learning_rate': 0.012925054779919705}. Best is trial 95 with value: 10.752372741699219.
LOCAL_RANK: 0 - CUDA_VISIBLE_DEVICES: [0]
[I 2023-11-30 09:46:12,853] Trial 126 finished with value: 11.820462226867676 and parameters: {'gradient_clip_val': 0.2642910258453415, 'hidden_size': 40, 'dropout': 0.3124186255505968, 'hidden_continuous_size': 19, 'attention_head_size': 2, 'learning_rate': 0.010459097032475275}. Best is trial 95 with value: 10.752372741699219.
LOCAL_RANK: 0 - CUDA_VISIBLE_DEVICES: [0]
[I 2023-11-30 09:46:25,716] Trial 127 finished with value: 11.012896537780762 and parameters: {'gradient_clip_val': 0.3031217248316458, 'hidden_size': 42, 'dropout': 0.29964539889727243, 'hidden_continuous_size': 28, 'attention_head_size': 2, 'learning_rate': 0.014445572793341252}. Best is trial 95 with value: 10.752372741699219.
LOCAL_RANK: 0 - CUDA_VISIBLE_DEVICES: [0]
[I 2023-11-30 09:46:38,691] Trial 128 finished with value: 12.377227783203125 and parameters: {'gradient_clip_val': 0.3136432464183956, 'hidden_size': 42, 'dropout': 0.3080641807726952, 'hidden_continuous_size': 28, 'attention_head_size': 2, 'learning_rate': 0.014973411797549045}. Best is trial 95 with value: 10.752372741699219.
LOCAL_RANK: 0 - CUDA_VISIBLE_DEVICES: [0]
[I 2023-11-30 09:46:51,409] Trial 129 finished with value: 12.416182518005371 and parameters: {'gradient_clip_val': 0.3134909547082633, 'hidden_size': 34, 'dropout': 0.3172080861319817, 'hidden_continuous_size': 21, 'attention_head_size': 2, 'learning_rate': 0.019896125309717596}. Best is trial 95 with value: 10.752372741699219.
LOCAL_RANK: 0 - CUDA_VISIBLE_DEVICES: [0]
[I 2023-11-30 09:47:04,906] Trial 130 finished with value: 12.83038330078125 and parameters: {'gradient_clip_val': 0.29028742763906734, 'hidden_size': 75, 'dropout': 0.32737884402252854, 'hidden_continuous_size': 32, 'attention_head_size': 2, 'learning_rate': 0.016258232769866796}. Best is trial 95 with value: 10.752372741699219.
LOCAL_RANK: 0 - CUDA_VISIBLE_DEVICES: [0]
[I 2023-11-30 09:47:17,767] Trial 131 finished with value: 11.80064868927002 and parameters: {'gradient_clip_val': 0.2986117579542624, 'hidden_size': 45, 'dropout': 0.28670771042355847, 'hidden_continuous_size': 29, 'attention_head_size': 2, 'learning_rate': 0.013421863317986867}. Best is trial 95 with value: 10.752372741699219.
LOCAL_RANK: 0 - CUDA_VISIBLE_DEVICES: [0]
[I 2023-11-30 09:47:30,485] Trial 132 finished with value: 11.999732971191406 and parameters: {'gradient_clip_val': 0.24340861087357976, 'hidden_size': 38, 'dropout': 0.3059531544504625, 'hidden_continuous_size': 20, 'attention_head_size': 2, 'learning_rate': 0.01162170784749514}. Best is trial 95 with value: 10.752372741699219.
LOCAL_RANK: 0 - CUDA_VISIBLE_DEVICES: [0]
[I 2023-11-30 09:47:43,206] Trial 133 finished with value: 10.861262321472168 and parameters: {'gradient_clip_val': 0.2642639872758293, 'hidden_size': 31, 'dropout': 0.31803993310881745, 'hidden_continuous_size': 24, 'attention_head_size': 2, 'learning_rate': 0.014299335502073454}. Best is trial 95 with value: 10.752372741699219.
LOCAL_RANK: 0 - CUDA_VISIBLE_DEVICES: [0]
[I 2023-11-30 09:47:55,564] Trial 134 finished with value: 11.45123291015625 and parameters: {'gradient_clip_val': 0.2607934535504326, 'hidden_size': 32, 'dropout': 0.33815292330214963, 'hidden_continuous_size': 24, 'attention_head_size': 2, 'learning_rate': 0.0143116256207608}. Best is trial 95 with value: 10.752372741699219.
LOCAL_RANK: 0 - CUDA_VISIBLE_DEVICES: [0]
[I 2023-11-30 09:48:08,016] Trial 135 finished with value: 11.993255615234375 and parameters: {'gradient_clip_val': 0.28203789075722263, 'hidden_size': 30, 'dropout': 0.3180312733651485, 'hidden_continuous_size': 18, 'attention_head_size': 2, 'learning_rate': 0.015445622829194854}. Best is trial 95 with value: 10.752372741699219.
LOCAL_RANK: 0 - CUDA_VISIBLE_DEVICES: [0]
[I 2023-11-30 09:48:20,580] Trial 136 finished with value: 13.33157730102539 and parameters: {'gradient_clip_val': 0.3430728054259868, 'hidden_size': 36, 'dropout': 0.3006352167341694, 'hidden_continuous_size': 28, 'attention_head_size': 2, 'learning_rate': 0.009575292930621667}. Best is trial 95 with value: 10.752372741699219.
LOCAL_RANK: 0 - CUDA_VISIBLE_DEVICES: [0]
[I 2023-11-30 09:48:32,802] Trial 137 finished with value: 12.668438911437988 and parameters: {'gradient_clip_val': 0.22879080860871562, 'hidden_size': 28, 'dropout': 0.32547203464603075, 'hidden_continuous_size': 18, 'attention_head_size': 2, 'learning_rate': 0.018033054759905076}. Best is trial 95 with value: 10.752372741699219.
LOCAL_RANK: 0 - CUDA_VISIBLE_DEVICES: [0]
[I 2023-11-30 09:48:46,257] Trial 138 finished with value: 12.174040794372559 and parameters: {'gradient_clip_val': 0.32775985928832124, 'hidden_size': 62, 'dropout': 0.3478217746480762, 'hidden_continuous_size': 25, 'attention_head_size': 2, 'learning_rate': 0.013335006888658262}. Best is trial 95 with value: 10.752372741699219.
LOCAL_RANK: 0 - CUDA_VISIBLE_DEVICES: [0]
[I 2023-11-30 09:48:58,678] Trial 139 finished with value: 16.269380569458008 and parameters: {'gradient_clip_val': 0.2412515440823891, 'hidden_size': 26, 'dropout': 0.3295822235554568, 'hidden_continuous_size': 22, 'attention_head_size': 2, 'learning_rate': 0.01091327844327776}. Best is trial 95 with value: 10.752372741699219.
LOCAL_RANK: 0 - CUDA_VISIBLE_DEVICES: [0]
[I 2023-11-30 09:49:11,311] Trial 140 finished with value: 12.253849983215332 and parameters: {'gradient_clip_val': 0.3781210160309952, 'hidden_size': 33, 'dropout': 0.31104750985883123, 'hidden_continuous_size': 26, 'attention_head_size': 2, 'learning_rate': 0.016922282817726543}. Best is trial 95 with value: 10.752372741699219.
LOCAL_RANK: 0 - CUDA_VISIBLE_DEVICES: [0]
[I 2023-11-30 09:49:24,192] Trial 141 finished with value: 11.999004364013672 and parameters: {'gradient_clip_val': 0.26192861935263034, 'hidden_size': 49, 'dropout': 0.3017575500755867, 'hidden_continuous_size': 11, 'attention_head_size': 4, 'learning_rate': 0.012381750711448591}. Best is trial 95 with value: 10.752372741699219.
LOCAL_RANK: 0 - CUDA_VISIBLE_DEVICES: [0]
[I 2023-11-30 09:49:36,967] Trial 142 finished with value: 11.840008735656738 and parameters: {'gradient_clip_val': 0.27325451899781183, 'hidden_size': 41, 'dropout': 0.3191054572815797, 'hidden_continuous_size': 27, 'attention_head_size': 2, 'learning_rate': 0.014454943200567541}. Best is trial 95 with value: 10.752372741699219.
LOCAL_RANK: 0 - CUDA_VISIBLE_DEVICES: [0]
[I 2023-11-30 09:49:50,194] Trial 143 finished with value: 12.236416816711426 and parameters: {'gradient_clip_val': 0.2954161165701865, 'hidden_size': 55, 'dropout': 0.3348224841337208, 'hidden_continuous_size': 24, 'attention_head_size': 2, 'learning_rate': 0.011927831793618357}. Best is trial 95 with value: 10.752372741699219.
LOCAL_RANK: 0 - CUDA_VISIBLE_DEVICES: [0]
[I 2023-11-30 09:50:03,074] Trial 144 finished with value: 17.019683837890625 and parameters: {'gradient_clip_val': 0.2503615166370186, 'hidden_size': 68, 'dropout': 0.2734644038881081, 'hidden_continuous_size': 12, 'attention_head_size': 2, 'learning_rate': 0.012940448331199238}. Best is trial 95 with value: 10.752372741699219.
LOCAL_RANK: 0 - CUDA_VISIBLE_DEVICES: [0]
[I 2023-11-30 09:50:15,748] Trial 145 finished with value: 11.018588066101074 and parameters: {'gradient_clip_val': 0.2751373824691871, 'hidden_size': 35, 'dropout': 0.2968740506589501, 'hidden_continuous_size': 16, 'attention_head_size': 2, 'learning_rate': 0.01548277497769513}. Best is trial 95 with value: 10.752372741699219.
LOCAL_RANK: 0 - CUDA_VISIBLE_DEVICES: [0]
[I 2023-11-30 09:50:28,163] Trial 146 finished with value: 12.503597259521484 and parameters: {'gradient_clip_val': 0.28518403345317195, 'hidden_size': 31, 'dropout': 0.31284662224047743, 'hidden_continuous_size': 15, 'attention_head_size': 2, 'learning_rate': 0.024296060308247124}. Best is trial 95 with value: 10.752372741699219.
LOCAL_RANK: 0 - CUDA_VISIBLE_DEVICES: [0]
[I 2023-11-30 09:50:40,663] Trial 147 finished with value: 12.194573402404785 and parameters: {'gradient_clip_val': 0.21521058791362918, 'hidden_size': 35, 'dropout': 0.32277242096056835, 'hidden_continuous_size': 23, 'attention_head_size': 2, 'learning_rate': 0.0193883988378049}. Best is trial 95 with value: 10.752372741699219.
LOCAL_RANK: 0 - CUDA_VISIBLE_DEVICES: [0]
[I 2023-11-30 09:50:53,141] Trial 148 finished with value: 11.463397979736328 and parameters: {'gradient_clip_val': 0.31017534303785355, 'hidden_size': 36, 'dropout': 0.33115831903181997, 'hidden_continuous_size': 16, 'attention_head_size': 2, 'learning_rate': 0.01589970399739695}. Best is trial 95 with value: 10.752372741699219.
LOCAL_RANK: 0 - CUDA_VISIBLE_DEVICES: [0]
[I 2023-11-30 09:51:05,925] Trial 149 finished with value: 11.20614242553711 and parameters: {'gradient_clip_val': 0.2338420292821628, 'hidden_size': 39, 'dropout': 0.34304490513949915, 'hidden_continuous_size': 14, 'attention_head_size': 2, 'learning_rate': 0.014908398183782732}. Best is trial 95 with value: 10.752372741699219.
[I 2023-11-30 09:51:06,037] A new study created in memory with name: no-name-d32457e0-f2e5-4eb8-b6fb-f4075642ca7f
/home/le004/conda/anaconda3/envs/tsff_env/lib/python3.9/site-packages/lightning/fabric/plugins/environments/slurm.py:191: The `srun` command is available on your system but is not used. HINT: If your intention is to run Lightning on SLURM, prepend your python command with `srun` like so: srun python /home/le004/master_thesis/git/TSFusionForecast/code/ ...
LOCAL_RANK: 0 - CUDA_VISIBLE_DEVICES: [0]
[I 2023-11-30 09:51:18,764] Trial 0 finished with value: 7.864600658416748 and parameters: {'gradient_clip_val': 0.2853244747151449, 'hidden_size': 41, 'dropout': 0.14077455963891622, 'hidden_continuous_size': 18, 'attention_head_size': 4, 'learning_rate': 0.035898471915007765}. Best is trial 0 with value: 7.864600658416748.
LOCAL_RANK: 0 - CUDA_VISIBLE_DEVICES: [0]
[I 2023-11-30 09:51:31,185] Trial 1 finished with value: 11.132568359375 and parameters: {'gradient_clip_val': 0.14527369878037524, 'hidden_size': 26, 'dropout': 0.3211847526920115, 'hidden_continuous_size': 25, 'attention_head_size': 2, 'learning_rate': 0.008957211848444257}. Best is trial 0 with value: 7.864600658416748.
LOCAL_RANK: 0 - CUDA_VISIBLE_DEVICES: [0]
[I 2023-11-30 09:51:45,287] Trial 2 finished with value: 8.631744384765625 and parameters: {'gradient_clip_val': 0.36167346480356066, 'hidden_size': 134, 'dropout': 0.11527163092567956, 'hidden_continuous_size': 60, 'attention_head_size': 1, 'learning_rate': 0.012457971516183051}. Best is trial 0 with value: 7.864600658416748.
LOCAL_RANK: 0 - CUDA_VISIBLE_DEVICES: [0]
[I 2023-11-30 09:51:57,582] Trial 3 finished with value: 17.78510856628418 and parameters: {'gradient_clip_val': 0.16826771246611244, 'hidden_size': 35, 'dropout': 0.2541277784002334, 'hidden_continuous_size': 10, 'attention_head_size': 2, 'learning_rate': 0.0026477854050625193}. Best is trial 0 with value: 7.864600658416748.
LOCAL_RANK: 0 - CUDA_VISIBLE_DEVICES: [0]
[I 2023-11-30 09:52:09,990] Trial 4 finished with value: 12.061302185058594 and parameters: {'gradient_clip_val': 0.40962021270616555, 'hidden_size': 31, 'dropout': 0.20024626749974123, 'hidden_continuous_size': 10, 'attention_head_size': 3, 'learning_rate': 0.029172265473426537}. Best is trial 0 with value: 7.864600658416748.
LOCAL_RANK: 0 - CUDA_VISIBLE_DEVICES: [0]
[I 2023-11-30 09:52:22,531] Trial 5 finished with value: 9.796523094177246 and parameters: {'gradient_clip_val': 0.5869143269414253, 'hidden_size': 30, 'dropout': 0.1877678783736458, 'hidden_continuous_size': 20, 'attention_head_size': 2, 'learning_rate': 0.007090309045228426}. Best is trial 0 with value: 7.864600658416748.
LOCAL_RANK: 0 - CUDA_VISIBLE_DEVICES: [0]
[I 2023-11-30 09:52:36,500] Trial 6 finished with value: 7.650766372680664 and parameters: {'gradient_clip_val': 0.3330008858314951, 'hidden_size': 126, 'dropout': 0.38132324968608267, 'hidden_continuous_size': 58, 'attention_head_size': 1, 'learning_rate': 0.09694551310528268}. Best is trial 6 with value: 7.650766372680664.
LOCAL_RANK: 0 - CUDA_VISIBLE_DEVICES: [0]
[I 2023-11-30 09:52:49,249] Trial 7 finished with value: 11.132431030273438 and parameters: {'gradient_clip_val': 0.12745216929800918, 'hidden_size': 33, 'dropout': 0.3347755782182519, 'hidden_continuous_size': 22, 'attention_head_size': 3, 'learning_rate': 0.07177247195014191}. Best is trial 6 with value: 7.650766372680664.
LOCAL_RANK: 0 - CUDA_VISIBLE_DEVICES: [0]
[I 2023-11-30 09:53:03,522] Trial 8 finished with value: 9.900260925292969 and parameters: {'gradient_clip_val': 0.3512188323751817, 'hidden_size': 97, 'dropout': 0.23022075237336112, 'hidden_continuous_size': 89, 'attention_head_size': 1, 'learning_rate': 0.019422981729694686}. Best is trial 6 with value: 7.650766372680664.
LOCAL_RANK: 0 - CUDA_VISIBLE_DEVICES: [0]
[I 2023-11-30 09:53:17,814] Trial 9 finished with value: 9.70665454864502 and parameters: {'gradient_clip_val': 0.11864132055691633, 'hidden_size': 114, 'dropout': 0.36258443748891866, 'hidden_continuous_size': 79, 'attention_head_size': 3, 'learning_rate': 0.013807867671774889}. Best is trial 6 with value: 7.650766372680664.
LOCAL_RANK: 0 - CUDA_VISIBLE_DEVICES: [0]
[I 2023-11-30 09:53:29,926] Trial 10 finished with value: 10.643226623535156 and parameters: {'gradient_clip_val': 0.9301069130177937, 'hidden_size': 13, 'dropout': 0.3749454072615835, 'hidden_continuous_size': 12, 'attention_head_size': 1, 'learning_rate': 0.09779942853797502}. Best is trial 6 with value: 7.650766372680664.
LOCAL_RANK: 0 - CUDA_VISIBLE_DEVICES: [0]
[I 2023-11-30 09:53:43,590] Trial 11 finished with value: 9.944430351257324 and parameters: {'gradient_clip_val': 0.2067543678921005, 'hidden_size': 69, 'dropout': 0.39961485405352337, 'hidden_continuous_size': 39, 'attention_head_size': 4, 'learning_rate': 0.05022401519821924}. Best is trial 6 with value: 7.650766372680664.
LOCAL_RANK: 0 - CUDA_VISIBLE_DEVICES: [0]
[I 2023-11-30 09:53:57,168] Trial 12 finished with value: 11.408162117004395 and parameters: {'gradient_clip_val': 0.24507045859033946, 'hidden_size': 65, 'dropout': 0.10543679426934688, 'hidden_continuous_size': 34, 'attention_head_size': 4, 'learning_rate': 0.0423472847132229}. Best is trial 6 with value: 7.650766372680664.
LOCAL_RANK: 0 - CUDA_VISIBLE_DEVICES: [0]
[I 2023-11-30 09:54:12,341] Trial 13 finished with value: 17.739513397216797 and parameters: {'gradient_clip_val': 0.2529632387525734, 'hidden_size': 150, 'dropout': 0.2994122489448248, 'hidden_continuous_size': 106, 'attention_head_size': 4, 'learning_rate': 0.08675498456573343}. Best is trial 6 with value: 7.650766372680664.
LOCAL_RANK: 0 - CUDA_VISIBLE_DEVICES: [0]
[I 2023-11-30 09:54:25,292] Trial 14 finished with value: 14.955212593078613 and parameters: {'gradient_clip_val': 0.47805399350895567, 'hidden_size': 53, 'dropout': 0.2820288653711313, 'hidden_continuous_size': 16, 'attention_head_size': 2, 'learning_rate': 0.034623411189905764}. Best is trial 6 with value: 7.650766372680664.
LOCAL_RANK: 0 - CUDA_VISIBLE_DEVICES: [0]
[I 2023-11-30 09:54:39,158] Trial 15 finished with value: 9.964615821838379 and parameters: {'gradient_clip_val': 0.28121861442060214, 'hidden_size': 89, 'dropout': 0.14715854125646172, 'hidden_continuous_size': 44, 'attention_head_size': 3, 'learning_rate': 0.060871496040547986}. Best is trial 6 with value: 7.650766372680664.
LOCAL_RANK: 0 - CUDA_VISIBLE_DEVICES: [0]
[I 2023-11-30 09:54:52,095] Trial 16 finished with value: 12.194682121276855 and parameters: {'gradient_clip_val': 0.1973339859279033, 'hidden_size': 49, 'dropout': 0.26249868518036745, 'hidden_continuous_size': 28, 'attention_head_size': 1, 'learning_rate': 0.028224525205134018}. Best is trial 6 with value: 7.650766372680664.
LOCAL_RANK: 0 - CUDA_VISIBLE_DEVICES: [0]
[I 2023-11-30 09:55:06,026] Trial 17 finished with value: 7.643270969390869 and parameters: {'gradient_clip_val': 0.29579854245869214, 'hidden_size': 85, 'dropout': 0.16257417783845343, 'hidden_continuous_size': 46, 'attention_head_size': 4, 'learning_rate': 0.05483746574630762}. Best is trial 17 with value: 7.643270969390869.
LOCAL_RANK: 0 - CUDA_VISIBLE_DEVICES: [0]
[I 2023-11-30 09:55:20,129] Trial 18 finished with value: 8.82944107055664 and parameters: {'gradient_clip_val': 0.4686137886056992, 'hidden_size': 110, 'dropout': 0.22309167312302358, 'hidden_continuous_size': 52, 'attention_head_size': 2, 'learning_rate': 0.08739968611216571}. Best is trial 17 with value: 7.643270969390869.
LOCAL_RANK: 0 - CUDA_VISIBLE_DEVICES: [0]
[I 2023-11-30 09:55:33,805] Trial 19 finished with value: 8.724105834960938 and parameters: {'gradient_clip_val': 0.31383573574626095, 'hidden_size': 83, 'dropout': 0.3086955193216476, 'hidden_continuous_size': 33, 'attention_head_size': 3, 'learning_rate': 0.05233970878536525}. Best is trial 17 with value: 7.643270969390869.
LOCAL_RANK: 0 - CUDA_VISIBLE_DEVICES: [0]
