[I 2023-11-29 22:16:36,158] Trial 126 finished with value: 0.143268883228302 and parameters: {'gradient_clip_val': 0.806413969898904, 'hidden_size': 36, 'dropout': 0.20398218178270558, 'hidden_continuous_size': 18, 'attention_head_size': 2, 'learning_rate': 0.031507429137737415}. Best is trial 83 with value: 0.06829789280891418.
LOCAL_RANK: 0 - CUDA_VISIBLE_DEVICES: [0]
[I 2023-11-29 22:16:48,532] Trial 127 finished with value: 0.19651223719120026 and parameters: {'gradient_clip_val': 0.9300977492695113, 'hidden_size': 32, 'dropout': 0.1936146152626285, 'hidden_continuous_size': 17, 'attention_head_size': 2, 'learning_rate': 0.07276538937536933}. Best is trial 83 with value: 0.06829789280891418.
LOCAL_RANK: 0 - CUDA_VISIBLE_DEVICES: [0]
[I 2023-11-29 22:17:00,990] Trial 128 finished with value: 0.24913525581359863 and parameters: {'gradient_clip_val': 0.5606042521802919, 'hidden_size': 29, 'dropout': 0.17107172768271628, 'hidden_continuous_size': 18, 'attention_head_size': 2, 'learning_rate': 0.04953954186165898}. Best is trial 83 with value: 0.06829789280891418.
LOCAL_RANK: 0 - CUDA_VISIBLE_DEVICES: [0]
[I 2023-11-29 22:17:13,656] Trial 129 finished with value: 0.15339981019496918 and parameters: {'gradient_clip_val': 0.6599859454535487, 'hidden_size': 33, 'dropout': 0.18720700521860242, 'hidden_continuous_size': 16, 'attention_head_size': 2, 'learning_rate': 0.024400322787142447}. Best is trial 83 with value: 0.06829789280891418.
LOCAL_RANK: 0 - CUDA_VISIBLE_DEVICES: [0]
[I 2023-11-29 22:17:26,241] Trial 130 finished with value: 0.11044932156801224 and parameters: {'gradient_clip_val': 0.5918692644968965, 'hidden_size': 40, 'dropout': 0.21230488809755954, 'hidden_continuous_size': 20, 'attention_head_size': 1, 'learning_rate': 0.08540126332837357}. Best is trial 83 with value: 0.06829789280891418.
LOCAL_RANK: 0 - CUDA_VISIBLE_DEVICES: [0]
[I 2023-11-29 22:17:39,039] Trial 131 finished with value: 0.17049413919448853 and parameters: {'gradient_clip_val': 0.7647038450687323, 'hidden_size': 47, 'dropout': 0.12525809718603098, 'hidden_continuous_size': 21, 'attention_head_size': 1, 'learning_rate': 0.0946767569547822}. Best is trial 83 with value: 0.06829789280891418.
LOCAL_RANK: 0 - CUDA_VISIBLE_DEVICES: [0]
[I 2023-11-29 22:17:52,380] Trial 132 finished with value: 0.12844158709049225 and parameters: {'gradient_clip_val': 0.8464945346522459, 'hidden_size': 67, 'dropout': 0.12080600760142668, 'hidden_continuous_size': 20, 'attention_head_size': 3, 'learning_rate': 0.07762140479843234}. Best is trial 83 with value: 0.06829789280891418.
LOCAL_RANK: 0 - CUDA_VISIBLE_DEVICES: [0]
[I 2023-11-29 22:18:05,242] Trial 133 finished with value: 0.10853926092386246 and parameters: {'gradient_clip_val': 0.7048380530566237, 'hidden_size': 38, 'dropout': 0.22338222928853393, 'hidden_continuous_size': 19, 'attention_head_size': 2, 'learning_rate': 0.06772345374802789}. Best is trial 83 with value: 0.06829789280891418.
LOCAL_RANK: 0 - CUDA_VISIBLE_DEVICES: [0]
[I 2023-11-29 22:18:18,486] Trial 134 finished with value: 0.18399329483509064 and parameters: {'gradient_clip_val': 0.6282173851094381, 'hidden_size': 52, 'dropout': 0.15630756983861865, 'hidden_continuous_size': 24, 'attention_head_size': 4, 'learning_rate': 0.05958173133365625}. Best is trial 83 with value: 0.06829789280891418.
LOCAL_RANK: 0 - CUDA_VISIBLE_DEVICES: [0]
[I 2023-11-29 22:18:31,277] Trial 135 finished with value: 0.20367829501628876 and parameters: {'gradient_clip_val': 0.7862401376751047, 'hidden_size': 43, 'dropout': 0.20240575674087152, 'hidden_continuous_size': 23, 'attention_head_size': 1, 'learning_rate': 0.08164075480710982}. Best is trial 83 with value: 0.06829789280891418.
LOCAL_RANK: 0 - CUDA_VISIBLE_DEVICES: [0]
[I 2023-11-29 22:18:44,605] Trial 136 finished with value: 0.14383149147033691 and parameters: {'gradient_clip_val': 0.8919634878465046, 'hidden_size': 82, 'dropout': 0.18064988300337817, 'hidden_continuous_size': 14, 'attention_head_size': 3, 'learning_rate': 0.018293607366641054}. Best is trial 83 with value: 0.06829789280891418.
LOCAL_RANK: 0 - CUDA_VISIBLE_DEVICES: [0]
[I 2023-11-29 22:18:56,897] Trial 137 finished with value: 0.10348444432020187 and parameters: {'gradient_clip_val': 0.7233978571233318, 'hidden_size': 25, 'dropout': 0.13643726293805697, 'hidden_continuous_size': 22, 'attention_head_size': 1, 'learning_rate': 0.07130413379326554}. Best is trial 83 with value: 0.06829789280891418.
LOCAL_RANK: 0 - CUDA_VISIBLE_DEVICES: [0]
[I 2023-11-29 22:19:08,803] Trial 138 finished with value: 0.2531379163265228 and parameters: {'gradient_clip_val': 0.6789691196070577, 'hidden_size': 25, 'dropout': 0.1940796289336167, 'hidden_continuous_size': 10, 'attention_head_size': 1, 'learning_rate': 0.03979984899185031}. Best is trial 83 with value: 0.06829789280891418.
LOCAL_RANK: 0 - CUDA_VISIBLE_DEVICES: [0]
[I 2023-11-29 22:19:21,140] Trial 139 finished with value: 0.12367480248212814 and parameters: {'gradient_clip_val': 0.725427593070556, 'hidden_size': 23, 'dropout': 0.13296829006245536, 'hidden_continuous_size': 21, 'attention_head_size': 1, 'learning_rate': 0.06681816536577848}. Best is trial 83 with value: 0.06829789280891418.
LOCAL_RANK: 0 - CUDA_VISIBLE_DEVICES: [0]
[I 2023-11-29 22:19:33,572] Trial 140 finished with value: 0.24494504928588867 and parameters: {'gradient_clip_val': 0.8113302703130556, 'hidden_size': 35, 'dropout': 0.15077850453279118, 'hidden_continuous_size': 13, 'attention_head_size': 1, 'learning_rate': 0.09868709083222682}. Best is trial 83 with value: 0.06829789280891418.
LOCAL_RANK: 0 - CUDA_VISIBLE_DEVICES: [0]
[I 2023-11-29 22:19:46,044] Trial 141 finished with value: 0.18701612949371338 and parameters: {'gradient_clip_val': 0.7454495187277297, 'hidden_size': 31, 'dropout': 0.11205095331747852, 'hidden_continuous_size': 22, 'attention_head_size': 1, 'learning_rate': 0.0752174627356985}. Best is trial 83 with value: 0.06829789280891418.
LOCAL_RANK: 0 - CUDA_VISIBLE_DEVICES: [0]
[I 2023-11-29 22:19:58,243] Trial 142 finished with value: 0.10287913680076599 and parameters: {'gradient_clip_val': 0.6460339736262789, 'hidden_size': 28, 'dropout': 0.12645549761994057, 'hidden_continuous_size': 22, 'attention_head_size': 1, 'learning_rate': 0.0886122039945631}. Best is trial 83 with value: 0.06829789280891418.
LOCAL_RANK: 0 - CUDA_VISIBLE_DEVICES: [0]
[I 2023-11-29 22:20:10,544] Trial 143 finished with value: 0.1093306764960289 and parameters: {'gradient_clip_val': 0.6438326250866843, 'hidden_size': 31, 'dropout': 0.14065295182026982, 'hidden_continuous_size': 17, 'attention_head_size': 1, 'learning_rate': 0.09136903774910032}. Best is trial 83 with value: 0.06829789280891418.
LOCAL_RANK: 0 - CUDA_VISIBLE_DEVICES: [0]
[I 2023-11-29 22:20:22,812] Trial 144 finished with value: 0.2539897859096527 and parameters: {'gradient_clip_val': 0.5406180978429997, 'hidden_size': 28, 'dropout': 0.1285496343920648, 'hidden_continuous_size': 23, 'attention_head_size': 1, 'learning_rate': 0.084527242048316}. Best is trial 83 with value: 0.06829789280891418.
LOCAL_RANK: 0 - CUDA_VISIBLE_DEVICES: [0]
[I 2023-11-29 22:20:34,644] Trial 145 finished with value: 0.08459728956222534 and parameters: {'gradient_clip_val': 0.6085659063040172, 'hidden_size': 28, 'dropout': 0.1461266078740909, 'hidden_continuous_size': 11, 'attention_head_size': 1, 'learning_rate': 0.05659394535362091}. Best is trial 83 with value: 0.06829789280891418.
LOCAL_RANK: 0 - CUDA_VISIBLE_DEVICES: [0]
[I 2023-11-29 22:20:46,849] Trial 146 finished with value: 0.10598385334014893 and parameters: {'gradient_clip_val': 0.6024828146360864, 'hidden_size': 29, 'dropout': 0.16307862188519393, 'hidden_continuous_size': 11, 'attention_head_size': 1, 'learning_rate': 0.05503388305669194}. Best is trial 83 with value: 0.06829789280891418.
LOCAL_RANK: 0 - CUDA_VISIBLE_DEVICES: [0]
[I 2023-11-29 22:20:59,184] Trial 147 finished with value: 0.20247967541217804 and parameters: {'gradient_clip_val': 0.5927101228066918, 'hidden_size': 26, 'dropout': 0.13587164979708294, 'hidden_continuous_size': 22, 'attention_head_size': 1, 'learning_rate': 0.045807987894337265}. Best is trial 83 with value: 0.06829789280891418.
LOCAL_RANK: 0 - CUDA_VISIBLE_DEVICES: [0]
[I 2023-11-29 22:21:11,322] Trial 148 finished with value: 0.11083158105611801 and parameters: {'gradient_clip_val': 0.5549110497281805, 'hidden_size': 27, 'dropout': 0.1471411671746209, 'hidden_continuous_size': 12, 'attention_head_size': 1, 'learning_rate': 0.062147713901662634}. Best is trial 83 with value: 0.06829789280891418.
LOCAL_RANK: 0 - CUDA_VISIBLE_DEVICES: [0]
[I 2023-11-29 22:21:24,004] Trial 149 finished with value: 0.16858746111392975 and parameters: {'gradient_clip_val': 0.6270273341037387, 'hidden_size': 33, 'dropout': 0.21799931304970874, 'hidden_continuous_size': 23, 'attention_head_size': 1, 'learning_rate': 0.05267031334592683}. Best is trial 83 with value: 0.06829789280891418.
[I 2023-11-29 22:21:24,117] A new study created in memory with name: no-name-97167715-d05d-4bd4-8f44-7ed83340457b
/home/le004/conda/anaconda3/envs/tsff_env/lib/python3.9/site-packages/lightning/fabric/plugins/environments/slurm.py:191: The `srun` command is available on your system but is not used. HINT: If your intention is to run Lightning on SLURM, prepend your python command with `srun` like so: srun python /home/le004/master_thesis/git/TSFusionForecast/code/ ...
LOCAL_RANK: 0 - CUDA_VISIBLE_DEVICES: [0]
[I 2023-11-29 22:21:36,439] Trial 0 finished with value: 0.17627012729644775 and parameters: {'gradient_clip_val': 0.32832333580911094, 'hidden_size': 33, 'dropout': 0.20914341122097035, 'hidden_continuous_size': 21, 'attention_head_size': 1, 'learning_rate': 0.01956284317313374}. Best is trial 0 with value: 0.17627012729644775.
LOCAL_RANK: 0 - CUDA_VISIBLE_DEVICES: [0]
[I 2023-11-29 22:21:48,385] Trial 1 finished with value: 0.8283823132514954 and parameters: {'gradient_clip_val': 0.4153058971889769, 'hidden_size': 13, 'dropout': 0.2692005009840118, 'hidden_continuous_size': 12, 'attention_head_size': 1, 'learning_rate': 0.018026124901108546}. Best is trial 0 with value: 0.17627012729644775.
LOCAL_RANK: 0 - CUDA_VISIBLE_DEVICES: [0]
[I 2023-11-29 22:22:00,178] Trial 2 finished with value: 0.8644086718559265 and parameters: {'gradient_clip_val': 0.4650239767575944, 'hidden_size': 13, 'dropout': 0.12095697028118238, 'hidden_continuous_size': 12, 'attention_head_size': 1, 'learning_rate': 0.019908303976834924}. Best is trial 0 with value: 0.17627012729644775.
LOCAL_RANK: 0 - CUDA_VISIBLE_DEVICES: [0]
[I 2023-11-29 22:22:12,571] Trial 3 finished with value: 0.20203907787799835 and parameters: {'gradient_clip_val': 0.9040139327211469, 'hidden_size': 48, 'dropout': 0.19304555501778098, 'hidden_continuous_size': 10, 'attention_head_size': 3, 'learning_rate': 0.030133524793122375}. Best is trial 0 with value: 0.17627012729644775.
LOCAL_RANK: 0 - CUDA_VISIBLE_DEVICES: [0]
[I 2023-11-29 22:22:25,185] Trial 4 finished with value: 1.3701119422912598 and parameters: {'gradient_clip_val': 0.2018704367437629, 'hidden_size': 36, 'dropout': 0.3922266987744609, 'hidden_continuous_size': 34, 'attention_head_size': 3, 'learning_rate': 0.0019824639980415555}. Best is trial 0 with value: 0.17627012729644775.
LOCAL_RANK: 0 - CUDA_VISIBLE_DEVICES: [0]
[I 2023-11-29 22:22:37,561] Trial 5 finished with value: 0.0935901403427124 and parameters: {'gradient_clip_val': 0.281070798116893, 'hidden_size': 19, 'dropout': 0.1884763077112247, 'hidden_continuous_size': 15, 'attention_head_size': 1, 'learning_rate': 0.07580172122401803}. Best is trial 5 with value: 0.0935901403427124.
LOCAL_RANK: 0 - CUDA_VISIBLE_DEVICES: [0]
[I 2023-11-29 22:22:51,521] Trial 6 finished with value: 0.17297498881816864 and parameters: {'gradient_clip_val': 0.4349674709995871, 'hidden_size': 119, 'dropout': 0.24721735000217462, 'hidden_continuous_size': 33, 'attention_head_size': 2, 'learning_rate': 0.03403114953493173}. Best is trial 5 with value: 0.0935901403427124.
LOCAL_RANK: 0 - CUDA_VISIBLE_DEVICES: [0]
[I 2023-11-29 22:23:01,819] Trial 7 finished with value: 0.634942352771759 and parameters: {'gradient_clip_val': 0.6976810312534493, 'hidden_size': 16, 'dropout': 0.2659747294520871, 'hidden_continuous_size': 16, 'attention_head_size': 4, 'learning_rate': 0.013047421927285878}. Best is trial 5 with value: 0.0935901403427124.
LOCAL_RANK: 0 - CUDA_VISIBLE_DEVICES: [0]
[I 2023-11-29 22:23:14,798] Trial 8 finished with value: 0.18056784570217133 and parameters: {'gradient_clip_val': 0.8367317400385537, 'hidden_size': 62, 'dropout': 0.24892068983794258, 'hidden_continuous_size': 13, 'attention_head_size': 2, 'learning_rate': 0.01032792598427172}. Best is trial 5 with value: 0.0935901403427124.
LOCAL_RANK: 0 - CUDA_VISIBLE_DEVICES: [0]
[I 2023-11-29 22:23:27,145] Trial 9 finished with value: 0.22867943346500397 and parameters: {'gradient_clip_val': 0.4249719886143522, 'hidden_size': 25, 'dropout': 0.35600217676393064, 'hidden_continuous_size': 12, 'attention_head_size': 2, 'learning_rate': 0.02984769500217995}. Best is trial 5 with value: 0.0935901403427124.
LOCAL_RANK: 0 - CUDA_VISIBLE_DEVICES: [0]
[I 2023-11-29 22:23:39,385] Trial 10 finished with value: 0.15869545936584473 and parameters: {'gradient_clip_val': 0.12947283956872155, 'hidden_size': 21, 'dropout': 0.10093333446700528, 'hidden_continuous_size': 15, 'attention_head_size': 4, 'learning_rate': 0.06688134258706788}. Best is trial 5 with value: 0.0935901403427124.
LOCAL_RANK: 0 - CUDA_VISIBLE_DEVICES: [0]
[I 2023-11-29 22:23:51,540] Trial 11 finished with value: 0.10817719250917435 and parameters: {'gradient_clip_val': 0.10574234215102764, 'hidden_size': 19, 'dropout': 0.10863523697337726, 'hidden_continuous_size': 15, 'attention_head_size': 4, 'learning_rate': 0.0681165203128504}. Best is trial 5 with value: 0.0935901403427124.
LOCAL_RANK: 0 - CUDA_VISIBLE_DEVICES: [0]
[I 2023-11-29 22:24:01,842] Trial 12 finished with value: 0.18053048849105835 and parameters: {'gradient_clip_val': 0.10402711591360306, 'hidden_size': 10, 'dropout': 0.14157115156569, 'hidden_continuous_size': 10, 'attention_head_size': 3, 'learning_rate': 0.0974913580153797}. Best is trial 5 with value: 0.0935901403427124.
LOCAL_RANK: 0 - CUDA_VISIBLE_DEVICES: [0]
[I 2023-11-29 22:24:14,005] Trial 13 finished with value: 0.10812882333993912 and parameters: {'gradient_clip_val': 0.2106266846291649, 'hidden_size': 20, 'dropout': 0.1521491480314842, 'hidden_continuous_size': 15, 'attention_head_size': 4, 'learning_rate': 0.06102442533631584}. Best is trial 5 with value: 0.0935901403427124.
LOCAL_RANK: 0 - CUDA_VISIBLE_DEVICES: [0]
[I 2023-11-29 22:24:26,448] Trial 14 finished with value: 0.16904479265213013 and parameters: {'gradient_clip_val': 0.22998727701792884, 'hidden_size': 25, 'dropout': 0.17032404881504173, 'hidden_continuous_size': 17, 'attention_head_size': 3, 'learning_rate': 0.052752700211046534}. Best is trial 5 with value: 0.0935901403427124.
LOCAL_RANK: 0 - CUDA_VISIBLE_DEVICES: [0]
[I 2023-11-29 22:24:38,681] Trial 15 finished with value: 0.16707487404346466 and parameters: {'gradient_clip_val': 0.21696965612673805, 'hidden_size': 17, 'dropout': 0.1547676201814744, 'hidden_continuous_size': 14, 'attention_head_size': 2, 'learning_rate': 0.08513041206932592}. Best is trial 5 with value: 0.0935901403427124.
LOCAL_RANK: 0 - CUDA_VISIBLE_DEVICES: [0]
[I 2023-11-29 22:24:48,666] Trial 16 finished with value: 1.4554773569107056 and parameters: {'gradient_clip_val': 0.17208923806263537, 'hidden_size': 10, 'dropout': 0.18500611516755724, 'hidden_continuous_size': 10, 'attention_head_size': 1, 'learning_rate': 0.005754668245627749}. Best is trial 5 with value: 0.0935901403427124.
LOCAL_RANK: 0 - CUDA_VISIBLE_DEVICES: [0]
[I 2023-11-29 22:25:01,153] Trial 17 finished with value: 0.12464017421007156 and parameters: {'gradient_clip_val': 0.2836182850973112, 'hidden_size': 25, 'dropout': 0.214289813847761, 'hidden_continuous_size': 18, 'attention_head_size': 4, 'learning_rate': 0.04628790079213063}. Best is trial 5 with value: 0.0935901403427124.
LOCAL_RANK: 0 - CUDA_VISIBLE_DEVICES: [0]
[I 2023-11-29 22:25:13,720] Trial 18 finished with value: 0.09789377450942993 and parameters: {'gradient_clip_val': 0.15458859194395771, 'hidden_size': 31, 'dropout': 0.14559385155801668, 'hidden_continuous_size': 19, 'attention_head_size': 2, 'learning_rate': 0.09150305615173443}. Best is trial 5 with value: 0.0935901403427124.
LOCAL_RANK: 0 - CUDA_VISIBLE_DEVICES: [0]
[I 2023-11-29 22:25:26,606] Trial 19 finished with value: 0.1012103483080864 and parameters: {'gradient_clip_val': 0.15194439031189544, 'hidden_size': 48, 'dropout': 0.13308164044079154, 'hidden_continuous_size': 26, 'attention_head_size': 1, 'learning_rate': 0.09687700306990109}. Best is trial 5 with value: 0.0935901403427124.
LOCAL_RANK: 0 - CUDA_VISIBLE_DEVICES: [0]
[I 2023-11-29 22:25:39,185] Trial 20 finished with value: 0.12242540717124939 and parameters: {'gradient_clip_val': 0.15198895159863507, 'hidden_size': 30, 'dropout': 0.16793275980391276, 'hidden_continuous_size': 19, 'attention_head_size': 2, 'learning_rate': 0.04663807089996048}. Best is trial 5 with value: 0.0935901403427124.
LOCAL_RANK: 0 - CUDA_VISIBLE_DEVICES: [0]
[I 2023-11-29 22:25:51,977] Trial 21 finished with value: 0.098932646214962 and parameters: {'gradient_clip_val': 0.1464168290906478, 'hidden_size': 46, 'dropout': 0.13195394340589428, 'hidden_continuous_size': 24, 'attention_head_size': 1, 'learning_rate': 0.0922231360309237}. Best is trial 5 with value: 0.0935901403427124.
LOCAL_RANK: 0 - CUDA_VISIBLE_DEVICES: [0]
[I 2023-11-29 22:26:04,729] Trial 22 finished with value: 0.10696312040090561 and parameters: {'gradient_clip_val': 0.13776161970073483, 'hidden_size': 44, 'dropout': 0.12995656033901876, 'hidden_continuous_size': 22, 'attention_head_size': 1, 'learning_rate': 0.09977395718104903}. Best is trial 5 with value: 0.0935901403427124.
LOCAL_RANK: 0 - CUDA_VISIBLE_DEVICES: [0]
[I 2023-11-29 22:26:18,197] Trial 23 finished with value: 0.11385681480169296 and parameters: {'gradient_clip_val': 0.17153706299965069, 'hidden_size': 68, 'dropout': 0.14710252571650242, 'hidden_continuous_size': 63, 'attention_head_size': 1, 'learning_rate': 0.047457340450465714}. Best is trial 5 with value: 0.0935901403427124.
LOCAL_RANK: 0 - CUDA_VISIBLE_DEVICES: [0]
[I 2023-11-29 22:26:30,657] Trial 24 finished with value: 0.07185082882642746 and parameters: {'gradient_clip_val': 0.2704312912873535, 'hidden_size': 30, 'dropout': 0.10917066506046372, 'hidden_continuous_size': 17, 'attention_head_size': 2, 'learning_rate': 0.07060916704096855}. Best is trial 24 with value: 0.07185082882642746.
LOCAL_RANK: 0 - CUDA_VISIBLE_DEVICES: [0]
[I 2023-11-29 22:26:43,282] Trial 25 finished with value: 0.11319539695978165 and parameters: {'gradient_clip_val': 0.2640921786167478, 'hidden_size': 33, 'dropout': 0.10482869596410155, 'hidden_continuous_size': 18, 'attention_head_size': 2, 'learning_rate': 0.03631989355482381}. Best is trial 24 with value: 0.07185082882642746.
LOCAL_RANK: 0 - CUDA_VISIBLE_DEVICES: [0]
[I 2023-11-29 22:26:55,480] Trial 26 finished with value: 0.10506876558065414 and parameters: {'gradient_clip_val': 0.3121540177923154, 'hidden_size': 28, 'dropout': 0.16902380967616454, 'hidden_continuous_size': 16, 'attention_head_size': 2, 'learning_rate': 0.056548767878325516}. Best is trial 24 with value: 0.07185082882642746.
LOCAL_RANK: 0 - CUDA_VISIBLE_DEVICES: [0]
[I 2023-11-29 22:27:07,672] Trial 27 finished with value: 0.15222805738449097 and parameters: {'gradient_clip_val': 0.23801333984369252, 'hidden_size': 23, 'dropout': 0.11898397938958183, 'hidden_continuous_size': 14, 'attention_head_size': 2, 'learning_rate': 0.0696316346458467}. Best is trial 24 with value: 0.07185082882642746.
LOCAL_RANK: 0 - CUDA_VISIBLE_DEVICES: [0]
[I 2023-11-29 22:27:20,120] Trial 28 finished with value: 0.09873118996620178 and parameters: {'gradient_clip_val': 0.19624845378492056, 'hidden_size': 29, 'dropout': 0.1506257720686988, 'hidden_continuous_size': 17, 'attention_head_size': 3, 'learning_rate': 0.039158585319844834}. Best is trial 24 with value: 0.07185082882642746.
LOCAL_RANK: 0 - CUDA_VISIBLE_DEVICES: [0]
[I 2023-11-29 22:27:32,837] Trial 29 finished with value: 0.15891167521476746 and parameters: {'gradient_clip_val': 0.3471302767314604, 'hidden_size': 38, 'dropout': 0.20665918802781075, 'hidden_continuous_size': 20, 'attention_head_size': 2, 'learning_rate': 0.0244337941891273}. Best is trial 24 with value: 0.07185082882642746.
LOCAL_RANK: 0 - CUDA_VISIBLE_DEVICES: [0]
[I 2023-11-29 22:27:45,499] Trial 30 finished with value: 0.09783985465765 and parameters: {'gradient_clip_val': 0.25936558661710696, 'hidden_size': 31, 'dropout': 0.12373141599590348, 'hidden_continuous_size': 19, 'attention_head_size': 1, 'learning_rate': 0.07471137800247754}. Best is trial 24 with value: 0.07185082882642746.
LOCAL_RANK: 0 - CUDA_VISIBLE_DEVICES: [0]
[I 2023-11-29 22:27:57,671] Trial 31 finished with value: 0.11315806955099106 and parameters: {'gradient_clip_val': 0.2822256840539065, 'hidden_size': 32, 'dropout': 0.10165526504701247, 'hidden_continuous_size': 18, 'attention_head_size': 1, 'learning_rate': 0.06813864820645961}. Best is trial 24 with value: 0.07185082882642746.
LOCAL_RANK: 0 - CUDA_VISIBLE_DEVICES: [0]
[I 2023-11-29 22:28:09,728] Trial 32 finished with value: 0.12173169106245041 and parameters: {'gradient_clip_val': 0.35317124487862706, 'hidden_size': 21, 'dropout': 0.12280292232472988, 'hidden_continuous_size': 16, 'attention_head_size': 1, 'learning_rate': 0.07346712037089284}. Best is trial 24 with value: 0.07185082882642746.
LOCAL_RANK: 0 - CUDA_VISIBLE_DEVICES: [0]
