[I 2023-11-30 06:33:58,440] Trial 140 finished with value: 35.100860595703125 and parameters: {'gradient_clip_val': 0.4159541844242866, 'hidden_size': 118, 'dropout': 0.14251220084440142, 'hidden_continuous_size': 22, 'attention_head_size': 1, 'learning_rate': 0.012847578712669302}. Best is trial 22 with value: 21.644515991210938.
LOCAL_RANK: 0 - CUDA_VISIBLE_DEVICES: [0]
[I 2023-11-30 06:34:11,821] Trial 141 finished with value: 22.753433227539062 and parameters: {'gradient_clip_val': 0.638501054059418, 'hidden_size': 68, 'dropout': 0.12886210848314975, 'hidden_continuous_size': 33, 'attention_head_size': 2, 'learning_rate': 0.029105370511766048}. Best is trial 22 with value: 21.644515991210938.
LOCAL_RANK: 0 - CUDA_VISIBLE_DEVICES: [0]
[I 2023-11-30 06:34:25,030] Trial 142 finished with value: 30.829233169555664 and parameters: {'gradient_clip_val': 0.6488537499443866, 'hidden_size': 68, 'dropout': 0.12708638945280806, 'hidden_continuous_size': 34, 'attention_head_size': 2, 'learning_rate': 0.03346915663744334}. Best is trial 22 with value: 21.644515991210938.
LOCAL_RANK: 0 - CUDA_VISIBLE_DEVICES: [0]
[I 2023-11-30 06:34:38,334] Trial 143 finished with value: 24.356714248657227 and parameters: {'gradient_clip_val': 0.2844210824089576, 'hidden_size': 54, 'dropout': 0.1545438472713761, 'hidden_continuous_size': 36, 'attention_head_size': 2, 'learning_rate': 0.026799730587876568}. Best is trial 22 with value: 21.644515991210938.
LOCAL_RANK: 0 - CUDA_VISIBLE_DEVICES: [0]
[I 2023-11-30 06:34:51,815] Trial 144 finished with value: 27.753644943237305 and parameters: {'gradient_clip_val': 0.5727775714679806, 'hidden_size': 65, 'dropout': 0.17492216409186673, 'hidden_continuous_size': 32, 'attention_head_size': 2, 'learning_rate': 0.02315976167003555}. Best is trial 22 with value: 21.644515991210938.
LOCAL_RANK: 0 - CUDA_VISIBLE_DEVICES: [0]
[I 2023-11-30 06:35:05,160] Trial 145 finished with value: 32.03047180175781 and parameters: {'gradient_clip_val': 0.614152350769777, 'hidden_size': 49, 'dropout': 0.13974077232856744, 'hidden_continuous_size': 39, 'attention_head_size': 2, 'learning_rate': 0.04066292479629349}. Best is trial 22 with value: 21.644515991210938.
LOCAL_RANK: 0 - CUDA_VISIBLE_DEVICES: [0]
[I 2023-11-30 06:35:18,488] Trial 146 finished with value: 23.156023025512695 and parameters: {'gradient_clip_val': 0.6776244023190193, 'hidden_size': 57, 'dropout': 0.12108982196381289, 'hidden_continuous_size': 48, 'attention_head_size': 2, 'learning_rate': 0.04574380726783138}. Best is trial 22 with value: 21.644515991210938.
LOCAL_RANK: 0 - CUDA_VISIBLE_DEVICES: [0]
[I 2023-11-30 06:35:32,287] Trial 147 finished with value: 23.746381759643555 and parameters: {'gradient_clip_val': 0.353579944129678, 'hidden_size': 93, 'dropout': 0.11458269158299554, 'hidden_continuous_size': 33, 'attention_head_size': 2, 'learning_rate': 0.030387023330115375}. Best is trial 22 with value: 21.644515991210938.
LOCAL_RANK: 0 - CUDA_VISIBLE_DEVICES: [0]
[I 2023-11-30 06:35:46,076] Trial 148 finished with value: 30.283044815063477 and parameters: {'gradient_clip_val': 0.7189064900374246, 'hidden_size': 73, 'dropout': 0.18933124949978491, 'hidden_continuous_size': 57, 'attention_head_size': 3, 'learning_rate': 0.05136931684889769}. Best is trial 22 with value: 21.644515991210938.
LOCAL_RANK: 0 - CUDA_VISIBLE_DEVICES: [0]
[I 2023-11-30 06:36:00,007] Trial 149 finished with value: 24.492576599121094 and parameters: {'gradient_clip_val': 0.6375751155248339, 'hidden_size': 133, 'dropout': 0.16238923214701134, 'hidden_continuous_size': 29, 'attention_head_size': 1, 'learning_rate': 0.0869482401980453}. Best is trial 22 with value: 21.644515991210938.
[I 2023-11-30 06:36:00,117] A new study created in memory with name: no-name-e737a702-62b3-4200-9e97-025d4e74084d
/home/le004/conda/anaconda3/envs/tsff_env/lib/python3.9/site-packages/lightning/fabric/plugins/environments/slurm.py:191: The `srun` command is available on your system but is not used. HINT: If your intention is to run Lightning on SLURM, prepend your python command with `srun` like so: srun python /home/le004/master_thesis/git/TSFusionForecast/code/ ...
LOCAL_RANK: 0 - CUDA_VISIBLE_DEVICES: [0]
[I 2023-11-30 06:36:13,649] Trial 0 finished with value: 5.068516254425049 and parameters: {'gradient_clip_val': 0.6765148949148492, 'hidden_size': 47, 'dropout': 0.2907263643877426, 'hidden_continuous_size': 38, 'attention_head_size': 4, 'learning_rate': 0.02576288665463808}. Best is trial 0 with value: 5.068516254425049.
LOCAL_RANK: 0 - CUDA_VISIBLE_DEVICES: [0]
[I 2023-11-30 06:36:26,894] Trial 1 finished with value: 3.8935203552246094 and parameters: {'gradient_clip_val': 0.18726755572804732, 'hidden_size': 51, 'dropout': 0.34790120171026706, 'hidden_continuous_size': 48, 'attention_head_size': 1, 'learning_rate': 0.06711440459517125}. Best is trial 1 with value: 3.8935203552246094.
LOCAL_RANK: 0 - CUDA_VISIBLE_DEVICES: [0]
[I 2023-11-30 06:36:39,660] Trial 2 finished with value: 5.798959255218506 and parameters: {'gradient_clip_val': 0.10660427836674835, 'hidden_size': 33, 'dropout': 0.37306011350439316, 'hidden_continuous_size': 19, 'attention_head_size': 4, 'learning_rate': 0.01005469383975676}. Best is trial 1 with value: 3.8935203552246094.
LOCAL_RANK: 0 - CUDA_VISIBLE_DEVICES: [0]
[I 2023-11-30 06:36:52,987] Trial 3 finished with value: 4.074007511138916 and parameters: {'gradient_clip_val': 0.32325621279017763, 'hidden_size': 73, 'dropout': 0.3333056271521404, 'hidden_continuous_size': 20, 'attention_head_size': 2, 'learning_rate': 0.08253073113259633}. Best is trial 1 with value: 3.8935203552246094.
LOCAL_RANK: 0 - CUDA_VISIBLE_DEVICES: [0]
[I 2023-11-30 06:37:05,114] Trial 4 finished with value: 18.459638595581055 and parameters: {'gradient_clip_val': 0.5907403970918069, 'hidden_size': 13, 'dropout': 0.11389378586725513, 'hidden_continuous_size': 12, 'attention_head_size': 1, 'learning_rate': 0.003488415527718298}. Best is trial 1 with value: 3.8935203552246094.
LOCAL_RANK: 0 - CUDA_VISIBLE_DEVICES: [0]
[I 2023-11-30 06:37:18,070] Trial 5 finished with value: 4.816614627838135 and parameters: {'gradient_clip_val': 0.11770810013654748, 'hidden_size': 53, 'dropout': 0.24655932161067343, 'hidden_continuous_size': 12, 'attention_head_size': 4, 'learning_rate': 0.024804593205042202}. Best is trial 1 with value: 3.8935203552246094.
LOCAL_RANK: 0 - CUDA_VISIBLE_DEVICES: [0]
[I 2023-11-30 06:37:30,953] Trial 6 finished with value: 7.409797668457031 and parameters: {'gradient_clip_val': 0.2552484964619507, 'hidden_size': 43, 'dropout': 0.15428445505789184, 'hidden_continuous_size': 36, 'attention_head_size': 1, 'learning_rate': 0.0027030737088815596}. Best is trial 1 with value: 3.8935203552246094.
LOCAL_RANK: 0 - CUDA_VISIBLE_DEVICES: [0]
[I 2023-11-30 06:37:43,891] Trial 7 finished with value: 6.52692985534668 and parameters: {'gradient_clip_val': 0.10175866468702494, 'hidden_size': 45, 'dropout': 0.37929620891573534, 'hidden_continuous_size': 28, 'attention_head_size': 2, 'learning_rate': 0.004423629450301907}. Best is trial 1 with value: 3.8935203552246094.
LOCAL_RANK: 0 - CUDA_VISIBLE_DEVICES: [0]
[I 2023-11-30 06:37:56,220] Trial 8 finished with value: 6.255455493927002 and parameters: {'gradient_clip_val': 0.16268991272007816, 'hidden_size': 35, 'dropout': 0.3744957242226379, 'hidden_continuous_size': 10, 'attention_head_size': 1, 'learning_rate': 0.00930256812274731}. Best is trial 1 with value: 3.8935203552246094.
LOCAL_RANK: 0 - CUDA_VISIBLE_DEVICES: [0]
[I 2023-11-30 06:38:09,376] Trial 9 finished with value: 5.441076278686523 and parameters: {'gradient_clip_val': 0.969897080532792, 'hidden_size': 58, 'dropout': 0.18367558390898525, 'hidden_continuous_size': 10, 'attention_head_size': 4, 'learning_rate': 0.00966452721671776}. Best is trial 1 with value: 3.8935203552246094.
LOCAL_RANK: 0 - CUDA_VISIBLE_DEVICES: [0]
[I 2023-11-30 06:38:23,703] Trial 10 finished with value: 6.043158054351807 and parameters: {'gradient_clip_val': 0.21058493409851037, 'hidden_size': 124, 'dropout': 0.29462885319930043, 'hidden_continuous_size': 77, 'attention_head_size': 3, 'learning_rate': 0.0010680640472922928}. Best is trial 1 with value: 3.8935203552246094.
LOCAL_RANK: 0 - CUDA_VISIBLE_DEVICES: [0]
[I 2023-11-30 06:38:37,688] Trial 11 finished with value: 4.211286544799805 and parameters: {'gradient_clip_val': 0.35647827121704617, 'hidden_size': 103, 'dropout': 0.3284516710271563, 'hidden_continuous_size': 61, 'attention_head_size': 2, 'learning_rate': 0.09392080752168303}. Best is trial 1 with value: 3.8935203552246094.
LOCAL_RANK: 0 - CUDA_VISIBLE_DEVICES: [0]
[I 2023-11-30 06:38:51,114] Trial 12 finished with value: 4.797083377838135 and parameters: {'gradient_clip_val': 0.34402231022128354, 'hidden_size': 83, 'dropout': 0.33006607958601053, 'hidden_continuous_size': 21, 'attention_head_size': 2, 'learning_rate': 0.09157857871538098}. Best is trial 1 with value: 3.8935203552246094.
LOCAL_RANK: 0 - CUDA_VISIBLE_DEVICES: [0]
[I 2023-11-30 06:39:04,981] Trial 13 finished with value: 4.394313335418701 and parameters: {'gradient_clip_val': 0.18583877123716191, 'hidden_size': 82, 'dropout': 0.24418852892927706, 'hidden_continuous_size': 49, 'attention_head_size': 3, 'learning_rate': 0.053391539539701355}. Best is trial 1 with value: 3.8935203552246094.
LOCAL_RANK: 0 - CUDA_VISIBLE_DEVICES: [0]
[I 2023-11-30 06:39:17,321] Trial 14 finished with value: 5.0292582511901855 and parameters: {'gradient_clip_val': 0.3007346091124574, 'hidden_size': 23, 'dropout': 0.39689060908771207, 'hidden_continuous_size': 15, 'attention_head_size': 1, 'learning_rate': 0.041914933801029605}. Best is trial 1 with value: 3.8935203552246094.
LOCAL_RANK: 0 - CUDA_VISIBLE_DEVICES: [0]
[I 2023-11-30 06:39:31,877] Trial 15 finished with value: 5.545211315155029 and parameters: {'gradient_clip_val': 0.1527303720347154, 'hidden_size': 138, 'dropout': 0.3402327661081866, 'hidden_continuous_size': 113, 'attention_head_size': 2, 'learning_rate': 0.09773272066549128}. Best is trial 1 with value: 3.8935203552246094.
LOCAL_RANK: 0 - CUDA_VISIBLE_DEVICES: [0]
[I 2023-11-30 06:39:45,358] Trial 16 finished with value: 4.191308498382568 and parameters: {'gradient_clip_val': 0.24057329060039712, 'hidden_size': 74, 'dropout': 0.29328206425248987, 'hidden_continuous_size': 25, 'attention_head_size': 3, 'learning_rate': 0.04481427757079637}. Best is trial 1 with value: 3.8935203552246094.
LOCAL_RANK: 0 - CUDA_VISIBLE_DEVICES: [0]
[I 2023-11-30 06:39:58,715] Trial 17 finished with value: 4.711593151092529 and parameters: {'gradient_clip_val': 0.40651890728845025, 'hidden_size': 65, 'dropout': 0.35191351016337974, 'hidden_continuous_size': 29, 'attention_head_size': 1, 'learning_rate': 0.023412934488697856}. Best is trial 1 with value: 3.8935203552246094.
LOCAL_RANK: 0 - CUDA_VISIBLE_DEVICES: [0]
[I 2023-11-30 06:40:12,566] Trial 18 finished with value: 4.3783698081970215 and parameters: {'gradient_clip_val': 0.2670908649804104, 'hidden_size': 102, 'dropout': 0.39770093754113206, 'hidden_continuous_size': 39, 'attention_head_size': 2, 'learning_rate': 0.05587953393660237}. Best is trial 1 with value: 3.8935203552246094.
LOCAL_RANK: 0 - CUDA_VISIBLE_DEVICES: [0]
[I 2023-11-30 06:40:25,229] Trial 19 finished with value: 5.360586643218994 and parameters: {'gradient_clip_val': 0.1413287228841843, 'hidden_size': 29, 'dropout': 0.3053388389376078, 'hidden_continuous_size': 16, 'attention_head_size': 1, 'learning_rate': 0.06820873484697569}. Best is trial 1 with value: 3.8935203552246094.
LOCAL_RANK: 0 - CUDA_VISIBLE_DEVICES: [0]
[I 2023-11-30 06:40:38,377] Trial 20 finished with value: 4.578517436981201 and parameters: {'gradient_clip_val': 0.19206300960962955, 'hidden_size': 61, 'dropout': 0.2758515969591098, 'hidden_continuous_size': 22, 'attention_head_size': 2, 'learning_rate': 0.03462711221268489}. Best is trial 1 with value: 3.8935203552246094.
LOCAL_RANK: 0 - CUDA_VISIBLE_DEVICES: [0]
[I 2023-11-30 06:40:51,744] Trial 21 finished with value: 4.528780937194824 and parameters: {'gradient_clip_val': 0.24587966302619413, 'hidden_size': 66, 'dropout': 0.31457685085081977, 'hidden_continuous_size': 25, 'attention_head_size': 3, 'learning_rate': 0.055108295390361516}. Best is trial 1 with value: 3.8935203552246094.
LOCAL_RANK: 0 - CUDA_VISIBLE_DEVICES: [0]
[I 2023-11-30 06:41:05,176] Trial 22 finished with value: 4.757757663726807 and parameters: {'gradient_clip_val': 0.2122977504613874, 'hidden_size': 75, 'dropout': 0.3446487838988964, 'hidden_continuous_size': 31, 'attention_head_size': 3, 'learning_rate': 0.043050145152522104}. Best is trial 1 with value: 3.8935203552246094.
LOCAL_RANK: 0 - CUDA_VISIBLE_DEVICES: [0]
[I 2023-11-30 06:41:18,241] Trial 23 finished with value: 4.230234622955322 and parameters: {'gradient_clip_val': 0.23430182251123124, 'hidden_size': 53, 'dropout': 0.2831908687442862, 'hidden_continuous_size': 24, 'attention_head_size': 3, 'learning_rate': 0.07873441151798306}. Best is trial 1 with value: 3.8935203552246094.
LOCAL_RANK: 0 - CUDA_VISIBLE_DEVICES: [0]
[I 2023-11-30 06:41:31,932] Trial 24 finished with value: 4.126081943511963 and parameters: {'gradient_clip_val': 0.30386823377643324, 'hidden_size': 100, 'dropout': 0.35257651825407715, 'hidden_continuous_size': 18, 'attention_head_size': 3, 'learning_rate': 0.06562431160836375}. Best is trial 1 with value: 3.8935203552246094.
LOCAL_RANK: 0 - CUDA_VISIBLE_DEVICES: [0]
[I 2023-11-30 06:41:45,423] Trial 25 finished with value: 4.934710502624512 and parameters: {'gradient_clip_val': 0.32059619677595075, 'hidden_size': 97, 'dropout': 0.355850604378933, 'hidden_continuous_size': 18, 'attention_head_size': 2, 'learning_rate': 0.06600108560496398}. Best is trial 1 with value: 3.8935203552246094.
LOCAL_RANK: 0 - CUDA_VISIBLE_DEVICES: [0]
[I 2023-11-30 06:41:59,026] Trial 26 finished with value: 5.45556640625 and parameters: {'gradient_clip_val': 0.41149132144898903, 'hidden_size': 103, 'dropout': 0.3183629292179852, 'hidden_continuous_size': 16, 'attention_head_size': 3, 'learning_rate': 0.033222047285090026}. Best is trial 1 with value: 3.8935203552246094.
LOCAL_RANK: 0 - CUDA_VISIBLE_DEVICES: [0]
[I 2023-11-30 06:42:12,942] Trial 27 finished with value: 4.659970760345459 and parameters: {'gradient_clip_val': 0.17266367360710205, 'hidden_size': 132, 'dropout': 0.35726396618828526, 'hidden_continuous_size': 45, 'attention_head_size': 2, 'learning_rate': 0.09706453105269934}. Best is trial 1 with value: 3.8935203552246094.
LOCAL_RANK: 0 - CUDA_VISIBLE_DEVICES: [0]
[I 2023-11-30 06:42:26,763] Trial 28 finished with value: 3.931536912918091 and parameters: {'gradient_clip_val': 0.28366308671274376, 'hidden_size': 144, 'dropout': 0.32686920067784137, 'hidden_continuous_size': 31, 'attention_head_size': 1, 'learning_rate': 0.06536184031806054}. Best is trial 1 with value: 3.8935203552246094.
LOCAL_RANK: 0 - CUDA_VISIBLE_DEVICES: [0]
[I 2023-11-30 06:42:41,048] Trial 29 finished with value: 4.90230131149292 and parameters: {'gradient_clip_val': 0.5031302104877952, 'hidden_size': 139, 'dropout': 0.2654643858130286, 'hidden_continuous_size': 36, 'attention_head_size': 1, 'learning_rate': 0.01840643493000337}. Best is trial 1 with value: 3.8935203552246094.
LOCAL_RANK: 0 - CUDA_VISIBLE_DEVICES: [0]
[I 2023-11-30 06:42:53,725] Trial 30 finished with value: 5.127270698547363 and parameters: {'gradient_clip_val': 0.28354806450909803, 'hidden_size': 48, 'dropout': 0.3101821100522859, 'hidden_continuous_size': 31, 'attention_head_size': 1, 'learning_rate': 0.0336007408243062}. Best is trial 1 with value: 3.8935203552246094.
LOCAL_RANK: 0 - CUDA_VISIBLE_DEVICES: [0]
[I 2023-11-30 06:43:07,411] Trial 31 finished with value: 4.352123737335205 and parameters: {'gradient_clip_val': 0.29442295100877586, 'hidden_size': 117, 'dropout': 0.33447333784891414, 'hidden_continuous_size': 21, 'attention_head_size': 1, 'learning_rate': 0.06700939791905222}. Best is trial 1 with value: 3.8935203552246094.
LOCAL_RANK: 0 - CUDA_VISIBLE_DEVICES: [0]
[I 2023-11-30 06:43:20,626] Trial 32 finished with value: 4.864671230316162 and parameters: {'gradient_clip_val': 0.21401105095452658, 'hidden_size': 88, 'dropout': 0.36093108208609537, 'hidden_continuous_size': 19, 'attention_head_size': 1, 'learning_rate': 0.07052319806734042}. Best is trial 1 with value: 3.8935203552246094.
LOCAL_RANK: 0 - CUDA_VISIBLE_DEVICES: [0]
[I 2023-11-30 06:43:34,835] Trial 33 finished with value: 5.209097385406494 and parameters: {'gradient_clip_val': 0.3466044512969377, 'hidden_size': 150, 'dropout': 0.375740854743582, 'hidden_continuous_size': 26, 'attention_head_size': 2, 'learning_rate': 0.05375490522336949}. Best is trial 1 with value: 3.8935203552246094.
LOCAL_RANK: 0 - CUDA_VISIBLE_DEVICES: [0]
[I 2023-11-30 06:43:49,028] Trial 34 finished with value: 4.355367183685303 and parameters: {'gradient_clip_val': 0.276261452024921, 'hidden_size': 113, 'dropout': 0.323725387354591, 'hidden_continuous_size': 34, 'attention_head_size': 4, 'learning_rate': 0.07554436463407763}. Best is trial 1 with value: 3.8935203552246094.
LOCAL_RANK: 0 - CUDA_VISIBLE_DEVICES: [0]
[I 2023-11-30 06:44:02,399] Trial 35 finished with value: 5.300294876098633 and parameters: {'gradient_clip_val': 0.4068460518789734, 'hidden_size': 90, 'dropout': 0.34075722735637454, 'hidden_continuous_size': 14, 'attention_head_size': 1, 'learning_rate': 0.027406816620848765}. Best is trial 1 with value: 3.8935203552246094.
LOCAL_RANK: 0 - CUDA_VISIBLE_DEVICES: [0]
[I 2023-11-30 06:44:16,033] Trial 36 finished with value: 4.76607084274292 and parameters: {'gradient_clip_val': 0.13504720446891205, 'hidden_size': 73, 'dropout': 0.3817021942566785, 'hidden_continuous_size': 18, 'attention_head_size': 4, 'learning_rate': 0.05038418601627285}. Best is trial 1 with value: 3.8935203552246094.
LOCAL_RANK: 0 - CUDA_VISIBLE_DEVICES: [0]
[I 2023-11-30 06:44:29,871] Trial 37 finished with value: 4.349545955657959 and parameters: {'gradient_clip_val': 0.25830703287193213, 'hidden_size': 150, 'dropout': 0.3617304438338856, 'hidden_continuous_size': 13, 'attention_head_size': 1, 'learning_rate': 0.07656534613495887}. Best is trial 1 with value: 3.8935203552246094.
LOCAL_RANK: 0 - CUDA_VISIBLE_DEVICES: [0]
[I 2023-11-30 06:44:43,720] Trial 38 finished with value: 3.8432722091674805 and parameters: {'gradient_clip_val': 0.12278953070342111, 'hidden_size': 116, 'dropout': 0.30598041368513035, 'hidden_continuous_size': 27, 'attention_head_size': 2, 'learning_rate': 0.017582851936653945}. Best is trial 38 with value: 3.8432722091674805.
LOCAL_RANK: 0 - CUDA_VISIBLE_DEVICES: [0]
[I 2023-11-30 06:44:57,676] Trial 39 finished with value: 4.592426776885986 and parameters: {'gradient_clip_val': 0.1260987779876505, 'hidden_size': 117, 'dropout': 0.31202727831280963, 'hidden_continuous_size': 28, 'attention_head_size': 2, 'learning_rate': 0.020819549087245794}. Best is trial 38 with value: 3.8432722091674805.
LOCAL_RANK: 0 - CUDA_VISIBLE_DEVICES: [0]
[I 2023-11-30 06:45:10,410] Trial 40 finished with value: 4.763844966888428 and parameters: {'gradient_clip_val': 0.12407828554076318, 'hidden_size': 41, 'dropout': 0.29832176782785796, 'hidden_continuous_size': 22, 'attention_head_size': 2, 'learning_rate': 0.016769409045109103}. Best is trial 38 with value: 3.8432722091674805.
LOCAL_RANK: 0 - CUDA_VISIBLE_DEVICES: [0]
[I 2023-11-30 06:45:24,266] Trial 41 finished with value: 4.24104642868042 and parameters: {'gradient_clip_val': 0.15734499204183786, 'hidden_size': 120, 'dropout': 0.325491310966454, 'hidden_continuous_size': 40, 'attention_head_size': 3, 'learning_rate': 0.014827600644567415}. Best is trial 38 with value: 3.8432722091674805.
LOCAL_RANK: 0 - CUDA_VISIBLE_DEVICES: [0]
[I 2023-11-30 06:45:37,727] Trial 42 finished with value: 4.858808994293213 and parameters: {'gradient_clip_val': 0.16885050299238852, 'hidden_size': 93, 'dropout': 0.34327130221103336, 'hidden_continuous_size': 19, 'attention_head_size': 2, 'learning_rate': 0.03962309521072028}. Best is trial 38 with value: 3.8432722091674805.
LOCAL_RANK: 0 - CUDA_VISIBLE_DEVICES: [0]
[I 2023-11-30 06:45:51,337] Trial 43 finished with value: 4.758220195770264 and parameters: {'gradient_clip_val': 0.18836849023602023, 'hidden_size': 108, 'dropout': 0.3711167141015676, 'hidden_continuous_size': 34, 'attention_head_size': 1, 'learning_rate': 0.03082041580955139}. Best is trial 38 with value: 3.8432722091674805.
LOCAL_RANK: 0 - CUDA_VISIBLE_DEVICES: [0]
[I 2023-11-30 06:46:05,053] Trial 44 finished with value: 4.610616207122803 and parameters: {'gradient_clip_val': 0.10744618113713938, 'hidden_size': 128, 'dropout': 0.3309908656397532, 'hidden_continuous_size': 28, 'attention_head_size': 2, 'learning_rate': 0.02609414345864389}. Best is trial 38 with value: 3.8432722091674805.
LOCAL_RANK: 0 - CUDA_VISIBLE_DEVICES: [0]
[I 2023-11-30 06:46:18,695] Trial 45 finished with value: 4.454503536224365 and parameters: {'gradient_clip_val': 0.10933161023437017, 'hidden_size': 81, 'dropout': 0.30248045614545155, 'hidden_continuous_size': 23, 'attention_head_size': 3, 'learning_rate': 0.04063988997593116}. Best is trial 38 with value: 3.8432722091674805.
LOCAL_RANK: 0 - CUDA_VISIBLE_DEVICES: [0]
[I 2023-11-30 06:46:32,088] Trial 46 finished with value: 4.533593654632568 and parameters: {'gradient_clip_val': 0.22960903999163834, 'hidden_size': 97, 'dropout': 0.31883625797833187, 'hidden_continuous_size': 20, 'attention_head_size': 1, 'learning_rate': 0.059777060768646396}. Best is trial 38 with value: 3.8432722091674805.
LOCAL_RANK: 0 - CUDA_VISIBLE_DEVICES: [0]
