[I 2023-11-30 01:03:20,827] Trial 126 finished with value: 0.17076128721237183 and parameters: {'gradient_clip_val': 0.6032467576541278, 'hidden_size': 80, 'dropout': 0.12476427407483498, 'hidden_continuous_size': 78, 'attention_head_size': 1, 'learning_rate': 0.010062289578066062}. Best is trial 95 with value: 0.08015605807304382.
LOCAL_RANK: 0 - CUDA_VISIBLE_DEVICES: [0]
[I 2023-11-30 01:03:34,949] Trial 127 finished with value: 0.14981763064861298 and parameters: {'gradient_clip_val': 0.6862455907537995, 'hidden_size': 105, 'dropout': 0.12964166513809694, 'hidden_continuous_size': 100, 'attention_head_size': 1, 'learning_rate': 0.008833100975837001}. Best is trial 95 with value: 0.08015605807304382.
LOCAL_RANK: 0 - CUDA_VISIBLE_DEVICES: [0]
[I 2023-11-30 01:03:48,466] Trial 128 finished with value: 0.23446635901927948 and parameters: {'gradient_clip_val': 0.5438291893234652, 'hidden_size': 59, 'dropout': 0.11990103690158342, 'hidden_continuous_size': 58, 'attention_head_size': 1, 'learning_rate': 0.008197125487074644}. Best is trial 95 with value: 0.08015605807304382.
LOCAL_RANK: 0 - CUDA_VISIBLE_DEVICES: [0]
[I 2023-11-30 01:04:02,525] Trial 129 finished with value: 0.17403753101825714 and parameters: {'gradient_clip_val': 0.6396583938472641, 'hidden_size': 95, 'dropout': 0.13973611112124795, 'hidden_continuous_size': 91, 'attention_head_size': 1, 'learning_rate': 0.006480583994816221}. Best is trial 95 with value: 0.08015605807304382.
LOCAL_RANK: 0 - CUDA_VISIBLE_DEVICES: [0]
[I 2023-11-30 01:04:16,367] Trial 130 finished with value: 0.14463825523853302 and parameters: {'gradient_clip_val': 0.5111496867612788, 'hidden_size': 84, 'dropout': 0.1090374356425511, 'hidden_continuous_size': 82, 'attention_head_size': 1, 'learning_rate': 0.009795412720633475}. Best is trial 95 with value: 0.08015605807304382.
LOCAL_RANK: 0 - CUDA_VISIBLE_DEVICES: [0]
[I 2023-11-30 01:04:31,242] Trial 131 finished with value: 0.19460026919841766 and parameters: {'gradient_clip_val': 0.5759622956880943, 'hidden_size': 150, 'dropout': 0.163762902233258, 'hidden_continuous_size': 144, 'attention_head_size': 1, 'learning_rate': 0.012139577583716879}. Best is trial 95 with value: 0.08015605807304382.
LOCAL_RANK: 0 - CUDA_VISIBLE_DEVICES: [0]
[I 2023-11-30 01:04:45,868] Trial 132 finished with value: 0.1619357317686081 and parameters: {'gradient_clip_val': 0.9217758565416473, 'hidden_size': 138, 'dropout': 0.14846082312830367, 'hidden_continuous_size': 133, 'attention_head_size': 1, 'learning_rate': 0.0195915760739918}. Best is trial 95 with value: 0.08015605807304382.
LOCAL_RANK: 0 - CUDA_VISIBLE_DEVICES: [0]
[I 2023-11-30 01:05:00,131] Trial 133 finished with value: 0.14635202288627625 and parameters: {'gradient_clip_val': 0.6768242012082027, 'hidden_size': 124, 'dropout': 0.15771976353872563, 'hidden_continuous_size': 116, 'attention_head_size': 1, 'learning_rate': 0.008189646528353509}. Best is trial 95 with value: 0.08015605807304382.
LOCAL_RANK: 0 - CUDA_VISIBLE_DEVICES: [0]
[I 2023-11-30 01:05:14,446] Trial 134 finished with value: 0.192602276802063 and parameters: {'gradient_clip_val': 0.847268665288986, 'hidden_size': 118, 'dropout': 0.16733290833205813, 'hidden_continuous_size': 111, 'attention_head_size': 1, 'learning_rate': 0.010786390902314024}. Best is trial 95 with value: 0.08015605807304382.
LOCAL_RANK: 0 - CUDA_VISIBLE_DEVICES: [0]
[I 2023-11-30 01:05:28,492] Trial 135 finished with value: 0.2665092647075653 and parameters: {'gradient_clip_val': 0.7329095473442334, 'hidden_size': 101, 'dropout': 0.1857466695414956, 'hidden_continuous_size': 96, 'attention_head_size': 1, 'learning_rate': 0.026648855435776705}. Best is trial 95 with value: 0.08015605807304382.
LOCAL_RANK: 0 - CUDA_VISIBLE_DEVICES: [0]
[I 2023-11-30 01:05:42,869] Trial 136 finished with value: 0.13650240004062653 and parameters: {'gradient_clip_val': 0.8116188303382258, 'hidden_size': 109, 'dropout': 0.1762689017365111, 'hidden_continuous_size': 102, 'attention_head_size': 1, 'learning_rate': 0.03195095139855679}. Best is trial 95 with value: 0.08015605807304382.
LOCAL_RANK: 0 - CUDA_VISIBLE_DEVICES: [0]
[I 2023-11-30 01:05:57,275] Trial 137 finished with value: 0.16994917392730713 and parameters: {'gradient_clip_val': 0.47851104032027714, 'hidden_size': 129, 'dropout': 0.1409528401749168, 'hidden_continuous_size': 122, 'attention_head_size': 1, 'learning_rate': 0.017837095446728714}. Best is trial 95 with value: 0.08015605807304382.
LOCAL_RANK: 0 - CUDA_VISIBLE_DEVICES: [0]
[I 2023-11-30 01:06:11,901] Trial 138 finished with value: 0.11531909555196762 and parameters: {'gradient_clip_val': 0.9593641684950068, 'hidden_size': 137, 'dropout': 0.13283701011452206, 'hidden_continuous_size': 128, 'attention_head_size': 1, 'learning_rate': 0.01354349094740257}. Best is trial 95 with value: 0.08015605807304382.
LOCAL_RANK: 0 - CUDA_VISIBLE_DEVICES: [0]
[I 2023-11-30 01:06:26,442] Trial 139 finished with value: 0.23525656759738922 and parameters: {'gradient_clip_val': 0.7090489683661404, 'hidden_size': 144, 'dropout': 0.12412738535898848, 'hidden_continuous_size': 138, 'attention_head_size': 1, 'learning_rate': 0.02366565561542129}. Best is trial 95 with value: 0.08015605807304382.
LOCAL_RANK: 0 - CUDA_VISIBLE_DEVICES: [0]
[I 2023-11-30 01:06:40,555] Trial 140 finished with value: 0.18768782913684845 and parameters: {'gradient_clip_val': 0.8983222643972966, 'hidden_size': 89, 'dropout': 0.19034252252721848, 'hidden_continuous_size': 86, 'attention_head_size': 1, 'learning_rate': 0.016211335602442693}. Best is trial 95 with value: 0.08015605807304382.
LOCAL_RANK: 0 - CUDA_VISIBLE_DEVICES: [0]
[I 2023-11-30 01:06:55,423] Trial 141 finished with value: 0.2847241461277008 and parameters: {'gradient_clip_val': 0.9865513693048884, 'hidden_size': 142, 'dropout': 0.1977966025340248, 'hidden_continuous_size': 136, 'attention_head_size': 1, 'learning_rate': 0.012420368402218699}. Best is trial 95 with value: 0.08015605807304382.
LOCAL_RANK: 0 - CUDA_VISIBLE_DEVICES: [0]
[I 2023-11-30 01:07:09,887] Trial 142 finished with value: 0.27779215574264526 and parameters: {'gradient_clip_val': 0.9467065945744134, 'hidden_size': 135, 'dropout': 0.1823726285715384, 'hidden_continuous_size': 127, 'attention_head_size': 1, 'learning_rate': 0.011378264297140072}. Best is trial 95 with value: 0.08015605807304382.
LOCAL_RANK: 0 - CUDA_VISIBLE_DEVICES: [0]
[I 2023-11-30 01:07:24,375] Trial 143 finished with value: 0.18102125823497772 and parameters: {'gradient_clip_val': 0.8751413931135483, 'hidden_size': 115, 'dropout': 0.17181481463003923, 'hidden_continuous_size': 106, 'attention_head_size': 1, 'learning_rate': 0.014927265020680773}. Best is trial 95 with value: 0.08015605807304382.
LOCAL_RANK: 0 - CUDA_VISIBLE_DEVICES: [0]
[I 2023-11-30 01:07:38,713] Trial 144 finished with value: 0.11521303653717041 and parameters: {'gradient_clip_val': 0.9955218816393897, 'hidden_size': 126, 'dropout': 0.1925374430831933, 'hidden_continuous_size': 118, 'attention_head_size': 1, 'learning_rate': 0.009415640597143763}. Best is trial 95 with value: 0.08015605807304382.
LOCAL_RANK: 0 - CUDA_VISIBLE_DEVICES: [0]
[I 2023-11-30 01:07:53,211] Trial 145 finished with value: 0.22560261189937592 and parameters: {'gradient_clip_val': 0.9291716206994936, 'hidden_size': 133, 'dropout': 0.2071136198167938, 'hidden_continuous_size': 126, 'attention_head_size': 1, 'learning_rate': 0.01901351560304123}. Best is trial 95 with value: 0.08015605807304382.
LOCAL_RANK: 0 - CUDA_VISIBLE_DEVICES: [0]
[I 2023-11-30 01:08:08,272] Trial 146 finished with value: 0.13261960446834564 and parameters: {'gradient_clip_val': 0.44899451229197257, 'hidden_size': 150, 'dropout': 0.1547511026404183, 'hidden_continuous_size': 149, 'attention_head_size': 1, 'learning_rate': 0.013110289294526485}. Best is trial 95 with value: 0.08015605807304382.
LOCAL_RANK: 0 - CUDA_VISIBLE_DEVICES: [0]
[I 2023-11-30 01:08:22,430] Trial 147 finished with value: 0.13659785687923431 and parameters: {'gradient_clip_val': 0.8301799616945732, 'hidden_size': 120, 'dropout': 0.1019544832859946, 'hidden_continuous_size': 113, 'attention_head_size': 1, 'learning_rate': 0.021418681431630997}. Best is trial 95 with value: 0.08015605807304382.
LOCAL_RANK: 0 - CUDA_VISIBLE_DEVICES: [0]
[I 2023-11-30 01:08:37,307] Trial 148 finished with value: 0.15600304305553436 and parameters: {'gradient_clip_val': 0.8600698591848085, 'hidden_size': 139, 'dropout': 0.17888228805773676, 'hidden_continuous_size': 134, 'attention_head_size': 3, 'learning_rate': 0.02477347995515485}. Best is trial 95 with value: 0.08015605807304382.
LOCAL_RANK: 0 - CUDA_VISIBLE_DEVICES: [0]
[I 2023-11-30 01:08:51,375] Trial 149 finished with value: 0.12519675493240356 and parameters: {'gradient_clip_val': 0.7533438734427462, 'hidden_size': 104, 'dropout': 0.20089392068173262, 'hidden_continuous_size': 100, 'attention_head_size': 1, 'learning_rate': 0.0281753480913258}. Best is trial 95 with value: 0.08015605807304382.
[I 2023-11-30 01:08:51,485] A new study created in memory with name: no-name-b8a9e16c-8033-4ac9-8200-486977caace1
/home/le004/conda/anaconda3/envs/tsff_env/lib/python3.9/site-packages/lightning/fabric/plugins/environments/slurm.py:191: The `srun` command is available on your system but is not used. HINT: If your intention is to run Lightning on SLURM, prepend your python command with `srun` like so: srun python /home/le004/master_thesis/git/TSFusionForecast/code/ ...
LOCAL_RANK: 0 - CUDA_VISIBLE_DEVICES: [0]
[I 2023-11-30 01:09:03,870] Trial 0 finished with value: 21.70087242126465 and parameters: {'gradient_clip_val': 0.1048966964951766, 'hidden_size': 21, 'dropout': 0.19350868689775497, 'hidden_continuous_size': 11, 'attention_head_size': 2, 'learning_rate': 0.0013887091332897346}. Best is trial 0 with value: 21.70087242126465.
LOCAL_RANK: 0 - CUDA_VISIBLE_DEVICES: [0]
[I 2023-11-30 01:09:15,801] Trial 1 finished with value: 5.148533821105957 and parameters: {'gradient_clip_val': 0.6715397186268165, 'hidden_size': 13, 'dropout': 0.13088075256684584, 'hidden_continuous_size': 10, 'attention_head_size': 1, 'learning_rate': 0.050930361066458485}. Best is trial 1 with value: 5.148533821105957.
LOCAL_RANK: 0 - CUDA_VISIBLE_DEVICES: [0]
[I 2023-11-30 01:09:28,289] Trial 2 finished with value: 5.268935680389404 and parameters: {'gradient_clip_val': 0.8871902214121004, 'hidden_size': 26, 'dropout': 0.3844924592128901, 'hidden_continuous_size': 23, 'attention_head_size': 2, 'learning_rate': 0.010126506174006483}. Best is trial 1 with value: 5.148533821105957.
LOCAL_RANK: 0 - CUDA_VISIBLE_DEVICES: [0]
[I 2023-11-30 01:09:40,076] Trial 3 finished with value: 8.582518577575684 and parameters: {'gradient_clip_val': 0.34932958373338974, 'hidden_size': 20, 'dropout': 0.19560828083529064, 'hidden_continuous_size': 18, 'attention_head_size': 1, 'learning_rate': 0.004979390176446123}. Best is trial 1 with value: 5.148533821105957.
LOCAL_RANK: 0 - CUDA_VISIBLE_DEVICES: [0]
[I 2023-11-30 01:09:54,508] Trial 4 finished with value: 6.487369537353516 and parameters: {'gradient_clip_val': 0.6804971757468666, 'hidden_size': 106, 'dropout': 0.29610378653768166, 'hidden_continuous_size': 97, 'attention_head_size': 4, 'learning_rate': 0.0014402689735828016}. Best is trial 1 with value: 5.148533821105957.
LOCAL_RANK: 0 - CUDA_VISIBLE_DEVICES: [0]
[I 2023-11-30 01:10:04,830] Trial 5 finished with value: 5.287674427032471 and parameters: {'gradient_clip_val': 0.2305770820338033, 'hidden_size': 10, 'dropout': 0.2908986327136128, 'hidden_continuous_size': 10, 'attention_head_size': 3, 'learning_rate': 0.07333864579180784}. Best is trial 1 with value: 5.148533821105957.
LOCAL_RANK: 0 - CUDA_VISIBLE_DEVICES: [0]
[I 2023-11-30 01:10:17,312] Trial 6 finished with value: 25.46209716796875 and parameters: {'gradient_clip_val': 0.5466878640235211, 'hidden_size': 28, 'dropout': 0.1238432271402973, 'hidden_continuous_size': 27, 'attention_head_size': 4, 'learning_rate': 0.001078228097292236}. Best is trial 1 with value: 5.148533821105957.
LOCAL_RANK: 0 - CUDA_VISIBLE_DEVICES: [0]
[I 2023-11-30 01:10:29,997] Trial 7 finished with value: 4.786858081817627 and parameters: {'gradient_clip_val': 0.14053966216082026, 'hidden_size': 35, 'dropout': 0.2697801805130206, 'hidden_continuous_size': 27, 'attention_head_size': 3, 'learning_rate': 0.04092601578086888}. Best is trial 7 with value: 4.786858081817627.
LOCAL_RANK: 0 - CUDA_VISIBLE_DEVICES: [0]
[I 2023-11-30 01:10:43,989] Trial 8 finished with value: 5.0378828048706055 and parameters: {'gradient_clip_val': 0.74540085512745, 'hidden_size': 114, 'dropout': 0.1898124132506228, 'hidden_continuous_size': 43, 'attention_head_size': 3, 'learning_rate': 0.004421780059680016}. Best is trial 7 with value: 4.786858081817627.
LOCAL_RANK: 0 - CUDA_VISIBLE_DEVICES: [0]
[I 2023-11-30 01:10:56,977] Trial 9 finished with value: 5.285991668701172 and parameters: {'gradient_clip_val': 0.40854989246600065, 'hidden_size': 55, 'dropout': 0.10285494691205245, 'hidden_continuous_size': 19, 'attention_head_size': 3, 'learning_rate': 0.00615841860728901}. Best is trial 7 with value: 4.786858081817627.
LOCAL_RANK: 0 - CUDA_VISIBLE_DEVICES: [0]
[I 2023-11-30 01:11:09,903] Trial 10 finished with value: 5.0632853507995605 and parameters: {'gradient_clip_val': 0.16484217622500474, 'hidden_size': 42, 'dropout': 0.35925759592492945, 'hidden_continuous_size': 15, 'attention_head_size': 4, 'learning_rate': 0.03424590339938209}. Best is trial 7 with value: 4.786858081817627.
LOCAL_RANK: 0 - CUDA_VISIBLE_DEVICES: [0]
[I 2023-11-30 01:11:24,119] Trial 11 finished with value: 5.234131813049316 and parameters: {'gradient_clip_val': 0.2435653064723144, 'hidden_size': 138, 'dropout': 0.23365874341079465, 'hidden_continuous_size': 43, 'attention_head_size': 3, 'learning_rate': 0.01980853462222164}. Best is trial 7 with value: 4.786858081817627.
LOCAL_RANK: 0 - CUDA_VISIBLE_DEVICES: [0]
[I 2023-11-30 01:11:37,647] Trial 12 finished with value: 5.7211480140686035 and parameters: {'gradient_clip_val': 0.4633614670243496, 'hidden_size': 68, 'dropout': 0.25179249689430416, 'hidden_continuous_size': 36, 'attention_head_size': 3, 'learning_rate': 0.024362508192467772}. Best is trial 7 with value: 4.786858081817627.
LOCAL_RANK: 0 - CUDA_VISIBLE_DEVICES: [0]
[I 2023-11-30 01:11:51,203] Trial 13 finished with value: 6.415987014770508 and parameters: {'gradient_clip_val': 0.9541216414221575, 'hidden_size': 77, 'dropout': 0.17934058798624916, 'hidden_continuous_size': 37, 'attention_head_size': 2, 'learning_rate': 0.08175893904902906}. Best is trial 7 with value: 4.786858081817627.
LOCAL_RANK: 0 - CUDA_VISIBLE_DEVICES: [0]
[I 2023-11-30 01:12:04,050] Trial 14 finished with value: 6.624101161956787 and parameters: {'gradient_clip_val': 0.30324369474659035, 'hidden_size': 43, 'dropout': 0.2503868504810726, 'hidden_continuous_size': 26, 'attention_head_size': 3, 'learning_rate': 0.01228064074714304}. Best is trial 7 with value: 4.786858081817627.
LOCAL_RANK: 0 - CUDA_VISIBLE_DEVICES: [0]
[I 2023-11-30 01:12:18,121] Trial 15 finished with value: 5.943790435791016 and parameters: {'gradient_clip_val': 0.14833457832248034, 'hidden_size': 91, 'dropout': 0.15995269048435035, 'hidden_continuous_size': 51, 'attention_head_size': 2, 'learning_rate': 0.0035559278405604424}. Best is trial 7 with value: 4.786858081817627.
LOCAL_RANK: 0 - CUDA_VISIBLE_DEVICES: [0]
[I 2023-11-30 01:12:31,547] Trial 16 finished with value: 5.19017219543457 and parameters: {'gradient_clip_val': 0.51846583117829, 'hidden_size': 57, 'dropout': 0.217305923394976, 'hidden_continuous_size': 31, 'attention_head_size': 4, 'learning_rate': 0.01588046811349625}. Best is trial 7 with value: 4.786858081817627.
LOCAL_RANK: 0 - CUDA_VISIBLE_DEVICES: [0]
[I 2023-11-30 01:12:45,825] Trial 17 finished with value: 5.110875606536865 and parameters: {'gradient_clip_val': 0.3313627154998655, 'hidden_size': 142, 'dropout': 0.15473993271557918, 'hidden_continuous_size': 53, 'attention_head_size': 3, 'learning_rate': 0.03232011873709407}. Best is trial 7 with value: 4.786858081817627.
LOCAL_RANK: 0 - CUDA_VISIBLE_DEVICES: [0]
[I 2023-11-30 01:12:58,431] Trial 18 finished with value: 6.176114559173584 and parameters: {'gradient_clip_val': 0.10006032256416227, 'hidden_size': 34, 'dropout': 0.2774745524661165, 'hidden_continuous_size': 21, 'attention_head_size': 2, 'learning_rate': 0.007798667702747518}. Best is trial 7 with value: 4.786858081817627.
LOCAL_RANK: 0 - CUDA_VISIBLE_DEVICES: [0]
[I 2023-11-30 01:13:12,640] Trial 19 finished with value: 5.3450798988342285 and parameters: {'gradient_clip_val': 0.23681915138605325, 'hidden_size': 103, 'dropout': 0.3336566173462378, 'hidden_continuous_size': 62, 'attention_head_size': 4, 'learning_rate': 0.003295663062749179}. Best is trial 7 with value: 4.786858081817627.
LOCAL_RANK: 0 - CUDA_VISIBLE_DEVICES: [0]
[I 2023-11-30 01:13:25,949] Trial 20 finished with value: 5.0773515701293945 and parameters: {'gradient_clip_val': 0.6622310201328768, 'hidden_size': 50, 'dropout': 0.21895234315938117, 'hidden_continuous_size': 28, 'attention_head_size': 3, 'learning_rate': 0.013551508482299485}. Best is trial 7 with value: 4.786858081817627.
LOCAL_RANK: 0 - CUDA_VISIBLE_DEVICES: [0]
[I 2023-11-30 01:13:38,594] Trial 21 finished with value: 5.033003330230713 and parameters: {'gradient_clip_val': 0.16370920751793547, 'hidden_size': 33, 'dropout': 0.3378297938076372, 'hidden_continuous_size': 16, 'attention_head_size': 4, 'learning_rate': 0.03633027388630728}. Best is trial 7 with value: 4.786858081817627.
LOCAL_RANK: 0 - CUDA_VISIBLE_DEVICES: [0]
[I 2023-11-30 01:13:51,193] Trial 22 finished with value: 5.487880229949951 and parameters: {'gradient_clip_val': 0.16454865365558097, 'hidden_size': 36, 'dropout': 0.31531682730334704, 'hidden_continuous_size': 16, 'attention_head_size': 4, 'learning_rate': 0.09988490546915124}. Best is trial 7 with value: 4.786858081817627.
LOCAL_RANK: 0 - CUDA_VISIBLE_DEVICES: [0]
[I 2023-11-30 01:14:04,453] Trial 23 finished with value: 5.527421474456787 and parameters: {'gradient_clip_val': 0.1873912040697689, 'hidden_size': 64, 'dropout': 0.3355852942230192, 'hidden_continuous_size': 22, 'attention_head_size': 3, 'learning_rate': 0.05161553937380662}. Best is trial 7 with value: 4.786858081817627.
LOCAL_RANK: 0 - CUDA_VISIBLE_DEVICES: [0]
[I 2023-11-30 01:14:17,331] Trial 24 finished with value: 6.049282073974609 and parameters: {'gradient_clip_val': 0.13136897338218245, 'hidden_size': 46, 'dropout': 0.3981016996338672, 'hidden_continuous_size': 15, 'attention_head_size': 4, 'learning_rate': 0.020940230215217376}. Best is trial 7 with value: 4.786858081817627.
LOCAL_RANK: 0 - CUDA_VISIBLE_DEVICES: [0]
[I 2023-11-30 01:14:29,944] Trial 25 finished with value: 4.6779398918151855 and parameters: {'gradient_clip_val': 0.12714584866283976, 'hidden_size': 31, 'dropout': 0.2646684515970893, 'hidden_continuous_size': 13, 'attention_head_size': 3, 'learning_rate': 0.03484001944550037}. Best is trial 25 with value: 4.6779398918151855.
LOCAL_RANK: 0 - CUDA_VISIBLE_DEVICES: [0]
[I 2023-11-30 01:14:42,440] Trial 26 finished with value: 4.791944980621338 and parameters: {'gradient_clip_val': 0.12368116686521867, 'hidden_size': 33, 'dropout': 0.2692964093153027, 'hidden_continuous_size': 13, 'attention_head_size': 4, 'learning_rate': 0.03688490110726251}. Best is trial 25 with value: 4.6779398918151855.
LOCAL_RANK: 0 - CUDA_VISIBLE_DEVICES: [0]
[I 2023-11-30 01:14:55,181] Trial 27 finished with value: 5.482093811035156 and parameters: {'gradient_clip_val': 0.12044928594827145, 'hidden_size': 39, 'dropout': 0.26534968936334025, 'hidden_continuous_size': 13, 'attention_head_size': 3, 'learning_rate': 0.05345143274033405}. Best is trial 25 with value: 4.6779398918151855.
LOCAL_RANK: 0 - CUDA_VISIBLE_DEVICES: [0]
[I 2023-11-30 01:15:07,576] Trial 28 finished with value: 5.207574367523193 and parameters: {'gradient_clip_val': 0.12442537139433402, 'hidden_size': 29, 'dropout': 0.2626668029596572, 'hidden_continuous_size': 13, 'attention_head_size': 2, 'learning_rate': 0.02741381520279459}. Best is trial 25 with value: 4.6779398918151855.
LOCAL_RANK: 0 - CUDA_VISIBLE_DEVICES: [0]
[I 2023-11-30 01:15:19,697] Trial 29 finished with value: 5.4888434410095215 and parameters: {'gradient_clip_val': 0.10831224041050957, 'hidden_size': 22, 'dropout': 0.23310653516692637, 'hidden_continuous_size': 12, 'attention_head_size': 1, 'learning_rate': 0.02022473685711113}. Best is trial 25 with value: 4.6779398918151855.
LOCAL_RANK: 0 - CUDA_VISIBLE_DEVICES: [0]
[I 2023-11-30 01:15:31,986] Trial 30 finished with value: 4.849637031555176 and parameters: {'gradient_clip_val': 0.11175912405247732, 'hidden_size': 22, 'dropout': 0.28210478542251943, 'hidden_continuous_size': 11, 'attention_head_size': 4, 'learning_rate': 0.04146831121071562}. Best is trial 25 with value: 4.6779398918151855.
LOCAL_RANK: 0 - CUDA_VISIBLE_DEVICES: [0]
[I 2023-11-30 01:15:44,128] Trial 31 finished with value: 5.307498455047607 and parameters: {'gradient_clip_val': 0.10679833807662317, 'hidden_size': 22, 'dropout': 0.2858556183310325, 'hidden_continuous_size': 11, 'attention_head_size': 4, 'learning_rate': 0.03844344420648214}. Best is trial 25 with value: 4.6779398918151855.
LOCAL_RANK: 0 - CUDA_VISIBLE_DEVICES: [0]
[I 2023-11-30 01:15:56,442] Trial 32 finished with value: 6.113826274871826 and parameters: {'gradient_clip_val': 0.1423763986109129, 'hidden_size': 18, 'dropout': 0.2715660560008317, 'hidden_continuous_size': 12, 'attention_head_size': 4, 'learning_rate': 0.04381865867444075}. Best is trial 25 with value: 4.6779398918151855.
LOCAL_RANK: 0 - CUDA_VISIBLE_DEVICES: [0]
