[I 2023-11-30 01:16:08,792] Trial 33 finished with value: 5.052865028381348 and parameters: {'gradient_clip_val': 0.11806860282319144, 'hidden_size': 25, 'dropout': 0.30259796109068005, 'hidden_continuous_size': 14, 'attention_head_size': 4, 'learning_rate': 0.06490380429042092}. Best is trial 25 with value: 4.6779398918151855.
LOCAL_RANK: 0 - CUDA_VISIBLE_DEVICES: [0]
[I 2023-11-30 01:16:21,000] Trial 34 finished with value: 5.664726734161377 and parameters: {'gradient_clip_val': 0.1363454531716956, 'hidden_size': 17, 'dropout': 0.2748123689286759, 'hidden_continuous_size': 10, 'attention_head_size': 3, 'learning_rate': 0.06256092670687255}. Best is trial 25 with value: 4.6779398918151855.
LOCAL_RANK: 0 - CUDA_VISIBLE_DEVICES: [0]
[I 2023-11-30 01:16:33,525] Trial 35 finished with value: 5.50512170791626 and parameters: {'gradient_clip_val': 0.10358651244390439, 'hidden_size': 31, 'dropout': 0.3098337505819616, 'hidden_continuous_size': 11, 'attention_head_size': 4, 'learning_rate': 0.046217227834581875}. Best is trial 25 with value: 4.6779398918151855.
LOCAL_RANK: 0 - CUDA_VISIBLE_DEVICES: [0]
[I 2023-11-30 01:16:45,614] Trial 36 finished with value: 5.03341817855835 and parameters: {'gradient_clip_val': 0.12018340088918646, 'hidden_size': 25, 'dropout': 0.29209259600304993, 'hidden_continuous_size': 12, 'attention_head_size': 1, 'learning_rate': 0.026206729654732103}. Best is trial 25 with value: 4.6779398918151855.
LOCAL_RANK: 0 - CUDA_VISIBLE_DEVICES: [0]
[I 2023-11-30 01:16:58,273] Trial 37 finished with value: 5.680084705352783 and parameters: {'gradient_clip_val': 0.18960825898263559, 'hidden_size': 35, 'dropout': 0.24809358779923146, 'hidden_continuous_size': 18, 'attention_head_size': 3, 'learning_rate': 0.02959667459976181}. Best is trial 25 with value: 4.6779398918151855.
LOCAL_RANK: 0 - CUDA_VISIBLE_DEVICES: [0]
[I 2023-11-30 01:17:10,768] Trial 38 finished with value: 4.9463043212890625 and parameters: {'gradient_clip_val': 0.14328932457029073, 'hidden_size': 30, 'dropout': 0.28419371683312816, 'hidden_continuous_size': 10, 'attention_head_size': 4, 'learning_rate': 0.041466284222537717}. Best is trial 25 with value: 4.6779398918151855.
LOCAL_RANK: 0 - CUDA_VISIBLE_DEVICES: [0]
[I 2023-11-30 01:17:23,346] Trial 39 finished with value: 5.080938339233398 and parameters: {'gradient_clip_val': 0.1143805270454755, 'hidden_size': 40, 'dropout': 0.29979589862376277, 'hidden_continuous_size': 17, 'attention_head_size': 3, 'learning_rate': 0.058299557964953556}. Best is trial 25 with value: 4.6779398918151855.
LOCAL_RANK: 0 - CUDA_VISIBLE_DEVICES: [0]
[I 2023-11-30 01:17:35,469] Trial 40 finished with value: 5.425957202911377 and parameters: {'gradient_clip_val': 0.12712809811612566, 'hidden_size': 17, 'dropout': 0.2650545622513258, 'hidden_continuous_size': 11, 'attention_head_size': 2, 'learning_rate': 0.07795038192490089}. Best is trial 25 with value: 4.6779398918151855.
LOCAL_RANK: 0 - CUDA_VISIBLE_DEVICES: [0]
[I 2023-11-30 01:17:47,612] Trial 41 finished with value: 6.40670919418335 and parameters: {'gradient_clip_val': 0.14374889814066577, 'hidden_size': 28, 'dropout': 0.2887645413935849, 'hidden_continuous_size': 10, 'attention_head_size': 4, 'learning_rate': 0.04192360587554072}. Best is trial 25 with value: 4.6779398918151855.
LOCAL_RANK: 0 - CUDA_VISIBLE_DEVICES: [0]
[I 2023-11-30 01:17:59,906] Trial 42 finished with value: 4.855634689331055 and parameters: {'gradient_clip_val': 0.11181893846685545, 'hidden_size': 31, 'dropout': 0.28289080982732495, 'hidden_continuous_size': 10, 'attention_head_size': 4, 'learning_rate': 0.03625209989053946}. Best is trial 25 with value: 4.6779398918151855.
LOCAL_RANK: 0 - CUDA_VISIBLE_DEVICES: [0]
[I 2023-11-30 01:18:12,134] Trial 43 finished with value: 5.916379451751709 and parameters: {'gradient_clip_val': 0.10766664763899395, 'hidden_size': 25, 'dropout': 0.3172714284023905, 'hidden_continuous_size': 14, 'attention_head_size': 4, 'learning_rate': 0.03361497259378251}. Best is trial 25 with value: 4.6779398918151855.
LOCAL_RANK: 0 - CUDA_VISIBLE_DEVICES: [0]
[I 2023-11-30 01:18:24,731] Trial 44 finished with value: 5.122818470001221 and parameters: {'gradient_clip_val': 0.10091249634702254, 'hidden_size': 37, 'dropout': 0.257804361189219, 'hidden_continuous_size': 11, 'attention_head_size': 4, 'learning_rate': 0.053383987689012695}. Best is trial 25 with value: 4.6779398918151855.
LOCAL_RANK: 0 - CUDA_VISIBLE_DEVICES: [0]
[I 2023-11-30 01:18:37,050] Trial 45 finished with value: 5.435286045074463 and parameters: {'gradient_clip_val': 0.11631868867240722, 'hidden_size': 32, 'dropout': 0.27877906867237556, 'hidden_continuous_size': 10, 'attention_head_size': 3, 'learning_rate': 0.023467022897788615}. Best is trial 25 with value: 4.6779398918151855.
LOCAL_RANK: 0 - CUDA_VISIBLE_DEVICES: [0]
[I 2023-11-30 01:18:49,936] Trial 46 finished with value: 5.021442413330078 and parameters: {'gradient_clip_val': 0.1308956101703159, 'hidden_size': 45, 'dropout': 0.23836153584210404, 'hidden_continuous_size': 13, 'attention_head_size': 4, 'learning_rate': 0.02794566138395545}. Best is trial 25 with value: 4.6779398918151855.
LOCAL_RANK: 0 - CUDA_VISIBLE_DEVICES: [0]
[I 2023-11-30 01:19:02,253] Trial 47 finished with value: 6.963738918304443 and parameters: {'gradient_clip_val': 0.15286913087455167, 'hidden_size': 27, 'dropout': 0.25227499709254825, 'hidden_continuous_size': 12, 'attention_head_size': 3, 'learning_rate': 0.03428515848921893}. Best is trial 25 with value: 4.6779398918151855.
LOCAL_RANK: 0 - CUDA_VISIBLE_DEVICES: [0]
[I 2023-11-30 01:19:14,514] Trial 48 finished with value: 5.508033752441406 and parameters: {'gradient_clip_val': 0.1887191322404872, 'hidden_size': 23, 'dropout': 0.2706850604296285, 'hidden_continuous_size': 14, 'attention_head_size': 4, 'learning_rate': 0.017078248613441014}. Best is trial 25 with value: 4.6779398918151855.
LOCAL_RANK: 0 - CUDA_VISIBLE_DEVICES: [0]
[I 2023-11-30 01:19:27,292] Trial 49 finished with value: 5.2049078941345215 and parameters: {'gradient_clip_val': 0.13086449920546112, 'hidden_size': 38, 'dropout': 0.29443291201334437, 'hidden_continuous_size': 19, 'attention_head_size': 4, 'learning_rate': 0.04406733149318993}. Best is trial 25 with value: 4.6779398918151855.
LOCAL_RANK: 0 - CUDA_VISIBLE_DEVICES: [0]
[I 2023-11-30 01:19:39,440] Trial 50 finished with value: 5.446943283081055 and parameters: {'gradient_clip_val': 0.114095369641796, 'hidden_size': 20, 'dropout': 0.24041253284225428, 'hidden_continuous_size': 13, 'attention_head_size': 3, 'learning_rate': 0.06627032686491482}. Best is trial 25 with value: 4.6779398918151855.
LOCAL_RANK: 0 - CUDA_VISIBLE_DEVICES: [0]
[I 2023-11-30 01:19:51,805] Trial 51 finished with value: 5.411595821380615 and parameters: {'gradient_clip_val': 0.14910263659535997, 'hidden_size': 30, 'dropout': 0.2789983075938596, 'hidden_continuous_size': 10, 'attention_head_size': 4, 'learning_rate': 0.041053192470645004}. Best is trial 25 with value: 4.6779398918151855.
LOCAL_RANK: 0 - CUDA_VISIBLE_DEVICES: [0]
[I 2023-11-30 01:20:03,870] Trial 52 finished with value: 4.716158390045166 and parameters: {'gradient_clip_val': 0.12980693995387482, 'hidden_size': 32, 'dropout': 0.286141557210538, 'hidden_continuous_size': 11, 'attention_head_size': 4, 'learning_rate': 0.036799106783253745}. Best is trial 25 with value: 4.6779398918151855.
LOCAL_RANK: 0 - CUDA_VISIBLE_DEVICES: [0]
[I 2023-11-30 01:20:16,407] Trial 53 finished with value: 5.986341953277588 and parameters: {'gradient_clip_val': 0.10051575366232927, 'hidden_size': 33, 'dropout': 0.2610915653594333, 'hidden_continuous_size': 11, 'attention_head_size': 4, 'learning_rate': 0.029911729447330726}. Best is trial 25 with value: 4.6779398918151855.
LOCAL_RANK: 0 - CUDA_VISIBLE_DEVICES: [0]
[I 2023-11-30 01:20:29,289] Trial 54 finished with value: 5.262951374053955 and parameters: {'gradient_clip_val': 0.13328315657990963, 'hidden_size': 42, 'dropout': 0.29681390844783895, 'hidden_continuous_size': 23, 'attention_head_size': 4, 'learning_rate': 0.024595953770654697}. Best is trial 25 with value: 4.6779398918151855.
LOCAL_RANK: 0 - CUDA_VISIBLE_DEVICES: [0]
[I 2023-11-30 01:20:41,651] Trial 55 finished with value: 4.99641752243042 and parameters: {'gradient_clip_val': 0.16041061222651473, 'hidden_size': 27, 'dropout': 0.3080878272608863, 'hidden_continuous_size': 12, 'attention_head_size': 4, 'learning_rate': 0.04957917989159252}. Best is trial 25 with value: 4.6779398918151855.
LOCAL_RANK: 0 - CUDA_VISIBLE_DEVICES: [0]
[I 2023-11-30 01:20:54,314] Trial 56 finished with value: 5.0012383460998535 and parameters: {'gradient_clip_val': 0.1119959977080751, 'hidden_size': 36, 'dropout': 0.2836603744336807, 'hidden_continuous_size': 20, 'attention_head_size': 3, 'learning_rate': 0.03472576185977049}. Best is trial 25 with value: 4.6779398918151855.
LOCAL_RANK: 0 - CUDA_VISIBLE_DEVICES: [0]
[I 2023-11-30 01:21:06,514] Trial 57 finished with value: 5.947372913360596 and parameters: {'gradient_clip_val': 0.17306880990717258, 'hidden_size': 32, 'dropout': 0.25510873975347936, 'hidden_continuous_size': 11, 'attention_head_size': 4, 'learning_rate': 0.0741170126691976}. Best is trial 25 with value: 4.6779398918151855.
LOCAL_RANK: 0 - CUDA_VISIBLE_DEVICES: [0]
[I 2023-11-30 01:21:19,270] Trial 58 finished with value: 4.992529392242432 and parameters: {'gradient_clip_val': 0.13825121423141393, 'hidden_size': 52, 'dropout': 0.3229733545350878, 'hidden_continuous_size': 15, 'attention_head_size': 2, 'learning_rate': 0.022600751365914076}. Best is trial 25 with value: 4.6779398918151855.
LOCAL_RANK: 0 - CUDA_VISIBLE_DEVICES: [0]
[I 2023-11-30 01:21:31,736] Trial 59 finished with value: 5.074601650238037 and parameters: {'gradient_clip_val': 0.12557568553166623, 'hidden_size': 48, 'dropout': 0.27014067335107667, 'hidden_continuous_size': 10, 'attention_head_size': 3, 'learning_rate': 0.031671903839469655}. Best is trial 25 with value: 4.6779398918151855.
LOCAL_RANK: 0 - CUDA_VISIBLE_DEVICES: [0]
[I 2023-11-30 01:21:44,719] Trial 60 finished with value: 5.239940643310547 and parameters: {'gradient_clip_val': 0.11112564612732435, 'hidden_size': 43, 'dropout': 0.2201297433639797, 'hidden_continuous_size': 12, 'attention_head_size': 4, 'learning_rate': 0.0542456870532482}. Best is trial 25 with value: 4.6779398918151855.
LOCAL_RANK: 0 - CUDA_VISIBLE_DEVICES: [0]
[I 2023-11-30 01:21:57,049] Trial 61 finished with value: 5.290800094604492 and parameters: {'gradient_clip_val': 0.14897617117209902, 'hidden_size': 29, 'dropout': 0.28060302234713014, 'hidden_continuous_size': 10, 'attention_head_size': 4, 'learning_rate': 0.040242994567039655}. Best is trial 25 with value: 4.6779398918151855.
LOCAL_RANK: 0 - CUDA_VISIBLE_DEVICES: [0]
[I 2023-11-30 01:22:09,439] Trial 62 finished with value: 5.437931060791016 and parameters: {'gradient_clip_val': 0.12249017597258073, 'hidden_size': 31, 'dropout': 0.2909543523160035, 'hidden_continuous_size': 10, 'attention_head_size': 4, 'learning_rate': 0.04838185071704901}. Best is trial 25 with value: 4.6779398918151855.
LOCAL_RANK: 0 - CUDA_VISIBLE_DEVICES: [0]
[I 2023-11-30 01:22:22,167] Trial 63 finished with value: 4.894099712371826 and parameters: {'gradient_clip_val': 0.13669351319794343, 'hidden_size': 34, 'dropout': 0.2859923528891038, 'hidden_continuous_size': 17, 'attention_head_size': 4, 'learning_rate': 0.035967294636035575}. Best is trial 25 with value: 4.6779398918151855.
LOCAL_RANK: 0 - CUDA_VISIBLE_DEVICES: [0]
[I 2023-11-30 01:22:34,822] Trial 64 finished with value: 5.71606969833374 and parameters: {'gradient_clip_val': 0.13563405519314997, 'hidden_size': 35, 'dropout': 0.30549941165353284, 'hidden_continuous_size': 16, 'attention_head_size': 4, 'learning_rate': 0.03504575881187609}. Best is trial 25 with value: 4.6779398918151855.
LOCAL_RANK: 0 - CUDA_VISIBLE_DEVICES: [0]
[I 2023-11-30 01:22:47,802] Trial 65 finished with value: 5.668900966644287 and parameters: {'gradient_clip_val': 0.12230745536260446, 'hidden_size': 41, 'dropout': 0.2686634535520457, 'hidden_continuous_size': 18, 'attention_head_size': 4, 'learning_rate': 0.02635627820173626}. Best is trial 25 with value: 4.6779398918151855.
LOCAL_RANK: 0 - CUDA_VISIBLE_DEVICES: [0]
[I 2023-11-30 01:23:00,538] Trial 66 finished with value: 5.282646656036377 and parameters: {'gradient_clip_val': 0.10929684559623201, 'hidden_size': 37, 'dropout': 0.2591753068780948, 'hidden_continuous_size': 17, 'attention_head_size': 4, 'learning_rate': 0.018810186639637738}. Best is trial 25 with value: 4.6779398918151855.
LOCAL_RANK: 0 - CUDA_VISIBLE_DEVICES: [0]
[I 2023-11-30 01:23:12,859] Trial 67 finished with value: 5.399425506591797 and parameters: {'gradient_clip_val': 0.1714493207170649, 'hidden_size': 27, 'dropout': 0.24404154507026296, 'hidden_continuous_size': 15, 'attention_head_size': 3, 'learning_rate': 0.03762857726742802}. Best is trial 25 with value: 4.6779398918151855.
LOCAL_RANK: 0 - CUDA_VISIBLE_DEVICES: [0]
[I 2023-11-30 01:23:24,959] Trial 68 finished with value: 5.306771755218506 and parameters: {'gradient_clip_val': 0.15413930065463483, 'hidden_size': 24, 'dropout': 0.29706264388137954, 'hidden_continuous_size': 14, 'attention_head_size': 4, 'learning_rate': 0.030340176795806723}. Best is trial 25 with value: 4.6779398918151855.
LOCAL_RANK: 0 - CUDA_VISIBLE_DEVICES: [0]
[I 2023-11-30 01:23:37,498] Trial 69 finished with value: 5.123715400695801 and parameters: {'gradient_clip_val': 0.11851472970868601, 'hidden_size': 34, 'dropout': 0.2794363950153361, 'hidden_continuous_size': 13, 'attention_head_size': 4, 'learning_rate': 0.02210387206096749}. Best is trial 25 with value: 4.6779398918151855.
LOCAL_RANK: 0 - CUDA_VISIBLE_DEVICES: [0]
[I 2023-11-30 01:23:50,190] Trial 70 finished with value: 5.449034214019775 and parameters: {'gradient_clip_val': 0.13850559520060962, 'hidden_size': 26, 'dropout': 0.22879111220560483, 'hidden_continuous_size': 19, 'attention_head_size': 3, 'learning_rate': 0.04618641024810785}. Best is trial 25 with value: 4.6779398918151855.
LOCAL_RANK: 0 - CUDA_VISIBLE_DEVICES: [0]
[I 2023-11-30 01:24:02,669] Trial 71 finished with value: 5.352175235748291 and parameters: {'gradient_clip_val': 0.14079424391041348, 'hidden_size': 30, 'dropout': 0.28967409391208976, 'hidden_continuous_size': 11, 'attention_head_size': 4, 'learning_rate': 0.05880516878499007}. Best is trial 25 with value: 4.6779398918151855.
LOCAL_RANK: 0 - CUDA_VISIBLE_DEVICES: [0]
[I 2023-11-30 01:24:15,292] Trial 72 finished with value: 4.996397018432617 and parameters: {'gradient_clip_val': 0.12836577766172294, 'hidden_size': 29, 'dropout': 0.2846313229566417, 'hidden_continuous_size': 20, 'attention_head_size': 4, 'learning_rate': 0.04078280505699245}. Best is trial 25 with value: 4.6779398918151855.
LOCAL_RANK: 0 - CUDA_VISIBLE_DEVICES: [0]
[I 2023-11-30 01:24:27,992] Trial 73 finished with value: 5.125789165496826 and parameters: {'gradient_clip_val': 0.10463799659486145, 'hidden_size': 40, 'dropout': 0.2486532094045346, 'hidden_continuous_size': 23, 'attention_head_size': 4, 'learning_rate': 0.03878811926937108}. Best is trial 25 with value: 4.6779398918151855.
LOCAL_RANK: 0 - CUDA_VISIBLE_DEVICES: [0]
[I 2023-11-30 01:24:40,714] Trial 74 finished with value: 4.796205520629883 and parameters: {'gradient_clip_val': 0.11428215147678976, 'hidden_size': 33, 'dropout': 0.2678869019240674, 'hidden_continuous_size': 24, 'attention_head_size': 4, 'learning_rate': 0.0488972520559735}. Best is trial 25 with value: 4.6779398918151855.
LOCAL_RANK: 0 - CUDA_VISIBLE_DEVICES: [0]
[I 2023-11-30 01:24:53,546] Trial 75 finished with value: 4.995244979858398 and parameters: {'gradient_clip_val': 0.11684890973895322, 'hidden_size': 33, 'dropout': 0.2727071318877784, 'hidden_continuous_size': 25, 'attention_head_size': 4, 'learning_rate': 0.0492376976800419}. Best is trial 25 with value: 4.6779398918151855.
LOCAL_RANK: 0 - CUDA_VISIBLE_DEVICES: [0]
[I 2023-11-30 01:25:06,236] Trial 76 finished with value: 5.5035529136657715 and parameters: {'gradient_clip_val': 0.1103142912436106, 'hidden_size': 38, 'dropout': 0.2661688661273248, 'hidden_continuous_size': 25, 'attention_head_size': 1, 'learning_rate': 0.08708725197426292}. Best is trial 25 with value: 4.6779398918151855.
LOCAL_RANK: 0 - CUDA_VISIBLE_DEVICES: [0]
[I 2023-11-30 01:25:19,028] Trial 77 finished with value: 5.3507513999938965 and parameters: {'gradient_clip_val': 0.10052328954538046, 'hidden_size': 35, 'dropout': 0.2567229476354799, 'hidden_continuous_size': 27, 'attention_head_size': 4, 'learning_rate': 0.027663822664501535}. Best is trial 25 with value: 4.6779398918151855.
LOCAL_RANK: 0 - CUDA_VISIBLE_DEVICES: [0]
[I 2023-11-30 01:25:32,024] Trial 78 finished with value: 6.250369548797607 and parameters: {'gradient_clip_val': 0.12673701255825287, 'hidden_size': 46, 'dropout': 0.2747517748640322, 'hidden_continuous_size': 29, 'attention_head_size': 4, 'learning_rate': 0.06681023914852746}. Best is trial 25 with value: 4.6779398918151855.
LOCAL_RANK: 0 - CUDA_VISIBLE_DEVICES: [0]
[I 2023-11-30 01:25:44,246] Trial 79 finished with value: 6.301166534423828 and parameters: {'gradient_clip_val': 0.12157198010701697, 'hidden_size': 32, 'dropout': 0.29835348021459696, 'hidden_continuous_size': 16, 'attention_head_size': 2, 'learning_rate': 0.05686158601398265}. Best is trial 25 with value: 4.6779398918151855.
LOCAL_RANK: 0 - CUDA_VISIBLE_DEVICES: [0]
[I 2023-11-30 01:25:56,481] Trial 80 finished with value: 5.945735931396484 and parameters: {'gradient_clip_val': 0.15493734343859847, 'hidden_size': 28, 'dropout': 0.2641969675923067, 'hidden_continuous_size': 12, 'attention_head_size': 3, 'learning_rate': 0.030789001231571737}. Best is trial 25 with value: 4.6779398918151855.
LOCAL_RANK: 0 - CUDA_VISIBLE_DEVICES: [0]
[I 2023-11-30 01:26:08,829] Trial 81 finished with value: 5.408502101898193 and parameters: {'gradient_clip_val': 0.14381982768323823, 'hidden_size': 23, 'dropout': 0.2855075415315765, 'hidden_continuous_size': 14, 'attention_head_size': 4, 'learning_rate': 0.04443220344244328}. Best is trial 25 with value: 4.6779398918151855.
LOCAL_RANK: 0 - CUDA_VISIBLE_DEVICES: [0]
[I 2023-11-30 01:26:21,569] Trial 82 finished with value: 5.202396869659424 and parameters: {'gradient_clip_val': 0.1301021816234068, 'hidden_size': 30, 'dropout': 0.27677721777783865, 'hidden_continuous_size': 22, 'attention_head_size': 4, 'learning_rate': 0.03659144973980426}. Best is trial 25 with value: 4.6779398918151855.
LOCAL_RANK: 0 - CUDA_VISIBLE_DEVICES: [0]
[I 2023-11-30 01:26:33,989] Trial 83 finished with value: 6.6017303466796875 and parameters: {'gradient_clip_val': 0.10822618091809007, 'hidden_size': 26, 'dropout': 0.30298173278896035, 'hidden_continuous_size': 17, 'attention_head_size': 4, 'learning_rate': 0.03331869064742799}. Best is trial 25 with value: 4.6779398918151855.
LOCAL_RANK: 0 - CUDA_VISIBLE_DEVICES: [0]
[I 2023-11-30 01:26:46,801] Trial 84 finished with value: 4.970090389251709 and parameters: {'gradient_clip_val': 0.11597390359609654, 'hidden_size': 39, 'dropout': 0.2881963016508572, 'hidden_continuous_size': 11, 'attention_head_size': 4, 'learning_rate': 0.04546383931686949}. Best is trial 25 with value: 4.6779398918151855.
LOCAL_RANK: 0 - CUDA_VISIBLE_DEVICES: [0]
[I 2023-11-30 01:26:59,385] Trial 85 finished with value: 5.1614556312561035 and parameters: {'gradient_clip_val': 0.14274238543661336, 'hidden_size': 34, 'dropout': 0.25399138328170623, 'hidden_continuous_size': 10, 'attention_head_size': 4, 'learning_rate': 0.05116577893242564}. Best is trial 25 with value: 4.6779398918151855.
LOCAL_RANK: 0 - CUDA_VISIBLE_DEVICES: [0]
[I 2023-11-30 01:27:12,175] Trial 86 finished with value: 5.482566833496094 and parameters: {'gradient_clip_val': 0.1342857081724452, 'hidden_size': 31, 'dropout': 0.2456850071470706, 'hidden_continuous_size': 12, 'attention_head_size': 4, 'learning_rate': 0.06124920353416744}. Best is trial 25 with value: 4.6779398918151855.
LOCAL_RANK: 0 - CUDA_VISIBLE_DEVICES: [0]
[I 2023-11-30 01:27:24,429] Trial 87 finished with value: 5.322366714477539 and parameters: {'gradient_clip_val': 0.125196557367608, 'hidden_size': 28, 'dropout': 0.26301283469310366, 'hidden_continuous_size': 15, 'attention_head_size': 4, 'learning_rate': 0.024719156163039126}. Best is trial 25 with value: 4.6779398918151855.
LOCAL_RANK: 0 - CUDA_VISIBLE_DEVICES: [0]
[I 2023-11-30 01:27:37,021] Trial 88 finished with value: 5.840015411376953 and parameters: {'gradient_clip_val': 0.10546604632859075, 'hidden_size': 37, 'dropout': 0.2929794750280347, 'hidden_continuous_size': 11, 'attention_head_size': 3, 'learning_rate': 0.03730533540506356}. Best is trial 25 with value: 4.6779398918151855.
LOCAL_RANK: 0 - CUDA_VISIBLE_DEVICES: [0]
[I 2023-11-30 01:27:49,347] Trial 89 finished with value: 4.855803966522217 and parameters: {'gradient_clip_val': 0.11387589561681302, 'hidden_size': 24, 'dropout': 0.272443146815821, 'hidden_continuous_size': 13, 'attention_head_size': 4, 'learning_rate': 0.040799464369063475}. Best is trial 25 with value: 4.6779398918151855.
LOCAL_RANK: 0 - CUDA_VISIBLE_DEVICES: [0]
[I 2023-11-30 01:28:01,395] Trial 90 finished with value: 5.028655529022217 and parameters: {'gradient_clip_val': 0.11421260643086457, 'hidden_size': 24, 'dropout': 0.27339542499988045, 'hidden_continuous_size': 13, 'attention_head_size': 4, 'learning_rate': 0.0320196345989004}. Best is trial 25 with value: 4.6779398918151855.
LOCAL_RANK: 0 - CUDA_VISIBLE_DEVICES: [0]
[I 2023-11-30 01:28:13,675] Trial 91 finished with value: 5.057877063751221 and parameters: {'gradient_clip_val': 0.12022526847953068, 'hidden_size': 21, 'dropout': 0.2812805738679983, 'hidden_continuous_size': 13, 'attention_head_size': 4, 'learning_rate': 0.04181814127467281}. Best is trial 25 with value: 4.6779398918151855.
LOCAL_RANK: 0 - CUDA_VISIBLE_DEVICES: [0]
