[I 2023-11-30 11:43:14,672] Trial 36 finished with value: 53.974761962890625 and parameters: {'gradient_clip_val': 0.3779754519095234, 'hidden_size': 39, 'dropout': 0.2694505966174568, 'hidden_continuous_size': 22, 'attention_head_size': 2, 'learning_rate': 0.007732000388820028}. Best is trial 34 with value: 42.8967170715332.
LOCAL_RANK: 0 - CUDA_VISIBLE_DEVICES: [0]
[I 2023-11-30 11:43:26,821] Trial 37 finished with value: 45.30698013305664 and parameters: {'gradient_clip_val': 0.675958830144358, 'hidden_size': 24, 'dropout': 0.28973721469634306, 'hidden_continuous_size': 18, 'attention_head_size': 1, 'learning_rate': 0.005844705836154351}. Best is trial 34 with value: 42.8967170715332.
LOCAL_RANK: 0 - CUDA_VISIBLE_DEVICES: [0]
[I 2023-11-30 11:43:38,809] Trial 38 finished with value: 53.75754165649414 and parameters: {'gradient_clip_val': 0.7003003977110211, 'hidden_size': 19, 'dropout': 0.29123063737256294, 'hidden_continuous_size': 11, 'attention_head_size': 1, 'learning_rate': 0.0036294773528899225}. Best is trial 34 with value: 42.8967170715332.
LOCAL_RANK: 0 - CUDA_VISIBLE_DEVICES: [0]
[I 2023-11-30 11:43:51,074] Trial 39 finished with value: 68.39981842041016 and parameters: {'gradient_clip_val': 0.12752084214578163, 'hidden_size': 32, 'dropout': 0.2961911781875855, 'hidden_continuous_size': 18, 'attention_head_size': 2, 'learning_rate': 0.009022811818300551}. Best is trial 34 with value: 42.8967170715332.
LOCAL_RANK: 0 - CUDA_VISIBLE_DEVICES: [0]
[I 2023-11-30 11:44:03,033] Trial 40 finished with value: 72.21326446533203 and parameters: {'gradient_clip_val': 0.8212183516266552, 'hidden_size': 24, 'dropout': 0.2336834125667995, 'hidden_continuous_size': 17, 'attention_head_size': 1, 'learning_rate': 0.004929769913014659}. Best is trial 34 with value: 42.8967170715332.
LOCAL_RANK: 0 - CUDA_VISIBLE_DEVICES: [0]
[I 2023-11-30 11:44:15,638] Trial 41 finished with value: 44.80454635620117 and parameters: {'gradient_clip_val': 0.5601568707936697, 'hidden_size': 38, 'dropout': 0.2676916605286097, 'hidden_continuous_size': 20, 'attention_head_size': 1, 'learning_rate': 0.008068620930942865}. Best is trial 34 with value: 42.8967170715332.
LOCAL_RANK: 0 - CUDA_VISIBLE_DEVICES: [0]
[I 2023-11-30 11:44:28,305] Trial 42 finished with value: 63.71926498413086 and parameters: {'gradient_clip_val': 0.642708382499681, 'hidden_size': 38, 'dropout': 0.2803340068820396, 'hidden_continuous_size': 19, 'attention_head_size': 1, 'learning_rate': 0.00986656252222327}. Best is trial 34 with value: 42.8967170715332.
LOCAL_RANK: 0 - CUDA_VISIBLE_DEVICES: [0]
[I 2023-11-30 11:44:40,502] Trial 43 finished with value: 51.41520309448242 and parameters: {'gradient_clip_val': 0.5624353792350852, 'hidden_size': 28, 'dropout': 0.3112834094776481, 'hidden_continuous_size': 20, 'attention_head_size': 1, 'learning_rate': 0.012916872956597375}. Best is trial 34 with value: 42.8967170715332.
LOCAL_RANK: 0 - CUDA_VISIBLE_DEVICES: [0]
[I 2023-11-30 11:44:52,964] Trial 44 finished with value: 59.77117919921875 and parameters: {'gradient_clip_val': 0.8098083961882602, 'hidden_size': 33, 'dropout': 0.271976326687337, 'hidden_continuous_size': 17, 'attention_head_size': 1, 'learning_rate': 0.006815836646127559}. Best is trial 34 with value: 42.8967170715332.
LOCAL_RANK: 0 - CUDA_VISIBLE_DEVICES: [0]
[I 2023-11-30 11:45:05,608] Trial 45 finished with value: 54.55360412597656 and parameters: {'gradient_clip_val': 0.6521787570785503, 'hidden_size': 39, 'dropout': 0.24731830627164608, 'hidden_continuous_size': 25, 'attention_head_size': 1, 'learning_rate': 0.0051678881761872955}. Best is trial 34 with value: 42.8967170715332.
LOCAL_RANK: 0 - CUDA_VISIBLE_DEVICES: [0]
[I 2023-11-30 11:45:18,008] Trial 46 finished with value: 55.58018493652344 and parameters: {'gradient_clip_val': 0.555223019141232, 'hidden_size': 30, 'dropout': 0.21884885659110007, 'hidden_continuous_size': 19, 'attention_head_size': 1, 'learning_rate': 0.004227893459224275}. Best is trial 34 with value: 42.8967170715332.
LOCAL_RANK: 0 - CUDA_VISIBLE_DEVICES: [0]
[I 2023-11-30 11:45:28,416] Trial 47 finished with value: 90.3696060180664 and parameters: {'gradient_clip_val': 0.42529658253584507, 'hidden_size': 10, 'dropout': 0.23789582576370955, 'hidden_continuous_size': 10, 'attention_head_size': 2, 'learning_rate': 0.00785308359010041}. Best is trial 34 with value: 42.8967170715332.
LOCAL_RANK: 0 - CUDA_VISIBLE_DEVICES: [0]
[I 2023-11-30 11:45:41,461] Trial 48 finished with value: 51.64652633666992 and parameters: {'gradient_clip_val': 0.6317052376161401, 'hidden_size': 48, 'dropout': 0.26990991525799857, 'hidden_continuous_size': 23, 'attention_head_size': 1, 'learning_rate': 0.00400536690173288}. Best is trial 34 with value: 42.8967170715332.
LOCAL_RANK: 0 - CUDA_VISIBLE_DEVICES: [0]
[I 2023-11-30 11:45:54,362] Trial 49 finished with value: 52.60673141479492 and parameters: {'gradient_clip_val': 0.44880498484462794, 'hidden_size': 56, 'dropout': 0.29229348985301157, 'hidden_continuous_size': 25, 'attention_head_size': 2, 'learning_rate': 0.005977537907360339}. Best is trial 34 with value: 42.8967170715332.
LOCAL_RANK: 0 - CUDA_VISIBLE_DEVICES: [0]
[I 2023-11-30 11:46:06,743] Trial 50 finished with value: 76.52142333984375 and parameters: {'gradient_clip_val': 0.5300207579848272, 'hidden_size': 25, 'dropout': 0.25074935992962316, 'hidden_continuous_size': 20, 'attention_head_size': 2, 'learning_rate': 0.0029498569844174467}. Best is trial 34 with value: 42.8967170715332.
LOCAL_RANK: 0 - CUDA_VISIBLE_DEVICES: [0]
[I 2023-11-30 11:46:19,596] Trial 51 finished with value: 63.013973236083984 and parameters: {'gradient_clip_val': 0.5014354180332934, 'hidden_size': 41, 'dropout': 0.2660782433733694, 'hidden_continuous_size': 22, 'attention_head_size': 3, 'learning_rate': 0.006094056926173613}. Best is trial 34 with value: 42.8967170715332.
LOCAL_RANK: 0 - CUDA_VISIBLE_DEVICES: [0]
[I 2023-11-30 11:46:32,241] Trial 52 finished with value: 62.99307632446289 and parameters: {'gradient_clip_val': 0.5862155803839821, 'hidden_size': 36, 'dropout': 0.26171084342580303, 'hidden_continuous_size': 21, 'attention_head_size': 3, 'learning_rate': 0.005374186426738844}. Best is trial 34 with value: 42.8967170715332.
LOCAL_RANK: 0 - CUDA_VISIBLE_DEVICES: [0]
[I 2023-11-30 11:46:45,190] Trial 53 finished with value: 66.53107452392578 and parameters: {'gradient_clip_val': 0.4889769325019578, 'hidden_size': 44, 'dropout': 0.2781893334454384, 'hidden_continuous_size': 24, 'attention_head_size': 3, 'learning_rate': 0.012253094932364374}. Best is trial 34 with value: 42.8967170715332.
LOCAL_RANK: 0 - CUDA_VISIBLE_DEVICES: [0]
[I 2023-11-30 11:46:58,031] Trial 54 finished with value: 39.61183547973633 and parameters: {'gradient_clip_val': 0.46532263028640686, 'hidden_size': 49, 'dropout': 0.30392098388773003, 'hidden_continuous_size': 21, 'attention_head_size': 2, 'learning_rate': 0.0042621026948928414}. Best is trial 54 with value: 39.61183547973633.
LOCAL_RANK: 0 - CUDA_VISIBLE_DEVICES: [0]
[I 2023-11-30 11:47:10,983] Trial 55 finished with value: 49.84684371948242 and parameters: {'gradient_clip_val': 0.4496654770871426, 'hidden_size': 50, 'dropout': 0.30381735730641435, 'hidden_continuous_size': 27, 'attention_head_size': 2, 'learning_rate': 0.00401735414636662}. Best is trial 54 with value: 39.61183547973633.
LOCAL_RANK: 0 - CUDA_VISIBLE_DEVICES: [0]
[I 2023-11-30 11:47:23,970] Trial 56 finished with value: 58.42927932739258 and parameters: {'gradient_clip_val': 0.32573084886417597, 'hidden_size': 59, 'dropout': 0.31433151016726824, 'hidden_continuous_size': 15, 'attention_head_size': 2, 'learning_rate': 0.002818455542684292}. Best is trial 54 with value: 39.61183547973633.
LOCAL_RANK: 0 - CUDA_VISIBLE_DEVICES: [0]
[I 2023-11-30 11:47:36,648] Trial 57 finished with value: 58.61820602416992 and parameters: {'gradient_clip_val': 0.407716957884331, 'hidden_size': 35, 'dropout': 0.28826901512820674, 'hidden_continuous_size': 18, 'attention_head_size': 1, 'learning_rate': 0.0034561724481071755}. Best is trial 54 with value: 39.61183547973633.
LOCAL_RANK: 0 - CUDA_VISIBLE_DEVICES: [0]
[I 2023-11-30 11:47:48,890] Trial 58 finished with value: 56.364898681640625 and parameters: {'gradient_clip_val': 0.35303332693794315, 'hidden_size': 21, 'dropout': 0.300650056935353, 'hidden_continuous_size': 19, 'attention_head_size': 2, 'learning_rate': 0.004900652266673183}. Best is trial 54 with value: 39.61183547973633.
LOCAL_RANK: 0 - CUDA_VISIBLE_DEVICES: [0]
[I 2023-11-30 11:48:01,301] Trial 59 finished with value: 78.59608459472656 and parameters: {'gradient_clip_val': 0.6084429045318358, 'hidden_size': 30, 'dropout': 0.27884016141539697, 'hidden_continuous_size': 20, 'attention_head_size': 1, 'learning_rate': 0.002493043027088579}. Best is trial 54 with value: 39.61183547973633.
LOCAL_RANK: 0 - CUDA_VISIBLE_DEVICES: [0]
[I 2023-11-30 11:48:14,077] Trial 60 finished with value: 55.68312454223633 and parameters: {'gradient_clip_val': 0.5540547985113441, 'hidden_size': 46, 'dropout': 0.3418711867545402, 'hidden_continuous_size': 23, 'attention_head_size': 2, 'learning_rate': 0.0013830316406773398}. Best is trial 54 with value: 39.61183547973633.
LOCAL_RANK: 0 - CUDA_VISIBLE_DEVICES: [0]
[I 2023-11-30 11:48:27,191] Trial 61 finished with value: 53.43998336791992 and parameters: {'gradient_clip_val': 0.45480464780855984, 'hidden_size': 51, 'dropout': 0.3157777174025493, 'hidden_continuous_size': 27, 'attention_head_size': 2, 'learning_rate': 0.003880463005271987}. Best is trial 54 with value: 39.61183547973633.
LOCAL_RANK: 0 - CUDA_VISIBLE_DEVICES: [0]
[I 2023-11-30 11:48:40,502] Trial 62 finished with value: 55.948760986328125 and parameters: {'gradient_clip_val': 0.4732257476628903, 'hidden_size': 64, 'dropout': 0.30472404385782026, 'hidden_continuous_size': 26, 'attention_head_size': 2, 'learning_rate': 0.004410421325665261}. Best is trial 54 with value: 39.61183547973633.
LOCAL_RANK: 0 - CUDA_VISIBLE_DEVICES: [0]
[I 2023-11-30 11:48:53,351] Trial 63 finished with value: 61.324893951416016 and parameters: {'gradient_clip_val': 0.5286391711968014, 'hidden_size': 49, 'dropout': 0.3017406876404075, 'hidden_continuous_size': 23, 'attention_head_size': 2, 'learning_rate': 0.0030431911983619594}. Best is trial 54 with value: 39.61183547973633.
LOCAL_RANK: 0 - CUDA_VISIBLE_DEVICES: [0]
[I 2023-11-30 11:49:06,572] Trial 64 finished with value: 59.83735275268555 and parameters: {'gradient_clip_val': 0.43415395854795114, 'hidden_size': 55, 'dropout': 0.32069387879303785, 'hidden_continuous_size': 28, 'attention_head_size': 2, 'learning_rate': 0.0020847792943686806}. Best is trial 54 with value: 39.61183547973633.
LOCAL_RANK: 0 - CUDA_VISIBLE_DEVICES: [0]
[I 2023-11-30 11:49:19,086] Trial 65 finished with value: 44.56330871582031 and parameters: {'gradient_clip_val': 0.37615401446160396, 'hidden_size': 40, 'dropout': 0.2918503616056544, 'hidden_continuous_size': 21, 'attention_head_size': 2, 'learning_rate': 0.003989019821946053}. Best is trial 54 with value: 39.61183547973633.
LOCAL_RANK: 0 - CUDA_VISIBLE_DEVICES: [0]
[I 2023-11-30 11:49:31,692] Trial 66 finished with value: 66.5892105102539 and parameters: {'gradient_clip_val': 0.3906324137505973, 'hidden_size': 39, 'dropout': 0.2885812998287202, 'hidden_continuous_size': 21, 'attention_head_size': 1, 'learning_rate': 0.00258183563125255}. Best is trial 54 with value: 39.61183547973633.
LOCAL_RANK: 0 - CUDA_VISIBLE_DEVICES: [0]
[I 2023-11-30 11:49:44,485] Trial 67 finished with value: 54.54793167114258 and parameters: {'gradient_clip_val': 0.31085520375799003, 'hidden_size': 41, 'dropout': 0.2726361590998577, 'hidden_continuous_size': 22, 'attention_head_size': 1, 'learning_rate': 0.005448922274895404}. Best is trial 54 with value: 39.61183547973633.
LOCAL_RANK: 0 - CUDA_VISIBLE_DEVICES: [0]
[I 2023-11-30 11:49:57,132] Trial 68 finished with value: 72.00410461425781 and parameters: {'gradient_clip_val': 0.2871040793435118, 'hidden_size': 34, 'dropout': 0.3229312132650731, 'hidden_continuous_size': 19, 'attention_head_size': 2, 'learning_rate': 0.003344746744909132}. Best is trial 54 with value: 39.61183547973633.
LOCAL_RANK: 0 - CUDA_VISIBLE_DEVICES: [0]
[I 2023-11-30 11:50:10,032] Trial 69 finished with value: 57.14262771606445 and parameters: {'gradient_clip_val': 0.35374238724858703, 'hidden_size': 45, 'dropout': 0.2523952188417036, 'hidden_continuous_size': 22, 'attention_head_size': 3, 'learning_rate': 0.00448170571701432}. Best is trial 54 with value: 39.61183547973633.
LOCAL_RANK: 0 - CUDA_VISIBLE_DEVICES: [0]
[I 2023-11-30 11:50:22,632] Trial 70 finished with value: 82.44409942626953 and parameters: {'gradient_clip_val': 0.4840976338116623, 'hidden_size': 31, 'dropout': 0.33491653294370044, 'hidden_continuous_size': 20, 'attention_head_size': 2, 'learning_rate': 0.0019230306986914045}. Best is trial 54 with value: 39.61183547973633.
LOCAL_RANK: 0 - CUDA_VISIBLE_DEVICES: [0]
[I 2023-11-30 11:50:35,665] Trial 71 finished with value: 49.287322998046875 and parameters: {'gradient_clip_val': 0.4102566635037463, 'hidden_size': 51, 'dropout': 0.30961983499666207, 'hidden_continuous_size': 25, 'attention_head_size': 2, 'learning_rate': 0.0038046811914921393}. Best is trial 54 with value: 39.61183547973633.
LOCAL_RANK: 0 - CUDA_VISIBLE_DEVICES: [0]
[I 2023-11-30 11:50:48,313] Trial 72 finished with value: 42.23189926147461 and parameters: {'gradient_clip_val': 0.37885313516128255, 'hidden_size': 37, 'dropout': 0.29358673353666837, 'hidden_continuous_size': 21, 'attention_head_size': 2, 'learning_rate': 0.003386320181032522}. Best is trial 54 with value: 39.61183547973633.
LOCAL_RANK: 0 - CUDA_VISIBLE_DEVICES: [0]
[I 2023-11-30 11:51:01,183] Trial 73 finished with value: 61.51387023925781 and parameters: {'gradient_clip_val': 0.37686548908249706, 'hidden_size': 38, 'dropout': 0.2857200542662162, 'hidden_continuous_size': 21, 'attention_head_size': 2, 'learning_rate': 0.003281087636852984}. Best is trial 54 with value: 39.61183547973633.
LOCAL_RANK: 0 - CUDA_VISIBLE_DEVICES: [0]
[I 2023-11-30 11:51:13,891] Trial 74 finished with value: 69.56244659423828 and parameters: {'gradient_clip_val': 0.33475371393049697, 'hidden_size': 35, 'dropout': 0.2930245808069988, 'hidden_continuous_size': 18, 'attention_head_size': 2, 'learning_rate': 0.002557788750580591}. Best is trial 54 with value: 39.61183547973633.
LOCAL_RANK: 0 - CUDA_VISIBLE_DEVICES: [0]
[I 2023-11-30 11:51:26,734] Trial 75 finished with value: 59.09563064575195 and parameters: {'gradient_clip_val': 0.2665820971677924, 'hidden_size': 45, 'dropout': 0.277542811037934, 'hidden_continuous_size': 24, 'attention_head_size': 1, 'learning_rate': 0.0073566102881627805}. Best is trial 54 with value: 39.61183547973633.
LOCAL_RANK: 0 - CUDA_VISIBLE_DEVICES: [0]
[I 2023-11-30 11:51:39,585] Trial 76 finished with value: 60.0373649597168 and parameters: {'gradient_clip_val': 0.532670576362107, 'hidden_size': 29, 'dropout': 0.2946508770897818, 'hidden_continuous_size': 20, 'attention_head_size': 2, 'learning_rate': 0.0056455399306098095}. Best is trial 54 with value: 39.61183547973633.
LOCAL_RANK: 0 - CUDA_VISIBLE_DEVICES: [0]
[I 2023-11-30 11:51:52,426] Trial 77 finished with value: 62.78150939941406 and parameters: {'gradient_clip_val': 0.4698768189574674, 'hidden_size': 27, 'dropout': 0.26458388240500247, 'hidden_continuous_size': 21, 'attention_head_size': 4, 'learning_rate': 0.004590479194088543}. Best is trial 54 with value: 39.61183547973633.
LOCAL_RANK: 0 - CUDA_VISIBLE_DEVICES: [0]
[I 2023-11-30 11:52:05,622] Trial 78 finished with value: 59.00187301635742 and parameters: {'gradient_clip_val': 0.3659011748752462, 'hidden_size': 41, 'dropout': 0.28473830144148954, 'hidden_continuous_size': 19, 'attention_head_size': 3, 'learning_rate': 0.006774489306418677}. Best is trial 54 with value: 39.61183547973633.
LOCAL_RANK: 0 - CUDA_VISIBLE_DEVICES: [0]
[I 2023-11-30 11:52:18,082] Trial 79 finished with value: 50.21061706542969 and parameters: {'gradient_clip_val': 0.42229474186030797, 'hidden_size': 36, 'dropout': 0.3203089183405974, 'hidden_continuous_size': 17, 'attention_head_size': 1, 'learning_rate': 0.008278466824921383}. Best is trial 54 with value: 39.61183547973633.
LOCAL_RANK: 0 - CUDA_VISIBLE_DEVICES: [0]
[I 2023-11-30 11:52:30,399] Trial 80 finished with value: 68.48209381103516 and parameters: {'gradient_clip_val': 0.3396210978328257, 'hidden_size': 32, 'dropout': 0.29696786361306515, 'hidden_continuous_size': 22, 'attention_head_size': 2, 'learning_rate': 0.003487085515958926}. Best is trial 54 with value: 39.61183547973633.
LOCAL_RANK: 0 - CUDA_VISIBLE_DEVICES: [0]
[I 2023-11-30 11:52:43,538] Trial 81 finished with value: 65.55229949951172 and parameters: {'gradient_clip_val': 0.3943811675154902, 'hidden_size': 53, 'dropout': 0.30848094901115575, 'hidden_continuous_size': 25, 'attention_head_size': 2, 'learning_rate': 0.0039867141801931795}. Best is trial 54 with value: 39.61183547973633.
LOCAL_RANK: 0 - CUDA_VISIBLE_DEVICES: [0]
[I 2023-11-30 11:52:56,335] Trial 82 finished with value: 48.1639518737793 and parameters: {'gradient_clip_val': 0.40357774553554526, 'hidden_size': 42, 'dropout': 0.30827251066479583, 'hidden_continuous_size': 21, 'attention_head_size': 2, 'learning_rate': 0.0037865461152864002}. Best is trial 54 with value: 39.61183547973633.
LOCAL_RANK: 0 - CUDA_VISIBLE_DEVICES: [0]
[I 2023-11-30 11:53:09,125] Trial 83 finished with value: 42.84992599487305 and parameters: {'gradient_clip_val': 0.3950287611239696, 'hidden_size': 42, 'dropout': 0.3009156442090312, 'hidden_continuous_size': 19, 'attention_head_size': 2, 'learning_rate': 0.0027895659196949677}. Best is trial 54 with value: 39.61183547973633.
LOCAL_RANK: 0 - CUDA_VISIBLE_DEVICES: [0]
[I 2023-11-30 11:53:21,785] Trial 84 finished with value: 55.89793014526367 and parameters: {'gradient_clip_val': 0.44146288575871184, 'hidden_size': 41, 'dropout': 0.31625505392643116, 'hidden_continuous_size': 21, 'attention_head_size': 2, 'learning_rate': 0.002841707612838784}. Best is trial 54 with value: 39.61183547973633.
LOCAL_RANK: 0 - CUDA_VISIBLE_DEVICES: [0]
[I 2023-11-30 11:53:34,586] Trial 85 finished with value: 53.43229293823242 and parameters: {'gradient_clip_val': 0.38133924492095056, 'hidden_size': 47, 'dropout': 0.2996223809339622, 'hidden_continuous_size': 18, 'attention_head_size': 2, 'learning_rate': 0.005001095942562331}. Best is trial 54 with value: 39.61183547973633.
LOCAL_RANK: 0 - CUDA_VISIBLE_DEVICES: [0]
[I 2023-11-30 11:53:47,208] Trial 86 finished with value: 69.04644012451172 and parameters: {'gradient_clip_val': 0.4106281092606931, 'hidden_size': 37, 'dropout': 0.30902606864468074, 'hidden_continuous_size': 20, 'attention_head_size': 2, 'learning_rate': 0.0023253561043704725}. Best is trial 54 with value: 39.61183547973633.
LOCAL_RANK: 0 - CUDA_VISIBLE_DEVICES: [0]
[I 2023-11-30 11:53:59,879] Trial 87 finished with value: 59.801971435546875 and parameters: {'gradient_clip_val': 0.5082346266397331, 'hidden_size': 34, 'dropout': 0.2742409790238313, 'hidden_continuous_size': 19, 'attention_head_size': 2, 'learning_rate': 0.006192125603180531}. Best is trial 54 with value: 39.61183547973633.
LOCAL_RANK: 0 - CUDA_VISIBLE_DEVICES: [0]
[I 2023-11-30 11:54:12,865] Trial 88 finished with value: 49.04683303833008 and parameters: {'gradient_clip_val': 0.47567350878530823, 'hidden_size': 44, 'dropout': 0.33064759388200865, 'hidden_continuous_size': 22, 'attention_head_size': 2, 'learning_rate': 0.0030884615309650946}. Best is trial 54 with value: 39.61183547973633.
LOCAL_RANK: 0 - CUDA_VISIBLE_DEVICES: [0]
[I 2023-11-30 11:54:25,140] Trial 89 finished with value: 65.97911834716797 and parameters: {'gradient_clip_val': 0.5874939558966126, 'hidden_size': 32, 'dropout': 0.2836749717401327, 'hidden_continuous_size': 19, 'attention_head_size': 2, 'learning_rate': 0.0027154608418985945}. Best is trial 54 with value: 39.61183547973633.
LOCAL_RANK: 0 - CUDA_VISIBLE_DEVICES: [0]
[I 2023-11-30 11:54:37,670] Trial 90 finished with value: 66.25687408447266 and parameters: {'gradient_clip_val': 0.36200166251429217, 'hidden_size': 40, 'dropout': 0.2566658536074569, 'hidden_continuous_size': 23, 'attention_head_size': 1, 'learning_rate': 0.00442062142955114}. Best is trial 54 with value: 39.61183547973633.
LOCAL_RANK: 0 - CUDA_VISIBLE_DEVICES: [0]
[I 2023-11-30 11:54:50,803] Trial 91 finished with value: 54.48541259765625 and parameters: {'gradient_clip_val': 0.31209708813154496, 'hidden_size': 59, 'dropout': 0.290945451735483, 'hidden_continuous_size': 17, 'attention_head_size': 2, 'learning_rate': 0.0036757642395922477}. Best is trial 54 with value: 39.61183547973633.
LOCAL_RANK: 0 - CUDA_VISIBLE_DEVICES: [0]
[I 2023-11-30 11:55:03,582] Trial 92 finished with value: 63.07099533081055 and parameters: {'gradient_clip_val': 0.39399226799913833, 'hidden_size': 42, 'dropout': 0.26998349523347137, 'hidden_continuous_size': 21, 'attention_head_size': 3, 'learning_rate': 0.002093378634310138}. Best is trial 54 with value: 39.61183547973633.
LOCAL_RANK: 0 - CUDA_VISIBLE_DEVICES: [0]
[I 2023-11-30 11:55:16,663] Trial 93 finished with value: 50.244441986083984 and parameters: {'gradient_clip_val': 0.4351801592537476, 'hidden_size': 47, 'dropout': 0.280473186948846, 'hidden_continuous_size': 20, 'attention_head_size': 4, 'learning_rate': 0.0032894162488371595}. Best is trial 54 with value: 39.61183547973633.
LOCAL_RANK: 0 - CUDA_VISIBLE_DEVICES: [0]
[I 2023-11-30 11:55:29,167] Trial 94 finished with value: 58.213104248046875 and parameters: {'gradient_clip_val': 0.3367468504538864, 'hidden_size': 37, 'dropout': 0.301550878184058, 'hidden_continuous_size': 18, 'attention_head_size': 2, 'learning_rate': 0.005059049783950572}. Best is trial 54 with value: 39.61183547973633.
LOCAL_RANK: 0 - CUDA_VISIBLE_DEVICES: [0]
