[I 2023-11-30 00:49:28,365] Trial 68 finished with value: 0.1294911950826645 and parameters: {'gradient_clip_val': 0.9171271503746504, 'hidden_size': 104, 'dropout': 0.11134661783212166, 'hidden_continuous_size': 97, 'attention_head_size': 2, 'learning_rate': 0.025534484048572}. Best is trial 16 with value: 0.09483899921178818.
LOCAL_RANK: 0 - CUDA_VISIBLE_DEVICES: [0]
[I 2023-11-30 00:49:42,589] Trial 69 finished with value: 0.12183201313018799 and parameters: {'gradient_clip_val': 0.7289039794417184, 'hidden_size': 111, 'dropout': 0.14222970045417424, 'hidden_continuous_size': 104, 'attention_head_size': 1, 'learning_rate': 0.008750226362497669}. Best is trial 16 with value: 0.09483899921178818.
LOCAL_RANK: 0 - CUDA_VISIBLE_DEVICES: [0]
[I 2023-11-30 00:49:57,355] Trial 70 finished with value: 0.08072541654109955 and parameters: {'gradient_clip_val': 0.6393600457480612, 'hidden_size': 150, 'dropout': 0.16382583126782213, 'hidden_continuous_size': 141, 'attention_head_size': 1, 'learning_rate': 0.021166933892357354}. Best is trial 70 with value: 0.08072541654109955.
LOCAL_RANK: 0 - CUDA_VISIBLE_DEVICES: [0]
[I 2023-11-30 00:50:12,185] Trial 71 finished with value: 0.14819765090942383 and parameters: {'gradient_clip_val': 0.6355749551632031, 'hidden_size': 141, 'dropout': 0.1650373358319511, 'hidden_continuous_size': 137, 'attention_head_size': 1, 'learning_rate': 0.02221652220931674}. Best is trial 70 with value: 0.08072541654109955.
LOCAL_RANK: 0 - CUDA_VISIBLE_DEVICES: [0]
[I 2023-11-30 00:50:26,803] Trial 72 finished with value: 0.14522506296634674 and parameters: {'gradient_clip_val': 0.554100437626154, 'hidden_size': 150, 'dropout': 0.18687352868407484, 'hidden_continuous_size': 144, 'attention_head_size': 1, 'learning_rate': 0.029606355240041765}. Best is trial 70 with value: 0.08072541654109955.
LOCAL_RANK: 0 - CUDA_VISIBLE_DEVICES: [0]
[I 2023-11-30 00:50:41,147] Trial 73 finished with value: 0.1585894674062729 and parameters: {'gradient_clip_val': 0.6610850397020631, 'hidden_size': 127, 'dropout': 0.1310351407722369, 'hidden_continuous_size': 114, 'attention_head_size': 1, 'learning_rate': 0.017022381203224003}. Best is trial 70 with value: 0.08072541654109955.
LOCAL_RANK: 0 - CUDA_VISIBLE_DEVICES: [0]
[I 2023-11-30 00:50:55,624] Trial 74 finished with value: 0.1478670835494995 and parameters: {'gradient_clip_val': 0.5792623309739922, 'hidden_size': 130, 'dropout': 0.1751816653613798, 'hidden_continuous_size': 118, 'attention_head_size': 1, 'learning_rate': 0.0206909905086733}. Best is trial 70 with value: 0.08072541654109955.
LOCAL_RANK: 0 - CUDA_VISIBLE_DEVICES: [0]
[I 2023-11-30 00:51:09,937] Trial 75 finished with value: 0.23468506336212158 and parameters: {'gradient_clip_val': 0.7603744936215393, 'hidden_size': 115, 'dropout': 0.12103227950997307, 'hidden_continuous_size': 105, 'attention_head_size': 1, 'learning_rate': 0.02430287235791819}. Best is trial 70 with value: 0.08072541654109955.
LOCAL_RANK: 0 - CUDA_VISIBLE_DEVICES: [0]
[I 2023-11-30 00:51:24,098] Trial 76 finished with value: 0.1959669589996338 and parameters: {'gradient_clip_val': 0.8545365339362543, 'hidden_size': 77, 'dropout': 0.1539436116626158, 'hidden_continuous_size': 74, 'attention_head_size': 3, 'learning_rate': 0.03440673183902238}. Best is trial 70 with value: 0.08072541654109955.
LOCAL_RANK: 0 - CUDA_VISIBLE_DEVICES: [0]
[I 2023-11-30 00:51:38,569] Trial 77 finished with value: 0.1089906319975853 and parameters: {'gradient_clip_val': 0.9989385724306715, 'hidden_size': 140, 'dropout': 0.20088310192833858, 'hidden_continuous_size': 130, 'attention_head_size': 1, 'learning_rate': 0.01305403287310329}. Best is trial 70 with value: 0.08072541654109955.
LOCAL_RANK: 0 - CUDA_VISIBLE_DEVICES: [0]
[I 2023-11-30 00:51:52,566] Trial 78 finished with value: 0.22093164920806885 and parameters: {'gradient_clip_val': 0.6081030785201242, 'hidden_size': 89, 'dropout': 0.16327647345759716, 'hidden_continuous_size': 82, 'attention_head_size': 1, 'learning_rate': 0.012490905574350666}. Best is trial 70 with value: 0.08072541654109955.
LOCAL_RANK: 0 - CUDA_VISIBLE_DEVICES: [0]
[I 2023-11-30 00:52:06,687] Trial 79 finished with value: 0.10216202586889267 and parameters: {'gradient_clip_val': 0.9344313301420476, 'hidden_size': 98, 'dropout': 0.20646134454216364, 'hidden_continuous_size': 90, 'attention_head_size': 1, 'learning_rate': 0.014818351812403914}. Best is trial 70 with value: 0.08072541654109955.
LOCAL_RANK: 0 - CUDA_VISIBLE_DEVICES: [0]
[I 2023-11-30 00:52:20,716] Trial 80 finished with value: 0.12116434425115585 and parameters: {'gradient_clip_val': 0.8088657798909551, 'hidden_size': 100, 'dropout': 0.1866370307874384, 'hidden_continuous_size': 92, 'attention_head_size': 2, 'learning_rate': 0.015228032159815644}. Best is trial 70 with value: 0.08072541654109955.
LOCAL_RANK: 0 - CUDA_VISIBLE_DEVICES: [0]
[I 2023-11-30 00:52:34,979] Trial 81 finished with value: 0.175353541970253 and parameters: {'gradient_clip_val': 0.9327822299395978, 'hidden_size': 120, 'dropout': 0.20631187527456013, 'hidden_continuous_size': 112, 'attention_head_size': 1, 'learning_rate': 0.012921982518538495}. Best is trial 70 with value: 0.08072541654109955.
LOCAL_RANK: 0 - CUDA_VISIBLE_DEVICES: [0]
[I 2023-11-30 00:52:49,422] Trial 82 finished with value: 0.21935008466243744 and parameters: {'gradient_clip_val': 0.9991201044108651, 'hidden_size': 132, 'dropout': 0.19954239594319031, 'hidden_continuous_size': 126, 'attention_head_size': 1, 'learning_rate': 0.010121528734701183}. Best is trial 70 with value: 0.08072541654109955.
LOCAL_RANK: 0 - CUDA_VISIBLE_DEVICES: [0]
[I 2023-11-30 00:53:04,022] Trial 83 finished with value: 0.13692304491996765 and parameters: {'gradient_clip_val': 0.9339099075497777, 'hidden_size': 138, 'dropout': 0.22388531358990307, 'hidden_continuous_size': 127, 'attention_head_size': 1, 'learning_rate': 0.01850777921209832}. Best is trial 70 with value: 0.08072541654109955.
LOCAL_RANK: 0 - CUDA_VISIBLE_DEVICES: [0]
[I 2023-11-30 00:53:17,870] Trial 84 finished with value: 0.16476380825042725 and parameters: {'gradient_clip_val': 0.8697639040733861, 'hidden_size': 88, 'dropout': 0.19704674328670008, 'hidden_continuous_size': 84, 'attention_head_size': 1, 'learning_rate': 0.014645284038890082}. Best is trial 70 with value: 0.08072541654109955.
LOCAL_RANK: 0 - CUDA_VISIBLE_DEVICES: [0]
[I 2023-11-30 00:53:32,148] Trial 85 finished with value: 0.2016233652830124 and parameters: {'gradient_clip_val': 0.7039644929135128, 'hidden_size': 110, 'dropout': 0.17037478672981277, 'hidden_continuous_size': 102, 'attention_head_size': 1, 'learning_rate': 0.011566965773380128}. Best is trial 70 with value: 0.08072541654109955.
LOCAL_RANK: 0 - CUDA_VISIBLE_DEVICES: [0]
[I 2023-11-30 00:53:46,923] Trial 86 finished with value: 0.13215065002441406 and parameters: {'gradient_clip_val': 0.7394576849414247, 'hidden_size': 142, 'dropout': 0.17691802150566716, 'hidden_continuous_size': 132, 'attention_head_size': 1, 'learning_rate': 0.017379516905932094}. Best is trial 70 with value: 0.08072541654109955.
LOCAL_RANK: 0 - CUDA_VISIBLE_DEVICES: [0]
[I 2023-11-30 00:54:01,215] Trial 87 finished with value: 0.10758600383996964 and parameters: {'gradient_clip_val': 0.820807198225863, 'hidden_size': 121, 'dropout': 0.18210680431644632, 'hidden_continuous_size': 113, 'attention_head_size': 1, 'learning_rate': 0.020330331097343345}. Best is trial 70 with value: 0.08072541654109955.
LOCAL_RANK: 0 - CUDA_VISIBLE_DEVICES: [0]
[I 2023-11-30 00:54:15,218] Trial 88 finished with value: 0.19846920669078827 and parameters: {'gradient_clip_val': 0.7690318422830537, 'hidden_size': 98, 'dropout': 0.1813034167203861, 'hidden_continuous_size': 92, 'attention_head_size': 1, 'learning_rate': 0.020633255831053045}. Best is trial 70 with value: 0.08072541654109955.
LOCAL_RANK: 0 - CUDA_VISIBLE_DEVICES: [0]
[I 2023-11-30 00:54:29,194] Trial 89 finished with value: 0.1536502242088318 and parameters: {'gradient_clip_val': 0.8108118590918431, 'hidden_size': 94, 'dropout': 0.13405783158763013, 'hidden_continuous_size': 88, 'attention_head_size': 1, 'learning_rate': 0.02284914360029035}. Best is trial 70 with value: 0.08072541654109955.
LOCAL_RANK: 0 - CUDA_VISIBLE_DEVICES: [0]
[I 2023-11-30 00:54:43,449] Trial 90 finished with value: 0.13586317002773285 and parameters: {'gradient_clip_val': 0.6704690357158086, 'hidden_size': 126, 'dropout': 0.1445163614613607, 'hidden_continuous_size': 116, 'attention_head_size': 1, 'learning_rate': 0.027241446018158318}. Best is trial 70 with value: 0.08072541654109955.
LOCAL_RANK: 0 - CUDA_VISIBLE_DEVICES: [0]
[I 2023-11-30 00:54:57,880] Trial 91 finished with value: 0.25131916999816895 and parameters: {'gradient_clip_val': 0.9341001622664938, 'hidden_size': 117, 'dropout': 0.19086538594567176, 'hidden_continuous_size': 109, 'attention_head_size': 1, 'learning_rate': 0.016335903862498467}. Best is trial 70 with value: 0.08072541654109955.
LOCAL_RANK: 0 - CUDA_VISIBLE_DEVICES: [0]
[I 2023-11-30 00:55:12,506] Trial 92 finished with value: 0.1242755651473999 and parameters: {'gradient_clip_val': 0.8669401938923829, 'hidden_size': 141, 'dropout': 0.18485014771605063, 'hidden_continuous_size': 129, 'attention_head_size': 1, 'learning_rate': 0.019646048356040963}. Best is trial 70 with value: 0.08072541654109955.
LOCAL_RANK: 0 - CUDA_VISIBLE_DEVICES: [0]
[I 2023-11-30 00:55:26,990] Trial 93 finished with value: 0.16262607276439667 and parameters: {'gradient_clip_val': 0.8931248291254873, 'hidden_size': 131, 'dropout': 0.17524074137502912, 'hidden_continuous_size': 121, 'attention_head_size': 1, 'learning_rate': 0.013809839954409072}. Best is trial 70 with value: 0.08072541654109955.
LOCAL_RANK: 0 - CUDA_VISIBLE_DEVICES: [0]
[I 2023-11-30 00:55:41,670] Trial 94 finished with value: 0.2984621226787567 and parameters: {'gradient_clip_val': 0.817218136304176, 'hidden_size': 145, 'dropout': 0.15860099933063868, 'hidden_continuous_size': 131, 'attention_head_size': 1, 'learning_rate': 0.0108391934310307}. Best is trial 70 with value: 0.08072541654109955.
LOCAL_RANK: 0 - CUDA_VISIBLE_DEVICES: [0]
[I 2023-11-30 00:55:55,846] Trial 95 finished with value: 0.08015605807304382 and parameters: {'gradient_clip_val': 0.9971904273397175, 'hidden_size': 105, 'dropout': 0.16789487843773834, 'hidden_continuous_size': 99, 'attention_head_size': 1, 'learning_rate': 0.01764758343742043}. Best is trial 95 with value: 0.08015605807304382.
LOCAL_RANK: 0 - CUDA_VISIBLE_DEVICES: [0]
[I 2023-11-30 00:56:09,963] Trial 96 finished with value: 0.14237673580646515 and parameters: {'gradient_clip_val': 0.936719630290713, 'hidden_size': 83, 'dropout': 0.1684885546176617, 'hidden_continuous_size': 79, 'attention_head_size': 1, 'learning_rate': 0.023251342738248002}. Best is trial 95 with value: 0.08015605807304382.
LOCAL_RANK: 0 - CUDA_VISIBLE_DEVICES: [0]
[I 2023-11-30 00:56:24,065] Trial 97 finished with value: 0.19012494385242462 and parameters: {'gradient_clip_val': 0.8844311776156247, 'hidden_size': 112, 'dropout': 0.1085672264887881, 'hidden_continuous_size': 101, 'attention_head_size': 1, 'learning_rate': 0.018635335054789513}. Best is trial 95 with value: 0.08015605807304382.
LOCAL_RANK: 0 - CUDA_VISIBLE_DEVICES: [0]
[I 2023-11-30 00:56:38,302] Trial 98 finished with value: 0.2500404417514801 and parameters: {'gradient_clip_val': 0.7065650440947845, 'hidden_size': 101, 'dropout': 0.12229222968272853, 'hidden_continuous_size': 97, 'attention_head_size': 2, 'learning_rate': 0.016363303704241043}. Best is trial 95 with value: 0.08015605807304382.
LOCAL_RANK: 0 - CUDA_VISIBLE_DEVICES: [0]
[I 2023-11-30 00:56:52,586] Trial 99 finished with value: 0.16756105422973633 and parameters: {'gradient_clip_val': 0.8307413941088612, 'hidden_size': 122, 'dropout': 0.15651664573053706, 'hidden_continuous_size': 116, 'attention_head_size': 1, 'learning_rate': 0.020739685523250447}. Best is trial 95 with value: 0.08015605807304382.
LOCAL_RANK: 0 - CUDA_VISIBLE_DEVICES: [0]
[I 2023-11-30 00:57:06,687] Trial 100 finished with value: 0.15546780824661255 and parameters: {'gradient_clip_val': 0.7625387948722964, 'hidden_size': 105, 'dropout': 0.14567078141791495, 'hidden_continuous_size': 99, 'attention_head_size': 1, 'learning_rate': 0.026860668585131826}. Best is trial 95 with value: 0.08015605807304382.
LOCAL_RANK: 0 - CUDA_VISIBLE_DEVICES: [0]
[I 2023-11-30 00:57:21,222] Trial 101 finished with value: 0.16574938595294952 and parameters: {'gradient_clip_val': 0.9575805373647215, 'hidden_size': 132, 'dropout': 0.1954057163203787, 'hidden_continuous_size': 121, 'attention_head_size': 1, 'learning_rate': 0.013244162169124865}. Best is trial 95 with value: 0.08015605807304382.
LOCAL_RANK: 0 - CUDA_VISIBLE_DEVICES: [0]
[I 2023-11-30 00:57:35,977] Trial 102 finished with value: 0.2390362024307251 and parameters: {'gradient_clip_val': 0.9923966256794226, 'hidden_size': 146, 'dropout': 0.18303838910103168, 'hidden_continuous_size': 142, 'attention_head_size': 1, 'learning_rate': 0.015182793662542465}. Best is trial 95 with value: 0.08015605807304382.
LOCAL_RANK: 0 - CUDA_VISIBLE_DEVICES: [0]
[I 2023-11-30 00:57:50,276] Trial 103 finished with value: 0.2903299629688263 and parameters: {'gradient_clip_val': 0.9068258911765625, 'hidden_size': 123, 'dropout': 0.17134423441326732, 'hidden_continuous_size': 113, 'attention_head_size': 1, 'learning_rate': 0.01778570498020723}. Best is trial 95 with value: 0.08015605807304382.
LOCAL_RANK: 0 - CUDA_VISIBLE_DEVICES: [0]
[I 2023-11-30 00:58:04,479] Trial 104 finished with value: 0.21614742279052734 and parameters: {'gradient_clip_val': 0.9542964746512101, 'hidden_size': 114, 'dropout': 0.2020037119242559, 'hidden_continuous_size': 107, 'attention_head_size': 1, 'learning_rate': 0.01170042919770595}. Best is trial 95 with value: 0.08015605807304382.
LOCAL_RANK: 0 - CUDA_VISIBLE_DEVICES: [0]
[I 2023-11-30 00:58:19,100] Trial 105 finished with value: 0.15157657861709595 and parameters: {'gradient_clip_val': 0.8334238497753552, 'hidden_size': 134, 'dropout': 0.16195765673518753, 'hidden_continuous_size': 129, 'attention_head_size': 1, 'learning_rate': 0.014097844167609262}. Best is trial 95 with value: 0.08015605807304382.
LOCAL_RANK: 0 - CUDA_VISIBLE_DEVICES: [0]
[I 2023-11-30 00:58:33,869] Trial 106 finished with value: 0.21252559125423431 and parameters: {'gradient_clip_val': 0.8847003325345537, 'hidden_size': 144, 'dropout': 0.19112043853676675, 'hidden_continuous_size': 131, 'attention_head_size': 1, 'learning_rate': 0.009297213326784905}. Best is trial 95 with value: 0.08015605807304382.
LOCAL_RANK: 0 - CUDA_VISIBLE_DEVICES: [0]
[I 2023-11-30 00:58:48,592] Trial 107 finished with value: 0.2223418951034546 and parameters: {'gradient_clip_val': 0.777679119877252, 'hidden_size': 150, 'dropout': 0.15176464598694123, 'hidden_continuous_size': 144, 'attention_head_size': 1, 'learning_rate': 0.023196699438741333}. Best is trial 95 with value: 0.08015605807304382.
LOCAL_RANK: 0 - CUDA_VISIBLE_DEVICES: [0]
[I 2023-11-30 00:59:03,073] Trial 108 finished with value: 0.2594044506549835 and parameters: {'gradient_clip_val': 0.9656021869989461, 'hidden_size': 127, 'dropout': 0.13756722451817685, 'hidden_continuous_size': 120, 'attention_head_size': 3, 'learning_rate': 0.015814983002824273}. Best is trial 95 with value: 0.08015605807304382.
LOCAL_RANK: 0 - CUDA_VISIBLE_DEVICES: [0]
[I 2023-11-30 00:59:17,157] Trial 109 finished with value: 0.14481990039348602 and parameters: {'gradient_clip_val': 0.6525231265753242, 'hidden_size': 105, 'dropout': 0.21204417852485724, 'hidden_continuous_size': 100, 'attention_head_size': 1, 'learning_rate': 0.012336440052844136}. Best is trial 95 with value: 0.08015605807304382.
LOCAL_RANK: 0 - CUDA_VISIBLE_DEVICES: [0]
[I 2023-11-30 00:59:31,438] Trial 110 finished with value: 0.20925958454608917 and parameters: {'gradient_clip_val': 0.7293634596493411, 'hidden_size': 118, 'dropout': 0.11626049547407631, 'hidden_continuous_size': 110, 'attention_head_size': 1, 'learning_rate': 0.020457775192824764}. Best is trial 95 with value: 0.08015605807304382.
LOCAL_RANK: 0 - CUDA_VISIBLE_DEVICES: [0]
[I 2023-11-30 00:59:46,245] Trial 111 finished with value: 0.10120192915201187 and parameters: {'gradient_clip_val': 0.988753335602663, 'hidden_size': 139, 'dropout': 0.12857719297232584, 'hidden_continuous_size': 133, 'attention_head_size': 1, 'learning_rate': 0.03181561899130036}. Best is trial 95 with value: 0.08015605807304382.
LOCAL_RANK: 0 - CUDA_VISIBLE_DEVICES: [0]
[I 2023-11-30 01:00:00,811] Trial 112 finished with value: 0.2142317146062851 and parameters: {'gradient_clip_val': 0.9988960436375998, 'hidden_size': 138, 'dropout': 0.1038954539579356, 'hidden_continuous_size': 132, 'attention_head_size': 1, 'learning_rate': 0.025276483598895762}. Best is trial 95 with value: 0.08015605807304382.
LOCAL_RANK: 0 - CUDA_VISIBLE_DEVICES: [0]
[I 2023-11-30 01:00:15,027] Trial 113 finished with value: 0.24252788722515106 and parameters: {'gradient_clip_val': 0.9175863853039535, 'hidden_size': 110, 'dropout': 0.11418132698380686, 'hidden_continuous_size': 105, 'attention_head_size': 1, 'learning_rate': 0.028822215188743394}. Best is trial 95 with value: 0.08015605807304382.
LOCAL_RANK: 0 - CUDA_VISIBLE_DEVICES: [0]
[I 2023-11-30 01:00:29,369] Trial 114 finished with value: 0.2712250053882599 and parameters: {'gradient_clip_val': 0.853945000535701, 'hidden_size': 124, 'dropout': 0.12679554639858717, 'hidden_continuous_size': 117, 'attention_head_size': 1, 'learning_rate': 0.031847713278030966}. Best is trial 95 with value: 0.08015605807304382.
LOCAL_RANK: 0 - CUDA_VISIBLE_DEVICES: [0]
[I 2023-11-30 01:00:43,958] Trial 115 finished with value: 0.14530102908611298 and parameters: {'gradient_clip_val': 0.9614372660392279, 'hidden_size': 132, 'dropout': 0.1324101733997068, 'hidden_continuous_size': 123, 'attention_head_size': 4, 'learning_rate': 0.017294886354355537}. Best is trial 95 with value: 0.08015605807304382.
LOCAL_RANK: 0 - CUDA_VISIBLE_DEVICES: [0]
[I 2023-11-30 01:00:58,507] Trial 116 finished with value: 0.10047086328268051 and parameters: {'gradient_clip_val': 0.8937301972369224, 'hidden_size': 144, 'dropout': 0.1793694306262911, 'hidden_continuous_size': 136, 'attention_head_size': 1, 'learning_rate': 0.010270702027732252}. Best is trial 95 with value: 0.08015605807304382.
LOCAL_RANK: 0 - CUDA_VISIBLE_DEVICES: [0]
[I 2023-11-30 01:01:12,822] Trial 117 finished with value: 0.15298992395401 and parameters: {'gradient_clip_val': 0.7891404925754486, 'hidden_size': 119, 'dropout': 0.17949045339150493, 'hidden_continuous_size': 111, 'attention_head_size': 1, 'learning_rate': 0.04034671324117201}. Best is trial 95 with value: 0.08015605807304382.
LOCAL_RANK: 0 - CUDA_VISIBLE_DEVICES: [0]
[I 2023-11-30 01:01:27,590] Trial 118 finished with value: 0.18588291108608246 and parameters: {'gradient_clip_val': 0.8921657108900001, 'hidden_size': 145, 'dropout': 0.1637191288092018, 'hidden_continuous_size': 138, 'attention_head_size': 1, 'learning_rate': 0.022145895367986064}. Best is trial 95 with value: 0.08015605807304382.
LOCAL_RANK: 0 - CUDA_VISIBLE_DEVICES: [0]
[I 2023-11-30 01:01:41,671] Trial 119 finished with value: 0.10568811744451523 and parameters: {'gradient_clip_val': 0.6003610087508469, 'hidden_size': 93, 'dropout': 0.14780384893981283, 'hidden_continuous_size': 89, 'attention_head_size': 1, 'learning_rate': 0.010564493425853548}. Best is trial 95 with value: 0.08015605807304382.
LOCAL_RANK: 0 - CUDA_VISIBLE_DEVICES: [0]
[I 2023-11-30 01:01:55,799] Trial 120 finished with value: 0.15183721482753754 and parameters: {'gradient_clip_val': 0.586048804300066, 'hidden_size': 94, 'dropout': 0.15418703464007222, 'hidden_continuous_size': 91, 'attention_head_size': 2, 'learning_rate': 0.010231051614057659}. Best is trial 95 with value: 0.08015605807304382.
LOCAL_RANK: 0 - CUDA_VISIBLE_DEVICES: [0]
[I 2023-11-30 01:02:10,232] Trial 121 finished with value: 0.2170165777206421 and parameters: {'gradient_clip_val': 0.6157152561726307, 'hidden_size': 111, 'dropout': 0.14311021096096047, 'hidden_continuous_size': 106, 'attention_head_size': 1, 'learning_rate': 0.011008575938511487}. Best is trial 95 with value: 0.08015605807304382.
LOCAL_RANK: 0 - CUDA_VISIBLE_DEVICES: [0]
[I 2023-11-30 01:02:24,236] Trial 122 finished with value: 0.11469381302595139 and parameters: {'gradient_clip_val': 0.5136089089218091, 'hidden_size': 90, 'dropout': 0.17298827190190164, 'hidden_continuous_size': 86, 'attention_head_size': 1, 'learning_rate': 0.00749311147367236}. Best is trial 95 with value: 0.08015605807304382.
LOCAL_RANK: 0 - CUDA_VISIBLE_DEVICES: [0]
[I 2023-11-30 01:02:38,687] Trial 123 finished with value: 0.16447503864765167 and parameters: {'gradient_clip_val': 0.5566424948020802, 'hidden_size': 131, 'dropout': 0.14902913229865503, 'hidden_continuous_size': 122, 'attention_head_size': 1, 'learning_rate': 0.014492104066012444}. Best is trial 95 with value: 0.08015605807304382.
LOCAL_RANK: 0 - CUDA_VISIBLE_DEVICES: [0]
[I 2023-11-30 01:02:52,713] Trial 124 finished with value: 0.09908070415258408 and parameters: {'gradient_clip_val': 0.6394078835575991, 'hidden_size': 98, 'dropout': 0.13724712383093987, 'hidden_continuous_size': 94, 'attention_head_size': 1, 'learning_rate': 0.00871923090484546}. Best is trial 95 with value: 0.08015605807304382.
LOCAL_RANK: 0 - CUDA_VISIBLE_DEVICES: [0]
[I 2023-11-30 01:03:06,772] Trial 125 finished with value: 0.14722637832164764 and parameters: {'gradient_clip_val': 0.6352961981040645, 'hidden_size': 99, 'dropout': 0.1365201305309012, 'hidden_continuous_size': 95, 'attention_head_size': 1, 'learning_rate': 0.009110605873563654}. Best is trial 95 with value: 0.08015605807304382.
LOCAL_RANK: 0 - CUDA_VISIBLE_DEVICES: [0]
