[I 2023-11-30 11:17:02,731] Trial 70 finished with value: 10.764541625976562 and parameters: {'gradient_clip_val': 0.808375875120343, 'hidden_size': 106, 'dropout': 0.2756039752770971, 'hidden_continuous_size': 60, 'attention_head_size': 2, 'learning_rate': 0.009205980713943053}. Best is trial 27 with value: 9.980278968811035.
LOCAL_RANK: 0 - CUDA_VISIBLE_DEVICES: [0]
[I 2023-11-30 11:17:16,551] Trial 71 finished with value: 10.146573066711426 and parameters: {'gradient_clip_val': 0.9246662021410902, 'hidden_size': 93, 'dropout': 0.3399459290212385, 'hidden_continuous_size': 48, 'attention_head_size': 3, 'learning_rate': 0.01082696273324836}. Best is trial 27 with value: 9.980278968811035.
LOCAL_RANK: 0 - CUDA_VISIBLE_DEVICES: [0]
[I 2023-11-30 11:17:30,393] Trial 72 finished with value: 10.693382263183594 and parameters: {'gradient_clip_val': 0.7504758497664563, 'hidden_size': 93, 'dropout': 0.3418309745312618, 'hidden_continuous_size': 50, 'attention_head_size': 3, 'learning_rate': 0.010094998047240426}. Best is trial 27 with value: 9.980278968811035.
LOCAL_RANK: 0 - CUDA_VISIBLE_DEVICES: [0]
[I 2023-11-30 11:17:44,470] Trial 73 finished with value: 10.437276840209961 and parameters: {'gradient_clip_val': 0.865681314807402, 'hidden_size': 86, 'dropout': 0.3529223807037122, 'hidden_continuous_size': 46, 'attention_head_size': 3, 'learning_rate': 0.014019485035102365}. Best is trial 27 with value: 9.980278968811035.
LOCAL_RANK: 0 - CUDA_VISIBLE_DEVICES: [0]
[I 2023-11-30 11:17:58,297] Trial 74 finished with value: 10.531539916992188 and parameters: {'gradient_clip_val': 0.9308362615983102, 'hidden_size': 86, 'dropout': 0.3707260822860412, 'hidden_continuous_size': 52, 'attention_head_size': 3, 'learning_rate': 0.01364456082490368}. Best is trial 27 with value: 9.980278968811035.
LOCAL_RANK: 0 - CUDA_VISIBLE_DEVICES: [0]
[I 2023-11-30 11:18:11,942] Trial 75 finished with value: 10.109368324279785 and parameters: {'gradient_clip_val': 0.6601382279010364, 'hidden_size': 80, 'dropout': 0.3533221975928778, 'hidden_continuous_size': 44, 'attention_head_size': 3, 'learning_rate': 0.01472086571353596}. Best is trial 27 with value: 9.980278968811035.
LOCAL_RANK: 0 - CUDA_VISIBLE_DEVICES: [0]
[I 2023-11-30 11:18:25,897] Trial 76 finished with value: 11.1451416015625 and parameters: {'gradient_clip_val': 0.6676728666732055, 'hidden_size': 124, 'dropout': 0.3837177769432206, 'hidden_continuous_size': 61, 'attention_head_size': 3, 'learning_rate': 0.011637681493043067}. Best is trial 27 with value: 9.980278968811035.
LOCAL_RANK: 0 - CUDA_VISIBLE_DEVICES: [0]
[I 2023-11-30 11:18:39,865] Trial 77 finished with value: 10.492218971252441 and parameters: {'gradient_clip_val': 0.6354700634881325, 'hidden_size': 110, 'dropout': 0.35660309503190146, 'hidden_continuous_size': 46, 'attention_head_size': 3, 'learning_rate': 0.014642701231357533}. Best is trial 27 with value: 9.980278968811035.
LOCAL_RANK: 0 - CUDA_VISIBLE_DEVICES: [0]
[I 2023-11-30 11:18:53,508] Trial 78 finished with value: 10.767066955566406 and parameters: {'gradient_clip_val': 0.739691618598197, 'hidden_size': 80, 'dropout': 0.370062552132472, 'hidden_continuous_size': 43, 'attention_head_size': 3, 'learning_rate': 0.008477298226358562}. Best is trial 27 with value: 9.980278968811035.
LOCAL_RANK: 0 - CUDA_VISIBLE_DEVICES: [0]
[I 2023-11-30 11:19:07,423] Trial 79 finished with value: 11.194157600402832 and parameters: {'gradient_clip_val': 0.5430314653311509, 'hidden_size': 97, 'dropout': 0.3250044857586929, 'hidden_continuous_size': 48, 'attention_head_size': 3, 'learning_rate': 0.010771604382000578}. Best is trial 27 with value: 9.980278968811035.
LOCAL_RANK: 0 - CUDA_VISIBLE_DEVICES: [0]
[I 2023-11-30 11:19:21,354] Trial 80 finished with value: 10.570171356201172 and parameters: {'gradient_clip_val': 0.7888995765453873, 'hidden_size': 91, 'dropout': 0.3533638745925899, 'hidden_continuous_size': 41, 'attention_head_size': 3, 'learning_rate': 0.022871713320512188}. Best is trial 27 with value: 9.980278968811035.
LOCAL_RANK: 0 - CUDA_VISIBLE_DEVICES: [0]
[I 2023-11-30 11:19:35,134] Trial 81 finished with value: 10.594408988952637 and parameters: {'gradient_clip_val': 0.8770910998810054, 'hidden_size': 78, 'dropout': 0.3450228541117844, 'hidden_continuous_size': 44, 'attention_head_size': 3, 'learning_rate': 0.01719046739259866}. Best is trial 27 with value: 9.980278968811035.
LOCAL_RANK: 0 - CUDA_VISIBLE_DEVICES: [0]
[I 2023-11-30 11:19:49,006] Trial 82 finished with value: 10.85165786743164 and parameters: {'gradient_clip_val': 0.8290890063392223, 'hidden_size': 87, 'dropout': 0.337847665289909, 'hidden_continuous_size': 44, 'attention_head_size': 3, 'learning_rate': 0.013135817997820124}. Best is trial 27 with value: 9.980278968811035.
LOCAL_RANK: 0 - CUDA_VISIBLE_DEVICES: [0]
[I 2023-11-30 11:20:03,136] Trial 83 finished with value: 12.162402153015137 and parameters: {'gradient_clip_val': 0.6933443252559915, 'hidden_size': 102, 'dropout': 0.3298163195407553, 'hidden_continuous_size': 38, 'attention_head_size': 3, 'learning_rate': 0.015001712736760731}. Best is trial 27 with value: 9.980278968811035.
LOCAL_RANK: 0 - CUDA_VISIBLE_DEVICES: [0]
[I 2023-11-30 11:20:16,846] Trial 84 finished with value: 11.665640830993652 and parameters: {'gradient_clip_val': 0.940195821506313, 'hidden_size': 82, 'dropout': 0.36520400017646243, 'hidden_continuous_size': 39, 'attention_head_size': 3, 'learning_rate': 0.009571843405163387}. Best is trial 27 with value: 9.980278968811035.
LOCAL_RANK: 0 - CUDA_VISIBLE_DEVICES: [0]
[I 2023-11-30 11:20:30,836] Trial 85 finished with value: 10.768134117126465 and parameters: {'gradient_clip_val': 0.8739474112888226, 'hidden_size': 116, 'dropout': 0.35137994857390364, 'hidden_continuous_size': 36, 'attention_head_size': 4, 'learning_rate': 0.01795508815448112}. Best is trial 27 with value: 9.980278968811035.
LOCAL_RANK: 0 - CUDA_VISIBLE_DEVICES: [0]
[I 2023-11-30 11:20:44,413] Trial 86 finished with value: 11.554522514343262 and parameters: {'gradient_clip_val': 0.7876288485632671, 'hidden_size': 73, 'dropout': 0.37510018696250574, 'hidden_continuous_size': 41, 'attention_head_size': 3, 'learning_rate': 0.012192916962457407}. Best is trial 27 with value: 9.980278968811035.
LOCAL_RANK: 0 - CUDA_VISIBLE_DEVICES: [0]
[I 2023-11-30 11:20:58,165] Trial 87 finished with value: 10.603848457336426 and parameters: {'gradient_clip_val': 0.9783741227157425, 'hidden_size': 92, 'dropout': 0.35884164717012773, 'hidden_continuous_size': 48, 'attention_head_size': 2, 'learning_rate': 0.0155722236759789}. Best is trial 27 with value: 9.980278968811035.
LOCAL_RANK: 0 - CUDA_VISIBLE_DEVICES: [0]
[I 2023-11-30 11:21:12,393] Trial 88 finished with value: 11.189754486083984 and parameters: {'gradient_clip_val': 0.6102149662856267, 'hidden_size': 109, 'dropout': 0.34752858825448973, 'hidden_continuous_size': 52, 'attention_head_size': 3, 'learning_rate': 0.020845687947240177}. Best is trial 27 with value: 9.980278968811035.
LOCAL_RANK: 0 - CUDA_VISIBLE_DEVICES: [0]
[I 2023-11-30 11:21:25,838] Trial 89 finished with value: 10.289371490478516 and parameters: {'gradient_clip_val': 0.7130372124641233, 'hidden_size': 63, 'dropout': 0.38240563024880536, 'hidden_continuous_size': 39, 'attention_head_size': 3, 'learning_rate': 0.013852710415915624}. Best is trial 27 with value: 9.980278968811035.
LOCAL_RANK: 0 - CUDA_VISIBLE_DEVICES: [0]
[I 2023-11-30 11:21:39,222] Trial 90 finished with value: 10.7621431350708 and parameters: {'gradient_clip_val': 0.6619134637128643, 'hidden_size': 64, 'dropout': 0.3878031895461614, 'hidden_continuous_size': 41, 'attention_head_size': 3, 'learning_rate': 0.011280582293071651}. Best is trial 27 with value: 9.980278968811035.
LOCAL_RANK: 0 - CUDA_VISIBLE_DEVICES: [0]
[I 2023-11-30 11:21:52,887] Trial 91 finished with value: 10.702019691467285 and parameters: {'gradient_clip_val': 0.7288592933326551, 'hidden_size': 69, 'dropout': 0.37949199841990255, 'hidden_continuous_size': 44, 'attention_head_size': 3, 'learning_rate': 0.016561436352958356}. Best is trial 27 with value: 9.980278968811035.
LOCAL_RANK: 0 - CUDA_VISIBLE_DEVICES: [0]
[I 2023-11-30 11:22:06,439] Trial 92 finished with value: 10.66661262512207 and parameters: {'gradient_clip_val': 0.8276392314741502, 'hidden_size': 78, 'dropout': 0.399359504299226, 'hidden_continuous_size': 38, 'attention_head_size': 3, 'learning_rate': 0.013730261259015218}. Best is trial 27 with value: 9.980278968811035.
LOCAL_RANK: 0 - CUDA_VISIBLE_DEVICES: [0]
[I 2023-11-30 11:22:20,396] Trial 93 finished with value: 10.808647155761719 and parameters: {'gradient_clip_val': 0.7624308363774168, 'hidden_size': 83, 'dropout': 0.3917474906327555, 'hidden_continuous_size': 46, 'attention_head_size': 3, 'learning_rate': 0.010348637155861205}. Best is trial 27 with value: 9.980278968811035.
LOCAL_RANK: 0 - CUDA_VISIBLE_DEVICES: [0]
[I 2023-11-30 11:22:34,372] Trial 94 finished with value: 10.8174467086792 and parameters: {'gradient_clip_val': 0.7047666294559133, 'hidden_size': 94, 'dropout': 0.36293989356265605, 'hidden_continuous_size': 40, 'attention_head_size': 4, 'learning_rate': 0.012149311621081392}. Best is trial 27 with value: 9.980278968811035.
LOCAL_RANK: 0 - CUDA_VISIBLE_DEVICES: [0]
[I 2023-11-30 11:22:47,875] Trial 95 finished with value: 10.454682350158691 and parameters: {'gradient_clip_val': 0.8744933365205986, 'hidden_size': 72, 'dropout': 0.3355568085493424, 'hidden_continuous_size': 42, 'attention_head_size': 3, 'learning_rate': 0.008063630208225092}. Best is trial 27 with value: 9.980278968811035.
LOCAL_RANK: 0 - CUDA_VISIBLE_DEVICES: [0]
[I 2023-11-30 11:23:01,215] Trial 96 finished with value: 10.659988403320312 and parameters: {'gradient_clip_val': 0.8519812583898362, 'hidden_size': 72, 'dropout': 0.3341147104226435, 'hidden_continuous_size': 43, 'attention_head_size': 3, 'learning_rate': 0.008312489614278756}. Best is trial 27 with value: 9.980278968811035.
LOCAL_RANK: 0 - CUDA_VISIBLE_DEVICES: [0]
[I 2023-11-30 11:23:14,684] Trial 97 finished with value: 11.28043270111084 and parameters: {'gradient_clip_val': 0.5869891743525405, 'hidden_size': 58, 'dropout': 0.31455494242030635, 'hidden_continuous_size': 45, 'attention_head_size': 3, 'learning_rate': 0.00936178703566181}. Best is trial 27 with value: 9.980278968811035.
LOCAL_RANK: 0 - CUDA_VISIBLE_DEVICES: [0]
[I 2023-11-30 11:23:28,313] Trial 98 finished with value: 10.494917869567871 and parameters: {'gradient_clip_val': 0.7756180032903462, 'hidden_size': 62, 'dropout': 0.3232065801502429, 'hidden_continuous_size': 48, 'attention_head_size': 3, 'learning_rate': 0.0076973388775954206}. Best is trial 27 with value: 9.980278968811035.
LOCAL_RANK: 0 - CUDA_VISIBLE_DEVICES: [0]
[I 2023-11-30 11:23:41,867] Trial 99 finished with value: 10.573466300964355 and parameters: {'gradient_clip_val': 0.9581875009165974, 'hidden_size': 67, 'dropout': 0.341679172320808, 'hidden_continuous_size': 42, 'attention_head_size': 3, 'learning_rate': 0.011289882930049532}. Best is trial 27 with value: 9.980278968811035.
LOCAL_RANK: 0 - CUDA_VISIBLE_DEVICES: [0]
[I 2023-11-30 11:23:55,492] Trial 100 finished with value: 10.853348731994629 and parameters: {'gradient_clip_val': 0.8902484453393212, 'hidden_size': 72, 'dropout': 0.3709045193872085, 'hidden_continuous_size': 49, 'attention_head_size': 4, 'learning_rate': 0.010066694185941027}. Best is trial 27 with value: 9.980278968811035.
LOCAL_RANK: 0 - CUDA_VISIBLE_DEVICES: [0]
[I 2023-11-30 11:24:09,043] Trial 101 finished with value: 10.732356071472168 and parameters: {'gradient_clip_val': 0.8928078325012418, 'hidden_size': 88, 'dropout': 0.357369030818836, 'hidden_continuous_size': 38, 'attention_head_size': 3, 'learning_rate': 0.014026538631710174}. Best is trial 27 with value: 9.980278968811035.
LOCAL_RANK: 0 - CUDA_VISIBLE_DEVICES: [0]
[I 2023-11-30 11:24:22,572] Trial 102 finished with value: 10.83952808380127 and parameters: {'gradient_clip_val': 0.8158439114536647, 'hidden_size': 77, 'dropout': 0.34952456924982356, 'hidden_continuous_size': 40, 'attention_head_size': 1, 'learning_rate': 0.012921752464765249}. Best is trial 27 with value: 9.980278968811035.
LOCAL_RANK: 0 - CUDA_VISIBLE_DEVICES: [0]
[I 2023-11-30 11:24:36,238] Trial 103 finished with value: 10.846839904785156 and parameters: {'gradient_clip_val': 0.9355863857195461, 'hidden_size': 84, 'dropout': 0.3833893702159597, 'hidden_continuous_size': 36, 'attention_head_size': 1, 'learning_rate': 0.016109446836144337}. Best is trial 27 with value: 9.980278968811035.
LOCAL_RANK: 0 - CUDA_VISIBLE_DEVICES: [0]
[I 2023-11-30 11:24:50,126] Trial 104 finished with value: 10.433146476745605 and parameters: {'gradient_clip_val': 0.9939497266540696, 'hidden_size': 99, 'dropout': 0.3357999511220649, 'hidden_continuous_size': 35, 'attention_head_size': 3, 'learning_rate': 0.018560030660005274}. Best is trial 27 with value: 9.980278968811035.
LOCAL_RANK: 0 - CUDA_VISIBLE_DEVICES: [0]
[I 2023-11-30 11:25:04,064] Trial 105 finished with value: 10.731257438659668 and parameters: {'gradient_clip_val': 0.9680100539768145, 'hidden_size': 97, 'dropout': 0.33434813348208264, 'hidden_continuous_size': 51, 'attention_head_size': 3, 'learning_rate': 0.01905542731186425}. Best is trial 27 with value: 9.980278968811035.
LOCAL_RANK: 0 - CUDA_VISIBLE_DEVICES: [0]
[I 2023-11-30 11:25:17,803] Trial 106 finished with value: 10.562151908874512 and parameters: {'gradient_clip_val': 0.8422404473415527, 'hidden_size': 78, 'dropout': 0.36436088074651823, 'hidden_continuous_size': 46, 'attention_head_size': 3, 'learning_rate': 0.009011459865185513}. Best is trial 27 with value: 9.980278968811035.
LOCAL_RANK: 0 - CUDA_VISIBLE_DEVICES: [0]
[I 2023-11-30 11:25:31,688] Trial 107 finished with value: 10.631549835205078 and parameters: {'gradient_clip_val': 0.998213934491787, 'hidden_size': 104, 'dropout': 0.3029032622412781, 'hidden_continuous_size': 55, 'attention_head_size': 3, 'learning_rate': 0.01422962141588652}. Best is trial 27 with value: 9.980278968811035.
LOCAL_RANK: 0 - CUDA_VISIBLE_DEVICES: [0]
[I 2023-11-30 11:25:45,662] Trial 108 finished with value: 10.91869831085205 and parameters: {'gradient_clip_val': 0.7303388649122742, 'hidden_size': 90, 'dropout': 0.3271404397008016, 'hidden_continuous_size': 34, 'attention_head_size': 2, 'learning_rate': 0.011135277246144559}. Best is trial 27 with value: 9.980278968811035.
LOCAL_RANK: 0 - CUDA_VISIBLE_DEVICES: [0]
[I 2023-11-30 11:25:59,466] Trial 109 finished with value: 10.932246208190918 and parameters: {'gradient_clip_val': 0.6862793889475262, 'hidden_size': 99, 'dropout': 0.31763409870158543, 'hidden_continuous_size': 37, 'attention_head_size': 3, 'learning_rate': 0.007275339979595284}. Best is trial 27 with value: 9.980278968811035.
LOCAL_RANK: 0 - CUDA_VISIBLE_DEVICES: [0]
[I 2023-11-30 11:26:13,208] Trial 110 finished with value: 10.512351036071777 and parameters: {'gradient_clip_val': 0.7907783461523122, 'hidden_size': 69, 'dropout': 0.33889511527572985, 'hidden_continuous_size': 49, 'attention_head_size': 3, 'learning_rate': 0.01217234962128312}. Best is trial 27 with value: 9.980278968811035.
LOCAL_RANK: 0 - CUDA_VISIBLE_DEVICES: [0]
[I 2023-11-30 11:26:26,611] Trial 111 finished with value: 10.496291160583496 and parameters: {'gradient_clip_val': 0.903641169880845, 'hidden_size': 83, 'dropout': 0.3417725064004222, 'hidden_continuous_size': 31, 'attention_head_size': 1, 'learning_rate': 0.018071950242870564}. Best is trial 27 with value: 9.980278968811035.
LOCAL_RANK: 0 - CUDA_VISIBLE_DEVICES: [0]
[I 2023-11-30 11:26:40,317] Trial 112 finished with value: 10.9921875 and parameters: {'gradient_clip_val': 0.8729726775325884, 'hidden_size': 88, 'dropout': 0.3468497816536602, 'hidden_continuous_size': 34, 'attention_head_size': 3, 'learning_rate': 0.01570076436346178}. Best is trial 27 with value: 9.980278968811035.
LOCAL_RANK: 0 - CUDA_VISIBLE_DEVICES: [0]
[I 2023-11-30 11:26:53,939] Trial 113 finished with value: 10.572680473327637 and parameters: {'gradient_clip_val': 0.9449294220064183, 'hidden_size': 74, 'dropout': 0.35557536584908117, 'hidden_continuous_size': 42, 'attention_head_size': 1, 'learning_rate': 0.02001406288552658}. Best is trial 27 with value: 9.980278968811035.
LOCAL_RANK: 0 - CUDA_VISIBLE_DEVICES: [0]
[I 2023-11-30 11:27:07,579] Trial 114 finished with value: 10.167282104492188 and parameters: {'gradient_clip_val': 0.8282793199071592, 'hidden_size': 93, 'dropout': 0.3338672636433014, 'hidden_continuous_size': 39, 'attention_head_size': 1, 'learning_rate': 0.014413681072031333}. Best is trial 27 with value: 9.980278968811035.
LOCAL_RANK: 0 - CUDA_VISIBLE_DEVICES: [0]
[I 2023-11-30 11:27:21,427] Trial 115 finished with value: 10.772342681884766 and parameters: {'gradient_clip_val': 0.7524704839490273, 'hidden_size': 94, 'dropout': 0.32981724494720627, 'hidden_continuous_size': 40, 'attention_head_size': 3, 'learning_rate': 0.013764398628816288}. Best is trial 27 with value: 9.980278968811035.
LOCAL_RANK: 0 - CUDA_VISIBLE_DEVICES: [0]
[I 2023-11-30 11:27:35,096] Trial 116 finished with value: 11.197036743164062 and parameters: {'gradient_clip_val': 0.8141275260825097, 'hidden_size': 79, 'dropout': 0.3240094430652737, 'hidden_continuous_size': 47, 'attention_head_size': 1, 'learning_rate': 0.010813575831096349}. Best is trial 27 with value: 9.980278968811035.
LOCAL_RANK: 0 - CUDA_VISIBLE_DEVICES: [0]
[I 2023-11-30 11:27:49,113] Trial 117 finished with value: 10.905163764953613 and parameters: {'gradient_clip_val': 0.6482139886857503, 'hidden_size': 107, 'dropout': 0.30903170520348944, 'hidden_continuous_size': 36, 'attention_head_size': 3, 'learning_rate': 0.012718837140176744}. Best is trial 27 with value: 9.980278968811035.
LOCAL_RANK: 0 - CUDA_VISIBLE_DEVICES: [0]
[I 2023-11-30 11:28:03,020] Trial 118 finished with value: 10.908798217773438 and parameters: {'gradient_clip_val': 0.8621420135924504, 'hidden_size': 102, 'dropout': 0.33346142275572654, 'hidden_continuous_size': 38, 'attention_head_size': 1, 'learning_rate': 0.008337363639844718}. Best is trial 27 with value: 9.980278968811035.
LOCAL_RANK: 0 - CUDA_VISIBLE_DEVICES: [0]
[I 2023-11-30 11:28:16,904] Trial 119 finished with value: 10.835147857666016 and parameters: {'gradient_clip_val': 0.6170774059357496, 'hidden_size': 91, 'dropout': 0.2871515504716536, 'hidden_continuous_size': 44, 'attention_head_size': 2, 'learning_rate': 0.010020503343802794}. Best is trial 27 with value: 9.980278968811035.
LOCAL_RANK: 0 - CUDA_VISIBLE_DEVICES: [0]
[I 2023-11-30 11:28:30,996] Trial 120 finished with value: 10.411700248718262 and parameters: {'gradient_clip_val': 0.7131505465032946, 'hidden_size': 114, 'dropout': 0.31745478047269937, 'hidden_continuous_size': 53, 'attention_head_size': 3, 'learning_rate': 0.015375743511318095}. Best is trial 27 with value: 9.980278968811035.
LOCAL_RANK: 0 - CUDA_VISIBLE_DEVICES: [0]
[I 2023-11-30 11:28:45,018] Trial 121 finished with value: 11.218899726867676 and parameters: {'gradient_clip_val': 0.699079859760022, 'hidden_size': 120, 'dropout': 0.3180819642276634, 'hidden_continuous_size': 54, 'attention_head_size': 3, 'learning_rate': 0.014928381299160878}. Best is trial 27 with value: 9.980278968811035.
LOCAL_RANK: 0 - CUDA_VISIBLE_DEVICES: [0]
[I 2023-11-30 11:28:58,943] Trial 122 finished with value: 10.268789291381836 and parameters: {'gradient_clip_val': 0.763443531049118, 'hidden_size': 97, 'dropout': 0.34350316346061815, 'hidden_continuous_size': 50, 'attention_head_size': 3, 'learning_rate': 0.011837776743246082}. Best is trial 27 with value: 9.980278968811035.
LOCAL_RANK: 0 - CUDA_VISIBLE_DEVICES: [0]
[I 2023-11-30 11:29:13,184] Trial 123 finished with value: 10.865809440612793 and parameters: {'gradient_clip_val': 0.7432973956593953, 'hidden_size': 110, 'dropout': 0.3023725223868857, 'hidden_continuous_size': 52, 'attention_head_size': 3, 'learning_rate': 0.0118743528492641}. Best is trial 27 with value: 9.980278968811035.
LOCAL_RANK: 0 - CUDA_VISIBLE_DEVICES: [0]
[I 2023-11-30 11:29:27,067] Trial 124 finished with value: 10.800944328308105 and parameters: {'gradient_clip_val': 0.6655117042208272, 'hidden_size': 97, 'dropout': 0.35229242494163815, 'hidden_continuous_size': 49, 'attention_head_size': 3, 'learning_rate': 0.018060599639557834}. Best is trial 27 with value: 9.980278968811035.
LOCAL_RANK: 0 - CUDA_VISIBLE_DEVICES: [0]
[I 2023-11-30 11:29:41,152] Trial 125 finished with value: 10.837946891784668 and parameters: {'gradient_clip_val': 0.7658683909760047, 'hidden_size': 103, 'dropout': 0.34343585324298304, 'hidden_continuous_size': 57, 'attention_head_size': 3, 'learning_rate': 0.01447547321215697}. Best is trial 27 with value: 9.980278968811035.
LOCAL_RANK: 0 - CUDA_VISIBLE_DEVICES: [0]
[I 2023-11-30 11:29:55,030] Trial 126 finished with value: 10.617929458618164 and parameters: {'gradient_clip_val': 0.6327907370821176, 'hidden_size': 113, 'dropout': 0.3132100877515715, 'hidden_continuous_size': 51, 'attention_head_size': 1, 'learning_rate': 0.015901438225664408}. Best is trial 27 with value: 9.980278968811035.
LOCAL_RANK: 0 - CUDA_VISIBLE_DEVICES: [0]
[I 2023-11-30 11:30:08,871] Trial 127 finished with value: 10.659939765930176 and parameters: {'gradient_clip_val': 0.7190649325755855, 'hidden_size': 83, 'dropout': 0.36058318829586317, 'hidden_continuous_size': 46, 'attention_head_size': 3, 'learning_rate': 0.013100138054133155}. Best is trial 27 with value: 9.980278968811035.
LOCAL_RANK: 0 - CUDA_VISIBLE_DEVICES: [0]
[I 2023-11-30 11:30:23,073] Trial 128 finished with value: 10.683485984802246 and parameters: {'gradient_clip_val': 0.8193334529315713, 'hidden_size': 123, 'dropout': 0.33013174600784845, 'hidden_continuous_size': 35, 'attention_head_size': 3, 'learning_rate': 0.02161151985069714}. Best is trial 27 with value: 9.980278968811035.
LOCAL_RANK: 0 - CUDA_VISIBLE_DEVICES: [0]
