[I 2023-11-29 20:33:33,151] Trial 115 finished with value: 0.15355230867862701 and parameters: {'gradient_clip_val': 0.4051351962075566, 'hidden_size': 108, 'dropout': 0.38911704138776587, 'hidden_continuous_size': 60, 'attention_head_size': 1, 'learning_rate': 0.03218922325417974}. Best is trial 46 with value: 0.08971798419952393.
LOCAL_RANK: 0 - CUDA_VISIBLE_DEVICES: [0]
[I 2023-11-29 20:33:46,897] Trial 116 finished with value: 0.120085708796978 and parameters: {'gradient_clip_val': 0.5067224355246668, 'hidden_size': 98, 'dropout': 0.3702284650983185, 'hidden_continuous_size': 48, 'attention_head_size': 1, 'learning_rate': 0.02571816548337938}. Best is trial 46 with value: 0.08971798419952393.
LOCAL_RANK: 0 - CUDA_VISIBLE_DEVICES: [0]
[I 2023-11-29 20:34:00,714] Trial 117 finished with value: 0.14033810794353485 and parameters: {'gradient_clip_val': 0.5773296985290459, 'hidden_size': 81, 'dropout': 0.378064343486241, 'hidden_continuous_size': 45, 'attention_head_size': 1, 'learning_rate': 0.02030513481253489}. Best is trial 46 with value: 0.08971798419952393.
LOCAL_RANK: 0 - CUDA_VISIBLE_DEVICES: [0]
[I 2023-11-29 20:34:14,566] Trial 118 finished with value: 0.22178538143634796 and parameters: {'gradient_clip_val': 0.6805868918178253, 'hidden_size': 114, 'dropout': 0.34862596877094826, 'hidden_continuous_size': 42, 'attention_head_size': 1, 'learning_rate': 0.01763561701601448}. Best is trial 46 with value: 0.08971798419952393.
LOCAL_RANK: 0 - CUDA_VISIBLE_DEVICES: [0]
[I 2023-11-29 20:34:28,362] Trial 119 finished with value: 0.2713148891925812 and parameters: {'gradient_clip_val': 0.46924763156554705, 'hidden_size': 90, 'dropout': 0.365623671460882, 'hidden_continuous_size': 53, 'attention_head_size': 1, 'learning_rate': 0.014868079524778685}. Best is trial 46 with value: 0.08971798419952393.
LOCAL_RANK: 0 - CUDA_VISIBLE_DEVICES: [0]
[I 2023-11-29 20:34:42,235] Trial 120 finished with value: 0.183985635638237 and parameters: {'gradient_clip_val': 0.4310314888180352, 'hidden_size': 105, 'dropout': 0.39459716594106437, 'hidden_continuous_size': 55, 'attention_head_size': 1, 'learning_rate': 0.028466583583469898}. Best is trial 46 with value: 0.08971798419952393.
LOCAL_RANK: 0 - CUDA_VISIBLE_DEVICES: [0]
[I 2023-11-29 20:34:56,156] Trial 121 finished with value: 0.11066704988479614 and parameters: {'gradient_clip_val': 0.4831508627541199, 'hidden_size': 96, 'dropout': 0.38923620152184796, 'hidden_continuous_size': 65, 'attention_head_size': 1, 'learning_rate': 0.0225655492774961}. Best is trial 46 with value: 0.08971798419952393.
LOCAL_RANK: 0 - CUDA_VISIBLE_DEVICES: [0]
[I 2023-11-29 20:35:10,194] Trial 122 finished with value: 0.12400788068771362 and parameters: {'gradient_clip_val': 0.514135213738917, 'hidden_size': 99, 'dropout': 0.38349205136374775, 'hidden_continuous_size': 47, 'attention_head_size': 1, 'learning_rate': 0.02384046674605419}. Best is trial 46 with value: 0.08971798419952393.
LOCAL_RANK: 0 - CUDA_VISIBLE_DEVICES: [0]
[I 2023-11-29 20:35:24,054] Trial 123 finished with value: 0.11825033277273178 and parameters: {'gradient_clip_val': 0.47803868174567804, 'hidden_size': 87, 'dropout': 0.38904775747559495, 'hidden_continuous_size': 71, 'attention_head_size': 1, 'learning_rate': 0.021757052852567196}. Best is trial 46 with value: 0.08971798419952393.
LOCAL_RANK: 0 - CUDA_VISIBLE_DEVICES: [0]
[I 2023-11-29 20:35:37,854] Trial 124 finished with value: 0.36121174693107605 and parameters: {'gradient_clip_val': 0.4879354293192013, 'hidden_size': 76, 'dropout': 0.3894785471569263, 'hidden_continuous_size': 66, 'attention_head_size': 1, 'learning_rate': 0.01862967472359732}. Best is trial 46 with value: 0.08971798419952393.
LOCAL_RANK: 0 - CUDA_VISIBLE_DEVICES: [0]
[I 2023-11-29 20:35:51,853] Trial 125 finished with value: 0.13545596599578857 and parameters: {'gradient_clip_val': 0.44962990390265123, 'hidden_size': 85, 'dropout': 0.3960322593551088, 'hidden_continuous_size': 67, 'attention_head_size': 1, 'learning_rate': 0.025360617374637035}. Best is trial 46 with value: 0.08971798419952393.
LOCAL_RANK: 0 - CUDA_VISIBLE_DEVICES: [0]
[I 2023-11-29 20:36:06,095] Trial 126 finished with value: 0.16743487119674683 and parameters: {'gradient_clip_val': 0.38580431730806636, 'hidden_size': 95, 'dropout': 0.3759930605559752, 'hidden_continuous_size': 71, 'attention_head_size': 1, 'learning_rate': 0.016393085879573558}. Best is trial 46 with value: 0.08971798419952393.
LOCAL_RANK: 0 - CUDA_VISIBLE_DEVICES: [0]
[I 2023-11-29 20:36:19,684] Trial 127 finished with value: 0.16518549621105194 and parameters: {'gradient_clip_val': 0.539283266576436, 'hidden_size': 68, 'dropout': 0.38579325187773295, 'hidden_continuous_size': 62, 'attention_head_size': 1, 'learning_rate': 0.020975217253670447}. Best is trial 46 with value: 0.08971798419952393.
LOCAL_RANK: 0 - CUDA_VISIBLE_DEVICES: [0]
[I 2023-11-29 20:36:33,808] Trial 128 finished with value: 0.15311643481254578 and parameters: {'gradient_clip_val': 0.41254430361577554, 'hidden_size': 115, 'dropout': 0.3998026173591427, 'hidden_continuous_size': 59, 'attention_head_size': 2, 'learning_rate': 0.032843132072851236}. Best is trial 46 with value: 0.08971798419952393.
LOCAL_RANK: 0 - CUDA_VISIBLE_DEVICES: [0]
[I 2023-11-29 20:36:48,012] Trial 129 finished with value: 0.38344311714172363 and parameters: {'gradient_clip_val': 0.4749855394055883, 'hidden_size': 127, 'dropout': 0.37001273900648857, 'hidden_continuous_size': 76, 'attention_head_size': 1, 'learning_rate': 0.03884008461906565}. Best is trial 46 with value: 0.08971798419952393.
LOCAL_RANK: 0 - CUDA_VISIBLE_DEVICES: [0]
[I 2023-11-29 20:37:02,210] Trial 130 finished with value: 0.22687311470508575 and parameters: {'gradient_clip_val': 0.6460485225812713, 'hidden_size': 105, 'dropout': 0.37897293197980525, 'hidden_continuous_size': 72, 'attention_head_size': 3, 'learning_rate': 0.01073927801256684}. Best is trial 46 with value: 0.08971798419952393.
LOCAL_RANK: 0 - CUDA_VISIBLE_DEVICES: [0]
[I 2023-11-29 20:37:16,164] Trial 131 finished with value: 0.10571635514497757 and parameters: {'gradient_clip_val': 0.5485212751872706, 'hidden_size': 91, 'dropout': 0.3614008799415741, 'hidden_continuous_size': 43, 'attention_head_size': 1, 'learning_rate': 0.021654017366614504}. Best is trial 46 with value: 0.08971798419952393.
LOCAL_RANK: 0 - CUDA_VISIBLE_DEVICES: [0]
[I 2023-11-29 20:37:29,901] Trial 132 finished with value: 0.11313388496637344 and parameters: {'gradient_clip_val': 0.6057067867340017, 'hidden_size': 83, 'dropout': 0.3638310101172851, 'hidden_continuous_size': 44, 'attention_head_size': 1, 'learning_rate': 0.022726547267881897}. Best is trial 46 with value: 0.08971798419952393.
LOCAL_RANK: 0 - CUDA_VISIBLE_DEVICES: [0]
[I 2023-11-29 20:37:43,501] Trial 133 finished with value: 0.1516416072845459 and parameters: {'gradient_clip_val': 0.606778397835439, 'hidden_size': 82, 'dropout': 0.3539410464068883, 'hidden_continuous_size': 43, 'attention_head_size': 1, 'learning_rate': 0.018276070688130613}. Best is trial 46 with value: 0.08971798419952393.
LOCAL_RANK: 0 - CUDA_VISIBLE_DEVICES: [0]
[I 2023-11-29 20:37:57,101] Trial 134 finished with value: 0.23758454620838165 and parameters: {'gradient_clip_val': 0.5527931434908702, 'hidden_size': 79, 'dropout': 0.36452658367605667, 'hidden_continuous_size': 44, 'attention_head_size': 1, 'learning_rate': 0.02796040217999076}. Best is trial 46 with value: 0.08971798419952393.
LOCAL_RANK: 0 - CUDA_VISIBLE_DEVICES: [0]
[I 2023-11-29 20:38:10,773] Trial 135 finished with value: 0.12771649658679962 and parameters: {'gradient_clip_val': 0.708950286403587, 'hidden_size': 98, 'dropout': 0.35877097132551083, 'hidden_continuous_size': 38, 'attention_head_size': 1, 'learning_rate': 0.02323917542927191}. Best is trial 46 with value: 0.08971798419952393.
LOCAL_RANK: 0 - CUDA_VISIBLE_DEVICES: [0]
[I 2023-11-29 20:38:24,386] Trial 136 finished with value: 0.16061244904994965 and parameters: {'gradient_clip_val': 0.6386627552130482, 'hidden_size': 91, 'dropout': 0.3752357008388254, 'hidden_continuous_size': 50, 'attention_head_size': 1, 'learning_rate': 0.014130653521198073}. Best is trial 46 with value: 0.08971798419952393.
LOCAL_RANK: 0 - CUDA_VISIBLE_DEVICES: [0]
[I 2023-11-29 20:38:38,154] Trial 137 finished with value: 0.12142428755760193 and parameters: {'gradient_clip_val': 0.5864022724196808, 'hidden_size': 73, 'dropout': 0.3458379441388721, 'hidden_continuous_size': 48, 'attention_head_size': 1, 'learning_rate': 0.01957353975839518}. Best is trial 46 with value: 0.08971798419952393.
LOCAL_RANK: 0 - CUDA_VISIBLE_DEVICES: [0]
[I 2023-11-29 20:38:51,992] Trial 138 finished with value: 0.12779663503170013 and parameters: {'gradient_clip_val': 0.5137806022728372, 'hidden_size': 120, 'dropout': 0.36780946055363367, 'hidden_continuous_size': 40, 'attention_head_size': 4, 'learning_rate': 0.0167557658188062}. Best is trial 46 with value: 0.08971798419952393.
LOCAL_RANK: 0 - CUDA_VISIBLE_DEVICES: [0]
[I 2023-11-29 20:39:06,121] Trial 139 finished with value: 0.12996894121170044 and parameters: {'gradient_clip_val': 0.6771160321734464, 'hidden_size': 141, 'dropout': 0.3521621615337857, 'hidden_continuous_size': 41, 'attention_head_size': 1, 'learning_rate': 0.02518366938054751}. Best is trial 46 with value: 0.08971798419952393.
LOCAL_RANK: 0 - CUDA_VISIBLE_DEVICES: [0]
[I 2023-11-29 20:39:20,131] Trial 140 finished with value: 0.19455765187740326 and parameters: {'gradient_clip_val': 0.6104888151888817, 'hidden_size': 110, 'dropout': 0.37241437460072935, 'hidden_continuous_size': 56, 'attention_head_size': 1, 'learning_rate': 0.029788447061764835}. Best is trial 46 with value: 0.08971798419952393.
LOCAL_RANK: 0 - CUDA_VISIBLE_DEVICES: [0]
[I 2023-11-29 20:39:33,865] Trial 141 finished with value: 0.13944919407367706 and parameters: {'gradient_clip_val': 0.532383935528243, 'hidden_size': 86, 'dropout': 0.3876000864809246, 'hidden_continuous_size': 46, 'attention_head_size': 1, 'learning_rate': 0.022668833303428743}. Best is trial 46 with value: 0.08971798419952393.
LOCAL_RANK: 0 - CUDA_VISIBLE_DEVICES: [0]
[I 2023-11-29 20:39:47,937] Trial 142 finished with value: 0.14930492639541626 and parameters: {'gradient_clip_val': 0.45974929465306774, 'hidden_size': 89, 'dropout': 0.3813498719838957, 'hidden_continuous_size': 65, 'attention_head_size': 1, 'learning_rate': 0.021298209855467765}. Best is trial 46 with value: 0.08971798419952393.
LOCAL_RANK: 0 - CUDA_VISIBLE_DEVICES: [0]
[I 2023-11-29 20:40:01,819] Trial 143 finished with value: 0.15416277945041656 and parameters: {'gradient_clip_val': 0.4888254141310677, 'hidden_size': 95, 'dropout': 0.39124181429299004, 'hidden_continuous_size': 52, 'attention_head_size': 1, 'learning_rate': 0.019810399886044612}. Best is trial 46 with value: 0.08971798419952393.
LOCAL_RANK: 0 - CUDA_VISIBLE_DEVICES: [0]
[I 2023-11-29 20:40:15,718] Trial 144 finished with value: 0.15888577699661255 and parameters: {'gradient_clip_val': 0.5762724234590355, 'hidden_size': 101, 'dropout': 0.3637523790782678, 'hidden_continuous_size': 42, 'attention_head_size': 1, 'learning_rate': 0.02671052464046387}. Best is trial 46 with value: 0.08971798419952393.
LOCAL_RANK: 0 - CUDA_VISIBLE_DEVICES: [0]
[I 2023-11-29 20:40:29,365] Trial 145 finished with value: 0.12553636729717255 and parameters: {'gradient_clip_val': 0.42720903445131037, 'hidden_size': 86, 'dropout': 0.2551006141323412, 'hidden_continuous_size': 44, 'attention_head_size': 1, 'learning_rate': 0.017480731206911893}. Best is trial 46 with value: 0.08971798419952393.
LOCAL_RANK: 0 - CUDA_VISIBLE_DEVICES: [0]
[I 2023-11-29 20:40:42,714] Trial 146 finished with value: 0.18359066545963287 and parameters: {'gradient_clip_val': 0.5536472910837106, 'hidden_size': 55, 'dropout': 0.38281522283128877, 'hidden_continuous_size': 53, 'attention_head_size': 1, 'learning_rate': 0.02210066307466743}. Best is trial 46 with value: 0.08971798419952393.
LOCAL_RANK: 0 - CUDA_VISIBLE_DEVICES: [0]
[I 2023-11-29 20:40:56,511] Trial 147 finished with value: 0.17408387362957 and parameters: {'gradient_clip_val': 0.4972445482339709, 'hidden_size': 80, 'dropout': 0.37363396900615053, 'hidden_continuous_size': 49, 'attention_head_size': 1, 'learning_rate': 0.015600538794484165}. Best is trial 46 with value: 0.08971798419952393.
LOCAL_RANK: 0 - CUDA_VISIBLE_DEVICES: [0]
[I 2023-11-29 20:41:10,719] Trial 148 finished with value: 0.13510769605636597 and parameters: {'gradient_clip_val': 0.6303396674909901, 'hidden_size': 135, 'dropout': 0.35771235173655774, 'hidden_continuous_size': 34, 'attention_head_size': 4, 'learning_rate': 0.024704456766442028}. Best is trial 46 with value: 0.08971798419952393.
LOCAL_RANK: 0 - CUDA_VISIBLE_DEVICES: [0]
[I 2023-11-29 20:41:24,485] Trial 149 finished with value: 0.1511569768190384 and parameters: {'gradient_clip_val': 0.7159153143927443, 'hidden_size': 71, 'dropout': 0.39416154975383044, 'hidden_continuous_size': 60, 'attention_head_size': 1, 'learning_rate': 0.036596446023790835}. Best is trial 46 with value: 0.08971798419952393.
[I 2023-11-29 20:41:24,599] A new study created in memory with name: no-name-ed8c4f25-a79e-4625-a431-6e0a4e63df71
/home/le004/conda/anaconda3/envs/tsff_env/lib/python3.9/site-packages/lightning/fabric/plugins/environments/slurm.py:191: The `srun` command is available on your system but is not used. HINT: If your intention is to run Lightning on SLURM, prepend your python command with `srun` like so: srun python /home/le004/master_thesis/git/TSFusionForecast/code/ ...
LOCAL_RANK: 0 - CUDA_VISIBLE_DEVICES: [0]
[I 2023-11-29 20:41:36,678] Trial 0 finished with value: 0.2409517914056778 and parameters: {'gradient_clip_val': 0.9716580207645966, 'hidden_size': 16, 'dropout': 0.33846501406412133, 'hidden_continuous_size': 12, 'attention_head_size': 4, 'learning_rate': 0.04278008410222055}. Best is trial 0 with value: 0.2409517914056778.
LOCAL_RANK: 0 - CUDA_VISIBLE_DEVICES: [0]
[I 2023-11-29 20:41:48,964] Trial 1 finished with value: 1.200186848640442 and parameters: {'gradient_clip_val': 0.34912066236742384, 'hidden_size': 15, 'dropout': 0.17194713765045982, 'hidden_continuous_size': 11, 'attention_head_size': 2, 'learning_rate': 0.0033606615583941387}. Best is trial 0 with value: 0.2409517914056778.
LOCAL_RANK: 0 - CUDA_VISIBLE_DEVICES: [0]
[I 2023-11-29 20:42:01,655] Trial 2 finished with value: 0.15827324986457825 and parameters: {'gradient_clip_val': 0.5698152259503159, 'hidden_size': 27, 'dropout': 0.17952481185431846, 'hidden_continuous_size': 24, 'attention_head_size': 4, 'learning_rate': 0.08424551755996099}. Best is trial 2 with value: 0.15827324986457825.
LOCAL_RANK: 0 - CUDA_VISIBLE_DEVICES: [0]
[I 2023-11-29 20:42:13,985] Trial 3 finished with value: 1.1581097841262817 and parameters: {'gradient_clip_val': 0.6522951429422414, 'hidden_size': 26, 'dropout': 0.2129089250907578, 'hidden_continuous_size': 10, 'attention_head_size': 4, 'learning_rate': 0.0014086116318928093}. Best is trial 2 with value: 0.15827324986457825.
LOCAL_RANK: 0 - CUDA_VISIBLE_DEVICES: [0]
[I 2023-11-29 20:42:27,707] Trial 4 finished with value: 0.06517263501882553 and parameters: {'gradient_clip_val': 0.1449093734890155, 'hidden_size': 82, 'dropout': 0.18823960909374296, 'hidden_continuous_size': 42, 'attention_head_size': 2, 'learning_rate': 0.046038044347661594}. Best is trial 4 with value: 0.06517263501882553.
LOCAL_RANK: 0 - CUDA_VISIBLE_DEVICES: [0]
[I 2023-11-29 20:42:40,811] Trial 5 finished with value: 0.10228543728590012 and parameters: {'gradient_clip_val': 0.5497131671486, 'hidden_size': 43, 'dropout': 0.14888718166215356, 'hidden_continuous_size': 40, 'attention_head_size': 2, 'learning_rate': 0.052379952450794014}. Best is trial 4 with value: 0.06517263501882553.
LOCAL_RANK: 0 - CUDA_VISIBLE_DEVICES: [0]
[I 2023-11-29 20:42:53,537] Trial 6 finished with value: 0.608441174030304 and parameters: {'gradient_clip_val': 0.7865179683000961, 'hidden_size': 43, 'dropout': 0.12444544602549895, 'hidden_continuous_size': 12, 'attention_head_size': 4, 'learning_rate': 0.0026206895857837824}. Best is trial 4 with value: 0.06517263501882553.
LOCAL_RANK: 0 - CUDA_VISIBLE_DEVICES: [0]
[I 2023-11-29 20:43:08,232] Trial 7 finished with value: 0.4489080607891083 and parameters: {'gradient_clip_val': 0.24449714362705915, 'hidden_size': 150, 'dropout': 0.3586942922022952, 'hidden_continuous_size': 28, 'attention_head_size': 4, 'learning_rate': 0.003546841791165042}. Best is trial 4 with value: 0.06517263501882553.
LOCAL_RANK: 0 - CUDA_VISIBLE_DEVICES: [0]
[I 2023-11-29 20:43:20,889] Trial 8 finished with value: 0.9472424387931824 and parameters: {'gradient_clip_val': 0.2145008802242918, 'hidden_size': 37, 'dropout': 0.3551852812779165, 'hidden_continuous_size': 27, 'attention_head_size': 2, 'learning_rate': 0.0026846773454202288}. Best is trial 4 with value: 0.06517263501882553.
LOCAL_RANK: 0 - CUDA_VISIBLE_DEVICES: [0]
[I 2023-11-29 20:43:33,295] Trial 9 finished with value: 0.16550171375274658 and parameters: {'gradient_clip_val': 0.18480263530733831, 'hidden_size': 29, 'dropout': 0.311669781767962, 'hidden_continuous_size': 15, 'attention_head_size': 3, 'learning_rate': 0.02654659510063745}. Best is trial 4 with value: 0.06517263501882553.
LOCAL_RANK: 0 - CUDA_VISIBLE_DEVICES: [0]
[I 2023-11-29 20:43:47,343] Trial 10 finished with value: 0.21279370784759521 and parameters: {'gradient_clip_val': 0.11420732520703208, 'hidden_size': 86, 'dropout': 0.26070981057767684, 'hidden_continuous_size': 84, 'attention_head_size': 1, 'learning_rate': 0.014584019472098291}. Best is trial 4 with value: 0.06517263501882553.
LOCAL_RANK: 0 - CUDA_VISIBLE_DEVICES: [0]
[I 2023-11-29 20:44:00,860] Trial 11 finished with value: 0.13605327904224396 and parameters: {'gradient_clip_val': 0.4193675243216678, 'hidden_size': 71, 'dropout': 0.10186389122112965, 'hidden_continuous_size': 47, 'attention_head_size': 1, 'learning_rate': 0.09847839799949454}. Best is trial 4 with value: 0.06517263501882553.
LOCAL_RANK: 0 - CUDA_VISIBLE_DEVICES: [0]
[I 2023-11-29 20:44:14,392] Trial 12 finished with value: 0.1485496312379837 and parameters: {'gradient_clip_val': 0.1250172276711356, 'hidden_size': 61, 'dropout': 0.15051412689506746, 'hidden_continuous_size': 39, 'attention_head_size': 2, 'learning_rate': 0.03544776085510412}. Best is trial 4 with value: 0.06517263501882553.
LOCAL_RANK: 0 - CUDA_VISIBLE_DEVICES: [0]
[I 2023-11-29 20:44:28,463] Trial 13 finished with value: 0.2632104456424713 and parameters: {'gradient_clip_val': 0.41396373851363216, 'hidden_size': 101, 'dropout': 0.22408000494353292, 'hidden_continuous_size': 58, 'attention_head_size': 3, 'learning_rate': 0.014221532546261467}. Best is trial 4 with value: 0.06517263501882553.
LOCAL_RANK: 0 - CUDA_VISIBLE_DEVICES: [0]
[I 2023-11-29 20:44:41,626] Trial 14 finished with value: 0.18989010155200958 and parameters: {'gradient_clip_val': 0.15827222309470426, 'hidden_size': 52, 'dropout': 0.142882262732941, 'hidden_continuous_size': 33, 'attention_head_size': 2, 'learning_rate': 0.05700628898427794}. Best is trial 4 with value: 0.06517263501882553.
LOCAL_RANK: 0 - CUDA_VISIBLE_DEVICES: [0]
[I 2023-11-29 20:44:54,573] Trial 15 finished with value: 0.3286820948123932 and parameters: {'gradient_clip_val': 0.2688482261971045, 'hidden_size': 61, 'dropout': 0.19027521951483747, 'hidden_continuous_size': 21, 'attention_head_size': 1, 'learning_rate': 0.023777212868849346}. Best is trial 4 with value: 0.06517263501882553.
LOCAL_RANK: 0 - CUDA_VISIBLE_DEVICES: [0]
[I 2023-11-29 20:45:08,501] Trial 16 finished with value: 0.1566760092973709 and parameters: {'gradient_clip_val': 0.10366388859141844, 'hidden_size': 104, 'dropout': 0.2513394484825758, 'hidden_continuous_size': 57, 'attention_head_size': 3, 'learning_rate': 0.05731558017136273}. Best is trial 4 with value: 0.06517263501882553.
LOCAL_RANK: 0 - CUDA_VISIBLE_DEVICES: [0]
[I 2023-11-29 20:45:21,532] Trial 17 finished with value: 0.22043907642364502 and parameters: {'gradient_clip_val': 0.1619561571898362, 'hidden_size': 45, 'dropout': 0.1024959049128159, 'hidden_continuous_size': 18, 'attention_head_size': 2, 'learning_rate': 0.008766412612807611}. Best is trial 4 with value: 0.06517263501882553.
LOCAL_RANK: 0 - CUDA_VISIBLE_DEVICES: [0]
[I 2023-11-29 20:45:31,693] Trial 18 finished with value: 0.2568734884262085 and parameters: {'gradient_clip_val': 0.26875478217039583, 'hidden_size': 10, 'dropout': 0.39431163838628447, 'hidden_continuous_size': 10, 'attention_head_size': 3, 'learning_rate': 0.062418676631261404}. Best is trial 4 with value: 0.06517263501882553.
LOCAL_RANK: 0 - CUDA_VISIBLE_DEVICES: [0]
[I 2023-11-29 20:45:45,228] Trial 19 finished with value: 0.09098152071237564 and parameters: {'gradient_clip_val': 0.5235249431222666, 'hidden_size': 78, 'dropout': 0.15752225546072085, 'hidden_continuous_size': 34, 'attention_head_size': 1, 'learning_rate': 0.03655124171323853}. Best is trial 4 with value: 0.06517263501882553.
LOCAL_RANK: 0 - CUDA_VISIBLE_DEVICES: [0]
[I 2023-11-29 20:45:59,640] Trial 20 finished with value: 0.15928764641284943 and parameters: {'gradient_clip_val': 0.36221368749889044, 'hidden_size': 144, 'dropout': 0.21212369833100567, 'hidden_continuous_size': 105, 'attention_head_size': 1, 'learning_rate': 0.03146813482602992}. Best is trial 4 with value: 0.06517263501882553.
LOCAL_RANK: 0 - CUDA_VISIBLE_DEVICES: [0]
[I 2023-11-29 20:46:12,997] Trial 21 finished with value: 0.07011047005653381 and parameters: {'gradient_clip_val': 0.5076339216558825, 'hidden_size': 70, 'dropout': 0.15329365778199625, 'hidden_continuous_size': 34, 'attention_head_size': 1, 'learning_rate': 0.04462115932218715}. Best is trial 4 with value: 0.06517263501882553.
LOCAL_RANK: 0 - CUDA_VISIBLE_DEVICES: [0]
