[I 2023-11-30 10:50:40,138] Trial 104 finished with value: 3.472978353500366 and parameters: {'gradient_clip_val': 0.13435436620772653, 'hidden_size': 110, 'dropout': 0.22669302786330836, 'hidden_continuous_size': 36, 'attention_head_size': 4, 'learning_rate': 0.0313583855879992}. Best is trial 93 with value: 3.075242042541504.
LOCAL_RANK: 0 - CUDA_VISIBLE_DEVICES: [0]
[I 2023-11-30 10:50:54,264] Trial 105 finished with value: 3.3408868312835693 and parameters: {'gradient_clip_val': 0.16341991235854292, 'hidden_size': 140, 'dropout': 0.2626442073885789, 'hidden_continuous_size': 44, 'attention_head_size': 3, 'learning_rate': 0.04458455780352194}. Best is trial 93 with value: 3.075242042541504.
LOCAL_RANK: 0 - CUDA_VISIBLE_DEVICES: [0]
[I 2023-11-30 10:51:08,344] Trial 106 finished with value: 4.257950305938721 and parameters: {'gradient_clip_val': 0.11828340913545125, 'hidden_size': 133, 'dropout': 0.2079975032949821, 'hidden_continuous_size': 28, 'attention_head_size': 2, 'learning_rate': 0.03789907917948751}. Best is trial 93 with value: 3.075242042541504.
LOCAL_RANK: 0 - CUDA_VISIBLE_DEVICES: [0]
[I 2023-11-30 10:51:22,356] Trial 107 finished with value: 4.456178665161133 and parameters: {'gradient_clip_val': 0.10036899000207039, 'hidden_size': 102, 'dropout': 0.19774149781317268, 'hidden_continuous_size': 42, 'attention_head_size': 4, 'learning_rate': 0.027544272007601747}. Best is trial 93 with value: 3.075242042541504.
LOCAL_RANK: 0 - CUDA_VISIBLE_DEVICES: [0]
[I 2023-11-30 10:51:36,105] Trial 108 finished with value: 3.687498092651367 and parameters: {'gradient_clip_val': 0.14620588884403773, 'hidden_size': 68, 'dropout': 0.2737181732787508, 'hidden_continuous_size': 37, 'attention_head_size': 3, 'learning_rate': 0.050659331564879145}. Best is trial 93 with value: 3.075242042541504.
LOCAL_RANK: 0 - CUDA_VISIBLE_DEVICES: [0]
[I 2023-11-30 10:51:49,629] Trial 109 finished with value: 3.77510666847229 and parameters: {'gradient_clip_val': 0.15464133694720103, 'hidden_size': 57, 'dropout': 0.2544829403389467, 'hidden_continuous_size': 35, 'attention_head_size': 4, 'learning_rate': 0.03091891953215591}. Best is trial 93 with value: 3.075242042541504.
LOCAL_RANK: 0 - CUDA_VISIBLE_DEVICES: [0]
[I 2023-11-30 10:52:03,496] Trial 110 finished with value: 3.4657466411590576 and parameters: {'gradient_clip_val': 0.1087726441569698, 'hidden_size': 118, 'dropout': 0.22097840788584466, 'hidden_continuous_size': 31, 'attention_head_size': 3, 'learning_rate': 0.0212002279276575}. Best is trial 93 with value: 3.075242042541504.
LOCAL_RANK: 0 - CUDA_VISIBLE_DEVICES: [0]
[I 2023-11-30 10:52:17,833] Trial 111 finished with value: 3.5082874298095703 and parameters: {'gradient_clip_val': 0.13679813373342717, 'hidden_size': 141, 'dropout': 0.16726795292782085, 'hidden_continuous_size': 40, 'attention_head_size': 4, 'learning_rate': 0.023667561952366464}. Best is trial 93 with value: 3.075242042541504.
LOCAL_RANK: 0 - CUDA_VISIBLE_DEVICES: [0]
[I 2023-11-30 10:52:32,063] Trial 112 finished with value: 3.330886125564575 and parameters: {'gradient_clip_val': 0.12232848347375878, 'hidden_size': 130, 'dropout': 0.17937153045596557, 'hidden_continuous_size': 39, 'attention_head_size': 4, 'learning_rate': 0.017909210867122684}. Best is trial 93 with value: 3.075242042541504.
LOCAL_RANK: 0 - CUDA_VISIBLE_DEVICES: [0]
[I 2023-11-30 10:52:46,285] Trial 113 finished with value: 3.9952762126922607 and parameters: {'gradient_clip_val': 0.1290385121058386, 'hidden_size': 124, 'dropout': 0.24172689416623838, 'hidden_continuous_size': 34, 'attention_head_size': 4, 'learning_rate': 0.019070190255306336}. Best is trial 93 with value: 3.075242042541504.
LOCAL_RANK: 0 - CUDA_VISIBLE_DEVICES: [0]
[I 2023-11-30 10:53:00,481] Trial 114 finished with value: 3.434352159500122 and parameters: {'gradient_clip_val': 0.12351829365972149, 'hidden_size': 131, 'dropout': 0.19307852777200724, 'hidden_continuous_size': 26, 'attention_head_size': 4, 'learning_rate': 0.016803964200540217}. Best is trial 93 with value: 3.075242042541504.
LOCAL_RANK: 0 - CUDA_VISIBLE_DEVICES: [0]
[I 2023-11-30 10:53:14,644] Trial 115 finished with value: 3.7981927394866943 and parameters: {'gradient_clip_val': 0.11473830044715387, 'hidden_size': 114, 'dropout': 0.24871355285527139, 'hidden_continuous_size': 39, 'attention_head_size': 4, 'learning_rate': 0.026507036726403598}. Best is trial 93 with value: 3.075242042541504.
LOCAL_RANK: 0 - CUDA_VISIBLE_DEVICES: [0]
[I 2023-11-30 10:53:28,472] Trial 116 finished with value: 3.3194217681884766 and parameters: {'gradient_clip_val': 0.1056334185170189, 'hidden_size': 87, 'dropout': 0.2352256307333846, 'hidden_continuous_size': 37, 'attention_head_size': 4, 'learning_rate': 0.014572826931985411}. Best is trial 93 with value: 3.075242042541504.
LOCAL_RANK: 0 - CUDA_VISIBLE_DEVICES: [0]
[I 2023-11-30 10:53:42,257] Trial 117 finished with value: 3.521336555480957 and parameters: {'gradient_clip_val': 0.10786822829834243, 'hidden_size': 86, 'dropout': 0.2371995749048659, 'hidden_continuous_size': 33, 'attention_head_size': 4, 'learning_rate': 0.0107871260970388}. Best is trial 93 with value: 3.075242042541504.
LOCAL_RANK: 0 - CUDA_VISIBLE_DEVICES: [0]
[I 2023-11-30 10:53:56,254] Trial 118 finished with value: 4.027148723602295 and parameters: {'gradient_clip_val': 0.10433923588351672, 'hidden_size': 106, 'dropout': 0.2385550227015519, 'hidden_continuous_size': 32, 'attention_head_size': 3, 'learning_rate': 0.03460591129183645}. Best is trial 93 with value: 3.075242042541504.
LOCAL_RANK: 0 - CUDA_VISIBLE_DEVICES: [0]
[I 2023-11-30 10:54:09,973] Trial 119 finished with value: 4.242146015167236 and parameters: {'gradient_clip_val': 0.11391067377809068, 'hidden_size': 96, 'dropout': 0.23382986523439328, 'hidden_continuous_size': 37, 'attention_head_size': 3, 'learning_rate': 0.013581136831076002}. Best is trial 93 with value: 3.075242042541504.
LOCAL_RANK: 0 - CUDA_VISIBLE_DEVICES: [0]
[I 2023-11-30 10:54:23,549] Trial 120 finished with value: 3.464262008666992 and parameters: {'gradient_clip_val': 0.14753256322946967, 'hidden_size': 91, 'dropout': 0.24674079374613628, 'hidden_continuous_size': 29, 'attention_head_size': 2, 'learning_rate': 0.045551073298566634}. Best is trial 93 with value: 3.075242042541504.
LOCAL_RANK: 0 - CUDA_VISIBLE_DEVICES: [0]
[I 2023-11-30 10:54:37,661] Trial 121 finished with value: 4.212783336639404 and parameters: {'gradient_clip_val': 0.12024932467091805, 'hidden_size': 111, 'dropout': 0.25890554706828167, 'hidden_continuous_size': 43, 'attention_head_size': 4, 'learning_rate': 0.01515754203701398}. Best is trial 93 with value: 3.075242042541504.
LOCAL_RANK: 0 - CUDA_VISIBLE_DEVICES: [0]
[I 2023-11-30 10:54:51,760] Trial 122 finished with value: 3.21085524559021 and parameters: {'gradient_clip_val': 0.12990809331598802, 'hidden_size': 122, 'dropout': 0.21195593831702042, 'hidden_continuous_size': 40, 'attention_head_size': 4, 'learning_rate': 0.018346768724771662}. Best is trial 93 with value: 3.075242042541504.
LOCAL_RANK: 0 - CUDA_VISIBLE_DEVICES: [0]
[I 2023-11-30 10:55:05,851] Trial 123 finished with value: 4.144318103790283 and parameters: {'gradient_clip_val': 0.1301870220847561, 'hidden_size': 100, 'dropout': 0.22285135444713725, 'hidden_continuous_size': 35, 'attention_head_size': 4, 'learning_rate': 0.02218196578061583}. Best is trial 93 with value: 3.075242042541504.
LOCAL_RANK: 0 - CUDA_VISIBLE_DEVICES: [0]
[I 2023-11-30 10:55:19,907] Trial 124 finished with value: 3.5499355792999268 and parameters: {'gradient_clip_val': 0.15786387004183836, 'hidden_size': 122, 'dropout': 0.2127613127501517, 'hidden_continuous_size': 46, 'attention_head_size': 4, 'learning_rate': 0.01636364226498779}. Best is trial 93 with value: 3.075242042541504.
LOCAL_RANK: 0 - CUDA_VISIBLE_DEVICES: [0]
[I 2023-11-30 10:55:33,464] Trial 125 finished with value: 3.3228704929351807 and parameters: {'gradient_clip_val': 0.1366196620309475, 'hidden_size': 79, 'dropout': 0.22906948806308117, 'hidden_continuous_size': 18, 'attention_head_size': 4, 'learning_rate': 0.029579525257350213}. Best is trial 93 with value: 3.075242042541504.
LOCAL_RANK: 0 - CUDA_VISIBLE_DEVICES: [0]
[I 2023-11-30 10:55:46,887] Trial 126 finished with value: 3.8054358959198 and parameters: {'gradient_clip_val': 0.13488775246611834, 'hidden_size': 84, 'dropout': 0.2424076018912833, 'hidden_continuous_size': 18, 'attention_head_size': 4, 'learning_rate': 0.020198096882735044}. Best is trial 93 with value: 3.075242042541504.
LOCAL_RANK: 0 - CUDA_VISIBLE_DEVICES: [0]
[I 2023-11-30 10:56:00,343] Trial 127 finished with value: 3.6377289295196533 and parameters: {'gradient_clip_val': 0.14025883119826202, 'hidden_size': 88, 'dropout': 0.2293139901468249, 'hidden_continuous_size': 15, 'attention_head_size': 4, 'learning_rate': 0.024727632797647392}. Best is trial 93 with value: 3.075242042541504.
LOCAL_RANK: 0 - CUDA_VISIBLE_DEVICES: [0]
[I 2023-11-30 10:56:14,040] Trial 128 finished with value: 4.69807767868042 and parameters: {'gradient_clip_val': 0.11141484014606555, 'hidden_size': 77, 'dropout': 0.21764019564708, 'hidden_continuous_size': 20, 'attention_head_size': 4, 'learning_rate': 0.015181799292925225}. Best is trial 93 with value: 3.075242042541504.
LOCAL_RANK: 0 - CUDA_VISIBLE_DEVICES: [0]
[I 2023-11-30 10:56:27,433] Trial 129 finished with value: 3.666954755783081 and parameters: {'gradient_clip_val': 0.10551946280514157, 'hidden_size': 80, 'dropout': 0.23312433617337391, 'hidden_continuous_size': 17, 'attention_head_size': 4, 'learning_rate': 0.029934571094768218}. Best is trial 93 with value: 3.075242042541504.
LOCAL_RANK: 0 - CUDA_VISIBLE_DEVICES: [0]
[I 2023-11-30 10:56:41,246] Trial 130 finished with value: 3.2308642864227295 and parameters: {'gradient_clip_val': 0.11809224471210002, 'hidden_size': 93, 'dropout': 0.22568942586457205, 'hidden_continuous_size': 30, 'attention_head_size': 4, 'learning_rate': 0.018230094283204306}. Best is trial 93 with value: 3.075242042541504.
LOCAL_RANK: 0 - CUDA_VISIBLE_DEVICES: [0]
[I 2023-11-30 10:56:54,852] Trial 131 finished with value: 3.233449935913086 and parameters: {'gradient_clip_val': 0.12634705907834912, 'hidden_size': 100, 'dropout': 0.22128114514015382, 'hidden_continuous_size': 30, 'attention_head_size': 4, 'learning_rate': 0.017293769834137267}. Best is trial 93 with value: 3.075242042541504.
LOCAL_RANK: 0 - CUDA_VISIBLE_DEVICES: [0]
[I 2023-11-30 10:57:08,899] Trial 132 finished with value: 4.696855545043945 and parameters: {'gradient_clip_val': 0.11638072962575809, 'hidden_size': 98, 'dropout': 0.20546359585773633, 'hidden_continuous_size': 30, 'attention_head_size': 4, 'learning_rate': 0.018540925357309893}. Best is trial 93 with value: 3.075242042541504.
LOCAL_RANK: 0 - CUDA_VISIBLE_DEVICES: [0]
[I 2023-11-30 10:57:22,531] Trial 133 finished with value: 4.023525714874268 and parameters: {'gradient_clip_val': 0.1271342833380805, 'hidden_size': 92, 'dropout': 0.21445814455879184, 'hidden_continuous_size': 28, 'attention_head_size': 4, 'learning_rate': 0.013453568914716635}. Best is trial 93 with value: 3.075242042541504.
LOCAL_RANK: 0 - CUDA_VISIBLE_DEVICES: [0]
[I 2023-11-30 10:57:36,426] Trial 134 finished with value: 3.2203404903411865 and parameters: {'gradient_clip_val': 0.10080422178395247, 'hidden_size': 106, 'dropout': 0.22438751752501387, 'hidden_continuous_size': 32, 'attention_head_size': 4, 'learning_rate': 0.01695284919105671}. Best is trial 93 with value: 3.075242042541504.
LOCAL_RANK: 0 - CUDA_VISIBLE_DEVICES: [0]
[I 2023-11-30 10:57:50,383] Trial 135 finished with value: 5.092067241668701 and parameters: {'gradient_clip_val': 0.10192768713836739, 'hidden_size': 107, 'dropout': 0.22339765754783997, 'hidden_continuous_size': 27, 'attention_head_size': 4, 'learning_rate': 0.020371274916939804}. Best is trial 93 with value: 3.075242042541504.
LOCAL_RANK: 0 - CUDA_VISIBLE_DEVICES: [0]
[I 2023-11-30 10:58:04,184] Trial 136 finished with value: 3.705991506576538 and parameters: {'gradient_clip_val': 0.11425589623688005, 'hidden_size': 103, 'dropout': 0.21128204059755257, 'hidden_continuous_size': 32, 'attention_head_size': 4, 'learning_rate': 0.0164432351652947}. Best is trial 93 with value: 3.075242042541504.
LOCAL_RANK: 0 - CUDA_VISIBLE_DEVICES: [0]
[I 2023-11-30 10:58:18,169] Trial 137 finished with value: 3.6382017135620117 and parameters: {'gradient_clip_val': 0.11084958338185225, 'hidden_size': 116, 'dropout': 0.22415744010004518, 'hidden_continuous_size': 24, 'attention_head_size': 4, 'learning_rate': 0.01820815545342916}. Best is trial 93 with value: 3.075242042541504.
LOCAL_RANK: 0 - CUDA_VISIBLE_DEVICES: [0]
[I 2023-11-30 10:58:32,096] Trial 138 finished with value: 4.179408550262451 and parameters: {'gradient_clip_val': 0.1210655417459724, 'hidden_size': 108, 'dropout': 0.2527199301963008, 'hidden_continuous_size': 34, 'attention_head_size': 4, 'learning_rate': 0.023011299979667138}. Best is trial 93 with value: 3.075242042541504.
LOCAL_RANK: 0 - CUDA_VISIBLE_DEVICES: [0]
[I 2023-11-30 10:58:45,877] Trial 139 finished with value: 3.7594668865203857 and parameters: {'gradient_clip_val': 0.10054823527778867, 'hidden_size': 95, 'dropout': 0.20352357397136367, 'hidden_continuous_size': 29, 'attention_head_size': 4, 'learning_rate': 0.021204999771641756}. Best is trial 93 with value: 3.075242042541504.
LOCAL_RANK: 0 - CUDA_VISIBLE_DEVICES: [0]
[I 2023-11-30 10:59:00,026] Trial 140 finished with value: 4.199265956878662 and parameters: {'gradient_clip_val': 0.12883171010414204, 'hidden_size': 140, 'dropout': 0.24376633289993677, 'hidden_continuous_size': 30, 'attention_head_size': 4, 'learning_rate': 0.017775568820107362}. Best is trial 93 with value: 3.075242042541504.
LOCAL_RANK: 0 - CUDA_VISIBLE_DEVICES: [0]
[I 2023-11-30 10:59:13,803] Trial 141 finished with value: 3.475088119506836 and parameters: {'gradient_clip_val': 0.10890990411612438, 'hidden_size': 87, 'dropout': 0.23370295272128494, 'hidden_continuous_size': 33, 'attention_head_size': 4, 'learning_rate': 0.015137257773107541}. Best is trial 93 with value: 3.075242042541504.
LOCAL_RANK: 0 - CUDA_VISIBLE_DEVICES: [0]
[I 2023-11-30 10:59:27,925] Trial 142 finished with value: 4.1132378578186035 and parameters: {'gradient_clip_val': 0.10710882081617527, 'hidden_size': 99, 'dropout': 0.22089582728373489, 'hidden_continuous_size': 31, 'attention_head_size': 4, 'learning_rate': 0.01337972727674278}. Best is trial 93 with value: 3.075242042541504.
LOCAL_RANK: 0 - CUDA_VISIBLE_DEVICES: [0]
[I 2023-11-30 10:59:42,007] Trial 143 finished with value: 3.1929962635040283 and parameters: {'gradient_clip_val': 0.11819166354253735, 'hidden_size': 113, 'dropout': 0.23746081199900015, 'hidden_continuous_size': 36, 'attention_head_size': 4, 'learning_rate': 0.011211868417884416}. Best is trial 93 with value: 3.075242042541504.
LOCAL_RANK: 0 - CUDA_VISIBLE_DEVICES: [0]
[I 2023-11-30 10:59:55,799] Trial 144 finished with value: 3.423166275024414 and parameters: {'gradient_clip_val': 0.1487935240513945, 'hidden_size': 112, 'dropout': 0.24822976179230818, 'hidden_continuous_size': 26, 'attention_head_size': 4, 'learning_rate': 0.06500811570810947}. Best is trial 93 with value: 3.075242042541504.
LOCAL_RANK: 0 - CUDA_VISIBLE_DEVICES: [0]
[I 2023-11-30 11:00:08,814] Trial 145 finished with value: 3.6706771850585938 and parameters: {'gradient_clip_val': 0.1223273036862883, 'hidden_size': 41, 'dropout': 0.22687302870087936, 'hidden_continuous_size': 35, 'attention_head_size': 4, 'learning_rate': 0.00886468908465777}. Best is trial 93 with value: 3.075242042541504.
LOCAL_RANK: 0 - CUDA_VISIBLE_DEVICES: [0]
[I 2023-11-30 11:00:22,961] Trial 146 finished with value: 3.453035354614258 and parameters: {'gradient_clip_val': 0.11628285403708463, 'hidden_size': 126, 'dropout': 0.24074068658387687, 'hidden_continuous_size': 27, 'attention_head_size': 4, 'learning_rate': 0.011801968972901675}. Best is trial 93 with value: 3.075242042541504.
LOCAL_RANK: 0 - CUDA_VISIBLE_DEVICES: [0]
[I 2023-11-30 11:00:36,757] Trial 147 finished with value: 3.863163709640503 and parameters: {'gradient_clip_val': 0.13269781029143957, 'hidden_size': 104, 'dropout': 0.21743882488485874, 'hidden_continuous_size': 32, 'attention_head_size': 1, 'learning_rate': 0.016594334964869447}. Best is trial 93 with value: 3.075242042541504.
LOCAL_RANK: 0 - CUDA_VISIBLE_DEVICES: [0]
[I 2023-11-30 11:00:49,874] Trial 148 finished with value: 4.706302642822266 and parameters: {'gradient_clip_val': 0.13971628991776028, 'hidden_size': 47, 'dropout': 0.2852495481375432, 'hidden_continuous_size': 30, 'attention_head_size': 4, 'learning_rate': 0.026293057968951664}. Best is trial 93 with value: 3.075242042541504.
LOCAL_RANK: 0 - CUDA_VISIBLE_DEVICES: [0]
[I 2023-11-30 11:01:03,713] Trial 149 finished with value: 3.6294100284576416 and parameters: {'gradient_clip_val': 0.12395339302799539, 'hidden_size': 120, 'dropout': 0.2590478164129769, 'hidden_continuous_size': 37, 'attention_head_size': 2, 'learning_rate': 0.05503558075838274}. Best is trial 93 with value: 3.075242042541504.
[I 2023-11-30 11:01:03,825] A new study created in memory with name: no-name-6c3d44c6-ae39-4176-8f6f-42baf3964121
/home/le004/conda/anaconda3/envs/tsff_env/lib/python3.9/site-packages/lightning/fabric/plugins/environments/slurm.py:191: The `srun` command is available on your system but is not used. HINT: If your intention is to run Lightning on SLURM, prepend your python command with `srun` like so: srun python /home/le004/master_thesis/git/TSFusionForecast/code/ ...
LOCAL_RANK: 0 - CUDA_VISIBLE_DEVICES: [0]
[I 2023-11-30 11:01:16,090] Trial 0 finished with value: 12.738774299621582 and parameters: {'gradient_clip_val': 0.10520225347613821, 'hidden_size': 32, 'dropout': 0.33454947890799513, 'hidden_continuous_size': 26, 'attention_head_size': 1, 'learning_rate': 0.017000085179142935}. Best is trial 0 with value: 12.738774299621582.
LOCAL_RANK: 0 - CUDA_VISIBLE_DEVICES: [0]
[I 2023-11-30 11:01:26,246] Trial 1 finished with value: 45.23911666870117 and parameters: {'gradient_clip_val': 0.11759925151640813, 'hidden_size': 10, 'dropout': 0.2145282614415396, 'hidden_continuous_size': 10, 'attention_head_size': 1, 'learning_rate': 0.004058949444138736}. Best is trial 0 with value: 12.738774299621582.
LOCAL_RANK: 0 - CUDA_VISIBLE_DEVICES: [0]
[I 2023-11-30 11:01:39,963] Trial 2 finished with value: 12.741572380065918 and parameters: {'gradient_clip_val': 0.12248793864133138, 'hidden_size': 55, 'dropout': 0.32244481128211155, 'hidden_continuous_size': 52, 'attention_head_size': 3, 'learning_rate': 0.0061772308158936935}. Best is trial 0 with value: 12.738774299621582.
LOCAL_RANK: 0 - CUDA_VISIBLE_DEVICES: [0]
[I 2023-11-30 11:01:54,305] Trial 3 finished with value: 12.112835884094238 and parameters: {'gradient_clip_val': 0.187985037370024, 'hidden_size': 147, 'dropout': 0.29599611523248953, 'hidden_continuous_size': 54, 'attention_head_size': 3, 'learning_rate': 0.061001462621184124}. Best is trial 3 with value: 12.112835884094238.
LOCAL_RANK: 0 - CUDA_VISIBLE_DEVICES: [0]
[I 2023-11-30 11:02:04,261] Trial 4 finished with value: 37.41845703125 and parameters: {'gradient_clip_val': 0.19373037572694632, 'hidden_size': 10, 'dropout': 0.38670546286601715, 'hidden_continuous_size': 10, 'attention_head_size': 2, 'learning_rate': 0.002537877798493966}. Best is trial 3 with value: 12.112835884094238.
LOCAL_RANK: 0 - CUDA_VISIBLE_DEVICES: [0]
[I 2023-11-30 11:02:18,497] Trial 5 finished with value: 11.535965919494629 and parameters: {'gradient_clip_val': 0.596423386018346, 'hidden_size': 148, 'dropout': 0.2497584350957828, 'hidden_continuous_size': 21, 'attention_head_size': 4, 'learning_rate': 0.0027271547145684347}. Best is trial 5 with value: 11.535965919494629.
LOCAL_RANK: 0 - CUDA_VISIBLE_DEVICES: [0]
[I 2023-11-30 11:02:30,633] Trial 6 finished with value: 19.12046241760254 and parameters: {'gradient_clip_val': 0.18467239833001373, 'hidden_size': 25, 'dropout': 0.38831399632791275, 'hidden_continuous_size': 11, 'attention_head_size': 1, 'learning_rate': 0.008275034678299854}. Best is trial 5 with value: 11.535965919494629.
LOCAL_RANK: 0 - CUDA_VISIBLE_DEVICES: [0]
[I 2023-11-30 11:02:43,374] Trial 7 finished with value: 12.041572570800781 and parameters: {'gradient_clip_val': 0.14109034795274406, 'hidden_size': 37, 'dropout': 0.21792616428615164, 'hidden_continuous_size': 16, 'attention_head_size': 2, 'learning_rate': 0.016445073521814707}. Best is trial 5 with value: 11.535965919494629.
LOCAL_RANK: 0 - CUDA_VISIBLE_DEVICES: [0]
[I 2023-11-30 11:02:56,961] Trial 8 finished with value: 11.723309516906738 and parameters: {'gradient_clip_val': 0.3092134909357866, 'hidden_size': 65, 'dropout': 0.30779162122746273, 'hidden_continuous_size': 50, 'attention_head_size': 4, 'learning_rate': 0.005377907438348439}. Best is trial 5 with value: 11.535965919494629.
LOCAL_RANK: 0 - CUDA_VISIBLE_DEVICES: [0]
[I 2023-11-30 11:03:09,072] Trial 9 finished with value: 29.180755615234375 and parameters: {'gradient_clip_val': 0.1121316722304909, 'hidden_size': 14, 'dropout': 0.2687797879460235, 'hidden_continuous_size': 10, 'attention_head_size': 4, 'learning_rate': 0.007940404826836917}. Best is trial 5 with value: 11.535965919494629.
LOCAL_RANK: 0 - CUDA_VISIBLE_DEVICES: [0]
[I 2023-11-30 11:03:23,909] Trial 10 finished with value: 11.583186149597168 and parameters: {'gradient_clip_val': 0.9907124943689047, 'hidden_size': 149, 'dropout': 0.1377775829254747, 'hidden_continuous_size': 115, 'attention_head_size': 4, 'learning_rate': 0.0014362622576600827}. Best is trial 5 with value: 11.535965919494629.
LOCAL_RANK: 0 - CUDA_VISIBLE_DEVICES: [0]
