[I 2023-11-30 00:09:08,739] Trial 45 finished with value: 0.17889364063739777 and parameters: {'gradient_clip_val': 0.3543064388847655, 'hidden_size': 89, 'dropout': 0.22803385965240758, 'hidden_continuous_size': 40, 'attention_head_size': 3, 'learning_rate': 0.018686887516812096}. Best is trial 36 with value: 0.1049429401755333.
LOCAL_RANK: 0 - CUDA_VISIBLE_DEVICES: [0]
[I 2023-11-30 00:09:22,707] Trial 46 finished with value: 0.17011673748493195 and parameters: {'gradient_clip_val': 0.24332411270193066, 'hidden_size': 131, 'dropout': 0.24896380478345492, 'hidden_continuous_size': 25, 'attention_head_size': 1, 'learning_rate': 0.010886533478111644}. Best is trial 36 with value: 0.1049429401755333.
LOCAL_RANK: 0 - CUDA_VISIBLE_DEVICES: [0]
[I 2023-11-30 00:09:36,703] Trial 47 finished with value: 0.1581350713968277 and parameters: {'gradient_clip_val': 0.32483325268467234, 'hidden_size': 109, 'dropout': 0.27734662921994147, 'hidden_continuous_size': 37, 'attention_head_size': 2, 'learning_rate': 0.023946149570135796}. Best is trial 36 with value: 0.1049429401755333.
LOCAL_RANK: 0 - CUDA_VISIBLE_DEVICES: [0]
[I 2023-11-30 00:09:50,430] Trial 48 finished with value: 0.3833533227443695 and parameters: {'gradient_clip_val': 0.3902862740382302, 'hidden_size': 93, 'dropout': 0.29937313468022797, 'hidden_continuous_size': 30, 'attention_head_size': 3, 'learning_rate': 0.007917393785364567}. Best is trial 36 with value: 0.1049429401755333.
LOCAL_RANK: 0 - CUDA_VISIBLE_DEVICES: [0]
[I 2023-11-30 00:10:03,159] Trial 49 finished with value: 0.35739555954933167 and parameters: {'gradient_clip_val': 0.27354114989503103, 'hidden_size': 43, 'dropout': 0.19065865799347462, 'hidden_continuous_size': 16, 'attention_head_size': 3, 'learning_rate': 0.012094467193157954}. Best is trial 36 with value: 0.1049429401755333.
LOCAL_RANK: 0 - CUDA_VISIBLE_DEVICES: [0]
[I 2023-11-30 00:10:16,646] Trial 50 finished with value: 0.2685500681400299 and parameters: {'gradient_clip_val': 0.5450008481110573, 'hidden_size': 84, 'dropout': 0.20617884582671045, 'hidden_continuous_size': 40, 'attention_head_size': 2, 'learning_rate': 0.017287644700231287}. Best is trial 36 with value: 0.1049429401755333.
LOCAL_RANK: 0 - CUDA_VISIBLE_DEVICES: [0]
[I 2023-11-30 00:10:30,161] Trial 51 finished with value: 0.19026629626750946 and parameters: {'gradient_clip_val': 0.45522874392990637, 'hidden_size': 72, 'dropout': 0.22385066778740417, 'hidden_continuous_size': 34, 'attention_head_size': 3, 'learning_rate': 0.014380419571953362}. Best is trial 36 with value: 0.1049429401755333.
LOCAL_RANK: 0 - CUDA_VISIBLE_DEVICES: [0]
[I 2023-11-30 00:10:43,740] Trial 52 finished with value: 0.22896920144557953 and parameters: {'gradient_clip_val': 0.3268429901952442, 'hidden_size': 55, 'dropout': 0.21767369981905302, 'hidden_continuous_size': 36, 'attention_head_size': 3, 'learning_rate': 0.010097301126357577}. Best is trial 36 with value: 0.1049429401755333.
LOCAL_RANK: 0 - CUDA_VISIBLE_DEVICES: [0]
[I 2023-11-30 00:10:57,739] Trial 53 finished with value: 0.1267964243888855 and parameters: {'gradient_clip_val': 0.37187394383065253, 'hidden_size': 106, 'dropout': 0.23868752337662325, 'hidden_continuous_size': 46, 'attention_head_size': 3, 'learning_rate': 0.012708853418189461}. Best is trial 36 with value: 0.1049429401755333.
LOCAL_RANK: 0 - CUDA_VISIBLE_DEVICES: [0]
[I 2023-11-30 00:11:11,284] Trial 54 finished with value: 0.1852683275938034 and parameters: {'gradient_clip_val': 0.4201944682744838, 'hidden_size': 93, 'dropout': 0.20124433308471737, 'hidden_continuous_size': 32, 'attention_head_size': 3, 'learning_rate': 0.014937484240817466}. Best is trial 36 with value: 0.1049429401755333.
LOCAL_RANK: 0 - CUDA_VISIBLE_DEVICES: [0]
[I 2023-11-30 00:11:24,807] Trial 55 finished with value: 0.19440536201000214 and parameters: {'gradient_clip_val': 0.4957143322952975, 'hidden_size': 66, 'dropout': 0.18209279398373313, 'hidden_continuous_size': 38, 'attention_head_size': 3, 'learning_rate': 0.02099642635338705}. Best is trial 36 with value: 0.1049429401755333.
LOCAL_RANK: 0 - CUDA_VISIBLE_DEVICES: [0]
[I 2023-11-30 00:11:38,183] Trial 56 finished with value: 0.4503619372844696 and parameters: {'gradient_clip_val': 0.6721943897773036, 'hidden_size': 76, 'dropout': 0.2164074335136966, 'hidden_continuous_size': 24, 'attention_head_size': 3, 'learning_rate': 0.03108159691193075}. Best is trial 36 with value: 0.1049429401755333.
LOCAL_RANK: 0 - CUDA_VISIBLE_DEVICES: [0]
[I 2023-11-30 00:11:51,892] Trial 57 finished with value: 0.17167912423610687 and parameters: {'gradient_clip_val': 0.42321763317933403, 'hidden_size': 83, 'dropout': 0.25927150304585694, 'hidden_continuous_size': 27, 'attention_head_size': 3, 'learning_rate': 0.017730772222282355}. Best is trial 36 with value: 0.1049429401755333.
LOCAL_RANK: 0 - CUDA_VISIBLE_DEVICES: [0]
[I 2023-11-30 00:12:05,228] Trial 58 finished with value: 0.25985732674598694 and parameters: {'gradient_clip_val': 0.537872367875522, 'hidden_size': 59, 'dropout': 0.2462882920946278, 'hidden_continuous_size': 31, 'attention_head_size': 3, 'learning_rate': 0.007180587422249154}. Best is trial 36 with value: 0.1049429401755333.
LOCAL_RANK: 0 - CUDA_VISIBLE_DEVICES: [0]
[I 2023-11-30 00:12:19,105] Trial 59 finished with value: 0.12564510107040405 and parameters: {'gradient_clip_val': 0.4768042475495299, 'hidden_size': 96, 'dropout': 0.1736155058848401, 'hidden_continuous_size': 51, 'attention_head_size': 3, 'learning_rate': 0.00913247570078544}. Best is trial 36 with value: 0.1049429401755333.
LOCAL_RANK: 0 - CUDA_VISIBLE_DEVICES: [0]
[I 2023-11-30 00:12:33,170] Trial 60 finished with value: 0.11351708322763443 and parameters: {'gradient_clip_val': 0.3491710100354918, 'hidden_size': 110, 'dropout': 0.2293979615262715, 'hidden_continuous_size': 44, 'attention_head_size': 4, 'learning_rate': 0.015201233213871871}. Best is trial 36 with value: 0.1049429401755333.
LOCAL_RANK: 0 - CUDA_VISIBLE_DEVICES: [0]
[I 2023-11-30 00:12:47,156] Trial 61 finished with value: 0.08963929861783981 and parameters: {'gradient_clip_val': 0.3467366659186299, 'hidden_size': 112, 'dropout': 0.23251615008486634, 'hidden_continuous_size': 44, 'attention_head_size': 4, 'learning_rate': 0.015099354128423215}. Best is trial 61 with value: 0.08963929861783981.
LOCAL_RANK: 0 - CUDA_VISIBLE_DEVICES: [0]
[I 2023-11-30 00:13:02,021] Trial 62 finished with value: 0.16216768324375153 and parameters: {'gradient_clip_val': 0.3437631229499667, 'hidden_size': 150, 'dropout': 0.2253062713709168, 'hidden_continuous_size': 66, 'attention_head_size': 4, 'learning_rate': 0.02379254198633645}. Best is trial 61 with value: 0.08963929861783981.
LOCAL_RANK: 0 - CUDA_VISIBLE_DEVICES: [0]
[I 2023-11-30 00:13:16,174] Trial 63 finished with value: 0.15876831114292145 and parameters: {'gradient_clip_val': 0.3027886574824541, 'hidden_size': 111, 'dropout': 0.23491068986074626, 'hidden_continuous_size': 43, 'attention_head_size': 4, 'learning_rate': 0.010887981836108302}. Best is trial 61 with value: 0.08963929861783981.
LOCAL_RANK: 0 - CUDA_VISIBLE_DEVICES: [0]
[I 2023-11-30 00:13:30,372] Trial 64 finished with value: 0.42048218846321106 and parameters: {'gradient_clip_val': 0.36900987099757104, 'hidden_size': 129, 'dropout': 0.24936426979178442, 'hidden_continuous_size': 45, 'attention_head_size': 4, 'learning_rate': 0.01551837879587161}. Best is trial 61 with value: 0.08963929861783981.
LOCAL_RANK: 0 - CUDA_VISIBLE_DEVICES: [0]
[I 2023-11-30 00:13:44,666] Trial 65 finished with value: 0.21296127140522003 and parameters: {'gradient_clip_val': 0.3977591160880772, 'hidden_size': 106, 'dropout': 0.158709379111074, 'hidden_continuous_size': 51, 'attention_head_size': 4, 'learning_rate': 0.018381856402974985}. Best is trial 61 with value: 0.08963929861783981.
LOCAL_RANK: 0 - CUDA_VISIBLE_DEVICES: [0]
[I 2023-11-30 00:13:58,905] Trial 66 finished with value: 0.14365141093730927 and parameters: {'gradient_clip_val': 0.33312257214834434, 'hidden_size': 119, 'dropout': 0.2061569747671835, 'hidden_continuous_size': 40, 'attention_head_size': 4, 'learning_rate': 0.012791949394141364}. Best is trial 61 with value: 0.08963929861783981.
LOCAL_RANK: 0 - CUDA_VISIBLE_DEVICES: [0]
[I 2023-11-30 00:14:12,883] Trial 67 finished with value: 0.22404246032238007 and parameters: {'gradient_clip_val': 0.41273985862844553, 'hidden_size': 90, 'dropout': 0.2414693367673334, 'hidden_continuous_size': 46, 'attention_head_size': 4, 'learning_rate': 0.025169378124338036}. Best is trial 61 with value: 0.08963929861783981.
LOCAL_RANK: 0 - CUDA_VISIBLE_DEVICES: [0]
[I 2023-11-30 00:14:26,925] Trial 68 finished with value: 0.12313533574342728 and parameters: {'gradient_clip_val': 0.3692627208662788, 'hidden_size': 101, 'dropout': 0.19206612758324468, 'hidden_continuous_size': 55, 'attention_head_size': 4, 'learning_rate': 0.01627759086215769}. Best is trial 61 with value: 0.08963929861783981.
LOCAL_RANK: 0 - CUDA_VISIBLE_DEVICES: [0]
[I 2023-11-30 00:14:41,260] Trial 69 finished with value: 0.11882859468460083 and parameters: {'gradient_clip_val': 0.3218382071807079, 'hidden_size': 137, 'dropout': 0.18785380639940738, 'hidden_continuous_size': 63, 'attention_head_size': 4, 'learning_rate': 0.009700161228619237}. Best is trial 61 with value: 0.08963929861783981.
LOCAL_RANK: 0 - CUDA_VISIBLE_DEVICES: [0]
[I 2023-11-30 00:14:55,412] Trial 70 finished with value: 0.20193739235401154 and parameters: {'gradient_clip_val': 0.31550069301060907, 'hidden_size': 132, 'dropout': 0.22922391055563532, 'hidden_continuous_size': 60, 'attention_head_size': 4, 'learning_rate': 0.008849580533148932}. Best is trial 61 with value: 0.08963929861783981.
LOCAL_RANK: 0 - CUDA_VISIBLE_DEVICES: [0]
[I 2023-11-30 00:15:09,929] Trial 71 finished with value: 0.11180751770734787 and parameters: {'gradient_clip_val': 0.3642347195037099, 'hidden_size': 138, 'dropout': 0.20052127359890515, 'hidden_continuous_size': 53, 'attention_head_size': 4, 'learning_rate': 0.010941446600931813}. Best is trial 61 with value: 0.08963929861783981.
LOCAL_RANK: 0 - CUDA_VISIBLE_DEVICES: [0]
[I 2023-11-30 00:15:24,125] Trial 72 finished with value: 0.22105936706066132 and parameters: {'gradient_clip_val': 0.3529414947846174, 'hidden_size': 122, 'dropout': 0.20086565052599636, 'hidden_continuous_size': 50, 'attention_head_size': 4, 'learning_rate': 0.010139894299609922}. Best is trial 61 with value: 0.08963929861783981.
LOCAL_RANK: 0 - CUDA_VISIBLE_DEVICES: [0]
[I 2023-11-30 00:15:38,359] Trial 73 finished with value: 0.17369024455547333 and parameters: {'gradient_clip_val': 0.2929066537053547, 'hidden_size': 138, 'dropout': 0.22087012907840256, 'hidden_continuous_size': 59, 'attention_head_size': 4, 'learning_rate': 0.01227268745366365}. Best is trial 61 with value: 0.08963929861783981.
LOCAL_RANK: 0 - CUDA_VISIBLE_DEVICES: [0]
[I 2023-11-30 00:15:52,982] Trial 74 finished with value: 0.15224340558052063 and parameters: {'gradient_clip_val': 0.3212283824281459, 'hidden_size': 141, 'dropout': 0.20882218500323355, 'hidden_continuous_size': 66, 'attention_head_size': 4, 'learning_rate': 0.007823221066995883}. Best is trial 61 with value: 0.08963929861783981.
LOCAL_RANK: 0 - CUDA_VISIBLE_DEVICES: [0]
[I 2023-11-30 00:16:07,159] Trial 75 finished with value: 0.30294710397720337 and parameters: {'gradient_clip_val': 0.2687595518922199, 'hidden_size': 114, 'dropout': 0.18601696783761706, 'hidden_continuous_size': 43, 'attention_head_size': 4, 'learning_rate': 0.0064513275873851654}. Best is trial 61 with value: 0.08963929861783981.
LOCAL_RANK: 0 - CUDA_VISIBLE_DEVICES: [0]
[I 2023-11-30 00:16:21,567] Trial 76 finished with value: 0.18626104295253754 and parameters: {'gradient_clip_val': 0.3972649445055626, 'hidden_size': 125, 'dropout': 0.17719568153109475, 'hidden_continuous_size': 54, 'attention_head_size': 4, 'learning_rate': 0.010829868165327623}. Best is trial 61 with value: 0.08963929861783981.
LOCAL_RANK: 0 - CUDA_VISIBLE_DEVICES: [0]
[I 2023-11-30 00:16:35,679] Trial 77 finished with value: 0.1685856133699417 and parameters: {'gradient_clip_val': 0.30718214366079194, 'hidden_size': 113, 'dropout': 0.1640083616156859, 'hidden_continuous_size': 48, 'attention_head_size': 4, 'learning_rate': 0.014354798141870568}. Best is trial 61 with value: 0.08963929861783981.
LOCAL_RANK: 0 - CUDA_VISIBLE_DEVICES: [0]
[I 2023-11-30 00:16:50,167] Trial 78 finished with value: 0.28118667006492615 and parameters: {'gradient_clip_val': 0.3492922095826103, 'hidden_size': 138, 'dropout': 0.1525726109972029, 'hidden_continuous_size': 71, 'attention_head_size': 4, 'learning_rate': 0.00931354640778854}. Best is trial 61 with value: 0.08963929861783981.
LOCAL_RANK: 0 - CUDA_VISIBLE_DEVICES: [0]
[I 2023-11-30 00:17:04,132] Trial 79 finished with value: 0.27848362922668457 and parameters: {'gradient_clip_val': 0.39149482323956125, 'hidden_size': 96, 'dropout': 0.23180435572040278, 'hidden_continuous_size': 41, 'attention_head_size': 4, 'learning_rate': 0.011505628351536729}. Best is trial 61 with value: 0.08963929861783981.
LOCAL_RANK: 0 - CUDA_VISIBLE_DEVICES: [0]
[I 2023-11-30 00:17:18,334] Trial 80 finished with value: 0.1214684471487999 and parameters: {'gradient_clip_val': 0.4374320320783977, 'hidden_size': 121, 'dropout': 0.2120319796763501, 'hidden_continuous_size': 53, 'attention_head_size': 4, 'learning_rate': 0.005764039686975919}. Best is trial 61 with value: 0.08963929861783981.
LOCAL_RANK: 0 - CUDA_VISIBLE_DEVICES: [0]
[I 2023-11-30 00:17:32,660] Trial 81 finished with value: 0.29719433188438416 and parameters: {'gradient_clip_val': 0.3362444422372686, 'hidden_size': 103, 'dropout': 0.21745813196121924, 'hidden_continuous_size': 52, 'attention_head_size': 4, 'learning_rate': 0.005905451356744364}. Best is trial 61 with value: 0.08963929861783981.
LOCAL_RANK: 0 - CUDA_VISIBLE_DEVICES: [0]
[I 2023-11-30 00:17:46,924] Trial 82 finished with value: 0.2452399581670761 and parameters: {'gradient_clip_val': 0.4323709867144525, 'hidden_size': 123, 'dropout': 0.19974123879222302, 'hidden_continuous_size': 48, 'attention_head_size': 4, 'learning_rate': 0.0046550443920665195}. Best is trial 61 with value: 0.08963929861783981.
LOCAL_RANK: 0 - CUDA_VISIBLE_DEVICES: [0]
[I 2023-11-30 00:18:01,368] Trial 83 finished with value: 0.2088770717382431 and parameters: {'gradient_clip_val': 0.36990525018554443, 'hidden_size': 145, 'dropout': 0.2085362795682364, 'hidden_continuous_size': 44, 'attention_head_size': 4, 'learning_rate': 0.007621494692870735}. Best is trial 61 with value: 0.08963929861783981.
LOCAL_RANK: 0 - CUDA_VISIBLE_DEVICES: [0]
[I 2023-11-30 00:18:15,368] Trial 84 finished with value: 0.3704569637775421 and parameters: {'gradient_clip_val': 0.44012363619835276, 'hidden_size': 113, 'dropout': 0.21144774990105808, 'hidden_continuous_size': 55, 'attention_head_size': 4, 'learning_rate': 0.00882066475897283}. Best is trial 61 with value: 0.08963929861783981.
LOCAL_RANK: 0 - CUDA_VISIBLE_DEVICES: [0]
[I 2023-11-30 00:18:29,641] Trial 85 finished with value: 0.20906533300876617 and parameters: {'gradient_clip_val': 0.48317932808054875, 'hidden_size': 134, 'dropout': 0.19603403121114607, 'hidden_continuous_size': 39, 'attention_head_size': 4, 'learning_rate': 0.006846251461531314}. Best is trial 61 with value: 0.08963929861783981.
LOCAL_RANK: 0 - CUDA_VISIBLE_DEVICES: [0]
[I 2023-11-30 00:18:43,490] Trial 86 finished with value: 0.4345565140247345 and parameters: {'gradient_clip_val': 0.3770857371535486, 'hidden_size': 87, 'dropout': 0.2406339701048359, 'hidden_continuous_size': 47, 'attention_head_size': 1, 'learning_rate': 0.019516139875192233}. Best is trial 61 with value: 0.08963929861783981.
LOCAL_RANK: 0 - CUDA_VISIBLE_DEVICES: [0]
[I 2023-11-30 00:18:57,502] Trial 87 finished with value: 0.1036691665649414 and parameters: {'gradient_clip_val': 0.31358055890897824, 'hidden_size': 123, 'dropout': 0.22444997390030777, 'hidden_continuous_size': 35, 'attention_head_size': 4, 'learning_rate': 0.013399173845004157}. Best is trial 61 with value: 0.08963929861783981.
LOCAL_RANK: 0 - CUDA_VISIBLE_DEVICES: [0]
[I 2023-11-30 00:19:11,379] Trial 88 finished with value: 0.24700336158275604 and parameters: {'gradient_clip_val': 0.3160105997668602, 'hidden_size': 106, 'dropout': 0.18732118508781725, 'hidden_continuous_size': 35, 'attention_head_size': 2, 'learning_rate': 0.013671044335521418}. Best is trial 61 with value: 0.08963929861783981.
LOCAL_RANK: 0 - CUDA_VISIBLE_DEVICES: [0]
[I 2023-11-30 00:19:25,854] Trial 89 finished with value: 0.18301177024841309 and parameters: {'gradient_clip_val': 0.2910575716242329, 'hidden_size': 149, 'dropout': 0.221442428164016, 'hidden_continuous_size': 42, 'attention_head_size': 4, 'learning_rate': 0.016331454173563}. Best is trial 61 with value: 0.08963929861783981.
LOCAL_RANK: 0 - CUDA_VISIBLE_DEVICES: [0]
[I 2023-11-30 00:19:39,737] Trial 90 finished with value: 0.11557721346616745 and parameters: {'gradient_clip_val': 0.33784219048915853, 'hidden_size': 100, 'dropout': 0.2526877497806243, 'hidden_continuous_size': 37, 'attention_head_size': 3, 'learning_rate': 0.009805493246586548}. Best is trial 61 with value: 0.08963929861783981.
LOCAL_RANK: 0 - CUDA_VISIBLE_DEVICES: [0]
[I 2023-11-30 00:19:53,753] Trial 91 finished with value: 0.2220258265733719 and parameters: {'gradient_clip_val': 0.34103698665274396, 'hidden_size': 97, 'dropout': 0.25839781226116026, 'hidden_continuous_size': 38, 'attention_head_size': 3, 'learning_rate': 0.010537537109269243}. Best is trial 61 with value: 0.08963929861783981.
LOCAL_RANK: 0 - CUDA_VISIBLE_DEVICES: [0]
[I 2023-11-30 00:20:07,703] Trial 92 finished with value: 0.2314690351486206 and parameters: {'gradient_clip_val': 0.3083155340406258, 'hidden_size': 101, 'dropout': 0.23316306432399234, 'hidden_continuous_size': 37, 'attention_head_size': 3, 'learning_rate': 0.011693731978484645}. Best is trial 61 with value: 0.08963929861783981.
LOCAL_RANK: 0 - CUDA_VISIBLE_DEVICES: [0]
[I 2023-11-30 00:20:21,405] Trial 93 finished with value: 0.2610838711261749 and parameters: {'gradient_clip_val': 0.3335238777600149, 'hidden_size': 87, 'dropout': 0.25067453881417195, 'hidden_continuous_size': 45, 'attention_head_size': 3, 'learning_rate': 0.013872169480379799}. Best is trial 61 with value: 0.08963929861783981.
LOCAL_RANK: 0 - CUDA_VISIBLE_DEVICES: [0]
[I 2023-11-30 00:20:35,390] Trial 94 finished with value: 0.1576242446899414 and parameters: {'gradient_clip_val': 0.3610005272169584, 'hidden_size': 109, 'dropout': 0.22700349106296913, 'hidden_continuous_size': 35, 'attention_head_size': 3, 'learning_rate': 0.022472039728371196}. Best is trial 61 with value: 0.08963929861783981.
LOCAL_RANK: 0 - CUDA_VISIBLE_DEVICES: [0]
[I 2023-11-30 00:20:49,020] Trial 95 finished with value: 0.22487519681453705 and parameters: {'gradient_clip_val': 0.40688204619342655, 'hidden_size': 78, 'dropout': 0.26718322464941496, 'hidden_continuous_size': 42, 'attention_head_size': 2, 'learning_rate': 0.00974577488964111}. Best is trial 61 with value: 0.08963929861783981.
LOCAL_RANK: 0 - CUDA_VISIBLE_DEVICES: [0]
[I 2023-11-30 00:21:03,169] Trial 96 finished with value: 0.0893448069691658 and parameters: {'gradient_clip_val': 0.2788865172856355, 'hidden_size': 128, 'dropout': 0.23649471004896283, 'hidden_continuous_size': 33, 'attention_head_size': 3, 'learning_rate': 0.015442955524697344}. Best is trial 96 with value: 0.0893448069691658.
LOCAL_RANK: 0 - CUDA_VISIBLE_DEVICES: [0]
[I 2023-11-30 00:21:17,141] Trial 97 finished with value: 0.13344569504261017 and parameters: {'gradient_clip_val': 0.2815478239120095, 'hidden_size': 117, 'dropout': 0.2549165879166711, 'hidden_continuous_size': 32, 'attention_head_size': 3, 'learning_rate': 0.019027226380377994}. Best is trial 96 with value: 0.0893448069691658.
LOCAL_RANK: 0 - CUDA_VISIBLE_DEVICES: [0]
[I 2023-11-30 00:21:31,278] Trial 98 finished with value: 0.12275487184524536 and parameters: {'gradient_clip_val': 0.2957754636800837, 'hidden_size': 127, 'dropout': 0.24275519967929593, 'hidden_continuous_size': 36, 'attention_head_size': 3, 'learning_rate': 0.015700866391066732}. Best is trial 96 with value: 0.0893448069691658.
LOCAL_RANK: 0 - CUDA_VISIBLE_DEVICES: [0]
[I 2023-11-30 00:21:45,227] Trial 99 finished with value: 0.2206892967224121 and parameters: {'gradient_clip_val': 0.38375420790787534, 'hidden_size': 94, 'dropout': 0.24754394841732144, 'hidden_continuous_size': 40, 'attention_head_size': 3, 'learning_rate': 0.01289636934264497}. Best is trial 96 with value: 0.0893448069691658.
LOCAL_RANK: 0 - CUDA_VISIBLE_DEVICES: [0]
[I 2023-11-30 00:21:58,736] Trial 100 finished with value: 0.1255332976579666 and parameters: {'gradient_clip_val': 0.24481491100522956, 'hidden_size': 83, 'dropout': 0.23393625198920376, 'hidden_continuous_size': 29, 'attention_head_size': 3, 'learning_rate': 0.016862757239844914}. Best is trial 96 with value: 0.0893448069691658.
LOCAL_RANK: 0 - CUDA_VISIBLE_DEVICES: [0]
[I 2023-11-30 00:22:12,903] Trial 101 finished with value: 0.22072665393352509 and parameters: {'gradient_clip_val': 0.32252343816719503, 'hidden_size': 132, 'dropout': 0.22176342502195892, 'hidden_continuous_size': 33, 'attention_head_size': 3, 'learning_rate': 0.008349760967891149}. Best is trial 96 with value: 0.0893448069691658.
LOCAL_RANK: 0 - CUDA_VISIBLE_DEVICES: [0]
[I 2023-11-30 00:22:26,917] Trial 102 finished with value: 0.11237350851297379 and parameters: {'gradient_clip_val': 0.26626511448456164, 'hidden_size': 107, 'dropout': 0.2362161913529273, 'hidden_continuous_size': 39, 'attention_head_size': 3, 'learning_rate': 0.012186079359208386}. Best is trial 96 with value: 0.0893448069691658.
LOCAL_RANK: 0 - CUDA_VISIBLE_DEVICES: [0]
