[I 2023-11-30 13:54:31,009] Trial 16 finished with value: 22.472620010375977 and parameters: {'gradient_clip_val': 0.41291982901065566, 'hidden_size': 29, 'dropout': 0.27927749132303853, 'hidden_continuous_size': 14, 'attention_head_size': 1, 'learning_rate': 0.05151195178881067}. Best is trial 13 with value: 21.69936180114746.
LOCAL_RANK: 0 - CUDA_VISIBLE_DEVICES: [0]
[I 2023-11-30 13:54:45,159] Trial 17 finished with value: 23.06718635559082 and parameters: {'gradient_clip_val': 0.47197801401175205, 'hidden_size': 36, 'dropout': 0.3999725326590089, 'hidden_continuous_size': 14, 'attention_head_size': 3, 'learning_rate': 0.05578249724109558}. Best is trial 13 with value: 21.69936180114746.
LOCAL_RANK: 0 - CUDA_VISIBLE_DEVICES: [0]
[I 2023-11-30 13:54:59,333] Trial 18 finished with value: 25.845703125 and parameters: {'gradient_clip_val': 0.5169822139319272, 'hidden_size': 47, 'dropout': 0.27328442811697956, 'hidden_continuous_size': 15, 'attention_head_size': 2, 'learning_rate': 0.02309696022014205}. Best is trial 13 with value: 21.69936180114746.
LOCAL_RANK: 0 - CUDA_VISIBLE_DEVICES: [0]
[I 2023-11-30 13:55:12,603] Trial 19 finished with value: 25.768882751464844 and parameters: {'gradient_clip_val': 0.1565830523083703, 'hidden_size': 24, 'dropout': 0.22952869081671784, 'hidden_continuous_size': 13, 'attention_head_size': 1, 'learning_rate': 0.03509198837506561}. Best is trial 13 with value: 21.69936180114746.
LOCAL_RANK: 0 - CUDA_VISIBLE_DEVICES: [0]
[I 2023-11-30 13:55:27,712] Trial 20 finished with value: 26.534448623657227 and parameters: {'gradient_clip_val': 0.17448145842611495, 'hidden_size': 138, 'dropout': 0.2868685809036556, 'hidden_continuous_size': 21, 'attention_head_size': 2, 'learning_rate': 0.016578103768548347}. Best is trial 13 with value: 21.69936180114746.
LOCAL_RANK: 0 - CUDA_VISIBLE_DEVICES: [0]
[I 2023-11-30 13:55:39,867] Trial 21 finished with value: 26.501251220703125 and parameters: {'gradient_clip_val': 0.275417258759624, 'hidden_size': 25, 'dropout': 0.30269086366614245, 'hidden_continuous_size': 11, 'attention_head_size': 1, 'learning_rate': 0.09918954458406629}. Best is trial 13 with value: 21.69936180114746.
LOCAL_RANK: 0 - CUDA_VISIBLE_DEVICES: [0]
[I 2023-11-30 13:55:52,088] Trial 22 finished with value: 30.975067138671875 and parameters: {'gradient_clip_val': 0.2659372273957773, 'hidden_size': 31, 'dropout': 0.31352879542757367, 'hidden_continuous_size': 11, 'attention_head_size': 1, 'learning_rate': 0.051002295231960815}. Best is trial 13 with value: 21.69936180114746.
LOCAL_RANK: 0 - CUDA_VISIBLE_DEVICES: [0]
[I 2023-11-30 13:56:03,933] Trial 23 finished with value: 24.54680061340332 and parameters: {'gradient_clip_val': 0.18349296434041368, 'hidden_size': 20, 'dropout': 0.2701108329066022, 'hidden_continuous_size': 11, 'attention_head_size': 1, 'learning_rate': 0.06908586208175724}. Best is trial 13 with value: 21.69936180114746.
LOCAL_RANK: 0 - CUDA_VISIBLE_DEVICES: [0]
[I 2023-11-30 13:56:15,992] Trial 24 finished with value: 26.17466926574707 and parameters: {'gradient_clip_val': 0.3880065315512081, 'hidden_size': 28, 'dropout': 0.25057956763589306, 'hidden_continuous_size': 13, 'attention_head_size': 1, 'learning_rate': 0.04157973910600349}. Best is trial 13 with value: 21.69936180114746.
LOCAL_RANK: 0 - CUDA_VISIBLE_DEVICES: [0]
[I 2023-11-30 13:56:28,099] Trial 25 finished with value: 26.810964584350586 and parameters: {'gradient_clip_val': 0.29036109182899605, 'hidden_size': 21, 'dropout': 0.3057207210736897, 'hidden_continuous_size': 10, 'attention_head_size': 2, 'learning_rate': 0.04179047544732123}. Best is trial 13 with value: 21.69936180114746.
LOCAL_RANK: 0 - CUDA_VISIBLE_DEVICES: [0]
[I 2023-11-30 13:56:40,715] Trial 26 finished with value: 26.117155075073242 and parameters: {'gradient_clip_val': 0.25810191980019315, 'hidden_size': 33, 'dropout': 0.3301978657076214, 'hidden_continuous_size': 14, 'attention_head_size': 1, 'learning_rate': 0.07009526184978707}. Best is trial 13 with value: 21.69936180114746.
LOCAL_RANK: 0 - CUDA_VISIBLE_DEVICES: [0]
[I 2023-11-30 13:56:53,351] Trial 27 finished with value: 26.780942916870117 and parameters: {'gradient_clip_val': 0.3271390509464362, 'hidden_size': 37, 'dropout': 0.28005449842302543, 'hidden_continuous_size': 16, 'attention_head_size': 2, 'learning_rate': 0.06601959663121879}. Best is trial 13 with value: 21.69936180114746.
LOCAL_RANK: 0 - CUDA_VISIBLE_DEVICES: [0]
[I 2023-11-30 13:57:06,085] Trial 28 finished with value: 25.649682998657227 and parameters: {'gradient_clip_val': 0.1772814572501165, 'hidden_size': 47, 'dropout': 0.24713995653048754, 'hidden_continuous_size': 18, 'attention_head_size': 1, 'learning_rate': 0.04210243432840035}. Best is trial 13 with value: 21.69936180114746.
LOCAL_RANK: 0 - CUDA_VISIBLE_DEVICES: [0]
[I 2023-11-30 13:57:18,276] Trial 29 finished with value: 23.7698974609375 and parameters: {'gradient_clip_val': 0.3217553073777188, 'hidden_size': 30, 'dropout': 0.26433129309861797, 'hidden_continuous_size': 11, 'attention_head_size': 1, 'learning_rate': 0.07173601083352871}. Best is trial 13 with value: 21.69936180114746.
LOCAL_RANK: 0 - CUDA_VISIBLE_DEVICES: [0]
[I 2023-11-30 13:57:31,002] Trial 30 finished with value: 25.284006118774414 and parameters: {'gradient_clip_val': 0.38988548061876577, 'hidden_size': 44, 'dropout': 0.31990734584856506, 'hidden_continuous_size': 17, 'attention_head_size': 3, 'learning_rate': 0.09850281023440653}. Best is trial 13 with value: 21.69936180114746.
LOCAL_RANK: 0 - CUDA_VISIBLE_DEVICES: [0]
[I 2023-11-30 13:57:43,731] Trial 31 finished with value: 25.532060623168945 and parameters: {'gradient_clip_val': 0.49901024974115943, 'hidden_size': 37, 'dropout': 0.3831379560405213, 'hidden_continuous_size': 14, 'attention_head_size': 3, 'learning_rate': 0.05110565468433934}. Best is trial 13 with value: 21.69936180114746.
LOCAL_RANK: 0 - CUDA_VISIBLE_DEVICES: [0]
[I 2023-11-30 13:57:55,773] Trial 32 finished with value: 23.319480895996094 and parameters: {'gradient_clip_val': 0.46252499031596234, 'hidden_size': 21, 'dropout': 0.3981146704742855, 'hidden_continuous_size': 10, 'attention_head_size': 3, 'learning_rate': 0.06200388235993548}. Best is trial 13 with value: 21.69936180114746.
LOCAL_RANK: 0 - CUDA_VISIBLE_DEVICES: [0]
[I 2023-11-30 13:58:07,748] Trial 33 finished with value: 23.316030502319336 and parameters: {'gradient_clip_val': 0.5814121477449957, 'hidden_size': 28, 'dropout': 0.35388607965028984, 'hidden_continuous_size': 12, 'attention_head_size': 3, 'learning_rate': 0.04411159991620618}. Best is trial 13 with value: 21.69936180114746.
LOCAL_RANK: 0 - CUDA_VISIBLE_DEVICES: [0]
[I 2023-11-30 13:58:20,386] Trial 34 finished with value: 23.399187088012695 and parameters: {'gradient_clip_val': 0.9991450196243085, 'hidden_size': 34, 'dropout': 0.35703195872166626, 'hidden_continuous_size': 14, 'attention_head_size': 3, 'learning_rate': 0.026935825193949246}. Best is trial 13 with value: 21.69936180114746.
LOCAL_RANK: 0 - CUDA_VISIBLE_DEVICES: [0]
[I 2023-11-30 13:58:32,461] Trial 35 finished with value: 55.17094802856445 and parameters: {'gradient_clip_val': 0.3470305854133852, 'hidden_size': 18, 'dropout': 0.2993512456958479, 'hidden_continuous_size': 10, 'attention_head_size': 2, 'learning_rate': 0.002479247567647016}. Best is trial 13 with value: 21.69936180114746.
LOCAL_RANK: 0 - CUDA_VISIBLE_DEVICES: [0]
[I 2023-11-30 13:58:44,966] Trial 36 finished with value: 24.15498924255371 and parameters: {'gradient_clip_val': 0.4352249438892386, 'hidden_size': 40, 'dropout': 0.3226094629008677, 'hidden_continuous_size': 12, 'attention_head_size': 2, 'learning_rate': 0.07223034963964857}. Best is trial 13 with value: 21.69936180114746.
LOCAL_RANK: 0 - CUDA_VISIBLE_DEVICES: [0]
[I 2023-11-30 13:58:57,320] Trial 37 finished with value: 25.002073287963867 and parameters: {'gradient_clip_val': 0.3008913268851682, 'hidden_size': 22, 'dropout': 0.28283993090095316, 'hidden_continuous_size': 13, 'attention_head_size': 4, 'learning_rate': 0.05690319758237791}. Best is trial 13 with value: 21.69936180114746.
LOCAL_RANK: 0 - CUDA_VISIBLE_DEVICES: [0]
[I 2023-11-30 13:59:09,615] Trial 38 finished with value: 25.943374633789062 and parameters: {'gradient_clip_val': 0.23520784954885235, 'hidden_size': 27, 'dropout': 0.34833549151503773, 'hidden_continuous_size': 15, 'attention_head_size': 3, 'learning_rate': 0.033711990843963445}. Best is trial 13 with value: 21.69936180114746.
LOCAL_RANK: 0 - CUDA_VISIBLE_DEVICES: [0]
[I 2023-11-30 13:59:21,767] Trial 39 finished with value: 23.706106185913086 and parameters: {'gradient_clip_val': 0.41648326626120336, 'hidden_size': 19, 'dropout': 0.315678598619844, 'hidden_continuous_size': 13, 'attention_head_size': 1, 'learning_rate': 0.050710463398415735}. Best is trial 13 with value: 21.69936180114746.
LOCAL_RANK: 0 - CUDA_VISIBLE_DEVICES: [0]
[I 2023-11-30 13:59:33,845] Trial 40 finished with value: 26.13652801513672 and parameters: {'gradient_clip_val': 0.3473200444146441, 'hidden_size': 15, 'dropout': 0.25831593404683195, 'hidden_continuous_size': 11, 'attention_head_size': 2, 'learning_rate': 0.07897336467145563}. Best is trial 13 with value: 21.69936180114746.
LOCAL_RANK: 0 - CUDA_VISIBLE_DEVICES: [0]
[I 2023-11-30 13:59:46,038] Trial 41 finished with value: 27.07756805419922 and parameters: {'gradient_clip_val': 0.6003945110752095, 'hidden_size': 28, 'dropout': 0.36011809663513056, 'hidden_continuous_size': 12, 'attention_head_size': 3, 'learning_rate': 0.04525421251826999}. Best is trial 13 with value: 21.69936180114746.
LOCAL_RANK: 0 - CUDA_VISIBLE_DEVICES: [0]
[I 2023-11-30 13:59:58,290] Trial 42 finished with value: 23.206254959106445 and parameters: {'gradient_clip_val': 0.648472585028758, 'hidden_size': 23, 'dropout': 0.3706372313784881, 'hidden_continuous_size': 12, 'attention_head_size': 3, 'learning_rate': 0.05630560860550989}. Best is trial 13 with value: 21.69936180114746.
LOCAL_RANK: 0 - CUDA_VISIBLE_DEVICES: [0]
[I 2023-11-30 14:00:10,422] Trial 43 finished with value: 24.56133270263672 and parameters: {'gradient_clip_val': 0.6610206966291314, 'hidden_size': 23, 'dropout': 0.3991144930089059, 'hidden_continuous_size': 12, 'attention_head_size': 3, 'learning_rate': 0.06254422182553088}. Best is trial 13 with value: 21.69936180114746.
LOCAL_RANK: 0 - CUDA_VISIBLE_DEVICES: [0]
[I 2023-11-30 14:00:22,519] Trial 44 finished with value: 23.023000717163086 and parameters: {'gradient_clip_val': 0.4665518068000887, 'hidden_size': 19, 'dropout': 0.38114216953722624, 'hidden_continuous_size': 14, 'attention_head_size': 3, 'learning_rate': 0.0974823316957867}. Best is trial 13 with value: 21.69936180114746.
LOCAL_RANK: 0 - CUDA_VISIBLE_DEVICES: [0]
[I 2023-11-30 14:00:34,796] Trial 45 finished with value: 32.693607330322266 and parameters: {'gradient_clip_val': 0.421065920575845, 'hidden_size': 17, 'dropout': 0.3404614484791431, 'hidden_continuous_size': 14, 'attention_head_size': 4, 'learning_rate': 0.08213175492330359}. Best is trial 13 with value: 21.69936180114746.
LOCAL_RANK: 0 - CUDA_VISIBLE_DEVICES: [0]
[I 2023-11-30 14:00:47,214] Trial 46 finished with value: 21.161161422729492 and parameters: {'gradient_clip_val': 0.4807152934008006, 'hidden_size': 19, 'dropout': 0.38797916184350406, 'hidden_continuous_size': 15, 'attention_head_size': 4, 'learning_rate': 0.09712708677288429}. Best is trial 46 with value: 21.161161422729492.
LOCAL_RANK: 0 - CUDA_VISIBLE_DEVICES: [0]
[I 2023-11-30 14:00:59,305] Trial 47 finished with value: 22.22751808166504 and parameters: {'gradient_clip_val': 0.3750983226880267, 'hidden_size': 14, 'dropout': 0.3828912918966138, 'hidden_continuous_size': 10, 'attention_head_size': 4, 'learning_rate': 0.08448791236068147}. Best is trial 46 with value: 21.161161422729492.
LOCAL_RANK: 0 - CUDA_VISIBLE_DEVICES: [0]
[I 2023-11-30 14:01:11,444] Trial 48 finished with value: 33.7254524230957 and parameters: {'gradient_clip_val': 0.36451071618865927, 'hidden_size': 15, 'dropout': 0.3423758976788802, 'hidden_continuous_size': 10, 'attention_head_size': 4, 'learning_rate': 0.07971497821051707}. Best is trial 46 with value: 21.161161422729492.
LOCAL_RANK: 0 - CUDA_VISIBLE_DEVICES: [0]
[I 2023-11-30 14:01:23,549] Trial 49 finished with value: 28.3819637298584 and parameters: {'gradient_clip_val': 0.3332989365832108, 'hidden_size': 14, 'dropout': 0.36798679545759294, 'hidden_continuous_size': 10, 'attention_head_size': 4, 'learning_rate': 0.08234670150127756}. Best is trial 46 with value: 21.161161422729492.
LOCAL_RANK: 0 - CUDA_VISIBLE_DEVICES: [0]
[I 2023-11-30 14:01:35,522] Trial 50 finished with value: 25.829864501953125 and parameters: {'gradient_clip_val': 0.29632697450242096, 'hidden_size': 12, 'dropout': 0.2877391847546128, 'hidden_continuous_size': 10, 'attention_head_size': 4, 'learning_rate': 0.09471346839610306}. Best is trial 46 with value: 21.161161422729492.
LOCAL_RANK: 0 - CUDA_VISIBLE_DEVICES: [0]
[I 2023-11-30 14:01:47,934] Trial 51 finished with value: 27.051950454711914 and parameters: {'gradient_clip_val': 0.514152898176246, 'hidden_size': 17, 'dropout': 0.3810269197732297, 'hidden_continuous_size': 10, 'attention_head_size': 4, 'learning_rate': 0.08434666747553955}. Best is trial 46 with value: 21.161161422729492.
LOCAL_RANK: 0 - CUDA_VISIBLE_DEVICES: [0]
[I 2023-11-30 14:02:00,263] Trial 52 finished with value: 28.540048599243164 and parameters: {'gradient_clip_val': 0.39273188483058785, 'hidden_size': 19, 'dropout': 0.383624697237841, 'hidden_continuous_size': 15, 'attention_head_size': 4, 'learning_rate': 0.09208708421053746}. Best is trial 46 with value: 21.161161422729492.
LOCAL_RANK: 0 - CUDA_VISIBLE_DEVICES: [0]
[I 2023-11-30 14:02:12,384] Trial 53 finished with value: 25.688905715942383 and parameters: {'gradient_clip_val': 0.46024214333459845, 'hidden_size': 19, 'dropout': 0.32886290855589456, 'hidden_continuous_size': 15, 'attention_head_size': 4, 'learning_rate': 0.0997625097356439}. Best is trial 46 with value: 21.161161422729492.
LOCAL_RANK: 0 - CUDA_VISIBLE_DEVICES: [0]
[I 2023-11-30 14:02:24,475] Trial 54 finished with value: 25.067800521850586 and parameters: {'gradient_clip_val': 0.43488708823484146, 'hidden_size': 25, 'dropout': 0.34954823323038775, 'hidden_continuous_size': 11, 'attention_head_size': 1, 'learning_rate': 0.06504651699490577}. Best is trial 46 with value: 21.161161422729492.
LOCAL_RANK: 0 - CUDA_VISIBLE_DEVICES: [0]
[I 2023-11-30 14:02:36,310] Trial 55 finished with value: 24.36173439025879 and parameters: {'gradient_clip_val': 0.3185391424119168, 'hidden_size': 16, 'dropout': 0.36513993149077917, 'hidden_continuous_size': 10, 'attention_head_size': 1, 'learning_rate': 0.07173177643217855}. Best is trial 46 with value: 21.161161422729492.
LOCAL_RANK: 0 - CUDA_VISIBLE_DEVICES: [0]
[I 2023-11-30 14:02:48,818] Trial 56 finished with value: 25.99628448486328 and parameters: {'gradient_clip_val': 0.3760771431521641, 'hidden_size': 22, 'dropout': 0.31037462666245963, 'hidden_continuous_size': 16, 'attention_head_size': 4, 'learning_rate': 0.07989540455560387}. Best is trial 46 with value: 21.161161422729492.
LOCAL_RANK: 0 - CUDA_VISIBLE_DEVICES: [0]
[I 2023-11-30 14:03:00,718] Trial 57 finished with value: 23.955263137817383 and parameters: {'gradient_clip_val': 0.2549567310803735, 'hidden_size': 13, 'dropout': 0.2917126230081479, 'hidden_continuous_size': 11, 'attention_head_size': 1, 'learning_rate': 0.05677882179160746}. Best is trial 46 with value: 21.161161422729492.
LOCAL_RANK: 0 - CUDA_VISIBLE_DEVICES: [0]
[I 2023-11-30 14:03:12,881] Trial 58 finished with value: 26.445228576660156 and parameters: {'gradient_clip_val': 0.35163550794032283, 'hidden_size': 20, 'dropout': 0.2760687507851201, 'hidden_continuous_size': 15, 'attention_head_size': 2, 'learning_rate': 0.0369581344983444}. Best is trial 46 with value: 21.161161422729492.
LOCAL_RANK: 0 - CUDA_VISIBLE_DEVICES: [0]
[I 2023-11-30 14:03:25,172] Trial 59 finished with value: 25.79912757873535 and parameters: {'gradient_clip_val': 0.49275625342392365, 'hidden_size': 26, 'dropout': 0.33687734186983403, 'hidden_continuous_size': 17, 'attention_head_size': 1, 'learning_rate': 0.04945499905353556}. Best is trial 46 with value: 21.161161422729492.
LOCAL_RANK: 0 - CUDA_VISIBLE_DEVICES: [0]
[I 2023-11-30 14:03:37,261] Trial 60 finished with value: 24.524503707885742 and parameters: {'gradient_clip_val': 0.40905227367825575, 'hidden_size': 24, 'dropout': 0.30514680691240414, 'hidden_continuous_size': 14, 'attention_head_size': 4, 'learning_rate': 0.09976128866020716}. Best is trial 46 with value: 21.161161422729492.
LOCAL_RANK: 0 - CUDA_VISIBLE_DEVICES: [0]
[I 2023-11-30 14:03:50,175] Trial 61 finished with value: 24.876296997070312 and parameters: {'gradient_clip_val': 0.45467355746927857, 'hidden_size': 33, 'dropout': 0.3920563170046243, 'hidden_continuous_size': 19, 'attention_head_size': 3, 'learning_rate': 0.06170578696451885}. Best is trial 46 with value: 21.161161422729492.
LOCAL_RANK: 0 - CUDA_VISIBLE_DEVICES: [0]
[I 2023-11-30 14:04:02,555] Trial 62 finished with value: 22.884496688842773 and parameters: {'gradient_clip_val': 0.3888297312735239, 'hidden_size': 30, 'dropout': 0.37355761342868604, 'hidden_continuous_size': 13, 'attention_head_size': 3, 'learning_rate': 0.07314439599172125}. Best is trial 46 with value: 21.161161422729492.
LOCAL_RANK: 0 - CUDA_VISIBLE_DEVICES: [0]
[I 2023-11-30 14:04:15,022] Trial 63 finished with value: 24.640525817871094 and parameters: {'gradient_clip_val': 0.38282747640146286, 'hidden_size': 29, 'dropout': 0.37283788713763777, 'hidden_continuous_size': 13, 'attention_head_size': 4, 'learning_rate': 0.0738886531872057}. Best is trial 46 with value: 21.161161422729492.
LOCAL_RANK: 0 - CUDA_VISIBLE_DEVICES: [0]
[I 2023-11-30 14:04:27,439] Trial 64 finished with value: 26.40876579284668 and parameters: {'gradient_clip_val': 0.40656737437109675, 'hidden_size': 31, 'dropout': 0.38584459338941735, 'hidden_continuous_size': 16, 'attention_head_size': 1, 'learning_rate': 0.08669431375091816}. Best is trial 46 with value: 21.161161422729492.
LOCAL_RANK: 0 - CUDA_VISIBLE_DEVICES: [0]
[I 2023-11-30 14:04:39,683] Trial 65 finished with value: 25.4932804107666 and parameters: {'gradient_clip_val': 0.28353740214175505, 'hidden_size': 26, 'dropout': 0.3790847684535426, 'hidden_continuous_size': 13, 'attention_head_size': 3, 'learning_rate': 0.06448500329644169}. Best is trial 46 with value: 21.161161422729492.
LOCAL_RANK: 0 - CUDA_VISIBLE_DEVICES: [0]
[I 2023-11-30 14:04:52,081] Trial 66 finished with value: 24.652122497558594 and parameters: {'gradient_clip_val': 0.3180304510997452, 'hidden_size': 21, 'dropout': 0.39149247028442574, 'hidden_continuous_size': 14, 'attention_head_size': 2, 'learning_rate': 0.0757304229202802}. Best is trial 46 with value: 21.161161422729492.
LOCAL_RANK: 0 - CUDA_VISIBLE_DEVICES: [0]
[I 2023-11-30 14:05:03,802] Trial 67 finished with value: 24.12620735168457 and parameters: {'gradient_clip_val': 0.5510444823092776, 'hidden_size': 24, 'dropout': 0.35660644819410653, 'hidden_continuous_size': 11, 'attention_head_size': 1, 'learning_rate': 0.08935984217915098}. Best is trial 46 with value: 21.161161422729492.
LOCAL_RANK: 0 - CUDA_VISIBLE_DEVICES: [0]
[I 2023-11-30 14:05:16,161] Trial 68 finished with value: 25.804712295532227 and parameters: {'gradient_clip_val': 0.4768483953693084, 'hidden_size': 18, 'dropout': 0.36606768823465385, 'hidden_continuous_size': 14, 'attention_head_size': 3, 'learning_rate': 0.046810548773871946}. Best is trial 46 with value: 21.161161422729492.
LOCAL_RANK: 0 - CUDA_VISIBLE_DEVICES: [0]
[I 2023-11-30 14:05:29,474] Trial 69 finished with value: 24.370573043823242 and parameters: {'gradient_clip_val': 0.1986105822805286, 'hidden_size': 31, 'dropout': 0.3760079853863255, 'hidden_continuous_size': 12, 'attention_head_size': 1, 'learning_rate': 0.0551514222181824}. Best is trial 46 with value: 21.161161422729492.
LOCAL_RANK: 0 - CUDA_VISIBLE_DEVICES: [0]
[I 2023-11-30 14:05:42,516] Trial 70 finished with value: 23.842863082885742 and parameters: {'gradient_clip_val': 0.3711649310537019, 'hidden_size': 26, 'dropout': 0.29583756344148493, 'hidden_continuous_size': 13, 'attention_head_size': 3, 'learning_rate': 0.06821176493389858}. Best is trial 46 with value: 21.161161422729492.
LOCAL_RANK: 0 - CUDA_VISIBLE_DEVICES: [0]
[I 2023-11-30 14:05:55,221] Trial 71 finished with value: 24.564903259277344 and parameters: {'gradient_clip_val': 0.4343654166358137, 'hidden_size': 34, 'dropout': 0.38952144227968755, 'hidden_continuous_size': 15, 'attention_head_size': 3, 'learning_rate': 0.03817271071721063}. Best is trial 46 with value: 21.161161422729492.
LOCAL_RANK: 0 - CUDA_VISIBLE_DEVICES: [0]
[I 2023-11-30 14:06:07,577] Trial 72 finished with value: 29.848785400390625 and parameters: {'gradient_clip_val': 0.5225464580130837, 'hidden_size': 29, 'dropout': 0.39697632790972187, 'hidden_continuous_size': 14, 'attention_head_size': 3, 'learning_rate': 0.05942800791282252}. Best is trial 46 with value: 21.161161422729492.
LOCAL_RANK: 0 - CUDA_VISIBLE_DEVICES: [0]
[I 2023-11-30 14:06:20,235] Trial 73 finished with value: 28.75205421447754 and parameters: {'gradient_clip_val': 0.4713918264777362, 'hidden_size': 40, 'dropout': 0.37763256071735857, 'hidden_continuous_size': 20, 'attention_head_size': 3, 'learning_rate': 0.08747939288334602}. Best is trial 46 with value: 21.161161422729492.
LOCAL_RANK: 0 - CUDA_VISIBLE_DEVICES: [0]
[I 2023-11-30 14:06:32,559] Trial 74 finished with value: 23.7946834564209 and parameters: {'gradient_clip_val': 0.44556907986058675, 'hidden_size': 23, 'dropout': 0.3913194517666312, 'hidden_continuous_size': 15, 'attention_head_size': 4, 'learning_rate': 0.0496574442289694}. Best is trial 46 with value: 21.161161422729492.
LOCAL_RANK: 0 - CUDA_VISIBLE_DEVICES: [0]
