[I 2023-11-30 14:06:44,879] Trial 75 finished with value: 22.90074348449707 and parameters: {'gradient_clip_val': 0.40441943173081135, 'hidden_size': 21, 'dropout': 0.3999082068874183, 'hidden_continuous_size': 14, 'attention_head_size': 3, 'learning_rate': 0.06939279723845597}. Best is trial 46 with value: 21.161161422729492.
LOCAL_RANK: 0 - CUDA_VISIBLE_DEVICES: [0]
[I 2023-11-30 14:06:56,832] Trial 76 finished with value: 28.177289962768555 and parameters: {'gradient_clip_val': 0.3393601854622064, 'hidden_size': 20, 'dropout': 0.37272194610108406, 'hidden_continuous_size': 13, 'attention_head_size': 2, 'learning_rate': 0.09964989762058304}. Best is trial 46 with value: 21.161161422729492.
LOCAL_RANK: 0 - CUDA_VISIBLE_DEVICES: [0]
[I 2023-11-30 14:07:09,098] Trial 77 finished with value: 22.546218872070312 and parameters: {'gradient_clip_val': 0.3051523882294587, 'hidden_size': 22, 'dropout': 0.3491033903855197, 'hidden_continuous_size': 14, 'attention_head_size': 3, 'learning_rate': 0.07326234231378638}. Best is trial 46 with value: 21.161161422729492.
LOCAL_RANK: 0 - CUDA_VISIBLE_DEVICES: [0]
[I 2023-11-30 14:07:21,369] Trial 78 finished with value: 28.0882625579834 and parameters: {'gradient_clip_val': 0.30454810904510693, 'hidden_size': 27, 'dropout': 0.34728047256167793, 'hidden_continuous_size': 16, 'attention_head_size': 1, 'learning_rate': 0.07472491116215438}. Best is trial 46 with value: 21.161161422729492.
LOCAL_RANK: 0 - CUDA_VISIBLE_DEVICES: [0]
[I 2023-11-30 14:07:33,509] Trial 79 finished with value: 26.219511032104492 and parameters: {'gradient_clip_val': 0.2812166782366134, 'hidden_size': 21, 'dropout': 0.3601076194107897, 'hidden_continuous_size': 10, 'attention_head_size': 4, 'learning_rate': 0.06220408402752462}. Best is trial 46 with value: 21.161161422729492.
LOCAL_RANK: 0 - CUDA_VISIBLE_DEVICES: [0]
[I 2023-11-30 14:07:45,976] Trial 80 finished with value: 27.919374465942383 and parameters: {'gradient_clip_val': 0.36001696683831574, 'hidden_size': 25, 'dropout': 0.3276079036602934, 'hidden_continuous_size': 11, 'attention_head_size': 3, 'learning_rate': 0.07208787101201022}. Best is trial 46 with value: 21.161161422729492.
LOCAL_RANK: 0 - CUDA_VISIBLE_DEVICES: [0]
[I 2023-11-30 14:07:58,057] Trial 81 finished with value: 25.983734130859375 and parameters: {'gradient_clip_val': 0.4045128787326412, 'hidden_size': 22, 'dropout': 0.3843824469158349, 'hidden_continuous_size': 14, 'attention_head_size': 3, 'learning_rate': 0.08379448387147446}. Best is trial 46 with value: 21.161161422729492.
LOCAL_RANK: 0 - CUDA_VISIBLE_DEVICES: [0]
[I 2023-11-30 14:08:10,312] Trial 82 finished with value: 24.644546508789062 and parameters: {'gradient_clip_val': 0.3363926991922239, 'hidden_size': 18, 'dropout': 0.36851210369892456, 'hidden_continuous_size': 14, 'attention_head_size': 3, 'learning_rate': 0.06754215836470354}. Best is trial 46 with value: 21.161161422729492.
LOCAL_RANK: 0 - CUDA_VISIBLE_DEVICES: [0]
[I 2023-11-30 14:08:22,564] Trial 83 finished with value: 24.46523094177246 and parameters: {'gradient_clip_val': 0.38653795780635614, 'hidden_size': 17, 'dropout': 0.36207956024786947, 'hidden_continuous_size': 14, 'attention_head_size': 3, 'learning_rate': 0.09101395239152624}. Best is trial 46 with value: 21.161161422729492.
LOCAL_RANK: 0 - CUDA_VISIBLE_DEVICES: [0]
[I 2023-11-30 14:08:34,706] Trial 84 finished with value: 26.444717407226562 and parameters: {'gradient_clip_val': 0.3053167684049937, 'hidden_size': 28, 'dropout': 0.3803479725342696, 'hidden_continuous_size': 15, 'attention_head_size': 3, 'learning_rate': 0.08006973658618625}. Best is trial 46 with value: 21.161161422729492.
LOCAL_RANK: 0 - CUDA_VISIBLE_DEVICES: [0]
[I 2023-11-30 14:08:46,930] Trial 85 finished with value: 25.919145584106445 and parameters: {'gradient_clip_val': 0.4247946598401025, 'hidden_size': 23, 'dropout': 0.35337430884545507, 'hidden_continuous_size': 13, 'attention_head_size': 3, 'learning_rate': 0.05307158565763092}. Best is trial 46 with value: 21.161161422729492.
LOCAL_RANK: 0 - CUDA_VISIBLE_DEVICES: [0]
[I 2023-11-30 14:08:58,940] Trial 86 finished with value: 24.07154083251953 and parameters: {'gradient_clip_val': 0.3560330274176719, 'hidden_size': 20, 'dropout': 0.39683582750940616, 'hidden_continuous_size': 15, 'attention_head_size': 2, 'learning_rate': 0.04212737623873775}. Best is trial 46 with value: 21.161161422729492.
LOCAL_RANK: 0 - CUDA_VISIBLE_DEVICES: [0]
[I 2023-11-30 14:09:11,082] Trial 87 finished with value: 25.222658157348633 and parameters: {'gradient_clip_val': 0.2641104138891947, 'hidden_size': 16, 'dropout': 0.38669076440356875, 'hidden_continuous_size': 14, 'attention_head_size': 4, 'learning_rate': 0.0889668340165085}. Best is trial 46 with value: 21.161161422729492.
LOCAL_RANK: 0 - CUDA_VISIBLE_DEVICES: [0]
[I 2023-11-30 14:09:23,350] Trial 88 finished with value: 26.104280471801758 and parameters: {'gradient_clip_val': 0.23859964562289246, 'hidden_size': 31, 'dropout': 0.2818813625296095, 'hidden_continuous_size': 12, 'attention_head_size': 1, 'learning_rate': 0.06753844985440632}. Best is trial 46 with value: 21.161161422729492.
LOCAL_RANK: 0 - CUDA_VISIBLE_DEVICES: [0]
[I 2023-11-30 14:09:35,705] Trial 89 finished with value: 25.179018020629883 and parameters: {'gradient_clip_val': 0.15214900845382662, 'hidden_size': 27, 'dropout': 0.31885331426497926, 'hidden_continuous_size': 13, 'attention_head_size': 3, 'learning_rate': 0.05910723007160587}. Best is trial 46 with value: 21.161161422729492.
LOCAL_RANK: 0 - CUDA_VISIBLE_DEVICES: [0]
[I 2023-11-30 14:09:47,597] Trial 90 finished with value: 28.14510154724121 and parameters: {'gradient_clip_val': 0.3999944874258021, 'hidden_size': 24, 'dropout': 0.26849220624882236, 'hidden_continuous_size': 16, 'attention_head_size': 1, 'learning_rate': 0.07665811516033456}. Best is trial 46 with value: 21.161161422729492.
LOCAL_RANK: 0 - CUDA_VISIBLE_DEVICES: [0]
[I 2023-11-30 14:10:00,298] Trial 91 finished with value: 25.225317001342773 and parameters: {'gradient_clip_val': 0.49647872667421206, 'hidden_size': 36, 'dropout': 0.39732335348952214, 'hidden_continuous_size': 17, 'attention_head_size': 3, 'learning_rate': 0.09979716285522154}. Best is trial 46 with value: 21.161161422729492.
LOCAL_RANK: 0 - CUDA_VISIBLE_DEVICES: [0]
[I 2023-11-30 14:10:12,917] Trial 92 finished with value: 27.31577491760254 and parameters: {'gradient_clip_val': 0.45226044313167685, 'hidden_size': 30, 'dropout': 0.39958018160158276, 'hidden_continuous_size': 23, 'attention_head_size': 3, 'learning_rate': 0.05498565109400724}. Best is trial 46 with value: 21.161161422729492.
LOCAL_RANK: 0 - CUDA_VISIBLE_DEVICES: [0]
[I 2023-11-30 14:10:25,171] Trial 93 finished with value: 24.42423439025879 and parameters: {'gradient_clip_val': 0.3746753154731979, 'hidden_size': 22, 'dropout': 0.37347871857495857, 'hidden_continuous_size': 14, 'attention_head_size': 3, 'learning_rate': 0.04803955405701599}. Best is trial 46 with value: 21.161161422729492.
LOCAL_RANK: 0 - CUDA_VISIBLE_DEVICES: [0]
[I 2023-11-30 14:10:37,414] Trial 94 finished with value: 23.40728759765625 and parameters: {'gradient_clip_val': 0.4242550997753174, 'hidden_size': 25, 'dropout': 0.38880993128145785, 'hidden_continuous_size': 13, 'attention_head_size': 3, 'learning_rate': 0.07594704286802954}. Best is trial 46 with value: 21.161161422729492.
LOCAL_RANK: 0 - CUDA_VISIBLE_DEVICES: [0]
[I 2023-11-30 14:10:49,645] Trial 95 finished with value: 24.79817771911621 and parameters: {'gradient_clip_val': 0.32779385851302495, 'hidden_size': 19, 'dropout': 0.3791580411193056, 'hidden_continuous_size': 10, 'attention_head_size': 3, 'learning_rate': 0.06662605477381128}. Best is trial 46 with value: 21.161161422729492.
LOCAL_RANK: 0 - CUDA_VISIBLE_DEVICES: [0]
[I 2023-11-30 14:11:02,144] Trial 96 finished with value: 23.15509605407715 and parameters: {'gradient_clip_val': 0.4793477498442382, 'hidden_size': 21, 'dropout': 0.3650464520277582, 'hidden_continuous_size': 14, 'attention_head_size': 4, 'learning_rate': 0.08740092142850031}. Best is trial 46 with value: 21.161161422729492.
LOCAL_RANK: 0 - CUDA_VISIBLE_DEVICES: [0]
[I 2023-11-30 14:11:14,502] Trial 97 finished with value: 25.506011962890625 and parameters: {'gradient_clip_val': 0.40136784934996567, 'hidden_size': 33, 'dropout': 0.30254900224666287, 'hidden_continuous_size': 12, 'attention_head_size': 1, 'learning_rate': 0.08213152027022896}. Best is trial 46 with value: 21.161161422729492.
LOCAL_RANK: 0 - CUDA_VISIBLE_DEVICES: [0]
[I 2023-11-30 14:11:27,120] Trial 98 finished with value: 26.71718406677246 and parameters: {'gradient_clip_val': 0.4434782908437686, 'hidden_size': 35, 'dropout': 0.3107074025401848, 'hidden_continuous_size': 12, 'attention_head_size': 2, 'learning_rate': 0.06034333524454624}. Best is trial 46 with value: 21.161161422729492.
LOCAL_RANK: 0 - CUDA_VISIBLE_DEVICES: [0]
[I 2023-11-30 14:11:39,244] Trial 99 finished with value: 22.092031478881836 and parameters: {'gradient_clip_val': 0.3520491765842282, 'hidden_size': 15, 'dropout': 0.38475834432372813, 'hidden_continuous_size': 10, 'attention_head_size': 3, 'learning_rate': 0.09220732504420856}. Best is trial 46 with value: 21.161161422729492.
LOCAL_RANK: 0 - CUDA_VISIBLE_DEVICES: [0]
[I 2023-11-30 14:11:52,105] Trial 100 finished with value: 25.739667892456055 and parameters: {'gradient_clip_val': 0.3061303233448405, 'hidden_size': 15, 'dropout': 0.37256234848394615, 'hidden_continuous_size': 10, 'attention_head_size': 4, 'learning_rate': 0.09517977480105708}. Best is trial 46 with value: 21.161161422729492.
LOCAL_RANK: 0 - CUDA_VISIBLE_DEVICES: [0]
[I 2023-11-30 14:12:06,437] Trial 101 finished with value: 29.604949951171875 and parameters: {'gradient_clip_val': 0.35942780765139914, 'hidden_size': 14, 'dropout': 0.38438529565407886, 'hidden_continuous_size': 10, 'attention_head_size': 3, 'learning_rate': 0.07130422090550902}. Best is trial 46 with value: 21.161161422729492.
LOCAL_RANK: 0 - CUDA_VISIBLE_DEVICES: [0]
[I 2023-11-30 14:12:19,890] Trial 102 finished with value: 27.617841720581055 and parameters: {'gradient_clip_val': 0.37834477046710246, 'hidden_size': 17, 'dropout': 0.3932998167201874, 'hidden_continuous_size': 10, 'attention_head_size': 3, 'learning_rate': 0.09178240427503369}. Best is trial 46 with value: 21.161161422729492.
LOCAL_RANK: 0 - CUDA_VISIBLE_DEVICES: [0]
[I 2023-11-30 14:12:33,708] Trial 103 finished with value: 20.839902877807617 and parameters: {'gradient_clip_val': 0.4196210669405376, 'hidden_size': 32, 'dropout': 0.3893686957129638, 'hidden_continuous_size': 11, 'attention_head_size': 3, 'learning_rate': 0.08330845734460748}. Best is trial 103 with value: 20.839902877807617.
LOCAL_RANK: 0 - CUDA_VISIBLE_DEVICES: [0]
[I 2023-11-30 14:12:46,945] Trial 104 finished with value: 24.150075912475586 and parameters: {'gradient_clip_val': 0.3432839736057042, 'hidden_size': 26, 'dropout': 0.37627058628983784, 'hidden_continuous_size': 10, 'attention_head_size': 3, 'learning_rate': 0.07731600822128787}. Best is trial 103 with value: 20.839902877807617.
LOCAL_RANK: 0 - CUDA_VISIBLE_DEVICES: [0]
[I 2023-11-30 14:13:00,070] Trial 105 finished with value: 26.03177833557129 and parameters: {'gradient_clip_val': 0.32515902122442186, 'hidden_size': 11, 'dropout': 0.3618276456080192, 'hidden_continuous_size': 10, 'attention_head_size': 3, 'learning_rate': 0.09012253841848655}. Best is trial 103 with value: 20.839902877807617.
LOCAL_RANK: 0 - CUDA_VISIBLE_DEVICES: [0]
[I 2023-11-30 14:13:13,992] Trial 106 finished with value: 23.0665225982666 and parameters: {'gradient_clip_val': 0.41499283678306176, 'hidden_size': 19, 'dropout': 0.3915073511487277, 'hidden_continuous_size': 11, 'attention_head_size': 3, 'learning_rate': 0.08448766007730271}. Best is trial 103 with value: 20.839902877807617.
LOCAL_RANK: 0 - CUDA_VISIBLE_DEVICES: [0]
[I 2023-11-30 14:13:27,678] Trial 107 finished with value: 28.413818359375 and parameters: {'gradient_clip_val': 0.3937593815104724, 'hidden_size': 18, 'dropout': 0.382482620047058, 'hidden_continuous_size': 11, 'attention_head_size': 4, 'learning_rate': 0.06479228504987755}. Best is trial 103 with value: 20.839902877807617.
LOCAL_RANK: 0 - CUDA_VISIBLE_DEVICES: [0]
[I 2023-11-30 14:13:41,542] Trial 108 finished with value: 25.91432762145996 and parameters: {'gradient_clip_val': 0.28802864878753337, 'hidden_size': 24, 'dropout': 0.3544873944463977, 'hidden_continuous_size': 11, 'attention_head_size': 3, 'learning_rate': 0.07152735819751485}. Best is trial 103 with value: 20.839902877807617.
LOCAL_RANK: 0 - CUDA_VISIBLE_DEVICES: [0]
[I 2023-11-30 14:13:55,251] Trial 109 finished with value: 24.543930053710938 and parameters: {'gradient_clip_val': 0.36094288683024595, 'hidden_size': 29, 'dropout': 0.3661800089622054, 'hidden_continuous_size': 11, 'attention_head_size': 1, 'learning_rate': 0.07787449244862661}. Best is trial 103 with value: 20.839902877807617.
LOCAL_RANK: 0 - CUDA_VISIBLE_DEVICES: [0]
[I 2023-11-30 14:14:08,655] Trial 110 finished with value: 24.30046272277832 and parameters: {'gradient_clip_val': 0.460112374834199, 'hidden_size': 32, 'dropout': 0.38708899894616816, 'hidden_continuous_size': 12, 'attention_head_size': 3, 'learning_rate': 0.09997704252233175}. Best is trial 103 with value: 20.839902877807617.
LOCAL_RANK: 0 - CUDA_VISIBLE_DEVICES: [0]
[I 2023-11-30 14:14:22,170] Trial 111 finished with value: 24.803232192993164 and parameters: {'gradient_clip_val': 0.41741733650827, 'hidden_size': 20, 'dropout': 0.39381408729926515, 'hidden_continuous_size': 11, 'attention_head_size': 3, 'learning_rate': 0.08404211026333355}. Best is trial 103 with value: 20.839902877807617.
LOCAL_RANK: 0 - CUDA_VISIBLE_DEVICES: [0]
[I 2023-11-30 14:14:35,495] Trial 112 finished with value: 25.413658142089844 and parameters: {'gradient_clip_val': 0.4303660957838856, 'hidden_size': 23, 'dropout': 0.39071258053593905, 'hidden_continuous_size': 11, 'attention_head_size': 3, 'learning_rate': 0.0875208504367333}. Best is trial 103 with value: 20.839902877807617.
LOCAL_RANK: 0 - CUDA_VISIBLE_DEVICES: [0]
[I 2023-11-30 14:14:48,952] Trial 113 finished with value: 23.909141540527344 and parameters: {'gradient_clip_val': 0.3837295627059911, 'hidden_size': 22, 'dropout': 0.37917986243967555, 'hidden_continuous_size': 11, 'attention_head_size': 3, 'learning_rate': 0.08228670276568333}. Best is trial 103 with value: 20.839902877807617.
LOCAL_RANK: 0 - CUDA_VISIBLE_DEVICES: [0]
[I 2023-11-30 14:15:02,678] Trial 114 finished with value: 25.000349044799805 and parameters: {'gradient_clip_val': 0.41431597353362276, 'hidden_size': 19, 'dropout': 0.37007353750952976, 'hidden_continuous_size': 10, 'attention_head_size': 3, 'learning_rate': 0.06913567679835694}. Best is trial 103 with value: 20.839902877807617.
LOCAL_RANK: 0 - CUDA_VISIBLE_DEVICES: [0]
[I 2023-11-30 14:15:16,377] Trial 115 finished with value: 24.90000343322754 and parameters: {'gradient_clip_val': 0.3469273172729918, 'hidden_size': 16, 'dropout': 0.3996736342595745, 'hidden_continuous_size': 14, 'attention_head_size': 3, 'learning_rate': 0.06038100352878446}. Best is trial 103 with value: 20.839902877807617.
LOCAL_RANK: 0 - CUDA_VISIBLE_DEVICES: [0]
[I 2023-11-30 14:15:30,210] Trial 116 finished with value: 23.09883689880371 and parameters: {'gradient_clip_val': 0.3731158455359685, 'hidden_size': 27, 'dropout': 0.3862105653108898, 'hidden_continuous_size': 15, 'attention_head_size': 3, 'learning_rate': 0.0538183497348665}. Best is trial 103 with value: 20.839902877807617.
LOCAL_RANK: 0 - CUDA_VISIBLE_DEVICES: [0]
[I 2023-11-30 14:15:43,635] Trial 117 finished with value: 25.55419158935547 and parameters: {'gradient_clip_val': 0.4418595351439542, 'hidden_size': 17, 'dropout': 0.2966006572122611, 'hidden_continuous_size': 10, 'attention_head_size': 1, 'learning_rate': 0.09247972413571728}. Best is trial 103 with value: 20.839902877807617.
LOCAL_RANK: 0 - CUDA_VISIBLE_DEVICES: [0]
[I 2023-11-30 14:15:57,292] Trial 118 finished with value: 26.037200927734375 and parameters: {'gradient_clip_val': 0.3122976348311159, 'hidden_size': 30, 'dropout': 0.3442293640159322, 'hidden_continuous_size': 13, 'attention_head_size': 3, 'learning_rate': 0.07552229081346772}. Best is trial 103 with value: 20.839902877807617.
LOCAL_RANK: 0 - CUDA_VISIBLE_DEVICES: [0]
[I 2023-11-30 14:16:11,405] Trial 119 finished with value: 26.002599716186523 and parameters: {'gradient_clip_val': 0.48213240880677777, 'hidden_size': 21, 'dropout': 0.37604131403292934, 'hidden_continuous_size': 11, 'attention_head_size': 2, 'learning_rate': 0.06467699023310111}. Best is trial 103 with value: 20.839902877807617.
LOCAL_RANK: 0 - CUDA_VISIBLE_DEVICES: [0]
[I 2023-11-30 14:16:25,402] Trial 120 finished with value: 22.745948791503906 and parameters: {'gradient_clip_val': 0.5237002108465935, 'hidden_size': 14, 'dropout': 0.29023012016361627, 'hidden_continuous_size': 11, 'attention_head_size': 4, 'learning_rate': 0.08335150860224691}. Best is trial 103 with value: 20.839902877807617.
LOCAL_RANK: 0 - CUDA_VISIBLE_DEVICES: [0]
[I 2023-11-30 14:16:38,913] Trial 121 finished with value: 24.85491943359375 and parameters: {'gradient_clip_val': 0.49553639704106833, 'hidden_size': 13, 'dropout': 0.27661876385329653, 'hidden_continuous_size': 11, 'attention_head_size': 4, 'learning_rate': 0.08113633107450931}. Best is trial 103 with value: 20.839902877807617.
LOCAL_RANK: 0 - CUDA_VISIBLE_DEVICES: [0]
[I 2023-11-30 14:16:52,648] Trial 122 finished with value: 28.3562068939209 and parameters: {'gradient_clip_val': 0.5235017905908411, 'hidden_size': 15, 'dropout': 0.2890960040210624, 'hidden_continuous_size': 11, 'attention_head_size': 4, 'learning_rate': 0.09104093660754838}. Best is trial 103 with value: 20.839902877807617.
LOCAL_RANK: 0 - CUDA_VISIBLE_DEVICES: [0]
[I 2023-11-30 14:17:06,268] Trial 123 finished with value: 22.899497985839844 and parameters: {'gradient_clip_val': 0.4596911677225369, 'hidden_size': 18, 'dropout': 0.39180425292038995, 'hidden_continuous_size': 14, 'attention_head_size': 4, 'learning_rate': 0.0721042845797889}. Best is trial 103 with value: 20.839902877807617.
LOCAL_RANK: 0 - CUDA_VISIBLE_DEVICES: [0]
[I 2023-11-30 14:17:17,651] Trial 124 finished with value: 21.693954467773438 and parameters: {'gradient_clip_val': 0.46483714534391574, 'hidden_size': 14, 'dropout': 0.3336892004180558, 'hidden_continuous_size': 14, 'attention_head_size': 4, 'learning_rate': 0.07224647921106161}. Best is trial 103 with value: 20.839902877807617.
LOCAL_RANK: 0 - CUDA_VISIBLE_DEVICES: [0]
[I 2023-11-30 14:17:31,464] Trial 125 finished with value: 28.473342895507812 and parameters: {'gradient_clip_val': 0.5405974820130225, 'hidden_size': 15, 'dropout': 0.33319035340447134, 'hidden_continuous_size': 14, 'attention_head_size': 4, 'learning_rate': 0.06984864877962002}. Best is trial 103 with value: 20.839902877807617.
LOCAL_RANK: 0 - CUDA_VISIBLE_DEVICES: [0]
[I 2023-11-30 14:17:44,801] Trial 126 finished with value: 26.76280975341797 and parameters: {'gradient_clip_val': 0.5144431619238301, 'hidden_size': 12, 'dropout': 0.3234690091182123, 'hidden_continuous_size': 10, 'attention_head_size': 4, 'learning_rate': 0.05951391567768623}. Best is trial 103 with value: 20.839902877807617.
LOCAL_RANK: 0 - CUDA_VISIBLE_DEVICES: [0]
[I 2023-11-30 14:17:58,086] Trial 127 finished with value: 27.351104736328125 and parameters: {'gradient_clip_val': 0.4745185079608436, 'hidden_size': 16, 'dropout': 0.3071145871232571, 'hidden_continuous_size': 14, 'attention_head_size': 4, 'learning_rate': 0.04564232462754658}. Best is trial 103 with value: 20.839902877807617.
LOCAL_RANK: 0 - CUDA_VISIBLE_DEVICES: [0]
[I 2023-11-30 14:18:09,471] Trial 128 finished with value: 22.027502059936523 and parameters: {'gradient_clip_val': 0.3953994688236405, 'hidden_size': 14, 'dropout': 0.31524873994828406, 'hidden_continuous_size': 14, 'attention_head_size': 4, 'learning_rate': 0.07426045370779968}. Best is trial 103 with value: 20.839902877807617.
LOCAL_RANK: 0 - CUDA_VISIBLE_DEVICES: [0]
[I 2023-11-30 14:18:21,041] Trial 129 finished with value: 28.356069564819336 and parameters: {'gradient_clip_val': 0.45499341685903183, 'hidden_size': 14, 'dropout': 0.29407551963067513, 'hidden_continuous_size': 14, 'attention_head_size': 4, 'learning_rate': 0.05132372898518861}. Best is trial 103 with value: 20.839902877807617.
LOCAL_RANK: 0 - CUDA_VISIBLE_DEVICES: [0]
[I 2023-11-30 14:18:32,314] Trial 130 finished with value: 21.954437255859375 and parameters: {'gradient_clip_val': 0.2956498781178254, 'hidden_size': 13, 'dropout': 0.3149772240222878, 'hidden_continuous_size': 13, 'attention_head_size': 4, 'learning_rate': 0.0752895715513483}. Best is trial 103 with value: 20.839902877807617.
LOCAL_RANK: 0 - CUDA_VISIBLE_DEVICES: [0]
[I 2023-11-30 14:18:43,805] Trial 131 finished with value: 24.12367057800293 and parameters: {'gradient_clip_val': 0.2931767835708397, 'hidden_size': 13, 'dropout': 0.3163950015177939, 'hidden_continuous_size': 13, 'attention_head_size': 4, 'learning_rate': 0.07631479299933548}. Best is trial 103 with value: 20.839902877807617.
LOCAL_RANK: 0 - CUDA_VISIBLE_DEVICES: [0]
[I 2023-11-30 14:18:55,871] Trial 132 finished with value: 26.470993041992188 and parameters: {'gradient_clip_val': 0.27689760716411893, 'hidden_size': 14, 'dropout': 0.30031320325317634, 'hidden_continuous_size': 14, 'attention_head_size': 4, 'learning_rate': 0.0653325182124039}. Best is trial 103 with value: 20.839902877807617.
LOCAL_RANK: 0 - CUDA_VISIBLE_DEVICES: [0]
[I 2023-11-30 14:19:09,423] Trial 133 finished with value: 24.76460075378418 and parameters: {'gradient_clip_val': 0.2665970243682963, 'hidden_size': 11, 'dropout': 0.3129402833207277, 'hidden_continuous_size': 10, 'attention_head_size': 4, 'learning_rate': 0.07543031810321205}. Best is trial 103 with value: 20.839902877807617.
LOCAL_RANK: 0 - CUDA_VISIBLE_DEVICES: [0]
