[I 2023-11-29 20:20:06,424] Trial 57 finished with value: 0.16400645673274994 and parameters: {'gradient_clip_val': 0.4284727369426003, 'hidden_size': 85, 'dropout': 0.3487263139616362, 'hidden_continuous_size': 59, 'attention_head_size': 1, 'learning_rate': 0.013704888819173323}. Best is trial 46 with value: 0.08971798419952393.
LOCAL_RANK: 0 - CUDA_VISIBLE_DEVICES: [0]
[I 2023-11-29 20:20:20,080] Trial 58 finished with value: 0.20428793132305145 and parameters: {'gradient_clip_val': 0.6351733756796403, 'hidden_size': 74, 'dropout': 0.386617218047812, 'hidden_continuous_size': 54, 'attention_head_size': 1, 'learning_rate': 0.01742942926738412}. Best is trial 46 with value: 0.08971798419952393.
LOCAL_RANK: 0 - CUDA_VISIBLE_DEVICES: [0]
[I 2023-11-29 20:20:33,873] Trial 59 finished with value: 0.11926459521055222 and parameters: {'gradient_clip_val': 0.561984788812812, 'hidden_size': 91, 'dropout': 0.36095860507522254, 'hidden_continuous_size': 46, 'attention_head_size': 1, 'learning_rate': 0.02208626027432938}. Best is trial 46 with value: 0.08971798419952393.
LOCAL_RANK: 0 - CUDA_VISIBLE_DEVICES: [0]
[I 2023-11-29 20:20:47,650] Trial 60 finished with value: 0.12464171648025513 and parameters: {'gradient_clip_val': 0.4778720914387051, 'hidden_size': 93, 'dropout': 0.3611490965711569, 'hidden_continuous_size': 42, 'attention_head_size': 1, 'learning_rate': 0.021944023485710482}. Best is trial 46 with value: 0.08971798419952393.
LOCAL_RANK: 0 - CUDA_VISIBLE_DEVICES: [0]
[I 2023-11-29 20:21:01,467] Trial 61 finished with value: 0.09292083978652954 and parameters: {'gradient_clip_val': 0.562025188387874, 'hidden_size': 83, 'dropout': 0.3751334709022843, 'hidden_continuous_size': 47, 'attention_head_size': 1, 'learning_rate': 0.017667878624879164}. Best is trial 46 with value: 0.08971798419952393.
LOCAL_RANK: 0 - CUDA_VISIBLE_DEVICES: [0]
[I 2023-11-29 20:21:15,346] Trial 62 finished with value: 0.1754482537508011 and parameters: {'gradient_clip_val': 0.5009495104673485, 'hidden_size': 82, 'dropout': 0.36514759748736775, 'hidden_continuous_size': 47, 'attention_head_size': 1, 'learning_rate': 0.012135374027427717}. Best is trial 46 with value: 0.08971798419952393.
LOCAL_RANK: 0 - CUDA_VISIBLE_DEVICES: [0]
[I 2023-11-29 20:21:29,075] Trial 63 finished with value: 0.28425946831703186 and parameters: {'gradient_clip_val': 0.5583623929769259, 'hidden_size': 102, 'dropout': 0.3997695712240591, 'hidden_continuous_size': 38, 'attention_head_size': 1, 'learning_rate': 0.014606435382688207}. Best is trial 46 with value: 0.08971798419952393.
LOCAL_RANK: 0 - CUDA_VISIBLE_DEVICES: [0]
[I 2023-11-29 20:21:42,682] Trial 64 finished with value: 0.18832409381866455 and parameters: {'gradient_clip_val': 0.531111820912724, 'hidden_size': 87, 'dropout': 0.34158105887874296, 'hidden_continuous_size': 45, 'attention_head_size': 1, 'learning_rate': 0.017441605227760462}. Best is trial 46 with value: 0.08971798419952393.
LOCAL_RANK: 0 - CUDA_VISIBLE_DEVICES: [0]
[I 2023-11-29 20:21:56,693] Trial 65 finished with value: 0.12900207936763763 and parameters: {'gradient_clip_val': 0.4088154986103248, 'hidden_size': 131, 'dropout': 0.3766810747939416, 'hidden_continuous_size': 41, 'attention_head_size': 1, 'learning_rate': 0.02035024869242266}. Best is trial 46 with value: 0.08971798419952393.
LOCAL_RANK: 0 - CUDA_VISIBLE_DEVICES: [0]
[I 2023-11-29 20:22:10,597] Trial 66 finished with value: 0.14167864620685577 and parameters: {'gradient_clip_val': 0.36739898219921086, 'hidden_size': 110, 'dropout': 0.3888491025149164, 'hidden_continuous_size': 61, 'attention_head_size': 1, 'learning_rate': 0.024284006700391207}. Best is trial 46 with value: 0.08971798419952393.
LOCAL_RANK: 0 - CUDA_VISIBLE_DEVICES: [0]
[I 2023-11-29 20:22:24,657] Trial 67 finished with value: 0.13576781749725342 and parameters: {'gradient_clip_val': 0.5900216952239592, 'hidden_size': 94, 'dropout': 0.35078944138486284, 'hidden_continuous_size': 55, 'attention_head_size': 2, 'learning_rate': 0.009780182514055285}. Best is trial 46 with value: 0.08971798419952393.
LOCAL_RANK: 0 - CUDA_VISIBLE_DEVICES: [0]
[I 2023-11-29 20:22:38,363] Trial 68 finished with value: 0.18325956165790558 and parameters: {'gradient_clip_val': 0.4617316878254455, 'hidden_size': 78, 'dropout': 0.37353981035496775, 'hidden_continuous_size': 64, 'attention_head_size': 1, 'learning_rate': 0.014994798509514571}. Best is trial 46 with value: 0.08971798419952393.
LOCAL_RANK: 0 - CUDA_VISIBLE_DEVICES: [0]
[I 2023-11-29 20:22:51,756] Trial 69 finished with value: 0.09068673849105835 and parameters: {'gradient_clip_val': 0.6383302220617383, 'hidden_size': 66, 'dropout': 0.35631227166449725, 'hidden_continuous_size': 48, 'attention_head_size': 1, 'learning_rate': 0.019035215952007568}. Best is trial 46 with value: 0.08971798419952393.
LOCAL_RANK: 0 - CUDA_VISIBLE_DEVICES: [0]
[I 2023-11-29 20:23:05,229] Trial 70 finished with value: 0.13309252262115479 and parameters: {'gradient_clip_val': 0.654353331581256, 'hidden_size': 72, 'dropout': 0.3351048736308565, 'hidden_continuous_size': 48, 'attention_head_size': 2, 'learning_rate': 0.011578128360512587}. Best is trial 46 with value: 0.08971798419952393.
LOCAL_RANK: 0 - CUDA_VISIBLE_DEVICES: [0]
[I 2023-11-29 20:23:19,099] Trial 71 finished with value: 0.283515602350235 and parameters: {'gradient_clip_val': 0.6165220921068003, 'hidden_size': 99, 'dropout': 0.355505405878952, 'hidden_continuous_size': 45, 'attention_head_size': 1, 'learning_rate': 0.01868446296190737}. Best is trial 46 with value: 0.08971798419952393.
LOCAL_RANK: 0 - CUDA_VISIBLE_DEVICES: [0]
[I 2023-11-29 20:23:32,566] Trial 72 finished with value: 0.1733669638633728 and parameters: {'gradient_clip_val': 0.558689842720276, 'hidden_size': 64, 'dropout': 0.3626873726486448, 'hidden_continuous_size': 51, 'attention_head_size': 1, 'learning_rate': 0.01659904410656055}. Best is trial 46 with value: 0.08971798419952393.
LOCAL_RANK: 0 - CUDA_VISIBLE_DEVICES: [0]
[I 2023-11-29 20:23:46,330] Trial 73 finished with value: 0.3046473562717438 and parameters: {'gradient_clip_val': 0.5063056168061105, 'hidden_size': 83, 'dropout': 0.3801126568370417, 'hidden_continuous_size': 57, 'attention_head_size': 1, 'learning_rate': 0.029057629544256097}. Best is trial 46 with value: 0.08971798419952393.
LOCAL_RANK: 0 - CUDA_VISIBLE_DEVICES: [0]
[I 2023-11-29 20:24:00,020] Trial 74 finished with value: 0.4358261525630951 and parameters: {'gradient_clip_val': 0.7645040819943991, 'hidden_size': 109, 'dropout': 0.3924622944886975, 'hidden_continuous_size': 32, 'attention_head_size': 1, 'learning_rate': 0.023579954474734804}. Best is trial 46 with value: 0.08971798419952393.
LOCAL_RANK: 0 - CUDA_VISIBLE_DEVICES: [0]
[I 2023-11-29 20:24:13,903] Trial 75 finished with value: 0.18631552159786224 and parameters: {'gradient_clip_val': 0.6783142328954186, 'hidden_size': 121, 'dropout': 0.36844309689101473, 'hidden_continuous_size': 42, 'attention_head_size': 1, 'learning_rate': 0.013094547253277869}. Best is trial 46 with value: 0.08971798419952393.
LOCAL_RANK: 0 - CUDA_VISIBLE_DEVICES: [0]
[I 2023-11-29 20:24:27,827] Trial 76 finished with value: 0.17148496210575104 and parameters: {'gradient_clip_val': 0.4508529380738673, 'hidden_size': 90, 'dropout': 0.34104682114084245, 'hidden_continuous_size': 69, 'attention_head_size': 1, 'learning_rate': 0.020371891301397067}. Best is trial 46 with value: 0.08971798419952393.
LOCAL_RANK: 0 - CUDA_VISIBLE_DEVICES: [0]
[I 2023-11-29 20:24:41,584] Trial 77 finished with value: 0.334094375371933 and parameters: {'gradient_clip_val': 0.5749449170174431, 'hidden_size': 100, 'dropout': 0.3467143398138076, 'hidden_continuous_size': 39, 'attention_head_size': 1, 'learning_rate': 0.028821955698496365}. Best is trial 46 with value: 0.08971798419952393.
LOCAL_RANK: 0 - CUDA_VISIBLE_DEVICES: [0]
[I 2023-11-29 20:24:55,043] Trial 78 finished with value: 0.14529970288276672 and parameters: {'gradient_clip_val': 0.514896204036157, 'hidden_size': 68, 'dropout': 0.3817594854601183, 'hidden_continuous_size': 53, 'attention_head_size': 1, 'learning_rate': 0.023745760797969962}. Best is trial 46 with value: 0.08971798419952393.
LOCAL_RANK: 0 - CUDA_VISIBLE_DEVICES: [0]
[I 2023-11-29 20:25:09,013] Trial 79 finished with value: 0.10182130336761475 and parameters: {'gradient_clip_val': 0.635998363940696, 'hidden_size': 121, 'dropout': 0.357040330329679, 'hidden_continuous_size': 46, 'attention_head_size': 2, 'learning_rate': 0.018865879041876574}. Best is trial 46 with value: 0.08971798419952393.
LOCAL_RANK: 0 - CUDA_VISIBLE_DEVICES: [0]
[I 2023-11-29 20:25:23,044] Trial 80 finished with value: 0.15580341219902039 and parameters: {'gradient_clip_val': 0.617677018089157, 'hidden_size': 119, 'dropout': 0.3193434198456732, 'hidden_continuous_size': 49, 'attention_head_size': 2, 'learning_rate': 0.015258547888112928}. Best is trial 46 with value: 0.08971798419952393.
LOCAL_RANK: 0 - CUDA_VISIBLE_DEVICES: [0]
[I 2023-11-29 20:25:37,142] Trial 81 finished with value: 0.1459786742925644 and parameters: {'gradient_clip_val': 0.6668651603312409, 'hidden_size': 142, 'dropout': 0.35662331314695467, 'hidden_continuous_size': 36, 'attention_head_size': 1, 'learning_rate': 0.019153601807215384}. Best is trial 46 with value: 0.08971798419952393.
LOCAL_RANK: 0 - CUDA_VISIBLE_DEVICES: [0]
[I 2023-11-29 20:25:51,121] Trial 82 finished with value: 0.14188499748706818 and parameters: {'gradient_clip_val': 0.7222640938988513, 'hidden_size': 107, 'dropout': 0.3930963179169428, 'hidden_continuous_size': 46, 'attention_head_size': 1, 'learning_rate': 0.017087664882384966}. Best is trial 46 with value: 0.08971798419952393.
LOCAL_RANK: 0 - CUDA_VISIBLE_DEVICES: [0]
[I 2023-11-29 20:26:04,796] Trial 83 finished with value: 0.18240080773830414 and parameters: {'gradient_clip_val': 0.5917543207129606, 'hidden_size': 90, 'dropout': 0.3719253135101932, 'hidden_continuous_size': 43, 'attention_head_size': 2, 'learning_rate': 0.02055180138443343}. Best is trial 46 with value: 0.08971798419952393.
LOCAL_RANK: 0 - CUDA_VISIBLE_DEVICES: [0]
[I 2023-11-29 20:26:19,009] Trial 84 finished with value: 0.2368229776620865 and parameters: {'gradient_clip_val': 0.8090201682762288, 'hidden_size': 130, 'dropout': 0.36388199709334806, 'hidden_continuous_size': 39, 'attention_head_size': 4, 'learning_rate': 0.0129687322059219}. Best is trial 46 with value: 0.08971798419952393.
LOCAL_RANK: 0 - CUDA_VISIBLE_DEVICES: [0]
[I 2023-11-29 20:26:32,866] Trial 85 finished with value: 0.13002489507198334 and parameters: {'gradient_clip_val': 0.5497557213214688, 'hidden_size': 117, 'dropout': 0.38103249723156074, 'hidden_continuous_size': 47, 'attention_head_size': 1, 'learning_rate': 0.02645633649087412}. Best is trial 46 with value: 0.08971798419952393.
LOCAL_RANK: 0 - CUDA_VISIBLE_DEVICES: [0]
[I 2023-11-29 20:26:46,632] Trial 86 finished with value: 0.12745073437690735 and parameters: {'gradient_clip_val': 0.6324413313555654, 'hidden_size': 82, 'dropout': 0.3533255591249616, 'hidden_continuous_size': 62, 'attention_head_size': 1, 'learning_rate': 0.03395125379515399}. Best is trial 46 with value: 0.08971798419952393.
LOCAL_RANK: 0 - CUDA_VISIBLE_DEVICES: [0]
[I 2023-11-29 20:27:00,686] Trial 87 finished with value: 0.20128577947616577 and parameters: {'gradient_clip_val': 0.7458472138674911, 'hidden_size': 96, 'dropout': 0.3311861260035902, 'hidden_continuous_size': 50, 'attention_head_size': 2, 'learning_rate': 0.02305288331491705}. Best is trial 46 with value: 0.08971798419952393.
LOCAL_RANK: 0 - CUDA_VISIBLE_DEVICES: [0]
[I 2023-11-29 20:27:14,610] Trial 88 finished with value: 0.18493787944316864 and parameters: {'gradient_clip_val': 0.48536928482610314, 'hidden_size': 103, 'dropout': 0.34492993230642005, 'hidden_continuous_size': 58, 'attention_head_size': 1, 'learning_rate': 0.014087225858188916}. Best is trial 46 with value: 0.08971798419952393.
LOCAL_RANK: 0 - CUDA_VISIBLE_DEVICES: [0]
[I 2023-11-29 20:27:28,962] Trial 89 finished with value: 0.18627655506134033 and parameters: {'gradient_clip_val': 0.6587256867534366, 'hidden_size': 125, 'dropout': 0.3999767221787555, 'hidden_continuous_size': 79, 'attention_head_size': 1, 'learning_rate': 0.017908554963942922}. Best is trial 46 with value: 0.08971798419952393.
LOCAL_RANK: 0 - CUDA_VISIBLE_DEVICES: [0]
[I 2023-11-29 20:27:42,628] Trial 90 finished with value: 0.12245019525289536 and parameters: {'gradient_clip_val': 0.5682063712871541, 'hidden_size': 78, 'dropout': 0.3858429900729402, 'hidden_continuous_size': 55, 'attention_head_size': 1, 'learning_rate': 0.03007296678658933}. Best is trial 46 with value: 0.08971798419952393.
LOCAL_RANK: 0 - CUDA_VISIBLE_DEVICES: [0]
[I 2023-11-29 20:27:56,539] Trial 91 finished with value: 0.15821124613285065 and parameters: {'gradient_clip_val': 0.7838715323038717, 'hidden_size': 86, 'dropout': 0.37181019057994624, 'hidden_continuous_size': 51, 'attention_head_size': 1, 'learning_rate': 0.03559870841101842}. Best is trial 46 with value: 0.08971798419952393.
LOCAL_RANK: 0 - CUDA_VISIBLE_DEVICES: [0]
[I 2023-11-29 20:28:10,544] Trial 92 finished with value: 0.1129801943898201 and parameters: {'gradient_clip_val': 0.6874632075014331, 'hidden_size': 110, 'dropout': 0.3772095754864157, 'hidden_continuous_size': 43, 'attention_head_size': 1, 'learning_rate': 0.026022728032573578}. Best is trial 46 with value: 0.08971798419952393.
LOCAL_RANK: 0 - CUDA_VISIBLE_DEVICES: [0]
[I 2023-11-29 20:28:24,340] Trial 93 finished with value: 0.17372147738933563 and parameters: {'gradient_clip_val': 0.7059474210043422, 'hidden_size': 112, 'dropout': 0.3599061651071243, 'hidden_continuous_size': 43, 'attention_head_size': 1, 'learning_rate': 0.02132999986210525}. Best is trial 46 with value: 0.08971798419952393.
LOCAL_RANK: 0 - CUDA_VISIBLE_DEVICES: [0]
[I 2023-11-29 20:28:38,407] Trial 94 finished with value: 0.11218905448913574 and parameters: {'gradient_clip_val': 0.5283799903511703, 'hidden_size': 139, 'dropout': 0.3764272448392146, 'hidden_continuous_size': 46, 'attention_head_size': 1, 'learning_rate': 0.02648269133299919}. Best is trial 46 with value: 0.08971798419952393.
LOCAL_RANK: 0 - CUDA_VISIBLE_DEVICES: [0]
[I 2023-11-29 20:28:52,501] Trial 95 finished with value: 0.15694330632686615 and parameters: {'gradient_clip_val': 0.6057925646097891, 'hidden_size': 144, 'dropout': 0.36818981139066537, 'hidden_continuous_size': 41, 'attention_head_size': 1, 'learning_rate': 0.02594797052295867}. Best is trial 46 with value: 0.08971798419952393.
LOCAL_RANK: 0 - CUDA_VISIBLE_DEVICES: [0]
[I 2023-11-29 20:29:06,743] Trial 96 finished with value: 0.11361024528741837 and parameters: {'gradient_clip_val': 0.5410616085680083, 'hidden_size': 139, 'dropout': 0.3768034506292455, 'hidden_continuous_size': 45, 'attention_head_size': 4, 'learning_rate': 0.015976692217284698}. Best is trial 46 with value: 0.08971798419952393.
LOCAL_RANK: 0 - CUDA_VISIBLE_DEVICES: [0]
[I 2023-11-29 20:29:21,234] Trial 97 finished with value: 0.14074888825416565 and parameters: {'gradient_clip_val': 0.5319392112037353, 'hidden_size': 135, 'dropout': 0.37745315063335305, 'hidden_continuous_size': 38, 'attention_head_size': 4, 'learning_rate': 0.015711518409324998}. Best is trial 46 with value: 0.08971798419952393.
LOCAL_RANK: 0 - CUDA_VISIBLE_DEVICES: [0]
[I 2023-11-29 20:29:35,391] Trial 98 finished with value: 0.2695463001728058 and parameters: {'gradient_clip_val': 0.6407398501625947, 'hidden_size': 123, 'dropout': 0.39298500397511, 'hidden_continuous_size': 48, 'attention_head_size': 4, 'learning_rate': 0.019211222729110102}. Best is trial 46 with value: 0.08971798419952393.
LOCAL_RANK: 0 - CUDA_VISIBLE_DEVICES: [0]
[I 2023-11-29 20:29:49,516] Trial 99 finished with value: 0.13171105086803436 and parameters: {'gradient_clip_val': 0.6901276181482252, 'hidden_size': 117, 'dropout': 0.38633762889664264, 'hidden_continuous_size': 44, 'attention_head_size': 4, 'learning_rate': 0.02686275923366865}. Best is trial 46 with value: 0.08971798419952393.
LOCAL_RANK: 0 - CUDA_VISIBLE_DEVICES: [0]
[I 2023-11-29 20:30:03,820] Trial 100 finished with value: 0.14717769622802734 and parameters: {'gradient_clip_val': 0.6057520976015093, 'hidden_size': 138, 'dropout': 0.3500810263995193, 'hidden_continuous_size': 52, 'attention_head_size': 4, 'learning_rate': 0.016484407116080166}. Best is trial 46 with value: 0.08971798419952393.
LOCAL_RANK: 0 - CUDA_VISIBLE_DEVICES: [0]
[I 2023-11-29 20:30:18,363] Trial 101 finished with value: 0.26755473017692566 and parameters: {'gradient_clip_val': 0.5299803878837136, 'hidden_size': 149, 'dropout': 0.3583866817109995, 'hidden_continuous_size': 46, 'attention_head_size': 4, 'learning_rate': 0.023769388794127412}. Best is trial 46 with value: 0.08971798419952393.
LOCAL_RANK: 0 - CUDA_VISIBLE_DEVICES: [0]
[I 2023-11-29 20:30:32,802] Trial 102 finished with value: 0.12884046137332916 and parameters: {'gradient_clip_val': 0.5724249392772381, 'hidden_size': 130, 'dropout': 0.36336839398904375, 'hidden_continuous_size': 41, 'attention_head_size': 4, 'learning_rate': 0.03087638085305772}. Best is trial 46 with value: 0.08971798419952393.
LOCAL_RANK: 0 - CUDA_VISIBLE_DEVICES: [0]
[I 2023-11-29 20:30:46,665] Trial 103 finished with value: 0.18205690383911133 and parameters: {'gradient_clip_val': 0.475375508194349, 'hidden_size': 99, 'dropout': 0.37151221044281435, 'hidden_continuous_size': 46, 'attention_head_size': 1, 'learning_rate': 0.019133755381553874}. Best is trial 46 with value: 0.08971798419952393.
LOCAL_RANK: 0 - CUDA_VISIBLE_DEVICES: [0]
[I 2023-11-29 20:31:00,607] Trial 104 finished with value: 0.12819494307041168 and parameters: {'gradient_clip_val': 0.5576919858974323, 'hidden_size': 108, 'dropout': 0.377270491205429, 'hidden_continuous_size': 50, 'attention_head_size': 3, 'learning_rate': 0.020961462573446905}. Best is trial 46 with value: 0.08971798419952393.
LOCAL_RANK: 0 - CUDA_VISIBLE_DEVICES: [0]
[I 2023-11-29 20:31:14,276] Trial 105 finished with value: 0.1570407748222351 and parameters: {'gradient_clip_val': 0.5186824022180505, 'hidden_size': 92, 'dropout': 0.33721142439037816, 'hidden_continuous_size': 54, 'attention_head_size': 1, 'learning_rate': 0.024821470322272998}. Best is trial 46 with value: 0.08971798419952393.
LOCAL_RANK: 0 - CUDA_VISIBLE_DEVICES: [0]
[I 2023-11-29 20:31:27,978] Trial 106 finished with value: 0.14153675734996796 and parameters: {'gradient_clip_val': 0.660655735395409, 'hidden_size': 112, 'dropout': 0.36656575928438784, 'hidden_continuous_size': 43, 'attention_head_size': 1, 'learning_rate': 0.017660998705647638}. Best is trial 46 with value: 0.08971798419952393.
LOCAL_RANK: 0 - CUDA_VISIBLE_DEVICES: [0]
[I 2023-11-29 20:31:42,029] Trial 107 finished with value: 0.4099186658859253 and parameters: {'gradient_clip_val': 0.5926730911999555, 'hidden_size': 126, 'dropout': 0.35406533334456775, 'hidden_continuous_size': 40, 'attention_head_size': 1, 'learning_rate': 0.022134201475030545}. Best is trial 46 with value: 0.08971798419952393.
LOCAL_RANK: 0 - CUDA_VISIBLE_DEVICES: [0]
[I 2023-11-29 20:31:56,116] Trial 108 finished with value: 0.36555182933807373 and parameters: {'gradient_clip_val': 0.7419630706637825, 'hidden_size': 136, 'dropout': 0.3836129336001154, 'hidden_continuous_size': 36, 'attention_head_size': 3, 'learning_rate': 0.014494354696666052}. Best is trial 46 with value: 0.08971798419952393.
LOCAL_RANK: 0 - CUDA_VISIBLE_DEVICES: [0]
[I 2023-11-29 20:32:10,170] Trial 109 finished with value: 0.18895108997821808 and parameters: {'gradient_clip_val': 0.4963531942447388, 'hidden_size': 103, 'dropout': 0.34309714839118877, 'hidden_continuous_size': 45, 'attention_head_size': 2, 'learning_rate': 0.02842331088006774}. Best is trial 46 with value: 0.08971798419952393.
LOCAL_RANK: 0 - CUDA_VISIBLE_DEVICES: [0]
[I 2023-11-29 20:32:24,238] Trial 110 finished with value: 0.19422413408756256 and parameters: {'gradient_clip_val': 0.6226971441482269, 'hidden_size': 120, 'dropout': 0.3756313767854546, 'hidden_continuous_size': 57, 'attention_head_size': 4, 'learning_rate': 0.012798404183158673}. Best is trial 46 with value: 0.08971798419952393.
LOCAL_RANK: 0 - CUDA_VISIBLE_DEVICES: [0]
[I 2023-11-29 20:32:38,073] Trial 111 finished with value: 0.10581792145967484 and parameters: {'gradient_clip_val': 0.4584514527186867, 'hidden_size': 97, 'dropout': 0.39328929928792755, 'hidden_continuous_size': 50, 'attention_head_size': 1, 'learning_rate': 0.02293442832587378}. Best is trial 46 with value: 0.08971798419952393.
LOCAL_RANK: 0 - CUDA_VISIBLE_DEVICES: [0]
[I 2023-11-29 20:32:52,018] Trial 112 finished with value: 0.13613677024841309 and parameters: {'gradient_clip_val': 0.538763062252646, 'hidden_size': 94, 'dropout': 0.39314514182782573, 'hidden_continuous_size': 50, 'attention_head_size': 1, 'learning_rate': 0.019379435134888472}. Best is trial 46 with value: 0.08971798419952393.
LOCAL_RANK: 0 - CUDA_VISIBLE_DEVICES: [0]
[I 2023-11-29 20:33:05,570] Trial 113 finished with value: 0.1708381623029709 and parameters: {'gradient_clip_val': 0.45884363607496653, 'hidden_size': 75, 'dropout': 0.38297402652916596, 'hidden_continuous_size': 48, 'attention_head_size': 1, 'learning_rate': 0.022681372545955918}. Best is trial 46 with value: 0.08971798419952393.
LOCAL_RANK: 0 - CUDA_VISIBLE_DEVICES: [0]
[I 2023-11-29 20:33:19,349] Trial 114 finished with value: 0.15747974812984467 and parameters: {'gradient_clip_val': 0.4407581106524457, 'hidden_size': 87, 'dropout': 0.3587615651632061, 'hidden_continuous_size': 52, 'attention_head_size': 1, 'learning_rate': 0.015997246497462696}. Best is trial 46 with value: 0.08971798419952393.
LOCAL_RANK: 0 - CUDA_VISIBLE_DEVICES: [0]
