[I 2023-11-30 11:30:36,918] Trial 129 finished with value: 10.86914348602295 and parameters: {'gradient_clip_val': 0.6814912577530191, 'hidden_size': 98, 'dropout': 0.32246723388438714, 'hidden_continuous_size': 45, 'attention_head_size': 1, 'learning_rate': 0.01781075943428551}. Best is trial 27 with value: 9.980278968811035.
LOCAL_RANK: 0 - CUDA_VISIBLE_DEVICES: [0]
[I 2023-11-30 11:30:50,724] Trial 130 finished with value: 11.139578819274902 and parameters: {'gradient_clip_val': 0.7892586663678985, 'hidden_size': 92, 'dropout': 0.2940183137023801, 'hidden_continuous_size': 47, 'attention_head_size': 3, 'learning_rate': 0.010739666866628254}. Best is trial 27 with value: 9.980278968811035.
LOCAL_RANK: 0 - CUDA_VISIBLE_DEVICES: [0]
[I 2023-11-30 11:31:04,502] Trial 131 finished with value: 11.340109825134277 and parameters: {'gradient_clip_val': 0.8512839797842856, 'hidden_size': 87, 'dropout': 0.3345954129783117, 'hidden_continuous_size': 42, 'attention_head_size': 3, 'learning_rate': 0.00892466266080774}. Best is trial 27 with value: 9.980278968811035.
LOCAL_RANK: 0 - CUDA_VISIBLE_DEVICES: [0]
[I 2023-11-30 11:31:18,239] Trial 132 finished with value: 11.211902618408203 and parameters: {'gradient_clip_val': 0.9170825672610101, 'hidden_size': 82, 'dropout': 0.33843712740558934, 'hidden_continuous_size': 39, 'attention_head_size': 3, 'learning_rate': 0.00981843406571606}. Best is trial 27 with value: 9.980278968811035.
LOCAL_RANK: 0 - CUDA_VISIBLE_DEVICES: [0]
[I 2023-11-30 11:31:32,117] Trial 133 finished with value: 10.32917308807373 and parameters: {'gradient_clip_val': 0.7628734993704588, 'hidden_size': 76, 'dropout': 0.34568447455131557, 'hidden_continuous_size': 43, 'attention_head_size': 3, 'learning_rate': 0.011839620863168563}. Best is trial 27 with value: 9.980278968811035.
LOCAL_RANK: 0 - CUDA_VISIBLE_DEVICES: [0]
[I 2023-11-30 11:31:45,977] Trial 134 finished with value: 9.912317276000977 and parameters: {'gradient_clip_val': 0.7132185838231028, 'hidden_size': 79, 'dropout': 0.3533975688469278, 'hidden_continuous_size': 50, 'attention_head_size': 3, 'learning_rate': 0.01196097429927516}. Best is trial 134 with value: 9.912317276000977.
LOCAL_RANK: 0 - CUDA_VISIBLE_DEVICES: [0]
[I 2023-11-30 11:31:59,583] Trial 135 finished with value: 11.069869041442871 and parameters: {'gradient_clip_val': 0.7201673177010506, 'hidden_size': 65, 'dropout': 0.34661855613869136, 'hidden_continuous_size': 49, 'attention_head_size': 3, 'learning_rate': 0.012257938356770645}. Best is trial 134 with value: 9.912317276000977.
LOCAL_RANK: 0 - CUDA_VISIBLE_DEVICES: [0]
[I 2023-11-30 11:32:13,016] Trial 136 finished with value: 10.799888610839844 and parameters: {'gradient_clip_val': 0.6387535914001388, 'hidden_size': 76, 'dropout': 0.3682811014348303, 'hidden_continuous_size': 44, 'attention_head_size': 3, 'learning_rate': 0.011488661502055927}. Best is trial 134 with value: 9.912317276000977.
LOCAL_RANK: 0 - CUDA_VISIBLE_DEVICES: [0]
[I 2023-11-30 11:32:26,782] Trial 137 finished with value: 10.532651901245117 and parameters: {'gradient_clip_val': 0.5647884085350038, 'hidden_size': 78, 'dropout': 0.3588129623887843, 'hidden_continuous_size': 55, 'attention_head_size': 1, 'learning_rate': 0.015798541918494807}. Best is trial 134 with value: 9.912317276000977.
LOCAL_RANK: 0 - CUDA_VISIBLE_DEVICES: [0]
[I 2023-11-30 11:32:40,971] Trial 138 finished with value: 10.487969398498535 and parameters: {'gradient_clip_val': 0.7650351153698575, 'hidden_size': 95, 'dropout': 0.25541936455496767, 'hidden_continuous_size': 40, 'attention_head_size': 3, 'learning_rate': 0.01306727951949525}. Best is trial 134 with value: 9.912317276000977.
LOCAL_RANK: 0 - CUDA_VISIBLE_DEVICES: [0]
[I 2023-11-30 11:32:54,689] Trial 139 finished with value: 10.2394437789917 and parameters: {'gradient_clip_val': 0.6057353530179076, 'hidden_size': 112, 'dropout': 0.373499034146788, 'hidden_continuous_size': 51, 'attention_head_size': 1, 'learning_rate': 0.014500966939332427}. Best is trial 134 with value: 9.912317276000977.
LOCAL_RANK: 0 - CUDA_VISIBLE_DEVICES: [0]
[I 2023-11-30 11:33:08,423] Trial 140 finished with value: 10.444236755371094 and parameters: {'gradient_clip_val': 0.5905106359950102, 'hidden_size': 112, 'dropout': 0.3409437853341792, 'hidden_continuous_size': 52, 'attention_head_size': 3, 'learning_rate': 0.010109667475797002}. Best is trial 134 with value: 9.912317276000977.
LOCAL_RANK: 0 - CUDA_VISIBLE_DEVICES: [0]
[I 2023-11-30 11:33:22,383] Trial 141 finished with value: 10.689144134521484 and parameters: {'gradient_clip_val': 0.6842168456943365, 'hidden_size': 105, 'dropout': 0.3749279882887189, 'hidden_continuous_size': 58, 'attention_head_size': 1, 'learning_rate': 0.014645289024771644}. Best is trial 134 with value: 9.912317276000977.
LOCAL_RANK: 0 - CUDA_VISIBLE_DEVICES: [0]
[I 2023-11-30 11:33:36,485] Trial 142 finished with value: 10.995194435119629 and parameters: {'gradient_clip_val': 0.5170653131581621, 'hidden_size': 129, 'dropout': 0.36498175729796123, 'hidden_continuous_size': 63, 'attention_head_size': 1, 'learning_rate': 0.011386134169116718}. Best is trial 134 with value: 9.912317276000977.
LOCAL_RANK: 0 - CUDA_VISIBLE_DEVICES: [0]
[I 2023-11-30 11:33:50,449] Trial 143 finished with value: 12.07764720916748 and parameters: {'gradient_clip_val': 0.6466857483187662, 'hidden_size': 116, 'dropout': 0.3528729809751611, 'hidden_continuous_size': 53, 'attention_head_size': 1, 'learning_rate': 0.01711771602646067}. Best is trial 134 with value: 9.912317276000977.
LOCAL_RANK: 0 - CUDA_VISIBLE_DEVICES: [0]
[I 2023-11-30 11:34:04,257] Trial 144 finished with value: 10.3606595993042 and parameters: {'gradient_clip_val': 0.6148781937623455, 'hidden_size': 90, 'dropout': 0.38046547495378313, 'hidden_continuous_size': 51, 'attention_head_size': 1, 'learning_rate': 0.012837725272852263}. Best is trial 134 with value: 9.912317276000977.
LOCAL_RANK: 0 - CUDA_VISIBLE_DEVICES: [0]
[I 2023-11-30 11:34:17,993] Trial 145 finished with value: 10.806025505065918 and parameters: {'gradient_clip_val': 0.6043562916085464, 'hidden_size': 88, 'dropout': 0.3921179219863963, 'hidden_continuous_size': 51, 'attention_head_size': 1, 'learning_rate': 0.013887852629894212}. Best is trial 134 with value: 9.912317276000977.
LOCAL_RANK: 0 - CUDA_VISIBLE_DEVICES: [0]
[I 2023-11-30 11:34:31,718] Trial 146 finished with value: 10.451521873474121 and parameters: {'gradient_clip_val': 0.5767432860753035, 'hidden_size': 82, 'dropout': 0.34813237735996716, 'hidden_continuous_size': 48, 'attention_head_size': 1, 'learning_rate': 0.01257084686078527}. Best is trial 134 with value: 9.912317276000977.
LOCAL_RANK: 0 - CUDA_VISIBLE_DEVICES: [0]
[I 2023-11-30 11:34:45,561] Trial 147 finished with value: 10.924723625183105 and parameters: {'gradient_clip_val': 0.7012425798917589, 'hidden_size': 99, 'dropout': 0.38486884345493433, 'hidden_continuous_size': 55, 'attention_head_size': 1, 'learning_rate': 0.010726918144859737}. Best is trial 134 with value: 9.912317276000977.
LOCAL_RANK: 0 - CUDA_VISIBLE_DEVICES: [0]
[I 2023-11-30 11:34:59,287] Trial 148 finished with value: 10.452095985412598 and parameters: {'gradient_clip_val': 0.6189029846010065, 'hidden_size': 72, 'dropout': 0.3755243113154533, 'hidden_continuous_size': 50, 'attention_head_size': 3, 'learning_rate': 0.011921831784937264}. Best is trial 134 with value: 9.912317276000977.
LOCAL_RANK: 0 - CUDA_VISIBLE_DEVICES: [0]
[I 2023-11-30 11:35:13,614] Trial 149 finished with value: 10.411674499511719 and parameters: {'gradient_clip_val': 0.6619472300702975, 'hidden_size': 142, 'dropout': 0.3242944427493656, 'hidden_continuous_size': 60, 'attention_head_size': 3, 'learning_rate': 0.009167487946049954}. Best is trial 134 with value: 9.912317276000977.
[I 2023-11-30 11:35:13,724] A new study created in memory with name: no-name-04692db4-f107-4dcd-bba0-9883541d134b
/home/le004/conda/anaconda3/envs/tsff_env/lib/python3.9/site-packages/lightning/fabric/plugins/environments/slurm.py:191: The `srun` command is available on your system but is not used. HINT: If your intention is to run Lightning on SLURM, prepend your python command with `srun` like so: srun python /home/le004/master_thesis/git/TSFusionForecast/code/ ...
LOCAL_RANK: 0 - CUDA_VISIBLE_DEVICES: [0]
[I 2023-11-30 11:35:26,971] Trial 0 finished with value: 53.508331298828125 and parameters: {'gradient_clip_val': 0.7252211301114077, 'hidden_size': 58, 'dropout': 0.17279253385885218, 'hidden_continuous_size': 24, 'attention_head_size': 3, 'learning_rate': 0.0033056505823080154}. Best is trial 0 with value: 53.508331298828125.
LOCAL_RANK: 0 - CUDA_VISIBLE_DEVICES: [0]
[I 2023-11-30 11:35:37,074] Trial 1 finished with value: 108.32583618164062 and parameters: {'gradient_clip_val': 0.12220442675652989, 'hidden_size': 11, 'dropout': 0.12421500747096478, 'hidden_continuous_size': 11, 'attention_head_size': 1, 'learning_rate': 0.0013204886274684978}. Best is trial 0 with value: 53.508331298828125.
LOCAL_RANK: 0 - CUDA_VISIBLE_DEVICES: [0]
[I 2023-11-30 11:35:51,215] Trial 2 finished with value: 67.92174530029297 and parameters: {'gradient_clip_val': 0.10272301104940795, 'hidden_size': 109, 'dropout': 0.3602646812668452, 'hidden_continuous_size': 84, 'attention_head_size': 1, 'learning_rate': 0.007939254906557674}. Best is trial 0 with value: 53.508331298828125.
LOCAL_RANK: 0 - CUDA_VISIBLE_DEVICES: [0]
[I 2023-11-30 11:36:03,954] Trial 3 finished with value: 69.97399139404297 and parameters: {'gradient_clip_val': 0.590371835467491, 'hidden_size': 37, 'dropout': 0.20755400076582625, 'hidden_continuous_size': 30, 'attention_head_size': 1, 'learning_rate': 0.0012958861653207833}. Best is trial 0 with value: 53.508331298828125.
LOCAL_RANK: 0 - CUDA_VISIBLE_DEVICES: [0]
[I 2023-11-30 11:36:18,036] Trial 4 finished with value: 62.65106201171875 and parameters: {'gradient_clip_val': 0.10226730130737945, 'hidden_size': 98, 'dropout': 0.14238672815012127, 'hidden_continuous_size': 75, 'attention_head_size': 2, 'learning_rate': 0.011227646892955698}. Best is trial 0 with value: 53.508331298828125.
LOCAL_RANK: 0 - CUDA_VISIBLE_DEVICES: [0]
[I 2023-11-30 11:36:31,665] Trial 5 finished with value: 72.21179962158203 and parameters: {'gradient_clip_val': 0.16914047630785928, 'hidden_size': 112, 'dropout': 0.1555826141880884, 'hidden_continuous_size': 16, 'attention_head_size': 3, 'learning_rate': 0.011484594757211582}. Best is trial 0 with value: 53.508331298828125.
LOCAL_RANK: 0 - CUDA_VISIBLE_DEVICES: [0]
[I 2023-11-30 11:36:45,307] Trial 6 finished with value: 68.05745697021484 and parameters: {'gradient_clip_val': 0.4293050649632218, 'hidden_size': 105, 'dropout': 0.35254023657170597, 'hidden_continuous_size': 32, 'attention_head_size': 1, 'learning_rate': 0.02368587962554776}. Best is trial 0 with value: 53.508331298828125.
LOCAL_RANK: 0 - CUDA_VISIBLE_DEVICES: [0]
[I 2023-11-30 11:36:58,336] Trial 7 finished with value: 61.495121002197266 and parameters: {'gradient_clip_val': 0.24517775371137943, 'hidden_size': 56, 'dropout': 0.2711557962441548, 'hidden_continuous_size': 24, 'attention_head_size': 3, 'learning_rate': 0.01186197345358497}. Best is trial 0 with value: 53.508331298828125.
LOCAL_RANK: 0 - CUDA_VISIBLE_DEVICES: [0]
[I 2023-11-30 11:37:10,840] Trial 8 finished with value: 79.96998596191406 and parameters: {'gradient_clip_val': 0.3439285358954375, 'hidden_size': 17, 'dropout': 0.2295628253271671, 'hidden_continuous_size': 12, 'attention_head_size': 4, 'learning_rate': 0.0018689706885237796}. Best is trial 0 with value: 53.508331298828125.
LOCAL_RANK: 0 - CUDA_VISIBLE_DEVICES: [0]
[I 2023-11-30 11:37:24,185] Trial 9 finished with value: 62.34763717651367 and parameters: {'gradient_clip_val': 0.3303058829811999, 'hidden_size': 112, 'dropout': 0.11072584038952453, 'hidden_continuous_size': 14, 'attention_head_size': 3, 'learning_rate': 0.004289055878138712}. Best is trial 0 with value: 53.508331298828125.
LOCAL_RANK: 0 - CUDA_VISIBLE_DEVICES: [0]
[I 2023-11-30 11:37:36,985] Trial 10 finished with value: 71.95832061767578 and parameters: {'gradient_clip_val': 0.9774375214664982, 'hidden_size': 43, 'dropout': 0.18632992164670686, 'hidden_continuous_size': 10, 'attention_head_size': 4, 'learning_rate': 0.09161363949746917}. Best is trial 0 with value: 53.508331298828125.
LOCAL_RANK: 0 - CUDA_VISIBLE_DEVICES: [0]
[I 2023-11-30 11:37:50,025] Trial 11 finished with value: 48.52878952026367 and parameters: {'gradient_clip_val': 0.2090421326778122, 'hidden_size': 55, 'dropout': 0.2842387576761994, 'hidden_continuous_size': 20, 'attention_head_size': 3, 'learning_rate': 0.0032347636519635538}. Best is trial 11 with value: 48.52878952026367.
LOCAL_RANK: 0 - CUDA_VISIBLE_DEVICES: [0]
[I 2023-11-30 11:38:03,211] Trial 12 finished with value: 59.83735275268555 and parameters: {'gradient_clip_val': 0.2047764775611736, 'hidden_size': 61, 'dropout': 0.27785874098516405, 'hidden_continuous_size': 19, 'attention_head_size': 2, 'learning_rate': 0.0027372299373000066}. Best is trial 11 with value: 48.52878952026367.
LOCAL_RANK: 0 - CUDA_VISIBLE_DEVICES: [0]
[I 2023-11-30 11:38:16,053] Trial 13 finished with value: 70.62877655029297 and parameters: {'gradient_clip_val': 0.5944394950783757, 'hidden_size': 30, 'dropout': 0.3046167200019745, 'hidden_continuous_size': 21, 'attention_head_size': 3, 'learning_rate': 0.0034379678994977086}. Best is trial 11 with value: 48.52878952026367.
LOCAL_RANK: 0 - CUDA_VISIBLE_DEVICES: [0]
[I 2023-11-30 11:38:29,387] Trial 14 finished with value: 60.76567459106445 and parameters: {'gradient_clip_val': 0.24140245735870672, 'hidden_size': 64, 'dropout': 0.24100974322646135, 'hidden_continuous_size': 30, 'attention_head_size': 4, 'learning_rate': 0.004388530574296037}. Best is trial 11 with value: 48.52878952026367.
LOCAL_RANK: 0 - CUDA_VISIBLE_DEVICES: [0]
[I 2023-11-30 11:38:41,843] Trial 15 finished with value: 84.22708129882812 and parameters: {'gradient_clip_val': 0.9910581689157159, 'hidden_size': 27, 'dropout': 0.1982147520146466, 'hidden_continuous_size': 18, 'attention_head_size': 2, 'learning_rate': 0.0010648115013932801}. Best is trial 11 with value: 48.52878952026367.
LOCAL_RANK: 0 - CUDA_VISIBLE_DEVICES: [0]
[I 2023-11-30 11:38:56,089] Trial 16 finished with value: 62.95442581176758 and parameters: {'gradient_clip_val': 0.16994356656593468, 'hidden_size': 148, 'dropout': 0.16335739593987927, 'hidden_continuous_size': 45, 'attention_head_size': 3, 'learning_rate': 0.002250754003338698}. Best is trial 11 with value: 48.52878952026367.
LOCAL_RANK: 0 - CUDA_VISIBLE_DEVICES: [0]
[I 2023-11-30 11:39:09,104] Trial 17 finished with value: 63.858612060546875 and parameters: {'gradient_clip_val': 0.39557913166500774, 'hidden_size': 72, 'dropout': 0.2940337647140119, 'hidden_continuous_size': 14, 'attention_head_size': 2, 'learning_rate': 0.005650612834940121}. Best is trial 11 with value: 48.52878952026367.
LOCAL_RANK: 0 - CUDA_VISIBLE_DEVICES: [0]
[I 2023-11-30 11:39:22,205] Trial 18 finished with value: 47.251312255859375 and parameters: {'gradient_clip_val': 0.5128984309239891, 'hidden_size': 45, 'dropout': 0.3241588089798365, 'hidden_continuous_size': 22, 'attention_head_size': 4, 'learning_rate': 0.0020088560964606063}. Best is trial 18 with value: 47.251312255859375.
LOCAL_RANK: 0 - CUDA_VISIBLE_DEVICES: [0]
[I 2023-11-30 11:39:34,934] Trial 19 finished with value: 53.05377197265625 and parameters: {'gradient_clip_val': 0.45685740191663393, 'hidden_size': 45, 'dropout': 0.326930861185785, 'hidden_continuous_size': 16, 'attention_head_size': 4, 'learning_rate': 0.0021523145144118597}. Best is trial 18 with value: 47.251312255859375.
LOCAL_RANK: 0 - CUDA_VISIBLE_DEVICES: [0]
[I 2023-11-30 11:39:47,086] Trial 20 finished with value: 106.11517333984375 and parameters: {'gradient_clip_val': 0.28442921109285785, 'hidden_size': 24, 'dropout': 0.36992845905578087, 'hidden_continuous_size': 13, 'attention_head_size': 4, 'learning_rate': 0.001574731388658757}. Best is trial 18 with value: 47.251312255859375.
LOCAL_RANK: 0 - CUDA_VISIBLE_DEVICES: [0]
[I 2023-11-30 11:39:59,906] Trial 21 finished with value: 60.97053909301758 and parameters: {'gradient_clip_val': 0.4955066386914522, 'hidden_size': 42, 'dropout': 0.32909464925962584, 'hidden_continuous_size': 17, 'attention_head_size': 4, 'learning_rate': 0.0021682704005835138}. Best is trial 18 with value: 47.251312255859375.
LOCAL_RANK: 0 - CUDA_VISIBLE_DEVICES: [0]
[I 2023-11-30 11:40:12,707] Trial 22 finished with value: 56.164764404296875 and parameters: {'gradient_clip_val': 0.46703312627583526, 'hidden_size': 48, 'dropout': 0.3961985620168847, 'hidden_continuous_size': 16, 'attention_head_size': 4, 'learning_rate': 0.00229548927488361}. Best is trial 18 with value: 47.251312255859375.
LOCAL_RANK: 0 - CUDA_VISIBLE_DEVICES: [0]
[I 2023-11-30 11:40:25,804] Trial 23 finished with value: 61.07133102416992 and parameters: {'gradient_clip_val': 0.353796061660393, 'hidden_size': 35, 'dropout': 0.30440285227967145, 'hidden_continuous_size': 20, 'attention_head_size': 4, 'learning_rate': 0.0016038136499402042}. Best is trial 18 with value: 47.251312255859375.
LOCAL_RANK: 0 - CUDA_VISIBLE_DEVICES: [0]
[I 2023-11-30 11:40:39,394] Trial 24 finished with value: 56.53566360473633 and parameters: {'gradient_clip_val': 0.30024774484255023, 'hidden_size': 77, 'dropout': 0.3275962670436209, 'hidden_continuous_size': 23, 'attention_head_size': 4, 'learning_rate': 0.0011644836115486308}. Best is trial 18 with value: 47.251312255859375.
LOCAL_RANK: 0 - CUDA_VISIBLE_DEVICES: [0]
[I 2023-11-30 11:40:52,339] Trial 25 finished with value: 55.95729064941406 and parameters: {'gradient_clip_val': 0.4079375446793248, 'hidden_size': 54, 'dropout': 0.2590046220288299, 'hidden_continuous_size': 15, 'attention_head_size': 3, 'learning_rate': 0.0029231287520482645}. Best is trial 18 with value: 47.251312255859375.
LOCAL_RANK: 0 - CUDA_VISIBLE_DEVICES: [0]
[I 2023-11-30 11:41:05,383] Trial 26 finished with value: 92.33071899414062 and parameters: {'gradient_clip_val': 0.5996356240898439, 'hidden_size': 47, 'dropout': 0.33472212143328856, 'hidden_continuous_size': 19, 'attention_head_size': 4, 'learning_rate': 0.0010124155731037051}. Best is trial 18 with value: 47.251312255859375.
LOCAL_RANK: 0 - CUDA_VISIBLE_DEVICES: [0]
[I 2023-11-30 11:41:18,130] Trial 27 finished with value: 66.28478240966797 and parameters: {'gradient_clip_val': 0.5159940658090816, 'hidden_size': 37, 'dropout': 0.28352836078563437, 'hidden_continuous_size': 16, 'attention_head_size': 3, 'learning_rate': 0.0017769243717186845}. Best is trial 18 with value: 47.251312255859375.
LOCAL_RANK: 0 - CUDA_VISIBLE_DEVICES: [0]
[I 2023-11-30 11:41:31,571] Trial 28 finished with value: 56.9085693359375 and parameters: {'gradient_clip_val': 0.3751635002282838, 'hidden_size': 77, 'dropout': 0.3136668822333147, 'hidden_continuous_size': 12, 'attention_head_size': 4, 'learning_rate': 0.0024000775678441996}. Best is trial 18 with value: 47.251312255859375.
LOCAL_RANK: 0 - CUDA_VISIBLE_DEVICES: [0]
[I 2023-11-30 11:41:44,592] Trial 29 finished with value: 55.78078079223633 and parameters: {'gradient_clip_val': 0.7034672129169812, 'hidden_size': 51, 'dropout': 0.25622367381410766, 'hidden_continuous_size': 22, 'attention_head_size': 3, 'learning_rate': 0.003569409022684783}. Best is trial 18 with value: 47.251312255859375.
LOCAL_RANK: 0 - CUDA_VISIBLE_DEVICES: [0]
[I 2023-11-30 11:41:57,436] Trial 30 finished with value: 70.2469711303711 and parameters: {'gradient_clip_val': 0.43443255168163025, 'hidden_size': 43, 'dropout': 0.2836720356816811, 'hidden_continuous_size': 18, 'attention_head_size': 4, 'learning_rate': 0.003073384040910776}. Best is trial 18 with value: 47.251312255859375.
LOCAL_RANK: 0 - CUDA_VISIBLE_DEVICES: [0]
[I 2023-11-30 11:42:10,756] Trial 31 finished with value: 65.95087432861328 and parameters: {'gradient_clip_val': 0.7313448121692192, 'hidden_size': 64, 'dropout': 0.2229498001600269, 'hidden_continuous_size': 27, 'attention_head_size': 3, 'learning_rate': 0.0016131626871928877}. Best is trial 18 with value: 47.251312255859375.
LOCAL_RANK: 0 - CUDA_VISIBLE_DEVICES: [0]
[I 2023-11-30 11:42:24,058] Trial 32 finished with value: 51.46482467651367 and parameters: {'gradient_clip_val': 0.5097878636476535, 'hidden_size': 53, 'dropout': 0.25868419552336686, 'hidden_continuous_size': 20, 'attention_head_size': 3, 'learning_rate': 0.004765116438323203}. Best is trial 18 with value: 47.251312255859375.
LOCAL_RANK: 0 - CUDA_VISIBLE_DEVICES: [0]
[I 2023-11-30 11:42:36,861] Trial 33 finished with value: 50.978755950927734 and parameters: {'gradient_clip_val': 0.5016048860324032, 'hidden_size': 43, 'dropout': 0.2619681808480433, 'hidden_continuous_size': 21, 'attention_head_size': 3, 'learning_rate': 0.006289837711045599}. Best is trial 18 with value: 47.251312255859375.
LOCAL_RANK: 0 - CUDA_VISIBLE_DEVICES: [0]
[I 2023-11-30 11:42:49,417] Trial 34 finished with value: 42.8967170715332 and parameters: {'gradient_clip_val': 0.5564546288779969, 'hidden_size': 33, 'dropout': 0.2604999619225016, 'hidden_continuous_size': 20, 'attention_head_size': 2, 'learning_rate': 0.006161977699234971}. Best is trial 34 with value: 42.8967170715332.
LOCAL_RANK: 0 - CUDA_VISIBLE_DEVICES: [0]
[I 2023-11-30 11:43:01,905] Trial 35 finished with value: 55.21492385864258 and parameters: {'gradient_clip_val': 0.5627193218770898, 'hidden_size': 33, 'dropout': 0.2459767004049983, 'hidden_continuous_size': 21, 'attention_head_size': 2, 'learning_rate': 0.006638615142305572}. Best is trial 34 with value: 42.8967170715332.
LOCAL_RANK: 0 - CUDA_VISIBLE_DEVICES: [0]
