[I 2023-11-30 10:36:10,969] Trial 45 finished with value: 4.056333541870117 and parameters: {'gradient_clip_val': 0.15172693749961785, 'hidden_size': 128, 'dropout': 0.3304175012391501, 'hidden_continuous_size': 29, 'attention_head_size': 2, 'learning_rate': 0.08081361605475373}. Best is trial 1 with value: 3.2046263217926025.
LOCAL_RANK: 0 - CUDA_VISIBLE_DEVICES: [0]
[I 2023-11-30 10:36:24,760] Trial 46 finished with value: 3.4211044311523438 and parameters: {'gradient_clip_val': 0.11060690366407051, 'hidden_size': 93, 'dropout': 0.2122867115966378, 'hidden_continuous_size': 35, 'attention_head_size': 3, 'learning_rate': 0.030963900138869793}. Best is trial 1 with value: 3.2046263217926025.
LOCAL_RANK: 0 - CUDA_VISIBLE_DEVICES: [0]
[I 2023-11-30 10:36:39,107] Trial 47 finished with value: 3.9276812076568604 and parameters: {'gradient_clip_val': 0.13067484225989792, 'hidden_size': 150, 'dropout': 0.19166663467875916, 'hidden_continuous_size': 60, 'attention_head_size': 3, 'learning_rate': 0.022619676151322536}. Best is trial 1 with value: 3.2046263217926025.
LOCAL_RANK: 0 - CUDA_VISIBLE_DEVICES: [0]
[I 2023-11-30 10:36:53,220] Trial 48 finished with value: 3.670924425125122 and parameters: {'gradient_clip_val': 0.16817150328751326, 'hidden_size': 117, 'dropout': 0.24384150546997457, 'hidden_continuous_size': 22, 'attention_head_size': 4, 'learning_rate': 0.048771341476258924}. Best is trial 1 with value: 3.2046263217926025.
LOCAL_RANK: 0 - CUDA_VISIBLE_DEVICES: [0]
[I 2023-11-30 10:37:07,209] Trial 49 finished with value: 3.659430503845215 and parameters: {'gradient_clip_val': 0.19543899193361483, 'hidden_size': 134, 'dropout': 0.21467508664364304, 'hidden_continuous_size': 19, 'attention_head_size': 2, 'learning_rate': 0.09912205402570377}. Best is trial 1 with value: 3.2046263217926025.
LOCAL_RANK: 0 - CUDA_VISIBLE_DEVICES: [0]
[I 2023-11-30 10:37:20,745] Trial 50 finished with value: 3.9010307788848877 and parameters: {'gradient_clip_val': 0.10790870611809697, 'hidden_size': 82, 'dropout': 0.1945118817211589, 'hidden_continuous_size': 25, 'attention_head_size': 3, 'learning_rate': 0.03695264537377769}. Best is trial 1 with value: 3.2046263217926025.
LOCAL_RANK: 0 - CUDA_VISIBLE_DEVICES: [0]
[I 2023-11-30 10:37:35,106] Trial 51 finished with value: 3.4664809703826904 and parameters: {'gradient_clip_val': 0.10471772605184557, 'hidden_size': 149, 'dropout': 0.28059777034650657, 'hidden_continuous_size': 35, 'attention_head_size': 3, 'learning_rate': 0.024553236226739068}. Best is trial 1 with value: 3.2046263217926025.
LOCAL_RANK: 0 - CUDA_VISIBLE_DEVICES: [0]
[I 2023-11-30 10:37:49,029] Trial 52 finished with value: 4.078650951385498 and parameters: {'gradient_clip_val': 0.10097389219974624, 'hidden_size': 107, 'dropout': 0.27708936860958494, 'hidden_continuous_size': 33, 'attention_head_size': 3, 'learning_rate': 0.02129962758087523}. Best is trial 1 with value: 3.2046263217926025.
LOCAL_RANK: 0 - CUDA_VISIBLE_DEVICES: [0]
[I 2023-11-30 10:38:03,202] Trial 53 finished with value: 3.7720634937286377 and parameters: {'gradient_clip_val': 0.12237295370716827, 'hidden_size': 134, 'dropout': 0.23368619310231833, 'hidden_continuous_size': 38, 'attention_head_size': 3, 'learning_rate': 0.017056987862072652}. Best is trial 1 with value: 3.2046263217926025.
LOCAL_RANK: 0 - CUDA_VISIBLE_DEVICES: [0]
[I 2023-11-30 10:38:16,916] Trial 54 finished with value: 3.584759473800659 and parameters: {'gradient_clip_val': 0.14256013973273976, 'hidden_size': 95, 'dropout': 0.29934488088326233, 'hidden_continuous_size': 29, 'attention_head_size': 3, 'learning_rate': 0.026788973934404662}. Best is trial 1 with value: 3.2046263217926025.
LOCAL_RANK: 0 - CUDA_VISIBLE_DEVICES: [0]
[I 2023-11-30 10:38:31,747] Trial 55 finished with value: 3.3370087146759033 and parameters: {'gradient_clip_val': 0.13326678911083123, 'hidden_size': 150, 'dropout': 0.1722412681445194, 'hidden_continuous_size': 41, 'attention_head_size': 4, 'learning_rate': 0.01957608818320169}. Best is trial 1 with value: 3.2046263217926025.
LOCAL_RANK: 0 - CUDA_VISIBLE_DEVICES: [0]
[I 2023-11-30 10:38:46,610] Trial 56 finished with value: 3.8819949626922607 and parameters: {'gradient_clip_val': 0.10040976902833762, 'hidden_size': 114, 'dropout': 0.15446188344519826, 'hidden_continuous_size': 27, 'attention_head_size': 2, 'learning_rate': 0.012635361387058692}. Best is trial 1 with value: 3.2046263217926025.
LOCAL_RANK: 0 - CUDA_VISIBLE_DEVICES: [0]
[I 2023-11-30 10:39:01,702] Trial 57 finished with value: 3.405778646469116 and parameters: {'gradient_clip_val': 0.11253246220743289, 'hidden_size': 132, 'dropout': 0.2555120099411616, 'hidden_continuous_size': 22, 'attention_head_size': 3, 'learning_rate': 0.03193929845615748}. Best is trial 1 with value: 3.2046263217926025.
LOCAL_RANK: 0 - CUDA_VISIBLE_DEVICES: [0]
[I 2023-11-30 10:39:16,771] Trial 58 finished with value: 3.3703830242156982 and parameters: {'gradient_clip_val': 0.15837520465909638, 'hidden_size': 106, 'dropout': 0.20387804610477928, 'hidden_continuous_size': 24, 'attention_head_size': 4, 'learning_rate': 0.047631457528017195}. Best is trial 1 with value: 3.2046263217926025.
LOCAL_RANK: 0 - CUDA_VISIBLE_DEVICES: [0]
[I 2023-11-30 10:39:31,761] Trial 59 finished with value: 3.637479782104492 and parameters: {'gradient_clip_val': 0.11851719131486936, 'hidden_size': 122, 'dropout': 0.26747001475187004, 'hidden_continuous_size': 21, 'attention_head_size': 3, 'learning_rate': 0.025232500746365346}. Best is trial 1 with value: 3.2046263217926025.
LOCAL_RANK: 0 - CUDA_VISIBLE_DEVICES: [0]
[I 2023-11-30 10:39:46,798] Trial 60 finished with value: 4.164228439331055 and parameters: {'gradient_clip_val': 0.12522538279086226, 'hidden_size': 139, 'dropout': 0.22242634042187076, 'hidden_continuous_size': 16, 'attention_head_size': 2, 'learning_rate': 0.014316280636359318}. Best is trial 1 with value: 3.2046263217926025.
LOCAL_RANK: 0 - CUDA_VISIBLE_DEVICES: [0]
[I 2023-11-30 10:40:02,498] Trial 61 finished with value: 4.618425369262695 and parameters: {'gradient_clip_val': 0.1314261484259509, 'hidden_size': 149, 'dropout': 0.17060899982546357, 'hidden_continuous_size': 43, 'attention_head_size': 4, 'learning_rate': 0.019669887292354298}. Best is trial 1 with value: 3.2046263217926025.
LOCAL_RANK: 0 - CUDA_VISIBLE_DEVICES: [0]
[I 2023-11-30 10:40:17,584] Trial 62 finished with value: 3.850033760070801 and parameters: {'gradient_clip_val': 0.13975646127320734, 'hidden_size': 137, 'dropout': 0.1736799934499949, 'hidden_continuous_size': 40, 'attention_head_size': 4, 'learning_rate': 0.019421418069375775}. Best is trial 1 with value: 3.2046263217926025.
LOCAL_RANK: 0 - CUDA_VISIBLE_DEVICES: [0]
[I 2023-11-30 10:40:32,465] Trial 63 finished with value: 3.827806234359741 and parameters: {'gradient_clip_val': 0.11132618995095281, 'hidden_size': 103, 'dropout': 0.18353004329759445, 'hidden_continuous_size': 32, 'attention_head_size': 4, 'learning_rate': 0.02132024070072372}. Best is trial 1 with value: 3.2046263217926025.
LOCAL_RANK: 0 - CUDA_VISIBLE_DEVICES: [0]
[I 2023-11-30 10:40:47,348] Trial 64 finished with value: 3.8534975051879883 and parameters: {'gradient_clip_val': 0.15406033055130272, 'hidden_size': 118, 'dropout': 0.13995852076006546, 'hidden_continuous_size': 35, 'attention_head_size': 4, 'learning_rate': 0.017142265498057987}. Best is trial 1 with value: 3.2046263217926025.
LOCAL_RANK: 0 - CUDA_VISIBLE_DEVICES: [0]
[I 2023-11-30 10:41:02,081] Trial 65 finished with value: 4.218476295471191 and parameters: {'gradient_clip_val': 0.135928494825631, 'hidden_size': 128, 'dropout': 0.14639157528393731, 'hidden_continuous_size': 27, 'attention_head_size': 1, 'learning_rate': 0.009959746228548632}. Best is trial 1 with value: 3.2046263217926025.
LOCAL_RANK: 0 - CUDA_VISIBLE_DEVICES: [0]
[I 2023-11-30 10:41:16,897] Trial 66 finished with value: 3.9280173778533936 and parameters: {'gradient_clip_val': 0.1477917987669619, 'hidden_size': 89, 'dropout': 0.16167920994499232, 'hidden_continuous_size': 31, 'attention_head_size': 4, 'learning_rate': 0.027717155464230266}. Best is trial 1 with value: 3.2046263217926025.
LOCAL_RANK: 0 - CUDA_VISIBLE_DEVICES: [0]
[I 2023-11-30 10:41:31,798] Trial 67 finished with value: 4.129461765289307 and parameters: {'gradient_clip_val': 0.10788392873935154, 'hidden_size': 111, 'dropout': 0.1548981296040439, 'hidden_continuous_size': 52, 'attention_head_size': 4, 'learning_rate': 0.013800042052466866}. Best is trial 1 with value: 3.2046263217926025.
LOCAL_RANK: 0 - CUDA_VISIBLE_DEVICES: [0]
[I 2023-11-30 10:41:47,057] Trial 68 finished with value: 3.8007280826568604 and parameters: {'gradient_clip_val': 0.12456874742596305, 'hidden_size': 139, 'dropout': 0.18636082541140625, 'hidden_continuous_size': 37, 'attention_head_size': 3, 'learning_rate': 0.04178855470926873}. Best is trial 1 with value: 3.2046263217926025.
LOCAL_RANK: 0 - CUDA_VISIBLE_DEVICES: [0]
[I 2023-11-30 10:42:02,612] Trial 69 finished with value: 3.8885765075683594 and parameters: {'gradient_clip_val': 0.18478361967499976, 'hidden_size': 149, 'dropout': 0.23819415856374843, 'hidden_continuous_size': 19, 'attention_head_size': 3, 'learning_rate': 0.023385477753038286}. Best is trial 1 with value: 3.2046263217926025.
LOCAL_RANK: 0 - CUDA_VISIBLE_DEVICES: [0]
[I 2023-11-30 10:42:17,336] Trial 70 finished with value: 3.4860541820526123 and parameters: {'gradient_clip_val': 0.1696779641523474, 'hidden_size': 96, 'dropout': 0.22030988446090385, 'hidden_continuous_size': 34, 'attention_head_size': 3, 'learning_rate': 0.03468885289046919}. Best is trial 1 with value: 3.2046263217926025.
LOCAL_RANK: 0 - CUDA_VISIBLE_DEVICES: [0]
[I 2023-11-30 10:42:32,167] Trial 71 finished with value: 3.80999493598938 and parameters: {'gradient_clip_val': 0.11748488989140776, 'hidden_size': 104, 'dropout': 0.23331263503846403, 'hidden_continuous_size': 26, 'attention_head_size': 4, 'learning_rate': 0.04120918054264538}. Best is trial 1 with value: 3.2046263217926025.
LOCAL_RANK: 0 - CUDA_VISIBLE_DEVICES: [0]
[I 2023-11-30 10:42:47,761] Trial 72 finished with value: 3.398402214050293 and parameters: {'gradient_clip_val': 0.12197845709364294, 'hidden_size': 119, 'dropout': 0.24656505729016437, 'hidden_continuous_size': 25, 'attention_head_size': 4, 'learning_rate': 0.030930259983536393}. Best is trial 1 with value: 3.2046263217926025.
LOCAL_RANK: 0 - CUDA_VISIBLE_DEVICES: [0]
[I 2023-11-30 10:43:03,167] Trial 73 finished with value: 4.12184476852417 and parameters: {'gradient_clip_val': 0.1063835557633711, 'hidden_size': 109, 'dropout': 0.23919884203429026, 'hidden_continuous_size': 29, 'attention_head_size': 4, 'learning_rate': 0.06940492234288234}. Best is trial 1 with value: 3.2046263217926025.
LOCAL_RANK: 0 - CUDA_VISIBLE_DEVICES: [0]
[I 2023-11-30 10:43:18,371] Trial 74 finished with value: 3.290390968322754 and parameters: {'gradient_clip_val': 0.1323504488941258, 'hidden_size': 100, 'dropout': 0.2532745954845223, 'hidden_continuous_size': 32, 'attention_head_size': 4, 'learning_rate': 0.04368847206931517}. Best is trial 1 with value: 3.2046263217926025.
LOCAL_RANK: 0 - CUDA_VISIBLE_DEVICES: [0]
[I 2023-11-30 10:43:33,599] Trial 75 finished with value: 3.9243907928466797 and parameters: {'gradient_clip_val': 0.1347675518649423, 'hidden_size': 130, 'dropout': 0.2529679491488806, 'hidden_continuous_size': 32, 'attention_head_size': 4, 'learning_rate': 0.0553134658080353}. Best is trial 1 with value: 3.2046263217926025.
LOCAL_RANK: 0 - CUDA_VISIBLE_DEVICES: [0]
[I 2023-11-30 10:43:48,325] Trial 76 finished with value: 3.471172332763672 and parameters: {'gradient_clip_val': 0.1451764095508934, 'hidden_size': 89, 'dropout': 0.20328339121235614, 'hidden_continuous_size': 31, 'attention_head_size': 4, 'learning_rate': 0.016191815860008632}. Best is trial 1 with value: 3.2046263217926025.
LOCAL_RANK: 0 - CUDA_VISIBLE_DEVICES: [0]
[I 2023-11-30 10:44:04,501] Trial 77 finished with value: 3.329692840576172 and parameters: {'gradient_clip_val': 0.15804129528051147, 'hidden_size': 121, 'dropout': 0.17031972541447019, 'hidden_continuous_size': 40, 'attention_head_size': 3, 'learning_rate': 0.03487584099212239}. Best is trial 1 with value: 3.2046263217926025.
LOCAL_RANK: 0 - CUDA_VISIBLE_DEVICES: [0]
[I 2023-11-30 10:44:19,415] Trial 78 finished with value: 3.5855705738067627 and parameters: {'gradient_clip_val': 0.15949083873664313, 'hidden_size': 73, 'dropout': 0.12753431994729192, 'hidden_continuous_size': 36, 'attention_head_size': 3, 'learning_rate': 0.03561793091301199}. Best is trial 1 with value: 3.2046263217926025.
LOCAL_RANK: 0 - CUDA_VISIBLE_DEVICES: [0]
[I 2023-11-30 10:44:34,708] Trial 79 finished with value: 4.569398403167725 and parameters: {'gradient_clip_val': 0.17977783711806475, 'hidden_size': 98, 'dropout': 0.265992379570944, 'hidden_continuous_size': 38, 'attention_head_size': 3, 'learning_rate': 0.027295708290733047}. Best is trial 1 with value: 3.2046263217926025.
LOCAL_RANK: 0 - CUDA_VISIBLE_DEVICES: [0]
[I 2023-11-30 10:44:49,976] Trial 80 finished with value: 3.6317451000213623 and parameters: {'gradient_clip_val': 0.2087250278716904, 'hidden_size': 123, 'dropout': 0.250002868673878, 'hidden_continuous_size': 46, 'attention_head_size': 3, 'learning_rate': 0.04289936723089258}. Best is trial 1 with value: 3.2046263217926025.
LOCAL_RANK: 0 - CUDA_VISIBLE_DEVICES: [0]
[I 2023-11-30 10:45:05,261] Trial 81 finished with value: 4.0128092765808105 and parameters: {'gradient_clip_val': 0.1320794574210879, 'hidden_size': 112, 'dropout': 0.17828176456325223, 'hidden_continuous_size': 28, 'attention_head_size': 3, 'learning_rate': 0.01999711335243325}. Best is trial 1 with value: 3.2046263217926025.
LOCAL_RANK: 0 - CUDA_VISIBLE_DEVICES: [0]
[I 2023-11-30 10:45:20,728] Trial 82 finished with value: 3.9531142711639404 and parameters: {'gradient_clip_val': 0.15061266203203807, 'hidden_size': 138, 'dropout': 0.1676735851939124, 'hidden_continuous_size': 33, 'attention_head_size': 3, 'learning_rate': 0.024160774489374728}. Best is trial 1 with value: 3.2046263217926025.
LOCAL_RANK: 0 - CUDA_VISIBLE_DEVICES: [0]
[I 2023-11-30 10:45:36,133] Trial 83 finished with value: 3.8605644702911377 and parameters: {'gradient_clip_val': 0.1621386147710985, 'hidden_size': 124, 'dropout': 0.14399039684456633, 'hidden_continuous_size': 41, 'attention_head_size': 2, 'learning_rate': 0.05104950588449703}. Best is trial 1 with value: 3.2046263217926025.
LOCAL_RANK: 0 - CUDA_VISIBLE_DEVICES: [0]
[I 2023-11-30 10:45:51,211] Trial 84 finished with value: 4.139167308807373 and parameters: {'gradient_clip_val': 0.1417214444070702, 'hidden_size': 144, 'dropout': 0.15922872221154946, 'hidden_continuous_size': 42, 'attention_head_size': 3, 'learning_rate': 0.02977402439773451}. Best is trial 1 with value: 3.2046263217926025.
LOCAL_RANK: 0 - CUDA_VISIBLE_DEVICES: [0]
[I 2023-11-30 10:46:06,599] Trial 85 finished with value: 3.714085817337036 and parameters: {'gradient_clip_val': 0.11299317234902312, 'hidden_size': 115, 'dropout': 0.17522753338808827, 'hidden_continuous_size': 40, 'attention_head_size': 4, 'learning_rate': 0.03404864529438724}. Best is trial 1 with value: 3.2046263217926025.
LOCAL_RANK: 0 - CUDA_VISIBLE_DEVICES: [0]
[I 2023-11-30 10:46:22,101] Trial 86 finished with value: 4.067963123321533 and parameters: {'gradient_clip_val': 0.1255655956309081, 'hidden_size': 134, 'dropout': 0.18966634746726466, 'hidden_continuous_size': 31, 'attention_head_size': 3, 'learning_rate': 0.04027424167651796}. Best is trial 1 with value: 3.2046263217926025.
LOCAL_RANK: 0 - CUDA_VISIBLE_DEVICES: [0]
[I 2023-11-30 10:46:37,004] Trial 87 finished with value: 3.365769386291504 and parameters: {'gradient_clip_val': 0.1040282861107288, 'hidden_size': 102, 'dropout': 0.15259925467450444, 'hidden_continuous_size': 34, 'attention_head_size': 2, 'learning_rate': 0.01844983026373113}. Best is trial 1 with value: 3.2046263217926025.
LOCAL_RANK: 0 - CUDA_VISIBLE_DEVICES: [0]
[I 2023-11-30 10:46:52,388] Trial 88 finished with value: 3.735342025756836 and parameters: {'gradient_clip_val': 0.17282014349904976, 'hidden_size': 81, 'dropout': 0.170201689843947, 'hidden_continuous_size': 36, 'attention_head_size': 3, 'learning_rate': 0.05881600576660158}. Best is trial 1 with value: 3.2046263217926025.
LOCAL_RANK: 0 - CUDA_VISIBLE_DEVICES: [0]
[I 2023-11-30 10:47:07,627] Trial 89 finished with value: 3.487079620361328 and parameters: {'gradient_clip_val': 0.12715070751172877, 'hidden_size': 128, 'dropout': 0.2006719569319368, 'hidden_continuous_size': 46, 'attention_head_size': 3, 'learning_rate': 0.0447690662212128}. Best is trial 1 with value: 3.2046263217926025.
LOCAL_RANK: 0 - CUDA_VISIBLE_DEVICES: [0]
[I 2023-11-30 10:47:23,795] Trial 90 finished with value: 3.8061821460723877 and parameters: {'gradient_clip_val': 0.1179878507774304, 'hidden_size': 150, 'dropout': 0.21612475282658872, 'hidden_continuous_size': 24, 'attention_head_size': 4, 'learning_rate': 0.021841104260012484}. Best is trial 1 with value: 3.2046263217926025.
LOCAL_RANK: 0 - CUDA_VISIBLE_DEVICES: [0]
[I 2023-11-30 10:47:38,092] Trial 91 finished with value: 4.443272113800049 and parameters: {'gradient_clip_val': 0.11375021526260655, 'hidden_size': 92, 'dropout': 0.1846394087223956, 'hidden_continuous_size': 28, 'attention_head_size': 4, 'learning_rate': 0.04907713333640164}. Best is trial 1 with value: 3.2046263217926025.
LOCAL_RANK: 0 - CUDA_VISIBLE_DEVICES: [0]
[I 2023-11-30 10:47:52,176] Trial 92 finished with value: 3.3103206157684326 and parameters: {'gradient_clip_val': 0.13725778256436688, 'hidden_size': 105, 'dropout': 0.2317494036248568, 'hidden_continuous_size': 39, 'attention_head_size': 4, 'learning_rate': 0.036821907047423864}. Best is trial 1 with value: 3.2046263217926025.
LOCAL_RANK: 0 - CUDA_VISIBLE_DEVICES: [0]
[I 2023-11-30 10:48:06,463] Trial 93 finished with value: 3.075242042541504 and parameters: {'gradient_clip_val': 0.1370643374473556, 'hidden_size': 118, 'dropout': 0.22656679889426484, 'hidden_continuous_size': 37, 'attention_head_size': 4, 'learning_rate': 0.029317606551474303}. Best is trial 93 with value: 3.075242042541504.
LOCAL_RANK: 0 - CUDA_VISIBLE_DEVICES: [0]
[I 2023-11-30 10:48:20,562] Trial 94 finished with value: 3.407210111618042 and parameters: {'gradient_clip_val': 0.15347793406520366, 'hidden_size': 111, 'dropout': 0.2301708813683958, 'hidden_continuous_size': 38, 'attention_head_size': 4, 'learning_rate': 0.028472186862911846}. Best is trial 93 with value: 3.075242042541504.
LOCAL_RANK: 0 - CUDA_VISIBLE_DEVICES: [0]
[I 2023-11-30 10:48:34,678] Trial 95 finished with value: 4.025009632110596 and parameters: {'gradient_clip_val': 0.14405374739155932, 'hidden_size': 119, 'dropout': 0.22704175090006432, 'hidden_continuous_size': 30, 'attention_head_size': 4, 'learning_rate': 0.033982597426200724}. Best is trial 93 with value: 3.075242042541504.
LOCAL_RANK: 0 - CUDA_VISIBLE_DEVICES: [0]
[I 2023-11-30 10:48:48,424] Trial 96 finished with value: 3.2721426486968994 and parameters: {'gradient_clip_val': 0.10005538105160687, 'hidden_size': 96, 'dropout': 0.23957407585728496, 'hidden_continuous_size': 33, 'attention_head_size': 4, 'learning_rate': 0.024988462153907563}. Best is trial 93 with value: 3.075242042541504.
LOCAL_RANK: 0 - CUDA_VISIBLE_DEVICES: [0]
[I 2023-11-30 10:49:02,430] Trial 97 finished with value: 4.188745975494385 and parameters: {'gradient_clip_val': 0.10037021061356094, 'hidden_size': 101, 'dropout': 0.243513769440659, 'hidden_continuous_size': 33, 'attention_head_size': 4, 'learning_rate': 0.0380046932875912}. Best is trial 93 with value: 3.075242042541504.
LOCAL_RANK: 0 - CUDA_VISIBLE_DEVICES: [0]
[I 2023-11-30 10:49:16,619] Trial 98 finished with value: 3.618927240371704 and parameters: {'gradient_clip_val': 0.10401046833757896, 'hidden_size': 97, 'dropout': 0.2573897271016932, 'hidden_continuous_size': 36, 'attention_head_size': 4, 'learning_rate': 0.025621419259560563}. Best is trial 93 with value: 3.075242042541504.
LOCAL_RANK: 0 - CUDA_VISIBLE_DEVICES: [0]
[I 2023-11-30 10:49:29,989] Trial 99 finished with value: 3.788067579269409 and parameters: {'gradient_clip_val': 0.11074482182403744, 'hidden_size': 84, 'dropout': 0.210169076638732, 'hidden_continuous_size': 30, 'attention_head_size': 1, 'learning_rate': 0.02921391699973042}. Best is trial 93 with value: 3.075242042541504.
LOCAL_RANK: 0 - CUDA_VISIBLE_DEVICES: [0]
[I 2023-11-30 10:49:44,022] Trial 100 finished with value: 3.714198350906372 and parameters: {'gradient_clip_val': 0.10776142927634186, 'hidden_size': 106, 'dropout': 0.21855115726836674, 'hidden_continuous_size': 34, 'attention_head_size': 4, 'learning_rate': 0.022714446382599854}. Best is trial 93 with value: 3.075242042541504.
LOCAL_RANK: 0 - CUDA_VISIBLE_DEVICES: [0]
[I 2023-11-30 10:49:57,975] Trial 101 finished with value: 3.9910080432891846 and parameters: {'gradient_clip_val': 0.12102725703147016, 'hidden_size': 118, 'dropout': 0.22909206431843196, 'hidden_continuous_size': 38, 'attention_head_size': 4, 'learning_rate': 0.03331285626277472}. Best is trial 93 with value: 3.075242042541504.
LOCAL_RANK: 0 - CUDA_VISIBLE_DEVICES: [0]
[I 2023-11-30 10:50:11,826] Trial 102 finished with value: 4.443098545074463 and parameters: {'gradient_clip_val': 0.1396159416579783, 'hidden_size': 93, 'dropout': 0.23825088980357328, 'hidden_continuous_size': 39, 'attention_head_size': 4, 'learning_rate': 0.03810431086276284}. Best is trial 93 with value: 3.075242042541504.
LOCAL_RANK: 0 - CUDA_VISIBLE_DEVICES: [0]
[I 2023-11-30 10:50:26,092] Trial 103 finished with value: 3.4316165447235107 and parameters: {'gradient_clip_val': 0.12778970763224112, 'hidden_size': 126, 'dropout': 0.2501974119579793, 'hidden_continuous_size': 32, 'attention_head_size': 3, 'learning_rate': 0.02526850956155406}. Best is trial 93 with value: 3.075242042541504.
LOCAL_RANK: 0 - CUDA_VISIBLE_DEVICES: [0]
