[I 2023-11-30 07:12:36,564] Trial 13 finished with value: 20.8262996673584 and parameters: {'gradient_clip_val': 0.5372339874094234, 'hidden_size': 67, 'dropout': 0.3554757504496764, 'hidden_continuous_size': 33, 'attention_head_size': 2, 'learning_rate': 0.03966371410556169}. Best is trial 10 with value: 13.74817180633545.
LOCAL_RANK: 0 - CUDA_VISIBLE_DEVICES: [0]
[I 2023-11-30 07:12:49,212] Trial 14 finished with value: 20.467817306518555 and parameters: {'gradient_clip_val': 0.7028452022719776, 'hidden_size': 41, 'dropout': 0.3552701281676517, 'hidden_continuous_size': 21, 'attention_head_size': 1, 'learning_rate': 0.030651712326726966}. Best is trial 10 with value: 13.74817180633545.
LOCAL_RANK: 0 - CUDA_VISIBLE_DEVICES: [0]
[I 2023-11-30 07:13:03,000] Trial 15 finished with value: 22.15117073059082 and parameters: {'gradient_clip_val': 0.37116404887892757, 'hidden_size': 73, 'dropout': 0.3423214458166648, 'hidden_continuous_size': 38, 'attention_head_size': 3, 'learning_rate': 0.05036970693519854}. Best is trial 10 with value: 13.74817180633545.
LOCAL_RANK: 0 - CUDA_VISIBLE_DEVICES: [0]
[I 2023-11-30 07:13:15,550] Trial 16 finished with value: 17.795557022094727 and parameters: {'gradient_clip_val': 0.4550276866008726, 'hidden_size': 38, 'dropout': 0.2484097540143395, 'hidden_continuous_size': 18, 'attention_head_size': 1, 'learning_rate': 0.01750771542194291}. Best is trial 10 with value: 13.74817180633545.
LOCAL_RANK: 0 - CUDA_VISIBLE_DEVICES: [0]
[I 2023-11-30 07:13:29,456] Trial 17 finished with value: 27.93859100341797 and parameters: {'gradient_clip_val': 0.7451460784182721, 'hidden_size': 105, 'dropout': 0.3948191696688967, 'hidden_continuous_size': 51, 'attention_head_size': 2, 'learning_rate': 0.05685857081725765}. Best is trial 10 with value: 13.74817180633545.
LOCAL_RANK: 0 - CUDA_VISIBLE_DEVICES: [0]
[I 2023-11-30 07:13:42,401] Trial 18 finished with value: 27.505735397338867 and parameters: {'gradient_clip_val': 0.9569471314130966, 'hidden_size': 52, 'dropout': 0.3368998707125255, 'hidden_continuous_size': 23, 'attention_head_size': 3, 'learning_rate': 0.0011139082469351245}. Best is trial 10 with value: 13.74817180633545.
LOCAL_RANK: 0 - CUDA_VISIBLE_DEVICES: [0]
[I 2023-11-30 07:13:54,962] Trial 19 finished with value: 21.07006072998047 and parameters: {'gradient_clip_val': 0.6092125064948406, 'hidden_size': 34, 'dropout': 0.36257660023328125, 'hidden_continuous_size': 23, 'attention_head_size': 1, 'learning_rate': 0.017478538201704853}. Best is trial 10 with value: 13.74817180633545.
LOCAL_RANK: 0 - CUDA_VISIBLE_DEVICES: [0]
[I 2023-11-30 07:14:07,039] Trial 20 finished with value: 20.664318084716797 and parameters: {'gradient_clip_val': 0.46889375572226155, 'hidden_size': 20, 'dropout': 0.32429593019515524, 'hidden_continuous_size': 13, 'attention_head_size': 2, 'learning_rate': 0.06080888243740002}. Best is trial 10 with value: 13.74817180633545.
LOCAL_RANK: 0 - CUDA_VISIBLE_DEVICES: [0]
[I 2023-11-30 07:14:19,855] Trial 21 finished with value: 20.556442260742188 and parameters: {'gradient_clip_val': 0.2750501191020954, 'hidden_size': 42, 'dropout': 0.25904464974340946, 'hidden_continuous_size': 18, 'attention_head_size': 3, 'learning_rate': 0.009499622884622503}. Best is trial 10 with value: 13.74817180633545.
LOCAL_RANK: 0 - CUDA_VISIBLE_DEVICES: [0]
[I 2023-11-30 07:14:32,052] Trial 22 finished with value: 22.70923614501953 and parameters: {'gradient_clip_val': 0.2401969209076168, 'hidden_size': 21, 'dropout': 0.3732682499697627, 'hidden_continuous_size': 13, 'attention_head_size': 3, 'learning_rate': 0.02806172923276376}. Best is trial 10 with value: 13.74817180633545.
LOCAL_RANK: 0 - CUDA_VISIBLE_DEVICES: [0]
[I 2023-11-30 07:14:44,523] Trial 23 finished with value: 19.31342315673828 and parameters: {'gradient_clip_val': 0.405056833159238, 'hidden_size': 29, 'dropout': 0.32676087215299715, 'hidden_continuous_size': 18, 'attention_head_size': 3, 'learning_rate': 0.0053501104258579695}. Best is trial 10 with value: 13.74817180633545.
LOCAL_RANK: 0 - CUDA_VISIBLE_DEVICES: [0]
[I 2023-11-30 07:14:57,249] Trial 24 finished with value: 19.170400619506836 and parameters: {'gradient_clip_val': 0.7573564883765144, 'hidden_size': 48, 'dropout': 0.3487652195568576, 'hidden_continuous_size': 29, 'attention_head_size': 2, 'learning_rate': 0.013542809801169457}. Best is trial 10 with value: 13.74817180633545.
LOCAL_RANK: 0 - CUDA_VISIBLE_DEVICES: [0]
[I 2023-11-30 07:15:10,155] Trial 25 finished with value: 21.7387752532959 and parameters: {'gradient_clip_val': 0.572713975185638, 'hidden_size': 35, 'dropout': 0.37318456193902944, 'hidden_continuous_size': 20, 'attention_head_size': 3, 'learning_rate': 0.0358020539556594}. Best is trial 10 with value: 13.74817180633545.
LOCAL_RANK: 0 - CUDA_VISIBLE_DEVICES: [0]
[I 2023-11-30 07:15:23,440] Trial 26 finished with value: 22.284780502319336 and parameters: {'gradient_clip_val': 0.3071666863509773, 'hidden_size': 66, 'dropout': 0.3184754874394018, 'hidden_continuous_size': 31, 'attention_head_size': 1, 'learning_rate': 0.021818496853032637}. Best is trial 10 with value: 13.74817180633545.
LOCAL_RANK: 0 - CUDA_VISIBLE_DEVICES: [0]
[I 2023-11-30 07:15:35,587] Trial 27 finished with value: 19.197444915771484 and parameters: {'gradient_clip_val': 0.8453298812610266, 'hidden_size': 17, 'dropout': 0.3734415898432945, 'hidden_continuous_size': 14, 'attention_head_size': 2, 'learning_rate': 0.012231908428109924}. Best is trial 10 with value: 13.74817180633545.
LOCAL_RANK: 0 - CUDA_VISIBLE_DEVICES: [0]
[I 2023-11-30 07:15:47,809] Trial 28 finished with value: 17.486188888549805 and parameters: {'gradient_clip_val': 0.6282086772191556, 'hidden_size': 32, 'dropout': 0.3994592472934348, 'hidden_continuous_size': 16, 'attention_head_size': 3, 'learning_rate': 0.0058588052497979244}. Best is trial 10 with value: 13.74817180633545.
LOCAL_RANK: 0 - CUDA_VISIBLE_DEVICES: [0]
[I 2023-11-30 07:16:00,432] Trial 29 finished with value: 19.516019821166992 and parameters: {'gradient_clip_val': 0.7816830231086027, 'hidden_size': 44, 'dropout': 0.2726254815085941, 'hidden_continuous_size': 25, 'attention_head_size': 2, 'learning_rate': 0.008319608865020029}. Best is trial 10 with value: 13.74817180633545.
LOCAL_RANK: 0 - CUDA_VISIBLE_DEVICES: [0]
[I 2023-11-30 07:16:13,268] Trial 30 finished with value: 17.166473388671875 and parameters: {'gradient_clip_val': 0.413013712640711, 'hidden_size': 37, 'dropout': 0.2953909669782602, 'hidden_continuous_size': 24, 'attention_head_size': 1, 'learning_rate': 0.004357334638850693}. Best is trial 10 with value: 13.74817180633545.
LOCAL_RANK: 0 - CUDA_VISIBLE_DEVICES: [0]
[I 2023-11-30 07:16:25,841] Trial 31 finished with value: 21.286664962768555 and parameters: {'gradient_clip_val': 0.4158825352327273, 'hidden_size': 38, 'dropout': 0.2983622568873094, 'hidden_continuous_size': 23, 'attention_head_size': 1, 'learning_rate': 0.003634832267125194}. Best is trial 10 with value: 13.74817180633545.
LOCAL_RANK: 0 - CUDA_VISIBLE_DEVICES: [0]
[I 2023-11-30 07:16:37,711] Trial 32 finished with value: 17.81239128112793 and parameters: {'gradient_clip_val': 0.486977833091597, 'hidden_size': 24, 'dropout': 0.28768471740229223, 'hidden_continuous_size': 15, 'attention_head_size': 1, 'learning_rate': 0.004900918450382855}. Best is trial 10 with value: 13.74817180633545.
LOCAL_RANK: 0 - CUDA_VISIBLE_DEVICES: [0]
[I 2023-11-30 07:16:50,085] Trial 33 finished with value: 18.958852767944336 and parameters: {'gradient_clip_val': 0.5374317785650271, 'hidden_size': 31, 'dropout': 0.27143929571612724, 'hidden_continuous_size': 20, 'attention_head_size': 1, 'learning_rate': 0.007192570054899494}. Best is trial 10 with value: 13.74817180633545.
LOCAL_RANK: 0 - CUDA_VISIBLE_DEVICES: [0]
[I 2023-11-30 07:17:02,934] Trial 34 finished with value: 14.0481538772583 and parameters: {'gradient_clip_val': 0.19617320768191815, 'hidden_size': 46, 'dropout': 0.31393941755706933, 'hidden_continuous_size': 25, 'attention_head_size': 2, 'learning_rate': 0.0046485952579452}. Best is trial 10 with value: 13.74817180633545.
LOCAL_RANK: 0 - CUDA_VISIBLE_DEVICES: [0]
[I 2023-11-30 07:17:16,038] Trial 35 finished with value: 21.97359275817871 and parameters: {'gradient_clip_val': 0.20188973117194112, 'hidden_size': 47, 'dropout': 0.3114595159682068, 'hidden_continuous_size': 24, 'attention_head_size': 2, 'learning_rate': 0.008506182184714136}. Best is trial 10 with value: 13.74817180633545.
LOCAL_RANK: 0 - CUDA_VISIBLE_DEVICES: [0]
[I 2023-11-30 07:17:29,094] Trial 36 finished with value: 18.13722801208496 and parameters: {'gradient_clip_val': 0.21557780278976385, 'hidden_size': 53, 'dropout': 0.3330761333566159, 'hidden_continuous_size': 26, 'attention_head_size': 2, 'learning_rate': 0.003573223676212542}. Best is trial 10 with value: 13.74817180633545.
LOCAL_RANK: 0 - CUDA_VISIBLE_DEVICES: [0]
[I 2023-11-30 07:17:42,495] Trial 37 finished with value: 20.770586013793945 and parameters: {'gradient_clip_val': 0.1769549529156162, 'hidden_size': 59, 'dropout': 0.2346439718237576, 'hidden_continuous_size': 33, 'attention_head_size': 2, 'learning_rate': 0.012436592553458371}. Best is trial 10 with value: 13.74817180633545.
LOCAL_RANK: 0 - CUDA_VISIBLE_DEVICES: [0]
[I 2023-11-30 07:17:55,204] Trial 38 finished with value: 22.034421920776367 and parameters: {'gradient_clip_val': 0.33577388960928245, 'hidden_size': 44, 'dropout': 0.30835556308821244, 'hidden_continuous_size': 28, 'attention_head_size': 3, 'learning_rate': 0.006936162363975053}. Best is trial 10 with value: 13.74817180633545.
LOCAL_RANK: 0 - CUDA_VISIBLE_DEVICES: [0]
[I 2023-11-30 07:18:07,590] Trial 39 finished with value: 19.914011001586914 and parameters: {'gradient_clip_val': 0.16640230430790418, 'hidden_size': 27, 'dropout': 0.34191244720046365, 'hidden_continuous_size': 22, 'attention_head_size': 2, 'learning_rate': 0.0809200477041812}. Best is trial 10 with value: 13.74817180633545.
LOCAL_RANK: 0 - CUDA_VISIBLE_DEVICES: [0]
[I 2023-11-30 07:18:19,759] Trial 40 finished with value: 35.554256439208984 and parameters: {'gradient_clip_val': 0.27583140132792583, 'hidden_size': 24, 'dropout': 0.3191053812518832, 'hidden_continuous_size': 16, 'attention_head_size': 4, 'learning_rate': 0.002349154599240958}. Best is trial 10 with value: 13.74817180633545.
LOCAL_RANK: 0 - CUDA_VISIBLE_DEVICES: [0]
[I 2023-11-30 07:18:32,356] Trial 41 finished with value: 17.20476722717285 and parameters: {'gradient_clip_val': 0.3758550128856788, 'hidden_size': 38, 'dropout': 0.2946059023795892, 'hidden_continuous_size': 25, 'attention_head_size': 1, 'learning_rate': 0.004648569148096172}. Best is trial 10 with value: 13.74817180633545.
LOCAL_RANK: 0 - CUDA_VISIBLE_DEVICES: [0]
[I 2023-11-30 07:18:44,639] Trial 42 finished with value: 17.92519187927246 and parameters: {'gradient_clip_val': 0.6288170943959563, 'hidden_size': 32, 'dropout': 0.3022371888368657, 'hidden_continuous_size': 25, 'attention_head_size': 1, 'learning_rate': 0.004131787546818788}. Best is trial 10 with value: 13.74817180633545.
LOCAL_RANK: 0 - CUDA_VISIBLE_DEVICES: [0]
[I 2023-11-30 07:18:57,323] Trial 43 finished with value: 21.007890701293945 and parameters: {'gradient_clip_val': 0.521426602900352, 'hidden_size': 34, 'dropout': 0.2804501556997169, 'hidden_continuous_size': 22, 'attention_head_size': 2, 'learning_rate': 0.006229574274131646}. Best is trial 10 with value: 13.74817180633545.
LOCAL_RANK: 0 - CUDA_VISIBLE_DEVICES: [0]
[I 2023-11-30 07:19:09,849] Trial 44 finished with value: 20.287397384643555 and parameters: {'gradient_clip_val': 0.4396456332377979, 'hidden_size': 44, 'dropout': 0.31025139529505047, 'hidden_continuous_size': 27, 'attention_head_size': 1, 'learning_rate': 0.0035962349936883016}. Best is trial 10 with value: 13.74817180633545.
LOCAL_RANK: 0 - CUDA_VISIBLE_DEVICES: [0]
[I 2023-11-30 07:19:22,760] Trial 45 finished with value: 22.25000762939453 and parameters: {'gradient_clip_val': 0.8431987498923526, 'hidden_size': 37, 'dropout': 0.3330859922783529, 'hidden_continuous_size': 24, 'attention_head_size': 2, 'learning_rate': 0.002988333872879326}. Best is trial 10 with value: 13.74817180633545.
LOCAL_RANK: 0 - CUDA_VISIBLE_DEVICES: [0]
[I 2023-11-30 07:19:35,614] Trial 46 finished with value: 19.336803436279297 and parameters: {'gradient_clip_val': 0.6950046445171033, 'hidden_size': 57, 'dropout': 0.28690923275009744, 'hidden_continuous_size': 10, 'attention_head_size': 3, 'learning_rate': 0.005378151068244644}. Best is trial 10 with value: 13.74817180633545.
LOCAL_RANK: 0 - CUDA_VISIBLE_DEVICES: [0]
[I 2023-11-30 07:19:48,080] Trial 47 finished with value: 20.012081146240234 and parameters: {'gradient_clip_val': 0.3873400875887128, 'hidden_size': 40, 'dropout': 0.3602716801288751, 'hidden_continuous_size': 21, 'attention_head_size': 1, 'learning_rate': 0.010520249188829562}. Best is trial 10 with value: 13.74817180633545.
LOCAL_RANK: 0 - CUDA_VISIBLE_DEVICES: [0]
[I 2023-11-30 07:20:01,104] Trial 48 finished with value: 18.771520614624023 and parameters: {'gradient_clip_val': 0.48774396561595523, 'hidden_size': 49, 'dropout': 0.3849258557175786, 'hidden_continuous_size': 19, 'attention_head_size': 4, 'learning_rate': 0.007690767584471397}. Best is trial 10 with value: 13.74817180633545.
LOCAL_RANK: 0 - CUDA_VISIBLE_DEVICES: [0]
[I 2023-11-30 07:20:13,382] Trial 49 finished with value: 20.04443359375 and parameters: {'gradient_clip_val': 0.999147951974214, 'hidden_size': 29, 'dropout': 0.34590931034844447, 'hidden_continuous_size': 17, 'attention_head_size': 1, 'learning_rate': 0.04465906909270228}. Best is trial 10 with value: 13.74817180633545.
LOCAL_RANK: 0 - CUDA_VISIBLE_DEVICES: [0]
[I 2023-11-30 07:20:26,935] Trial 50 finished with value: 21.485219955444336 and parameters: {'gradient_clip_val': 0.36612860972627775, 'hidden_size': 84, 'dropout': 0.32482754271734476, 'hidden_continuous_size': 30, 'attention_head_size': 2, 'learning_rate': 0.06969546022541268}. Best is trial 10 with value: 13.74817180633545.
LOCAL_RANK: 0 - CUDA_VISIBLE_DEVICES: [0]
[I 2023-11-30 07:20:39,789] Trial 51 finished with value: 16.20036506652832 and parameters: {'gradient_clip_val': 0.38003340938241664, 'hidden_size': 39, 'dropout': 0.297445043216377, 'hidden_continuous_size': 26, 'attention_head_size': 1, 'learning_rate': 0.004645188821501764}. Best is trial 10 with value: 13.74817180633545.
LOCAL_RANK: 0 - CUDA_VISIBLE_DEVICES: [0]
[I 2023-11-30 07:20:52,267] Trial 52 finished with value: 16.811370849609375 and parameters: {'gradient_clip_val': 0.4176875579021975, 'hidden_size': 36, 'dropout': 0.30030220839445304, 'hidden_continuous_size': 27, 'attention_head_size': 1, 'learning_rate': 0.004451090837504463}. Best is trial 10 with value: 13.74817180633545.
LOCAL_RANK: 0 - CUDA_VISIBLE_DEVICES: [0]
[I 2023-11-30 07:21:05,035] Trial 53 finished with value: 21.10017967224121 and parameters: {'gradient_clip_val': 0.34162181049486384, 'hidden_size': 43, 'dropout': 0.3117530074554154, 'hidden_continuous_size': 27, 'attention_head_size': 1, 'learning_rate': 0.0061601997566200105}. Best is trial 10 with value: 13.74817180633545.
LOCAL_RANK: 0 - CUDA_VISIBLE_DEVICES: [0]
[I 2023-11-30 07:21:18,126] Trial 54 finished with value: 25.38874626159668 and parameters: {'gradient_clip_val': 0.42822167468948824, 'hidden_size': 53, 'dropout': 0.27540107557920335, 'hidden_continuous_size': 29, 'attention_head_size': 1, 'learning_rate': 0.09971759536356462}. Best is trial 10 with value: 13.74817180633545.
LOCAL_RANK: 0 - CUDA_VISIBLE_DEVICES: [0]
[I 2023-11-30 07:21:31,149] Trial 55 finished with value: 18.77627182006836 and parameters: {'gradient_clip_val': 0.5627915522752902, 'hidden_size': 33, 'dropout': 0.3317095769879382, 'hidden_continuous_size': 26, 'attention_head_size': 3, 'learning_rate': 0.050275685491153445}. Best is trial 10 with value: 13.74817180633545.
LOCAL_RANK: 0 - CUDA_VISIBLE_DEVICES: [0]
[I 2023-11-30 07:21:43,497] Trial 56 finished with value: 17.562789916992188 and parameters: {'gradient_clip_val': 0.46826100245352226, 'hidden_size': 40, 'dropout': 0.35332549235300126, 'hidden_continuous_size': 22, 'attention_head_size': 1, 'learning_rate': 0.005708780958053371}. Best is trial 10 with value: 13.74817180633545.
LOCAL_RANK: 0 - CUDA_VISIBLE_DEVICES: [0]
[I 2023-11-30 07:21:56,435] Trial 57 finished with value: 17.07371711730957 and parameters: {'gradient_clip_val': 0.3124961156506586, 'hidden_size': 46, 'dropout': 0.2636865631305868, 'hidden_continuous_size': 31, 'attention_head_size': 2, 'learning_rate': 0.007140836451360427}. Best is trial 10 with value: 13.74817180633545.
LOCAL_RANK: 0 - CUDA_VISIBLE_DEVICES: [0]
[I 2023-11-30 07:22:09,699] Trial 58 finished with value: 21.482620239257812 and parameters: {'gradient_clip_val': 0.5081604553372704, 'hidden_size': 61, 'dropout': 0.2909111829752571, 'hidden_continuous_size': 35, 'attention_head_size': 1, 'learning_rate': 0.02701781718049257}. Best is trial 10 with value: 13.74817180633545.
LOCAL_RANK: 0 - CUDA_VISIBLE_DEVICES: [0]
[I 2023-11-30 07:22:22,775] Trial 59 finished with value: 18.026365280151367 and parameters: {'gradient_clip_val': 0.6631758835516492, 'hidden_size': 51, 'dropout': 0.2456850872924081, 'hidden_continuous_size': 28, 'attention_head_size': 3, 'learning_rate': 0.009140249547124321}. Best is trial 10 with value: 13.74817180633545.
LOCAL_RANK: 0 - CUDA_VISIBLE_DEVICES: [0]
[I 2023-11-30 07:22:35,467] Trial 60 finished with value: 19.544397354125977 and parameters: {'gradient_clip_val': 0.44114276013155007, 'hidden_size': 29, 'dropout': 0.3390023040700167, 'hidden_continuous_size': 25, 'attention_head_size': 2, 'learning_rate': 0.01557352333551867}. Best is trial 10 with value: 13.74817180633545.
LOCAL_RANK: 0 - CUDA_VISIBLE_DEVICES: [0]
[I 2023-11-30 07:22:48,466] Trial 61 finished with value: 14.978304862976074 and parameters: {'gradient_clip_val': 0.2826220810268851, 'hidden_size': 47, 'dropout': 0.26769463102629937, 'hidden_continuous_size': 31, 'attention_head_size': 2, 'learning_rate': 0.007217629804033966}. Best is trial 10 with value: 13.74817180633545.
LOCAL_RANK: 0 - CUDA_VISIBLE_DEVICES: [0]
[I 2023-11-30 07:23:01,181] Trial 62 finished with value: 19.903339385986328 and parameters: {'gradient_clip_val': 0.2752638298507038, 'hidden_size': 35, 'dropout': 0.282457434479538, 'hidden_continuous_size': 26, 'attention_head_size': 2, 'learning_rate': 0.01000341708114983}. Best is trial 10 with value: 13.74817180633545.
LOCAL_RANK: 0 - CUDA_VISIBLE_DEVICES: [0]
[I 2023-11-30 07:23:13,976] Trial 63 finished with value: 24.034345626831055 and parameters: {'gradient_clip_val': 0.29618450359684645, 'hidden_size': 41, 'dropout': 0.30115668028760856, 'hidden_continuous_size': 29, 'attention_head_size': 2, 'learning_rate': 0.00803518536777402}. Best is trial 10 with value: 13.74817180633545.
LOCAL_RANK: 0 - CUDA_VISIBLE_DEVICES: [0]
[I 2023-11-30 07:23:26,743] Trial 64 finished with value: 19.54298973083496 and parameters: {'gradient_clip_val': 0.350289905527262, 'hidden_size': 48, 'dropout': 0.31920201807142834, 'hidden_continuous_size': 31, 'attention_head_size': 1, 'learning_rate': 0.005477827261172357}. Best is trial 10 with value: 13.74817180633545.
LOCAL_RANK: 0 - CUDA_VISIBLE_DEVICES: [0]
[I 2023-11-30 07:23:39,786] Trial 65 finished with value: 20.854753494262695 and parameters: {'gradient_clip_val': 0.32934338174420946, 'hidden_size': 55, 'dropout': 0.2684051606137879, 'hidden_continuous_size': 23, 'attention_head_size': 2, 'learning_rate': 0.00470963455821878}. Best is trial 10 with value: 13.74817180633545.
LOCAL_RANK: 0 - CUDA_VISIBLE_DEVICES: [0]
[I 2023-11-30 07:23:53,461] Trial 66 finished with value: 19.514833450317383 and parameters: {'gradient_clip_val': 0.409004002561022, 'hidden_size': 66, 'dropout': 0.28206418596667054, 'hidden_continuous_size': 38, 'attention_head_size': 3, 'learning_rate': 0.037133559016613145}. Best is trial 10 with value: 13.74817180633545.
LOCAL_RANK: 0 - CUDA_VISIBLE_DEVICES: [0]
[I 2023-11-30 07:24:06,295] Trial 67 finished with value: 21.027912139892578 and parameters: {'gradient_clip_val': 0.9095309752885204, 'hidden_size': 47, 'dropout': 0.257020758279745, 'hidden_continuous_size': 28, 'attention_head_size': 1, 'learning_rate': 0.006425233827424865}. Best is trial 10 with value: 13.74817180633545.
LOCAL_RANK: 0 - CUDA_VISIBLE_DEVICES: [0]
[I 2023-11-30 07:24:18,860] Trial 68 finished with value: 17.776996612548828 and parameters: {'gradient_clip_val': 0.24693215360802945, 'hidden_size': 35, 'dropout': 0.3064389916077837, 'hidden_continuous_size': 26, 'attention_head_size': 2, 'learning_rate': 0.021600562643128863}. Best is trial 10 with value: 13.74817180633545.
LOCAL_RANK: 0 - CUDA_VISIBLE_DEVICES: [0]
[I 2023-11-30 07:24:31,398] Trial 69 finished with value: 19.803380966186523 and parameters: {'gradient_clip_val': 0.5745844033889791, 'hidden_size': 37, 'dropout': 0.2995049362808623, 'hidden_continuous_size': 12, 'attention_head_size': 2, 'learning_rate': 0.004277878584637572}. Best is trial 10 with value: 13.74817180633545.
LOCAL_RANK: 0 - CUDA_VISIBLE_DEVICES: [0]
[I 2023-11-30 07:24:44,033] Trial 70 finished with value: 18.63951301574707 and parameters: {'gradient_clip_val': 0.4627192823699286, 'hidden_size': 31, 'dropout': 0.36766088177697615, 'hidden_continuous_size': 27, 'attention_head_size': 3, 'learning_rate': 0.011023641603518588}. Best is trial 10 with value: 13.74817180633545.
LOCAL_RANK: 0 - CUDA_VISIBLE_DEVICES: [0]
[I 2023-11-30 07:24:57,079] Trial 71 finished with value: 18.938039779663086 and parameters: {'gradient_clip_val': 0.3213468882984902, 'hidden_size': 47, 'dropout': 0.2654562081738021, 'hidden_continuous_size': 31, 'attention_head_size': 2, 'learning_rate': 0.007156583194204115}. Best is trial 10 with value: 13.74817180633545.
LOCAL_RANK: 0 - CUDA_VISIBLE_DEVICES: [0]
