[I 2023-11-29 20:46:26,476] Trial 22 finished with value: 0.1853824257850647 and parameters: {'gradient_clip_val': 0.4778599295892866, 'hidden_size': 84, 'dropout': 0.1623324281328713, 'hidden_continuous_size': 34, 'attention_head_size': 1, 'learning_rate': 0.02155296125519502}. Best is trial 4 with value: 0.06517263501882553.
LOCAL_RANK: 0 - CUDA_VISIBLE_DEVICES: [0]
[I 2023-11-29 20:46:39,745] Trial 23 finished with value: 0.08180618286132812 and parameters: {'gradient_clip_val': 0.31044945106985067, 'hidden_size': 71, 'dropout': 0.12999987840028565, 'hidden_continuous_size': 31, 'attention_head_size': 1, 'learning_rate': 0.03835698356593371}. Best is trial 4 with value: 0.06517263501882553.
LOCAL_RANK: 0 - CUDA_VISIBLE_DEVICES: [0]
[I 2023-11-29 20:46:53,459] Trial 24 finished with value: 0.09454649686813354 and parameters: {'gradient_clip_val': 0.3024910573660614, 'hidden_size': 109, 'dropout': 0.13527608710427153, 'hidden_continuous_size': 27, 'attention_head_size': 1, 'learning_rate': 0.08493609615446979}. Best is trial 4 with value: 0.06517263501882553.
LOCAL_RANK: 0 - CUDA_VISIBLE_DEVICES: [0]
[I 2023-11-29 20:47:06,759] Trial 25 finished with value: 0.29937711358070374 and parameters: {'gradient_clip_val': 0.3190606788102488, 'hidden_size': 65, 'dropout': 0.12079286190353578, 'hidden_continuous_size': 23, 'attention_head_size': 1, 'learning_rate': 0.04114924400676208}. Best is trial 4 with value: 0.06517263501882553.
LOCAL_RANK: 0 - CUDA_VISIBLE_DEVICES: [0]
[I 2023-11-29 20:47:19,942] Trial 26 finished with value: 0.08551301807165146 and parameters: {'gradient_clip_val': 0.20647642491605583, 'hidden_size': 56, 'dropout': 0.18494247941492972, 'hidden_continuous_size': 30, 'attention_head_size': 2, 'learning_rate': 0.06974600468933084}. Best is trial 4 with value: 0.06517263501882553.
LOCAL_RANK: 0 - CUDA_VISIBLE_DEVICES: [0]
[I 2023-11-29 20:47:33,681] Trial 27 finished with value: 0.29830202460289 and parameters: {'gradient_clip_val': 0.13695691093142479, 'hidden_size': 81, 'dropout': 0.12937682539070447, 'hidden_continuous_size': 41, 'attention_head_size': 1, 'learning_rate': 0.04330250181904247}. Best is trial 4 with value: 0.06517263501882553.
LOCAL_RANK: 0 - CUDA_VISIBLE_DEVICES: [0]
[I 2023-11-29 20:47:47,115] Trial 28 finished with value: 0.31466934084892273 and parameters: {'gradient_clip_val': 0.4272528065059494, 'hidden_size': 69, 'dropout': 0.19358463434680245, 'hidden_continuous_size': 30, 'attention_head_size': 2, 'learning_rate': 0.020574701826301327}. Best is trial 4 with value: 0.06517263501882553.
LOCAL_RANK: 0 - CUDA_VISIBLE_DEVICES: [0]
[I 2023-11-29 20:48:00,090] Trial 29 finished with value: 0.27000197768211365 and parameters: {'gradient_clip_val': 0.8704711896580284, 'hidden_size': 53, 'dropout': 0.15837704272700082, 'hidden_continuous_size': 25, 'attention_head_size': 1, 'learning_rate': 0.04703308094839727}. Best is trial 4 with value: 0.06517263501882553.
LOCAL_RANK: 0 - CUDA_VISIBLE_DEVICES: [0]
[I 2023-11-29 20:48:13,902] Trial 30 finished with value: 1.0905014276504517 and parameters: {'gradient_clip_val': 0.13384476946976312, 'hidden_size': 120, 'dropout': 0.11788161210512627, 'hidden_continuous_size': 48, 'attention_head_size': 1, 'learning_rate': 0.0720179523183816}. Best is trial 4 with value: 0.06517263501882553.
LOCAL_RANK: 0 - CUDA_VISIBLE_DEVICES: [0]
[I 2023-11-29 20:48:27,521] Trial 31 finished with value: 0.08332012593746185 and parameters: {'gradient_clip_val': 0.2126306093099273, 'hidden_size': 90, 'dropout': 0.18051514658555717, 'hidden_continuous_size': 31, 'attention_head_size': 2, 'learning_rate': 0.0692106523161909}. Best is trial 4 with value: 0.06517263501882553.
LOCAL_RANK: 0 - CUDA_VISIBLE_DEVICES: [0]
[I 2023-11-29 20:48:41,376] Trial 32 finished with value: 0.07643906027078629 and parameters: {'gradient_clip_val': 0.2292500981832715, 'hidden_size': 88, 'dropout': 0.170446613781705, 'hidden_continuous_size': 36, 'attention_head_size': 2, 'learning_rate': 0.04634502040476077}. Best is trial 4 with value: 0.06517263501882553.
LOCAL_RANK: 0 - CUDA_VISIBLE_DEVICES: [0]
[I 2023-11-29 20:48:54,878] Trial 33 finished with value: 0.354568213224411 and parameters: {'gradient_clip_val': 0.3058929501149072, 'hidden_size': 75, 'dropout': 0.13562203264770667, 'hidden_continuous_size': 36, 'attention_head_size': 2, 'learning_rate': 0.03359512037439416}. Best is trial 4 with value: 0.06517263501882553.
LOCAL_RANK: 0 - CUDA_VISIBLE_DEVICES: [0]
[I 2023-11-29 20:49:08,772] Trial 34 finished with value: 0.18032784759998322 and parameters: {'gradient_clip_val': 0.35446886870689026, 'hidden_size': 118, 'dropout': 0.176144044090406, 'hidden_continuous_size': 21, 'attention_head_size': 3, 'learning_rate': 0.04382490777853922}. Best is trial 4 with value: 0.06517263501882553.
LOCAL_RANK: 0 - CUDA_VISIBLE_DEVICES: [0]
[I 2023-11-29 20:49:22,532] Trial 35 finished with value: 0.09009208530187607 and parameters: {'gradient_clip_val': 0.24320130107181262, 'hidden_size': 95, 'dropout': 0.16281197350502785, 'hidden_continuous_size': 37, 'attention_head_size': 2, 'learning_rate': 0.09485561936200895}. Best is trial 4 with value: 0.06517263501882553.
LOCAL_RANK: 0 - CUDA_VISIBLE_DEVICES: [0]
[I 2023-11-29 20:49:35,949] Trial 36 finished with value: 0.10411396622657776 and parameters: {'gradient_clip_val': 0.6274454325940784, 'hidden_size': 71, 'dropout': 0.1673026243003543, 'hidden_continuous_size': 29, 'attention_head_size': 2, 'learning_rate': 0.0525476695396916}. Best is trial 4 with value: 0.06517263501882553.
LOCAL_RANK: 0 - CUDA_VISIBLE_DEVICES: [0]
[I 2023-11-29 20:49:49,881] Trial 37 finished with value: 0.21498630940914154 and parameters: {'gradient_clip_val': 0.18352556249100915, 'hidden_size': 89, 'dropout': 0.20146664665508746, 'hidden_continuous_size': 43, 'attention_head_size': 1, 'learning_rate': 0.029849895114957534}. Best is trial 4 with value: 0.06517263501882553.
LOCAL_RANK: 0 - CUDA_VISIBLE_DEVICES: [0]
[I 2023-11-29 20:50:03,927] Trial 38 finished with value: 0.13365982472896576 and parameters: {'gradient_clip_val': 0.7473498322257863, 'hidden_size': 117, 'dropout': 0.1471138154668181, 'hidden_continuous_size': 49, 'attention_head_size': 2, 'learning_rate': 0.04871545806556223}. Best is trial 4 with value: 0.06517263501882553.
LOCAL_RANK: 0 - CUDA_VISIBLE_DEVICES: [0]
[I 2023-11-29 20:50:17,400] Trial 39 finished with value: 0.48896336555480957 and parameters: {'gradient_clip_val': 0.9987929210744123, 'hidden_size': 62, 'dropout': 0.17681877314560457, 'hidden_continuous_size': 32, 'attention_head_size': 3, 'learning_rate': 0.07319440148544851}. Best is trial 4 with value: 0.06517263501882553.
LOCAL_RANK: 0 - CUDA_VISIBLE_DEVICES: [0]
[I 2023-11-29 20:50:31,012] Trial 40 finished with value: 0.09169137477874756 and parameters: {'gradient_clip_val': 0.2425835369318762, 'hidden_size': 79, 'dropout': 0.23260415881354896, 'hidden_continuous_size': 36, 'attention_head_size': 2, 'learning_rate': 0.027311454083066}. Best is trial 4 with value: 0.06517263501882553.
LOCAL_RANK: 0 - CUDA_VISIBLE_DEVICES: [0]
[I 2023-11-29 20:50:44,864] Trial 41 finished with value: 0.8396058082580566 and parameters: {'gradient_clip_val': 0.203278591845943, 'hidden_size': 94, 'dropout': 0.17467223942677698, 'hidden_continuous_size': 31, 'attention_head_size': 2, 'learning_rate': 0.07223941116158261}. Best is trial 4 with value: 0.06517263501882553.
LOCAL_RANK: 0 - CUDA_VISIBLE_DEVICES: [0]
[I 2023-11-29 20:50:58,668] Trial 42 finished with value: 0.12644942104816437 and parameters: {'gradient_clip_val': 0.22635339271482544, 'hidden_size': 95, 'dropout': 0.20241038329382968, 'hidden_continuous_size': 27, 'attention_head_size': 2, 'learning_rate': 0.05962086925342716}. Best is trial 4 with value: 0.06517263501882553.
LOCAL_RANK: 0 - CUDA_VISIBLE_DEVICES: [0]
[I 2023-11-29 20:51:12,044] Trial 43 finished with value: 0.20367233455181122 and parameters: {'gradient_clip_val': 0.26865384406595505, 'hidden_size': 70, 'dropout': 0.14681234658915915, 'hidden_continuous_size': 32, 'attention_head_size': 2, 'learning_rate': 0.03971592704137269}. Best is trial 4 with value: 0.06517263501882553.
LOCAL_RANK: 0 - CUDA_VISIBLE_DEVICES: [0]
[I 2023-11-29 20:51:25,745] Trial 44 finished with value: 0.09042824059724808 and parameters: {'gradient_clip_val': 0.1720925634153026, 'hidden_size': 87, 'dropout': 0.17275452225662705, 'hidden_continuous_size': 39, 'attention_head_size': 1, 'learning_rate': 0.08568709010516978}. Best is trial 4 with value: 0.06517263501882553.
LOCAL_RANK: 0 - CUDA_VISIBLE_DEVICES: [0]
[I 2023-11-29 20:51:39,848] Trial 45 finished with value: 0.10867419838905334 and parameters: {'gradient_clip_val': 0.2036807949524179, 'hidden_size': 133, 'dropout': 0.19528003769980679, 'hidden_continuous_size': 25, 'attention_head_size': 3, 'learning_rate': 0.05177198377558752}. Best is trial 4 with value: 0.06517263501882553.
LOCAL_RANK: 0 - CUDA_VISIBLE_DEVICES: [0]
[I 2023-11-29 20:51:54,104] Trial 46 finished with value: 0.06064918637275696 and parameters: {'gradient_clip_val': 0.1571052252131374, 'hidden_size': 130, 'dropout': 0.1837169766633445, 'hidden_continuous_size': 43, 'attention_head_size': 4, 'learning_rate': 0.03544271728522571}. Best is trial 46 with value: 0.06064918637275696.
LOCAL_RANK: 0 - CUDA_VISIBLE_DEVICES: [0]
[I 2023-11-29 20:52:08,315] Trial 47 finished with value: 0.5108146071434021 and parameters: {'gradient_clip_val': 0.15330268208476475, 'hidden_size': 106, 'dropout': 0.15114894233111248, 'hidden_continuous_size': 43, 'attention_head_size': 4, 'learning_rate': 0.03460983333435882}. Best is trial 46 with value: 0.06064918637275696.
LOCAL_RANK: 0 - CUDA_VISIBLE_DEVICES: [0]
[I 2023-11-29 20:52:22,662] Trial 48 finished with value: 0.3861389458179474 and parameters: {'gradient_clip_val': 0.1509293721310632, 'hidden_size': 131, 'dropout': 0.1117725185779718, 'hidden_continuous_size': 52, 'attention_head_size': 4, 'learning_rate': 0.018150997360218853}. Best is trial 46 with value: 0.06064918637275696.
LOCAL_RANK: 0 - CUDA_VISIBLE_DEVICES: [0]
[I 2023-11-29 20:52:37,440] Trial 49 finished with value: 0.09842445701360703 and parameters: {'gradient_clip_val': 0.17928751792112205, 'hidden_size': 150, 'dropout': 0.13267595673349136, 'hidden_continuous_size': 66, 'attention_head_size': 4, 'learning_rate': 0.026623143338941026}. Best is trial 46 with value: 0.06064918637275696.
LOCAL_RANK: 0 - CUDA_VISIBLE_DEVICES: [0]
[I 2023-11-29 20:52:51,504] Trial 50 finished with value: 0.11387518793344498 and parameters: {'gradient_clip_val': 0.10398677932213726, 'hidden_size': 102, 'dropout': 0.14014440354830365, 'hidden_continuous_size': 42, 'attention_head_size': 3, 'learning_rate': 0.04050232550234306}. Best is trial 46 with value: 0.06064918637275696.
LOCAL_RANK: 0 - CUDA_VISIBLE_DEVICES: [0]
[I 2023-11-29 20:53:05,191] Trial 51 finished with value: 0.1098359003663063 and parameters: {'gradient_clip_val': 0.19554247551893925, 'hidden_size': 78, 'dropout': 0.18126581541574008, 'hidden_continuous_size': 37, 'attention_head_size': 2, 'learning_rate': 0.06164140905595698}. Best is trial 46 with value: 0.06064918637275696.
LOCAL_RANK: 0 - CUDA_VISIBLE_DEVICES: [0]
[I 2023-11-29 20:53:19,290] Trial 52 finished with value: 0.09289322048425674 and parameters: {'gradient_clip_val': 0.18741919095011186, 'hidden_size': 89, 'dropout': 0.16532198660424863, 'hidden_continuous_size': 45, 'attention_head_size': 2, 'learning_rate': 0.04932091652965334}. Best is trial 46 with value: 0.06064918637275696.
LOCAL_RANK: 0 - CUDA_VISIBLE_DEVICES: [0]
[I 2023-11-29 20:53:33,118] Trial 53 finished with value: 0.1400946080684662 and parameters: {'gradient_clip_val': 0.22173877698877, 'hidden_size': 109, 'dropout': 0.18716786023161205, 'hidden_continuous_size': 38, 'attention_head_size': 1, 'learning_rate': 0.03079448973899735}. Best is trial 46 with value: 0.06064918637275696.
LOCAL_RANK: 0 - CUDA_VISIBLE_DEVICES: [0]
[I 2023-11-29 20:53:46,572] Trial 54 finished with value: 0.1441718339920044 and parameters: {'gradient_clip_val': 0.167472352120111, 'hidden_size': 58, 'dropout': 0.21047096904774448, 'hidden_continuous_size': 33, 'attention_head_size': 3, 'learning_rate': 0.09981825929552203}. Best is trial 46 with value: 0.06064918637275696.
LOCAL_RANK: 0 - CUDA_VISIBLE_DEVICES: [0]
[I 2023-11-29 20:53:59,532] Trial 55 finished with value: 0.19723860919475555 and parameters: {'gradient_clip_val': 0.22335972356095446, 'hidden_size': 48, 'dropout': 0.15530235709904885, 'hidden_continuous_size': 35, 'attention_head_size': 2, 'learning_rate': 0.036409196453627106}. Best is trial 46 with value: 0.06064918637275696.
LOCAL_RANK: 0 - CUDA_VISIBLE_DEVICES: [0]
[I 2023-11-29 20:54:12,728] Trial 56 finished with value: 0.1181606650352478 and parameters: {'gradient_clip_val': 0.14316190653667413, 'hidden_size': 64, 'dropout': 0.12759314506186323, 'hidden_continuous_size': 40, 'attention_head_size': 1, 'learning_rate': 0.05997295024446842}. Best is trial 46 with value: 0.06064918637275696.
LOCAL_RANK: 0 - CUDA_VISIBLE_DEVICES: [0]
[I 2023-11-29 20:54:25,525] Trial 57 finished with value: 0.09783222526311874 and parameters: {'gradient_clip_val': 0.11713487888891697, 'hidden_size': 40, 'dropout': 0.18383712276797093, 'hidden_continuous_size': 34, 'attention_head_size': 2, 'learning_rate': 0.04616742157303865}. Best is trial 46 with value: 0.06064918637275696.
LOCAL_RANK: 0 - CUDA_VISIBLE_DEVICES: [0]
[I 2023-11-29 20:54:39,276] Trial 58 finished with value: 0.0717725083231926 and parameters: {'gradient_clip_val': 0.16274428919843625, 'hidden_size': 83, 'dropout': 0.22381859840042526, 'hidden_continuous_size': 29, 'attention_head_size': 4, 'learning_rate': 0.08160890676891881}. Best is trial 46 with value: 0.06064918637275696.
LOCAL_RANK: 0 - CUDA_VISIBLE_DEVICES: [0]
[I 2023-11-29 20:54:52,726] Trial 59 finished with value: 0.09158622473478317 and parameters: {'gradient_clip_val': 0.16353169776151324, 'hidden_size': 72, 'dropout': 0.22193632806269525, 'hidden_continuous_size': 28, 'attention_head_size': 4, 'learning_rate': 0.08077388708327957}. Best is trial 46 with value: 0.06064918637275696.
LOCAL_RANK: 0 - CUDA_VISIBLE_DEVICES: [0]
[I 2023-11-29 20:55:06,566] Trial 60 finished with value: 0.10072991997003555 and parameters: {'gradient_clip_val': 0.14731627307597617, 'hidden_size': 81, 'dropout': 0.23463774631951678, 'hidden_continuous_size': 40, 'attention_head_size': 4, 'learning_rate': 0.055517705998031144}. Best is trial 46 with value: 0.06064918637275696.
LOCAL_RANK: 0 - CUDA_VISIBLE_DEVICES: [0]
[I 2023-11-29 20:55:20,376] Trial 61 finished with value: 0.09052383899688721 and parameters: {'gradient_clip_val': 0.13180070463221402, 'hidden_size': 98, 'dropout': 0.19810572184705139, 'hidden_continuous_size': 30, 'attention_head_size': 4, 'learning_rate': 0.06808674474131016}. Best is trial 46 with value: 0.06064918637275696.
LOCAL_RANK: 0 - CUDA_VISIBLE_DEVICES: [0]
[I 2023-11-29 20:55:34,210] Trial 62 finished with value: 0.12448456138372421 and parameters: {'gradient_clip_val': 0.16678792205944404, 'hidden_size': 86, 'dropout': 0.16971029684608793, 'hidden_continuous_size': 32, 'attention_head_size': 4, 'learning_rate': 0.07958677277998794}. Best is trial 46 with value: 0.06064918637275696.
LOCAL_RANK: 0 - CUDA_VISIBLE_DEVICES: [0]
[I 2023-11-29 20:55:47,848] Trial 63 finished with value: 0.12597019970417023 and parameters: {'gradient_clip_val': 0.17735471325937283, 'hidden_size': 69, 'dropout': 0.19068528706225313, 'hidden_continuous_size': 29, 'attention_head_size': 4, 'learning_rate': 0.03835343209394515}. Best is trial 46 with value: 0.06064918637275696.
LOCAL_RANK: 0 - CUDA_VISIBLE_DEVICES: [0]
[I 2023-11-29 20:56:01,084] Trial 64 finished with value: 0.09550827741622925 and parameters: {'gradient_clip_val': 0.18752456497441153, 'hidden_size': 56, 'dropout': 0.15557988663041783, 'hidden_continuous_size': 35, 'attention_head_size': 1, 'learning_rate': 0.06180967780105348}. Best is trial 46 with value: 0.06064918637275696.
LOCAL_RANK: 0 - CUDA_VISIBLE_DEVICES: [0]
[I 2023-11-29 20:56:14,761] Trial 65 finished with value: 0.12493465095758438 and parameters: {'gradient_clip_val': 0.15402278321802346, 'hidden_size': 77, 'dropout': 0.14177818585450885, 'hidden_continuous_size': 37, 'attention_head_size': 3, 'learning_rate': 0.0448356097744243}. Best is trial 46 with value: 0.06064918637275696.
LOCAL_RANK: 0 - CUDA_VISIBLE_DEVICES: [0]
[I 2023-11-29 20:56:28,078] Trial 66 finished with value: 0.12678946554660797 and parameters: {'gradient_clip_val': 0.14254181438983288, 'hidden_size': 65, 'dropout': 0.2115719897086249, 'hidden_continuous_size': 34, 'attention_head_size': 1, 'learning_rate': 0.052045468407767734}. Best is trial 46 with value: 0.06064918637275696.
LOCAL_RANK: 0 - CUDA_VISIBLE_DEVICES: [0]
[I 2023-11-29 20:56:42,330] Trial 67 finished with value: 0.2821168601512909 and parameters: {'gradient_clip_val': 0.3833090754183705, 'hidden_size': 109, 'dropout': 0.18016213022759375, 'hidden_continuous_size': 45, 'attention_head_size': 3, 'learning_rate': 0.032840798095455}. Best is trial 46 with value: 0.06064918637275696.
LOCAL_RANK: 0 - CUDA_VISIBLE_DEVICES: [0]
[I 2023-11-29 20:56:55,826] Trial 68 finished with value: 0.3365131914615631 and parameters: {'gradient_clip_val': 0.2836421919203983, 'hidden_size': 96, 'dropout': 0.16851746558268202, 'hidden_continuous_size': 26, 'attention_head_size': 2, 'learning_rate': 0.06586660946787777}. Best is trial 46 with value: 0.06064918637275696.
LOCAL_RANK: 0 - CUDA_VISIBLE_DEVICES: [0]
[I 2023-11-29 20:57:09,989] Trial 69 finished with value: 0.4974893629550934 and parameters: {'gradient_clip_val': 0.33122955207687027, 'hidden_size': 131, 'dropout': 0.1556281660605659, 'hidden_continuous_size': 24, 'attention_head_size': 2, 'learning_rate': 0.08930673477862068}. Best is trial 46 with value: 0.06064918637275696.
LOCAL_RANK: 0 - CUDA_VISIBLE_DEVICES: [0]
[I 2023-11-29 20:57:23,334] Trial 70 finished with value: 0.0963105857372284 and parameters: {'gradient_clip_val': 0.21119301249834982, 'hidden_size': 84, 'dropout': 0.18704162076012978, 'hidden_continuous_size': 31, 'attention_head_size': 1, 'learning_rate': 0.024952611393357447}. Best is trial 46 with value: 0.06064918637275696.
LOCAL_RANK: 0 - CUDA_VISIBLE_DEVICES: [0]
[I 2023-11-29 20:57:36,717] Trial 71 finished with value: 0.11928746849298477 and parameters: {'gradient_clip_val': 0.19272482963205353, 'hidden_size': 73, 'dropout': 0.20160778145348335, 'hidden_continuous_size': 29, 'attention_head_size': 2, 'learning_rate': 0.07264060880164898}. Best is trial 46 with value: 0.06064918637275696.
LOCAL_RANK: 0 - CUDA_VISIBLE_DEVICES: [0]
[I 2023-11-29 20:57:50,310] Trial 72 finished with value: 0.07396292686462402 and parameters: {'gradient_clip_val': 0.25152283961600763, 'hidden_size': 61, 'dropout': 0.16461758517577352, 'hidden_continuous_size': 38, 'attention_head_size': 2, 'learning_rate': 0.07938316890419733}. Best is trial 46 with value: 0.06064918637275696.
LOCAL_RANK: 0 - CUDA_VISIBLE_DEVICES: [0]
[I 2023-11-29 20:58:04,187] Trial 73 finished with value: 0.11472100019454956 and parameters: {'gradient_clip_val': 0.23931397109319053, 'hidden_size': 91, 'dropout': 0.16302468634979492, 'hidden_continuous_size': 40, 'attention_head_size': 2, 'learning_rate': 0.0998944266128939}. Best is trial 46 with value: 0.06064918637275696.
LOCAL_RANK: 0 - CUDA_VISIBLE_DEVICES: [0]
[I 2023-11-29 20:58:17,477] Trial 74 finished with value: 0.16649647057056427 and parameters: {'gradient_clip_val': 0.25826454783585184, 'hidden_size': 60, 'dropout': 0.14542765629366067, 'hidden_continuous_size': 38, 'attention_head_size': 2, 'learning_rate': 0.07998809275085948}. Best is trial 46 with value: 0.06064918637275696.
LOCAL_RANK: 0 - CUDA_VISIBLE_DEVICES: [0]
[I 2023-11-29 20:58:30,941] Trial 75 finished with value: 0.13396841287612915 and parameters: {'gradient_clip_val': 0.28057083969932267, 'hidden_size': 66, 'dropout': 0.16983010080249575, 'hidden_continuous_size': 36, 'attention_head_size': 2, 'learning_rate': 0.05663245845950118}. Best is trial 46 with value: 0.06064918637275696.
LOCAL_RANK: 0 - CUDA_VISIBLE_DEVICES: [0]
[I 2023-11-29 20:58:44,364] Trial 76 finished with value: 0.12309255450963974 and parameters: {'gradient_clip_val': 0.3017058124091252, 'hidden_size': 76, 'dropout': 0.17594998299957618, 'hidden_continuous_size': 33, 'attention_head_size': 1, 'learning_rate': 0.047709102806910784}. Best is trial 46 with value: 0.06064918637275696.
LOCAL_RANK: 0 - CUDA_VISIBLE_DEVICES: [0]
[I 2023-11-29 20:58:58,092] Trial 77 finished with value: 0.3875146210193634 and parameters: {'gradient_clip_val': 0.2481774096432992, 'hidden_size': 83, 'dropout': 0.1915120759701871, 'hidden_continuous_size': 28, 'attention_head_size': 2, 'learning_rate': 0.04245915335616031}. Best is trial 46 with value: 0.06064918637275696.
LOCAL_RANK: 0 - CUDA_VISIBLE_DEVICES: [0]
[I 2023-11-29 20:59:12,018] Trial 78 finished with value: 0.10404437780380249 and parameters: {'gradient_clip_val': 0.2336131673092909, 'hidden_size': 102, 'dropout': 0.13490512286911172, 'hidden_continuous_size': 43, 'attention_head_size': 1, 'learning_rate': 0.06673043070429809}. Best is trial 46 with value: 0.06064918637275696.
LOCAL_RANK: 0 - CUDA_VISIBLE_DEVICES: [0]
[I 2023-11-29 20:59:25,454] Trial 79 finished with value: 0.141078919172287 and parameters: {'gradient_clip_val': 0.21485120629383, 'hidden_size': 50, 'dropout': 0.160677353642905, 'hidden_continuous_size': 38, 'attention_head_size': 4, 'learning_rate': 0.05476459107124014}. Best is trial 46 with value: 0.06064918637275696.
LOCAL_RANK: 0 - CUDA_VISIBLE_DEVICES: [0]
