[I 2023-11-29 21:51:53,781] Trial 10 finished with value: 0.37579965591430664 and parameters: {'gradient_clip_val': 0.17438691596805952, 'hidden_size': 149, 'dropout': 0.18393801709340207, 'hidden_continuous_size': 82, 'attention_head_size': 1, 'learning_rate': 0.0017016065325605666}. Best is trial 8 with value: 0.15418511629104614.
LOCAL_RANK: 0 - CUDA_VISIBLE_DEVICES: [0]
[I 2023-11-29 21:52:06,102] Trial 11 finished with value: 0.1038532480597496 and parameters: {'gradient_clip_val': 0.7286441197676033, 'hidden_size': 26, 'dropout': 0.1157850998483253, 'hidden_continuous_size': 10, 'attention_head_size': 3, 'learning_rate': 0.08632326619122697}. Best is trial 11 with value: 0.1038532480597496.
LOCAL_RANK: 0 - CUDA_VISIBLE_DEVICES: [0]
[I 2023-11-29 21:52:18,289] Trial 12 finished with value: 0.15550579130649567 and parameters: {'gradient_clip_val': 0.8509111659715175, 'hidden_size': 26, 'dropout': 0.1589109093303821, 'hidden_continuous_size': 10, 'attention_head_size': 3, 'learning_rate': 0.09920270231060668}. Best is trial 11 with value: 0.1038532480597496.
LOCAL_RANK: 0 - CUDA_VISIBLE_DEVICES: [0]
[I 2023-11-29 21:52:30,508] Trial 13 finished with value: 0.15224914252758026 and parameters: {'gradient_clip_val': 0.6884162144788661, 'hidden_size': 22, 'dropout': 0.14945179046222612, 'hidden_continuous_size': 10, 'attention_head_size': 2, 'learning_rate': 0.050527382731609956}. Best is trial 11 with value: 0.1038532480597496.
LOCAL_RANK: 0 - CUDA_VISIBLE_DEVICES: [0]
[I 2023-11-29 21:52:42,691] Trial 14 finished with value: 0.24193745851516724 and parameters: {'gradient_clip_val': 0.7103017210490351, 'hidden_size': 19, 'dropout': 0.1471711673750134, 'hidden_continuous_size': 10, 'attention_head_size': 1, 'learning_rate': 0.0461256875087002}. Best is trial 11 with value: 0.1038532480597496.
LOCAL_RANK: 0 - CUDA_VISIBLE_DEVICES: [0]
[I 2023-11-29 21:52:52,778] Trial 15 finished with value: 0.31156858801841736 and parameters: {'gradient_clip_val': 0.7136491722122694, 'hidden_size': 10, 'dropout': 0.1368454703458473, 'hidden_continuous_size': 10, 'attention_head_size': 2, 'learning_rate': 0.05873564533735646}. Best is trial 11 with value: 0.1038532480597496.
LOCAL_RANK: 0 - CUDA_VISIBLE_DEVICES: [0]
[I 2023-11-29 21:53:05,001] Trial 16 finished with value: 0.14919830858707428 and parameters: {'gradient_clip_val': 0.9759121245137614, 'hidden_size': 26, 'dropout': 0.10279631760637033, 'hidden_continuous_size': 12, 'attention_head_size': 2, 'learning_rate': 0.03338359322983889}. Best is trial 11 with value: 0.1038532480597496.
LOCAL_RANK: 0 - CUDA_VISIBLE_DEVICES: [0]
[I 2023-11-29 21:53:17,226] Trial 17 finished with value: 0.14196668565273285 and parameters: {'gradient_clip_val': 0.9434056433752693, 'hidden_size': 29, 'dropout': 0.1035632488758918, 'hidden_continuous_size': 12, 'attention_head_size': 1, 'learning_rate': 0.02775607169564415}. Best is trial 11 with value: 0.1038532480597496.
LOCAL_RANK: 0 - CUDA_VISIBLE_DEVICES: [0]
[I 2023-11-29 21:53:29,700] Trial 18 finished with value: 0.10081476718187332 and parameters: {'gradient_clip_val': 0.8194966952280698, 'hidden_size': 35, 'dropout': 0.1846920682475584, 'hidden_continuous_size': 12, 'attention_head_size': 1, 'learning_rate': 0.09411417637663097}. Best is trial 18 with value: 0.10081476718187332.
LOCAL_RANK: 0 - CUDA_VISIBLE_DEVICES: [0]
[I 2023-11-29 21:53:42,101] Trial 19 finished with value: 0.2739323377609253 and parameters: {'gradient_clip_val': 0.37600318510018577, 'hidden_size': 36, 'dropout': 0.19048818795892847, 'hidden_continuous_size': 12, 'attention_head_size': 1, 'learning_rate': 0.09160768615940974}. Best is trial 18 with value: 0.10081476718187332.
LOCAL_RANK: 0 - CUDA_VISIBLE_DEVICES: [0]
[I 2023-11-29 21:53:54,145] Trial 20 finished with value: 0.20352154970169067 and parameters: {'gradient_clip_val': 0.7862961791489096, 'hidden_size': 19, 'dropout': 0.17424951428992735, 'hidden_continuous_size': 11, 'attention_head_size': 3, 'learning_rate': 0.06325519348235945}. Best is trial 18 with value: 0.10081476718187332.
LOCAL_RANK: 0 - CUDA_VISIBLE_DEVICES: [0]
[I 2023-11-29 21:54:06,150] Trial 21 finished with value: 0.10463285446166992 and parameters: {'gradient_clip_val': 0.9897704700507148, 'hidden_size': 32, 'dropout': 0.1274887477133305, 'hidden_continuous_size': 12, 'attention_head_size': 1, 'learning_rate': 0.09871488587828516}. Best is trial 18 with value: 0.10081476718187332.
LOCAL_RANK: 0 - CUDA_VISIBLE_DEVICES: [0]
[I 2023-11-29 21:54:18,487] Trial 22 finished with value: 0.09362029284238815 and parameters: {'gradient_clip_val': 0.5955197412020842, 'hidden_size': 35, 'dropout': 0.12823388430031485, 'hidden_continuous_size': 13, 'attention_head_size': 1, 'learning_rate': 0.0673110746852056}. Best is trial 22 with value: 0.09362029284238815.
LOCAL_RANK: 0 - CUDA_VISIBLE_DEVICES: [0]
[I 2023-11-29 21:54:30,629] Trial 23 finished with value: 0.19376595318317413 and parameters: {'gradient_clip_val': 0.5879053962373489, 'hidden_size': 36, 'dropout': 0.16072539321633814, 'hidden_continuous_size': 13, 'attention_head_size': 1, 'learning_rate': 0.062407255508613924}. Best is trial 22 with value: 0.09362029284238815.
LOCAL_RANK: 0 - CUDA_VISIBLE_DEVICES: [0]
[I 2023-11-29 21:54:43,259] Trial 24 finished with value: 0.1781059354543686 and parameters: {'gradient_clip_val': 0.6143398769578503, 'hidden_size': 40, 'dropout': 0.13059188202911964, 'hidden_continuous_size': 14, 'attention_head_size': 2, 'learning_rate': 0.04104761699225543}. Best is trial 22 with value: 0.09362029284238815.
LOCAL_RANK: 0 - CUDA_VISIBLE_DEVICES: [0]
[I 2023-11-29 21:54:55,382] Trial 25 finished with value: 0.31981024146080017 and parameters: {'gradient_clip_val': 0.7931228418451383, 'hidden_size': 27, 'dropout': 0.16699438599280708, 'hidden_continuous_size': 11, 'attention_head_size': 1, 'learning_rate': 0.07751411274597969}. Best is trial 22 with value: 0.09362029284238815.
LOCAL_RANK: 0 - CUDA_VISIBLE_DEVICES: [0]
[I 2023-11-29 21:55:07,990] Trial 26 finished with value: 0.14859342575073242 and parameters: {'gradient_clip_val': 0.7497008137638084, 'hidden_size': 41, 'dropout': 0.2058130149035438, 'hidden_continuous_size': 15, 'attention_head_size': 2, 'learning_rate': 0.062026190088354326}. Best is trial 22 with value: 0.09362029284238815.
LOCAL_RANK: 0 - CUDA_VISIBLE_DEVICES: [0]
[I 2023-11-29 21:55:20,187] Trial 27 finished with value: 0.14524245262145996 and parameters: {'gradient_clip_val': 0.5487374786539332, 'hidden_size': 22, 'dropout': 0.13407575145828546, 'hidden_continuous_size': 11, 'attention_head_size': 3, 'learning_rate': 0.034892978658485105}. Best is trial 22 with value: 0.09362029284238815.
LOCAL_RANK: 0 - CUDA_VISIBLE_DEVICES: [0]
[I 2023-11-29 21:55:32,147] Trial 28 finished with value: 0.17350707948207855 and parameters: {'gradient_clip_val': 0.39897817690628673, 'hidden_size': 32, 'dropout': 0.1729762220991954, 'hidden_continuous_size': 13, 'attention_head_size': 1, 'learning_rate': 0.0758540348801485}. Best is trial 22 with value: 0.09362029284238815.
LOCAL_RANK: 0 - CUDA_VISIBLE_DEVICES: [0]
[I 2023-11-29 21:55:45,360] Trial 29 finished with value: 0.0872703492641449 and parameters: {'gradient_clip_val': 0.6406446350903421, 'hidden_size': 61, 'dropout': 0.20293313752474904, 'hidden_continuous_size': 17, 'attention_head_size': 2, 'learning_rate': 0.05286732144770453}. Best is trial 29 with value: 0.0872703492641449.
LOCAL_RANK: 0 - CUDA_VISIBLE_DEVICES: [0]
[I 2023-11-29 21:55:58,309] Trial 30 finished with value: 0.10130558162927628 and parameters: {'gradient_clip_val': 0.6146570587303932, 'hidden_size': 59, 'dropout': 0.2051756196736147, 'hidden_continuous_size': 17, 'attention_head_size': 1, 'learning_rate': 0.018729749870840282}. Best is trial 29 with value: 0.0872703492641449.
LOCAL_RANK: 0 - CUDA_VISIBLE_DEVICES: [0]
[I 2023-11-29 21:56:11,288] Trial 31 finished with value: 0.2883875072002411 and parameters: {'gradient_clip_val': 0.6462024320349834, 'hidden_size': 58, 'dropout': 0.21113738098085927, 'hidden_continuous_size': 18, 'attention_head_size': 1, 'learning_rate': 0.01871514012900358}. Best is trial 29 with value: 0.0872703492641449.
LOCAL_RANK: 0 - CUDA_VISIBLE_DEVICES: [0]
[I 2023-11-29 21:56:24,341] Trial 32 finished with value: 0.09731066226959229 and parameters: {'gradient_clip_val': 0.5937270553280921, 'hidden_size': 65, 'dropout': 0.1948941558731103, 'hidden_continuous_size': 16, 'attention_head_size': 1, 'learning_rate': 0.03413652341547267}. Best is trial 29 with value: 0.0872703492641449.
LOCAL_RANK: 0 - CUDA_VISIBLE_DEVICES: [0]
[I 2023-11-29 21:56:37,680] Trial 33 finished with value: 0.14144296944141388 and parameters: {'gradient_clip_val': 0.5593929536410703, 'hidden_size': 79, 'dropout': 0.18289595180510915, 'hidden_continuous_size': 16, 'attention_head_size': 1, 'learning_rate': 0.05188373012063825}. Best is trial 29 with value: 0.0872703492641449.
LOCAL_RANK: 0 - CUDA_VISIBLE_DEVICES: [0]
[I 2023-11-29 21:56:51,210] Trial 34 finished with value: 0.12749336659908295 and parameters: {'gradient_clip_val': 0.878480919830755, 'hidden_size': 66, 'dropout': 0.23623634248214515, 'hidden_continuous_size': 20, 'attention_head_size': 2, 'learning_rate': 0.032364535672797935}. Best is trial 29 with value: 0.0872703492641449.
LOCAL_RANK: 0 - CUDA_VISIBLE_DEVICES: [0]
[I 2023-11-29 21:57:03,824] Trial 35 finished with value: 0.14980639517307281 and parameters: {'gradient_clip_val': 0.8271443336293112, 'hidden_size': 45, 'dropout': 0.21410335432049557, 'hidden_continuous_size': 16, 'attention_head_size': 1, 'learning_rate': 0.03760110672941597}. Best is trial 29 with value: 0.0872703492641449.
LOCAL_RANK: 0 - CUDA_VISIBLE_DEVICES: [0]
[I 2023-11-29 21:57:16,770] Trial 36 finished with value: 0.11435569077730179 and parameters: {'gradient_clip_val': 0.6484487874363044, 'hidden_size': 53, 'dropout': 0.19451316793482226, 'hidden_continuous_size': 14, 'attention_head_size': 2, 'learning_rate': 0.06368267090410779}. Best is trial 29 with value: 0.0872703492641449.
LOCAL_RANK: 0 - CUDA_VISIBLE_DEVICES: [0]
[I 2023-11-29 21:57:30,038] Trial 37 finished with value: 0.11554224044084549 and parameters: {'gradient_clip_val': 0.5147831853932335, 'hidden_size': 74, 'dropout': 0.2399960612802738, 'hidden_continuous_size': 21, 'attention_head_size': 1, 'learning_rate': 0.027372074660265273}. Best is trial 29 with value: 0.0872703492641449.
LOCAL_RANK: 0 - CUDA_VISIBLE_DEVICES: [0]
[I 2023-11-29 21:57:42,900] Trial 38 finished with value: 0.14002317190170288 and parameters: {'gradient_clip_val': 0.29466422169296486, 'hidden_size': 50, 'dropout': 0.25640311822767364, 'hidden_continuous_size': 18, 'attention_head_size': 2, 'learning_rate': 0.04423035931108813}. Best is trial 29 with value: 0.0872703492641449.
LOCAL_RANK: 0 - CUDA_VISIBLE_DEVICES: [0]
[I 2023-11-29 21:57:55,445] Trial 39 finished with value: 0.27535709738731384 and parameters: {'gradient_clip_val': 0.44022606785615764, 'hidden_size': 40, 'dropout': 0.21975089784139595, 'hidden_continuous_size': 15, 'attention_head_size': 1, 'learning_rate': 0.07688506886156661}. Best is trial 29 with value: 0.0872703492641449.
LOCAL_RANK: 0 - CUDA_VISIBLE_DEVICES: [0]
[I 2023-11-29 21:58:08,141] Trial 40 finished with value: 0.2201724499464035 and parameters: {'gradient_clip_val': 0.5693731482885509, 'hidden_size': 46, 'dropout': 0.1983944372123353, 'hidden_continuous_size': 17, 'attention_head_size': 2, 'learning_rate': 0.050915527273129334}. Best is trial 29 with value: 0.0872703492641449.
LOCAL_RANK: 0 - CUDA_VISIBLE_DEVICES: [0]
[I 2023-11-29 21:58:21,089] Trial 41 finished with value: 0.12231848388910294 and parameters: {'gradient_clip_val': 0.613955651492329, 'hidden_size': 61, 'dropout': 0.2067175899066463, 'hidden_continuous_size': 17, 'attention_head_size': 1, 'learning_rate': 0.019054027797516523}. Best is trial 29 with value: 0.0872703492641449.
LOCAL_RANK: 0 - CUDA_VISIBLE_DEVICES: [0]
[I 2023-11-29 21:58:33,958] Trial 42 finished with value: 0.2575410306453705 and parameters: {'gradient_clip_val': 0.6725493870660413, 'hidden_size': 55, 'dropout': 0.18448476380816115, 'hidden_continuous_size': 19, 'attention_head_size': 1, 'learning_rate': 0.020249925505505806}. Best is trial 29 with value: 0.0872703492641449.
LOCAL_RANK: 0 - CUDA_VISIBLE_DEVICES: [0]
[I 2023-11-29 21:58:47,190] Trial 43 finished with value: 0.1947428435087204 and parameters: {'gradient_clip_val': 0.5111693531133953, 'hidden_size': 69, 'dropout': 0.23243404217803307, 'hidden_continuous_size': 22, 'attention_head_size': 1, 'learning_rate': 0.01612195226236855}. Best is trial 29 with value: 0.0872703492641449.
LOCAL_RANK: 0 - CUDA_VISIBLE_DEVICES: [0]
[I 2023-11-29 21:59:00,161] Trial 44 finished with value: 0.2796921133995056 and parameters: {'gradient_clip_val': 0.7818629482976511, 'hidden_size': 57, 'dropout': 0.2222332357346271, 'hidden_continuous_size': 16, 'attention_head_size': 1, 'learning_rate': 0.027458516600011463}. Best is trial 29 with value: 0.0872703492641449.
LOCAL_RANK: 0 - CUDA_VISIBLE_DEVICES: [0]
[I 2023-11-29 21:59:13,454] Trial 45 finished with value: 0.08545070141553879 and parameters: {'gradient_clip_val': 0.8579858300283668, 'hidden_size': 79, 'dropout': 0.25080160028503984, 'hidden_continuous_size': 22, 'attention_head_size': 1, 'learning_rate': 0.024915108620693214}. Best is trial 45 with value: 0.08545070141553879.
LOCAL_RANK: 0 - CUDA_VISIBLE_DEVICES: [0]
[I 2023-11-29 21:59:26,897] Trial 46 finished with value: 0.16756050288677216 and parameters: {'gradient_clip_val': 0.8728579392625541, 'hidden_size': 100, 'dropout': 0.2504054249448772, 'hidden_continuous_size': 23, 'attention_head_size': 1, 'learning_rate': 0.03950448985989409}. Best is trial 45 with value: 0.08545070141553879.
LOCAL_RANK: 0 - CUDA_VISIBLE_DEVICES: [0]
[I 2023-11-29 21:59:40,219] Trial 47 finished with value: 0.11910054832696915 and parameters: {'gradient_clip_val': 0.716097712047954, 'hidden_size': 88, 'dropout': 0.27257983178243783, 'hidden_continuous_size': 23, 'attention_head_size': 2, 'learning_rate': 0.024231543300572932}. Best is trial 45 with value: 0.08545070141553879.
LOCAL_RANK: 0 - CUDA_VISIBLE_DEVICES: [0]
[I 2023-11-29 21:59:53,128] Trial 48 finished with value: 0.12825608253479004 and parameters: {'gradient_clip_val': 0.9082772785947074, 'hidden_size': 47, 'dropout': 0.14968746535252403, 'hidden_continuous_size': 14, 'attention_head_size': 4, 'learning_rate': 0.07284439126588786}. Best is trial 45 with value: 0.08545070141553879.
LOCAL_RANK: 0 - CUDA_VISIBLE_DEVICES: [0]
[I 2023-11-29 22:00:05,802] Trial 49 finished with value: 0.167209193110466 and parameters: {'gradient_clip_val': 0.7740236568545702, 'hidden_size': 38, 'dropout': 0.29457063747325507, 'hidden_continuous_size': 13, 'attention_head_size': 1, 'learning_rate': 0.052821808962073}. Best is trial 45 with value: 0.08545070141553879.
LOCAL_RANK: 0 - CUDA_VISIBLE_DEVICES: [0]
[I 2023-11-29 22:00:19,460] Trial 50 finished with value: 0.23600323498249054 and parameters: {'gradient_clip_val': 0.6755676002415769, 'hidden_size': 108, 'dropout': 0.17827751433464537, 'hidden_continuous_size': 25, 'attention_head_size': 1, 'learning_rate': 0.0998329402710581}. Best is trial 45 with value: 0.08545070141553879.
LOCAL_RANK: 0 - CUDA_VISIBLE_DEVICES: [0]
[I 2023-11-29 22:00:32,533] Trial 51 finished with value: 0.21798817813396454 and parameters: {'gradient_clip_val': 0.6205172163748347, 'hidden_size': 63, 'dropout': 0.1979249185764167, 'hidden_continuous_size': 19, 'attention_head_size': 1, 'learning_rate': 0.01349146267279462}. Best is trial 45 with value: 0.08545070141553879.
LOCAL_RANK: 0 - CUDA_VISIBLE_DEVICES: [0]
[I 2023-11-29 22:00:45,794] Trial 52 finished with value: 0.1221221312880516 and parameters: {'gradient_clip_val': 0.8399737196235727, 'hidden_size': 76, 'dropout': 0.22400426428750272, 'hidden_continuous_size': 20, 'attention_head_size': 1, 'learning_rate': 0.024407255543946606}. Best is trial 45 with value: 0.08545070141553879.
LOCAL_RANK: 0 - CUDA_VISIBLE_DEVICES: [0]
[I 2023-11-29 22:00:58,644] Trial 53 finished with value: 0.13375972211360931 and parameters: {'gradient_clip_val': 0.7149432620104844, 'hidden_size': 51, 'dropout': 0.2428454819483705, 'hidden_continuous_size': 16, 'attention_head_size': 1, 'learning_rate': 0.03075368700271545}. Best is trial 45 with value: 0.08545070141553879.
LOCAL_RANK: 0 - CUDA_VISIBLE_DEVICES: [0]
[I 2023-11-29 22:01:11,799] Trial 54 finished with value: 0.10871873050928116 and parameters: {'gradient_clip_val': 0.9324346779016779, 'hidden_size': 68, 'dropout': 0.19240755279108826, 'hidden_continuous_size': 15, 'attention_head_size': 1, 'learning_rate': 0.03910955017963311}. Best is trial 45 with value: 0.08545070141553879.
LOCAL_RANK: 0 - CUDA_VISIBLE_DEVICES: [0]
[I 2023-11-29 22:01:24,698] Trial 55 finished with value: 0.17954987287521362 and parameters: {'gradient_clip_val': 0.477051368332201, 'hidden_size': 58, 'dropout': 0.16529636571728934, 'hidden_continuous_size': 18, 'attention_head_size': 1, 'learning_rate': 0.04605727722530282}. Best is trial 45 with value: 0.08545070141553879.
LOCAL_RANK: 0 - CUDA_VISIBLE_DEVICES: [0]
[I 2023-11-29 22:01:37,441] Trial 56 finished with value: 0.12864014506340027 and parameters: {'gradient_clip_val': 0.5691159837873752, 'hidden_size': 43, 'dropout': 0.20857765234129585, 'hidden_continuous_size': 17, 'attention_head_size': 2, 'learning_rate': 0.08287350317180035}. Best is trial 45 with value: 0.08545070141553879.
LOCAL_RANK: 0 - CUDA_VISIBLE_DEVICES: [0]
[I 2023-11-29 22:01:50,019] Trial 57 finished with value: 0.1779954433441162 and parameters: {'gradient_clip_val': 0.6644102067072651, 'hidden_size': 34, 'dropout': 0.22607348689624396, 'hidden_continuous_size': 17, 'attention_head_size': 1, 'learning_rate': 0.022895624549041885}. Best is trial 45 with value: 0.08545070141553879.
LOCAL_RANK: 0 - CUDA_VISIBLE_DEVICES: [0]
[I 2023-11-29 22:02:02,488] Trial 58 finished with value: 0.12640661001205444 and parameters: {'gradient_clip_val': 0.8049185747760147, 'hidden_size': 44, 'dropout': 0.15156489031692535, 'hidden_continuous_size': 13, 'attention_head_size': 1, 'learning_rate': 0.03372803406599448}. Best is trial 45 with value: 0.08545070141553879.
LOCAL_RANK: 0 - CUDA_VISIBLE_DEVICES: [0]
[I 2023-11-29 22:02:15,466] Trial 59 finished with value: 0.22270916402339935 and parameters: {'gradient_clip_val': 0.9801028636730553, 'hidden_size': 52, 'dropout': 0.18454858365648993, 'hidden_continuous_size': 14, 'attention_head_size': 2, 'learning_rate': 0.06537257735365591}. Best is trial 45 with value: 0.08545070141553879.
LOCAL_RANK: 0 - CUDA_VISIBLE_DEVICES: [0]
[I 2023-11-29 22:02:28,725] Trial 60 finished with value: 0.3619426488876343 and parameters: {'gradient_clip_val': 0.6084223094198191, 'hidden_size': 62, 'dropout': 0.16760511319304683, 'hidden_continuous_size': 15, 'attention_head_size': 3, 'learning_rate': 0.05415406097969463}. Best is trial 45 with value: 0.08545070141553879.
LOCAL_RANK: 0 - CUDA_VISIBLE_DEVICES: [0]
[I 2023-11-29 22:02:41,266] Trial 61 finished with value: 0.2391819953918457 and parameters: {'gradient_clip_val': 0.69582004980452, 'hidden_size': 37, 'dropout': 0.13804759594948773, 'hidden_continuous_size': 10, 'attention_head_size': 3, 'learning_rate': 0.08705087903707802}. Best is trial 45 with value: 0.08545070141553879.
LOCAL_RANK: 0 - CUDA_VISIBLE_DEVICES: [0]
[I 2023-11-29 22:02:53,662] Trial 62 finished with value: 0.11273735761642456 and parameters: {'gradient_clip_val': 0.7404556673911666, 'hidden_size': 31, 'dropout': 0.11516794540609473, 'hidden_continuous_size': 11, 'attention_head_size': 3, 'learning_rate': 0.07349056612335593}. Best is trial 45 with value: 0.08545070141553879.
LOCAL_RANK: 0 - CUDA_VISIBLE_DEVICES: [0]
[I 2023-11-29 22:03:06,043] Trial 63 finished with value: 0.14871713519096375 and parameters: {'gradient_clip_val': 0.8473113075020937, 'hidden_size': 29, 'dropout': 0.1196015392530476, 'hidden_continuous_size': 12, 'attention_head_size': 3, 'learning_rate': 0.057649210462731325}. Best is trial 45 with value: 0.08545070141553879.
LOCAL_RANK: 0 - CUDA_VISIBLE_DEVICES: [0]
[I 2023-11-29 22:03:18,836] Trial 64 finished with value: 0.19553963840007782 and parameters: {'gradient_clip_val': 0.7332109528645421, 'hidden_size': 48, 'dropout': 0.1583767602880394, 'hidden_continuous_size': 10, 'attention_head_size': 4, 'learning_rate': 0.08669369850609651}. Best is trial 45 with value: 0.08545070141553879.
LOCAL_RANK: 0 - CUDA_VISIBLE_DEVICES: [0]
[I 2023-11-29 22:03:31,092] Trial 65 finished with value: 0.2853110134601593 and parameters: {'gradient_clip_val': 0.8995582879250338, 'hidden_size': 25, 'dropout': 0.17509566290863554, 'hidden_continuous_size': 11, 'attention_head_size': 3, 'learning_rate': 0.043503295427604304}. Best is trial 45 with value: 0.08545070141553879.
LOCAL_RANK: 0 - CUDA_VISIBLE_DEVICES: [0]
[I 2023-11-29 22:03:44,343] Trial 66 finished with value: 0.118678517639637 and parameters: {'gradient_clip_val': 0.633008161818261, 'hidden_size': 82, 'dropout': 0.13869627628695635, 'hidden_continuous_size': 12, 'attention_head_size': 1, 'learning_rate': 0.06860274455288429}. Best is trial 45 with value: 0.08545070141553879.
LOCAL_RANK: 0 - CUDA_VISIBLE_DEVICES: [0]
[I 2023-11-29 22:03:57,643] Trial 67 finished with value: 0.14950674772262573 and parameters: {'gradient_clip_val': 0.773299656637623, 'hidden_size': 72, 'dropout': 0.20042946363385467, 'hidden_continuous_size': 29, 'attention_head_size': 2, 'learning_rate': 0.056096195953475536}. Best is trial 45 with value: 0.08545070141553879.
LOCAL_RANK: 0 - CUDA_VISIBLE_DEVICES: [0]
