[I 2023-11-30 00:35:43,838] Trial 10 finished with value: 0.14396972954273224 and parameters: {'gradient_clip_val': 0.6341909946727529, 'hidden_size': 127, 'dropout': 0.1005882092310405, 'hidden_continuous_size': 118, 'attention_head_size': 1, 'learning_rate': 0.018849392950966392}. Best is trial 10 with value: 0.14396972954273224.
LOCAL_RANK: 0 - CUDA_VISIBLE_DEVICES: [0]
[I 2023-11-30 00:35:58,549] Trial 11 finished with value: 0.11895432323217392 and parameters: {'gradient_clip_val': 0.661958583674052, 'hidden_size': 149, 'dropout': 0.10698767290471237, 'hidden_continuous_size': 127, 'attention_head_size': 1, 'learning_rate': 0.022307288546109066}. Best is trial 11 with value: 0.11895432323217392.
LOCAL_RANK: 0 - CUDA_VISIBLE_DEVICES: [0]
[I 2023-11-30 00:36:13,347] Trial 12 finished with value: 0.09897790104150772 and parameters: {'gradient_clip_val': 0.9775914598018862, 'hidden_size': 150, 'dropout': 0.10030718307879724, 'hidden_continuous_size': 142, 'attention_head_size': 1, 'learning_rate': 0.015904475444649676}. Best is trial 12 with value: 0.09897790104150772.
LOCAL_RANK: 0 - CUDA_VISIBLE_DEVICES: [0]
[I 2023-11-30 00:36:26,134] Trial 13 finished with value: 0.21646706759929657 and parameters: {'gradient_clip_val': 0.99475066830121, 'hidden_size': 42, 'dropout': 0.10157886375994457, 'hidden_continuous_size': 24, 'attention_head_size': 1, 'learning_rate': 0.013378276803776928}. Best is trial 12 with value: 0.09897790104150772.
LOCAL_RANK: 0 - CUDA_VISIBLE_DEVICES: [0]
[I 2023-11-30 00:36:40,855] Trial 14 finished with value: 0.11360885947942734 and parameters: {'gradient_clip_val': 0.9801397217917956, 'hidden_size': 150, 'dropout': 0.14491568207221817, 'hidden_continuous_size': 142, 'attention_head_size': 1, 'learning_rate': 0.030393041170864315}. Best is trial 12 with value: 0.09897790104150772.
LOCAL_RANK: 0 - CUDA_VISIBLE_DEVICES: [0]
[I 2023-11-30 00:36:55,173] Trial 15 finished with value: 0.22451919317245483 and parameters: {'gradient_clip_val': 0.9760714329947158, 'hidden_size': 100, 'dropout': 0.15029892590117042, 'hidden_continuous_size': 78, 'attention_head_size': 2, 'learning_rate': 0.041181532708406667}. Best is trial 12 with value: 0.09897790104150772.
LOCAL_RANK: 0 - CUDA_VISIBLE_DEVICES: [0]
[I 2023-11-30 00:37:09,297] Trial 16 finished with value: 0.09483899921178818 and parameters: {'gradient_clip_val': 0.5234943760210524, 'hidden_size': 106, 'dropout': 0.1848732904156108, 'hidden_continuous_size': 85, 'attention_head_size': 1, 'learning_rate': 0.009764704087209121}. Best is trial 16 with value: 0.09483899921178818.
LOCAL_RANK: 0 - CUDA_VISIBLE_DEVICES: [0]
[I 2023-11-30 00:37:23,359] Trial 17 finished with value: 0.1865522712469101 and parameters: {'gradient_clip_val': 0.48536609909006245, 'hidden_size': 99, 'dropout': 0.18833931692588607, 'hidden_continuous_size': 80, 'attention_head_size': 1, 'learning_rate': 0.011192728145960899}. Best is trial 16 with value: 0.09483899921178818.
LOCAL_RANK: 0 - CUDA_VISIBLE_DEVICES: [0]
[I 2023-11-30 00:37:36,564] Trial 18 finished with value: 0.2736893892288208 and parameters: {'gradient_clip_val': 0.5774915996611183, 'hidden_size': 54, 'dropout': 0.25656615487450646, 'hidden_continuous_size': 29, 'attention_head_size': 2, 'learning_rate': 0.00876469293600311}. Best is trial 16 with value: 0.09483899921178818.
LOCAL_RANK: 0 - CUDA_VISIBLE_DEVICES: [0]
[I 2023-11-30 00:37:50,556] Trial 19 finished with value: 0.12795904278755188 and parameters: {'gradient_clip_val': 0.7619046673358542, 'hidden_size': 99, 'dropout': 0.18950761513904318, 'hidden_continuous_size': 82, 'attention_head_size': 1, 'learning_rate': 0.012812261751508411}. Best is trial 16 with value: 0.09483899921178818.
LOCAL_RANK: 0 - CUDA_VISIBLE_DEVICES: [0]
[I 2023-11-30 00:38:03,432] Trial 20 finished with value: 0.3842099606990814 and parameters: {'gradient_clip_val': 0.5409321650749835, 'hidden_size': 42, 'dropout': 0.13212377674009868, 'hidden_continuous_size': 27, 'attention_head_size': 2, 'learning_rate': 0.007655069253350907}. Best is trial 16 with value: 0.09483899921178818.
LOCAL_RANK: 0 - CUDA_VISIBLE_DEVICES: [0]
[I 2023-11-30 00:38:18,284] Trial 21 finished with value: 0.13514883816242218 and parameters: {'gradient_clip_val': 0.8296528428117508, 'hidden_size': 147, 'dropout': 0.13932577114638975, 'hidden_continuous_size': 132, 'attention_head_size': 1, 'learning_rate': 0.03430336772383383}. Best is trial 16 with value: 0.09483899921178818.
LOCAL_RANK: 0 - CUDA_VISIBLE_DEVICES: [0]
[I 2023-11-30 00:38:32,444] Trial 22 finished with value: 0.26097044348716736 and parameters: {'gradient_clip_val': 0.8555828015561943, 'hidden_size': 107, 'dropout': 0.12896044549361946, 'hidden_continuous_size': 98, 'attention_head_size': 1, 'learning_rate': 0.015988289848149883}. Best is trial 16 with value: 0.09483899921178818.
LOCAL_RANK: 0 - CUDA_VISIBLE_DEVICES: [0]
[I 2023-11-30 00:38:46,756] Trial 23 finished with value: 0.145470529794693 and parameters: {'gradient_clip_val': 0.6816307974863022, 'hidden_size': 118, 'dropout': 0.16804907319665402, 'hidden_continuous_size': 103, 'attention_head_size': 1, 'learning_rate': 0.029403848473488137}. Best is trial 16 with value: 0.09483899921178818.
LOCAL_RANK: 0 - CUDA_VISIBLE_DEVICES: [0]
[I 2023-11-30 00:39:01,512] Trial 24 finished with value: 0.19929611682891846 and parameters: {'gradient_clip_val': 0.9768368418189998, 'hidden_size': 143, 'dropout': 0.1275472138430301, 'hidden_continuous_size': 140, 'attention_head_size': 1, 'learning_rate': 0.017164097717649516}. Best is trial 16 with value: 0.09483899921178818.
LOCAL_RANK: 0 - CUDA_VISIBLE_DEVICES: [0]
[I 2023-11-30 00:39:15,647] Trial 25 finished with value: 0.2235657423734665 and parameters: {'gradient_clip_val': 0.5277156000696455, 'hidden_size': 86, 'dropout': 0.16590193943685982, 'hidden_continuous_size': 66, 'attention_head_size': 2, 'learning_rate': 0.047012268245625856}. Best is trial 16 with value: 0.09483899921178818.
LOCAL_RANK: 0 - CUDA_VISIBLE_DEVICES: [0]
[I 2023-11-30 00:39:30,047] Trial 26 finished with value: 0.1659552901983261 and parameters: {'gradient_clip_val': 0.8099482909598112, 'hidden_size': 109, 'dropout': 0.21493323958578864, 'hidden_continuous_size': 97, 'attention_head_size': 1, 'learning_rate': 0.010842583934917802}. Best is trial 16 with value: 0.09483899921178818.
LOCAL_RANK: 0 - CUDA_VISIBLE_DEVICES: [0]
[I 2023-11-30 00:39:45,062] Trial 27 finished with value: 0.09827471524477005 and parameters: {'gradient_clip_val': 0.6222292331477166, 'hidden_size': 150, 'dropout': 0.12429547056083265, 'hidden_continuous_size': 146, 'attention_head_size': 2, 'learning_rate': 0.023867048214039715}. Best is trial 16 with value: 0.09483899921178818.
LOCAL_RANK: 0 - CUDA_VISIBLE_DEVICES: [0]
[I 2023-11-30 00:39:59,404] Trial 28 finished with value: 0.2103041261434555 and parameters: {'gradient_clip_val': 0.6284618049560559, 'hidden_size': 114, 'dropout': 0.115515706082475, 'hidden_continuous_size': 96, 'attention_head_size': 3, 'learning_rate': 0.02111407711513065}. Best is trial 16 with value: 0.09483899921178818.
LOCAL_RANK: 0 - CUDA_VISIBLE_DEVICES: [0]
[I 2023-11-30 00:40:13,830] Trial 29 finished with value: 0.14406219124794006 and parameters: {'gradient_clip_val': 0.4660137277398453, 'hidden_size': 129, 'dropout': 0.11893414412880605, 'hidden_continuous_size': 112, 'attention_head_size': 2, 'learning_rate': 0.05982493690987909}. Best is trial 16 with value: 0.09483899921178818.
LOCAL_RANK: 0 - CUDA_VISIBLE_DEVICES: [0]
[I 2023-11-30 00:40:27,912] Trial 30 finished with value: 0.18153691291809082 and parameters: {'gradient_clip_val': 0.4093514914656843, 'hidden_size': 85, 'dropout': 0.16225485572379034, 'hidden_continuous_size': 69, 'attention_head_size': 3, 'learning_rate': 0.009620811052018972}. Best is trial 16 with value: 0.09483899921178818.
LOCAL_RANK: 0 - CUDA_VISIBLE_DEVICES: [0]
[I 2023-11-30 00:40:42,807] Trial 31 finished with value: 0.09704931825399399 and parameters: {'gradient_clip_val': 0.7267644141887949, 'hidden_size': 150, 'dropout': 0.14336462783409054, 'hidden_continuous_size': 145, 'attention_head_size': 1, 'learning_rate': 0.028999816940999186}. Best is trial 16 with value: 0.09483899921178818.
LOCAL_RANK: 0 - CUDA_VISIBLE_DEVICES: [0]
[I 2023-11-30 00:40:57,223] Trial 32 finished with value: 0.22446127235889435 and parameters: {'gradient_clip_val': 0.5867679714415122, 'hidden_size': 123, 'dropout': 0.13370249800590558, 'hidden_continuous_size': 108, 'attention_head_size': 2, 'learning_rate': 0.015217402768539343}. Best is trial 16 with value: 0.09483899921178818.
LOCAL_RANK: 0 - CUDA_VISIBLE_DEVICES: [0]
[I 2023-11-30 00:41:11,933] Trial 33 finished with value: 0.1337844878435135 and parameters: {'gradient_clip_val': 0.7318574042978966, 'hidden_size': 150, 'dropout': 0.11703350693059533, 'hidden_continuous_size': 133, 'attention_head_size': 1, 'learning_rate': 0.023600129104453308}. Best is trial 16 with value: 0.09483899921178818.
LOCAL_RANK: 0 - CUDA_VISIBLE_DEVICES: [0]
[I 2023-11-30 00:41:26,284] Trial 34 finished with value: 0.16486136615276337 and parameters: {'gradient_clip_val': 0.4958945340644327, 'hidden_size': 124, 'dropout': 0.10013849223423506, 'hidden_continuous_size': 106, 'attention_head_size': 2, 'learning_rate': 0.03710983827007629}. Best is trial 16 with value: 0.09483899921178818.
LOCAL_RANK: 0 - CUDA_VISIBLE_DEVICES: [0]
[I 2023-11-30 00:41:40,006] Trial 35 finished with value: 0.14735524356365204 and parameters: {'gradient_clip_val': 0.6058595799326381, 'hidden_size': 73, 'dropout': 0.14484337354516788, 'hidden_continuous_size': 60, 'attention_head_size': 1, 'learning_rate': 0.018647976007380065}. Best is trial 16 with value: 0.09483899921178818.
LOCAL_RANK: 0 - CUDA_VISIBLE_DEVICES: [0]
[I 2023-11-30 00:41:54,401] Trial 36 finished with value: 0.1520419716835022 and parameters: {'gradient_clip_val': 0.8379965760034821, 'hidden_size': 102, 'dropout': 0.12290429108606475, 'hidden_continuous_size': 86, 'attention_head_size': 2, 'learning_rate': 0.026979770209674857}. Best is trial 16 with value: 0.09483899921178818.
LOCAL_RANK: 0 - CUDA_VISIBLE_DEVICES: [0]
[I 2023-11-30 00:42:08,692] Trial 37 finished with value: 0.14653223752975464 and parameters: {'gradient_clip_val': 0.6774428377622711, 'hidden_size': 127, 'dropout': 0.16828775780078392, 'hidden_continuous_size': 112, 'attention_head_size': 1, 'learning_rate': 0.006779135407169372}. Best is trial 16 with value: 0.09483899921178818.
LOCAL_RANK: 0 - CUDA_VISIBLE_DEVICES: [0]
[I 2023-11-30 00:42:22,622] Trial 38 finished with value: 0.2072288542985916 and parameters: {'gradient_clip_val': 0.4594251635323636, 'hidden_size': 92, 'dropout': 0.14909514906027072, 'hidden_continuous_size': 72, 'attention_head_size': 2, 'learning_rate': 0.05956846981041336}. Best is trial 16 with value: 0.09483899921178818.
LOCAL_RANK: 0 - CUDA_VISIBLE_DEVICES: [0]
[I 2023-11-30 00:42:36,147] Trial 39 finished with value: 0.12212546914815903 and parameters: {'gradient_clip_val': 0.38954245049653485, 'hidden_size': 68, 'dropout': 0.17509048308848768, 'hidden_continuous_size': 63, 'attention_head_size': 1, 'learning_rate': 0.014050294001945258}. Best is trial 16 with value: 0.09483899921178818.
LOCAL_RANK: 0 - CUDA_VISIBLE_DEVICES: [0]
[I 2023-11-30 00:42:50,547] Trial 40 finished with value: 0.2418324500322342 and parameters: {'gradient_clip_val': 0.5437600279743872, 'hidden_size': 114, 'dropout': 0.13787712787339013, 'hidden_continuous_size': 91, 'attention_head_size': 4, 'learning_rate': 0.024306021938346176}. Best is trial 16 with value: 0.09483899921178818.
LOCAL_RANK: 0 - CUDA_VISIBLE_DEVICES: [0]
[I 2023-11-30 00:43:01,646] Trial 41 finished with value: 0.14690254628658295 and parameters: {'gradient_clip_val': 0.8734494714396407, 'hidden_size': 150, 'dropout': 0.15243999312333292, 'hidden_continuous_size': 150, 'attention_head_size': 1, 'learning_rate': 0.030508818375746427}. Best is trial 16 with value: 0.09483899921178818.
LOCAL_RANK: 0 - CUDA_VISIBLE_DEVICES: [0]
[I 2023-11-30 00:43:16,031] Trial 42 finished with value: 0.140467569231987 and parameters: {'gradient_clip_val': 0.7422161778124954, 'hidden_size': 130, 'dropout': 0.11567865041928899, 'hidden_continuous_size': 118, 'attention_head_size': 1, 'learning_rate': 0.030984117905059123}. Best is trial 16 with value: 0.09483899921178818.
LOCAL_RANK: 0 - CUDA_VISIBLE_DEVICES: [0]
[I 2023-11-30 00:43:30,529] Trial 43 finished with value: 0.19476599991321564 and parameters: {'gradient_clip_val': 0.8996575336745392, 'hidden_size': 138, 'dropout': 0.13839931768402935, 'hidden_continuous_size': 124, 'attention_head_size': 1, 'learning_rate': 0.019534173265180612}. Best is trial 16 with value: 0.09483899921178818.
LOCAL_RANK: 0 - CUDA_VISIBLE_DEVICES: [0]
[I 2023-11-30 00:43:44,733] Trial 44 finished with value: 0.17847807705402374 and parameters: {'gradient_clip_val': 0.7551025347529787, 'hidden_size': 113, 'dropout': 0.15880397646508876, 'hidden_continuous_size': 93, 'attention_head_size': 1, 'learning_rate': 0.04206809167782766}. Best is trial 16 with value: 0.09483899921178818.
LOCAL_RANK: 0 - CUDA_VISIBLE_DEVICES: [0]
[I 2023-11-30 00:43:58,515] Trial 45 finished with value: 0.1893349438905716 and parameters: {'gradient_clip_val': 0.909479957163011, 'hidden_size': 92, 'dropout': 0.10952895778833822, 'hidden_continuous_size': 85, 'attention_head_size': 1, 'learning_rate': 0.02547279384629232}. Best is trial 16 with value: 0.09483899921178818.
LOCAL_RANK: 0 - CUDA_VISIBLE_DEVICES: [0]
[I 2023-11-30 00:44:12,984] Trial 46 finished with value: 0.13661743700504303 and parameters: {'gradient_clip_val': 0.34814633218312113, 'hidden_size': 136, 'dropout': 0.18038415386676152, 'hidden_continuous_size': 118, 'attention_head_size': 1, 'learning_rate': 0.011887320614081593}. Best is trial 16 with value: 0.09483899921178818.
LOCAL_RANK: 0 - CUDA_VISIBLE_DEVICES: [0]
[I 2023-11-30 00:44:27,799] Trial 47 finished with value: 0.22171573340892792 and parameters: {'gradient_clip_val': 0.6851994135340362, 'hidden_size': 150, 'dropout': 0.15077817679957178, 'hidden_continuous_size': 146, 'attention_head_size': 2, 'learning_rate': 0.016378831061525826}. Best is trial 16 with value: 0.09483899921178818.
LOCAL_RANK: 0 - CUDA_VISIBLE_DEVICES: [0]
[I 2023-11-30 00:44:41,903] Trial 48 finished with value: 0.2192777395248413 and parameters: {'gradient_clip_val': 0.9427886004626989, 'hidden_size': 81, 'dropout': 0.20767711540695802, 'hidden_continuous_size': 74, 'attention_head_size': 3, 'learning_rate': 0.021544558484553368}. Best is trial 16 with value: 0.09483899921178818.
LOCAL_RANK: 0 - CUDA_VISIBLE_DEVICES: [0]
[I 2023-11-30 00:44:56,317] Trial 49 finished with value: 0.16625122725963593 and parameters: {'gradient_clip_val': 0.792753026189193, 'hidden_size': 129, 'dropout': 0.2321628660872365, 'hidden_continuous_size': 110, 'attention_head_size': 1, 'learning_rate': 0.09826366549758275}. Best is trial 16 with value: 0.09483899921178818.
LOCAL_RANK: 0 - CUDA_VISIBLE_DEVICES: [0]
[I 2023-11-30 00:45:10,564] Trial 50 finished with value: 0.12291484326124191 and parameters: {'gradient_clip_val': 0.656241893982078, 'hidden_size': 106, 'dropout': 0.12490173403433721, 'hidden_continuous_size': 91, 'attention_head_size': 2, 'learning_rate': 0.012052162389881235}. Best is trial 16 with value: 0.09483899921178818.
LOCAL_RANK: 0 - CUDA_VISIBLE_DEVICES: [0]
[I 2023-11-30 00:45:24,909] Trial 51 finished with value: 0.2949022054672241 and parameters: {'gradient_clip_val': 0.988714708272677, 'hidden_size': 136, 'dropout': 0.10563861933105007, 'hidden_continuous_size': 125, 'attention_head_size': 1, 'learning_rate': 0.021775746110951878}. Best is trial 16 with value: 0.09483899921178818.
LOCAL_RANK: 0 - CUDA_VISIBLE_DEVICES: [0]
[I 2023-11-30 00:45:39,006] Trial 52 finished with value: 0.1366448998451233 and parameters: {'gradient_clip_val': 0.715611602483581, 'hidden_size': 116, 'dropout': 0.10002782314475864, 'hidden_continuous_size': 103, 'attention_head_size': 1, 'learning_rate': 0.03455470862266965}. Best is trial 16 with value: 0.09483899921178818.
LOCAL_RANK: 0 - CUDA_VISIBLE_DEVICES: [0]
[I 2023-11-30 00:45:53,602] Trial 53 finished with value: 0.15476129949092865 and parameters: {'gradient_clip_val': 0.622796854401408, 'hidden_size': 150, 'dropout': 0.11143501047130872, 'hidden_continuous_size': 136, 'attention_head_size': 1, 'learning_rate': 0.027138645733125605}. Best is trial 16 with value: 0.09483899921178818.
LOCAL_RANK: 0 - CUDA_VISIBLE_DEVICES: [0]
[I 2023-11-30 00:46:07,630] Trial 54 finished with value: 0.13812512159347534 and parameters: {'gradient_clip_val': 0.8010351759073893, 'hidden_size': 95, 'dropout': 0.13978820517034904, 'hidden_continuous_size': 85, 'attention_head_size': 1, 'learning_rate': 0.014361289157273539}. Best is trial 16 with value: 0.09483899921178818.
LOCAL_RANK: 0 - CUDA_VISIBLE_DEVICES: [0]
[I 2023-11-30 00:46:22,126] Trial 55 finished with value: 0.11709854006767273 and parameters: {'gradient_clip_val': 0.9015465325661729, 'hidden_size': 138, 'dropout': 0.1266198186710247, 'hidden_continuous_size': 124, 'attention_head_size': 1, 'learning_rate': 0.018587201304273826}. Best is trial 16 with value: 0.09483899921178818.
LOCAL_RANK: 0 - CUDA_VISIBLE_DEVICES: [0]
[I 2023-11-30 00:46:36,844] Trial 56 finished with value: 0.23054571449756622 and parameters: {'gradient_clip_val': 0.8987165924678095, 'hidden_size': 134, 'dropout': 0.1281626035867855, 'hidden_continuous_size': 120, 'attention_head_size': 1, 'learning_rate': 0.016962632719700416}. Best is trial 16 with value: 0.09483899921178818.
LOCAL_RANK: 0 - CUDA_VISIBLE_DEVICES: [0]
[I 2023-11-30 00:46:50,994] Trial 57 finished with value: 0.15024037659168243 and parameters: {'gradient_clip_val': 0.8536273126016972, 'hidden_size': 106, 'dropout': 0.14487079309966813, 'hidden_continuous_size': 97, 'attention_head_size': 1, 'learning_rate': 0.009510923064476519}. Best is trial 16 with value: 0.09483899921178818.
LOCAL_RANK: 0 - CUDA_VISIBLE_DEVICES: [0]
[I 2023-11-30 00:47:05,082] Trial 58 finished with value: 0.10653695464134216 and parameters: {'gradient_clip_val': 0.9889075315216642, 'hidden_size': 120, 'dropout': 0.17863858680772193, 'hidden_continuous_size': 108, 'attention_head_size': 1, 'learning_rate': 0.018609968064532134}. Best is trial 16 with value: 0.09483899921178818.
LOCAL_RANK: 0 - CUDA_VISIBLE_DEVICES: [0]
[I 2023-11-30 00:47:19,552] Trial 59 finished with value: 0.25226178765296936 and parameters: {'gradient_clip_val': 0.7934157749129096, 'hidden_size': 118, 'dropout': 0.18054853575734398, 'hidden_continuous_size': 104, 'attention_head_size': 2, 'learning_rate': 0.013907580569836667}. Best is trial 16 with value: 0.09483899921178818.
LOCAL_RANK: 0 - CUDA_VISIBLE_DEVICES: [0]
[I 2023-11-30 00:47:33,881] Trial 60 finished with value: 0.21006019413471222 and parameters: {'gradient_clip_val': 0.7009447205097392, 'hidden_size': 98, 'dropout': 0.15738132963702617, 'hidden_continuous_size': 89, 'attention_head_size': 4, 'learning_rate': 0.008030468275504245}. Best is trial 16 with value: 0.09483899921178818.
LOCAL_RANK: 0 - CUDA_VISIBLE_DEVICES: [0]
[I 2023-11-30 00:47:48,616] Trial 61 finished with value: 0.24364173412322998 and parameters: {'gradient_clip_val': 0.9470074199872367, 'hidden_size': 137, 'dropout': 0.19361498067391758, 'hidden_continuous_size': 125, 'attention_head_size': 1, 'learning_rate': 0.018995352920837386}. Best is trial 16 with value: 0.09483899921178818.
LOCAL_RANK: 0 - CUDA_VISIBLE_DEVICES: [0]
[I 2023-11-30 00:48:02,989] Trial 62 finished with value: 0.10121683031320572 and parameters: {'gradient_clip_val': 0.989109168622102, 'hidden_size': 121, 'dropout': 0.12775649041562104, 'hidden_continuous_size': 111, 'attention_head_size': 1, 'learning_rate': 0.010782982906834207}. Best is trial 16 with value: 0.09483899921178818.
LOCAL_RANK: 0 - CUDA_VISIBLE_DEVICES: [0]
[I 2023-11-30 00:48:17,079] Trial 63 finished with value: 0.15988904237747192 and parameters: {'gradient_clip_val': 0.9914604359917133, 'hidden_size': 121, 'dropout': 0.15951799002210043, 'hidden_continuous_size': 109, 'attention_head_size': 1, 'learning_rate': 0.01117448481688516}. Best is trial 16 with value: 0.09483899921178818.
LOCAL_RANK: 0 - CUDA_VISIBLE_DEVICES: [0]
[I 2023-11-30 00:48:31,135] Trial 64 finished with value: 0.1497996300458908 and parameters: {'gradient_clip_val': 0.8578566210636998, 'hidden_size': 108, 'dropout': 0.1343068535094719, 'hidden_continuous_size': 99, 'attention_head_size': 1, 'learning_rate': 0.010489660260539681}. Best is trial 16 with value: 0.09483899921178818.
LOCAL_RANK: 0 - CUDA_VISIBLE_DEVICES: [0]
[I 2023-11-30 00:48:45,241] Trial 65 finished with value: 0.1299818605184555 and parameters: {'gradient_clip_val': 0.777069506202275, 'hidden_size': 121, 'dropout': 0.11858622198329236, 'hidden_continuous_size': 109, 'attention_head_size': 1, 'learning_rate': 0.012861179704970322}. Best is trial 16 with value: 0.09483899921178818.
LOCAL_RANK: 0 - CUDA_VISIBLE_DEVICES: [0]
[I 2023-11-30 00:48:59,972] Trial 66 finished with value: 0.19597192108631134 and parameters: {'gradient_clip_val': 0.9901369830290945, 'hidden_size': 139, 'dropout': 0.15041941876954626, 'hidden_continuous_size': 125, 'attention_head_size': 1, 'learning_rate': 0.006745688586238883}. Best is trial 16 with value: 0.09483899921178818.
LOCAL_RANK: 0 - CUDA_VISIBLE_DEVICES: [0]
[I 2023-11-30 00:49:14,199] Trial 67 finished with value: 0.23850767314434052 and parameters: {'gradient_clip_val': 0.8331997608153152, 'hidden_size': 124, 'dropout': 0.1707675127640565, 'hidden_continuous_size': 115, 'attention_head_size': 1, 'learning_rate': 0.015398234788088206}. Best is trial 16 with value: 0.09483899921178818.
LOCAL_RANK: 0 - CUDA_VISIBLE_DEVICES: [0]
