[I 2023-11-30 15:43:07,523] Trial 34 finished with value: 35.55195617675781 and parameters: {'gradient_clip_val': 0.1479715600357793, 'hidden_size': 44, 'dropout': 0.2847975796948392, 'hidden_continuous_size': 16, 'attention_head_size': 1, 'learning_rate': 0.036686749708461384}. Best is trial 27 with value: 22.2375431060791.
LOCAL_RANK: 0 - CUDA_VISIBLE_DEVICES: [0]
[I 2023-11-30 15:43:22,141] Trial 35 finished with value: 44.06400680541992 and parameters: {'gradient_clip_val': 0.10036104223262501, 'hidden_size': 98, 'dropout': 0.23967835364239776, 'hidden_continuous_size': 12, 'attention_head_size': 2, 'learning_rate': 0.02528744565920184}. Best is trial 27 with value: 22.2375431060791.
LOCAL_RANK: 0 - CUDA_VISIBLE_DEVICES: [0]
[I 2023-11-30 15:43:38,027] Trial 36 finished with value: 27.3999080657959 and parameters: {'gradient_clip_val': 0.16923133977179394, 'hidden_size': 125, 'dropout': 0.29971229957697226, 'hidden_continuous_size': 32, 'attention_head_size': 4, 'learning_rate': 0.040182292156099614}. Best is trial 27 with value: 22.2375431060791.
LOCAL_RANK: 0 - CUDA_VISIBLE_DEVICES: [0]
[I 2023-11-30 15:43:52,789] Trial 37 finished with value: 39.62217712402344 and parameters: {'gradient_clip_val': 0.1365508155975681, 'hidden_size': 81, 'dropout': 0.27110302251087354, 'hidden_continuous_size': 26, 'attention_head_size': 3, 'learning_rate': 0.09816560940155615}. Best is trial 27 with value: 22.2375431060791.
LOCAL_RANK: 0 - CUDA_VISIBLE_DEVICES: [0]
[I 2023-11-30 15:44:08,268] Trial 38 finished with value: 34.18880844116211 and parameters: {'gradient_clip_val': 0.20483951139949552, 'hidden_size': 125, 'dropout': 0.22837334414170976, 'hidden_continuous_size': 12, 'attention_head_size': 2, 'learning_rate': 0.058804545062690824}. Best is trial 27 with value: 22.2375431060791.
LOCAL_RANK: 0 - CUDA_VISIBLE_DEVICES: [0]
[I 2023-11-30 15:44:23,123] Trial 39 finished with value: 27.051435470581055 and parameters: {'gradient_clip_val': 0.1822849360642174, 'hidden_size': 95, 'dropout': 0.21199388721297371, 'hidden_continuous_size': 15, 'attention_head_size': 4, 'learning_rate': 0.02808514334630696}. Best is trial 27 with value: 22.2375431060791.
LOCAL_RANK: 0 - CUDA_VISIBLE_DEVICES: [0]
[I 2023-11-30 15:44:37,704] Trial 40 finished with value: 38.82709884643555 and parameters: {'gradient_clip_val': 0.11729356750487617, 'hidden_size': 63, 'dropout': 0.25420158628870915, 'hidden_continuous_size': 23, 'attention_head_size': 1, 'learning_rate': 0.008884049987611012}. Best is trial 27 with value: 22.2375431060791.
LOCAL_RANK: 0 - CUDA_VISIBLE_DEVICES: [0]
[I 2023-11-30 15:44:53,633] Trial 41 finished with value: 24.20652961730957 and parameters: {'gradient_clip_val': 0.4117934185530166, 'hidden_size': 134, 'dropout': 0.35896766537425384, 'hidden_continuous_size': 60, 'attention_head_size': 3, 'learning_rate': 0.036505789819760256}. Best is trial 27 with value: 22.2375431060791.
LOCAL_RANK: 0 - CUDA_VISIBLE_DEVICES: [0]
[I 2023-11-30 15:45:09,503] Trial 42 finished with value: 24.698287963867188 and parameters: {'gradient_clip_val': 0.4310623851754935, 'hidden_size': 149, 'dropout': 0.3630867186533099, 'hidden_continuous_size': 71, 'attention_head_size': 3, 'learning_rate': 0.039431472489597094}. Best is trial 27 with value: 22.2375431060791.
LOCAL_RANK: 0 - CUDA_VISIBLE_DEVICES: [0]
[I 2023-11-30 15:45:25,412] Trial 43 finished with value: 23.185012817382812 and parameters: {'gradient_clip_val': 0.358185583829473, 'hidden_size': 105, 'dropout': 0.37603113408600203, 'hidden_continuous_size': 75, 'attention_head_size': 4, 'learning_rate': 0.030845080641321306}. Best is trial 27 with value: 22.2375431060791.
LOCAL_RANK: 0 - CUDA_VISIBLE_DEVICES: [0]
[I 2023-11-30 15:45:41,209] Trial 44 finished with value: 21.841407775878906 and parameters: {'gradient_clip_val': 0.28133338974027944, 'hidden_size': 105, 'dropout': 0.3234830245565013, 'hidden_continuous_size': 80, 'attention_head_size': 4, 'learning_rate': 0.06305551273909592}. Best is trial 44 with value: 21.841407775878906.
LOCAL_RANK: 0 - CUDA_VISIBLE_DEVICES: [0]
[I 2023-11-30 15:45:57,504] Trial 45 finished with value: 25.991769790649414 and parameters: {'gradient_clip_val': 0.2807754962661483, 'hidden_size': 123, 'dropout': 0.3216914677642852, 'hidden_continuous_size': 85, 'attention_head_size': 4, 'learning_rate': 0.0674385501838358}. Best is trial 44 with value: 21.841407775878906.
LOCAL_RANK: 0 - CUDA_VISIBLE_DEVICES: [0]
[I 2023-11-30 15:46:12,820] Trial 46 finished with value: 21.360727310180664 and parameters: {'gradient_clip_val': 0.2349119368871853, 'hidden_size': 91, 'dropout': 0.30803533048336035, 'hidden_continuous_size': 47, 'attention_head_size': 4, 'learning_rate': 0.07693520870958734}. Best is trial 46 with value: 21.360727310180664.
LOCAL_RANK: 0 - CUDA_VISIBLE_DEVICES: [0]
[I 2023-11-30 15:46:28,072] Trial 47 finished with value: 19.01014518737793 and parameters: {'gradient_clip_val': 0.25514767294870055, 'hidden_size': 89, 'dropout': 0.2921550980700884, 'hidden_continuous_size': 48, 'attention_head_size': 4, 'learning_rate': 0.07540167243926403}. Best is trial 47 with value: 19.01014518737793.
LOCAL_RANK: 0 - CUDA_VISIBLE_DEVICES: [0]
[I 2023-11-30 15:46:43,116] Trial 48 finished with value: 22.083877563476562 and parameters: {'gradient_clip_val': 0.23662475895340757, 'hidden_size': 87, 'dropout': 0.2990463768434892, 'hidden_continuous_size': 45, 'attention_head_size': 4, 'learning_rate': 0.07805195821358582}. Best is trial 47 with value: 19.01014518737793.
LOCAL_RANK: 0 - CUDA_VISIBLE_DEVICES: [0]
[I 2023-11-30 15:46:58,476] Trial 49 finished with value: 23.2876033782959 and parameters: {'gradient_clip_val': 0.2449022564537041, 'hidden_size': 89, 'dropout': 0.3023379721291524, 'hidden_continuous_size': 44, 'attention_head_size': 4, 'learning_rate': 0.079159528959328}. Best is trial 47 with value: 19.01014518737793.
LOCAL_RANK: 0 - CUDA_VISIBLE_DEVICES: [0]
[I 2023-11-30 15:47:13,927] Trial 50 finished with value: 29.736196517944336 and parameters: {'gradient_clip_val': 0.28285586169804916, 'hidden_size': 94, 'dropout': 0.28392229432117333, 'hidden_continuous_size': 39, 'attention_head_size': 4, 'learning_rate': 0.08015639696231242}. Best is trial 47 with value: 19.01014518737793.
LOCAL_RANK: 0 - CUDA_VISIBLE_DEVICES: [0]
[I 2023-11-30 15:47:29,326] Trial 51 finished with value: 30.724609375 and parameters: {'gradient_clip_val': 0.23313773221450856, 'hidden_size': 105, 'dropout': 0.29275058155520384, 'hidden_continuous_size': 52, 'attention_head_size': 4, 'learning_rate': 0.06101527840509789}. Best is trial 47 with value: 19.01014518737793.
LOCAL_RANK: 0 - CUDA_VISIBLE_DEVICES: [0]
[I 2023-11-30 15:47:44,355] Trial 52 finished with value: 32.16609573364258 and parameters: {'gradient_clip_val': 0.25894139187297943, 'hidden_size': 84, 'dropout': 0.278568601602949, 'hidden_continuous_size': 49, 'attention_head_size': 4, 'learning_rate': 0.07641414098928079}. Best is trial 47 with value: 19.01014518737793.
LOCAL_RANK: 0 - CUDA_VISIBLE_DEVICES: [0]
[I 2023-11-30 15:47:59,585] Trial 53 finished with value: 25.180627822875977 and parameters: {'gradient_clip_val': 0.30604501351954166, 'hidden_size': 70, 'dropout': 0.30043403757280573, 'hidden_continuous_size': 40, 'attention_head_size': 4, 'learning_rate': 0.06692009034701846}. Best is trial 47 with value: 19.01014518737793.
LOCAL_RANK: 0 - CUDA_VISIBLE_DEVICES: [0]
[I 2023-11-30 15:48:14,867] Trial 54 finished with value: 20.0382080078125 and parameters: {'gradient_clip_val': 0.222352313353715, 'hidden_size': 100, 'dropout': 0.26445981144621256, 'hidden_continuous_size': 45, 'attention_head_size': 4, 'learning_rate': 0.0583901077685136}. Best is trial 47 with value: 19.01014518737793.
LOCAL_RANK: 0 - CUDA_VISIBLE_DEVICES: [0]
[I 2023-11-30 15:48:30,183] Trial 55 finished with value: 36.24374008178711 and parameters: {'gradient_clip_val': 0.22023216792722122, 'hidden_size': 99, 'dropout': 0.26920489461870345, 'hidden_continuous_size': 43, 'attention_head_size': 4, 'learning_rate': 0.09659224489924965}. Best is trial 47 with value: 19.01014518737793.
LOCAL_RANK: 0 - CUDA_VISIBLE_DEVICES: [0]
[I 2023-11-30 15:48:45,944] Trial 56 finished with value: 24.40529441833496 and parameters: {'gradient_clip_val': 0.25337503043947085, 'hidden_size': 118, 'dropout': 0.3089738556577813, 'hidden_continuous_size': 51, 'attention_head_size': 4, 'learning_rate': 0.08182017307028576}. Best is trial 47 with value: 19.01014518737793.
LOCAL_RANK: 0 - CUDA_VISIBLE_DEVICES: [0]
[I 2023-11-30 15:49:00,757] Trial 57 finished with value: 25.4941349029541 and parameters: {'gradient_clip_val': 0.22821186737778884, 'hidden_size': 78, 'dropout': 0.2861507493145068, 'hidden_continuous_size': 47, 'attention_head_size': 4, 'learning_rate': 0.05696576378002371}. Best is trial 47 with value: 19.01014518737793.
LOCAL_RANK: 0 - CUDA_VISIBLE_DEVICES: [0]
[I 2023-11-30 15:49:16,299] Trial 58 finished with value: 28.061965942382812 and parameters: {'gradient_clip_val': 0.1999367237743079, 'hidden_size': 86, 'dropout': 0.2611312253703427, 'hidden_continuous_size': 37, 'attention_head_size': 4, 'learning_rate': 0.06679866801164977}. Best is trial 47 with value: 19.01014518737793.
LOCAL_RANK: 0 - CUDA_VISIBLE_DEVICES: [0]
[I 2023-11-30 15:49:31,082] Trial 59 finished with value: 21.5638370513916 and parameters: {'gradient_clip_val': 0.2640635755427987, 'hidden_size': 100, 'dropout': 0.2919521662299877, 'hidden_continuous_size': 32, 'attention_head_size': 3, 'learning_rate': 0.0455950038587709}. Best is trial 47 with value: 19.01014518737793.
LOCAL_RANK: 0 - CUDA_VISIBLE_DEVICES: [0]
[I 2023-11-30 15:49:45,975] Trial 60 finished with value: 23.755523681640625 and parameters: {'gradient_clip_val': 0.2630027071440392, 'hidden_size': 100, 'dropout': 0.31673325649705303, 'hidden_continuous_size': 28, 'attention_head_size': 3, 'learning_rate': 0.045351275190584205}. Best is trial 47 with value: 19.01014518737793.
LOCAL_RANK: 0 - CUDA_VISIBLE_DEVICES: [0]
[I 2023-11-30 15:50:02,534] Trial 61 finished with value: 24.995962142944336 and parameters: {'gradient_clip_val': 0.2357086977723392, 'hidden_size': 113, 'dropout': 0.2926732916929915, 'hidden_continuous_size': 31, 'attention_head_size': 4, 'learning_rate': 0.05480044577711139}. Best is trial 47 with value: 19.01014518737793.
LOCAL_RANK: 0 - CUDA_VISIBLE_DEVICES: [0]
[I 2023-11-30 15:50:17,682] Trial 62 finished with value: 22.943185806274414 and parameters: {'gradient_clip_val': 0.3011692042302098, 'hidden_size': 91, 'dropout': 0.30522250222834224, 'hidden_continuous_size': 44, 'attention_head_size': 3, 'learning_rate': 0.08436468148446825}. Best is trial 47 with value: 19.01014518737793.
LOCAL_RANK: 0 - CUDA_VISIBLE_DEVICES: [0]
[I 2023-11-30 15:50:33,449] Trial 63 finished with value: 28.83317756652832 and parameters: {'gradient_clip_val': 0.26711080121710495, 'hidden_size': 134, 'dropout': 0.3337370126429717, 'hidden_continuous_size': 34, 'attention_head_size': 4, 'learning_rate': 0.07148971468967583}. Best is trial 47 with value: 19.01014518737793.
LOCAL_RANK: 0 - CUDA_VISIBLE_DEVICES: [0]
[I 2023-11-30 15:50:48,590] Trial 64 finished with value: 28.703214645385742 and parameters: {'gradient_clip_val': 0.21710432197453725, 'hidden_size': 75, 'dropout': 0.27943683105267214, 'hidden_continuous_size': 42, 'attention_head_size': 4, 'learning_rate': 0.09672463064047473}. Best is trial 47 with value: 19.01014518737793.
LOCAL_RANK: 0 - CUDA_VISIBLE_DEVICES: [0]
[I 2023-11-30 15:51:03,126] Trial 65 finished with value: 31.900426864624023 and parameters: {'gradient_clip_val': 0.2880916694063525, 'hidden_size': 65, 'dropout': 0.3195050209031955, 'hidden_continuous_size': 37, 'attention_head_size': 3, 'learning_rate': 0.04565328422828093}. Best is trial 47 with value: 19.01014518737793.
LOCAL_RANK: 0 - CUDA_VISIBLE_DEVICES: [0]
[I 2023-11-30 15:51:19,038] Trial 66 finished with value: 31.463319778442383 and parameters: {'gradient_clip_val': 0.3145421429559272, 'hidden_size': 111, 'dropout': 0.2928074694095328, 'hidden_continuous_size': 55, 'attention_head_size': 4, 'learning_rate': 0.0623115635165155}. Best is trial 47 with value: 19.01014518737793.
LOCAL_RANK: 0 - CUDA_VISIBLE_DEVICES: [0]
[I 2023-11-30 15:51:33,667] Trial 67 finished with value: 23.442941665649414 and parameters: {'gradient_clip_val': 0.24643802440956397, 'hidden_size': 58, 'dropout': 0.26141909975946936, 'hidden_continuous_size': 40, 'attention_head_size': 3, 'learning_rate': 0.05424788060151044}. Best is trial 47 with value: 19.01014518737793.
LOCAL_RANK: 0 - CUDA_VISIBLE_DEVICES: [0]
[I 2023-11-30 15:51:49,137] Trial 68 finished with value: 26.625703811645508 and parameters: {'gradient_clip_val': 0.33197321356193177, 'hidden_size': 103, 'dropout': 0.30823692190149354, 'hidden_continuous_size': 30, 'attention_head_size': 4, 'learning_rate': 0.07479171119190983}. Best is trial 47 with value: 19.01014518737793.
LOCAL_RANK: 0 - CUDA_VISIBLE_DEVICES: [0]
[I 2023-11-30 15:52:03,918] Trial 69 finished with value: 22.146507263183594 and parameters: {'gradient_clip_val': 0.1999442872395054, 'hidden_size': 88, 'dropout': 0.24570660958303775, 'hidden_continuous_size': 46, 'attention_head_size': 2, 'learning_rate': 0.04200877933825951}. Best is trial 47 with value: 19.01014518737793.
LOCAL_RANK: 0 - CUDA_VISIBLE_DEVICES: [0]
[I 2023-11-30 15:52:19,251] Trial 70 finished with value: 21.36955451965332 and parameters: {'gradient_clip_val': 0.2026218585175202, 'hidden_size': 87, 'dropout': 0.24904447529224852, 'hidden_continuous_size': 46, 'attention_head_size': 2, 'learning_rate': 0.04592163699197365}. Best is trial 47 with value: 19.01014518737793.
LOCAL_RANK: 0 - CUDA_VISIBLE_DEVICES: [0]
[I 2023-11-30 15:52:34,232] Trial 71 finished with value: 31.84612464904785 and parameters: {'gradient_clip_val': 0.19365570095923113, 'hidden_size': 87, 'dropout': 0.24405526407943218, 'hidden_continuous_size': 46, 'attention_head_size': 2, 'learning_rate': 0.04482563243594044}. Best is trial 47 with value: 19.01014518737793.
LOCAL_RANK: 0 - CUDA_VISIBLE_DEVICES: [0]
[I 2023-11-30 15:52:49,243] Trial 72 finished with value: 23.288108825683594 and parameters: {'gradient_clip_val': 0.2113288160381687, 'hidden_size': 78, 'dropout': 0.2537533820328263, 'hidden_continuous_size': 48, 'attention_head_size': 2, 'learning_rate': 0.08731552215325158}. Best is trial 47 with value: 19.01014518737793.
LOCAL_RANK: 0 - CUDA_VISIBLE_DEVICES: [0]
[I 2023-11-30 15:53:04,907] Trial 73 finished with value: 30.14183807373047 and parameters: {'gradient_clip_val': 0.22767300540562507, 'hidden_size': 94, 'dropout': 0.26654925676960783, 'hidden_continuous_size': 52, 'attention_head_size': 2, 'learning_rate': 0.05536783242069869}. Best is trial 47 with value: 19.01014518737793.
LOCAL_RANK: 0 - CUDA_VISIBLE_DEVICES: [0]
[I 2023-11-30 15:53:19,550] Trial 74 finished with value: 25.87529945373535 and parameters: {'gradient_clip_val': 0.2539015962515474, 'hidden_size': 74, 'dropout': 0.23882802329708974, 'hidden_continuous_size': 42, 'attention_head_size': 2, 'learning_rate': 0.06483795634515317}. Best is trial 47 with value: 19.01014518737793.
LOCAL_RANK: 0 - CUDA_VISIBLE_DEVICES: [0]
[I 2023-11-30 15:53:34,688] Trial 75 finished with value: 20.47890281677246 and parameters: {'gradient_clip_val': 0.19989996729175752, 'hidden_size': 83, 'dropout': 0.29755441730082954, 'hidden_continuous_size': 44, 'attention_head_size': 2, 'learning_rate': 0.04988863094374294}. Best is trial 47 with value: 19.01014518737793.
LOCAL_RANK: 0 - CUDA_VISIBLE_DEVICES: [0]
[I 2023-11-30 15:53:49,317] Trial 76 finished with value: 25.145910263061523 and parameters: {'gradient_clip_val': 0.24118017907507358, 'hidden_size': 68, 'dropout': 0.29702822466196643, 'hidden_continuous_size': 44, 'attention_head_size': 2, 'learning_rate': 0.050378850356374134}. Best is trial 47 with value: 19.01014518737793.
LOCAL_RANK: 0 - CUDA_VISIBLE_DEVICES: [0]
