[I 2023-11-30 08:53:18,208] Trial 29 finished with value: 45.01485061645508 and parameters: {'gradient_clip_val': 0.1013543152435569, 'hidden_size': 51, 'dropout': 0.17252871873504844, 'hidden_continuous_size': 10, 'attention_head_size': 3, 'learning_rate': 0.034797318777054914}. Best is trial 1 with value: 39.061798095703125.
LOCAL_RANK: 0 - CUDA_VISIBLE_DEVICES: [0]
[I 2023-11-30 08:53:30,845] Trial 30 finished with value: 44.62308120727539 and parameters: {'gradient_clip_val': 0.1875354505154865, 'hidden_size': 42, 'dropout': 0.2655220295747547, 'hidden_continuous_size': 15, 'attention_head_size': 1, 'learning_rate': 0.03962012531267646}. Best is trial 1 with value: 39.061798095703125.
LOCAL_RANK: 0 - CUDA_VISIBLE_DEVICES: [0]
[I 2023-11-30 08:53:43,939] Trial 31 finished with value: 44.25791549682617 and parameters: {'gradient_clip_val': 0.16531860985950056, 'hidden_size': 61, 'dropout': 0.23279954052199972, 'hidden_continuous_size': 19, 'attention_head_size': 1, 'learning_rate': 0.013490120810027163}. Best is trial 1 with value: 39.061798095703125.
LOCAL_RANK: 0 - CUDA_VISIBLE_DEVICES: [0]
[I 2023-11-30 08:53:57,608] Trial 32 finished with value: 43.350982666015625 and parameters: {'gradient_clip_val': 0.12073331578523701, 'hidden_size': 112, 'dropout': 0.23441995491648981, 'hidden_continuous_size': 21, 'attention_head_size': 1, 'learning_rate': 0.02352674277124279}. Best is trial 1 with value: 39.061798095703125.
LOCAL_RANK: 0 - CUDA_VISIBLE_DEVICES: [0]
[I 2023-11-30 08:54:10,838] Trial 33 finished with value: 43.967708587646484 and parameters: {'gradient_clip_val': 0.14553026208544728, 'hidden_size': 72, 'dropout': 0.21853373216921224, 'hidden_continuous_size': 24, 'attention_head_size': 2, 'learning_rate': 0.012555755534872173}. Best is trial 1 with value: 39.061798095703125.
LOCAL_RANK: 0 - CUDA_VISIBLE_DEVICES: [0]
[I 2023-11-30 08:54:23,728] Trial 34 finished with value: 44.88534927368164 and parameters: {'gradient_clip_val': 0.17050848385123177, 'hidden_size': 54, 'dropout': 0.17861726444599285, 'hidden_continuous_size': 17, 'attention_head_size': 1, 'learning_rate': 0.008779074832478263}. Best is trial 1 with value: 39.061798095703125.
LOCAL_RANK: 0 - CUDA_VISIBLE_DEVICES: [0]
[I 2023-11-30 08:54:36,824] Trial 35 finished with value: 40.29143142700195 and parameters: {'gradient_clip_val': 0.2157740206615009, 'hidden_size': 76, 'dropout': 0.20257969820641816, 'hidden_continuous_size': 14, 'attention_head_size': 2, 'learning_rate': 0.016273690290331377}. Best is trial 1 with value: 39.061798095703125.
LOCAL_RANK: 0 - CUDA_VISIBLE_DEVICES: [0]
[I 2023-11-30 08:54:50,319] Trial 36 finished with value: 44.863040924072266 and parameters: {'gradient_clip_val': 0.21707947466443617, 'hidden_size': 81, 'dropout': 0.1987258030202874, 'hidden_continuous_size': 13, 'attention_head_size': 3, 'learning_rate': 0.028214794777989164}. Best is trial 1 with value: 39.061798095703125.
LOCAL_RANK: 0 - CUDA_VISIBLE_DEVICES: [0]
[I 2023-11-30 08:55:04,020] Trial 37 finished with value: 46.32768630981445 and parameters: {'gradient_clip_val': 0.2627786383481159, 'hidden_size': 114, 'dropout': 0.21078455514337102, 'hidden_continuous_size': 15, 'attention_head_size': 2, 'learning_rate': 0.007418602470987795}. Best is trial 1 with value: 39.061798095703125.
LOCAL_RANK: 0 - CUDA_VISIBLE_DEVICES: [0]
[I 2023-11-30 08:55:16,545] Trial 38 finished with value: 44.57247543334961 and parameters: {'gradient_clip_val': 0.23761443700705367, 'hidden_size': 35, 'dropout': 0.1692750072219295, 'hidden_continuous_size': 11, 'attention_head_size': 3, 'learning_rate': 0.017994556362932023}. Best is trial 1 with value: 39.061798095703125.
LOCAL_RANK: 0 - CUDA_VISIBLE_DEVICES: [0]
[I 2023-11-30 08:55:28,642] Trial 39 finished with value: 39.71074295043945 and parameters: {'gradient_clip_val': 0.20041323053808385, 'hidden_size': 28, 'dropout': 0.20564241708597075, 'hidden_continuous_size': 14, 'attention_head_size': 2, 'learning_rate': 0.022749369734480173}. Best is trial 1 with value: 39.061798095703125.
LOCAL_RANK: 0 - CUDA_VISIBLE_DEVICES: [0]
[I 2023-11-30 08:55:40,996] Trial 40 finished with value: 42.16059112548828 and parameters: {'gradient_clip_val': 0.2051979872704504, 'hidden_size': 36, 'dropout': 0.14811992188781486, 'hidden_continuous_size': 14, 'attention_head_size': 2, 'learning_rate': 0.015551553547104682}. Best is trial 1 with value: 39.061798095703125.
LOCAL_RANK: 0 - CUDA_VISIBLE_DEVICES: [0]
[I 2023-11-30 08:55:53,415] Trial 41 finished with value: 40.249755859375 and parameters: {'gradient_clip_val': 0.203671605367538, 'hidden_size': 29, 'dropout': 0.20723311318442764, 'hidden_continuous_size': 13, 'attention_head_size': 2, 'learning_rate': 0.024356958198126732}. Best is trial 1 with value: 39.061798095703125.
LOCAL_RANK: 0 - CUDA_VISIBLE_DEVICES: [0]
[I 2023-11-30 08:56:05,367] Trial 42 finished with value: 41.960811614990234 and parameters: {'gradient_clip_val': 0.24066497874502257, 'hidden_size': 28, 'dropout': 0.2216084420313015, 'hidden_continuous_size': 13, 'attention_head_size': 2, 'learning_rate': 0.02142035930324125}. Best is trial 1 with value: 39.061798095703125.
LOCAL_RANK: 0 - CUDA_VISIBLE_DEVICES: [0]
[I 2023-11-30 08:56:17,883] Trial 43 finished with value: 45.47017288208008 and parameters: {'gradient_clip_val': 0.201151349724398, 'hidden_size': 39, 'dropout': 0.18568752837768737, 'hidden_continuous_size': 11, 'attention_head_size': 2, 'learning_rate': 0.010731146241442804}. Best is trial 1 with value: 39.061798095703125.
LOCAL_RANK: 0 - CUDA_VISIBLE_DEVICES: [0]
[I 2023-11-30 08:56:30,138] Trial 44 finished with value: 43.1708869934082 and parameters: {'gradient_clip_val': 0.30574895800242957, 'hidden_size': 27, 'dropout': 0.15627376042195867, 'hidden_continuous_size': 14, 'attention_head_size': 2, 'learning_rate': 0.016110177961246384}. Best is trial 1 with value: 39.061798095703125.
LOCAL_RANK: 0 - CUDA_VISIBLE_DEVICES: [0]
[I 2023-11-30 08:56:42,738] Trial 45 finished with value: 52.937896728515625 and parameters: {'gradient_clip_val': 0.2490928388225162, 'hidden_size': 35, 'dropout': 0.20689732180369597, 'hidden_continuous_size': 16, 'attention_head_size': 3, 'learning_rate': 0.006195762160551671}. Best is trial 1 with value: 39.061798095703125.
LOCAL_RANK: 0 - CUDA_VISIBLE_DEVICES: [0]
[I 2023-11-30 08:56:55,085] Trial 46 finished with value: 40.0949592590332 and parameters: {'gradient_clip_val': 0.210435770421362, 'hidden_size': 21, 'dropout': 0.25807070240499186, 'hidden_continuous_size': 13, 'attention_head_size': 2, 'learning_rate': 0.031894954226617714}. Best is trial 1 with value: 39.061798095703125.
LOCAL_RANK: 0 - CUDA_VISIBLE_DEVICES: [0]
[I 2023-11-30 08:57:07,282] Trial 47 finished with value: 47.12923812866211 and parameters: {'gradient_clip_val': 0.34602814391357517, 'hidden_size': 23, 'dropout': 0.2577176041602664, 'hidden_continuous_size': 13, 'attention_head_size': 2, 'learning_rate': 0.030388059365810485}. Best is trial 1 with value: 39.061798095703125.
LOCAL_RANK: 0 - CUDA_VISIBLE_DEVICES: [0]
[I 2023-11-30 08:57:19,504] Trial 48 finished with value: 47.487422943115234 and parameters: {'gradient_clip_val': 0.18002294621635806, 'hidden_size': 22, 'dropout': 0.25585509099533504, 'hidden_continuous_size': 13, 'attention_head_size': 2, 'learning_rate': 0.0456476176757588}. Best is trial 1 with value: 39.061798095703125.
LOCAL_RANK: 0 - CUDA_VISIBLE_DEVICES: [0]
[I 2023-11-30 08:57:31,634] Trial 49 finished with value: 48.4085693359375 and parameters: {'gradient_clip_val': 0.22804906022665522, 'hidden_size': 21, 'dropout': 0.27109136967437786, 'hidden_continuous_size': 13, 'attention_head_size': 3, 'learning_rate': 0.022923038727152432}. Best is trial 1 with value: 39.061798095703125.
LOCAL_RANK: 0 - CUDA_VISIBLE_DEVICES: [0]
[I 2023-11-30 08:57:43,808] Trial 50 finished with value: 42.84590530395508 and parameters: {'gradient_clip_val': 0.15762344426903985, 'hidden_size': 27, 'dropout': 0.29194564242515053, 'hidden_continuous_size': 15, 'attention_head_size': 2, 'learning_rate': 0.04565183181911928}. Best is trial 1 with value: 39.061798095703125.
LOCAL_RANK: 0 - CUDA_VISIBLE_DEVICES: [0]
[I 2023-11-30 08:57:56,203] Trial 51 finished with value: 43.66335678100586 and parameters: {'gradient_clip_val': 0.21088039839976447, 'hidden_size': 32, 'dropout': 0.2240681079101045, 'hidden_continuous_size': 14, 'attention_head_size': 2, 'learning_rate': 0.030817560630939867}. Best is trial 1 with value: 39.061798095703125.
LOCAL_RANK: 0 - CUDA_VISIBLE_DEVICES: [0]
[I 2023-11-30 08:58:08,389] Trial 52 finished with value: 42.30086898803711 and parameters: {'gradient_clip_val': 0.26294145865439433, 'hidden_size': 25, 'dropout': 0.21202050148546345, 'hidden_continuous_size': 14, 'attention_head_size': 2, 'learning_rate': 0.024837246010758967}. Best is trial 1 with value: 39.061798095703125.
LOCAL_RANK: 0 - CUDA_VISIBLE_DEVICES: [0]
[I 2023-11-30 08:58:20,488] Trial 53 finished with value: 48.95119094848633 and parameters: {'gradient_clip_val': 0.1980260525600799, 'hidden_size': 19, 'dropout': 0.23817119561014582, 'hidden_continuous_size': 12, 'attention_head_size': 2, 'learning_rate': 0.020020213218519056}. Best is trial 1 with value: 39.061798095703125.
LOCAL_RANK: 0 - CUDA_VISIBLE_DEVICES: [0]
[I 2023-11-30 08:58:32,341] Trial 54 finished with value: 60.37636184692383 and parameters: {'gradient_clip_val': 0.18163205023202558, 'hidden_size': 16, 'dropout': 0.24882200006570102, 'hidden_continuous_size': 10, 'attention_head_size': 2, 'learning_rate': 0.015535793952243082}. Best is trial 1 with value: 39.061798095703125.
LOCAL_RANK: 0 - CUDA_VISIBLE_DEVICES: [0]
[I 2023-11-30 08:58:44,978] Trial 55 finished with value: 45.99061584472656 and parameters: {'gradient_clip_val': 0.21922116654177642, 'hidden_size': 39, 'dropout': 0.2174820053703345, 'hidden_continuous_size': 11, 'attention_head_size': 2, 'learning_rate': 0.03228440738808369}. Best is trial 1 with value: 39.061798095703125.
LOCAL_RANK: 0 - CUDA_VISIBLE_DEVICES: [0]
[I 2023-11-30 08:58:57,640] Trial 56 finished with value: 44.39712142944336 and parameters: {'gradient_clip_val': 0.1380757238629292, 'hidden_size': 30, 'dropout': 0.2736591071435862, 'hidden_continuous_size': 16, 'attention_head_size': 3, 'learning_rate': 0.0244503328391141}. Best is trial 1 with value: 39.061798095703125.
LOCAL_RANK: 0 - CUDA_VISIBLE_DEVICES: [0]
[I 2023-11-30 08:59:09,520] Trial 57 finished with value: 48.6824951171875 and parameters: {'gradient_clip_val': 0.28535753726579416, 'hidden_size': 20, 'dropout': 0.19799822885452173, 'hidden_continuous_size': 12, 'attention_head_size': 2, 'learning_rate': 0.018534492869346355}. Best is trial 1 with value: 39.061798095703125.
LOCAL_RANK: 0 - CUDA_VISIBLE_DEVICES: [0]
[I 2023-11-30 08:59:21,702] Trial 58 finished with value: 52.02775955200195 and parameters: {'gradient_clip_val': 0.17553228188008632, 'hidden_size': 26, 'dropout': 0.23253043307837432, 'hidden_continuous_size': 15, 'attention_head_size': 1, 'learning_rate': 0.010737939487760865}. Best is trial 1 with value: 39.061798095703125.
LOCAL_RANK: 0 - CUDA_VISIBLE_DEVICES: [0]
[I 2023-11-30 08:59:33,762] Trial 59 finished with value: 45.44893264770508 and parameters: {'gradient_clip_val': 0.1528629495247714, 'hidden_size': 24, 'dropout': 0.25588419154576014, 'hidden_continuous_size': 13, 'attention_head_size': 2, 'learning_rate': 0.025948607035132423}. Best is trial 1 with value: 39.061798095703125.
LOCAL_RANK: 0 - CUDA_VISIBLE_DEVICES: [0]
[I 2023-11-30 08:59:45,716] Trial 60 finished with value: 48.104862213134766 and parameters: {'gradient_clip_val': 0.22723236945046288, 'hidden_size': 15, 'dropout': 0.1823573297492176, 'hidden_continuous_size': 11, 'attention_head_size': 1, 'learning_rate': 0.029039705621236176}. Best is trial 1 with value: 39.061798095703125.
LOCAL_RANK: 0 - CUDA_VISIBLE_DEVICES: [0]
[I 2023-11-30 08:59:58,302] Trial 61 finished with value: 44.38119888305664 and parameters: {'gradient_clip_val': 0.11255901577963924, 'hidden_size': 29, 'dropout': 0.20143891991660182, 'hidden_continuous_size': 12, 'attention_head_size': 4, 'learning_rate': 0.022023247661780116}. Best is trial 1 with value: 39.061798095703125.
LOCAL_RANK: 0 - CUDA_VISIBLE_DEVICES: [0]
[I 2023-11-30 09:00:10,893] Trial 62 finished with value: 40.787784576416016 and parameters: {'gradient_clip_val': 0.13181276557558, 'hidden_size': 33, 'dropout': 0.1924469829914331, 'hidden_continuous_size': 12, 'attention_head_size': 2, 'learning_rate': 0.03679616130036866}. Best is trial 1 with value: 39.061798095703125.
LOCAL_RANK: 0 - CUDA_VISIBLE_DEVICES: [0]
[I 2023-11-30 09:00:23,171] Trial 63 finished with value: 43.83610916137695 and parameters: {'gradient_clip_val': 0.19516128304799385, 'hidden_size': 29, 'dropout': 0.20656564131652402, 'hidden_continuous_size': 14, 'attention_head_size': 3, 'learning_rate': 0.02741611336874971}. Best is trial 1 with value: 39.061798095703125.
LOCAL_RANK: 0 - CUDA_VISIBLE_DEVICES: [0]
[I 2023-11-30 09:00:35,499] Trial 64 finished with value: 45.26005935668945 and parameters: {'gradient_clip_val': 0.12580323196882082, 'hidden_size': 22, 'dropout': 0.22593895318269167, 'hidden_continuous_size': 13, 'attention_head_size': 4, 'learning_rate': 0.02034939448925332}. Best is trial 1 with value: 39.061798095703125.
LOCAL_RANK: 0 - CUDA_VISIBLE_DEVICES: [0]
[I 2023-11-30 09:00:47,796] Trial 65 finished with value: 49.8724250793457 and parameters: {'gradient_clip_val': 0.10920671398057553, 'hidden_size': 25, 'dropout': 0.21470765249897944, 'hidden_continuous_size': 14, 'attention_head_size': 2, 'learning_rate': 0.01482470196818899}. Best is trial 1 with value: 39.061798095703125.
LOCAL_RANK: 0 - CUDA_VISIBLE_DEVICES: [0]
[I 2023-11-30 09:01:00,264] Trial 66 finished with value: 42.09010696411133 and parameters: {'gradient_clip_val': 0.17067902495813772, 'hidden_size': 30, 'dropout': 0.24558267718647514, 'hidden_continuous_size': 18, 'attention_head_size': 2, 'learning_rate': 0.017762455112596602}. Best is trial 1 with value: 39.061798095703125.
LOCAL_RANK: 0 - CUDA_VISIBLE_DEVICES: [0]
[I 2023-11-30 09:01:12,672] Trial 67 finished with value: 42.31821060180664 and parameters: {'gradient_clip_val': 0.15858814521095638, 'hidden_size': 34, 'dropout': 0.1899876362551475, 'hidden_continuous_size': 12, 'attention_head_size': 1, 'learning_rate': 0.04351126620540084}. Best is trial 1 with value: 39.061798095703125.
LOCAL_RANK: 0 - CUDA_VISIBLE_DEVICES: [0]
[I 2023-11-30 09:01:25,563] Trial 68 finished with value: 43.57163619995117 and parameters: {'gradient_clip_val': 0.14843306202692247, 'hidden_size': 42, 'dropout': 0.1803082988565811, 'hidden_continuous_size': 22, 'attention_head_size': 3, 'learning_rate': 0.03172975672936328}. Best is trial 1 with value: 39.061798095703125.
LOCAL_RANK: 0 - CUDA_VISIBLE_DEVICES: [0]
[I 2023-11-30 09:01:38,066] Trial 69 finished with value: 42.24495315551758 and parameters: {'gradient_clip_val': 0.18727433479380723, 'hidden_size': 37, 'dropout': 0.24058990655449758, 'hidden_continuous_size': 16, 'attention_head_size': 2, 'learning_rate': 0.0117241899772901}. Best is trial 1 with value: 39.061798095703125.
LOCAL_RANK: 0 - CUDA_VISIBLE_DEVICES: [0]
[I 2023-11-30 09:01:50,364] Trial 70 finished with value: 44.32322311401367 and parameters: {'gradient_clip_val': 0.11633760295010752, 'hidden_size': 32, 'dropout': 0.2654208934370518, 'hidden_continuous_size': 15, 'attention_head_size': 2, 'learning_rate': 0.03639864000496318}. Best is trial 1 with value: 39.061798095703125.
LOCAL_RANK: 0 - CUDA_VISIBLE_DEVICES: [0]
[I 2023-11-30 09:02:02,948] Trial 71 finished with value: 43.92111587524414 and parameters: {'gradient_clip_val': 0.1068761450160857, 'hidden_size': 33, 'dropout': 0.19559232333926738, 'hidden_continuous_size': 12, 'attention_head_size': 2, 'learning_rate': 0.03731198011701727}. Best is trial 1 with value: 39.061798095703125.
LOCAL_RANK: 0 - CUDA_VISIBLE_DEVICES: [0]
[I 2023-11-30 09:02:14,963] Trial 72 finished with value: 43.912322998046875 and parameters: {'gradient_clip_val': 0.13260543712683523, 'hidden_size': 28, 'dropout': 0.20565838800484718, 'hidden_continuous_size': 13, 'attention_head_size': 2, 'learning_rate': 0.026274741872999025}. Best is trial 1 with value: 39.061798095703125.
LOCAL_RANK: 0 - CUDA_VISIBLE_DEVICES: [0]
[I 2023-11-30 09:02:26,860] Trial 73 finished with value: 40.05609130859375 and parameters: {'gradient_clip_val': 0.13627949358773367, 'hidden_size': 24, 'dropout': 0.19268497927132536, 'hidden_continuous_size': 13, 'attention_head_size': 2, 'learning_rate': 0.05392150487807343}. Best is trial 1 with value: 39.061798095703125.
LOCAL_RANK: 0 - CUDA_VISIBLE_DEVICES: [0]
[I 2023-11-30 09:02:39,053] Trial 74 finished with value: 41.96149826049805 and parameters: {'gradient_clip_val': 0.14120270899521836, 'hidden_size': 23, 'dropout': 0.2275212567050501, 'hidden_continuous_size': 14, 'attention_head_size': 2, 'learning_rate': 0.05145861952382842}. Best is trial 1 with value: 39.061798095703125.
LOCAL_RANK: 0 - CUDA_VISIBLE_DEVICES: [0]
[I 2023-11-30 09:02:51,130] Trial 75 finished with value: 43.22773361206055 and parameters: {'gradient_clip_val': 0.20959981688707494, 'hidden_size': 27, 'dropout': 0.16187823994139913, 'hidden_continuous_size': 13, 'attention_head_size': 1, 'learning_rate': 0.06234058017290639}. Best is trial 1 with value: 39.061798095703125.
LOCAL_RANK: 0 - CUDA_VISIBLE_DEVICES: [0]
[I 2023-11-30 09:03:04,709] Trial 76 finished with value: 41.2971305847168 and parameters: {'gradient_clip_val': 0.10032025544728085, 'hidden_size': 91, 'dropout': 0.1772484569577621, 'hidden_continuous_size': 18, 'attention_head_size': 2, 'learning_rate': 0.053394856521012835}. Best is trial 1 with value: 39.061798095703125.
LOCAL_RANK: 0 - CUDA_VISIBLE_DEVICES: [0]
[I 2023-11-30 09:03:18,641] Trial 77 finished with value: 51.52387619018555 and parameters: {'gradient_clip_val': 0.12304946403353954, 'hidden_size': 107, 'dropout': 0.220483359348296, 'hidden_continuous_size': 33, 'attention_head_size': 3, 'learning_rate': 0.06977443197166108}. Best is trial 1 with value: 39.061798095703125.
LOCAL_RANK: 0 - CUDA_VISIBLE_DEVICES: [0]
[I 2023-11-30 09:03:32,698] Trial 78 finished with value: 44.453006744384766 and parameters: {'gradient_clip_val': 0.16112432052371495, 'hidden_size': 138, 'dropout': 0.2089242156024339, 'hidden_continuous_size': 20, 'attention_head_size': 2, 'learning_rate': 0.021508325779861497}. Best is trial 1 with value: 39.061798095703125.
LOCAL_RANK: 0 - CUDA_VISIBLE_DEVICES: [0]
[I 2023-11-30 09:03:44,785] Trial 79 finished with value: 45.210941314697266 and parameters: {'gradient_clip_val': 0.17497113047039972, 'hidden_size': 25, 'dropout': 0.18691175732171728, 'hidden_continuous_size': 14, 'attention_head_size': 2, 'learning_rate': 0.03377731582623416}. Best is trial 1 with value: 39.061798095703125.
LOCAL_RANK: 0 - CUDA_VISIBLE_DEVICES: [0]
[I 2023-11-30 09:03:56,980] Trial 80 finished with value: 42.015987396240234 and parameters: {'gradient_clip_val': 0.1901992755539198, 'hidden_size': 21, 'dropout': 0.19981058547063152, 'hidden_continuous_size': 13, 'attention_head_size': 2, 'learning_rate': 0.028869387004574153}. Best is trial 1 with value: 39.061798095703125.
LOCAL_RANK: 0 - CUDA_VISIBLE_DEVICES: [0]
[I 2023-11-30 09:04:09,476] Trial 81 finished with value: 43.398807525634766 and parameters: {'gradient_clip_val': 0.13795188257994598, 'hidden_size': 30, 'dropout': 0.1935426064053979, 'hidden_continuous_size': 12, 'attention_head_size': 2, 'learning_rate': 0.0419086349212074}. Best is trial 1 with value: 39.061798095703125.
LOCAL_RANK: 0 - CUDA_VISIBLE_DEVICES: [0]
[I 2023-11-30 09:04:21,871] Trial 82 finished with value: 43.49909591674805 and parameters: {'gradient_clip_val': 0.13394342986481583, 'hidden_size': 34, 'dropout': 0.17274295009445964, 'hidden_continuous_size': 11, 'attention_head_size': 2, 'learning_rate': 0.03478067826505655}. Best is trial 1 with value: 39.061798095703125.
LOCAL_RANK: 0 - CUDA_VISIBLE_DEVICES: [0]
[I 2023-11-30 09:04:35,424] Trial 83 finished with value: 42.31300354003906 and parameters: {'gradient_clip_val': 0.12425659072613641, 'hidden_size': 127, 'dropout': 0.21578918264915475, 'hidden_continuous_size': 10, 'attention_head_size': 2, 'learning_rate': 0.03820917336285711}. Best is trial 1 with value: 39.061798095703125.
LOCAL_RANK: 0 - CUDA_VISIBLE_DEVICES: [0]
[I 2023-11-30 09:04:47,805] Trial 84 finished with value: 39.64712905883789 and parameters: {'gradient_clip_val': 0.14888828723341466, 'hidden_size': 36, 'dropout': 0.19032992360060602, 'hidden_continuous_size': 12, 'attention_head_size': 2, 'learning_rate': 0.024132495300675436}. Best is trial 1 with value: 39.061798095703125.
LOCAL_RANK: 0 - CUDA_VISIBLE_DEVICES: [0]
[I 2023-11-30 09:05:00,277] Trial 85 finished with value: 45.117095947265625 and parameters: {'gradient_clip_val': 0.14735044296198047, 'hidden_size': 37, 'dropout': 0.1846997827260739, 'hidden_continuous_size': 11, 'attention_head_size': 2, 'learning_rate': 0.023620886808271613}. Best is trial 1 with value: 39.061798095703125.
LOCAL_RANK: 0 - CUDA_VISIBLE_DEVICES: [0]
[I 2023-11-30 09:05:12,460] Trial 86 finished with value: 45.154022216796875 and parameters: {'gradient_clip_val': 0.16822882395509886, 'hidden_size': 26, 'dropout': 0.20660487759906931, 'hidden_continuous_size': 13, 'attention_head_size': 1, 'learning_rate': 0.017552995039806212}. Best is trial 1 with value: 39.061798095703125.
LOCAL_RANK: 0 - CUDA_VISIBLE_DEVICES: [0]
[I 2023-11-30 09:05:25,491] Trial 87 finished with value: 46.50099563598633 and parameters: {'gradient_clip_val': 0.20073189677698947, 'hidden_size': 46, 'dropout': 0.23073838838730248, 'hidden_continuous_size': 25, 'attention_head_size': 2, 'learning_rate': 0.018972689779274136}. Best is trial 1 with value: 39.061798095703125.
LOCAL_RANK: 0 - CUDA_VISIBLE_DEVICES: [0]
