[I 2023-11-29 21:25:27,274] Trial 45 finished with value: 0.19635891914367676 and parameters: {'gradient_clip_val': 0.4794890961973021, 'hidden_size': 76, 'dropout': 0.3095977909886565, 'hidden_continuous_size': 40, 'attention_head_size': 2, 'learning_rate': 0.06135388560636528}. Best is trial 14 with value: 0.10327708721160889.
LOCAL_RANK: 0 - CUDA_VISIBLE_DEVICES: [0]
[I 2023-11-29 21:25:40,976] Trial 46 finished with value: 0.11222600936889648 and parameters: {'gradient_clip_val': 0.5585401844863238, 'hidden_size': 92, 'dropout': 0.3366399022685449, 'hidden_continuous_size': 34, 'attention_head_size': 3, 'learning_rate': 0.026570357637173962}. Best is trial 14 with value: 0.10327708721160889.
LOCAL_RANK: 0 - CUDA_VISIBLE_DEVICES: [0]
[I 2023-11-29 21:25:54,718] Trial 47 finished with value: 0.20890064537525177 and parameters: {'gradient_clip_val': 0.5361985029850678, 'hidden_size': 94, 'dropout': 0.36574413651772836, 'hidden_continuous_size': 29, 'attention_head_size': 3, 'learning_rate': 0.026452047704613905}. Best is trial 14 with value: 0.10327708721160889.
LOCAL_RANK: 0 - CUDA_VISIBLE_DEVICES: [0]
[I 2023-11-29 21:26:08,481] Trial 48 finished with value: 0.11828798055648804 and parameters: {'gradient_clip_val': 0.5588462126527671, 'hidden_size': 107, 'dropout': 0.3376248326972184, 'hidden_continuous_size': 35, 'attention_head_size': 1, 'learning_rate': 0.017841653816556686}. Best is trial 14 with value: 0.10327708721160889.
LOCAL_RANK: 0 - CUDA_VISIBLE_DEVICES: [0]
[I 2023-11-29 21:26:22,420] Trial 49 finished with value: 0.2034911960363388 and parameters: {'gradient_clip_val': 0.5794671350925241, 'hidden_size': 105, 'dropout': 0.33889751846827615, 'hidden_continuous_size': 34, 'attention_head_size': 1, 'learning_rate': 0.016093125102807075}. Best is trial 14 with value: 0.10327708721160889.
LOCAL_RANK: 0 - CUDA_VISIBLE_DEVICES: [0]
[I 2023-11-29 21:26:36,380] Trial 50 finished with value: 0.22239339351654053 and parameters: {'gradient_clip_val': 0.5928260716529953, 'hidden_size': 131, 'dropout': 0.3727759696575406, 'hidden_continuous_size': 22, 'attention_head_size': 1, 'learning_rate': 0.017248224764555897}. Best is trial 14 with value: 0.10327708721160889.
LOCAL_RANK: 0 - CUDA_VISIBLE_DEVICES: [0]
[I 2023-11-29 21:26:50,198] Trial 51 finished with value: 0.20968393981456757 and parameters: {'gradient_clip_val': 0.4748049672176105, 'hidden_size': 109, 'dropout': 0.35692318886664864, 'hidden_continuous_size': 35, 'attention_head_size': 1, 'learning_rate': 0.01995684834149958}. Best is trial 14 with value: 0.10327708721160889.
LOCAL_RANK: 0 - CUDA_VISIBLE_DEVICES: [0]
[I 2023-11-29 21:27:04,041] Trial 52 finished with value: 0.2902354598045349 and parameters: {'gradient_clip_val': 0.4424979820761038, 'hidden_size': 119, 'dropout': 0.33471883561882787, 'hidden_continuous_size': 30, 'attention_head_size': 1, 'learning_rate': 0.013577605209783634}. Best is trial 14 with value: 0.10327708721160889.
LOCAL_RANK: 0 - CUDA_VISIBLE_DEVICES: [0]
[I 2023-11-29 21:27:17,429] Trial 53 finished with value: 0.2625671923160553 and parameters: {'gradient_clip_val': 0.4223355472278499, 'hidden_size': 92, 'dropout': 0.3175345230707591, 'hidden_continuous_size': 32, 'attention_head_size': 2, 'learning_rate': 0.026790576108607432}. Best is trial 14 with value: 0.10327708721160889.
LOCAL_RANK: 0 - CUDA_VISIBLE_DEVICES: [0]
[I 2023-11-29 21:27:31,031] Trial 54 finished with value: 0.32074227929115295 and parameters: {'gradient_clip_val': 0.6163349846258515, 'hidden_size': 58, 'dropout': 0.333011499045352, 'hidden_continuous_size': 38, 'attention_head_size': 3, 'learning_rate': 0.009258298110638389}. Best is trial 14 with value: 0.10327708721160889.
LOCAL_RANK: 0 - CUDA_VISIBLE_DEVICES: [0]
[I 2023-11-29 21:27:44,568] Trial 55 finished with value: 0.1956316977739334 and parameters: {'gradient_clip_val': 0.3010632369116065, 'hidden_size': 73, 'dropout': 0.345422905364895, 'hidden_continuous_size': 29, 'attention_head_size': 3, 'learning_rate': 0.02367139549714163}. Best is trial 14 with value: 0.10327708721160889.
LOCAL_RANK: 0 - CUDA_VISIBLE_DEVICES: [0]
[I 2023-11-29 21:27:58,558] Trial 56 finished with value: 0.16761241853237152 and parameters: {'gradient_clip_val': 0.48804997618834894, 'hidden_size': 140, 'dropout': 0.3875691173060483, 'hidden_continuous_size': 25, 'attention_head_size': 2, 'learning_rate': 0.03422545208336993}. Best is trial 14 with value: 0.10327708721160889.
LOCAL_RANK: 0 - CUDA_VISIBLE_DEVICES: [0]
[I 2023-11-29 21:28:12,489] Trial 57 finished with value: 0.1385449916124344 and parameters: {'gradient_clip_val': 0.6623473387773637, 'hidden_size': 109, 'dropout': 0.3801815750963285, 'hidden_continuous_size': 35, 'attention_head_size': 4, 'learning_rate': 0.020594190213437853}. Best is trial 14 with value: 0.10327708721160889.
LOCAL_RANK: 0 - CUDA_VISIBLE_DEVICES: [0]
[I 2023-11-29 21:28:26,221] Trial 58 finished with value: 0.14316952228546143 and parameters: {'gradient_clip_val': 0.3451621616986534, 'hidden_size': 85, 'dropout': 0.35965869239529347, 'hidden_continuous_size': 27, 'attention_head_size': 3, 'learning_rate': 0.029066852597217092}. Best is trial 14 with value: 0.10327708721160889.
LOCAL_RANK: 0 - CUDA_VISIBLE_DEVICES: [0]
[I 2023-11-29 21:28:39,976] Trial 59 finished with value: 0.3616969585418701 and parameters: {'gradient_clip_val': 0.547078320666914, 'hidden_size': 67, 'dropout': 0.31807183323889193, 'hidden_continuous_size': 33, 'attention_head_size': 1, 'learning_rate': 0.010396979145522229}. Best is trial 14 with value: 0.10327708721160889.
LOCAL_RANK: 0 - CUDA_VISIBLE_DEVICES: [0]
[I 2023-11-29 21:28:54,167] Trial 60 finished with value: 0.22829173505306244 and parameters: {'gradient_clip_val': 0.3511607752479043, 'hidden_size': 129, 'dropout': 0.3432507387684071, 'hidden_continuous_size': 50, 'attention_head_size': 2, 'learning_rate': 0.014142412719531774}. Best is trial 14 with value: 0.10327708721160889.
LOCAL_RANK: 0 - CUDA_VISIBLE_DEVICES: [0]
[I 2023-11-29 21:29:07,910] Trial 61 finished with value: 0.1795312613248825 and parameters: {'gradient_clip_val': 0.39048837181488244, 'hidden_size': 82, 'dropout': 0.2998858804321154, 'hidden_continuous_size': 40, 'attention_head_size': 3, 'learning_rate': 0.03778321369636368}. Best is trial 14 with value: 0.10327708721160889.
LOCAL_RANK: 0 - CUDA_VISIBLE_DEVICES: [0]
[I 2023-11-29 21:29:21,893] Trial 62 finished with value: 0.20201770961284637 and parameters: {'gradient_clip_val': 0.3887089472994732, 'hidden_size': 95, 'dropout': 0.3348920262982331, 'hidden_continuous_size': 44, 'attention_head_size': 3, 'learning_rate': 0.030549065334323534}. Best is trial 14 with value: 0.10327708721160889.
LOCAL_RANK: 0 - CUDA_VISIBLE_DEVICES: [0]
[I 2023-11-29 21:29:35,729] Trial 63 finished with value: 0.15987345576286316 and parameters: {'gradient_clip_val': 0.43299788955679896, 'hidden_size': 78, 'dropout': 0.3550355649574014, 'hidden_continuous_size': 36, 'attention_head_size': 3, 'learning_rate': 0.0464050377469941}. Best is trial 14 with value: 0.10327708721160889.
LOCAL_RANK: 0 - CUDA_VISIBLE_DEVICES: [0]
[I 2023-11-29 21:29:49,473] Trial 64 finished with value: 0.24772755801677704 and parameters: {'gradient_clip_val': 0.29250305940189864, 'hidden_size': 88, 'dropout': 0.3153574985305438, 'hidden_continuous_size': 46, 'attention_head_size': 3, 'learning_rate': 0.024733030096072122}. Best is trial 14 with value: 0.10327708721160889.
LOCAL_RANK: 0 - CUDA_VISIBLE_DEVICES: [0]
[I 2023-11-29 21:30:03,226] Trial 65 finished with value: 0.16345751285552979 and parameters: {'gradient_clip_val': 0.32577675104779696, 'hidden_size': 101, 'dropout': 0.3239078219700083, 'hidden_continuous_size': 31, 'attention_head_size': 3, 'learning_rate': 0.016807200843137284}. Best is trial 14 with value: 0.10327708721160889.
LOCAL_RANK: 0 - CUDA_VISIBLE_DEVICES: [0]
[I 2023-11-29 21:30:17,156] Trial 66 finished with value: 0.24355190992355347 and parameters: {'gradient_clip_val': 0.5017635935295738, 'hidden_size': 116, 'dropout': 0.3474863553931537, 'hidden_continuous_size': 53, 'attention_head_size': 2, 'learning_rate': 0.021661953303835454}. Best is trial 14 with value: 0.10327708721160889.
LOCAL_RANK: 0 - CUDA_VISIBLE_DEVICES: [0]
[I 2023-11-29 21:30:30,631] Trial 67 finished with value: 0.17889876663684845 and parameters: {'gradient_clip_val': 0.3583171078377285, 'hidden_size': 55, 'dropout': 0.3633714759524214, 'hidden_continuous_size': 37, 'attention_head_size': 4, 'learning_rate': 0.03765340571950777}. Best is trial 14 with value: 0.10327708721160889.
LOCAL_RANK: 0 - CUDA_VISIBLE_DEVICES: [0]
[I 2023-11-29 21:30:44,244] Trial 68 finished with value: 0.1638174057006836 and parameters: {'gradient_clip_val': 0.26879046960131425, 'hidden_size': 79, 'dropout': 0.32764340557818006, 'hidden_continuous_size': 43, 'attention_head_size': 2, 'learning_rate': 0.029528514534404447}. Best is trial 14 with value: 0.10327708721160889.
LOCAL_RANK: 0 - CUDA_VISIBLE_DEVICES: [0]
[I 2023-11-29 21:30:58,051] Trial 69 finished with value: 0.2590274214744568 and parameters: {'gradient_clip_val': 0.4205961277186862, 'hidden_size': 70, 'dropout': 0.14714731084842625, 'hidden_continuous_size': 39, 'attention_head_size': 3, 'learning_rate': 0.019960496054363813}. Best is trial 14 with value: 0.10327708721160889.
LOCAL_RANK: 0 - CUDA_VISIBLE_DEVICES: [0]
[I 2023-11-29 21:31:11,541] Trial 70 finished with value: 0.15129579603672028 and parameters: {'gradient_clip_val': 0.46350020178371887, 'hidden_size': 64, 'dropout': 0.3073029919127975, 'hidden_continuous_size': 42, 'attention_head_size': 4, 'learning_rate': 0.026611606357639095}. Best is trial 14 with value: 0.10327708721160889.
LOCAL_RANK: 0 - CUDA_VISIBLE_DEVICES: [0]
[I 2023-11-29 21:31:25,041] Trial 71 finished with value: 0.20418350398540497 and parameters: {'gradient_clip_val': 0.3021075536887796, 'hidden_size': 69, 'dropout': 0.3380695286017511, 'hidden_continuous_size': 33, 'attention_head_size': 2, 'learning_rate': 0.03318847752496321}. Best is trial 14 with value: 0.10327708721160889.
LOCAL_RANK: 0 - CUDA_VISIBLE_DEVICES: [0]
[I 2023-11-29 21:31:38,364] Trial 72 finished with value: 0.21421770751476288 and parameters: {'gradient_clip_val': 0.2854423808820972, 'hidden_size': 88, 'dropout': 0.3484921594019857, 'hidden_continuous_size': 32, 'attention_head_size': 2, 'learning_rate': 0.01877733571262551}. Best is trial 14 with value: 0.10327708721160889.
LOCAL_RANK: 0 - CUDA_VISIBLE_DEVICES: [0]
[I 2023-11-29 21:31:52,225] Trial 73 finished with value: 0.17952267825603485 and parameters: {'gradient_clip_val': 0.3312632002241805, 'hidden_size': 98, 'dropout': 0.2927133234629312, 'hidden_continuous_size': 37, 'attention_head_size': 3, 'learning_rate': 0.023142982862815704}. Best is trial 14 with value: 0.10327708721160889.
LOCAL_RANK: 0 - CUDA_VISIBLE_DEVICES: [0]
[I 2023-11-29 21:32:05,936] Trial 74 finished with value: 0.16104845702648163 and parameters: {'gradient_clip_val': 0.38153330362637844, 'hidden_size': 74, 'dropout': 0.3278721202728343, 'hidden_continuous_size': 41, 'attention_head_size': 2, 'learning_rate': 0.04352987694940175}. Best is trial 14 with value: 0.10327708721160889.
LOCAL_RANK: 0 - CUDA_VISIBLE_DEVICES: [0]
[I 2023-11-29 21:32:19,252] Trial 75 finished with value: 0.1773291826248169 and parameters: {'gradient_clip_val': 0.36350092077177154, 'hidden_size': 60, 'dropout': 0.369867284723649, 'hidden_continuous_size': 35, 'attention_head_size': 3, 'learning_rate': 0.02780164461208329}. Best is trial 14 with value: 0.10327708721160889.
LOCAL_RANK: 0 - CUDA_VISIBLE_DEVICES: [0]
[I 2023-11-29 21:32:32,902] Trial 76 finished with value: 0.18572969734668732 and parameters: {'gradient_clip_val': 0.260725167001742, 'hidden_size': 83, 'dropout': 0.3530954123896213, 'hidden_continuous_size': 47, 'attention_head_size': 1, 'learning_rate': 0.017359740108678825}. Best is trial 14 with value: 0.10327708721160889.
LOCAL_RANK: 0 - CUDA_VISIBLE_DEVICES: [0]
[I 2023-11-29 21:32:46,915] Trial 77 finished with value: 0.18260721862316132 and parameters: {'gradient_clip_val': 0.3132251894909484, 'hidden_size': 110, 'dropout': 0.34146506657219383, 'hidden_continuous_size': 48, 'attention_head_size': 2, 'learning_rate': 0.051659188951175286}. Best is trial 14 with value: 0.10327708721160889.
LOCAL_RANK: 0 - CUDA_VISIBLE_DEVICES: [0]
[I 2023-11-29 21:33:00,259] Trial 78 finished with value: 0.24895890057086945 and parameters: {'gradient_clip_val': 0.3951205984783203, 'hidden_size': 49, 'dropout': 0.23285085382087445, 'hidden_continuous_size': 39, 'attention_head_size': 3, 'learning_rate': 0.036602175226460275}. Best is trial 14 with value: 0.10327708721160889.
LOCAL_RANK: 0 - CUDA_VISIBLE_DEVICES: [0]
[I 2023-11-29 21:33:13,920] Trial 79 finished with value: 0.19490070641040802 and parameters: {'gradient_clip_val': 0.2813361421366979, 'hidden_size': 96, 'dropout': 0.28194261997681896, 'hidden_continuous_size': 30, 'attention_head_size': 3, 'learning_rate': 0.02224669325813316}. Best is trial 14 with value: 0.10327708721160889.
LOCAL_RANK: 0 - CUDA_VISIBLE_DEVICES: [0]
[I 2023-11-29 21:33:27,299] Trial 80 finished with value: 0.17117111384868622 and parameters: {'gradient_clip_val': 0.4545836238836943, 'hidden_size': 64, 'dropout': 0.2073143708940894, 'hidden_continuous_size': 42, 'attention_head_size': 2, 'learning_rate': 0.031918758580714905}. Best is trial 14 with value: 0.10327708721160889.
LOCAL_RANK: 0 - CUDA_VISIBLE_DEVICES: [0]
[I 2023-11-29 21:33:41,546] Trial 81 finished with value: 0.1758563071489334 and parameters: {'gradient_clip_val': 0.4444236895454706, 'hidden_size': 125, 'dropout': 0.2710624596775908, 'hidden_continuous_size': 68, 'attention_head_size': 1, 'learning_rate': 0.01863048039743725}. Best is trial 14 with value: 0.10327708721160889.
LOCAL_RANK: 0 - CUDA_VISIBLE_DEVICES: [0]
[I 2023-11-29 21:33:55,655] Trial 82 finished with value: 0.22751252353191376 and parameters: {'gradient_clip_val': 0.40709276051306664, 'hidden_size': 134, 'dropout': 0.24576838835788464, 'hidden_continuous_size': 60, 'attention_head_size': 1, 'learning_rate': 0.014710482372219435}. Best is trial 14 with value: 0.10327708721160889.
LOCAL_RANK: 0 - CUDA_VISIBLE_DEVICES: [0]
[I 2023-11-29 21:34:09,486] Trial 83 finished with value: 0.17443722486495972 and parameters: {'gradient_clip_val': 0.3447848208786998, 'hidden_size': 120, 'dropout': 0.27531176760683274, 'hidden_continuous_size': 33, 'attention_head_size': 1, 'learning_rate': 0.012069534839375182}. Best is trial 14 with value: 0.10327708721160889.
LOCAL_RANK: 0 - CUDA_VISIBLE_DEVICES: [0]
[I 2023-11-29 21:34:23,891] Trial 84 finished with value: 0.17497773468494415 and parameters: {'gradient_clip_val': 0.3745225256587224, 'hidden_size': 149, 'dropout': 0.26162032971552057, 'hidden_continuous_size': 54, 'attention_head_size': 1, 'learning_rate': 0.02493061483024631}. Best is trial 14 with value: 0.10327708721160889.
LOCAL_RANK: 0 - CUDA_VISIBLE_DEVICES: [0]
[I 2023-11-29 21:34:37,755] Trial 85 finished with value: 0.14184258878231049 and parameters: {'gradient_clip_val': 0.48077694802795096, 'hidden_size': 101, 'dropout': 0.2981116263943973, 'hidden_continuous_size': 45, 'attention_head_size': 1, 'learning_rate': 0.01538083383832625}. Best is trial 14 with value: 0.10327708721160889.
LOCAL_RANK: 0 - CUDA_VISIBLE_DEVICES: [0]
[I 2023-11-29 21:34:51,827] Trial 86 finished with value: 0.3192492425441742 and parameters: {'gradient_clip_val': 0.518655711778352, 'hidden_size': 106, 'dropout': 0.30747356452878233, 'hidden_continuous_size': 37, 'attention_head_size': 4, 'learning_rate': 0.021112779955702685}. Best is trial 14 with value: 0.10327708721160889.
LOCAL_RANK: 0 - CUDA_VISIBLE_DEVICES: [0]
[I 2023-11-29 21:35:05,327] Trial 87 finished with value: 0.16560553014278412 and parameters: {'gradient_clip_val': 0.3337366341287713, 'hidden_size': 77, 'dropout': 0.25674073189155583, 'hidden_continuous_size': 38, 'attention_head_size': 1, 'learning_rate': 0.017613669986405053}. Best is trial 14 with value: 0.10327708721160889.
LOCAL_RANK: 0 - CUDA_VISIBLE_DEVICES: [0]
[I 2023-11-29 21:35:19,162] Trial 88 finished with value: 0.17637526988983154 and parameters: {'gradient_clip_val': 0.428398044837502, 'hidden_size': 89, 'dropout': 0.28797091023567406, 'hidden_continuous_size': 35, 'attention_head_size': 3, 'learning_rate': 0.02849738073660305}. Best is trial 14 with value: 0.10327708721160889.
LOCAL_RANK: 0 - CUDA_VISIBLE_DEVICES: [0]
[I 2023-11-29 21:35:33,415] Trial 89 finished with value: 0.1307143121957779 and parameters: {'gradient_clip_val': 0.3114172131926908, 'hidden_size': 118, 'dropout': 0.3140805128471621, 'hidden_continuous_size': 49, 'attention_head_size': 2, 'learning_rate': 0.04155604670704491}. Best is trial 14 with value: 0.10327708721160889.
LOCAL_RANK: 0 - CUDA_VISIBLE_DEVICES: [0]
[I 2023-11-29 21:35:47,459] Trial 90 finished with value: 0.17002956569194794 and parameters: {'gradient_clip_val': 0.303238659237762, 'hidden_size': 111, 'dropout': 0.31797066407951613, 'hidden_continuous_size': 47, 'attention_head_size': 2, 'learning_rate': 0.0347758251404473}. Best is trial 14 with value: 0.10327708721160889.
LOCAL_RANK: 0 - CUDA_VISIBLE_DEVICES: [0]
[I 2023-11-29 21:36:01,468] Trial 91 finished with value: 0.25635746121406555 and parameters: {'gradient_clip_val': 0.32093650709747573, 'hidden_size': 123, 'dropout': 0.3345364498729401, 'hidden_continuous_size': 43, 'attention_head_size': 2, 'learning_rate': 0.04178827452892983}. Best is trial 14 with value: 0.10327708721160889.
LOCAL_RANK: 0 - CUDA_VISIBLE_DEVICES: [0]
[I 2023-11-29 21:36:15,502] Trial 92 finished with value: 0.11804884672164917 and parameters: {'gradient_clip_val': 0.35465190126324714, 'hidden_size': 115, 'dropout': 0.31216284070829053, 'hidden_continuous_size': 48, 'attention_head_size': 2, 'learning_rate': 0.024461820354932474}. Best is trial 14 with value: 0.10327708721160889.
LOCAL_RANK: 0 - CUDA_VISIBLE_DEVICES: [0]
[I 2023-11-29 21:36:29,385] Trial 93 finished with value: 0.18795017898082733 and parameters: {'gradient_clip_val': 0.35130094741606926, 'hidden_size': 95, 'dropout': 0.31178597061522006, 'hidden_continuous_size': 40, 'attention_head_size': 2, 'learning_rate': 0.030814993866015612}. Best is trial 14 with value: 0.10327708721160889.
LOCAL_RANK: 0 - CUDA_VISIBLE_DEVICES: [0]
[I 2023-11-29 21:36:43,498] Trial 94 finished with value: 0.148936465382576 and parameters: {'gradient_clip_val': 0.2478976866465502, 'hidden_size': 115, 'dropout': 0.3272089603804091, 'hidden_continuous_size': 50, 'attention_head_size': 2, 'learning_rate': 0.024540629899975058}. Best is trial 14 with value: 0.10327708721160889.
LOCAL_RANK: 0 - CUDA_VISIBLE_DEVICES: [0]
[I 2023-11-29 21:36:57,276] Trial 95 finished with value: 0.14574755728244781 and parameters: {'gradient_clip_val': 0.29458328587012916, 'hidden_size': 86, 'dropout': 0.33174041426252665, 'hidden_continuous_size': 43, 'attention_head_size': 2, 'learning_rate': 0.038002341422471726}. Best is trial 14 with value: 0.10327708721160889.
LOCAL_RANK: 0 - CUDA_VISIBLE_DEVICES: [0]
[I 2023-11-29 21:37:11,139] Trial 96 finished with value: 0.23063205182552338 and parameters: {'gradient_clip_val': 0.3715456975781338, 'hidden_size': 105, 'dropout': 0.32238326805559653, 'hidden_continuous_size': 48, 'attention_head_size': 2, 'learning_rate': 0.02747323596944694}. Best is trial 14 with value: 0.10327708721160889.
LOCAL_RANK: 0 - CUDA_VISIBLE_DEVICES: [0]
[I 2023-11-29 21:37:25,408] Trial 97 finished with value: 0.20056788623332977 and parameters: {'gradient_clip_val': 0.2714321745197207, 'hidden_size': 137, 'dropout': 0.33997842487025315, 'hidden_continuous_size': 54, 'attention_head_size': 2, 'learning_rate': 0.022028287252357594}. Best is trial 14 with value: 0.10327708721160889.
LOCAL_RANK: 0 - CUDA_VISIBLE_DEVICES: [0]
[I 2023-11-29 21:37:39,218] Trial 98 finished with value: 0.14403767883777618 and parameters: {'gradient_clip_val': 0.3373448670976394, 'hidden_size': 82, 'dropout': 0.31296406125413495, 'hidden_continuous_size': 45, 'attention_head_size': 3, 'learning_rate': 0.031304884080532176}. Best is trial 14 with value: 0.10327708721160889.
LOCAL_RANK: 0 - CUDA_VISIBLE_DEVICES: [0]
[I 2023-11-29 21:37:52,905] Trial 99 finished with value: 0.23158049583435059 and parameters: {'gradient_clip_val': 0.31586643223883654, 'hidden_size': 71, 'dropout': 0.3032102476988004, 'hidden_continuous_size': 41, 'attention_head_size': 2, 'learning_rate': 0.03993461908361941}. Best is trial 14 with value: 0.10327708721160889.
LOCAL_RANK: 0 - CUDA_VISIBLE_DEVICES: [0]
[I 2023-11-29 21:38:06,852] Trial 100 finished with value: 0.1367049664258957 and parameters: {'gradient_clip_val': 0.2902364222830417, 'hidden_size': 94, 'dropout': 0.35077260059870125, 'hidden_continuous_size': 39, 'attention_head_size': 3, 'learning_rate': 0.026103697054700472}. Best is trial 14 with value: 0.10327708721160889.
LOCAL_RANK: 0 - CUDA_VISIBLE_DEVICES: [0]
[I 2023-11-29 21:38:20,553] Trial 101 finished with value: 0.17893926799297333 and parameters: {'gradient_clip_val': 0.29090496061455756, 'hidden_size': 92, 'dropout': 0.3604637102972999, 'hidden_continuous_size': 39, 'attention_head_size': 3, 'learning_rate': 0.025241639043534308}. Best is trial 14 with value: 0.10327708721160889.
LOCAL_RANK: 0 - CUDA_VISIBLE_DEVICES: [0]
[I 2023-11-29 21:38:34,214] Trial 102 finished with value: 0.33506882190704346 and parameters: {'gradient_clip_val': 0.39687984689350786, 'hidden_size': 78, 'dropout': 0.34868542669162306, 'hidden_continuous_size': 37, 'attention_head_size': 3, 'learning_rate': 0.019998218178298808}. Best is trial 14 with value: 0.10327708721160889.
LOCAL_RANK: 0 - CUDA_VISIBLE_DEVICES: [0]
