[I 2023-11-30 04:39:59,217] Trial 64 finished with value: 12.653170585632324 and parameters: {'gradient_clip_val': 0.5824213037193814, 'hidden_size': 58, 'dropout': 0.3565332008128341, 'hidden_continuous_size': 25, 'attention_head_size': 2, 'learning_rate': 0.013871043535843593}. Best is trial 1 with value: 9.612277030944824.
LOCAL_RANK: 0 - CUDA_VISIBLE_DEVICES: [0]
[I 2023-11-30 04:40:12,102] Trial 65 finished with value: 10.683053016662598 and parameters: {'gradient_clip_val': 0.7450119385492479, 'hidden_size': 49, 'dropout': 0.36938307995269093, 'hidden_continuous_size': 24, 'attention_head_size': 2, 'learning_rate': 0.018677941823346603}. Best is trial 1 with value: 9.612277030944824.
LOCAL_RANK: 0 - CUDA_VISIBLE_DEVICES: [0]
[I 2023-11-30 04:40:25,129] Trial 66 finished with value: 19.744274139404297 and parameters: {'gradient_clip_val': 0.4909501056016288, 'hidden_size': 42, 'dropout': 0.38446905774586265, 'hidden_continuous_size': 30, 'attention_head_size': 2, 'learning_rate': 0.02456894456543261}. Best is trial 1 with value: 9.612277030944824.
LOCAL_RANK: 0 - CUDA_VISIBLE_DEVICES: [0]
[I 2023-11-30 04:40:38,771] Trial 67 finished with value: 16.443777084350586 and parameters: {'gradient_clip_val': 0.25172554487176474, 'hidden_size': 81, 'dropout': 0.27113202942547504, 'hidden_continuous_size': 28, 'attention_head_size': 3, 'learning_rate': 0.032463245077644705}. Best is trial 1 with value: 9.612277030944824.
LOCAL_RANK: 0 - CUDA_VISIBLE_DEVICES: [0]
[I 2023-11-30 04:40:51,612] Trial 68 finished with value: 19.731386184692383 and parameters: {'gradient_clip_val': 0.6540827753351484, 'hidden_size': 45, 'dropout': 0.32049246587894376, 'hidden_continuous_size': 23, 'attention_head_size': 2, 'learning_rate': 0.030465754273427122}. Best is trial 1 with value: 9.612277030944824.
LOCAL_RANK: 0 - CUDA_VISIBLE_DEVICES: [0]
[I 2023-11-30 04:41:05,209] Trial 69 finished with value: 17.6011962890625 and parameters: {'gradient_clip_val': 0.4471775844379497, 'hidden_size': 70, 'dropout': 0.3549258928592501, 'hidden_continuous_size': 27, 'attention_head_size': 4, 'learning_rate': 0.027709441933322566}. Best is trial 1 with value: 9.612277030944824.
LOCAL_RANK: 0 - CUDA_VISIBLE_DEVICES: [0]
[I 2023-11-30 04:41:19,262] Trial 70 finished with value: 12.448826789855957 and parameters: {'gradient_clip_val': 0.5266319198470897, 'hidden_size': 116, 'dropout': 0.36653819803192683, 'hidden_continuous_size': 54, 'attention_head_size': 3, 'learning_rate': 0.015302198618266368}. Best is trial 1 with value: 9.612277030944824.
LOCAL_RANK: 0 - CUDA_VISIBLE_DEVICES: [0]
[I 2023-11-30 04:41:32,360] Trial 71 finished with value: 17.527311325073242 and parameters: {'gradient_clip_val': 0.60882239506229, 'hidden_size': 54, 'dropout': 0.34133920784461264, 'hidden_continuous_size': 21, 'attention_head_size': 2, 'learning_rate': 0.01254813917356648}. Best is trial 1 with value: 9.612277030944824.
LOCAL_RANK: 0 - CUDA_VISIBLE_DEVICES: [0]
[I 2023-11-30 04:41:45,273] Trial 72 finished with value: 13.461041450500488 and parameters: {'gradient_clip_val': 0.5694764666768313, 'hidden_size': 50, 'dropout': 0.3349786678213891, 'hidden_continuous_size': 20, 'attention_head_size': 2, 'learning_rate': 0.01120438958697738}. Best is trial 1 with value: 9.612277030944824.
LOCAL_RANK: 0 - CUDA_VISIBLE_DEVICES: [0]
[I 2023-11-30 04:41:58,498] Trial 73 finished with value: 9.965629577636719 and parameters: {'gradient_clip_val': 0.6710264164949752, 'hidden_size': 62, 'dropout': 0.37500640530538193, 'hidden_continuous_size': 26, 'attention_head_size': 2, 'learning_rate': 0.008076727140564916}. Best is trial 1 with value: 9.612277030944824.
LOCAL_RANK: 0 - CUDA_VISIBLE_DEVICES: [0]
[I 2023-11-30 04:42:11,653] Trial 74 finished with value: 10.010415077209473 and parameters: {'gradient_clip_val': 0.8498512959946276, 'hidden_size': 62, 'dropout': 0.3781447000028839, 'hidden_continuous_size': 26, 'attention_head_size': 2, 'learning_rate': 0.010388748473950054}. Best is trial 1 with value: 9.612277030944824.
LOCAL_RANK: 0 - CUDA_VISIBLE_DEVICES: [0]
[I 2023-11-30 04:42:25,132] Trial 75 finished with value: 17.640830993652344 and parameters: {'gradient_clip_val': 0.7818870862769566, 'hidden_size': 67, 'dropout': 0.3772868461133494, 'hidden_continuous_size': 34, 'attention_head_size': 2, 'learning_rate': 0.010469927125706465}. Best is trial 1 with value: 9.612277030944824.
LOCAL_RANK: 0 - CUDA_VISIBLE_DEVICES: [0]
[I 2023-11-30 04:42:38,601] Trial 76 finished with value: 9.74979019165039 and parameters: {'gradient_clip_val': 0.8982115792163073, 'hidden_size': 73, 'dropout': 0.37727397697870135, 'hidden_continuous_size': 29, 'attention_head_size': 1, 'learning_rate': 0.022645910474444222}. Best is trial 1 with value: 9.612277030944824.
LOCAL_RANK: 0 - CUDA_VISIBLE_DEVICES: [0]
[I 2023-11-30 04:42:51,718] Trial 77 finished with value: 19.443458557128906 and parameters: {'gradient_clip_val': 0.8589591957087349, 'hidden_size': 62, 'dropout': 0.39356934608674604, 'hidden_continuous_size': 26, 'attention_head_size': 1, 'learning_rate': 0.019937057965479944}. Best is trial 1 with value: 9.612277030944824.
LOCAL_RANK: 0 - CUDA_VISIBLE_DEVICES: [0]
[I 2023-11-30 04:43:05,131] Trial 78 finished with value: 13.785270690917969 and parameters: {'gradient_clip_val': 0.8615527744514724, 'hidden_size': 77, 'dropout': 0.37448480747581864, 'hidden_continuous_size': 31, 'attention_head_size': 1, 'learning_rate': 0.02229269232231043}. Best is trial 1 with value: 9.612277030944824.
LOCAL_RANK: 0 - CUDA_VISIBLE_DEVICES: [0]
[I 2023-11-30 04:43:18,590] Trial 79 finished with value: 13.820780754089355 and parameters: {'gradient_clip_val': 0.7116873857012027, 'hidden_size': 89, 'dropout': 0.38737944521602097, 'hidden_continuous_size': 29, 'attention_head_size': 1, 'learning_rate': 0.017381602611429563}. Best is trial 1 with value: 9.612277030944824.
LOCAL_RANK: 0 - CUDA_VISIBLE_DEVICES: [0]
[I 2023-11-30 04:43:31,905] Trial 80 finished with value: 15.643013000488281 and parameters: {'gradient_clip_val': 0.9951477496270187, 'hidden_size': 72, 'dropout': 0.35992677824773156, 'hidden_continuous_size': 36, 'attention_head_size': 1, 'learning_rate': 0.025875444097596272}. Best is trial 1 with value: 9.612277030944824.
LOCAL_RANK: 0 - CUDA_VISIBLE_DEVICES: [0]
[I 2023-11-30 04:43:45,679] Trial 81 finished with value: 14.673229217529297 and parameters: {'gradient_clip_val': 0.7439791986218287, 'hidden_size': 83, 'dropout': 0.3903238860049472, 'hidden_continuous_size': 27, 'attention_head_size': 2, 'learning_rate': 0.035825246724001704}. Best is trial 1 with value: 9.612277030944824.
LOCAL_RANK: 0 - CUDA_VISIBLE_DEVICES: [0]
[I 2023-11-30 04:43:59,006] Trial 82 finished with value: 13.747776985168457 and parameters: {'gradient_clip_val': 0.6694794771946004, 'hidden_size': 59, 'dropout': 0.380786166883767, 'hidden_continuous_size': 23, 'attention_head_size': 4, 'learning_rate': 0.013107318477000314}. Best is trial 1 with value: 9.612277030944824.
LOCAL_RANK: 0 - CUDA_VISIBLE_DEVICES: [0]
[I 2023-11-30 04:44:12,879] Trial 83 finished with value: 25.126962661743164 and parameters: {'gradient_clip_val': 0.9170192716864628, 'hidden_size': 94, 'dropout': 0.3691124613799225, 'hidden_continuous_size': 39, 'attention_head_size': 3, 'learning_rate': 0.014785143253721373}. Best is trial 1 with value: 9.612277030944824.
LOCAL_RANK: 0 - CUDA_VISIBLE_DEVICES: [0]
[I 2023-11-30 04:44:26,002] Trial 84 finished with value: 9.17691707611084 and parameters: {'gradient_clip_val': 0.8198389579104433, 'hidden_size': 64, 'dropout': 0.35060585579922693, 'hidden_continuous_size': 26, 'attention_head_size': 2, 'learning_rate': 0.026880414614591747}. Best is trial 84 with value: 9.17691707611084.
LOCAL_RANK: 0 - CUDA_VISIBLE_DEVICES: [0]
[I 2023-11-30 04:44:39,342] Trial 85 finished with value: 22.62284278869629 and parameters: {'gradient_clip_val': 0.7907739427660714, 'hidden_size': 66, 'dropout': 0.3520907313131995, 'hidden_continuous_size': 26, 'attention_head_size': 2, 'learning_rate': 0.027214233687481947}. Best is trial 84 with value: 9.17691707611084.
LOCAL_RANK: 0 - CUDA_VISIBLE_DEVICES: [0]
[I 2023-11-30 04:44:52,445] Trial 86 finished with value: 8.870033264160156 and parameters: {'gradient_clip_val': 0.7446603962483018, 'hidden_size': 56, 'dropout': 0.3646935517832158, 'hidden_continuous_size': 24, 'attention_head_size': 2, 'learning_rate': 0.022451187426456153}. Best is trial 86 with value: 8.870033264160156.
LOCAL_RANK: 0 - CUDA_VISIBLE_DEVICES: [0]
[I 2023-11-30 04:45:05,674] Trial 87 finished with value: 18.067169189453125 and parameters: {'gradient_clip_val': 0.7408610800694309, 'hidden_size': 57, 'dropout': 0.36401111606317504, 'hidden_continuous_size': 29, 'attention_head_size': 2, 'learning_rate': 0.02245727526163224}. Best is trial 86 with value: 8.870033264160156.
LOCAL_RANK: 0 - CUDA_VISIBLE_DEVICES: [0]
[I 2023-11-30 04:45:19,141] Trial 88 finished with value: 12.533841133117676 and parameters: {'gradient_clip_val': 0.6388203388274344, 'hidden_size': 70, 'dropout': 0.35122422769825545, 'hidden_continuous_size': 32, 'attention_head_size': 2, 'learning_rate': 0.03249132361765842}. Best is trial 86 with value: 8.870033264160156.
LOCAL_RANK: 0 - CUDA_VISIBLE_DEVICES: [0]
[I 2023-11-30 04:45:32,031] Trial 89 finished with value: 16.90265655517578 and parameters: {'gradient_clip_val': 0.6765532047729832, 'hidden_size': 47, 'dropout': 0.39959434327398796, 'hidden_continuous_size': 24, 'attention_head_size': 2, 'learning_rate': 0.024406433322445936}. Best is trial 86 with value: 8.870033264160156.
LOCAL_RANK: 0 - CUDA_VISIBLE_DEVICES: [0]
[I 2023-11-30 04:45:45,570] Trial 90 finished with value: 9.269682884216309 and parameters: {'gradient_clip_val': 0.8052516813893997, 'hidden_size': 79, 'dropout': 0.36132285490130367, 'hidden_continuous_size': 43, 'attention_head_size': 1, 'learning_rate': 0.019364020628471017}. Best is trial 86 with value: 8.870033264160156.
LOCAL_RANK: 0 - CUDA_VISIBLE_DEVICES: [0]
[I 2023-11-30 04:45:59,368] Trial 91 finished with value: 13.514485359191895 and parameters: {'gradient_clip_val': 0.7666403421796191, 'hidden_size': 75, 'dropout': 0.3604353886250979, 'hidden_continuous_size': 43, 'attention_head_size': 1, 'learning_rate': 0.018741048701345388}. Best is trial 86 with value: 8.870033264160156.
LOCAL_RANK: 0 - CUDA_VISIBLE_DEVICES: [0]
[I 2023-11-30 04:46:12,772] Trial 92 finished with value: 14.468345642089844 and parameters: {'gradient_clip_val': 0.8203835733592176, 'hidden_size': 65, 'dropout': 0.37146967851178464, 'hidden_continuous_size': 46, 'attention_head_size': 1, 'learning_rate': 0.021591958526903467}. Best is trial 86 with value: 8.870033264160156.
LOCAL_RANK: 0 - CUDA_VISIBLE_DEVICES: [0]
[I 2023-11-30 04:46:26,189] Trial 93 finished with value: 20.13424301147461 and parameters: {'gradient_clip_val': 0.7225021588944333, 'hidden_size': 80, 'dropout': 0.35217281863363875, 'hidden_continuous_size': 38, 'attention_head_size': 1, 'learning_rate': 0.028875691832187626}. Best is trial 86 with value: 8.870033264160156.
LOCAL_RANK: 0 - CUDA_VISIBLE_DEVICES: [0]
[I 2023-11-30 04:46:40,143] Trial 94 finished with value: 16.921335220336914 and parameters: {'gradient_clip_val': 0.7669862100548638, 'hidden_size': 136, 'dropout': 0.3408780363133613, 'hidden_continuous_size': 34, 'attention_head_size': 1, 'learning_rate': 0.02019351355841312}. Best is trial 86 with value: 8.870033264160156.
LOCAL_RANK: 0 - CUDA_VISIBLE_DEVICES: [0]
[I 2023-11-30 04:46:53,149] Trial 95 finished with value: 16.896041870117188 and parameters: {'gradient_clip_val': 0.6825487146748103, 'hidden_size': 56, 'dropout': 0.387299926611418, 'hidden_continuous_size': 33, 'attention_head_size': 2, 'learning_rate': 0.01627779396299575}. Best is trial 86 with value: 8.870033264160156.
LOCAL_RANK: 0 - CUDA_VISIBLE_DEVICES: [0]
[I 2023-11-30 04:47:06,687] Trial 96 finished with value: 13.071380615234375 and parameters: {'gradient_clip_val': 0.9131544032971061, 'hidden_size': 71, 'dropout': 0.37332767286753177, 'hidden_continuous_size': 42, 'attention_head_size': 1, 'learning_rate': 0.023969654688449932}. Best is trial 86 with value: 8.870033264160156.
LOCAL_RANK: 0 - CUDA_VISIBLE_DEVICES: [0]
[I 2023-11-30 04:47:19,850] Trial 97 finished with value: 10.943270683288574 and parameters: {'gradient_clip_val': 0.6048767740279528, 'hidden_size': 60, 'dropout': 0.36036803830562175, 'hidden_continuous_size': 30, 'attention_head_size': 2, 'learning_rate': 0.01792453901979089}. Best is trial 86 with value: 8.870033264160156.
LOCAL_RANK: 0 - CUDA_VISIBLE_DEVICES: [0]
[I 2023-11-30 04:47:33,253] Trial 98 finished with value: 13.5642728805542 and parameters: {'gradient_clip_val': 0.8114691061774368, 'hidden_size': 85, 'dropout': 0.3318156813813083, 'hidden_continuous_size': 28, 'attention_head_size': 1, 'learning_rate': 0.026218597646757158}. Best is trial 86 with value: 8.870033264160156.
LOCAL_RANK: 0 - CUDA_VISIBLE_DEVICES: [0]
[I 2023-11-30 04:47:46,532] Trial 99 finished with value: 10.048518180847168 and parameters: {'gradient_clip_val': 0.5381989748947662, 'hidden_size': 63, 'dropout': 0.3814967271832672, 'hidden_continuous_size': 24, 'attention_head_size': 2, 'learning_rate': 0.03900670314644583}. Best is trial 86 with value: 8.870033264160156.
LOCAL_RANK: 0 - CUDA_VISIBLE_DEVICES: [0]
[I 2023-11-30 04:48:00,342] Trial 100 finished with value: 20.335433959960938 and parameters: {'gradient_clip_val': 0.6989178043608907, 'hidden_size': 105, 'dropout': 0.3471192858395099, 'hidden_continuous_size': 37, 'attention_head_size': 2, 'learning_rate': 0.020124811808428855}. Best is trial 86 with value: 8.870033264160156.
LOCAL_RANK: 0 - CUDA_VISIBLE_DEVICES: [0]
[I 2023-11-30 04:48:13,502] Trial 101 finished with value: 19.624826431274414 and parameters: {'gradient_clip_val': 0.8584068499177651, 'hidden_size': 53, 'dropout': 0.3678153731516225, 'hidden_continuous_size': 25, 'attention_head_size': 2, 'learning_rate': 0.014788836589035917}. Best is trial 86 with value: 8.870033264160156.
LOCAL_RANK: 0 - CUDA_VISIBLE_DEVICES: [0]
[I 2023-11-30 04:48:26,509] Trial 102 finished with value: 16.605026245117188 and parameters: {'gradient_clip_val': 0.6534876359607522, 'hidden_size': 60, 'dropout': 0.3759038884368346, 'hidden_continuous_size': 26, 'attention_head_size': 2, 'learning_rate': 0.031188031428259256}. Best is trial 86 with value: 8.870033264160156.
LOCAL_RANK: 0 - CUDA_VISIBLE_DEVICES: [0]
[I 2023-11-30 04:48:39,879] Trial 103 finished with value: 16.495473861694336 and parameters: {'gradient_clip_val': 0.7408010829179345, 'hidden_size': 68, 'dropout': 0.3916279684262048, 'hidden_continuous_size': 27, 'attention_head_size': 2, 'learning_rate': 0.03025345284110724}. Best is trial 86 with value: 8.870033264160156.
LOCAL_RANK: 0 - CUDA_VISIBLE_DEVICES: [0]
[I 2023-11-30 04:48:53,327] Trial 104 finished with value: 15.994206428527832 and parameters: {'gradient_clip_val': 0.8122493520434085, 'hidden_size': 75, 'dropout': 0.3800317287911687, 'hidden_continuous_size': 28, 'attention_head_size': 2, 'learning_rate': 0.026424135093596736}. Best is trial 86 with value: 8.870033264160156.
LOCAL_RANK: 0 - CUDA_VISIBLE_DEVICES: [0]
[I 2023-11-30 04:49:06,560] Trial 105 finished with value: 19.40878677368164 and parameters: {'gradient_clip_val': 0.7126550952371857, 'hidden_size': 62, 'dropout': 0.35741957488385767, 'hidden_continuous_size': 22, 'attention_head_size': 2, 'learning_rate': 0.03535697123486737}. Best is trial 86 with value: 8.870033264160156.
LOCAL_RANK: 0 - CUDA_VISIBLE_DEVICES: [0]
[I 2023-11-30 04:49:19,667] Trial 106 finished with value: 18.04444694519043 and parameters: {'gradient_clip_val': 0.9811027720081568, 'hidden_size': 52, 'dropout': 0.3651393260511922, 'hidden_continuous_size': 25, 'attention_head_size': 2, 'learning_rate': 0.012763297156174358}. Best is trial 86 with value: 8.870033264160156.
LOCAL_RANK: 0 - CUDA_VISIBLE_DEVICES: [0]
[I 2023-11-30 04:49:32,960] Trial 107 finished with value: 19.209264755249023 and parameters: {'gradient_clip_val': 0.8827874777770123, 'hidden_size': 56, 'dropout': 0.33784089691370356, 'hidden_continuous_size': 44, 'attention_head_size': 2, 'learning_rate': 0.023585906689795107}. Best is trial 86 with value: 8.870033264160156.
LOCAL_RANK: 0 - CUDA_VISIBLE_DEVICES: [0]
[I 2023-11-30 04:49:46,098] Trial 108 finished with value: 18.768844604492188 and parameters: {'gradient_clip_val': 0.8404380819055225, 'hidden_size': 64, 'dropout': 0.3851984062161518, 'hidden_continuous_size': 30, 'attention_head_size': 2, 'learning_rate': 0.016503258316030153}. Best is trial 86 with value: 8.870033264160156.
LOCAL_RANK: 0 - CUDA_VISIBLE_DEVICES: [0]
[I 2023-11-30 04:49:59,844] Trial 109 finished with value: 18.865514755249023 and parameters: {'gradient_clip_val': 0.8901951521935851, 'hidden_size': 78, 'dropout': 0.37576387860176347, 'hidden_continuous_size': 48, 'attention_head_size': 2, 'learning_rate': 0.020871841072719565}. Best is trial 86 with value: 8.870033264160156.
LOCAL_RANK: 0 - CUDA_VISIBLE_DEVICES: [0]
[I 2023-11-30 04:50:13,803] Trial 110 finished with value: 12.155609130859375 and parameters: {'gradient_clip_val': 0.9598143451842513, 'hidden_size': 90, 'dropout': 0.3464581033537597, 'hidden_continuous_size': 41, 'attention_head_size': 4, 'learning_rate': 0.010033258891846543}. Best is trial 86 with value: 8.870033264160156.
LOCAL_RANK: 0 - CUDA_VISIBLE_DEVICES: [0]
[I 2023-11-30 04:50:27,301] Trial 111 finished with value: 13.9674072265625 and parameters: {'gradient_clip_val': 0.5459088918602827, 'hidden_size': 63, 'dropout': 0.3801187968272842, 'hidden_continuous_size': 24, 'attention_head_size': 2, 'learning_rate': 0.039108373901061436}. Best is trial 86 with value: 8.870033264160156.
LOCAL_RANK: 0 - CUDA_VISIBLE_DEVICES: [0]
[I 2023-11-30 04:50:40,633] Trial 112 finished with value: 9.876769065856934 and parameters: {'gradient_clip_val': 0.6335221850945126, 'hidden_size': 67, 'dropout': 0.39558852417708784, 'hidden_continuous_size': 23, 'attention_head_size': 2, 'learning_rate': 0.051028567920289564}. Best is trial 86 with value: 8.870033264160156.
LOCAL_RANK: 0 - CUDA_VISIBLE_DEVICES: [0]
[I 2023-11-30 04:50:54,039] Trial 113 finished with value: 16.395296096801758 and parameters: {'gradient_clip_val': 0.6286106063676175, 'hidden_size': 73, 'dropout': 0.3964423183104204, 'hidden_continuous_size': 26, 'attention_head_size': 2, 'learning_rate': 0.027600683186746144}. Best is trial 86 with value: 8.870033264160156.
LOCAL_RANK: 0 - CUDA_VISIBLE_DEVICES: [0]
[I 2023-11-30 04:51:07,390] Trial 114 finished with value: 23.8089656829834 and parameters: {'gradient_clip_val': 0.5763535847720855, 'hidden_size': 68, 'dropout': 0.37046695758685366, 'hidden_continuous_size': 27, 'attention_head_size': 2, 'learning_rate': 0.01858352157779406}. Best is trial 86 with value: 8.870033264160156.
LOCAL_RANK: 0 - CUDA_VISIBLE_DEVICES: [0]
[I 2023-11-30 04:51:20,472] Trial 115 finished with value: 20.64511489868164 and parameters: {'gradient_clip_val': 0.7860433055884208, 'hidden_size': 57, 'dropout': 0.35697794930882637, 'hidden_continuous_size': 23, 'attention_head_size': 2, 'learning_rate': 0.0471925703532859}. Best is trial 86 with value: 8.870033264160156.
LOCAL_RANK: 0 - CUDA_VISIBLE_DEVICES: [0]
[I 2023-11-30 04:51:34,017] Trial 116 finished with value: 18.94734001159668 and parameters: {'gradient_clip_val': 0.6537991477652952, 'hidden_size': 81, 'dropout': 0.3936824038928625, 'hidden_continuous_size': 29, 'attention_head_size': 2, 'learning_rate': 0.02190382909394032}. Best is trial 86 with value: 8.870033264160156.
LOCAL_RANK: 0 - CUDA_VISIBLE_DEVICES: [0]
[I 2023-11-30 04:51:46,931] Trial 117 finished with value: 9.225234031677246 and parameters: {'gradient_clip_val': 0.49487884140084093, 'hidden_size': 49, 'dropout': 0.3863222064820192, 'hidden_continuous_size': 22, 'attention_head_size': 2, 'learning_rate': 0.05000872318487658}. Best is trial 86 with value: 8.870033264160156.
LOCAL_RANK: 0 - CUDA_VISIBLE_DEVICES: [0]
[I 2023-11-30 04:51:59,808] Trial 118 finished with value: 13.454632759094238 and parameters: {'gradient_clip_val': 0.6004844793302654, 'hidden_size': 51, 'dropout': 0.3871845964097444, 'hidden_continuous_size': 22, 'attention_head_size': 1, 'learning_rate': 0.05031293024148066}. Best is trial 86 with value: 8.870033264160156.
LOCAL_RANK: 0 - CUDA_VISIBLE_DEVICES: [0]
[I 2023-11-30 04:52:12,613] Trial 119 finished with value: 17.56670570373535 and parameters: {'gradient_clip_val': 0.16765727888808885, 'hidden_size': 48, 'dropout': 0.36299921401054497, 'hidden_continuous_size': 23, 'attention_head_size': 2, 'learning_rate': 0.06797119353301914}. Best is trial 86 with value: 8.870033264160156.
LOCAL_RANK: 0 - CUDA_VISIBLE_DEVICES: [0]
[I 2023-11-30 04:52:26,803] Trial 120 finished with value: 13.466236114501953 and parameters: {'gradient_clip_val': 0.529279791874634, 'hidden_size': 142, 'dropout': 0.39238347065413015, 'hidden_continuous_size': 19, 'attention_head_size': 3, 'learning_rate': 0.05754766564856172}. Best is trial 86 with value: 8.870033264160156.
LOCAL_RANK: 0 - CUDA_VISIBLE_DEVICES: [0]
[I 2023-11-30 04:52:39,657] Trial 121 finished with value: 15.489936828613281 and parameters: {'gradient_clip_val': 0.47044594883165164, 'hidden_size': 44, 'dropout': 0.37601364678387, 'hidden_continuous_size': 22, 'attention_head_size': 2, 'learning_rate': 0.04290900777994307}. Best is trial 86 with value: 8.870033264160156.
LOCAL_RANK: 0 - CUDA_VISIBLE_DEVICES: [0]
[I 2023-11-30 04:52:52,805] Trial 122 finished with value: 9.723221778869629 and parameters: {'gradient_clip_val': 0.9336147788914362, 'hidden_size': 60, 'dropout': 0.38357917168316746, 'hidden_continuous_size': 25, 'attention_head_size': 2, 'learning_rate': 0.03013213530394195}. Best is trial 86 with value: 8.870033264160156.
LOCAL_RANK: 0 - CUDA_VISIBLE_DEVICES: [0]
