[I 2023-11-30 03:10:41,661] Trial 107 finished with value: 3.0083694458007812 and parameters: {'gradient_clip_val': 0.7939675005165825, 'hidden_size': 40, 'dropout': 0.11616283265885233, 'hidden_continuous_size': 19, 'attention_head_size': 2, 'learning_rate': 0.013411929484600748}. Best is trial 63 with value: 2.663890838623047.
LOCAL_RANK: 0 - CUDA_VISIBLE_DEVICES: [0]
[I 2023-11-30 03:10:54,498] Trial 108 finished with value: 3.4571666717529297 and parameters: {'gradient_clip_val': 0.761557887930483, 'hidden_size': 45, 'dropout': 0.12792393997516877, 'hidden_continuous_size': 22, 'attention_head_size': 2, 'learning_rate': 0.01208457458182539}. Best is trial 63 with value: 2.663890838623047.
LOCAL_RANK: 0 - CUDA_VISIBLE_DEVICES: [0]
[I 2023-11-30 03:11:07,374] Trial 109 finished with value: 3.5180046558380127 and parameters: {'gradient_clip_val': 0.8556950963281291, 'hidden_size': 42, 'dropout': 0.10746255500366543, 'hidden_continuous_size': 21, 'attention_head_size': 3, 'learning_rate': 0.020664600813077055}. Best is trial 63 with value: 2.663890838623047.
LOCAL_RANK: 0 - CUDA_VISIBLE_DEVICES: [0]
[I 2023-11-30 03:11:19,830] Trial 110 finished with value: 3.1675708293914795 and parameters: {'gradient_clip_val': 0.5061329778037638, 'hidden_size': 34, 'dropout': 0.1525266007895675, 'hidden_continuous_size': 12, 'attention_head_size': 2, 'learning_rate': 0.04912356461211493}. Best is trial 63 with value: 2.663890838623047.
LOCAL_RANK: 0 - CUDA_VISIBLE_DEVICES: [0]
[I 2023-11-30 03:11:32,641] Trial 111 finished with value: 3.0494296550750732 and parameters: {'gradient_clip_val': 0.6663595981307362, 'hidden_size': 38, 'dropout': 0.14021130950191849, 'hidden_continuous_size': 20, 'attention_head_size': 3, 'learning_rate': 0.045183822025446914}. Best is trial 63 with value: 2.663890838623047.
LOCAL_RANK: 0 - CUDA_VISIBLE_DEVICES: [0]
[I 2023-11-30 03:11:45,397] Trial 112 finished with value: 3.0538017749786377 and parameters: {'gradient_clip_val': 0.7212112134881808, 'hidden_size': 37, 'dropout': 0.13233440792653248, 'hidden_continuous_size': 20, 'attention_head_size': 3, 'learning_rate': 0.03816879659060469}. Best is trial 63 with value: 2.663890838623047.
LOCAL_RANK: 0 - CUDA_VISIBLE_DEVICES: [0]
[I 2023-11-30 03:11:57,851] Trial 113 finished with value: 3.022841215133667 and parameters: {'gradient_clip_val': 0.5975579884136867, 'hidden_size': 32, 'dropout': 0.14623016822423038, 'hidden_continuous_size': 19, 'attention_head_size': 3, 'learning_rate': 0.040640806355229944}. Best is trial 63 with value: 2.663890838623047.
LOCAL_RANK: 0 - CUDA_VISIBLE_DEVICES: [0]
[I 2023-11-30 03:12:10,449] Trial 114 finished with value: 2.9653780460357666 and parameters: {'gradient_clip_val': 0.7021642538311855, 'hidden_size': 39, 'dropout': 0.13678389545765224, 'hidden_continuous_size': 18, 'attention_head_size': 3, 'learning_rate': 0.04400416899383134}. Best is trial 63 with value: 2.663890838623047.
LOCAL_RANK: 0 - CUDA_VISIBLE_DEVICES: [0]
[I 2023-11-30 03:12:23,019] Trial 115 finished with value: 2.756732225418091 and parameters: {'gradient_clip_val': 0.6951963475195452, 'hidden_size': 36, 'dropout': 0.12546180906702284, 'hidden_continuous_size': 20, 'attention_head_size': 3, 'learning_rate': 0.063807631369042}. Best is trial 63 with value: 2.663890838623047.
LOCAL_RANK: 0 - CUDA_VISIBLE_DEVICES: [0]
[I 2023-11-30 03:12:35,875] Trial 116 finished with value: 3.0743751525878906 and parameters: {'gradient_clip_val': 0.6595935428050759, 'hidden_size': 35, 'dropout': 0.1248150702054042, 'hidden_continuous_size': 21, 'attention_head_size': 2, 'learning_rate': 0.06643298090783685}. Best is trial 63 with value: 2.663890838623047.
LOCAL_RANK: 0 - CUDA_VISIBLE_DEVICES: [0]
[I 2023-11-30 03:12:48,696] Trial 117 finished with value: 2.7384274005889893 and parameters: {'gradient_clip_val': 0.639945136362576, 'hidden_size': 45, 'dropout': 0.11785026297620556, 'hidden_continuous_size': 23, 'attention_head_size': 3, 'learning_rate': 0.056963130758457554}. Best is trial 63 with value: 2.663890838623047.
LOCAL_RANK: 0 - CUDA_VISIBLE_DEVICES: [0]
[I 2023-11-30 03:13:01,673] Trial 118 finished with value: 3.288048028945923 and parameters: {'gradient_clip_val': 0.5751252769976832, 'hidden_size': 46, 'dropout': 0.11246518356244298, 'hidden_continuous_size': 23, 'attention_head_size': 3, 'learning_rate': 0.057355599179801854}. Best is trial 63 with value: 2.663890838623047.
LOCAL_RANK: 0 - CUDA_VISIBLE_DEVICES: [0]
[I 2023-11-30 03:13:14,662] Trial 119 finished with value: 2.8123619556427 and parameters: {'gradient_clip_val': 0.6409897587192939, 'hidden_size': 43, 'dropout': 0.11882790028432351, 'hidden_continuous_size': 23, 'attention_head_size': 3, 'learning_rate': 0.05496051154497338}. Best is trial 63 with value: 2.663890838623047.
LOCAL_RANK: 0 - CUDA_VISIBLE_DEVICES: [0]
[I 2023-11-30 03:13:27,783] Trial 120 finished with value: 2.915203332901001 and parameters: {'gradient_clip_val': 0.5476369296344562, 'hidden_size': 54, 'dropout': 0.10847123486187803, 'hidden_continuous_size': 26, 'attention_head_size': 3, 'learning_rate': 0.08620429671563794}. Best is trial 63 with value: 2.663890838623047.
LOCAL_RANK: 0 - CUDA_VISIBLE_DEVICES: [0]
[I 2023-11-30 03:13:40,379] Trial 121 finished with value: 3.0485172271728516 and parameters: {'gradient_clip_val': 0.6079011063872737, 'hidden_size': 36, 'dropout': 0.15882079387119105, 'hidden_continuous_size': 22, 'attention_head_size': 3, 'learning_rate': 0.06140631810537112}. Best is trial 63 with value: 2.663890838623047.
LOCAL_RANK: 0 - CUDA_VISIBLE_DEVICES: [0]
[I 2023-11-30 03:13:53,269] Trial 122 finished with value: 3.096644639968872 and parameters: {'gradient_clip_val': 0.7519819138661152, 'hidden_size': 41, 'dropout': 0.12537982621982802, 'hidden_continuous_size': 21, 'attention_head_size': 3, 'learning_rate': 0.07831150876814028}. Best is trial 63 with value: 2.663890838623047.
LOCAL_RANK: 0 - CUDA_VISIBLE_DEVICES: [0]
[I 2023-11-30 03:14:06,100] Trial 123 finished with value: 2.893310546875 and parameters: {'gradient_clip_val': 0.6953314549818517, 'hidden_size': 48, 'dropout': 0.1515554847590286, 'hidden_continuous_size': 24, 'attention_head_size': 2, 'learning_rate': 0.07360472140800586}. Best is trial 63 with value: 2.663890838623047.
LOCAL_RANK: 0 - CUDA_VISIBLE_DEVICES: [0]
[I 2023-11-30 03:14:18,720] Trial 124 finished with value: 2.820164442062378 and parameters: {'gradient_clip_val': 0.8092206033946006, 'hidden_size': 33, 'dropout': 0.11621921832986684, 'hidden_continuous_size': 19, 'attention_head_size': 3, 'learning_rate': 0.0682150166013906}. Best is trial 63 with value: 2.663890838623047.
LOCAL_RANK: 0 - CUDA_VISIBLE_DEVICES: [0]
[I 2023-11-30 03:14:31,472] Trial 125 finished with value: 2.9579532146453857 and parameters: {'gradient_clip_val': 0.6513487773053745, 'hidden_size': 44, 'dropout': 0.1448897121677344, 'hidden_continuous_size': 22, 'attention_head_size': 2, 'learning_rate': 0.04893276099736493}. Best is trial 63 with value: 2.663890838623047.
LOCAL_RANK: 0 - CUDA_VISIBLE_DEVICES: [0]
[I 2023-11-30 03:14:44,990] Trial 126 finished with value: 2.919557571411133 and parameters: {'gradient_clip_val': 0.6073354701437361, 'hidden_size': 61, 'dropout': 0.1314330868196234, 'hidden_continuous_size': 25, 'attention_head_size': 3, 'learning_rate': 0.016832196785275273}. Best is trial 63 with value: 2.663890838623047.
LOCAL_RANK: 0 - CUDA_VISIBLE_DEVICES: [0]
[I 2023-11-30 03:14:57,412] Trial 127 finished with value: 2.75519061088562 and parameters: {'gradient_clip_val': 0.7353258204571835, 'hidden_size': 40, 'dropout': 0.12161769125151543, 'hidden_continuous_size': 14, 'attention_head_size': 2, 'learning_rate': 0.015002829887103842}. Best is trial 63 with value: 2.663890838623047.
LOCAL_RANK: 0 - CUDA_VISIBLE_DEVICES: [0]
[I 2023-11-30 03:15:10,498] Trial 128 finished with value: 2.814268112182617 and parameters: {'gradient_clip_val': 0.7435268176418333, 'hidden_size': 51, 'dropout': 0.10385416711793102, 'hidden_continuous_size': 20, 'attention_head_size': 4, 'learning_rate': 0.01904428492123542}. Best is trial 63 with value: 2.663890838623047.
LOCAL_RANK: 0 - CUDA_VISIBLE_DEVICES: [0]
[I 2023-11-30 03:15:22,750] Trial 129 finished with value: 3.011747360229492 and parameters: {'gradient_clip_val': 0.5250187037311184, 'hidden_size': 40, 'dropout': 0.12152157106713773, 'hidden_continuous_size': 10, 'attention_head_size': 2, 'learning_rate': 0.02291247724981599}. Best is trial 63 with value: 2.663890838623047.
LOCAL_RANK: 0 - CUDA_VISIBLE_DEVICES: [0]
[I 2023-11-30 03:15:35,744] Trial 130 finished with value: 2.8489856719970703 and parameters: {'gradient_clip_val': 0.6980533762654285, 'hidden_size': 47, 'dropout': 0.11182790933078782, 'hidden_continuous_size': 15, 'attention_head_size': 3, 'learning_rate': 0.014636051323253725}. Best is trial 63 with value: 2.663890838623047.
LOCAL_RANK: 0 - CUDA_VISIBLE_DEVICES: [0]
[I 2023-11-30 03:15:48,401] Trial 131 finished with value: 3.067056894302368 and parameters: {'gradient_clip_val': 0.6768967335121722, 'hidden_size': 37, 'dropout': 0.13603717639775825, 'hidden_continuous_size': 13, 'attention_head_size': 2, 'learning_rate': 0.01584596995846163}. Best is trial 63 with value: 2.663890838623047.
LOCAL_RANK: 0 - CUDA_VISIBLE_DEVICES: [0]
[I 2023-11-30 03:16:00,998] Trial 132 finished with value: 3.643620491027832 and parameters: {'gradient_clip_val': 0.5805570292768419, 'hidden_size': 42, 'dropout': 0.14050582801683145, 'hidden_continuous_size': 14, 'attention_head_size': 2, 'learning_rate': 0.013644576324710306}. Best is trial 63 with value: 2.663890838623047.
LOCAL_RANK: 0 - CUDA_VISIBLE_DEVICES: [0]
[I 2023-11-30 03:16:13,980] Trial 133 finished with value: 3.3738338947296143 and parameters: {'gradient_clip_val': 0.7810674128463145, 'hidden_size': 67, 'dropout': 0.15593956084262386, 'hidden_continuous_size': 14, 'attention_head_size': 2, 'learning_rate': 0.010434792052217135}. Best is trial 63 with value: 2.663890838623047.
LOCAL_RANK: 0 - CUDA_VISIBLE_DEVICES: [0]
[I 2023-11-30 03:16:26,482] Trial 134 finished with value: 2.8958775997161865 and parameters: {'gradient_clip_val': 0.634681597014164, 'hidden_size': 39, 'dropout': 0.1245109508413674, 'hidden_continuous_size': 13, 'attention_head_size': 2, 'learning_rate': 0.012285020959912693}. Best is trial 63 with value: 2.663890838623047.
LOCAL_RANK: 0 - CUDA_VISIBLE_DEVICES: [0]
[I 2023-11-30 03:16:38,559] Trial 135 finished with value: 2.7090017795562744 and parameters: {'gradient_clip_val': 0.7272894836183617, 'hidden_size': 28, 'dropout': 0.16875600460435408, 'hidden_continuous_size': 14, 'attention_head_size': 2, 'learning_rate': 0.01707996141323617}. Best is trial 63 with value: 2.663890838623047.
LOCAL_RANK: 0 - CUDA_VISIBLE_DEVICES: [0]
[I 2023-11-30 03:16:50,752] Trial 136 finished with value: 3.0052578449249268 and parameters: {'gradient_clip_val': 0.7191578547875283, 'hidden_size': 28, 'dropout': 0.1744699842428606, 'hidden_continuous_size': 14, 'attention_head_size': 2, 'learning_rate': 0.01730409248847101}. Best is trial 63 with value: 2.663890838623047.
LOCAL_RANK: 0 - CUDA_VISIBLE_DEVICES: [0]
[I 2023-11-30 03:17:02,959] Trial 137 finished with value: 3.0063159465789795 and parameters: {'gradient_clip_val': 0.6161303759028679, 'hidden_size': 25, 'dropout': 0.146611262351292, 'hidden_continuous_size': 15, 'attention_head_size': 2, 'learning_rate': 0.018609446148993104}. Best is trial 63 with value: 2.663890838623047.
LOCAL_RANK: 0 - CUDA_VISIBLE_DEVICES: [0]
[I 2023-11-30 03:17:15,517] Trial 138 finished with value: 3.2733047008514404 and parameters: {'gradient_clip_val': 0.8787985560517898, 'hidden_size': 31, 'dropout': 0.13082774414967, 'hidden_continuous_size': 18, 'attention_head_size': 3, 'learning_rate': 0.020792093996884337}. Best is trial 63 with value: 2.663890838623047.
LOCAL_RANK: 0 - CUDA_VISIBLE_DEVICES: [0]
[I 2023-11-30 03:17:28,043] Trial 139 finished with value: 2.891458511352539 and parameters: {'gradient_clip_val': 0.7396199943351638, 'hidden_size': 44, 'dropout': 0.1615271749350742, 'hidden_continuous_size': 16, 'attention_head_size': 2, 'learning_rate': 0.015464256531235485}. Best is trial 63 with value: 2.663890838623047.
LOCAL_RANK: 0 - CUDA_VISIBLE_DEVICES: [0]
[I 2023-11-30 03:17:41,010] Trial 140 finished with value: 2.9758071899414062 and parameters: {'gradient_clip_val': 0.9569334432050515, 'hidden_size': 58, 'dropout': 0.11839725667135072, 'hidden_continuous_size': 17, 'attention_head_size': 2, 'learning_rate': 0.030325167889964682}. Best is trial 63 with value: 2.663890838623047.
LOCAL_RANK: 0 - CUDA_VISIBLE_DEVICES: [0]
[I 2023-11-30 03:17:53,910] Trial 141 finished with value: 2.7098305225372314 and parameters: {'gradient_clip_val': 0.6741160355088957, 'hidden_size': 34, 'dropout': 0.17021771768004593, 'hidden_continuous_size': 21, 'attention_head_size': 2, 'learning_rate': 0.0139521980254986}. Best is trial 63 with value: 2.663890838623047.
LOCAL_RANK: 0 - CUDA_VISIBLE_DEVICES: [0]
[I 2023-11-30 03:18:06,588] Trial 142 finished with value: 3.09118390083313 and parameters: {'gradient_clip_val': 0.6508154286524426, 'hidden_size': 35, 'dropout': 0.18178797969006977, 'hidden_continuous_size': 21, 'attention_head_size': 2, 'learning_rate': 0.014833747289575915}. Best is trial 63 with value: 2.663890838623047.
LOCAL_RANK: 0 - CUDA_VISIBLE_DEVICES: [0]
[I 2023-11-30 03:18:18,884] Trial 143 finished with value: 3.127406358718872 and parameters: {'gradient_clip_val': 0.8152374471345282, 'hidden_size': 30, 'dropout': 0.165776246269123, 'hidden_continuous_size': 11, 'attention_head_size': 2, 'learning_rate': 0.016518633334430807}. Best is trial 63 with value: 2.663890838623047.
LOCAL_RANK: 0 - CUDA_VISIBLE_DEVICES: [0]
[I 2023-11-30 03:18:31,203] Trial 144 finished with value: 3.070622205734253 and parameters: {'gradient_clip_val': 0.5772649202796328, 'hidden_size': 32, 'dropout': 0.1708897825556044, 'hidden_continuous_size': 22, 'attention_head_size': 2, 'learning_rate': 0.018086932918100457}. Best is trial 63 with value: 2.663890838623047.
LOCAL_RANK: 0 - CUDA_VISIBLE_DEVICES: [0]
[I 2023-11-30 03:18:43,707] Trial 145 finished with value: 2.979678153991699 and parameters: {'gradient_clip_val': 0.6920990852122917, 'hidden_size': 36, 'dropout': 0.18685613845277452, 'hidden_continuous_size': 20, 'attention_head_size': 2, 'learning_rate': 0.013532639745519746}. Best is trial 63 with value: 2.663890838623047.
LOCAL_RANK: 0 - CUDA_VISIBLE_DEVICES: [0]
[I 2023-11-30 03:18:56,526] Trial 146 finished with value: 3.1638975143432617 and parameters: {'gradient_clip_val': 0.7697868825291166, 'hidden_size': 41, 'dropout': 0.15139465410578626, 'hidden_continuous_size': 15, 'attention_head_size': 2, 'learning_rate': 0.06339977205828243}. Best is trial 63 with value: 2.663890838623047.
LOCAL_RANK: 0 - CUDA_VISIBLE_DEVICES: [0]
[I 2023-11-30 03:19:09,364] Trial 147 finished with value: 3.0626068115234375 and parameters: {'gradient_clip_val': 0.6644350832388424, 'hidden_size': 49, 'dropout': 0.13923684249480733, 'hidden_continuous_size': 14, 'attention_head_size': 3, 'learning_rate': 0.021617319555374378}. Best is trial 63 with value: 2.663890838623047.
LOCAL_RANK: 0 - CUDA_VISIBLE_DEVICES: [0]
[I 2023-11-30 03:19:21,977] Trial 148 finished with value: 3.9756860733032227 and parameters: {'gradient_clip_val': 0.6131282174901471, 'hidden_size': 33, 'dropout': 0.17783928406510985, 'hidden_continuous_size': 19, 'attention_head_size': 2, 'learning_rate': 0.011394280270420784}. Best is trial 63 with value: 2.663890838623047.
LOCAL_RANK: 0 - CUDA_VISIBLE_DEVICES: [0]
[I 2023-11-30 03:19:34,738] Trial 149 finished with value: 2.9304568767547607 and parameters: {'gradient_clip_val': 0.5553188468348764, 'hidden_size': 39, 'dropout': 0.10026846302383963, 'hidden_continuous_size': 21, 'attention_head_size': 3, 'learning_rate': 0.05151502941709118}. Best is trial 63 with value: 2.663890838623047.
[I 2023-11-30 03:19:34,850] A new study created in memory with name: no-name-4743d4ac-a0a0-4686-b67a-8b9d5c58dda9
/home/le004/conda/anaconda3/envs/tsff_env/lib/python3.9/site-packages/lightning/fabric/plugins/environments/slurm.py:191: The `srun` command is available on your system but is not used. HINT: If your intention is to run Lightning on SLURM, prepend your python command with `srun` like so: srun python /home/le004/master_thesis/git/TSFusionForecast/code/ ...
LOCAL_RANK: 0 - CUDA_VISIBLE_DEVICES: [0]
[I 2023-11-30 03:19:47,041] Trial 0 finished with value: 19.694623947143555 and parameters: {'gradient_clip_val': 0.503833959989061, 'hidden_size': 17, 'dropout': 0.10096493880712407, 'hidden_continuous_size': 11, 'attention_head_size': 2, 'learning_rate': 0.09961291125891318}. Best is trial 0 with value: 19.694623947143555.
LOCAL_RANK: 0 - CUDA_VISIBLE_DEVICES: [0]
[I 2023-11-30 03:19:59,994] Trial 1 finished with value: 14.388859748840332 and parameters: {'gradient_clip_val': 0.61202087525849, 'hidden_size': 47, 'dropout': 0.17338857756523332, 'hidden_continuous_size': 22, 'attention_head_size': 2, 'learning_rate': 0.019352536462919654}. Best is trial 1 with value: 14.388859748840332.
LOCAL_RANK: 0 - CUDA_VISIBLE_DEVICES: [0]
[I 2023-11-30 03:20:12,607] Trial 2 finished with value: 30.57110595703125 and parameters: {'gradient_clip_val': 0.6298491263907768, 'hidden_size': 34, 'dropout': 0.18834166603186753, 'hidden_continuous_size': 22, 'attention_head_size': 2, 'learning_rate': 0.0018998321301947933}. Best is trial 1 with value: 14.388859748840332.
LOCAL_RANK: 0 - CUDA_VISIBLE_DEVICES: [0]
[I 2023-11-30 03:20:25,106] Trial 3 finished with value: 41.321205139160156 and parameters: {'gradient_clip_val': 0.13049895433939657, 'hidden_size': 26, 'dropout': 0.2030737382171194, 'hidden_continuous_size': 22, 'attention_head_size': 3, 'learning_rate': 0.001235726039889668}. Best is trial 1 with value: 14.388859748840332.
LOCAL_RANK: 0 - CUDA_VISIBLE_DEVICES: [0]
[I 2023-11-30 03:20:39,237] Trial 4 finished with value: 11.671433448791504 and parameters: {'gradient_clip_val': 0.3150880357786976, 'hidden_size': 110, 'dropout': 0.23440409648221217, 'hidden_continuous_size': 70, 'attention_head_size': 3, 'learning_rate': 0.0054319422919802485}. Best is trial 4 with value: 11.671433448791504.
LOCAL_RANK: 0 - CUDA_VISIBLE_DEVICES: [0]
[I 2023-11-30 03:20:51,262] Trial 5 finished with value: 13.863471031188965 and parameters: {'gradient_clip_val': 0.9763346476161078, 'hidden_size': 23, 'dropout': 0.31153638047430865, 'hidden_continuous_size': 14, 'attention_head_size': 1, 'learning_rate': 0.011497647548816508}. Best is trial 4 with value: 11.671433448791504.
LOCAL_RANK: 0 - CUDA_VISIBLE_DEVICES: [0]
[I 2023-11-30 03:21:03,381] Trial 6 finished with value: 28.9573917388916 and parameters: {'gradient_clip_val': 0.14304257564248768, 'hidden_size': 15, 'dropout': 0.28769376521265877, 'hidden_continuous_size': 10, 'attention_head_size': 4, 'learning_rate': 0.0025056003967071023}. Best is trial 4 with value: 11.671433448791504.
LOCAL_RANK: 0 - CUDA_VISIBLE_DEVICES: [0]
[I 2023-11-30 03:21:13,673] Trial 7 finished with value: 21.284757614135742 and parameters: {'gradient_clip_val': 0.2730175033648356, 'hidden_size': 10, 'dropout': 0.26363095371190703, 'hidden_continuous_size': 10, 'attention_head_size': 2, 'learning_rate': 0.01797001445389112}. Best is trial 4 with value: 11.671433448791504.
LOCAL_RANK: 0 - CUDA_VISIBLE_DEVICES: [0]
[I 2023-11-30 03:21:26,474] Trial 8 finished with value: 19.110774993896484 and parameters: {'gradient_clip_val': 0.7900304975535221, 'hidden_size': 44, 'dropout': 0.37686929551563997, 'hidden_continuous_size': 17, 'attention_head_size': 3, 'learning_rate': 0.004533039061020722}. Best is trial 4 with value: 11.671433448791504.
LOCAL_RANK: 0 - CUDA_VISIBLE_DEVICES: [0]
[I 2023-11-30 03:21:38,860] Trial 9 finished with value: 13.140487670898438 and parameters: {'gradient_clip_val': 0.4538433487451734, 'hidden_size': 30, 'dropout': 0.27205308924273863, 'hidden_continuous_size': 15, 'attention_head_size': 2, 'learning_rate': 0.040479800209841564}. Best is trial 4 with value: 11.671433448791504.
LOCAL_RANK: 0 - CUDA_VISIBLE_DEVICES: [0]
[I 2023-11-30 03:21:53,596] Trial 10 finished with value: 12.353507041931152 and parameters: {'gradient_clip_val': 0.27680964787661094, 'hidden_size': 142, 'dropout': 0.39809145411503577, 'hidden_continuous_size': 91, 'attention_head_size': 4, 'learning_rate': 0.004934836691058282}. Best is trial 4 with value: 11.671433448791504.
LOCAL_RANK: 0 - CUDA_VISIBLE_DEVICES: [0]
[I 2023-11-30 03:22:08,138] Trial 11 finished with value: 15.180916786193848 and parameters: {'gradient_clip_val': 0.28074889606680276, 'hidden_size': 138, 'dropout': 0.3946247402325114, 'hidden_continuous_size': 85, 'attention_head_size': 4, 'learning_rate': 0.0054054582906784545}. Best is trial 4 with value: 11.671433448791504.
LOCAL_RANK: 0 - CUDA_VISIBLE_DEVICES: [0]
[I 2023-11-30 03:22:22,823] Trial 12 finished with value: 17.072431564331055 and parameters: {'gradient_clip_val': 0.21855103007236665, 'hidden_size': 138, 'dropout': 0.34021829441794027, 'hidden_continuous_size': 86, 'attention_head_size': 4, 'learning_rate': 0.005190134132593993}. Best is trial 4 with value: 11.671433448791504.
LOCAL_RANK: 0 - CUDA_VISIBLE_DEVICES: [0]
[I 2023-11-30 03:22:36,749] Trial 13 finished with value: 16.333616256713867 and parameters: {'gradient_clip_val': 0.35293882375000646, 'hidden_size': 89, 'dropout': 0.35172905955212447, 'hidden_continuous_size': 56, 'attention_head_size': 3, 'learning_rate': 0.0033778594564770974}. Best is trial 4 with value: 11.671433448791504.
LOCAL_RANK: 0 - CUDA_VISIBLE_DEVICES: [0]
