[I 2023-11-30 04:02:21,865] Trial 38 finished with value: 137.49900817871094 and parameters: {'gradient_clip_val': 0.4018404982208205, 'hidden_size': 15, 'dropout': 0.28812603932497327, 'hidden_continuous_size': 12, 'attention_head_size': 1, 'learning_rate': 0.08061685276858084}. Best is trial 10 with value: 96.7619857788086.
LOCAL_RANK: 0 - CUDA_VISIBLE_DEVICES: [0]
[I 2023-11-30 04:02:31,882] Trial 39 finished with value: 122.13357543945312 and parameters: {'gradient_clip_val': 0.4777202040643463, 'hidden_size': 10, 'dropout': 0.21859227122498948, 'hidden_continuous_size': 10, 'attention_head_size': 1, 'learning_rate': 0.0949894788906684}. Best is trial 10 with value: 96.7619857788086.
LOCAL_RANK: 0 - CUDA_VISIBLE_DEVICES: [0]
[I 2023-11-30 04:02:43,802] Trial 40 finished with value: 119.85282135009766 and parameters: {'gradient_clip_val': 0.35599920938185026, 'hidden_size': 15, 'dropout': 0.2578526511991027, 'hidden_continuous_size': 12, 'attention_head_size': 1, 'learning_rate': 0.053048136944268735}. Best is trial 10 with value: 96.7619857788086.
LOCAL_RANK: 0 - CUDA_VISIBLE_DEVICES: [0]
[I 2023-11-30 04:02:55,748] Trial 41 finished with value: 122.98604583740234 and parameters: {'gradient_clip_val': 0.48115914749025274, 'hidden_size': 12, 'dropout': 0.19624658383390442, 'hidden_continuous_size': 11, 'attention_head_size': 2, 'learning_rate': 0.0603674799302471}. Best is trial 10 with value: 96.7619857788086.
LOCAL_RANK: 0 - CUDA_VISIBLE_DEVICES: [0]
[I 2023-11-30 04:03:07,681] Trial 42 finished with value: 124.9088363647461 and parameters: {'gradient_clip_val': 0.3750523975815564, 'hidden_size': 24, 'dropout': 0.22729818636768637, 'hidden_continuous_size': 16, 'attention_head_size': 1, 'learning_rate': 0.07934662427301607}. Best is trial 10 with value: 96.7619857788086.
LOCAL_RANK: 0 - CUDA_VISIBLE_DEVICES: [0]
[I 2023-11-30 04:03:19,970] Trial 43 finished with value: 100.91656494140625 and parameters: {'gradient_clip_val': 0.6133730209616055, 'hidden_size': 21, 'dropout': 0.20323648838531744, 'hidden_continuous_size': 15, 'attention_head_size': 2, 'learning_rate': 0.06258926822191097}. Best is trial 10 with value: 96.7619857788086.
LOCAL_RANK: 0 - CUDA_VISIBLE_DEVICES: [0]
[I 2023-11-30 04:03:32,018] Trial 44 finished with value: 108.69701385498047 and parameters: {'gradient_clip_val': 0.4159371493747777, 'hidden_size': 18, 'dropout': 0.37541433737527957, 'hidden_continuous_size': 13, 'attention_head_size': 2, 'learning_rate': 0.04710679390407037}. Best is trial 10 with value: 96.7619857788086.
LOCAL_RANK: 0 - CUDA_VISIBLE_DEVICES: [0]
[I 2023-11-30 04:03:43,776] Trial 45 finished with value: 126.1758041381836 and parameters: {'gradient_clip_val': 0.6250009890564364, 'hidden_size': 16, 'dropout': 0.34173123761882757, 'hidden_continuous_size': 12, 'attention_head_size': 1, 'learning_rate': 0.09752560251399353}. Best is trial 10 with value: 96.7619857788086.
LOCAL_RANK: 0 - CUDA_VISIBLE_DEVICES: [0]
[I 2023-11-30 04:03:56,001] Trial 46 finished with value: 125.85079956054688 and parameters: {'gradient_clip_val': 0.755440133201774, 'hidden_size': 20, 'dropout': 0.23292985752292486, 'hidden_continuous_size': 17, 'attention_head_size': 3, 'learning_rate': 0.07844013046999518}. Best is trial 10 with value: 96.7619857788086.
LOCAL_RANK: 0 - CUDA_VISIBLE_DEVICES: [0]
[I 2023-11-30 04:04:08,317] Trial 47 finished with value: 115.23323822021484 and parameters: {'gradient_clip_val': 0.431646203383883, 'hidden_size': 25, 'dropout': 0.2088654501266202, 'hidden_continuous_size': 17, 'attention_head_size': 2, 'learning_rate': 0.03574368529288614}. Best is trial 10 with value: 96.7619857788086.
LOCAL_RANK: 0 - CUDA_VISIBLE_DEVICES: [0]
[I 2023-11-30 04:04:20,800] Trial 48 finished with value: 100.09075927734375 and parameters: {'gradient_clip_val': 0.3512846871908465, 'hidden_size': 29, 'dropout': 0.3701809477022116, 'hidden_continuous_size': 19, 'attention_head_size': 1, 'learning_rate': 0.04685291048074381}. Best is trial 10 with value: 96.7619857788086.
LOCAL_RANK: 0 - CUDA_VISIBLE_DEVICES: [0]
[I 2023-11-30 04:04:32,741] Trial 49 finished with value: 109.19770050048828 and parameters: {'gradient_clip_val': 0.48806254308128816, 'hidden_size': 21, 'dropout': 0.3493000765192526, 'hidden_continuous_size': 14, 'attention_head_size': 1, 'learning_rate': 0.05908411960164893}. Best is trial 10 with value: 96.7619857788086.
LOCAL_RANK: 0 - CUDA_VISIBLE_DEVICES: [0]
[I 2023-11-30 04:04:44,685] Trial 50 finished with value: 121.36371612548828 and parameters: {'gradient_clip_val': 0.35319034591254095, 'hidden_size': 18, 'dropout': 0.37669293587374497, 'hidden_continuous_size': 13, 'attention_head_size': 1, 'learning_rate': 0.08026711775802962}. Best is trial 10 with value: 96.7619857788086.
LOCAL_RANK: 0 - CUDA_VISIBLE_DEVICES: [0]
[I 2023-11-30 04:04:56,987] Trial 51 finished with value: 123.51651763916016 and parameters: {'gradient_clip_val': 0.3277652407889, 'hidden_size': 29, 'dropout': 0.36153873892632554, 'hidden_continuous_size': 18, 'attention_head_size': 1, 'learning_rate': 0.04726679204864399}. Best is trial 10 with value: 96.7619857788086.
LOCAL_RANK: 0 - CUDA_VISIBLE_DEVICES: [0]
[I 2023-11-30 04:05:09,454] Trial 52 finished with value: 107.28096771240234 and parameters: {'gradient_clip_val': 0.3097048262789723, 'hidden_size': 40, 'dropout': 0.3777027143490372, 'hidden_continuous_size': 20, 'attention_head_size': 1, 'learning_rate': 0.04427132563975944}. Best is trial 10 with value: 96.7619857788086.
LOCAL_RANK: 0 - CUDA_VISIBLE_DEVICES: [0]
[I 2023-11-30 04:05:22,050] Trial 53 finished with value: 117.1878662109375 and parameters: {'gradient_clip_val': 0.3948770161719935, 'hidden_size': 33, 'dropout': 0.3320262086174678, 'hidden_continuous_size': 19, 'attention_head_size': 2, 'learning_rate': 0.05942730260774464}. Best is trial 10 with value: 96.7619857788086.
LOCAL_RANK: 0 - CUDA_VISIBLE_DEVICES: [0]
[I 2023-11-30 04:05:34,164] Trial 54 finished with value: 113.93160247802734 and parameters: {'gradient_clip_val': 0.45092792285055705, 'hidden_size': 24, 'dropout': 0.3958008116227081, 'hidden_continuous_size': 17, 'attention_head_size': 3, 'learning_rate': 0.07099544463227292}. Best is trial 10 with value: 96.7619857788086.
LOCAL_RANK: 0 - CUDA_VISIBLE_DEVICES: [0]
[I 2023-11-30 04:05:47,268] Trial 55 finished with value: 110.05721282958984 and parameters: {'gradient_clip_val': 0.36155850575888343, 'hidden_size': 45, 'dropout': 0.3847608974261435, 'hidden_continuous_size': 26, 'attention_head_size': 4, 'learning_rate': 0.03337105446400079}. Best is trial 10 with value: 96.7619857788086.
LOCAL_RANK: 0 - CUDA_VISIBLE_DEVICES: [0]
[I 2023-11-30 04:06:00,038] Trial 56 finished with value: 103.58673095703125 and parameters: {'gradient_clip_val': 0.41747705326063933, 'hidden_size': 31, 'dropout': 0.3646517433151029, 'hidden_continuous_size': 18, 'attention_head_size': 3, 'learning_rate': 0.05297739099951864}. Best is trial 10 with value: 96.7619857788086.
LOCAL_RANK: 0 - CUDA_VISIBLE_DEVICES: [0]
[I 2023-11-30 04:06:12,222] Trial 57 finished with value: 119.21597290039062 and parameters: {'gradient_clip_val': 0.29975476866663026, 'hidden_size': 26, 'dropout': 0.3042695429848516, 'hidden_continuous_size': 16, 'attention_head_size': 1, 'learning_rate': 0.0831502469238644}. Best is trial 10 with value: 96.7619857788086.
LOCAL_RANK: 0 - CUDA_VISIBLE_DEVICES: [0]
[I 2023-11-30 04:06:24,596] Trial 58 finished with value: 105.7108383178711 and parameters: {'gradient_clip_val': 0.26111014747888434, 'hidden_size': 28, 'dropout': 0.2404398672087652, 'hidden_continuous_size': 20, 'attention_head_size': 4, 'learning_rate': 0.043094705886925204}. Best is trial 10 with value: 96.7619857788086.
LOCAL_RANK: 0 - CUDA_VISIBLE_DEVICES: [0]
[I 2023-11-30 04:06:36,829] Trial 59 finished with value: 104.88739013671875 and parameters: {'gradient_clip_val': 0.2959618437766438, 'hidden_size': 22, 'dropout': 0.25653826956708636, 'hidden_continuous_size': 16, 'attention_head_size': 2, 'learning_rate': 0.09711716474883339}. Best is trial 10 with value: 96.7619857788086.
LOCAL_RANK: 0 - CUDA_VISIBLE_DEVICES: [0]
[I 2023-11-30 04:06:48,915] Trial 60 finished with value: 114.37945556640625 and parameters: {'gradient_clip_val': 0.33406717255092283, 'hidden_size': 20, 'dropout': 0.350527878996012, 'hidden_continuous_size': 17, 'attention_head_size': 3, 'learning_rate': 0.03371481455876024}. Best is trial 10 with value: 96.7619857788086.
LOCAL_RANK: 0 - CUDA_VISIBLE_DEVICES: [0]
[I 2023-11-30 04:07:01,589] Trial 61 finished with value: 95.55398559570312 and parameters: {'gradient_clip_val': 0.42560397124311355, 'hidden_size': 32, 'dropout': 0.3692460796954488, 'hidden_continuous_size': 19, 'attention_head_size': 3, 'learning_rate': 0.05628024044769415}. Best is trial 61 with value: 95.55398559570312.
LOCAL_RANK: 0 - CUDA_VISIBLE_DEVICES: [0]
[I 2023-11-30 04:07:14,314] Trial 62 finished with value: 122.3375473022461 and parameters: {'gradient_clip_val': 0.3689803244698677, 'hidden_size': 34, 'dropout': 0.38590215900651925, 'hidden_continuous_size': 19, 'attention_head_size': 3, 'learning_rate': 0.0716898154896525}. Best is trial 61 with value: 95.55398559570312.
LOCAL_RANK: 0 - CUDA_VISIBLE_DEVICES: [0]
[I 2023-11-30 04:07:26,850] Trial 63 finished with value: 119.01160430908203 and parameters: {'gradient_clip_val': 0.427197794935132, 'hidden_size': 30, 'dropout': 0.39755070777244444, 'hidden_continuous_size': 18, 'attention_head_size': 3, 'learning_rate': 0.054834429892901146}. Best is trial 61 with value: 95.55398559570312.
LOCAL_RANK: 0 - CUDA_VISIBLE_DEVICES: [0]
[I 2023-11-30 04:07:39,586] Trial 64 finished with value: 119.6048583984375 and parameters: {'gradient_clip_val': 0.4483548111424056, 'hidden_size': 37, 'dropout': 0.36310123407616995, 'hidden_continuous_size': 22, 'attention_head_size': 3, 'learning_rate': 0.08526386925606444}. Best is trial 61 with value: 95.55398559570312.
LOCAL_RANK: 0 - CUDA_VISIBLE_DEVICES: [0]
[I 2023-11-30 04:07:52,040] Trial 65 finished with value: 113.82196807861328 and parameters: {'gradient_clip_val': 0.39461589921893747, 'hidden_size': 26, 'dropout': 0.32098141671739694, 'hidden_continuous_size': 19, 'attention_head_size': 4, 'learning_rate': 0.06348801589625692}. Best is trial 61 with value: 95.55398559570312.
LOCAL_RANK: 0 - CUDA_VISIBLE_DEVICES: [0]
[I 2023-11-30 04:08:05,126] Trial 66 finished with value: 101.11234283447266 and parameters: {'gradient_clip_val': 0.5085540471907468, 'hidden_size': 53, 'dropout': 0.368975952304459, 'hidden_continuous_size': 23, 'attention_head_size': 3, 'learning_rate': 0.04052005974131829}. Best is trial 61 with value: 95.55398559570312.
LOCAL_RANK: 0 - CUDA_VISIBLE_DEVICES: [0]
[I 2023-11-30 04:08:18,573] Trial 67 finished with value: 100.65287017822266 and parameters: {'gradient_clip_val': 0.5014266295910658, 'hidden_size': 64, 'dropout': 0.37192076158959325, 'hidden_continuous_size': 24, 'attention_head_size': 3, 'learning_rate': 0.05028985327129534}. Best is trial 61 with value: 95.55398559570312.
LOCAL_RANK: 0 - CUDA_VISIBLE_DEVICES: [0]
[I 2023-11-30 04:08:31,649] Trial 68 finished with value: 115.5102767944336 and parameters: {'gradient_clip_val': 0.49961418286586934, 'hidden_size': 52, 'dropout': 0.3698566402268743, 'hidden_continuous_size': 25, 'attention_head_size': 4, 'learning_rate': 0.05233190786774204}. Best is trial 61 with value: 95.55398559570312.
LOCAL_RANK: 0 - CUDA_VISIBLE_DEVICES: [0]
[I 2023-11-30 04:08:44,730] Trial 69 finished with value: 134.38475036621094 and parameters: {'gradient_clip_val': 0.5954391556618835, 'hidden_size': 57, 'dropout': 0.35423782168976287, 'hidden_continuous_size': 24, 'attention_head_size': 2, 'learning_rate': 0.02866134412132644}. Best is trial 61 with value: 95.55398559570312.
LOCAL_RANK: 0 - CUDA_VISIBLE_DEVICES: [0]
[I 2023-11-30 04:08:58,162] Trial 70 finished with value: 118.83699798583984 and parameters: {'gradient_clip_val': 0.5051119439227926, 'hidden_size': 71, 'dropout': 0.3862206859794721, 'hidden_continuous_size': 27, 'attention_head_size': 3, 'learning_rate': 0.0390868304865295}. Best is trial 61 with value: 95.55398559570312.
LOCAL_RANK: 0 - CUDA_VISIBLE_DEVICES: [0]
[I 2023-11-30 04:09:10,605] Trial 71 finished with value: 117.06927490234375 and parameters: {'gradient_clip_val': 0.4656873861060938, 'hidden_size': 28, 'dropout': 0.369453105606298, 'hidden_continuous_size': 22, 'attention_head_size': 3, 'learning_rate': 0.07134556491259399}. Best is trial 61 with value: 95.55398559570312.
LOCAL_RANK: 0 - CUDA_VISIBLE_DEVICES: [0]
[I 2023-11-30 04:09:23,453] Trial 72 finished with value: 108.2491683959961 and parameters: {'gradient_clip_val': 0.5686564612374277, 'hidden_size': 41, 'dropout': 0.3422452061994792, 'hidden_continuous_size': 30, 'attention_head_size': 3, 'learning_rate': 0.04946749050244188}. Best is trial 61 with value: 95.55398559570312.
LOCAL_RANK: 0 - CUDA_VISIBLE_DEVICES: [0]
[I 2023-11-30 04:09:35,741] Trial 73 finished with value: 108.00875091552734 and parameters: {'gradient_clip_val': 0.508036081091171, 'hidden_size': 23, 'dropout': 0.37693655621346106, 'hidden_continuous_size': 20, 'attention_head_size': 3, 'learning_rate': 0.059348754488528235}. Best is trial 61 with value: 95.55398559570312.
LOCAL_RANK: 0 - CUDA_VISIBLE_DEVICES: [0]
[I 2023-11-30 04:09:48,319] Trial 74 finished with value: 113.29287719726562 and parameters: {'gradient_clip_val': 0.5210068990321316, 'hidden_size': 36, 'dropout': 0.359402260403443, 'hidden_continuous_size': 22, 'attention_head_size': 3, 'learning_rate': 0.0870822247632698}. Best is trial 61 with value: 95.55398559570312.
LOCAL_RANK: 0 - CUDA_VISIBLE_DEVICES: [0]
[I 2023-11-30 04:10:00,411] Trial 75 finished with value: 124.3014907836914 and parameters: {'gradient_clip_val': 0.4465533593410224, 'hidden_size': 16, 'dropout': 0.38478276127458433, 'hidden_continuous_size': 15, 'attention_head_size': 4, 'learning_rate': 0.07139127989218365}. Best is trial 61 with value: 95.55398559570312.
LOCAL_RANK: 0 - CUDA_VISIBLE_DEVICES: [0]
[I 2023-11-30 04:10:12,724] Trial 76 finished with value: 123.50960540771484 and parameters: {'gradient_clip_val': 0.5751083767076353, 'hidden_size': 24, 'dropout': 0.33131262958793534, 'hidden_continuous_size': 21, 'attention_head_size': 3, 'learning_rate': 0.04594299086983843}. Best is trial 61 with value: 95.55398559570312.
LOCAL_RANK: 0 - CUDA_VISIBLE_DEVICES: [0]
[I 2023-11-30 04:10:24,805] Trial 77 finished with value: 107.5619888305664 and parameters: {'gradient_clip_val': 0.4758443443710152, 'hidden_size': 19, 'dropout': 0.39523073238124073, 'hidden_continuous_size': 16, 'attention_head_size': 1, 'learning_rate': 0.06117940659638336}. Best is trial 61 with value: 95.55398559570312.
LOCAL_RANK: 0 - CUDA_VISIBLE_DEVICES: [0]
[I 2023-11-30 04:10:37,397] Trial 78 finished with value: 129.11660766601562 and parameters: {'gradient_clip_val': 0.5321197070709135, 'hidden_size': 29, 'dropout': 0.3472158733503226, 'hidden_continuous_size': 23, 'attention_head_size': 3, 'learning_rate': 0.03854251163366102}. Best is trial 61 with value: 95.55398559570312.
LOCAL_RANK: 0 - CUDA_VISIBLE_DEVICES: [0]
[I 2023-11-30 04:10:49,745] Trial 79 finished with value: 119.08975982666016 and parameters: {'gradient_clip_val': 0.38378767120074725, 'hidden_size': 32, 'dropout': 0.3679651610487579, 'hidden_continuous_size': 24, 'attention_head_size': 2, 'learning_rate': 0.08826070676537597}. Best is trial 61 with value: 95.55398559570312.
LOCAL_RANK: 0 - CUDA_VISIBLE_DEVICES: [0]
[I 2023-11-30 04:11:02,212] Trial 80 finished with value: 106.16841888427734 and parameters: {'gradient_clip_val': 0.414187741691526, 'hidden_size': 26, 'dropout': 0.354157941642311, 'hidden_continuous_size': 17, 'attention_head_size': 3, 'learning_rate': 0.06423026407646508}. Best is trial 61 with value: 95.55398559570312.
LOCAL_RANK: 0 - CUDA_VISIBLE_DEVICES: [0]
[I 2023-11-30 04:11:15,052] Trial 81 finished with value: 101.76873779296875 and parameters: {'gradient_clip_val': 0.3351001978303681, 'hidden_size': 34, 'dropout': 0.2314478555597429, 'hidden_continuous_size': 20, 'attention_head_size': 3, 'learning_rate': 0.05176815654186809}. Best is trial 61 with value: 95.55398559570312.
LOCAL_RANK: 0 - CUDA_VISIBLE_DEVICES: [0]
[I 2023-11-30 04:11:27,824] Trial 82 finished with value: 136.56883239746094 and parameters: {'gradient_clip_val': 0.35099578738337645, 'hidden_size': 35, 'dropout': 0.22442045159763735, 'hidden_continuous_size': 18, 'attention_head_size': 3, 'learning_rate': 0.04972094220360986}. Best is trial 61 with value: 95.55398559570312.
LOCAL_RANK: 0 - CUDA_VISIBLE_DEVICES: [0]
[I 2023-11-30 04:11:40,435] Trial 83 finished with value: 112.9454116821289 and parameters: {'gradient_clip_val': 0.3227491186235679, 'hidden_size': 31, 'dropout': 0.20357278833455475, 'hidden_continuous_size': 20, 'attention_head_size': 3, 'learning_rate': 0.07452996027814063}. Best is trial 61 with value: 95.55398559570312.
LOCAL_RANK: 0 - CUDA_VISIBLE_DEVICES: [0]
[I 2023-11-30 04:11:53,291] Trial 84 finished with value: 104.39762115478516 and parameters: {'gradient_clip_val': 0.3816771357909142, 'hidden_size': 41, 'dropout': 0.23601507149390702, 'hidden_continuous_size': 21, 'attention_head_size': 3, 'learning_rate': 0.05593539047772502}. Best is trial 61 with value: 95.55398559570312.
LOCAL_RANK: 0 - CUDA_VISIBLE_DEVICES: [0]
[I 2023-11-30 04:12:06,098] Trial 85 finished with value: 97.8651351928711 and parameters: {'gradient_clip_val': 0.4398431367745963, 'hidden_size': 49, 'dropout': 0.21835521769646654, 'hidden_continuous_size': 21, 'attention_head_size': 1, 'learning_rate': 0.04109662541558837}. Best is trial 61 with value: 95.55398559570312.
LOCAL_RANK: 0 - CUDA_VISIBLE_DEVICES: [0]
[I 2023-11-30 04:12:19,014] Trial 86 finished with value: 114.88126373291016 and parameters: {'gradient_clip_val': 0.4398339002281871, 'hidden_size': 46, 'dropout': 0.18242331788813054, 'hidden_continuous_size': 20, 'attention_head_size': 1, 'learning_rate': 0.04191858375067671}. Best is trial 61 with value: 95.55398559570312.
LOCAL_RANK: 0 - CUDA_VISIBLE_DEVICES: [0]
[I 2023-11-30 04:12:31,597] Trial 87 finished with value: 124.5168228149414 and parameters: {'gradient_clip_val': 0.46475090649735157, 'hidden_size': 39, 'dropout': 0.2202536782343707, 'hidden_continuous_size': 21, 'attention_head_size': 1, 'learning_rate': 0.04863520699844951}. Best is trial 61 with value: 95.55398559570312.
LOCAL_RANK: 0 - CUDA_VISIBLE_DEVICES: [0]
[I 2023-11-30 04:12:44,199] Trial 88 finished with value: 106.84024810791016 and parameters: {'gradient_clip_val': 0.3428606128903582, 'hidden_size': 37, 'dropout': 0.21141831445846657, 'hidden_continuous_size': 23, 'attention_head_size': 1, 'learning_rate': 0.03368887850683335}. Best is trial 61 with value: 95.55398559570312.
LOCAL_RANK: 0 - CUDA_VISIBLE_DEVICES: [0]
[I 2023-11-30 04:12:56,639] Trial 89 finished with value: 115.5932388305664 and parameters: {'gradient_clip_val': 0.5343409962803852, 'hidden_size': 34, 'dropout': 0.3997519046639421, 'hidden_continuous_size': 22, 'attention_head_size': 1, 'learning_rate': 0.02468404221892689}. Best is trial 61 with value: 95.55398559570312.
LOCAL_RANK: 0 - CUDA_VISIBLE_DEVICES: [0]
[I 2023-11-30 04:13:09,464] Trial 90 finished with value: 100.5275650024414 and parameters: {'gradient_clip_val': 0.3151605620847606, 'hidden_size': 50, 'dropout': 0.24831980432100684, 'hidden_continuous_size': 24, 'attention_head_size': 1, 'learning_rate': 0.04131053440417949}. Best is trial 61 with value: 95.55398559570312.
LOCAL_RANK: 0 - CUDA_VISIBLE_DEVICES: [0]
[I 2023-11-30 04:13:22,340] Trial 91 finished with value: 125.9753189086914 and parameters: {'gradient_clip_val': 0.31133144962299864, 'hidden_size': 50, 'dropout': 0.2504892289624975, 'hidden_continuous_size': 24, 'attention_head_size': 1, 'learning_rate': 0.040395901241879556}. Best is trial 61 with value: 95.55398559570312.
LOCAL_RANK: 0 - CUDA_VISIBLE_DEVICES: [0]
[I 2023-11-30 04:13:35,428] Trial 92 finished with value: 117.62957763671875 and parameters: {'gradient_clip_val': 0.35697807375082086, 'hidden_size': 57, 'dropout': 0.23067554173255383, 'hidden_continuous_size': 25, 'attention_head_size': 1, 'learning_rate': 0.04596671664945887}. Best is trial 61 with value: 95.55398559570312.
LOCAL_RANK: 0 - CUDA_VISIBLE_DEVICES: [0]
[I 2023-11-30 04:13:48,020] Trial 93 finished with value: 103.76485443115234 and parameters: {'gradient_clip_val': 0.40812721399828045, 'hidden_size': 44, 'dropout': 0.20148209265174516, 'hidden_continuous_size': 23, 'attention_head_size': 1, 'learning_rate': 0.0309532381603946}. Best is trial 61 with value: 95.55398559570312.
LOCAL_RANK: 0 - CUDA_VISIBLE_DEVICES: [0]
[I 2023-11-30 04:14:01,201] Trial 94 finished with value: 103.49239349365234 and parameters: {'gradient_clip_val': 0.4868442742746122, 'hidden_size': 61, 'dropout': 0.3790283020652475, 'hidden_continuous_size': 29, 'attention_head_size': 1, 'learning_rate': 0.05380818526330777}. Best is trial 61 with value: 95.55398559570312.
LOCAL_RANK: 0 - CUDA_VISIBLE_DEVICES: [0]
[I 2023-11-30 04:14:14,062] Trial 95 finished with value: 107.77986907958984 and parameters: {'gradient_clip_val': 0.3703392376323411, 'hidden_size': 51, 'dropout': 0.24042595078219853, 'hidden_continuous_size': 21, 'attention_head_size': 1, 'learning_rate': 0.07728863960062922}. Best is trial 61 with value: 95.55398559570312.
LOCAL_RANK: 0 - CUDA_VISIBLE_DEVICES: [0]
[I 2023-11-30 04:14:26,898] Trial 96 finished with value: 101.882568359375 and parameters: {'gradient_clip_val': 0.31557811440350403, 'hidden_size': 43, 'dropout': 0.3899459775300451, 'hidden_continuous_size': 19, 'attention_head_size': 1, 'learning_rate': 0.03595437922916323}. Best is trial 61 with value: 95.55398559570312.
LOCAL_RANK: 0 - CUDA_VISIBLE_DEVICES: [0]
