[I 2023-11-29 22:04:10,539] Trial 68 finished with value: 0.1203397810459137 and parameters: {'gradient_clip_val': 0.5349750111045587, 'hidden_size': 66, 'dropout': 0.21414601252404283, 'hidden_continuous_size': 13, 'attention_head_size': 1, 'learning_rate': 0.0901387575510284}. Best is trial 45 with value: 0.08545070141553879.
LOCAL_RANK: 0 - CUDA_VISIBLE_DEVICES: [0]
[I 2023-11-29 22:04:23,218] Trial 69 finished with value: 0.11120565980672836 and parameters: {'gradient_clip_val': 0.598392964533368, 'hidden_size': 40, 'dropout': 0.11209625208504401, 'hidden_continuous_size': 18, 'attention_head_size': 1, 'learning_rate': 0.047598160026977705}. Best is trial 45 with value: 0.08545070141553879.
LOCAL_RANK: 0 - CUDA_VISIBLE_DEVICES: [0]
[I 2023-11-29 22:04:36,073] Trial 70 finished with value: 0.23827029764652252 and parameters: {'gradient_clip_val': 0.9987682019299856, 'hidden_size': 55, 'dropout': 0.12577573031928682, 'hidden_continuous_size': 15, 'attention_head_size': 2, 'learning_rate': 0.030135482990512656}. Best is trial 45 with value: 0.08545070141553879.
LOCAL_RANK: 0 - CUDA_VISIBLE_DEVICES: [0]
[I 2023-11-29 22:04:48,418] Trial 71 finished with value: 0.2554567754268646 and parameters: {'gradient_clip_val': 0.9188284237000779, 'hidden_size': 34, 'dropout': 0.10345546951815364, 'hidden_continuous_size': 12, 'attention_head_size': 1, 'learning_rate': 0.0964421539874503}. Best is trial 45 with value: 0.08545070141553879.
LOCAL_RANK: 0 - CUDA_VISIBLE_DEVICES: [0]
[I 2023-11-29 22:05:00,830] Trial 72 finished with value: 0.238589808344841 and parameters: {'gradient_clip_val': 0.8207352279591867, 'hidden_size': 30, 'dropout': 0.1434953343672841, 'hidden_continuous_size': 16, 'attention_head_size': 1, 'learning_rate': 0.0706405959828889}. Best is trial 45 with value: 0.08545070141553879.
LOCAL_RANK: 0 - CUDA_VISIBLE_DEVICES: [0]
[I 2023-11-29 22:05:12,791] Trial 73 finished with value: 0.12703396379947662 and parameters: {'gradient_clip_val': 0.7595122052140838, 'hidden_size': 32, 'dropout': 0.1296309861306152, 'hidden_continuous_size': 12, 'attention_head_size': 1, 'learning_rate': 0.08294334015303478}. Best is trial 45 with value: 0.08545070141553879.
LOCAL_RANK: 0 - CUDA_VISIBLE_DEVICES: [0]
[I 2023-11-29 22:05:25,347] Trial 74 finished with value: 0.09389903396368027 and parameters: {'gradient_clip_val': 0.8715058727728413, 'hidden_size': 34, 'dropout': 0.12627157112730858, 'hidden_continuous_size': 11, 'attention_head_size': 1, 'learning_rate': 0.06535462400076007}. Best is trial 45 with value: 0.08545070141553879.
LOCAL_RANK: 0 - CUDA_VISIBLE_DEVICES: [0]
[I 2023-11-29 22:05:37,720] Trial 75 finished with value: 0.13406811654567719 and parameters: {'gradient_clip_val': 0.8370765656253323, 'hidden_size': 35, 'dropout': 0.15744205053525168, 'hidden_continuous_size': 11, 'attention_head_size': 1, 'learning_rate': 0.059316808981316284}. Best is trial 45 with value: 0.08545070141553879.
LOCAL_RANK: 0 - CUDA_VISIBLE_DEVICES: [0]
[I 2023-11-29 22:05:50,169] Trial 76 finished with value: 0.21345263719558716 and parameters: {'gradient_clip_val': 0.6618881926082031, 'hidden_size': 43, 'dropout': 0.12242440784221931, 'hidden_continuous_size': 10, 'attention_head_size': 1, 'learning_rate': 0.03624936211471297}. Best is trial 45 with value: 0.08545070141553879.
LOCAL_RANK: 0 - CUDA_VISIBLE_DEVICES: [0]
[I 2023-11-29 22:06:02,554] Trial 77 finished with value: 0.14097200334072113 and parameters: {'gradient_clip_val': 0.7088154586637905, 'hidden_size': 38, 'dropout': 0.1092884744006399, 'hidden_continuous_size': 11, 'attention_head_size': 1, 'learning_rate': 0.04838838703763299}. Best is trial 45 with value: 0.08545070141553879.
LOCAL_RANK: 0 - CUDA_VISIBLE_DEVICES: [0]
[I 2023-11-29 22:06:14,916] Trial 78 finished with value: 0.14772091805934906 and parameters: {'gradient_clip_val': 0.5912620711812858, 'hidden_size': 27, 'dropout': 0.14093952051949787, 'hidden_continuous_size': 19, 'attention_head_size': 3, 'learning_rate': 0.0666746386081867}. Best is trial 45 with value: 0.08545070141553879.
LOCAL_RANK: 0 - CUDA_VISIBLE_DEVICES: [0]
[I 2023-11-29 22:06:28,172] Trial 79 finished with value: 0.2036910057067871 and parameters: {'gradient_clip_val': 0.8671478850721605, 'hidden_size': 71, 'dropout': 0.19010549280692443, 'hidden_continuous_size': 14, 'attention_head_size': 1, 'learning_rate': 0.03888058346218318}. Best is trial 45 with value: 0.08545070141553879.
LOCAL_RANK: 0 - CUDA_VISIBLE_DEVICES: [0]
[I 2023-11-29 22:06:41,479] Trial 80 finished with value: 0.10422980785369873 and parameters: {'gradient_clip_val': 0.7482980819186802, 'hidden_size': 59, 'dropout': 0.10042616161581983, 'hidden_continuous_size': 22, 'attention_head_size': 4, 'learning_rate': 0.07863776380289063}. Best is trial 45 with value: 0.08545070141553879.
LOCAL_RANK: 0 - CUDA_VISIBLE_DEVICES: [0]
[I 2023-11-29 22:06:54,540] Trial 81 finished with value: 0.17617569863796234 and parameters: {'gradient_clip_val': 0.6405892188032001, 'hidden_size': 59, 'dropout': 0.1106362860515842, 'hidden_continuous_size': 20, 'attention_head_size': 4, 'learning_rate': 0.07934597370494022}. Best is trial 45 with value: 0.08545070141553879.
LOCAL_RANK: 0 - CUDA_VISIBLE_DEVICES: [0]
[I 2023-11-29 22:07:07,631] Trial 82 finished with value: 0.17227132618427277 and parameters: {'gradient_clip_val': 0.7896296906511758, 'hidden_size': 49, 'dropout': 0.1305669426841891, 'hidden_continuous_size': 21, 'attention_head_size': 4, 'learning_rate': 0.06399497384498802}. Best is trial 45 with value: 0.08545070141553879.
LOCAL_RANK: 0 - CUDA_VISIBLE_DEVICES: [0]
[I 2023-11-29 22:07:20,838] Trial 83 finished with value: 0.06829789280891418 and parameters: {'gradient_clip_val': 0.6755277263760444, 'hidden_size': 54, 'dropout': 0.12015040112147285, 'hidden_continuous_size': 26, 'attention_head_size': 4, 'learning_rate': 0.07669280785415375}. Best is trial 83 with value: 0.06829789280891418.
LOCAL_RANK: 0 - CUDA_VISIBLE_DEVICES: [0]
[I 2023-11-29 22:07:34,081] Trial 84 finished with value: 0.1382276862859726 and parameters: {'gradient_clip_val': 0.6823732254098428, 'hidden_size': 54, 'dropout': 0.12263918940604826, 'hidden_continuous_size': 26, 'attention_head_size': 4, 'learning_rate': 0.058767756333097734}. Best is trial 83 with value: 0.06829789280891418.
LOCAL_RANK: 0 - CUDA_VISIBLE_DEVICES: [0]
[I 2023-11-29 22:07:47,127] Trial 85 finished with value: 0.12888608872890472 and parameters: {'gradient_clip_val': 0.5406710401978302, 'hidden_size': 64, 'dropout': 0.15002658939793068, 'hidden_continuous_size': 26, 'attention_head_size': 1, 'learning_rate': 0.05086587791750449}. Best is trial 83 with value: 0.06829789280891418.
LOCAL_RANK: 0 - CUDA_VISIBLE_DEVICES: [0]
[I 2023-11-29 22:07:59,849] Trial 86 finished with value: 0.17531521618366241 and parameters: {'gradient_clip_val': 0.5837618142755111, 'hidden_size': 41, 'dropout': 0.13424203360068762, 'hidden_continuous_size': 31, 'attention_head_size': 1, 'learning_rate': 0.09781373444365256}. Best is trial 83 with value: 0.06829789280891418.
LOCAL_RANK: 0 - CUDA_VISIBLE_DEVICES: [0]
[I 2023-11-29 22:08:12,607] Trial 87 finished with value: 0.09984787553548813 and parameters: {'gradient_clip_val': 0.9385998975717014, 'hidden_size': 46, 'dropout': 0.20407516201489656, 'hidden_continuous_size': 18, 'attention_head_size': 2, 'learning_rate': 0.07199298081839722}. Best is trial 83 with value: 0.06829789280891418.
LOCAL_RANK: 0 - CUDA_VISIBLE_DEVICES: [0]
[I 2023-11-29 22:08:25,547] Trial 88 finished with value: 0.11188453435897827 and parameters: {'gradient_clip_val': 0.9619338418367301, 'hidden_size': 51, 'dropout': 0.21546818589435296, 'hidden_continuous_size': 18, 'attention_head_size': 2, 'learning_rate': 0.04317168625513977}. Best is trial 83 with value: 0.06829789280891418.
LOCAL_RANK: 0 - CUDA_VISIBLE_DEVICES: [0]
[I 2023-11-29 22:08:38,397] Trial 89 finished with value: 0.1851227730512619 and parameters: {'gradient_clip_val': 0.8946569315124778, 'hidden_size': 46, 'dropout': 0.19912049697780754, 'hidden_continuous_size': 17, 'attention_head_size': 2, 'learning_rate': 0.07012076532757026}. Best is trial 83 with value: 0.06829789280891418.
LOCAL_RANK: 0 - CUDA_VISIBLE_DEVICES: [0]
[I 2023-11-29 22:08:51,331] Trial 90 finished with value: 0.1682794690132141 and parameters: {'gradient_clip_val': 0.935196583843599, 'hidden_size': 55, 'dropout': 0.23079992737736701, 'hidden_continuous_size': 16, 'attention_head_size': 2, 'learning_rate': 0.0559094922504531}. Best is trial 83 with value: 0.06829789280891418.
LOCAL_RANK: 0 - CUDA_VISIBLE_DEVICES: [0]
[I 2023-11-29 22:09:03,764] Trial 91 finished with value: 0.20815066993236542 and parameters: {'gradient_clip_val': 0.8096126448420196, 'hidden_size': 34, 'dropout': 0.11661228369765794, 'hidden_continuous_size': 18, 'attention_head_size': 1, 'learning_rate': 0.08536956423744681}. Best is trial 83 with value: 0.06829789280891418.
LOCAL_RANK: 0 - CUDA_VISIBLE_DEVICES: [0]
[I 2023-11-29 22:09:16,267] Trial 92 finished with value: 0.17181551456451416 and parameters: {'gradient_clip_val': 0.7255360183485069, 'hidden_size': 36, 'dropout': 0.19130465023942247, 'hidden_continuous_size': 19, 'attention_head_size': 3, 'learning_rate': 0.07463965209295292}. Best is trial 83 with value: 0.06829789280891418.
LOCAL_RANK: 0 - CUDA_VISIBLE_DEVICES: [0]
[I 2023-11-29 22:09:29,501] Trial 93 finished with value: 0.2224026769399643 and parameters: {'gradient_clip_val': 0.6443119410508623, 'hidden_size': 62, 'dropout': 0.20872441674227388, 'hidden_continuous_size': 24, 'attention_head_size': 1, 'learning_rate': 0.0645177271697137}. Best is trial 83 with value: 0.06829789280891418.
LOCAL_RANK: 0 - CUDA_VISIBLE_DEVICES: [0]
[I 2023-11-29 22:09:42,263] Trial 94 finished with value: 0.14257539808750153 and parameters: {'gradient_clip_val': 0.86682605706432, 'hidden_size': 46, 'dropout': 0.20207028898784865, 'hidden_continuous_size': 17, 'attention_head_size': 2, 'learning_rate': 0.0998027510483136}. Best is trial 83 with value: 0.06829789280891418.
LOCAL_RANK: 0 - CUDA_VISIBLE_DEVICES: [0]
[I 2023-11-29 22:09:54,741] Trial 95 finished with value: 0.10465959459543228 and parameters: {'gradient_clip_val': 0.6748257345917813, 'hidden_size': 42, 'dropout': 0.17717449080956252, 'hidden_continuous_size': 10, 'attention_head_size': 1, 'learning_rate': 0.08619230476759739}. Best is trial 83 with value: 0.06829789280891418.
LOCAL_RANK: 0 - CUDA_VISIBLE_DEVICES: [0]
[I 2023-11-29 22:10:07,626] Trial 96 finished with value: 0.20520205795764923 and parameters: {'gradient_clip_val': 0.7731012994043142, 'hidden_size': 49, 'dropout': 0.1663113290811468, 'hidden_continuous_size': 20, 'attention_head_size': 2, 'learning_rate': 0.07363112879166425}. Best is trial 83 with value: 0.06829789280891418.
LOCAL_RANK: 0 - CUDA_VISIBLE_DEVICES: [0]
[I 2023-11-29 22:10:20,643] Trial 97 finished with value: 0.17073726654052734 and parameters: {'gradient_clip_val': 0.7026419310564697, 'hidden_size': 67, 'dropout': 0.2193369672647633, 'hidden_continuous_size': 14, 'attention_head_size': 1, 'learning_rate': 0.05934394275474319}. Best is trial 83 with value: 0.06829789280891418.
LOCAL_RANK: 0 - CUDA_VISIBLE_DEVICES: [0]
[I 2023-11-29 22:10:33,860] Trial 98 finished with value: 0.20665378868579865 and parameters: {'gradient_clip_val': 0.8236462964319757, 'hidden_size': 77, 'dropout': 0.2446274853675081, 'hidden_continuous_size': 13, 'attention_head_size': 2, 'learning_rate': 0.05156314529669017}. Best is trial 83 with value: 0.06829789280891418.
LOCAL_RANK: 0 - CUDA_VISIBLE_DEVICES: [0]
[I 2023-11-29 22:10:46,732] Trial 99 finished with value: 0.13037173449993134 and parameters: {'gradient_clip_val': 0.6118693811313702, 'hidden_size': 38, 'dropout': 0.23646285808060388, 'hidden_continuous_size': 17, 'attention_head_size': 3, 'learning_rate': 0.04216429649045042}. Best is trial 83 with value: 0.06829789280891418.
LOCAL_RANK: 0 - CUDA_VISIBLE_DEVICES: [0]
[I 2023-11-29 22:10:59,405] Trial 100 finished with value: 0.1779969483613968 and parameters: {'gradient_clip_val': 0.9587032238232588, 'hidden_size': 44, 'dropout': 0.18158000952905504, 'hidden_continuous_size': 22, 'attention_head_size': 1, 'learning_rate': 0.03489330389359329}. Best is trial 83 with value: 0.06829789280891418.
LOCAL_RANK: 0 - CUDA_VISIBLE_DEVICES: [0]
[I 2023-11-29 22:11:12,609] Trial 101 finished with value: 0.2197582870721817 and parameters: {'gradient_clip_val': 0.7450935497608097, 'hidden_size': 59, 'dropout': 0.10274631137540306, 'hidden_continuous_size': 22, 'attention_head_size': 4, 'learning_rate': 0.07933027543045858}. Best is trial 83 with value: 0.06829789280891418.
LOCAL_RANK: 0 - CUDA_VISIBLE_DEVICES: [0]
[I 2023-11-29 22:11:25,850] Trial 102 finished with value: 0.2422208935022354 and parameters: {'gradient_clip_val': 0.7445934320933348, 'hidden_size': 57, 'dropout': 0.10740869230549097, 'hidden_continuous_size': 15, 'attention_head_size': 4, 'learning_rate': 0.0780549896139704}. Best is trial 83 with value: 0.06829789280891418.
LOCAL_RANK: 0 - CUDA_VISIBLE_DEVICES: [0]
[I 2023-11-29 22:11:38,849] Trial 103 finished with value: 0.1709059327840805 and parameters: {'gradient_clip_val': 0.89673392312655, 'hidden_size': 52, 'dropout': 0.10053830906303327, 'hidden_continuous_size': 21, 'attention_head_size': 4, 'learning_rate': 0.08820578773913433}. Best is trial 83 with value: 0.06829789280891418.
LOCAL_RANK: 0 - CUDA_VISIBLE_DEVICES: [0]
[I 2023-11-29 22:11:52,432] Trial 104 finished with value: 0.1163177415728569 and parameters: {'gradient_clip_val': 0.798733872180807, 'hidden_size': 69, 'dropout': 0.14509985145963583, 'hidden_continuous_size': 24, 'attention_head_size': 4, 'learning_rate': 0.06885507587621952}. Best is trial 83 with value: 0.06829789280891418.
LOCAL_RANK: 0 - CUDA_VISIBLE_DEVICES: [0]
[I 2023-11-29 22:12:05,638] Trial 105 finished with value: 0.3071209192276001 and parameters: {'gradient_clip_val': 0.6942393384284934, 'hidden_size': 64, 'dropout': 0.11682179102341166, 'hidden_continuous_size': 20, 'attention_head_size': 4, 'learning_rate': 0.04631572941340039}. Best is trial 83 with value: 0.06829789280891418.
LOCAL_RANK: 0 - CUDA_VISIBLE_DEVICES: [0]
[I 2023-11-29 22:12:18,914] Trial 106 finished with value: 0.1445070207118988 and parameters: {'gradient_clip_val': 0.570941628303578, 'hidden_size': 60, 'dropout': 0.12493061548230666, 'hidden_continuous_size': 23, 'attention_head_size': 4, 'learning_rate': 0.0913215056072436}. Best is trial 83 with value: 0.06829789280891418.
LOCAL_RANK: 0 - CUDA_VISIBLE_DEVICES: [0]
[I 2023-11-29 22:12:31,756] Trial 107 finished with value: 0.15401606261730194 and parameters: {'gradient_clip_val': 0.6410696300535794, 'hidden_size': 53, 'dropout': 0.13135926208920226, 'hidden_continuous_size': 16, 'attention_head_size': 1, 'learning_rate': 0.0635764251059893}. Best is trial 83 with value: 0.06829789280891418.
LOCAL_RANK: 0 - CUDA_VISIBLE_DEVICES: [0]
[I 2023-11-29 22:12:45,130] Trial 108 finished with value: 0.11944904178380966 and parameters: {'gradient_clip_val': 0.8458245192385455, 'hidden_size': 73, 'dropout': 0.11899676731801859, 'hidden_continuous_size': 27, 'attention_head_size': 1, 'learning_rate': 0.027788954582418476}. Best is trial 83 with value: 0.06829789280891418.
LOCAL_RANK: 0 - CUDA_VISIBLE_DEVICES: [0]
[I 2023-11-29 22:12:58,148] Trial 109 finished with value: 0.09311731904745102 and parameters: {'gradient_clip_val': 0.7496610909102329, 'hidden_size': 39, 'dropout': 0.11309298956914757, 'hidden_continuous_size': 18, 'attention_head_size': 4, 'learning_rate': 0.0540854884145817}. Best is trial 83 with value: 0.06829789280891418.
LOCAL_RANK: 0 - CUDA_VISIBLE_DEVICES: [0]
[I 2023-11-29 22:13:10,655] Trial 110 finished with value: 0.14473049342632294 and parameters: {'gradient_clip_val': 0.6172872067815083, 'hidden_size': 40, 'dropout': 0.2074381511958938, 'hidden_continuous_size': 19, 'attention_head_size': 1, 'learning_rate': 0.055171263140049075}. Best is trial 83 with value: 0.06829789280891418.
LOCAL_RANK: 0 - CUDA_VISIBLE_DEVICES: [0]
[I 2023-11-29 22:13:23,406] Trial 111 finished with value: 0.12467396259307861 and parameters: {'gradient_clip_val': 0.758577342228777, 'hidden_size': 48, 'dropout': 0.10782241951300174, 'hidden_continuous_size': 18, 'attention_head_size': 4, 'learning_rate': 0.07624617158699483}. Best is trial 83 with value: 0.06829789280891418.
LOCAL_RANK: 0 - CUDA_VISIBLE_DEVICES: [0]
[I 2023-11-29 22:13:36,029] Trial 112 finished with value: 0.19812262058258057 and parameters: {'gradient_clip_val': 0.7198201845143727, 'hidden_size': 33, 'dropout': 0.11044918009872809, 'hidden_continuous_size': 17, 'attention_head_size': 4, 'learning_rate': 0.060191946747382215}. Best is trial 83 with value: 0.06829789280891418.
LOCAL_RANK: 0 - CUDA_VISIBLE_DEVICES: [0]
[I 2023-11-29 22:13:48,783] Trial 113 finished with value: 0.14219357073307037 and parameters: {'gradient_clip_val': 0.6657659607827464, 'hidden_size': 37, 'dropout': 0.10023492267767585, 'hidden_continuous_size': 18, 'attention_head_size': 4, 'learning_rate': 0.066439043862091}. Best is trial 83 with value: 0.06829789280891418.
LOCAL_RANK: 0 - CUDA_VISIBLE_DEVICES: [0]
[I 2023-11-29 22:14:01,609] Trial 114 finished with value: 0.3048655688762665 and parameters: {'gradient_clip_val': 0.870321817486025, 'hidden_size': 30, 'dropout': 0.13571862743972585, 'hidden_continuous_size': 19, 'attention_head_size': 4, 'learning_rate': 0.08107924025299973}. Best is trial 83 with value: 0.06829789280891418.
LOCAL_RANK: 0 - CUDA_VISIBLE_DEVICES: [0]
[I 2023-11-29 22:14:14,579] Trial 115 finished with value: 0.10251948982477188 and parameters: {'gradient_clip_val': 0.7857772684169212, 'hidden_size': 56, 'dropout': 0.11403581178636438, 'hidden_continuous_size': 22, 'attention_head_size': 3, 'learning_rate': 0.049359734156578204}. Best is trial 83 with value: 0.06829789280891418.
LOCAL_RANK: 0 - CUDA_VISIBLE_DEVICES: [0]
[I 2023-11-29 22:14:27,608] Trial 116 finished with value: 0.22822368144989014 and parameters: {'gradient_clip_val': 0.8109900950736889, 'hidden_size': 45, 'dropout': 0.12250383149232597, 'hidden_continuous_size': 20, 'attention_head_size': 3, 'learning_rate': 0.047721471711358744}. Best is trial 83 with value: 0.06829789280891418.
LOCAL_RANK: 0 - CUDA_VISIBLE_DEVICES: [0]
[I 2023-11-29 22:14:40,568] Trial 117 finished with value: 0.11294018477201462 and parameters: {'gradient_clip_val': 0.9482286812699772, 'hidden_size': 50, 'dropout': 0.12799095978745698, 'hidden_continuous_size': 16, 'attention_head_size': 3, 'learning_rate': 0.03758081481682632}. Best is trial 83 with value: 0.06829789280891418.
LOCAL_RANK: 0 - CUDA_VISIBLE_DEVICES: [0]
[I 2023-11-29 22:14:53,443] Trial 118 finished with value: 0.20078825950622559 and parameters: {'gradient_clip_val': 0.994464126847447, 'hidden_size': 42, 'dropout': 0.14125955371686025, 'hidden_continuous_size': 21, 'attention_head_size': 3, 'learning_rate': 0.05231594738300761}. Best is trial 83 with value: 0.06829789280891418.
LOCAL_RANK: 0 - CUDA_VISIBLE_DEVICES: [0]
[I 2023-11-29 22:15:06,224] Trial 119 finished with value: 0.16268904507160187 and parameters: {'gradient_clip_val': 0.7733479784251163, 'hidden_size': 39, 'dropout': 0.18609787385487223, 'hidden_continuous_size': 11, 'attention_head_size': 3, 'learning_rate': 0.021001599890959528}. Best is trial 83 with value: 0.06829789280891418.
LOCAL_RANK: 0 - CUDA_VISIBLE_DEVICES: [0]
[I 2023-11-29 22:15:19,000] Trial 120 finished with value: 0.19484849274158478 and parameters: {'gradient_clip_val': 0.4970845404467248, 'hidden_size': 55, 'dropout': 0.22902565447637452, 'hidden_continuous_size': 12, 'attention_head_size': 1, 'learning_rate': 0.04223993186096462}. Best is trial 83 with value: 0.06829789280891418.
LOCAL_RANK: 0 - CUDA_VISIBLE_DEVICES: [0]
[I 2023-11-29 22:15:32,345] Trial 121 finished with value: 0.1188412681221962 and parameters: {'gradient_clip_val': 0.6949572327659254, 'hidden_size': 61, 'dropout': 0.11421386650418568, 'hidden_continuous_size': 25, 'attention_head_size': 4, 'learning_rate': 0.07085831140318423}. Best is trial 83 with value: 0.06829789280891418.
LOCAL_RANK: 0 - CUDA_VISIBLE_DEVICES: [0]
[I 2023-11-29 22:15:45,497] Trial 122 finished with value: 0.188221737742424 and parameters: {'gradient_clip_val': 0.8975551867614102, 'hidden_size': 57, 'dropout': 0.11607599505690294, 'hidden_continuous_size': 22, 'attention_head_size': 4, 'learning_rate': 0.054804645141929}. Best is trial 83 with value: 0.06829789280891418.
LOCAL_RANK: 0 - CUDA_VISIBLE_DEVICES: [0]
[I 2023-11-29 22:15:58,345] Trial 123 finished with value: 0.1266213357448578 and parameters: {'gradient_clip_val': 0.739852503323841, 'hidden_size': 64, 'dropout': 0.10769820440882567, 'hidden_continuous_size': 15, 'attention_head_size': 1, 'learning_rate': 0.061778052436984664}. Best is trial 83 with value: 0.06829789280891418.
LOCAL_RANK: 0 - CUDA_VISIBLE_DEVICES: [0]
[I 2023-11-29 22:16:11,104] Trial 124 finished with value: 0.07371878623962402 and parameters: {'gradient_clip_val': 0.8324107623901892, 'hidden_size': 35, 'dropout': 0.1950893023464781, 'hidden_continuous_size': 19, 'attention_head_size': 2, 'learning_rate': 0.09065783012944147}. Best is trial 83 with value: 0.06829789280891418.
LOCAL_RANK: 0 - CUDA_VISIBLE_DEVICES: [0]
[I 2023-11-29 22:16:23,605] Trial 125 finished with value: 0.20267848670482635 and parameters: {'gradient_clip_val': 0.8415414915482452, 'hidden_size': 35, 'dropout': 0.19719952263334173, 'hidden_continuous_size': 19, 'attention_head_size': 2, 'learning_rate': 0.09135328757521048}. Best is trial 83 with value: 0.06829789280891418.
LOCAL_RANK: 0 - CUDA_VISIBLE_DEVICES: [0]
