[I 2023-11-30 13:12:36,135] Trial 143 finished with value: 11.334811210632324 and parameters: {'gradient_clip_val': 0.2037508162529921, 'hidden_size': 34, 'dropout': 0.20840751064261148, 'hidden_continuous_size': 18, 'attention_head_size': 1, 'learning_rate': 0.03980868555050134}. Best is trial 23 with value: 10.841813087463379.
LOCAL_RANK: 0 - CUDA_VISIBLE_DEVICES: [0]
[I 2023-11-30 13:12:49,119] Trial 144 finished with value: 12.410387992858887 and parameters: {'gradient_clip_val': 0.21751397651216056, 'hidden_size': 38, 'dropout': 0.1965643435648297, 'hidden_continuous_size': 15, 'attention_head_size': 1, 'learning_rate': 0.04734645490851363}. Best is trial 23 with value: 10.841813087463379.
LOCAL_RANK: 0 - CUDA_VISIBLE_DEVICES: [0]
[I 2023-11-30 13:13:02,039] Trial 145 finished with value: 11.374430656433105 and parameters: {'gradient_clip_val': 0.3022981751312501, 'hidden_size': 46, 'dropout': 0.1775915446941887, 'hidden_continuous_size': 32, 'attention_head_size': 1, 'learning_rate': 0.030032719918141493}. Best is trial 23 with value: 10.841813087463379.
LOCAL_RANK: 0 - CUDA_VISIBLE_DEVICES: [0]
[I 2023-11-30 13:13:14,482] Trial 146 finished with value: 12.025179862976074 and parameters: {'gradient_clip_val': 0.23659738462183832, 'hidden_size': 31, 'dropout': 0.1928943021248078, 'hidden_continuous_size': 16, 'attention_head_size': 1, 'learning_rate': 0.034344733527275635}. Best is trial 23 with value: 10.841813087463379.
LOCAL_RANK: 0 - CUDA_VISIBLE_DEVICES: [0]
[I 2023-11-30 13:13:27,477] Trial 147 finished with value: 11.980114936828613 and parameters: {'gradient_clip_val': 0.21250585725172477, 'hidden_size': 43, 'dropout': 0.2230599165789552, 'hidden_continuous_size': 23, 'attention_head_size': 3, 'learning_rate': 0.02320487566108475}. Best is trial 23 with value: 10.841813087463379.
LOCAL_RANK: 0 - CUDA_VISIBLE_DEVICES: [0]
[I 2023-11-30 13:13:40,426] Trial 148 finished with value: 11.689021110534668 and parameters: {'gradient_clip_val': 0.26180445185438184, 'hidden_size': 56, 'dropout': 0.17105487415080783, 'hidden_continuous_size': 22, 'attention_head_size': 1, 'learning_rate': 0.04208465933724317}. Best is trial 23 with value: 10.841813087463379.
LOCAL_RANK: 0 - CUDA_VISIBLE_DEVICES: [0]
[I 2023-11-30 13:13:53,975] Trial 149 finished with value: 11.904139518737793 and parameters: {'gradient_clip_val': 0.22256887090324767, 'hidden_size': 75, 'dropout': 0.20769457261457314, 'hidden_continuous_size': 17, 'attention_head_size': 1, 'learning_rate': 0.026486224896127678}. Best is trial 23 with value: 10.841813087463379.
[I 2023-11-30 13:13:54,085] A new study created in memory with name: no-name-3c4e5075-76b3-4c37-8669-5f511c2a6232
/home/le004/conda/anaconda3/envs/tsff_env/lib/python3.9/site-packages/lightning/fabric/plugins/environments/slurm.py:191: The `srun` command is available on your system but is not used. HINT: If your intention is to run Lightning on SLURM, prepend your python command with `srun` like so: srun python /home/le004/master_thesis/git/TSFusionForecast/code/ ...
LOCAL_RANK: 0 - CUDA_VISIBLE_DEVICES: [0]
[I 2023-11-30 13:14:07,662] Trial 0 finished with value: 17.711660385131836 and parameters: {'gradient_clip_val': 0.11139771266590677, 'hidden_size': 51, 'dropout': 0.287173114273368, 'hidden_continuous_size': 36, 'attention_head_size': 4, 'learning_rate': 0.0015983061736665404}. Best is trial 0 with value: 17.711660385131836.
LOCAL_RANK: 0 - CUDA_VISIBLE_DEVICES: [0]
[I 2023-11-30 13:14:20,351] Trial 1 finished with value: 12.405524253845215 and parameters: {'gradient_clip_val': 0.5121922617948373, 'hidden_size': 43, 'dropout': 0.10226372598479593, 'hidden_continuous_size': 13, 'attention_head_size': 4, 'learning_rate': 0.004406201614145493}. Best is trial 1 with value: 12.405524253845215.
LOCAL_RANK: 0 - CUDA_VISIBLE_DEVICES: [0]
[I 2023-11-30 13:14:34,045] Trial 2 finished with value: 9.59909725189209 and parameters: {'gradient_clip_val': 0.11525626552159589, 'hidden_size': 87, 'dropout': 0.32985913026821323, 'hidden_continuous_size': 42, 'attention_head_size': 1, 'learning_rate': 0.002533721589301907}. Best is trial 2 with value: 9.59909725189209.
LOCAL_RANK: 0 - CUDA_VISIBLE_DEVICES: [0]
[I 2023-11-30 13:14:47,361] Trial 3 finished with value: 10.299965858459473 and parameters: {'gradient_clip_val': 0.1586566705404737, 'hidden_size': 89, 'dropout': 0.10304490810775482, 'hidden_continuous_size': 10, 'attention_head_size': 2, 'learning_rate': 0.0076053146797191535}. Best is trial 2 with value: 9.59909725189209.
LOCAL_RANK: 0 - CUDA_VISIBLE_DEVICES: [0]
[I 2023-11-30 13:15:00,767] Trial 4 finished with value: 10.936454772949219 and parameters: {'gradient_clip_val': 0.8205146424560336, 'hidden_size': 72, 'dropout': 0.13524495351302718, 'hidden_continuous_size': 31, 'attention_head_size': 1, 'learning_rate': 0.008863401848592339}. Best is trial 2 with value: 9.59909725189209.
LOCAL_RANK: 0 - CUDA_VISIBLE_DEVICES: [0]
[I 2023-11-30 13:15:12,836] Trial 5 finished with value: 19.7463321685791 and parameters: {'gradient_clip_val': 0.19104408415444057, 'hidden_size': 20, 'dropout': 0.36625550725955447, 'hidden_continuous_size': 10, 'attention_head_size': 4, 'learning_rate': 0.006233406468844448}. Best is trial 2 with value: 9.59909725189209.
LOCAL_RANK: 0 - CUDA_VISIBLE_DEVICES: [0]
[I 2023-11-30 13:15:26,596] Trial 6 finished with value: 9.070539474487305 and parameters: {'gradient_clip_val': 0.7389769595073483, 'hidden_size': 101, 'dropout': 0.235289506500213, 'hidden_continuous_size': 17, 'attention_head_size': 4, 'learning_rate': 0.0031105064530951086}. Best is trial 6 with value: 9.070539474487305.
LOCAL_RANK: 0 - CUDA_VISIBLE_DEVICES: [0]
[I 2023-11-30 13:15:40,609] Trial 7 finished with value: 12.022425651550293 and parameters: {'gradient_clip_val': 0.23214496389744954, 'hidden_size': 121, 'dropout': 0.20147551924284912, 'hidden_continuous_size': 42, 'attention_head_size': 2, 'learning_rate': 0.008658832680490294}. Best is trial 6 with value: 9.070539474487305.
LOCAL_RANK: 0 - CUDA_VISIBLE_DEVICES: [0]
[I 2023-11-30 13:15:53,003] Trial 8 finished with value: 24.795564651489258 and parameters: {'gradient_clip_val': 0.9117246207884857, 'hidden_size': 25, 'dropout': 0.10622844568436941, 'hidden_continuous_size': 21, 'attention_head_size': 3, 'learning_rate': 0.0012622619685140049}. Best is trial 6 with value: 9.070539474487305.
LOCAL_RANK: 0 - CUDA_VISIBLE_DEVICES: [0]
[I 2023-11-30 13:16:06,664] Trial 9 finished with value: 10.393539428710938 and parameters: {'gradient_clip_val': 0.36171925184473164, 'hidden_size': 83, 'dropout': 0.27056537711425804, 'hidden_continuous_size': 10, 'attention_head_size': 4, 'learning_rate': 0.011145953814357411}. Best is trial 6 with value: 9.070539474487305.
LOCAL_RANK: 0 - CUDA_VISIBLE_DEVICES: [0]
[I 2023-11-30 13:16:18,818] Trial 10 finished with value: 9.709338188171387 and parameters: {'gradient_clip_val': 0.5634590750583733, 'hidden_size': 11, 'dropout': 0.2038405186403177, 'hidden_continuous_size': 10, 'attention_head_size': 3, 'learning_rate': 0.035766922862034894}. Best is trial 6 with value: 9.070539474487305.
LOCAL_RANK: 0 - CUDA_VISIBLE_DEVICES: [0]
[I 2023-11-30 13:16:33,288] Trial 11 finished with value: 9.537064552307129 and parameters: {'gradient_clip_val': 0.10247198942060229, 'hidden_size': 142, 'dropout': 0.33540756576328923, 'hidden_continuous_size': 70, 'attention_head_size': 1, 'learning_rate': 0.0026648904183372954}. Best is trial 6 with value: 9.070539474487305.
LOCAL_RANK: 0 - CUDA_VISIBLE_DEVICES: [0]
[I 2023-11-30 13:16:47,607] Trial 12 finished with value: 8.852187156677246 and parameters: {'gradient_clip_val': 0.2661913305189106, 'hidden_size': 140, 'dropout': 0.399789080547858, 'hidden_continuous_size': 68, 'attention_head_size': 2, 'learning_rate': 0.0027931812036680642}. Best is trial 12 with value: 8.852187156677246.
LOCAL_RANK: 0 - CUDA_VISIBLE_DEVICES: [0]
[I 2023-11-30 13:17:02,448] Trial 13 finished with value: 7.740251064300537 and parameters: {'gradient_clip_val': 0.3078579340175421, 'hidden_size': 146, 'dropout': 0.3824672120228795, 'hidden_continuous_size': 129, 'attention_head_size': 2, 'learning_rate': 0.0012513199421965338}. Best is trial 13 with value: 7.740251064300537.
LOCAL_RANK: 0 - CUDA_VISIBLE_DEVICES: [0]
[I 2023-11-30 13:17:17,124] Trial 14 finished with value: 9.375420570373535 and parameters: {'gradient_clip_val': 0.2869272064164875, 'hidden_size': 125, 'dropout': 0.39785924452930005, 'hidden_continuous_size': 123, 'attention_head_size': 2, 'learning_rate': 0.0012634484276540872}. Best is trial 13 with value: 7.740251064300537.
LOCAL_RANK: 0 - CUDA_VISIBLE_DEVICES: [0]
[I 2023-11-30 13:17:31,866] Trial 15 finished with value: 10.368812561035156 and parameters: {'gradient_clip_val': 0.34850652956775585, 'hidden_size': 139, 'dropout': 0.3983813461185884, 'hidden_continuous_size': 134, 'attention_head_size': 2, 'learning_rate': 0.001048938984152344}. Best is trial 13 with value: 7.740251064300537.
LOCAL_RANK: 0 - CUDA_VISIBLE_DEVICES: [0]
[I 2023-11-30 13:17:45,508] Trial 16 finished with value: 9.678460121154785 and parameters: {'gradient_clip_val': 0.26584149966709947, 'hidden_size': 63, 'dropout': 0.3542705464395082, 'hidden_continuous_size': 58, 'attention_head_size': 3, 'learning_rate': 0.001999325426935397}. Best is trial 13 with value: 7.740251064300537.
LOCAL_RANK: 0 - CUDA_VISIBLE_DEVICES: [0]
[I 2023-11-30 13:18:00,184] Trial 17 finished with value: 9.945710182189941 and parameters: {'gradient_clip_val': 0.3886164411596143, 'hidden_size': 145, 'dropout': 0.3145130994374041, 'hidden_continuous_size': 93, 'attention_head_size': 2, 'learning_rate': 0.0010537353518553073}. Best is trial 13 with value: 7.740251064300537.
LOCAL_RANK: 0 - CUDA_VISIBLE_DEVICES: [0]
[I 2023-11-30 13:18:13,580] Trial 18 finished with value: 16.09984016418457 and parameters: {'gradient_clip_val': 0.21400406129706037, 'hidden_size': 59, 'dropout': 0.3602474086626127, 'hidden_continuous_size': 28, 'attention_head_size': 3, 'learning_rate': 0.0019871584444437784}. Best is trial 13 with value: 7.740251064300537.
LOCAL_RANK: 0 - CUDA_VISIBLE_DEVICES: [0]
[I 2023-11-30 13:18:27,685] Trial 19 finished with value: 7.529412746429443 and parameters: {'gradient_clip_val': 0.2823463120726422, 'hidden_size': 105, 'dropout': 0.39807500343932756, 'hidden_continuous_size': 64, 'attention_head_size': 1, 'learning_rate': 0.0038969615482563774}. Best is trial 19 with value: 7.529412746429443.
LOCAL_RANK: 0 - CUDA_VISIBLE_DEVICES: [0]
[I 2023-11-30 13:18:41,408] Trial 20 finished with value: 8.64055061340332 and parameters: {'gradient_clip_val': 0.428860501488071, 'hidden_size': 96, 'dropout': 0.3030232708727689, 'hidden_continuous_size': 57, 'attention_head_size': 1, 'learning_rate': 0.00422549147924955}. Best is trial 19 with value: 7.529412746429443.
LOCAL_RANK: 0 - CUDA_VISIBLE_DEVICES: [0]
[I 2023-11-30 13:18:55,304] Trial 21 finished with value: 10.317681312561035 and parameters: {'gradient_clip_val': 0.42238555109774767, 'hidden_size': 104, 'dropout': 0.31469479184575794, 'hidden_continuous_size': 55, 'attention_head_size': 1, 'learning_rate': 0.0041544745115942115}. Best is trial 19 with value: 7.529412746429443.
LOCAL_RANK: 0 - CUDA_VISIBLE_DEVICES: [0]
[I 2023-11-30 13:19:09,408] Trial 22 finished with value: 6.8095550537109375 and parameters: {'gradient_clip_val': 0.3154431555361025, 'hidden_size': 100, 'dropout': 0.37211695370221287, 'hidden_continuous_size': 80, 'attention_head_size': 1, 'learning_rate': 0.004614352109890449}. Best is trial 22 with value: 6.8095550537109375.
LOCAL_RANK: 0 - CUDA_VISIBLE_DEVICES: [0]
[I 2023-11-30 13:19:22,938] Trial 23 finished with value: 14.017443656921387 and parameters: {'gradient_clip_val': 0.3251542814236462, 'hidden_size': 67, 'dropout': 0.3745370353202467, 'hidden_continuous_size': 45, 'attention_head_size': 1, 'learning_rate': 0.0018084754952119343}. Best is trial 22 with value: 6.8095550537109375.
LOCAL_RANK: 0 - CUDA_VISIBLE_DEVICES: [0]
[I 2023-11-30 13:19:37,256] Trial 24 finished with value: 9.468085289001465 and parameters: {'gradient_clip_val': 0.2788062832099602, 'hidden_size': 108, 'dropout': 0.37641085756026205, 'hidden_continuous_size': 90, 'attention_head_size': 1, 'learning_rate': 0.011496014880565467}. Best is trial 22 with value: 6.8095550537109375.
LOCAL_RANK: 0 - CUDA_VISIBLE_DEVICES: [0]
[I 2023-11-30 13:19:50,938] Trial 25 finished with value: 6.316642761230469 and parameters: {'gradient_clip_val': 0.3300133005965112, 'hidden_size': 77, 'dropout': 0.35640327215407697, 'hidden_continuous_size': 48, 'attention_head_size': 1, 'learning_rate': 0.017369297337058876}. Best is trial 25 with value: 6.316642761230469.
LOCAL_RANK: 0 - CUDA_VISIBLE_DEVICES: [0]
[I 2023-11-30 13:20:04,506] Trial 26 finished with value: 8.758010864257812 and parameters: {'gradient_clip_val': 0.5047438562620983, 'hidden_size': 76, 'dropout': 0.3472041728121359, 'hidden_continuous_size': 48, 'attention_head_size': 1, 'learning_rate': 0.01880054202563115}. Best is trial 25 with value: 6.316642761230469.
LOCAL_RANK: 0 - CUDA_VISIBLE_DEVICES: [0]
[I 2023-11-30 13:20:17,527] Trial 27 finished with value: 10.227746963500977 and parameters: {'gradient_clip_val': 0.3373642803421091, 'hidden_size': 52, 'dropout': 0.3350172143566846, 'hidden_continuous_size': 36, 'attention_head_size': 1, 'learning_rate': 0.0884006867956308}. Best is trial 25 with value: 6.316642761230469.
LOCAL_RANK: 0 - CUDA_VISIBLE_DEVICES: [0]
[I 2023-11-30 13:20:31,124] Trial 28 finished with value: 8.898344993591309 and parameters: {'gradient_clip_val': 0.18137249633475888, 'hidden_size': 78, 'dropout': 0.3608083016632611, 'hidden_continuous_size': 49, 'attention_head_size': 1, 'learning_rate': 0.006041497629373876}. Best is trial 25 with value: 6.316642761230469.
LOCAL_RANK: 0 - CUDA_VISIBLE_DEVICES: [0]
[I 2023-11-30 13:20:44,470] Trial 29 finished with value: 9.04222583770752 and parameters: {'gradient_clip_val': 0.2442745790926101, 'hidden_size': 50, 'dropout': 0.29638035624251824, 'hidden_continuous_size': 36, 'attention_head_size': 1, 'learning_rate': 0.015594542718291592}. Best is trial 25 with value: 6.316642761230469.
LOCAL_RANK: 0 - CUDA_VISIBLE_DEVICES: [0]
[I 2023-11-30 13:20:58,688] Trial 30 finished with value: 7.512109279632568 and parameters: {'gradient_clip_val': 0.22486638325921704, 'hidden_size': 118, 'dropout': 0.37683735108650845, 'hidden_continuous_size': 71, 'attention_head_size': 2, 'learning_rate': 0.005438610591873272}. Best is trial 25 with value: 6.316642761230469.
LOCAL_RANK: 0 - CUDA_VISIBLE_DEVICES: [0]
[I 2023-11-30 13:21:12,754] Trial 31 finished with value: 7.115018844604492 and parameters: {'gradient_clip_val': 0.30873920083970674, 'hidden_size': 117, 'dropout': 0.37968440797501385, 'hidden_continuous_size': 69, 'attention_head_size': 1, 'learning_rate': 0.005846769149847269}. Best is trial 25 with value: 6.316642761230469.
LOCAL_RANK: 0 - CUDA_VISIBLE_DEVICES: [0]
[I 2023-11-30 13:21:26,985] Trial 32 finished with value: 8.7471284866333 and parameters: {'gradient_clip_val': 0.2343952585746121, 'hidden_size': 114, 'dropout': 0.34835329093298223, 'hidden_continuous_size': 76, 'attention_head_size': 2, 'learning_rate': 0.0051378852659765255}. Best is trial 25 with value: 6.316642761230469.
LOCAL_RANK: 0 - CUDA_VISIBLE_DEVICES: [0]
[I 2023-11-30 13:21:40,852] Trial 33 finished with value: 7.89291524887085 and parameters: {'gradient_clip_val': 0.3166263816110299, 'hidden_size': 91, 'dropout': 0.3779033325060484, 'hidden_continuous_size': 54, 'attention_head_size': 1, 'learning_rate': 0.006257850067434655}. Best is trial 25 with value: 6.316642761230469.
LOCAL_RANK: 0 - CUDA_VISIBLE_DEVICES: [0]
[I 2023-11-30 13:21:54,929] Trial 34 finished with value: 8.871895790100098 and parameters: {'gradient_clip_val': 0.1505012304146386, 'hidden_size': 86, 'dropout': 0.33698145932373813, 'hidden_continuous_size': 65, 'attention_head_size': 2, 'learning_rate': 0.0036004335706864565}. Best is trial 25 with value: 6.316642761230469.
LOCAL_RANK: 0 - CUDA_VISIBLE_DEVICES: [0]
[I 2023-11-30 13:22:09,290] Trial 35 finished with value: 8.990494728088379 and parameters: {'gradient_clip_val': 0.3999781833793708, 'hidden_size': 119, 'dropout': 0.3172541957750226, 'hidden_continuous_size': 84, 'attention_head_size': 1, 'learning_rate': 0.004959287625070742}. Best is trial 25 with value: 6.316642761230469.
LOCAL_RANK: 0 - CUDA_VISIBLE_DEVICES: [0]
[I 2023-11-30 13:22:22,853] Trial 36 finished with value: 7.63410758972168 and parameters: {'gradient_clip_val': 0.20834552715136026, 'hidden_size': 73, 'dropout': 0.3512949076921571, 'hidden_continuous_size': 48, 'attention_head_size': 1, 'learning_rate': 0.007560454286738486}. Best is trial 25 with value: 6.316642761230469.
LOCAL_RANK: 0 - CUDA_VISIBLE_DEVICES: [0]
[I 2023-11-30 13:22:36,994] Trial 37 finished with value: 9.793487548828125 and parameters: {'gradient_clip_val': 0.3060183738295086, 'hidden_size': 94, 'dropout': 0.3795497346009152, 'hidden_continuous_size': 74, 'attention_head_size': 2, 'learning_rate': 0.0032002964605277085}. Best is trial 25 with value: 6.316642761230469.
LOCAL_RANK: 0 - CUDA_VISIBLE_DEVICES: [0]
[I 2023-11-30 13:22:51,252] Trial 38 finished with value: 6.549335479736328 and parameters: {'gradient_clip_val': 0.2518085490109052, 'hidden_size': 121, 'dropout': 0.3255118425073578, 'hidden_continuous_size': 102, 'attention_head_size': 1, 'learning_rate': 0.007335696837475213}. Best is trial 25 with value: 6.316642761230469.
LOCAL_RANK: 0 - CUDA_VISIBLE_DEVICES: [0]
[I 2023-11-30 13:23:05,052] Trial 39 finished with value: 8.639060020446777 and parameters: {'gradient_clip_val': 0.2593085600648979, 'hidden_size': 83, 'dropout': 0.32907122366431596, 'hidden_continuous_size': 61, 'attention_head_size': 1, 'learning_rate': 0.006817206809657012}. Best is trial 25 with value: 6.316642761230469.
LOCAL_RANK: 0 - CUDA_VISIBLE_DEVICES: [0]
[I 2023-11-30 13:23:19,266] Trial 40 finished with value: 9.308174133300781 and parameters: {'gradient_clip_val': 0.3686314999596607, 'hidden_size': 97, 'dropout': 0.3600131477764696, 'hidden_continuous_size': 80, 'attention_head_size': 1, 'learning_rate': 0.008930751507613171}. Best is trial 25 with value: 6.316642761230469.
LOCAL_RANK: 0 - CUDA_VISIBLE_DEVICES: [0]
[I 2023-11-30 13:23:33,530] Trial 41 finished with value: 9.431540489196777 and parameters: {'gradient_clip_val': 0.24058117021156752, 'hidden_size': 118, 'dropout': 0.3680111970283033, 'hidden_continuous_size': 98, 'attention_head_size': 1, 'learning_rate': 0.005204975045671205}. Best is trial 25 with value: 6.316642761230469.
LOCAL_RANK: 0 - CUDA_VISIBLE_DEVICES: [0]
[I 2023-11-30 13:23:47,720] Trial 42 finished with value: 10.198586463928223 and parameters: {'gradient_clip_val': 0.21781211860847466, 'hidden_size': 119, 'dropout': 0.3812050078103691, 'hidden_continuous_size': 107, 'attention_head_size': 1, 'learning_rate': 0.007796396082810304}. Best is trial 25 with value: 6.316642761230469.
LOCAL_RANK: 0 - CUDA_VISIBLE_DEVICES: [0]
[I 2023-11-30 13:24:02,034] Trial 43 finished with value: 7.739236354827881 and parameters: {'gradient_clip_val': 0.1871907922154106, 'hidden_size': 126, 'dropout': 0.341132267807109, 'hidden_continuous_size': 81, 'attention_head_size': 2, 'learning_rate': 0.005443484243259509}. Best is trial 25 with value: 6.316642761230469.
LOCAL_RANK: 0 - CUDA_VISIBLE_DEVICES: [0]
[I 2023-11-30 13:24:15,987] Trial 44 finished with value: 8.975665092468262 and parameters: {'gradient_clip_val': 0.30349506620445416, 'hidden_size': 104, 'dropout': 0.27985837972659444, 'hidden_continuous_size': 73, 'attention_head_size': 1, 'learning_rate': 0.010006702644804275}. Best is trial 25 with value: 6.316642761230469.
LOCAL_RANK: 0 - CUDA_VISIBLE_DEVICES: [0]
[I 2023-11-30 13:24:30,191] Trial 45 finished with value: 8.129044532775879 and parameters: {'gradient_clip_val': 0.25158361751683744, 'hidden_size': 82, 'dropout': 0.36574300110424735, 'hidden_continuous_size': 68, 'attention_head_size': 3, 'learning_rate': 0.0034561138650360547}. Best is trial 25 with value: 6.316642761230469.
LOCAL_RANK: 0 - CUDA_VISIBLE_DEVICES: [0]
[I 2023-11-30 13:24:43,770] Trial 46 finished with value: 7.617899417877197 and parameters: {'gradient_clip_val': 0.36222046874520714, 'hidden_size': 68, 'dropout': 0.3873249163344643, 'hidden_continuous_size': 60, 'attention_head_size': 1, 'learning_rate': 0.007010865162952071}. Best is trial 25 with value: 6.316642761230469.
LOCAL_RANK: 0 - CUDA_VISIBLE_DEVICES: [0]
[I 2023-11-30 13:24:58,037] Trial 47 finished with value: 8.24538516998291 and parameters: {'gradient_clip_val': 0.33292642435601005, 'hidden_size': 132, 'dropout': 0.3256191178265807, 'hidden_continuous_size': 107, 'attention_head_size': 2, 'learning_rate': 0.0025249690067734205}. Best is trial 25 with value: 6.316642761230469.
LOCAL_RANK: 0 - CUDA_VISIBLE_DEVICES: [0]
[I 2023-11-30 13:25:12,260] Trial 48 finished with value: 9.978012084960938 and parameters: {'gradient_clip_val': 0.2984968147414758, 'hidden_size': 93, 'dropout': 0.3477328039799593, 'hidden_continuous_size': 71, 'attention_head_size': 4, 'learning_rate': 0.012750297160052293}. Best is trial 25 with value: 6.316642761230469.
LOCAL_RANK: 0 - CUDA_VISIBLE_DEVICES: [0]
[I 2023-11-30 13:25:26,650] Trial 49 finished with value: 7.746809482574463 and parameters: {'gradient_clip_val': 0.2723840597329605, 'hidden_size': 134, 'dropout': 0.38809123848104815, 'hidden_continuous_size': 83, 'attention_head_size': 2, 'learning_rate': 0.004570265410783829}. Best is trial 25 with value: 6.316642761230469.
LOCAL_RANK: 0 - CUDA_VISIBLE_DEVICES: [0]
