[I 2023-11-30 05:30:44,969] Trial 149 finished with value: 28.812896728515625 and parameters: {'gradient_clip_val': 0.22348709491057409, 'hidden_size': 34, 'dropout': 0.3149307949046513, 'hidden_continuous_size': 19, 'attention_head_size': 4, 'learning_rate': 0.04118825215760623}. Best is trial 48 with value: 24.08734893798828.
[I 2023-11-30 05:30:45,083] A new study created in memory with name: no-name-4ee26592-0c3d-4bb7-9d86-459bd35c87e9
/home/le004/conda/anaconda3/envs/tsff_env/lib/python3.9/site-packages/lightning/fabric/plugins/environments/slurm.py:191: The `srun` command is available on your system but is not used. HINT: If your intention is to run Lightning on SLURM, prepend your python command with `srun` like so: srun python /home/le004/master_thesis/git/TSFusionForecast/code/ ...
LOCAL_RANK: 0 - CUDA_VISIBLE_DEVICES: [0]
[I 2023-11-30 05:30:57,801] Trial 0 finished with value: 23.451147079467773 and parameters: {'gradient_clip_val': 0.22139137993611735, 'hidden_size': 35, 'dropout': 0.34389612442792994, 'hidden_continuous_size': 12, 'attention_head_size': 3, 'learning_rate': 0.005076571090258519}. Best is trial 0 with value: 23.451147079467773.
LOCAL_RANK: 0 - CUDA_VISIBLE_DEVICES: [0]
[I 2023-11-30 05:31:08,075] Trial 1 finished with value: 35.198116302490234 and parameters: {'gradient_clip_val': 0.19026335779216455, 'hidden_size': 10, 'dropout': 0.20569047057226056, 'hidden_continuous_size': 10, 'attention_head_size': 4, 'learning_rate': 0.002146106324785772}. Best is trial 0 with value: 23.451147079467773.
LOCAL_RANK: 0 - CUDA_VISIBLE_DEVICES: [0]
[I 2023-11-30 05:31:21,757] Trial 2 finished with value: 26.503564834594727 and parameters: {'gradient_clip_val': 0.8586217406529698, 'hidden_size': 136, 'dropout': 0.33223949567191624, 'hidden_continuous_size': 15, 'attention_head_size': 1, 'learning_rate': 0.001307994244686007}. Best is trial 0 with value: 23.451147079467773.
LOCAL_RANK: 0 - CUDA_VISIBLE_DEVICES: [0]
[I 2023-11-30 05:31:34,002] Trial 3 finished with value: 23.24617576599121 and parameters: {'gradient_clip_val': 0.29316509672827196, 'hidden_size': 30, 'dropout': 0.33167021704450617, 'hidden_continuous_size': 12, 'attention_head_size': 2, 'learning_rate': 0.006990400225242811}. Best is trial 3 with value: 23.24617576599121.
LOCAL_RANK: 0 - CUDA_VISIBLE_DEVICES: [0]
[I 2023-11-30 05:31:46,042] Trial 4 finished with value: 25.041345596313477 and parameters: {'gradient_clip_val': 0.22957885196040204, 'hidden_size': 12, 'dropout': 0.19136103307583163, 'hidden_continuous_size': 11, 'attention_head_size': 3, 'learning_rate': 0.014577029931358594}. Best is trial 3 with value: 23.24617576599121.
LOCAL_RANK: 0 - CUDA_VISIBLE_DEVICES: [0]
[I 2023-11-30 05:31:59,098] Trial 5 finished with value: 23.5101261138916 and parameters: {'gradient_clip_val': 0.9931533715284535, 'hidden_size': 51, 'dropout': 0.2798168617914568, 'hidden_continuous_size': 25, 'attention_head_size': 3, 'learning_rate': 0.024363723314085716}. Best is trial 3 with value: 23.24617576599121.
LOCAL_RANK: 0 - CUDA_VISIBLE_DEVICES: [0]
[I 2023-11-30 05:32:12,886] Trial 6 finished with value: 27.459991455078125 and parameters: {'gradient_clip_val': 0.29920349725371304, 'hidden_size': 109, 'dropout': 0.25768998431156076, 'hidden_continuous_size': 50, 'attention_head_size': 1, 'learning_rate': 0.002798128367697797}. Best is trial 3 with value: 23.24617576599121.
LOCAL_RANK: 0 - CUDA_VISIBLE_DEVICES: [0]
[I 2023-11-30 05:32:24,613] Trial 7 finished with value: 43.43269729614258 and parameters: {'gradient_clip_val': 0.6641482241494248, 'hidden_size': 16, 'dropout': 0.3950627521569242, 'hidden_continuous_size': 10, 'attention_head_size': 1, 'learning_rate': 0.0036509619972013387}. Best is trial 3 with value: 23.24617576599121.
LOCAL_RANK: 0 - CUDA_VISIBLE_DEVICES: [0]
[I 2023-11-30 05:32:38,402] Trial 8 finished with value: 23.61910057067871 and parameters: {'gradient_clip_val': 0.6832807540240518, 'hidden_size': 94, 'dropout': 0.12105790067523063, 'hidden_continuous_size': 58, 'attention_head_size': 1, 'learning_rate': 0.09340927117463488}. Best is trial 3 with value: 23.24617576599121.
LOCAL_RANK: 0 - CUDA_VISIBLE_DEVICES: [0]
[I 2023-11-30 05:32:50,805] Trial 9 finished with value: 24.793413162231445 and parameters: {'gradient_clip_val': 0.16110012903101617, 'hidden_size': 21, 'dropout': 0.3606795371819399, 'hidden_continuous_size': 16, 'attention_head_size': 4, 'learning_rate': 0.009831496098672645}. Best is trial 3 with value: 23.24617576599121.
LOCAL_RANK: 0 - CUDA_VISIBLE_DEVICES: [0]
[I 2023-11-30 05:33:03,217] Trial 10 finished with value: 22.287626266479492 and parameters: {'gradient_clip_val': 0.10511966801115477, 'hidden_size': 29, 'dropout': 0.2946720903172938, 'hidden_continuous_size': 13, 'attention_head_size': 2, 'learning_rate': 0.0067354404908206685}. Best is trial 10 with value: 22.287626266479492.
LOCAL_RANK: 0 - CUDA_VISIBLE_DEVICES: [0]
[I 2023-11-30 05:33:15,371] Trial 11 finished with value: 21.120798110961914 and parameters: {'gradient_clip_val': 0.10647552134290157, 'hidden_size': 29, 'dropout': 0.30539018265391427, 'hidden_continuous_size': 13, 'attention_head_size': 2, 'learning_rate': 0.006416050690385922}. Best is trial 11 with value: 21.120798110961914.
LOCAL_RANK: 0 - CUDA_VISIBLE_DEVICES: [0]
[I 2023-11-30 05:33:27,364] Trial 12 finished with value: 24.821996688842773 and parameters: {'gradient_clip_val': 0.10801354661173071, 'hidden_size': 24, 'dropout': 0.291282071311443, 'hidden_continuous_size': 14, 'attention_head_size': 2, 'learning_rate': 0.005772898616136878}. Best is trial 11 with value: 21.120798110961914.
LOCAL_RANK: 0 - CUDA_VISIBLE_DEVICES: [0]
[I 2023-11-30 05:33:40,123] Trial 13 finished with value: 29.390472412109375 and parameters: {'gradient_clip_val': 0.10175926632613308, 'hidden_size': 46, 'dropout': 0.29836778990580826, 'hidden_continuous_size': 20, 'attention_head_size': 2, 'learning_rate': 0.015346419503840716}. Best is trial 11 with value: 21.120798110961914.
LOCAL_RANK: 0 - CUDA_VISIBLE_DEVICES: [0]
[I 2023-11-30 05:33:53,349] Trial 14 finished with value: 44.557735443115234 and parameters: {'gradient_clip_val': 0.13765714111742827, 'hidden_size': 63, 'dropout': 0.24791107148713418, 'hidden_continuous_size': 20, 'attention_head_size': 2, 'learning_rate': 0.0010466588720026732}. Best is trial 11 with value: 21.120798110961914.
LOCAL_RANK: 0 - CUDA_VISIBLE_DEVICES: [0]
[I 2023-11-30 05:34:05,736] Trial 15 finished with value: 26.30485725402832 and parameters: {'gradient_clip_val': 0.1312401157922256, 'hidden_size': 29, 'dropout': 0.3850871857343091, 'hidden_continuous_size': 13, 'attention_head_size': 2, 'learning_rate': 0.0034454657365131313}. Best is trial 11 with value: 21.120798110961914.
LOCAL_RANK: 0 - CUDA_VISIBLE_DEVICES: [0]
[I 2023-11-30 05:34:17,988] Trial 16 finished with value: 34.4069938659668 and parameters: {'gradient_clip_val': 0.1007577962601065, 'hidden_size': 19, 'dropout': 0.3132193336601952, 'hidden_continuous_size': 12, 'attention_head_size': 3, 'learning_rate': 0.00800148935566008}. Best is trial 11 with value: 21.120798110961914.
LOCAL_RANK: 0 - CUDA_VISIBLE_DEVICES: [0]
[I 2023-11-30 05:34:30,509] Trial 17 finished with value: 46.44169616699219 and parameters: {'gradient_clip_val': 0.14316888321731458, 'hidden_size': 37, 'dropout': 0.36569222461402995, 'hidden_continuous_size': 16, 'attention_head_size': 2, 'learning_rate': 0.0019594224849633626}. Best is trial 11 with value: 21.120798110961914.
LOCAL_RANK: 0 - CUDA_VISIBLE_DEVICES: [0]
[I 2023-11-30 05:34:42,750] Trial 18 finished with value: 28.049087524414062 and parameters: {'gradient_clip_val': 0.1765130344882992, 'hidden_size': 26, 'dropout': 0.31172306573767533, 'hidden_continuous_size': 11, 'attention_head_size': 3, 'learning_rate': 0.025755532782758394}. Best is trial 11 with value: 21.120798110961914.
LOCAL_RANK: 0 - CUDA_VISIBLE_DEVICES: [0]
[I 2023-11-30 05:34:54,524] Trial 19 finished with value: 33.378482818603516 and parameters: {'gradient_clip_val': 0.12048974805630144, 'hidden_size': 16, 'dropout': 0.261916599761466, 'hidden_continuous_size': 11, 'attention_head_size': 1, 'learning_rate': 0.00523508876467294}. Best is trial 11 with value: 21.120798110961914.
LOCAL_RANK: 0 - CUDA_VISIBLE_DEVICES: [0]
[I 2023-11-30 05:35:07,449] Trial 20 finished with value: 28.34259605407715 and parameters: {'gradient_clip_val': 0.12975620750351063, 'hidden_size': 46, 'dropout': 0.2373973535366684, 'hidden_continuous_size': 17, 'attention_head_size': 2, 'learning_rate': 0.0038618625558898816}. Best is trial 11 with value: 21.120798110961914.
LOCAL_RANK: 0 - CUDA_VISIBLE_DEVICES: [0]
[I 2023-11-30 05:35:19,831] Trial 21 finished with value: 23.552480697631836 and parameters: {'gradient_clip_val': 0.405824725309874, 'hidden_size': 30, 'dropout': 0.3307972742348151, 'hidden_continuous_size': 13, 'attention_head_size': 2, 'learning_rate': 0.006928898411070953}. Best is trial 11 with value: 21.120798110961914.
LOCAL_RANK: 0 - CUDA_VISIBLE_DEVICES: [0]
[I 2023-11-30 05:35:32,219] Trial 22 finished with value: 21.034147262573242 and parameters: {'gradient_clip_val': 0.3094031252557436, 'hidden_size': 31, 'dropout': 0.325474245066546, 'hidden_continuous_size': 14, 'attention_head_size': 2, 'learning_rate': 0.009321720689317031}. Best is trial 22 with value: 21.034147262573242.
LOCAL_RANK: 0 - CUDA_VISIBLE_DEVICES: [0]
[I 2023-11-30 05:35:44,509] Trial 23 finished with value: 23.748573303222656 and parameters: {'gradient_clip_val': 0.1663839408950591, 'hidden_size': 36, 'dropout': 0.28365878681170675, 'hidden_continuous_size': 14, 'attention_head_size': 2, 'learning_rate': 0.013233939126894126}. Best is trial 22 with value: 21.034147262573242.
LOCAL_RANK: 0 - CUDA_VISIBLE_DEVICES: [0]
[I 2023-11-30 05:35:56,555] Trial 24 finished with value: 22.95137596130371 and parameters: {'gradient_clip_val': 0.39894920411684426, 'hidden_size': 24, 'dropout': 0.311117169746317, 'hidden_continuous_size': 13, 'attention_head_size': 3, 'learning_rate': 0.010993074214527094}. Best is trial 22 with value: 21.034147262573242.
LOCAL_RANK: 0 - CUDA_VISIBLE_DEVICES: [0]
[I 2023-11-30 05:36:08,849] Trial 25 finished with value: 23.135000228881836 and parameters: {'gradient_clip_val': 0.1199346343818734, 'hidden_size': 19, 'dropout': 0.36514780288018034, 'hidden_continuous_size': 13, 'attention_head_size': 2, 'learning_rate': 0.00809439689792462}. Best is trial 22 with value: 21.034147262573242.
LOCAL_RANK: 0 - CUDA_VISIBLE_DEVICES: [0]
[I 2023-11-30 05:36:21,770] Trial 26 finished with value: 23.584749221801758 and parameters: {'gradient_clip_val': 0.19894672124567928, 'hidden_size': 60, 'dropout': 0.2748442352900772, 'hidden_continuous_size': 17, 'attention_head_size': 1, 'learning_rate': 0.004727654016784291}. Best is trial 22 with value: 21.034147262573242.
LOCAL_RANK: 0 - CUDA_VISIBLE_DEVICES: [0]
[I 2023-11-30 05:36:33,985] Trial 27 finished with value: 25.619028091430664 and parameters: {'gradient_clip_val': 0.15258726640732187, 'hidden_size': 32, 'dropout': 0.303637472294091, 'hidden_continuous_size': 15, 'attention_head_size': 2, 'learning_rate': 0.006584212798240496}. Best is trial 22 with value: 21.034147262573242.
LOCAL_RANK: 0 - CUDA_VISIBLE_DEVICES: [0]
[I 2023-11-30 05:36:46,520] Trial 28 finished with value: 23.2573184967041 and parameters: {'gradient_clip_val': 0.11454540826587756, 'hidden_size': 38, 'dropout': 0.3492136175264743, 'hidden_continuous_size': 10, 'attention_head_size': 3, 'learning_rate': 0.010008021904748577}. Best is trial 22 with value: 21.034147262573242.
LOCAL_RANK: 0 - CUDA_VISIBLE_DEVICES: [0]
[I 2023-11-30 05:36:58,990] Trial 29 finished with value: 31.494291305541992 and parameters: {'gradient_clip_val': 0.23082702274506678, 'hidden_size': 39, 'dropout': 0.3393874405070141, 'hidden_continuous_size': 12, 'attention_head_size': 1, 'learning_rate': 0.004665513153067193}. Best is trial 22 with value: 21.034147262573242.
LOCAL_RANK: 0 - CUDA_VISIBLE_DEVICES: [0]
[I 2023-11-30 05:37:11,537] Trial 30 finished with value: 31.04132080078125 and parameters: {'gradient_clip_val': 0.14802386292982167, 'hidden_size': 25, 'dropout': 0.3215712773287294, 'hidden_continuous_size': 11, 'attention_head_size': 4, 'learning_rate': 0.0027435095731623248}. Best is trial 22 with value: 21.034147262573242.
LOCAL_RANK: 0 - CUDA_VISIBLE_DEVICES: [0]
[I 2023-11-30 05:37:23,714] Trial 31 finished with value: 20.456266403198242 and parameters: {'gradient_clip_val': 0.25923768937993413, 'hidden_size': 22, 'dropout': 0.31121074670239185, 'hidden_continuous_size': 13, 'attention_head_size': 3, 'learning_rate': 0.009918398601587696}. Best is trial 31 with value: 20.456266403198242.
LOCAL_RANK: 0 - CUDA_VISIBLE_DEVICES: [0]
[I 2023-11-30 05:37:35,857] Trial 32 finished with value: 23.00358009338379 and parameters: {'gradient_clip_val': 0.21197006988918857, 'hidden_size': 28, 'dropout': 0.2968630589935402, 'hidden_continuous_size': 14, 'attention_head_size': 3, 'learning_rate': 0.005685178439118812}. Best is trial 31 with value: 20.456266403198242.
LOCAL_RANK: 0 - CUDA_VISIBLE_DEVICES: [0]
[I 2023-11-30 05:37:47,929] Trial 33 finished with value: 25.799482345581055 and parameters: {'gradient_clip_val': 0.2586914309380028, 'hidden_size': 22, 'dropout': 0.3479013408370172, 'hidden_continuous_size': 13, 'attention_head_size': 3, 'learning_rate': 0.008687009193841936}. Best is trial 31 with value: 20.456266403198242.
LOCAL_RANK: 0 - CUDA_VISIBLE_DEVICES: [0]
[I 2023-11-30 05:38:00,555] Trial 34 finished with value: 22.7430362701416 and parameters: {'gradient_clip_val': 0.18344258624263796, 'hidden_size': 33, 'dropout': 0.3274532501223029, 'hidden_continuous_size': 15, 'attention_head_size': 4, 'learning_rate': 0.017566655116840583}. Best is trial 31 with value: 20.456266403198242.
LOCAL_RANK: 0 - CUDA_VISIBLE_DEVICES: [0]
[I 2023-11-30 05:38:12,987] Trial 35 finished with value: 23.163414001464844 and parameters: {'gradient_clip_val': 0.2586352456692968, 'hidden_size': 27, 'dropout': 0.32434462678937803, 'hidden_continuous_size': 12, 'attention_head_size': 2, 'learning_rate': 0.011711972964629403}. Best is trial 31 with value: 20.456266403198242.
LOCAL_RANK: 0 - CUDA_VISIBLE_DEVICES: [0]
[I 2023-11-30 05:38:25,444] Trial 36 finished with value: 22.398635864257812 and parameters: {'gradient_clip_val': 0.18480650039280963, 'hidden_size': 33, 'dropout': 0.2705849254730894, 'hidden_continuous_size': 14, 'attention_head_size': 3, 'learning_rate': 0.0068945616982706345}. Best is trial 31 with value: 20.456266403198242.
LOCAL_RANK: 0 - CUDA_VISIBLE_DEVICES: [0]
[I 2023-11-30 05:38:37,377] Trial 37 finished with value: 24.06108856201172 and parameters: {'gradient_clip_val': 0.34315396796577463, 'hidden_size': 14, 'dropout': 0.29012179177260783, 'hidden_continuous_size': 10, 'attention_head_size': 2, 'learning_rate': 0.009172100163528773}. Best is trial 31 with value: 20.456266403198242.
LOCAL_RANK: 0 - CUDA_VISIBLE_DEVICES: [0]
[I 2023-11-30 05:38:47,521] Trial 38 finished with value: 28.898483276367188 and parameters: {'gradient_clip_val': 0.1253882562452621, 'hidden_size': 10, 'dropout': 0.31026331718754574, 'hidden_continuous_size': 10, 'attention_head_size': 2, 'learning_rate': 0.01850722030595038}. Best is trial 31 with value: 20.456266403198242.
LOCAL_RANK: 0 - CUDA_VISIBLE_DEVICES: [0]
[I 2023-11-30 05:38:59,850] Trial 39 finished with value: 22.461023330688477 and parameters: {'gradient_clip_val': 0.11095369622435886, 'hidden_size': 23, 'dropout': 0.33688337338272756, 'hidden_continuous_size': 12, 'attention_head_size': 3, 'learning_rate': 0.013280837619359314}. Best is trial 31 with value: 20.456266403198242.
LOCAL_RANK: 0 - CUDA_VISIBLE_DEVICES: [0]
[I 2023-11-30 05:39:11,876] Trial 40 finished with value: 25.775604248046875 and parameters: {'gradient_clip_val': 0.16409537976715305, 'hidden_size': 20, 'dropout': 0.2743740407276058, 'hidden_continuous_size': 13, 'attention_head_size': 1, 'learning_rate': 0.004489229462231369}. Best is trial 31 with value: 20.456266403198242.
LOCAL_RANK: 0 - CUDA_VISIBLE_DEVICES: [0]
[I 2023-11-30 05:39:24,267] Trial 41 finished with value: 23.315208435058594 and parameters: {'gradient_clip_val': 0.18549035966840147, 'hidden_size': 31, 'dropout': 0.2683902592262631, 'hidden_continuous_size': 14, 'attention_head_size': 3, 'learning_rate': 0.006445589224260499}. Best is trial 31 with value: 20.456266403198242.
LOCAL_RANK: 0 - CUDA_VISIBLE_DEVICES: [0]
[I 2023-11-30 05:39:36,481] Trial 42 finished with value: 24.437454223632812 and parameters: {'gradient_clip_val': 0.101116227205599, 'hidden_size': 28, 'dropout': 0.28731182570868, 'hidden_continuous_size': 14, 'attention_head_size': 3, 'learning_rate': 0.007015432489167774}. Best is trial 31 with value: 20.456266403198242.
LOCAL_RANK: 0 - CUDA_VISIBLE_DEVICES: [0]
[I 2023-11-30 05:39:49,139] Trial 43 finished with value: 21.31317710876465 and parameters: {'gradient_clip_val': 0.2237956417779687, 'hidden_size': 34, 'dropout': 0.2430236819281975, 'hidden_continuous_size': 15, 'attention_head_size': 4, 'learning_rate': 0.007799105958451676}. Best is trial 31 with value: 20.456266403198242.
LOCAL_RANK: 0 - CUDA_VISIBLE_DEVICES: [0]
[I 2023-11-30 05:40:01,487] Trial 44 finished with value: 24.343069076538086 and parameters: {'gradient_clip_val': 0.21836641611741342, 'hidden_size': 21, 'dropout': 0.23183040461639523, 'hidden_continuous_size': 13, 'attention_head_size': 4, 'learning_rate': 0.011014364293351755}. Best is trial 31 with value: 20.456266403198242.
LOCAL_RANK: 0 - CUDA_VISIBLE_DEVICES: [0]
[I 2023-11-30 05:40:14,586] Trial 45 finished with value: 24.471694946289062 and parameters: {'gradient_clip_val': 0.14618336461331546, 'hidden_size': 42, 'dropout': 0.24966277594490402, 'hidden_continuous_size': 18, 'attention_head_size': 4, 'learning_rate': 0.008401602783367051}. Best is trial 31 with value: 20.456266403198242.
LOCAL_RANK: 0 - CUDA_VISIBLE_DEVICES: [0]
[I 2023-11-30 05:40:26,990] Trial 46 finished with value: 27.826013565063477 and parameters: {'gradient_clip_val': 0.2662118887296741, 'hidden_size': 25, 'dropout': 0.29763685899496306, 'hidden_continuous_size': 15, 'attention_head_size': 4, 'learning_rate': 0.0052322043996513206}. Best is trial 31 with value: 20.456266403198242.
LOCAL_RANK: 0 - CUDA_VISIBLE_DEVICES: [0]
[I 2023-11-30 05:40:39,535] Trial 47 finished with value: 23.87213706970215 and parameters: {'gradient_clip_val': 0.311718613637893, 'hidden_size': 34, 'dropout': 0.20890919970286975, 'hidden_continuous_size': 16, 'attention_head_size': 2, 'learning_rate': 0.009191149908662074}. Best is trial 31 with value: 20.456266403198242.
LOCAL_RANK: 0 - CUDA_VISIBLE_DEVICES: [0]
[I 2023-11-30 05:40:52,134] Trial 48 finished with value: 22.86821746826172 and parameters: {'gradient_clip_val': 0.13296323766424895, 'hidden_size': 42, 'dropout': 0.3205028095401366, 'hidden_continuous_size': 18, 'attention_head_size': 2, 'learning_rate': 0.005629200932766483}. Best is trial 31 with value: 20.456266403198242.
LOCAL_RANK: 0 - CUDA_VISIBLE_DEVICES: [0]
[I 2023-11-30 05:41:04,241] Trial 49 finished with value: 22.827783584594727 and parameters: {'gradient_clip_val': 0.11391037112016134, 'hidden_size': 28, 'dropout': 0.28348108833140034, 'hidden_continuous_size': 14, 'attention_head_size': 4, 'learning_rate': 0.01180184558369845}. Best is trial 31 with value: 20.456266403198242.
LOCAL_RANK: 0 - CUDA_VISIBLE_DEVICES: [0]
[I 2023-11-30 05:41:16,615] Trial 50 finished with value: 41.44218826293945 and parameters: {'gradient_clip_val': 0.23562169483474654, 'hidden_size': 18, 'dropout': 0.25905916366499515, 'hidden_continuous_size': 13, 'attention_head_size': 2, 'learning_rate': 0.003965752127882573}. Best is trial 31 with value: 20.456266403198242.
LOCAL_RANK: 0 - CUDA_VISIBLE_DEVICES: [0]
[I 2023-11-30 05:41:29,032] Trial 51 finished with value: 23.67058563232422 and parameters: {'gradient_clip_val': 0.1989696569256222, 'hidden_size': 34, 'dropout': 0.3036966124721747, 'hidden_continuous_size': 15, 'attention_head_size': 3, 'learning_rate': 0.007043722715046693}. Best is trial 31 with value: 20.456266403198242.
LOCAL_RANK: 0 - CUDA_VISIBLE_DEVICES: [0]
[I 2023-11-30 05:41:41,134] Trial 52 finished with value: 24.45939826965332 and parameters: {'gradient_clip_val': 0.16299656187146805, 'hidden_size': 32, 'dropout': 0.2688194588977974, 'hidden_continuous_size': 12, 'attention_head_size': 3, 'learning_rate': 0.007360997945182344}. Best is trial 31 with value: 20.456266403198242.
LOCAL_RANK: 0 - CUDA_VISIBLE_DEVICES: [0]
[I 2023-11-30 05:41:53,065] Trial 53 finished with value: 22.591115951538086 and parameters: {'gradient_clip_val': 0.14045922325108418, 'hidden_size': 24, 'dropout': 0.27881036203174625, 'hidden_continuous_size': 14, 'attention_head_size': 2, 'learning_rate': 0.006080375431745618}. Best is trial 31 with value: 20.456266403198242.
LOCAL_RANK: 0 - CUDA_VISIBLE_DEVICES: [0]
[I 2023-11-30 05:42:05,671] Trial 54 finished with value: 22.34842872619629 and parameters: {'gradient_clip_val': 0.284531106102761, 'hidden_size': 30, 'dropout': 0.2945202862125348, 'hidden_continuous_size': 15, 'attention_head_size': 3, 'learning_rate': 0.009672209192058636}. Best is trial 31 with value: 20.456266403198242.
LOCAL_RANK: 0 - CUDA_VISIBLE_DEVICES: [0]
[I 2023-11-30 05:42:18,102] Trial 55 finished with value: 26.195566177368164 and parameters: {'gradient_clip_val': 0.2829070735050625, 'hidden_size': 27, 'dropout': 0.31458096356363485, 'hidden_continuous_size': 15, 'attention_head_size': 2, 'learning_rate': 0.009917856577550394}. Best is trial 31 with value: 20.456266403198242.
LOCAL_RANK: 0 - CUDA_VISIBLE_DEVICES: [0]
