[I 2023-11-29 20:59:39,551] Trial 80 finished with value: 0.235210120677948 and parameters: {'gradient_clip_val': 0.2576775762957446, 'hidden_size': 115, 'dropout': 0.12392454203057376, 'hidden_continuous_size': 51, 'attention_head_size': 3, 'learning_rate': 0.03701914878040268}. Best is trial 46 with value: 0.06064918637275696.
LOCAL_RANK: 0 - CUDA_VISIBLE_DEVICES: [0]
[I 2023-11-29 20:59:52,635] Trial 81 finished with value: 0.3021616041660309 and parameters: {'gradient_clip_val': 0.20423522293800372, 'hidden_size': 56, 'dropout': 0.18002954797384713, 'hidden_continuous_size': 31, 'attention_head_size': 2, 'learning_rate': 0.07392058760553069}. Best is trial 46 with value: 0.06064918637275696.
LOCAL_RANK: 0 - CUDA_VISIBLE_DEVICES: [0]
[I 2023-11-29 21:00:06,147] Trial 82 finished with value: 0.10910189151763916 and parameters: {'gradient_clip_val': 0.17441348625210712, 'hidden_size': 61, 'dropout': 0.18576185840134804, 'hidden_continuous_size': 35, 'attention_head_size': 2, 'learning_rate': 0.08890997424100235}. Best is trial 46 with value: 0.06064918637275696.
LOCAL_RANK: 0 - CUDA_VISIBLE_DEVICES: [0]
[I 2023-11-29 21:00:19,542] Trial 83 finished with value: 0.23660750687122345 and parameters: {'gradient_clip_val': 0.15784633042376997, 'hidden_size': 67, 'dropout': 0.15210140630670801, 'hidden_continuous_size': 30, 'attention_head_size': 2, 'learning_rate': 0.06519737916677927}. Best is trial 46 with value: 0.06064918637275696.
LOCAL_RANK: 0 - CUDA_VISIBLE_DEVICES: [0]
[I 2023-11-29 21:00:33,132] Trial 84 finished with value: 0.09434718638658524 and parameters: {'gradient_clip_val': 0.2316764714997834, 'hidden_size': 91, 'dropout': 0.17204014272756096, 'hidden_continuous_size': 26, 'attention_head_size': 2, 'learning_rate': 0.049560035920317595}. Best is trial 46 with value: 0.06064918637275696.
LOCAL_RANK: 0 - CUDA_VISIBLE_DEVICES: [0]
[I 2023-11-29 21:00:46,487] Trial 85 finished with value: 0.36042627692222595 and parameters: {'gradient_clip_val': 0.21060746117136392, 'hidden_size': 76, 'dropout': 0.20489125250797913, 'hidden_continuous_size': 41, 'attention_head_size': 2, 'learning_rate': 0.04185857555717855}. Best is trial 46 with value: 0.06064918637275696.
LOCAL_RANK: 0 - CUDA_VISIBLE_DEVICES: [0]
[I 2023-11-29 21:00:59,747] Trial 86 finished with value: 0.09400713443756104 and parameters: {'gradient_clip_val': 0.19892475195027956, 'hidden_size': 53, 'dropout': 0.16354164881605376, 'hidden_continuous_size': 32, 'attention_head_size': 2, 'learning_rate': 0.07947989137318702}. Best is trial 46 with value: 0.06064918637275696.
LOCAL_RANK: 0 - CUDA_VISIBLE_DEVICES: [0]
[I 2023-11-29 21:01:13,160] Trial 87 finished with value: 0.16020385921001434 and parameters: {'gradient_clip_val': 0.22222647747114896, 'hidden_size': 73, 'dropout': 0.19719339272448014, 'hidden_continuous_size': 39, 'attention_head_size': 1, 'learning_rate': 0.029579539089854348}. Best is trial 46 with value: 0.06064918637275696.
LOCAL_RANK: 0 - CUDA_VISIBLE_DEVICES: [0]
[I 2023-11-29 21:01:26,878] Trial 88 finished with value: 0.07067951560020447 and parameters: {'gradient_clip_val': 0.18954529481164328, 'hidden_size': 80, 'dropout': 0.14105663946193925, 'hidden_continuous_size': 33, 'attention_head_size': 2, 'learning_rate': 0.05983698111944421}. Best is trial 46 with value: 0.06064918637275696.
LOCAL_RANK: 0 - CUDA_VISIBLE_DEVICES: [0]
[I 2023-11-29 21:01:40,694] Trial 89 finished with value: 0.3033633828163147 and parameters: {'gradient_clip_val': 0.18907677621430238, 'hidden_size': 87, 'dropout': 0.13972192328850905, 'hidden_continuous_size': 45, 'attention_head_size': 2, 'learning_rate': 0.0451393035605016}. Best is trial 46 with value: 0.06064918637275696.
LOCAL_RANK: 0 - CUDA_VISIBLE_DEVICES: [0]
[I 2023-11-29 21:01:54,476] Trial 90 finished with value: 0.1593596190214157 and parameters: {'gradient_clip_val': 0.16283236151901748, 'hidden_size': 100, 'dropout': 0.14788622739776647, 'hidden_continuous_size': 33, 'attention_head_size': 3, 'learning_rate': 0.05581921748450737}. Best is trial 46 with value: 0.06064918637275696.
LOCAL_RANK: 0 - CUDA_VISIBLE_DEVICES: [0]
[I 2023-11-29 21:02:07,785] Trial 91 finished with value: 0.1263415515422821 and parameters: {'gradient_clip_val': 0.1720197389885254, 'hidden_size': 80, 'dropout': 0.11638019432205494, 'hidden_continuous_size': 35, 'attention_head_size': 2, 'learning_rate': 0.0618883655639571}. Best is trial 46 with value: 0.06064918637275696.
LOCAL_RANK: 0 - CUDA_VISIBLE_DEVICES: [0]
[I 2023-11-29 21:02:21,434] Trial 92 finished with value: 0.2317652851343155 and parameters: {'gradient_clip_val': 0.17841914395366584, 'hidden_size': 69, 'dropout': 0.17844109372972755, 'hidden_continuous_size': 37, 'attention_head_size': 2, 'learning_rate': 0.0903330094271484}. Best is trial 46 with value: 0.06064918637275696.
LOCAL_RANK: 0 - CUDA_VISIBLE_DEVICES: [0]
[I 2023-11-29 21:02:34,771] Trial 93 finished with value: 0.060883890837430954 and parameters: {'gradient_clip_val': 0.19970758245184408, 'hidden_size': 63, 'dropout': 0.16081650312421059, 'hidden_continuous_size': 31, 'attention_head_size': 2, 'learning_rate': 0.06903392621894089}. Best is trial 46 with value: 0.06064918637275696.
LOCAL_RANK: 0 - CUDA_VISIBLE_DEVICES: [0]
[I 2023-11-29 21:02:48,129] Trial 94 finished with value: 0.12211152166128159 and parameters: {'gradient_clip_val': 0.1948760676803238, 'hidden_size': 63, 'dropout': 0.15233634880856922, 'hidden_continuous_size': 33, 'attention_head_size': 2, 'learning_rate': 0.05117073093523924}. Best is trial 46 with value: 0.06064918637275696.
LOCAL_RANK: 0 - CUDA_VISIBLE_DEVICES: [0]
[I 2023-11-29 21:03:01,758] Trial 95 finished with value: 0.058988649398088455 and parameters: {'gradient_clip_val': 0.21327871252709701, 'hidden_size': 93, 'dropout': 0.12906621798591225, 'hidden_continuous_size': 28, 'attention_head_size': 2, 'learning_rate': 0.07222508971843765}. Best is trial 95 with value: 0.058988649398088455.
LOCAL_RANK: 0 - CUDA_VISIBLE_DEVICES: [0]
[I 2023-11-29 21:03:15,449] Trial 96 finished with value: 0.17439518868923187 and parameters: {'gradient_clip_val': 0.18490882256429036, 'hidden_size': 81, 'dropout': 0.1303160605741312, 'hidden_continuous_size': 29, 'attention_head_size': 2, 'learning_rate': 0.038744358979261755}. Best is trial 95 with value: 0.058988649398088455.
LOCAL_RANK: 0 - CUDA_VISIBLE_DEVICES: [0]
[I 2023-11-29 21:03:29,042] Trial 97 finished with value: 0.12331042438745499 and parameters: {'gradient_clip_val': 0.160698909017893, 'hidden_size': 74, 'dropout': 0.13794387750417866, 'hidden_continuous_size': 41, 'attention_head_size': 1, 'learning_rate': 0.07581955435970976}. Best is trial 95 with value: 0.058988649398088455.
LOCAL_RANK: 0 - CUDA_VISIBLE_DEVICES: [0]
[I 2023-11-29 21:03:42,767] Trial 98 finished with value: 0.36063864827156067 and parameters: {'gradient_clip_val': 0.23119584028145299, 'hidden_size': 93, 'dropout': 0.14478816359596955, 'hidden_continuous_size': 27, 'attention_head_size': 4, 'learning_rate': 0.03401707782497113}. Best is trial 95 with value: 0.058988649398088455.
LOCAL_RANK: 0 - CUDA_VISIBLE_DEVICES: [0]
[I 2023-11-29 21:03:55,999] Trial 99 finished with value: 0.16498567163944244 and parameters: {'gradient_clip_val': 0.19749823832769725, 'hidden_size': 69, 'dropout': 0.1251645124395312, 'hidden_continuous_size': 28, 'attention_head_size': 2, 'learning_rate': 0.05898582405161537}. Best is trial 95 with value: 0.058988649398088455.
LOCAL_RANK: 0 - CUDA_VISIBLE_DEVICES: [0]
[I 2023-11-29 21:04:09,614] Trial 100 finished with value: 0.3115951120853424 and parameters: {'gradient_clip_val': 0.148265384735709, 'hidden_size': 83, 'dropout': 0.1610218557151883, 'hidden_continuous_size': 36, 'attention_head_size': 1, 'learning_rate': 0.08477797319361496}. Best is trial 95 with value: 0.058988649398088455.
LOCAL_RANK: 0 - CUDA_VISIBLE_DEVICES: [0]
[I 2023-11-29 21:04:23,386] Trial 101 finished with value: 0.2179735153913498 and parameters: {'gradient_clip_val': 0.20941280564357997, 'hidden_size': 98, 'dropout': 0.15677383913595042, 'hidden_continuous_size': 30, 'attention_head_size': 2, 'learning_rate': 0.06737945582968073}. Best is trial 95 with value: 0.058988649398088455.
LOCAL_RANK: 0 - CUDA_VISIBLE_DEVICES: [0]
[I 2023-11-29 21:04:37,084] Trial 102 finished with value: 0.34785380959510803 and parameters: {'gradient_clip_val': 0.22005998076284922, 'hidden_size': 90, 'dropout': 0.13403855538602497, 'hidden_continuous_size': 31, 'attention_head_size': 2, 'learning_rate': 0.07017425051730335}. Best is trial 95 with value: 0.058988649398088455.
LOCAL_RANK: 0 - CUDA_VISIBLE_DEVICES: [0]
[I 2023-11-29 21:04:50,688] Trial 103 finished with value: 0.12377959489822388 and parameters: {'gradient_clip_val': 0.24143594278841202, 'hidden_size': 78, 'dropout': 0.16727545090453802, 'hidden_continuous_size': 34, 'attention_head_size': 2, 'learning_rate': 0.052599936778641124}. Best is trial 95 with value: 0.058988649398088455.
LOCAL_RANK: 0 - CUDA_VISIBLE_DEVICES: [0]
[I 2023-11-29 21:05:04,251] Trial 104 finished with value: 0.17631955444812775 and parameters: {'gradient_clip_val': 0.1809248877734038, 'hidden_size': 87, 'dropout': 0.17328422509375907, 'hidden_continuous_size': 32, 'attention_head_size': 2, 'learning_rate': 0.06224003415864856}. Best is trial 95 with value: 0.058988649398088455.
LOCAL_RANK: 0 - CUDA_VISIBLE_DEVICES: [0]
[I 2023-11-29 21:05:17,655] Trial 105 finished with value: 0.09666216373443604 and parameters: {'gradient_clip_val': 0.2525689480379647, 'hidden_size': 73, 'dropout': 0.10991296370122383, 'hidden_continuous_size': 27, 'attention_head_size': 2, 'learning_rate': 0.09141406701581847}. Best is trial 95 with value: 0.058988649398088455.
LOCAL_RANK: 0 - CUDA_VISIBLE_DEVICES: [0]
[I 2023-11-29 21:05:31,511] Trial 106 finished with value: 0.23612137138843536 and parameters: {'gradient_clip_val': 0.16803532872710158, 'hidden_size': 105, 'dropout': 0.1485657446283661, 'hidden_continuous_size': 38, 'attention_head_size': 2, 'learning_rate': 0.04670462865263215}. Best is trial 95 with value: 0.058988649398088455.
LOCAL_RANK: 0 - CUDA_VISIBLE_DEVICES: [0]
[I 2023-11-29 21:05:45,018] Trial 107 finished with value: 0.14323405921459198 and parameters: {'gradient_clip_val': 0.2123245839865471, 'hidden_size': 66, 'dropout': 0.18370875504719403, 'hidden_continuous_size': 31, 'attention_head_size': 4, 'learning_rate': 0.08396311037717308}. Best is trial 95 with value: 0.058988649398088455.
LOCAL_RANK: 0 - CUDA_VISIBLE_DEVICES: [0]
[I 2023-11-29 21:05:58,775] Trial 108 finished with value: 0.0953628197312355 and parameters: {'gradient_clip_val': 0.19897518232239944, 'hidden_size': 112, 'dropout': 0.14194719988721344, 'hidden_continuous_size': 24, 'attention_head_size': 2, 'learning_rate': 0.055150723487950117}. Best is trial 95 with value: 0.058988649398088455.
LOCAL_RANK: 0 - CUDA_VISIBLE_DEVICES: [0]
[I 2023-11-29 21:06:12,618] Trial 109 finished with value: 0.2671341896057129 and parameters: {'gradient_clip_val': 0.224217326644962, 'hidden_size': 95, 'dropout': 0.16001954661766798, 'hidden_continuous_size': 36, 'attention_head_size': 2, 'learning_rate': 0.07356845352586038}. Best is trial 95 with value: 0.058988649398088455.
LOCAL_RANK: 0 - CUDA_VISIBLE_DEVICES: [0]
[I 2023-11-29 21:06:26,184] Trial 110 finished with value: 0.08081945776939392 and parameters: {'gradient_clip_val': 0.18800767623518888, 'hidden_size': 83, 'dropout': 0.1900304122595811, 'hidden_continuous_size': 42, 'attention_head_size': 1, 'learning_rate': 0.040234291767074326}. Best is trial 95 with value: 0.058988649398088455.
LOCAL_RANK: 0 - CUDA_VISIBLE_DEVICES: [0]
[I 2023-11-29 21:06:39,553] Trial 111 finished with value: 0.1391722410917282 and parameters: {'gradient_clip_val': 0.1562646293535751, 'hidden_size': 80, 'dropout': 0.1897370233403182, 'hidden_continuous_size': 42, 'attention_head_size': 1, 'learning_rate': 0.040112345315828885}. Best is trial 95 with value: 0.058988649398088455.
LOCAL_RANK: 0 - CUDA_VISIBLE_DEVICES: [0]
[I 2023-11-29 21:06:53,171] Trial 112 finished with value: 0.08747365325689316 and parameters: {'gradient_clip_val': 0.18654546116199378, 'hidden_size': 85, 'dropout': 0.1724554913115558, 'hidden_continuous_size': 39, 'attention_head_size': 1, 'learning_rate': 0.043913734269023744}. Best is trial 95 with value: 0.058988649398088455.
LOCAL_RANK: 0 - CUDA_VISIBLE_DEVICES: [0]
[I 2023-11-29 21:07:07,217] Trial 113 finished with value: 0.12264054268598557 and parameters: {'gradient_clip_val': 0.1739612048119518, 'hidden_size': 103, 'dropout': 0.19201770680002592, 'hidden_continuous_size': 34, 'attention_head_size': 1, 'learning_rate': 0.034933530356090745}. Best is trial 95 with value: 0.058988649398088455.
LOCAL_RANK: 0 - CUDA_VISIBLE_DEVICES: [0]
[I 2023-11-29 21:07:21,047] Trial 114 finished with value: 0.1339656561613083 and parameters: {'gradient_clip_val': 0.2044089373926128, 'hidden_size': 120, 'dropout': 0.16607395216741697, 'hidden_continuous_size': 42, 'attention_head_size': 1, 'learning_rate': 0.048229204705577004}. Best is trial 95 with value: 0.058988649398088455.
LOCAL_RANK: 0 - CUDA_VISIBLE_DEVICES: [0]
[I 2023-11-29 21:07:34,532] Trial 115 finished with value: 0.19618868827819824 and parameters: {'gradient_clip_val': 0.267189365794651, 'hidden_size': 71, 'dropout': 0.17998712083750873, 'hidden_continuous_size': 44, 'attention_head_size': 1, 'learning_rate': 0.06529250784525785}. Best is trial 95 with value: 0.058988649398088455.
LOCAL_RANK: 0 - CUDA_VISIBLE_DEVICES: [0]
[I 2023-11-29 21:07:48,564] Trial 116 finished with value: 0.1560765951871872 and parameters: {'gradient_clip_val': 0.13851941366707413, 'hidden_size': 92, 'dropout': 0.20740048676988704, 'hidden_continuous_size': 46, 'attention_head_size': 4, 'learning_rate': 0.05929480465686281}. Best is trial 95 with value: 0.058988649398088455.
LOCAL_RANK: 0 - CUDA_VISIBLE_DEVICES: [0]
[I 2023-11-29 21:08:02,294] Trial 117 finished with value: 0.18853618204593658 and parameters: {'gradient_clip_val': 0.2185433154825864, 'hidden_size': 78, 'dropout': 0.12860095317714945, 'hidden_continuous_size': 47, 'attention_head_size': 2, 'learning_rate': 0.07758475368585213}. Best is trial 95 with value: 0.058988649398088455.
LOCAL_RANK: 0 - CUDA_VISIBLE_DEVICES: [0]
[I 2023-11-29 21:08:15,687] Trial 118 finished with value: 0.07599741220474243 and parameters: {'gradient_clip_val': 0.23252784597257622, 'hidden_size': 63, 'dropout': 0.21761513511314187, 'hidden_continuous_size': 29, 'attention_head_size': 1, 'learning_rate': 0.040049708794682885}. Best is trial 95 with value: 0.058988649398088455.
LOCAL_RANK: 0 - CUDA_VISIBLE_DEVICES: [0]
[I 2023-11-29 21:08:28,862] Trial 119 finished with value: 0.08308785408735275 and parameters: {'gradient_clip_val': 0.23814761595725295, 'hidden_size': 63, 'dropout': 0.21430556300317202, 'hidden_continuous_size': 29, 'attention_head_size': 1, 'learning_rate': 0.037054368784944676}. Best is trial 95 with value: 0.058988649398088455.
LOCAL_RANK: 0 - CUDA_VISIBLE_DEVICES: [0]
[I 2023-11-29 21:08:42,136] Trial 120 finished with value: 0.07255227118730545 and parameters: {'gradient_clip_val': 0.2837012884651884, 'hidden_size': 58, 'dropout': 0.19473398720837146, 'hidden_continuous_size': 33, 'attention_head_size': 1, 'learning_rate': 0.03257325117458925}. Best is trial 95 with value: 0.058988649398088455.
LOCAL_RANK: 0 - CUDA_VISIBLE_DEVICES: [0]
[I 2023-11-29 21:08:55,459] Trial 121 finished with value: 0.10868271440267563 and parameters: {'gradient_clip_val': 0.29668626519113755, 'hidden_size': 61, 'dropout': 0.2185898218591017, 'hidden_continuous_size': 33, 'attention_head_size': 1, 'learning_rate': 0.03013107099243681}. Best is trial 95 with value: 0.058988649398088455.
LOCAL_RANK: 0 - CUDA_VISIBLE_DEVICES: [0]
[I 2023-11-29 21:09:08,901] Trial 122 finished with value: 0.29330185055732727 and parameters: {'gradient_clip_val': 0.2731810311637919, 'hidden_size': 67, 'dropout': 0.1947286593367814, 'hidden_continuous_size': 30, 'attention_head_size': 1, 'learning_rate': 0.041101812768705476}. Best is trial 95 with value: 0.058988649398088455.
LOCAL_RANK: 0 - CUDA_VISIBLE_DEVICES: [0]
[I 2023-11-29 21:09:22,068] Trial 123 finished with value: 0.3114999830722809 and parameters: {'gradient_clip_val': 0.32056672112238693, 'hidden_size': 56, 'dropout': 0.19888016335661185, 'hidden_continuous_size': 35, 'attention_head_size': 1, 'learning_rate': 0.04370809528528241}. Best is trial 95 with value: 0.058988649398088455.
LOCAL_RANK: 0 - CUDA_VISIBLE_DEVICES: [0]
[I 2023-11-29 21:09:35,252] Trial 124 finished with value: 0.24692489206790924 and parameters: {'gradient_clip_val': 0.2928749494508009, 'hidden_size': 59, 'dropout': 0.22921503727519407, 'hidden_continuous_size': 32, 'attention_head_size': 1, 'learning_rate': 0.03217995238146705}. Best is trial 95 with value: 0.058988649398088455.
LOCAL_RANK: 0 - CUDA_VISIBLE_DEVICES: [0]
[I 2023-11-29 21:09:48,550] Trial 125 finished with value: 0.13310401141643524 and parameters: {'gradient_clip_val': 0.24810009638004524, 'hidden_size': 64, 'dropout': 0.20053945456012878, 'hidden_continuous_size': 40, 'attention_head_size': 1, 'learning_rate': 0.03655530215019285}. Best is trial 95 with value: 0.058988649398088455.
LOCAL_RANK: 0 - CUDA_VISIBLE_DEVICES: [0]
[I 2023-11-29 21:10:02,009] Trial 126 finished with value: 0.19046199321746826 and parameters: {'gradient_clip_val': 0.2622333909146714, 'hidden_size': 73, 'dropout': 0.18776119666320046, 'hidden_continuous_size': 37, 'attention_head_size': 1, 'learning_rate': 0.0505042337489659}. Best is trial 95 with value: 0.058988649398088455.
LOCAL_RANK: 0 - CUDA_VISIBLE_DEVICES: [0]
[I 2023-11-29 21:10:15,436] Trial 127 finished with value: 0.12207943201065063 and parameters: {'gradient_clip_val': 0.28218159838154505, 'hidden_size': 58, 'dropout': 0.20470085117399792, 'hidden_continuous_size': 33, 'attention_head_size': 1, 'learning_rate': 0.027457487974907414}. Best is trial 95 with value: 0.058988649398088455.
LOCAL_RANK: 0 - CUDA_VISIBLE_DEVICES: [0]
[I 2023-11-29 21:10:28,674] Trial 128 finished with value: 0.08142348378896713 and parameters: {'gradient_clip_val': 0.3337489415474855, 'hidden_size': 76, 'dropout': 0.2148624841422406, 'hidden_continuous_size': 28, 'attention_head_size': 1, 'learning_rate': 0.03328653389797867}. Best is trial 95 with value: 0.058988649398088455.
LOCAL_RANK: 0 - CUDA_VISIBLE_DEVICES: [0]
[I 2023-11-29 21:10:41,866] Trial 129 finished with value: 0.16437987983226776 and parameters: {'gradient_clip_val': 0.4714976404267434, 'hidden_size': 76, 'dropout': 0.21290421486630146, 'hidden_continuous_size': 26, 'attention_head_size': 1, 'learning_rate': 0.03438676568030604}. Best is trial 95 with value: 0.058988649398088455.
LOCAL_RANK: 0 - CUDA_VISIBLE_DEVICES: [0]
[I 2023-11-29 21:10:55,136] Trial 130 finished with value: 0.12134484201669693 and parameters: {'gradient_clip_val': 0.2318040743313137, 'hidden_size': 68, 'dropout': 0.21767967582426004, 'hidden_continuous_size': 27, 'attention_head_size': 1, 'learning_rate': 0.02338188136349018}. Best is trial 95 with value: 0.058988649398088455.
LOCAL_RANK: 0 - CUDA_VISIBLE_DEVICES: [0]
[I 2023-11-29 21:11:08,560] Trial 131 finished with value: 0.13182048499584198 and parameters: {'gradient_clip_val': 0.33812487194923085, 'hidden_size': 83, 'dropout': 0.2254770213978891, 'hidden_continuous_size': 29, 'attention_head_size': 1, 'learning_rate': 0.039498434582765335}. Best is trial 95 with value: 0.058988649398088455.
LOCAL_RANK: 0 - CUDA_VISIBLE_DEVICES: [0]
[I 2023-11-29 21:11:21,868] Trial 132 finished with value: 0.11310416460037231 and parameters: {'gradient_clip_val': 0.2589710219861865, 'hidden_size': 71, 'dropout': 0.20695704962192743, 'hidden_continuous_size': 25, 'attention_head_size': 1, 'learning_rate': 0.02843963170368572}. Best is trial 95 with value: 0.058988649398088455.
LOCAL_RANK: 0 - CUDA_VISIBLE_DEVICES: [0]
[I 2023-11-29 21:11:35,485] Trial 133 finished with value: 0.17076636850833893 and parameters: {'gradient_clip_val': 0.3228692212907614, 'hidden_size': 85, 'dropout': 0.15217570259144594, 'hidden_continuous_size': 30, 'attention_head_size': 1, 'learning_rate': 0.04343737100235985}. Best is trial 95 with value: 0.058988649398088455.
LOCAL_RANK: 0 - CUDA_VISIBLE_DEVICES: [0]
[I 2023-11-29 21:11:48,833] Trial 134 finished with value: 0.3754556179046631 and parameters: {'gradient_clip_val': 0.31068808364105027, 'hidden_size': 65, 'dropout': 0.23627573213854258, 'hidden_continuous_size': 28, 'attention_head_size': 1, 'learning_rate': 0.05610487750419304}. Best is trial 95 with value: 0.058988649398088455.
LOCAL_RANK: 0 - CUDA_VISIBLE_DEVICES: [0]
[I 2023-11-29 21:12:02,174] Trial 135 finished with value: 0.5798242092132568 and parameters: {'gradient_clip_val': 0.38595447957200607, 'hidden_size': 76, 'dropout': 0.18271248013202204, 'hidden_continuous_size': 28, 'attention_head_size': 3, 'learning_rate': 0.03211868257598938}. Best is trial 95 with value: 0.058988649398088455.
LOCAL_RANK: 0 - CUDA_VISIBLE_DEVICES: [0]
[I 2023-11-29 21:12:15,276] Trial 136 finished with value: 0.5398297309875488 and parameters: {'gradient_clip_val': 0.2899685111242122, 'hidden_size': 54, 'dropout': 0.1943700624339073, 'hidden_continuous_size': 31, 'attention_head_size': 1, 'learning_rate': 0.04759803382277334}. Best is trial 95 with value: 0.058988649398088455.
LOCAL_RANK: 0 - CUDA_VISIBLE_DEVICES: [0]
[I 2023-11-29 21:12:28,473] Trial 137 finished with value: 0.13521133363246918 and parameters: {'gradient_clip_val': 0.34677662204264165, 'hidden_size': 51, 'dropout': 0.17441697103343848, 'hidden_continuous_size': 34, 'attention_head_size': 1, 'learning_rate': 0.03837414141071343}. Best is trial 95 with value: 0.058988649398088455.
LOCAL_RANK: 0 - CUDA_VISIBLE_DEVICES: [0]
