[I 2023-11-30 11:03:39,066] Trial 11 finished with value: 11.9295072555542 and parameters: {'gradient_clip_val': 0.8576464751766637, 'hidden_size': 143, 'dropout': 0.13996769087265332, 'hidden_continuous_size': 137, 'attention_head_size': 4, 'learning_rate': 0.0010248344421215977}. Best is trial 5 with value: 11.535965919494629.
LOCAL_RANK: 0 - CUDA_VISIBLE_DEVICES: [0]
[I 2023-11-30 11:03:52,895] Trial 12 finished with value: 24.998313903808594 and parameters: {'gradient_clip_val': 0.9166932069832638, 'hidden_size': 102, 'dropout': 0.10504474837015834, 'hidden_continuous_size': 25, 'attention_head_size': 3, 'learning_rate': 0.0010097026106801225}. Best is trial 5 with value: 11.535965919494629.
LOCAL_RANK: 0 - CUDA_VISIBLE_DEVICES: [0]
[I 2023-11-30 11:04:06,585] Trial 13 finished with value: 15.180846214294434 and parameters: {'gradient_clip_val': 0.6272543331784662, 'hidden_size': 95, 'dropout': 0.17385096599031266, 'hidden_continuous_size': 19, 'attention_head_size': 4, 'learning_rate': 0.002156136318911286}. Best is trial 5 with value: 11.535965919494629.
LOCAL_RANK: 0 - CUDA_VISIBLE_DEVICES: [0]
[I 2023-11-30 11:04:20,388] Trial 14 finished with value: 14.110297203063965 and parameters: {'gradient_clip_val': 0.5817901660185953, 'hidden_size': 91, 'dropout': 0.18067861951685382, 'hidden_continuous_size': 33, 'attention_head_size': 3, 'learning_rate': 0.0019436015392521424}. Best is trial 5 with value: 11.535965919494629.
LOCAL_RANK: 0 - CUDA_VISIBLE_DEVICES: [0]
[I 2023-11-30 11:04:35,212] Trial 15 finished with value: 11.239911079406738 and parameters: {'gradient_clip_val': 0.5884712939181606, 'hidden_size': 141, 'dropout': 0.2457072395511797, 'hidden_continuous_size': 126, 'attention_head_size': 4, 'learning_rate': 0.0027595927474994343}. Best is trial 15 with value: 11.239911079406738.
LOCAL_RANK: 0 - CUDA_VISIBLE_DEVICES: [0]
[I 2023-11-30 11:04:48,499] Trial 16 finished with value: 17.419858932495117 and parameters: {'gradient_clip_val': 0.4014932039522769, 'hidden_size': 61, 'dropout': 0.25711299828374296, 'hidden_continuous_size': 15, 'attention_head_size': 4, 'learning_rate': 0.003448014161247266}. Best is trial 15 with value: 11.239911079406738.
LOCAL_RANK: 0 - CUDA_VISIBLE_DEVICES: [0]
[I 2023-11-30 11:05:02,592] Trial 17 finished with value: 11.16364574432373 and parameters: {'gradient_clip_val': 0.495917505628946, 'hidden_size': 108, 'dropout': 0.23681271715869776, 'hidden_continuous_size': 79, 'attention_head_size': 2, 'learning_rate': 0.00329225186554746}. Best is trial 17 with value: 11.16364574432373.
LOCAL_RANK: 0 - CUDA_VISIBLE_DEVICES: [0]
[I 2023-11-30 11:05:16,725] Trial 18 finished with value: 11.679191589355469 and parameters: {'gradient_clip_val': 0.4087622407970196, 'hidden_size': 103, 'dropout': 0.23190716614472137, 'hidden_continuous_size': 88, 'attention_head_size': 2, 'learning_rate': 0.00320209402837997}. Best is trial 17 with value: 11.16364574432373.
LOCAL_RANK: 0 - CUDA_VISIBLE_DEVICES: [0]
[I 2023-11-30 11:05:30,325] Trial 19 finished with value: 22.348482131958008 and parameters: {'gradient_clip_val': 0.45844175238100304, 'hidden_size': 72, 'dropout': 0.2776721901190339, 'hidden_continuous_size': 57, 'attention_head_size': 2, 'learning_rate': 0.0016537442060566825}. Best is trial 17 with value: 11.16364574432373.
LOCAL_RANK: 0 - CUDA_VISIBLE_DEVICES: [0]
[I 2023-11-30 11:05:43,531] Trial 20 finished with value: 15.207301139831543 and parameters: {'gradient_clip_val': 0.2733931280596333, 'hidden_size': 47, 'dropout': 0.1969158356400929, 'hidden_continuous_size': 36, 'attention_head_size': 3, 'learning_rate': 0.004654823342620852}. Best is trial 17 with value: 11.16364574432373.
LOCAL_RANK: 0 - CUDA_VISIBLE_DEVICES: [0]
[I 2023-11-30 11:05:58,049] Trial 21 finished with value: 11.316828727722168 and parameters: {'gradient_clip_val': 0.6875672115867919, 'hidden_size': 119, 'dropout': 0.23106693797152994, 'hidden_continuous_size': 84, 'attention_head_size': 2, 'learning_rate': 0.0029583812918309877}. Best is trial 17 with value: 11.16364574432373.
LOCAL_RANK: 0 - CUDA_VISIBLE_DEVICES: [0]
[I 2023-11-30 11:06:12,348] Trial 22 finished with value: 11.160057067871094 and parameters: {'gradient_clip_val': 0.7386007458097417, 'hidden_size': 118, 'dropout': 0.24294052475361005, 'hidden_continuous_size': 84, 'attention_head_size': 2, 'learning_rate': 0.003527542315937481}. Best is trial 22 with value: 11.160057067871094.
LOCAL_RANK: 0 - CUDA_VISIBLE_DEVICES: [0]
[I 2023-11-30 11:06:26,460] Trial 23 finished with value: 10.82364273071289 and parameters: {'gradient_clip_val': 0.7614598891488822, 'hidden_size': 81, 'dropout': 0.24799143687664554, 'hidden_continuous_size': 65, 'attention_head_size': 2, 'learning_rate': 0.0045118675589567855}. Best is trial 23 with value: 10.82364273071289.
LOCAL_RANK: 0 - CUDA_VISIBLE_DEVICES: [0]
[I 2023-11-30 11:06:39,939] Trial 24 finished with value: 11.100506782531738 and parameters: {'gradient_clip_val': 0.7783909819787829, 'hidden_size': 81, 'dropout': 0.2825568776700327, 'hidden_continuous_size': 42, 'attention_head_size': 2, 'learning_rate': 0.004630297340560155}. Best is trial 23 with value: 10.82364273071289.
LOCAL_RANK: 0 - CUDA_VISIBLE_DEVICES: [0]
[I 2023-11-30 11:06:53,575] Trial 25 finished with value: 10.646832466125488 and parameters: {'gradient_clip_val': 0.7603187350572491, 'hidden_size': 79, 'dropout': 0.28248322406569204, 'hidden_continuous_size': 44, 'attention_head_size': 1, 'learning_rate': 0.006028687567556925}. Best is trial 25 with value: 10.646832466125488.
LOCAL_RANK: 0 - CUDA_VISIBLE_DEVICES: [0]
[I 2023-11-30 11:07:07,300] Trial 26 finished with value: 10.886139869689941 and parameters: {'gradient_clip_val': 0.7849066746073252, 'hidden_size': 82, 'dropout': 0.27600671650955266, 'hidden_continuous_size': 44, 'attention_head_size': 1, 'learning_rate': 0.012020857474062303}. Best is trial 25 with value: 10.646832466125488.
LOCAL_RANK: 0 - CUDA_VISIBLE_DEVICES: [0]
[I 2023-11-30 11:07:20,653] Trial 27 finished with value: 9.980278968811035 and parameters: {'gradient_clip_val': 0.8194504337641203, 'hidden_size': 80, 'dropout': 0.2747632391301637, 'hidden_continuous_size': 42, 'attention_head_size': 1, 'learning_rate': 0.01294239627524467}. Best is trial 27 with value: 9.980278968811035.
LOCAL_RANK: 0 - CUDA_VISIBLE_DEVICES: [0]
[I 2023-11-30 11:07:34,029] Trial 28 finished with value: 10.575247764587402 and parameters: {'gradient_clip_val': 0.9883465176696155, 'hidden_size': 74, 'dropout': 0.33861890813063666, 'hidden_continuous_size': 33, 'attention_head_size': 1, 'learning_rate': 0.011770689627778571}. Best is trial 27 with value: 9.980278968811035.
LOCAL_RANK: 0 - CUDA_VISIBLE_DEVICES: [0]
[I 2023-11-30 11:07:47,084] Trial 29 finished with value: 10.809901237487793 and parameters: {'gradient_clip_val': 0.9433171324320686, 'hidden_size': 53, 'dropout': 0.34587171014938317, 'hidden_continuous_size': 31, 'attention_head_size': 1, 'learning_rate': 0.022695552203934346}. Best is trial 27 with value: 9.980278968811035.
LOCAL_RANK: 0 - CUDA_VISIBLE_DEVICES: [0]
[I 2023-11-30 11:08:00,452] Trial 30 finished with value: 10.591391563415527 and parameters: {'gradient_clip_val': 0.9050094999048007, 'hidden_size': 71, 'dropout': 0.3419422185725123, 'hidden_continuous_size': 39, 'attention_head_size': 1, 'learning_rate': 0.011267792545065682}. Best is trial 27 with value: 9.980278968811035.
LOCAL_RANK: 0 - CUDA_VISIBLE_DEVICES: [0]
[I 2023-11-30 11:08:14,036] Trial 31 finished with value: 10.67713451385498 and parameters: {'gradient_clip_val': 0.8594145340226805, 'hidden_size': 69, 'dropout': 0.33866147151701864, 'hidden_continuous_size': 39, 'attention_head_size': 1, 'learning_rate': 0.01196015766658606}. Best is trial 27 with value: 9.980278968811035.
LOCAL_RANK: 0 - CUDA_VISIBLE_DEVICES: [0]
[I 2023-11-30 11:08:26,927] Trial 32 finished with value: 10.888205528259277 and parameters: {'gradient_clip_val': 0.9880651995913529, 'hidden_size': 47, 'dropout': 0.35794361699554295, 'hidden_continuous_size': 30, 'attention_head_size': 1, 'learning_rate': 0.017371851929066536}. Best is trial 27 with value: 9.980278968811035.
LOCAL_RANK: 0 - CUDA_VISIBLE_DEVICES: [0]
[I 2023-11-30 11:08:40,323] Trial 33 finished with value: 10.627102851867676 and parameters: {'gradient_clip_val': 0.9977957123900635, 'hidden_size': 70, 'dropout': 0.31279201767696907, 'hidden_continuous_size': 37, 'attention_head_size': 1, 'learning_rate': 0.006922521225960131}. Best is trial 27 with value: 9.980278968811035.
LOCAL_RANK: 0 - CUDA_VISIBLE_DEVICES: [0]
[I 2023-11-30 11:08:53,503] Trial 34 finished with value: 11.109301567077637 and parameters: {'gradient_clip_val': 0.8589987501213713, 'hidden_size': 59, 'dropout': 0.3131436458012194, 'hidden_continuous_size': 29, 'attention_head_size': 1, 'learning_rate': 0.008204827624980553}. Best is trial 27 with value: 9.980278968811035.
LOCAL_RANK: 0 - CUDA_VISIBLE_DEVICES: [0]
[I 2023-11-30 11:09:06,759] Trial 35 finished with value: 10.807624816894531 and parameters: {'gradient_clip_val': 0.9785883416237148, 'hidden_size': 68, 'dropout': 0.3255413824639773, 'hidden_continuous_size': 35, 'attention_head_size': 1, 'learning_rate': 0.029226440437894217}. Best is trial 27 with value: 9.980278968811035.
LOCAL_RANK: 0 - CUDA_VISIBLE_DEVICES: [0]
[I 2023-11-30 11:09:20,036] Trial 36 finished with value: 11.37362003326416 and parameters: {'gradient_clip_val': 0.6656202197919129, 'hidden_size': 53, 'dropout': 0.29702798078279863, 'hidden_continuous_size': 37, 'attention_head_size': 1, 'learning_rate': 0.0067243692143583}. Best is trial 27 with value: 9.980278968811035.
LOCAL_RANK: 0 - CUDA_VISIBLE_DEVICES: [0]
[I 2023-11-30 11:09:33,445] Trial 37 finished with value: 10.829383850097656 and parameters: {'gradient_clip_val': 0.846345500555484, 'hidden_size': 89, 'dropout': 0.3634889930891067, 'hidden_continuous_size': 26, 'attention_head_size': 1, 'learning_rate': 0.009360966604809522}. Best is trial 27 with value: 9.980278968811035.
LOCAL_RANK: 0 - CUDA_VISIBLE_DEVICES: [0]
[I 2023-11-30 11:09:46,793] Trial 38 finished with value: 10.351521492004395 and parameters: {'gradient_clip_val': 0.6912146804288155, 'hidden_size': 74, 'dropout': 0.3351137759330955, 'hidden_continuous_size': 40, 'attention_head_size': 1, 'learning_rate': 0.011650024941892996}. Best is trial 27 with value: 9.980278968811035.
LOCAL_RANK: 0 - CUDA_VISIBLE_DEVICES: [0]
[I 2023-11-30 11:09:59,778] Trial 39 finished with value: 11.42297077178955 and parameters: {'gradient_clip_val': 0.6922116406756422, 'hidden_size': 45, 'dropout': 0.3292328948185301, 'hidden_continuous_size': 33, 'attention_head_size': 1, 'learning_rate': 0.011258056439966026}. Best is trial 27 with value: 9.980278968811035.
LOCAL_RANK: 0 - CUDA_VISIBLE_DEVICES: [0]
[I 2023-11-30 11:10:12,895] Trial 40 finished with value: 11.0667085647583 and parameters: {'gradient_clip_val': 0.6432006660593322, 'hidden_size': 60, 'dropout': 0.37804128509577317, 'hidden_continuous_size': 29, 'attention_head_size': 1, 'learning_rate': 0.01390855882180952}. Best is trial 27 with value: 9.980278968811035.
LOCAL_RANK: 0 - CUDA_VISIBLE_DEVICES: [0]
[I 2023-11-30 11:10:26,517] Trial 41 finished with value: 10.652609825134277 and parameters: {'gradient_clip_val': 0.995016850429977, 'hidden_size': 73, 'dropout': 0.34641493729785316, 'hidden_continuous_size': 40, 'attention_head_size': 1, 'learning_rate': 0.008854042088312216}. Best is trial 27 with value: 9.980278968811035.
LOCAL_RANK: 0 - CUDA_VISIBLE_DEVICES: [0]
[I 2023-11-30 11:10:39,965] Trial 42 finished with value: 10.480274200439453 and parameters: {'gradient_clip_val': 0.8499899271565831, 'hidden_size': 69, 'dropout': 0.3172689034692345, 'hidden_continuous_size': 46, 'attention_head_size': 1, 'learning_rate': 0.006692934728103834}. Best is trial 27 with value: 9.980278968811035.
LOCAL_RANK: 0 - CUDA_VISIBLE_DEVICES: [0]
[I 2023-11-30 11:10:53,525] Trial 43 finished with value: 11.028060913085938 and parameters: {'gradient_clip_val': 0.8399901091580337, 'hidden_size': 89, 'dropout': 0.29855048893335384, 'hidden_continuous_size': 48, 'attention_head_size': 1, 'learning_rate': 0.01026303260297956}. Best is trial 27 with value: 9.980278968811035.
LOCAL_RANK: 0 - CUDA_VISIBLE_DEVICES: [0]
[I 2023-11-30 11:11:06,800] Trial 44 finished with value: 10.61314582824707 and parameters: {'gradient_clip_val': 0.868880213881493, 'hidden_size': 63, 'dropout': 0.3211093931560074, 'hidden_continuous_size': 40, 'attention_head_size': 1, 'learning_rate': 0.015095403491335526}. Best is trial 27 with value: 9.980278968811035.
LOCAL_RANK: 0 - CUDA_VISIBLE_DEVICES: [0]
[I 2023-11-30 11:11:19,278] Trial 45 finished with value: 10.830597877502441 and parameters: {'gradient_clip_val': 0.7067219124650188, 'hidden_size': 36, 'dropout': 0.33550048406964045, 'hidden_continuous_size': 31, 'attention_head_size': 1, 'learning_rate': 0.01925517880826034}. Best is trial 27 with value: 9.980278968811035.
LOCAL_RANK: 0 - CUDA_VISIBLE_DEVICES: [0]
[I 2023-11-30 11:11:32,843] Trial 46 finished with value: 11.061739921569824 and parameters: {'gradient_clip_val': 0.8079127239432868, 'hidden_size': 75, 'dropout': 0.30326938465466813, 'hidden_continuous_size': 45, 'attention_head_size': 1, 'learning_rate': 0.012910870186605203}. Best is trial 27 with value: 9.980278968811035.
LOCAL_RANK: 0 - CUDA_VISIBLE_DEVICES: [0]
[I 2023-11-30 11:11:46,362] Trial 47 finished with value: 10.939366340637207 and parameters: {'gradient_clip_val': 0.8997667553975854, 'hidden_size': 54, 'dropout': 0.3963506720463742, 'hidden_continuous_size': 39, 'attention_head_size': 1, 'learning_rate': 0.009449450229501378}. Best is trial 27 with value: 9.980278968811035.
LOCAL_RANK: 0 - CUDA_VISIBLE_DEVICES: [0]
[I 2023-11-30 11:12:00,308] Trial 48 finished with value: 10.600722312927246 and parameters: {'gradient_clip_val': 0.5942226423646064, 'hidden_size': 94, 'dropout': 0.3197865607990968, 'hidden_continuous_size': 50, 'attention_head_size': 2, 'learning_rate': 0.007469829414964584}. Best is trial 27 with value: 9.980278968811035.
LOCAL_RANK: 0 - CUDA_VISIBLE_DEVICES: [0]
[I 2023-11-30 11:12:13,665] Trial 49 finished with value: 11.004767417907715 and parameters: {'gradient_clip_val': 0.770486006906208, 'hidden_size': 65, 'dropout': 0.3617623238784313, 'hidden_continuous_size': 42, 'attention_head_size': 1, 'learning_rate': 0.0056274418488066035}. Best is trial 27 with value: 9.980278968811035.
LOCAL_RANK: 0 - CUDA_VISIBLE_DEVICES: [0]
[I 2023-11-30 11:12:27,367] Trial 50 finished with value: 10.384428977966309 and parameters: {'gradient_clip_val': 0.5506084351565916, 'hidden_size': 86, 'dropout': 0.29240997179650036, 'hidden_continuous_size': 47, 'attention_head_size': 1, 'learning_rate': 0.010959585017041135}. Best is trial 27 with value: 9.980278968811035.
LOCAL_RANK: 0 - CUDA_VISIBLE_DEVICES: [0]
[I 2023-11-30 11:12:40,876] Trial 51 finished with value: 11.45733642578125 and parameters: {'gradient_clip_val': 0.5418979476472588, 'hidden_size': 80, 'dropout': 0.29239110269865803, 'hidden_continuous_size': 46, 'attention_head_size': 1, 'learning_rate': 0.010706145483805734}. Best is trial 27 with value: 9.980278968811035.
LOCAL_RANK: 0 - CUDA_VISIBLE_DEVICES: [0]
[I 2023-11-30 11:12:54,806] Trial 52 finished with value: 10.671521186828613 and parameters: {'gradient_clip_val': 0.7029769680635498, 'hidden_size': 100, 'dropout': 0.26235797940943256, 'hidden_continuous_size': 50, 'attention_head_size': 1, 'learning_rate': 0.013700177608481431}. Best is trial 27 with value: 9.980278968811035.
LOCAL_RANK: 0 - CUDA_VISIBLE_DEVICES: [0]
[I 2023-11-30 11:13:08,454] Trial 53 finished with value: 10.956538200378418 and parameters: {'gradient_clip_val': 0.643022737420424, 'hidden_size': 88, 'dropout': 0.3095598785997419, 'hidden_continuous_size': 55, 'attention_head_size': 1, 'learning_rate': 0.008592530339377838}. Best is trial 27 with value: 9.980278968811035.
LOCAL_RANK: 0 - CUDA_VISIBLE_DEVICES: [0]
[I 2023-11-30 11:13:22,448] Trial 54 finished with value: 10.646002769470215 and parameters: {'gradient_clip_val': 0.7182692343041411, 'hidden_size': 115, 'dropout': 0.29117539917946594, 'hidden_continuous_size': 57, 'attention_head_size': 1, 'learning_rate': 0.007147728379051917}. Best is trial 27 with value: 9.980278968811035.
LOCAL_RANK: 0 - CUDA_VISIBLE_DEVICES: [0]
[I 2023-11-30 11:13:35,989] Trial 55 finished with value: 11.565899848937988 and parameters: {'gradient_clip_val': 0.9151037197253655, 'hidden_size': 76, 'dropout': 0.31987145974986797, 'hidden_continuous_size': 47, 'attention_head_size': 1, 'learning_rate': 0.014992197656468169}. Best is trial 27 with value: 9.980278968811035.
LOCAL_RANK: 0 - CUDA_VISIBLE_DEVICES: [0]
[I 2023-11-30 11:13:49,760] Trial 56 finished with value: 10.6600980758667 and parameters: {'gradient_clip_val': 0.5605806754754298, 'hidden_size': 100, 'dropout': 0.26548079732082797, 'hidden_continuous_size': 35, 'attention_head_size': 2, 'learning_rate': 0.010415848624034258}. Best is trial 27 with value: 9.980278968811035.
LOCAL_RANK: 0 - CUDA_VISIBLE_DEVICES: [0]
[I 2023-11-30 11:14:03,409] Trial 57 finished with value: 11.924248695373535 and parameters: {'gradient_clip_val': 0.8133127088170495, 'hidden_size': 66, 'dropout': 0.32915287528188203, 'hidden_continuous_size': 42, 'attention_head_size': 2, 'learning_rate': 0.0062288539034762265}. Best is trial 27 with value: 9.980278968811035.
LOCAL_RANK: 0 - CUDA_VISIBLE_DEVICES: [0]
[I 2023-11-30 11:14:17,530] Trial 58 finished with value: 10.905472755432129 and parameters: {'gradient_clip_val': 0.6157559582169488, 'hidden_size': 129, 'dropout': 0.308868730744979, 'hidden_continuous_size': 24, 'attention_head_size': 3, 'learning_rate': 0.020440067350790285}. Best is trial 27 with value: 9.980278968811035.
LOCAL_RANK: 0 - CUDA_VISIBLE_DEVICES: [0]
[I 2023-11-30 11:14:31,084] Trial 59 finished with value: 10.476278305053711 and parameters: {'gradient_clip_val': 0.9094546981646147, 'hidden_size': 86, 'dropout': 0.3464049815433772, 'hidden_continuous_size': 33, 'attention_head_size': 1, 'learning_rate': 0.01685512159148027}. Best is trial 27 with value: 9.980278968811035.
LOCAL_RANK: 0 - CUDA_VISIBLE_DEVICES: [0]
[I 2023-11-30 11:14:44,987] Trial 60 finished with value: 12.175971984863281 and parameters: {'gradient_clip_val': 0.7242966354846622, 'hidden_size': 106, 'dropout': 0.34780300966972144, 'hidden_continuous_size': 53, 'attention_head_size': 1, 'learning_rate': 0.0248578818668341}. Best is trial 27 with value: 9.980278968811035.
LOCAL_RANK: 0 - CUDA_VISIBLE_DEVICES: [0]
[I 2023-11-30 11:14:58,423] Trial 61 finished with value: 11.91010570526123 and parameters: {'gradient_clip_val': 0.9218274396512797, 'hidden_size': 84, 'dropout': 0.3372881884142258, 'hidden_continuous_size': 35, 'attention_head_size': 1, 'learning_rate': 0.012762472105434484}. Best is trial 27 with value: 9.980278968811035.
LOCAL_RANK: 0 - CUDA_VISIBLE_DEVICES: [0]
[I 2023-11-30 11:15:12,189] Trial 62 finished with value: 10.435065269470215 and parameters: {'gradient_clip_val': 0.9123744520062106, 'hidden_size': 93, 'dropout': 0.37040454560834013, 'hidden_continuous_size': 33, 'attention_head_size': 1, 'learning_rate': 0.01749231823880514}. Best is trial 27 with value: 9.980278968811035.
LOCAL_RANK: 0 - CUDA_VISIBLE_DEVICES: [0]
[I 2023-11-30 11:15:26,307] Trial 63 finished with value: 10.761738777160645 and parameters: {'gradient_clip_val': 0.7832250305864614, 'hidden_size': 95, 'dropout': 0.36082933323515454, 'hidden_continuous_size': 33, 'attention_head_size': 1, 'learning_rate': 0.01705196451441246}. Best is trial 27 with value: 9.980278968811035.
LOCAL_RANK: 0 - CUDA_VISIBLE_DEVICES: [0]
[I 2023-11-30 11:15:39,813] Trial 64 finished with value: 10.682700157165527 and parameters: {'gradient_clip_val': 0.8213882361445799, 'hidden_size': 85, 'dropout': 0.37652409622567645, 'hidden_continuous_size': 33, 'attention_head_size': 1, 'learning_rate': 0.015365701861997}. Best is trial 27 with value: 9.980278968811035.
LOCAL_RANK: 0 - CUDA_VISIBLE_DEVICES: [0]
[I 2023-11-30 11:15:53,560] Trial 65 finished with value: 10.682239532470703 and parameters: {'gradient_clip_val': 0.9279604890127884, 'hidden_size': 113, 'dropout': 0.3528353141139425, 'hidden_continuous_size': 28, 'attention_head_size': 1, 'learning_rate': 0.01889330596157151}. Best is trial 27 with value: 9.980278968811035.
LOCAL_RANK: 0 - CUDA_VISIBLE_DEVICES: [0]
[I 2023-11-30 11:16:07,408] Trial 66 finished with value: 11.122971534729004 and parameters: {'gradient_clip_val': 0.6686324798754735, 'hidden_size': 132, 'dropout': 0.33203919076927085, 'hidden_continuous_size': 28, 'attention_head_size': 1, 'learning_rate': 0.007850419258080457}. Best is trial 27 with value: 9.980278968811035.
LOCAL_RANK: 0 - CUDA_VISIBLE_DEVICES: [0]
[I 2023-11-30 11:16:21,163] Trial 67 finished with value: 10.921732902526855 and parameters: {'gradient_clip_val': 0.7432590697723083, 'hidden_size': 100, 'dropout': 0.3682993616516736, 'hidden_continuous_size': 43, 'attention_head_size': 1, 'learning_rate': 0.016494552055040065}. Best is trial 27 with value: 9.980278968811035.
LOCAL_RANK: 0 - CUDA_VISIBLE_DEVICES: [0]
[I 2023-11-30 11:16:34,930] Trial 68 finished with value: 10.779961585998535 and parameters: {'gradient_clip_val': 0.8834732926949278, 'hidden_size': 75, 'dropout': 0.3524709053180958, 'hidden_continuous_size': 37, 'attention_head_size': 2, 'learning_rate': 0.012571299689097435}. Best is trial 27 with value: 9.980278968811035.
LOCAL_RANK: 0 - CUDA_VISIBLE_DEVICES: [0]
[I 2023-11-30 11:16:48,745] Trial 69 finished with value: 10.111815452575684 and parameters: {'gradient_clip_val': 0.8046001141034327, 'hidden_size': 90, 'dropout': 0.3414752732737805, 'hidden_continuous_size': 47, 'attention_head_size': 2, 'learning_rate': 0.009813187522529111}. Best is trial 27 with value: 9.980278968811035.
LOCAL_RANK: 0 - CUDA_VISIBLE_DEVICES: [0]
