[I 2023-11-30 06:46:45,041] Trial 47 finished with value: 4.428084850311279 and parameters: {'gradient_clip_val': 0.31414064249406104, 'hidden_size': 56, 'dropout': 0.34835330971673123, 'hidden_continuous_size': 23, 'attention_head_size': 2, 'learning_rate': 0.08722502588334896}. Best is trial 38 with value: 3.8432722091674805.
LOCAL_RANK: 0 - CUDA_VISIBLE_DEVICES: [0]
[I 2023-11-30 06:46:58,478] Trial 48 finished with value: 4.186193943023682 and parameters: {'gradient_clip_val': 0.10024592471045614, 'hidden_size': 68, 'dropout': 0.38514307841413575, 'hidden_continuous_size': 26, 'attention_head_size': 4, 'learning_rate': 0.04884679279806175}. Best is trial 38 with value: 3.8432722091674805.
LOCAL_RANK: 0 - CUDA_VISIBLE_DEVICES: [0]
[I 2023-11-30 06:47:12,003] Trial 49 finished with value: 4.797868251800537 and parameters: {'gradient_clip_val': 0.14207367176863878, 'hidden_size': 83, 'dropout': 0.3641162457888279, 'hidden_continuous_size': 17, 'attention_head_size': 3, 'learning_rate': 0.08725691161467826}. Best is trial 38 with value: 3.8432722091674805.
LOCAL_RANK: 0 - CUDA_VISIBLE_DEVICES: [0]
[I 2023-11-30 06:47:26,031] Trial 50 finished with value: 5.074608325958252 and parameters: {'gradient_clip_val': 0.26100539399279465, 'hidden_size': 111, 'dropout': 0.3354595939948736, 'hidden_continuous_size': 53, 'attention_head_size': 1, 'learning_rate': 0.09859721018181608}. Best is trial 38 with value: 3.8432722091674805.
LOCAL_RANK: 0 - CUDA_VISIBLE_DEVICES: [0]
[I 2023-11-30 06:47:39,613] Trial 51 finished with value: 5.168577671051025 and parameters: {'gradient_clip_val': 0.10117266288947938, 'hidden_size': 69, 'dropout': 0.3842433107323833, 'hidden_continuous_size': 26, 'attention_head_size': 4, 'learning_rate': 0.046215769803725305}. Best is trial 38 with value: 3.8432722091674805.
LOCAL_RANK: 0 - CUDA_VISIBLE_DEVICES: [0]
[I 2023-11-30 06:47:52,726] Trial 52 finished with value: 5.333205223083496 and parameters: {'gradient_clip_val': 0.11675483825226855, 'hidden_size': 60, 'dropout': 0.35128650904361874, 'hidden_continuous_size': 21, 'attention_head_size': 4, 'learning_rate': 0.054821203001152084}. Best is trial 38 with value: 3.8432722091674805.
LOCAL_RANK: 0 - CUDA_VISIBLE_DEVICES: [0]
[I 2023-11-30 06:48:05,827] Trial 53 finished with value: 4.746662616729736 and parameters: {'gradient_clip_val': 0.11650080900430021, 'hidden_size': 49, 'dropout': 0.389118341467597, 'hidden_continuous_size': 20, 'attention_head_size': 4, 'learning_rate': 0.06254981477873177}. Best is trial 38 with value: 3.8432722091674805.
LOCAL_RANK: 0 - CUDA_VISIBLE_DEVICES: [0]
[I 2023-11-30 06:48:19,034] Trial 54 finished with value: 4.56634521484375 and parameters: {'gradient_clip_val': 0.15260490757334316, 'hidden_size': 76, 'dropout': 0.37064555884379935, 'hidden_continuous_size': 24, 'attention_head_size': 2, 'learning_rate': 0.037950009267658194}. Best is trial 38 with value: 3.8432722091674805.
LOCAL_RANK: 0 - CUDA_VISIBLE_DEVICES: [0]
[I 2023-11-30 06:48:32,542] Trial 55 finished with value: 4.905551910400391 and parameters: {'gradient_clip_val': 0.12933001916253406, 'hidden_size': 62, 'dropout': 0.38853678418000626, 'hidden_continuous_size': 26, 'attention_head_size': 4, 'learning_rate': 0.04550796594998963}. Best is trial 38 with value: 3.8432722091674805.
LOCAL_RANK: 0 - CUDA_VISIBLE_DEVICES: [0]
[I 2023-11-30 06:48:45,854] Trial 56 finished with value: 4.552354335784912 and parameters: {'gradient_clip_val': 0.11175566552365943, 'hidden_size': 69, 'dropout': 0.36620269863076893, 'hidden_continuous_size': 31, 'attention_head_size': 3, 'learning_rate': 0.07700581716393046}. Best is trial 38 with value: 3.8432722091674805.
LOCAL_RANK: 0 - CUDA_VISIBLE_DEVICES: [0]
[I 2023-11-30 06:48:59,325] Trial 57 finished with value: 5.184586048126221 and parameters: {'gradient_clip_val': 0.10362011870383768, 'hidden_size': 89, 'dropout': 0.3992054705531385, 'hidden_continuous_size': 29, 'attention_head_size': 2, 'learning_rate': 0.06494803894588332}. Best is trial 38 with value: 3.8432722091674805.
LOCAL_RANK: 0 - CUDA_VISIBLE_DEVICES: [0]
[I 2023-11-30 06:49:13,137] Trial 58 finished with value: 4.3553338050842285 and parameters: {'gradient_clip_val': 0.19499647363997086, 'hidden_size': 102, 'dropout': 0.3492789736145812, 'hidden_continuous_size': 34, 'attention_head_size': 1, 'learning_rate': 0.04925522011810141}. Best is trial 38 with value: 3.8432722091674805.
LOCAL_RANK: 0 - CUDA_VISIBLE_DEVICES: [0]
[I 2023-11-30 06:49:27,275] Trial 59 finished with value: 4.601080417633057 and parameters: {'gradient_clip_val': 0.1735414975089063, 'hidden_size': 128, 'dropout': 0.3311455713365749, 'hidden_continuous_size': 42, 'attention_head_size': 3, 'learning_rate': 0.08436041942251833}. Best is trial 38 with value: 3.8432722091674805.
LOCAL_RANK: 0 - CUDA_VISIBLE_DEVICES: [0]
[I 2023-11-30 06:49:40,176] Trial 60 finished with value: 5.004518032073975 and parameters: {'gradient_clip_val': 0.1474028289611985, 'hidden_size': 54, 'dropout': 0.37352546505910045, 'hidden_continuous_size': 24, 'attention_head_size': 1, 'learning_rate': 0.059045532752047165}. Best is trial 38 with value: 3.8432722091674805.
LOCAL_RANK: 0 - CUDA_VISIBLE_DEVICES: [0]
[I 2023-11-30 06:49:53,633] Trial 61 finished with value: 4.970482349395752 and parameters: {'gradient_clip_val': 0.2455466782425502, 'hidden_size': 70, 'dropout': 0.28805428201880884, 'hidden_continuous_size': 27, 'attention_head_size': 3, 'learning_rate': 0.045068484048591685}. Best is trial 38 with value: 3.8432722091674805.
LOCAL_RANK: 0 - CUDA_VISIBLE_DEVICES: [0]
[I 2023-11-30 06:50:06,930] Trial 62 finished with value: 4.668102741241455 and parameters: {'gradient_clip_val': 0.2896687163458355, 'hidden_size': 76, 'dropout': 0.29466847337483515, 'hidden_continuous_size': 25, 'attention_head_size': 3, 'learning_rate': 0.036685609149302016}. Best is trial 38 with value: 3.8432722091674805.
LOCAL_RANK: 0 - CUDA_VISIBLE_DEVICES: [0]
[I 2023-11-30 06:50:20,192] Trial 63 finished with value: 4.620260715484619 and parameters: {'gradient_clip_val': 0.22890709185759567, 'hidden_size': 64, 'dropout': 0.30779834863845157, 'hidden_continuous_size': 22, 'attention_head_size': 3, 'learning_rate': 0.07086443178430268}. Best is trial 38 with value: 3.8432722091674805.
LOCAL_RANK: 0 - CUDA_VISIBLE_DEVICES: [0]
[I 2023-11-30 06:50:34,016] Trial 64 finished with value: 5.0086469650268555 and parameters: {'gradient_clip_val': 0.32556535654033963, 'hidden_size': 97, 'dropout': 0.3209802560802172, 'hidden_continuous_size': 30, 'attention_head_size': 2, 'learning_rate': 0.030576783722424835}. Best is trial 38 with value: 3.8432722091674805.
LOCAL_RANK: 0 - CUDA_VISIBLE_DEVICES: [0]
[I 2023-11-30 06:50:47,629] Trial 65 finished with value: 4.749768257141113 and parameters: {'gradient_clip_val': 0.2691048577201156, 'hidden_size': 86, 'dropout': 0.35697699771674, 'hidden_continuous_size': 32, 'attention_head_size': 3, 'learning_rate': 0.05364774153661671}. Best is trial 38 with value: 3.8432722091674805.
LOCAL_RANK: 0 - CUDA_VISIBLE_DEVICES: [0]
[I 2023-11-30 06:51:00,930] Trial 66 finished with value: 4.922402858734131 and parameters: {'gradient_clip_val': 0.3703618816700283, 'hidden_size': 58, 'dropout': 0.33913242285820766, 'hidden_continuous_size': 27, 'attention_head_size': 3, 'learning_rate': 0.0816747858424261}. Best is trial 38 with value: 3.8432722091674805.
LOCAL_RANK: 0 - CUDA_VISIBLE_DEVICES: [0]
[I 2023-11-30 06:51:14,632] Trial 67 finished with value: 5.39459753036499 and parameters: {'gradient_clip_val': 0.3119791214159798, 'hidden_size': 79, 'dropout': 0.27855139295290265, 'hidden_continuous_size': 37, 'attention_head_size': 4, 'learning_rate': 0.09975412513923512}. Best is trial 38 with value: 3.8432722091674805.
LOCAL_RANK: 0 - CUDA_VISIBLE_DEVICES: [0]
[I 2023-11-30 06:51:28,297] Trial 68 finished with value: 4.787845134735107 and parameters: {'gradient_clip_val': 0.20823735064420895, 'hidden_size': 108, 'dropout': 0.3146473551913142, 'hidden_continuous_size': 30, 'attention_head_size': 2, 'learning_rate': 0.0491310189083661}. Best is trial 38 with value: 3.8432722091674805.
LOCAL_RANK: 0 - CUDA_VISIBLE_DEVICES: [0]
[I 2023-11-30 06:51:42,251] Trial 69 finished with value: 4.398858547210693 and parameters: {'gradient_clip_val': 0.28839331016054387, 'hidden_size': 136, 'dropout': 0.3042186826322614, 'hidden_continuous_size': 15, 'attention_head_size': 1, 'learning_rate': 0.060866866458083355}. Best is trial 38 with value: 3.8432722091674805.
LOCAL_RANK: 0 - CUDA_VISIBLE_DEVICES: [0]
[I 2023-11-30 06:51:55,242] Trial 70 finished with value: 4.100783348083496 and parameters: {'gradient_clip_val': 0.24282835000163727, 'hidden_size': 50, 'dropout': 0.3290244128666102, 'hidden_continuous_size': 23, 'attention_head_size': 2, 'learning_rate': 0.06805178462321632}. Best is trial 38 with value: 3.8432722091674805.
LOCAL_RANK: 0 - CUDA_VISIBLE_DEVICES: [0]
[I 2023-11-30 06:52:08,374] Trial 71 finished with value: 5.189335346221924 and parameters: {'gradient_clip_val': 0.24917607638419778, 'hidden_size': 51, 'dropout': 0.325624836506708, 'hidden_continuous_size': 23, 'attention_head_size': 2, 'learning_rate': 0.07116257204544586}. Best is trial 38 with value: 3.8432722091674805.
LOCAL_RANK: 0 - CUDA_VISIBLE_DEVICES: [0]
[I 2023-11-30 06:52:21,196] Trial 72 finished with value: 4.212762832641602 and parameters: {'gradient_clip_val': 0.2686174577358378, 'hidden_size': 42, 'dropout': 0.3410066949431419, 'hidden_continuous_size': 25, 'attention_head_size': 2, 'learning_rate': 0.06386459312053934}. Best is trial 38 with value: 3.8432722091674805.
LOCAL_RANK: 0 - CUDA_VISIBLE_DEVICES: [0]
[I 2023-11-30 06:52:33,877] Trial 73 finished with value: 4.771849155426025 and parameters: {'gradient_clip_val': 0.21934086568790287, 'hidden_size': 44, 'dropout': 0.35615958155213434, 'hidden_continuous_size': 27, 'attention_head_size': 2, 'learning_rate': 0.04133348609144329}. Best is trial 38 with value: 3.8432722091674805.
LOCAL_RANK: 0 - CUDA_VISIBLE_DEVICES: [0]
[I 2023-11-30 06:52:46,686] Trial 74 finished with value: 4.8316264152526855 and parameters: {'gradient_clip_val': 0.24047655750547914, 'hidden_size': 48, 'dropout': 0.33327309758852364, 'hidden_continuous_size': 21, 'attention_head_size': 2, 'learning_rate': 0.08280873454475524}. Best is trial 38 with value: 3.8432722091674805.
LOCAL_RANK: 0 - CUDA_VISIBLE_DEVICES: [0]
[I 2023-11-30 06:52:59,970] Trial 75 finished with value: 5.405540466308594 and parameters: {'gradient_clip_val': 0.20457191885973056, 'hidden_size': 63, 'dropout': 0.2924654185022713, 'hidden_continuous_size': 25, 'attention_head_size': 2, 'learning_rate': 0.053573205685346}. Best is trial 38 with value: 3.8432722091674805.
LOCAL_RANK: 0 - CUDA_VISIBLE_DEVICES: [0]
[I 2023-11-30 06:53:13,004] Trial 76 finished with value: 4.473911762237549 and parameters: {'gradient_clip_val': 0.3019895276654094, 'hidden_size': 56, 'dropout': 0.320422219467074, 'hidden_continuous_size': 28, 'attention_head_size': 1, 'learning_rate': 0.06991393199977523}. Best is trial 38 with value: 3.8432722091674805.
LOCAL_RANK: 0 - CUDA_VISIBLE_DEVICES: [0]
[I 2023-11-30 06:53:26,773] Trial 77 finished with value: 5.197774887084961 and parameters: {'gradient_clip_val': 0.10029108617430137, 'hidden_size': 120, 'dropout': 0.3494155466650625, 'hidden_continuous_size': 17, 'attention_head_size': 3, 'learning_rate': 0.04626298008835808}. Best is trial 38 with value: 3.8432722091674805.
LOCAL_RANK: 0 - CUDA_VISIBLE_DEVICES: [0]
[I 2023-11-30 06:53:40,267] Trial 78 finished with value: 4.656067371368408 and parameters: {'gradient_clip_val': 0.2818743467383221, 'hidden_size': 73, 'dropout': 0.3111328486474518, 'hidden_continuous_size': 20, 'attention_head_size': 4, 'learning_rate': 0.036964782588134015}. Best is trial 38 with value: 3.8432722091674805.
LOCAL_RANK: 0 - CUDA_VISIBLE_DEVICES: [0]
[I 2023-11-30 06:53:53,531] Trial 79 finished with value: 4.766125202178955 and parameters: {'gradient_clip_val': 0.18039260171160731, 'hidden_size': 66, 'dropout': 0.29853303049659186, 'hidden_continuous_size': 23, 'attention_head_size': 2, 'learning_rate': 0.05850574528361549}. Best is trial 38 with value: 3.8432722091674805.
LOCAL_RANK: 0 - CUDA_VISIBLE_DEVICES: [0]
[I 2023-11-30 06:54:07,035] Trial 80 finished with value: 4.3904547691345215 and parameters: {'gradient_clip_val': 0.22796042540978323, 'hidden_size': 91, 'dropout': 0.3262835836825492, 'hidden_continuous_size': 18, 'attention_head_size': 1, 'learning_rate': 0.0910910577363346}. Best is trial 38 with value: 3.8432722091674805.
LOCAL_RANK: 0 - CUDA_VISIBLE_DEVICES: [0]
[I 2023-11-30 06:54:20,930] Trial 81 finished with value: 4.160447597503662 and parameters: {'gradient_clip_val': 0.34026515889383135, 'hidden_size': 82, 'dropout': 0.3417508076200357, 'hidden_continuous_size': 55, 'attention_head_size': 2, 'learning_rate': 0.07408226325383396}. Best is trial 38 with value: 3.8432722091674805.
LOCAL_RANK: 0 - CUDA_VISIBLE_DEVICES: [0]
[I 2023-11-30 06:54:34,730] Trial 82 finished with value: 4.563655376434326 and parameters: {'gradient_clip_val': 0.3469600077310265, 'hidden_size': 81, 'dropout': 0.3441326914688717, 'hidden_continuous_size': 62, 'attention_head_size': 2, 'learning_rate': 0.07559692344249494}. Best is trial 38 with value: 3.8432722091674805.
LOCAL_RANK: 0 - CUDA_VISIBLE_DEVICES: [0]
[I 2023-11-30 06:54:48,566] Trial 83 finished with value: 4.761717319488525 and parameters: {'gradient_clip_val': 0.3255861888346568, 'hidden_size': 84, 'dropout': 0.3375232537055868, 'hidden_continuous_size': 49, 'attention_head_size': 2, 'learning_rate': 0.06729580521322608}. Best is trial 38 with value: 3.8432722091674805.
LOCAL_RANK: 0 - CUDA_VISIBLE_DEVICES: [0]
[I 2023-11-30 06:55:01,557] Trial 84 finished with value: 4.016502380371094 and parameters: {'gradient_clip_val': 0.2589013561779989, 'hidden_size': 52, 'dropout': 0.36294704144219, 'hidden_continuous_size': 24, 'attention_head_size': 2, 'learning_rate': 0.08635938351999561}. Best is trial 38 with value: 3.8432722091674805.
LOCAL_RANK: 0 - CUDA_VISIBLE_DEVICES: [0]
[I 2023-11-30 06:55:14,459] Trial 85 finished with value: 5.305373668670654 and parameters: {'gradient_clip_val': 0.25536577298249813, 'hidden_size': 37, 'dropout': 0.36662160551714273, 'hidden_continuous_size': 26, 'attention_head_size': 2, 'learning_rate': 0.08873878936870469}. Best is trial 38 with value: 3.8432722091674805.
LOCAL_RANK: 0 - CUDA_VISIBLE_DEVICES: [0]
[I 2023-11-30 06:55:27,388] Trial 86 finished with value: 4.168315410614014 and parameters: {'gradient_clip_val': 0.37507186226556183, 'hidden_size': 53, 'dropout': 0.36310131892171904, 'hidden_continuous_size': 22, 'attention_head_size': 2, 'learning_rate': 0.0773917811718196}. Best is trial 38 with value: 3.8432722091674805.
LOCAL_RANK: 0 - CUDA_VISIBLE_DEVICES: [0]
[I 2023-11-30 06:55:40,269] Trial 87 finished with value: 5.031806468963623 and parameters: {'gradient_clip_val': 0.37265293253733456, 'hidden_size': 51, 'dropout': 0.3590072156349441, 'hidden_continuous_size': 19, 'attention_head_size': 2, 'learning_rate': 0.07831993566809932}. Best is trial 38 with value: 3.8432722091674805.
LOCAL_RANK: 0 - CUDA_VISIBLE_DEVICES: [0]
[I 2023-11-30 06:55:53,181] Trial 88 finished with value: 4.212133407592773 and parameters: {'gradient_clip_val': 0.3005285228211561, 'hidden_size': 46, 'dropout': 0.3522973683804137, 'hidden_continuous_size': 22, 'attention_head_size': 2, 'learning_rate': 0.09220692515330116}. Best is trial 38 with value: 3.8432722091674805.
LOCAL_RANK: 0 - CUDA_VISIBLE_DEVICES: [0]
[I 2023-11-30 06:56:06,398] Trial 89 finished with value: 4.636655330657959 and parameters: {'gradient_clip_val': 0.39012845889702663, 'hidden_size': 59, 'dropout': 0.3458166064534625, 'hidden_continuous_size': 24, 'attention_head_size': 2, 'learning_rate': 0.07908380856696251}. Best is trial 38 with value: 3.8432722091674805.
LOCAL_RANK: 0 - CUDA_VISIBLE_DEVICES: [0]
[I 2023-11-30 06:56:19,335] Trial 90 finished with value: 4.9350433349609375 and parameters: {'gradient_clip_val': 0.33792454935383276, 'hidden_size': 53, 'dropout': 0.3781156155639059, 'hidden_continuous_size': 21, 'attention_head_size': 2, 'learning_rate': 0.05968010732045107}. Best is trial 38 with value: 3.8432722091674805.
LOCAL_RANK: 0 - CUDA_VISIBLE_DEVICES: [0]
[I 2023-11-30 06:56:32,140] Trial 91 finished with value: 4.503622531890869 and parameters: {'gradient_clip_val': 0.30509426690399555, 'hidden_size': 45, 'dropout': 0.361940272771748, 'hidden_continuous_size': 22, 'attention_head_size': 2, 'learning_rate': 0.07191144492313284}. Best is trial 38 with value: 3.8432722091674805.
LOCAL_RANK: 0 - CUDA_VISIBLE_DEVICES: [0]
[I 2023-11-30 06:56:44,783] Trial 92 finished with value: 4.468638896942139 and parameters: {'gradient_clip_val': 0.3354567565546905, 'hidden_size': 40, 'dropout': 0.3693486632050585, 'hidden_continuous_size': 20, 'attention_head_size': 2, 'learning_rate': 0.06435031194254551}. Best is trial 38 with value: 3.8432722091674805.
LOCAL_RANK: 0 - CUDA_VISIBLE_DEVICES: [0]
[I 2023-11-30 06:56:57,764] Trial 93 finished with value: 4.240327835083008 and parameters: {'gradient_clip_val': 0.27608279756920123, 'hidden_size': 56, 'dropout': 0.3787993713184944, 'hidden_continuous_size': 24, 'attention_head_size': 2, 'learning_rate': 0.09981485941764039}. Best is trial 38 with value: 3.8432722091674805.
LOCAL_RANK: 0 - CUDA_VISIBLE_DEVICES: [0]
[I 2023-11-30 06:57:11,225] Trial 94 finished with value: 4.161829471588135 and parameters: {'gradient_clip_val': 0.16162854617300287, 'hidden_size': 66, 'dropout': 0.35169676251270665, 'hidden_continuous_size': 35, 'attention_head_size': 2, 'learning_rate': 0.05190365044444095}. Best is trial 38 with value: 3.8432722091674805.
LOCAL_RANK: 0 - CUDA_VISIBLE_DEVICES: [0]
[I 2023-11-30 06:57:24,624] Trial 95 finished with value: 4.257659435272217 and parameters: {'gradient_clip_val': 0.44205107599656057, 'hidden_size': 64, 'dropout': 0.33102188091162305, 'hidden_continuous_size': 33, 'attention_head_size': 2, 'learning_rate': 0.05638731267031067}. Best is trial 38 with value: 3.8432722091674805.
LOCAL_RANK: 0 - CUDA_VISIBLE_DEVICES: [0]
[I 2023-11-30 06:57:38,806] Trial 96 finished with value: 4.3353424072265625 and parameters: {'gradient_clip_val': 0.1588254556683248, 'hidden_size': 142, 'dropout': 0.343087692679605, 'hidden_continuous_size': 37, 'attention_head_size': 2, 'learning_rate': 0.08497369350349805}. Best is trial 38 with value: 3.8432722091674805.
LOCAL_RANK: 0 - CUDA_VISIBLE_DEVICES: [0]
[I 2023-11-30 06:57:52,891] Trial 97 finished with value: 4.332855224609375 and parameters: {'gradient_clip_val': 0.16478337428567538, 'hidden_size': 126, 'dropout': 0.3528964403609546, 'hidden_continuous_size': 39, 'attention_head_size': 2, 'learning_rate': 0.07333345791371632}. Best is trial 38 with value: 3.8432722091674805.
LOCAL_RANK: 0 - CUDA_VISIBLE_DEVICES: [0]
[I 2023-11-30 06:58:06,015] Trial 98 finished with value: 4.414602279663086 and parameters: {'gradient_clip_val': 0.31425915249685965, 'hidden_size': 59, 'dropout': 0.33455394549499684, 'hidden_continuous_size': 35, 'attention_head_size': 1, 'learning_rate': 0.05310587441173178}. Best is trial 38 with value: 3.8432722091674805.
LOCAL_RANK: 0 - CUDA_VISIBLE_DEVICES: [0]
[I 2023-11-30 06:58:19,585] Trial 99 finished with value: 4.081840515136719 and parameters: {'gradient_clip_val': 0.25759681884438984, 'hidden_size': 71, 'dropout': 0.3625237822171316, 'hidden_continuous_size': 29, 'attention_head_size': 2, 'learning_rate': 0.06691104498495772}. Best is trial 38 with value: 3.8432722091674805.
LOCAL_RANK: 0 - CUDA_VISIBLE_DEVICES: [0]
[I 2023-11-30 06:58:32,837] Trial 100 finished with value: 4.162708282470703 and parameters: {'gradient_clip_val': 0.26161501823606687, 'hidden_size': 71, 'dropout': 0.33822625338403467, 'hidden_continuous_size': 32, 'attention_head_size': 2, 'learning_rate': 0.06390296450586207}. Best is trial 38 with value: 3.8432722091674805.
LOCAL_RANK: 0 - CUDA_VISIBLE_DEVICES: [0]
[I 2023-11-30 06:58:46,253] Trial 101 finished with value: 5.018550395965576 and parameters: {'gradient_clip_val': 0.26610512984113854, 'hidden_size': 73, 'dropout': 0.3277536831628961, 'hidden_continuous_size': 32, 'attention_head_size': 2, 'learning_rate': 0.0648342298795771}. Best is trial 38 with value: 3.8432722091674805.
LOCAL_RANK: 0 - CUDA_VISIBLE_DEVICES: [0]
[I 2023-11-30 06:58:59,680] Trial 102 finished with value: 4.678142070770264 and parameters: {'gradient_clip_val': 0.2530201702380802, 'hidden_size': 78, 'dropout': 0.3470491606442734, 'hidden_continuous_size': 29, 'attention_head_size': 2, 'learning_rate': 0.05085232494221443}. Best is trial 38 with value: 3.8432722091674805.
LOCAL_RANK: 0 - CUDA_VISIBLE_DEVICES: [0]
[I 2023-11-30 06:59:12,884] Trial 103 finished with value: 4.2685675621032715 and parameters: {'gradient_clip_val': 0.23351141507556827, 'hidden_size': 71, 'dropout': 0.3379232869362295, 'hidden_continuous_size': 30, 'attention_head_size': 2, 'learning_rate': 0.05908637219416903}. Best is trial 38 with value: 3.8432722091674805.
LOCAL_RANK: 0 - CUDA_VISIBLE_DEVICES: [0]
[I 2023-11-30 06:59:26,389] Trial 104 finished with value: 4.80853796005249 and parameters: {'gradient_clip_val': 0.286295987088624, 'hidden_size': 66, 'dropout': 0.35579241463711875, 'hidden_continuous_size': 34, 'attention_head_size': 2, 'learning_rate': 0.08945350400209866}. Best is trial 38 with value: 3.8432722091674805.
LOCAL_RANK: 0 - CUDA_VISIBLE_DEVICES: [0]
[I 2023-11-30 06:59:39,981] Trial 105 finished with value: 5.033045291900635 and parameters: {'gradient_clip_val': 0.22121233925356149, 'hidden_size': 94, 'dropout': 0.31726077830775906, 'hidden_continuous_size': 32, 'attention_head_size': 2, 'learning_rate': 0.06730764892082683}. Best is trial 38 with value: 3.8432722091674805.
LOCAL_RANK: 0 - CUDA_VISIBLE_DEVICES: [0]
