[I 2023-11-30 14:46:34,602] Trial 101 finished with value: 4.944769859313965 and parameters: {'gradient_clip_val': 0.7040452683788675, 'hidden_size': 42, 'dropout': 0.21611868794611208, 'hidden_continuous_size': 21, 'attention_head_size': 4, 'learning_rate': 0.07175216318080176}. Best is trial 101 with value: 4.944769859313965.
LOCAL_RANK: 0 - CUDA_VISIBLE_DEVICES: [0]
[I 2023-11-30 14:46:48,544] Trial 102 finished with value: 7.93757963180542 and parameters: {'gradient_clip_val': 0.8491454804750292, 'hidden_size': 47, 'dropout': 0.21422127924046414, 'hidden_continuous_size': 22, 'attention_head_size': 4, 'learning_rate': 0.07863192510112502}. Best is trial 101 with value: 4.944769859313965.
LOCAL_RANK: 0 - CUDA_VISIBLE_DEVICES: [0]
[I 2023-11-30 14:47:02,392] Trial 103 finished with value: 5.358299255371094 and parameters: {'gradient_clip_val': 0.7281347952838396, 'hidden_size': 43, 'dropout': 0.21687627558623368, 'hidden_continuous_size': 21, 'attention_head_size': 4, 'learning_rate': 0.06349599246358983}. Best is trial 101 with value: 4.944769859313965.
LOCAL_RANK: 0 - CUDA_VISIBLE_DEVICES: [0]
[I 2023-11-30 14:47:16,706] Trial 104 finished with value: 5.927439212799072 and parameters: {'gradient_clip_val': 0.958895482394612, 'hidden_size': 56, 'dropout': 0.22584793251421248, 'hidden_continuous_size': 23, 'attention_head_size': 4, 'learning_rate': 0.07376539046370584}. Best is trial 101 with value: 4.944769859313965.
LOCAL_RANK: 0 - CUDA_VISIBLE_DEVICES: [0]
[I 2023-11-30 14:47:30,761] Trial 105 finished with value: 6.6394362449646 and parameters: {'gradient_clip_val': 0.649607287482197, 'hidden_size': 34, 'dropout': 0.235296214534426, 'hidden_continuous_size': 20, 'attention_head_size': 4, 'learning_rate': 0.05666182125560272}. Best is trial 101 with value: 4.944769859313965.
LOCAL_RANK: 0 - CUDA_VISIBLE_DEVICES: [0]
[I 2023-11-30 14:47:44,559] Trial 106 finished with value: 12.367854118347168 and parameters: {'gradient_clip_val': 0.8901389511909032, 'hidden_size': 39, 'dropout': 0.2781435868076766, 'hidden_continuous_size': 22, 'attention_head_size': 4, 'learning_rate': 0.06394024776532087}. Best is trial 101 with value: 4.944769859313965.
LOCAL_RANK: 0 - CUDA_VISIBLE_DEVICES: [0]
[I 2023-11-30 14:47:58,378] Trial 107 finished with value: 5.124486446380615 and parameters: {'gradient_clip_val': 0.767064365100302, 'hidden_size': 37, 'dropout': 0.24365280056140903, 'hidden_continuous_size': 20, 'attention_head_size': 4, 'learning_rate': 0.0861153518473432}. Best is trial 101 with value: 4.944769859313965.
LOCAL_RANK: 0 - CUDA_VISIBLE_DEVICES: [0]
[I 2023-11-30 14:48:12,819] Trial 108 finished with value: 9.970451354980469 and parameters: {'gradient_clip_val': 0.7830858973557906, 'hidden_size': 51, 'dropout': 0.2435619816667294, 'hidden_continuous_size': 17, 'attention_head_size': 4, 'learning_rate': 0.04498548595613414}. Best is trial 101 with value: 4.944769859313965.
LOCAL_RANK: 0 - CUDA_VISIBLE_DEVICES: [0]
[I 2023-11-30 14:48:26,402] Trial 109 finished with value: 5.543295383453369 and parameters: {'gradient_clip_val': 0.7452758324599877, 'hidden_size': 33, 'dropout': 0.2651784267537129, 'hidden_continuous_size': 21, 'attention_head_size': 1, 'learning_rate': 0.09260188521751696}. Best is trial 101 with value: 4.944769859313965.
LOCAL_RANK: 0 - CUDA_VISIBLE_DEVICES: [0]
[I 2023-11-30 14:48:39,842] Trial 110 finished with value: 5.8852691650390625 and parameters: {'gradient_clip_val': 0.8249169838192458, 'hidden_size': 31, 'dropout': 0.25265638548246205, 'hidden_continuous_size': 19, 'attention_head_size': 4, 'learning_rate': 0.07673437717739545}. Best is trial 101 with value: 4.944769859313965.
LOCAL_RANK: 0 - CUDA_VISIBLE_DEVICES: [0]
[I 2023-11-30 14:48:53,635] Trial 111 finished with value: 7.003967761993408 and parameters: {'gradient_clip_val': 0.6773983395441231, 'hidden_size': 38, 'dropout': 0.23060381286854725, 'hidden_continuous_size': 20, 'attention_head_size': 4, 'learning_rate': 0.07184999363700864}. Best is trial 101 with value: 4.944769859313965.
LOCAL_RANK: 0 - CUDA_VISIBLE_DEVICES: [0]
[I 2023-11-30 14:49:07,481] Trial 112 finished with value: 9.451066017150879 and parameters: {'gradient_clip_val': 0.6276487766857419, 'hidden_size': 36, 'dropout': 0.24602027089218106, 'hidden_continuous_size': 20, 'attention_head_size': 4, 'learning_rate': 0.08603866914595756}. Best is trial 101 with value: 4.944769859313965.
LOCAL_RANK: 0 - CUDA_VISIBLE_DEVICES: [0]
[I 2023-11-30 14:49:21,373] Trial 113 finished with value: 9.624648094177246 and parameters: {'gradient_clip_val': 0.7062785732132943, 'hidden_size': 42, 'dropout': 0.2069391717142938, 'hidden_continuous_size': 18, 'attention_head_size': 4, 'learning_rate': 0.05227505550221017}. Best is trial 101 with value: 4.944769859313965.
LOCAL_RANK: 0 - CUDA_VISIBLE_DEVICES: [0]
[I 2023-11-30 14:49:35,634] Trial 114 finished with value: 6.362495422363281 and parameters: {'gradient_clip_val': 0.6670728480365162, 'hidden_size': 44, 'dropout': 0.2577374191607631, 'hidden_continuous_size': 22, 'attention_head_size': 4, 'learning_rate': 0.05844646513468034}. Best is trial 101 with value: 4.944769859313965.
LOCAL_RANK: 0 - CUDA_VISIBLE_DEVICES: [0]
[I 2023-11-30 14:49:49,270] Trial 115 finished with value: 7.43049955368042 and parameters: {'gradient_clip_val': 0.5850060424921004, 'hidden_size': 46, 'dropout': 0.2394201165226097, 'hidden_continuous_size': 24, 'attention_head_size': 4, 'learning_rate': 0.041341755014684387}. Best is trial 101 with value: 4.944769859313965.
LOCAL_RANK: 0 - CUDA_VISIBLE_DEVICES: [0]
[I 2023-11-30 14:50:02,353] Trial 116 finished with value: 5.527071475982666 and parameters: {'gradient_clip_val': 0.7779164529220707, 'hidden_size': 49, 'dropout': 0.2711475289958929, 'hidden_continuous_size': 23, 'attention_head_size': 4, 'learning_rate': 0.06616097771968699}. Best is trial 101 with value: 4.944769859313965.
LOCAL_RANK: 0 - CUDA_VISIBLE_DEVICES: [0]
[I 2023-11-30 14:50:15,507] Trial 117 finished with value: 4.911673545837402 and parameters: {'gradient_clip_val': 0.5522022173754003, 'hidden_size': 54, 'dropout': 0.21943790561889448, 'hidden_continuous_size': 25, 'attention_head_size': 4, 'learning_rate': 0.09087278114749354}. Best is trial 117 with value: 4.911673545837402.
LOCAL_RANK: 0 - CUDA_VISIBLE_DEVICES: [0]
[I 2023-11-30 14:50:28,985] Trial 118 finished with value: 8.39694595336914 and parameters: {'gradient_clip_val': 0.6161217552042388, 'hidden_size': 55, 'dropout': 0.21226411717379856, 'hidden_continuous_size': 26, 'attention_head_size': 4, 'learning_rate': 0.03475444664117261}. Best is trial 117 with value: 4.911673545837402.
LOCAL_RANK: 0 - CUDA_VISIBLE_DEVICES: [0]
[I 2023-11-30 14:50:41,895] Trial 119 finished with value: 9.697304725646973 and parameters: {'gradient_clip_val': 0.8589060362890457, 'hidden_size': 53, 'dropout': 0.2527337599075934, 'hidden_continuous_size': 25, 'attention_head_size': 1, 'learning_rate': 0.04733835442558229}. Best is trial 117 with value: 4.911673545837402.
LOCAL_RANK: 0 - CUDA_VISIBLE_DEVICES: [0]
[I 2023-11-30 14:50:55,036] Trial 120 finished with value: 7.463024139404297 and parameters: {'gradient_clip_val': 0.5496619011168028, 'hidden_size': 51, 'dropout': 0.20329314556416136, 'hidden_continuous_size': 24, 'attention_head_size': 4, 'learning_rate': 0.0884519308408017}. Best is trial 117 with value: 4.911673545837402.
LOCAL_RANK: 0 - CUDA_VISIBLE_DEVICES: [0]
[I 2023-11-30 14:51:07,755] Trial 121 finished with value: 5.833713531494141 and parameters: {'gradient_clip_val': 0.7157299533344421, 'hidden_size': 40, 'dropout': 0.22450821306977542, 'hidden_continuous_size': 21, 'attention_head_size': 4, 'learning_rate': 0.09817610730367375}. Best is trial 117 with value: 4.911673545837402.
LOCAL_RANK: 0 - CUDA_VISIBLE_DEVICES: [0]
[I 2023-11-30 14:51:20,614] Trial 122 finished with value: 6.863548755645752 and parameters: {'gradient_clip_val': 0.7464492700697225, 'hidden_size': 37, 'dropout': 0.21936560072252076, 'hidden_continuous_size': 20, 'attention_head_size': 4, 'learning_rate': 0.07867529038219488}. Best is trial 117 with value: 4.911673545837402.
LOCAL_RANK: 0 - CUDA_VISIBLE_DEVICES: [0]
[I 2023-11-30 14:51:33,772] Trial 123 finished with value: 5.9616169929504395 and parameters: {'gradient_clip_val': 0.6661812672035353, 'hidden_size': 47, 'dropout': 0.23387946079580804, 'hidden_continuous_size': 23, 'attention_head_size': 4, 'learning_rate': 0.0909952186901287}. Best is trial 117 with value: 4.911673545837402.
LOCAL_RANK: 0 - CUDA_VISIBLE_DEVICES: [0]
[I 2023-11-30 14:51:46,748] Trial 124 finished with value: 5.549045562744141 and parameters: {'gradient_clip_val': 0.6011623958146904, 'hidden_size': 43, 'dropout': 0.2918830553738136, 'hidden_continuous_size': 22, 'attention_head_size': 4, 'learning_rate': 0.08216171985941173}. Best is trial 117 with value: 4.911673545837402.
LOCAL_RANK: 0 - CUDA_VISIBLE_DEVICES: [0]
[I 2023-11-30 14:52:00,079] Trial 125 finished with value: 6.431571960449219 and parameters: {'gradient_clip_val': 0.5675321056772521, 'hidden_size': 59, 'dropout': 0.189509944397306, 'hidden_continuous_size': 25, 'attention_head_size': 4, 'learning_rate': 0.07316532741483317}. Best is trial 117 with value: 4.911673545837402.
LOCAL_RANK: 0 - CUDA_VISIBLE_DEVICES: [0]
[I 2023-11-30 14:52:13,189] Trial 126 finished with value: 6.443704128265381 and parameters: {'gradient_clip_val': 0.6937968109238383, 'hidden_size': 54, 'dropout': 0.285251350082872, 'hidden_continuous_size': 24, 'attention_head_size': 4, 'learning_rate': 0.06310089212461992}. Best is trial 117 with value: 4.911673545837402.
LOCAL_RANK: 0 - CUDA_VISIBLE_DEVICES: [0]
[I 2023-11-30 14:52:26,169] Trial 127 finished with value: 5.41223669052124 and parameters: {'gradient_clip_val': 0.8013410453399458, 'hidden_size': 45, 'dropout': 0.2117321271057515, 'hidden_continuous_size': 19, 'attention_head_size': 4, 'learning_rate': 0.053882805596002545}. Best is trial 117 with value: 4.911673545837402.
LOCAL_RANK: 0 - CUDA_VISIBLE_DEVICES: [0]
[I 2023-11-30 14:52:38,857] Trial 128 finished with value: 5.816721439361572 and parameters: {'gradient_clip_val': 0.636083178591196, 'hidden_size': 40, 'dropout': 0.24413060552215546, 'hidden_continuous_size': 21, 'attention_head_size': 2, 'learning_rate': 0.03679845298962697}. Best is trial 117 with value: 4.911673545837402.
LOCAL_RANK: 0 - CUDA_VISIBLE_DEVICES: [0]
[I 2023-11-30 14:52:51,727] Trial 129 finished with value: 5.995092868804932 and parameters: {'gradient_clip_val': 0.917866799921822, 'hidden_size': 48, 'dropout': 0.30142140420460195, 'hidden_continuous_size': 18, 'attention_head_size': 4, 'learning_rate': 0.06940081389219165}. Best is trial 117 with value: 4.911673545837402.
LOCAL_RANK: 0 - CUDA_VISIBLE_DEVICES: [0]
[I 2023-11-30 14:53:04,537] Trial 130 finished with value: 5.671872615814209 and parameters: {'gradient_clip_val': 0.7587819818435906, 'hidden_size': 35, 'dropout': 0.22942204960528648, 'hidden_continuous_size': 20, 'attention_head_size': 4, 'learning_rate': 0.098684068701829}. Best is trial 117 with value: 4.911673545837402.
LOCAL_RANK: 0 - CUDA_VISIBLE_DEVICES: [0]
[I 2023-11-30 14:53:17,340] Trial 131 finished with value: 8.176895141601562 and parameters: {'gradient_clip_val': 0.7318321088697262, 'hidden_size': 43, 'dropout': 0.2183779748526926, 'hidden_continuous_size': 21, 'attention_head_size': 4, 'learning_rate': 0.06240572429388524}. Best is trial 117 with value: 4.911673545837402.
LOCAL_RANK: 0 - CUDA_VISIBLE_DEVICES: [0]
[I 2023-11-30 14:53:30,206] Trial 132 finished with value: 10.456868171691895 and parameters: {'gradient_clip_val': 0.7164450472421489, 'hidden_size': 42, 'dropout': 0.21435185270068743, 'hidden_continuous_size': 22, 'attention_head_size': 4, 'learning_rate': 0.05850526750538951}. Best is trial 117 with value: 4.911673545837402.
LOCAL_RANK: 0 - CUDA_VISIBLE_DEVICES: [0]
[I 2023-11-30 14:53:43,210] Trial 133 finished with value: 5.367872714996338 and parameters: {'gradient_clip_val': 0.8320083583770109, 'hidden_size': 44, 'dropout': 0.20508163090835885, 'hidden_continuous_size': 21, 'attention_head_size': 4, 'learning_rate': 0.043469939819059035}. Best is trial 117 with value: 4.911673545837402.
LOCAL_RANK: 0 - CUDA_VISIBLE_DEVICES: [0]
[I 2023-11-30 14:53:56,276] Trial 134 finished with value: 7.6584014892578125 and parameters: {'gradient_clip_val': 0.6826465367985188, 'hidden_size': 50, 'dropout': 0.2379924075174151, 'hidden_continuous_size': 23, 'attention_head_size': 4, 'learning_rate': 0.049450558345082433}. Best is trial 117 with value: 4.911673545837402.
LOCAL_RANK: 0 - CUDA_VISIBLE_DEVICES: [0]
[I 2023-11-30 14:54:09,117] Trial 135 finished with value: 10.64474868774414 and parameters: {'gradient_clip_val': 0.6437226100384733, 'hidden_size': 38, 'dropout': 0.22269605748723914, 'hidden_continuous_size': 21, 'attention_head_size': 4, 'learning_rate': 0.0321616002282688}. Best is trial 117 with value: 4.911673545837402.
LOCAL_RANK: 0 - CUDA_VISIBLE_DEVICES: [0]
[I 2023-11-30 14:54:22,541] Trial 136 finished with value: 9.44247055053711 and parameters: {'gradient_clip_val': 0.7852943047161699, 'hidden_size': 58, 'dropout': 0.22816993049205656, 'hidden_continuous_size': 25, 'attention_head_size': 4, 'learning_rate': 0.0785585266002689}. Best is trial 117 with value: 4.911673545837402.
LOCAL_RANK: 0 - CUDA_VISIBLE_DEVICES: [0]
[I 2023-11-30 14:54:35,453] Trial 137 finished with value: 8.671562194824219 and parameters: {'gradient_clip_val': 0.8898039506550589, 'hidden_size': 46, 'dropout': 0.1960471258825768, 'hidden_continuous_size': 20, 'attention_head_size': 4, 'learning_rate': 0.06527833869290879}. Best is trial 117 with value: 4.911673545837402.
LOCAL_RANK: 0 - CUDA_VISIBLE_DEVICES: [0]
[I 2023-11-30 14:54:48,702] Trial 138 finished with value: 7.349599361419678 and parameters: {'gradient_clip_val': 0.953995537518106, 'hidden_size': 52, 'dropout': 0.25063741255652267, 'hidden_continuous_size': 23, 'attention_head_size': 4, 'learning_rate': 0.03794657397558457}. Best is trial 117 with value: 4.911673545837402.
LOCAL_RANK: 0 - CUDA_VISIBLE_DEVICES: [0]
[I 2023-11-30 14:55:01,456] Trial 139 finished with value: 7.0197062492370605 and parameters: {'gradient_clip_val': 0.6142059924940388, 'hidden_size': 40, 'dropout': 0.2168455536805144, 'hidden_continuous_size': 19, 'attention_head_size': 4, 'learning_rate': 0.051556433760526287}. Best is trial 117 with value: 4.911673545837402.
LOCAL_RANK: 0 - CUDA_VISIBLE_DEVICES: [0]
[I 2023-11-30 14:55:14,326] Trial 140 finished with value: 7.319071292877197 and parameters: {'gradient_clip_val': 0.730616655268615, 'hidden_size': 49, 'dropout': 0.2615383485528106, 'hidden_continuous_size': 22, 'attention_head_size': 2, 'learning_rate': 0.08565839382636746}. Best is trial 117 with value: 4.911673545837402.
LOCAL_RANK: 0 - CUDA_VISIBLE_DEVICES: [0]
[I 2023-11-30 14:55:26,975] Trial 141 finished with value: 8.83486557006836 and parameters: {'gradient_clip_val': 0.8137477384103924, 'hidden_size': 44, 'dropout': 0.20370076738099424, 'hidden_continuous_size': 21, 'attention_head_size': 4, 'learning_rate': 0.04617565852610006}. Best is trial 117 with value: 4.911673545837402.
LOCAL_RANK: 0 - CUDA_VISIBLE_DEVICES: [0]
[I 2023-11-30 14:55:39,784] Trial 142 finished with value: 8.877102851867676 and parameters: {'gradient_clip_val': 0.8386279295717548, 'hidden_size': 42, 'dropout': 0.3773363762002538, 'hidden_continuous_size': 21, 'attention_head_size': 4, 'learning_rate': 0.03955401722234866}. Best is trial 117 with value: 4.911673545837402.
LOCAL_RANK: 0 - CUDA_VISIBLE_DEVICES: [0]
[I 2023-11-30 14:55:52,881] Trial 143 finished with value: 6.012754440307617 and parameters: {'gradient_clip_val': 0.7638460646249359, 'hidden_size': 45, 'dropout': 0.20799196656383098, 'hidden_continuous_size': 22, 'attention_head_size': 4, 'learning_rate': 0.043849139311251784}. Best is trial 117 with value: 4.911673545837402.
LOCAL_RANK: 0 - CUDA_VISIBLE_DEVICES: [0]
[I 2023-11-30 14:56:05,699] Trial 144 finished with value: 6.876678466796875 and parameters: {'gradient_clip_val': 0.8444073861460049, 'hidden_size': 37, 'dropout': 0.2361216070480132, 'hidden_continuous_size': 20, 'attention_head_size': 4, 'learning_rate': 0.05541833463606189}. Best is trial 117 with value: 4.911673545837402.
LOCAL_RANK: 0 - CUDA_VISIBLE_DEVICES: [0]
[I 2023-11-30 14:56:18,808] Trial 145 finished with value: 7.033899784088135 and parameters: {'gradient_clip_val': 0.6853448953658167, 'hidden_size': 55, 'dropout': 0.22576882286067332, 'hidden_continuous_size': 19, 'attention_head_size': 4, 'learning_rate': 0.04189449147064437}. Best is trial 117 with value: 4.911673545837402.
LOCAL_RANK: 0 - CUDA_VISIBLE_DEVICES: [0]
[I 2023-11-30 14:56:31,664] Trial 146 finished with value: 10.683067321777344 and parameters: {'gradient_clip_val': 0.7129572784341923, 'hidden_size': 39, 'dropout': 0.3362430259215334, 'hidden_continuous_size': 21, 'attention_head_size': 4, 'learning_rate': 0.07041952410288659}. Best is trial 117 with value: 4.911673545837402.
LOCAL_RANK: 0 - CUDA_VISIBLE_DEVICES: [0]
[I 2023-11-30 14:56:44,647] Trial 147 finished with value: 6.416633605957031 and parameters: {'gradient_clip_val': 0.8768750939172097, 'hidden_size': 48, 'dropout': 0.24597339296221504, 'hidden_continuous_size': 23, 'attention_head_size': 4, 'learning_rate': 0.02877051974888395}. Best is trial 117 with value: 4.911673545837402.
LOCAL_RANK: 0 - CUDA_VISIBLE_DEVICES: [0]
[I 2023-11-30 14:56:57,420] Trial 148 finished with value: 9.796639442443848 and parameters: {'gradient_clip_val': 0.6472890137477078, 'hidden_size': 41, 'dropout': 0.19067321763334555, 'hidden_continuous_size': 24, 'attention_head_size': 1, 'learning_rate': 0.034340111396831186}. Best is trial 117 with value: 4.911673545837402.
LOCAL_RANK: 0 - CUDA_VISIBLE_DEVICES: [0]
[I 2023-11-30 14:57:10,204] Trial 149 finished with value: 7.226394176483154 and parameters: {'gradient_clip_val': 0.5870769577503364, 'hidden_size': 34, 'dropout': 0.1997197022864901, 'hidden_continuous_size': 20, 'attention_head_size': 4, 'learning_rate': 0.059585143499172474}. Best is trial 117 with value: 4.911673545837402.
[I 2023-11-30 14:57:10,315] A new study created in memory with name: no-name-009b67f3-d42b-45c4-bb25-54c1f09356e3
/home/le004/conda/anaconda3/envs/tsff_env/lib/python3.9/site-packages/lightning/fabric/plugins/environments/slurm.py:191: The `srun` command is available on your system but is not used. HINT: If your intention is to run Lightning on SLURM, prepend your python command with `srun` like so: srun python /home/le004/master_thesis/git/TSFusionForecast/code/ ...
LOCAL_RANK: 0 - CUDA_VISIBLE_DEVICES: [0]
[I 2023-11-30 14:57:20,425] Trial 0 finished with value: 6.0606255531311035 and parameters: {'gradient_clip_val': 0.9262979829551011, 'hidden_size': 14, 'dropout': 0.27297858209344955, 'hidden_continuous_size': 14, 'attention_head_size': 1, 'learning_rate': 0.027816950704751247}. Best is trial 0 with value: 6.0606255531311035.
LOCAL_RANK: 0 - CUDA_VISIBLE_DEVICES: [0]
[I 2023-11-30 14:57:33,304] Trial 1 finished with value: 4.981113910675049 and parameters: {'gradient_clip_val': 0.8765173957766722, 'hidden_size': 52, 'dropout': 0.33130331143519764, 'hidden_continuous_size': 27, 'attention_head_size': 2, 'learning_rate': 0.05112902291565825}. Best is trial 1 with value: 4.981113910675049.
LOCAL_RANK: 0 - CUDA_VISIBLE_DEVICES: [0]
[I 2023-11-30 14:57:47,683] Trial 2 finished with value: 4.351135730743408 and parameters: {'gradient_clip_val': 0.48956011321877413, 'hidden_size': 139, 'dropout': 0.1867477043330093, 'hidden_continuous_size': 70, 'attention_head_size': 2, 'learning_rate': 0.00791695518520191}. Best is trial 2 with value: 4.351135730743408.
LOCAL_RANK: 0 - CUDA_VISIBLE_DEVICES: [0]
[I 2023-11-30 14:58:00,552] Trial 3 finished with value: 12.606127738952637 and parameters: {'gradient_clip_val': 0.19157047006473749, 'hidden_size': 31, 'dropout': 0.35200519794337426, 'hidden_continuous_size': 19, 'attention_head_size': 4, 'learning_rate': 0.001130156105019134}. Best is trial 2 with value: 4.351135730743408.
LOCAL_RANK: 0 - CUDA_VISIBLE_DEVICES: [0]
[I 2023-11-30 14:58:10,796] Trial 4 finished with value: 12.921165466308594 and parameters: {'gradient_clip_val': 0.32742162137075637, 'hidden_size': 11, 'dropout': 0.30693344540476764, 'hidden_continuous_size': 11, 'attention_head_size': 3, 'learning_rate': 0.0022472148094569966}. Best is trial 2 with value: 4.351135730743408.
LOCAL_RANK: 0 - CUDA_VISIBLE_DEVICES: [0]
[I 2023-11-30 14:58:23,011] Trial 5 finished with value: 8.555980682373047 and parameters: {'gradient_clip_val': 0.6228130456519886, 'hidden_size': 15, 'dropout': 0.23213532053645816, 'hidden_continuous_size': 10, 'attention_head_size': 4, 'learning_rate': 0.010497934988520962}. Best is trial 2 with value: 4.351135730743408.
LOCAL_RANK: 0 - CUDA_VISIBLE_DEVICES: [0]
[I 2023-11-30 14:58:35,909] Trial 6 finished with value: 4.534688472747803 and parameters: {'gradient_clip_val': 0.7346049703939981, 'hidden_size': 47, 'dropout': 0.3851722557916387, 'hidden_continuous_size': 24, 'attention_head_size': 3, 'learning_rate': 0.03693754656532759}. Best is trial 2 with value: 4.351135730743408.
LOCAL_RANK: 0 - CUDA_VISIBLE_DEVICES: [0]
[I 2023-11-30 14:58:47,997] Trial 7 finished with value: 6.935722351074219 and parameters: {'gradient_clip_val': 0.5668847694676832, 'hidden_size': 29, 'dropout': 0.1676786389357255, 'hidden_continuous_size': 12, 'attention_head_size': 1, 'learning_rate': 0.006155366611564044}. Best is trial 2 with value: 4.351135730743408.
LOCAL_RANK: 0 - CUDA_VISIBLE_DEVICES: [0]
[I 2023-11-30 14:59:01,016] Trial 8 finished with value: 5.163733959197998 and parameters: {'gradient_clip_val': 0.2595680680688052, 'hidden_size': 61, 'dropout': 0.15784907036756368, 'hidden_continuous_size': 13, 'attention_head_size': 2, 'learning_rate': 0.03978900012988812}. Best is trial 2 with value: 4.351135730743408.
LOCAL_RANK: 0 - CUDA_VISIBLE_DEVICES: [0]
