[I 2023-11-29 23:43:58,235] Trial 80 finished with value: 0.16896037757396698 and parameters: {'gradient_clip_val': 0.7612402971280309, 'hidden_size': 137, 'dropout': 0.36008913338504434, 'hidden_continuous_size': 137, 'attention_head_size': 1, 'learning_rate': 0.07583175003429432}. Best is trial 59 with value: 0.10625765472650528.
LOCAL_RANK: 0 - CUDA_VISIBLE_DEVICES: [0]
[I 2023-11-29 23:44:10,961] Trial 81 finished with value: 0.13369007408618927 and parameters: {'gradient_clip_val': 0.9348432187946363, 'hidden_size': 37, 'dropout': 0.31393493312825027, 'hidden_continuous_size': 33, 'attention_head_size': 2, 'learning_rate': 0.05992261968634833}. Best is trial 59 with value: 0.10625765472650528.
LOCAL_RANK: 0 - CUDA_VISIBLE_DEVICES: [0]
[I 2023-11-29 23:44:23,624] Trial 82 finished with value: 0.13291756808757782 and parameters: {'gradient_clip_val': 0.8492849175099572, 'hidden_size': 39, 'dropout': 0.2728845405399183, 'hidden_continuous_size': 34, 'attention_head_size': 2, 'learning_rate': 0.06303944659082049}. Best is trial 59 with value: 0.10625765472650528.
LOCAL_RANK: 0 - CUDA_VISIBLE_DEVICES: [0]
[I 2023-11-29 23:44:36,551] Trial 83 finished with value: 0.20764994621276855 and parameters: {'gradient_clip_val': 0.8827221041573137, 'hidden_size': 41, 'dropout': 0.28959802551635594, 'hidden_continuous_size': 36, 'attention_head_size': 2, 'learning_rate': 0.039127436120897065}. Best is trial 59 with value: 0.10625765472650528.
LOCAL_RANK: 0 - CUDA_VISIBLE_DEVICES: [0]
[I 2023-11-29 23:44:49,240] Trial 84 finished with value: 0.11662214994430542 and parameters: {'gradient_clip_val': 0.7936430134289373, 'hidden_size': 33, 'dropout': 0.29625416813942856, 'hidden_continuous_size': 30, 'attention_head_size': 2, 'learning_rate': 0.05001406428996041}. Best is trial 59 with value: 0.10625765472650528.
LOCAL_RANK: 0 - CUDA_VISIBLE_DEVICES: [0]
[I 2023-11-29 23:45:01,833] Trial 85 finished with value: 0.11824562400579453 and parameters: {'gradient_clip_val': 0.7261066994198434, 'hidden_size': 33, 'dropout': 0.3069504744490766, 'hidden_continuous_size': 30, 'attention_head_size': 1, 'learning_rate': 0.048480126253063846}. Best is trial 59 with value: 0.10625765472650528.
LOCAL_RANK: 0 - CUDA_VISIBLE_DEVICES: [0]
[I 2023-11-29 23:45:14,519] Trial 86 finished with value: 0.20618928968906403 and parameters: {'gradient_clip_val': 0.7817402270299296, 'hidden_size': 29, 'dropout': 0.3265930473293878, 'hidden_continuous_size': 26, 'attention_head_size': 3, 'learning_rate': 0.03177687818897645}. Best is trial 59 with value: 0.10625765472650528.
LOCAL_RANK: 0 - CUDA_VISIBLE_DEVICES: [0]
[I 2023-11-29 23:45:27,027] Trial 87 finished with value: 0.10186315327882767 and parameters: {'gradient_clip_val': 0.7068265427854558, 'hidden_size': 36, 'dropout': 0.3003591830318633, 'hidden_continuous_size': 33, 'attention_head_size': 1, 'learning_rate': 0.04389441321588911}. Best is trial 87 with value: 0.10186315327882767.
LOCAL_RANK: 0 - CUDA_VISIBLE_DEVICES: [0]
[I 2023-11-29 23:45:39,596] Trial 88 finished with value: 0.1701844185590744 and parameters: {'gradient_clip_val': 0.9902591442359461, 'hidden_size': 35, 'dropout': 0.3016577888123408, 'hidden_continuous_size': 31, 'attention_head_size': 1, 'learning_rate': 0.03885193214604897}. Best is trial 87 with value: 0.10186315327882767.
LOCAL_RANK: 0 - CUDA_VISIBLE_DEVICES: [0]
[I 2023-11-29 23:45:51,873] Trial 89 finished with value: 0.17330609261989594 and parameters: {'gradient_clip_val': 0.630802125615578, 'hidden_size': 26, 'dropout': 0.2970676232307625, 'hidden_continuous_size': 21, 'attention_head_size': 2, 'learning_rate': 0.04400664521365504}. Best is trial 87 with value: 0.10186315327882767.
LOCAL_RANK: 0 - CUDA_VISIBLE_DEVICES: [0]
[I 2023-11-29 23:46:04,520] Trial 90 finished with value: 0.18095333874225616 and parameters: {'gradient_clip_val': 0.8364560462814132, 'hidden_size': 31, 'dropout': 0.3183248323271298, 'hidden_continuous_size': 29, 'attention_head_size': 1, 'learning_rate': 0.05388494667177764}. Best is trial 87 with value: 0.10186315327882767.
LOCAL_RANK: 0 - CUDA_VISIBLE_DEVICES: [0]
[I 2023-11-29 23:46:17,403] Trial 91 finished with value: 0.14659377932548523 and parameters: {'gradient_clip_val': 0.697921863543259, 'hidden_size': 44, 'dropout': 0.2834688568901627, 'hidden_continuous_size': 37, 'attention_head_size': 1, 'learning_rate': 0.04843374316240598}. Best is trial 87 with value: 0.10186315327882767.
LOCAL_RANK: 0 - CUDA_VISIBLE_DEVICES: [0]
[I 2023-11-29 23:46:29,848] Trial 92 finished with value: 0.1573031097650528 and parameters: {'gradient_clip_val': 0.7814778315856464, 'hidden_size': 33, 'dropout': 0.30877697850710817, 'hidden_continuous_size': 30, 'attention_head_size': 1, 'learning_rate': 0.06679417068949808}. Best is trial 87 with value: 0.10186315327882767.
LOCAL_RANK: 0 - CUDA_VISIBLE_DEVICES: [0]
[I 2023-11-29 23:46:42,512] Trial 93 finished with value: 0.15252169966697693 and parameters: {'gradient_clip_val': 0.6582761892933211, 'hidden_size': 37, 'dropout': 0.3364905815707465, 'hidden_continuous_size': 35, 'attention_head_size': 1, 'learning_rate': 0.0367146075692201}. Best is trial 87 with value: 0.10186315327882767.
LOCAL_RANK: 0 - CUDA_VISIBLE_DEVICES: [0]
[I 2023-11-29 23:46:55,614] Trial 94 finished with value: 0.09252354502677917 and parameters: {'gradient_clip_val': 0.5928851902913733, 'hidden_size': 47, 'dropout': 0.35341640684197817, 'hidden_continuous_size': 39, 'attention_head_size': 1, 'learning_rate': 0.054896886033034185}. Best is trial 94 with value: 0.09252354502677917.
LOCAL_RANK: 0 - CUDA_VISIBLE_DEVICES: [0]
[I 2023-11-29 23:47:08,854] Trial 95 finished with value: 0.1122756376862526 and parameters: {'gradient_clip_val': 0.5894617730236741, 'hidden_size': 47, 'dropout': 0.3530886901668525, 'hidden_continuous_size': 40, 'attention_head_size': 1, 'learning_rate': 0.08228066002452095}. Best is trial 94 with value: 0.09252354502677917.
LOCAL_RANK: 0 - CUDA_VISIBLE_DEVICES: [0]
[I 2023-11-29 23:47:21,874] Trial 96 finished with value: 0.2819119989871979 and parameters: {'gradient_clip_val': 0.6042502456137715, 'hidden_size': 48, 'dropout': 0.35337242401203306, 'hidden_continuous_size': 40, 'attention_head_size': 1, 'learning_rate': 0.08696812210981292}. Best is trial 94 with value: 0.09252354502677917.
LOCAL_RANK: 0 - CUDA_VISIBLE_DEVICES: [0]
[I 2023-11-29 23:47:35,105] Trial 97 finished with value: 0.17955948412418365 and parameters: {'gradient_clip_val': 0.7101156706720202, 'hidden_size': 53, 'dropout': 0.3665251786462892, 'hidden_continuous_size': 39, 'attention_head_size': 1, 'learning_rate': 0.07710437714932203}. Best is trial 94 with value: 0.09252354502677917.
LOCAL_RANK: 0 - CUDA_VISIBLE_DEVICES: [0]
[I 2023-11-29 23:47:47,879] Trial 98 finished with value: 0.13052143156528473 and parameters: {'gradient_clip_val': 0.5726655024144887, 'hidden_size': 43, 'dropout': 0.3647681873013421, 'hidden_continuous_size': 17, 'attention_head_size': 1, 'learning_rate': 0.06803196319532435}. Best is trial 94 with value: 0.09252354502677917.
LOCAL_RANK: 0 - CUDA_VISIBLE_DEVICES: [0]
[I 2023-11-29 23:48:00,952] Trial 99 finished with value: 0.18258942663669586 and parameters: {'gradient_clip_val': 0.7460229315709893, 'hidden_size': 46, 'dropout': 0.35487931921869603, 'hidden_continuous_size': 40, 'attention_head_size': 1, 'learning_rate': 0.05516797844500454}. Best is trial 94 with value: 0.09252354502677917.
LOCAL_RANK: 0 - CUDA_VISIBLE_DEVICES: [0]
[I 2023-11-29 23:48:14,771] Trial 100 finished with value: 0.20639711618423462 and parameters: {'gradient_clip_val': 0.5984341846392055, 'hidden_size': 78, 'dropout': 0.34684896469112053, 'hidden_continuous_size': 51, 'attention_head_size': 1, 'learning_rate': 0.08220469179274784}. Best is trial 94 with value: 0.09252354502677917.
LOCAL_RANK: 0 - CUDA_VISIBLE_DEVICES: [0]
[I 2023-11-29 23:48:27,995] Trial 101 finished with value: 0.16920076310634613 and parameters: {'gradient_clip_val': 0.8136253315842769, 'hidden_size': 51, 'dropout': 0.37700108057819437, 'hidden_continuous_size': 44, 'attention_head_size': 1, 'learning_rate': 0.04470867357029369}. Best is trial 94 with value: 0.09252354502677917.
LOCAL_RANK: 0 - CUDA_VISIBLE_DEVICES: [0]
[I 2023-11-29 23:48:40,851] Trial 102 finished with value: 0.14977045357227325 and parameters: {'gradient_clip_val': 0.5436531789349525, 'hidden_size': 39, 'dropout': 0.32683505434238525, 'hidden_continuous_size': 33, 'attention_head_size': 1, 'learning_rate': 0.06340090342195545}. Best is trial 94 with value: 0.09252354502677917.
LOCAL_RANK: 0 - CUDA_VISIBLE_DEVICES: [0]
[I 2023-11-29 23:48:53,434] Trial 103 finished with value: 0.09382592886686325 and parameters: {'gradient_clip_val': 0.946119206822136, 'hidden_size': 40, 'dropout': 0.3328552366033709, 'hidden_continuous_size': 36, 'attention_head_size': 1, 'learning_rate': 0.0722079065943653}. Best is trial 94 with value: 0.09252354502677917.
LOCAL_RANK: 0 - CUDA_VISIBLE_DEVICES: [0]
[I 2023-11-29 23:49:06,361] Trial 104 finished with value: 0.19038014113903046 and parameters: {'gradient_clip_val': 0.9494602913528225, 'hidden_size': 41, 'dropout': 0.33504851771902305, 'hidden_continuous_size': 37, 'attention_head_size': 1, 'learning_rate': 0.07021609166287532}. Best is trial 94 with value: 0.09252354502677917.
LOCAL_RANK: 0 - CUDA_VISIBLE_DEVICES: [0]
[I 2023-11-29 23:49:19,654] Trial 105 finished with value: 0.1556037962436676 and parameters: {'gradient_clip_val': 0.9477914726280818, 'hidden_size': 47, 'dropout': 0.3627093222297756, 'hidden_continuous_size': 39, 'attention_head_size': 1, 'learning_rate': 0.0905076626306958}. Best is trial 94 with value: 0.09252354502677917.
LOCAL_RANK: 0 - CUDA_VISIBLE_DEVICES: [0]
[I 2023-11-29 23:49:32,092] Trial 106 finished with value: 0.18670181930065155 and parameters: {'gradient_clip_val': 0.8982341868047125, 'hidden_size': 40, 'dropout': 0.3489612500723216, 'hidden_continuous_size': 36, 'attention_head_size': 1, 'learning_rate': 0.061530526240074136}. Best is trial 94 with value: 0.09252354502677917.
LOCAL_RANK: 0 - CUDA_VISIBLE_DEVICES: [0]
[I 2023-11-29 23:49:44,839] Trial 107 finished with value: 0.10966020077466965 and parameters: {'gradient_clip_val': 0.6466335843620151, 'hidden_size': 43, 'dropout': 0.32040742976525144, 'hidden_continuous_size': 35, 'attention_head_size': 1, 'learning_rate': 0.07441386613319505}. Best is trial 94 with value: 0.09252354502677917.
LOCAL_RANK: 0 - CUDA_VISIBLE_DEVICES: [0]
[I 2023-11-29 23:49:57,722] Trial 108 finished with value: 0.12903393805027008 and parameters: {'gradient_clip_val': 0.6328999675545397, 'hidden_size': 43, 'dropout': 0.315016347909735, 'hidden_continuous_size': 38, 'attention_head_size': 1, 'learning_rate': 0.0831682324949593}. Best is trial 94 with value: 0.09252354502677917.
LOCAL_RANK: 0 - CUDA_VISIBLE_DEVICES: [0]
[I 2023-11-29 23:50:10,356] Trial 109 finished with value: 0.1437336653470993 and parameters: {'gradient_clip_val': 0.6652676808642948, 'hidden_size': 35, 'dropout': 0.3227966464046477, 'hidden_continuous_size': 32, 'attention_head_size': 1, 'learning_rate': 0.09640940259050701}. Best is trial 94 with value: 0.09252354502677917.
LOCAL_RANK: 0 - CUDA_VISIBLE_DEVICES: [0]
[I 2023-11-29 23:50:23,261] Trial 110 finished with value: 0.13325530290603638 and parameters: {'gradient_clip_val': 0.7266150700856228, 'hidden_size': 37, 'dropout': 0.33197888013417476, 'hidden_continuous_size': 34, 'attention_head_size': 1, 'learning_rate': 0.07343623177438793}. Best is trial 94 with value: 0.09252354502677917.
LOCAL_RANK: 0 - CUDA_VISIBLE_DEVICES: [0]
[I 2023-11-29 23:50:36,293] Trial 111 finished with value: 0.15322057902812958 and parameters: {'gradient_clip_val': 0.855539097321556, 'hidden_size': 45, 'dropout': 0.3440487236260754, 'hidden_continuous_size': 35, 'attention_head_size': 1, 'learning_rate': 0.05806096001999221}. Best is trial 94 with value: 0.09252354502677917.
LOCAL_RANK: 0 - CUDA_VISIBLE_DEVICES: [0]
[I 2023-11-29 23:50:49,458] Trial 112 finished with value: 0.14371244609355927 and parameters: {'gradient_clip_val': 0.7704018920659398, 'hidden_size': 52, 'dropout': 0.3584101373278188, 'hidden_continuous_size': 41, 'attention_head_size': 1, 'learning_rate': 0.05434832745482311}. Best is trial 94 with value: 0.09252354502677917.
LOCAL_RANK: 0 - CUDA_VISIBLE_DEVICES: [0]
[I 2023-11-29 23:51:02,446] Trial 113 finished with value: 0.18218772113323212 and parameters: {'gradient_clip_val': 0.7001277241788573, 'hidden_size': 48, 'dropout': 0.31870761694433375, 'hidden_continuous_size': 41, 'attention_head_size': 1, 'learning_rate': 0.04211909898687407}. Best is trial 94 with value: 0.09252354502677917.
LOCAL_RANK: 0 - CUDA_VISIBLE_DEVICES: [0]
[I 2023-11-29 23:51:14,930] Trial 114 finished with value: 0.13032306730747223 and parameters: {'gradient_clip_val': 0.829052266467233, 'hidden_size': 40, 'dropout': 0.3388137739771824, 'hidden_continuous_size': 37, 'attention_head_size': 1, 'learning_rate': 0.07661261868843387}. Best is trial 94 with value: 0.09252354502677917.
LOCAL_RANK: 0 - CUDA_VISIBLE_DEVICES: [0]
[I 2023-11-29 23:51:28,455] Trial 115 finished with value: 0.16218216717243195 and parameters: {'gradient_clip_val': 0.999419387732113, 'hidden_size': 55, 'dropout': 0.33063638599087025, 'hidden_continuous_size': 48, 'attention_head_size': 1, 'learning_rate': 0.06295351836247913}. Best is trial 94 with value: 0.09252354502677917.
LOCAL_RANK: 0 - CUDA_VISIBLE_DEVICES: [0]
[I 2023-11-29 23:51:41,301] Trial 116 finished with value: 0.12502852082252502 and parameters: {'gradient_clip_val': 0.9141594023271115, 'hidden_size': 44, 'dropout': 0.3073681735440451, 'hidden_continuous_size': 36, 'attention_head_size': 1, 'learning_rate': 0.07213636598616756}. Best is trial 94 with value: 0.09252354502677917.
LOCAL_RANK: 0 - CUDA_VISIBLE_DEVICES: [0]
[I 2023-11-29 23:51:55,012] Trial 117 finished with value: 0.18647223711013794 and parameters: {'gradient_clip_val': 0.5426852139107631, 'hidden_size': 72, 'dropout': 0.35427712510368037, 'hidden_continuous_size': 51, 'attention_head_size': 1, 'learning_rate': 0.05296975638177582}. Best is trial 94 with value: 0.09252354502677917.
LOCAL_RANK: 0 - CUDA_VISIBLE_DEVICES: [0]
[I 2023-11-29 23:52:08,426] Trial 118 finished with value: 0.13780884444713593 and parameters: {'gradient_clip_val': 0.6736525449298376, 'hidden_size': 61, 'dropout': 0.3894752449316076, 'hidden_continuous_size': 54, 'attention_head_size': 1, 'learning_rate': 0.03209252828548881}. Best is trial 94 with value: 0.09252354502677917.
LOCAL_RANK: 0 - CUDA_VISIBLE_DEVICES: [0]
[I 2023-11-29 23:52:21,346] Trial 119 finished with value: 0.1660255342721939 and parameters: {'gradient_clip_val': 0.5965000644372639, 'hidden_size': 48, 'dropout': 0.37781033205528225, 'hidden_continuous_size': 42, 'attention_head_size': 1, 'learning_rate': 0.0418597461255963}. Best is trial 94 with value: 0.09252354502677917.
LOCAL_RANK: 0 - CUDA_VISIBLE_DEVICES: [0]
[I 2023-11-29 23:52:35,650] Trial 120 finished with value: 0.12302986532449722 and parameters: {'gradient_clip_val': 0.7490394347666411, 'hidden_size': 118, 'dropout': 0.37086397027221724, 'hidden_continuous_size': 77, 'attention_head_size': 1, 'learning_rate': 0.047965386548674986}. Best is trial 94 with value: 0.09252354502677917.
LOCAL_RANK: 0 - CUDA_VISIBLE_DEVICES: [0]
[I 2023-11-29 23:52:48,327] Trial 121 finished with value: 0.22048704326152802 and parameters: {'gradient_clip_val': 0.7986799703714555, 'hidden_size': 34, 'dropout': 0.29521269639688774, 'hidden_continuous_size': 32, 'attention_head_size': 2, 'learning_rate': 0.03658680159666975}. Best is trial 94 with value: 0.09252354502677917.
LOCAL_RANK: 0 - CUDA_VISIBLE_DEVICES: [0]
[I 2023-11-29 23:53:01,022] Trial 122 finished with value: 0.12365410476922989 and parameters: {'gradient_clip_val': 0.8789630794054426, 'hidden_size': 38, 'dropout': 0.3030952819481948, 'hidden_continuous_size': 35, 'attention_head_size': 1, 'learning_rate': 0.05025496168376344}. Best is trial 94 with value: 0.09252354502677917.
LOCAL_RANK: 0 - CUDA_VISIBLE_DEVICES: [0]
[I 2023-11-29 23:53:13,955] Trial 123 finished with value: 0.13851113617420197 and parameters: {'gradient_clip_val': 0.6368790502369378, 'hidden_size': 41, 'dropout': 0.3228729076877187, 'hidden_continuous_size': 38, 'attention_head_size': 1, 'learning_rate': 0.07993180882427565}. Best is trial 94 with value: 0.09252354502677917.
LOCAL_RANK: 0 - CUDA_VISIBLE_DEVICES: [0]
[I 2023-11-29 23:53:26,608] Trial 124 finished with value: 0.13145442306995392 and parameters: {'gradient_clip_val': 0.7983309548621856, 'hidden_size': 36, 'dropout': 0.31497486395349894, 'hidden_continuous_size': 33, 'attention_head_size': 3, 'learning_rate': 0.05941772192448367}. Best is trial 94 with value: 0.09252354502677917.
LOCAL_RANK: 0 - CUDA_VISIBLE_DEVICES: [0]
[I 2023-11-29 23:53:40,294] Trial 125 finished with value: 0.16613943874835968 and parameters: {'gradient_clip_val': 0.7248017005516226, 'hidden_size': 93, 'dropout': 0.34222442375595047, 'hidden_continuous_size': 28, 'attention_head_size': 1, 'learning_rate': 0.0696045146176496}. Best is trial 94 with value: 0.09252354502677917.
LOCAL_RANK: 0 - CUDA_VISIBLE_DEVICES: [0]
[I 2023-11-29 23:53:53,097] Trial 126 finished with value: 0.12429992109537125 and parameters: {'gradient_clip_val': 0.8591739156660829, 'hidden_size': 43, 'dropout': 0.2878524165963976, 'hidden_continuous_size': 25, 'attention_head_size': 2, 'learning_rate': 0.046846652548243266}. Best is trial 94 with value: 0.09252354502677917.
LOCAL_RANK: 0 - CUDA_VISIBLE_DEVICES: [0]
[I 2023-11-29 23:54:06,375] Trial 127 finished with value: 0.214912548661232 and parameters: {'gradient_clip_val': 0.9323308860408721, 'hidden_size': 67, 'dropout': 0.295090437382222, 'hidden_continuous_size': 31, 'attention_head_size': 1, 'learning_rate': 0.08926614816436272}. Best is trial 94 with value: 0.09252354502677917.
LOCAL_RANK: 0 - CUDA_VISIBLE_DEVICES: [0]
[I 2023-11-29 23:54:18,731] Trial 128 finished with value: 0.17662324011325836 and parameters: {'gradient_clip_val': 0.7591377818032374, 'hidden_size': 32, 'dropout': 0.3491549877775066, 'hidden_continuous_size': 31, 'attention_head_size': 1, 'learning_rate': 0.054279728642731215}. Best is trial 94 with value: 0.09252354502677917.
LOCAL_RANK: 0 - CUDA_VISIBLE_DEVICES: [0]
[I 2023-11-29 23:54:32,053] Trial 129 finished with value: 0.14270290732383728 and parameters: {'gradient_clip_val': 0.8265825723827517, 'hidden_size': 50, 'dropout': 0.3099838145271364, 'hidden_continuous_size': 43, 'attention_head_size': 1, 'learning_rate': 0.06535705561156305}. Best is trial 94 with value: 0.09252354502677917.
LOCAL_RANK: 0 - CUDA_VISIBLE_DEVICES: [0]
[I 2023-11-29 23:54:45,305] Trial 130 finished with value: 0.13718454539775848 and parameters: {'gradient_clip_val': 0.6728457875913855, 'hidden_size': 45, 'dropout': 0.27834425548808606, 'hidden_continuous_size': 39, 'attention_head_size': 1, 'learning_rate': 0.09979169709439911}. Best is trial 94 with value: 0.09252354502677917.
LOCAL_RANK: 0 - CUDA_VISIBLE_DEVICES: [0]
[I 2023-11-29 23:54:58,630] Trial 131 finished with value: 0.14147639274597168 and parameters: {'gradient_clip_val': 0.6958535652210163, 'hidden_size': 58, 'dropout': 0.34040087869672925, 'hidden_continuous_size': 46, 'attention_head_size': 1, 'learning_rate': 0.04949776199002651}. Best is trial 94 with value: 0.09252354502677917.
LOCAL_RANK: 0 - CUDA_VISIBLE_DEVICES: [0]
[I 2023-11-29 23:55:12,404] Trial 132 finished with value: 0.17864316701889038 and parameters: {'gradient_clip_val': 0.783247505513754, 'hidden_size': 105, 'dropout': 0.32854195743686304, 'hidden_continuous_size': 47, 'attention_head_size': 1, 'learning_rate': 0.04009616016562167}. Best is trial 94 with value: 0.09252354502677917.
LOCAL_RANK: 0 - CUDA_VISIBLE_DEVICES: [0]
[I 2023-11-29 23:55:25,360] Trial 133 finished with value: 0.1114797368645668 and parameters: {'gradient_clip_val': 0.6280277893284057, 'hidden_size': 39, 'dropout': 0.36461095554355427, 'hidden_continuous_size': 34, 'attention_head_size': 4, 'learning_rate': 0.043923232690021394}. Best is trial 94 with value: 0.09252354502677917.
LOCAL_RANK: 0 - CUDA_VISIBLE_DEVICES: [0]
[I 2023-11-29 23:55:38,014] Trial 134 finished with value: 0.23501527309417725 and parameters: {'gradient_clip_val': 0.6177994251122836, 'hidden_size': 36, 'dropout': 0.36349489408150976, 'hidden_continuous_size': 33, 'attention_head_size': 3, 'learning_rate': 0.04428739755467115}. Best is trial 94 with value: 0.09252354502677917.
LOCAL_RANK: 0 - CUDA_VISIBLE_DEVICES: [0]
[I 2023-11-29 23:55:51,021] Trial 135 finished with value: 0.13845328986644745 and parameters: {'gradient_clip_val': 0.6499737219057973, 'hidden_size': 40, 'dropout': 0.35166759034630696, 'hidden_continuous_size': 34, 'attention_head_size': 4, 'learning_rate': 0.029192049862310363}. Best is trial 94 with value: 0.09252354502677917.
LOCAL_RANK: 0 - CUDA_VISIBLE_DEVICES: [0]
[I 2023-11-29 23:56:03,842] Trial 136 finished with value: 0.19764463603496552 and parameters: {'gradient_clip_val': 0.4924198396688949, 'hidden_size': 38, 'dropout': 0.36658205359147344, 'hidden_continuous_size': 36, 'attention_head_size': 2, 'learning_rate': 0.0362189183187924}. Best is trial 94 with value: 0.09252354502677917.
LOCAL_RANK: 0 - CUDA_VISIBLE_DEVICES: [0]
[I 2023-11-29 23:56:16,970] Trial 137 finished with value: 0.12436676770448685 and parameters: {'gradient_clip_val': 0.5901537914614072, 'hidden_size': 42, 'dropout': 0.3727705201294553, 'hidden_continuous_size': 35, 'attention_head_size': 4, 'learning_rate': 0.05728452797377506}. Best is trial 94 with value: 0.09252354502677917.
LOCAL_RANK: 0 - CUDA_VISIBLE_DEVICES: [0]
