[I 2023-11-30 02:58:06,965] Trial 48 finished with value: 2.7908895015716553 and parameters: {'gradient_clip_val': 0.6058384317335053, 'hidden_size': 48, 'dropout': 0.1460211846438074, 'hidden_continuous_size': 17, 'attention_head_size': 3, 'learning_rate': 0.01742527875512227}. Best is trial 18 with value: 2.6915950775146484.
LOCAL_RANK: 0 - CUDA_VISIBLE_DEVICES: [0]
[I 2023-11-30 02:58:19,588] Trial 49 finished with value: 3.4028866291046143 and parameters: {'gradient_clip_val': 0.4475429714465171, 'hidden_size': 48, 'dropout': 0.14169063990694658, 'hidden_continuous_size': 17, 'attention_head_size': 4, 'learning_rate': 0.019420901244481557}. Best is trial 18 with value: 2.6915950775146484.
LOCAL_RANK: 0 - CUDA_VISIBLE_DEVICES: [0]
[I 2023-11-30 02:58:33,053] Trial 50 finished with value: 2.7799317836761475 and parameters: {'gradient_clip_val': 0.5287087086978005, 'hidden_size': 71, 'dropout': 0.10519542847251018, 'hidden_continuous_size': 22, 'attention_head_size': 3, 'learning_rate': 0.015508632266181854}. Best is trial 18 with value: 2.6915950775146484.
LOCAL_RANK: 0 - CUDA_VISIBLE_DEVICES: [0]
[I 2023-11-30 02:58:46,591] Trial 51 finished with value: 2.974034547805786 and parameters: {'gradient_clip_val': 0.6175466796822653, 'hidden_size': 67, 'dropout': 0.10202972263391363, 'hidden_continuous_size': 20, 'attention_head_size': 3, 'learning_rate': 0.01572111060654184}. Best is trial 18 with value: 2.6915950775146484.
LOCAL_RANK: 0 - CUDA_VISIBLE_DEVICES: [0]
[I 2023-11-30 02:59:00,042] Trial 52 finished with value: 3.23754620552063 and parameters: {'gradient_clip_val': 0.5240588709737317, 'hidden_size': 73, 'dropout': 0.12579309567415844, 'hidden_continuous_size': 23, 'attention_head_size': 3, 'learning_rate': 0.02301361763171472}. Best is trial 18 with value: 2.6915950775146484.
LOCAL_RANK: 0 - CUDA_VISIBLE_DEVICES: [0]
[I 2023-11-30 02:59:12,631] Trial 53 finished with value: 2.882622480392456 and parameters: {'gradient_clip_val': 0.45891643503361884, 'hidden_size': 40, 'dropout': 0.11127107246145554, 'hidden_continuous_size': 19, 'attention_head_size': 3, 'learning_rate': 0.01613199550644081}. Best is trial 18 with value: 2.6915950775146484.
LOCAL_RANK: 0 - CUDA_VISIBLE_DEVICES: [0]
[I 2023-11-30 02:59:25,534] Trial 54 finished with value: 3.0430147647857666 and parameters: {'gradient_clip_val': 0.56640600876626, 'hidden_size': 54, 'dropout': 0.151148345131439, 'hidden_continuous_size': 22, 'attention_head_size': 3, 'learning_rate': 0.012549816573595943}. Best is trial 18 with value: 2.6915950775146484.
LOCAL_RANK: 0 - CUDA_VISIBLE_DEVICES: [0]
[I 2023-11-30 02:59:38,504] Trial 55 finished with value: 2.940488815307617 and parameters: {'gradient_clip_val': 0.6258842259708238, 'hidden_size': 47, 'dropout': 0.14109082648072663, 'hidden_continuous_size': 23, 'attention_head_size': 3, 'learning_rate': 0.029141403589696954}. Best is trial 18 with value: 2.6915950775146484.
LOCAL_RANK: 0 - CUDA_VISIBLE_DEVICES: [0]
[I 2023-11-30 02:59:51,670] Trial 56 finished with value: 3.0060226917266846 and parameters: {'gradient_clip_val': 0.5060003186285367, 'hidden_size': 42, 'dropout': 0.1206574441764922, 'hidden_continuous_size': 21, 'attention_head_size': 4, 'learning_rate': 0.043951693976013624}. Best is trial 18 with value: 2.6915950775146484.
LOCAL_RANK: 0 - CUDA_VISIBLE_DEVICES: [0]
[I 2023-11-30 03:00:05,035] Trial 57 finished with value: 3.1210737228393555 and parameters: {'gradient_clip_val': 0.41471777416502825, 'hidden_size': 58, 'dropout': 0.1519416777610082, 'hidden_continuous_size': 29, 'attention_head_size': 3, 'learning_rate': 0.018663671361905543}. Best is trial 18 with value: 2.6915950775146484.
LOCAL_RANK: 0 - CUDA_VISIBLE_DEVICES: [0]
[I 2023-11-30 03:00:18,394] Trial 58 finished with value: 2.941291093826294 and parameters: {'gradient_clip_val': 0.5900242422890244, 'hidden_size': 62, 'dropout': 0.1058805506802833, 'hidden_continuous_size': 26, 'attention_head_size': 3, 'learning_rate': 0.03612952239852376}. Best is trial 18 with value: 2.6915950775146484.
LOCAL_RANK: 0 - CUDA_VISIBLE_DEVICES: [0]
[I 2023-11-30 03:00:31,670] Trial 59 finished with value: 3.2347850799560547 and parameters: {'gradient_clip_val': 0.5199503849056372, 'hidden_size': 76, 'dropout': 0.1277065526469851, 'hidden_continuous_size': 18, 'attention_head_size': 2, 'learning_rate': 0.025111665933988704}. Best is trial 18 with value: 2.6915950775146484.
LOCAL_RANK: 0 - CUDA_VISIBLE_DEVICES: [0]
[I 2023-11-30 03:00:44,609] Trial 60 finished with value: 3.357346773147583 and parameters: {'gradient_clip_val': 0.8076510180551696, 'hidden_size': 51, 'dropout': 0.11160856157265547, 'hidden_continuous_size': 15, 'attention_head_size': 3, 'learning_rate': 0.020685974406392776}. Best is trial 18 with value: 2.6915950775146484.
LOCAL_RANK: 0 - CUDA_VISIBLE_DEVICES: [0]
[I 2023-11-30 03:00:57,355] Trial 61 finished with value: 3.0462067127227783 and parameters: {'gradient_clip_val': 0.6848874161934017, 'hidden_size': 38, 'dropout': 0.16090008896647537, 'hidden_continuous_size': 14, 'attention_head_size': 2, 'learning_rate': 0.010821641804699217}. Best is trial 18 with value: 2.6915950775146484.
LOCAL_RANK: 0 - CUDA_VISIBLE_DEVICES: [0]
[I 2023-11-30 03:01:09,564] Trial 62 finished with value: 3.098849296569824 and parameters: {'gradient_clip_val': 0.6506079920795795, 'hidden_size': 32, 'dropout': 0.1363015106001609, 'hidden_continuous_size': 13, 'attention_head_size': 2, 'learning_rate': 0.01425822674579499}. Best is trial 18 with value: 2.6915950775146484.
LOCAL_RANK: 0 - CUDA_VISIBLE_DEVICES: [0]
[I 2023-11-30 03:01:22,358] Trial 63 finished with value: 2.663890838623047 and parameters: {'gradient_clip_val': 0.7234708804917864, 'hidden_size': 46, 'dropout': 0.14927969571275132, 'hidden_continuous_size': 17, 'attention_head_size': 2, 'learning_rate': 0.01678776825899909}. Best is trial 63 with value: 2.663890838623047.
LOCAL_RANK: 0 - CUDA_VISIBLE_DEVICES: [0]
[I 2023-11-30 03:01:35,079] Trial 64 finished with value: 2.8578855991363525 and parameters: {'gradient_clip_val': 0.7322829793929223, 'hidden_size': 46, 'dropout': 0.14544150337724293, 'hidden_continuous_size': 17, 'attention_head_size': 2, 'learning_rate': 0.01654297695554923}. Best is trial 63 with value: 2.663890838623047.
LOCAL_RANK: 0 - CUDA_VISIBLE_DEVICES: [0]
[I 2023-11-30 03:01:47,860] Trial 65 finished with value: 2.8864905834198 and parameters: {'gradient_clip_val': 0.7863175428634969, 'hidden_size': 39, 'dropout': 0.15135770358351847, 'hidden_continuous_size': 19, 'attention_head_size': 2, 'learning_rate': 0.018175940127680257}. Best is trial 63 with value: 2.663890838623047.
LOCAL_RANK: 0 - CUDA_VISIBLE_DEVICES: [0]
[I 2023-11-30 03:02:00,888] Trial 66 finished with value: 2.960014581680298 and parameters: {'gradient_clip_val': 0.9211082520092736, 'hidden_size': 52, 'dropout': 0.17830923721671277, 'hidden_continuous_size': 20, 'attention_head_size': 3, 'learning_rate': 0.021539023968991777}. Best is trial 63 with value: 2.663890838623047.
LOCAL_RANK: 0 - CUDA_VISIBLE_DEVICES: [0]
[I 2023-11-30 03:02:13,565] Trial 67 finished with value: 3.5820369720458984 and parameters: {'gradient_clip_val': 0.5738379598369491, 'hidden_size': 43, 'dropout': 0.12850159071701206, 'hidden_continuous_size': 16, 'attention_head_size': 2, 'learning_rate': 0.03201680992667383}. Best is trial 63 with value: 2.663890838623047.
LOCAL_RANK: 0 - CUDA_VISIBLE_DEVICES: [0]
[I 2023-11-30 03:02:26,608] Trial 68 finished with value: 3.1938180923461914 and parameters: {'gradient_clip_val': 0.47542420158490595, 'hidden_size': 62, 'dropout': 0.12180550365009638, 'hidden_continuous_size': 21, 'attention_head_size': 1, 'learning_rate': 0.040500088398978035}. Best is trial 63 with value: 2.663890838623047.
LOCAL_RANK: 0 - CUDA_VISIBLE_DEVICES: [0]
[I 2023-11-30 03:02:39,553] Trial 69 finished with value: 3.0336697101593018 and parameters: {'gradient_clip_val': 0.6373284973493288, 'hidden_size': 49, 'dropout': 0.1345384227252398, 'hidden_continuous_size': 17, 'attention_head_size': 3, 'learning_rate': 0.07762511696224128}. Best is trial 63 with value: 2.663890838623047.
LOCAL_RANK: 0 - CUDA_VISIBLE_DEVICES: [0]
[I 2023-11-30 03:02:52,057] Trial 70 finished with value: 2.8356893062591553 and parameters: {'gradient_clip_val': 0.7276884638739392, 'hidden_size': 36, 'dropout': 0.10188540810735494, 'hidden_continuous_size': 18, 'attention_head_size': 2, 'learning_rate': 0.02636723706565157}. Best is trial 63 with value: 2.663890838623047.
LOCAL_RANK: 0 - CUDA_VISIBLE_DEVICES: [0]
[I 2023-11-30 03:03:04,886] Trial 71 finished with value: 3.1627562046051025 and parameters: {'gradient_clip_val': 0.6632873641956808, 'hidden_size': 45, 'dropout': 0.16744435556541257, 'hidden_continuous_size': 15, 'attention_head_size': 2, 'learning_rate': 0.013094592415012247}. Best is trial 63 with value: 2.663890838623047.
LOCAL_RANK: 0 - CUDA_VISIBLE_DEVICES: [0]
[I 2023-11-30 03:03:17,550] Trial 72 finished with value: 2.9527838230133057 and parameters: {'gradient_clip_val': 0.696221288125224, 'hidden_size': 41, 'dropout': 0.1620849417722795, 'hidden_continuous_size': 14, 'attention_head_size': 2, 'learning_rate': 0.014965022031910639}. Best is trial 63 with value: 2.663890838623047.
LOCAL_RANK: 0 - CUDA_VISIBLE_DEVICES: [0]
[I 2023-11-30 03:03:30,393] Trial 73 finished with value: 3.6213738918304443 and parameters: {'gradient_clip_val': 0.7841274062483308, 'hidden_size': 55, 'dropout': 0.14304413704584573, 'hidden_continuous_size': 13, 'attention_head_size': 2, 'learning_rate': 0.011219861843840058}. Best is trial 63 with value: 2.663890838623047.
LOCAL_RANK: 0 - CUDA_VISIBLE_DEVICES: [0]
[I 2023-11-30 03:03:42,970] Trial 74 finished with value: 2.7817962169647217 and parameters: {'gradient_clip_val': 0.6050736367612316, 'hidden_size': 38, 'dropout': 0.15390994152075002, 'hidden_continuous_size': 14, 'attention_head_size': 2, 'learning_rate': 0.01741879514242916}. Best is trial 63 with value: 2.663890838623047.
LOCAL_RANK: 0 - CUDA_VISIBLE_DEVICES: [0]
[I 2023-11-30 03:03:55,472] Trial 75 finished with value: 3.1572048664093018 and parameters: {'gradient_clip_val': 0.5896539254512788, 'hidden_size': 38, 'dropout': 0.1534216547691258, 'hidden_continuous_size': 15, 'attention_head_size': 2, 'learning_rate': 0.017197719894548165}. Best is trial 63 with value: 2.663890838623047.
LOCAL_RANK: 0 - CUDA_VISIBLE_DEVICES: [0]
[I 2023-11-30 03:04:08,125] Trial 76 finished with value: 3.2374913692474365 and parameters: {'gradient_clip_val': 0.54734134799931, 'hidden_size': 29, 'dropout': 0.11860968125947266, 'hidden_continuous_size': 16, 'attention_head_size': 2, 'learning_rate': 0.022550506031872652}. Best is trial 63 with value: 2.663890838623047.
LOCAL_RANK: 0 - CUDA_VISIBLE_DEVICES: [0]
[I 2023-11-30 03:04:21,097] Trial 77 finished with value: 2.808553695678711 and parameters: {'gradient_clip_val': 0.6251807321329074, 'hidden_size': 50, 'dropout': 0.19912456314813198, 'hidden_continuous_size': 17, 'attention_head_size': 3, 'learning_rate': 0.05266221002114343}. Best is trial 63 with value: 2.663890838623047.
LOCAL_RANK: 0 - CUDA_VISIBLE_DEVICES: [0]
[I 2023-11-30 03:04:33,409] Trial 78 finished with value: 2.918497323989868 and parameters: {'gradient_clip_val': 0.5263503806859277, 'hidden_size': 36, 'dropout': 0.1868316958751676, 'hidden_continuous_size': 15, 'attention_head_size': 2, 'learning_rate': 0.01996944932339492}. Best is trial 63 with value: 2.663890838623047.
LOCAL_RANK: 0 - CUDA_VISIBLE_DEVICES: [0]
[I 2023-11-30 03:04:46,278] Trial 79 finished with value: 2.96769642829895 and parameters: {'gradient_clip_val': 0.8751798936761115, 'hidden_size': 58, 'dropout': 0.1334960961020279, 'hidden_continuous_size': 12, 'attention_head_size': 2, 'learning_rate': 0.014391998828713125}. Best is trial 63 with value: 2.663890838623047.
LOCAL_RANK: 0 - CUDA_VISIBLE_DEVICES: [0]
[I 2023-11-30 03:04:59,068] Trial 80 finished with value: 2.911944627761841 and parameters: {'gradient_clip_val': 0.5890553832993554, 'hidden_size': 46, 'dropout': 0.17888094602673724, 'hidden_continuous_size': 14, 'attention_head_size': 3, 'learning_rate': 0.024069164887356886}. Best is trial 63 with value: 2.663890838623047.
LOCAL_RANK: 0 - CUDA_VISIBLE_DEVICES: [0]
[I 2023-11-30 03:05:11,687] Trial 81 finished with value: 3.1696598529815674 and parameters: {'gradient_clip_val': 0.6679828007982165, 'hidden_size': 33, 'dropout': 0.16666028861587312, 'hidden_continuous_size': 13, 'attention_head_size': 2, 'learning_rate': 0.009501391514914624}. Best is trial 63 with value: 2.663890838623047.
LOCAL_RANK: 0 - CUDA_VISIBLE_DEVICES: [0]
[I 2023-11-30 03:05:24,219] Trial 82 finished with value: 2.8562934398651123 and parameters: {'gradient_clip_val': 0.6854989647747226, 'hidden_size': 34, 'dropout': 0.14698614850121286, 'hidden_continuous_size': 14, 'attention_head_size': 2, 'learning_rate': 0.0165165738613542}. Best is trial 63 with value: 2.663890838623047.
LOCAL_RANK: 0 - CUDA_VISIBLE_DEVICES: [0]
[I 2023-11-30 03:05:36,733] Trial 83 finished with value: 4.097883224487305 and parameters: {'gradient_clip_val': 0.7484910647307518, 'hidden_size': 41, 'dropout': 0.1573534604036368, 'hidden_continuous_size': 12, 'attention_head_size': 2, 'learning_rate': 0.012053660028947566}. Best is trial 63 with value: 2.663890838623047.
LOCAL_RANK: 0 - CUDA_VISIBLE_DEVICES: [0]
[I 2023-11-30 03:05:49,117] Trial 84 finished with value: 3.113652229309082 and parameters: {'gradient_clip_val': 0.7090421308393089, 'hidden_size': 30, 'dropout': 0.15954759499359764, 'hidden_continuous_size': 14, 'attention_head_size': 2, 'learning_rate': 0.013082492551639959}. Best is trial 63 with value: 2.663890838623047.
LOCAL_RANK: 0 - CUDA_VISIBLE_DEVICES: [0]
[I 2023-11-30 03:06:01,706] Trial 85 finished with value: 3.0378201007843018 and parameters: {'gradient_clip_val': 0.5615147044404314, 'hidden_size': 38, 'dropout': 0.1418433858205805, 'hidden_continuous_size': 11, 'attention_head_size': 2, 'learning_rate': 0.018310521281352785}. Best is trial 63 with value: 2.663890838623047.
LOCAL_RANK: 0 - CUDA_VISIBLE_DEVICES: [0]
[I 2023-11-30 03:06:14,549] Trial 86 finished with value: 2.855304718017578 and parameters: {'gradient_clip_val': 0.6116472665621433, 'hidden_size': 43, 'dropout': 0.1713992751028291, 'hidden_continuous_size': 19, 'attention_head_size': 1, 'learning_rate': 0.03005963462192302}. Best is trial 63 with value: 2.663890838623047.
LOCAL_RANK: 0 - CUDA_VISIBLE_DEVICES: [0]
[I 2023-11-30 03:06:27,236] Trial 87 finished with value: 2.7176952362060547 and parameters: {'gradient_clip_val': 0.6576509666979229, 'hidden_size': 35, 'dropout': 0.10875195650090387, 'hidden_continuous_size': 20, 'attention_head_size': 2, 'learning_rate': 0.014281197422937661}. Best is trial 63 with value: 2.663890838623047.
LOCAL_RANK: 0 - CUDA_VISIBLE_DEVICES: [0]
[I 2023-11-30 03:06:39,798] Trial 88 finished with value: 3.195571184158325 and parameters: {'gradient_clip_val': 0.49075349850167876, 'hidden_size': 31, 'dropout': 0.11070697760329223, 'hidden_continuous_size': 16, 'attention_head_size': 3, 'learning_rate': 0.014377056447460353}. Best is trial 63 with value: 2.663890838623047.
LOCAL_RANK: 0 - CUDA_VISIBLE_DEVICES: [0]
[I 2023-11-30 03:06:52,738] Trial 89 finished with value: 3.0393683910369873 and parameters: {'gradient_clip_val': 0.657473899399183, 'hidden_size': 49, 'dropout': 0.12175742240050955, 'hidden_continuous_size': 20, 'attention_head_size': 2, 'learning_rate': 0.0208176243340288}. Best is trial 63 with value: 2.663890838623047.
LOCAL_RANK: 0 - CUDA_VISIBLE_DEVICES: [0]
[I 2023-11-30 03:07:05,392] Trial 90 finished with value: 3.1783580780029297 and parameters: {'gradient_clip_val': 0.5306962286965156, 'hidden_size': 35, 'dropout': 0.13113282175889213, 'hidden_continuous_size': 18, 'attention_head_size': 4, 'learning_rate': 0.02511748190810934}. Best is trial 63 with value: 2.663890838623047.
LOCAL_RANK: 0 - CUDA_VISIBLE_DEVICES: [0]
[I 2023-11-30 03:07:17,783] Trial 91 finished with value: 3.4906797409057617 and parameters: {'gradient_clip_val': 0.5920230407659094, 'hidden_size': 27, 'dropout': 0.10725257099709455, 'hidden_continuous_size': 13, 'attention_head_size': 2, 'learning_rate': 0.01582441434396695}. Best is trial 63 with value: 2.663890838623047.
LOCAL_RANK: 0 - CUDA_VISIBLE_DEVICES: [0]
[I 2023-11-30 03:07:30,399] Trial 92 finished with value: 3.214228868484497 and parameters: {'gradient_clip_val': 0.8146496557909984, 'hidden_size': 33, 'dropout': 0.13817923924422518, 'hidden_continuous_size': 22, 'attention_head_size': 2, 'learning_rate': 0.009811283345031294}. Best is trial 63 with value: 2.663890838623047.
LOCAL_RANK: 0 - CUDA_VISIBLE_DEVICES: [0]
[I 2023-11-30 03:07:42,921] Trial 93 finished with value: 3.7594668865203857 and parameters: {'gradient_clip_val': 0.7128420353594302, 'hidden_size': 40, 'dropout': 0.11497030726905694, 'hidden_continuous_size': 21, 'attention_head_size': 2, 'learning_rate': 0.01149957340301403}. Best is trial 63 with value: 2.663890838623047.
LOCAL_RANK: 0 - CUDA_VISIBLE_DEVICES: [0]
[I 2023-11-30 03:07:55,526] Trial 94 finished with value: 2.9092464447021484 and parameters: {'gradient_clip_val': 0.6177023468469607, 'hidden_size': 44, 'dropout': 0.1490013080936728, 'hidden_continuous_size': 19, 'attention_head_size': 2, 'learning_rate': 0.018045075586525103}. Best is trial 63 with value: 2.663890838623047.
LOCAL_RANK: 0 - CUDA_VISIBLE_DEVICES: [0]
[I 2023-11-30 03:08:08,202] Trial 95 finished with value: 3.08503794670105 and parameters: {'gradient_clip_val': 0.7636310904325181, 'hidden_size': 37, 'dropout': 0.12721394697821586, 'hidden_continuous_size': 20, 'attention_head_size': 2, 'learning_rate': 0.013583018920242452}. Best is trial 63 with value: 2.663890838623047.
LOCAL_RANK: 0 - CUDA_VISIBLE_DEVICES: [0]
[I 2023-11-30 03:08:21,270] Trial 96 finished with value: 3.122161865234375 and parameters: {'gradient_clip_val': 0.5578706458330013, 'hidden_size': 47, 'dropout': 0.1556555335815035, 'hidden_continuous_size': 23, 'attention_head_size': 3, 'learning_rate': 0.022694353110415465}. Best is trial 63 with value: 2.663890838623047.
LOCAL_RANK: 0 - CUDA_VISIBLE_DEVICES: [0]
[I 2023-11-30 03:08:33,709] Trial 97 finished with value: 3.048184394836426 and parameters: {'gradient_clip_val': 0.6357078806990324, 'hidden_size': 30, 'dropout': 0.12122224034884468, 'hidden_continuous_size': 17, 'attention_head_size': 2, 'learning_rate': 0.019624281244776217}. Best is trial 63 with value: 2.663890838623047.
LOCAL_RANK: 0 - CUDA_VISIBLE_DEVICES: [0]
[I 2023-11-30 03:08:46,530] Trial 98 finished with value: 3.2339775562286377 and parameters: {'gradient_clip_val': 0.6678443939748375, 'hidden_size': 41, 'dropout': 0.14173053051658926, 'hidden_continuous_size': 21, 'attention_head_size': 3, 'learning_rate': 0.015378940881627787}. Best is trial 63 with value: 2.663890838623047.
LOCAL_RANK: 0 - CUDA_VISIBLE_DEVICES: [0]
[I 2023-11-30 03:08:59,518] Trial 99 finished with value: 3.1182754039764404 and parameters: {'gradient_clip_val': 0.7248619359491666, 'hidden_size': 52, 'dropout': 0.13200793208710482, 'hidden_continuous_size': 24, 'attention_head_size': 2, 'learning_rate': 0.00785465545091449}. Best is trial 63 with value: 2.663890838623047.
LOCAL_RANK: 0 - CUDA_VISIBLE_DEVICES: [0]
[I 2023-11-30 03:09:12,007] Trial 100 finished with value: 3.131802797317505 and parameters: {'gradient_clip_val': 0.5979183366560816, 'hidden_size': 44, 'dropout': 0.10032155695920708, 'hidden_continuous_size': 18, 'attention_head_size': 2, 'learning_rate': 0.02718349189059172}. Best is trial 63 with value: 2.663890838623047.
LOCAL_RANK: 0 - CUDA_VISIBLE_DEVICES: [0]
[I 2023-11-30 03:09:25,082] Trial 101 finished with value: 3.066683530807495 and parameters: {'gradient_clip_val': 0.6384265171229381, 'hidden_size': 51, 'dropout': 0.20772338063089418, 'hidden_continuous_size': 15, 'attention_head_size': 3, 'learning_rate': 0.05281470464297182}. Best is trial 63 with value: 2.663890838623047.
LOCAL_RANK: 0 - CUDA_VISIBLE_DEVICES: [0]
[I 2023-11-30 03:09:37,830] Trial 102 finished with value: 3.154881238937378 and parameters: {'gradient_clip_val': 0.6277204617319859, 'hidden_size': 48, 'dropout': 0.19420108010871795, 'hidden_continuous_size': 17, 'attention_head_size': 3, 'learning_rate': 0.033829709192396085}. Best is trial 63 with value: 2.663890838623047.
LOCAL_RANK: 0 - CUDA_VISIBLE_DEVICES: [0]
[I 2023-11-30 03:09:50,441] Trial 103 finished with value: 3.8731253147125244 and parameters: {'gradient_clip_val': 0.5397480595514565, 'hidden_size': 35, 'dropout': 0.14777189400625074, 'hidden_continuous_size': 16, 'attention_head_size': 3, 'learning_rate': 0.060472861084849}. Best is trial 63 with value: 2.663890838623047.
LOCAL_RANK: 0 - CUDA_VISIBLE_DEVICES: [0]
[I 2023-11-30 03:10:03,441] Trial 104 finished with value: 2.9809787273406982 and parameters: {'gradient_clip_val': 0.5701370341970254, 'hidden_size': 56, 'dropout': 0.16435505890592145, 'hidden_continuous_size': 22, 'attention_head_size': 3, 'learning_rate': 0.01725388151299979}. Best is trial 63 with value: 2.663890838623047.
LOCAL_RANK: 0 - CUDA_VISIBLE_DEVICES: [0]
[I 2023-11-30 03:10:16,137] Trial 105 finished with value: 2.7638633251190186 and parameters: {'gradient_clip_val': 0.6911299804338327, 'hidden_size': 39, 'dropout': 0.1378588297709485, 'hidden_continuous_size': 20, 'attention_head_size': 3, 'learning_rate': 0.04939707919973631}. Best is trial 63 with value: 2.663890838623047.
LOCAL_RANK: 0 - CUDA_VISIBLE_DEVICES: [0]
[I 2023-11-30 03:10:29,133] Trial 106 finished with value: 2.804579496383667 and parameters: {'gradient_clip_val': 0.686970107202963, 'hidden_size': 38, 'dropout': 0.13656017241360544, 'hidden_continuous_size': 20, 'attention_head_size': 3, 'learning_rate': 0.040720673133386974}. Best is trial 63 with value: 2.663890838623047.
LOCAL_RANK: 0 - CUDA_VISIBLE_DEVICES: [0]
