[I 2023-11-29 22:40:55,841] Trial 91 finished with value: 0.10816621035337448 and parameters: {'gradient_clip_val': 0.3807519898165054, 'hidden_size': 56, 'dropout': 0.14752608674064654, 'hidden_continuous_size': 27, 'attention_head_size': 2, 'learning_rate': 0.06751385739927881}. Best is trial 24 with value: 0.07185082882642746.
LOCAL_RANK: 0 - CUDA_VISIBLE_DEVICES: [0]
[I 2023-11-29 22:41:09,006] Trial 92 finished with value: 0.09679313749074936 and parameters: {'gradient_clip_val': 0.3254217419467387, 'hidden_size': 55, 'dropout': 0.1568353868427266, 'hidden_continuous_size': 30, 'attention_head_size': 2, 'learning_rate': 0.04938886619552582}. Best is trial 24 with value: 0.07185082882642746.
LOCAL_RANK: 0 - CUDA_VISIBLE_DEVICES: [0]
[I 2023-11-29 22:41:22,349] Trial 93 finished with value: 0.13075220584869385 and parameters: {'gradient_clip_val': 0.40016325308801753, 'hidden_size': 62, 'dropout': 0.1630216690552485, 'hidden_continuous_size': 32, 'attention_head_size': 2, 'learning_rate': 0.0566386248390056}. Best is trial 24 with value: 0.07185082882642746.
LOCAL_RANK: 0 - CUDA_VISIBLE_DEVICES: [0]
[I 2023-11-29 22:41:35,638] Trial 94 finished with value: 0.10724761337041855 and parameters: {'gradient_clip_val': 0.3708681203252265, 'hidden_size': 53, 'dropout': 0.1231753340274193, 'hidden_continuous_size': 25, 'attention_head_size': 2, 'learning_rate': 0.0573204919907334}. Best is trial 24 with value: 0.07185082882642746.
LOCAL_RANK: 0 - CUDA_VISIBLE_DEVICES: [0]
[I 2023-11-29 22:41:48,526] Trial 95 finished with value: 0.13384312391281128 and parameters: {'gradient_clip_val': 0.34899521050401894, 'hidden_size': 48, 'dropout': 0.1479912847388618, 'hidden_continuous_size': 30, 'attention_head_size': 2, 'learning_rate': 0.08010001330179864}. Best is trial 24 with value: 0.07185082882642746.
LOCAL_RANK: 0 - CUDA_VISIBLE_DEVICES: [0]
[I 2023-11-29 22:42:01,932] Trial 96 finished with value: 0.12986993789672852 and parameters: {'gradient_clip_val': 0.42509030994337754, 'hidden_size': 68, 'dropout': 0.12839415859255865, 'hidden_continuous_size': 27, 'attention_head_size': 2, 'learning_rate': 0.06673724335411184}. Best is trial 24 with value: 0.07185082882642746.
LOCAL_RANK: 0 - CUDA_VISIBLE_DEVICES: [0]
[I 2023-11-29 22:42:15,503] Trial 97 finished with value: 0.1615910828113556 and parameters: {'gradient_clip_val': 0.4795347762504399, 'hidden_size': 76, 'dropout': 0.140665041956426, 'hidden_continuous_size': 42, 'attention_head_size': 2, 'learning_rate': 0.055091547867832165}. Best is trial 24 with value: 0.07185082882642746.
LOCAL_RANK: 0 - CUDA_VISIBLE_DEVICES: [0]
[I 2023-11-29 22:42:29,121] Trial 98 finished with value: 0.11132263392210007 and parameters: {'gradient_clip_val': 0.5448771059782439, 'hidden_size': 66, 'dropout': 0.1672649399778189, 'hidden_continuous_size': 29, 'attention_head_size': 2, 'learning_rate': 0.0429021123445735}. Best is trial 24 with value: 0.07185082882642746.
LOCAL_RANK: 0 - CUDA_VISIBLE_DEVICES: [0]
[I 2023-11-29 22:42:42,595] Trial 99 finished with value: 0.08954674005508423 and parameters: {'gradient_clip_val': 0.447804154220045, 'hidden_size': 60, 'dropout': 0.1579080793939954, 'hidden_continuous_size': 34, 'attention_head_size': 2, 'learning_rate': 0.033697202955215444}. Best is trial 24 with value: 0.07185082882642746.
LOCAL_RANK: 0 - CUDA_VISIBLE_DEVICES: [0]
[I 2023-11-29 22:42:55,846] Trial 100 finished with value: 0.10896604508161545 and parameters: {'gradient_clip_val': 0.45026561380342733, 'hidden_size': 72, 'dropout': 0.11888397134046048, 'hidden_continuous_size': 34, 'attention_head_size': 2, 'learning_rate': 0.03371659079960671}. Best is trial 24 with value: 0.07185082882642746.
LOCAL_RANK: 0 - CUDA_VISIBLE_DEVICES: [0]
[I 2023-11-29 22:43:09,093] Trial 101 finished with value: 0.09432230144739151 and parameters: {'gradient_clip_val': 0.39303599006946566, 'hidden_size': 61, 'dropout': 0.1584621272546429, 'hidden_continuous_size': 32, 'attention_head_size': 2, 'learning_rate': 0.028295230030932327}. Best is trial 24 with value: 0.07185082882642746.
LOCAL_RANK: 0 - CUDA_VISIBLE_DEVICES: [0]
[I 2023-11-29 22:43:22,063] Trial 102 finished with value: 0.12007907778024673 and parameters: {'gradient_clip_val': 0.4101239352740202, 'hidden_size': 53, 'dropout': 0.1362702681265182, 'hidden_continuous_size': 24, 'attention_head_size': 2, 'learning_rate': 0.07171800319189622}. Best is trial 24 with value: 0.07185082882642746.
LOCAL_RANK: 0 - CUDA_VISIBLE_DEVICES: [0]
[I 2023-11-29 22:43:34,931] Trial 103 finished with value: 0.1231083869934082 and parameters: {'gradient_clip_val': 0.3658230816101716, 'hidden_size': 44, 'dropout': 0.15440053352860617, 'hidden_continuous_size': 35, 'attention_head_size': 2, 'learning_rate': 0.04839940291727627}. Best is trial 24 with value: 0.07185082882642746.
LOCAL_RANK: 0 - CUDA_VISIBLE_DEVICES: [0]
[I 2023-11-29 22:43:48,275] Trial 104 finished with value: 0.1282774806022644 and parameters: {'gradient_clip_val': 0.34014630937521423, 'hidden_size': 50, 'dropout': 0.14941185469170248, 'hidden_continuous_size': 33, 'attention_head_size': 2, 'learning_rate': 0.03788119150501397}. Best is trial 24 with value: 0.07185082882642746.
LOCAL_RANK: 0 - CUDA_VISIBLE_DEVICES: [0]
[I 2023-11-29 22:44:01,695] Trial 105 finished with value: 0.1626167744398117 and parameters: {'gradient_clip_val': 0.3085646544247838, 'hidden_size': 58, 'dropout': 0.18331005632988043, 'hidden_continuous_size': 36, 'attention_head_size': 3, 'learning_rate': 0.09077347287386653}. Best is trial 24 with value: 0.07185082882642746.
LOCAL_RANK: 0 - CUDA_VISIBLE_DEVICES: [0]
[I 2023-11-29 22:44:14,570] Trial 106 finished with value: 0.10917967557907104 and parameters: {'gradient_clip_val': 0.4341112770559828, 'hidden_size': 47, 'dropout': 0.1702470422977136, 'hidden_continuous_size': 22, 'attention_head_size': 2, 'learning_rate': 0.08013729411148288}. Best is trial 24 with value: 0.07185082882642746.
LOCAL_RANK: 0 - CUDA_VISIBLE_DEVICES: [0]
[I 2023-11-29 22:44:27,980] Trial 107 finished with value: 0.10397917777299881 and parameters: {'gradient_clip_val': 0.46480520090393834, 'hidden_size': 62, 'dropout': 0.17496017004086128, 'hidden_continuous_size': 40, 'attention_head_size': 3, 'learning_rate': 0.05638535044501336}. Best is trial 24 with value: 0.07185082882642746.
LOCAL_RANK: 0 - CUDA_VISIBLE_DEVICES: [0]
[I 2023-11-29 22:44:40,781] Trial 108 finished with value: 0.11336477845907211 and parameters: {'gradient_clip_val': 0.5595803404308055, 'hidden_size': 42, 'dropout': 0.16245173083021575, 'hidden_continuous_size': 18, 'attention_head_size': 2, 'learning_rate': 0.06471631276528776}. Best is trial 24 with value: 0.07185082882642746.
LOCAL_RANK: 0 - CUDA_VISIBLE_DEVICES: [0]
[I 2023-11-29 22:44:53,973] Trial 109 finished with value: 0.11228396743535995 and parameters: {'gradient_clip_val': 0.3760452605688879, 'hidden_size': 55, 'dropout': 0.13124731605053902, 'hidden_continuous_size': 24, 'attention_head_size': 2, 'learning_rate': 0.04835910066513515}. Best is trial 24 with value: 0.07185082882642746.
LOCAL_RANK: 0 - CUDA_VISIBLE_DEVICES: [0]
[I 2023-11-29 22:45:07,462] Trial 110 finished with value: 0.10476434975862503 and parameters: {'gradient_clip_val': 0.39777353650155006, 'hidden_size': 65, 'dropout': 0.14111302501477058, 'hidden_continuous_size': 32, 'attention_head_size': 3, 'learning_rate': 0.04196512493219295}. Best is trial 24 with value: 0.07185082882642746.
LOCAL_RANK: 0 - CUDA_VISIBLE_DEVICES: [0]
[I 2023-11-29 22:45:20,265] Trial 111 finished with value: 0.07974265515804291 and parameters: {'gradient_clip_val': 0.27941667077634863, 'hidden_size': 38, 'dropout': 0.1731758338929162, 'hidden_continuous_size': 16, 'attention_head_size': 3, 'learning_rate': 0.0748806026346469}. Best is trial 24 with value: 0.07185082882642746.
LOCAL_RANK: 0 - CUDA_VISIBLE_DEVICES: [0]
[I 2023-11-29 22:45:33,091] Trial 112 finished with value: 0.15216994285583496 and parameters: {'gradient_clip_val': 0.29364795871152194, 'hidden_size': 46, 'dropout': 0.18622543381391338, 'hidden_continuous_size': 16, 'attention_head_size': 3, 'learning_rate': 0.07258045839073089}. Best is trial 24 with value: 0.07185082882642746.
LOCAL_RANK: 0 - CUDA_VISIBLE_DEVICES: [0]
[I 2023-11-29 22:45:45,680] Trial 113 finished with value: 0.12754030525684357 and parameters: {'gradient_clip_val': 0.2751779049081469, 'hidden_size': 38, 'dropout': 0.1725572487176224, 'hidden_continuous_size': 17, 'attention_head_size': 3, 'learning_rate': 0.05929030800310816}. Best is trial 24 with value: 0.07185082882642746.
LOCAL_RANK: 0 - CUDA_VISIBLE_DEVICES: [0]
[I 2023-11-29 22:45:58,736] Trial 114 finished with value: 0.13846571743488312 and parameters: {'gradient_clip_val': 0.3181818337300474, 'hidden_size': 52, 'dropout': 0.15756217275829051, 'hidden_continuous_size': 19, 'attention_head_size': 3, 'learning_rate': 0.09965174872406354}. Best is trial 24 with value: 0.07185082882642746.
LOCAL_RANK: 0 - CUDA_VISIBLE_DEVICES: [0]
[I 2023-11-29 22:46:11,835] Trial 115 finished with value: 0.067470021545887 and parameters: {'gradient_clip_val': 0.3553322067684816, 'hidden_size': 49, 'dropout': 0.16577061524360964, 'hidden_continuous_size': 23, 'attention_head_size': 3, 'learning_rate': 0.08168860083870721}. Best is trial 115 with value: 0.067470021545887.
LOCAL_RANK: 0 - CUDA_VISIBLE_DEVICES: [0]
[I 2023-11-29 22:46:24,553] Trial 116 finished with value: 0.12180322408676147 and parameters: {'gradient_clip_val': 0.35292718693348873, 'hidden_size': 42, 'dropout': 0.14467973082120716, 'hidden_continuous_size': 21, 'attention_head_size': 3, 'learning_rate': 0.07684453047435397}. Best is trial 115 with value: 0.067470021545887.
LOCAL_RANK: 0 - CUDA_VISIBLE_DEVICES: [0]
[I 2023-11-29 22:46:37,304] Trial 117 finished with value: 0.10952868312597275 and parameters: {'gradient_clip_val': 0.33070123666824297, 'hidden_size': 38, 'dropout': 0.16518547905152167, 'hidden_continuous_size': 20, 'attention_head_size': 2, 'learning_rate': 0.08139684042190598}. Best is trial 115 with value: 0.067470021545887.
LOCAL_RANK: 0 - CUDA_VISIBLE_DEVICES: [0]
[I 2023-11-29 22:46:50,203] Trial 118 finished with value: 0.1441681832075119 and parameters: {'gradient_clip_val': 0.4153890275643859, 'hidden_size': 49, 'dropout': 0.10932752610845047, 'hidden_continuous_size': 23, 'attention_head_size': 3, 'learning_rate': 0.09005414724363384}. Best is trial 115 with value: 0.067470021545887.
LOCAL_RANK: 0 - CUDA_VISIBLE_DEVICES: [0]
[I 2023-11-29 22:47:03,805] Trial 119 finished with value: 0.36786898970603943 and parameters: {'gradient_clip_val': 0.25804465319143305, 'hidden_size': 70, 'dropout': 0.151604762813581, 'hidden_continuous_size': 38, 'attention_head_size': 2, 'learning_rate': 0.06406075151762802}. Best is trial 115 with value: 0.067470021545887.
LOCAL_RANK: 0 - CUDA_VISIBLE_DEVICES: [0]
[I 2023-11-29 22:47:16,376] Trial 120 finished with value: 0.10145329684019089 and parameters: {'gradient_clip_val': 0.4451761357390078, 'hidden_size': 36, 'dropout': 0.13693239658218387, 'hidden_continuous_size': 22, 'attention_head_size': 3, 'learning_rate': 0.06821434275099951}. Best is trial 115 with value: 0.067470021545887.
LOCAL_RANK: 0 - CUDA_VISIBLE_DEVICES: [0]
[I 2023-11-29 22:47:29,603] Trial 121 finished with value: 0.12012717127799988 and parameters: {'gradient_clip_val': 0.2831372765010338, 'hidden_size': 60, 'dropout': 0.17659892558667228, 'hidden_continuous_size': 27, 'attention_head_size': 3, 'learning_rate': 0.05981975040528277}. Best is trial 115 with value: 0.067470021545887.
LOCAL_RANK: 0 - CUDA_VISIBLE_DEVICES: [0]
[I 2023-11-29 22:47:42,350] Trial 122 finished with value: 0.13478994369506836 and parameters: {'gradient_clip_val': 0.35536108021570156, 'hidden_size': 33, 'dropout': 0.16668021147409454, 'hidden_continuous_size': 31, 'attention_head_size': 3, 'learning_rate': 0.0517786300434487}. Best is trial 115 with value: 0.067470021545887.
LOCAL_RANK: 0 - CUDA_VISIBLE_DEVICES: [0]
[I 2023-11-29 22:47:55,334] Trial 123 finished with value: 0.1801406890153885 and parameters: {'gradient_clip_val': 0.3806945696470157, 'hidden_size': 56, 'dropout': 0.1583297918834583, 'hidden_continuous_size': 25, 'attention_head_size': 3, 'learning_rate': 0.08555813168792994}. Best is trial 115 with value: 0.067470021545887.
LOCAL_RANK: 0 - CUDA_VISIBLE_DEVICES: [0]
[I 2023-11-29 22:48:08,401] Trial 124 finished with value: 0.21134088933467865 and parameters: {'gradient_clip_val': 0.30288648683567276, 'hidden_size': 49, 'dropout': 0.18186330688275879, 'hidden_continuous_size': 22, 'attention_head_size': 3, 'learning_rate': 0.07230400060695534}. Best is trial 115 with value: 0.067470021545887.
LOCAL_RANK: 0 - CUDA_VISIBLE_DEVICES: [0]
[I 2023-11-29 22:48:21,303] Trial 125 finished with value: 0.0986250564455986 and parameters: {'gradient_clip_val': 0.24716779252076232, 'hidden_size': 46, 'dropout': 0.1500258272020662, 'hidden_continuous_size': 15, 'attention_head_size': 3, 'learning_rate': 0.054176013393735206}. Best is trial 115 with value: 0.067470021545887.
LOCAL_RANK: 0 - CUDA_VISIBLE_DEVICES: [0]
[I 2023-11-29 22:48:34,105] Trial 126 finished with value: 0.18778729438781738 and parameters: {'gradient_clip_val': 0.3273399098055337, 'hidden_size': 43, 'dropout': 0.12618831613577647, 'hidden_continuous_size': 21, 'attention_head_size': 2, 'learning_rate': 0.034024042821509504}. Best is trial 115 with value: 0.067470021545887.
LOCAL_RANK: 0 - CUDA_VISIBLE_DEVICES: [0]
[I 2023-11-29 22:48:46,743] Trial 127 finished with value: 0.09618761390447617 and parameters: {'gradient_clip_val': 0.29138292884252076, 'hidden_size': 40, 'dropout': 0.171528271551393, 'hidden_continuous_size': 19, 'attention_head_size': 2, 'learning_rate': 0.0459155785227421}. Best is trial 115 with value: 0.067470021545887.
LOCAL_RANK: 0 - CUDA_VISIBLE_DEVICES: [0]
[I 2023-11-29 22:49:00,222] Trial 128 finished with value: 0.14711372554302216 and parameters: {'gradient_clip_val': 0.42716772120997926, 'hidden_size': 77, 'dropout': 0.18919790453665047, 'hidden_continuous_size': 26, 'attention_head_size': 3, 'learning_rate': 0.0652306792960686}. Best is trial 115 with value: 0.067470021545887.
LOCAL_RANK: 0 - CUDA_VISIBLE_DEVICES: [0]
[I 2023-11-29 22:49:13,541] Trial 129 finished with value: 0.13051345944404602 and parameters: {'gradient_clip_val': 0.4025842098277629, 'hidden_size': 53, 'dropout': 0.14378626557433627, 'hidden_continuous_size': 29, 'attention_head_size': 2, 'learning_rate': 0.0930504154684341}. Best is trial 115 with value: 0.067470021545887.
LOCAL_RANK: 0 - CUDA_VISIBLE_DEVICES: [0]
[I 2023-11-29 22:49:27,004] Trial 130 finished with value: 0.143896222114563 and parameters: {'gradient_clip_val': 0.4825868771243191, 'hidden_size': 66, 'dropout': 0.1623333628968815, 'hidden_continuous_size': 26, 'attention_head_size': 3, 'learning_rate': 0.07602693139548972}. Best is trial 115 with value: 0.067470021545887.
LOCAL_RANK: 0 - CUDA_VISIBLE_DEVICES: [0]
[I 2023-11-29 22:49:39,448] Trial 131 finished with value: 0.07572687417268753 and parameters: {'gradient_clip_val': 0.31644259887011517, 'hidden_size': 29, 'dropout': 0.19626761183039906, 'hidden_continuous_size': 28, 'attention_head_size': 1, 'learning_rate': 0.08316787653429307}. Best is trial 115 with value: 0.067470021545887.
LOCAL_RANK: 0 - CUDA_VISIBLE_DEVICES: [0]
[I 2023-11-29 22:49:51,853] Trial 132 finished with value: 0.0813155323266983 and parameters: {'gradient_clip_val': 0.3098688367945037, 'hidden_size': 32, 'dropout': 0.19956740504166143, 'hidden_continuous_size': 27, 'attention_head_size': 1, 'learning_rate': 0.06928318666758704}. Best is trial 115 with value: 0.067470021545887.
LOCAL_RANK: 0 - CUDA_VISIBLE_DEVICES: [0]
[I 2023-11-29 22:50:04,339] Trial 133 finished with value: 0.13726924359798431 and parameters: {'gradient_clip_val': 0.316881753291548, 'hidden_size': 28, 'dropout': 0.17918639365774877, 'hidden_continuous_size': 27, 'attention_head_size': 1, 'learning_rate': 0.08314555445726532}. Best is trial 115 with value: 0.067470021545887.
LOCAL_RANK: 0 - CUDA_VISIBLE_DEVICES: [0]
[I 2023-11-29 22:50:16,816] Trial 134 finished with value: 0.10214260965585709 and parameters: {'gradient_clip_val': 0.3394006126978617, 'hidden_size': 31, 'dropout': 0.19841393115939737, 'hidden_continuous_size': 30, 'attention_head_size': 1, 'learning_rate': 0.07335086769847216}. Best is trial 115 with value: 0.067470021545887.
LOCAL_RANK: 0 - CUDA_VISIBLE_DEVICES: [0]
[I 2023-11-29 22:50:29,481] Trial 135 finished with value: 0.12973247468471527 and parameters: {'gradient_clip_val': 0.278073398227696, 'hidden_size': 34, 'dropout': 0.1337803800623546, 'hidden_continuous_size': 28, 'attention_head_size': 1, 'learning_rate': 0.06666430683426075}. Best is trial 115 with value: 0.067470021545887.
LOCAL_RANK: 0 - CUDA_VISIBLE_DEVICES: [0]
[I 2023-11-29 22:50:41,929] Trial 136 finished with value: 0.09885769337415695 and parameters: {'gradient_clip_val': 0.3617209666581377, 'hidden_size': 29, 'dropout': 0.19189448161141026, 'hidden_continuous_size': 28, 'attention_head_size': 1, 'learning_rate': 0.09529641628890273}. Best is trial 115 with value: 0.067470021545887.
LOCAL_RANK: 0 - CUDA_VISIBLE_DEVICES: [0]
[I 2023-11-29 22:50:54,548] Trial 137 finished with value: 0.09756487607955933 and parameters: {'gradient_clip_val': 0.3815349100240409, 'hidden_size': 33, 'dropout': 0.11963457061270145, 'hidden_continuous_size': 31, 'attention_head_size': 1, 'learning_rate': 0.05456769389424397}. Best is trial 115 with value: 0.067470021545887.
LOCAL_RANK: 0 - CUDA_VISIBLE_DEVICES: [0]
[I 2023-11-29 22:51:08,044] Trial 138 finished with value: 0.11276187747716904 and parameters: {'gradient_clip_val': 0.22703690331939944, 'hidden_size': 84, 'dropout': 0.15481524960545115, 'hidden_continuous_size': 34, 'attention_head_size': 1, 'learning_rate': 0.0852553781061965}. Best is trial 115 with value: 0.067470021545887.
LOCAL_RANK: 0 - CUDA_VISIBLE_DEVICES: [0]
[I 2023-11-29 22:51:20,445] Trial 139 finished with value: 0.08660665899515152 and parameters: {'gradient_clip_val': 0.26670625544631227, 'hidden_size': 26, 'dropout': 0.20777694507279618, 'hidden_continuous_size': 25, 'attention_head_size': 1, 'learning_rate': 0.05985740446068034}. Best is trial 115 with value: 0.067470021545887.
LOCAL_RANK: 0 - CUDA_VISIBLE_DEVICES: [0]
[I 2023-11-29 22:51:32,575] Trial 140 finished with value: 0.3111173212528229 and parameters: {'gradient_clip_val': 0.2098675559107545, 'hidden_size': 28, 'dropout': 0.20461078219727202, 'hidden_continuous_size': 27, 'attention_head_size': 1, 'learning_rate': 0.026759383349613218}. Best is trial 115 with value: 0.067470021545887.
LOCAL_RANK: 0 - CUDA_VISIBLE_DEVICES: [0]
[I 2023-11-29 22:51:44,544] Trial 141 finished with value: 0.10127660632133484 and parameters: {'gradient_clip_val': 0.25824102403263577, 'hidden_size': 24, 'dropout': 0.2125381593805663, 'hidden_continuous_size': 23, 'attention_head_size': 1, 'learning_rate': 0.06247421517341753}. Best is trial 115 with value: 0.067470021545887.
LOCAL_RANK: 0 - CUDA_VISIBLE_DEVICES: [0]
[I 2023-11-29 22:51:56,849] Trial 142 finished with value: 0.09714388847351074 and parameters: {'gradient_clip_val': 0.27260669356640144, 'hidden_size': 25, 'dropout': 0.17574426368705431, 'hidden_continuous_size': 24, 'attention_head_size': 1, 'learning_rate': 0.06951835081005839}. Best is trial 115 with value: 0.067470021545887.
LOCAL_RANK: 0 - CUDA_VISIBLE_DEVICES: [0]
[I 2023-11-29 22:52:09,241] Trial 143 finished with value: 0.14305181801319122 and parameters: {'gradient_clip_val': 0.3161157261618628, 'hidden_size': 27, 'dropout': 0.18530408599880582, 'hidden_continuous_size': 25, 'attention_head_size': 1, 'learning_rate': 0.03156300959850591}. Best is trial 115 with value: 0.067470021545887.
LOCAL_RANK: 0 - CUDA_VISIBLE_DEVICES: [0]
[I 2023-11-29 22:52:21,838] Trial 144 finished with value: 0.1445281058549881 and parameters: {'gradient_clip_val': 0.24865366450348725, 'hidden_size': 30, 'dropout': 0.1966669759582207, 'hidden_continuous_size': 29, 'attention_head_size': 1, 'learning_rate': 0.05849399983869953}. Best is trial 115 with value: 0.067470021545887.
LOCAL_RANK: 0 - CUDA_VISIBLE_DEVICES: [0]
[I 2023-11-29 22:52:33,917] Trial 145 finished with value: 0.11299643665552139 and parameters: {'gradient_clip_val': 0.302601552391157, 'hidden_size': 32, 'dropout': 0.16933604306725433, 'hidden_continuous_size': 16, 'attention_head_size': 1, 'learning_rate': 0.07972764804194649}. Best is trial 115 with value: 0.067470021545887.
LOCAL_RANK: 0 - CUDA_VISIBLE_DEVICES: [0]
[I 2023-11-29 22:52:47,310] Trial 146 finished with value: 0.12308212369680405 and parameters: {'gradient_clip_val': 0.4577619686515173, 'hidden_size': 74, 'dropout': 0.20383227359106953, 'hidden_continuous_size': 25, 'attention_head_size': 2, 'learning_rate': 0.04740278150682687}. Best is trial 115 with value: 0.067470021545887.
LOCAL_RANK: 0 - CUDA_VISIBLE_DEVICES: [0]
[I 2023-11-29 22:53:00,009] Trial 147 finished with value: 0.10884759575128555 and parameters: {'gradient_clip_val': 0.23625103305483441, 'hidden_size': 37, 'dropout': 0.1620269606692873, 'hidden_continuous_size': 34, 'attention_head_size': 2, 'learning_rate': 0.0390565674749052}. Best is trial 115 with value: 0.067470021545887.
LOCAL_RANK: 0 - CUDA_VISIBLE_DEVICES: [0]
[I 2023-11-29 22:53:13,317] Trial 148 finished with value: 0.08774956315755844 and parameters: {'gradient_clip_val': 0.3473092591706438, 'hidden_size': 96, 'dropout': 0.14624036859630862, 'hidden_continuous_size': 18, 'attention_head_size': 2, 'learning_rate': 0.04302663146418265}. Best is trial 115 with value: 0.067470021545887.
LOCAL_RANK: 0 - CUDA_VISIBLE_DEVICES: [0]
