[I 2023-11-30 06:20:28,545] Trial 81 finished with value: 35.589839935302734 and parameters: {'gradient_clip_val': 0.6256148007506537, 'hidden_size': 68, 'dropout': 0.12920453246745717, 'hidden_continuous_size': 37, 'attention_head_size': 2, 'learning_rate': 0.028307761209211687}. Best is trial 22 with value: 21.644515991210938.
LOCAL_RANK: 0 - CUDA_VISIBLE_DEVICES: [0]
[I 2023-11-30 06:20:41,681] Trial 82 finished with value: 28.62175178527832 and parameters: {'gradient_clip_val': 0.6929853119752282, 'hidden_size': 52, 'dropout': 0.1295685272570312, 'hidden_continuous_size': 39, 'attention_head_size': 2, 'learning_rate': 0.03179896713407411}. Best is trial 22 with value: 21.644515991210938.
LOCAL_RANK: 0 - CUDA_VISIBLE_DEVICES: [0]
[I 2023-11-30 06:20:55,070] Trial 83 finished with value: 26.3561954498291 and parameters: {'gradient_clip_val': 0.8309284790503452, 'hidden_size': 84, 'dropout': 0.13924192907969887, 'hidden_continuous_size': 32, 'attention_head_size': 2, 'learning_rate': 0.020934878278298628}. Best is trial 22 with value: 21.644515991210938.
LOCAL_RANK: 0 - CUDA_VISIBLE_DEVICES: [0]
[I 2023-11-30 06:21:08,665] Trial 84 finished with value: 30.88657569885254 and parameters: {'gradient_clip_val': 0.5431853862108855, 'hidden_size': 73, 'dropout': 0.1592442150899087, 'hidden_continuous_size': 35, 'attention_head_size': 2, 'learning_rate': 0.015631837653625812}. Best is trial 22 with value: 21.644515991210938.
LOCAL_RANK: 0 - CUDA_VISIBLE_DEVICES: [0]
[I 2023-11-30 06:21:22,442] Trial 85 finished with value: 25.58930778503418 and parameters: {'gradient_clip_val': 0.7492431338907685, 'hidden_size': 90, 'dropout': 0.17410263316931687, 'hidden_continuous_size': 29, 'attention_head_size': 2, 'learning_rate': 0.025242560924011132}. Best is trial 22 with value: 21.644515991210938.
LOCAL_RANK: 0 - CUDA_VISIBLE_DEVICES: [0]
[I 2023-11-30 06:21:35,834] Trial 86 finished with value: 24.49522590637207 and parameters: {'gradient_clip_val': 0.6721844828244846, 'hidden_size': 64, 'dropout': 0.12177402221679318, 'hidden_continuous_size': 46, 'attention_head_size': 3, 'learning_rate': 0.019322884574245754}. Best is trial 22 with value: 21.644515991210938.
LOCAL_RANK: 0 - CUDA_VISIBLE_DEVICES: [0]
[I 2023-11-30 06:21:49,451] Trial 87 finished with value: 27.686037063598633 and parameters: {'gradient_clip_val': 0.6553675565146735, 'hidden_size': 100, 'dropout': 0.15458886145685924, 'hidden_continuous_size': 31, 'attention_head_size': 2, 'learning_rate': 0.05145601918435361}. Best is trial 22 with value: 21.644515991210938.
LOCAL_RANK: 0 - CUDA_VISIBLE_DEVICES: [0]
[I 2023-11-30 06:22:02,756] Trial 88 finished with value: 28.784887313842773 and parameters: {'gradient_clip_val': 0.4217395883213844, 'hidden_size': 56, 'dropout': 0.18707987983583318, 'hidden_continuous_size': 41, 'attention_head_size': 3, 'learning_rate': 0.04462757707136993}. Best is trial 22 with value: 21.644515991210938.
LOCAL_RANK: 0 - CUDA_VISIBLE_DEVICES: [0]
[I 2023-11-30 06:22:16,361] Trial 89 finished with value: 28.107940673828125 and parameters: {'gradient_clip_val': 0.47633233699736605, 'hidden_size': 71, 'dropout': 0.1317649842802262, 'hidden_continuous_size': 53, 'attention_head_size': 2, 'learning_rate': 0.04010504327934668}. Best is trial 22 with value: 21.644515991210938.
LOCAL_RANK: 0 - CUDA_VISIBLE_DEVICES: [0]
[I 2023-11-30 06:22:30,373] Trial 90 finished with value: 22.40296745300293 and parameters: {'gradient_clip_val': 0.6329080362290667, 'hidden_size': 111, 'dropout': 0.16662580867697366, 'hidden_continuous_size': 26, 'attention_head_size': 3, 'learning_rate': 0.03375559722938864}. Best is trial 22 with value: 21.644515991210938.
LOCAL_RANK: 0 - CUDA_VISIBLE_DEVICES: [0]
[I 2023-11-30 06:22:44,028] Trial 91 finished with value: 29.081939697265625 and parameters: {'gradient_clip_val': 0.6435667934755963, 'hidden_size': 96, 'dropout': 0.1682250195714062, 'hidden_continuous_size': 28, 'attention_head_size': 3, 'learning_rate': 0.031771861171312504}. Best is trial 22 with value: 21.644515991210938.
LOCAL_RANK: 0 - CUDA_VISIBLE_DEVICES: [0]
[I 2023-11-30 06:22:57,979] Trial 92 finished with value: 33.058414459228516 and parameters: {'gradient_clip_val': 0.6086090956395095, 'hidden_size': 105, 'dropout': 0.18086445198289983, 'hidden_continuous_size': 33, 'attention_head_size': 3, 'learning_rate': 0.035732114398962476}. Best is trial 22 with value: 21.644515991210938.
LOCAL_RANK: 0 - CUDA_VISIBLE_DEVICES: [0]
[I 2023-11-30 06:23:11,880] Trial 93 finished with value: 26.24460792541504 and parameters: {'gradient_clip_val': 0.5734086425435938, 'hidden_size': 114, 'dropout': 0.14868476989828053, 'hidden_continuous_size': 26, 'attention_head_size': 3, 'learning_rate': 0.030284833481447476}. Best is trial 22 with value: 21.644515991210938.
LOCAL_RANK: 0 - CUDA_VISIBLE_DEVICES: [0]
[I 2023-11-30 06:23:25,706] Trial 94 finished with value: 27.754852294921875 and parameters: {'gradient_clip_val': 0.5213279350758885, 'hidden_size': 77, 'dropout': 0.16270880900543186, 'hidden_continuous_size': 49, 'attention_head_size': 3, 'learning_rate': 0.025818522364172918}. Best is trial 22 with value: 21.644515991210938.
LOCAL_RANK: 0 - CUDA_VISIBLE_DEVICES: [0]
[I 2023-11-30 06:23:39,603] Trial 95 finished with value: 24.749114990234375 and parameters: {'gradient_clip_val': 0.4955635847165634, 'hidden_size': 83, 'dropout': 0.17559191816969838, 'hidden_continuous_size': 37, 'attention_head_size': 3, 'learning_rate': 0.04963861896824974}. Best is trial 22 with value: 21.644515991210938.
LOCAL_RANK: 0 - CUDA_VISIBLE_DEVICES: [0]
[I 2023-11-30 06:23:53,440] Trial 96 finished with value: 29.92378044128418 and parameters: {'gradient_clip_val': 0.7154739422397645, 'hidden_size': 93, 'dropout': 0.13516632171010617, 'hidden_continuous_size': 44, 'attention_head_size': 2, 'learning_rate': 0.01766685250323609}. Best is trial 22 with value: 21.644515991210938.
LOCAL_RANK: 0 - CUDA_VISIBLE_DEVICES: [0]
[I 2023-11-30 06:24:07,486] Trial 97 finished with value: 32.04330825805664 and parameters: {'gradient_clip_val': 0.5929387782029183, 'hidden_size': 125, 'dropout': 0.14081507578066052, 'hidden_continuous_size': 34, 'attention_head_size': 3, 'learning_rate': 0.021455861661706686}. Best is trial 22 with value: 21.644515991210938.
LOCAL_RANK: 0 - CUDA_VISIBLE_DEVICES: [0]
[I 2023-11-30 06:24:21,325] Trial 98 finished with value: 22.810630798339844 and parameters: {'gradient_clip_val': 0.6401800950752288, 'hidden_size': 109, 'dropout': 0.15615108889486473, 'hidden_continuous_size': 26, 'attention_head_size': 1, 'learning_rate': 0.044431484862387544}. Best is trial 22 with value: 21.644515991210938.
LOCAL_RANK: 0 - CUDA_VISIBLE_DEVICES: [0]
[I 2023-11-30 06:24:35,154] Trial 99 finished with value: 30.9945125579834 and parameters: {'gradient_clip_val': 0.556835399034954, 'hidden_size': 107, 'dropout': 0.19159902676234236, 'hidden_continuous_size': 26, 'attention_head_size': 1, 'learning_rate': 0.06342239082542617}. Best is trial 22 with value: 21.644515991210938.
LOCAL_RANK: 0 - CUDA_VISIBLE_DEVICES: [0]
[I 2023-11-30 06:24:49,346] Trial 100 finished with value: 27.221960067749023 and parameters: {'gradient_clip_val': 0.4621241698838932, 'hidden_size': 141, 'dropout': 0.17129410570568357, 'hidden_continuous_size': 24, 'attention_head_size': 1, 'learning_rate': 0.04421049946627917}. Best is trial 22 with value: 21.644515991210938.
LOCAL_RANK: 0 - CUDA_VISIBLE_DEVICES: [0]
[I 2023-11-30 06:25:03,007] Trial 101 finished with value: 25.22550392150879 and parameters: {'gradient_clip_val': 0.6381337500064824, 'hidden_size': 112, 'dropout': 0.15549541192883642, 'hidden_continuous_size': 31, 'attention_head_size': 1, 'learning_rate': 0.039034558005911116}. Best is trial 22 with value: 21.644515991210938.
LOCAL_RANK: 0 - CUDA_VISIBLE_DEVICES: [0]
[I 2023-11-30 06:25:16,795] Trial 102 finished with value: 23.114370346069336 and parameters: {'gradient_clip_val': 0.6667972645819618, 'hidden_size': 98, 'dropout': 0.18228853999920386, 'hidden_continuous_size': 36, 'attention_head_size': 1, 'learning_rate': 0.03369659710457412}. Best is trial 22 with value: 21.644515991210938.
LOCAL_RANK: 0 - CUDA_VISIBLE_DEVICES: [0]
[I 2023-11-30 06:25:30,778] Trial 103 finished with value: 25.758026123046875 and parameters: {'gradient_clip_val': 0.7599994894666865, 'hidden_size': 122, 'dropout': 0.1998739837300347, 'hidden_continuous_size': 36, 'attention_head_size': 1, 'learning_rate': 0.034504139893343014}. Best is trial 22 with value: 21.644515991210938.
LOCAL_RANK: 0 - CUDA_VISIBLE_DEVICES: [0]
[I 2023-11-30 06:25:44,500] Trial 104 finished with value: 33.020816802978516 and parameters: {'gradient_clip_val': 0.708162292910766, 'hidden_size': 97, 'dropout': 0.18154662854103465, 'hidden_continuous_size': 42, 'attention_head_size': 1, 'learning_rate': 0.04108230334311992}. Best is trial 22 with value: 21.644515991210938.
LOCAL_RANK: 0 - CUDA_VISIBLE_DEVICES: [0]
[I 2023-11-30 06:25:58,312] Trial 105 finished with value: 30.412504196166992 and parameters: {'gradient_clip_val': 0.8095266506306444, 'hidden_size': 86, 'dropout': 0.16631785214515657, 'hidden_continuous_size': 39, 'attention_head_size': 1, 'learning_rate': 0.05402098406908453}. Best is trial 22 with value: 21.644515991210938.
LOCAL_RANK: 0 - CUDA_VISIBLE_DEVICES: [0]
[I 2023-11-30 06:26:12,008] Trial 106 finished with value: 29.52235221862793 and parameters: {'gradient_clip_val': 0.875569783295393, 'hidden_size': 90, 'dropout': 0.18971314996364264, 'hidden_continuous_size': 46, 'attention_head_size': 1, 'learning_rate': 0.03382697612518302}. Best is trial 22 with value: 21.644515991210938.
LOCAL_RANK: 0 - CUDA_VISIBLE_DEVICES: [0]
[I 2023-11-30 06:26:25,682] Trial 107 finished with value: 33.73333740234375 and parameters: {'gradient_clip_val': 0.61559197829842, 'hidden_size': 103, 'dropout': 0.1624650852299112, 'hidden_continuous_size': 29, 'attention_head_size': 1, 'learning_rate': 0.027626258294001442}. Best is trial 22 with value: 21.644515991210938.
LOCAL_RANK: 0 - CUDA_VISIBLE_DEVICES: [0]
[I 2023-11-30 06:26:39,605] Trial 108 finished with value: 27.78519630432129 and parameters: {'gradient_clip_val': 0.5181098829228407, 'hidden_size': 111, 'dropout': 0.14579477479044997, 'hidden_continuous_size': 50, 'attention_head_size': 1, 'learning_rate': 0.04386220354423469}. Best is trial 22 with value: 21.644515991210938.
LOCAL_RANK: 0 - CUDA_VISIBLE_DEVICES: [0]
[I 2023-11-30 06:26:53,365] Trial 109 finished with value: 32.46209716796875 and parameters: {'gradient_clip_val': 0.6657128254605686, 'hidden_size': 99, 'dropout': 0.17616091843798712, 'hidden_continuous_size': 38, 'attention_head_size': 1, 'learning_rate': 0.0759202003803853}. Best is trial 22 with value: 21.644515991210938.
LOCAL_RANK: 0 - CUDA_VISIBLE_DEVICES: [0]
[I 2023-11-30 06:27:07,405] Trial 110 finished with value: 23.97304344177246 and parameters: {'gradient_clip_val': 0.7786700819738819, 'hidden_size': 79, 'dropout': 0.1848779649558344, 'hidden_continuous_size': 43, 'attention_head_size': 4, 'learning_rate': 0.06043784037406583}. Best is trial 22 with value: 21.644515991210938.
LOCAL_RANK: 0 - CUDA_VISIBLE_DEVICES: [0]
[I 2023-11-30 06:27:21,061] Trial 111 finished with value: 21.76915740966797 and parameters: {'gradient_clip_val': 0.6908521096826219, 'hidden_size': 92, 'dropout': 0.1570172888311671, 'hidden_continuous_size': 34, 'attention_head_size': 2, 'learning_rate': 0.02321626550033474}. Best is trial 22 with value: 21.644515991210938.
LOCAL_RANK: 0 - CUDA_VISIBLE_DEVICES: [0]
[I 2023-11-30 06:27:35,180] Trial 112 finished with value: 23.303247451782227 and parameters: {'gradient_clip_val': 0.7303553976173635, 'hidden_size': 117, 'dropout': 0.1506068655843012, 'hidden_continuous_size': 36, 'attention_head_size': 3, 'learning_rate': 0.023416421752815778}. Best is trial 22 with value: 21.644515991210938.
LOCAL_RANK: 0 - CUDA_VISIBLE_DEVICES: [0]
[I 2023-11-30 06:27:48,935] Trial 113 finished with value: 29.767730712890625 and parameters: {'gradient_clip_val': 0.6991162614588482, 'hidden_size': 93, 'dropout': 0.15624959200869531, 'hidden_continuous_size': 41, 'attention_head_size': 2, 'learning_rate': 0.026686060305725262}. Best is trial 22 with value: 21.644515991210938.
LOCAL_RANK: 0 - CUDA_VISIBLE_DEVICES: [0]
[I 2023-11-30 06:28:02,936] Trial 114 finished with value: 23.875335693359375 and parameters: {'gradient_clip_val': 0.5826313717317938, 'hidden_size': 129, 'dropout': 0.16999800040465246, 'hidden_continuous_size': 34, 'attention_head_size': 1, 'learning_rate': 0.022513568187221913}. Best is trial 22 with value: 21.644515991210938.
LOCAL_RANK: 0 - CUDA_VISIBLE_DEVICES: [0]
[I 2023-11-30 06:28:16,627] Trial 115 finished with value: 27.79323387145996 and parameters: {'gradient_clip_val': 0.5473738396815251, 'hidden_size': 84, 'dropout': 0.17850652300023218, 'hidden_continuous_size': 40, 'attention_head_size': 3, 'learning_rate': 0.02996804594499504}. Best is trial 22 with value: 21.644515991210938.
LOCAL_RANK: 0 - CUDA_VISIBLE_DEVICES: [0]
[I 2023-11-30 06:28:30,319] Trial 116 finished with value: 21.96053123474121 and parameters: {'gradient_clip_val': 0.6296294159854456, 'hidden_size': 108, 'dropout': 0.16483461464689206, 'hidden_continuous_size': 31, 'attention_head_size': 1, 'learning_rate': 0.03687961837675926}. Best is trial 22 with value: 21.644515991210938.
LOCAL_RANK: 0 - CUDA_VISIBLE_DEVICES: [0]
[I 2023-11-30 06:28:44,140] Trial 117 finished with value: 34.39448165893555 and parameters: {'gradient_clip_val': 0.6261636754611565, 'hidden_size': 118, 'dropout': 0.1620454029777874, 'hidden_continuous_size': 27, 'attention_head_size': 2, 'learning_rate': 0.04816905571300978}. Best is trial 22 with value: 21.644515991210938.
LOCAL_RANK: 0 - CUDA_VISIBLE_DEVICES: [0]
[I 2023-11-30 06:28:57,994] Trial 118 finished with value: 23.827362060546875 and parameters: {'gradient_clip_val': 0.4349220825875637, 'hidden_size': 107, 'dropout': 0.14485391337719594, 'hidden_continuous_size': 30, 'attention_head_size': 3, 'learning_rate': 0.01939131021129288}. Best is trial 22 with value: 21.644515991210938.
LOCAL_RANK: 0 - CUDA_VISIBLE_DEVICES: [0]
[I 2023-11-30 06:29:11,632] Trial 119 finished with value: 23.719924926757812 and parameters: {'gradient_clip_val': 0.5343243292650568, 'hidden_size': 76, 'dropout': 0.1580606392217854, 'hidden_continuous_size': 48, 'attention_head_size': 2, 'learning_rate': 0.03802798073298936}. Best is trial 22 with value: 21.644515991210938.
LOCAL_RANK: 0 - CUDA_VISIBLE_DEVICES: [0]
[I 2023-11-30 06:29:25,825] Trial 120 finished with value: 28.485586166381836 and parameters: {'gradient_clip_val': 0.38434214082876533, 'hidden_size': 138, 'dropout': 0.21398311149954624, 'hidden_continuous_size': 32, 'attention_head_size': 1, 'learning_rate': 0.053427040888419965}. Best is trial 22 with value: 21.644515991210938.
LOCAL_RANK: 0 - CUDA_VISIBLE_DEVICES: [0]
[I 2023-11-30 06:29:39,603] Trial 121 finished with value: 24.881187438964844 and parameters: {'gradient_clip_val': 0.6885329703454552, 'hidden_size': 98, 'dropout': 0.16899112006370162, 'hidden_continuous_size': 37, 'attention_head_size': 1, 'learning_rate': 0.033052056296576295}. Best is trial 22 with value: 21.644515991210938.
LOCAL_RANK: 0 - CUDA_VISIBLE_DEVICES: [0]
[I 2023-11-30 06:29:53,247] Trial 122 finished with value: 31.98570442199707 and parameters: {'gradient_clip_val': 0.6685041004543023, 'hidden_size': 90, 'dropout': 0.19800587535982414, 'hidden_continuous_size': 35, 'attention_head_size': 1, 'learning_rate': 0.024936776465153014}. Best is trial 22 with value: 21.644515991210938.
LOCAL_RANK: 0 - CUDA_VISIBLE_DEVICES: [0]
[I 2023-11-30 06:30:06,987] Trial 123 finished with value: 31.591737747192383 and parameters: {'gradient_clip_val': 0.7292307739034533, 'hidden_size': 126, 'dropout': 0.15224686134576856, 'hidden_continuous_size': 29, 'attention_head_size': 1, 'learning_rate': 0.037314233838117584}. Best is trial 22 with value: 21.644515991210938.
LOCAL_RANK: 0 - CUDA_VISIBLE_DEVICES: [0]
[I 2023-11-30 06:30:20,650] Trial 124 finished with value: 27.0146427154541 and parameters: {'gradient_clip_val': 0.5942294587841346, 'hidden_size': 101, 'dropout': 0.1730634310276945, 'hidden_continuous_size': 31, 'attention_head_size': 1, 'learning_rate': 0.01642944096436458}. Best is trial 22 with value: 21.644515991210938.
LOCAL_RANK: 0 - CUDA_VISIBLE_DEVICES: [0]
[I 2023-11-30 06:30:34,566] Trial 125 finished with value: 29.721948623657227 and parameters: {'gradient_clip_val': 0.6448781547995168, 'hidden_size': 110, 'dropout': 0.18477850689247285, 'hidden_continuous_size': 33, 'attention_head_size': 1, 'learning_rate': 0.03138558736663155}. Best is trial 22 with value: 21.644515991210938.
LOCAL_RANK: 0 - CUDA_VISIBLE_DEVICES: [0]
[I 2023-11-30 06:30:48,377] Trial 126 finished with value: 24.970565795898438 and parameters: {'gradient_clip_val': 0.48292843307869826, 'hidden_size': 89, 'dropout': 0.1386901971921631, 'hidden_continuous_size': 39, 'attention_head_size': 3, 'learning_rate': 0.04491352887743997}. Best is trial 22 with value: 21.644515991210938.
LOCAL_RANK: 0 - CUDA_VISIBLE_DEVICES: [0]
[I 2023-11-30 06:31:02,221] Trial 127 finished with value: 30.05470085144043 and parameters: {'gradient_clip_val': 0.5032302729712764, 'hidden_size': 83, 'dropout': 0.1644361019797633, 'hidden_continuous_size': 64, 'attention_head_size': 2, 'learning_rate': 0.03471413353144528}. Best is trial 22 with value: 21.644515991210938.
LOCAL_RANK: 0 - CUDA_VISIBLE_DEVICES: [0]
[I 2023-11-30 06:31:15,935] Trial 128 finished with value: 25.829652786254883 and parameters: {'gradient_clip_val': 0.7604632378578634, 'hidden_size': 72, 'dropout': 0.192568318030724, 'hidden_continuous_size': 55, 'attention_head_size': 3, 'learning_rate': 0.06968443686735208}. Best is trial 22 with value: 21.644515991210938.
LOCAL_RANK: 0 - CUDA_VISIBLE_DEVICES: [0]
[I 2023-11-30 06:31:29,502] Trial 129 finished with value: 28.643674850463867 and parameters: {'gradient_clip_val': 0.6073331272990738, 'hidden_size': 96, 'dropout': 0.2066556262659211, 'hidden_continuous_size': 25, 'attention_head_size': 1, 'learning_rate': 0.02108586186277272}. Best is trial 22 with value: 21.644515991210938.
LOCAL_RANK: 0 - CUDA_VISIBLE_DEVICES: [0]
[I 2023-11-30 06:31:43,173] Trial 130 finished with value: 23.633398056030273 and parameters: {'gradient_clip_val': 0.555359259193116, 'hidden_size': 104, 'dropout': 0.17940639235540146, 'hidden_continuous_size': 27, 'attention_head_size': 2, 'learning_rate': 0.02806484330751464}. Best is trial 22 with value: 21.644515991210938.
LOCAL_RANK: 0 - CUDA_VISIBLE_DEVICES: [0]
[I 2023-11-30 06:31:56,686] Trial 131 finished with value: 22.11180877685547 and parameters: {'gradient_clip_val': 0.667650893071633, 'hidden_size': 66, 'dropout': 0.11848078083220687, 'hidden_continuous_size': 35, 'attention_head_size': 2, 'learning_rate': 0.040655192747660454}. Best is trial 22 with value: 21.644515991210938.
LOCAL_RANK: 0 - CUDA_VISIBLE_DEVICES: [0]
[I 2023-11-30 06:32:10,146] Trial 132 finished with value: 23.3592529296875 and parameters: {'gradient_clip_val': 0.6887424649868681, 'hidden_size': 61, 'dropout': 0.12486778307857457, 'hidden_continuous_size': 45, 'attention_head_size': 2, 'learning_rate': 0.04165756828894846}. Best is trial 22 with value: 21.644515991210938.
LOCAL_RANK: 0 - CUDA_VISIBLE_DEVICES: [0]
[I 2023-11-30 06:32:23,457] Trial 133 finished with value: 24.477928161621094 and parameters: {'gradient_clip_val': 0.6636732122546406, 'hidden_size': 66, 'dropout': 0.10838007753650418, 'hidden_continuous_size': 35, 'attention_head_size': 2, 'learning_rate': 0.049512643823854154}. Best is trial 22 with value: 21.644515991210938.
LOCAL_RANK: 0 - CUDA_VISIBLE_DEVICES: [0]
[I 2023-11-30 06:32:37,145] Trial 134 finished with value: 33.0334587097168 and parameters: {'gradient_clip_val': 0.6273834522801109, 'hidden_size': 80, 'dropout': 0.11913480243912357, 'hidden_continuous_size': 41, 'attention_head_size': 2, 'learning_rate': 0.058934814852522825}. Best is trial 22 with value: 21.644515991210938.
LOCAL_RANK: 0 - CUDA_VISIBLE_DEVICES: [0]
[I 2023-11-30 06:32:50,655] Trial 135 finished with value: 24.673398971557617 and parameters: {'gradient_clip_val': 0.585761491395254, 'hidden_size': 70, 'dropout': 0.23738339245954984, 'hidden_continuous_size': 37, 'attention_head_size': 2, 'learning_rate': 0.038425785452214714}. Best is trial 22 with value: 21.644515991210938.
LOCAL_RANK: 0 - CUDA_VISIBLE_DEVICES: [0]
[I 2023-11-30 06:33:04,126] Trial 136 finished with value: 27.598983764648438 and parameters: {'gradient_clip_val': 0.45609574517205004, 'hidden_size': 58, 'dropout': 0.15969521203498463, 'hidden_continuous_size': 43, 'attention_head_size': 3, 'learning_rate': 0.02498711298481529}. Best is trial 22 with value: 21.644515991210938.
LOCAL_RANK: 0 - CUDA_VISIBLE_DEVICES: [0]
[I 2023-11-30 06:33:17,562] Trial 137 finished with value: 30.889799118041992 and parameters: {'gradient_clip_val': 0.7445886054020957, 'hidden_size': 76, 'dropout': 0.14826446480351166, 'hidden_continuous_size': 38, 'attention_head_size': 1, 'learning_rate': 0.029978246487946454}. Best is trial 22 with value: 21.644515991210938.
LOCAL_RANK: 0 - CUDA_VISIBLE_DEVICES: [0]
[I 2023-11-30 06:33:30,956] Trial 138 finished with value: 34.96051788330078 and parameters: {'gradient_clip_val': 0.8042535412912586, 'hidden_size': 63, 'dropout': 0.13466666293782956, 'hidden_continuous_size': 51, 'attention_head_size': 2, 'learning_rate': 0.018235076931138756}. Best is trial 22 with value: 21.644515991210938.
LOCAL_RANK: 0 - CUDA_VISIBLE_DEVICES: [0]
[I 2023-11-30 06:33:44,686] Trial 139 finished with value: 26.416086196899414 and parameters: {'gradient_clip_val': 0.7051291346672597, 'hidden_size': 85, 'dropout': 0.16812100102136837, 'hidden_continuous_size': 30, 'attention_head_size': 3, 'learning_rate': 0.036055839062515624}. Best is trial 22 with value: 21.644515991210938.
LOCAL_RANK: 0 - CUDA_VISIBLE_DEVICES: [0]
