[I 2023-11-30 01:54:07,087] Trial 57 finished with value: 77.5565414428711 and parameters: {'gradient_clip_val': 0.1631248096914778, 'hidden_size': 84, 'dropout': 0.22544954662271768, 'hidden_continuous_size': 68, 'attention_head_size': 3, 'learning_rate': 0.09780551951985798}. Best is trial 16 with value: 53.88914489746094.
LOCAL_RANK: 0 - CUDA_VISIBLE_DEVICES: [0]
[I 2023-11-30 01:54:21,199] Trial 58 finished with value: 68.31045532226562 and parameters: {'gradient_clip_val': 0.13955088310360114, 'hidden_size': 102, 'dropout': 0.2769651817539228, 'hidden_continuous_size': 77, 'attention_head_size': 2, 'learning_rate': 0.02435556810655118}. Best is trial 16 with value: 53.88914489746094.
LOCAL_RANK: 0 - CUDA_VISIBLE_DEVICES: [0]
[I 2023-11-30 01:54:35,058] Trial 59 finished with value: 80.03821563720703 and parameters: {'gradient_clip_val': 0.12247784026656693, 'hidden_size': 100, 'dropout': 0.28017437269384915, 'hidden_continuous_size': 57, 'attention_head_size': 2, 'learning_rate': 0.017651769000452264}. Best is trial 16 with value: 53.88914489746094.
LOCAL_RANK: 0 - CUDA_VISIBLE_DEVICES: [0]
[I 2023-11-30 01:54:49,103] Trial 60 finished with value: 73.41828155517578 and parameters: {'gradient_clip_val': 0.1878204020149358, 'hidden_size': 123, 'dropout': 0.28570022339224577, 'hidden_continuous_size': 49, 'attention_head_size': 2, 'learning_rate': 0.023188868433042537}. Best is trial 16 with value: 53.88914489746094.
LOCAL_RANK: 0 - CUDA_VISIBLE_DEVICES: [0]
[I 2023-11-30 01:55:03,303] Trial 61 finished with value: 59.04080581665039 and parameters: {'gradient_clip_val': 0.14665674249686736, 'hidden_size': 109, 'dropout': 0.26837447322790425, 'hidden_continuous_size': 75, 'attention_head_size': 2, 'learning_rate': 0.038391081618875084}. Best is trial 16 with value: 53.88914489746094.
LOCAL_RANK: 0 - CUDA_VISIBLE_DEVICES: [0]
[I 2023-11-30 01:55:17,462] Trial 62 finished with value: 103.3121109008789 and parameters: {'gradient_clip_val': 0.1464593643570819, 'hidden_size': 90, 'dropout': 0.2673728757197082, 'hidden_continuous_size': 65, 'attention_head_size': 2, 'learning_rate': 0.030724932774469367}. Best is trial 16 with value: 53.88914489746094.
LOCAL_RANK: 0 - CUDA_VISIBLE_DEVICES: [0]
[I 2023-11-30 01:55:32,001] Trial 63 finished with value: 72.18780517578125 and parameters: {'gradient_clip_val': 0.16229744318075734, 'hidden_size': 139, 'dropout': 0.26032001234783453, 'hidden_continuous_size': 92, 'attention_head_size': 2, 'learning_rate': 0.0252368204093044}. Best is trial 16 with value: 53.88914489746094.
LOCAL_RANK: 0 - CUDA_VISIBLE_DEVICES: [0]
[I 2023-11-30 01:55:46,240] Trial 64 finished with value: 99.18923950195312 and parameters: {'gradient_clip_val': 0.12566185229671326, 'hidden_size': 114, 'dropout': 0.2705842133814364, 'hidden_continuous_size': 79, 'attention_head_size': 2, 'learning_rate': 0.037200357248974004}. Best is trial 16 with value: 53.88914489746094.
LOCAL_RANK: 0 - CUDA_VISIBLE_DEVICES: [0]
[I 2023-11-30 01:56:00,099] Trial 65 finished with value: 98.57373809814453 and parameters: {'gradient_clip_val': 0.11211879561825965, 'hidden_size': 100, 'dropout': 0.24725095601334263, 'hidden_continuous_size': 71, 'attention_head_size': 2, 'learning_rate': 0.020562515486669947}. Best is trial 16 with value: 53.88914489746094.
LOCAL_RANK: 0 - CUDA_VISIBLE_DEVICES: [0]
[I 2023-11-30 01:56:13,738] Trial 66 finished with value: 85.90520477294922 and parameters: {'gradient_clip_val': 0.13569401663788344, 'hidden_size': 80, 'dropout': 0.2880452046465676, 'hidden_continuous_size': 63, 'attention_head_size': 2, 'learning_rate': 0.06273443662770117}. Best is trial 16 with value: 53.88914489746094.
LOCAL_RANK: 0 - CUDA_VISIBLE_DEVICES: [0]
[I 2023-11-30 01:56:28,143] Trial 67 finished with value: 84.8208236694336 and parameters: {'gradient_clip_val': 0.14552741525169618, 'hidden_size': 124, 'dropout': 0.29473116558743023, 'hidden_continuous_size': 86, 'attention_head_size': 2, 'learning_rate': 0.023690272258649246}. Best is trial 16 with value: 53.88914489746094.
LOCAL_RANK: 0 - CUDA_VISIBLE_DEVICES: [0]
[I 2023-11-30 01:56:42,500] Trial 68 finished with value: 60.85172653198242 and parameters: {'gradient_clip_val': 0.18491675872937596, 'hidden_size': 107, 'dropout': 0.3077059071653505, 'hidden_continuous_size': 77, 'attention_head_size': 3, 'learning_rate': 0.08296127987587347}. Best is trial 16 with value: 53.88914489746094.
LOCAL_RANK: 0 - CUDA_VISIBLE_DEVICES: [0]
[I 2023-11-30 01:56:56,570] Trial 69 finished with value: 49.13194274902344 and parameters: {'gradient_clip_val': 0.17984335150420552, 'hidden_size': 73, 'dropout': 0.27589583406210505, 'hidden_continuous_size': 65, 'attention_head_size': 3, 'learning_rate': 0.07930073271500081}. Best is trial 69 with value: 49.13194274902344.
LOCAL_RANK: 0 - CUDA_VISIBLE_DEVICES: [0]
[I 2023-11-30 01:57:10,641] Trial 70 finished with value: 96.61132049560547 and parameters: {'gradient_clip_val': 0.1866840576767942, 'hidden_size': 88, 'dropout': 0.30728073520693866, 'hidden_continuous_size': 74, 'attention_head_size': 3, 'learning_rate': 0.0910240463533069}. Best is trial 69 with value: 49.13194274902344.
LOCAL_RANK: 0 - CUDA_VISIBLE_DEVICES: [0]
[I 2023-11-30 01:57:24,807] Trial 71 finished with value: 100.3907241821289 and parameters: {'gradient_clip_val': 0.16071489180902274, 'hidden_size': 107, 'dropout': 0.27435414216746473, 'hidden_continuous_size': 78, 'attention_head_size': 3, 'learning_rate': 0.07920514167371107}. Best is trial 69 with value: 49.13194274902344.
LOCAL_RANK: 0 - CUDA_VISIBLE_DEVICES: [0]
[I 2023-11-30 01:57:39,273] Trial 72 finished with value: 72.48442840576172 and parameters: {'gradient_clip_val': 0.22115946176302767, 'hidden_size': 98, 'dropout': 0.25762321722984866, 'hidden_continuous_size': 79, 'attention_head_size': 3, 'learning_rate': 0.07547842118094159}. Best is trial 69 with value: 49.13194274902344.
LOCAL_RANK: 0 - CUDA_VISIBLE_DEVICES: [0]
[I 2023-11-30 01:57:53,256] Trial 73 finished with value: 76.45838928222656 and parameters: {'gradient_clip_val': 0.17439702929136813, 'hidden_size': 77, 'dropout': 0.3198677691633823, 'hidden_continuous_size': 68, 'attention_head_size': 3, 'learning_rate': 0.05812744295019633}. Best is trial 69 with value: 49.13194274902344.
LOCAL_RANK: 0 - CUDA_VISIBLE_DEVICES: [0]
[I 2023-11-30 01:58:07,388] Trial 74 finished with value: 110.0270767211914 and parameters: {'gradient_clip_val': 0.17636981689093956, 'hidden_size': 91, 'dropout': 0.27708708165006163, 'hidden_continuous_size': 73, 'attention_head_size': 3, 'learning_rate': 0.07142469317417746}. Best is trial 69 with value: 49.13194274902344.
LOCAL_RANK: 0 - CUDA_VISIBLE_DEVICES: [0]
[I 2023-11-30 01:58:21,479] Trial 75 finished with value: 109.8250732421875 and parameters: {'gradient_clip_val': 0.155439766921471, 'hidden_size': 114, 'dropout': 0.2923069710952307, 'hidden_continuous_size': 56, 'attention_head_size': 3, 'learning_rate': 0.08772717360778925}. Best is trial 69 with value: 49.13194274902344.
LOCAL_RANK: 0 - CUDA_VISIBLE_DEVICES: [0]
[I 2023-11-30 01:58:35,319] Trial 76 finished with value: 118.3559341430664 and parameters: {'gradient_clip_val': 0.1462088129618307, 'hidden_size': 73, 'dropout': 0.30041266997698896, 'hidden_continuous_size': 65, 'attention_head_size': 3, 'learning_rate': 0.08519978558813407}. Best is trial 69 with value: 49.13194274902344.
LOCAL_RANK: 0 - CUDA_VISIBLE_DEVICES: [0]
[I 2023-11-30 01:58:49,389] Trial 77 finished with value: 87.01526641845703 and parameters: {'gradient_clip_val': 0.11727647106741944, 'hidden_size': 66, 'dropout': 0.31300827591866676, 'hidden_continuous_size': 60, 'attention_head_size': 4, 'learning_rate': 0.06119822762273914}. Best is trial 69 with value: 49.13194274902344.
LOCAL_RANK: 0 - CUDA_VISIBLE_DEVICES: [0]
[I 2023-11-30 01:59:03,377] Trial 78 finished with value: 54.801143646240234 and parameters: {'gradient_clip_val': 0.188666858724514, 'hidden_size': 83, 'dropout': 0.2811293420061886, 'hidden_continuous_size': 70, 'attention_head_size': 3, 'learning_rate': 0.06898399882437295}. Best is trial 69 with value: 49.13194274902344.
LOCAL_RANK: 0 - CUDA_VISIBLE_DEVICES: [0]
[I 2023-11-30 01:59:17,318] Trial 79 finished with value: 117.62332916259766 and parameters: {'gradient_clip_val': 0.1935013528437336, 'hidden_size': 84, 'dropout': 0.2824699657133809, 'hidden_continuous_size': 69, 'attention_head_size': 3, 'learning_rate': 0.07104939485788314}. Best is trial 69 with value: 49.13194274902344.
LOCAL_RANK: 0 - CUDA_VISIBLE_DEVICES: [0]
[I 2023-11-30 01:59:31,227] Trial 80 finished with value: 102.87481689453125 and parameters: {'gradient_clip_val': 0.20687256048284822, 'hidden_size': 75, 'dropout': 0.26342579908965563, 'hidden_continuous_size': 63, 'attention_head_size': 3, 'learning_rate': 0.05449153326165412}. Best is trial 69 with value: 49.13194274902344.
LOCAL_RANK: 0 - CUDA_VISIBLE_DEVICES: [0]
[I 2023-11-30 01:59:45,201] Trial 81 finished with value: 60.0662727355957 and parameters: {'gradient_clip_val': 0.16984395249929035, 'hidden_size': 96, 'dropout': 0.27695419128801735, 'hidden_continuous_size': 76, 'attention_head_size': 3, 'learning_rate': 0.09958866048256365}. Best is trial 69 with value: 49.13194274902344.
LOCAL_RANK: 0 - CUDA_VISIBLE_DEVICES: [0]
[I 2023-11-30 01:59:59,494] Trial 82 finished with value: 82.26563262939453 and parameters: {'gradient_clip_val': 0.18339408463731932, 'hidden_size': 95, 'dropout': 0.27297669612651015, 'hidden_continuous_size': 76, 'attention_head_size': 3, 'learning_rate': 0.09978652940927958}. Best is trial 69 with value: 49.13194274902344.
LOCAL_RANK: 0 - CUDA_VISIBLE_DEVICES: [0]
[I 2023-11-30 02:00:13,733] Trial 83 finished with value: 196.1804656982422 and parameters: {'gradient_clip_val': 0.15549567177689472, 'hidden_size': 103, 'dropout': 0.29263995879067345, 'hidden_continuous_size': 81, 'attention_head_size': 3, 'learning_rate': 0.08415164873472086}. Best is trial 69 with value: 49.13194274902344.
LOCAL_RANK: 0 - CUDA_VISIBLE_DEVICES: [0]
[I 2023-11-30 02:00:27,779] Trial 84 finished with value: 90.819580078125 and parameters: {'gradient_clip_val': 0.1683751466607985, 'hidden_size': 87, 'dropout': 0.30171765397519834, 'hidden_continuous_size': 72, 'attention_head_size': 3, 'learning_rate': 0.06656214766703815}. Best is trial 69 with value: 49.13194274902344.
LOCAL_RANK: 0 - CUDA_VISIBLE_DEVICES: [0]
[I 2023-11-30 02:00:41,975] Trial 85 finished with value: 91.4019775390625 and parameters: {'gradient_clip_val': 0.12793036298761107, 'hidden_size': 81, 'dropout': 0.2799135284092564, 'hidden_continuous_size': 69, 'attention_head_size': 3, 'learning_rate': 0.08903619426258372}. Best is trial 69 with value: 49.13194274902344.
LOCAL_RANK: 0 - CUDA_VISIBLE_DEVICES: [0]
[I 2023-11-30 02:00:56,315] Trial 86 finished with value: 99.8736572265625 and parameters: {'gradient_clip_val': 0.1432046875838291, 'hidden_size': 111, 'dropout': 0.2699448203052836, 'hidden_continuous_size': 88, 'attention_head_size': 3, 'learning_rate': 0.07776367487220247}. Best is trial 69 with value: 49.13194274902344.
LOCAL_RANK: 0 - CUDA_VISIBLE_DEVICES: [0]
[I 2023-11-30 02:01:10,429] Trial 87 finished with value: 73.3882827758789 and parameters: {'gradient_clip_val': 0.21351646270180283, 'hidden_size': 95, 'dropout': 0.2548930368950806, 'hidden_continuous_size': 54, 'attention_head_size': 4, 'learning_rate': 0.056993265566852636}. Best is trial 69 with value: 49.13194274902344.
LOCAL_RANK: 0 - CUDA_VISIBLE_DEVICES: [0]
[I 2023-11-30 02:01:24,508] Trial 88 finished with value: 118.86640167236328 and parameters: {'gradient_clip_val': 0.19412846561401964, 'hidden_size': 73, 'dropout': 0.28664608083156606, 'hidden_continuous_size': 65, 'attention_head_size': 3, 'learning_rate': 0.04528145489166533}. Best is trial 69 with value: 49.13194274902344.
LOCAL_RANK: 0 - CUDA_VISIBLE_DEVICES: [0]
[I 2023-11-30 02:01:38,863] Trial 89 finished with value: 90.99214935302734 and parameters: {'gradient_clip_val': 0.23265513745679364, 'hidden_size': 105, 'dropout': 0.24330380087512152, 'hidden_continuous_size': 81, 'attention_head_size': 3, 'learning_rate': 0.06891401090001796}. Best is trial 69 with value: 49.13194274902344.
LOCAL_RANK: 0 - CUDA_VISIBLE_DEVICES: [0]
[I 2023-11-30 02:01:53,289] Trial 90 finished with value: 87.03548431396484 and parameters: {'gradient_clip_val': 0.13844557031113827, 'hidden_size': 131, 'dropout': 0.26193950418735473, 'hidden_continuous_size': 92, 'attention_head_size': 3, 'learning_rate': 0.0998314812261991}. Best is trial 69 with value: 49.13194274902344.
LOCAL_RANK: 0 - CUDA_VISIBLE_DEVICES: [0]
[I 2023-11-30 02:02:07,926] Trial 91 finished with value: 75.37030029296875 and parameters: {'gradient_clip_val': 0.17520243789909942, 'hidden_size': 122, 'dropout': 0.2778803198646008, 'hidden_continuous_size': 99, 'attention_head_size': 3, 'learning_rate': 0.08439835025984711}. Best is trial 69 with value: 49.13194274902344.
LOCAL_RANK: 0 - CUDA_VISIBLE_DEVICES: [0]
[I 2023-11-30 02:02:22,241] Trial 92 finished with value: 103.87206268310547 and parameters: {'gradient_clip_val': 0.16720869876016442, 'hidden_size': 100, 'dropout': 0.2533419842943624, 'hidden_continuous_size': 85, 'attention_head_size': 3, 'learning_rate': 0.01483227471637712}. Best is trial 69 with value: 49.13194274902344.
LOCAL_RANK: 0 - CUDA_VISIBLE_DEVICES: [0]
[I 2023-11-30 02:02:36,642] Trial 93 finished with value: 109.584228515625 and parameters: {'gradient_clip_val': 0.1552141312273956, 'hidden_size': 118, 'dropout': 0.27257367234227214, 'hidden_continuous_size': 75, 'attention_head_size': 3, 'learning_rate': 0.040309762417982085}. Best is trial 69 with value: 49.13194274902344.
LOCAL_RANK: 0 - CUDA_VISIBLE_DEVICES: [0]
[I 2023-11-30 02:02:50,908] Trial 94 finished with value: 75.03569793701172 and parameters: {'gradient_clip_val': 0.13087466257467364, 'hidden_size': 109, 'dropout': 0.2898995706139792, 'hidden_continuous_size': 90, 'attention_head_size': 3, 'learning_rate': 0.04864364911948773}. Best is trial 69 with value: 49.13194274902344.
LOCAL_RANK: 0 - CUDA_VISIBLE_DEVICES: [0]
[I 2023-11-30 02:03:04,953] Trial 95 finished with value: 86.17208862304688 and parameters: {'gradient_clip_val': 0.18261098492262096, 'hidden_size': 90, 'dropout': 0.2961728659815367, 'hidden_continuous_size': 77, 'attention_head_size': 2, 'learning_rate': 0.07436941666959727}. Best is trial 69 with value: 49.13194274902344.
LOCAL_RANK: 0 - CUDA_VISIBLE_DEVICES: [0]
[I 2023-11-30 02:03:19,228] Trial 96 finished with value: 91.28443145751953 and parameters: {'gradient_clip_val': 0.15003204617946636, 'hidden_size': 118, 'dropout': 0.2637455797007438, 'hidden_continuous_size': 85, 'attention_head_size': 3, 'learning_rate': 0.063761607583462}. Best is trial 69 with value: 49.13194274902344.
LOCAL_RANK: 0 - CUDA_VISIBLE_DEVICES: [0]
[I 2023-11-30 02:03:33,686] Trial 97 finished with value: 126.09259033203125 and parameters: {'gradient_clip_val': 0.1634907039486618, 'hidden_size': 143, 'dropout': 0.309701982326305, 'hidden_continuous_size': 58, 'attention_head_size': 2, 'learning_rate': 0.010303016025719964}. Best is trial 69 with value: 49.13194274902344.
LOCAL_RANK: 0 - CUDA_VISIBLE_DEVICES: [0]
[I 2023-11-30 02:03:47,715] Trial 98 finished with value: 84.91455841064453 and parameters: {'gradient_clip_val': 0.13333963875720783, 'hidden_size': 84, 'dropout': 0.24876004452545797, 'hidden_continuous_size': 71, 'attention_head_size': 3, 'learning_rate': 0.09279713378794009}. Best is trial 69 with value: 49.13194274902344.
LOCAL_RANK: 0 - CUDA_VISIBLE_DEVICES: [0]
[I 2023-11-30 02:04:02,266] Trial 99 finished with value: 103.12061309814453 and parameters: {'gradient_clip_val': 0.12135990350813451, 'hidden_size': 130, 'dropout': 0.28349932919172655, 'hidden_continuous_size': 83, 'attention_head_size': 3, 'learning_rate': 0.05245286001541696}. Best is trial 69 with value: 49.13194274902344.
LOCAL_RANK: 0 - CUDA_VISIBLE_DEVICES: [0]
[I 2023-11-30 02:04:16,411] Trial 100 finished with value: 69.37151336669922 and parameters: {'gradient_clip_val': 0.14062539716592784, 'hidden_size': 95, 'dropout': 0.2693675626559439, 'hidden_continuous_size': 80, 'attention_head_size': 2, 'learning_rate': 0.0595824612343396}. Best is trial 69 with value: 49.13194274902344.
LOCAL_RANK: 0 - CUDA_VISIBLE_DEVICES: [0]
[I 2023-11-30 02:04:30,405] Trial 101 finished with value: 98.57217407226562 and parameters: {'gradient_clip_val': 0.14167909563333111, 'hidden_size': 95, 'dropout': 0.25900660524795993, 'hidden_continuous_size': 79, 'attention_head_size': 2, 'learning_rate': 0.07947309487565433}. Best is trial 69 with value: 49.13194274902344.
LOCAL_RANK: 0 - CUDA_VISIBLE_DEVICES: [0]
[I 2023-11-30 02:04:44,685] Trial 102 finished with value: 121.51795196533203 and parameters: {'gradient_clip_val': 0.1574447574857837, 'hidden_size': 109, 'dropout': 0.26705065111167126, 'hidden_continuous_size': 87, 'attention_head_size': 2, 'learning_rate': 0.05939944677285566}. Best is trial 69 with value: 49.13194274902344.
LOCAL_RANK: 0 - CUDA_VISIBLE_DEVICES: [0]
[I 2023-11-30 02:04:58,908] Trial 103 finished with value: 101.68770599365234 and parameters: {'gradient_clip_val': 0.17052871674706044, 'hidden_size': 103, 'dropout': 0.27409132118056323, 'hidden_continuous_size': 75, 'attention_head_size': 2, 'learning_rate': 0.04777538658648073}. Best is trial 69 with value: 49.13194274902344.
LOCAL_RANK: 0 - CUDA_VISIBLE_DEVICES: [0]
[I 2023-11-30 02:05:12,992] Trial 104 finished with value: 86.38675689697266 and parameters: {'gradient_clip_val': 0.1495642131224841, 'hidden_size': 94, 'dropout': 0.2401647378178859, 'hidden_continuous_size': 67, 'attention_head_size': 2, 'learning_rate': 0.07150729325953656}. Best is trial 69 with value: 49.13194274902344.
LOCAL_RANK: 0 - CUDA_VISIBLE_DEVICES: [0]
[I 2023-11-30 02:05:27,087] Trial 105 finished with value: 59.69215774536133 and parameters: {'gradient_clip_val': 0.10502593654447555, 'hidden_size': 100, 'dropout': 0.2689736945947551, 'hidden_continuous_size': 81, 'attention_head_size': 2, 'learning_rate': 0.03888546328570901}. Best is trial 69 with value: 49.13194274902344.
LOCAL_RANK: 0 - CUDA_VISIBLE_DEVICES: [0]
[I 2023-11-30 02:05:41,073] Trial 106 finished with value: 102.87307739257812 and parameters: {'gradient_clip_val': 0.10722493147088404, 'hidden_size': 81, 'dropout': 0.28306503757740054, 'hidden_continuous_size': 71, 'attention_head_size': 2, 'learning_rate': 0.03435220218501498}. Best is trial 69 with value: 49.13194274902344.
LOCAL_RANK: 0 - CUDA_VISIBLE_DEVICES: [0]
[I 2023-11-30 02:05:55,392] Trial 107 finished with value: 77.24629211425781 and parameters: {'gradient_clip_val': 0.1167665967860561, 'hidden_size': 99, 'dropout': 0.26623743692918656, 'hidden_continuous_size': 80, 'attention_head_size': 2, 'learning_rate': 0.0554286505657371}. Best is trial 69 with value: 49.13194274902344.
LOCAL_RANK: 0 - CUDA_VISIBLE_DEVICES: [0]
[I 2023-11-30 02:06:09,249] Trial 108 finished with value: 98.59112548828125 and parameters: {'gradient_clip_val': 0.1236780364902196, 'hidden_size': 91, 'dropout': 0.24986200458975097, 'hidden_continuous_size': 61, 'attention_head_size': 2, 'learning_rate': 0.04126683128317026}. Best is trial 69 with value: 49.13194274902344.
LOCAL_RANK: 0 - CUDA_VISIBLE_DEVICES: [0]
[I 2023-11-30 02:06:23,394] Trial 109 finished with value: 93.09746551513672 and parameters: {'gradient_clip_val': 0.10381013021813036, 'hidden_size': 86, 'dropout': 0.2892844765290047, 'hidden_continuous_size': 74, 'attention_head_size': 2, 'learning_rate': 0.038654970123117985}. Best is trial 69 with value: 49.13194274902344.
LOCAL_RANK: 0 - CUDA_VISIBLE_DEVICES: [0]
[I 2023-11-30 02:06:37,597] Trial 110 finished with value: 85.1530990600586 and parameters: {'gradient_clip_val': 0.1127271239495702, 'hidden_size': 110, 'dropout': 0.29916934498231607, 'hidden_continuous_size': 94, 'attention_head_size': 2, 'learning_rate': 0.04532333396196653}. Best is trial 69 with value: 49.13194274902344.
LOCAL_RANK: 0 - CUDA_VISIBLE_DEVICES: [0]
[I 2023-11-30 02:06:51,943] Trial 111 finished with value: 98.80728149414062 and parameters: {'gradient_clip_val': 0.1334166328808924, 'hidden_size': 119, 'dropout': 0.27759317773608305, 'hidden_continuous_size': 90, 'attention_head_size': 3, 'learning_rate': 0.06316919837635909}. Best is trial 69 with value: 49.13194274902344.
LOCAL_RANK: 0 - CUDA_VISIBLE_DEVICES: [0]
[I 2023-11-30 02:07:06,168] Trial 112 finished with value: 89.56453704833984 and parameters: {'gradient_clip_val': 0.10538114019533477, 'hidden_size': 105, 'dropout': 0.2572482451532747, 'hidden_continuous_size': 82, 'attention_head_size': 3, 'learning_rate': 0.07911106909595654}. Best is trial 69 with value: 49.13194274902344.
LOCAL_RANK: 0 - CUDA_VISIBLE_DEVICES: [0]
[I 2023-11-30 02:07:20,438] Trial 113 finished with value: 89.51517486572266 and parameters: {'gradient_clip_val': 0.12742568894753462, 'hidden_size': 115, 'dropout': 0.2697753313369764, 'hidden_continuous_size': 66, 'attention_head_size': 2, 'learning_rate': 0.02908481031846497}. Best is trial 69 with value: 49.13194274902344.
LOCAL_RANK: 0 - CUDA_VISIBLE_DEVICES: [0]
[I 2023-11-30 02:07:34,435] Trial 114 finished with value: 105.78577423095703 and parameters: {'gradient_clip_val': 0.13895538819573294, 'hidden_size': 100, 'dropout': 0.23288472352736775, 'hidden_continuous_size': 77, 'attention_head_size': 2, 'learning_rate': 0.032704697546966734}. Best is trial 69 with value: 49.13194274902344.
LOCAL_RANK: 0 - CUDA_VISIBLE_DEVICES: [0]
[I 2023-11-30 02:07:48,991] Trial 115 finished with value: 76.25572204589844 and parameters: {'gradient_clip_val': 0.10026045666195527, 'hidden_size': 137, 'dropout': 0.24401616406151472, 'hidden_continuous_size': 96, 'attention_head_size': 3, 'learning_rate': 0.09105031843319686}. Best is trial 69 with value: 49.13194274902344.
LOCAL_RANK: 0 - CUDA_VISIBLE_DEVICES: [0]
