[I 2023-11-30 10:09:28,486] Trial 79 finished with value: 10.875922203063965 and parameters: {'gradient_clip_val': 0.44220371746097525, 'hidden_size': 140, 'dropout': 0.1826870681333361, 'hidden_continuous_size': 57, 'attention_head_size': 4, 'learning_rate': 0.08613929199732663}. Best is trial 78 with value: 6.395096302032471.
LOCAL_RANK: 0 - CUDA_VISIBLE_DEVICES: [0]
[I 2023-11-30 10:09:42,893] Trial 80 finished with value: 9.121171951293945 and parameters: {'gradient_clip_val': 0.42506817666629715, 'hidden_size': 147, 'dropout': 0.17086062752753461, 'hidden_continuous_size': 51, 'attention_head_size': 4, 'learning_rate': 0.05891578121127105}. Best is trial 78 with value: 6.395096302032471.
LOCAL_RANK: 0 - CUDA_VISIBLE_DEVICES: [0]
[I 2023-11-30 10:09:57,040] Trial 81 finished with value: 9.839920997619629 and parameters: {'gradient_clip_val': 0.3760964834002144, 'hidden_size': 128, 'dropout': 0.1902978221185651, 'hidden_continuous_size': 63, 'attention_head_size': 4, 'learning_rate': 0.08947504226969888}. Best is trial 78 with value: 6.395096302032471.
LOCAL_RANK: 0 - CUDA_VISIBLE_DEVICES: [0]
[I 2023-11-30 10:10:11,371] Trial 82 finished with value: 10.699336051940918 and parameters: {'gradient_clip_val': 0.422118424067846, 'hidden_size': 137, 'dropout': 0.16774222796886007, 'hidden_continuous_size': 55, 'attention_head_size': 4, 'learning_rate': 0.07072039331384906}. Best is trial 78 with value: 6.395096302032471.
LOCAL_RANK: 0 - CUDA_VISIBLE_DEVICES: [0]
[I 2023-11-30 10:10:26,010] Trial 83 finished with value: 8.51266860961914 and parameters: {'gradient_clip_val': 0.4983729770904537, 'hidden_size': 150, 'dropout': 0.2003980200454154, 'hidden_continuous_size': 48, 'attention_head_size': 4, 'learning_rate': 0.07606100404768691}. Best is trial 78 with value: 6.395096302032471.
LOCAL_RANK: 0 - CUDA_VISIBLE_DEVICES: [0]
[I 2023-11-30 10:10:40,092] Trial 84 finished with value: 9.60982608795166 and parameters: {'gradient_clip_val': 0.3539273741660294, 'hidden_size': 114, 'dropout': 0.16106753140277058, 'hidden_continuous_size': 53, 'attention_head_size': 4, 'learning_rate': 0.09875832303672115}. Best is trial 78 with value: 6.395096302032471.
LOCAL_RANK: 0 - CUDA_VISIBLE_DEVICES: [0]
[I 2023-11-30 10:10:54,504] Trial 85 finished with value: 8.171454429626465 and parameters: {'gradient_clip_val': 0.39557314207346345, 'hidden_size': 126, 'dropout': 0.1410686711181389, 'hidden_continuous_size': 59, 'attention_head_size': 4, 'learning_rate': 0.05250180230712142}. Best is trial 78 with value: 6.395096302032471.
LOCAL_RANK: 0 - CUDA_VISIBLE_DEVICES: [0]
[I 2023-11-30 10:11:08,473] Trial 86 finished with value: 10.179682731628418 and parameters: {'gradient_clip_val': 0.313967915933494, 'hidden_size': 104, 'dropout': 0.14920808977028194, 'hidden_continuous_size': 45, 'attention_head_size': 4, 'learning_rate': 0.08636072173854129}. Best is trial 78 with value: 6.395096302032471.
LOCAL_RANK: 0 - CUDA_VISIBLE_DEVICES: [0]
[I 2023-11-30 10:11:22,980] Trial 87 finished with value: 11.852364540100098 and parameters: {'gradient_clip_val': 0.3342629306090308, 'hidden_size': 122, 'dropout': 0.18197470086039816, 'hidden_continuous_size': 65, 'attention_head_size': 4, 'learning_rate': 0.06253404637853434}. Best is trial 78 with value: 6.395096302032471.
LOCAL_RANK: 0 - CUDA_VISIBLE_DEVICES: [0]
[I 2023-11-30 10:11:37,233] Trial 88 finished with value: 22.48499870300293 and parameters: {'gradient_clip_val': 0.2886049674651984, 'hidden_size': 133, 'dropout': 0.12197371591817237, 'hidden_continuous_size': 41, 'attention_head_size': 4, 'learning_rate': 0.07164612604608842}. Best is trial 78 with value: 6.395096302032471.
LOCAL_RANK: 0 - CUDA_VISIBLE_DEVICES: [0]
[I 2023-11-30 10:11:51,289] Trial 89 finished with value: 9.29192066192627 and parameters: {'gradient_clip_val': 0.3843760659235048, 'hidden_size': 112, 'dropout': 0.13069707871744785, 'hidden_continuous_size': 51, 'attention_head_size': 4, 'learning_rate': 0.04998864020619484}. Best is trial 78 with value: 6.395096302032471.
LOCAL_RANK: 0 - CUDA_VISIBLE_DEVICES: [0]
[I 2023-11-30 10:12:05,345] Trial 90 finished with value: 7.812320709228516 and parameters: {'gradient_clip_val': 0.3196201362573651, 'hidden_size': 98, 'dropout': 0.14723449808533604, 'hidden_continuous_size': 55, 'attention_head_size': 3, 'learning_rate': 0.0803526265598974}. Best is trial 78 with value: 6.395096302032471.
LOCAL_RANK: 0 - CUDA_VISIBLE_DEVICES: [0]
[I 2023-11-30 10:12:19,127] Trial 91 finished with value: 9.732908248901367 and parameters: {'gradient_clip_val': 0.3538020115124251, 'hidden_size': 89, 'dropout': 0.15624954203857241, 'hidden_continuous_size': 34, 'attention_head_size': 4, 'learning_rate': 0.06478293177079171}. Best is trial 78 with value: 6.395096302032471.
LOCAL_RANK: 0 - CUDA_VISIBLE_DEVICES: [0]
[I 2023-11-30 10:12:33,189] Trial 92 finished with value: 11.165547370910645 and parameters: {'gradient_clip_val': 0.30374907076687424, 'hidden_size': 118, 'dropout': 0.17057981065321268, 'hidden_continuous_size': 40, 'attention_head_size': 1, 'learning_rate': 0.07493756017665343}. Best is trial 78 with value: 6.395096302032471.
LOCAL_RANK: 0 - CUDA_VISIBLE_DEVICES: [0]
[I 2023-11-30 10:12:47,294] Trial 93 finished with value: 9.251063346862793 and parameters: {'gradient_clip_val': 0.2575146982977713, 'hidden_size': 131, 'dropout': 0.16007896590920018, 'hidden_continuous_size': 37, 'attention_head_size': 3, 'learning_rate': 0.08986359967807361}. Best is trial 78 with value: 6.395096302032471.
LOCAL_RANK: 0 - CUDA_VISIBLE_DEVICES: [0]
[I 2023-11-30 10:13:01,677] Trial 94 finished with value: 8.472496032714844 and parameters: {'gradient_clip_val': 0.28927380707510125, 'hidden_size': 141, 'dropout': 0.15293252877973912, 'hidden_continuous_size': 47, 'attention_head_size': 4, 'learning_rate': 0.05806283506011264}. Best is trial 78 with value: 6.395096302032471.
LOCAL_RANK: 0 - CUDA_VISIBLE_DEVICES: [0]
[I 2023-11-30 10:13:15,730] Trial 95 finished with value: 11.785415649414062 and parameters: {'gradient_clip_val': 0.3271832404114365, 'hidden_size': 107, 'dropout': 0.13513256982456986, 'hidden_continuous_size': 43, 'attention_head_size': 4, 'learning_rate': 0.0766887655745683}. Best is trial 78 with value: 6.395096302032471.
LOCAL_RANK: 0 - CUDA_VISIBLE_DEVICES: [0]
[I 2023-11-30 10:13:29,086] Trial 96 finished with value: 9.285125732421875 and parameters: {'gradient_clip_val': 0.3694578803826315, 'hidden_size': 80, 'dropout': 0.1424099956679475, 'hidden_continuous_size': 39, 'attention_head_size': 1, 'learning_rate': 0.09959492603038274}. Best is trial 78 with value: 6.395096302032471.
LOCAL_RANK: 0 - CUDA_VISIBLE_DEVICES: [0]
[I 2023-11-30 10:13:43,232] Trial 97 finished with value: 7.742687225341797 and parameters: {'gradient_clip_val': 0.34363299481905274, 'hidden_size': 98, 'dropout': 0.1644889523177543, 'hidden_continuous_size': 46, 'attention_head_size': 4, 'learning_rate': 0.044129463544477415}. Best is trial 78 with value: 6.395096302032471.
LOCAL_RANK: 0 - CUDA_VISIBLE_DEVICES: [0]
[I 2023-11-30 10:13:56,821] Trial 98 finished with value: 7.929807186126709 and parameters: {'gradient_clip_val': 0.30662277547482636, 'hidden_size': 112, 'dropout': 0.12692045729963694, 'hidden_continuous_size': 33, 'attention_head_size': 1, 'learning_rate': 0.06498529818770578}. Best is trial 78 with value: 6.395096302032471.
LOCAL_RANK: 0 - CUDA_VISIBLE_DEVICES: [0]
[I 2023-11-30 10:14:11,042] Trial 99 finished with value: 9.077083587646484 and parameters: {'gradient_clip_val': 0.2754351433303101, 'hidden_size': 119, 'dropout': 0.18668917485834158, 'hidden_continuous_size': 59, 'attention_head_size': 4, 'learning_rate': 0.09058741824083129}. Best is trial 78 with value: 6.395096302032471.
LOCAL_RANK: 0 - CUDA_VISIBLE_DEVICES: [0]
[I 2023-11-30 10:14:25,225] Trial 100 finished with value: 13.973528861999512 and parameters: {'gradient_clip_val': 0.24353678750010813, 'hidden_size': 141, 'dropout': 0.1203265635286001, 'hidden_continuous_size': 49, 'attention_head_size': 3, 'learning_rate': 0.056459264657677664}. Best is trial 78 with value: 6.395096302032471.
LOCAL_RANK: 0 - CUDA_VISIBLE_DEVICES: [0]
[I 2023-11-30 10:14:39,320] Trial 101 finished with value: 12.472487449645996 and parameters: {'gradient_clip_val': 0.28043000831198006, 'hidden_size': 114, 'dropout': 0.13538548590071017, 'hidden_continuous_size': 44, 'attention_head_size': 4, 'learning_rate': 0.06643766478178707}. Best is trial 78 with value: 6.395096302032471.
LOCAL_RANK: 0 - CUDA_VISIBLE_DEVICES: [0]
[I 2023-11-30 10:14:53,482] Trial 102 finished with value: 11.18619155883789 and parameters: {'gradient_clip_val': 0.2695532040352881, 'hidden_size': 128, 'dropout': 0.10818044608161231, 'hidden_continuous_size': 36, 'attention_head_size': 4, 'learning_rate': 0.07948560820344988}. Best is trial 78 with value: 6.395096302032471.
LOCAL_RANK: 0 - CUDA_VISIBLE_DEVICES: [0]
[I 2023-11-30 10:15:07,279] Trial 103 finished with value: 8.49321460723877 and parameters: {'gradient_clip_val': 0.2634679320099049, 'hidden_size': 71, 'dropout': 0.14924975726009804, 'hidden_continuous_size': 49, 'attention_head_size': 4, 'learning_rate': 0.048706337668531184}. Best is trial 78 with value: 6.395096302032471.
LOCAL_RANK: 0 - CUDA_VISIBLE_DEVICES: [0]
[I 2023-11-30 10:15:21,276] Trial 104 finished with value: 15.401763916015625 and parameters: {'gradient_clip_val': 0.32042678592283014, 'hidden_size': 104, 'dropout': 0.1347428014317554, 'hidden_continuous_size': 42, 'attention_head_size': 4, 'learning_rate': 0.07024182360935095}. Best is trial 78 with value: 6.395096302032471.
LOCAL_RANK: 0 - CUDA_VISIBLE_DEVICES: [0]
[I 2023-11-30 10:15:35,066] Trial 105 finished with value: 14.20447826385498 and parameters: {'gradient_clip_val': 0.292286009031463, 'hidden_size': 84, 'dropout': 0.14444326871046118, 'hidden_continuous_size': 44, 'attention_head_size': 4, 'learning_rate': 0.08329520465576112}. Best is trial 78 with value: 6.395096302032471.
LOCAL_RANK: 0 - CUDA_VISIBLE_DEVICES: [0]
[I 2023-11-30 10:15:49,289] Trial 106 finished with value: 15.866294860839844 and parameters: {'gradient_clip_val': 0.2500450084095189, 'hidden_size': 122, 'dropout': 0.11695406137015053, 'hidden_continuous_size': 52, 'attention_head_size': 4, 'learning_rate': 0.060813061577145965}. Best is trial 78 with value: 6.395096302032471.
LOCAL_RANK: 0 - CUDA_VISIBLE_DEVICES: [0]
[I 2023-11-30 10:16:03,408] Trial 107 finished with value: 18.813207626342773 and parameters: {'gradient_clip_val': 0.35765716193350455, 'hidden_size': 93, 'dropout': 0.15462142032932516, 'hidden_continuous_size': 39, 'attention_head_size': 4, 'learning_rate': 0.05453293231334822}. Best is trial 78 with value: 6.395096302032471.
LOCAL_RANK: 0 - CUDA_VISIBLE_DEVICES: [0]
[I 2023-11-30 10:16:17,334] Trial 108 finished with value: 7.341944217681885 and parameters: {'gradient_clip_val': 0.21836847223629463, 'hidden_size': 108, 'dropout': 0.12578360452609869, 'hidden_continuous_size': 55, 'attention_head_size': 1, 'learning_rate': 0.09001166614038376}. Best is trial 78 with value: 6.395096302032471.
LOCAL_RANK: 0 - CUDA_VISIBLE_DEVICES: [0]
[I 2023-11-30 10:16:31,047] Trial 109 finished with value: 15.830853462219238 and parameters: {'gradient_clip_val': 0.21255784368643657, 'hidden_size': 76, 'dropout': 0.10720136902204894, 'hidden_continuous_size': 54, 'attention_head_size': 1, 'learning_rate': 0.08978940111955452}. Best is trial 78 with value: 6.395096302032471.
LOCAL_RANK: 0 - CUDA_VISIBLE_DEVICES: [0]
[I 2023-11-30 10:16:45,131] Trial 110 finished with value: 14.44469165802002 and parameters: {'gradient_clip_val': 0.2269927374992251, 'hidden_size': 135, 'dropout': 0.12878969200761525, 'hidden_continuous_size': 61, 'attention_head_size': 1, 'learning_rate': 0.07683547195979637}. Best is trial 78 with value: 6.395096302032471.
LOCAL_RANK: 0 - CUDA_VISIBLE_DEVICES: [0]
[I 2023-11-30 10:16:59,093] Trial 111 finished with value: 10.68891429901123 and parameters: {'gradient_clip_val': 0.3348426168961105, 'hidden_size': 111, 'dropout': 0.14030065280636939, 'hidden_continuous_size': 57, 'attention_head_size': 1, 'learning_rate': 0.09247258005807524}. Best is trial 78 with value: 6.395096302032471.
LOCAL_RANK: 0 - CUDA_VISIBLE_DEVICES: [0]
[I 2023-11-30 10:17:13,234] Trial 112 finished with value: 8.4564847946167 and parameters: {'gradient_clip_val': 0.30021287861017093, 'hidden_size': 105, 'dropout': 0.1303273628386075, 'hidden_continuous_size': 50, 'attention_head_size': 1, 'learning_rate': 0.07062752787374153}. Best is trial 78 with value: 6.395096302032471.
LOCAL_RANK: 0 - CUDA_VISIBLE_DEVICES: [0]
[I 2023-11-30 10:17:27,909] Trial 113 finished with value: 13.8164701461792 and parameters: {'gradient_clip_val': 0.21923616827284606, 'hidden_size': 150, 'dropout': 0.11815076878288491, 'hidden_continuous_size': 65, 'attention_head_size': 2, 'learning_rate': 0.06338321365506666}. Best is trial 78 with value: 6.395096302032471.
LOCAL_RANK: 0 - CUDA_VISIBLE_DEVICES: [0]
[I 2023-11-30 10:17:41,936] Trial 114 finished with value: 11.350337028503418 and parameters: {'gradient_clip_val': 0.4045627953006542, 'hidden_size': 131, 'dropout': 0.15836322332037212, 'hidden_continuous_size': 35, 'attention_head_size': 1, 'learning_rate': 0.08319781685618631}. Best is trial 78 with value: 6.395096302032471.
LOCAL_RANK: 0 - CUDA_VISIBLE_DEVICES: [0]
[I 2023-11-30 10:17:55,818] Trial 115 finished with value: 7.542581081390381 and parameters: {'gradient_clip_val': 0.24724930068721604, 'hidden_size': 122, 'dropout': 0.1774806364651017, 'hidden_continuous_size': 45, 'attention_head_size': 1, 'learning_rate': 0.09298693721621606}. Best is trial 78 with value: 6.395096302032471.
LOCAL_RANK: 0 - CUDA_VISIBLE_DEVICES: [0]
[I 2023-11-30 10:18:10,140] Trial 116 finished with value: 8.851917266845703 and parameters: {'gradient_clip_val': 0.24276057960745034, 'hidden_size': 141, 'dropout': 0.1768724904580612, 'hidden_continuous_size': 68, 'attention_head_size': 1, 'learning_rate': 0.09176987451903533}. Best is trial 78 with value: 6.395096302032471.
LOCAL_RANK: 0 - CUDA_VISIBLE_DEVICES: [0]
[I 2023-11-30 10:18:24,013] Trial 117 finished with value: 7.597757339477539 and parameters: {'gradient_clip_val': 0.20488760415602525, 'hidden_size': 87, 'dropout': 0.1730621448144473, 'hidden_continuous_size': 55, 'attention_head_size': 1, 'learning_rate': 0.07594047676600847}. Best is trial 78 with value: 6.395096302032471.
LOCAL_RANK: 0 - CUDA_VISIBLE_DEVICES: [0]
[I 2023-11-30 10:18:38,039] Trial 118 finished with value: 7.180719375610352 and parameters: {'gradient_clip_val': 0.25875622942183035, 'hidden_size': 123, 'dropout': 0.16990880509108625, 'hidden_continuous_size': 55, 'attention_head_size': 1, 'learning_rate': 0.09798532388741654}. Best is trial 78 with value: 6.395096302032471.
LOCAL_RANK: 0 - CUDA_VISIBLE_DEVICES: [0]
[I 2023-11-30 10:18:51,956] Trial 119 finished with value: 8.487569808959961 and parameters: {'gradient_clip_val': 0.19816936881058803, 'hidden_size': 123, 'dropout': 0.18299488925120813, 'hidden_continuous_size': 55, 'attention_head_size': 1, 'learning_rate': 0.08169042715202052}. Best is trial 78 with value: 6.395096302032471.
LOCAL_RANK: 0 - CUDA_VISIBLE_DEVICES: [0]
[I 2023-11-30 10:19:05,508] Trial 120 finished with value: 12.515719413757324 and parameters: {'gradient_clip_val': 0.2570049073105339, 'hidden_size': 88, 'dropout': 0.17509725418623404, 'hidden_continuous_size': 47, 'attention_head_size': 1, 'learning_rate': 0.09717582659603603}. Best is trial 78 with value: 6.395096302032471.
LOCAL_RANK: 0 - CUDA_VISIBLE_DEVICES: [0]
[I 2023-11-30 10:19:19,443] Trial 121 finished with value: 9.938689231872559 and parameters: {'gradient_clip_val': 0.2306561732816893, 'hidden_size': 117, 'dropout': 0.199340013519856, 'hidden_continuous_size': 59, 'attention_head_size': 1, 'learning_rate': 0.08637854032215589}. Best is trial 78 with value: 6.395096302032471.
LOCAL_RANK: 0 - CUDA_VISIBLE_DEVICES: [0]
[I 2023-11-30 10:19:33,361] Trial 122 finished with value: 8.189326286315918 and parameters: {'gradient_clip_val': 0.204659669050613, 'hidden_size': 132, 'dropout': 0.16684516718907144, 'hidden_continuous_size': 62, 'attention_head_size': 1, 'learning_rate': 0.07366737960730536}. Best is trial 78 with value: 6.395096302032471.
LOCAL_RANK: 0 - CUDA_VISIBLE_DEVICES: [0]
[I 2023-11-30 10:19:47,281] Trial 123 finished with value: 8.553878784179688 and parameters: {'gradient_clip_val': 0.31551168549405056, 'hidden_size': 96, 'dropout': 0.1714923538217758, 'hidden_continuous_size': 51, 'attention_head_size': 1, 'learning_rate': 0.09886587555416898}. Best is trial 78 with value: 6.395096302032471.
LOCAL_RANK: 0 - CUDA_VISIBLE_DEVICES: [0]
[I 2023-11-30 10:20:01,209] Trial 124 finished with value: 11.221336364746094 and parameters: {'gradient_clip_val': 0.2669392072349975, 'hidden_size': 125, 'dropout': 0.19334936210168766, 'hidden_continuous_size': 56, 'attention_head_size': 1, 'learning_rate': 0.07983809264132286}. Best is trial 78 with value: 6.395096302032471.
LOCAL_RANK: 0 - CUDA_VISIBLE_DEVICES: [0]
[I 2023-11-30 10:20:15,056] Trial 125 finished with value: 13.408293724060059 and parameters: {'gradient_clip_val': 0.38428134020755783, 'hidden_size': 109, 'dropout': 0.20520892017807013, 'hidden_continuous_size': 53, 'attention_head_size': 1, 'learning_rate': 0.06723210644850465}. Best is trial 78 with value: 6.395096302032471.
LOCAL_RANK: 0 - CUDA_VISIBLE_DEVICES: [0]
[I 2023-11-30 10:20:29,233] Trial 126 finished with value: 9.145167350769043 and parameters: {'gradient_clip_val': 0.2852156881824368, 'hidden_size': 140, 'dropout': 0.1861360917220382, 'hidden_continuous_size': 65, 'attention_head_size': 1, 'learning_rate': 0.05837510405175971}. Best is trial 78 with value: 6.395096302032471.
LOCAL_RANK: 0 - CUDA_VISIBLE_DEVICES: [0]
[I 2023-11-30 10:20:43,048] Trial 127 finished with value: 10.167736053466797 and parameters: {'gradient_clip_val': 0.24534158414090262, 'hidden_size': 100, 'dropout': 0.16341981409548198, 'hidden_continuous_size': 46, 'attention_head_size': 1, 'learning_rate': 0.09985884397648272}. Best is trial 78 with value: 6.395096302032471.
LOCAL_RANK: 0 - CUDA_VISIBLE_DEVICES: [0]
[I 2023-11-30 10:20:57,164] Trial 128 finished with value: 13.503783226013184 and parameters: {'gradient_clip_val': 0.3438099675338717, 'hidden_size': 121, 'dropout': 0.17783225384655038, 'hidden_continuous_size': 59, 'attention_head_size': 1, 'learning_rate': 0.09073593037954512}. Best is trial 78 with value: 6.395096302032471.
LOCAL_RANK: 0 - CUDA_VISIBLE_DEVICES: [0]
[I 2023-11-30 10:21:11,153] Trial 129 finished with value: 8.190649032592773 and parameters: {'gradient_clip_val': 0.2977896431611509, 'hidden_size': 131, 'dropout': 0.21128368184597535, 'hidden_continuous_size': 42, 'attention_head_size': 1, 'learning_rate': 0.03939639974382475}. Best is trial 78 with value: 6.395096302032471.
LOCAL_RANK: 0 - CUDA_VISIBLE_DEVICES: [0]
[I 2023-11-30 10:21:25,528] Trial 130 finished with value: 12.952471733093262 and parameters: {'gradient_clip_val': 0.4900304248206343, 'hidden_size': 145, 'dropout': 0.1939534086872902, 'hidden_continuous_size': 71, 'attention_head_size': 1, 'learning_rate': 0.07256188690096335}. Best is trial 78 with value: 6.395096302032471.
LOCAL_RANK: 0 - CUDA_VISIBLE_DEVICES: [0]
[I 2023-11-30 10:21:39,245] Trial 131 finished with value: 9.264555931091309 and parameters: {'gradient_clip_val': 0.2264073380876246, 'hidden_size': 89, 'dropout': 0.1531208690972889, 'hidden_continuous_size': 49, 'attention_head_size': 1, 'learning_rate': 0.07836431199632798}. Best is trial 78 with value: 6.395096302032471.
LOCAL_RANK: 0 - CUDA_VISIBLE_DEVICES: [0]
[I 2023-11-30 10:21:52,949] Trial 132 finished with value: 11.286246299743652 and parameters: {'gradient_clip_val': 0.20875428541805222, 'hidden_size': 77, 'dropout': 0.23841560492855263, 'hidden_continuous_size': 54, 'attention_head_size': 2, 'learning_rate': 0.08573019346129282}. Best is trial 78 with value: 6.395096302032471.
LOCAL_RANK: 0 - CUDA_VISIBLE_DEVICES: [0]
[I 2023-11-30 10:22:06,816] Trial 133 finished with value: 8.54302978515625 and parameters: {'gradient_clip_val': 0.23843853846529248, 'hidden_size': 84, 'dropout': 0.31290816661740195, 'hidden_continuous_size': 56, 'attention_head_size': 1, 'learning_rate': 0.05205446471889183}. Best is trial 78 with value: 6.395096302032471.
LOCAL_RANK: 0 - CUDA_VISIBLE_DEVICES: [0]
[I 2023-11-30 10:22:20,537] Trial 134 finished with value: 14.42562484741211 and parameters: {'gradient_clip_val': 0.1916391725575138, 'hidden_size': 94, 'dropout': 0.25928991933575946, 'hidden_continuous_size': 38, 'attention_head_size': 1, 'learning_rate': 0.07388277795080163}. Best is trial 78 with value: 6.395096302032471.
LOCAL_RANK: 0 - CUDA_VISIBLE_DEVICES: [0]
[I 2023-11-30 10:22:34,477] Trial 135 finished with value: 11.93154239654541 and parameters: {'gradient_clip_val': 0.22268867705923315, 'hidden_size': 108, 'dropout': 0.14775270714956526, 'hidden_continuous_size': 40, 'attention_head_size': 2, 'learning_rate': 0.06335240559281119}. Best is trial 78 with value: 6.395096302032471.
LOCAL_RANK: 0 - CUDA_VISIBLE_DEVICES: [0]
[I 2023-11-30 10:22:48,410] Trial 136 finished with value: 8.55380916595459 and parameters: {'gradient_clip_val': 0.18354808817816093, 'hidden_size': 115, 'dropout': 0.16198214382810838, 'hidden_continuous_size': 51, 'attention_head_size': 1, 'learning_rate': 0.08983792314111361}. Best is trial 78 with value: 6.395096302032471.
LOCAL_RANK: 0 - CUDA_VISIBLE_DEVICES: [0]
[I 2023-11-30 10:23:02,326] Trial 137 finished with value: 7.645754337310791 and parameters: {'gradient_clip_val': 0.25641392452734485, 'hidden_size': 70, 'dropout': 0.17129804286924602, 'hidden_continuous_size': 57, 'attention_head_size': 4, 'learning_rate': 0.08092685152437122}. Best is trial 78 with value: 6.395096302032471.
LOCAL_RANK: 0 - CUDA_VISIBLE_DEVICES: [0]
