[I 2023-11-30 05:18:12,839] Trial 90 finished with value: 30.96932029724121 and parameters: {'gradient_clip_val': 0.10915073812320222, 'hidden_size': 63, 'dropout': 0.26006327844651494, 'hidden_continuous_size': 15, 'attention_head_size': 4, 'learning_rate': 0.036205535963038465}. Best is trial 48 with value: 24.08734893798828.
LOCAL_RANK: 0 - CUDA_VISIBLE_DEVICES: [0]
[I 2023-11-30 05:18:25,758] Trial 91 finished with value: 28.29442024230957 and parameters: {'gradient_clip_val': 0.15519969961883973, 'hidden_size': 53, 'dropout': 0.37322520124237635, 'hidden_continuous_size': 21, 'attention_head_size': 3, 'learning_rate': 0.038200271256566394}. Best is trial 48 with value: 24.08734893798828.
LOCAL_RANK: 0 - CUDA_VISIBLE_DEVICES: [0]
[I 2023-11-30 05:18:38,654] Trial 92 finished with value: 25.869325637817383 and parameters: {'gradient_clip_val': 0.16658010856310185, 'hidden_size': 47, 'dropout': 0.3797713278472114, 'hidden_continuous_size': 19, 'attention_head_size': 3, 'learning_rate': 0.029840051386221856}. Best is trial 48 with value: 24.08734893798828.
LOCAL_RANK: 0 - CUDA_VISIBLE_DEVICES: [0]
[I 2023-11-30 05:18:51,479] Trial 93 finished with value: 30.295305252075195 and parameters: {'gradient_clip_val': 0.1384000590658064, 'hidden_size': 47, 'dropout': 0.3889822200395835, 'hidden_continuous_size': 19, 'attention_head_size': 3, 'learning_rate': 0.027986049479690567}. Best is trial 48 with value: 24.08734893798828.
LOCAL_RANK: 0 - CUDA_VISIBLE_DEVICES: [0]
[I 2023-11-30 05:19:04,263] Trial 94 finished with value: 29.22491455078125 and parameters: {'gradient_clip_val': 0.1677083880028359, 'hidden_size': 43, 'dropout': 0.3797265230552838, 'hidden_continuous_size': 17, 'attention_head_size': 3, 'learning_rate': 0.05245660383631538}. Best is trial 48 with value: 24.08734893798828.
LOCAL_RANK: 0 - CUDA_VISIBLE_DEVICES: [0]
[I 2023-11-30 05:19:17,040] Trial 95 finished with value: 31.88837242126465 and parameters: {'gradient_clip_val': 0.14565722686171625, 'hidden_size': 40, 'dropout': 0.24923708251041699, 'hidden_continuous_size': 18, 'attention_head_size': 3, 'learning_rate': 0.0319626576674801}. Best is trial 48 with value: 24.08734893798828.
LOCAL_RANK: 0 - CUDA_VISIBLE_DEVICES: [0]
[I 2023-11-30 05:19:30,005] Trial 96 finished with value: 32.59756088256836 and parameters: {'gradient_clip_val': 0.16371635325042536, 'hidden_size': 45, 'dropout': 0.35142982623511126, 'hidden_continuous_size': 20, 'attention_head_size': 3, 'learning_rate': 0.04647117914044806}. Best is trial 48 with value: 24.08734893798828.
LOCAL_RANK: 0 - CUDA_VISIBLE_DEVICES: [0]
[I 2023-11-30 05:19:42,422] Trial 97 finished with value: 33.36011505126953 and parameters: {'gradient_clip_val': 0.20482309390834397, 'hidden_size': 36, 'dropout': 0.3890856657088015, 'hidden_continuous_size': 17, 'attention_head_size': 2, 'learning_rate': 0.0617594263320961}. Best is trial 48 with value: 24.08734893798828.
LOCAL_RANK: 0 - CUDA_VISIBLE_DEVICES: [0]
[I 2023-11-30 05:19:55,238] Trial 98 finished with value: 32.955047607421875 and parameters: {'gradient_clip_val': 0.13268684882912368, 'hidden_size': 50, 'dropout': 0.37979039585703395, 'hidden_continuous_size': 16, 'attention_head_size': 1, 'learning_rate': 0.04133809094834859}. Best is trial 48 with value: 24.08734893798828.
LOCAL_RANK: 0 - CUDA_VISIBLE_DEVICES: [0]
[I 2023-11-30 05:20:08,757] Trial 99 finished with value: 27.063461303710938 and parameters: {'gradient_clip_val': 0.17829271600024874, 'hidden_size': 59, 'dropout': 0.26977172370114966, 'hidden_continuous_size': 54, 'attention_head_size': 3, 'learning_rate': 0.0817680963932378}. Best is trial 48 with value: 24.08734893798828.
LOCAL_RANK: 0 - CUDA_VISIBLE_DEVICES: [0]
[I 2023-11-30 05:20:21,764] Trial 100 finished with value: 24.664682388305664 and parameters: {'gradient_clip_val': 0.18799644753300288, 'hidden_size': 38, 'dropout': 0.28030602869917154, 'hidden_continuous_size': 20, 'attention_head_size': 4, 'learning_rate': 0.0238775797238444}. Best is trial 48 with value: 24.08734893798828.
LOCAL_RANK: 0 - CUDA_VISIBLE_DEVICES: [0]
[I 2023-11-30 05:20:34,534] Trial 101 finished with value: 27.24420166015625 and parameters: {'gradient_clip_val': 0.17006902389529793, 'hidden_size': 33, 'dropout': 0.28026085454723026, 'hidden_continuous_size': 19, 'attention_head_size': 4, 'learning_rate': 0.014317570929704088}. Best is trial 48 with value: 24.08734893798828.
LOCAL_RANK: 0 - CUDA_VISIBLE_DEVICES: [0]
[I 2023-11-30 05:20:47,135] Trial 102 finished with value: 30.033157348632812 and parameters: {'gradient_clip_val': 0.18877341533514155, 'hidden_size': 38, 'dropout': 0.2814736727509327, 'hidden_continuous_size': 18, 'attention_head_size': 4, 'learning_rate': 0.024871927536912912}. Best is trial 48 with value: 24.08734893798828.
LOCAL_RANK: 0 - CUDA_VISIBLE_DEVICES: [0]
[I 2023-11-30 05:20:59,894] Trial 103 finished with value: 25.621612548828125 and parameters: {'gradient_clip_val': 0.1512616670408866, 'hidden_size': 43, 'dropout': 0.39522299003293637, 'hidden_continuous_size': 20, 'attention_head_size': 4, 'learning_rate': 0.023159005014709893}. Best is trial 48 with value: 24.08734893798828.
LOCAL_RANK: 0 - CUDA_VISIBLE_DEVICES: [0]
[I 2023-11-30 05:21:12,642] Trial 104 finished with value: 29.603652954101562 and parameters: {'gradient_clip_val': 0.150747514182512, 'hidden_size': 43, 'dropout': 0.39256504668240844, 'hidden_continuous_size': 20, 'attention_head_size': 4, 'learning_rate': 0.027045696165703917}. Best is trial 48 with value: 24.08734893798828.
LOCAL_RANK: 0 - CUDA_VISIBLE_DEVICES: [0]
[I 2023-11-30 05:21:25,607] Trial 105 finished with value: 32.206092834472656 and parameters: {'gradient_clip_val': 0.14380622137368249, 'hidden_size': 41, 'dropout': 0.3959206006834295, 'hidden_continuous_size': 19, 'attention_head_size': 4, 'learning_rate': 0.023182985894443578}. Best is trial 48 with value: 24.08734893798828.
LOCAL_RANK: 0 - CUDA_VISIBLE_DEVICES: [0]
[I 2023-11-30 05:21:38,132] Trial 106 finished with value: 29.205001831054688 and parameters: {'gradient_clip_val': 0.12422566732920418, 'hidden_size': 36, 'dropout': 0.2622357415974167, 'hidden_continuous_size': 20, 'attention_head_size': 4, 'learning_rate': 0.030922441588326154}. Best is trial 48 with value: 24.08734893798828.
LOCAL_RANK: 0 - CUDA_VISIBLE_DEVICES: [0]
[I 2023-11-30 05:21:51,104] Trial 107 finished with value: 28.08843421936035 and parameters: {'gradient_clip_val': 0.11333111053358158, 'hidden_size': 46, 'dropout': 0.27317142025127494, 'hidden_continuous_size': 22, 'attention_head_size': 4, 'learning_rate': 0.02110725483188429}. Best is trial 48 with value: 24.08734893798828.
LOCAL_RANK: 0 - CUDA_VISIBLE_DEVICES: [0]
[I 2023-11-30 05:22:03,915] Trial 108 finished with value: 25.97664451599121 and parameters: {'gradient_clip_val': 0.19165595040195071, 'hidden_size': 39, 'dropout': 0.25685344532986043, 'hidden_continuous_size': 21, 'attention_head_size': 4, 'learning_rate': 0.03343398359854961}. Best is trial 48 with value: 24.08734893798828.
LOCAL_RANK: 0 - CUDA_VISIBLE_DEVICES: [0]
[I 2023-11-30 05:22:16,627] Trial 109 finished with value: 33.04006576538086 and parameters: {'gradient_clip_val': 0.19817546116665338, 'hidden_size': 39, 'dropout': 0.3827325434897809, 'hidden_continuous_size': 21, 'attention_head_size': 4, 'learning_rate': 0.03789013376548253}. Best is trial 48 with value: 24.08734893798828.
LOCAL_RANK: 0 - CUDA_VISIBLE_DEVICES: [0]
[I 2023-11-30 05:22:29,667] Trial 110 finished with value: 29.5975341796875 and parameters: {'gradient_clip_val': 0.19054961928638486, 'hidden_size': 44, 'dropout': 0.25601799496210514, 'hidden_continuous_size': 23, 'attention_head_size': 4, 'learning_rate': 0.03310857009604429}. Best is trial 48 with value: 24.08734893798828.
LOCAL_RANK: 0 - CUDA_VISIBLE_DEVICES: [0]
[I 2023-11-30 05:22:42,424] Trial 111 finished with value: 25.658174514770508 and parameters: {'gradient_clip_val': 0.1611235343430224, 'hidden_size': 34, 'dropout': 0.24722219288271102, 'hidden_continuous_size': 19, 'attention_head_size': 4, 'learning_rate': 0.02637043357292661}. Best is trial 48 with value: 24.08734893798828.
LOCAL_RANK: 0 - CUDA_VISIBLE_DEVICES: [0]
[I 2023-11-30 05:22:55,237] Trial 112 finished with value: 29.189849853515625 and parameters: {'gradient_clip_val': 0.16236046891817596, 'hidden_size': 33, 'dropout': 0.24622326058313573, 'hidden_continuous_size': 19, 'attention_head_size': 4, 'learning_rate': 0.02833262502221198}. Best is trial 48 with value: 24.08734893798828.
LOCAL_RANK: 0 - CUDA_VISIBLE_DEVICES: [0]
[I 2023-11-30 05:23:08,012] Trial 113 finished with value: 27.80330467224121 and parameters: {'gradient_clip_val': 0.15675880711691031, 'hidden_size': 37, 'dropout': 0.23442093672544215, 'hidden_continuous_size': 20, 'attention_head_size': 4, 'learning_rate': 0.0344714912715635}. Best is trial 48 with value: 24.08734893798828.
LOCAL_RANK: 0 - CUDA_VISIBLE_DEVICES: [0]
[I 2023-11-30 05:23:20,706] Trial 114 finished with value: 29.279932022094727 and parameters: {'gradient_clip_val': 0.1778543104286438, 'hidden_size': 40, 'dropout': 0.22163240219648686, 'hidden_continuous_size': 18, 'attention_head_size': 4, 'learning_rate': 0.026090899142056718}. Best is trial 48 with value: 24.08734893798828.
LOCAL_RANK: 0 - CUDA_VISIBLE_DEVICES: [0]
[I 2023-11-30 05:23:33,452] Trial 115 finished with value: 25.6621150970459 and parameters: {'gradient_clip_val': 0.22433389034863446, 'hidden_size': 29, 'dropout': 0.2954001787341849, 'hidden_continuous_size': 19, 'attention_head_size': 4, 'learning_rate': 0.04335783334826174}. Best is trial 48 with value: 24.08734893798828.
LOCAL_RANK: 0 - CUDA_VISIBLE_DEVICES: [0]
[I 2023-11-30 05:23:45,958] Trial 116 finished with value: 25.27431297302246 and parameters: {'gradient_clip_val': 0.22796477494223835, 'hidden_size': 29, 'dropout': 0.2987242104227375, 'hidden_continuous_size': 19, 'attention_head_size': 4, 'learning_rate': 0.04330376200983575}. Best is trial 48 with value: 24.08734893798828.
LOCAL_RANK: 0 - CUDA_VISIBLE_DEVICES: [0]
[I 2023-11-30 05:23:58,513] Trial 117 finished with value: 28.773305892944336 and parameters: {'gradient_clip_val': 0.22099151975955303, 'hidden_size': 29, 'dropout': 0.2968385142578221, 'hidden_continuous_size': 19, 'attention_head_size': 4, 'learning_rate': 0.043502327010252105}. Best is trial 48 with value: 24.08734893798828.
LOCAL_RANK: 0 - CUDA_VISIBLE_DEVICES: [0]
[I 2023-11-30 05:24:10,886] Trial 118 finished with value: 27.544462203979492 and parameters: {'gradient_clip_val': 0.211937966988307, 'hidden_size': 28, 'dropout': 0.3103160910079595, 'hidden_continuous_size': 19, 'attention_head_size': 4, 'learning_rate': 0.03804423900437857}. Best is trial 48 with value: 24.08734893798828.
LOCAL_RANK: 0 - CUDA_VISIBLE_DEVICES: [0]
[I 2023-11-30 05:24:23,560] Trial 119 finished with value: 28.37664222717285 and parameters: {'gradient_clip_val': 0.24401939290344837, 'hidden_size': 34, 'dropout': 0.2868363823006022, 'hidden_continuous_size': 20, 'attention_head_size': 4, 'learning_rate': 0.048113520002126806}. Best is trial 48 with value: 24.08734893798828.
LOCAL_RANK: 0 - CUDA_VISIBLE_DEVICES: [0]
[I 2023-11-30 05:24:36,513] Trial 120 finished with value: 28.8199462890625 and parameters: {'gradient_clip_val': 0.22518991396357846, 'hidden_size': 35, 'dropout': 0.3935921895843425, 'hidden_continuous_size': 21, 'attention_head_size': 4, 'learning_rate': 0.02993176215969173}. Best is trial 48 with value: 24.08734893798828.
LOCAL_RANK: 0 - CUDA_VISIBLE_DEVICES: [0]
[I 2023-11-30 05:24:49,040] Trial 121 finished with value: 26.264732360839844 and parameters: {'gradient_clip_val': 0.2065317564653331, 'hidden_size': 32, 'dropout': 0.2733223545926324, 'hidden_continuous_size': 19, 'attention_head_size': 4, 'learning_rate': 0.04256412588569441}. Best is trial 48 with value: 24.08734893798828.
LOCAL_RANK: 0 - CUDA_VISIBLE_DEVICES: [0]
[I 2023-11-30 05:25:01,716] Trial 122 finished with value: 27.229103088378906 and parameters: {'gradient_clip_val': 0.20086421809752958, 'hidden_size': 30, 'dropout': 0.2981564062696199, 'hidden_continuous_size': 19, 'attention_head_size': 4, 'learning_rate': 0.034265516613585456}. Best is trial 48 with value: 24.08734893798828.
LOCAL_RANK: 0 - CUDA_VISIBLE_DEVICES: [0]
[I 2023-11-30 05:25:13,933] Trial 123 finished with value: 29.427114486694336 and parameters: {'gradient_clip_val': 0.2321345235738581, 'hidden_size': 28, 'dropout': 0.28682283044137896, 'hidden_continuous_size': 20, 'attention_head_size': 4, 'learning_rate': 0.043401734314117764}. Best is trial 48 with value: 24.08734893798828.
LOCAL_RANK: 0 - CUDA_VISIBLE_DEVICES: [0]
[I 2023-11-30 05:25:26,403] Trial 124 finished with value: 28.68518829345703 and parameters: {'gradient_clip_val': 0.20612544123688817, 'hidden_size': 26, 'dropout': 0.31220646407901886, 'hidden_continuous_size': 19, 'attention_head_size': 4, 'learning_rate': 0.054376416524391}. Best is trial 48 with value: 24.08734893798828.
LOCAL_RANK: 0 - CUDA_VISIBLE_DEVICES: [0]
[I 2023-11-30 05:25:39,243] Trial 125 finished with value: 27.958383560180664 and parameters: {'gradient_clip_val': 0.18745527973293458, 'hidden_size': 36, 'dropout': 0.3000443618468023, 'hidden_continuous_size': 21, 'attention_head_size': 4, 'learning_rate': 0.039175476211445036}. Best is trial 48 with value: 24.08734893798828.
LOCAL_RANK: 0 - CUDA_VISIBLE_DEVICES: [0]
[I 2023-11-30 05:25:51,549] Trial 126 finished with value: 27.563940048217773 and parameters: {'gradient_clip_val': 0.2628788385494691, 'hidden_size': 32, 'dropout': 0.2897904334566124, 'hidden_continuous_size': 18, 'attention_head_size': 4, 'learning_rate': 0.04824838587095277}. Best is trial 48 with value: 24.08734893798828.
LOCAL_RANK: 0 - CUDA_VISIBLE_DEVICES: [0]
[I 2023-11-30 05:26:04,485] Trial 127 finished with value: 25.26252555847168 and parameters: {'gradient_clip_val': 0.21021753712388053, 'hidden_size': 42, 'dropout': 0.3029946839496642, 'hidden_continuous_size': 22, 'attention_head_size': 4, 'learning_rate': 0.030991677521372458}. Best is trial 48 with value: 24.08734893798828.
LOCAL_RANK: 0 - CUDA_VISIBLE_DEVICES: [0]
[I 2023-11-30 05:26:17,308] Trial 128 finished with value: 28.18860626220703 and parameters: {'gradient_clip_val': 0.19423222214849842, 'hidden_size': 39, 'dropout': 0.3026840066493424, 'hidden_continuous_size': 23, 'attention_head_size': 4, 'learning_rate': 0.02423776999063983}. Best is trial 48 with value: 24.08734893798828.
LOCAL_RANK: 0 - CUDA_VISIBLE_DEVICES: [0]
[I 2023-11-30 05:26:29,941] Trial 129 finished with value: 30.930099487304688 and parameters: {'gradient_clip_val': 0.2114158456941361, 'hidden_size': 34, 'dropout': 0.29303165996992986, 'hidden_continuous_size': 22, 'attention_head_size': 4, 'learning_rate': 0.02992341931249875}. Best is trial 48 with value: 24.08734893798828.
LOCAL_RANK: 0 - CUDA_VISIBLE_DEVICES: [0]
[I 2023-11-30 05:26:42,861] Trial 130 finished with value: 29.443634033203125 and parameters: {'gradient_clip_val': 0.22919315220028208, 'hidden_size': 42, 'dropout': 0.27419103487268337, 'hidden_continuous_size': 21, 'attention_head_size': 4, 'learning_rate': 0.036257749030152636}. Best is trial 48 with value: 24.08734893798828.
LOCAL_RANK: 0 - CUDA_VISIBLE_DEVICES: [0]
[I 2023-11-30 05:26:55,926] Trial 131 finished with value: 27.72435188293457 and parameters: {'gradient_clip_val': 0.18162813049964163, 'hidden_size': 46, 'dropout': 0.3118078251083457, 'hidden_continuous_size': 22, 'attention_head_size': 4, 'learning_rate': 0.04138648309278129}. Best is trial 48 with value: 24.08734893798828.
LOCAL_RANK: 0 - CUDA_VISIBLE_DEVICES: [0]
[I 2023-11-30 05:27:08,769] Trial 132 finished with value: 28.12235450744629 and parameters: {'gradient_clip_val': 0.21819342665633953, 'hidden_size': 38, 'dropout': 0.2851055861498349, 'hidden_continuous_size': 20, 'attention_head_size': 4, 'learning_rate': 0.027507822387893684}. Best is trial 48 with value: 24.08734893798828.
LOCAL_RANK: 0 - CUDA_VISIBLE_DEVICES: [0]
[I 2023-11-30 05:27:21,455] Trial 133 finished with value: 31.957107543945312 and parameters: {'gradient_clip_val': 0.20419096045915366, 'hidden_size': 42, 'dropout': 0.26259890254506, 'hidden_continuous_size': 14, 'attention_head_size': 4, 'learning_rate': 0.03308895542825825}. Best is trial 48 with value: 24.08734893798828.
LOCAL_RANK: 0 - CUDA_VISIBLE_DEVICES: [0]
[I 2023-11-30 05:27:34,337] Trial 134 finished with value: 28.613969802856445 and parameters: {'gradient_clip_val': 0.10504255735471418, 'hidden_size': 48, 'dropout': 0.2772171578983046, 'hidden_continuous_size': 23, 'attention_head_size': 4, 'learning_rate': 0.057937411186997814}. Best is trial 48 with value: 24.08734893798828.
LOCAL_RANK: 0 - CUDA_VISIBLE_DEVICES: [0]
[I 2023-11-30 05:27:46,564] Trial 135 finished with value: 29.96409034729004 and parameters: {'gradient_clip_val': 0.17593925235187904, 'hidden_size': 24, 'dropout': 0.32802873705268853, 'hidden_continuous_size': 14, 'attention_head_size': 4, 'learning_rate': 0.0461871450010914}. Best is trial 48 with value: 24.08734893798828.
LOCAL_RANK: 0 - CUDA_VISIBLE_DEVICES: [0]
[I 2023-11-30 05:27:59,415] Trial 136 finished with value: 26.70000457763672 and parameters: {'gradient_clip_val': 0.1679772147165975, 'hidden_size': 44, 'dropout': 0.32014320407540103, 'hidden_continuous_size': 22, 'attention_head_size': 4, 'learning_rate': 0.05100052072501984}. Best is trial 48 with value: 24.08734893798828.
LOCAL_RANK: 0 - CUDA_VISIBLE_DEVICES: [0]
[I 2023-11-30 05:28:12,186] Trial 137 finished with value: 26.211103439331055 and parameters: {'gradient_clip_val': 0.1897958341562498, 'hidden_size': 31, 'dropout': 0.2962256553699034, 'hidden_continuous_size': 20, 'attention_head_size': 4, 'learning_rate': 0.02045195693024352}. Best is trial 48 with value: 24.08734893798828.
LOCAL_RANK: 0 - CUDA_VISIBLE_DEVICES: [0]
[I 2023-11-30 05:28:24,756] Trial 138 finished with value: 29.468751907348633 and parameters: {'gradient_clip_val': 0.1901191635371838, 'hidden_size': 31, 'dropout': 0.3036581737352986, 'hidden_continuous_size': 20, 'attention_head_size': 4, 'learning_rate': 0.019839135582207255}. Best is trial 48 with value: 24.08734893798828.
LOCAL_RANK: 0 - CUDA_VISIBLE_DEVICES: [0]
[I 2023-11-30 05:28:37,398] Trial 139 finished with value: 32.16588592529297 and parameters: {'gradient_clip_val': 0.24489016745221903, 'hidden_size': 36, 'dropout': 0.29685932667536175, 'hidden_continuous_size': 21, 'attention_head_size': 4, 'learning_rate': 0.02113567605684476}. Best is trial 48 with value: 24.08734893798828.
LOCAL_RANK: 0 - CUDA_VISIBLE_DEVICES: [0]
[I 2023-11-30 05:28:50,288] Trial 140 finished with value: 29.750808715820312 and parameters: {'gradient_clip_val': 0.21207547778328562, 'hidden_size': 33, 'dropout': 0.3068966419313023, 'hidden_continuous_size': 19, 'attention_head_size': 4, 'learning_rate': 0.024832103993177652}. Best is trial 48 with value: 24.08734893798828.
LOCAL_RANK: 0 - CUDA_VISIBLE_DEVICES: [0]
[I 2023-11-30 05:29:02,979] Trial 141 finished with value: 29.54497718811035 and parameters: {'gradient_clip_val': 0.19812011186209272, 'hidden_size': 40, 'dropout': 0.2933217415400332, 'hidden_continuous_size': 20, 'attention_head_size': 4, 'learning_rate': 0.023084864366031948}. Best is trial 48 with value: 24.08734893798828.
LOCAL_RANK: 0 - CUDA_VISIBLE_DEVICES: [0]
[I 2023-11-30 05:29:16,092] Trial 142 finished with value: 31.024621963500977 and parameters: {'gradient_clip_val': 0.18791117883498384, 'hidden_size': 51, 'dropout': 0.28245368525344305, 'hidden_continuous_size': 24, 'attention_head_size': 4, 'learning_rate': 0.03679185042865026}. Best is trial 48 with value: 24.08734893798828.
LOCAL_RANK: 0 - CUDA_VISIBLE_DEVICES: [0]
[I 2023-11-30 05:29:28,785] Trial 143 finished with value: 31.8238468170166 and parameters: {'gradient_clip_val': 0.17902645979959658, 'hidden_size': 48, 'dropout': 0.2742350769149457, 'hidden_continuous_size': 21, 'attention_head_size': 4, 'learning_rate': 0.03171028689152846}. Best is trial 48 with value: 24.08734893798828.
LOCAL_RANK: 0 - CUDA_VISIBLE_DEVICES: [0]
[I 2023-11-30 05:29:41,625] Trial 144 finished with value: 28.16345977783203 and parameters: {'gradient_clip_val': 0.16747603370008873, 'hidden_size': 37, 'dropout': 0.38436644199010483, 'hidden_continuous_size': 20, 'attention_head_size': 4, 'learning_rate': 0.017634335743153585}. Best is trial 48 with value: 24.08734893798828.
LOCAL_RANK: 0 - CUDA_VISIBLE_DEVICES: [0]
[I 2023-11-30 05:29:54,745] Trial 145 finished with value: 25.59212303161621 and parameters: {'gradient_clip_val': 0.23598016549607814, 'hidden_size': 43, 'dropout': 0.2523366559328547, 'hidden_continuous_size': 18, 'attention_head_size': 4, 'learning_rate': 0.027475432378789712}. Best is trial 48 with value: 24.08734893798828.
LOCAL_RANK: 0 - CUDA_VISIBLE_DEVICES: [0]
[I 2023-11-30 05:30:07,245] Trial 146 finished with value: 26.503816604614258 and parameters: {'gradient_clip_val': 0.2285665553275933, 'hidden_size': 31, 'dropout': 0.26752227275019275, 'hidden_continuous_size': 19, 'attention_head_size': 4, 'learning_rate': 0.029183690991856463}. Best is trial 48 with value: 24.08734893798828.
LOCAL_RANK: 0 - CUDA_VISIBLE_DEVICES: [0]
[I 2023-11-30 05:30:19,482] Trial 147 finished with value: 31.43088722229004 and parameters: {'gradient_clip_val': 0.2337863705860836, 'hidden_size': 28, 'dropout': 0.2530398335433954, 'hidden_continuous_size': 13, 'attention_head_size': 4, 'learning_rate': 0.02257035006715722}. Best is trial 48 with value: 24.08734893798828.
LOCAL_RANK: 0 - CUDA_VISIBLE_DEVICES: [0]
[I 2023-11-30 05:30:32,214] Trial 148 finished with value: 29.79285430908203 and parameters: {'gradient_clip_val': 0.25787316274894034, 'hidden_size': 44, 'dropout': 0.29068285952127243, 'hidden_continuous_size': 18, 'attention_head_size': 4, 'learning_rate': 0.027074766552937887}. Best is trial 48 with value: 24.08734893798828.
LOCAL_RANK: 0 - CUDA_VISIBLE_DEVICES: [0]
