[I 2023-11-30 09:18:41,720] Trial 147 finished with value: 39.54108428955078 and parameters: {'gradient_clip_val': 0.273147170134113, 'hidden_size': 81, 'dropout': 0.2973449985597025, 'hidden_continuous_size': 14, 'attention_head_size': 2, 'learning_rate': 0.017502905787441944}. Best is trial 141 with value: 37.88005447387695.
LOCAL_RANK: 0 - CUDA_VISIBLE_DEVICES: [0]
[I 2023-11-30 09:18:54,915] Trial 148 finished with value: 44.084320068359375 and parameters: {'gradient_clip_val': 0.30169664620485365, 'hidden_size': 81, 'dropout': 0.3050077476266727, 'hidden_continuous_size': 15, 'attention_head_size': 2, 'learning_rate': 0.01719398358259778}. Best is trial 141 with value: 37.88005447387695.
LOCAL_RANK: 0 - CUDA_VISIBLE_DEVICES: [0]
[I 2023-11-30 09:19:08,239] Trial 149 finished with value: 41.782127380371094 and parameters: {'gradient_clip_val': 0.27186208935666417, 'hidden_size': 89, 'dropout': 0.2973222653539378, 'hidden_continuous_size': 14, 'attention_head_size': 2, 'learning_rate': 0.01949474931372465}. Best is trial 141 with value: 37.88005447387695.
[I 2023-11-30 09:19:08,350] A new study created in memory with name: no-name-756ae680-58cd-4de4-8433-3a828fe9276f
/home/le004/conda/anaconda3/envs/tsff_env/lib/python3.9/site-packages/lightning/fabric/plugins/environments/slurm.py:191: The `srun` command is available on your system but is not used. HINT: If your intention is to run Lightning on SLURM, prepend your python command with `srun` like so: srun python /home/le004/master_thesis/git/TSFusionForecast/code/ ...
LOCAL_RANK: 0 - CUDA_VISIBLE_DEVICES: [0]
[I 2023-11-30 09:19:21,702] Trial 0 finished with value: 14.744644165039062 and parameters: {'gradient_clip_val': 0.16845566422955033, 'hidden_size': 55, 'dropout': 0.22566117953521886, 'hidden_continuous_size': 42, 'attention_head_size': 2, 'learning_rate': 0.0022705288173625283}. Best is trial 0 with value: 14.744644165039062.
LOCAL_RANK: 0 - CUDA_VISIBLE_DEVICES: [0]
[I 2023-11-30 09:19:33,820] Trial 1 finished with value: 34.08375930786133 and parameters: {'gradient_clip_val': 0.4492562971903671, 'hidden_size': 18, 'dropout': 0.14996872052437854, 'hidden_continuous_size': 13, 'attention_head_size': 3, 'learning_rate': 0.002807412289128619}. Best is trial 0 with value: 14.744644165039062.
LOCAL_RANK: 0 - CUDA_VISIBLE_DEVICES: [0]
[I 2023-11-30 09:19:46,326] Trial 2 finished with value: 12.518410682678223 and parameters: {'gradient_clip_val': 0.11701939029006171, 'hidden_size': 28, 'dropout': 0.3203073363501884, 'hidden_continuous_size': 22, 'attention_head_size': 4, 'learning_rate': 0.04981785621260716}. Best is trial 2 with value: 12.518410682678223.
LOCAL_RANK: 0 - CUDA_VISIBLE_DEVICES: [0]
[I 2023-11-30 09:19:58,576] Trial 3 finished with value: 44.92991256713867 and parameters: {'gradient_clip_val': 0.7252048913069151, 'hidden_size': 17, 'dropout': 0.3591552220719558, 'hidden_continuous_size': 15, 'attention_head_size': 1, 'learning_rate': 0.0018894589797556034}. Best is trial 2 with value: 12.518410682678223.
LOCAL_RANK: 0 - CUDA_VISIBLE_DEVICES: [0]
[I 2023-11-30 09:20:10,352] Trial 4 finished with value: 11.942344665527344 and parameters: {'gradient_clip_val': 0.8775474285103495, 'hidden_size': 16, 'dropout': 0.3147413731750231, 'hidden_continuous_size': 11, 'attention_head_size': 2, 'learning_rate': 0.040699977131827464}. Best is trial 4 with value: 11.942344665527344.
LOCAL_RANK: 0 - CUDA_VISIBLE_DEVICES: [0]
[I 2023-11-30 09:20:20,527] Trial 5 finished with value: 50.560359954833984 and parameters: {'gradient_clip_val': 0.5465009152163487, 'hidden_size': 10, 'dropout': 0.2757638933145746, 'hidden_continuous_size': 10, 'attention_head_size': 3, 'learning_rate': 0.0012913016348775842}. Best is trial 4 with value: 11.942344665527344.
LOCAL_RANK: 0 - CUDA_VISIBLE_DEVICES: [0]
[I 2023-11-30 09:20:33,623] Trial 6 finished with value: 13.830414772033691 and parameters: {'gradient_clip_val': 0.5531513718827138, 'hidden_size': 63, 'dropout': 0.16565780628969712, 'hidden_continuous_size': 12, 'attention_head_size': 4, 'learning_rate': 0.07812871025239582}. Best is trial 4 with value: 11.942344665527344.
LOCAL_RANK: 0 - CUDA_VISIBLE_DEVICES: [0]
[I 2023-11-30 09:20:47,282] Trial 7 finished with value: 13.495274543762207 and parameters: {'gradient_clip_val': 0.41654480707514807, 'hidden_size': 92, 'dropout': 0.24722198248269617, 'hidden_continuous_size': 22, 'attention_head_size': 3, 'learning_rate': 0.0036841720753188496}. Best is trial 4 with value: 11.942344665527344.
LOCAL_RANK: 0 - CUDA_VISIBLE_DEVICES: [0]
[I 2023-11-30 09:21:00,965] Trial 8 finished with value: 11.46613597869873 and parameters: {'gradient_clip_val': 0.19312662947147696, 'hidden_size': 90, 'dropout': 0.31153170808874747, 'hidden_continuous_size': 38, 'attention_head_size': 1, 'learning_rate': 0.006123572892565387}. Best is trial 8 with value: 11.46613597869873.
LOCAL_RANK: 0 - CUDA_VISIBLE_DEVICES: [0]
[I 2023-11-30 09:21:15,335] Trial 9 finished with value: 12.083145141601562 and parameters: {'gradient_clip_val': 0.15135703340346487, 'hidden_size': 115, 'dropout': 0.10345627258881451, 'hidden_continuous_size': 91, 'attention_head_size': 3, 'learning_rate': 0.00935353123036114}. Best is trial 8 with value: 11.46613597869873.
LOCAL_RANK: 0 - CUDA_VISIBLE_DEVICES: [0]
[I 2023-11-30 09:21:29,090] Trial 10 finished with value: 11.339919090270996 and parameters: {'gradient_clip_val': 0.25686952835572874, 'hidden_size': 97, 'dropout': 0.37237149417835935, 'hidden_continuous_size': 47, 'attention_head_size': 1, 'learning_rate': 0.00887707514883637}. Best is trial 10 with value: 11.339919090270996.
LOCAL_RANK: 0 - CUDA_VISIBLE_DEVICES: [0]
[I 2023-11-30 09:21:42,965] Trial 11 finished with value: 11.631881713867188 and parameters: {'gradient_clip_val': 0.26338049755693366, 'hidden_size': 125, 'dropout': 0.3973992749754046, 'hidden_continuous_size': 49, 'attention_head_size': 1, 'learning_rate': 0.008377022562134153}. Best is trial 10 with value: 11.339919090270996.
LOCAL_RANK: 0 - CUDA_VISIBLE_DEVICES: [0]
[I 2023-11-30 09:21:57,585] Trial 12 finished with value: 11.47411060333252 and parameters: {'gradient_clip_val': 0.24617157853729615, 'hidden_size': 147, 'dropout': 0.39950637543229617, 'hidden_continuous_size': 65, 'attention_head_size': 1, 'learning_rate': 0.018883306681555675}. Best is trial 10 with value: 11.339919090270996.
LOCAL_RANK: 0 - CUDA_VISIBLE_DEVICES: [0]
[I 2023-11-30 09:22:10,979] Trial 13 finished with value: 11.966143608093262 and parameters: {'gradient_clip_val': 0.2952483983894892, 'hidden_size': 80, 'dropout': 0.3139053350266993, 'hidden_continuous_size': 35, 'attention_head_size': 2, 'learning_rate': 0.005207700261235213}. Best is trial 10 with value: 11.339919090270996.
LOCAL_RANK: 0 - CUDA_VISIBLE_DEVICES: [0]
[I 2023-11-30 09:22:24,000] Trial 14 finished with value: 12.092208862304688 and parameters: {'gradient_clip_val': 0.2060292068192219, 'hidden_size': 49, 'dropout': 0.35473936093189484, 'hidden_continuous_size': 30, 'attention_head_size': 1, 'learning_rate': 0.016767587950590912}. Best is trial 10 with value: 11.339919090270996.
LOCAL_RANK: 0 - CUDA_VISIBLE_DEVICES: [0]
[I 2023-11-30 09:22:37,682] Trial 15 finished with value: 11.785080909729004 and parameters: {'gradient_clip_val': 0.19915159640439664, 'hidden_size': 85, 'dropout': 0.2759159586444061, 'hidden_continuous_size': 49, 'attention_head_size': 1, 'learning_rate': 0.005385639761348264}. Best is trial 10 with value: 11.339919090270996.
LOCAL_RANK: 0 - CUDA_VISIBLE_DEVICES: [0]
[I 2023-11-30 09:22:50,253] Trial 16 finished with value: 11.167045593261719 and parameters: {'gradient_clip_val': 0.35239825192305696, 'hidden_size': 40, 'dropout': 0.35330829813537035, 'hidden_continuous_size': 27, 'attention_head_size': 2, 'learning_rate': 0.015708262835924233}. Best is trial 16 with value: 11.167045593261719.
LOCAL_RANK: 0 - CUDA_VISIBLE_DEVICES: [0]
[I 2023-11-30 09:23:03,049] Trial 17 finished with value: 11.712512016296387 and parameters: {'gradient_clip_val': 0.32149753074461346, 'hidden_size': 37, 'dropout': 0.3603033495591469, 'hidden_continuous_size': 24, 'attention_head_size': 2, 'learning_rate': 0.01567794709802603}. Best is trial 16 with value: 11.167045593261719.
LOCAL_RANK: 0 - CUDA_VISIBLE_DEVICES: [0]
[I 2023-11-30 09:23:15,493] Trial 18 finished with value: 11.328343391418457 and parameters: {'gradient_clip_val': 0.3535042950775107, 'hidden_size': 40, 'dropout': 0.3761419586511544, 'hidden_continuous_size': 18, 'attention_head_size': 2, 'learning_rate': 0.012377346049524915}. Best is trial 16 with value: 11.167045593261719.
LOCAL_RANK: 0 - CUDA_VISIBLE_DEVICES: [0]
[I 2023-11-30 09:23:28,119] Trial 19 finished with value: 12.621849060058594 and parameters: {'gradient_clip_val': 0.35458450974270833, 'hidden_size': 33, 'dropout': 0.33278211775432176, 'hidden_continuous_size': 17, 'attention_head_size': 2, 'learning_rate': 0.028039263411661845}. Best is trial 16 with value: 11.167045593261719.
LOCAL_RANK: 0 - CUDA_VISIBLE_DEVICES: [0]
[I 2023-11-30 09:23:40,916] Trial 20 finished with value: 12.726510047912598 and parameters: {'gradient_clip_val': 0.36724893264100467, 'hidden_size': 46, 'dropout': 0.39901468497874837, 'hidden_continuous_size': 19, 'attention_head_size': 2, 'learning_rate': 0.011810828944920618}. Best is trial 16 with value: 11.167045593261719.
LOCAL_RANK: 0 - CUDA_VISIBLE_DEVICES: [0]
[I 2023-11-30 09:23:54,289] Trial 21 finished with value: 10.81490707397461 and parameters: {'gradient_clip_val': 0.27533564332877886, 'hidden_size': 63, 'dropout': 0.37022973484058824, 'hidden_continuous_size': 28, 'attention_head_size': 2, 'learning_rate': 0.011020454465174023}. Best is trial 21 with value: 10.81490707397461.
LOCAL_RANK: 0 - CUDA_VISIBLE_DEVICES: [0]
[I 2023-11-30 09:24:07,878] Trial 22 finished with value: 13.614398002624512 and parameters: {'gradient_clip_val': 0.2971804844358381, 'hidden_size': 67, 'dropout': 0.3447072548519626, 'hidden_continuous_size': 27, 'attention_head_size': 2, 'learning_rate': 0.023188578917450884}. Best is trial 21 with value: 10.81490707397461.
LOCAL_RANK: 0 - CUDA_VISIBLE_DEVICES: [0]
[I 2023-11-30 09:24:20,588] Trial 23 finished with value: 12.925868034362793 and parameters: {'gradient_clip_val': 0.4065704917372762, 'hidden_size': 41, 'dropout': 0.3758849565559219, 'hidden_continuous_size': 18, 'attention_head_size': 2, 'learning_rate': 0.011060821593955881}. Best is trial 21 with value: 10.81490707397461.
LOCAL_RANK: 0 - CUDA_VISIBLE_DEVICES: [0]
[I 2023-11-30 09:24:33,871] Trial 24 finished with value: 11.83993911743164 and parameters: {'gradient_clip_val': 0.327414885914343, 'hidden_size': 59, 'dropout': 0.37806939607422213, 'hidden_continuous_size': 26, 'attention_head_size': 3, 'learning_rate': 0.01316934294475566}. Best is trial 21 with value: 10.81490707397461.
LOCAL_RANK: 0 - CUDA_VISIBLE_DEVICES: [0]
[I 2023-11-30 09:24:46,413] Trial 25 finished with value: 12.976371765136719 and parameters: {'gradient_clip_val': 0.23699874194548026, 'hidden_size': 31, 'dropout': 0.3381159663758194, 'hidden_continuous_size': 20, 'attention_head_size': 2, 'learning_rate': 0.023396161438800113}. Best is trial 21 with value: 10.81490707397461.
LOCAL_RANK: 0 - CUDA_VISIBLE_DEVICES: [0]
[I 2023-11-30 09:24:59,309] Trial 26 finished with value: 11.687728881835938 and parameters: {'gradient_clip_val': 0.4775571298263616, 'hidden_size': 46, 'dropout': 0.378075709596861, 'hidden_continuous_size': 23, 'attention_head_size': 3, 'learning_rate': 0.01463940372523517}. Best is trial 21 with value: 10.81490707397461.
LOCAL_RANK: 0 - CUDA_VISIBLE_DEVICES: [0]
[I 2023-11-30 09:25:12,780] Trial 27 finished with value: 11.425934791564941 and parameters: {'gradient_clip_val': 0.3708642589709166, 'hidden_size': 72, 'dropout': 0.34446785471649155, 'hidden_continuous_size': 31, 'attention_head_size': 2, 'learning_rate': 0.007257924214985057}. Best is trial 21 with value: 10.81490707397461.
LOCAL_RANK: 0 - CUDA_VISIBLE_DEVICES: [0]
[I 2023-11-30 09:25:25,732] Trial 28 finished with value: 11.2224702835083 and parameters: {'gradient_clip_val': 0.2907141661446339, 'hidden_size': 53, 'dropout': 0.28867206394085093, 'hidden_continuous_size': 16, 'attention_head_size': 2, 'learning_rate': 0.01174416625247271}. Best is trial 21 with value: 10.81490707397461.
LOCAL_RANK: 0 - CUDA_VISIBLE_DEVICES: [0]
[I 2023-11-30 09:25:39,056] Trial 29 finished with value: 12.676849365234375 and parameters: {'gradient_clip_val': 0.2896419659649431, 'hidden_size': 55, 'dropout': 0.29585073308548937, 'hidden_continuous_size': 27, 'attention_head_size': 3, 'learning_rate': 0.004361566042984799}. Best is trial 21 with value: 10.81490707397461.
LOCAL_RANK: 0 - CUDA_VISIBLE_DEVICES: [0]
[I 2023-11-30 09:25:51,849] Trial 30 finished with value: 17.20526695251465 and parameters: {'gradient_clip_val': 0.16372143142987572, 'hidden_size': 55, 'dropout': 0.28972098254950296, 'hidden_continuous_size': 16, 'attention_head_size': 2, 'learning_rate': 0.00729218419493943}. Best is trial 21 with value: 10.81490707397461.
LOCAL_RANK: 0 - CUDA_VISIBLE_DEVICES: [0]
[I 2023-11-30 09:26:04,724] Trial 31 finished with value: 12.125419616699219 and parameters: {'gradient_clip_val': 0.33237636389936104, 'hidden_size': 43, 'dropout': 0.33798105149518093, 'hidden_continuous_size': 19, 'attention_head_size': 2, 'learning_rate': 0.011782848819724369}. Best is trial 21 with value: 10.81490707397461.
LOCAL_RANK: 0 - CUDA_VISIBLE_DEVICES: [0]
[I 2023-11-30 09:26:18,050] Trial 32 finished with value: 11.606040954589844 and parameters: {'gradient_clip_val': 0.22726754318429027, 'hidden_size': 70, 'dropout': 0.3634937443899591, 'hidden_continuous_size': 14, 'attention_head_size': 2, 'learning_rate': 0.011039602559576414}. Best is trial 21 with value: 10.81490707397461.
LOCAL_RANK: 0 - CUDA_VISIBLE_DEVICES: [0]
[I 2023-11-30 09:26:30,826] Trial 33 finished with value: 12.114384651184082 and parameters: {'gradient_clip_val': 0.2733663337201915, 'hidden_size': 37, 'dropout': 0.3238771058862234, 'hidden_continuous_size': 21, 'attention_head_size': 2, 'learning_rate': 0.016180157461261075}. Best is trial 21 with value: 10.81490707397461.
LOCAL_RANK: 0 - CUDA_VISIBLE_DEVICES: [0]
[I 2023-11-30 09:26:43,267] Trial 34 finished with value: 11.270785331726074 and parameters: {'gradient_clip_val': 0.45049529780277053, 'hidden_size': 27, 'dropout': 0.3466992682278121, 'hidden_continuous_size': 16, 'attention_head_size': 2, 'learning_rate': 0.020902378056268146}. Best is trial 21 with value: 10.81490707397461.
LOCAL_RANK: 0 - CUDA_VISIBLE_DEVICES: [0]
[I 2023-11-30 09:26:55,831] Trial 35 finished with value: 13.059531211853027 and parameters: {'gradient_clip_val': 0.4626907330395278, 'hidden_size': 26, 'dropout': 0.3274624500870546, 'hidden_continuous_size': 15, 'attention_head_size': 4, 'learning_rate': 0.03582443004013575}. Best is trial 21 with value: 10.81490707397461.
LOCAL_RANK: 0 - CUDA_VISIBLE_DEVICES: [0]
[I 2023-11-30 09:27:08,113] Trial 36 finished with value: 11.587162971496582 and parameters: {'gradient_clip_val': 0.5312279861371394, 'hidden_size': 25, 'dropout': 0.34898942501211605, 'hidden_continuous_size': 14, 'attention_head_size': 2, 'learning_rate': 0.019594522280269023}. Best is trial 21 with value: 10.81490707397461.
LOCAL_RANK: 0 - CUDA_VISIBLE_DEVICES: [0]
[I 2023-11-30 09:27:21,192] Trial 37 finished with value: 14.285248756408691 and parameters: {'gradient_clip_val': 0.662248007798081, 'hidden_size': 49, 'dropout': 0.2988365107323741, 'hidden_continuous_size': 12, 'attention_head_size': 3, 'learning_rate': 0.02965296863798787}. Best is trial 21 with value: 10.81490707397461.
LOCAL_RANK: 0 - CUDA_VISIBLE_DEVICES: [0]
[I 2023-11-30 09:27:33,607] Trial 38 finished with value: 15.05798625946045 and parameters: {'gradient_clip_val': 0.4006975975876837, 'hidden_size': 22, 'dropout': 0.2579821298745313, 'hidden_continuous_size': 16, 'attention_head_size': 2, 'learning_rate': 0.02114380507146829}. Best is trial 21 with value: 10.81490707397461.
LOCAL_RANK: 0 - CUDA_VISIBLE_DEVICES: [0]
[I 2023-11-30 09:27:46,283] Trial 39 finished with value: 13.180560111999512 and parameters: {'gradient_clip_val': 0.4465874201801465, 'hidden_size': 34, 'dropout': 0.3100373624220434, 'hidden_continuous_size': 16, 'attention_head_size': 3, 'learning_rate': 0.05200971720657877}. Best is trial 21 with value: 10.81490707397461.
LOCAL_RANK: 0 - CUDA_VISIBLE_DEVICES: [0]
[I 2023-11-30 09:27:58,703] Trial 40 finished with value: 13.261761665344238 and parameters: {'gradient_clip_val': 0.32017061870340285, 'hidden_size': 30, 'dropout': 0.21588112062520518, 'hidden_continuous_size': 20, 'attention_head_size': 1, 'learning_rate': 0.00977075420401387}. Best is trial 21 with value: 10.81490707397461.
LOCAL_RANK: 0 - CUDA_VISIBLE_DEVICES: [0]
[I 2023-11-30 09:28:11,205] Trial 41 finished with value: 11.716137886047363 and parameters: {'gradient_clip_val': 0.3608958821890226, 'hidden_size': 40, 'dropout': 0.36458423587115846, 'hidden_continuous_size': 17, 'attention_head_size': 2, 'learning_rate': 0.013646839687959664}. Best is trial 21 with value: 10.81490707397461.
LOCAL_RANK: 0 - CUDA_VISIBLE_DEVICES: [0]
[I 2023-11-30 09:28:24,520] Trial 42 finished with value: 13.154441833496094 and parameters: {'gradient_clip_val': 0.28154232336235613, 'hidden_size': 59, 'dropout': 0.38739838819333255, 'hidden_continuous_size': 22, 'attention_head_size': 2, 'learning_rate': 0.014117747267132719}. Best is trial 21 with value: 10.81490707397461.
LOCAL_RANK: 0 - CUDA_VISIBLE_DEVICES: [0]
[I 2023-11-30 09:28:37,110] Trial 43 finished with value: 13.738494873046875 and parameters: {'gradient_clip_val': 0.4254753847441402, 'hidden_size': 36, 'dropout': 0.3509014227333249, 'hidden_continuous_size': 18, 'attention_head_size': 2, 'learning_rate': 0.007793520235311544}. Best is trial 21 with value: 10.81490707397461.
LOCAL_RANK: 0 - CUDA_VISIBLE_DEVICES: [0]
[I 2023-11-30 09:28:50,026] Trial 44 finished with value: 12.68685245513916 and parameters: {'gradient_clip_val': 0.3857065761586365, 'hidden_size': 52, 'dropout': 0.3642698468230587, 'hidden_continuous_size': 24, 'attention_head_size': 2, 'learning_rate': 0.009708388705681368}. Best is trial 21 with value: 10.81490707397461.
LOCAL_RANK: 0 - CUDA_VISIBLE_DEVICES: [0]
[I 2023-11-30 09:29:02,583] Trial 45 finished with value: 11.918164253234863 and parameters: {'gradient_clip_val': 0.2608473673125387, 'hidden_size': 41, 'dropout': 0.33096067274512725, 'hidden_continuous_size': 13, 'attention_head_size': 1, 'learning_rate': 0.018010882285916307}. Best is trial 21 with value: 10.81490707397461.
LOCAL_RANK: 0 - CUDA_VISIBLE_DEVICES: [0]
[I 2023-11-30 09:29:15,825] Trial 46 finished with value: 14.989875793457031 and parameters: {'gradient_clip_val': 0.50367277592993, 'hidden_size': 63, 'dropout': 0.3794718530173572, 'hidden_continuous_size': 21, 'attention_head_size': 2, 'learning_rate': 0.007042598564581766}. Best is trial 21 with value: 10.81490707397461.
LOCAL_RANK: 0 - CUDA_VISIBLE_DEVICES: [0]
[I 2023-11-30 09:29:28,466] Trial 47 finished with value: 24.185659408569336 and parameters: {'gradient_clip_val': 0.3457598047363776, 'hidden_size': 29, 'dropout': 0.38773953912097675, 'hidden_continuous_size': 17, 'attention_head_size': 3, 'learning_rate': 0.0029817822921181735}. Best is trial 21 with value: 10.81490707397461.
LOCAL_RANK: 0 - CUDA_VISIBLE_DEVICES: [0]
[I 2023-11-30 09:29:41,249] Trial 48 finished with value: 11.672954559326172 and parameters: {'gradient_clip_val': 0.5923001764426278, 'hidden_size': 46, 'dropout': 0.3543412675299436, 'hidden_continuous_size': 15, 'attention_head_size': 1, 'learning_rate': 0.009139223189042794}. Best is trial 21 with value: 10.81490707397461.
LOCAL_RANK: 0 - CUDA_VISIBLE_DEVICES: [0]
[I 2023-11-30 09:29:53,639] Trial 49 finished with value: 10.856117248535156 and parameters: {'gradient_clip_val': 0.43827458940228553, 'hidden_size': 33, 'dropout': 0.31740837344378836, 'hidden_continuous_size': 11, 'attention_head_size': 2, 'learning_rate': 0.017452477585906102}. Best is trial 21 with value: 10.81490707397461.
LOCAL_RANK: 0 - CUDA_VISIBLE_DEVICES: [0]
[I 2023-11-30 09:30:05,857] Trial 50 finished with value: 11.126530647277832 and parameters: {'gradient_clip_val': 0.43251796422285244, 'hidden_size': 33, 'dropout': 0.3223562457336244, 'hidden_continuous_size': 10, 'attention_head_size': 2, 'learning_rate': 0.01785032923798475}. Best is trial 21 with value: 10.81490707397461.
LOCAL_RANK: 0 - CUDA_VISIBLE_DEVICES: [0]
[I 2023-11-30 09:30:18,182] Trial 51 finished with value: 13.202740669250488 and parameters: {'gradient_clip_val': 0.4434664650681841, 'hidden_size': 33, 'dropout': 0.3245708862999287, 'hidden_continuous_size': 10, 'attention_head_size': 2, 'learning_rate': 0.017821537378447588}. Best is trial 21 with value: 10.81490707397461.
LOCAL_RANK: 0 - CUDA_VISIBLE_DEVICES: [0]
[I 2023-11-30 09:30:30,434] Trial 52 finished with value: 11.819557189941406 and parameters: {'gradient_clip_val': 0.4049429429500067, 'hidden_size': 27, 'dropout': 0.3132557864314418, 'hidden_continuous_size': 10, 'attention_head_size': 2, 'learning_rate': 0.023370322111524906}. Best is trial 21 with value: 10.81490707397461.
LOCAL_RANK: 0 - CUDA_VISIBLE_DEVICES: [0]
[I 2023-11-30 09:30:42,738] Trial 53 finished with value: 14.181157112121582 and parameters: {'gradient_clip_val': 0.48769197864249336, 'hidden_size': 22, 'dropout': 0.30695656974856994, 'hidden_continuous_size': 11, 'attention_head_size': 2, 'learning_rate': 0.015844395554713408}. Best is trial 21 with value: 10.81490707397461.
LOCAL_RANK: 0 - CUDA_VISIBLE_DEVICES: [0]
