[I 2023-11-30 08:01:07,489] Trial 98 finished with value: 1279.3909912109375 and parameters: {'gradient_clip_val': 0.1750825913964864, 'hidden_size': 31, 'dropout': 0.11654340490846485, 'hidden_continuous_size': 18, 'attention_head_size': 4, 'learning_rate': 0.09265792706364116}. Best is trial 97 with value: 850.7754516601562.
LOCAL_RANK: 0 - CUDA_VISIBLE_DEVICES: [0]
[I 2023-11-30 08:01:19,626] Trial 99 finished with value: 1332.5594482421875 and parameters: {'gradient_clip_val': 0.21268051354327447, 'hidden_size': 28, 'dropout': 0.14008105336019572, 'hidden_continuous_size': 17, 'attention_head_size': 3, 'learning_rate': 0.08814996934147261}. Best is trial 97 with value: 850.7754516601562.
LOCAL_RANK: 0 - CUDA_VISIBLE_DEVICES: [0]
[I 2023-11-30 08:01:32,255] Trial 100 finished with value: 1124.8408203125 and parameters: {'gradient_clip_val': 0.1949025140239764, 'hidden_size': 36, 'dropout': 0.10462084654589601, 'hidden_continuous_size': 19, 'attention_head_size': 4, 'learning_rate': 0.07343859292277062}. Best is trial 97 with value: 850.7754516601562.
LOCAL_RANK: 0 - CUDA_VISIBLE_DEVICES: [0]
[I 2023-11-30 08:01:44,438] Trial 101 finished with value: 1100.2996826171875 and parameters: {'gradient_clip_val': 0.1616417988028331, 'hidden_size': 24, 'dropout': 0.147569784751912, 'hidden_continuous_size': 16, 'attention_head_size': 3, 'learning_rate': 0.05794730209399615}. Best is trial 97 with value: 850.7754516601562.
LOCAL_RANK: 0 - CUDA_VISIBLE_DEVICES: [0]
[I 2023-11-30 08:01:57,263] Trial 102 finished with value: 1535.63037109375 and parameters: {'gradient_clip_val': 0.1829772799128189, 'hidden_size': 33, 'dropout': 0.13096534404173288, 'hidden_continuous_size': 20, 'attention_head_size': 2, 'learning_rate': 0.08001532584829343}. Best is trial 97 with value: 850.7754516601562.
LOCAL_RANK: 0 - CUDA_VISIBLE_DEVICES: [0]
[I 2023-11-30 08:02:09,197] Trial 103 finished with value: 1567.927734375 and parameters: {'gradient_clip_val': 0.11743677990881846, 'hidden_size': 12, 'dropout': 0.16258871252045098, 'hidden_continuous_size': 11, 'attention_head_size': 2, 'learning_rate': 0.06606759973082753}. Best is trial 97 with value: 850.7754516601562.
LOCAL_RANK: 0 - CUDA_VISIBLE_DEVICES: [0]
[I 2023-11-30 08:02:21,462] Trial 104 finished with value: 1129.3603515625 and parameters: {'gradient_clip_val': 0.10068426068087509, 'hidden_size': 26, 'dropout': 0.1243692521942937, 'hidden_continuous_size': 18, 'attention_head_size': 1, 'learning_rate': 0.04817210290195328}. Best is trial 97 with value: 850.7754516601562.
LOCAL_RANK: 0 - CUDA_VISIBLE_DEVICES: [0]
[I 2023-11-30 08:02:33,786] Trial 105 finished with value: 1182.957763671875 and parameters: {'gradient_clip_val': 0.134905842832878, 'hidden_size': 21, 'dropout': 0.11578049498128565, 'hidden_continuous_size': 15, 'attention_head_size': 4, 'learning_rate': 0.09475449554124146}. Best is trial 97 with value: 850.7754516601562.
LOCAL_RANK: 0 - CUDA_VISIBLE_DEVICES: [0]
[I 2023-11-30 08:02:45,839] Trial 106 finished with value: 1282.1767578125 and parameters: {'gradient_clip_val': 0.17146527071098847, 'hidden_size': 23, 'dropout': 0.15676676858069294, 'hidden_continuous_size': 14, 'attention_head_size': 1, 'learning_rate': 0.0623121751904123}. Best is trial 97 with value: 850.7754516601562.
LOCAL_RANK: 0 - CUDA_VISIBLE_DEVICES: [0]
[I 2023-11-30 08:02:58,671] Trial 107 finished with value: 1263.2950439453125 and parameters: {'gradient_clip_val': 0.12778819363191582, 'hidden_size': 30, 'dropout': 0.10672405586562533, 'hidden_continuous_size': 28, 'attention_head_size': 3, 'learning_rate': 0.05427176635248176}. Best is trial 97 with value: 850.7754516601562.
LOCAL_RANK: 0 - CUDA_VISIBLE_DEVICES: [0]
[I 2023-11-30 08:03:10,854] Trial 108 finished with value: 1277.8050537109375 and parameters: {'gradient_clip_val': 0.19092941822850376, 'hidden_size': 28, 'dropout': 0.1439477033593977, 'hidden_continuous_size': 18, 'attention_head_size': 2, 'learning_rate': 0.08158913472631121}. Best is trial 97 with value: 850.7754516601562.
LOCAL_RANK: 0 - CUDA_VISIBLE_DEVICES: [0]
[I 2023-11-30 08:03:23,061] Trial 109 finished with value: 1388.8834228515625 and parameters: {'gradient_clip_val': 0.11553136275995014, 'hidden_size': 25, 'dropout': 0.1001252941078562, 'hidden_continuous_size': 16, 'attention_head_size': 1, 'learning_rate': 0.07153316249999209}. Best is trial 97 with value: 850.7754516601562.
LOCAL_RANK: 0 - CUDA_VISIBLE_DEVICES: [0]
[I 2023-11-30 08:03:35,865] Trial 110 finished with value: 1256.0626220703125 and parameters: {'gradient_clip_val': 0.10406750471743018, 'hidden_size': 38, 'dropout': 0.1339634204261442, 'hidden_continuous_size': 20, 'attention_head_size': 2, 'learning_rate': 0.044998408416645624}. Best is trial 97 with value: 850.7754516601562.
LOCAL_RANK: 0 - CUDA_VISIBLE_DEVICES: [0]
[I 2023-11-30 08:03:47,785] Trial 111 finished with value: 1331.7265625 and parameters: {'gradient_clip_val': 0.13223778637794248, 'hidden_size': 16, 'dropout': 0.12214455265948526, 'hidden_continuous_size': 13, 'attention_head_size': 2, 'learning_rate': 0.05937163724341248}. Best is trial 97 with value: 850.7754516601562.
LOCAL_RANK: 0 - CUDA_VISIBLE_DEVICES: [0]
[I 2023-11-30 08:04:00,038] Trial 112 finished with value: 1179.3271484375 and parameters: {'gradient_clip_val': 0.12130931567166849, 'hidden_size': 14, 'dropout': 0.15282859532522097, 'hidden_continuous_size': 12, 'attention_head_size': 2, 'learning_rate': 0.06663697479378704}. Best is trial 97 with value: 850.7754516601562.
LOCAL_RANK: 0 - CUDA_VISIBLE_DEVICES: [0]
[I 2023-11-30 08:04:12,256] Trial 113 finished with value: 1137.1239013671875 and parameters: {'gradient_clip_val': 0.11134565577370888, 'hidden_size': 18, 'dropout': 0.1483939074406249, 'hidden_continuous_size': 13, 'attention_head_size': 2, 'learning_rate': 0.04031798441614993}. Best is trial 97 with value: 850.7754516601562.
LOCAL_RANK: 0 - CUDA_VISIBLE_DEVICES: [0]
[I 2023-11-30 08:04:24,193] Trial 114 finished with value: 1419.2476806640625 and parameters: {'gradient_clip_val': 0.15059985305496557, 'hidden_size': 20, 'dropout': 0.1714902755875423, 'hidden_continuous_size': 13, 'attention_head_size': 2, 'learning_rate': 0.051173106338676985}. Best is trial 97 with value: 850.7754516601562.
LOCAL_RANK: 0 - CUDA_VISIBLE_DEVICES: [0]
[I 2023-11-30 08:04:36,331] Trial 115 finished with value: 1150.9052734375 and parameters: {'gradient_clip_val': 0.14133412909795703, 'hidden_size': 17, 'dropout': 0.13950510580763553, 'hidden_continuous_size': 15, 'attention_head_size': 2, 'learning_rate': 0.05913373189305078}. Best is trial 97 with value: 850.7754516601562.
LOCAL_RANK: 0 - CUDA_VISIBLE_DEVICES: [0]
[I 2023-11-30 08:04:48,150] Trial 116 finished with value: 1106.892578125 and parameters: {'gradient_clip_val': 0.16679890489572, 'hidden_size': 12, 'dropout': 0.12883186323799403, 'hidden_continuous_size': 11, 'attention_head_size': 1, 'learning_rate': 0.09936612285735583}. Best is trial 97 with value: 850.7754516601562.
LOCAL_RANK: 0 - CUDA_VISIBLE_DEVICES: [0]
[I 2023-11-30 08:05:00,432] Trial 117 finished with value: 1307.4542236328125 and parameters: {'gradient_clip_val': 0.12758336960443237, 'hidden_size': 13, 'dropout': 0.1129224216692355, 'hidden_continuous_size': 12, 'attention_head_size': 2, 'learning_rate': 0.07551223097368476}. Best is trial 97 with value: 850.7754516601562.
LOCAL_RANK: 0 - CUDA_VISIBLE_DEVICES: [0]
[I 2023-11-30 08:05:12,491] Trial 118 finished with value: 1137.98095703125 and parameters: {'gradient_clip_val': 0.19881550810902154, 'hidden_size': 22, 'dropout': 0.16519015905967446, 'hidden_continuous_size': 14, 'attention_head_size': 1, 'learning_rate': 0.06448327043707958}. Best is trial 97 with value: 850.7754516601562.
LOCAL_RANK: 0 - CUDA_VISIBLE_DEVICES: [0]
[I 2023-11-30 08:05:24,491] Trial 119 finished with value: 1009.82080078125 and parameters: {'gradient_clip_val': 0.15598311598079945, 'hidden_size': 11, 'dropout': 0.15930485405934058, 'hidden_continuous_size': 10, 'attention_head_size': 2, 'learning_rate': 0.08642509409683799}. Best is trial 97 with value: 850.7754516601562.
LOCAL_RANK: 0 - CUDA_VISIBLE_DEVICES: [0]
[I 2023-11-30 08:05:36,454] Trial 120 finished with value: 1055.2266845703125 and parameters: {'gradient_clip_val': 0.1606760778885916, 'hidden_size': 11, 'dropout': 0.1577418537120716, 'hidden_continuous_size': 10, 'attention_head_size': 3, 'learning_rate': 0.09045255678753016}. Best is trial 97 with value: 850.7754516601562.
LOCAL_RANK: 0 - CUDA_VISIBLE_DEVICES: [0]
[I 2023-11-30 08:05:48,273] Trial 121 finished with value: 1244.2081298828125 and parameters: {'gradient_clip_val': 0.18089910812097035, 'hidden_size': 11, 'dropout': 0.1487702137566498, 'hidden_continuous_size': 10, 'attention_head_size': 2, 'learning_rate': 0.08371643425598822}. Best is trial 97 with value: 850.7754516601562.
LOCAL_RANK: 0 - CUDA_VISIBLE_DEVICES: [0]
[I 2023-11-30 08:06:00,258] Trial 122 finished with value: 1518.91796875 and parameters: {'gradient_clip_val': 0.20822289752340167, 'hidden_size': 16, 'dropout': 0.1669732909770606, 'hidden_continuous_size': 12, 'attention_head_size': 2, 'learning_rate': 0.0758997533046332}. Best is trial 97 with value: 850.7754516601562.
LOCAL_RANK: 0 - CUDA_VISIBLE_DEVICES: [0]
[I 2023-11-30 08:06:10,410] Trial 123 finished with value: 945.8546752929688 and parameters: {'gradient_clip_val': 0.10993228523074992, 'hidden_size': 10, 'dropout': 0.12145152533074363, 'hidden_continuous_size': 10, 'attention_head_size': 2, 'learning_rate': 0.053967580558476114}. Best is trial 97 with value: 850.7754516601562.
LOCAL_RANK: 0 - CUDA_VISIBLE_DEVICES: [0]
[I 2023-11-30 08:06:20,570] Trial 124 finished with value: 1247.5452880859375 and parameters: {'gradient_clip_val': 0.10601683158292091, 'hidden_size': 10, 'dropout': 0.12011503570442833, 'hidden_continuous_size': 10, 'attention_head_size': 2, 'learning_rate': 0.053598833704399766}. Best is trial 97 with value: 850.7754516601562.
LOCAL_RANK: 0 - CUDA_VISIBLE_DEVICES: [0]
[I 2023-11-30 08:06:32,290] Trial 125 finished with value: 1114.43212890625 and parameters: {'gradient_clip_val': 0.2242647874483531, 'hidden_size': 12, 'dropout': 0.11081350736385776, 'hidden_continuous_size': 10, 'attention_head_size': 2, 'learning_rate': 0.06924843212716471}. Best is trial 97 with value: 850.7754516601562.
LOCAL_RANK: 0 - CUDA_VISIBLE_DEVICES: [0]
[I 2023-11-30 08:06:42,045] Trial 126 finished with value: 1115.8848876953125 and parameters: {'gradient_clip_val': 0.11202258344890663, 'hidden_size': 10, 'dropout': 0.12138172210557283, 'hidden_continuous_size': 10, 'attention_head_size': 1, 'learning_rate': 0.04943067810380829}. Best is trial 97 with value: 850.7754516601562.
LOCAL_RANK: 0 - CUDA_VISIBLE_DEVICES: [0]
[I 2023-11-30 08:06:54,114] Trial 127 finished with value: 1309.8465576171875 and parameters: {'gradient_clip_val': 0.1556744097875494, 'hidden_size': 11, 'dropout': 0.10584340218021404, 'hidden_continuous_size': 10, 'attention_head_size': 2, 'learning_rate': 0.08857564904901244}. Best is trial 97 with value: 850.7754516601562.
LOCAL_RANK: 0 - CUDA_VISIBLE_DEVICES: [0]
[I 2023-11-30 08:07:06,313] Trial 128 finished with value: 1340.718994140625 and parameters: {'gradient_clip_val': 0.12110372129340473, 'hidden_size': 27, 'dropout': 0.13271737817684293, 'hidden_continuous_size': 11, 'attention_head_size': 1, 'learning_rate': 0.04238613133290013}. Best is trial 97 with value: 850.7754516601562.
LOCAL_RANK: 0 - CUDA_VISIBLE_DEVICES: [0]
[I 2023-11-30 08:07:18,687] Trial 129 finished with value: 1319.1226806640625 and parameters: {'gradient_clip_val': 0.10451989700624871, 'hidden_size': 32, 'dropout': 0.1278167912790499, 'hidden_continuous_size': 17, 'attention_head_size': 2, 'learning_rate': 0.05638892488742295}. Best is trial 97 with value: 850.7754516601562.
LOCAL_RANK: 0 - CUDA_VISIBLE_DEVICES: [0]
[I 2023-11-30 08:07:30,568] Trial 130 finished with value: 1948.35986328125 and parameters: {'gradient_clip_val': 0.250833313523015, 'hidden_size': 13, 'dropout': 0.18594388728457445, 'hidden_continuous_size': 12, 'attention_head_size': 1, 'learning_rate': 0.047196388228976455}. Best is trial 97 with value: 850.7754516601562.
LOCAL_RANK: 0 - CUDA_VISIBLE_DEVICES: [0]
[I 2023-11-30 08:07:40,842] Trial 131 finished with value: 1083.6151123046875 and parameters: {'gradient_clip_val': 0.1435285234226026, 'hidden_size': 10, 'dropout': 0.14126562412719376, 'hidden_continuous_size': 10, 'attention_head_size': 2, 'learning_rate': 0.06151763174604255}. Best is trial 97 with value: 850.7754516601562.
LOCAL_RANK: 0 - CUDA_VISIBLE_DEVICES: [0]
[I 2023-11-30 08:07:52,642] Trial 132 finished with value: 1066.4053955078125 and parameters: {'gradient_clip_val': 0.1352337546144126, 'hidden_size': 12, 'dropout': 0.17306397089584713, 'hidden_continuous_size': 11, 'attention_head_size': 2, 'learning_rate': 0.07074235157853644}. Best is trial 97 with value: 850.7754516601562.
LOCAL_RANK: 0 - CUDA_VISIBLE_DEVICES: [0]
[I 2023-11-30 08:08:04,764] Trial 133 finished with value: 1267.5262451171875 and parameters: {'gradient_clip_val': 0.11429901044579038, 'hidden_size': 14, 'dropout': 0.13692657990989193, 'hidden_continuous_size': 12, 'attention_head_size': 2, 'learning_rate': 0.08070507055230078}. Best is trial 97 with value: 850.7754516601562.
LOCAL_RANK: 0 - CUDA_VISIBLE_DEVICES: [0]
[I 2023-11-30 08:08:16,735] Trial 134 finished with value: 1439.8604736328125 and parameters: {'gradient_clip_val': 0.12878251827182602, 'hidden_size': 24, 'dropout': 0.16058590430778627, 'hidden_continuous_size': 16, 'attention_head_size': 2, 'learning_rate': 0.06516581313756475}. Best is trial 97 with value: 850.7754516601562.
LOCAL_RANK: 0 - CUDA_VISIBLE_DEVICES: [0]
[I 2023-11-30 08:08:28,678] Trial 135 finished with value: 997.0554809570312 and parameters: {'gradient_clip_val': 0.10013228677874961, 'hidden_size': 13, 'dropout': 0.11565251971402822, 'hidden_continuous_size': 12, 'attention_head_size': 2, 'learning_rate': 0.035418424626373776}. Best is trial 97 with value: 850.7754516601562.
LOCAL_RANK: 0 - CUDA_VISIBLE_DEVICES: [0]
[I 2023-11-30 08:08:40,384] Trial 136 finished with value: 1324.20263671875 and parameters: {'gradient_clip_val': 0.1088158496494112, 'hidden_size': 12, 'dropout': 0.11447859144517737, 'hidden_continuous_size': 11, 'attention_head_size': 2, 'learning_rate': 0.0336615412842132}. Best is trial 97 with value: 850.7754516601562.
LOCAL_RANK: 0 - CUDA_VISIBLE_DEVICES: [0]
[I 2023-11-30 08:08:52,887] Trial 137 finished with value: 1258.0859375 and parameters: {'gradient_clip_val': 0.10416761468068086, 'hidden_size': 29, 'dropout': 0.10410525547371774, 'hidden_continuous_size': 13, 'attention_head_size': 2, 'learning_rate': 0.039110827510125054}. Best is trial 97 with value: 850.7754516601562.
LOCAL_RANK: 0 - CUDA_VISIBLE_DEVICES: [0]
[I 2023-11-30 08:09:04,839] Trial 138 finished with value: 1278.778564453125 and parameters: {'gradient_clip_val': 0.10089609470695858, 'hidden_size': 13, 'dropout': 0.12497625775831822, 'hidden_continuous_size': 12, 'attention_head_size': 2, 'learning_rate': 0.028325390377105197}. Best is trial 97 with value: 850.7754516601562.
LOCAL_RANK: 0 - CUDA_VISIBLE_DEVICES: [0]
[I 2023-11-30 08:09:16,776] Trial 139 finished with value: 1144.7313232421875 and parameters: {'gradient_clip_val': 0.11522704007582407, 'hidden_size': 11, 'dropout': 0.11111640219288234, 'hidden_continuous_size': 10, 'attention_head_size': 1, 'learning_rate': 0.09985268893449557}. Best is trial 97 with value: 850.7754516601562.
LOCAL_RANK: 0 - CUDA_VISIBLE_DEVICES: [0]
[I 2023-11-30 08:09:29,110] Trial 140 finished with value: 1038.9637451171875 and parameters: {'gradient_clip_val': 0.10987917161575715, 'hidden_size': 26, 'dropout': 0.11736890693305924, 'hidden_continuous_size': 17, 'attention_head_size': 2, 'learning_rate': 0.020339982157418064}. Best is trial 97 with value: 850.7754516601562.
LOCAL_RANK: 0 - CUDA_VISIBLE_DEVICES: [0]
[I 2023-11-30 08:09:41,166] Trial 141 finished with value: 1061.2366943359375 and parameters: {'gradient_clip_val': 0.11789461674950694, 'hidden_size': 14, 'dropout': 0.14957737310006056, 'hidden_continuous_size': 12, 'attention_head_size': 2, 'learning_rate': 0.05751699551483822}. Best is trial 97 with value: 850.7754516601562.
LOCAL_RANK: 0 - CUDA_VISIBLE_DEVICES: [0]
[I 2023-11-30 08:09:53,599] Trial 142 finished with value: 1177.0911865234375 and parameters: {'gradient_clip_val': 0.12160473020181711, 'hidden_size': 23, 'dropout': 0.14285185732720126, 'hidden_continuous_size': 14, 'attention_head_size': 2, 'learning_rate': 0.04580899609040805}. Best is trial 97 with value: 850.7754516601562.
LOCAL_RANK: 0 - CUDA_VISIBLE_DEVICES: [0]
[I 2023-11-30 08:10:05,744] Trial 143 finished with value: 1121.1229248046875 and parameters: {'gradient_clip_val': 0.16989239644932014, 'hidden_size': 15, 'dropout': 0.13144333297178148, 'hidden_continuous_size': 12, 'attention_head_size': 2, 'learning_rate': 0.037209198039818085}. Best is trial 97 with value: 850.7754516601562.
LOCAL_RANK: 0 - CUDA_VISIBLE_DEVICES: [0]
[I 2023-11-30 08:10:18,300] Trial 144 finished with value: 1203.421630859375 and parameters: {'gradient_clip_val': 0.14686753611945125, 'hidden_size': 35, 'dropout': 0.12189726623690725, 'hidden_continuous_size': 13, 'attention_head_size': 2, 'learning_rate': 0.05143445803061623}. Best is trial 97 with value: 850.7754516601562.
LOCAL_RANK: 0 - CUDA_VISIBLE_DEVICES: [0]
[I 2023-11-30 08:10:30,049] Trial 145 finished with value: 1172.962890625 and parameters: {'gradient_clip_val': 0.12388156973857153, 'hidden_size': 12, 'dropout': 0.10070332382624812, 'hidden_continuous_size': 11, 'attention_head_size': 2, 'learning_rate': 0.0746941736931108}. Best is trial 97 with value: 850.7754516601562.
LOCAL_RANK: 0 - CUDA_VISIBLE_DEVICES: [0]
[I 2023-11-30 08:10:42,553] Trial 146 finished with value: 1332.4559326171875 and parameters: {'gradient_clip_val': 0.18575844790894155, 'hidden_size': 40, 'dropout': 0.1546585794172641, 'hidden_continuous_size': 19, 'attention_head_size': 1, 'learning_rate': 0.06256893115744402}. Best is trial 97 with value: 850.7754516601562.
LOCAL_RANK: 0 - CUDA_VISIBLE_DEVICES: [0]
[I 2023-11-30 08:10:55,235] Trial 147 finished with value: 1464.943359375 and parameters: {'gradient_clip_val': 0.15463053794730683, 'hidden_size': 31, 'dropout': 0.1359643123362469, 'hidden_continuous_size': 11, 'attention_head_size': 4, 'learning_rate': 0.05622794763871295}. Best is trial 97 with value: 850.7754516601562.
LOCAL_RANK: 0 - CUDA_VISIBLE_DEVICES: [0]
[I 2023-11-30 08:11:07,448] Trial 148 finished with value: 1294.728515625 and parameters: {'gradient_clip_val': 0.11001219164297975, 'hidden_size': 19, 'dropout': 0.18027980817241634, 'hidden_continuous_size': 15, 'attention_head_size': 2, 'learning_rate': 0.04389291856621036}. Best is trial 97 with value: 850.7754516601562.
LOCAL_RANK: 0 - CUDA_VISIBLE_DEVICES: [0]
[I 2023-11-30 08:11:19,422] Trial 149 finished with value: 1137.4722900390625 and parameters: {'gradient_clip_val': 0.17751111989436774, 'hidden_size': 15, 'dropout': 0.10967312309497165, 'hidden_continuous_size': 14, 'attention_head_size': 1, 'learning_rate': 0.050228778313683796}. Best is trial 97 with value: 850.7754516601562.
[I 2023-11-30 08:11:19,534] A new study created in memory with name: no-name-a8051a54-6bcc-4081-a715-b2fabbdd5c60
/home/le004/conda/anaconda3/envs/tsff_env/lib/python3.9/site-packages/lightning/fabric/plugins/environments/slurm.py:191: The `srun` command is available on your system but is not used. HINT: If your intention is to run Lightning on SLURM, prepend your python command with `srun` like so: srun python /home/le004/master_thesis/git/TSFusionForecast/code/ ...
LOCAL_RANK: 0 - CUDA_VISIBLE_DEVICES: [0]
[I 2023-11-30 08:11:33,483] Trial 0 finished with value: 21.909883499145508 and parameters: {'gradient_clip_val': 0.3104731533791252, 'hidden_size': 87, 'dropout': 0.36001829423272136, 'hidden_continuous_size': 61, 'attention_head_size': 4, 'learning_rate': 0.0017320849389927738}. Best is trial 0 with value: 21.909883499145508.
LOCAL_RANK: 0 - CUDA_VISIBLE_DEVICES: [0]
[I 2023-11-30 08:11:47,810] Trial 1 finished with value: 17.26759147644043 and parameters: {'gradient_clip_val': 0.26918126969624634, 'hidden_size': 145, 'dropout': 0.31322332467723657, 'hidden_continuous_size': 20, 'attention_head_size': 2, 'learning_rate': 0.06439200374516856}. Best is trial 1 with value: 17.26759147644043.
LOCAL_RANK: 0 - CUDA_VISIBLE_DEVICES: [0]
[I 2023-11-30 08:12:00,602] Trial 2 finished with value: 16.43024253845215 and parameters: {'gradient_clip_val': 0.2944992436693211, 'hidden_size': 45, 'dropout': 0.11187751592118444, 'hidden_continuous_size': 22, 'attention_head_size': 2, 'learning_rate': 0.006442408303801679}. Best is trial 2 with value: 16.43024253845215.
LOCAL_RANK: 0 - CUDA_VISIBLE_DEVICES: [0]
[I 2023-11-30 08:12:13,781] Trial 3 finished with value: 29.08942222595215 and parameters: {'gradient_clip_val': 0.6597845024885547, 'hidden_size': 78, 'dropout': 0.3317353381421645, 'hidden_continuous_size': 11, 'attention_head_size': 2, 'learning_rate': 0.0011922044566589922}. Best is trial 2 with value: 16.43024253845215.
LOCAL_RANK: 0 - CUDA_VISIBLE_DEVICES: [0]
[I 2023-11-30 08:12:26,077] Trial 4 finished with value: 18.000946044921875 and parameters: {'gradient_clip_val': 0.22996197198569496, 'hidden_size': 14, 'dropout': 0.1510341064825795, 'hidden_continuous_size': 13, 'attention_head_size': 4, 'learning_rate': 0.021335607283660477}. Best is trial 2 with value: 16.43024253845215.
LOCAL_RANK: 0 - CUDA_VISIBLE_DEVICES: [0]
[I 2023-11-30 08:12:37,982] Trial 5 finished with value: 16.05170440673828 and parameters: {'gradient_clip_val': 0.39398553185646773, 'hidden_size': 11, 'dropout': 0.25755236178113305, 'hidden_continuous_size': 10, 'attention_head_size': 1, 'learning_rate': 0.07371739748638295}. Best is trial 5 with value: 16.05170440673828.
LOCAL_RANK: 0 - CUDA_VISIBLE_DEVICES: [0]
