[I 2023-11-30 08:26:32,360] Trial 64 finished with value: 13.954673767089844 and parameters: {'gradient_clip_val': 0.10486750229267103, 'hidden_size': 150, 'dropout': 0.2385303363865724, 'hidden_continuous_size': 132, 'attention_head_size': 3, 'learning_rate': 0.004959410426646714}. Best is trial 12 with value: 11.737326622009277.
LOCAL_RANK: 0 - CUDA_VISIBLE_DEVICES: [0]
[I 2023-11-30 08:26:46,445] Trial 65 finished with value: 14.875893592834473 and parameters: {'gradient_clip_val': 0.14156378571852857, 'hidden_size': 103, 'dropout': 0.25830451260051024, 'hidden_continuous_size': 94, 'attention_head_size': 1, 'learning_rate': 0.0035268661902186343}. Best is trial 12 with value: 11.737326622009277.
LOCAL_RANK: 0 - CUDA_VISIBLE_DEVICES: [0]
[I 2023-11-30 08:27:00,922] Trial 66 finished with value: 14.06525707244873 and parameters: {'gradient_clip_val': 0.1562552783471005, 'hidden_size': 125, 'dropout': 0.20878311714428327, 'hidden_continuous_size': 115, 'attention_head_size': 2, 'learning_rate': 0.001979269174719146}. Best is trial 12 with value: 11.737326622009277.
LOCAL_RANK: 0 - CUDA_VISIBLE_DEVICES: [0]
[I 2023-11-30 08:27:15,443] Trial 67 finished with value: 14.2569580078125 and parameters: {'gradient_clip_val': 0.11791315036912464, 'hidden_size': 137, 'dropout': 0.19612206664953627, 'hidden_continuous_size': 118, 'attention_head_size': 1, 'learning_rate': 0.006157640275242947}. Best is trial 12 with value: 11.737326622009277.
LOCAL_RANK: 0 - CUDA_VISIBLE_DEVICES: [0]
[I 2023-11-30 08:27:29,852] Trial 68 finished with value: 15.2353515625 and parameters: {'gradient_clip_val': 0.10842012326314997, 'hidden_size': 118, 'dropout': 0.22768596949827513, 'hidden_continuous_size': 106, 'attention_head_size': 2, 'learning_rate': 0.007321352412109416}. Best is trial 12 with value: 11.737326622009277.
LOCAL_RANK: 0 - CUDA_VISIBLE_DEVICES: [0]
[I 2023-11-30 08:27:43,822] Trial 69 finished with value: 13.862682342529297 and parameters: {'gradient_clip_val': 0.12670602440236112, 'hidden_size': 86, 'dropout': 0.2158294555144176, 'hidden_continuous_size': 80, 'attention_head_size': 1, 'learning_rate': 0.0044234082938521616}. Best is trial 12 with value: 11.737326622009277.
LOCAL_RANK: 0 - CUDA_VISIBLE_DEVICES: [0]
[I 2023-11-30 08:27:58,189] Trial 70 finished with value: 13.794078826904297 and parameters: {'gradient_clip_val': 0.16577976118278487, 'hidden_size': 106, 'dropout': 0.2413799101840891, 'hidden_continuous_size': 98, 'attention_head_size': 3, 'learning_rate': 0.003050581104835043}. Best is trial 12 with value: 11.737326622009277.
LOCAL_RANK: 0 - CUDA_VISIBLE_DEVICES: [0]
[I 2023-11-30 08:28:12,233] Trial 71 finished with value: 13.262442588806152 and parameters: {'gradient_clip_val': 0.1066475473510117, 'hidden_size': 110, 'dropout': 0.21936580468256114, 'hidden_continuous_size': 92, 'attention_head_size': 1, 'learning_rate': 0.0037985430249513345}. Best is trial 12 with value: 11.737326622009277.
LOCAL_RANK: 0 - CUDA_VISIBLE_DEVICES: [0]
[I 2023-11-30 08:28:27,049] Trial 72 finished with value: 13.915812492370605 and parameters: {'gradient_clip_val': 0.11312115584414804, 'hidden_size': 138, 'dropout': 0.20321583752081251, 'hidden_continuous_size': 132, 'attention_head_size': 1, 'learning_rate': 0.0032018208592972364}. Best is trial 12 with value: 11.737326622009277.
LOCAL_RANK: 0 - CUDA_VISIBLE_DEVICES: [0]
[I 2023-11-30 08:28:41,280] Trial 73 finished with value: 12.924555778503418 and parameters: {'gradient_clip_val': 0.10628092674189736, 'hidden_size': 125, 'dropout': 0.2243859553084692, 'hidden_continuous_size': 112, 'attention_head_size': 1, 'learning_rate': 0.0025417636938237136}. Best is trial 12 with value: 11.737326622009277.
LOCAL_RANK: 0 - CUDA_VISIBLE_DEVICES: [0]
[I 2023-11-30 08:28:55,373] Trial 74 finished with value: 14.058506965637207 and parameters: {'gradient_clip_val': 0.10028271926795909, 'hidden_size': 94, 'dropout': 0.2324568632190408, 'hidden_continuous_size': 88, 'attention_head_size': 1, 'learning_rate': 0.005400606128142758}. Best is trial 12 with value: 11.737326622009277.
LOCAL_RANK: 0 - CUDA_VISIBLE_DEVICES: [0]
[I 2023-11-30 08:29:09,417] Trial 75 finished with value: 13.14533519744873 and parameters: {'gradient_clip_val': 0.1331518739687095, 'hidden_size': 108, 'dropout': 0.21205112386836664, 'hidden_continuous_size': 100, 'attention_head_size': 1, 'learning_rate': 0.003397607879551046}. Best is trial 12 with value: 11.737326622009277.
LOCAL_RANK: 0 - CUDA_VISIBLE_DEVICES: [0]
[I 2023-11-30 08:29:24,106] Trial 76 finished with value: 12.842948913574219 and parameters: {'gradient_clip_val': 0.11623016913136922, 'hidden_size': 149, 'dropout': 0.1794182767260392, 'hidden_continuous_size': 141, 'attention_head_size': 1, 'learning_rate': 0.004609141603368161}. Best is trial 12 with value: 11.737326622009277.
LOCAL_RANK: 0 - CUDA_VISIBLE_DEVICES: [0]
[I 2023-11-30 08:29:38,790] Trial 77 finished with value: 13.836636543273926 and parameters: {'gradient_clip_val': 0.13720651538729572, 'hidden_size': 129, 'dropout': 0.1884602933952918, 'hidden_continuous_size': 114, 'attention_head_size': 2, 'learning_rate': 0.0027934390127425405}. Best is trial 12 with value: 11.737326622009277.
LOCAL_RANK: 0 - CUDA_VISIBLE_DEVICES: [0]
[I 2023-11-30 08:29:53,050] Trial 78 finished with value: 12.74556827545166 and parameters: {'gradient_clip_val': 0.12115616666075696, 'hidden_size': 120, 'dropout': 0.24994841649295418, 'hidden_continuous_size': 106, 'attention_head_size': 1, 'learning_rate': 0.0022101638927731894}. Best is trial 12 with value: 11.737326622009277.
LOCAL_RANK: 0 - CUDA_VISIBLE_DEVICES: [0]
[I 2023-11-30 08:30:07,312] Trial 79 finished with value: 15.87084674835205 and parameters: {'gradient_clip_val': 0.10652833937742397, 'hidden_size': 99, 'dropout': 0.19736745147377183, 'hidden_continuous_size': 90, 'attention_head_size': 2, 'learning_rate': 0.0019083933380399664}. Best is trial 12 with value: 11.737326622009277.
LOCAL_RANK: 0 - CUDA_VISIBLE_DEVICES: [0]
[I 2023-11-30 08:30:21,907] Trial 80 finished with value: 14.984318733215332 and parameters: {'gradient_clip_val': 0.12855944552568, 'hidden_size': 139, 'dropout': 0.2192223801091391, 'hidden_continuous_size': 123, 'attention_head_size': 1, 'learning_rate': 0.00413483933149864}. Best is trial 12 with value: 11.737326622009277.
LOCAL_RANK: 0 - CUDA_VISIBLE_DEVICES: [0]
[I 2023-11-30 08:30:36,396] Trial 81 finished with value: 13.10333251953125 and parameters: {'gradient_clip_val': 0.11252608316557923, 'hidden_size': 140, 'dropout': 0.3823771896211109, 'hidden_continuous_size': 131, 'attention_head_size': 1, 'learning_rate': 0.0035834576951165684}. Best is trial 12 with value: 11.737326622009277.
LOCAL_RANK: 0 - CUDA_VISIBLE_DEVICES: [0]
[I 2023-11-30 08:30:50,955] Trial 82 finished with value: 13.67544174194336 and parameters: {'gradient_clip_val': 0.14103706871352642, 'hidden_size': 129, 'dropout': 0.23747508562927241, 'hidden_continuous_size': 117, 'attention_head_size': 1, 'learning_rate': 0.002601988007791051}. Best is trial 12 with value: 11.737326622009277.
LOCAL_RANK: 0 - CUDA_VISIBLE_DEVICES: [0]
[I 2023-11-30 08:31:05,169] Trial 83 finished with value: 15.262409210205078 and parameters: {'gradient_clip_val': 0.11818075902044048, 'hidden_size': 111, 'dropout': 0.33630968162615477, 'hidden_continuous_size': 103, 'attention_head_size': 1, 'learning_rate': 0.003150059819383758}. Best is trial 12 with value: 11.737326622009277.
LOCAL_RANK: 0 - CUDA_VISIBLE_DEVICES: [0]
[I 2023-11-30 08:31:19,457] Trial 84 finished with value: 15.53292465209961 and parameters: {'gradient_clip_val': 0.12462879916925595, 'hidden_size': 123, 'dropout': 0.24506148862168858, 'hidden_continuous_size': 110, 'attention_head_size': 1, 'learning_rate': 0.0051775317835730545}. Best is trial 12 with value: 11.737326622009277.
LOCAL_RANK: 0 - CUDA_VISIBLE_DEVICES: [0]
[I 2023-11-30 08:31:34,134] Trial 85 finished with value: 14.67424488067627 and parameters: {'gradient_clip_val': 0.10867213407574193, 'hidden_size': 143, 'dropout': 0.20942600432794853, 'hidden_continuous_size': 136, 'attention_head_size': 1, 'learning_rate': 0.002257786619269959}. Best is trial 12 with value: 11.737326622009277.
LOCAL_RANK: 0 - CUDA_VISIBLE_DEVICES: [0]
[I 2023-11-30 08:31:48,393] Trial 86 finished with value: 12.218979835510254 and parameters: {'gradient_clip_val': 0.14534596094103047, 'hidden_size': 117, 'dropout': 0.2547991333084939, 'hidden_continuous_size': 108, 'attention_head_size': 1, 'learning_rate': 0.005889059869226292}. Best is trial 12 with value: 11.737326622009277.
LOCAL_RANK: 0 - CUDA_VISIBLE_DEVICES: [0]
[I 2023-11-30 08:32:02,845] Trial 87 finished with value: 13.493499755859375 and parameters: {'gradient_clip_val': 0.13395041046799466, 'hidden_size': 115, 'dropout': 0.22744059953771767, 'hidden_continuous_size': 105, 'attention_head_size': 1, 'learning_rate': 0.006202238103854979}. Best is trial 12 with value: 11.737326622009277.
LOCAL_RANK: 0 - CUDA_VISIBLE_DEVICES: [0]
[I 2023-11-30 08:32:16,948] Trial 88 finished with value: 12.152946472167969 and parameters: {'gradient_clip_val': 0.1503071774044281, 'hidden_size': 104, 'dropout': 0.25504905098319725, 'hidden_continuous_size': 96, 'attention_head_size': 2, 'learning_rate': 0.005609078551039165}. Best is trial 12 with value: 11.737326622009277.
LOCAL_RANK: 0 - CUDA_VISIBLE_DEVICES: [0]
[I 2023-11-30 08:32:31,150] Trial 89 finished with value: 15.699227333068848 and parameters: {'gradient_clip_val': 0.15513866508664922, 'hidden_size': 97, 'dropout': 0.25812620972306527, 'hidden_continuous_size': 85, 'attention_head_size': 2, 'learning_rate': 0.009361867472792803}. Best is trial 12 with value: 11.737326622009277.
LOCAL_RANK: 0 - CUDA_VISIBLE_DEVICES: [0]
[I 2023-11-30 08:32:45,153] Trial 90 finished with value: 12.792976379394531 and parameters: {'gradient_clip_val': 0.14645194749583682, 'hidden_size': 104, 'dropout': 0.2637076840901641, 'hidden_continuous_size': 98, 'attention_head_size': 2, 'learning_rate': 0.006922783499316074}. Best is trial 12 with value: 11.737326622009277.
LOCAL_RANK: 0 - CUDA_VISIBLE_DEVICES: [0]
[I 2023-11-30 08:32:59,659] Trial 91 finished with value: 12.823599815368652 and parameters: {'gradient_clip_val': 0.11492566736841997, 'hidden_size': 131, 'dropout': 0.23574696731479092, 'hidden_continuous_size': 120, 'attention_head_size': 2, 'learning_rate': 0.005486665743313071}. Best is trial 12 with value: 11.737326622009277.
LOCAL_RANK: 0 - CUDA_VISIBLE_DEVICES: [0]
[I 2023-11-30 08:33:14,243] Trial 92 finished with value: 14.573723793029785 and parameters: {'gradient_clip_val': 0.1259680474837645, 'hidden_size': 121, 'dropout': 0.2533571542789384, 'hidden_continuous_size': 111, 'attention_head_size': 2, 'learning_rate': 0.005859685459650065}. Best is trial 12 with value: 11.737326622009277.
LOCAL_RANK: 0 - CUDA_VISIBLE_DEVICES: [0]
[I 2023-11-30 08:33:28,389] Trial 93 finished with value: 14.100845336914062 and parameters: {'gradient_clip_val': 0.1025688139700047, 'hidden_size': 116, 'dropout': 0.24406485196928607, 'hidden_continuous_size': 96, 'attention_head_size': 2, 'learning_rate': 0.004621930145719216}. Best is trial 12 with value: 11.737326622009277.
LOCAL_RANK: 0 - CUDA_VISIBLE_DEVICES: [0]
[I 2023-11-30 08:33:43,450] Trial 94 finished with value: 13.147716522216797 and parameters: {'gradient_clip_val': 0.1486554356601101, 'hidden_size': 150, 'dropout': 0.2163734914929807, 'hidden_continuous_size': 147, 'attention_head_size': 3, 'learning_rate': 0.007649633548981009}. Best is trial 12 with value: 11.737326622009277.
LOCAL_RANK: 0 - CUDA_VISIBLE_DEVICES: [0]
[I 2023-11-30 08:33:58,029] Trial 95 finished with value: 13.461956977844238 and parameters: {'gradient_clip_val': 0.1308393365923063, 'hidden_size': 110, 'dropout': 0.230848880588388, 'hidden_continuous_size': 102, 'attention_head_size': 1, 'learning_rate': 0.004210870392503476}. Best is trial 12 with value: 11.737326622009277.
LOCAL_RANK: 0 - CUDA_VISIBLE_DEVICES: [0]
[I 2023-11-30 08:34:12,330] Trial 96 finished with value: 14.589673042297363 and parameters: {'gradient_clip_val': 0.11135553437676603, 'hidden_size': 86, 'dropout': 0.2730435979237644, 'hidden_continuous_size': 83, 'attention_head_size': 4, 'learning_rate': 0.006652391007469418}. Best is trial 12 with value: 11.737326622009277.
LOCAL_RANK: 0 - CUDA_VISIBLE_DEVICES: [0]
[I 2023-11-30 08:34:26,737] Trial 97 finished with value: 14.340405464172363 and parameters: {'gradient_clip_val': 0.1192568947130371, 'hidden_size': 93, 'dropout': 0.20199359544817883, 'hidden_continuous_size': 89, 'attention_head_size': 2, 'learning_rate': 0.004019087717152036}. Best is trial 12 with value: 11.737326622009277.
LOCAL_RANK: 0 - CUDA_VISIBLE_DEVICES: [0]
[I 2023-11-30 08:34:40,999] Trial 98 finished with value: 12.908312797546387 and parameters: {'gradient_clip_val': 0.10738516652385309, 'hidden_size': 131, 'dropout': 0.20814595906326075, 'hidden_continuous_size': 118, 'attention_head_size': 1, 'learning_rate': 0.004955753966413711}. Best is trial 12 with value: 11.737326622009277.
LOCAL_RANK: 0 - CUDA_VISIBLE_DEVICES: [0]
[I 2023-11-30 08:34:55,167] Trial 99 finished with value: 13.498364448547363 and parameters: {'gradient_clip_val': 0.13921034057751727, 'hidden_size': 101, 'dropout': 0.2214326599770406, 'hidden_continuous_size': 94, 'attention_head_size': 2, 'learning_rate': 0.003618108006287447}. Best is trial 12 with value: 11.737326622009277.
LOCAL_RANK: 0 - CUDA_VISIBLE_DEVICES: [0]
[I 2023-11-30 08:35:09,874] Trial 100 finished with value: 13.388197898864746 and parameters: {'gradient_clip_val': 0.12069870555077968, 'hidden_size': 143, 'dropout': 0.2412086800336182, 'hidden_continuous_size': 136, 'attention_head_size': 1, 'learning_rate': 0.008000800134646019}. Best is trial 12 with value: 11.737326622009277.
LOCAL_RANK: 0 - CUDA_VISIBLE_DEVICES: [0]
[I 2023-11-30 08:35:24,416] Trial 101 finished with value: 13.033134460449219 and parameters: {'gradient_clip_val': 0.12910145193777636, 'hidden_size': 133, 'dropout': 0.304468060561829, 'hidden_continuous_size': 125, 'attention_head_size': 1, 'learning_rate': 0.002905057914129903}. Best is trial 12 with value: 11.737326622009277.
LOCAL_RANK: 0 - CUDA_VISIBLE_DEVICES: [0]
[I 2023-11-30 08:35:38,897] Trial 102 finished with value: 14.489596366882324 and parameters: {'gradient_clip_val': 0.10013788554713593, 'hidden_size': 122, 'dropout': 0.2760703293300181, 'hidden_continuous_size': 115, 'attention_head_size': 1, 'learning_rate': 0.003384098663741108}. Best is trial 12 with value: 11.737326622009277.
LOCAL_RANK: 0 - CUDA_VISIBLE_DEVICES: [0]
[I 2023-11-30 08:35:53,517] Trial 103 finished with value: 13.786026000976562 and parameters: {'gradient_clip_val': 0.11331810534899817, 'hidden_size': 141, 'dropout': 0.19202898946243746, 'hidden_continuous_size': 127, 'attention_head_size': 1, 'learning_rate': 0.005859528680001043}. Best is trial 12 with value: 11.737326622009277.
LOCAL_RANK: 0 - CUDA_VISIBLE_DEVICES: [0]
[I 2023-11-30 08:36:07,859] Trial 104 finished with value: 14.8526029586792 and parameters: {'gradient_clip_val': 0.12245358193876399, 'hidden_size': 107, 'dropout': 0.2871887892925463, 'hidden_continuous_size': 101, 'attention_head_size': 1, 'learning_rate': 0.002382911067002952}. Best is trial 12 with value: 11.737326622009277.
LOCAL_RANK: 0 - CUDA_VISIBLE_DEVICES: [0]
[I 2023-11-30 08:36:22,019] Trial 105 finished with value: 12.827157020568848 and parameters: {'gradient_clip_val': 0.10506002903404107, 'hidden_size': 116, 'dropout': 0.2659064898948168, 'hidden_continuous_size': 108, 'attention_head_size': 1, 'learning_rate': 0.004433398483474635}. Best is trial 12 with value: 11.737326622009277.
LOCAL_RANK: 0 - CUDA_VISIBLE_DEVICES: [0]
[I 2023-11-30 08:36:36,487] Trial 106 finished with value: 15.359210014343262 and parameters: {'gradient_clip_val': 0.1673124749907649, 'hidden_size': 134, 'dropout': 0.2149327618260328, 'hidden_continuous_size': 121, 'attention_head_size': 1, 'learning_rate': 0.003984419995861618}. Best is trial 12 with value: 11.737326622009277.
LOCAL_RANK: 0 - CUDA_VISIBLE_DEVICES: [0]
[I 2023-11-30 08:36:51,122] Trial 107 finished with value: 14.030105590820312 and parameters: {'gradient_clip_val': 0.13346743550048193, 'hidden_size': 125, 'dropout': 0.22572046968132783, 'hidden_continuous_size': 118, 'attention_head_size': 2, 'learning_rate': 0.00512234523589005}. Best is trial 12 with value: 11.737326622009277.
LOCAL_RANK: 0 - CUDA_VISIBLE_DEVICES: [0]
[I 2023-11-30 08:37:05,769] Trial 108 finished with value: 13.533805847167969 and parameters: {'gradient_clip_val': 0.15097133697103335, 'hidden_size': 142, 'dropout': 0.19855282511117825, 'hidden_continuous_size': 135, 'attention_head_size': 1, 'learning_rate': 0.0028699570542831698}. Best is trial 12 with value: 11.737326622009277.
LOCAL_RANK: 0 - CUDA_VISIBLE_DEVICES: [0]
[I 2023-11-30 08:37:19,981] Trial 109 finished with value: 13.8599214553833 and parameters: {'gradient_clip_val': 0.14326798274218194, 'hidden_size': 113, 'dropout': 0.2555732916848402, 'hidden_continuous_size': 106, 'attention_head_size': 1, 'learning_rate': 0.00375858014641663}. Best is trial 12 with value: 11.737326622009277.
LOCAL_RANK: 0 - CUDA_VISIBLE_DEVICES: [0]
[I 2023-11-30 08:37:34,467] Trial 110 finished with value: 14.735859870910645 and parameters: {'gradient_clip_val': 0.11649618963320425, 'hidden_size': 131, 'dropout': 0.23364966110827093, 'hidden_continuous_size': 122, 'attention_head_size': 1, 'learning_rate': 0.0031420253593682722}. Best is trial 12 with value: 11.737326622009277.
LOCAL_RANK: 0 - CUDA_VISIBLE_DEVICES: [0]
[I 2023-11-30 08:37:48,615] Trial 111 finished with value: 16.18023681640625 and parameters: {'gradient_clip_val': 0.12247192028522447, 'hidden_size': 120, 'dropout': 0.24522754205892977, 'hidden_continuous_size': 110, 'attention_head_size': 1, 'learning_rate': 0.002111011859695228}. Best is trial 12 with value: 11.737326622009277.
LOCAL_RANK: 0 - CUDA_VISIBLE_DEVICES: [0]
[I 2023-11-30 08:38:03,010] Trial 112 finished with value: 13.040359497070312 and parameters: {'gradient_clip_val': 0.11024806057499739, 'hidden_size': 119, 'dropout': 0.2533100713324822, 'hidden_continuous_size': 107, 'attention_head_size': 1, 'learning_rate': 0.0025481631643157437}. Best is trial 12 with value: 11.737326622009277.
LOCAL_RANK: 0 - CUDA_VISIBLE_DEVICES: [0]
[I 2023-11-30 08:38:17,191] Trial 113 finished with value: 14.421531677246094 and parameters: {'gradient_clip_val': 0.1385854655955963, 'hidden_size': 105, 'dropout': 0.20557736548030817, 'hidden_continuous_size': 98, 'attention_head_size': 1, 'learning_rate': 0.0022358811841858245}. Best is trial 12 with value: 11.737326622009277.
LOCAL_RANK: 0 - CUDA_VISIBLE_DEVICES: [0]
[I 2023-11-30 08:38:31,577] Trial 114 finished with value: 14.273638725280762 and parameters: {'gradient_clip_val': 0.1259396347121299, 'hidden_size': 126, 'dropout': 0.22217098492575119, 'hidden_continuous_size': 115, 'attention_head_size': 1, 'learning_rate': 0.003320888419211343}. Best is trial 12 with value: 11.737326622009277.
LOCAL_RANK: 0 - CUDA_VISIBLE_DEVICES: [0]
[I 2023-11-30 08:38:46,243] Trial 115 finished with value: 13.511080741882324 and parameters: {'gradient_clip_val': 0.11682616719267298, 'hidden_size': 144, 'dropout': 0.24923468191019169, 'hidden_continuous_size': 130, 'attention_head_size': 2, 'learning_rate': 0.002675944910271411}. Best is trial 12 with value: 11.737326622009277.
LOCAL_RANK: 0 - CUDA_VISIBLE_DEVICES: [0]
[I 2023-11-30 08:39:00,346] Trial 116 finished with value: 14.743794441223145 and parameters: {'gradient_clip_val': 0.10332777715012945, 'hidden_size': 98, 'dropout': 0.2712331804721212, 'hidden_continuous_size': 92, 'attention_head_size': 1, 'learning_rate': 0.004716988573763485}. Best is trial 12 with value: 11.737326622009277.
LOCAL_RANK: 0 - CUDA_VISIBLE_DEVICES: [0]
[I 2023-11-30 08:39:15,163] Trial 117 finished with value: 14.333523750305176 and parameters: {'gradient_clip_val': 0.13160313995721104, 'hidden_size': 135, 'dropout': 0.2618195042421939, 'hidden_continuous_size': 127, 'attention_head_size': 1, 'learning_rate': 0.007047460548813696}. Best is trial 12 with value: 11.737326622009277.
LOCAL_RANK: 0 - CUDA_VISIBLE_DEVICES: [0]
[I 2023-11-30 08:39:29,323] Trial 118 finished with value: 14.465003967285156 and parameters: {'gradient_clip_val': 0.1611876396514706, 'hidden_size': 120, 'dropout': 0.23007899073507826, 'hidden_continuous_size': 111, 'attention_head_size': 1, 'learning_rate': 0.002943460479655267}. Best is trial 12 with value: 11.737326622009277.
LOCAL_RANK: 0 - CUDA_VISIBLE_DEVICES: [0]
[I 2023-11-30 08:39:43,550] Trial 119 finished with value: 14.721579551696777 and parameters: {'gradient_clip_val': 0.1105933058106533, 'hidden_size': 111, 'dropout': 0.18490607268753634, 'hidden_continuous_size': 104, 'attention_head_size': 1, 'learning_rate': 0.006326629620951614}. Best is trial 12 with value: 11.737326622009277.
LOCAL_RANK: 0 - CUDA_VISIBLE_DEVICES: [0]
[I 2023-11-30 08:39:54,671] Trial 120 finished with value: 13.405621528625488 and parameters: {'gradient_clip_val': 0.12074790298175735, 'hidden_size': 150, 'dropout': 0.2386239621828761, 'hidden_continuous_size': 150, 'attention_head_size': 2, 'learning_rate': 0.0035301888525853947}. Best is trial 12 with value: 11.737326622009277.
LOCAL_RANK: 0 - CUDA_VISIBLE_DEVICES: [0]
[I 2023-11-30 08:40:08,991] Trial 121 finished with value: 14.57445240020752 and parameters: {'gradient_clip_val': 0.14557903883880552, 'hidden_size': 106, 'dropout': 0.2621866701970724, 'hidden_continuous_size': 97, 'attention_head_size': 2, 'learning_rate': 0.007069271004751448}. Best is trial 12 with value: 11.737326622009277.
LOCAL_RANK: 0 - CUDA_VISIBLE_DEVICES: [0]
