[I 2023-11-30 14:32:47,784] Trial 42 finished with value: 6.226274013519287 and parameters: {'gradient_clip_val': 0.8722202767430935, 'hidden_size': 53, 'dropout': 0.27377382685858476, 'hidden_continuous_size': 24, 'attention_head_size': 2, 'learning_rate': 0.05332265208004515}. Best is trial 41 with value: 5.03323221206665.
LOCAL_RANK: 0 - CUDA_VISIBLE_DEVICES: [0]
[I 2023-11-30 14:33:02,440] Trial 43 finished with value: 13.55482006072998 and parameters: {'gradient_clip_val': 0.6253779783755313, 'hidden_size': 41, 'dropout': 0.23251116231515084, 'hidden_continuous_size': 21, 'attention_head_size': 2, 'learning_rate': 0.08181465344832285}. Best is trial 41 with value: 5.03323221206665.
LOCAL_RANK: 0 - CUDA_VISIBLE_DEVICES: [0]
[I 2023-11-30 14:33:17,653] Trial 44 finished with value: 7.018796443939209 and parameters: {'gradient_clip_val': 0.7253860784939806, 'hidden_size': 47, 'dropout': 0.2994788984156391, 'hidden_continuous_size': 17, 'attention_head_size': 2, 'learning_rate': 0.03877499317663075}. Best is trial 41 with value: 5.03323221206665.
LOCAL_RANK: 0 - CUDA_VISIBLE_DEVICES: [0]
[I 2023-11-30 14:33:30,933] Trial 45 finished with value: 6.266190052032471 and parameters: {'gradient_clip_val': 0.9906742843099121, 'hidden_size': 58, 'dropout': 0.21770230266248644, 'hidden_continuous_size': 27, 'attention_head_size': 3, 'learning_rate': 0.0987243972859987}. Best is trial 41 with value: 5.03323221206665.
LOCAL_RANK: 0 - CUDA_VISIBLE_DEVICES: [0]
[I 2023-11-30 14:33:43,537] Trial 46 finished with value: 11.44678020477295 and parameters: {'gradient_clip_val': 0.8670863677262883, 'hidden_size': 37, 'dropout': 0.248542276930938, 'hidden_continuous_size': 20, 'attention_head_size': 1, 'learning_rate': 0.056414286360627265}. Best is trial 41 with value: 5.03323221206665.
LOCAL_RANK: 0 - CUDA_VISIBLE_DEVICES: [0]
[I 2023-11-30 14:33:56,414] Trial 47 finished with value: 7.055392742156982 and parameters: {'gradient_clip_val': 0.6655002076674325, 'hidden_size': 48, 'dropout': 0.20790082535788593, 'hidden_continuous_size': 25, 'attention_head_size': 4, 'learning_rate': 0.045642765310656724}. Best is trial 41 with value: 5.03323221206665.
LOCAL_RANK: 0 - CUDA_VISIBLE_DEVICES: [0]
[I 2023-11-30 14:34:09,833] Trial 48 finished with value: 5.515192031860352 and parameters: {'gradient_clip_val': 0.6018104603580559, 'hidden_size': 72, 'dropout': 0.24448312467725694, 'hidden_continuous_size': 26, 'attention_head_size': 3, 'learning_rate': 0.028878528995759295}. Best is trial 41 with value: 5.03323221206665.
LOCAL_RANK: 0 - CUDA_VISIBLE_DEVICES: [0]
[I 2023-11-30 14:34:23,401] Trial 49 finished with value: 7.223093509674072 and parameters: {'gradient_clip_val': 0.5914783113337154, 'hidden_size': 71, 'dropout': 0.1835132732133856, 'hidden_continuous_size': 29, 'attention_head_size': 3, 'learning_rate': 0.02926676293006036}. Best is trial 41 with value: 5.03323221206665.
LOCAL_RANK: 0 - CUDA_VISIBLE_DEVICES: [0]
[I 2023-11-30 14:34:37,002] Trial 50 finished with value: 5.616343021392822 and parameters: {'gradient_clip_val': 0.4193557925780367, 'hidden_size': 85, 'dropout': 0.21026662235092206, 'hidden_continuous_size': 31, 'attention_head_size': 3, 'learning_rate': 0.020148733611375525}. Best is trial 41 with value: 5.03323221206665.
LOCAL_RANK: 0 - CUDA_VISIBLE_DEVICES: [0]
[I 2023-11-30 14:34:50,613] Trial 51 finished with value: 5.526699542999268 and parameters: {'gradient_clip_val': 0.5185316269217215, 'hidden_size': 88, 'dropout': 0.20966305258742693, 'hidden_continuous_size': 32, 'attention_head_size': 3, 'learning_rate': 0.01986742033301263}. Best is trial 41 with value: 5.03323221206665.
LOCAL_RANK: 0 - CUDA_VISIBLE_DEVICES: [0]
[I 2023-11-30 14:35:04,447] Trial 52 finished with value: 8.835293769836426 and parameters: {'gradient_clip_val': 0.519052994332127, 'hidden_size': 104, 'dropout': 0.24010441632849183, 'hidden_continuous_size': 33, 'attention_head_size': 3, 'learning_rate': 0.026760347252912754}. Best is trial 41 with value: 5.03323221206665.
LOCAL_RANK: 0 - CUDA_VISIBLE_DEVICES: [0]
[I 2023-11-30 14:35:17,704] Trial 53 finished with value: 8.851212501525879 and parameters: {'gradient_clip_val': 0.5944350109235826, 'hidden_size': 56, 'dropout': 0.22857745530967577, 'hidden_continuous_size': 26, 'attention_head_size': 4, 'learning_rate': 0.021671073689126658}. Best is trial 41 with value: 5.03323221206665.
LOCAL_RANK: 0 - CUDA_VISIBLE_DEVICES: [0]
[I 2023-11-30 14:35:31,179] Trial 54 finished with value: 5.94299840927124 and parameters: {'gradient_clip_val': 0.5037648531359357, 'hidden_size': 68, 'dropout': 0.2640086298475118, 'hidden_continuous_size': 23, 'attention_head_size': 3, 'learning_rate': 0.03633431834640902}. Best is trial 41 with value: 5.03323221206665.
LOCAL_RANK: 0 - CUDA_VISIBLE_DEVICES: [0]
[I 2023-11-30 14:35:44,710] Trial 55 finished with value: 5.244290828704834 and parameters: {'gradient_clip_val': 0.6421155437665739, 'hidden_size': 61, 'dropout': 0.24765320488060727, 'hidden_continuous_size': 25, 'attention_head_size': 3, 'learning_rate': 0.02965944184314205}. Best is trial 41 with value: 5.03323221206665.
LOCAL_RANK: 0 - CUDA_VISIBLE_DEVICES: [0]
[I 2023-11-30 14:35:59,392] Trial 56 finished with value: 12.705151557922363 and parameters: {'gradient_clip_val': 0.5545492713648064, 'hidden_size': 73, 'dropout': 0.24984100928909447, 'hidden_continuous_size': 26, 'attention_head_size': 3, 'learning_rate': 0.021719555018773606}. Best is trial 41 with value: 5.03323221206665.
LOCAL_RANK: 0 - CUDA_VISIBLE_DEVICES: [0]
[I 2023-11-30 14:36:13,919] Trial 57 finished with value: 8.048434257507324 and parameters: {'gradient_clip_val': 0.4556842975690099, 'hidden_size': 60, 'dropout': 0.23855177202112843, 'hidden_continuous_size': 25, 'attention_head_size': 3, 'learning_rate': 0.02856572057285238}. Best is trial 41 with value: 5.03323221206665.
LOCAL_RANK: 0 - CUDA_VISIBLE_DEVICES: [0]
[I 2023-11-30 14:36:28,145] Trial 58 finished with value: 5.720565319061279 and parameters: {'gradient_clip_val': 0.35638537405803994, 'hidden_size': 64, 'dropout': 0.2660683626511736, 'hidden_continuous_size': 30, 'attention_head_size': 4, 'learning_rate': 0.026111006941372063}. Best is trial 41 with value: 5.03323221206665.
LOCAL_RANK: 0 - CUDA_VISIBLE_DEVICES: [0]
[I 2023-11-30 14:36:43,385] Trial 59 finished with value: 7.22422456741333 and parameters: {'gradient_clip_val': 0.6538143559444252, 'hidden_size': 80, 'dropout': 0.278784546723825, 'hidden_continuous_size': 38, 'attention_head_size': 3, 'learning_rate': 0.033641923526565365}. Best is trial 41 with value: 5.03323221206665.
LOCAL_RANK: 0 - CUDA_VISIBLE_DEVICES: [0]
[I 2023-11-30 14:36:57,361] Trial 60 finished with value: 10.76977252960205 and parameters: {'gradient_clip_val': 0.5186934287433241, 'hidden_size': 50, 'dropout': 0.22871271052565628, 'hidden_continuous_size': 23, 'attention_head_size': 4, 'learning_rate': 0.01744485646090751}. Best is trial 41 with value: 5.03323221206665.
LOCAL_RANK: 0 - CUDA_VISIBLE_DEVICES: [0]
[I 2023-11-30 14:37:11,711] Trial 61 finished with value: 6.56388521194458 and parameters: {'gradient_clip_val': 0.6143447587313593, 'hidden_size': 58, 'dropout': 0.253904604437929, 'hidden_continuous_size': 22, 'attention_head_size': 3, 'learning_rate': 0.04073954845110073}. Best is trial 41 with value: 5.03323221206665.
LOCAL_RANK: 0 - CUDA_VISIBLE_DEVICES: [0]
[I 2023-11-30 14:37:25,882] Trial 62 finished with value: 7.572693347930908 and parameters: {'gradient_clip_val': 0.6979415162545085, 'hidden_size': 44, 'dropout': 0.21339013193562206, 'hidden_continuous_size': 27, 'attention_head_size': 3, 'learning_rate': 0.04821819887298219}. Best is trial 41 with value: 5.03323221206665.
LOCAL_RANK: 0 - CUDA_VISIBLE_DEVICES: [0]
[I 2023-11-30 14:37:40,056] Trial 63 finished with value: 5.539007663726807 and parameters: {'gradient_clip_val': 0.7795952089763057, 'hidden_size': 52, 'dropout': 0.20012365934557821, 'hidden_continuous_size': 24, 'attention_head_size': 3, 'learning_rate': 0.037964549540876406}. Best is trial 41 with value: 5.03323221206665.
LOCAL_RANK: 0 - CUDA_VISIBLE_DEVICES: [0]
[I 2023-11-30 14:37:54,258] Trial 64 finished with value: 6.00648832321167 and parameters: {'gradient_clip_val': 0.7574303755623317, 'hidden_size': 50, 'dropout': 0.206736820911931, 'hidden_continuous_size': 23, 'attention_head_size': 3, 'learning_rate': 0.03186948946249461}. Best is trial 41 with value: 5.03323221206665.
LOCAL_RANK: 0 - CUDA_VISIBLE_DEVICES: [0]
[I 2023-11-30 14:38:08,293] Trial 65 finished with value: 6.790981769561768 and parameters: {'gradient_clip_val': 0.5674291706653978, 'hidden_size': 53, 'dropout': 0.22146567066494297, 'hidden_continuous_size': 25, 'attention_head_size': 3, 'learning_rate': 0.03835800368799113}. Best is trial 41 with value: 5.03323221206665.
LOCAL_RANK: 0 - CUDA_VISIBLE_DEVICES: [0]
[I 2023-11-30 14:38:22,832] Trial 66 finished with value: 11.441798210144043 and parameters: {'gradient_clip_val': 0.6401970970850555, 'hidden_size': 65, 'dropout': 0.24349401648523986, 'hidden_continuous_size': 29, 'attention_head_size': 3, 'learning_rate': 0.025671432550800163}. Best is trial 41 with value: 5.03323221206665.
LOCAL_RANK: 0 - CUDA_VISIBLE_DEVICES: [0]
[I 2023-11-30 14:38:37,001] Trial 67 finished with value: 6.728800296783447 and parameters: {'gradient_clip_val': 0.6868663801964903, 'hidden_size': 39, 'dropout': 0.1967968118157755, 'hidden_continuous_size': 21, 'attention_head_size': 3, 'learning_rate': 0.04616534231283068}. Best is trial 41 with value: 5.03323221206665.
LOCAL_RANK: 0 - CUDA_VISIBLE_DEVICES: [0]
[I 2023-11-30 14:38:50,866] Trial 68 finished with value: 9.301650047302246 and parameters: {'gradient_clip_val': 0.7815926150514304, 'hidden_size': 46, 'dropout': 0.23017745369989068, 'hidden_continuous_size': 22, 'attention_head_size': 4, 'learning_rate': 0.023271821636382323}. Best is trial 41 with value: 5.03323221206665.
LOCAL_RANK: 0 - CUDA_VISIBLE_DEVICES: [0]
[I 2023-11-30 14:39:04,994] Trial 69 finished with value: 10.067215919494629 and parameters: {'gradient_clip_val': 0.5298765146645779, 'hidden_size': 58, 'dropout': 0.26174841062077525, 'hidden_continuous_size': 19, 'attention_head_size': 2, 'learning_rate': 0.035008181508428056}. Best is trial 41 with value: 5.03323221206665.
LOCAL_RANK: 0 - CUDA_VISIBLE_DEVICES: [0]
[I 2023-11-30 14:39:19,561] Trial 70 finished with value: 5.3461174964904785 and parameters: {'gradient_clip_val': 0.9182160122277246, 'hidden_size': 54, 'dropout': 0.24473264363444935, 'hidden_continuous_size': 24, 'attention_head_size': 4, 'learning_rate': 0.029364740136059414}. Best is trial 41 with value: 5.03323221206665.
LOCAL_RANK: 0 - CUDA_VISIBLE_DEVICES: [0]
[I 2023-11-30 14:39:33,528] Trial 71 finished with value: 10.327249526977539 and parameters: {'gradient_clip_val': 0.921480776974334, 'hidden_size': 54, 'dropout': 0.24641133981678504, 'hidden_continuous_size': 24, 'attention_head_size': 4, 'learning_rate': 0.029688571697281785}. Best is trial 41 with value: 5.03323221206665.
LOCAL_RANK: 0 - CUDA_VISIBLE_DEVICES: [0]
[I 2023-11-30 14:39:47,207] Trial 72 finished with value: 5.269607067108154 and parameters: {'gradient_clip_val': 0.8154057979022135, 'hidden_size': 48, 'dropout': 0.23697968591659235, 'hidden_continuous_size': 20, 'attention_head_size': 4, 'learning_rate': 0.04035388503909569}. Best is trial 41 with value: 5.03323221206665.
LOCAL_RANK: 0 - CUDA_VISIBLE_DEVICES: [0]
[I 2023-11-30 14:40:01,920] Trial 73 finished with value: 5.640222072601318 and parameters: {'gradient_clip_val': 0.9433940867068074, 'hidden_size': 63, 'dropout': 0.22219652443381757, 'hidden_continuous_size': 27, 'attention_head_size': 4, 'learning_rate': 0.04319649201347398}. Best is trial 41 with value: 5.03323221206665.
LOCAL_RANK: 0 - CUDA_VISIBLE_DEVICES: [0]
[I 2023-11-30 14:40:16,314] Trial 74 finished with value: 9.440505027770996 and parameters: {'gradient_clip_val': 0.8352611505051771, 'hidden_size': 45, 'dropout': 0.23864989421395164, 'hidden_continuous_size': 23, 'attention_head_size': 4, 'learning_rate': 0.05968623779169956}. Best is trial 41 with value: 5.03323221206665.
LOCAL_RANK: 0 - CUDA_VISIBLE_DEVICES: [0]
[I 2023-11-30 14:40:30,191] Trial 75 finished with value: 6.9716010093688965 and parameters: {'gradient_clip_val': 0.740110202434337, 'hidden_size': 50, 'dropout': 0.2824286037930306, 'hidden_continuous_size': 20, 'attention_head_size': 4, 'learning_rate': 0.0395856516417173}. Best is trial 41 with value: 5.03323221206665.
LOCAL_RANK: 0 - CUDA_VISIBLE_DEVICES: [0]
[I 2023-11-30 14:40:44,013] Trial 76 finished with value: 8.059432029724121 and parameters: {'gradient_clip_val': 0.8088087686090023, 'hidden_size': 40, 'dropout': 0.2738142297955595, 'hidden_continuous_size': 22, 'attention_head_size': 3, 'learning_rate': 0.04920079694784555}. Best is trial 41 with value: 5.03323221206665.
LOCAL_RANK: 0 - CUDA_VISIBLE_DEVICES: [0]
[I 2023-11-30 14:40:58,029] Trial 77 finished with value: 9.753303527832031 and parameters: {'gradient_clip_val': 0.9234989111456359, 'hidden_size': 56, 'dropout': 0.2014757797272029, 'hidden_continuous_size': 25, 'attention_head_size': 3, 'learning_rate': 0.03267578908415834}. Best is trial 41 with value: 5.03323221206665.
LOCAL_RANK: 0 - CUDA_VISIBLE_DEVICES: [0]
[I 2023-11-30 14:41:12,347] Trial 78 finished with value: 8.028048515319824 and parameters: {'gradient_clip_val': 0.7188671050513702, 'hidden_size': 72, 'dropout': 0.2164934658820621, 'hidden_continuous_size': 28, 'attention_head_size': 1, 'learning_rate': 0.025221796984165497}. Best is trial 41 with value: 5.03323221206665.
LOCAL_RANK: 0 - CUDA_VISIBLE_DEVICES: [0]
[I 2023-11-30 14:41:26,364] Trial 79 finished with value: 8.852226257324219 and parameters: {'gradient_clip_val': 0.8084997853632748, 'hidden_size': 35, 'dropout': 0.2555046866309781, 'hidden_continuous_size': 24, 'attention_head_size': 4, 'learning_rate': 0.020370434169591063}. Best is trial 41 with value: 5.03323221206665.
LOCAL_RANK: 0 - CUDA_VISIBLE_DEVICES: [0]
[I 2023-11-30 14:41:40,038] Trial 80 finished with value: 10.87297534942627 and parameters: {'gradient_clip_val': 0.6127767081820146, 'hidden_size': 44, 'dropout': 0.2698793491370029, 'hidden_continuous_size': 21, 'attention_head_size': 2, 'learning_rate': 0.03619022397646455}. Best is trial 41 with value: 5.03323221206665.
LOCAL_RANK: 0 - CUDA_VISIBLE_DEVICES: [0]
[I 2023-11-30 14:41:54,452] Trial 81 finished with value: 5.890944004058838 and parameters: {'gradient_clip_val': 0.6783997320800361, 'hidden_size': 52, 'dropout': 0.22794970167163023, 'hidden_continuous_size': 19, 'attention_head_size': 4, 'learning_rate': 0.0411228791043866}. Best is trial 41 with value: 5.03323221206665.
LOCAL_RANK: 0 - CUDA_VISIBLE_DEVICES: [0]
[I 2023-11-30 14:42:08,423] Trial 82 finished with value: 5.2697529792785645 and parameters: {'gradient_clip_val': 0.6533257413952223, 'hidden_size': 49, 'dropout': 0.23369498486461093, 'hidden_continuous_size': 21, 'attention_head_size': 4, 'learning_rate': 0.030308949686044088}. Best is trial 41 with value: 5.03323221206665.
LOCAL_RANK: 0 - CUDA_VISIBLE_DEVICES: [0]
[I 2023-11-30 14:42:22,712] Trial 83 finished with value: 9.219582557678223 and parameters: {'gradient_clip_val': 0.8866740012971835, 'hidden_size': 47, 'dropout': 0.23368740791151035, 'hidden_continuous_size': 20, 'attention_head_size': 4, 'learning_rate': 0.030362638288462033}. Best is trial 41 with value: 5.03323221206665.
LOCAL_RANK: 0 - CUDA_VISIBLE_DEVICES: [0]
[I 2023-11-30 14:42:36,958] Trial 84 finished with value: 10.789517402648926 and parameters: {'gradient_clip_val': 0.5829258350652158, 'hidden_size': 61, 'dropout': 0.24912729673477896, 'hidden_continuous_size': 31, 'attention_head_size': 4, 'learning_rate': 0.023833879561765317}. Best is trial 41 with value: 5.03323221206665.
LOCAL_RANK: 0 - CUDA_VISIBLE_DEVICES: [0]
[I 2023-11-30 14:42:51,101] Trial 85 finished with value: 5.270177841186523 and parameters: {'gradient_clip_val': 0.7597843181214706, 'hidden_size': 41, 'dropout': 0.21613079677346553, 'hidden_continuous_size': 21, 'attention_head_size': 4, 'learning_rate': 0.051410824199267346}. Best is trial 41 with value: 5.03323221206665.
LOCAL_RANK: 0 - CUDA_VISIBLE_DEVICES: [0]
[I 2023-11-30 14:43:05,109] Trial 86 finished with value: 7.472604274749756 and parameters: {'gradient_clip_val': 0.6372804237801026, 'hidden_size': 39, 'dropout': 0.25930845134681335, 'hidden_continuous_size': 18, 'attention_head_size': 4, 'learning_rate': 0.05197317981528918}. Best is trial 41 with value: 5.03323221206665.
LOCAL_RANK: 0 - CUDA_VISIBLE_DEVICES: [0]
[I 2023-11-30 14:43:19,033] Trial 87 finished with value: 5.495798110961914 and parameters: {'gradient_clip_val': 0.7056286009794815, 'hidden_size': 41, 'dropout': 0.241806798551251, 'hidden_continuous_size': 21, 'attention_head_size': 4, 'learning_rate': 0.06843017369421545}. Best is trial 41 with value: 5.03323221206665.
LOCAL_RANK: 0 - CUDA_VISIBLE_DEVICES: [0]
[I 2023-11-30 14:43:32,855] Trial 88 finished with value: 10.95317554473877 and parameters: {'gradient_clip_val': 0.9991847422903943, 'hidden_size': 35, 'dropout': 0.23869774309165726, 'hidden_continuous_size': 21, 'attention_head_size': 4, 'learning_rate': 0.07044410820589082}. Best is trial 41 with value: 5.03323221206665.
LOCAL_RANK: 0 - CUDA_VISIBLE_DEVICES: [0]
[I 2023-11-30 14:43:46,643] Trial 89 finished with value: 9.243051528930664 and parameters: {'gradient_clip_val': 0.7252274666817239, 'hidden_size': 41, 'dropout': 0.24837948443663443, 'hidden_continuous_size': 22, 'attention_head_size': 4, 'learning_rate': 0.06095523791333676}. Best is trial 41 with value: 5.03323221206665.
LOCAL_RANK: 0 - CUDA_VISIBLE_DEVICES: [0]
[I 2023-11-30 14:44:00,284] Trial 90 finished with value: 5.114842891693115 and parameters: {'gradient_clip_val': 0.8448678025973281, 'hidden_size': 44, 'dropout': 0.2639096616999279, 'hidden_continuous_size': 20, 'attention_head_size': 4, 'learning_rate': 0.05587654828097894}. Best is trial 41 with value: 5.03323221206665.
LOCAL_RANK: 0 - CUDA_VISIBLE_DEVICES: [0]
[I 2023-11-30 14:44:13,928] Trial 91 finished with value: 10.705012321472168 and parameters: {'gradient_clip_val': 0.8557643956411174, 'hidden_size': 44, 'dropout': 0.26718363709434295, 'hidden_continuous_size': 20, 'attention_head_size': 4, 'learning_rate': 0.0667401272752628}. Best is trial 41 with value: 5.03323221206665.
LOCAL_RANK: 0 - CUDA_VISIBLE_DEVICES: [0]
[I 2023-11-30 14:44:27,849] Trial 92 finished with value: 8.548169136047363 and parameters: {'gradient_clip_val': 0.9092839843934256, 'hidden_size': 43, 'dropout': 0.2540814787106453, 'hidden_continuous_size': 19, 'attention_head_size': 4, 'learning_rate': 0.05519484836747439}. Best is trial 41 with value: 5.03323221206665.
LOCAL_RANK: 0 - CUDA_VISIBLE_DEVICES: [0]
[I 2023-11-30 14:44:42,159] Trial 93 finished with value: 5.332885265350342 and parameters: {'gradient_clip_val': 0.680409646345072, 'hidden_size': 49, 'dropout': 0.23364082116939042, 'hidden_continuous_size': 23, 'attention_head_size': 4, 'learning_rate': 0.04813878721243876}. Best is trial 41 with value: 5.03323221206665.
LOCAL_RANK: 0 - CUDA_VISIBLE_DEVICES: [0]
[I 2023-11-30 14:44:56,629] Trial 94 finished with value: 5.676337718963623 and parameters: {'gradient_clip_val': 0.7628407561929176, 'hidden_size': 48, 'dropout': 0.23453813806422105, 'hidden_continuous_size': 22, 'attention_head_size': 4, 'learning_rate': 0.04842344554169908}. Best is trial 41 with value: 5.03323221206665.
LOCAL_RANK: 0 - CUDA_VISIBLE_DEVICES: [0]
[I 2023-11-30 14:45:10,583] Trial 95 finished with value: 8.101866722106934 and parameters: {'gradient_clip_val': 0.8263612571925802, 'hidden_size': 41, 'dropout': 0.22001517122886455, 'hidden_continuous_size': 21, 'attention_head_size': 4, 'learning_rate': 0.05903784830201922}. Best is trial 41 with value: 5.03323221206665.
LOCAL_RANK: 0 - CUDA_VISIBLE_DEVICES: [0]
[I 2023-11-30 14:45:24,678] Trial 96 finished with value: 5.349173069000244 and parameters: {'gradient_clip_val': 0.6911375721860977, 'hidden_size': 38, 'dropout': 0.22414319772667057, 'hidden_continuous_size': 20, 'attention_head_size': 4, 'learning_rate': 0.0709089779420209}. Best is trial 41 with value: 5.03323221206665.
LOCAL_RANK: 0 - CUDA_VISIBLE_DEVICES: [0]
[I 2023-11-30 14:45:38,631] Trial 97 finished with value: 7.459200382232666 and parameters: {'gradient_clip_val': 0.6869419797472892, 'hidden_size': 38, 'dropout': 0.22288636049659769, 'hidden_continuous_size': 20, 'attention_head_size': 4, 'learning_rate': 0.0853960923422191}. Best is trial 41 with value: 5.03323221206665.
LOCAL_RANK: 0 - CUDA_VISIBLE_DEVICES: [0]
[I 2023-11-30 14:45:52,629] Trial 98 finished with value: 6.000533580780029 and parameters: {'gradient_clip_val': 0.6514862325890273, 'hidden_size': 46, 'dropout': 0.26031971251616887, 'hidden_continuous_size': 18, 'attention_head_size': 4, 'learning_rate': 0.0529882330834221}. Best is trial 41 with value: 5.03323221206665.
LOCAL_RANK: 0 - CUDA_VISIBLE_DEVICES: [0]
[I 2023-11-30 14:46:06,555] Trial 99 finished with value: 7.757806777954102 and parameters: {'gradient_clip_val': 0.8001080168064778, 'hidden_size': 49, 'dropout': 0.22620056860010168, 'hidden_continuous_size': 23, 'attention_head_size': 4, 'learning_rate': 0.042885411890968506}. Best is trial 41 with value: 5.03323221206665.
LOCAL_RANK: 0 - CUDA_VISIBLE_DEVICES: [0]
[I 2023-11-30 14:46:20,703] Trial 100 finished with value: 9.485240936279297 and parameters: {'gradient_clip_val': 0.7498710376056256, 'hidden_size': 37, 'dropout': 0.23339619133367873, 'hidden_continuous_size': 19, 'attention_head_size': 4, 'learning_rate': 0.04774132525926897}. Best is trial 41 with value: 5.03323221206665.
LOCAL_RANK: 0 - CUDA_VISIBLE_DEVICES: [0]
