[I 2023-11-30 12:07:52,114] Trial 2 finished with value: 17.598201751708984 and parameters: {'gradient_clip_val': 0.17836162536112052, 'hidden_size': 71, 'dropout': 0.3753158033705948, 'hidden_continuous_size': 45, 'attention_head_size': 2, 'learning_rate': 0.006431009469104044}. Best is trial 2 with value: 17.598201751708984.
LOCAL_RANK: 0 - CUDA_VISIBLE_DEVICES: [0]
[I 2023-11-30 12:08:03,841] Trial 3 finished with value: 18.25166893005371 and parameters: {'gradient_clip_val': 0.19275849764511266, 'hidden_size': 12, 'dropout': 0.16581910727419752, 'hidden_continuous_size': 11, 'attention_head_size': 1, 'learning_rate': 0.05041651895971172}. Best is trial 2 with value: 17.598201751708984.
LOCAL_RANK: 0 - CUDA_VISIBLE_DEVICES: [0]
[I 2023-11-30 12:08:16,334] Trial 4 finished with value: 46.86921691894531 and parameters: {'gradient_clip_val': 0.18282356262125657, 'hidden_size': 33, 'dropout': 0.19181058199031575, 'hidden_continuous_size': 16, 'attention_head_size': 1, 'learning_rate': 0.0012327083083506628}. Best is trial 2 with value: 17.598201751708984.
LOCAL_RANK: 0 - CUDA_VISIBLE_DEVICES: [0]
[I 2023-11-30 12:08:26,721] Trial 5 finished with value: 23.4730224609375 and parameters: {'gradient_clip_val': 0.5419563271930594, 'hidden_size': 19, 'dropout': 0.20455957737417946, 'hidden_continuous_size': 19, 'attention_head_size': 2, 'learning_rate': 0.0949727211438568}. Best is trial 2 with value: 17.598201751708984.
LOCAL_RANK: 0 - CUDA_VISIBLE_DEVICES: [0]
[I 2023-11-30 12:08:39,666] Trial 6 finished with value: 39.599910736083984 and parameters: {'gradient_clip_val': 0.10928776255563126, 'hidden_size': 48, 'dropout': 0.15027389194569296, 'hidden_continuous_size': 30, 'attention_head_size': 4, 'learning_rate': 0.002156974528251867}. Best is trial 2 with value: 17.598201751708984.
LOCAL_RANK: 0 - CUDA_VISIBLE_DEVICES: [0]
[I 2023-11-30 12:08:51,972] Trial 7 finished with value: 40.16860580444336 and parameters: {'gradient_clip_val': 0.5748212394069372, 'hidden_size': 32, 'dropout': 0.3582475281033407, 'hidden_continuous_size': 20, 'attention_head_size': 2, 'learning_rate': 0.0031846536048986854}. Best is trial 2 with value: 17.598201751708984.
LOCAL_RANK: 0 - CUDA_VISIBLE_DEVICES: [0]
[I 2023-11-30 12:09:05,104] Trial 8 finished with value: 23.074735641479492 and parameters: {'gradient_clip_val': 0.10427666804136755, 'hidden_size': 56, 'dropout': 0.3666156357580751, 'hidden_continuous_size': 22, 'attention_head_size': 4, 'learning_rate': 0.038530361400574815}. Best is trial 2 with value: 17.598201751708984.
LOCAL_RANK: 0 - CUDA_VISIBLE_DEVICES: [0]
[I 2023-11-30 12:09:15,065] Trial 9 finished with value: 33.5140495300293 and parameters: {'gradient_clip_val': 0.4964035481864846, 'hidden_size': 10, 'dropout': 0.22893609466175469, 'hidden_continuous_size': 10, 'attention_head_size': 1, 'learning_rate': 0.01391005333398273}. Best is trial 2 with value: 17.598201751708984.
LOCAL_RANK: 0 - CUDA_VISIBLE_DEVICES: [0]
[I 2023-11-30 12:09:29,666] Trial 10 finished with value: 27.283567428588867 and parameters: {'gradient_clip_val': 0.7715417874211516, 'hidden_size': 119, 'dropout': 0.28949533223048607, 'hidden_continuous_size': 92, 'attention_head_size': 3, 'learning_rate': 0.010844736145403428}. Best is trial 2 with value: 17.598201751708984.
LOCAL_RANK: 0 - CUDA_VISIBLE_DEVICES: [0]
[I 2023-11-30 12:09:41,630] Trial 11 finished with value: 27.006799697875977 and parameters: {'gradient_clip_val': 0.18172791430079463, 'hidden_size': 11, 'dropout': 0.39549214127587007, 'hidden_continuous_size': 10, 'attention_head_size': 1, 'learning_rate': 0.02680514528713108}. Best is trial 2 with value: 17.598201751708984.
LOCAL_RANK: 0 - CUDA_VISIBLE_DEVICES: [0]
[I 2023-11-30 12:09:53,501] Trial 12 finished with value: 29.67529296875 and parameters: {'gradient_clip_val': 0.20188069403407033, 'hidden_size': 20, 'dropout': 0.271023938378351, 'hidden_continuous_size': 11, 'attention_head_size': 2, 'learning_rate': 0.0073868653793521324}. Best is trial 2 with value: 17.598201751708984.
LOCAL_RANK: 0 - CUDA_VISIBLE_DEVICES: [0]
[I 2023-11-30 12:10:07,753] Trial 13 finished with value: 20.248647689819336 and parameters: {'gradient_clip_val': 0.2339738992994067, 'hidden_size': 142, 'dropout': 0.11053923284247957, 'hidden_continuous_size': 47, 'attention_head_size': 1, 'learning_rate': 0.017845083103699613}. Best is trial 2 with value: 17.598201751708984.
LOCAL_RANK: 0 - CUDA_VISIBLE_DEVICES: [0]
[I 2023-11-30 12:10:21,410] Trial 14 finished with value: 18.750009536743164 and parameters: {'gradient_clip_val': 0.14043678378725663, 'hidden_size': 95, 'dropout': 0.30913653241385197, 'hidden_continuous_size': 29, 'attention_head_size': 2, 'learning_rate': 0.008051431717493592}. Best is trial 2 with value: 17.598201751708984.
LOCAL_RANK: 0 - CUDA_VISIBLE_DEVICES: [0]
[I 2023-11-30 12:10:35,047] Trial 15 finished with value: 20.8677978515625 and parameters: {'gradient_clip_val': 0.27482964845293206, 'hidden_size': 93, 'dropout': 0.2537892565934938, 'hidden_continuous_size': 13, 'attention_head_size': 3, 'learning_rate': 0.05978233264025361}. Best is trial 2 with value: 17.598201751708984.
LOCAL_RANK: 0 - CUDA_VISIBLE_DEVICES: [0]
[I 2023-11-30 12:10:47,634] Trial 16 finished with value: 21.691085815429688 and parameters: {'gradient_clip_val': 0.14313850898450642, 'hidden_size': 43, 'dropout': 0.1795242396318052, 'hidden_continuous_size': 12, 'attention_head_size': 1, 'learning_rate': 0.024179512627307914}. Best is trial 2 with value: 17.598201751708984.
LOCAL_RANK: 0 - CUDA_VISIBLE_DEVICES: [0]
[I 2023-11-30 12:10:59,833] Trial 17 finished with value: 25.761621475219727 and parameters: {'gradient_clip_val': 0.26838995015568373, 'hidden_size': 26, 'dropout': 0.22291745391973922, 'hidden_continuous_size': 12, 'attention_head_size': 2, 'learning_rate': 0.012383864454093752}. Best is trial 2 with value: 17.598201751708984.
LOCAL_RANK: 0 - CUDA_VISIBLE_DEVICES: [0]
[I 2023-11-30 12:11:11,761] Trial 18 finished with value: 21.15452766418457 and parameters: {'gradient_clip_val': 0.14556975252738147, 'hidden_size': 14, 'dropout': 0.17005979037814972, 'hidden_continuous_size': 10, 'attention_head_size': 1, 'learning_rate': 0.03823345920796338}. Best is trial 2 with value: 17.598201751708984.
LOCAL_RANK: 0 - CUDA_VISIBLE_DEVICES: [0]
[I 2023-11-30 12:11:24,356] Trial 19 finished with value: 20.805315017700195 and parameters: {'gradient_clip_val': 0.3600705656480237, 'hidden_size': 38, 'dropout': 0.24940094888108555, 'hidden_continuous_size': 14, 'attention_head_size': 2, 'learning_rate': 0.006743253593089557}. Best is trial 2 with value: 17.598201751708984.
LOCAL_RANK: 0 - CUDA_VISIBLE_DEVICES: [0]
[I 2023-11-30 12:11:37,442] Trial 20 finished with value: 29.446090698242188 and parameters: {'gradient_clip_val': 0.21095442346748886, 'hidden_size': 56, 'dropout': 0.1060209941915824, 'hidden_continuous_size': 16, 'attention_head_size': 3, 'learning_rate': 0.08990338628874953}. Best is trial 2 with value: 17.598201751708984.
LOCAL_RANK: 0 - CUDA_VISIBLE_DEVICES: [0]
[I 2023-11-30 12:11:51,223] Trial 21 finished with value: 19.389314651489258 and parameters: {'gradient_clip_val': 0.14671918902832706, 'hidden_size': 99, 'dropout': 0.312433146169837, 'hidden_continuous_size': 35, 'attention_head_size': 2, 'learning_rate': 0.008741244531191624}. Best is trial 2 with value: 17.598201751708984.
LOCAL_RANK: 0 - CUDA_VISIBLE_DEVICES: [0]
[I 2023-11-30 12:12:04,660] Trial 22 finished with value: 18.080785751342773 and parameters: {'gradient_clip_val': 0.1573889008072098, 'hidden_size': 78, 'dropout': 0.3104420592059769, 'hidden_continuous_size': 25, 'attention_head_size': 2, 'learning_rate': 0.016104293049192923}. Best is trial 2 with value: 17.598201751708984.
LOCAL_RANK: 0 - CUDA_VISIBLE_DEVICES: [0]
[I 2023-11-30 12:12:18,010] Trial 23 finished with value: 19.84930992126465 and parameters: {'gradient_clip_val': 0.17507613240374242, 'hidden_size': 69, 'dropout': 0.3503533694453515, 'hidden_continuous_size': 21, 'attention_head_size': 2, 'learning_rate': 0.02268400356021049}. Best is trial 2 with value: 17.598201751708984.
LOCAL_RANK: 0 - CUDA_VISIBLE_DEVICES: [0]
[I 2023-11-30 12:12:30,911] Trial 24 finished with value: 16.658451080322266 and parameters: {'gradient_clip_val': 0.2369970836686198, 'hidden_size': 53, 'dropout': 0.3980315757903742, 'hidden_continuous_size': 26, 'attention_head_size': 1, 'learning_rate': 0.014788910093151234}. Best is trial 24 with value: 16.658451080322266.
LOCAL_RANK: 0 - CUDA_VISIBLE_DEVICES: [0]
[I 2023-11-30 12:12:44,175] Trial 25 finished with value: 20.27573013305664 and parameters: {'gradient_clip_val': 0.2689148581028597, 'hidden_size': 54, 'dropout': 0.39973295769933864, 'hidden_continuous_size': 25, 'attention_head_size': 3, 'learning_rate': 0.014479461778969851}. Best is trial 24 with value: 16.658451080322266.
LOCAL_RANK: 0 - CUDA_VISIBLE_DEVICES: [0]
[I 2023-11-30 12:12:57,467] Trial 26 finished with value: 21.999643325805664 and parameters: {'gradient_clip_val': 0.23611758067525399, 'hidden_size': 78, 'dropout': 0.3784237990379158, 'hidden_continuous_size': 24, 'attention_head_size': 2, 'learning_rate': 0.011086527515136724}. Best is trial 24 with value: 16.658451080322266.
LOCAL_RANK: 0 - CUDA_VISIBLE_DEVICES: [0]
[I 2023-11-30 12:13:10,320] Trial 27 finished with value: 16.724328994750977 and parameters: {'gradient_clip_val': 0.11633465259032422, 'hidden_size': 60, 'dropout': 0.341145278073281, 'hidden_continuous_size': 17, 'attention_head_size': 1, 'learning_rate': 0.017067514181353785}. Best is trial 24 with value: 16.658451080322266.
LOCAL_RANK: 0 - CUDA_VISIBLE_DEVICES: [0]
[I 2023-11-30 12:13:23,017] Trial 28 finished with value: 27.952590942382812 and parameters: {'gradient_clip_val': 0.12063913162912064, 'hidden_size': 45, 'dropout': 0.3405977373780857, 'hidden_continuous_size': 16, 'attention_head_size': 1, 'learning_rate': 0.005680016347318936}. Best is trial 24 with value: 16.658451080322266.
LOCAL_RANK: 0 - CUDA_VISIBLE_DEVICES: [0]
[I 2023-11-30 12:13:36,153] Trial 29 finished with value: 18.5330753326416 and parameters: {'gradient_clip_val': 0.12421961998514947, 'hidden_size': 65, 'dropout': 0.37760332076297753, 'hidden_continuous_size': 17, 'attention_head_size': 1, 'learning_rate': 0.00935828114462108}. Best is trial 24 with value: 16.658451080322266.
LOCAL_RANK: 0 - CUDA_VISIBLE_DEVICES: [0]
[I 2023-11-30 12:13:49,299] Trial 30 finished with value: 20.4262752532959 and parameters: {'gradient_clip_val': 0.16506378012875464, 'hidden_size': 57, 'dropout': 0.3349493652608638, 'hidden_continuous_size': 18, 'attention_head_size': 1, 'learning_rate': 0.020518145497882737}. Best is trial 24 with value: 16.658451080322266.
LOCAL_RANK: 0 - CUDA_VISIBLE_DEVICES: [0]
[I 2023-11-30 12:14:02,670] Trial 31 finished with value: 17.786855697631836 and parameters: {'gradient_clip_val': 0.15580867548652583, 'hidden_size': 80, 'dropout': 0.32474934216133466, 'hidden_continuous_size': 25, 'attention_head_size': 2, 'learning_rate': 0.01446254398249828}. Best is trial 24 with value: 16.658451080322266.
LOCAL_RANK: 0 - CUDA_VISIBLE_DEVICES: [0]
[I 2023-11-30 12:14:15,555] Trial 32 finished with value: 17.450117111206055 and parameters: {'gradient_clip_val': 0.12303827369780651, 'hidden_size': 62, 'dropout': 0.35067242625805195, 'hidden_continuous_size': 14, 'attention_head_size': 1, 'learning_rate': 0.016670816633440874}. Best is trial 24 with value: 16.658451080322266.
LOCAL_RANK: 0 - CUDA_VISIBLE_DEVICES: [0]
[I 2023-11-30 12:14:28,328] Trial 33 finished with value: 22.33493995666504 and parameters: {'gradient_clip_val': 0.12303945332343712, 'hidden_size': 64, 'dropout': 0.35956393370941253, 'hidden_continuous_size': 14, 'attention_head_size': 1, 'learning_rate': 0.004863995924574776}. Best is trial 24 with value: 16.658451080322266.
LOCAL_RANK: 0 - CUDA_VISIBLE_DEVICES: [0]
[I 2023-11-30 12:14:40,927] Trial 34 finished with value: 18.07758140563965 and parameters: {'gradient_clip_val': 0.10943265373811324, 'hidden_size': 48, 'dropout': 0.3812384269097873, 'hidden_continuous_size': 18, 'attention_head_size': 1, 'learning_rate': 0.018503445119284333}. Best is trial 24 with value: 16.658451080322266.
LOCAL_RANK: 0 - CUDA_VISIBLE_DEVICES: [0]
[I 2023-11-30 12:14:53,810] Trial 35 finished with value: 17.89350700378418 and parameters: {'gradient_clip_val': 0.1269458281178789, 'hidden_size': 65, 'dropout': 0.3470499152482851, 'hidden_continuous_size': 14, 'attention_head_size': 1, 'learning_rate': 0.009711589399737802}. Best is trial 24 with value: 16.658451080322266.
LOCAL_RANK: 0 - CUDA_VISIBLE_DEVICES: [0]
[I 2023-11-30 12:15:06,146] Trial 36 finished with value: 31.53672218322754 and parameters: {'gradient_clip_val': 0.17491256624610474, 'hidden_size': 40, 'dropout': 0.3665621174045746, 'hidden_continuous_size': 15, 'attention_head_size': 1, 'learning_rate': 0.006235975465905506}. Best is trial 24 with value: 16.658451080322266.
LOCAL_RANK: 0 - CUDA_VISIBLE_DEVICES: [0]
[I 2023-11-30 12:15:19,005] Trial 37 finished with value: 25.126920700073242 and parameters: {'gradient_clip_val': 0.10201410866523833, 'hidden_size': 50, 'dropout': 0.3883764986580609, 'hidden_continuous_size': 19, 'attention_head_size': 1, 'learning_rate': 0.028125690990160948}. Best is trial 24 with value: 16.658451080322266.
LOCAL_RANK: 0 - CUDA_VISIBLE_DEVICES: [0]
[I 2023-11-30 12:15:31,406] Trial 38 finished with value: 31.258520126342773 and parameters: {'gradient_clip_val': 0.19535249318347456, 'hidden_size': 36, 'dropout': 0.36428677531891984, 'hidden_continuous_size': 17, 'attention_head_size': 1, 'learning_rate': 0.004192205103984802}. Best is trial 24 with value: 16.658451080322266.
LOCAL_RANK: 0 - CUDA_VISIBLE_DEVICES: [0]
[I 2023-11-30 12:15:44,512] Trial 39 finished with value: 19.770309448242188 and parameters: {'gradient_clip_val': 0.13306806573932162, 'hidden_size': 60, 'dropout': 0.3313019310974101, 'hidden_continuous_size': 20, 'attention_head_size': 4, 'learning_rate': 0.013900795539304726}. Best is trial 24 with value: 16.658451080322266.
LOCAL_RANK: 0 - CUDA_VISIBLE_DEVICES: [0]
[I 2023-11-30 12:15:57,341] Trial 40 finished with value: 20.469221115112305 and parameters: {'gradient_clip_val': 0.1096186755793994, 'hidden_size': 50, 'dropout': 0.3798571318450569, 'hidden_continuous_size': 22, 'attention_head_size': 1, 'learning_rate': 0.010877688951608875}. Best is trial 24 with value: 16.658451080322266.
LOCAL_RANK: 0 - CUDA_VISIBLE_DEVICES: [0]
[I 2023-11-30 12:16:10,769] Trial 41 finished with value: 26.313817977905273 and parameters: {'gradient_clip_val': 0.15852063842707678, 'hidden_size': 73, 'dropout': 0.32482395560891536, 'hidden_continuous_size': 27, 'attention_head_size': 2, 'learning_rate': 0.016147276462288678}. Best is trial 24 with value: 16.658451080322266.
LOCAL_RANK: 0 - CUDA_VISIBLE_DEVICES: [0]
[I 2023-11-30 12:16:24,289] Trial 42 finished with value: 19.00416374206543 and parameters: {'gradient_clip_val': 0.15692605765412912, 'hidden_size': 81, 'dropout': 0.35166272521009967, 'hidden_continuous_size': 34, 'attention_head_size': 2, 'learning_rate': 0.012203478139038375}. Best is trial 24 with value: 16.658451080322266.
LOCAL_RANK: 0 - CUDA_VISIBLE_DEVICES: [0]
[I 2023-11-30 12:16:37,693] Trial 43 finished with value: 25.46750831604004 and parameters: {'gradient_clip_val': 0.18310154781418134, 'hidden_size': 84, 'dropout': 0.3998615956820795, 'hidden_continuous_size': 22, 'attention_head_size': 3, 'learning_rate': 0.01912228725225018}. Best is trial 24 with value: 16.658451080322266.
LOCAL_RANK: 0 - CUDA_VISIBLE_DEVICES: [0]
[I 2023-11-30 12:16:50,946] Trial 44 finished with value: 19.91025733947754 and parameters: {'gradient_clip_val': 0.11601706824492271, 'hidden_size': 68, 'dropout': 0.3683938657671889, 'hidden_continuous_size': 23, 'attention_head_size': 2, 'learning_rate': 0.007701631290863267}. Best is trial 24 with value: 16.658451080322266.
LOCAL_RANK: 0 - CUDA_VISIBLE_DEVICES: [0]
[I 2023-11-30 12:17:04,281] Trial 45 finished with value: 19.528444290161133 and parameters: {'gradient_clip_val': 0.10075756946041824, 'hidden_size': 59, 'dropout': 0.3489145139521095, 'hidden_continuous_size': 19, 'attention_head_size': 1, 'learning_rate': 0.01350155451499188}. Best is trial 24 with value: 16.658451080322266.
LOCAL_RANK: 0 - CUDA_VISIBLE_DEVICES: [0]
[I 2023-11-30 12:17:18,066] Trial 46 finished with value: 21.36069679260254 and parameters: {'gradient_clip_val': 0.13774978971713678, 'hidden_size': 102, 'dropout': 0.3232839386820274, 'hidden_continuous_size': 32, 'attention_head_size': 2, 'learning_rate': 0.01008180069272374}. Best is trial 24 with value: 16.658451080322266.
LOCAL_RANK: 0 - CUDA_VISIBLE_DEVICES: [0]
[I 2023-11-30 12:17:31,281] Trial 47 finished with value: 21.45060157775879 and parameters: {'gradient_clip_val': 0.12843417161187812, 'hidden_size': 73, 'dropout': 0.3884497608501119, 'hidden_continuous_size': 26, 'attention_head_size': 1, 'learning_rate': 0.028428556127868248}. Best is trial 24 with value: 16.658451080322266.
LOCAL_RANK: 0 - CUDA_VISIBLE_DEVICES: [0]
[I 2023-11-30 12:17:44,234] Trial 48 finished with value: 18.796669006347656 and parameters: {'gradient_clip_val': 0.20856763556332672, 'hidden_size': 52, 'dropout': 0.2948887261780413, 'hidden_continuous_size': 21, 'attention_head_size': 3, 'learning_rate': 0.01652890564186401}. Best is trial 24 with value: 16.658451080322266.
LOCAL_RANK: 0 - CUDA_VISIBLE_DEVICES: [0]
[I 2023-11-30 12:17:57,931] Trial 49 finished with value: 21.60846519470215 and parameters: {'gradient_clip_val': 0.11622764145400188, 'hidden_size': 88, 'dropout': 0.34003165335014834, 'hidden_continuous_size': 42, 'attention_head_size': 2, 'learning_rate': 0.007993416752684515}. Best is trial 24 with value: 16.658451080322266.
LOCAL_RANK: 0 - CUDA_VISIBLE_DEVICES: [0]
[I 2023-11-30 12:18:10,850] Trial 50 finished with value: 30.21114158630371 and parameters: {'gradient_clip_val': 0.14368630661690285, 'hidden_size': 43, 'dropout': 0.36151280501435024, 'hidden_continuous_size': 28, 'attention_head_size': 1, 'learning_rate': 0.002952086245585389}. Best is trial 24 with value: 16.658451080322266.
LOCAL_RANK: 0 - CUDA_VISIBLE_DEVICES: [0]
[I 2023-11-30 12:18:23,629] Trial 51 finished with value: 18.257978439331055 and parameters: {'gradient_clip_val': 0.12829136948618913, 'hidden_size': 64, 'dropout': 0.348066965325854, 'hidden_continuous_size': 15, 'attention_head_size': 1, 'learning_rate': 0.01215471636057203}. Best is trial 24 with value: 16.658451080322266.
LOCAL_RANK: 0 - CUDA_VISIBLE_DEVICES: [0]
[I 2023-11-30 12:18:36,546] Trial 52 finished with value: 20.00088119506836 and parameters: {'gradient_clip_val': 0.15890259551831185, 'hidden_size': 73, 'dropout': 0.37335853366921523, 'hidden_continuous_size': 13, 'attention_head_size': 1, 'learning_rate': 0.009256958182518607}. Best is trial 24 with value: 16.658451080322266.
LOCAL_RANK: 0 - CUDA_VISIBLE_DEVICES: [0]
[I 2023-11-30 12:18:49,316] Trial 53 finished with value: 20.588947296142578 and parameters: {'gradient_clip_val': 0.13320712680143434, 'hidden_size': 62, 'dropout': 0.3887237476316189, 'hidden_continuous_size': 11, 'attention_head_size': 1, 'learning_rate': 0.0068802997280473415}. Best is trial 24 with value: 16.658451080322266.
LOCAL_RANK: 0 - CUDA_VISIBLE_DEVICES: [0]
[I 2023-11-30 12:19:02,868] Trial 54 finished with value: 22.643346786499023 and parameters: {'gradient_clip_val': 0.11582905965292763, 'hidden_size': 113, 'dropout': 0.35817961263940756, 'hidden_continuous_size': 12, 'attention_head_size': 1, 'learning_rate': 0.022472405791224972}. Best is trial 24 with value: 16.658451080322266.
LOCAL_RANK: 0 - CUDA_VISIBLE_DEVICES: [0]
[I 2023-11-30 12:19:15,957] Trial 55 finished with value: 21.778457641601562 and parameters: {'gradient_clip_val': 0.1512574564625338, 'hidden_size': 54, 'dropout': 0.33751355809938904, 'hidden_continuous_size': 23, 'attention_head_size': 1, 'learning_rate': 0.015039642743698135}. Best is trial 24 with value: 16.658451080322266.
LOCAL_RANK: 0 - CUDA_VISIBLE_DEVICES: [0]
[I 2023-11-30 12:19:29,189] Trial 56 finished with value: 17.484834671020508 and parameters: {'gradient_clip_val': 0.1690653810982069, 'hidden_size': 88, 'dropout': 0.31836711275570967, 'hidden_continuous_size': 31, 'attention_head_size': 2, 'learning_rate': 0.008744161238026836}. Best is trial 24 with value: 16.658451080322266.
LOCAL_RANK: 0 - CUDA_VISIBLE_DEVICES: [0]
[I 2023-11-30 12:19:42,641] Trial 57 finished with value: 17.488948822021484 and parameters: {'gradient_clip_val': 0.18966331160739316, 'hidden_size': 84, 'dropout': 0.32047434343310327, 'hidden_continuous_size': 30, 'attention_head_size': 2, 'learning_rate': 0.012039512858106755}. Best is trial 24 with value: 16.658451080322266.
LOCAL_RANK: 0 - CUDA_VISIBLE_DEVICES: [0]
[I 2023-11-30 12:19:56,348] Trial 58 finished with value: 21.15757179260254 and parameters: {'gradient_clip_val': 0.18900152282624647, 'hidden_size': 92, 'dropout': 0.29555381577315526, 'hidden_continuous_size': 40, 'attention_head_size': 2, 'learning_rate': 0.011547245788851322}. Best is trial 24 with value: 16.658451080322266.
LOCAL_RANK: 0 - CUDA_VISIBLE_DEVICES: [0]
[I 2023-11-30 12:20:09,836] Trial 59 finished with value: 16.175378799438477 and parameters: {'gradient_clip_val': 0.22405710115352273, 'hidden_size': 89, 'dropout': 0.31790376888265504, 'hidden_continuous_size': 31, 'attention_head_size': 2, 'learning_rate': 0.007536965484245882}. Best is trial 59 with value: 16.175378799438477.
LOCAL_RANK: 0 - CUDA_VISIBLE_DEVICES: [0]
[I 2023-11-30 12:20:23,732] Trial 60 finished with value: 19.331619262695312 and parameters: {'gradient_clip_val': 0.21429762971650124, 'hidden_size': 106, 'dropout': 0.3181213013724469, 'hidden_continuous_size': 29, 'attention_head_size': 2, 'learning_rate': 0.009003671659437117}. Best is trial 59 with value: 16.175378799438477.
LOCAL_RANK: 0 - CUDA_VISIBLE_DEVICES: [0]
