[I 2023-11-30 00:22:40,867] Trial 103 finished with value: 0.13907992839813232 and parameters: {'gradient_clip_val': 0.25861161129751015, 'hidden_size': 105, 'dropout': 0.23825982492592684, 'hidden_continuous_size': 38, 'attention_head_size': 3, 'learning_rate': 0.015124197516369904}. Best is trial 96 with value: 0.0893448069691658.
LOCAL_RANK: 0 - CUDA_VISIBLE_DEVICES: [0]
[I 2023-11-30 00:22:54,729] Trial 104 finished with value: 0.1838790625333786 and parameters: {'gradient_clip_val': 0.2795299594762974, 'hidden_size': 100, 'dropout': 0.22811520061165635, 'hidden_continuous_size': 41, 'attention_head_size': 3, 'learning_rate': 0.011796152381361452}. Best is trial 96 with value: 0.0893448069691658.
LOCAL_RANK: 0 - CUDA_VISIBLE_DEVICES: [0]
[I 2023-11-30 00:23:08,721] Trial 105 finished with value: 0.1794716864824295 and parameters: {'gradient_clip_val': 0.3512259485393346, 'hidden_size': 116, 'dropout': 0.24407587117332544, 'hidden_continuous_size': 34, 'attention_head_size': 3, 'learning_rate': 0.01332160866370735}. Best is trial 96 with value: 0.0893448069691658.
LOCAL_RANK: 0 - CUDA_VISIBLE_DEVICES: [0]
[I 2023-11-30 00:23:22,725] Trial 106 finished with value: 0.26610395312309265 and parameters: {'gradient_clip_val': 0.305766392336831, 'hidden_size': 91, 'dropout': 0.25464508269639546, 'hidden_continuous_size': 39, 'attention_head_size': 3, 'learning_rate': 0.01796173985488502}. Best is trial 96 with value: 0.0893448069691658.
LOCAL_RANK: 0 - CUDA_VISIBLE_DEVICES: [0]
[I 2023-11-30 00:23:36,635] Trial 107 finished with value: 0.1612602025270462 and parameters: {'gradient_clip_val': 0.2682949315295008, 'hidden_size': 110, 'dropout': 0.23603122735857962, 'hidden_continuous_size': 31, 'attention_head_size': 3, 'learning_rate': 0.020608222196226197}. Best is trial 96 with value: 0.0893448069691658.
LOCAL_RANK: 0 - CUDA_VISIBLE_DEVICES: [0]
[I 2023-11-30 00:23:50,645] Trial 108 finished with value: 0.18733255565166473 and parameters: {'gradient_clip_val': 0.35541140904545326, 'hidden_size': 124, 'dropout': 0.26374754878629203, 'hidden_continuous_size': 45, 'attention_head_size': 3, 'learning_rate': 0.011114848392017774}. Best is trial 96 with value: 0.0893448069691658.
LOCAL_RANK: 0 - CUDA_VISIBLE_DEVICES: [0]
[I 2023-11-30 00:24:04,243] Trial 109 finished with value: 0.12949809432029724 and parameters: {'gradient_clip_val': 0.29056700946008646, 'hidden_size': 79, 'dropout': 0.22195095378867688, 'hidden_continuous_size': 37, 'attention_head_size': 3, 'learning_rate': 0.0148168567552798}. Best is trial 96 with value: 0.0893448069691658.
LOCAL_RANK: 0 - CUDA_VISIBLE_DEVICES: [0]
[I 2023-11-30 00:24:18,215] Trial 110 finished with value: 0.3843928873538971 and parameters: {'gradient_clip_val': 0.41075355552027154, 'hidden_size': 96, 'dropout': 0.21394788821293748, 'hidden_continuous_size': 49, 'attention_head_size': 3, 'learning_rate': 0.012533549749545082}. Best is trial 96 with value: 0.0893448069691658.
LOCAL_RANK: 0 - CUDA_VISIBLE_DEVICES: [0]
[I 2023-11-30 00:24:32,492] Trial 111 finished with value: 0.21177034080028534 and parameters: {'gradient_clip_val': 0.31791045031963394, 'hidden_size': 138, 'dropout': 0.22938530554163128, 'hidden_continuous_size': 43, 'attention_head_size': 4, 'learning_rate': 0.01133469102923868}. Best is trial 96 with value: 0.0893448069691658.
LOCAL_RANK: 0 - CUDA_VISIBLE_DEVICES: [0]
[I 2023-11-30 00:24:46,525] Trial 112 finished with value: 0.13842284679412842 and parameters: {'gradient_clip_val': 0.3352965673644068, 'hidden_size': 128, 'dropout': 0.20480906442560232, 'hidden_continuous_size': 36, 'attention_head_size': 4, 'learning_rate': 0.013401920714295475}. Best is trial 96 with value: 0.0893448069691658.
LOCAL_RANK: 0 - CUDA_VISIBLE_DEVICES: [0]
[I 2023-11-30 00:25:00,722] Trial 113 finished with value: 0.14608509838581085 and parameters: {'gradient_clip_val': 0.2303769604921493, 'hidden_size': 121, 'dropout': 0.24534217673038464, 'hidden_continuous_size': 50, 'attention_head_size': 3, 'learning_rate': 0.009787516501787092}. Best is trial 96 with value: 0.0893448069691658.
LOCAL_RANK: 0 - CUDA_VISIBLE_DEVICES: [0]
[I 2023-11-30 00:25:14,757] Trial 114 finished with value: 0.16359461843967438 and parameters: {'gradient_clip_val': 0.3037225552835581, 'hidden_size': 113, 'dropout': 0.2185764191169503, 'hidden_continuous_size': 34, 'attention_head_size': 4, 'learning_rate': 0.00996375277592635}. Best is trial 96 with value: 0.0893448069691658.
LOCAL_RANK: 0 - CUDA_VISIBLE_DEVICES: [0]
[I 2023-11-30 00:25:29,171] Trial 115 finished with value: 0.1464688926935196 and parameters: {'gradient_clip_val': 0.375310183662657, 'hidden_size': 142, 'dropout': 0.19755760370878858, 'hidden_continuous_size': 29, 'attention_head_size': 4, 'learning_rate': 0.017476834877631027}. Best is trial 96 with value: 0.0893448069691658.
LOCAL_RANK: 0 - CUDA_VISIBLE_DEVICES: [0]
[I 2023-11-30 00:25:43,125] Trial 116 finished with value: 0.13459284603595734 and parameters: {'gradient_clip_val': 0.32898108209301985, 'hidden_size': 105, 'dropout': 0.2384333193825981, 'hidden_continuous_size': 39, 'attention_head_size': 3, 'learning_rate': 0.009167021491092279}. Best is trial 96 with value: 0.0893448069691658.
LOCAL_RANK: 0 - CUDA_VISIBLE_DEVICES: [0]
[I 2023-11-30 00:25:57,415] Trial 117 finished with value: 0.17450368404388428 and parameters: {'gradient_clip_val': 0.26700943368306473, 'hidden_size': 133, 'dropout': 0.18820483403851615, 'hidden_continuous_size': 47, 'attention_head_size': 4, 'learning_rate': 0.008359512197090356}. Best is trial 96 with value: 0.0893448069691658.
LOCAL_RANK: 0 - CUDA_VISIBLE_DEVICES: [0]
[I 2023-11-30 00:26:11,427] Trial 118 finished with value: 0.142464742064476 and parameters: {'gradient_clip_val': 0.2815516907188949, 'hidden_size': 118, 'dropout': 0.27685442652041525, 'hidden_continuous_size': 41, 'attention_head_size': 3, 'learning_rate': 0.015331433312462572}. Best is trial 96 with value: 0.0893448069691658.
LOCAL_RANK: 0 - CUDA_VISIBLE_DEVICES: [0]
[I 2023-11-30 00:26:25,279] Trial 119 finished with value: 0.20230014622211456 and parameters: {'gradient_clip_val': 0.34490445817850707, 'hidden_size': 86, 'dropout': 0.22776354029670834, 'hidden_continuous_size': 46, 'attention_head_size': 4, 'learning_rate': 0.010666444584906315}. Best is trial 96 with value: 0.0893448069691658.
LOCAL_RANK: 0 - CUDA_VISIBLE_DEVICES: [0]
[I 2023-11-30 00:26:39,334] Trial 120 finished with value: 0.09198970347642899 and parameters: {'gradient_clip_val': 0.4651125785574794, 'hidden_size': 91, 'dropout': 0.17885501290647654, 'hidden_continuous_size': 42, 'attention_head_size': 3, 'learning_rate': 0.02223879457767663}. Best is trial 96 with value: 0.0893448069691658.
LOCAL_RANK: 0 - CUDA_VISIBLE_DEVICES: [0]
[I 2023-11-30 00:26:53,090] Trial 121 finished with value: 0.42034244537353516 and parameters: {'gradient_clip_val': 0.5099895604665352, 'hidden_size': 91, 'dropout': 0.1725879062750733, 'hidden_continuous_size': 44, 'attention_head_size': 3, 'learning_rate': 0.02230681002369454}. Best is trial 96 with value: 0.0893448069691658.
LOCAL_RANK: 0 - CUDA_VISIBLE_DEVICES: [0]
[I 2023-11-30 00:27:06,984] Trial 122 finished with value: 0.16225630044937134 and parameters: {'gradient_clip_val': 0.4666303634961062, 'hidden_size': 99, 'dropout': 0.18104965075747104, 'hidden_continuous_size': 41, 'attention_head_size': 3, 'learning_rate': 0.01243833073136153}. Best is trial 96 with value: 0.0893448069691658.
LOCAL_RANK: 0 - CUDA_VISIBLE_DEVICES: [0]
[I 2023-11-30 00:27:20,841] Trial 123 finished with value: 0.2895486652851105 and parameters: {'gradient_clip_val': 0.39640449555794993, 'hidden_size': 108, 'dropout': 0.16845643148874434, 'hidden_continuous_size': 38, 'attention_head_size': 3, 'learning_rate': 0.01993746428653057}. Best is trial 96 with value: 0.0893448069691658.
LOCAL_RANK: 0 - CUDA_VISIBLE_DEVICES: [0]
[I 2023-11-30 00:27:34,416] Trial 124 finished with value: 0.11175134032964706 and parameters: {'gradient_clip_val': 0.4302620268277243, 'hidden_size': 75, 'dropout': 0.19235231625144178, 'hidden_continuous_size': 42, 'attention_head_size': 3, 'learning_rate': 0.025330000787231775}. Best is trial 96 with value: 0.0893448069691658.
LOCAL_RANK: 0 - CUDA_VISIBLE_DEVICES: [0]
[I 2023-11-30 00:27:48,153] Trial 125 finished with value: 0.12067890912294388 and parameters: {'gradient_clip_val': 0.43332902014806174, 'hidden_size': 77, 'dropout': 0.20286511431411602, 'hidden_continuous_size': 42, 'attention_head_size': 3, 'learning_rate': 0.027511893401445383}. Best is trial 96 with value: 0.0893448069691658.
LOCAL_RANK: 0 - CUDA_VISIBLE_DEVICES: [0]
[I 2023-11-30 00:28:01,810] Trial 126 finished with value: 0.2986355125904083 and parameters: {'gradient_clip_val': 0.4639196922824283, 'hidden_size': 84, 'dropout': 0.21569376809299, 'hidden_continuous_size': 44, 'attention_head_size': 3, 'learning_rate': 0.02348223397739456}. Best is trial 96 with value: 0.0893448069691658.
LOCAL_RANK: 0 - CUDA_VISIBLE_DEVICES: [0]
[I 2023-11-30 00:28:15,527] Trial 127 finished with value: 0.09423884749412537 and parameters: {'gradient_clip_val': 0.5273195857353526, 'hidden_size': 81, 'dropout': 0.19417398022831384, 'hidden_continuous_size': 39, 'attention_head_size': 3, 'learning_rate': 0.024532959877195892}. Best is trial 96 with value: 0.0893448069691658.
LOCAL_RANK: 0 - CUDA_VISIBLE_DEVICES: [0]
[I 2023-11-30 00:28:29,081] Trial 128 finished with value: 0.36204496026039124 and parameters: {'gradient_clip_val': 0.5206940451942124, 'hidden_size': 71, 'dropout': 0.1813347605491092, 'hidden_continuous_size': 39, 'attention_head_size': 3, 'learning_rate': 0.02563765703382545}. Best is trial 96 with value: 0.0893448069691658.
LOCAL_RANK: 0 - CUDA_VISIBLE_DEVICES: [0]
[I 2023-11-30 00:28:42,843] Trial 129 finished with value: 0.20990169048309326 and parameters: {'gradient_clip_val': 0.5616884878970424, 'hidden_size': 89, 'dropout': 0.19449939337771444, 'hidden_continuous_size': 36, 'attention_head_size': 3, 'learning_rate': 0.030528751690910468}. Best is trial 96 with value: 0.0893448069691658.
LOCAL_RANK: 0 - CUDA_VISIBLE_DEVICES: [0]
[I 2023-11-30 00:28:56,319] Trial 130 finished with value: 0.15710915625095367 and parameters: {'gradient_clip_val': 0.47576238759072725, 'hidden_size': 81, 'dropout': 0.17727177977816774, 'hidden_continuous_size': 35, 'attention_head_size': 3, 'learning_rate': 0.028174699801649435}. Best is trial 96 with value: 0.0893448069691658.
LOCAL_RANK: 0 - CUDA_VISIBLE_DEVICES: [0]
[I 2023-11-30 00:29:10,158] Trial 131 finished with value: 0.10784822702407837 and parameters: {'gradient_clip_val': 0.4126350451003693, 'hidden_size': 71, 'dropout': 0.2097071736643819, 'hidden_continuous_size': 40, 'attention_head_size': 3, 'learning_rate': 0.021083660184442878}. Best is trial 96 with value: 0.0893448069691658.
LOCAL_RANK: 0 - CUDA_VISIBLE_DEVICES: [0]
[I 2023-11-30 00:29:23,844] Trial 132 finished with value: 0.14515669643878937 and parameters: {'gradient_clip_val': 0.4223507841041322, 'hidden_size': 73, 'dropout': 0.1913197879584972, 'hidden_continuous_size': 40, 'attention_head_size': 3, 'learning_rate': 0.024836446488897754}. Best is trial 96 with value: 0.0893448069691658.
LOCAL_RANK: 0 - CUDA_VISIBLE_DEVICES: [0]
[I 2023-11-30 00:29:37,456] Trial 133 finished with value: 0.15451012551784515 and parameters: {'gradient_clip_val': 0.4909521375311396, 'hidden_size': 69, 'dropout': 0.20733698839022724, 'hidden_continuous_size': 42, 'attention_head_size': 3, 'learning_rate': 0.021300349347404712}. Best is trial 96 with value: 0.0893448069691658.
LOCAL_RANK: 0 - CUDA_VISIBLE_DEVICES: [0]
[I 2023-11-30 00:29:50,935] Trial 134 finished with value: 0.12104860693216324 and parameters: {'gradient_clip_val': 0.4520572117438839, 'hidden_size': 75, 'dropout': 0.19904899893200403, 'hidden_continuous_size': 37, 'attention_head_size': 3, 'learning_rate': 0.018551660446099776}. Best is trial 96 with value: 0.0893448069691658.
LOCAL_RANK: 0 - CUDA_VISIBLE_DEVICES: [0]
[I 2023-11-30 00:30:04,331] Trial 135 finished with value: 0.12362392991781235 and parameters: {'gradient_clip_val': 0.38647308019713894, 'hidden_size': 69, 'dropout': 0.21110165655316807, 'hidden_continuous_size': 39, 'attention_head_size': 3, 'learning_rate': 0.017154372015560037}. Best is trial 96 with value: 0.0893448069691658.
LOCAL_RANK: 0 - CUDA_VISIBLE_DEVICES: [0]
[I 2023-11-30 00:30:18,093] Trial 136 finished with value: 0.16319634020328522 and parameters: {'gradient_clip_val': 0.5048073237049211, 'hidden_size': 62, 'dropout': 0.22390471439291917, 'hidden_continuous_size': 41, 'attention_head_size': 3, 'learning_rate': 0.022780649245335502}. Best is trial 96 with value: 0.0893448069691658.
LOCAL_RANK: 0 - CUDA_VISIBLE_DEVICES: [0]
[I 2023-11-30 00:30:31,896] Trial 137 finished with value: 0.3936615288257599 and parameters: {'gradient_clip_val': 0.4107022687436487, 'hidden_size': 93, 'dropout': 0.25272459964945887, 'hidden_continuous_size': 33, 'attention_head_size': 3, 'learning_rate': 0.03397974599411938}. Best is trial 96 with value: 0.0893448069691658.
LOCAL_RANK: 0 - CUDA_VISIBLE_DEVICES: [0]
[I 2023-11-30 00:30:45,294] Trial 138 finished with value: 0.1505707949399948 and parameters: {'gradient_clip_val': 0.541025068876584, 'hidden_size': 81, 'dropout': 0.23321758689595176, 'hidden_continuous_size': 37, 'attention_head_size': 1, 'learning_rate': 0.014086788369524351}. Best is trial 96 with value: 0.0893448069691658.
LOCAL_RANK: 0 - CUDA_VISIBLE_DEVICES: [0]
[I 2023-11-30 00:30:58,914] Trial 139 finished with value: 0.23694665729999542 and parameters: {'gradient_clip_val': 0.36149159318100477, 'hidden_size': 74, 'dropout': 0.18524498608019174, 'hidden_continuous_size': 45, 'attention_head_size': 3, 'learning_rate': 0.01977159159688608}. Best is trial 96 with value: 0.0893448069691658.
LOCAL_RANK: 0 - CUDA_VISIBLE_DEVICES: [0]
[I 2023-11-30 00:31:12,594] Trial 140 finished with value: 0.10444376617670059 and parameters: {'gradient_clip_val': 0.42791904154700383, 'hidden_size': 88, 'dropout': 0.20672718892136982, 'hidden_continuous_size': 48, 'attention_head_size': 3, 'learning_rate': 0.01652174875359562}. Best is trial 96 with value: 0.0893448069691658.
LOCAL_RANK: 0 - CUDA_VISIBLE_DEVICES: [0]
[I 2023-11-30 00:31:26,406] Trial 141 finished with value: 0.12560956180095673 and parameters: {'gradient_clip_val': 0.4429558974579719, 'hidden_size': 88, 'dropout': 0.202323172504622, 'hidden_continuous_size': 47, 'attention_head_size': 3, 'learning_rate': 0.016473770634031215}. Best is trial 96 with value: 0.0893448069691658.
LOCAL_RANK: 0 - CUDA_VISIBLE_DEVICES: [0]
[I 2023-11-30 00:31:40,277] Trial 142 finished with value: 0.11898148059844971 and parameters: {'gradient_clip_val': 0.4230098336562137, 'hidden_size': 99, 'dropout': 0.21203725948009183, 'hidden_continuous_size': 49, 'attention_head_size': 3, 'learning_rate': 0.02655299012650911}. Best is trial 96 with value: 0.0893448069691658.
LOCAL_RANK: 0 - CUDA_VISIBLE_DEVICES: [0]
[I 2023-11-30 00:31:53,912] Trial 143 finished with value: 0.12349645048379898 and parameters: {'gradient_clip_val': 0.3798637861526732, 'hidden_size': 84, 'dropout': 0.22236663378047883, 'hidden_continuous_size': 44, 'attention_head_size': 3, 'learning_rate': 0.01496555780462131}. Best is trial 96 with value: 0.0893448069691658.
LOCAL_RANK: 0 - CUDA_VISIBLE_DEVICES: [0]
[I 2023-11-30 00:32:07,624] Trial 144 finished with value: 0.261829674243927 and parameters: {'gradient_clip_val': 0.49327869515785727, 'hidden_size': 79, 'dropout': 0.1928013170630217, 'hidden_continuous_size': 42, 'attention_head_size': 3, 'learning_rate': 0.02180597780290031}. Best is trial 96 with value: 0.0893448069691658.
LOCAL_RANK: 0 - CUDA_VISIBLE_DEVICES: [0]
[I 2023-11-30 00:32:21,314] Trial 145 finished with value: 0.2046297937631607 and parameters: {'gradient_clip_val': 0.39952867751690535, 'hidden_size': 93, 'dropout': 0.24120047748959444, 'hidden_continuous_size': 35, 'attention_head_size': 3, 'learning_rate': 0.018633416812759474}. Best is trial 96 with value: 0.0893448069691658.
LOCAL_RANK: 0 - CUDA_VISIBLE_DEVICES: [0]
[I 2023-11-30 00:32:35,117] Trial 146 finished with value: 0.165005624294281 and parameters: {'gradient_clip_val': 0.4654838663629228, 'hidden_size': 67, 'dropout': 0.21768945381273302, 'hidden_continuous_size': 40, 'attention_head_size': 3, 'learning_rate': 0.011915215584817366}. Best is trial 96 with value: 0.0893448069691658.
LOCAL_RANK: 0 - CUDA_VISIBLE_DEVICES: [0]
[I 2023-11-30 00:32:48,844] Trial 147 finished with value: 0.2670455276966095 and parameters: {'gradient_clip_val': 0.523642294492413, 'hidden_size': 102, 'dropout': 0.20513640122419222, 'hidden_continuous_size': 32, 'attention_head_size': 3, 'learning_rate': 0.02447460530618129}. Best is trial 96 with value: 0.0893448069691658.
LOCAL_RANK: 0 - CUDA_VISIBLE_DEVICES: [0]
[I 2023-11-30 00:33:02,741] Trial 148 finished with value: 0.11443241685628891 and parameters: {'gradient_clip_val': 0.3685763312253098, 'hidden_size': 112, 'dropout': 0.23176938328037808, 'hidden_continuous_size': 52, 'attention_head_size': 2, 'learning_rate': 0.01591583718555928}. Best is trial 96 with value: 0.0893448069691658.
LOCAL_RANK: 0 - CUDA_VISIBLE_DEVICES: [0]
[I 2023-11-30 00:33:16,702] Trial 149 finished with value: 0.20674972236156464 and parameters: {'gradient_clip_val': 0.36458446477770257, 'hidden_size': 111, 'dropout': 0.2295963318812048, 'hidden_continuous_size': 53, 'attention_head_size': 2, 'learning_rate': 0.016498832509940466}. Best is trial 96 with value: 0.0893448069691658.
[I 2023-11-30 00:33:16,813] A new study created in memory with name: no-name-f5920851-6590-4550-ab30-ec66e2f0facd
/home/le004/conda/anaconda3/envs/tsff_env/lib/python3.9/site-packages/lightning/fabric/plugins/environments/slurm.py:191: The `srun` command is available on your system but is not used. HINT: If your intention is to run Lightning on SLURM, prepend your python command with `srun` like so: srun python /home/le004/master_thesis/git/TSFusionForecast/code/ ...
LOCAL_RANK: 0 - CUDA_VISIBLE_DEVICES: [0]
[I 2023-11-30 00:33:30,971] Trial 0 finished with value: 0.1527533382177353 and parameters: {'gradient_clip_val': 0.42105564673974283, 'hidden_size': 134, 'dropout': 0.15180716312354423, 'hidden_continuous_size': 42, 'attention_head_size': 3, 'learning_rate': 0.07413418654462538}. Best is trial 0 with value: 0.1527533382177353.
LOCAL_RANK: 0 - CUDA_VISIBLE_DEVICES: [0]
[I 2023-11-30 00:33:44,570] Trial 1 finished with value: 0.19434165954589844 and parameters: {'gradient_clip_val': 0.2644538074094573, 'hidden_size': 67, 'dropout': 0.11998642457871264, 'hidden_continuous_size': 49, 'attention_head_size': 2, 'learning_rate': 0.007010403130635982}. Best is trial 0 with value: 0.1527533382177353.
LOCAL_RANK: 0 - CUDA_VISIBLE_DEVICES: [0]
[I 2023-11-30 00:33:57,479] Trial 2 finished with value: 0.46050748229026794 and parameters: {'gradient_clip_val': 0.12197688312309404, 'hidden_size': 68, 'dropout': 0.36234619328441864, 'hidden_continuous_size': 14, 'attention_head_size': 2, 'learning_rate': 0.005500323851468014}. Best is trial 0 with value: 0.1527533382177353.
LOCAL_RANK: 0 - CUDA_VISIBLE_DEVICES: [0]
[I 2023-11-30 00:34:09,718] Trial 3 finished with value: 0.43060699105262756 and parameters: {'gradient_clip_val': 0.16540060845809654, 'hidden_size': 19, 'dropout': 0.35837646516415766, 'hidden_continuous_size': 14, 'attention_head_size': 4, 'learning_rate': 0.025055374318548783}. Best is trial 0 with value: 0.1527533382177353.
LOCAL_RANK: 0 - CUDA_VISIBLE_DEVICES: [0]
[I 2023-11-30 00:34:23,321] Trial 4 finished with value: 0.3989954888820648 and parameters: {'gradient_clip_val': 0.16658053232122844, 'hidden_size': 81, 'dropout': 0.3713467803387659, 'hidden_continuous_size': 40, 'attention_head_size': 3, 'learning_rate': 0.002773905878568323}. Best is trial 0 with value: 0.1527533382177353.
LOCAL_RANK: 0 - CUDA_VISIBLE_DEVICES: [0]
[I 2023-11-30 00:34:37,316] Trial 5 finished with value: 0.22457212209701538 and parameters: {'gradient_clip_val': 0.10442176400529915, 'hidden_size': 128, 'dropout': 0.2172990888416247, 'hidden_continuous_size': 61, 'attention_head_size': 1, 'learning_rate': 0.09355310955395009}. Best is trial 0 with value: 0.1527533382177353.
LOCAL_RANK: 0 - CUDA_VISIBLE_DEVICES: [0]
[I 2023-11-30 00:34:49,758] Trial 6 finished with value: 2.11167573928833 and parameters: {'gradient_clip_val': 0.36992012521237216, 'hidden_size': 18, 'dropout': 0.15442056774701723, 'hidden_continuous_size': 11, 'attention_head_size': 4, 'learning_rate': 0.0024822616002797095}. Best is trial 0 with value: 0.1527533382177353.
LOCAL_RANK: 0 - CUDA_VISIBLE_DEVICES: [0]
[I 2023-11-30 00:35:03,286] Trial 7 finished with value: 1.214530110359192 and parameters: {'gradient_clip_val': 0.17537021820855295, 'hidden_size': 59, 'dropout': 0.19369977444389086, 'hidden_continuous_size': 50, 'attention_head_size': 3, 'learning_rate': 0.0013317009100295046}. Best is trial 0 with value: 0.1527533382177353.
LOCAL_RANK: 0 - CUDA_VISIBLE_DEVICES: [0]
[I 2023-11-30 00:35:17,403] Trial 8 finished with value: 0.24706749618053436 and parameters: {'gradient_clip_val': 0.27957760343276494, 'hidden_size': 83, 'dropout': 0.2592168938296696, 'hidden_continuous_size': 82, 'attention_head_size': 2, 'learning_rate': 0.004784279285565154}. Best is trial 0 with value: 0.1527533382177353.
LOCAL_RANK: 0 - CUDA_VISIBLE_DEVICES: [0]
[I 2023-11-30 00:35:29,335] Trial 9 finished with value: 2.062516927719116 and parameters: {'gradient_clip_val': 0.7352089352289429, 'hidden_size': 12, 'dropout': 0.3366920868378255, 'hidden_continuous_size': 10, 'attention_head_size': 4, 'learning_rate': 0.003792099703472149}. Best is trial 0 with value: 0.1527533382177353.
LOCAL_RANK: 0 - CUDA_VISIBLE_DEVICES: [0]
