[I 2023-11-30 09:05:37,951] Trial 88 finished with value: 42.79909133911133 and parameters: {'gradient_clip_val': 0.11290474977712284, 'hidden_size': 31, 'dropout': 0.2195939435985654, 'hidden_continuous_size': 15, 'attention_head_size': 3, 'learning_rate': 0.02706332201890765}. Best is trial 1 with value: 39.061798095703125.
LOCAL_RANK: 0 - CUDA_VISIBLE_DEVICES: [0]
[I 2023-11-30 09:05:51,193] Trial 89 finished with value: 44.88713455200195 and parameters: {'gradient_clip_val': 0.15368405604348645, 'hidden_size': 76, 'dropout': 0.16525772892970908, 'hidden_continuous_size': 16, 'attention_head_size': 2, 'learning_rate': 0.02273595102216708}. Best is trial 1 with value: 39.061798095703125.
LOCAL_RANK: 0 - CUDA_VISIBLE_DEVICES: [0]
[I 2023-11-30 09:06:04,107] Trial 90 finished with value: 42.05309295654297 and parameters: {'gradient_clip_val': 0.21927172788589125, 'hidden_size': 41, 'dropout': 0.20101035133226536, 'hidden_continuous_size': 22, 'attention_head_size': 4, 'learning_rate': 0.031867961245845726}. Best is trial 1 with value: 39.061798095703125.
LOCAL_RANK: 0 - CUDA_VISIBLE_DEVICES: [0]
[I 2023-11-30 09:06:16,606] Trial 91 finished with value: 43.37311935424805 and parameters: {'gradient_clip_val': 0.1315409891710859, 'hidden_size': 33, 'dropout': 0.2133651677194655, 'hidden_continuous_size': 12, 'attention_head_size': 2, 'learning_rate': 0.02925107024298004}. Best is trial 1 with value: 39.061798095703125.
LOCAL_RANK: 0 - CUDA_VISIBLE_DEVICES: [0]
[I 2023-11-30 09:06:28,799] Trial 92 finished with value: 44.03727722167969 and parameters: {'gradient_clip_val': 0.12012643469490586, 'hidden_size': 28, 'dropout': 0.19223623150246433, 'hidden_continuous_size': 12, 'attention_head_size': 2, 'learning_rate': 0.024812325030753247}. Best is trial 1 with value: 39.061798095703125.
LOCAL_RANK: 0 - CUDA_VISIBLE_DEVICES: [0]
[I 2023-11-30 09:06:41,240] Trial 93 finished with value: 45.96651840209961 and parameters: {'gradient_clip_val': 0.18306845179501777, 'hidden_size': 31, 'dropout': 0.1906239899440802, 'hidden_continuous_size': 13, 'attention_head_size': 2, 'learning_rate': 0.03950256830162107}. Best is trial 1 with value: 39.061798095703125.
LOCAL_RANK: 0 - CUDA_VISIBLE_DEVICES: [0]
[I 2023-11-30 09:06:53,720] Trial 94 finished with value: 44.60624313354492 and parameters: {'gradient_clip_val': 0.14330819609490364, 'hidden_size': 37, 'dropout': 0.17699560486288962, 'hidden_continuous_size': 14, 'attention_head_size': 2, 'learning_rate': 0.01418250714155789}. Best is trial 1 with value: 39.061798095703125.
LOCAL_RANK: 0 - CUDA_VISIBLE_DEVICES: [0]
[I 2023-11-30 09:07:06,299] Trial 95 finished with value: 47.51582336425781 and parameters: {'gradient_clip_val': 0.13053375080730448, 'hidden_size': 35, 'dropout': 0.19605102510150496, 'hidden_continuous_size': 17, 'attention_head_size': 2, 'learning_rate': 0.0338638775042267}. Best is trial 1 with value: 39.061798095703125.
LOCAL_RANK: 0 - CUDA_VISIBLE_DEVICES: [0]
[I 2023-11-30 09:07:19,678] Trial 96 finished with value: 43.50568771362305 and parameters: {'gradient_clip_val': 0.16464685670675994, 'hidden_size': 67, 'dropout': 0.22517040746142059, 'hidden_continuous_size': 28, 'attention_head_size': 2, 'learning_rate': 0.021677652726532177}. Best is trial 1 with value: 39.061798095703125.
LOCAL_RANK: 0 - CUDA_VISIBLE_DEVICES: [0]
[I 2023-11-30 09:07:32,433] Trial 97 finished with value: 43.818721771240234 and parameters: {'gradient_clip_val': 0.19357005353959533, 'hidden_size': 39, 'dropout': 0.2367375124234703, 'hidden_continuous_size': 11, 'attention_head_size': 2, 'learning_rate': 0.019405691968355458}. Best is trial 1 with value: 39.061798095703125.
LOCAL_RANK: 0 - CUDA_VISIBLE_DEVICES: [0]
[I 2023-11-30 09:07:44,707] Trial 98 finished with value: 45.9918098449707 and parameters: {'gradient_clip_val': 0.20784419554467676, 'hidden_size': 29, 'dropout': 0.2034643613670021, 'hidden_continuous_size': 12, 'attention_head_size': 2, 'learning_rate': 0.015867052750542933}. Best is trial 1 with value: 39.061798095703125.
LOCAL_RANK: 0 - CUDA_VISIBLE_DEVICES: [0]
[I 2023-11-30 09:07:56,660] Trial 99 finished with value: 41.812705993652344 and parameters: {'gradient_clip_val': 0.10534309629200612, 'hidden_size': 24, 'dropout': 0.2122605007477833, 'hidden_continuous_size': 13, 'attention_head_size': 1, 'learning_rate': 0.02654325820018293}. Best is trial 1 with value: 39.061798095703125.
LOCAL_RANK: 0 - CUDA_VISIBLE_DEVICES: [0]
[I 2023-11-30 09:08:09,852] Trial 100 finished with value: 38.69390869140625 and parameters: {'gradient_clip_val': 0.23485979972848406, 'hidden_size': 84, 'dropout': 0.18453422251707746, 'hidden_continuous_size': 10, 'attention_head_size': 2, 'learning_rate': 0.017127538504153}. Best is trial 100 with value: 38.69390869140625.
LOCAL_RANK: 0 - CUDA_VISIBLE_DEVICES: [0]
[I 2023-11-30 09:08:23,201] Trial 101 finished with value: 39.46109390258789 and parameters: {'gradient_clip_val': 0.23240312404545274, 'hidden_size': 85, 'dropout': 0.1839865057328927, 'hidden_continuous_size': 10, 'attention_head_size': 2, 'learning_rate': 0.016653926489393685}. Best is trial 100 with value: 38.69390869140625.
LOCAL_RANK: 0 - CUDA_VISIBLE_DEVICES: [0]
[I 2023-11-30 09:08:36,579] Trial 102 finished with value: 46.37055587768555 and parameters: {'gradient_clip_val': 0.226279689430135, 'hidden_size': 98, 'dropout': 0.17816729177773497, 'hidden_continuous_size': 10, 'attention_head_size': 2, 'learning_rate': 0.01734745488122819}. Best is trial 100 with value: 38.69390869140625.
LOCAL_RANK: 0 - CUDA_VISIBLE_DEVICES: [0]
[I 2023-11-30 09:08:49,791] Trial 103 finished with value: 42.09965896606445 and parameters: {'gradient_clip_val': 0.2515654353343886, 'hidden_size': 83, 'dropout': 0.17101119590357597, 'hidden_continuous_size': 10, 'attention_head_size': 2, 'learning_rate': 0.020231894756507496}. Best is trial 100 with value: 38.69390869140625.
LOCAL_RANK: 0 - CUDA_VISIBLE_DEVICES: [0]
[I 2023-11-30 09:09:02,863] Trial 104 finished with value: 49.42497634887695 and parameters: {'gradient_clip_val': 0.21361013006059232, 'hidden_size': 85, 'dropout': 0.1839159714395391, 'hidden_continuous_size': 10, 'attention_head_size': 2, 'learning_rate': 0.023343129575675012}. Best is trial 100 with value: 38.69390869140625.
LOCAL_RANK: 0 - CUDA_VISIBLE_DEVICES: [0]
[I 2023-11-30 09:09:16,065] Trial 105 finished with value: 43.400386810302734 and parameters: {'gradient_clip_val': 0.23554828293749083, 'hidden_size': 79, 'dropout': 0.20409611705261227, 'hidden_continuous_size': 11, 'attention_head_size': 2, 'learning_rate': 0.013873973386246583}. Best is trial 100 with value: 38.69390869140625.
LOCAL_RANK: 0 - CUDA_VISIBLE_DEVICES: [0]
[I 2023-11-30 09:09:29,554] Trial 106 finished with value: 39.430301666259766 and parameters: {'gradient_clip_val': 0.2358512991929601, 'hidden_size': 93, 'dropout': 0.1866189933735554, 'hidden_continuous_size': 11, 'attention_head_size': 2, 'learning_rate': 0.016773054202868027}. Best is trial 100 with value: 38.69390869140625.
LOCAL_RANK: 0 - CUDA_VISIBLE_DEVICES: [0]
[I 2023-11-30 09:09:42,728] Trial 107 finished with value: 45.14784622192383 and parameters: {'gradient_clip_val': 0.2014920325267067, 'hidden_size': 95, 'dropout': 0.18816229420561328, 'hidden_continuous_size': 10, 'attention_head_size': 2, 'learning_rate': 0.0170705012342425}. Best is trial 100 with value: 38.69390869140625.
LOCAL_RANK: 0 - CUDA_VISIBLE_DEVICES: [0]
[I 2023-11-30 09:09:56,025] Trial 108 finished with value: 38.79690170288086 and parameters: {'gradient_clip_val': 0.23428683141576373, 'hidden_size': 91, 'dropout': 0.1968674525996605, 'hidden_continuous_size': 11, 'attention_head_size': 2, 'learning_rate': 0.013050577149494716}. Best is trial 100 with value: 38.69390869140625.
LOCAL_RANK: 0 - CUDA_VISIBLE_DEVICES: [0]
[I 2023-11-30 09:10:09,315] Trial 109 finished with value: 43.695011138916016 and parameters: {'gradient_clip_val': 0.2489551886619539, 'hidden_size': 100, 'dropout': 0.18388197727721628, 'hidden_continuous_size': 11, 'attention_head_size': 2, 'learning_rate': 0.01469570697357569}. Best is trial 100 with value: 38.69390869140625.
LOCAL_RANK: 0 - CUDA_VISIBLE_DEVICES: [0]
[I 2023-11-30 09:10:22,653] Trial 110 finished with value: 40.837223052978516 and parameters: {'gradient_clip_val': 0.23447165596280478, 'hidden_size': 89, 'dropout': 0.1590130928682229, 'hidden_continuous_size': 11, 'attention_head_size': 2, 'learning_rate': 0.012763694661001785}. Best is trial 100 with value: 38.69390869140625.
LOCAL_RANK: 0 - CUDA_VISIBLE_DEVICES: [0]
[I 2023-11-30 09:10:36,286] Trial 111 finished with value: 39.63465881347656 and parameters: {'gradient_clip_val': 0.21835932678010078, 'hidden_size': 86, 'dropout': 0.19612664141066827, 'hidden_continuous_size': 32, 'attention_head_size': 2, 'learning_rate': 0.015359691514013575}. Best is trial 100 with value: 38.69390869140625.
LOCAL_RANK: 0 - CUDA_VISIBLE_DEVICES: [0]
[I 2023-11-30 09:10:49,717] Trial 112 finished with value: 39.977874755859375 and parameters: {'gradient_clip_val': 0.26479194555953034, 'hidden_size': 85, 'dropout': 0.19712348700917248, 'hidden_continuous_size': 32, 'attention_head_size': 2, 'learning_rate': 0.012461377088102642}. Best is trial 100 with value: 38.69390869140625.
LOCAL_RANK: 0 - CUDA_VISIBLE_DEVICES: [0]
[I 2023-11-30 09:11:03,284] Trial 113 finished with value: 39.08652114868164 and parameters: {'gradient_clip_val': 0.2674612503518785, 'hidden_size': 90, 'dropout': 0.19768336107327963, 'hidden_continuous_size': 31, 'attention_head_size': 2, 'learning_rate': 0.00957622852626595}. Best is trial 100 with value: 38.69390869140625.
LOCAL_RANK: 0 - CUDA_VISIBLE_DEVICES: [0]
[I 2023-11-30 09:11:16,692] Trial 114 finished with value: 46.93916702270508 and parameters: {'gradient_clip_val': 0.26258885890322176, 'hidden_size': 88, 'dropout': 0.1946570633889463, 'hidden_continuous_size': 30, 'attention_head_size': 2, 'learning_rate': 0.012658849349472612}. Best is trial 100 with value: 38.69390869140625.
LOCAL_RANK: 0 - CUDA_VISIBLE_DEVICES: [0]
[I 2023-11-30 09:11:30,270] Trial 115 finished with value: 41.28627014160156 and parameters: {'gradient_clip_val': 0.27533021737361907, 'hidden_size': 81, 'dropout': 0.1974875354448168, 'hidden_continuous_size': 33, 'attention_head_size': 2, 'learning_rate': 0.009129189811959352}. Best is trial 100 with value: 38.69390869140625.
LOCAL_RANK: 0 - CUDA_VISIBLE_DEVICES: [0]
[I 2023-11-30 09:11:44,003] Trial 116 finished with value: 47.83241653442383 and parameters: {'gradient_clip_val': 0.24059045811894536, 'hidden_size': 104, 'dropout': 0.17487764467006356, 'hidden_continuous_size': 36, 'attention_head_size': 2, 'learning_rate': 0.010804795737124312}. Best is trial 100 with value: 38.69390869140625.
LOCAL_RANK: 0 - CUDA_VISIBLE_DEVICES: [0]
[I 2023-11-30 09:11:57,668] Trial 117 finished with value: 42.6875114440918 and parameters: {'gradient_clip_val': 0.23100417369178178, 'hidden_size': 93, 'dropout': 0.16745370674320947, 'hidden_continuous_size': 25, 'attention_head_size': 2, 'learning_rate': 0.01158965989051524}. Best is trial 100 with value: 38.69390869140625.
LOCAL_RANK: 0 - CUDA_VISIBLE_DEVICES: [0]
[I 2023-11-30 09:12:11,016] Trial 118 finished with value: 43.438140869140625 and parameters: {'gradient_clip_val': 0.2218519304919908, 'hidden_size': 85, 'dropout': 0.1812923502550604, 'hidden_continuous_size': 32, 'attention_head_size': 2, 'learning_rate': 0.009825040707576794}. Best is trial 100 with value: 38.69390869140625.
LOCAL_RANK: 0 - CUDA_VISIBLE_DEVICES: [0]
[I 2023-11-30 09:12:24,677] Trial 119 finished with value: 40.557342529296875 and parameters: {'gradient_clip_val': 0.2936012668990193, 'hidden_size': 112, 'dropout': 0.2105076133440673, 'hidden_continuous_size': 27, 'attention_head_size': 2, 'learning_rate': 0.008192647369174272}. Best is trial 100 with value: 38.69390869140625.
LOCAL_RANK: 0 - CUDA_VISIBLE_DEVICES: [0]
[I 2023-11-30 09:12:38,133] Trial 120 finished with value: 43.90913391113281 and parameters: {'gradient_clip_val': 0.2526434897986107, 'hidden_size': 93, 'dropout': 0.18686346846041108, 'hidden_continuous_size': 31, 'attention_head_size': 2, 'learning_rate': 0.015644215403202114}. Best is trial 100 with value: 38.69390869140625.
LOCAL_RANK: 0 - CUDA_VISIBLE_DEVICES: [0]
[I 2023-11-30 09:12:51,919] Trial 121 finished with value: 43.0853271484375 and parameters: {'gradient_clip_val': 0.21408446099780618, 'hidden_size': 102, 'dropout': 0.1991425672694252, 'hidden_continuous_size': 36, 'attention_head_size': 2, 'learning_rate': 0.013668536015233672}. Best is trial 100 with value: 38.69390869140625.
LOCAL_RANK: 0 - CUDA_VISIBLE_DEVICES: [0]
[I 2023-11-30 09:13:05,804] Trial 122 finished with value: 43.30649948120117 and parameters: {'gradient_clip_val': 0.2429806786694084, 'hidden_size': 96, 'dropout': 0.19105368876452594, 'hidden_continuous_size': 36, 'attention_head_size': 2, 'learning_rate': 0.018706273859308332}. Best is trial 100 with value: 38.69390869140625.
LOCAL_RANK: 0 - CUDA_VISIBLE_DEVICES: [0]
[I 2023-11-30 09:13:19,299] Trial 123 finished with value: 46.07911682128906 and parameters: {'gradient_clip_val': 0.22534299052707565, 'hidden_size': 87, 'dropout': 0.173844322176895, 'hidden_continuous_size': 29, 'attention_head_size': 2, 'learning_rate': 0.016284177411368873}. Best is trial 100 with value: 38.69390869140625.
LOCAL_RANK: 0 - CUDA_VISIBLE_DEVICES: [0]
[I 2023-11-30 09:13:32,619] Trial 124 finished with value: 43.40842819213867 and parameters: {'gradient_clip_val': 0.2631609690070537, 'hidden_size': 72, 'dropout': 0.282457805349838, 'hidden_continuous_size': 29, 'attention_head_size': 2, 'learning_rate': 0.01474674010507805}. Best is trial 100 with value: 38.69390869140625.
LOCAL_RANK: 0 - CUDA_VISIBLE_DEVICES: [0]
[I 2023-11-30 09:13:46,270] Trial 125 finished with value: 45.27540588378906 and parameters: {'gradient_clip_val': 0.190201339603004, 'hidden_size': 77, 'dropout': 0.18081719144947286, 'hidden_continuous_size': 41, 'attention_head_size': 2, 'learning_rate': 0.011804479493890704}. Best is trial 100 with value: 38.69390869140625.
LOCAL_RANK: 0 - CUDA_VISIBLE_DEVICES: [0]
[I 2023-11-30 09:13:59,755] Trial 126 finished with value: 42.19990158081055 and parameters: {'gradient_clip_val': 0.23774546689879655, 'hidden_size': 107, 'dropout': 0.22117802470803852, 'hidden_continuous_size': 11, 'attention_head_size': 2, 'learning_rate': 0.013058086451113456}. Best is trial 100 with value: 38.69390869140625.
LOCAL_RANK: 0 - CUDA_VISIBLE_DEVICES: [0]
[I 2023-11-30 09:14:13,264] Trial 127 finished with value: 40.616485595703125 and parameters: {'gradient_clip_val': 0.2076709865503939, 'hidden_size': 80, 'dropout': 0.1960580886231514, 'hidden_continuous_size': 25, 'attention_head_size': 2, 'learning_rate': 0.004438122364452162}. Best is trial 100 with value: 38.69390869140625.
LOCAL_RANK: 0 - CUDA_VISIBLE_DEVICES: [0]
[I 2023-11-30 09:14:26,572] Trial 128 finished with value: 45.24911880493164 and parameters: {'gradient_clip_val': 0.17888450113558704, 'hidden_size': 90, 'dropout': 0.20888325401854838, 'hidden_continuous_size': 10, 'attention_head_size': 2, 'learning_rate': 0.010070758326356113}. Best is trial 100 with value: 38.69390869140625.
LOCAL_RANK: 0 - CUDA_VISIBLE_DEVICES: [0]
[I 2023-11-30 09:14:40,371] Trial 129 finished with value: 43.37992858886719 and parameters: {'gradient_clip_val': 0.27595062216750293, 'hidden_size': 99, 'dropout': 0.20282754646625287, 'hidden_continuous_size': 34, 'attention_head_size': 2, 'learning_rate': 0.016959918510586345}. Best is trial 100 with value: 38.69390869140625.
LOCAL_RANK: 0 - CUDA_VISIBLE_DEVICES: [0]
[I 2023-11-30 09:14:53,434] Trial 130 finished with value: 42.151126861572266 and parameters: {'gradient_clip_val': 0.21938190270849733, 'hidden_size': 72, 'dropout': 0.2156068226685769, 'hidden_continuous_size': 30, 'attention_head_size': 1, 'learning_rate': 0.006274691609708116}. Best is trial 100 with value: 38.69390869140625.
LOCAL_RANK: 0 - CUDA_VISIBLE_DEVICES: [0]
[I 2023-11-30 09:15:07,314] Trial 131 finished with value: 45.15227127075195 and parameters: {'gradient_clip_val': 0.2002626390899752, 'hidden_size': 117, 'dropout': 0.19320038347036406, 'hidden_continuous_size': 26, 'attention_head_size': 2, 'learning_rate': 0.0202399866627011}. Best is trial 100 with value: 38.69390869140625.
LOCAL_RANK: 0 - CUDA_VISIBLE_DEVICES: [0]
[I 2023-11-30 09:15:20,783] Trial 132 finished with value: 45.2512321472168 and parameters: {'gradient_clip_val': 0.20685283891105608, 'hidden_size': 84, 'dropout': 0.20721670104965123, 'hidden_continuous_size': 23, 'attention_head_size': 2, 'learning_rate': 0.021600245965856572}. Best is trial 100 with value: 38.69390869140625.
LOCAL_RANK: 0 - CUDA_VISIBLE_DEVICES: [0]
[I 2023-11-30 09:15:34,273] Trial 133 finished with value: 46.531917572021484 and parameters: {'gradient_clip_val': 0.18861420759408146, 'hidden_size': 92, 'dropout': 0.18741021626100582, 'hidden_continuous_size': 28, 'attention_head_size': 2, 'learning_rate': 0.018705507372732286}. Best is trial 100 with value: 38.69390869140625.
LOCAL_RANK: 0 - CUDA_VISIBLE_DEVICES: [0]
[I 2023-11-30 09:15:47,762] Trial 134 finished with value: 52.7276611328125 and parameters: {'gradient_clip_val': 0.2272326172551471, 'hidden_size': 101, 'dropout': 0.29175181250295945, 'hidden_continuous_size': 12, 'attention_head_size': 2, 'learning_rate': 0.030207754039031445}. Best is trial 100 with value: 38.69390869140625.
LOCAL_RANK: 0 - CUDA_VISIBLE_DEVICES: [0]
[I 2023-11-30 09:16:01,218] Trial 135 finished with value: 45.9486083984375 and parameters: {'gradient_clip_val': 0.1989576178857202, 'hidden_size': 87, 'dropout': 0.20001124740756482, 'hidden_continuous_size': 20, 'attention_head_size': 2, 'learning_rate': 0.0240433478472571}. Best is trial 100 with value: 38.69390869140625.
LOCAL_RANK: 0 - CUDA_VISIBLE_DEVICES: [0]
[I 2023-11-30 09:16:14,994] Trial 136 finished with value: 41.25252151489258 and parameters: {'gradient_clip_val': 0.25246601590612416, 'hidden_size': 126, 'dropout': 0.27456019872760024, 'hidden_continuous_size': 15, 'attention_head_size': 2, 'learning_rate': 0.014869611150813835}. Best is trial 100 with value: 38.69390869140625.
LOCAL_RANK: 0 - CUDA_VISIBLE_DEVICES: [0]
[I 2023-11-30 09:16:28,525] Trial 137 finished with value: 42.87834167480469 and parameters: {'gradient_clip_val': 0.173437076201186, 'hidden_size': 66, 'dropout': 0.16849713147748263, 'hidden_continuous_size': 26, 'attention_head_size': 2, 'learning_rate': 0.017993518351413343}. Best is trial 100 with value: 38.69390869140625.
LOCAL_RANK: 0 - CUDA_VISIBLE_DEVICES: [0]
[I 2023-11-30 09:16:42,205] Trial 138 finished with value: 43.2800407409668 and parameters: {'gradient_clip_val': 0.21480393405032655, 'hidden_size': 108, 'dropout': 0.25093232569808593, 'hidden_continuous_size': 31, 'attention_head_size': 2, 'learning_rate': 0.0084301708133381}. Best is trial 100 with value: 38.69390869140625.
LOCAL_RANK: 0 - CUDA_VISIBLE_DEVICES: [0]
[I 2023-11-30 09:16:55,354] Trial 139 finished with value: 53.613037109375 and parameters: {'gradient_clip_val': 0.1820062014949228, 'hidden_size': 78, 'dropout': 0.2273392016008143, 'hidden_continuous_size': 10, 'attention_head_size': 2, 'learning_rate': 0.026139628527994747}. Best is trial 100 with value: 38.69390869140625.
LOCAL_RANK: 0 - CUDA_VISIBLE_DEVICES: [0]
[I 2023-11-30 09:17:07,681] Trial 140 finished with value: 70.4852523803711 and parameters: {'gradient_clip_val': 0.23521885180063712, 'hidden_size': 26, 'dropout': 0.18231203713178956, 'hidden_continuous_size': 19, 'attention_head_size': 2, 'learning_rate': 0.002871684412301022}. Best is trial 100 with value: 38.69390869140625.
LOCAL_RANK: 0 - CUDA_VISIBLE_DEVICES: [0]
[I 2023-11-30 09:17:20,958] Trial 141 finished with value: 37.88005447387695 and parameters: {'gradient_clip_val': 0.21959668651179629, 'hidden_size': 83, 'dropout': 0.2028736274528653, 'hidden_continuous_size': 14, 'attention_head_size': 2, 'learning_rate': 0.01621107324232296}. Best is trial 141 with value: 37.88005447387695.
LOCAL_RANK: 0 - CUDA_VISIBLE_DEVICES: [0]
[I 2023-11-30 09:17:34,363] Trial 142 finished with value: 43.99403762817383 and parameters: {'gradient_clip_val': 0.22351945791160366, 'hidden_size': 83, 'dropout': 0.21238933628019235, 'hidden_continuous_size': 12, 'attention_head_size': 2, 'learning_rate': 0.016157884540928504}. Best is trial 141 with value: 37.88005447387695.
LOCAL_RANK: 0 - CUDA_VISIBLE_DEVICES: [0]
[I 2023-11-30 09:17:48,245] Trial 143 finished with value: 43.908878326416016 and parameters: {'gradient_clip_val': 0.19467904235539046, 'hidden_size': 94, 'dropout': 0.20482498154504145, 'hidden_continuous_size': 49, 'attention_head_size': 2, 'learning_rate': 0.014003246750857094}. Best is trial 141 with value: 37.88005447387695.
LOCAL_RANK: 0 - CUDA_VISIBLE_DEVICES: [0]
[I 2023-11-30 09:18:01,574] Trial 144 finished with value: 39.50149917602539 and parameters: {'gradient_clip_val': 0.24321934997437136, 'hidden_size': 74, 'dropout': 0.30492655965489196, 'hidden_continuous_size': 16, 'attention_head_size': 2, 'learning_rate': 0.02101185298207339}. Best is trial 141 with value: 37.88005447387695.
LOCAL_RANK: 0 - CUDA_VISIBLE_DEVICES: [0]
[I 2023-11-30 09:18:14,801] Trial 145 finished with value: 41.72413635253906 and parameters: {'gradient_clip_val': 0.2589386253017278, 'hidden_size': 74, 'dropout': 0.32327138372411524, 'hidden_continuous_size': 16, 'attention_head_size': 2, 'learning_rate': 0.01248196507212388}. Best is trial 141 with value: 37.88005447387695.
LOCAL_RANK: 0 - CUDA_VISIBLE_DEVICES: [0]
[I 2023-11-30 09:18:28,145] Trial 146 finished with value: 48.09823226928711 and parameters: {'gradient_clip_val': 0.2442211103968379, 'hidden_size': 69, 'dropout': 0.18855214935342632, 'hidden_continuous_size': 24, 'attention_head_size': 2, 'learning_rate': 0.02078154961619488}. Best is trial 141 with value: 37.88005447387695.
LOCAL_RANK: 0 - CUDA_VISIBLE_DEVICES: [0]
