[I 2023-11-30 07:37:28,553] Trial 131 finished with value: 17.456954956054688 and parameters: {'gradient_clip_val': 0.9477724622268427, 'hidden_size': 40, 'dropout': 0.29649579512142893, 'hidden_continuous_size': 26, 'attention_head_size': 1, 'learning_rate': 0.00421977229260946}. Best is trial 106 with value: 13.410916328430176.
LOCAL_RANK: 0 - CUDA_VISIBLE_DEVICES: [0]
[I 2023-11-30 07:37:41,478] Trial 132 finished with value: 16.917051315307617 and parameters: {'gradient_clip_val': 0.4806831984989906, 'hidden_size': 48, 'dropout': 0.303507306239592, 'hidden_continuous_size': 23, 'attention_head_size': 1, 'learning_rate': 0.00559911746445338}. Best is trial 106 with value: 13.410916328430176.
LOCAL_RANK: 0 - CUDA_VISIBLE_DEVICES: [0]
[I 2023-11-30 07:37:54,093] Trial 133 finished with value: 17.261600494384766 and parameters: {'gradient_clip_val': 0.4634149106431703, 'hidden_size': 44, 'dropout': 0.3154076458316127, 'hidden_continuous_size': 27, 'attention_head_size': 1, 'learning_rate': 0.003618362226778065}. Best is trial 106 with value: 13.410916328430176.
LOCAL_RANK: 0 - CUDA_VISIBLE_DEVICES: [0]
[I 2023-11-30 07:38:06,749] Trial 134 finished with value: 19.98525047302246 and parameters: {'gradient_clip_val': 0.8462853783267933, 'hidden_size': 35, 'dropout': 0.33235339282881315, 'hidden_continuous_size': 24, 'attention_head_size': 1, 'learning_rate': 0.04073521168334136}. Best is trial 106 with value: 13.410916328430176.
LOCAL_RANK: 0 - CUDA_VISIBLE_DEVICES: [0]
[I 2023-11-30 07:38:19,153] Trial 135 finished with value: 22.102956771850586 and parameters: {'gradient_clip_val': 0.40380960144684697, 'hidden_size': 23, 'dropout': 0.28651507336947446, 'hidden_continuous_size': 22, 'attention_head_size': 1, 'learning_rate': 0.004494099371626444}. Best is trial 106 with value: 13.410916328430176.
LOCAL_RANK: 0 - CUDA_VISIBLE_DEVICES: [0]
[I 2023-11-30 07:38:31,960] Trial 136 finished with value: 20.690977096557617 and parameters: {'gradient_clip_val': 0.5864754697165362, 'hidden_size': 37, 'dropout': 0.3015939680671524, 'hidden_continuous_size': 25, 'attention_head_size': 1, 'learning_rate': 0.025484481517066223}. Best is trial 106 with value: 13.410916328430176.
LOCAL_RANK: 0 - CUDA_VISIBLE_DEVICES: [0]
[I 2023-11-30 07:38:44,721] Trial 137 finished with value: 19.371416091918945 and parameters: {'gradient_clip_val': 0.550977707648032, 'hidden_size': 42, 'dropout': 0.34636215902932466, 'hidden_continuous_size': 21, 'attention_head_size': 2, 'learning_rate': 0.006312621718787887}. Best is trial 106 with value: 13.410916328430176.
LOCAL_RANK: 0 - CUDA_VISIBLE_DEVICES: [0]
[I 2023-11-30 07:38:57,289] Trial 138 finished with value: 22.000823974609375 and parameters: {'gradient_clip_val': 0.44866049023139093, 'hidden_size': 33, 'dropout': 0.2663143029929231, 'hidden_continuous_size': 24, 'attention_head_size': 1, 'learning_rate': 0.07132295167046887}. Best is trial 106 with value: 13.410916328430176.
LOCAL_RANK: 0 - CUDA_VISIBLE_DEVICES: [0]
[I 2023-11-30 07:39:09,649] Trial 139 finished with value: 29.35316276550293 and parameters: {'gradient_clip_val': 0.509111161049966, 'hidden_size': 27, 'dropout': 0.29153102757040544, 'hidden_continuous_size': 25, 'attention_head_size': 1, 'learning_rate': 0.0032310871243698856}. Best is trial 106 with value: 13.410916328430176.
LOCAL_RANK: 0 - CUDA_VISIBLE_DEVICES: [0]
[I 2023-11-30 07:39:22,546] Trial 140 finished with value: 24.61812400817871 and parameters: {'gradient_clip_val': 0.18927879036944353, 'hidden_size': 39, 'dropout': 0.272228107436462, 'hidden_continuous_size': 26, 'attention_head_size': 3, 'learning_rate': 0.052120282326404845}. Best is trial 106 with value: 13.410916328430176.
LOCAL_RANK: 0 - CUDA_VISIBLE_DEVICES: [0]
[I 2023-11-30 07:39:35,004] Trial 141 finished with value: 22.287649154663086 and parameters: {'gradient_clip_val': 0.37120763912508015, 'hidden_size': 32, 'dropout': 0.37576174615066094, 'hidden_continuous_size': 26, 'attention_head_size': 1, 'learning_rate': 0.019387228809431546}. Best is trial 106 with value: 13.410916328430176.
LOCAL_RANK: 0 - CUDA_VISIBLE_DEVICES: [0]
[I 2023-11-30 07:39:47,487] Trial 142 finished with value: 22.7919864654541 and parameters: {'gradient_clip_val': 0.3981300408600428, 'hidden_size': 30, 'dropout': 0.3777449079683695, 'hidden_continuous_size': 27, 'attention_head_size': 1, 'learning_rate': 0.07981933198788904}. Best is trial 106 with value: 13.410916328430176.
LOCAL_RANK: 0 - CUDA_VISIBLE_DEVICES: [0]
[I 2023-11-30 07:39:59,821] Trial 143 finished with value: 31.039535522460938 and parameters: {'gradient_clip_val': 0.16184679044929554, 'hidden_size': 30, 'dropout': 0.3807081132727826, 'hidden_continuous_size': 26, 'attention_head_size': 1, 'learning_rate': 0.0038347012825122205}. Best is trial 106 with value: 13.410916328430176.
LOCAL_RANK: 0 - CUDA_VISIBLE_DEVICES: [0]
[I 2023-11-30 07:40:12,079] Trial 144 finished with value: 21.29883575439453 and parameters: {'gradient_clip_val': 0.42835648491375405, 'hidden_size': 25, 'dropout': 0.3933321015507319, 'hidden_continuous_size': 24, 'attention_head_size': 1, 'learning_rate': 0.004754286537282409}. Best is trial 106 with value: 13.410916328430176.
LOCAL_RANK: 0 - CUDA_VISIBLE_DEVICES: [0]
[I 2023-11-30 07:40:24,409] Trial 145 finished with value: 22.798086166381836 and parameters: {'gradient_clip_val': 0.6865295607242288, 'hidden_size': 29, 'dropout': 0.3686795818022443, 'hidden_continuous_size': 16, 'attention_head_size': 1, 'learning_rate': 0.04886611750884178}. Best is trial 106 with value: 13.410916328430176.
LOCAL_RANK: 0 - CUDA_VISIBLE_DEVICES: [0]
[I 2023-11-30 07:40:37,773] Trial 146 finished with value: 22.363189697265625 and parameters: {'gradient_clip_val': 0.7976694182702165, 'hidden_size': 58, 'dropout': 0.3849634329651715, 'hidden_continuous_size': 29, 'attention_head_size': 1, 'learning_rate': 0.05512942828708921}. Best is trial 106 with value: 13.410916328430176.
LOCAL_RANK: 0 - CUDA_VISIBLE_DEVICES: [0]
[I 2023-11-30 07:40:49,999] Trial 147 finished with value: 22.24717140197754 and parameters: {'gradient_clip_val': 0.3955313420753316, 'hidden_size': 28, 'dropout': 0.32052899662121, 'hidden_continuous_size': 25, 'attention_head_size': 1, 'learning_rate': 0.09160505687163716}. Best is trial 106 with value: 13.410916328430176.
LOCAL_RANK: 0 - CUDA_VISIBLE_DEVICES: [0]
[I 2023-11-30 07:41:02,880] Trial 148 finished with value: 24.315900802612305 and parameters: {'gradient_clip_val': 0.3565528016367649, 'hidden_size': 49, 'dropout': 0.3113911772837852, 'hidden_continuous_size': 23, 'attention_head_size': 1, 'learning_rate': 0.08588046194459648}. Best is trial 106 with value: 13.410916328430176.
LOCAL_RANK: 0 - CUDA_VISIBLE_DEVICES: [0]
[I 2023-11-30 07:41:15,834] Trial 149 finished with value: 21.780614852905273 and parameters: {'gradient_clip_val': 0.47355550145038033, 'hidden_size': 54, 'dropout': 0.28397289113689195, 'hidden_continuous_size': 19, 'attention_head_size': 1, 'learning_rate': 0.04180799761863756}. Best is trial 106 with value: 13.410916328430176.
[I 2023-11-30 07:41:15,943] A new study created in memory with name: no-name-ae8e8538-be7d-4bc6-9055-b3fb6b90a183
/home/le004/conda/anaconda3/envs/tsff_env/lib/python3.9/site-packages/lightning/fabric/plugins/environments/slurm.py:191: The `srun` command is available on your system but is not used. HINT: If your intention is to run Lightning on SLURM, prepend your python command with `srun` like so: srun python /home/le004/master_thesis/git/TSFusionForecast/code/ ...
LOCAL_RANK: 0 - CUDA_VISIBLE_DEVICES: [0]
[I 2023-11-30 07:41:27,833] Trial 0 finished with value: 2244.495849609375 and parameters: {'gradient_clip_val': 0.15995259826543068, 'hidden_size': 16, 'dropout': 0.16166398318731554, 'hidden_continuous_size': 15, 'attention_head_size': 1, 'learning_rate': 0.011279739815772667}. Best is trial 0 with value: 2244.495849609375.
LOCAL_RANK: 0 - CUDA_VISIBLE_DEVICES: [0]
[I 2023-11-30 07:41:40,909] Trial 1 finished with value: 2754.835693359375 and parameters: {'gradient_clip_val': 0.36356353992235074, 'hidden_size': 50, 'dropout': 0.1498593057955914, 'hidden_continuous_size': 24, 'attention_head_size': 2, 'learning_rate': 0.0027728710173506484}. Best is trial 0 with value: 2244.495849609375.
LOCAL_RANK: 0 - CUDA_VISIBLE_DEVICES: [0]
[I 2023-11-30 07:41:52,990] Trial 2 finished with value: 974.55029296875 and parameters: {'gradient_clip_val': 0.20060283729289813, 'hidden_size': 21, 'dropout': 0.19458563216749014, 'hidden_continuous_size': 17, 'attention_head_size': 1, 'learning_rate': 0.03606620771897771}. Best is trial 2 with value: 974.55029296875.
LOCAL_RANK: 0 - CUDA_VISIBLE_DEVICES: [0]
[I 2023-11-30 07:42:05,752] Trial 3 finished with value: 2172.5966796875 and parameters: {'gradient_clip_val': 0.20328274001513127, 'hidden_size': 39, 'dropout': 0.2238772816965141, 'hidden_continuous_size': 30, 'attention_head_size': 3, 'learning_rate': 0.0016097259999833156}. Best is trial 2 with value: 974.55029296875.
LOCAL_RANK: 0 - CUDA_VISIBLE_DEVICES: [0]
[I 2023-11-30 07:42:18,908] Trial 4 finished with value: 1188.9876708984375 and parameters: {'gradient_clip_val': 0.28242520830815665, 'hidden_size': 70, 'dropout': 0.29266771304247907, 'hidden_continuous_size': 13, 'attention_head_size': 3, 'learning_rate': 0.0496626673791419}. Best is trial 2 with value: 974.55029296875.
LOCAL_RANK: 0 - CUDA_VISIBLE_DEVICES: [0]
[I 2023-11-30 07:42:30,805] Trial 5 finished with value: 3442.217529296875 and parameters: {'gradient_clip_val': 0.6157209283940906, 'hidden_size': 16, 'dropout': 0.34996117858456277, 'hidden_continuous_size': 14, 'attention_head_size': 4, 'learning_rate': 0.006923008999016719}. Best is trial 2 with value: 974.55029296875.
LOCAL_RANK: 0 - CUDA_VISIBLE_DEVICES: [0]
[I 2023-11-30 07:42:43,275] Trial 6 finished with value: 2748.679931640625 and parameters: {'gradient_clip_val': 0.163802230832062, 'hidden_size': 25, 'dropout': 0.2126433474858327, 'hidden_continuous_size': 16, 'attention_head_size': 2, 'learning_rate': 0.005368691492597929}. Best is trial 2 with value: 974.55029296875.
LOCAL_RANK: 0 - CUDA_VISIBLE_DEVICES: [0]
[I 2023-11-30 07:42:55,452] Trial 7 finished with value: 1256.7008056640625 and parameters: {'gradient_clip_val': 0.640346178927846, 'hidden_size': 20, 'dropout': 0.2509087110923639, 'hidden_continuous_size': 16, 'attention_head_size': 4, 'learning_rate': 0.015646514422830726}. Best is trial 2 with value: 974.55029296875.
LOCAL_RANK: 0 - CUDA_VISIBLE_DEVICES: [0]
[I 2023-11-30 07:43:07,814] Trial 8 finished with value: 1580.5614013671875 and parameters: {'gradient_clip_val': 0.13107844942059646, 'hidden_size': 44, 'dropout': 0.21984347725326042, 'hidden_continuous_size': 12, 'attention_head_size': 1, 'learning_rate': 0.026113584221525595}. Best is trial 2 with value: 974.55029296875.
LOCAL_RANK: 0 - CUDA_VISIBLE_DEVICES: [0]
[I 2023-11-30 07:43:21,967] Trial 9 finished with value: 1077.72021484375 and parameters: {'gradient_clip_val': 0.5843472588174331, 'hidden_size': 104, 'dropout': 0.21420524411439454, 'hidden_continuous_size': 93, 'attention_head_size': 3, 'learning_rate': 0.03165431202799025}. Best is trial 2 with value: 974.55029296875.
LOCAL_RANK: 0 - CUDA_VISIBLE_DEVICES: [0]
[I 2023-11-30 07:43:33,816] Trial 10 finished with value: 973.0567016601562 and parameters: {'gradient_clip_val': 0.1172724872029288, 'hidden_size': 11, 'dropout': 0.10049707000773925, 'hidden_continuous_size': 10, 'attention_head_size': 1, 'learning_rate': 0.09481724053300834}. Best is trial 10 with value: 973.0567016601562.
LOCAL_RANK: 0 - CUDA_VISIBLE_DEVICES: [0]
[I 2023-11-30 07:43:44,064] Trial 11 finished with value: 1057.1265869140625 and parameters: {'gradient_clip_val': 0.10632169018061834, 'hidden_size': 10, 'dropout': 0.11988338338088021, 'hidden_continuous_size': 10, 'attention_head_size': 1, 'learning_rate': 0.09842634694131532}. Best is trial 10 with value: 973.0567016601562.
LOCAL_RANK: 0 - CUDA_VISIBLE_DEVICES: [0]
[I 2023-11-30 07:43:54,244] Trial 12 finished with value: 1130.9598388671875 and parameters: {'gradient_clip_val': 0.10419932076654426, 'hidden_size': 10, 'dropout': 0.1013277402506068, 'hidden_continuous_size': 10, 'attention_head_size': 2, 'learning_rate': 0.09806063524422229}. Best is trial 10 with value: 973.0567016601562.
LOCAL_RANK: 0 - CUDA_VISIBLE_DEVICES: [0]
[I 2023-11-30 07:44:06,408] Trial 13 finished with value: 1420.6722412109375 and parameters: {'gradient_clip_val': 0.2215626922794689, 'hidden_size': 26, 'dropout': 0.16192577856866996, 'hidden_continuous_size': 11, 'attention_head_size': 1, 'learning_rate': 0.051580128135552676}. Best is trial 10 with value: 973.0567016601562.
LOCAL_RANK: 0 - CUDA_VISIBLE_DEVICES: [0]
[I 2023-11-30 07:44:18,369] Trial 14 finished with value: 1552.3779296875 and parameters: {'gradient_clip_val': 0.13769500330537646, 'hidden_size': 14, 'dropout': 0.12143260643667769, 'hidden_continuous_size': 10, 'attention_head_size': 1, 'learning_rate': 0.02282878737364072}. Best is trial 10 with value: 973.0567016601562.
LOCAL_RANK: 0 - CUDA_VISIBLE_DEVICES: [0]
[I 2023-11-30 07:44:30,535] Trial 15 finished with value: 854.0465698242188 and parameters: {'gradient_clip_val': 0.21136537208435033, 'hidden_size': 27, 'dropout': 0.18020849258474675, 'hidden_continuous_size': 12, 'attention_head_size': 2, 'learning_rate': 0.051818826601335057}. Best is trial 15 with value: 854.0465698242188.
LOCAL_RANK: 0 - CUDA_VISIBLE_DEVICES: [0]
[I 2023-11-30 07:44:43,018] Trial 16 finished with value: 962.0458984375 and parameters: {'gradient_clip_val': 0.3140569992178487, 'hidden_size': 30, 'dropout': 0.1039815532829336, 'hidden_continuous_size': 12, 'attention_head_size': 2, 'learning_rate': 0.06328746399679094}. Best is trial 15 with value: 854.0465698242188.
LOCAL_RANK: 0 - CUDA_VISIBLE_DEVICES: [0]
[I 2023-11-30 07:44:55,242] Trial 17 finished with value: 1156.2216796875 and parameters: {'gradient_clip_val': 0.37930240820621874, 'hidden_size': 30, 'dropout': 0.1427431726293214, 'hidden_continuous_size': 12, 'attention_head_size': 2, 'learning_rate': 0.016350847982508774}. Best is trial 15 with value: 854.0465698242188.
LOCAL_RANK: 0 - CUDA_VISIBLE_DEVICES: [0]
[I 2023-11-30 07:45:07,709] Trial 18 finished with value: 1381.6644287109375 and parameters: {'gradient_clip_val': 0.9112094182512055, 'hidden_size': 33, 'dropout': 0.17931662560899206, 'hidden_continuous_size': 13, 'attention_head_size': 2, 'learning_rate': 0.057172463878749386}. Best is trial 15 with value: 854.0465698242188.
LOCAL_RANK: 0 - CUDA_VISIBLE_DEVICES: [0]
[I 2023-11-30 07:45:20,752] Trial 19 finished with value: 1380.6109619140625 and parameters: {'gradient_clip_val': 0.27301973229992044, 'hidden_size': 58, 'dropout': 0.13899641929328274, 'hidden_continuous_size': 19, 'attention_head_size': 3, 'learning_rate': 0.056732555021643455}. Best is trial 15 with value: 854.0465698242188.
LOCAL_RANK: 0 - CUDA_VISIBLE_DEVICES: [0]
[I 2023-11-30 07:45:33,143] Trial 20 finished with value: 1163.921142578125 and parameters: {'gradient_clip_val': 0.3404989397282775, 'hidden_size': 36, 'dropout': 0.1794101774428594, 'hidden_continuous_size': 11, 'attention_head_size': 2, 'learning_rate': 0.02042184650309424}. Best is trial 15 with value: 854.0465698242188.
LOCAL_RANK: 0 - CUDA_VISIBLE_DEVICES: [0]
[I 2023-11-30 07:45:45,437] Trial 21 finished with value: 1168.5872802734375 and parameters: {'gradient_clip_val': 0.24756507084244456, 'hidden_size': 22, 'dropout': 0.10022972924574289, 'hidden_continuous_size': 11, 'attention_head_size': 2, 'learning_rate': 0.07258546443657178}. Best is trial 15 with value: 854.0465698242188.
LOCAL_RANK: 0 - CUDA_VISIBLE_DEVICES: [0]
[I 2023-11-30 07:45:57,600] Trial 22 finished with value: 1361.7244873046875 and parameters: {'gradient_clip_val': 0.17207752632927775, 'hidden_size': 30, 'dropout': 0.12439490157988964, 'hidden_continuous_size': 10, 'attention_head_size': 2, 'learning_rate': 0.038531908250800134}. Best is trial 15 with value: 854.0465698242188.
LOCAL_RANK: 0 - CUDA_VISIBLE_DEVICES: [0]
[I 2023-11-30 07:46:09,605] Trial 23 finished with value: 1104.7978515625 and parameters: {'gradient_clip_val': 0.23212079074425077, 'hidden_size': 13, 'dropout': 0.10261080201337278, 'hidden_continuous_size': 10, 'attention_head_size': 1, 'learning_rate': 0.0878969332468227}. Best is trial 15 with value: 854.0465698242188.
LOCAL_RANK: 0 - CUDA_VISIBLE_DEVICES: [0]
[I 2023-11-30 07:46:21,829] Trial 24 finished with value: 1135.2373046875 and parameters: {'gradient_clip_val': 0.300207146362416, 'hidden_size': 18, 'dropout': 0.1384174417046094, 'hidden_continuous_size': 11, 'attention_head_size': 3, 'learning_rate': 0.07331215008566855}. Best is trial 15 with value: 854.0465698242188.
LOCAL_RANK: 0 - CUDA_VISIBLE_DEVICES: [0]
[I 2023-11-30 07:46:34,018] Trial 25 finished with value: 1190.61083984375 and parameters: {'gradient_clip_val': 0.12131179856712382, 'hidden_size': 25, 'dropout': 0.15924300551975762, 'hidden_continuous_size': 12, 'attention_head_size': 2, 'learning_rate': 0.03778714438836421}. Best is trial 15 with value: 854.0465698242188.
LOCAL_RANK: 0 - CUDA_VISIBLE_DEVICES: [0]
[I 2023-11-30 07:46:45,923] Trial 26 finished with value: 966.1569213867188 and parameters: {'gradient_clip_val': 0.1847083401754357, 'hidden_size': 12, 'dropout': 0.12204358264647969, 'hidden_continuous_size': 10, 'attention_head_size': 1, 'learning_rate': 0.07018171355186494}. Best is trial 15 with value: 854.0465698242188.
LOCAL_RANK: 0 - CUDA_VISIBLE_DEVICES: [0]
[I 2023-11-30 07:46:57,721] Trial 27 finished with value: 1508.8050537109375 and parameters: {'gradient_clip_val': 0.1858708583903493, 'hidden_size': 12, 'dropout': 0.12856029631538282, 'hidden_continuous_size': 10, 'attention_head_size': 2, 'learning_rate': 0.044490572971358694}. Best is trial 15 with value: 854.0465698242188.
LOCAL_RANK: 0 - CUDA_VISIBLE_DEVICES: [0]
[I 2023-11-30 07:47:09,844] Trial 28 finished with value: 1211.8594970703125 and parameters: {'gradient_clip_val': 0.2379958882803843, 'hidden_size': 15, 'dropout': 0.1674512032164786, 'hidden_continuous_size': 11, 'attention_head_size': 3, 'learning_rate': 0.06363399908291059}. Best is trial 15 with value: 854.0465698242188.
LOCAL_RANK: 0 - CUDA_VISIBLE_DEVICES: [0]
[I 2023-11-30 07:47:21,857] Trial 29 finished with value: 1029.9161376953125 and parameters: {'gradient_clip_val': 0.18043665549506713, 'hidden_size': 17, 'dropout': 0.1524542670730731, 'hidden_continuous_size': 12, 'attention_head_size': 1, 'learning_rate': 0.031057022900375264}. Best is trial 15 with value: 854.0465698242188.
LOCAL_RANK: 0 - CUDA_VISIBLE_DEVICES: [0]
[I 2023-11-30 07:47:33,794] Trial 30 finished with value: 1068.8167724609375 and parameters: {'gradient_clip_val': 0.1400643920981393, 'hidden_size': 13, 'dropout': 0.18305663353887155, 'hidden_continuous_size': 11, 'attention_head_size': 1, 'learning_rate': 0.04962926667589963}. Best is trial 15 with value: 854.0465698242188.
LOCAL_RANK: 0 - CUDA_VISIBLE_DEVICES: [0]
[I 2023-11-30 07:47:45,982] Trial 31 finished with value: 1101.898681640625 and parameters: {'gradient_clip_val': 0.142793200742335, 'hidden_size': 11, 'dropout': 0.11901055012328868, 'hidden_continuous_size': 10, 'attention_head_size': 1, 'learning_rate': 0.0701158597648939}. Best is trial 15 with value: 854.0465698242188.
LOCAL_RANK: 0 - CUDA_VISIBLE_DEVICES: [0]
[I 2023-11-30 07:47:57,690] Trial 32 finished with value: 1382.66357421875 and parameters: {'gradient_clip_val': 0.15885734102675758, 'hidden_size': 12, 'dropout': 0.14420589245364007, 'hidden_continuous_size': 10, 'attention_head_size': 1, 'learning_rate': 0.09838258677698111}. Best is trial 15 with value: 854.0465698242188.
LOCAL_RANK: 0 - CUDA_VISIBLE_DEVICES: [0]
[I 2023-11-30 07:48:09,638] Trial 33 finished with value: 1371.849609375 and parameters: {'gradient_clip_val': 0.1992474661730222, 'hidden_size': 18, 'dropout': 0.1119142029217354, 'hidden_continuous_size': 11, 'attention_head_size': 1, 'learning_rate': 0.08050967519333878}. Best is trial 15 with value: 854.0465698242188.
LOCAL_RANK: 0 - CUDA_VISIBLE_DEVICES: [0]
[I 2023-11-30 07:48:19,768] Trial 34 finished with value: 1107.2569580078125 and parameters: {'gradient_clip_val': 0.11863341664353858, 'hidden_size': 10, 'dropout': 0.13265775512004563, 'hidden_continuous_size': 10, 'attention_head_size': 2, 'learning_rate': 0.04126336747819196}. Best is trial 15 with value: 854.0465698242188.
LOCAL_RANK: 0 - CUDA_VISIBLE_DEVICES: [0]
[I 2023-11-30 07:48:31,797] Trial 35 finished with value: 1289.232421875 and parameters: {'gradient_clip_val': 0.2079433939023461, 'hidden_size': 14, 'dropout': 0.10079431034076647, 'hidden_continuous_size': 11, 'attention_head_size': 1, 'learning_rate': 0.06751921503520232}. Best is trial 15 with value: 854.0465698242188.
LOCAL_RANK: 0 - CUDA_VISIBLE_DEVICES: [0]
[I 2023-11-30 07:48:43,943] Trial 36 finished with value: 1316.4984130859375 and parameters: {'gradient_clip_val': 0.15817115896389894, 'hidden_size': 20, 'dropout': 0.15459631930895504, 'hidden_continuous_size': 13, 'attention_head_size': 2, 'learning_rate': 0.0553659154513971}. Best is trial 15 with value: 854.0465698242188.
LOCAL_RANK: 0 - CUDA_VISIBLE_DEVICES: [0]
[I 2023-11-30 07:48:55,813] Trial 37 finished with value: 1254.2396240234375 and parameters: {'gradient_clip_val': 0.1890834977781737, 'hidden_size': 15, 'dropout': 0.1278050456788393, 'hidden_continuous_size': 12, 'attention_head_size': 1, 'learning_rate': 0.030336622439588082}. Best is trial 15 with value: 854.0465698242188.
LOCAL_RANK: 0 - CUDA_VISIBLE_DEVICES: [0]
[I 2023-11-30 07:49:08,549] Trial 38 finished with value: 1249.9964599609375 and parameters: {'gradient_clip_val': 0.26819955370987697, 'hidden_size': 44, 'dropout': 0.19766424653026682, 'hidden_continuous_size': 14, 'attention_head_size': 4, 'learning_rate': 0.04476135809741411}. Best is trial 15 with value: 854.0465698242188.
LOCAL_RANK: 0 - CUDA_VISIBLE_DEVICES: [0]
