[I 2023-11-29 22:53:26,877] Trial 149 finished with value: 0.11568792909383774 and parameters: {'gradient_clip_val': 0.33452262781783376, 'hidden_size': 79, 'dropout': 0.1448712751729046, 'hidden_continuous_size': 17, 'attention_head_size': 2, 'learning_rate': 0.022996651143953155}. Best is trial 115 with value: 0.067470021545887.
[I 2023-11-29 22:53:26,988] A new study created in memory with name: no-name-5642d007-e3cd-4b23-a996-397dca4a0f90
/home/le004/conda/anaconda3/envs/tsff_env/lib/python3.9/site-packages/lightning/fabric/plugins/environments/slurm.py:191: The `srun` command is available on your system but is not used. HINT: If your intention is to run Lightning on SLURM, prepend your python command with `srun` like so: srun python /home/le004/master_thesis/git/TSFusionForecast/code/ ...
LOCAL_RANK: 0 - CUDA_VISIBLE_DEVICES: [0]
[I 2023-11-29 22:53:40,258] Trial 0 finished with value: 1.511095404624939 and parameters: {'gradient_clip_val': 0.10062678792288453, 'hidden_size': 65, 'dropout': 0.15938060261966666, 'hidden_continuous_size': 22, 'attention_head_size': 2, 'learning_rate': 0.00427615708763235}. Best is trial 0 with value: 1.511095404624939.
LOCAL_RANK: 0 - CUDA_VISIBLE_DEVICES: [0]
[I 2023-11-29 22:53:52,036] Trial 1 finished with value: 0.6949741244316101 and parameters: {'gradient_clip_val': 0.22643692970481527, 'hidden_size': 12, 'dropout': 0.14065881874554095, 'hidden_continuous_size': 10, 'attention_head_size': 2, 'learning_rate': 0.02597679593800681}. Best is trial 1 with value: 0.6949741244316101.
LOCAL_RANK: 0 - CUDA_VISIBLE_DEVICES: [0]
[I 2023-11-29 22:54:02,331] Trial 2 finished with value: 3.4409523010253906 and parameters: {'gradient_clip_val': 0.28935289757829924, 'hidden_size': 16, 'dropout': 0.14940134932126223, 'hidden_continuous_size': 16, 'attention_head_size': 4, 'learning_rate': 0.0018809564018857539}. Best is trial 1 with value: 0.6949741244316101.
LOCAL_RANK: 0 - CUDA_VISIBLE_DEVICES: [0]
[I 2023-11-29 22:54:12,642] Trial 3 finished with value: 2.4481751918792725 and parameters: {'gradient_clip_val': 0.16023124834165178, 'hidden_size': 11, 'dropout': 0.38999240128357215, 'hidden_continuous_size': 11, 'attention_head_size': 1, 'learning_rate': 0.004672005235392153}. Best is trial 1 with value: 0.6949741244316101.
LOCAL_RANK: 0 - CUDA_VISIBLE_DEVICES: [0]
[I 2023-11-29 22:54:25,302] Trial 4 finished with value: 1.5216212272644043 and parameters: {'gradient_clip_val': 0.14653338379173145, 'hidden_size': 39, 'dropout': 0.2950134000594741, 'hidden_continuous_size': 27, 'attention_head_size': 1, 'learning_rate': 0.002687410826464096}. Best is trial 1 with value: 0.6949741244316101.
LOCAL_RANK: 0 - CUDA_VISIBLE_DEVICES: [0]
[I 2023-11-29 22:54:37,504] Trial 5 finished with value: 3.8042526245117188 and parameters: {'gradient_clip_val': 0.35594631779541586, 'hidden_size': 17, 'dropout': 0.15272285146872955, 'hidden_continuous_size': 10, 'attention_head_size': 3, 'learning_rate': 0.00101190797951773}. Best is trial 1 with value: 0.6949741244316101.
LOCAL_RANK: 0 - CUDA_VISIBLE_DEVICES: [0]
[I 2023-11-29 22:54:49,618] Trial 6 finished with value: 3.684718370437622 and parameters: {'gradient_clip_val': 0.3400607683817326, 'hidden_size': 14, 'dropout': 0.14392082662597627, 'hidden_continuous_size': 12, 'attention_head_size': 2, 'learning_rate': 0.0019468739903692786}. Best is trial 1 with value: 0.6949741244316101.
LOCAL_RANK: 0 - CUDA_VISIBLE_DEVICES: [0]
[I 2023-11-29 22:55:03,422] Trial 7 finished with value: 0.3620973825454712 and parameters: {'gradient_clip_val': 0.4265449801040411, 'hidden_size': 101, 'dropout': 0.3765672851879551, 'hidden_continuous_size': 22, 'attention_head_size': 4, 'learning_rate': 0.029091566771334242}. Best is trial 7 with value: 0.3620973825454712.
LOCAL_RANK: 0 - CUDA_VISIBLE_DEVICES: [0]
[I 2023-11-29 22:55:17,363] Trial 8 finished with value: 0.8141086101531982 and parameters: {'gradient_clip_val': 0.27833305184895196, 'hidden_size': 113, 'dropout': 0.3996047089143644, 'hidden_continuous_size': 26, 'attention_head_size': 2, 'learning_rate': 0.0022209377961193194}. Best is trial 7 with value: 0.3620973825454712.
LOCAL_RANK: 0 - CUDA_VISIBLE_DEVICES: [0]
[I 2023-11-29 22:55:30,264] Trial 9 finished with value: 0.7902688980102539 and parameters: {'gradient_clip_val': 0.35124121824014154, 'hidden_size': 45, 'dropout': 0.19344772716922531, 'hidden_continuous_size': 27, 'attention_head_size': 3, 'learning_rate': 0.005347243164045871}. Best is trial 7 with value: 0.3620973825454712.
LOCAL_RANK: 0 - CUDA_VISIBLE_DEVICES: [0]
[I 2023-11-29 22:55:44,759] Trial 10 finished with value: 0.6001770496368408 and parameters: {'gradient_clip_val': 0.6597290619836803, 'hidden_size': 150, 'dropout': 0.3128330228972212, 'hidden_continuous_size': 64, 'attention_head_size': 4, 'learning_rate': 0.08652993405666837}. Best is trial 7 with value: 0.3620973825454712.
LOCAL_RANK: 0 - CUDA_VISIBLE_DEVICES: [0]
[I 2023-11-29 22:55:59,202] Trial 11 finished with value: 0.5559895634651184 and parameters: {'gradient_clip_val': 0.6707501378626732, 'hidden_size': 143, 'dropout': 0.3272987273300679, 'hidden_continuous_size': 60, 'attention_head_size': 4, 'learning_rate': 0.09391191422278901}. Best is trial 7 with value: 0.3620973825454712.
LOCAL_RANK: 0 - CUDA_VISIBLE_DEVICES: [0]
[I 2023-11-29 22:56:13,196] Trial 12 finished with value: 0.5282281041145325 and parameters: {'gradient_clip_val': 0.7403640871817107, 'hidden_size': 90, 'dropout': 0.34570446500294383, 'hidden_continuous_size': 47, 'attention_head_size': 4, 'learning_rate': 0.09820719622481046}. Best is trial 7 with value: 0.3620973825454712.
LOCAL_RANK: 0 - CUDA_VISIBLE_DEVICES: [0]
[I 2023-11-29 22:56:26,867] Trial 13 finished with value: 0.5294343829154968 and parameters: {'gradient_clip_val': 0.9901561160614308, 'hidden_size': 84, 'dropout': 0.3616368256044475, 'hidden_continuous_size': 41, 'attention_head_size': 3, 'learning_rate': 0.027559530065936193}. Best is trial 7 with value: 0.3620973825454712.
LOCAL_RANK: 0 - CUDA_VISIBLE_DEVICES: [0]
[I 2023-11-29 22:56:40,791] Trial 14 finished with value: 0.37869992852211 and parameters: {'gradient_clip_val': 0.6165414581998283, 'hidden_size': 80, 'dropout': 0.266790919209379, 'hidden_continuous_size': 41, 'attention_head_size': 4, 'learning_rate': 0.04458316695632991}. Best is trial 7 with value: 0.3620973825454712.
LOCAL_RANK: 0 - CUDA_VISIBLE_DEVICES: [0]
[I 2023-11-29 22:56:54,335] Trial 15 finished with value: 0.5739414691925049 and parameters: {'gradient_clip_val': 0.5110977698497713, 'hidden_size': 65, 'dropout': 0.27017557233515177, 'hidden_continuous_size': 35, 'attention_head_size': 4, 'learning_rate': 0.02090138991641968}. Best is trial 7 with value: 0.3620973825454712.
LOCAL_RANK: 0 - CUDA_VISIBLE_DEVICES: [0]
[I 2023-11-29 22:57:06,647] Trial 16 finished with value: 0.4409160614013672 and parameters: {'gradient_clip_val': 0.4682064266537163, 'hidden_size': 25, 'dropout': 0.23448190239849073, 'hidden_continuous_size': 16, 'attention_head_size': 3, 'learning_rate': 0.04722991616966785}. Best is trial 7 with value: 0.3620973825454712.
LOCAL_RANK: 0 - CUDA_VISIBLE_DEVICES: [0]
[I 2023-11-29 22:57:19,738] Trial 17 finished with value: 0.47376713156700134 and parameters: {'gradient_clip_val': 0.500098787519507, 'hidden_size': 52, 'dropout': 0.23793019281416472, 'hidden_continuous_size': 32, 'attention_head_size': 4, 'learning_rate': 0.013290559173764415}. Best is trial 7 with value: 0.3620973825454712.
LOCAL_RANK: 0 - CUDA_VISIBLE_DEVICES: [0]
[I 2023-11-29 22:57:34,194] Trial 18 finished with value: 0.5347564220428467 and parameters: {'gradient_clip_val': 0.45085135058953446, 'hidden_size': 99, 'dropout': 0.27556337956445404, 'hidden_continuous_size': 91, 'attention_head_size': 3, 'learning_rate': 0.044739292520522896}. Best is trial 7 with value: 0.3620973825454712.
LOCAL_RANK: 0 - CUDA_VISIBLE_DEVICES: [0]
[I 2023-11-29 22:57:46,669] Trial 19 finished with value: 0.7886643409729004 and parameters: {'gradient_clip_val': 0.8985720114708874, 'hidden_size': 32, 'dropout': 0.10898356920275404, 'hidden_continuous_size': 19, 'attention_head_size': 4, 'learning_rate': 0.011124072182819557}. Best is trial 7 with value: 0.3620973825454712.
LOCAL_RANK: 0 - CUDA_VISIBLE_DEVICES: [0]
[I 2023-11-29 22:58:00,043] Trial 20 finished with value: 0.39732369780540466 and parameters: {'gradient_clip_val': 0.5664434969122215, 'hidden_size': 71, 'dropout': 0.3748823145700406, 'hidden_continuous_size': 22, 'attention_head_size': 3, 'learning_rate': 0.018370083786444093}. Best is trial 7 with value: 0.3620973825454712.
LOCAL_RANK: 0 - CUDA_VISIBLE_DEVICES: [0]
[I 2023-11-29 22:58:13,352] Trial 21 finished with value: 0.4578132629394531 and parameters: {'gradient_clip_val': 0.5766901583990397, 'hidden_size': 71, 'dropout': 0.36499415285900927, 'hidden_continuous_size': 22, 'attention_head_size': 3, 'learning_rate': 0.0170190946556236}. Best is trial 7 with value: 0.3620973825454712.
LOCAL_RANK: 0 - CUDA_VISIBLE_DEVICES: [0]
[I 2023-11-29 22:58:27,384] Trial 22 finished with value: 0.6492023468017578 and parameters: {'gradient_clip_val': 0.4215662166006721, 'hidden_size': 114, 'dropout': 0.3269524748355509, 'hidden_continuous_size': 35, 'attention_head_size': 4, 'learning_rate': 0.03931952751244406}. Best is trial 7 with value: 0.3620973825454712.
LOCAL_RANK: 0 - CUDA_VISIBLE_DEVICES: [0]
[I 2023-11-29 22:58:40,581] Trial 23 finished with value: 0.7018268704414368 and parameters: {'gradient_clip_val': 0.607491447021328, 'hidden_size': 57, 'dropout': 0.3733460216386462, 'hidden_continuous_size': 20, 'attention_head_size': 3, 'learning_rate': 0.008620721689744473}. Best is trial 7 with value: 0.3620973825454712.
LOCAL_RANK: 0 - CUDA_VISIBLE_DEVICES: [0]
[I 2023-11-29 22:58:54,166] Trial 24 finished with value: 0.41976818442344666 and parameters: {'gradient_clip_val': 0.7860521474803949, 'hidden_size': 78, 'dropout': 0.34699237396475285, 'hidden_continuous_size': 32, 'attention_head_size': 4, 'learning_rate': 0.03049606781621307}. Best is trial 7 with value: 0.3620973825454712.
LOCAL_RANK: 0 - CUDA_VISIBLE_DEVICES: [0]
[I 2023-11-29 22:59:07,689] Trial 25 finished with value: 0.6832072138786316 and parameters: {'gradient_clip_val': 0.5864812881673214, 'hidden_size': 83, 'dropout': 0.39141758416905714, 'hidden_continuous_size': 25, 'attention_head_size': 3, 'learning_rate': 0.015995830734157702}. Best is trial 7 with value: 0.3620973825454712.
LOCAL_RANK: 0 - CUDA_VISIBLE_DEVICES: [0]
[I 2023-11-29 22:59:20,685] Trial 26 finished with value: 0.268930584192276 and parameters: {'gradient_clip_val': 0.4152907163398498, 'hidden_size': 50, 'dropout': 0.2988129394940286, 'hidden_continuous_size': 17, 'attention_head_size': 4, 'learning_rate': 0.06000968352603835}. Best is trial 26 with value: 0.268930584192276.
LOCAL_RANK: 0 - CUDA_VISIBLE_DEVICES: [0]
[I 2023-11-29 22:59:33,757] Trial 27 finished with value: 0.28292185068130493 and parameters: {'gradient_clip_val': 0.4116834565285823, 'hidden_size': 54, 'dropout': 0.30410335470425265, 'hidden_continuous_size': 17, 'attention_head_size': 4, 'learning_rate': 0.056912052580877136}. Best is trial 26 with value: 0.268930584192276.
LOCAL_RANK: 0 - CUDA_VISIBLE_DEVICES: [0]
[I 2023-11-29 22:59:46,749] Trial 28 finished with value: 0.5309076905250549 and parameters: {'gradient_clip_val': 0.40134575280620677, 'hidden_size': 52, 'dropout': 0.3073387204571301, 'hidden_continuous_size': 17, 'attention_head_size': 4, 'learning_rate': 0.06543648589678644}. Best is trial 26 with value: 0.268930584192276.
LOCAL_RANK: 0 - CUDA_VISIBLE_DEVICES: [0]
[I 2023-11-29 23:00:00,011] Trial 29 finished with value: 0.3412797451019287 and parameters: {'gradient_clip_val': 0.42426406403722505, 'hidden_size': 59, 'dropout': 0.28921866646429106, 'hidden_continuous_size': 13, 'attention_head_size': 4, 'learning_rate': 0.06834862298939808}. Best is trial 26 with value: 0.268930584192276.
LOCAL_RANK: 0 - CUDA_VISIBLE_DEVICES: [0]
[I 2023-11-29 23:00:12,885] Trial 30 finished with value: 0.29534846544265747 and parameters: {'gradient_clip_val': 0.3819341537783245, 'hidden_size': 42, 'dropout': 0.2940626690475516, 'hidden_continuous_size': 14, 'attention_head_size': 4, 'learning_rate': 0.06392355595286597}. Best is trial 26 with value: 0.268930584192276.
LOCAL_RANK: 0 - CUDA_VISIBLE_DEVICES: [0]
[I 2023-11-29 23:00:25,653] Trial 31 finished with value: 0.4450947046279907 and parameters: {'gradient_clip_val': 0.3798169046281059, 'hidden_size': 44, 'dropout': 0.2902282258594056, 'hidden_continuous_size': 14, 'attention_head_size': 4, 'learning_rate': 0.0603448209938172}. Best is trial 26 with value: 0.268930584192276.
LOCAL_RANK: 0 - CUDA_VISIBLE_DEVICES: [0]
[I 2023-11-29 23:00:38,611] Trial 32 finished with value: 0.36577633023262024 and parameters: {'gradient_clip_val': 0.3046929388904106, 'hidden_size': 60, 'dropout': 0.2553759067387318, 'hidden_continuous_size': 13, 'attention_head_size': 4, 'learning_rate': 0.061678350331566274}. Best is trial 26 with value: 0.268930584192276.
LOCAL_RANK: 0 - CUDA_VISIBLE_DEVICES: [0]
[I 2023-11-29 23:00:51,514] Trial 33 finished with value: 0.40610483288764954 and parameters: {'gradient_clip_val': 0.2673696439726712, 'hidden_size': 35, 'dropout': 0.2916493451035112, 'hidden_continuous_size': 15, 'attention_head_size': 4, 'learning_rate': 0.07122522781154896}. Best is trial 26 with value: 0.268930584192276.
LOCAL_RANK: 0 - CUDA_VISIBLE_DEVICES: [0]
[I 2023-11-29 23:01:04,503] Trial 34 finished with value: 0.4490978717803955 and parameters: {'gradient_clip_val': 0.32173246762109053, 'hidden_size': 49, 'dropout': 0.3150649619302234, 'hidden_continuous_size': 14, 'attention_head_size': 4, 'learning_rate': 0.037462812136651966}. Best is trial 26 with value: 0.268930584192276.
LOCAL_RANK: 0 - CUDA_VISIBLE_DEVICES: [0]
[I 2023-11-29 23:01:16,990] Trial 35 finished with value: 0.45605501532554626 and parameters: {'gradient_clip_val': 0.3937057448549362, 'hidden_size': 41, 'dropout': 0.2845928280516053, 'hidden_continuous_size': 12, 'attention_head_size': 1, 'learning_rate': 0.05073003032073715}. Best is trial 26 with value: 0.268930584192276.
LOCAL_RANK: 0 - CUDA_VISIBLE_DEVICES: [0]
[I 2023-11-29 23:01:30,113] Trial 36 finished with value: 0.255473256111145 and parameters: {'gradient_clip_val': 0.49501886718364857, 'hidden_size': 60, 'dropout': 0.2958165680838343, 'hidden_continuous_size': 17, 'attention_head_size': 4, 'learning_rate': 0.07174339963306438}. Best is trial 36 with value: 0.255473256111145.
LOCAL_RANK: 0 - CUDA_VISIBLE_DEVICES: [0]
[I 2023-11-29 23:01:42,367] Trial 37 finished with value: 0.44078001379966736 and parameters: {'gradient_clip_val': 0.5142270843437363, 'hidden_size': 32, 'dropout': 0.3024011702113172, 'hidden_continuous_size': 18, 'attention_head_size': 2, 'learning_rate': 0.0800396905578692}. Best is trial 36 with value: 0.255473256111145.
LOCAL_RANK: 0 - CUDA_VISIBLE_DEVICES: [0]
[I 2023-11-29 23:01:55,288] Trial 38 finished with value: 0.4131894111633301 and parameters: {'gradient_clip_val': 0.32318869388104743, 'hidden_size': 48, 'dropout': 0.32702110413836805, 'hidden_continuous_size': 17, 'attention_head_size': 4, 'learning_rate': 0.05265719440785424}. Best is trial 36 with value: 0.255473256111145.
LOCAL_RANK: 0 - CUDA_VISIBLE_DEVICES: [0]
[I 2023-11-29 23:02:07,956] Trial 39 finished with value: 0.5260158777236938 and parameters: {'gradient_clip_val': 0.2440794470818559, 'hidden_size': 37, 'dropout': 0.25702152747920254, 'hidden_continuous_size': 16, 'attention_head_size': 3, 'learning_rate': 0.03466841165923109}. Best is trial 36 with value: 0.255473256111145.
LOCAL_RANK: 0 - CUDA_VISIBLE_DEVICES: [0]
[I 2023-11-29 23:02:20,811] Trial 40 finished with value: 0.35498860478401184 and parameters: {'gradient_clip_val': 0.21524723771927487, 'hidden_size': 54, 'dropout': 0.27644278033533354, 'hidden_continuous_size': 20, 'attention_head_size': 1, 'learning_rate': 0.02468760680600753}. Best is trial 36 with value: 0.255473256111145.
LOCAL_RANK: 0 - CUDA_VISIBLE_DEVICES: [0]
[I 2023-11-29 23:02:33,879] Trial 41 finished with value: 0.44573304057121277 and parameters: {'gradient_clip_val': 0.4497582205455387, 'hidden_size': 62, 'dropout': 0.29549309513049715, 'hidden_continuous_size': 11, 'attention_head_size': 4, 'learning_rate': 0.06845388728182498}. Best is trial 36 with value: 0.255473256111145.
LOCAL_RANK: 0 - CUDA_VISIBLE_DEVICES: [0]
[I 2023-11-29 23:02:46,843] Trial 42 finished with value: 0.32178494334220886 and parameters: {'gradient_clip_val': 0.36059830970056256, 'hidden_size': 64, 'dropout': 0.30487665671853315, 'hidden_continuous_size': 14, 'attention_head_size': 4, 'learning_rate': 0.07382445707311767}. Best is trial 36 with value: 0.255473256111145.
LOCAL_RANK: 0 - CUDA_VISIBLE_DEVICES: [0]
[I 2023-11-29 23:03:00,325] Trial 43 finished with value: 0.2970028221607208 and parameters: {'gradient_clip_val': 0.3520701717569259, 'hidden_size': 67, 'dropout': 0.31186673929331954, 'hidden_continuous_size': 15, 'attention_head_size': 4, 'learning_rate': 0.08399423552368897}. Best is trial 36 with value: 0.255473256111145.
LOCAL_RANK: 0 - CUDA_VISIBLE_DEVICES: [0]
[I 2023-11-29 23:03:13,233] Trial 44 finished with value: 0.5639075040817261 and parameters: {'gradient_clip_val': 0.3683643299823566, 'hidden_size': 47, 'dropout': 0.31972886308544113, 'hidden_continuous_size': 15, 'attention_head_size': 4, 'learning_rate': 0.08637904605852872}. Best is trial 36 with value: 0.255473256111145.
LOCAL_RANK: 0 - CUDA_VISIBLE_DEVICES: [0]
[I 2023-11-29 23:03:26,658] Trial 45 finished with value: 0.2997787892818451 and parameters: {'gradient_clip_val': 0.34217379405313386, 'hidden_size': 69, 'dropout': 0.34131387032733224, 'hidden_continuous_size': 18, 'attention_head_size': 4, 'learning_rate': 0.05543374619833884}. Best is trial 36 with value: 0.255473256111145.
LOCAL_RANK: 0 - CUDA_VISIBLE_DEVICES: [0]
[I 2023-11-29 23:03:39,482] Trial 46 finished with value: 0.4669896364212036 and parameters: {'gradient_clip_val': 0.295175501596389, 'hidden_size': 44, 'dropout': 0.31528362159853396, 'hidden_continuous_size': 16, 'attention_head_size': 4, 'learning_rate': 0.0954683823532025}. Best is trial 36 with value: 0.255473256111145.
LOCAL_RANK: 0 - CUDA_VISIBLE_DEVICES: [0]
[I 2023-11-29 23:03:52,025] Trial 47 finished with value: 0.6102585196495056 and parameters: {'gradient_clip_val': 0.40271503458484675, 'hidden_size': 40, 'dropout': 0.33777003240017733, 'hidden_continuous_size': 15, 'attention_head_size': 4, 'learning_rate': 0.04048317000782203}. Best is trial 36 with value: 0.255473256111145.
LOCAL_RANK: 0 - CUDA_VISIBLE_DEVICES: [0]
[I 2023-11-29 23:04:05,082] Trial 48 finished with value: 0.4375978410243988 and parameters: {'gradient_clip_val': 0.4778118134435434, 'hidden_size': 59, 'dropout': 0.30044656486809074, 'hidden_continuous_size': 10, 'attention_head_size': 3, 'learning_rate': 0.09911697873093618}. Best is trial 36 with value: 0.255473256111145.
LOCAL_RANK: 0 - CUDA_VISIBLE_DEVICES: [0]
[I 2023-11-29 23:04:18,055] Trial 49 finished with value: 0.5296655893325806 and parameters: {'gradient_clip_val': 0.5169553672800878, 'hidden_size': 54, 'dropout': 0.2793585927406978, 'hidden_continuous_size': 17, 'attention_head_size': 4, 'learning_rate': 0.05091966139261548}. Best is trial 36 with value: 0.255473256111145.
LOCAL_RANK: 0 - CUDA_VISIBLE_DEVICES: [0]
[I 2023-11-29 23:04:31,391] Trial 50 finished with value: 0.37306126952171326 and parameters: {'gradient_clip_val': 0.35354060136282744, 'hidden_size': 74, 'dropout': 0.2635271117573987, 'hidden_continuous_size': 11, 'attention_head_size': 4, 'learning_rate': 0.08025339953193526}. Best is trial 36 with value: 0.255473256111145.
LOCAL_RANK: 0 - CUDA_VISIBLE_DEVICES: [0]
[I 2023-11-29 23:04:44,754] Trial 51 finished with value: 0.3635466396808624 and parameters: {'gradient_clip_val': 0.32021980139550454, 'hidden_size': 69, 'dropout': 0.33711737939379727, 'hidden_continuous_size': 19, 'attention_head_size': 4, 'learning_rate': 0.05816915761810741}. Best is trial 36 with value: 0.255473256111145.
LOCAL_RANK: 0 - CUDA_VISIBLE_DEVICES: [0]
[I 2023-11-29 23:04:58,095] Trial 52 finished with value: 0.32687100768089294 and parameters: {'gradient_clip_val': 0.3473981067080275, 'hidden_size': 67, 'dropout': 0.31019950530451557, 'hidden_continuous_size': 18, 'attention_head_size': 4, 'learning_rate': 0.05264145679605785}. Best is trial 36 with value: 0.255473256111145.
LOCAL_RANK: 0 - CUDA_VISIBLE_DEVICES: [0]
[I 2023-11-29 23:05:11,478] Trial 53 finished with value: 0.4216648042201996 and parameters: {'gradient_clip_val': 0.4365877954615727, 'hidden_size': 57, 'dropout': 0.3513012287741445, 'hidden_continuous_size': 20, 'attention_head_size': 4, 'learning_rate': 0.058346770753779385}. Best is trial 36 with value: 0.255473256111145.
LOCAL_RANK: 0 - CUDA_VISIBLE_DEVICES: [0]
[I 2023-11-29 23:05:24,487] Trial 54 finished with value: 0.3691432476043701 and parameters: {'gradient_clip_val': 0.3722591277220808, 'hidden_size': 50, 'dropout': 0.3312833724052523, 'hidden_continuous_size': 18, 'attention_head_size': 4, 'learning_rate': 0.04260340301189616}. Best is trial 36 with value: 0.255473256111145.
LOCAL_RANK: 0 - CUDA_VISIBLE_DEVICES: [0]
[I 2023-11-29 23:05:37,828] Trial 55 finished with value: 0.39849328994750977 and parameters: {'gradient_clip_val': 0.4624089981345131, 'hidden_size': 74, 'dropout': 0.35041769215332097, 'hidden_continuous_size': 13, 'attention_head_size': 4, 'learning_rate': 0.033787186671640226}. Best is trial 36 with value: 0.255473256111145.
LOCAL_RANK: 0 - CUDA_VISIBLE_DEVICES: [0]
