[I 2023-11-30 08:12:50,514] Trial 6 finished with value: 14.315632820129395 and parameters: {'gradient_clip_val': 0.3032831912252329, 'hidden_size': 33, 'dropout': 0.2782342865527776, 'hidden_continuous_size': 14, 'attention_head_size': 3, 'learning_rate': 0.01856898653902689}. Best is trial 6 with value: 14.315632820129395.
LOCAL_RANK: 0 - CUDA_VISIBLE_DEVICES: [0]
[I 2023-11-30 08:13:04,661] Trial 7 finished with value: 16.08052635192871 and parameters: {'gradient_clip_val': 0.41453365469079306, 'hidden_size': 94, 'dropout': 0.29332199189321956, 'hidden_continuous_size': 59, 'attention_head_size': 3, 'learning_rate': 0.02609044740465729}. Best is trial 6 with value: 14.315632820129395.
LOCAL_RANK: 0 - CUDA_VISIBLE_DEVICES: [0]
[I 2023-11-30 08:13:18,856] Trial 8 finished with value: 13.60124683380127 and parameters: {'gradient_clip_val': 0.1747858053511631, 'hidden_size': 128, 'dropout': 0.2698673320282604, 'hidden_continuous_size': 117, 'attention_head_size': 1, 'learning_rate': 0.0034909811653974273}. Best is trial 8 with value: 13.60124683380127.
LOCAL_RANK: 0 - CUDA_VISIBLE_DEVICES: [0]
[I 2023-11-30 08:13:30,947] Trial 9 finished with value: 20.142227172851562 and parameters: {'gradient_clip_val': 0.2854305549321005, 'hidden_size': 22, 'dropout': 0.324379027654508, 'hidden_continuous_size': 11, 'attention_head_size': 2, 'learning_rate': 0.010347107432624627}. Best is trial 8 with value: 13.60124683380127.
LOCAL_RANK: 0 - CUDA_VISIBLE_DEVICES: [0]
[I 2023-11-30 08:13:45,615] Trial 10 finished with value: 13.922737121582031 and parameters: {'gradient_clip_val': 0.12417362443266947, 'hidden_size': 145, 'dropout': 0.39432945019697707, 'hidden_continuous_size': 140, 'attention_head_size': 1, 'learning_rate': 0.003347315949028305}. Best is trial 8 with value: 13.60124683380127.
LOCAL_RANK: 0 - CUDA_VISIBLE_DEVICES: [0]
[I 2023-11-30 08:14:00,339] Trial 11 finished with value: 12.7078218460083 and parameters: {'gradient_clip_val': 0.12156449876264515, 'hidden_size': 143, 'dropout': 0.3971029708313609, 'hidden_continuous_size': 119, 'attention_head_size': 1, 'learning_rate': 0.003114795573307572}. Best is trial 11 with value: 12.7078218460083.
LOCAL_RANK: 0 - CUDA_VISIBLE_DEVICES: [0]
[I 2023-11-30 08:14:15,128] Trial 12 finished with value: 11.737326622009277 and parameters: {'gradient_clip_val': 0.1066416728431742, 'hidden_size': 149, 'dropout': 0.21483941824353492, 'hidden_continuous_size': 141, 'attention_head_size': 1, 'learning_rate': 0.00278161600135136}. Best is trial 12 with value: 11.737326622009277.
LOCAL_RANK: 0 - CUDA_VISIBLE_DEVICES: [0]
[I 2023-11-30 08:14:28,611] Trial 13 finished with value: 24.662221908569336 and parameters: {'gradient_clip_val': 0.1024203018572196, 'hidden_size': 58, 'dropout': 0.18959223080332793, 'hidden_continuous_size': 52, 'attention_head_size': 1, 'learning_rate': 0.0024770858603873204}. Best is trial 12 with value: 11.737326622009277.
LOCAL_RANK: 0 - CUDA_VISIBLE_DEVICES: [0]
[I 2023-11-30 08:14:42,716] Trial 14 finished with value: 24.902013778686523 and parameters: {'gradient_clip_val': 0.1451666567899875, 'hidden_size': 103, 'dropout': 0.21788115462442523, 'hidden_continuous_size': 84, 'attention_head_size': 1, 'learning_rate': 0.0010505204854100636}. Best is trial 12 with value: 11.737326622009277.
LOCAL_RANK: 0 - CUDA_VISIBLE_DEVICES: [0]
[I 2023-11-30 08:14:56,008] Trial 15 finished with value: 17.375761032104492 and parameters: {'gradient_clip_val': 0.10083303189484434, 'hidden_size': 67, 'dropout': 0.22524819083985398, 'hidden_continuous_size': 33, 'attention_head_size': 1, 'learning_rate': 0.005154970468736685}. Best is trial 12 with value: 11.737326622009277.
LOCAL_RANK: 0 - CUDA_VISIBLE_DEVICES: [0]
[I 2023-11-30 08:15:10,461] Trial 16 finished with value: 15.696990966796875 and parameters: {'gradient_clip_val': 0.17942872548458447, 'hidden_size': 108, 'dropout': 0.39591998753847246, 'hidden_continuous_size': 81, 'attention_head_size': 3, 'learning_rate': 0.0021233535078140674}. Best is trial 12 with value: 11.737326622009277.
LOCAL_RANK: 0 - CUDA_VISIBLE_DEVICES: [0]
[I 2023-11-30 08:15:25,139] Trial 17 finished with value: 12.31885051727295 and parameters: {'gradient_clip_val': 0.13487470891774603, 'hidden_size': 143, 'dropout': 0.23563276188347335, 'hidden_continuous_size': 137, 'attention_head_size': 2, 'learning_rate': 0.004433042054378487}. Best is trial 12 with value: 11.737326622009277.
LOCAL_RANK: 0 - CUDA_VISIBLE_DEVICES: [0]
[I 2023-11-30 08:15:38,396] Trial 18 finished with value: 16.053905487060547 and parameters: {'gradient_clip_val': 0.16196135288686783, 'hidden_size': 59, 'dropout': 0.23064237600775464, 'hidden_continuous_size': 30, 'attention_head_size': 2, 'learning_rate': 0.005640057228828746}. Best is trial 12 with value: 11.737326622009277.
LOCAL_RANK: 0 - CUDA_VISIBLE_DEVICES: [0]
[I 2023-11-30 08:15:52,394] Trial 19 finished with value: 18.50777244567871 and parameters: {'gradient_clip_val': 0.2064596410081699, 'hidden_size': 115, 'dropout': 0.18710800068768182, 'hidden_continuous_size': 44, 'attention_head_size': 2, 'learning_rate': 0.001579618926422812}. Best is trial 12 with value: 11.737326622009277.
LOCAL_RANK: 0 - CUDA_VISIBLE_DEVICES: [0]
[I 2023-11-30 08:16:06,191] Trial 20 finished with value: 12.821043968200684 and parameters: {'gradient_clip_val': 0.13989246566406693, 'hidden_size': 81, 'dropout': 0.2557155106444631, 'hidden_continuous_size': 45, 'attention_head_size': 3, 'learning_rate': 0.008020709432390454}. Best is trial 12 with value: 11.737326622009277.
LOCAL_RANK: 0 - CUDA_VISIBLE_DEVICES: [0]
[I 2023-11-30 08:16:20,838] Trial 21 finished with value: 13.489810943603516 and parameters: {'gradient_clip_val': 0.1222601821762012, 'hidden_size': 149, 'dropout': 0.29319281761960303, 'hidden_continuous_size': 114, 'attention_head_size': 1, 'learning_rate': 0.003549342079441334}. Best is trial 12 with value: 11.737326622009277.
LOCAL_RANK: 0 - CUDA_VISIBLE_DEVICES: [0]
[I 2023-11-30 08:16:34,961] Trial 22 finished with value: 13.788235664367676 and parameters: {'gradient_clip_val': 0.12523465868813125, 'hidden_size': 113, 'dropout': 0.3597324794592084, 'hidden_continuous_size': 88, 'attention_head_size': 1, 'learning_rate': 0.002580390723815833}. Best is trial 12 with value: 11.737326622009277.
LOCAL_RANK: 0 - CUDA_VISIBLE_DEVICES: [0]
[I 2023-11-30 08:16:49,291] Trial 23 finished with value: 11.852520942687988 and parameters: {'gradient_clip_val': 0.1040367893443488, 'hidden_size': 119, 'dropout': 0.20143000629996838, 'hidden_continuous_size': 97, 'attention_head_size': 2, 'learning_rate': 0.0040282754555007955}. Best is trial 12 with value: 11.737326622009277.
LOCAL_RANK: 0 - CUDA_VISIBLE_DEVICES: [0]
[I 2023-11-30 08:17:03,492] Trial 24 finished with value: 15.895263671875 and parameters: {'gradient_clip_val': 0.10061602849943686, 'hidden_size': 106, 'dropout': 0.2001137360378556, 'hidden_continuous_size': 73, 'attention_head_size': 2, 'learning_rate': 0.004287560997194748}. Best is trial 12 with value: 11.737326622009277.
LOCAL_RANK: 0 - CUDA_VISIBLE_DEVICES: [0]
[I 2023-11-30 08:17:17,806] Trial 25 finished with value: 14.232826232910156 and parameters: {'gradient_clip_val': 0.15769444091076573, 'hidden_size': 122, 'dropout': 0.23802539219916954, 'hidden_continuous_size': 97, 'attention_head_size': 2, 'learning_rate': 0.004718823765453908}. Best is trial 12 with value: 11.737326622009277.
LOCAL_RANK: 0 - CUDA_VISIBLE_DEVICES: [0]
[I 2023-11-30 08:17:32,092] Trial 26 finished with value: 18.51524543762207 and parameters: {'gradient_clip_val': 0.20135915302162216, 'hidden_size': 86, 'dropout': 0.2001275149288191, 'hidden_continuous_size': 69, 'attention_head_size': 3, 'learning_rate': 0.001999207535370906}. Best is trial 12 with value: 11.737326622009277.
LOCAL_RANK: 0 - CUDA_VISIBLE_DEVICES: [0]
[I 2023-11-30 08:17:45,896] Trial 27 finished with value: 14.22067928314209 and parameters: {'gradient_clip_val': 0.148587226067836, 'hidden_size': 71, 'dropout': 0.17748381250486342, 'hidden_continuous_size': 59, 'attention_head_size': 2, 'learning_rate': 0.008693213942985735}. Best is trial 12 with value: 11.737326622009277.
LOCAL_RANK: 0 - CUDA_VISIBLE_DEVICES: [0]
[I 2023-11-30 08:18:00,278] Trial 28 finished with value: 16.57486915588379 and parameters: {'gradient_clip_val': 0.11391218281858645, 'hidden_size': 94, 'dropout': 0.2437914465737652, 'hidden_continuous_size': 75, 'attention_head_size': 2, 'learning_rate': 0.0027979890374785895}. Best is trial 12 with value: 11.737326622009277.
LOCAL_RANK: 0 - CUDA_VISIBLE_DEVICES: [0]
[I 2023-11-30 08:18:14,740] Trial 29 finished with value: 16.33909034729004 and parameters: {'gradient_clip_val': 0.14554801834138897, 'hidden_size': 120, 'dropout': 0.21763461679327725, 'hidden_continuous_size': 98, 'attention_head_size': 4, 'learning_rate': 0.0014042710313159005}. Best is trial 12 with value: 11.737326622009277.
LOCAL_RANK: 0 - CUDA_VISIBLE_DEVICES: [0]
[I 2023-11-30 08:18:28,942] Trial 30 finished with value: 19.1733455657959 and parameters: {'gradient_clip_val': 0.11052785000745526, 'hidden_size': 91, 'dropout': 0.16118489244868084, 'hidden_continuous_size': 67, 'attention_head_size': 3, 'learning_rate': 0.0017525660738560856}. Best is trial 12 with value: 11.737326622009277.
LOCAL_RANK: 0 - CUDA_VISIBLE_DEVICES: [0]
[I 2023-11-30 08:18:43,715] Trial 31 finished with value: 13.091148376464844 and parameters: {'gradient_clip_val': 0.1265632074531618, 'hidden_size': 148, 'dropout': 0.2533571679260285, 'hidden_continuous_size': 143, 'attention_head_size': 1, 'learning_rate': 0.0037508966917930986}. Best is trial 12 with value: 11.737326622009277.
LOCAL_RANK: 0 - CUDA_VISIBLE_DEVICES: [0]
[I 2023-11-30 08:18:58,010] Trial 32 finished with value: 12.378852844238281 and parameters: {'gradient_clip_val': 0.13119931432614707, 'hidden_size': 128, 'dropout': 0.20665382161560317, 'hidden_continuous_size': 105, 'attention_head_size': 1, 'learning_rate': 0.0025947636076468373}. Best is trial 12 with value: 11.737326622009277.
LOCAL_RANK: 0 - CUDA_VISIBLE_DEVICES: [0]
[I 2023-11-30 08:19:12,403] Trial 33 finished with value: 14.314045906066895 and parameters: {'gradient_clip_val': 0.135645129265045, 'hidden_size': 127, 'dropout': 0.21075884754533808, 'hidden_continuous_size': 97, 'attention_head_size': 2, 'learning_rate': 0.002161444420435776}. Best is trial 12 with value: 11.737326622009277.
LOCAL_RANK: 0 - CUDA_VISIBLE_DEVICES: [0]
[I 2023-11-30 08:19:26,425] Trial 34 finished with value: 12.526494026184082 and parameters: {'gradient_clip_val': 0.10960905635593853, 'hidden_size': 99, 'dropout': 0.22411648758476252, 'hidden_continuous_size': 78, 'attention_head_size': 1, 'learning_rate': 0.006618332799639916}. Best is trial 12 with value: 11.737326622009277.
LOCAL_RANK: 0 - CUDA_VISIBLE_DEVICES: [0]
[I 2023-11-30 08:19:40,882] Trial 35 finished with value: 14.280288696289062 and parameters: {'gradient_clip_val': 0.17422852394441574, 'hidden_size': 130, 'dropout': 0.17081138276604652, 'hidden_continuous_size': 108, 'attention_head_size': 2, 'learning_rate': 0.0015104718932159157}. Best is trial 12 with value: 11.737326622009277.
LOCAL_RANK: 0 - CUDA_VISIBLE_DEVICES: [0]
[I 2023-11-30 08:19:55,062] Trial 36 finished with value: 16.186967849731445 and parameters: {'gradient_clip_val': 0.1356916883356995, 'hidden_size': 81, 'dropout': 0.14118098272882218, 'hidden_continuous_size': 67, 'attention_head_size': 2, 'learning_rate': 0.0027173512313297017}. Best is trial 12 with value: 11.737326622009277.
LOCAL_RANK: 0 - CUDA_VISIBLE_DEVICES: [0]
[I 2023-11-30 08:20:09,190] Trial 37 finished with value: 15.104779243469238 and parameters: {'gradient_clip_val': 0.11238828242674609, 'hidden_size': 127, 'dropout': 0.20222144842090767, 'hidden_continuous_size': 90, 'attention_head_size': 1, 'learning_rate': 0.004349086794825462}. Best is trial 12 with value: 11.737326622009277.
LOCAL_RANK: 0 - CUDA_VISIBLE_DEVICES: [0]
[I 2023-11-30 08:20:20,298] Trial 38 finished with value: 16.07020378112793 and parameters: {'gradient_clip_val': 0.26163218564037055, 'hidden_size': 149, 'dropout': 0.2396297956237441, 'hidden_continuous_size': 149, 'attention_head_size': 2, 'learning_rate': 0.0013084699041509384}. Best is trial 12 with value: 11.737326622009277.
LOCAL_RANK: 0 - CUDA_VISIBLE_DEVICES: [0]
[I 2023-11-30 08:20:34,188] Trial 39 finished with value: 19.890060424804688 and parameters: {'gradient_clip_val': 0.16427046501866735, 'hidden_size': 91, 'dropout': 0.1347530907945284, 'hidden_continuous_size': 76, 'attention_head_size': 1, 'learning_rate': 0.0017328639613250947}. Best is trial 12 with value: 11.737326622009277.
LOCAL_RANK: 0 - CUDA_VISIBLE_DEVICES: [0]
[I 2023-11-30 08:20:48,556] Trial 40 finished with value: 24.567977905273438 and parameters: {'gradient_clip_val': 0.13341407708579042, 'hidden_size': 106, 'dropout': 0.18331227929448463, 'hidden_continuous_size': 86, 'attention_head_size': 4, 'learning_rate': 0.0010241865243269183}. Best is trial 12 with value: 11.737326622009277.
LOCAL_RANK: 0 - CUDA_VISIBLE_DEVICES: [0]
[I 2023-11-30 08:21:02,810] Trial 41 finished with value: 13.830574989318848 and parameters: {'gradient_clip_val': 0.11112932252989713, 'hidden_size': 102, 'dropout': 0.22681520859052498, 'hidden_continuous_size': 82, 'attention_head_size': 1, 'learning_rate': 0.005880630955875174}. Best is trial 12 with value: 11.737326622009277.
LOCAL_RANK: 0 - CUDA_VISIBLE_DEVICES: [0]
[I 2023-11-30 08:21:17,138] Trial 42 finished with value: 15.020800590515137 and parameters: {'gradient_clip_val': 0.1005469012407792, 'hidden_size': 129, 'dropout': 0.2117185295682143, 'hidden_continuous_size': 111, 'attention_head_size': 1, 'learning_rate': 0.0066344326974542385}. Best is trial 12 with value: 11.737326622009277.
LOCAL_RANK: 0 - CUDA_VISIBLE_DEVICES: [0]
[I 2023-11-30 08:21:31,109] Trial 43 finished with value: 15.749836921691895 and parameters: {'gradient_clip_val': 0.11784737671770731, 'hidden_size': 97, 'dropout': 0.26825511084463677, 'hidden_continuous_size': 79, 'attention_head_size': 1, 'learning_rate': 0.003925762608146546}. Best is trial 12 with value: 11.737326622009277.
LOCAL_RANK: 0 - CUDA_VISIBLE_DEVICES: [0]
[I 2023-11-30 08:21:45,354] Trial 44 finished with value: 15.475375175476074 and parameters: {'gradient_clip_val': 0.1322507027914093, 'hidden_size': 117, 'dropout': 0.23408203944544329, 'hidden_continuous_size': 101, 'attention_head_size': 1, 'learning_rate': 0.003053614080952697}. Best is trial 12 with value: 11.737326622009277.
LOCAL_RANK: 0 - CUDA_VISIBLE_DEVICES: [0]
[I 2023-11-30 08:21:59,930] Trial 45 finished with value: 12.622543334960938 and parameters: {'gradient_clip_val': 0.11046582908567634, 'hidden_size': 134, 'dropout': 0.2483639308889857, 'hidden_continuous_size': 126, 'attention_head_size': 1, 'learning_rate': 0.006963309705857333}. Best is trial 12 with value: 11.737326622009277.
LOCAL_RANK: 0 - CUDA_VISIBLE_DEVICES: [0]
[I 2023-11-30 08:22:14,774] Trial 46 finished with value: 14.193363189697266 and parameters: {'gradient_clip_val': 0.14617809755316016, 'hidden_size': 149, 'dropout': 0.20522233635516413, 'hidden_continuous_size': 122, 'attention_head_size': 2, 'learning_rate': 0.00489563390630578}. Best is trial 12 with value: 11.737326622009277.
LOCAL_RANK: 0 - CUDA_VISIBLE_DEVICES: [0]
[I 2023-11-30 08:22:28,684] Trial 47 finished with value: 13.683161735534668 and parameters: {'gradient_clip_val': 0.11941702471263864, 'hidden_size': 77, 'dropout': 0.19416769510141105, 'hidden_continuous_size': 70, 'attention_head_size': 1, 'learning_rate': 0.012144850529105076}. Best is trial 12 with value: 11.737326622009277.
LOCAL_RANK: 0 - CUDA_VISIBLE_DEVICES: [0]
[I 2023-11-30 08:22:42,948] Trial 48 finished with value: 12.640602111816406 and parameters: {'gradient_clip_val': 0.1082445285997775, 'hidden_size': 110, 'dropout': 0.21977805126118302, 'hidden_continuous_size': 94, 'attention_head_size': 1, 'learning_rate': 0.0033449877994748724}. Best is trial 12 with value: 11.737326622009277.
LOCAL_RANK: 0 - CUDA_VISIBLE_DEVICES: [0]
[I 2023-11-30 08:22:57,511] Trial 49 finished with value: 14.02991771697998 and parameters: {'gradient_clip_val': 0.15615840137480697, 'hidden_size': 135, 'dropout': 0.17057392635879315, 'hidden_continuous_size': 124, 'attention_head_size': 2, 'learning_rate': 0.005343083433968291}. Best is trial 12 with value: 11.737326622009277.
LOCAL_RANK: 0 - CUDA_VISIBLE_DEVICES: [0]
[I 2023-11-30 08:23:10,837] Trial 50 finished with value: 20.09580421447754 and parameters: {'gradient_clip_val': 0.12737342325621295, 'hidden_size': 47, 'dropout': 0.2290708333963969, 'hidden_continuous_size': 45, 'attention_head_size': 1, 'learning_rate': 0.002360748734191089}. Best is trial 12 with value: 11.737326622009277.
LOCAL_RANK: 0 - CUDA_VISIBLE_DEVICES: [0]
[I 2023-11-30 08:23:25,330] Trial 51 finished with value: 12.999085426330566 and parameters: {'gradient_clip_val': 0.10331808572533671, 'hidden_size': 134, 'dropout': 0.24875203473015411, 'hidden_continuous_size': 124, 'attention_head_size': 1, 'learning_rate': 0.006491870819105714}. Best is trial 12 with value: 11.737326622009277.
LOCAL_RANK: 0 - CUDA_VISIBLE_DEVICES: [0]
[I 2023-11-30 08:23:39,433] Trial 52 finished with value: 15.083735466003418 and parameters: {'gradient_clip_val': 0.11430524923493421, 'hidden_size': 98, 'dropout': 0.26248020495536994, 'hidden_continuous_size': 86, 'attention_head_size': 1, 'learning_rate': 0.007272780701343283}. Best is trial 12 with value: 11.737326622009277.
LOCAL_RANK: 0 - CUDA_VISIBLE_DEVICES: [0]
[I 2023-11-30 08:23:53,738] Trial 53 finished with value: 13.023066520690918 and parameters: {'gradient_clip_val': 0.1115995427191745, 'hidden_size': 120, 'dropout': 0.2447798478571081, 'hidden_continuous_size': 105, 'attention_head_size': 1, 'learning_rate': 0.004281821752128054}. Best is trial 12 with value: 11.737326622009277.
LOCAL_RANK: 0 - CUDA_VISIBLE_DEVICES: [0]
[I 2023-11-30 08:24:07,996] Trial 54 finished with value: 14.061528205871582 and parameters: {'gradient_clip_val': 0.10030359703247294, 'hidden_size': 114, 'dropout': 0.19406475831358191, 'hidden_continuous_size': 101, 'attention_head_size': 1, 'learning_rate': 0.005596312211006026}. Best is trial 12 with value: 11.737326622009277.
LOCAL_RANK: 0 - CUDA_VISIBLE_DEVICES: [0]
[I 2023-11-30 08:24:22,591] Trial 55 finished with value: 12.531054496765137 and parameters: {'gradient_clip_val': 0.12317912677890773, 'hidden_size': 133, 'dropout': 0.21856181221677126, 'hidden_continuous_size': 123, 'attention_head_size': 2, 'learning_rate': 0.0034571791249371387}. Best is trial 12 with value: 11.737326622009277.
LOCAL_RANK: 0 - CUDA_VISIBLE_DEVICES: [0]
[I 2023-11-30 08:24:37,102] Trial 56 finished with value: 14.565478324890137 and parameters: {'gradient_clip_val': 0.12445560927546105, 'hidden_size': 135, 'dropout': 0.21403103711038676, 'hidden_continuous_size': 112, 'attention_head_size': 2, 'learning_rate': 0.0032253363998054623}. Best is trial 12 with value: 11.737326622009277.
LOCAL_RANK: 0 - CUDA_VISIBLE_DEVICES: [0]
[I 2023-11-30 08:24:51,347] Trial 57 finished with value: 14.465720176696777 and parameters: {'gradient_clip_val': 0.13766517963019168, 'hidden_size': 101, 'dropout': 0.22086668173687887, 'hidden_continuous_size': 90, 'attention_head_size': 2, 'learning_rate': 0.0037194302052841535}. Best is trial 12 with value: 11.737326622009277.
LOCAL_RANK: 0 - CUDA_VISIBLE_DEVICES: [0]
[I 2023-11-30 08:25:05,555] Trial 58 finished with value: 14.718159675598145 and parameters: {'gradient_clip_val': 0.1889254714868251, 'hidden_size': 112, 'dropout': 0.2327919416482087, 'hidden_continuous_size': 94, 'attention_head_size': 3, 'learning_rate': 0.0029470698469695323}. Best is trial 12 with value: 11.737326622009277.
LOCAL_RANK: 0 - CUDA_VISIBLE_DEVICES: [0]
[I 2023-11-30 08:25:20,164] Trial 59 finished with value: 13.294413566589355 and parameters: {'gradient_clip_val': 0.1485682781323821, 'hidden_size': 140, 'dropout': 0.20531684345841927, 'hidden_continuous_size': 130, 'attention_head_size': 2, 'learning_rate': 0.0023694451588656806}. Best is trial 12 with value: 11.737326622009277.
LOCAL_RANK: 0 - CUDA_VISIBLE_DEVICES: [0]
[I 2023-11-30 08:25:34,177] Trial 60 finished with value: 13.71692943572998 and parameters: {'gradient_clip_val': 0.11930376104815253, 'hidden_size': 89, 'dropout': 0.18862920435003722, 'hidden_continuous_size': 80, 'attention_head_size': 2, 'learning_rate': 0.0047199329520956354}. Best is trial 12 with value: 11.737326622009277.
LOCAL_RANK: 0 - CUDA_VISIBLE_DEVICES: [0]
[I 2023-11-30 08:25:48,878] Trial 61 finished with value: 12.873866081237793 and parameters: {'gradient_clip_val': 0.10771954482260354, 'hidden_size': 138, 'dropout': 0.24959565890319743, 'hidden_continuous_size': 128, 'attention_head_size': 1, 'learning_rate': 0.004012635190566576}. Best is trial 12 with value: 11.737326622009277.
LOCAL_RANK: 0 - CUDA_VISIBLE_DEVICES: [0]
[I 2023-11-30 08:26:03,206] Trial 62 finished with value: 13.530487060546875 and parameters: {'gradient_clip_val': 0.12203107670247818, 'hidden_size': 125, 'dropout': 0.22337773608746858, 'hidden_continuous_size': 110, 'attention_head_size': 1, 'learning_rate': 0.008384842194472298}. Best is trial 12 with value: 11.737326622009277.
LOCAL_RANK: 0 - CUDA_VISIBLE_DEVICES: [0]
[I 2023-11-30 08:26:17,493] Trial 63 finished with value: 12.900261878967285 and parameters: {'gradient_clip_val': 0.12943263761303303, 'hidden_size': 115, 'dropout': 0.2786319214874836, 'hidden_continuous_size': 103, 'attention_head_size': 2, 'learning_rate': 0.0027210786829104084}. Best is trial 12 with value: 11.737326622009277.
LOCAL_RANK: 0 - CUDA_VISIBLE_DEVICES: [0]
