[I 2023-11-29 21:38:48,045] Trial 103 finished with value: 0.18234968185424805 and parameters: {'gradient_clip_val': 0.3589282939106512, 'hidden_size': 104, 'dropout': 0.34406033958117144, 'hidden_continuous_size': 36, 'attention_head_size': 3, 'learning_rate': 0.03391425380689451}. Best is trial 14 with value: 0.10327708721160889.
LOCAL_RANK: 0 - CUDA_VISIBLE_DEVICES: [0]
[I 2023-11-29 21:39:02,148] Trial 104 finished with value: 0.18851716816425323 and parameters: {'gradient_clip_val': 0.31751592122660627, 'hidden_size': 97, 'dropout': 0.317951421056398, 'hidden_continuous_size': 44, 'attention_head_size': 3, 'learning_rate': 0.02942245793294414}. Best is trial 14 with value: 0.10327708721160889.
LOCAL_RANK: 0 - CUDA_VISIBLE_DEVICES: [0]
[I 2023-11-29 21:39:16,061] Trial 105 finished with value: 0.16964201629161835 and parameters: {'gradient_clip_val': 0.4123401201785085, 'hidden_size': 114, 'dropout': 0.3535859593346653, 'hidden_continuous_size': 31, 'attention_head_size': 3, 'learning_rate': 0.023457737158544687}. Best is trial 14 with value: 0.10327708721160889.
LOCAL_RANK: 0 - CUDA_VISIBLE_DEVICES: [0]
[I 2023-11-29 21:39:29,587] Trial 106 finished with value: 0.2171633392572403 and parameters: {'gradient_clip_val': 0.3415528382807678, 'hidden_size': 84, 'dropout': 0.33948809995975415, 'hidden_continuous_size': 33, 'attention_head_size': 2, 'learning_rate': 0.026098239306385444}. Best is trial 14 with value: 0.10327708721160889.
LOCAL_RANK: 0 - CUDA_VISIBLE_DEVICES: [0]
[I 2023-11-29 21:39:43,304] Trial 107 finished with value: 0.16726930439472198 and parameters: {'gradient_clip_val': 0.3053746760506235, 'hidden_size': 75, 'dropout': 0.3319560600268488, 'hidden_continuous_size': 41, 'attention_head_size': 3, 'learning_rate': 0.021529633464522423}. Best is trial 14 with value: 0.10327708721160889.
LOCAL_RANK: 0 - CUDA_VISIBLE_DEVICES: [0]
[I 2023-11-29 21:39:57,042] Trial 108 finished with value: 0.41866669058799744 and parameters: {'gradient_clip_val': 0.23358436145875186, 'hidden_size': 91, 'dropout': 0.3645045236683927, 'hidden_continuous_size': 39, 'attention_head_size': 2, 'learning_rate': 0.016198683801356337}. Best is trial 14 with value: 0.10327708721160889.
LOCAL_RANK: 0 - CUDA_VISIBLE_DEVICES: [0]
[I 2023-11-29 21:40:11,231] Trial 109 finished with value: 0.18829119205474854 and parameters: {'gradient_clip_val': 0.27058187921275856, 'hidden_size': 128, 'dropout': 0.32251329470611895, 'hidden_continuous_size': 34, 'attention_head_size': 3, 'learning_rate': 0.035115692128975626}. Best is trial 14 with value: 0.10327708721160889.
LOCAL_RANK: 0 - CUDA_VISIBLE_DEVICES: [0]
[I 2023-11-29 21:40:24,735] Trial 110 finished with value: 0.1749873012304306 and parameters: {'gradient_clip_val': 0.383657955539168, 'hidden_size': 68, 'dropout': 0.2956688231288094, 'hidden_continuous_size': 42, 'attention_head_size': 4, 'learning_rate': 0.048888692174892945}. Best is trial 14 with value: 0.10327708721160889.
LOCAL_RANK: 0 - CUDA_VISIBLE_DEVICES: [0]
[I 2023-11-29 21:40:38,794] Trial 111 finished with value: 0.16353461146354675 and parameters: {'gradient_clip_val': 0.3309144008263294, 'hidden_size': 121, 'dropout': 0.3007582313400645, 'hidden_continuous_size': 49, 'attention_head_size': 1, 'learning_rate': 0.02000887867537818}. Best is trial 14 with value: 0.10327708721160889.
LOCAL_RANK: 0 - CUDA_VISIBLE_DEVICES: [0]
[I 2023-11-29 21:40:52,725] Trial 112 finished with value: 0.24802638590335846 and parameters: {'gradient_clip_val': 0.36545331732654834, 'hidden_size': 108, 'dropout': 0.3305797167561662, 'hidden_continuous_size': 45, 'attention_head_size': 3, 'learning_rate': 0.017678200305583962}. Best is trial 14 with value: 0.10327708721160889.
LOCAL_RANK: 0 - CUDA_VISIBLE_DEVICES: [0]
[I 2023-11-29 21:41:06,582] Trial 113 finished with value: 0.1910276859998703 and parameters: {'gradient_clip_val': 0.4609102265371807, 'hidden_size': 100, 'dropout': 0.25211050695942705, 'hidden_continuous_size': 46, 'attention_head_size': 2, 'learning_rate': 0.01365631176822655}. Best is trial 14 with value: 0.10327708721160889.
LOCAL_RANK: 0 - CUDA_VISIBLE_DEVICES: [0]
[I 2023-11-29 21:41:21,030] Trial 114 finished with value: 0.17216259241104126 and parameters: {'gradient_clip_val': 0.42507835477403144, 'hidden_size': 138, 'dropout': 0.29071105001692976, 'hidden_continuous_size': 51, 'attention_head_size': 3, 'learning_rate': 0.018636106426330994}. Best is trial 14 with value: 0.10327708721160889.
LOCAL_RANK: 0 - CUDA_VISIBLE_DEVICES: [0]
[I 2023-11-29 21:41:34,768] Trial 115 finished with value: 0.0708102434873581 and parameters: {'gradient_clip_val': 0.40442356668146956, 'hidden_size': 128, 'dropout': 0.30520961235284233, 'hidden_continuous_size': 61, 'attention_head_size': 1, 'learning_rate': 0.027157973526435463}. Best is trial 115 with value: 0.0708102434873581.
LOCAL_RANK: 0 - CUDA_VISIBLE_DEVICES: [0]
[I 2023-11-29 21:41:48,910] Trial 116 finished with value: 0.1779359132051468 and parameters: {'gradient_clip_val': 0.28602850855800926, 'hidden_size': 131, 'dropout': 0.30619529428606357, 'hidden_continuous_size': 57, 'attention_head_size': 2, 'learning_rate': 0.031022217543734954}. Best is trial 115 with value: 0.0708102434873581.
LOCAL_RANK: 0 - CUDA_VISIBLE_DEVICES: [0]
[I 2023-11-29 21:42:03,179] Trial 117 finished with value: 0.17779801785945892 and parameters: {'gradient_clip_val': 0.4017059902477003, 'hidden_size': 115, 'dropout': 0.32106910524630095, 'hidden_continuous_size': 63, 'attention_head_size': 3, 'learning_rate': 0.042779922694691906}. Best is trial 115 with value: 0.0708102434873581.
LOCAL_RANK: 0 - CUDA_VISIBLE_DEVICES: [0]
[I 2023-11-29 21:42:16,849] Trial 118 finished with value: 0.15362001955509186 and parameters: {'gradient_clip_val': 0.3499341463937405, 'hidden_size': 86, 'dropout': 0.31202485588207557, 'hidden_continuous_size': 36, 'attention_head_size': 1, 'learning_rate': 0.02752081361017594}. Best is trial 115 with value: 0.0708102434873581.
LOCAL_RANK: 0 - CUDA_VISIBLE_DEVICES: [0]
[I 2023-11-29 21:42:31,019] Trial 119 finished with value: 0.13902537524700165 and parameters: {'gradient_clip_val': 0.549643663574251, 'hidden_size': 81, 'dropout': 0.33733071848372004, 'hidden_continuous_size': 52, 'attention_head_size': 4, 'learning_rate': 0.024572683127741024}. Best is trial 115 with value: 0.0708102434873581.
LOCAL_RANK: 0 - CUDA_VISIBLE_DEVICES: [0]
[I 2023-11-29 21:42:44,588] Trial 120 finished with value: 0.1684020757675171 and parameters: {'gradient_clip_val': 0.3769101667232554, 'hidden_size': 72, 'dropout': 0.3271926914956154, 'hidden_continuous_size': 49, 'attention_head_size': 2, 'learning_rate': 0.0368671011556078}. Best is trial 115 with value: 0.0708102434873581.
LOCAL_RANK: 0 - CUDA_VISIBLE_DEVICES: [0]
[I 2023-11-29 21:42:58,975] Trial 121 finished with value: 0.15697108209133148 and parameters: {'gradient_clip_val': 0.4428947272742384, 'hidden_size': 143, 'dropout': 0.29623278395343167, 'hidden_continuous_size': 78, 'attention_head_size': 1, 'learning_rate': 0.021821818015874468}. Best is trial 115 with value: 0.0708102434873581.
LOCAL_RANK: 0 - CUDA_VISIBLE_DEVICES: [0]
[I 2023-11-29 21:43:12,914] Trial 122 finished with value: 0.21656186878681183 and parameters: {'gradient_clip_val': 0.4030033838890003, 'hidden_size': 124, 'dropout': 0.2800415114997309, 'hidden_continuous_size': 56, 'attention_head_size': 1, 'learning_rate': 0.02885651167609985}. Best is trial 115 with value: 0.0708102434873581.
LOCAL_RANK: 0 - CUDA_VISIBLE_DEVICES: [0]
[I 2023-11-29 21:43:26,813] Trial 123 finished with value: 0.15392614901065826 and parameters: {'gradient_clip_val': 0.3596079495654793, 'hidden_size': 108, 'dropout': 0.16843370017177348, 'hidden_continuous_size': 38, 'attention_head_size': 1, 'learning_rate': 0.023364489083686046}. Best is trial 115 with value: 0.0708102434873581.
LOCAL_RANK: 0 - CUDA_VISIBLE_DEVICES: [0]
[I 2023-11-29 21:43:40,920] Trial 124 finished with value: 0.13413508236408234 and parameters: {'gradient_clip_val': 0.46141384304934074, 'hidden_size': 119, 'dropout': 0.2700689664560613, 'hidden_continuous_size': 60, 'attention_head_size': 1, 'learning_rate': 0.01905324239764893}. Best is trial 115 with value: 0.0708102434873581.
LOCAL_RANK: 0 - CUDA_VISIBLE_DEVICES: [0]
[I 2023-11-29 21:43:54,837] Trial 125 finished with value: 0.21237720549106598 and parameters: {'gradient_clip_val': 0.5070378958386602, 'hidden_size': 99, 'dropout': 0.3506008007170543, 'hidden_continuous_size': 53, 'attention_head_size': 1, 'learning_rate': 0.02648510428609959}. Best is trial 115 with value: 0.0708102434873581.
LOCAL_RANK: 0 - CUDA_VISIBLE_DEVICES: [0]
[I 2023-11-29 21:44:08,872] Trial 126 finished with value: 0.15546417236328125 and parameters: {'gradient_clip_val': 0.4736940589271988, 'hidden_size': 118, 'dropout': 0.26701222830649207, 'hidden_continuous_size': 63, 'attention_head_size': 1, 'learning_rate': 0.03255533610428205}. Best is trial 115 with value: 0.0708102434873581.
LOCAL_RANK: 0 - CUDA_VISIBLE_DEVICES: [0]
[I 2023-11-29 21:44:22,863] Trial 127 finished with value: 0.16772401332855225 and parameters: {'gradient_clip_val': 0.30315332468074707, 'hidden_size': 93, 'dropout': 0.35607310949777804, 'hidden_continuous_size': 43, 'attention_head_size': 3, 'learning_rate': 0.01933138180533227}. Best is trial 115 with value: 0.0708102434873581.
LOCAL_RANK: 0 - CUDA_VISIBLE_DEVICES: [0]
[I 2023-11-29 21:44:36,973] Trial 128 finished with value: 0.19278007745742798 and parameters: {'gradient_clip_val': 0.3220690040608072, 'hidden_size': 129, 'dropout': 0.2825815362364895, 'hidden_continuous_size': 56, 'attention_head_size': 1, 'learning_rate': 0.016248229745562195}. Best is trial 115 with value: 0.0708102434873581.
LOCAL_RANK: 0 - CUDA_VISIBLE_DEVICES: [0]
[I 2023-11-29 21:44:50,918] Trial 129 finished with value: 0.18702471256256104 and parameters: {'gradient_clip_val': 0.38242215207041597, 'hidden_size': 104, 'dropout': 0.2885484170635593, 'hidden_continuous_size': 32, 'attention_head_size': 3, 'learning_rate': 0.05600799312211158}. Best is trial 115 with value: 0.0708102434873581.
LOCAL_RANK: 0 - CUDA_VISIBLE_DEVICES: [0]
[I 2023-11-29 21:45:04,775] Trial 130 finished with value: 0.1701842099428177 and parameters: {'gradient_clip_val': 0.4288565204511778, 'hidden_size': 113, 'dropout': 0.34540977395535044, 'hidden_continuous_size': 29, 'attention_head_size': 2, 'learning_rate': 0.03993800526545967}. Best is trial 115 with value: 0.0708102434873581.
LOCAL_RANK: 0 - CUDA_VISIBLE_DEVICES: [0]
[I 2023-11-29 21:45:19,057] Trial 131 finished with value: 0.2653249204158783 and parameters: {'gradient_clip_val': 0.45281541329163555, 'hidden_size': 145, 'dropout': 0.27622884251639085, 'hidden_continuous_size': 61, 'attention_head_size': 1, 'learning_rate': 0.021118943989252622}. Best is trial 115 with value: 0.0708102434873581.
LOCAL_RANK: 0 - CUDA_VISIBLE_DEVICES: [0]
[I 2023-11-29 21:45:33,328] Trial 132 finished with value: 0.19828014075756073 and parameters: {'gradient_clip_val': 0.5651298982028705, 'hidden_size': 122, 'dropout': 0.27409101422015475, 'hidden_continuous_size': 67, 'attention_head_size': 1, 'learning_rate': 0.01839038188849994}. Best is trial 115 with value: 0.0708102434873581.
LOCAL_RANK: 0 - CUDA_VISIBLE_DEVICES: [0]
[I 2023-11-29 21:45:47,560] Trial 133 finished with value: 0.22691069543361664 and parameters: {'gradient_clip_val': 0.5998578898373657, 'hidden_size': 136, 'dropout': 0.2708591063058788, 'hidden_continuous_size': 73, 'attention_head_size': 1, 'learning_rate': 0.023751862160330785}. Best is trial 115 with value: 0.0708102434873581.
LOCAL_RANK: 0 - CUDA_VISIBLE_DEVICES: [0]
[I 2023-11-29 21:46:01,704] Trial 134 finished with value: 0.2777145206928253 and parameters: {'gradient_clip_val': 0.5312873368484883, 'hidden_size': 111, 'dropout': 0.3029955875066982, 'hidden_continuous_size': 58, 'attention_head_size': 1, 'learning_rate': 0.017734793561833714}. Best is trial 115 with value: 0.0708102434873581.
LOCAL_RANK: 0 - CUDA_VISIBLE_DEVICES: [0]
[I 2023-11-29 21:46:16,078] Trial 135 finished with value: 0.15636418759822845 and parameters: {'gradient_clip_val': 0.4966728881488164, 'hidden_size': 150, 'dropout': 0.2666989360678624, 'hidden_continuous_size': 48, 'attention_head_size': 1, 'learning_rate': 0.029213870178287867}. Best is trial 115 with value: 0.0708102434873581.
LOCAL_RANK: 0 - CUDA_VISIBLE_DEVICES: [0]
[I 2023-11-29 21:46:29,544] Trial 136 finished with value: 0.2054838389158249 and parameters: {'gradient_clip_val': 0.4170289119582796, 'hidden_size': 66, 'dropout': 0.20477951409213846, 'hidden_continuous_size': 34, 'attention_head_size': 2, 'learning_rate': 0.015699579755054517}. Best is trial 115 with value: 0.0708102434873581.
LOCAL_RANK: 0 - CUDA_VISIBLE_DEVICES: [0]
[I 2023-11-29 21:46:43,399] Trial 137 finished with value: 0.19390027225017548 and parameters: {'gradient_clip_val': 0.3453688396289387, 'hidden_size': 89, 'dropout': 0.31404148997146436, 'hidden_continuous_size': 39, 'attention_head_size': 3, 'learning_rate': 0.014194116415544699}. Best is trial 115 with value: 0.0708102434873581.
LOCAL_RANK: 0 - CUDA_VISIBLE_DEVICES: [0]
[I 2023-11-29 21:46:57,342] Trial 138 finished with value: 0.1785997599363327 and parameters: {'gradient_clip_val': 0.48413002688018686, 'hidden_size': 119, 'dropout': 0.2867246501103712, 'hidden_continuous_size': 52, 'attention_head_size': 1, 'learning_rate': 0.025648263914831604}. Best is trial 115 with value: 0.0708102434873581.
LOCAL_RANK: 0 - CUDA_VISIBLE_DEVICES: [0]
[I 2023-11-29 21:47:11,163] Trial 139 finished with value: 0.1729009598493576 and parameters: {'gradient_clip_val': 0.3870386248033747, 'hidden_size': 77, 'dropout': 0.3419277160553661, 'hidden_continuous_size': 41, 'attention_head_size': 3, 'learning_rate': 0.046355947439859144}. Best is trial 115 with value: 0.0708102434873581.
LOCAL_RANK: 0 - CUDA_VISIBLE_DEVICES: [0]
[I 2023-11-29 21:47:24,688] Trial 140 finished with value: 0.18420781195163727 and parameters: {'gradient_clip_val': 0.6388842395671855, 'hidden_size': 61, 'dropout': 0.335291240081316, 'hidden_continuous_size': 54, 'attention_head_size': 2, 'learning_rate': 0.020533721252772492}. Best is trial 115 with value: 0.0708102434873581.
LOCAL_RANK: 0 - CUDA_VISIBLE_DEVICES: [0]
[I 2023-11-29 21:47:38,810] Trial 141 finished with value: 0.11999999731779099 and parameters: {'gradient_clip_val': 0.6682908223391274, 'hidden_size': 107, 'dropout': 0.37724077142818657, 'hidden_continuous_size': 35, 'attention_head_size': 4, 'learning_rate': 0.022783349897628955}. Best is trial 115 with value: 0.0708102434873581.
LOCAL_RANK: 0 - CUDA_VISIBLE_DEVICES: [0]
[I 2023-11-29 21:47:52,853] Trial 142 finished with value: 0.2287258505821228 and parameters: {'gradient_clip_val': 0.7485007417869733, 'hidden_size': 99, 'dropout': 0.3778212984171404, 'hidden_continuous_size': 36, 'attention_head_size': 4, 'learning_rate': 0.023123271509052558}. Best is trial 115 with value: 0.0708102434873581.
LOCAL_RANK: 0 - CUDA_VISIBLE_DEVICES: [0]
[I 2023-11-29 21:48:07,060] Trial 143 finished with value: 0.20376642048358917 and parameters: {'gradient_clip_val': 0.443415162989912, 'hidden_size': 129, 'dropout': 0.3613416499844684, 'hidden_continuous_size': 35, 'attention_head_size': 4, 'learning_rate': 0.019087213049085595}. Best is trial 115 with value: 0.0708102434873581.
LOCAL_RANK: 0 - CUDA_VISIBLE_DEVICES: [0]
[I 2023-11-29 21:48:21,002] Trial 144 finished with value: 0.15267574787139893 and parameters: {'gradient_clip_val': 0.5224596417330268, 'hidden_size': 105, 'dropout': 0.39609123392936846, 'hidden_continuous_size': 37, 'attention_head_size': 3, 'learning_rate': 0.027341171495587072}. Best is trial 115 with value: 0.0708102434873581.
LOCAL_RANK: 0 - CUDA_VISIBLE_DEVICES: [0]
[I 2023-11-29 21:48:34,777] Trial 145 finished with value: 0.17821259796619415 and parameters: {'gradient_clip_val': 0.560948209370051, 'hidden_size': 96, 'dropout': 0.37208432766762056, 'hidden_continuous_size': 31, 'attention_head_size': 4, 'learning_rate': 0.032730823709355705}. Best is trial 115 with value: 0.0708102434873581.
LOCAL_RANK: 0 - CUDA_VISIBLE_DEVICES: [0]
[I 2023-11-29 21:48:48,891] Trial 146 finished with value: 0.17114360630512238 and parameters: {'gradient_clip_val': 0.3304497208026642, 'hidden_size': 113, 'dropout': 0.19178068904341616, 'hidden_continuous_size': 40, 'attention_head_size': 4, 'learning_rate': 0.02214749655645717}. Best is trial 115 with value: 0.0708102434873581.
LOCAL_RANK: 0 - CUDA_VISIBLE_DEVICES: [0]
[I 2023-11-29 21:49:02,589] Trial 147 finished with value: 0.1840798407793045 and parameters: {'gradient_clip_val': 0.36333808377945476, 'hidden_size': 80, 'dropout': 0.23724473620689746, 'hidden_continuous_size': 39, 'attention_head_size': 4, 'learning_rate': 0.02503938123779768}. Best is trial 115 with value: 0.0708102434873581.
LOCAL_RANK: 0 - CUDA_VISIBLE_DEVICES: [0]
[I 2023-11-29 21:49:16,517] Trial 148 finished with value: 0.16642285883426666 and parameters: {'gradient_clip_val': 0.41099999037488855, 'hidden_size': 125, 'dropout': 0.32640045752321334, 'hidden_continuous_size': 45, 'attention_head_size': 1, 'learning_rate': 0.03645938598996666}. Best is trial 115 with value: 0.0708102434873581.
LOCAL_RANK: 0 - CUDA_VISIBLE_DEVICES: [0]
[I 2023-11-29 21:49:30,462] Trial 149 finished with value: 0.21006114780902863 and parameters: {'gradient_clip_val': 0.4635212666240759, 'hidden_size': 88, 'dropout': 0.21518597700184972, 'hidden_continuous_size': 34, 'attention_head_size': 4, 'learning_rate': 0.01266013316180653}. Best is trial 115 with value: 0.0708102434873581.
[I 2023-11-29 21:49:30,573] A new study created in memory with name: no-name-d7e17e74-a0cf-4b7e-b660-773ec0ecaa9c
/home/le004/conda/anaconda3/envs/tsff_env/lib/python3.9/site-packages/lightning/fabric/plugins/environments/slurm.py:191: The `srun` command is available on your system but is not used. HINT: If your intention is to run Lightning on SLURM, prepend your python command with `srun` like so: srun python /home/le004/master_thesis/git/TSFusionForecast/code/ ...
LOCAL_RANK: 0 - CUDA_VISIBLE_DEVICES: [0]
[I 2023-11-29 21:49:43,634] Trial 0 finished with value: 0.4490928649902344 and parameters: {'gradient_clip_val': 0.6053842720936782, 'hidden_size': 55, 'dropout': 0.20091560263384925, 'hidden_continuous_size': 17, 'attention_head_size': 4, 'learning_rate': 0.006818503937592034}. Best is trial 0 with value: 0.4490928649902344.
LOCAL_RANK: 0 - CUDA_VISIBLE_DEVICES: [0]
[I 2023-11-29 21:49:57,645] Trial 1 finished with value: 0.315674751996994 and parameters: {'gradient_clip_val': 0.32066783189953435, 'hidden_size': 97, 'dropout': 0.3746035928981293, 'hidden_continuous_size': 41, 'attention_head_size': 4, 'learning_rate': 0.013128914462303156}. Best is trial 1 with value: 0.315674751996994.
LOCAL_RANK: 0 - CUDA_VISIBLE_DEVICES: [0]
[I 2023-11-29 21:50:07,872] Trial 2 finished with value: 0.7699639201164246 and parameters: {'gradient_clip_val': 0.975132715045421, 'hidden_size': 14, 'dropout': 0.31130175142962513, 'hidden_continuous_size': 14, 'attention_head_size': 3, 'learning_rate': 0.02451623348698042}. Best is trial 1 with value: 0.315674751996994.
LOCAL_RANK: 0 - CUDA_VISIBLE_DEVICES: [0]
[I 2023-11-29 21:50:20,543] Trial 3 finished with value: 0.30855444073677063 and parameters: {'gradient_clip_val': 0.46981031847792537, 'hidden_size': 34, 'dropout': 0.26329150500063914, 'hidden_continuous_size': 19, 'attention_head_size': 2, 'learning_rate': 0.02208286426262858}. Best is trial 3 with value: 0.30855444073677063.
LOCAL_RANK: 0 - CUDA_VISIBLE_DEVICES: [0]
[I 2023-11-29 21:50:33,389] Trial 4 finished with value: 0.366039514541626 and parameters: {'gradient_clip_val': 0.12787327156093786, 'hidden_size': 52, 'dropout': 0.2325899998141752, 'hidden_continuous_size': 28, 'attention_head_size': 2, 'learning_rate': 0.007106283316315841}. Best is trial 3 with value: 0.30855444073677063.
LOCAL_RANK: 0 - CUDA_VISIBLE_DEVICES: [0]
[I 2023-11-29 21:50:46,602] Trial 5 finished with value: 0.46659478545188904 and parameters: {'gradient_clip_val': 0.20933061223246976, 'hidden_size': 49, 'dropout': 0.10241864444982134, 'hidden_continuous_size': 15, 'attention_head_size': 4, 'learning_rate': 0.005035340277999416}. Best is trial 3 with value: 0.30855444073677063.
LOCAL_RANK: 0 - CUDA_VISIBLE_DEVICES: [0]
[I 2023-11-29 21:50:59,615] Trial 6 finished with value: 0.1571195274591446 and parameters: {'gradient_clip_val': 0.4679591631811337, 'hidden_size': 48, 'dropout': 0.11772569368673305, 'hidden_continuous_size': 30, 'attention_head_size': 4, 'learning_rate': 0.08117482737687012}. Best is trial 6 with value: 0.1571195274591446.
LOCAL_RANK: 0 - CUDA_VISIBLE_DEVICES: [0]
[I 2023-11-29 21:51:12,924] Trial 7 finished with value: 0.25623375177383423 and parameters: {'gradient_clip_val': 0.3477309653302366, 'hidden_size': 64, 'dropout': 0.28863157997924827, 'hidden_continuous_size': 28, 'attention_head_size': 4, 'learning_rate': 0.010514542351733738}. Best is trial 6 with value: 0.1571195274591446.
LOCAL_RANK: 0 - CUDA_VISIBLE_DEVICES: [0]
[I 2023-11-29 21:51:26,512] Trial 8 finished with value: 0.15418511629104614 and parameters: {'gradient_clip_val': 0.4721918596692713, 'hidden_size': 88, 'dropout': 0.227731863159766, 'hidden_continuous_size': 42, 'attention_head_size': 3, 'learning_rate': 0.008819894933412852}. Best is trial 8 with value: 0.15418511629104614.
LOCAL_RANK: 0 - CUDA_VISIBLE_DEVICES: [0]
[I 2023-11-29 21:51:39,050] Trial 9 finished with value: 0.17737090587615967 and parameters: {'gradient_clip_val': 0.5161322659521369, 'hidden_size': 44, 'dropout': 0.2761242965031635, 'hidden_continuous_size': 11, 'attention_head_size': 3, 'learning_rate': 0.04288542944229767}. Best is trial 8 with value: 0.15418511629104614.
LOCAL_RANK: 0 - CUDA_VISIBLE_DEVICES: [0]
