[I 2023-11-30 05:42:30,356] Trial 56 finished with value: 23.48884391784668 and parameters: {'gradient_clip_val': 0.3549246712140339, 'hidden_size': 22, 'dropout': 0.2958158047464288, 'hidden_continuous_size': 16, 'attention_head_size': 2, 'learning_rate': 0.008290070407591384}. Best is trial 31 with value: 20.456266403198242.
LOCAL_RANK: 0 - CUDA_VISIBLE_DEVICES: [0]
[I 2023-11-30 05:42:42,515] Trial 57 finished with value: 24.566999435424805 and parameters: {'gradient_clip_val': 0.2910632908241342, 'hidden_size': 30, 'dropout': 0.33331338489677326, 'hidden_continuous_size': 11, 'attention_head_size': 3, 'learning_rate': 0.013169424402604626}. Best is trial 31 with value: 20.456266403198242.
LOCAL_RANK: 0 - CUDA_VISIBLE_DEVICES: [0]
[I 2023-11-30 05:42:55,373] Trial 58 finished with value: 25.38804817199707 and parameters: {'gradient_clip_val': 0.10768313912715313, 'hidden_size': 37, 'dropout': 0.30599276959467236, 'hidden_continuous_size': 20, 'attention_head_size': 4, 'learning_rate': 0.015112083909344303}. Best is trial 31 with value: 20.456266403198242.
LOCAL_RANK: 0 - CUDA_VISIBLE_DEVICES: [0]
[I 2023-11-30 05:43:07,579] Trial 59 finished with value: 23.41457176208496 and parameters: {'gradient_clip_val': 0.24029397354670323, 'hidden_size': 25, 'dropout': 0.28872558056603315, 'hidden_continuous_size': 15, 'attention_head_size': 2, 'learning_rate': 0.010320627519821731}. Best is trial 31 with value: 20.456266403198242.
LOCAL_RANK: 0 - CUDA_VISIBLE_DEVICES: [0]
[I 2023-11-30 05:43:20,684] Trial 60 finished with value: 19.87871551513672 and parameters: {'gradient_clip_val': 0.1235325794772511, 'hidden_size': 49, 'dropout': 0.3502823014772933, 'hidden_continuous_size': 25, 'attention_head_size': 3, 'learning_rate': 0.008258201899957579}. Best is trial 60 with value: 19.87871551513672.
LOCAL_RANK: 0 - CUDA_VISIBLE_DEVICES: [0]
[I 2023-11-30 05:43:33,925] Trial 61 finished with value: 24.366064071655273 and parameters: {'gradient_clip_val': 0.12104816167185405, 'hidden_size': 54, 'dropout': 0.3528353758361109, 'hidden_continuous_size': 28, 'attention_head_size': 3, 'learning_rate': 0.008156848265415075}. Best is trial 60 with value: 19.87871551513672.
LOCAL_RANK: 0 - CUDA_VISIBLE_DEVICES: [0]
[I 2023-11-30 05:43:46,437] Trial 62 finished with value: 25.87175941467285 and parameters: {'gradient_clip_val': 0.1331212587488057, 'hidden_size': 30, 'dropout': 0.3396580002948113, 'hidden_continuous_size': 26, 'attention_head_size': 3, 'learning_rate': 0.005625231770640857}. Best is trial 60 with value: 19.87871551513672.
LOCAL_RANK: 0 - CUDA_VISIBLE_DEVICES: [0]
[I 2023-11-30 05:43:59,423] Trial 63 finished with value: 28.498178482055664 and parameters: {'gradient_clip_val': 0.10164663080393604, 'hidden_size': 46, 'dropout': 0.3577507332966048, 'hidden_continuous_size': 24, 'attention_head_size': 3, 'learning_rate': 0.007696455060761766}. Best is trial 60 with value: 19.87871551513672.
LOCAL_RANK: 0 - CUDA_VISIBLE_DEVICES: [0]
[I 2023-11-30 05:44:12,075] Trial 64 finished with value: 22.55188751220703 and parameters: {'gradient_clip_val': 0.12334941125423596, 'hidden_size': 35, 'dropout': 0.37414168077341264, 'hidden_continuous_size': 17, 'attention_head_size': 3, 'learning_rate': 0.006375241258836103}. Best is trial 60 with value: 19.87871551513672.
LOCAL_RANK: 0 - CUDA_VISIBLE_DEVICES: [0]
[I 2023-11-30 05:44:24,787] Trial 65 finished with value: 20.493635177612305 and parameters: {'gradient_clip_val': 0.10932344211376298, 'hidden_size': 40, 'dropout': 0.3205717000147086, 'hidden_continuous_size': 21, 'attention_head_size': 2, 'learning_rate': 0.009503842201012329}. Best is trial 60 with value: 19.87871551513672.
LOCAL_RANK: 0 - CUDA_VISIBLE_DEVICES: [0]
[I 2023-11-30 05:44:37,618] Trial 66 finished with value: 25.51560401916504 and parameters: {'gradient_clip_val': 0.10944588182057284, 'hidden_size': 41, 'dropout': 0.3182320609699056, 'hidden_continuous_size': 23, 'attention_head_size': 2, 'learning_rate': 0.005007236855966727}. Best is trial 60 with value: 19.87871551513672.
LOCAL_RANK: 0 - CUDA_VISIBLE_DEVICES: [0]
[I 2023-11-30 05:44:50,131] Trial 67 finished with value: 21.505727767944336 and parameters: {'gradient_clip_val': 0.151946594138189, 'hidden_size': 37, 'dropout': 0.34087016329946995, 'hidden_continuous_size': 22, 'attention_head_size': 2, 'learning_rate': 0.012270700585998683}. Best is trial 60 with value: 19.87871551513672.
LOCAL_RANK: 0 - CUDA_VISIBLE_DEVICES: [0]
[I 2023-11-30 05:45:03,046] Trial 68 finished with value: 29.23223876953125 and parameters: {'gradient_clip_val': 0.1509603134789381, 'hidden_size': 49, 'dropout': 0.3473837507307724, 'hidden_continuous_size': 27, 'attention_head_size': 1, 'learning_rate': 0.011848254424573209}. Best is trial 60 with value: 19.87871551513672.
LOCAL_RANK: 0 - CUDA_VISIBLE_DEVICES: [0]
[I 2023-11-30 05:45:15,473] Trial 69 finished with value: 27.442312240600586 and parameters: {'gradient_clip_val': 0.1388829780205858, 'hidden_size': 40, 'dropout': 0.3292962622529584, 'hidden_continuous_size': 23, 'attention_head_size': 2, 'learning_rate': 0.017079537417120733}. Best is trial 60 with value: 19.87871551513672.
LOCAL_RANK: 0 - CUDA_VISIBLE_DEVICES: [0]
[I 2023-11-30 05:45:28,331] Trial 70 finished with value: 24.533432006835938 and parameters: {'gradient_clip_val': 0.12071094699847082, 'hidden_size': 38, 'dropout': 0.3427130657597242, 'hidden_continuous_size': 21, 'attention_head_size': 2, 'learning_rate': 0.009371589252926313}. Best is trial 60 with value: 19.87871551513672.
LOCAL_RANK: 0 - CUDA_VISIBLE_DEVICES: [0]
[I 2023-11-30 05:45:40,862] Trial 71 finished with value: 21.154876708984375 and parameters: {'gradient_clip_val': 0.12970232325725767, 'hidden_size': 36, 'dropout': 0.3254098807753374, 'hidden_continuous_size': 22, 'attention_head_size': 2, 'learning_rate': 0.007496993894385311}. Best is trial 60 with value: 19.87871551513672.
LOCAL_RANK: 0 - CUDA_VISIBLE_DEVICES: [0]
[I 2023-11-30 05:45:53,321] Trial 72 finished with value: 26.105920791625977 and parameters: {'gradient_clip_val': 0.11627421439765605, 'hidden_size': 35, 'dropout': 0.3268672417213994, 'hidden_continuous_size': 22, 'attention_head_size': 2, 'learning_rate': 0.007514256049619953}. Best is trial 60 with value: 19.87871551513672.
LOCAL_RANK: 0 - CUDA_VISIBLE_DEVICES: [0]
[I 2023-11-30 05:46:06,008] Trial 73 finished with value: 27.13080406188965 and parameters: {'gradient_clip_val': 0.12645169830159247, 'hidden_size': 37, 'dropout': 0.3621341014752074, 'hidden_continuous_size': 21, 'attention_head_size': 2, 'learning_rate': 0.010585683115578209}. Best is trial 60 with value: 19.87871551513672.
LOCAL_RANK: 0 - CUDA_VISIBLE_DEVICES: [0]
[I 2023-11-30 05:46:18,870] Trial 74 finished with value: 25.606592178344727 and parameters: {'gradient_clip_val': 0.11125801512465222, 'hidden_size': 45, 'dropout': 0.33939190936603464, 'hidden_continuous_size': 19, 'attention_head_size': 2, 'learning_rate': 0.00879385940995988}. Best is trial 60 with value: 19.87871551513672.
LOCAL_RANK: 0 - CUDA_VISIBLE_DEVICES: [0]
[I 2023-11-30 05:46:31,952] Trial 75 finished with value: 21.244983673095703 and parameters: {'gradient_clip_val': 0.15613503638906262, 'hidden_size': 50, 'dropout': 0.3307680164609918, 'hidden_continuous_size': 25, 'attention_head_size': 2, 'learning_rate': 0.013291106096665612}. Best is trial 60 with value: 19.87871551513672.
LOCAL_RANK: 0 - CUDA_VISIBLE_DEVICES: [0]
[I 2023-11-30 05:46:45,102] Trial 76 finished with value: 22.83055305480957 and parameters: {'gradient_clip_val': 0.13109726029109778, 'hidden_size': 57, 'dropout': 0.31661855246993004, 'hidden_continuous_size': 25, 'attention_head_size': 2, 'learning_rate': 0.006152007306069137}. Best is trial 60 with value: 19.87871551513672.
LOCAL_RANK: 0 - CUDA_VISIBLE_DEVICES: [0]
[I 2023-11-30 05:46:58,124] Trial 77 finished with value: 28.99700927734375 and parameters: {'gradient_clip_val': 0.10331225548794888, 'hidden_size': 51, 'dropout': 0.3070922363560293, 'hidden_continuous_size': 29, 'attention_head_size': 2, 'learning_rate': 0.01386148801292823}. Best is trial 60 with value: 19.87871551513672.
LOCAL_RANK: 0 - CUDA_VISIBLE_DEVICES: [0]
[I 2023-11-30 05:47:11,301] Trial 78 finished with value: 21.866506576538086 and parameters: {'gradient_clip_val': 0.17023879159252042, 'hidden_size': 65, 'dropout': 0.328303419133261, 'hidden_continuous_size': 25, 'attention_head_size': 1, 'learning_rate': 0.011097386913117872}. Best is trial 60 with value: 19.87871551513672.
LOCAL_RANK: 0 - CUDA_VISIBLE_DEVICES: [0]
[I 2023-11-30 05:47:24,060] Trial 79 finished with value: 28.014732360839844 and parameters: {'gradient_clip_val': 0.15734247160036272, 'hidden_size': 43, 'dropout': 0.3532241989447141, 'hidden_continuous_size': 29, 'attention_head_size': 2, 'learning_rate': 0.008465807293356878}. Best is trial 60 with value: 19.87871551513672.
LOCAL_RANK: 0 - CUDA_VISIBLE_DEVICES: [0]
[I 2023-11-30 05:47:36,599] Trial 80 finished with value: 25.083444595336914 and parameters: {'gradient_clip_val': 0.13784330918689197, 'hidden_size': 32, 'dropout': 0.3219242888347365, 'hidden_continuous_size': 24, 'attention_head_size': 2, 'learning_rate': 0.0072524219183483654}. Best is trial 60 with value: 19.87871551513672.
LOCAL_RANK: 0 - CUDA_VISIBLE_DEVICES: [0]
[I 2023-11-30 05:47:49,345] Trial 81 finished with value: 23.78291130065918 and parameters: {'gradient_clip_val': 0.15073528408537765, 'hidden_size': 39, 'dropout': 0.3323191196092218, 'hidden_continuous_size': 22, 'attention_head_size': 2, 'learning_rate': 0.01220104492246284}. Best is trial 60 with value: 19.87871551513672.
LOCAL_RANK: 0 - CUDA_VISIBLE_DEVICES: [0]
[I 2023-11-30 05:48:01,880] Trial 82 finished with value: 21.83514404296875 and parameters: {'gradient_clip_val': 0.17496814772765124, 'hidden_size': 44, 'dropout': 0.34603988544767483, 'hidden_continuous_size': 20, 'attention_head_size': 2, 'learning_rate': 0.015525327037879441}. Best is trial 60 with value: 19.87871551513672.
LOCAL_RANK: 0 - CUDA_VISIBLE_DEVICES: [0]
[I 2023-11-30 05:48:14,796] Trial 83 finished with value: 22.077089309692383 and parameters: {'gradient_clip_val': 0.11656558623372845, 'hidden_size': 49, 'dropout': 0.33900029379113417, 'hidden_continuous_size': 26, 'attention_head_size': 2, 'learning_rate': 0.010107460159469365}. Best is trial 60 with value: 19.87871551513672.
LOCAL_RANK: 0 - CUDA_VISIBLE_DEVICES: [0]
[I 2023-11-30 05:48:27,614] Trial 84 finished with value: 29.949935913085938 and parameters: {'gradient_clip_val': 0.15565628187326042, 'hidden_size': 36, 'dropout': 0.36795360069160477, 'hidden_continuous_size': 21, 'attention_head_size': 2, 'learning_rate': 0.012984440527051225}. Best is trial 60 with value: 19.87871551513672.
LOCAL_RANK: 0 - CUDA_VISIBLE_DEVICES: [0]
[I 2023-11-30 05:48:40,074] Trial 85 finished with value: 23.70599937438965 and parameters: {'gradient_clip_val': 0.14307546080608585, 'hidden_size': 27, 'dropout': 0.3122941024003587, 'hidden_continuous_size': 24, 'attention_head_size': 2, 'learning_rate': 0.011153538764829668}. Best is trial 60 with value: 19.87871551513672.
LOCAL_RANK: 0 - CUDA_VISIBLE_DEVICES: [0]
[I 2023-11-30 05:48:52,755] Trial 86 finished with value: 27.21978759765625 and parameters: {'gradient_clip_val': 0.10755344627761922, 'hidden_size': 41, 'dropout': 0.3028405897777939, 'hidden_continuous_size': 19, 'attention_head_size': 2, 'learning_rate': 0.009223304691528328}. Best is trial 60 with value: 19.87871551513672.
LOCAL_RANK: 0 - CUDA_VISIBLE_DEVICES: [0]
[I 2023-11-30 05:49:05,550] Trial 87 finished with value: 24.92799949645996 and parameters: {'gradient_clip_val': 0.12883424142941569, 'hidden_size': 34, 'dropout': 0.3229297169501603, 'hidden_continuous_size': 22, 'attention_head_size': 4, 'learning_rate': 0.007684618349501409}. Best is trial 60 with value: 19.87871551513672.
LOCAL_RANK: 0 - CUDA_VISIBLE_DEVICES: [0]
[I 2023-11-30 05:49:17,806] Trial 88 finished with value: 18.920333862304688 and parameters: {'gradient_clip_val': 0.19816049654797996, 'hidden_size': 32, 'dropout': 0.33341345829557606, 'hidden_continuous_size': 23, 'attention_head_size': 2, 'learning_rate': 0.0065458349015995254}. Best is trial 88 with value: 18.920333862304688.
LOCAL_RANK: 0 - CUDA_VISIBLE_DEVICES: [0]
[I 2023-11-30 05:49:30,279] Trial 89 finished with value: 25.865346908569336 and parameters: {'gradient_clip_val': 0.21564084615931126, 'hidden_size': 32, 'dropout': 0.33224204316166817, 'hidden_continuous_size': 23, 'attention_head_size': 2, 'learning_rate': 0.006437400570552858}. Best is trial 88 with value: 18.920333862304688.
LOCAL_RANK: 0 - CUDA_VISIBLE_DEVICES: [0]
[I 2023-11-30 05:49:42,731] Trial 90 finished with value: 33.338706970214844 and parameters: {'gradient_clip_val': 0.24786450784478573, 'hidden_size': 26, 'dropout': 0.315786789375251, 'hidden_continuous_size': 24, 'attention_head_size': 2, 'learning_rate': 0.005563794898013861}. Best is trial 88 with value: 18.920333862304688.
LOCAL_RANK: 0 - CUDA_VISIBLE_DEVICES: [0]
[I 2023-11-30 05:49:55,349] Trial 91 finished with value: 18.860692977905273 and parameters: {'gradient_clip_val': 0.2059723798842932, 'hidden_size': 29, 'dropout': 0.3456202474348464, 'hidden_continuous_size': 23, 'attention_head_size': 2, 'learning_rate': 0.008448714942563095}. Best is trial 91 with value: 18.860692977905273.
LOCAL_RANK: 0 - CUDA_VISIBLE_DEVICES: [0]
[I 2023-11-30 05:50:07,570] Trial 92 finished with value: 25.209701538085938 and parameters: {'gradient_clip_val': 0.22527129281777225, 'hidden_size': 32, 'dropout': 0.3525748940618538, 'hidden_continuous_size': 23, 'attention_head_size': 2, 'learning_rate': 0.006851090279152478}. Best is trial 91 with value: 18.860692977905273.
LOCAL_RANK: 0 - CUDA_VISIBLE_DEVICES: [0]
[I 2023-11-30 05:50:20,093] Trial 93 finished with value: 20.8076171875 and parameters: {'gradient_clip_val': 0.2103361735905271, 'hidden_size': 30, 'dropout': 0.3339034504157273, 'hidden_continuous_size': 25, 'attention_head_size': 2, 'learning_rate': 0.008409192789704636}. Best is trial 91 with value: 18.860692977905273.
LOCAL_RANK: 0 - CUDA_VISIBLE_DEVICES: [0]
[I 2023-11-30 05:50:32,748] Trial 94 finished with value: 22.841516494750977 and parameters: {'gradient_clip_val': 0.2066468798903095, 'hidden_size': 29, 'dropout': 0.333211990246112, 'hidden_continuous_size': 26, 'attention_head_size': 2, 'learning_rate': 0.00887361628324019}. Best is trial 91 with value: 18.860692977905273.
LOCAL_RANK: 0 - CUDA_VISIBLE_DEVICES: [0]
[I 2023-11-30 05:50:45,145] Trial 95 finished with value: 20.48206329345703 and parameters: {'gradient_clip_val': 0.1771378818284644, 'hidden_size': 29, 'dropout': 0.32398893623307773, 'hidden_continuous_size': 24, 'attention_head_size': 2, 'learning_rate': 0.010033134960397184}. Best is trial 91 with value: 18.860692977905273.
LOCAL_RANK: 0 - CUDA_VISIBLE_DEVICES: [0]
[I 2023-11-30 05:50:57,507] Trial 96 finished with value: 23.904199600219727 and parameters: {'gradient_clip_val': 0.1941275044694564, 'hidden_size': 29, 'dropout': 0.3230004735929024, 'hidden_continuous_size': 23, 'attention_head_size': 2, 'learning_rate': 0.005988913723195011}. Best is trial 91 with value: 18.860692977905273.
LOCAL_RANK: 0 - CUDA_VISIBLE_DEVICES: [0]
[I 2023-11-30 05:51:10,027] Trial 97 finished with value: 22.313669204711914 and parameters: {'gradient_clip_val': 0.20573754772750336, 'hidden_size': 23, 'dropout': 0.3467118209419739, 'hidden_continuous_size': 22, 'attention_head_size': 2, 'learning_rate': 0.007962819690589018}. Best is trial 91 with value: 18.860692977905273.
LOCAL_RANK: 0 - CUDA_VISIBLE_DEVICES: [0]
[I 2023-11-30 05:51:22,333] Trial 98 finished with value: 24.460662841796875 and parameters: {'gradient_clip_val': 0.18729680105723726, 'hidden_size': 25, 'dropout': 0.31009944081635926, 'hidden_continuous_size': 24, 'attention_head_size': 2, 'learning_rate': 0.01009133841399267}. Best is trial 91 with value: 18.860692977905273.
LOCAL_RANK: 0 - CUDA_VISIBLE_DEVICES: [0]
[I 2023-11-30 05:51:35,152] Trial 99 finished with value: 25.35626792907715 and parameters: {'gradient_clip_val': 0.17927851017115728, 'hidden_size': 31, 'dropout': 0.35708224901936875, 'hidden_continuous_size': 21, 'attention_head_size': 3, 'learning_rate': 0.006808154326865204}. Best is trial 91 with value: 18.860692977905273.
LOCAL_RANK: 0 - CUDA_VISIBLE_DEVICES: [0]
[I 2023-11-30 05:51:47,480] Trial 100 finished with value: 20.42363929748535 and parameters: {'gradient_clip_val': 0.17112215988291918, 'hidden_size': 28, 'dropout': 0.30170693746916677, 'hidden_continuous_size': 25, 'attention_head_size': 1, 'learning_rate': 0.008871055052788842}. Best is trial 91 with value: 18.860692977905273.
LOCAL_RANK: 0 - CUDA_VISIBLE_DEVICES: [0]
[I 2023-11-30 05:51:59,637] Trial 101 finished with value: 21.50371551513672 and parameters: {'gradient_clip_val': 0.19548256476624093, 'hidden_size': 28, 'dropout': 0.2993649489764587, 'hidden_continuous_size': 25, 'attention_head_size': 1, 'learning_rate': 0.00874850133295096}. Best is trial 91 with value: 18.860692977905273.
LOCAL_RANK: 0 - CUDA_VISIBLE_DEVICES: [0]
[I 2023-11-30 05:52:11,829] Trial 102 finished with value: 26.38100242614746 and parameters: {'gradient_clip_val': 0.17156811149708212, 'hidden_size': 26, 'dropout': 0.3147031819069277, 'hidden_continuous_size': 24, 'attention_head_size': 1, 'learning_rate': 0.009227582589681087}. Best is trial 91 with value: 18.860692977905273.
LOCAL_RANK: 0 - CUDA_VISIBLE_DEVICES: [0]
[I 2023-11-30 05:52:24,233] Trial 103 finished with value: 28.662694931030273 and parameters: {'gradient_clip_val': 0.1666800384677791, 'hidden_size': 30, 'dropout': 0.3190224944978821, 'hidden_continuous_size': 26, 'attention_head_size': 1, 'learning_rate': 0.007784927909891707}. Best is trial 91 with value: 18.860692977905273.
LOCAL_RANK: 0 - CUDA_VISIBLE_DEVICES: [0]
[I 2023-11-30 05:52:37,133] Trial 104 finished with value: 23.624534606933594 and parameters: {'gradient_clip_val': 0.1875618145438339, 'hidden_size': 33, 'dropout': 0.30394317180551506, 'hidden_continuous_size': 25, 'attention_head_size': 3, 'learning_rate': 0.007071185759190765}. Best is trial 91 with value: 18.860692977905273.
LOCAL_RANK: 0 - CUDA_VISIBLE_DEVICES: [0]
[I 2023-11-30 05:52:49,277] Trial 105 finished with value: 21.26361083984375 and parameters: {'gradient_clip_val': 0.20427747020134918, 'hidden_size': 23, 'dropout': 0.3251365951408519, 'hidden_continuous_size': 22, 'attention_head_size': 1, 'learning_rate': 0.010537686768062193}. Best is trial 91 with value: 18.860692977905273.
LOCAL_RANK: 0 - CUDA_VISIBLE_DEVICES: [0]
[I 2023-11-30 05:53:01,487] Trial 106 finished with value: 23.04132080078125 and parameters: {'gradient_clip_val': 0.21222590809937084, 'hidden_size': 28, 'dropout': 0.3367155324235669, 'hidden_continuous_size': 23, 'attention_head_size': 2, 'learning_rate': 0.008351178664606574}. Best is trial 91 with value: 18.860692977905273.
LOCAL_RANK: 0 - CUDA_VISIBLE_DEVICES: [0]
[I 2023-11-30 05:53:14,248] Trial 107 finished with value: 22.153182983398438 and parameters: {'gradient_clip_val': 0.17762070941310037, 'hidden_size': 35, 'dropout': 0.3095248097997389, 'hidden_continuous_size': 27, 'attention_head_size': 2, 'learning_rate': 0.006298136537661472}. Best is trial 91 with value: 18.860692977905273.
LOCAL_RANK: 0 - CUDA_VISIBLE_DEVICES: [0]
[I 2023-11-30 05:53:26,755] Trial 108 finished with value: 23.91874885559082 and parameters: {'gradient_clip_val': 0.11518938740455416, 'hidden_size': 31, 'dropout': 0.2915198440145865, 'hidden_continuous_size': 24, 'attention_head_size': 3, 'learning_rate': 0.009599452623714377}. Best is trial 91 with value: 18.860692977905273.
LOCAL_RANK: 0 - CUDA_VISIBLE_DEVICES: [0]
[I 2023-11-30 05:53:39,187] Trial 109 finished with value: 24.96347999572754 and parameters: {'gradient_clip_val': 0.22107714181405394, 'hidden_size': 26, 'dropout': 0.3456303242913808, 'hidden_continuous_size': 23, 'attention_head_size': 2, 'learning_rate': 0.0053998643904809}. Best is trial 91 with value: 18.860692977905273.
LOCAL_RANK: 0 - CUDA_VISIBLE_DEVICES: [0]
[I 2023-11-30 05:53:51,918] Trial 110 finished with value: 24.042848587036133 and parameters: {'gradient_clip_val': 0.162192383165395, 'hidden_size': 39, 'dropout': 0.3262753574084186, 'hidden_continuous_size': 21, 'attention_head_size': 3, 'learning_rate': 0.007437133059157976}. Best is trial 91 with value: 18.860692977905273.
LOCAL_RANK: 0 - CUDA_VISIBLE_DEVICES: [0]
[I 2023-11-30 05:54:04,467] Trial 111 finished with value: 24.798433303833008 and parameters: {'gradient_clip_val': 0.19771991450521942, 'hidden_size': 29, 'dropout': 0.3337832909059898, 'hidden_continuous_size': 25, 'attention_head_size': 2, 'learning_rate': 0.011543384592125007}. Best is trial 91 with value: 18.860692977905273.
LOCAL_RANK: 0 - CUDA_VISIBLE_DEVICES: [0]
[I 2023-11-30 05:54:16,507] Trial 112 finished with value: 24.001253128051758 and parameters: {'gradient_clip_val': 0.14374541092067844, 'hidden_size': 24, 'dropout': 0.31861035130673204, 'hidden_continuous_size': 23, 'attention_head_size': 2, 'learning_rate': 0.010436563556070137}. Best is trial 91 with value: 18.860692977905273.
LOCAL_RANK: 0 - CUDA_VISIBLE_DEVICES: [0]
[I 2023-11-30 05:54:28,985] Trial 113 finished with value: 22.09049415588379 and parameters: {'gradient_clip_val': 0.23089705368158894, 'hidden_size': 35, 'dropout': 0.34033022550186276, 'hidden_continuous_size': 26, 'attention_head_size': 2, 'learning_rate': 0.012503739202680829}. Best is trial 91 with value: 18.860692977905273.
LOCAL_RANK: 0 - CUDA_VISIBLE_DEVICES: [0]
[I 2023-11-30 05:54:41,569] Trial 114 finished with value: 21.9460506439209 and parameters: {'gradient_clip_val': 0.10600867216237529, 'hidden_size': 27, 'dropout': 0.3301972161637187, 'hidden_continuous_size': 25, 'attention_head_size': 2, 'learning_rate': 0.009439450431403764}. Best is trial 91 with value: 18.860692977905273.
LOCAL_RANK: 0 - CUDA_VISIBLE_DEVICES: [0]
