[I 2023-11-30 11:55:41,749] Trial 95 finished with value: 53.20778274536133 and parameters: {'gradient_clip_val': 0.46390654233224127, 'hidden_size': 39, 'dropout': 0.2964575737944955, 'hidden_continuous_size': 21, 'attention_head_size': 1, 'learning_rate': 0.003995614042566828}. Best is trial 54 with value: 39.61183547973633.
LOCAL_RANK: 0 - CUDA_VISIBLE_DEVICES: [0]
[I 2023-11-30 11:55:54,614] Trial 96 finished with value: 65.84209442138672 and parameters: {'gradient_clip_val': 0.5051747459971637, 'hidden_size': 43, 'dropout': 0.26440523910034386, 'hidden_continuous_size': 19, 'attention_head_size': 2, 'learning_rate': 0.0055435911972987984}. Best is trial 54 with value: 39.61183547973633.
LOCAL_RANK: 0 - CUDA_VISIBLE_DEVICES: [0]
[I 2023-11-30 11:56:07,614] Trial 97 finished with value: 52.37001419067383 and parameters: {'gradient_clip_val': 0.5577395556806968, 'hidden_size': 49, 'dropout': 0.3058543401928123, 'hidden_continuous_size': 23, 'attention_head_size': 3, 'learning_rate': 0.002722913805688213}. Best is trial 54 with value: 39.61183547973633.
LOCAL_RANK: 0 - CUDA_VISIBLE_DEVICES: [0]
[I 2023-11-30 11:56:20,403] Trial 98 finished with value: 62.85243606567383 and parameters: {'gradient_clip_val': 0.41611936130839444, 'hidden_size': 34, 'dropout': 0.2859664693645265, 'hidden_continuous_size': 22, 'attention_head_size': 2, 'learning_rate': 0.002415639177729001}. Best is trial 54 with value: 39.61183547973633.
LOCAL_RANK: 0 - CUDA_VISIBLE_DEVICES: [0]
[I 2023-11-30 11:56:33,423] Trial 99 finished with value: 63.48663330078125 and parameters: {'gradient_clip_val': 0.37022713797478957, 'hidden_size': 56, 'dropout': 0.3157663758760174, 'hidden_continuous_size': 16, 'attention_head_size': 4, 'learning_rate': 0.004273993216316299}. Best is trial 54 with value: 39.61183547973633.
LOCAL_RANK: 0 - CUDA_VISIBLE_DEVICES: [0]
[I 2023-11-30 11:56:46,135] Trial 100 finished with value: 62.33469772338867 and parameters: {'gradient_clip_val': 0.5395929729596869, 'hidden_size': 46, 'dropout': 0.27506372599145595, 'hidden_continuous_size': 20, 'attention_head_size': 1, 'learning_rate': 0.0035022505402801467}. Best is trial 54 with value: 39.61183547973633.
LOCAL_RANK: 0 - CUDA_VISIBLE_DEVICES: [0]
[I 2023-11-30 11:56:58,753] Trial 101 finished with value: 60.2802734375 and parameters: {'gradient_clip_val': 0.47578713060554545, 'hidden_size': 43, 'dropout': 0.32837093144124796, 'hidden_continuous_size': 22, 'attention_head_size': 2, 'learning_rate': 0.0031138387127596662}. Best is trial 54 with value: 39.61183547973633.
LOCAL_RANK: 0 - CUDA_VISIBLE_DEVICES: [0]
[I 2023-11-30 11:57:11,460] Trial 102 finished with value: 65.14887237548828 and parameters: {'gradient_clip_val': 0.4571720605926196, 'hidden_size': 44, 'dropout': 0.3245447638236914, 'hidden_continuous_size': 24, 'attention_head_size': 2, 'learning_rate': 0.0030557024497693468}. Best is trial 54 with value: 39.61183547973633.
LOCAL_RANK: 0 - CUDA_VISIBLE_DEVICES: [0]
[I 2023-11-30 11:57:24,733] Trial 103 finished with value: 51.0704345703125 and parameters: {'gradient_clip_val': 0.48928329542091253, 'hidden_size': 53, 'dropout': 0.3351544072132795, 'hidden_continuous_size': 23, 'attention_head_size': 2, 'learning_rate': 0.0048187773998739514}. Best is trial 54 with value: 39.61183547973633.
LOCAL_RANK: 0 - CUDA_VISIBLE_DEVICES: [0]
[I 2023-11-30 11:57:37,349] Trial 104 finished with value: 52.02888107299805 and parameters: {'gradient_clip_val': 0.5782699511393821, 'hidden_size': 37, 'dropout': 0.31055584021959604, 'hidden_continuous_size': 20, 'attention_head_size': 2, 'learning_rate': 0.0031980715431949775}. Best is trial 54 with value: 39.61183547973633.
LOCAL_RANK: 0 - CUDA_VISIBLE_DEVICES: [0]
[I 2023-11-30 11:57:50,350] Trial 105 finished with value: 44.43391418457031 and parameters: {'gradient_clip_val': 0.5200481421471888, 'hidden_size': 50, 'dropout': 0.29299804712691946, 'hidden_continuous_size': 21, 'attention_head_size': 2, 'learning_rate': 0.003904004490172705}. Best is trial 54 with value: 39.61183547973633.
LOCAL_RANK: 0 - CUDA_VISIBLE_DEVICES: [0]
[I 2023-11-30 11:58:03,152] Trial 106 finished with value: 57.64339065551758 and parameters: {'gradient_clip_val': 0.5150357295006498, 'hidden_size': 50, 'dropout': 0.29985893191986784, 'hidden_continuous_size': 18, 'attention_head_size': 2, 'learning_rate': 0.003723231739785893}. Best is trial 54 with value: 39.61183547973633.
LOCAL_RANK: 0 - CUDA_VISIBLE_DEVICES: [0]
[I 2023-11-30 11:58:15,900] Trial 107 finished with value: 40.22618103027344 and parameters: {'gradient_clip_val': 0.6697603072638585, 'hidden_size': 39, 'dropout': 0.29508574891019534, 'hidden_continuous_size': 21, 'attention_head_size': 2, 'learning_rate': 0.005910736705046685}. Best is trial 54 with value: 39.61183547973633.
LOCAL_RANK: 0 - CUDA_VISIBLE_DEVICES: [0]
[I 2023-11-30 11:58:28,465] Trial 108 finished with value: 60.97395706176758 and parameters: {'gradient_clip_val': 0.6067780733780642, 'hidden_size': 40, 'dropout': 0.2879481491150857, 'hidden_continuous_size': 21, 'attention_head_size': 2, 'learning_rate': 0.005857025958859481}. Best is trial 54 with value: 39.61183547973633.
LOCAL_RANK: 0 - CUDA_VISIBLE_DEVICES: [0]
[I 2023-11-30 11:58:41,298] Trial 109 finished with value: 64.7903823852539 and parameters: {'gradient_clip_val': 0.6689426318568791, 'hidden_size': 38, 'dropout': 0.2901894550979119, 'hidden_continuous_size': 21, 'attention_head_size': 2, 'learning_rate': 0.006663830960534914}. Best is trial 54 with value: 39.61183547973633.
LOCAL_RANK: 0 - CUDA_VISIBLE_DEVICES: [0]
[I 2023-11-30 11:58:53,891] Trial 110 finished with value: 46.24262619018555 and parameters: {'gradient_clip_val': 0.6609039203020534, 'hidden_size': 36, 'dropout': 0.29602497567265895, 'hidden_continuous_size': 20, 'attention_head_size': 2, 'learning_rate': 0.005187078480704127}. Best is trial 54 with value: 39.61183547973633.
LOCAL_RANK: 0 - CUDA_VISIBLE_DEVICES: [0]
[I 2023-11-30 11:59:06,323] Trial 111 finished with value: 50.19205093383789 and parameters: {'gradient_clip_val': 0.636235733489741, 'hidden_size': 36, 'dropout': 0.2960674561237768, 'hidden_continuous_size': 20, 'attention_head_size': 2, 'learning_rate': 0.005318781928804565}. Best is trial 54 with value: 39.61183547973633.
LOCAL_RANK: 0 - CUDA_VISIBLE_DEVICES: [0]
[I 2023-11-30 11:59:18,939] Trial 112 finished with value: 50.804141998291016 and parameters: {'gradient_clip_val': 0.6197568706963514, 'hidden_size': 33, 'dropout': 0.30474388171666383, 'hidden_continuous_size': 19, 'attention_head_size': 2, 'learning_rate': 0.005859869596425279}. Best is trial 54 with value: 39.61183547973633.
LOCAL_RANK: 0 - CUDA_VISIBLE_DEVICES: [0]
[I 2023-11-30 11:59:31,479] Trial 113 finished with value: 73.74713897705078 and parameters: {'gradient_clip_val': 0.6793950651230077, 'hidden_size': 31, 'dropout': 0.2786880723091611, 'hidden_continuous_size': 21, 'attention_head_size': 2, 'learning_rate': 0.004760467003321069}. Best is trial 54 with value: 39.61183547973633.
LOCAL_RANK: 0 - CUDA_VISIBLE_DEVICES: [0]
[I 2023-11-30 11:59:44,466] Trial 114 finished with value: 56.09587478637695 and parameters: {'gradient_clip_val': 0.5770844372896224, 'hidden_size': 42, 'dropout': 0.31309542677665175, 'hidden_continuous_size': 22, 'attention_head_size': 2, 'learning_rate': 0.00405733542567365}. Best is trial 54 with value: 39.61183547973633.
LOCAL_RANK: 0 - CUDA_VISIBLE_DEVICES: [0]
[I 2023-11-30 11:59:57,029] Trial 115 finished with value: 57.153202056884766 and parameters: {'gradient_clip_val': 0.74373465432782, 'hidden_size': 39, 'dropout': 0.29279981632465263, 'hidden_continuous_size': 20, 'attention_head_size': 2, 'learning_rate': 0.007030742237265793}. Best is trial 54 with value: 39.61183547973633.
LOCAL_RANK: 0 - CUDA_VISIBLE_DEVICES: [0]
[I 2023-11-30 12:00:09,853] Trial 116 finished with value: 46.396602630615234 and parameters: {'gradient_clip_val': 0.5377186678497996, 'hidden_size': 46, 'dropout': 0.2826393590191342, 'hidden_continuous_size': 19, 'attention_head_size': 2, 'learning_rate': 0.0063976828320204005}. Best is trial 54 with value: 39.61183547973633.
LOCAL_RANK: 0 - CUDA_VISIBLE_DEVICES: [0]
[I 2023-11-30 12:00:22,556] Trial 117 finished with value: 58.59635925292969 and parameters: {'gradient_clip_val': 0.6160279394249814, 'hidden_size': 46, 'dropout': 0.26723286251790745, 'hidden_continuous_size': 19, 'attention_head_size': 2, 'learning_rate': 0.006308513929604325}. Best is trial 54 with value: 39.61183547973633.
LOCAL_RANK: 0 - CUDA_VISIBLE_DEVICES: [0]
[I 2023-11-30 12:00:35,443] Trial 118 finished with value: 68.28387451171875 and parameters: {'gradient_clip_val': 0.6471331347444762, 'hidden_size': 49, 'dropout': 0.2827800813471839, 'hidden_continuous_size': 18, 'attention_head_size': 2, 'learning_rate': 0.00881436952598157}. Best is trial 54 with value: 39.61183547973633.
LOCAL_RANK: 0 - CUDA_VISIBLE_DEVICES: [0]
[I 2023-11-30 12:00:48,052] Trial 119 finished with value: 62.946014404296875 and parameters: {'gradient_clip_val': 0.5536746044941342, 'hidden_size': 36, 'dropout': 0.2712749554919464, 'hidden_continuous_size': 20, 'attention_head_size': 2, 'learning_rate': 0.007860630963367617}. Best is trial 54 with value: 39.61183547973633.
LOCAL_RANK: 0 - CUDA_VISIBLE_DEVICES: [0]
[I 2023-11-30 12:01:00,665] Trial 120 finished with value: 51.211727142333984 and parameters: {'gradient_clip_val': 0.5297431328672606, 'hidden_size': 34, 'dropout': 0.3004735485370099, 'hidden_continuous_size': 19, 'attention_head_size': 1, 'learning_rate': 0.007581875804491736}. Best is trial 54 with value: 39.61183547973633.
LOCAL_RANK: 0 - CUDA_VISIBLE_DEVICES: [0]
[I 2023-11-30 12:01:13,381] Trial 121 finished with value: 57.2371826171875 and parameters: {'gradient_clip_val': 0.5856680910427016, 'hidden_size': 41, 'dropout': 0.31968747084328475, 'hidden_continuous_size': 21, 'attention_head_size': 2, 'learning_rate': 0.0052941912561533765}. Best is trial 54 with value: 39.61183547973633.
LOCAL_RANK: 0 - CUDA_VISIBLE_DEVICES: [0]
[I 2023-11-30 12:01:26,114] Trial 122 finished with value: 62.06106948852539 and parameters: {'gradient_clip_val': 0.5412675868427367, 'hidden_size': 44, 'dropout': 0.3082013199355104, 'hidden_continuous_size': 22, 'attention_head_size': 2, 'learning_rate': 0.004541611510292139}. Best is trial 54 with value: 39.61183547973633.
LOCAL_RANK: 0 - CUDA_VISIBLE_DEVICES: [0]
[I 2023-11-30 12:01:38,622] Trial 123 finished with value: 52.830814361572266 and parameters: {'gradient_clip_val': 0.4293777512780328, 'hidden_size': 39, 'dropout': 0.2891198216688262, 'hidden_continuous_size': 20, 'attention_head_size': 2, 'learning_rate': 0.006429795326165754}. Best is trial 54 with value: 39.61183547973633.
LOCAL_RANK: 0 - CUDA_VISIBLE_DEVICES: [0]
[I 2023-11-30 12:01:51,454] Trial 124 finished with value: 67.24488067626953 and parameters: {'gradient_clip_val': 0.7096100405950237, 'hidden_size': 35, 'dropout': 0.276890885377736, 'hidden_continuous_size': 21, 'attention_head_size': 2, 'learning_rate': 0.004193390917509373}. Best is trial 54 with value: 39.61183547973633.
LOCAL_RANK: 0 - CUDA_VISIBLE_DEVICES: [0]
[I 2023-11-30 12:02:04,266] Trial 125 finished with value: 67.38131713867188 and parameters: {'gradient_clip_val': 0.4900490338296164, 'hidden_size': 47, 'dropout': 0.26011170805737854, 'hidden_continuous_size': 23, 'attention_head_size': 2, 'learning_rate': 0.0073290314902839234}. Best is trial 54 with value: 39.61183547973633.
LOCAL_RANK: 0 - CUDA_VISIBLE_DEVICES: [0]
[I 2023-11-30 12:02:17,010] Trial 126 finished with value: 62.55232620239258 and parameters: {'gradient_clip_val': 0.44626641848758336, 'hidden_size': 42, 'dropout': 0.2959328905011218, 'hidden_continuous_size': 19, 'attention_head_size': 2, 'learning_rate': 0.0050804846148361366}. Best is trial 54 with value: 39.61183547973633.
LOCAL_RANK: 0 - CUDA_VISIBLE_DEVICES: [0]
[I 2023-11-30 12:02:29,415] Trial 127 finished with value: 73.70418548583984 and parameters: {'gradient_clip_val': 0.5741875800660439, 'hidden_size': 29, 'dropout': 0.3048554528313419, 'hidden_continuous_size': 21, 'attention_head_size': 2, 'learning_rate': 0.004598767516327368}. Best is trial 54 with value: 39.61183547973633.
LOCAL_RANK: 0 - CUDA_VISIBLE_DEVICES: [0]
[I 2023-11-30 12:02:42,056] Trial 128 finished with value: 74.06474304199219 and parameters: {'gradient_clip_val': 0.679672152295595, 'hidden_size': 38, 'dropout': 0.28412936445057085, 'hidden_continuous_size': 20, 'attention_head_size': 2, 'learning_rate': 0.005635835085823977}. Best is trial 54 with value: 39.61183547973633.
LOCAL_RANK: 0 - CUDA_VISIBLE_DEVICES: [0]
[I 2023-11-30 12:02:55,052] Trial 129 finished with value: 62.01091384887695 and parameters: {'gradient_clip_val': 0.5156689904797186, 'hidden_size': 45, 'dropout': 0.3159660613513871, 'hidden_continuous_size': 22, 'attention_head_size': 1, 'learning_rate': 0.0037053571503734145}. Best is trial 54 with value: 39.61183547973633.
LOCAL_RANK: 0 - CUDA_VISIBLE_DEVICES: [0]
[I 2023-11-30 12:03:07,399] Trial 130 finished with value: 58.31696701049805 and parameters: {'gradient_clip_val': 0.3978740486362588, 'hidden_size': 32, 'dropout': 0.25283602261063703, 'hidden_continuous_size': 18, 'attention_head_size': 2, 'learning_rate': 0.009408029495019121}. Best is trial 54 with value: 39.61183547973633.
LOCAL_RANK: 0 - CUDA_VISIBLE_DEVICES: [0]
[I 2023-11-30 12:03:20,564] Trial 131 finished with value: 52.98341369628906 and parameters: {'gradient_clip_val': 0.599897917992675, 'hidden_size': 54, 'dropout': 0.29366423537133163, 'hidden_continuous_size': 24, 'attention_head_size': 3, 'learning_rate': 0.0033309613228586755}. Best is trial 54 with value: 39.61183547973633.
LOCAL_RANK: 0 - CUDA_VISIBLE_DEVICES: [0]
[I 2023-11-30 12:03:33,412] Trial 132 finished with value: 62.83513259887695 and parameters: {'gradient_clip_val': 0.22045591250969185, 'hidden_size': 52, 'dropout': 0.27835858677528974, 'hidden_continuous_size': 17, 'attention_head_size': 2, 'learning_rate': 0.002874962646108589}. Best is trial 54 with value: 39.61183547973633.
LOCAL_RANK: 0 - CUDA_VISIBLE_DEVICES: [0]
[I 2023-11-30 12:03:46,590] Trial 133 finished with value: 56.409427642822266 and parameters: {'gradient_clip_val': 0.38543059940975655, 'hidden_size': 58, 'dropout': 0.29963464829796943, 'hidden_continuous_size': 23, 'attention_head_size': 2, 'learning_rate': 0.003835916685194772}. Best is trial 54 with value: 39.61183547973633.
LOCAL_RANK: 0 - CUDA_VISIBLE_DEVICES: [0]
[I 2023-11-30 12:03:59,550] Trial 134 finished with value: 60.0904541015625 and parameters: {'gradient_clip_val': 0.3211460603264302, 'hidden_size': 48, 'dropout': 0.28353439652339024, 'hidden_continuous_size': 22, 'attention_head_size': 3, 'learning_rate': 0.004182711715036881}. Best is trial 54 with value: 39.61183547973633.
LOCAL_RANK: 0 - CUDA_VISIBLE_DEVICES: [0]
[I 2023-11-30 12:04:12,764] Trial 135 finished with value: 51.438934326171875 and parameters: {'gradient_clip_val': 0.3617897642647758, 'hidden_size': 62, 'dropout': 0.2724007250279589, 'hidden_continuous_size': 17, 'attention_head_size': 4, 'learning_rate': 0.0025619156588625696}. Best is trial 54 with value: 39.61183547973633.
LOCAL_RANK: 0 - CUDA_VISIBLE_DEVICES: [0]
[I 2023-11-30 12:04:25,669] Trial 136 finished with value: 59.3817138671875 and parameters: {'gradient_clip_val': 0.41106001759293037, 'hidden_size': 51, 'dropout': 0.2899563613039004, 'hidden_continuous_size': 19, 'attention_head_size': 2, 'learning_rate': 0.006215795047238305}. Best is trial 54 with value: 39.61183547973633.
LOCAL_RANK: 0 - CUDA_VISIBLE_DEVICES: [0]
[I 2023-11-30 12:04:38,241] Trial 137 finished with value: 54.8673210144043 and parameters: {'gradient_clip_val': 0.7602962890981882, 'hidden_size': 40, 'dropout': 0.26600007728279457, 'hidden_continuous_size': 21, 'attention_head_size': 1, 'learning_rate': 0.003549808107321183}. Best is trial 54 with value: 39.61183547973633.
LOCAL_RANK: 0 - CUDA_VISIBLE_DEVICES: [0]
[I 2023-11-30 12:04:50,616] Trial 138 finished with value: 55.0863037109375 and parameters: {'gradient_clip_val': 0.6323732199232651, 'hidden_size': 27, 'dropout': 0.30919744104047703, 'hidden_continuous_size': 20, 'attention_head_size': 2, 'learning_rate': 0.007069904973111133}. Best is trial 54 with value: 39.61183547973633.
LOCAL_RANK: 0 - CUDA_VISIBLE_DEVICES: [0]
[I 2023-11-30 12:05:03,281] Trial 139 finished with value: 75.78534698486328 and parameters: {'gradient_clip_val': 0.4995492132589433, 'hidden_size': 44, 'dropout': 0.3041550282668398, 'hidden_continuous_size': 22, 'attention_head_size': 2, 'learning_rate': 0.0022258143941859022}. Best is trial 54 with value: 39.61183547973633.
LOCAL_RANK: 0 - CUDA_VISIBLE_DEVICES: [0]
[I 2023-11-30 12:05:15,973] Trial 140 finished with value: 69.82755279541016 and parameters: {'gradient_clip_val': 0.4559208101995442, 'hidden_size': 48, 'dropout': 0.24385001111723567, 'hidden_continuous_size': 18, 'attention_head_size': 2, 'learning_rate': 0.004740184301310428}. Best is trial 54 with value: 39.61183547973633.
LOCAL_RANK: 0 - CUDA_VISIBLE_DEVICES: [0]
[I 2023-11-30 12:05:28,678] Trial 141 finished with value: 71.58831787109375 and parameters: {'gradient_clip_val': 0.5322548477668689, 'hidden_size': 43, 'dropout': 0.3223444816972758, 'hidden_continuous_size': 20, 'attention_head_size': 2, 'learning_rate': 0.0018739025821993024}. Best is trial 54 with value: 39.61183547973633.
LOCAL_RANK: 0 - CUDA_VISIBLE_DEVICES: [0]
[I 2023-11-30 12:05:41,393] Trial 142 finished with value: 62.42082595825195 and parameters: {'gradient_clip_val': 0.4263581196404474, 'hidden_size': 37, 'dropout': 0.29784732177769313, 'hidden_continuous_size': 21, 'attention_head_size': 2, 'learning_rate': 0.0029329149701526726}. Best is trial 54 with value: 39.61183547973633.
LOCAL_RANK: 0 - CUDA_VISIBLE_DEVICES: [0]
[I 2023-11-30 12:05:54,113] Trial 143 finished with value: 54.3035888671875 and parameters: {'gradient_clip_val': 0.47913910282179684, 'hidden_size': 41, 'dropout': 0.3299873095746588, 'hidden_continuous_size': 22, 'attention_head_size': 2, 'learning_rate': 0.0026526033271120153}. Best is trial 54 with value: 39.61183547973633.
LOCAL_RANK: 0 - CUDA_VISIBLE_DEVICES: [0]
[I 2023-11-30 12:06:06,941] Trial 144 finished with value: 42.21010971069336 and parameters: {'gradient_clip_val': 0.3488321675811067, 'hidden_size': 46, 'dropout': 0.2863014880733655, 'hidden_continuous_size': 19, 'attention_head_size': 2, 'learning_rate': 0.003570658944964846}. Best is trial 54 with value: 39.61183547973633.
LOCAL_RANK: 0 - CUDA_VISIBLE_DEVICES: [0]
[I 2023-11-30 12:06:20,298] Trial 145 finished with value: 52.142704010009766 and parameters: {'gradient_clip_val': 0.3825710392044725, 'hidden_size': 57, 'dropout': 0.285653777121232, 'hidden_continuous_size': 24, 'attention_head_size': 2, 'learning_rate': 0.003447329591891264}. Best is trial 54 with value: 39.61183547973633.
LOCAL_RANK: 0 - CUDA_VISIBLE_DEVICES: [0]
[I 2023-11-30 12:06:33,015] Trial 146 finished with value: 62.64103317260742 and parameters: {'gradient_clip_val': 0.3449672192464039, 'hidden_size': 46, 'dropout': 0.2927868469182565, 'hidden_continuous_size': 19, 'attention_head_size': 2, 'learning_rate': 0.003942118513778117}. Best is trial 54 with value: 39.61183547973633.
LOCAL_RANK: 0 - CUDA_VISIBLE_DEVICES: [0]
[I 2023-11-30 12:06:45,890] Trial 147 finished with value: 51.95364761352539 and parameters: {'gradient_clip_val': 0.36849984443408434, 'hidden_size': 51, 'dropout': 0.27990987796278166, 'hidden_continuous_size': 19, 'attention_head_size': 2, 'learning_rate': 0.004392832992797179}. Best is trial 54 with value: 39.61183547973633.
LOCAL_RANK: 0 - CUDA_VISIBLE_DEVICES: [0]
[I 2023-11-30 12:06:58,626] Trial 148 finished with value: 51.6419677734375 and parameters: {'gradient_clip_val': 0.34944192142379743, 'hidden_size': 35, 'dropout': 0.2744431354997087, 'hidden_continuous_size': 20, 'attention_head_size': 3, 'learning_rate': 0.005608562855104483}. Best is trial 54 with value: 39.61183547973633.
LOCAL_RANK: 0 - CUDA_VISIBLE_DEVICES: [0]
[I 2023-11-30 12:07:11,417] Trial 149 finished with value: 47.30002975463867 and parameters: {'gradient_clip_val': 0.653237587505673, 'hidden_size': 39, 'dropout': 0.2875516391001936, 'hidden_continuous_size': 21, 'attention_head_size': 4, 'learning_rate': 0.0032855747565163434}. Best is trial 54 with value: 39.61183547973633.
[I 2023-11-30 12:07:11,527] A new study created in memory with name: no-name-2e2fd606-6ebb-4c2a-8495-12e6638eff23
/home/le004/conda/anaconda3/envs/tsff_env/lib/python3.9/site-packages/lightning/fabric/plugins/environments/slurm.py:191: The `srun` command is available on your system but is not used. HINT: If your intention is to run Lightning on SLURM, prepend your python command with `srun` like so: srun python /home/le004/master_thesis/git/TSFusionForecast/code/ ...
LOCAL_RANK: 0 - CUDA_VISIBLE_DEVICES: [0]
[I 2023-11-30 12:07:25,066] Trial 0 finished with value: 19.161823272705078 and parameters: {'gradient_clip_val': 0.31864216060986256, 'hidden_size': 70, 'dropout': 0.32896827521289607, 'hidden_continuous_size': 15, 'attention_head_size': 4, 'learning_rate': 0.005395352947032502}. Best is trial 0 with value: 19.161823272705078.
LOCAL_RANK: 0 - CUDA_VISIBLE_DEVICES: [0]
[I 2023-11-30 12:07:38,626] Trial 1 finished with value: 19.42101287841797 and parameters: {'gradient_clip_val': 0.34535415238620926, 'hidden_size': 74, 'dropout': 0.13243132233685218, 'hidden_continuous_size': 43, 'attention_head_size': 3, 'learning_rate': 0.004002446010012928}. Best is trial 0 with value: 19.161823272705078.
LOCAL_RANK: 0 - CUDA_VISIBLE_DEVICES: [0]
