[I 2023-11-30 05:05:34,042] Trial 31 finished with value: 31.134963989257812 and parameters: {'gradient_clip_val': 0.19926693953453342, 'hidden_size': 34, 'dropout': 0.34179902495836817, 'hidden_continuous_size': 18, 'attention_head_size': 3, 'learning_rate': 0.09898308816384159}. Best is trial 23 with value: 25.822477340698242.
LOCAL_RANK: 0 - CUDA_VISIBLE_DEVICES: [0]
[I 2023-11-30 05:05:46,703] Trial 32 finished with value: 30.6362361907959 and parameters: {'gradient_clip_val': 0.18208283281974066, 'hidden_size': 37, 'dropout': 0.3141984856873655, 'hidden_continuous_size': 19, 'attention_head_size': 3, 'learning_rate': 0.07253723798248035}. Best is trial 23 with value: 25.822477340698242.
LOCAL_RANK: 0 - CUDA_VISIBLE_DEVICES: [0]
[I 2023-11-30 05:05:59,603] Trial 33 finished with value: 28.235809326171875 and parameters: {'gradient_clip_val': 0.11941811205232118, 'hidden_size': 52, 'dropout': 0.3391133253286939, 'hidden_continuous_size': 20, 'attention_head_size': 4, 'learning_rate': 0.07683320143454213}. Best is trial 23 with value: 25.822477340698242.
LOCAL_RANK: 0 - CUDA_VISIBLE_DEVICES: [0]
[I 2023-11-30 05:06:12,106] Trial 34 finished with value: 30.22612953186035 and parameters: {'gradient_clip_val': 0.15511747512091956, 'hidden_size': 44, 'dropout': 0.2879391410185652, 'hidden_continuous_size': 16, 'attention_head_size': 2, 'learning_rate': 0.04618257808055035}. Best is trial 23 with value: 25.822477340698242.
LOCAL_RANK: 0 - CUDA_VISIBLE_DEVICES: [0]
[I 2023-11-30 05:06:24,515] Trial 35 finished with value: 30.76375389099121 and parameters: {'gradient_clip_val': 0.2789307345435873, 'hidden_size': 31, 'dropout': 0.29042726342123587, 'hidden_continuous_size': 11, 'attention_head_size': 1, 'learning_rate': 0.09966534948720819}. Best is trial 23 with value: 25.822477340698242.
LOCAL_RANK: 0 - CUDA_VISIBLE_DEVICES: [0]
[I 2023-11-30 05:06:37,080] Trial 36 finished with value: 28.811418533325195 and parameters: {'gradient_clip_val': 0.19175236246525876, 'hidden_size': 37, 'dropout': 0.3780364214583627, 'hidden_continuous_size': 14, 'attention_head_size': 2, 'learning_rate': 0.06356104890221052}. Best is trial 23 with value: 25.822477340698242.
LOCAL_RANK: 0 - CUDA_VISIBLE_DEVICES: [0]
[I 2023-11-30 05:06:50,329] Trial 37 finished with value: 31.164514541625977 and parameters: {'gradient_clip_val': 0.2081443361294573, 'hidden_size': 58, 'dropout': 0.27535367174404046, 'hidden_continuous_size': 22, 'attention_head_size': 4, 'learning_rate': 0.02633428578196748}. Best is trial 23 with value: 25.822477340698242.
LOCAL_RANK: 0 - CUDA_VISIBLE_DEVICES: [0]
[I 2023-11-30 05:07:02,542] Trial 38 finished with value: 29.7116641998291 and parameters: {'gradient_clip_val': 0.2376737952910306, 'hidden_size': 19, 'dropout': 0.32849825180999637, 'hidden_continuous_size': 13, 'attention_head_size': 2, 'learning_rate': 0.03526588250737429}. Best is trial 23 with value: 25.822477340698242.
LOCAL_RANK: 0 - CUDA_VISIBLE_DEVICES: [0]
[I 2023-11-30 05:07:15,366] Trial 39 finished with value: 28.891176223754883 and parameters: {'gradient_clip_val': 0.12481039708123315, 'hidden_size': 42, 'dropout': 0.24226853999538853, 'hidden_continuous_size': 18, 'attention_head_size': 3, 'learning_rate': 0.05066217769523923}. Best is trial 23 with value: 25.822477340698242.
LOCAL_RANK: 0 - CUDA_VISIBLE_DEVICES: [0]
[I 2023-11-30 05:07:27,764] Trial 40 finished with value: 29.081701278686523 and parameters: {'gradient_clip_val': 0.17460107579466316, 'hidden_size': 30, 'dropout': 0.35130483511420735, 'hidden_continuous_size': 10, 'attention_head_size': 1, 'learning_rate': 0.07667475914896085}. Best is trial 23 with value: 25.822477340698242.
LOCAL_RANK: 0 - CUDA_VISIBLE_DEVICES: [0]
[I 2023-11-30 05:07:40,670] Trial 41 finished with value: 24.324007034301758 and parameters: {'gradient_clip_val': 0.10307683988479094, 'hidden_size': 48, 'dropout': 0.29605230719566406, 'hidden_continuous_size': 24, 'attention_head_size': 4, 'learning_rate': 0.051787699120115015}. Best is trial 41 with value: 24.324007034301758.
LOCAL_RANK: 0 - CUDA_VISIBLE_DEVICES: [0]
[I 2023-11-30 05:07:54,102] Trial 42 finished with value: 33.26389694213867 and parameters: {'gradient_clip_val': 0.10360416968123407, 'hidden_size': 67, 'dropout': 0.27728703335755206, 'hidden_continuous_size': 24, 'attention_head_size': 4, 'learning_rate': 0.03955525840654031}. Best is trial 41 with value: 24.324007034301758.
LOCAL_RANK: 0 - CUDA_VISIBLE_DEVICES: [0]
[I 2023-11-30 05:08:07,268] Trial 43 finished with value: 30.69025230407715 and parameters: {'gradient_clip_val': 0.13189612705991394, 'hidden_size': 54, 'dropout': 0.267008142979988, 'hidden_continuous_size': 27, 'attention_head_size': 4, 'learning_rate': 0.055705366061449185}. Best is trial 41 with value: 24.324007034301758.
LOCAL_RANK: 0 - CUDA_VISIBLE_DEVICES: [0]
[I 2023-11-30 05:08:20,524] Trial 44 finished with value: 32.434444427490234 and parameters: {'gradient_clip_val': 0.11533579700433225, 'hidden_size': 47, 'dropout': 0.24808318370679808, 'hidden_continuous_size': 23, 'attention_head_size': 4, 'learning_rate': 0.02962905400133449}. Best is trial 41 with value: 24.324007034301758.
LOCAL_RANK: 0 - CUDA_VISIBLE_DEVICES: [0]
[I 2023-11-30 05:08:33,278] Trial 45 finished with value: 33.871150970458984 and parameters: {'gradient_clip_val': 0.14617897603151975, 'hidden_size': 35, 'dropout': 0.3039700706063729, 'hidden_continuous_size': 21, 'attention_head_size': 4, 'learning_rate': 0.07859964438716896}. Best is trial 41 with value: 24.324007034301758.
LOCAL_RANK: 0 - CUDA_VISIBLE_DEVICES: [0]
[I 2023-11-30 05:08:45,929] Trial 46 finished with value: 26.3038272857666 and parameters: {'gradient_clip_val': 0.1643061133884147, 'hidden_size': 42, 'dropout': 0.22308056148973188, 'hidden_continuous_size': 16, 'attention_head_size': 3, 'learning_rate': 0.045274664116957686}. Best is trial 41 with value: 24.324007034301758.
LOCAL_RANK: 0 - CUDA_VISIBLE_DEVICES: [0]
[I 2023-11-30 05:08:58,732] Trial 47 finished with value: 31.603628158569336 and parameters: {'gradient_clip_val': 0.16300238507556528, 'hidden_size': 41, 'dropout': 0.2171720758495358, 'hidden_continuous_size': 16, 'attention_head_size': 3, 'learning_rate': 0.03461189651963298}. Best is trial 41 with value: 24.324007034301758.
LOCAL_RANK: 0 - CUDA_VISIBLE_DEVICES: [0]
[I 2023-11-30 05:09:11,510] Trial 48 finished with value: 24.08734893798828 and parameters: {'gradient_clip_val': 0.11467300895838678, 'hidden_size': 46, 'dropout': 0.1963411938536302, 'hidden_continuous_size': 14, 'attention_head_size': 3, 'learning_rate': 0.0412214171309638}. Best is trial 48 with value: 24.08734893798828.
LOCAL_RANK: 0 - CUDA_VISIBLE_DEVICES: [0]
[I 2023-11-30 05:09:24,369] Trial 49 finished with value: 30.962053298950195 and parameters: {'gradient_clip_val': 0.10045025205893165, 'hidden_size': 46, 'dropout': 0.19290083800440658, 'hidden_continuous_size': 15, 'attention_head_size': 3, 'learning_rate': 0.02270773931986547}. Best is trial 48 with value: 24.08734893798828.
LOCAL_RANK: 0 - CUDA_VISIBLE_DEVICES: [0]
[I 2023-11-30 05:09:37,255] Trial 50 finished with value: 30.46341896057129 and parameters: {'gradient_clip_val': 0.11613833453423904, 'hidden_size': 53, 'dropout': 0.1852232982279859, 'hidden_continuous_size': 14, 'attention_head_size': 3, 'learning_rate': 0.04685958009305105}. Best is trial 48 with value: 24.08734893798828.
LOCAL_RANK: 0 - CUDA_VISIBLE_DEVICES: [0]
[I 2023-11-30 05:09:49,762] Trial 51 finished with value: 29.704986572265625 and parameters: {'gradient_clip_val': 0.13673425837926514, 'hidden_size': 40, 'dropout': 0.21426560683612925, 'hidden_continuous_size': 15, 'attention_head_size': 3, 'learning_rate': 0.040764417629911724}. Best is trial 48 with value: 24.08734893798828.
LOCAL_RANK: 0 - CUDA_VISIBLE_DEVICES: [0]
[I 2023-11-30 05:10:02,533] Trial 52 finished with value: 31.47686004638672 and parameters: {'gradient_clip_val': 0.12291861589808527, 'hidden_size': 46, 'dropout': 0.23432551088313727, 'hidden_continuous_size': 12, 'attention_head_size': 3, 'learning_rate': 0.032419221618402}. Best is trial 48 with value: 24.08734893798828.
LOCAL_RANK: 0 - CUDA_VISIBLE_DEVICES: [0]
[I 2023-11-30 05:10:15,910] Trial 53 finished with value: 29.226242065429688 and parameters: {'gradient_clip_val': 0.1102670578931622, 'hidden_size': 65, 'dropout': 0.259164040333672, 'hidden_continuous_size': 28, 'attention_head_size': 2, 'learning_rate': 0.056574200196843796}. Best is trial 48 with value: 24.08734893798828.
LOCAL_RANK: 0 - CUDA_VISIBLE_DEVICES: [0]
[I 2023-11-30 05:10:29,227] Trial 54 finished with value: 29.75746726989746 and parameters: {'gradient_clip_val': 0.14242277312788834, 'hidden_size': 56, 'dropout': 0.17342086130704937, 'hidden_continuous_size': 53, 'attention_head_size': 3, 'learning_rate': 0.06641041590231764}. Best is trial 48 with value: 24.08734893798828.
LOCAL_RANK: 0 - CUDA_VISIBLE_DEVICES: [0]
[I 2023-11-30 05:10:42,129] Trial 55 finished with value: 30.184934616088867 and parameters: {'gradient_clip_val': 0.1640997389481045, 'hidden_size': 48, 'dropout': 0.2454517125395047, 'hidden_continuous_size': 16, 'attention_head_size': 2, 'learning_rate': 0.04564897472378984}. Best is trial 48 with value: 24.08734893798828.
LOCAL_RANK: 0 - CUDA_VISIBLE_DEVICES: [0]
[I 2023-11-30 05:10:54,624] Trial 56 finished with value: 29.1516056060791 and parameters: {'gradient_clip_val': 0.12933424992611642, 'hidden_size': 38, 'dropout': 0.39980149245626945, 'hidden_continuous_size': 13, 'attention_head_size': 1, 'learning_rate': 0.028823531841361032}. Best is trial 48 with value: 24.08734893798828.
LOCAL_RANK: 0 - CUDA_VISIBLE_DEVICES: [0]
[I 2023-11-30 05:11:07,860] Trial 57 finished with value: 26.68073081970215 and parameters: {'gradient_clip_val': 0.14845124941210214, 'hidden_size': 62, 'dropout': 0.22856721732537538, 'hidden_continuous_size': 18, 'attention_head_size': 3, 'learning_rate': 0.039520927174813494}. Best is trial 48 with value: 24.08734893798828.
LOCAL_RANK: 0 - CUDA_VISIBLE_DEVICES: [0]
[I 2023-11-30 05:11:20,746] Trial 58 finished with value: 31.4825439453125 and parameters: {'gradient_clip_val': 0.14801762637721996, 'hidden_size': 52, 'dropout': 0.2277647214266643, 'hidden_continuous_size': 18, 'attention_head_size': 3, 'learning_rate': 0.08129673301448416}. Best is trial 48 with value: 24.08734893798828.
LOCAL_RANK: 0 - CUDA_VISIBLE_DEVICES: [0]
[I 2023-11-30 05:11:34,091] Trial 59 finished with value: 29.371902465820312 and parameters: {'gradient_clip_val': 0.11322215503924608, 'hidden_size': 63, 'dropout': 0.3858865796139534, 'hidden_continuous_size': 19, 'attention_head_size': 3, 'learning_rate': 0.055836188425223456}. Best is trial 48 with value: 24.08734893798828.
LOCAL_RANK: 0 - CUDA_VISIBLE_DEVICES: [0]
[I 2023-11-30 05:11:47,641] Trial 60 finished with value: 28.35953712463379 and parameters: {'gradient_clip_val': 0.18476919724386245, 'hidden_size': 71, 'dropout': 0.3868349874393267, 'hidden_continuous_size': 23, 'attention_head_size': 3, 'learning_rate': 0.01962237785758177}. Best is trial 48 with value: 24.08734893798828.
LOCAL_RANK: 0 - CUDA_VISIBLE_DEVICES: [0]
[I 2023-11-30 05:12:00,676] Trial 61 finished with value: 32.056888580322266 and parameters: {'gradient_clip_val': 0.15575997282634652, 'hidden_size': 59, 'dropout': 0.21171333390385816, 'hidden_continuous_size': 17, 'attention_head_size': 3, 'learning_rate': 0.03935018408437547}. Best is trial 48 with value: 24.08734893798828.
LOCAL_RANK: 0 - CUDA_VISIBLE_DEVICES: [0]
[I 2023-11-30 05:12:13,257] Trial 62 finished with value: 30.721811294555664 and parameters: {'gradient_clip_val': 0.14057966583848674, 'hidden_size': 43, 'dropout': 0.23220563822640045, 'hidden_continuous_size': 15, 'attention_head_size': 1, 'learning_rate': 0.05012376712688182}. Best is trial 48 with value: 24.08734893798828.
LOCAL_RANK: 0 - CUDA_VISIBLE_DEVICES: [0]
[I 2023-11-30 05:12:26,030] Trial 63 finished with value: 26.95941734313965 and parameters: {'gradient_clip_val': 0.17389843305948025, 'hidden_size': 49, 'dropout': 0.365108893335058, 'hidden_continuous_size': 16, 'attention_head_size': 2, 'learning_rate': 0.06771822923993352}. Best is trial 48 with value: 24.08734893798828.
LOCAL_RANK: 0 - CUDA_VISIBLE_DEVICES: [0]
[I 2023-11-30 05:12:38,970] Trial 64 finished with value: 31.870071411132812 and parameters: {'gradient_clip_val': 0.12946008090951527, 'hidden_size': 62, 'dropout': 0.26570705672874906, 'hidden_continuous_size': 12, 'attention_head_size': 3, 'learning_rate': 0.03487164927603591}. Best is trial 48 with value: 24.08734893798828.
LOCAL_RANK: 0 - CUDA_VISIBLE_DEVICES: [0]
[I 2023-11-30 05:12:51,960] Trial 65 finished with value: 32.441349029541016 and parameters: {'gradient_clip_val': 0.10796001054365796, 'hidden_size': 56, 'dropout': 0.2543595920096316, 'hidden_continuous_size': 20, 'attention_head_size': 1, 'learning_rate': 0.04031570128896543}. Best is trial 48 with value: 24.08734893798828.
LOCAL_RANK: 0 - CUDA_VISIBLE_DEVICES: [0]
[I 2023-11-30 05:13:04,612] Trial 66 finished with value: 31.461999893188477 and parameters: {'gradient_clip_val': 0.12053980170757386, 'hidden_size': 45, 'dropout': 0.23986274309770134, 'hidden_continuous_size': 14, 'attention_head_size': 2, 'learning_rate': 0.024819034188987798}. Best is trial 48 with value: 24.08734893798828.
LOCAL_RANK: 0 - CUDA_VISIBLE_DEVICES: [0]
[I 2023-11-30 05:13:17,519] Trial 67 finished with value: 27.28578758239746 and parameters: {'gradient_clip_val': 0.15873688916895232, 'hidden_size': 52, 'dropout': 0.20845532478988693, 'hidden_continuous_size': 17, 'attention_head_size': 4, 'learning_rate': 0.0292923392738822}. Best is trial 48 with value: 24.08734893798828.
LOCAL_RANK: 0 - CUDA_VISIBLE_DEVICES: [0]
[I 2023-11-30 05:13:30,122] Trial 68 finished with value: 27.992462158203125 and parameters: {'gradient_clip_val': 0.13557972778738941, 'hidden_size': 39, 'dropout': 0.35935165295444327, 'hidden_continuous_size': 18, 'attention_head_size': 1, 'learning_rate': 0.044624692614539954}. Best is trial 48 with value: 24.08734893798828.
LOCAL_RANK: 0 - CUDA_VISIBLE_DEVICES: [0]
[I 2023-11-30 05:13:42,687] Trial 69 finished with value: 29.862960815429688 and parameters: {'gradient_clip_val': 0.18903930286045462, 'hidden_size': 34, 'dropout': 0.2529787410404752, 'hidden_continuous_size': 19, 'attention_head_size': 2, 'learning_rate': 0.06509693776519697}. Best is trial 48 with value: 24.08734893798828.
LOCAL_RANK: 0 - CUDA_VISIBLE_DEVICES: [0]
[I 2023-11-30 05:13:55,566] Trial 70 finished with value: 31.564908981323242 and parameters: {'gradient_clip_val': 0.14917212946881392, 'hidden_size': 44, 'dropout': 0.22694291611884054, 'hidden_continuous_size': 21, 'attention_head_size': 3, 'learning_rate': 0.08456704275543725}. Best is trial 48 with value: 24.08734893798828.
LOCAL_RANK: 0 - CUDA_VISIBLE_DEVICES: [0]
[I 2023-11-30 05:14:08,507] Trial 71 finished with value: 29.03971290588379 and parameters: {'gradient_clip_val': 0.17335311497404154, 'hidden_size': 50, 'dropout': 0.365195554423897, 'hidden_continuous_size': 16, 'attention_head_size': 2, 'learning_rate': 0.06666942442511985}. Best is trial 48 with value: 24.08734893798828.
LOCAL_RANK: 0 - CUDA_VISIBLE_DEVICES: [0]
[I 2023-11-30 05:14:21,167] Trial 72 finished with value: 27.533920288085938 and parameters: {'gradient_clip_val': 0.17323529519291356, 'hidden_size': 49, 'dropout': 0.37559126440923457, 'hidden_continuous_size': 14, 'attention_head_size': 2, 'learning_rate': 0.051359065847512514}. Best is trial 48 with value: 24.08734893798828.
LOCAL_RANK: 0 - CUDA_VISIBLE_DEVICES: [0]
[I 2023-11-30 05:14:33,900] Trial 73 finished with value: 30.252004623413086 and parameters: {'gradient_clip_val': 0.19853070816540683, 'hidden_size': 60, 'dropout': 0.34138568760553245, 'hidden_continuous_size': 11, 'attention_head_size': 2, 'learning_rate': 0.05772880289805515}. Best is trial 48 with value: 24.08734893798828.
LOCAL_RANK: 0 - CUDA_VISIBLE_DEVICES: [0]
[I 2023-11-30 05:14:46,595] Trial 74 finished with value: 34.605796813964844 and parameters: {'gradient_clip_val': 0.2137214170624318, 'hidden_size': 56, 'dropout': 0.3659477970997784, 'hidden_continuous_size': 15, 'attention_head_size': 1, 'learning_rate': 0.07131642208639741}. Best is trial 48 with value: 24.08734893798828.
LOCAL_RANK: 0 - CUDA_VISIBLE_DEVICES: [0]
[I 2023-11-30 05:15:00,267] Trial 75 finished with value: 29.909753799438477 and parameters: {'gradient_clip_val': 0.10016961805908259, 'hidden_size': 69, 'dropout': 0.3853964930807495, 'hidden_continuous_size': 25, 'attention_head_size': 3, 'learning_rate': 0.0884111433282105}. Best is trial 48 with value: 24.08734893798828.
LOCAL_RANK: 0 - CUDA_VISIBLE_DEVICES: [0]
[I 2023-11-30 05:15:13,037] Trial 76 finished with value: 30.485687255859375 and parameters: {'gradient_clip_val': 0.163476138001274, 'hidden_size': 50, 'dropout': 0.32454244678261346, 'hidden_continuous_size': 13, 'attention_head_size': 2, 'learning_rate': 0.04256934863219831}. Best is trial 48 with value: 24.08734893798828.
LOCAL_RANK: 0 - CUDA_VISIBLE_DEVICES: [0]
[I 2023-11-30 05:15:26,377] Trial 77 finished with value: 32.296539306640625 and parameters: {'gradient_clip_val': 0.12321031040391403, 'hidden_size': 75, 'dropout': 0.34825911169101276, 'hidden_continuous_size': 30, 'attention_head_size': 1, 'learning_rate': 0.03553586399318264}. Best is trial 48 with value: 24.08734893798828.
LOCAL_RANK: 0 - CUDA_VISIBLE_DEVICES: [0]
[I 2023-11-30 05:15:39,150] Trial 78 finished with value: 28.275659561157227 and parameters: {'gradient_clip_val': 0.18150198752812932, 'hidden_size': 45, 'dropout': 0.39986647410167536, 'hidden_continuous_size': 16, 'attention_head_size': 3, 'learning_rate': 0.05996087663076199}. Best is trial 48 with value: 24.08734893798828.
LOCAL_RANK: 0 - CUDA_VISIBLE_DEVICES: [0]
[I 2023-11-30 05:15:52,147] Trial 79 finished with value: 30.963668823242188 and parameters: {'gradient_clip_val': 0.15288411735710744, 'hidden_size': 42, 'dropout': 0.28102888948986804, 'hidden_continuous_size': 17, 'attention_head_size': 4, 'learning_rate': 0.049982423527130095}. Best is trial 48 with value: 24.08734893798828.
LOCAL_RANK: 0 - CUDA_VISIBLE_DEVICES: [0]
[I 2023-11-30 05:16:04,975] Trial 80 finished with value: 35.539058685302734 and parameters: {'gradient_clip_val': 0.13789939603088214, 'hidden_size': 37, 'dropout': 0.2191335383285098, 'hidden_continuous_size': 18, 'attention_head_size': 2, 'learning_rate': 0.07406652890104899}. Best is trial 48 with value: 24.08734893798828.
LOCAL_RANK: 0 - CUDA_VISIBLE_DEVICES: [0]
[I 2023-11-30 05:16:17,772] Trial 81 finished with value: 31.369979858398438 and parameters: {'gradient_clip_val': 0.17023983630144987, 'hidden_size': 41, 'dropout': 0.31796440743267346, 'hidden_continuous_size': 19, 'attention_head_size': 4, 'learning_rate': 0.08955459856719364}. Best is trial 48 with value: 24.08734893798828.
LOCAL_RANK: 0 - CUDA_VISIBLE_DEVICES: [0]
[I 2023-11-30 05:16:30,413] Trial 82 finished with value: 30.341211318969727 and parameters: {'gradient_clip_val': 0.1951817781150028, 'hidden_size': 30, 'dropout': 0.29525044162651587, 'hidden_continuous_size': 20, 'attention_head_size': 4, 'learning_rate': 0.09792493124972144}. Best is trial 48 with value: 24.08734893798828.
LOCAL_RANK: 0 - CUDA_VISIBLE_DEVICES: [0]
[I 2023-11-30 05:16:43,301] Trial 83 finished with value: 28.298166275024414 and parameters: {'gradient_clip_val': 0.2183082239869331, 'hidden_size': 48, 'dropout': 0.3056688107161488, 'hidden_continuous_size': 22, 'attention_head_size': 4, 'learning_rate': 0.0703325134196346}. Best is trial 48 with value: 24.08734893798828.
LOCAL_RANK: 0 - CUDA_VISIBLE_DEVICES: [0]
[I 2023-11-30 05:16:56,020] Trial 84 finished with value: 28.593597412109375 and parameters: {'gradient_clip_val': 0.1822832254006516, 'hidden_size': 35, 'dropout': 0.36068275042436704, 'hidden_continuous_size': 17, 'attention_head_size': 4, 'learning_rate': 0.06282750065659759}. Best is trial 48 with value: 24.08734893798828.
LOCAL_RANK: 0 - CUDA_VISIBLE_DEVICES: [0]
[I 2023-11-30 05:17:08,637] Trial 85 finished with value: 26.462690353393555 and parameters: {'gradient_clip_val': 0.15653765205724957, 'hidden_size': 32, 'dropout': 0.2688396133951173, 'hidden_continuous_size': 18, 'attention_head_size': 4, 'learning_rate': 0.08696075735143413}. Best is trial 48 with value: 24.08734893798828.
LOCAL_RANK: 0 - CUDA_VISIBLE_DEVICES: [0]
[I 2023-11-30 05:17:21,398] Trial 86 finished with value: 30.927610397338867 and parameters: {'gradient_clip_val': 0.14588509258267815, 'hidden_size': 56, 'dropout': 0.268425834858025, 'hidden_continuous_size': 15, 'attention_head_size': 1, 'learning_rate': 0.05371363804427802}. Best is trial 48 with value: 24.08734893798828.
LOCAL_RANK: 0 - CUDA_VISIBLE_DEVICES: [0]
[I 2023-11-30 05:17:33,633] Trial 87 finished with value: 33.61487579345703 and parameters: {'gradient_clip_val': 0.1291033239627421, 'hidden_size': 32, 'dropout': 0.334604087656536, 'hidden_continuous_size': 16, 'attention_head_size': 3, 'learning_rate': 0.08073440390608579}. Best is trial 48 with value: 24.08734893798828.
LOCAL_RANK: 0 - CUDA_VISIBLE_DEVICES: [0]
[I 2023-11-30 05:17:46,494] Trial 88 finished with value: 28.357040405273438 and parameters: {'gradient_clip_val': 0.11702097609990685, 'hidden_size': 39, 'dropout': 0.2402536710997567, 'hidden_continuous_size': 18, 'attention_head_size': 4, 'learning_rate': 0.04437954861993885}. Best is trial 48 with value: 24.08734893798828.
LOCAL_RANK: 0 - CUDA_VISIBLE_DEVICES: [0]
[I 2023-11-30 05:17:59,523] Trial 89 finished with value: 26.97321128845215 and parameters: {'gradient_clip_val': 0.157157001292667, 'hidden_size': 53, 'dropout': 0.3720785932535918, 'hidden_continuous_size': 21, 'attention_head_size': 3, 'learning_rate': 0.031997997506022405}. Best is trial 48 with value: 24.08734893798828.
LOCAL_RANK: 0 - CUDA_VISIBLE_DEVICES: [0]
