[I 2023-11-30 09:30:55,172] Trial 54 finished with value: 10.953071594238281 and parameters: {'gradient_clip_val': 0.3130541470289126, 'hidden_size': 35, 'dropout': 0.32203928957605504, 'hidden_continuous_size': 11, 'attention_head_size': 2, 'learning_rate': 0.020017431587595627}. Best is trial 21 with value: 10.81490707397461.
LOCAL_RANK: 0 - CUDA_VISIBLE_DEVICES: [0]
[I 2023-11-30 09:31:07,636] Trial 55 finished with value: 13.414834022521973 and parameters: {'gradient_clip_val': 0.30623723360469207, 'hidden_size': 37, 'dropout': 0.28527093179677177, 'hidden_continuous_size': 11, 'attention_head_size': 2, 'learning_rate': 0.013343888971223877}. Best is trial 21 with value: 10.81490707397461.
LOCAL_RANK: 0 - CUDA_VISIBLE_DEVICES: [0]
[I 2023-11-30 09:31:19,658] Trial 56 finished with value: 12.96015453338623 and parameters: {'gradient_clip_val': 0.29606661806876605, 'hidden_size': 32, 'dropout': 0.30389114404638123, 'hidden_continuous_size': 11, 'attention_head_size': 2, 'learning_rate': 0.010756223234418537}. Best is trial 21 with value: 10.81490707397461.
LOCAL_RANK: 0 - CUDA_VISIBLE_DEVICES: [0]
[I 2023-11-30 09:31:32,248] Trial 57 finished with value: 12.394020080566406 and parameters: {'gradient_clip_val': 0.26233976291319017, 'hidden_size': 43, 'dropout': 0.3166557684371984, 'hidden_continuous_size': 10, 'attention_head_size': 1, 'learning_rate': 0.016215808036478402}. Best is trial 21 with value: 10.81490707397461.
LOCAL_RANK: 0 - CUDA_VISIBLE_DEVICES: [0]
[I 2023-11-30 09:31:44,805] Trial 58 finished with value: 14.35901927947998 and parameters: {'gradient_clip_val': 0.3389484279558559, 'hidden_size': 36, 'dropout': 0.33496170844253204, 'hidden_continuous_size': 12, 'attention_head_size': 2, 'learning_rate': 0.012840643516548974}. Best is trial 21 with value: 10.81490707397461.
LOCAL_RANK: 0 - CUDA_VISIBLE_DEVICES: [0]
[I 2023-11-30 09:31:57,683] Trial 59 finished with value: 13.780835151672363 and parameters: {'gradient_clip_val': 0.22304266330443506, 'hidden_size': 51, 'dropout': 0.31876847569372685, 'hidden_continuous_size': 13, 'attention_head_size': 3, 'learning_rate': 0.025443197152466252}. Best is trial 21 with value: 10.81490707397461.
LOCAL_RANK: 0 - CUDA_VISIBLE_DEVICES: [0]
[I 2023-11-30 09:32:10,386] Trial 60 finished with value: 14.644073486328125 and parameters: {'gradient_clip_val': 0.38760338383681875, 'hidden_size': 46, 'dropout': 0.30276419539694605, 'hidden_continuous_size': 12, 'attention_head_size': 2, 'learning_rate': 0.0289572585575501}. Best is trial 21 with value: 10.81490707397461.
LOCAL_RANK: 0 - CUDA_VISIBLE_DEVICES: [0]
[I 2023-11-30 09:32:22,752] Trial 61 finished with value: 13.423129081726074 and parameters: {'gradient_clip_val': 0.4316932044502727, 'hidden_size': 29, 'dropout': 0.3387446617711744, 'hidden_continuous_size': 14, 'attention_head_size': 2, 'learning_rate': 0.020899194702356842}. Best is trial 21 with value: 10.81490707397461.
LOCAL_RANK: 0 - CUDA_VISIBLE_DEVICES: [0]
[I 2023-11-30 09:32:35,197] Trial 62 finished with value: 11.818598747253418 and parameters: {'gradient_clip_val': 0.31278438929309943, 'hidden_size': 34, 'dropout': 0.3458280051118057, 'hidden_continuous_size': 10, 'attention_head_size': 2, 'learning_rate': 0.019760995936313627}. Best is trial 21 with value: 10.81490707397461.
LOCAL_RANK: 0 - CUDA_VISIBLE_DEVICES: [0]
[I 2023-11-30 09:32:47,824] Trial 63 finished with value: 12.344265937805176 and parameters: {'gradient_clip_val': 0.371829388483458, 'hidden_size': 30, 'dropout': 0.35455275558583205, 'hidden_continuous_size': 16, 'attention_head_size': 2, 'learning_rate': 0.01731587774847299}. Best is trial 21 with value: 10.81490707397461.
LOCAL_RANK: 0 - CUDA_VISIBLE_DEVICES: [0]
[I 2023-11-30 09:33:00,149] Trial 64 finished with value: 10.762948036193848 and parameters: {'gradient_clip_val': 0.42234914612111757, 'hidden_size': 40, 'dropout': 0.32149785948823545, 'hidden_continuous_size': 11, 'attention_head_size': 2, 'learning_rate': 0.015040883543577284}. Best is trial 64 with value: 10.762948036193848.
LOCAL_RANK: 0 - CUDA_VISIBLE_DEVICES: [0]
[I 2023-11-30 09:33:12,369] Trial 65 finished with value: 11.516624450683594 and parameters: {'gradient_clip_val': 0.27890322262761896, 'hidden_size': 40, 'dropout': 0.32231241689245965, 'hidden_continuous_size': 11, 'attention_head_size': 2, 'learning_rate': 0.011439780988624788}. Best is trial 64 with value: 10.762948036193848.
LOCAL_RANK: 0 - CUDA_VISIBLE_DEVICES: [0]
[I 2023-11-30 09:33:25,431] Trial 66 finished with value: 10.763752937316895 and parameters: {'gradient_clip_val': 0.24967483343908842, 'hidden_size': 55, 'dropout': 0.32837350861598485, 'hidden_continuous_size': 11, 'attention_head_size': 2, 'learning_rate': 0.014657248024771061}. Best is trial 64 with value: 10.762948036193848.
LOCAL_RANK: 0 - CUDA_VISIBLE_DEVICES: [0]
[I 2023-11-30 09:33:38,684] Trial 67 finished with value: 10.86109447479248 and parameters: {'gradient_clip_val': 0.250958325338103, 'hidden_size': 77, 'dropout': 0.3275095663698706, 'hidden_continuous_size': 12, 'attention_head_size': 2, 'learning_rate': 0.014711691113192182}. Best is trial 64 with value: 10.762948036193848.
LOCAL_RANK: 0 - CUDA_VISIBLE_DEVICES: [0]
[I 2023-11-30 09:33:52,172] Trial 68 finished with value: 11.941429138183594 and parameters: {'gradient_clip_val': 0.23992129439758847, 'hidden_size': 81, 'dropout': 0.33022970677296953, 'hidden_continuous_size': 10, 'attention_head_size': 2, 'learning_rate': 0.008868921802601362}. Best is trial 64 with value: 10.762948036193848.
LOCAL_RANK: 0 - CUDA_VISIBLE_DEVICES: [0]
[I 2023-11-30 09:34:05,343] Trial 69 finished with value: 11.2871675491333 and parameters: {'gradient_clip_val': 0.18901942139614317, 'hidden_size': 74, 'dropout': 0.3184531562516235, 'hidden_continuous_size': 11, 'attention_head_size': 2, 'learning_rate': 0.015036396233477375}. Best is trial 64 with value: 10.762948036193848.
LOCAL_RANK: 0 - CUDA_VISIBLE_DEVICES: [0]
[I 2023-11-30 09:34:18,672] Trial 70 finished with value: 11.247036933898926 and parameters: {'gradient_clip_val': 0.24790329941974565, 'hidden_size': 98, 'dropout': 0.3390449559014581, 'hidden_continuous_size': 13, 'attention_head_size': 1, 'learning_rate': 0.010259717958598888}. Best is trial 64 with value: 10.762948036193848.
LOCAL_RANK: 0 - CUDA_VISIBLE_DEVICES: [0]
[I 2023-11-30 09:34:31,641] Trial 71 finished with value: 11.889942169189453 and parameters: {'gradient_clip_val': 0.33560242861273326, 'hidden_size': 65, 'dropout': 0.36632699170347943, 'hidden_continuous_size': 12, 'attention_head_size': 2, 'learning_rate': 0.014262483679266521}. Best is trial 64 with value: 10.762948036193848.
LOCAL_RANK: 0 - CUDA_VISIBLE_DEVICES: [0]
[I 2023-11-30 09:34:44,556] Trial 72 finished with value: 12.488876342773438 and parameters: {'gradient_clip_val': 0.3110198511950644, 'hidden_size': 61, 'dropout': 0.35830679990382996, 'hidden_continuous_size': 10, 'attention_head_size': 2, 'learning_rate': 0.018870698420145104}. Best is trial 64 with value: 10.762948036193848.
LOCAL_RANK: 0 - CUDA_VISIBLE_DEVICES: [0]
[I 2023-11-30 09:34:57,587] Trial 73 finished with value: 10.783284187316895 and parameters: {'gradient_clip_val': 0.3555181710482944, 'hidden_size': 54, 'dropout': 0.3293186360656767, 'hidden_continuous_size': 11, 'attention_head_size': 2, 'learning_rate': 0.01538987373539589}. Best is trial 64 with value: 10.762948036193848.
LOCAL_RANK: 0 - CUDA_VISIBLE_DEVICES: [0]
[I 2023-11-30 09:35:10,531] Trial 74 finished with value: 11.605620384216309 and parameters: {'gradient_clip_val': 0.4144820769447476, 'hidden_size': 59, 'dropout': 0.3268391075588208, 'hidden_continuous_size': 11, 'attention_head_size': 2, 'learning_rate': 0.013276806205902963}. Best is trial 64 with value: 10.762948036193848.
LOCAL_RANK: 0 - CUDA_VISIBLE_DEVICES: [0]
[I 2023-11-30 09:35:23,375] Trial 75 finished with value: 12.68703842163086 and parameters: {'gradient_clip_val': 0.25804708312231855, 'hidden_size': 68, 'dropout': 0.3091431699851712, 'hidden_continuous_size': 12, 'attention_head_size': 2, 'learning_rate': 0.01676668470311524}. Best is trial 64 with value: 10.762948036193848.
LOCAL_RANK: 0 - CUDA_VISIBLE_DEVICES: [0]
[I 2023-11-30 09:35:36,106] Trial 76 finished with value: 12.934470176696777 and parameters: {'gradient_clip_val': 0.37900643940934575, 'hidden_size': 56, 'dropout': 0.33878004892130376, 'hidden_continuous_size': 11, 'attention_head_size': 2, 'learning_rate': 0.024709504626024635}. Best is trial 64 with value: 10.762948036193848.
LOCAL_RANK: 0 - CUDA_VISIBLE_DEVICES: [0]
[I 2023-11-30 09:35:48,877] Trial 77 finished with value: 11.053483009338379 and parameters: {'gradient_clip_val': 0.2709960231858705, 'hidden_size': 49, 'dropout': 0.29706812957289197, 'hidden_continuous_size': 10, 'attention_head_size': 3, 'learning_rate': 0.012524675416789002}. Best is trial 64 with value: 10.762948036193848.
LOCAL_RANK: 0 - CUDA_VISIBLE_DEVICES: [0]
[I 2023-11-30 09:36:01,811] Trial 78 finished with value: 11.94587230682373 and parameters: {'gradient_clip_val': 0.27073473165847, 'hidden_size': 49, 'dropout': 0.29873939385933634, 'hidden_continuous_size': 12, 'attention_head_size': 3, 'learning_rate': 0.011798858086536605}. Best is trial 64 with value: 10.762948036193848.
LOCAL_RANK: 0 - CUDA_VISIBLE_DEVICES: [0]
[I 2023-11-30 09:36:14,546] Trial 79 finished with value: 11.141388893127441 and parameters: {'gradient_clip_val': 0.21784959255714675, 'hidden_size': 56, 'dropout': 0.29425841181187906, 'hidden_continuous_size': 13, 'attention_head_size': 4, 'learning_rate': 0.008388910363820893}. Best is trial 64 with value: 10.762948036193848.
LOCAL_RANK: 0 - CUDA_VISIBLE_DEVICES: [0]
[I 2023-11-30 09:36:27,925] Trial 80 finished with value: 13.207585334777832 and parameters: {'gradient_clip_val': 0.24889566014151399, 'hidden_size': 72, 'dropout': 0.3106928421449933, 'hidden_continuous_size': 30, 'attention_head_size': 3, 'learning_rate': 0.014838886757083577}. Best is trial 64 with value: 10.762948036193848.
LOCAL_RANK: 0 - CUDA_VISIBLE_DEVICES: [0]
[I 2023-11-30 09:36:40,606] Trial 81 finished with value: 12.289494514465332 and parameters: {'gradient_clip_val': 0.29551671316369116, 'hidden_size': 43, 'dropout': 0.31994446131727955, 'hidden_continuous_size': 10, 'attention_head_size': 3, 'learning_rate': 0.01841528920793324}. Best is trial 64 with value: 10.762948036193848.
LOCAL_RANK: 0 - CUDA_VISIBLE_DEVICES: [0]
[I 2023-11-30 09:36:53,459] Trial 82 finished with value: 11.434539794921875 and parameters: {'gradient_clip_val': 0.32185240385333713, 'hidden_size': 63, 'dropout': 0.32471064242582837, 'hidden_continuous_size': 10, 'attention_head_size': 2, 'learning_rate': 0.012462719249026774}. Best is trial 64 with value: 10.762948036193848.
LOCAL_RANK: 0 - CUDA_VISIBLE_DEVICES: [0]
[I 2023-11-30 09:37:06,436] Trial 83 finished with value: 11.405732154846191 and parameters: {'gradient_clip_val': 0.3482929968413565, 'hidden_size': 51, 'dropout': 0.33298070746847197, 'hidden_continuous_size': 11, 'attention_head_size': 2, 'learning_rate': 0.009981144904756304}. Best is trial 64 with value: 10.762948036193848.
LOCAL_RANK: 0 - CUDA_VISIBLE_DEVICES: [0]
[I 2023-11-30 09:37:19,163] Trial 84 finished with value: 12.06762981414795 and parameters: {'gradient_clip_val': 0.27892279792510727, 'hidden_size': 47, 'dropout': 0.3439503041695469, 'hidden_continuous_size': 11, 'attention_head_size': 2, 'learning_rate': 0.02155301804978748}. Best is trial 64 with value: 10.762948036193848.
LOCAL_RANK: 0 - CUDA_VISIBLE_DEVICES: [0]
[I 2023-11-30 09:37:31,763] Trial 85 finished with value: 11.837979316711426 and parameters: {'gradient_clip_val': 0.23091722412072985, 'hidden_size': 39, 'dropout': 0.31543395501268556, 'hidden_continuous_size': 12, 'attention_head_size': 2, 'learning_rate': 0.014866226305153678}. Best is trial 64 with value: 10.762948036193848.
LOCAL_RANK: 0 - CUDA_VISIBLE_DEVICES: [0]
[I 2023-11-30 09:37:44,240] Trial 86 finished with value: 12.81976318359375 and parameters: {'gradient_clip_val': 0.4035475539712643, 'hidden_size': 43, 'dropout': 0.2808613122141499, 'hidden_continuous_size': 10, 'attention_head_size': 2, 'learning_rate': 0.017329859261368662}. Best is trial 64 with value: 10.762948036193848.
LOCAL_RANK: 0 - CUDA_VISIBLE_DEVICES: [0]
[I 2023-11-30 09:37:56,821] Trial 87 finished with value: 11.622146606445312 and parameters: {'gradient_clip_val': 0.35777125284986994, 'hidden_size': 35, 'dropout': 0.3026751691523631, 'hidden_continuous_size': 11, 'attention_head_size': 3, 'learning_rate': 0.012433604158063098}. Best is trial 64 with value: 10.762948036193848.
LOCAL_RANK: 0 - CUDA_VISIBLE_DEVICES: [0]
[I 2023-11-30 09:38:09,373] Trial 88 finished with value: 11.561230659484863 and parameters: {'gradient_clip_val': 0.46687519367375097, 'hidden_size': 32, 'dropout': 0.2947361033719766, 'hidden_continuous_size': 23, 'attention_head_size': 2, 'learning_rate': 0.01084594384625136}. Best is trial 64 with value: 10.762948036193848.
LOCAL_RANK: 0 - CUDA_VISIBLE_DEVICES: [0]
[I 2023-11-30 09:38:22,577] Trial 89 finished with value: 12.043490409851074 and parameters: {'gradient_clip_val': 0.26992605046772083, 'hidden_size': 54, 'dropout': 0.33197146491062063, 'hidden_continuous_size': 32, 'attention_head_size': 2, 'learning_rate': 0.019139376381721508}. Best is trial 64 with value: 10.762948036193848.
LOCAL_RANK: 0 - CUDA_VISIBLE_DEVICES: [0]
[I 2023-11-30 09:38:35,262] Trial 90 finished with value: 13.305946350097656 and parameters: {'gradient_clip_val': 0.3040539423551283, 'hidden_size': 37, 'dropout': 0.3104877886186859, 'hidden_continuous_size': 26, 'attention_head_size': 2, 'learning_rate': 0.016088097218926775}. Best is trial 64 with value: 10.762948036193848.
LOCAL_RANK: 0 - CUDA_VISIBLE_DEVICES: [0]
[I 2023-11-30 09:38:48,160] Trial 91 finished with value: 12.152119636535645 and parameters: {'gradient_clip_val': 0.21499846253186544, 'hidden_size': 56, 'dropout': 0.29447870145954147, 'hidden_continuous_size': 13, 'attention_head_size': 4, 'learning_rate': 0.008684267737858445}. Best is trial 64 with value: 10.762948036193848.
LOCAL_RANK: 0 - CUDA_VISIBLE_DEVICES: [0]
[I 2023-11-30 09:39:01,341] Trial 92 finished with value: 12.749943733215332 and parameters: {'gradient_clip_val': 0.2416778115249193, 'hidden_size': 66, 'dropout': 0.2909767423322069, 'hidden_continuous_size': 12, 'attention_head_size': 2, 'learning_rate': 0.013940472180366512}. Best is trial 64 with value: 10.762948036193848.
LOCAL_RANK: 0 - CUDA_VISIBLE_DEVICES: [0]
[I 2023-11-30 09:39:14,490] Trial 93 finished with value: 12.22700023651123 and parameters: {'gradient_clip_val': 0.20490097324286274, 'hidden_size': 59, 'dropout': 0.3254578553140205, 'hidden_continuous_size': 13, 'attention_head_size': 4, 'learning_rate': 0.008137929065626574}. Best is trial 64 with value: 10.762948036193848.
LOCAL_RANK: 0 - CUDA_VISIBLE_DEVICES: [0]
[I 2023-11-30 09:39:27,468] Trial 94 finished with value: 12.21977710723877 and parameters: {'gradient_clip_val': 0.22330434363823076, 'hidden_size': 49, 'dropout': 0.30458424714534627, 'hidden_continuous_size': 14, 'attention_head_size': 4, 'learning_rate': 0.009981111626102742}. Best is trial 64 with value: 10.762948036193848.
LOCAL_RANK: 0 - CUDA_VISIBLE_DEVICES: [0]
[I 2023-11-30 09:39:40,132] Trial 95 finished with value: 10.752372741699219 and parameters: {'gradient_clip_val': 0.2513098631460995, 'hidden_size': 44, 'dropout': 0.31870320466423513, 'hidden_continuous_size': 11, 'attention_head_size': 4, 'learning_rate': 0.012223184081625236}. Best is trial 95 with value: 10.752372741699219.
LOCAL_RANK: 0 - CUDA_VISIBLE_DEVICES: [0]
[I 2023-11-30 09:39:52,828] Trial 96 finished with value: 11.278999328613281 and parameters: {'gradient_clip_val': 0.28880509212974853, 'hidden_size': 38, 'dropout': 0.3490180343387773, 'hidden_continuous_size': 10, 'attention_head_size': 4, 'learning_rate': 0.01295459038795346}. Best is trial 95 with value: 10.752372741699219.
LOCAL_RANK: 0 - CUDA_VISIBLE_DEVICES: [0]
[I 2023-11-30 09:40:05,627] Trial 97 finished with value: 11.969337463378906 and parameters: {'gradient_clip_val': 0.2548510602116503, 'hidden_size': 41, 'dropout': 0.31522115711332277, 'hidden_continuous_size': 11, 'attention_head_size': 2, 'learning_rate': 0.022297707682842383}. Best is trial 95 with value: 10.752372741699219.
LOCAL_RANK: 0 - CUDA_VISIBLE_DEVICES: [0]
[I 2023-11-30 09:40:18,343] Trial 98 finished with value: 11.466461181640625 and parameters: {'gradient_clip_val': 0.3228407126904534, 'hidden_size': 45, 'dropout': 0.32861216363121, 'hidden_continuous_size': 11, 'attention_head_size': 2, 'learning_rate': 0.011207440471306897}. Best is trial 95 with value: 10.752372741699219.
LOCAL_RANK: 0 - CUDA_VISIBLE_DEVICES: [0]
[I 2023-11-30 09:40:30,910] Trial 99 finished with value: 10.790420532226562 and parameters: {'gradient_clip_val': 0.42507848986576463, 'hidden_size': 34, 'dropout': 0.343503790530712, 'hidden_continuous_size': 10, 'attention_head_size': 2, 'learning_rate': 0.015211587057148548}. Best is trial 95 with value: 10.752372741699219.
LOCAL_RANK: 0 - CUDA_VISIBLE_DEVICES: [0]
[I 2023-11-30 09:40:43,472] Trial 100 finished with value: 12.094017028808594 and parameters: {'gradient_clip_val': 0.26934990686726906, 'hidden_size': 34, 'dropout': 0.3401328415711202, 'hidden_continuous_size': 20, 'attention_head_size': 2, 'learning_rate': 0.015205740719027425}. Best is trial 95 with value: 10.752372741699219.
LOCAL_RANK: 0 - CUDA_VISIBLE_DEVICES: [0]
[I 2023-11-30 09:40:55,771] Trial 101 finished with value: 12.045829772949219 and parameters: {'gradient_clip_val': 0.39696676387236407, 'hidden_size': 31, 'dropout': 0.31988589617522245, 'hidden_continuous_size': 10, 'attention_head_size': 2, 'learning_rate': 0.01724727302212616}. Best is trial 95 with value: 10.752372741699219.
LOCAL_RANK: 0 - CUDA_VISIBLE_DEVICES: [0]
[I 2023-11-30 09:41:08,548] Trial 102 finished with value: 11.737281799316406 and parameters: {'gradient_clip_val': 0.4481575262842796, 'hidden_size': 35, 'dropout': 0.33710769268420887, 'hidden_continuous_size': 11, 'attention_head_size': 2, 'learning_rate': 0.02019088184009591}. Best is trial 95 with value: 10.752372741699219.
LOCAL_RANK: 0 - CUDA_VISIBLE_DEVICES: [0]
[I 2023-11-30 09:41:21,141] Trial 103 finished with value: 11.364274024963379 and parameters: {'gradient_clip_val': 0.42787301488418494, 'hidden_size': 39, 'dropout': 0.3458449797030306, 'hidden_continuous_size': 10, 'attention_head_size': 2, 'learning_rate': 0.013822328166404493}. Best is trial 95 with value: 10.752372741699219.
LOCAL_RANK: 0 - CUDA_VISIBLE_DEVICES: [0]
[I 2023-11-30 09:41:33,551] Trial 104 finished with value: 11.775375366210938 and parameters: {'gradient_clip_val': 0.4990903346965529, 'hidden_size': 33, 'dropout': 0.32844605758739986, 'hidden_continuous_size': 10, 'attention_head_size': 2, 'learning_rate': 0.016066420492891538}. Best is trial 95 with value: 10.752372741699219.
LOCAL_RANK: 0 - CUDA_VISIBLE_DEVICES: [0]
[I 2023-11-30 09:41:45,919] Trial 105 finished with value: 11.857687950134277 and parameters: {'gradient_clip_val': 0.3781740444624866, 'hidden_size': 44, 'dropout': 0.3562302014893066, 'hidden_continuous_size': 12, 'attention_head_size': 2, 'learning_rate': 0.012414278407533967}. Best is trial 95 with value: 10.752372741699219.
LOCAL_RANK: 0 - CUDA_VISIBLE_DEVICES: [0]
[I 2023-11-30 09:41:58,600] Trial 106 finished with value: 12.130682945251465 and parameters: {'gradient_clip_val': 0.33180534996838246, 'hidden_size': 42, 'dropout': 0.33306753853261656, 'hidden_continuous_size': 11, 'attention_head_size': 2, 'learning_rate': 0.018427428925230693}. Best is trial 95 with value: 10.752372741699219.
LOCAL_RANK: 0 - CUDA_VISIBLE_DEVICES: [0]
[I 2023-11-30 09:42:11,301] Trial 107 finished with value: 11.031506538391113 and parameters: {'gradient_clip_val': 0.3641976422113299, 'hidden_size': 38, 'dropout': 0.3229425243453826, 'hidden_continuous_size': 19, 'attention_head_size': 2, 'learning_rate': 0.014396693252737753}. Best is trial 95 with value: 10.752372741699219.
LOCAL_RANK: 0 - CUDA_VISIBLE_DEVICES: [0]
[I 2023-11-30 09:42:24,162] Trial 108 finished with value: 11.959284782409668 and parameters: {'gradient_clip_val': 0.3597915388923928, 'hidden_size': 48, 'dropout': 0.31261791417579166, 'hidden_continuous_size': 19, 'attention_head_size': 2, 'learning_rate': 0.011337463295231285}. Best is trial 95 with value: 10.752372741699219.
LOCAL_RANK: 0 - CUDA_VISIBLE_DEVICES: [0]
[I 2023-11-30 09:42:37,424] Trial 109 finished with value: 11.971173286437988 and parameters: {'gradient_clip_val': 0.2358838655613868, 'hidden_size': 52, 'dropout': 0.34191751884027516, 'hidden_continuous_size': 38, 'attention_head_size': 2, 'learning_rate': 0.014051003905000765}. Best is trial 95 with value: 10.752372741699219.
LOCAL_RANK: 0 - CUDA_VISIBLE_DEVICES: [0]
[I 2023-11-30 09:42:49,946] Trial 110 finished with value: 11.534924507141113 and parameters: {'gradient_clip_val': 0.2817659983582181, 'hidden_size': 38, 'dropout': 0.3686264517258286, 'hidden_continuous_size': 15, 'attention_head_size': 3, 'learning_rate': 0.009290521791088106}. Best is trial 95 with value: 10.752372741699219.
LOCAL_RANK: 0 - CUDA_VISIBLE_DEVICES: [0]
[I 2023-11-30 09:43:02,421] Trial 111 finished with value: 12.06890869140625 and parameters: {'gradient_clip_val': 0.39422159068118967, 'hidden_size': 36, 'dropout': 0.3233575652026898, 'hidden_continuous_size': 22, 'attention_head_size': 2, 'learning_rate': 0.01577280730346674}. Best is trial 95 with value: 10.752372741699219.
LOCAL_RANK: 0 - CUDA_VISIBLE_DEVICES: [0]
[I 2023-11-30 09:43:15,165] Trial 112 finished with value: 11.18078327178955 and parameters: {'gradient_clip_val': 0.4264873444940268, 'hidden_size': 41, 'dropout': 0.3206898646728166, 'hidden_continuous_size': 21, 'attention_head_size': 2, 'learning_rate': 0.017315904217510947}. Best is trial 95 with value: 10.752372741699219.
LOCAL_RANK: 0 - CUDA_VISIBLE_DEVICES: [0]
