[I 2023-11-30 01:40:45,366] Trial 149 finished with value: 5.659844875335693 and parameters: {'gradient_clip_val': 0.14099279864394001, 'hidden_size': 55, 'dropout': 0.2469878989329814, 'hidden_continuous_size': 24, 'attention_head_size': 2, 'learning_rate': 0.09086899012187391}. Best is trial 135 with value: 4.506880283355713.
[I 2023-11-30 01:40:45,475] A new study created in memory with name: no-name-3b26e941-3d42-4489-8703-020b31483786
/home/le004/conda/anaconda3/envs/tsff_env/lib/python3.9/site-packages/lightning/fabric/plugins/environments/slurm.py:191: The `srun` command is available on your system but is not used. HINT: If your intention is to run Lightning on SLURM, prepend your python command with `srun` like so: srun python /home/le004/master_thesis/git/TSFusionForecast/code/ ...
LOCAL_RANK: 0 - CUDA_VISIBLE_DEVICES: [0]
[I 2023-11-30 01:40:58,250] Trial 0 finished with value: 690.69091796875 and parameters: {'gradient_clip_val': 0.3058886532336453, 'hidden_size': 43, 'dropout': 0.24657259658592537, 'hidden_continuous_size': 25, 'attention_head_size': 2, 'learning_rate': 0.001071459997305282}. Best is trial 0 with value: 690.69091796875.
LOCAL_RANK: 0 - CUDA_VISIBLE_DEVICES: [0]
[I 2023-11-30 01:41:12,434] Trial 1 finished with value: 78.25285339355469 and parameters: {'gradient_clip_val': 0.15374941812891366, 'hidden_size': 139, 'dropout': 0.3086253662431877, 'hidden_continuous_size': 20, 'attention_head_size': 4, 'learning_rate': 0.016664132758074497}. Best is trial 1 with value: 78.25285339355469.
LOCAL_RANK: 0 - CUDA_VISIBLE_DEVICES: [0]
[I 2023-11-30 01:41:25,233] Trial 2 finished with value: 87.13693237304688 and parameters: {'gradient_clip_val': 0.9140971802003381, 'hidden_size': 39, 'dropout': 0.12121430499567955, 'hidden_continuous_size': 15, 'attention_head_size': 3, 'learning_rate': 0.047323575799647084}. Best is trial 1 with value: 78.25285339355469.
LOCAL_RANK: 0 - CUDA_VISIBLE_DEVICES: [0]
[I 2023-11-30 01:41:39,361] Trial 3 finished with value: 56.79301452636719 and parameters: {'gradient_clip_val': 0.11947388527588383, 'hidden_size': 93, 'dropout': 0.2672202551314562, 'hidden_continuous_size': 70, 'attention_head_size': 3, 'learning_rate': 0.09918438056884503}. Best is trial 3 with value: 56.79301452636719.
LOCAL_RANK: 0 - CUDA_VISIBLE_DEVICES: [0]
[I 2023-11-30 01:41:53,030] Trial 4 finished with value: 100.9061050415039 and parameters: {'gradient_clip_val': 0.2633372600661842, 'hidden_size': 102, 'dropout': 0.24306172775619714, 'hidden_continuous_size': 39, 'attention_head_size': 1, 'learning_rate': 0.0016807349840088734}. Best is trial 3 with value: 56.79301452636719.
LOCAL_RANK: 0 - CUDA_VISIBLE_DEVICES: [0]
[I 2023-11-30 01:42:05,569] Trial 5 finished with value: 314.6916198730469 and parameters: {'gradient_clip_val': 0.6322614330763432, 'hidden_size': 31, 'dropout': 0.2256380945340368, 'hidden_continuous_size': 18, 'attention_head_size': 2, 'learning_rate': 0.005973381402323728}. Best is trial 3 with value: 56.79301452636719.
LOCAL_RANK: 0 - CUDA_VISIBLE_DEVICES: [0]
[I 2023-11-30 01:42:19,590] Trial 6 finished with value: 110.34442901611328 and parameters: {'gradient_clip_val': 0.3192875783564967, 'hidden_size': 135, 'dropout': 0.16402284225257074, 'hidden_continuous_size': 22, 'attention_head_size': 2, 'learning_rate': 0.0017506063968051738}. Best is trial 3 with value: 56.79301452636719.
LOCAL_RANK: 0 - CUDA_VISIBLE_DEVICES: [0]
[I 2023-11-30 01:42:33,722] Trial 7 finished with value: 88.46341705322266 and parameters: {'gradient_clip_val': 0.22864939224401068, 'hidden_size': 76, 'dropout': 0.3303278456648461, 'hidden_continuous_size': 70, 'attention_head_size': 3, 'learning_rate': 0.022960952751436323}. Best is trial 3 with value: 56.79301452636719.
LOCAL_RANK: 0 - CUDA_VISIBLE_DEVICES: [0]
[I 2023-11-30 01:42:43,824] Trial 8 finished with value: 652.6365356445312 and parameters: {'gradient_clip_val': 0.16358277482985992, 'hidden_size': 10, 'dropout': 0.30345228729756846, 'hidden_continuous_size': 10, 'attention_head_size': 2, 'learning_rate': 0.010361353560765795}. Best is trial 3 with value: 56.79301452636719.
LOCAL_RANK: 0 - CUDA_VISIBLE_DEVICES: [0]
[I 2023-11-30 01:42:56,044] Trial 9 finished with value: 271.7331848144531 and parameters: {'gradient_clip_val': 0.7859455899968345, 'hidden_size': 19, 'dropout': 0.21004746881819533, 'hidden_continuous_size': 15, 'attention_head_size': 3, 'learning_rate': 0.005513108813796179}. Best is trial 3 with value: 56.79301452636719.
LOCAL_RANK: 0 - CUDA_VISIBLE_DEVICES: [0]
[I 2023-11-30 01:43:06,667] Trial 10 finished with value: 122.69695281982422 and parameters: {'gradient_clip_val': 0.10687194964389633, 'hidden_size': 70, 'dropout': 0.3712353079502875, 'hidden_continuous_size': 70, 'attention_head_size': 4, 'learning_rate': 0.09311107823582712}. Best is trial 3 with value: 56.79301452636719.
LOCAL_RANK: 0 - CUDA_VISIBLE_DEVICES: [0]
[I 2023-11-30 01:43:21,502] Trial 11 finished with value: 100.92700958251953 and parameters: {'gradient_clip_val': 0.1075647996121686, 'hidden_size': 139, 'dropout': 0.2977861742480875, 'hidden_continuous_size': 120, 'attention_head_size': 4, 'learning_rate': 0.08414555248577463}. Best is trial 3 with value: 56.79301452636719.
LOCAL_RANK: 0 - CUDA_VISIBLE_DEVICES: [0]
[I 2023-11-30 01:43:35,993] Trial 12 finished with value: 99.23065185546875 and parameters: {'gradient_clip_val': 0.1560798973245151, 'hidden_size': 143, 'dropout': 0.39181231938128, 'hidden_continuous_size': 36, 'attention_head_size': 4, 'learning_rate': 0.031179868003549056}. Best is trial 3 with value: 56.79301452636719.
LOCAL_RANK: 0 - CUDA_VISIBLE_DEVICES: [0]
[I 2023-11-30 01:43:49,606] Trial 13 finished with value: 100.98957061767578 and parameters: {'gradient_clip_val': 0.10074450993785, 'hidden_size': 84, 'dropout': 0.28536477301172897, 'hidden_continuous_size': 32, 'attention_head_size': 4, 'learning_rate': 0.018858141772946816}. Best is trial 3 with value: 56.79301452636719.
LOCAL_RANK: 0 - CUDA_VISIBLE_DEVICES: [0]
[I 2023-11-30 01:44:02,822] Trial 14 finished with value: 79.86924743652344 and parameters: {'gradient_clip_val': 0.15065837053630252, 'hidden_size': 59, 'dropout': 0.3395431061040355, 'hidden_continuous_size': 25, 'attention_head_size': 3, 'learning_rate': 0.055222320830957086}. Best is trial 3 with value: 56.79301452636719.
LOCAL_RANK: 0 - CUDA_VISIBLE_DEVICES: [0]
[I 2023-11-30 01:44:16,866] Trial 15 finished with value: 99.98712158203125 and parameters: {'gradient_clip_val': 0.18478960113804827, 'hidden_size': 103, 'dropout': 0.2784883017842562, 'hidden_continuous_size': 45, 'attention_head_size': 4, 'learning_rate': 0.04422324487704018}. Best is trial 3 with value: 56.79301452636719.
LOCAL_RANK: 0 - CUDA_VISIBLE_DEVICES: [0]
[I 2023-11-30 01:44:30,772] Trial 16 finished with value: 53.88914489746094 and parameters: {'gradient_clip_val': 0.13537108385255053, 'hidden_size': 101, 'dropout': 0.20148855226614582, 'hidden_continuous_size': 49, 'attention_head_size': 3, 'learning_rate': 0.01583113069643089}. Best is trial 16 with value: 53.88914489746094.
LOCAL_RANK: 0 - CUDA_VISIBLE_DEVICES: [0]
[I 2023-11-30 01:44:43,601] Trial 17 finished with value: 107.15106964111328 and parameters: {'gradient_clip_val': 0.1202124779896798, 'hidden_size': 48, 'dropout': 0.19340959889303597, 'hidden_continuous_size': 28, 'attention_head_size': 1, 'learning_rate': 0.03429416279605401}. Best is trial 16 with value: 53.88914489746094.
LOCAL_RANK: 0 - CUDA_VISIBLE_DEVICES: [0]
[I 2023-11-30 01:44:57,495] Trial 18 finished with value: 79.78839111328125 and parameters: {'gradient_clip_val': 0.13155135571325674, 'hidden_size': 93, 'dropout': 0.2641944835647018, 'hidden_continuous_size': 51, 'attention_head_size': 3, 'learning_rate': 0.0685024531005566}. Best is trial 16 with value: 53.88914489746094.
LOCAL_RANK: 0 - CUDA_VISIBLE_DEVICES: [0]
[I 2023-11-30 01:45:10,766] Trial 19 finished with value: 100.06705474853516 and parameters: {'gradient_clip_val': 0.20511959439072613, 'hidden_size': 58, 'dropout': 0.17831202321044665, 'hidden_continuous_size': 30, 'attention_head_size': 3, 'learning_rate': 0.09603963346711934}. Best is trial 16 with value: 53.88914489746094.
LOCAL_RANK: 0 - CUDA_VISIBLE_DEVICES: [0]
[I 2023-11-30 01:45:24,762] Trial 20 finished with value: 99.79549407958984 and parameters: {'gradient_clip_val': 0.13028638079700497, 'hidden_size': 106, 'dropout': 0.22741626104950444, 'hidden_continuous_size': 55, 'attention_head_size': 2, 'learning_rate': 0.05844718775367227}. Best is trial 16 with value: 53.88914489746094.
LOCAL_RANK: 0 - CUDA_VISIBLE_DEVICES: [0]
[I 2023-11-30 01:45:39,078] Trial 21 finished with value: 79.0378646850586 and parameters: {'gradient_clip_val': 0.1404454482917108, 'hidden_size': 116, 'dropout': 0.2645656240403978, 'hidden_continuous_size': 65, 'attention_head_size': 4, 'learning_rate': 0.016151297972454556}. Best is trial 16 with value: 53.88914489746094.
LOCAL_RANK: 0 - CUDA_VISIBLE_DEVICES: [0]
[I 2023-11-30 01:45:52,825] Trial 22 finished with value: 111.19463348388672 and parameters: {'gradient_clip_val': 0.17352233130315853, 'hidden_size': 81, 'dropout': 0.3238951351170277, 'hidden_continuous_size': 35, 'attention_head_size': 3, 'learning_rate': 0.013324316514794765}. Best is trial 16 with value: 53.88914489746094.
LOCAL_RANK: 0 - CUDA_VISIBLE_DEVICES: [0]
[I 2023-11-30 01:46:07,373] Trial 23 finished with value: 83.33028411865234 and parameters: {'gradient_clip_val': 0.12392571018775876, 'hidden_size': 148, 'dropout': 0.26705387370274686, 'hidden_continuous_size': 94, 'attention_head_size': 3, 'learning_rate': 0.0257479245814864}. Best is trial 16 with value: 53.88914489746094.
LOCAL_RANK: 0 - CUDA_VISIBLE_DEVICES: [0]
[I 2023-11-30 01:46:21,400] Trial 24 finished with value: 95.27535247802734 and parameters: {'gradient_clip_val': 0.10017726561638005, 'hidden_size': 116, 'dropout': 0.29859371603627366, 'hidden_continuous_size': 44, 'attention_head_size': 4, 'learning_rate': 0.03525861056106066}. Best is trial 16 with value: 53.88914489746094.
LOCAL_RANK: 0 - CUDA_VISIBLE_DEVICES: [0]
[I 2023-11-30 01:46:34,762] Trial 25 finished with value: 125.24102783203125 and parameters: {'gradient_clip_val': 0.20130157484947672, 'hidden_size': 68, 'dropout': 0.2417217933114631, 'hidden_continuous_size': 42, 'attention_head_size': 3, 'learning_rate': 0.021292215158792607}. Best is trial 16 with value: 53.88914489746094.
LOCAL_RANK: 0 - CUDA_VISIBLE_DEVICES: [0]
[I 2023-11-30 01:46:48,804] Trial 26 finished with value: 110.2918472290039 and parameters: {'gradient_clip_val': 0.14376320107858342, 'hidden_size': 91, 'dropout': 0.217252048584651, 'hidden_continuous_size': 61, 'attention_head_size': 4, 'learning_rate': 0.012719672785423013}. Best is trial 16 with value: 53.88914489746094.
LOCAL_RANK: 0 - CUDA_VISIBLE_DEVICES: [0]
[I 2023-11-30 01:47:03,211] Trial 27 finished with value: 70.73575592041016 and parameters: {'gradient_clip_val': 0.17299342096741208, 'hidden_size': 120, 'dropout': 0.20109060883656907, 'hidden_continuous_size': 84, 'attention_head_size': 3, 'learning_rate': 0.00926407850079672}. Best is trial 16 with value: 53.88914489746094.
LOCAL_RANK: 0 - CUDA_VISIBLE_DEVICES: [0]
[I 2023-11-30 01:47:17,425] Trial 28 finished with value: 120.96759033203125 and parameters: {'gradient_clip_val': 0.11997034136570794, 'hidden_size': 115, 'dropout': 0.15638570727140416, 'hidden_continuous_size': 80, 'attention_head_size': 2, 'learning_rate': 0.006620736477843742}. Best is trial 16 with value: 53.88914489746094.
LOCAL_RANK: 0 - CUDA_VISIBLE_DEVICES: [0]
[I 2023-11-30 01:47:31,329] Trial 29 finished with value: 79.11050415039062 and parameters: {'gradient_clip_val': 0.17468150188496578, 'hidden_size': 85, 'dropout': 0.18914594595302692, 'hidden_continuous_size': 55, 'attention_head_size': 3, 'learning_rate': 0.009042541693703112}. Best is trial 16 with value: 53.88914489746094.
LOCAL_RANK: 0 - CUDA_VISIBLE_DEVICES: [0]
[I 2023-11-30 01:47:44,800] Trial 30 finished with value: 106.41605377197266 and parameters: {'gradient_clip_val': 0.23148418712855015, 'hidden_size': 62, 'dropout': 0.20288748401004375, 'hidden_continuous_size': 48, 'attention_head_size': 3, 'learning_rate': 0.06602247684791507}. Best is trial 16 with value: 53.88914489746094.
LOCAL_RANK: 0 - CUDA_VISIBLE_DEVICES: [0]
[I 2023-11-30 01:47:59,284] Trial 31 finished with value: 115.7681884765625 and parameters: {'gradient_clip_val': 0.15600385759612787, 'hidden_size': 125, 'dropout': 0.251346046182827, 'hidden_continuous_size': 84, 'attention_head_size': 3, 'learning_rate': 0.016669502921299387}. Best is trial 16 with value: 53.88914489746094.
LOCAL_RANK: 0 - CUDA_VISIBLE_DEVICES: [0]
[I 2023-11-30 01:48:13,586] Trial 32 finished with value: 71.95645904541016 and parameters: {'gradient_clip_val': 0.13606446132555225, 'hidden_size': 126, 'dropout': 0.22951615834415562, 'hidden_continuous_size': 60, 'attention_head_size': 2, 'learning_rate': 0.043991028119700716}. Best is trial 16 with value: 53.88914489746094.
LOCAL_RANK: 0 - CUDA_VISIBLE_DEVICES: [0]
[I 2023-11-30 01:48:27,571] Trial 33 finished with value: 97.9916000366211 and parameters: {'gradient_clip_val': 0.11767124439919706, 'hidden_size': 98, 'dropout': 0.23174373107290536, 'hidden_continuous_size': 58, 'attention_head_size': 2, 'learning_rate': 0.07351693209665505}. Best is trial 16 with value: 53.88914489746094.
LOCAL_RANK: 0 - CUDA_VISIBLE_DEVICES: [0]
[I 2023-11-30 01:48:41,805] Trial 34 finished with value: 60.841766357421875 and parameters: {'gradient_clip_val': 0.13809093842746942, 'hidden_size': 119, 'dropout': 0.209596095115209, 'hidden_continuous_size': 76, 'attention_head_size': 2, 'learning_rate': 0.04844909985154765}. Best is trial 16 with value: 53.88914489746094.
LOCAL_RANK: 0 - CUDA_VISIBLE_DEVICES: [0]
[I 2023-11-30 01:48:55,833] Trial 35 finished with value: 72.95275115966797 and parameters: {'gradient_clip_val': 0.14095450128242737, 'hidden_size': 109, 'dropout': 0.20852833942935017, 'hidden_continuous_size': 76, 'attention_head_size': 1, 'learning_rate': 0.05061982548300746}. Best is trial 16 with value: 53.88914489746094.
LOCAL_RANK: 0 - CUDA_VISIBLE_DEVICES: [0]
[I 2023-11-30 01:49:09,659] Trial 36 finished with value: 100.75211334228516 and parameters: {'gradient_clip_val': 0.17888552405832653, 'hidden_size': 96, 'dropout': 0.12939415323519823, 'hidden_continuous_size': 66, 'attention_head_size': 2, 'learning_rate': 0.07554254795617994}. Best is trial 16 with value: 53.88914489746094.
LOCAL_RANK: 0 - CUDA_VISIBLE_DEVICES: [0]
[I 2023-11-30 01:49:24,562] Trial 37 finished with value: 107.3763198852539 and parameters: {'gradient_clip_val': 0.12143692922937709, 'hidden_size': 150, 'dropout': 0.1756474759243241, 'hidden_continuous_size': 106, 'attention_head_size': 3, 'learning_rate': 0.09684916897485717}. Best is trial 16 with value: 53.88914489746094.
LOCAL_RANK: 0 - CUDA_VISIBLE_DEVICES: [0]
[I 2023-11-30 01:49:38,193] Trial 38 finished with value: 101.1398696899414 and parameters: {'gradient_clip_val': 0.29158982499206604, 'hidden_size': 76, 'dropout': 0.2511108038362586, 'hidden_continuous_size': 52, 'attention_head_size': 1, 'learning_rate': 0.027382598234476547}. Best is trial 16 with value: 53.88914489746094.
LOCAL_RANK: 0 - CUDA_VISIBLE_DEVICES: [0]
[I 2023-11-30 01:49:52,414] Trial 39 finished with value: 122.1122055053711 and parameters: {'gradient_clip_val': 0.15298498629141694, 'hidden_size': 119, 'dropout': 0.19446726350107604, 'hidden_continuous_size': 92, 'attention_head_size': 2, 'learning_rate': 0.04160521118371842}. Best is trial 16 with value: 53.88914489746094.
LOCAL_RANK: 0 - CUDA_VISIBLE_DEVICES: [0]
[I 2023-11-30 01:50:06,543] Trial 40 finished with value: 106.82975006103516 and parameters: {'gradient_clip_val': 0.40808951059312226, 'hidden_size': 92, 'dropout': 0.21673915958364767, 'hidden_continuous_size': 74, 'attention_head_size': 3, 'learning_rate': 0.05802321969904523}. Best is trial 16 with value: 53.88914489746094.
LOCAL_RANK: 0 - CUDA_VISIBLE_DEVICES: [0]
[I 2023-11-30 01:50:20,669] Trial 41 finished with value: 111.34747314453125 and parameters: {'gradient_clip_val': 0.13526229322534175, 'hidden_size': 130, 'dropout': 0.23007644718703701, 'hidden_continuous_size': 61, 'attention_head_size': 2, 'learning_rate': 0.03782445957404652}. Best is trial 16 with value: 53.88914489746094.
LOCAL_RANK: 0 - CUDA_VISIBLE_DEVICES: [0]
[I 2023-11-30 01:50:34,992] Trial 42 finished with value: 105.51639556884766 and parameters: {'gradient_clip_val': 0.1157946851652971, 'hidden_size': 128, 'dropout': 0.23775025690257975, 'hidden_continuous_size': 84, 'attention_head_size': 2, 'learning_rate': 0.04353590571476258}. Best is trial 16 with value: 53.88914489746094.
LOCAL_RANK: 0 - CUDA_VISIBLE_DEVICES: [0]
[I 2023-11-30 01:50:48,987] Trial 43 finished with value: 111.29605865478516 and parameters: {'gradient_clip_val': 0.16348224468985353, 'hidden_size': 104, 'dropout': 0.21322622010529899, 'hidden_continuous_size': 69, 'attention_head_size': 2, 'learning_rate': 0.0274895607405525}. Best is trial 16 with value: 53.88914489746094.
LOCAL_RANK: 0 - CUDA_VISIBLE_DEVICES: [0]
[I 2023-11-30 01:51:03,464] Trial 44 finished with value: 95.6972885131836 and parameters: {'gradient_clip_val': 0.10920586566791267, 'hidden_size': 133, 'dropout': 0.22325020454006494, 'hidden_continuous_size': 104, 'attention_head_size': 2, 'learning_rate': 0.05310948114235352}. Best is trial 16 with value: 53.88914489746094.
LOCAL_RANK: 0 - CUDA_VISIBLE_DEVICES: [0]
[I 2023-11-30 01:51:18,261] Trial 45 finished with value: 108.5138168334961 and parameters: {'gradient_clip_val': 0.13222770646641413, 'hidden_size': 150, 'dropout': 0.20308014016829262, 'hidden_continuous_size': 129, 'attention_head_size': 3, 'learning_rate': 0.07827210065313543}. Best is trial 16 with value: 53.88914489746094.
LOCAL_RANK: 0 - CUDA_VISIBLE_DEVICES: [0]
[I 2023-11-30 01:51:32,064] Trial 46 finished with value: 73.61654663085938 and parameters: {'gradient_clip_val': 0.11123132921370138, 'hidden_size': 79, 'dropout': 0.24622806254637664, 'hidden_continuous_size': 64, 'attention_head_size': 1, 'learning_rate': 0.021275051555056424}. Best is trial 16 with value: 53.88914489746094.
LOCAL_RANK: 0 - CUDA_VISIBLE_DEVICES: [0]
[I 2023-11-30 01:51:46,184] Trial 47 finished with value: 121.41162109375 and parameters: {'gradient_clip_val': 0.1521203161940007, 'hidden_size': 124, 'dropout': 0.1554971699749898, 'hidden_continuous_size': 40, 'attention_head_size': 3, 'learning_rate': 0.0356438481514121}. Best is trial 16 with value: 53.88914489746094.
LOCAL_RANK: 0 - CUDA_VISIBLE_DEVICES: [0]
[I 2023-11-30 01:52:00,169] Trial 48 finished with value: 130.95101928710938 and parameters: {'gradient_clip_val': 0.1012596648898331, 'hidden_size': 104, 'dropout': 0.22245628957801505, 'hidden_continuous_size': 72, 'attention_head_size': 2, 'learning_rate': 0.06279376180764668}. Best is trial 16 with value: 53.88914489746094.
LOCAL_RANK: 0 - CUDA_VISIBLE_DEVICES: [0]
[I 2023-11-30 01:52:14,019] Trial 49 finished with value: 128.25340270996094 and parameters: {'gradient_clip_val': 0.1373753347467588, 'hidden_size': 87, 'dropout': 0.23630662514326556, 'hidden_continuous_size': 59, 'attention_head_size': 3, 'learning_rate': 0.050894340424231035}. Best is trial 16 with value: 53.88914489746094.
LOCAL_RANK: 0 - CUDA_VISIBLE_DEVICES: [0]
[I 2023-11-30 01:52:28,163] Trial 50 finished with value: 127.53414916992188 and parameters: {'gradient_clip_val': 0.1994348857419336, 'hidden_size': 135, 'dropout': 0.18185444657660174, 'hidden_continuous_size': 47, 'attention_head_size': 2, 'learning_rate': 0.08344121300536844}. Best is trial 16 with value: 53.88914489746094.
LOCAL_RANK: 0 - CUDA_VISIBLE_DEVICES: [0]
[I 2023-11-30 01:52:42,291] Trial 51 finished with value: 119.87938690185547 and parameters: {'gradient_clip_val': 0.14869336662082203, 'hidden_size': 111, 'dropout': 0.20343321520106178, 'hidden_continuous_size': 77, 'attention_head_size': 1, 'learning_rate': 0.04182005544711386}. Best is trial 16 with value: 53.88914489746094.
LOCAL_RANK: 0 - CUDA_VISIBLE_DEVICES: [0]
[I 2023-11-30 01:52:56,612] Trial 52 finished with value: 131.91624450683594 and parameters: {'gradient_clip_val': 0.14005143637467157, 'hidden_size': 107, 'dropout': 0.20899989354133647, 'hidden_continuous_size': 73, 'attention_head_size': 1, 'learning_rate': 0.047765415483736556}. Best is trial 16 with value: 53.88914489746094.
LOCAL_RANK: 0 - CUDA_VISIBLE_DEVICES: [0]
[I 2023-11-30 01:53:10,635] Trial 53 finished with value: 98.23223876953125 and parameters: {'gradient_clip_val': 0.12968013870647585, 'hidden_size': 95, 'dropout': 0.1936758866865685, 'hidden_continuous_size': 68, 'attention_head_size': 1, 'learning_rate': 0.032370692848625544}. Best is trial 16 with value: 53.88914489746094.
LOCAL_RANK: 0 - CUDA_VISIBLE_DEVICES: [0]
[I 2023-11-30 01:53:24,914] Trial 54 finished with value: 92.71392059326172 and parameters: {'gradient_clip_val': 0.16888464974617962, 'hidden_size': 115, 'dropout': 0.21402080568457585, 'hidden_continuous_size': 83, 'attention_head_size': 3, 'learning_rate': 0.0511789531563073}. Best is trial 16 with value: 53.88914489746094.
LOCAL_RANK: 0 - CUDA_VISIBLE_DEVICES: [0]
[I 2023-11-30 01:53:38,612] Trial 55 finished with value: 120.66229248046875 and parameters: {'gradient_clip_val': 0.11087297804618883, 'hidden_size': 70, 'dropout': 0.2552199369954382, 'hidden_continuous_size': 62, 'attention_head_size': 1, 'learning_rate': 0.06742995302496785}. Best is trial 16 with value: 53.88914489746094.
LOCAL_RANK: 0 - CUDA_VISIBLE_DEVICES: [0]
[I 2023-11-30 01:53:52,893] Trial 56 finished with value: 115.5727310180664 and parameters: {'gradient_clip_val': 0.1266598807597289, 'hidden_size': 137, 'dropout': 0.23650729617722266, 'hidden_continuous_size': 53, 'attention_head_size': 3, 'learning_rate': 0.03005314349498659}. Best is trial 16 with value: 53.88914489746094.
LOCAL_RANK: 0 - CUDA_VISIBLE_DEVICES: [0]
