[rank: 0] Seed set to 1337
[I 2023-11-29 20:06:46,795] A new study created in memory with name: no-name-beba9a91-19d1-4d6b-bdd5-9b11b5d3e197
/home/le004/conda/anaconda3/envs/tsff_env/lib/python3.9/site-packages/lightning/fabric/plugins/environments/slurm.py:191: The `srun` command is available on your system but is not used. HINT: If your intention is to run Lightning on SLURM, prepend your python command with `srun` like so: srun python /home/le004/master_thesis/git/TSFusionForecast/code/ ...
LOCAL_RANK: 0 - CUDA_VISIBLE_DEVICES: [0]
[I 2023-11-29 20:07:03,378] Trial 0 finished with value: 0.27106204628944397 and parameters: {'gradient_clip_val': 0.12742590198225487, 'hidden_size': 42, 'dropout': 0.3999892600969991, 'hidden_continuous_size': 10, 'attention_head_size': 3, 'learning_rate': 0.029344608125562804}. Best is trial 0 with value: 0.27106204628944397.
LOCAL_RANK: 0 - CUDA_VISIBLE_DEVICES: [0]
[I 2023-11-29 20:07:17,040] Trial 1 finished with value: 0.10536398738622665 and parameters: {'gradient_clip_val': 0.6851729822921525, 'hidden_size': 101, 'dropout': 0.3710004040277406, 'hidden_continuous_size': 42, 'attention_head_size': 3, 'learning_rate': 0.03252784802359909}. Best is trial 1 with value: 0.10536398738622665.
LOCAL_RANK: 0 - CUDA_VISIBLE_DEVICES: [0]
[I 2023-11-29 20:07:29,634] Trial 2 finished with value: 1.035610556602478 and parameters: {'gradient_clip_val': 0.2568472280206181, 'hidden_size': 54, 'dropout': 0.24196385359155528, 'hidden_continuous_size': 14, 'attention_head_size': 2, 'learning_rate': 0.0023011770529700317}. Best is trial 1 with value: 0.10536398738622665.
LOCAL_RANK: 0 - CUDA_VISIBLE_DEVICES: [0]
[I 2023-11-29 20:07:43,137] Trial 3 finished with value: 0.4624456465244293 and parameters: {'gradient_clip_val': 0.6662787646364974, 'hidden_size': 94, 'dropout': 0.161984315598427, 'hidden_continuous_size': 20, 'attention_head_size': 3, 'learning_rate': 0.003993943849803427}. Best is trial 1 with value: 0.10536398738622665.
LOCAL_RANK: 0 - CUDA_VISIBLE_DEVICES: [0]
[I 2023-11-29 20:07:56,848] Trial 4 finished with value: 0.8409109115600586 and parameters: {'gradient_clip_val': 0.6496350158633054, 'hidden_size': 123, 'dropout': 0.2875297478769135, 'hidden_continuous_size': 46, 'attention_head_size': 1, 'learning_rate': 0.0010978293493812137}. Best is trial 1 with value: 0.10536398738622665.
LOCAL_RANK: 0 - CUDA_VISIBLE_DEVICES: [0]
[I 2023-11-29 20:08:10,275] Trial 5 finished with value: 0.36890873312950134 and parameters: {'gradient_clip_val': 0.6588587107206556, 'hidden_size': 115, 'dropout': 0.24573010360668107, 'hidden_continuous_size': 13, 'attention_head_size': 3, 'learning_rate': 0.0036976134274558804}. Best is trial 1 with value: 0.10536398738622665.
LOCAL_RANK: 0 - CUDA_VISIBLE_DEVICES: [0]
[I 2023-11-29 20:08:23,861] Trial 6 finished with value: 0.43644094467163086 and parameters: {'gradient_clip_val': 0.9052289892170248, 'hidden_size': 94, 'dropout': 0.20554141811519766, 'hidden_continuous_size': 41, 'attention_head_size': 3, 'learning_rate': 0.002549790268586244}. Best is trial 1 with value: 0.10536398738622665.
LOCAL_RANK: 0 - CUDA_VISIBLE_DEVICES: [0]
[I 2023-11-29 20:08:36,845] Trial 7 finished with value: 1.0526682138442993 and parameters: {'gradient_clip_val': 0.17892784005907691, 'hidden_size': 57, 'dropout': 0.3212677837774236, 'hidden_continuous_size': 21, 'attention_head_size': 3, 'learning_rate': 0.002290508077250043}. Best is trial 1 with value: 0.10536398738622665.
LOCAL_RANK: 0 - CUDA_VISIBLE_DEVICES: [0]
[I 2023-11-29 20:08:50,572] Trial 8 finished with value: 0.15281517803668976 and parameters: {'gradient_clip_val': 0.6674914661395849, 'hidden_size': 116, 'dropout': 0.3175049077300064, 'hidden_continuous_size': 44, 'attention_head_size': 4, 'learning_rate': 0.016340181569107787}. Best is trial 1 with value: 0.10536398738622665.
LOCAL_RANK: 0 - CUDA_VISIBLE_DEVICES: [0]
[I 2023-11-29 20:09:04,907] Trial 9 finished with value: 0.5311257839202881 and parameters: {'gradient_clip_val': 0.22541383681934113, 'hidden_size': 141, 'dropout': 0.36916369901541823, 'hidden_continuous_size': 100, 'attention_head_size': 1, 'learning_rate': 0.002008725477120397}. Best is trial 1 with value: 0.10536398738622665.
LOCAL_RANK: 0 - CUDA_VISIBLE_DEVICES: [0]
[I 2023-11-29 20:09:16,962] Trial 10 finished with value: 0.15990705788135529 and parameters: {'gradient_clip_val': 0.3813259205205865, 'hidden_size': 19, 'dropout': 0.10205758295660461, 'hidden_continuous_size': 10, 'attention_head_size': 4, 'learning_rate': 0.09627459789422349}. Best is trial 1 with value: 0.10536398738622665.
LOCAL_RANK: 0 - CUDA_VISIBLE_DEVICES: [0]
[I 2023-11-29 20:09:30,358] Trial 11 finished with value: 0.21421591937541962 and parameters: {'gradient_clip_val': 0.3965734972749969, 'hidden_size': 72, 'dropout': 0.33956580655377205, 'hidden_continuous_size': 37, 'attention_head_size': 4, 'learning_rate': 0.014805513093703909}. Best is trial 1 with value: 0.10536398738622665.
LOCAL_RANK: 0 - CUDA_VISIBLE_DEVICES: [0]
[I 2023-11-29 20:09:43,189] Trial 12 finished with value: 0.258504182100296 and parameters: {'gradient_clip_val': 0.979686660037503, 'hidden_size': 31, 'dropout': 0.31835140868607303, 'hidden_continuous_size': 28, 'attention_head_size': 4, 'learning_rate': 0.022087395178449175}. Best is trial 1 with value: 0.10536398738622665.
LOCAL_RANK: 0 - CUDA_VISIBLE_DEVICES: [0]
[I 2023-11-29 20:09:57,241] Trial 13 finished with value: 0.12716329097747803 and parameters: {'gradient_clip_val': 0.4534509420093788, 'hidden_size': 144, 'dropout': 0.3958830077019512, 'hidden_continuous_size': 64, 'attention_head_size': 2, 'learning_rate': 0.009023755836509247}. Best is trial 1 with value: 0.10536398738622665.
LOCAL_RANK: 0 - CUDA_VISIBLE_DEVICES: [0]
[I 2023-11-29 20:10:10,890] Trial 14 finished with value: 0.3804321587085724 and parameters: {'gradient_clip_val': 0.390536649787268, 'hidden_size': 77, 'dropout': 0.38502105114511753, 'hidden_continuous_size': 62, 'attention_head_size': 2, 'learning_rate': 0.00817704269239795}. Best is trial 1 with value: 0.10536398738622665.
LOCAL_RANK: 0 - CUDA_VISIBLE_DEVICES: [0]
[I 2023-11-29 20:10:25,329] Trial 15 finished with value: 0.3082275390625 and parameters: {'gradient_clip_val': 0.4323278770785512, 'hidden_size': 150, 'dropout': 0.3593802052678073, 'hidden_continuous_size': 74, 'attention_head_size': 2, 'learning_rate': 0.04100115228151}. Best is trial 1 with value: 0.10536398738622665.
LOCAL_RANK: 0 - CUDA_VISIBLE_DEVICES: [0]
[I 2023-11-29 20:10:35,389] Trial 16 finished with value: 1.7373743057250977 and parameters: {'gradient_clip_val': 0.5311993338676965, 'hidden_size': 12, 'dropout': 0.3992816810394033, 'hidden_continuous_size': 12, 'attention_head_size': 2, 'learning_rate': 0.008810221258598474}. Best is trial 1 with value: 0.10536398738622665.
LOCAL_RANK: 0 - CUDA_VISIBLE_DEVICES: [0]
[I 2023-11-29 20:10:49,107] Trial 17 finished with value: 0.26251140236854553 and parameters: {'gradient_clip_val': 0.5149106439366488, 'hidden_size': 88, 'dropout': 0.3558639214864442, 'hidden_continuous_size': 57, 'attention_head_size': 1, 'learning_rate': 0.04694457446272404}. Best is trial 1 with value: 0.10536398738622665.
LOCAL_RANK: 0 - CUDA_VISIBLE_DEVICES: [0]
[I 2023-11-29 20:11:02,304] Trial 18 finished with value: 0.3869621753692627 and parameters: {'gradient_clip_val': 0.30666176112451554, 'hidden_size': 64, 'dropout': 0.36479432950715107, 'hidden_continuous_size': 34, 'attention_head_size': 2, 'learning_rate': 0.0072674905540674115}. Best is trial 1 with value: 0.10536398738622665.
LOCAL_RANK: 0 - CUDA_VISIBLE_DEVICES: [0]
[I 2023-11-29 20:11:16,346] Trial 19 finished with value: 0.15087220072746277 and parameters: {'gradient_clip_val': 0.3127708259847764, 'hidden_size': 102, 'dropout': 0.27344224816251467, 'hidden_continuous_size': 79, 'attention_head_size': 2, 'learning_rate': 0.013229250894666183}. Best is trial 1 with value: 0.10536398738622665.
LOCAL_RANK: 0 - CUDA_VISIBLE_DEVICES: [0]
[I 2023-11-29 20:11:31,141] Trial 20 finished with value: 0.17675085365772247 and parameters: {'gradient_clip_val': 0.8284092320640779, 'hidden_size': 149, 'dropout': 0.3361083040792019, 'hidden_continuous_size': 123, 'attention_head_size': 3, 'learning_rate': 0.0065996184628221485}. Best is trial 1 with value: 0.10536398738622665.
LOCAL_RANK: 0 - CUDA_VISIBLE_DEVICES: [0]
[I 2023-11-29 20:11:45,264] Trial 21 finished with value: 0.21411268413066864 and parameters: {'gradient_clip_val': 0.30446505309187166, 'hidden_size': 107, 'dropout': 0.2867905374812839, 'hidden_continuous_size': 73, 'attention_head_size': 2, 'learning_rate': 0.013506479018845795}. Best is trial 1 with value: 0.10536398738622665.
LOCAL_RANK: 0 - CUDA_VISIBLE_DEVICES: [0]
[I 2023-11-29 20:11:59,162] Trial 22 finished with value: 0.23652668297290802 and parameters: {'gradient_clip_val': 0.5443233722842225, 'hidden_size': 81, 'dropout': 0.3783377043844295, 'hidden_continuous_size': 55, 'attention_head_size': 2, 'learning_rate': 0.011051532454975574}. Best is trial 1 with value: 0.10536398738622665.
LOCAL_RANK: 0 - CUDA_VISIBLE_DEVICES: [0]
[I 2023-11-29 20:12:13,107] Trial 23 finished with value: 0.11937490850687027 and parameters: {'gradient_clip_val': 0.47632610512361534, 'hidden_size': 104, 'dropout': 0.3998462514540195, 'hidden_continuous_size': 76, 'attention_head_size': 1, 'learning_rate': 0.021295442106894703}. Best is trial 1 with value: 0.10536398738622665.
LOCAL_RANK: 0 - CUDA_VISIBLE_DEVICES: [0]
[I 2023-11-29 20:12:27,354] Trial 24 finished with value: 0.17311866581439972 and parameters: {'gradient_clip_val': 0.5047270562087973, 'hidden_size': 129, 'dropout': 0.3985945172051011, 'hidden_continuous_size': 91, 'attention_head_size': 1, 'learning_rate': 0.023546105719371102}. Best is trial 1 with value: 0.10536398738622665.
LOCAL_RANK: 0 - CUDA_VISIBLE_DEVICES: [0]
[I 2023-11-29 20:12:40,878] Trial 25 finished with value: 0.12075784057378769 and parameters: {'gradient_clip_val': 0.7944280977304378, 'hidden_size': 71, 'dropout': 0.3783044050448725, 'hidden_continuous_size': 51, 'attention_head_size': 1, 'learning_rate': 0.03738633172909568}. Best is trial 1 with value: 0.10536398738622665.
LOCAL_RANK: 0 - CUDA_VISIBLE_DEVICES: [0]
[I 2023-11-29 20:12:54,331] Trial 26 finished with value: 0.1491636484861374 and parameters: {'gradient_clip_val': 0.7960862364472473, 'hidden_size': 69, 'dropout': 0.3444660792689568, 'hidden_continuous_size': 49, 'attention_head_size': 1, 'learning_rate': 0.04146864111768904}. Best is trial 1 with value: 0.10536398738622665.
LOCAL_RANK: 0 - CUDA_VISIBLE_DEVICES: [0]
[I 2023-11-29 20:13:07,645] Trial 27 finished with value: 0.1319989711046219 and parameters: {'gradient_clip_val': 0.7783433680408851, 'hidden_size': 51, 'dropout': 0.37397313216410777, 'hidden_continuous_size': 40, 'attention_head_size': 1, 'learning_rate': 0.07373091315868523}. Best is trial 1 with value: 0.10536398738622665.
LOCAL_RANK: 0 - CUDA_VISIBLE_DEVICES: [0]
[I 2023-11-29 20:13:21,267] Trial 28 finished with value: 0.25104594230651855 and parameters: {'gradient_clip_val': 0.9772871344024094, 'hidden_size': 84, 'dropout': 0.37602999663546627, 'hidden_continuous_size': 52, 'attention_head_size': 1, 'learning_rate': 0.033355365240821645}. Best is trial 1 with value: 0.10536398738622665.
LOCAL_RANK: 0 - CUDA_VISIBLE_DEVICES: [0]
[I 2023-11-29 20:13:33,936] Trial 29 finished with value: 0.24846915900707245 and parameters: {'gradient_clip_val': 0.7543186410422541, 'hidden_size': 39, 'dropout': 0.35059210342848734, 'hidden_continuous_size': 32, 'attention_head_size': 1, 'learning_rate': 0.02724448059170497}. Best is trial 1 with value: 0.10536398738622665.
LOCAL_RANK: 0 - CUDA_VISIBLE_DEVICES: [0]
[I 2023-11-29 20:13:47,188] Trial 30 finished with value: 0.15111233294010162 and parameters: {'gradient_clip_val': 0.611500702254305, 'hidden_size': 49, 'dropout': 0.3828649136321611, 'hidden_continuous_size': 40, 'attention_head_size': 3, 'learning_rate': 0.01939335034296525}. Best is trial 1 with value: 0.10536398738622665.
LOCAL_RANK: 0 - CUDA_VISIBLE_DEVICES: [0]
[I 2023-11-29 20:14:01,141] Trial 31 finished with value: 0.15318356454372406 and parameters: {'gradient_clip_val': 0.4467354917101944, 'hidden_size': 103, 'dropout': 0.3987929645369119, 'hidden_continuous_size': 62, 'attention_head_size': 1, 'learning_rate': 0.029816374131176836}. Best is trial 1 with value: 0.10536398738622665.
LOCAL_RANK: 0 - CUDA_VISIBLE_DEVICES: [0]
[I 2023-11-29 20:14:15,212] Trial 32 finished with value: 0.1601158231496811 and parameters: {'gradient_clip_val': 0.5887162924024314, 'hidden_size': 127, 'dropout': 0.39744750123923106, 'hidden_continuous_size': 60, 'attention_head_size': 2, 'learning_rate': 0.05395061597496086}. Best is trial 1 with value: 0.10536398738622665.
LOCAL_RANK: 0 - CUDA_VISIBLE_DEVICES: [0]
[I 2023-11-29 20:14:28,973] Trial 33 finished with value: 0.15740936994552612 and parameters: {'gradient_clip_val': 0.4667589113121888, 'hidden_size': 95, 'dropout': 0.36161270748128427, 'hidden_continuous_size': 49, 'attention_head_size': 1, 'learning_rate': 0.018780935627044294}. Best is trial 1 with value: 0.10536398738622665.
LOCAL_RANK: 0 - CUDA_VISIBLE_DEVICES: [0]
[I 2023-11-29 20:14:43,101] Trial 34 finished with value: 0.12287628650665283 and parameters: {'gradient_clip_val': 0.700451422018662, 'hidden_size': 117, 'dropout': 0.33038627803804843, 'hidden_continuous_size': 69, 'attention_head_size': 3, 'learning_rate': 0.03143028230814449}. Best is trial 1 with value: 0.10536398738622665.
LOCAL_RANK: 0 - CUDA_VISIBLE_DEVICES: [0]
[I 2023-11-29 20:14:56,633] Trial 35 finished with value: 0.13487142324447632 and parameters: {'gradient_clip_val': 0.6912258883326684, 'hidden_size': 65, 'dropout': 0.3352443811247031, 'hidden_continuous_size': 47, 'attention_head_size': 3, 'learning_rate': 0.03266499015845842}. Best is trial 1 with value: 0.10536398738622665.
LOCAL_RANK: 0 - CUDA_VISIBLE_DEVICES: [0]
[I 2023-11-29 20:15:11,046] Trial 36 finished with value: 0.1760435551404953 and parameters: {'gradient_clip_val': 0.8632177204932093, 'hidden_size': 115, 'dropout': 0.3079798456078819, 'hidden_continuous_size': 71, 'attention_head_size': 3, 'learning_rate': 0.02196866532890671}. Best is trial 1 with value: 0.10536398738622665.
LOCAL_RANK: 0 - CUDA_VISIBLE_DEVICES: [0]
[I 2023-11-29 20:15:24,788] Trial 37 finished with value: 0.2958326041698456 and parameters: {'gradient_clip_val': 0.7087640492988134, 'hidden_size': 88, 'dropout': 0.354508777467668, 'hidden_continuous_size': 54, 'attention_head_size': 3, 'learning_rate': 0.05902983556975456}. Best is trial 1 with value: 0.10536398738622665.
LOCAL_RANK: 0 - CUDA_VISIBLE_DEVICES: [0]
[I 2023-11-29 20:15:38,642] Trial 38 finished with value: 0.200788676738739 and parameters: {'gradient_clip_val': 0.590757453011771, 'hidden_size': 104, 'dropout': 0.3791342816317214, 'hidden_continuous_size': 44, 'attention_head_size': 3, 'learning_rate': 0.034926088198485784}. Best is trial 1 with value: 0.10536398738622665.
LOCAL_RANK: 0 - CUDA_VISIBLE_DEVICES: [0]
[I 2023-11-29 20:15:53,049] Trial 39 finished with value: 0.19217316806316376 and parameters: {'gradient_clip_val': 0.6443731850707934, 'hidden_size': 122, 'dropout': 0.32727190248461097, 'hidden_continuous_size': 84, 'attention_head_size': 4, 'learning_rate': 0.02533956071083074}. Best is trial 1 with value: 0.10536398738622665.
LOCAL_RANK: 0 - CUDA_VISIBLE_DEVICES: [0]
[I 2023-11-29 20:16:07,161] Trial 40 finished with value: 0.16743646562099457 and parameters: {'gradient_clip_val': 0.7358031866283828, 'hidden_size': 90, 'dropout': 0.34046237391512996, 'hidden_continuous_size': 67, 'attention_head_size': 3, 'learning_rate': 0.040205922904848077}. Best is trial 1 with value: 0.10536398738622665.
LOCAL_RANK: 0 - CUDA_VISIBLE_DEVICES: [0]
[I 2023-11-29 20:16:21,615] Trial 41 finished with value: 0.1376814842224121 and parameters: {'gradient_clip_val': 0.5801887283968891, 'hidden_size': 135, 'dropout': 0.3837902771009414, 'hidden_continuous_size': 68, 'attention_head_size': 3, 'learning_rate': 0.01806075641421105}. Best is trial 1 with value: 0.10536398738622665.
LOCAL_RANK: 0 - CUDA_VISIBLE_DEVICES: [0]
[I 2023-11-29 20:16:35,984] Trial 42 finished with value: 0.16492749750614166 and parameters: {'gradient_clip_val': 0.853713672229069, 'hidden_size': 124, 'dropout': 0.3707309529866382, 'hidden_continuous_size': 82, 'attention_head_size': 1, 'learning_rate': 0.026343350428582987}. Best is trial 1 with value: 0.10536398738622665.
LOCAL_RANK: 0 - CUDA_VISIBLE_DEVICES: [0]
[I 2023-11-29 20:16:50,109] Trial 43 finished with value: 0.1912081092596054 and parameters: {'gradient_clip_val': 0.674430887304238, 'hidden_size': 113, 'dropout': 0.36064663826119714, 'hidden_continuous_size': 65, 'attention_head_size': 2, 'learning_rate': 0.011070214735288452}. Best is trial 1 with value: 0.10536398738622665.
LOCAL_RANK: 0 - CUDA_VISIBLE_DEVICES: [0]
[I 2023-11-29 20:17:04,807] Trial 44 finished with value: 0.14370937645435333 and parameters: {'gradient_clip_val': 0.6243449682848308, 'hidden_size': 149, 'dropout': 0.38616178616974767, 'hidden_continuous_size': 98, 'attention_head_size': 3, 'learning_rate': 0.015812036408404423}. Best is trial 1 with value: 0.10536398738622665.
LOCAL_RANK: 0 - CUDA_VISIBLE_DEVICES: [0]
[I 2023-11-29 20:17:18,591] Trial 45 finished with value: 0.15936750173568726 and parameters: {'gradient_clip_val': 0.9280671203373155, 'hidden_size': 77, 'dropout': 0.3681748678489917, 'hidden_continuous_size': 58, 'attention_head_size': 2, 'learning_rate': 0.03126523054651853}. Best is trial 1 with value: 0.10536398738622665.
LOCAL_RANK: 0 - CUDA_VISIBLE_DEVICES: [0]
[I 2023-11-29 20:17:32,585] Trial 46 finished with value: 0.08971798419952393 and parameters: {'gradient_clip_val': 0.4910920357651799, 'hidden_size': 96, 'dropout': 0.3511131765896159, 'hidden_continuous_size': 51, 'attention_head_size': 4, 'learning_rate': 0.021444014905665516}. Best is trial 46 with value: 0.08971798419952393.
LOCAL_RANK: 0 - CUDA_VISIBLE_DEVICES: [0]
[I 2023-11-29 20:17:46,752] Trial 47 finished with value: 0.15950211882591248 and parameters: {'gradient_clip_val': 0.7218631708388388, 'hidden_size': 95, 'dropout': 0.3091034378714327, 'hidden_continuous_size': 52, 'attention_head_size': 4, 'learning_rate': 0.020560667671571598}. Best is trial 46 with value: 0.08971798419952393.
LOCAL_RANK: 0 - CUDA_VISIBLE_DEVICES: [0]
[I 2023-11-29 20:18:00,400] Trial 48 finished with value: 0.16702258586883545 and parameters: {'gradient_clip_val': 0.3554407145156668, 'hidden_size': 72, 'dropout': 0.3477006790381973, 'hidden_continuous_size': 44, 'attention_head_size': 4, 'learning_rate': 0.025589485649080118}. Best is trial 46 with value: 0.08971798419952393.
LOCAL_RANK: 0 - CUDA_VISIBLE_DEVICES: [0]
[I 2023-11-29 20:18:14,012] Trial 49 finished with value: 0.1566382646560669 and parameters: {'gradient_clip_val': 0.5501555444746624, 'hidden_size': 60, 'dropout': 0.3271053260433607, 'hidden_continuous_size': 50, 'attention_head_size': 4, 'learning_rate': 0.05448230075482092}. Best is trial 46 with value: 0.08971798419952393.
LOCAL_RANK: 0 - CUDA_VISIBLE_DEVICES: [0]
[I 2023-11-29 20:18:28,022] Trial 50 finished with value: 0.15167362987995148 and parameters: {'gradient_clip_val': 0.8920290798478087, 'hidden_size': 79, 'dropout': 0.3546220945300116, 'hidden_continuous_size': 57, 'attention_head_size': 4, 'learning_rate': 0.037350450316328415}. Best is trial 46 with value: 0.08971798419952393.
LOCAL_RANK: 0 - CUDA_VISIBLE_DEVICES: [0]
[I 2023-11-29 20:18:42,308] Trial 51 finished with value: 0.18873906135559082 and parameters: {'gradient_clip_val': 0.48409149738975976, 'hidden_size': 135, 'dropout': 0.39094103391295465, 'hidden_continuous_size': 64, 'attention_head_size': 3, 'learning_rate': 0.04701263325409273}. Best is trial 46 with value: 0.08971798419952393.
LOCAL_RANK: 0 - CUDA_VISIBLE_DEVICES: [0]
[I 2023-11-29 20:18:56,713] Trial 52 finished with value: 0.10639112442731857 and parameters: {'gradient_clip_val': 0.4182993708397487, 'hidden_size': 115, 'dropout': 0.387049920610285, 'hidden_continuous_size': 77, 'attention_head_size': 1, 'learning_rate': 0.017273221164141102}. Best is trial 46 with value: 0.08971798419952393.
LOCAL_RANK: 0 - CUDA_VISIBLE_DEVICES: [0]
[I 2023-11-29 20:19:10,776] Trial 53 finished with value: 0.13273431360721588 and parameters: {'gradient_clip_val': 0.4283018942782184, 'hidden_size': 98, 'dropout': 0.36698861716618714, 'hidden_continuous_size': 74, 'attention_head_size': 1, 'learning_rate': 0.015978745447555}. Best is trial 46 with value: 0.08971798419952393.
LOCAL_RANK: 0 - CUDA_VISIBLE_DEVICES: [0]
[I 2023-11-29 20:19:24,777] Trial 54 finished with value: 0.13810430467128754 and parameters: {'gradient_clip_val': 0.5338473388152695, 'hidden_size': 112, 'dropout': 0.38987099951847864, 'hidden_continuous_size': 75, 'attention_head_size': 1, 'learning_rate': 0.022060164333851644}. Best is trial 46 with value: 0.08971798419952393.
LOCAL_RANK: 0 - CUDA_VISIBLE_DEVICES: [0]
[I 2023-11-29 20:19:38,591] Trial 55 finished with value: 0.19004182517528534 and parameters: {'gradient_clip_val': 0.5007000345492354, 'hidden_size': 105, 'dropout': 0.3734570827130349, 'hidden_continuous_size': 36, 'attention_head_size': 1, 'learning_rate': 0.027593980305622132}. Best is trial 46 with value: 0.08971798419952393.
LOCAL_RANK: 0 - CUDA_VISIBLE_DEVICES: [0]
[I 2023-11-29 20:19:52,409] Trial 56 finished with value: 0.1113562360405922 and parameters: {'gradient_clip_val': 0.6479139191011091, 'hidden_size': 87, 'dropout': 0.34612849838408816, 'hidden_continuous_size': 60, 'attention_head_size': 1, 'learning_rate': 0.017344893996839222}. Best is trial 46 with value: 0.08971798419952393.
LOCAL_RANK: 0 - CUDA_VISIBLE_DEVICES: [0]
