[I 2023-11-29 22:28:22,026] Trial 33 finished with value: 0.2567474842071533 and parameters: {'gradient_clip_val': 0.2689195067872969, 'hidden_size': 27, 'dropout': 0.12308391849314658, 'hidden_continuous_size': 17, 'attention_head_size': 1, 'learning_rate': 0.04402911453787298}. Best is trial 24 with value: 0.07185082882642746.
LOCAL_RANK: 0 - CUDA_VISIBLE_DEVICES: [0]
[I 2023-11-29 22:28:33,906] Trial 34 finished with value: 0.2743276357650757 and parameters: {'gradient_clip_val': 0.2474932521291502, 'hidden_size': 16, 'dropout': 0.13767914152639488, 'hidden_continuous_size': 13, 'attention_head_size': 1, 'learning_rate': 0.026137015599198368}. Best is trial 24 with value: 0.07185082882642746.
LOCAL_RANK: 0 - CUDA_VISIBLE_DEVICES: [0]
[I 2023-11-29 22:28:46,788] Trial 35 finished with value: 0.11415954679250717 and parameters: {'gradient_clip_val': 0.3183016824249834, 'hidden_size': 37, 'dropout': 0.1843297393490907, 'hidden_continuous_size': 20, 'attention_head_size': 2, 'learning_rate': 0.05615285669721184}. Best is trial 24 with value: 0.07185082882642746.
LOCAL_RANK: 0 - CUDA_VISIBLE_DEVICES: [0]
[I 2023-11-29 22:28:58,725] Trial 36 finished with value: 0.10160043835639954 and parameters: {'gradient_clip_val': 0.385023555617815, 'hidden_size': 13, 'dropout': 0.16090476012142751, 'hidden_continuous_size': 10, 'attention_head_size': 1, 'learning_rate': 0.07905465573722949}. Best is trial 24 with value: 0.07185082882642746.
LOCAL_RANK: 0 - CUDA_VISIBLE_DEVICES: [0]
[I 2023-11-29 22:29:11,092] Trial 37 finished with value: 0.5360530018806458 and parameters: {'gradient_clip_val': 0.30077609903236185, 'hidden_size': 23, 'dropout': 0.11473883519079883, 'hidden_continuous_size': 16, 'attention_head_size': 3, 'learning_rate': 0.02108411557982138}. Best is trial 24 with value: 0.07185082882642746.
LOCAL_RANK: 0 - CUDA_VISIBLE_DEVICES: [0]
[I 2023-11-29 22:29:23,338] Trial 38 finished with value: 0.12523266673088074 and parameters: {'gradient_clip_val': 0.5244467413720297, 'hidden_size': 32, 'dropout': 0.14422247336373162, 'hidden_continuous_size': 19, 'attention_head_size': 2, 'learning_rate': 0.03598892874611678}. Best is trial 24 with value: 0.07185082882642746.
LOCAL_RANK: 0 - CUDA_VISIBLE_DEVICES: [0]
[I 2023-11-29 22:29:35,522] Trial 39 finished with value: 0.2748018503189087 and parameters: {'gradient_clip_val': 0.1938190463803983, 'hidden_size': 27, 'dropout': 0.11734631580274149, 'hidden_continuous_size': 17, 'attention_head_size': 2, 'learning_rate': 0.01638710261280246}. Best is trial 24 with value: 0.07185082882642746.
LOCAL_RANK: 0 - CUDA_VISIBLE_DEVICES: [0]
[I 2023-11-29 22:29:48,342] Trial 40 finished with value: 0.16803206503391266 and parameters: {'gradient_clip_val': 0.24804311508618856, 'hidden_size': 39, 'dropout': 0.19725259806257675, 'hidden_continuous_size': 21, 'attention_head_size': 1, 'learning_rate': 0.029430885521152566}. Best is trial 24 with value: 0.07185082882642746.
LOCAL_RANK: 0 - CUDA_VISIBLE_DEVICES: [0]
[I 2023-11-29 22:30:00,856] Trial 41 finished with value: 0.0976794958114624 and parameters: {'gradient_clip_val': 0.19753786199695245, 'hidden_size': 30, 'dropout': 0.1579910944714865, 'hidden_continuous_size': 18, 'attention_head_size': 3, 'learning_rate': 0.0786276245922603}. Best is trial 24 with value: 0.07185082882642746.
LOCAL_RANK: 0 - CUDA_VISIBLE_DEVICES: [0]
[I 2023-11-29 22:30:13,415] Trial 42 finished with value: 0.11612655967473984 and parameters: {'gradient_clip_val': 0.22613601903577618, 'hidden_size': 31, 'dropout': 0.17767544854718914, 'hidden_continuous_size': 19, 'attention_head_size': 3, 'learning_rate': 0.08043154317273826}. Best is trial 24 with value: 0.07185082882642746.
LOCAL_RANK: 0 - CUDA_VISIBLE_DEVICES: [0]
[I 2023-11-29 22:30:26,138] Trial 43 finished with value: 0.09495583921670914 and parameters: {'gradient_clip_val': 0.20087753968563543, 'hidden_size': 36, 'dropout': 0.16035080063577173, 'hidden_continuous_size': 20, 'attention_head_size': 3, 'learning_rate': 0.06031365554563552}. Best is trial 24 with value: 0.07185082882642746.
LOCAL_RANK: 0 - CUDA_VISIBLE_DEVICES: [0]
[I 2023-11-29 22:30:38,993] Trial 44 finished with value: 0.18358337879180908 and parameters: {'gradient_clip_val': 0.2512728364014661, 'hidden_size': 42, 'dropout': 0.16091161726709716, 'hidden_continuous_size': 22, 'attention_head_size': 3, 'learning_rate': 0.05800824289473047}. Best is trial 24 with value: 0.07185082882642746.
LOCAL_RANK: 0 - CUDA_VISIBLE_DEVICES: [0]
[I 2023-11-29 22:30:51,820] Trial 45 finished with value: 0.12629245221614838 and parameters: {'gradient_clip_val': 0.19535416545436923, 'hidden_size': 35, 'dropout': 0.22294033316207268, 'hidden_continuous_size': 18, 'attention_head_size': 3, 'learning_rate': 0.0407016781716984}. Best is trial 24 with value: 0.07185082882642746.
LOCAL_RANK: 0 - CUDA_VISIBLE_DEVICES: [0]
[I 2023-11-29 22:31:04,982] Trial 46 finished with value: 0.09673798084259033 and parameters: {'gradient_clip_val': 0.28800195737557177, 'hidden_size': 57, 'dropout': 0.18815604351051088, 'hidden_continuous_size': 24, 'attention_head_size': 3, 'learning_rate': 0.059281323074857735}. Best is trial 24 with value: 0.07185082882642746.
LOCAL_RANK: 0 - CUDA_VISIBLE_DEVICES: [0]
[I 2023-11-29 22:31:18,055] Trial 47 finished with value: 0.09336733818054199 and parameters: {'gradient_clip_val': 0.2968228951819188, 'hidden_size': 53, 'dropout': 0.19481865832659534, 'hidden_continuous_size': 26, 'attention_head_size': 3, 'learning_rate': 0.06083033948370497}. Best is trial 24 with value: 0.07185082882642746.
LOCAL_RANK: 0 - CUDA_VISIBLE_DEVICES: [0]
[I 2023-11-29 22:31:30,965] Trial 48 finished with value: 0.13370418548583984 and parameters: {'gradient_clip_val': 0.2914364137286992, 'hidden_size': 53, 'dropout': 0.19468154712209232, 'hidden_continuous_size': 25, 'attention_head_size': 3, 'learning_rate': 0.052905611102874534}. Best is trial 24 with value: 0.07185082882642746.
LOCAL_RANK: 0 - CUDA_VISIBLE_DEVICES: [0]
[I 2023-11-29 22:31:44,338] Trial 49 finished with value: 0.12636874616146088 and parameters: {'gradient_clip_val': 0.33650813683501735, 'hidden_size': 62, 'dropout': 0.2391266146057905, 'hidden_continuous_size': 28, 'attention_head_size': 3, 'learning_rate': 0.030988854905623354}. Best is trial 24 with value: 0.07185082882642746.
LOCAL_RANK: 0 - CUDA_VISIBLE_DEVICES: [0]
[I 2023-11-29 22:31:57,447] Trial 50 finished with value: 0.09511876106262207 and parameters: {'gradient_clip_val': 0.3669154622517724, 'hidden_size': 53, 'dropout': 0.17900442998748575, 'hidden_continuous_size': 23, 'attention_head_size': 4, 'learning_rate': 0.06059426014137922}. Best is trial 24 with value: 0.07185082882642746.
LOCAL_RANK: 0 - CUDA_VISIBLE_DEVICES: [0]
[I 2023-11-29 22:32:10,490] Trial 51 finished with value: 0.1093607172369957 and parameters: {'gradient_clip_val': 0.3786830807755429, 'hidden_size': 55, 'dropout': 0.18095461226770343, 'hidden_continuous_size': 22, 'attention_head_size': 4, 'learning_rate': 0.0649949148807316}. Best is trial 24 with value: 0.07185082882642746.
LOCAL_RANK: 0 - CUDA_VISIBLE_DEVICES: [0]
[I 2023-11-29 22:32:24,073] Trial 52 finished with value: 0.1542472243309021 and parameters: {'gradient_clip_val': 0.3090784260023714, 'hidden_size': 73, 'dropout': 0.20382423155497761, 'hidden_continuous_size': 29, 'attention_head_size': 4, 'learning_rate': 0.05366425770324642}. Best is trial 24 with value: 0.07185082882642746.
LOCAL_RANK: 0 - CUDA_VISIBLE_DEVICES: [0]
[I 2023-11-29 22:32:37,603] Trial 53 finished with value: 0.3040854334831238 and parameters: {'gradient_clip_val': 0.27871095922478234, 'hidden_size': 78, 'dropout': 0.19115449155460854, 'hidden_continuous_size': 24, 'attention_head_size': 4, 'learning_rate': 0.047520033781188666}. Best is trial 24 with value: 0.07185082882642746.
LOCAL_RANK: 0 - CUDA_VISIBLE_DEVICES: [0]
[I 2023-11-29 22:32:50,512] Trial 54 finished with value: 0.08245130628347397 and parameters: {'gradient_clip_val': 0.21653799039139193, 'hidden_size': 50, 'dropout': 0.1757534390736276, 'hidden_continuous_size': 21, 'attention_head_size': 3, 'learning_rate': 0.06349511891327368}. Best is trial 24 with value: 0.07185082882642746.
LOCAL_RANK: 0 - CUDA_VISIBLE_DEVICES: [0]
[I 2023-11-29 22:33:03,487] Trial 55 finished with value: 0.12259268760681152 and parameters: {'gradient_clip_val': 0.21537322494704503, 'hidden_size': 41, 'dropout': 0.17316469941993967, 'hidden_continuous_size': 21, 'attention_head_size': 3, 'learning_rate': 0.04146682291322727}. Best is trial 24 with value: 0.07185082882642746.
LOCAL_RANK: 0 - CUDA_VISIBLE_DEVICES: [0]
[I 2023-11-29 22:33:16,579] Trial 56 finished with value: 0.09734056144952774 and parameters: {'gradient_clip_val': 0.23137191532456278, 'hidden_size': 49, 'dropout': 0.22013454662521476, 'hidden_continuous_size': 23, 'attention_head_size': 4, 'learning_rate': 0.08646564157393063}. Best is trial 24 with value: 0.07185082882642746.
LOCAL_RANK: 0 - CUDA_VISIBLE_DEVICES: [0]
[I 2023-11-29 22:33:29,306] Trial 57 finished with value: 0.09014346450567245 and parameters: {'gradient_clip_val': 0.4476000975640414, 'hidden_size': 48, 'dropout': 0.16927335905275534, 'hidden_continuous_size': 21, 'attention_head_size': 3, 'learning_rate': 0.06546341010215617}. Best is trial 24 with value: 0.07185082882642746.
LOCAL_RANK: 0 - CUDA_VISIBLE_DEVICES: [0]
[I 2023-11-29 22:33:42,070] Trial 58 finished with value: 0.0873132273554802 and parameters: {'gradient_clip_val': 0.4597229458682041, 'hidden_size': 44, 'dropout': 0.16841393839714563, 'hidden_continuous_size': 20, 'attention_head_size': 3, 'learning_rate': 0.03393056757636597}. Best is trial 24 with value: 0.07185082882642746.
LOCAL_RANK: 0 - CUDA_VISIBLE_DEVICES: [0]
[I 2023-11-29 22:33:54,819] Trial 59 finished with value: 0.1259092390537262 and parameters: {'gradient_clip_val': 0.4538620859536495, 'hidden_size': 41, 'dropout': 0.20162884347051735, 'hidden_continuous_size': 11, 'attention_head_size': 3, 'learning_rate': 0.035184258871621556}. Best is trial 24 with value: 0.07185082882642746.
LOCAL_RANK: 0 - CUDA_VISIBLE_DEVICES: [0]
[I 2023-11-29 22:34:07,856] Trial 60 finished with value: 0.12187787890434265 and parameters: {'gradient_clip_val': 0.4068078343898116, 'hidden_size': 47, 'dropout': 0.16837560057793527, 'hidden_continuous_size': 15, 'attention_head_size': 3, 'learning_rate': 0.08699168124330915}. Best is trial 24 with value: 0.07185082882642746.
LOCAL_RANK: 0 - CUDA_VISIBLE_DEVICES: [0]
[I 2023-11-29 22:34:20,504] Trial 61 finished with value: 0.10322646051645279 and parameters: {'gradient_clip_val': 0.5256685547654358, 'hidden_size': 36, 'dropout': 0.13839434091022051, 'hidden_continuous_size': 20, 'attention_head_size': 3, 'learning_rate': 0.07091606660941925}. Best is trial 24 with value: 0.07185082882642746.
LOCAL_RANK: 0 - CUDA_VISIBLE_DEVICES: [0]
[I 2023-11-29 22:34:33,253] Trial 62 finished with value: 0.10382326692342758 and parameters: {'gradient_clip_val': 0.3364322643473447, 'hidden_size': 44, 'dropout': 0.1533169339455921, 'hidden_continuous_size': 21, 'attention_head_size': 3, 'learning_rate': 0.05129537189269037}. Best is trial 24 with value: 0.07185082882642746.
LOCAL_RANK: 0 - CUDA_VISIBLE_DEVICES: [0]
[I 2023-11-29 22:34:45,963] Trial 63 finished with value: 0.17036056518554688 and parameters: {'gradient_clip_val': 0.26568656862778456, 'hidden_size': 35, 'dropout': 0.16314622897540906, 'hidden_continuous_size': 21, 'attention_head_size': 3, 'learning_rate': 0.09949270909962436}. Best is trial 24 with value: 0.07185082882642746.
LOCAL_RANK: 0 - CUDA_VISIBLE_DEVICES: [0]
[I 2023-11-29 22:34:59,020] Trial 64 finished with value: 0.1001640185713768 and parameters: {'gradient_clip_val': 0.3150483255219584, 'hidden_size': 45, 'dropout': 0.18871800227785218, 'hidden_continuous_size': 20, 'attention_head_size': 3, 'learning_rate': 0.06386381612623956}. Best is trial 24 with value: 0.07185082882642746.
LOCAL_RANK: 0 - CUDA_VISIBLE_DEVICES: [0]
[I 2023-11-29 22:35:11,739] Trial 65 finished with value: 0.1367921382188797 and parameters: {'gradient_clip_val': 0.407923350456307, 'hidden_size': 39, 'dropout': 0.17287723693773108, 'hidden_continuous_size': 17, 'attention_head_size': 3, 'learning_rate': 0.044767129201776924}. Best is trial 24 with value: 0.07185082882642746.
LOCAL_RANK: 0 - CUDA_VISIBLE_DEVICES: [0]
[I 2023-11-29 22:35:24,575] Trial 66 finished with value: 0.13098110258579254 and parameters: {'gradient_clip_val': 0.216207797753447, 'hidden_size': 47, 'dropout': 0.1475374016869746, 'hidden_continuous_size': 22, 'attention_head_size': 3, 'learning_rate': 0.07165517019873834}. Best is trial 24 with value: 0.07185082882642746.
LOCAL_RANK: 0 - CUDA_VISIBLE_DEVICES: [0]
[I 2023-11-29 22:35:37,594] Trial 67 finished with value: 0.10967868566513062 and parameters: {'gradient_clip_val': 0.23900916557777244, 'hidden_size': 50, 'dropout': 0.21067926901214587, 'hidden_continuous_size': 26, 'attention_head_size': 3, 'learning_rate': 0.05152292124215973}. Best is trial 24 with value: 0.07185082882642746.
LOCAL_RANK: 0 - CUDA_VISIBLE_DEVICES: [0]
[I 2023-11-29 22:35:50,467] Trial 68 finished with value: 0.12405866384506226 and parameters: {'gradient_clip_val': 0.18053266869583506, 'hidden_size': 59, 'dropout': 0.13488171236806423, 'hidden_continuous_size': 14, 'attention_head_size': 2, 'learning_rate': 0.08390245823543907}. Best is trial 24 with value: 0.07185082882642746.
LOCAL_RANK: 0 - CUDA_VISIBLE_DEVICES: [0]
[I 2023-11-29 22:36:03,130] Trial 69 finished with value: 0.15835526585578918 and parameters: {'gradient_clip_val': 0.3292458035043156, 'hidden_size': 34, 'dropout': 0.15289880911955656, 'hidden_continuous_size': 20, 'attention_head_size': 3, 'learning_rate': 0.039575434512949696}. Best is trial 24 with value: 0.07185082882642746.
LOCAL_RANK: 0 - CUDA_VISIBLE_DEVICES: [0]
[I 2023-11-29 22:36:16,286] Trial 70 finished with value: 0.097159743309021 and parameters: {'gradient_clip_val': 0.26703502481046026, 'hidden_size': 51, 'dropout': 0.16697244900603644, 'hidden_continuous_size': 23, 'attention_head_size': 3, 'learning_rate': 0.06369822165622842}. Best is trial 24 with value: 0.07185082882642746.
LOCAL_RANK: 0 - CUDA_VISIBLE_DEVICES: [0]
[I 2023-11-29 22:36:29,226] Trial 71 finished with value: 0.1237744688987732 and parameters: {'gradient_clip_val': 0.36463867058596067, 'hidden_size': 51, 'dropout': 0.17683412633338028, 'hidden_continuous_size': 23, 'attention_head_size': 4, 'learning_rate': 0.06172040268902428}. Best is trial 24 with value: 0.07185082882642746.
LOCAL_RANK: 0 - CUDA_VISIBLE_DEVICES: [0]
[I 2023-11-29 22:36:42,514] Trial 72 finished with value: 0.13033337891101837 and parameters: {'gradient_clip_val': 0.44219575397740074, 'hidden_size': 57, 'dropout': 0.18023336098549583, 'hidden_continuous_size': 26, 'attention_head_size': 4, 'learning_rate': 0.07637079769214217}. Best is trial 24 with value: 0.07185082882642746.
LOCAL_RANK: 0 - CUDA_VISIBLE_DEVICES: [0]
[I 2023-11-29 22:36:55,215] Trial 73 finished with value: 0.17701250314712524 and parameters: {'gradient_clip_val': 0.48040694872652, 'hidden_size': 44, 'dropout': 0.19537508129527853, 'hidden_continuous_size': 19, 'attention_head_size': 2, 'learning_rate': 0.04659951599775794}. Best is trial 24 with value: 0.07185082882642746.
LOCAL_RANK: 0 - CUDA_VISIBLE_DEVICES: [0]
[I 2023-11-29 22:37:08,966] Trial 74 finished with value: 0.09427661448717117 and parameters: {'gradient_clip_val': 0.3602120776521176, 'hidden_size': 63, 'dropout': 0.12904433657307707, 'hidden_continuous_size': 25, 'attention_head_size': 4, 'learning_rate': 0.0617449838653676}. Best is trial 24 with value: 0.07185082882642746.
LOCAL_RANK: 0 - CUDA_VISIBLE_DEVICES: [0]
[I 2023-11-29 22:37:21,587] Trial 75 finished with value: 0.10486557334661484 and parameters: {'gradient_clip_val': 0.29965007665958837, 'hidden_size': 40, 'dropout': 0.1086084111136022, 'hidden_continuous_size': 21, 'attention_head_size': 3, 'learning_rate': 0.08704654732905656}. Best is trial 24 with value: 0.07185082882642746.
LOCAL_RANK: 0 - CUDA_VISIBLE_DEVICES: [0]
[I 2023-11-29 22:37:34,722] Trial 76 finished with value: 0.07264915108680725 and parameters: {'gradient_clip_val': 0.3515561625432675, 'hidden_size': 60, 'dropout': 0.1396448590177999, 'hidden_continuous_size': 28, 'attention_head_size': 2, 'learning_rate': 0.06868030840748256}. Best is trial 24 with value: 0.07185082882642746.
LOCAL_RANK: 0 - CUDA_VISIBLE_DEVICES: [0]
[I 2023-11-29 22:37:47,867] Trial 77 finished with value: 0.1652023047208786 and parameters: {'gradient_clip_val': 0.34612092871606254, 'hidden_size': 64, 'dropout': 0.12928026592438122, 'hidden_continuous_size': 31, 'attention_head_size': 2, 'learning_rate': 0.0707358918479031}. Best is trial 24 with value: 0.07185082882642746.
LOCAL_RANK: 0 - CUDA_VISIBLE_DEVICES: [0]
[I 2023-11-29 22:38:01,065] Trial 78 finished with value: 0.07464364916086197 and parameters: {'gradient_clip_val': 0.3952188691116915, 'hidden_size': 63, 'dropout': 0.14073227269388033, 'hidden_continuous_size': 27, 'attention_head_size': 2, 'learning_rate': 0.05025735168472951}. Best is trial 24 with value: 0.07185082882642746.
LOCAL_RANK: 0 - CUDA_VISIBLE_DEVICES: [0]
[I 2023-11-29 22:38:14,799] Trial 79 finished with value: 0.08063288033008575 and parameters: {'gradient_clip_val': 0.39281647883306314, 'hidden_size': 83, 'dropout': 0.140121992156383, 'hidden_continuous_size': 35, 'attention_head_size': 2, 'learning_rate': 0.053214937157009284}. Best is trial 24 with value: 0.07185082882642746.
LOCAL_RANK: 0 - CUDA_VISIBLE_DEVICES: [0]
[I 2023-11-29 22:38:28,394] Trial 80 finished with value: 0.21235056221485138 and parameters: {'gradient_clip_val': 0.39399464019380964, 'hidden_size': 81, 'dropout': 0.14078254482936897, 'hidden_continuous_size': 36, 'attention_head_size': 2, 'learning_rate': 0.05196336322950937}. Best is trial 24 with value: 0.07185082882642746.
LOCAL_RANK: 0 - CUDA_VISIBLE_DEVICES: [0]
[I 2023-11-29 22:38:41,838] Trial 81 finished with value: 0.07319539040327072 and parameters: {'gradient_clip_val': 0.4207505358665524, 'hidden_size': 71, 'dropout': 0.14439852027672162, 'hidden_continuous_size': 35, 'attention_head_size': 2, 'learning_rate': 0.07765603328585961}. Best is trial 24 with value: 0.07185082882642746.
LOCAL_RANK: 0 - CUDA_VISIBLE_DEVICES: [0]
[I 2023-11-29 22:38:55,336] Trial 82 finished with value: 0.08395323157310486 and parameters: {'gradient_clip_val': 0.4390863189236857, 'hidden_size': 70, 'dropout': 0.1428113652122332, 'hidden_continuous_size': 35, 'attention_head_size': 2, 'learning_rate': 0.0420839034176573}. Best is trial 24 with value: 0.07185082882642746.
LOCAL_RANK: 0 - CUDA_VISIBLE_DEVICES: [0]
[I 2023-11-29 22:39:08,989] Trial 83 finished with value: 0.10354197025299072 and parameters: {'gradient_clip_val': 0.4177644043999556, 'hidden_size': 87, 'dropout': 0.11223005264841479, 'hidden_continuous_size': 36, 'attention_head_size': 2, 'learning_rate': 0.038569326021021144}. Best is trial 24 with value: 0.07185082882642746.
LOCAL_RANK: 0 - CUDA_VISIBLE_DEVICES: [0]
[I 2023-11-29 22:39:22,670] Trial 84 finished with value: 0.12143988162279129 and parameters: {'gradient_clip_val': 0.48613350094882235, 'hidden_size': 66, 'dropout': 0.14475532610996006, 'hidden_continuous_size': 33, 'attention_head_size': 2, 'learning_rate': 0.04486327451084061}. Best is trial 24 with value: 0.07185082882642746.
LOCAL_RANK: 0 - CUDA_VISIBLE_DEVICES: [0]
[I 2023-11-29 22:39:36,045] Trial 85 finished with value: 0.1111879050731659 and parameters: {'gradient_clip_val': 0.4320551866549778, 'hidden_size': 70, 'dropout': 0.1233734005551727, 'hidden_continuous_size': 40, 'attention_head_size': 2, 'learning_rate': 0.07635731912701196}. Best is trial 24 with value: 0.07185082882642746.
LOCAL_RANK: 0 - CUDA_VISIBLE_DEVICES: [0]
[I 2023-11-29 22:39:49,303] Trial 86 finished with value: 0.10814972966909409 and parameters: {'gradient_clip_val': 0.3878266530037251, 'hidden_size': 59, 'dropout': 0.10163527883312583, 'hidden_continuous_size': 31, 'attention_head_size': 2, 'learning_rate': 0.03240941540078254}. Best is trial 24 with value: 0.07185082882642746.
LOCAL_RANK: 0 - CUDA_VISIBLE_DEVICES: [0]
[I 2023-11-29 22:40:02,645] Trial 87 finished with value: 0.16673438251018524 and parameters: {'gradient_clip_val': 0.44037275492629574, 'hidden_size': 87, 'dropout': 0.15352826779107484, 'hidden_continuous_size': 28, 'attention_head_size': 2, 'learning_rate': 0.0922352082731891}. Best is trial 24 with value: 0.07185082882642746.
LOCAL_RANK: 0 - CUDA_VISIBLE_DEVICES: [0]
[I 2023-11-29 22:40:15,933] Trial 88 finished with value: 0.2158546894788742 and parameters: {'gradient_clip_val': 0.46211436644460435, 'hidden_size': 72, 'dropout': 0.13389064881440646, 'hidden_continuous_size': 28, 'attention_head_size': 2, 'learning_rate': 0.05149837178648906}. Best is trial 24 with value: 0.07185082882642746.
LOCAL_RANK: 0 - CUDA_VISIBLE_DEVICES: [0]
[I 2023-11-29 22:40:29,556] Trial 89 finished with value: 0.10904959589242935 and parameters: {'gradient_clip_val': 0.5140730889402179, 'hidden_size': 67, 'dropout': 0.11453944071201885, 'hidden_continuous_size': 38, 'attention_head_size': 2, 'learning_rate': 0.036937834985036326}. Best is trial 24 with value: 0.07185082882642746.
LOCAL_RANK: 0 - CUDA_VISIBLE_DEVICES: [0]
[I 2023-11-29 22:40:42,847] Trial 90 finished with value: 0.11347024887800217 and parameters: {'gradient_clip_val': 0.41969265249683846, 'hidden_size': 59, 'dropout': 0.14009702248303907, 'hidden_continuous_size': 34, 'attention_head_size': 2, 'learning_rate': 0.0421895246888011}. Best is trial 24 with value: 0.07185082882642746.
LOCAL_RANK: 0 - CUDA_VISIBLE_DEVICES: [0]
