[I 2023-11-30 07:25:09,936] Trial 72 finished with value: 21.219751358032227 and parameters: {'gradient_clip_val': 0.38492875356951023, 'hidden_size': 43, 'dropout': 0.28811151407141117, 'hidden_continuous_size': 30, 'attention_head_size': 2, 'learning_rate': 0.007104541618574168}. Best is trial 10 with value: 13.74817180633545.
LOCAL_RANK: 0 - CUDA_VISIBLE_DEVICES: [0]
[I 2023-11-30 07:25:22,898] Trial 73 finished with value: 21.23467254638672 and parameters: {'gradient_clip_val': 0.35250733190742023, 'hidden_size': 51, 'dropout': 0.2595190695619784, 'hidden_continuous_size': 24, 'attention_head_size': 2, 'learning_rate': 0.008584867245922568}. Best is trial 10 with value: 13.74817180633545.
LOCAL_RANK: 0 - CUDA_VISIBLE_DEVICES: [0]
[I 2023-11-30 07:25:35,698] Trial 74 finished with value: 21.816892623901367 and parameters: {'gradient_clip_val': 0.3126953346555853, 'hidden_size': 40, 'dropout': 0.2754168336845324, 'hidden_continuous_size': 28, 'attention_head_size': 2, 'learning_rate': 0.005075986065522063}. Best is trial 10 with value: 13.74817180633545.
LOCAL_RANK: 0 - CUDA_VISIBLE_DEVICES: [0]
[I 2023-11-30 07:25:49,022] Trial 75 finished with value: 20.43709373474121 and parameters: {'gradient_clip_val': 0.2964705845213428, 'hidden_size': 61, 'dropout': 0.3481651370864849, 'hidden_continuous_size': 33, 'attention_head_size': 1, 'learning_rate': 0.00928343683964661}. Best is trial 10 with value: 13.74817180633545.
LOCAL_RANK: 0 - CUDA_VISIBLE_DEVICES: [0]
[I 2023-11-30 07:26:02,109] Trial 76 finished with value: 21.532400131225586 and parameters: {'gradient_clip_val': 0.38321081715554267, 'hidden_size': 45, 'dropout': 0.29275068364931756, 'hidden_continuous_size': 23, 'attention_head_size': 2, 'learning_rate': 0.006505004860886586}. Best is trial 10 with value: 13.74817180633545.
LOCAL_RANK: 0 - CUDA_VISIBLE_DEVICES: [0]
[I 2023-11-30 07:26:15,278] Trial 77 finished with value: 19.561771392822266 and parameters: {'gradient_clip_val': 0.2533136223840253, 'hidden_size': 56, 'dropout': 0.31481967469129707, 'hidden_continuous_size': 33, 'attention_head_size': 1, 'learning_rate': 0.0040174141095738}. Best is trial 10 with value: 13.74817180633545.
LOCAL_RANK: 0 - CUDA_VISIBLE_DEVICES: [0]
[I 2023-11-30 07:26:28,144] Trial 78 finished with value: 20.089025497436523 and parameters: {'gradient_clip_val': 0.22618441840973616, 'hidden_size': 50, 'dropout': 0.32575034074440984, 'hidden_continuous_size': 20, 'attention_head_size': 2, 'learning_rate': 0.005107032127580695}. Best is trial 10 with value: 13.74817180633545.
LOCAL_RANK: 0 - CUDA_VISIBLE_DEVICES: [0]
[I 2023-11-30 07:26:40,640] Trial 79 finished with value: 21.229780197143555 and parameters: {'gradient_clip_val': 0.3633385334036193, 'hidden_size': 41, 'dropout': 0.2404210792135877, 'hidden_continuous_size': 11, 'attention_head_size': 1, 'learning_rate': 0.011951966030701783}. Best is trial 10 with value: 13.74817180633545.
LOCAL_RANK: 0 - CUDA_VISIBLE_DEVICES: [0]
[I 2023-11-30 07:26:53,172] Trial 80 finished with value: 21.748811721801758 and parameters: {'gradient_clip_val': 0.40645644981072593, 'hidden_size': 26, 'dropout': 0.305750669154612, 'hidden_continuous_size': 24, 'attention_head_size': 3, 'learning_rate': 0.007914680278785877}. Best is trial 10 with value: 13.74817180633545.
LOCAL_RANK: 0 - CUDA_VISIBLE_DEVICES: [0]
[I 2023-11-30 07:27:05,878] Trial 81 finished with value: 23.572921752929688 and parameters: {'gradient_clip_val': 0.49074755607206444, 'hidden_size': 36, 'dropout': 0.2989753962885169, 'hidden_continuous_size': 25, 'attention_head_size': 1, 'learning_rate': 0.004528347607114414}. Best is trial 10 with value: 13.74817180633545.
LOCAL_RANK: 0 - CUDA_VISIBLE_DEVICES: [0]
[I 2023-11-30 07:27:18,491] Trial 82 finished with value: 18.107664108276367 and parameters: {'gradient_clip_val': 0.34034816633391607, 'hidden_size': 39, 'dropout': 0.29552936685630843, 'hidden_continuous_size': 26, 'attention_head_size': 1, 'learning_rate': 0.005972778152109163}. Best is trial 10 with value: 13.74817180633545.
LOCAL_RANK: 0 - CUDA_VISIBLE_DEVICES: [0]
[I 2023-11-30 07:27:31,013] Trial 83 finished with value: 16.06770133972168 and parameters: {'gradient_clip_val': 0.4210831931920699, 'hidden_size': 33, 'dropout': 0.27806443092796485, 'hidden_continuous_size': 26, 'attention_head_size': 1, 'learning_rate': 0.003884499858708219}. Best is trial 10 with value: 13.74817180633545.
LOCAL_RANK: 0 - CUDA_VISIBLE_DEVICES: [0]
[I 2023-11-30 07:27:43,669] Trial 84 finished with value: 17.424015045166016 and parameters: {'gradient_clip_val': 0.43831181503735944, 'hidden_size': 45, 'dropout': 0.2786321808151618, 'hidden_continuous_size': 22, 'attention_head_size': 1, 'learning_rate': 0.0030530746196380984}. Best is trial 10 with value: 13.74817180633545.
LOCAL_RANK: 0 - CUDA_VISIBLE_DEVICES: [0]
[I 2023-11-30 07:27:56,221] Trial 85 finished with value: 19.55491065979004 and parameters: {'gradient_clip_val': 0.3970866146925124, 'hidden_size': 31, 'dropout': 0.2520945795427313, 'hidden_continuous_size': 27, 'attention_head_size': 1, 'learning_rate': 0.0039156920763883775}. Best is trial 10 with value: 13.74817180633545.
LOCAL_RANK: 0 - CUDA_VISIBLE_DEVICES: [0]
[I 2023-11-30 07:28:09,155] Trial 86 finished with value: 30.25514793395996 and parameters: {'gradient_clip_val': 0.20035214860566145, 'hidden_size': 35, 'dropout': 0.2648784081792451, 'hidden_continuous_size': 27, 'attention_head_size': 4, 'learning_rate': 0.0034386308994033906}. Best is trial 10 with value: 13.74817180633545.
LOCAL_RANK: 0 - CUDA_VISIBLE_DEVICES: [0]
[I 2023-11-30 07:28:21,845] Trial 87 finished with value: 20.108747482299805 and parameters: {'gradient_clip_val': 0.4290205268040513, 'hidden_size': 38, 'dropout': 0.28621134600055664, 'hidden_continuous_size': 30, 'attention_head_size': 2, 'learning_rate': 0.0054618424145011545}. Best is trial 10 with value: 13.74817180633545.
LOCAL_RANK: 0 - CUDA_VISIBLE_DEVICES: [0]
[I 2023-11-30 07:28:33,906] Trial 88 finished with value: 18.443002700805664 and parameters: {'gradient_clip_val': 0.3749413665665592, 'hidden_size': 32, 'dropout': 0.38719947253589015, 'hidden_continuous_size': 15, 'attention_head_size': 1, 'learning_rate': 0.004805756796492687}. Best is trial 10 with value: 13.74817180633545.
LOCAL_RANK: 0 - CUDA_VISIBLE_DEVICES: [0]
[I 2023-11-30 07:28:46,751] Trial 89 finished with value: 21.686853408813477 and parameters: {'gradient_clip_val': 0.3227553155329195, 'hidden_size': 42, 'dropout': 0.27025912117886297, 'hidden_continuous_size': 29, 'attention_head_size': 1, 'learning_rate': 0.07745367587316543}. Best is trial 10 with value: 13.74817180633545.
LOCAL_RANK: 0 - CUDA_VISIBLE_DEVICES: [0]
[I 2023-11-30 07:28:59,582] Trial 90 finished with value: 21.510238647460938 and parameters: {'gradient_clip_val': 0.3599642011890247, 'hidden_size': 46, 'dropout': 0.31761649631592287, 'hidden_continuous_size': 25, 'attention_head_size': 2, 'learning_rate': 0.007296104572490679}. Best is trial 10 with value: 13.74817180633545.
LOCAL_RANK: 0 - CUDA_VISIBLE_DEVICES: [0]
[I 2023-11-30 07:29:12,200] Trial 91 finished with value: 21.882646560668945 and parameters: {'gradient_clip_val': 0.4153043930973389, 'hidden_size': 33, 'dropout': 0.27671682095430916, 'hidden_continuous_size': 24, 'attention_head_size': 1, 'learning_rate': 0.0043521246795615995}. Best is trial 10 with value: 13.74817180633545.
LOCAL_RANK: 0 - CUDA_VISIBLE_DEVICES: [0]
[I 2023-11-30 07:29:24,587] Trial 92 finished with value: 16.363359451293945 and parameters: {'gradient_clip_val': 0.4608909306186112, 'hidden_size': 27, 'dropout': 0.29255565289755386, 'hidden_continuous_size': 25, 'attention_head_size': 1, 'learning_rate': 0.005916318902698555}. Best is trial 10 with value: 13.74817180633545.
LOCAL_RANK: 0 - CUDA_VISIBLE_DEVICES: [0]
[I 2023-11-30 07:29:36,889] Trial 93 finished with value: 20.6489315032959 and parameters: {'gradient_clip_val': 0.4572895977772045, 'hidden_size': 28, 'dropout': 0.30574340453330695, 'hidden_continuous_size': 25, 'attention_head_size': 1, 'learning_rate': 0.005916401128233021}. Best is trial 10 with value: 13.74817180633545.
LOCAL_RANK: 0 - CUDA_VISIBLE_DEVICES: [0]
[I 2023-11-30 07:29:48,886] Trial 94 finished with value: 15.431750297546387 and parameters: {'gradient_clip_val': 0.5229308634531512, 'hidden_size': 24, 'dropout': 0.2936742763834761, 'hidden_continuous_size': 23, 'attention_head_size': 1, 'learning_rate': 0.006724201399808663}. Best is trial 10 with value: 13.74817180633545.
LOCAL_RANK: 0 - CUDA_VISIBLE_DEVICES: [0]
[I 2023-11-30 07:30:01,066] Trial 95 finished with value: 16.576887130737305 and parameters: {'gradient_clip_val': 0.5349342110144787, 'hidden_size': 23, 'dropout': 0.2904920619552462, 'hidden_continuous_size': 22, 'attention_head_size': 1, 'learning_rate': 0.005006421077001108}. Best is trial 10 with value: 13.74817180633545.
LOCAL_RANK: 0 - CUDA_VISIBLE_DEVICES: [0]
[I 2023-11-30 07:30:13,142] Trial 96 finished with value: 20.92999267578125 and parameters: {'gradient_clip_val': 0.5151567101767078, 'hidden_size': 24, 'dropout': 0.2914809792388673, 'hidden_continuous_size': 23, 'attention_head_size': 1, 'learning_rate': 0.006334620006977588}. Best is trial 10 with value: 13.74817180633545.
LOCAL_RANK: 0 - CUDA_VISIBLE_DEVICES: [0]
[I 2023-11-30 07:30:25,334] Trial 97 finished with value: 19.84617805480957 and parameters: {'gradient_clip_val': 0.5450936563917597, 'hidden_size': 22, 'dropout': 0.2830205159385059, 'hidden_continuous_size': 21, 'attention_head_size': 1, 'learning_rate': 0.005094427461284388}. Best is trial 10 with value: 13.74817180633545.
LOCAL_RANK: 0 - CUDA_VISIBLE_DEVICES: [0]
[I 2023-11-30 07:30:37,386] Trial 98 finished with value: 24.406457901000977 and parameters: {'gradient_clip_val': 0.5847928214952303, 'hidden_size': 19, 'dropout': 0.31114810752244887, 'hidden_continuous_size': 17, 'attention_head_size': 1, 'learning_rate': 0.008552063888409211}. Best is trial 10 with value: 13.74817180633545.
LOCAL_RANK: 0 - CUDA_VISIBLE_DEVICES: [0]
[I 2023-11-30 07:30:49,560] Trial 99 finished with value: 20.922849655151367 and parameters: {'gradient_clip_val': 0.525670161709907, 'hidden_size': 27, 'dropout': 0.3214279578270259, 'hidden_continuous_size': 24, 'attention_head_size': 1, 'learning_rate': 0.0605385898855364}. Best is trial 10 with value: 13.74817180633545.
LOCAL_RANK: 0 - CUDA_VISIBLE_DEVICES: [0]
[I 2023-11-30 07:31:01,716] Trial 100 finished with value: 19.766237258911133 and parameters: {'gradient_clip_val': 0.4831486462821422, 'hidden_size': 25, 'dropout': 0.33088791095467207, 'hidden_continuous_size': 14, 'attention_head_size': 1, 'learning_rate': 0.005664926828755084}. Best is trial 10 with value: 13.74817180633545.
LOCAL_RANK: 0 - CUDA_VISIBLE_DEVICES: [0]
[I 2023-11-30 07:31:13,953] Trial 101 finished with value: 17.596229553222656 and parameters: {'gradient_clip_val': 0.45770398980319565, 'hidden_size': 23, 'dropout': 0.29526014645579846, 'hidden_continuous_size': 22, 'attention_head_size': 1, 'learning_rate': 0.006706541098269802}. Best is trial 10 with value: 13.74817180633545.
LOCAL_RANK: 0 - CUDA_VISIBLE_DEVICES: [0]
[I 2023-11-30 07:31:26,440] Trial 102 finished with value: 29.47267723083496 and parameters: {'gradient_clip_val': 0.7273456485263474, 'hidden_size': 29, 'dropout': 0.3020361840824309, 'hidden_continuous_size': 26, 'attention_head_size': 1, 'learning_rate': 0.003992588333965267}. Best is trial 10 with value: 13.74817180633545.
LOCAL_RANK: 0 - CUDA_VISIBLE_DEVICES: [0]
[I 2023-11-30 07:31:38,610] Trial 103 finished with value: 16.976381301879883 and parameters: {'gradient_clip_val': 0.6119909417664219, 'hidden_size': 21, 'dropout': 0.2893982550130669, 'hidden_continuous_size': 20, 'attention_head_size': 1, 'learning_rate': 0.004645841699760476}. Best is trial 10 with value: 13.74817180633545.
LOCAL_RANK: 0 - CUDA_VISIBLE_DEVICES: [0]
[I 2023-11-30 07:31:50,874] Trial 104 finished with value: 16.370275497436523 and parameters: {'gradient_clip_val': 0.4756242476255656, 'hidden_size': 25, 'dropout': 0.31447240512296987, 'hidden_continuous_size': 23, 'attention_head_size': 1, 'learning_rate': 0.0077316667196133705}. Best is trial 10 with value: 13.74817180633545.
LOCAL_RANK: 0 - CUDA_VISIBLE_DEVICES: [0]
[I 2023-11-30 07:32:03,172] Trial 105 finished with value: 17.855072021484375 and parameters: {'gradient_clip_val': 0.6504398280715736, 'hidden_size': 26, 'dropout': 0.3157586537255136, 'hidden_continuous_size': 23, 'attention_head_size': 1, 'learning_rate': 0.00768970903746183}. Best is trial 10 with value: 13.74817180633545.
LOCAL_RANK: 0 - CUDA_VISIBLE_DEVICES: [0]
[I 2023-11-30 07:32:15,634] Trial 106 finished with value: 13.410916328430176 and parameters: {'gradient_clip_val': 0.4904984886749981, 'hidden_size': 25, 'dropout': 0.33780370061016196, 'hidden_continuous_size': 23, 'attention_head_size': 1, 'learning_rate': 0.00964029765351319}. Best is trial 106 with value: 13.410916328430176.
LOCAL_RANK: 0 - CUDA_VISIBLE_DEVICES: [0]
[I 2023-11-30 07:32:28,207] Trial 107 finished with value: 21.7183837890625 and parameters: {'gradient_clip_val': 0.4912122900464521, 'hidden_size': 30, 'dropout': 0.3385870216095128, 'hidden_continuous_size': 25, 'attention_head_size': 1, 'learning_rate': 0.011056868602639814}. Best is trial 106 with value: 13.410916328430176.
LOCAL_RANK: 0 - CUDA_VISIBLE_DEVICES: [0]
[I 2023-11-30 07:32:40,453] Trial 108 finished with value: 18.06092643737793 and parameters: {'gradient_clip_val': 0.44372310406916, 'hidden_size': 28, 'dropout': 0.3289950848437306, 'hidden_continuous_size': 24, 'attention_head_size': 1, 'learning_rate': 0.009167020415955915}. Best is trial 106 with value: 13.410916328430176.
LOCAL_RANK: 0 - CUDA_VISIBLE_DEVICES: [0]
[I 2023-11-30 07:32:52,725] Trial 109 finished with value: 20.4671573638916 and parameters: {'gradient_clip_val': 0.5096043314639844, 'hidden_size': 25, 'dropout': 0.34361665670662195, 'hidden_continuous_size': 23, 'attention_head_size': 3, 'learning_rate': 0.009799626525471576}. Best is trial 106 with value: 13.410916328430176.
LOCAL_RANK: 0 - CUDA_VISIBLE_DEVICES: [0]
[I 2023-11-30 07:33:05,058] Trial 110 finished with value: 19.641843795776367 and parameters: {'gradient_clip_val': 0.4721225591479154, 'hidden_size': 27, 'dropout': 0.3233554462278811, 'hidden_continuous_size': 25, 'attention_head_size': 1, 'learning_rate': 0.013720725169441063}. Best is trial 106 with value: 13.410916328430176.
LOCAL_RANK: 0 - CUDA_VISIBLE_DEVICES: [0]
[I 2023-11-30 07:33:17,364] Trial 111 finished with value: 23.725778579711914 and parameters: {'gradient_clip_val': 0.5696336362012759, 'hidden_size': 23, 'dropout': 0.30963069388130116, 'hidden_continuous_size': 22, 'attention_head_size': 1, 'learning_rate': 0.006261079916718012}. Best is trial 106 with value: 13.410916328430176.
LOCAL_RANK: 0 - CUDA_VISIBLE_DEVICES: [0]
[I 2023-11-30 07:33:29,438] Trial 112 finished with value: 22.4659481048584 and parameters: {'gradient_clip_val': 0.5438523241134676, 'hidden_size': 19, 'dropout': 0.2729446643386124, 'hidden_continuous_size': 13, 'attention_head_size': 1, 'learning_rate': 0.007696274793078329}. Best is trial 106 with value: 13.410916328430176.
LOCAL_RANK: 0 - CUDA_VISIBLE_DEVICES: [0]
[I 2023-11-30 07:33:41,627] Trial 113 finished with value: 19.432756423950195 and parameters: {'gradient_clip_val': 0.5022151903270695, 'hidden_size': 22, 'dropout': 0.28091287455489, 'hidden_continuous_size': 21, 'attention_head_size': 1, 'learning_rate': 0.006719472185674452}. Best is trial 106 with value: 13.410916328430176.
LOCAL_RANK: 0 - CUDA_VISIBLE_DEVICES: [0]
[I 2023-11-30 07:33:54,344] Trial 114 finished with value: 18.48884391784668 and parameters: {'gradient_clip_val': 0.6036338371133263, 'hidden_size': 34, 'dropout': 0.28628194538049345, 'hidden_continuous_size': 26, 'attention_head_size': 1, 'learning_rate': 0.005919603951621507}. Best is trial 106 with value: 13.410916328430176.
LOCAL_RANK: 0 - CUDA_VISIBLE_DEVICES: [0]
[I 2023-11-30 07:34:06,513] Trial 115 finished with value: 19.64253044128418 and parameters: {'gradient_clip_val': 0.4741905549818067, 'hidden_size': 25, 'dropout': 0.3539590447537268, 'hidden_continuous_size': 23, 'attention_head_size': 1, 'learning_rate': 0.005289107119927981}. Best is trial 106 with value: 13.410916328430176.
LOCAL_RANK: 0 - CUDA_VISIBLE_DEVICES: [0]
[I 2023-11-30 07:34:19,188] Trial 116 finished with value: 19.957773208618164 and parameters: {'gradient_clip_val': 0.5321740682319765, 'hidden_size': 31, 'dropout': 0.3151046296167439, 'hidden_continuous_size': 24, 'attention_head_size': 1, 'learning_rate': 0.008891129820335616}. Best is trial 106 with value: 13.410916328430176.
LOCAL_RANK: 0 - CUDA_VISIBLE_DEVICES: [0]
[I 2023-11-30 07:34:31,584] Trial 117 finished with value: 16.865447998046875 and parameters: {'gradient_clip_val': 0.3965260136242923, 'hidden_size': 30, 'dropout': 0.38081988777233916, 'hidden_continuous_size': 26, 'attention_head_size': 1, 'learning_rate': 0.04659818806301278}. Best is trial 106 with value: 13.410916328430176.
LOCAL_RANK: 0 - CUDA_VISIBLE_DEVICES: [0]
[I 2023-11-30 07:34:43,778] Trial 118 finished with value: 21.93330955505371 and parameters: {'gradient_clip_val': 0.4258713655848123, 'hidden_size': 28, 'dropout': 0.3956563490065423, 'hidden_continuous_size': 25, 'attention_head_size': 1, 'learning_rate': 0.010160862531691194}. Best is trial 106 with value: 13.410916328430176.
LOCAL_RANK: 0 - CUDA_VISIBLE_DEVICES: [0]
[I 2023-11-30 07:34:56,476] Trial 119 finished with value: 17.646638870239258 and parameters: {'gradient_clip_val': 0.7724596011920097, 'hidden_size': 33, 'dropout': 0.30590225216532135, 'hidden_continuous_size': 22, 'attention_head_size': 3, 'learning_rate': 0.007801940064122772}. Best is trial 106 with value: 13.410916328430176.
LOCAL_RANK: 0 - CUDA_VISIBLE_DEVICES: [0]
[I 2023-11-30 07:35:08,690] Trial 120 finished with value: 20.30179214477539 and parameters: {'gradient_clip_val': 0.5575491788664197, 'hidden_size': 21, 'dropout': 0.3370606177595411, 'hidden_continuous_size': 20, 'attention_head_size': 1, 'learning_rate': 0.09788176781234763}. Best is trial 106 with value: 13.410916328430176.
LOCAL_RANK: 0 - CUDA_VISIBLE_DEVICES: [0]
[I 2023-11-30 07:35:21,478] Trial 121 finished with value: 18.712940216064453 and parameters: {'gradient_clip_val': 0.45066743556225136, 'hidden_size': 36, 'dropout': 0.29633195786625605, 'hidden_continuous_size': 28, 'attention_head_size': 1, 'learning_rate': 0.004739225260643779}. Best is trial 106 with value: 13.410916328430176.
LOCAL_RANK: 0 - CUDA_VISIBLE_DEVICES: [0]
[I 2023-11-30 07:35:34,069] Trial 122 finished with value: 22.5526123046875 and parameters: {'gradient_clip_val': 0.4146205468048919, 'hidden_size': 38, 'dropout': 0.30153793263066603, 'hidden_continuous_size': 27, 'attention_head_size': 1, 'learning_rate': 0.005417105225035654}. Best is trial 106 with value: 13.410916328430176.
LOCAL_RANK: 0 - CUDA_VISIBLE_DEVICES: [0]
[I 2023-11-30 07:35:46,794] Trial 123 finished with value: 18.69629669189453 and parameters: {'gradient_clip_val': 0.38693049447444067, 'hidden_size': 42, 'dropout': 0.28928269461633654, 'hidden_continuous_size': 21, 'attention_head_size': 1, 'learning_rate': 0.0037970595408604517}. Best is trial 106 with value: 13.410916328430176.
LOCAL_RANK: 0 - CUDA_VISIBLE_DEVICES: [0]
[I 2023-11-30 07:35:58,858] Trial 124 finished with value: 18.59511947631836 and parameters: {'gradient_clip_val': 0.43476492096848124, 'hidden_size': 24, 'dropout': 0.3227676319804817, 'hidden_continuous_size': 23, 'attention_head_size': 1, 'learning_rate': 0.006961443578233302}. Best is trial 106 with value: 13.410916328430176.
LOCAL_RANK: 0 - CUDA_VISIBLE_DEVICES: [0]
[I 2023-11-30 07:36:11,280] Trial 125 finished with value: 23.792030334472656 and parameters: {'gradient_clip_val': 0.4984456174949074, 'hidden_size': 26, 'dropout': 0.27594435030830217, 'hidden_continuous_size': 24, 'attention_head_size': 1, 'learning_rate': 0.0033859373789718486}. Best is trial 106 with value: 13.410916328430176.
LOCAL_RANK: 0 - CUDA_VISIBLE_DEVICES: [0]
[I 2023-11-30 07:36:24,296] Trial 126 finished with value: 14.161117553710938 and parameters: {'gradient_clip_val': 0.6934431285719127, 'hidden_size': 49, 'dropout': 0.29603703182217017, 'hidden_continuous_size': 21, 'attention_head_size': 1, 'learning_rate': 0.004326653361003949}. Best is trial 106 with value: 13.410916328430176.
LOCAL_RANK: 0 - CUDA_VISIBLE_DEVICES: [0]
[I 2023-11-30 07:36:37,015] Trial 127 finished with value: 18.27387046813965 and parameters: {'gradient_clip_val': 0.6426287245487198, 'hidden_size': 52, 'dropout': 0.3591374224076433, 'hidden_continuous_size': 19, 'attention_head_size': 1, 'learning_rate': 0.004257200042681727}. Best is trial 106 with value: 13.410916328430176.
LOCAL_RANK: 0 - CUDA_VISIBLE_DEVICES: [0]
[I 2023-11-30 07:36:50,101] Trial 128 finished with value: 22.787582397460938 and parameters: {'gradient_clip_val': 0.7162305199350637, 'hidden_size': 50, 'dropout': 0.29385171986804, 'hidden_continuous_size': 21, 'attention_head_size': 4, 'learning_rate': 0.00845663339732079}. Best is trial 106 with value: 13.410916328430176.
LOCAL_RANK: 0 - CUDA_VISIBLE_DEVICES: [0]
[I 2023-11-30 07:37:03,174] Trial 129 finished with value: 20.66842269897461 and parameters: {'gradient_clip_val': 0.6976192927470576, 'hidden_size': 54, 'dropout': 0.3096086082335704, 'hidden_continuous_size': 28, 'attention_head_size': 1, 'learning_rate': 0.032314224271786866}. Best is trial 106 with value: 13.410916328430176.
LOCAL_RANK: 0 - CUDA_VISIBLE_DEVICES: [0]
[I 2023-11-30 07:37:15,986] Trial 130 finished with value: 20.150136947631836 and parameters: {'gradient_clip_val': 0.5251891785869311, 'hidden_size': 46, 'dropout': 0.28121197334003173, 'hidden_continuous_size': 22, 'attention_head_size': 2, 'learning_rate': 0.004977860015551669}. Best is trial 106 with value: 13.410916328430176.
LOCAL_RANK: 0 - CUDA_VISIBLE_DEVICES: [0]
