[I 2023-11-30 04:14:40,150] Trial 97 finished with value: 103.2262954711914 and parameters: {'gradient_clip_val': 0.43593428426383085, 'hidden_size': 48, 'dropout': 0.21534366298768756, 'hidden_continuous_size': 43, 'attention_head_size': 2, 'learning_rate': 0.05694727925726695}. Best is trial 61 with value: 95.55398559570312.
LOCAL_RANK: 0 - CUDA_VISIBLE_DEVICES: [0]
[I 2023-11-30 04:14:52,892] Trial 98 finished with value: 109.08048248291016 and parameters: {'gradient_clip_val': 0.2869188368005338, 'hidden_size': 42, 'dropout': 0.22341041225879874, 'hidden_continuous_size': 22, 'attention_head_size': 1, 'learning_rate': 0.0678981355082185}. Best is trial 61 with value: 95.55398559570312.
LOCAL_RANK: 0 - CUDA_VISIBLE_DEVICES: [0]
[I 2023-11-30 04:15:05,431] Trial 99 finished with value: 97.9046401977539 and parameters: {'gradient_clip_val': 0.34462124648904074, 'hidden_size': 38, 'dropout': 0.22771864399193514, 'hidden_continuous_size': 18, 'attention_head_size': 1, 'learning_rate': 0.0427667940614801}. Best is trial 61 with value: 95.55398559570312.
LOCAL_RANK: 0 - CUDA_VISIBLE_DEVICES: [0]
[I 2023-11-30 04:15:17,969] Trial 100 finished with value: 120.9368667602539 and parameters: {'gradient_clip_val': 0.395085473987315, 'hidden_size': 37, 'dropout': 0.3584557527734325, 'hidden_continuous_size': 18, 'attention_head_size': 1, 'learning_rate': 0.041982010150252595}. Best is trial 61 with value: 95.55398559570312.
LOCAL_RANK: 0 - CUDA_VISIBLE_DEVICES: [0]
[I 2023-11-30 04:15:30,924] Trial 101 finished with value: 110.6534423828125 and parameters: {'gradient_clip_val': 0.3463483142848933, 'hidden_size': 47, 'dropout': 0.23544596188090264, 'hidden_continuous_size': 20, 'attention_head_size': 1, 'learning_rate': 0.04972681996391309}. Best is trial 61 with value: 95.55398559570312.
LOCAL_RANK: 0 - CUDA_VISIBLE_DEVICES: [0]
[I 2023-11-30 04:15:43,539] Trial 102 finished with value: 118.71166229248047 and parameters: {'gradient_clip_val': 0.3226998543725547, 'hidden_size': 39, 'dropout': 0.373499170013639, 'hidden_continuous_size': 19, 'attention_head_size': 1, 'learning_rate': 0.03673519142910229}. Best is trial 61 with value: 95.55398559570312.
LOCAL_RANK: 0 - CUDA_VISIBLE_DEVICES: [0]
[I 2023-11-30 04:15:56,035] Trial 103 finished with value: 125.29611206054688 and parameters: {'gradient_clip_val': 0.3730542810759963, 'hidden_size': 33, 'dropout': 0.2285535665141072, 'hidden_continuous_size': 18, 'attention_head_size': 1, 'learning_rate': 0.04506136045816228}. Best is trial 61 with value: 95.55398559570312.
LOCAL_RANK: 0 - CUDA_VISIBLE_DEVICES: [0]
[I 2023-11-30 04:16:08,704] Trial 104 finished with value: 108.8001480102539 and parameters: {'gradient_clip_val': 0.4247866480112006, 'hidden_size': 43, 'dropout': 0.2496715782242221, 'hidden_continuous_size': 19, 'attention_head_size': 1, 'learning_rate': 0.027049239893949056}. Best is trial 61 with value: 95.55398559570312.
LOCAL_RANK: 0 - CUDA_VISIBLE_DEVICES: [0]
[I 2023-11-30 04:16:21,033] Trial 105 finished with value: 107.9864730834961 and parameters: {'gradient_clip_val': 0.33800507789995615, 'hidden_size': 30, 'dropout': 0.38190100061171356, 'hidden_continuous_size': 13, 'attention_head_size': 2, 'learning_rate': 0.06592085998700285}. Best is trial 61 with value: 95.55398559570312.
LOCAL_RANK: 0 - CUDA_VISIBLE_DEVICES: [0]
[I 2023-11-30 04:16:33,762] Trial 106 finished with value: 112.6120376586914 and parameters: {'gradient_clip_val': 0.2787286416024839, 'hidden_size': 34, 'dropout': 0.21817838084211805, 'hidden_continuous_size': 17, 'attention_head_size': 1, 'learning_rate': 0.0315665516832176}. Best is trial 61 with value: 95.55398559570312.
LOCAL_RANK: 0 - CUDA_VISIBLE_DEVICES: [0]
[I 2023-11-30 04:16:46,059] Trial 107 finished with value: 130.94337463378906 and parameters: {'gradient_clip_val': 0.4615134181072218, 'hidden_size': 27, 'dropout': 0.3904695959685131, 'hidden_continuous_size': 10, 'attention_head_size': 4, 'learning_rate': 0.05812098629722496}. Best is trial 61 with value: 95.55398559570312.
LOCAL_RANK: 0 - CUDA_VISIBLE_DEVICES: [0]
[I 2023-11-30 04:16:58,480] Trial 108 finished with value: 99.0212173461914 and parameters: {'gradient_clip_val': 0.5534242364762698, 'hidden_size': 40, 'dropout': 0.37119068482681994, 'hidden_continuous_size': 21, 'attention_head_size': 1, 'learning_rate': 0.0965166891040611}. Best is trial 61 with value: 95.55398559570312.
LOCAL_RANK: 0 - CUDA_VISIBLE_DEVICES: [0]
[I 2023-11-30 04:17:10,944] Trial 109 finished with value: 121.70257568359375 and parameters: {'gradient_clip_val': 0.5126044021651845, 'hidden_size': 40, 'dropout': 0.36435988963616706, 'hidden_continuous_size': 21, 'attention_head_size': 1, 'learning_rate': 0.09868780241686007}. Best is trial 61 with value: 95.55398559570312.
LOCAL_RANK: 0 - CUDA_VISIBLE_DEVICES: [0]
[I 2023-11-30 04:17:23,919] Trial 110 finished with value: 107.1484603881836 and parameters: {'gradient_clip_val': 0.6021687155746317, 'hidden_size': 49, 'dropout': 0.3737762947915184, 'hidden_continuous_size': 23, 'attention_head_size': 1, 'learning_rate': 0.08905793481960524}. Best is trial 61 with value: 95.55398559570312.
LOCAL_RANK: 0 - CUDA_VISIBLE_DEVICES: [0]
[I 2023-11-30 04:17:36,322] Trial 111 finished with value: 107.74886322021484 and parameters: {'gradient_clip_val': 0.5493627378374306, 'hidden_size': 36, 'dropout': 0.38058518152384, 'hidden_continuous_size': 20, 'attention_head_size': 1, 'learning_rate': 0.07916354418358158}. Best is trial 61 with value: 95.55398559570312.
LOCAL_RANK: 0 - CUDA_VISIBLE_DEVICES: [0]
[I 2023-11-30 04:17:49,077] Trial 112 finished with value: 118.61505126953125 and parameters: {'gradient_clip_val': 0.4851611202470914, 'hidden_size': 38, 'dropout': 0.3697543529764587, 'hidden_continuous_size': 22, 'attention_head_size': 1, 'learning_rate': 0.08877542545931252}. Best is trial 61 with value: 95.55398559570312.
LOCAL_RANK: 0 - CUDA_VISIBLE_DEVICES: [0]
[I 2023-11-30 04:18:01,280] Trial 113 finished with value: 94.87801361083984 and parameters: {'gradient_clip_val': 0.6417615065139763, 'hidden_size': 21, 'dropout': 0.24479145305182742, 'hidden_continuous_size': 19, 'attention_head_size': 1, 'learning_rate': 0.06764171496374945}. Best is trial 113 with value: 94.87801361083984.
LOCAL_RANK: 0 - CUDA_VISIBLE_DEVICES: [0]
[I 2023-11-30 04:18:13,305] Trial 114 finished with value: 113.72927856445312 and parameters: {'gradient_clip_val': 0.6889327920642746, 'hidden_size': 21, 'dropout': 0.27065965726176205, 'hidden_continuous_size': 19, 'attention_head_size': 1, 'learning_rate': 0.06990565454903454}. Best is trial 113 with value: 94.87801361083984.
LOCAL_RANK: 0 - CUDA_VISIBLE_DEVICES: [0]
[I 2023-11-30 04:18:26,045] Trial 115 finished with value: 118.67765045166016 and parameters: {'gradient_clip_val': 0.6541398107748722, 'hidden_size': 45, 'dropout': 0.3922070933801287, 'hidden_continuous_size': 17, 'attention_head_size': 1, 'learning_rate': 0.0765223632503002}. Best is trial 113 with value: 94.87801361083984.
LOCAL_RANK: 0 - CUDA_VISIBLE_DEVICES: [0]
[I 2023-11-30 04:18:38,956] Trial 116 finished with value: 103.6302719116211 and parameters: {'gradient_clip_val': 0.5553766481281194, 'hidden_size': 53, 'dropout': 0.35883171165668837, 'hidden_continuous_size': 24, 'attention_head_size': 1, 'learning_rate': 0.09924019294809544}. Best is trial 113 with value: 94.87801361083984.
LOCAL_RANK: 0 - CUDA_VISIBLE_DEVICES: [0]
[I 2023-11-30 04:18:51,103] Trial 117 finished with value: 116.8427734375 and parameters: {'gradient_clip_val': 0.5102064982059205, 'hidden_size': 24, 'dropout': 0.24721708221750727, 'hidden_continuous_size': 18, 'attention_head_size': 1, 'learning_rate': 0.06497378533167726}. Best is trial 113 with value: 94.87801361083984.
LOCAL_RANK: 0 - CUDA_VISIBLE_DEVICES: [0]
[I 2023-11-30 04:19:03,102] Trial 118 finished with value: 122.8887939453125 and parameters: {'gradient_clip_val': 0.5849603471342569, 'hidden_size': 18, 'dropout': 0.20826769779710322, 'hidden_continuous_size': 12, 'attention_head_size': 1, 'learning_rate': 0.08309968914523871}. Best is trial 113 with value: 94.87801361083984.
LOCAL_RANK: 0 - CUDA_VISIBLE_DEVICES: [0]
[I 2023-11-30 04:19:15,234] Trial 119 finished with value: 119.95352935791016 and parameters: {'gradient_clip_val': 0.617431965987018, 'hidden_size': 23, 'dropout': 0.3647884728525629, 'hidden_continuous_size': 19, 'attention_head_size': 1, 'learning_rate': 0.04032259485516152}. Best is trial 113 with value: 94.87801361083984.
LOCAL_RANK: 0 - CUDA_VISIBLE_DEVICES: [0]
[I 2023-11-30 04:19:27,291] Trial 120 finished with value: 116.85479736328125 and parameters: {'gradient_clip_val': 0.5719357037129882, 'hidden_size': 21, 'dropout': 0.38178188495331367, 'hidden_continuous_size': 14, 'attention_head_size': 2, 'learning_rate': 0.06214093590071831}. Best is trial 113 with value: 94.87801361083984.
LOCAL_RANK: 0 - CUDA_VISIBLE_DEVICES: [0]
[I 2023-11-30 04:19:39,723] Trial 121 finished with value: 111.52246856689453 and parameters: {'gradient_clip_val': 0.4107399227641715, 'hidden_size': 27, 'dropout': 0.2328708849654888, 'hidden_continuous_size': 20, 'attention_head_size': 3, 'learning_rate': 0.051639864572406276}. Best is trial 113 with value: 94.87801361083984.
LOCAL_RANK: 0 - CUDA_VISIBLE_DEVICES: [0]
[I 2023-11-30 04:19:52,603] Trial 122 finished with value: 126.73140716552734 and parameters: {'gradient_clip_val': 0.30754526978069596, 'hidden_size': 35, 'dropout': 0.2273223670513304, 'hidden_continuous_size': 20, 'attention_head_size': 3, 'learning_rate': 0.04494889513343111}. Best is trial 113 with value: 94.87801361083984.
LOCAL_RANK: 0 - CUDA_VISIBLE_DEVICES: [0]
[I 2023-11-30 04:20:04,817] Trial 123 finished with value: 129.91818237304688 and parameters: {'gradient_clip_val': 0.45322233883252694, 'hidden_size': 32, 'dropout': 0.24143467117954368, 'hidden_continuous_size': 21, 'attention_head_size': 1, 'learning_rate': 0.05678455525350332}. Best is trial 113 with value: 94.87801361083984.
LOCAL_RANK: 0 - CUDA_VISIBLE_DEVICES: [0]
[I 2023-11-30 04:20:17,331] Trial 124 finished with value: 103.9970932006836 and parameters: {'gradient_clip_val': 0.5332229282035743, 'hidden_size': 29, 'dropout': 0.25592899727708535, 'hidden_continuous_size': 18, 'attention_head_size': 3, 'learning_rate': 0.05228344768739764}. Best is trial 113 with value: 94.87801361083984.
LOCAL_RANK: 0 - CUDA_VISIBLE_DEVICES: [0]
[I 2023-11-30 04:20:29,515] Trial 125 finished with value: 103.0595932006836 and parameters: {'gradient_clip_val': 0.35951268017653726, 'hidden_size': 20, 'dropout': 0.24318791798248574, 'hidden_continuous_size': 19, 'attention_head_size': 4, 'learning_rate': 0.07164876536538758}. Best is trial 113 with value: 94.87801361083984.
LOCAL_RANK: 0 - CUDA_VISIBLE_DEVICES: [0]
[I 2023-11-30 04:20:41,619] Trial 126 finished with value: 110.84984588623047 and parameters: {'gradient_clip_val': 0.33589704761013817, 'hidden_size': 25, 'dropout': 0.2209970050492617, 'hidden_continuous_size': 13, 'attention_head_size': 1, 'learning_rate': 0.03702208839695455}. Best is trial 113 with value: 94.87801361083984.
LOCAL_RANK: 0 - CUDA_VISIBLE_DEVICES: [0]
[I 2023-11-30 04:20:54,426] Trial 127 finished with value: 108.64276885986328 and parameters: {'gradient_clip_val': 0.4813952925297178, 'hidden_size': 41, 'dropout': 0.21409110493813935, 'hidden_continuous_size': 11, 'attention_head_size': 3, 'learning_rate': 0.08949286159857532}. Best is trial 113 with value: 94.87801361083984.
LOCAL_RANK: 0 - CUDA_VISIBLE_DEVICES: [0]
[I 2023-11-30 04:21:07,184] Trial 128 finished with value: 111.55045318603516 and parameters: {'gradient_clip_val': 0.3841312718071765, 'hidden_size': 47, 'dropout': 0.34462447618735254, 'hidden_continuous_size': 22, 'attention_head_size': 1, 'learning_rate': 0.047800494556883906}. Best is trial 113 with value: 94.87801361083984.
LOCAL_RANK: 0 - CUDA_VISIBLE_DEVICES: [0]
[I 2023-11-30 04:21:19,633] Trial 129 finished with value: 100.8211441040039 and parameters: {'gradient_clip_val': 0.4314800293779485, 'hidden_size': 31, 'dropout': 0.3516760181077581, 'hidden_continuous_size': 25, 'attention_head_size': 1, 'learning_rate': 0.062176169995433336}. Best is trial 113 with value: 94.87801361083984.
LOCAL_RANK: 0 - CUDA_VISIBLE_DEVICES: [0]
[I 2023-11-30 04:21:32,090] Trial 130 finished with value: 113.324951171875 and parameters: {'gradient_clip_val': 0.4637633057978774, 'hidden_size': 31, 'dropout': 0.3535242296702553, 'hidden_continuous_size': 25, 'attention_head_size': 1, 'learning_rate': 0.06006689043298583}. Best is trial 113 with value: 94.87801361083984.
LOCAL_RANK: 0 - CUDA_VISIBLE_DEVICES: [0]
[I 2023-11-30 04:21:44,648] Trial 131 finished with value: 127.14608001708984 and parameters: {'gradient_clip_val': 0.43984683366697525, 'hidden_size': 33, 'dropout': 0.368504323386764, 'hidden_continuous_size': 26, 'attention_head_size': 1, 'learning_rate': 0.07798953750379689}. Best is trial 113 with value: 94.87801361083984.
LOCAL_RANK: 0 - CUDA_VISIBLE_DEVICES: [0]
[I 2023-11-30 04:21:57,151] Trial 132 finished with value: 107.5784912109375 and parameters: {'gradient_clip_val': 0.3993912954662757, 'hidden_size': 29, 'dropout': 0.3729780860419817, 'hidden_continuous_size': 24, 'attention_head_size': 1, 'learning_rate': 0.04182152435475267}. Best is trial 113 with value: 94.87801361083984.
LOCAL_RANK: 0 - CUDA_VISIBLE_DEVICES: [0]
[I 2023-11-30 04:22:09,737] Trial 133 finished with value: 112.60460662841797 and parameters: {'gradient_clip_val': 0.3669249773293391, 'hidden_size': 39, 'dropout': 0.3777528949398916, 'hidden_continuous_size': 16, 'attention_head_size': 1, 'learning_rate': 0.06628961965535426}. Best is trial 113 with value: 94.87801361083984.
LOCAL_RANK: 0 - CUDA_VISIBLE_DEVICES: [0]
[I 2023-11-30 04:22:22,320] Trial 134 finished with value: 99.27713012695312 and parameters: {'gradient_clip_val': 0.5089690343558039, 'hidden_size': 37, 'dropout': 0.35055544637283687, 'hidden_continuous_size': 21, 'attention_head_size': 1, 'learning_rate': 0.0480048282106551}. Best is trial 113 with value: 94.87801361083984.
LOCAL_RANK: 0 - CUDA_VISIBLE_DEVICES: [0]
[I 2023-11-30 04:22:34,926] Trial 135 finished with value: 115.61248779296875 and parameters: {'gradient_clip_val': 0.49986644043064976, 'hidden_size': 44, 'dropout': 0.35244740717395473, 'hidden_continuous_size': 22, 'attention_head_size': 1, 'learning_rate': 0.034759306294074845}. Best is trial 113 with value: 94.87801361083984.
LOCAL_RANK: 0 - CUDA_VISIBLE_DEVICES: [0]
[I 2023-11-30 04:22:45,053] Trial 136 finished with value: 124.82125091552734 and parameters: {'gradient_clip_val': 0.5502121800630085, 'hidden_size': 14, 'dropout': 0.3483525737208517, 'hidden_continuous_size': 14, 'attention_head_size': 1, 'learning_rate': 0.04480286951135054}. Best is trial 113 with value: 94.87801361083984.
LOCAL_RANK: 0 - CUDA_VISIBLE_DEVICES: [0]
[I 2023-11-30 04:22:57,755] Trial 137 finished with value: 121.69808197021484 and parameters: {'gradient_clip_val': 0.4215941879293644, 'hidden_size': 37, 'dropout': 0.35838654398613196, 'hidden_continuous_size': 23, 'attention_head_size': 1, 'learning_rate': 0.05603396652663171}. Best is trial 113 with value: 94.87801361083984.
LOCAL_RANK: 0 - CUDA_VISIBLE_DEVICES: [0]
[I 2023-11-30 04:23:10,680] Trial 138 finished with value: 121.02490234375 and parameters: {'gradient_clip_val': 0.5202674396335576, 'hidden_size': 54, 'dropout': 0.33397151005056963, 'hidden_continuous_size': 21, 'attention_head_size': 1, 'learning_rate': 0.0830240897043903}. Best is trial 113 with value: 94.87801361083984.
LOCAL_RANK: 0 - CUDA_VISIBLE_DEVICES: [0]
[I 2023-11-30 04:23:23,932] Trial 139 finished with value: 94.60665130615234 and parameters: {'gradient_clip_val': 0.5887933653809814, 'hidden_size': 68, 'dropout': 0.36616616225044823, 'hidden_continuous_size': 27, 'attention_head_size': 1, 'learning_rate': 0.04895568657592248}. Best is trial 139 with value: 94.60665130615234.
LOCAL_RANK: 0 - CUDA_VISIBLE_DEVICES: [0]
[I 2023-11-30 04:23:37,238] Trial 140 finished with value: 108.51168823242188 and parameters: {'gradient_clip_val': 0.634256393672235, 'hidden_size': 72, 'dropout': 0.340408563138814, 'hidden_continuous_size': 27, 'attention_head_size': 1, 'learning_rate': 0.07412118396853341}. Best is trial 139 with value: 94.60665130615234.
LOCAL_RANK: 0 - CUDA_VISIBLE_DEVICES: [0]
[I 2023-11-30 04:23:50,459] Trial 141 finished with value: 111.43675994873047 and parameters: {'gradient_clip_val': 0.5923018745463718, 'hidden_size': 65, 'dropout': 0.3620269540697019, 'hidden_continuous_size': 26, 'attention_head_size': 1, 'learning_rate': 0.03899405333352106}. Best is trial 139 with value: 94.60665130615234.
LOCAL_RANK: 0 - CUDA_VISIBLE_DEVICES: [0]
[I 2023-11-30 04:24:03,843] Trial 142 finished with value: 131.37545776367188 and parameters: {'gradient_clip_val': 0.4920055276343119, 'hidden_size': 76, 'dropout': 0.3883193439169186, 'hidden_continuous_size': 28, 'attention_head_size': 1, 'learning_rate': 0.04716712670981561}. Best is trial 139 with value: 94.60665130615234.
LOCAL_RANK: 0 - CUDA_VISIBLE_DEVICES: [0]
[I 2023-11-30 04:24:16,682] Trial 143 finished with value: 113.46923828125 and parameters: {'gradient_clip_val': 0.5649622163850485, 'hidden_size': 56, 'dropout': 0.3635449207610035, 'hidden_continuous_size': 25, 'attention_head_size': 1, 'learning_rate': 0.051855105512524154}. Best is trial 139 with value: 94.60665130615234.
LOCAL_RANK: 0 - CUDA_VISIBLE_DEVICES: [0]
[I 2023-11-30 04:24:29,513] Trial 144 finished with value: 102.712158203125 and parameters: {'gradient_clip_val': 0.6049546477876437, 'hidden_size': 49, 'dropout': 0.3722167358393266, 'hidden_continuous_size': 23, 'attention_head_size': 1, 'learning_rate': 0.06127819334757542}. Best is trial 139 with value: 94.60665130615234.
LOCAL_RANK: 0 - CUDA_VISIBLE_DEVICES: [0]
[I 2023-11-30 04:24:42,748] Trial 145 finished with value: 106.03472137451172 and parameters: {'gradient_clip_val': 0.536904478789622, 'hidden_size': 63, 'dropout': 0.38281234167400724, 'hidden_continuous_size': 24, 'attention_head_size': 1, 'learning_rate': 0.03333744234681532}. Best is trial 139 with value: 94.60665130615234.
LOCAL_RANK: 0 - CUDA_VISIBLE_DEVICES: [0]
[I 2023-11-30 04:24:55,756] Trial 146 finished with value: 119.7890853881836 and parameters: {'gradient_clip_val': 0.6577291851760461, 'hidden_size': 60, 'dropout': 0.3672215826499137, 'hidden_continuous_size': 25, 'attention_head_size': 1, 'learning_rate': 0.04337693839566165}. Best is trial 139 with value: 94.60665130615234.
LOCAL_RANK: 0 - CUDA_VISIBLE_DEVICES: [0]
[I 2023-11-30 04:25:08,734] Trial 147 finished with value: 105.19857788085938 and parameters: {'gradient_clip_val': 0.43372166255760225, 'hidden_size': 51, 'dropout': 0.375523894796424, 'hidden_continuous_size': 21, 'attention_head_size': 1, 'learning_rate': 0.056189144480472034}. Best is trial 139 with value: 94.60665130615234.
LOCAL_RANK: 0 - CUDA_VISIBLE_DEVICES: [0]
[I 2023-11-30 04:25:21,812] Trial 148 finished with value: 97.4175796508789 and parameters: {'gradient_clip_val': 0.5020871159904422, 'hidden_size': 55, 'dropout': 0.3943250242328783, 'hidden_continuous_size': 26, 'attention_head_size': 2, 'learning_rate': 0.022082482091296818}. Best is trial 139 with value: 94.60665130615234.
LOCAL_RANK: 0 - CUDA_VISIBLE_DEVICES: [0]
[I 2023-11-30 04:25:35,177] Trial 149 finished with value: 110.7734375 and parameters: {'gradient_clip_val': 0.4740633359935449, 'hidden_size': 66, 'dropout': 0.39607524139894495, 'hidden_continuous_size': 28, 'attention_head_size': 2, 'learning_rate': 0.028183181087873634}. Best is trial 139 with value: 94.60665130615234.
[I 2023-11-30 04:25:35,287] A new study created in memory with name: no-name-1b0fd6f1-60af-411c-86e8-a7625e9496f1
/home/le004/conda/anaconda3/envs/tsff_env/lib/python3.9/site-packages/lightning/fabric/plugins/environments/slurm.py:191: The `srun` command is available on your system but is not used. HINT: If your intention is to run Lightning on SLURM, prepend your python command with `srun` like so: srun python /home/le004/master_thesis/git/TSFusionForecast/code/ ...
LOCAL_RANK: 0 - CUDA_VISIBLE_DEVICES: [0]
[I 2023-11-30 04:25:47,734] Trial 0 finished with value: 25.24051856994629 and parameters: {'gradient_clip_val': 0.6652428856903515, 'hidden_size': 29, 'dropout': 0.11170737643128201, 'hidden_continuous_size': 22, 'attention_head_size': 2, 'learning_rate': 0.0035291818115632373}. Best is trial 0 with value: 25.24051856994629.
LOCAL_RANK: 0 - CUDA_VISIBLE_DEVICES: [0]
[I 2023-11-30 04:26:01,783] Trial 1 finished with value: 9.612277030944824 and parameters: {'gradient_clip_val': 0.43392380540892717, 'hidden_size': 144, 'dropout': 0.2773017095879709, 'hidden_continuous_size': 41, 'attention_head_size': 2, 'learning_rate': 0.02402548391233457}. Best is trial 1 with value: 9.612277030944824.
LOCAL_RANK: 0 - CUDA_VISIBLE_DEVICES: [0]
[I 2023-11-30 04:26:14,321] Trial 2 finished with value: 9.993355751037598 and parameters: {'gradient_clip_val': 0.1515365836330602, 'hidden_size': 21, 'dropout': 0.36133727248994096, 'hidden_continuous_size': 19, 'attention_head_size': 4, 'learning_rate': 0.029918863326988905}. Best is trial 1 with value: 9.612277030944824.
LOCAL_RANK: 0 - CUDA_VISIBLE_DEVICES: [0]
[I 2023-11-30 04:26:27,727] Trial 3 finished with value: 15.575148582458496 and parameters: {'gradient_clip_val': 0.166368932002316, 'hidden_size': 64, 'dropout': 0.2769173119349482, 'hidden_continuous_size': 47, 'attention_head_size': 3, 'learning_rate': 0.0056896756042143955}. Best is trial 1 with value: 9.612277030944824.
LOCAL_RANK: 0 - CUDA_VISIBLE_DEVICES: [0]
[I 2023-11-30 04:26:39,358] Trial 4 finished with value: 15.03246021270752 and parameters: {'gradient_clip_val': 0.5200765908636462, 'hidden_size': 12, 'dropout': 0.11864069397583815, 'hidden_continuous_size': 10, 'attention_head_size': 1, 'learning_rate': 0.04429153077994183}. Best is trial 1 with value: 9.612277030944824.
LOCAL_RANK: 0 - CUDA_VISIBLE_DEVICES: [0]
