[I 2023-11-30 03:49:56,943] Trial 130 finished with value: 13.636534690856934 and parameters: {'gradient_clip_val': 0.21998824137964615, 'hidden_size': 74, 'dropout': 0.3524847119398211, 'hidden_continuous_size': 66, 'attention_head_size': 2, 'learning_rate': 0.0048515226075582325}. Best is trial 88 with value: 10.20269775390625.
LOCAL_RANK: 0 - CUDA_VISIBLE_DEVICES: [0]
[I 2023-11-30 03:50:11,002] Trial 131 finished with value: 16.070478439331055 and parameters: {'gradient_clip_val': 0.33370237907548334, 'hidden_size': 109, 'dropout': 0.32930689481160036, 'hidden_continuous_size': 54, 'attention_head_size': 3, 'learning_rate': 0.008137023837436232}. Best is trial 88 with value: 10.20269775390625.
LOCAL_RANK: 0 - CUDA_VISIBLE_DEVICES: [0]
[I 2023-11-30 03:50:24,852] Trial 132 finished with value: 11.34240436553955 and parameters: {'gradient_clip_val': 0.3582160049709597, 'hidden_size': 98, 'dropout': 0.3310625746089681, 'hidden_continuous_size': 39, 'attention_head_size': 3, 'learning_rate': 0.008645299159515672}. Best is trial 88 with value: 10.20269775390625.
LOCAL_RANK: 0 - CUDA_VISIBLE_DEVICES: [0]
[I 2023-11-30 03:50:38,765] Trial 133 finished with value: 18.758996963500977 and parameters: {'gradient_clip_val': 0.28646955428453985, 'hidden_size': 99, 'dropout': 0.3221615437596368, 'hidden_continuous_size': 38, 'attention_head_size': 3, 'learning_rate': 0.006914021303086361}. Best is trial 88 with value: 10.20269775390625.
LOCAL_RANK: 0 - CUDA_VISIBLE_DEVICES: [0]
[I 2023-11-30 03:50:52,434] Trial 134 finished with value: 15.733445167541504 and parameters: {'gradient_clip_val': 0.3412733798820912, 'hidden_size': 93, 'dropout': 0.37807926542902726, 'hidden_continuous_size': 32, 'attention_head_size': 3, 'learning_rate': 0.010588421210411012}. Best is trial 88 with value: 10.20269775390625.
LOCAL_RANK: 0 - CUDA_VISIBLE_DEVICES: [0]
[I 2023-11-30 03:51:06,760] Trial 135 finished with value: 13.2000732421875 and parameters: {'gradient_clip_val': 0.3224157600910789, 'hidden_size': 129, 'dropout': 0.34550162541690793, 'hidden_continuous_size': 41, 'attention_head_size': 3, 'learning_rate': 0.00898762396842303}. Best is trial 88 with value: 10.20269775390625.
LOCAL_RANK: 0 - CUDA_VISIBLE_DEVICES: [0]
[I 2023-11-30 03:51:20,504] Trial 136 finished with value: 14.650843620300293 and parameters: {'gradient_clip_val': 0.3581997903627946, 'hidden_size': 69, 'dropout': 0.3345724445609345, 'hidden_continuous_size': 64, 'attention_head_size': 3, 'learning_rate': 0.007579205437979653}. Best is trial 88 with value: 10.20269775390625.
LOCAL_RANK: 0 - CUDA_VISIBLE_DEVICES: [0]
[I 2023-11-30 03:51:34,369] Trial 137 finished with value: 13.365483283996582 and parameters: {'gradient_clip_val': 0.21193468745732816, 'hidden_size': 88, 'dropout': 0.388798289450278, 'hidden_continuous_size': 40, 'attention_head_size': 4, 'learning_rate': 0.003674720132561501}. Best is trial 88 with value: 10.20269775390625.
LOCAL_RANK: 0 - CUDA_VISIBLE_DEVICES: [0]
[I 2023-11-30 03:51:48,319] Trial 138 finished with value: 15.951831817626953 and parameters: {'gradient_clip_val': 0.40190295677475435, 'hidden_size': 116, 'dropout': 0.32595484938904146, 'hidden_continuous_size': 43, 'attention_head_size': 3, 'learning_rate': 0.0042926156773922365}. Best is trial 88 with value: 10.20269775390625.
LOCAL_RANK: 0 - CUDA_VISIBLE_DEVICES: [0]
[I 2023-11-30 03:52:02,003] Trial 139 finished with value: 12.761866569519043 and parameters: {'gradient_clip_val': 0.20111981654584507, 'hidden_size': 78, 'dropout': 0.305257617340149, 'hidden_continuous_size': 36, 'attention_head_size': 4, 'learning_rate': 0.01243665566676626}. Best is trial 88 with value: 10.20269775390625.
LOCAL_RANK: 0 - CUDA_VISIBLE_DEVICES: [0]
[I 2023-11-30 03:52:16,083] Trial 140 finished with value: 23.45033836364746 and parameters: {'gradient_clip_val': 0.2646369535230157, 'hidden_size': 102, 'dropout': 0.3162472754425788, 'hidden_continuous_size': 31, 'attention_head_size': 3, 'learning_rate': 0.011344858022635441}. Best is trial 88 with value: 10.20269775390625.
LOCAL_RANK: 0 - CUDA_VISIBLE_DEVICES: [0]
[I 2023-11-30 03:52:30,173] Trial 141 finished with value: 20.472124099731445 and parameters: {'gradient_clip_val': 0.3695494369492133, 'hidden_size': 122, 'dropout': 0.3306081606317825, 'hidden_continuous_size': 52, 'attention_head_size': 3, 'learning_rate': 0.008355067733300725}. Best is trial 88 with value: 10.20269775390625.
LOCAL_RANK: 0 - CUDA_VISIBLE_DEVICES: [0]
[I 2023-11-30 03:52:44,153] Trial 142 finished with value: 10.646016120910645 and parameters: {'gradient_clip_val': 0.3477152360693724, 'hidden_size': 106, 'dropout': 0.3395297958802976, 'hidden_continuous_size': 47, 'attention_head_size': 3, 'learning_rate': 0.009869797988400108}. Best is trial 88 with value: 10.20269775390625.
LOCAL_RANK: 0 - CUDA_VISIBLE_DEVICES: [0]
[I 2023-11-30 03:52:58,026] Trial 143 finished with value: 15.43685245513916 and parameters: {'gradient_clip_val': 0.3100788060255068, 'hidden_size': 108, 'dropout': 0.3386156265583528, 'hidden_continuous_size': 46, 'attention_head_size': 3, 'learning_rate': 0.009455967581309567}. Best is trial 88 with value: 10.20269775390625.
LOCAL_RANK: 0 - CUDA_VISIBLE_DEVICES: [0]
[I 2023-11-30 03:53:12,033] Trial 144 finished with value: 17.714500427246094 and parameters: {'gradient_clip_val': 0.3850702655139718, 'hidden_size': 98, 'dropout': 0.35024477561117207, 'hidden_continuous_size': 49, 'attention_head_size': 3, 'learning_rate': 0.01018588024653999}. Best is trial 88 with value: 10.20269775390625.
LOCAL_RANK: 0 - CUDA_VISIBLE_DEVICES: [0]
[I 2023-11-30 03:53:26,178] Trial 145 finished with value: 14.975738525390625 and parameters: {'gradient_clip_val': 0.34337059209130694, 'hidden_size': 115, 'dropout': 0.35967545536498374, 'hidden_continuous_size': 43, 'attention_head_size': 3, 'learning_rate': 0.0065642994655395435}. Best is trial 88 with value: 10.20269775390625.
LOCAL_RANK: 0 - CUDA_VISIBLE_DEVICES: [0]
[I 2023-11-30 03:53:40,146] Trial 146 finished with value: 16.202219009399414 and parameters: {'gradient_clip_val': 0.18419793257214614, 'hidden_size': 106, 'dropout': 0.34278603245919237, 'hidden_continuous_size': 59, 'attention_head_size': 3, 'learning_rate': 0.007302503359150113}. Best is trial 88 with value: 10.20269775390625.
LOCAL_RANK: 0 - CUDA_VISIBLE_DEVICES: [0]
[I 2023-11-30 03:53:54,138] Trial 147 finished with value: 15.260035514831543 and parameters: {'gradient_clip_val': 0.22876621337102307, 'hidden_size': 90, 'dropout': 0.36436308046161886, 'hidden_continuous_size': 38, 'attention_head_size': 4, 'learning_rate': 0.013148714537745798}. Best is trial 88 with value: 10.20269775390625.
LOCAL_RANK: 0 - CUDA_VISIBLE_DEVICES: [0]
[I 2023-11-30 03:54:07,974] Trial 148 finished with value: 16.919231414794922 and parameters: {'gradient_clip_val': 0.3203549558827011, 'hidden_size': 65, 'dropout': 0.3538579868846817, 'hidden_continuous_size': 62, 'attention_head_size': 4, 'learning_rate': 0.005503276668853448}. Best is trial 88 with value: 10.20269775390625.
LOCAL_RANK: 0 - CUDA_VISIBLE_DEVICES: [0]
[I 2023-11-30 03:54:21,768] Trial 149 finished with value: 13.459907531738281 and parameters: {'gradient_clip_val': 0.2944470437558298, 'hidden_size': 84, 'dropout': 0.37276806397902473, 'hidden_continuous_size': 47, 'attention_head_size': 3, 'learning_rate': 0.008116126050051527}. Best is trial 88 with value: 10.20269775390625.
[I 2023-11-30 03:54:21,879] A new study created in memory with name: no-name-de0700c6-52c0-40e7-a77d-7e2588ed06c2
/home/le004/conda/anaconda3/envs/tsff_env/lib/python3.9/site-packages/lightning/fabric/plugins/environments/slurm.py:191: The `srun` command is available on your system but is not used. HINT: If your intention is to run Lightning on SLURM, prepend your python command with `srun` like so: srun python /home/le004/master_thesis/git/TSFusionForecast/code/ ...
LOCAL_RANK: 0 - CUDA_VISIBLE_DEVICES: [0]
[I 2023-11-30 03:54:32,162] Trial 0 finished with value: 412.4007263183594 and parameters: {'gradient_clip_val': 0.6954932562464782, 'hidden_size': 11, 'dropout': 0.12912219070393632, 'hidden_continuous_size': 11, 'attention_head_size': 2, 'learning_rate': 0.0017350864383237875}. Best is trial 0 with value: 412.4007263183594.
LOCAL_RANK: 0 - CUDA_VISIBLE_DEVICES: [0]
[I 2023-11-30 03:54:44,970] Trial 1 finished with value: 139.2208709716797 and parameters: {'gradient_clip_val': 0.13881444573759738, 'hidden_size': 42, 'dropout': 0.20322882678561066, 'hidden_continuous_size': 12, 'attention_head_size': 3, 'learning_rate': 0.004255766157533729}. Best is trial 1 with value: 139.2208709716797.
LOCAL_RANK: 0 - CUDA_VISIBLE_DEVICES: [0]
[I 2023-11-30 03:54:58,861] Trial 2 finished with value: 129.7534942626953 and parameters: {'gradient_clip_val': 0.5517607456112481, 'hidden_size': 140, 'dropout': 0.11009111684518356, 'hidden_continuous_size': 27, 'attention_head_size': 2, 'learning_rate': 0.002003581615907233}. Best is trial 2 with value: 129.7534942626953.
LOCAL_RANK: 0 - CUDA_VISIBLE_DEVICES: [0]
[I 2023-11-30 03:55:08,889] Trial 3 finished with value: 345.9610290527344 and parameters: {'gradient_clip_val': 0.3598747008893856, 'hidden_size': 10, 'dropout': 0.3372819202397211, 'hidden_continuous_size': 10, 'attention_head_size': 1, 'learning_rate': 0.004420686283853311}. Best is trial 2 with value: 129.7534942626953.
LOCAL_RANK: 0 - CUDA_VISIBLE_DEVICES: [0]
[I 2023-11-30 03:55:21,016] Trial 4 finished with value: 355.8332824707031 and parameters: {'gradient_clip_val': 0.16962834394850732, 'hidden_size': 14, 'dropout': 0.17814415959882973, 'hidden_continuous_size': 11, 'attention_head_size': 2, 'learning_rate': 0.0010491923215156097}. Best is trial 2 with value: 129.7534942626953.
LOCAL_RANK: 0 - CUDA_VISIBLE_DEVICES: [0]
[I 2023-11-30 03:55:34,261] Trial 5 finished with value: 181.3047332763672 and parameters: {'gradient_clip_val': 0.17786711494535568, 'hidden_size': 45, 'dropout': 0.302039401047308, 'hidden_continuous_size': 37, 'attention_head_size': 1, 'learning_rate': 0.0012395688708873361}. Best is trial 2 with value: 129.7534942626953.
LOCAL_RANK: 0 - CUDA_VISIBLE_DEVICES: [0]
[I 2023-11-30 03:55:44,248] Trial 6 finished with value: 370.6524353027344 and parameters: {'gradient_clip_val': 0.21908159481038042, 'hidden_size': 10, 'dropout': 0.29914551009593604, 'hidden_continuous_size': 10, 'attention_head_size': 2, 'learning_rate': 0.0027886002695834194}. Best is trial 2 with value: 129.7534942626953.
LOCAL_RANK: 0 - CUDA_VISIBLE_DEVICES: [0]
[I 2023-11-30 03:55:57,352] Trial 7 finished with value: 110.0154800415039 and parameters: {'gradient_clip_val': 0.2527200757850289, 'hidden_size': 73, 'dropout': 0.3514867939362645, 'hidden_continuous_size': 11, 'attention_head_size': 3, 'learning_rate': 0.055981642904599054}. Best is trial 7 with value: 110.0154800415039.
LOCAL_RANK: 0 - CUDA_VISIBLE_DEVICES: [0]
[I 2023-11-30 03:56:11,066] Trial 8 finished with value: 136.7324981689453 and parameters: {'gradient_clip_val': 0.1042082472433553, 'hidden_size': 81, 'dropout': 0.38720037026795906, 'hidden_continuous_size': 40, 'attention_head_size': 4, 'learning_rate': 0.00876568589140576}. Best is trial 7 with value: 110.0154800415039.
LOCAL_RANK: 0 - CUDA_VISIBLE_DEVICES: [0]
[I 2023-11-30 03:56:24,138] Trial 9 finished with value: 108.67083740234375 and parameters: {'gradient_clip_val': 0.10725128224676776, 'hidden_size': 46, 'dropout': 0.3676580811065382, 'hidden_continuous_size': 34, 'attention_head_size': 3, 'learning_rate': 0.07685178980074345}. Best is trial 9 with value: 108.67083740234375.
LOCAL_RANK: 0 - CUDA_VISIBLE_DEVICES: [0]
[I 2023-11-30 03:56:36,493] Trial 10 finished with value: 96.7619857788086 and parameters: {'gradient_clip_val': 0.3554791614489859, 'hidden_size': 23, 'dropout': 0.39075629905148596, 'hidden_continuous_size': 17, 'attention_head_size': 4, 'learning_rate': 0.09672635778610533}. Best is trial 10 with value: 96.7619857788086.
LOCAL_RANK: 0 - CUDA_VISIBLE_DEVICES: [0]
[I 2023-11-30 03:56:48,890] Trial 11 finished with value: 114.56829833984375 and parameters: {'gradient_clip_val': 0.3656641386290901, 'hidden_size': 23, 'dropout': 0.3904805288881384, 'hidden_continuous_size': 16, 'attention_head_size': 4, 'learning_rate': 0.09880101540879921}. Best is trial 10 with value: 96.7619857788086.
LOCAL_RANK: 0 - CUDA_VISIBLE_DEVICES: [0]
[I 2023-11-30 03:57:01,354] Trial 12 finished with value: 117.96282958984375 and parameters: {'gradient_clip_val': 0.11252600641590686, 'hidden_size': 25, 'dropout': 0.3891805469495262, 'hidden_continuous_size': 18, 'attention_head_size': 4, 'learning_rate': 0.03737745010813087}. Best is trial 10 with value: 96.7619857788086.
LOCAL_RANK: 0 - CUDA_VISIBLE_DEVICES: [0]
[I 2023-11-30 03:57:13,874] Trial 13 finished with value: 107.7199935913086 and parameters: {'gradient_clip_val': 0.2951589164561718, 'hidden_size': 27, 'dropout': 0.27227161607090655, 'hidden_continuous_size': 18, 'attention_head_size': 3, 'learning_rate': 0.028996796468984797}. Best is trial 10 with value: 96.7619857788086.
LOCAL_RANK: 0 - CUDA_VISIBLE_DEVICES: [0]
[I 2023-11-30 03:57:26,326] Trial 14 finished with value: 132.93104553222656 and parameters: {'gradient_clip_val': 0.45774901031295034, 'hidden_size': 21, 'dropout': 0.2885951231331867, 'hidden_continuous_size': 16, 'attention_head_size': 4, 'learning_rate': 0.023885958422180942}. Best is trial 10 with value: 96.7619857788086.
LOCAL_RANK: 0 - CUDA_VISIBLE_DEVICES: [0]
[I 2023-11-30 03:57:38,597] Trial 15 finished with value: 107.2839126586914 and parameters: {'gradient_clip_val': 0.2857249282869416, 'hidden_size': 28, 'dropout': 0.2380024947739438, 'hidden_continuous_size': 19, 'attention_head_size': 3, 'learning_rate': 0.024972780153058243}. Best is trial 10 with value: 96.7619857788086.
LOCAL_RANK: 0 - CUDA_VISIBLE_DEVICES: [0]
[I 2023-11-30 03:57:51,031] Trial 16 finished with value: 154.98646545410156 and parameters: {'gradient_clip_val': 0.9124783118434487, 'hidden_size': 17, 'dropout': 0.24294266977851606, 'hidden_continuous_size': 14, 'attention_head_size': 4, 'learning_rate': 0.016789139491311385}. Best is trial 10 with value: 96.7619857788086.
LOCAL_RANK: 0 - CUDA_VISIBLE_DEVICES: [0]
[I 2023-11-30 03:58:03,735] Trial 17 finished with value: 113.40409088134766 and parameters: {'gradient_clip_val': 0.30618263756370634, 'hidden_size': 31, 'dropout': 0.32454762186438146, 'hidden_continuous_size': 21, 'attention_head_size': 3, 'learning_rate': 0.05230094642526602}. Best is trial 10 with value: 96.7619857788086.
LOCAL_RANK: 0 - CUDA_VISIBLE_DEVICES: [0]
[I 2023-11-30 03:58:15,972] Trial 18 finished with value: 148.1309356689453 and parameters: {'gradient_clip_val': 0.44940607952659806, 'hidden_size': 19, 'dropout': 0.24682781302295775, 'hidden_continuous_size': 13, 'attention_head_size': 4, 'learning_rate': 0.016093682965995695}. Best is trial 10 with value: 96.7619857788086.
LOCAL_RANK: 0 - CUDA_VISIBLE_DEVICES: [0]
[I 2023-11-30 03:58:28,050] Trial 19 finished with value: 121.80542755126953 and parameters: {'gradient_clip_val': 0.2753016375442129, 'hidden_size': 17, 'dropout': 0.3379954576495392, 'hidden_continuous_size': 13, 'attention_head_size': 3, 'learning_rate': 0.04818987334824701}. Best is trial 10 with value: 96.7619857788086.
LOCAL_RANK: 0 - CUDA_VISIBLE_DEVICES: [0]
[I 2023-11-30 03:58:40,990] Trial 20 finished with value: 109.3798828125 and parameters: {'gradient_clip_val': 0.22227205721704357, 'hidden_size': 33, 'dropout': 0.22556489212448486, 'hidden_continuous_size': 21, 'attention_head_size': 4, 'learning_rate': 0.08838054493796334}. Best is trial 10 with value: 96.7619857788086.
LOCAL_RANK: 0 - CUDA_VISIBLE_DEVICES: [0]
[I 2023-11-30 03:58:53,525] Trial 21 finished with value: 119.05001068115234 and parameters: {'gradient_clip_val': 0.33201492177235103, 'hidden_size': 27, 'dropout': 0.26313683427257717, 'hidden_continuous_size': 19, 'attention_head_size': 3, 'learning_rate': 0.029035295352493426}. Best is trial 10 with value: 96.7619857788086.
LOCAL_RANK: 0 - CUDA_VISIBLE_DEVICES: [0]
[I 2023-11-30 03:59:06,037] Trial 22 finished with value: 125.16939544677734 and parameters: {'gradient_clip_val': 0.2766145609556908, 'hidden_size': 30, 'dropout': 0.27195089995255073, 'hidden_continuous_size': 16, 'attention_head_size': 3, 'learning_rate': 0.029973511780296593}. Best is trial 10 with value: 96.7619857788086.
LOCAL_RANK: 0 - CUDA_VISIBLE_DEVICES: [0]
[I 2023-11-30 03:59:18,359] Trial 23 finished with value: 113.7803955078125 and parameters: {'gradient_clip_val': 0.4253276357173863, 'hidden_size': 23, 'dropout': 0.31112766426447797, 'hidden_continuous_size': 17, 'attention_head_size': 3, 'learning_rate': 0.06771714352875442}. Best is trial 10 with value: 96.7619857788086.
LOCAL_RANK: 0 - CUDA_VISIBLE_DEVICES: [0]
[I 2023-11-30 03:59:31,037] Trial 24 finished with value: 115.8584976196289 and parameters: {'gradient_clip_val': 0.3261129559007755, 'hidden_size': 38, 'dropout': 0.2759192977116783, 'hidden_continuous_size': 21, 'attention_head_size': 2, 'learning_rate': 0.03901254815915622}. Best is trial 10 with value: 96.7619857788086.
LOCAL_RANK: 0 - CUDA_VISIBLE_DEVICES: [0]
[I 2023-11-30 03:59:43,410] Trial 25 finished with value: 137.43896484375 and parameters: {'gradient_clip_val': 0.2230885705587428, 'hidden_size': 14, 'dropout': 0.3184058212610106, 'hidden_continuous_size': 11, 'attention_head_size': 3, 'learning_rate': 0.019914919546224062}. Best is trial 10 with value: 96.7619857788086.
LOCAL_RANK: 0 - CUDA_VISIBLE_DEVICES: [0]
[I 2023-11-30 03:59:55,841] Trial 26 finished with value: 137.509033203125 and parameters: {'gradient_clip_val': 0.3814131710000165, 'hidden_size': 26, 'dropout': 0.3581012899745387, 'hidden_continuous_size': 15, 'attention_head_size': 4, 'learning_rate': 0.011816580116675777}. Best is trial 10 with value: 96.7619857788086.
LOCAL_RANK: 0 - CUDA_VISIBLE_DEVICES: [0]
[I 2023-11-30 04:00:08,363] Trial 27 finished with value: 102.53924560546875 and parameters: {'gradient_clip_val': 0.2985807841506388, 'hidden_size': 32, 'dropout': 0.2933859649527742, 'hidden_continuous_size': 19, 'attention_head_size': 3, 'learning_rate': 0.042353093723781036}. Best is trial 10 with value: 96.7619857788086.
LOCAL_RANK: 0 - CUDA_VISIBLE_DEVICES: [0]
[I 2023-11-30 04:00:20,969] Trial 28 finished with value: 120.99723052978516 and parameters: {'gradient_clip_val': 0.5578563015488734, 'hidden_size': 35, 'dropout': 0.39867575579947234, 'hidden_continuous_size': 23, 'attention_head_size': 2, 'learning_rate': 0.05485152683400089}. Best is trial 10 with value: 96.7619857788086.
LOCAL_RANK: 0 - CUDA_VISIBLE_DEVICES: [0]
[I 2023-11-30 04:00:33,137] Trial 29 finished with value: 143.9814910888672 and parameters: {'gradient_clip_val': 0.255462525225309, 'hidden_size': 13, 'dropout': 0.16065389044215675, 'hidden_continuous_size': 10, 'attention_head_size': 4, 'learning_rate': 0.09649011773702619}. Best is trial 10 with value: 96.7619857788086.
LOCAL_RANK: 0 - CUDA_VISIBLE_DEVICES: [0]
[I 2023-11-30 04:00:45,405] Trial 30 finished with value: 102.16869354248047 and parameters: {'gradient_clip_val': 0.4003773294636858, 'hidden_size': 19, 'dropout': 0.23202844344006543, 'hidden_continuous_size': 15, 'attention_head_size': 3, 'learning_rate': 0.06306710439101124}. Best is trial 10 with value: 96.7619857788086.
LOCAL_RANK: 0 - CUDA_VISIBLE_DEVICES: [0]
[I 2023-11-30 04:00:57,655] Trial 31 finished with value: 112.6037826538086 and parameters: {'gradient_clip_val': 0.3941750964161653, 'hidden_size': 20, 'dropout': 0.24595756851222705, 'hidden_continuous_size': 14, 'attention_head_size': 3, 'learning_rate': 0.07268049411814746}. Best is trial 10 with value: 96.7619857788086.
LOCAL_RANK: 0 - CUDA_VISIBLE_DEVICES: [0]
[I 2023-11-30 04:01:09,919] Trial 32 finished with value: 116.198974609375 and parameters: {'gradient_clip_val': 0.3352503132484226, 'hidden_size': 17, 'dropout': 0.2164866374790211, 'hidden_continuous_size': 14, 'attention_head_size': 3, 'learning_rate': 0.04305963447813065}. Best is trial 10 with value: 96.7619857788086.
LOCAL_RANK: 0 - CUDA_VISIBLE_DEVICES: [0]
[I 2023-11-30 04:01:22,018] Trial 33 finished with value: 104.95406341552734 and parameters: {'gradient_clip_val': 0.5378142556106027, 'hidden_size': 22, 'dropout': 0.19417647621447104, 'hidden_continuous_size': 15, 'attention_head_size': 2, 'learning_rate': 0.06430047294821628}. Best is trial 10 with value: 96.7619857788086.
LOCAL_RANK: 0 - CUDA_VISIBLE_DEVICES: [0]
[I 2023-11-30 04:01:34,014] Trial 34 finished with value: 106.1275863647461 and parameters: {'gradient_clip_val': 0.5497091442083384, 'hidden_size': 22, 'dropout': 0.1906560175323424, 'hidden_continuous_size': 15, 'attention_head_size': 1, 'learning_rate': 0.06788034832857433}. Best is trial 10 with value: 96.7619857788086.
LOCAL_RANK: 0 - CUDA_VISIBLE_DEVICES: [0]
[I 2023-11-30 04:01:45,890] Trial 35 finished with value: 122.77693939208984 and parameters: {'gradient_clip_val': 0.5233211849422613, 'hidden_size': 12, 'dropout': 0.21186025602291508, 'hidden_continuous_size': 11, 'attention_head_size': 2, 'learning_rate': 0.06434520011065234}. Best is trial 10 with value: 96.7619857788086.
LOCAL_RANK: 0 - CUDA_VISIBLE_DEVICES: [0]
[I 2023-11-30 04:01:58,045] Trial 36 finished with value: 118.67413330078125 and parameters: {'gradient_clip_val': 0.6452840963754287, 'hidden_size': 19, 'dropout': 0.16362886329066217, 'hidden_continuous_size': 15, 'attention_head_size': 2, 'learning_rate': 0.038724642892592885}. Best is trial 10 with value: 96.7619857788086.
LOCAL_RANK: 0 - CUDA_VISIBLE_DEVICES: [0]
[I 2023-11-30 04:02:09,995] Trial 37 finished with value: 97.06604766845703 and parameters: {'gradient_clip_val': 0.4762914073260366, 'hidden_size': 15, 'dropout': 0.20099875968084518, 'hidden_continuous_size': 12, 'attention_head_size': 1, 'learning_rate': 0.0833135741288259}. Best is trial 10 with value: 96.7619857788086.
LOCAL_RANK: 0 - CUDA_VISIBLE_DEVICES: [0]
