[I 2023-11-30 04:26:52,168] Trial 5 finished with value: 21.246788024902344 and parameters: {'gradient_clip_val': 0.20377713756884597, 'hidden_size': 44, 'dropout': 0.36881611115272284, 'hidden_continuous_size': 38, 'attention_head_size': 1, 'learning_rate': 0.017821261168917933}. Best is trial 1 with value: 9.612277030944824.
LOCAL_RANK: 0 - CUDA_VISIBLE_DEVICES: [0]
[I 2023-11-30 04:27:05,598] Trial 6 finished with value: 17.18244171142578 and parameters: {'gradient_clip_val': 0.7721178494620239, 'hidden_size': 94, 'dropout': 0.23543779000795026, 'hidden_continuous_size': 13, 'attention_head_size': 3, 'learning_rate': 0.03456795129688081}. Best is trial 1 with value: 9.612277030944824.
LOCAL_RANK: 0 - CUDA_VISIBLE_DEVICES: [0]
[I 2023-11-30 04:27:18,350] Trial 7 finished with value: 18.10676383972168 and parameters: {'gradient_clip_val': 0.33759015765926426, 'hidden_size': 32, 'dropout': 0.20354040266995188, 'hidden_continuous_size': 28, 'attention_head_size': 3, 'learning_rate': 0.07377635568387143}. Best is trial 1 with value: 9.612277030944824.
LOCAL_RANK: 0 - CUDA_VISIBLE_DEVICES: [0]
[I 2023-11-30 04:27:30,317] Trial 8 finished with value: 16.5513916015625 and parameters: {'gradient_clip_val': 0.7968902544615539, 'hidden_size': 22, 'dropout': 0.3954450240853594, 'hidden_continuous_size': 10, 'attention_head_size': 1, 'learning_rate': 0.09112331663945984}. Best is trial 1 with value: 9.612277030944824.
LOCAL_RANK: 0 - CUDA_VISIBLE_DEVICES: [0]
[I 2023-11-30 04:27:42,786] Trial 9 finished with value: 22.620407104492188 and parameters: {'gradient_clip_val': 0.19858937034553756, 'hidden_size': 28, 'dropout': 0.1730263979422466, 'hidden_continuous_size': 25, 'attention_head_size': 4, 'learning_rate': 0.033820803411964216}. Best is trial 1 with value: 9.612277030944824.
LOCAL_RANK: 0 - CUDA_VISIBLE_DEVICES: [0]
[I 2023-11-30 04:27:57,171] Trial 10 finished with value: 14.704752922058105 and parameters: {'gradient_clip_val': 0.37099062993691856, 'hidden_size': 140, 'dropout': 0.2924452710388743, 'hidden_continuous_size': 90, 'attention_head_size': 2, 'learning_rate': 0.0014044525277972163}. Best is trial 1 with value: 9.612277030944824.
LOCAL_RANK: 0 - CUDA_VISIBLE_DEVICES: [0]
[I 2023-11-30 04:28:11,224] Trial 11 finished with value: 11.226165771484375 and parameters: {'gradient_clip_val': 0.10376325998349731, 'hidden_size': 128, 'dropout': 0.330309676999376, 'hidden_continuous_size': 58, 'attention_head_size': 4, 'learning_rate': 0.01447003366076081}. Best is trial 1 with value: 9.612277030944824.
LOCAL_RANK: 0 - CUDA_VISIBLE_DEVICES: [0]
[I 2023-11-30 04:28:24,341] Trial 12 finished with value: 11.150681495666504 and parameters: {'gradient_clip_val': 0.4225574896452932, 'hidden_size': 58, 'dropout': 0.32795662447546303, 'hidden_continuous_size': 18, 'attention_head_size': 2, 'learning_rate': 0.020178517509204377}. Best is trial 1 with value: 9.612277030944824.
LOCAL_RANK: 0 - CUDA_VISIBLE_DEVICES: [0]
[I 2023-11-30 04:28:36,695] Trial 13 finished with value: 24.408288955688477 and parameters: {'gradient_clip_val': 0.238350715975303, 'hidden_size': 17, 'dropout': 0.33835321734539203, 'hidden_continuous_size': 12, 'attention_head_size': 4, 'learning_rate': 0.009170526169490835}. Best is trial 1 with value: 9.612277030944824.
LOCAL_RANK: 0 - CUDA_VISIBLE_DEVICES: [0]
[I 2023-11-30 04:28:50,289] Trial 14 finished with value: 9.954193115234375 and parameters: {'gradient_clip_val': 0.2749221086339073, 'hidden_size': 80, 'dropout': 0.28212333446416976, 'hidden_continuous_size': 33, 'attention_head_size': 3, 'learning_rate': 0.026767076769689414}. Best is trial 1 with value: 9.612277030944824.
LOCAL_RANK: 0 - CUDA_VISIBLE_DEVICES: [0]
[I 2023-11-30 04:29:03,999] Trial 15 finished with value: 14.060428619384766 and parameters: {'gradient_clip_val': 0.27237073100028364, 'hidden_size': 95, 'dropout': 0.2742691201112512, 'hidden_continuous_size': 32, 'attention_head_size': 2, 'learning_rate': 0.010571669446017456}. Best is trial 1 with value: 9.612277030944824.
LOCAL_RANK: 0 - CUDA_VISIBLE_DEVICES: [0]
[I 2023-11-30 04:29:17,872] Trial 16 finished with value: 19.36811065673828 and parameters: {'gradient_clip_val': 0.4803867916896655, 'hidden_size': 89, 'dropout': 0.24976920839506667, 'hidden_continuous_size': 37, 'attention_head_size': 3, 'learning_rate': 0.06103660747691054}. Best is trial 1 with value: 9.612277030944824.
LOCAL_RANK: 0 - CUDA_VISIBLE_DEVICES: [0]
[I 2023-11-30 04:29:32,534] Trial 17 finished with value: 13.020252227783203 and parameters: {'gradient_clip_val': 0.3039390658117532, 'hidden_size': 147, 'dropout': 0.29528599914087744, 'hidden_continuous_size': 73, 'attention_head_size': 2, 'learning_rate': 0.02412240651868094}. Best is trial 1 with value: 9.612277030944824.
LOCAL_RANK: 0 - CUDA_VISIBLE_DEVICES: [0]
[I 2023-11-30 04:29:46,134] Trial 18 finished with value: 13.849926948547363 and parameters: {'gradient_clip_val': 0.5464014383685468, 'hidden_size': 71, 'dropout': 0.21841082958935537, 'hidden_continuous_size': 45, 'attention_head_size': 3, 'learning_rate': 0.053351423654354725}. Best is trial 1 with value: 9.612277030944824.
LOCAL_RANK: 0 - CUDA_VISIBLE_DEVICES: [0]
[I 2023-11-30 04:29:59,116] Trial 19 finished with value: 11.12286376953125 and parameters: {'gradient_clip_val': 0.9279999786968092, 'hidden_size': 47, 'dropout': 0.2569380875851801, 'hidden_continuous_size': 29, 'attention_head_size': 2, 'learning_rate': 0.04882883723109679}. Best is trial 1 with value: 9.612277030944824.
LOCAL_RANK: 0 - CUDA_VISIBLE_DEVICES: [0]
[I 2023-11-30 04:30:12,733] Trial 20 finished with value: 14.770713806152344 and parameters: {'gradient_clip_val': 0.36589360956357997, 'hidden_size': 80, 'dropout': 0.29470374517277853, 'hidden_continuous_size': 50, 'attention_head_size': 3, 'learning_rate': 0.09861109757921357}. Best is trial 1 with value: 9.612277030944824.
LOCAL_RANK: 0 - CUDA_VISIBLE_DEVICES: [0]
[I 2023-11-30 04:30:26,809] Trial 21 finished with value: 12.6084623336792 and parameters: {'gradient_clip_val': 0.1472393557526561, 'hidden_size': 111, 'dropout': 0.350720981062332, 'hidden_continuous_size': 19, 'attention_head_size': 4, 'learning_rate': 0.03349044612809807}. Best is trial 1 with value: 9.612277030944824.
LOCAL_RANK: 0 - CUDA_VISIBLE_DEVICES: [0]
[I 2023-11-30 04:30:40,720] Trial 22 finished with value: 24.544891357421875 and parameters: {'gradient_clip_val': 0.2650235565141051, 'hidden_size': 115, 'dropout': 0.31693368329337757, 'hidden_continuous_size': 23, 'attention_head_size': 4, 'learning_rate': 0.024760311912071394}. Best is trial 1 with value: 9.612277030944824.
LOCAL_RANK: 0 - CUDA_VISIBLE_DEVICES: [0]
[I 2023-11-30 04:30:54,182] Trial 23 finished with value: 16.395347595214844 and parameters: {'gradient_clip_val': 0.3199454892154696, 'hidden_size': 58, 'dropout': 0.36237448802606076, 'hidden_continuous_size': 34, 'attention_head_size': 4, 'learning_rate': 0.02386531092571335}. Best is trial 1 with value: 9.612277030944824.
LOCAL_RANK: 0 - CUDA_VISIBLE_DEVICES: [0]
[I 2023-11-30 04:31:08,286] Trial 24 finished with value: 18.310672760009766 and parameters: {'gradient_clip_val': 0.4146361070811946, 'hidden_size': 148, 'dropout': 0.3894919590704795, 'hidden_continuous_size': 17, 'attention_head_size': 3, 'learning_rate': 0.013784342783284512}. Best is trial 1 with value: 9.612277030944824.
LOCAL_RANK: 0 - CUDA_VISIBLE_DEVICES: [0]
[I 2023-11-30 04:31:21,959] Trial 25 finished with value: 16.3226375579834 and parameters: {'gradient_clip_val': 0.13950669542151103, 'hidden_size': 109, 'dropout': 0.31674820737515585, 'hidden_continuous_size': 27, 'attention_head_size': 2, 'learning_rate': 0.03381562443476186}. Best is trial 1 with value: 9.612277030944824.
LOCAL_RANK: 0 - CUDA_VISIBLE_DEVICES: [0]
[I 2023-11-30 04:31:35,318] Trial 26 finished with value: 14.469649314880371 and parameters: {'gradient_clip_val': 0.23182560890821882, 'hidden_size': 72, 'dropout': 0.3761999843178811, 'hidden_continuous_size': 32, 'attention_head_size': 3, 'learning_rate': 0.043691126062828975}. Best is trial 1 with value: 9.612277030944824.
LOCAL_RANK: 0 - CUDA_VISIBLE_DEVICES: [0]
[I 2023-11-30 04:31:48,514] Trial 27 finished with value: 16.225679397583008 and parameters: {'gradient_clip_val': 0.27905051555026456, 'hidden_size': 42, 'dropout': 0.35392182995493243, 'hidden_continuous_size': 21, 'attention_head_size': 4, 'learning_rate': 0.06962342446475708}. Best is trial 1 with value: 9.612277030944824.
LOCAL_RANK: 0 - CUDA_VISIBLE_DEVICES: [0]
[I 2023-11-30 04:32:01,142] Trial 28 finished with value: 13.398016929626465 and parameters: {'gradient_clip_val': 0.1885252992202183, 'hidden_size': 35, 'dropout': 0.31503287515965755, 'hidden_continuous_size': 25, 'attention_head_size': 1, 'learning_rate': 0.015219745550934744}. Best is trial 1 with value: 9.612277030944824.
LOCAL_RANK: 0 - CUDA_VISIBLE_DEVICES: [0]
[I 2023-11-30 04:32:13,950] Trial 29 finished with value: 10.575224876403809 and parameters: {'gradient_clip_val': 0.6411869233498962, 'hidden_size': 52, 'dropout': 0.3439627721360865, 'hidden_continuous_size': 21, 'attention_head_size': 2, 'learning_rate': 0.009740899317628622}. Best is trial 1 with value: 9.612277030944824.
LOCAL_RANK: 0 - CUDA_VISIBLE_DEVICES: [0]
[I 2023-11-30 04:32:27,541] Trial 30 finished with value: 11.476249694824219 and parameters: {'gradient_clip_val': 0.2333214680496131, 'hidden_size': 84, 'dropout': 0.39691188726111687, 'hidden_continuous_size': 40, 'attention_head_size': 3, 'learning_rate': 0.025498858422846417}. Best is trial 1 with value: 9.612277030944824.
LOCAL_RANK: 0 - CUDA_VISIBLE_DEVICES: [0]
[I 2023-11-30 04:32:40,453] Trial 31 finished with value: 10.501972198486328 and parameters: {'gradient_clip_val': 0.6086278918378214, 'hidden_size': 50, 'dropout': 0.34521717403937136, 'hidden_continuous_size': 21, 'attention_head_size': 2, 'learning_rate': 0.009171935147120794}. Best is trial 1 with value: 9.612277030944824.
LOCAL_RANK: 0 - CUDA_VISIBLE_DEVICES: [0]
[I 2023-11-30 04:32:53,749] Trial 32 finished with value: 9.903544425964355 and parameters: {'gradient_clip_val': 0.6007845710206775, 'hidden_size': 64, 'dropout': 0.37420964590730965, 'hidden_continuous_size': 30, 'attention_head_size': 2, 'learning_rate': 0.004570506923969627}. Best is trial 1 with value: 9.612277030944824.
LOCAL_RANK: 0 - CUDA_VISIBLE_DEVICES: [0]
[I 2023-11-30 04:33:06,976] Trial 33 finished with value: 15.808479309082031 and parameters: {'gradient_clip_val': 0.4746392809879068, 'hidden_size': 66, 'dropout': 0.3710911724188367, 'hidden_continuous_size': 30, 'attention_head_size': 1, 'learning_rate': 0.005732801176425612}. Best is trial 1 with value: 9.612277030944824.
LOCAL_RANK: 0 - CUDA_VISIBLE_DEVICES: [0]
[I 2023-11-30 04:33:19,629] Trial 34 finished with value: 20.679288864135742 and parameters: {'gradient_clip_val': 0.5156861720273509, 'hidden_size': 40, 'dropout': 0.37994772811540917, 'hidden_continuous_size': 31, 'attention_head_size': 2, 'learning_rate': 0.003177371773434585}. Best is trial 1 with value: 9.612277030944824.
LOCAL_RANK: 0 - CUDA_VISIBLE_DEVICES: [0]
[I 2023-11-30 04:33:32,933] Trial 35 finished with value: 12.885510444641113 and parameters: {'gradient_clip_val': 0.5943287214368631, 'hidden_size': 76, 'dropout': 0.35783242220429384, 'hidden_continuous_size': 36, 'attention_head_size': 1, 'learning_rate': 0.019705930068432655}. Best is trial 1 with value: 9.612277030944824.
LOCAL_RANK: 0 - CUDA_VISIBLE_DEVICES: [0]
[I 2023-11-30 04:33:46,716] Trial 36 finished with value: 16.813020706176758 and parameters: {'gradient_clip_val': 0.45967414249682875, 'hidden_size': 100, 'dropout': 0.281399090299319, 'hidden_continuous_size': 42, 'attention_head_size': 3, 'learning_rate': 0.028668584117599004}. Best is trial 1 with value: 9.612277030944824.
LOCAL_RANK: 0 - CUDA_VISIBLE_DEVICES: [0]
[I 2023-11-30 04:34:00,166] Trial 37 finished with value: 12.972962379455566 and parameters: {'gradient_clip_val': 0.38806787170595153, 'hidden_size': 61, 'dropout': 0.3736294655148842, 'hidden_continuous_size': 27, 'attention_head_size': 2, 'learning_rate': 0.03953569043041205}. Best is trial 1 with value: 9.612277030944824.
LOCAL_RANK: 0 - CUDA_VISIBLE_DEVICES: [0]
[I 2023-11-30 04:34:14,202] Trial 38 finished with value: 11.394219398498535 and parameters: {'gradient_clip_val': 0.7046396509205971, 'hidden_size': 125, 'dropout': 0.30666672266200756, 'hidden_continuous_size': 49, 'attention_head_size': 3, 'learning_rate': 0.044268882843764186}. Best is trial 1 with value: 9.612277030944824.
LOCAL_RANK: 0 - CUDA_VISIBLE_DEVICES: [0]
[I 2023-11-30 04:34:27,881] Trial 39 finished with value: 22.463333129882812 and parameters: {'gradient_clip_val': 0.33050074452747785, 'hidden_size': 86, 'dropout': 0.2668565291215099, 'hidden_continuous_size': 40, 'attention_head_size': 1, 'learning_rate': 0.016555318363650238}. Best is trial 1 with value: 9.612277030944824.
LOCAL_RANK: 0 - CUDA_VISIBLE_DEVICES: [0]
[I 2023-11-30 04:34:40,088] Trial 40 finished with value: 12.113212585449219 and parameters: {'gradient_clip_val': 0.5553148307856011, 'hidden_size': 28, 'dropout': 0.3275256971046261, 'hidden_continuous_size': 15, 'attention_head_size': 2, 'learning_rate': 0.05812514162353609}. Best is trial 1 with value: 9.612277030944824.
LOCAL_RANK: 0 - CUDA_VISIBLE_DEVICES: [0]
[I 2023-11-30 04:34:53,303] Trial 41 finished with value: 18.077011108398438 and parameters: {'gradient_clip_val': 0.6232839836287828, 'hidden_size': 51, 'dropout': 0.34845163497821763, 'hidden_continuous_size': 34, 'attention_head_size': 2, 'learning_rate': 0.011884086551776326}. Best is trial 1 with value: 9.612277030944824.
LOCAL_RANK: 0 - CUDA_VISIBLE_DEVICES: [0]
[I 2023-11-30 04:35:06,677] Trial 42 finished with value: 11.563342094421387 and parameters: {'gradient_clip_val': 0.7083842062707935, 'hidden_size': 68, 'dropout': 0.3384455648818052, 'hidden_continuous_size': 26, 'attention_head_size': 2, 'learning_rate': 0.019262322750785665}. Best is trial 1 with value: 9.612277030944824.
LOCAL_RANK: 0 - CUDA_VISIBLE_DEVICES: [0]
[I 2023-11-30 04:35:19,597] Trial 43 finished with value: 14.242759704589844 and parameters: {'gradient_clip_val': 0.4270410541784503, 'hidden_size': 47, 'dropout': 0.3893171263893764, 'hidden_continuous_size': 23, 'attention_head_size': 2, 'learning_rate': 0.006649526882689115}. Best is trial 1 with value: 9.612277030944824.
LOCAL_RANK: 0 - CUDA_VISIBLE_DEVICES: [0]
[I 2023-11-30 04:35:32,260] Trial 44 finished with value: 13.616691589355469 and parameters: {'gradient_clip_val': 0.5151391823577736, 'hidden_size': 38, 'dropout': 0.36554739996459656, 'hidden_continuous_size': 29, 'attention_head_size': 2, 'learning_rate': 0.007317530286791872}. Best is trial 1 with value: 9.612277030944824.
LOCAL_RANK: 0 - CUDA_VISIBLE_DEVICES: [0]
[I 2023-11-30 04:35:45,860] Trial 45 finished with value: 10.1792573928833 and parameters: {'gradient_clip_val': 0.36308877536151607, 'hidden_size': 99, 'dropout': 0.28319271558179454, 'hidden_continuous_size': 20, 'attention_head_size': 3, 'learning_rate': 0.004818278501771618}. Best is trial 1 with value: 9.612277030944824.
LOCAL_RANK: 0 - CUDA_VISIBLE_DEVICES: [0]
[I 2023-11-30 04:35:59,754] Trial 46 finished with value: 18.84715461730957 and parameters: {'gradient_clip_val': 0.361560288969755, 'hidden_size': 98, 'dropout': 0.23922153447087557, 'hidden_continuous_size': 24, 'attention_head_size': 3, 'learning_rate': 0.004388374393591486}. Best is trial 1 with value: 9.612277030944824.
LOCAL_RANK: 0 - CUDA_VISIBLE_DEVICES: [0]
[I 2023-11-30 04:36:13,775] Trial 47 finished with value: 14.199170112609863 and parameters: {'gradient_clip_val': 0.30355435659877306, 'hidden_size': 127, 'dropout': 0.2611472941174787, 'hidden_continuous_size': 16, 'attention_head_size': 4, 'learning_rate': 0.002369519352374576}. Best is trial 1 with value: 9.612277030944824.
LOCAL_RANK: 0 - CUDA_VISIBLE_DEVICES: [0]
[I 2023-11-30 04:36:24,039] Trial 48 finished with value: 22.851394653320312 and parameters: {'gradient_clip_val': 0.3561975659981124, 'hidden_size': 10, 'dropout': 0.27920180094447183, 'hidden_continuous_size': 10, 'attention_head_size': 3, 'learning_rate': 0.012004020518256341}. Best is trial 1 with value: 9.612277030944824.
LOCAL_RANK: 0 - CUDA_VISIBLE_DEVICES: [0]
[I 2023-11-30 04:36:37,589] Trial 49 finished with value: 12.881423950195312 and parameters: {'gradient_clip_val': 0.42288051539902394, 'hidden_size': 78, 'dropout': 0.3031799692518234, 'hidden_continuous_size': 20, 'attention_head_size': 4, 'learning_rate': 0.004200387750534628}. Best is trial 1 with value: 9.612277030944824.
LOCAL_RANK: 0 - CUDA_VISIBLE_DEVICES: [0]
[I 2023-11-30 04:36:51,333] Trial 50 finished with value: 19.32771873474121 and parameters: {'gradient_clip_val': 0.3373459417998204, 'hidden_size': 103, 'dropout': 0.2946640649519042, 'hidden_continuous_size': 18, 'attention_head_size': 3, 'learning_rate': 0.0073215758186669505}. Best is trial 1 with value: 9.612277030944824.
LOCAL_RANK: 0 - CUDA_VISIBLE_DEVICES: [0]
[I 2023-11-30 04:37:05,017] Trial 51 finished with value: 13.757614135742188 and parameters: {'gradient_clip_val': 0.5786862711635901, 'hidden_size': 93, 'dropout': 0.284168665799859, 'hidden_continuous_size': 20, 'attention_head_size': 2, 'learning_rate': 0.008717920956877881}. Best is trial 1 with value: 9.612277030944824.
LOCAL_RANK: 0 - CUDA_VISIBLE_DEVICES: [0]
[I 2023-11-30 04:37:18,279] Trial 52 finished with value: 16.746736526489258 and parameters: {'gradient_clip_val': 0.5033375742747098, 'hidden_size': 62, 'dropout': 0.333638024235809, 'hidden_continuous_size': 22, 'attention_head_size': 2, 'learning_rate': 0.005135834404368142}. Best is trial 1 with value: 9.612277030944824.
LOCAL_RANK: 0 - CUDA_VISIBLE_DEVICES: [0]
[I 2023-11-30 04:37:32,361] Trial 53 finished with value: 12.482216835021973 and parameters: {'gradient_clip_val': 0.4569462058527598, 'hidden_size': 133, 'dropout': 0.32673635236938625, 'hidden_continuous_size': 25, 'attention_head_size': 3, 'learning_rate': 0.017136670574941844}. Best is trial 1 with value: 9.612277030944824.
LOCAL_RANK: 0 - CUDA_VISIBLE_DEVICES: [0]
[I 2023-11-30 04:37:44,468] Trial 54 finished with value: 16.452646255493164 and parameters: {'gradient_clip_val': 0.8160753082444998, 'hidden_size': 17, 'dropout': 0.27063311322444783, 'hidden_continuous_size': 15, 'attention_head_size': 2, 'learning_rate': 0.013596812638094596}. Best is trial 1 with value: 9.612277030944824.
LOCAL_RANK: 0 - CUDA_VISIBLE_DEVICES: [0]
[I 2023-11-30 04:37:58,371] Trial 55 finished with value: 17.299001693725586 and parameters: {'gradient_clip_val': 0.3793502554240613, 'hidden_size': 120, 'dropout': 0.39999939928744355, 'hidden_continuous_size': 22, 'attention_head_size': 3, 'learning_rate': 0.028727127303711675}. Best is trial 1 with value: 9.612277030944824.
LOCAL_RANK: 0 - CUDA_VISIBLE_DEVICES: [0]
[I 2023-11-30 04:38:12,164] Trial 56 finished with value: 21.046659469604492 and parameters: {'gradient_clip_val': 0.39658791360289586, 'hidden_size': 88, 'dropout': 0.3461405518789879, 'hidden_continuous_size': 36, 'attention_head_size': 2, 'learning_rate': 0.021771370139294182}. Best is trial 1 with value: 9.612277030944824.
LOCAL_RANK: 0 - CUDA_VISIBLE_DEVICES: [0]
[I 2023-11-30 04:38:25,713] Trial 57 finished with value: 15.704819679260254 and parameters: {'gradient_clip_val': 0.5496304870768142, 'hidden_size': 74, 'dropout': 0.3623191021552903, 'hidden_continuous_size': 28, 'attention_head_size': 4, 'learning_rate': 0.008607458236064068}. Best is trial 1 with value: 9.612277030944824.
LOCAL_RANK: 0 - CUDA_VISIBLE_DEVICES: [0]
[I 2023-11-30 04:38:39,801] Trial 58 finished with value: 11.705180168151855 and parameters: {'gradient_clip_val': 0.10830387106656741, 'hidden_size': 150, 'dropout': 0.2521990431527226, 'hidden_continuous_size': 18, 'attention_head_size': 1, 'learning_rate': 0.011117966021139273}. Best is trial 1 with value: 9.612277030944824.
LOCAL_RANK: 0 - CUDA_VISIBLE_DEVICES: [0]
[I 2023-11-30 04:38:53,721] Trial 59 finished with value: 17.804346084594727 and parameters: {'gradient_clip_val': 0.2960468018668084, 'hidden_size': 110, 'dropout': 0.28947559570116327, 'hidden_continuous_size': 33, 'attention_head_size': 3, 'learning_rate': 0.039118503572069196}. Best is trial 1 with value: 9.612277030944824.
LOCAL_RANK: 0 - CUDA_VISIBLE_DEVICES: [0]
[I 2023-11-30 04:39:06,863] Trial 60 finished with value: 17.26062774658203 and parameters: {'gradient_clip_val': 0.21128994241751872, 'hidden_size': 54, 'dropout': 0.30506563156757477, 'hidden_continuous_size': 31, 'attention_head_size': 2, 'learning_rate': 0.016357980988300283}. Best is trial 1 with value: 9.612277030944824.
LOCAL_RANK: 0 - CUDA_VISIBLE_DEVICES: [0]
[I 2023-11-30 04:39:19,976] Trial 61 finished with value: 10.682852745056152 and parameters: {'gradient_clip_val': 0.629275427024027, 'hidden_size': 55, 'dropout': 0.34381972246341147, 'hidden_continuous_size': 21, 'attention_head_size': 2, 'learning_rate': 0.009399604549829936}. Best is trial 1 with value: 9.612277030944824.
LOCAL_RANK: 0 - CUDA_VISIBLE_DEVICES: [0]
[I 2023-11-30 04:39:33,103] Trial 62 finished with value: 13.640063285827637 and parameters: {'gradient_clip_val': 0.6835945181350186, 'hidden_size': 65, 'dropout': 0.38253038769153247, 'hidden_continuous_size': 19, 'attention_head_size': 2, 'learning_rate': 0.021698873838746253}. Best is trial 1 with value: 9.612277030944824.
LOCAL_RANK: 0 - CUDA_VISIBLE_DEVICES: [0]
[I 2023-11-30 04:39:46,083] Trial 63 finished with value: 9.628971099853516 and parameters: {'gradient_clip_val': 0.647902003026794, 'hidden_size': 47, 'dropout': 0.35370091030975104, 'hidden_continuous_size': 23, 'attention_head_size': 2, 'learning_rate': 0.013849465640777143}. Best is trial 1 with value: 9.612277030944824.
LOCAL_RANK: 0 - CUDA_VISIBLE_DEVICES: [0]
