[I 2023-11-30 05:54:54,129] Trial 115 finished with value: 23.239233016967773 and parameters: {'gradient_clip_val': 0.15900522301178635, 'hidden_size': 33, 'dropout': 0.3494825446399598, 'hidden_continuous_size': 24, 'attention_head_size': 2, 'learning_rate': 0.01415758962703081}. Best is trial 91 with value: 18.860692977905273.
LOCAL_RANK: 0 - CUDA_VISIBLE_DEVICES: [0]
[I 2023-11-30 05:55:06,859] Trial 116 finished with value: 22.4891357421875 and parameters: {'gradient_clip_val': 0.13396827498267908, 'hidden_size': 37, 'dropout': 0.3352389291372193, 'hidden_continuous_size': 27, 'attention_head_size': 2, 'learning_rate': 0.008268211978734168}. Best is trial 91 with value: 18.860692977905273.
LOCAL_RANK: 0 - CUDA_VISIBLE_DEVICES: [0]
[I 2023-11-30 05:55:19,516] Trial 117 finished with value: 28.675241470336914 and parameters: {'gradient_clip_val': 0.1836231238233525, 'hidden_size': 40, 'dropout': 0.3119463290387847, 'hidden_continuous_size': 28, 'attention_head_size': 2, 'learning_rate': 0.011458733944879063}. Best is trial 91 with value: 18.860692977905273.
LOCAL_RANK: 0 - CUDA_VISIBLE_DEVICES: [0]
[I 2023-11-30 05:55:32,072] Trial 118 finished with value: 25.367734909057617 and parameters: {'gradient_clip_val': 0.12501593465167224, 'hidden_size': 42, 'dropout': 0.3238786168726426, 'hidden_continuous_size': 12, 'attention_head_size': 2, 'learning_rate': 0.00504942143673271}. Best is trial 91 with value: 18.860692977905273.
LOCAL_RANK: 0 - CUDA_VISIBLE_DEVICES: [0]
[I 2023-11-30 05:55:44,771] Trial 119 finished with value: 23.5341739654541 and parameters: {'gradient_clip_val': 0.17192575516166883, 'hidden_size': 31, 'dropout': 0.2992945301199601, 'hidden_continuous_size': 25, 'attention_head_size': 2, 'learning_rate': 0.006716017254071457}. Best is trial 91 with value: 18.860692977905273.
LOCAL_RANK: 0 - CUDA_VISIBLE_DEVICES: [0]
[I 2023-11-30 05:55:57,801] Trial 120 finished with value: 23.759557723999023 and parameters: {'gradient_clip_val': 0.26821304856429284, 'hidden_size': 47, 'dropout': 0.34395721016732433, 'hidden_continuous_size': 31, 'attention_head_size': 3, 'learning_rate': 0.00591508006106236}. Best is trial 91 with value: 18.860692977905273.
LOCAL_RANK: 0 - CUDA_VISIBLE_DEVICES: [0]
[I 2023-11-30 05:56:08,040] Trial 121 finished with value: 22.58116340637207 and parameters: {'gradient_clip_val': 0.20257226356576125, 'hidden_size': 22, 'dropout': 0.32245935487558886, 'hidden_continuous_size': 22, 'attention_head_size': 1, 'learning_rate': 0.010552314437823722}. Best is trial 91 with value: 18.860692977905273.
LOCAL_RANK: 0 - CUDA_VISIBLE_DEVICES: [0]
[I 2023-11-30 05:56:20,028] Trial 122 finished with value: 23.471908569335938 and parameters: {'gradient_clip_val': 0.1894698384750899, 'hidden_size': 20, 'dropout': 0.32631403713813356, 'hidden_continuous_size': 13, 'attention_head_size': 1, 'learning_rate': 0.01003171032673661}. Best is trial 91 with value: 18.860692977905273.
LOCAL_RANK: 0 - CUDA_VISIBLE_DEVICES: [0]
[I 2023-11-30 05:56:32,197] Trial 123 finished with value: 23.315902709960938 and parameters: {'gradient_clip_val': 0.24072282179014992, 'hidden_size': 23, 'dropout': 0.3063475929336382, 'hidden_continuous_size': 22, 'attention_head_size': 1, 'learning_rate': 0.008543510752609715}. Best is trial 91 with value: 18.860692977905273.
LOCAL_RANK: 0 - CUDA_VISIBLE_DEVICES: [0]
[I 2023-11-30 05:56:44,799] Trial 124 finished with value: 26.3927059173584 and parameters: {'gradient_clip_val': 0.21592476699413565, 'hidden_size': 29, 'dropout': 0.32933672501950884, 'hidden_continuous_size': 24, 'attention_head_size': 1, 'learning_rate': 0.0112989880954113}. Best is trial 91 with value: 18.860692977905273.
LOCAL_RANK: 0 - CUDA_VISIBLE_DEVICES: [0]
[I 2023-11-30 05:56:56,790] Trial 125 finished with value: 25.08850860595703 and parameters: {'gradient_clip_val': 0.20281061979445872, 'hidden_size': 24, 'dropout': 0.31648947194807675, 'hidden_continuous_size': 23, 'attention_head_size': 1, 'learning_rate': 0.013135491920657692}. Best is trial 91 with value: 18.860692977905273.
LOCAL_RANK: 0 - CUDA_VISIBLE_DEVICES: [0]
[I 2023-11-30 05:57:09,001] Trial 126 finished with value: 21.42195701599121 and parameters: {'gradient_clip_val': 0.1919977897327521, 'hidden_size': 27, 'dropout': 0.3538306692793558, 'hidden_continuous_size': 13, 'attention_head_size': 2, 'learning_rate': 0.0074984766376029206}. Best is trial 91 with value: 18.860692977905273.
LOCAL_RANK: 0 - CUDA_VISIBLE_DEVICES: [0]
[I 2023-11-30 05:57:21,551] Trial 127 finished with value: 24.26064109802246 and parameters: {'gradient_clip_val': 0.17745057597652897, 'hidden_size': 33, 'dropout': 0.3360894564140722, 'hidden_continuous_size': 21, 'attention_head_size': 1, 'learning_rate': 0.009445750872943607}. Best is trial 91 with value: 18.860692977905273.
LOCAL_RANK: 0 - CUDA_VISIBLE_DEVICES: [0]
[I 2023-11-30 05:57:31,786] Trial 128 finished with value: 29.703493118286133 and parameters: {'gradient_clip_val': 0.10016723394346198, 'hidden_size': 21, 'dropout': 0.3603409830305062, 'hidden_continuous_size': 21, 'attention_head_size': 2, 'learning_rate': 0.007924557460483131}. Best is trial 91 with value: 18.860692977905273.
LOCAL_RANK: 0 - CUDA_VISIBLE_DEVICES: [0]
[I 2023-11-30 05:57:44,362] Trial 129 finished with value: 23.376800537109375 and parameters: {'gradient_clip_val': 0.22374775431095154, 'hidden_size': 30, 'dropout': 0.3419225171919661, 'hidden_continuous_size': 25, 'attention_head_size': 2, 'learning_rate': 0.010413476703531451}. Best is trial 91 with value: 18.860692977905273.
LOCAL_RANK: 0 - CUDA_VISIBLE_DEVICES: [0]
[I 2023-11-30 05:57:57,105] Trial 130 finished with value: 23.8283748626709 and parameters: {'gradient_clip_val': 0.1467928300739813, 'hidden_size': 36, 'dropout': 0.28591839430341764, 'hidden_continuous_size': 20, 'attention_head_size': 2, 'learning_rate': 0.008932832790703893}. Best is trial 91 with value: 18.860692977905273.
LOCAL_RANK: 0 - CUDA_VISIBLE_DEVICES: [0]
[I 2023-11-30 05:58:09,760] Trial 131 finished with value: 21.42351531982422 and parameters: {'gradient_clip_val': 0.2536991177682458, 'hidden_size': 34, 'dropout': 0.32758679154245446, 'hidden_continuous_size': 14, 'attention_head_size': 4, 'learning_rate': 0.007410111400730789}. Best is trial 91 with value: 18.860692977905273.
LOCAL_RANK: 0 - CUDA_VISIBLE_DEVICES: [0]
[I 2023-11-30 05:58:22,571] Trial 132 finished with value: 23.646638870239258 and parameters: {'gradient_clip_val': 0.21012015183550448, 'hidden_size': 38, 'dropout': 0.31904042099838925, 'hidden_continuous_size': 22, 'attention_head_size': 4, 'learning_rate': 0.00845008410461202}. Best is trial 91 with value: 18.860692977905273.
LOCAL_RANK: 0 - CUDA_VISIBLE_DEVICES: [0]
[I 2023-11-30 05:58:35,191] Trial 133 finished with value: 25.263391494750977 and parameters: {'gradient_clip_val': 0.24303895875189271, 'hidden_size': 31, 'dropout': 0.3105825202089412, 'hidden_continuous_size': 14, 'attention_head_size': 2, 'learning_rate': 0.006559161465216411}. Best is trial 91 with value: 18.860692977905273.
LOCAL_RANK: 0 - CUDA_VISIBLE_DEVICES: [0]
[I 2023-11-30 05:58:47,792] Trial 134 finished with value: 24.292924880981445 and parameters: {'gradient_clip_val': 0.2277453616833465, 'hidden_size': 25, 'dropout': 0.29448276541928525, 'hidden_continuous_size': 24, 'attention_head_size': 4, 'learning_rate': 0.012004221585849609}. Best is trial 91 with value: 18.860692977905273.
LOCAL_RANK: 0 - CUDA_VISIBLE_DEVICES: [0]
[I 2023-11-30 05:59:00,555] Trial 135 finished with value: 20.588815689086914 and parameters: {'gradient_clip_val': 0.11925152073205615, 'hidden_size': 43, 'dropout': 0.30215536931001175, 'hidden_continuous_size': 19, 'attention_head_size': 2, 'learning_rate': 0.00968417293641167}. Best is trial 91 with value: 18.860692977905273.
LOCAL_RANK: 0 - CUDA_VISIBLE_DEVICES: [0]
[I 2023-11-30 05:59:13,166] Trial 136 finished with value: 21.51609992980957 and parameters: {'gradient_clip_val': 0.11764133214887851, 'hidden_size': 44, 'dropout': 0.3039562674886151, 'hidden_continuous_size': 18, 'attention_head_size': 2, 'learning_rate': 0.010991232671712432}. Best is trial 91 with value: 18.860692977905273.
LOCAL_RANK: 0 - CUDA_VISIBLE_DEVICES: [0]
[I 2023-11-30 05:59:26,142] Trial 137 finished with value: 27.901987075805664 and parameters: {'gradient_clip_val': 0.11262474987025053, 'hidden_size': 51, 'dropout': 0.3170452647174424, 'hidden_continuous_size': 20, 'attention_head_size': 2, 'learning_rate': 0.00975135497057148}. Best is trial 91 with value: 18.860692977905273.
LOCAL_RANK: 0 - CUDA_VISIBLE_DEVICES: [0]
[I 2023-11-30 05:59:38,760] Trial 138 finished with value: 22.041719436645508 and parameters: {'gradient_clip_val': 0.12375935800413677, 'hidden_size': 47, 'dropout': 0.29869790338883195, 'hidden_continuous_size': 11, 'attention_head_size': 2, 'learning_rate': 0.014786640424295642}. Best is trial 91 with value: 18.860692977905273.
LOCAL_RANK: 0 - CUDA_VISIBLE_DEVICES: [0]
[I 2023-11-30 05:59:51,166] Trial 139 finished with value: 23.045045852661133 and parameters: {'gradient_clip_val': 0.1302972559919778, 'hidden_size': 28, 'dropout': 0.33437819021793885, 'hidden_continuous_size': 23, 'attention_head_size': 2, 'learning_rate': 0.008864748665301606}. Best is trial 91 with value: 18.860692977905273.
LOCAL_RANK: 0 - CUDA_VISIBLE_DEVICES: [0]
[I 2023-11-30 06:00:03,801] Trial 140 finished with value: 24.8621768951416 and parameters: {'gradient_clip_val': 0.10882581342119943, 'hidden_size': 41, 'dropout': 0.3073101989977926, 'hidden_continuous_size': 19, 'attention_head_size': 2, 'learning_rate': 0.012935401464526722}. Best is trial 91 with value: 18.860692977905273.
LOCAL_RANK: 0 - CUDA_VISIBLE_DEVICES: [0]
[I 2023-11-30 06:00:16,315] Trial 141 finished with value: 23.384790420532227 and parameters: {'gradient_clip_val': 0.1200402683345971, 'hidden_size': 34, 'dropout': 0.2787041525329608, 'hidden_continuous_size': 16, 'attention_head_size': 2, 'learning_rate': 0.007182582559950211}. Best is trial 91 with value: 18.860692977905273.
LOCAL_RANK: 0 - CUDA_VISIBLE_DEVICES: [0]
[I 2023-11-30 06:00:28,771] Trial 142 finished with value: 22.437578201293945 and parameters: {'gradient_clip_val': 0.20661679752932896, 'hidden_size': 36, 'dropout': 0.3237014867626216, 'hidden_continuous_size': 17, 'attention_head_size': 2, 'learning_rate': 0.007954183615831294}. Best is trial 91 with value: 18.860692977905273.
LOCAL_RANK: 0 - CUDA_VISIBLE_DEVICES: [0]
[I 2023-11-30 06:00:41,376] Trial 143 finished with value: 25.12529945373535 and parameters: {'gradient_clip_val': 0.13762179483938453, 'hidden_size': 39, 'dropout': 0.23966147312975233, 'hidden_continuous_size': 22, 'attention_head_size': 1, 'learning_rate': 0.00960610322315312}. Best is trial 91 with value: 18.860692977905273.
LOCAL_RANK: 0 - CUDA_VISIBLE_DEVICES: [0]
[I 2023-11-30 06:00:53,700] Trial 144 finished with value: 24.21141815185547 and parameters: {'gradient_clip_val': 0.23621267135643711, 'hidden_size': 32, 'dropout': 0.3443927661825973, 'hidden_continuous_size': 19, 'attention_head_size': 2, 'learning_rate': 0.005956270486159941}. Best is trial 91 with value: 18.860692977905273.
LOCAL_RANK: 0 - CUDA_VISIBLE_DEVICES: [0]
[I 2023-11-30 06:01:06,469] Trial 145 finished with value: 26.597352981567383 and parameters: {'gradient_clip_val': 0.1657095997492086, 'hidden_size': 44, 'dropout': 0.3303563097963448, 'hidden_continuous_size': 26, 'attention_head_size': 2, 'learning_rate': 0.008062678110910734}. Best is trial 91 with value: 18.860692977905273.
LOCAL_RANK: 0 - CUDA_VISIBLE_DEVICES: [0]
[I 2023-11-30 06:01:18,784] Trial 146 finished with value: 25.819961547851562 and parameters: {'gradient_clip_val': 0.19614067583842174, 'hidden_size': 26, 'dropout': 0.31304167612469713, 'hidden_continuous_size': 15, 'attention_head_size': 2, 'learning_rate': 0.01055519332773565}. Best is trial 91 with value: 18.860692977905273.
LOCAL_RANK: 0 - CUDA_VISIBLE_DEVICES: [0]
[I 2023-11-30 06:01:31,349] Trial 147 finished with value: 21.331329345703125 and parameters: {'gradient_clip_val': 0.10473028818172593, 'hidden_size': 29, 'dropout': 0.3389229972622581, 'hidden_continuous_size': 24, 'attention_head_size': 3, 'learning_rate': 0.0069095403267364205}. Best is trial 91 with value: 18.860692977905273.
LOCAL_RANK: 0 - CUDA_VISIBLE_DEVICES: [0]
[I 2023-11-30 06:01:43,972] Trial 148 finished with value: 22.69886589050293 and parameters: {'gradient_clip_val': 0.21637294353942474, 'hidden_size': 31, 'dropout': 0.29052717152844876, 'hidden_continuous_size': 25, 'attention_head_size': 2, 'learning_rate': 0.00886882562875608}. Best is trial 91 with value: 18.860692977905273.
LOCAL_RANK: 0 - CUDA_VISIBLE_DEVICES: [0]
[I 2023-11-30 06:01:56,961] Trial 149 finished with value: 23.905134201049805 and parameters: {'gradient_clip_val': 0.11374759488862929, 'hidden_size': 53, 'dropout': 0.3206939743060754, 'hidden_continuous_size': 20, 'attention_head_size': 2, 'learning_rate': 0.007491774727436528}. Best is trial 91 with value: 18.860692977905273.
[I 2023-11-30 06:01:57,071] A new study created in memory with name: no-name-22f440bc-dd0f-4c5b-b491-3a58702a38ef
/home/le004/conda/anaconda3/envs/tsff_env/lib/python3.9/site-packages/lightning/fabric/plugins/environments/slurm.py:191: The `srun` command is available on your system but is not used. HINT: If your intention is to run Lightning on SLURM, prepend your python command with `srun` like so: srun python /home/le004/master_thesis/git/TSFusionForecast/code/ ...
LOCAL_RANK: 0 - CUDA_VISIBLE_DEVICES: [0]
[I 2023-11-30 06:02:09,734] Trial 0 finished with value: 56.97344970703125 and parameters: {'gradient_clip_val': 0.34620056918913084, 'hidden_size': 30, 'dropout': 0.2697523882912579, 'hidden_continuous_size': 16, 'attention_head_size': 3, 'learning_rate': 0.006117428207070845}. Best is trial 0 with value: 56.97344970703125.
LOCAL_RANK: 0 - CUDA_VISIBLE_DEVICES: [0]
[I 2023-11-30 06:02:21,735] Trial 1 finished with value: 34.9708137512207 and parameters: {'gradient_clip_val': 0.12598679877401125, 'hidden_size': 18, 'dropout': 0.1966262391328269, 'hidden_continuous_size': 15, 'attention_head_size': 1, 'learning_rate': 0.040618596575434096}. Best is trial 1 with value: 34.9708137512207.
LOCAL_RANK: 0 - CUDA_VISIBLE_DEVICES: [0]
[I 2023-11-30 06:02:36,389] Trial 2 finished with value: 35.201961517333984 and parameters: {'gradient_clip_val': 0.39832907656307065, 'hidden_size': 150, 'dropout': 0.2205196473158798, 'hidden_continuous_size': 94, 'attention_head_size': 3, 'learning_rate': 0.009062131395975438}. Best is trial 1 with value: 34.9708137512207.
LOCAL_RANK: 0 - CUDA_VISIBLE_DEVICES: [0]
[I 2023-11-30 06:02:48,440] Trial 3 finished with value: 108.96218872070312 and parameters: {'gradient_clip_val': 0.3614260912306774, 'hidden_size': 11, 'dropout': 0.3665420077193602, 'hidden_continuous_size': 10, 'attention_head_size': 3, 'learning_rate': 0.001085198711801657}. Best is trial 1 with value: 34.9708137512207.
LOCAL_RANK: 0 - CUDA_VISIBLE_DEVICES: [0]
[I 2023-11-30 06:03:02,003] Trial 4 finished with value: 49.78312301635742 and parameters: {'gradient_clip_val': 0.5854724218273019, 'hidden_size': 72, 'dropout': 0.13256390397435605, 'hidden_continuous_size': 46, 'attention_head_size': 3, 'learning_rate': 0.0012728669244904767}. Best is trial 1 with value: 34.9708137512207.
LOCAL_RANK: 0 - CUDA_VISIBLE_DEVICES: [0]
[I 2023-11-30 06:03:16,255] Trial 5 finished with value: 22.730865478515625 and parameters: {'gradient_clip_val': 0.4490663751388468, 'hidden_size': 89, 'dropout': 0.1331624614235965, 'hidden_continuous_size': 75, 'attention_head_size': 3, 'learning_rate': 0.01282181653429196}. Best is trial 5 with value: 22.730865478515625.
LOCAL_RANK: 0 - CUDA_VISIBLE_DEVICES: [0]
[I 2023-11-30 06:03:26,878] Trial 6 finished with value: 40.40663528442383 and parameters: {'gradient_clip_val': 0.21953435362550786, 'hidden_size': 67, 'dropout': 0.2245583933428602, 'hidden_continuous_size': 67, 'attention_head_size': 4, 'learning_rate': 0.003723060673116404}. Best is trial 5 with value: 22.730865478515625.
LOCAL_RANK: 0 - CUDA_VISIBLE_DEVICES: [0]
[I 2023-11-30 06:03:40,434] Trial 7 finished with value: 24.97303009033203 and parameters: {'gradient_clip_val': 0.41113497370795915, 'hidden_size': 73, 'dropout': 0.3436282202332639, 'hidden_continuous_size': 32, 'attention_head_size': 4, 'learning_rate': 0.014540072074252937}. Best is trial 5 with value: 22.730865478515625.
LOCAL_RANK: 0 - CUDA_VISIBLE_DEVICES: [0]
[I 2023-11-30 06:03:52,565] Trial 8 finished with value: 36.368526458740234 and parameters: {'gradient_clip_val': 0.16992893032375708, 'hidden_size': 23, 'dropout': 0.30487255080620257, 'hidden_continuous_size': 15, 'attention_head_size': 2, 'learning_rate': 0.01582110097918391}. Best is trial 5 with value: 22.730865478515625.
LOCAL_RANK: 0 - CUDA_VISIBLE_DEVICES: [0]
[I 2023-11-30 06:04:04,723] Trial 9 finished with value: 62.42793655395508 and parameters: {'gradient_clip_val': 0.18764513755056858, 'hidden_size': 21, 'dropout': 0.2694779830460843, 'hidden_continuous_size': 16, 'attention_head_size': 2, 'learning_rate': 0.005585807187903476}. Best is trial 5 with value: 22.730865478515625.
LOCAL_RANK: 0 - CUDA_VISIBLE_DEVICES: [0]
[I 2023-11-30 06:04:17,725] Trial 10 finished with value: 33.66520309448242 and parameters: {'gradient_clip_val': 0.7924811098401282, 'hidden_size': 45, 'dropout': 0.11330291676381188, 'hidden_continuous_size': 26, 'attention_head_size': 1, 'learning_rate': 0.09625585407343139}. Best is trial 5 with value: 22.730865478515625.
LOCAL_RANK: 0 - CUDA_VISIBLE_DEVICES: [0]
[I 2023-11-30 06:04:31,769] Trial 11 finished with value: 30.83330726623535 and parameters: {'gradient_clip_val': 0.5735195251348575, 'hidden_size': 105, 'dropout': 0.39322014706191627, 'hidden_continuous_size': 45, 'attention_head_size': 4, 'learning_rate': 0.019097718149193463}. Best is trial 5 with value: 22.730865478515625.
LOCAL_RANK: 0 - CUDA_VISIBLE_DEVICES: [0]
[I 2023-11-30 06:04:45,125] Trial 12 finished with value: 23.85162925720215 and parameters: {'gradient_clip_val': 0.27802922323000095, 'hidden_size': 55, 'dropout': 0.15695426674755134, 'hidden_continuous_size': 30, 'attention_head_size': 4, 'learning_rate': 0.022680284908382194}. Best is trial 5 with value: 22.730865478515625.
LOCAL_RANK: 0 - CUDA_VISIBLE_DEVICES: [0]
[I 2023-11-30 06:04:57,994] Trial 13 finished with value: 23.968332290649414 and parameters: {'gradient_clip_val': 0.2583271651968801, 'hidden_size': 45, 'dropout': 0.1519162407374955, 'hidden_continuous_size': 22, 'attention_head_size': 4, 'learning_rate': 0.028161596649372008}. Best is trial 5 with value: 22.730865478515625.
LOCAL_RANK: 0 - CUDA_VISIBLE_DEVICES: [0]
[I 2023-11-30 06:05:10,955] Trial 14 finished with value: 22.2797794342041 and parameters: {'gradient_clip_val': 0.2717293092538741, 'hidden_size': 52, 'dropout': 0.16423582746705095, 'hidden_continuous_size': 32, 'attention_head_size': 2, 'learning_rate': 0.04140493106685178}. Best is trial 14 with value: 22.2797794342041.
LOCAL_RANK: 0 - CUDA_VISIBLE_DEVICES: [0]
[I 2023-11-30 06:05:25,320] Trial 15 finished with value: 23.636245727539062 and parameters: {'gradient_clip_val': 0.9382027125196288, 'hidden_size': 100, 'dropout': 0.17606209724728078, 'hidden_continuous_size': 99, 'attention_head_size': 2, 'learning_rate': 0.048181886386351916}. Best is trial 14 with value: 22.2797794342041.
LOCAL_RANK: 0 - CUDA_VISIBLE_DEVICES: [0]
[I 2023-11-30 06:05:37,788] Trial 16 finished with value: 24.035507202148438 and parameters: {'gradient_clip_val': 0.10068157397910805, 'hidden_size': 36, 'dropout': 0.10061846345300164, 'hidden_continuous_size': 20, 'attention_head_size': 2, 'learning_rate': 0.07140391268365155}. Best is trial 14 with value: 22.2797794342041.
LOCAL_RANK: 0 - CUDA_VISIBLE_DEVICES: [0]
[I 2023-11-30 06:05:50,926] Trial 17 finished with value: 26.005517959594727 and parameters: {'gradient_clip_val': 0.4894242656430843, 'hidden_size': 55, 'dropout': 0.18483896864364324, 'hidden_continuous_size': 33, 'attention_head_size': 1, 'learning_rate': 0.03576719939504227}. Best is trial 14 with value: 22.2797794342041.
LOCAL_RANK: 0 - CUDA_VISIBLE_DEVICES: [0]
[I 2023-11-30 06:06:04,827] Trial 18 finished with value: 26.10294532775879 and parameters: {'gradient_clip_val': 0.2617448601813206, 'hidden_size': 94, 'dropout': 0.12664171671890412, 'hidden_continuous_size': 56, 'attention_head_size': 2, 'learning_rate': 0.05345930187613631}. Best is trial 14 with value: 22.2797794342041.
LOCAL_RANK: 0 - CUDA_VISIBLE_DEVICES: [0]
[I 2023-11-30 06:06:19,748] Trial 19 finished with value: 26.709503173828125 and parameters: {'gradient_clip_val': 0.3400944925223642, 'hidden_size': 150, 'dropout': 0.1456470377475387, 'hidden_continuous_size': 131, 'attention_head_size': 3, 'learning_rate': 0.02769723358537682}. Best is trial 14 with value: 22.2797794342041.
LOCAL_RANK: 0 - CUDA_VISIBLE_DEVICES: [0]
[I 2023-11-30 06:06:32,128] Trial 20 finished with value: 30.869081497192383 and parameters: {'gradient_clip_val': 0.3033804264068114, 'hidden_size': 36, 'dropout': 0.10360555496738205, 'hidden_continuous_size': 23, 'attention_head_size': 2, 'learning_rate': 0.01209526372851409}. Best is trial 14 with value: 22.2797794342041.
LOCAL_RANK: 0 - CUDA_VISIBLE_DEVICES: [0]
[I 2023-11-30 06:06:46,246] Trial 21 finished with value: 25.683969497680664 and parameters: {'gradient_clip_val': 0.9422086367752442, 'hidden_size': 100, 'dropout': 0.16986175753107446, 'hidden_continuous_size': 72, 'attention_head_size': 2, 'learning_rate': 0.05330988215330282}. Best is trial 14 with value: 22.2797794342041.
LOCAL_RANK: 0 - CUDA_VISIBLE_DEVICES: [0]
