[I 2023-11-30 03:22:50,553] Trial 14 finished with value: 12.744654655456543 and parameters: {'gradient_clip_val': 0.18163922889193282, 'hidden_size': 77, 'dropout': 0.3209626620265589, 'hidden_continuous_size': 45, 'attention_head_size': 4, 'learning_rate': 0.007627240874224218}. Best is trial 4 with value: 11.671433448791504.
LOCAL_RANK: 0 - CUDA_VISIBLE_DEVICES: [0]
[I 2023-11-30 03:23:04,449] Trial 15 finished with value: 20.47981071472168 and parameters: {'gradient_clip_val': 0.10426738479946408, 'hidden_size': 87, 'dropout': 0.23716196010458962, 'hidden_continuous_size': 60, 'attention_head_size': 3, 'learning_rate': 0.001088358179166221}. Best is trial 4 with value: 11.671433448791504.
LOCAL_RANK: 0 - CUDA_VISIBLE_DEVICES: [0]
[I 2023-11-30 03:23:19,257] Trial 16 finished with value: 20.75254249572754 and parameters: {'gradient_clip_val': 0.368869218121431, 'hidden_size': 138, 'dropout': 0.3658416353770673, 'hidden_continuous_size': 135, 'attention_head_size': 4, 'learning_rate': 0.002819173220691836}. Best is trial 4 with value: 11.671433448791504.
LOCAL_RANK: 0 - CUDA_VISIBLE_DEVICES: [0]
[I 2023-11-30 03:23:32,793] Trial 17 finished with value: 20.308815002441406 and parameters: {'gradient_clip_val': 0.2302978126196827, 'hidden_size': 61, 'dropout': 0.30025624425028946, 'hidden_continuous_size': 31, 'attention_head_size': 3, 'learning_rate': 0.007905420449283012}. Best is trial 4 with value: 11.671433448791504.
LOCAL_RANK: 0 - CUDA_VISIBLE_DEVICES: [0]
[I 2023-11-30 03:23:46,512] Trial 18 finished with value: 14.064128875732422 and parameters: {'gradient_clip_val': 0.33077623037806014, 'hidden_size': 104, 'dropout': 0.3926687831217799, 'hidden_continuous_size': 40, 'attention_head_size': 1, 'learning_rate': 0.0039747511428533866}. Best is trial 4 with value: 11.671433448791504.
LOCAL_RANK: 0 - CUDA_VISIBLE_DEVICES: [0]
[I 2023-11-30 03:24:00,026] Trial 19 finished with value: 18.211204528808594 and parameters: {'gradient_clip_val': 0.4305831038525894, 'hidden_size': 67, 'dropout': 0.33253733320442097, 'hidden_continuous_size': 29, 'attention_head_size': 4, 'learning_rate': 0.0018749597593913255}. Best is trial 4 with value: 11.671433448791504.
LOCAL_RANK: 0 - CUDA_VISIBLE_DEVICES: [0]
[I 2023-11-30 03:24:14,296] Trial 20 finished with value: 19.675764083862305 and parameters: {'gradient_clip_val': 0.2767524902887221, 'hidden_size': 111, 'dropout': 0.24099493483250084, 'hidden_continuous_size': 75, 'attention_head_size': 3, 'learning_rate': 0.011431267798054645}. Best is trial 4 with value: 11.671433448791504.
LOCAL_RANK: 0 - CUDA_VISIBLE_DEVICES: [0]
[I 2023-11-30 03:24:27,942] Trial 21 finished with value: 11.418164253234863 and parameters: {'gradient_clip_val': 0.20670017215530898, 'hidden_size': 72, 'dropout': 0.3249331979344568, 'hidden_continuous_size': 40, 'attention_head_size': 4, 'learning_rate': 0.0071481201914233876}. Best is trial 21 with value: 11.418164253234863.
LOCAL_RANK: 0 - CUDA_VISIBLE_DEVICES: [0]
[I 2023-11-30 03:24:42,069] Trial 22 finished with value: 13.611039161682129 and parameters: {'gradient_clip_val': 0.21151745534545466, 'hidden_size': 107, 'dropout': 0.3693463301727134, 'hidden_continuous_size': 45, 'attention_head_size': 4, 'learning_rate': 0.006518365873538829}. Best is trial 21 with value: 11.418164253234863.
LOCAL_RANK: 0 - CUDA_VISIBLE_DEVICES: [0]
[I 2023-11-30 03:24:57,057] Trial 23 finished with value: 15.214417457580566 and parameters: {'gradient_clip_val': 0.171220891791562, 'hidden_size': 150, 'dropout': 0.3452533214335636, 'hidden_continuous_size': 142, 'attention_head_size': 4, 'learning_rate': 0.004063881862525242}. Best is trial 21 with value: 11.418164253234863.
LOCAL_RANK: 0 - CUDA_VISIBLE_DEVICES: [0]
[I 2023-11-30 03:25:10,372] Trial 24 finished with value: 13.389793395996094 and parameters: {'gradient_clip_val': 0.25379267769670727, 'hidden_size': 64, 'dropout': 0.309153990123112, 'hidden_continuous_size': 35, 'attention_head_size': 3, 'learning_rate': 0.008393984138020122}. Best is trial 21 with value: 11.418164253234863.
LOCAL_RANK: 0 - CUDA_VISIBLE_DEVICES: [0]
[I 2023-11-30 03:25:24,469] Trial 25 finished with value: 11.703660011291504 and parameters: {'gradient_clip_val': 0.33808956944327123, 'hidden_size': 116, 'dropout': 0.35659527980009914, 'hidden_continuous_size': 60, 'attention_head_size': 4, 'learning_rate': 0.005483789597593673}. Best is trial 21 with value: 11.418164253234863.
LOCAL_RANK: 0 - CUDA_VISIBLE_DEVICES: [0]
[I 2023-11-30 03:25:37,827] Trial 26 finished with value: 21.450172424316406 and parameters: {'gradient_clip_val': 0.33275202933576414, 'hidden_size': 56, 'dropout': 0.3258067367916361, 'hidden_continuous_size': 28, 'attention_head_size': 3, 'learning_rate': 0.011031778703291983}. Best is trial 21 with value: 11.418164253234863.
LOCAL_RANK: 0 - CUDA_VISIBLE_DEVICES: [0]
[I 2023-11-30 03:25:51,501] Trial 27 finished with value: 14.241455078125 and parameters: {'gradient_clip_val': 0.3885098105010526, 'hidden_size': 76, 'dropout': 0.29594385739635015, 'hidden_continuous_size': 37, 'attention_head_size': 4, 'learning_rate': 0.006552724935052004}. Best is trial 21 with value: 11.418164253234863.
LOCAL_RANK: 0 - CUDA_VISIBLE_DEVICES: [0]
[I 2023-11-30 03:26:05,402] Trial 28 finished with value: 11.325425148010254 and parameters: {'gradient_clip_val': 0.30230034939278444, 'hidden_size': 96, 'dropout': 0.35661266401749825, 'hidden_continuous_size': 52, 'attention_head_size': 4, 'learning_rate': 0.0035875830299001137}. Best is trial 28 with value: 11.325425148010254.
LOCAL_RANK: 0 - CUDA_VISIBLE_DEVICES: [0]
[I 2023-11-30 03:26:19,358] Trial 29 finished with value: 14.157933235168457 and parameters: {'gradient_clip_val': 0.19216670383412557, 'hidden_size': 88, 'dropout': 0.286110849426018, 'hidden_continuous_size': 49, 'attention_head_size': 3, 'learning_rate': 0.0030793872638547486}. Best is trial 28 with value: 11.325425148010254.
LOCAL_RANK: 0 - CUDA_VISIBLE_DEVICES: [0]
[I 2023-11-30 03:26:32,133] Trial 30 finished with value: 16.90361976623535 and parameters: {'gradient_clip_val': 0.23701461539405339, 'hidden_size': 47, 'dropout': 0.33361575085266576, 'hidden_continuous_size': 27, 'attention_head_size': 1, 'learning_rate': 0.0022086465990641623}. Best is trial 28 with value: 11.325425148010254.
LOCAL_RANK: 0 - CUDA_VISIBLE_DEVICES: [0]
[I 2023-11-30 03:26:46,414] Trial 31 finished with value: 13.815770149230957 and parameters: {'gradient_clip_val': 0.2921896240256783, 'hidden_size': 113, 'dropout': 0.35110318735296125, 'hidden_continuous_size': 59, 'attention_head_size': 4, 'learning_rate': 0.0035077366635787913}. Best is trial 28 with value: 11.325425148010254.
LOCAL_RANK: 0 - CUDA_VISIBLE_DEVICES: [0]
[I 2023-11-30 03:27:00,390] Trial 32 finished with value: 13.152519226074219 and parameters: {'gradient_clip_val': 0.30773468254638564, 'hidden_size': 96, 'dropout': 0.3693912434155405, 'hidden_continuous_size': 51, 'attention_head_size': 4, 'learning_rate': 0.005971578218268814}. Best is trial 28 with value: 11.325425148010254.
LOCAL_RANK: 0 - CUDA_VISIBLE_DEVICES: [0]
[I 2023-11-30 03:27:14,698] Trial 33 finished with value: 13.06248950958252 and parameters: {'gradient_clip_val': 0.5162606932731755, 'hidden_size': 117, 'dropout': 0.11350572886364729, 'hidden_continuous_size': 66, 'attention_head_size': 4, 'learning_rate': 0.0044362980495108225}. Best is trial 28 with value: 11.325425148010254.
LOCAL_RANK: 0 - CUDA_VISIBLE_DEVICES: [0]
[I 2023-11-30 03:27:28,390] Trial 34 finished with value: 12.645634651184082 and parameters: {'gradient_clip_val': 0.3257472245255953, 'hidden_size': 74, 'dropout': 0.3145176335315791, 'hidden_continuous_size': 42, 'attention_head_size': 4, 'learning_rate': 0.009286127978595054}. Best is trial 28 with value: 11.325425148010254.
LOCAL_RANK: 0 - CUDA_VISIBLE_DEVICES: [0]
[I 2023-11-30 03:27:42,408] Trial 35 finished with value: 15.5747652053833 and parameters: {'gradient_clip_val': 0.39867971875398983, 'hidden_size': 122, 'dropout': 0.22350494365279258, 'hidden_continuous_size': 50, 'attention_head_size': 2, 'learning_rate': 0.0017337477405514716}. Best is trial 28 with value: 11.325425148010254.
LOCAL_RANK: 0 - CUDA_VISIBLE_DEVICES: [0]
[I 2023-11-30 03:27:55,985] Trial 36 finished with value: 11.919784545898438 and parameters: {'gradient_clip_val': 0.24835242302029054, 'hidden_size': 88, 'dropout': 0.26523914334597937, 'hidden_continuous_size': 36, 'attention_head_size': 3, 'learning_rate': 0.0027339966860151807}. Best is trial 28 with value: 11.325425148010254.
LOCAL_RANK: 0 - CUDA_VISIBLE_DEVICES: [0]
[I 2023-11-30 03:28:10,144] Trial 37 finished with value: 15.882866859436035 and parameters: {'gradient_clip_val': 0.48636110655150644, 'hidden_size': 100, 'dropout': 0.35563566234162985, 'hidden_continuous_size': 67, 'attention_head_size': 4, 'learning_rate': 0.015052310342355454}. Best is trial 28 with value: 11.325425148010254.
LOCAL_RANK: 0 - CUDA_VISIBLE_DEVICES: [0]
[I 2023-11-30 03:28:24,207] Trial 38 finished with value: 12.340191841125488 and parameters: {'gradient_clip_val': 0.3717725633884318, 'hidden_size': 123, 'dropout': 0.31265032967924733, 'hidden_continuous_size': 52, 'attention_head_size': 2, 'learning_rate': 0.00666491064379364}. Best is trial 28 with value: 11.325425148010254.
LOCAL_RANK: 0 - CUDA_VISIBLE_DEVICES: [0]
[I 2023-11-30 03:28:37,271] Trial 39 finished with value: 15.731364250183105 and parameters: {'gradient_clip_val': 0.310516460666267, 'hidden_size': 55, 'dropout': 0.28227912803465205, 'hidden_continuous_size': 24, 'attention_head_size': 3, 'learning_rate': 0.0038794502565793476}. Best is trial 28 with value: 11.325425148010254.
LOCAL_RANK: 0 - CUDA_VISIBLE_DEVICES: [0]
[I 2023-11-30 03:28:51,066] Trial 40 finished with value: 13.88001537322998 and parameters: {'gradient_clip_val': 0.5676819389527241, 'hidden_size': 75, 'dropout': 0.2548772880791036, 'hidden_continuous_size': 46, 'attention_head_size': 4, 'learning_rate': 0.005183074741046261}. Best is trial 28 with value: 11.325425148010254.
LOCAL_RANK: 0 - CUDA_VISIBLE_DEVICES: [0]
[I 2023-11-30 03:29:05,092] Trial 41 finished with value: 14.747795104980469 and parameters: {'gradient_clip_val': 0.2578235827402999, 'hidden_size': 99, 'dropout': 0.2733146377035828, 'hidden_continuous_size': 35, 'attention_head_size': 3, 'learning_rate': 0.0034111897700148303}. Best is trial 28 with value: 11.325425148010254.
LOCAL_RANK: 0 - CUDA_VISIBLE_DEVICES: [0]
[I 2023-11-30 03:29:18,959] Trial 42 finished with value: 16.813451766967773 and parameters: {'gradient_clip_val': 0.2533265176306981, 'hidden_size': 85, 'dropout': 0.2634619023740489, 'hidden_continuous_size': 42, 'attention_head_size': 3, 'learning_rate': 0.0023933062644376606}. Best is trial 28 with value: 11.325425148010254.
LOCAL_RANK: 0 - CUDA_VISIBLE_DEVICES: [0]
[I 2023-11-30 03:29:32,942] Trial 43 finished with value: 10.669554710388184 and parameters: {'gradient_clip_val': 0.21089882877370317, 'hidden_size': 93, 'dropout': 0.21122560313095828, 'hidden_continuous_size': 39, 'attention_head_size': 3, 'learning_rate': 0.0029227557856148865}. Best is trial 43 with value: 10.669554710388184.
LOCAL_RANK: 0 - CUDA_VISIBLE_DEVICES: [0]
[I 2023-11-30 03:29:46,807] Trial 44 finished with value: 14.038233757019043 and parameters: {'gradient_clip_val': 0.16356317617712626, 'hidden_size': 98, 'dropout': 0.20139426041576258, 'hidden_continuous_size': 56, 'attention_head_size': 2, 'learning_rate': 0.00473445966980727}. Best is trial 43 with value: 10.669554710388184.
LOCAL_RANK: 0 - CUDA_VISIBLE_DEVICES: [0]
[I 2023-11-30 03:30:01,051] Trial 45 finished with value: 18.61747932434082 and parameters: {'gradient_clip_val': 0.21317618586405881, 'hidden_size': 123, 'dropout': 0.3819567417143851, 'hidden_continuous_size': 65, 'attention_head_size': 4, 'learning_rate': 0.009538519454253247}. Best is trial 43 with value: 10.669554710388184.
LOCAL_RANK: 0 - CUDA_VISIBLE_DEVICES: [0]
[I 2023-11-30 03:30:15,621] Trial 46 finished with value: 20.60204315185547 and parameters: {'gradient_clip_val': 0.20692720277270762, 'hidden_size': 129, 'dropout': 0.22428171773886107, 'hidden_continuous_size': 73, 'attention_head_size': 3, 'learning_rate': 0.005202690821724123}. Best is trial 43 with value: 10.669554710388184.
LOCAL_RANK: 0 - CUDA_VISIBLE_DEVICES: [0]
[I 2023-11-30 03:30:30,034] Trial 47 finished with value: 16.271438598632812 and parameters: {'gradient_clip_val': 0.28162861044219634, 'hidden_size': 149, 'dropout': 0.3569785377321693, 'hidden_continuous_size': 39, 'attention_head_size': 4, 'learning_rate': 0.0013877021117664238}. Best is trial 43 with value: 10.669554710388184.
LOCAL_RANK: 0 - CUDA_VISIBLE_DEVICES: [0]
[I 2023-11-30 03:30:44,045] Trial 48 finished with value: 17.332117080688477 and parameters: {'gradient_clip_val': 0.23219988534646882, 'hidden_size': 111, 'dropout': 0.3388256732931934, 'hidden_continuous_size': 33, 'attention_head_size': 4, 'learning_rate': 0.0030245090962840236}. Best is trial 43 with value: 10.669554710388184.
LOCAL_RANK: 0 - CUDA_VISIBLE_DEVICES: [0]
[I 2023-11-30 03:30:57,608] Trial 49 finished with value: 11.440524101257324 and parameters: {'gradient_clip_val': 0.1928454351934242, 'hidden_size': 70, 'dropout': 0.3786027412289784, 'hidden_continuous_size': 46, 'attention_head_size': 3, 'learning_rate': 0.007473224470556871}. Best is trial 43 with value: 10.669554710388184.
LOCAL_RANK: 0 - CUDA_VISIBLE_DEVICES: [0]
[I 2023-11-30 03:31:10,423] Trial 50 finished with value: 14.5005464553833 and parameters: {'gradient_clip_val': 0.1531750760951867, 'hidden_size': 38, 'dropout': 0.37442976779120973, 'hidden_continuous_size': 32, 'attention_head_size': 3, 'learning_rate': 0.012852989050225297}. Best is trial 43 with value: 10.669554710388184.
LOCAL_RANK: 0 - CUDA_VISIBLE_DEVICES: [0]
[I 2023-11-30 03:31:24,021] Trial 51 finished with value: 12.181289672851562 and parameters: {'gradient_clip_val': 0.1974661223306257, 'hidden_size': 70, 'dropout': 0.3869275894980813, 'hidden_continuous_size': 46, 'attention_head_size': 3, 'learning_rate': 0.007371837423750988}. Best is trial 43 with value: 10.669554710388184.
LOCAL_RANK: 0 - CUDA_VISIBLE_DEVICES: [0]
[I 2023-11-30 03:31:37,916] Trial 52 finished with value: 16.536951065063477 and parameters: {'gradient_clip_val': 0.18273453750309185, 'hidden_size': 83, 'dropout': 0.39865753572826573, 'hidden_continuous_size': 54, 'attention_head_size': 3, 'learning_rate': 0.005583440222189872}. Best is trial 43 with value: 10.669554710388184.
LOCAL_RANK: 0 - CUDA_VISIBLE_DEVICES: [0]
[I 2023-11-30 03:31:51,487] Trial 53 finished with value: 16.983091354370117 and parameters: {'gradient_clip_val': 0.22280078599362063, 'hidden_size': 80, 'dropout': 0.3602434999523544, 'hidden_continuous_size': 40, 'attention_head_size': 2, 'learning_rate': 0.004460933814331341}. Best is trial 43 with value: 10.669554710388184.
LOCAL_RANK: 0 - CUDA_VISIBLE_DEVICES: [0]
[I 2023-11-30 03:32:05,262] Trial 54 finished with value: 12.700942993164062 and parameters: {'gradient_clip_val': 0.13687990422197902, 'hidden_size': 92, 'dropout': 0.34255881301987223, 'hidden_continuous_size': 48, 'attention_head_size': 3, 'learning_rate': 0.007986619539348995}. Best is trial 43 with value: 10.669554710388184.
LOCAL_RANK: 0 - CUDA_VISIBLE_DEVICES: [0]
[I 2023-11-30 03:32:18,896] Trial 55 finished with value: 16.716777801513672 and parameters: {'gradient_clip_val': 0.3453857395455162, 'hidden_size': 66, 'dropout': 0.38702975946106905, 'hidden_continuous_size': 42, 'attention_head_size': 4, 'learning_rate': 0.006291532202595852}. Best is trial 43 with value: 10.669554710388184.
LOCAL_RANK: 0 - CUDA_VISIBLE_DEVICES: [0]
[I 2023-11-30 03:32:33,123] Trial 56 finished with value: 12.8682222366333 and parameters: {'gradient_clip_val': 0.3011834934250956, 'hidden_size': 105, 'dropout': 0.3250094510031824, 'hidden_continuous_size': 59, 'attention_head_size': 3, 'learning_rate': 0.0035904139570494733}. Best is trial 43 with value: 10.669554710388184.
LOCAL_RANK: 0 - CUDA_VISIBLE_DEVICES: [0]
[I 2023-11-30 03:32:47,091] Trial 57 finished with value: 19.445497512817383 and parameters: {'gradient_clip_val': 0.27231791928977406, 'hidden_size': 81, 'dropout': 0.37852986158273133, 'hidden_continuous_size': 51, 'attention_head_size': 4, 'learning_rate': 0.004341979946420407}. Best is trial 43 with value: 10.669554710388184.
LOCAL_RANK: 0 - CUDA_VISIBLE_DEVICES: [0]
[I 2023-11-30 03:33:01,240] Trial 58 finished with value: 13.070271492004395 and parameters: {'gradient_clip_val': 0.19149131697459812, 'hidden_size': 132, 'dropout': 0.34816952721872285, 'hidden_continuous_size': 77, 'attention_head_size': 2, 'learning_rate': 0.00900970058395691}. Best is trial 43 with value: 10.669554710388184.
LOCAL_RANK: 0 - CUDA_VISIBLE_DEVICES: [0]
[I 2023-11-30 03:33:15,150] Trial 59 finished with value: 16.5545654296875 and parameters: {'gradient_clip_val': 0.17197550726191121, 'hidden_size': 93, 'dropout': 0.36325557489512267, 'hidden_continuous_size': 56, 'attention_head_size': 3, 'learning_rate': 0.005574458024059796}. Best is trial 43 with value: 10.669554710388184.
LOCAL_RANK: 0 - CUDA_VISIBLE_DEVICES: [0]
[I 2023-11-30 03:33:29,095] Trial 60 finished with value: 16.73931312561035 and parameters: {'gradient_clip_val': 0.34660517302071314, 'hidden_size': 108, 'dropout': 0.37320496260602243, 'hidden_continuous_size': 38, 'attention_head_size': 4, 'learning_rate': 0.007129776227749298}. Best is trial 43 with value: 10.669554710388184.
LOCAL_RANK: 0 - CUDA_VISIBLE_DEVICES: [0]
[I 2023-11-30 03:33:42,974] Trial 61 finished with value: 13.08706283569336 and parameters: {'gradient_clip_val': 0.25072450778128985, 'hidden_size': 89, 'dropout': 0.3271172562194103, 'hidden_continuous_size': 36, 'attention_head_size': 3, 'learning_rate': 0.0027992374485062417}. Best is trial 43 with value: 10.669554710388184.
LOCAL_RANK: 0 - CUDA_VISIBLE_DEVICES: [0]
[I 2023-11-30 03:33:56,618] Trial 62 finished with value: 15.322436332702637 and parameters: {'gradient_clip_val': 0.22852462391084752, 'hidden_size': 70, 'dropout': 0.2994516061245743, 'hidden_continuous_size': 43, 'attention_head_size': 3, 'learning_rate': 0.0025341865335117286}. Best is trial 43 with value: 10.669554710388184.
LOCAL_RANK: 0 - CUDA_VISIBLE_DEVICES: [0]
[I 2023-11-30 03:34:10,533] Trial 63 finished with value: 17.200185775756836 and parameters: {'gradient_clip_val': 0.24075743905945077, 'hidden_size': 87, 'dropout': 0.335756809598801, 'hidden_continuous_size': 47, 'attention_head_size': 3, 'learning_rate': 0.004077594633984875}. Best is trial 43 with value: 10.669554710388184.
LOCAL_RANK: 0 - CUDA_VISIBLE_DEVICES: [0]
[I 2023-11-30 03:34:24,312] Trial 64 finished with value: 11.170552253723145 and parameters: {'gradient_clip_val': 0.2080378345667719, 'hidden_size': 116, 'dropout': 0.36355922143050184, 'hidden_continuous_size': 31, 'attention_head_size': 3, 'learning_rate': 0.00344706130799434}. Best is trial 43 with value: 10.669554710388184.
LOCAL_RANK: 0 - CUDA_VISIBLE_DEVICES: [0]
[I 2023-11-30 03:34:38,595] Trial 65 finished with value: 20.703672409057617 and parameters: {'gradient_clip_val': 0.2675198734023422, 'hidden_size': 139, 'dropout': 0.3661638384822848, 'hidden_continuous_size': 30, 'attention_head_size': 4, 'learning_rate': 0.003412359697014339}. Best is trial 43 with value: 10.669554710388184.
LOCAL_RANK: 0 - CUDA_VISIBLE_DEVICES: [0]
[I 2023-11-30 03:34:52,389] Trial 66 finished with value: 14.673218727111816 and parameters: {'gradient_clip_val': 0.2941620058291774, 'hidden_size': 116, 'dropout': 0.3486550736582449, 'hidden_continuous_size': 34, 'attention_head_size': 3, 'learning_rate': 0.00482080673338491}. Best is trial 43 with value: 10.669554710388184.
LOCAL_RANK: 0 - CUDA_VISIBLE_DEVICES: [0]
[I 2023-11-30 03:35:06,530] Trial 67 finished with value: 23.43018341064453 and parameters: {'gradient_clip_val': 0.2090937612825617, 'hidden_size': 103, 'dropout': 0.399789721625026, 'hidden_continuous_size': 32, 'attention_head_size': 4, 'learning_rate': 0.006417101667521598}. Best is trial 43 with value: 10.669554710388184.
LOCAL_RANK: 0 - CUDA_VISIBLE_DEVICES: [0]
[I 2023-11-30 03:35:20,826] Trial 68 finished with value: 14.876411437988281 and parameters: {'gradient_clip_val': 0.3205976795307347, 'hidden_size': 129, 'dropout': 0.38352160669407337, 'hidden_continuous_size': 62, 'attention_head_size': 3, 'learning_rate': 0.002179755453869084}. Best is trial 43 with value: 10.669554710388184.
LOCAL_RANK: 0 - CUDA_VISIBLE_DEVICES: [0]
[I 2023-11-30 03:35:34,848] Trial 69 finished with value: 14.728706359863281 and parameters: {'gradient_clip_val': 0.1946147391748529, 'hidden_size': 95, 'dropout': 0.3560093470252613, 'hidden_continuous_size': 39, 'attention_head_size': 4, 'learning_rate': 0.003043620953250544}. Best is trial 43 with value: 10.669554710388184.
LOCAL_RANK: 0 - CUDA_VISIBLE_DEVICES: [0]
[I 2023-11-30 03:35:48,705] Trial 70 finished with value: 20.15321922302246 and parameters: {'gradient_clip_val': 0.4170235576619712, 'hidden_size': 118, 'dropout': 0.3745576124896874, 'hidden_continuous_size': 44, 'attention_head_size': 1, 'learning_rate': 0.0057778620786629485}. Best is trial 43 with value: 10.669554710388184.
LOCAL_RANK: 0 - CUDA_VISIBLE_DEVICES: [0]
[I 2023-11-30 03:36:02,324] Trial 71 finished with value: 17.02695655822754 and parameters: {'gradient_clip_val': 0.24449489691010795, 'hidden_size': 78, 'dropout': 0.3420259734559138, 'hidden_continuous_size': 37, 'attention_head_size': 3, 'learning_rate': 0.00268729150451496}. Best is trial 43 with value: 10.669554710388184.
LOCAL_RANK: 0 - CUDA_VISIBLE_DEVICES: [0]
