[I 2023-11-30 09:55:48,265] Trial 20 finished with value: 15.21983814239502 and parameters: {'gradient_clip_val': 0.2128602810908993, 'hidden_size': 134, 'dropout': 0.28533277915758953, 'hidden_continuous_size': 127, 'attention_head_size': 1, 'learning_rate': 0.09731828994384865}. Best is trial 17 with value: 7.643270969390869.
LOCAL_RANK: 0 - CUDA_VISIBLE_DEVICES: [0]
[I 2023-11-30 09:56:01,988] Trial 21 finished with value: 11.85260009765625 and parameters: {'gradient_clip_val': 0.2858390314407347, 'hidden_size': 76, 'dropout': 0.15856971643684536, 'hidden_continuous_size': 50, 'attention_head_size': 4, 'learning_rate': 0.04799787144608278}. Best is trial 17 with value: 7.643270969390869.
LOCAL_RANK: 0 - CUDA_VISIBLE_DEVICES: [0]
[I 2023-11-30 09:56:15,117] Trial 22 finished with value: 11.997918128967285 and parameters: {'gradient_clip_val': 0.337163094649753, 'hidden_size': 51, 'dropout': 0.14401433507479613, 'hidden_continuous_size': 20, 'attention_head_size': 4, 'learning_rate': 0.023432247020256803}. Best is trial 17 with value: 7.643270969390869.
LOCAL_RANK: 0 - CUDA_VISIBLE_DEVICES: [0]
[I 2023-11-30 09:56:29,511] Trial 23 finished with value: 15.662592887878418 and parameters: {'gradient_clip_val': 0.24633091745396488, 'hidden_size': 102, 'dropout': 0.17884085001818675, 'hidden_continuous_size': 64, 'attention_head_size': 4, 'learning_rate': 0.060707390628663045}. Best is trial 17 with value: 7.643270969390869.
LOCAL_RANK: 0 - CUDA_VISIBLE_DEVICES: [0]
[I 2023-11-30 09:56:43,051] Trial 24 finished with value: 11.657822608947754 and parameters: {'gradient_clip_val': 0.16676765078878222, 'hidden_size': 63, 'dropout': 0.21876124003283484, 'hidden_continuous_size': 39, 'attention_head_size': 4, 'learning_rate': 0.04050035041791867}. Best is trial 17 with value: 7.643270969390869.
LOCAL_RANK: 0 - CUDA_VISIBLE_DEVICES: [0]
[I 2023-11-30 09:56:56,898] Trial 25 finished with value: 9.152093887329102 and parameters: {'gradient_clip_val': 0.2968234223410915, 'hidden_size': 85, 'dropout': 0.12007223512947257, 'hidden_continuous_size': 49, 'attention_head_size': 3, 'learning_rate': 0.06978206139699875}. Best is trial 17 with value: 7.643270969390869.
LOCAL_RANK: 0 - CUDA_VISIBLE_DEVICES: [0]
[I 2023-11-30 09:57:09,784] Trial 26 finished with value: 8.251809120178223 and parameters: {'gradient_clip_val': 0.10706096886858485, 'hidden_size': 43, 'dropout': 0.16413209059950792, 'hidden_continuous_size': 16, 'attention_head_size': 4, 'learning_rate': 0.040249341188239314}. Best is trial 17 with value: 7.643270969390869.
LOCAL_RANK: 0 - CUDA_VISIBLE_DEVICES: [0]
[I 2023-11-30 09:57:24,097] Trial 27 finished with value: 12.046401977539062 and parameters: {'gradient_clip_val': 0.3922813391976193, 'hidden_size': 119, 'dropout': 0.13036187634255267, 'hidden_continuous_size': 67, 'attention_head_size': 3, 'learning_rate': 0.018692237688656004}. Best is trial 17 with value: 7.643270969390869.
LOCAL_RANK: 0 - CUDA_VISIBLE_DEVICES: [0]
[I 2023-11-30 09:57:37,970] Trial 28 finished with value: 7.826267242431641 and parameters: {'gradient_clip_val': 0.2547328891215268, 'hidden_size': 102, 'dropout': 0.10412909068679871, 'hidden_continuous_size': 29, 'attention_head_size': 4, 'learning_rate': 0.02886006675588356}. Best is trial 17 with value: 7.643270969390869.
LOCAL_RANK: 0 - CUDA_VISIBLE_DEVICES: [0]
[I 2023-11-30 09:57:51,746] Trial 29 finished with value: 8.80854320526123 and parameters: {'gradient_clip_val': 0.2519800106503477, 'hidden_size': 100, 'dropout': 0.10521323404006938, 'hidden_continuous_size': 28, 'attention_head_size': 4, 'learning_rate': 0.03227176520115198}. Best is trial 17 with value: 7.643270969390869.
LOCAL_RANK: 0 - CUDA_VISIBLE_DEVICES: [0]
[I 2023-11-30 09:58:06,009] Trial 30 finished with value: 7.536370754241943 and parameters: {'gradient_clip_val': 0.3222783111782253, 'hidden_size': 149, 'dropout': 0.134909238657955, 'hidden_continuous_size': 44, 'attention_head_size': 2, 'learning_rate': 0.06551113402186169}. Best is trial 30 with value: 7.536370754241943.
LOCAL_RANK: 0 - CUDA_VISIBLE_DEVICES: [0]
[I 2023-11-30 09:58:20,181] Trial 31 finished with value: 8.840167999267578 and parameters: {'gradient_clip_val': 0.3134646935457695, 'hidden_size': 149, 'dropout': 0.13492584544756922, 'hidden_continuous_size': 46, 'attention_head_size': 2, 'learning_rate': 0.06663005544276604}. Best is trial 30 with value: 7.536370754241943.
LOCAL_RANK: 0 - CUDA_VISIBLE_DEVICES: [0]
[I 2023-11-30 09:58:33,997] Trial 32 finished with value: 15.406604766845703 and parameters: {'gradient_clip_val': 0.2791560326745462, 'hidden_size': 120, 'dropout': 0.10163400352003855, 'hidden_continuous_size': 58, 'attention_head_size': 1, 'learning_rate': 0.05285123198686827}. Best is trial 30 with value: 7.536370754241943.
LOCAL_RANK: 0 - CUDA_VISIBLE_DEVICES: [0]
[I 2023-11-30 09:58:48,288] Trial 33 finished with value: 10.1682767868042 and parameters: {'gradient_clip_val': 0.34837520169819164, 'hidden_size': 126, 'dropout': 0.12353931404427165, 'hidden_continuous_size': 40, 'attention_head_size': 2, 'learning_rate': 0.07375951791782358}. Best is trial 30 with value: 7.536370754241943.
LOCAL_RANK: 0 - CUDA_VISIBLE_DEVICES: [0]
[I 2023-11-30 09:59:02,068] Trial 34 finished with value: 8.749592781066895 and parameters: {'gradient_clip_val': 0.2190123411872075, 'hidden_size': 98, 'dropout': 0.1530986828485844, 'hidden_continuous_size': 34, 'attention_head_size': 1, 'learning_rate': 0.04026279976144833}. Best is trial 30 with value: 7.536370754241943.
LOCAL_RANK: 0 - CUDA_VISIBLE_DEVICES: [0]
[I 2023-11-30 09:59:16,341] Trial 35 finished with value: 13.807829856872559 and parameters: {'gradient_clip_val': 0.18525822336357062, 'hidden_size': 147, 'dropout': 0.17490808657714987, 'hidden_continuous_size': 56, 'attention_head_size': 2, 'learning_rate': 0.07652549312211833}. Best is trial 30 with value: 7.536370754241943.
LOCAL_RANK: 0 - CUDA_VISIBLE_DEVICES: [0]
[I 2023-11-30 09:59:30,342] Trial 36 finished with value: 9.83864688873291 and parameters: {'gradient_clip_val': 0.38662776361288065, 'hidden_size': 127, 'dropout': 0.19846536231799328, 'hidden_continuous_size': 44, 'attention_head_size': 2, 'learning_rate': 0.09686104977221677}. Best is trial 30 with value: 7.536370754241943.
LOCAL_RANK: 0 - CUDA_VISIBLE_DEVICES: [0]
[I 2023-11-30 09:59:44,183] Trial 37 finished with value: 7.901742458343506 and parameters: {'gradient_clip_val': 0.1579019065393123, 'hidden_size': 78, 'dropout': 0.13365103373333312, 'hidden_continuous_size': 54, 'attention_head_size': 3, 'learning_rate': 0.057383666388575096}. Best is trial 30 with value: 7.536370754241943.
LOCAL_RANK: 0 - CUDA_VISIBLE_DEVICES: [0]
[I 2023-11-30 09:59:58,007] Trial 38 finished with value: 7.8370208740234375 and parameters: {'gradient_clip_val': 0.2270036663024603, 'hidden_size': 108, 'dropout': 0.11635699913034547, 'hidden_continuous_size': 29, 'attention_head_size': 2, 'learning_rate': 0.027344068970069052}. Best is trial 30 with value: 7.536370754241943.
LOCAL_RANK: 0 - CUDA_VISIBLE_DEVICES: [0]
[I 2023-11-30 10:00:11,502] Trial 39 finished with value: 8.597675323486328 and parameters: {'gradient_clip_val': 0.32251425130703404, 'hidden_size': 92, 'dropout': 0.16605030306461263, 'hidden_continuous_size': 24, 'attention_head_size': 1, 'learning_rate': 0.00794849389791143}. Best is trial 30 with value: 7.536370754241943.
LOCAL_RANK: 0 - CUDA_VISIBLE_DEVICES: [0]
[I 2023-11-30 10:00:25,871] Trial 40 finished with value: 11.400301933288574 and parameters: {'gradient_clip_val': 0.4561626130327755, 'hidden_size': 131, 'dropout': 0.1910246172540034, 'hidden_continuous_size': 70, 'attention_head_size': 3, 'learning_rate': 0.03563102229454873}. Best is trial 30 with value: 7.536370754241943.
LOCAL_RANK: 0 - CUDA_VISIBLE_DEVICES: [0]
[I 2023-11-30 10:00:39,542] Trial 41 finished with value: 11.465039253234863 and parameters: {'gradient_clip_val': 0.22993697074503605, 'hidden_size': 112, 'dropout': 0.1229928480029746, 'hidden_continuous_size': 30, 'attention_head_size': 2, 'learning_rate': 0.02631894264987629}. Best is trial 30 with value: 7.536370754241943.
LOCAL_RANK: 0 - CUDA_VISIBLE_DEVICES: [0]
[I 2023-11-30 10:00:53,177] Trial 42 finished with value: 8.963160514831543 and parameters: {'gradient_clip_val': 0.28532707831903825, 'hidden_size': 104, 'dropout': 0.11482973212605271, 'hidden_continuous_size': 37, 'attention_head_size': 2, 'learning_rate': 0.020378226026275665}. Best is trial 30 with value: 7.536370754241943.
LOCAL_RANK: 0 - CUDA_VISIBLE_DEVICES: [0]
[I 2023-11-30 10:01:07,216] Trial 43 finished with value: 17.876707077026367 and parameters: {'gradient_clip_val': 0.19056260171571016, 'hidden_size': 109, 'dropout': 0.14152524780916909, 'hidden_continuous_size': 26, 'attention_head_size': 2, 'learning_rate': 0.0316020547814405}. Best is trial 30 with value: 7.536370754241943.
LOCAL_RANK: 0 - CUDA_VISIBLE_DEVICES: [0]
[I 2023-11-30 10:01:20,722] Trial 44 finished with value: 8.977444648742676 and parameters: {'gradient_clip_val': 0.36084853941820744, 'hidden_size': 91, 'dropout': 0.10141877883920639, 'hidden_continuous_size': 31, 'attention_head_size': 1, 'learning_rate': 0.04646369588559957}. Best is trial 30 with value: 7.536370754241943.
LOCAL_RANK: 0 - CUDA_VISIBLE_DEVICES: [0]
[I 2023-11-30 10:01:34,751] Trial 45 finished with value: 9.905954360961914 and parameters: {'gradient_clip_val': 0.26073132358554896, 'hidden_size': 136, 'dropout': 0.11572856439228994, 'hidden_continuous_size': 42, 'attention_head_size': 3, 'learning_rate': 0.014342193605777017}. Best is trial 30 with value: 7.536370754241943.
LOCAL_RANK: 0 - CUDA_VISIBLE_DEVICES: [0]
[I 2023-11-30 10:01:48,189] Trial 46 finished with value: 7.72844934463501 and parameters: {'gradient_clip_val': 0.21931321463232892, 'hidden_size': 73, 'dropout': 0.15491663620305815, 'hidden_continuous_size': 37, 'attention_head_size': 2, 'learning_rate': 0.07533080175952743}. Best is trial 30 with value: 7.536370754241943.
LOCAL_RANK: 0 - CUDA_VISIBLE_DEVICES: [0]
[I 2023-11-30 10:02:01,438] Trial 47 finished with value: 9.38040542602539 and parameters: {'gradient_clip_val': 0.14340048652720577, 'hidden_size': 60, 'dropout': 0.15390989421166176, 'hidden_continuous_size': 47, 'attention_head_size': 1, 'learning_rate': 0.07570173161610036}. Best is trial 30 with value: 7.536370754241943.
LOCAL_RANK: 0 - CUDA_VISIBLE_DEVICES: [0]
[I 2023-11-30 10:02:15,082] Trial 48 finished with value: 13.71912670135498 and parameters: {'gradient_clip_val': 0.3273397226878463, 'hidden_size': 73, 'dropout': 0.3337786809518915, 'hidden_continuous_size': 36, 'attention_head_size': 3, 'learning_rate': 0.06073336069524883}. Best is trial 30 with value: 7.536370754241943.
LOCAL_RANK: 0 - CUDA_VISIBLE_DEVICES: [0]
[I 2023-11-30 10:02:28,709] Trial 49 finished with value: 10.139693260192871 and parameters: {'gradient_clip_val': 0.2082376346756615, 'hidden_size': 82, 'dropout': 0.21210716293494883, 'hidden_continuous_size': 42, 'attention_head_size': 2, 'learning_rate': 0.08216847573079916}. Best is trial 30 with value: 7.536370754241943.
LOCAL_RANK: 0 - CUDA_VISIBLE_DEVICES: [0]
[I 2023-11-30 10:02:42,484] Trial 50 finished with value: 9.499038696289062 and parameters: {'gradient_clip_val': 0.2663003357098175, 'hidden_size': 66, 'dropout': 0.24553096074844294, 'hidden_continuous_size': 52, 'attention_head_size': 4, 'learning_rate': 0.049139953968068}. Best is trial 30 with value: 7.536370754241943.
LOCAL_RANK: 0 - CUDA_VISIBLE_DEVICES: [0]
[I 2023-11-30 10:02:56,369] Trial 51 finished with value: 8.689833641052246 and parameters: {'gradient_clip_val': 0.23081585981213934, 'hidden_size': 117, 'dropout': 0.13902584452618513, 'hidden_continuous_size': 32, 'attention_head_size': 2, 'learning_rate': 0.0633700231841089}. Best is trial 30 with value: 7.536370754241943.
LOCAL_RANK: 0 - CUDA_VISIBLE_DEVICES: [0]
[I 2023-11-30 10:03:10,067] Trial 52 finished with value: 9.597208023071289 and parameters: {'gradient_clip_val': 0.23581429934073123, 'hidden_size': 92, 'dropout': 0.17884885367682488, 'hidden_continuous_size': 35, 'attention_head_size': 2, 'learning_rate': 0.09264355174658648}. Best is trial 30 with value: 7.536370754241943.
LOCAL_RANK: 0 - CUDA_VISIBLE_DEVICES: [0]
[I 2023-11-30 10:03:24,106] Trial 53 finished with value: 10.241937637329102 and parameters: {'gradient_clip_val': 0.3046168257430752, 'hidden_size': 109, 'dropout': 0.1269707661375621, 'hidden_continuous_size': 38, 'attention_head_size': 2, 'learning_rate': 0.044783396762698637}. Best is trial 30 with value: 7.536370754241943.
LOCAL_RANK: 0 - CUDA_VISIBLE_DEVICES: [0]
[I 2023-11-30 10:03:37,535] Trial 54 finished with value: 15.472275733947754 and parameters: {'gradient_clip_val': 0.2703880696741364, 'hidden_size': 74, 'dropout': 0.1486322630279696, 'hidden_continuous_size': 29, 'attention_head_size': 2, 'learning_rate': 0.07926941853148062}. Best is trial 30 with value: 7.536370754241943.
LOCAL_RANK: 0 - CUDA_VISIBLE_DEVICES: [0]
[I 2023-11-30 10:03:51,479] Trial 55 finished with value: 10.041605949401855 and parameters: {'gradient_clip_val': 0.18493944727960798, 'hidden_size': 136, 'dropout': 0.11245082855090974, 'hidden_continuous_size': 47, 'attention_head_size': 2, 'learning_rate': 0.03639536316832276}. Best is trial 30 with value: 7.536370754241943.
LOCAL_RANK: 0 - CUDA_VISIBLE_DEVICES: [0]
[I 2023-11-30 10:04:05,161] Trial 56 finished with value: 7.429683208465576 and parameters: {'gradient_clip_val': 0.22548087709034031, 'hidden_size': 84, 'dropout': 0.13635375558449256, 'hidden_continuous_size': 60, 'attention_head_size': 1, 'learning_rate': 0.052197151100887004}. Best is trial 56 with value: 7.429683208465576.
LOCAL_RANK: 0 - CUDA_VISIBLE_DEVICES: [0]
[I 2023-11-30 10:04:18,905] Trial 57 finished with value: 11.991986274719238 and parameters: {'gradient_clip_val': 0.2531393007146094, 'hidden_size': 85, 'dropout': 0.16367302388720845, 'hidden_continuous_size': 61, 'attention_head_size': 1, 'learning_rate': 0.06698386631705715}. Best is trial 56 with value: 7.429683208465576.
LOCAL_RANK: 0 - CUDA_VISIBLE_DEVICES: [0]
[I 2023-11-30 10:04:32,474] Trial 58 finished with value: 8.168403625488281 and parameters: {'gradient_clip_val': 0.2981515644385008, 'hidden_size': 58, 'dropout': 0.14143027920223733, 'hidden_continuous_size': 48, 'attention_head_size': 1, 'learning_rate': 0.05351360601586174}. Best is trial 56 with value: 7.429683208465576.
LOCAL_RANK: 0 - CUDA_VISIBLE_DEVICES: [0]
[I 2023-11-30 10:04:46,387] Trial 59 finished with value: 13.921943664550781 and parameters: {'gradient_clip_val': 0.19908413196505667, 'hidden_size': 101, 'dropout': 0.37955713827987125, 'hidden_continuous_size': 57, 'attention_head_size': 1, 'learning_rate': 0.09873506673161274}. Best is trial 56 with value: 7.429683208465576.
LOCAL_RANK: 0 - CUDA_VISIBLE_DEVICES: [0]
[I 2023-11-30 10:05:00,028] Trial 60 finished with value: 9.0180082321167 and parameters: {'gradient_clip_val': 0.37142231529406444, 'hidden_size': 68, 'dropout': 0.1567112539013246, 'hidden_continuous_size': 53, 'attention_head_size': 4, 'learning_rate': 0.06093037848679259}. Best is trial 56 with value: 7.429683208465576.
LOCAL_RANK: 0 - CUDA_VISIBLE_DEVICES: [0]
[I 2023-11-30 10:05:13,270] Trial 61 finished with value: 11.715838432312012 and parameters: {'gradient_clip_val': 0.22220199811115096, 'hidden_size': 80, 'dropout': 0.12737657605941624, 'hidden_continuous_size': 32, 'attention_head_size': 1, 'learning_rate': 0.02902483475142279}. Best is trial 56 with value: 7.429683208465576.
LOCAL_RANK: 0 - CUDA_VISIBLE_DEVICES: [0]
[I 2023-11-30 10:05:27,079] Trial 62 finished with value: 12.735686302185059 and parameters: {'gradient_clip_val': 0.2375621528715975, 'hidden_size': 94, 'dropout': 0.11353360735983337, 'hidden_continuous_size': 43, 'attention_head_size': 1, 'learning_rate': 0.047492647672261745}. Best is trial 56 with value: 7.429683208465576.
LOCAL_RANK: 0 - CUDA_VISIBLE_DEVICES: [0]
[I 2023-11-30 10:05:41,162] Trial 63 finished with value: 9.699699401855469 and parameters: {'gradient_clip_val': 0.2712085633278253, 'hidden_size': 120, 'dropout': 0.13121831022994976, 'hidden_continuous_size': 40, 'attention_head_size': 4, 'learning_rate': 0.07967607867098522}. Best is trial 56 with value: 7.429683208465576.
LOCAL_RANK: 0 - CUDA_VISIBLE_DEVICES: [0]
[I 2023-11-30 10:05:55,076] Trial 64 finished with value: 13.953063011169434 and parameters: {'gradient_clip_val': 0.21095961059507215, 'hidden_size': 87, 'dropout': 0.1103594593293112, 'hidden_continuous_size': 61, 'attention_head_size': 2, 'learning_rate': 0.055870046909271553}. Best is trial 56 with value: 7.429683208465576.
LOCAL_RANK: 0 - CUDA_VISIBLE_DEVICES: [0]
[I 2023-11-30 10:06:09,208] Trial 65 finished with value: 9.650609016418457 and parameters: {'gradient_clip_val': 0.2395716460603732, 'hidden_size': 105, 'dropout': 0.15135191248289545, 'hidden_continuous_size': 72, 'attention_head_size': 1, 'learning_rate': 0.036920404622248104}. Best is trial 56 with value: 7.429683208465576.
LOCAL_RANK: 0 - CUDA_VISIBLE_DEVICES: [0]
[I 2023-11-30 10:06:23,328] Trial 66 finished with value: 7.377462863922119 and parameters: {'gradient_clip_val': 0.32840247799186834, 'hidden_size': 117, 'dropout': 0.10051018853346642, 'hidden_continuous_size': 35, 'attention_head_size': 4, 'learning_rate': 0.04187961575461004}. Best is trial 66 with value: 7.377462863922119.
LOCAL_RANK: 0 - CUDA_VISIBLE_DEVICES: [0]
[I 2023-11-30 10:06:37,952] Trial 67 finished with value: 11.985262870788574 and parameters: {'gradient_clip_val': 0.3311331983984234, 'hidden_size': 142, 'dropout': 0.10156705868306415, 'hidden_continuous_size': 80, 'attention_head_size': 4, 'learning_rate': 0.06990773936826718}. Best is trial 66 with value: 7.377462863922119.
LOCAL_RANK: 0 - CUDA_VISIBLE_DEVICES: [0]
[I 2023-11-30 10:06:52,317] Trial 68 finished with value: 8.380319595336914 and parameters: {'gradient_clip_val': 0.2958974157838709, 'hidden_size': 126, 'dropout': 0.1382589111890563, 'hidden_continuous_size': 35, 'attention_head_size': 4, 'learning_rate': 0.042769973247608374}. Best is trial 66 with value: 7.377462863922119.
LOCAL_RANK: 0 - CUDA_VISIBLE_DEVICES: [0]
[I 2023-11-30 10:07:06,619] Trial 69 finished with value: 12.364166259765625 and parameters: {'gradient_clip_val': 0.34775402621226165, 'hidden_size': 148, 'dropout': 0.12246092965207049, 'hidden_continuous_size': 50, 'attention_head_size': 4, 'learning_rate': 0.0540823521430146}. Best is trial 66 with value: 7.377462863922119.
LOCAL_RANK: 0 - CUDA_VISIBLE_DEVICES: [0]
[I 2023-11-30 10:07:20,794] Trial 70 finished with value: 7.396394729614258 and parameters: {'gradient_clip_val': 0.3102934172056593, 'hidden_size': 118, 'dropout': 0.14719609101666803, 'hidden_continuous_size': 38, 'attention_head_size': 4, 'learning_rate': 0.08685385019000552}. Best is trial 66 with value: 7.377462863922119.
LOCAL_RANK: 0 - CUDA_VISIBLE_DEVICES: [0]
[I 2023-11-30 10:07:34,958] Trial 71 finished with value: 7.4771342277526855 and parameters: {'gradient_clip_val': 0.32015011737679216, 'hidden_size': 122, 'dropout': 0.1455209060090655, 'hidden_continuous_size': 38, 'attention_head_size': 4, 'learning_rate': 0.08765321592366102}. Best is trial 66 with value: 7.377462863922119.
LOCAL_RANK: 0 - CUDA_VISIBLE_DEVICES: [0]
[I 2023-11-30 10:07:49,070] Trial 72 finished with value: 9.9701566696167 and parameters: {'gradient_clip_val': 0.3111384222356866, 'hidden_size': 119, 'dropout': 0.16958724430521532, 'hidden_continuous_size': 38, 'attention_head_size': 4, 'learning_rate': 0.08448717910356594}. Best is trial 66 with value: 7.377462863922119.
LOCAL_RANK: 0 - CUDA_VISIBLE_DEVICES: [0]
[I 2023-11-30 10:08:03,506] Trial 73 finished with value: 9.28267765045166 and parameters: {'gradient_clip_val': 0.40230013757158267, 'hidden_size': 135, 'dropout': 0.15975630965207704, 'hidden_continuous_size': 45, 'attention_head_size': 4, 'learning_rate': 0.08617733109030175}. Best is trial 66 with value: 7.377462863922119.
LOCAL_RANK: 0 - CUDA_VISIBLE_DEVICES: [0]
[I 2023-11-30 10:08:17,646] Trial 74 finished with value: 9.515181541442871 and parameters: {'gradient_clip_val': 0.337630600357547, 'hidden_size': 126, 'dropout': 0.14594845706350973, 'hidden_continuous_size': 41, 'attention_head_size': 4, 'learning_rate': 0.09922845686744679}. Best is trial 66 with value: 7.377462863922119.
LOCAL_RANK: 0 - CUDA_VISIBLE_DEVICES: [0]
[I 2023-11-30 10:08:31,531] Trial 75 finished with value: 12.30944538116455 and parameters: {'gradient_clip_val': 0.3679612324708469, 'hidden_size': 97, 'dropout': 0.17549235132082752, 'hidden_continuous_size': 37, 'attention_head_size': 3, 'learning_rate': 0.06985924219466401}. Best is trial 66 with value: 7.377462863922119.
LOCAL_RANK: 0 - CUDA_VISIBLE_DEVICES: [0]
[I 2023-11-30 10:08:45,644] Trial 76 finished with value: 7.728687286376953 and parameters: {'gradient_clip_val': 0.2788808623341782, 'hidden_size': 114, 'dropout': 0.13389664601008525, 'hidden_continuous_size': 44, 'attention_head_size': 4, 'learning_rate': 0.06592350337535187}. Best is trial 66 with value: 7.377462863922119.
LOCAL_RANK: 0 - CUDA_VISIBLE_DEVICES: [0]
[I 2023-11-30 10:08:59,916] Trial 77 finished with value: 7.416976451873779 and parameters: {'gradient_clip_val': 0.4136337700342482, 'hidden_size': 142, 'dropout': 0.18869217660488172, 'hidden_continuous_size': 55, 'attention_head_size': 4, 'learning_rate': 0.09039360008055217}. Best is trial 66 with value: 7.377462863922119.
LOCAL_RANK: 0 - CUDA_VISIBLE_DEVICES: [0]
[I 2023-11-30 10:09:14,335] Trial 78 finished with value: 6.395096302032471 and parameters: {'gradient_clip_val': 0.425350589205786, 'hidden_size': 140, 'dropout': 0.19142514988160664, 'hidden_continuous_size': 55, 'attention_head_size': 4, 'learning_rate': 0.08245323787144024}. Best is trial 78 with value: 6.395096302032471.
LOCAL_RANK: 0 - CUDA_VISIBLE_DEVICES: [0]
