[I 2023-11-29 23:56:29,798] Trial 138 finished with value: 0.22113876044750214 and parameters: {'gradient_clip_val': 0.5673818542748734, 'hidden_size': 34, 'dropout': 0.3553408785976155, 'hidden_continuous_size': 32, 'attention_head_size': 4, 'learning_rate': 0.041034606582510555}. Best is trial 94 with value: 0.09252354502677917.
LOCAL_RANK: 0 - CUDA_VISIBLE_DEVICES: [0]
[I 2023-11-29 23:56:43,027] Trial 139 finished with value: 0.10703346133232117 and parameters: {'gradient_clip_val': 0.7127140647833717, 'hidden_size': 53, 'dropout': 0.3331028968791949, 'hidden_continuous_size': 29, 'attention_head_size': 3, 'learning_rate': 0.033676195893343794}. Best is trial 94 with value: 0.09252354502677917.
LOCAL_RANK: 0 - CUDA_VISIBLE_DEVICES: [0]
[I 2023-11-29 23:56:56,639] Trial 140 finished with value: 0.15648812055587769 and parameters: {'gradient_clip_val': 0.7261199567301556, 'hidden_size': 55, 'dropout': 0.3342558545906087, 'hidden_continuous_size': 49, 'attention_head_size': 3, 'learning_rate': 0.026212165076906265}. Best is trial 94 with value: 0.09252354502677917.
LOCAL_RANK: 0 - CUDA_VISIBLE_DEVICES: [0]
[I 2023-11-29 23:57:09,658] Trial 141 finished with value: 0.13351695239543915 and parameters: {'gradient_clip_val': 0.699774165743305, 'hidden_size': 47, 'dropout': 0.3016037091201854, 'hidden_continuous_size': 28, 'attention_head_size': 3, 'learning_rate': 0.03308032540141135}. Best is trial 94 with value: 0.09252354502677917.
LOCAL_RANK: 0 - CUDA_VISIBLE_DEVICES: [0]
[I 2023-11-29 23:57:22,870] Trial 142 finished with value: 0.1858806163072586 and parameters: {'gradient_clip_val': 0.6262625151090667, 'hidden_size': 51, 'dropout': 0.34670924707452694, 'hidden_continuous_size': 30, 'attention_head_size': 4, 'learning_rate': 0.04547396967680433}. Best is trial 94 with value: 0.09252354502677917.
LOCAL_RANK: 0 - CUDA_VISIBLE_DEVICES: [0]
[I 2023-11-29 23:57:35,933] Trial 143 finished with value: 0.16751618683338165 and parameters: {'gradient_clip_val': 0.8790435319925277, 'hidden_size': 45, 'dropout': 0.32360223194997517, 'hidden_continuous_size': 29, 'attention_head_size': 4, 'learning_rate': 0.05176312947614014}. Best is trial 94 with value: 0.09252354502677917.
LOCAL_RANK: 0 - CUDA_VISIBLE_DEVICES: [0]
[I 2023-11-29 23:57:48,930] Trial 144 finished with value: 0.27415528893470764 and parameters: {'gradient_clip_val': 0.8242179640474094, 'hidden_size': 42, 'dropout': 0.33709253926960103, 'hidden_continuous_size': 38, 'attention_head_size': 3, 'learning_rate': 0.03757146962321901}. Best is trial 94 with value: 0.09252354502677917.
LOCAL_RANK: 0 - CUDA_VISIBLE_DEVICES: [0]
[I 2023-11-29 23:58:01,706] Trial 145 finished with value: 0.3119567930698395 and parameters: {'gradient_clip_val': 0.9577276354339692, 'hidden_size': 39, 'dropout': 0.3583250352427853, 'hidden_continuous_size': 34, 'attention_head_size': 2, 'learning_rate': 0.030270385692729846}. Best is trial 94 with value: 0.09252354502677917.
LOCAL_RANK: 0 - CUDA_VISIBLE_DEVICES: [0]
[I 2023-11-29 23:58:15,045] Trial 146 finished with value: 0.16084666550159454 and parameters: {'gradient_clip_val': 0.7710824015890967, 'hidden_size': 53, 'dropout': 0.31508361044730343, 'hidden_continuous_size': 39, 'attention_head_size': 1, 'learning_rate': 0.06566738943189307}. Best is trial 94 with value: 0.09252354502677917.
LOCAL_RANK: 0 - CUDA_VISIBLE_DEVICES: [0]
[I 2023-11-29 23:58:27,421] Trial 147 finished with value: 0.15899477899074554 and parameters: {'gradient_clip_val': 0.6511898056229767, 'hidden_size': 36, 'dropout': 0.28985967779685745, 'hidden_continuous_size': 34, 'attention_head_size': 1, 'learning_rate': 0.05603804585052837}. Best is trial 94 with value: 0.09252354502677917.
LOCAL_RANK: 0 - CUDA_VISIBLE_DEVICES: [0]
[I 2023-11-29 23:58:40,595] Trial 148 finished with value: 0.19042110443115234 and parameters: {'gradient_clip_val': 0.7378527991504816, 'hidden_size': 49, 'dropout': 0.29842371042509275, 'hidden_continuous_size': 37, 'attention_head_size': 1, 'learning_rate': 0.07831343784704821}. Best is trial 94 with value: 0.09252354502677917.
LOCAL_RANK: 0 - CUDA_VISIBLE_DEVICES: [0]
[I 2023-11-29 23:58:53,277] Trial 149 finished with value: 0.2243373841047287 and parameters: {'gradient_clip_val': 0.9149593061398894, 'hidden_size': 31, 'dropout': 0.3072198736930562, 'hidden_continuous_size': 30, 'attention_head_size': 3, 'learning_rate': 0.03408411178645118}. Best is trial 94 with value: 0.09252354502677917.
[I 2023-11-29 23:58:53,394] A new study created in memory with name: no-name-8f64735b-40fb-4b68-8862-26f6a2a544e1
/home/le004/conda/anaconda3/envs/tsff_env/lib/python3.9/site-packages/lightning/fabric/plugins/environments/slurm.py:191: The `srun` command is available on your system but is not used. HINT: If your intention is to run Lightning on SLURM, prepend your python command with `srun` like so: srun python /home/le004/master_thesis/git/TSFusionForecast/code/ ...
LOCAL_RANK: 0 - CUDA_VISIBLE_DEVICES: [0]
[I 2023-11-29 23:59:03,644] Trial 0 finished with value: 0.45414403080940247 and parameters: {'gradient_clip_val': 0.7893703081096807, 'hidden_size': 10, 'dropout': 0.2635843117163139, 'hidden_continuous_size': 10, 'attention_head_size': 4, 'learning_rate': 0.04801833599561475}. Best is trial 0 with value: 0.45414403080940247.
LOCAL_RANK: 0 - CUDA_VISIBLE_DEVICES: [0]
[I 2023-11-29 23:59:16,346] Trial 1 finished with value: 0.25917869806289673 and parameters: {'gradient_clip_val': 0.17384017357272452, 'hidden_size': 26, 'dropout': 0.3544558247163395, 'hidden_continuous_size': 19, 'attention_head_size': 4, 'learning_rate': 0.03829984542148383}. Best is trial 1 with value: 0.25917869806289673.
LOCAL_RANK: 0 - CUDA_VISIBLE_DEVICES: [0]
[I 2023-11-29 23:59:28,598] Trial 2 finished with value: 0.14244458079338074 and parameters: {'gradient_clip_val': 0.5541720218951116, 'hidden_size': 36, 'dropout': 0.12573695471938484, 'hidden_continuous_size': 30, 'attention_head_size': 1, 'learning_rate': 0.04692051447069439}. Best is trial 2 with value: 0.14244458079338074.
LOCAL_RANK: 0 - CUDA_VISIBLE_DEVICES: [0]
[I 2023-11-29 23:59:42,105] Trial 3 finished with value: 0.3468886613845825 and parameters: {'gradient_clip_val': 0.25252760476466096, 'hidden_size': 78, 'dropout': 0.3001862771850668, 'hidden_continuous_size': 25, 'attention_head_size': 1, 'learning_rate': 0.09456892532624002}. Best is trial 2 with value: 0.14244458079338074.
LOCAL_RANK: 0 - CUDA_VISIBLE_DEVICES: [0]
[I 2023-11-29 23:59:56,168] Trial 4 finished with value: 0.47028425335884094 and parameters: {'gradient_clip_val': 0.8909243877076276, 'hidden_size': 143, 'dropout': 0.3910226842533103, 'hidden_continuous_size': 22, 'attention_head_size': 2, 'learning_rate': 0.002641092617818875}. Best is trial 2 with value: 0.14244458079338074.
LOCAL_RANK: 0 - CUDA_VISIBLE_DEVICES: [0]
[I 2023-11-30 00:00:10,565] Trial 5 finished with value: 0.12989945709705353 and parameters: {'gradient_clip_val': 0.12411503791829236, 'hidden_size': 130, 'dropout': 0.22572250389958368, 'hidden_continuous_size': 82, 'attention_head_size': 3, 'learning_rate': 0.022431687634125983}. Best is trial 5 with value: 0.12989945709705353.
LOCAL_RANK: 0 - CUDA_VISIBLE_DEVICES: [0]
[I 2023-11-30 00:00:23,087] Trial 6 finished with value: 0.2762157618999481 and parameters: {'gradient_clip_val': 0.11791304776384247, 'hidden_size': 32, 'dropout': 0.2868060701943531, 'hidden_continuous_size': 13, 'attention_head_size': 4, 'learning_rate': 0.036616740927032744}. Best is trial 5 with value: 0.12989945709705353.
LOCAL_RANK: 0 - CUDA_VISIBLE_DEVICES: [0]
[I 2023-11-30 00:00:35,647] Trial 7 finished with value: 1.9385910034179688 and parameters: {'gradient_clip_val': 0.10742094223111921, 'hidden_size': 34, 'dropout': 0.3853896171643585, 'hidden_continuous_size': 16, 'attention_head_size': 2, 'learning_rate': 0.0012824439947700175}. Best is trial 5 with value: 0.12989945709705353.
LOCAL_RANK: 0 - CUDA_VISIBLE_DEVICES: [0]
[I 2023-11-30 00:00:47,523] Trial 8 finished with value: 1.3883453607559204 and parameters: {'gradient_clip_val': 0.38496382398932577, 'hidden_size': 20, 'dropout': 0.2891601957627473, 'hidden_continuous_size': 11, 'attention_head_size': 2, 'learning_rate': 0.0059927209790610735}. Best is trial 5 with value: 0.12989945709705353.
LOCAL_RANK: 0 - CUDA_VISIBLE_DEVICES: [0]
[I 2023-11-30 00:01:00,337] Trial 9 finished with value: 1.488700270652771 and parameters: {'gradient_clip_val': 0.2197366356061489, 'hidden_size': 43, 'dropout': 0.3747803996411223, 'hidden_continuous_size': 18, 'attention_head_size': 4, 'learning_rate': 0.0023421218557049266}. Best is trial 5 with value: 0.12989945709705353.
LOCAL_RANK: 0 - CUDA_VISIBLE_DEVICES: [0]
[I 2023-11-30 00:01:14,846] Trial 10 finished with value: 0.2420007437467575 and parameters: {'gradient_clip_val': 0.14217223749233165, 'hidden_size': 140, 'dropout': 0.1931299426830689, 'hidden_continuous_size': 85, 'attention_head_size': 3, 'learning_rate': 0.013390773708412115}. Best is trial 5 with value: 0.12989945709705353.
LOCAL_RANK: 0 - CUDA_VISIBLE_DEVICES: [0]
[I 2023-11-30 00:01:25,578] Trial 11 finished with value: 0.32358497381210327 and parameters: {'gradient_clip_val': 0.419146879424828, 'hidden_size': 58, 'dropout': 0.1146314252673841, 'hidden_continuous_size': 58, 'attention_head_size': 1, 'learning_rate': 0.016168810875883552}. Best is trial 5 with value: 0.12989945709705353.
LOCAL_RANK: 0 - CUDA_VISIBLE_DEVICES: [0]
[I 2023-11-30 00:01:39,180] Trial 12 finished with value: 0.12422672659158707 and parameters: {'gradient_clip_val': 0.5487746095836068, 'hidden_size': 84, 'dropout': 0.19323419366887412, 'hidden_continuous_size': 37, 'attention_head_size': 3, 'learning_rate': 0.02098290852972614}. Best is trial 12 with value: 0.12422672659158707.
LOCAL_RANK: 0 - CUDA_VISIBLE_DEVICES: [0]
[I 2023-11-30 00:01:53,089] Trial 13 finished with value: 0.12656383216381073 and parameters: {'gradient_clip_val': 0.33530642457277077, 'hidden_size': 91, 'dropout': 0.21555114183727486, 'hidden_continuous_size': 49, 'attention_head_size': 3, 'learning_rate': 0.016630666533051734}. Best is trial 12 with value: 0.12422672659158707.
LOCAL_RANK: 0 - CUDA_VISIBLE_DEVICES: [0]
[I 2023-11-30 00:02:06,759] Trial 14 finished with value: 0.20990796387195587 and parameters: {'gradient_clip_val': 0.3077934347928913, 'hidden_size': 88, 'dropout': 0.18361215914242635, 'hidden_continuous_size': 36, 'attention_head_size': 3, 'learning_rate': 0.006922232837038299}. Best is trial 12 with value: 0.12422672659158707.
LOCAL_RANK: 0 - CUDA_VISIBLE_DEVICES: [0]
[I 2023-11-30 00:02:20,546] Trial 15 finished with value: 0.10666268318891525 and parameters: {'gradient_clip_val': 0.5195105257257235, 'hidden_size': 86, 'dropout': 0.1671777308804192, 'hidden_continuous_size': 39, 'attention_head_size': 3, 'learning_rate': 0.009124902042142977}. Best is trial 15 with value: 0.10666268318891525.
LOCAL_RANK: 0 - CUDA_VISIBLE_DEVICES: [0]
[I 2023-11-30 00:02:34,128] Trial 16 finished with value: 0.21807830035686493 and parameters: {'gradient_clip_val': 0.5608197498371055, 'hidden_size': 57, 'dropout': 0.15745730303238903, 'hidden_continuous_size': 33, 'attention_head_size': 3, 'learning_rate': 0.008673264211001376}. Best is trial 15 with value: 0.10666268318891525.
LOCAL_RANK: 0 - CUDA_VISIBLE_DEVICES: [0]
[I 2023-11-30 00:02:48,091] Trial 17 finished with value: 0.18367381393909454 and parameters: {'gradient_clip_val': 0.6447489807944573, 'hidden_size': 99, 'dropout': 0.13981003200922287, 'hidden_continuous_size': 43, 'attention_head_size': 2, 'learning_rate': 0.005496128413754873}. Best is trial 15 with value: 0.10666268318891525.
LOCAL_RANK: 0 - CUDA_VISIBLE_DEVICES: [0]
[I 2023-11-30 00:03:01,573] Trial 18 finished with value: 0.34277328848838806 and parameters: {'gradient_clip_val': 0.458075450245412, 'hidden_size': 65, 'dropout': 0.16007776845178454, 'hidden_continuous_size': 26, 'attention_head_size': 3, 'learning_rate': 0.02166543307081375}. Best is trial 15 with value: 0.10666268318891525.
LOCAL_RANK: 0 - CUDA_VISIBLE_DEVICES: [0]
[I 2023-11-30 00:03:15,498] Trial 19 finished with value: 0.18051135540008545 and parameters: {'gradient_clip_val': 0.7288940358562538, 'hidden_size': 109, 'dropout': 0.180081359904022, 'hidden_continuous_size': 64, 'attention_head_size': 2, 'learning_rate': 0.011976194114490236}. Best is trial 15 with value: 0.10666268318891525.
LOCAL_RANK: 0 - CUDA_VISIBLE_DEVICES: [0]
[I 2023-11-30 00:03:29,091] Trial 20 finished with value: 0.348867803812027 and parameters: {'gradient_clip_val': 0.8892763261711198, 'hidden_size': 70, 'dropout': 0.10320621891422886, 'hidden_continuous_size': 40, 'attention_head_size': 4, 'learning_rate': 0.009455498807153294}. Best is trial 15 with value: 0.10666268318891525.
LOCAL_RANK: 0 - CUDA_VISIBLE_DEVICES: [0]
[I 2023-11-30 00:03:43,246] Trial 21 finished with value: 0.11618169397115707 and parameters: {'gradient_clip_val': 0.3515152328377188, 'hidden_size': 103, 'dropout': 0.21747624518459052, 'hidden_continuous_size': 44, 'attention_head_size': 3, 'learning_rate': 0.019641985234862852}. Best is trial 15 with value: 0.10666268318891525.
LOCAL_RANK: 0 - CUDA_VISIBLE_DEVICES: [0]
[I 2023-11-30 00:03:57,188] Trial 22 finished with value: 0.33108460903167725 and parameters: {'gradient_clip_val': 0.5049225506718329, 'hidden_size': 100, 'dropout': 0.21527024505507858, 'hidden_continuous_size': 47, 'attention_head_size': 3, 'learning_rate': 0.0241178684811021}. Best is trial 15 with value: 0.10666268318891525.
LOCAL_RANK: 0 - CUDA_VISIBLE_DEVICES: [0]
[I 2023-11-30 00:04:08,038] Trial 23 finished with value: 0.1733505129814148 and parameters: {'gradient_clip_val': 0.6060674623221962, 'hidden_size': 118, 'dropout': 0.2402830883481987, 'hidden_continuous_size': 118, 'attention_head_size': 3, 'learning_rate': 0.011585841085120676}. Best is trial 15 with value: 0.10666268318891525.
LOCAL_RANK: 0 - CUDA_VISIBLE_DEVICES: [0]
[I 2023-11-30 00:04:21,759] Trial 24 finished with value: 0.2013494223356247 and parameters: {'gradient_clip_val': 0.4350638217655537, 'hidden_size': 82, 'dropout': 0.20213588300506594, 'hidden_continuous_size': 38, 'attention_head_size': 3, 'learning_rate': 0.028744672636260182}. Best is trial 15 with value: 0.10666268318891525.
LOCAL_RANK: 0 - CUDA_VISIBLE_DEVICES: [0]
[I 2023-11-30 00:04:35,661] Trial 25 finished with value: 0.44117292761802673 and parameters: {'gradient_clip_val': 0.49609816016820746, 'hidden_size': 117, 'dropout': 0.16758705754948544, 'hidden_continuous_size': 30, 'attention_head_size': 2, 'learning_rate': 0.015900818298730007}. Best is trial 15 with value: 0.10666268318891525.
LOCAL_RANK: 0 - CUDA_VISIBLE_DEVICES: [0]
[I 2023-11-30 00:04:49,029] Trial 26 finished with value: 0.24341416358947754 and parameters: {'gradient_clip_val': 0.3615352398189657, 'hidden_size': 52, 'dropout': 0.1418132493038512, 'hidden_continuous_size': 33, 'attention_head_size': 3, 'learning_rate': 0.00841145749622691}. Best is trial 15 with value: 0.10666268318891525.
LOCAL_RANK: 0 - CUDA_VISIBLE_DEVICES: [0]
[I 2023-11-30 00:05:02,623] Trial 27 finished with value: 0.29430413246154785 and parameters: {'gradient_clip_val': 0.6664522892628829, 'hidden_size': 72, 'dropout': 0.19474005551106727, 'hidden_continuous_size': 37, 'attention_head_size': 4, 'learning_rate': 0.004140366636454168}. Best is trial 15 with value: 0.10666268318891525.
LOCAL_RANK: 0 - CUDA_VISIBLE_DEVICES: [0]
[I 2023-11-30 00:05:16,454] Trial 28 finished with value: 0.19749325513839722 and parameters: {'gradient_clip_val': 0.2982355770177555, 'hidden_size': 89, 'dropout': 0.24275598391634504, 'hidden_continuous_size': 43, 'attention_head_size': 3, 'learning_rate': 0.010231031823340083}. Best is trial 15 with value: 0.10666268318891525.
LOCAL_RANK: 0 - CUDA_VISIBLE_DEVICES: [0]
[I 2023-11-30 00:05:31,013] Trial 29 finished with value: 0.3886239230632782 and parameters: {'gradient_clip_val': 0.751346668167873, 'hidden_size': 147, 'dropout': 0.25745691432646534, 'hidden_continuous_size': 54, 'attention_head_size': 4, 'learning_rate': 0.06636609827718262}. Best is trial 15 with value: 0.10666268318891525.
LOCAL_RANK: 0 - CUDA_VISIBLE_DEVICES: [0]
[I 2023-11-30 00:05:43,864] Trial 30 finished with value: 0.1961788535118103 and parameters: {'gradient_clip_val': 0.39647771101229556, 'hidden_size': 48, 'dropout': 0.17201005980176282, 'hidden_continuous_size': 28, 'attention_head_size': 2, 'learning_rate': 0.017130717874670444}. Best is trial 15 with value: 0.10666268318891525.
LOCAL_RANK: 0 - CUDA_VISIBLE_DEVICES: [0]
[I 2023-11-30 00:05:57,970] Trial 31 finished with value: 0.17188584804534912 and parameters: {'gradient_clip_val': 0.347941871852414, 'hidden_size': 98, 'dropout': 0.20519805239395494, 'hidden_continuous_size': 48, 'attention_head_size': 3, 'learning_rate': 0.019242615692420733}. Best is trial 15 with value: 0.10666268318891525.
LOCAL_RANK: 0 - CUDA_VISIBLE_DEVICES: [0]
[I 2023-11-30 00:06:11,573] Trial 32 finished with value: 0.160600483417511 and parameters: {'gradient_clip_val': 0.5154918288748899, 'hidden_size': 80, 'dropout': 0.22429227804877105, 'hidden_continuous_size': 43, 'attention_head_size': 3, 'learning_rate': 0.03045878761670466}. Best is trial 15 with value: 0.10666268318891525.
LOCAL_RANK: 0 - CUDA_VISIBLE_DEVICES: [0]
[I 2023-11-30 00:06:25,131] Trial 33 finished with value: 0.12552058696746826 and parameters: {'gradient_clip_val': 0.4546857225191597, 'hidden_size': 65, 'dropout': 0.21526271258890314, 'hidden_continuous_size': 33, 'attention_head_size': 3, 'learning_rate': 0.0143333534357194}. Best is trial 15 with value: 0.10666268318891525.
LOCAL_RANK: 0 - CUDA_VISIBLE_DEVICES: [0]
[I 2023-11-30 00:06:38,532] Trial 34 finished with value: 0.18584589660167694 and parameters: {'gradient_clip_val': 0.4840076710447241, 'hidden_size': 65, 'dropout': 0.1817162315962278, 'hidden_continuous_size': 32, 'attention_head_size': 3, 'learning_rate': 0.014136337923589159}. Best is trial 15 with value: 0.10666268318891525.
LOCAL_RANK: 0 - CUDA_VISIBLE_DEVICES: [0]
[I 2023-11-30 00:06:52,598] Trial 35 finished with value: 0.22077584266662598 and parameters: {'gradient_clip_val': 0.5796860533492616, 'hidden_size': 118, 'dropout': 0.23236732725973097, 'hidden_continuous_size': 26, 'attention_head_size': 4, 'learning_rate': 0.04609370804879747}. Best is trial 15 with value: 0.10666268318891525.
LOCAL_RANK: 0 - CUDA_VISIBLE_DEVICES: [0]
[I 2023-11-30 00:07:06,240] Trial 36 finished with value: 0.1049429401755333 and parameters: {'gradient_clip_val': 0.4463277191536444, 'hidden_size': 75, 'dropout': 0.26754480048896356, 'hidden_continuous_size': 23, 'attention_head_size': 3, 'learning_rate': 0.023678813846973956}. Best is trial 36 with value: 0.1049429401755333.
LOCAL_RANK: 0 - CUDA_VISIBLE_DEVICES: [0]
[I 2023-11-30 00:07:19,736] Trial 37 finished with value: 0.23675568401813507 and parameters: {'gradient_clip_val': 0.4134834003700751, 'hidden_size': 77, 'dropout': 0.25208310256700217, 'hidden_continuous_size': 22, 'attention_head_size': 4, 'learning_rate': 0.026477071727653727}. Best is trial 36 with value: 0.1049429401755333.
LOCAL_RANK: 0 - CUDA_VISIBLE_DEVICES: [0]
[I 2023-11-30 00:07:33,459] Trial 38 finished with value: 0.1977868676185608 and parameters: {'gradient_clip_val': 0.5324281832926842, 'hidden_size': 128, 'dropout': 0.2723036112035105, 'hidden_continuous_size': 23, 'attention_head_size': 2, 'learning_rate': 0.021491089586897487}. Best is trial 36 with value: 0.1049429401755333.
LOCAL_RANK: 0 - CUDA_VISIBLE_DEVICES: [0]
[I 2023-11-30 00:07:47,287] Trial 39 finished with value: 0.18012958765029907 and parameters: {'gradient_clip_val': 0.28416214074666984, 'hidden_size': 102, 'dropout': 0.32231878723823404, 'hidden_continuous_size': 28, 'attention_head_size': 3, 'learning_rate': 0.03429945544321278}. Best is trial 36 with value: 0.1049429401755333.
LOCAL_RANK: 0 - CUDA_VISIBLE_DEVICES: [0]
[I 2023-11-30 00:08:00,827] Trial 40 finished with value: 0.222825288772583 and parameters: {'gradient_clip_val': 0.3838329632319192, 'hidden_size': 81, 'dropout': 0.2351176645549997, 'hidden_continuous_size': 20, 'attention_head_size': 4, 'learning_rate': 0.03720583187106846}. Best is trial 36 with value: 0.1049429401755333.
LOCAL_RANK: 0 - CUDA_VISIBLE_DEVICES: [0]
[I 2023-11-30 00:08:14,445] Trial 41 finished with value: 0.23448137938976288 and parameters: {'gradient_clip_val': 0.4503230460249793, 'hidden_size': 61, 'dropout': 0.21190508541518088, 'hidden_continuous_size': 35, 'attention_head_size': 3, 'learning_rate': 0.020593606897384476}. Best is trial 36 with value: 0.1049429401755333.
LOCAL_RANK: 0 - CUDA_VISIBLE_DEVICES: [0]
[I 2023-11-30 00:08:28,005] Trial 42 finished with value: 0.13866330683231354 and parameters: {'gradient_clip_val': 0.5872755667001108, 'hidden_size': 74, 'dropout': 0.26487018424599584, 'hidden_continuous_size': 30, 'attention_head_size': 3, 'learning_rate': 0.013254473128418005}. Best is trial 36 with value: 0.1049429401755333.
LOCAL_RANK: 0 - CUDA_VISIBLE_DEVICES: [0]
[I 2023-11-30 00:08:41,362] Trial 43 finished with value: 0.19660811126232147 and parameters: {'gradient_clip_val': 0.45595690733825833, 'hidden_size': 65, 'dropout': 0.19486828090932556, 'hidden_continuous_size': 34, 'attention_head_size': 3, 'learning_rate': 0.02714252447821973}. Best is trial 36 with value: 0.1049429401755333.
LOCAL_RANK: 0 - CUDA_VISIBLE_DEVICES: [0]
[I 2023-11-30 00:08:54,893] Trial 44 finished with value: 0.10843618959188461 and parameters: {'gradient_clip_val': 0.35819442569678583, 'hidden_size': 88, 'dropout': 0.2239928983382638, 'hidden_continuous_size': 38, 'attention_head_size': 3, 'learning_rate': 0.0117299680601839}. Best is trial 36 with value: 0.1049429401755333.
LOCAL_RANK: 0 - CUDA_VISIBLE_DEVICES: [0]
