[I 2023-11-30 01:28:26,306] Trial 92 finished with value: 5.641178607940674 and parameters: {'gradient_clip_val': 0.13377187829061346, 'hidden_size': 33, 'dropout': 0.26813992127006114, 'hidden_continuous_size': 14, 'attention_head_size': 4, 'learning_rate': 0.05237274285649951}. Best is trial 25 with value: 4.6779398918151855.
LOCAL_RANK: 0 - CUDA_VISIBLE_DEVICES: [0]
[I 2023-11-30 01:28:38,602] Trial 93 finished with value: 5.046162128448486 and parameters: {'gradient_clip_val': 0.10459537020774523, 'hidden_size': 29, 'dropout': 0.25992575991279676, 'hidden_continuous_size': 10, 'attention_head_size': 4, 'learning_rate': 0.02842922767210427}. Best is trial 25 with value: 4.6779398918151855.
LOCAL_RANK: 0 - CUDA_VISIBLE_DEVICES: [0]
[I 2023-11-30 01:28:51,341] Trial 94 finished with value: 5.354946136474609 and parameters: {'gradient_clip_val': 0.14464148090587933, 'hidden_size': 31, 'dropout': 0.28231266347712636, 'hidden_continuous_size': 21, 'attention_head_size': 4, 'learning_rate': 0.039147671528212}. Best is trial 25 with value: 4.6779398918151855.
LOCAL_RANK: 0 - CUDA_VISIBLE_DEVICES: [0]
[I 2023-11-30 01:29:03,757] Trial 95 finished with value: 5.216769695281982 and parameters: {'gradient_clip_val': 0.11283991426767712, 'hidden_size': 26, 'dropout': 0.3034990289863334, 'hidden_continuous_size': 17, 'attention_head_size': 4, 'learning_rate': 0.044467270141675924}. Best is trial 25 with value: 4.6779398918151855.
LOCAL_RANK: 0 - CUDA_VISIBLE_DEVICES: [0]
[I 2023-11-30 01:29:16,365] Trial 96 finished with value: 5.167840957641602 and parameters: {'gradient_clip_val': 0.12686130037937662, 'hidden_size': 35, 'dropout': 0.27280749119903036, 'hidden_continuous_size': 11, 'attention_head_size': 4, 'learning_rate': 0.03604455857428232}. Best is trial 25 with value: 4.6779398918151855.
LOCAL_RANK: 0 - CUDA_VISIBLE_DEVICES: [0]
[I 2023-11-30 01:29:29,331] Trial 97 finished with value: 5.48308801651001 and parameters: {'gradient_clip_val': 0.11875972172842715, 'hidden_size': 43, 'dropout': 0.31280399368398165, 'hidden_continuous_size': 24, 'attention_head_size': 4, 'learning_rate': 0.05618644875611293}. Best is trial 25 with value: 4.6779398918151855.
LOCAL_RANK: 0 - CUDA_VISIBLE_DEVICES: [0]
[I 2023-11-30 01:29:41,838] Trial 98 finished with value: 4.9144415855407715 and parameters: {'gradient_clip_val': 0.15916203419178093, 'hidden_size': 36, 'dropout': 0.29248965653687226, 'hidden_continuous_size': 18, 'attention_head_size': 3, 'learning_rate': 0.07002495970205433}. Best is trial 25 with value: 4.6779398918151855.
LOCAL_RANK: 0 - CUDA_VISIBLE_DEVICES: [0]
[I 2023-11-30 01:29:54,692] Trial 99 finished with value: 5.353668689727783 and parameters: {'gradient_clip_val': 0.13601003831800706, 'hidden_size': 39, 'dropout': 0.29562135807937245, 'hidden_continuous_size': 16, 'attention_head_size': 3, 'learning_rate': 0.06686285365503364}. Best is trial 25 with value: 4.6779398918151855.
LOCAL_RANK: 0 - CUDA_VISIBLE_DEVICES: [0]
[I 2023-11-30 01:30:07,293] Trial 100 finished with value: 5.468081951141357 and parameters: {'gradient_clip_val': 0.15728976005954168, 'hidden_size': 33, 'dropout': 0.2525539010100505, 'hidden_continuous_size': 20, 'attention_head_size': 3, 'learning_rate': 0.07113377250921371}. Best is trial 25 with value: 4.6779398918151855.
LOCAL_RANK: 0 - CUDA_VISIBLE_DEVICES: [0]
[I 2023-11-30 01:30:20,015] Trial 101 finished with value: 5.869986057281494 and parameters: {'gradient_clip_val': 0.14941673260031382, 'hidden_size': 37, 'dropout': 0.2867372374677642, 'hidden_continuous_size': 18, 'attention_head_size': 3, 'learning_rate': 0.0483486068613819}. Best is trial 25 with value: 4.6779398918151855.
LOCAL_RANK: 0 - CUDA_VISIBLE_DEVICES: [0]
[I 2023-11-30 01:30:32,479] Trial 102 finished with value: 5.647402286529541 and parameters: {'gradient_clip_val': 0.12429294227943838, 'hidden_size': 36, 'dropout': 0.2770290107469681, 'hidden_continuous_size': 19, 'attention_head_size': 3, 'learning_rate': 0.032591634883559456}. Best is trial 25 with value: 4.6779398918151855.
LOCAL_RANK: 0 - CUDA_VISIBLE_DEVICES: [0]
[I 2023-11-30 01:30:45,166] Trial 103 finished with value: 5.087181568145752 and parameters: {'gradient_clip_val': 0.16497767076856976, 'hidden_size': 31, 'dropout': 0.2642362968428953, 'hidden_continuous_size': 15, 'attention_head_size': 4, 'learning_rate': 0.042518468345207304}. Best is trial 25 with value: 4.6779398918151855.
LOCAL_RANK: 0 - CUDA_VISIBLE_DEVICES: [0]
[I 2023-11-30 01:30:57,682] Trial 104 finished with value: 5.234939098358154 and parameters: {'gradient_clip_val': 0.11036185456750919, 'hidden_size': 27, 'dropout': 0.2935638996128377, 'hidden_continuous_size': 24, 'attention_head_size': 3, 'learning_rate': 0.05973626426125914}. Best is trial 25 with value: 4.6779398918151855.
LOCAL_RANK: 0 - CUDA_VISIBLE_DEVICES: [0]
[I 2023-11-30 01:31:10,134] Trial 105 finished with value: 6.179386138916016 and parameters: {'gradient_clip_val': 0.13149710852126745, 'hidden_size': 34, 'dropout': 0.2817161824859552, 'hidden_continuous_size': 12, 'attention_head_size': 2, 'learning_rate': 0.04904695001487256}. Best is trial 25 with value: 4.6779398918151855.
LOCAL_RANK: 0 - CUDA_VISIBLE_DEVICES: [0]
[I 2023-11-30 01:31:22,915] Trial 106 finished with value: 4.996635437011719 and parameters: {'gradient_clip_val': 0.10004011259271338, 'hidden_size': 40, 'dropout': 0.27038176476181375, 'hidden_continuous_size': 21, 'attention_head_size': 4, 'learning_rate': 0.026193218734559053}. Best is trial 25 with value: 4.6779398918151855.
LOCAL_RANK: 0 - CUDA_VISIBLE_DEVICES: [0]
[I 2023-11-30 01:31:35,506] Trial 107 finished with value: 5.377597808837891 and parameters: {'gradient_clip_val': 0.13997217626763792, 'hidden_size': 29, 'dropout': 0.2888828968673461, 'hidden_continuous_size': 17, 'attention_head_size': 4, 'learning_rate': 0.03526875372265983}. Best is trial 25 with value: 4.6779398918151855.
LOCAL_RANK: 0 - CUDA_VISIBLE_DEVICES: [0]
[I 2023-11-30 01:31:48,673] Trial 108 finished with value: 4.868424892425537 and parameters: {'gradient_clip_val': 0.11609073347956875, 'hidden_size': 41, 'dropout': 0.3085246019864548, 'hidden_continuous_size': 26, 'attention_head_size': 4, 'learning_rate': 0.03896679692621592}. Best is trial 25 with value: 4.6779398918151855.
LOCAL_RANK: 0 - CUDA_VISIBLE_DEVICES: [0]
[I 2023-11-30 01:32:01,407] Trial 109 finished with value: 5.072158336639404 and parameters: {'gradient_clip_val': 0.11656244501009544, 'hidden_size': 41, 'dropout': 0.3065519043381961, 'hidden_continuous_size': 27, 'attention_head_size': 3, 'learning_rate': 0.029178663766256423}. Best is trial 25 with value: 4.6779398918151855.
LOCAL_RANK: 0 - CUDA_VISIBLE_DEVICES: [0]
[I 2023-11-30 01:32:14,354] Trial 110 finished with value: 5.885218143463135 and parameters: {'gradient_clip_val': 0.10823388487608786, 'hidden_size': 43, 'dropout': 0.29908285651289707, 'hidden_continuous_size': 28, 'attention_head_size': 4, 'learning_rate': 0.038509949834239984}. Best is trial 25 with value: 4.6779398918151855.
LOCAL_RANK: 0 - CUDA_VISIBLE_DEVICES: [0]
[I 2023-11-30 01:32:27,199] Trial 111 finished with value: 5.755222320556641 and parameters: {'gradient_clip_val': 0.12377357983360472, 'hidden_size': 38, 'dropout': 0.2763507084285267, 'hidden_continuous_size': 26, 'attention_head_size': 4, 'learning_rate': 0.054156883059018994}. Best is trial 25 with value: 4.6779398918151855.
LOCAL_RANK: 0 - CUDA_VISIBLE_DEVICES: [0]
[I 2023-11-30 01:32:39,769] Trial 112 finished with value: 5.13598108291626 and parameters: {'gradient_clip_val': 0.13051486819761723, 'hidden_size': 32, 'dropout': 0.3212761176346194, 'hidden_continuous_size': 22, 'attention_head_size': 4, 'learning_rate': 0.04145820305831724}. Best is trial 25 with value: 4.6779398918151855.
LOCAL_RANK: 0 - CUDA_VISIBLE_DEVICES: [0]
[I 2023-11-30 01:32:52,338] Trial 113 finished with value: 5.129485607147217 and parameters: {'gradient_clip_val': 0.14919949935431503, 'hidden_size': 34, 'dropout': 0.30957539314364835, 'hidden_continuous_size': 10, 'attention_head_size': 4, 'learning_rate': 0.0330218960110331}. Best is trial 25 with value: 4.6779398918151855.
LOCAL_RANK: 0 - CUDA_VISIBLE_DEVICES: [0]
[I 2023-11-30 01:33:04,891] Trial 114 finished with value: 5.229816913604736 and parameters: {'gradient_clip_val': 0.11303395816736408, 'hidden_size': 36, 'dropout': 0.28553157951822977, 'hidden_continuous_size': 18, 'attention_head_size': 4, 'learning_rate': 0.045850555633389654}. Best is trial 25 with value: 4.6779398918151855.
LOCAL_RANK: 0 - CUDA_VISIBLE_DEVICES: [0]
[I 2023-11-30 01:33:17,344] Trial 115 finished with value: 5.246958255767822 and parameters: {'gradient_clip_val': 0.12167944460341375, 'hidden_size': 30, 'dropout': 0.30210736177158937, 'hidden_continuous_size': 14, 'attention_head_size': 4, 'learning_rate': 0.0304860712530018}. Best is trial 25 with value: 4.6779398918151855.
LOCAL_RANK: 0 - CUDA_VISIBLE_DEVICES: [0]
[I 2023-11-30 01:33:30,357] Trial 116 finished with value: 4.808553695678711 and parameters: {'gradient_clip_val': 0.10459826304493874, 'hidden_size': 45, 'dropout': 0.2585165462926047, 'hidden_continuous_size': 31, 'attention_head_size': 4, 'learning_rate': 0.039204960282896474}. Best is trial 25 with value: 4.6779398918151855.
LOCAL_RANK: 0 - CUDA_VISIBLE_DEVICES: [0]
[I 2023-11-30 01:33:43,374] Trial 117 finished with value: 5.609952449798584 and parameters: {'gradient_clip_val': 0.10586801108008478, 'hidden_size': 45, 'dropout': 0.2567804874136673, 'hidden_continuous_size': 33, 'attention_head_size': 4, 'learning_rate': 0.03706151277852549}. Best is trial 25 with value: 4.6779398918151855.
LOCAL_RANK: 0 - CUDA_VISIBLE_DEVICES: [0]
[I 2023-11-30 01:33:56,492] Trial 118 finished with value: 4.8609938621521 and parameters: {'gradient_clip_val': 0.10298323902361033, 'hidden_size': 48, 'dropout': 0.26372078821862555, 'hidden_continuous_size': 29, 'attention_head_size': 4, 'learning_rate': 0.07923395563514254}. Best is trial 25 with value: 4.6779398918151855.
LOCAL_RANK: 0 - CUDA_VISIBLE_DEVICES: [0]
[I 2023-11-30 01:34:09,554] Trial 119 finished with value: 5.809346675872803 and parameters: {'gradient_clip_val': 0.10364226895870164, 'hidden_size': 52, 'dropout': 0.24964250456106454, 'hidden_continuous_size': 31, 'attention_head_size': 4, 'learning_rate': 0.08641130552350372}. Best is trial 25 with value: 4.6779398918151855.
LOCAL_RANK: 0 - CUDA_VISIBLE_DEVICES: [0]
[I 2023-11-30 01:34:22,513] Trial 120 finished with value: 5.387058258056641 and parameters: {'gradient_clip_val': 0.11131616657092724, 'hidden_size': 41, 'dropout': 0.26831881631097276, 'hidden_continuous_size': 28, 'attention_head_size': 4, 'learning_rate': 0.05365019876390918}. Best is trial 25 with value: 4.6779398918151855.
LOCAL_RANK: 0 - CUDA_VISIBLE_DEVICES: [0]
[I 2023-11-30 01:34:35,378] Trial 121 finished with value: 4.7755818367004395 and parameters: {'gradient_clip_val': 0.11538697892557491, 'hidden_size': 38, 'dropout': 0.2607531978783873, 'hidden_continuous_size': 29, 'attention_head_size': 4, 'learning_rate': 0.07997140761187367}. Best is trial 25 with value: 4.6779398918151855.
LOCAL_RANK: 0 - CUDA_VISIBLE_DEVICES: [0]
[I 2023-11-30 01:34:48,121] Trial 122 finished with value: 4.881261348724365 and parameters: {'gradient_clip_val': 0.11723648902960436, 'hidden_size': 48, 'dropout': 0.26144861914211565, 'hidden_continuous_size': 29, 'attention_head_size': 4, 'learning_rate': 0.08457700351375425}. Best is trial 25 with value: 4.6779398918151855.
LOCAL_RANK: 0 - CUDA_VISIBLE_DEVICES: [0]
[I 2023-11-30 01:35:01,053] Trial 123 finished with value: 5.408245086669922 and parameters: {'gradient_clip_val': 0.11490413774827053, 'hidden_size': 48, 'dropout': 0.25992537993378384, 'hidden_continuous_size': 29, 'attention_head_size': 4, 'learning_rate': 0.09090063850652899}. Best is trial 25 with value: 4.6779398918151855.
LOCAL_RANK: 0 - CUDA_VISIBLE_DEVICES: [0]
[I 2023-11-30 01:35:13,873] Trial 124 finished with value: 5.005334377288818 and parameters: {'gradient_clip_val': 0.1058331443662139, 'hidden_size': 45, 'dropout': 0.23995689628699748, 'hidden_continuous_size': 30, 'attention_head_size': 4, 'learning_rate': 0.07576655412421318}. Best is trial 25 with value: 4.6779398918151855.
LOCAL_RANK: 0 - CUDA_VISIBLE_DEVICES: [0]
[I 2023-11-30 01:35:27,067] Trial 125 finished with value: 5.410165309906006 and parameters: {'gradient_clip_val': 0.10037520195929836, 'hidden_size': 50, 'dropout': 0.2639017912713196, 'hidden_continuous_size': 31, 'attention_head_size': 4, 'learning_rate': 0.06313283840499917}. Best is trial 25 with value: 4.6779398918151855.
LOCAL_RANK: 0 - CUDA_VISIBLE_DEVICES: [0]
[I 2023-11-30 01:35:40,358] Trial 126 finished with value: 4.966594219207764 and parameters: {'gradient_clip_val': 0.11866964902083861, 'hidden_size': 60, 'dropout': 0.24564745850926806, 'hidden_continuous_size': 26, 'attention_head_size': 4, 'learning_rate': 0.07902091499921472}. Best is trial 25 with value: 4.6779398918151855.
LOCAL_RANK: 0 - CUDA_VISIBLE_DEVICES: [0]
[I 2023-11-30 01:35:53,488] Trial 127 finished with value: 5.380098819732666 and parameters: {'gradient_clip_val': 0.10906854051826287, 'hidden_size': 43, 'dropout': 0.2516866813139313, 'hidden_continuous_size': 27, 'attention_head_size': 4, 'learning_rate': 0.09170411057880153}. Best is trial 25 with value: 4.6779398918151855.
LOCAL_RANK: 0 - CUDA_VISIBLE_DEVICES: [0]
[I 2023-11-30 01:36:06,586] Trial 128 finished with value: 5.129350185394287 and parameters: {'gradient_clip_val': 0.11624719392262353, 'hidden_size': 52, 'dropout': 0.25619332414126755, 'hidden_continuous_size': 30, 'attention_head_size': 4, 'learning_rate': 0.08287773535180801}. Best is trial 25 with value: 4.6779398918151855.
LOCAL_RANK: 0 - CUDA_VISIBLE_DEVICES: [0]
[I 2023-11-30 01:36:19,914] Trial 129 finished with value: 4.631295680999756 and parameters: {'gradient_clip_val': 0.1268607284539784, 'hidden_size': 57, 'dropout': 0.2688973775415356, 'hidden_continuous_size': 25, 'attention_head_size': 4, 'learning_rate': 0.07681543425839338}. Best is trial 129 with value: 4.631295680999756.
LOCAL_RANK: 0 - CUDA_VISIBLE_DEVICES: [0]
[I 2023-11-30 01:36:32,965] Trial 130 finished with value: 4.798468112945557 and parameters: {'gradient_clip_val': 0.12690964044967082, 'hidden_size': 56, 'dropout': 0.27156408368785007, 'hidden_continuous_size': 25, 'attention_head_size': 4, 'learning_rate': 0.09753350663915948}. Best is trial 129 with value: 4.631295680999756.
LOCAL_RANK: 0 - CUDA_VISIBLE_DEVICES: [0]
[I 2023-11-30 01:36:46,073] Trial 131 finished with value: 4.833853244781494 and parameters: {'gradient_clip_val': 0.12696306285393927, 'hidden_size': 60, 'dropout': 0.2678617544239965, 'hidden_continuous_size': 25, 'attention_head_size': 4, 'learning_rate': 0.07644825186683069}. Best is trial 129 with value: 4.631295680999756.
LOCAL_RANK: 0 - CUDA_VISIBLE_DEVICES: [0]
[I 2023-11-30 01:36:59,563] Trial 132 finished with value: 4.552368640899658 and parameters: {'gradient_clip_val': 0.12789861737063596, 'hidden_size': 59, 'dropout': 0.2731506417517173, 'hidden_continuous_size': 25, 'attention_head_size': 4, 'learning_rate': 0.0976275986662504}. Best is trial 132 with value: 4.552368640899658.
LOCAL_RANK: 0 - CUDA_VISIBLE_DEVICES: [0]
[I 2023-11-30 01:37:12,749] Trial 133 finished with value: 6.41614294052124 and parameters: {'gradient_clip_val': 0.12564287281077532, 'hidden_size': 57, 'dropout': 0.2757374605899124, 'hidden_continuous_size': 25, 'attention_head_size': 4, 'learning_rate': 0.09920017240423076}. Best is trial 132 with value: 4.552368640899658.
LOCAL_RANK: 0 - CUDA_VISIBLE_DEVICES: [0]
[I 2023-11-30 01:37:26,110] Trial 134 finished with value: 5.344648361206055 and parameters: {'gradient_clip_val': 0.12870424543246262, 'hidden_size': 66, 'dropout': 0.26956202391060924, 'hidden_continuous_size': 23, 'attention_head_size': 4, 'learning_rate': 0.07283612557571893}. Best is trial 132 with value: 4.552368640899658.
LOCAL_RANK: 0 - CUDA_VISIBLE_DEVICES: [0]
[I 2023-11-30 01:37:39,540] Trial 135 finished with value: 4.506880283355713 and parameters: {'gradient_clip_val': 0.13453429831656719, 'hidden_size': 69, 'dropout': 0.27094199296900107, 'hidden_continuous_size': 24, 'attention_head_size': 4, 'learning_rate': 0.09982564622009601}. Best is trial 135 with value: 4.506880283355713.
LOCAL_RANK: 0 - CUDA_VISIBLE_DEVICES: [0]
[I 2023-11-30 01:37:52,890] Trial 136 finished with value: 5.50785493850708 and parameters: {'gradient_clip_val': 0.13621138848705736, 'hidden_size': 59, 'dropout': 0.2794779960295678, 'hidden_continuous_size': 25, 'attention_head_size': 4, 'learning_rate': 0.09916501679603106}. Best is trial 135 with value: 4.506880283355713.
LOCAL_RANK: 0 - CUDA_VISIBLE_DEVICES: [0]
[I 2023-11-30 01:38:06,595] Trial 137 finished with value: 5.316651821136475 and parameters: {'gradient_clip_val': 0.12287486966856018, 'hidden_size': 71, 'dropout': 0.27110829925991237, 'hidden_continuous_size': 24, 'attention_head_size': 4, 'learning_rate': 0.09100333245798438}. Best is trial 135 with value: 4.506880283355713.
LOCAL_RANK: 0 - CUDA_VISIBLE_DEVICES: [0]
[I 2023-11-30 01:38:19,995] Trial 138 finished with value: 5.06601619720459 and parameters: {'gradient_clip_val': 0.13003447338685573, 'hidden_size': 61, 'dropout': 0.2665491714308096, 'hidden_continuous_size': 26, 'attention_head_size': 4, 'learning_rate': 0.07471354192309723}. Best is trial 135 with value: 4.506880283355713.
LOCAL_RANK: 0 - CUDA_VISIBLE_DEVICES: [0]
[I 2023-11-30 01:38:32,970] Trial 139 finished with value: 5.692880630493164 and parameters: {'gradient_clip_val': 0.13910852895633988, 'hidden_size': 56, 'dropout': 0.2541741892264216, 'hidden_continuous_size': 24, 'attention_head_size': 4, 'learning_rate': 0.06695647303591107}. Best is trial 135 with value: 4.506880283355713.
LOCAL_RANK: 0 - CUDA_VISIBLE_DEVICES: [0]
[I 2023-11-30 01:38:46,176] Trial 140 finished with value: 4.849808692932129 and parameters: {'gradient_clip_val': 0.1455486346143725, 'hidden_size': 63, 'dropout': 0.2791631559499826, 'hidden_continuous_size': 23, 'attention_head_size': 1, 'learning_rate': 0.08153758878657368}. Best is trial 135 with value: 4.506880283355713.
LOCAL_RANK: 0 - CUDA_VISIBLE_DEVICES: [0]
[I 2023-11-30 01:38:59,454] Trial 141 finished with value: 4.765430450439453 and parameters: {'gradient_clip_val': 0.13068087472184114, 'hidden_size': 63, 'dropout': 0.2786635919610626, 'hidden_continuous_size': 23, 'attention_head_size': 2, 'learning_rate': 0.08189364290699414}. Best is trial 135 with value: 4.506880283355713.
LOCAL_RANK: 0 - CUDA_VISIBLE_DEVICES: [0]
[I 2023-11-30 01:39:12,680] Trial 142 finished with value: 4.79761266708374 and parameters: {'gradient_clip_val': 0.14191866333498623, 'hidden_size': 63, 'dropout': 0.2771612016601938, 'hidden_continuous_size': 23, 'attention_head_size': 1, 'learning_rate': 0.08201116064651966}. Best is trial 135 with value: 4.506880283355713.
LOCAL_RANK: 0 - CUDA_VISIBLE_DEVICES: [0]
[I 2023-11-30 01:39:25,965] Trial 143 finished with value: 4.7330193519592285 and parameters: {'gradient_clip_val': 0.13023666588599256, 'hidden_size': 69, 'dropout': 0.27529419878680267, 'hidden_continuous_size': 25, 'attention_head_size': 2, 'learning_rate': 0.09906536130714678}. Best is trial 135 with value: 4.506880283355713.
LOCAL_RANK: 0 - CUDA_VISIBLE_DEVICES: [0]
[I 2023-11-30 01:39:39,352] Trial 144 finished with value: 5.482096195220947 and parameters: {'gradient_clip_val': 0.13328577839181474, 'hidden_size': 68, 'dropout': 0.25891855598501845, 'hidden_continuous_size': 25, 'attention_head_size': 2, 'learning_rate': 0.09787588878960019}. Best is trial 135 with value: 4.506880283355713.
LOCAL_RANK: 0 - CUDA_VISIBLE_DEVICES: [0]
[I 2023-11-30 01:39:52,466] Trial 145 finished with value: 4.724584579467773 and parameters: {'gradient_clip_val': 0.14095199544509243, 'hidden_size': 72, 'dropout': 0.2751669451088216, 'hidden_continuous_size': 22, 'attention_head_size': 1, 'learning_rate': 0.08697968581513645}. Best is trial 135 with value: 4.506880283355713.
LOCAL_RANK: 0 - CUDA_VISIBLE_DEVICES: [0]
[I 2023-11-30 01:40:05,780] Trial 146 finished with value: 5.7182745933532715 and parameters: {'gradient_clip_val': 0.14292729786465377, 'hidden_size': 75, 'dropout': 0.2730512693165936, 'hidden_continuous_size': 24, 'attention_head_size': 1, 'learning_rate': 0.09011777117059219}. Best is trial 135 with value: 4.506880283355713.
LOCAL_RANK: 0 - CUDA_VISIBLE_DEVICES: [0]
[I 2023-11-30 01:40:19,192] Trial 147 finished with value: 5.406257629394531 and parameters: {'gradient_clip_val': 0.15181358980262571, 'hidden_size': 80, 'dropout': 0.2762387587108255, 'hidden_continuous_size': 22, 'attention_head_size': 1, 'learning_rate': 0.08321127696889787}. Best is trial 135 with value: 4.506880283355713.
LOCAL_RANK: 0 - CUDA_VISIBLE_DEVICES: [0]
[I 2023-11-30 01:40:32,361] Trial 148 finished with value: 5.158088207244873 and parameters: {'gradient_clip_val': 0.13661004744395536, 'hidden_size': 64, 'dropout': 0.26450437900886287, 'hidden_continuous_size': 27, 'attention_head_size': 1, 'learning_rate': 0.09953351948267136}. Best is trial 135 with value: 4.506880283355713.
LOCAL_RANK: 0 - CUDA_VISIBLE_DEVICES: [0]
