[I 2023-11-30 15:29:03,816] Trial 127 finished with value: 4.4698309898376465 and parameters: {'gradient_clip_val': 0.3603412451102137, 'hidden_size': 141, 'dropout': 0.2562112524312825, 'hidden_continuous_size': 136, 'attention_head_size': 1, 'learning_rate': 0.011806156863965944}. Best is trial 40 with value: 3.816023826599121.
LOCAL_RANK: 0 - CUDA_VISIBLE_DEVICES: [0]
[I 2023-11-30 15:29:18,762] Trial 128 finished with value: 4.976018905639648 and parameters: {'gradient_clip_val': 0.21280310183729603, 'hidden_size': 72, 'dropout': 0.20612767880145497, 'hidden_continuous_size': 70, 'attention_head_size': 2, 'learning_rate': 0.009986975940067191}. Best is trial 40 with value: 3.816023826599121.
LOCAL_RANK: 0 - CUDA_VISIBLE_DEVICES: [0]
[I 2023-11-30 15:29:34,092] Trial 129 finished with value: 4.739603519439697 and parameters: {'gradient_clip_val': 0.3375941334218189, 'hidden_size': 78, 'dropout': 0.24472683680096835, 'hidden_continuous_size': 76, 'attention_head_size': 3, 'learning_rate': 0.024037995685177657}. Best is trial 40 with value: 3.816023826599121.
LOCAL_RANK: 0 - CUDA_VISIBLE_DEVICES: [0]
[I 2023-11-30 15:29:49,306] Trial 130 finished with value: 4.46635103225708 and parameters: {'gradient_clip_val': 0.16650276021254481, 'hidden_size': 104, 'dropout': 0.17649686682929994, 'hidden_continuous_size': 97, 'attention_head_size': 1, 'learning_rate': 0.017134198593596387}. Best is trial 40 with value: 3.816023826599121.
LOCAL_RANK: 0 - CUDA_VISIBLE_DEVICES: [0]
[I 2023-11-30 15:30:05,348] Trial 131 finished with value: 4.7313337326049805 and parameters: {'gradient_clip_val': 0.3357940776364254, 'hidden_size': 75, 'dropout': 0.19053665019954993, 'hidden_continuous_size': 73, 'attention_head_size': 2, 'learning_rate': 0.020957616520338125}. Best is trial 40 with value: 3.816023826599121.
LOCAL_RANK: 0 - CUDA_VISIBLE_DEVICES: [0]
[I 2023-11-30 15:30:20,541] Trial 132 finished with value: 4.766112327575684 and parameters: {'gradient_clip_val': 0.3464872032660906, 'hidden_size': 67, 'dropout': 0.20080217184730187, 'hidden_continuous_size': 65, 'attention_head_size': 2, 'learning_rate': 0.02886442201346358}. Best is trial 40 with value: 3.816023826599121.
LOCAL_RANK: 0 - CUDA_VISIBLE_DEVICES: [0]
[I 2023-11-30 15:30:35,864] Trial 133 finished with value: 4.153326034545898 and parameters: {'gradient_clip_val': 0.31598296260187636, 'hidden_size': 89, 'dropout': 0.21055228127027067, 'hidden_continuous_size': 85, 'attention_head_size': 2, 'learning_rate': 0.031985818762911296}. Best is trial 40 with value: 3.816023826599121.
LOCAL_RANK: 0 - CUDA_VISIBLE_DEVICES: [0]
[I 2023-11-30 15:30:51,149] Trial 134 finished with value: 5.907272815704346 and parameters: {'gradient_clip_val': 0.18915953621828202, 'hidden_size': 61, 'dropout': 0.20387854547901393, 'hidden_continuous_size': 60, 'attention_head_size': 2, 'learning_rate': 0.025049017152693795}. Best is trial 40 with value: 3.816023826599121.
LOCAL_RANK: 0 - CUDA_VISIBLE_DEVICES: [0]
[I 2023-11-30 15:31:06,593] Trial 135 finished with value: 4.625167369842529 and parameters: {'gradient_clip_val': 0.4057153139882514, 'hidden_size': 69, 'dropout': 0.19384320124481608, 'hidden_continuous_size': 67, 'attention_head_size': 2, 'learning_rate': 0.029788473934803175}. Best is trial 40 with value: 3.816023826599121.
LOCAL_RANK: 0 - CUDA_VISIBLE_DEVICES: [0]
[I 2023-11-30 15:31:22,003] Trial 136 finished with value: 4.141992092132568 and parameters: {'gradient_clip_val': 0.2907942933191873, 'hidden_size': 75, 'dropout': 0.22917393181212609, 'hidden_continuous_size': 72, 'attention_head_size': 2, 'learning_rate': 0.0353171108139444}. Best is trial 40 with value: 3.816023826599121.
LOCAL_RANK: 0 - CUDA_VISIBLE_DEVICES: [0]
[I 2023-11-30 15:31:37,254] Trial 137 finished with value: 4.552280426025391 and parameters: {'gradient_clip_val': 0.36859564829418456, 'hidden_size': 83, 'dropout': 0.21482290497584003, 'hidden_continuous_size': 81, 'attention_head_size': 1, 'learning_rate': 0.01388795029253218}. Best is trial 40 with value: 3.816023826599121.
LOCAL_RANK: 0 - CUDA_VISIBLE_DEVICES: [0]
[I 2023-11-30 15:31:52,852] Trial 138 finished with value: 4.301590442657471 and parameters: {'gradient_clip_val': 0.17871674103086474, 'hidden_size': 126, 'dropout': 0.22201728864343256, 'hidden_continuous_size': 120, 'attention_head_size': 3, 'learning_rate': 0.026086241167454977}. Best is trial 40 with value: 3.816023826599121.
LOCAL_RANK: 0 - CUDA_VISIBLE_DEVICES: [0]
[I 2023-11-30 15:32:08,542] Trial 139 finished with value: 5.1436991691589355 and parameters: {'gradient_clip_val': 0.2537471262296467, 'hidden_size': 115, 'dropout': 0.2637507811191142, 'hidden_continuous_size': 110, 'attention_head_size': 2, 'learning_rate': 0.015403460134227212}. Best is trial 40 with value: 3.816023826599121.
LOCAL_RANK: 0 - CUDA_VISIBLE_DEVICES: [0]
[I 2023-11-30 15:32:24,018] Trial 140 finished with value: 4.401388645172119 and parameters: {'gradient_clip_val': 0.3022383498636645, 'hidden_size': 96, 'dropout': 0.23628724358766653, 'hidden_continuous_size': 93, 'attention_head_size': 1, 'learning_rate': 0.007428226564850206}. Best is trial 40 with value: 3.816023826599121.
LOCAL_RANK: 0 - CUDA_VISIBLE_DEVICES: [0]
[I 2023-11-30 15:32:39,488] Trial 141 finished with value: 5.74658727645874 and parameters: {'gradient_clip_val': 0.21466581742421573, 'hidden_size': 138, 'dropout': 0.24578552442123436, 'hidden_continuous_size': 57, 'attention_head_size': 2, 'learning_rate': 0.0134349602709383}. Best is trial 40 with value: 3.816023826599121.
LOCAL_RANK: 0 - CUDA_VISIBLE_DEVICES: [0]
[I 2023-11-30 15:32:52,144] Trial 142 finished with value: 5.0988640785217285 and parameters: {'gradient_clip_val': 0.19807113842559793, 'hidden_size': 149, 'dropout': 0.2347441443011975, 'hidden_continuous_size': 149, 'attention_head_size': 2, 'learning_rate': 0.018838113731534992}. Best is trial 40 with value: 3.816023826599121.
LOCAL_RANK: 0 - CUDA_VISIBLE_DEVICES: [0]
[I 2023-11-30 15:33:08,295] Trial 143 finished with value: 4.38348388671875 and parameters: {'gradient_clip_val': 0.2338870044657589, 'hidden_size': 130, 'dropout': 0.24014327746628622, 'hidden_continuous_size': 115, 'attention_head_size': 2, 'learning_rate': 0.02244886503313926}. Best is trial 40 with value: 3.816023826599121.
LOCAL_RANK: 0 - CUDA_VISIBLE_DEVICES: [0]
[I 2023-11-30 15:33:24,094] Trial 144 finished with value: 4.682290554046631 and parameters: {'gradient_clip_val': 0.19969728882643406, 'hidden_size': 134, 'dropout': 0.2255481201605109, 'hidden_continuous_size': 124, 'attention_head_size': 2, 'learning_rate': 0.009428839364232871}. Best is trial 40 with value: 3.816023826599121.
LOCAL_RANK: 0 - CUDA_VISIBLE_DEVICES: [0]
[I 2023-11-30 15:33:39,873] Trial 145 finished with value: 4.3771443367004395 and parameters: {'gradient_clip_val': 0.20930845482458668, 'hidden_size': 122, 'dropout': 0.25578340496884977, 'hidden_continuous_size': 115, 'attention_head_size': 2, 'learning_rate': 0.015744189856899557}. Best is trial 40 with value: 3.816023826599121.
LOCAL_RANK: 0 - CUDA_VISIBLE_DEVICES: [0]
[I 2023-11-30 15:33:55,739] Trial 146 finished with value: 5.536752223968506 and parameters: {'gradient_clip_val': 0.27344495571494837, 'hidden_size': 140, 'dropout': 0.2094903117766441, 'hidden_continuous_size': 133, 'attention_head_size': 2, 'learning_rate': 0.017077407904408072}. Best is trial 40 with value: 3.816023826599121.
LOCAL_RANK: 0 - CUDA_VISIBLE_DEVICES: [0]
[I 2023-11-30 15:34:11,592] Trial 147 finished with value: 4.7555975914001465 and parameters: {'gradient_clip_val': 0.18553846725521123, 'hidden_size': 109, 'dropout': 0.19811008879776748, 'hidden_continuous_size': 102, 'attention_head_size': 1, 'learning_rate': 0.012233738783123862}. Best is trial 40 with value: 3.816023826599121.
LOCAL_RANK: 0 - CUDA_VISIBLE_DEVICES: [0]
[I 2023-11-30 15:34:26,272] Trial 148 finished with value: 5.089151382446289 and parameters: {'gradient_clip_val': 0.1604964800243032, 'hidden_size': 56, 'dropout': 0.27195764976380743, 'hidden_continuous_size': 55, 'attention_head_size': 2, 'learning_rate': 0.008525900035984652}. Best is trial 40 with value: 3.816023826599121.
LOCAL_RANK: 0 - CUDA_VISIBLE_DEVICES: [0]
[I 2023-11-30 15:34:41,145] Trial 149 finished with value: 4.588998794555664 and parameters: {'gradient_clip_val': 0.22494245933151893, 'hidden_size': 63, 'dropout': 0.2167615476472232, 'hidden_continuous_size': 62, 'attention_head_size': 3, 'learning_rate': 0.010563177072646144}. Best is trial 40 with value: 3.816023826599121.
[I 2023-11-30 15:34:41,498] A new study created in memory with name: no-name-9413d52d-f9b3-4b37-ade5-15ceaad49845
/home/le004/conda/anaconda3/envs/tsff_env/lib/python3.9/site-packages/lightning/fabric/plugins/environments/slurm.py:191: The `srun` command is available on your system but is not used. HINT: If your intention is to run Lightning on SLURM, prepend your python command with `srun` like so: srun python /home/le004/master_thesis/git/TSFusionForecast/code/ ...
LOCAL_RANK: 0 - CUDA_VISIBLE_DEVICES: [0]
[I 2023-11-30 15:34:55,991] Trial 0 finished with value: 37.948875427246094 and parameters: {'gradient_clip_val': 0.1062788624094158, 'hidden_size': 55, 'dropout': 0.1865281061162044, 'hidden_continuous_size': 41, 'attention_head_size': 4, 'learning_rate': 0.012506562986078218}. Best is trial 0 with value: 37.948875427246094.
LOCAL_RANK: 0 - CUDA_VISIBLE_DEVICES: [0]
[I 2023-11-30 15:35:09,302] Trial 1 finished with value: 190.501708984375 and parameters: {'gradient_clip_val': 0.898605987149674, 'hidden_size': 16, 'dropout': 0.22756886983383762, 'hidden_continuous_size': 15, 'attention_head_size': 3, 'learning_rate': 0.0016166404441313813}. Best is trial 0 with value: 37.948875427246094.
LOCAL_RANK: 0 - CUDA_VISIBLE_DEVICES: [0]
[I 2023-11-30 15:35:22,781] Trial 2 finished with value: 76.77403259277344 and parameters: {'gradient_clip_val': 0.6755957763274388, 'hidden_size': 21, 'dropout': 0.11907324869343211, 'hidden_continuous_size': 19, 'attention_head_size': 1, 'learning_rate': 0.010802726871142147}. Best is trial 0 with value: 37.948875427246094.
LOCAL_RANK: 0 - CUDA_VISIBLE_DEVICES: [0]
[I 2023-11-30 15:35:34,399] Trial 3 finished with value: 207.9747772216797 and parameters: {'gradient_clip_val': 0.5823654915886424, 'hidden_size': 11, 'dropout': 0.10648814859590676, 'hidden_continuous_size': 11, 'attention_head_size': 2, 'learning_rate': 0.0025316228541047946}. Best is trial 0 with value: 37.948875427246094.
LOCAL_RANK: 0 - CUDA_VISIBLE_DEVICES: [0]
[I 2023-11-30 15:35:49,169] Trial 4 finished with value: 65.68366241455078 and parameters: {'gradient_clip_val': 0.170810192707923, 'hidden_size': 93, 'dropout': 0.21053773701651723, 'hidden_continuous_size': 29, 'attention_head_size': 4, 'learning_rate': 0.00215237870188699}. Best is trial 0 with value: 37.948875427246094.
LOCAL_RANK: 0 - CUDA_VISIBLE_DEVICES: [0]
[I 2023-11-30 15:36:04,123] Trial 5 finished with value: 22.691225051879883 and parameters: {'gradient_clip_val': 0.10779328234221755, 'hidden_size': 80, 'dropout': 0.23069719638856498, 'hidden_continuous_size': 45, 'attention_head_size': 4, 'learning_rate': 0.03885141648339237}. Best is trial 5 with value: 22.691225051879883.
LOCAL_RANK: 0 - CUDA_VISIBLE_DEVICES: [0]
[I 2023-11-30 15:36:19,178] Trial 6 finished with value: 37.734317779541016 and parameters: {'gradient_clip_val': 0.12076291221927261, 'hidden_size': 120, 'dropout': 0.23472152280104613, 'hidden_continuous_size': 14, 'attention_head_size': 3, 'learning_rate': 0.008611596599688198}. Best is trial 5 with value: 22.691225051879883.
LOCAL_RANK: 0 - CUDA_VISIBLE_DEVICES: [0]
[I 2023-11-30 15:36:33,798] Trial 7 finished with value: 40.989383697509766 and parameters: {'gradient_clip_val': 0.25034766729258806, 'hidden_size': 61, 'dropout': 0.1936159283139561, 'hidden_continuous_size': 27, 'attention_head_size': 2, 'learning_rate': 0.012115570727098452}. Best is trial 5 with value: 22.691225051879883.
LOCAL_RANK: 0 - CUDA_VISIBLE_DEVICES: [0]
[I 2023-11-30 15:36:46,754] Trial 8 finished with value: 159.63955688476562 and parameters: {'gradient_clip_val': 0.12401105510992769, 'hidden_size': 16, 'dropout': 0.31042632785714663, 'hidden_continuous_size': 13, 'attention_head_size': 3, 'learning_rate': 0.003676965129349073}. Best is trial 5 with value: 22.691225051879883.
LOCAL_RANK: 0 - CUDA_VISIBLE_DEVICES: [0]
[I 2023-11-30 15:37:01,787] Trial 9 finished with value: 30.558937072753906 and parameters: {'gradient_clip_val': 0.10693405717222682, 'hidden_size': 93, 'dropout': 0.38090251762093164, 'hidden_continuous_size': 24, 'attention_head_size': 4, 'learning_rate': 0.012437853998105602}. Best is trial 5 with value: 22.691225051879883.
LOCAL_RANK: 0 - CUDA_VISIBLE_DEVICES: [0]
[I 2023-11-30 15:37:16,015] Trial 10 finished with value: 25.74001121520996 and parameters: {'gradient_clip_val': 0.3115191987188644, 'hidden_size': 42, 'dropout': 0.2909023106045957, 'hidden_continuous_size': 41, 'attention_head_size': 1, 'learning_rate': 0.07089084797277552}. Best is trial 5 with value: 22.691225051879883.
LOCAL_RANK: 0 - CUDA_VISIBLE_DEVICES: [0]
[I 2023-11-30 15:37:28,105] Trial 11 finished with value: 24.40332794189453 and parameters: {'gradient_clip_val': 0.33100898179046734, 'hidden_size': 35, 'dropout': 0.2953202453187238, 'hidden_continuous_size': 35, 'attention_head_size': 1, 'learning_rate': 0.07136333642716342}. Best is trial 5 with value: 22.691225051879883.
LOCAL_RANK: 0 - CUDA_VISIBLE_DEVICES: [0]
[I 2023-11-30 15:37:41,716] Trial 12 finished with value: 26.159774780273438 and parameters: {'gradient_clip_val': 0.2078437155789046, 'hidden_size': 32, 'dropout': 0.2860580208547785, 'hidden_continuous_size': 30, 'attention_head_size': 2, 'learning_rate': 0.07377429623870675}. Best is trial 5 with value: 22.691225051879883.
LOCAL_RANK: 0 - CUDA_VISIBLE_DEVICES: [0]
[I 2023-11-30 15:37:57,585] Trial 13 finished with value: 22.746816635131836 and parameters: {'gradient_clip_val': 0.3843249468896069, 'hidden_size': 145, 'dropout': 0.3402685909993316, 'hidden_continuous_size': 65, 'attention_head_size': 1, 'learning_rate': 0.0394699927203821}. Best is trial 5 with value: 22.691225051879883.
LOCAL_RANK: 0 - CUDA_VISIBLE_DEVICES: [0]
[I 2023-11-30 15:38:13,623] Trial 14 finished with value: 23.28338050842285 and parameters: {'gradient_clip_val': 0.4114583103724688, 'hidden_size': 141, 'dropout': 0.36386412755059816, 'hidden_continuous_size': 71, 'attention_head_size': 3, 'learning_rate': 0.03453605413389012}. Best is trial 5 with value: 22.691225051879883.
LOCAL_RANK: 0 - CUDA_VISIBLE_DEVICES: [0]
[I 2023-11-30 15:38:28,879] Trial 15 finished with value: 26.849998474121094 and parameters: {'gradient_clip_val': 0.15439435792304868, 'hidden_size': 91, 'dropout': 0.3452216571985385, 'hidden_continuous_size': 65, 'attention_head_size': 2, 'learning_rate': 0.029057594218798687}. Best is trial 5 with value: 22.691225051879883.
LOCAL_RANK: 0 - CUDA_VISIBLE_DEVICES: [0]
[I 2023-11-30 15:38:45,627] Trial 16 finished with value: 25.96550941467285 and parameters: {'gradient_clip_val': 0.22416016512175096, 'hidden_size': 145, 'dropout': 0.39206627592953813, 'hidden_continuous_size': 122, 'attention_head_size': 1, 'learning_rate': 0.03235645503736186}. Best is trial 5 with value: 22.691225051879883.
LOCAL_RANK: 0 - CUDA_VISIBLE_DEVICES: [0]
[I 2023-11-30 15:38:59,931] Trial 17 finished with value: 28.79950714111328 and parameters: {'gradient_clip_val': 0.42735554204739784, 'hidden_size': 68, 'dropout': 0.2629618116102845, 'hidden_continuous_size': 10, 'attention_head_size': 4, 'learning_rate': 0.04469972804523936}. Best is trial 5 with value: 22.691225051879883.
LOCAL_RANK: 0 - CUDA_VISIBLE_DEVICES: [0]
[I 2023-11-30 15:39:15,579] Trial 18 finished with value: 26.064590454101562 and parameters: {'gradient_clip_val': 0.162048654573568, 'hidden_size': 150, 'dropout': 0.34011921665934963, 'hidden_continuous_size': 56, 'attention_head_size': 2, 'learning_rate': 0.02146640602924856}. Best is trial 5 with value: 22.691225051879883.
LOCAL_RANK: 0 - CUDA_VISIBLE_DEVICES: [0]
[I 2023-11-30 15:39:30,465] Trial 19 finished with value: 25.261289596557617 and parameters: {'gradient_clip_val': 0.27337215730673026, 'hidden_size': 108, 'dropout': 0.25677629843063676, 'hidden_continuous_size': 47, 'attention_head_size': 3, 'learning_rate': 0.09196363662633399}. Best is trial 5 with value: 22.691225051879883.
LOCAL_RANK: 0 - CUDA_VISIBLE_DEVICES: [0]
[I 2023-11-30 15:39:44,926] Trial 20 finished with value: 23.154550552368164 and parameters: {'gradient_clip_val': 0.2128983714967631, 'hidden_size': 76, 'dropout': 0.3241995372268464, 'hidden_continuous_size': 22, 'attention_head_size': 4, 'learning_rate': 0.050058857153632556}. Best is trial 5 with value: 22.691225051879883.
LOCAL_RANK: 0 - CUDA_VISIBLE_DEVICES: [0]
[I 2023-11-30 15:40:00,221] Trial 21 finished with value: 35.784603118896484 and parameters: {'gradient_clip_val': 0.19443188047562776, 'hidden_size': 77, 'dropout': 0.3293948248220696, 'hidden_continuous_size': 22, 'attention_head_size': 4, 'learning_rate': 0.04898556383395918}. Best is trial 5 with value: 22.691225051879883.
LOCAL_RANK: 0 - CUDA_VISIBLE_DEVICES: [0]
[I 2023-11-30 15:40:14,989] Trial 22 finished with value: 31.133188247680664 and parameters: {'gradient_clip_val': 0.14222945839104695, 'hidden_size': 81, 'dropout': 0.31377229250066446, 'hidden_continuous_size': 18, 'attention_head_size': 4, 'learning_rate': 0.02188875185195798}. Best is trial 5 with value: 22.691225051879883.
LOCAL_RANK: 0 - CUDA_VISIBLE_DEVICES: [0]
[I 2023-11-30 15:40:30,117] Trial 23 finished with value: 27.6236515045166 and parameters: {'gradient_clip_val': 0.19247905140743732, 'hidden_size': 111, 'dropout': 0.39767614384084604, 'hidden_continuous_size': 35, 'attention_head_size': 4, 'learning_rate': 0.05242445266319294}. Best is trial 5 with value: 22.691225051879883.
LOCAL_RANK: 0 - CUDA_VISIBLE_DEVICES: [0]
[I 2023-11-30 15:40:44,305] Trial 24 finished with value: 26.6591854095459 and parameters: {'gradient_clip_val': 0.13250992719801674, 'hidden_size': 52, 'dropout': 0.35959474505719524, 'hidden_continuous_size': 21, 'attention_head_size': 3, 'learning_rate': 0.049853349248830905}. Best is trial 5 with value: 22.691225051879883.
LOCAL_RANK: 0 - CUDA_VISIBLE_DEVICES: [0]
[I 2023-11-30 15:40:58,802] Trial 25 finished with value: 26.642805099487305 and parameters: {'gradient_clip_val': 0.10125336613371405, 'hidden_size': 71, 'dropout': 0.26960148223762537, 'hidden_continuous_size': 16, 'attention_head_size': 4, 'learning_rate': 0.09116463059677479}. Best is trial 5 with value: 22.691225051879883.
LOCAL_RANK: 0 - CUDA_VISIBLE_DEVICES: [0]
[I 2023-11-30 15:41:13,900] Trial 26 finished with value: 37.07075119018555 and parameters: {'gradient_clip_val': 0.2425322123536766, 'hidden_size': 112, 'dropout': 0.3274946384755472, 'hidden_continuous_size': 25, 'attention_head_size': 3, 'learning_rate': 0.02169437832093272}. Best is trial 5 with value: 22.691225051879883.
LOCAL_RANK: 0 - CUDA_VISIBLE_DEVICES: [0]
[I 2023-11-30 15:41:28,029] Trial 27 finished with value: 22.2375431060791 and parameters: {'gradient_clip_val': 0.1786388284499148, 'hidden_size': 48, 'dropout': 0.27325403478855825, 'hidden_continuous_size': 17, 'attention_head_size': 1, 'learning_rate': 0.03770795589351669}. Best is trial 27 with value: 22.2375431060791.
LOCAL_RANK: 0 - CUDA_VISIBLE_DEVICES: [0]
[I 2023-11-30 15:41:42,217] Trial 28 finished with value: 25.395912170410156 and parameters: {'gradient_clip_val': 0.14814333823000714, 'hidden_size': 47, 'dropout': 0.24331019076654237, 'hidden_continuous_size': 17, 'attention_head_size': 1, 'learning_rate': 0.017898302675485735}. Best is trial 27 with value: 22.2375431060791.
LOCAL_RANK: 0 - CUDA_VISIBLE_DEVICES: [0]
[I 2023-11-30 15:41:56,461] Trial 29 finished with value: 26.57197380065918 and parameters: {'gradient_clip_val': 0.11312034292876658, 'hidden_size': 54, 'dropout': 0.16127785390831634, 'hidden_continuous_size': 20, 'attention_head_size': 1, 'learning_rate': 0.030729089042712106}. Best is trial 27 with value: 22.2375431060791.
LOCAL_RANK: 0 - CUDA_VISIBLE_DEVICES: [0]
[I 2023-11-30 15:42:10,432] Trial 30 finished with value: 25.96465492248535 and parameters: {'gradient_clip_val': 0.12789264161655162, 'hidden_size': 59, 'dropout': 0.2749801352516523, 'hidden_continuous_size': 18, 'attention_head_size': 1, 'learning_rate': 0.01630385934429768}. Best is trial 27 with value: 22.2375431060791.
LOCAL_RANK: 0 - CUDA_VISIBLE_DEVICES: [0]
[I 2023-11-30 15:42:24,931] Trial 31 finished with value: 23.48122215270996 and parameters: {'gradient_clip_val': 0.18288677910755488, 'hidden_size': 71, 'dropout': 0.31157871759576916, 'hidden_continuous_size': 23, 'attention_head_size': 2, 'learning_rate': 0.039644761880384835}. Best is trial 27 with value: 22.2375431060791.
LOCAL_RANK: 0 - CUDA_VISIBLE_DEVICES: [0]
[I 2023-11-30 15:42:39,386] Trial 32 finished with value: 23.85634422302246 and parameters: {'gradient_clip_val': 0.1717285435095087, 'hidden_size': 63, 'dropout': 0.25071424182291063, 'hidden_continuous_size': 20, 'attention_head_size': 1, 'learning_rate': 0.05044079996431829}. Best is trial 27 with value: 22.2375431060791.
LOCAL_RANK: 0 - CUDA_VISIBLE_DEVICES: [0]
[I 2023-11-30 15:42:54,102] Trial 33 finished with value: 26.329261779785156 and parameters: {'gradient_clip_val': 0.21785890886477846, 'hidden_size': 85, 'dropout': 0.2200778932691876, 'hidden_continuous_size': 14, 'attention_head_size': 4, 'learning_rate': 0.060675948314058765}. Best is trial 27 with value: 22.2375431060791.
LOCAL_RANK: 0 - CUDA_VISIBLE_DEVICES: [0]
