[I 2023-11-30 12:59:49,979] Trial 85 finished with value: 13.887995719909668 and parameters: {'gradient_clip_val': 0.1510207309843911, 'hidden_size': 124, 'dropout': 0.11933245511710776, 'hidden_continuous_size': 17, 'attention_head_size': 1, 'learning_rate': 0.03733587693264207}. Best is trial 23 with value: 10.841813087463379.
LOCAL_RANK: 0 - CUDA_VISIBLE_DEVICES: [0]
[I 2023-11-30 13:00:04,218] Trial 86 finished with value: 11.357560157775879 and parameters: {'gradient_clip_val': 0.2029245059558518, 'hidden_size': 150, 'dropout': 0.11179479459289218, 'hidden_continuous_size': 39, 'attention_head_size': 1, 'learning_rate': 0.04813382132704244}. Best is trial 23 with value: 10.841813087463379.
LOCAL_RANK: 0 - CUDA_VISIBLE_DEVICES: [0]
[I 2023-11-30 13:00:17,193] Trial 87 finished with value: 12.231254577636719 and parameters: {'gradient_clip_val': 0.2608514899572858, 'hidden_size': 53, 'dropout': 0.16429218509415885, 'hidden_continuous_size': 14, 'attention_head_size': 3, 'learning_rate': 0.04171427948646035}. Best is trial 23 with value: 10.841813087463379.
LOCAL_RANK: 0 - CUDA_VISIBLE_DEVICES: [0]
[I 2023-11-30 13:00:30,681] Trial 88 finished with value: 11.310734748840332 and parameters: {'gradient_clip_val': 0.12097549013118797, 'hidden_size': 85, 'dropout': 0.13733974455507045, 'hidden_continuous_size': 16, 'attention_head_size': 3, 'learning_rate': 0.011231416000817663}. Best is trial 23 with value: 10.841813087463379.
LOCAL_RANK: 0 - CUDA_VISIBLE_DEVICES: [0]
[I 2023-11-30 13:00:43,091] Trial 89 finished with value: 11.97710132598877 and parameters: {'gradient_clip_val': 0.15449257653090234, 'hidden_size': 33, 'dropout': 0.24335007099555264, 'hidden_continuous_size': 13, 'attention_head_size': 1, 'learning_rate': 0.03530948397323476}. Best is trial 23 with value: 10.841813087463379.
LOCAL_RANK: 0 - CUDA_VISIBLE_DEVICES: [0]
[I 2023-11-30 13:00:56,049] Trial 90 finished with value: 11.73076343536377 and parameters: {'gradient_clip_val': 0.19463527275397344, 'hidden_size': 60, 'dropout': 0.11828096120779813, 'hidden_continuous_size': 11, 'attention_head_size': 2, 'learning_rate': 0.03143786972632826}. Best is trial 23 with value: 10.841813087463379.
LOCAL_RANK: 0 - CUDA_VISIBLE_DEVICES: [0]
[I 2023-11-30 13:01:09,617] Trial 91 finished with value: 11.570430755615234 and parameters: {'gradient_clip_val': 0.11769980675432198, 'hidden_size': 89, 'dropout': 0.13807263808156767, 'hidden_continuous_size': 16, 'attention_head_size': 3, 'learning_rate': 0.007694385269506324}. Best is trial 23 with value: 10.841813087463379.
LOCAL_RANK: 0 - CUDA_VISIBLE_DEVICES: [0]
[I 2023-11-30 13:01:22,985] Trial 92 finished with value: 11.44826889038086 and parameters: {'gradient_clip_val': 0.10891651968303892, 'hidden_size': 83, 'dropout': 0.13096525516040602, 'hidden_continuous_size': 14, 'attention_head_size': 3, 'learning_rate': 0.012901012093828264}. Best is trial 23 with value: 10.841813087463379.
LOCAL_RANK: 0 - CUDA_VISIBLE_DEVICES: [0]
[I 2023-11-30 13:01:36,823] Trial 93 finished with value: 11.44682788848877 and parameters: {'gradient_clip_val': 0.12136888680514928, 'hidden_size': 117, 'dropout': 0.15378788964209383, 'hidden_continuous_size': 16, 'attention_head_size': 3, 'learning_rate': 0.006098837926798392}. Best is trial 23 with value: 10.841813087463379.
LOCAL_RANK: 0 - CUDA_VISIBLE_DEVICES: [0]
[I 2023-11-30 13:01:51,324] Trial 94 finished with value: 11.456878662109375 and parameters: {'gradient_clip_val': 0.13005943647298382, 'hidden_size': 138, 'dropout': 0.14458262488577486, 'hidden_continuous_size': 19, 'attention_head_size': 3, 'learning_rate': 0.018403972325529757}. Best is trial 23 with value: 10.841813087463379.
LOCAL_RANK: 0 - CUDA_VISIBLE_DEVICES: [0]
[I 2023-11-30 13:02:04,190] Trial 95 finished with value: 12.659992218017578 and parameters: {'gradient_clip_val': 0.14145556916495639, 'hidden_size': 46, 'dropout': 0.10860778489104547, 'hidden_continuous_size': 15, 'attention_head_size': 3, 'learning_rate': 0.011487866383269523}. Best is trial 23 with value: 10.841813087463379.
LOCAL_RANK: 0 - CUDA_VISIBLE_DEVICES: [0]
[I 2023-11-30 13:02:17,567] Trial 96 finished with value: 11.795273780822754 and parameters: {'gradient_clip_val': 0.14918757585110792, 'hidden_size': 95, 'dropout': 0.12778202862120264, 'hidden_continuous_size': 11, 'attention_head_size': 3, 'learning_rate': 0.026092503893108153}. Best is trial 23 with value: 10.841813087463379.
LOCAL_RANK: 0 - CUDA_VISIBLE_DEVICES: [0]
[I 2023-11-30 13:02:30,273] Trial 97 finished with value: 11.694686889648438 and parameters: {'gradient_clip_val': 0.16442299028694535, 'hidden_size': 39, 'dropout': 0.1393114451274835, 'hidden_continuous_size': 14, 'attention_head_size': 4, 'learning_rate': 0.023628451894522652}. Best is trial 23 with value: 10.841813087463379.
LOCAL_RANK: 0 - CUDA_VISIBLE_DEVICES: [0]
[I 2023-11-30 13:02:43,901] Trial 98 finished with value: 12.748455047607422 and parameters: {'gradient_clip_val': 0.24471605632540827, 'hidden_size': 105, 'dropout': 0.12342779711421974, 'hidden_continuous_size': 17, 'attention_head_size': 3, 'learning_rate': 0.009373169451698136}. Best is trial 23 with value: 10.841813087463379.
LOCAL_RANK: 0 - CUDA_VISIBLE_DEVICES: [0]
[I 2023-11-30 13:02:57,948] Trial 99 finished with value: 12.366401672363281 and parameters: {'gradient_clip_val': 0.10718338137127968, 'hidden_size': 130, 'dropout': 0.15916081178783872, 'hidden_continuous_size': 12, 'attention_head_size': 2, 'learning_rate': 0.02083592725700162}. Best is trial 23 with value: 10.841813087463379.
LOCAL_RANK: 0 - CUDA_VISIBLE_DEVICES: [0]
[I 2023-11-30 13:03:10,912] Trial 100 finished with value: 11.485867500305176 and parameters: {'gradient_clip_val': 0.13242562883198938, 'hidden_size': 50, 'dropout': 0.1480037966983817, 'hidden_continuous_size': 13, 'attention_head_size': 4, 'learning_rate': 0.01096075333674542}. Best is trial 23 with value: 10.841813087463379.
LOCAL_RANK: 0 - CUDA_VISIBLE_DEVICES: [0]
[I 2023-11-30 13:03:23,352] Trial 101 finished with value: 12.107287406921387 and parameters: {'gradient_clip_val': 0.11987475810954175, 'hidden_size': 35, 'dropout': 0.25224835759932246, 'hidden_continuous_size': 13, 'attention_head_size': 1, 'learning_rate': 0.02951792871555137}. Best is trial 23 with value: 10.841813087463379.
LOCAL_RANK: 0 - CUDA_VISIBLE_DEVICES: [0]
[I 2023-11-30 13:03:36,158] Trial 102 finished with value: 11.65347671508789 and parameters: {'gradient_clip_val': 0.12670001602482264, 'hidden_size': 41, 'dropout': 0.2684174240119274, 'hidden_continuous_size': 29, 'attention_head_size': 1, 'learning_rate': 0.015920219651765297}. Best is trial 23 with value: 10.841813087463379.
LOCAL_RANK: 0 - CUDA_VISIBLE_DEVICES: [0]
[I 2023-11-30 13:03:48,663] Trial 103 finished with value: 12.101574897766113 and parameters: {'gradient_clip_val': 0.13843084777263448, 'hidden_size': 37, 'dropout': 0.17940837371609292, 'hidden_continuous_size': 14, 'attention_head_size': 1, 'learning_rate': 0.03522513999300564}. Best is trial 23 with value: 10.841813087463379.
LOCAL_RANK: 0 - CUDA_VISIBLE_DEVICES: [0]
[I 2023-11-30 13:04:02,070] Trial 104 finished with value: 11.890528678894043 and parameters: {'gradient_clip_val': 0.11325187805874995, 'hidden_size': 79, 'dropout': 0.1696749956250399, 'hidden_continuous_size': 12, 'attention_head_size': 1, 'learning_rate': 0.04085205103175532}. Best is trial 23 with value: 10.841813087463379.
LOCAL_RANK: 0 - CUDA_VISIBLE_DEVICES: [0]
[I 2023-11-30 13:04:16,137] Trial 105 finished with value: 11.18259334564209 and parameters: {'gradient_clip_val': 0.18002035389805954, 'hidden_size': 143, 'dropout': 0.19908285798671638, 'hidden_continuous_size': 15, 'attention_head_size': 1, 'learning_rate': 0.026474663553462174}. Best is trial 23 with value: 10.841813087463379.
LOCAL_RANK: 0 - CUDA_VISIBLE_DEVICES: [0]
[I 2023-11-30 13:04:30,136] Trial 106 finished with value: 11.70378589630127 and parameters: {'gradient_clip_val': 0.22914752932950508, 'hidden_size': 145, 'dropout': 0.1905602220582803, 'hidden_continuous_size': 16, 'attention_head_size': 1, 'learning_rate': 0.01871971105162552}. Best is trial 23 with value: 10.841813087463379.
LOCAL_RANK: 0 - CUDA_VISIBLE_DEVICES: [0]
[I 2023-11-30 13:04:43,896] Trial 107 finished with value: 11.506112098693848 and parameters: {'gradient_clip_val': 0.16652991652224097, 'hidden_size': 112, 'dropout': 0.20358825097448863, 'hidden_continuous_size': 22, 'attention_head_size': 3, 'learning_rate': 0.02686801241542187}. Best is trial 23 with value: 10.841813087463379.
LOCAL_RANK: 0 - CUDA_VISIBLE_DEVICES: [0]
[I 2023-11-30 13:04:57,875] Trial 108 finished with value: 12.290373802185059 and parameters: {'gradient_clip_val': 0.17805603711287937, 'hidden_size': 125, 'dropout': 0.19918379535230651, 'hidden_continuous_size': 25, 'attention_head_size': 1, 'learning_rate': 0.021943805576416738}. Best is trial 23 with value: 10.841813087463379.
LOCAL_RANK: 0 - CUDA_VISIBLE_DEVICES: [0]
[I 2023-11-30 13:05:11,993] Trial 109 finished with value: 11.735137939453125 and parameters: {'gradient_clip_val': 0.1586960604681575, 'hidden_size': 117, 'dropout': 0.10640415871094452, 'hidden_continuous_size': 31, 'attention_head_size': 3, 'learning_rate': 0.014072528368477917}. Best is trial 23 with value: 10.841813087463379.
LOCAL_RANK: 0 - CUDA_VISIBLE_DEVICES: [0]
[I 2023-11-30 13:05:25,466] Trial 110 finished with value: 12.153040885925293 and parameters: {'gradient_clip_val': 0.1502189705656452, 'hidden_size': 97, 'dropout': 0.17996506783377658, 'hidden_continuous_size': 15, 'attention_head_size': 2, 'learning_rate': 0.030941843946573813}. Best is trial 23 with value: 10.841813087463379.
LOCAL_RANK: 0 - CUDA_VISIBLE_DEVICES: [0]
[I 2023-11-30 13:05:39,405] Trial 111 finished with value: 12.638970375061035 and parameters: {'gradient_clip_val': 0.2797445023430265, 'hidden_size': 141, 'dropout': 0.21004730515149386, 'hidden_continuous_size': 15, 'attention_head_size': 1, 'learning_rate': 0.024457225172856062}. Best is trial 23 with value: 10.841813087463379.
LOCAL_RANK: 0 - CUDA_VISIBLE_DEVICES: [0]
[I 2023-11-30 13:05:51,888] Trial 112 finished with value: 11.371289253234863 and parameters: {'gradient_clip_val': 0.1422398432002476, 'hidden_size': 44, 'dropout': 0.2221588111813795, 'hidden_continuous_size': 13, 'attention_head_size': 1, 'learning_rate': 0.01732262880307256}. Best is trial 23 with value: 10.841813087463379.
LOCAL_RANK: 0 - CUDA_VISIBLE_DEVICES: [0]
[I 2023-11-30 13:06:05,762] Trial 113 finished with value: 11.677177429199219 and parameters: {'gradient_clip_val': 0.2617701408502885, 'hidden_size': 134, 'dropout': 0.18814731652808472, 'hidden_continuous_size': 17, 'attention_head_size': 1, 'learning_rate': 0.02698816013955655}. Best is trial 23 with value: 10.841813087463379.
LOCAL_RANK: 0 - CUDA_VISIBLE_DEVICES: [0]
[I 2023-11-30 13:06:18,575] Trial 114 finished with value: 11.554308891296387 and parameters: {'gradient_clip_val': 0.1837599531718048, 'hidden_size': 47, 'dropout': 0.22803752858032889, 'hidden_continuous_size': 14, 'attention_head_size': 1, 'learning_rate': 0.020799087252937783}. Best is trial 23 with value: 10.841813087463379.
LOCAL_RANK: 0 - CUDA_VISIBLE_DEVICES: [0]
[I 2023-11-30 13:06:32,323] Trial 115 finished with value: 11.976290702819824 and parameters: {'gradient_clip_val': 0.28950079976340465, 'hidden_size': 121, 'dropout': 0.19705762903424096, 'hidden_continuous_size': 32, 'attention_head_size': 1, 'learning_rate': 0.032845735881484095}. Best is trial 23 with value: 10.841813087463379.
LOCAL_RANK: 0 - CUDA_VISIBLE_DEVICES: [0]
[I 2023-11-30 13:06:45,680] Trial 116 finished with value: 11.968609809875488 and parameters: {'gradient_clip_val': 0.13071731354133762, 'hidden_size': 68, 'dropout': 0.13286617506656795, 'hidden_continuous_size': 26, 'attention_head_size': 3, 'learning_rate': 0.029608336023433792}. Best is trial 23 with value: 10.841813087463379.
LOCAL_RANK: 0 - CUDA_VISIBLE_DEVICES: [0]
[I 2023-11-30 13:06:58,401] Trial 117 finished with value: 11.482185363769531 and parameters: {'gradient_clip_val': 0.12305874120613429, 'hidden_size': 42, 'dropout': 0.16553651867374639, 'hidden_continuous_size': 27, 'attention_head_size': 1, 'learning_rate': 0.03800115361268959}. Best is trial 23 with value: 10.841813087463379.
LOCAL_RANK: 0 - CUDA_VISIBLE_DEVICES: [0]
[I 2023-11-30 13:07:12,438] Trial 118 finished with value: 11.672286987304688 and parameters: {'gradient_clip_val': 0.2450102820051301, 'hidden_size': 150, 'dropout': 0.11489803374172224, 'hidden_continuous_size': 10, 'attention_head_size': 3, 'learning_rate': 0.02373077209905983}. Best is trial 23 with value: 10.841813087463379.
LOCAL_RANK: 0 - CUDA_VISIBLE_DEVICES: [0]
[I 2023-11-30 13:07:26,323] Trial 119 finished with value: 11.940081596374512 and parameters: {'gradient_clip_val': 0.1366050612330364, 'hidden_size': 108, 'dropout': 0.21269023806843887, 'hidden_continuous_size': 20, 'attention_head_size': 3, 'learning_rate': 0.0460401292878762}. Best is trial 23 with value: 10.841813087463379.
LOCAL_RANK: 0 - CUDA_VISIBLE_DEVICES: [0]
[I 2023-11-30 13:07:40,116] Trial 120 finished with value: 12.228484153747559 and parameters: {'gradient_clip_val': 0.15532874409074834, 'hidden_size': 130, 'dropout': 0.20596901445874408, 'hidden_continuous_size': 11, 'attention_head_size': 1, 'learning_rate': 0.009015916201164521}. Best is trial 23 with value: 10.841813087463379.
LOCAL_RANK: 0 - CUDA_VISIBLE_DEVICES: [0]
[I 2023-11-30 13:07:52,263] Trial 121 finished with value: 11.536192893981934 and parameters: {'gradient_clip_val': 0.1309829778102391, 'hidden_size': 32, 'dropout': 0.1528145896110664, 'hidden_continuous_size': 14, 'attention_head_size': 1, 'learning_rate': 0.0315373575952487}. Best is trial 23 with value: 10.841813087463379.
LOCAL_RANK: 0 - CUDA_VISIBLE_DEVICES: [0]
[I 2023-11-30 13:08:04,241] Trial 122 finished with value: 11.642020225524902 and parameters: {'gradient_clip_val': 0.12559971579307563, 'hidden_size': 28, 'dropout': 0.1465750519178043, 'hidden_continuous_size': 13, 'attention_head_size': 1, 'learning_rate': 0.034023434767133244}. Best is trial 23 with value: 10.841813087463379.
LOCAL_RANK: 0 - CUDA_VISIBLE_DEVICES: [0]
[I 2023-11-30 13:08:16,738] Trial 123 finished with value: 12.317837715148926 and parameters: {'gradient_clip_val': 0.142328798750088, 'hidden_size': 35, 'dropout': 0.15738292595251618, 'hidden_continuous_size': 14, 'attention_head_size': 1, 'learning_rate': 0.007319529936663217}. Best is trial 23 with value: 10.841813087463379.
LOCAL_RANK: 0 - CUDA_VISIBLE_DEVICES: [0]
[I 2023-11-30 13:08:30,282] Trial 124 finished with value: 11.8624849319458 and parameters: {'gradient_clip_val': 0.1159268945418618, 'hidden_size': 89, 'dropout': 0.13881802034805807, 'hidden_continuous_size': 12, 'attention_head_size': 1, 'learning_rate': 0.026361784749515556}. Best is trial 23 with value: 10.841813087463379.
LOCAL_RANK: 0 - CUDA_VISIBLE_DEVICES: [0]
[I 2023-11-30 13:08:42,844] Trial 125 finished with value: 11.244346618652344 and parameters: {'gradient_clip_val': 0.22225757450694378, 'hidden_size': 40, 'dropout': 0.12251603399539969, 'hidden_continuous_size': 28, 'attention_head_size': 1, 'learning_rate': 0.0409613291293315}. Best is trial 23 with value: 10.841813087463379.
LOCAL_RANK: 0 - CUDA_VISIBLE_DEVICES: [0]
[I 2023-11-30 13:08:55,326] Trial 126 finished with value: 12.614532470703125 and parameters: {'gradient_clip_val': 0.2293134475257363, 'hidden_size': 40, 'dropout': 0.12038169227736914, 'hidden_continuous_size': 25, 'attention_head_size': 1, 'learning_rate': 0.05574513986041919}. Best is trial 23 with value: 10.841813087463379.
LOCAL_RANK: 0 - CUDA_VISIBLE_DEVICES: [0]
[I 2023-11-30 13:09:08,030] Trial 127 finished with value: 11.764193534851074 and parameters: {'gradient_clip_val': 0.19588478258489653, 'hidden_size': 38, 'dropout': 0.10054650072461636, 'hidden_continuous_size': 29, 'attention_head_size': 1, 'learning_rate': 0.04952416876790703}. Best is trial 23 with value: 10.841813087463379.
LOCAL_RANK: 0 - CUDA_VISIBLE_DEVICES: [0]
[I 2023-11-30 13:09:20,905] Trial 128 finished with value: 11.807602882385254 and parameters: {'gradient_clip_val': 0.22199773436277243, 'hidden_size': 44, 'dropout': 0.1121884684661607, 'hidden_continuous_size': 28, 'attention_head_size': 3, 'learning_rate': 0.03864083143330842}. Best is trial 23 with value: 10.841813087463379.
LOCAL_RANK: 0 - CUDA_VISIBLE_DEVICES: [0]
[I 2023-11-30 13:09:34,591] Trial 129 finished with value: 12.701701164245605 and parameters: {'gradient_clip_val': 0.21332564102871274, 'hidden_size': 53, 'dropout': 0.1254777212702239, 'hidden_continuous_size': 30, 'attention_head_size': 2, 'learning_rate': 0.005747847714491432}. Best is trial 23 with value: 10.841813087463379.
LOCAL_RANK: 0 - CUDA_VISIBLE_DEVICES: [0]
[I 2023-11-30 13:09:47,870] Trial 130 finished with value: 12.694207191467285 and parameters: {'gradient_clip_val': 0.24032792108968842, 'hidden_size': 37, 'dropout': 0.19868731833177192, 'hidden_continuous_size': 27, 'attention_head_size': 3, 'learning_rate': 0.019166205942961936}. Best is trial 23 with value: 10.841813087463379.
LOCAL_RANK: 0 - CUDA_VISIBLE_DEVICES: [0]
[I 2023-11-30 13:10:00,869] Trial 131 finished with value: 11.904850006103516 and parameters: {'gradient_clip_val': 0.16654262661752556, 'hidden_size': 45, 'dropout': 0.13489543216307742, 'hidden_continuous_size': 13, 'attention_head_size': 1, 'learning_rate': 0.03651318998671226}. Best is trial 23 with value: 10.841813087463379.
LOCAL_RANK: 0 - CUDA_VISIBLE_DEVICES: [0]
[I 2023-11-30 13:10:14,063] Trial 132 finished with value: 11.760855674743652 and parameters: {'gradient_clip_val': 0.25360054684615224, 'hidden_size': 49, 'dropout': 0.2433543935526129, 'hidden_continuous_size': 15, 'attention_head_size': 1, 'learning_rate': 0.02845811671933673}. Best is trial 23 with value: 10.841813087463379.
LOCAL_RANK: 0 - CUDA_VISIBLE_DEVICES: [0]
[I 2023-11-30 13:10:26,789] Trial 133 finished with value: 11.265124320983887 and parameters: {'gradient_clip_val': 0.27205061559473614, 'hidden_size': 42, 'dropout': 0.1296231919054696, 'hidden_continuous_size': 14, 'attention_head_size': 1, 'learning_rate': 0.04547755898448772}. Best is trial 23 with value: 10.841813087463379.
LOCAL_RANK: 0 - CUDA_VISIBLE_DEVICES: [0]
[I 2023-11-30 13:10:39,656] Trial 134 finished with value: 12.204550743103027 and parameters: {'gradient_clip_val': 0.2656394018813813, 'hidden_size': 42, 'dropout': 0.12584678413092115, 'hidden_continuous_size': 14, 'attention_head_size': 1, 'learning_rate': 0.05102415697917776}. Best is trial 23 with value: 10.841813087463379.
LOCAL_RANK: 0 - CUDA_VISIBLE_DEVICES: [0]
[I 2023-11-30 13:10:52,291] Trial 135 finished with value: 11.975013732910156 and parameters: {'gradient_clip_val': 0.28139038951887946, 'hidden_size': 39, 'dropout': 0.11898875506981549, 'hidden_continuous_size': 13, 'attention_head_size': 1, 'learning_rate': 0.04394902131084155}. Best is trial 23 with value: 10.841813087463379.
LOCAL_RANK: 0 - CUDA_VISIBLE_DEVICES: [0]
[I 2023-11-30 13:11:06,797] Trial 136 finished with value: 12.121071815490723 and parameters: {'gradient_clip_val': 0.2940491830198285, 'hidden_size': 141, 'dropout': 0.12980816033690995, 'hidden_continuous_size': 19, 'attention_head_size': 4, 'learning_rate': 0.04006720012098217}. Best is trial 23 with value: 10.841813087463379.
LOCAL_RANK: 0 - CUDA_VISIBLE_DEVICES: [0]
[I 2023-11-30 13:11:19,429] Trial 137 finished with value: 12.395379066467285 and parameters: {'gradient_clip_val': 0.2703553268080416, 'hidden_size': 48, 'dropout': 0.10901217010914023, 'hidden_continuous_size': 12, 'attention_head_size': 1, 'learning_rate': 0.04366034721663395}. Best is trial 23 with value: 10.841813087463379.
LOCAL_RANK: 0 - CUDA_VISIBLE_DEVICES: [0]
[I 2023-11-30 13:11:33,481] Trial 138 finished with value: 11.48100757598877 and parameters: {'gradient_clip_val': 0.25357202218509817, 'hidden_size': 99, 'dropout': 0.14455666713004459, 'hidden_continuous_size': 34, 'attention_head_size': 3, 'learning_rate': 0.004847903370787375}. Best is trial 23 with value: 10.841813087463379.
LOCAL_RANK: 0 - CUDA_VISIBLE_DEVICES: [0]
[I 2023-11-30 13:11:46,111] Trial 139 finished with value: 11.237747192382812 and parameters: {'gradient_clip_val': 0.23803484092032978, 'hidden_size': 36, 'dropout': 0.1870157063798428, 'hidden_continuous_size': 15, 'attention_head_size': 1, 'learning_rate': 0.034507953236444566}. Best is trial 23 with value: 10.841813087463379.
LOCAL_RANK: 0 - CUDA_VISIBLE_DEVICES: [0]
[I 2023-11-30 13:11:58,349] Trial 140 finished with value: 11.58035945892334 and parameters: {'gradient_clip_val': 0.23006705025926477, 'hidden_size': 36, 'dropout': 0.186319346789131, 'hidden_continuous_size': 15, 'attention_head_size': 1, 'learning_rate': 0.06028459802381447}. Best is trial 23 with value: 10.841813087463379.
LOCAL_RANK: 0 - CUDA_VISIBLE_DEVICES: [0]
[I 2023-11-30 13:12:10,989] Trial 141 finished with value: 10.927937507629395 and parameters: {'gradient_clip_val': 0.2192012322516696, 'hidden_size': 41, 'dropout': 0.2123473603014363, 'hidden_continuous_size': 16, 'attention_head_size': 1, 'learning_rate': 0.03451528425303527}. Best is trial 23 with value: 10.841813087463379.
LOCAL_RANK: 0 - CUDA_VISIBLE_DEVICES: [0]
[I 2023-11-30 13:12:23,537] Trial 142 finished with value: 11.576827049255371 and parameters: {'gradient_clip_val': 0.24268596115921945, 'hidden_size': 41, 'dropout': 0.21448052001999618, 'hidden_continuous_size': 16, 'attention_head_size': 1, 'learning_rate': 0.03453225758855589}. Best is trial 23 with value: 10.841813087463379.
LOCAL_RANK: 0 - CUDA_VISIBLE_DEVICES: [0]
