[I 2023-11-30 14:19:22,571] Trial 134 finished with value: 23.399656295776367 and parameters: {'gradient_clip_val': 0.3268392660606536, 'hidden_size': 14, 'dropout': 0.3371473128848742, 'hidden_continuous_size': 12, 'attention_head_size': 4, 'learning_rate': 0.05700754911235444}. Best is trial 103 with value: 20.839902877807617.
LOCAL_RANK: 0 - CUDA_VISIBLE_DEVICES: [0]
[I 2023-11-30 14:19:34,772] Trial 135 finished with value: 24.459970474243164 and parameters: {'gradient_clip_val': 0.21419176312462906, 'hidden_size': 13, 'dropout': 0.3245982323233435, 'hidden_continuous_size': 13, 'attention_head_size': 4, 'learning_rate': 0.08323460912889369}. Best is trial 103 with value: 20.839902877807617.
LOCAL_RANK: 0 - CUDA_VISIBLE_DEVICES: [0]
[I 2023-11-30 14:19:47,207] Trial 136 finished with value: 23.7647705078125 and parameters: {'gradient_clip_val': 0.33988059907233303, 'hidden_size': 12, 'dropout': 0.2859432706049579, 'hidden_continuous_size': 12, 'attention_head_size': 4, 'learning_rate': 0.09376738292751774}. Best is trial 103 with value: 20.839902877807617.
LOCAL_RANK: 0 - CUDA_VISIBLE_DEVICES: [0]
[I 2023-11-30 14:19:58,822] Trial 137 finished with value: 23.466691970825195 and parameters: {'gradient_clip_val': 0.4361973024989629, 'hidden_size': 13, 'dropout': 0.31753078838942256, 'hidden_continuous_size': 13, 'attention_head_size': 4, 'learning_rate': 0.06197068033556851}. Best is trial 103 with value: 20.839902877807617.
LOCAL_RANK: 0 - CUDA_VISIBLE_DEVICES: [0]
[I 2023-11-30 14:20:12,489] Trial 138 finished with value: 25.206708908081055 and parameters: {'gradient_clip_val': 0.2441196989571281, 'hidden_size': 15, 'dropout': 0.3298578243107336, 'hidden_continuous_size': 14, 'attention_head_size': 4, 'learning_rate': 0.0721309684069566}. Best is trial 103 with value: 20.839902877807617.
LOCAL_RANK: 0 - CUDA_VISIBLE_DEVICES: [0]
[I 2023-11-30 14:20:25,694] Trial 139 finished with value: 22.404897689819336 and parameters: {'gradient_clip_val': 0.3611902858744267, 'hidden_size': 16, 'dropout': 0.3042208763738616, 'hidden_continuous_size': 14, 'attention_head_size': 4, 'learning_rate': 0.0832789715053304}. Best is trial 103 with value: 20.839902877807617.
LOCAL_RANK: 0 - CUDA_VISIBLE_DEVICES: [0]
[I 2023-11-30 14:20:39,093] Trial 140 finished with value: 22.20209312438965 and parameters: {'gradient_clip_val': 0.3644597693064126, 'hidden_size': 16, 'dropout': 0.30738441591210014, 'hidden_continuous_size': 13, 'attention_head_size': 4, 'learning_rate': 0.09912367629290145}. Best is trial 103 with value: 20.839902877807617.
LOCAL_RANK: 0 - CUDA_VISIBLE_DEVICES: [0]
[I 2023-11-30 14:20:52,549] Trial 141 finished with value: 23.7783260345459 and parameters: {'gradient_clip_val': 0.3585149933405294, 'hidden_size': 16, 'dropout': 0.30627057104623784, 'hidden_continuous_size': 13, 'attention_head_size': 4, 'learning_rate': 0.09936008918199175}. Best is trial 103 with value: 20.839902877807617.
LOCAL_RANK: 0 - CUDA_VISIBLE_DEVICES: [0]
[I 2023-11-30 14:21:05,961] Trial 142 finished with value: 25.597715377807617 and parameters: {'gradient_clip_val': 0.31981873954573026, 'hidden_size': 14, 'dropout': 0.29714073879305547, 'hidden_continuous_size': 13, 'attention_head_size': 4, 'learning_rate': 0.08946151854377958}. Best is trial 103 with value: 20.839902877807617.
LOCAL_RANK: 0 - CUDA_VISIBLE_DEVICES: [0]
[I 2023-11-30 14:21:19,282] Trial 143 finished with value: 22.768775939941406 and parameters: {'gradient_clip_val': 0.3926723450423484, 'hidden_size': 15, 'dropout': 0.31036495293828453, 'hidden_continuous_size': 13, 'attention_head_size': 4, 'learning_rate': 0.0831407096259542}. Best is trial 103 with value: 20.839902877807617.
LOCAL_RANK: 0 - CUDA_VISIBLE_DEVICES: [0]
[I 2023-11-30 14:21:32,678] Trial 144 finished with value: 24.80684471130371 and parameters: {'gradient_clip_val': 0.39403486807456556, 'hidden_size': 15, 'dropout': 0.308640814134561, 'hidden_continuous_size': 13, 'attention_head_size': 4, 'learning_rate': 0.08162328978855515}. Best is trial 103 with value: 20.839902877807617.
LOCAL_RANK: 0 - CUDA_VISIBLE_DEVICES: [0]
[I 2023-11-30 14:21:45,815] Trial 145 finished with value: 30.39469337463379 and parameters: {'gradient_clip_val': 0.37238234547328986, 'hidden_size': 16, 'dropout': 0.31366358223288066, 'hidden_continuous_size': 13, 'attention_head_size': 4, 'learning_rate': 0.08013064664584833}. Best is trial 103 with value: 20.839902877807617.
LOCAL_RANK: 0 - CUDA_VISIBLE_DEVICES: [0]
[I 2023-11-30 14:21:59,506] Trial 146 finished with value: 25.416215896606445 and parameters: {'gradient_clip_val': 0.387598721918149, 'hidden_size': 17, 'dropout': 0.3018969949266857, 'hidden_continuous_size': 15, 'attention_head_size': 4, 'learning_rate': 0.01907439541346821}. Best is trial 103 with value: 20.839902877807617.
LOCAL_RANK: 0 - CUDA_VISIBLE_DEVICES: [0]
[I 2023-11-30 14:22:12,727] Trial 147 finished with value: 22.271148681640625 and parameters: {'gradient_clip_val': 0.36076588062243226, 'hidden_size': 14, 'dropout': 0.285487187065554, 'hidden_continuous_size': 13, 'attention_head_size': 4, 'learning_rate': 0.08836571995143101}. Best is trial 103 with value: 20.839902877807617.
LOCAL_RANK: 0 - CUDA_VISIBLE_DEVICES: [0]
[I 2023-11-30 14:22:26,246] Trial 148 finished with value: 21.679306030273438 and parameters: {'gradient_clip_val': 0.3511681589290386, 'hidden_size': 14, 'dropout': 0.29196088375070794, 'hidden_continuous_size': 13, 'attention_head_size': 4, 'learning_rate': 0.08823981626370823}. Best is trial 103 with value: 20.839902877807617.
LOCAL_RANK: 0 - CUDA_VISIBLE_DEVICES: [0]
[I 2023-11-30 14:22:38,025] Trial 149 finished with value: 22.091833114624023 and parameters: {'gradient_clip_val': 0.35150953240062066, 'hidden_size': 12, 'dropout': 0.28952073026698477, 'hidden_continuous_size': 12, 'attention_head_size': 4, 'learning_rate': 0.09217770502176653}. Best is trial 103 with value: 20.839902877807617.
[I 2023-11-30 14:22:38,164] A new study created in memory with name: no-name-ae793893-a484-4d07-95d0-080012adfeed
/home/le004/conda/anaconda3/envs/tsff_env/lib/python3.9/site-packages/lightning/fabric/plugins/environments/slurm.py:191: The `srun` command is available on your system but is not used. HINT: If your intention is to run Lightning on SLURM, prepend your python command with `srun` like so: srun python /home/le004/master_thesis/git/TSFusionForecast/code/ ...
LOCAL_RANK: 0 - CUDA_VISIBLE_DEVICES: [0]
[I 2023-11-30 14:22:52,943] Trial 0 finished with value: 7.154661178588867 and parameters: {'gradient_clip_val': 0.18403057849773805, 'hidden_size': 64, 'dropout': 0.3635871455604197, 'hidden_continuous_size': 51, 'attention_head_size': 3, 'learning_rate': 0.025704781825068034}. Best is trial 0 with value: 7.154661178588867.
LOCAL_RANK: 0 - CUDA_VISIBLE_DEVICES: [0]
[I 2023-11-30 14:23:06,627] Trial 1 finished with value: 11.184649467468262 and parameters: {'gradient_clip_val': 0.20683487209317894, 'hidden_size': 26, 'dropout': 0.24635799598737715, 'hidden_continuous_size': 16, 'attention_head_size': 2, 'learning_rate': 0.00810877178815853}. Best is trial 0 with value: 7.154661178588867.
LOCAL_RANK: 0 - CUDA_VISIBLE_DEVICES: [0]
[I 2023-11-30 14:23:20,503] Trial 2 finished with value: 34.1664924621582 and parameters: {'gradient_clip_val': 0.9121902360572806, 'hidden_size': 14, 'dropout': 0.12981792389614163, 'hidden_continuous_size': 12, 'attention_head_size': 3, 'learning_rate': 0.005405894621138259}. Best is trial 0 with value: 7.154661178588867.
LOCAL_RANK: 0 - CUDA_VISIBLE_DEVICES: [0]
[I 2023-11-30 14:23:34,636] Trial 3 finished with value: 9.662482261657715 and parameters: {'gradient_clip_val': 0.3908712647415222, 'hidden_size': 32, 'dropout': 0.12524625548795063, 'hidden_continuous_size': 24, 'attention_head_size': 4, 'learning_rate': 0.004628641824677516}. Best is trial 0 with value: 7.154661178588867.
LOCAL_RANK: 0 - CUDA_VISIBLE_DEVICES: [0]
[I 2023-11-30 14:23:47,672] Trial 4 finished with value: 30.47835350036621 and parameters: {'gradient_clip_val': 0.24883529944815558, 'hidden_size': 16, 'dropout': 0.14175629856727234, 'hidden_continuous_size': 11, 'attention_head_size': 2, 'learning_rate': 0.0010346014164244641}. Best is trial 0 with value: 7.154661178588867.
LOCAL_RANK: 0 - CUDA_VISIBLE_DEVICES: [0]
[I 2023-11-30 14:24:02,378] Trial 5 finished with value: 5.59634256362915 and parameters: {'gradient_clip_val': 0.8597649340703355, 'hidden_size': 41, 'dropout': 0.10925985567266007, 'hidden_continuous_size': 22, 'attention_head_size': 3, 'learning_rate': 0.06033394828887698}. Best is trial 5 with value: 5.59634256362915.
LOCAL_RANK: 0 - CUDA_VISIBLE_DEVICES: [0]
[I 2023-11-30 14:24:16,210] Trial 6 finished with value: 7.720448970794678 and parameters: {'gradient_clip_val': 0.31347433743459463, 'hidden_size': 38, 'dropout': 0.1959387876356708, 'hidden_continuous_size': 35, 'attention_head_size': 1, 'learning_rate': 0.07764943982689389}. Best is trial 5 with value: 5.59634256362915.
LOCAL_RANK: 0 - CUDA_VISIBLE_DEVICES: [0]
[I 2023-11-30 14:24:30,850] Trial 7 finished with value: 13.381637573242188 and parameters: {'gradient_clip_val': 0.19593575324916854, 'hidden_size': 79, 'dropout': 0.3206070386022618, 'hidden_continuous_size': 22, 'attention_head_size': 3, 'learning_rate': 0.0036272517940373577}. Best is trial 5 with value: 5.59634256362915.
LOCAL_RANK: 0 - CUDA_VISIBLE_DEVICES: [0]
[I 2023-11-30 14:24:44,821] Trial 8 finished with value: 10.258631706237793 and parameters: {'gradient_clip_val': 0.23334882873934706, 'hidden_size': 19, 'dropout': 0.2906579401395258, 'hidden_continuous_size': 18, 'attention_head_size': 4, 'learning_rate': 0.018275630262804963}. Best is trial 5 with value: 5.59634256362915.
LOCAL_RANK: 0 - CUDA_VISIBLE_DEVICES: [0]
[I 2023-11-30 14:24:59,476] Trial 9 finished with value: 9.585543632507324 and parameters: {'gradient_clip_val': 0.18119484554665727, 'hidden_size': 95, 'dropout': 0.37109939065195185, 'hidden_continuous_size': 10, 'attention_head_size': 4, 'learning_rate': 0.0014832552878395282}. Best is trial 5 with value: 5.59634256362915.
LOCAL_RANK: 0 - CUDA_VISIBLE_DEVICES: [0]
[I 2023-11-30 14:25:15,342] Trial 10 finished with value: 7.298429012298584 and parameters: {'gradient_clip_val': 0.10492989828273709, 'hidden_size': 149, 'dropout': 0.19945633872426902, 'hidden_continuous_size': 99, 'attention_head_size': 1, 'learning_rate': 0.0960417462237666}. Best is trial 5 with value: 5.59634256362915.
LOCAL_RANK: 0 - CUDA_VISIBLE_DEVICES: [0]
[I 2023-11-30 14:25:30,482] Trial 11 finished with value: 5.997335910797119 and parameters: {'gradient_clip_val': 0.992040849006277, 'hidden_size': 54, 'dropout': 0.392684565671031, 'hidden_continuous_size': 38, 'attention_head_size': 3, 'learning_rate': 0.031694442871077436}. Best is trial 5 with value: 5.59634256362915.
LOCAL_RANK: 0 - CUDA_VISIBLE_DEVICES: [0]
[I 2023-11-30 14:25:44,732] Trial 12 finished with value: 6.641221523284912 and parameters: {'gradient_clip_val': 0.9133751878670252, 'hidden_size': 48, 'dropout': 0.3973307374440517, 'hidden_continuous_size': 28, 'attention_head_size': 3, 'learning_rate': 0.03952149197721169}. Best is trial 5 with value: 5.59634256362915.
LOCAL_RANK: 0 - CUDA_VISIBLE_DEVICES: [0]
[I 2023-11-30 14:25:56,768] Trial 13 finished with value: 12.173351287841797 and parameters: {'gradient_clip_val': 0.6492913181618062, 'hidden_size': 10, 'dropout': 0.3107918926430277, 'hidden_continuous_size': 10, 'attention_head_size': 2, 'learning_rate': 0.0437404447188344}. Best is trial 5 with value: 5.59634256362915.
LOCAL_RANK: 0 - CUDA_VISIBLE_DEVICES: [0]
[I 2023-11-30 14:26:11,127] Trial 14 finished with value: 10.235724449157715 and parameters: {'gradient_clip_val': 0.632836356933803, 'hidden_size': 46, 'dropout': 0.10084362657192122, 'hidden_continuous_size': 15, 'attention_head_size': 3, 'learning_rate': 0.016324292461772534}. Best is trial 5 with value: 5.59634256362915.
LOCAL_RANK: 0 - CUDA_VISIBLE_DEVICES: [0]
[I 2023-11-30 14:26:25,104] Trial 15 finished with value: 6.122670650482178 and parameters: {'gradient_clip_val': 0.9518094322292463, 'hidden_size': 29, 'dropout': 0.2715430604472504, 'hidden_continuous_size': 15, 'attention_head_size': 2, 'learning_rate': 0.0516440178627603}. Best is trial 5 with value: 5.59634256362915.
LOCAL_RANK: 0 - CUDA_VISIBLE_DEVICES: [0]
[I 2023-11-30 14:26:40,398] Trial 16 finished with value: 5.589572906494141 and parameters: {'gradient_clip_val': 0.6542802328425088, 'hidden_size': 49, 'dropout': 0.24186920652356508, 'hidden_continuous_size': 19, 'attention_head_size': 4, 'learning_rate': 0.028090307106060232}. Best is trial 16 with value: 5.589572906494141.
LOCAL_RANK: 0 - CUDA_VISIBLE_DEVICES: [0]
[I 2023-11-30 14:26:54,815] Trial 17 finished with value: 9.21207332611084 and parameters: {'gradient_clip_val': 0.5855709997469557, 'hidden_size': 39, 'dropout': 0.1784854396034931, 'hidden_continuous_size': 19, 'attention_head_size': 4, 'learning_rate': 0.06253014664587997}. Best is trial 16 with value: 5.589572906494141.
LOCAL_RANK: 0 - CUDA_VISIBLE_DEVICES: [0]
[I 2023-11-30 14:27:08,545] Trial 18 finished with value: 6.756669521331787 and parameters: {'gradient_clip_val': 0.4738970409309122, 'hidden_size': 23, 'dropout': 0.2359476504776205, 'hidden_continuous_size': 13, 'attention_head_size': 4, 'learning_rate': 0.09685781330442321}. Best is trial 16 with value: 5.589572906494141.
LOCAL_RANK: 0 - CUDA_VISIBLE_DEVICES: [0]
[I 2023-11-30 14:27:22,564] Trial 19 finished with value: 10.728870391845703 and parameters: {'gradient_clip_val': 0.753411633010824, 'hidden_size': 35, 'dropout': 0.16645807966138187, 'hidden_continuous_size': 13, 'attention_head_size': 4, 'learning_rate': 0.02415614098539465}. Best is trial 16 with value: 5.589572906494141.
LOCAL_RANK: 0 - CUDA_VISIBLE_DEVICES: [0]
[I 2023-11-30 14:27:37,435] Trial 20 finished with value: 10.289794921875 and parameters: {'gradient_clip_val': 0.48952546039055067, 'hidden_size': 63, 'dropout': 0.22194931842586332, 'hidden_continuous_size': 19, 'attention_head_size': 4, 'learning_rate': 0.053722979808379645}. Best is trial 16 with value: 5.589572906494141.
LOCAL_RANK: 0 - CUDA_VISIBLE_DEVICES: [0]
[I 2023-11-30 14:27:51,780] Trial 21 finished with value: 6.621560573577881 and parameters: {'gradient_clip_val': 0.7745114958338609, 'hidden_size': 53, 'dropout': 0.26134776756837924, 'hidden_continuous_size': 23, 'attention_head_size': 3, 'learning_rate': 0.03295001360886982}. Best is trial 16 with value: 5.589572906494141.
LOCAL_RANK: 0 - CUDA_VISIBLE_DEVICES: [0]
[I 2023-11-30 14:28:05,859] Trial 22 finished with value: 6.88557767868042 and parameters: {'gradient_clip_val': 0.966913792127478, 'hidden_size': 42, 'dropout': 0.2231575401462005, 'hidden_continuous_size': 18, 'attention_head_size': 3, 'learning_rate': 0.03274229855400577}. Best is trial 16 with value: 5.589572906494141.
LOCAL_RANK: 0 - CUDA_VISIBLE_DEVICES: [0]
[I 2023-11-30 14:28:20,406] Trial 23 finished with value: 9.751895904541016 and parameters: {'gradient_clip_val': 0.6770050570935666, 'hidden_size': 51, 'dropout': 0.3270189340866437, 'hidden_continuous_size': 28, 'attention_head_size': 3, 'learning_rate': 0.01479118573462474}. Best is trial 16 with value: 5.589572906494141.
LOCAL_RANK: 0 - CUDA_VISIBLE_DEVICES: [0]
[I 2023-11-30 14:28:34,517] Trial 24 finished with value: 5.686604976654053 and parameters: {'gradient_clip_val': 0.7774881630655115, 'hidden_size': 32, 'dropout': 0.2859200035888723, 'hidden_continuous_size': 16, 'attention_head_size': 2, 'learning_rate': 0.0572207431936363}. Best is trial 16 with value: 5.589572906494141.
LOCAL_RANK: 0 - CUDA_VISIBLE_DEVICES: [0]
[I 2023-11-30 14:28:47,783] Trial 25 finished with value: 8.04174518585205 and parameters: {'gradient_clip_val': 0.7791050463042636, 'hidden_size': 32, 'dropout': 0.2763259315974269, 'hidden_continuous_size': 16, 'attention_head_size': 2, 'learning_rate': 0.06289022530276366}. Best is trial 16 with value: 5.589572906494141.
LOCAL_RANK: 0 - CUDA_VISIBLE_DEVICES: [0]
[I 2023-11-30 14:29:01,215] Trial 26 finished with value: 6.345983028411865 and parameters: {'gradient_clip_val': 0.551822124899257, 'hidden_size': 25, 'dropout': 0.24320622292242372, 'hidden_continuous_size': 14, 'attention_head_size': 1, 'learning_rate': 0.0693341312674402}. Best is trial 16 with value: 5.589572906494141.
LOCAL_RANK: 0 - CUDA_VISIBLE_DEVICES: [0]
[I 2023-11-30 14:29:14,915] Trial 27 finished with value: 6.347498416900635 and parameters: {'gradient_clip_val': 0.7400924770718902, 'hidden_size': 37, 'dropout': 0.15471487986569477, 'hidden_continuous_size': 17, 'attention_head_size': 2, 'learning_rate': 0.04432917172753769}. Best is trial 16 with value: 5.589572906494141.
LOCAL_RANK: 0 - CUDA_VISIBLE_DEVICES: [0]
[I 2023-11-30 14:29:28,591] Trial 28 finished with value: 8.88443374633789 and parameters: {'gradient_clip_val': 0.5375611174025254, 'hidden_size': 29, 'dropout': 0.10191680497066191, 'hidden_continuous_size': 14, 'attention_head_size': 2, 'learning_rate': 0.022710636303992365}. Best is trial 16 with value: 5.589572906494141.
LOCAL_RANK: 0 - CUDA_VISIBLE_DEVICES: [0]
[I 2023-11-30 14:29:43,812] Trial 29 finished with value: 12.180014610290527 and parameters: {'gradient_clip_val': 0.817869771589003, 'hidden_size': 69, 'dropout': 0.2946042049829687, 'hidden_continuous_size': 20, 'attention_head_size': 3, 'learning_rate': 0.025683945389385707}. Best is trial 16 with value: 5.589572906494141.
LOCAL_RANK: 0 - CUDA_VISIBLE_DEVICES: [0]
[I 2023-11-30 14:29:57,623] Trial 30 finished with value: 5.1086859703063965 and parameters: {'gradient_clip_val': 0.688338495505989, 'hidden_size': 41, 'dropout': 0.3383525064224933, 'hidden_continuous_size': 20, 'attention_head_size': 1, 'learning_rate': 0.041245634889695994}. Best is trial 30 with value: 5.1086859703063965.
LOCAL_RANK: 0 - CUDA_VISIBLE_DEVICES: [0]
[I 2023-11-30 14:30:11,758] Trial 31 finished with value: 6.450115203857422 and parameters: {'gradient_clip_val': 0.6679153456852294, 'hidden_size': 42, 'dropout': 0.34045097026900595, 'hidden_continuous_size': 21, 'attention_head_size': 1, 'learning_rate': 0.04380000090962246}. Best is trial 30 with value: 5.1086859703063965.
LOCAL_RANK: 0 - CUDA_VISIBLE_DEVICES: [0]
[I 2023-11-30 14:30:25,815] Trial 32 finished with value: 10.8384428024292 and parameters: {'gradient_clip_val': 0.8120787364168016, 'hidden_size': 33, 'dropout': 0.3593222836669525, 'hidden_continuous_size': 17, 'attention_head_size': 1, 'learning_rate': 0.06703861115350566}. Best is trial 30 with value: 5.1086859703063965.
LOCAL_RANK: 0 - CUDA_VISIBLE_DEVICES: [0]
[I 2023-11-30 14:30:40,106] Trial 33 finished with value: 5.779460906982422 and parameters: {'gradient_clip_val': 0.6152520757231299, 'hidden_size': 45, 'dropout': 0.25807420309666024, 'hidden_continuous_size': 21, 'attention_head_size': 2, 'learning_rate': 0.05175739207880351}. Best is trial 30 with value: 5.1086859703063965.
LOCAL_RANK: 0 - CUDA_VISIBLE_DEVICES: [0]
[I 2023-11-30 14:30:53,954] Trial 34 finished with value: 14.421221733093262 and parameters: {'gradient_clip_val': 0.8699031070739546, 'hidden_size': 22, 'dropout': 0.2889964783519856, 'hidden_continuous_size': 16, 'attention_head_size': 1, 'learning_rate': 0.03646346737420466}. Best is trial 30 with value: 5.1086859703063965.
LOCAL_RANK: 0 - CUDA_VISIBLE_DEVICES: [0]
[I 2023-11-30 14:31:07,794] Trial 35 finished with value: 11.335116386413574 and parameters: {'gradient_clip_val': 0.7140181530145694, 'hidden_size': 28, 'dropout': 0.3104541115677308, 'hidden_continuous_size': 18, 'attention_head_size': 1, 'learning_rate': 0.08484416220821463}. Best is trial 30 with value: 5.1086859703063965.
LOCAL_RANK: 0 - CUDA_VISIBLE_DEVICES: [0]
[I 2023-11-30 14:31:22,233] Trial 36 finished with value: 8.928082466125488 and parameters: {'gradient_clip_val': 0.8506969562094963, 'hidden_size': 36, 'dropout': 0.14904867659357104, 'hidden_continuous_size': 20, 'attention_head_size': 2, 'learning_rate': 0.013097006514047514}. Best is trial 30 with value: 5.1086859703063965.
LOCAL_RANK: 0 - CUDA_VISIBLE_DEVICES: [0]
[I 2023-11-30 14:31:37,156] Trial 37 finished with value: 6.23922872543335 and parameters: {'gradient_clip_val': 0.4686517103234769, 'hidden_size': 61, 'dropout': 0.12365425458172112, 'hidden_continuous_size': 24, 'attention_head_size': 4, 'learning_rate': 0.030185417887175783}. Best is trial 30 with value: 5.1086859703063965.
LOCAL_RANK: 0 - CUDA_VISIBLE_DEVICES: [0]
[I 2023-11-30 14:31:51,212] Trial 38 finished with value: 6.252433776855469 and parameters: {'gradient_clip_val': 0.40762525671691413, 'hidden_size': 42, 'dropout': 0.193258750862992, 'hidden_continuous_size': 22, 'attention_head_size': 3, 'learning_rate': 0.0766197432481335}. Best is trial 30 with value: 5.1086859703063965.
LOCAL_RANK: 0 - CUDA_VISIBLE_DEVICES: [0]
[I 2023-11-30 14:32:05,071] Trial 39 finished with value: 11.114250183105469 and parameters: {'gradient_clip_val': 0.5661217069908313, 'hidden_size': 32, 'dropout': 0.3405592432666097, 'hidden_continuous_size': 19, 'attention_head_size': 1, 'learning_rate': 0.01832208735619924}. Best is trial 30 with value: 5.1086859703063965.
LOCAL_RANK: 0 - CUDA_VISIBLE_DEVICES: [0]
[I 2023-11-30 14:32:19,106] Trial 40 finished with value: 8.246780395507812 and parameters: {'gradient_clip_val': 0.7018036588777088, 'hidden_size': 25, 'dropout': 0.25449451595713307, 'hidden_continuous_size': 12, 'attention_head_size': 2, 'learning_rate': 0.010439312298614894}. Best is trial 30 with value: 5.1086859703063965.
LOCAL_RANK: 0 - CUDA_VISIBLE_DEVICES: [0]
[I 2023-11-30 14:32:33,272] Trial 41 finished with value: 5.03323221206665 and parameters: {'gradient_clip_val': 0.6109574637166787, 'hidden_size': 45, 'dropout': 0.2698311931611111, 'hidden_continuous_size': 22, 'attention_head_size': 2, 'learning_rate': 0.05444183577954455}. Best is trial 41 with value: 5.03323221206665.
LOCAL_RANK: 0 - CUDA_VISIBLE_DEVICES: [0]
