[I 2023-11-30 14:59:14,899] Trial 9 finished with value: 4.412658214569092 and parameters: {'gradient_clip_val': 0.19782200534588076, 'hidden_size': 106, 'dropout': 0.19312095869265142, 'hidden_continuous_size': 30, 'attention_head_size': 4, 'learning_rate': 0.028636161607906028}. Best is trial 2 with value: 4.351135730743408.
LOCAL_RANK: 0 - CUDA_VISIBLE_DEVICES: [0]
[I 2023-11-30 14:59:29,489] Trial 10 finished with value: 5.0480732917785645 and parameters: {'gradient_clip_val': 0.10659643004394752, 'hidden_size': 145, 'dropout': 0.1103232181493031, 'hidden_continuous_size': 75, 'attention_head_size': 2, 'learning_rate': 0.00945815010650686}. Best is trial 2 with value: 4.351135730743408.
LOCAL_RANK: 0 - CUDA_VISIBLE_DEVICES: [0]
[I 2023-11-30 14:59:43,821] Trial 11 finished with value: 5.042791843414307 and parameters: {'gradient_clip_val': 0.399024522783665, 'hidden_size': 150, 'dropout': 0.22025290739634384, 'hidden_continuous_size': 53, 'attention_head_size': 3, 'learning_rate': 0.015359145438627356}. Best is trial 2 with value: 4.351135730743408.
LOCAL_RANK: 0 - CUDA_VISIBLE_DEVICES: [0]
[I 2023-11-30 14:59:57,738] Trial 12 finished with value: 4.628408432006836 and parameters: {'gradient_clip_val': 0.45858548332487203, 'hidden_size': 90, 'dropout': 0.19429906828324311, 'hidden_continuous_size': 40, 'attention_head_size': 4, 'learning_rate': 0.07487365923999986}. Best is trial 2 with value: 4.351135730743408.
LOCAL_RANK: 0 - CUDA_VISIBLE_DEVICES: [0]
[I 2023-11-30 15:00:12,113] Trial 13 finished with value: 4.723226070404053 and parameters: {'gradient_clip_val': 0.22203311545097676, 'hidden_size': 97, 'dropout': 0.26028956463843106, 'hidden_continuous_size': 83, 'attention_head_size': 2, 'learning_rate': 0.02006575243511126}. Best is trial 2 with value: 4.351135730743408.
LOCAL_RANK: 0 - CUDA_VISIBLE_DEVICES: [0]
[I 2023-11-30 15:00:26,051] Trial 14 finished with value: 4.563065052032471 and parameters: {'gradient_clip_val': 0.15857844192032194, 'hidden_size': 95, 'dropout': 0.19598753161228064, 'hidden_continuous_size': 41, 'attention_head_size': 3, 'learning_rate': 0.0884528555993312}. Best is trial 2 with value: 4.351135730743408.
LOCAL_RANK: 0 - CUDA_VISIBLE_DEVICES: [0]
[I 2023-11-30 15:00:39,422] Trial 15 finished with value: 5.600813388824463 and parameters: {'gradient_clip_val': 0.3140417323560016, 'hidden_size': 77, 'dropout': 0.11977966922224281, 'hidden_continuous_size': 34, 'attention_head_size': 1, 'learning_rate': 0.00500292674145139}. Best is trial 2 with value: 4.351135730743408.
LOCAL_RANK: 0 - CUDA_VISIBLE_DEVICES: [0]
[I 2023-11-30 15:00:53,964] Trial 16 finished with value: 4.991342544555664 and parameters: {'gradient_clip_val': 0.4611484353499626, 'hidden_size': 126, 'dropout': 0.1581568689907925, 'hidden_continuous_size': 98, 'attention_head_size': 4, 'learning_rate': 0.02086386563097548}. Best is trial 2 with value: 4.351135730743408.
LOCAL_RANK: 0 - CUDA_VISIBLE_DEVICES: [0]
[I 2023-11-30 15:01:08,129] Trial 17 finished with value: 4.162751197814941 and parameters: {'gradient_clip_val': 0.15355191838419488, 'hidden_size': 114, 'dropout': 0.2554230843723537, 'hidden_continuous_size': 62, 'attention_head_size': 3, 'learning_rate': 0.014613820500912963}. Best is trial 17 with value: 4.162751197814941.
LOCAL_RANK: 0 - CUDA_VISIBLE_DEVICES: [0]
[I 2023-11-30 15:01:22,757] Trial 18 finished with value: 5.26856803894043 and parameters: {'gradient_clip_val': 0.10179670739787522, 'hidden_size': 71, 'dropout': 0.2858387742248683, 'hidden_continuous_size': 53, 'attention_head_size': 2, 'learning_rate': 0.004992359305313574}. Best is trial 17 with value: 4.162751197814941.
LOCAL_RANK: 0 - CUDA_VISIBLE_DEVICES: [0]
[I 2023-11-30 15:01:38,315] Trial 19 finished with value: 4.476266384124756 and parameters: {'gradient_clip_val': 0.1467465145946271, 'hidden_size': 122, 'dropout': 0.24228023688627032, 'hidden_continuous_size': 121, 'attention_head_size': 3, 'learning_rate': 0.013734280482660522}. Best is trial 17 with value: 4.162751197814941.
LOCAL_RANK: 0 - CUDA_VISIBLE_DEVICES: [0]
[I 2023-11-30 15:01:53,328] Trial 20 finished with value: 4.311436653137207 and parameters: {'gradient_clip_val': 0.2904330773061465, 'hidden_size': 118, 'dropout': 0.25964787471277617, 'hidden_continuous_size': 63, 'attention_head_size': 2, 'learning_rate': 0.008122082657745364}. Best is trial 17 with value: 4.162751197814941.
LOCAL_RANK: 0 - CUDA_VISIBLE_DEVICES: [0]
[I 2023-11-30 15:02:06,036] Trial 21 finished with value: 3.9596290588378906 and parameters: {'gradient_clip_val': 0.27573559097317285, 'hidden_size': 149, 'dropout': 0.2503873885920075, 'hidden_continuous_size': 149, 'attention_head_size': 2, 'learning_rate': 0.007971123755842715}. Best is trial 21 with value: 3.9596290588378906.
LOCAL_RANK: 0 - CUDA_VISIBLE_DEVICES: [0]
[I 2023-11-30 15:02:21,398] Trial 22 finished with value: 4.842041492462158 and parameters: {'gradient_clip_val': 0.2791517285138272, 'hidden_size': 109, 'dropout': 0.2528199510872139, 'hidden_continuous_size': 65, 'attention_head_size': 2, 'learning_rate': 0.003959782310623602}. Best is trial 21 with value: 3.9596290588378906.
LOCAL_RANK: 0 - CUDA_VISIBLE_DEVICES: [0]
[I 2023-11-30 15:02:36,358] Trial 23 finished with value: 4.223002910614014 and parameters: {'gradient_clip_val': 0.3380275750615984, 'hidden_size': 90, 'dropout': 0.2948454652461119, 'hidden_continuous_size': 55, 'attention_head_size': 3, 'learning_rate': 0.012759250771141066}. Best is trial 21 with value: 3.9596290588378906.
LOCAL_RANK: 0 - CUDA_VISIBLE_DEVICES: [0]
[I 2023-11-30 15:02:51,250] Trial 24 finished with value: 4.4313130378723145 and parameters: {'gradient_clip_val': 0.3869303351625163, 'hidden_size': 79, 'dropout': 0.29236284673100765, 'hidden_continuous_size': 49, 'attention_head_size': 3, 'learning_rate': 0.013552507364857452}. Best is trial 21 with value: 3.9596290588378906.
LOCAL_RANK: 0 - CUDA_VISIBLE_DEVICES: [0]
[I 2023-11-30 15:03:06,514] Trial 25 finished with value: 4.335568904876709 and parameters: {'gradient_clip_val': 0.24712446103415295, 'hidden_size': 87, 'dropout': 0.30434544168118316, 'hidden_continuous_size': 60, 'attention_head_size': 3, 'learning_rate': 0.011644484714976148}. Best is trial 21 with value: 3.9596290588378906.
LOCAL_RANK: 0 - CUDA_VISIBLE_DEVICES: [0]
[I 2023-11-30 15:03:21,488] Trial 26 finished with value: 4.08019495010376 and parameters: {'gradient_clip_val': 0.3477136322870653, 'hidden_size': 65, 'dropout': 0.22231518790315824, 'hidden_continuous_size': 44, 'attention_head_size': 3, 'learning_rate': 0.018630187743031334}. Best is trial 21 with value: 3.9596290588378906.
LOCAL_RANK: 0 - CUDA_VISIBLE_DEVICES: [0]
[I 2023-11-30 15:03:36,425] Trial 27 finished with value: 5.0482659339904785 and parameters: {'gradient_clip_val': 0.23160415664577758, 'hidden_size': 69, 'dropout': 0.22434070533596123, 'hidden_continuous_size': 39, 'attention_head_size': 3, 'learning_rate': 0.0073996502300818215}. Best is trial 21 with value: 3.9596290588378906.
LOCAL_RANK: 0 - CUDA_VISIBLE_DEVICES: [0]
[I 2023-11-30 15:03:51,976] Trial 28 finished with value: 4.024284362792969 and parameters: {'gradient_clip_val': 0.15742535903016397, 'hidden_size': 120, 'dropout': 0.21826671714882906, 'hidden_continuous_size': 119, 'attention_head_size': 1, 'learning_rate': 0.02189494551049765}. Best is trial 21 with value: 3.9596290588378906.
LOCAL_RANK: 0 - CUDA_VISIBLE_DEVICES: [0]
[I 2023-11-30 15:04:07,789] Trial 29 finished with value: 4.323845863342285 and parameters: {'gradient_clip_val': 0.3599977083307506, 'hidden_size': 130, 'dropout': 0.2143262877143292, 'hidden_continuous_size': 129, 'attention_head_size': 1, 'learning_rate': 0.021376236632984612}. Best is trial 21 with value: 3.9596290588378906.
LOCAL_RANK: 0 - CUDA_VISIBLE_DEVICES: [0]
[I 2023-11-30 15:04:22,523] Trial 30 finished with value: 4.604133605957031 and parameters: {'gradient_clip_val': 0.27679616134308027, 'hidden_size': 61, 'dropout': 0.27573311715692966, 'hidden_continuous_size': 45, 'attention_head_size': 1, 'learning_rate': 0.028675516080390036}. Best is trial 21 with value: 3.9596290588378906.
LOCAL_RANK: 0 - CUDA_VISIBLE_DEVICES: [0]
[I 2023-11-30 15:04:38,206] Trial 31 finished with value: 4.758840084075928 and parameters: {'gradient_clip_val': 0.14804606905793313, 'hidden_size': 110, 'dropout': 0.2381386892057737, 'hidden_continuous_size': 95, 'attention_head_size': 1, 'learning_rate': 0.019561998573596223}. Best is trial 21 with value: 3.9596290588378906.
LOCAL_RANK: 0 - CUDA_VISIBLE_DEVICES: [0]
[I 2023-11-30 15:04:54,619] Trial 32 finished with value: 4.181037425994873 and parameters: {'gradient_clip_val': 0.18339159900725863, 'hidden_size': 145, 'dropout': 0.2677914644674525, 'hidden_continuous_size': 126, 'attention_head_size': 1, 'learning_rate': 0.016694512817119995}. Best is trial 21 with value: 3.9596290588378906.
LOCAL_RANK: 0 - CUDA_VISIBLE_DEVICES: [0]
[I 2023-11-30 15:05:10,023] Trial 33 finished with value: 4.410139560699463 and parameters: {'gradient_clip_val': 0.12290551242344964, 'hidden_size': 110, 'dropout': 0.24240433138228343, 'hidden_continuous_size': 80, 'attention_head_size': 2, 'learning_rate': 0.01017683843721219}. Best is trial 21 with value: 3.9596290588378906.
LOCAL_RANK: 0 - CUDA_VISIBLE_DEVICES: [0]
[I 2023-11-30 15:05:25,521] Trial 34 finished with value: 4.448029041290283 and parameters: {'gradient_clip_val': 0.2065533622911803, 'hidden_size': 126, 'dropout': 0.21438926774242642, 'hidden_continuous_size': 110, 'attention_head_size': 3, 'learning_rate': 0.025831493660658025}. Best is trial 21 with value: 3.9596290588378906.
LOCAL_RANK: 0 - CUDA_VISIBLE_DEVICES: [0]
[I 2023-11-30 15:05:41,973] Trial 35 finished with value: 5.7350921630859375 and parameters: {'gradient_clip_val': 0.17330634664949285, 'hidden_size': 148, 'dropout': 0.27213364573722315, 'hidden_continuous_size': 147, 'attention_head_size': 2, 'learning_rate': 0.016210316899812022}. Best is trial 21 with value: 3.9596290588378906.
LOCAL_RANK: 0 - CUDA_VISIBLE_DEVICES: [0]
[I 2023-11-30 15:05:57,515] Trial 36 finished with value: 4.202651500701904 and parameters: {'gradient_clip_val': 0.22409846027904015, 'hidden_size': 108, 'dropout': 0.24398395958117858, 'hidden_continuous_size': 86, 'attention_head_size': 3, 'learning_rate': 0.056541488183744326}. Best is trial 21 with value: 3.9596290588378906.
LOCAL_RANK: 0 - CUDA_VISIBLE_DEVICES: [0]
[I 2023-11-30 15:06:12,940] Trial 37 finished with value: 4.944918632507324 and parameters: {'gradient_clip_val': 0.13234847591129373, 'hidden_size': 83, 'dropout': 0.32972608466272, 'hidden_continuous_size': 71, 'attention_head_size': 1, 'learning_rate': 0.011609053239063118}. Best is trial 21 with value: 3.9596290588378906.
LOCAL_RANK: 0 - CUDA_VISIBLE_DEVICES: [0]
[I 2023-11-30 15:06:27,631] Trial 38 finished with value: 4.602392196655273 and parameters: {'gradient_clip_val': 0.18159705343199453, 'hidden_size': 47, 'dropout': 0.22851038749000654, 'hidden_continuous_size': 34, 'attention_head_size': 4, 'learning_rate': 0.03223414222678623}. Best is trial 21 with value: 3.9596290588378906.
LOCAL_RANK: 0 - CUDA_VISIBLE_DEVICES: [0]
[I 2023-11-30 15:06:43,245] Trial 39 finished with value: 4.861911773681641 and parameters: {'gradient_clip_val': 0.16550846824627205, 'hidden_size': 128, 'dropout': 0.253272045375382, 'hidden_continuous_size': 98, 'attention_head_size': 2, 'learning_rate': 0.04337781744016439}. Best is trial 21 with value: 3.9596290588378906.
LOCAL_RANK: 0 - CUDA_VISIBLE_DEVICES: [0]
[I 2023-11-30 15:06:58,447] Trial 40 finished with value: 3.816023826599121 and parameters: {'gradient_clip_val': 0.20549651173690922, 'hidden_size': 100, 'dropout': 0.20557141544963717, 'hidden_continuous_size': 72, 'attention_head_size': 3, 'learning_rate': 0.008695859911257594}. Best is trial 40 with value: 3.816023826599121.
LOCAL_RANK: 0 - CUDA_VISIBLE_DEVICES: [0]
[I 2023-11-30 15:07:14,017] Trial 41 finished with value: 4.674479961395264 and parameters: {'gradient_clip_val': 0.25338722566506694, 'hidden_size': 98, 'dropout': 0.20586942204789488, 'hidden_continuous_size': 71, 'attention_head_size': 3, 'learning_rate': 0.008362384300615977}. Best is trial 40 with value: 3.816023826599121.
LOCAL_RANK: 0 - CUDA_VISIBLE_DEVICES: [0]
[I 2023-11-30 15:07:29,332] Trial 42 finished with value: 4.627984523773193 and parameters: {'gradient_clip_val': 0.20761254432273304, 'hidden_size': 102, 'dropout': 0.22959615558171448, 'hidden_continuous_size': 77, 'attention_head_size': 3, 'learning_rate': 0.025830830238358683}. Best is trial 40 with value: 3.816023826599121.
LOCAL_RANK: 0 - CUDA_VISIBLE_DEVICES: [0]
[I 2023-11-30 15:07:45,199] Trial 43 finished with value: 4.708004474639893 and parameters: {'gradient_clip_val': 0.182944181566372, 'hidden_size': 123, 'dropout': 0.1768663583920442, 'hidden_continuous_size': 93, 'attention_head_size': 3, 'learning_rate': 0.00934223496333174}. Best is trial 40 with value: 3.816023826599121.
LOCAL_RANK: 0 - CUDA_VISIBLE_DEVICES: [0]
[I 2023-11-30 15:08:00,644] Trial 44 finished with value: 4.896018981933594 and parameters: {'gradient_clip_val': 0.305974797657197, 'hidden_size': 136, 'dropout': 0.20647375982100039, 'hidden_continuous_size': 113, 'attention_head_size': 3, 'learning_rate': 0.016727266555684343}. Best is trial 40 with value: 3.816023826599121.
LOCAL_RANK: 0 - CUDA_VISIBLE_DEVICES: [0]
[I 2023-11-30 15:08:15,854] Trial 45 finished with value: 4.760582447052002 and parameters: {'gradient_clip_val': 0.1943456372043428, 'hidden_size': 92, 'dropout': 0.23156529478114837, 'hidden_continuous_size': 74, 'attention_head_size': 4, 'learning_rate': 0.0068541115713922785}. Best is trial 40 with value: 3.816023826599121.
LOCAL_RANK: 0 - CUDA_VISIBLE_DEVICES: [0]
[I 2023-11-30 15:08:29,724] Trial 46 finished with value: 4.325644016265869 and parameters: {'gradient_clip_val': 0.25987654940626614, 'hidden_size': 79, 'dropout': 0.18210917598820556, 'hidden_continuous_size': 62, 'attention_head_size': 2, 'learning_rate': 0.010551421781221707}. Best is trial 40 with value: 3.816023826599121.
LOCAL_RANK: 0 - CUDA_VISIBLE_DEVICES: [0]
[I 2023-11-30 15:08:44,856] Trial 47 finished with value: 4.576279163360596 and parameters: {'gradient_clip_val': 0.1586625044747301, 'hidden_size': 150, 'dropout': 0.20580741613351794, 'hidden_continuous_size': 144, 'attention_head_size': 3, 'learning_rate': 0.013705259852044379}. Best is trial 40 with value: 3.816023826599121.
LOCAL_RANK: 0 - CUDA_VISIBLE_DEVICES: [0]
[I 2023-11-30 15:08:59,158] Trial 48 finished with value: 4.485146999359131 and parameters: {'gradient_clip_val': 0.21433828059462587, 'hidden_size': 101, 'dropout': 0.24834146814437913, 'hidden_continuous_size': 84, 'attention_head_size': 3, 'learning_rate': 0.0061510223467345715}. Best is trial 40 with value: 3.816023826599121.
LOCAL_RANK: 0 - CUDA_VISIBLE_DEVICES: [0]
[I 2023-11-30 15:09:12,534] Trial 49 finished with value: 4.6782355308532715 and parameters: {'gradient_clip_val': 0.24178071447668006, 'hidden_size': 59, 'dropout': 0.22000963585056632, 'hidden_continuous_size': 49, 'attention_head_size': 2, 'learning_rate': 0.03599663743817516}. Best is trial 40 with value: 3.816023826599121.
LOCAL_RANK: 0 - CUDA_VISIBLE_DEVICES: [0]
[I 2023-11-30 15:09:27,043] Trial 50 finished with value: 4.201384544372559 and parameters: {'gradient_clip_val': 0.19634711229433585, 'hidden_size': 117, 'dropout': 0.19361534320701818, 'hidden_continuous_size': 88, 'attention_head_size': 4, 'learning_rate': 0.01858533461559169}. Best is trial 40 with value: 3.816023826599121.
LOCAL_RANK: 0 - CUDA_VISIBLE_DEVICES: [0]
[I 2023-11-30 15:09:41,223] Trial 51 finished with value: 5.378562927246094 and parameters: {'gradient_clip_val': 0.1741728650759435, 'hidden_size': 136, 'dropout': 0.2723013942848649, 'hidden_continuous_size': 105, 'attention_head_size': 1, 'learning_rate': 0.016351570980742858}. Best is trial 40 with value: 3.816023826599121.
LOCAL_RANK: 0 - CUDA_VISIBLE_DEVICES: [0]
[I 2023-11-30 15:09:55,972] Trial 52 finished with value: 3.8879549503326416 and parameters: {'gradient_clip_val': 0.19045819934316838, 'hidden_size': 138, 'dropout': 0.2658006950694052, 'hidden_continuous_size': 122, 'attention_head_size': 1, 'learning_rate': 0.024143611571928965}. Best is trial 40 with value: 3.816023826599121.
LOCAL_RANK: 0 - CUDA_VISIBLE_DEVICES: [0]
[I 2023-11-30 15:10:10,210] Trial 53 finished with value: 4.182620048522949 and parameters: {'gradient_clip_val': 0.22876354049899802, 'hidden_size': 115, 'dropout': 0.25605697960150436, 'hidden_continuous_size': 88, 'attention_head_size': 1, 'learning_rate': 0.02442785381468627}. Best is trial 40 with value: 3.816023826599121.
LOCAL_RANK: 0 - CUDA_VISIBLE_DEVICES: [0]
[I 2023-11-30 15:10:24,429] Trial 54 finished with value: 4.419978618621826 and parameters: {'gradient_clip_val': 0.14027728746522491, 'hidden_size': 99, 'dropout': 0.23373456525047182, 'hidden_continuous_size': 79, 'attention_head_size': 1, 'learning_rate': 0.020508892144315453}. Best is trial 40 with value: 3.816023826599121.
LOCAL_RANK: 0 - CUDA_VISIBLE_DEVICES: [0]
[I 2023-11-30 15:10:38,708] Trial 55 finished with value: 4.78994083404541 and parameters: {'gradient_clip_val': 0.12294299014304451, 'hidden_size': 132, 'dropout': 0.2580150181043117, 'hidden_continuous_size': 109, 'attention_head_size': 1, 'learning_rate': 0.031080063221416182}. Best is trial 40 with value: 3.816023826599121.
LOCAL_RANK: 0 - CUDA_VISIBLE_DEVICES: [0]
[I 2023-11-30 15:10:52,868] Trial 56 finished with value: 4.235707759857178 and parameters: {'gradient_clip_val': 0.15771430546183665, 'hidden_size': 91, 'dropout': 0.2837527012033303, 'hidden_continuous_size': 78, 'attention_head_size': 3, 'learning_rate': 0.02290062346075242}. Best is trial 40 with value: 3.816023826599121.
LOCAL_RANK: 0 - CUDA_VISIBLE_DEVICES: [0]
[I 2023-11-30 15:11:07,281] Trial 57 finished with value: 3.9079158306121826 and parameters: {'gradient_clip_val': 0.20241608534188493, 'hidden_size': 117, 'dropout': 0.24036571508462848, 'hidden_continuous_size': 94, 'attention_head_size': 2, 'learning_rate': 0.012066194347525852}. Best is trial 40 with value: 3.816023826599121.
LOCAL_RANK: 0 - CUDA_VISIBLE_DEVICES: [0]
[I 2023-11-30 15:11:21,960] Trial 58 finished with value: 4.128869533538818 and parameters: {'gradient_clip_val': 0.20982894564136623, 'hidden_size': 139, 'dropout': 0.2377876308770117, 'hidden_continuous_size': 117, 'attention_head_size': 2, 'learning_rate': 0.012926330085392582}. Best is trial 40 with value: 3.816023826599121.
LOCAL_RANK: 0 - CUDA_VISIBLE_DEVICES: [0]
[I 2023-11-30 15:11:36,253] Trial 59 finished with value: 4.237608909606934 and parameters: {'gradient_clip_val': 0.2724278412079318, 'hidden_size': 120, 'dropout': 0.22070512359813738, 'hidden_continuous_size': 103, 'attention_head_size': 2, 'learning_rate': 0.011156861322050274}. Best is trial 40 with value: 3.816023826599121.
LOCAL_RANK: 0 - CUDA_VISIBLE_DEVICES: [0]
[I 2023-11-30 15:11:50,224] Trial 60 finished with value: 4.07398796081543 and parameters: {'gradient_clip_val': 0.30058385812128924, 'hidden_size': 74, 'dropout': 0.1881350690065492, 'hidden_continuous_size': 68, 'attention_head_size': 2, 'learning_rate': 0.017667506730964372}. Best is trial 40 with value: 3.816023826599121.
LOCAL_RANK: 0 - CUDA_VISIBLE_DEVICES: [0]
[I 2023-11-30 15:12:04,073] Trial 61 finished with value: 4.0866522789001465 and parameters: {'gradient_clip_val': 0.2978141879372094, 'hidden_size': 72, 'dropout': 0.1872380048378751, 'hidden_continuous_size': 67, 'attention_head_size': 2, 'learning_rate': 0.018782778435860317}. Best is trial 40 with value: 3.816023826599121.
LOCAL_RANK: 0 - CUDA_VISIBLE_DEVICES: [0]
[I 2023-11-30 15:12:18,251] Trial 62 finished with value: 5.050021648406982 and parameters: {'gradient_clip_val': 0.23766936564442384, 'hidden_size': 84, 'dropout': 0.20216646046581666, 'hidden_continuous_size': 75, 'attention_head_size': 2, 'learning_rate': 0.00893500313316295}. Best is trial 40 with value: 3.816023826599121.
LOCAL_RANK: 0 - CUDA_VISIBLE_DEVICES: [0]
[I 2023-11-30 15:12:32,298] Trial 63 finished with value: 5.553993225097656 and parameters: {'gradient_clip_val': 0.3262819317009725, 'hidden_size': 99, 'dropout': 0.2151935635317867, 'hidden_continuous_size': 90, 'attention_head_size': 2, 'learning_rate': 0.01443277797155579}. Best is trial 40 with value: 3.816023826599121.
LOCAL_RANK: 0 - CUDA_VISIBLE_DEVICES: [0]
[I 2023-11-30 15:12:46,628] Trial 64 finished with value: 5.057769298553467 and parameters: {'gradient_clip_val': 0.30212362658307745, 'hidden_size': 107, 'dropout': 0.17193014776500976, 'hidden_continuous_size': 94, 'attention_head_size': 2, 'learning_rate': 0.011821331557209843}. Best is trial 40 with value: 3.816023826599121.
LOCAL_RANK: 0 - CUDA_VISIBLE_DEVICES: [0]
[I 2023-11-30 15:13:00,976] Trial 65 finished with value: 5.135046482086182 and parameters: {'gradient_clip_val': 0.35334083500646835, 'hidden_size': 136, 'dropout': 0.24584527755842292, 'hidden_continuous_size': 125, 'attention_head_size': 1, 'learning_rate': 0.023532428042727035}. Best is trial 40 with value: 3.816023826599121.
LOCAL_RANK: 0 - CUDA_VISIBLE_DEVICES: [0]
[I 2023-11-30 15:13:15,103] Trial 66 finished with value: 5.208595275878906 and parameters: {'gradient_clip_val': 0.2669275987569451, 'hidden_size': 88, 'dropout': 0.19746612393536617, 'hidden_continuous_size': 81, 'attention_head_size': 2, 'learning_rate': 0.009593289022971782}. Best is trial 40 with value: 3.816023826599121.
LOCAL_RANK: 0 - CUDA_VISIBLE_DEVICES: [0]
[I 2023-11-30 15:13:29,333] Trial 67 finished with value: 4.751777172088623 and parameters: {'gradient_clip_val': 0.41580241409874114, 'hidden_size': 118, 'dropout': 0.2630213963068811, 'hidden_continuous_size': 102, 'attention_head_size': 1, 'learning_rate': 0.014866092464609081}. Best is trial 40 with value: 3.816023826599121.
LOCAL_RANK: 0 - CUDA_VISIBLE_DEVICES: [0]
