[I 2023-11-30 13:40:10,925] Trial 109 finished with value: 8.09334945678711 and parameters: {'gradient_clip_val': 0.23422139128604344, 'hidden_size': 96, 'dropout': 0.3683181888129216, 'hidden_continuous_size': 86, 'attention_head_size': 1, 'learning_rate': 0.006335431016025856}. Best is trial 95 with value: 5.7452826499938965.
LOCAL_RANK: 0 - CUDA_VISIBLE_DEVICES: [0]
[I 2023-11-30 13:40:27,042] Trial 110 finished with value: 10.264620780944824 and parameters: {'gradient_clip_val': 0.29394600264406845, 'hidden_size': 88, 'dropout': 0.3905060225440708, 'hidden_continuous_size': 77, 'attention_head_size': 1, 'learning_rate': 0.007537890551800408}. Best is trial 95 with value: 5.7452826499938965.
LOCAL_RANK: 0 - CUDA_VISIBLE_DEVICES: [0]
[I 2023-11-30 13:40:42,663] Trial 111 finished with value: 8.370312690734863 and parameters: {'gradient_clip_val': 0.2798082330186772, 'hidden_size': 102, 'dropout': 0.35084312249396965, 'hidden_continuous_size': 81, 'attention_head_size': 1, 'learning_rate': 0.004253888642727284}. Best is trial 95 with value: 5.7452826499938965.
LOCAL_RANK: 0 - CUDA_VISIBLE_DEVICES: [0]
[I 2023-11-30 13:40:58,328] Trial 112 finished with value: 8.85980224609375 and parameters: {'gradient_clip_val': 0.25649558448249554, 'hidden_size': 111, 'dropout': 0.32314814467726, 'hidden_continuous_size': 60, 'attention_head_size': 1, 'learning_rate': 0.005362727318227104}. Best is trial 95 with value: 5.7452826499938965.
LOCAL_RANK: 0 - CUDA_VISIBLE_DEVICES: [0]
[I 2023-11-30 13:41:13,813] Trial 113 finished with value: 9.842254638671875 and parameters: {'gradient_clip_val': 0.31066770785070136, 'hidden_size': 123, 'dropout': 0.3458529598600205, 'hidden_continuous_size': 62, 'attention_head_size': 1, 'learning_rate': 0.0039602468723117495}. Best is trial 95 with value: 5.7452826499938965.
LOCAL_RANK: 0 - CUDA_VISIBLE_DEVICES: [0]
[I 2023-11-30 13:41:29,464] Trial 114 finished with value: 7.81640625 and parameters: {'gradient_clip_val': 0.3487620546343009, 'hidden_size': 110, 'dropout': 0.35730233918989346, 'hidden_continuous_size': 56, 'attention_head_size': 1, 'learning_rate': 0.004594556028248359}. Best is trial 95 with value: 5.7452826499938965.
LOCAL_RANK: 0 - CUDA_VISIBLE_DEVICES: [0]
[I 2023-11-30 13:41:45,450] Trial 115 finished with value: 7.927085876464844 and parameters: {'gradient_clip_val': 0.3215007145883037, 'hidden_size': 135, 'dropout': 0.3707111757367351, 'hidden_continuous_size': 50, 'attention_head_size': 1, 'learning_rate': 0.006753397589963286}. Best is trial 95 with value: 5.7452826499938965.
LOCAL_RANK: 0 - CUDA_VISIBLE_DEVICES: [0]
[I 2023-11-30 13:42:00,509] Trial 116 finished with value: 11.317952156066895 and parameters: {'gradient_clip_val': 0.2420239549486721, 'hidden_size': 120, 'dropout': 0.339565132238993, 'hidden_continuous_size': 92, 'attention_head_size': 1, 'learning_rate': 0.008400164951114515}. Best is trial 95 with value: 5.7452826499938965.
LOCAL_RANK: 0 - CUDA_VISIBLE_DEVICES: [0]
[I 2023-11-30 13:42:16,599] Trial 117 finished with value: 9.229178428649902 and parameters: {'gradient_clip_val': 0.2875975772612156, 'hidden_size': 84, 'dropout': 0.38314201950206134, 'hidden_continuous_size': 73, 'attention_head_size': 1, 'learning_rate': 0.005076387206866199}. Best is trial 95 with value: 5.7452826499938965.
LOCAL_RANK: 0 - CUDA_VISIBLE_DEVICES: [0]
[I 2023-11-30 13:42:32,122] Trial 118 finished with value: 9.554181098937988 and parameters: {'gradient_clip_val': 0.22158631024120146, 'hidden_size': 100, 'dropout': 0.37767669035091767, 'hidden_continuous_size': 87, 'attention_head_size': 3, 'learning_rate': 0.0033559018583277722}. Best is trial 95 with value: 5.7452826499938965.
LOCAL_RANK: 0 - CUDA_VISIBLE_DEVICES: [0]
[I 2023-11-30 13:42:47,981] Trial 119 finished with value: 7.647336959838867 and parameters: {'gradient_clip_val': 0.26679080424131646, 'hidden_size': 107, 'dropout': 0.35299837508060355, 'hidden_continuous_size': 68, 'attention_head_size': 2, 'learning_rate': 0.00930121413722234}. Best is trial 95 with value: 5.7452826499938965.
LOCAL_RANK: 0 - CUDA_VISIBLE_DEVICES: [0]
[I 2023-11-30 13:43:04,018] Trial 120 finished with value: 6.456063747406006 and parameters: {'gradient_clip_val': 0.38180385168810266, 'hidden_size': 115, 'dropout': 0.3274329994753925, 'hidden_continuous_size': 98, 'attention_head_size': 1, 'learning_rate': 0.006029053333740731}. Best is trial 95 with value: 5.7452826499938965.
LOCAL_RANK: 0 - CUDA_VISIBLE_DEVICES: [0]
[I 2023-11-30 13:43:19,960] Trial 121 finished with value: 7.923530101776123 and parameters: {'gradient_clip_val': 0.3817002310702342, 'hidden_size': 128, 'dropout': 0.3211845866966584, 'hidden_continuous_size': 99, 'attention_head_size': 1, 'learning_rate': 0.005545162844498722}. Best is trial 95 with value: 5.7452826499938965.
LOCAL_RANK: 0 - CUDA_VISIBLE_DEVICES: [0]
[I 2023-11-30 13:43:35,492] Trial 122 finished with value: 7.829879283905029 and parameters: {'gradient_clip_val': 0.35683701158266884, 'hidden_size': 118, 'dropout': 0.3120247994857586, 'hidden_continuous_size': 96, 'attention_head_size': 1, 'learning_rate': 0.006037526315142119}. Best is trial 95 with value: 5.7452826499938965.
LOCAL_RANK: 0 - CUDA_VISIBLE_DEVICES: [0]
[I 2023-11-30 13:43:51,427] Trial 123 finished with value: 10.085766792297363 and parameters: {'gradient_clip_val': 0.37105976359874454, 'hidden_size': 145, 'dropout': 0.32593148167578817, 'hidden_continuous_size': 109, 'attention_head_size': 1, 'learning_rate': 0.007154689196712025}. Best is trial 95 with value: 5.7452826499938965.
LOCAL_RANK: 0 - CUDA_VISIBLE_DEVICES: [0]
[I 2023-11-30 13:44:06,840] Trial 124 finished with value: 7.44094705581665 and parameters: {'gradient_clip_val': 0.4136084833903717, 'hidden_size': 115, 'dropout': 0.36035381604011896, 'hidden_continuous_size': 92, 'attention_head_size': 1, 'learning_rate': 0.0063399024270814}. Best is trial 95 with value: 5.7452826499938965.
LOCAL_RANK: 0 - CUDA_VISIBLE_DEVICES: [0]
[I 2023-11-30 13:44:22,567] Trial 125 finished with value: 8.360103607177734 and parameters: {'gradient_clip_val': 0.3898562755859292, 'hidden_size': 96, 'dropout': 0.3317866245479532, 'hidden_continuous_size': 84, 'attention_head_size': 1, 'learning_rate': 0.0037863291721015125}. Best is trial 95 with value: 5.7452826499938965.
LOCAL_RANK: 0 - CUDA_VISIBLE_DEVICES: [0]
[I 2023-11-30 13:44:38,455] Trial 126 finished with value: 10.12609577178955 and parameters: {'gradient_clip_val': 0.33046801523750796, 'hidden_size': 104, 'dropout': 0.34114477559164624, 'hidden_continuous_size': 89, 'attention_head_size': 1, 'learning_rate': 0.004496876434722056}. Best is trial 95 with value: 5.7452826499938965.
LOCAL_RANK: 0 - CUDA_VISIBLE_DEVICES: [0]
[I 2023-11-30 13:44:54,297] Trial 127 finished with value: 8.462525367736816 and parameters: {'gradient_clip_val': 0.29783441287116963, 'hidden_size': 92, 'dropout': 0.3503929233900487, 'hidden_continuous_size': 83, 'attention_head_size': 1, 'learning_rate': 0.02180086175658491}. Best is trial 95 with value: 5.7452826499938965.
LOCAL_RANK: 0 - CUDA_VISIBLE_DEVICES: [0]
[I 2023-11-30 13:45:10,149] Trial 128 finished with value: 8.589431762695312 and parameters: {'gradient_clip_val': 0.2765872064895225, 'hidden_size': 136, 'dropout': 0.3933788787650544, 'hidden_continuous_size': 52, 'attention_head_size': 1, 'learning_rate': 0.007694132311293834}. Best is trial 95 with value: 5.7452826499938965.
LOCAL_RANK: 0 - CUDA_VISIBLE_DEVICES: [0]
[I 2023-11-30 13:45:26,322] Trial 129 finished with value: 8.37460994720459 and parameters: {'gradient_clip_val': 0.30972080436415594, 'hidden_size': 126, 'dropout': 0.36498939794053525, 'hidden_continuous_size': 106, 'attention_head_size': 4, 'learning_rate': 0.005104793498705271}. Best is trial 95 with value: 5.7452826499938965.
LOCAL_RANK: 0 - CUDA_VISIBLE_DEVICES: [0]
[I 2023-11-30 13:45:41,700] Trial 130 finished with value: 8.538479804992676 and parameters: {'gradient_clip_val': 0.34764150440066166, 'hidden_size': 110, 'dropout': 0.3726767855325304, 'hidden_continuous_size': 64, 'attention_head_size': 1, 'learning_rate': 0.005554929012069849}. Best is trial 95 with value: 5.7452826499938965.
LOCAL_RANK: 0 - CUDA_VISIBLE_DEVICES: [0]
[I 2023-11-30 13:45:57,203] Trial 131 finished with value: 7.660129547119141 and parameters: {'gradient_clip_val': 0.32469104626990963, 'hidden_size': 115, 'dropout': 0.384371244824003, 'hidden_continuous_size': 70, 'attention_head_size': 1, 'learning_rate': 0.005951297024305307}. Best is trial 95 with value: 5.7452826499938965.
LOCAL_RANK: 0 - CUDA_VISIBLE_DEVICES: [0]
[I 2023-11-30 13:46:12,410] Trial 132 finished with value: 10.653521537780762 and parameters: {'gradient_clip_val': 0.29052960903550074, 'hidden_size': 99, 'dropout': 0.3986569358501976, 'hidden_continuous_size': 79, 'attention_head_size': 1, 'learning_rate': 0.006857018026593954}. Best is trial 95 with value: 5.7452826499938965.
LOCAL_RANK: 0 - CUDA_VISIBLE_DEVICES: [0]
[I 2023-11-30 13:46:28,135] Trial 133 finished with value: 7.627475738525391 and parameters: {'gradient_clip_val': 0.2621952244238241, 'hidden_size': 122, 'dropout': 0.3784939647487278, 'hidden_continuous_size': 58, 'attention_head_size': 1, 'learning_rate': 0.004167629725049632}. Best is trial 95 with value: 5.7452826499938965.
LOCAL_RANK: 0 - CUDA_VISIBLE_DEVICES: [0]
[I 2023-11-30 13:46:43,437] Trial 134 finished with value: 9.208808898925781 and parameters: {'gradient_clip_val': 0.2504080033118468, 'hidden_size': 87, 'dropout': 0.34610578083679744, 'hidden_continuous_size': 80, 'attention_head_size': 1, 'learning_rate': 0.004718323327435569}. Best is trial 95 with value: 5.7452826499938965.
LOCAL_RANK: 0 - CUDA_VISIBLE_DEVICES: [0]
[I 2023-11-30 13:46:59,047] Trial 135 finished with value: 9.118094444274902 and parameters: {'gradient_clip_val': 0.3008895799607703, 'hidden_size': 106, 'dropout': 0.36511873173886156, 'hidden_continuous_size': 62, 'attention_head_size': 1, 'learning_rate': 0.003671331735509126}. Best is trial 95 with value: 5.7452826499938965.
LOCAL_RANK: 0 - CUDA_VISIBLE_DEVICES: [0]
[I 2023-11-30 13:47:14,771] Trial 136 finished with value: 9.134634971618652 and parameters: {'gradient_clip_val': 0.2771638110785845, 'hidden_size': 131, 'dropout': 0.3056811390613912, 'hidden_continuous_size': 73, 'attention_head_size': 1, 'learning_rate': 0.007953551172994027}. Best is trial 95 with value: 5.7452826499938965.
LOCAL_RANK: 0 - CUDA_VISIBLE_DEVICES: [0]
[I 2023-11-30 13:47:31,029] Trial 137 finished with value: 9.421266555786133 and parameters: {'gradient_clip_val': 0.20250548159393247, 'hidden_size': 141, 'dropout': 0.3874260327797077, 'hidden_continuous_size': 68, 'attention_head_size': 1, 'learning_rate': 0.006415810118666471}. Best is trial 95 with value: 5.7452826499938965.
LOCAL_RANK: 0 - CUDA_VISIBLE_DEVICES: [0]
[I 2023-11-30 13:47:46,451] Trial 138 finished with value: 9.941898345947266 and parameters: {'gradient_clip_val': 0.43734707825021907, 'hidden_size': 80, 'dropout': 0.358251321505211, 'hidden_continuous_size': 76, 'attention_head_size': 3, 'learning_rate': 0.003170010164928759}. Best is trial 95 with value: 5.7452826499938965.
LOCAL_RANK: 0 - CUDA_VISIBLE_DEVICES: [0]
[I 2023-11-30 13:48:01,761] Trial 139 finished with value: 9.988101959228516 and parameters: {'gradient_clip_val': 0.2315691563503526, 'hidden_size': 149, 'dropout': 0.31907220061074437, 'hidden_continuous_size': 46, 'attention_head_size': 1, 'learning_rate': 0.005451628029080592}. Best is trial 95 with value: 5.7452826499938965.
LOCAL_RANK: 0 - CUDA_VISIBLE_DEVICES: [0]
[I 2023-11-30 13:48:16,813] Trial 140 finished with value: 5.837442874908447 and parameters: {'gradient_clip_val': 0.34071242454601924, 'hidden_size': 72, 'dropout': 0.37445377752124015, 'hidden_continuous_size': 69, 'attention_head_size': 1, 'learning_rate': 0.008804013493338092}. Best is trial 95 with value: 5.7452826499938965.
LOCAL_RANK: 0 - CUDA_VISIBLE_DEVICES: [0]
[I 2023-11-30 13:48:32,455] Trial 141 finished with value: 8.447928428649902 and parameters: {'gradient_clip_val': 0.31526091084448765, 'hidden_size': 83, 'dropout': 0.37280103361836875, 'hidden_continuous_size': 79, 'attention_head_size': 1, 'learning_rate': 0.010130853441776373}. Best is trial 95 with value: 5.7452826499938965.
LOCAL_RANK: 0 - CUDA_VISIBLE_DEVICES: [0]
[I 2023-11-30 13:48:47,646] Trial 142 finished with value: 7.465641498565674 and parameters: {'gradient_clip_val': 0.3403842453119849, 'hidden_size': 66, 'dropout': 0.3687325026408733, 'hidden_continuous_size': 64, 'attention_head_size': 1, 'learning_rate': 0.00919179178885703}. Best is trial 95 with value: 5.7452826499938965.
LOCAL_RANK: 0 - CUDA_VISIBLE_DEVICES: [0]
[I 2023-11-30 13:49:03,854] Trial 143 finished with value: 9.78631591796875 and parameters: {'gradient_clip_val': 0.36592049310590063, 'hidden_size': 75, 'dropout': 0.37791249231742735, 'hidden_continuous_size': 72, 'attention_head_size': 1, 'learning_rate': 0.00862754532174458}. Best is trial 95 with value: 5.7452826499938965.
LOCAL_RANK: 0 - CUDA_VISIBLE_DEVICES: [0]
[I 2023-11-30 13:49:19,145] Trial 144 finished with value: 9.51004695892334 and parameters: {'gradient_clip_val': 0.3790465654285216, 'hidden_size': 89, 'dropout': 0.2958738427256593, 'hidden_continuous_size': 84, 'attention_head_size': 1, 'learning_rate': 0.0072192537473601825}. Best is trial 95 with value: 5.7452826499938965.
LOCAL_RANK: 0 - CUDA_VISIBLE_DEVICES: [0]
[I 2023-11-30 13:49:34,563] Trial 145 finished with value: 9.863490104675293 and parameters: {'gradient_clip_val': 0.3214719127510663, 'hidden_size': 61, 'dropout': 0.38793397092700366, 'hidden_continuous_size': 59, 'attention_head_size': 1, 'learning_rate': 0.004931652903069179}. Best is trial 95 with value: 5.7452826499938965.
LOCAL_RANK: 0 - CUDA_VISIBLE_DEVICES: [0]
[I 2023-11-30 13:49:49,903] Trial 146 finished with value: 8.72780704498291 and parameters: {'gradient_clip_val': 0.3951426203190084, 'hidden_size': 100, 'dropout': 0.3545651073434502, 'hidden_continuous_size': 67, 'attention_head_size': 1, 'learning_rate': 0.012111043683392591}. Best is trial 95 with value: 5.7452826499938965.
LOCAL_RANK: 0 - CUDA_VISIBLE_DEVICES: [0]
[I 2023-11-30 13:50:04,857] Trial 147 finished with value: 9.428526878356934 and parameters: {'gradient_clip_val': 0.3357448139355261, 'hidden_size': 71, 'dropout': 0.33719714079398727, 'hidden_continuous_size': 68, 'attention_head_size': 1, 'learning_rate': 0.010575073150637552}. Best is trial 95 with value: 5.7452826499938965.
LOCAL_RANK: 0 - CUDA_VISIBLE_DEVICES: [0]
[I 2023-11-30 13:50:20,965] Trial 148 finished with value: 9.649271965026855 and parameters: {'gradient_clip_val': 0.24392691979691092, 'hidden_size': 113, 'dropout': 0.3611193893815497, 'hidden_continuous_size': 95, 'attention_head_size': 3, 'learning_rate': 0.008160217563598271}. Best is trial 95 with value: 5.7452826499938965.
LOCAL_RANK: 0 - CUDA_VISIBLE_DEVICES: [0]
[I 2023-11-30 13:50:36,737] Trial 149 finished with value: 7.997884273529053 and parameters: {'gradient_clip_val': 0.2858393445568548, 'hidden_size': 95, 'dropout': 0.348360439469507, 'hidden_continuous_size': 87, 'attention_head_size': 2, 'learning_rate': 0.005823748367244759}. Best is trial 95 with value: 5.7452826499938965.
[I 2023-11-30 13:50:36,890] A new study created in memory with name: no-name-41d16649-8645-4957-a83c-e70536b45673
/home/le004/conda/anaconda3/envs/tsff_env/lib/python3.9/site-packages/lightning/fabric/plugins/environments/slurm.py:191: The `srun` command is available on your system but is not used. HINT: If your intention is to run Lightning on SLURM, prepend your python command with `srun` like so: srun python /home/le004/master_thesis/git/TSFusionForecast/code/ ...
LOCAL_RANK: 0 - CUDA_VISIBLE_DEVICES: [0]
[I 2023-11-30 13:50:50,471] Trial 0 finished with value: 37.79909133911133 and parameters: {'gradient_clip_val': 0.3277324043664922, 'hidden_size': 38, 'dropout': 0.26277704537496727, 'hidden_continuous_size': 18, 'attention_head_size': 1, 'learning_rate': 0.004947811274602924}. Best is trial 0 with value: 37.79909133911133.
LOCAL_RANK: 0 - CUDA_VISIBLE_DEVICES: [0]
[I 2023-11-30 13:51:03,997] Trial 1 finished with value: 79.41156768798828 and parameters: {'gradient_clip_val': 0.12364895032273676, 'hidden_size': 16, 'dropout': 0.12617322376740722, 'hidden_continuous_size': 10, 'attention_head_size': 3, 'learning_rate': 0.0016627527857829237}. Best is trial 0 with value: 37.79909133911133.
LOCAL_RANK: 0 - CUDA_VISIBLE_DEVICES: [0]
[I 2023-11-30 13:51:17,835] Trial 2 finished with value: 60.78034591674805 and parameters: {'gradient_clip_val': 0.7725854670677169, 'hidden_size': 17, 'dropout': 0.11438779677490142, 'hidden_continuous_size': 16, 'attention_head_size': 2, 'learning_rate': 0.005598141934447826}. Best is trial 0 with value: 37.79909133911133.
LOCAL_RANK: 0 - CUDA_VISIBLE_DEVICES: [0]
[I 2023-11-30 13:51:32,265] Trial 3 finished with value: 24.2298526763916 and parameters: {'gradient_clip_val': 0.14031792374570556, 'hidden_size': 72, 'dropout': 0.18669270389814185, 'hidden_continuous_size': 12, 'attention_head_size': 3, 'learning_rate': 0.034212412409210705}. Best is trial 3 with value: 24.2298526763916.
LOCAL_RANK: 0 - CUDA_VISIBLE_DEVICES: [0]
[I 2023-11-30 13:51:46,497] Trial 4 finished with value: 27.389183044433594 and parameters: {'gradient_clip_val': 0.12238134731113802, 'hidden_size': 71, 'dropout': 0.13432191755140804, 'hidden_continuous_size': 13, 'attention_head_size': 2, 'learning_rate': 0.05427601107878217}. Best is trial 3 with value: 24.2298526763916.
LOCAL_RANK: 0 - CUDA_VISIBLE_DEVICES: [0]
[I 2023-11-30 13:52:00,149] Trial 5 finished with value: 24.11505699157715 and parameters: {'gradient_clip_val': 0.1352953879352002, 'hidden_size': 13, 'dropout': 0.1543192511229428, 'hidden_continuous_size': 12, 'attention_head_size': 2, 'learning_rate': 0.05647717504568894}. Best is trial 5 with value: 24.11505699157715.
LOCAL_RANK: 0 - CUDA_VISIBLE_DEVICES: [0]
[I 2023-11-30 13:52:15,847] Trial 6 finished with value: 26.321008682250977 and parameters: {'gradient_clip_val': 0.7990508975140704, 'hidden_size': 98, 'dropout': 0.1754278367863215, 'hidden_continuous_size': 92, 'attention_head_size': 4, 'learning_rate': 0.026067160805230832}. Best is trial 5 with value: 24.11505699157715.
LOCAL_RANK: 0 - CUDA_VISIBLE_DEVICES: [0]
[I 2023-11-30 13:52:31,472] Trial 7 finished with value: 25.365007400512695 and parameters: {'gradient_clip_val': 0.11433579903414472, 'hidden_size': 63, 'dropout': 0.22523715987049317, 'hidden_continuous_size': 60, 'attention_head_size': 4, 'learning_rate': 0.012348048291442749}. Best is trial 5 with value: 24.11505699157715.
LOCAL_RANK: 0 - CUDA_VISIBLE_DEVICES: [0]
[I 2023-11-30 13:52:47,119] Trial 8 finished with value: 25.576011657714844 and parameters: {'gradient_clip_val': 0.11200293950847623, 'hidden_size': 88, 'dropout': 0.23960398909127686, 'hidden_continuous_size': 87, 'attention_head_size': 4, 'learning_rate': 0.030297230079701074}. Best is trial 5 with value: 24.11505699157715.
LOCAL_RANK: 0 - CUDA_VISIBLE_DEVICES: [0]
[I 2023-11-30 13:53:00,227] Trial 9 finished with value: 58.367671966552734 and parameters: {'gradient_clip_val': 0.10000534331546769, 'hidden_size': 16, 'dropout': 0.19528683028954402, 'hidden_continuous_size': 12, 'attention_head_size': 2, 'learning_rate': 0.007724796831486582}. Best is trial 5 with value: 24.11505699157715.
LOCAL_RANK: 0 - CUDA_VISIBLE_DEVICES: [0]
[I 2023-11-30 13:53:12,094] Trial 10 finished with value: 23.612764358520508 and parameters: {'gradient_clip_val': 0.22853428697550843, 'hidden_size': 10, 'dropout': 0.3364486905627204, 'hidden_continuous_size': 10, 'attention_head_size': 1, 'learning_rate': 0.0955916010965887}. Best is trial 10 with value: 23.612764358520508.
LOCAL_RANK: 0 - CUDA_VISIBLE_DEVICES: [0]
[I 2023-11-30 13:53:25,303] Trial 11 finished with value: 24.97687339782715 and parameters: {'gradient_clip_val': 0.21246874837302232, 'hidden_size': 12, 'dropout': 0.3373155977826982, 'hidden_continuous_size': 10, 'attention_head_size': 1, 'learning_rate': 0.08672527666180695}. Best is trial 10 with value: 23.612764358520508.
LOCAL_RANK: 0 - CUDA_VISIBLE_DEVICES: [0]
[I 2023-11-30 13:53:36,498] Trial 12 finished with value: 27.117918014526367 and parameters: {'gradient_clip_val': 0.2136316253318654, 'hidden_size': 10, 'dropout': 0.3728747070786596, 'hidden_continuous_size': 10, 'attention_head_size': 1, 'learning_rate': 0.08677211456991729}. Best is trial 10 with value: 23.612764358520508.
LOCAL_RANK: 0 - CUDA_VISIBLE_DEVICES: [0]
[I 2023-11-30 13:53:50,178] Trial 13 finished with value: 21.69936180114746 and parameters: {'gradient_clip_val': 0.19206425737720073, 'hidden_size': 24, 'dropout': 0.2940057355218494, 'hidden_continuous_size': 11, 'attention_head_size': 1, 'learning_rate': 0.07990614209807291}. Best is trial 13 with value: 21.69936180114746.
LOCAL_RANK: 0 - CUDA_VISIBLE_DEVICES: [0]
[I 2023-11-30 13:54:03,494] Trial 14 finished with value: 22.891626358032227 and parameters: {'gradient_clip_val': 0.2856771564474391, 'hidden_size': 26, 'dropout': 0.30299333118222926, 'hidden_continuous_size': 10, 'attention_head_size': 1, 'learning_rate': 0.0953425898020332}. Best is trial 13 with value: 21.69936180114746.
LOCAL_RANK: 0 - CUDA_VISIBLE_DEVICES: [0]
[I 2023-11-30 13:54:17,062] Trial 15 finished with value: 27.001001358032227 and parameters: {'gradient_clip_val': 0.36769725354136196, 'hidden_size': 25, 'dropout': 0.29560286267608277, 'hidden_continuous_size': 11, 'attention_head_size': 1, 'learning_rate': 0.017288647689565634}. Best is trial 13 with value: 21.69936180114746.
LOCAL_RANK: 0 - CUDA_VISIBLE_DEVICES: [0]
