[I 2023-11-29 23:18:43,673] Trial 115 finished with value: 0.6114080548286438 and parameters: {'gradient_clip_val': 0.5814608477848344, 'hidden_size': 52, 'dropout': 0.27423389603726395, 'hidden_continuous_size': 11, 'attention_head_size': 4, 'learning_rate': 0.037273646382100775}. Best is trial 92 with value: 0.21034209430217743.
LOCAL_RANK: 0 - CUDA_VISIBLE_DEVICES: [0]
[I 2023-11-29 23:18:56,442] Trial 116 finished with value: 0.22187606990337372 and parameters: {'gradient_clip_val': 0.4672061027235166, 'hidden_size': 48, 'dropout': 0.28778907215537464, 'hidden_continuous_size': 13, 'attention_head_size': 4, 'learning_rate': 0.04953588487710094}. Best is trial 92 with value: 0.21034209430217743.
LOCAL_RANK: 0 - CUDA_VISIBLE_DEVICES: [0]
[I 2023-11-29 23:19:09,351] Trial 117 finished with value: 0.31859588623046875 and parameters: {'gradient_clip_val': 0.48934857925074465, 'hidden_size': 46, 'dropout': 0.2866839243859161, 'hidden_continuous_size': 14, 'attention_head_size': 4, 'learning_rate': 0.054916876208882116}. Best is trial 92 with value: 0.21034209430217743.
LOCAL_RANK: 0 - CUDA_VISIBLE_DEVICES: [0]
[I 2023-11-29 23:19:22,244] Trial 118 finished with value: 0.409453421831131 and parameters: {'gradient_clip_val': 0.4594128779776354, 'hidden_size': 49, 'dropout': 0.25535010670077835, 'hidden_continuous_size': 13, 'attention_head_size': 4, 'learning_rate': 0.029737908975119305}. Best is trial 92 with value: 0.21034209430217743.
LOCAL_RANK: 0 - CUDA_VISIBLE_DEVICES: [0]
[I 2023-11-29 23:19:35,281] Trial 119 finished with value: 0.4146740734577179 and parameters: {'gradient_clip_val': 0.4418076658225245, 'hidden_size': 55, 'dropout': 0.2695754558896526, 'hidden_continuous_size': 12, 'attention_head_size': 4, 'learning_rate': 0.07040078480579669}. Best is trial 92 with value: 0.21034209430217743.
LOCAL_RANK: 0 - CUDA_VISIBLE_DEVICES: [0]
[I 2023-11-29 23:19:48,093] Trial 120 finished with value: 0.42903825640678406 and parameters: {'gradient_clip_val': 0.5685314008030903, 'hidden_size': 44, 'dropout': 0.300511132945906, 'hidden_continuous_size': 14, 'attention_head_size': 4, 'learning_rate': 0.035285836954407734}. Best is trial 92 with value: 0.21034209430217743.
LOCAL_RANK: 0 - CUDA_VISIBLE_DEVICES: [0]
[I 2023-11-29 23:20:01,140] Trial 121 finished with value: 0.539352536201477 and parameters: {'gradient_clip_val': 0.41123400807759947, 'hidden_size': 61, 'dropout': 0.27905218408753485, 'hidden_continuous_size': 13, 'attention_head_size': 4, 'learning_rate': 0.048712988971511474}. Best is trial 92 with value: 0.21034209430217743.
LOCAL_RANK: 0 - CUDA_VISIBLE_DEVICES: [0]
[I 2023-11-29 23:20:14,427] Trial 122 finished with value: 0.42391109466552734 and parameters: {'gradient_clip_val': 0.5039480242963181, 'hidden_size': 57, 'dropout': 0.28544692721963677, 'hidden_continuous_size': 26, 'attention_head_size': 4, 'learning_rate': 0.05140251944661907}. Best is trial 92 with value: 0.21034209430217743.
LOCAL_RANK: 0 - CUDA_VISIBLE_DEVICES: [0]
[I 2023-11-29 23:20:27,084] Trial 123 finished with value: 0.2694968283176422 and parameters: {'gradient_clip_val': 0.5365915706952537, 'hidden_size': 52, 'dropout': 0.29549757569396534, 'hidden_continuous_size': 11, 'attention_head_size': 4, 'learning_rate': 0.043171157534095055}. Best is trial 92 with value: 0.21034209430217743.
LOCAL_RANK: 0 - CUDA_VISIBLE_DEVICES: [0]
[I 2023-11-29 23:20:39,805] Trial 124 finished with value: 0.5810093879699707 and parameters: {'gradient_clip_val': 0.5324600293345882, 'hidden_size': 52, 'dropout': 0.3065142359506551, 'hidden_continuous_size': 11, 'attention_head_size': 4, 'learning_rate': 0.043647580709451045}. Best is trial 92 with value: 0.21034209430217743.
LOCAL_RANK: 0 - CUDA_VISIBLE_DEVICES: [0]
[I 2023-11-29 23:20:52,888] Trial 125 finished with value: 0.3766310214996338 and parameters: {'gradient_clip_val': 0.4749816092826843, 'hidden_size': 48, 'dropout': 0.2955414753422177, 'hidden_continuous_size': 15, 'attention_head_size': 4, 'learning_rate': 0.05742685689768682}. Best is trial 92 with value: 0.21034209430217743.
LOCAL_RANK: 0 - CUDA_VISIBLE_DEVICES: [0]
[I 2023-11-29 23:21:05,527] Trial 126 finished with value: 0.4279802739620209 and parameters: {'gradient_clip_val': 0.621069808780048, 'hidden_size': 46, 'dropout': 0.29048358417225456, 'hidden_continuous_size': 10, 'attention_head_size': 4, 'learning_rate': 0.06479149336068854}. Best is trial 92 with value: 0.21034209430217743.
LOCAL_RANK: 0 - CUDA_VISIBLE_DEVICES: [0]
[I 2023-11-29 23:21:18,548] Trial 127 finished with value: 0.4711417853832245 and parameters: {'gradient_clip_val': 0.4405624678004637, 'hidden_size': 50, 'dropout': 0.30223081980091376, 'hidden_continuous_size': 12, 'attention_head_size': 4, 'learning_rate': 0.07415543532004659}. Best is trial 92 with value: 0.21034209430217743.
LOCAL_RANK: 0 - CUDA_VISIBLE_DEVICES: [0]
[I 2023-11-29 23:21:31,082] Trial 128 finished with value: 0.28596317768096924 and parameters: {'gradient_clip_val': 0.5129876605671081, 'hidden_size': 40, 'dropout': 0.27220554266390157, 'hidden_continuous_size': 16, 'attention_head_size': 4, 'learning_rate': 0.05468669057382471}. Best is trial 92 with value: 0.21034209430217743.
LOCAL_RANK: 0 - CUDA_VISIBLE_DEVICES: [0]
[I 2023-11-29 23:21:44,134] Trial 129 finished with value: 0.2699679136276245 and parameters: {'gradient_clip_val': 0.5415570376279518, 'hidden_size': 54, 'dropout': 0.3111068256640074, 'hidden_continuous_size': 11, 'attention_head_size': 4, 'learning_rate': 0.09220102639969234}. Best is trial 92 with value: 0.21034209430217743.
LOCAL_RANK: 0 - CUDA_VISIBLE_DEVICES: [0]
[I 2023-11-29 23:21:57,436] Trial 130 finished with value: 0.3351627290248871 and parameters: {'gradient_clip_val': 0.5309206230512077, 'hidden_size': 59, 'dropout': 0.3103189135427101, 'hidden_continuous_size': 11, 'attention_head_size': 4, 'learning_rate': 0.09606866312037586}. Best is trial 92 with value: 0.21034209430217743.
LOCAL_RANK: 0 - CUDA_VISIBLE_DEVICES: [0]
[I 2023-11-29 23:22:10,280] Trial 131 finished with value: 0.5547426342964172 and parameters: {'gradient_clip_val': 0.47791101650389156, 'hidden_size': 54, 'dropout': 0.2952913119767564, 'hidden_continuous_size': 12, 'attention_head_size': 4, 'learning_rate': 0.08082356648768167}. Best is trial 92 with value: 0.21034209430217743.
LOCAL_RANK: 0 - CUDA_VISIBLE_DEVICES: [0]
[I 2023-11-29 23:22:23,338] Trial 132 finished with value: 0.43979933857917786 and parameters: {'gradient_clip_val': 0.5538321525701887, 'hidden_size': 51, 'dropout': 0.28796816614604137, 'hidden_continuous_size': 11, 'attention_head_size': 4, 'learning_rate': 0.06778419848150387}. Best is trial 92 with value: 0.21034209430217743.
LOCAL_RANK: 0 - CUDA_VISIBLE_DEVICES: [0]
[I 2023-11-29 23:22:36,071] Trial 133 finished with value: 0.6049661040306091 and parameters: {'gradient_clip_val': 0.5046424311574846, 'hidden_size': 43, 'dropout': 0.3024335634031825, 'hidden_continuous_size': 10, 'attention_head_size': 4, 'learning_rate': 0.09047666873743719}. Best is trial 92 with value: 0.21034209430217743.
LOCAL_RANK: 0 - CUDA_VISIBLE_DEVICES: [0]
[I 2023-11-29 23:22:49,342] Trial 134 finished with value: 0.46953046321868896 and parameters: {'gradient_clip_val': 0.5943404299817651, 'hidden_size': 56, 'dropout': 0.3151161995714076, 'hidden_continuous_size': 28, 'attention_head_size': 4, 'learning_rate': 0.075669317419338}. Best is trial 92 with value: 0.21034209430217743.
LOCAL_RANK: 0 - CUDA_VISIBLE_DEVICES: [0]
[I 2023-11-29 23:23:02,672] Trial 135 finished with value: 0.49708572030067444 and parameters: {'gradient_clip_val': 0.45421673179877936, 'hidden_size': 61, 'dropout': 0.30713749934815565, 'hidden_continuous_size': 14, 'attention_head_size': 4, 'learning_rate': 0.06076550390069569}. Best is trial 92 with value: 0.21034209430217743.
LOCAL_RANK: 0 - CUDA_VISIBLE_DEVICES: [0]
[I 2023-11-29 23:23:15,589] Trial 136 finished with value: 0.34984245896339417 and parameters: {'gradient_clip_val': 0.42145239895165076, 'hidden_size': 47, 'dropout': 0.29764792858043865, 'hidden_continuous_size': 15, 'attention_head_size': 4, 'learning_rate': 0.0833084871722789}. Best is trial 92 with value: 0.21034209430217743.
LOCAL_RANK: 0 - CUDA_VISIBLE_DEVICES: [0]
[I 2023-11-29 23:23:28,669] Trial 137 finished with value: 0.46645376086235046 and parameters: {'gradient_clip_val': 0.5517248464369526, 'hidden_size': 53, 'dropout': 0.2859026505411293, 'hidden_continuous_size': 13, 'attention_head_size': 4, 'learning_rate': 0.06716907819219808}. Best is trial 92 with value: 0.21034209430217743.
LOCAL_RANK: 0 - CUDA_VISIBLE_DEVICES: [0]
[I 2023-11-29 23:23:41,748] Trial 138 finished with value: 0.41743478178977966 and parameters: {'gradient_clip_val': 0.47339963763444803, 'hidden_size': 58, 'dropout': 0.2762064983479123, 'hidden_continuous_size': 16, 'attention_head_size': 4, 'learning_rate': 0.046890807660576884}. Best is trial 92 with value: 0.21034209430217743.
LOCAL_RANK: 0 - CUDA_VISIBLE_DEVICES: [0]
[I 2023-11-29 23:23:54,716] Trial 139 finished with value: 0.3487671911716461 and parameters: {'gradient_clip_val': 0.43036191023910586, 'hidden_size': 45, 'dropout': 0.29211110547184566, 'hidden_continuous_size': 17, 'attention_head_size': 4, 'learning_rate': 0.05967033374627369}. Best is trial 92 with value: 0.21034209430217743.
LOCAL_RANK: 0 - CUDA_VISIBLE_DEVICES: [0]
[I 2023-11-29 23:24:07,897] Trial 140 finished with value: 0.6867745518684387 and parameters: {'gradient_clip_val': 0.6146308984026695, 'hidden_size': 64, 'dropout': 0.31076979177816744, 'hidden_continuous_size': 12, 'attention_head_size': 4, 'learning_rate': 0.024680003188188707}. Best is trial 92 with value: 0.21034209430217743.
LOCAL_RANK: 0 - CUDA_VISIBLE_DEVICES: [0]
[I 2023-11-29 23:24:20,707] Trial 141 finished with value: 0.4424477815628052 and parameters: {'gradient_clip_val': 0.513561743046647, 'hidden_size': 42, 'dropout': 0.2709139419061516, 'hidden_continuous_size': 16, 'attention_head_size': 4, 'learning_rate': 0.052084384527679474}. Best is trial 92 with value: 0.21034209430217743.
LOCAL_RANK: 0 - CUDA_VISIBLE_DEVICES: [0]
[I 2023-11-29 23:24:33,622] Trial 142 finished with value: 0.3386169970035553 and parameters: {'gradient_clip_val': 0.4983436947085969, 'hidden_size': 49, 'dropout': 0.28113494027560676, 'hidden_continuous_size': 16, 'attention_head_size': 4, 'learning_rate': 0.05594722619261419}. Best is trial 92 with value: 0.21034209430217743.
LOCAL_RANK: 0 - CUDA_VISIBLE_DEVICES: [0]
[I 2023-11-29 23:24:46,201] Trial 143 finished with value: 0.3678077459335327 and parameters: {'gradient_clip_val': 0.45451653844848633, 'hidden_size': 40, 'dropout': 0.27507575279290974, 'hidden_continuous_size': 15, 'attention_head_size': 4, 'learning_rate': 0.07457519192868693}. Best is trial 92 with value: 0.21034209430217743.
LOCAL_RANK: 0 - CUDA_VISIBLE_DEVICES: [0]
[I 2023-11-29 23:24:59,136] Trial 144 finished with value: 0.4514350891113281 and parameters: {'gradient_clip_val': 0.5597273590701137, 'hidden_size': 52, 'dropout': 0.29765824820009257, 'hidden_continuous_size': 21, 'attention_head_size': 4, 'learning_rate': 0.042724881014196775}. Best is trial 92 with value: 0.21034209430217743.
LOCAL_RANK: 0 - CUDA_VISIBLE_DEVICES: [0]
[I 2023-11-29 23:25:12,126] Trial 145 finished with value: 0.20655681192874908 and parameters: {'gradient_clip_val': 0.532019569518994, 'hidden_size': 41, 'dropout': 0.2611394869450612, 'hidden_continuous_size': 17, 'attention_head_size': 4, 'learning_rate': 0.05369827664425718}. Best is trial 145 with value: 0.20655681192874908.
LOCAL_RANK: 0 - CUDA_VISIBLE_DEVICES: [0]
[I 2023-11-29 23:25:25,558] Trial 146 finished with value: 0.4934328496456146 and parameters: {'gradient_clip_val': 0.5369150384622425, 'hidden_size': 72, 'dropout': 0.29011708766064137, 'hidden_continuous_size': 23, 'attention_head_size': 4, 'learning_rate': 0.0661982675097252}. Best is trial 145 with value: 0.20655681192874908.
LOCAL_RANK: 0 - CUDA_VISIBLE_DEVICES: [0]
[I 2023-11-29 23:25:38,395] Trial 147 finished with value: 0.34658685326576233 and parameters: {'gradient_clip_val': 0.4054478548278485, 'hidden_size': 56, 'dropout': 0.26283419119971885, 'hidden_continuous_size': 18, 'attention_head_size': 3, 'learning_rate': 0.061081235634013166}. Best is trial 145 with value: 0.20655681192874908.
LOCAL_RANK: 0 - CUDA_VISIBLE_DEVICES: [0]
[I 2023-11-29 23:25:51,151] Trial 148 finished with value: 0.4273167848587036 and parameters: {'gradient_clip_val': 0.48226883141088794, 'hidden_size': 38, 'dropout': 0.2830144691512561, 'hidden_continuous_size': 17, 'attention_head_size': 4, 'learning_rate': 0.09988355847081253}. Best is trial 145 with value: 0.20655681192874908.
LOCAL_RANK: 0 - CUDA_VISIBLE_DEVICES: [0]
[I 2023-11-29 23:26:03,863] Trial 149 finished with value: 0.3409273624420166 and parameters: {'gradient_clip_val': 0.3860641411280046, 'hidden_size': 48, 'dropout': 0.30360493807871614, 'hidden_continuous_size': 14, 'attention_head_size': 4, 'learning_rate': 0.04726442253449626}. Best is trial 145 with value: 0.20655681192874908.
[I 2023-11-29 23:26:03,973] A new study created in memory with name: no-name-c27dea44-3977-4a52-a32e-7db272f1b581
/home/le004/conda/anaconda3/envs/tsff_env/lib/python3.9/site-packages/lightning/fabric/plugins/environments/slurm.py:191: The `srun` command is available on your system but is not used. HINT: If your intention is to run Lightning on SLURM, prepend your python command with `srun` like so: srun python /home/le004/master_thesis/git/TSFusionForecast/code/ ...
LOCAL_RANK: 0 - CUDA_VISIBLE_DEVICES: [0]
[I 2023-11-29 23:26:16,712] Trial 0 finished with value: 0.4681425988674164 and parameters: {'gradient_clip_val': 0.5777464624141174, 'hidden_size': 39, 'dropout': 0.38590579202670816, 'hidden_continuous_size': 14, 'attention_head_size': 2, 'learning_rate': 0.011324634396776011}. Best is trial 0 with value: 0.4681425988674164.
LOCAL_RANK: 0 - CUDA_VISIBLE_DEVICES: [0]
[I 2023-11-29 23:26:26,898] Trial 1 finished with value: 1.0378023386001587 and parameters: {'gradient_clip_val': 0.12548274785751679, 'hidden_size': 12, 'dropout': 0.3753489919424633, 'hidden_continuous_size': 12, 'attention_head_size': 4, 'learning_rate': 0.023129948118043756}. Best is trial 0 with value: 0.4681425988674164.
LOCAL_RANK: 0 - CUDA_VISIBLE_DEVICES: [0]
[I 2023-11-29 23:26:38,941] Trial 2 finished with value: 1.1304181814193726 and parameters: {'gradient_clip_val': 0.6138353291210562, 'hidden_size': 15, 'dropout': 0.33952740493242084, 'hidden_continuous_size': 13, 'attention_head_size': 1, 'learning_rate': 0.007639274172199832}. Best is trial 0 with value: 0.4681425988674164.
LOCAL_RANK: 0 - CUDA_VISIBLE_DEVICES: [0]
[I 2023-11-29 23:26:53,214] Trial 3 finished with value: 0.11240746825933456 and parameters: {'gradient_clip_val': 0.679656279338041, 'hidden_size': 124, 'dropout': 0.38024382328366624, 'hidden_continuous_size': 114, 'attention_head_size': 1, 'learning_rate': 0.04734175384139859}. Best is trial 3 with value: 0.11240746825933456.
LOCAL_RANK: 0 - CUDA_VISIBLE_DEVICES: [0]
[I 2023-11-29 23:27:06,286] Trial 4 finished with value: 1.1847018003463745 and parameters: {'gradient_clip_val': 0.41897175578019286, 'hidden_size': 59, 'dropout': 0.179551857429819, 'hidden_continuous_size': 23, 'attention_head_size': 1, 'learning_rate': 0.0016828133436880784}. Best is trial 3 with value: 0.11240746825933456.
LOCAL_RANK: 0 - CUDA_VISIBLE_DEVICES: [0]
[I 2023-11-29 23:27:19,110] Trial 5 finished with value: 0.2834135591983795 and parameters: {'gradient_clip_val': 0.3663141123580407, 'hidden_size': 38, 'dropout': 0.3850784051089209, 'hidden_continuous_size': 18, 'attention_head_size': 4, 'learning_rate': 0.017589218572711948}. Best is trial 3 with value: 0.11240746825933456.
LOCAL_RANK: 0 - CUDA_VISIBLE_DEVICES: [0]
[I 2023-11-29 23:27:31,176] Trial 6 finished with value: 0.866411030292511 and parameters: {'gradient_clip_val': 0.4324322228432866, 'hidden_size': 18, 'dropout': 0.280011690205766, 'hidden_continuous_size': 17, 'attention_head_size': 1, 'learning_rate': 0.01427146598902424}. Best is trial 3 with value: 0.11240746825933456.
LOCAL_RANK: 0 - CUDA_VISIBLE_DEVICES: [0]
[I 2023-11-29 23:27:43,859] Trial 7 finished with value: 0.22145526111125946 and parameters: {'gradient_clip_val': 0.8951993393076526, 'hidden_size': 34, 'dropout': 0.257934448209153, 'hidden_continuous_size': 24, 'attention_head_size': 3, 'learning_rate': 0.027402329623794842}. Best is trial 3 with value: 0.11240746825933456.
LOCAL_RANK: 0 - CUDA_VISIBLE_DEVICES: [0]
[I 2023-11-29 23:27:55,654] Trial 8 finished with value: 0.38514718413352966 and parameters: {'gradient_clip_val': 0.1445894601997184, 'hidden_size': 15, 'dropout': 0.3796189677019618, 'hidden_continuous_size': 10, 'attention_head_size': 1, 'learning_rate': 0.03589938928603313}. Best is trial 3 with value: 0.11240746825933456.
LOCAL_RANK: 0 - CUDA_VISIBLE_DEVICES: [0]
[I 2023-11-29 23:28:09,161] Trial 9 finished with value: 0.7488016486167908 and parameters: {'gradient_clip_val': 0.14212560633770255, 'hidden_size': 61, 'dropout': 0.344352540478336, 'hidden_continuous_size': 32, 'attention_head_size': 4, 'learning_rate': 0.002311556479629273}. Best is trial 3 with value: 0.11240746825933456.
LOCAL_RANK: 0 - CUDA_VISIBLE_DEVICES: [0]
[I 2023-11-29 23:28:23,912] Trial 10 finished with value: 0.2784101068973541 and parameters: {'gradient_clip_val': 0.9686623324556648, 'hidden_size': 133, 'dropout': 0.10466946537094185, 'hidden_continuous_size': 124, 'attention_head_size': 2, 'learning_rate': 0.09992176005432617}. Best is trial 3 with value: 0.11240746825933456.
LOCAL_RANK: 0 - CUDA_VISIBLE_DEVICES: [0]
[I 2023-11-29 23:28:38,366] Trial 11 finished with value: 0.21560831367969513 and parameters: {'gradient_clip_val': 0.9986767454534915, 'hidden_size': 146, 'dropout': 0.269068855080307, 'hidden_continuous_size': 61, 'attention_head_size': 3, 'learning_rate': 0.046834437411463585}. Best is trial 3 with value: 0.11240746825933456.
LOCAL_RANK: 0 - CUDA_VISIBLE_DEVICES: [0]
[I 2023-11-29 23:28:52,786] Trial 12 finished with value: 0.1986103504896164 and parameters: {'gradient_clip_val': 0.7376259101699488, 'hidden_size': 126, 'dropout': 0.2939475283552447, 'hidden_continuous_size': 81, 'attention_head_size': 3, 'learning_rate': 0.08210358975575022}. Best is trial 3 with value: 0.11240746825933456.
LOCAL_RANK: 0 - CUDA_VISIBLE_DEVICES: [0]
[I 2023-11-29 23:29:07,131] Trial 13 finished with value: 0.20856814086437225 and parameters: {'gradient_clip_val': 0.254827034246092, 'hidden_size': 103, 'dropout': 0.3114962670266864, 'hidden_continuous_size': 100, 'attention_head_size': 3, 'learning_rate': 0.0807753593298365}. Best is trial 3 with value: 0.11240746825933456.
LOCAL_RANK: 0 - CUDA_VISIBLE_DEVICES: [0]
[I 2023-11-29 23:29:21,233] Trial 14 finished with value: 0.182397723197937 and parameters: {'gradient_clip_val': 0.6639373391039515, 'hidden_size': 98, 'dropout': 0.30708939282183145, 'hidden_continuous_size': 68, 'attention_head_size': 2, 'learning_rate': 0.056949871328520425}. Best is trial 3 with value: 0.11240746825933456.
LOCAL_RANK: 0 - CUDA_VISIBLE_DEVICES: [0]
[I 2023-11-29 23:29:35,362] Trial 15 finished with value: 0.254217267036438 and parameters: {'gradient_clip_val': 0.576710100534673, 'hidden_size': 94, 'dropout': 0.32579846658445566, 'hidden_continuous_size': 54, 'attention_head_size': 2, 'learning_rate': 0.04506909323634679}. Best is trial 3 with value: 0.11240746825933456.
LOCAL_RANK: 0 - CUDA_VISIBLE_DEVICES: [0]
[I 2023-11-29 23:29:48,920] Trial 16 finished with value: 0.20382125675678253 and parameters: {'gradient_clip_val': 0.27958324780227417, 'hidden_size': 80, 'dropout': 0.23006900956305118, 'hidden_continuous_size': 46, 'attention_head_size': 2, 'learning_rate': 0.05345637772007231}. Best is trial 3 with value: 0.11240746825933456.
LOCAL_RANK: 0 - CUDA_VISIBLE_DEVICES: [0]
[I 2023-11-29 23:30:03,626] Trial 17 finished with value: 0.24023956060409546 and parameters: {'gradient_clip_val': 0.6448146873509774, 'hidden_size': 147, 'dropout': 0.3439812712525841, 'hidden_continuous_size': 124, 'attention_head_size': 1, 'learning_rate': 0.031235487266207757}. Best is trial 3 with value: 0.11240746825933456.
LOCAL_RANK: 0 - CUDA_VISIBLE_DEVICES: [0]
[I 2023-11-29 23:30:17,135] Trial 18 finished with value: 0.26819658279418945 and parameters: {'gradient_clip_val': 0.5078565734940967, 'hidden_size': 77, 'dropout': 0.3057770291562253, 'hidden_continuous_size': 39, 'attention_head_size': 2, 'learning_rate': 0.0076228671804222554}. Best is trial 3 with value: 0.11240746825933456.
LOCAL_RANK: 0 - CUDA_VISIBLE_DEVICES: [0]
[I 2023-11-29 23:30:31,206] Trial 19 finished with value: 0.19427435100078583 and parameters: {'gradient_clip_val': 0.7346806913724102, 'hidden_size': 112, 'dropout': 0.39625786270291186, 'hidden_continuous_size': 69, 'attention_head_size': 1, 'learning_rate': 0.062139924704900096}. Best is trial 3 with value: 0.11240746825933456.
LOCAL_RANK: 0 - CUDA_VISIBLE_DEVICES: [0]
[I 2023-11-29 23:30:45,480] Trial 20 finished with value: 0.25309908390045166 and parameters: {'gradient_clip_val': 0.7585253173804398, 'hidden_size': 100, 'dropout': 0.3601108049805913, 'hidden_continuous_size': 74, 'attention_head_size': 2, 'learning_rate': 0.02182402828549626}. Best is trial 3 with value: 0.11240746825933456.
LOCAL_RANK: 0 - CUDA_VISIBLE_DEVICES: [0]
[I 2023-11-29 23:30:59,535] Trial 21 finished with value: 0.19171811640262604 and parameters: {'gradient_clip_val': 0.807108155963346, 'hidden_size': 110, 'dropout': 0.39935081781086806, 'hidden_continuous_size': 66, 'attention_head_size': 1, 'learning_rate': 0.05869131528180454}. Best is trial 3 with value: 0.11240746825933456.
LOCAL_RANK: 0 - CUDA_VISIBLE_DEVICES: [0]
