[I 2023-11-30 06:59:53,292] Trial 106 finished with value: 4.036006450653076 and parameters: {'gradient_clip_val': 0.1997392161222097, 'hidden_size': 61, 'dropout': 0.3229616073418683, 'hidden_continuous_size': 29, 'attention_head_size': 2, 'learning_rate': 0.08059913570327186}. Best is trial 38 with value: 3.8432722091674805.
LOCAL_RANK: 0 - CUDA_VISIBLE_DEVICES: [0]
[I 2023-11-30 07:00:06,997] Trial 107 finished with value: 4.169536113739014 and parameters: {'gradient_clip_val': 0.2019988758757223, 'hidden_size': 102, 'dropout': 0.3225125420533186, 'hidden_continuous_size': 28, 'attention_head_size': 1, 'learning_rate': 0.09128385619819522}. Best is trial 38 with value: 3.8432722091674805.
LOCAL_RANK: 0 - CUDA_VISIBLE_DEVICES: [0]
[I 2023-11-30 07:00:20,340] Trial 108 finished with value: 4.577905654907227 and parameters: {'gradient_clip_val': 0.1762558715780398, 'hidden_size': 62, 'dropout': 0.33179662189034276, 'hidden_continuous_size': 30, 'attention_head_size': 2, 'learning_rate': 0.08147575794559872}. Best is trial 38 with value: 3.8432722091674805.
LOCAL_RANK: 0 - CUDA_VISIBLE_DEVICES: [0]
[I 2023-11-30 07:00:33,976] Trial 109 finished with value: 3.9743130207061768 and parameters: {'gradient_clip_val': 0.18079204262055631, 'hidden_size': 77, 'dropout': 0.3108664314746986, 'hidden_continuous_size': 35, 'attention_head_size': 2, 'learning_rate': 0.04100439622377858}. Best is trial 38 with value: 3.8432722091674805.
LOCAL_RANK: 0 - CUDA_VISIBLE_DEVICES: [0]
[I 2023-11-30 07:00:47,427] Trial 110 finished with value: 4.120616436004639 and parameters: {'gradient_clip_val': 0.20006974222350998, 'hidden_size': 87, 'dropout': 0.31498559621311445, 'hidden_continuous_size': 27, 'attention_head_size': 1, 'learning_rate': 0.04118098426228428}. Best is trial 38 with value: 3.8432722091674805.
LOCAL_RANK: 0 - CUDA_VISIBLE_DEVICES: [0]
[I 2023-11-30 07:01:00,856] Trial 111 finished with value: 4.4224958419799805 and parameters: {'gradient_clip_val': 0.19172231784227317, 'hidden_size': 86, 'dropout': 0.3149423993312661, 'hidden_continuous_size': 27, 'attention_head_size': 1, 'learning_rate': 0.07430016196498096}. Best is trial 38 with value: 3.8432722091674805.
LOCAL_RANK: 0 - CUDA_VISIBLE_DEVICES: [0]
[I 2023-11-30 07:01:14,136] Trial 112 finished with value: 4.368589878082275 and parameters: {'gradient_clip_val': 0.21426590696523468, 'hidden_size': 77, 'dropout': 0.3090837352580441, 'hidden_continuous_size': 29, 'attention_head_size': 1, 'learning_rate': 0.044206918911566945}. Best is trial 38 with value: 3.8432722091674805.
LOCAL_RANK: 0 - CUDA_VISIBLE_DEVICES: [0]
[I 2023-11-30 07:01:27,940] Trial 113 finished with value: 4.471218585968018 and parameters: {'gradient_clip_val': 0.18302139675823387, 'hidden_size': 112, 'dropout': 0.30311991287744805, 'hidden_continuous_size': 41, 'attention_head_size': 1, 'learning_rate': 0.042903218004457136}. Best is trial 38 with value: 3.8432722091674805.
LOCAL_RANK: 0 - CUDA_VISIBLE_DEVICES: [0]
[I 2023-11-30 07:01:41,634] Trial 114 finished with value: 4.285181045532227 and parameters: {'gradient_clip_val': 0.19480645669927935, 'hidden_size': 88, 'dropout': 0.3287216788932451, 'hidden_continuous_size': 38, 'attention_head_size': 1, 'learning_rate': 0.03994630073862944}. Best is trial 38 with value: 3.8432722091674805.
LOCAL_RANK: 0 - CUDA_VISIBLE_DEVICES: [0]
[I 2023-11-30 07:01:54,978] Trial 115 finished with value: 4.965703010559082 and parameters: {'gradient_clip_val': 0.23906170846760993, 'hidden_size': 81, 'dropout': 0.3207328595273925, 'hidden_continuous_size': 31, 'attention_head_size': 1, 'learning_rate': 0.05786385763420326}. Best is trial 38 with value: 3.8432722091674805.
LOCAL_RANK: 0 - CUDA_VISIBLE_DEVICES: [0]
[I 2023-11-30 07:02:08,578] Trial 116 finished with value: 4.230932712554932 and parameters: {'gradient_clip_val': 0.16861948865554396, 'hidden_size': 98, 'dropout': 0.3134893235741674, 'hidden_continuous_size': 25, 'attention_head_size': 2, 'learning_rate': 0.07255577107344496}. Best is trial 38 with value: 3.8432722091674805.
LOCAL_RANK: 0 - CUDA_VISIBLE_DEVICES: [0]
[I 2023-11-30 07:02:22,011] Trial 117 finished with value: 5.391815662384033 and parameters: {'gradient_clip_val': 0.20656424044388408, 'hidden_size': 75, 'dropout': 0.32292410432013136, 'hidden_continuous_size': 28, 'attention_head_size': 1, 'learning_rate': 0.08291660016973737}. Best is trial 38 with value: 3.8432722091674805.
LOCAL_RANK: 0 - CUDA_VISIBLE_DEVICES: [0]
[I 2023-11-30 07:02:35,390] Trial 118 finished with value: 4.596489429473877 and parameters: {'gradient_clip_val': 0.22155928948492074, 'hidden_size': 92, 'dropout': 0.34433006486732726, 'hidden_continuous_size': 26, 'attention_head_size': 2, 'learning_rate': 0.04786526195612244}. Best is trial 38 with value: 3.8432722091674805.
LOCAL_RANK: 0 - CUDA_VISIBLE_DEVICES: [0]
[I 2023-11-30 07:02:49,406] Trial 119 finished with value: 5.091881275177002 and parameters: {'gradient_clip_val': 0.24413513254026642, 'hidden_size': 106, 'dropout': 0.30461011977334546, 'hidden_continuous_size': 33, 'attention_head_size': 2, 'learning_rate': 0.03489559701311486}. Best is trial 38 with value: 3.8432722091674805.
LOCAL_RANK: 0 - CUDA_VISIBLE_DEVICES: [0]
[I 2023-11-30 07:03:03,300] Trial 120 finished with value: 5.1783447265625 and parameters: {'gradient_clip_val': 0.18366345294787362, 'hidden_size': 114, 'dropout': 0.33610513432063865, 'hidden_continuous_size': 36, 'attention_head_size': 2, 'learning_rate': 0.02887605732814305}. Best is trial 38 with value: 3.8432722091674805.
LOCAL_RANK: 0 - CUDA_VISIBLE_DEVICES: [0]
[I 2023-11-30 07:03:16,727] Trial 121 finished with value: 4.5294270515441895 and parameters: {'gradient_clip_val': 0.19932984975463958, 'hidden_size': 68, 'dropout': 0.3548854321893167, 'hidden_continuous_size': 27, 'attention_head_size': 2, 'learning_rate': 0.055828386288100634}. Best is trial 38 with value: 3.8432722091674805.
LOCAL_RANK: 0 - CUDA_VISIBLE_DEVICES: [0]
[I 2023-11-30 07:03:30,073] Trial 122 finished with value: 4.687353134155273 and parameters: {'gradient_clip_val': 0.1877824038730795, 'hidden_size': 62, 'dropout': 0.3488577219004375, 'hidden_continuous_size': 29, 'attention_head_size': 2, 'learning_rate': 0.0512428637303663}. Best is trial 38 with value: 3.8432722091674805.
LOCAL_RANK: 0 - CUDA_VISIBLE_DEVICES: [0]
[I 2023-11-30 07:03:43,679] Trial 123 finished with value: 4.4009013175964355 and parameters: {'gradient_clip_val': 0.17397888647482918, 'hidden_size': 84, 'dropout': 0.3727612217580505, 'hidden_continuous_size': 35, 'attention_head_size': 2, 'learning_rate': 0.06820423047475616}. Best is trial 38 with value: 3.8432722091674805.
LOCAL_RANK: 0 - CUDA_VISIBLE_DEVICES: [0]
[I 2023-11-30 07:03:57,539] Trial 124 finished with value: 5.273197650909424 and parameters: {'gradient_clip_val': 0.15185774059727952, 'hidden_size': 80, 'dropout': 0.360819275191474, 'hidden_continuous_size': 46, 'attention_head_size': 2, 'learning_rate': 0.024918726681853413}. Best is trial 38 with value: 3.8432722091674805.
LOCAL_RANK: 0 - CUDA_VISIBLE_DEVICES: [0]
[I 2023-11-30 07:04:10,858] Trial 125 finished with value: 4.515218257904053 and parameters: {'gradient_clip_val': 0.16439903865968764, 'hidden_size': 67, 'dropout': 0.3274948694018441, 'hidden_continuous_size': 27, 'attention_head_size': 2, 'learning_rate': 0.06306449194989852}. Best is trial 38 with value: 3.8432722091674805.
LOCAL_RANK: 0 - CUDA_VISIBLE_DEVICES: [0]
[I 2023-11-30 07:04:24,003] Trial 126 finished with value: 4.473413944244385 and parameters: {'gradient_clip_val': 0.21178304206131324, 'hidden_size': 50, 'dropout': 0.3417873081379806, 'hidden_continuous_size': 31, 'attention_head_size': 2, 'learning_rate': 0.08194488946312645}. Best is trial 38 with value: 3.8432722091674805.
LOCAL_RANK: 0 - CUDA_VISIBLE_DEVICES: [0]
[I 2023-11-30 07:04:37,185] Trial 127 finished with value: 4.424739360809326 and parameters: {'gradient_clip_val': 0.27753979317693867, 'hidden_size': 57, 'dropout': 0.31517873913612837, 'hidden_continuous_size': 30, 'attention_head_size': 1, 'learning_rate': 0.03136655680993504}. Best is trial 38 with value: 3.8432722091674805.
LOCAL_RANK: 0 - CUDA_VISIBLE_DEVICES: [0]
[I 2023-11-30 07:04:50,137] Trial 128 finished with value: 4.175304889678955 and parameters: {'gradient_clip_val': 0.29338257765701614, 'hidden_size': 47, 'dropout': 0.34940101194013967, 'hidden_continuous_size': 28, 'attention_head_size': 2, 'learning_rate': 0.0939576920829673}. Best is trial 38 with value: 3.8432722091674805.
LOCAL_RANK: 0 - CUDA_VISIBLE_DEVICES: [0]
[I 2023-11-30 07:05:03,621] Trial 129 finished with value: 4.982846736907959 and parameters: {'gradient_clip_val': 0.19767654202245324, 'hidden_size': 61, 'dropout': 0.36746782969595554, 'hidden_continuous_size': 25, 'attention_head_size': 3, 'learning_rate': 0.04805027797876082}. Best is trial 38 with value: 3.8432722091674805.
LOCAL_RANK: 0 - CUDA_VISIBLE_DEVICES: [0]
[I 2023-11-30 07:05:17,523] Trial 130 finished with value: 4.534900665283203 and parameters: {'gradient_clip_val': 0.14322554948010405, 'hidden_size': 75, 'dropout': 0.29766226221845266, 'hidden_continuous_size': 57, 'attention_head_size': 2, 'learning_rate': 0.06984224570953511}. Best is trial 38 with value: 3.8432722091674805.
LOCAL_RANK: 0 - CUDA_VISIBLE_DEVICES: [0]
[I 2023-11-30 07:05:31,067] Trial 131 finished with value: 4.725642681121826 and parameters: {'gradient_clip_val': 0.25762987394323034, 'hidden_size': 71, 'dropout': 0.3329233098188695, 'hidden_continuous_size': 33, 'attention_head_size': 2, 'learning_rate': 0.06235427997229831}. Best is trial 38 with value: 3.8432722091674805.
LOCAL_RANK: 0 - CUDA_VISIBLE_DEVICES: [0]
[I 2023-11-30 07:05:44,424] Trial 132 finished with value: 5.219092845916748 and parameters: {'gradient_clip_val': 0.2673238292705705, 'hidden_size': 70, 'dropout': 0.33811941337254897, 'hidden_continuous_size': 32, 'attention_head_size': 2, 'learning_rate': 0.05520681281660307}. Best is trial 38 with value: 3.8432722091674805.
LOCAL_RANK: 0 - CUDA_VISIBLE_DEVICES: [0]
[I 2023-11-30 07:05:58,438] Trial 133 finished with value: 4.320801258087158 and parameters: {'gradient_clip_val': 0.2356741619528846, 'hidden_size': 122, 'dropout': 0.32016054151736684, 'hidden_continuous_size': 36, 'attention_head_size': 2, 'learning_rate': 0.06496460000391152}. Best is trial 38 with value: 3.8432722091674805.
LOCAL_RANK: 0 - CUDA_VISIBLE_DEVICES: [0]
[I 2023-11-30 07:06:11,761] Trial 134 finished with value: 4.792113780975342 and parameters: {'gradient_clip_val': 0.13286955717453336, 'hidden_size': 54, 'dropout': 0.3426259564416543, 'hidden_continuous_size': 30, 'attention_head_size': 2, 'learning_rate': 0.07529148679201406}. Best is trial 38 with value: 3.8432722091674805.
LOCAL_RANK: 0 - CUDA_VISIBLE_DEVICES: [0]
[I 2023-11-30 07:06:25,442] Trial 135 finished with value: 4.47251558303833 and parameters: {'gradient_clip_val': 0.30069115409824665, 'hidden_size': 86, 'dropout': 0.309588498483372, 'hidden_continuous_size': 43, 'attention_head_size': 2, 'learning_rate': 0.05928477743972163}. Best is trial 38 with value: 3.8432722091674805.
LOCAL_RANK: 0 - CUDA_VISIBLE_DEVICES: [0]
[I 2023-11-30 07:06:38,906] Trial 136 finished with value: 5.366886138916016 and parameters: {'gradient_clip_val': 0.2545121771173834, 'hidden_size': 73, 'dropout': 0.3593409501054876, 'hidden_continuous_size': 34, 'attention_head_size': 2, 'learning_rate': 0.03942058296141003}. Best is trial 38 with value: 3.8432722091674805.
LOCAL_RANK: 0 - CUDA_VISIBLE_DEVICES: [0]
[I 2023-11-30 07:06:52,067] Trial 137 finished with value: 5.15590238571167 and parameters: {'gradient_clip_val': 0.15839375366129535, 'hidden_size': 64, 'dropout': 0.3380529479302044, 'hidden_continuous_size': 23, 'attention_head_size': 2, 'learning_rate': 0.013488254995894384}. Best is trial 38 with value: 3.8432722091674805.
LOCAL_RANK: 0 - CUDA_VISIBLE_DEVICES: [0]
[I 2023-11-30 07:07:05,696] Trial 138 finished with value: 4.1571221351623535 and parameters: {'gradient_clip_val': 0.3155354364576108, 'hidden_size': 78, 'dropout': 0.325932812137358, 'hidden_continuous_size': 39, 'attention_head_size': 2, 'learning_rate': 0.022670474800047927}. Best is trial 38 with value: 3.8432722091674805.
LOCAL_RANK: 0 - CUDA_VISIBLE_DEVICES: [0]
[I 2023-11-30 07:07:19,110] Trial 139 finished with value: 4.1318440437316895 and parameters: {'gradient_clip_val': 0.3269637101704623, 'hidden_size': 80, 'dropout': 0.3292599835331496, 'hidden_continuous_size': 40, 'attention_head_size': 1, 'learning_rate': 0.021901339143504048}. Best is trial 38 with value: 3.8432722091674805.
LOCAL_RANK: 0 - CUDA_VISIBLE_DEVICES: [0]
[I 2023-11-30 07:07:32,924] Trial 140 finished with value: 4.405069351196289 and parameters: {'gradient_clip_val': 0.3292936460846201, 'hidden_size': 90, 'dropout': 0.32688772601839194, 'hidden_continuous_size': 40, 'attention_head_size': 1, 'learning_rate': 0.02753154005591588}. Best is trial 38 with value: 3.8432722091674805.
LOCAL_RANK: 0 - CUDA_VISIBLE_DEVICES: [0]
[I 2023-11-30 07:07:46,368] Trial 141 finished with value: 4.391599178314209 and parameters: {'gradient_clip_val': 0.3430191687304381, 'hidden_size': 80, 'dropout': 0.325476543284744, 'hidden_continuous_size': 44, 'attention_head_size': 1, 'learning_rate': 0.021501639204038487}. Best is trial 38 with value: 3.8432722091674805.
LOCAL_RANK: 0 - CUDA_VISIBLE_DEVICES: [0]
[I 2023-11-30 07:08:00,150] Trial 142 finished with value: 4.935845851898193 and parameters: {'gradient_clip_val': 0.31236574608112555, 'hidden_size': 98, 'dropout': 0.3164612490020819, 'hidden_continuous_size': 36, 'attention_head_size': 1, 'learning_rate': 0.036196567458479295}. Best is trial 38 with value: 3.8432722091674805.
LOCAL_RANK: 0 - CUDA_VISIBLE_DEVICES: [0]
[I 2023-11-30 07:08:13,601] Trial 143 finished with value: 4.8154215812683105 and parameters: {'gradient_clip_val': 0.35429969776320736, 'hidden_size': 77, 'dropout': 0.33151244685747316, 'hidden_continuous_size': 38, 'attention_head_size': 1, 'learning_rate': 0.024204650461979456}. Best is trial 38 with value: 3.8432722091674805.
LOCAL_RANK: 0 - CUDA_VISIBLE_DEVICES: [0]
[I 2023-11-30 07:08:27,599] Trial 144 finished with value: 4.316460132598877 and parameters: {'gradient_clip_val': 0.3172960724883485, 'hidden_size': 133, 'dropout': 0.35385099842408213, 'hidden_continuous_size': 41, 'attention_head_size': 1, 'learning_rate': 0.03218033367793037}. Best is trial 38 with value: 3.8432722091674805.
LOCAL_RANK: 0 - CUDA_VISIBLE_DEVICES: [0]
[I 2023-11-30 07:08:41,457] Trial 145 finished with value: 4.230096340179443 and parameters: {'gradient_clip_val': 0.2850234908562062, 'hidden_size': 83, 'dropout': 0.2869371156269117, 'hidden_continuous_size': 38, 'attention_head_size': 2, 'learning_rate': 0.017112078619527404}. Best is trial 38 with value: 3.8432722091674805.
LOCAL_RANK: 0 - CUDA_VISIBLE_DEVICES: [0]
[I 2023-11-30 07:08:54,838] Trial 146 finished with value: 4.931131839752197 and parameters: {'gradient_clip_val': 0.12241051858308408, 'hidden_size': 66, 'dropout': 0.3088888264792306, 'hidden_continuous_size': 40, 'attention_head_size': 1, 'learning_rate': 0.022333527865441617}. Best is trial 38 with value: 3.8432722091674805.
LOCAL_RANK: 0 - CUDA_VISIBLE_DEVICES: [0]
[I 2023-11-30 07:09:08,718] Trial 147 finished with value: 5.395500659942627 and parameters: {'gradient_clip_val': 0.17747614121757346, 'hidden_size': 94, 'dropout': 0.3456375078139706, 'hidden_continuous_size': 47, 'attention_head_size': 2, 'learning_rate': 0.027057157544822144}. Best is trial 38 with value: 3.8432722091674805.
LOCAL_RANK: 0 - CUDA_VISIBLE_DEVICES: [0]
[I 2023-11-30 07:09:22,713] Trial 148 finished with value: 4.502828598022461 and parameters: {'gradient_clip_val': 0.3242692756664453, 'hidden_size': 103, 'dropout': 0.31860251703710585, 'hidden_continuous_size': 51, 'attention_head_size': 2, 'learning_rate': 0.020481888966595287}. Best is trial 38 with value: 3.8432722091674805.
LOCAL_RANK: 0 - CUDA_VISIBLE_DEVICES: [0]
[I 2023-11-30 07:09:36,137] Trial 149 finished with value: 4.951091766357422 and parameters: {'gradient_clip_val': 0.2948150544147666, 'hidden_size': 59, 'dropout': 0.36503641771377326, 'hidden_continuous_size': 43, 'attention_head_size': 2, 'learning_rate': 0.020094636859489638}. Best is trial 38 with value: 3.8432722091674805.
[I 2023-11-30 07:09:36,249] A new study created in memory with name: no-name-18a2ad3c-9b2b-405f-92ff-868866c67717
/home/le004/conda/anaconda3/envs/tsff_env/lib/python3.9/site-packages/lightning/fabric/plugins/environments/slurm.py:191: The `srun` command is available on your system but is not used. HINT: If your intention is to run Lightning on SLURM, prepend your python command with `srun` like so: srun python /home/le004/master_thesis/git/TSFusionForecast/code/ ...
LOCAL_RANK: 0 - CUDA_VISIBLE_DEVICES: [0]
[I 2023-11-30 07:09:49,276] Trial 0 finished with value: 19.4287109375 and parameters: {'gradient_clip_val': 0.10055449848750013, 'hidden_size': 41, 'dropout': 0.28565678452311716, 'hidden_continuous_size': 15, 'attention_head_size': 4, 'learning_rate': 0.003584474194687851}. Best is trial 0 with value: 19.4287109375.
LOCAL_RANK: 0 - CUDA_VISIBLE_DEVICES: [0]
[I 2023-11-30 07:10:01,642] Trial 1 finished with value: 22.45229148864746 and parameters: {'gradient_clip_val': 0.204120692898829, 'hidden_size': 26, 'dropout': 0.2882837249169107, 'hidden_continuous_size': 10, 'attention_head_size': 2, 'learning_rate': 0.0026858136568582076}. Best is trial 0 with value: 19.4287109375.
LOCAL_RANK: 0 - CUDA_VISIBLE_DEVICES: [0]
[I 2023-11-30 07:10:13,418] Trial 2 finished with value: 19.534587860107422 and parameters: {'gradient_clip_val': 0.5154883696643979, 'hidden_size': 12, 'dropout': 0.31091238224085493, 'hidden_continuous_size': 11, 'attention_head_size': 2, 'learning_rate': 0.02201824921884001}. Best is trial 0 with value: 19.4287109375.
LOCAL_RANK: 0 - CUDA_VISIBLE_DEVICES: [0]
[I 2023-11-30 07:10:25,703] Trial 3 finished with value: 36.155582427978516 and parameters: {'gradient_clip_val': 0.12353129534478362, 'hidden_size': 18, 'dropout': 0.152794413682983, 'hidden_continuous_size': 16, 'attention_head_size': 4, 'learning_rate': 0.002806357877422436}. Best is trial 0 with value: 19.4287109375.
LOCAL_RANK: 0 - CUDA_VISIBLE_DEVICES: [0]
[I 2023-11-30 07:10:38,381] Trial 4 finished with value: 15.137832641601562 and parameters: {'gradient_clip_val': 0.4879215291050199, 'hidden_size': 37, 'dropout': 0.3299185498896998, 'hidden_continuous_size': 23, 'attention_head_size': 2, 'learning_rate': 0.017958725351622254}. Best is trial 4 with value: 15.137832641601562.
LOCAL_RANK: 0 - CUDA_VISIBLE_DEVICES: [0]
[I 2023-11-30 07:10:52,814] Trial 5 finished with value: 22.638397216796875 and parameters: {'gradient_clip_val': 0.3361692211630484, 'hidden_size': 148, 'dropout': 0.1823365744022839, 'hidden_continuous_size': 45, 'attention_head_size': 4, 'learning_rate': 0.002476308685532348}. Best is trial 4 with value: 15.137832641601562.
LOCAL_RANK: 0 - CUDA_VISIBLE_DEVICES: [0]
[I 2023-11-30 07:11:06,994] Trial 6 finished with value: 23.927940368652344 and parameters: {'gradient_clip_val': 0.12215103013034262, 'hidden_size': 87, 'dropout': 0.30149903095092034, 'hidden_continuous_size': 67, 'attention_head_size': 4, 'learning_rate': 0.0017919891839073315}. Best is trial 4 with value: 15.137832641601562.
LOCAL_RANK: 0 - CUDA_VISIBLE_DEVICES: [0]
[I 2023-11-30 07:11:19,653] Trial 7 finished with value: 21.1611385345459 and parameters: {'gradient_clip_val': 0.12394663164685982, 'hidden_size': 29, 'dropout': 0.10623224834497921, 'hidden_continuous_size': 21, 'attention_head_size': 4, 'learning_rate': 0.010027201277537293}. Best is trial 4 with value: 15.137832641601562.
LOCAL_RANK: 0 - CUDA_VISIBLE_DEVICES: [0]
[I 2023-11-30 07:11:31,781] Trial 8 finished with value: 15.447135925292969 and parameters: {'gradient_clip_val': 0.18766233919289863, 'hidden_size': 26, 'dropout': 0.2804870114799841, 'hidden_continuous_size': 14, 'attention_head_size': 3, 'learning_rate': 0.0067927919216743005}. Best is trial 4 with value: 15.137832641601562.
LOCAL_RANK: 0 - CUDA_VISIBLE_DEVICES: [0]
[I 2023-11-30 07:11:43,937] Trial 9 finished with value: 22.0499210357666 and parameters: {'gradient_clip_val': 0.6730974567771185, 'hidden_size': 26, 'dropout': 0.16611839539586193, 'hidden_continuous_size': 11, 'attention_head_size': 4, 'learning_rate': 0.006670788229249117}. Best is trial 4 with value: 15.137832641601562.
LOCAL_RANK: 0 - CUDA_VISIBLE_DEVICES: [0]
[I 2023-11-30 07:11:57,156] Trial 10 finished with value: 13.74817180633545 and parameters: {'gradient_clip_val': 0.9763095466115126, 'hidden_size': 54, 'dropout': 0.3905270319673024, 'hidden_continuous_size': 27, 'attention_head_size': 1, 'learning_rate': 0.09382678621203626}. Best is trial 10 with value: 13.74817180633545.
LOCAL_RANK: 0 - CUDA_VISIBLE_DEVICES: [0]
[I 2023-11-30 07:12:10,063] Trial 11 finished with value: 20.636144638061523 and parameters: {'gradient_clip_val': 0.9135139454174194, 'hidden_size': 51, 'dropout': 0.39641910048900364, 'hidden_continuous_size': 27, 'attention_head_size': 1, 'learning_rate': 0.09444263155195012}. Best is trial 10 with value: 13.74817180633545.
LOCAL_RANK: 0 - CUDA_VISIBLE_DEVICES: [0]
[I 2023-11-30 07:12:23,134] Trial 12 finished with value: 17.810256958007812 and parameters: {'gradient_clip_val': 0.9746209910545185, 'hidden_size': 57, 'dropout': 0.3875861895657653, 'hidden_continuous_size': 27, 'attention_head_size': 1, 'learning_rate': 0.08759543795101862}. Best is trial 10 with value: 13.74817180633545.
LOCAL_RANK: 0 - CUDA_VISIBLE_DEVICES: [0]
