[I 2023-11-30 07:49:20,526] Trial 39 finished with value: 1094.6334228515625 and parameters: {'gradient_clip_val': 0.15096041709474772, 'hidden_size': 16, 'dropout': 0.11758620977925976, 'hidden_continuous_size': 12, 'attention_head_size': 2, 'learning_rate': 0.06733893426536028}. Best is trial 15 with value: 854.0465698242188.
LOCAL_RANK: 0 - CUDA_VISIBLE_DEVICES: [0]
[I 2023-11-30 07:49:32,944] Trial 40 finished with value: 1425.5343017578125 and parameters: {'gradient_clip_val': 0.17377562684237352, 'hidden_size': 23, 'dropout': 0.1466317579584688, 'hidden_continuous_size': 13, 'attention_head_size': 3, 'learning_rate': 0.010587536335246273}. Best is trial 15 with value: 854.0465698242188.
LOCAL_RANK: 0 - CUDA_VISIBLE_DEVICES: [0]
[I 2023-11-30 07:49:45,000] Trial 41 finished with value: 1060.2896728515625 and parameters: {'gradient_clip_val': 0.21904947571993028, 'hidden_size': 19, 'dropout': 0.25065888593230007, 'hidden_continuous_size': 14, 'attention_head_size': 1, 'learning_rate': 0.08302839872515344}. Best is trial 15 with value: 854.0465698242188.
LOCAL_RANK: 0 - CUDA_VISIBLE_DEVICES: [0]
[I 2023-11-30 07:49:57,145] Trial 42 finished with value: 1129.15087890625 and parameters: {'gradient_clip_val': 0.200804147529509, 'hidden_size': 22, 'dropout': 0.23758434637768705, 'hidden_continuous_size': 15, 'attention_head_size': 1, 'learning_rate': 0.03563596165385761}. Best is trial 15 with value: 854.0465698242188.
LOCAL_RANK: 0 - CUDA_VISIBLE_DEVICES: [0]
[I 2023-11-30 07:50:09,457] Trial 43 finished with value: 1373.1226806640625 and parameters: {'gradient_clip_val': 0.3094070648560972, 'hidden_size': 27, 'dropout': 0.19761676332625955, 'hidden_continuous_size': 17, 'attention_head_size': 1, 'learning_rate': 0.05962891321992743}. Best is trial 15 with value: 854.0465698242188.
LOCAL_RANK: 0 - CUDA_VISIBLE_DEVICES: [0]
[I 2023-11-30 07:50:21,443] Trial 44 finished with value: 1196.639892578125 and parameters: {'gradient_clip_val': 0.12340946286495476, 'hidden_size': 11, 'dropout': 0.17083009727174817, 'hidden_continuous_size': 10, 'attention_head_size': 1, 'learning_rate': 0.04708132877679976}. Best is trial 15 with value: 854.0465698242188.
LOCAL_RANK: 0 - CUDA_VISIBLE_DEVICES: [0]
[I 2023-11-30 07:50:34,266] Trial 45 finished with value: 1279.7767333984375 and parameters: {'gradient_clip_val': 0.10269807449072829, 'hidden_size': 38, 'dropout': 0.11363289451260987, 'hidden_continuous_size': 17, 'attention_head_size': 2, 'learning_rate': 0.07876875060784395}. Best is trial 15 with value: 854.0465698242188.
LOCAL_RANK: 0 - CUDA_VISIBLE_DEVICES: [0]
[I 2023-11-30 07:50:46,563] Trial 46 finished with value: 1210.8619384765625 and parameters: {'gradient_clip_val': 0.2525344506158731, 'hidden_size': 29, 'dropout': 0.15635540222358119, 'hidden_continuous_size': 19, 'attention_head_size': 1, 'learning_rate': 0.025953377865931375}. Best is trial 15 with value: 854.0465698242188.
LOCAL_RANK: 0 - CUDA_VISIBLE_DEVICES: [0]
[I 2023-11-30 07:50:59,047] Trial 47 finished with value: 1199.9755859375 and parameters: {'gradient_clip_val': 0.16873866314693323, 'hidden_size': 34, 'dropout': 0.2647712976969598, 'hidden_continuous_size': 14, 'attention_head_size': 2, 'learning_rate': 0.09069534158079116}. Best is trial 15 with value: 854.0465698242188.
LOCAL_RANK: 0 - CUDA_VISIBLE_DEVICES: [0]
[I 2023-11-30 07:51:10,894] Trial 48 finished with value: 1118.4552001953125 and parameters: {'gradient_clip_val': 0.3695525484431433, 'hidden_size': 20, 'dropout': 0.13497510565987322, 'hidden_continuous_size': 13, 'attention_head_size': 1, 'learning_rate': 0.051830060900994825}. Best is trial 15 with value: 854.0465698242188.
LOCAL_RANK: 0 - CUDA_VISIBLE_DEVICES: [0]
[I 2023-11-30 07:51:23,052] Trial 49 finished with value: 2381.456787109375 and parameters: {'gradient_clip_val': 0.2150602895139492, 'hidden_size': 23, 'dropout': 0.19756512354516895, 'hidden_continuous_size': 12, 'attention_head_size': 4, 'learning_rate': 0.007763134562909673}. Best is trial 15 with value: 854.0465698242188.
LOCAL_RANK: 0 - CUDA_VISIBLE_DEVICES: [0]
[I 2023-11-30 07:51:35,118] Trial 50 finished with value: 1027.6556396484375 and parameters: {'gradient_clip_val': 0.13126424714804635, 'hidden_size': 16, 'dropout': 0.1474145554815296, 'hidden_continuous_size': 13, 'attention_head_size': 2, 'learning_rate': 0.060233995440390396}. Best is trial 15 with value: 854.0465698242188.
LOCAL_RANK: 0 - CUDA_VISIBLE_DEVICES: [0]
[I 2023-11-30 07:51:46,917] Trial 51 finished with value: 1128.4476318359375 and parameters: {'gradient_clip_val': 0.1302630851014928, 'hidden_size': 16, 'dropout': 0.11189982850488062, 'hidden_continuous_size': 13, 'attention_head_size': 2, 'learning_rate': 0.06064099709692914}. Best is trial 15 with value: 854.0465698242188.
LOCAL_RANK: 0 - CUDA_VISIBLE_DEVICES: [0]
[I 2023-11-30 07:51:59,087] Trial 52 finished with value: 1060.6334228515625 and parameters: {'gradient_clip_val': 0.11288557675363498, 'hidden_size': 17, 'dropout': 0.1449073938615725, 'hidden_continuous_size': 12, 'attention_head_size': 2, 'learning_rate': 0.097905016758858}. Best is trial 15 with value: 854.0465698242188.
LOCAL_RANK: 0 - CUDA_VISIBLE_DEVICES: [0]
[I 2023-11-30 07:52:11,192] Trial 53 finished with value: 1154.77685546875 and parameters: {'gradient_clip_val': 0.14558609887474924, 'hidden_size': 14, 'dropout': 0.16768619064889814, 'hidden_continuous_size': 11, 'attention_head_size': 3, 'learning_rate': 0.04257684308319725}. Best is trial 15 with value: 854.0465698242188.
LOCAL_RANK: 0 - CUDA_VISIBLE_DEVICES: [0]
[I 2023-11-30 07:52:23,294] Trial 54 finished with value: 1187.3128662109375 and parameters: {'gradient_clip_val': 0.12994752520052963, 'hidden_size': 28, 'dropout': 0.13098825091971172, 'hidden_continuous_size': 16, 'attention_head_size': 2, 'learning_rate': 0.07818503028103167}. Best is trial 15 with value: 854.0465698242188.
LOCAL_RANK: 0 - CUDA_VISIBLE_DEVICES: [0]
[I 2023-11-30 07:52:35,687] Trial 55 finished with value: 890.2106323242188 and parameters: {'gradient_clip_val': 0.10016294915863051, 'hidden_size': 25, 'dropout': 0.11061914678183454, 'hidden_continuous_size': 15, 'attention_head_size': 2, 'learning_rate': 0.052550692017519676}. Best is trial 15 with value: 854.0465698242188.
LOCAL_RANK: 0 - CUDA_VISIBLE_DEVICES: [0]
[I 2023-11-30 07:52:47,672] Trial 56 finished with value: 1215.4566650390625 and parameters: {'gradient_clip_val': 0.1579667685322033, 'hidden_size': 25, 'dropout': 0.1123916964528661, 'hidden_continuous_size': 15, 'attention_head_size': 1, 'learning_rate': 0.033593044973465686}. Best is trial 15 with value: 854.0465698242188.
LOCAL_RANK: 0 - CUDA_VISIBLE_DEVICES: [0]
[I 2023-11-30 07:52:59,873] Trial 57 finished with value: 1121.4913330078125 and parameters: {'gradient_clip_val': 0.10879717921796217, 'hidden_size': 32, 'dropout': 0.10178022153582295, 'hidden_continuous_size': 16, 'attention_head_size': 2, 'learning_rate': 0.05244671934174208}. Best is trial 15 with value: 854.0465698242188.
LOCAL_RANK: 0 - CUDA_VISIBLE_DEVICES: [0]
[I 2023-11-30 07:53:12,106] Trial 58 finished with value: 1190.38916015625 and parameters: {'gradient_clip_val': 0.10363313904446513, 'hidden_size': 32, 'dropout': 0.12561200589230193, 'hidden_continuous_size': 18, 'attention_head_size': 2, 'learning_rate': 0.037166560719723934}. Best is trial 15 with value: 854.0465698242188.
LOCAL_RANK: 0 - CUDA_VISIBLE_DEVICES: [0]
[I 2023-11-30 07:53:24,500] Trial 59 finished with value: 1356.0135498046875 and parameters: {'gradient_clip_val': 0.11277357067972152, 'hidden_size': 26, 'dropout': 0.1388889318090472, 'hidden_continuous_size': 15, 'attention_head_size': 3, 'learning_rate': 0.07031667606244246}. Best is trial 15 with value: 854.0465698242188.
LOCAL_RANK: 0 - CUDA_VISIBLE_DEVICES: [0]
[I 2023-11-30 07:53:36,585] Trial 60 finished with value: 1435.81884765625 and parameters: {'gradient_clip_val': 0.19276318110403504, 'hidden_size': 21, 'dropout': 0.10863366414937906, 'hidden_continuous_size': 14, 'attention_head_size': 1, 'learning_rate': 0.04616149633767444}. Best is trial 15 with value: 854.0465698242188.
LOCAL_RANK: 0 - CUDA_VISIBLE_DEVICES: [0]
[I 2023-11-30 07:53:48,839] Trial 61 finished with value: 1335.7537841796875 and parameters: {'gradient_clip_val': 0.1194259975088154, 'hidden_size': 19, 'dropout': 0.12294269524763267, 'hidden_continuous_size': 13, 'attention_head_size': 2, 'learning_rate': 0.06117074755336859}. Best is trial 15 with value: 854.0465698242188.
LOCAL_RANK: 0 - CUDA_VISIBLE_DEVICES: [0]
[I 2023-11-30 07:54:00,828] Trial 62 finished with value: 1213.8402099609375 and parameters: {'gradient_clip_val': 0.1362675112966805, 'hidden_size': 24, 'dropout': 0.15479792800710815, 'hidden_continuous_size': 11, 'attention_head_size': 2, 'learning_rate': 0.08386399965004145}. Best is trial 15 with value: 854.0465698242188.
LOCAL_RANK: 0 - CUDA_VISIBLE_DEVICES: [0]
[I 2023-11-30 07:54:13,074] Trial 63 finished with value: 1372.98046875 and parameters: {'gradient_clip_val': 0.10023691941279902, 'hidden_size': 22, 'dropout': 0.11995410915392643, 'hidden_continuous_size': 14, 'attention_head_size': 2, 'learning_rate': 0.054224133537544454}. Best is trial 15 with value: 854.0465698242188.
LOCAL_RANK: 0 - CUDA_VISIBLE_DEVICES: [0]
[I 2023-11-30 07:54:25,316] Trial 64 finished with value: 1278.3411865234375 and parameters: {'gradient_clip_val': 0.1513458143933516, 'hidden_size': 27, 'dropout': 0.13738138259847904, 'hidden_continuous_size': 15, 'attention_head_size': 2, 'learning_rate': 0.06329057447413221}. Best is trial 15 with value: 854.0465698242188.
LOCAL_RANK: 0 - CUDA_VISIBLE_DEVICES: [0]
[I 2023-11-30 07:54:37,250] Trial 65 finished with value: 1265.5150146484375 and parameters: {'gradient_clip_val': 0.17786348664840773, 'hidden_size': 11, 'dropout': 0.10836500135229589, 'hidden_continuous_size': 10, 'attention_head_size': 1, 'learning_rate': 0.03944203276275018}. Best is trial 15 with value: 854.0465698242188.
LOCAL_RANK: 0 - CUDA_VISIBLE_DEVICES: [0]
[I 2023-11-30 07:54:49,797] Trial 66 finished with value: 1225.9002685546875 and parameters: {'gradient_clip_val': 0.2233904961831618, 'hidden_size': 29, 'dropout': 0.13182124885314733, 'hidden_continuous_size': 12, 'attention_head_size': 3, 'learning_rate': 0.076661454214446}. Best is trial 15 with value: 854.0465698242188.
LOCAL_RANK: 0 - CUDA_VISIBLE_DEVICES: [0]
[I 2023-11-30 07:55:01,716] Trial 67 finished with value: 1503.0965576171875 and parameters: {'gradient_clip_val': 0.16393950657007747, 'hidden_size': 24, 'dropout': 0.14608388788952242, 'hidden_continuous_size': 11, 'attention_head_size': 2, 'learning_rate': 0.09868465441437353}. Best is trial 15 with value: 854.0465698242188.
LOCAL_RANK: 0 - CUDA_VISIBLE_DEVICES: [0]
[I 2023-11-30 07:55:13,748] Trial 68 finished with value: 997.8126831054688 and parameters: {'gradient_clip_val': 0.12995707230889167, 'hidden_size': 13, 'dropout': 0.11995391980683363, 'hidden_continuous_size': 12, 'attention_head_size': 1, 'learning_rate': 0.04923184522244731}. Best is trial 15 with value: 854.0465698242188.
LOCAL_RANK: 0 - CUDA_VISIBLE_DEVICES: [0]
[I 2023-11-30 07:55:23,911] Trial 69 finished with value: 1117.6556396484375 and parameters: {'gradient_clip_val': 0.28557792419982914, 'hidden_size': 10, 'dropout': 0.12055969718462081, 'hidden_continuous_size': 10, 'attention_head_size': 1, 'learning_rate': 0.04939278903169886}. Best is trial 15 with value: 854.0465698242188.
LOCAL_RANK: 0 - CUDA_VISIBLE_DEVICES: [0]
[I 2023-11-30 07:55:36,590] Trial 70 finished with value: 1098.04443359375 and parameters: {'gradient_clip_val': 0.18560700632909327, 'hidden_size': 35, 'dropout': 0.10074496858111423, 'hidden_continuous_size': 23, 'attention_head_size': 1, 'learning_rate': 0.026776021688798876}. Best is trial 15 with value: 854.0465698242188.
LOCAL_RANK: 0 - CUDA_VISIBLE_DEVICES: [0]
[I 2023-11-30 07:55:48,595] Trial 71 finished with value: 1125.8583984375 and parameters: {'gradient_clip_val': 0.13199183189364688, 'hidden_size': 13, 'dropout': 0.12615256763928198, 'hidden_continuous_size': 12, 'attention_head_size': 1, 'learning_rate': 0.06842211321390511}. Best is trial 15 with value: 854.0465698242188.
LOCAL_RANK: 0 - CUDA_VISIBLE_DEVICES: [0]
[I 2023-11-30 07:56:00,320] Trial 72 finished with value: 984.9661254882812 and parameters: {'gradient_clip_val': 0.11430816327446958, 'hidden_size': 12, 'dropout': 0.11326115880783968, 'hidden_continuous_size': 11, 'attention_head_size': 1, 'learning_rate': 0.058978162346650716}. Best is trial 15 with value: 854.0465698242188.
LOCAL_RANK: 0 - CUDA_VISIBLE_DEVICES: [0]
[I 2023-11-30 07:56:12,029] Trial 73 finished with value: 1332.7384033203125 and parameters: {'gradient_clip_val': 0.1204350417199998, 'hidden_size': 12, 'dropout': 0.11128284897944596, 'hidden_continuous_size': 10, 'attention_head_size': 1, 'learning_rate': 0.04052664985435633}. Best is trial 15 with value: 854.0465698242188.
LOCAL_RANK: 0 - CUDA_VISIBLE_DEVICES: [0]
[I 2023-11-30 07:56:23,808] Trial 74 finished with value: 1216.3035888671875 and parameters: {'gradient_clip_val': 0.1402160749983722, 'hidden_size': 11, 'dropout': 0.11982869229162743, 'hidden_continuous_size': 10, 'attention_head_size': 1, 'learning_rate': 0.04758025945963974}. Best is trial 15 with value: 854.0465698242188.
LOCAL_RANK: 0 - CUDA_VISIBLE_DEVICES: [0]
[I 2023-11-30 07:56:35,611] Trial 75 finished with value: 1137.8756103515625 and parameters: {'gradient_clip_val': 0.11338169569635127, 'hidden_size': 13, 'dropout': 0.10872280563307754, 'hidden_continuous_size': 12, 'attention_head_size': 1, 'learning_rate': 0.08630631144062478}. Best is trial 15 with value: 854.0465698242188.
LOCAL_RANK: 0 - CUDA_VISIBLE_DEVICES: [0]
[I 2023-11-30 07:56:45,658] Trial 76 finished with value: 1167.7427978515625 and parameters: {'gradient_clip_val': 0.1256769362208215, 'hidden_size': 10, 'dropout': 0.16284109504443867, 'hidden_continuous_size': 10, 'attention_head_size': 1, 'learning_rate': 0.05658733289386399}. Best is trial 15 with value: 854.0465698242188.
LOCAL_RANK: 0 - CUDA_VISIBLE_DEVICES: [0]
[I 2023-11-30 07:56:57,626] Trial 77 finished with value: 1080.8729248046875 and parameters: {'gradient_clip_val': 0.10705544891316231, 'hidden_size': 15, 'dropout': 0.13538583207580904, 'hidden_continuous_size': 12, 'attention_head_size': 1, 'learning_rate': 0.06995314548931168}. Best is trial 15 with value: 854.0465698242188.
LOCAL_RANK: 0 - CUDA_VISIBLE_DEVICES: [0]
[I 2023-11-30 07:57:09,263] Trial 78 finished with value: 1260.3726806640625 and parameters: {'gradient_clip_val': 0.34113357999543487, 'hidden_size': 12, 'dropout': 0.1010123172323244, 'hidden_continuous_size': 11, 'attention_head_size': 1, 'learning_rate': 0.033583066168440076}. Best is trial 15 with value: 854.0465698242188.
LOCAL_RANK: 0 - CUDA_VISIBLE_DEVICES: [0]
[I 2023-11-30 07:57:21,512] Trial 79 finished with value: 1164.7135009765625 and parameters: {'gradient_clip_val': 0.23741551517680318, 'hidden_size': 30, 'dropout': 0.12695098628735305, 'hidden_continuous_size': 11, 'attention_head_size': 1, 'learning_rate': 0.04236161247937663}. Best is trial 15 with value: 854.0465698242188.
LOCAL_RANK: 0 - CUDA_VISIBLE_DEVICES: [0]
[I 2023-11-30 07:57:33,581] Trial 80 finished with value: 1253.76123046875 and parameters: {'gradient_clip_val': 0.10011663581732577, 'hidden_size': 18, 'dropout': 0.11602217653292198, 'hidden_continuous_size': 11, 'attention_head_size': 1, 'learning_rate': 0.07497992231125741}. Best is trial 15 with value: 854.0465698242188.
LOCAL_RANK: 0 - CUDA_VISIBLE_DEVICES: [0]
[I 2023-11-30 07:57:45,828] Trial 81 finished with value: 1022.6023559570312 and parameters: {'gradient_clip_val': 0.11498129158983152, 'hidden_size': 17, 'dropout': 0.14920693405041408, 'hidden_continuous_size': 12, 'attention_head_size': 2, 'learning_rate': 0.06104825068928594}. Best is trial 15 with value: 854.0465698242188.
LOCAL_RANK: 0 - CUDA_VISIBLE_DEVICES: [0]
[I 2023-11-30 07:57:58,002] Trial 82 finished with value: 1139.7120361328125 and parameters: {'gradient_clip_val': 0.11602673855414941, 'hidden_size': 14, 'dropout': 0.1387487132462516, 'hidden_continuous_size': 12, 'attention_head_size': 2, 'learning_rate': 0.0547189245340563}. Best is trial 15 with value: 854.0465698242188.
LOCAL_RANK: 0 - CUDA_VISIBLE_DEVICES: [0]
[I 2023-11-30 07:58:10,070] Trial 83 finished with value: 1545.5400390625 and parameters: {'gradient_clip_val': 0.11031921649694332, 'hidden_size': 21, 'dropout': 0.15286335725646327, 'hidden_continuous_size': 13, 'attention_head_size': 1, 'learning_rate': 0.06426971722584618}. Best is trial 15 with value: 854.0465698242188.
LOCAL_RANK: 0 - CUDA_VISIBLE_DEVICES: [0]
[I 2023-11-30 07:58:22,129] Trial 84 finished with value: 1428.7001953125 and parameters: {'gradient_clip_val': 0.1242677026787606, 'hidden_size': 17, 'dropout': 0.10745917862206111, 'hidden_continuous_size': 12, 'attention_head_size': 2, 'learning_rate': 0.050506982501104594}. Best is trial 15 with value: 854.0465698242188.
LOCAL_RANK: 0 - CUDA_VISIBLE_DEVICES: [0]
[I 2023-11-30 07:58:34,070] Trial 85 finished with value: 1199.5535888671875 and parameters: {'gradient_clip_val': 0.2031879087551716, 'hidden_size': 15, 'dropout': 0.11792011986404402, 'hidden_continuous_size': 12, 'attention_head_size': 1, 'learning_rate': 0.08759363671501703}. Best is trial 15 with value: 854.0465698242188.
LOCAL_RANK: 0 - CUDA_VISIBLE_DEVICES: [0]
[I 2023-11-30 07:58:45,972] Trial 86 finished with value: 1239.8687744140625 and parameters: {'gradient_clip_val': 0.11675645892756259, 'hidden_size': 13, 'dropout': 0.1765264549140806, 'hidden_continuous_size': 10, 'attention_head_size': 2, 'learning_rate': 0.04585282951600528}. Best is trial 15 with value: 854.0465698242188.
LOCAL_RANK: 0 - CUDA_VISIBLE_DEVICES: [0]
[I 2023-11-30 07:58:58,331] Trial 87 finished with value: 1138.979736328125 and parameters: {'gradient_clip_val': 0.1434665287815636, 'hidden_size': 26, 'dropout': 0.129554154776902, 'hidden_continuous_size': 17, 'attention_head_size': 1, 'learning_rate': 0.0753482029673332}. Best is trial 15 with value: 854.0465698242188.
LOCAL_RANK: 0 - CUDA_VISIBLE_DEVICES: [0]
[I 2023-11-30 07:59:10,092] Trial 88 finished with value: 1017.4011840820312 and parameters: {'gradient_clip_val': 0.10624771453965841, 'hidden_size': 12, 'dropout': 0.14911338488404774, 'hidden_continuous_size': 11, 'attention_head_size': 2, 'learning_rate': 0.06339039200958717}. Best is trial 15 with value: 854.0465698242188.
LOCAL_RANK: 0 - CUDA_VISIBLE_DEVICES: [0]
[I 2023-11-30 07:59:21,824] Trial 89 finished with value: 1224.0059814453125 and parameters: {'gradient_clip_val': 0.10618957066339668, 'hidden_size': 12, 'dropout': 0.11446196387054895, 'hidden_continuous_size': 11, 'attention_head_size': 1, 'learning_rate': 0.036965874879365895}. Best is trial 15 with value: 854.0465698242188.
LOCAL_RANK: 0 - CUDA_VISIBLE_DEVICES: [0]
[I 2023-11-30 07:59:33,713] Trial 90 finished with value: 1125.9315185546875 and parameters: {'gradient_clip_val': 0.1505486848056107, 'hidden_size': 11, 'dropout': 0.16050027153096574, 'hidden_continuous_size': 10, 'attention_head_size': 1, 'learning_rate': 0.055350933008921355}. Best is trial 15 with value: 854.0465698242188.
LOCAL_RANK: 0 - CUDA_VISIBLE_DEVICES: [0]
[I 2023-11-30 07:59:43,710] Trial 91 finished with value: 1283.29150390625 and parameters: {'gradient_clip_val': 0.1066949858908058, 'hidden_size': 11, 'dropout': 0.15105284081143053, 'hidden_continuous_size': 11, 'attention_head_size': 2, 'learning_rate': 0.05980087841371634}. Best is trial 15 with value: 854.0465698242188.
LOCAL_RANK: 0 - CUDA_VISIBLE_DEVICES: [0]
[I 2023-11-30 07:59:55,877] Trial 92 finished with value: 1047.9677734375 and parameters: {'gradient_clip_val': 0.1217403938974709, 'hidden_size': 14, 'dropout': 0.12442481226704342, 'hidden_continuous_size': 12, 'attention_head_size': 2, 'learning_rate': 0.0641172373747329}. Best is trial 15 with value: 854.0465698242188.
LOCAL_RANK: 0 - CUDA_VISIBLE_DEVICES: [0]
[I 2023-11-30 08:00:07,852] Trial 93 finished with value: 1030.8353271484375 and parameters: {'gradient_clip_val': 0.1127021687729839, 'hidden_size': 13, 'dropout': 0.14278355766450393, 'hidden_continuous_size': 11, 'attention_head_size': 2, 'learning_rate': 0.0697652505394917}. Best is trial 15 with value: 854.0465698242188.
LOCAL_RANK: 0 - CUDA_VISIBLE_DEVICES: [0]
[I 2023-11-30 08:00:19,826] Trial 94 finished with value: 1168.1351318359375 and parameters: {'gradient_clip_val': 0.12612269525715855, 'hidden_size': 15, 'dropout': 0.1337534756039913, 'hidden_continuous_size': 12, 'attention_head_size': 2, 'learning_rate': 0.08183866801562108}. Best is trial 15 with value: 854.0465698242188.
LOCAL_RANK: 0 - CUDA_VISIBLE_DEVICES: [0]
[I 2023-11-30 08:00:30,028] Trial 95 finished with value: 1746.9849853515625 and parameters: {'gradient_clip_val': 0.13595542386223333, 'hidden_size': 10, 'dropout': 0.18588879038056627, 'hidden_continuous_size': 10, 'attention_head_size': 2, 'learning_rate': 0.04316161522341644}. Best is trial 15 with value: 854.0465698242188.
LOCAL_RANK: 0 - CUDA_VISIBLE_DEVICES: [0]
[I 2023-11-30 08:00:42,208] Trial 96 finished with value: 1128.0645751953125 and parameters: {'gradient_clip_val': 0.10831839548523699, 'hidden_size': 19, 'dropout': 0.10748221342753046, 'hidden_continuous_size': 13, 'attention_head_size': 2, 'learning_rate': 0.05138811274593885}. Best is trial 15 with value: 854.0465698242188.
LOCAL_RANK: 0 - CUDA_VISIBLE_DEVICES: [0]
[I 2023-11-30 08:00:54,806] Trial 97 finished with value: 850.7754516601562 and parameters: {'gradient_clip_val': 0.16762075352582387, 'hidden_size': 28, 'dropout': 0.13998958602621553, 'hidden_continuous_size': 18, 'attention_head_size': 4, 'learning_rate': 0.08884578346553713}. Best is trial 97 with value: 850.7754516601562.
LOCAL_RANK: 0 - CUDA_VISIBLE_DEVICES: [0]
