[I 2023-11-29 23:05:51,440] Trial 56 finished with value: 0.5967455506324768 and parameters: {'gradient_clip_val': 0.3314856310676355, 'hidden_size': 90, 'dropout': 0.3225237179444444, 'hidden_continuous_size': 24, 'attention_head_size': 4, 'learning_rate': 0.0768880741556837}. Best is trial 36 with value: 0.255473256111145.
LOCAL_RANK: 0 - CUDA_VISIBLE_DEVICES: [0]
[I 2023-11-29 23:06:04,791] Trial 57 finished with value: 0.4282865822315216 and parameters: {'gradient_clip_val': 0.40340081848219306, 'hidden_size': 66, 'dropout': 0.283370292099633, 'hidden_continuous_size': 16, 'attention_head_size': 3, 'learning_rate': 0.0819374477958282}. Best is trial 36 with value: 0.255473256111145.
LOCAL_RANK: 0 - CUDA_VISIBLE_DEVICES: [0]
[I 2023-11-29 23:06:17,666] Trial 58 finished with value: 0.6337351202964783 and parameters: {'gradient_clip_val': 0.5396990835795868, 'hidden_size': 43, 'dropout': 0.299249250505312, 'hidden_continuous_size': 19, 'attention_head_size': 4, 'learning_rate': 0.04400357563569218}. Best is trial 36 with value: 0.255473256111145.
LOCAL_RANK: 0 - CUDA_VISIBLE_DEVICES: [0]
[I 2023-11-29 23:06:30,565] Trial 59 finished with value: 0.3484044373035431 and parameters: {'gradient_clip_val': 0.48656247167033173, 'hidden_size': 47, 'dropout': 0.316267763537847, 'hidden_continuous_size': 21, 'attention_head_size': 3, 'learning_rate': 0.09835354747387054}. Best is trial 36 with value: 0.255473256111145.
LOCAL_RANK: 0 - CUDA_VISIBLE_DEVICES: [0]
[I 2023-11-29 23:06:43,499] Trial 60 finished with value: 0.4077933728694916 and parameters: {'gradient_clip_val': 0.4363756949632654, 'hidden_size': 52, 'dropout': 0.24549841751577056, 'hidden_continuous_size': 23, 'attention_head_size': 4, 'learning_rate': 0.032548428141880754}. Best is trial 36 with value: 0.255473256111145.
LOCAL_RANK: 0 - CUDA_VISIBLE_DEVICES: [0]
[I 2023-11-29 23:06:56,613] Trial 61 finished with value: 0.4173910915851593 and parameters: {'gradient_clip_val': 0.35813750442276, 'hidden_size': 62, 'dropout': 0.30598088584296923, 'hidden_continuous_size': 14, 'attention_head_size': 4, 'learning_rate': 0.06833433399085576}. Best is trial 36 with value: 0.255473256111145.
LOCAL_RANK: 0 - CUDA_VISIBLE_DEVICES: [0]
[I 2023-11-29 23:07:09,934] Trial 62 finished with value: 0.4374412000179291 and parameters: {'gradient_clip_val': 0.39596113643417624, 'hidden_size': 65, 'dropout': 0.26965356915402955, 'hidden_continuous_size': 15, 'attention_head_size': 4, 'learning_rate': 0.07321897508807905}. Best is trial 36 with value: 0.255473256111145.
LOCAL_RANK: 0 - CUDA_VISIBLE_DEVICES: [0]
[I 2023-11-29 23:07:23,198] Trial 63 finished with value: 0.38280990719795227 and parameters: {'gradient_clip_val': 0.34343955906585155, 'hidden_size': 74, 'dropout': 0.33427186020415695, 'hidden_continuous_size': 12, 'attention_head_size': 4, 'learning_rate': 0.05873424598266809}. Best is trial 36 with value: 0.255473256111145.
LOCAL_RANK: 0 - CUDA_VISIBLE_DEVICES: [0]
[I 2023-11-29 23:07:36,540] Trial 64 finished with value: 0.45503106713294983 and parameters: {'gradient_clip_val': 0.28346900445296436, 'hidden_size': 80, 'dropout': 0.30639659068384045, 'hidden_continuous_size': 14, 'attention_head_size': 4, 'learning_rate': 0.0843455601200673}. Best is trial 36 with value: 0.255473256111145.
LOCAL_RANK: 0 - CUDA_VISIBLE_DEVICES: [0]
[I 2023-11-29 23:07:49,520] Trial 65 finished with value: 0.45390307903289795 and parameters: {'gradient_clip_val': 0.30867514633579596, 'hidden_size': 55, 'dropout': 0.29664949855664796, 'hidden_continuous_size': 17, 'attention_head_size': 4, 'learning_rate': 0.04766237237547875}. Best is trial 36 with value: 0.255473256111145.
LOCAL_RANK: 0 - CUDA_VISIBLE_DEVICES: [0]
[I 2023-11-29 23:08:02,677] Trial 66 finished with value: 0.6422762274742126 and parameters: {'gradient_clip_val': 0.3738558205004653, 'hidden_size': 63, 'dropout': 0.3240732050163048, 'hidden_continuous_size': 15, 'attention_head_size': 4, 'learning_rate': 0.06212172559319487}. Best is trial 36 with value: 0.255473256111145.
LOCAL_RANK: 0 - CUDA_VISIBLE_DEVICES: [0]
[I 2023-11-29 23:08:16,401] Trial 67 finished with value: 0.5361652374267578 and parameters: {'gradient_clip_val': 0.42605741799327984, 'hidden_size': 69, 'dropout': 0.2845305107131218, 'hidden_continuous_size': 21, 'attention_head_size': 4, 'learning_rate': 0.03861596449889191}. Best is trial 36 with value: 0.255473256111145.
LOCAL_RANK: 0 - CUDA_VISIBLE_DEVICES: [0]
[I 2023-11-29 23:08:29,341] Trial 68 finished with value: 0.3940798044204712 and parameters: {'gradient_clip_val': 0.46969350616736144, 'hidden_size': 56, 'dropout': 0.3111215509663634, 'hidden_continuous_size': 16, 'attention_head_size': 4, 'learning_rate': 0.07274404116288115}. Best is trial 36 with value: 0.255473256111145.
LOCAL_RANK: 0 - CUDA_VISIBLE_DEVICES: [0]
[I 2023-11-29 23:08:42,365] Trial 69 finished with value: 0.3305388391017914 and parameters: {'gradient_clip_val': 0.5394136243994738, 'hidden_size': 61, 'dropout': 0.2923672112596998, 'hidden_continuous_size': 18, 'attention_head_size': 2, 'learning_rate': 0.05339459618219809}. Best is trial 36 with value: 0.255473256111145.
LOCAL_RANK: 0 - CUDA_VISIBLE_DEVICES: [0]
[I 2023-11-29 23:08:55,349] Trial 70 finished with value: 0.47764313220977783 and parameters: {'gradient_clip_val': 0.3818089983231363, 'hidden_size': 50, 'dropout': 0.34212981113823715, 'hidden_continuous_size': 17, 'attention_head_size': 3, 'learning_rate': 0.04588884928080831}. Best is trial 36 with value: 0.255473256111145.
LOCAL_RANK: 0 - CUDA_VISIBLE_DEVICES: [0]
[I 2023-11-29 23:09:08,715] Trial 71 finished with value: 0.3784225881099701 and parameters: {'gradient_clip_val': 0.3446079567000206, 'hidden_size': 65, 'dropout': 0.3070673546872889, 'hidden_continuous_size': 18, 'attention_head_size': 4, 'learning_rate': 0.055483704844418}. Best is trial 36 with value: 0.255473256111145.
LOCAL_RANK: 0 - CUDA_VISIBLE_DEVICES: [0]
[I 2023-11-29 23:09:22,197] Trial 72 finished with value: 0.49958619475364685 and parameters: {'gradient_clip_val': 0.3440761519488115, 'hidden_size': 85, 'dropout': 0.31888052114514387, 'hidden_continuous_size': 13, 'attention_head_size': 4, 'learning_rate': 0.08752842497653442}. Best is trial 36 with value: 0.255473256111145.
LOCAL_RANK: 0 - CUDA_VISIBLE_DEVICES: [0]
[I 2023-11-29 23:09:35,539] Trial 73 finished with value: 0.3393130600452423 and parameters: {'gradient_clip_val': 0.4131508071712478, 'hidden_size': 71, 'dropout': 0.32888058201352166, 'hidden_continuous_size': 14, 'attention_head_size': 4, 'learning_rate': 0.04988691883361865}. Best is trial 36 with value: 0.255473256111145.
LOCAL_RANK: 0 - CUDA_VISIBLE_DEVICES: [0]
[I 2023-11-29 23:09:49,045] Trial 74 finished with value: 0.6041269898414612 and parameters: {'gradient_clip_val': 0.2992767306509504, 'hidden_size': 78, 'dropout': 0.31233554770924427, 'hidden_continuous_size': 19, 'attention_head_size': 4, 'learning_rate': 0.0678647123120146}. Best is trial 36 with value: 0.255473256111145.
LOCAL_RANK: 0 - CUDA_VISIBLE_DEVICES: [0]
[I 2023-11-29 23:10:02,234] Trial 75 finished with value: 0.3075621426105499 and parameters: {'gradient_clip_val': 0.36817576955354747, 'hidden_size': 58, 'dropout': 0.2977080282303554, 'hidden_continuous_size': 17, 'attention_head_size': 4, 'learning_rate': 0.0651758984430078}. Best is trial 36 with value: 0.255473256111145.
LOCAL_RANK: 0 - CUDA_VISIBLE_DEVICES: [0]
[I 2023-11-29 23:10:15,278] Trial 76 finished with value: 0.2595024108886719 and parameters: {'gradient_clip_val': 0.4452830843816879, 'hidden_size': 46, 'dropout': 0.2893158928635102, 'hidden_continuous_size': 16, 'attention_head_size': 4, 'learning_rate': 0.07651570377377905}. Best is trial 36 with value: 0.255473256111145.
LOCAL_RANK: 0 - CUDA_VISIBLE_DEVICES: [0]
[I 2023-11-29 23:10:28,246] Trial 77 finished with value: 0.4208308458328247 and parameters: {'gradient_clip_val': 0.45763627255967154, 'hidden_size': 45, 'dropout': 0.2790378100511251, 'hidden_continuous_size': 16, 'attention_head_size': 4, 'learning_rate': 0.0640038129275453}. Best is trial 36 with value: 0.255473256111145.
LOCAL_RANK: 0 - CUDA_VISIBLE_DEVICES: [0]
[I 2023-11-29 23:10:41,159] Trial 78 finished with value: 0.6912150979042053 and parameters: {'gradient_clip_val': 0.42086154469052645, 'hidden_size': 42, 'dropout': 0.2899164500296, 'hidden_continuous_size': 17, 'attention_head_size': 4, 'learning_rate': 0.08615922995595442}. Best is trial 36 with value: 0.255473256111145.
LOCAL_RANK: 0 - CUDA_VISIBLE_DEVICES: [0]
[I 2023-11-29 23:10:53,935] Trial 79 finished with value: 0.3293139636516571 and parameters: {'gradient_clip_val': 0.38261514854037065, 'hidden_size': 39, 'dropout': 0.2746079563480598, 'hidden_continuous_size': 17, 'attention_head_size': 4, 'learning_rate': 0.09957370541900513}. Best is trial 36 with value: 0.255473256111145.
LOCAL_RANK: 0 - CUDA_VISIBLE_DEVICES: [0]
[I 2023-11-29 23:11:06,915] Trial 80 finished with value: 0.3244166076183319 and parameters: {'gradient_clip_val': 0.4961435120686231, 'hidden_size': 54, 'dropout': 0.2636047221972987, 'hidden_continuous_size': 15, 'attention_head_size': 2, 'learning_rate': 0.06278058999537921}. Best is trial 36 with value: 0.255473256111145.
LOCAL_RANK: 0 - CUDA_VISIBLE_DEVICES: [0]
[I 2023-11-29 23:11:20,095] Trial 81 finished with value: 0.2761615812778473 and parameters: {'gradient_clip_val': 0.3682056052961601, 'hidden_size': 58, 'dropout': 0.29838878642174055, 'hidden_continuous_size': 15, 'attention_head_size': 4, 'learning_rate': 0.07218451359362857}. Best is trial 36 with value: 0.255473256111145.
LOCAL_RANK: 0 - CUDA_VISIBLE_DEVICES: [0]
[I 2023-11-29 23:11:33,258] Trial 82 finished with value: 0.5458512902259827 and parameters: {'gradient_clip_val': 0.445326992504689, 'hidden_size': 59, 'dropout': 0.3002493646053867, 'hidden_continuous_size': 16, 'attention_head_size': 4, 'learning_rate': 0.07439460110233283}. Best is trial 36 with value: 0.255473256111145.
LOCAL_RANK: 0 - CUDA_VISIBLE_DEVICES: [0]
[I 2023-11-29 23:11:46,200] Trial 83 finished with value: 0.6025457978248596 and parameters: {'gradient_clip_val': 0.3915155501669953, 'hidden_size': 47, 'dropout': 0.2897579251299488, 'hidden_continuous_size': 16, 'attention_head_size': 4, 'learning_rate': 0.055220226501650184}. Best is trial 36 with value: 0.255473256111145.
LOCAL_RANK: 0 - CUDA_VISIBLE_DEVICES: [0]
[I 2023-11-29 23:11:59,242] Trial 84 finished with value: 0.4427662789821625 and parameters: {'gradient_clip_val': 0.3320644272863371, 'hidden_size': 51, 'dropout': 0.2965692219758384, 'hidden_continuous_size': 15, 'attention_head_size': 4, 'learning_rate': 0.07840313062058432}. Best is trial 36 with value: 0.255473256111145.
LOCAL_RANK: 0 - CUDA_VISIBLE_DEVICES: [0]
[I 2023-11-29 23:12:12,354] Trial 85 finished with value: 0.3783179819583893 and parameters: {'gradient_clip_val': 0.41151707113340164, 'hidden_size': 57, 'dropout': 0.32210562966290274, 'hidden_continuous_size': 18, 'attention_head_size': 4, 'learning_rate': 0.08704568407745736}. Best is trial 36 with value: 0.255473256111145.
LOCAL_RANK: 0 - CUDA_VISIBLE_DEVICES: [0]
[I 2023-11-29 23:12:25,319] Trial 86 finished with value: 0.4524710178375244 and parameters: {'gradient_clip_val': 0.3161304334764205, 'hidden_size': 48, 'dropout': 0.2814532049492092, 'hidden_continuous_size': 17, 'attention_head_size': 4, 'learning_rate': 0.04584141661089}. Best is trial 36 with value: 0.255473256111145.
LOCAL_RANK: 0 - CUDA_VISIBLE_DEVICES: [0]
[I 2023-11-29 23:12:38,118] Trial 87 finished with value: 0.411867618560791 and parameters: {'gradient_clip_val': 0.3573073049544733, 'hidden_size': 37, 'dropout': 0.3013378349276073, 'hidden_continuous_size': 18, 'attention_head_size': 4, 'learning_rate': 0.06561216170218864}. Best is trial 36 with value: 0.255473256111145.
LOCAL_RANK: 0 - CUDA_VISIBLE_DEVICES: [0]
[I 2023-11-29 23:12:51,226] Trial 88 finished with value: 0.6733919978141785 and parameters: {'gradient_clip_val': 0.4444781544742611, 'hidden_size': 53, 'dropout': 0.27188258639309615, 'hidden_continuous_size': 20, 'attention_head_size': 4, 'learning_rate': 0.03895830036580227}. Best is trial 36 with value: 0.255473256111145.
LOCAL_RANK: 0 - CUDA_VISIBLE_DEVICES: [0]
[I 2023-11-29 23:13:03,984] Trial 89 finished with value: 0.5140345096588135 and parameters: {'gradient_clip_val': 0.3743375417128686, 'hidden_size': 44, 'dropout': 0.31498161919743384, 'hidden_continuous_size': 19, 'attention_head_size': 4, 'learning_rate': 0.06015959525542342}. Best is trial 36 with value: 0.255473256111145.
LOCAL_RANK: 0 - CUDA_VISIBLE_DEVICES: [0]
[I 2023-11-29 23:13:16,740] Trial 90 finished with value: 0.5024496912956238 and parameters: {'gradient_clip_val': 0.4760786305440166, 'hidden_size': 59, 'dropout': 0.28805238365933367, 'hidden_continuous_size': 15, 'attention_head_size': 1, 'learning_rate': 0.09053293177824871}. Best is trial 36 with value: 0.255473256111145.
LOCAL_RANK: 0 - CUDA_VISIBLE_DEVICES: [0]
[I 2023-11-29 23:13:30,065] Trial 91 finished with value: 0.4140561521053314 and parameters: {'gradient_clip_val': 0.35922516177695074, 'hidden_size': 63, 'dropout': 0.3050947420266642, 'hidden_continuous_size': 14, 'attention_head_size': 4, 'learning_rate': 0.07076169181297849}. Best is trial 36 with value: 0.255473256111145.
LOCAL_RANK: 0 - CUDA_VISIBLE_DEVICES: [0]
[I 2023-11-29 23:13:43,233] Trial 92 finished with value: 0.21034209430217743 and parameters: {'gradient_clip_val': 0.3964088408164493, 'hidden_size': 68, 'dropout': 0.29445407878372015, 'hidden_continuous_size': 13, 'attention_head_size': 4, 'learning_rate': 0.07779951854447893}. Best is trial 92 with value: 0.21034209430217743.
LOCAL_RANK: 0 - CUDA_VISIBLE_DEVICES: [0]
[I 2023-11-29 23:13:56,440] Trial 93 finished with value: 0.35256949067115784 and parameters: {'gradient_clip_val': 0.3961351663894424, 'hidden_size': 69, 'dropout': 0.29336055625878665, 'hidden_continuous_size': 13, 'attention_head_size': 4, 'learning_rate': 0.05059857001317868}. Best is trial 92 with value: 0.21034209430217743.
LOCAL_RANK: 0 - CUDA_VISIBLE_DEVICES: [0]
[I 2023-11-29 23:14:09,439] Trial 94 finished with value: 0.6388803720474243 and parameters: {'gradient_clip_val': 0.42921956000712136, 'hidden_size': 50, 'dropout': 0.3312092013360855, 'hidden_continuous_size': 16, 'attention_head_size': 4, 'learning_rate': 0.07513392968941597}. Best is trial 92 with value: 0.21034209430217743.
LOCAL_RANK: 0 - CUDA_VISIBLE_DEVICES: [0]
[I 2023-11-29 23:14:22,493] Trial 95 finished with value: 0.46305713057518005 and parameters: {'gradient_clip_val': 0.32176400848883724, 'hidden_size': 57, 'dropout': 0.28452639499753596, 'hidden_continuous_size': 12, 'attention_head_size': 4, 'learning_rate': 0.0792940851855113}. Best is trial 92 with value: 0.21034209430217743.
LOCAL_RANK: 0 - CUDA_VISIBLE_DEVICES: [0]
[I 2023-11-29 23:14:35,577] Trial 96 finished with value: 0.33300068974494934 and parameters: {'gradient_clip_val': 0.38620041290271395, 'hidden_size': 46, 'dropout': 0.31154396297305886, 'hidden_continuous_size': 17, 'attention_head_size': 4, 'learning_rate': 0.05735583085203792}. Best is trial 92 with value: 0.21034209430217743.
LOCAL_RANK: 0 - CUDA_VISIBLE_DEVICES: [0]
[I 2023-11-29 23:14:48,489] Trial 97 finished with value: 0.3683363199234009 and parameters: {'gradient_clip_val': 0.4141671414678871, 'hidden_size': 42, 'dropout': 0.29842923520441733, 'hidden_continuous_size': 15, 'attention_head_size': 4, 'learning_rate': 0.09050648853648899}. Best is trial 92 with value: 0.21034209430217743.
LOCAL_RANK: 0 - CUDA_VISIBLE_DEVICES: [0]
[I 2023-11-29 23:15:01,665] Trial 98 finished with value: 0.5792818665504456 and parameters: {'gradient_clip_val': 0.3350899404217058, 'hidden_size': 67, 'dropout': 0.3253560043047814, 'hidden_continuous_size': 14, 'attention_head_size': 4, 'learning_rate': 0.06469891581075489}. Best is trial 92 with value: 0.21034209430217743.
LOCAL_RANK: 0 - CUDA_VISIBLE_DEVICES: [0]
[I 2023-11-29 23:15:14,661] Trial 99 finished with value: 0.837312638759613 and parameters: {'gradient_clip_val': 0.49466315673829836, 'hidden_size': 53, 'dropout': 0.27565786555860855, 'hidden_continuous_size': 16, 'attention_head_size': 4, 'learning_rate': 0.04392405976855208}. Best is trial 92 with value: 0.21034209430217743.
LOCAL_RANK: 0 - CUDA_VISIBLE_DEVICES: [0]
[I 2023-11-29 23:15:28,069] Trial 100 finished with value: 0.595379650592804 and parameters: {'gradient_clip_val': 0.45376496319627807, 'hidden_size': 59, 'dropout': 0.3187884991923784, 'hidden_continuous_size': 19, 'attention_head_size': 4, 'learning_rate': 0.07999237458866074}. Best is trial 92 with value: 0.21034209430217743.
LOCAL_RANK: 0 - CUDA_VISIBLE_DEVICES: [0]
[I 2023-11-29 23:15:41,399] Trial 101 finished with value: 0.6730272173881531 and parameters: {'gradient_clip_val': 0.3662153518664951, 'hidden_size': 74, 'dropout': 0.3042459731109575, 'hidden_continuous_size': 13, 'attention_head_size': 4, 'learning_rate': 0.06979450360631392}. Best is trial 92 with value: 0.21034209430217743.
LOCAL_RANK: 0 - CUDA_VISIBLE_DEVICES: [0]
[I 2023-11-29 23:15:54,430] Trial 102 finished with value: 0.23896633088588715 and parameters: {'gradient_clip_val': 0.37107484060159246, 'hidden_size': 62, 'dropout': 0.2929287248043172, 'hidden_continuous_size': 14, 'attention_head_size': 4, 'learning_rate': 0.05660916635570946}. Best is trial 92 with value: 0.21034209430217743.
LOCAL_RANK: 0 - CUDA_VISIBLE_DEVICES: [0]
[I 2023-11-29 23:16:07,357] Trial 103 finished with value: 0.2637074291706085 and parameters: {'gradient_clip_val': 0.40402337128963534, 'hidden_size': 62, 'dropout': 0.2825936163083093, 'hidden_continuous_size': 15, 'attention_head_size': 4, 'learning_rate': 0.05729410443321221}. Best is trial 92 with value: 0.21034209430217743.
LOCAL_RANK: 0 - CUDA_VISIBLE_DEVICES: [0]
[I 2023-11-29 23:16:20,557] Trial 104 finished with value: 0.49690642952919006 and parameters: {'gradient_clip_val': 0.3959231288197084, 'hidden_size': 61, 'dropout': 0.2862562399821181, 'hidden_continuous_size': 15, 'attention_head_size': 4, 'learning_rate': 0.054133887712280296}. Best is trial 92 with value: 0.21034209430217743.
LOCAL_RANK: 0 - CUDA_VISIBLE_DEVICES: [0]
[I 2023-11-29 23:16:33,854] Trial 105 finished with value: 0.28610745072364807 and parameters: {'gradient_clip_val': 0.4015689528791812, 'hidden_size': 66, 'dropout': 0.2806437980841839, 'hidden_continuous_size': 13, 'attention_head_size': 4, 'learning_rate': 0.049124524676998856}. Best is trial 92 with value: 0.21034209430217743.
LOCAL_RANK: 0 - CUDA_VISIBLE_DEVICES: [0]
[I 2023-11-29 23:16:46,876] Trial 106 finished with value: 0.5289211273193359 and parameters: {'gradient_clip_val': 0.42922116837094804, 'hidden_size': 55, 'dropout': 0.268487985183323, 'hidden_continuous_size': 13, 'attention_head_size': 4, 'learning_rate': 0.046751949752238536}. Best is trial 92 with value: 0.21034209430217743.
LOCAL_RANK: 0 - CUDA_VISIBLE_DEVICES: [0]
[I 2023-11-29 23:16:59,812] Trial 107 finished with value: 0.2690891623497009 and parameters: {'gradient_clip_val': 0.4683340319821038, 'hidden_size': 50, 'dropout': 0.2797384188609053, 'hidden_continuous_size': 14, 'attention_head_size': 4, 'learning_rate': 0.049764899038777545}. Best is trial 92 with value: 0.21034209430217743.
LOCAL_RANK: 0 - CUDA_VISIBLE_DEVICES: [0]
[I 2023-11-29 23:17:12,810] Trial 108 finished with value: 0.6372471451759338 and parameters: {'gradient_clip_val': 0.4712760197682861, 'hidden_size': 49, 'dropout': 0.2793252374144898, 'hidden_continuous_size': 14, 'attention_head_size': 4, 'learning_rate': 0.04981913313917409}. Best is trial 92 with value: 0.21034209430217743.
LOCAL_RANK: 0 - CUDA_VISIBLE_DEVICES: [0]
[I 2023-11-29 23:17:25,912] Trial 109 finished with value: 0.29131782054901123 and parameters: {'gradient_clip_val': 0.5204548900451486, 'hidden_size': 63, 'dropout': 0.2920961209197568, 'hidden_continuous_size': 12, 'attention_head_size': 4, 'learning_rate': 0.060575673866707105}. Best is trial 92 with value: 0.21034209430217743.
LOCAL_RANK: 0 - CUDA_VISIBLE_DEVICES: [0]
[I 2023-11-29 23:17:39,126] Trial 110 finished with value: 0.36124786734580994 and parameters: {'gradient_clip_val': 0.5239270428934948, 'hidden_size': 63, 'dropout': 0.2636830983754374, 'hidden_continuous_size': 11, 'attention_head_size': 4, 'learning_rate': 0.04030881877847778}. Best is trial 92 with value: 0.21034209430217743.
LOCAL_RANK: 0 - CUDA_VISIBLE_DEVICES: [0]
[I 2023-11-29 23:17:52,042] Trial 111 finished with value: 0.22794896364212036 and parameters: {'gradient_clip_val': 0.5036291657824644, 'hidden_size': 51, 'dropout': 0.29358235042364716, 'hidden_continuous_size': 12, 'attention_head_size': 4, 'learning_rate': 0.060120611394031825}. Best is trial 92 with value: 0.21034209430217743.
LOCAL_RANK: 0 - CUDA_VISIBLE_DEVICES: [0]
[I 2023-11-29 23:18:04,915] Trial 112 finished with value: 0.47370481491088867 and parameters: {'gradient_clip_val': 0.5541350420226212, 'hidden_size': 51, 'dropout': 0.29287276406106977, 'hidden_continuous_size': 12, 'attention_head_size': 4, 'learning_rate': 0.05947525605351178}. Best is trial 92 with value: 0.21034209430217743.
LOCAL_RANK: 0 - CUDA_VISIBLE_DEVICES: [0]
[I 2023-11-29 23:18:17,844] Trial 113 finished with value: 0.22050166130065918 and parameters: {'gradient_clip_val': 0.5048383984701139, 'hidden_size': 55, 'dropout': 0.2829354370809286, 'hidden_continuous_size': 11, 'attention_head_size': 4, 'learning_rate': 0.05411279646146682}. Best is trial 92 with value: 0.21034209430217743.
LOCAL_RANK: 0 - CUDA_VISIBLE_DEVICES: [0]
[I 2023-11-29 23:18:30,662] Trial 114 finished with value: 0.4213034212589264 and parameters: {'gradient_clip_val': 0.4968230666561939, 'hidden_size': 55, 'dropout': 0.2816796894652062, 'hidden_continuous_size': 10, 'attention_head_size': 4, 'learning_rate': 0.04217484782986513}. Best is trial 92 with value: 0.21034209430217743.
LOCAL_RANK: 0 - CUDA_VISIBLE_DEVICES: [0]
