[I 2023-11-30 15:13:43,085] Trial 68 finished with value: 4.749932765960693 and parameters: {'gradient_clip_val': 0.2875230597572065, 'hidden_size': 76, 'dropout': 0.225307446342532, 'hidden_continuous_size': 68, 'attention_head_size': 2, 'learning_rate': 0.01798705966148133}. Best is trial 40 with value: 3.816023826599121.
LOCAL_RANK: 0 - CUDA_VISIBLE_DEVICES: [0]
[I 2023-11-30 15:13:56,678] Trial 69 finished with value: 5.325515270233154 and parameters: {'gradient_clip_val': 0.24804818811102256, 'hidden_size': 66, 'dropout': 0.1877940175810564, 'hidden_continuous_size': 60, 'attention_head_size': 1, 'learning_rate': 0.012755055736321933}. Best is trial 40 with value: 3.816023826599121.
LOCAL_RANK: 0 - CUDA_VISIBLE_DEVICES: [0]
[I 2023-11-30 15:14:10,836] Trial 70 finished with value: 3.8957579135894775 and parameters: {'gradient_clip_val': 0.21999805836729833, 'hidden_size': 108, 'dropout': 0.23765855964994098, 'hidden_continuous_size': 93, 'attention_head_size': 1, 'learning_rate': 0.021577230471593697}. Best is trial 40 with value: 3.816023826599121.
LOCAL_RANK: 0 - CUDA_VISIBLE_DEVICES: [0]
[I 2023-11-30 15:14:25,149] Trial 71 finished with value: 4.8362932205200195 and parameters: {'gradient_clip_val': 0.21944018108542604, 'hidden_size': 106, 'dropout': 0.23671004317666555, 'hidden_continuous_size': 95, 'attention_head_size': 1, 'learning_rate': 0.02803337553730237}. Best is trial 40 with value: 3.816023826599121.
LOCAL_RANK: 0 - CUDA_VISIBLE_DEVICES: [0]
[I 2023-11-30 15:14:39,528] Trial 72 finished with value: 4.440948963165283 and parameters: {'gradient_clip_val': 0.19557385375009795, 'hidden_size': 129, 'dropout': 0.21301836547544659, 'hidden_continuous_size': 113, 'attention_head_size': 1, 'learning_rate': 0.0220826525162162}. Best is trial 40 with value: 3.816023826599121.
LOCAL_RANK: 0 - CUDA_VISIBLE_DEVICES: [0]
[I 2023-11-30 15:14:54,002] Trial 73 finished with value: 4.413155555725098 and parameters: {'gradient_clip_val': 0.32302190137340775, 'hidden_size': 94, 'dropout': 0.2462648718633089, 'hidden_continuous_size': 86, 'attention_head_size': 1, 'learning_rate': 0.01989693932668311}. Best is trial 40 with value: 3.816023826599121.
LOCAL_RANK: 0 - CUDA_VISIBLE_DEVICES: [0]
[I 2023-11-30 15:15:10,369] Trial 74 finished with value: 4.138557434082031 and parameters: {'gradient_clip_val': 0.22889173918601305, 'hidden_size': 113, 'dropout': 0.22618948828424276, 'hidden_continuous_size': 100, 'attention_head_size': 1, 'learning_rate': 0.01628719378145689}. Best is trial 40 with value: 3.816023826599121.
LOCAL_RANK: 0 - CUDA_VISIBLE_DEVICES: [0]
[I 2023-11-30 15:15:25,741] Trial 75 finished with value: 5.159546375274658 and parameters: {'gradient_clip_val': 0.2627717808073191, 'hidden_size': 83, 'dropout': 0.2643912723350167, 'hidden_continuous_size': 74, 'attention_head_size': 2, 'learning_rate': 0.025681309678506157}. Best is trial 40 with value: 3.816023826599121.
LOCAL_RANK: 0 - CUDA_VISIBLE_DEVICES: [0]
[I 2023-11-30 15:15:42,683] Trial 76 finished with value: 5.085296630859375 and parameters: {'gradient_clip_val': 0.17255397778708048, 'hidden_size': 150, 'dropout': 0.23693961044928497, 'hidden_continuous_size': 134, 'attention_head_size': 1, 'learning_rate': 0.021764314079439896}. Best is trial 40 with value: 3.816023826599121.
LOCAL_RANK: 0 - CUDA_VISIBLE_DEVICES: [0]
[I 2023-11-30 15:15:59,126] Trial 77 finished with value: 4.511759281158447 and parameters: {'gradient_clip_val': 0.2054250352716691, 'hidden_size': 123, 'dropout': 0.2526064925450755, 'hidden_continuous_size': 110, 'attention_head_size': 3, 'learning_rate': 0.010196523767544995}. Best is trial 40 with value: 3.816023826599121.
LOCAL_RANK: 0 - CUDA_VISIBLE_DEVICES: [0]
[I 2023-11-30 15:16:14,955] Trial 78 finished with value: 5.962522029876709 and parameters: {'gradient_clip_val': 0.1878493561761853, 'hidden_size': 105, 'dropout': 0.21000701767740404, 'hidden_continuous_size': 97, 'attention_head_size': 2, 'learning_rate': 0.018188589224232558}. Best is trial 40 with value: 3.816023826599121.
LOCAL_RANK: 0 - CUDA_VISIBLE_DEVICES: [0]
[I 2023-11-30 15:16:31,114] Trial 79 finished with value: 4.241389751434326 and parameters: {'gradient_clip_val': 0.2808095818076011, 'hidden_size': 136, 'dropout': 0.1969094395729078, 'hidden_continuous_size': 119, 'attention_head_size': 1, 'learning_rate': 0.015153411044768616}. Best is trial 40 with value: 3.816023826599121.
LOCAL_RANK: 0 - CUDA_VISIBLE_DEVICES: [0]
[I 2023-11-30 15:16:47,374] Trial 80 finished with value: 4.724920749664307 and parameters: {'gradient_clip_val': 0.23615902186947388, 'hidden_size': 95, 'dropout': 0.2175811825223179, 'hidden_continuous_size': 89, 'attention_head_size': 3, 'learning_rate': 0.007906293924548956}. Best is trial 40 with value: 3.816023826599121.
LOCAL_RANK: 0 - CUDA_VISIBLE_DEVICES: [0]
[I 2023-11-30 15:17:03,482] Trial 81 finished with value: 4.625599384307861 and parameters: {'gradient_clip_val': 0.2969517520332231, 'hidden_size': 70, 'dropout': 0.1803521570945316, 'hidden_continuous_size': 67, 'attention_head_size': 2, 'learning_rate': 0.017761508673762673}. Best is trial 40 with value: 3.816023826599121.
LOCAL_RANK: 0 - CUDA_VISIBLE_DEVICES: [0]
[I 2023-11-30 15:17:19,237] Trial 82 finished with value: 4.1186652183532715 and parameters: {'gradient_clip_val': 0.34144336664575603, 'hidden_size': 75, 'dropout': 0.20287741606775025, 'hidden_continuous_size': 71, 'attention_head_size': 2, 'learning_rate': 0.029795870103221666}. Best is trial 40 with value: 3.816023826599121.
LOCAL_RANK: 0 - CUDA_VISIBLE_DEVICES: [0]
[I 2023-11-30 15:17:34,306] Trial 83 finished with value: 4.523481845855713 and parameters: {'gradient_clip_val': 0.3081613336319187, 'hidden_size': 55, 'dropout': 0.1856120409299957, 'hidden_continuous_size': 53, 'attention_head_size': 2, 'learning_rate': 0.018693629825340778}. Best is trial 40 with value: 3.816023826599121.
LOCAL_RANK: 0 - CUDA_VISIBLE_DEVICES: [0]
[I 2023-11-30 15:17:49,580] Trial 84 finished with value: 4.687944412231445 and parameters: {'gradient_clip_val': 0.21808674833705316, 'hidden_size': 65, 'dropout': 0.16602163288213045, 'hidden_continuous_size': 63, 'attention_head_size': 2, 'learning_rate': 0.02695477390804752}. Best is trial 40 with value: 3.816023826599121.
LOCAL_RANK: 0 - CUDA_VISIBLE_DEVICES: [0]
[I 2023-11-30 15:18:05,562] Trial 85 finished with value: 4.524873733520508 and parameters: {'gradient_clip_val': 0.2539651436712218, 'hidden_size': 124, 'dropout': 0.18960154044734398, 'hidden_continuous_size': 106, 'attention_head_size': 2, 'learning_rate': 0.023520799683196276}. Best is trial 40 with value: 3.816023826599121.
LOCAL_RANK: 0 - CUDA_VISIBLE_DEVICES: [0]
[I 2023-11-30 15:18:21,979] Trial 86 finished with value: 4.481289386749268 and parameters: {'gradient_clip_val': 0.20100721782028977, 'hidden_size': 113, 'dropout': 0.2243523815790663, 'hidden_continuous_size': 102, 'attention_head_size': 3, 'learning_rate': 0.012313267272516049}. Best is trial 40 with value: 3.816023826599121.
LOCAL_RANK: 0 - CUDA_VISIBLE_DEVICES: [0]
[I 2023-11-30 15:18:37,534] Trial 87 finished with value: 5.474489212036133 and parameters: {'gradient_clip_val': 0.3703512257443548, 'hidden_size': 86, 'dropout': 0.2417966963449814, 'hidden_continuous_size': 81, 'attention_head_size': 2, 'learning_rate': 0.014099436727745565}. Best is trial 40 with value: 3.816023826599121.
LOCAL_RANK: 0 - CUDA_VISIBLE_DEVICES: [0]
[I 2023-11-30 15:18:53,800] Trial 88 finished with value: 3.971008539199829 and parameters: {'gradient_clip_val': 0.2810605242155483, 'hidden_size': 143, 'dropout': 0.23072140533334903, 'hidden_continuous_size': 132, 'attention_head_size': 1, 'learning_rate': 0.02020021035053621}. Best is trial 40 with value: 3.816023826599121.
LOCAL_RANK: 0 - CUDA_VISIBLE_DEVICES: [0]
[I 2023-11-30 15:19:09,861] Trial 89 finished with value: 4.392980098724365 and parameters: {'gradient_clip_val': 0.2427752752014182, 'hidden_size': 138, 'dropout': 0.23121947687815786, 'hidden_continuous_size': 121, 'attention_head_size': 1, 'learning_rate': 0.03427774583625824}. Best is trial 40 with value: 3.816023826599121.
LOCAL_RANK: 0 - CUDA_VISIBLE_DEVICES: [0]
[I 2023-11-30 15:19:26,041] Trial 90 finished with value: 5.220211505889893 and parameters: {'gradient_clip_val': 0.18989848319916067, 'hidden_size': 144, 'dropout': 0.2464607322431862, 'hidden_continuous_size': 117, 'attention_head_size': 1, 'learning_rate': 0.020706227009502483}. Best is trial 40 with value: 3.816023826599121.
LOCAL_RANK: 0 - CUDA_VISIBLE_DEVICES: [0]
[I 2023-11-30 15:19:42,138] Trial 91 finished with value: 4.296866416931152 and parameters: {'gradient_clip_val': 0.2792010948985924, 'hidden_size': 128, 'dropout': 0.21069087411993365, 'hidden_continuous_size': 112, 'attention_head_size': 1, 'learning_rate': 0.016020737510911546}. Best is trial 40 with value: 3.816023826599121.
LOCAL_RANK: 0 - CUDA_VISIBLE_DEVICES: [0]
[I 2023-11-30 15:19:58,281] Trial 92 finished with value: 4.240819454193115 and parameters: {'gradient_clip_val': 0.3319100679932615, 'hidden_size': 102, 'dropout': 0.22377174936634592, 'hidden_continuous_size': 93, 'attention_head_size': 1, 'learning_rate': 0.02041378642635816}. Best is trial 40 with value: 3.816023826599121.
LOCAL_RANK: 0 - CUDA_VISIBLE_DEVICES: [0]
[I 2023-11-30 15:20:14,275] Trial 93 finished with value: 4.694228649139404 and parameters: {'gradient_clip_val': 0.3108231375557988, 'hidden_size': 119, 'dropout': 0.23241568397468954, 'hidden_continuous_size': 101, 'attention_head_size': 1, 'learning_rate': 0.025022717876666538}. Best is trial 40 with value: 3.816023826599121.
LOCAL_RANK: 0 - CUDA_VISIBLE_DEVICES: [0]
[I 2023-11-30 15:20:30,872] Trial 94 finished with value: 4.24618673324585 and parameters: {'gradient_clip_val': 0.2922273459563179, 'hidden_size': 113, 'dropout': 0.21828889205242422, 'hidden_continuous_size': 105, 'attention_head_size': 1, 'learning_rate': 0.02853317086062603}. Best is trial 40 with value: 3.816023826599121.
LOCAL_RANK: 0 - CUDA_VISIBLE_DEVICES: [0]
[I 2023-11-30 15:20:47,232] Trial 95 finished with value: 4.3132004737854 and parameters: {'gradient_clip_val': 0.2717452921888851, 'hidden_size': 140, 'dropout': 0.25117703888450343, 'hidden_continuous_size': 130, 'attention_head_size': 3, 'learning_rate': 0.011062619765626848}. Best is trial 40 with value: 3.816023826599121.
LOCAL_RANK: 0 - CUDA_VISIBLE_DEVICES: [0]
[I 2023-11-30 15:21:03,245] Trial 96 finished with value: 4.612483024597168 and parameters: {'gradient_clip_val': 0.2203585485035606, 'hidden_size': 73, 'dropout': 0.2016119924852904, 'hidden_continuous_size': 70, 'attention_head_size': 2, 'learning_rate': 0.013279954166131775}. Best is trial 40 with value: 3.816023826599121.
LOCAL_RANK: 0 - CUDA_VISIBLE_DEVICES: [0]
[I 2023-11-30 15:21:19,891] Trial 97 finished with value: 4.104629993438721 and parameters: {'gradient_clip_val': 0.31852068865356176, 'hidden_size': 131, 'dropout': 0.2596964641828454, 'hidden_continuous_size': 121, 'attention_head_size': 1, 'learning_rate': 0.01783680905904044}. Best is trial 40 with value: 3.816023826599121.
LOCAL_RANK: 0 - CUDA_VISIBLE_DEVICES: [0]
[I 2023-11-30 15:21:35,785] Trial 98 finished with value: 5.1546807289123535 and parameters: {'gradient_clip_val': 0.25690956592559516, 'hidden_size': 79, 'dropout': 0.19573770092934378, 'hidden_continuous_size': 76, 'attention_head_size': 3, 'learning_rate': 0.02246714317980317}. Best is trial 40 with value: 3.816023826599121.
LOCAL_RANK: 0 - CUDA_VISIBLE_DEVICES: [0]
[I 2023-11-30 15:21:51,820] Trial 99 finished with value: 5.449420928955078 and parameters: {'gradient_clip_val': 0.21002059965332845, 'hidden_size': 92, 'dropout': 0.24044191552558755, 'hidden_continuous_size': 86, 'attention_head_size': 2, 'learning_rate': 0.014500246252472546}. Best is trial 40 with value: 3.816023826599121.
LOCAL_RANK: 0 - CUDA_VISIBLE_DEVICES: [0]
[I 2023-11-30 15:22:06,807] Trial 100 finished with value: 4.303945064544678 and parameters: {'gradient_clip_val': 0.23070495728716192, 'hidden_size': 147, 'dropout': 0.21033511497172863, 'hidden_continuous_size': 139, 'attention_head_size': 1, 'learning_rate': 0.032665036691222005}. Best is trial 40 with value: 3.816023826599121.
LOCAL_RANK: 0 - CUDA_VISIBLE_DEVICES: [0]
[I 2023-11-30 15:22:21,287] Trial 101 finished with value: 4.190365314483643 and parameters: {'gradient_clip_val': 0.29346489290949623, 'hidden_size': 128, 'dropout': 0.2698278047504329, 'hidden_continuous_size': 119, 'attention_head_size': 1, 'learning_rate': 0.01760483888728064}. Best is trial 40 with value: 3.816023826599121.
LOCAL_RANK: 0 - CUDA_VISIBLE_DEVICES: [0]
[I 2023-11-30 15:22:35,560] Trial 102 finished with value: 4.195034503936768 and parameters: {'gradient_clip_val': 0.34467233918515267, 'hidden_size': 121, 'dropout': 0.25634966755532157, 'hidden_continuous_size': 110, 'attention_head_size': 1, 'learning_rate': 0.015890090101821658}. Best is trial 40 with value: 3.816023826599121.
LOCAL_RANK: 0 - CUDA_VISIBLE_DEVICES: [0]
[I 2023-11-30 15:22:49,948] Trial 103 finished with value: 4.917108058929443 and parameters: {'gradient_clip_val': 0.3234700630360362, 'hidden_size': 132, 'dropout': 0.2648411291322784, 'hidden_continuous_size': 125, 'attention_head_size': 1, 'learning_rate': 0.019287278546060493}. Best is trial 40 with value: 3.816023826599121.
LOCAL_RANK: 0 - CUDA_VISIBLE_DEVICES: [0]
[I 2023-11-30 15:23:04,181] Trial 104 finished with value: 4.623548984527588 and parameters: {'gradient_clip_val': 0.2664475138777241, 'hidden_size': 109, 'dropout': 0.23272768564219387, 'hidden_continuous_size': 101, 'attention_head_size': 1, 'learning_rate': 0.02496472399628841}. Best is trial 40 with value: 3.816023826599121.
LOCAL_RANK: 0 - CUDA_VISIBLE_DEVICES: [0]
[I 2023-11-30 15:23:18,919] Trial 105 finished with value: 5.877295970916748 and parameters: {'gradient_clip_val': 0.3111076574159273, 'hidden_size': 142, 'dropout': 0.2594411644895858, 'hidden_continuous_size': 138, 'attention_head_size': 1, 'learning_rate': 0.02186486674800559}. Best is trial 40 with value: 3.816023826599121.
LOCAL_RANK: 0 - CUDA_VISIBLE_DEVICES: [0]
[I 2023-11-30 15:23:34,237] Trial 106 finished with value: 4.227417945861816 and parameters: {'gradient_clip_val': 0.36895146158183306, 'hidden_size': 116, 'dropout': 0.27534957673066046, 'hidden_continuous_size': 107, 'attention_head_size': 1, 'learning_rate': 0.01740310449039649}. Best is trial 40 with value: 3.816023826599121.
LOCAL_RANK: 0 - CUDA_VISIBLE_DEVICES: [0]
[I 2023-11-30 15:23:50,090] Trial 107 finished with value: 4.373088359832764 and parameters: {'gradient_clip_val': 0.2847234284642703, 'hidden_size': 103, 'dropout': 0.2503280595140211, 'hidden_continuous_size': 97, 'attention_head_size': 2, 'learning_rate': 0.01938759979203776}. Best is trial 40 with value: 3.816023826599121.
LOCAL_RANK: 0 - CUDA_VISIBLE_DEVICES: [0]
[I 2023-11-30 15:24:06,426] Trial 108 finished with value: 4.17539119720459 and parameters: {'gradient_clip_val': 0.18187191859077156, 'hidden_size': 150, 'dropout': 0.22830934971367928, 'hidden_continuous_size': 148, 'attention_head_size': 4, 'learning_rate': 0.008828205797003268}. Best is trial 40 with value: 3.816023826599121.
LOCAL_RANK: 0 - CUDA_VISIBLE_DEVICES: [0]
[I 2023-11-30 15:24:22,143] Trial 109 finished with value: 4.630399227142334 and parameters: {'gradient_clip_val': 0.24932687677399973, 'hidden_size': 110, 'dropout': 0.21888338055461612, 'hidden_continuous_size': 105, 'attention_head_size': 3, 'learning_rate': 0.012631392775410855}. Best is trial 40 with value: 3.816023826599121.
LOCAL_RANK: 0 - CUDA_VISIBLE_DEVICES: [0]
[I 2023-11-30 15:24:37,639] Trial 110 finished with value: 4.366947650909424 and parameters: {'gradient_clip_val': 0.1999404423502828, 'hidden_size': 132, 'dropout': 0.2419112565607402, 'hidden_continuous_size': 123, 'attention_head_size': 1, 'learning_rate': 0.0108268470204385}. Best is trial 40 with value: 3.816023826599121.
LOCAL_RANK: 0 - CUDA_VISIBLE_DEVICES: [0]
[I 2023-11-30 15:24:53,239] Trial 111 finished with value: 4.044964790344238 and parameters: {'gradient_clip_val': 0.3354672815169435, 'hidden_size': 96, 'dropout': 0.2057993111022638, 'hidden_continuous_size': 92, 'attention_head_size': 2, 'learning_rate': 0.02989195454704815}. Best is trial 40 with value: 3.816023826599121.
LOCAL_RANK: 0 - CUDA_VISIBLE_DEVICES: [0]
[I 2023-11-30 15:25:08,809] Trial 112 finished with value: 5.928160190582275 and parameters: {'gradient_clip_val': 0.3337636298715339, 'hidden_size': 124, 'dropout': 0.2065382881589625, 'hidden_continuous_size': 115, 'attention_head_size': 2, 'learning_rate': 0.030299549239644622}. Best is trial 40 with value: 3.816023826599121.
LOCAL_RANK: 0 - CUDA_VISIBLE_DEVICES: [0]
[I 2023-11-30 15:25:24,436] Trial 113 finished with value: 4.580838680267334 and parameters: {'gradient_clip_val': 0.34991910459960335, 'hidden_size': 97, 'dropout': 0.19145471247114032, 'hidden_continuous_size': 92, 'attention_head_size': 2, 'learning_rate': 0.026451948013412666}. Best is trial 40 with value: 3.816023826599121.
LOCAL_RANK: 0 - CUDA_VISIBLE_DEVICES: [0]
[I 2023-11-30 15:25:39,500] Trial 114 finished with value: 5.438009738922119 and parameters: {'gradient_clip_val': 0.3212240991136424, 'hidden_size': 82, 'dropout': 0.21540880489090458, 'hidden_continuous_size': 80, 'attention_head_size': 2, 'learning_rate': 0.022832697165675462}. Best is trial 40 with value: 3.816023826599121.
LOCAL_RANK: 0 - CUDA_VISIBLE_DEVICES: [0]
[I 2023-11-30 15:25:55,117] Trial 115 finished with value: 5.059835433959961 and parameters: {'gradient_clip_val': 0.3870765417914384, 'hidden_size': 92, 'dropout': 0.2353254472626147, 'hidden_continuous_size': 88, 'attention_head_size': 2, 'learning_rate': 0.03924217592809449}. Best is trial 40 with value: 3.816023826599121.
LOCAL_RANK: 0 - CUDA_VISIBLE_DEVICES: [0]
[I 2023-11-30 15:26:10,777] Trial 116 finished with value: 4.673379898071289 and parameters: {'gradient_clip_val': 0.17059094139099726, 'hidden_size': 87, 'dropout': 0.2207444862623067, 'hidden_continuous_size': 82, 'attention_head_size': 2, 'learning_rate': 0.020560502063937374}. Best is trial 40 with value: 3.816023826599121.
LOCAL_RANK: 0 - CUDA_VISIBLE_DEVICES: [0]
[I 2023-11-30 15:26:26,079] Trial 117 finished with value: 5.528144836425781 and parameters: {'gradient_clip_val': 0.30274356089833987, 'hidden_size': 105, 'dropout': 0.19936270949449936, 'hidden_continuous_size': 98, 'attention_head_size': 2, 'learning_rate': 0.015552886476041142}. Best is trial 40 with value: 3.816023826599121.
LOCAL_RANK: 0 - CUDA_VISIBLE_DEVICES: [0]
[I 2023-11-30 15:26:41,110] Trial 118 finished with value: 5.020117282867432 and parameters: {'gradient_clip_val': 0.24130849027909748, 'hidden_size': 99, 'dropout': 0.18442213877493002, 'hidden_continuous_size': 95, 'attention_head_size': 1, 'learning_rate': 0.027918739740005916}. Best is trial 40 with value: 3.816023826599121.
LOCAL_RANK: 0 - CUDA_VISIBLE_DEVICES: [0]
[I 2023-11-30 15:26:57,280] Trial 119 finished with value: 4.073113441467285 and parameters: {'gradient_clip_val': 0.2790786225533661, 'hidden_size': 134, 'dropout': 0.26060385263919045, 'hidden_continuous_size': 125, 'attention_head_size': 3, 'learning_rate': 0.017099997818125687}. Best is trial 40 with value: 3.816023826599121.
LOCAL_RANK: 0 - CUDA_VISIBLE_DEVICES: [0]
[I 2023-11-30 15:27:12,930] Trial 120 finished with value: 4.313354969024658 and parameters: {'gradient_clip_val': 0.27044208977143114, 'hidden_size': 118, 'dropout': 0.22625039011457662, 'hidden_continuous_size': 112, 'attention_head_size': 3, 'learning_rate': 0.02381056726495772}. Best is trial 40 with value: 3.816023826599121.
LOCAL_RANK: 0 - CUDA_VISIBLE_DEVICES: [0]
[I 2023-11-30 15:27:28,631] Trial 121 finished with value: 5.117564678192139 and parameters: {'gradient_clip_val': 0.28981477081396184, 'hidden_size': 132, 'dropout': 0.26059611791741955, 'hidden_continuous_size': 126, 'attention_head_size': 3, 'learning_rate': 0.018832219099938246}. Best is trial 40 with value: 3.816023826599121.
LOCAL_RANK: 0 - CUDA_VISIBLE_DEVICES: [0]
[I 2023-11-30 15:27:44,495] Trial 122 finished with value: 4.521799564361572 and parameters: {'gradient_clip_val': 0.3201453560856658, 'hidden_size': 126, 'dropout': 0.24881044794195065, 'hidden_continuous_size': 119, 'attention_head_size': 3, 'learning_rate': 0.016544815492424394}. Best is trial 40 with value: 3.816023826599121.
LOCAL_RANK: 0 - CUDA_VISIBLE_DEVICES: [0]
[I 2023-11-30 15:28:00,841] Trial 123 finished with value: 5.142160415649414 and parameters: {'gradient_clip_val': 0.26173471239879237, 'hidden_size': 142, 'dropout': 0.28066843708975014, 'hidden_continuous_size': 130, 'attention_head_size': 3, 'learning_rate': 0.01776729274663379}. Best is trial 40 with value: 3.816023826599121.
LOCAL_RANK: 0 - CUDA_VISIBLE_DEVICES: [0]
[I 2023-11-30 15:28:16,582] Trial 124 finished with value: 4.205887317657471 and parameters: {'gradient_clip_val': 0.3031088163791392, 'hidden_size': 135, 'dropout': 0.2683368513398967, 'hidden_continuous_size': 128, 'attention_head_size': 3, 'learning_rate': 0.014516071553018747}. Best is trial 40 with value: 3.816023826599121.
LOCAL_RANK: 0 - CUDA_VISIBLE_DEVICES: [0]
[I 2023-11-30 15:28:32,155] Trial 125 finished with value: 5.23354434967041 and parameters: {'gradient_clip_val': 0.27933174375778297, 'hidden_size': 119, 'dropout': 0.23993448571482834, 'hidden_continuous_size': 109, 'attention_head_size': 2, 'learning_rate': 0.02118162317547155}. Best is trial 40 with value: 3.816023826599121.
LOCAL_RANK: 0 - CUDA_VISIBLE_DEVICES: [0]
[I 2023-11-30 15:28:47,755] Trial 126 finished with value: 5.289848804473877 and parameters: {'gradient_clip_val': 0.2271021600791797, 'hidden_size': 111, 'dropout': 0.2520560288752342, 'hidden_continuous_size': 106, 'attention_head_size': 3, 'learning_rate': 0.019526355334859143}. Best is trial 40 with value: 3.816023826599121.
LOCAL_RANK: 0 - CUDA_VISIBLE_DEVICES: [0]
