[I 2023-11-30 12:20:37,132] Trial 61 finished with value: 17.278762817382812 and parameters: {'gradient_clip_val': 0.17403820922582494, 'hidden_size': 89, 'dropout': 0.3086098105407609, 'hidden_continuous_size': 31, 'attention_head_size': 2, 'learning_rate': 0.006664073739759415}. Best is trial 59 with value: 16.175378799438477.
LOCAL_RANK: 0 - CUDA_VISIBLE_DEVICES: [0]
[I 2023-11-30 12:20:50,623] Trial 62 finished with value: 17.26380157470703 and parameters: {'gradient_clip_val': 0.16831996450946204, 'hidden_size': 87, 'dropout': 0.3139714962396822, 'hidden_continuous_size': 31, 'attention_head_size': 2, 'learning_rate': 0.007379453671356438}. Best is trial 59 with value: 16.175378799438477.
LOCAL_RANK: 0 - CUDA_VISIBLE_DEVICES: [0]
[I 2023-11-30 12:21:04,602] Trial 63 finished with value: 18.934030532836914 and parameters: {'gradient_clip_val': 0.24341184802549243, 'hidden_size': 125, 'dropout': 0.3052360345538915, 'hidden_continuous_size': 37, 'attention_head_size': 2, 'learning_rate': 0.0060531504832499975}. Best is trial 59 with value: 16.175378799438477.
LOCAL_RANK: 0 - CUDA_VISIBLE_DEVICES: [0]
[I 2023-11-30 12:21:17,957] Trial 64 finished with value: 19.172344207763672 and parameters: {'gradient_clip_val': 0.17206090557623607, 'hidden_size': 92, 'dropout': 0.3064700841494434, 'hidden_continuous_size': 31, 'attention_head_size': 3, 'learning_rate': 0.005045833362331949}. Best is trial 59 with value: 16.175378799438477.
LOCAL_RANK: 0 - CUDA_VISIBLE_DEVICES: [0]
[I 2023-11-30 12:21:31,630] Trial 65 finished with value: 21.681325912475586 and parameters: {'gradient_clip_val': 0.1728253360799715, 'hidden_size': 88, 'dropout': 0.27982625079901186, 'hidden_continuous_size': 33, 'attention_head_size': 2, 'learning_rate': 0.0073043217724957895}. Best is trial 59 with value: 16.175378799438477.
LOCAL_RANK: 0 - CUDA_VISIBLE_DEVICES: [0]
[I 2023-11-30 12:21:45,323] Trial 66 finished with value: 15.871932029724121 and parameters: {'gradient_clip_val': 0.2186871832706307, 'hidden_size': 101, 'dropout': 0.33071720844000274, 'hidden_continuous_size': 27, 'attention_head_size': 2, 'learning_rate': 0.0083395366157141}. Best is trial 66 with value: 15.871932029724121.
LOCAL_RANK: 0 - CUDA_VISIBLE_DEVICES: [0]
[I 2023-11-30 12:21:58,934] Trial 67 finished with value: 17.253557205200195 and parameters: {'gradient_clip_val': 0.21413983744394285, 'hidden_size': 100, 'dropout': 0.3313131453536126, 'hidden_continuous_size': 26, 'attention_head_size': 2, 'learning_rate': 0.0067609929168569475}. Best is trial 66 with value: 15.871932029724121.
LOCAL_RANK: 0 - CUDA_VISIBLE_DEVICES: [0]
[I 2023-11-30 12:22:12,627] Trial 68 finished with value: 18.762449264526367 and parameters: {'gradient_clip_val': 0.21942106202408157, 'hidden_size': 106, 'dropout': 0.3322268165551573, 'hidden_continuous_size': 28, 'attention_head_size': 2, 'learning_rate': 0.005960906998619097}. Best is trial 66 with value: 15.871932029724121.
LOCAL_RANK: 0 - CUDA_VISIBLE_DEVICES: [0]
[I 2023-11-30 12:22:26,552] Trial 69 finished with value: 17.044029235839844 and parameters: {'gradient_clip_val': 0.19950534057735841, 'hidden_size': 121, 'dropout': 0.29962071331347795, 'hidden_continuous_size': 27, 'attention_head_size': 3, 'learning_rate': 0.006947098100521206}. Best is trial 66 with value: 15.871932029724121.
LOCAL_RANK: 0 - CUDA_VISIBLE_DEVICES: [0]
[I 2023-11-30 12:22:40,841] Trial 70 finished with value: 20.970083236694336 and parameters: {'gradient_clip_val': 0.19981586630887732, 'hidden_size': 133, 'dropout': 0.29955518279369586, 'hidden_continuous_size': 25, 'attention_head_size': 3, 'learning_rate': 0.005416432031254818}. Best is trial 66 with value: 15.871932029724121.
LOCAL_RANK: 0 - CUDA_VISIBLE_DEVICES: [0]
[I 2023-11-30 12:22:54,805] Trial 71 finished with value: 20.22505760192871 and parameters: {'gradient_clip_val': 0.22782161527695932, 'hidden_size': 115, 'dropout': 0.2873392659392539, 'hidden_continuous_size': 27, 'attention_head_size': 3, 'learning_rate': 0.006994260054182552}. Best is trial 66 with value: 15.871932029724121.
LOCAL_RANK: 0 - CUDA_VISIBLE_DEVICES: [0]
[I 2023-11-30 12:23:09,098] Trial 72 finished with value: 19.174036026000977 and parameters: {'gradient_clip_val': 0.24819327675581518, 'hidden_size': 146, 'dropout': 0.30578490756042553, 'hidden_continuous_size': 30, 'attention_head_size': 2, 'learning_rate': 0.008232753731485855}. Best is trial 66 with value: 15.871932029724121.
LOCAL_RANK: 0 - CUDA_VISIBLE_DEVICES: [0]
[I 2023-11-30 12:23:22,992] Trial 73 finished with value: 20.814481735229492 and parameters: {'gradient_clip_val': 0.2008619911249839, 'hidden_size': 99, 'dropout': 0.31230636942293116, 'hidden_continuous_size': 35, 'attention_head_size': 3, 'learning_rate': 0.006365078783578139}. Best is trial 66 with value: 15.871932029724121.
LOCAL_RANK: 0 - CUDA_VISIBLE_DEVICES: [0]
[I 2023-11-30 12:23:37,165] Trial 74 finished with value: 18.748207092285156 and parameters: {'gradient_clip_val': 0.21796367881605896, 'hidden_size': 127, 'dropout': 0.3304159964482075, 'hidden_continuous_size': 26, 'attention_head_size': 4, 'learning_rate': 0.004415548017254151}. Best is trial 66 with value: 15.871932029724121.
LOCAL_RANK: 0 - CUDA_VISIBLE_DEVICES: [0]
[I 2023-11-30 12:23:51,061] Trial 75 finished with value: 23.504165649414062 and parameters: {'gradient_clip_val': 0.2573533093959672, 'hidden_size': 108, 'dropout': 0.34149636557680035, 'hidden_continuous_size': 28, 'attention_head_size': 2, 'learning_rate': 0.010087787003110813}. Best is trial 66 with value: 15.871932029724121.
LOCAL_RANK: 0 - CUDA_VISIBLE_DEVICES: [0]
[I 2023-11-30 12:24:04,734] Trial 76 finished with value: 17.064537048339844 and parameters: {'gradient_clip_val': 0.23316267892732462, 'hidden_size': 99, 'dropout': 0.3290134811405945, 'hidden_continuous_size': 32, 'attention_head_size': 3, 'learning_rate': 0.005149220309716242}. Best is trial 66 with value: 15.871932029724121.
LOCAL_RANK: 0 - CUDA_VISIBLE_DEVICES: [0]
[I 2023-11-30 12:24:18,307] Trial 77 finished with value: 16.970388412475586 and parameters: {'gradient_clip_val': 0.28786408767441923, 'hidden_size': 100, 'dropout': 0.32881740999186987, 'hidden_continuous_size': 24, 'attention_head_size': 3, 'learning_rate': 0.0037443482977654228}. Best is trial 66 with value: 15.871932029724121.
LOCAL_RANK: 0 - CUDA_VISIBLE_DEVICES: [0]
[I 2023-11-30 12:24:32,215] Trial 78 finished with value: 19.729902267456055 and parameters: {'gradient_clip_val': 0.29213007895814047, 'hidden_size': 118, 'dropout': 0.32800815055006505, 'hidden_continuous_size': 24, 'attention_head_size': 3, 'learning_rate': 0.0036584904300508547}. Best is trial 66 with value: 15.871932029724121.
LOCAL_RANK: 0 - CUDA_VISIBLE_DEVICES: [0]
[I 2023-11-30 12:24:45,897] Trial 79 finished with value: 18.864980697631836 and parameters: {'gradient_clip_val': 0.23164948819396391, 'hidden_size': 97, 'dropout': 0.3402777919630085, 'hidden_continuous_size': 24, 'attention_head_size': 3, 'learning_rate': 0.004910253447080659}. Best is trial 66 with value: 15.871932029724121.
LOCAL_RANK: 0 - CUDA_VISIBLE_DEVICES: [0]
[I 2023-11-30 12:24:59,577] Trial 80 finished with value: 20.980119705200195 and parameters: {'gradient_clip_val': 0.2905101929091873, 'hidden_size': 78, 'dropout': 0.3568264971372642, 'hidden_continuous_size': 26, 'attention_head_size': 3, 'learning_rate': 0.00565138366202811}. Best is trial 66 with value: 15.871932029724121.
LOCAL_RANK: 0 - CUDA_VISIBLE_DEVICES: [0]
[I 2023-11-30 12:25:13,297] Trial 81 finished with value: 19.384628295898438 and parameters: {'gradient_clip_val': 0.2562110422313108, 'hidden_size': 108, 'dropout': 0.3337477843942246, 'hidden_continuous_size': 29, 'attention_head_size': 3, 'learning_rate': 0.008058996609735282}. Best is trial 66 with value: 15.871932029724121.
LOCAL_RANK: 0 - CUDA_VISIBLE_DEVICES: [0]
[I 2023-11-30 12:25:27,163] Trial 82 finished with value: 17.175981521606445 and parameters: {'gradient_clip_val': 0.2274562874080321, 'hidden_size': 95, 'dropout': 0.3157566358588706, 'hidden_continuous_size': 33, 'attention_head_size': 3, 'learning_rate': 0.004485651138343473}. Best is trial 66 with value: 15.871932029724121.
LOCAL_RANK: 0 - CUDA_VISIBLE_DEVICES: [0]
[I 2023-11-30 12:25:41,030] Trial 83 finished with value: 15.772921562194824 and parameters: {'gradient_clip_val': 0.23783270592152128, 'hidden_size': 98, 'dropout': 0.3217166755901929, 'hidden_continuous_size': 33, 'attention_head_size': 3, 'learning_rate': 0.004554149376394857}. Best is trial 83 with value: 15.772921562194824.
LOCAL_RANK: 0 - CUDA_VISIBLE_DEVICES: [0]
[I 2023-11-30 12:25:54,788] Trial 84 finished with value: 30.718515396118164 and parameters: {'gradient_clip_val': 0.23178158024778478, 'hidden_size': 97, 'dropout': 0.32386017329948036, 'hidden_continuous_size': 33, 'attention_head_size': 3, 'learning_rate': 0.0036145989636946125}. Best is trial 83 with value: 15.772921562194824.
LOCAL_RANK: 0 - CUDA_VISIBLE_DEVICES: [0]
[I 2023-11-30 12:26:08,901] Trial 85 finished with value: 15.703330993652344 and parameters: {'gradient_clip_val': 0.24264089268547576, 'hidden_size': 118, 'dropout': 0.3180745306149159, 'hidden_continuous_size': 39, 'attention_head_size': 3, 'learning_rate': 0.0046264482822182115}. Best is trial 85 with value: 15.703330993652344.
LOCAL_RANK: 0 - CUDA_VISIBLE_DEVICES: [0]
[I 2023-11-30 12:26:23,173] Trial 86 finished with value: 16.875701904296875 and parameters: {'gradient_clip_val': 0.32472255272872974, 'hidden_size': 139, 'dropout': 0.3437166370358139, 'hidden_continuous_size': 38, 'attention_head_size': 3, 'learning_rate': 0.002920637359964989}. Best is trial 85 with value: 15.703330993652344.
LOCAL_RANK: 0 - CUDA_VISIBLE_DEVICES: [0]
[I 2023-11-30 12:26:37,509] Trial 87 finished with value: 16.347686767578125 and parameters: {'gradient_clip_val': 0.31374473084587473, 'hidden_size': 137, 'dropout': 0.34402622606965416, 'hidden_continuous_size': 35, 'attention_head_size': 3, 'learning_rate': 0.0028619662858355923}. Best is trial 85 with value: 15.703330993652344.
LOCAL_RANK: 0 - CUDA_VISIBLE_DEVICES: [0]
[I 2023-11-30 12:26:51,849] Trial 88 finished with value: 17.098674774169922 and parameters: {'gradient_clip_val': 0.31642445215220066, 'hidden_size': 149, 'dropout': 0.34518495130007626, 'hidden_continuous_size': 37, 'attention_head_size': 3, 'learning_rate': 0.0026356539498306013}. Best is trial 85 with value: 15.703330993652344.
LOCAL_RANK: 0 - CUDA_VISIBLE_DEVICES: [0]
[I 2023-11-30 12:27:06,223] Trial 89 finished with value: 18.26839256286621 and parameters: {'gradient_clip_val': 0.3469940191859066, 'hidden_size': 141, 'dropout': 0.353995203801637, 'hidden_continuous_size': 49, 'attention_head_size': 4, 'learning_rate': 0.002474853290305149}. Best is trial 85 with value: 15.703330993652344.
LOCAL_RANK: 0 - CUDA_VISIBLE_DEVICES: [0]
[I 2023-11-30 12:27:20,628] Trial 90 finished with value: 18.98320770263672 and parameters: {'gradient_clip_val': 0.33632869187160286, 'hidden_size': 135, 'dropout': 0.3718629722134993, 'hidden_continuous_size': 39, 'attention_head_size': 3, 'learning_rate': 0.003951455217100745}. Best is trial 85 with value: 15.703330993652344.
LOCAL_RANK: 0 - CUDA_VISIBLE_DEVICES: [0]
[I 2023-11-30 12:27:34,789] Trial 91 finished with value: 20.183635711669922 and parameters: {'gradient_clip_val': 0.2789664818620671, 'hidden_size': 123, 'dropout': 0.34294937769848843, 'hidden_continuous_size': 44, 'attention_head_size': 3, 'learning_rate': 0.003127990402328612}. Best is trial 85 with value: 15.703330993652344.
LOCAL_RANK: 0 - CUDA_VISIBLE_DEVICES: [0]
[I 2023-11-30 12:27:48,833] Trial 92 finished with value: 15.517170906066895 and parameters: {'gradient_clip_val': 0.26286752755531045, 'hidden_size': 119, 'dropout': 0.36367511123315055, 'hidden_continuous_size': 35, 'attention_head_size': 3, 'learning_rate': 0.003877930411034842}. Best is trial 92 with value: 15.517170906066895.
LOCAL_RANK: 0 - CUDA_VISIBLE_DEVICES: [0]
[I 2023-11-30 12:28:02,942] Trial 93 finished with value: 18.61256217956543 and parameters: {'gradient_clip_val': 0.2999298740282157, 'hidden_size': 135, 'dropout': 0.3637678521200279, 'hidden_continuous_size': 36, 'attention_head_size': 3, 'learning_rate': 0.0033871201707038985}. Best is trial 92 with value: 15.517170906066895.
LOCAL_RANK: 0 - CUDA_VISIBLE_DEVICES: [0]
[I 2023-11-30 12:28:17,192] Trial 94 finished with value: 19.36023712158203 and parameters: {'gradient_clip_val': 0.2619343751351057, 'hidden_size': 113, 'dropout': 0.3581288605221015, 'hidden_continuous_size': 35, 'attention_head_size': 3, 'learning_rate': 0.00395810671943473}. Best is trial 92 with value: 15.517170906066895.
LOCAL_RANK: 0 - CUDA_VISIBLE_DEVICES: [0]
[I 2023-11-30 12:28:31,177] Trial 95 finished with value: 19.8769588470459 and parameters: {'gradient_clip_val': 0.2727047987232473, 'hidden_size': 128, 'dropout': 0.35188849583227705, 'hidden_continuous_size': 39, 'attention_head_size': 3, 'learning_rate': 0.003028023289147523}. Best is trial 92 with value: 15.517170906066895.
LOCAL_RANK: 0 - CUDA_VISIBLE_DEVICES: [0]
[I 2023-11-30 12:28:45,323] Trial 96 finished with value: 21.668325424194336 and parameters: {'gradient_clip_val': 0.24390368019833888, 'hidden_size': 140, 'dropout': 0.3357507343008129, 'hidden_continuous_size': 47, 'attention_head_size': 3, 'learning_rate': 0.002096627358234066}. Best is trial 92 with value: 15.517170906066895.
LOCAL_RANK: 0 - CUDA_VISIBLE_DEVICES: [0]
[I 2023-11-30 12:28:59,372] Trial 97 finished with value: 17.620939254760742 and parameters: {'gradient_clip_val': 0.37580472952732685, 'hidden_size': 116, 'dropout': 0.3672202337192519, 'hidden_continuous_size': 34, 'attention_head_size': 3, 'learning_rate': 0.004642704824813396}. Best is trial 92 with value: 15.517170906066895.
LOCAL_RANK: 0 - CUDA_VISIBLE_DEVICES: [0]
[I 2023-11-30 12:29:13,565] Trial 98 finished with value: 20.268022537231445 and parameters: {'gradient_clip_val': 0.30794727747418743, 'hidden_size': 130, 'dropout': 0.3434366390571682, 'hidden_continuous_size': 37, 'attention_head_size': 4, 'learning_rate': 0.004452318089634773}. Best is trial 92 with value: 15.517170906066895.
LOCAL_RANK: 0 - CUDA_VISIBLE_DEVICES: [0]
[I 2023-11-30 12:29:28,123] Trial 99 finished with value: 19.86665916442871 and parameters: {'gradient_clip_val': 0.28600935370537467, 'hidden_size': 150, 'dropout': 0.37498689266428376, 'hidden_continuous_size': 43, 'attention_head_size': 3, 'learning_rate': 0.003963733720189429}. Best is trial 92 with value: 15.517170906066895.
LOCAL_RANK: 0 - CUDA_VISIBLE_DEVICES: [0]
[I 2023-11-30 12:29:42,194] Trial 100 finished with value: 18.806194305419922 and parameters: {'gradient_clip_val': 0.2692235504265963, 'hidden_size': 121, 'dropout': 0.3482909725894785, 'hidden_continuous_size': 41, 'attention_head_size': 3, 'learning_rate': 0.0034575105088584346}. Best is trial 92 with value: 15.517170906066895.
LOCAL_RANK: 0 - CUDA_VISIBLE_DEVICES: [0]
[I 2023-11-30 12:29:56,071] Trial 101 finished with value: 17.30486297607422 and parameters: {'gradient_clip_val': 0.2503581580917387, 'hidden_size': 121, 'dropout': 0.3228491344830666, 'hidden_continuous_size': 29, 'attention_head_size': 3, 'learning_rate': 0.005140670692347008}. Best is trial 92 with value: 15.517170906066895.
LOCAL_RANK: 0 - CUDA_VISIBLE_DEVICES: [0]
[I 2023-11-30 12:30:09,921] Trial 102 finished with value: 15.48291015625 and parameters: {'gradient_clip_val': 0.20420306442687128, 'hidden_size': 104, 'dropout': 0.317175036938132, 'hidden_continuous_size': 38, 'attention_head_size': 3, 'learning_rate': 0.005664701376661501}. Best is trial 102 with value: 15.48291015625.
LOCAL_RANK: 0 - CUDA_VISIBLE_DEVICES: [0]
[I 2023-11-30 12:30:23,878] Trial 103 finished with value: 19.47117042541504 and parameters: {'gradient_clip_val': 0.24285022240551185, 'hidden_size': 110, 'dropout': 0.31777362029262907, 'hidden_continuous_size': 38, 'attention_head_size': 3, 'learning_rate': 0.0055641472988907864}. Best is trial 102 with value: 15.48291015625.
LOCAL_RANK: 0 - CUDA_VISIBLE_DEVICES: [0]
[I 2023-11-30 12:30:37,962] Trial 104 finished with value: 20.060884475708008 and parameters: {'gradient_clip_val': 0.26312945266277527, 'hidden_size': 103, 'dropout': 0.33844798701781986, 'hidden_continuous_size': 34, 'attention_head_size': 3, 'learning_rate': 0.0043675725890395135}. Best is trial 102 with value: 15.48291015625.
LOCAL_RANK: 0 - CUDA_VISIBLE_DEVICES: [0]
[I 2023-11-30 12:30:51,660] Trial 105 finished with value: 19.00494956970215 and parameters: {'gradient_clip_val': 0.20727062148912054, 'hidden_size': 104, 'dropout': 0.3267491643050901, 'hidden_continuous_size': 39, 'attention_head_size': 3, 'learning_rate': 0.006127891011452749}. Best is trial 102 with value: 15.48291015625.
LOCAL_RANK: 0 - CUDA_VISIBLE_DEVICES: [0]
[I 2023-11-30 12:31:05,613] Trial 106 finished with value: 18.187746047973633 and parameters: {'gradient_clip_val': 0.18209110968865663, 'hidden_size': 114, 'dropout': 0.3811615470388693, 'hidden_continuous_size': 35, 'attention_head_size': 3, 'learning_rate': 0.003891549174647506}. Best is trial 102 with value: 15.48291015625.
LOCAL_RANK: 0 - CUDA_VISIBLE_DEVICES: [0]
[I 2023-11-30 12:31:19,120] Trial 107 finished with value: 18.689302444458008 and parameters: {'gradient_clip_val': 0.2832974231996888, 'hidden_size': 77, 'dropout': 0.33462813862092844, 'hidden_continuous_size': 36, 'attention_head_size': 3, 'learning_rate': 0.004699093623321367}. Best is trial 102 with value: 15.48291015625.
LOCAL_RANK: 0 - CUDA_VISIBLE_DEVICES: [0]
[I 2023-11-30 12:31:32,902] Trial 108 finished with value: 21.490968704223633 and parameters: {'gradient_clip_val': 0.2226979182893658, 'hidden_size': 92, 'dropout': 0.3553437933166999, 'hidden_continuous_size': 42, 'attention_head_size': 3, 'learning_rate': 0.0034398066018751605}. Best is trial 102 with value: 15.48291015625.
LOCAL_RANK: 0 - CUDA_VISIBLE_DEVICES: [0]
[I 2023-11-30 12:31:46,943] Trial 109 finished with value: 20.974077224731445 and parameters: {'gradient_clip_val': 0.3075560637134507, 'hidden_size': 112, 'dropout': 0.3216201654676633, 'hidden_continuous_size': 41, 'attention_head_size': 3, 'learning_rate': 0.00423329704326413}. Best is trial 102 with value: 15.48291015625.
LOCAL_RANK: 0 - CUDA_VISIBLE_DEVICES: [0]
[I 2023-11-30 12:32:00,780] Trial 110 finished with value: 17.653886795043945 and parameters: {'gradient_clip_val': 0.20682573889846131, 'hidden_size': 128, 'dropout': 0.36177144801539657, 'hidden_continuous_size': 32, 'attention_head_size': 3, 'learning_rate': 0.0028042099403095015}. Best is trial 102 with value: 15.48291015625.
LOCAL_RANK: 0 - CUDA_VISIBLE_DEVICES: [0]
[I 2023-11-30 12:32:14,594] Trial 111 finished with value: 20.50615119934082 and parameters: {'gradient_clip_val': 0.22135640244495347, 'hidden_size': 121, 'dropout': 0.3147059427903474, 'hidden_continuous_size': 29, 'attention_head_size': 3, 'learning_rate': 0.005667775019214777}. Best is trial 102 with value: 15.48291015625.
LOCAL_RANK: 0 - CUDA_VISIBLE_DEVICES: [0]
[I 2023-11-30 12:32:28,197] Trial 112 finished with value: 16.53842544555664 and parameters: {'gradient_clip_val': 0.23810904429057, 'hidden_size': 83, 'dropout': 0.3105805409261206, 'hidden_continuous_size': 30, 'attention_head_size': 3, 'learning_rate': 0.010459353278836521}. Best is trial 102 with value: 15.48291015625.
LOCAL_RANK: 0 - CUDA_VISIBLE_DEVICES: [0]
[I 2023-11-30 12:32:41,576] Trial 113 finished with value: 20.14108657836914 and parameters: {'gradient_clip_val': 0.2738367193404163, 'hidden_size': 69, 'dropout': 0.32698894655277194, 'hidden_continuous_size': 30, 'attention_head_size': 3, 'learning_rate': 0.012894950393990594}. Best is trial 102 with value: 15.48291015625.
LOCAL_RANK: 0 - CUDA_VISIBLE_DEVICES: [0]
[I 2023-11-30 12:32:55,281] Trial 114 finished with value: 19.32400131225586 and parameters: {'gradient_clip_val': 0.24135850726299257, 'hidden_size': 83, 'dropout': 0.31108095244357437, 'hidden_continuous_size': 32, 'attention_head_size': 3, 'learning_rate': 0.010364388224164734}. Best is trial 102 with value: 15.48291015625.
LOCAL_RANK: 0 - CUDA_VISIBLE_DEVICES: [0]
[I 2023-11-30 12:33:09,224] Trial 115 finished with value: 21.011510848999023 and parameters: {'gradient_clip_val': 0.18892753857913583, 'hidden_size': 101, 'dropout': 0.34839199267177184, 'hidden_continuous_size': 38, 'attention_head_size': 3, 'learning_rate': 0.013244958217870221}. Best is trial 102 with value: 15.48291015625.
LOCAL_RANK: 0 - CUDA_VISIBLE_DEVICES: [0]
[I 2023-11-30 12:33:22,633] Trial 116 finished with value: 19.183198928833008 and parameters: {'gradient_clip_val': 0.25562315807810004, 'hidden_size': 76, 'dropout': 0.33658148397335425, 'hidden_continuous_size': 34, 'attention_head_size': 3, 'learning_rate': 0.011134273407110042}. Best is trial 102 with value: 15.48291015625.
LOCAL_RANK: 0 - CUDA_VISIBLE_DEVICES: [0]
[I 2023-11-30 12:33:36,328] Trial 117 finished with value: 21.381546020507812 and parameters: {'gradient_clip_val': 0.2138009412373247, 'hidden_size': 81, 'dropout': 0.31990836914084747, 'hidden_continuous_size': 36, 'attention_head_size': 3, 'learning_rate': 0.007687920388406724}. Best is trial 102 with value: 15.48291015625.
LOCAL_RANK: 0 - CUDA_VISIBLE_DEVICES: [0]
[I 2023-11-30 12:33:49,841] Trial 118 finished with value: 22.81232261657715 and parameters: {'gradient_clip_val': 0.23758518817952112, 'hidden_size': 85, 'dropout': 0.30396180025101727, 'hidden_continuous_size': 31, 'attention_head_size': 3, 'learning_rate': 0.014415017202640365}. Best is trial 102 with value: 15.48291015625.
LOCAL_RANK: 0 - CUDA_VISIBLE_DEVICES: [0]
