[I 2023-11-30 08:40:23,378] Trial 122 finished with value: 13.926573753356934 and parameters: {'gradient_clip_val': 0.15219575851922512, 'hidden_size': 102, 'dropout': 0.2507001233826778, 'hidden_continuous_size': 94, 'attention_head_size': 2, 'learning_rate': 0.0055739217236470025}. Best is trial 12 with value: 11.737326622009277.
LOCAL_RANK: 0 - CUDA_VISIBLE_DEVICES: [0]
[I 2023-11-30 08:40:37,817] Trial 123 finished with value: 15.721386909484863 and parameters: {'gradient_clip_val': 0.14284651845360274, 'hidden_size': 126, 'dropout': 0.34151521455342815, 'hidden_continuous_size': 117, 'attention_head_size': 2, 'learning_rate': 0.008507837631195031}. Best is trial 12 with value: 11.737326622009277.
LOCAL_RANK: 0 - CUDA_VISIBLE_DEVICES: [0]
[I 2023-11-30 08:40:51,949] Trial 124 finished with value: 12.448319435119629 and parameters: {'gradient_clip_val': 0.17175359838522947, 'hidden_size': 111, 'dropout': 0.32187597413219843, 'hidden_continuous_size': 101, 'attention_head_size': 2, 'learning_rate': 0.006505628430749856}. Best is trial 12 with value: 11.737326622009277.
LOCAL_RANK: 0 - CUDA_VISIBLE_DEVICES: [0]
[I 2023-11-30 08:41:06,135] Trial 125 finished with value: 12.879473686218262 and parameters: {'gradient_clip_val': 0.17288315176643876, 'hidden_size': 93, 'dropout': 0.390315030152785, 'hidden_continuous_size': 88, 'attention_head_size': 2, 'learning_rate': 0.005128342508075536}. Best is trial 12 with value: 11.737326622009277.
LOCAL_RANK: 0 - CUDA_VISIBLE_DEVICES: [0]
[I 2023-11-30 08:41:20,404] Trial 126 finished with value: 15.670624732971191 and parameters: {'gradient_clip_val': 0.12736647636666815, 'hidden_size': 113, 'dropout': 0.3214504328916359, 'hidden_continuous_size': 107, 'attention_head_size': 2, 'learning_rate': 0.002464681425145319}. Best is trial 12 with value: 11.737326622009277.
LOCAL_RANK: 0 - CUDA_VISIBLE_DEVICES: [0]
[I 2023-11-30 08:41:34,965] Trial 127 finished with value: 12.37515926361084 and parameters: {'gradient_clip_val': 0.1355128867482118, 'hidden_size': 135, 'dropout': 0.21320058880417372, 'hidden_continuous_size': 78, 'attention_head_size': 2, 'learning_rate': 0.004365223739696551}. Best is trial 12 with value: 11.737326622009277.
LOCAL_RANK: 0 - CUDA_VISIBLE_DEVICES: [0]
[I 2023-11-30 08:41:49,443] Trial 128 finished with value: 13.797261238098145 and parameters: {'gradient_clip_val': 0.18212243747984955, 'hidden_size': 137, 'dropout': 0.20893382714282618, 'hidden_continuous_size': 74, 'attention_head_size': 2, 'learning_rate': 0.004239843619386501}. Best is trial 12 with value: 11.737326622009277.
LOCAL_RANK: 0 - CUDA_VISIBLE_DEVICES: [0]
[I 2023-11-30 08:42:04,268] Trial 129 finished with value: 12.245150566101074 and parameters: {'gradient_clip_val': 0.15856888775820666, 'hidden_size': 150, 'dropout': 0.21766068890743298, 'hidden_continuous_size': 145, 'attention_head_size': 2, 'learning_rate': 0.006077384052200014}. Best is trial 12 with value: 11.737326622009277.
LOCAL_RANK: 0 - CUDA_VISIBLE_DEVICES: [0]
[I 2023-11-30 08:42:19,031] Trial 130 finished with value: 12.501819610595703 and parameters: {'gradient_clip_val': 0.16725623284147403, 'hidden_size': 150, 'dropout': 0.2140941629062919, 'hidden_continuous_size': 143, 'attention_head_size': 2, 'learning_rate': 0.006119082588766967}. Best is trial 12 with value: 11.737326622009277.
LOCAL_RANK: 0 - CUDA_VISIBLE_DEVICES: [0]
[I 2023-11-30 08:42:33,850] Trial 131 finished with value: 13.523902893066406 and parameters: {'gradient_clip_val': 0.15919323565936952, 'hidden_size': 143, 'dropout': 0.21493050313406456, 'hidden_continuous_size': 130, 'attention_head_size': 2, 'learning_rate': 0.006101188729951932}. Best is trial 12 with value: 11.737326622009277.
LOCAL_RANK: 0 - CUDA_VISIBLE_DEVICES: [0]
[I 2023-11-30 08:42:48,722] Trial 132 finished with value: 13.141764640808105 and parameters: {'gradient_clip_val': 0.15677745194508236, 'hidden_size': 130, 'dropout': 0.2214184961598286, 'hidden_continuous_size': 122, 'attention_head_size': 2, 'learning_rate': 0.006421880356066976}. Best is trial 12 with value: 11.737326622009277.
LOCAL_RANK: 0 - CUDA_VISIBLE_DEVICES: [0]
[I 2023-11-30 08:43:03,161] Trial 133 finished with value: 11.970776557922363 and parameters: {'gradient_clip_val': 0.1675856843988392, 'hidden_size': 136, 'dropout': 0.20003080274180499, 'hidden_continuous_size': 126, 'attention_head_size': 2, 'learning_rate': 0.007565477200870486}. Best is trial 12 with value: 11.737326622009277.
LOCAL_RANK: 0 - CUDA_VISIBLE_DEVICES: [0]
[I 2023-11-30 08:43:18,009] Trial 134 finished with value: 15.579859733581543 and parameters: {'gradient_clip_val': 0.16831772698081668, 'hidden_size': 150, 'dropout': 0.20108538749210048, 'hidden_continuous_size': 141, 'attention_head_size': 2, 'learning_rate': 0.007251361641204515}. Best is trial 12 with value: 11.737326622009277.
LOCAL_RANK: 0 - CUDA_VISIBLE_DEVICES: [0]
[I 2023-11-30 08:43:32,314] Trial 135 finished with value: 12.306614875793457 and parameters: {'gradient_clip_val': 0.16340144771192647, 'hidden_size': 136, 'dropout': 0.21288795442392758, 'hidden_continuous_size': 128, 'attention_head_size': 2, 'learning_rate': 0.0056396519413148835}. Best is trial 12 with value: 11.737326622009277.
LOCAL_RANK: 0 - CUDA_VISIBLE_DEVICES: [0]
[I 2023-11-30 08:43:47,112] Trial 136 finished with value: 13.300545692443848 and parameters: {'gradient_clip_val': 0.18848743112038294, 'hidden_size': 138, 'dropout': 0.20906218633785723, 'hidden_continuous_size': 131, 'attention_head_size': 2, 'learning_rate': 0.005536790484067135}. Best is trial 12 with value: 11.737326622009277.
LOCAL_RANK: 0 - CUDA_VISIBLE_DEVICES: [0]
[I 2023-11-30 08:44:01,573] Trial 137 finished with value: 11.95819091796875 and parameters: {'gradient_clip_val': 0.17341011909109377, 'hidden_size': 128, 'dropout': 0.19263984543829238, 'hidden_continuous_size': 122, 'attention_head_size': 2, 'learning_rate': 0.00781509179444159}. Best is trial 12 with value: 11.737326622009277.
LOCAL_RANK: 0 - CUDA_VISIBLE_DEVICES: [0]
[I 2023-11-30 08:44:16,041] Trial 138 finished with value: 12.505404472351074 and parameters: {'gradient_clip_val': 0.16817944434304705, 'hidden_size': 126, 'dropout': 0.1956043360701873, 'hidden_continuous_size': 118, 'attention_head_size': 2, 'learning_rate': 0.009600841913143511}. Best is trial 12 with value: 11.737326622009277.
LOCAL_RANK: 0 - CUDA_VISIBLE_DEVICES: [0]
[I 2023-11-30 08:44:30,629] Trial 139 finished with value: 14.639778137207031 and parameters: {'gradient_clip_val': 0.17797988532894055, 'hidden_size': 144, 'dropout': 0.193132145527855, 'hidden_continuous_size': 139, 'attention_head_size': 2, 'learning_rate': 0.009440375704802858}. Best is trial 12 with value: 11.737326622009277.
LOCAL_RANK: 0 - CUDA_VISIBLE_DEVICES: [0]
[I 2023-11-30 08:44:45,036] Trial 140 finished with value: 12.941256523132324 and parameters: {'gradient_clip_val': 0.16377499514249322, 'hidden_size': 126, 'dropout': 0.19782855355206824, 'hidden_continuous_size': 117, 'attention_head_size': 2, 'learning_rate': 0.00776980458448934}. Best is trial 12 with value: 11.737326622009277.
LOCAL_RANK: 0 - CUDA_VISIBLE_DEVICES: [0]
[I 2023-11-30 08:44:59,814] Trial 141 finished with value: 14.051630973815918 and parameters: {'gradient_clip_val': 0.17373031367987332, 'hidden_size': 150, 'dropout': 0.1874657497150254, 'hidden_continuous_size': 146, 'attention_head_size': 2, 'learning_rate': 0.011208286392651468}. Best is trial 12 with value: 11.737326622009277.
LOCAL_RANK: 0 - CUDA_VISIBLE_DEVICES: [0]
[I 2023-11-30 08:45:14,594] Trial 142 finished with value: 15.229016304016113 and parameters: {'gradient_clip_val': 0.19973153886797204, 'hidden_size': 133, 'dropout': 0.20428044912341073, 'hidden_continuous_size': 127, 'attention_head_size': 2, 'learning_rate': 0.008800352726672189}. Best is trial 12 with value: 11.737326622009277.
LOCAL_RANK: 0 - CUDA_VISIBLE_DEVICES: [0]
[I 2023-11-30 08:45:28,840] Trial 143 finished with value: 13.254146575927734 and parameters: {'gradient_clip_val': 0.15337711571311843, 'hidden_size': 120, 'dropout': 0.21264221859260143, 'hidden_continuous_size': 112, 'attention_head_size': 2, 'learning_rate': 0.006069489068313473}. Best is trial 12 with value: 11.737326622009277.
LOCAL_RANK: 0 - CUDA_VISIBLE_DEVICES: [0]
[I 2023-11-30 08:45:43,578] Trial 144 finished with value: 11.376976013183594 and parameters: {'gradient_clip_val': 0.16600538283962074, 'hidden_size': 139, 'dropout': 0.19066470043123548, 'hidden_continuous_size': 132, 'attention_head_size': 2, 'learning_rate': 0.007997446628696706}. Best is trial 144 with value: 11.376976013183594.
LOCAL_RANK: 0 - CUDA_VISIBLE_DEVICES: [0]
[I 2023-11-30 08:45:58,419] Trial 145 finished with value: 14.295605659484863 and parameters: {'gradient_clip_val': 0.16837889844884776, 'hidden_size': 143, 'dropout': 0.18075410234655093, 'hidden_continuous_size': 140, 'attention_head_size': 2, 'learning_rate': 0.008048774034155277}. Best is trial 144 with value: 11.376976013183594.
LOCAL_RANK: 0 - CUDA_VISIBLE_DEVICES: [0]
[I 2023-11-30 08:46:12,984] Trial 146 finished with value: 14.581879615783691 and parameters: {'gradient_clip_val': 0.18386294364008612, 'hidden_size': 129, 'dropout': 0.1926809712623719, 'hidden_continuous_size': 121, 'attention_head_size': 2, 'learning_rate': 0.009835059927905168}. Best is trial 144 with value: 11.376976013183594.
LOCAL_RANK: 0 - CUDA_VISIBLE_DEVICES: [0]
[I 2023-11-30 08:46:27,884] Trial 147 finished with value: 13.488842964172363 and parameters: {'gradient_clip_val': 0.1578219217428642, 'hidden_size': 137, 'dropout': 0.20199465244100265, 'hidden_continuous_size': 131, 'attention_head_size': 2, 'learning_rate': 0.006635213036577421}. Best is trial 144 with value: 11.376976013183594.
LOCAL_RANK: 0 - CUDA_VISIBLE_DEVICES: [0]
[I 2023-11-30 08:46:42,187] Trial 148 finished with value: 12.033088684082031 and parameters: {'gradient_clip_val': 0.17167004522105073, 'hidden_size': 126, 'dropout': 0.17404203229195644, 'hidden_continuous_size': 119, 'attention_head_size': 2, 'learning_rate': 0.007558906167811361}. Best is trial 144 with value: 11.376976013183594.
LOCAL_RANK: 0 - CUDA_VISIBLE_DEVICES: [0]
[I 2023-11-30 08:46:56,816] Trial 149 finished with value: 15.588597297668457 and parameters: {'gradient_clip_val': 0.19620174328729895, 'hidden_size': 139, 'dropout': 0.17609883796684012, 'hidden_continuous_size': 135, 'attention_head_size': 2, 'learning_rate': 0.007531387357166476}. Best is trial 144 with value: 11.376976013183594.
[I 2023-11-30 08:46:56,929] A new study created in memory with name: no-name-ac027f50-bc7a-4935-92c1-605c3c7dfa7a
/home/le004/conda/anaconda3/envs/tsff_env/lib/python3.9/site-packages/lightning/fabric/plugins/environments/slurm.py:191: The `srun` command is available on your system but is not used. HINT: If your intention is to run Lightning on SLURM, prepend your python command with `srun` like so: srun python /home/le004/master_thesis/git/TSFusionForecast/code/ ...
LOCAL_RANK: 0 - CUDA_VISIBLE_DEVICES: [0]
[I 2023-11-30 08:47:09,890] Trial 0 finished with value: 44.52446365356445 and parameters: {'gradient_clip_val': 0.6406496010256713, 'hidden_size': 53, 'dropout': 0.1691230406664826, 'hidden_continuous_size': 15, 'attention_head_size': 3, 'learning_rate': 0.03680300975286316}. Best is trial 0 with value: 44.52446365356445.
LOCAL_RANK: 0 - CUDA_VISIBLE_DEVICES: [0]
[I 2023-11-30 08:47:23,639] Trial 1 finished with value: 39.061798095703125 and parameters: {'gradient_clip_val': 0.18650983319849557, 'hidden_size': 113, 'dropout': 0.22106965392700623, 'hidden_continuous_size': 26, 'attention_head_size': 1, 'learning_rate': 0.004659212147702695}. Best is trial 1 with value: 39.061798095703125.
LOCAL_RANK: 0 - CUDA_VISIBLE_DEVICES: [0]
[I 2023-11-30 08:47:35,609] Trial 2 finished with value: 91.17435455322266 and parameters: {'gradient_clip_val': 0.42373157403894157, 'hidden_size': 12, 'dropout': 0.38876366740019763, 'hidden_continuous_size': 11, 'attention_head_size': 2, 'learning_rate': 0.008192523363232408}. Best is trial 1 with value: 39.061798095703125.
LOCAL_RANK: 0 - CUDA_VISIBLE_DEVICES: [0]
[I 2023-11-30 08:47:47,738] Trial 3 finished with value: 57.54692459106445 and parameters: {'gradient_clip_val': 0.5009906497273601, 'hidden_size': 24, 'dropout': 0.14092104415256648, 'hidden_continuous_size': 23, 'attention_head_size': 3, 'learning_rate': 0.00658468745145881}. Best is trial 1 with value: 39.061798095703125.
LOCAL_RANK: 0 - CUDA_VISIBLE_DEVICES: [0]
[I 2023-11-30 08:47:58,028] Trial 4 finished with value: 125.07659912109375 and parameters: {'gradient_clip_val': 0.2276144802212152, 'hidden_size': 11, 'dropout': 0.2076102461248918, 'hidden_continuous_size': 11, 'attention_head_size': 3, 'learning_rate': 0.0013413707943209917}. Best is trial 1 with value: 39.061798095703125.
LOCAL_RANK: 0 - CUDA_VISIBLE_DEVICES: [0]
[I 2023-11-30 08:48:10,663] Trial 5 finished with value: 41.13642120361328 and parameters: {'gradient_clip_val': 0.3806292131297983, 'hidden_size': 33, 'dropout': 0.2134451015794614, 'hidden_continuous_size': 13, 'attention_head_size': 3, 'learning_rate': 0.027706815266994166}. Best is trial 1 with value: 39.061798095703125.
LOCAL_RANK: 0 - CUDA_VISIBLE_DEVICES: [0]
[I 2023-11-30 08:48:24,754] Trial 6 finished with value: 60.8331298828125 and parameters: {'gradient_clip_val': 0.22359744880518326, 'hidden_size': 98, 'dropout': 0.26774011349815635, 'hidden_continuous_size': 41, 'attention_head_size': 4, 'learning_rate': 0.0010502883523864593}. Best is trial 1 with value: 39.061798095703125.
LOCAL_RANK: 0 - CUDA_VISIBLE_DEVICES: [0]
[I 2023-11-30 08:48:37,777] Trial 7 finished with value: 69.10418701171875 and parameters: {'gradient_clip_val': 0.7371783908090725, 'hidden_size': 39, 'dropout': 0.3516638620937248, 'hidden_continuous_size': 27, 'attention_head_size': 4, 'learning_rate': 0.0035503026914010757}. Best is trial 1 with value: 39.061798095703125.
LOCAL_RANK: 0 - CUDA_VISIBLE_DEVICES: [0]
[I 2023-11-30 08:48:51,567] Trial 8 finished with value: 44.97896957397461 and parameters: {'gradient_clip_val': 0.9841642910240325, 'hidden_size': 136, 'dropout': 0.14686175845724264, 'hidden_continuous_size': 11, 'attention_head_size': 3, 'learning_rate': 0.0048603873184811025}. Best is trial 1 with value: 39.061798095703125.
LOCAL_RANK: 0 - CUDA_VISIBLE_DEVICES: [0]
[I 2023-11-30 08:49:05,743] Trial 9 finished with value: 44.1049690246582 and parameters: {'gradient_clip_val': 0.15306339473601102, 'hidden_size': 87, 'dropout': 0.10530995960719912, 'hidden_continuous_size': 71, 'attention_head_size': 3, 'learning_rate': 0.00547645136653768}. Best is trial 1 with value: 39.061798095703125.
LOCAL_RANK: 0 - CUDA_VISIBLE_DEVICES: [0]
[I 2023-11-30 08:49:16,554] Trial 10 finished with value: 44.771724700927734 and parameters: {'gradient_clip_val': 0.13378908454074612, 'hidden_size': 138, 'dropout': 0.2852372084477695, 'hidden_continuous_size': 138, 'attention_head_size': 1, 'learning_rate': 0.017522781486041732}. Best is trial 1 with value: 39.061798095703125.
LOCAL_RANK: 0 - CUDA_VISIBLE_DEVICES: [0]
[I 2023-11-30 08:49:29,614] Trial 11 finished with value: 42.77206802368164 and parameters: {'gradient_clip_val': 0.290421991445229, 'hidden_size': 57, 'dropout': 0.21730096623874876, 'hidden_continuous_size': 17, 'attention_head_size': 1, 'learning_rate': 0.0585476620666187}. Best is trial 1 with value: 39.061798095703125.
LOCAL_RANK: 0 - CUDA_VISIBLE_DEVICES: [0]
[I 2023-11-30 08:49:41,512] Trial 12 finished with value: 45.57963180541992 and parameters: {'gradient_clip_val': 0.3449130369076593, 'hidden_size': 24, 'dropout': 0.22646748816036077, 'hidden_continuous_size': 13, 'attention_head_size': 2, 'learning_rate': 0.016500480674895904}. Best is trial 1 with value: 39.061798095703125.
LOCAL_RANK: 0 - CUDA_VISIBLE_DEVICES: [0]
[I 2023-11-30 08:49:53,856] Trial 13 finished with value: 39.804996490478516 and parameters: {'gradient_clip_val': 0.10512513729421251, 'hidden_size': 29, 'dropout': 0.2910633669101174, 'hidden_continuous_size': 13, 'attention_head_size': 2, 'learning_rate': 0.03138744850537077}. Best is trial 1 with value: 39.061798095703125.
LOCAL_RANK: 0 - CUDA_VISIBLE_DEVICES: [0]
[I 2023-11-30 08:50:07,031] Trial 14 finished with value: 44.65409851074219 and parameters: {'gradient_clip_val': 0.10163140976124235, 'hidden_size': 66, 'dropout': 0.2920426369558588, 'hidden_continuous_size': 19, 'attention_head_size': 1, 'learning_rate': 0.06399155405359064}. Best is trial 1 with value: 39.061798095703125.
LOCAL_RANK: 0 - CUDA_VISIBLE_DEVICES: [0]
[I 2023-11-30 08:50:20,382] Trial 15 finished with value: 46.505645751953125 and parameters: {'gradient_clip_val': 0.15922638881357154, 'hidden_size': 96, 'dropout': 0.31907965964189267, 'hidden_continuous_size': 20, 'attention_head_size': 2, 'learning_rate': 0.013619147950318598}. Best is trial 1 with value: 39.061798095703125.
LOCAL_RANK: 0 - CUDA_VISIBLE_DEVICES: [0]
[I 2023-11-30 08:50:33,181] Trial 16 finished with value: 75.77476501464844 and parameters: {'gradient_clip_val': 0.10904174649718085, 'hidden_size': 41, 'dropout': 0.25214181358360777, 'hidden_continuous_size': 14, 'attention_head_size': 1, 'learning_rate': 0.002355631029818994}. Best is trial 1 with value: 39.061798095703125.
LOCAL_RANK: 0 - CUDA_VISIBLE_DEVICES: [0]
[I 2023-11-30 08:50:47,406] Trial 17 finished with value: 42.335079193115234 and parameters: {'gradient_clip_val': 0.18366186765739212, 'hidden_size': 150, 'dropout': 0.306224017176393, 'hidden_continuous_size': 27, 'attention_head_size': 2, 'learning_rate': 0.009752530522942672}. Best is trial 1 with value: 39.061798095703125.
LOCAL_RANK: 0 - CUDA_VISIBLE_DEVICES: [0]
[I 2023-11-30 08:50:59,477] Trial 18 finished with value: 41.350521087646484 and parameters: {'gradient_clip_val': 0.12904909473486414, 'hidden_size': 25, 'dropout': 0.26207224580223304, 'hidden_continuous_size': 10, 'attention_head_size': 1, 'learning_rate': 0.09800554048550707}. Best is trial 1 with value: 39.061798095703125.
LOCAL_RANK: 0 - CUDA_VISIBLE_DEVICES: [0]
[I 2023-11-30 08:51:12,745] Trial 19 finished with value: 46.116031646728516 and parameters: {'gradient_clip_val': 0.1935238929479465, 'hidden_size': 73, 'dropout': 0.330754945187102, 'hidden_continuous_size': 16, 'attention_head_size': 2, 'learning_rate': 0.025858319240210315}. Best is trial 1 with value: 39.061798095703125.
LOCAL_RANK: 0 - CUDA_VISIBLE_DEVICES: [0]
[I 2023-11-30 08:51:24,679] Trial 20 finished with value: 53.10673904418945 and parameters: {'gradient_clip_val': 0.27573712888118057, 'hidden_size': 17, 'dropout': 0.24046078728954057, 'hidden_continuous_size': 10, 'attention_head_size': 1, 'learning_rate': 0.011644056198915686}. Best is trial 1 with value: 39.061798095703125.
LOCAL_RANK: 0 - CUDA_VISIBLE_DEVICES: [0]
[I 2023-11-30 08:51:37,394] Trial 21 finished with value: 40.36677932739258 and parameters: {'gradient_clip_val': 0.1219428327016397, 'hidden_size': 30, 'dropout': 0.203202084106732, 'hidden_continuous_size': 12, 'attention_head_size': 4, 'learning_rate': 0.026986663892416596}. Best is trial 1 with value: 39.061798095703125.
LOCAL_RANK: 0 - CUDA_VISIBLE_DEVICES: [0]
[I 2023-11-30 08:51:49,859] Trial 22 finished with value: 43.46305465698242 and parameters: {'gradient_clip_val': 0.11763158543614957, 'hidden_size': 31, 'dropout': 0.20066788617104742, 'hidden_continuous_size': 12, 'attention_head_size': 4, 'learning_rate': 0.0193155786420841}. Best is trial 1 with value: 39.061798095703125.
LOCAL_RANK: 0 - CUDA_VISIBLE_DEVICES: [0]
[I 2023-11-30 08:52:02,386] Trial 23 finished with value: 44.102901458740234 and parameters: {'gradient_clip_val': 0.14037949868050245, 'hidden_size': 48, 'dropout': 0.19013192847922064, 'hidden_continuous_size': 14, 'attention_head_size': 2, 'learning_rate': 0.0372365924454245}. Best is trial 1 with value: 39.061798095703125.
LOCAL_RANK: 0 - CUDA_VISIBLE_DEVICES: [0]
[I 2023-11-30 08:52:15,220] Trial 24 finished with value: 43.33913803100586 and parameters: {'gradient_clip_val': 0.1038250124145417, 'hidden_size': 45, 'dropout': 0.24537596661978314, 'hidden_continuous_size': 12, 'attention_head_size': 4, 'learning_rate': 0.009458188102552315}. Best is trial 1 with value: 39.061798095703125.
LOCAL_RANK: 0 - CUDA_VISIBLE_DEVICES: [0]
[I 2023-11-30 08:52:27,423] Trial 25 finished with value: 42.64191818237305 and parameters: {'gradient_clip_val': 0.1273552419273636, 'hidden_size': 32, 'dropout': 0.2791135880356958, 'hidden_continuous_size': 15, 'attention_head_size': 2, 'learning_rate': 0.02036767227309524}. Best is trial 1 with value: 39.061798095703125.
LOCAL_RANK: 0 - CUDA_VISIBLE_DEVICES: [0]
[I 2023-11-30 08:52:40,633] Trial 26 finished with value: 40.80080032348633 and parameters: {'gradient_clip_val': 0.16415017945402846, 'hidden_size': 61, 'dropout': 0.2307006570815913, 'hidden_continuous_size': 19, 'attention_head_size': 1, 'learning_rate': 0.013213261485928919}. Best is trial 1 with value: 39.061798095703125.
LOCAL_RANK: 0 - CUDA_VISIBLE_DEVICES: [0]
[I 2023-11-30 08:52:53,306] Trial 27 finished with value: 46.620758056640625 and parameters: {'gradient_clip_val': 0.11838147570379078, 'hidden_size': 48, 'dropout': 0.24474833428619297, 'hidden_continuous_size': 17, 'attention_head_size': 4, 'learning_rate': 0.007310614628822588}. Best is trial 1 with value: 39.061798095703125.
LOCAL_RANK: 0 - CUDA_VISIBLE_DEVICES: [0]
[I 2023-11-30 08:53:05,430] Trial 28 finished with value: 93.91352081298828 and parameters: {'gradient_clip_val': 0.1447918648242979, 'hidden_size': 18, 'dropout': 0.1900255131243892, 'hidden_continuous_size': 12, 'attention_head_size': 2, 'learning_rate': 0.003715822651916365}. Best is trial 1 with value: 39.061798095703125.
LOCAL_RANK: 0 - CUDA_VISIBLE_DEVICES: [0]
