[I 2023-11-30 10:23:16,642] Trial 138 finished with value: 11.026878356933594 and parameters: {'gradient_clip_val': 0.25583851512788336, 'hidden_size': 101, 'dropout': 0.17192755969880744, 'hidden_continuous_size': 57, 'attention_head_size': 4, 'learning_rate': 0.04527355466470433}. Best is trial 78 with value: 6.395096302032471.
LOCAL_RANK: 0 - CUDA_VISIBLE_DEVICES: [0]
[I 2023-11-30 10:23:31,025] Trial 139 finished with value: 10.466777801513672 and parameters: {'gradient_clip_val': 0.280983774494006, 'hidden_size': 137, 'dropout': 0.18132344566998496, 'hidden_continuous_size': 62, 'attention_head_size': 4, 'learning_rate': 0.08220717252112936}. Best is trial 78 with value: 6.395096302032471.
LOCAL_RANK: 0 - CUDA_VISIBLE_DEVICES: [0]
[I 2023-11-30 10:23:44,920] Trial 140 finished with value: 10.990070343017578 and parameters: {'gradient_clip_val': 0.3249500603587118, 'hidden_size': 81, 'dropout': 0.2792965252390931, 'hidden_continuous_size': 53, 'attention_head_size': 4, 'learning_rate': 0.07056506816837275}. Best is trial 78 with value: 6.395096302032471.
LOCAL_RANK: 0 - CUDA_VISIBLE_DEVICES: [0]
[I 2023-11-30 10:23:58,641] Trial 141 finished with value: 10.262677192687988 and parameters: {'gradient_clip_val': 0.21544590461975813, 'hidden_size': 70, 'dropout': 0.3563911273869767, 'hidden_continuous_size': 59, 'attention_head_size': 4, 'learning_rate': 0.0776515073837259}. Best is trial 78 with value: 6.395096302032471.
LOCAL_RANK: 0 - CUDA_VISIBLE_DEVICES: [0]
[I 2023-11-30 10:24:12,579] Trial 142 finished with value: 9.019692420959473 and parameters: {'gradient_clip_val': 0.2653976010615368, 'hidden_size': 75, 'dropout': 0.1673901259014797, 'hidden_continuous_size': 48, 'attention_head_size': 4, 'learning_rate': 0.08995688620511952}. Best is trial 78 with value: 6.395096302032471.
LOCAL_RANK: 0 - CUDA_VISIBLE_DEVICES: [0]
[I 2023-11-30 10:24:26,597] Trial 143 finished with value: 15.02259349822998 and parameters: {'gradient_clip_val': 0.31119250111225605, 'hidden_size': 73, 'dropout': 0.1582823348379364, 'hidden_continuous_size': 52, 'attention_head_size': 4, 'learning_rate': 0.0599117399852383}. Best is trial 78 with value: 6.395096302032471.
LOCAL_RANK: 0 - CUDA_VISIBLE_DEVICES: [0]
[I 2023-11-30 10:24:40,771] Trial 144 finished with value: 14.677864074707031 and parameters: {'gradient_clip_val': 0.23844048450274727, 'hidden_size': 125, 'dropout': 0.14046838201817333, 'hidden_continuous_size': 37, 'attention_head_size': 4, 'learning_rate': 0.09815256588944647}. Best is trial 78 with value: 6.395096302032471.
LOCAL_RANK: 0 - CUDA_VISIBLE_DEVICES: [0]
[I 2023-11-30 10:24:54,205] Trial 145 finished with value: 14.930450439453125 and parameters: {'gradient_clip_val': 0.3652678768851747, 'hidden_size': 80, 'dropout': 0.18833907343917733, 'hidden_continuous_size': 41, 'attention_head_size': 1, 'learning_rate': 0.06780119237058396}. Best is trial 78 with value: 6.395096302032471.
LOCAL_RANK: 0 - CUDA_VISIBLE_DEVICES: [0]
[I 2023-11-30 10:25:07,808] Trial 146 finished with value: 7.793258190155029 and parameters: {'gradient_clip_val': 0.25336965801886735, 'hidden_size': 63, 'dropout': 0.15126229612001799, 'hidden_continuous_size': 54, 'attention_head_size': 3, 'learning_rate': 0.08565687146377285}. Best is trial 78 with value: 6.395096302032471.
LOCAL_RANK: 0 - CUDA_VISIBLE_DEVICES: [0]
[I 2023-11-30 10:25:22,217] Trial 147 finished with value: 9.841747283935547 and parameters: {'gradient_clip_val': 0.42170134870321746, 'hidden_size': 150, 'dropout': 0.12319377228656984, 'hidden_continuous_size': 31, 'attention_head_size': 4, 'learning_rate': 0.07655167794358758}. Best is trial 78 with value: 6.395096302032471.
LOCAL_RANK: 0 - CUDA_VISIBLE_DEVICES: [0]
[I 2023-11-30 10:25:36,132] Trial 148 finished with value: 9.856415748596191 and parameters: {'gradient_clip_val': 0.2742357665028938, 'hidden_size': 67, 'dropout': 0.14550632783794912, 'hidden_continuous_size': 57, 'attention_head_size': 1, 'learning_rate': 0.055490363818986296}. Best is trial 78 with value: 6.395096302032471.
LOCAL_RANK: 0 - CUDA_VISIBLE_DEVICES: [0]
[I 2023-11-30 10:25:50,133] Trial 149 finished with value: 6.625133514404297 and parameters: {'gradient_clip_val': 0.29507860650371237, 'hidden_size': 117, 'dropout': 0.17891312994001896, 'hidden_continuous_size': 45, 'attention_head_size': 2, 'learning_rate': 0.06658134914409929}. Best is trial 78 with value: 6.395096302032471.
[I 2023-11-30 10:25:50,245] A new study created in memory with name: no-name-0e1c0702-74ef-458a-bd99-940017eac51c
/home/le004/conda/anaconda3/envs/tsff_env/lib/python3.9/site-packages/lightning/fabric/plugins/environments/slurm.py:191: The `srun` command is available on your system but is not used. HINT: If your intention is to run Lightning on SLURM, prepend your python command with `srun` like so: srun python /home/le004/master_thesis/git/TSFusionForecast/code/ ...
LOCAL_RANK: 0 - CUDA_VISIBLE_DEVICES: [0]
[I 2023-11-30 10:26:03,043] Trial 0 finished with value: 4.249569416046143 and parameters: {'gradient_clip_val': 0.42370159889544945, 'hidden_size': 64, 'dropout': 0.3504572154188169, 'hidden_continuous_size': 11, 'attention_head_size': 3, 'learning_rate': 0.03199478958598327}. Best is trial 0 with value: 4.249569416046143.
LOCAL_RANK: 0 - CUDA_VISIBLE_DEVICES: [0]
[I 2023-11-30 10:26:16,786] Trial 1 finished with value: 3.2046263217926025 and parameters: {'gradient_clip_val': 0.16760766417693607, 'hidden_size': 116, 'dropout': 0.1602032231146273, 'hidden_continuous_size': 28, 'attention_head_size': 2, 'learning_rate': 0.02141092113377448}. Best is trial 1 with value: 3.2046263217926025.
LOCAL_RANK: 0 - CUDA_VISIBLE_DEVICES: [0]
[I 2023-11-30 10:26:28,895] Trial 2 finished with value: 4.065551280975342 and parameters: {'gradient_clip_val': 0.3769246049832842, 'hidden_size': 27, 'dropout': 0.12011799258203354, 'hidden_continuous_size': 12, 'attention_head_size': 1, 'learning_rate': 0.08092728230546645}. Best is trial 1 with value: 3.2046263217926025.
LOCAL_RANK: 0 - CUDA_VISIBLE_DEVICES: [0]
[I 2023-11-30 10:26:42,288] Trial 3 finished with value: 3.6625893115997314 and parameters: {'gradient_clip_val': 0.19936019573337924, 'hidden_size': 85, 'dropout': 0.19658433672375086, 'hidden_continuous_size': 13, 'attention_head_size': 2, 'learning_rate': 0.011803051056753371}. Best is trial 1 with value: 3.2046263217926025.
LOCAL_RANK: 0 - CUDA_VISIBLE_DEVICES: [0]
[I 2023-11-30 10:26:54,133] Trial 4 finished with value: 7.667978763580322 and parameters: {'gradient_clip_val': 0.25032870058972695, 'hidden_size': 12, 'dropout': 0.24380262459291602, 'hidden_continuous_size': 11, 'attention_head_size': 2, 'learning_rate': 0.012402676339095232}. Best is trial 1 with value: 3.2046263217926025.
LOCAL_RANK: 0 - CUDA_VISIBLE_DEVICES: [0]
[I 2023-11-30 10:27:07,467] Trial 5 finished with value: 3.862502336502075 and parameters: {'gradient_clip_val': 0.12991997543649642, 'hidden_size': 84, 'dropout': 0.29921740616766124, 'hidden_continuous_size': 17, 'attention_head_size': 2, 'learning_rate': 0.0030778829078240864}. Best is trial 1 with value: 3.2046263217926025.
LOCAL_RANK: 0 - CUDA_VISIBLE_DEVICES: [0]
[I 2023-11-30 10:27:21,477] Trial 6 finished with value: 3.9040324687957764 and parameters: {'gradient_clip_val': 0.3708237851301845, 'hidden_size': 137, 'dropout': 0.3122616032672718, 'hidden_continuous_size': 32, 'attention_head_size': 1, 'learning_rate': 0.0027385938052633665}. Best is trial 1 with value: 3.2046263217926025.
LOCAL_RANK: 0 - CUDA_VISIBLE_DEVICES: [0]
[I 2023-11-30 10:27:36,160] Trial 7 finished with value: 3.6519882678985596 and parameters: {'gradient_clip_val': 0.11340507417215322, 'hidden_size': 138, 'dropout': 0.37062518081997775, 'hidden_continuous_size': 126, 'attention_head_size': 3, 'learning_rate': 0.0037604228682570537}. Best is trial 1 with value: 3.2046263217926025.
LOCAL_RANK: 0 - CUDA_VISIBLE_DEVICES: [0]
[I 2023-11-30 10:27:48,513] Trial 8 finished with value: 10.158207893371582 and parameters: {'gradient_clip_val': 0.107632630457099, 'hidden_size': 18, 'dropout': 0.2779165304384287, 'hidden_continuous_size': 11, 'attention_head_size': 2, 'learning_rate': 0.005745161870806227}. Best is trial 1 with value: 3.2046263217926025.
LOCAL_RANK: 0 - CUDA_VISIBLE_DEVICES: [0]
[I 2023-11-30 10:28:00,754] Trial 9 finished with value: 3.673905372619629 and parameters: {'gradient_clip_val': 0.8922818075226325, 'hidden_size': 15, 'dropout': 0.1444957013746621, 'hidden_continuous_size': 12, 'attention_head_size': 4, 'learning_rate': 0.023159890119738992}. Best is trial 1 with value: 3.2046263217926025.
LOCAL_RANK: 0 - CUDA_VISIBLE_DEVICES: [0]
[I 2023-11-30 10:28:13,794] Trial 10 finished with value: 11.936073303222656 and parameters: {'gradient_clip_val': 0.17472106264994505, 'hidden_size': 42, 'dropout': 0.10285185085615936, 'hidden_continuous_size': 26, 'attention_head_size': 4, 'learning_rate': 0.001251852741736798}. Best is trial 1 with value: 3.2046263217926025.
LOCAL_RANK: 0 - CUDA_VISIBLE_DEVICES: [0]
[I 2023-11-30 10:28:28,931] Trial 11 finished with value: 3.5728330612182617 and parameters: {'gradient_clip_val': 0.10794632039032662, 'hidden_size': 147, 'dropout': 0.3860616374035718, 'hidden_continuous_size': 127, 'attention_head_size': 3, 'learning_rate': 0.00582922934398764}. Best is trial 1 with value: 3.2046263217926025.
LOCAL_RANK: 0 - CUDA_VISIBLE_DEVICES: [0]
[I 2023-11-30 10:28:43,062] Trial 12 finished with value: 4.805591106414795 and parameters: {'gradient_clip_val': 0.15955120314424845, 'hidden_size': 138, 'dropout': 0.38478746405903164, 'hidden_continuous_size': 58, 'attention_head_size': 3, 'learning_rate': 0.007427540979551304}. Best is trial 1 with value: 3.2046263217926025.
LOCAL_RANK: 0 - CUDA_VISIBLE_DEVICES: [0]
[I 2023-11-30 10:28:57,126] Trial 13 finished with value: 4.161056041717529 and parameters: {'gradient_clip_val': 0.1003230331939776, 'hidden_size': 89, 'dropout': 0.22207083355036786, 'hidden_continuous_size': 40, 'attention_head_size': 3, 'learning_rate': 0.020206632042351024}. Best is trial 1 with value: 3.2046263217926025.
LOCAL_RANK: 0 - CUDA_VISIBLE_DEVICES: [0]
[I 2023-11-30 10:29:10,163] Trial 14 finished with value: 3.216076612472534 and parameters: {'gradient_clip_val': 0.15479005848154012, 'hidden_size': 50, 'dropout': 0.1803830843105178, 'hidden_continuous_size': 18, 'attention_head_size': 4, 'learning_rate': 0.04343516218060389}. Best is trial 1 with value: 3.2046263217926025.
LOCAL_RANK: 0 - CUDA_VISIBLE_DEVICES: [0]
[I 2023-11-30 10:29:23,175] Trial 15 finished with value: 4.369137287139893 and parameters: {'gradient_clip_val': 0.24091234942898304, 'hidden_size': 49, 'dropout': 0.164266955644293, 'hidden_continuous_size': 19, 'attention_head_size': 4, 'learning_rate': 0.04580964622313006}. Best is trial 1 with value: 3.2046263217926025.
LOCAL_RANK: 0 - CUDA_VISIBLE_DEVICES: [0]
[I 2023-11-30 10:29:36,364] Trial 16 finished with value: 3.9407176971435547 and parameters: {'gradient_clip_val': 0.1503783401550751, 'hidden_size': 33, 'dropout': 0.18689289295557476, 'hidden_continuous_size': 15, 'attention_head_size': 1, 'learning_rate': 0.07601949415928856}. Best is trial 1 with value: 3.2046263217926025.
LOCAL_RANK: 0 - CUDA_VISIBLE_DEVICES: [0]
[I 2023-11-30 10:29:49,572] Trial 17 finished with value: 4.486985683441162 and parameters: {'gradient_clip_val': 0.19421803697383483, 'hidden_size': 59, 'dropout': 0.1531440287193317, 'hidden_continuous_size': 20, 'attention_head_size': 4, 'learning_rate': 0.04277288257181247}. Best is trial 1 with value: 3.2046263217926025.
LOCAL_RANK: 0 - CUDA_VISIBLE_DEVICES: [0]
[I 2023-11-30 10:30:01,944] Trial 18 finished with value: 3.6505630016326904 and parameters: {'gradient_clip_val': 0.14396696559884734, 'hidden_size': 29, 'dropout': 0.20900757774775405, 'hidden_continuous_size': 10, 'attention_head_size': 2, 'learning_rate': 0.018277083508390704}. Best is trial 1 with value: 3.2046263217926025.
LOCAL_RANK: 0 - CUDA_VISIBLE_DEVICES: [0]
[I 2023-11-30 10:30:14,333] Trial 19 finished with value: 4.451828479766846 and parameters: {'gradient_clip_val': 0.24844703725314798, 'hidden_size': 40, 'dropout': 0.173072547058661, 'hidden_continuous_size': 15, 'attention_head_size': 1, 'learning_rate': 0.04806886120443595}. Best is trial 1 with value: 3.2046263217926025.
LOCAL_RANK: 0 - CUDA_VISIBLE_DEVICES: [0]
[I 2023-11-30 10:30:26,782] Trial 20 finished with value: 3.611975908279419 and parameters: {'gradient_clip_val': 0.13087179015778655, 'hidden_size': 25, 'dropout': 0.1352644212153202, 'hidden_continuous_size': 14, 'attention_head_size': 4, 'learning_rate': 0.027997623077272653}. Best is trial 1 with value: 3.2046263217926025.
LOCAL_RANK: 0 - CUDA_VISIBLE_DEVICES: [0]
[I 2023-11-30 10:30:40,615] Trial 21 finished with value: 3.236478090286255 and parameters: {'gradient_clip_val': 0.10081397449890077, 'hidden_size': 107, 'dropout': 0.23803338554443557, 'hidden_continuous_size': 23, 'attention_head_size': 3, 'learning_rate': 0.014562329175925724}. Best is trial 1 with value: 3.2046263217926025.
LOCAL_RANK: 0 - CUDA_VISIBLE_DEVICES: [0]
[I 2023-11-30 10:30:54,398] Trial 22 finished with value: 5.215395927429199 and parameters: {'gradient_clip_val': 0.13137090771001614, 'hidden_size': 108, 'dropout': 0.2288054920419802, 'hidden_continuous_size': 23, 'attention_head_size': 3, 'learning_rate': 0.015462826080307437}. Best is trial 1 with value: 3.2046263217926025.
LOCAL_RANK: 0 - CUDA_VISIBLE_DEVICES: [0]
[I 2023-11-30 10:31:07,897] Trial 23 finished with value: 3.875782012939453 and parameters: {'gradient_clip_val': 0.16333760444276868, 'hidden_size': 100, 'dropout': 0.18231100091702676, 'hidden_continuous_size': 23, 'attention_head_size': 2, 'learning_rate': 0.01580832840634574}. Best is trial 1 with value: 3.2046263217926025.
LOCAL_RANK: 0 - CUDA_VISIBLE_DEVICES: [0]
[I 2023-11-30 10:31:21,428] Trial 24 finished with value: 3.560420274734497 and parameters: {'gradient_clip_val': 0.1256288977536361, 'hidden_size': 65, 'dropout': 0.20690374282320387, 'hidden_continuous_size': 17, 'attention_head_size': 4, 'learning_rate': 0.031771182055301744}. Best is trial 1 with value: 3.2046263217926025.
LOCAL_RANK: 0 - CUDA_VISIBLE_DEVICES: [0]
[I 2023-11-30 10:31:35,410] Trial 25 finished with value: 4.444883823394775 and parameters: {'gradient_clip_val': 0.10198022301085516, 'hidden_size': 110, 'dropout': 0.16554902463759658, 'hidden_continuous_size': 27, 'attention_head_size': 3, 'learning_rate': 0.009730466863547766}. Best is trial 1 with value: 3.2046263217926025.
LOCAL_RANK: 0 - CUDA_VISIBLE_DEVICES: [0]
[I 2023-11-30 10:31:48,763] Trial 26 finished with value: 3.722508192062378 and parameters: {'gradient_clip_val': 0.1823946908256719, 'hidden_size': 76, 'dropout': 0.25800324944350583, 'hidden_continuous_size': 20, 'attention_head_size': 2, 'learning_rate': 0.022605318380476157}. Best is trial 1 with value: 3.2046263217926025.
LOCAL_RANK: 0 - CUDA_VISIBLE_DEVICES: [0]
[I 2023-11-30 10:32:01,743] Trial 27 finished with value: 3.5297114849090576 and parameters: {'gradient_clip_val': 0.14560814417202064, 'hidden_size': 50, 'dropout': 0.19583317901127967, 'hidden_continuous_size': 17, 'attention_head_size': 3, 'learning_rate': 0.09554173013533265}. Best is trial 1 with value: 3.2046263217926025.
LOCAL_RANK: 0 - CUDA_VISIBLE_DEVICES: [0]
[I 2023-11-30 10:32:15,262] Trial 28 finished with value: 3.6132287979125977 and parameters: {'gradient_clip_val': 0.11875087580239578, 'hidden_size': 73, 'dropout': 0.1339571451280689, 'hidden_continuous_size': 31, 'attention_head_size': 4, 'learning_rate': 0.06594679265601103}. Best is trial 1 with value: 3.2046263217926025.
LOCAL_RANK: 0 - CUDA_VISIBLE_DEVICES: [0]
[I 2023-11-30 10:32:28,793] Trial 29 finished with value: 3.946115255355835 and parameters: {'gradient_clip_val': 0.20737149617068606, 'hidden_size': 62, 'dropout': 0.22551110763898033, 'hidden_continuous_size': 23, 'attention_head_size': 3, 'learning_rate': 0.038619927362847514}. Best is trial 1 with value: 3.2046263217926025.
LOCAL_RANK: 0 - CUDA_VISIBLE_DEVICES: [0]
[I 2023-11-30 10:32:42,857] Trial 30 finished with value: 3.2937428951263428 and parameters: {'gradient_clip_val': 0.14153546289855995, 'hidden_size': 115, 'dropout': 0.159992250861581, 'hidden_continuous_size': 40, 'attention_head_size': 3, 'learning_rate': 0.0285270052785312}. Best is trial 1 with value: 3.2046263217926025.
LOCAL_RANK: 0 - CUDA_VISIBLE_DEVICES: [0]
[I 2023-11-30 10:32:56,922] Trial 31 finished with value: 4.374322414398193 and parameters: {'gradient_clip_val': 0.15359669829895467, 'hidden_size': 118, 'dropout': 0.16193294772358025, 'hidden_continuous_size': 44, 'attention_head_size': 3, 'learning_rate': 0.028330453350144124}. Best is trial 1 with value: 3.2046263217926025.
LOCAL_RANK: 0 - CUDA_VISIBLE_DEVICES: [0]
[I 2023-11-30 10:33:10,803] Trial 32 finished with value: 3.953622579574585 and parameters: {'gradient_clip_val': 0.1256001690911394, 'hidden_size': 97, 'dropout': 0.17874960380692945, 'hidden_continuous_size': 33, 'attention_head_size': 3, 'learning_rate': 0.03172953185965842}. Best is trial 1 with value: 3.2046263217926025.
LOCAL_RANK: 0 - CUDA_VISIBLE_DEVICES: [0]
[I 2023-11-30 10:33:24,282] Trial 33 finished with value: 3.7182319164276123 and parameters: {'gradient_clip_val': 0.17406554645070468, 'hidden_size': 89, 'dropout': 0.1161608235400739, 'hidden_continuous_size': 27, 'attention_head_size': 2, 'learning_rate': 0.025613296573379483}. Best is trial 1 with value: 3.2046263217926025.
LOCAL_RANK: 0 - CUDA_VISIBLE_DEVICES: [0]
[I 2023-11-30 10:33:38,371] Trial 34 finished with value: 3.724123001098633 and parameters: {'gradient_clip_val': 0.219199619187758, 'hidden_size': 114, 'dropout': 0.1495882938204271, 'hidden_continuous_size': 38, 'attention_head_size': 2, 'learning_rate': 0.015235236607521904}. Best is trial 1 with value: 3.2046263217926025.
LOCAL_RANK: 0 - CUDA_VISIBLE_DEVICES: [0]
[I 2023-11-30 10:33:52,554] Trial 35 finished with value: 3.879122495651245 and parameters: {'gradient_clip_val': 0.1399189441524545, 'hidden_size': 122, 'dropout': 0.19723277728087688, 'hidden_continuous_size': 46, 'attention_head_size': 4, 'learning_rate': 0.055028378175551035}. Best is trial 1 with value: 3.2046263217926025.
LOCAL_RANK: 0 - CUDA_VISIBLE_DEVICES: [0]
[I 2023-11-30 10:34:05,991] Trial 36 finished with value: 4.807196140289307 and parameters: {'gradient_clip_val': 0.2897967506524682, 'hidden_size': 76, 'dropout': 0.134642936388557, 'hidden_continuous_size': 21, 'attention_head_size': 2, 'learning_rate': 0.03536304951518316}. Best is trial 1 with value: 3.2046263217926025.
LOCAL_RANK: 0 - CUDA_VISIBLE_DEVICES: [0]
[I 2023-11-30 10:34:20,243] Trial 37 finished with value: 3.3096683025360107 and parameters: {'gradient_clip_val': 0.12027253565469552, 'hidden_size': 150, 'dropout': 0.24794864900500033, 'hidden_continuous_size': 30, 'attention_head_size': 3, 'learning_rate': 0.05877328602348187}. Best is trial 1 with value: 3.2046263217926025.
LOCAL_RANK: 0 - CUDA_VISIBLE_DEVICES: [0]
[I 2023-11-30 10:34:33,645] Trial 38 finished with value: 3.5414464473724365 and parameters: {'gradient_clip_val': 0.1835147143171301, 'hidden_size': 99, 'dropout': 0.18000711052806212, 'hidden_continuous_size': 18, 'attention_head_size': 1, 'learning_rate': 0.012000030920639825}. Best is trial 1 with value: 3.2046263217926025.
LOCAL_RANK: 0 - CUDA_VISIBLE_DEVICES: [0]
[I 2023-11-30 10:34:47,532] Trial 39 finished with value: 4.333922863006592 and parameters: {'gradient_clip_val': 0.11495547403459236, 'hidden_size': 126, 'dropout': 0.11931515572656758, 'hidden_continuous_size': 13, 'attention_head_size': 2, 'learning_rate': 0.018335263349667192}. Best is trial 1 with value: 3.2046263217926025.
LOCAL_RANK: 0 - CUDA_VISIBLE_DEVICES: [0]
[I 2023-11-30 10:35:01,068] Trial 40 finished with value: 3.8843212127685547 and parameters: {'gradient_clip_val': 0.1370861069866683, 'hidden_size': 83, 'dropout': 0.16288010466060293, 'hidden_continuous_size': 25, 'attention_head_size': 3, 'learning_rate': 0.03746714280412133}. Best is trial 1 with value: 3.2046263217926025.
LOCAL_RANK: 0 - CUDA_VISIBLE_DEVICES: [0]
[I 2023-11-30 10:35:15,066] Trial 41 finished with value: 3.749363660812378 and parameters: {'gradient_clip_val': 0.11598771540749944, 'hidden_size': 144, 'dropout': 0.2455807755489378, 'hidden_continuous_size': 30, 'attention_head_size': 3, 'learning_rate': 0.054989670441196306}. Best is trial 1 with value: 3.2046263217926025.
LOCAL_RANK: 0 - CUDA_VISIBLE_DEVICES: [0]
[I 2023-11-30 10:35:28,912] Trial 42 finished with value: 3.48636794090271 and parameters: {'gradient_clip_val': 0.1651043916538539, 'hidden_size': 126, 'dropout': 0.2616871606510729, 'hidden_continuous_size': 29, 'attention_head_size': 3, 'learning_rate': 0.062394085995075454}. Best is trial 1 with value: 3.2046263217926025.
LOCAL_RANK: 0 - CUDA_VISIBLE_DEVICES: [0]
[I 2023-11-30 10:35:43,300] Trial 43 finished with value: 3.317197561264038 and parameters: {'gradient_clip_val': 0.10058332509520117, 'hidden_size': 150, 'dropout': 0.2794970797696199, 'hidden_continuous_size': 34, 'attention_head_size': 3, 'learning_rate': 0.023522402714136643}. Best is trial 1 with value: 3.2046263217926025.
LOCAL_RANK: 0 - CUDA_VISIBLE_DEVICES: [0]
[I 2023-11-30 10:35:57,218] Trial 44 finished with value: 3.344731092453003 and parameters: {'gradient_clip_val': 0.11731175274062053, 'hidden_size': 105, 'dropout': 0.2341985930437567, 'hidden_continuous_size': 25, 'attention_head_size': 4, 'learning_rate': 0.042036346880570966}. Best is trial 1 with value: 3.2046263217926025.
LOCAL_RANK: 0 - CUDA_VISIBLE_DEVICES: [0]
