[I 2023-11-30 13:25:40,976] Trial 50 finished with value: 7.907647609710693 and parameters: {'gradient_clip_val': 0.2256932318982887, 'hidden_size': 111, 'dropout': 0.36259448287714463, 'hidden_continuous_size': 89, 'attention_head_size': 1, 'learning_rate': 0.0060396658643172094}. Best is trial 25 with value: 6.316642761230469.
LOCAL_RANK: 0 - CUDA_VISIBLE_DEVICES: [0]
[I 2023-11-30 13:25:55,090] Trial 51 finished with value: 6.703688144683838 and parameters: {'gradient_clip_val': 0.28310676887880487, 'hidden_size': 148, 'dropout': 0.3997150115586463, 'hidden_continuous_size': 64, 'attention_head_size': 1, 'learning_rate': 0.003917462444848963}. Best is trial 25 with value: 6.316642761230469.
LOCAL_RANK: 0 - CUDA_VISIBLE_DEVICES: [0]
[I 2023-11-30 13:26:09,743] Trial 52 finished with value: 9.730362892150879 and parameters: {'gradient_clip_val': 0.2601568645963271, 'hidden_size': 150, 'dropout': 0.3891070924461087, 'hidden_continuous_size': 117, 'attention_head_size': 1, 'learning_rate': 0.004300821202179247}. Best is trial 25 with value: 6.316642761230469.
LOCAL_RANK: 0 - CUDA_VISIBLE_DEVICES: [0]
[I 2023-11-30 13:26:23,802] Trial 53 finished with value: 7.6348419189453125 and parameters: {'gradient_clip_val': 0.2904950142614374, 'hidden_size': 129, 'dropout': 0.3723113610495665, 'hidden_continuous_size': 40, 'attention_head_size': 1, 'learning_rate': 0.008490759884330285}. Best is trial 25 with value: 6.316642761230469.
LOCAL_RANK: 0 - CUDA_VISIBLE_DEVICES: [0]
[I 2023-11-30 13:26:37,803] Trial 54 finished with value: 9.23381519317627 and parameters: {'gradient_clip_val': 0.33404170733573546, 'hidden_size': 112, 'dropout': 0.3893990599765752, 'hidden_continuous_size': 67, 'attention_head_size': 1, 'learning_rate': 0.0031669601704047063}. Best is trial 25 with value: 6.316642761230469.
LOCAL_RANK: 0 - CUDA_VISIBLE_DEVICES: [0]
[I 2023-11-30 13:26:52,884] Trial 55 finished with value: 10.179107666015625 and parameters: {'gradient_clip_val': 0.20728900909993203, 'hidden_size': 149, 'dropout': 0.37049693078168744, 'hidden_continuous_size': 142, 'attention_head_size': 1, 'learning_rate': 0.00257439043895509}. Best is trial 25 with value: 6.316642761230469.
LOCAL_RANK: 0 - CUDA_VISIBLE_DEVICES: [0]
[I 2023-11-30 13:27:07,282] Trial 56 finished with value: 8.947521209716797 and parameters: {'gradient_clip_val': 0.2774211632640097, 'hidden_size': 130, 'dropout': 0.399058293995363, 'hidden_continuous_size': 98, 'attention_head_size': 1, 'learning_rate': 0.003829161256909406}. Best is trial 25 with value: 6.316642761230469.
LOCAL_RANK: 0 - CUDA_VISIBLE_DEVICES: [0]
[I 2023-11-30 13:27:21,470] Trial 57 finished with value: 8.212024688720703 and parameters: {'gradient_clip_val': 0.25137492988540866, 'hidden_size': 99, 'dropout': 0.35550746573348696, 'hidden_continuous_size': 74, 'attention_head_size': 1, 'learning_rate': 0.004685414750166003}. Best is trial 25 with value: 6.316642761230469.
LOCAL_RANK: 0 - CUDA_VISIBLE_DEVICES: [0]
[I 2023-11-30 13:27:35,512] Trial 58 finished with value: 6.709534168243408 and parameters: {'gradient_clip_val': 0.37331819470733446, 'hidden_size': 103, 'dropout': 0.3393991754054939, 'hidden_continuous_size': 62, 'attention_head_size': 3, 'learning_rate': 0.005827545944771751}. Best is trial 25 with value: 6.316642761230469.
LOCAL_RANK: 0 - CUDA_VISIBLE_DEVICES: [0]
[I 2023-11-30 13:27:49,319] Trial 59 finished with value: 7.765979766845703 and parameters: {'gradient_clip_val': 0.4524583184719575, 'hidden_size': 88, 'dropout': 0.33817269342272427, 'hidden_continuous_size': 64, 'attention_head_size': 3, 'learning_rate': 0.006810267354715192}. Best is trial 25 with value: 6.316642761230469.
LOCAL_RANK: 0 - CUDA_VISIBLE_DEVICES: [0]
[I 2023-11-30 13:28:03,385] Trial 60 finished with value: 10.480585098266602 and parameters: {'gradient_clip_val': 0.37256854474003165, 'hidden_size': 103, 'dropout': 0.3199829034626178, 'hidden_continuous_size': 54, 'attention_head_size': 3, 'learning_rate': 0.008485473391654357}. Best is trial 25 with value: 6.316642761230469.
LOCAL_RANK: 0 - CUDA_VISIBLE_DEVICES: [0]
[I 2023-11-30 13:28:17,548] Trial 61 finished with value: 8.339201927185059 and parameters: {'gradient_clip_val': 0.3528734071359922, 'hidden_size': 121, 'dropout': 0.3708744711273518, 'hidden_continuous_size': 60, 'attention_head_size': 3, 'learning_rate': 0.005442772757090638}. Best is trial 25 with value: 6.316642761230469.
LOCAL_RANK: 0 - CUDA_VISIBLE_DEVICES: [0]
[I 2023-11-30 13:28:31,885] Trial 62 finished with value: 7.075941562652588 and parameters: {'gradient_clip_val': 0.31924145694326533, 'hidden_size': 109, 'dropout': 0.3547528368373602, 'hidden_continuous_size': 76, 'attention_head_size': 4, 'learning_rate': 0.003931789682812487}. Best is trial 25 with value: 6.316642761230469.
LOCAL_RANK: 0 - CUDA_VISIBLE_DEVICES: [0]
[I 2023-11-30 13:28:46,172] Trial 63 finished with value: 8.79184627532959 and parameters: {'gradient_clip_val': 0.3079745886447531, 'hidden_size': 134, 'dropout': 0.3451008292177102, 'hidden_continuous_size': 53, 'attention_head_size': 4, 'learning_rate': 0.004028459726534286}. Best is trial 25 with value: 6.316642761230469.
LOCAL_RANK: 0 - CUDA_VISIBLE_DEVICES: [0]
[I 2023-11-30 13:29:00,524] Trial 64 finished with value: 8.725738525390625 and parameters: {'gradient_clip_val': 0.39178598180797874, 'hidden_size': 107, 'dropout': 0.32717019806467873, 'hidden_continuous_size': 79, 'attention_head_size': 4, 'learning_rate': 0.0029488734321959373}. Best is trial 25 with value: 6.316642761230469.
LOCAL_RANK: 0 - CUDA_VISIBLE_DEVICES: [0]
[I 2023-11-30 13:29:14,898] Trial 65 finished with value: 8.562235832214355 and parameters: {'gradient_clip_val': 0.3250759761052026, 'hidden_size': 79, 'dropout': 0.3546454573367632, 'hidden_continuous_size': 67, 'attention_head_size': 4, 'learning_rate': 0.003560780253044039}. Best is trial 25 with value: 6.316642761230469.
LOCAL_RANK: 0 - CUDA_VISIBLE_DEVICES: [0]
[I 2023-11-30 13:29:29,166] Trial 66 finished with value: 7.737943649291992 and parameters: {'gradient_clip_val': 0.2859667145910982, 'hidden_size': 91, 'dropout': 0.3093240256300974, 'hidden_continuous_size': 76, 'attention_head_size': 4, 'learning_rate': 0.00435081275934441}. Best is trial 25 with value: 6.316642761230469.
LOCAL_RANK: 0 - CUDA_VISIBLE_DEVICES: [0]
[I 2023-11-30 13:29:43,777] Trial 67 finished with value: 7.68574857711792 and parameters: {'gradient_clip_val': 0.34507247480433945, 'hidden_size': 139, 'dropout': 0.3598107856296992, 'hidden_continuous_size': 87, 'attention_head_size': 3, 'learning_rate': 0.005930795150262705}. Best is trial 25 with value: 6.316642761230469.
LOCAL_RANK: 0 - CUDA_VISIBLE_DEVICES: [0]
[I 2023-11-30 13:29:57,825] Trial 68 finished with value: 8.883166313171387 and parameters: {'gradient_clip_val': 0.3143001253881378, 'hidden_size': 100, 'dropout': 0.33448979777793636, 'hidden_continuous_size': 63, 'attention_head_size': 4, 'learning_rate': 0.00966219446284993}. Best is trial 25 with value: 6.316642761230469.
LOCAL_RANK: 0 - CUDA_VISIBLE_DEVICES: [0]
[I 2023-11-30 13:30:11,662] Trial 69 finished with value: 7.86113977432251 and parameters: {'gradient_clip_val': 0.40625404775259266, 'hidden_size': 75, 'dropout': 0.344917772791202, 'hidden_continuous_size': 68, 'attention_head_size': 1, 'learning_rate': 0.004906561183368502}. Best is trial 25 with value: 6.316642761230469.
LOCAL_RANK: 0 - CUDA_VISIBLE_DEVICES: [0]
[I 2023-11-30 13:30:25,866] Trial 70 finished with value: 7.964693546295166 and parameters: {'gradient_clip_val': 0.3772513879875955, 'hidden_size': 109, 'dropout': 0.38981549509151947, 'hidden_continuous_size': 58, 'attention_head_size': 3, 'learning_rate': 0.007539410990382835}. Best is trial 25 with value: 6.316642761230469.
LOCAL_RANK: 0 - CUDA_VISIBLE_DEVICES: [0]
[I 2023-11-30 13:30:40,233] Trial 71 finished with value: 6.907495021820068 and parameters: {'gradient_clip_val': 0.2663232396178299, 'hidden_size': 122, 'dropout': 0.37646562934682926, 'hidden_continuous_size': 92, 'attention_head_size': 2, 'learning_rate': 0.006193784100430969}. Best is trial 25 with value: 6.316642761230469.
LOCAL_RANK: 0 - CUDA_VISIBLE_DEVICES: [0]
[I 2023-11-30 13:30:54,399] Trial 72 finished with value: 11.289471626281738 and parameters: {'gradient_clip_val': 0.2842764754841146, 'hidden_size': 124, 'dropout': 0.3807462836985235, 'hidden_continuous_size': 94, 'attention_head_size': 1, 'learning_rate': 0.006609926789775287}. Best is trial 25 with value: 6.316642761230469.
LOCAL_RANK: 0 - CUDA_VISIBLE_DEVICES: [0]
[I 2023-11-30 13:31:08,709] Trial 73 finished with value: 7.483961582183838 and parameters: {'gradient_clip_val': 0.2672913647431843, 'hidden_size': 150, 'dropout': 0.36718392777421016, 'hidden_continuous_size': 45, 'attention_head_size': 2, 'learning_rate': 0.005697433136409411}. Best is trial 25 with value: 6.316642761230469.
LOCAL_RANK: 0 - CUDA_VISIBLE_DEVICES: [0]
[I 2023-11-30 13:31:23,062] Trial 74 finished with value: 7.861301898956299 and parameters: {'gradient_clip_val': 0.32524780175124907, 'hidden_size': 111, 'dropout': 0.3548313032748127, 'hidden_continuous_size': 85, 'attention_head_size': 1, 'learning_rate': 0.004505290553143687}. Best is trial 25 with value: 6.316642761230469.
LOCAL_RANK: 0 - CUDA_VISIBLE_DEVICES: [0]
[I 2023-11-30 13:31:37,190] Trial 75 finished with value: 9.093284606933594 and parameters: {'gradient_clip_val': 0.2402303082147299, 'hidden_size': 87, 'dropout': 0.39286562762394484, 'hidden_continuous_size': 77, 'attention_head_size': 2, 'learning_rate': 0.003949641370507124}. Best is trial 25 with value: 6.316642761230469.
LOCAL_RANK: 0 - CUDA_VISIBLE_DEVICES: [0]
[I 2023-11-30 13:31:51,240] Trial 76 finished with value: 8.927216529846191 and parameters: {'gradient_clip_val': 0.35517278197304347, 'hidden_size': 98, 'dropout': 0.380349303619795, 'hidden_continuous_size': 77, 'attention_head_size': 1, 'learning_rate': 0.006481056437407687}. Best is trial 25 with value: 6.316642761230469.
LOCAL_RANK: 0 - CUDA_VISIBLE_DEVICES: [0]
[I 2023-11-30 13:32:05,454] Trial 77 finished with value: 7.941403865814209 and parameters: {'gradient_clip_val': 0.2923949978454042, 'hidden_size': 140, 'dropout': 0.3663863018488119, 'hidden_continuous_size': 52, 'attention_head_size': 3, 'learning_rate': 0.005226484551242614}. Best is trial 25 with value: 6.316642761230469.
LOCAL_RANK: 0 - CUDA_VISIBLE_DEVICES: [0]
[I 2023-11-30 13:32:19,450] Trial 78 finished with value: 9.257466316223145 and parameters: {'gradient_clip_val': 0.26392054348301314, 'hidden_size': 116, 'dropout': 0.3749530721424262, 'hidden_continuous_size': 88, 'attention_head_size': 1, 'learning_rate': 0.007507102615395408}. Best is trial 25 with value: 6.316642761230469.
LOCAL_RANK: 0 - CUDA_VISIBLE_DEVICES: [0]
[I 2023-11-30 13:32:33,672] Trial 79 finished with value: 7.085165500640869 and parameters: {'gradient_clip_val': 0.31054301793601413, 'hidden_size': 127, 'dropout': 0.3509944803822369, 'hidden_continuous_size': 58, 'attention_head_size': 1, 'learning_rate': 0.004824140288144168}. Best is trial 25 with value: 6.316642761230469.
LOCAL_RANK: 0 - CUDA_VISIBLE_DEVICES: [0]
[I 2023-11-30 13:32:47,829] Trial 80 finished with value: 8.640166282653809 and parameters: {'gradient_clip_val': 0.34191331737176966, 'hidden_size': 125, 'dropout': 0.3348827132790881, 'hidden_continuous_size': 57, 'attention_head_size': 2, 'learning_rate': 0.0034354810581554932}. Best is trial 25 with value: 6.316642761230469.
LOCAL_RANK: 0 - CUDA_VISIBLE_DEVICES: [0]
[I 2023-11-30 13:33:01,979] Trial 81 finished with value: 8.014911651611328 and parameters: {'gradient_clip_val': 0.3102516614582829, 'hidden_size': 135, 'dropout': 0.35005258529317507, 'hidden_continuous_size': 62, 'attention_head_size': 1, 'learning_rate': 0.004761077111715226}. Best is trial 25 with value: 6.316642761230469.
LOCAL_RANK: 0 - CUDA_VISIBLE_DEVICES: [0]
[I 2023-11-30 13:33:16,041] Trial 82 finished with value: 7.78231954574585 and parameters: {'gradient_clip_val': 0.2742989938904673, 'hidden_size': 106, 'dropout': 0.35921881594280863, 'hidden_continuous_size': 71, 'attention_head_size': 1, 'learning_rate': 0.0058939234691629365}. Best is trial 25 with value: 6.316642761230469.
LOCAL_RANK: 0 - CUDA_VISIBLE_DEVICES: [0]
[I 2023-11-30 13:33:30,163] Trial 83 finished with value: 7.74066686630249 and parameters: {'gradient_clip_val': 0.29872025881856396, 'hidden_size': 116, 'dropout': 0.39993363949341737, 'hidden_continuous_size': 81, 'attention_head_size': 1, 'learning_rate': 0.002857822708311456}. Best is trial 25 with value: 6.316642761230469.
LOCAL_RANK: 0 - CUDA_VISIBLE_DEVICES: [0]
[I 2023-11-30 13:33:45,703] Trial 84 finished with value: 12.419425964355469 and parameters: {'gradient_clip_val': 0.3228072136557493, 'hidden_size': 125, 'dropout': 0.34190424606098135, 'hidden_continuous_size': 93, 'attention_head_size': 1, 'learning_rate': 0.00375696144503644}. Best is trial 25 with value: 6.316642761230469.
LOCAL_RANK: 0 - CUDA_VISIBLE_DEVICES: [0]
[I 2023-11-30 13:34:00,683] Trial 85 finished with value: 8.820631980895996 and parameters: {'gradient_clip_val': 0.2486593738046684, 'hidden_size': 98, 'dropout': 0.3838427079465141, 'hidden_continuous_size': 71, 'attention_head_size': 1, 'learning_rate': 0.005240898640051729}. Best is trial 25 with value: 6.316642761230469.
LOCAL_RANK: 0 - CUDA_VISIBLE_DEVICES: [0]
[I 2023-11-30 13:34:15,880] Trial 86 finished with value: 9.209854125976562 and parameters: {'gradient_clip_val': 0.3621201486176023, 'hidden_size': 140, 'dropout': 0.37368023264093253, 'hidden_continuous_size': 50, 'attention_head_size': 1, 'learning_rate': 0.004247677144569954}. Best is trial 25 with value: 6.316642761230469.
LOCAL_RANK: 0 - CUDA_VISIBLE_DEVICES: [0]
[I 2023-11-30 13:34:30,729] Trial 87 finished with value: 9.984763145446777 and parameters: {'gradient_clip_val': 0.295226163099699, 'hidden_size': 92, 'dropout': 0.36374631750598374, 'hidden_continuous_size': 64, 'attention_head_size': 1, 'learning_rate': 0.006656705712671958}. Best is trial 25 with value: 6.316642761230469.
LOCAL_RANK: 0 - CUDA_VISIBLE_DEVICES: [0]
[I 2023-11-30 13:34:45,746] Trial 88 finished with value: 8.080761909484863 and parameters: {'gradient_clip_val': 0.3383432641366391, 'hidden_size': 82, 'dropout': 0.3501264742618935, 'hidden_continuous_size': 74, 'attention_head_size': 2, 'learning_rate': 0.005905059552291098}. Best is trial 25 with value: 6.316642761230469.
LOCAL_RANK: 0 - CUDA_VISIBLE_DEVICES: [0]
[I 2023-11-30 13:35:01,635] Trial 89 finished with value: 9.905903816223145 and parameters: {'gradient_clip_val': 0.26028112878200693, 'hidden_size': 115, 'dropout': 0.39351420872742887, 'hidden_continuous_size': 57, 'attention_head_size': 1, 'learning_rate': 0.00473617331815684}. Best is trial 25 with value: 6.316642761230469.
LOCAL_RANK: 0 - CUDA_VISIBLE_DEVICES: [0]
[I 2023-11-30 13:35:16,936] Trial 90 finished with value: 6.487485408782959 and parameters: {'gradient_clip_val': 0.235841460306472, 'hidden_size': 104, 'dropout': 0.3804537908028249, 'hidden_continuous_size': 60, 'attention_head_size': 1, 'learning_rate': 0.007684515381207968}. Best is trial 25 with value: 6.316642761230469.
LOCAL_RANK: 0 - CUDA_VISIBLE_DEVICES: [0]
[I 2023-11-30 13:35:32,449] Trial 91 finished with value: 8.904805183410645 and parameters: {'gradient_clip_val': 0.2395265167408949, 'hidden_size': 128, 'dropout': 0.3801158965615561, 'hidden_continuous_size': 61, 'attention_head_size': 1, 'learning_rate': 0.0071845643333744436}. Best is trial 25 with value: 6.316642761230469.
LOCAL_RANK: 0 - CUDA_VISIBLE_DEVICES: [0]
[I 2023-11-30 13:35:47,864] Trial 92 finished with value: 6.9211297035217285 and parameters: {'gradient_clip_val': 0.27802062435158026, 'hidden_size': 103, 'dropout': 0.38471571472936394, 'hidden_continuous_size': 66, 'attention_head_size': 1, 'learning_rate': 0.007960547624318396}. Best is trial 25 with value: 6.316642761230469.
LOCAL_RANK: 0 - CUDA_VISIBLE_DEVICES: [0]
[I 2023-11-30 13:36:03,240] Trial 93 finished with value: 7.388563632965088 and parameters: {'gradient_clip_val': 0.22870554407579113, 'hidden_size': 105, 'dropout': 0.38548680047291534, 'hidden_continuous_size': 66, 'attention_head_size': 1, 'learning_rate': 0.007930833358469737}. Best is trial 25 with value: 6.316642761230469.
LOCAL_RANK: 0 - CUDA_VISIBLE_DEVICES: [0]
[I 2023-11-30 13:36:18,323] Trial 94 finished with value: 9.760157585144043 and parameters: {'gradient_clip_val': 0.27704411867590484, 'hidden_size': 101, 'dropout': 0.3682777790135787, 'hidden_continuous_size': 55, 'attention_head_size': 1, 'learning_rate': 0.009302975391576656}. Best is trial 25 with value: 6.316642761230469.
LOCAL_RANK: 0 - CUDA_VISIBLE_DEVICES: [0]
[I 2023-11-30 13:36:33,841] Trial 95 finished with value: 5.7452826499938965 and parameters: {'gradient_clip_val': 0.25934291527653536, 'hidden_size': 86, 'dropout': 0.35696630173968413, 'hidden_continuous_size': 77, 'attention_head_size': 1, 'learning_rate': 0.010328250345355726}. Best is trial 95 with value: 5.7452826499938965.
LOCAL_RANK: 0 - CUDA_VISIBLE_DEVICES: [0]
[I 2023-11-30 13:36:49,503] Trial 96 finished with value: 7.650223255157471 and parameters: {'gradient_clip_val': 0.25722712597179304, 'hidden_size': 85, 'dropout': 0.3731789752220419, 'hidden_continuous_size': 77, 'attention_head_size': 1, 'learning_rate': 0.011739102129741464}. Best is trial 95 with value: 5.7452826499938965.
LOCAL_RANK: 0 - CUDA_VISIBLE_DEVICES: [0]
[I 2023-11-30 13:37:04,904] Trial 97 finished with value: 9.908254623413086 and parameters: {'gradient_clip_val': 0.24921720828400842, 'hidden_size': 94, 'dropout': 0.3945198363018413, 'hidden_continuous_size': 84, 'attention_head_size': 1, 'learning_rate': 0.009765316669172332}. Best is trial 95 with value: 5.7452826499938965.
LOCAL_RANK: 0 - CUDA_VISIBLE_DEVICES: [0]
[I 2023-11-30 13:37:19,750] Trial 98 finished with value: 9.626137733459473 and parameters: {'gradient_clip_val': 0.23303533477940067, 'hidden_size': 76, 'dropout': 0.38496323694233403, 'hidden_continuous_size': 65, 'attention_head_size': 1, 'learning_rate': 0.008433342647643912}. Best is trial 95 with value: 5.7452826499938965.
LOCAL_RANK: 0 - CUDA_VISIBLE_DEVICES: [0]
[I 2023-11-30 13:37:35,241] Trial 99 finished with value: 10.122862815856934 and parameters: {'gradient_clip_val': 0.2188337351944608, 'hidden_size': 90, 'dropout': 0.35677006213762436, 'hidden_continuous_size': 82, 'attention_head_size': 2, 'learning_rate': 0.014998380318238556}. Best is trial 95 with value: 5.7452826499938965.
LOCAL_RANK: 0 - CUDA_VISIBLE_DEVICES: [0]
[I 2023-11-30 13:37:50,873] Trial 100 finished with value: 7.426919937133789 and parameters: {'gradient_clip_val': 0.28521668781224796, 'hidden_size': 70, 'dropout': 0.3628006587076052, 'hidden_continuous_size': 66, 'attention_head_size': 3, 'learning_rate': 0.01043861837336171}. Best is trial 95 with value: 5.7452826499938965.
LOCAL_RANK: 0 - CUDA_VISIBLE_DEVICES: [0]
[I 2023-11-30 13:38:06,388] Trial 101 finished with value: 9.171996116638184 and parameters: {'gradient_clip_val': 0.314930231258686, 'hidden_size': 112, 'dropout': 0.3436554701638389, 'hidden_continuous_size': 59, 'attention_head_size': 1, 'learning_rate': 0.007967761172480178}. Best is trial 95 with value: 5.7452826499938965.
LOCAL_RANK: 0 - CUDA_VISIBLE_DEVICES: [0]
[I 2023-11-30 13:38:21,812] Trial 102 finished with value: 8.602627754211426 and parameters: {'gradient_clip_val': 0.2667122151765767, 'hidden_size': 120, 'dropout': 0.3546095369153438, 'hidden_continuous_size': 71, 'attention_head_size': 1, 'learning_rate': 0.00628237981012986}. Best is trial 95 with value: 5.7452826499938965.
LOCAL_RANK: 0 - CUDA_VISIBLE_DEVICES: [0]
[I 2023-11-30 13:38:36,931] Trial 103 finished with value: 8.384636878967285 and parameters: {'gradient_clip_val': 0.3021257761286186, 'hidden_size': 105, 'dropout': 0.3758816538283148, 'hidden_continuous_size': 69, 'attention_head_size': 1, 'learning_rate': 0.008860705471606525}. Best is trial 95 with value: 5.7452826499938965.
LOCAL_RANK: 0 - CUDA_VISIBLE_DEVICES: [0]
[I 2023-11-30 13:38:53,423] Trial 104 finished with value: 7.572631359100342 and parameters: {'gradient_clip_val': 0.2712828738013025, 'hidden_size': 143, 'dropout': 0.332891870280802, 'hidden_continuous_size': 102, 'attention_head_size': 1, 'learning_rate': 0.007049947057526945}. Best is trial 95 with value: 5.7452826499938965.
LOCAL_RANK: 0 - CUDA_VISIBLE_DEVICES: [0]
[I 2023-11-30 13:39:09,442] Trial 105 finished with value: 9.940398216247559 and parameters: {'gradient_clip_val': 0.3326840040879094, 'hidden_size': 131, 'dropout': 0.33881659200977154, 'hidden_continuous_size': 90, 'attention_head_size': 1, 'learning_rate': 0.004974373841108041}. Best is trial 95 with value: 5.7452826499938965.
LOCAL_RANK: 0 - CUDA_VISIBLE_DEVICES: [0]
[I 2023-11-30 13:39:25,129] Trial 106 finished with value: 6.515594959259033 and parameters: {'gradient_clip_val': 0.24488530126921718, 'hidden_size': 98, 'dropout': 0.34992912022458916, 'hidden_continuous_size': 81, 'attention_head_size': 1, 'learning_rate': 0.005336119029087404}. Best is trial 95 with value: 5.7452826499938965.
LOCAL_RANK: 0 - CUDA_VISIBLE_DEVICES: [0]
[I 2023-11-30 13:39:40,399] Trial 107 finished with value: 8.176746368408203 and parameters: {'gradient_clip_val': 0.2498951286830389, 'hidden_size': 79, 'dropout': 0.36271808805260597, 'hidden_continuous_size': 74, 'attention_head_size': 4, 'learning_rate': 0.00565863987468342}. Best is trial 95 with value: 5.7452826499938965.
LOCAL_RANK: 0 - CUDA_VISIBLE_DEVICES: [0]
[I 2023-11-30 13:39:55,898] Trial 108 finished with value: 8.663213729858398 and parameters: {'gradient_clip_val': 0.21031829460510634, 'hidden_size': 94, 'dropout': 0.3300652051379578, 'hidden_continuous_size': 79, 'attention_head_size': 1, 'learning_rate': 0.010830621018805237}. Best is trial 95 with value: 5.7452826499938965.
LOCAL_RANK: 0 - CUDA_VISIBLE_DEVICES: [0]
