[I 2023-11-30 02:46:05,566] Trial 141 finished with value: 4.713626861572266 and parameters: {'gradient_clip_val': 0.5367337231350071, 'hidden_size': 34, 'dropout': 0.1314286337076447, 'hidden_continuous_size': 12, 'attention_head_size': 2, 'learning_rate': 0.01803883073820971}. Best is trial 13 with value: 3.946019411087036.
LOCAL_RANK: 0 - CUDA_VISIBLE_DEVICES: [0]
[I 2023-11-30 02:46:18,253] Trial 142 finished with value: 4.523468494415283 and parameters: {'gradient_clip_val': 0.5736630482852371, 'hidden_size': 35, 'dropout': 0.12481176417300692, 'hidden_continuous_size': 13, 'attention_head_size': 2, 'learning_rate': 0.016223234861904214}. Best is trial 13 with value: 3.946019411087036.
LOCAL_RANK: 0 - CUDA_VISIBLE_DEVICES: [0]
[I 2023-11-30 02:46:30,762] Trial 143 finished with value: 4.417211055755615 and parameters: {'gradient_clip_val': 0.6193810851423418, 'hidden_size': 31, 'dropout': 0.14927489878623998, 'hidden_continuous_size': 19, 'attention_head_size': 2, 'learning_rate': 0.01716253904135923}. Best is trial 13 with value: 3.946019411087036.
LOCAL_RANK: 0 - CUDA_VISIBLE_DEVICES: [0]
[I 2023-11-30 02:46:43,172] Trial 144 finished with value: 5.556056976318359 and parameters: {'gradient_clip_val': 0.6948334610540474, 'hidden_size': 29, 'dropout': 0.1379108651631674, 'hidden_continuous_size': 12, 'attention_head_size': 4, 'learning_rate': 0.014894351129069427}. Best is trial 13 with value: 3.946019411087036.
LOCAL_RANK: 0 - CUDA_VISIBLE_DEVICES: [0]
[I 2023-11-30 02:46:55,876] Trial 145 finished with value: 4.430321216583252 and parameters: {'gradient_clip_val': 0.6678583055266335, 'hidden_size': 41, 'dropout': 0.15568001623703032, 'hidden_continuous_size': 13, 'attention_head_size': 2, 'learning_rate': 0.01934207708497324}. Best is trial 13 with value: 3.946019411087036.
LOCAL_RANK: 0 - CUDA_VISIBLE_DEVICES: [0]
[I 2023-11-30 02:47:09,834] Trial 146 finished with value: 4.315606117248535 and parameters: {'gradient_clip_val': 0.7287166995802261, 'hidden_size': 122, 'dropout': 0.27810441195731017, 'hidden_continuous_size': 14, 'attention_head_size': 3, 'learning_rate': 0.012994818944856578}. Best is trial 13 with value: 3.946019411087036.
LOCAL_RANK: 0 - CUDA_VISIBLE_DEVICES: [0]
[I 2023-11-30 02:47:23,095] Trial 147 finished with value: 4.246934413909912 and parameters: {'gradient_clip_val': 0.48762282566266235, 'hidden_size': 74, 'dropout': 0.11685495397247879, 'hidden_continuous_size': 15, 'attention_head_size': 2, 'learning_rate': 0.011553429130808385}. Best is trial 13 with value: 3.946019411087036.
LOCAL_RANK: 0 - CUDA_VISIBLE_DEVICES: [0]
[I 2023-11-30 02:47:35,435] Trial 148 finished with value: 4.198692798614502 and parameters: {'gradient_clip_val': 0.5972477727724843, 'hidden_size': 32, 'dropout': 0.13446963749726532, 'hidden_continuous_size': 19, 'attention_head_size': 2, 'learning_rate': 0.02221342440853555}. Best is trial 13 with value: 3.946019411087036.
LOCAL_RANK: 0 - CUDA_VISIBLE_DEVICES: [0]
[I 2023-11-30 02:47:48,342] Trial 149 finished with value: 4.567280292510986 and parameters: {'gradient_clip_val': 0.5492349794558752, 'hidden_size': 37, 'dropout': 0.1463438784000406, 'hidden_continuous_size': 31, 'attention_head_size': 4, 'learning_rate': 0.00982602277515531}. Best is trial 13 with value: 3.946019411087036.
[I 2023-11-30 02:47:48,453] A new study created in memory with name: no-name-63236f7b-2746-4c08-9610-5e7319ddc202
/home/le004/conda/anaconda3/envs/tsff_env/lib/python3.9/site-packages/lightning/fabric/plugins/environments/slurm.py:191: The `srun` command is available on your system but is not used. HINT: If your intention is to run Lightning on SLURM, prepend your python command with `srun` like so: srun python /home/le004/master_thesis/git/TSFusionForecast/code/ ...
LOCAL_RANK: 0 - CUDA_VISIBLE_DEVICES: [0]
[I 2023-11-30 02:48:01,638] Trial 0 finished with value: 3.2042338848114014 and parameters: {'gradient_clip_val': 0.8469884631157364, 'hidden_size': 59, 'dropout': 0.20895658348906518, 'hidden_continuous_size': 28, 'attention_head_size': 1, 'learning_rate': 0.0804207350770458}. Best is trial 0 with value: 3.2042338848114014.
LOCAL_RANK: 0 - CUDA_VISIBLE_DEVICES: [0]
[I 2023-11-30 02:48:12,171] Trial 1 finished with value: 3.7948124408721924 and parameters: {'gradient_clip_val': 0.933127025187142, 'hidden_size': 12, 'dropout': 0.18925396500147795, 'hidden_continuous_size': 12, 'attention_head_size': 4, 'learning_rate': 0.009717693406866604}. Best is trial 0 with value: 3.2042338848114014.
LOCAL_RANK: 0 - CUDA_VISIBLE_DEVICES: [0]
[I 2023-11-30 02:48:24,702] Trial 2 finished with value: 3.275341272354126 and parameters: {'gradient_clip_val': 0.22905912811414988, 'hidden_size': 31, 'dropout': 0.17873508718733302, 'hidden_continuous_size': 18, 'attention_head_size': 3, 'learning_rate': 0.08760147694356102}. Best is trial 0 with value: 3.2042338848114014.
LOCAL_RANK: 0 - CUDA_VISIBLE_DEVICES: [0]
[I 2023-11-30 02:48:38,036] Trial 3 finished with value: 3.1753108501434326 and parameters: {'gradient_clip_val': 0.8688733413111277, 'hidden_size': 70, 'dropout': 0.16788684320222647, 'hidden_continuous_size': 17, 'attention_head_size': 4, 'learning_rate': 0.029171764099919933}. Best is trial 3 with value: 3.1753108501434326.
LOCAL_RANK: 0 - CUDA_VISIBLE_DEVICES: [0]
[I 2023-11-30 02:48:49,773] Trial 4 finished with value: 4.449423313140869 and parameters: {'gradient_clip_val': 0.7638965803193792, 'hidden_size': 12, 'dropout': 0.2595990245736066, 'hidden_continuous_size': 10, 'attention_head_size': 3, 'learning_rate': 0.01723934552372962}. Best is trial 3 with value: 3.1753108501434326.
LOCAL_RANK: 0 - CUDA_VISIBLE_DEVICES: [0]
[I 2023-11-30 02:49:01,930] Trial 5 finished with value: 4.467098712921143 and parameters: {'gradient_clip_val': 0.13133913149393997, 'hidden_size': 23, 'dropout': 0.2521341607837122, 'hidden_continuous_size': 10, 'attention_head_size': 3, 'learning_rate': 0.008781426948929427}. Best is trial 3 with value: 3.1753108501434326.
LOCAL_RANK: 0 - CUDA_VISIBLE_DEVICES: [0]
[I 2023-11-30 02:49:13,720] Trial 6 finished with value: 10.612567901611328 and parameters: {'gradient_clip_val': 0.4915556410273355, 'hidden_size': 12, 'dropout': 0.36401803136700595, 'hidden_continuous_size': 10, 'attention_head_size': 2, 'learning_rate': 0.003133224099514441}. Best is trial 3 with value: 3.1753108501434326.
LOCAL_RANK: 0 - CUDA_VISIBLE_DEVICES: [0]
[I 2023-11-30 02:49:25,986] Trial 7 finished with value: 9.017402648925781 and parameters: {'gradient_clip_val': 0.28757166713566784, 'hidden_size': 19, 'dropout': 0.24462421305878024, 'hidden_continuous_size': 16, 'attention_head_size': 4, 'learning_rate': 0.0011203491043139727}. Best is trial 3 with value: 3.1753108501434326.
LOCAL_RANK: 0 - CUDA_VISIBLE_DEVICES: [0]
[I 2023-11-30 02:49:37,974] Trial 8 finished with value: 4.812622547149658 and parameters: {'gradient_clip_val': 0.6379851079069113, 'hidden_size': 17, 'dropout': 0.3782905250788393, 'hidden_continuous_size': 14, 'attention_head_size': 1, 'learning_rate': 0.012644926739203427}. Best is trial 3 with value: 3.1753108501434326.
LOCAL_RANK: 0 - CUDA_VISIBLE_DEVICES: [0]
[I 2023-11-30 02:49:50,822] Trial 9 finished with value: 3.9571893215179443 and parameters: {'gradient_clip_val': 0.47607775003071495, 'hidden_size': 39, 'dropout': 0.1491381171030517, 'hidden_continuous_size': 35, 'attention_head_size': 3, 'learning_rate': 0.006272216699257385}. Best is trial 3 with value: 3.1753108501434326.
LOCAL_RANK: 0 - CUDA_VISIBLE_DEVICES: [0]
[I 2023-11-30 02:50:05,281] Trial 10 finished with value: 3.4333953857421875 and parameters: {'gradient_clip_val': 0.41961580814721494, 'hidden_size': 131, 'dropout': 0.1165850881746604, 'hidden_continuous_size': 76, 'attention_head_size': 4, 'learning_rate': 0.02763841175433658}. Best is trial 3 with value: 3.1753108501434326.
LOCAL_RANK: 0 - CUDA_VISIBLE_DEVICES: [0]
[I 2023-11-30 02:50:18,706] Trial 11 finished with value: 3.0447206497192383 and parameters: {'gradient_clip_val': 0.9943905770919544, 'hidden_size': 66, 'dropout': 0.11706599355839659, 'hidden_continuous_size': 25, 'attention_head_size': 1, 'learning_rate': 0.07401555345963952}. Best is trial 11 with value: 3.0447206497192383.
LOCAL_RANK: 0 - CUDA_VISIBLE_DEVICES: [0]
[I 2023-11-30 02:50:32,133] Trial 12 finished with value: 2.9627912044525146 and parameters: {'gradient_clip_val': 0.9024702591909705, 'hidden_size': 74, 'dropout': 0.10089921045706185, 'hidden_continuous_size': 22, 'attention_head_size': 2, 'learning_rate': 0.04079502799701997}. Best is trial 12 with value: 2.9627912044525146.
LOCAL_RANK: 0 - CUDA_VISIBLE_DEVICES: [0]
[I 2023-11-30 02:50:45,641] Trial 13 finished with value: 3.195050001144409 and parameters: {'gradient_clip_val': 0.9868150436486014, 'hidden_size': 89, 'dropout': 0.1015364345634893, 'hidden_continuous_size': 25, 'attention_head_size': 2, 'learning_rate': 0.04824832293764304}. Best is trial 12 with value: 2.9627912044525146.
LOCAL_RANK: 0 - CUDA_VISIBLE_DEVICES: [0]
[I 2023-11-30 02:50:58,424] Trial 14 finished with value: 2.9080257415771484 and parameters: {'gradient_clip_val': 0.542265916755207, 'hidden_size': 50, 'dropout': 0.10813586645761457, 'hidden_continuous_size': 21, 'attention_head_size': 1, 'learning_rate': 0.04990457926884525}. Best is trial 14 with value: 2.9080257415771484.
LOCAL_RANK: 0 - CUDA_VISIBLE_DEVICES: [0]
[I 2023-11-30 02:51:11,053] Trial 15 finished with value: 2.786208391189575 and parameters: {'gradient_clip_val': 0.6232905127186411, 'hidden_size': 44, 'dropout': 0.1465431110767241, 'hidden_continuous_size': 21, 'attention_head_size': 2, 'learning_rate': 0.032979644479891886}. Best is trial 15 with value: 2.786208391189575.
LOCAL_RANK: 0 - CUDA_VISIBLE_DEVICES: [0]
[I 2023-11-30 02:51:23,965] Trial 16 finished with value: 2.880666732788086 and parameters: {'gradient_clip_val': 0.6614910469495768, 'hidden_size': 46, 'dropout': 0.1466129925269327, 'hidden_continuous_size': 20, 'attention_head_size': 1, 'learning_rate': 0.022637774696640512}. Best is trial 15 with value: 2.786208391189575.
LOCAL_RANK: 0 - CUDA_VISIBLE_DEVICES: [0]
[I 2023-11-30 02:51:36,577] Trial 17 finished with value: 2.7566680908203125 and parameters: {'gradient_clip_val': 0.6282191805840026, 'hidden_size': 42, 'dropout': 0.14982121188221917, 'hidden_continuous_size': 14, 'attention_head_size': 2, 'learning_rate': 0.020447455706663214}. Best is trial 17 with value: 2.7566680908203125.
LOCAL_RANK: 0 - CUDA_VISIBLE_DEVICES: [0]
[I 2023-11-30 02:51:49,072] Trial 18 finished with value: 2.6915950775146484 and parameters: {'gradient_clip_val': 0.6246038105995076, 'hidden_size': 33, 'dropout': 0.21640932337322816, 'hidden_continuous_size': 14, 'attention_head_size': 2, 'learning_rate': 0.016963130210217104}. Best is trial 18 with value: 2.6915950775146484.
LOCAL_RANK: 0 - CUDA_VISIBLE_DEVICES: [0]
[I 2023-11-30 02:52:01,430] Trial 19 finished with value: 2.9826018810272217 and parameters: {'gradient_clip_val': 0.3817405603369187, 'hidden_size': 31, 'dropout': 0.2200092372975716, 'hidden_continuous_size': 13, 'attention_head_size': 2, 'learning_rate': 0.01670271971410831}. Best is trial 18 with value: 2.6915950775146484.
LOCAL_RANK: 0 - CUDA_VISIBLE_DEVICES: [0]
[I 2023-11-30 02:52:13,568] Trial 20 finished with value: 3.1129534244537354 and parameters: {'gradient_clip_val': 0.38082155559108505, 'hidden_size': 31, 'dropout': 0.2917394982991083, 'hidden_continuous_size': 12, 'attention_head_size': 2, 'learning_rate': 0.018144220852194727}. Best is trial 18 with value: 2.6915950775146484.
LOCAL_RANK: 0 - CUDA_VISIBLE_DEVICES: [0]
[I 2023-11-30 02:52:26,255] Trial 21 finished with value: 2.8897740840911865 and parameters: {'gradient_clip_val': 0.6302673206571995, 'hidden_size': 42, 'dropout': 0.14587849286511542, 'hidden_continuous_size': 15, 'attention_head_size': 2, 'learning_rate': 0.03259224186813181}. Best is trial 18 with value: 2.6915950775146484.
LOCAL_RANK: 0 - CUDA_VISIBLE_DEVICES: [0]
[I 2023-11-30 02:52:39,040] Trial 22 finished with value: 2.8683576583862305 and parameters: {'gradient_clip_val': 0.5759767386095548, 'hidden_size': 51, 'dropout': 0.18466022358833298, 'hidden_continuous_size': 15, 'attention_head_size': 2, 'learning_rate': 0.02494056778010253}. Best is trial 18 with value: 2.6915950775146484.
LOCAL_RANK: 0 - CUDA_VISIBLE_DEVICES: [0]
[I 2023-11-30 02:52:51,633] Trial 23 finished with value: 3.015652894973755 and parameters: {'gradient_clip_val': 0.7558695575170492, 'hidden_size': 38, 'dropout': 0.1448251345500038, 'hidden_continuous_size': 17, 'attention_head_size': 2, 'learning_rate': 0.04083507965728822}. Best is trial 18 with value: 2.6915950775146484.
LOCAL_RANK: 0 - CUDA_VISIBLE_DEVICES: [0]
[I 2023-11-30 02:53:03,746] Trial 24 finished with value: 2.91841197013855 and parameters: {'gradient_clip_val': 0.6770414484651405, 'hidden_size': 28, 'dropout': 0.20810338288525093, 'hidden_continuous_size': 13, 'attention_head_size': 3, 'learning_rate': 0.013741800513635523}. Best is trial 18 with value: 2.6915950775146484.
LOCAL_RANK: 0 - CUDA_VISIBLE_DEVICES: [0]
[I 2023-11-30 02:53:16,409] Trial 25 finished with value: 3.1032726764678955 and parameters: {'gradient_clip_val': 0.4822592670976802, 'hidden_size': 37, 'dropout': 0.1641668514342326, 'hidden_continuous_size': 18, 'attention_head_size': 2, 'learning_rate': 0.022089191910383634}. Best is trial 18 with value: 2.6915950775146484.
LOCAL_RANK: 0 - CUDA_VISIBLE_DEVICES: [0]
[I 2023-11-30 02:53:29,435] Trial 26 finished with value: 2.7836475372314453 and parameters: {'gradient_clip_val': 0.5605154809787561, 'hidden_size': 54, 'dropout': 0.12890505342185699, 'hidden_continuous_size': 12, 'attention_head_size': 3, 'learning_rate': 0.051876295005699485}. Best is trial 18 with value: 2.6915950775146484.
LOCAL_RANK: 0 - CUDA_VISIBLE_DEVICES: [0]
[I 2023-11-30 02:53:42,295] Trial 27 finished with value: 2.976433515548706 and parameters: {'gradient_clip_val': 0.7529582346465905, 'hidden_size': 58, 'dropout': 0.12305376538165655, 'hidden_continuous_size': 11, 'attention_head_size': 3, 'learning_rate': 0.05513237146608017}. Best is trial 18 with value: 2.6915950775146484.
LOCAL_RANK: 0 - CUDA_VISIBLE_DEVICES: [0]
[I 2023-11-30 02:53:54,634] Trial 28 finished with value: 2.8719091415405273 and parameters: {'gradient_clip_val': 0.5400737287280337, 'hidden_size': 25, 'dropout': 0.1965259111283304, 'hidden_continuous_size': 14, 'attention_head_size': 3, 'learning_rate': 0.09450314189948786}. Best is trial 18 with value: 2.6915950775146484.
LOCAL_RANK: 0 - CUDA_VISIBLE_DEVICES: [0]
[I 2023-11-30 02:54:07,348] Trial 29 finished with value: 3.156562089920044 and parameters: {'gradient_clip_val': 0.7694984591391756, 'hidden_size': 58, 'dropout': 0.12769185791000442, 'hidden_continuous_size': 11, 'attention_head_size': 1, 'learning_rate': 0.07025936655280875}. Best is trial 18 with value: 2.6915950775146484.
LOCAL_RANK: 0 - CUDA_VISIBLE_DEVICES: [0]
[I 2023-11-30 02:54:20,669] Trial 30 finished with value: 3.3366901874542236 and parameters: {'gradient_clip_val': 0.43346030841105887, 'hidden_size': 85, 'dropout': 0.1711701031912132, 'hidden_continuous_size': 13, 'attention_head_size': 3, 'learning_rate': 0.05881388112033311}. Best is trial 18 with value: 2.6915950775146484.
LOCAL_RANK: 0 - CUDA_VISIBLE_DEVICES: [0]
[I 2023-11-30 02:54:33,470] Trial 31 finished with value: 2.82938289642334 and parameters: {'gradient_clip_val': 0.5769899572822772, 'hidden_size': 48, 'dropout': 0.1355371547559008, 'hidden_continuous_size': 15, 'attention_head_size': 2, 'learning_rate': 0.0367065657476562}. Best is trial 18 with value: 2.6915950775146484.
LOCAL_RANK: 0 - CUDA_VISIBLE_DEVICES: [0]
[I 2023-11-30 02:54:46,016] Trial 32 finished with value: 3.2744226455688477 and parameters: {'gradient_clip_val': 0.6663052246430571, 'hidden_size': 35, 'dropout': 0.16031007505832692, 'hidden_continuous_size': 12, 'attention_head_size': 2, 'learning_rate': 0.028506845862506975}. Best is trial 18 with value: 2.6915950775146484.
LOCAL_RANK: 0 - CUDA_VISIBLE_DEVICES: [0]
[I 2023-11-30 02:54:58,610] Trial 33 finished with value: 3.0863234996795654 and parameters: {'gradient_clip_val': 0.833019990992339, 'hidden_size': 43, 'dropout': 0.13413522691125065, 'hidden_continuous_size': 11, 'attention_head_size': 2, 'learning_rate': 0.03552551497390128}. Best is trial 18 with value: 2.6915950775146484.
LOCAL_RANK: 0 - CUDA_VISIBLE_DEVICES: [0]
[I 2023-11-30 02:55:11,471] Trial 34 finished with value: 3.0830249786376953 and parameters: {'gradient_clip_val': 0.5586879765500709, 'hidden_size': 54, 'dropout': 0.1785019169232202, 'hidden_continuous_size': 19, 'attention_head_size': 3, 'learning_rate': 0.0630401764869119}. Best is trial 18 with value: 2.6915950775146484.
LOCAL_RANK: 0 - CUDA_VISIBLE_DEVICES: [0]
[I 2023-11-30 02:55:24,011] Trial 35 finished with value: 2.9827072620391846 and parameters: {'gradient_clip_val': 0.8396525972433228, 'hidden_size': 34, 'dropout': 0.15640017462018635, 'hidden_continuous_size': 16, 'attention_head_size': 2, 'learning_rate': 0.020725737458901314}. Best is trial 18 with value: 2.6915950775146484.
LOCAL_RANK: 0 - CUDA_VISIBLE_DEVICES: [0]
[I 2023-11-30 02:55:36,845] Trial 36 finished with value: 3.246373414993286 and parameters: {'gradient_clip_val': 0.3358559891796385, 'hidden_size': 43, 'dropout': 0.19257733181304748, 'hidden_continuous_size': 14, 'attention_head_size': 3, 'learning_rate': 0.03164041782642687}. Best is trial 18 with value: 2.6915950775146484.
LOCAL_RANK: 0 - CUDA_VISIBLE_DEVICES: [0]
[I 2023-11-30 02:55:50,189] Trial 37 finished with value: 3.3346900939941406 and parameters: {'gradient_clip_val': 0.4949372143042984, 'hidden_size': 63, 'dropout': 0.17317840419303013, 'hidden_continuous_size': 18, 'attention_head_size': 4, 'learning_rate': 0.09487297463933078}. Best is trial 18 with value: 2.6915950775146484.
LOCAL_RANK: 0 - CUDA_VISIBLE_DEVICES: [0]
[I 2023-11-30 02:56:02,701] Trial 38 finished with value: 2.928119659423828 and parameters: {'gradient_clip_val': 0.7474001522974647, 'hidden_size': 45, 'dropout': 0.1365381260466199, 'hidden_continuous_size': 10, 'attention_head_size': 1, 'learning_rate': 0.04650618553068336}. Best is trial 18 with value: 2.6915950775146484.
LOCAL_RANK: 0 - CUDA_VISIBLE_DEVICES: [0]
[I 2023-11-30 02:56:15,045] Trial 39 finished with value: 4.133965492248535 and parameters: {'gradient_clip_val': 0.6038906076894881, 'hidden_size': 26, 'dropout': 0.22090474335908766, 'hidden_continuous_size': 12, 'attention_head_size': 3, 'learning_rate': 0.015048156281812617}. Best is trial 18 with value: 2.6915950775146484.
LOCAL_RANK: 0 - CUDA_VISIBLE_DEVICES: [0]
[I 2023-11-30 02:56:27,431] Trial 40 finished with value: 2.7913334369659424 and parameters: {'gradient_clip_val': 0.6801478295448036, 'hidden_size': 33, 'dropout': 0.166214737279304, 'hidden_continuous_size': 13, 'attention_head_size': 2, 'learning_rate': 0.010222499323286604}. Best is trial 18 with value: 2.6915950775146484.
LOCAL_RANK: 0 - CUDA_VISIBLE_DEVICES: [0]
[I 2023-11-30 02:56:39,906] Trial 41 finished with value: 3.0477607250213623 and parameters: {'gradient_clip_val': 0.6941277223261005, 'hidden_size': 34, 'dropout': 0.15566691033628857, 'hidden_continuous_size': 13, 'attention_head_size': 2, 'learning_rate': 0.010884124117344506}. Best is trial 18 with value: 2.6915950775146484.
LOCAL_RANK: 0 - CUDA_VISIBLE_DEVICES: [0]
[I 2023-11-30 02:56:52,254] Trial 42 finished with value: 3.7867612838745117 and parameters: {'gradient_clip_val': 0.8471430490809033, 'hidden_size': 29, 'dropout': 0.12733532877966403, 'hidden_continuous_size': 14, 'attention_head_size': 2, 'learning_rate': 0.008802528277160182}. Best is trial 18 with value: 2.6915950775146484.
LOCAL_RANK: 0 - CUDA_VISIBLE_DEVICES: [0]
[I 2023-11-30 02:57:04,630] Trial 43 finished with value: 2.9236996173858643 and parameters: {'gradient_clip_val': 0.6163116912185748, 'hidden_size': 40, 'dropout': 0.16462315928138604, 'hidden_continuous_size': 16, 'attention_head_size': 2, 'learning_rate': 0.018987050843219708}. Best is trial 18 with value: 2.6915950775146484.
LOCAL_RANK: 0 - CUDA_VISIBLE_DEVICES: [0]
[I 2023-11-30 02:57:16,793] Trial 44 finished with value: 3.860793352127075 and parameters: {'gradient_clip_val': 0.5489427725328281, 'hidden_size': 22, 'dropout': 0.18576538535426396, 'hidden_continuous_size': 13, 'attention_head_size': 2, 'learning_rate': 0.01259133792241175}. Best is trial 18 with value: 2.6915950775146484.
LOCAL_RANK: 0 - CUDA_VISIBLE_DEVICES: [0]
[I 2023-11-30 02:57:29,549] Trial 45 finished with value: 3.2401115894317627 and parameters: {'gradient_clip_val': 0.9073038280623781, 'hidden_size': 54, 'dropout': 0.11484511845949996, 'hidden_continuous_size': 11, 'attention_head_size': 2, 'learning_rate': 0.027609123519510132}. Best is trial 18 with value: 2.6915950775146484.
LOCAL_RANK: 0 - CUDA_VISIBLE_DEVICES: [0]
[I 2023-11-30 02:57:42,194] Trial 46 finished with value: 3.5943241119384766 and parameters: {'gradient_clip_val': 0.715125956482858, 'hidden_size': 36, 'dropout': 0.17213240756678275, 'hidden_continuous_size': 16, 'attention_head_size': 3, 'learning_rate': 0.006511527727663996}. Best is trial 18 with value: 2.6915950775146484.
LOCAL_RANK: 0 - CUDA_VISIBLE_DEVICES: [0]
[I 2023-11-30 02:57:54,232] Trial 47 finished with value: 2.9477856159210205 and parameters: {'gradient_clip_val': 0.5051226231868806, 'hidden_size': 32, 'dropout': 0.11553012269577546, 'hidden_continuous_size': 12, 'attention_head_size': 1, 'learning_rate': 0.02460917917238448}. Best is trial 18 with value: 2.6915950775146484.
LOCAL_RANK: 0 - CUDA_VISIBLE_DEVICES: [0]
