[I 2023-11-30 02:08:03,336] Trial 116 finished with value: 120.2945556640625 and parameters: {'gradient_clip_val': 0.11639403791054197, 'hidden_size': 127, 'dropout': 0.22054391868704035, 'hidden_continuous_size': 87, 'attention_head_size': 3, 'learning_rate': 0.03712178800224486}. Best is trial 69 with value: 49.13194274902344.
LOCAL_RANK: 0 - CUDA_VISIBLE_DEVICES: [0]
[I 2023-11-30 02:08:17,393] Trial 117 finished with value: 91.73446655273438 and parameters: {'gradient_clip_val': 0.15931080232605754, 'hidden_size': 89, 'dropout': 0.276610584628538, 'hidden_continuous_size': 71, 'attention_head_size': 2, 'learning_rate': 0.06722631800822523}. Best is trial 69 with value: 49.13194274902344.
LOCAL_RANK: 0 - CUDA_VISIBLE_DEVICES: [0]
[I 2023-11-30 02:08:31,561] Trial 118 finished with value: 72.43203735351562 and parameters: {'gradient_clip_val': 0.17843759882882967, 'hidden_size': 78, 'dropout': 0.26128785133429816, 'hidden_continuous_size': 68, 'attention_head_size': 3, 'learning_rate': 0.012060176189836905}. Best is trial 69 with value: 49.13194274902344.
LOCAL_RANK: 0 - CUDA_VISIBLE_DEVICES: [0]
[I 2023-11-30 02:08:45,851] Trial 119 finished with value: 92.76348876953125 and parameters: {'gradient_clip_val': 0.14908636383043863, 'hidden_size': 95, 'dropout': 0.28435573034502626, 'hidden_continuous_size': 82, 'attention_head_size': 3, 'learning_rate': 0.0898405955368058}. Best is trial 69 with value: 49.13194274902344.
LOCAL_RANK: 0 - CUDA_VISIBLE_DEVICES: [0]
[I 2023-11-30 02:08:59,800] Trial 120 finished with value: 81.5805435180664 and parameters: {'gradient_clip_val': 0.14344960257740044, 'hidden_size': 110, 'dropout': 0.29349702012233503, 'hidden_continuous_size': 63, 'attention_head_size': 2, 'learning_rate': 0.019595606085322934}. Best is trial 69 with value: 49.13194274902344.
LOCAL_RANK: 0 - CUDA_VISIBLE_DEVICES: [0]
[I 2023-11-30 02:09:13,749] Trial 121 finished with value: 110.8235855102539 and parameters: {'gradient_clip_val': 0.12240733331794086, 'hidden_size': 120, 'dropout': 0.2540162628204032, 'hidden_continuous_size': 59, 'attention_head_size': 2, 'learning_rate': 0.04560437833454103}. Best is trial 69 with value: 49.13194274902344.
LOCAL_RANK: 0 - CUDA_VISIBLE_DEVICES: [0]
[I 2023-11-30 02:09:27,610] Trial 122 finished with value: 81.87039947509766 and parameters: {'gradient_clip_val': 0.1335337942722241, 'hidden_size': 128, 'dropout': 0.2114895030077386, 'hidden_continuous_size': 52, 'attention_head_size': 2, 'learning_rate': 0.04981307860708009}. Best is trial 69 with value: 49.13194274902344.
LOCAL_RANK: 0 - CUDA_VISIBLE_DEVICES: [0]
[I 2023-11-30 02:09:41,763] Trial 123 finished with value: 83.10628509521484 and parameters: {'gradient_clip_val': 0.16698848385559226, 'hidden_size': 104, 'dropout': 0.20189860971854492, 'hidden_continuous_size': 75, 'attention_head_size': 2, 'learning_rate': 0.042345455994562714}. Best is trial 69 with value: 49.13194274902344.
LOCAL_RANK: 0 - CUDA_VISIBLE_DEVICES: [0]
[I 2023-11-30 02:09:55,858] Trial 124 finished with value: 92.5999526977539 and parameters: {'gradient_clip_val': 0.13790370609008193, 'hidden_size': 144, 'dropout': 0.2200765195823647, 'hidden_continuous_size': 55, 'attention_head_size': 2, 'learning_rate': 0.02742542634186842}. Best is trial 69 with value: 49.13194274902344.
LOCAL_RANK: 0 - CUDA_VISIBLE_DEVICES: [0]
[I 2023-11-30 02:10:09,891] Trial 125 finished with value: 109.99014282226562 and parameters: {'gradient_clip_val': 0.1281825946862584, 'hidden_size': 114, 'dropout': 0.22636686355869828, 'hidden_continuous_size': 62, 'attention_head_size': 3, 'learning_rate': 0.035718283769896636}. Best is trial 69 with value: 49.13194274902344.
LOCAL_RANK: 0 - CUDA_VISIBLE_DEVICES: [0]
[I 2023-11-30 02:10:23,977] Trial 126 finished with value: 100.3468246459961 and parameters: {'gradient_clip_val': 0.195281778562163, 'hidden_size': 100, 'dropout': 0.2691983607998714, 'hidden_continuous_size': 78, 'attention_head_size': 2, 'learning_rate': 0.008867369279303448}. Best is trial 69 with value: 49.13194274902344.
LOCAL_RANK: 0 - CUDA_VISIBLE_DEVICES: [0]
[I 2023-11-30 02:10:38,293] Trial 127 finished with value: 89.05670166015625 and parameters: {'gradient_clip_val': 0.1824773739365401, 'hidden_size': 124, 'dropout': 0.23356351955752663, 'hidden_continuous_size': 101, 'attention_head_size': 3, 'learning_rate': 0.054857616269064255}. Best is trial 69 with value: 49.13194274902344.
LOCAL_RANK: 0 - CUDA_VISIBLE_DEVICES: [0]
[I 2023-11-30 02:10:53,018] Trial 128 finished with value: 67.11487579345703 and parameters: {'gradient_clip_val': 0.14989506281697096, 'hidden_size': 135, 'dropout': 0.27965982411396006, 'hidden_continuous_size': 108, 'attention_head_size': 2, 'learning_rate': 0.05950374321468265}. Best is trial 69 with value: 49.13194274902344.
LOCAL_RANK: 0 - CUDA_VISIBLE_DEVICES: [0]
[I 2023-11-30 02:11:07,673] Trial 129 finished with value: 107.35367584228516 and parameters: {'gradient_clip_val': 0.15255047900384502, 'hidden_size': 139, 'dropout': 0.28808021066325146, 'hidden_continuous_size': 104, 'attention_head_size': 3, 'learning_rate': 0.07224846819861369}. Best is trial 69 with value: 49.13194274902344.
LOCAL_RANK: 0 - CUDA_VISIBLE_DEVICES: [0]
[I 2023-11-30 02:11:21,705] Trial 130 finished with value: 81.72083282470703 and parameters: {'gradient_clip_val': 0.16064058045844887, 'hidden_size': 83, 'dropout': 0.2779245799062056, 'hidden_continuous_size': 73, 'attention_head_size': 2, 'learning_rate': 0.058548177221331245}. Best is trial 69 with value: 49.13194274902344.
LOCAL_RANK: 0 - CUDA_VISIBLE_DEVICES: [0]
[I 2023-11-30 02:11:36,077] Trial 131 finished with value: 108.17459869384766 and parameters: {'gradient_clip_val': 0.14455454505133206, 'hidden_size': 135, 'dropout': 0.27341469688990677, 'hidden_continuous_size': 107, 'attention_head_size': 2, 'learning_rate': 0.08369233909209724}. Best is trial 69 with value: 49.13194274902344.
LOCAL_RANK: 0 - CUDA_VISIBLE_DEVICES: [0]
[I 2023-11-30 02:11:50,234] Trial 132 finished with value: 109.700927734375 and parameters: {'gradient_clip_val': 0.1887732062746189, 'hidden_size': 109, 'dropout': 0.2662022439034218, 'hidden_continuous_size': 66, 'attention_head_size': 2, 'learning_rate': 0.06606642320607517}. Best is trial 69 with value: 49.13194274902344.
LOCAL_RANK: 0 - CUDA_VISIBLE_DEVICES: [0]
[I 2023-11-30 02:12:04,763] Trial 133 finished with value: 101.3558349609375 and parameters: {'gradient_clip_val': 0.1358378691782058, 'hidden_size': 122, 'dropout': 0.306175238514467, 'hidden_continuous_size': 89, 'attention_head_size': 2, 'learning_rate': 0.05164308382557373}. Best is trial 69 with value: 49.13194274902344.
LOCAL_RANK: 0 - CUDA_VISIBLE_DEVICES: [0]
[I 2023-11-30 02:12:19,499] Trial 134 finished with value: 63.10580062866211 and parameters: {'gradient_clip_val': 0.1733322688181895, 'hidden_size': 150, 'dropout': 0.25812538967522203, 'hidden_continuous_size': 113, 'attention_head_size': 2, 'learning_rate': 0.032443900567275655}. Best is trial 69 with value: 49.13194274902344.
LOCAL_RANK: 0 - CUDA_VISIBLE_DEVICES: [0]
[I 2023-11-30 02:12:34,027] Trial 135 finished with value: 124.39371490478516 and parameters: {'gradient_clip_val': 0.16566304214982186, 'hidden_size': 133, 'dropout': 0.26026460164526255, 'hidden_continuous_size': 115, 'attention_head_size': 2, 'learning_rate': 0.0304613215786302}. Best is trial 69 with value: 49.13194274902344.
LOCAL_RANK: 0 - CUDA_VISIBLE_DEVICES: [0]
[I 2023-11-30 02:12:48,589] Trial 136 finished with value: 64.13428497314453 and parameters: {'gradient_clip_val': 0.17396512972919806, 'hidden_size': 150, 'dropout': 0.25153227060512023, 'hidden_continuous_size': 96, 'attention_head_size': 3, 'learning_rate': 0.02253692884194059}. Best is trial 69 with value: 49.13194274902344.
LOCAL_RANK: 0 - CUDA_VISIBLE_DEVICES: [0]
[I 2023-11-30 02:13:03,128] Trial 137 finished with value: 71.29570770263672 and parameters: {'gradient_clip_val': 0.17124557503164034, 'hidden_size': 147, 'dropout': 0.24991608795168335, 'hidden_continuous_size': 96, 'attention_head_size': 2, 'learning_rate': 0.09996845967803164}. Best is trial 69 with value: 49.13194274902344.
LOCAL_RANK: 0 - CUDA_VISIBLE_DEVICES: [0]
[I 2023-11-30 02:13:17,847] Trial 138 finished with value: 113.10962677001953 and parameters: {'gradient_clip_val': 0.17931772843757426, 'hidden_size': 139, 'dropout': 0.28331088286154527, 'hidden_continuous_size': 112, 'attention_head_size': 3, 'learning_rate': 0.02465176473781744}. Best is trial 69 with value: 49.13194274902344.
LOCAL_RANK: 0 - CUDA_VISIBLE_DEVICES: [0]
[I 2023-11-30 02:13:31,954] Trial 139 finished with value: 144.3911590576172 and parameters: {'gradient_clip_val': 0.1966727942526811, 'hidden_size': 90, 'dropout': 0.25645609593445473, 'hidden_continuous_size': 85, 'attention_head_size': 2, 'learning_rate': 0.03195878918870268}. Best is trial 69 with value: 49.13194274902344.
LOCAL_RANK: 0 - CUDA_VISIBLE_DEVICES: [0]
[I 2023-11-30 02:13:46,524] Trial 140 finished with value: 88.19412231445312 and parameters: {'gradient_clip_val': 0.2032427920242846, 'hidden_size': 150, 'dropout': 0.24151371147668133, 'hidden_continuous_size': 100, 'attention_head_size': 3, 'learning_rate': 0.027007585821709663}. Best is trial 69 with value: 49.13194274902344.
LOCAL_RANK: 0 - CUDA_VISIBLE_DEVICES: [0]
[I 2023-11-30 02:14:01,249] Trial 141 finished with value: 62.356689453125 and parameters: {'gradient_clip_val': 0.1551358787917271, 'hidden_size': 150, 'dropout': 0.2636638032751442, 'hidden_continuous_size': 123, 'attention_head_size': 3, 'learning_rate': 0.022038020523206574}. Best is trial 69 with value: 49.13194274902344.
LOCAL_RANK: 0 - CUDA_VISIBLE_DEVICES: [0]
[I 2023-11-30 02:14:16,067] Trial 142 finished with value: 62.07252883911133 and parameters: {'gradient_clip_val': 0.1549566128182434, 'hidden_size': 145, 'dropout': 0.2649903877497592, 'hidden_continuous_size': 127, 'attention_head_size': 3, 'learning_rate': 0.0209100828737917}. Best is trial 69 with value: 49.13194274902344.
LOCAL_RANK: 0 - CUDA_VISIBLE_DEVICES: [0]
[I 2023-11-30 02:14:31,019] Trial 143 finished with value: 127.38423919677734 and parameters: {'gradient_clip_val': 0.15365006314634969, 'hidden_size': 150, 'dropout': 0.26347237103979676, 'hidden_continuous_size': 135, 'attention_head_size': 3, 'learning_rate': 0.020834789297904537}. Best is trial 69 with value: 49.13194274902344.
LOCAL_RANK: 0 - CUDA_VISIBLE_DEVICES: [0]
[I 2023-11-30 02:14:45,599] Trial 144 finished with value: 112.3681640625 and parameters: {'gradient_clip_val': 0.16938769333484538, 'hidden_size': 140, 'dropout': 0.2755321845274919, 'hidden_continuous_size': 125, 'attention_head_size': 3, 'learning_rate': 0.022658780411532433}. Best is trial 69 with value: 49.13194274902344.
LOCAL_RANK: 0 - CUDA_VISIBLE_DEVICES: [0]
[I 2023-11-30 02:15:00,219] Trial 145 finished with value: 73.54879760742188 and parameters: {'gradient_clip_val': 0.15683651677850513, 'hidden_size': 130, 'dropout': 0.2510718052441369, 'hidden_continuous_size': 113, 'attention_head_size': 3, 'learning_rate': 0.019091001267718025}. Best is trial 69 with value: 49.13194274902344.
LOCAL_RANK: 0 - CUDA_VISIBLE_DEVICES: [0]
[I 2023-11-30 02:15:14,847] Trial 146 finished with value: 96.02584838867188 and parameters: {'gradient_clip_val': 0.14868076722099954, 'hidden_size': 144, 'dropout': 0.25934142756684536, 'hidden_continuous_size': 127, 'attention_head_size': 3, 'learning_rate': 0.017819906715517864}. Best is trial 69 with value: 49.13194274902344.
LOCAL_RANK: 0 - CUDA_VISIBLE_DEVICES: [0]
[I 2023-11-30 02:15:29,570] Trial 147 finished with value: 120.7975845336914 and parameters: {'gradient_clip_val': 0.18704244945147278, 'hidden_size': 134, 'dropout': 0.2725783911462956, 'hidden_continuous_size': 120, 'attention_head_size': 3, 'learning_rate': 0.022062534713981317}. Best is trial 69 with value: 49.13194274902344.
LOCAL_RANK: 0 - CUDA_VISIBLE_DEVICES: [0]
[I 2023-11-30 02:15:44,537] Trial 148 finished with value: 107.7834243774414 and parameters: {'gradient_clip_val': 0.17577338339860452, 'hidden_size': 150, 'dropout': 0.281537162245319, 'hidden_continuous_size': 137, 'attention_head_size': 3, 'learning_rate': 0.024777496676114102}. Best is trial 69 with value: 49.13194274902344.
LOCAL_RANK: 0 - CUDA_VISIBLE_DEVICES: [0]
[I 2023-11-30 02:15:58,850] Trial 149 finished with value: 75.52728271484375 and parameters: {'gradient_clip_val': 0.159843796552171, 'hidden_size': 128, 'dropout': 0.24630907081953968, 'hidden_continuous_size': 106, 'attention_head_size': 3, 'learning_rate': 0.016347849757328826}. Best is trial 69 with value: 49.13194274902344.
[I 2023-11-30 02:15:58,961] A new study created in memory with name: no-name-ca662806-d359-4081-b01b-e0e14640e803
/home/le004/conda/anaconda3/envs/tsff_env/lib/python3.9/site-packages/lightning/fabric/plugins/environments/slurm.py:191: The `srun` command is available on your system but is not used. HINT: If your intention is to run Lightning on SLURM, prepend your python command with `srun` like so: srun python /home/le004/master_thesis/git/TSFusionForecast/code/ ...
LOCAL_RANK: 0 - CUDA_VISIBLE_DEVICES: [0]
[I 2023-11-30 02:16:11,101] Trial 0 finished with value: 4.678321361541748 and parameters: {'gradient_clip_val': 0.8809157198771044, 'hidden_size': 28, 'dropout': 0.22991822263508432, 'hidden_continuous_size': 12, 'attention_head_size': 3, 'learning_rate': 0.04634236321750271}. Best is trial 0 with value: 4.678321361541748.
LOCAL_RANK: 0 - CUDA_VISIBLE_DEVICES: [0]
[I 2023-11-30 02:16:25,283] Trial 1 finished with value: 4.7853827476501465 and parameters: {'gradient_clip_val': 0.6579522290323232, 'hidden_size': 142, 'dropout': 0.32787623246995967, 'hidden_continuous_size': 26, 'attention_head_size': 3, 'learning_rate': 0.01283810720601261}. Best is trial 0 with value: 4.678321361541748.
LOCAL_RANK: 0 - CUDA_VISIBLE_DEVICES: [0]
[I 2023-11-30 02:16:38,630] Trial 2 finished with value: 4.288110256195068 and parameters: {'gradient_clip_val': 0.642893885336158, 'hidden_size': 67, 'dropout': 0.17125515647000777, 'hidden_continuous_size': 20, 'attention_head_size': 3, 'learning_rate': 0.007272703865273256}. Best is trial 2 with value: 4.288110256195068.
LOCAL_RANK: 0 - CUDA_VISIBLE_DEVICES: [0]
[I 2023-11-30 02:16:52,251] Trial 3 finished with value: 7.731325149536133 and parameters: {'gradient_clip_val': 0.23933181317388996, 'hidden_size': 80, 'dropout': 0.20630847370209582, 'hidden_continuous_size': 45, 'attention_head_size': 1, 'learning_rate': 0.0010809084106832823}. Best is trial 2 with value: 4.288110256195068.
LOCAL_RANK: 0 - CUDA_VISIBLE_DEVICES: [0]
[I 2023-11-30 02:17:05,368] Trial 4 finished with value: 5.048285961151123 and parameters: {'gradient_clip_val': 0.16772403606522882, 'hidden_size': 55, 'dropout': 0.2789590773305065, 'hidden_continuous_size': 24, 'attention_head_size': 3, 'learning_rate': 0.015825767913718577}. Best is trial 2 with value: 4.288110256195068.
LOCAL_RANK: 0 - CUDA_VISIBLE_DEVICES: [0]
[I 2023-11-30 02:17:17,765] Trial 5 finished with value: 4.985302925109863 and parameters: {'gradient_clip_val': 0.7573227803304297, 'hidden_size': 36, 'dropout': 0.27316043371557014, 'hidden_continuous_size': 10, 'attention_head_size': 4, 'learning_rate': 0.03738445595555769}. Best is trial 2 with value: 4.288110256195068.
LOCAL_RANK: 0 - CUDA_VISIBLE_DEVICES: [0]
[I 2023-11-30 02:17:30,015] Trial 6 finished with value: 7.362541198730469 and parameters: {'gradient_clip_val': 0.9054863793345039, 'hidden_size': 23, 'dropout': 0.28822514713866904, 'hidden_continuous_size': 11, 'attention_head_size': 4, 'learning_rate': 0.00651597775675848}. Best is trial 2 with value: 4.288110256195068.
LOCAL_RANK: 0 - CUDA_VISIBLE_DEVICES: [0]
[I 2023-11-30 02:17:40,277] Trial 7 finished with value: 4.145296573638916 and parameters: {'gradient_clip_val': 0.24397390685783263, 'hidden_size': 10, 'dropout': 0.1650241805637187, 'hidden_continuous_size': 10, 'attention_head_size': 2, 'learning_rate': 0.0803156858261163}. Best is trial 7 with value: 4.145296573638916.
LOCAL_RANK: 0 - CUDA_VISIBLE_DEVICES: [0]
[I 2023-11-30 02:17:54,007] Trial 8 finished with value: 4.062135696411133 and parameters: {'gradient_clip_val': 0.4215457214627114, 'hidden_size': 100, 'dropout': 0.2642608221318976, 'hidden_continuous_size': 18, 'attention_head_size': 4, 'learning_rate': 0.009857121722796638}. Best is trial 8 with value: 4.062135696411133.
LOCAL_RANK: 0 - CUDA_VISIBLE_DEVICES: [0]
[I 2023-11-30 02:18:06,342] Trial 9 finished with value: 4.668964862823486 and parameters: {'gradient_clip_val': 0.36605232254034487, 'hidden_size': 27, 'dropout': 0.33064801926114973, 'hidden_continuous_size': 11, 'attention_head_size': 4, 'learning_rate': 0.019667293702791674}. Best is trial 8 with value: 4.062135696411133.
LOCAL_RANK: 0 - CUDA_VISIBLE_DEVICES: [0]
[I 2023-11-30 02:18:20,856] Trial 10 finished with value: 4.6482439041137695 and parameters: {'gradient_clip_val': 0.10693052723938089, 'hidden_size': 147, 'dropout': 0.39116651993758295, 'hidden_continuous_size': 95, 'attention_head_size': 1, 'learning_rate': 0.0034119077488491086}. Best is trial 8 with value: 4.062135696411133.
LOCAL_RANK: 0 - CUDA_VISIBLE_DEVICES: [0]
[I 2023-11-30 02:18:31,071] Trial 11 finished with value: 4.51617431640625 and parameters: {'gradient_clip_val': 0.3491204909510167, 'hidden_size': 10, 'dropout': 0.12928809569077884, 'hidden_continuous_size': 10, 'attention_head_size': 2, 'learning_rate': 0.07017623251647694}. Best is trial 8 with value: 4.062135696411133.
LOCAL_RANK: 0 - CUDA_VISIBLE_DEVICES: [0]
[I 2023-11-30 02:18:41,222] Trial 12 finished with value: 4.268071174621582 and parameters: {'gradient_clip_val': 0.3880260473729508, 'hidden_size': 10, 'dropout': 0.18138336732223398, 'hidden_continuous_size': 10, 'attention_head_size': 2, 'learning_rate': 0.08016346659194636}. Best is trial 8 with value: 4.062135696411133.
LOCAL_RANK: 0 - CUDA_VISIBLE_DEVICES: [0]
[I 2023-11-30 02:18:53,557] Trial 13 finished with value: 3.946019411087036 and parameters: {'gradient_clip_val': 0.4875460477240443, 'hidden_size': 18, 'dropout': 0.11345838140530581, 'hidden_continuous_size': 12, 'attention_head_size': 2, 'learning_rate': 0.03056305070400488}. Best is trial 13 with value: 3.946019411087036.
LOCAL_RANK: 0 - CUDA_VISIBLE_DEVICES: [0]
[I 2023-11-30 02:19:05,724] Trial 14 finished with value: 4.75041389465332 and parameters: {'gradient_clip_val': 0.5154033091091634, 'hidden_size': 17, 'dropout': 0.10600097466984718, 'hidden_continuous_size': 12, 'attention_head_size': 2, 'learning_rate': 0.02604807811975493}. Best is trial 13 with value: 3.946019411087036.
LOCAL_RANK: 0 - CUDA_VISIBLE_DEVICES: [0]
[I 2023-11-30 02:19:18,554] Trial 15 finished with value: 4.793498992919922 and parameters: {'gradient_clip_val': 0.4935928097791736, 'hidden_size': 50, 'dropout': 0.2297655302688938, 'hidden_continuous_size': 16, 'attention_head_size': 1, 'learning_rate': 0.023515685255397285}. Best is trial 13 with value: 3.946019411087036.
LOCAL_RANK: 0 - CUDA_VISIBLE_DEVICES: [0]
[I 2023-11-30 02:19:32,169] Trial 16 finished with value: 4.658046245574951 and parameters: {'gradient_clip_val': 0.4931882359498807, 'hidden_size': 93, 'dropout': 0.13680143992643135, 'hidden_continuous_size': 15, 'attention_head_size': 4, 'learning_rate': 0.009914458422481037}. Best is trial 13 with value: 3.946019411087036.
LOCAL_RANK: 0 - CUDA_VISIBLE_DEVICES: [0]
[I 2023-11-30 02:19:44,966] Trial 17 finished with value: 4.823115825653076 and parameters: {'gradient_clip_val': 0.2813324242087447, 'hidden_size': 42, 'dropout': 0.20131228038988191, 'hidden_continuous_size': 14, 'attention_head_size': 3, 'learning_rate': 0.028314650249318677}. Best is trial 13 with value: 3.946019411087036.
LOCAL_RANK: 0 - CUDA_VISIBLE_DEVICES: [0]
[I 2023-11-30 02:19:58,677] Trial 18 finished with value: 4.8808979988098145 and parameters: {'gradient_clip_val': 0.997568093903126, 'hidden_size': 99, 'dropout': 0.24746714343370385, 'hidden_continuous_size': 18, 'attention_head_size': 2, 'learning_rate': 0.04395408677859573}. Best is trial 13 with value: 3.946019411087036.
LOCAL_RANK: 0 - CUDA_VISIBLE_DEVICES: [0]
[I 2023-11-30 02:20:10,560] Trial 19 finished with value: 6.3693766593933105 and parameters: {'gradient_clip_val': 0.4590771671034093, 'hidden_size': 18, 'dropout': 0.10165653331618224, 'hidden_continuous_size': 12, 'attention_head_size': 1, 'learning_rate': 0.013383933490855706}. Best is trial 13 with value: 3.946019411087036.
LOCAL_RANK: 0 - CUDA_VISIBLE_DEVICES: [0]
[I 2023-11-30 02:20:23,299] Trial 20 finished with value: 7.503559589385986 and parameters: {'gradient_clip_val': 0.631332941670509, 'hidden_size': 37, 'dropout': 0.14462406465798827, 'hidden_continuous_size': 14, 'attention_head_size': 4, 'learning_rate': 0.004402895746016471}. Best is trial 13 with value: 3.946019411087036.
LOCAL_RANK: 0 - CUDA_VISIBLE_DEVICES: [0]
[I 2023-11-30 02:20:35,480] Trial 21 finished with value: 4.6663899421691895 and parameters: {'gradient_clip_val': 0.3043195056654753, 'hidden_size': 13, 'dropout': 0.15491086258749073, 'hidden_continuous_size': 10, 'attention_head_size': 2, 'learning_rate': 0.09380677635974795}. Best is trial 13 with value: 3.946019411087036.
LOCAL_RANK: 0 - CUDA_VISIBLE_DEVICES: [0]
[I 2023-11-30 02:20:47,508] Trial 22 finished with value: 4.2471232414245605 and parameters: {'gradient_clip_val': 0.24055540222256316, 'hidden_size': 13, 'dropout': 0.17224503418926812, 'hidden_continuous_size': 10, 'attention_head_size': 2, 'learning_rate': 0.05639985680827844}. Best is trial 13 with value: 3.946019411087036.
LOCAL_RANK: 0 - CUDA_VISIBLE_DEVICES: [0]
