[I 2023-11-29 21:12:41,821] Trial 138 finished with value: 0.06504696607589722 and parameters: {'gradient_clip_val': 0.24920591822830113, 'hidden_size': 47, 'dropout': 0.2390047109454529, 'hidden_continuous_size': 32, 'attention_head_size': 4, 'learning_rate': 0.03048312697639212}. Best is trial 95 with value: 0.058988649398088455.
LOCAL_RANK: 0 - CUDA_VISIBLE_DEVICES: [0]
[I 2023-11-29 21:12:55,117] Trial 139 finished with value: 0.16560763120651245 and parameters: {'gradient_clip_val': 0.27296913589292693, 'hidden_size': 49, 'dropout': 0.23689441142883264, 'hidden_continuous_size': 32, 'attention_head_size': 4, 'learning_rate': 0.030587450986558993}. Best is trial 95 with value: 0.058988649398088455.
LOCAL_RANK: 0 - CUDA_VISIBLE_DEVICES: [0]
[I 2023-11-29 21:13:08,678] Trial 140 finished with value: 0.1306048184633255 and parameters: {'gradient_clip_val': 0.24196173912337576, 'hidden_size': 59, 'dropout': 0.21813105846989558, 'hidden_continuous_size': 36, 'attention_head_size': 4, 'learning_rate': 0.024527225359527213}. Best is trial 95 with value: 0.058988649398088455.
LOCAL_RANK: 0 - CUDA_VISIBLE_DEVICES: [0]
[I 2023-11-29 21:13:21,711] Trial 141 finished with value: 0.17024381458759308 and parameters: {'gradient_clip_val': 0.30456383744193094, 'hidden_size': 45, 'dropout': 0.22232118578065654, 'hidden_continuous_size': 22, 'attention_head_size': 4, 'learning_rate': 0.03211811623771991}. Best is trial 95 with value: 0.058988649398088455.
LOCAL_RANK: 0 - CUDA_VISIBLE_DEVICES: [0]
[I 2023-11-29 21:13:35,167] Trial 142 finished with value: 0.15311643481254578 and parameters: {'gradient_clip_val': 0.25162964986940817, 'hidden_size': 62, 'dropout': 0.20879786831346314, 'hidden_continuous_size': 30, 'attention_head_size': 4, 'learning_rate': 0.03523424896071578}. Best is trial 95 with value: 0.058988649398088455.
LOCAL_RANK: 0 - CUDA_VISIBLE_DEVICES: [0]
[I 2023-11-29 21:13:48,964] Trial 143 finished with value: 0.10780517011880875 and parameters: {'gradient_clip_val': 0.1951265531509839, 'hidden_size': 80, 'dropout': 0.22866631605123006, 'hidden_continuous_size': 39, 'attention_head_size': 4, 'learning_rate': 0.044453684828418535}. Best is trial 95 with value: 0.058988649398088455.
LOCAL_RANK: 0 - CUDA_VISIBLE_DEVICES: [0]
[I 2023-11-29 21:14:02,851] Trial 144 finished with value: 0.07368386536836624 and parameters: {'gradient_clip_val': 0.22870521121005222, 'hidden_size': 89, 'dropout': 0.2547052129734705, 'hidden_continuous_size': 43, 'attention_head_size': 2, 'learning_rate': 0.040003808755866066}. Best is trial 95 with value: 0.058988649398088455.
LOCAL_RANK: 0 - CUDA_VISIBLE_DEVICES: [0]
[I 2023-11-29 21:14:16,810] Trial 145 finished with value: 0.09118467569351196 and parameters: {'gradient_clip_val': 0.23134545740333676, 'hidden_size': 90, 'dropout': 0.26204174909582423, 'hidden_continuous_size': 49, 'attention_head_size': 2, 'learning_rate': 0.053105091202700516}. Best is trial 95 with value: 0.058988649398088455.
LOCAL_RANK: 0 - CUDA_VISIBLE_DEVICES: [0]
[I 2023-11-29 21:14:30,569] Trial 146 finished with value: 0.17383873462677002 and parameters: {'gradient_clip_val': 0.21669728099821056, 'hidden_size': 96, 'dropout': 0.2405322841143658, 'hidden_continuous_size': 44, 'attention_head_size': 2, 'learning_rate': 0.026908672460852306}. Best is trial 95 with value: 0.058988649398088455.
LOCAL_RANK: 0 - CUDA_VISIBLE_DEVICES: [0]
[I 2023-11-29 21:14:44,164] Trial 147 finished with value: 0.14249275624752045 and parameters: {'gradient_clip_val': 0.605977941532801, 'hidden_size': 84, 'dropout': 0.2465038795530787, 'hidden_continuous_size': 42, 'attention_head_size': 2, 'learning_rate': 0.04171023031742148}. Best is trial 95 with value: 0.058988649398088455.
LOCAL_RANK: 0 - CUDA_VISIBLE_DEVICES: [0]
[I 2023-11-29 21:14:57,946] Trial 148 finished with value: 0.10739398747682571 and parameters: {'gradient_clip_val': 0.2051736757896276, 'hidden_size': 88, 'dropout': 0.15927659284378762, 'hidden_continuous_size': 38, 'attention_head_size': 2, 'learning_rate': 0.050052847819565455}. Best is trial 95 with value: 0.058988649398088455.
LOCAL_RANK: 0 - CUDA_VISIBLE_DEVICES: [0]
[I 2023-11-29 21:15:12,374] Trial 149 finished with value: 0.17348353564739227 and parameters: {'gradient_clip_val': 0.2471617521291113, 'hidden_size': 142, 'dropout': 0.1688569812657095, 'hidden_continuous_size': 52, 'attention_head_size': 4, 'learning_rate': 0.06344009986310697}. Best is trial 95 with value: 0.058988649398088455.
[I 2023-11-29 21:15:12,487] A new study created in memory with name: no-name-dcb6e3b7-1794-4c3e-bad0-2d632f7f67b6
/home/le004/conda/anaconda3/envs/tsff_env/lib/python3.9/site-packages/lightning/fabric/plugins/environments/slurm.py:191: The `srun` command is available on your system but is not used. HINT: If your intention is to run Lightning on SLURM, prepend your python command with `srun` like so: srun python /home/le004/master_thesis/git/TSFusionForecast/code/ ...
LOCAL_RANK: 0 - CUDA_VISIBLE_DEVICES: [0]
[I 2023-11-29 21:15:22,825] Trial 0 finished with value: 3.3952949047088623 and parameters: {'gradient_clip_val': 0.1324216227949778, 'hidden_size': 11, 'dropout': 0.24757758332914268, 'hidden_continuous_size': 11, 'attention_head_size': 3, 'learning_rate': 0.002220836533761891}. Best is trial 0 with value: 3.3952949047088623.
LOCAL_RANK: 0 - CUDA_VISIBLE_DEVICES: [0]
[I 2023-11-29 21:15:35,261] Trial 1 finished with value: 1.027687430381775 and parameters: {'gradient_clip_val': 0.4906372845325222, 'hidden_size': 33, 'dropout': 0.32597462325474047, 'hidden_continuous_size': 12, 'attention_head_size': 1, 'learning_rate': 0.006765742030204111}. Best is trial 1 with value: 1.027687430381775.
LOCAL_RANK: 0 - CUDA_VISIBLE_DEVICES: [0]
[I 2023-11-29 21:15:49,198] Trial 2 finished with value: 0.19225823879241943 and parameters: {'gradient_clip_val': 0.10608264083832993, 'hidden_size': 142, 'dropout': 0.23995810031868434, 'hidden_continuous_size': 25, 'attention_head_size': 1, 'learning_rate': 0.03062706182808904}. Best is trial 2 with value: 0.19225823879241943.
LOCAL_RANK: 0 - CUDA_VISIBLE_DEVICES: [0]
[I 2023-11-29 21:15:59,338] Trial 3 finished with value: 2.8110783100128174 and parameters: {'gradient_clip_val': 0.16501951131460227, 'hidden_size': 14, 'dropout': 0.3114876982684689, 'hidden_continuous_size': 14, 'attention_head_size': 1, 'learning_rate': 0.002389713944601431}. Best is trial 2 with value: 0.19225823879241943.
LOCAL_RANK: 0 - CUDA_VISIBLE_DEVICES: [0]
[I 2023-11-29 21:16:11,753] Trial 4 finished with value: 1.9444570541381836 and parameters: {'gradient_clip_val': 0.12369612439151507, 'hidden_size': 29, 'dropout': 0.12125683152053567, 'hidden_continuous_size': 14, 'attention_head_size': 1, 'learning_rate': 0.005586327635730908}. Best is trial 2 with value: 0.19225823879241943.
LOCAL_RANK: 0 - CUDA_VISIBLE_DEVICES: [0]
[I 2023-11-29 21:16:25,136] Trial 5 finished with value: 0.16956345736980438 and parameters: {'gradient_clip_val': 0.5120293322437617, 'hidden_size': 61, 'dropout': 0.18404358276856403, 'hidden_continuous_size': 43, 'attention_head_size': 2, 'learning_rate': 0.018075707107946697}. Best is trial 5 with value: 0.16956345736980438.
LOCAL_RANK: 0 - CUDA_VISIBLE_DEVICES: [0]
[I 2023-11-29 21:16:39,390] Trial 6 finished with value: 0.2420445680618286 and parameters: {'gradient_clip_val': 0.1317564797582981, 'hidden_size': 99, 'dropout': 0.2924869329819496, 'hidden_continuous_size': 69, 'attention_head_size': 3, 'learning_rate': 0.008899084605319203}. Best is trial 5 with value: 0.16956345736980438.
LOCAL_RANK: 0 - CUDA_VISIBLE_DEVICES: [0]
[I 2023-11-29 21:16:49,410] Trial 7 finished with value: 2.5308825969696045 and parameters: {'gradient_clip_val': 0.17238599906204718, 'hidden_size': 10, 'dropout': 0.13673816339775274, 'hidden_continuous_size': 10, 'attention_head_size': 1, 'learning_rate': 0.005190599248549934}. Best is trial 5 with value: 0.16956345736980438.
LOCAL_RANK: 0 - CUDA_VISIBLE_DEVICES: [0]
[I 2023-11-29 21:17:03,300] Trial 8 finished with value: 0.8064196705818176 and parameters: {'gradient_clip_val': 0.4635402911805754, 'hidden_size': 92, 'dropout': 0.15718345212794826, 'hidden_continuous_size': 50, 'attention_head_size': 1, 'learning_rate': 0.001299644627825039}. Best is trial 5 with value: 0.16956345736980438.
LOCAL_RANK: 0 - CUDA_VISIBLE_DEVICES: [0]
[I 2023-11-29 21:17:15,230] Trial 9 finished with value: 4.005096912384033 and parameters: {'gradient_clip_val': 0.22440381275359295, 'hidden_size': 16, 'dropout': 0.10397997341346603, 'hidden_continuous_size': 10, 'attention_head_size': 4, 'learning_rate': 0.002037103365897885}. Best is trial 5 with value: 0.16956345736980438.
LOCAL_RANK: 0 - CUDA_VISIBLE_DEVICES: [0]
[I 2023-11-29 21:17:28,531] Trial 10 finished with value: 0.15562193095684052 and parameters: {'gradient_clip_val': 0.9788442075786095, 'hidden_size': 55, 'dropout': 0.3981242849902744, 'hidden_continuous_size': 31, 'attention_head_size': 2, 'learning_rate': 0.08150166412310657}. Best is trial 10 with value: 0.15562193095684052.
LOCAL_RANK: 0 - CUDA_VISIBLE_DEVICES: [0]
[I 2023-11-29 21:17:41,728] Trial 11 finished with value: 0.1760074645280838 and parameters: {'gradient_clip_val': 0.961761892388694, 'hidden_size': 57, 'dropout': 0.3774136719072238, 'hidden_continuous_size': 31, 'attention_head_size': 2, 'learning_rate': 0.0980793378551938}. Best is trial 10 with value: 0.15562193095684052.
LOCAL_RANK: 0 - CUDA_VISIBLE_DEVICES: [0]
[I 2023-11-29 21:17:54,915] Trial 12 finished with value: 0.2509762942790985 and parameters: {'gradient_clip_val': 0.9781047386450566, 'hidden_size': 52, 'dropout': 0.39519003466210695, 'hidden_continuous_size': 34, 'attention_head_size': 2, 'learning_rate': 0.026728529483381117}. Best is trial 10 with value: 0.15562193095684052.
LOCAL_RANK: 0 - CUDA_VISIBLE_DEVICES: [0]
[I 2023-11-29 21:18:07,853] Trial 13 finished with value: 0.21744251251220703 and parameters: {'gradient_clip_val': 0.7039677042831107, 'hidden_size': 51, 'dropout': 0.20229469317822094, 'hidden_continuous_size': 21, 'attention_head_size': 2, 'learning_rate': 0.09185485361087284}. Best is trial 10 with value: 0.15562193095684052.
LOCAL_RANK: 0 - CUDA_VISIBLE_DEVICES: [0]
[I 2023-11-29 21:18:21,609] Trial 14 finished with value: 0.10327708721160889 and parameters: {'gradient_clip_val': 0.39323738316025825, 'hidden_size': 73, 'dropout': 0.18603288420825287, 'hidden_continuous_size': 38, 'attention_head_size': 3, 'learning_rate': 0.0215640662455111}. Best is trial 14 with value: 0.10327708721160889.
LOCAL_RANK: 0 - CUDA_VISIBLE_DEVICES: [0]
[I 2023-11-29 21:18:35,205] Trial 15 finished with value: 0.2321091890335083 and parameters: {'gradient_clip_val': 0.32901592111240735, 'hidden_size': 78, 'dropout': 0.2065861776617083, 'hidden_continuous_size': 21, 'attention_head_size': 4, 'learning_rate': 0.054100259464291575}. Best is trial 14 with value: 0.10327708721160889.
LOCAL_RANK: 0 - CUDA_VISIBLE_DEVICES: [0]
[I 2023-11-29 21:18:47,728] Trial 16 finished with value: 0.33649203181266785 and parameters: {'gradient_clip_val': 0.36268941026210755, 'hidden_size': 36, 'dropout': 0.34791165911724603, 'hidden_continuous_size': 17, 'attention_head_size': 3, 'learning_rate': 0.015582900522616554}. Best is trial 14 with value: 0.10327708721160889.
LOCAL_RANK: 0 - CUDA_VISIBLE_DEVICES: [0]
[I 2023-11-29 21:19:02,452] Trial 17 finished with value: 0.20067167282104492 and parameters: {'gradient_clip_val': 0.25433812122847976, 'hidden_size': 139, 'dropout': 0.2867055645965756, 'hidden_continuous_size': 115, 'attention_head_size': 3, 'learning_rate': 0.04342137042102083}. Best is trial 14 with value: 0.10327708721160889.
LOCAL_RANK: 0 - CUDA_VISIBLE_DEVICES: [0]
[I 2023-11-29 21:19:14,960] Trial 18 finished with value: 0.22997401654720306 and parameters: {'gradient_clip_val': 0.7166392681465696, 'hidden_size': 25, 'dropout': 0.36739283065286193, 'hidden_continuous_size': 16, 'attention_head_size': 4, 'learning_rate': 0.05942563097192517}. Best is trial 14 with value: 0.10327708721160889.
LOCAL_RANK: 0 - CUDA_VISIBLE_DEVICES: [0]
[I 2023-11-29 21:19:27,923] Trial 19 finished with value: 0.1918274164199829 and parameters: {'gradient_clip_val': 0.4154797972512722, 'hidden_size': 44, 'dropout': 0.26407350398969076, 'hidden_continuous_size': 25, 'attention_head_size': 3, 'learning_rate': 0.013943790140643246}. Best is trial 14 with value: 0.10327708721160889.
LOCAL_RANK: 0 - CUDA_VISIBLE_DEVICES: [0]
[I 2023-11-29 21:19:41,353] Trial 20 finished with value: 0.13745266199111938 and parameters: {'gradient_clip_val': 0.2879527489567157, 'hidden_size': 70, 'dropout': 0.3396908352433833, 'hidden_continuous_size': 32, 'attention_head_size': 2, 'learning_rate': 0.02914037164027536}. Best is trial 14 with value: 0.10327708721160889.
LOCAL_RANK: 0 - CUDA_VISIBLE_DEVICES: [0]
[I 2023-11-29 21:19:54,725] Trial 21 finished with value: 0.2186204046010971 and parameters: {'gradient_clip_val': 0.2811881986891733, 'hidden_size': 67, 'dropout': 0.39259322391002743, 'hidden_continuous_size': 32, 'attention_head_size': 2, 'learning_rate': 0.02884908895092879}. Best is trial 14 with value: 0.10327708721160889.
LOCAL_RANK: 0 - CUDA_VISIBLE_DEVICES: [0]
[I 2023-11-29 21:20:08,394] Trial 22 finished with value: 0.14735044538974762 and parameters: {'gradient_clip_val': 0.35595946435445475, 'hidden_size': 74, 'dropout': 0.3546577678610546, 'hidden_continuous_size': 38, 'attention_head_size': 2, 'learning_rate': 0.040942302450337587}. Best is trial 14 with value: 0.10327708721160889.
LOCAL_RANK: 0 - CUDA_VISIBLE_DEVICES: [0]
[I 2023-11-29 21:20:21,798] Trial 23 finished with value: 0.12808020412921906 and parameters: {'gradient_clip_val': 0.3351862043807404, 'hidden_size': 78, 'dropout': 0.34953096503624614, 'hidden_continuous_size': 40, 'attention_head_size': 2, 'learning_rate': 0.036804246093989815}. Best is trial 14 with value: 0.10327708721160889.
LOCAL_RANK: 0 - CUDA_VISIBLE_DEVICES: [0]
[I 2023-11-29 21:20:36,050] Trial 24 finished with value: 0.17906959354877472 and parameters: {'gradient_clip_val': 0.27651615323836115, 'hidden_size': 101, 'dropout': 0.327657809706199, 'hidden_continuous_size': 51, 'attention_head_size': 3, 'learning_rate': 0.01966047465728807}. Best is trial 14 with value: 0.10327708721160889.
LOCAL_RANK: 0 - CUDA_VISIBLE_DEVICES: [0]
[I 2023-11-29 21:20:49,737] Trial 25 finished with value: 0.4032219648361206 and parameters: {'gradient_clip_val': 0.22484858566612126, 'hidden_size': 82, 'dropout': 0.34815976614432675, 'hidden_continuous_size': 37, 'attention_head_size': 2, 'learning_rate': 0.023354362980863495}. Best is trial 14 with value: 0.10327708721160889.
LOCAL_RANK: 0 - CUDA_VISIBLE_DEVICES: [0]
[I 2023-11-29 21:21:02,672] Trial 26 finished with value: 0.38788941502571106 and parameters: {'gradient_clip_val': 0.31012604955968337, 'hidden_size': 45, 'dropout': 0.3052193682097743, 'hidden_continuous_size': 27, 'attention_head_size': 3, 'learning_rate': 0.01192301275477731}. Best is trial 14 with value: 0.10327708721160889.
LOCAL_RANK: 0 - CUDA_VISIBLE_DEVICES: [0]
[I 2023-11-29 21:21:16,825] Trial 27 finished with value: 0.32255715131759644 and parameters: {'gradient_clip_val': 0.4146999797670807, 'hidden_size': 115, 'dropout': 0.27319082181751136, 'hidden_continuous_size': 46, 'attention_head_size': 2, 'learning_rate': 0.03188365160035522}. Best is trial 14 with value: 0.10327708721160889.
LOCAL_RANK: 0 - CUDA_VISIBLE_DEVICES: [0]
[I 2023-11-29 21:21:30,289] Trial 28 finished with value: 0.13292448222637177 and parameters: {'gradient_clip_val': 0.32567359066326507, 'hidden_size': 70, 'dropout': 0.3314826606807967, 'hidden_continuous_size': 40, 'attention_head_size': 3, 'learning_rate': 0.020841886499555283}. Best is trial 14 with value: 0.10327708721160889.
LOCAL_RANK: 0 - CUDA_VISIBLE_DEVICES: [0]
[I 2023-11-29 21:21:44,552] Trial 29 finished with value: 0.11914488673210144 and parameters: {'gradient_clip_val': 0.38799877231831487, 'hidden_size': 111, 'dropout': 0.23205555627307675, 'hidden_continuous_size': 59, 'attention_head_size': 4, 'learning_rate': 0.018838026879820537}. Best is trial 14 with value: 0.10327708721160889.
LOCAL_RANK: 0 - CUDA_VISIBLE_DEVICES: [0]
[I 2023-11-29 21:21:58,752] Trial 30 finished with value: 0.16222724318504333 and parameters: {'gradient_clip_val': 0.4026664668594099, 'hidden_size': 124, 'dropout': 0.26118672964993206, 'hidden_continuous_size': 58, 'attention_head_size': 4, 'learning_rate': 0.011148097431445646}. Best is trial 14 with value: 0.10327708721160889.
LOCAL_RANK: 0 - CUDA_VISIBLE_DEVICES: [0]
[I 2023-11-29 21:22:12,715] Trial 31 finished with value: 0.14667026698589325 and parameters: {'gradient_clip_val': 0.34299057360122454, 'hidden_size': 90, 'dropout': 0.24311935722047237, 'hidden_continuous_size': 41, 'attention_head_size': 4, 'learning_rate': 0.01980538211373958}. Best is trial 14 with value: 0.10327708721160889.
LOCAL_RANK: 0 - CUDA_VISIBLE_DEVICES: [0]
[I 2023-11-29 21:22:26,881] Trial 32 finished with value: 0.14228859543800354 and parameters: {'gradient_clip_val': 0.5291995904096033, 'hidden_size': 114, 'dropout': 0.22622704447102282, 'hidden_continuous_size': 59, 'attention_head_size': 3, 'learning_rate': 0.022350393942167618}. Best is trial 14 with value: 0.10327708721160889.
LOCAL_RANK: 0 - CUDA_VISIBLE_DEVICES: [0]
[I 2023-11-29 21:22:40,563] Trial 33 finished with value: 0.20223690569400787 and parameters: {'gradient_clip_val': 0.3724581892890537, 'hidden_size': 81, 'dropout': 0.324314529802859, 'hidden_continuous_size': 38, 'attention_head_size': 3, 'learning_rate': 0.016138226152872533}. Best is trial 14 with value: 0.10327708721160889.
LOCAL_RANK: 0 - CUDA_VISIBLE_DEVICES: [0]
[I 2023-11-29 21:22:54,406] Trial 34 finished with value: 0.14811564981937408 and parameters: {'gradient_clip_val': 0.32054693371198995, 'hidden_size': 67, 'dropout': 0.2412919066500919, 'hidden_continuous_size': 42, 'attention_head_size': 4, 'learning_rate': 0.03390956067957014}. Best is trial 14 with value: 0.10327708721160889.
LOCAL_RANK: 0 - CUDA_VISIBLE_DEVICES: [0]
[I 2023-11-29 21:23:09,059] Trial 35 finished with value: 0.20823924243450165 and parameters: {'gradient_clip_val': 0.44231709571170746, 'hidden_size': 147, 'dropout': 0.31069182760277536, 'hidden_continuous_size': 71, 'attention_head_size': 3, 'learning_rate': 0.022695973122319583}. Best is trial 14 with value: 0.10327708721160889.
LOCAL_RANK: 0 - CUDA_VISIBLE_DEVICES: [0]
[I 2023-11-29 21:23:22,808] Trial 36 finished with value: 0.27442076802253723 and parameters: {'gradient_clip_val': 0.5020106750930131, 'hidden_size': 100, 'dropout': 0.2262724304135886, 'hidden_continuous_size': 28, 'attention_head_size': 4, 'learning_rate': 0.008756776933683375}. Best is trial 14 with value: 0.10327708721160889.
LOCAL_RANK: 0 - CUDA_VISIBLE_DEVICES: [0]
[I 2023-11-29 21:23:36,286] Trial 37 finished with value: 0.24047525227069855 and parameters: {'gradient_clip_val': 0.24735577755630028, 'hidden_size': 63, 'dropout': 0.17812666206513936, 'hidden_continuous_size': 36, 'attention_head_size': 3, 'learning_rate': 0.01546629668777034}. Best is trial 14 with value: 0.10327708721160889.
LOCAL_RANK: 0 - CUDA_VISIBLE_DEVICES: [0]
[I 2023-11-29 21:23:50,134] Trial 38 finished with value: 0.1349536031484604 and parameters: {'gradient_clip_val': 0.38469075662696867, 'hidden_size': 83, 'dropout': 0.28761334348420803, 'hidden_continuous_size': 45, 'attention_head_size': 3, 'learning_rate': 0.03970633354543203}. Best is trial 14 with value: 0.10327708721160889.
LOCAL_RANK: 0 - CUDA_VISIBLE_DEVICES: [0]
[I 2023-11-29 21:24:04,495] Trial 39 finished with value: 0.183593288064003 and parameters: {'gradient_clip_val': 0.3139216505114101, 'hidden_size': 103, 'dropout': 0.25631431661388093, 'hidden_continuous_size': 50, 'attention_head_size': 4, 'learning_rate': 0.012716333097283327}. Best is trial 14 with value: 0.10327708721160889.
LOCAL_RANK: 0 - CUDA_VISIBLE_DEVICES: [0]
[I 2023-11-29 21:24:18,673] Trial 40 finished with value: 0.13793312013149261 and parameters: {'gradient_clip_val': 0.4526602016493255, 'hidden_size': 125, 'dropout': 0.2741651707439868, 'hidden_continuous_size': 70, 'attention_head_size': 1, 'learning_rate': 0.01852408792585979}. Best is trial 14 with value: 0.10327708721160889.
LOCAL_RANK: 0 - CUDA_VISIBLE_DEVICES: [0]
[I 2023-11-29 21:24:32,491] Trial 41 finished with value: 0.19102084636688232 and parameters: {'gradient_clip_val': 0.3676911913893704, 'hidden_size': 85, 'dropout': 0.2939181336509864, 'hidden_continuous_size': 44, 'attention_head_size': 3, 'learning_rate': 0.038873432879235406}. Best is trial 14 with value: 0.10327708721160889.
LOCAL_RANK: 0 - CUDA_VISIBLE_DEVICES: [0]
[I 2023-11-29 21:24:46,109] Trial 42 finished with value: 0.19055412709712982 and parameters: {'gradient_clip_val': 0.4019900552832958, 'hidden_size': 73, 'dropout': 0.3228130674662309, 'hidden_continuous_size': 40, 'attention_head_size': 3, 'learning_rate': 0.025135831707712806}. Best is trial 14 with value: 0.10327708721160889.
LOCAL_RANK: 0 - CUDA_VISIBLE_DEVICES: [0]
[I 2023-11-29 21:24:59,978] Trial 43 finished with value: 0.15873436629772186 and parameters: {'gradient_clip_val': 0.379579736405568, 'hidden_size': 91, 'dropout': 0.30141059715283575, 'hidden_continuous_size': 45, 'attention_head_size': 3, 'learning_rate': 0.046711364634899666}. Best is trial 14 with value: 0.10327708721160889.
LOCAL_RANK: 0 - CUDA_VISIBLE_DEVICES: [0]
[I 2023-11-29 21:25:13,729] Trial 44 finished with value: 0.16440317034721375 and parameters: {'gradient_clip_val': 0.3317170670534075, 'hidden_size': 62, 'dropout': 0.28484241539008115, 'hidden_continuous_size': 34, 'attention_head_size': 4, 'learning_rate': 0.03374988984441357}. Best is trial 14 with value: 0.10327708721160889.
LOCAL_RANK: 0 - CUDA_VISIBLE_DEVICES: [0]
