[I 2023-11-30 03:43:17,017] Trial 89 finished with value: 192.70684814453125 and parameters: {'gradient_clip_val': 0.3181908862137761, 'hidden_size': 31, 'dropout': 0.22099009360822944, 'hidden_continuous_size': 20, 'attention_head_size': 2, 'learning_rate': 0.023437861197598674}. Best is trial 11 with value: 138.38946533203125.
LOCAL_RANK: 0 - CUDA_VISIBLE_DEVICES: [0]
[I 2023-11-30 03:43:29,332] Trial 90 finished with value: 147.8512420654297 and parameters: {'gradient_clip_val': 0.29132541017983893, 'hidden_size': 28, 'dropout': 0.23307499766424775, 'hidden_continuous_size': 17, 'attention_head_size': 3, 'learning_rate': 0.016048477370293066}. Best is trial 11 with value: 138.38946533203125.
LOCAL_RANK: 0 - CUDA_VISIBLE_DEVICES: [0]
[I 2023-11-30 03:43:42,343] Trial 91 finished with value: 141.3083953857422 and parameters: {'gradient_clip_val': 0.29122922887386976, 'hidden_size': 34, 'dropout': 0.23183331770368168, 'hidden_continuous_size': 21, 'attention_head_size': 3, 'learning_rate': 0.016275407544542094}. Best is trial 11 with value: 138.38946533203125.
LOCAL_RANK: 0 - CUDA_VISIBLE_DEVICES: [0]
[I 2023-11-30 03:43:55,233] Trial 92 finished with value: 151.8929901123047 and parameters: {'gradient_clip_val': 0.2829424234854713, 'hidden_size': 35, 'dropout': 0.2302754110206453, 'hidden_continuous_size': 24, 'attention_head_size': 3, 'learning_rate': 0.016210700798670555}. Best is trial 11 with value: 138.38946533203125.
LOCAL_RANK: 0 - CUDA_VISIBLE_DEVICES: [0]
[I 2023-11-30 03:44:07,970] Trial 93 finished with value: 182.6990966796875 and parameters: {'gradient_clip_val': 0.28669404085068934, 'hidden_size': 35, 'dropout': 0.2306633427606304, 'hidden_continuous_size': 26, 'attention_head_size': 3, 'learning_rate': 0.02031002641206746}. Best is trial 11 with value: 138.38946533203125.
LOCAL_RANK: 0 - CUDA_VISIBLE_DEVICES: [0]
[I 2023-11-30 03:44:20,862] Trial 94 finished with value: 150.70994567871094 and parameters: {'gradient_clip_val': 0.2642860712332031, 'hidden_size': 39, 'dropout': 0.2117181223982327, 'hidden_continuous_size': 22, 'attention_head_size': 3, 'learning_rate': 0.017772422016364742}. Best is trial 11 with value: 138.38946533203125.
LOCAL_RANK: 0 - CUDA_VISIBLE_DEVICES: [0]
[I 2023-11-30 03:44:33,674] Trial 95 finished with value: 225.3082275390625 and parameters: {'gradient_clip_val': 0.26833966666082043, 'hidden_size': 40, 'dropout': 0.20720600238788728, 'hidden_continuous_size': 21, 'attention_head_size': 3, 'learning_rate': 0.010461666467371036}. Best is trial 11 with value: 138.38946533203125.
LOCAL_RANK: 0 - CUDA_VISIBLE_DEVICES: [0]
[I 2023-11-30 03:44:46,690] Trial 96 finished with value: 183.5840301513672 and parameters: {'gradient_clip_val': 0.2584228690145214, 'hidden_size': 34, 'dropout': 0.21996328129392984, 'hidden_continuous_size': 24, 'attention_head_size': 3, 'learning_rate': 0.019237382318786623}. Best is trial 11 with value: 138.38946533203125.
LOCAL_RANK: 0 - CUDA_VISIBLE_DEVICES: [0]
[I 2023-11-30 03:44:59,380] Trial 97 finished with value: 185.019775390625 and parameters: {'gradient_clip_val': 0.24929397203083717, 'hidden_size': 36, 'dropout': 0.21530309023669963, 'hidden_continuous_size': 22, 'attention_head_size': 3, 'learning_rate': 0.012549207100494507}. Best is trial 11 with value: 138.38946533203125.
LOCAL_RANK: 0 - CUDA_VISIBLE_DEVICES: [0]
[I 2023-11-30 03:45:12,263] Trial 98 finished with value: 173.32647705078125 and parameters: {'gradient_clip_val': 0.23122207984897397, 'hidden_size': 38, 'dropout': 0.22682888595226508, 'hidden_continuous_size': 20, 'attention_head_size': 3, 'learning_rate': 0.017805584908261982}. Best is trial 11 with value: 138.38946533203125.
LOCAL_RANK: 0 - CUDA_VISIBLE_DEVICES: [0]
[I 2023-11-30 03:45:25,270] Trial 99 finished with value: 190.82940673828125 and parameters: {'gradient_clip_val': 0.29135774851117785, 'hidden_size': 42, 'dropout': 0.2482633247704718, 'hidden_continuous_size': 25, 'attention_head_size': 3, 'learning_rate': 0.02212158233698267}. Best is trial 11 with value: 138.38946533203125.
LOCAL_RANK: 0 - CUDA_VISIBLE_DEVICES: [0]
[I 2023-11-30 03:45:37,976] Trial 100 finished with value: 171.717041015625 and parameters: {'gradient_clip_val': 0.2743477604406785, 'hidden_size': 34, 'dropout': 0.2305758070930476, 'hidden_continuous_size': 23, 'attention_head_size': 3, 'learning_rate': 0.028141879755763346}. Best is trial 11 with value: 138.38946533203125.
LOCAL_RANK: 0 - CUDA_VISIBLE_DEVICES: [0]
[I 2023-11-30 03:45:50,770] Trial 101 finished with value: 142.0755157470703 and parameters: {'gradient_clip_val': 0.2934620320094435, 'hidden_size': 32, 'dropout': 0.2572894999085322, 'hidden_continuous_size': 21, 'attention_head_size': 3, 'learning_rate': 0.016120789739107005}. Best is trial 11 with value: 138.38946533203125.
LOCAL_RANK: 0 - CUDA_VISIBLE_DEVICES: [0]
[I 2023-11-30 03:46:03,288] Trial 102 finished with value: 148.74757385253906 and parameters: {'gradient_clip_val': 0.2964621292441566, 'hidden_size': 32, 'dropout': 0.21003828538064728, 'hidden_continuous_size': 21, 'attention_head_size': 3, 'learning_rate': 0.015271103285084667}. Best is trial 11 with value: 138.38946533203125.
LOCAL_RANK: 0 - CUDA_VISIBLE_DEVICES: [0]
[I 2023-11-30 03:46:16,052] Trial 103 finished with value: 185.5108642578125 and parameters: {'gradient_clip_val': 0.296115047117178, 'hidden_size': 31, 'dropout': 0.20871102589526708, 'hidden_continuous_size': 21, 'attention_head_size': 3, 'learning_rate': 0.02458445059446516}. Best is trial 11 with value: 138.38946533203125.
LOCAL_RANK: 0 - CUDA_VISIBLE_DEVICES: [0]
[I 2023-11-30 03:46:28,718] Trial 104 finished with value: 152.2184600830078 and parameters: {'gradient_clip_val': 0.35129234593470615, 'hidden_size': 29, 'dropout': 0.2687307880240357, 'hidden_continuous_size': 22, 'attention_head_size': 3, 'learning_rate': 0.010852753333406077}. Best is trial 11 with value: 138.38946533203125.
LOCAL_RANK: 0 - CUDA_VISIBLE_DEVICES: [0]
[I 2023-11-30 03:46:41,203] Trial 105 finished with value: 186.5550079345703 and parameters: {'gradient_clip_val': 0.7161474804144327, 'hidden_size': 32, 'dropout': 0.19843385773237926, 'hidden_continuous_size': 21, 'attention_head_size': 3, 'learning_rate': 0.019577970924560255}. Best is trial 11 with value: 138.38946533203125.
LOCAL_RANK: 0 - CUDA_VISIBLE_DEVICES: [0]
[I 2023-11-30 03:46:53,876] Trial 106 finished with value: 174.068603515625 and parameters: {'gradient_clip_val': 0.26276982720101855, 'hidden_size': 28, 'dropout': 0.23907392713327288, 'hidden_continuous_size': 21, 'attention_head_size': 3, 'learning_rate': 0.014554164273315042}. Best is trial 11 with value: 138.38946533203125.
LOCAL_RANK: 0 - CUDA_VISIBLE_DEVICES: [0]
[I 2023-11-30 03:47:06,733] Trial 107 finished with value: 165.9207763671875 and parameters: {'gradient_clip_val': 0.37546153097225476, 'hidden_size': 33, 'dropout': 0.2580119294654066, 'hidden_continuous_size': 20, 'attention_head_size': 3, 'learning_rate': 0.008494501474933176}. Best is trial 11 with value: 138.38946533203125.
LOCAL_RANK: 0 - CUDA_VISIBLE_DEVICES: [0]
[I 2023-11-30 03:47:19,508] Trial 108 finished with value: 166.02960205078125 and parameters: {'gradient_clip_val': 0.32689626422310947, 'hidden_size': 26, 'dropout': 0.24779423859942587, 'hidden_continuous_size': 22, 'attention_head_size': 4, 'learning_rate': 0.013330691549210164}. Best is trial 11 with value: 138.38946533203125.
LOCAL_RANK: 0 - CUDA_VISIBLE_DEVICES: [0]
[I 2023-11-30 03:47:32,310] Trial 109 finished with value: 149.6970672607422 and parameters: {'gradient_clip_val': 0.30138077187616, 'hidden_size': 37, 'dropout': 0.22358588119108586, 'hidden_continuous_size': 11, 'attention_head_size': 3, 'learning_rate': 0.011624281907235594}. Best is trial 11 with value: 138.38946533203125.
LOCAL_RANK: 0 - CUDA_VISIBLE_DEVICES: [0]
[I 2023-11-30 03:47:45,186] Trial 110 finished with value: 149.9404754638672 and parameters: {'gradient_clip_val': 0.2942437698290713, 'hidden_size': 41, 'dropout': 0.21937065903404349, 'hidden_continuous_size': 11, 'attention_head_size': 3, 'learning_rate': 0.0116112312826973}. Best is trial 11 with value: 138.38946533203125.
LOCAL_RANK: 0 - CUDA_VISIBLE_DEVICES: [0]
[I 2023-11-30 03:47:57,995] Trial 111 finished with value: 150.1330108642578 and parameters: {'gradient_clip_val': 0.29643259921737186, 'hidden_size': 37, 'dropout': 0.21702041174623785, 'hidden_continuous_size': 11, 'attention_head_size': 3, 'learning_rate': 0.011734401424173792}. Best is trial 11 with value: 138.38946533203125.
LOCAL_RANK: 0 - CUDA_VISIBLE_DEVICES: [0]
[I 2023-11-30 03:48:10,768] Trial 112 finished with value: 170.9716033935547 and parameters: {'gradient_clip_val': 0.3001693007790958, 'hidden_size': 38, 'dropout': 0.2168288277815862, 'hidden_continuous_size': 11, 'attention_head_size': 3, 'learning_rate': 0.015669845512402615}. Best is trial 11 with value: 138.38946533203125.
LOCAL_RANK: 0 - CUDA_VISIBLE_DEVICES: [0]
[I 2023-11-30 03:48:23,718] Trial 113 finished with value: 148.046875 and parameters: {'gradient_clip_val': 0.28053402674427225, 'hidden_size': 46, 'dropout': 0.21095714633062373, 'hidden_continuous_size': 11, 'attention_head_size': 3, 'learning_rate': 0.011735088507971928}. Best is trial 11 with value: 138.38946533203125.
LOCAL_RANK: 0 - CUDA_VISIBLE_DEVICES: [0]
[I 2023-11-30 03:48:36,408] Trial 114 finished with value: 147.97105407714844 and parameters: {'gradient_clip_val': 0.283903172225807, 'hidden_size': 41, 'dropout': 0.2247461652754312, 'hidden_continuous_size': 11, 'attention_head_size': 3, 'learning_rate': 0.011685431330478448}. Best is trial 11 with value: 138.38946533203125.
LOCAL_RANK: 0 - CUDA_VISIBLE_DEVICES: [0]
[I 2023-11-30 03:48:49,306] Trial 115 finished with value: 171.0533447265625 and parameters: {'gradient_clip_val': 0.24952544499820853, 'hidden_size': 45, 'dropout': 0.221964804169068, 'hidden_continuous_size': 12, 'attention_head_size': 3, 'learning_rate': 0.01151156319788483}. Best is trial 11 with value: 138.38946533203125.
LOCAL_RANK: 0 - CUDA_VISIBLE_DEVICES: [0]
[I 2023-11-30 03:49:02,107] Trial 116 finished with value: 165.03109741210938 and parameters: {'gradient_clip_val': 0.2759367681090634, 'hidden_size': 42, 'dropout': 0.22646821221846733, 'hidden_continuous_size': 11, 'attention_head_size': 3, 'learning_rate': 0.013521410356726575}. Best is trial 11 with value: 138.38946533203125.
LOCAL_RANK: 0 - CUDA_VISIBLE_DEVICES: [0]
[I 2023-11-30 03:49:15,083] Trial 117 finished with value: 185.01885986328125 and parameters: {'gradient_clip_val': 0.2333181885825913, 'hidden_size': 45, 'dropout': 0.20650848721286066, 'hidden_continuous_size': 12, 'attention_head_size': 3, 'learning_rate': 0.012505201002395555}. Best is trial 11 with value: 138.38946533203125.
LOCAL_RANK: 0 - CUDA_VISIBLE_DEVICES: [0]
[I 2023-11-30 03:49:27,726] Trial 118 finished with value: 178.0364532470703 and parameters: {'gradient_clip_val': 0.2823361019711493, 'hidden_size': 36, 'dropout': 0.19429030332975408, 'hidden_continuous_size': 11, 'attention_head_size': 3, 'learning_rate': 0.009802844270565231}. Best is trial 11 with value: 138.38946533203125.
LOCAL_RANK: 0 - CUDA_VISIBLE_DEVICES: [0]
[I 2023-11-30 03:49:40,309] Trial 119 finished with value: 194.8554229736328 and parameters: {'gradient_clip_val': 0.30801544035639267, 'hidden_size': 40, 'dropout': 0.20543774578701396, 'hidden_continuous_size': 10, 'attention_head_size': 3, 'learning_rate': 0.014454340049294197}. Best is trial 11 with value: 138.38946533203125.
LOCAL_RANK: 0 - CUDA_VISIBLE_DEVICES: [0]
[I 2023-11-30 03:49:53,583] Trial 120 finished with value: 155.04995727539062 and parameters: {'gradient_clip_val': 0.33810137499820764, 'hidden_size': 49, 'dropout': 0.23556431036564382, 'hidden_continuous_size': 28, 'attention_head_size': 3, 'learning_rate': 0.007849771257678563}. Best is trial 11 with value: 138.38946533203125.
LOCAL_RANK: 0 - CUDA_VISIBLE_DEVICES: [0]
[I 2023-11-30 03:50:06,379] Trial 121 finished with value: 158.91673278808594 and parameters: {'gradient_clip_val': 0.29960124134719185, 'hidden_size': 37, 'dropout': 0.21752559111303962, 'hidden_continuous_size': 11, 'attention_head_size': 3, 'learning_rate': 0.01177860271275234}. Best is trial 11 with value: 138.38946533203125.
LOCAL_RANK: 0 - CUDA_VISIBLE_DEVICES: [0]
[I 2023-11-30 03:50:19,316] Trial 122 finished with value: 170.9215850830078 and parameters: {'gradient_clip_val': 0.3169579919781095, 'hidden_size': 41, 'dropout': 0.2107385968850477, 'hidden_continuous_size': 11, 'attention_head_size': 3, 'learning_rate': 0.010648900065939156}. Best is trial 11 with value: 138.38946533203125.
LOCAL_RANK: 0 - CUDA_VISIBLE_DEVICES: [0]
[I 2023-11-30 03:50:32,001] Trial 123 finished with value: 163.4259490966797 and parameters: {'gradient_clip_val': 0.27346647223659587, 'hidden_size': 37, 'dropout': 0.2007117903016955, 'hidden_continuous_size': 12, 'attention_head_size': 3, 'learning_rate': 0.011788035629207605}. Best is trial 11 with value: 138.38946533203125.
LOCAL_RANK: 0 - CUDA_VISIBLE_DEVICES: [0]
[I 2023-11-30 03:50:44,871] Trial 124 finished with value: 144.9724884033203 and parameters: {'gradient_clip_val': 0.2938905408265953, 'hidden_size': 43, 'dropout': 0.21445173058822786, 'hidden_continuous_size': 10, 'attention_head_size': 3, 'learning_rate': 0.016431341799853894}. Best is trial 11 with value: 138.38946533203125.
LOCAL_RANK: 0 - CUDA_VISIBLE_DEVICES: [0]
[I 2023-11-30 03:50:57,758] Trial 125 finished with value: 189.93492126464844 and parameters: {'gradient_clip_val': 0.8690460493847378, 'hidden_size': 45, 'dropout': 0.2239647883563828, 'hidden_continuous_size': 13, 'attention_head_size': 3, 'learning_rate': 0.015648296476045823}. Best is trial 11 with value: 138.38946533203125.
LOCAL_RANK: 0 - CUDA_VISIBLE_DEVICES: [0]
[I 2023-11-30 03:51:10,740] Trial 126 finished with value: 183.2792205810547 and parameters: {'gradient_clip_val': 0.25598689675215364, 'hidden_size': 53, 'dropout': 0.18438392585177188, 'hidden_continuous_size': 10, 'attention_head_size': 3, 'learning_rate': 0.021030717490973416}. Best is trial 11 with value: 138.38946533203125.
LOCAL_RANK: 0 - CUDA_VISIBLE_DEVICES: [0]
[I 2023-11-30 03:51:23,875] Trial 127 finished with value: 195.8686981201172 and parameters: {'gradient_clip_val': 0.2887430434138195, 'hidden_size': 47, 'dropout': 0.21252786060261822, 'hidden_continuous_size': 14, 'attention_head_size': 3, 'learning_rate': 0.07294138716058315}. Best is trial 11 with value: 138.38946533203125.
LOCAL_RANK: 0 - CUDA_VISIBLE_DEVICES: [0]
[I 2023-11-30 03:51:36,712] Trial 128 finished with value: 149.5853729248047 and parameters: {'gradient_clip_val': 0.5637048286412991, 'hidden_size': 42, 'dropout': 0.23560841800701013, 'hidden_continuous_size': 10, 'attention_head_size': 3, 'learning_rate': 0.017141372820215925}. Best is trial 11 with value: 138.38946533203125.
LOCAL_RANK: 0 - CUDA_VISIBLE_DEVICES: [0]
[I 2023-11-30 03:51:49,486] Trial 129 finished with value: 167.97479248046875 and parameters: {'gradient_clip_val': 0.5472963493843792, 'hidden_size': 44, 'dropout': 0.23785177161339072, 'hidden_continuous_size': 10, 'attention_head_size': 3, 'learning_rate': 0.017251926676010127}. Best is trial 11 with value: 138.38946533203125.
LOCAL_RANK: 0 - CUDA_VISIBLE_DEVICES: [0]
[I 2023-11-30 03:52:02,211] Trial 130 finished with value: 218.8242645263672 and parameters: {'gradient_clip_val': 0.6445994801349709, 'hidden_size': 43, 'dropout': 0.2430480413636457, 'hidden_continuous_size': 10, 'attention_head_size': 3, 'learning_rate': 0.01851239312793517}. Best is trial 11 with value: 138.38946533203125.
LOCAL_RANK: 0 - CUDA_VISIBLE_DEVICES: [0]
[I 2023-11-30 03:52:14,976] Trial 131 finished with value: 196.4506378173828 and parameters: {'gradient_clip_val': 0.3211531480500195, 'hidden_size': 40, 'dropout': 0.22337764775202965, 'hidden_continuous_size': 10, 'attention_head_size': 3, 'learning_rate': 0.01361282608068857}. Best is trial 11 with value: 138.38946533203125.
LOCAL_RANK: 0 - CUDA_VISIBLE_DEVICES: [0]
[I 2023-11-30 03:52:25,458] Trial 132 finished with value: 230.9429931640625 and parameters: {'gradient_clip_val': 0.7519458849313939, 'hidden_size': 11, 'dropout': 0.23323614214798316, 'hidden_continuous_size': 11, 'attention_head_size': 3, 'learning_rate': 0.01630065333791852}. Best is trial 11 with value: 138.38946533203125.
LOCAL_RANK: 0 - CUDA_VISIBLE_DEVICES: [0]
[I 2023-11-30 03:52:38,331] Trial 133 finished with value: 192.8865966796875 and parameters: {'gradient_clip_val': 0.27458846014507177, 'hidden_size': 41, 'dropout': 0.22751959205471015, 'hidden_continuous_size': 12, 'attention_head_size': 3, 'learning_rate': 0.040269678964576595}. Best is trial 11 with value: 138.38946533203125.
LOCAL_RANK: 0 - CUDA_VISIBLE_DEVICES: [0]
[I 2023-11-30 03:52:50,965] Trial 134 finished with value: 137.4346923828125 and parameters: {'gradient_clip_val': 0.3427008767699155, 'hidden_size': 35, 'dropout': 0.20471575095930636, 'hidden_continuous_size': 10, 'attention_head_size': 3, 'learning_rate': 0.014613376452459822}. Best is trial 134 with value: 137.4346923828125.
LOCAL_RANK: 0 - CUDA_VISIBLE_DEVICES: [0]
[I 2023-11-30 03:53:03,530] Trial 135 finished with value: 189.6001434326172 and parameters: {'gradient_clip_val': 0.5010769409644035, 'hidden_size': 35, 'dropout': 0.1933278863041519, 'hidden_continuous_size': 10, 'attention_head_size': 3, 'learning_rate': 0.03173248072981545}. Best is trial 134 with value: 137.4346923828125.
LOCAL_RANK: 0 - CUDA_VISIBLE_DEVICES: [0]
[I 2023-11-30 03:53:16,330] Trial 136 finished with value: 208.9981231689453 and parameters: {'gradient_clip_val': 0.3426721246477355, 'hidden_size': 31, 'dropout': 0.2068928466518795, 'hidden_continuous_size': 16, 'attention_head_size': 3, 'learning_rate': 0.09130675447465009}. Best is trial 134 with value: 137.4346923828125.
LOCAL_RANK: 0 - CUDA_VISIBLE_DEVICES: [0]
[I 2023-11-30 03:53:29,129] Trial 137 finished with value: 143.33436584472656 and parameters: {'gradient_clip_val': 0.3141574942813345, 'hidden_size': 29, 'dropout': 0.2546203136932078, 'hidden_continuous_size': 15, 'attention_head_size': 3, 'learning_rate': 0.01463410103961301}. Best is trial 134 with value: 137.4346923828125.
LOCAL_RANK: 0 - CUDA_VISIBLE_DEVICES: [0]
[I 2023-11-30 03:53:41,746] Trial 138 finished with value: 158.1055145263672 and parameters: {'gradient_clip_val': 0.8141782388247647, 'hidden_size': 30, 'dropout': 0.2537201737785747, 'hidden_continuous_size': 15, 'attention_head_size': 3, 'learning_rate': 0.01489316006955758}. Best is trial 134 with value: 137.4346923828125.
LOCAL_RANK: 0 - CUDA_VISIBLE_DEVICES: [0]
[I 2023-11-30 03:53:54,099] Trial 139 finished with value: 176.050048828125 and parameters: {'gradient_clip_val': 0.32804421304838305, 'hidden_size': 28, 'dropout': 0.2467010515154553, 'hidden_continuous_size': 13, 'attention_head_size': 3, 'learning_rate': 0.02175844920704705}. Best is trial 134 with value: 137.4346923828125.
LOCAL_RANK: 0 - CUDA_VISIBLE_DEVICES: [0]
[I 2023-11-30 03:54:07,022] Trial 140 finished with value: 147.7237091064453 and parameters: {'gradient_clip_val': 0.23879154722821466, 'hidden_size': 34, 'dropout': 0.2601261827270037, 'hidden_continuous_size': 19, 'attention_head_size': 3, 'learning_rate': 0.01962516975032158}. Best is trial 134 with value: 137.4346923828125.
LOCAL_RANK: 0 - CUDA_VISIBLE_DEVICES: [0]
[I 2023-11-30 03:54:20,108] Trial 141 finished with value: 178.2686309814453 and parameters: {'gradient_clip_val': 0.25320541127063495, 'hidden_size': 33, 'dropout': 0.2547833920585896, 'hidden_continuous_size': 19, 'attention_head_size': 3, 'learning_rate': 0.0192964376339312}. Best is trial 134 with value: 137.4346923828125.
LOCAL_RANK: 0 - CUDA_VISIBLE_DEVICES: [0]
[I 2023-11-30 03:54:33,132] Trial 142 finished with value: 174.9941864013672 and parameters: {'gradient_clip_val': 0.24002936041889425, 'hidden_size': 39, 'dropout': 0.2624699465529092, 'hidden_continuous_size': 20, 'attention_head_size': 3, 'learning_rate': 0.016732610656758587}. Best is trial 134 with value: 137.4346923828125.
LOCAL_RANK: 0 - CUDA_VISIBLE_DEVICES: [0]
[I 2023-11-30 03:54:45,836] Trial 143 finished with value: 158.31764221191406 and parameters: {'gradient_clip_val': 0.3093229517928685, 'hidden_size': 35, 'dropout': 0.24041720377896486, 'hidden_continuous_size': 14, 'attention_head_size': 3, 'learning_rate': 0.013258681807048157}. Best is trial 134 with value: 137.4346923828125.
LOCAL_RANK: 0 - CUDA_VISIBLE_DEVICES: [0]
[I 2023-11-30 03:54:58,325] Trial 144 finished with value: 193.9370880126953 and parameters: {'gradient_clip_val': 0.22621233549215594, 'hidden_size': 26, 'dropout': 0.2652180033895453, 'hidden_continuous_size': 15, 'attention_head_size': 3, 'learning_rate': 0.01473066644758736}. Best is trial 134 with value: 137.4346923828125.
LOCAL_RANK: 0 - CUDA_VISIBLE_DEVICES: [0]
[I 2023-11-30 03:55:10,930] Trial 145 finished with value: 156.41864013671875 and parameters: {'gradient_clip_val': 0.24616164357429354, 'hidden_size': 30, 'dropout': 0.23398621707535058, 'hidden_continuous_size': 18, 'attention_head_size': 3, 'learning_rate': 0.018114684280535365}. Best is trial 134 with value: 137.4346923828125.
LOCAL_RANK: 0 - CUDA_VISIBLE_DEVICES: [0]
[I 2023-11-30 03:55:23,433] Trial 146 finished with value: 176.8546142578125 and parameters: {'gradient_clip_val': 0.2189164855568959, 'hidden_size': 32, 'dropout': 0.2740977997138582, 'hidden_continuous_size': 16, 'attention_head_size': 3, 'learning_rate': 0.02492117231327061}. Best is trial 134 with value: 137.4346923828125.
LOCAL_RANK: 0 - CUDA_VISIBLE_DEVICES: [0]
[I 2023-11-30 03:55:36,275] Trial 147 finished with value: 144.9728546142578 and parameters: {'gradient_clip_val': 0.26320388505386877, 'hidden_size': 34, 'dropout': 0.21296643947431496, 'hidden_continuous_size': 17, 'attention_head_size': 3, 'learning_rate': 0.02001197848972364}. Best is trial 134 with value: 137.4346923828125.
LOCAL_RANK: 0 - CUDA_VISIBLE_DEVICES: [0]
