[I 2023-11-30 02:51:42,600] Trial 4 finished with value: 59.32347106933594 and parameters: {'gradient_clip_val': 0.25648247965725574, 'hidden_size': 63, 'dropout': 0.1035806132263905, 'hidden_continuous_size': 33, 'attention_head_size': 3, 'learning_rate': 0.0030249411786772715}. Best is trial 0 with value: 32.96397018432617.
LOCAL_RANK: 0 - CUDA_VISIBLE_DEVICES: [0]
[I 2023-11-30 02:51:52,935] Trial 5 finished with value: 97.69483184814453 and parameters: {'gradient_clip_val': 0.257958509446884, 'hidden_size': 13, 'dropout': 0.262660274143248, 'hidden_continuous_size': 13, 'attention_head_size': 1, 'learning_rate': 0.002737886052584867}. Best is trial 0 with value: 32.96397018432617.
LOCAL_RANK: 0 - CUDA_VISIBLE_DEVICES: [0]
[I 2023-11-30 02:52:06,460] Trial 6 finished with value: 62.29667282104492 and parameters: {'gradient_clip_val': 0.37088762398670533, 'hidden_size': 104, 'dropout': 0.19817349734364312, 'hidden_continuous_size': 12, 'attention_head_size': 3, 'learning_rate': 0.0013433809656364897}. Best is trial 0 with value: 32.96397018432617.
LOCAL_RANK: 0 - CUDA_VISIBLE_DEVICES: [0]
[I 2023-11-30 02:52:20,066] Trial 7 finished with value: 78.88826751708984 and parameters: {'gradient_clip_val': 0.23553889950019896, 'hidden_size': 62, 'dropout': 0.27199445444880577, 'hidden_continuous_size': 17, 'attention_head_size': 4, 'learning_rate': 0.0017256393042145313}. Best is trial 0 with value: 32.96397018432617.
LOCAL_RANK: 0 - CUDA_VISIBLE_DEVICES: [0]
[I 2023-11-30 02:52:32,290] Trial 8 finished with value: 84.33861541748047 and parameters: {'gradient_clip_val': 0.15075650284160494, 'hidden_size': 12, 'dropout': 0.2796920177804146, 'hidden_continuous_size': 11, 'attention_head_size': 4, 'learning_rate': 0.0014278102850198205}. Best is trial 0 with value: 32.96397018432617.
LOCAL_RANK: 0 - CUDA_VISIBLE_DEVICES: [0]
[I 2023-11-30 02:52:47,112] Trial 9 finished with value: 41.66836166381836 and parameters: {'gradient_clip_val': 0.5228040375218209, 'hidden_size': 144, 'dropout': 0.14904234705239544, 'hidden_continuous_size': 136, 'attention_head_size': 3, 'learning_rate': 0.09886105461324024}. Best is trial 0 with value: 32.96397018432617.
LOCAL_RANK: 0 - CUDA_VISIBLE_DEVICES: [0]
[I 2023-11-30 02:53:01,757] Trial 10 finished with value: 45.709259033203125 and parameters: {'gradient_clip_val': 0.9463017602614335, 'hidden_size': 149, 'dropout': 0.10527779514237211, 'hidden_continuous_size': 70, 'attention_head_size': 2, 'learning_rate': 0.03244292349872313}. Best is trial 0 with value: 32.96397018432617.
LOCAL_RANK: 0 - CUDA_VISIBLE_DEVICES: [0]
[I 2023-11-30 02:53:15,251] Trial 11 finished with value: 37.573184967041016 and parameters: {'gradient_clip_val': 0.11518581229291837, 'hidden_size': 63, 'dropout': 0.33013393219232806, 'hidden_continuous_size': 24, 'attention_head_size': 4, 'learning_rate': 0.08316491850774566}. Best is trial 0 with value: 32.96397018432617.
LOCAL_RANK: 0 - CUDA_VISIBLE_DEVICES: [0]
[I 2023-11-30 02:53:27,682] Trial 12 finished with value: 38.492984771728516 and parameters: {'gradient_clip_val': 0.15916876322323997, 'hidden_size': 22, 'dropout': 0.3250781673759755, 'hidden_continuous_size': 10, 'attention_head_size': 2, 'learning_rate': 0.03934291154305721}. Best is trial 0 with value: 32.96397018432617.
LOCAL_RANK: 0 - CUDA_VISIBLE_DEVICES: [0]
[I 2023-11-30 02:53:40,728] Trial 13 finished with value: 34.891841888427734 and parameters: {'gradient_clip_val': 0.10015562163650787, 'hidden_size': 48, 'dropout': 0.21540873112611342, 'hidden_continuous_size': 16, 'attention_head_size': 4, 'learning_rate': 0.04625880869359369}. Best is trial 0 with value: 32.96397018432617.
LOCAL_RANK: 0 - CUDA_VISIBLE_DEVICES: [0]
[I 2023-11-30 02:53:54,560] Trial 14 finished with value: 40.14361572265625 and parameters: {'gradient_clip_val': 0.17016826392036494, 'hidden_size': 88, 'dropout': 0.23182505654531135, 'hidden_continuous_size': 34, 'attention_head_size': 3, 'learning_rate': 0.02609505229757505}. Best is trial 0 with value: 32.96397018432617.
LOCAL_RANK: 0 - CUDA_VISIBLE_DEVICES: [0]
[I 2023-11-30 02:54:08,698] Trial 15 finished with value: 33.95756149291992 and parameters: {'gradient_clip_val': 0.1290515206877822, 'hidden_size': 90, 'dropout': 0.16147716789048733, 'hidden_continuous_size': 41, 'attention_head_size': 4, 'learning_rate': 0.06442050342485331}. Best is trial 0 with value: 32.96397018432617.
LOCAL_RANK: 0 - CUDA_VISIBLE_DEVICES: [0]
[I 2023-11-30 02:54:22,816] Trial 16 finished with value: 33.517459869384766 and parameters: {'gradient_clip_val': 0.19373758789492937, 'hidden_size': 98, 'dropout': 0.1652399201355409, 'hidden_continuous_size': 48, 'attention_head_size': 2, 'learning_rate': 0.09831117106763562}. Best is trial 0 with value: 32.96397018432617.
LOCAL_RANK: 0 - CUDA_VISIBLE_DEVICES: [0]
[I 2023-11-30 02:54:36,898] Trial 17 finished with value: 39.91793441772461 and parameters: {'gradient_clip_val': 0.1961514188679807, 'hidden_size': 103, 'dropout': 0.14239136293752774, 'hidden_continuous_size': 48, 'attention_head_size': 2, 'learning_rate': 0.020042955885055547}. Best is trial 0 with value: 32.96397018432617.
LOCAL_RANK: 0 - CUDA_VISIBLE_DEVICES: [0]
[I 2023-11-30 02:54:51,103] Trial 18 finished with value: 48.9642219543457 and parameters: {'gradient_clip_val': 0.1992467151289694, 'hidden_size': 122, 'dropout': 0.17231997690210865, 'hidden_continuous_size': 54, 'attention_head_size': 2, 'learning_rate': 0.09619792995305393}. Best is trial 0 with value: 32.96397018432617.
LOCAL_RANK: 0 - CUDA_VISIBLE_DEVICES: [0]
[I 2023-11-30 02:55:04,631] Trial 19 finished with value: 36.9971923828125 and parameters: {'gradient_clip_val': 0.3291340755868022, 'hidden_size': 77, 'dropout': 0.13257978316801855, 'hidden_continuous_size': 25, 'attention_head_size': 1, 'learning_rate': 0.05451336675864684}. Best is trial 0 with value: 32.96397018432617.
LOCAL_RANK: 0 - CUDA_VISIBLE_DEVICES: [0]
[I 2023-11-30 02:55:19,070] Trial 20 finished with value: 36.817161560058594 and parameters: {'gradient_clip_val': 0.20159706234784946, 'hidden_size': 118, 'dropout': 0.124250187527054, 'hidden_continuous_size': 67, 'attention_head_size': 3, 'learning_rate': 0.008121778628044772}. Best is trial 0 with value: 32.96397018432617.
LOCAL_RANK: 0 - CUDA_VISIBLE_DEVICES: [0]
[I 2023-11-30 02:55:33,038] Trial 21 finished with value: 36.5737190246582 and parameters: {'gradient_clip_val': 0.13523977765075437, 'hidden_size': 84, 'dropout': 0.1641881183488645, 'hidden_continuous_size': 39, 'attention_head_size': 2, 'learning_rate': 0.06909169152707365}. Best is trial 0 with value: 32.96397018432617.
LOCAL_RANK: 0 - CUDA_VISIBLE_DEVICES: [0]
[I 2023-11-30 02:55:47,142] Trial 22 finished with value: 35.20796203613281 and parameters: {'gradient_clip_val': 0.15149389140714706, 'hidden_size': 101, 'dropout': 0.1704704258115504, 'hidden_continuous_size': 43, 'attention_head_size': 3, 'learning_rate': 0.06338545297299805}. Best is trial 0 with value: 32.96397018432617.
LOCAL_RANK: 0 - CUDA_VISIBLE_DEVICES: [0]
[I 2023-11-30 02:56:01,147] Trial 23 finished with value: 48.46116638183594 and parameters: {'gradient_clip_val': 0.11458195139303687, 'hidden_size': 79, 'dropout': 0.19572273919017472, 'hidden_continuous_size': 38, 'attention_head_size': 4, 'learning_rate': 0.09881975884646486}. Best is trial 0 with value: 32.96397018432617.
LOCAL_RANK: 0 - CUDA_VISIBLE_DEVICES: [0]
[I 2023-11-30 02:56:15,602] Trial 24 finished with value: 35.770301818847656 and parameters: {'gradient_clip_val': 0.17685926934650142, 'hidden_size': 138, 'dropout': 0.16034876352124144, 'hidden_continuous_size': 53, 'attention_head_size': 3, 'learning_rate': 0.04100086734707398}. Best is trial 0 with value: 32.96397018432617.
LOCAL_RANK: 0 - CUDA_VISIBLE_DEVICES: [0]
[I 2023-11-30 02:56:29,547] Trial 25 finished with value: 42.467227935791016 and parameters: {'gradient_clip_val': 0.23776226606149362, 'hidden_size': 116, 'dropout': 0.12603732747387156, 'hidden_continuous_size': 30, 'attention_head_size': 2, 'learning_rate': 0.06731423751959457}. Best is trial 0 with value: 32.96397018432617.
LOCAL_RANK: 0 - CUDA_VISIBLE_DEVICES: [0]
[I 2023-11-30 02:56:43,784] Trial 26 finished with value: 37.57443618774414 and parameters: {'gradient_clip_val': 0.14510906155158199, 'hidden_size': 89, 'dropout': 0.1768767696018417, 'hidden_continuous_size': 42, 'attention_head_size': 4, 'learning_rate': 0.05288481108140448}. Best is trial 0 with value: 32.96397018432617.
LOCAL_RANK: 0 - CUDA_VISIBLE_DEVICES: [0]
[I 2023-11-30 02:56:57,330] Trial 27 finished with value: 33.11281967163086 and parameters: {'gradient_clip_val': 0.12567757823102396, 'hidden_size': 65, 'dropout': 0.1446426821968578, 'hidden_continuous_size': 36, 'attention_head_size': 1, 'learning_rate': 0.07253061583332367}. Best is trial 0 with value: 32.96397018432617.
LOCAL_RANK: 0 - CUDA_VISIBLE_DEVICES: [0]
[I 2023-11-30 02:57:10,724] Trial 28 finished with value: 34.96588897705078 and parameters: {'gradient_clip_val': 0.1789284401317055, 'hidden_size': 70, 'dropout': 0.14240410872534967, 'hidden_continuous_size': 27, 'attention_head_size': 1, 'learning_rate': 0.03243358098262392}. Best is trial 0 with value: 32.96397018432617.
LOCAL_RANK: 0 - CUDA_VISIBLE_DEVICES: [0]
[I 2023-11-30 02:57:23,850] Trial 29 finished with value: 34.75309371948242 and parameters: {'gradient_clip_val': 0.12148437640514034, 'hidden_size': 51, 'dropout': 0.12080763502721224, 'hidden_continuous_size': 22, 'attention_head_size': 1, 'learning_rate': 0.06987095494275512}. Best is trial 0 with value: 32.96397018432617.
LOCAL_RANK: 0 - CUDA_VISIBLE_DEVICES: [0]
[I 2023-11-30 02:57:37,084] Trial 30 finished with value: 40.613094329833984 and parameters: {'gradient_clip_val': 0.14056428271749818, 'hidden_size': 56, 'dropout': 0.11049542371662108, 'hidden_continuous_size': 35, 'attention_head_size': 1, 'learning_rate': 0.049111942086942376}. Best is trial 0 with value: 32.96397018432617.
LOCAL_RANK: 0 - CUDA_VISIBLE_DEVICES: [0]
[I 2023-11-30 02:57:51,085] Trial 31 finished with value: 42.425079345703125 and parameters: {'gradient_clip_val': 0.1059459953348619, 'hidden_size': 71, 'dropout': 0.15197969211762685, 'hidden_continuous_size': 37, 'attention_head_size': 4, 'learning_rate': 0.07477537604341665}. Best is trial 0 with value: 32.96397018432617.
LOCAL_RANK: 0 - CUDA_VISIBLE_DEVICES: [0]
[I 2023-11-30 02:58:05,072] Trial 32 finished with value: 48.622222900390625 and parameters: {'gradient_clip_val': 0.12408459375699928, 'hidden_size': 92, 'dropout': 0.1442972793271793, 'hidden_continuous_size': 45, 'attention_head_size': 2, 'learning_rate': 0.09821189006952329}. Best is trial 0 with value: 32.96397018432617.
LOCAL_RANK: 0 - CUDA_VISIBLE_DEVICES: [0]
[I 2023-11-30 02:58:18,049] Trial 33 finished with value: 38.230560302734375 and parameters: {'gradient_clip_val': 0.13019053609291098, 'hidden_size': 45, 'dropout': 0.18993759604941995, 'hidden_continuous_size': 32, 'attention_head_size': 1, 'learning_rate': 0.05692409340437176}. Best is trial 0 with value: 32.96397018432617.
LOCAL_RANK: 0 - CUDA_VISIBLE_DEVICES: [0]
[I 2023-11-30 02:58:32,081] Trial 34 finished with value: 34.39278030395508 and parameters: {'gradient_clip_val': 0.15761557930693357, 'hidden_size': 99, 'dropout': 0.13311119167203497, 'hidden_continuous_size': 29, 'attention_head_size': 4, 'learning_rate': 0.06886278802675072}. Best is trial 0 with value: 32.96397018432617.
LOCAL_RANK: 0 - CUDA_VISIBLE_DEVICES: [0]
[I 2023-11-30 02:58:45,787] Trial 35 finished with value: 40.39714431762695 and parameters: {'gradient_clip_val': 0.10028533231117819, 'hidden_size': 75, 'dropout': 0.15913158501793317, 'hidden_continuous_size': 32, 'attention_head_size': 3, 'learning_rate': 0.07911201624302734}. Best is trial 0 with value: 32.96397018432617.
LOCAL_RANK: 0 - CUDA_VISIBLE_DEVICES: [0]
[I 2023-11-30 02:58:58,691] Trial 36 finished with value: 33.91084671020508 and parameters: {'gradient_clip_val': 0.13541422390214514, 'hidden_size': 40, 'dropout': 0.179896797516635, 'hidden_continuous_size': 19, 'attention_head_size': 1, 'learning_rate': 0.04454977669321388}. Best is trial 0 with value: 32.96397018432617.
LOCAL_RANK: 0 - CUDA_VISIBLE_DEVICES: [0]
[I 2023-11-30 02:59:11,419] Trial 37 finished with value: 36.40456008911133 and parameters: {'gradient_clip_val': 0.1865653825729055, 'hidden_size': 35, 'dropout': 0.10108397936988309, 'hidden_continuous_size': 15, 'attention_head_size': 1, 'learning_rate': 0.04367800552034914}. Best is trial 0 with value: 32.96397018432617.
LOCAL_RANK: 0 - CUDA_VISIBLE_DEVICES: [0]
[I 2023-11-30 02:59:24,184] Trial 38 finished with value: 40.1016845703125 and parameters: {'gradient_clip_val': 0.21654110633047544, 'hidden_size': 44, 'dropout': 0.1812603560429229, 'hidden_continuous_size': 19, 'attention_head_size': 1, 'learning_rate': 0.020379531260992588}. Best is trial 0 with value: 32.96397018432617.
LOCAL_RANK: 0 - CUDA_VISIBLE_DEVICES: [0]
[I 2023-11-30 02:59:36,918] Trial 39 finished with value: 36.670108795166016 and parameters: {'gradient_clip_val': 0.26286036892178954, 'hidden_size': 38, 'dropout': 0.2133985859425675, 'hidden_continuous_size': 14, 'attention_head_size': 1, 'learning_rate': 0.05374579636367356}. Best is trial 0 with value: 32.96397018432617.
LOCAL_RANK: 0 - CUDA_VISIBLE_DEVICES: [0]
[I 2023-11-30 02:59:49,963] Trial 40 finished with value: 34.82063293457031 and parameters: {'gradient_clip_val': 0.16939677523092522, 'hidden_size': 53, 'dropout': 0.20534977846590632, 'hidden_continuous_size': 18, 'attention_head_size': 1, 'learning_rate': 0.08160097473146609}. Best is trial 0 with value: 32.96397018432617.
LOCAL_RANK: 0 - CUDA_VISIBLE_DEVICES: [0]
[I 2023-11-30 03:00:03,614] Trial 41 finished with value: 35.43296813964844 and parameters: {'gradient_clip_val': 0.13255791831629604, 'hidden_size': 63, 'dropout': 0.1873905194905179, 'hidden_continuous_size': 23, 'attention_head_size': 2, 'learning_rate': 0.05964452154496363}. Best is trial 0 with value: 32.96397018432617.
LOCAL_RANK: 0 - CUDA_VISIBLE_DEVICES: [0]
[I 2023-11-30 03:00:16,221] Trial 42 finished with value: 35.3598747253418 and parameters: {'gradient_clip_val': 0.11438183947740899, 'hidden_size': 30, 'dropout': 0.16182480491476992, 'hidden_continuous_size': 16, 'attention_head_size': 1, 'learning_rate': 0.039374786476308134}. Best is trial 0 with value: 32.96397018432617.
LOCAL_RANK: 0 - CUDA_VISIBLE_DEVICES: [0]
[I 2023-11-30 03:00:29,667] Trial 43 finished with value: 34.25374984741211 and parameters: {'gradient_clip_val': 0.13571484495994757, 'hidden_size': 58, 'dropout': 0.11650892770802426, 'hidden_continuous_size': 21, 'attention_head_size': 4, 'learning_rate': 0.08276979580346477}. Best is trial 0 with value: 32.96397018432617.
LOCAL_RANK: 0 - CUDA_VISIBLE_DEVICES: [0]
[I 2023-11-30 03:00:43,516] Trial 44 finished with value: 45.5629997253418 and parameters: {'gradient_clip_val': 0.15513166026010172, 'hidden_size': 112, 'dropout': 0.17399790226547962, 'hidden_continuous_size': 27, 'attention_head_size': 2, 'learning_rate': 0.0591056366807719}. Best is trial 0 with value: 32.96397018432617.
LOCAL_RANK: 0 - CUDA_VISIBLE_DEVICES: [0]
[I 2023-11-30 03:00:57,228] Trial 45 finished with value: 39.42704391479492 and parameters: {'gradient_clip_val': 0.16528914277731818, 'hidden_size': 66, 'dropout': 0.15288136343783493, 'hidden_continuous_size': 20, 'attention_head_size': 4, 'learning_rate': 0.08461304568414954}. Best is trial 0 with value: 32.96397018432617.
LOCAL_RANK: 0 - CUDA_VISIBLE_DEVICES: [0]
[I 2023-11-30 03:01:11,315] Trial 46 finished with value: 33.94801330566406 and parameters: {'gradient_clip_val': 0.14401432324255736, 'hidden_size': 83, 'dropout': 0.13624812509328355, 'hidden_continuous_size': 41, 'attention_head_size': 3, 'learning_rate': 0.04583618140152996}. Best is trial 0 with value: 32.96397018432617.
LOCAL_RANK: 0 - CUDA_VISIBLE_DEVICES: [0]
[I 2023-11-30 03:01:24,969] Trial 47 finished with value: 41.52756881713867 and parameters: {'gradient_clip_val': 0.14328170484204317, 'hidden_size': 80, 'dropout': 0.1398361450097082, 'hidden_continuous_size': 34, 'attention_head_size': 3, 'learning_rate': 0.03459063476319142}. Best is trial 0 with value: 32.96397018432617.
LOCAL_RANK: 0 - CUDA_VISIBLE_DEVICES: [0]
[I 2023-11-30 03:01:39,150] Trial 48 finished with value: 37.01822280883789 and parameters: {'gradient_clip_val': 0.21739087741212687, 'hidden_size': 128, 'dropout': 0.11259892606845659, 'hidden_continuous_size': 50, 'attention_head_size': 3, 'learning_rate': 0.04234262158293178}. Best is trial 0 with value: 32.96397018432617.
LOCAL_RANK: 0 - CUDA_VISIBLE_DEVICES: [0]
[I 2023-11-30 03:01:52,833] Trial 49 finished with value: 38.27589797973633 and parameters: {'gradient_clip_val': 0.18017039080971217, 'hidden_size': 69, 'dropout': 0.1339354085701428, 'hidden_continuous_size': 37, 'attention_head_size': 2, 'learning_rate': 0.04932898238064831}. Best is trial 0 with value: 32.96397018432617.
LOCAL_RANK: 0 - CUDA_VISIBLE_DEVICES: [0]
[I 2023-11-30 03:02:06,904] Trial 50 finished with value: 33.972347259521484 and parameters: {'gradient_clip_val': 0.16145847244282974, 'hidden_size': 97, 'dropout': 0.10049123434890841, 'hidden_continuous_size': 46, 'attention_head_size': 2, 'learning_rate': 0.029318211294803873}. Best is trial 0 with value: 32.96397018432617.
LOCAL_RANK: 0 - CUDA_VISIBLE_DEVICES: [0]
[I 2023-11-30 03:02:20,847] Trial 51 finished with value: 38.41257095336914 and parameters: {'gradient_clip_val': 0.12551975298154314, 'hidden_size': 88, 'dropout': 0.1503538533268982, 'hidden_continuous_size': 41, 'attention_head_size': 4, 'learning_rate': 0.09983411546124299}. Best is trial 0 with value: 32.96397018432617.
LOCAL_RANK: 0 - CUDA_VISIBLE_DEVICES: [0]
[I 2023-11-30 03:02:35,182] Trial 52 finished with value: 42.79945755004883 and parameters: {'gradient_clip_val': 0.11109744973688203, 'hidden_size': 112, 'dropout': 0.1829845905621064, 'hidden_continuous_size': 57, 'attention_head_size': 4, 'learning_rate': 0.06845181075382714}. Best is trial 0 with value: 32.96397018432617.
LOCAL_RANK: 0 - CUDA_VISIBLE_DEVICES: [0]
[I 2023-11-30 03:02:49,210] Trial 53 finished with value: 37.454402923583984 and parameters: {'gradient_clip_val': 0.12226458483934921, 'hidden_size': 104, 'dropout': 0.16765300217478504, 'hidden_continuous_size': 40, 'attention_head_size': 3, 'learning_rate': 0.04888987044950075}. Best is trial 0 with value: 32.96397018432617.
LOCAL_RANK: 0 - CUDA_VISIBLE_DEVICES: [0]
[I 2023-11-30 03:03:03,332] Trial 54 finished with value: 41.472373962402344 and parameters: {'gradient_clip_val': 0.1506851186115541, 'hidden_size': 82, 'dropout': 0.12562040219047899, 'hidden_continuous_size': 44, 'attention_head_size': 4, 'learning_rate': 0.08025766891565807}. Best is trial 0 with value: 32.96397018432617.
LOCAL_RANK: 0 - CUDA_VISIBLE_DEVICES: [0]
[I 2023-11-30 03:03:17,267] Trial 55 finished with value: 35.490264892578125 and parameters: {'gradient_clip_val': 0.13931919150389124, 'hidden_size': 128, 'dropout': 0.15326839651103144, 'hidden_continuous_size': 60, 'attention_head_size': 1, 'learning_rate': 0.05818754035636094}. Best is trial 0 with value: 32.96397018432617.
LOCAL_RANK: 0 - CUDA_VISIBLE_DEVICES: [0]
[I 2023-11-30 03:03:31,145] Trial 56 finished with value: 34.658817291259766 and parameters: {'gradient_clip_val': 0.10712860693046744, 'hidden_size': 77, 'dropout': 0.13564631487749887, 'hidden_continuous_size': 48, 'attention_head_size': 3, 'learning_rate': 0.038730464712795155}. Best is trial 0 with value: 32.96397018432617.
LOCAL_RANK: 0 - CUDA_VISIBLE_DEVICES: [0]
[I 2023-11-30 03:03:45,292] Trial 57 finished with value: 32.188472747802734 and parameters: {'gradient_clip_val': 0.1942335367282468, 'hidden_size': 93, 'dropout': 0.16930069824058908, 'hidden_continuous_size': 36, 'attention_head_size': 3, 'learning_rate': 0.06443255536507363}. Best is trial 57 with value: 32.188472747802734.
LOCAL_RANK: 0 - CUDA_VISIBLE_DEVICES: [0]
[I 2023-11-30 03:03:58,912] Trial 58 finished with value: 36.60628890991211 and parameters: {'gradient_clip_val': 0.1967691943152452, 'hidden_size': 61, 'dropout': 0.19604593652005253, 'hidden_continuous_size': 36, 'attention_head_size': 3, 'learning_rate': 0.08995821119584015}. Best is trial 57 with value: 32.188472747802734.
LOCAL_RANK: 0 - CUDA_VISIBLE_DEVICES: [0]
[I 2023-11-30 03:04:12,986] Trial 59 finished with value: 34.730648040771484 and parameters: {'gradient_clip_val': 0.16508498879605332, 'hidden_size': 136, 'dropout': 0.23380924471631853, 'hidden_continuous_size': 25, 'attention_head_size': 3, 'learning_rate': 0.06964461272070004}. Best is trial 57 with value: 32.188472747802734.
LOCAL_RANK: 0 - CUDA_VISIBLE_DEVICES: [0]
[I 2023-11-30 03:04:26,996] Trial 60 finished with value: 36.67739486694336 and parameters: {'gradient_clip_val': 0.2709214786375772, 'hidden_size': 108, 'dropout': 0.17893629001378125, 'hidden_continuous_size': 31, 'attention_head_size': 3, 'learning_rate': 0.04758998034394576}. Best is trial 57 with value: 32.188472747802734.
LOCAL_RANK: 0 - CUDA_VISIBLE_DEVICES: [0]
[I 2023-11-30 03:04:41,186] Trial 61 finished with value: 39.02910614013672 and parameters: {'gradient_clip_val': 0.14620840142938818, 'hidden_size': 92, 'dropout': 0.16574812835825095, 'hidden_continuous_size': 40, 'attention_head_size': 4, 'learning_rate': 0.07650646379143893}. Best is trial 57 with value: 32.188472747802734.
LOCAL_RANK: 0 - CUDA_VISIBLE_DEVICES: [0]
[I 2023-11-30 03:04:55,248] Trial 62 finished with value: 39.69191360473633 and parameters: {'gradient_clip_val': 0.18758782221632386, 'hidden_size': 86, 'dropout': 0.1402196473546968, 'hidden_continuous_size': 42, 'attention_head_size': 3, 'learning_rate': 0.06287698905343726}. Best is trial 57 with value: 32.188472747802734.
LOCAL_RANK: 0 - CUDA_VISIBLE_DEVICES: [0]
