[I 2023-11-30 03:55:49,431] Trial 148 finished with value: 202.6829071044922 and parameters: {'gradient_clip_val': 0.2664551170375474, 'hidden_size': 47, 'dropout': 0.2007457399578455, 'hidden_continuous_size': 20, 'attention_head_size': 3, 'learning_rate': 0.020418465612268306}. Best is trial 134 with value: 137.4346923828125.
LOCAL_RANK: 0 - CUDA_VISIBLE_DEVICES: [0]
[I 2023-11-30 03:56:02,242] Trial 149 finished with value: 164.71400451660156 and parameters: {'gradient_clip_val': 0.2807602957457463, 'hidden_size': 34, 'dropout': 0.21291746036836562, 'hidden_continuous_size': 18, 'attention_head_size': 3, 'learning_rate': 0.016283520775983783}. Best is trial 134 with value: 137.4346923828125.
[I 2023-11-30 03:56:02,353] A new study created in memory with name: no-name-6afb6e87-0151-4e42-96c8-15a7891bd61a
/home/le004/conda/anaconda3/envs/tsff_env/lib/python3.9/site-packages/lightning/fabric/plugins/environments/slurm.py:191: The `srun` command is available on your system but is not used. HINT: If your intention is to run Lightning on SLURM, prepend your python command with `srun` like so: srun python /home/le004/master_thesis/git/TSFusionForecast/code/ ...
LOCAL_RANK: 0 - CUDA_VISIBLE_DEVICES: [0]
[I 2023-11-30 03:56:16,263] Trial 0 finished with value: 56.07795333862305 and parameters: {'gradient_clip_val': 0.15445530344817052, 'hidden_size': 86, 'dropout': 0.29595058196635127, 'hidden_continuous_size': 37, 'attention_head_size': 2, 'learning_rate': 0.007250060646765181}. Best is trial 0 with value: 56.07795333862305.
LOCAL_RANK: 0 - CUDA_VISIBLE_DEVICES: [0]
[I 2023-11-30 03:56:28,691] Trial 1 finished with value: 74.36695098876953 and parameters: {'gradient_clip_val': 0.1273196270766729, 'hidden_size': 20, 'dropout': 0.1962312812631994, 'hidden_continuous_size': 11, 'attention_head_size': 4, 'learning_rate': 0.012671220482871564}. Best is trial 0 with value: 56.07795333862305.
LOCAL_RANK: 0 - CUDA_VISIBLE_DEVICES: [0]
[I 2023-11-30 03:56:41,567] Trial 2 finished with value: 100.54083251953125 and parameters: {'gradient_clip_val': 0.17184152493208, 'hidden_size': 50, 'dropout': 0.3694399947411806, 'hidden_continuous_size': 11, 'attention_head_size': 1, 'learning_rate': 0.0026256909505631885}. Best is trial 0 with value: 56.07795333862305.
LOCAL_RANK: 0 - CUDA_VISIBLE_DEVICES: [0]
[I 2023-11-30 03:56:51,980] Trial 3 finished with value: 84.74945831298828 and parameters: {'gradient_clip_val': 0.29488762928512924, 'hidden_size': 12, 'dropout': 0.36501369059389877, 'hidden_continuous_size': 12, 'attention_head_size': 4, 'learning_rate': 0.020951687476819192}. Best is trial 0 with value: 56.07795333862305.
LOCAL_RANK: 0 - CUDA_VISIBLE_DEVICES: [0]
[I 2023-11-30 03:57:04,678] Trial 4 finished with value: 93.2110366821289 and parameters: {'gradient_clip_val': 0.67911954426227, 'hidden_size': 40, 'dropout': 0.1736247811697324, 'hidden_continuous_size': 13, 'attention_head_size': 3, 'learning_rate': 0.002609900936765272}. Best is trial 0 with value: 56.07795333862305.
LOCAL_RANK: 0 - CUDA_VISIBLE_DEVICES: [0]
[I 2023-11-30 03:57:14,934] Trial 5 finished with value: 59.72489547729492 and parameters: {'gradient_clip_val': 0.5134850008231353, 'hidden_size': 11, 'dropout': 0.10830788366090525, 'hidden_continuous_size': 11, 'attention_head_size': 2, 'learning_rate': 0.08209759155942997}. Best is trial 0 with value: 56.07795333862305.
LOCAL_RANK: 0 - CUDA_VISIBLE_DEVICES: [0]
[I 2023-11-30 03:57:28,872] Trial 6 finished with value: 58.3213005065918 and parameters: {'gradient_clip_val': 0.523967866082248, 'hidden_size': 99, 'dropout': 0.3869653888535669, 'hidden_continuous_size': 11, 'attention_head_size': 4, 'learning_rate': 0.034734707669207804}. Best is trial 0 with value: 56.07795333862305.
LOCAL_RANK: 0 - CUDA_VISIBLE_DEVICES: [0]
[I 2023-11-30 03:57:41,936] Trial 7 finished with value: 113.73270416259766 and parameters: {'gradient_clip_val': 0.19629073314373402, 'hidden_size': 71, 'dropout': 0.3668429088462186, 'hidden_continuous_size': 11, 'attention_head_size': 1, 'learning_rate': 0.001906580926531378}. Best is trial 0 with value: 56.07795333862305.
LOCAL_RANK: 0 - CUDA_VISIBLE_DEVICES: [0]
[I 2023-11-30 03:57:56,390] Trial 8 finished with value: 52.289608001708984 and parameters: {'gradient_clip_val': 0.20150626425832865, 'hidden_size': 117, 'dropout': 0.39062056308349935, 'hidden_continuous_size': 78, 'attention_head_size': 2, 'learning_rate': 0.006180722287820177}. Best is trial 8 with value: 52.289608001708984.
LOCAL_RANK: 0 - CUDA_VISIBLE_DEVICES: [0]
[I 2023-11-30 03:58:10,233] Trial 9 finished with value: 54.32194900512695 and parameters: {'gradient_clip_val': 0.12147262478660115, 'hidden_size': 113, 'dropout': 0.3227765456465528, 'hidden_continuous_size': 15, 'attention_head_size': 2, 'learning_rate': 0.06850544105400028}. Best is trial 8 with value: 52.289608001708984.
LOCAL_RANK: 0 - CUDA_VISIBLE_DEVICES: [0]
[I 2023-11-30 03:58:23,968] Trial 10 finished with value: 98.37286376953125 and parameters: {'gradient_clip_val': 0.28844092479492767, 'hidden_size': 58, 'dropout': 0.27225465752773725, 'hidden_continuous_size': 55, 'attention_head_size': 3, 'learning_rate': 0.0010548662860603655}. Best is trial 8 with value: 52.289608001708984.
LOCAL_RANK: 0 - CUDA_VISIBLE_DEVICES: [0]
[I 2023-11-30 03:58:38,821] Trial 11 finished with value: 57.08803939819336 and parameters: {'gradient_clip_val': 0.11006057182206815, 'hidden_size': 136, 'dropout': 0.3191608839556127, 'hidden_continuous_size': 135, 'attention_head_size': 2, 'learning_rate': 0.09814833671705146}. Best is trial 8 with value: 52.289608001708984.
LOCAL_RANK: 0 - CUDA_VISIBLE_DEVICES: [0]
[I 2023-11-30 03:58:53,067] Trial 12 finished with value: 54.37974166870117 and parameters: {'gradient_clip_val': 0.10555035249284614, 'hidden_size': 138, 'dropout': 0.32753224461946334, 'hidden_continuous_size': 21, 'attention_head_size': 2, 'learning_rate': 0.006364548786620313}. Best is trial 8 with value: 52.289608001708984.
LOCAL_RANK: 0 - CUDA_VISIBLE_DEVICES: [0]
[I 2023-11-30 03:59:06,671] Trial 13 finished with value: 52.4937858581543 and parameters: {'gradient_clip_val': 0.2160387260926896, 'hidden_size': 98, 'dropout': 0.39350371809329077, 'hidden_continuous_size': 20, 'attention_head_size': 1, 'learning_rate': 0.03923019246659981}. Best is trial 8 with value: 52.289608001708984.
LOCAL_RANK: 0 - CUDA_VISIBLE_DEVICES: [0]
[I 2023-11-30 03:59:21,309] Trial 14 finished with value: 54.69950485229492 and parameters: {'gradient_clip_val': 0.22532449922084166, 'hidden_size': 150, 'dropout': 0.39958659965802745, 'hidden_continuous_size': 67, 'attention_head_size': 1, 'learning_rate': 0.033250095939428834}. Best is trial 8 with value: 52.289608001708984.
LOCAL_RANK: 0 - CUDA_VISIBLE_DEVICES: [0]
[I 2023-11-30 03:59:34,802] Trial 15 finished with value: 52.80772018432617 and parameters: {'gradient_clip_val': 0.23076487279895722, 'hidden_size': 87, 'dropout': 0.3997617949661675, 'hidden_continuous_size': 22, 'attention_head_size': 1, 'learning_rate': 0.01270141241774365}. Best is trial 8 with value: 52.289608001708984.
LOCAL_RANK: 0 - CUDA_VISIBLE_DEVICES: [0]
[I 2023-11-30 03:59:48,361] Trial 16 finished with value: 61.07233810424805 and parameters: {'gradient_clip_val': 0.3507911596239353, 'hidden_size': 61, 'dropout': 0.34022403864544043, 'hidden_continuous_size': 18, 'attention_head_size': 3, 'learning_rate': 0.00562947964303048}. Best is trial 8 with value: 52.289608001708984.
LOCAL_RANK: 0 - CUDA_VISIBLE_DEVICES: [0]
[I 2023-11-30 04:00:01,895] Trial 17 finished with value: 50.90748977661133 and parameters: {'gradient_clip_val': 0.1591733043710879, 'hidden_size': 78, 'dropout': 0.2686390696532067, 'hidden_continuous_size': 32, 'attention_head_size': 1, 'learning_rate': 0.019930218980351824}. Best is trial 17 with value: 50.90748977661133.
LOCAL_RANK: 0 - CUDA_VISIBLE_DEVICES: [0]
[I 2023-11-30 04:00:15,323] Trial 18 finished with value: 57.5213623046875 and parameters: {'gradient_clip_val': 0.14738816571573643, 'hidden_size': 70, 'dropout': 0.2519550459323009, 'hidden_continuous_size': 28, 'attention_head_size': 1, 'learning_rate': 0.014133329102051189}. Best is trial 17 with value: 50.90748977661133.
LOCAL_RANK: 0 - CUDA_VISIBLE_DEVICES: [0]
[I 2023-11-30 04:00:28,111] Trial 19 finished with value: 63.820159912109375 and parameters: {'gradient_clip_val': 0.15566274184431286, 'hidden_size': 41, 'dropout': 0.28003607752330795, 'hidden_continuous_size': 15, 'attention_head_size': 2, 'learning_rate': 0.004929547059767352}. Best is trial 17 with value: 50.90748977661133.
LOCAL_RANK: 0 - CUDA_VISIBLE_DEVICES: [0]
[I 2023-11-30 04:00:40,624] Trial 20 finished with value: 58.52488327026367 and parameters: {'gradient_clip_val': 0.18894572377680643, 'hidden_size': 30, 'dropout': 0.22934853474113245, 'hidden_continuous_size': 10, 'attention_head_size': 3, 'learning_rate': 0.01974374118836568}. Best is trial 17 with value: 50.90748977661133.
LOCAL_RANK: 0 - CUDA_VISIBLE_DEVICES: [0]
[I 2023-11-30 04:00:54,741] Trial 21 finished with value: 53.21079635620117 and parameters: {'gradient_clip_val': 0.22675261048101433, 'hidden_size': 109, 'dropout': 0.35716433978401096, 'hidden_continuous_size': 33, 'attention_head_size': 1, 'learning_rate': 0.042251166376032406}. Best is trial 17 with value: 50.90748977661133.
LOCAL_RANK: 0 - CUDA_VISIBLE_DEVICES: [0]
[I 2023-11-30 04:01:08,331] Trial 22 finished with value: 52.29071044921875 and parameters: {'gradient_clip_val': 0.13666087043993222, 'hidden_size': 83, 'dropout': 0.34209168246587435, 'hidden_continuous_size': 26, 'attention_head_size': 1, 'learning_rate': 0.008818170412134858}. Best is trial 17 with value: 50.90748977661133.
LOCAL_RANK: 0 - CUDA_VISIBLE_DEVICES: [0]
[I 2023-11-30 04:01:21,840] Trial 23 finished with value: 54.04254150390625 and parameters: {'gradient_clip_val': 0.1269914643553574, 'hidden_size': 80, 'dropout': 0.33947450864901485, 'hidden_continuous_size': 27, 'attention_head_size': 1, 'learning_rate': 0.0088862088083887}. Best is trial 17 with value: 50.90748977661133.
LOCAL_RANK: 0 - CUDA_VISIBLE_DEVICES: [0]
[I 2023-11-30 04:01:35,922] Trial 24 finished with value: 56.90718460083008 and parameters: {'gradient_clip_val': 0.10138925955621803, 'hidden_size': 114, 'dropout': 0.3003166590643377, 'hidden_continuous_size': 40, 'attention_head_size': 2, 'learning_rate': 0.010060459849564827}. Best is trial 17 with value: 50.90748977661133.
LOCAL_RANK: 0 - CUDA_VISIBLE_DEVICES: [0]
[I 2023-11-30 04:01:49,452] Trial 25 finished with value: 54.5974235534668 and parameters: {'gradient_clip_val': 0.14110825364387053, 'hidden_size': 74, 'dropout': 0.30451784421149475, 'hidden_continuous_size': 25, 'attention_head_size': 1, 'learning_rate': 0.004812052716665805}. Best is trial 17 with value: 50.90748977661133.
LOCAL_RANK: 0 - CUDA_VISIBLE_DEVICES: [0]
[I 2023-11-30 04:02:02,790] Trial 26 finished with value: 56.77732849121094 and parameters: {'gradient_clip_val': 0.17617596639363092, 'hidden_size': 53, 'dropout': 0.34753330281754885, 'hidden_continuous_size': 19, 'attention_head_size': 2, 'learning_rate': 0.019850048244071546}. Best is trial 17 with value: 50.90748977661133.
LOCAL_RANK: 0 - CUDA_VISIBLE_DEVICES: [0]
[I 2023-11-30 04:02:16,806] Trial 27 finished with value: 52.13303756713867 and parameters: {'gradient_clip_val': 0.13933189093196086, 'hidden_size': 123, 'dropout': 0.3744135610913984, 'hidden_continuous_size': 43, 'attention_head_size': 1, 'learning_rate': 0.008441499294972402}. Best is trial 17 with value: 50.90748977661133.
LOCAL_RANK: 0 - CUDA_VISIBLE_DEVICES: [0]
[I 2023-11-30 04:02:30,955] Trial 28 finished with value: 54.15956497192383 and parameters: {'gradient_clip_val': 0.16581231226963616, 'hidden_size': 126, 'dropout': 0.37834580337080415, 'hidden_continuous_size': 48, 'attention_head_size': 1, 'learning_rate': 0.01587212382857869}. Best is trial 17 with value: 50.90748977661133.
LOCAL_RANK: 0 - CUDA_VISIBLE_DEVICES: [0]
[I 2023-11-30 04:02:44,827] Trial 29 finished with value: 53.91141891479492 and parameters: {'gradient_clip_val': 0.1563491681109335, 'hidden_size': 96, 'dropout': 0.36899870662584455, 'hidden_continuous_size': 34, 'attention_head_size': 2, 'learning_rate': 0.00796454343800574}. Best is trial 17 with value: 50.90748977661133.
LOCAL_RANK: 0 - CUDA_VISIBLE_DEVICES: [0]
[I 2023-11-30 04:02:59,572] Trial 30 finished with value: 59.588443756103516 and parameters: {'gradient_clip_val': 0.25367153977076917, 'hidden_size': 147, 'dropout': 0.3145076700303994, 'hidden_continuous_size': 73, 'attention_head_size': 2, 'learning_rate': 0.006839999466718247}. Best is trial 17 with value: 50.90748977661133.
LOCAL_RANK: 0 - CUDA_VISIBLE_DEVICES: [0]
[I 2023-11-30 04:03:13,168] Trial 31 finished with value: 56.63380813598633 and parameters: {'gradient_clip_val': 0.14009083107673023, 'hidden_size': 84, 'dropout': 0.34906132246526533, 'hidden_continuous_size': 31, 'attention_head_size': 1, 'learning_rate': 0.008962418048009995}. Best is trial 17 with value: 50.90748977661133.
LOCAL_RANK: 0 - CUDA_VISIBLE_DEVICES: [0]
[I 2023-11-30 04:03:27,291] Trial 32 finished with value: 52.77836990356445 and parameters: {'gradient_clip_val': 0.12026751533152036, 'hidden_size': 117, 'dropout': 0.3832608335413947, 'hidden_continuous_size': 40, 'attention_head_size': 1, 'learning_rate': 0.010564675824674805}. Best is trial 17 with value: 50.90748977661133.
LOCAL_RANK: 0 - CUDA_VISIBLE_DEVICES: [0]
[I 2023-11-30 04:03:41,070] Trial 33 finished with value: 55.18739318847656 and parameters: {'gradient_clip_val': 0.18043503522126217, 'hidden_size': 93, 'dropout': 0.3376187204699313, 'hidden_continuous_size': 35, 'attention_head_size': 1, 'learning_rate': 0.0072714500104749495}. Best is trial 17 with value: 50.90748977661133.
LOCAL_RANK: 0 - CUDA_VISIBLE_DEVICES: [0]
[I 2023-11-30 04:03:55,008] Trial 34 finished with value: 59.41563034057617 and parameters: {'gradient_clip_val': 0.13416693847431094, 'hidden_size': 121, 'dropout': 0.35605611825944106, 'hidden_continuous_size': 25, 'attention_head_size': 1, 'learning_rate': 0.010914200424829709}. Best is trial 17 with value: 50.90748977661133.
LOCAL_RANK: 0 - CUDA_VISIBLE_DEVICES: [0]
[I 2023-11-30 04:04:08,557] Trial 35 finished with value: 52.72027587890625 and parameters: {'gradient_clip_val': 0.1518100523137125, 'hidden_size': 65, 'dropout': 0.37902610822865773, 'hidden_continuous_size': 28, 'attention_head_size': 1, 'learning_rate': 0.013833728773637258}. Best is trial 17 with value: 50.90748977661133.
LOCAL_RANK: 0 - CUDA_VISIBLE_DEVICES: [0]
[I 2023-11-30 04:04:22,517] Trial 36 finished with value: 64.7929916381836 and parameters: {'gradient_clip_val': 0.12007789777425146, 'hidden_size': 81, 'dropout': 0.36419556689675886, 'hidden_continuous_size': 40, 'attention_head_size': 2, 'learning_rate': 0.003935827662761044}. Best is trial 17 with value: 50.90748977661133.
LOCAL_RANK: 0 - CUDA_VISIBLE_DEVICES: [0]
[I 2023-11-30 04:04:36,129] Trial 37 finished with value: 58.21676254272461 and parameters: {'gradient_clip_val': 0.19417107968483446, 'hidden_size': 96, 'dropout': 0.29032637487409274, 'hidden_continuous_size': 31, 'attention_head_size': 4, 'learning_rate': 0.0037783933155413987}. Best is trial 17 with value: 50.90748977661133.
LOCAL_RANK: 0 - CUDA_VISIBLE_DEVICES: [0]
[I 2023-11-30 04:04:50,167] Trial 38 finished with value: 48.91152572631836 and parameters: {'gradient_clip_val': 0.16672335580818018, 'hidden_size': 108, 'dropout': 0.381024316349142, 'hidden_continuous_size': 46, 'attention_head_size': 3, 'learning_rate': 0.007702170154288367}. Best is trial 38 with value: 48.91152572631836.
LOCAL_RANK: 0 - CUDA_VISIBLE_DEVICES: [0]
[I 2023-11-30 04:05:04,341] Trial 39 finished with value: 56.59431838989258 and parameters: {'gradient_clip_val': 0.1652558036244785, 'hidden_size': 105, 'dropout': 0.37719044304321225, 'hidden_continuous_size': 47, 'attention_head_size': 3, 'learning_rate': 0.006198592969462687}. Best is trial 38 with value: 48.91152572631836.
LOCAL_RANK: 0 - CUDA_VISIBLE_DEVICES: [0]
[I 2023-11-30 04:05:18,534] Trial 40 finished with value: 54.1977424621582 and parameters: {'gradient_clip_val': 0.19967741158742644, 'hidden_size': 128, 'dropout': 0.38785013661636364, 'hidden_continuous_size': 64, 'attention_head_size': 3, 'learning_rate': 0.017141225071988623}. Best is trial 38 with value: 48.91152572631836.
LOCAL_RANK: 0 - CUDA_VISIBLE_DEVICES: [0]
[I 2023-11-30 04:05:32,371] Trial 41 finished with value: 52.79331588745117 and parameters: {'gradient_clip_val': 0.13663828336841505, 'hidden_size': 76, 'dropout': 0.3567488736540527, 'hidden_continuous_size': 37, 'attention_head_size': 3, 'learning_rate': 0.008376213376218815}. Best is trial 38 with value: 48.91152572631836.
LOCAL_RANK: 0 - CUDA_VISIBLE_DEVICES: [0]
[I 2023-11-30 04:05:46,655] Trial 42 finished with value: 50.332733154296875 and parameters: {'gradient_clip_val': 0.16927281622659873, 'hidden_size': 106, 'dropout': 0.3712267273522961, 'hidden_continuous_size': 46, 'attention_head_size': 4, 'learning_rate': 0.011465301827445441}. Best is trial 38 with value: 48.91152572631836.
LOCAL_RANK: 0 - CUDA_VISIBLE_DEVICES: [0]
[I 2023-11-30 04:06:00,871] Trial 43 finished with value: 51.5041618347168 and parameters: {'gradient_clip_val': 0.1697821005500705, 'hidden_size': 106, 'dropout': 0.36611421535136884, 'hidden_continuous_size': 46, 'attention_head_size': 4, 'learning_rate': 0.011704257000326953}. Best is trial 38 with value: 48.91152572631836.
LOCAL_RANK: 0 - CUDA_VISIBLE_DEVICES: [0]
[I 2023-11-30 04:06:14,987] Trial 44 finished with value: 56.40803909301758 and parameters: {'gradient_clip_val': 0.1710990543402298, 'hidden_size': 104, 'dropout': 0.3695320159456108, 'hidden_continuous_size': 47, 'attention_head_size': 4, 'learning_rate': 0.011677318373306498}. Best is trial 38 with value: 48.91152572631836.
LOCAL_RANK: 0 - CUDA_VISIBLE_DEVICES: [0]
[I 2023-11-30 04:06:29,470] Trial 45 finished with value: 55.38326644897461 and parameters: {'gradient_clip_val': 0.11101679465254859, 'hidden_size': 133, 'dropout': 0.3344591258315491, 'hidden_continuous_size': 54, 'attention_head_size': 4, 'learning_rate': 0.023479292712946354}. Best is trial 38 with value: 48.91152572631836.
LOCAL_RANK: 0 - CUDA_VISIBLE_DEVICES: [0]
[I 2023-11-30 04:06:43,723] Trial 46 finished with value: 55.59727096557617 and parameters: {'gradient_clip_val': 0.15918838852049694, 'hidden_size': 92, 'dropout': 0.32460976697919, 'hidden_continuous_size': 44, 'attention_head_size': 4, 'learning_rate': 0.012335849864857274}. Best is trial 38 with value: 48.91152572631836.
LOCAL_RANK: 0 - CUDA_VISIBLE_DEVICES: [0]
[I 2023-11-30 04:06:58,004] Trial 47 finished with value: 55.74716567993164 and parameters: {'gradient_clip_val': 0.17297264281928687, 'hidden_size': 105, 'dropout': 0.31546257926932925, 'hidden_continuous_size': 53, 'attention_head_size': 4, 'learning_rate': 0.014510671678911714}. Best is trial 38 with value: 48.91152572631836.
LOCAL_RANK: 0 - CUDA_VISIBLE_DEVICES: [0]
[I 2023-11-30 04:07:12,367] Trial 48 finished with value: 64.35432434082031 and parameters: {'gradient_clip_val': 0.20598453569101713, 'hidden_size': 129, 'dropout': 0.3617154294702825, 'hidden_continuous_size': 38, 'attention_head_size': 4, 'learning_rate': 0.024929592207230605}. Best is trial 38 with value: 48.91152572631836.
LOCAL_RANK: 0 - CUDA_VISIBLE_DEVICES: [0]
[I 2023-11-30 04:07:26,914] Trial 49 finished with value: 55.039306640625 and parameters: {'gradient_clip_val': 0.11735176828781109, 'hidden_size': 148, 'dropout': 0.38514860546332513, 'hidden_continuous_size': 58, 'attention_head_size': 4, 'learning_rate': 0.017660551076920553}. Best is trial 38 with value: 48.91152572631836.
LOCAL_RANK: 0 - CUDA_VISIBLE_DEVICES: [0]
[I 2023-11-30 04:07:40,753] Trial 50 finished with value: 53.44694519042969 and parameters: {'gradient_clip_val': 0.1278041045305522, 'hidden_size': 66, 'dropout': 0.39634771249738937, 'hidden_continuous_size': 43, 'attention_head_size': 3, 'learning_rate': 0.010454399182872333}. Best is trial 38 with value: 48.91152572631836.
LOCAL_RANK: 0 - CUDA_VISIBLE_DEVICES: [0]
[I 2023-11-30 04:07:55,557] Trial 51 finished with value: 51.18159103393555 and parameters: {'gradient_clip_val': 0.18675853344797685, 'hidden_size': 115, 'dropout': 0.37395109804223564, 'hidden_continuous_size': 79, 'attention_head_size': 4, 'learning_rate': 0.007563963404980086}. Best is trial 38 with value: 48.91152572631836.
LOCAL_RANK: 0 - CUDA_VISIBLE_DEVICES: [0]
[I 2023-11-30 04:08:09,822] Trial 52 finished with value: 52.520389556884766 and parameters: {'gradient_clip_val': 0.14886552025047645, 'hidden_size': 111, 'dropout': 0.3757081813831929, 'hidden_continuous_size': 50, 'attention_head_size': 4, 'learning_rate': 0.007694407466180898}. Best is trial 38 with value: 48.91152572631836.
LOCAL_RANK: 0 - CUDA_VISIBLE_DEVICES: [0]
[I 2023-11-30 04:08:23,949] Trial 53 finished with value: 55.60551452636719 and parameters: {'gradient_clip_val': 0.18524595549108736, 'hidden_size': 87, 'dropout': 0.36830755891998074, 'hidden_continuous_size': 44, 'attention_head_size': 4, 'learning_rate': 0.011506934982371684}. Best is trial 38 with value: 48.91152572631836.
LOCAL_RANK: 0 - CUDA_VISIBLE_DEVICES: [0]
[I 2023-11-30 04:08:38,311] Trial 54 finished with value: 54.0250129699707 and parameters: {'gradient_clip_val': 0.2483595720457306, 'hidden_size': 122, 'dropout': 0.35279967772234727, 'hidden_continuous_size': 57, 'attention_head_size': 4, 'learning_rate': 0.013895773113752388}. Best is trial 38 with value: 48.91152572631836.
LOCAL_RANK: 0 - CUDA_VISIBLE_DEVICES: [0]
