[I 2023-11-29 22:41:07,694] Trial 99 finished with value: 12.165508270263672 and parameters: {'gradient_clip_val': 0.32799453636773174, 'hidden_size': 45, 'dropout': 0.1170256812931122, 'hidden_continuous_size': 10, 'attention_head_size': 1, 'learning_rate': 0.005458407992249707}. Best is trial 16 with value: 8.581562995910645.
LOCAL_RANK: 0 - CUDA_VISIBLE_DEVICES: [0]
[I 2023-11-29 22:41:21,030] Trial 100 finished with value: 9.267139434814453 and parameters: {'gradient_clip_val': 0.43577377099092507, 'hidden_size': 76, 'dropout': 0.12478799196971543, 'hidden_continuous_size': 14, 'attention_head_size': 2, 'learning_rate': 0.0035074953456040807}. Best is trial 16 with value: 8.581562995910645.
LOCAL_RANK: 0 - CUDA_VISIBLE_DEVICES: [0]
[I 2023-11-29 22:41:34,450] Trial 101 finished with value: 9.354927062988281 and parameters: {'gradient_clip_val': 0.44811022064528905, 'hidden_size': 74, 'dropout': 0.12620867769347224, 'hidden_continuous_size': 14, 'attention_head_size': 2, 'learning_rate': 0.0029642456706094845}. Best is trial 16 with value: 8.581562995910645.
LOCAL_RANK: 0 - CUDA_VISIBLE_DEVICES: [0]
[I 2023-11-29 22:41:47,820] Trial 102 finished with value: 11.237312316894531 and parameters: {'gradient_clip_val': 0.39064239927760036, 'hidden_size': 84, 'dropout': 0.10065049099187093, 'hidden_continuous_size': 13, 'attention_head_size': 2, 'learning_rate': 0.0036569854474601676}. Best is trial 16 with value: 8.581562995910645.
LOCAL_RANK: 0 - CUDA_VISIBLE_DEVICES: [0]
[I 2023-11-29 22:42:01,236] Trial 103 finished with value: 10.361698150634766 and parameters: {'gradient_clip_val': 0.3672886714419983, 'hidden_size': 76, 'dropout': 0.14099179528886444, 'hidden_continuous_size': 15, 'attention_head_size': 2, 'learning_rate': 0.0043780312405528165}. Best is trial 16 with value: 8.581562995910645.
LOCAL_RANK: 0 - CUDA_VISIBLE_DEVICES: [0]
[I 2023-11-29 22:42:14,611] Trial 104 finished with value: 10.208638191223145 and parameters: {'gradient_clip_val': 0.43268288300227464, 'hidden_size': 66, 'dropout': 0.11083554483324201, 'hidden_continuous_size': 17, 'attention_head_size': 2, 'learning_rate': 0.005018881182028702}. Best is trial 16 with value: 8.581562995910645.
LOCAL_RANK: 0 - CUDA_VISIBLE_DEVICES: [0]
[I 2023-11-29 22:42:27,734] Trial 105 finished with value: 10.28149127960205 and parameters: {'gradient_clip_val': 0.4177275159257281, 'hidden_size': 58, 'dropout': 0.13326994550947185, 'hidden_continuous_size': 14, 'attention_head_size': 2, 'learning_rate': 0.0032852315705985046}. Best is trial 16 with value: 8.581562995910645.
LOCAL_RANK: 0 - CUDA_VISIBLE_DEVICES: [0]
[I 2023-11-29 22:42:40,791] Trial 106 finished with value: 9.802959442138672 and parameters: {'gradient_clip_val': 0.3897220756829609, 'hidden_size': 62, 'dropout': 0.11860856980541369, 'hidden_continuous_size': 12, 'attention_head_size': 2, 'learning_rate': 0.004084665902083008}. Best is trial 16 with value: 8.581562995910645.
LOCAL_RANK: 0 - CUDA_VISIBLE_DEVICES: [0]
[I 2023-11-29 22:42:54,103] Trial 107 finished with value: 14.728194236755371 and parameters: {'gradient_clip_val': 0.4560204761604701, 'hidden_size': 53, 'dropout': 0.14924776608555362, 'hidden_continuous_size': 16, 'attention_head_size': 4, 'learning_rate': 0.0026371738868529587}. Best is trial 16 with value: 8.581562995910645.
LOCAL_RANK: 0 - CUDA_VISIBLE_DEVICES: [0]
[I 2023-11-29 22:43:07,813] Trial 108 finished with value: 10.208985328674316 and parameters: {'gradient_clip_val': 0.3987515855808183, 'hidden_size': 70, 'dropout': 0.12801659680210964, 'hidden_continuous_size': 19, 'attention_head_size': 2, 'learning_rate': 0.008498052136001442}. Best is trial 16 with value: 8.581562995910645.
LOCAL_RANK: 0 - CUDA_VISIBLE_DEVICES: [0]
[I 2023-11-29 22:43:21,068] Trial 109 finished with value: 9.806205749511719 and parameters: {'gradient_clip_val': 0.4342768783849588, 'hidden_size': 80, 'dropout': 0.14024978558176482, 'hidden_continuous_size': 13, 'attention_head_size': 2, 'learning_rate': 0.004766330779903996}. Best is trial 16 with value: 8.581562995910645.
LOCAL_RANK: 0 - CUDA_VISIBLE_DEVICES: [0]
[I 2023-11-29 22:43:34,705] Trial 110 finished with value: 11.941143989562988 and parameters: {'gradient_clip_val': 0.7262624733628232, 'hidden_size': 89, 'dropout': 0.15607967066306186, 'hidden_continuous_size': 25, 'attention_head_size': 2, 'learning_rate': 0.006349262377220267}. Best is trial 16 with value: 8.581562995910645.
LOCAL_RANK: 0 - CUDA_VISIBLE_DEVICES: [0]
[I 2023-11-29 22:43:47,849] Trial 111 finished with value: 9.02844524383545 and parameters: {'gradient_clip_val': 0.4496748212007745, 'hidden_size': 76, 'dropout': 0.12640633918365912, 'hidden_continuous_size': 14, 'attention_head_size': 2, 'learning_rate': 0.002767653938418816}. Best is trial 16 with value: 8.581562995910645.
LOCAL_RANK: 0 - CUDA_VISIBLE_DEVICES: [0]
[I 2023-11-29 22:44:01,165] Trial 112 finished with value: 9.557450294494629 and parameters: {'gradient_clip_val': 0.412015767880284, 'hidden_size': 72, 'dropout': 0.1250462068881775, 'hidden_continuous_size': 15, 'attention_head_size': 2, 'learning_rate': 0.002971909616051851}. Best is trial 16 with value: 8.581562995910645.
LOCAL_RANK: 0 - CUDA_VISIBLE_DEVICES: [0]
[I 2023-11-29 22:44:14,883] Trial 113 finished with value: 10.647209167480469 and parameters: {'gradient_clip_val': 0.48403730468082357, 'hidden_size': 77, 'dropout': 0.10700285722974899, 'hidden_continuous_size': 18, 'attention_head_size': 2, 'learning_rate': 0.0021900004582875365}. Best is trial 16 with value: 8.581562995910645.
LOCAL_RANK: 0 - CUDA_VISIBLE_DEVICES: [0]
[I 2023-11-29 22:44:28,498] Trial 114 finished with value: 9.312419891357422 and parameters: {'gradient_clip_val': 0.34799756124444686, 'hidden_size': 94, 'dropout': 0.1352834102604975, 'hidden_continuous_size': 14, 'attention_head_size': 2, 'learning_rate': 0.003268229485923975}. Best is trial 16 with value: 8.581562995910645.
LOCAL_RANK: 0 - CUDA_VISIBLE_DEVICES: [0]
[I 2023-11-29 22:44:41,860] Trial 115 finished with value: 10.252419471740723 and parameters: {'gradient_clip_val': 0.5273018925806155, 'hidden_size': 66, 'dropout': 0.14744998908542362, 'hidden_continuous_size': 17, 'attention_head_size': 2, 'learning_rate': 0.0024839894302618394}. Best is trial 16 with value: 8.581562995910645.
LOCAL_RANK: 0 - CUDA_VISIBLE_DEVICES: [0]
[I 2023-11-29 22:44:55,431] Trial 116 finished with value: 8.5413236618042 and parameters: {'gradient_clip_val': 0.46535423979585383, 'hidden_size': 83, 'dropout': 0.11401177436434864, 'hidden_continuous_size': 16, 'attention_head_size': 2, 'learning_rate': 0.0037026662729126715}. Best is trial 116 with value: 8.5413236618042.
LOCAL_RANK: 0 - CUDA_VISIBLE_DEVICES: [0]
[I 2023-11-29 22:45:08,881] Trial 117 finished with value: 9.759688377380371 and parameters: {'gradient_clip_val': 0.5649558484085992, 'hidden_size': 84, 'dropout': 0.11648920623996231, 'hidden_continuous_size': 18, 'attention_head_size': 1, 'learning_rate': 0.003853522751694765}. Best is trial 116 with value: 8.5413236618042.
LOCAL_RANK: 0 - CUDA_VISIBLE_DEVICES: [0]
[I 2023-11-29 22:45:22,064] Trial 118 finished with value: 12.916516304016113 and parameters: {'gradient_clip_val': 0.49790935552072846, 'hidden_size': 50, 'dropout': 0.11310316799736297, 'hidden_continuous_size': 16, 'attention_head_size': 2, 'learning_rate': 0.0026843525547535995}. Best is trial 116 with value: 8.5413236618042.
LOCAL_RANK: 0 - CUDA_VISIBLE_DEVICES: [0]
[I 2023-11-29 22:45:35,970] Trial 119 finished with value: 11.950576782226562 and parameters: {'gradient_clip_val': 0.4642151782215609, 'hidden_size': 99, 'dropout': 0.15261172208624452, 'hidden_continuous_size': 32, 'attention_head_size': 2, 'learning_rate': 0.010229073867086555}. Best is trial 116 with value: 8.5413236618042.
LOCAL_RANK: 0 - CUDA_VISIBLE_DEVICES: [0]
[I 2023-11-29 22:45:48,998] Trial 120 finished with value: 10.1414213180542 and parameters: {'gradient_clip_val': 0.5476157037602459, 'hidden_size': 46, 'dropout': 0.10057901317677352, 'hidden_continuous_size': 17, 'attention_head_size': 3, 'learning_rate': 0.007739581215893513}. Best is trial 116 with value: 8.5413236618042.
LOCAL_RANK: 0 - CUDA_VISIBLE_DEVICES: [0]
[I 2023-11-29 22:46:02,579] Trial 121 finished with value: 10.550944328308105 and parameters: {'gradient_clip_val': 0.43802053073151076, 'hidden_size': 89, 'dropout': 0.12354211615732014, 'hidden_continuous_size': 16, 'attention_head_size': 2, 'learning_rate': 0.0035258525918251842}. Best is trial 116 with value: 8.5413236618042.
LOCAL_RANK: 0 - CUDA_VISIBLE_DEVICES: [0]
[I 2023-11-29 22:46:16,130] Trial 122 finished with value: 10.109786987304688 and parameters: {'gradient_clip_val': 0.37844205456994073, 'hidden_size': 78, 'dropout': 0.1310423991383314, 'hidden_continuous_size': 14, 'attention_head_size': 2, 'learning_rate': 0.004188409725496289}. Best is trial 116 with value: 8.5413236618042.
LOCAL_RANK: 0 - CUDA_VISIBLE_DEVICES: [0]
[I 2023-11-29 22:46:29,707] Trial 123 finished with value: 9.678747177124023 and parameters: {'gradient_clip_val': 0.4204911050442736, 'hidden_size': 72, 'dropout': 0.14191745570563197, 'hidden_continuous_size': 15, 'attention_head_size': 2, 'learning_rate': 0.0030291560819844477}. Best is trial 116 with value: 8.5413236618042.
LOCAL_RANK: 0 - CUDA_VISIBLE_DEVICES: [0]
[I 2023-11-29 22:46:42,488] Trial 124 finished with value: 10.983933448791504 and parameters: {'gradient_clip_val': 0.46369841492959973, 'hidden_size': 41, 'dropout': 0.10840906538311525, 'hidden_continuous_size': 11, 'attention_head_size': 2, 'learning_rate': 0.005674844559435783}. Best is trial 116 with value: 8.5413236618042.
LOCAL_RANK: 0 - CUDA_VISIBLE_DEVICES: [0]
[I 2023-11-29 22:46:55,673] Trial 125 finished with value: 12.342358589172363 and parameters: {'gradient_clip_val': 0.5056794360505102, 'hidden_size': 61, 'dropout': 0.11979753810987988, 'hidden_continuous_size': 13, 'attention_head_size': 2, 'learning_rate': 0.002397333550766331}. Best is trial 116 with value: 8.5413236618042.
LOCAL_RANK: 0 - CUDA_VISIBLE_DEVICES: [0]
[I 2023-11-29 22:47:09,043] Trial 126 finished with value: 12.163330078125 and parameters: {'gradient_clip_val': 0.3697245405798843, 'hidden_size': 82, 'dropout': 0.15976594087899332, 'hidden_continuous_size': 12, 'attention_head_size': 2, 'learning_rate': 0.004719211376527866}. Best is trial 116 with value: 8.5413236618042.
LOCAL_RANK: 0 - CUDA_VISIBLE_DEVICES: [0]
[I 2023-11-29 22:47:22,086] Trial 127 finished with value: 10.27295207977295 and parameters: {'gradient_clip_val': 0.6738316231546728, 'hidden_size': 56, 'dropout': 0.17180947235688368, 'hidden_continuous_size': 19, 'attention_head_size': 2, 'learning_rate': 0.003818107837920524}. Best is trial 116 with value: 8.5413236618042.
LOCAL_RANK: 0 - CUDA_VISIBLE_DEVICES: [0]
[I 2023-11-29 22:47:35,516] Trial 128 finished with value: 11.045090675354004 and parameters: {'gradient_clip_val': 0.4461583049939539, 'hidden_size': 63, 'dropout': 0.1344086564994943, 'hidden_continuous_size': 18, 'attention_head_size': 1, 'learning_rate': 0.006815217158339272}. Best is trial 116 with value: 8.5413236618042.
LOCAL_RANK: 0 - CUDA_VISIBLE_DEVICES: [0]
[I 2023-11-29 22:47:48,757] Trial 129 finished with value: 11.02915096282959 and parameters: {'gradient_clip_val': 0.3910005959279633, 'hidden_size': 68, 'dropout': 0.1459000240711232, 'hidden_continuous_size': 15, 'attention_head_size': 2, 'learning_rate': 0.0028179985905175797}. Best is trial 116 with value: 8.5413236618042.
LOCAL_RANK: 0 - CUDA_VISIBLE_DEVICES: [0]
[I 2023-11-29 22:48:02,330] Trial 130 finished with value: 13.715374946594238 and parameters: {'gradient_clip_val': 0.5929938063811828, 'hidden_size': 75, 'dropout': 0.11292627073377297, 'hidden_continuous_size': 17, 'attention_head_size': 2, 'learning_rate': 0.0033182837512345017}. Best is trial 116 with value: 8.5413236618042.
LOCAL_RANK: 0 - CUDA_VISIBLE_DEVICES: [0]
[I 2023-11-29 22:48:15,854] Trial 131 finished with value: 11.146695137023926 and parameters: {'gradient_clip_val': 0.34325271441268085, 'hidden_size': 95, 'dropout': 0.13908927563273926, 'hidden_continuous_size': 14, 'attention_head_size': 2, 'learning_rate': 0.003355226820158775}. Best is trial 116 with value: 8.5413236618042.
LOCAL_RANK: 0 - CUDA_VISIBLE_DEVICES: [0]
[I 2023-11-29 22:48:29,407] Trial 132 finished with value: 10.295738220214844 and parameters: {'gradient_clip_val': 0.3311314038953962, 'hidden_size': 85, 'dropout': 0.13388057088453723, 'hidden_continuous_size': 13, 'attention_head_size': 2, 'learning_rate': 0.0030887432435135775}. Best is trial 116 with value: 8.5413236618042.
LOCAL_RANK: 0 - CUDA_VISIBLE_DEVICES: [0]
[I 2023-11-29 22:48:43,363] Trial 133 finished with value: 9.115185737609863 and parameters: {'gradient_clip_val': 0.3507213316697548, 'hidden_size': 109, 'dropout': 0.16598170874213045, 'hidden_continuous_size': 14, 'attention_head_size': 2, 'learning_rate': 0.0019943372922691547}. Best is trial 116 with value: 8.5413236618042.
LOCAL_RANK: 0 - CUDA_VISIBLE_DEVICES: [0]
[I 2023-11-29 22:48:57,083] Trial 134 finished with value: 11.540867805480957 and parameters: {'gradient_clip_val': 0.36214154617803473, 'hidden_size': 105, 'dropout': 0.16783250828387092, 'hidden_continuous_size': 12, 'attention_head_size': 2, 'learning_rate': 0.0021202839582062003}. Best is trial 116 with value: 8.5413236618042.
LOCAL_RANK: 0 - CUDA_VISIBLE_DEVICES: [0]
[I 2023-11-29 22:49:11,116] Trial 135 finished with value: 10.816123008728027 and parameters: {'gradient_clip_val': 0.40873426506137084, 'hidden_size': 127, 'dropout': 0.1578404332358268, 'hidden_continuous_size': 21, 'attention_head_size': 2, 'learning_rate': 0.001875006562014919}. Best is trial 116 with value: 8.5413236618042.
LOCAL_RANK: 0 - CUDA_VISIBLE_DEVICES: [0]
[I 2023-11-29 22:49:24,864] Trial 136 finished with value: 9.954507827758789 and parameters: {'gradient_clip_val': 0.4224211477413926, 'hidden_size': 106, 'dropout': 0.15258023635362117, 'hidden_continuous_size': 15, 'attention_head_size': 2, 'learning_rate': 0.0025846402182506507}. Best is trial 116 with value: 8.5413236618042.
LOCAL_RANK: 0 - CUDA_VISIBLE_DEVICES: [0]
[I 2023-11-29 22:49:37,618] Trial 137 finished with value: 9.932374000549316 and parameters: {'gradient_clip_val': 0.31866226234683526, 'hidden_size': 38, 'dropout': 0.1767461593852824, 'hidden_continuous_size': 16, 'attention_head_size': 2, 'learning_rate': 0.0096334548684281}. Best is trial 116 with value: 8.5413236618042.
LOCAL_RANK: 0 - CUDA_VISIBLE_DEVICES: [0]
[I 2023-11-29 22:49:51,525] Trial 138 finished with value: 10.148728370666504 and parameters: {'gradient_clip_val': 0.6298874113070347, 'hidden_size': 111, 'dropout': 0.12597631815101137, 'hidden_continuous_size': 13, 'attention_head_size': 2, 'learning_rate': 0.0058553204917682665}. Best is trial 116 with value: 8.5413236618042.
LOCAL_RANK: 0 - CUDA_VISIBLE_DEVICES: [0]
[I 2023-11-29 22:50:05,135] Trial 139 finished with value: 9.557145118713379 and parameters: {'gradient_clip_val': 0.4792214971733525, 'hidden_size': 81, 'dropout': 0.1653492119195708, 'hidden_continuous_size': 17, 'attention_head_size': 3, 'learning_rate': 0.008774004155372484}. Best is trial 116 with value: 8.5413236618042.
LOCAL_RANK: 0 - CUDA_VISIBLE_DEVICES: [0]
[I 2023-11-29 22:50:18,676] Trial 140 finished with value: 13.169230461120605 and parameters: {'gradient_clip_val': 0.3770378232494424, 'hidden_size': 91, 'dropout': 0.14784083792597688, 'hidden_continuous_size': 19, 'attention_head_size': 1, 'learning_rate': 0.0023025449502553125}. Best is trial 116 with value: 8.5413236618042.
LOCAL_RANK: 0 - CUDA_VISIBLE_DEVICES: [0]
[I 2023-11-29 22:50:32,250] Trial 141 finished with value: 10.768324851989746 and parameters: {'gradient_clip_val': 0.34359576207830234, 'hidden_size': 97, 'dropout': 0.2110578199542417, 'hidden_continuous_size': 14, 'attention_head_size': 2, 'learning_rate': 0.0035550014733263403}. Best is trial 116 with value: 8.5413236618042.
LOCAL_RANK: 0 - CUDA_VISIBLE_DEVICES: [0]
[I 2023-11-29 22:50:45,673] Trial 142 finished with value: 10.643332481384277 and parameters: {'gradient_clip_val': 0.3537936595952117, 'hidden_size': 91, 'dropout': 0.13911689268741448, 'hidden_continuous_size': 14, 'attention_head_size': 2, 'learning_rate': 0.0031413657105997463}. Best is trial 116 with value: 8.5413236618042.
LOCAL_RANK: 0 - CUDA_VISIBLE_DEVICES: [0]
[I 2023-11-29 22:50:59,478] Trial 143 finished with value: 10.044537544250488 and parameters: {'gradient_clip_val': 0.40129590073497656, 'hidden_size': 116, 'dropout': 0.12015171193405172, 'hidden_continuous_size': 11, 'attention_head_size': 2, 'learning_rate': 0.002058833615957733}. Best is trial 116 with value: 8.5413236618042.
LOCAL_RANK: 0 - CUDA_VISIBLE_DEVICES: [0]
[I 2023-11-29 22:51:13,065] Trial 144 finished with value: 9.463238716125488 and parameters: {'gradient_clip_val': 0.3123134897554979, 'hidden_size': 97, 'dropout': 0.1064064430577448, 'hidden_continuous_size': 16, 'attention_head_size': 2, 'learning_rate': 0.0027487011430337286}. Best is trial 116 with value: 8.5413236618042.
LOCAL_RANK: 0 - CUDA_VISIBLE_DEVICES: [0]
[I 2023-11-29 22:51:26,736] Trial 145 finished with value: 9.685503959655762 and parameters: {'gradient_clip_val': 0.25804988278820673, 'hidden_size': 103, 'dropout': 0.1613789464462893, 'hidden_continuous_size': 14, 'attention_head_size': 2, 'learning_rate': 0.004098941493844859}. Best is trial 116 with value: 8.5413236618042.
LOCAL_RANK: 0 - CUDA_VISIBLE_DEVICES: [0]
[I 2023-11-29 22:51:39,521] Trial 146 finished with value: 11.793278694152832 and parameters: {'gradient_clip_val': 0.8136762648469928, 'hidden_size': 43, 'dropout': 0.13372290208888127, 'hidden_continuous_size': 10, 'attention_head_size': 2, 'learning_rate': 0.005151173755290914}. Best is trial 116 with value: 8.5413236618042.
LOCAL_RANK: 0 - CUDA_VISIBLE_DEVICES: [0]
[I 2023-11-29 22:51:52,961] Trial 147 finished with value: 8.52370548248291 and parameters: {'gradient_clip_val': 0.4452908292750867, 'hidden_size': 75, 'dropout': 0.15324765344709834, 'hidden_continuous_size': 15, 'attention_head_size': 2, 'learning_rate': 0.007109806001814272}. Best is trial 147 with value: 8.52370548248291.
LOCAL_RANK: 0 - CUDA_VISIBLE_DEVICES: [0]
[I 2023-11-29 22:52:06,487] Trial 148 finished with value: 9.6510591506958 and parameters: {'gradient_clip_val': 0.4502671727046598, 'hidden_size': 70, 'dropout': 0.15312997628907132, 'hidden_continuous_size': 15, 'attention_head_size': 2, 'learning_rate': 0.0073138501588733435}. Best is trial 147 with value: 8.52370548248291.
LOCAL_RANK: 0 - CUDA_VISIBLE_DEVICES: [0]
[I 2023-11-29 22:52:19,843] Trial 149 finished with value: 10.065114974975586 and parameters: {'gradient_clip_val': 0.5265975798922881, 'hidden_size': 76, 'dropout': 0.17287394873532624, 'hidden_continuous_size': 16, 'attention_head_size': 2, 'learning_rate': 0.00805517503928677}. Best is trial 147 with value: 8.52370548248291.
[I 2023-11-29 22:52:19,965] A new study created in memory with name: no-name-2a548c16-3fd0-4830-b5b2-c0636ad284e2
/home/le004/conda/anaconda3/envs/tsff_env/lib/python3.9/site-packages/lightning/fabric/plugins/environments/slurm.py:191: The `srun` command is available on your system but is not used. HINT: If your intention is to run Lightning on SLURM, prepend your python command with `srun` like so: srun python /home/le004/master_thesis/git/TSFusionForecast/code/ ...
LOCAL_RANK: 0 - CUDA_VISIBLE_DEVICES: [0]
[I 2023-11-29 22:52:33,599] Trial 0 finished with value: 19.652816772460938 and parameters: {'gradient_clip_val': 0.2940569511984933, 'hidden_size': 77, 'dropout': 0.18614043039104078, 'hidden_continuous_size': 36, 'attention_head_size': 1, 'learning_rate': 0.09666237483082114}. Best is trial 0 with value: 19.652816772460938.
LOCAL_RANK: 0 - CUDA_VISIBLE_DEVICES: [0]
[I 2023-11-29 22:52:46,616] Trial 1 finished with value: 11.97618579864502 and parameters: {'gradient_clip_val': 0.13016145676492538, 'hidden_size': 41, 'dropout': 0.24786114688435265, 'hidden_continuous_size': 33, 'attention_head_size': 3, 'learning_rate': 0.006231071663819877}. Best is trial 1 with value: 11.97618579864502.
LOCAL_RANK: 0 - CUDA_VISIBLE_DEVICES: [0]
[I 2023-11-29 22:52:59,023] Trial 2 finished with value: 14.744122505187988 and parameters: {'gradient_clip_val': 0.12298344520196043, 'hidden_size': 30, 'dropout': 0.32892201805913956, 'hidden_continuous_size': 12, 'attention_head_size': 1, 'learning_rate': 0.01542686133902675}. Best is trial 1 with value: 11.97618579864502.
LOCAL_RANK: 0 - CUDA_VISIBLE_DEVICES: [0]
[I 2023-11-29 22:53:11,579] Trial 3 finished with value: 13.597773551940918 and parameters: {'gradient_clip_val': 0.10527568261986404, 'hidden_size': 18, 'dropout': 0.2006409838895279, 'hidden_continuous_size': 14, 'attention_head_size': 3, 'learning_rate': 0.011627233930098986}. Best is trial 1 with value: 11.97618579864502.
LOCAL_RANK: 0 - CUDA_VISIBLE_DEVICES: [0]
[I 2023-11-29 22:53:23,949] Trial 4 finished with value: 21.04051399230957 and parameters: {'gradient_clip_val': 0.28525795435876844, 'hidden_size': 22, 'dropout': 0.14129802162486188, 'hidden_continuous_size': 21, 'attention_head_size': 1, 'learning_rate': 0.0034804082536884634}. Best is trial 1 with value: 11.97618579864502.
LOCAL_RANK: 0 - CUDA_VISIBLE_DEVICES: [0]
[I 2023-11-29 22:53:36,623] Trial 5 finished with value: 41.817989349365234 and parameters: {'gradient_clip_val': 0.7518153710763656, 'hidden_size': 27, 'dropout': 0.2450201546324368, 'hidden_continuous_size': 23, 'attention_head_size': 3, 'learning_rate': 0.0013685575851781965}. Best is trial 1 with value: 11.97618579864502.
LOCAL_RANK: 0 - CUDA_VISIBLE_DEVICES: [0]
