[I 2023-11-30 04:48:05,794] Trial 80 finished with value: 6.770693302154541 and parameters: {'gradient_clip_val': 0.14963026237503377, 'hidden_size': 29, 'dropout': 0.37013737327990337, 'hidden_continuous_size': 15, 'attention_head_size': 4, 'learning_rate': 0.06512587953934491}. Best is trial 12 with value: 4.920682907104492.
LOCAL_RANK: 0 - CUDA_VISIBLE_DEVICES: [0]
[I 2023-11-30 04:48:18,664] Trial 81 finished with value: 5.691977024078369 and parameters: {'gradient_clip_val': 0.16743158411148912, 'hidden_size': 33, 'dropout': 0.35462413762338946, 'hidden_continuous_size': 23, 'attention_head_size': 4, 'learning_rate': 0.041332570703993786}. Best is trial 12 with value: 4.920682907104492.
LOCAL_RANK: 0 - CUDA_VISIBLE_DEVICES: [0]
[I 2023-11-30 04:48:31,310] Trial 82 finished with value: 6.556726932525635 and parameters: {'gradient_clip_val': 0.18026399070771362, 'hidden_size': 26, 'dropout': 0.3746198484939129, 'hidden_continuous_size': 17, 'attention_head_size': 4, 'learning_rate': 0.051470483519058634}. Best is trial 12 with value: 4.920682907104492.
LOCAL_RANK: 0 - CUDA_VISIBLE_DEVICES: [0]
[I 2023-11-30 04:48:44,168] Trial 83 finished with value: 6.647106170654297 and parameters: {'gradient_clip_val': 0.19845020184057857, 'hidden_size': 30, 'dropout': 0.3904844917662043, 'hidden_continuous_size': 16, 'attention_head_size': 4, 'learning_rate': 0.02801226915313632}. Best is trial 12 with value: 4.920682907104492.
LOCAL_RANK: 0 - CUDA_VISIBLE_DEVICES: [0]
[I 2023-11-30 04:48:56,640] Trial 84 finished with value: 6.3556342124938965 and parameters: {'gradient_clip_val': 0.16242066870468644, 'hidden_size': 22, 'dropout': 0.3444071508927308, 'hidden_continuous_size': 18, 'attention_head_size': 4, 'learning_rate': 0.03675308428668852}. Best is trial 12 with value: 4.920682907104492.
LOCAL_RANK: 0 - CUDA_VISIBLE_DEVICES: [0]
[I 2023-11-30 04:49:09,697] Trial 85 finished with value: 6.208164215087891 and parameters: {'gradient_clip_val': 0.2069507480706407, 'hidden_size': 41, 'dropout': 0.37794626405894, 'hidden_continuous_size': 19, 'attention_head_size': 4, 'learning_rate': 0.058975120507555566}. Best is trial 12 with value: 4.920682907104492.
LOCAL_RANK: 0 - CUDA_VISIBLE_DEVICES: [0]
[I 2023-11-30 04:49:22,126] Trial 86 finished with value: 5.870706081390381 and parameters: {'gradient_clip_val': 0.15097759639569713, 'hidden_size': 28, 'dropout': 0.3675381413331614, 'hidden_continuous_size': 16, 'attention_head_size': 4, 'learning_rate': 0.08919533024385938}. Best is trial 12 with value: 4.920682907104492.
LOCAL_RANK: 0 - CUDA_VISIBLE_DEVICES: [0]
[I 2023-11-30 04:49:34,486] Trial 87 finished with value: 5.9630351066589355 and parameters: {'gradient_clip_val': 0.18812403369320857, 'hidden_size': 24, 'dropout': 0.3213451187301454, 'hidden_continuous_size': 18, 'attention_head_size': 4, 'learning_rate': 0.07176819997357096}. Best is trial 12 with value: 4.920682907104492.
LOCAL_RANK: 0 - CUDA_VISIBLE_DEVICES: [0]
[I 2023-11-30 04:49:47,364] Trial 88 finished with value: 5.994510650634766 and parameters: {'gradient_clip_val': 0.16923993632116002, 'hidden_size': 32, 'dropout': 0.35453188710572076, 'hidden_continuous_size': 21, 'attention_head_size': 4, 'learning_rate': 0.03985196905771133}. Best is trial 12 with value: 4.920682907104492.
LOCAL_RANK: 0 - CUDA_VISIBLE_DEVICES: [0]
[I 2023-11-30 04:50:00,115] Trial 89 finished with value: 8.122881889343262 and parameters: {'gradient_clip_val': 0.21576579693128534, 'hidden_size': 36, 'dropout': 0.33456104518487795, 'hidden_continuous_size': 20, 'attention_head_size': 3, 'learning_rate': 0.052249394022966446}. Best is trial 12 with value: 4.920682907104492.
LOCAL_RANK: 0 - CUDA_VISIBLE_DEVICES: [0]
[I 2023-11-30 04:50:12,735] Trial 90 finished with value: 6.166917324066162 and parameters: {'gradient_clip_val': 0.14172252173747224, 'hidden_size': 27, 'dropout': 0.36399987376987175, 'hidden_continuous_size': 17, 'attention_head_size': 4, 'learning_rate': 0.033747073063032394}. Best is trial 12 with value: 4.920682907104492.
LOCAL_RANK: 0 - CUDA_VISIBLE_DEVICES: [0]
[I 2023-11-30 04:50:25,123] Trial 91 finished with value: 5.2793803215026855 and parameters: {'gradient_clip_val': 0.15842232809007173, 'hidden_size': 25, 'dropout': 0.3377884208939402, 'hidden_continuous_size': 17, 'attention_head_size': 1, 'learning_rate': 0.044925362050911626}. Best is trial 12 with value: 4.920682907104492.
LOCAL_RANK: 0 - CUDA_VISIBLE_DEVICES: [0]
[I 2023-11-30 04:50:37,417] Trial 92 finished with value: 6.807323455810547 and parameters: {'gradient_clip_val': 0.15400263735585268, 'hidden_size': 21, 'dropout': 0.3278613403856008, 'hidden_continuous_size': 17, 'attention_head_size': 1, 'learning_rate': 0.04451563947996169}. Best is trial 12 with value: 4.920682907104492.
LOCAL_RANK: 0 - CUDA_VISIBLE_DEVICES: [0]
[I 2023-11-30 04:50:50,250] Trial 93 finished with value: 6.105947494506836 and parameters: {'gradient_clip_val': 0.17242450283156938, 'hidden_size': 29, 'dropout': 0.34086519406083415, 'hidden_continuous_size': 19, 'attention_head_size': 2, 'learning_rate': 0.06778148901091491}. Best is trial 12 with value: 4.920682907104492.
LOCAL_RANK: 0 - CUDA_VISIBLE_DEVICES: [0]
[I 2023-11-30 04:51:02,542] Trial 94 finished with value: 6.244312286376953 and parameters: {'gradient_clip_val': 0.15813862504331153, 'hidden_size': 25, 'dropout': 0.3489068261156048, 'hidden_continuous_size': 16, 'attention_head_size': 2, 'learning_rate': 0.048843754986635395}. Best is trial 12 with value: 4.920682907104492.
LOCAL_RANK: 0 - CUDA_VISIBLE_DEVICES: [0]
[I 2023-11-30 04:51:15,083] Trial 95 finished with value: 6.201819896697998 and parameters: {'gradient_clip_val': 0.19892368650377504, 'hidden_size': 23, 'dropout': 0.31822958782398614, 'hidden_continuous_size': 11, 'attention_head_size': 4, 'learning_rate': 0.05770004158864429}. Best is trial 12 with value: 4.920682907104492.
LOCAL_RANK: 0 - CUDA_VISIBLE_DEVICES: [0]
[I 2023-11-30 04:51:27,835] Trial 96 finished with value: 6.616405010223389 and parameters: {'gradient_clip_val': 0.18159811916602625, 'hidden_size': 35, 'dropout': 0.36005976197647893, 'hidden_continuous_size': 26, 'attention_head_size': 1, 'learning_rate': 0.0791819128517693}. Best is trial 12 with value: 4.920682907104492.
LOCAL_RANK: 0 - CUDA_VISIBLE_DEVICES: [0]
[I 2023-11-30 04:51:40,861] Trial 97 finished with value: 5.887993335723877 and parameters: {'gradient_clip_val': 0.14327024295526194, 'hidden_size': 39, 'dropout': 0.37949718056929405, 'hidden_continuous_size': 18, 'attention_head_size': 4, 'learning_rate': 0.029855893915434594}. Best is trial 12 with value: 4.920682907104492.
LOCAL_RANK: 0 - CUDA_VISIBLE_DEVICES: [0]
[I 2023-11-30 04:51:53,677] Trial 98 finished with value: 5.533145427703857 and parameters: {'gradient_clip_val': 0.16469026147895652, 'hidden_size': 26, 'dropout': 0.3330619051538544, 'hidden_continuous_size': 17, 'attention_head_size': 4, 'learning_rate': 0.03975046235636699}. Best is trial 12 with value: 4.920682907104492.
LOCAL_RANK: 0 - CUDA_VISIBLE_DEVICES: [0]
[I 2023-11-30 04:52:06,188] Trial 99 finished with value: 6.56812047958374 and parameters: {'gradient_clip_val': 0.13366004327593825, 'hidden_size': 26, 'dropout': 0.3341754354836955, 'hidden_continuous_size': 17, 'attention_head_size': 4, 'learning_rate': 0.09954797745512742}. Best is trial 12 with value: 4.920682907104492.
LOCAL_RANK: 0 - CUDA_VISIBLE_DEVICES: [0]
[I 2023-11-30 04:52:18,584] Trial 100 finished with value: 6.028217315673828 and parameters: {'gradient_clip_val': 0.1886720459068349, 'hidden_size': 21, 'dropout': 0.309357156981619, 'hidden_continuous_size': 17, 'attention_head_size': 3, 'learning_rate': 0.06185915203141074}. Best is trial 12 with value: 4.920682907104492.
LOCAL_RANK: 0 - CUDA_VISIBLE_DEVICES: [0]
[I 2023-11-30 04:52:31,516] Trial 101 finished with value: 6.488983154296875 and parameters: {'gradient_clip_val': 0.15954633675654292, 'hidden_size': 30, 'dropout': 0.32872835332986133, 'hidden_continuous_size': 18, 'attention_head_size': 4, 'learning_rate': 0.04155850467882193}. Best is trial 12 with value: 4.920682907104492.
LOCAL_RANK: 0 - CUDA_VISIBLE_DEVICES: [0]
[I 2023-11-30 04:52:44,504] Trial 102 finished with value: 6.313167572021484 and parameters: {'gradient_clip_val': 0.17612296582859538, 'hidden_size': 33, 'dropout': 0.3475267619963718, 'hidden_continuous_size': 19, 'attention_head_size': 4, 'learning_rate': 0.03448553586992734}. Best is trial 12 with value: 4.920682907104492.
LOCAL_RANK: 0 - CUDA_VISIBLE_DEVICES: [0]
[I 2023-11-30 04:52:57,020] Trial 103 finished with value: 6.677577972412109 and parameters: {'gradient_clip_val': 0.16428260422094787, 'hidden_size': 24, 'dropout': 0.34220998411458275, 'hidden_continuous_size': 16, 'attention_head_size': 4, 'learning_rate': 0.046058952600859585}. Best is trial 12 with value: 4.920682907104492.
LOCAL_RANK: 0 - CUDA_VISIBLE_DEVICES: [0]
[I 2023-11-30 04:53:09,625] Trial 104 finished with value: 5.837988376617432 and parameters: {'gradient_clip_val': 0.1693242131252057, 'hidden_size': 25, 'dropout': 0.35342678008168105, 'hidden_continuous_size': 18, 'attention_head_size': 4, 'learning_rate': 0.03834910666024703}. Best is trial 12 with value: 4.920682907104492.
LOCAL_RANK: 0 - CUDA_VISIBLE_DEVICES: [0]
[I 2023-11-30 04:53:22,156] Trial 105 finished with value: 6.4210205078125 and parameters: {'gradient_clip_val': 0.18067786481975173, 'hidden_size': 19, 'dropout': 0.3230869813207382, 'hidden_continuous_size': 17, 'attention_head_size': 4, 'learning_rate': 0.05081450243289444}. Best is trial 12 with value: 4.920682907104492.
LOCAL_RANK: 0 - CUDA_VISIBLE_DEVICES: [0]
[I 2023-11-30 04:53:34,731] Trial 106 finished with value: 5.829364776611328 and parameters: {'gradient_clip_val': 0.14761333942616656, 'hidden_size': 27, 'dropout': 0.2982189986813912, 'hidden_continuous_size': 15, 'attention_head_size': 4, 'learning_rate': 0.07411261733762647}. Best is trial 12 with value: 4.920682907104492.
LOCAL_RANK: 0 - CUDA_VISIBLE_DEVICES: [0]
[I 2023-11-30 04:53:47,691] Trial 107 finished with value: 6.130404949188232 and parameters: {'gradient_clip_val': 0.20354901743128603, 'hidden_size': 29, 'dropout': 0.3129450865548481, 'hidden_continuous_size': 21, 'attention_head_size': 4, 'learning_rate': 0.05652187558188661}. Best is trial 12 with value: 4.920682907104492.
LOCAL_RANK: 0 - CUDA_VISIBLE_DEVICES: [0]
[I 2023-11-30 04:54:00,520] Trial 108 finished with value: 5.546310901641846 and parameters: {'gradient_clip_val': 0.15629658239211677, 'hidden_size': 23, 'dropout': 0.3069942294043527, 'hidden_continuous_size': 17, 'attention_head_size': 4, 'learning_rate': 0.08894641233887016}. Best is trial 12 with value: 4.920682907104492.
LOCAL_RANK: 0 - CUDA_VISIBLE_DEVICES: [0]
[I 2023-11-30 04:54:12,989] Trial 109 finished with value: 7.205456256866455 and parameters: {'gradient_clip_val': 0.15378618552638706, 'hidden_size': 23, 'dropout': 0.3035647051016444, 'hidden_continuous_size': 16, 'attention_head_size': 4, 'learning_rate': 0.09190201182922439}. Best is trial 12 with value: 4.920682907104492.
LOCAL_RANK: 0 - CUDA_VISIBLE_DEVICES: [0]
[I 2023-11-30 04:54:25,608] Trial 110 finished with value: 7.327061176300049 and parameters: {'gradient_clip_val': 0.12827746115799382, 'hidden_size': 21, 'dropout': 0.32135923283504725, 'hidden_continuous_size': 17, 'attention_head_size': 4, 'learning_rate': 0.08267008834870013}. Best is trial 12 with value: 4.920682907104492.
LOCAL_RANK: 0 - CUDA_VISIBLE_DEVICES: [0]
[I 2023-11-30 04:54:38,189] Trial 111 finished with value: 6.442684173583984 and parameters: {'gradient_clip_val': 0.19396962756055627, 'hidden_size': 27, 'dropout': 0.2940679858891742, 'hidden_continuous_size': 18, 'attention_head_size': 4, 'learning_rate': 0.06865075839129901}. Best is trial 12 with value: 4.920682907104492.
LOCAL_RANK: 0 - CUDA_VISIBLE_DEVICES: [0]
[I 2023-11-30 04:54:50,797] Trial 112 finished with value: 5.941917419433594 and parameters: {'gradient_clip_val': 0.16160222212573502, 'hidden_size': 22, 'dropout': 0.3321203516871351, 'hidden_continuous_size': 17, 'attention_head_size': 4, 'learning_rate': 0.08923795276569772}. Best is trial 12 with value: 4.920682907104492.
LOCAL_RANK: 0 - CUDA_VISIBLE_DEVICES: [0]
[I 2023-11-30 04:55:03,848] Trial 113 finished with value: 5.83499002456665 and parameters: {'gradient_clip_val': 0.14083056085184503, 'hidden_size': 31, 'dropout': 0.33956445242547734, 'hidden_continuous_size': 19, 'attention_head_size': 4, 'learning_rate': 0.06228524793351501}. Best is trial 12 with value: 4.920682907104492.
LOCAL_RANK: 0 - CUDA_VISIBLE_DEVICES: [0]
[I 2023-11-30 04:55:16,544] Trial 114 finished with value: 5.733872890472412 and parameters: {'gradient_clip_val': 0.17282262887745425, 'hidden_size': 26, 'dropout': 0.360360970827297, 'hidden_continuous_size': 18, 'attention_head_size': 4, 'learning_rate': 0.07746860634650485}. Best is trial 12 with value: 4.920682907104492.
LOCAL_RANK: 0 - CUDA_VISIBLE_DEVICES: [0]
[I 2023-11-30 04:55:28,936] Trial 115 finished with value: 6.1809210777282715 and parameters: {'gradient_clip_val': 0.15388817814158, 'hidden_size': 24, 'dropout': 0.366621388618328, 'hidden_continuous_size': 17, 'attention_head_size': 4, 'learning_rate': 0.05329997274239085}. Best is trial 12 with value: 4.920682907104492.
LOCAL_RANK: 0 - CUDA_VISIBLE_DEVICES: [0]
[I 2023-11-30 04:55:42,094] Trial 116 finished with value: 6.338899612426758 and parameters: {'gradient_clip_val': 0.18657827113487063, 'hidden_size': 43, 'dropout': 0.3081604536124745, 'hidden_continuous_size': 20, 'attention_head_size': 4, 'learning_rate': 0.04161599172928253}. Best is trial 12 with value: 4.920682907104492.
LOCAL_RANK: 0 - CUDA_VISIBLE_DEVICES: [0]
[I 2023-11-30 04:55:54,570] Trial 117 finished with value: 5.9330010414123535 and parameters: {'gradient_clip_val': 0.21942072452176536, 'hidden_size': 23, 'dropout': 0.31495682138942876, 'hidden_continuous_size': 16, 'attention_head_size': 4, 'learning_rate': 0.025293331626985563}. Best is trial 12 with value: 4.920682907104492.
LOCAL_RANK: 0 - CUDA_VISIBLE_DEVICES: [0]
[I 2023-11-30 04:56:07,795] Trial 118 finished with value: 5.465662479400635 and parameters: {'gradient_clip_val': 0.14673957770882107, 'hidden_size': 37, 'dropout': 0.2864648330741323, 'hidden_continuous_size': 14, 'attention_head_size': 4, 'learning_rate': 0.03062093016579932}. Best is trial 12 with value: 4.920682907104492.
LOCAL_RANK: 0 - CUDA_VISIBLE_DEVICES: [0]
[I 2023-11-30 04:56:20,564] Trial 119 finished with value: 7.310469150543213 and parameters: {'gradient_clip_val': 0.12373883203850973, 'hidden_size': 40, 'dropout': 0.28869278077156363, 'hidden_continuous_size': 15, 'attention_head_size': 4, 'learning_rate': 0.030776458252227523}. Best is trial 12 with value: 4.920682907104492.
LOCAL_RANK: 0 - CUDA_VISIBLE_DEVICES: [0]
[I 2023-11-30 04:56:33,305] Trial 120 finished with value: 7.197145938873291 and parameters: {'gradient_clip_val': 0.13521602232636853, 'hidden_size': 45, 'dropout': 0.28238701986617937, 'hidden_continuous_size': 14, 'attention_head_size': 1, 'learning_rate': 0.035773156693283195}. Best is trial 12 with value: 4.920682907104492.
LOCAL_RANK: 0 - CUDA_VISIBLE_DEVICES: [0]
[I 2023-11-30 04:56:46,124] Trial 121 finished with value: 5.203484058380127 and parameters: {'gradient_clip_val': 0.15080461446117996, 'hidden_size': 35, 'dropout': 0.2754140821819002, 'hidden_continuous_size': 13, 'attention_head_size': 4, 'learning_rate': 0.028274784102539256}. Best is trial 12 with value: 4.920682907104492.
LOCAL_RANK: 0 - CUDA_VISIBLE_DEVICES: [0]
[I 2023-11-30 04:56:58,919] Trial 122 finished with value: 5.6513190269470215 and parameters: {'gradient_clip_val': 0.146624313250406, 'hidden_size': 37, 'dropout': 0.27956890298056286, 'hidden_continuous_size': 14, 'attention_head_size': 4, 'learning_rate': 0.03305832137118525}. Best is trial 12 with value: 4.920682907104492.
LOCAL_RANK: 0 - CUDA_VISIBLE_DEVICES: [0]
[I 2023-11-30 04:57:11,965] Trial 123 finished with value: 5.827762126922607 and parameters: {'gradient_clip_val': 0.1620977543916436, 'hidden_size': 34, 'dropout': 0.27429801438300094, 'hidden_continuous_size': 15, 'attention_head_size': 4, 'learning_rate': 0.026775317327703996}. Best is trial 12 with value: 4.920682907104492.
LOCAL_RANK: 0 - CUDA_VISIBLE_DEVICES: [0]
[I 2023-11-30 04:57:25,109] Trial 124 finished with value: 6.663211822509766 and parameters: {'gradient_clip_val': 0.13879336976347245, 'hidden_size': 49, 'dropout': 0.29899498692864135, 'hidden_continuous_size': 14, 'attention_head_size': 4, 'learning_rate': 0.02314580209233595}. Best is trial 12 with value: 4.920682907104492.
LOCAL_RANK: 0 - CUDA_VISIBLE_DEVICES: [0]
[I 2023-11-30 04:57:38,016] Trial 125 finished with value: 5.333415508270264 and parameters: {'gradient_clip_val': 0.14609477529854226, 'hidden_size': 38, 'dropout': 0.2694144916539867, 'hidden_continuous_size': 13, 'attention_head_size': 4, 'learning_rate': 0.02092002562099756}. Best is trial 12 with value: 4.920682907104492.
LOCAL_RANK: 0 - CUDA_VISIBLE_DEVICES: [0]
[I 2023-11-30 04:57:50,943] Trial 126 finished with value: 6.337565898895264 and parameters: {'gradient_clip_val': 0.14588183326684342, 'hidden_size': 39, 'dropout': 0.2709588264510877, 'hidden_continuous_size': 13, 'attention_head_size': 4, 'learning_rate': 0.029123775578150407}. Best is trial 12 with value: 4.920682907104492.
LOCAL_RANK: 0 - CUDA_VISIBLE_DEVICES: [0]
[I 2023-11-30 04:58:03,631] Trial 127 finished with value: 5.9351487159729 and parameters: {'gradient_clip_val': 0.1540470467038573, 'hidden_size': 36, 'dropout': 0.2619480057627916, 'hidden_continuous_size': 13, 'attention_head_size': 4, 'learning_rate': 0.02097337652372976}. Best is trial 12 with value: 4.920682907104492.
LOCAL_RANK: 0 - CUDA_VISIBLE_DEVICES: [0]
[I 2023-11-30 04:58:16,900] Trial 128 finished with value: 5.629173278808594 and parameters: {'gradient_clip_val': 0.11750430604095466, 'hidden_size': 41, 'dropout': 0.28487632409700936, 'hidden_continuous_size': 23, 'attention_head_size': 4, 'learning_rate': 0.031883860170219845}. Best is trial 12 with value: 4.920682907104492.
LOCAL_RANK: 0 - CUDA_VISIBLE_DEVICES: [0]
[I 2023-11-30 04:58:29,415] Trial 129 finished with value: 5.964113712310791 and parameters: {'gradient_clip_val': 0.32843217498689614, 'hidden_size': 32, 'dropout': 0.29186192334462324, 'hidden_continuous_size': 13, 'attention_head_size': 4, 'learning_rate': 0.02598832228382055}. Best is trial 12 with value: 4.920682907104492.
LOCAL_RANK: 0 - CUDA_VISIBLE_DEVICES: [0]
[I 2023-11-30 04:58:42,186] Trial 130 finished with value: 6.816258907318115 and parameters: {'gradient_clip_val': 0.14673249345464226, 'hidden_size': 38, 'dropout': 0.2862886918876418, 'hidden_continuous_size': 12, 'attention_head_size': 4, 'learning_rate': 0.03740775780966844}. Best is trial 12 with value: 4.920682907104492.
LOCAL_RANK: 0 - CUDA_VISIBLE_DEVICES: [0]
[I 2023-11-30 04:58:55,171] Trial 131 finished with value: 6.4938225746154785 and parameters: {'gradient_clip_val': 0.16629217995564852, 'hidden_size': 43, 'dropout': 0.2959788280126698, 'hidden_continuous_size': 14, 'attention_head_size': 4, 'learning_rate': 0.02903535189040968}. Best is trial 12 with value: 4.920682907104492.
LOCAL_RANK: 0 - CUDA_VISIBLE_DEVICES: [0]
[I 2023-11-30 04:59:07,730] Trial 132 finished with value: 5.876528263092041 and parameters: {'gradient_clip_val': 0.13700562652336876, 'hidden_size': 28, 'dropout': 0.26609349752142203, 'hidden_continuous_size': 16, 'attention_head_size': 4, 'learning_rate': 0.04806826997436361}. Best is trial 12 with value: 4.920682907104492.
LOCAL_RANK: 0 - CUDA_VISIBLE_DEVICES: [0]
[I 2023-11-30 04:59:20,836] Trial 133 finished with value: 6.983232021331787 and parameters: {'gradient_clip_val': 0.1575963993384447, 'hidden_size': 33, 'dropout': 0.30410351443450695, 'hidden_continuous_size': 24, 'attention_head_size': 4, 'learning_rate': 0.04557333690226319}. Best is trial 12 with value: 4.920682907104492.
LOCAL_RANK: 0 - CUDA_VISIBLE_DEVICES: [0]
[I 2023-11-30 04:59:33,678] Trial 134 finished with value: 7.124475002288818 and parameters: {'gradient_clip_val': 0.1808222471144023, 'hidden_size': 35, 'dropout': 0.27464534275897806, 'hidden_continuous_size': 13, 'attention_head_size': 4, 'learning_rate': 0.06819610817878033}. Best is trial 12 with value: 4.920682907104492.
LOCAL_RANK: 0 - CUDA_VISIBLE_DEVICES: [0]
[I 2023-11-30 04:59:46,424] Trial 135 finished with value: 4.918747901916504 and parameters: {'gradient_clip_val': 0.17253711911733013, 'hidden_size': 29, 'dropout': 0.25633581439089925, 'hidden_continuous_size': 18, 'attention_head_size': 4, 'learning_rate': 0.04022652852343553}. Best is trial 135 with value: 4.918747901916504.
LOCAL_RANK: 0 - CUDA_VISIBLE_DEVICES: [0]
[I 2023-11-30 04:59:58,807] Trial 136 finished with value: 6.7541823387146 and parameters: {'gradient_clip_val': 0.17350280343305954, 'hidden_size': 32, 'dropout': 0.25820835380861684, 'hidden_continuous_size': 18, 'attention_head_size': 2, 'learning_rate': 0.039957151473194986}. Best is trial 135 with value: 4.918747901916504.
LOCAL_RANK: 0 - CUDA_VISIBLE_DEVICES: [0]
[I 2023-11-30 05:00:11,662] Trial 137 finished with value: 6.1755828857421875 and parameters: {'gradient_clip_val': 0.1511259907298763, 'hidden_size': 30, 'dropout': 0.2557113321237164, 'hidden_continuous_size': 19, 'attention_head_size': 4, 'learning_rate': 0.03522415441004055}. Best is trial 135 with value: 4.918747901916504.
LOCAL_RANK: 0 - CUDA_VISIBLE_DEVICES: [0]
[I 2023-11-30 05:00:24,580] Trial 138 finished with value: 5.876224040985107 and parameters: {'gradient_clip_val': 0.1653632652109122, 'hidden_size': 29, 'dropout': 0.2503084129051921, 'hidden_continuous_size': 22, 'attention_head_size': 4, 'learning_rate': 0.04235934131207287}. Best is trial 135 with value: 4.918747901916504.
LOCAL_RANK: 0 - CUDA_VISIBLE_DEVICES: [0]
