[I 2023-11-30 08:28:04,877] Trial 24 finished with value: 7.314321994781494 and parameters: {'gradient_clip_val': 0.18350505205453702, 'hidden_size': 74, 'dropout': 0.3411827161817638, 'hidden_continuous_size': 22, 'attention_head_size': 3, 'learning_rate': 0.008204935322462087}. Best is trial 5 with value: 6.410572528839111.
LOCAL_RANK: 0 - CUDA_VISIBLE_DEVICES: [0]
[I 2023-11-30 08:28:17,716] Trial 25 finished with value: 6.991710186004639 and parameters: {'gradient_clip_val': 0.20384687266415766, 'hidden_size': 47, 'dropout': 0.29269236198806947, 'hidden_continuous_size': 14, 'attention_head_size': 2, 'learning_rate': 0.015892768899153}. Best is trial 5 with value: 6.410572528839111.
LOCAL_RANK: 0 - CUDA_VISIBLE_DEVICES: [0]
[I 2023-11-30 08:28:30,540] Trial 26 finished with value: 7.062156677246094 and parameters: {'gradient_clip_val': 0.14010283869916174, 'hidden_size': 35, 'dropout': 0.37231607518063664, 'hidden_continuous_size': 12, 'attention_head_size': 1, 'learning_rate': 0.029460423367017177}. Best is trial 5 with value: 6.410572528839111.
LOCAL_RANK: 0 - CUDA_VISIBLE_DEVICES: [0]
[I 2023-11-30 08:28:44,023] Trial 27 finished with value: 6.343594074249268 and parameters: {'gradient_clip_val': 0.25758635465581836, 'hidden_size': 73, 'dropout': 0.3199246725380612, 'hidden_continuous_size': 19, 'attention_head_size': 2, 'learning_rate': 0.012224413769590235}. Best is trial 27 with value: 6.343594074249268.
LOCAL_RANK: 0 - CUDA_VISIBLE_DEVICES: [0]
[I 2023-11-30 08:28:57,068] Trial 28 finished with value: 7.040060520172119 and parameters: {'gradient_clip_val': 0.25412272622272575, 'hidden_size': 41, 'dropout': 0.3492245147078903, 'hidden_continuous_size': 18, 'attention_head_size': 3, 'learning_rate': 0.03712947569132345}. Best is trial 27 with value: 6.343594074249268.
LOCAL_RANK: 0 - CUDA_VISIBLE_DEVICES: [0]
[I 2023-11-30 08:29:10,413] Trial 29 finished with value: 7.09929084777832 and parameters: {'gradient_clip_val': 0.30947964219168916, 'hidden_size': 66, 'dropout': 0.3818741256082401, 'hidden_continuous_size': 18, 'attention_head_size': 1, 'learning_rate': 0.006221185066466332}. Best is trial 27 with value: 6.343594074249268.
LOCAL_RANK: 0 - CUDA_VISIBLE_DEVICES: [0]
[I 2023-11-30 08:29:23,398] Trial 30 finished with value: 6.379488468170166 and parameters: {'gradient_clip_val': 0.19196442173283096, 'hidden_size': 51, 'dropout': 0.3537476093040823, 'hidden_continuous_size': 16, 'attention_head_size': 1, 'learning_rate': 0.011769067221209637}. Best is trial 27 with value: 6.343594074249268.
LOCAL_RANK: 0 - CUDA_VISIBLE_DEVICES: [0]
[I 2023-11-30 08:29:36,541] Trial 31 finished with value: 6.531788349151611 and parameters: {'gradient_clip_val': 0.19324959593606247, 'hidden_size': 54, 'dropout': 0.3544416236067401, 'hidden_continuous_size': 16, 'attention_head_size': 1, 'learning_rate': 0.012084982678727617}. Best is trial 27 with value: 6.343594074249268.
LOCAL_RANK: 0 - CUDA_VISIBLE_DEVICES: [0]
[I 2023-11-30 08:29:49,527] Trial 32 finished with value: 6.683340549468994 and parameters: {'gradient_clip_val': 0.19354382437053327, 'hidden_size': 56, 'dropout': 0.3811232717739474, 'hidden_continuous_size': 20, 'attention_head_size': 1, 'learning_rate': 0.012766036786013665}. Best is trial 27 with value: 6.343594074249268.
LOCAL_RANK: 0 - CUDA_VISIBLE_DEVICES: [0]
[I 2023-11-30 08:30:02,834] Trial 33 finished with value: 8.074073791503906 and parameters: {'gradient_clip_val': 0.2599413369529745, 'hidden_size': 72, 'dropout': 0.3441799194009602, 'hidden_continuous_size': 23, 'attention_head_size': 1, 'learning_rate': 0.005492261809245091}. Best is trial 27 with value: 6.343594074249268.
LOCAL_RANK: 0 - CUDA_VISIBLE_DEVICES: [0]
[I 2023-11-30 08:30:15,771] Trial 34 finished with value: 7.0202178955078125 and parameters: {'gradient_clip_val': 0.23494400849069041, 'hidden_size': 51, 'dropout': 0.3260034431168173, 'hidden_continuous_size': 16, 'attention_head_size': 1, 'learning_rate': 0.011099002086809143}. Best is trial 27 with value: 6.343594074249268.
LOCAL_RANK: 0 - CUDA_VISIBLE_DEVICES: [0]
[I 2023-11-30 08:30:28,626] Trial 35 finished with value: 6.629408359527588 and parameters: {'gradient_clip_val': 0.2983050515653026, 'hidden_size': 44, 'dropout': 0.35619284009808144, 'hidden_continuous_size': 20, 'attention_head_size': 1, 'learning_rate': 0.017978808210097112}. Best is trial 27 with value: 6.343594074249268.
LOCAL_RANK: 0 - CUDA_VISIBLE_DEVICES: [0]
[I 2023-11-30 08:30:41,409] Trial 36 finished with value: 6.838221073150635 and parameters: {'gradient_clip_val': 0.1754781586366347, 'hidden_size': 56, 'dropout': 0.3820009913302765, 'hidden_continuous_size': 17, 'attention_head_size': 1, 'learning_rate': 0.01915303068491727}. Best is trial 27 with value: 6.343594074249268.
LOCAL_RANK: 0 - CUDA_VISIBLE_DEVICES: [0]
[I 2023-11-30 08:30:55,092] Trial 37 finished with value: 6.351639270782471 and parameters: {'gradient_clip_val': 0.20289280307145682, 'hidden_size': 77, 'dropout': 0.3086404314040867, 'hidden_continuous_size': 26, 'attention_head_size': 4, 'learning_rate': 0.009497004843901998}. Best is trial 27 with value: 6.343594074249268.
LOCAL_RANK: 0 - CUDA_VISIBLE_DEVICES: [0]
[I 2023-11-30 08:31:08,828] Trial 38 finished with value: 7.034928798675537 and parameters: {'gradient_clip_val': 0.2160335335944981, 'hidden_size': 75, 'dropout': 0.2875555098769654, 'hidden_continuous_size': 27, 'attention_head_size': 4, 'learning_rate': 0.009653647748574317}. Best is trial 27 with value: 6.343594074249268.
LOCAL_RANK: 0 - CUDA_VISIBLE_DEVICES: [0]
[I 2023-11-30 08:31:22,526] Trial 39 finished with value: 6.566770553588867 and parameters: {'gradient_clip_val': 0.273416672611659, 'hidden_size': 87, 'dropout': 0.2707180359431116, 'hidden_continuous_size': 26, 'attention_head_size': 4, 'learning_rate': 0.0047001684366627565}. Best is trial 27 with value: 6.343594074249268.
LOCAL_RANK: 0 - CUDA_VISIBLE_DEVICES: [0]
[I 2023-11-30 08:31:36,540] Trial 40 finished with value: 6.638518810272217 and parameters: {'gradient_clip_val': 0.2383640996221434, 'hidden_size': 67, 'dropout': 0.3190731513621871, 'hidden_continuous_size': 21, 'attention_head_size': 4, 'learning_rate': 0.008020068109235131}. Best is trial 27 with value: 6.343594074249268.
LOCAL_RANK: 0 - CUDA_VISIBLE_DEVICES: [0]
[I 2023-11-30 08:31:49,784] Trial 41 finished with value: 6.641270160675049 and parameters: {'gradient_clip_val': 0.20483501890057784, 'hidden_size': 64, 'dropout': 0.3333213743045647, 'hidden_continuous_size': 22, 'attention_head_size': 1, 'learning_rate': 0.014856104959936403}. Best is trial 27 with value: 6.343594074249268.
LOCAL_RANK: 0 - CUDA_VISIBLE_DEVICES: [0]
[I 2023-11-30 08:32:02,568] Trial 42 finished with value: 6.540311336517334 and parameters: {'gradient_clip_val': 0.1924096154104771, 'hidden_size': 48, 'dropout': 0.34831638178016255, 'hidden_continuous_size': 19, 'attention_head_size': 1, 'learning_rate': 0.01227201140555565}. Best is trial 27 with value: 6.343594074249268.
LOCAL_RANK: 0 - CUDA_VISIBLE_DEVICES: [0]
[I 2023-11-30 08:32:15,591] Trial 43 finished with value: 7.368900299072266 and parameters: {'gradient_clip_val': 0.15771985421258614, 'hidden_size': 56, 'dropout': 0.3072972140823076, 'hidden_continuous_size': 20, 'attention_head_size': 4, 'learning_rate': 0.010167485992174551}. Best is trial 27 with value: 6.343594074249268.
LOCAL_RANK: 0 - CUDA_VISIBLE_DEVICES: [0]
[I 2023-11-30 08:32:29,328] Trial 44 finished with value: 6.76771879196167 and parameters: {'gradient_clip_val': 0.1730901876388572, 'hidden_size': 84, 'dropout': 0.3345149132735786, 'hidden_continuous_size': 29, 'attention_head_size': 3, 'learning_rate': 0.006599112924322997}. Best is trial 27 with value: 6.343594074249268.
LOCAL_RANK: 0 - CUDA_VISIBLE_DEVICES: [0]
[I 2023-11-30 08:32:43,317] Trial 45 finished with value: 7.060398578643799 and parameters: {'gradient_clip_val': 0.21741084035879676, 'hidden_size': 106, 'dropout': 0.23604197036355007, 'hidden_continuous_size': 25, 'attention_head_size': 1, 'learning_rate': 0.008880992802613391}. Best is trial 27 with value: 6.343594074249268.
LOCAL_RANK: 0 - CUDA_VISIBLE_DEVICES: [0]
[I 2023-11-30 08:32:56,205] Trial 46 finished with value: 6.9830403327941895 and parameters: {'gradient_clip_val': 0.15935350439535084, 'hidden_size': 39, 'dropout': 0.35329068270500363, 'hidden_continuous_size': 19, 'attention_head_size': 2, 'learning_rate': 0.011890149030090733}. Best is trial 27 with value: 6.343594074249268.
LOCAL_RANK: 0 - CUDA_VISIBLE_DEVICES: [0]
[I 2023-11-30 08:33:09,346] Trial 47 finished with value: 8.592777252197266 and parameters: {'gradient_clip_val': 0.24656807525307625, 'hidden_size': 61, 'dropout': 0.31682298844055085, 'hidden_continuous_size': 17, 'attention_head_size': 1, 'learning_rate': 0.022479187407698317}. Best is trial 27 with value: 6.343594074249268.
LOCAL_RANK: 0 - CUDA_VISIBLE_DEVICES: [0]
[I 2023-11-30 08:33:22,318] Trial 48 finished with value: 7.405367374420166 and parameters: {'gradient_clip_val': 0.1847219670755686, 'hidden_size': 44, 'dropout': 0.29789582355800037, 'hidden_continuous_size': 22, 'attention_head_size': 2, 'learning_rate': 0.015349712769208894}. Best is trial 27 with value: 6.343594074249268.
LOCAL_RANK: 0 - CUDA_VISIBLE_DEVICES: [0]
[I 2023-11-30 08:33:35,929] Trial 49 finished with value: 6.844763278961182 and parameters: {'gradient_clip_val': 0.28219315478961704, 'hidden_size': 76, 'dropout': 0.33019056826385484, 'hidden_continuous_size': 25, 'attention_head_size': 3, 'learning_rate': 0.0032925709052963725}. Best is trial 27 with value: 6.343594074249268.
LOCAL_RANK: 0 - CUDA_VISIBLE_DEVICES: [0]
[I 2023-11-30 08:33:49,997] Trial 50 finished with value: 7.382303237915039 and parameters: {'gradient_clip_val': 0.33797024912493157, 'hidden_size': 107, 'dropout': 0.27859820247021766, 'hidden_continuous_size': 31, 'attention_head_size': 1, 'learning_rate': 0.009344010689881844}. Best is trial 27 with value: 6.343594074249268.
LOCAL_RANK: 0 - CUDA_VISIBLE_DEVICES: [0]
[I 2023-11-30 08:34:02,666] Trial 51 finished with value: 6.896765232086182 and parameters: {'gradient_clip_val': 0.19433165213086326, 'hidden_size': 48, 'dropout': 0.3456438974506664, 'hidden_continuous_size': 16, 'attention_head_size': 1, 'learning_rate': 0.011895923818966633}. Best is trial 27 with value: 6.343594074249268.
LOCAL_RANK: 0 - CUDA_VISIBLE_DEVICES: [0]
[I 2023-11-30 08:34:15,431] Trial 52 finished with value: 6.338146209716797 and parameters: {'gradient_clip_val': 0.2177499667030721, 'hidden_size': 38, 'dropout': 0.3585253800516012, 'hidden_continuous_size': 19, 'attention_head_size': 1, 'learning_rate': 0.01158475239108619}. Best is trial 52 with value: 6.338146209716797.
LOCAL_RANK: 0 - CUDA_VISIBLE_DEVICES: [0]
[I 2023-11-30 08:34:28,155] Trial 53 finished with value: 7.028118133544922 and parameters: {'gradient_clip_val': 0.22427054004402308, 'hidden_size': 37, 'dropout': 0.36028777312709337, 'hidden_continuous_size': 18, 'attention_head_size': 1, 'learning_rate': 0.017136788923097866}. Best is trial 52 with value: 6.338146209716797.
LOCAL_RANK: 0 - CUDA_VISIBLE_DEVICES: [0]
[I 2023-11-30 08:34:41,489] Trial 54 finished with value: 6.5965728759765625 and parameters: {'gradient_clip_val': 0.23880867847022538, 'hidden_size': 62, 'dropout': 0.38810548445703014, 'hidden_continuous_size': 23, 'attention_head_size': 1, 'learning_rate': 0.010647523745405025}. Best is trial 52 with value: 6.338146209716797.
LOCAL_RANK: 0 - CUDA_VISIBLE_DEVICES: [0]
[I 2023-11-30 08:34:54,527] Trial 55 finished with value: 7.685905456542969 and parameters: {'gradient_clip_val': 0.20908073102213834, 'hidden_size': 52, 'dropout': 0.375863233608414, 'hidden_continuous_size': 15, 'attention_head_size': 1, 'learning_rate': 0.007124413538164801}. Best is trial 52 with value: 6.338146209716797.
LOCAL_RANK: 0 - CUDA_VISIBLE_DEVICES: [0]
[I 2023-11-30 08:35:07,473] Trial 56 finished with value: 7.444562911987305 and parameters: {'gradient_clip_val': 0.26172183010941746, 'hidden_size': 39, 'dropout': 0.39832344172655354, 'hidden_continuous_size': 19, 'attention_head_size': 2, 'learning_rate': 0.013670748723585386}. Best is trial 52 with value: 6.338146209716797.
LOCAL_RANK: 0 - CUDA_VISIBLE_DEVICES: [0]
[I 2023-11-30 08:35:20,495] Trial 57 finished with value: 6.21622896194458 and parameters: {'gradient_clip_val': 0.1654586444194991, 'hidden_size': 45, 'dropout': 0.3621915363147085, 'hidden_continuous_size': 21, 'attention_head_size': 2, 'learning_rate': 0.019596427357814375}. Best is trial 57 with value: 6.21622896194458.
LOCAL_RANK: 0 - CUDA_VISIBLE_DEVICES: [0]
[I 2023-11-30 08:35:33,348] Trial 58 finished with value: 6.2023491859436035 and parameters: {'gradient_clip_val': 0.16717372049881116, 'hidden_size': 44, 'dropout': 0.3749575112873996, 'hidden_continuous_size': 21, 'attention_head_size': 2, 'learning_rate': 0.021344805448425767}. Best is trial 58 with value: 6.2023491859436035.
LOCAL_RANK: 0 - CUDA_VISIBLE_DEVICES: [0]
[I 2023-11-30 08:35:46,151] Trial 59 finished with value: 6.9239020347595215 and parameters: {'gradient_clip_val': 0.16669526568716997, 'hidden_size': 45, 'dropout': 0.3702420587463035, 'hidden_continuous_size': 21, 'attention_head_size': 2, 'learning_rate': 0.02005741358943401}. Best is trial 58 with value: 6.2023491859436035.
LOCAL_RANK: 0 - CUDA_VISIBLE_DEVICES: [0]
[I 2023-11-30 08:35:59,111] Trial 60 finished with value: 6.486438274383545 and parameters: {'gradient_clip_val': 0.15306104169843834, 'hidden_size': 35, 'dropout': 0.38819372885628084, 'hidden_continuous_size': 19, 'attention_head_size': 2, 'learning_rate': 0.022948681106195225}. Best is trial 58 with value: 6.2023491859436035.
LOCAL_RANK: 0 - CUDA_VISIBLE_DEVICES: [0]
[I 2023-11-30 08:36:12,064] Trial 61 finished with value: 7.055675983428955 and parameters: {'gradient_clip_val': 0.16909281029435683, 'hidden_size': 41, 'dropout': 0.3683676527837665, 'hidden_continuous_size': 21, 'attention_head_size': 2, 'learning_rate': 0.016721258011830192}. Best is trial 58 with value: 6.2023491859436035.
LOCAL_RANK: 0 - CUDA_VISIBLE_DEVICES: [0]
[I 2023-11-30 08:36:24,784] Trial 62 finished with value: 7.160362243652344 and parameters: {'gradient_clip_val': 0.12192645747042986, 'hidden_size': 30, 'dropout': 0.3391380853379381, 'hidden_continuous_size': 18, 'attention_head_size': 2, 'learning_rate': 0.014767680109248378}. Best is trial 58 with value: 6.2023491859436035.
LOCAL_RANK: 0 - CUDA_VISIBLE_DEVICES: [0]
[I 2023-11-30 08:36:37,629] Trial 63 finished with value: 7.013391017913818 and parameters: {'gradient_clip_val': 0.17965392935747274, 'hidden_size': 44, 'dropout': 0.36580136247625294, 'hidden_continuous_size': 23, 'attention_head_size': 2, 'learning_rate': 0.008708091209752055}. Best is trial 58 with value: 6.2023491859436035.
LOCAL_RANK: 0 - CUDA_VISIBLE_DEVICES: [0]
[I 2023-11-30 08:36:50,909] Trial 64 finished with value: 6.206349849700928 and parameters: {'gradient_clip_val': 0.1491866933342374, 'hidden_size': 60, 'dropout': 0.35595222455914177, 'hidden_continuous_size': 24, 'attention_head_size': 3, 'learning_rate': 0.01357318164693877}. Best is trial 58 with value: 6.2023491859436035.
LOCAL_RANK: 0 - CUDA_VISIBLE_DEVICES: [0]
[I 2023-11-30 08:37:04,363] Trial 65 finished with value: 6.528558731079102 and parameters: {'gradient_clip_val': 0.14614631428669425, 'hidden_size': 60, 'dropout': 0.3576811200554039, 'hidden_continuous_size': 27, 'attention_head_size': 3, 'learning_rate': 0.020619492529290594}. Best is trial 58 with value: 6.2023491859436035.
LOCAL_RANK: 0 - CUDA_VISIBLE_DEVICES: [0]
[I 2023-11-30 08:37:17,524] Trial 66 finished with value: 7.0707221031188965 and parameters: {'gradient_clip_val': 0.13718343137427558, 'hidden_size': 50, 'dropout': 0.3256614518754687, 'hidden_continuous_size': 21, 'attention_head_size': 3, 'learning_rate': 0.026194450494079063}. Best is trial 58 with value: 6.2023491859436035.
LOCAL_RANK: 0 - CUDA_VISIBLE_DEVICES: [0]
[I 2023-11-30 08:37:31,175] Trial 67 finished with value: 6.528487682342529 and parameters: {'gradient_clip_val': 0.16093963811243045, 'hidden_size': 67, 'dropout': 0.3428965097283454, 'hidden_continuous_size': 24, 'attention_head_size': 4, 'learning_rate': 0.018244791796638637}. Best is trial 58 with value: 6.2023491859436035.
LOCAL_RANK: 0 - CUDA_VISIBLE_DEVICES: [0]
[I 2023-11-30 08:37:44,554] Trial 68 finished with value: 6.046942234039307 and parameters: {'gradient_clip_val': 0.153981277098788, 'hidden_size': 58, 'dropout': 0.3139775493936828, 'hidden_continuous_size': 24, 'attention_head_size': 3, 'learning_rate': 0.010296283140048268}. Best is trial 68 with value: 6.046942234039307.
LOCAL_RANK: 0 - CUDA_VISIBLE_DEVICES: [0]
[I 2023-11-30 08:37:57,853] Trial 69 finished with value: 6.398273944854736 and parameters: {'gradient_clip_val': 0.15016193290405006, 'hidden_size': 58, 'dropout': 0.309534209741264, 'hidden_continuous_size': 23, 'attention_head_size': 3, 'learning_rate': 0.013407901252299716}. Best is trial 68 with value: 6.046942234039307.
LOCAL_RANK: 0 - CUDA_VISIBLE_DEVICES: [0]
[I 2023-11-30 08:38:11,776] Trial 70 finished with value: 6.912750244140625 and parameters: {'gradient_clip_val': 0.17332996102062065, 'hidden_size': 81, 'dropout': 0.3131959702454765, 'hidden_continuous_size': 29, 'attention_head_size': 3, 'learning_rate': 0.007622490809766881}. Best is trial 68 with value: 6.046942234039307.
LOCAL_RANK: 0 - CUDA_VISIBLE_DEVICES: [0]
[I 2023-11-30 08:38:25,058] Trial 71 finished with value: 6.65911340713501 and parameters: {'gradient_clip_val': 0.13321208629720982, 'hidden_size': 52, 'dropout': 0.2977053804332543, 'hidden_continuous_size': 24, 'attention_head_size': 3, 'learning_rate': 0.009878356980531657}. Best is trial 68 with value: 6.046942234039307.
LOCAL_RANK: 0 - CUDA_VISIBLE_DEVICES: [0]
[I 2023-11-30 08:38:38,696] Trial 72 finished with value: 6.537447452545166 and parameters: {'gradient_clip_val': 0.12341587470806202, 'hidden_size': 69, 'dropout': 0.33731644211353345, 'hidden_continuous_size': 26, 'attention_head_size': 3, 'learning_rate': 0.011429449358096267}. Best is trial 68 with value: 6.046942234039307.
LOCAL_RANK: 0 - CUDA_VISIBLE_DEVICES: [0]
[I 2023-11-30 08:38:51,759] Trial 73 finished with value: 7.163533687591553 and parameters: {'gradient_clip_val': 0.2044539849604737, 'hidden_size': 47, 'dropout': 0.3618132588552029, 'hidden_continuous_size': 20, 'attention_head_size': 2, 'learning_rate': 0.016060209285242374}. Best is trial 68 with value: 6.046942234039307.
LOCAL_RANK: 0 - CUDA_VISIBLE_DEVICES: [0]
[I 2023-11-30 08:39:05,428] Trial 74 finished with value: 6.459582805633545 and parameters: {'gradient_clip_val': 0.22669289968567535, 'hidden_size': 63, 'dropout': 0.3270509437713621, 'hidden_continuous_size': 23, 'attention_head_size': 4, 'learning_rate': 0.013724397562662931}. Best is trial 68 with value: 6.046942234039307.
LOCAL_RANK: 0 - CUDA_VISIBLE_DEVICES: [0]
[I 2023-11-30 08:39:18,750] Trial 75 finished with value: 6.613487720489502 and parameters: {'gradient_clip_val': 0.18533078293689612, 'hidden_size': 58, 'dropout': 0.3747310154570385, 'hidden_continuous_size': 22, 'attention_head_size': 2, 'learning_rate': 0.010635534668301097}. Best is trial 68 with value: 6.046942234039307.
LOCAL_RANK: 0 - CUDA_VISIBLE_DEVICES: [0]
[I 2023-11-30 08:39:31,885] Trial 76 finished with value: 6.740793704986572 and parameters: {'gradient_clip_val': 0.14509376801962956, 'hidden_size': 54, 'dropout': 0.34550802060835034, 'hidden_continuous_size': 17, 'attention_head_size': 2, 'learning_rate': 0.008543792915745403}. Best is trial 68 with value: 6.046942234039307.
LOCAL_RANK: 0 - CUDA_VISIBLE_DEVICES: [0]
[I 2023-11-30 08:39:45,490] Trial 77 finished with value: 6.6538262367248535 and parameters: {'gradient_clip_val': 0.16303812637064222, 'hidden_size': 72, 'dropout': 0.32040998554048444, 'hidden_continuous_size': 27, 'attention_head_size': 3, 'learning_rate': 0.021470463412488865}. Best is trial 68 with value: 6.046942234039307.
LOCAL_RANK: 0 - CUDA_VISIBLE_DEVICES: [0]
[I 2023-11-30 08:39:58,639] Trial 78 finished with value: 6.054664134979248 and parameters: {'gradient_clip_val': 0.2012082560588423, 'hidden_size': 41, 'dropout': 0.35740394030834677, 'hidden_continuous_size': 21, 'attention_head_size': 4, 'learning_rate': 0.017962358142939908}. Best is trial 68 with value: 6.046942234039307.
LOCAL_RANK: 0 - CUDA_VISIBLE_DEVICES: [0]
[I 2023-11-30 08:40:11,454] Trial 79 finished with value: 6.597195148468018 and parameters: {'gradient_clip_val': 0.20635542262324266, 'hidden_size': 40, 'dropout': 0.38518233827663634, 'hidden_continuous_size': 20, 'attention_head_size': 4, 'learning_rate': 0.019227131800916383}. Best is trial 68 with value: 6.046942234039307.
LOCAL_RANK: 0 - CUDA_VISIBLE_DEVICES: [0]
[I 2023-11-30 08:40:24,541] Trial 80 finished with value: 6.0065083503723145 and parameters: {'gradient_clip_val': 0.15282642892214507, 'hidden_size': 42, 'dropout': 0.3780923273156613, 'hidden_continuous_size': 21, 'attention_head_size': 4, 'learning_rate': 0.02484534727676634}. Best is trial 80 with value: 6.0065083503723145.
LOCAL_RANK: 0 - CUDA_VISIBLE_DEVICES: [0]
[I 2023-11-30 08:40:37,702] Trial 81 finished with value: 6.333730697631836 and parameters: {'gradient_clip_val': 0.15509816361171258, 'hidden_size': 42, 'dropout': 0.3798899957047247, 'hidden_continuous_size': 21, 'attention_head_size': 4, 'learning_rate': 0.02488862315268513}. Best is trial 80 with value: 6.0065083503723145.
LOCAL_RANK: 0 - CUDA_VISIBLE_DEVICES: [0]
[I 2023-11-30 08:40:50,555] Trial 82 finished with value: 6.764837265014648 and parameters: {'gradient_clip_val': 0.13911125080139744, 'hidden_size': 36, 'dropout': 0.3804351156158924, 'hidden_continuous_size': 21, 'attention_head_size': 4, 'learning_rate': 0.024647313697323182}. Best is trial 80 with value: 6.0065083503723145.
LOCAL_RANK: 0 - CUDA_VISIBLE_DEVICES: [0]
