[I 2023-11-30 04:08:53,046] Trial 55 finished with value: 56.39274978637695 and parameters: {'gradient_clip_val': 0.14837974345637123, 'hidden_size': 137, 'dropout': 0.39018661319031805, 'hidden_continuous_size': 79, 'attention_head_size': 4, 'learning_rate': 0.009585036312189299}. Best is trial 38 with value: 48.91152572631836.
LOCAL_RANK: 0 - CUDA_VISIBLE_DEVICES: [0]
[I 2023-11-30 04:09:07,320] Trial 56 finished with value: 55.00860595703125 and parameters: {'gradient_clip_val': 0.20930893649592636, 'hidden_size': 99, 'dropout': 0.3281780408728894, 'hidden_continuous_size': 35, 'attention_head_size': 3, 'learning_rate': 0.00690985313602999}. Best is trial 38 with value: 48.91152572631836.
LOCAL_RANK: 0 - CUDA_VISIBLE_DEVICES: [0]
[I 2023-11-30 04:09:21,402] Trial 57 finished with value: 54.914764404296875 and parameters: {'gradient_clip_val': 0.18461577350563826, 'hidden_size': 112, 'dropout': 0.39780296130436527, 'hidden_continuous_size': 60, 'attention_head_size': 3, 'learning_rate': 0.005830229204987118}. Best is trial 38 with value: 48.91152572631836.
LOCAL_RANK: 0 - CUDA_VISIBLE_DEVICES: [0]
[I 2023-11-30 04:09:35,419] Trial 58 finished with value: 60.159088134765625 and parameters: {'gradient_clip_val': 0.161686917373527, 'hidden_size': 74, 'dropout': 0.3526250022444069, 'hidden_continuous_size': 50, 'attention_head_size': 4, 'learning_rate': 0.016234557889424673}. Best is trial 38 with value: 48.91152572631836.
LOCAL_RANK: 0 - CUDA_VISIBLE_DEVICES: [0]
[I 2023-11-30 04:09:49,354] Trial 59 finished with value: 50.49300003051758 and parameters: {'gradient_clip_val': 0.12977684092862052, 'hidden_size': 89, 'dropout': 0.37195824638760977, 'hidden_continuous_size': 31, 'attention_head_size': 4, 'learning_rate': 0.009333062582204737}. Best is trial 38 with value: 48.91152572631836.
LOCAL_RANK: 0 - CUDA_VISIBLE_DEVICES: [0]
[I 2023-11-30 04:10:03,067] Trial 60 finished with value: 53.63836669921875 and parameters: {'gradient_clip_val': 0.10540620960668197, 'hidden_size': 84, 'dropout': 0.34423577227371094, 'hidden_continuous_size': 30, 'attention_head_size': 4, 'learning_rate': 0.01276523809291007}. Best is trial 38 with value: 48.91152572631836.
LOCAL_RANK: 0 - CUDA_VISIBLE_DEVICES: [0]
[I 2023-11-30 04:10:17,322] Trial 61 finished with value: 55.371646881103516 and parameters: {'gradient_clip_val': 0.13045410867062496, 'hidden_size': 95, 'dropout': 0.37102613157492936, 'hidden_continuous_size': 37, 'attention_head_size': 4, 'learning_rate': 0.008986849274175538}. Best is trial 38 with value: 48.91152572631836.
LOCAL_RANK: 0 - CUDA_VISIBLE_DEVICES: [0]
[I 2023-11-30 04:10:31,381] Trial 62 finished with value: 54.36625289916992 and parameters: {'gradient_clip_val': 0.14114236531011198, 'hidden_size': 106, 'dropout': 0.38426619763339037, 'hidden_continuous_size': 32, 'attention_head_size': 4, 'learning_rate': 0.007725248268327752}. Best is trial 38 with value: 48.91152572631836.
LOCAL_RANK: 0 - CUDA_VISIBLE_DEVICES: [0]
[I 2023-11-30 04:10:45,874] Trial 63 finished with value: 50.48298263549805 and parameters: {'gradient_clip_val': 0.1683710641433883, 'hidden_size': 133, 'dropout': 0.35998744090384377, 'hidden_continuous_size': 41, 'attention_head_size': 4, 'learning_rate': 0.010025462052205199}. Best is trial 38 with value: 48.91152572631836.
LOCAL_RANK: 0 - CUDA_VISIBLE_DEVICES: [0]
[I 2023-11-30 04:11:00,194] Trial 64 finished with value: 51.84765625 and parameters: {'gradient_clip_val': 0.1763819186012845, 'hidden_size': 137, 'dropout': 0.3637609411785635, 'hidden_continuous_size': 33, 'attention_head_size': 4, 'learning_rate': 0.011290955482161929}. Best is trial 38 with value: 48.91152572631836.
LOCAL_RANK: 0 - CUDA_VISIBLE_DEVICES: [0]
[I 2023-11-30 04:11:14,085] Trial 65 finished with value: 53.0334358215332 and parameters: {'gradient_clip_val': 0.19758105563709277, 'hidden_size': 89, 'dropout': 0.33527044907909015, 'hidden_continuous_size': 35, 'attention_head_size': 4, 'learning_rate': 0.009841615582007987}. Best is trial 38 with value: 48.91152572631836.
LOCAL_RANK: 0 - CUDA_VISIBLE_DEVICES: [0]
[I 2023-11-30 04:11:28,324] Trial 66 finished with value: 57.7813835144043 and parameters: {'gradient_clip_val': 0.15583450244102437, 'hidden_size': 118, 'dropout': 0.3993856424914033, 'hidden_continuous_size': 23, 'attention_head_size': 4, 'learning_rate': 0.007011782853181717}. Best is trial 38 with value: 48.91152572631836.
LOCAL_RANK: 0 - CUDA_VISIBLE_DEVICES: [0]
[I 2023-11-30 04:11:42,375] Trial 67 finished with value: 50.281795501708984 and parameters: {'gradient_clip_val': 0.21680510716978316, 'hidden_size': 101, 'dropout': 0.36075279703474644, 'hidden_continuous_size': 29, 'attention_head_size': 4, 'learning_rate': 0.01500337149727643}. Best is trial 38 with value: 48.91152572631836.
LOCAL_RANK: 0 - CUDA_VISIBLE_DEVICES: [0]
[I 2023-11-30 04:11:56,095] Trial 68 finished with value: 54.6849365234375 and parameters: {'gradient_clip_val': 0.21775934217812207, 'hidden_size': 78, 'dropout': 0.3484470210432021, 'hidden_continuous_size': 29, 'attention_head_size': 3, 'learning_rate': 0.01510092430490505}. Best is trial 38 with value: 48.91152572631836.
LOCAL_RANK: 0 - CUDA_VISIBLE_DEVICES: [0]
[I 2023-11-30 04:12:10,589] Trial 69 finished with value: 59.520381927490234 and parameters: {'gradient_clip_val': 0.18836253063591904, 'hidden_size': 149, 'dropout': 0.3897734444366696, 'hidden_continuous_size': 24, 'attention_head_size': 4, 'learning_rate': 0.02052901628867461}. Best is trial 38 with value: 48.91152572631836.
LOCAL_RANK: 0 - CUDA_VISIBLE_DEVICES: [0]
[I 2023-11-30 04:12:24,527] Trial 70 finished with value: 54.40432357788086 and parameters: {'gradient_clip_val': 0.14717724842674954, 'hidden_size': 70, 'dropout': 0.35740460634080756, 'hidden_continuous_size': 27, 'attention_head_size': 4, 'learning_rate': 0.013117387721825576}. Best is trial 38 with value: 48.91152572631836.
LOCAL_RANK: 0 - CUDA_VISIBLE_DEVICES: [0]
[I 2023-11-30 04:12:38,590] Trial 71 finished with value: 51.00311279296875 and parameters: {'gradient_clip_val': 0.1633904566918523, 'hidden_size': 106, 'dropout': 0.3754480923749022, 'hidden_continuous_size': 30, 'attention_head_size': 4, 'learning_rate': 0.009743056169299488}. Best is trial 38 with value: 48.91152572631836.
LOCAL_RANK: 0 - CUDA_VISIBLE_DEVICES: [0]
[I 2023-11-30 04:12:52,458] Trial 72 finished with value: 56.464111328125 and parameters: {'gradient_clip_val': 0.16384807894830178, 'hidden_size': 100, 'dropout': 0.37876798720195287, 'hidden_continuous_size': 29, 'attention_head_size': 4, 'learning_rate': 0.01006847906144598}. Best is trial 38 with value: 48.91152572631836.
LOCAL_RANK: 0 - CUDA_VISIBLE_DEVICES: [0]
[I 2023-11-30 04:13:06,685] Trial 73 finished with value: 53.58375930786133 and parameters: {'gradient_clip_val': 0.17855065620378818, 'hidden_size': 114, 'dropout': 0.37351922415805594, 'hidden_continuous_size': 32, 'attention_head_size': 4, 'learning_rate': 0.00865893509484746}. Best is trial 38 with value: 48.91152572631836.
LOCAL_RANK: 0 - CUDA_VISIBLE_DEVICES: [0]
[I 2023-11-30 04:13:20,909] Trial 74 finished with value: 56.45619583129883 and parameters: {'gradient_clip_val': 0.21244943440376773, 'hidden_size': 126, 'dropout': 0.344851650904497, 'hidden_continuous_size': 26, 'attention_head_size': 4, 'learning_rate': 0.007651537170924557}. Best is trial 38 with value: 48.91152572631836.
LOCAL_RANK: 0 - CUDA_VISIBLE_DEVICES: [0]
[I 2023-11-30 04:13:34,894] Trial 75 finished with value: 62.9449577331543 and parameters: {'gradient_clip_val': 0.19385681344498007, 'hidden_size': 86, 'dropout': 0.35994609824205437, 'hidden_continuous_size': 28, 'attention_head_size': 4, 'learning_rate': 0.005250885633092975}. Best is trial 38 with value: 48.91152572631836.
LOCAL_RANK: 0 - CUDA_VISIBLE_DEVICES: [0]
[I 2023-11-30 04:13:48,692] Trial 76 finished with value: 52.9132080078125 and parameters: {'gradient_clip_val': 0.15319094023195864, 'hidden_size': 93, 'dropout': 0.38468994948288376, 'hidden_continuous_size': 30, 'attention_head_size': 3, 'learning_rate': 0.009453318937656077}. Best is trial 38 with value: 48.91152572631836.
LOCAL_RANK: 0 - CUDA_VISIBLE_DEVICES: [0]
[I 2023-11-30 04:14:02,861] Trial 77 finished with value: 54.06094741821289 and parameters: {'gradient_clip_val': 0.23157030772038392, 'hidden_size': 114, 'dropout': 0.391026929614008, 'hidden_continuous_size': 41, 'attention_head_size': 4, 'learning_rate': 0.006343235203317196}. Best is trial 38 with value: 48.91152572631836.
LOCAL_RANK: 0 - CUDA_VISIBLE_DEVICES: [0]
[I 2023-11-30 04:14:16,834] Trial 78 finished with value: 55.08485794067383 and parameters: {'gradient_clip_val': 0.1297595770466103, 'hidden_size': 100, 'dropout': 0.3060979653290314, 'hidden_continuous_size': 38, 'attention_head_size': 4, 'learning_rate': 0.012886843900517258}. Best is trial 38 with value: 48.91152572631836.
LOCAL_RANK: 0 - CUDA_VISIBLE_DEVICES: [0]
[I 2023-11-30 04:14:30,637] Trial 79 finished with value: 52.867706298828125 and parameters: {'gradient_clip_val': 0.16899493697517376, 'hidden_size': 78, 'dropout': 0.3309239154140653, 'hidden_continuous_size': 34, 'attention_head_size': 3, 'learning_rate': 0.01862056025216618}. Best is trial 38 with value: 48.91152572631836.
LOCAL_RANK: 0 - CUDA_VISIBLE_DEVICES: [0]
[I 2023-11-30 04:14:45,092] Trial 80 finished with value: 52.34321212768555 and parameters: {'gradient_clip_val': 0.14438226055750797, 'hidden_size': 121, 'dropout': 0.34187717326253547, 'hidden_continuous_size': 31, 'attention_head_size': 4, 'learning_rate': 0.015018547757120722}. Best is trial 38 with value: 48.91152572631836.
LOCAL_RANK: 0 - CUDA_VISIBLE_DEVICES: [0]
[I 2023-11-30 04:14:59,258] Trial 81 finished with value: 50.928314208984375 and parameters: {'gradient_clip_val': 0.16810067037020826, 'hidden_size': 108, 'dropout': 0.3653601023937443, 'hidden_continuous_size': 36, 'attention_head_size': 4, 'learning_rate': 0.010970026001449055}. Best is trial 38 with value: 48.91152572631836.
LOCAL_RANK: 0 - CUDA_VISIBLE_DEVICES: [0]
[I 2023-11-30 04:15:13,290] Trial 82 finished with value: 53.63104248046875 and parameters: {'gradient_clip_val': 0.1609648692700151, 'hidden_size': 91, 'dropout': 0.36406887972143787, 'hidden_continuous_size': 33, 'attention_head_size': 4, 'learning_rate': 0.01098588304997813}. Best is trial 38 with value: 48.91152572631836.
LOCAL_RANK: 0 - CUDA_VISIBLE_DEVICES: [0]
[I 2023-11-30 04:15:27,822] Trial 83 finished with value: 58.63471603393555 and parameters: {'gradient_clip_val': 0.18315738183975544, 'hidden_size': 138, 'dropout': 0.37608894425147943, 'hidden_continuous_size': 37, 'attention_head_size': 4, 'learning_rate': 0.01638909142976285}. Best is trial 38 with value: 48.91152572631836.
LOCAL_RANK: 0 - CUDA_VISIBLE_DEVICES: [0]
[I 2023-11-30 04:15:41,954] Trial 84 finished with value: 57.1373176574707 and parameters: {'gradient_clip_val': 0.2001723886097529, 'hidden_size': 107, 'dropout': 0.35753440164344313, 'hidden_continuous_size': 41, 'attention_head_size': 4, 'learning_rate': 0.008234430830564073}. Best is trial 38 with value: 48.91152572631836.
LOCAL_RANK: 0 - CUDA_VISIBLE_DEVICES: [0]
[I 2023-11-30 04:15:56,069] Trial 85 finished with value: 53.92120361328125 and parameters: {'gradient_clip_val': 0.17422557588079077, 'hidden_size': 100, 'dropout': 0.3806231350875465, 'hidden_continuous_size': 36, 'attention_head_size': 4, 'learning_rate': 0.009747369347587109}. Best is trial 38 with value: 48.91152572631836.
LOCAL_RANK: 0 - CUDA_VISIBLE_DEVICES: [0]
[I 2023-11-30 04:16:10,193] Trial 86 finished with value: 50.184906005859375 and parameters: {'gradient_clip_val': 0.15114697213003878, 'hidden_size': 118, 'dropout': 0.36791836479096757, 'hidden_continuous_size': 39, 'attention_head_size': 2, 'learning_rate': 0.012058594442916666}. Best is trial 38 with value: 48.91152572631836.
LOCAL_RANK: 0 - CUDA_VISIBLE_DEVICES: [0]
[I 2023-11-30 04:16:23,833] Trial 87 finished with value: 55.5295295715332 and parameters: {'gradient_clip_val': 0.13627507921488569, 'hidden_size': 84, 'dropout': 0.35292851841455214, 'hidden_continuous_size': 38, 'attention_head_size': 2, 'learning_rate': 0.012622705444396903}. Best is trial 38 with value: 48.91152572631836.
LOCAL_RANK: 0 - CUDA_VISIBLE_DEVICES: [0]
[I 2023-11-30 04:16:38,242] Trial 88 finished with value: 51.740875244140625 and parameters: {'gradient_clip_val': 0.1545856175899896, 'hidden_size': 142, 'dropout': 0.32067573904199337, 'hidden_continuous_size': 41, 'attention_head_size': 2, 'learning_rate': 0.014679975570329611}. Best is trial 38 with value: 48.91152572631836.
LOCAL_RANK: 0 - CUDA_VISIBLE_DEVICES: [0]
[I 2023-11-30 04:16:52,410] Trial 89 finished with value: 52.324100494384766 and parameters: {'gradient_clip_val': 0.16336962439841252, 'hidden_size': 130, 'dropout': 0.3684845173085739, 'hidden_continuous_size': 34, 'attention_head_size': 2, 'learning_rate': 0.011918936801852083}. Best is trial 38 with value: 48.91152572631836.
LOCAL_RANK: 0 - CUDA_VISIBLE_DEVICES: [0]
[I 2023-11-30 04:17:06,935] Trial 90 finished with value: 53.82758712768555 and parameters: {'gradient_clip_val': 0.1267416281681925, 'hidden_size': 126, 'dropout': 0.33822018016863686, 'hidden_continuous_size': 45, 'attention_head_size': 3, 'learning_rate': 0.010531736838503171}. Best is trial 38 with value: 48.91152572631836.
LOCAL_RANK: 0 - CUDA_VISIBLE_DEVICES: [0]
[I 2023-11-30 04:17:21,003] Trial 91 finished with value: 50.51502990722656 and parameters: {'gradient_clip_val': 0.14393674478701304, 'hidden_size': 116, 'dropout': 0.3822096164039772, 'hidden_continuous_size': 31, 'attention_head_size': 4, 'learning_rate': 0.008719642636114949}. Best is trial 38 with value: 48.91152572631836.
LOCAL_RANK: 0 - CUDA_VISIBLE_DEVICES: [0]
[I 2023-11-30 04:17:34,982] Trial 92 finished with value: 54.2465934753418 and parameters: {'gradient_clip_val': 0.14228534783217492, 'hidden_size': 108, 'dropout': 0.3933773177147022, 'hidden_continuous_size': 32, 'attention_head_size': 4, 'learning_rate': 0.009008921709198196}. Best is trial 38 with value: 48.91152572631836.
LOCAL_RANK: 0 - CUDA_VISIBLE_DEVICES: [0]
[I 2023-11-30 04:17:49,246] Trial 93 finished with value: 57.16062545776367 and parameters: {'gradient_clip_val': 0.15076112043268758, 'hidden_size': 117, 'dropout': 0.3855499077391986, 'hidden_continuous_size': 30, 'attention_head_size': 4, 'learning_rate': 0.013539152537414157}. Best is trial 38 with value: 48.91152572631836.
LOCAL_RANK: 0 - CUDA_VISIBLE_DEVICES: [0]
[I 2023-11-30 04:18:03,164] Trial 94 finished with value: 51.21882247924805 and parameters: {'gradient_clip_val': 0.12273318570585215, 'hidden_size': 91, 'dropout': 0.3613857319800117, 'hidden_continuous_size': 28, 'attention_head_size': 4, 'learning_rate': 0.01094912872469537}. Best is trial 38 with value: 48.91152572631836.
LOCAL_RANK: 0 - CUDA_VISIBLE_DEVICES: [0]
[I 2023-11-30 04:18:17,567] Trial 95 finished with value: 53.74101257324219 and parameters: {'gradient_clip_val': 0.17254374186923624, 'hidden_size': 98, 'dropout': 0.36866949526951864, 'hidden_continuous_size': 35, 'attention_head_size': 4, 'learning_rate': 0.01743723557558895}. Best is trial 38 with value: 48.91152572631836.
LOCAL_RANK: 0 - CUDA_VISIBLE_DEVICES: [0]
[I 2023-11-30 04:18:31,625] Trial 96 finished with value: 54.17002487182617 and parameters: {'gradient_clip_val': 0.13597242055420367, 'hidden_size': 109, 'dropout': 0.3494572863348189, 'hidden_continuous_size': 42, 'attention_head_size': 2, 'learning_rate': 0.00684797824943298}. Best is trial 38 with value: 48.91152572631836.
LOCAL_RANK: 0 - CUDA_VISIBLE_DEVICES: [0]
[I 2023-11-30 04:18:45,896] Trial 97 finished with value: 53.70427322387695 and parameters: {'gradient_clip_val': 0.14329869239543921, 'hidden_size': 121, 'dropout': 0.380064300423315, 'hidden_continuous_size': 39, 'attention_head_size': 4, 'learning_rate': 0.008683398194261852}. Best is trial 38 with value: 48.91152572631836.
LOCAL_RANK: 0 - CUDA_VISIBLE_DEVICES: [0]
[I 2023-11-30 04:19:00,190] Trial 98 finished with value: 61.22030258178711 and parameters: {'gradient_clip_val': 0.16012929230912906, 'hidden_size': 131, 'dropout': 0.37246062114041334, 'hidden_continuous_size': 26, 'attention_head_size': 4, 'learning_rate': 0.012325888734642446}. Best is trial 38 with value: 48.91152572631836.
LOCAL_RANK: 0 - CUDA_VISIBLE_DEVICES: [0]
[I 2023-11-30 04:19:13,991] Trial 99 finished with value: 50.36019515991211 and parameters: {'gradient_clip_val': 0.16840616618845017, 'hidden_size': 80, 'dropout': 0.39052563936543094, 'hidden_continuous_size': 39, 'attention_head_size': 4, 'learning_rate': 0.010124617550063924}. Best is trial 38 with value: 48.91152572631836.
LOCAL_RANK: 0 - CUDA_VISIBLE_DEVICES: [0]
[I 2023-11-30 04:19:28,012] Trial 100 finished with value: 51.19211959838867 and parameters: {'gradient_clip_val': 0.1502989726976325, 'hidden_size': 79, 'dropout': 0.39339843334081565, 'hidden_continuous_size': 43, 'attention_head_size': 3, 'learning_rate': 0.01551171274900095}. Best is trial 38 with value: 48.91152572631836.
LOCAL_RANK: 0 - CUDA_VISIBLE_DEVICES: [0]
[I 2023-11-30 04:19:42,230] Trial 101 finished with value: 51.12468338012695 and parameters: {'gradient_clip_val': 0.16847638590793018, 'hidden_size': 103, 'dropout': 0.38134404474310873, 'hidden_continuous_size': 36, 'attention_head_size': 4, 'learning_rate': 0.010236347489090861}. Best is trial 38 with value: 48.91152572631836.
LOCAL_RANK: 0 - CUDA_VISIBLE_DEVICES: [0]
[I 2023-11-30 04:19:56,179] Trial 102 finished with value: 54.71757888793945 and parameters: {'gradient_clip_val': 0.1774218320783913, 'hidden_size': 88, 'dropout': 0.3874772009463767, 'hidden_continuous_size': 40, 'attention_head_size': 4, 'learning_rate': 0.008032684288273119}. Best is trial 38 with value: 48.91152572631836.
LOCAL_RANK: 0 - CUDA_VISIBLE_DEVICES: [0]
[I 2023-11-30 04:20:10,344] Trial 103 finished with value: 55.1497688293457 and parameters: {'gradient_clip_val': 0.1576198754216586, 'hidden_size': 95, 'dropout': 0.36417098599894515, 'hidden_continuous_size': 45, 'attention_head_size': 4, 'learning_rate': 0.014026563123639887}. Best is trial 38 with value: 48.91152572631836.
LOCAL_RANK: 0 - CUDA_VISIBLE_DEVICES: [0]
[I 2023-11-30 04:20:24,663] Trial 104 finished with value: 53.37082290649414 and parameters: {'gradient_clip_val': 0.1897310196955932, 'hidden_size': 112, 'dropout': 0.3753546802279503, 'hidden_continuous_size': 39, 'attention_head_size': 4, 'learning_rate': 0.009702953662170347}. Best is trial 38 with value: 48.91152572631836.
LOCAL_RANK: 0 - CUDA_VISIBLE_DEVICES: [0]
[I 2023-11-30 04:20:38,805] Trial 105 finished with value: 56.99625778198242 and parameters: {'gradient_clip_val': 0.13435743850827614, 'hidden_size': 101, 'dropout': 0.399689411259101, 'hidden_continuous_size': 33, 'attention_head_size': 4, 'learning_rate': 0.012005238715485126}. Best is trial 38 with value: 48.91152572631836.
LOCAL_RANK: 0 - CUDA_VISIBLE_DEVICES: [0]
[I 2023-11-30 04:20:53,364] Trial 106 finished with value: 53.922576904296875 and parameters: {'gradient_clip_val': 0.14573365381274242, 'hidden_size': 143, 'dropout': 0.35578627889997944, 'hidden_continuous_size': 36, 'attention_head_size': 4, 'learning_rate': 0.011389122159409931}. Best is trial 38 with value: 48.91152572631836.
LOCAL_RANK: 0 - CUDA_VISIBLE_DEVICES: [0]
[I 2023-11-30 04:21:06,878] Trial 107 finished with value: 57.77296829223633 and parameters: {'gradient_clip_val': 0.165286052605478, 'hidden_size': 82, 'dropout': 0.39136875667569215, 'hidden_continuous_size': 29, 'attention_head_size': 1, 'learning_rate': 0.009076456317609876}. Best is trial 38 with value: 48.91152572631836.
LOCAL_RANK: 0 - CUDA_VISIBLE_DEVICES: [0]
[I 2023-11-30 04:21:21,338] Trial 108 finished with value: 51.69852066040039 and parameters: {'gradient_clip_val': 0.1160764690177862, 'hidden_size': 133, 'dropout': 0.36864108900101406, 'hidden_continuous_size': 47, 'attention_head_size': 4, 'learning_rate': 0.0073623774305395465}. Best is trial 38 with value: 48.91152572631836.
LOCAL_RANK: 0 - CUDA_VISIBLE_DEVICES: [0]
[I 2023-11-30 04:21:35,700] Trial 109 finished with value: 56.04155349731445 and parameters: {'gradient_clip_val': 0.17873927578032908, 'hidden_size': 120, 'dropout': 0.34624810478088575, 'hidden_continuous_size': 31, 'attention_head_size': 4, 'learning_rate': 0.008212899261526633}. Best is trial 38 with value: 48.91152572631836.
LOCAL_RANK: 0 - CUDA_VISIBLE_DEVICES: [0]
[I 2023-11-30 04:21:49,813] Trial 110 finished with value: 51.481719970703125 and parameters: {'gradient_clip_val': 0.20107707593043014, 'hidden_size': 96, 'dropout': 0.38410914063662555, 'hidden_continuous_size': 43, 'attention_head_size': 4, 'learning_rate': 0.010363269044851325}. Best is trial 38 with value: 48.91152572631836.
LOCAL_RANK: 0 - CUDA_VISIBLE_DEVICES: [0]
[I 2023-11-30 04:22:03,994] Trial 111 finished with value: 52.25960159301758 and parameters: {'gradient_clip_val': 0.16840749986141917, 'hidden_size': 103, 'dropout': 0.3806622517332099, 'hidden_continuous_size': 36, 'attention_head_size': 4, 'learning_rate': 0.010568973833993441}. Best is trial 38 with value: 48.91152572631836.
LOCAL_RANK: 0 - CUDA_VISIBLE_DEVICES: [0]
[I 2023-11-30 04:22:18,161] Trial 112 finished with value: 58.703189849853516 and parameters: {'gradient_clip_val': 0.1559103463027544, 'hidden_size': 107, 'dropout': 0.3731641685946341, 'hidden_continuous_size': 34, 'attention_head_size': 4, 'learning_rate': 0.009517044558682592}. Best is trial 38 with value: 48.91152572631836.
LOCAL_RANK: 0 - CUDA_VISIBLE_DEVICES: [0]
[I 2023-11-30 04:22:31,997] Trial 113 finished with value: 56.03752517700195 and parameters: {'gradient_clip_val': 0.16999221873112383, 'hidden_size': 74, 'dropout': 0.3625268805914827, 'hidden_continuous_size': 39, 'attention_head_size': 4, 'learning_rate': 0.011470684898298486}. Best is trial 38 with value: 48.91152572631836.
LOCAL_RANK: 0 - CUDA_VISIBLE_DEVICES: [0]
