[rank: 0] Seed set to 1337
[I 2023-11-29 20:06:47,154] A new study created in memory with name: no-name-5a25d98e-200a-4c92-a04d-28f32ec5c720
/home/le004/conda/anaconda3/envs/tsff_env/lib/python3.9/site-packages/lightning/fabric/plugins/environments/slurm.py:191: The `srun` command is available on your system but is not used. HINT: If your intention is to run Lightning on SLURM, prepend your python command with `srun` like so: srun python /home/le004/master_thesis/git/TSFusionForecast/code/ ...
LOCAL_RANK: 0 - CUDA_VISIBLE_DEVICES: [0]
[I 2023-11-29 20:07:05,168] Trial 0 finished with value: 20.30031967163086 and parameters: {'gradient_clip_val': 0.22746912809071612, 'hidden_size': 94, 'dropout': 0.31021779935158467, 'hidden_continuous_size': 57, 'attention_head_size': 1, 'learning_rate': 0.028395296082558173}. Best is trial 0 with value: 20.30031967163086.
LOCAL_RANK: 0 - CUDA_VISIBLE_DEVICES: [0]
[I 2023-11-29 20:07:16,971] Trial 1 finished with value: 17.320566177368164 and parameters: {'gradient_clip_val': 0.2829672926188432, 'hidden_size': 16, 'dropout': 0.3760407554801759, 'hidden_continuous_size': 11, 'attention_head_size': 3, 'learning_rate': 0.0951269121452653}. Best is trial 1 with value: 17.320566177368164.
LOCAL_RANK: 0 - CUDA_VISIBLE_DEVICES: [0]
[I 2023-11-29 20:07:29,333] Trial 2 finished with value: 23.511390686035156 and parameters: {'gradient_clip_val': 0.2590822782920793, 'hidden_size': 30, 'dropout': 0.2803561885333061, 'hidden_continuous_size': 21, 'attention_head_size': 1, 'learning_rate': 0.007568947983081629}. Best is trial 1 with value: 17.320566177368164.
LOCAL_RANK: 0 - CUDA_VISIBLE_DEVICES: [0]
[I 2023-11-29 20:07:42,885] Trial 3 finished with value: 16.758974075317383 and parameters: {'gradient_clip_val': 0.48140449655329104, 'hidden_size': 79, 'dropout': 0.32111471507287226, 'hidden_continuous_size': 25, 'attention_head_size': 2, 'learning_rate': 0.012787813122769436}. Best is trial 3 with value: 16.758974075317383.
LOCAL_RANK: 0 - CUDA_VISIBLE_DEVICES: [0]
[I 2023-11-29 20:07:54,963] Trial 4 finished with value: 17.94063377380371 and parameters: {'gradient_clip_val': 0.109210877140458, 'hidden_size': 19, 'dropout': 0.30756553231926165, 'hidden_continuous_size': 15, 'attention_head_size': 2, 'learning_rate': 0.054329648938510104}. Best is trial 3 with value: 16.758974075317383.
LOCAL_RANK: 0 - CUDA_VISIBLE_DEVICES: [0]
[I 2023-11-29 20:08:07,765] Trial 5 finished with value: 17.54450035095215 and parameters: {'gradient_clip_val': 0.6479740015293814, 'hidden_size': 41, 'dropout': 0.37644615584529717, 'hidden_continuous_size': 29, 'attention_head_size': 2, 'learning_rate': 0.011559577288651897}. Best is trial 3 with value: 16.758974075317383.
LOCAL_RANK: 0 - CUDA_VISIBLE_DEVICES: [0]
[I 2023-11-29 20:08:19,906] Trial 6 finished with value: 19.400047302246094 and parameters: {'gradient_clip_val': 0.7228930436154697, 'hidden_size': 22, 'dropout': 0.2997511427116687, 'hidden_continuous_size': 15, 'attention_head_size': 2, 'learning_rate': 0.023097608620565417}. Best is trial 3 with value: 16.758974075317383.
LOCAL_RANK: 0 - CUDA_VISIBLE_DEVICES: [0]
[I 2023-11-29 20:08:32,284] Trial 7 finished with value: 19.50917625427246 and parameters: {'gradient_clip_val': 0.9547514465193565, 'hidden_size': 19, 'dropout': 0.17652775350880068, 'hidden_continuous_size': 15, 'attention_head_size': 3, 'learning_rate': 0.06252987737975961}. Best is trial 3 with value: 16.758974075317383.
LOCAL_RANK: 0 - CUDA_VISIBLE_DEVICES: [0]
[I 2023-11-29 20:08:44,294] Trial 8 finished with value: 19.00974464416504 and parameters: {'gradient_clip_val': 0.13160817082537907, 'hidden_size': 22, 'dropout': 0.3177730504920531, 'hidden_continuous_size': 10, 'attention_head_size': 3, 'learning_rate': 0.09851373486166459}. Best is trial 3 with value: 16.758974075317383.
LOCAL_RANK: 0 - CUDA_VISIBLE_DEVICES: [0]
[I 2023-11-29 20:08:56,853] Trial 9 finished with value: 16.301054000854492 and parameters: {'gradient_clip_val': 0.7262280871443211, 'hidden_size': 30, 'dropout': 0.23470435350349303, 'hidden_continuous_size': 17, 'attention_head_size': 4, 'learning_rate': 0.024322617668365125}. Best is trial 9 with value: 16.301054000854492.
LOCAL_RANK: 0 - CUDA_VISIBLE_DEVICES: [0]
[I 2023-11-29 20:09:09,034] Trial 10 finished with value: 67.70684051513672 and parameters: {'gradient_clip_val': 0.4715550070021874, 'hidden_size': 11, 'dropout': 0.20192898086363034, 'hidden_continuous_size': 10, 'attention_head_size': 4, 'learning_rate': 0.002191371979057422}. Best is trial 9 with value: 16.301054000854492.
LOCAL_RANK: 0 - CUDA_VISIBLE_DEVICES: [0]
[I 2023-11-29 20:09:22,569] Trial 11 finished with value: 19.005979537963867 and parameters: {'gradient_clip_val': 0.4596254644607974, 'hidden_size': 61, 'dropout': 0.1211012486239948, 'hidden_continuous_size': 27, 'attention_head_size': 4, 'learning_rate': 0.009024022968425739}. Best is trial 9 with value: 16.301054000854492.
LOCAL_RANK: 0 - CUDA_VISIBLE_DEVICES: [0]
[I 2023-11-29 20:09:37,162] Trial 12 finished with value: 19.58931541442871 and parameters: {'gradient_clip_val': 0.5068609056092457, 'hidden_size': 148, 'dropout': 0.2347556987965448, 'hidden_continuous_size': 46, 'attention_head_size': 4, 'learning_rate': 0.02087251273774389}. Best is trial 9 with value: 16.301054000854492.
LOCAL_RANK: 0 - CUDA_VISIBLE_DEVICES: [0]
[I 2023-11-29 20:09:50,211] Trial 13 finished with value: 20.461442947387695 and parameters: {'gradient_clip_val': 0.3809822239297367, 'hidden_size': 49, 'dropout': 0.24764822763423736, 'hidden_continuous_size': 21, 'attention_head_size': 2, 'learning_rate': 0.0038990710674242173}. Best is trial 9 with value: 16.301054000854492.
LOCAL_RANK: 0 - CUDA_VISIBLE_DEVICES: [0]
[I 2023-11-29 20:10:03,770] Trial 14 finished with value: 28.61552619934082 and parameters: {'gradient_clip_val': 0.9203103469081584, 'hidden_size': 68, 'dropout': 0.34665705480434256, 'hidden_continuous_size': 38, 'attention_head_size': 3, 'learning_rate': 0.0014403093802181715}. Best is trial 9 with value: 16.301054000854492.
LOCAL_RANK: 0 - CUDA_VISIBLE_DEVICES: [0]
[I 2023-11-29 20:10:16,318] Trial 15 finished with value: 18.714033126831055 and parameters: {'gradient_clip_val': 0.5996613303291325, 'hidden_size': 33, 'dropout': 0.2698554331044736, 'hidden_continuous_size': 18, 'attention_head_size': 1, 'learning_rate': 0.01280883234294239}. Best is trial 9 with value: 16.301054000854492.
LOCAL_RANK: 0 - CUDA_VISIBLE_DEVICES: [0]
[I 2023-11-29 20:10:30,640] Trial 16 finished with value: 17.922496795654297 and parameters: {'gradient_clip_val': 0.3704929851170291, 'hidden_size': 83, 'dropout': 0.3981523288280539, 'hidden_continuous_size': 81, 'attention_head_size': 4, 'learning_rate': 0.0051434138181084684}. Best is trial 9 with value: 16.301054000854492.
LOCAL_RANK: 0 - CUDA_VISIBLE_DEVICES: [0]
[I 2023-11-29 20:10:44,014] Trial 17 finished with value: 16.804235458374023 and parameters: {'gradient_clip_val': 0.7681444376753497, 'hidden_size': 47, 'dropout': 0.22682184525945184, 'hidden_continuous_size': 25, 'attention_head_size': 3, 'learning_rate': 0.035187926040328055}. Best is trial 9 with value: 16.301054000854492.
LOCAL_RANK: 0 - CUDA_VISIBLE_DEVICES: [0]
[I 2023-11-29 20:10:56,830] Trial 18 finished with value: 20.942790985107422 and parameters: {'gradient_clip_val': 0.5583048490078132, 'hidden_size': 37, 'dropout': 0.3393312992324226, 'hidden_continuous_size': 18, 'attention_head_size': 2, 'learning_rate': 0.01683193459400284}. Best is trial 9 with value: 16.301054000854492.
LOCAL_RANK: 0 - CUDA_VISIBLE_DEVICES: [0]
[I 2023-11-29 20:11:10,790] Trial 19 finished with value: 22.240400314331055 and parameters: {'gradient_clip_val': 0.743490391587341, 'hidden_size': 113, 'dropout': 0.27015067700287365, 'hidden_continuous_size': 38, 'attention_head_size': 1, 'learning_rate': 0.03798709193034973}. Best is trial 9 with value: 16.301054000854492.
LOCAL_RANK: 0 - CUDA_VISIBLE_DEVICES: [0]
[I 2023-11-29 20:11:24,335] Trial 20 finished with value: 20.16712760925293 and parameters: {'gradient_clip_val': 0.9998115928559679, 'hidden_size': 61, 'dropout': 0.20050651122142443, 'hidden_continuous_size': 30, 'attention_head_size': 4, 'learning_rate': 0.01566941657867262}. Best is trial 9 with value: 16.301054000854492.
LOCAL_RANK: 0 - CUDA_VISIBLE_DEVICES: [0]
[I 2023-11-29 20:11:37,355] Trial 21 finished with value: 18.869319915771484 and parameters: {'gradient_clip_val': 0.7528913937265591, 'hidden_size': 47, 'dropout': 0.22999546072990867, 'hidden_continuous_size': 24, 'attention_head_size': 3, 'learning_rate': 0.03163956178721953}. Best is trial 9 with value: 16.301054000854492.
LOCAL_RANK: 0 - CUDA_VISIBLE_DEVICES: [0]
[I 2023-11-29 20:11:50,271] Trial 22 finished with value: 15.563068389892578 and parameters: {'gradient_clip_val': 0.6164594580285755, 'hidden_size': 30, 'dropout': 0.2526274253878091, 'hidden_continuous_size': 19, 'attention_head_size': 3, 'learning_rate': 0.02050987239979641}. Best is trial 22 with value: 15.563068389892578.
LOCAL_RANK: 0 - CUDA_VISIBLE_DEVICES: [0]
[I 2023-11-29 20:12:02,633] Trial 23 finished with value: 16.36912727355957 and parameters: {'gradient_clip_val': 0.5917259338072236, 'hidden_size': 28, 'dropout': 0.26342287991713326, 'hidden_continuous_size': 17, 'attention_head_size': 2, 'learning_rate': 0.01919355856287796}. Best is trial 22 with value: 15.563068389892578.
LOCAL_RANK: 0 - CUDA_VISIBLE_DEVICES: [0]
[I 2023-11-29 20:12:15,027] Trial 24 finished with value: 15.708796501159668 and parameters: {'gradient_clip_val': 0.5891783017290626, 'hidden_size': 28, 'dropout': 0.2644990099290299, 'hidden_continuous_size': 17, 'attention_head_size': 4, 'learning_rate': 0.020494556143971488}. Best is trial 22 with value: 15.563068389892578.
LOCAL_RANK: 0 - CUDA_VISIBLE_DEVICES: [0]
[I 2023-11-29 20:12:27,402] Trial 25 finished with value: 18.666549682617188 and parameters: {'gradient_clip_val': 0.6529233992855322, 'hidden_size': 28, 'dropout': 0.2512377441170404, 'hidden_continuous_size': 16, 'attention_head_size': 4, 'learning_rate': 0.022947485973171405}. Best is trial 22 with value: 15.563068389892578.
LOCAL_RANK: 0 - CUDA_VISIBLE_DEVICES: [0]
[I 2023-11-29 20:12:40,157] Trial 26 finished with value: 17.53852653503418 and parameters: {'gradient_clip_val': 0.8648675986855692, 'hidden_size': 33, 'dropout': 0.28446813909016855, 'hidden_continuous_size': 13, 'attention_head_size': 4, 'learning_rate': 0.04276001430969703}. Best is trial 22 with value: 15.563068389892578.
LOCAL_RANK: 0 - CUDA_VISIBLE_DEVICES: [0]
[I 2023-11-29 20:12:52,826] Trial 27 finished with value: 17.84953498840332 and parameters: {'gradient_clip_val': 0.8050695751480857, 'hidden_size': 25, 'dropout': 0.2891878677923984, 'hidden_continuous_size': 14, 'attention_head_size': 4, 'learning_rate': 0.02722486741779897}. Best is trial 22 with value: 15.563068389892578.
LOCAL_RANK: 0 - CUDA_VISIBLE_DEVICES: [0]
[I 2023-11-29 20:13:05,640] Trial 28 finished with value: 15.631053924560547 and parameters: {'gradient_clip_val': 0.6813580797704459, 'hidden_size': 37, 'dropout': 0.24645612877303985, 'hidden_continuous_size': 20, 'attention_head_size': 3, 'learning_rate': 0.016495917016591494}. Best is trial 22 with value: 15.563068389892578.
LOCAL_RANK: 0 - CUDA_VISIBLE_DEVICES: [0]
[I 2023-11-29 20:13:18,511] Trial 29 finished with value: 17.67539405822754 and parameters: {'gradient_clip_val': 0.3993220494121994, 'hidden_size': 39, 'dropout': 0.296603986295546, 'hidden_continuous_size': 19, 'attention_head_size': 3, 'learning_rate': 0.015766456437285824}. Best is trial 22 with value: 15.563068389892578.
LOCAL_RANK: 0 - CUDA_VISIBLE_DEVICES: [0]
[I 2023-11-29 20:13:31,302] Trial 30 finished with value: 19.760114669799805 and parameters: {'gradient_clip_val': 0.5692012888879509, 'hidden_size': 37, 'dropout': 0.2581214203341059, 'hidden_continuous_size': 19, 'attention_head_size': 3, 'learning_rate': 0.009480298048203923}. Best is trial 22 with value: 15.563068389892578.
LOCAL_RANK: 0 - CUDA_VISIBLE_DEVICES: [0]
[I 2023-11-29 20:13:44,051] Trial 31 finished with value: 18.015180587768555 and parameters: {'gradient_clip_val': 0.6657086088255421, 'hidden_size': 26, 'dropout': 0.24141307122182873, 'hidden_continuous_size': 17, 'attention_head_size': 4, 'learning_rate': 0.0225445397394867}. Best is trial 22 with value: 15.563068389892578.
LOCAL_RANK: 0 - CUDA_VISIBLE_DEVICES: [0]
[I 2023-11-29 20:13:56,658] Trial 32 finished with value: 17.662660598754883 and parameters: {'gradient_clip_val': 0.8679109425416047, 'hidden_size': 32, 'dropout': 0.2137085639593175, 'hidden_continuous_size': 20, 'attention_head_size': 3, 'learning_rate': 0.02665800090321678}. Best is trial 22 with value: 15.563068389892578.
LOCAL_RANK: 0 - CUDA_VISIBLE_DEVICES: [0]
[I 2023-11-29 20:14:09,318] Trial 33 finished with value: 19.01556968688965 and parameters: {'gradient_clip_val': 0.683400976921251, 'hidden_size': 31, 'dropout': 0.2769720176421512, 'hidden_continuous_size': 17, 'attention_head_size': 3, 'learning_rate': 0.015186365485651854}. Best is trial 22 with value: 15.563068389892578.
LOCAL_RANK: 0 - CUDA_VISIBLE_DEVICES: [0]
[I 2023-11-29 20:14:21,767] Trial 34 finished with value: 19.412248611450195 and parameters: {'gradient_clip_val': 0.5375764818991724, 'hidden_size': 25, 'dropout': 0.26327518090223034, 'hidden_continuous_size': 16, 'attention_head_size': 4, 'learning_rate': 0.030692616895529858}. Best is trial 22 with value: 15.563068389892578.
LOCAL_RANK: 0 - CUDA_VISIBLE_DEVICES: [0]
[I 2023-11-29 20:14:34,192] Trial 35 finished with value: 30.121000289916992 and parameters: {'gradient_clip_val': 0.8116626895079514, 'hidden_size': 14, 'dropout': 0.2535559632922477, 'hidden_continuous_size': 11, 'attention_head_size': 4, 'learning_rate': 0.012364216265652771}. Best is trial 22 with value: 15.563068389892578.
LOCAL_RANK: 0 - CUDA_VISIBLE_DEVICES: [0]
[I 2023-11-29 20:14:47,345] Trial 36 finished with value: 20.309972763061523 and parameters: {'gradient_clip_val': 0.3210276950498528, 'hidden_size': 43, 'dropout': 0.21721347314310535, 'hidden_continuous_size': 22, 'attention_head_size': 3, 'learning_rate': 0.046372235348694196}. Best is trial 22 with value: 15.563068389892578.
LOCAL_RANK: 0 - CUDA_VISIBLE_DEVICES: [0]
[I 2023-11-29 20:14:59,743] Trial 37 finished with value: 18.63459014892578 and parameters: {'gradient_clip_val': 0.6450347204987853, 'hidden_size': 22, 'dropout': 0.28561090781049947, 'hidden_continuous_size': 16, 'attention_head_size': 3, 'learning_rate': 0.06854443081283866}. Best is trial 22 with value: 15.563068389892578.
LOCAL_RANK: 0 - CUDA_VISIBLE_DEVICES: [0]
[I 2023-11-29 20:15:12,145] Trial 38 finished with value: 27.500028610229492 and parameters: {'gradient_clip_val': 0.5192855601808606, 'hidden_size': 17, 'dropout': 0.24069402267551568, 'hidden_continuous_size': 12, 'attention_head_size': 4, 'learning_rate': 0.018150032150995424}. Best is trial 22 with value: 15.563068389892578.
LOCAL_RANK: 0 - CUDA_VISIBLE_DEVICES: [0]
[I 2023-11-29 20:15:25,089] Trial 39 finished with value: 22.18193817138672 and parameters: {'gradient_clip_val': 0.4396660451103209, 'hidden_size': 35, 'dropout': 0.30451989847743854, 'hidden_continuous_size': 19, 'attention_head_size': 4, 'learning_rate': 0.007586475813603469}. Best is trial 22 with value: 15.563068389892578.
LOCAL_RANK: 0 - CUDA_VISIBLE_DEVICES: [0]
[I 2023-11-29 20:15:37,982] Trial 40 finished with value: 18.188758850097656 and parameters: {'gradient_clip_val': 0.7059171163543673, 'hidden_size': 29, 'dropout': 0.1854479625271812, 'hidden_continuous_size': 18, 'attention_head_size': 3, 'learning_rate': 0.028407111338687924}. Best is trial 22 with value: 15.563068389892578.
LOCAL_RANK: 0 - CUDA_VISIBLE_DEVICES: [0]
[I 2023-11-29 20:15:50,410] Trial 41 finished with value: 19.355348587036133 and parameters: {'gradient_clip_val': 0.5921356602283194, 'hidden_size': 26, 'dropout': 0.2634916962646628, 'hidden_continuous_size': 17, 'attention_head_size': 2, 'learning_rate': 0.02121443130310108}. Best is trial 22 with value: 15.563068389892578.
LOCAL_RANK: 0 - CUDA_VISIBLE_DEVICES: [0]
[I 2023-11-29 20:16:02,687] Trial 42 finished with value: 17.283308029174805 and parameters: {'gradient_clip_val': 0.5766901879895416, 'hidden_size': 28, 'dropout': 0.2495407909302956, 'hidden_continuous_size': 15, 'attention_head_size': 2, 'learning_rate': 0.011475895739036918}. Best is trial 22 with value: 15.563068389892578.
LOCAL_RANK: 0 - CUDA_VISIBLE_DEVICES: [0]
[I 2023-11-29 20:16:15,004] Trial 43 finished with value: 20.056026458740234 and parameters: {'gradient_clip_val': 0.6222919939347775, 'hidden_size': 21, 'dropout': 0.2281403881425291, 'hidden_continuous_size': 16, 'attention_head_size': 2, 'learning_rate': 0.018289343449241414}. Best is trial 22 with value: 15.563068389892578.
LOCAL_RANK: 0 - CUDA_VISIBLE_DEVICES: [0]
[I 2023-11-29 20:16:27,719] Trial 44 finished with value: 17.28961181640625 and parameters: {'gradient_clip_val': 0.5025637826884403, 'hidden_size': 31, 'dropout': 0.2784296823873341, 'hidden_continuous_size': 20, 'attention_head_size': 2, 'learning_rate': 0.025023436929745037}. Best is trial 22 with value: 15.563068389892578.
LOCAL_RANK: 0 - CUDA_VISIBLE_DEVICES: [0]
[I 2023-11-29 20:16:40,606] Trial 45 finished with value: 16.81938362121582 and parameters: {'gradient_clip_val': 0.8238411884784442, 'hidden_size': 43, 'dropout': 0.2600573411558664, 'hidden_continuous_size': 22, 'attention_head_size': 1, 'learning_rate': 0.01941440772337414}. Best is trial 22 with value: 15.563068389892578.
LOCAL_RANK: 0 - CUDA_VISIBLE_DEVICES: [0]
[I 2023-11-29 20:16:53,275] Trial 46 finished with value: 24.718093872070312 and parameters: {'gradient_clip_val': 0.7327633891442895, 'hidden_size': 36, 'dropout': 0.2372048841399179, 'hidden_continuous_size': 20, 'attention_head_size': 2, 'learning_rate': 0.013226558317749819}. Best is trial 22 with value: 15.563068389892578.
LOCAL_RANK: 0 - CUDA_VISIBLE_DEVICES: [0]
[I 2023-11-29 20:17:05,880] Trial 47 finished with value: 16.348901748657227 and parameters: {'gradient_clip_val': 0.9087769673422605, 'hidden_size': 40, 'dropout': 0.311008471179953, 'hidden_continuous_size': 14, 'attention_head_size': 3, 'learning_rate': 0.03388572369217989}. Best is trial 22 with value: 15.563068389892578.
LOCAL_RANK: 0 - CUDA_VISIBLE_DEVICES: [0]
[I 2023-11-29 20:17:18,610] Trial 48 finished with value: 15.674925804138184 and parameters: {'gradient_clip_val': 0.9299255311311861, 'hidden_size': 41, 'dropout': 0.3171048369427475, 'hidden_continuous_size': 14, 'attention_head_size': 3, 'learning_rate': 0.03297563372920788}. Best is trial 22 with value: 15.563068389892578.
LOCAL_RANK: 0 - CUDA_VISIBLE_DEVICES: [0]
[I 2023-11-29 20:17:31,617] Trial 49 finished with value: 19.508474349975586 and parameters: {'gradient_clip_val': 0.9192009632675431, 'hidden_size': 51, 'dropout': 0.29370568615778814, 'hidden_continuous_size': 13, 'attention_head_size': 3, 'learning_rate': 0.04614246120676158}. Best is trial 22 with value: 15.563068389892578.
LOCAL_RANK: 0 - CUDA_VISIBLE_DEVICES: [0]
[I 2023-11-29 20:17:44,889] Trial 50 finished with value: 19.931556701660156 and parameters: {'gradient_clip_val': 0.9740876209858734, 'hidden_size': 54, 'dropout': 0.3260171167741832, 'hidden_continuous_size': 21, 'attention_head_size': 3, 'learning_rate': 0.05601596190864915}. Best is trial 22 with value: 15.563068389892578.
LOCAL_RANK: 0 - CUDA_VISIBLE_DEVICES: [0]
[I 2023-11-29 20:17:57,896] Trial 51 finished with value: 16.761255264282227 and parameters: {'gradient_clip_val': 0.8982524433588641, 'hidden_size': 38, 'dropout': 0.3074529475244503, 'hidden_continuous_size': 14, 'attention_head_size': 3, 'learning_rate': 0.038373489747860735}. Best is trial 22 with value: 15.563068389892578.
LOCAL_RANK: 0 - CUDA_VISIBLE_DEVICES: [0]
[I 2023-11-29 20:18:10,756] Trial 52 finished with value: 19.08220100402832 and parameters: {'gradient_clip_val': 0.8064024872408558, 'hidden_size': 42, 'dropout': 0.3332010699920846, 'hidden_continuous_size': 15, 'attention_head_size': 3, 'learning_rate': 0.03506024759656166}. Best is trial 22 with value: 15.563068389892578.
LOCAL_RANK: 0 - CUDA_VISIBLE_DEVICES: [0]
[I 2023-11-29 20:18:23,465] Trial 53 finished with value: 17.078397750854492 and parameters: {'gradient_clip_val': 0.7139136813718863, 'hidden_size': 34, 'dropout': 0.3126721955527038, 'hidden_continuous_size': 14, 'attention_head_size': 3, 'learning_rate': 0.024432721190142493}. Best is trial 22 with value: 15.563068389892578.
LOCAL_RANK: 0 - CUDA_VISIBLE_DEVICES: [0]
[I 2023-11-29 20:18:36,369] Trial 54 finished with value: 18.504310607910156 and parameters: {'gradient_clip_val': 0.9114041196923753, 'hidden_size': 41, 'dropout': 0.3526465027817124, 'hidden_continuous_size': 18, 'attention_head_size': 3, 'learning_rate': 0.030991715495797927}. Best is trial 22 with value: 15.563068389892578.
LOCAL_RANK: 0 - CUDA_VISIBLE_DEVICES: [0]
[I 2023-11-29 20:18:49,497] Trial 55 finished with value: 19.63361167907715 and parameters: {'gradient_clip_val': 0.765772323145905, 'hidden_size': 45, 'dropout': 0.31596783245531684, 'hidden_continuous_size': 23, 'attention_head_size': 4, 'learning_rate': 0.024213645942190665}. Best is trial 22 with value: 15.563068389892578.
LOCAL_RANK: 0 - CUDA_VISIBLE_DEVICES: [0]
[I 2023-11-29 20:19:02,603] Trial 56 finished with value: 17.540193557739258 and parameters: {'gradient_clip_val': 0.982958302022245, 'hidden_size': 39, 'dropout': 0.27429785006053, 'hidden_continuous_size': 18, 'attention_head_size': 3, 'learning_rate': 0.032347508055570254}. Best is trial 22 with value: 15.563068389892578.
LOCAL_RANK: 0 - CUDA_VISIBLE_DEVICES: [0]
