[I 2023-11-29 23:20:39,482] Trial 124 finished with value: 14.617805480957031 and parameters: {'gradient_clip_val': 0.18307415689139134, 'hidden_size': 49, 'dropout': 0.25540115068759395, 'hidden_continuous_size': 47, 'attention_head_size': 2, 'learning_rate': 0.008725181413361822}. Best is trial 81 with value: 9.969138145446777.
LOCAL_RANK: 0 - CUDA_VISIBLE_DEVICES: [0]
[I 2023-11-29 23:20:52,882] Trial 125 finished with value: 11.27656078338623 and parameters: {'gradient_clip_val': 0.20364915846977194, 'hidden_size': 60, 'dropout': 0.2439569583399454, 'hidden_continuous_size': 49, 'attention_head_size': 2, 'learning_rate': 0.0077366360345253226}. Best is trial 81 with value: 9.969138145446777.
LOCAL_RANK: 0 - CUDA_VISIBLE_DEVICES: [0]
[I 2023-11-29 23:21:06,316] Trial 126 finished with value: 25.56477165222168 and parameters: {'gradient_clip_val': 0.20384836374982182, 'hidden_size': 44, 'dropout': 0.24122174324741968, 'hidden_continuous_size': 43, 'attention_head_size': 2, 'learning_rate': 0.002772759263565963}. Best is trial 81 with value: 9.969138145446777.
LOCAL_RANK: 0 - CUDA_VISIBLE_DEVICES: [0]
[I 2023-11-29 23:21:19,971] Trial 127 finished with value: 16.825998306274414 and parameters: {'gradient_clip_val': 0.14076617122847368, 'hidden_size': 60, 'dropout': 0.24604053741858983, 'hidden_continuous_size': 54, 'attention_head_size': 2, 'learning_rate': 0.0032090315536532858}. Best is trial 81 with value: 9.969138145446777.
LOCAL_RANK: 0 - CUDA_VISIBLE_DEVICES: [0]
[I 2023-11-29 23:21:33,360] Trial 128 finished with value: 14.33879566192627 and parameters: {'gradient_clip_val': 0.1620665170458042, 'hidden_size': 52, 'dropout': 0.23328433545903707, 'hidden_continuous_size': 49, 'attention_head_size': 2, 'learning_rate': 0.012545052369841825}. Best is trial 81 with value: 9.969138145446777.
LOCAL_RANK: 0 - CUDA_VISIBLE_DEVICES: [0]
[I 2023-11-29 23:21:46,814] Trial 129 finished with value: 13.537406921386719 and parameters: {'gradient_clip_val': 0.1687385429888437, 'hidden_size': 56, 'dropout': 0.2518101361583655, 'hidden_continuous_size': 51, 'attention_head_size': 2, 'learning_rate': 0.006868346273183031}. Best is trial 81 with value: 9.969138145446777.
LOCAL_RANK: 0 - CUDA_VISIBLE_DEVICES: [0]
[I 2023-11-29 23:22:00,919] Trial 130 finished with value: 13.002006530761719 and parameters: {'gradient_clip_val': 0.1368361662059836, 'hidden_size': 120, 'dropout': 0.22442651524590548, 'hidden_continuous_size': 55, 'attention_head_size': 2, 'learning_rate': 0.010096790799280891}. Best is trial 81 with value: 9.969138145446777.
LOCAL_RANK: 0 - CUDA_VISIBLE_DEVICES: [0]
[I 2023-11-29 23:22:14,585] Trial 131 finished with value: 13.974862098693848 and parameters: {'gradient_clip_val': 0.15326138236936832, 'hidden_size': 68, 'dropout': 0.26174177991020514, 'hidden_continuous_size': 48, 'attention_head_size': 2, 'learning_rate': 0.00764669151298786}. Best is trial 81 with value: 9.969138145446777.
LOCAL_RANK: 0 - CUDA_VISIBLE_DEVICES: [0]
[I 2023-11-29 23:22:28,793] Trial 132 finished with value: 10.111519813537598 and parameters: {'gradient_clip_val': 0.14374155163962823, 'hidden_size': 99, 'dropout': 0.25846929650076295, 'hidden_continuous_size': 36, 'attention_head_size': 2, 'learning_rate': 0.00824361533569012}. Best is trial 81 with value: 9.969138145446777.
LOCAL_RANK: 0 - CUDA_VISIBLE_DEVICES: [0]
[I 2023-11-29 23:22:42,715] Trial 133 finished with value: 12.9500093460083 and parameters: {'gradient_clip_val': 0.14382879682662525, 'hidden_size': 100, 'dropout': 0.23873274667730054, 'hidden_continuous_size': 35, 'attention_head_size': 2, 'learning_rate': 0.008283460255005266}. Best is trial 81 with value: 9.969138145446777.
LOCAL_RANK: 0 - CUDA_VISIBLE_DEVICES: [0]
[I 2023-11-29 23:22:56,709] Trial 134 finished with value: 13.585532188415527 and parameters: {'gradient_clip_val': 0.12323578823226544, 'hidden_size': 95, 'dropout': 0.270105626936684, 'hidden_continuous_size': 36, 'attention_head_size': 2, 'learning_rate': 0.005833684802185529}. Best is trial 81 with value: 9.969138145446777.
LOCAL_RANK: 0 - CUDA_VISIBLE_DEVICES: [0]
[I 2023-11-29 23:23:10,526] Trial 135 finished with value: 15.262316703796387 and parameters: {'gradient_clip_val': 0.13117336670636853, 'hidden_size': 88, 'dropout': 0.24557225595479543, 'hidden_continuous_size': 40, 'attention_head_size': 2, 'learning_rate': 0.00929156500998199}. Best is trial 81 with value: 9.969138145446777.
LOCAL_RANK: 0 - CUDA_VISIBLE_DEVICES: [0]
[I 2023-11-29 23:23:24,702] Trial 136 finished with value: 14.330113410949707 and parameters: {'gradient_clip_val': 0.17426363795363398, 'hidden_size': 105, 'dropout': 0.2866470236400787, 'hidden_continuous_size': 58, 'attention_head_size': 2, 'learning_rate': 0.010718139928843556}. Best is trial 81 with value: 9.969138145446777.
LOCAL_RANK: 0 - CUDA_VISIBLE_DEVICES: [0]
[I 2023-11-29 23:23:38,816] Trial 137 finished with value: 13.1393461227417 and parameters: {'gradient_clip_val': 0.15805743750304077, 'hidden_size': 98, 'dropout': 0.2662518054235407, 'hidden_continuous_size': 37, 'attention_head_size': 2, 'learning_rate': 0.007004402325049603}. Best is trial 81 with value: 9.969138145446777.
LOCAL_RANK: 0 - CUDA_VISIBLE_DEVICES: [0]
[I 2023-11-29 23:23:52,812] Trial 138 finished with value: 14.410046577453613 and parameters: {'gradient_clip_val': 0.1463754224260421, 'hidden_size': 116, 'dropout': 0.2532572634445741, 'hidden_continuous_size': 33, 'attention_head_size': 2, 'learning_rate': 0.002310289083035027}. Best is trial 81 with value: 9.969138145446777.
LOCAL_RANK: 0 - CUDA_VISIBLE_DEVICES: [0]
[I 2023-11-29 23:24:06,692] Trial 139 finished with value: 15.403731346130371 and parameters: {'gradient_clip_val': 0.18824155709416926, 'hidden_size': 90, 'dropout': 0.23126665257247853, 'hidden_continuous_size': 39, 'attention_head_size': 2, 'learning_rate': 0.00814391341848451}. Best is trial 81 with value: 9.969138145446777.
LOCAL_RANK: 0 - CUDA_VISIBLE_DEVICES: [0]
[I 2023-11-29 23:24:20,650] Trial 140 finished with value: 13.607783317565918 and parameters: {'gradient_clip_val': 0.19812362830469243, 'hidden_size': 83, 'dropout': 0.2787710972858922, 'hidden_continuous_size': 56, 'attention_head_size': 2, 'learning_rate': 0.0061383191829893135}. Best is trial 81 with value: 9.969138145446777.
LOCAL_RANK: 0 - CUDA_VISIBLE_DEVICES: [0]
[I 2023-11-29 23:24:34,010] Trial 141 finished with value: 14.128859519958496 and parameters: {'gradient_clip_val': 0.2515400919930521, 'hidden_size': 60, 'dropout': 0.2591085019579604, 'hidden_continuous_size': 42, 'attention_head_size': 2, 'learning_rate': 0.007800983037577639}. Best is trial 81 with value: 9.969138145446777.
LOCAL_RANK: 0 - CUDA_VISIBLE_DEVICES: [0]
[I 2023-11-29 23:24:47,836] Trial 142 finished with value: 14.410152435302734 and parameters: {'gradient_clip_val': 0.2844527163486353, 'hidden_size': 63, 'dropout': 0.2482423735071257, 'hidden_continuous_size': 46, 'attention_head_size': 2, 'learning_rate': 0.00873093348400913}. Best is trial 81 with value: 9.969138145446777.
LOCAL_RANK: 0 - CUDA_VISIBLE_DEVICES: [0]
[I 2023-11-29 23:25:01,352] Trial 143 finished with value: 15.05028247833252 and parameters: {'gradient_clip_val': 0.13408728580119822, 'hidden_size': 51, 'dropout': 0.259120069051073, 'hidden_continuous_size': 47, 'attention_head_size': 2, 'learning_rate': 0.0044830822307529135}. Best is trial 81 with value: 9.969138145446777.
LOCAL_RANK: 0 - CUDA_VISIBLE_DEVICES: [0]
[I 2023-11-29 23:25:14,991] Trial 144 finished with value: 16.806777954101562 and parameters: {'gradient_clip_val': 0.30137795052543953, 'hidden_size': 76, 'dropout': 0.2635915997342048, 'hidden_continuous_size': 40, 'attention_head_size': 2, 'learning_rate': 0.01137363092244487}. Best is trial 81 with value: 9.969138145446777.
LOCAL_RANK: 0 - CUDA_VISIBLE_DEVICES: [0]
[I 2023-11-29 23:25:28,862] Trial 145 finished with value: 16.73943328857422 and parameters: {'gradient_clip_val': 0.2739919945093246, 'hidden_size': 69, 'dropout': 0.2749612328225234, 'hidden_continuous_size': 53, 'attention_head_size': 3, 'learning_rate': 0.00991487192748881}. Best is trial 81 with value: 9.969138145446777.
LOCAL_RANK: 0 - CUDA_VISIBLE_DEVICES: [0]
[I 2023-11-29 23:25:42,343] Trial 146 finished with value: 11.802754402160645 and parameters: {'gradient_clip_val': 0.16551839217516923, 'hidden_size': 56, 'dropout': 0.206132288214146, 'hidden_continuous_size': 50, 'attention_head_size': 2, 'learning_rate': 0.0074662244892637585}. Best is trial 81 with value: 9.969138145446777.
LOCAL_RANK: 0 - CUDA_VISIBLE_DEVICES: [0]
[I 2023-11-29 23:25:55,917] Trial 147 finished with value: 12.4874906539917 and parameters: {'gradient_clip_val': 0.166664041448751, 'hidden_size': 56, 'dropout': 0.20356839904611423, 'hidden_continuous_size': 50, 'attention_head_size': 2, 'learning_rate': 0.007039911948407637}. Best is trial 81 with value: 9.969138145446777.
LOCAL_RANK: 0 - CUDA_VISIBLE_DEVICES: [0]
[I 2023-11-29 23:26:10,060] Trial 148 finished with value: 13.009690284729004 and parameters: {'gradient_clip_val': 0.17742088524095578, 'hidden_size': 110, 'dropout': 0.2097681441889865, 'hidden_continuous_size': 59, 'attention_head_size': 2, 'learning_rate': 0.0064933325501228675}. Best is trial 81 with value: 9.969138145446777.
LOCAL_RANK: 0 - CUDA_VISIBLE_DEVICES: [0]
[I 2023-11-29 23:26:23,409] Trial 149 finished with value: 16.153886795043945 and parameters: {'gradient_clip_val': 0.15233436085915839, 'hidden_size': 51, 'dropout': 0.2380133942953157, 'hidden_continuous_size': 48, 'attention_head_size': 2, 'learning_rate': 0.0025578245284132283}. Best is trial 81 with value: 9.969138145446777.
[I 2023-11-29 23:26:23,520] A new study created in memory with name: no-name-cd649618-3b21-4e78-9354-b3e877945ad4
/home/le004/conda/anaconda3/envs/tsff_env/lib/python3.9/site-packages/lightning/fabric/plugins/environments/slurm.py:191: The `srun` command is available on your system but is not used. HINT: If your intention is to run Lightning on SLURM, prepend your python command with `srun` like so: srun python /home/le004/master_thesis/git/TSFusionForecast/code/ ...
LOCAL_RANK: 0 - CUDA_VISIBLE_DEVICES: [0]
[I 2023-11-29 23:26:37,262] Trial 0 finished with value: 26.445783615112305 and parameters: {'gradient_clip_val': 0.17108713379368237, 'hidden_size': 80, 'dropout': 0.10800375675426722, 'hidden_continuous_size': 39, 'attention_head_size': 3, 'learning_rate': 0.010809993450132543}. Best is trial 0 with value: 26.445783615112305.
LOCAL_RANK: 0 - CUDA_VISIBLE_DEVICES: [0]
[I 2023-11-29 23:26:50,353] Trial 1 finished with value: 19.2133846282959 and parameters: {'gradient_clip_val': 0.5322575994669538, 'hidden_size': 47, 'dropout': 0.2105996224873518, 'hidden_continuous_size': 24, 'attention_head_size': 1, 'learning_rate': 0.0360329719573196}. Best is trial 1 with value: 19.2133846282959.
LOCAL_RANK: 0 - CUDA_VISIBLE_DEVICES: [0]
[I 2023-11-29 23:27:02,649] Trial 2 finished with value: 109.13700103759766 and parameters: {'gradient_clip_val': 0.5522581340107441, 'hidden_size': 18, 'dropout': 0.19747391873744455, 'hidden_continuous_size': 10, 'attention_head_size': 3, 'learning_rate': 0.005152239770250307}. Best is trial 1 with value: 19.2133846282959.
LOCAL_RANK: 0 - CUDA_VISIBLE_DEVICES: [0]
[I 2023-11-29 23:27:15,134] Trial 3 finished with value: 28.10832405090332 and parameters: {'gradient_clip_val': 0.1683131184964533, 'hidden_size': 32, 'dropout': 0.2526762739252757, 'hidden_continuous_size': 19, 'attention_head_size': 2, 'learning_rate': 0.02991772042492866}. Best is trial 1 with value: 19.2133846282959.
LOCAL_RANK: 0 - CUDA_VISIBLE_DEVICES: [0]
[I 2023-11-29 23:27:29,076] Trial 4 finished with value: 16.732030868530273 and parameters: {'gradient_clip_val': 0.6654282907098873, 'hidden_size': 90, 'dropout': 0.22998179768882393, 'hidden_continuous_size': 54, 'attention_head_size': 1, 'learning_rate': 0.03417194623233693}. Best is trial 4 with value: 16.732030868530273.
LOCAL_RANK: 0 - CUDA_VISIBLE_DEVICES: [0]
[I 2023-11-29 23:27:41,231] Trial 5 finished with value: 109.67232513427734 and parameters: {'gradient_clip_val': 0.8618485708485459, 'hidden_size': 24, 'dropout': 0.23166589032855772, 'hidden_continuous_size': 11, 'attention_head_size': 2, 'learning_rate': 0.0048028749285622205}. Best is trial 4 with value: 16.732030868530273.
LOCAL_RANK: 0 - CUDA_VISIBLE_DEVICES: [0]
[I 2023-11-29 23:27:53,414] Trial 6 finished with value: 176.09246826171875 and parameters: {'gradient_clip_val': 0.833700317009996, 'hidden_size': 16, 'dropout': 0.18344740810207805, 'hidden_continuous_size': 15, 'attention_head_size': 3, 'learning_rate': 0.0011346332089350922}. Best is trial 4 with value: 16.732030868530273.
LOCAL_RANK: 0 - CUDA_VISIBLE_DEVICES: [0]
[I 2023-11-29 23:28:06,014] Trial 7 finished with value: 108.33245849609375 and parameters: {'gradient_clip_val': 0.11475292696204462, 'hidden_size': 13, 'dropout': 0.35493344650677405, 'hidden_continuous_size': 12, 'attention_head_size': 4, 'learning_rate': 0.00865956822959957}. Best is trial 4 with value: 16.732030868530273.
LOCAL_RANK: 0 - CUDA_VISIBLE_DEVICES: [0]
[I 2023-11-29 23:28:19,777] Trial 8 finished with value: 16.568368911743164 and parameters: {'gradient_clip_val': 0.7670491861206825, 'hidden_size': 83, 'dropout': 0.16511232525567587, 'hidden_continuous_size': 37, 'attention_head_size': 2, 'learning_rate': 0.07192472576822116}. Best is trial 8 with value: 16.568368911743164.
LOCAL_RANK: 0 - CUDA_VISIBLE_DEVICES: [0]
[I 2023-11-29 23:28:33,482] Trial 9 finished with value: 83.84476470947266 and parameters: {'gradient_clip_val': 0.4415587475761455, 'hidden_size': 71, 'dropout': 0.12061632376135872, 'hidden_continuous_size': 36, 'attention_head_size': 2, 'learning_rate': 0.0017828276073723602}. Best is trial 8 with value: 16.568368911743164.
LOCAL_RANK: 0 - CUDA_VISIBLE_DEVICES: [0]
[I 2023-11-29 23:28:48,491] Trial 10 finished with value: 17.471166610717773 and parameters: {'gradient_clip_val': 0.33341861789450267, 'hidden_size': 143, 'dropout': 0.2884349823017052, 'hidden_continuous_size': 97, 'attention_head_size': 4, 'learning_rate': 0.08106207414740758}. Best is trial 8 with value: 16.568368911743164.
LOCAL_RANK: 0 - CUDA_VISIBLE_DEVICES: [0]
[I 2023-11-29 23:29:02,888] Trial 11 finished with value: 20.29197883605957 and parameters: {'gradient_clip_val': 0.9995507993301489, 'hidden_size': 149, 'dropout': 0.15423707080344512, 'hidden_continuous_size': 64, 'attention_head_size': 1, 'learning_rate': 0.08771350612777803}. Best is trial 8 with value: 16.568368911743164.
LOCAL_RANK: 0 - CUDA_VISIBLE_DEVICES: [0]
[I 2023-11-29 23:29:16,707] Trial 12 finished with value: 15.212286949157715 and parameters: {'gradient_clip_val': 0.6648366151690775, 'hidden_size': 83, 'dropout': 0.16165105151630726, 'hidden_continuous_size': 44, 'attention_head_size': 1, 'learning_rate': 0.0429471123820514}. Best is trial 12 with value: 15.212286949157715.
LOCAL_RANK: 0 - CUDA_VISIBLE_DEVICES: [0]
[I 2023-11-29 23:29:29,715] Trial 13 finished with value: 18.3902530670166 and parameters: {'gradient_clip_val': 0.7058527968870354, 'hidden_size': 52, 'dropout': 0.15254684090360515, 'hidden_continuous_size': 24, 'attention_head_size': 1, 'learning_rate': 0.05875609540054992}. Best is trial 12 with value: 15.212286949157715.
LOCAL_RANK: 0 - CUDA_VISIBLE_DEVICES: [0]
[I 2023-11-29 23:29:43,547] Trial 14 finished with value: 23.61015510559082 and parameters: {'gradient_clip_val': 0.3974115390795822, 'hidden_size': 97, 'dropout': 0.15804153922352399, 'hidden_continuous_size': 32, 'attention_head_size': 2, 'learning_rate': 0.021439594128619795}. Best is trial 12 with value: 15.212286949157715.
LOCAL_RANK: 0 - CUDA_VISIBLE_DEVICES: [0]
[I 2023-11-29 23:29:56,895] Trial 15 finished with value: 17.592159271240234 and parameters: {'gradient_clip_val': 0.5835931540881967, 'hidden_size': 58, 'dropout': 0.1151298564183503, 'hidden_continuous_size': 29, 'attention_head_size': 1, 'learning_rate': 0.09660359224122976}. Best is trial 12 with value: 15.212286949157715.
LOCAL_RANK: 0 - CUDA_VISIBLE_DEVICES: [0]
[I 2023-11-29 23:30:09,969] Trial 16 finished with value: 14.762969017028809 and parameters: {'gradient_clip_val': 0.9973440725050357, 'hidden_size': 42, 'dropout': 0.1784663612574069, 'hidden_continuous_size': 18, 'attention_head_size': 2, 'learning_rate': 0.04575592097878297}. Best is trial 16 with value: 14.762969017028809.
LOCAL_RANK: 0 - CUDA_VISIBLE_DEVICES: [0]
[I 2023-11-29 23:30:22,486] Trial 17 finished with value: 24.338394165039062 and parameters: {'gradient_clip_val': 0.9997326089264319, 'hidden_size': 36, 'dropout': 0.19169201474999725, 'hidden_continuous_size': 16, 'attention_head_size': 1, 'learning_rate': 0.048385726735211194}. Best is trial 16 with value: 14.762969017028809.
LOCAL_RANK: 0 - CUDA_VISIBLE_DEVICES: [0]
[I 2023-11-29 23:30:35,270] Trial 18 finished with value: 23.052047729492188 and parameters: {'gradient_clip_val': 0.709578250957381, 'hidden_size': 42, 'dropout': 0.26502152595596196, 'hidden_continuous_size': 19, 'attention_head_size': 2, 'learning_rate': 0.01969992041429123}. Best is trial 16 with value: 14.762969017028809.
LOCAL_RANK: 0 - CUDA_VISIBLE_DEVICES: [0]
[I 2023-11-29 23:30:47,784] Trial 19 finished with value: 16.906280517578125 and parameters: {'gradient_clip_val': 0.4508647206095949, 'hidden_size': 27, 'dropout': 0.13651715789855878, 'hidden_continuous_size': 14, 'attention_head_size': 3, 'learning_rate': 0.05118837677414027}. Best is trial 16 with value: 14.762969017028809.
LOCAL_RANK: 0 - CUDA_VISIBLE_DEVICES: [0]
[I 2023-11-29 23:31:00,819] Trial 20 finished with value: 19.4471378326416 and parameters: {'gradient_clip_val': 0.5563522206496307, 'hidden_size': 60, 'dropout': 0.10025695460949033, 'hidden_continuous_size': 20, 'attention_head_size': 1, 'learning_rate': 0.020615880760165343}. Best is trial 16 with value: 14.762969017028809.
LOCAL_RANK: 0 - CUDA_VISIBLE_DEVICES: [0]
[I 2023-11-29 23:31:15,130] Trial 21 finished with value: 23.416898727416992 and parameters: {'gradient_clip_val': 0.8110989127734938, 'hidden_size': 106, 'dropout': 0.18350808023654863, 'hidden_continuous_size': 45, 'attention_head_size': 2, 'learning_rate': 0.0618207452209295}. Best is trial 16 with value: 14.762969017028809.
LOCAL_RANK: 0 - CUDA_VISIBLE_DEVICES: [0]
[I 2023-11-29 23:31:28,660] Trial 22 finished with value: 17.715381622314453 and parameters: {'gradient_clip_val': 0.991879846207263, 'hidden_size': 69, 'dropout': 0.16517951766144362, 'hidden_continuous_size': 28, 'attention_head_size': 2, 'learning_rate': 0.04789278809751346}. Best is trial 16 with value: 14.762969017028809.
LOCAL_RANK: 0 - CUDA_VISIBLE_DEVICES: [0]
[I 2023-11-29 23:31:41,663] Trial 23 finished with value: 18.93973731994629 and parameters: {'gradient_clip_val': 0.724419831467202, 'hidden_size': 46, 'dropout': 0.1451302090260207, 'hidden_continuous_size': 23, 'attention_head_size': 2, 'learning_rate': 0.09581894172490665}. Best is trial 16 with value: 14.762969017028809.
LOCAL_RANK: 0 - CUDA_VISIBLE_DEVICES: [0]
[I 2023-11-29 23:31:55,848] Trial 24 finished with value: 17.17515754699707 and parameters: {'gradient_clip_val': 0.6436081755287875, 'hidden_size': 113, 'dropout': 0.17309972368193877, 'hidden_continuous_size': 41, 'attention_head_size': 3, 'learning_rate': 0.06332327058823417}. Best is trial 16 with value: 14.762969017028809.
LOCAL_RANK: 0 - CUDA_VISIBLE_DEVICES: [0]
[I 2023-11-29 23:32:09,463] Trial 25 finished with value: 23.786725997924805 and parameters: {'gradient_clip_val': 0.8288052449835825, 'hidden_size': 73, 'dropout': 0.13317225333819083, 'hidden_continuous_size': 33, 'attention_head_size': 2, 'learning_rate': 0.03473576320703156}. Best is trial 16 with value: 14.762969017028809.
LOCAL_RANK: 0 - CUDA_VISIBLE_DEVICES: [0]
[I 2023-11-29 23:32:22,854] Trial 26 finished with value: 15.923922538757324 and parameters: {'gradient_clip_val': 0.49517971843376707, 'hidden_size': 60, 'dropout': 0.20920010840534403, 'hidden_continuous_size': 28, 'attention_head_size': 1, 'learning_rate': 0.07135685850836981}. Best is trial 16 with value: 14.762969017028809.
LOCAL_RANK: 0 - CUDA_VISIBLE_DEVICES: [0]
[I 2023-11-29 23:32:36,024] Trial 27 finished with value: 17.503698348999023 and parameters: {'gradient_clip_val': 0.4904969973847057, 'hidden_size': 55, 'dropout': 0.22087935765185399, 'hidden_continuous_size': 27, 'attention_head_size': 1, 'learning_rate': 0.04475742497503018}. Best is trial 16 with value: 14.762969017028809.
LOCAL_RANK: 0 - CUDA_VISIBLE_DEVICES: [0]
[I 2023-11-29 23:32:48,915] Trial 28 finished with value: 17.082429885864258 and parameters: {'gradient_clip_val': 0.6423613648505859, 'hidden_size': 42, 'dropout': 0.1915316256823766, 'hidden_continuous_size': 22, 'attention_head_size': 1, 'learning_rate': 0.02803670623951791}. Best is trial 16 with value: 14.762969017028809.
LOCAL_RANK: 0 - CUDA_VISIBLE_DEVICES: [0]
[I 2023-11-29 23:33:02,060] Trial 29 finished with value: 22.011886596679688 and parameters: {'gradient_clip_val': 0.36488874258607124, 'hidden_size': 61, 'dropout': 0.20907156667950955, 'hidden_continuous_size': 17, 'attention_head_size': 1, 'learning_rate': 0.013999254768336867}. Best is trial 16 with value: 14.762969017028809.
LOCAL_RANK: 0 - CUDA_VISIBLE_DEVICES: [0]
[I 2023-11-29 23:33:14,814] Trial 30 finished with value: 18.272024154663086 and parameters: {'gradient_clip_val': 0.4190603723417328, 'hidden_size': 35, 'dropout': 0.13082742860443622, 'hidden_continuous_size': 21, 'attention_head_size': 1, 'learning_rate': 0.06618854175951132}. Best is trial 16 with value: 14.762969017028809.
LOCAL_RANK: 0 - CUDA_VISIBLE_DEVICES: [0]
