[I 2023-11-30 08:00:51,483] Trial 57 finished with value: 6.8405280113220215 and parameters: {'gradient_clip_val': 0.6673597255043944, 'hidden_size': 132, 'dropout': 0.36470870310268766, 'hidden_continuous_size': 25, 'attention_head_size': 3, 'learning_rate': 0.08239179814246163}. Best is trial 52 with value: 5.81043004989624.
LOCAL_RANK: 0 - CUDA_VISIBLE_DEVICES: [0]
[I 2023-11-30 08:01:05,882] Trial 58 finished with value: 6.37614107131958 and parameters: {'gradient_clip_val': 0.7806626569106065, 'hidden_size': 141, 'dropout': 0.3447339420210144, 'hidden_continuous_size': 30, 'attention_head_size': 3, 'learning_rate': 0.05484447059949953}. Best is trial 52 with value: 5.81043004989624.
LOCAL_RANK: 0 - CUDA_VISIBLE_DEVICES: [0]
[I 2023-11-30 08:01:20,325] Trial 59 finished with value: 7.002274990081787 and parameters: {'gradient_clip_val': 0.7834871355576749, 'hidden_size': 142, 'dropout': 0.3455365922324531, 'hidden_continuous_size': 49, 'attention_head_size': 3, 'learning_rate': 0.06168558969028519}. Best is trial 52 with value: 5.81043004989624.
LOCAL_RANK: 0 - CUDA_VISIBLE_DEVICES: [0]
[I 2023-11-30 08:01:34,925] Trial 60 finished with value: 8.324921607971191 and parameters: {'gradient_clip_val': 0.5734199863453605, 'hidden_size': 150, 'dropout': 0.3043394281700541, 'hidden_continuous_size': 29, 'attention_head_size': 3, 'learning_rate': 0.07939862868795991}. Best is trial 52 with value: 5.81043004989624.
LOCAL_RANK: 0 - CUDA_VISIBLE_DEVICES: [0]
[I 2023-11-30 08:01:49,056] Trial 61 finished with value: 6.426549434661865 and parameters: {'gradient_clip_val': 0.9285930005205895, 'hidden_size': 122, 'dropout': 0.3708951435728571, 'hidden_continuous_size': 32, 'attention_head_size': 3, 'learning_rate': 0.057314806090779005}. Best is trial 52 with value: 5.81043004989624.
LOCAL_RANK: 0 - CUDA_VISIBLE_DEVICES: [0]
[I 2023-11-30 08:02:03,377] Trial 62 finished with value: 6.645561218261719 and parameters: {'gradient_clip_val': 0.9981067995306062, 'hidden_size': 125, 'dropout': 0.35449347507987117, 'hidden_continuous_size': 36, 'attention_head_size': 3, 'learning_rate': 0.055778149409201894}. Best is trial 52 with value: 5.81043004989624.
LOCAL_RANK: 0 - CUDA_VISIBLE_DEVICES: [0]
[I 2023-11-30 08:02:17,412] Trial 63 finished with value: 7.86097526550293 and parameters: {'gradient_clip_val': 0.752353222491186, 'hidden_size': 120, 'dropout': 0.3736471304270955, 'hidden_continuous_size': 31, 'attention_head_size': 3, 'learning_rate': 0.07383326535320628}. Best is trial 52 with value: 5.81043004989624.
LOCAL_RANK: 0 - CUDA_VISIBLE_DEVICES: [0]
[I 2023-11-30 08:02:31,879] Trial 64 finished with value: 7.315502643585205 and parameters: {'gradient_clip_val': 0.9425837671886623, 'hidden_size': 138, 'dropout': 0.3413739338343469, 'hidden_continuous_size': 39, 'attention_head_size': 3, 'learning_rate': 0.0976205309264624}. Best is trial 52 with value: 5.81043004989624.
LOCAL_RANK: 0 - CUDA_VISIBLE_DEVICES: [0]
[I 2023-11-30 08:02:46,032] Trial 65 finished with value: 6.647767543792725 and parameters: {'gradient_clip_val': 0.9221859592629011, 'hidden_size': 106, 'dropout': 0.35629764918156615, 'hidden_continuous_size': 35, 'attention_head_size': 3, 'learning_rate': 0.06167030506749432}. Best is trial 52 with value: 5.81043004989624.
LOCAL_RANK: 0 - CUDA_VISIBLE_DEVICES: [0]
[I 2023-11-30 08:02:59,979] Trial 66 finished with value: 6.5631537437438965 and parameters: {'gradient_clip_val': 0.8020507543435382, 'hidden_size': 90, 'dropout': 0.38842667500048894, 'hidden_continuous_size': 27, 'attention_head_size': 2, 'learning_rate': 0.0851725915228105}. Best is trial 52 with value: 5.81043004989624.
LOCAL_RANK: 0 - CUDA_VISIBLE_DEVICES: [0]
[I 2023-11-30 08:03:14,238] Trial 67 finished with value: 8.985312461853027 and parameters: {'gradient_clip_val': 0.7082802337580077, 'hidden_size': 136, 'dropout': 0.367882984064159, 'hidden_continuous_size': 43, 'attention_head_size': 3, 'learning_rate': 0.05324748755281211}. Best is trial 52 with value: 5.81043004989624.
LOCAL_RANK: 0 - CUDA_VISIBLE_DEVICES: [0]
[I 2023-11-30 08:03:28,284] Trial 68 finished with value: 7.08005952835083 and parameters: {'gradient_clip_val': 0.90626310378375, 'hidden_size': 120, 'dropout': 0.3474193630043837, 'hidden_continuous_size': 31, 'attention_head_size': 3, 'learning_rate': 0.0703128484366881}. Best is trial 52 with value: 5.81043004989624.
LOCAL_RANK: 0 - CUDA_VISIBLE_DEVICES: [0]
[I 2023-11-30 08:03:42,324] Trial 69 finished with value: 8.076810836791992 and parameters: {'gradient_clip_val': 0.6528738353130752, 'hidden_size': 111, 'dropout': 0.3726833644145435, 'hidden_continuous_size': 20, 'attention_head_size': 3, 'learning_rate': 0.06213179888550916}. Best is trial 52 with value: 5.81043004989624.
LOCAL_RANK: 0 - CUDA_VISIBLE_DEVICES: [0]
[I 2023-11-30 08:03:56,418] Trial 70 finished with value: 7.905569553375244 and parameters: {'gradient_clip_val': 0.7932001481218752, 'hidden_size': 140, 'dropout': 0.32288735913249916, 'hidden_continuous_size': 13, 'attention_head_size': 2, 'learning_rate': 0.08924358912728393}. Best is trial 52 with value: 5.81043004989624.
LOCAL_RANK: 0 - CUDA_VISIBLE_DEVICES: [0]
[I 2023-11-30 08:04:10,453] Trial 71 finished with value: 6.570396423339844 and parameters: {'gradient_clip_val': 0.8269729817009409, 'hidden_size': 95, 'dropout': 0.3612539387175993, 'hidden_continuous_size': 28, 'attention_head_size': 3, 'learning_rate': 0.03976506967203607}. Best is trial 52 with value: 5.81043004989624.
LOCAL_RANK: 0 - CUDA_VISIBLE_DEVICES: [0]
[I 2023-11-30 08:04:24,538] Trial 72 finished with value: 6.506679058074951 and parameters: {'gradient_clip_val': 0.9421675938936194, 'hidden_size': 99, 'dropout': 0.3711067402592696, 'hidden_continuous_size': 34, 'attention_head_size': 3, 'learning_rate': 0.04437039539701399}. Best is trial 52 with value: 5.81043004989624.
LOCAL_RANK: 0 - CUDA_VISIBLE_DEVICES: [0]
[I 2023-11-30 08:04:38,459] Trial 73 finished with value: 7.341094970703125 and parameters: {'gradient_clip_val': 0.9460741907891507, 'hidden_size': 87, 'dropout': 0.3906095014344863, 'hidden_continuous_size': 33, 'attention_head_size': 3, 'learning_rate': 0.04728006410453786}. Best is trial 52 with value: 5.81043004989624.
LOCAL_RANK: 0 - CUDA_VISIBLE_DEVICES: [0]
[I 2023-11-30 08:04:52,554] Trial 74 finished with value: 7.729737758636475 and parameters: {'gradient_clip_val': 0.7630946332142176, 'hidden_size': 105, 'dropout': 0.3737283607160244, 'hidden_continuous_size': 34, 'attention_head_size': 3, 'learning_rate': 0.07587464680094667}. Best is trial 52 with value: 5.81043004989624.
LOCAL_RANK: 0 - CUDA_VISIBLE_DEVICES: [0]
[I 2023-11-30 08:05:06,636] Trial 75 finished with value: 7.063865661621094 and parameters: {'gradient_clip_val': 0.9408222213495789, 'hidden_size': 118, 'dropout': 0.35328463918319003, 'hidden_continuous_size': 30, 'attention_head_size': 3, 'learning_rate': 0.03403032082590296}. Best is trial 52 with value: 5.81043004989624.
LOCAL_RANK: 0 - CUDA_VISIBLE_DEVICES: [0]
[I 2023-11-30 08:05:21,382] Trial 76 finished with value: 6.184225559234619 and parameters: {'gradient_clip_val': 0.735158967881772, 'hidden_size': 150, 'dropout': 0.3362906272584385, 'hidden_continuous_size': 38, 'attention_head_size': 3, 'learning_rate': 0.05332263790595071}. Best is trial 52 with value: 5.81043004989624.
LOCAL_RANK: 0 - CUDA_VISIBLE_DEVICES: [0]
[I 2023-11-30 08:05:35,819] Trial 77 finished with value: 7.230781078338623 and parameters: {'gradient_clip_val': 0.7149148283698828, 'hidden_size': 150, 'dropout': 0.3365941694550932, 'hidden_continuous_size': 37, 'attention_head_size': 3, 'learning_rate': 0.05404872383862239}. Best is trial 52 with value: 5.81043004989624.
LOCAL_RANK: 0 - CUDA_VISIBLE_DEVICES: [0]
[I 2023-11-30 08:05:50,017] Trial 78 finished with value: 8.506997108459473 and parameters: {'gradient_clip_val': 0.6245334317005942, 'hidden_size': 128, 'dropout': 0.347869334616836, 'hidden_continuous_size': 41, 'attention_head_size': 3, 'learning_rate': 0.0668997414627872}. Best is trial 52 with value: 5.81043004989624.
LOCAL_RANK: 0 - CUDA_VISIBLE_DEVICES: [0]
[I 2023-11-30 08:06:04,361] Trial 79 finished with value: 7.080041408538818 and parameters: {'gradient_clip_val': 0.652335931855858, 'hidden_size': 139, 'dropout': 0.3370467197124829, 'hidden_continuous_size': 27, 'attention_head_size': 3, 'learning_rate': 0.09696231443118758}. Best is trial 52 with value: 5.81043004989624.
LOCAL_RANK: 0 - CUDA_VISIBLE_DEVICES: [0]
[I 2023-11-30 08:06:18,624] Trial 80 finished with value: 8.54232406616211 and parameters: {'gradient_clip_val': 0.8245087220987615, 'hidden_size': 119, 'dropout': 0.3591175897670467, 'hidden_continuous_size': 38, 'attention_head_size': 3, 'learning_rate': 0.05081663156743611}. Best is trial 52 with value: 5.81043004989624.
LOCAL_RANK: 0 - CUDA_VISIBLE_DEVICES: [0]
[I 2023-11-30 08:06:32,849] Trial 81 finished with value: 7.588864803314209 and parameters: {'gradient_clip_val': 0.8886079652915427, 'hidden_size': 106, 'dropout': 0.3674860436762975, 'hidden_continuous_size': 32, 'attention_head_size': 3, 'learning_rate': 0.043493132833713095}. Best is trial 52 with value: 5.81043004989624.
LOCAL_RANK: 0 - CUDA_VISIBLE_DEVICES: [0]
[I 2023-11-30 08:06:47,093] Trial 82 finished with value: 7.255471706390381 and parameters: {'gradient_clip_val': 0.9915209470551684, 'hidden_size': 130, 'dropout': 0.3795896206641458, 'hidden_continuous_size': 30, 'attention_head_size': 3, 'learning_rate': 0.057863485094231476}. Best is trial 52 with value: 5.81043004989624.
LOCAL_RANK: 0 - CUDA_VISIBLE_DEVICES: [0]
[I 2023-11-30 08:07:01,189] Trial 83 finished with value: 6.690862655639648 and parameters: {'gradient_clip_val': 0.8381409078996276, 'hidden_size': 99, 'dropout': 0.37148175173008363, 'hidden_continuous_size': 34, 'attention_head_size': 3, 'learning_rate': 0.0652416353355349}. Best is trial 52 with value: 5.81043004989624.
LOCAL_RANK: 0 - CUDA_VISIBLE_DEVICES: [0]
[I 2023-11-30 08:07:14,907] Trial 84 finished with value: 7.880809783935547 and parameters: {'gradient_clip_val': 0.7700091735384273, 'hidden_size': 77, 'dropout': 0.3908790778351685, 'hidden_continuous_size': 32, 'attention_head_size': 3, 'learning_rate': 0.0433969053686546}. Best is trial 52 with value: 5.81043004989624.
LOCAL_RANK: 0 - CUDA_VISIBLE_DEVICES: [0]
[I 2023-11-30 08:07:29,254] Trial 85 finished with value: 7.0757927894592285 and parameters: {'gradient_clip_val': 0.9147802948968256, 'hidden_size': 141, 'dropout': 0.35812723097772603, 'hidden_continuous_size': 24, 'attention_head_size': 3, 'learning_rate': 0.07543783727538163}. Best is trial 52 with value: 5.81043004989624.
LOCAL_RANK: 0 - CUDA_VISIBLE_DEVICES: [0]
[I 2023-11-30 08:07:43,548] Trial 86 finished with value: 7.417466640472412 and parameters: {'gradient_clip_val': 0.6890101079455632, 'hidden_size': 116, 'dropout': 0.34911772058566887, 'hidden_continuous_size': 34, 'attention_head_size': 3, 'learning_rate': 0.04912598012381549}. Best is trial 52 with value: 5.81043004989624.
LOCAL_RANK: 0 - CUDA_VISIBLE_DEVICES: [0]
[I 2023-11-30 08:07:57,392] Trial 87 finished with value: 6.53233003616333 and parameters: {'gradient_clip_val': 0.7507382818973215, 'hidden_size': 84, 'dropout': 0.38023725306817774, 'hidden_continuous_size': 37, 'attention_head_size': 3, 'learning_rate': 0.05937667054548168}. Best is trial 52 with value: 5.81043004989624.
LOCAL_RANK: 0 - CUDA_VISIBLE_DEVICES: [0]
[I 2023-11-30 08:08:11,615] Trial 88 finished with value: 7.087128162384033 and parameters: {'gradient_clip_val': 0.8572004782433743, 'hidden_size': 125, 'dropout': 0.3405997020627406, 'hidden_continuous_size': 30, 'attention_head_size': 3, 'learning_rate': 0.06969307882286359}. Best is trial 52 with value: 5.81043004989624.
LOCAL_RANK: 0 - CUDA_VISIBLE_DEVICES: [0]
[I 2023-11-30 08:08:25,763] Trial 89 finished with value: 8.556397438049316 and parameters: {'gradient_clip_val': 0.9973338725266515, 'hidden_size': 109, 'dropout': 0.361807544047846, 'hidden_continuous_size': 36, 'attention_head_size': 3, 'learning_rate': 0.08759282457520973}. Best is trial 52 with value: 5.81043004989624.
LOCAL_RANK: 0 - CUDA_VISIBLE_DEVICES: [0]
[I 2023-11-30 08:08:39,694] Trial 90 finished with value: 8.15616512298584 and parameters: {'gradient_clip_val': 0.5922401745077353, 'hidden_size': 95, 'dropout': 0.32378104064316454, 'hidden_continuous_size': 28, 'attention_head_size': 3, 'learning_rate': 0.03561078587894037}. Best is trial 52 with value: 5.81043004989624.
LOCAL_RANK: 0 - CUDA_VISIBLE_DEVICES: [0]
[I 2023-11-30 08:08:53,764] Trial 91 finished with value: 7.564106464385986 and parameters: {'gradient_clip_val': 0.8225411397285338, 'hidden_size': 100, 'dropout': 0.3663964173126629, 'hidden_continuous_size': 26, 'attention_head_size': 3, 'learning_rate': 0.04163554373396834}. Best is trial 52 with value: 5.81043004989624.
LOCAL_RANK: 0 - CUDA_VISIBLE_DEVICES: [0]
[I 2023-11-30 08:09:08,060] Trial 92 finished with value: 6.635772228240967 and parameters: {'gradient_clip_val': 0.8720710799524394, 'hidden_size': 133, 'dropout': 0.3754841960293739, 'hidden_continuous_size': 22, 'attention_head_size': 3, 'learning_rate': 0.049408438083309}. Best is trial 52 with value: 5.81043004989624.
LOCAL_RANK: 0 - CUDA_VISIBLE_DEVICES: [0]
[I 2023-11-30 08:09:22,346] Trial 93 finished with value: 7.02654504776001 and parameters: {'gradient_clip_val': 0.9132051447849068, 'hidden_size': 114, 'dropout': 0.34993806053596094, 'hidden_continuous_size': 39, 'attention_head_size': 3, 'learning_rate': 0.03883104860082639}. Best is trial 52 with value: 5.81043004989624.
LOCAL_RANK: 0 - CUDA_VISIBLE_DEVICES: [0]
[I 2023-11-30 08:09:36,785] Trial 94 finished with value: 6.386631011962891 and parameters: {'gradient_clip_val': 0.7234050827814105, 'hidden_size': 146, 'dropout': 0.3696107421977731, 'hidden_continuous_size': 24, 'attention_head_size': 3, 'learning_rate': 0.03218283746287602}. Best is trial 52 with value: 5.81043004989624.
LOCAL_RANK: 0 - CUDA_VISIBLE_DEVICES: [0]
[I 2023-11-30 08:09:51,213] Trial 95 finished with value: 6.785669803619385 and parameters: {'gradient_clip_val': 0.7252767946949041, 'hidden_size': 147, 'dropout': 0.38295066242318065, 'hidden_continuous_size': 24, 'attention_head_size': 3, 'learning_rate': 0.03202753875545977}. Best is trial 52 with value: 5.81043004989624.
LOCAL_RANK: 0 - CUDA_VISIBLE_DEVICES: [0]
[I 2023-11-30 08:10:05,541] Trial 96 finished with value: 6.7134552001953125 and parameters: {'gradient_clip_val': 0.6367575777295787, 'hidden_size': 132, 'dropout': 0.35855302854742194, 'hidden_continuous_size': 31, 'attention_head_size': 3, 'learning_rate': 0.059072613708194714}. Best is trial 52 with value: 5.81043004989624.
LOCAL_RANK: 0 - CUDA_VISIBLE_DEVICES: [0]
[I 2023-11-30 08:10:19,722] Trial 97 finished with value: 9.908990859985352 and parameters: {'gradient_clip_val': 0.7937243429694691, 'hidden_size': 123, 'dropout': 0.3427918375251761, 'hidden_continuous_size': 33, 'attention_head_size': 3, 'learning_rate': 0.05145216824452921}. Best is trial 52 with value: 5.81043004989624.
LOCAL_RANK: 0 - CUDA_VISIBLE_DEVICES: [0]
[I 2023-11-30 08:10:34,115] Trial 98 finished with value: 7.0949578285217285 and parameters: {'gradient_clip_val': 0.6857139117218448, 'hidden_size': 142, 'dropout': 0.3925129873018088, 'hidden_continuous_size': 29, 'attention_head_size': 3, 'learning_rate': 0.043693186535052504}. Best is trial 52 with value: 5.81043004989624.
LOCAL_RANK: 0 - CUDA_VISIBLE_DEVICES: [0]
[I 2023-11-30 08:10:48,338] Trial 99 finished with value: 9.3783597946167 and parameters: {'gradient_clip_val': 0.9456775794688879, 'hidden_size': 123, 'dropout': 0.33355268530327475, 'hidden_continuous_size': 35, 'attention_head_size': 3, 'learning_rate': 0.06391599916184786}. Best is trial 52 with value: 5.81043004989624.
LOCAL_RANK: 0 - CUDA_VISIBLE_DEVICES: [0]
[I 2023-11-30 08:11:02,198] Trial 100 finished with value: 7.970165729522705 and parameters: {'gradient_clip_val': 0.7374385291142351, 'hidden_size': 108, 'dropout': 0.36843019891095014, 'hidden_continuous_size': 27, 'attention_head_size': 2, 'learning_rate': 0.05703562486996584}. Best is trial 52 with value: 5.81043004989624.
LOCAL_RANK: 0 - CUDA_VISIBLE_DEVICES: [0]
[I 2023-11-30 08:11:16,917] Trial 101 finished with value: 6.642907619476318 and parameters: {'gradient_clip_val': 0.8506156829513484, 'hidden_size': 150, 'dropout': 0.3531993958891213, 'hidden_continuous_size': 25, 'attention_head_size': 3, 'learning_rate': 0.03714484595774116}. Best is trial 52 with value: 5.81043004989624.
LOCAL_RANK: 0 - CUDA_VISIBLE_DEVICES: [0]
[I 2023-11-30 08:11:31,232] Trial 102 finished with value: 10.371659278869629 and parameters: {'gradient_clip_val': 0.8026456532919382, 'hidden_size': 135, 'dropout': 0.38476970146808426, 'hidden_continuous_size': 23, 'attention_head_size': 3, 'learning_rate': 0.04690304699215525}. Best is trial 52 with value: 5.81043004989624.
LOCAL_RANK: 0 - CUDA_VISIBLE_DEVICES: [0]
[I 2023-11-30 08:11:45,122] Trial 103 finished with value: 7.269126892089844 and parameters: {'gradient_clip_val': 0.8890391550081777, 'hidden_size': 90, 'dropout': 0.36448091123886656, 'hidden_continuous_size': 28, 'attention_head_size': 3, 'learning_rate': 0.07593119962808026}. Best is trial 52 with value: 5.81043004989624.
LOCAL_RANK: 0 - CUDA_VISIBLE_DEVICES: [0]
[I 2023-11-30 08:11:59,323] Trial 104 finished with value: 6.750001907348633 and parameters: {'gradient_clip_val': 0.7575238434281238, 'hidden_size': 114, 'dropout': 0.3718986884979884, 'hidden_continuous_size': 26, 'attention_head_size': 3, 'learning_rate': 0.041569095684856096}. Best is trial 52 with value: 5.81043004989624.
LOCAL_RANK: 0 - CUDA_VISIBLE_DEVICES: [0]
[I 2023-11-30 08:12:13,480] Trial 105 finished with value: 6.478600978851318 and parameters: {'gradient_clip_val': 0.9474776958932022, 'hidden_size': 126, 'dropout': 0.3776568041653149, 'hidden_continuous_size': 32, 'attention_head_size': 3, 'learning_rate': 0.028704772972377755}. Best is trial 52 with value: 5.81043004989624.
LOCAL_RANK: 0 - CUDA_VISIBLE_DEVICES: [0]
[I 2023-11-30 08:12:27,678] Trial 106 finished with value: 8.58360767364502 and parameters: {'gradient_clip_val': 0.9736019678850256, 'hidden_size': 126, 'dropout': 0.3773276390110563, 'hidden_continuous_size': 32, 'attention_head_size': 3, 'learning_rate': 0.03068992508694755}. Best is trial 52 with value: 5.81043004989624.
LOCAL_RANK: 0 - CUDA_VISIBLE_DEVICES: [0]
[I 2023-11-30 08:12:42,245] Trial 107 finished with value: 9.868988990783691 and parameters: {'gradient_clip_val': 0.9380945311704911, 'hidden_size': 143, 'dropout': 0.3955011822469001, 'hidden_continuous_size': 41, 'attention_head_size': 3, 'learning_rate': 0.025994734571428136}. Best is trial 52 with value: 5.81043004989624.
LOCAL_RANK: 0 - CUDA_VISIBLE_DEVICES: [0]
[I 2023-11-30 08:12:56,469] Trial 108 finished with value: 6.864612579345703 and parameters: {'gradient_clip_val': 0.9084533817826721, 'hidden_size': 132, 'dropout': 0.39988814402531075, 'hidden_continuous_size': 35, 'attention_head_size': 3, 'learning_rate': 0.06801389405697192}. Best is trial 52 with value: 5.81043004989624.
LOCAL_RANK: 0 - CUDA_VISIBLE_DEVICES: [0]
[I 2023-11-30 08:13:10,715] Trial 109 finished with value: 7.363527297973633 and parameters: {'gradient_clip_val': 0.8529458039619005, 'hidden_size': 121, 'dropout': 0.3589119136945593, 'hidden_continuous_size': 38, 'attention_head_size': 3, 'learning_rate': 0.053280307399635275}. Best is trial 52 with value: 5.81043004989624.
LOCAL_RANK: 0 - CUDA_VISIBLE_DEVICES: [0]
[I 2023-11-30 08:13:25,155] Trial 110 finished with value: 7.163523197174072 and parameters: {'gradient_clip_val': 0.7967232208338451, 'hidden_size': 142, 'dropout': 0.385907187956735, 'hidden_continuous_size': 43, 'attention_head_size': 3, 'learning_rate': 0.03331068901956413}. Best is trial 52 with value: 5.81043004989624.
LOCAL_RANK: 0 - CUDA_VISIBLE_DEVICES: [0]
[I 2023-11-30 08:13:39,392] Trial 111 finished with value: 6.589929580688477 and parameters: {'gradient_clip_val': 0.8361752002133931, 'hidden_size': 105, 'dropout': 0.36690866699346725, 'hidden_continuous_size': 30, 'attention_head_size': 3, 'learning_rate': 0.03844446490746065}. Best is trial 52 with value: 5.81043004989624.
LOCAL_RANK: 0 - CUDA_VISIBLE_DEVICES: [0]
[I 2023-11-30 08:13:53,567] Trial 112 finished with value: 7.142658710479736 and parameters: {'gradient_clip_val': 0.9633163416196482, 'hidden_size': 101, 'dropout': 0.3423216008839344, 'hidden_continuous_size': 33, 'attention_head_size': 3, 'learning_rate': 0.0464735224390245}. Best is trial 52 with value: 5.81043004989624.
LOCAL_RANK: 0 - CUDA_VISIBLE_DEVICES: [0]
[I 2023-11-30 08:14:07,895] Trial 113 finished with value: 6.219893932342529 and parameters: {'gradient_clip_val': 0.7085335150584123, 'hidden_size': 135, 'dropout': 0.35267801155205214, 'hidden_continuous_size': 25, 'attention_head_size': 3, 'learning_rate': 0.02842463950063148}. Best is trial 52 with value: 5.81043004989624.
LOCAL_RANK: 0 - CUDA_VISIBLE_DEVICES: [0]
[I 2023-11-30 08:14:22,029] Trial 114 finished with value: 12.779143333435059 and parameters: {'gradient_clip_val': 0.7137593634140396, 'hidden_size': 136, 'dropout': 0.35218043877302635, 'hidden_continuous_size': 29, 'attention_head_size': 3, 'learning_rate': 0.03553459354061953}. Best is trial 52 with value: 5.81043004989624.
LOCAL_RANK: 0 - CUDA_VISIBLE_DEVICES: [0]
[I 2023-11-30 08:14:36,008] Trial 115 finished with value: 7.501625061035156 and parameters: {'gradient_clip_val': 0.5522629705513014, 'hidden_size': 116, 'dropout': 0.37642268984559757, 'hidden_continuous_size': 19, 'attention_head_size': 3, 'learning_rate': 0.08825117166207969}. Best is trial 52 with value: 5.81043004989624.
LOCAL_RANK: 0 - CUDA_VISIBLE_DEVICES: [0]
