[I 2023-11-30 12:39:31,255] Trial 85 finished with value: 5.327436923980713 and parameters: {'gradient_clip_val': 0.42911647188713475, 'hidden_size': 81, 'dropout': 0.14108796536806983, 'hidden_continuous_size': 30, 'attention_head_size': 2, 'learning_rate': 0.02719900992325419}. Best is trial 42 with value: 4.332871913909912.
LOCAL_RANK: 0 - CUDA_VISIBLE_DEVICES: [0]
[I 2023-11-30 12:39:44,153] Trial 86 finished with value: 6.057959079742432 and parameters: {'gradient_clip_val': 0.6055973300769361, 'hidden_size': 41, 'dropout': 0.1788061293480242, 'hidden_continuous_size': 23, 'attention_head_size': 2, 'learning_rate': 0.052498689769441935}. Best is trial 42 with value: 4.332871913909912.
LOCAL_RANK: 0 - CUDA_VISIBLE_DEVICES: [0]
[I 2023-11-30 12:39:57,378] Trial 87 finished with value: 4.9098591804504395 and parameters: {'gradient_clip_val': 0.5191254317828389, 'hidden_size': 46, 'dropout': 0.11925278221380269, 'hidden_continuous_size': 25, 'attention_head_size': 2, 'learning_rate': 0.03203958637272621}. Best is trial 42 with value: 4.332871913909912.
LOCAL_RANK: 0 - CUDA_VISIBLE_DEVICES: [0]
[I 2023-11-30 12:40:10,713] Trial 88 finished with value: 6.492244243621826 and parameters: {'gradient_clip_val': 0.4791014074989633, 'hidden_size': 53, 'dropout': 0.16578965802559156, 'hidden_continuous_size': 24, 'attention_head_size': 4, 'learning_rate': 0.08608409820943515}. Best is trial 42 with value: 4.332871913909912.
LOCAL_RANK: 0 - CUDA_VISIBLE_DEVICES: [0]
[I 2023-11-30 12:40:24,306] Trial 89 finished with value: 5.4519877433776855 and parameters: {'gradient_clip_val': 0.5631511316564545, 'hidden_size': 68, 'dropout': 0.12925806802637835, 'hidden_continuous_size': 40, 'attention_head_size': 3, 'learning_rate': 0.02156700205936502}. Best is trial 42 with value: 4.332871913909912.
LOCAL_RANK: 0 - CUDA_VISIBLE_DEVICES: [0]
[I 2023-11-30 12:40:38,407] Trial 90 finished with value: 5.792837142944336 and parameters: {'gradient_clip_val': 0.6425348589315452, 'hidden_size': 108, 'dropout': 0.15847785128707412, 'hidden_continuous_size': 35, 'attention_head_size': 4, 'learning_rate': 0.04544548415040839}. Best is trial 42 with value: 4.332871913909912.
LOCAL_RANK: 0 - CUDA_VISIBLE_DEVICES: [0]
[I 2023-11-30 12:40:52,364] Trial 91 finished with value: 4.749945640563965 and parameters: {'gradient_clip_val': 0.4420409558696276, 'hidden_size': 88, 'dropout': 0.1712174666706238, 'hidden_continuous_size': 44, 'attention_head_size': 2, 'learning_rate': 0.03614725677907791}. Best is trial 42 with value: 4.332871913909912.
LOCAL_RANK: 0 - CUDA_VISIBLE_DEVICES: [0]
[I 2023-11-30 12:41:06,218] Trial 92 finished with value: 5.294216156005859 and parameters: {'gradient_clip_val': 0.4122277299058643, 'hidden_size': 96, 'dropout': 0.13865964935708233, 'hidden_continuous_size': 49, 'attention_head_size': 2, 'learning_rate': 0.03487687271598911}. Best is trial 42 with value: 4.332871913909912.
LOCAL_RANK: 0 - CUDA_VISIBLE_DEVICES: [0]
[I 2023-11-30 12:41:20,021] Trial 93 finished with value: 4.957712650299072 and parameters: {'gradient_clip_val': 0.3845744375047262, 'hidden_size': 72, 'dropout': 0.15030794705758105, 'hidden_continuous_size': 44, 'attention_head_size': 2, 'learning_rate': 0.030041603082275034}. Best is trial 42 with value: 4.332871913909912.
LOCAL_RANK: 0 - CUDA_VISIBLE_DEVICES: [0]
[I 2023-11-30 12:41:33,510] Trial 94 finished with value: 5.363245487213135 and parameters: {'gradient_clip_val': 0.5044373804538177, 'hidden_size': 76, 'dropout': 0.17390524963268786, 'hidden_continuous_size': 31, 'attention_head_size': 2, 'learning_rate': 0.038962814502637076}. Best is trial 42 with value: 4.332871913909912.
LOCAL_RANK: 0 - CUDA_VISIBLE_DEVICES: [0]
[I 2023-11-30 12:41:47,479] Trial 95 finished with value: 5.13173770904541 and parameters: {'gradient_clip_val': 0.4436257865622797, 'hidden_size': 90, 'dropout': 0.19290466581504573, 'hidden_continuous_size': 47, 'attention_head_size': 2, 'learning_rate': 0.05084975587828207}. Best is trial 42 with value: 4.332871913909912.
LOCAL_RANK: 0 - CUDA_VISIBLE_DEVICES: [0]
[I 2023-11-30 12:42:01,408] Trial 96 finished with value: 5.582543849945068 and parameters: {'gradient_clip_val': 0.46407992740526177, 'hidden_size': 81, 'dropout': 0.18360786739465404, 'hidden_continuous_size': 40, 'attention_head_size': 4, 'learning_rate': 0.044321266799505925}. Best is trial 42 with value: 4.332871913909912.
LOCAL_RANK: 0 - CUDA_VISIBLE_DEVICES: [0]
[I 2023-11-30 12:42:15,081] Trial 97 finished with value: 6.819300174713135 and parameters: {'gradient_clip_val': 0.5402277527456361, 'hidden_size': 65, 'dropout': 0.1581795143215156, 'hidden_continuous_size': 29, 'attention_head_size': 3, 'learning_rate': 0.06706808791763627}. Best is trial 42 with value: 4.332871913909912.
LOCAL_RANK: 0 - CUDA_VISIBLE_DEVICES: [0]
[I 2023-11-30 12:42:28,994] Trial 98 finished with value: 5.9189019203186035 and parameters: {'gradient_clip_val': 0.5873642749940261, 'hidden_size': 59, 'dropout': 0.1690204794427975, 'hidden_continuous_size': 41, 'attention_head_size': 4, 'learning_rate': 0.05672675773524729}. Best is trial 42 with value: 4.332871913909912.
LOCAL_RANK: 0 - CUDA_VISIBLE_DEVICES: [0]
[I 2023-11-30 12:42:42,995] Trial 99 finished with value: 5.509291172027588 and parameters: {'gradient_clip_val': 0.6808413434278734, 'hidden_size': 86, 'dropout': 0.20060043269210484, 'hidden_continuous_size': 43, 'attention_head_size': 2, 'learning_rate': 0.03814225234372062}. Best is trial 42 with value: 4.332871913909912.
LOCAL_RANK: 0 - CUDA_VISIBLE_DEVICES: [0]
[I 2023-11-30 12:42:56,825] Trial 100 finished with value: 4.93153190612793 and parameters: {'gradient_clip_val': 0.4155391877753021, 'hidden_size': 75, 'dropout': 0.12547482130915177, 'hidden_continuous_size': 33, 'attention_head_size': 4, 'learning_rate': 0.028924303751262554}. Best is trial 42 with value: 4.332871913909912.
LOCAL_RANK: 0 - CUDA_VISIBLE_DEVICES: [0]
[I 2023-11-30 12:43:10,729] Trial 101 finished with value: 5.679921627044678 and parameters: {'gradient_clip_val': 0.44237811127606813, 'hidden_size': 82, 'dropout': 0.17426816444623505, 'hidden_continuous_size': 42, 'attention_head_size': 2, 'learning_rate': 0.03627812411351593}. Best is trial 42 with value: 4.332871913909912.
LOCAL_RANK: 0 - CUDA_VISIBLE_DEVICES: [0]
[I 2023-11-30 12:43:24,718] Trial 102 finished with value: 6.321595668792725 and parameters: {'gradient_clip_val': 0.4747873174721085, 'hidden_size': 87, 'dropout': 0.14433522302474436, 'hidden_continuous_size': 44, 'attention_head_size': 2, 'learning_rate': 0.034220781893874855}. Best is trial 42 with value: 4.332871913909912.
LOCAL_RANK: 0 - CUDA_VISIBLE_DEVICES: [0]
[I 2023-11-30 12:43:38,599] Trial 103 finished with value: 5.126186370849609 and parameters: {'gradient_clip_val': 0.5232638695555125, 'hidden_size': 70, 'dropout': 0.1652578406642175, 'hidden_continuous_size': 46, 'attention_head_size': 2, 'learning_rate': 0.04117285928288412}. Best is trial 42 with value: 4.332871913909912.
LOCAL_RANK: 0 - CUDA_VISIBLE_DEVICES: [0]
[I 2023-11-30 12:43:52,575] Trial 104 finished with value: 4.561313152313232 and parameters: {'gradient_clip_val': 0.42808313952462634, 'hidden_size': 101, 'dropout': 0.15176083962696063, 'hidden_continuous_size': 49, 'attention_head_size': 2, 'learning_rate': 0.03286753994199256}. Best is trial 42 with value: 4.332871913909912.
LOCAL_RANK: 0 - CUDA_VISIBLE_DEVICES: [0]
[I 2023-11-30 12:44:06,678] Trial 105 finished with value: 4.78059196472168 and parameters: {'gradient_clip_val': 0.48871019192071863, 'hidden_size': 104, 'dropout': 0.15414473793452302, 'hidden_continuous_size': 50, 'attention_head_size': 2, 'learning_rate': 0.0247029525078162}. Best is trial 42 with value: 4.332871913909912.
LOCAL_RANK: 0 - CUDA_VISIBLE_DEVICES: [0]
[I 2023-11-30 12:44:20,860] Trial 106 finished with value: 5.996340274810791 and parameters: {'gradient_clip_val': 0.496786143987214, 'hidden_size': 106, 'dropout': 0.13683006327340863, 'hidden_continuous_size': 37, 'attention_head_size': 4, 'learning_rate': 0.026235106280672087}. Best is trial 42 with value: 4.332871913909912.
LOCAL_RANK: 0 - CUDA_VISIBLE_DEVICES: [0]
[I 2023-11-30 12:44:35,187] Trial 107 finished with value: 6.009066104888916 and parameters: {'gradient_clip_val': 0.5739238762675772, 'hidden_size': 121, 'dropout': 0.15149269960077102, 'hidden_continuous_size': 48, 'attention_head_size': 2, 'learning_rate': 0.031179953098826457}. Best is trial 42 with value: 4.332871913909912.
LOCAL_RANK: 0 - CUDA_VISIBLE_DEVICES: [0]
[I 2023-11-30 12:44:49,426] Trial 108 finished with value: 5.317065715789795 and parameters: {'gradient_clip_val': 0.6001204786792187, 'hidden_size': 102, 'dropout': 0.1582106741966663, 'hidden_continuous_size': 53, 'attention_head_size': 3, 'learning_rate': 0.024983932711580635}. Best is trial 42 with value: 4.332871913909912.
LOCAL_RANK: 0 - CUDA_VISIBLE_DEVICES: [0]
[I 2023-11-30 12:45:02,946] Trial 109 finished with value: 5.576295852661133 and parameters: {'gradient_clip_val': 0.5393148166173257, 'hidden_size': 57, 'dropout': 0.14364092440778195, 'hidden_continuous_size': 26, 'attention_head_size': 4, 'learning_rate': 0.020689946811857426}. Best is trial 42 with value: 4.332871913909912.
LOCAL_RANK: 0 - CUDA_VISIBLE_DEVICES: [0]
[I 2023-11-30 12:45:16,397] Trial 110 finished with value: 5.1873297691345215 and parameters: {'gradient_clip_val': 0.5168927812527077, 'hidden_size': 63, 'dropout': 0.13369828508135143, 'hidden_continuous_size': 27, 'attention_head_size': 1, 'learning_rate': 0.022477134929980633}. Best is trial 42 with value: 4.332871913909912.
LOCAL_RANK: 0 - CUDA_VISIBLE_DEVICES: [0]
[I 2023-11-30 12:45:30,343] Trial 111 finished with value: 5.8622870445251465 and parameters: {'gradient_clip_val': 0.4579813848404693, 'hidden_size': 93, 'dropout': 0.16131219370793576, 'hidden_continuous_size': 49, 'attention_head_size': 2, 'learning_rate': 0.032949633882577344}. Best is trial 42 with value: 4.332871913909912.
LOCAL_RANK: 0 - CUDA_VISIBLE_DEVICES: [0]
[I 2023-11-30 12:45:44,436] Trial 112 finished with value: 5.831324100494385 and parameters: {'gradient_clip_val': 0.42576266640738203, 'hidden_size': 93, 'dropout': 0.1517647496029006, 'hidden_continuous_size': 55, 'attention_head_size': 2, 'learning_rate': 0.043040240706912224}. Best is trial 42 with value: 4.332871913909912.
LOCAL_RANK: 0 - CUDA_VISIBLE_DEVICES: [0]
[I 2023-11-30 12:45:58,374] Trial 113 finished with value: 5.110860347747803 and parameters: {'gradient_clip_val': 0.39737758840160137, 'hidden_size': 96, 'dropout': 0.17979788835528313, 'hidden_continuous_size': 53, 'attention_head_size': 2, 'learning_rate': 0.028372715799056987}. Best is trial 42 with value: 4.332871913909912.
LOCAL_RANK: 0 - CUDA_VISIBLE_DEVICES: [0]
[I 2023-11-30 12:46:12,173] Trial 114 finished with value: 5.041205883026123 and parameters: {'gradient_clip_val': 0.4855377672931587, 'hidden_size': 76, 'dropout': 0.16741451320449727, 'hidden_continuous_size': 51, 'attention_head_size': 2, 'learning_rate': 0.049219737652447436}. Best is trial 42 with value: 4.332871913909912.
LOCAL_RANK: 0 - CUDA_VISIBLE_DEVICES: [0]
[I 2023-11-30 12:46:26,354] Trial 115 finished with value: 4.827728271484375 and parameters: {'gradient_clip_val': 0.36452491613314836, 'hidden_size': 101, 'dropout': 0.19026635187057733, 'hidden_continuous_size': 58, 'attention_head_size': 2, 'learning_rate': 0.017654147079602285}. Best is trial 42 with value: 4.332871913909912.
LOCAL_RANK: 0 - CUDA_VISIBLE_DEVICES: [0]
[I 2023-11-30 12:46:39,800] Trial 116 finished with value: 5.329167366027832 and parameters: {'gradient_clip_val': 0.6343741851514328, 'hidden_size': 67, 'dropout': 0.17473755418653597, 'hidden_continuous_size': 24, 'attention_head_size': 2, 'learning_rate': 0.024650913151001232}. Best is trial 42 with value: 4.332871913909912.
LOCAL_RANK: 0 - CUDA_VISIBLE_DEVICES: [0]
[I 2023-11-30 12:46:53,402] Trial 117 finished with value: 6.030553817749023 and parameters: {'gradient_clip_val': 0.47483420552333844, 'hidden_size': 51, 'dropout': 0.11538803804364565, 'hidden_continuous_size': 26, 'attention_head_size': 4, 'learning_rate': 0.0385812319163498}. Best is trial 42 with value: 4.332871913909912.
LOCAL_RANK: 0 - CUDA_VISIBLE_DEVICES: [0]
[I 2023-11-30 12:47:06,859] Trial 118 finished with value: 4.797832012176514 and parameters: {'gradient_clip_val': 0.5649668042961035, 'hidden_size': 61, 'dropout': 0.18377032092145104, 'hidden_continuous_size': 28, 'attention_head_size': 2, 'learning_rate': 0.060867636391150684}. Best is trial 42 with value: 4.332871913909912.
LOCAL_RANK: 0 - CUDA_VISIBLE_DEVICES: [0]
[I 2023-11-30 12:47:20,925] Trial 119 finished with value: 6.497097015380859 and parameters: {'gradient_clip_val': 0.4399922511421988, 'hidden_size': 115, 'dropout': 0.14920717592380078, 'hidden_continuous_size': 21, 'attention_head_size': 4, 'learning_rate': 0.03344125598701666}. Best is trial 42 with value: 4.332871913909912.
LOCAL_RANK: 0 - CUDA_VISIBLE_DEVICES: [0]
[I 2023-11-30 12:47:33,826] Trial 120 finished with value: 5.533285617828369 and parameters: {'gradient_clip_val': 0.5073783949616886, 'hidden_size': 36, 'dropout': 0.14106195663570864, 'hidden_continuous_size': 35, 'attention_head_size': 4, 'learning_rate': 0.029586881133018886}. Best is trial 42 with value: 4.332871913909912.
LOCAL_RANK: 0 - CUDA_VISIBLE_DEVICES: [0]
[I 2023-11-30 12:47:47,181] Trial 121 finished with value: 5.452744007110596 and parameters: {'gradient_clip_val': 0.5555118255478858, 'hidden_size': 60, 'dropout': 0.18481190474614959, 'hidden_continuous_size': 28, 'attention_head_size': 2, 'learning_rate': 0.059514445156144895}. Best is trial 42 with value: 4.332871913909912.
LOCAL_RANK: 0 - CUDA_VISIBLE_DEVICES: [0]
[I 2023-11-30 12:48:00,701] Trial 122 finished with value: 5.1874775886535645 and parameters: {'gradient_clip_val': 0.5340079899386532, 'hidden_size': 55, 'dropout': 0.16185556703089796, 'hidden_continuous_size': 30, 'attention_head_size': 2, 'learning_rate': 0.04695281349054004}. Best is trial 42 with value: 4.332871913909912.
LOCAL_RANK: 0 - CUDA_VISIBLE_DEVICES: [0]
[I 2023-11-30 12:48:13,998] Trial 123 finished with value: 5.533964157104492 and parameters: {'gradient_clip_val': 0.5622553425007297, 'hidden_size': 64, 'dropout': 0.17045230634274877, 'hidden_continuous_size': 27, 'attention_head_size': 2, 'learning_rate': 0.07504219207770875}. Best is trial 42 with value: 4.332871913909912.
LOCAL_RANK: 0 - CUDA_VISIBLE_DEVICES: [0]
[I 2023-11-30 12:48:27,497] Trial 124 finished with value: 5.1505656242370605 and parameters: {'gradient_clip_val': 0.6049880783351578, 'hidden_size': 72, 'dropout': 0.1797958191687612, 'hidden_continuous_size': 32, 'attention_head_size': 2, 'learning_rate': 0.0547151853421419}. Best is trial 42 with value: 4.332871913909912.
LOCAL_RANK: 0 - CUDA_VISIBLE_DEVICES: [0]
[I 2023-11-30 12:48:40,966] Trial 125 finished with value: 5.916118144989014 and parameters: {'gradient_clip_val': 0.4604151348028903, 'hidden_size': 61, 'dropout': 0.15312848561591016, 'hidden_continuous_size': 28, 'attention_head_size': 2, 'learning_rate': 0.06834445853275985}. Best is trial 42 with value: 4.332871913909912.
LOCAL_RANK: 0 - CUDA_VISIBLE_DEVICES: [0]
[I 2023-11-30 12:48:54,153] Trial 126 finished with value: 4.609217643737793 and parameters: {'gradient_clip_val': 0.7263101820069596, 'hidden_size': 49, 'dropout': 0.12446427641678377, 'hidden_continuous_size': 29, 'attention_head_size': 2, 'learning_rate': 0.04321656634046736}. Best is trial 42 with value: 4.332871913909912.
LOCAL_RANK: 0 - CUDA_VISIBLE_DEVICES: [0]
[I 2023-11-30 12:49:07,460] Trial 127 finished with value: 5.678827285766602 and parameters: {'gradient_clip_val': 0.7973537001194353, 'hidden_size': 46, 'dropout': 0.12230790879927218, 'hidden_continuous_size': 25, 'attention_head_size': 2, 'learning_rate': 0.04341791757978722}. Best is trial 42 with value: 4.332871913909912.
LOCAL_RANK: 0 - CUDA_VISIBLE_DEVICES: [0]
[I 2023-11-30 12:49:20,718] Trial 128 finished with value: 4.997618675231934 and parameters: {'gradient_clip_val': 0.7279699467435558, 'hidden_size': 49, 'dropout': 0.12922946541627203, 'hidden_continuous_size': 31, 'attention_head_size': 4, 'learning_rate': 0.03614306016875013}. Best is trial 42 with value: 4.332871913909912.
LOCAL_RANK: 0 - CUDA_VISIBLE_DEVICES: [0]
[I 2023-11-30 12:49:34,131] Trial 129 finished with value: 5.424258708953857 and parameters: {'gradient_clip_val': 0.4172683328830116, 'hidden_size': 53, 'dropout': 0.10598388614053439, 'hidden_continuous_size': 29, 'attention_head_size': 3, 'learning_rate': 0.03945898002077087}. Best is trial 42 with value: 4.332871913909912.
LOCAL_RANK: 0 - CUDA_VISIBLE_DEVICES: [0]
[I 2023-11-30 12:49:47,708] Trial 130 finished with value: 5.745273590087891 and parameters: {'gradient_clip_val': 0.7691233878235894, 'hidden_size': 68, 'dropout': 0.13646386823785076, 'hidden_continuous_size': 46, 'attention_head_size': 2, 'learning_rate': 0.05093156526357898}. Best is trial 42 with value: 4.332871913909912.
LOCAL_RANK: 0 - CUDA_VISIBLE_DEVICES: [0]
[I 2023-11-30 12:50:01,066] Trial 131 finished with value: 4.712030410766602 and parameters: {'gradient_clip_val': 0.6607250722238287, 'hidden_size': 57, 'dropout': 0.16351488507169412, 'hidden_continuous_size': 29, 'attention_head_size': 2, 'learning_rate': 0.06132382249973007}. Best is trial 42 with value: 4.332871913909912.
LOCAL_RANK: 0 - CUDA_VISIBLE_DEVICES: [0]
[I 2023-11-30 12:50:14,569] Trial 132 finished with value: 5.27750301361084 and parameters: {'gradient_clip_val': 0.6822130804232001, 'hidden_size': 56, 'dropout': 0.15691134487873856, 'hidden_continuous_size': 30, 'attention_head_size': 2, 'learning_rate': 0.011698106669014536}. Best is trial 42 with value: 4.332871913909912.
LOCAL_RANK: 0 - CUDA_VISIBLE_DEVICES: [0]
[I 2023-11-30 12:50:27,407] Trial 133 finished with value: 4.514500141143799 and parameters: {'gradient_clip_val': 0.6523796427698121, 'hidden_size': 44, 'dropout': 0.1453912186731886, 'hidden_continuous_size': 29, 'attention_head_size': 2, 'learning_rate': 0.042872394067221556}. Best is trial 42 with value: 4.332871913909912.
LOCAL_RANK: 0 - CUDA_VISIBLE_DEVICES: [0]
[I 2023-11-30 12:50:40,147] Trial 134 finished with value: 5.671024322509766 and parameters: {'gradient_clip_val': 0.6496201373882096, 'hidden_size': 44, 'dropout': 0.14595647363218572, 'hidden_continuous_size': 29, 'attention_head_size': 2, 'learning_rate': 0.054087594544088034}. Best is trial 42 with value: 4.332871913909912.
LOCAL_RANK: 0 - CUDA_VISIBLE_DEVICES: [0]
[I 2023-11-30 12:50:53,244] Trial 135 finished with value: 5.052679061889648 and parameters: {'gradient_clip_val': 0.7523661156124573, 'hidden_size': 41, 'dropout': 0.1261447778082604, 'hidden_continuous_size': 27, 'attention_head_size': 2, 'learning_rate': 0.04415465106201947}. Best is trial 42 with value: 4.332871913909912.
LOCAL_RANK: 0 - CUDA_VISIBLE_DEVICES: [0]
[I 2023-11-30 12:51:06,326] Trial 136 finished with value: 5.285695552825928 and parameters: {'gradient_clip_val': 0.6929448333234668, 'hidden_size': 52, 'dropout': 0.132306058370578, 'hidden_continuous_size': 31, 'attention_head_size': 2, 'learning_rate': 0.062491718029850214}. Best is trial 42 with value: 4.332871913909912.
LOCAL_RANK: 0 - CUDA_VISIBLE_DEVICES: [0]
[I 2023-11-30 12:51:19,601] Trial 137 finished with value: 5.858678340911865 and parameters: {'gradient_clip_val': 0.7158458855627938, 'hidden_size': 48, 'dropout': 0.11362646532329249, 'hidden_continuous_size': 26, 'attention_head_size': 4, 'learning_rate': 0.08023490802474846}. Best is trial 42 with value: 4.332871913909912.
LOCAL_RANK: 0 - CUDA_VISIBLE_DEVICES: [0]
[I 2023-11-30 12:51:32,476] Trial 138 finished with value: 5.44094705581665 and parameters: {'gradient_clip_val': 0.6261952488993701, 'hidden_size': 40, 'dropout': 0.14132432451426627, 'hidden_continuous_size': 29, 'attention_head_size': 3, 'learning_rate': 0.09080638395224584}. Best is trial 42 with value: 4.332871913909912.
LOCAL_RANK: 0 - CUDA_VISIBLE_DEVICES: [0]
[I 2023-11-30 12:51:45,629] Trial 139 finished with value: 5.440980434417725 and parameters: {'gradient_clip_val': 0.6533922585744296, 'hidden_size': 50, 'dropout': 0.1630821613066266, 'hidden_continuous_size': 28, 'attention_head_size': 2, 'learning_rate': 0.04782814331133984}. Best is trial 42 with value: 4.332871913909912.
LOCAL_RANK: 0 - CUDA_VISIBLE_DEVICES: [0]
[I 2023-11-30 12:51:58,919] Trial 140 finished with value: 5.100725173950195 and parameters: {'gradient_clip_val': 0.5859078139415944, 'hidden_size': 39, 'dropout': 0.1529153643505815, 'hidden_continuous_size': 38, 'attention_head_size': 4, 'learning_rate': 0.041204457182001254}. Best is trial 42 with value: 4.332871913909912.
LOCAL_RANK: 0 - CUDA_VISIBLE_DEVICES: [0]
[I 2023-11-30 12:52:11,987] Trial 141 finished with value: 5.251819133758545 and parameters: {'gradient_clip_val': 0.49003702076732397, 'hidden_size': 44, 'dropout': 0.16648116492758647, 'hidden_continuous_size': 42, 'attention_head_size': 2, 'learning_rate': 0.03116965714560297}. Best is trial 42 with value: 4.332871913909912.
LOCAL_RANK: 0 - CUDA_VISIBLE_DEVICES: [0]
[I 2023-11-30 12:52:25,781] Trial 142 finished with value: 5.0424065589904785 and parameters: {'gradient_clip_val': 0.6746896771260178, 'hidden_size': 58, 'dropout': 0.17318172707133844, 'hidden_continuous_size': 34, 'attention_head_size': 2, 'learning_rate': 0.03556086467706543}. Best is trial 42 with value: 4.332871913909912.
LOCAL_RANK: 0 - CUDA_VISIBLE_DEVICES: [0]
[I 2023-11-30 12:52:39,467] Trial 143 finished with value: 4.829452991485596 and parameters: {'gradient_clip_val': 0.721880004841996, 'hidden_size': 84, 'dropout': 0.14818612147783355, 'hidden_continuous_size': 33, 'attention_head_size': 2, 'learning_rate': 0.02684201029925478}. Best is trial 42 with value: 4.332871913909912.
LOCAL_RANK: 0 - CUDA_VISIBLE_DEVICES: [0]
