[I 2023-11-30 04:22:46,275] Trial 114 finished with value: 50.77145767211914 and parameters: {'gradient_clip_val': 0.19201144302971215, 'hidden_size': 89, 'dropout': 0.3814738015991886, 'hidden_continuous_size': 37, 'attention_head_size': 4, 'learning_rate': 0.013537990459756557}. Best is trial 38 with value: 48.91152572631836.
LOCAL_RANK: 0 - CUDA_VISIBLE_DEVICES: [0]
[I 2023-11-30 04:23:00,022] Trial 115 finished with value: 54.797420501708984 and parameters: {'gradient_clip_val': 0.18954339140988083, 'hidden_size': 89, 'dropout': 0.389994875881713, 'hidden_continuous_size': 32, 'attention_head_size': 4, 'learning_rate': 0.01317810613247143}. Best is trial 38 with value: 48.91152572631836.
LOCAL_RANK: 0 - CUDA_VISIBLE_DEVICES: [0]
[I 2023-11-30 04:23:14,168] Trial 116 finished with value: 57.57894515991211 and parameters: {'gradient_clip_val': 0.1814951090398128, 'hidden_size': 112, 'dropout': 0.3507366439666538, 'hidden_continuous_size': 38, 'attention_head_size': 4, 'learning_rate': 0.01607626855425272}. Best is trial 38 with value: 48.91152572631836.
LOCAL_RANK: 0 - CUDA_VISIBLE_DEVICES: [0]
[I 2023-11-30 04:23:28,510] Trial 117 finished with value: 56.89353561401367 and parameters: {'gradient_clip_val': 0.20590413492574833, 'hidden_size': 124, 'dropout': 0.3608432098748781, 'hidden_continuous_size': 49, 'attention_head_size': 4, 'learning_rate': 0.014258531540276856}. Best is trial 38 with value: 48.91152572631836.
LOCAL_RANK: 0 - CUDA_VISIBLE_DEVICES: [0]
[I 2023-11-30 04:23:42,087] Trial 118 finished with value: 52.825042724609375 and parameters: {'gradient_clip_val': 0.1500935521573431, 'hidden_size': 83, 'dropout': 0.37658904844351526, 'hidden_continuous_size': 27, 'attention_head_size': 2, 'learning_rate': 0.008266835352257848}. Best is trial 38 with value: 48.91152572631836.
LOCAL_RANK: 0 - CUDA_VISIBLE_DEVICES: [0]
[I 2023-11-30 04:23:56,341] Trial 119 finished with value: 54.29915237426758 and parameters: {'gradient_clip_val': 0.19564511484654384, 'hidden_size': 94, 'dropout': 0.2599870583292602, 'hidden_continuous_size': 40, 'attention_head_size': 3, 'learning_rate': 0.021515201496268246}. Best is trial 38 with value: 48.91152572631836.
LOCAL_RANK: 0 - CUDA_VISIBLE_DEVICES: [0]
[I 2023-11-30 04:24:10,368] Trial 120 finished with value: 55.93487548828125 and parameters: {'gradient_clip_val': 0.14089689223907867, 'hidden_size': 87, 'dropout': 0.39445177688830213, 'hidden_continuous_size': 42, 'attention_head_size': 4, 'learning_rate': 0.006904689068491817}. Best is trial 38 with value: 48.91152572631836.
LOCAL_RANK: 0 - CUDA_VISIBLE_DEVICES: [0]
[I 2023-11-30 04:24:24,456] Trial 121 finished with value: 54.26094436645508 and parameters: {'gradient_clip_val': 0.16101390480137265, 'hidden_size': 103, 'dropout': 0.38246572337471163, 'hidden_continuous_size': 35, 'attention_head_size': 4, 'learning_rate': 0.01000700584834611}. Best is trial 38 with value: 48.91152572631836.
LOCAL_RANK: 0 - CUDA_VISIBLE_DEVICES: [0]
[I 2023-11-30 04:24:38,675] Trial 122 finished with value: 50.70563888549805 and parameters: {'gradient_clip_val': 0.16742081240817966, 'hidden_size': 114, 'dropout': 0.3683984427382634, 'hidden_continuous_size': 37, 'attention_head_size': 4, 'learning_rate': 0.01234804606225941}. Best is trial 38 with value: 48.91152572631836.
LOCAL_RANK: 0 - CUDA_VISIBLE_DEVICES: [0]
[I 2023-11-30 04:24:52,965] Trial 123 finished with value: 48.98161697387695 and parameters: {'gradient_clip_val': 0.1800375419207212, 'hidden_size': 118, 'dropout': 0.36971720954176707, 'hidden_continuous_size': 37, 'attention_head_size': 4, 'learning_rate': 0.018297923839688663}. Best is trial 38 with value: 48.91152572631836.
LOCAL_RANK: 0 - CUDA_VISIBLE_DEVICES: [0]
[I 2023-11-30 04:25:07,472] Trial 124 finished with value: 57.24686050415039 and parameters: {'gradient_clip_val': 0.1796163116128684, 'hidden_size': 119, 'dropout': 0.3656542008570196, 'hidden_continuous_size': 37, 'attention_head_size': 4, 'learning_rate': 0.01787041757838234}. Best is trial 38 with value: 48.91152572631836.
LOCAL_RANK: 0 - CUDA_VISIBLE_DEVICES: [0]
[I 2023-11-30 04:25:21,878] Trial 125 finished with value: 52.000186920166016 and parameters: {'gradient_clip_val': 0.1868143875234664, 'hidden_size': 134, 'dropout': 0.35509897010241737, 'hidden_continuous_size': 45, 'attention_head_size': 4, 'learning_rate': 0.01929447598035901}. Best is trial 38 with value: 48.91152572631836.
LOCAL_RANK: 0 - CUDA_VISIBLE_DEVICES: [0]
[I 2023-11-30 04:25:35,954] Trial 126 finished with value: 52.73514938354492 and parameters: {'gradient_clip_val': 0.15468849929471631, 'hidden_size': 114, 'dropout': 0.36897795581893517, 'hidden_continuous_size': 34, 'attention_head_size': 4, 'learning_rate': 0.013229377692779683}. Best is trial 38 with value: 48.91152572631836.
LOCAL_RANK: 0 - CUDA_VISIBLE_DEVICES: [0]
[I 2023-11-30 04:25:50,192] Trial 127 finished with value: 54.55987548828125 and parameters: {'gradient_clip_val': 0.17259113164422266, 'hidden_size': 127, 'dropout': 0.33148674847486354, 'hidden_continuous_size': 52, 'attention_head_size': 1, 'learning_rate': 0.016467262704826922}. Best is trial 38 with value: 48.91152572631836.
LOCAL_RANK: 0 - CUDA_VISIBLE_DEVICES: [0]
[I 2023-11-30 04:26:04,365] Trial 128 finished with value: 51.608028411865234 and parameters: {'gradient_clip_val': 0.21895708626837818, 'hidden_size': 96, 'dropout': 0.3420715135523484, 'hidden_continuous_size': 42, 'attention_head_size': 4, 'learning_rate': 0.014846609451150145}. Best is trial 38 with value: 48.91152572631836.
LOCAL_RANK: 0 - CUDA_VISIBLE_DEVICES: [0]
[I 2023-11-30 04:26:18,866] Trial 129 finished with value: 55.332061767578125 and parameters: {'gradient_clip_val': 0.14660286839140554, 'hidden_size': 149, 'dropout': 0.35736634183645977, 'hidden_continuous_size': 47, 'attention_head_size': 4, 'learning_rate': 0.011917075124207187}. Best is trial 38 with value: 48.91152572631836.
LOCAL_RANK: 0 - CUDA_VISIBLE_DEVICES: [0]
[I 2023-11-30 04:26:33,040] Trial 130 finished with value: 51.87290573120117 and parameters: {'gradient_clip_val': 0.13261889607175034, 'hidden_size': 110, 'dropout': 0.28994350187784257, 'hidden_continuous_size': 38, 'attention_head_size': 4, 'learning_rate': 0.021924429671500316}. Best is trial 38 with value: 48.91152572631836.
LOCAL_RANK: 0 - CUDA_VISIBLE_DEVICES: [0]
[I 2023-11-30 04:26:47,161] Trial 131 finished with value: 54.45747375488281 and parameters: {'gradient_clip_val': 0.16723878811530754, 'hidden_size': 116, 'dropout': 0.3730259866515886, 'hidden_continuous_size': 30, 'attention_head_size': 4, 'learning_rate': 0.009010991424007596}. Best is trial 38 with value: 48.91152572631836.
LOCAL_RANK: 0 - CUDA_VISIBLE_DEVICES: [0]
[I 2023-11-30 04:27:01,371] Trial 132 finished with value: 54.25297164916992 and parameters: {'gradient_clip_val': 0.1600905075863839, 'hidden_size': 105, 'dropout': 0.38726686523286724, 'hidden_continuous_size': 33, 'attention_head_size': 4, 'learning_rate': 0.012867766186331848}. Best is trial 38 with value: 48.91152572631836.
LOCAL_RANK: 0 - CUDA_VISIBLE_DEVICES: [0]
[I 2023-11-30 04:27:15,128] Trial 133 finished with value: 52.98661422729492 and parameters: {'gradient_clip_val': 0.19473128828365827, 'hidden_size': 92, 'dropout': 0.3778994145829058, 'hidden_continuous_size': 31, 'attention_head_size': 4, 'learning_rate': 0.011067870586326042}. Best is trial 38 with value: 48.91152572631836.
LOCAL_RANK: 0 - CUDA_VISIBLE_DEVICES: [0]
[I 2023-11-30 04:27:29,610] Trial 134 finished with value: 52.79874038696289 and parameters: {'gradient_clip_val': 0.1766178584009632, 'hidden_size': 121, 'dropout': 0.36716223697215583, 'hidden_continuous_size': 40, 'attention_head_size': 4, 'learning_rate': 0.01867007413612795}. Best is trial 38 with value: 48.91152572631836.
LOCAL_RANK: 0 - CUDA_VISIBLE_DEVICES: [0]
[I 2023-11-30 04:27:43,519] Trial 135 finished with value: 50.4319953918457 and parameters: {'gradient_clip_val': 0.15333379681625467, 'hidden_size': 99, 'dropout': 0.3996813141072907, 'hidden_continuous_size': 29, 'attention_head_size': 4, 'learning_rate': 0.014275466810975858}. Best is trial 38 with value: 48.91152572631836.
LOCAL_RANK: 0 - CUDA_VISIBLE_DEVICES: [0]
[I 2023-11-30 04:27:57,644] Trial 136 finished with value: 49.60819625854492 and parameters: {'gradient_clip_val': 0.1382908800640838, 'hidden_size': 98, 'dropout': 0.39914997712814904, 'hidden_continuous_size': 36, 'attention_head_size': 4, 'learning_rate': 0.016444347270361297}. Best is trial 38 with value: 48.91152572631836.
LOCAL_RANK: 0 - CUDA_VISIBLE_DEVICES: [0]
[I 2023-11-30 04:28:11,431] Trial 137 finished with value: 50.9307975769043 and parameters: {'gradient_clip_val': 0.1255566995436008, 'hidden_size': 81, 'dropout': 0.39975398098109477, 'hidden_continuous_size': 32, 'attention_head_size': 4, 'learning_rate': 0.017260416826198277}. Best is trial 38 with value: 48.91152572631836.
LOCAL_RANK: 0 - CUDA_VISIBLE_DEVICES: [0]
[I 2023-11-30 04:28:25,320] Trial 138 finished with value: 50.80226135253906 and parameters: {'gradient_clip_val': 0.13939997042125715, 'hidden_size': 74, 'dropout': 0.3940583774947285, 'hidden_continuous_size': 37, 'attention_head_size': 4, 'learning_rate': 0.025691705756445988}. Best is trial 38 with value: 48.91152572631836.
LOCAL_RANK: 0 - CUDA_VISIBLE_DEVICES: [0]
[I 2023-11-30 04:28:39,233] Trial 139 finished with value: 53.76133346557617 and parameters: {'gradient_clip_val': 0.13137156477580955, 'hidden_size': 68, 'dropout': 0.39403746437673626, 'hidden_continuous_size': 39, 'attention_head_size': 4, 'learning_rate': 0.02295943348132867}. Best is trial 38 with value: 48.91152572631836.
LOCAL_RANK: 0 - CUDA_VISIBLE_DEVICES: [0]
[I 2023-11-30 04:28:53,013] Trial 140 finished with value: 54.82566452026367 and parameters: {'gradient_clip_val': 0.13923605579427534, 'hidden_size': 62, 'dropout': 0.3999174374314246, 'hidden_continuous_size': 35, 'attention_head_size': 4, 'learning_rate': 0.02866481299538391}. Best is trial 38 with value: 48.91152572631836.
LOCAL_RANK: 0 - CUDA_VISIBLE_DEVICES: [0]
[I 2023-11-30 04:29:06,792] Trial 141 finished with value: 53.502803802490234 and parameters: {'gradient_clip_val': 0.15232852349500242, 'hidden_size': 74, 'dropout': 0.38758018885032613, 'hidden_continuous_size': 41, 'attention_head_size': 4, 'learning_rate': 0.020730120131091642}. Best is trial 38 with value: 48.91152572631836.
LOCAL_RANK: 0 - CUDA_VISIBLE_DEVICES: [0]
[I 2023-11-30 04:29:20,635] Trial 142 finished with value: 53.052032470703125 and parameters: {'gradient_clip_val': 0.14602447855969308, 'hidden_size': 71, 'dropout': 0.39151581783130834, 'hidden_continuous_size': 37, 'attention_head_size': 4, 'learning_rate': 0.01525169225201594}. Best is trial 38 with value: 48.91152572631836.
LOCAL_RANK: 0 - CUDA_VISIBLE_DEVICES: [0]
[I 2023-11-30 04:29:34,468] Trial 143 finished with value: 53.86381912231445 and parameters: {'gradient_clip_val': 0.13879837250151825, 'hidden_size': 77, 'dropout': 0.38367667928344223, 'hidden_continuous_size': 33, 'attention_head_size': 4, 'learning_rate': 0.025556112526835553}. Best is trial 38 with value: 48.91152572631836.
LOCAL_RANK: 0 - CUDA_VISIBLE_DEVICES: [0]
[I 2023-11-30 04:29:48,488] Trial 144 finished with value: 53.685489654541016 and parameters: {'gradient_clip_val': 0.12205122377626472, 'hidden_size': 88, 'dropout': 0.3940275137342861, 'hidden_continuous_size': 43, 'attention_head_size': 2, 'learning_rate': 0.01886297257374703}. Best is trial 38 with value: 48.91152572631836.
LOCAL_RANK: 0 - CUDA_VISIBLE_DEVICES: [0]
[I 2023-11-30 04:30:02,594] Trial 145 finished with value: 54.914947509765625 and parameters: {'gradient_clip_val': 0.15533178503602826, 'hidden_size': 99, 'dropout': 0.3789497449515506, 'hidden_continuous_size': 45, 'attention_head_size': 4, 'learning_rate': 0.014260393243478716}. Best is trial 38 with value: 48.91152572631836.
LOCAL_RANK: 0 - CUDA_VISIBLE_DEVICES: [0]
[I 2023-11-30 04:30:16,716] Trial 146 finished with value: 57.69282150268555 and parameters: {'gradient_clip_val': 0.1287492654822693, 'hidden_size': 98, 'dropout': 0.3861286812978954, 'hidden_continuous_size': 38, 'attention_head_size': 4, 'learning_rate': 0.0163375467702009}. Best is trial 38 with value: 48.91152572631836.
LOCAL_RANK: 0 - CUDA_VISIBLE_DEVICES: [0]
[I 2023-11-30 04:30:30,558] Trial 147 finished with value: 50.89958572387695 and parameters: {'gradient_clip_val': 0.14470092126762507, 'hidden_size': 84, 'dropout': 0.3735413850421455, 'hidden_continuous_size': 28, 'attention_head_size': 4, 'learning_rate': 0.013560047848069624}. Best is trial 38 with value: 48.91152572631836.
LOCAL_RANK: 0 - CUDA_VISIBLE_DEVICES: [0]
[I 2023-11-30 04:30:44,440] Trial 148 finished with value: 55.64982223510742 and parameters: {'gradient_clip_val': 0.13631984368372813, 'hidden_size': 92, 'dropout': 0.3728771945398414, 'hidden_continuous_size': 29, 'attention_head_size': 4, 'learning_rate': 0.012011808850082817}. Best is trial 38 with value: 48.91152572631836.
LOCAL_RANK: 0 - CUDA_VISIBLE_DEVICES: [0]
[I 2023-11-30 04:30:58,510] Trial 149 finished with value: 54.51493453979492 and parameters: {'gradient_clip_val': 0.14456811997199878, 'hidden_size': 85, 'dropout': 0.3822946424033005, 'hidden_continuous_size': 28, 'attention_head_size': 4, 'learning_rate': 0.013608812156557295}. Best is trial 38 with value: 48.91152572631836.
[I 2023-11-30 04:30:58,640] A new study created in memory with name: no-name-e7013508-b6db-4ae4-9c30-a6f552081f43
/home/le004/conda/anaconda3/envs/tsff_env/lib/python3.9/site-packages/lightning/fabric/plugins/environments/slurm.py:191: The `srun` command is available on your system but is not used. HINT: If your intention is to run Lightning on SLURM, prepend your python command with `srun` like so: srun python /home/le004/master_thesis/git/TSFusionForecast/code/ ...
LOCAL_RANK: 0 - CUDA_VISIBLE_DEVICES: [0]
[I 2023-11-30 04:31:13,013] Trial 0 finished with value: 7.803330898284912 and parameters: {'gradient_clip_val': 0.2778611075459036, 'hidden_size': 146, 'dropout': 0.3342174512744268, 'hidden_continuous_size': 34, 'attention_head_size': 2, 'learning_rate': 0.03454064641364809}. Best is trial 0 with value: 7.803330898284912.
LOCAL_RANK: 0 - CUDA_VISIBLE_DEVICES: [0]
[I 2023-11-30 04:31:23,351] Trial 1 finished with value: 6.417600154876709 and parameters: {'gradient_clip_val': 0.45217793086588454, 'hidden_size': 10, 'dropout': 0.37003714497299456, 'hidden_continuous_size': 10, 'attention_head_size': 3, 'learning_rate': 0.0571984252412091}. Best is trial 1 with value: 6.417600154876709.
LOCAL_RANK: 0 - CUDA_VISIBLE_DEVICES: [0]
[I 2023-11-30 04:31:37,295] Trial 2 finished with value: 6.9776434898376465 and parameters: {'gradient_clip_val': 0.578245863125491, 'hidden_size': 93, 'dropout': 0.38943591293691426, 'hidden_continuous_size': 33, 'attention_head_size': 3, 'learning_rate': 0.001545755786538505}. Best is trial 1 with value: 6.417600154876709.
LOCAL_RANK: 0 - CUDA_VISIBLE_DEVICES: [0]
[I 2023-11-30 04:31:51,175] Trial 3 finished with value: 7.798904895782471 and parameters: {'gradient_clip_val': 0.5129289515282595, 'hidden_size': 102, 'dropout': 0.15679016321355616, 'hidden_continuous_size': 15, 'attention_head_size': 4, 'learning_rate': 0.05107984271686394}. Best is trial 1 with value: 6.417600154876709.
LOCAL_RANK: 0 - CUDA_VISIBLE_DEVICES: [0]
[I 2023-11-30 04:32:03,958] Trial 4 finished with value: 7.945252895355225 and parameters: {'gradient_clip_val': 0.4931835255549194, 'hidden_size': 44, 'dropout': 0.2030176453979206, 'hidden_continuous_size': 12, 'attention_head_size': 2, 'learning_rate': 0.005663930175294121}. Best is trial 1 with value: 6.417600154876709.
LOCAL_RANK: 0 - CUDA_VISIBLE_DEVICES: [0]
[I 2023-11-30 04:32:16,218] Trial 5 finished with value: 7.773475646972656 and parameters: {'gradient_clip_val': 0.16425365852855048, 'hidden_size': 19, 'dropout': 0.19253024231857366, 'hidden_continuous_size': 17, 'attention_head_size': 1, 'learning_rate': 0.010520847878846223}. Best is trial 1 with value: 6.417600154876709.
LOCAL_RANK: 0 - CUDA_VISIBLE_DEVICES: [0]
[I 2023-11-30 04:32:26,824] Trial 6 finished with value: 5.6890411376953125 and parameters: {'gradient_clip_val': 0.19532081736493184, 'hidden_size': 20, 'dropout': 0.16231981969861659, 'hidden_continuous_size': 20, 'attention_head_size': 4, 'learning_rate': 0.029022896334785327}. Best is trial 6 with value: 5.6890411376953125.
LOCAL_RANK: 0 - CUDA_VISIBLE_DEVICES: [0]
[I 2023-11-30 04:32:40,723] Trial 7 finished with value: 6.925889492034912 and parameters: {'gradient_clip_val': 0.29557906902534875, 'hidden_size': 96, 'dropout': 0.18928307464653865, 'hidden_continuous_size': 35, 'attention_head_size': 3, 'learning_rate': 0.003886151055102028}. Best is trial 6 with value: 5.6890411376953125.
LOCAL_RANK: 0 - CUDA_VISIBLE_DEVICES: [0]
[I 2023-11-30 04:32:55,273] Trial 8 finished with value: 8.627413749694824 and parameters: {'gradient_clip_val': 0.1351247842047437, 'hidden_size': 149, 'dropout': 0.24041162202228045, 'hidden_continuous_size': 39, 'attention_head_size': 3, 'learning_rate': 0.0010760680984645214}. Best is trial 6 with value: 5.6890411376953125.
LOCAL_RANK: 0 - CUDA_VISIBLE_DEVICES: [0]
[I 2023-11-30 04:33:08,245] Trial 9 finished with value: 6.324049472808838 and parameters: {'gradient_clip_val': 0.6982046150538739, 'hidden_size': 33, 'dropout': 0.3580640978990425, 'hidden_continuous_size': 15, 'attention_head_size': 3, 'learning_rate': 0.010160042271153991}. Best is trial 6 with value: 5.6890411376953125.
LOCAL_RANK: 0 - CUDA_VISIBLE_DEVICES: [0]
[I 2023-11-30 04:33:18,713] Trial 10 finished with value: 8.943435668945312 and parameters: {'gradient_clip_val': 0.10495616141359086, 'hidden_size': 10, 'dropout': 0.10495621026387217, 'hidden_continuous_size': 10, 'attention_head_size': 4, 'learning_rate': 0.02279501159637855}. Best is trial 6 with value: 5.6890411376953125.
LOCAL_RANK: 0 - CUDA_VISIBLE_DEVICES: [0]
[I 2023-11-30 04:33:31,698] Trial 11 finished with value: 6.519106388092041 and parameters: {'gradient_clip_val': 0.978961224208978, 'hidden_size': 30, 'dropout': 0.29429585635160865, 'hidden_continuous_size': 22, 'attention_head_size': 4, 'learning_rate': 0.01805666480316158}. Best is trial 6 with value: 5.6890411376953125.
LOCAL_RANK: 0 - CUDA_VISIBLE_DEVICES: [0]
[I 2023-11-30 04:33:44,355] Trial 12 finished with value: 4.920682907104492 and parameters: {'gradient_clip_val': 0.2314496648424272, 'hidden_size': 26, 'dropout': 0.2823373626612368, 'hidden_continuous_size': 17, 'attention_head_size': 4, 'learning_rate': 0.08715570440237734}. Best is trial 12 with value: 4.920682907104492.
LOCAL_RANK: 0 - CUDA_VISIBLE_DEVICES: [0]
[I 2023-11-30 04:33:56,841] Trial 13 finished with value: 6.419744968414307 and parameters: {'gradient_clip_val': 0.2148574118608584, 'hidden_size': 18, 'dropout': 0.28049700663872895, 'hidden_continuous_size': 17, 'attention_head_size': 4, 'learning_rate': 0.08861814356396797}. Best is trial 12 with value: 4.920682907104492.
LOCAL_RANK: 0 - CUDA_VISIBLE_DEVICES: [0]
[I 2023-11-30 04:34:09,681] Trial 14 finished with value: 6.640138626098633 and parameters: {'gradient_clip_val': 0.20949031006051438, 'hidden_size': 21, 'dropout': 0.24536403214203933, 'hidden_continuous_size': 18, 'attention_head_size': 4, 'learning_rate': 0.08557683646779884}. Best is trial 12 with value: 4.920682907104492.
LOCAL_RANK: 0 - CUDA_VISIBLE_DEVICES: [0]
[I 2023-11-30 04:34:22,659] Trial 15 finished with value: 5.95261812210083 and parameters: {'gradient_clip_val': 0.33917913952630446, 'hidden_size': 47, 'dropout': 0.32684333869176097, 'hidden_continuous_size': 23, 'attention_head_size': 1, 'learning_rate': 0.03873126820989292}. Best is trial 12 with value: 4.920682907104492.
LOCAL_RANK: 0 - CUDA_VISIBLE_DEVICES: [0]
[I 2023-11-30 04:34:35,065] Trial 16 finished with value: 7.049310207366943 and parameters: {'gradient_clip_val': 0.19554082335297512, 'hidden_size': 14, 'dropout': 0.27838464009807407, 'hidden_continuous_size': 11, 'attention_head_size': 4, 'learning_rate': 0.09115575173377789}. Best is trial 12 with value: 4.920682907104492.
LOCAL_RANK: 0 - CUDA_VISIBLE_DEVICES: [0]
[I 2023-11-30 04:34:47,373] Trial 17 finished with value: 6.088716983795166 and parameters: {'gradient_clip_val': 0.14835209211461353, 'hidden_size': 26, 'dropout': 0.10434441895236435, 'hidden_continuous_size': 13, 'attention_head_size': 2, 'learning_rate': 0.022155107272703298}. Best is trial 12 with value: 4.920682907104492.
LOCAL_RANK: 0 - CUDA_VISIBLE_DEVICES: [0]
[I 2023-11-30 04:35:00,374] Trial 18 finished with value: 6.211995601654053 and parameters: {'gradient_clip_val': 0.25279443968715526, 'hidden_size': 40, 'dropout': 0.22493540878521398, 'hidden_continuous_size': 22, 'attention_head_size': 4, 'learning_rate': 0.04665759636055942}. Best is trial 12 with value: 4.920682907104492.
LOCAL_RANK: 0 - CUDA_VISIBLE_DEVICES: [0]
[I 2023-11-30 04:35:12,825] Trial 19 finished with value: 5.9077606201171875 and parameters: {'gradient_clip_val': 0.3401847001182821, 'hidden_size': 26, 'dropout': 0.2662470450540436, 'hidden_continuous_size': 19, 'attention_head_size': 3, 'learning_rate': 0.031948385876016325}. Best is trial 12 with value: 4.920682907104492.
LOCAL_RANK: 0 - CUDA_VISIBLE_DEVICES: [0]
[I 2023-11-30 04:35:25,116] Trial 20 finished with value: 6.00263786315918 and parameters: {'gradient_clip_val': 0.18075654331132737, 'hidden_size': 14, 'dropout': 0.30388935673828993, 'hidden_continuous_size': 10, 'attention_head_size': 4, 'learning_rate': 0.06537261713167271}. Best is trial 12 with value: 4.920682907104492.
LOCAL_RANK: 0 - CUDA_VISIBLE_DEVICES: [0]
