[I 2023-11-30 06:04:23,321] Trial 131 finished with value: 15.772419929504395 and parameters: {'gradient_clip_val': 0.4685871183629425, 'hidden_size': 38, 'dropout': 0.25317400646043065, 'hidden_continuous_size': 15, 'attention_head_size': 3, 'learning_rate': 0.008770500853192373}. Best is trial 99 with value: 12.49030590057373.
LOCAL_RANK: 0 - CUDA_VISIBLE_DEVICES: [0]
[I 2023-11-30 06:04:36,274] Trial 132 finished with value: 14.76207447052002 and parameters: {'gradient_clip_val': 0.5651798465131844, 'hidden_size': 42, 'dropout': 0.260340109743825, 'hidden_continuous_size': 16, 'attention_head_size': 3, 'learning_rate': 0.007606958632820939}. Best is trial 99 with value: 12.49030590057373.
LOCAL_RANK: 0 - CUDA_VISIBLE_DEVICES: [0]
[I 2023-11-30 06:04:49,039] Trial 133 finished with value: 19.001205444335938 and parameters: {'gradient_clip_val': 0.4112488272271278, 'hidden_size': 36, 'dropout': 0.24499309316995654, 'hidden_continuous_size': 15, 'attention_head_size': 3, 'learning_rate': 0.00508390395906318}. Best is trial 99 with value: 12.49030590057373.
LOCAL_RANK: 0 - CUDA_VISIBLE_DEVICES: [0]
[I 2023-11-30 06:05:02,201] Trial 134 finished with value: 13.499577522277832 and parameters: {'gradient_clip_val': 0.5218269556874918, 'hidden_size': 51, 'dropout': 0.26949990758050485, 'hidden_continuous_size': 12, 'attention_head_size': 3, 'learning_rate': 0.005946864122001557}. Best is trial 99 with value: 12.49030590057373.
LOCAL_RANK: 0 - CUDA_VISIBLE_DEVICES: [0]
[I 2023-11-30 06:05:15,188] Trial 135 finished with value: 15.922115325927734 and parameters: {'gradient_clip_val': 0.5289889616511517, 'hidden_size': 51, 'dropout': 0.27523643563312017, 'hidden_continuous_size': 12, 'attention_head_size': 3, 'learning_rate': 0.006050302850887277}. Best is trial 99 with value: 12.49030590057373.
LOCAL_RANK: 0 - CUDA_VISIBLE_DEVICES: [0]
[I 2023-11-30 06:05:27,979] Trial 136 finished with value: 18.848024368286133 and parameters: {'gradient_clip_val': 0.6669742673543938, 'hidden_size': 47, 'dropout': 0.23374618099814182, 'hidden_continuous_size': 11, 'attention_head_size': 3, 'learning_rate': 0.003710649324609712}. Best is trial 99 with value: 12.49030590057373.
LOCAL_RANK: 0 - CUDA_VISIBLE_DEVICES: [0]
[I 2023-11-30 06:05:40,704] Trial 137 finished with value: 15.713932037353516 and parameters: {'gradient_clip_val': 0.5864338889046447, 'hidden_size': 34, 'dropout': 0.25442985128062423, 'hidden_continuous_size': 13, 'attention_head_size': 3, 'learning_rate': 0.005610423872704606}. Best is trial 99 with value: 12.49030590057373.
LOCAL_RANK: 0 - CUDA_VISIBLE_DEVICES: [0]
[I 2023-11-30 06:05:53,240] Trial 138 finished with value: 21.287290573120117 and parameters: {'gradient_clip_val': 0.5123721705782033, 'hidden_size': 44, 'dropout': 0.2161682657922711, 'hidden_continuous_size': 12, 'attention_head_size': 1, 'learning_rate': 0.006530665811690209}. Best is trial 99 with value: 12.49030590057373.
LOCAL_RANK: 0 - CUDA_VISIBLE_DEVICES: [0]
[I 2023-11-30 06:06:06,245] Trial 139 finished with value: 25.465822219848633 and parameters: {'gradient_clip_val': 0.7196090530565654, 'hidden_size': 37, 'dropout': 0.2668366656061003, 'hidden_continuous_size': 14, 'attention_head_size': 3, 'learning_rate': 0.005077223880080064}. Best is trial 99 with value: 12.49030590057373.
LOCAL_RANK: 0 - CUDA_VISIBLE_DEVICES: [0]
[I 2023-11-30 06:06:19,009] Trial 140 finished with value: 19.93732452392578 and parameters: {'gradient_clip_val': 0.549669605309252, 'hidden_size': 40, 'dropout': 0.20360087193441553, 'hidden_continuous_size': 11, 'attention_head_size': 4, 'learning_rate': 0.004384430713941912}. Best is trial 99 with value: 12.49030590057373.
LOCAL_RANK: 0 - CUDA_VISIBLE_DEVICES: [0]
[I 2023-11-30 06:06:32,394] Trial 141 finished with value: 17.48687171936035 and parameters: {'gradient_clip_val': 0.43108989649972906, 'hidden_size': 58, 'dropout': 0.2868910424081184, 'hidden_continuous_size': 23, 'attention_head_size': 3, 'learning_rate': 0.007203303033599854}. Best is trial 99 with value: 12.49030590057373.
LOCAL_RANK: 0 - CUDA_VISIBLE_DEVICES: [0]
[I 2023-11-30 06:06:45,400] Trial 142 finished with value: 17.169729232788086 and parameters: {'gradient_clip_val': 0.47858507596894045, 'hidden_size': 51, 'dropout': 0.2706425407370492, 'hidden_continuous_size': 16, 'attention_head_size': 3, 'learning_rate': 0.007942417370198653}. Best is trial 99 with value: 12.49030590057373.
LOCAL_RANK: 0 - CUDA_VISIBLE_DEVICES: [0]
[I 2023-11-30 06:06:58,462] Trial 143 finished with value: 19.814498901367188 and parameters: {'gradient_clip_val': 0.62722696520421, 'hidden_size': 64, 'dropout': 0.27813136749709005, 'hidden_continuous_size': 12, 'attention_head_size': 3, 'learning_rate': 0.006695765441744291}. Best is trial 99 with value: 12.49030590057373.
LOCAL_RANK: 0 - CUDA_VISIBLE_DEVICES: [0]
[I 2023-11-30 06:07:11,902] Trial 144 finished with value: 25.639204025268555 and parameters: {'gradient_clip_val': 0.4575051631865573, 'hidden_size': 68, 'dropout': 0.24166717557024667, 'hidden_continuous_size': 13, 'attention_head_size': 3, 'learning_rate': 0.008426375916758235}. Best is trial 99 with value: 12.49030590057373.
LOCAL_RANK: 0 - CUDA_VISIBLE_DEVICES: [0]
[I 2023-11-30 06:07:24,921] Trial 145 finished with value: 19.1586856842041 and parameters: {'gradient_clip_val': 0.3787406804340041, 'hidden_size': 46, 'dropout': 0.29368540843874014, 'hidden_continuous_size': 14, 'attention_head_size': 3, 'learning_rate': 0.005886347450803902}. Best is trial 99 with value: 12.49030590057373.
LOCAL_RANK: 0 - CUDA_VISIBLE_DEVICES: [0]
[I 2023-11-30 06:07:37,728] Trial 146 finished with value: 17.86248779296875 and parameters: {'gradient_clip_val': 0.49511407654551426, 'hidden_size': 33, 'dropout': 0.2250545069466742, 'hidden_continuous_size': 15, 'attention_head_size': 3, 'learning_rate': 0.00967266092157732}. Best is trial 99 with value: 12.49030590057373.
LOCAL_RANK: 0 - CUDA_VISIBLE_DEVICES: [0]
[I 2023-11-30 06:07:51,361] Trial 147 finished with value: 18.857309341430664 and parameters: {'gradient_clip_val': 0.44387201096174006, 'hidden_size': 77, 'dropout': 0.2826190970920064, 'hidden_continuous_size': 19, 'attention_head_size': 3, 'learning_rate': 0.005279013686775544}. Best is trial 99 with value: 12.49030590057373.
LOCAL_RANK: 0 - CUDA_VISIBLE_DEVICES: [0]
[I 2023-11-30 06:08:05,069] Trial 148 finished with value: 17.733064651489258 and parameters: {'gradient_clip_val': 0.3960277747471443, 'hidden_size': 83, 'dropout': 0.2621997376523264, 'hidden_continuous_size': 18, 'attention_head_size': 3, 'learning_rate': 0.007285887082704105}. Best is trial 99 with value: 12.49030590057373.
LOCAL_RANK: 0 - CUDA_VISIBLE_DEVICES: [0]
[I 2023-11-30 06:08:17,963] Trial 149 finished with value: 19.37950325012207 and parameters: {'gradient_clip_val': 0.4179307920464981, 'hidden_size': 29, 'dropout': 0.3094353226418468, 'hidden_continuous_size': 15, 'attention_head_size': 3, 'learning_rate': 0.004648898066788445}. Best is trial 99 with value: 12.49030590057373.
[I 2023-11-30 06:08:18,072] A new study created in memory with name: no-name-8b836835-d022-468c-aeb7-2fe977c6e395
/home/le004/conda/anaconda3/envs/tsff_env/lib/python3.9/site-packages/lightning/fabric/plugins/environments/slurm.py:191: The `srun` command is available on your system but is not used. HINT: If your intention is to run Lightning on SLURM, prepend your python command with `srun` like so: srun python /home/le004/master_thesis/git/TSFusionForecast/code/ ...
LOCAL_RANK: 0 - CUDA_VISIBLE_DEVICES: [0]
[I 2023-11-30 06:08:30,400] Trial 0 finished with value: 86.27777862548828 and parameters: {'gradient_clip_val': 0.27037474368446296, 'hidden_size': 22, 'dropout': 0.15250290121843063, 'hidden_continuous_size': 21, 'attention_head_size': 1, 'learning_rate': 0.006149215763238908}. Best is trial 0 with value: 86.27777862548828.
LOCAL_RANK: 0 - CUDA_VISIBLE_DEVICES: [0]
[I 2023-11-30 06:08:43,921] Trial 1 finished with value: 72.69913482666016 and parameters: {'gradient_clip_val': 0.8624618712264279, 'hidden_size': 63, 'dropout': 0.36334513350520137, 'hidden_continuous_size': 34, 'attention_head_size': 2, 'learning_rate': 0.00556760429839107}. Best is trial 1 with value: 72.69913482666016.
LOCAL_RANK: 0 - CUDA_VISIBLE_DEVICES: [0]
[I 2023-11-30 06:08:58,246] Trial 2 finished with value: 69.25050354003906 and parameters: {'gradient_clip_val': 0.36305888506839457, 'hidden_size': 148, 'dropout': 0.13680018066529262, 'hidden_continuous_size': 52, 'attention_head_size': 2, 'learning_rate': 0.011360769874468612}. Best is trial 2 with value: 69.25050354003906.
LOCAL_RANK: 0 - CUDA_VISIBLE_DEVICES: [0]
[I 2023-11-30 06:09:12,464] Trial 3 finished with value: 73.1417465209961 and parameters: {'gradient_clip_val': 0.596237775667511, 'hidden_size': 147, 'dropout': 0.1719117469728237, 'hidden_continuous_size': 11, 'attention_head_size': 3, 'learning_rate': 0.010937315914164598}. Best is trial 2 with value: 69.25050354003906.
LOCAL_RANK: 0 - CUDA_VISIBLE_DEVICES: [0]
[I 2023-11-30 06:09:24,860] Trial 4 finished with value: 167.482177734375 and parameters: {'gradient_clip_val': 0.34760368100326894, 'hidden_size': 14, 'dropout': 0.2550523062437411, 'hidden_continuous_size': 10, 'attention_head_size': 2, 'learning_rate': 0.0010995598969102296}. Best is trial 2 with value: 69.25050354003906.
LOCAL_RANK: 0 - CUDA_VISIBLE_DEVICES: [0]
[I 2023-11-30 06:09:37,980] Trial 5 finished with value: 79.75680541992188 and parameters: {'gradient_clip_val': 0.75291512643235, 'hidden_size': 62, 'dropout': 0.26609437000922576, 'hidden_continuous_size': 12, 'attention_head_size': 2, 'learning_rate': 0.0051354983040765075}. Best is trial 2 with value: 69.25050354003906.
LOCAL_RANK: 0 - CUDA_VISIBLE_DEVICES: [0]
[I 2023-11-30 06:09:51,061] Trial 6 finished with value: 79.73421478271484 and parameters: {'gradient_clip_val': 0.8936444676654063, 'hidden_size': 46, 'dropout': 0.26567767577233936, 'hidden_continuous_size': 25, 'attention_head_size': 3, 'learning_rate': 0.004978106742937042}. Best is trial 2 with value: 69.25050354003906.
LOCAL_RANK: 0 - CUDA_VISIBLE_DEVICES: [0]
[I 2023-11-30 06:10:03,188] Trial 7 finished with value: 166.75411987304688 and parameters: {'gradient_clip_val': 0.43561908270285216, 'hidden_size': 16, 'dropout': 0.15505940210369049, 'hidden_continuous_size': 13, 'attention_head_size': 3, 'learning_rate': 0.001811103410544696}. Best is trial 2 with value: 69.25050354003906.
LOCAL_RANK: 0 - CUDA_VISIBLE_DEVICES: [0]
[I 2023-11-30 06:10:15,497] Trial 8 finished with value: 84.9354019165039 and parameters: {'gradient_clip_val': 0.11297152703619401, 'hidden_size': 20, 'dropout': 0.32244712991328006, 'hidden_continuous_size': 13, 'attention_head_size': 4, 'learning_rate': 0.011501007970227968}. Best is trial 2 with value: 69.25050354003906.
LOCAL_RANK: 0 - CUDA_VISIBLE_DEVICES: [0]
[I 2023-11-30 06:10:29,812] Trial 9 finished with value: 76.44882202148438 and parameters: {'gradient_clip_val': 0.6535856786633403, 'hidden_size': 135, 'dropout': 0.2699069156493017, 'hidden_continuous_size': 51, 'attention_head_size': 3, 'learning_rate': 0.004569593513079402}. Best is trial 2 with value: 69.25050354003906.
LOCAL_RANK: 0 - CUDA_VISIBLE_DEVICES: [0]
[I 2023-11-30 06:10:44,234] Trial 10 finished with value: 74.22289276123047 and parameters: {'gradient_clip_val': 0.22880721525208983, 'hidden_size': 94, 'dropout': 0.10055185458687767, 'hidden_continuous_size': 93, 'attention_head_size': 1, 'learning_rate': 0.0426070211386334}. Best is trial 2 with value: 69.25050354003906.
LOCAL_RANK: 0 - CUDA_VISIBLE_DEVICES: [0]
[I 2023-11-30 06:10:58,103] Trial 11 finished with value: 78.10575103759766 and parameters: {'gradient_clip_val': 0.9116769517183895, 'hidden_size': 82, 'dropout': 0.3907294852375794, 'hidden_continuous_size': 40, 'attention_head_size': 2, 'learning_rate': 0.021175445786536237}. Best is trial 2 with value: 69.25050354003906.
LOCAL_RANK: 0 - CUDA_VISIBLE_DEVICES: [0]
[I 2023-11-30 06:11:10,731] Trial 12 finished with value: 84.84564208984375 and parameters: {'gradient_clip_val': 0.4973991116862082, 'hidden_size': 33, 'dropout': 0.39731022162380736, 'hidden_continuous_size': 16, 'attention_head_size': 1, 'learning_rate': 0.07722850704511246}. Best is trial 2 with value: 69.25050354003906.
LOCAL_RANK: 0 - CUDA_VISIBLE_DEVICES: [0]
[I 2023-11-30 06:11:24,624] Trial 13 finished with value: 74.52577209472656 and parameters: {'gradient_clip_val': 0.9692428413768717, 'hidden_size': 91, 'dropout': 0.2104227851852562, 'hidden_continuous_size': 35, 'attention_head_size': 2, 'learning_rate': 0.02197179457134896}. Best is trial 2 with value: 69.25050354003906.
LOCAL_RANK: 0 - CUDA_VISIBLE_DEVICES: [0]
[I 2023-11-30 06:11:37,940] Trial 14 finished with value: 95.3626708984375 and parameters: {'gradient_clip_val': 0.39896644705003387, 'hidden_size': 52, 'dropout': 0.3312511020689173, 'hidden_continuous_size': 32, 'attention_head_size': 4, 'learning_rate': 0.0027695375245449256}. Best is trial 2 with value: 69.25050354003906.
LOCAL_RANK: 0 - CUDA_VISIBLE_DEVICES: [0]
[I 2023-11-30 06:11:50,782] Trial 15 finished with value: 81.01419067382812 and parameters: {'gradient_clip_val': 0.5423950472859312, 'hidden_size': 33, 'dropout': 0.21598479607516752, 'hidden_continuous_size': 16, 'attention_head_size': 2, 'learning_rate': 0.01049753049048665}. Best is trial 2 with value: 69.25050354003906.
LOCAL_RANK: 0 - CUDA_VISIBLE_DEVICES: [0]
[I 2023-11-30 06:12:01,066] Trial 16 finished with value: 138.1422882080078 and parameters: {'gradient_clip_val': 0.677178710205753, 'hidden_size': 10, 'dropout': 0.11474810744482114, 'hidden_continuous_size': 10, 'attention_head_size': 1, 'learning_rate': 0.0026956734222981942}. Best is trial 2 with value: 69.25050354003906.
LOCAL_RANK: 0 - CUDA_VISIBLE_DEVICES: [0]
[I 2023-11-30 06:12:15,090] Trial 17 finished with value: 73.51775360107422 and parameters: {'gradient_clip_val': 0.30373645105559516, 'hidden_size': 116, 'dropout': 0.31112705896550386, 'hidden_continuous_size': 52, 'attention_head_size': 2, 'learning_rate': 0.016544380949909905}. Best is trial 2 with value: 69.25050354003906.
LOCAL_RANK: 0 - CUDA_VISIBLE_DEVICES: [0]
[I 2023-11-30 06:12:28,717] Trial 18 finished with value: 71.45206451416016 and parameters: {'gradient_clip_val': 0.5038014129559463, 'hidden_size': 70, 'dropout': 0.35936019975338535, 'hidden_continuous_size': 27, 'attention_head_size': 3, 'learning_rate': 0.007438130303885552}. Best is trial 2 with value: 69.25050354003906.
LOCAL_RANK: 0 - CUDA_VISIBLE_DEVICES: [0]
[I 2023-11-30 06:12:43,324] Trial 19 finished with value: 75.49280548095703 and parameters: {'gradient_clip_val': 0.45701788635909363, 'hidden_size': 111, 'dropout': 0.2982614506293066, 'hidden_continuous_size': 78, 'attention_head_size': 4, 'learning_rate': 0.03387978631640378}. Best is trial 2 with value: 69.25050354003906.
LOCAL_RANK: 0 - CUDA_VISIBLE_DEVICES: [0]
[I 2023-11-30 06:12:58,375] Trial 20 finished with value: 74.22864532470703 and parameters: {'gradient_clip_val': 0.36640624211228134, 'hidden_size': 150, 'dropout': 0.35084911156225274, 'hidden_continuous_size': 103, 'attention_head_size': 3, 'learning_rate': 0.007979835151045993}. Best is trial 2 with value: 69.25050354003906.
LOCAL_RANK: 0 - CUDA_VISIBLE_DEVICES: [0]
[I 2023-11-30 06:13:12,432] Trial 21 finished with value: 86.19143676757812 and parameters: {'gradient_clip_val': 0.7322480603476668, 'hidden_size': 70, 'dropout': 0.36381579138754744, 'hidden_continuous_size': 28, 'attention_head_size': 2, 'learning_rate': 0.008045164181138948}. Best is trial 2 with value: 69.25050354003906.
LOCAL_RANK: 0 - CUDA_VISIBLE_DEVICES: [0]
[I 2023-11-30 06:13:26,161] Trial 22 finished with value: 74.84720611572266 and parameters: {'gradient_clip_val': 0.5264660082637851, 'hidden_size': 74, 'dropout': 0.36614415640879727, 'hidden_continuous_size': 41, 'attention_head_size': 3, 'learning_rate': 0.014020993890093238}. Best is trial 2 with value: 69.25050354003906.
LOCAL_RANK: 0 - CUDA_VISIBLE_DEVICES: [0]
[I 2023-11-30 06:13:39,573] Trial 23 finished with value: 87.169677734375 and parameters: {'gradient_clip_val': 0.7947362037169198, 'hidden_size': 61, 'dropout': 0.2901978258685534, 'hidden_continuous_size': 24, 'attention_head_size': 2, 'learning_rate': 0.0036119794077247138}. Best is trial 2 with value: 69.25050354003906.
LOCAL_RANK: 0 - CUDA_VISIBLE_DEVICES: [0]
[I 2023-11-30 06:13:53,397] Trial 24 finished with value: 73.291015625 and parameters: {'gradient_clip_val': 0.5971507785823734, 'hidden_size': 100, 'dropout': 0.33608559958995216, 'hidden_continuous_size': 30, 'attention_head_size': 3, 'learning_rate': 0.0074568503344114336}. Best is trial 2 with value: 69.25050354003906.
LOCAL_RANK: 0 - CUDA_VISIBLE_DEVICES: [0]
[I 2023-11-30 06:14:07,098] Trial 25 finished with value: 82.66150665283203 and parameters: {'gradient_clip_val': 0.45111995793514736, 'hidden_size': 77, 'dropout': 0.37481660070053746, 'hidden_continuous_size': 22, 'attention_head_size': 2, 'learning_rate': 0.008145862605342672}. Best is trial 2 with value: 69.25050354003906.
LOCAL_RANK: 0 - CUDA_VISIBLE_DEVICES: [0]
[I 2023-11-30 06:14:21,200] Trial 26 finished with value: 77.528564453125 and parameters: {'gradient_clip_val': 0.9834028694615496, 'hidden_size': 118, 'dropout': 0.33973045439062244, 'hidden_continuous_size': 54, 'attention_head_size': 1, 'learning_rate': 0.005656360600710814}. Best is trial 2 with value: 69.25050354003906.
LOCAL_RANK: 0 - CUDA_VISIBLE_DEVICES: [0]
[I 2023-11-30 06:14:34,261] Trial 27 finished with value: 78.12530517578125 and parameters: {'gradient_clip_val': 0.5891550498449751, 'hidden_size': 41, 'dropout': 0.31134410118580425, 'hidden_continuous_size': 27, 'attention_head_size': 3, 'learning_rate': 0.014174540683142271}. Best is trial 2 with value: 69.25050354003906.
LOCAL_RANK: 0 - CUDA_VISIBLE_DEVICES: [0]
[I 2023-11-30 06:14:48,000] Trial 28 finished with value: 82.5425033569336 and parameters: {'gradient_clip_val': 0.8185338508885964, 'hidden_size': 57, 'dropout': 0.3468632931781359, 'hidden_continuous_size': 34, 'attention_head_size': 4, 'learning_rate': 0.0037261537318459726}. Best is trial 2 with value: 69.25050354003906.
LOCAL_RANK: 0 - CUDA_VISIBLE_DEVICES: [0]
[I 2023-11-30 06:15:01,572] Trial 29 finished with value: 83.8166275024414 and parameters: {'gradient_clip_val': 0.2723031964186105, 'hidden_size': 91, 'dropout': 0.22798395749622805, 'hidden_continuous_size': 18, 'attention_head_size': 1, 'learning_rate': 0.0065105634488584795}. Best is trial 2 with value: 69.25050354003906.
LOCAL_RANK: 0 - CUDA_VISIBLE_DEVICES: [0]
[I 2023-11-30 06:15:15,142] Trial 30 finished with value: 86.47806549072266 and parameters: {'gradient_clip_val': 0.6823700868005901, 'hidden_size': 66, 'dropout': 0.38104499655252577, 'hidden_continuous_size': 21, 'attention_head_size': 2, 'learning_rate': 0.006474483840310983}. Best is trial 2 with value: 69.25050354003906.
LOCAL_RANK: 0 - CUDA_VISIBLE_DEVICES: [0]
[I 2023-11-30 06:15:30,190] Trial 31 finished with value: 75.66189575195312 and parameters: {'gradient_clip_val': 0.5494874033046621, 'hidden_size': 147, 'dropout': 0.1719591650979371, 'hidden_continuous_size': 134, 'attention_head_size': 3, 'learning_rate': 0.010069574361902891}. Best is trial 2 with value: 69.25050354003906.
LOCAL_RANK: 0 - CUDA_VISIBLE_DEVICES: [0]
[I 2023-11-30 06:15:44,222] Trial 32 finished with value: 79.02288055419922 and parameters: {'gradient_clip_val': 0.6511603279425233, 'hidden_size': 123, 'dropout': 0.1833707141337232, 'hidden_continuous_size': 18, 'attention_head_size': 3, 'learning_rate': 0.00985439652006699}. Best is trial 2 with value: 69.25050354003906.
LOCAL_RANK: 0 - CUDA_VISIBLE_DEVICES: [0]
[I 2023-11-30 06:15:58,121] Trial 33 finished with value: 71.7032470703125 and parameters: {'gradient_clip_val': 0.8179579682718131, 'hidden_size': 105, 'dropout': 0.14135820394374266, 'hidden_continuous_size': 25, 'attention_head_size': 3, 'learning_rate': 0.012064119943044262}. Best is trial 2 with value: 69.25050354003906.
LOCAL_RANK: 0 - CUDA_VISIBLE_DEVICES: [0]
[I 2023-11-30 06:16:12,021] Trial 34 finished with value: 74.73346710205078 and parameters: {'gradient_clip_val': 0.8152587712242114, 'hidden_size': 105, 'dropout': 0.13309733734979634, 'hidden_continuous_size': 27, 'attention_head_size': 3, 'learning_rate': 0.012955046839407623}. Best is trial 2 with value: 69.25050354003906.
LOCAL_RANK: 0 - CUDA_VISIBLE_DEVICES: [0]
[I 2023-11-30 06:16:25,889] Trial 35 finished with value: 77.4154281616211 and parameters: {'gradient_clip_val': 0.8093691343246604, 'hidden_size': 87, 'dropout': 0.1411796878166015, 'hidden_continuous_size': 24, 'attention_head_size': 2, 'learning_rate': 0.005461520410587398}. Best is trial 2 with value: 69.25050354003906.
LOCAL_RANK: 0 - CUDA_VISIBLE_DEVICES: [0]
[I 2023-11-30 06:16:39,610] Trial 36 finished with value: 72.93159484863281 and parameters: {'gradient_clip_val': 0.993343360148142, 'hidden_size': 75, 'dropout': 0.1910337805591679, 'hidden_continuous_size': 30, 'attention_head_size': 3, 'learning_rate': 0.010296258823288374}. Best is trial 2 with value: 69.25050354003906.
LOCAL_RANK: 0 - CUDA_VISIBLE_DEVICES: [0]
[I 2023-11-30 06:16:53,678] Trial 37 finished with value: 78.82855987548828 and parameters: {'gradient_clip_val': 0.7278222300128024, 'hidden_size': 128, 'dropout': 0.15812131317067324, 'hidden_continuous_size': 38, 'attention_head_size': 2, 'learning_rate': 0.00680881573612818}. Best is trial 2 with value: 69.25050354003906.
LOCAL_RANK: 0 - CUDA_VISIBLE_DEVICES: [0]
[I 2023-11-30 06:17:06,919] Trial 38 finished with value: 75.13954162597656 and parameters: {'gradient_clip_val': 0.8836464724090686, 'hidden_size': 52, 'dropout': 0.23776404742228563, 'hidden_continuous_size': 25, 'attention_head_size': 3, 'learning_rate': 0.01707818753873307}. Best is trial 2 with value: 69.25050354003906.
LOCAL_RANK: 0 - CUDA_VISIBLE_DEVICES: [0]
