[I 2023-11-29 23:33:28,800] Trial 31 finished with value: 20.017698287963867 and parameters: {'gradient_clip_val': 0.30472712984794553, 'hidden_size': 85, 'dropout': 0.16885990969195583, 'hidden_continuous_size': 38, 'attention_head_size': 2, 'learning_rate': 0.07395648785311909}. Best is trial 16 with value: 14.762969017028809.
LOCAL_RANK: 0 - CUDA_VISIBLE_DEVICES: [0]
[I 2023-11-29 23:33:42,422] Trial 32 finished with value: 19.619707107543945 and parameters: {'gradient_clip_val': 0.7723731104446311, 'hidden_size': 80, 'dropout': 0.202380045893434, 'hidden_continuous_size': 26, 'attention_head_size': 2, 'learning_rate': 0.04112825978630793}. Best is trial 16 with value: 14.762969017028809.
LOCAL_RANK: 0 - CUDA_VISIBLE_DEVICES: [0]
[I 2023-11-29 23:33:55,824] Trial 33 finished with value: 16.09056282043457 and parameters: {'gradient_clip_val': 0.5947867450708574, 'hidden_size': 65, 'dropout': 0.17482236320008687, 'hidden_continuous_size': 31, 'attention_head_size': 1, 'learning_rate': 0.07463750961210674}. Best is trial 16 with value: 14.762969017028809.
LOCAL_RANK: 0 - CUDA_VISIBLE_DEVICES: [0]
[I 2023-11-29 23:34:08,613] Trial 34 finished with value: 19.48187828063965 and parameters: {'gradient_clip_val': 0.5941005106312885, 'hidden_size': 48, 'dropout': 0.2064181964948308, 'hidden_continuous_size': 26, 'attention_head_size': 1, 'learning_rate': 0.039637567818360316}. Best is trial 16 with value: 14.762969017028809.
LOCAL_RANK: 0 - CUDA_VISIBLE_DEVICES: [0]
[I 2023-11-29 23:34:21,916] Trial 35 finished with value: 28.957666397094727 and parameters: {'gradient_clip_val': 0.5107011724655559, 'hidden_size': 65, 'dropout': 0.17334128514561747, 'hidden_continuous_size': 32, 'attention_head_size': 1, 'learning_rate': 0.09943086344298972}. Best is trial 16 with value: 14.762969017028809.
LOCAL_RANK: 0 - CUDA_VISIBLE_DEVICES: [0]
[I 2023-11-29 23:34:35,099] Trial 36 finished with value: 21.118986129760742 and parameters: {'gradient_clip_val': 0.5167839841498757, 'hidden_size': 52, 'dropout': 0.22057400593128776, 'hidden_continuous_size': 24, 'attention_head_size': 1, 'learning_rate': 0.030371220257043034}. Best is trial 16 with value: 14.762969017028809.
LOCAL_RANK: 0 - CUDA_VISIBLE_DEVICES: [0]
[I 2023-11-29 23:34:48,519] Trial 37 finished with value: 23.446088790893555 and parameters: {'gradient_clip_val': 0.5964065030056093, 'hidden_size': 71, 'dropout': 0.18616187257217404, 'hidden_continuous_size': 20, 'attention_head_size': 1, 'learning_rate': 0.05171083704202824}. Best is trial 16 with value: 14.762969017028809.
LOCAL_RANK: 0 - CUDA_VISIBLE_DEVICES: [0]
[I 2023-11-29 23:35:01,265] Trial 38 finished with value: 14.566676139831543 and parameters: {'gradient_clip_val': 0.8824131403463622, 'hidden_size': 40, 'dropout': 0.1502137997453606, 'hidden_continuous_size': 22, 'attention_head_size': 3, 'learning_rate': 0.06471455225012433}. Best is trial 38 with value: 14.566676139831543.
LOCAL_RANK: 0 - CUDA_VISIBLE_DEVICES: [0]
[I 2023-11-29 23:35:13,996] Trial 39 finished with value: 31.218093872070312 and parameters: {'gradient_clip_val': 0.9213633451005117, 'hidden_size': 29, 'dropout': 0.14673585002411638, 'hidden_continuous_size': 18, 'attention_head_size': 3, 'learning_rate': 0.027083939339905685}. Best is trial 38 with value: 14.566676139831543.
LOCAL_RANK: 0 - CUDA_VISIBLE_DEVICES: [0]
[I 2023-11-29 23:35:27,188] Trial 40 finished with value: 19.789104461669922 and parameters: {'gradient_clip_val': 0.8654867487871027, 'hidden_size': 43, 'dropout': 0.12027468253903749, 'hidden_continuous_size': 22, 'attention_head_size': 4, 'learning_rate': 0.038029733956962006}. Best is trial 38 with value: 14.566676139831543.
LOCAL_RANK: 0 - CUDA_VISIBLE_DEVICES: [0]
[I 2023-11-29 23:35:40,375] Trial 41 finished with value: 19.944623947143555 and parameters: {'gradient_clip_val': 0.6750592236587404, 'hidden_size': 39, 'dropout': 0.1785286111813729, 'hidden_continuous_size': 18, 'attention_head_size': 3, 'learning_rate': 0.07264563894333127}. Best is trial 38 with value: 14.566676139831543.
LOCAL_RANK: 0 - CUDA_VISIBLE_DEVICES: [0]
[I 2023-11-29 23:35:53,610] Trial 42 finished with value: 17.72871971130371 and parameters: {'gradient_clip_val': 0.8723135313297153, 'hidden_size': 49, 'dropout': 0.19932413274168795, 'hidden_continuous_size': 25, 'attention_head_size': 3, 'learning_rate': 0.05729233993190688}. Best is trial 38 with value: 14.566676139831543.
LOCAL_RANK: 0 - CUDA_VISIBLE_DEVICES: [0]
[I 2023-11-29 23:36:06,883] Trial 43 finished with value: 13.412426948547363 and parameters: {'gradient_clip_val': 0.7578250460662553, 'hidden_size': 56, 'dropout': 0.15696711434363392, 'hidden_continuous_size': 29, 'attention_head_size': 4, 'learning_rate': 0.07650779930328079}. Best is trial 43 with value: 13.412426948547363.
LOCAL_RANK: 0 - CUDA_VISIBLE_DEVICES: [0]
[I 2023-11-29 23:36:19,820] Trial 44 finished with value: 18.760757446289062 and parameters: {'gradient_clip_val': 0.7623927666448834, 'hidden_size': 34, 'dropout': 0.14997790700014946, 'hidden_continuous_size': 23, 'attention_head_size': 4, 'learning_rate': 0.08375921656504723}. Best is trial 43 with value: 13.412426948547363.
LOCAL_RANK: 0 - CUDA_VISIBLE_DEVICES: [0]
[I 2023-11-29 23:36:33,277] Trial 45 finished with value: 33.616695404052734 and parameters: {'gradient_clip_val': 0.8608096257650268, 'hidden_size': 55, 'dropout': 0.15971100727755025, 'hidden_continuous_size': 28, 'attention_head_size': 4, 'learning_rate': 0.05618689681120178}. Best is trial 43 with value: 13.412426948547363.
LOCAL_RANK: 0 - CUDA_VISIBLE_DEVICES: [0]
[I 2023-11-29 23:36:46,614] Trial 46 finished with value: 18.332517623901367 and parameters: {'gradient_clip_val': 0.7645531797926949, 'hidden_size': 38, 'dropout': 0.13321948456351315, 'hidden_continuous_size': 25, 'attention_head_size': 4, 'learning_rate': 0.04366150505536036}. Best is trial 43 with value: 13.412426948547363.
LOCAL_RANK: 0 - CUDA_VISIBLE_DEVICES: [0]
[I 2023-11-29 23:36:59,805] Trial 47 finished with value: 21.095752716064453 and parameters: {'gradient_clip_val': 0.9207667865922229, 'hidden_size': 49, 'dropout': 0.11219611944082195, 'hidden_continuous_size': 29, 'attention_head_size': 4, 'learning_rate': 0.07687769892944318}. Best is trial 43 with value: 13.412426948547363.
LOCAL_RANK: 0 - CUDA_VISIBLE_DEVICES: [0]
[I 2023-11-29 23:37:12,302] Trial 48 finished with value: 30.086755752563477 and parameters: {'gradient_clip_val': 0.6412880917400176, 'hidden_size': 23, 'dropout': 0.2360667575810873, 'hidden_continuous_size': 19, 'attention_head_size': 3, 'learning_rate': 0.06542247488133345}. Best is trial 43 with value: 13.412426948547363.
LOCAL_RANK: 0 - CUDA_VISIBLE_DEVICES: [0]
[I 2023-11-29 23:37:25,831] Trial 49 finished with value: 19.835786819458008 and parameters: {'gradient_clip_val': 0.7312562528955198, 'hidden_size': 75, 'dropout': 0.15834965637537685, 'hidden_continuous_size': 15, 'attention_head_size': 3, 'learning_rate': 0.03247457313753259}. Best is trial 43 with value: 13.412426948547363.
LOCAL_RANK: 0 - CUDA_VISIBLE_DEVICES: [0]
[I 2023-11-29 23:37:39,276] Trial 50 finished with value: 17.41676902770996 and parameters: {'gradient_clip_val': 0.9235479634716708, 'hidden_size': 63, 'dropout': 0.18940021298178247, 'hidden_continuous_size': 21, 'attention_head_size': 3, 'learning_rate': 0.0846849037838838}. Best is trial 43 with value: 13.412426948547363.
LOCAL_RANK: 0 - CUDA_VISIBLE_DEVICES: [0]
[I 2023-11-29 23:37:52,673] Trial 51 finished with value: 19.72466468811035 and parameters: {'gradient_clip_val': 0.7928291322754789, 'hidden_size': 64, 'dropout': 0.1734121483676226, 'hidden_continuous_size': 31, 'attention_head_size': 1, 'learning_rate': 0.052723182029557426}. Best is trial 43 with value: 13.412426948547363.
LOCAL_RANK: 0 - CUDA_VISIBLE_DEVICES: [0]
[I 2023-11-29 23:38:05,519] Trial 52 finished with value: 21.39031410217285 and parameters: {'gradient_clip_val': 0.68603220988352, 'hidden_size': 44, 'dropout': 0.1417072288081242, 'hidden_continuous_size': 30, 'attention_head_size': 1, 'learning_rate': 0.09990078134778345}. Best is trial 43 with value: 13.412426948547363.
LOCAL_RANK: 0 - CUDA_VISIBLE_DEVICES: [0]
[I 2023-11-29 23:38:18,898] Trial 53 finished with value: 20.285627365112305 and parameters: {'gradient_clip_val': 0.5730087129087655, 'hidden_size': 56, 'dropout': 0.17849656376953266, 'hidden_continuous_size': 35, 'attention_head_size': 2, 'learning_rate': 0.0744058798289484}. Best is trial 43 with value: 13.412426948547363.
LOCAL_RANK: 0 - CUDA_VISIBLE_DEVICES: [0]
[I 2023-11-29 23:38:32,771] Trial 54 finished with value: 18.3873233795166 and parameters: {'gradient_clip_val': 0.6330611858922086, 'hidden_size': 93, 'dropout': 0.16271937172893447, 'hidden_continuous_size': 42, 'attention_head_size': 1, 'learning_rate': 0.06166317169005006}. Best is trial 43 with value: 13.412426948547363.
LOCAL_RANK: 0 - CUDA_VISIBLE_DEVICES: [0]
[I 2023-11-29 23:38:46,337] Trial 55 finished with value: 17.584260940551758 and parameters: {'gradient_clip_val': 0.5439479870398685, 'hidden_size': 84, 'dropout': 0.19966191515553358, 'hidden_continuous_size': 33, 'attention_head_size': 2, 'learning_rate': 0.04601981134089298}. Best is trial 43 with value: 13.412426948547363.
LOCAL_RANK: 0 - CUDA_VISIBLE_DEVICES: [0]
[I 2023-11-29 23:38:59,795] Trial 56 finished with value: 19.25365447998047 and parameters: {'gradient_clip_val': 0.8213492859545649, 'hidden_size': 52, 'dropout': 0.15592437705558077, 'hidden_continuous_size': 30, 'attention_head_size': 4, 'learning_rate': 0.07826029961392983}. Best is trial 43 with value: 13.412426948547363.
LOCAL_RANK: 0 - CUDA_VISIBLE_DEVICES: [0]
[I 2023-11-29 23:39:12,454] Trial 57 finished with value: 22.77094268798828 and parameters: {'gradient_clip_val': 0.7077039628755978, 'hidden_size': 40, 'dropout': 0.12244062605338193, 'hidden_continuous_size': 27, 'attention_head_size': 1, 'learning_rate': 0.0549779681015212}. Best is trial 43 with value: 13.412426948547363.
LOCAL_RANK: 0 - CUDA_VISIBLE_DEVICES: [0]
[I 2023-11-29 23:39:26,140] Trial 58 finished with value: 25.20642852783203 and parameters: {'gradient_clip_val': 0.9383167057501101, 'hidden_size': 75, 'dropout': 0.14631819751025946, 'hidden_continuous_size': 48, 'attention_head_size': 2, 'learning_rate': 0.03773054806028349}. Best is trial 43 with value: 13.412426948547363.
LOCAL_RANK: 0 - CUDA_VISIBLE_DEVICES: [0]
[I 2023-11-29 23:39:39,557] Trial 59 finished with value: 18.99419403076172 and parameters: {'gradient_clip_val': 0.4783167954160585, 'hidden_size': 59, 'dropout': 0.18748664057093065, 'hidden_continuous_size': 36, 'attention_head_size': 1, 'learning_rate': 0.06775444261770379}. Best is trial 43 with value: 13.412426948547363.
LOCAL_RANK: 0 - CUDA_VISIBLE_DEVICES: [0]
[I 2023-11-29 23:39:53,036] Trial 60 finished with value: 16.043012619018555 and parameters: {'gradient_clip_val': 0.7293905852615932, 'hidden_size': 66, 'dropout': 0.166036157527772, 'hidden_continuous_size': 34, 'attention_head_size': 1, 'learning_rate': 0.08234022496650695}. Best is trial 43 with value: 13.412426948547363.
LOCAL_RANK: 0 - CUDA_VISIBLE_DEVICES: [0]
[I 2023-11-29 23:40:06,301] Trial 61 finished with value: 18.492786407470703 and parameters: {'gradient_clip_val': 0.7367547936708996, 'hidden_size': 46, 'dropout': 0.16865707674214897, 'hidden_continuous_size': 34, 'attention_head_size': 1, 'learning_rate': 0.08531656591719426}. Best is trial 43 with value: 13.412426948547363.
LOCAL_RANK: 0 - CUDA_VISIBLE_DEVICES: [0]
[I 2023-11-29 23:40:19,716] Trial 62 finished with value: 14.465792655944824 and parameters: {'gradient_clip_val': 0.8166830380155947, 'hidden_size': 63, 'dropout': 0.18142977171805774, 'hidden_continuous_size': 38, 'attention_head_size': 1, 'learning_rate': 0.048699255789595865}. Best is trial 43 with value: 13.412426948547363.
LOCAL_RANK: 0 - CUDA_VISIBLE_DEVICES: [0]
[I 2023-11-29 23:40:33,228] Trial 63 finished with value: 13.339756965637207 and parameters: {'gradient_clip_val': 0.7853729190533054, 'hidden_size': 68, 'dropout': 0.19567283811819428, 'hidden_continuous_size': 37, 'attention_head_size': 1, 'learning_rate': 0.05161886090302369}. Best is trial 63 with value: 13.339756965637207.
LOCAL_RANK: 0 - CUDA_VISIBLE_DEVICES: [0]
[I 2023-11-29 23:40:46,959] Trial 64 finished with value: 16.333242416381836 and parameters: {'gradient_clip_val': 0.8130350551674858, 'hidden_size': 77, 'dropout': 0.19281423168621264, 'hidden_continuous_size': 39, 'attention_head_size': 1, 'learning_rate': 0.04530982369777522}. Best is trial 63 with value: 13.339756965637207.
LOCAL_RANK: 0 - CUDA_VISIBLE_DEVICES: [0]
[I 2023-11-29 23:41:00,616] Trial 65 finished with value: 21.68717384338379 and parameters: {'gradient_clip_val': 0.9846418112401712, 'hidden_size': 71, 'dropout': 0.20920860131821714, 'hidden_continuous_size': 37, 'attention_head_size': 1, 'learning_rate': 0.03526566974064187}. Best is trial 63 with value: 13.339756965637207.
LOCAL_RANK: 0 - CUDA_VISIBLE_DEVICES: [0]
[I 2023-11-29 23:41:14,339] Trial 66 finished with value: 18.503122329711914 and parameters: {'gradient_clip_val': 0.8367900377343263, 'hidden_size': 58, 'dropout': 0.18138478616462156, 'hidden_continuous_size': 39, 'attention_head_size': 2, 'learning_rate': 0.04992333391598832}. Best is trial 63 with value: 13.339756965637207.
LOCAL_RANK: 0 - CUDA_VISIBLE_DEVICES: [0]
[I 2023-11-29 23:41:27,736] Trial 67 finished with value: 21.55963134765625 and parameters: {'gradient_clip_val': 0.8888563589357258, 'hidden_size': 54, 'dropout': 0.21792102899953336, 'hidden_continuous_size': 37, 'attention_head_size': 1, 'learning_rate': 0.0580046140378534}. Best is trial 63 with value: 13.339756965637207.
LOCAL_RANK: 0 - CUDA_VISIBLE_DEVICES: [0]
[I 2023-11-29 23:41:41,607] Trial 68 finished with value: 18.38842010498047 and parameters: {'gradient_clip_val': 0.7911682537013534, 'hidden_size': 87, 'dropout': 0.15472695909569417, 'hidden_continuous_size': 43, 'attention_head_size': 1, 'learning_rate': 0.0409508870957652}. Best is trial 63 with value: 13.339756965637207.
LOCAL_RANK: 0 - CUDA_VISIBLE_DEVICES: [0]
[I 2023-11-29 23:41:55,135] Trial 69 finished with value: 21.04435157775879 and parameters: {'gradient_clip_val': 0.9952578098213438, 'hidden_size': 59, 'dropout': 0.19490939017228517, 'hidden_continuous_size': 41, 'attention_head_size': 2, 'learning_rate': 0.06663800418441693}. Best is trial 63 with value: 13.339756965637207.
LOCAL_RANK: 0 - CUDA_VISIBLE_DEVICES: [0]
[I 2023-11-29 23:42:09,218] Trial 70 finished with value: 19.531633377075195 and parameters: {'gradient_clip_val': 0.6849798586351621, 'hidden_size': 97, 'dropout': 0.14009025544631756, 'hidden_continuous_size': 50, 'attention_head_size': 3, 'learning_rate': 0.024457309077298182}. Best is trial 63 with value: 13.339756965637207.
LOCAL_RANK: 0 - CUDA_VISIBLE_DEVICES: [0]
[I 2023-11-29 23:42:22,739] Trial 71 finished with value: 18.38441276550293 and parameters: {'gradient_clip_val': 0.7670049716897204, 'hidden_size': 68, 'dropout': 0.1651834842103538, 'hidden_continuous_size': 35, 'attention_head_size': 1, 'learning_rate': 0.09025951480429246}. Best is trial 63 with value: 13.339756965637207.
LOCAL_RANK: 0 - CUDA_VISIBLE_DEVICES: [0]
[I 2023-11-29 23:42:36,062] Trial 72 finished with value: 22.1210994720459 and parameters: {'gradient_clip_val': 0.714076966655899, 'hidden_size': 68, 'dropout': 0.18301801840064053, 'hidden_continuous_size': 33, 'attention_head_size': 1, 'learning_rate': 0.06252326355525437}. Best is trial 63 with value: 13.339756965637207.
LOCAL_RANK: 0 - CUDA_VISIBLE_DEVICES: [0]
[I 2023-11-29 23:42:49,413] Trial 73 finished with value: 14.765434265136719 and parameters: {'gradient_clip_val': 0.8561436241511686, 'hidden_size': 50, 'dropout': 0.16477353683921733, 'hidden_continuous_size': 34, 'attention_head_size': 1, 'learning_rate': 0.049465685464331}. Best is trial 63 with value: 13.339756965637207.
LOCAL_RANK: 0 - CUDA_VISIBLE_DEVICES: [0]
[I 2023-11-29 23:43:02,697] Trial 74 finished with value: 16.520217895507812 and parameters: {'gradient_clip_val': 0.8626776133517174, 'hidden_size': 47, 'dropout': 0.1484882748167689, 'hidden_continuous_size': 36, 'attention_head_size': 1, 'learning_rate': 0.04824804829909442}. Best is trial 63 with value: 13.339756965637207.
LOCAL_RANK: 0 - CUDA_VISIBLE_DEVICES: [0]
[I 2023-11-29 23:43:15,610] Trial 75 finished with value: 17.34624671936035 and parameters: {'gradient_clip_val': 0.9218135916010702, 'hidden_size': 42, 'dropout': 0.202317645552805, 'hidden_continuous_size': 32, 'attention_head_size': 1, 'learning_rate': 0.03514591029148218}. Best is trial 63 with value: 13.339756965637207.
LOCAL_RANK: 0 - CUDA_VISIBLE_DEVICES: [0]
[I 2023-11-29 23:43:29,136] Trial 76 finished with value: 19.220176696777344 and parameters: {'gradient_clip_val': 0.8132200719524226, 'hidden_size': 51, 'dropout': 0.1749056264108939, 'hidden_continuous_size': 39, 'attention_head_size': 1, 'learning_rate': 0.04122287893516537}. Best is trial 63 with value: 13.339756965637207.
LOCAL_RANK: 0 - CUDA_VISIBLE_DEVICES: [0]
[I 2023-11-29 23:43:42,148] Trial 77 finished with value: 21.388099670410156 and parameters: {'gradient_clip_val': 0.6617222501278521, 'hidden_size': 52, 'dropout': 0.12905187800365386, 'hidden_continuous_size': 29, 'attention_head_size': 1, 'learning_rate': 0.031201223853107408}. Best is trial 63 with value: 13.339756965637207.
LOCAL_RANK: 0 - CUDA_VISIBLE_DEVICES: [0]
[I 2023-11-29 23:43:55,804] Trial 78 finished with value: 21.527801513671875 and parameters: {'gradient_clip_val': 0.8781147536705163, 'hidden_size': 81, 'dropout': 0.18370616106266963, 'hidden_continuous_size': 31, 'attention_head_size': 2, 'learning_rate': 0.05271675320712274}. Best is trial 63 with value: 13.339756965637207.
LOCAL_RANK: 0 - CUDA_VISIBLE_DEVICES: [0]
[I 2023-11-29 23:44:08,310] Trial 79 finished with value: 16.54823112487793 and parameters: {'gradient_clip_val': 0.9509634506380423, 'hidden_size': 36, 'dropout': 0.15406989642855226, 'hidden_continuous_size': 34, 'attention_head_size': 1, 'learning_rate': 0.07071590830582668}. Best is trial 63 with value: 13.339756965637207.
LOCAL_RANK: 0 - CUDA_VISIBLE_DEVICES: [0]
[I 2023-11-29 23:44:21,915] Trial 80 finished with value: 16.34864044189453 and parameters: {'gradient_clip_val': 0.627092795911918, 'hidden_size': 58, 'dropout': 0.13950135059549482, 'hidden_continuous_size': 28, 'attention_head_size': 4, 'learning_rate': 0.05877848272448792}. Best is trial 63 with value: 13.339756965637207.
LOCAL_RANK: 0 - CUDA_VISIBLE_DEVICES: [0]
[I 2023-11-29 23:44:35,515] Trial 81 finished with value: 19.61660385131836 and parameters: {'gradient_clip_val': 0.7440639966684134, 'hidden_size': 61, 'dropout': 0.16651976563609458, 'hidden_continuous_size': 34, 'attention_head_size': 1, 'learning_rate': 0.07781336047316524}. Best is trial 63 with value: 13.339756965637207.
LOCAL_RANK: 0 - CUDA_VISIBLE_DEVICES: [0]
[I 2023-11-29 23:44:49,044] Trial 82 finished with value: 17.886430740356445 and parameters: {'gradient_clip_val': 0.7905677311206373, 'hidden_size': 67, 'dropout': 0.1640197474927815, 'hidden_continuous_size': 40, 'attention_head_size': 1, 'learning_rate': 0.08507483975070201}. Best is trial 63 with value: 13.339756965637207.
LOCAL_RANK: 0 - CUDA_VISIBLE_DEVICES: [0]
[I 2023-11-29 23:45:02,209] Trial 83 finished with value: 18.88857650756836 and parameters: {'gradient_clip_val': 0.6934029839950916, 'hidden_size': 45, 'dropout': 0.1708854360678968, 'hidden_continuous_size': 38, 'attention_head_size': 1, 'learning_rate': 0.04778728606594894}. Best is trial 63 with value: 13.339756965637207.
LOCAL_RANK: 0 - CUDA_VISIBLE_DEVICES: [0]
[I 2023-11-29 23:45:15,676] Trial 84 finished with value: 18.322385787963867 and parameters: {'gradient_clip_val': 0.8423036827286083, 'hidden_size': 63, 'dropout': 0.15832034190008423, 'hidden_continuous_size': 44, 'attention_head_size': 1, 'learning_rate': 0.09313531285474091}. Best is trial 63 with value: 13.339756965637207.
LOCAL_RANK: 0 - CUDA_VISIBLE_DEVICES: [0]
[I 2023-11-29 23:45:29,205] Trial 85 finished with value: 23.273000717163086 and parameters: {'gradient_clip_val': 0.7442507377953931, 'hidden_size': 78, 'dropout': 0.1951362266918169, 'hidden_continuous_size': 26, 'attention_head_size': 1, 'learning_rate': 0.06723892935568326}. Best is trial 63 with value: 13.339756965637207.
LOCAL_RANK: 0 - CUDA_VISIBLE_DEVICES: [0]
[I 2023-11-29 23:45:42,947] Trial 86 finished with value: 27.317819595336914 and parameters: {'gradient_clip_val': 0.9018786112581045, 'hidden_size': 55, 'dropout': 0.17810040981608136, 'hidden_continuous_size': 41, 'attention_head_size': 3, 'learning_rate': 0.052577780574962735}. Best is trial 63 with value: 13.339756965637207.
LOCAL_RANK: 0 - CUDA_VISIBLE_DEVICES: [0]
[I 2023-11-29 23:45:56,105] Trial 87 finished with value: 19.49531364440918 and parameters: {'gradient_clip_val': 0.9604572156228416, 'hidden_size': 50, 'dropout': 0.18871874780201559, 'hidden_continuous_size': 32, 'attention_head_size': 1, 'learning_rate': 0.043080159424540194}. Best is trial 63 with value: 13.339756965637207.
LOCAL_RANK: 0 - CUDA_VISIBLE_DEVICES: [0]
[I 2023-11-29 23:46:09,542] Trial 88 finished with value: 24.74808692932129 and parameters: {'gradient_clip_val': 0.658045124186682, 'hidden_size': 71, 'dropout': 0.15340175953308108, 'hidden_continuous_size': 25, 'attention_head_size': 1, 'learning_rate': 0.0592385631919929}. Best is trial 63 with value: 13.339756965637207.
LOCAL_RANK: 0 - CUDA_VISIBLE_DEVICES: [0]
[I 2023-11-29 23:46:22,278] Trial 89 finished with value: 19.665006637573242 and parameters: {'gradient_clip_val': 0.6111046495716972, 'hidden_size': 40, 'dropout': 0.21303778964290107, 'hidden_continuous_size': 35, 'attention_head_size': 2, 'learning_rate': 0.03708557389147597}. Best is trial 63 with value: 13.339756965637207.
LOCAL_RANK: 0 - CUDA_VISIBLE_DEVICES: [0]
