[I 2023-11-30 10:26:38,449] Trial 100 finished with value: 4.689533710479736 and parameters: {'gradient_clip_val': 0.5324009622683962, 'hidden_size': 26, 'dropout': 0.3437934561975842, 'hidden_continuous_size': 10, 'attention_head_size': 1, 'learning_rate': 0.07586145761272613}. Best is trial 58 with value: 4.516717433929443.
LOCAL_RANK: 0 - CUDA_VISIBLE_DEVICES: [0]
[I 2023-11-30 10:26:50,696] Trial 101 finished with value: 5.570558071136475 and parameters: {'gradient_clip_val': 0.5398650544258313, 'hidden_size': 23, 'dropout': 0.3390064862621047, 'hidden_continuous_size': 11, 'attention_head_size': 1, 'learning_rate': 0.07605616552511608}. Best is trial 58 with value: 4.516717433929443.
LOCAL_RANK: 0 - CUDA_VISIBLE_DEVICES: [0]
[I 2023-11-30 10:27:02,880] Trial 102 finished with value: 4.741842269897461 and parameters: {'gradient_clip_val': 0.5787471727170174, 'hidden_size': 32, 'dropout': 0.3284881317451625, 'hidden_continuous_size': 10, 'attention_head_size': 1, 'learning_rate': 0.09240485686626011}. Best is trial 58 with value: 4.516717433929443.
LOCAL_RANK: 0 - CUDA_VISIBLE_DEVICES: [0]
[I 2023-11-30 10:27:15,195] Trial 103 finished with value: 4.72437047958374 and parameters: {'gradient_clip_val': 0.5524456342575516, 'hidden_size': 25, 'dropout': 0.36389783853844454, 'hidden_continuous_size': 13, 'attention_head_size': 1, 'learning_rate': 0.08141375436293244}. Best is trial 58 with value: 4.516717433929443.
LOCAL_RANK: 0 - CUDA_VISIBLE_DEVICES: [0]
[I 2023-11-30 10:27:27,413] Trial 104 finished with value: 4.9396748542785645 and parameters: {'gradient_clip_val': 0.443833833397109, 'hidden_size': 27, 'dropout': 0.35724012828211676, 'hidden_continuous_size': 12, 'attention_head_size': 1, 'learning_rate': 0.06800206101324238}. Best is trial 58 with value: 4.516717433929443.
LOCAL_RANK: 0 - CUDA_VISIBLE_DEVICES: [0]
[I 2023-11-30 10:27:39,820] Trial 105 finished with value: 4.783816814422607 and parameters: {'gradient_clip_val': 0.5145844547511546, 'hidden_size': 31, 'dropout': 0.3463079475259412, 'hidden_continuous_size': 10, 'attention_head_size': 1, 'learning_rate': 0.09703258615033945}. Best is trial 58 with value: 4.516717433929443.
LOCAL_RANK: 0 - CUDA_VISIBLE_DEVICES: [0]
[I 2023-11-30 10:27:52,648] Trial 106 finished with value: 4.885461807250977 and parameters: {'gradient_clip_val': 0.6429648627820673, 'hidden_size': 35, 'dropout': 0.3350519661950405, 'hidden_continuous_size': 17, 'attention_head_size': 1, 'learning_rate': 0.07367434119315577}. Best is trial 58 with value: 4.516717433929443.
LOCAL_RANK: 0 - CUDA_VISIBLE_DEVICES: [0]
[I 2023-11-30 10:28:05,237] Trial 107 finished with value: 5.552333831787109 and parameters: {'gradient_clip_val': 0.5698718076252802, 'hidden_size': 34, 'dropout': 0.37181197204160915, 'hidden_continuous_size': 11, 'attention_head_size': 1, 'learning_rate': 0.08447372316201766}. Best is trial 58 with value: 4.516717433929443.
LOCAL_RANK: 0 - CUDA_VISIBLE_DEVICES: [0]
[I 2023-11-30 10:28:18,037] Trial 108 finished with value: 5.57044792175293 and parameters: {'gradient_clip_val': 0.6110380693636689, 'hidden_size': 26, 'dropout': 0.3528205401350544, 'hidden_continuous_size': 10, 'attention_head_size': 1, 'learning_rate': 0.0575152665034372}. Best is trial 58 with value: 4.516717433929443.
LOCAL_RANK: 0 - CUDA_VISIBLE_DEVICES: [0]
[I 2023-11-30 10:28:30,629] Trial 109 finished with value: 4.860467910766602 and parameters: {'gradient_clip_val': 0.539826828458189, 'hidden_size': 29, 'dropout': 0.31778186714111384, 'hidden_continuous_size': 22, 'attention_head_size': 1, 'learning_rate': 0.06151435929454242}. Best is trial 58 with value: 4.516717433929443.
LOCAL_RANK: 0 - CUDA_VISIBLE_DEVICES: [0]
[I 2023-11-30 10:28:43,399] Trial 110 finished with value: 4.622902870178223 and parameters: {'gradient_clip_val': 0.47445725185451015, 'hidden_size': 40, 'dropout': 0.3402741186566437, 'hidden_continuous_size': 15, 'attention_head_size': 1, 'learning_rate': 0.08863849561354895}. Best is trial 58 with value: 4.516717433929443.
LOCAL_RANK: 0 - CUDA_VISIBLE_DEVICES: [0]
[I 2023-11-30 10:28:55,636] Trial 111 finished with value: 5.0206522941589355 and parameters: {'gradient_clip_val': 0.4688292913292446, 'hidden_size': 32, 'dropout': 0.3402678109930315, 'hidden_continuous_size': 14, 'attention_head_size': 1, 'learning_rate': 0.09995572080767802}. Best is trial 58 with value: 4.516717433929443.
LOCAL_RANK: 0 - CUDA_VISIBLE_DEVICES: [0]
[I 2023-11-30 10:29:08,304] Trial 112 finished with value: 5.180393695831299 and parameters: {'gradient_clip_val': 0.5170517136723447, 'hidden_size': 39, 'dropout': 0.3447373261470572, 'hidden_continuous_size': 15, 'attention_head_size': 1, 'learning_rate': 0.08428780553416097}. Best is trial 58 with value: 4.516717433929443.
LOCAL_RANK: 0 - CUDA_VISIBLE_DEVICES: [0]
[I 2023-11-30 10:29:20,781] Trial 113 finished with value: 4.627651214599609 and parameters: {'gradient_clip_val': 0.583528281927525, 'hidden_size': 36, 'dropout': 0.3279699315521041, 'hidden_continuous_size': 15, 'attention_head_size': 1, 'learning_rate': 0.09064951864406184}. Best is trial 58 with value: 4.516717433929443.
LOCAL_RANK: 0 - CUDA_VISIBLE_DEVICES: [0]
[I 2023-11-30 10:29:34,442] Trial 114 finished with value: 4.854456424713135 and parameters: {'gradient_clip_val': 0.671407447425045, 'hidden_size': 41, 'dropout': 0.3268610224558659, 'hidden_continuous_size': 13, 'attention_head_size': 1, 'learning_rate': 0.07417265035992197}. Best is trial 58 with value: 4.516717433929443.
LOCAL_RANK: 0 - CUDA_VISIBLE_DEVICES: [0]
[I 2023-11-30 10:29:47,309] Trial 115 finished with value: 4.905672550201416 and parameters: {'gradient_clip_val': 0.5979999512890156, 'hidden_size': 37, 'dropout': 0.3321506259264134, 'hidden_continuous_size': 15, 'attention_head_size': 1, 'learning_rate': 0.06955012923712685}. Best is trial 58 with value: 4.516717433929443.
LOCAL_RANK: 0 - CUDA_VISIBLE_DEVICES: [0]
[I 2023-11-30 10:29:59,995] Trial 116 finished with value: 5.157469272613525 and parameters: {'gradient_clip_val': 0.6313689016549743, 'hidden_size': 44, 'dropout': 0.3196128410573018, 'hidden_continuous_size': 14, 'attention_head_size': 1, 'learning_rate': 0.06416320508268956}. Best is trial 58 with value: 4.516717433929443.
LOCAL_RANK: 0 - CUDA_VISIBLE_DEVICES: [0]
[I 2023-11-30 10:30:12,826] Trial 117 finished with value: 4.89070463180542 and parameters: {'gradient_clip_val': 0.49869473663368785, 'hidden_size': 45, 'dropout': 0.32814093301447694, 'hidden_continuous_size': 19, 'attention_head_size': 1, 'learning_rate': 0.05047431481083599}. Best is trial 58 with value: 4.516717433929443.
LOCAL_RANK: 0 - CUDA_VISIBLE_DEVICES: [0]
[I 2023-11-30 10:30:25,547] Trial 118 finished with value: 4.526363849639893 and parameters: {'gradient_clip_val': 0.5700993474857835, 'hidden_size': 38, 'dropout': 0.3364409108430986, 'hidden_continuous_size': 16, 'attention_head_size': 1, 'learning_rate': 0.08005435282201419}. Best is trial 58 with value: 4.516717433929443.
LOCAL_RANK: 0 - CUDA_VISIBLE_DEVICES: [0]
[I 2023-11-30 10:30:37,870] Trial 119 finished with value: 5.077880859375 and parameters: {'gradient_clip_val': 0.5701845797782105, 'hidden_size': 40, 'dropout': 0.3249022873264042, 'hidden_continuous_size': 12, 'attention_head_size': 1, 'learning_rate': 0.07855432569550465}. Best is trial 58 with value: 4.516717433929443.
LOCAL_RANK: 0 - CUDA_VISIBLE_DEVICES: [0]
[I 2023-11-30 10:30:50,658] Trial 120 finished with value: 5.306203365325928 and parameters: {'gradient_clip_val': 0.4077570806093513, 'hidden_size': 37, 'dropout': 0.33676501441634893, 'hidden_continuous_size': 17, 'attention_head_size': 1, 'learning_rate': 0.056454737445819754}. Best is trial 58 with value: 4.516717433929443.
LOCAL_RANK: 0 - CUDA_VISIBLE_DEVICES: [0]
[I 2023-11-30 10:31:03,478] Trial 121 finished with value: 5.089444637298584 and parameters: {'gradient_clip_val': 0.584813927804549, 'hidden_size': 47, 'dropout': 0.34988656168817933, 'hidden_continuous_size': 16, 'attention_head_size': 1, 'learning_rate': 0.08685635063263183}. Best is trial 58 with value: 4.516717433929443.
LOCAL_RANK: 0 - CUDA_VISIBLE_DEVICES: [0]
[I 2023-11-30 10:31:16,263] Trial 122 finished with value: 4.844320297241211 and parameters: {'gradient_clip_val': 0.44954887613663697, 'hidden_size': 42, 'dropout': 0.3422736363774589, 'hidden_continuous_size': 15, 'attention_head_size': 1, 'learning_rate': 0.09984092297470497}. Best is trial 58 with value: 4.516717433929443.
LOCAL_RANK: 0 - CUDA_VISIBLE_DEVICES: [0]
[I 2023-11-30 10:31:28,798] Trial 123 finished with value: 5.330572605133057 and parameters: {'gradient_clip_val': 0.5524230182127222, 'hidden_size': 31, 'dropout': 0.3108539148008636, 'hidden_continuous_size': 16, 'attention_head_size': 1, 'learning_rate': 0.0799822640583511}. Best is trial 58 with value: 4.516717433929443.
LOCAL_RANK: 0 - CUDA_VISIBLE_DEVICES: [0]
[I 2023-11-30 10:31:41,421] Trial 124 finished with value: 5.123880863189697 and parameters: {'gradient_clip_val': 0.6749630413540285, 'hidden_size': 37, 'dropout': 0.33502255898990374, 'hidden_continuous_size': 18, 'attention_head_size': 1, 'learning_rate': 0.06529617920211238}. Best is trial 58 with value: 4.516717433929443.
LOCAL_RANK: 0 - CUDA_VISIBLE_DEVICES: [0]
[I 2023-11-30 10:31:54,338] Trial 125 finished with value: 4.638981342315674 and parameters: {'gradient_clip_val': 0.5104249282623247, 'hidden_size': 34, 'dropout': 0.31732589706874514, 'hidden_continuous_size': 17, 'attention_head_size': 1, 'learning_rate': 0.08664044283568109}. Best is trial 58 with value: 4.516717433929443.
LOCAL_RANK: 0 - CUDA_VISIBLE_DEVICES: [0]
[I 2023-11-30 10:32:06,538] Trial 126 finished with value: 5.061611175537109 and parameters: {'gradient_clip_val': 0.4700075450392341, 'hidden_size': 22, 'dropout': 0.31661897451128507, 'hidden_continuous_size': 12, 'attention_head_size': 1, 'learning_rate': 0.07375141582235376}. Best is trial 58 with value: 4.516717433929443.
LOCAL_RANK: 0 - CUDA_VISIBLE_DEVICES: [0]
[I 2023-11-30 10:32:18,970] Trial 127 finished with value: 4.787822723388672 and parameters: {'gradient_clip_val': 0.6210747367286054, 'hidden_size': 29, 'dropout': 0.323050513364627, 'hidden_continuous_size': 14, 'attention_head_size': 1, 'learning_rate': 0.08725302602407613}. Best is trial 58 with value: 4.516717433929443.
LOCAL_RANK: 0 - CUDA_VISIBLE_DEVICES: [0]
[I 2023-11-30 10:32:31,531] Trial 128 finished with value: 4.6595258712768555 and parameters: {'gradient_clip_val': 0.4938506457179908, 'hidden_size': 40, 'dropout': 0.3322630803052632, 'hidden_continuous_size': 23, 'attention_head_size': 1, 'learning_rate': 0.06827338176142796}. Best is trial 58 with value: 4.516717433929443.
LOCAL_RANK: 0 - CUDA_VISIBLE_DEVICES: [0]
[I 2023-11-30 10:32:44,023] Trial 129 finished with value: 4.570526123046875 and parameters: {'gradient_clip_val': 0.48896300765537537, 'hidden_size': 40, 'dropout': 0.3083901569990678, 'hidden_continuous_size': 23, 'attention_head_size': 1, 'learning_rate': 0.06770761593769342}. Best is trial 58 with value: 4.516717433929443.
LOCAL_RANK: 0 - CUDA_VISIBLE_DEVICES: [0]
[I 2023-11-30 10:32:56,790] Trial 130 finished with value: 5.02463960647583 and parameters: {'gradient_clip_val': 0.43041069949359706, 'hidden_size': 40, 'dropout': 0.29761443899717455, 'hidden_continuous_size': 25, 'attention_head_size': 1, 'learning_rate': 0.0676306751560191}. Best is trial 58 with value: 4.516717433929443.
LOCAL_RANK: 0 - CUDA_VISIBLE_DEVICES: [0]
[I 2023-11-30 10:33:09,794] Trial 131 finished with value: 5.56739616394043 and parameters: {'gradient_clip_val': 0.5022806421988449, 'hidden_size': 49, 'dropout': 0.3128901013393589, 'hidden_continuous_size': 23, 'attention_head_size': 1, 'learning_rate': 0.05366980718672524}. Best is trial 58 with value: 4.516717433929443.
LOCAL_RANK: 0 - CUDA_VISIBLE_DEVICES: [0]
[I 2023-11-30 10:33:22,735] Trial 132 finished with value: 4.542749881744385 and parameters: {'gradient_clip_val': 0.48722389285580436, 'hidden_size': 43, 'dropout': 0.3078982077370148, 'hidden_continuous_size': 21, 'attention_head_size': 1, 'learning_rate': 0.06100751740065534}. Best is trial 58 with value: 4.516717433929443.
LOCAL_RANK: 0 - CUDA_VISIBLE_DEVICES: [0]
[I 2023-11-30 10:33:35,468] Trial 133 finished with value: 4.683274745941162 and parameters: {'gradient_clip_val': 0.4830799567950559, 'hidden_size': 37, 'dropout': 0.3045780678748901, 'hidden_continuous_size': 24, 'attention_head_size': 1, 'learning_rate': 0.059787141710841714}. Best is trial 58 with value: 4.516717433929443.
LOCAL_RANK: 0 - CUDA_VISIBLE_DEVICES: [0]
[I 2023-11-30 10:33:48,362] Trial 134 finished with value: 5.045609951019287 and parameters: {'gradient_clip_val': 0.4508351125649119, 'hidden_size': 42, 'dropout': 0.3192353524125885, 'hidden_continuous_size': 22, 'attention_head_size': 1, 'learning_rate': 0.08158946890111597}. Best is trial 58 with value: 4.516717433929443.
LOCAL_RANK: 0 - CUDA_VISIBLE_DEVICES: [0]
[I 2023-11-30 10:34:01,371] Trial 135 finished with value: 4.825037002563477 and parameters: {'gradient_clip_val': 0.4115133754332404, 'hidden_size': 43, 'dropout': 0.3080337044906195, 'hidden_continuous_size': 21, 'attention_head_size': 1, 'learning_rate': 0.04844541299373834}. Best is trial 58 with value: 4.516717433929443.
LOCAL_RANK: 0 - CUDA_VISIBLE_DEVICES: [0]
[I 2023-11-30 10:34:14,190] Trial 136 finished with value: 4.682032108306885 and parameters: {'gradient_clip_val': 0.48399291742218464, 'hidden_size': 39, 'dropout': 0.32985668690609016, 'hidden_continuous_size': 30, 'attention_head_size': 1, 'learning_rate': 0.06866152411516278}. Best is trial 58 with value: 4.516717433929443.
LOCAL_RANK: 0 - CUDA_VISIBLE_DEVICES: [0]
[I 2023-11-30 10:34:27,210] Trial 137 finished with value: 5.023227214813232 and parameters: {'gradient_clip_val': 0.3809923687288127, 'hidden_size': 46, 'dropout': 0.29411195827900827, 'hidden_continuous_size': 26, 'attention_head_size': 1, 'learning_rate': 0.09018796965181572}. Best is trial 58 with value: 4.516717433929443.
LOCAL_RANK: 0 - CUDA_VISIBLE_DEVICES: [0]
[I 2023-11-30 10:34:39,828] Trial 138 finished with value: 5.911111354827881 and parameters: {'gradient_clip_val': 0.4248638576530191, 'hidden_size': 36, 'dropout': 0.2988540291187947, 'hidden_continuous_size': 21, 'attention_head_size': 1, 'learning_rate': 0.07994383674820764}. Best is trial 58 with value: 4.516717433929443.
LOCAL_RANK: 0 - CUDA_VISIBLE_DEVICES: [0]
[I 2023-11-30 10:34:52,713] Trial 139 finished with value: 5.119472503662109 and parameters: {'gradient_clip_val': 0.5027510673731357, 'hidden_size': 33, 'dropout': 0.3228413226680249, 'hidden_continuous_size': 24, 'attention_head_size': 1, 'learning_rate': 0.06357089271908709}. Best is trial 58 with value: 4.516717433929443.
LOCAL_RANK: 0 - CUDA_VISIBLE_DEVICES: [0]
[I 2023-11-30 10:35:05,627] Trial 140 finished with value: 4.9559550285339355 and parameters: {'gradient_clip_val': 0.5127269822442868, 'hidden_size': 38, 'dropout': 0.31742807223387914, 'hidden_continuous_size': 20, 'attention_head_size': 1, 'learning_rate': 0.05329443322611482}. Best is trial 58 with value: 4.516717433929443.
LOCAL_RANK: 0 - CUDA_VISIBLE_DEVICES: [0]
[I 2023-11-30 10:35:18,258] Trial 141 finished with value: 5.0982747077941895 and parameters: {'gradient_clip_val': 0.4806136666302325, 'hidden_size': 40, 'dropout': 0.32932482922276696, 'hidden_continuous_size': 23, 'attention_head_size': 1, 'learning_rate': 0.07066493628781689}. Best is trial 58 with value: 4.516717433929443.
LOCAL_RANK: 0 - CUDA_VISIBLE_DEVICES: [0]
[I 2023-11-30 10:35:31,016] Trial 142 finished with value: 5.186656475067139 and parameters: {'gradient_clip_val': 0.11729149576398026, 'hidden_size': 39, 'dropout': 0.32836071664979244, 'hidden_continuous_size': 29, 'attention_head_size': 1, 'learning_rate': 0.06926281270747323}. Best is trial 58 with value: 4.516717433929443.
LOCAL_RANK: 0 - CUDA_VISIBLE_DEVICES: [0]
[I 2023-11-30 10:35:43,901] Trial 143 finished with value: 5.2192301750183105 and parameters: {'gradient_clip_val': 0.4563619894760048, 'hidden_size': 45, 'dropout': 0.33185524951764184, 'hidden_continuous_size': 20, 'attention_head_size': 1, 'learning_rate': 0.04417958386049453}. Best is trial 58 with value: 4.516717433929443.
LOCAL_RANK: 0 - CUDA_VISIBLE_DEVICES: [0]
[I 2023-11-30 10:35:56,621] Trial 144 finished with value: 4.481834888458252 and parameters: {'gradient_clip_val': 0.5624107305996142, 'hidden_size': 35, 'dropout': 0.31245520797985066, 'hidden_continuous_size': 31, 'attention_head_size': 1, 'learning_rate': 0.08955518079962713}. Best is trial 144 with value: 4.481834888458252.
LOCAL_RANK: 0 - CUDA_VISIBLE_DEVICES: [0]
[I 2023-11-30 10:36:09,496] Trial 145 finished with value: 4.640895366668701 and parameters: {'gradient_clip_val': 0.5643121771196987, 'hidden_size': 35, 'dropout': 0.30994293968411407, 'hidden_continuous_size': 27, 'attention_head_size': 1, 'learning_rate': 0.09087866510798254}. Best is trial 144 with value: 4.481834888458252.
LOCAL_RANK: 0 - CUDA_VISIBLE_DEVICES: [0]
[I 2023-11-30 10:36:22,115] Trial 146 finished with value: 4.908627033233643 and parameters: {'gradient_clip_val': 0.558309161257875, 'hidden_size': 35, 'dropout': 0.3100919705137406, 'hidden_continuous_size': 24, 'attention_head_size': 1, 'learning_rate': 0.09046514425918888}. Best is trial 144 with value: 4.481834888458252.
LOCAL_RANK: 0 - CUDA_VISIBLE_DEVICES: [0]
[I 2023-11-30 10:36:34,716] Trial 147 finished with value: 4.854457378387451 and parameters: {'gradient_clip_val': 0.15257522254678288, 'hidden_size': 32, 'dropout': 0.3026903699276861, 'hidden_continuous_size': 28, 'attention_head_size': 1, 'learning_rate': 0.08371356526094935}. Best is trial 144 with value: 4.481834888458252.
LOCAL_RANK: 0 - CUDA_VISIBLE_DEVICES: [0]
[I 2023-11-30 10:36:47,551] Trial 148 finished with value: 4.667449951171875 and parameters: {'gradient_clip_val': 0.521446662607778, 'hidden_size': 34, 'dropout': 0.314005183853319, 'hidden_continuous_size': 26, 'attention_head_size': 1, 'learning_rate': 0.07510998321264811}. Best is trial 144 with value: 4.481834888458252.
LOCAL_RANK: 0 - CUDA_VISIBLE_DEVICES: [0]
[I 2023-11-30 10:37:00,278] Trial 149 finished with value: 7.716492176055908 and parameters: {'gradient_clip_val': 0.5696099601104565, 'hidden_size': 31, 'dropout': 0.2884872055183059, 'hidden_continuous_size': 25, 'attention_head_size': 1, 'learning_rate': 0.017407181161792275}. Best is trial 144 with value: 4.481834888458252.
[I 2023-11-30 10:37:00,391] A new study created in memory with name: no-name-4ab4a860-aa8a-42df-b162-ef83602853a5
/home/le004/conda/anaconda3/envs/tsff_env/lib/python3.9/site-packages/lightning/fabric/plugins/environments/slurm.py:191: The `srun` command is available on your system but is not used. HINT: If your intention is to run Lightning on SLURM, prepend your python command with `srun` like so: srun python /home/le004/master_thesis/git/TSFusionForecast/code/ ...
LOCAL_RANK: 0 - CUDA_VISIBLE_DEVICES: [0]
[I 2023-11-30 10:37:12,977] Trial 0 finished with value: 53.085693359375 and parameters: {'gradient_clip_val': 0.8770221080612737, 'hidden_size': 19, 'dropout': 0.3238852950766675, 'hidden_continuous_size': 12, 'attention_head_size': 2, 'learning_rate': 0.0013573246378150705}. Best is trial 0 with value: 53.085693359375.
LOCAL_RANK: 0 - CUDA_VISIBLE_DEVICES: [0]
[I 2023-11-30 10:37:25,617] Trial 1 finished with value: 34.02792739868164 and parameters: {'gradient_clip_val': 0.727678308034734, 'hidden_size': 40, 'dropout': 0.30627975357773307, 'hidden_continuous_size': 21, 'attention_head_size': 3, 'learning_rate': 0.003211442620373665}. Best is trial 1 with value: 34.02792739868164.
LOCAL_RANK: 0 - CUDA_VISIBLE_DEVICES: [0]
[I 2023-11-30 10:37:37,860] Trial 2 finished with value: 84.12305450439453 and parameters: {'gradient_clip_val': 0.11536053176636334, 'hidden_size': 14, 'dropout': 0.11957309911409231, 'hidden_continuous_size': 10, 'attention_head_size': 1, 'learning_rate': 0.0013348101552438252}. Best is trial 1 with value: 34.02792739868164.
LOCAL_RANK: 0 - CUDA_VISIBLE_DEVICES: [0]
[I 2023-11-30 10:37:51,646] Trial 3 finished with value: 10.461389541625977 and parameters: {'gradient_clip_val': 0.16121897550748193, 'hidden_size': 110, 'dropout': 0.27916469407810945, 'hidden_continuous_size': 13, 'attention_head_size': 4, 'learning_rate': 0.09754425530911132}. Best is trial 3 with value: 10.461389541625977.
LOCAL_RANK: 0 - CUDA_VISIBLE_DEVICES: [0]
[I 2023-11-30 10:38:02,163] Trial 4 finished with value: 29.79266357421875 and parameters: {'gradient_clip_val': 0.3126213858465269, 'hidden_size': 13, 'dropout': 0.35623820943305284, 'hidden_continuous_size': 13, 'attention_head_size': 4, 'learning_rate': 0.015790760787174236}. Best is trial 3 with value: 10.461389541625977.
LOCAL_RANK: 0 - CUDA_VISIBLE_DEVICES: [0]
[I 2023-11-30 10:38:15,879] Trial 5 finished with value: 10.517657279968262 and parameters: {'gradient_clip_val': 0.333871151002311, 'hidden_size': 71, 'dropout': 0.34517745302775443, 'hidden_continuous_size': 24, 'attention_head_size': 2, 'learning_rate': 0.036014529057618955}. Best is trial 3 with value: 10.461389541625977.
LOCAL_RANK: 0 - CUDA_VISIBLE_DEVICES: [0]
[I 2023-11-30 10:38:29,478] Trial 6 finished with value: 16.42145538330078 and parameters: {'gradient_clip_val': 0.24472708212772742, 'hidden_size': 54, 'dropout': 0.353780053603879, 'hidden_continuous_size': 31, 'attention_head_size': 4, 'learning_rate': 0.007232388703367778}. Best is trial 3 with value: 10.461389541625977.
LOCAL_RANK: 0 - CUDA_VISIBLE_DEVICES: [0]
[I 2023-11-30 10:38:42,714] Trial 7 finished with value: 11.278393745422363 and parameters: {'gradient_clip_val': 0.7455131776720587, 'hidden_size': 44, 'dropout': 0.2880087534974791, 'hidden_continuous_size': 24, 'attention_head_size': 1, 'learning_rate': 0.08422586112839145}. Best is trial 3 with value: 10.461389541625977.
LOCAL_RANK: 0 - CUDA_VISIBLE_DEVICES: [0]
