[I 2023-11-30 13:46:14,665] Trial 77 finished with value: 5.178371429443359 and parameters: {'gradient_clip_val': 0.28609128072612794, 'hidden_size': 78, 'dropout': 0.18433522227903856, 'hidden_continuous_size': 36, 'attention_head_size': 1, 'learning_rate': 0.016453491777725385}. Best is trial 18 with value: 4.467996597290039.
LOCAL_RANK: 0 - CUDA_VISIBLE_DEVICES: [0]
[I 2023-11-30 13:46:28,901] Trial 78 finished with value: 5.458792209625244 and parameters: {'gradient_clip_val': 0.32365463608129197, 'hidden_size': 86, 'dropout': 0.13024396062906118, 'hidden_continuous_size': 31, 'attention_head_size': 1, 'learning_rate': 0.025405035737812734}. Best is trial 18 with value: 4.467996597290039.
LOCAL_RANK: 0 - CUDA_VISIBLE_DEVICES: [0]
[I 2023-11-30 13:46:44,123] Trial 79 finished with value: 4.961212635040283 and parameters: {'gradient_clip_val': 0.37410962049029467, 'hidden_size': 118, 'dropout': 0.16820526527367882, 'hidden_continuous_size': 46, 'attention_head_size': 1, 'learning_rate': 0.031165465727207815}. Best is trial 18 with value: 4.467996597290039.
LOCAL_RANK: 0 - CUDA_VISIBLE_DEVICES: [0]
[I 2023-11-30 13:46:59,633] Trial 80 finished with value: 5.438653469085693 and parameters: {'gradient_clip_val': 0.375633597407458, 'hidden_size': 139, 'dropout': 0.1451017716231957, 'hidden_continuous_size': 64, 'attention_head_size': 1, 'learning_rate': 0.03429720535275554}. Best is trial 18 with value: 4.467996597290039.
LOCAL_RANK: 0 - CUDA_VISIBLE_DEVICES: [0]
[I 2023-11-30 13:47:15,363] Trial 81 finished with value: 7.04542350769043 and parameters: {'gradient_clip_val': 0.35144157322020086, 'hidden_size': 120, 'dropout': 0.16647607906239884, 'hidden_continuous_size': 46, 'attention_head_size': 1, 'learning_rate': 0.030177911120800895}. Best is trial 18 with value: 4.467996597290039.
LOCAL_RANK: 0 - CUDA_VISIBLE_DEVICES: [0]
[I 2023-11-30 13:47:30,234] Trial 82 finished with value: 4.977045059204102 and parameters: {'gradient_clip_val': 0.3064505084378937, 'hidden_size': 100, 'dropout': 0.17533893883768262, 'hidden_continuous_size': 41, 'attention_head_size': 1, 'learning_rate': 0.03893849114983622}. Best is trial 18 with value: 4.467996597290039.
LOCAL_RANK: 0 - CUDA_VISIBLE_DEVICES: [0]
[I 2023-11-30 13:47:44,761] Trial 83 finished with value: 5.243579864501953 and parameters: {'gradient_clip_val': 0.25546928281755804, 'hidden_size': 111, 'dropout': 0.20050344450865204, 'hidden_continuous_size': 43, 'attention_head_size': 1, 'learning_rate': 0.038471092758902745}. Best is trial 18 with value: 4.467996597290039.
LOCAL_RANK: 0 - CUDA_VISIBLE_DEVICES: [0]
[I 2023-11-30 13:47:59,490] Trial 84 finished with value: 5.677753448486328 and parameters: {'gradient_clip_val': 0.30479298996182375, 'hidden_size': 105, 'dropout': 0.18589485520405602, 'hidden_continuous_size': 41, 'attention_head_size': 1, 'learning_rate': 0.03966027519499973}. Best is trial 18 with value: 4.467996597290039.
LOCAL_RANK: 0 - CUDA_VISIBLE_DEVICES: [0]
[I 2023-11-30 13:48:14,268] Trial 85 finished with value: 6.982278823852539 and parameters: {'gradient_clip_val': 0.3623106059882957, 'hidden_size': 117, 'dropout': 0.15395573789097666, 'hidden_continuous_size': 53, 'attention_head_size': 1, 'learning_rate': 0.029398065359074736}. Best is trial 18 with value: 4.467996597290039.
LOCAL_RANK: 0 - CUDA_VISIBLE_DEVICES: [0]
[I 2023-11-30 13:48:29,607] Trial 86 finished with value: 4.765108108520508 and parameters: {'gradient_clip_val': 0.39687765327017266, 'hidden_size': 129, 'dropout': 0.16214812564532038, 'hidden_continuous_size': 49, 'attention_head_size': 2, 'learning_rate': 0.02684149682651424}. Best is trial 18 with value: 4.467996597290039.
LOCAL_RANK: 0 - CUDA_VISIBLE_DEVICES: [0]
[I 2023-11-30 13:48:44,608] Trial 87 finished with value: 5.471220016479492 and parameters: {'gradient_clip_val': 0.41514347953449243, 'hidden_size': 129, 'dropout': 0.1420731292979653, 'hidden_continuous_size': 56, 'attention_head_size': 2, 'learning_rate': 0.026385339961858156}. Best is trial 18 with value: 4.467996597290039.
LOCAL_RANK: 0 - CUDA_VISIBLE_DEVICES: [0]
[I 2023-11-30 13:49:00,386] Trial 88 finished with value: 6.027784824371338 and parameters: {'gradient_clip_val': 0.27447133804641927, 'hidden_size': 150, 'dropout': 0.16402634926847928, 'hidden_continuous_size': 48, 'attention_head_size': 2, 'learning_rate': 0.019486580018717555}. Best is trial 18 with value: 4.467996597290039.
LOCAL_RANK: 0 - CUDA_VISIBLE_DEVICES: [0]
[I 2023-11-30 13:49:15,135] Trial 89 finished with value: 6.037591457366943 and parameters: {'gradient_clip_val': 0.38982361568515556, 'hidden_size': 89, 'dropout': 0.20963841793650492, 'hidden_continuous_size': 45, 'attention_head_size': 2, 'learning_rate': 0.021318262791299235}. Best is trial 18 with value: 4.467996597290039.
LOCAL_RANK: 0 - CUDA_VISIBLE_DEVICES: [0]
[I 2023-11-30 13:49:29,881] Trial 90 finished with value: 6.057880401611328 and parameters: {'gradient_clip_val': 0.34325119632472706, 'hidden_size': 73, 'dropout': 0.13262493973814377, 'hidden_continuous_size': 39, 'attention_head_size': 4, 'learning_rate': 0.031158498367215896}. Best is trial 18 with value: 4.467996597290039.
LOCAL_RANK: 0 - CUDA_VISIBLE_DEVICES: [0]
[I 2023-11-30 13:49:45,360] Trial 91 finished with value: 6.528450012207031 and parameters: {'gradient_clip_val': 0.2968849309966508, 'hidden_size': 101, 'dropout': 0.1923599129249397, 'hidden_continuous_size': 50, 'attention_head_size': 1, 'learning_rate': 0.0342751655169975}. Best is trial 18 with value: 4.467996597290039.
LOCAL_RANK: 0 - CUDA_VISIBLE_DEVICES: [0]
[I 2023-11-30 13:50:00,543] Trial 92 finished with value: 7.562985897064209 and parameters: {'gradient_clip_val': 0.11080691768721176, 'hidden_size': 110, 'dropout': 0.1756830500944765, 'hidden_continuous_size': 41, 'attention_head_size': 1, 'learning_rate': 0.0449694565689693}. Best is trial 18 with value: 4.467996597290039.
LOCAL_RANK: 0 - CUDA_VISIBLE_DEVICES: [0]
[I 2023-11-30 13:50:15,160] Trial 93 finished with value: 5.591574192047119 and parameters: {'gradient_clip_val': 0.32096610701226636, 'hidden_size': 121, 'dropout': 0.15913822012290157, 'hidden_continuous_size': 37, 'attention_head_size': 1, 'learning_rate': 0.026881074612716275}. Best is trial 18 with value: 4.467996597290039.
LOCAL_RANK: 0 - CUDA_VISIBLE_DEVICES: [0]
[I 2023-11-30 13:50:30,012] Trial 94 finished with value: 6.729793548583984 and parameters: {'gradient_clip_val': 0.3099261196791593, 'hidden_size': 92, 'dropout': 0.17754898339154632, 'hidden_continuous_size': 43, 'attention_head_size': 1, 'learning_rate': 0.023810196177957203}. Best is trial 18 with value: 4.467996597290039.
LOCAL_RANK: 0 - CUDA_VISIBLE_DEVICES: [0]
[I 2023-11-30 13:50:44,582] Trial 95 finished with value: 6.579486846923828 and parameters: {'gradient_clip_val': 0.287605925515061, 'hidden_size': 100, 'dropout': 0.168328011245577, 'hidden_continuous_size': 46, 'attention_head_size': 2, 'learning_rate': 0.03609979002142307}. Best is trial 18 with value: 4.467996597290039.
LOCAL_RANK: 0 - CUDA_VISIBLE_DEVICES: [0]
[I 2023-11-30 13:50:59,265] Trial 96 finished with value: 8.830476760864258 and parameters: {'gradient_clip_val': 0.26718976473337813, 'hidden_size': 79, 'dropout': 0.20261442769618457, 'hidden_continuous_size': 39, 'attention_head_size': 1, 'learning_rate': 0.04075792287928893}. Best is trial 18 with value: 4.467996597290039.
LOCAL_RANK: 0 - CUDA_VISIBLE_DEVICES: [0]
[I 2023-11-30 13:51:14,486] Trial 97 finished with value: 5.9723734855651855 and parameters: {'gradient_clip_val': 0.10116494825204224, 'hidden_size': 134, 'dropout': 0.15107330294409846, 'hidden_continuous_size': 34, 'attention_head_size': 1, 'learning_rate': 0.02788925679024713}. Best is trial 18 with value: 4.467996597290039.
LOCAL_RANK: 0 - CUDA_VISIBLE_DEVICES: [0]
[I 2023-11-30 13:51:29,499] Trial 98 finished with value: 5.748279094696045 and parameters: {'gradient_clip_val': 0.23124850571635175, 'hidden_size': 125, 'dropout': 0.18322464474298314, 'hidden_continuous_size': 62, 'attention_head_size': 1, 'learning_rate': 0.023729807821129614}. Best is trial 18 with value: 4.467996597290039.
LOCAL_RANK: 0 - CUDA_VISIBLE_DEVICES: [0]
[I 2023-11-30 13:51:44,095] Trial 99 finished with value: 6.260426044464111 and parameters: {'gradient_clip_val': 0.24635802029824588, 'hidden_size': 83, 'dropout': 0.19485742427361294, 'hidden_continuous_size': 41, 'attention_head_size': 4, 'learning_rate': 0.03236744333102993}. Best is trial 18 with value: 4.467996597290039.
LOCAL_RANK: 0 - CUDA_VISIBLE_DEVICES: [0]
[I 2023-11-30 13:51:58,645] Trial 100 finished with value: 5.920713901519775 and parameters: {'gradient_clip_val': 0.3640028705402394, 'hidden_size': 67, 'dropout': 0.1871802535774531, 'hidden_continuous_size': 47, 'attention_head_size': 2, 'learning_rate': 0.049874870065621045}. Best is trial 18 with value: 4.467996597290039.
LOCAL_RANK: 0 - CUDA_VISIBLE_DEVICES: [0]
[I 2023-11-30 13:52:13,600] Trial 101 finished with value: 5.547544956207275 and parameters: {'gradient_clip_val': 0.3274911278161971, 'hidden_size': 95, 'dropout': 0.17309522578134162, 'hidden_continuous_size': 36, 'attention_head_size': 1, 'learning_rate': 0.01774287430048075}. Best is trial 18 with value: 4.467996597290039.
LOCAL_RANK: 0 - CUDA_VISIBLE_DEVICES: [0]
[I 2023-11-30 13:52:28,187] Trial 102 finished with value: 4.793651580810547 and parameters: {'gradient_clip_val': 0.33680538814368866, 'hidden_size': 100, 'dropout': 0.16101239175591878, 'hidden_continuous_size': 44, 'attention_head_size': 1, 'learning_rate': 0.021517833992493348}. Best is trial 18 with value: 4.467996597290039.
LOCAL_RANK: 0 - CUDA_VISIBLE_DEVICES: [0]
[I 2023-11-30 13:52:43,148] Trial 103 finished with value: 5.192213535308838 and parameters: {'gradient_clip_val': 0.34364505867869, 'hidden_size': 108, 'dropout': 0.144580481382017, 'hidden_continuous_size': 51, 'attention_head_size': 1, 'learning_rate': 0.019856255350298283}. Best is trial 18 with value: 4.467996597290039.
LOCAL_RANK: 0 - CUDA_VISIBLE_DEVICES: [0]
[I 2023-11-30 13:52:57,864] Trial 104 finished with value: 5.444385528564453 and parameters: {'gradient_clip_val': 0.3081704457013834, 'hidden_size': 116, 'dropout': 0.16589549926563657, 'hidden_continuous_size': 45, 'attention_head_size': 1, 'learning_rate': 0.024848979454951917}. Best is trial 18 with value: 4.467996597290039.
LOCAL_RANK: 0 - CUDA_VISIBLE_DEVICES: [0]
[I 2023-11-30 13:53:12,444] Trial 105 finished with value: 5.188741207122803 and parameters: {'gradient_clip_val': 0.28025958344577, 'hidden_size': 88, 'dropout': 0.15717575602939382, 'hidden_continuous_size': 44, 'attention_head_size': 1, 'learning_rate': 0.021420861201661152}. Best is trial 18 with value: 4.467996597290039.
LOCAL_RANK: 0 - CUDA_VISIBLE_DEVICES: [0]
[I 2023-11-30 13:53:27,512] Trial 106 finished with value: 4.787807941436768 and parameters: {'gradient_clip_val': 0.4021083200156424, 'hidden_size': 102, 'dropout': 0.13913308739164967, 'hidden_continuous_size': 49, 'attention_head_size': 1, 'learning_rate': 0.027897681357751173}. Best is trial 18 with value: 4.467996597290039.
LOCAL_RANK: 0 - CUDA_VISIBLE_DEVICES: [0]
[I 2023-11-30 13:53:42,486] Trial 107 finished with value: 6.498095989227295 and parameters: {'gradient_clip_val': 0.4426319380953712, 'hidden_size': 82, 'dropout': 0.13892931699937905, 'hidden_continuous_size': 49, 'attention_head_size': 1, 'learning_rate': 0.027996404423947196}. Best is trial 18 with value: 4.467996597290039.
LOCAL_RANK: 0 - CUDA_VISIBLE_DEVICES: [0]
[I 2023-11-30 13:53:57,555] Trial 108 finished with value: 5.741265773773193 and parameters: {'gradient_clip_val': 0.3800747594584166, 'hidden_size': 104, 'dropout': 0.12613020787224805, 'hidden_continuous_size': 56, 'attention_head_size': 1, 'learning_rate': 0.03036335380833254}. Best is trial 18 with value: 4.467996597290039.
LOCAL_RANK: 0 - CUDA_VISIBLE_DEVICES: [0]
[I 2023-11-30 13:54:11,879] Trial 109 finished with value: 6.193782329559326 and parameters: {'gradient_clip_val': 0.35796294527543315, 'hidden_size': 92, 'dropout': 0.14879668398075652, 'hidden_continuous_size': 43, 'attention_head_size': 1, 'learning_rate': 0.02127398316108776}. Best is trial 18 with value: 4.467996597290039.
LOCAL_RANK: 0 - CUDA_VISIBLE_DEVICES: [0]
[I 2023-11-30 13:54:27,226] Trial 110 finished with value: 6.764080047607422 and parameters: {'gradient_clip_val': 0.3965159471383322, 'hidden_size': 115, 'dropout': 0.12156571945697649, 'hidden_continuous_size': 52, 'attention_head_size': 1, 'learning_rate': 0.02358431365685337}. Best is trial 18 with value: 4.467996597290039.
LOCAL_RANK: 0 - CUDA_VISIBLE_DEVICES: [0]
[I 2023-11-30 13:54:41,753] Trial 111 finished with value: 5.235371112823486 and parameters: {'gradient_clip_val': 0.33463381373866635, 'hidden_size': 96, 'dropout': 0.15587790581884176, 'hidden_continuous_size': 47, 'attention_head_size': 1, 'learning_rate': 0.03621648007481841}. Best is trial 18 with value: 4.467996597290039.
LOCAL_RANK: 0 - CUDA_VISIBLE_DEVICES: [0]
[I 2023-11-30 13:54:56,530] Trial 112 finished with value: 5.81598424911499 and parameters: {'gradient_clip_val': 0.3710827182537517, 'hidden_size': 101, 'dropout': 0.16176461354895014, 'hidden_continuous_size': 50, 'attention_head_size': 1, 'learning_rate': 0.018636227848092192}. Best is trial 18 with value: 4.467996597290039.
LOCAL_RANK: 0 - CUDA_VISIBLE_DEVICES: [0]
[I 2023-11-30 13:55:10,851] Trial 113 finished with value: 6.053965091705322 and parameters: {'gradient_clip_val': 0.3467769939297805, 'hidden_size': 71, 'dropout': 0.17875715344873414, 'hidden_continuous_size': 40, 'attention_head_size': 1, 'learning_rate': 0.026749265359135268}. Best is trial 18 with value: 4.467996597290039.
LOCAL_RANK: 0 - CUDA_VISIBLE_DEVICES: [0]
[I 2023-11-30 13:55:25,321] Trial 114 finished with value: 6.4178466796875 and parameters: {'gradient_clip_val': 0.3129353629284348, 'hidden_size': 78, 'dropout': 0.14010457676627333, 'hidden_continuous_size': 49, 'attention_head_size': 1, 'learning_rate': 0.0301650620587642}. Best is trial 18 with value: 4.467996597290039.
LOCAL_RANK: 0 - CUDA_VISIBLE_DEVICES: [0]
[I 2023-11-30 13:55:39,269] Trial 115 finished with value: 8.902188301086426 and parameters: {'gradient_clip_val': 0.2942649381749169, 'hidden_size': 88, 'dropout': 0.15150448451532472, 'hidden_continuous_size': 42, 'attention_head_size': 4, 'learning_rate': 0.032194676640232824}. Best is trial 18 with value: 4.467996597290039.
LOCAL_RANK: 0 - CUDA_VISIBLE_DEVICES: [0]
[I 2023-11-30 13:55:53,307] Trial 116 finished with value: 5.737371921539307 and parameters: {'gradient_clip_val': 0.1543668143524932, 'hidden_size': 107, 'dropout': 0.16118656988452967, 'hidden_continuous_size': 38, 'attention_head_size': 1, 'learning_rate': 0.026089052035040375}. Best is trial 18 with value: 4.467996597290039.
LOCAL_RANK: 0 - CUDA_VISIBLE_DEVICES: [0]
[I 2023-11-30 13:56:07,500] Trial 117 finished with value: 6.016748905181885 and parameters: {'gradient_clip_val': 0.21447515472194076, 'hidden_size': 125, 'dropout': 0.16884666933601866, 'hidden_continuous_size': 33, 'attention_head_size': 1, 'learning_rate': 0.036909413785781206}. Best is trial 18 with value: 4.467996597290039.
LOCAL_RANK: 0 - CUDA_VISIBLE_DEVICES: [0]
[I 2023-11-30 13:56:21,401] Trial 118 finished with value: 5.451684474945068 and parameters: {'gradient_clip_val': 0.42695277781338087, 'hidden_size': 84, 'dropout': 0.14570949064774458, 'hidden_continuous_size': 46, 'attention_head_size': 2, 'learning_rate': 0.023496566714206354}. Best is trial 18 with value: 4.467996597290039.
LOCAL_RANK: 0 - CUDA_VISIBLE_DEVICES: [0]
[I 2023-11-30 13:56:35,410] Trial 119 finished with value: 7.466986179351807 and parameters: {'gradient_clip_val': 0.39602520024241555, 'hidden_size': 98, 'dropout': 0.1754733952280898, 'hidden_continuous_size': 54, 'attention_head_size': 1, 'learning_rate': 0.028232630164471573}. Best is trial 18 with value: 4.467996597290039.
LOCAL_RANK: 0 - CUDA_VISIBLE_DEVICES: [0]
[I 2023-11-30 13:56:49,375] Trial 120 finished with value: 4.923427581787109 and parameters: {'gradient_clip_val': 0.17550150206993195, 'hidden_size': 74, 'dropout': 0.21553101402948724, 'hidden_continuous_size': 51, 'attention_head_size': 3, 'learning_rate': 0.04047877431793625}. Best is trial 18 with value: 4.467996597290039.
LOCAL_RANK: 0 - CUDA_VISIBLE_DEVICES: [0]
[I 2023-11-30 13:57:03,303] Trial 121 finished with value: 6.8612823486328125 and parameters: {'gradient_clip_val': 0.18184370072449127, 'hidden_size': 75, 'dropout': 0.22075382923833572, 'hidden_continuous_size': 48, 'attention_head_size': 3, 'learning_rate': 0.04336018606841515}. Best is trial 18 with value: 4.467996597290039.
LOCAL_RANK: 0 - CUDA_VISIBLE_DEVICES: [0]
[I 2023-11-30 13:57:17,466] Trial 122 finished with value: 6.950977802276611 and parameters: {'gradient_clip_val': 0.13820699894279617, 'hidden_size': 90, 'dropout': 0.20805138509068652, 'hidden_continuous_size': 44, 'attention_head_size': 3, 'learning_rate': 0.03398444003061394}. Best is trial 18 with value: 4.467996597290039.
LOCAL_RANK: 0 - CUDA_VISIBLE_DEVICES: [0]
[I 2023-11-30 13:57:31,523] Trial 123 finished with value: 5.271936893463135 and parameters: {'gradient_clip_val': 0.15930585478692416, 'hidden_size': 82, 'dropout': 0.20263586155728086, 'hidden_continuous_size': 51, 'attention_head_size': 3, 'learning_rate': 0.05453381186897661}. Best is trial 18 with value: 4.467996597290039.
LOCAL_RANK: 0 - CUDA_VISIBLE_DEVICES: [0]
[I 2023-11-30 13:57:45,493] Trial 124 finished with value: 6.6429829597473145 and parameters: {'gradient_clip_val': 0.17366588800430763, 'hidden_size': 69, 'dropout': 0.21643019324212992, 'hidden_continuous_size': 54, 'attention_head_size': 3, 'learning_rate': 0.03214838781579334}. Best is trial 18 with value: 4.467996597290039.
LOCAL_RANK: 0 - CUDA_VISIBLE_DEVICES: [0]
[I 2023-11-30 13:57:59,776] Trial 125 finished with value: 6.481279373168945 and parameters: {'gradient_clip_val': 0.12331660114012227, 'hidden_size': 112, 'dropout': 0.22714435688807003, 'hidden_continuous_size': 67, 'attention_head_size': 3, 'learning_rate': 0.03973301572664895}. Best is trial 18 with value: 4.467996597290039.
LOCAL_RANK: 0 - CUDA_VISIBLE_DEVICES: [0]
[I 2023-11-30 13:58:13,693] Trial 126 finished with value: 5.260902404785156 and parameters: {'gradient_clip_val': 0.23041293692403933, 'hidden_size': 102, 'dropout': 0.19021725800655992, 'hidden_continuous_size': 40, 'attention_head_size': 1, 'learning_rate': 0.02032810335507522}. Best is trial 18 with value: 4.467996597290039.
LOCAL_RANK: 0 - CUDA_VISIBLE_DEVICES: [0]
[I 2023-11-30 13:58:27,759] Trial 127 finished with value: 5.447282314300537 and parameters: {'gradient_clip_val': 0.1286148547735066, 'hidden_size': 77, 'dropout': 0.19503131278240127, 'hidden_continuous_size': 45, 'attention_head_size': 3, 'learning_rate': 0.015676120649357767}. Best is trial 18 with value: 4.467996597290039.
LOCAL_RANK: 0 - CUDA_VISIBLE_DEVICES: [0]
[I 2023-11-30 13:58:42,002] Trial 128 finished with value: 5.400333404541016 and parameters: {'gradient_clip_val': 0.19454796704664373, 'hidden_size': 140, 'dropout': 0.18154513682581525, 'hidden_continuous_size': 59, 'attention_head_size': 1, 'learning_rate': 0.0183835069120761}. Best is trial 18 with value: 4.467996597290039.
LOCAL_RANK: 0 - CUDA_VISIBLE_DEVICES: [0]
[I 2023-11-30 13:58:56,111] Trial 129 finished with value: 5.710212707519531 and parameters: {'gradient_clip_val': 0.13377308518213146, 'hidden_size': 93, 'dropout': 0.2111033073914299, 'hidden_continuous_size': 38, 'attention_head_size': 4, 'learning_rate': 0.045946170990457925}. Best is trial 18 with value: 4.467996597290039.
LOCAL_RANK: 0 - CUDA_VISIBLE_DEVICES: [0]
[I 2023-11-30 13:59:09,754] Trial 130 finished with value: 5.471033573150635 and parameters: {'gradient_clip_val': 0.20887926553101985, 'hidden_size': 64, 'dropout': 0.15593421473926966, 'hidden_continuous_size': 47, 'attention_head_size': 3, 'learning_rate': 0.024816506256460365}. Best is trial 18 with value: 4.467996597290039.
LOCAL_RANK: 0 - CUDA_VISIBLE_DEVICES: [0]
[I 2023-11-30 13:59:23,732] Trial 131 finished with value: 6.08081579208374 and parameters: {'gradient_clip_val': 0.32619443057674674, 'hidden_size': 99, 'dropout': 0.17429883836734691, 'hidden_continuous_size': 41, 'attention_head_size': 1, 'learning_rate': 0.015372234807412885}. Best is trial 18 with value: 4.467996597290039.
LOCAL_RANK: 0 - CUDA_VISIBLE_DEVICES: [0]
[I 2023-11-30 13:59:37,571] Trial 132 finished with value: 6.171544551849365 and parameters: {'gradient_clip_val': 0.11785994353240765, 'hidden_size': 95, 'dropout': 0.1701682735714777, 'hidden_continuous_size': 35, 'attention_head_size': 1, 'learning_rate': 0.022120606208163925}. Best is trial 18 with value: 4.467996597290039.
LOCAL_RANK: 0 - CUDA_VISIBLE_DEVICES: [0]
[I 2023-11-30 13:59:51,780] Trial 133 finished with value: 6.359565734863281 and parameters: {'gradient_clip_val': 0.33148614840022017, 'hidden_size': 107, 'dropout': 0.1646429470617906, 'hidden_continuous_size': 37, 'attention_head_size': 1, 'learning_rate': 0.02802482854051154}. Best is trial 18 with value: 4.467996597290039.
LOCAL_RANK: 0 - CUDA_VISIBLE_DEVICES: [0]
[I 2023-11-30 14:00:05,459] Trial 134 finished with value: 6.2179856300354 and parameters: {'gradient_clip_val': 0.2935677602051462, 'hidden_size': 87, 'dropout': 0.18599670058019976, 'hidden_continuous_size': 28, 'attention_head_size': 1, 'learning_rate': 0.01714460747207535}. Best is trial 18 with value: 4.467996597290039.
LOCAL_RANK: 0 - CUDA_VISIBLE_DEVICES: [0]
[I 2023-11-30 14:00:19,426] Trial 135 finished with value: 6.264542102813721 and parameters: {'gradient_clip_val': 0.3573053404787043, 'hidden_size': 118, 'dropout': 0.15130184790388743, 'hidden_continuous_size': 31, 'attention_head_size': 1, 'learning_rate': 0.012891066887860944}. Best is trial 18 with value: 4.467996597290039.
LOCAL_RANK: 0 - CUDA_VISIBLE_DEVICES: [0]
