[I 2023-11-30 11:59:34,134] Trial 60 finished with value: 3.710261106491089 and parameters: {'gradient_clip_val': 0.1399506431400861, 'hidden_size': 76, 'dropout': 0.17139121398403254, 'hidden_continuous_size': 52, 'attention_head_size': 1, 'learning_rate': 0.005471608123037362}. Best is trial 57 with value: 3.38427996635437.
LOCAL_RANK: 0 - CUDA_VISIBLE_DEVICES: [0]
[I 2023-11-30 11:59:47,844] Trial 61 finished with value: 3.7714760303497314 and parameters: {'gradient_clip_val': 0.12399403412509497, 'hidden_size': 66, 'dropout': 0.187707068416929, 'hidden_continuous_size': 49, 'attention_head_size': 1, 'learning_rate': 0.0065328097238242224}. Best is trial 57 with value: 3.38427996635437.
LOCAL_RANK: 0 - CUDA_VISIBLE_DEVICES: [0]
[I 2023-11-30 12:00:01,350] Trial 62 finished with value: 3.760248899459839 and parameters: {'gradient_clip_val': 0.11173265950403176, 'hidden_size': 61, 'dropout': 0.21631865138326203, 'hidden_continuous_size': 44, 'attention_head_size': 1, 'learning_rate': 0.004754671187372338}. Best is trial 57 with value: 3.38427996635437.
LOCAL_RANK: 0 - CUDA_VISIBLE_DEVICES: [0]
[I 2023-11-30 12:00:15,287] Trial 63 finished with value: 4.058228969573975 and parameters: {'gradient_clip_val': 0.14864097608912102, 'hidden_size': 86, 'dropout': 0.1990251813996696, 'hidden_continuous_size': 61, 'attention_head_size': 1, 'learning_rate': 0.0038140621536788257}. Best is trial 57 with value: 3.38427996635437.
LOCAL_RANK: 0 - CUDA_VISIBLE_DEVICES: [0]
[I 2023-11-30 12:00:29,158] Trial 64 finished with value: 4.0624680519104 and parameters: {'gradient_clip_val': 0.12735315393771998, 'hidden_size': 76, 'dropout': 0.1736402156492588, 'hidden_continuous_size': 56, 'attention_head_size': 1, 'learning_rate': 0.005650576464065512}. Best is trial 57 with value: 3.38427996635437.
LOCAL_RANK: 0 - CUDA_VISIBLE_DEVICES: [0]
[I 2023-11-30 12:00:43,038] Trial 65 finished with value: 3.891374349594116 and parameters: {'gradient_clip_val': 0.10956064427997912, 'hidden_size': 100, 'dropout': 0.23286496009762764, 'hidden_continuous_size': 40, 'attention_head_size': 1, 'learning_rate': 0.008256942088510442}. Best is trial 57 with value: 3.38427996635437.
LOCAL_RANK: 0 - CUDA_VISIBLE_DEVICES: [0]
[I 2023-11-30 12:00:56,549] Trial 66 finished with value: 3.860771894454956 and parameters: {'gradient_clip_val': 0.13462290250892187, 'hidden_size': 55, 'dropout': 0.16153276566446442, 'hidden_continuous_size': 47, 'attention_head_size': 1, 'learning_rate': 0.002957892677258576}. Best is trial 57 with value: 3.38427996635437.
LOCAL_RANK: 0 - CUDA_VISIBLE_DEVICES: [0]
[I 2023-11-30 12:01:10,816] Trial 67 finished with value: 4.073171138763428 and parameters: {'gradient_clip_val': 0.11940003092400095, 'hidden_size': 136, 'dropout': 0.20635838129946155, 'hidden_continuous_size': 65, 'attention_head_size': 1, 'learning_rate': 0.010130533577792065}. Best is trial 57 with value: 3.38427996635437.
LOCAL_RANK: 0 - CUDA_VISIBLE_DEVICES: [0]
[I 2023-11-30 12:01:24,918] Trial 68 finished with value: 4.316074371337891 and parameters: {'gradient_clip_val': 0.17181128165947823, 'hidden_size': 116, 'dropout': 0.22134027932526262, 'hidden_continuous_size': 33, 'attention_head_size': 1, 'learning_rate': 0.0066761216519829174}. Best is trial 57 with value: 3.38427996635437.
LOCAL_RANK: 0 - CUDA_VISIBLE_DEVICES: [0]
[I 2023-11-30 12:01:39,169] Trial 69 finished with value: 3.6278553009033203 and parameters: {'gradient_clip_val': 0.10683864272881975, 'hidden_size': 90, 'dropout': 0.19357696267612842, 'hidden_continuous_size': 61, 'attention_head_size': 1, 'learning_rate': 0.004390399745695994}. Best is trial 57 with value: 3.38427996635437.
LOCAL_RANK: 0 - CUDA_VISIBLE_DEVICES: [0]
[I 2023-11-30 12:01:53,043] Trial 70 finished with value: 3.9477145671844482 and parameters: {'gradient_clip_val': 0.13343928024092602, 'hidden_size': 74, 'dropout': 0.17947048394805204, 'hidden_continuous_size': 52, 'attention_head_size': 2, 'learning_rate': 0.01834804467868631}. Best is trial 57 with value: 3.38427996635437.
LOCAL_RANK: 0 - CUDA_VISIBLE_DEVICES: [0]
[I 2023-11-30 12:02:07,071] Trial 71 finished with value: 5.327324867248535 and parameters: {'gradient_clip_val': 0.1041093792656646, 'hidden_size': 105, 'dropout': 0.22163996712896553, 'hidden_continuous_size': 28, 'attention_head_size': 3, 'learning_rate': 0.002134949155077297}. Best is trial 57 with value: 3.38427996635437.
LOCAL_RANK: 0 - CUDA_VISIBLE_DEVICES: [0]
[I 2023-11-30 12:02:20,939] Trial 72 finished with value: 3.9598071575164795 and parameters: {'gradient_clip_val': 0.11714697516791488, 'hidden_size': 86, 'dropout': 0.23910831454318532, 'hidden_continuous_size': 57, 'attention_head_size': 2, 'learning_rate': 0.0016858253214647495}. Best is trial 57 with value: 3.38427996635437.
LOCAL_RANK: 0 - CUDA_VISIBLE_DEVICES: [0]
[I 2023-11-30 12:02:34,832] Trial 73 finished with value: 4.303930759429932 and parameters: {'gradient_clip_val': 0.10096780960007602, 'hidden_size': 79, 'dropout': 0.20902570469792478, 'hidden_continuous_size': 54, 'attention_head_size': 1, 'learning_rate': 0.0028784088404598864}. Best is trial 57 with value: 3.38427996635437.
LOCAL_RANK: 0 - CUDA_VISIBLE_DEVICES: [0]
[I 2023-11-30 12:02:48,715] Trial 74 finished with value: 8.716623306274414 and parameters: {'gradient_clip_val': 0.12711126532393488, 'hidden_size': 65, 'dropout': 0.22508579370527856, 'hidden_continuous_size': 49, 'attention_head_size': 3, 'learning_rate': 0.001219551234180211}. Best is trial 57 with value: 3.38427996635437.
LOCAL_RANK: 0 - CUDA_VISIBLE_DEVICES: [0]
[I 2023-11-30 12:03:02,863] Trial 75 finished with value: 3.429152727127075 and parameters: {'gradient_clip_val': 0.11165780041979227, 'hidden_size': 95, 'dropout': 0.25216120582380547, 'hidden_continuous_size': 70, 'attention_head_size': 1, 'learning_rate': 0.002240374237052614}. Best is trial 57 with value: 3.38427996635437.
LOCAL_RANK: 0 - CUDA_VISIBLE_DEVICES: [0]
[I 2023-11-30 12:03:16,950] Trial 76 finished with value: 4.638732433319092 and parameters: {'gradient_clip_val': 0.14526888306635932, 'hidden_size': 94, 'dropout': 0.24953038524300564, 'hidden_continuous_size': 68, 'attention_head_size': 1, 'learning_rate': 0.0022338562785213087}. Best is trial 57 with value: 3.38427996635437.
LOCAL_RANK: 0 - CUDA_VISIBLE_DEVICES: [0]
[I 2023-11-30 12:03:30,798] Trial 77 finished with value: 3.851268768310547 and parameters: {'gradient_clip_val': 0.11329122973035388, 'hidden_size': 116, 'dropout': 0.23511547465507696, 'hidden_continuous_size': 61, 'attention_head_size': 1, 'learning_rate': 0.0033214841676419762}. Best is trial 57 with value: 3.38427996635437.
LOCAL_RANK: 0 - CUDA_VISIBLE_DEVICES: [0]
[I 2023-11-30 12:03:44,689] Trial 78 finished with value: 3.581197738647461 and parameters: {'gradient_clip_val': 0.15173725735420027, 'hidden_size': 71, 'dropout': 0.2453774840369667, 'hidden_continuous_size': 52, 'attention_head_size': 1, 'learning_rate': 0.00267810635048682}. Best is trial 57 with value: 3.38427996635437.
LOCAL_RANK: 0 - CUDA_VISIBLE_DEVICES: [0]
[I 2023-11-30 12:03:58,766] Trial 79 finished with value: 3.759087324142456 and parameters: {'gradient_clip_val': 0.12123072114135865, 'hidden_size': 82, 'dropout': 0.2492077793444576, 'hidden_continuous_size': 56, 'attention_head_size': 1, 'learning_rate': 0.0026244530282003246}. Best is trial 57 with value: 3.38427996635437.
LOCAL_RANK: 0 - CUDA_VISIBLE_DEVICES: [0]
[I 2023-11-30 12:04:12,651] Trial 80 finished with value: 3.6925036907196045 and parameters: {'gradient_clip_val': 0.13420014790472135, 'hidden_size': 97, 'dropout': 0.2607085298129269, 'hidden_continuous_size': 38, 'attention_head_size': 1, 'learning_rate': 0.002435284480744359}. Best is trial 57 with value: 3.38427996635437.
LOCAL_RANK: 0 - CUDA_VISIBLE_DEVICES: [0]
[I 2023-11-30 12:04:26,355] Trial 81 finished with value: 4.221255779266357 and parameters: {'gradient_clip_val': 0.1421033386851345, 'hidden_size': 72, 'dropout': 0.22983672450086656, 'hidden_continuous_size': 51, 'attention_head_size': 1, 'learning_rate': 0.003979365954644498}. Best is trial 57 with value: 3.38427996635437.
LOCAL_RANK: 0 - CUDA_VISIBLE_DEVICES: [0]
[I 2023-11-30 12:04:39,905] Trial 82 finished with value: 6.321227550506592 and parameters: {'gradient_clip_val': 0.15398610580487043, 'hidden_size': 58, 'dropout': 0.21582397348251228, 'hidden_continuous_size': 48, 'attention_head_size': 1, 'learning_rate': 0.0035287908141989925}. Best is trial 57 with value: 3.38427996635437.
LOCAL_RANK: 0 - CUDA_VISIBLE_DEVICES: [0]
[I 2023-11-30 12:04:53,502] Trial 83 finished with value: 3.5039947032928467 and parameters: {'gradient_clip_val': 0.11092961432901736, 'hidden_size': 63, 'dropout': 0.24523668251339698, 'hidden_continuous_size': 44, 'attention_head_size': 1, 'learning_rate': 0.002737894640142908}. Best is trial 57 with value: 3.38427996635437.
LOCAL_RANK: 0 - CUDA_VISIBLE_DEVICES: [0]
[I 2023-11-30 12:05:07,137] Trial 84 finished with value: 3.629283905029297 and parameters: {'gradient_clip_val': 0.1103131966182605, 'hidden_size': 71, 'dropout': 0.24557196435363168, 'hidden_continuous_size': 43, 'attention_head_size': 1, 'learning_rate': 0.0028774579437190737}. Best is trial 57 with value: 3.38427996635437.
LOCAL_RANK: 0 - CUDA_VISIBLE_DEVICES: [0]
[I 2023-11-30 12:05:21,110] Trial 85 finished with value: 4.697931289672852 and parameters: {'gradient_clip_val': 0.1279388778063521, 'hidden_size': 90, 'dropout': 0.27089291972521523, 'hidden_continuous_size': 59, 'attention_head_size': 1, 'learning_rate': 0.0017999747037578853}. Best is trial 57 with value: 3.38427996635437.
LOCAL_RANK: 0 - CUDA_VISIBLE_DEVICES: [0]
[I 2023-11-30 12:05:34,828] Trial 86 finished with value: 3.860426664352417 and parameters: {'gradient_clip_val': 0.10022221942183827, 'hidden_size': 66, 'dropout': 0.23792556103444182, 'hidden_continuous_size': 54, 'attention_head_size': 1, 'learning_rate': 0.004766566179063688}. Best is trial 57 with value: 3.38427996635437.
LOCAL_RANK: 0 - CUDA_VISIBLE_DEVICES: [0]
[I 2023-11-30 12:05:48,465] Trial 87 finished with value: 3.527386426925659 and parameters: {'gradient_clip_val': 0.11547337158921972, 'hidden_size': 82, 'dropout': 0.26169035806223284, 'hidden_continuous_size': 43, 'attention_head_size': 1, 'learning_rate': 0.0031558624617043633}. Best is trial 57 with value: 3.38427996635437.
LOCAL_RANK: 0 - CUDA_VISIBLE_DEVICES: [0]
[I 2023-11-30 12:06:02,411] Trial 88 finished with value: 4.318675994873047 and parameters: {'gradient_clip_val': 0.11376762171485308, 'hidden_size': 83, 'dropout': 0.25525241139044036, 'hidden_continuous_size': 63, 'attention_head_size': 1, 'learning_rate': 0.0032163121691018383}. Best is trial 57 with value: 3.38427996635437.
LOCAL_RANK: 0 - CUDA_VISIBLE_DEVICES: [0]
[I 2023-11-30 12:06:16,765] Trial 89 finished with value: 3.7101738452911377 and parameters: {'gradient_clip_val': 0.12052319901748203, 'hidden_size': 100, 'dropout': 0.2591702319329792, 'hidden_continuous_size': 69, 'attention_head_size': 1, 'learning_rate': 0.0026791833145169627}. Best is trial 57 with value: 3.38427996635437.
LOCAL_RANK: 0 - CUDA_VISIBLE_DEVICES: [0]
[I 2023-11-30 12:06:30,462] Trial 90 finished with value: 4.808603763580322 and parameters: {'gradient_clip_val': 0.10458152912152567, 'hidden_size': 69, 'dropout': 0.281831093839829, 'hidden_continuous_size': 51, 'attention_head_size': 1, 'learning_rate': 0.0019212298484916023}. Best is trial 57 with value: 3.38427996635437.
LOCAL_RANK: 0 - CUDA_VISIBLE_DEVICES: [0]
[I 2023-11-30 12:06:44,036] Trial 91 finished with value: 3.362581968307495 and parameters: {'gradient_clip_val': 0.10813125105652767, 'hidden_size': 76, 'dropout': 0.24440816566685547, 'hidden_continuous_size': 45, 'attention_head_size': 1, 'learning_rate': 0.002245412174250435}. Best is trial 91 with value: 3.362581968307495.
LOCAL_RANK: 0 - CUDA_VISIBLE_DEVICES: [0]
[I 2023-11-30 12:06:57,656] Trial 92 finished with value: 4.786515712738037 and parameters: {'gradient_clip_val': 0.10852193178395052, 'hidden_size': 80, 'dropout': 0.24402411175417338, 'hidden_continuous_size': 45, 'attention_head_size': 1, 'learning_rate': 0.0022953231094961063}. Best is trial 91 with value: 3.362581968307495.
LOCAL_RANK: 0 - CUDA_VISIBLE_DEVICES: [0]
[I 2023-11-30 12:07:11,645] Trial 93 finished with value: 4.654380798339844 and parameters: {'gradient_clip_val': 0.12537048895872133, 'hidden_size': 87, 'dropout': 0.23550238553213007, 'hidden_continuous_size': 43, 'attention_head_size': 1, 'learning_rate': 0.0021042734987599975}. Best is trial 91 with value: 3.362581968307495.
LOCAL_RANK: 0 - CUDA_VISIBLE_DEVICES: [0]
[I 2023-11-30 12:07:25,628] Trial 94 finished with value: 4.074921131134033 and parameters: {'gradient_clip_val': 0.11671761390062949, 'hidden_size': 75, 'dropout': 0.24638123179580154, 'hidden_continuous_size': 50, 'attention_head_size': 1, 'learning_rate': 0.002503165380839946}. Best is trial 91 with value: 3.362581968307495.
LOCAL_RANK: 0 - CUDA_VISIBLE_DEVICES: [0]
[I 2023-11-30 12:07:39,257] Trial 95 finished with value: 3.7184360027313232 and parameters: {'gradient_clip_val': 0.13772404870437446, 'hidden_size': 65, 'dropout': 0.2621750605542492, 'hidden_continuous_size': 53, 'attention_head_size': 1, 'learning_rate': 0.0035553260456405505}. Best is trial 91 with value: 3.362581968307495.
LOCAL_RANK: 0 - CUDA_VISIBLE_DEVICES: [0]
[I 2023-11-30 12:07:53,179] Trial 96 finished with value: 3.6284444332122803 and parameters: {'gradient_clip_val': 0.10753748682957984, 'hidden_size': 93, 'dropout': 0.2517423531479021, 'hidden_continuous_size': 39, 'attention_head_size': 1, 'learning_rate': 0.0030709376644052224}. Best is trial 91 with value: 3.362581968307495.
LOCAL_RANK: 0 - CUDA_VISIBLE_DEVICES: [0]
[I 2023-11-30 12:08:06,859] Trial 97 finished with value: 4.7528510093688965 and parameters: {'gradient_clip_val': 0.12939275506347356, 'hidden_size': 70, 'dropout': 0.2303261898915253, 'hidden_continuous_size': 47, 'attention_head_size': 1, 'learning_rate': 0.0016383611872031172}. Best is trial 91 with value: 3.362581968307495.
LOCAL_RANK: 0 - CUDA_VISIBLE_DEVICES: [0]
[I 2023-11-30 12:08:20,886] Trial 98 finished with value: 3.3175270557403564 and parameters: {'gradient_clip_val': 0.11262342535824824, 'hidden_size': 107, 'dropout': 0.24041116962048947, 'hidden_continuous_size': 58, 'attention_head_size': 1, 'learning_rate': 0.004137700697030976}. Best is trial 98 with value: 3.3175270557403564.
LOCAL_RANK: 0 - CUDA_VISIBLE_DEVICES: [0]
[I 2023-11-30 12:08:34,996] Trial 99 finished with value: 3.636476516723633 and parameters: {'gradient_clip_val': 0.11175134644715295, 'hidden_size': 107, 'dropout': 0.240878490694731, 'hidden_continuous_size': 57, 'attention_head_size': 1, 'learning_rate': 0.004134284581791163}. Best is trial 98 with value: 3.3175270557403564.
LOCAL_RANK: 0 - CUDA_VISIBLE_DEVICES: [0]
[I 2023-11-30 12:08:49,483] Trial 100 finished with value: 4.327122211456299 and parameters: {'gradient_clip_val': 0.10363797612423112, 'hidden_size': 131, 'dropout': 0.21935493294105482, 'hidden_continuous_size': 72, 'attention_head_size': 1, 'learning_rate': 0.0037750335290084825}. Best is trial 98 with value: 3.3175270557403564.
LOCAL_RANK: 0 - CUDA_VISIBLE_DEVICES: [0]
[I 2023-11-30 12:09:03,500] Trial 101 finished with value: 3.8790619373321533 and parameters: {'gradient_clip_val': 0.11833648939027709, 'hidden_size': 102, 'dropout': 0.25367269159389616, 'hidden_continuous_size': 59, 'attention_head_size': 1, 'learning_rate': 0.0026723514225837123}. Best is trial 98 with value: 3.3175270557403564.
LOCAL_RANK: 0 - CUDA_VISIBLE_DEVICES: [0]
[I 2023-11-30 12:09:17,300] Trial 102 finished with value: 3.8631725311279297 and parameters: {'gradient_clip_val': 0.1250749822764084, 'hidden_size': 80, 'dropout': 0.236714128018919, 'hidden_continuous_size': 55, 'attention_head_size': 1, 'learning_rate': 0.003239622128444786}. Best is trial 98 with value: 3.3175270557403564.
LOCAL_RANK: 0 - CUDA_VISIBLE_DEVICES: [0]
[I 2023-11-30 12:09:31,677] Trial 103 finished with value: 3.7287280559539795 and parameters: {'gradient_clip_val': 0.11085862092579134, 'hidden_size': 113, 'dropout': 0.2664194361750782, 'hidden_continuous_size': 76, 'attention_head_size': 1, 'learning_rate': 0.004375332014666925}. Best is trial 98 with value: 3.3175270557403564.
LOCAL_RANK: 0 - CUDA_VISIBLE_DEVICES: [0]
[I 2023-11-30 12:09:45,866] Trial 104 finished with value: 3.4345510005950928 and parameters: {'gradient_clip_val': 0.10058111025221822, 'hidden_size': 95, 'dropout': 0.2470499529674056, 'hidden_continuous_size': 44, 'attention_head_size': 1, 'learning_rate': 0.0020957632562263098}. Best is trial 98 with value: 3.3175270557403564.
LOCAL_RANK: 0 - CUDA_VISIBLE_DEVICES: [0]
[I 2023-11-30 12:09:59,772] Trial 105 finished with value: 4.235626220703125 and parameters: {'gradient_clip_val': 0.10013171379889849, 'hidden_size': 95, 'dropout': 0.27902316750524253, 'hidden_continuous_size': 45, 'attention_head_size': 1, 'learning_rate': 0.0015237125377378447}. Best is trial 98 with value: 3.3175270557403564.
LOCAL_RANK: 0 - CUDA_VISIBLE_DEVICES: [0]
[I 2023-11-30 12:10:13,595] Trial 106 finished with value: 3.471585273742676 and parameters: {'gradient_clip_val': 0.11493402988017973, 'hidden_size': 88, 'dropout': 0.25529677820077873, 'hidden_continuous_size': 48, 'attention_head_size': 1, 'learning_rate': 0.0019690245112823413}. Best is trial 98 with value: 3.3175270557403564.
LOCAL_RANK: 0 - CUDA_VISIBLE_DEVICES: [0]
[I 2023-11-30 12:10:27,596] Trial 107 finished with value: 3.980733633041382 and parameters: {'gradient_clip_val': 0.10548161747653793, 'hidden_size': 86, 'dropout': 0.26212852884705684, 'hidden_continuous_size': 49, 'attention_head_size': 1, 'learning_rate': 0.002163085913784195}. Best is trial 98 with value: 3.3175270557403564.
LOCAL_RANK: 0 - CUDA_VISIBLE_DEVICES: [0]
[I 2023-11-30 12:10:41,461] Trial 108 finished with value: 5.9755539894104 and parameters: {'gradient_clip_val': 0.11333523889859765, 'hidden_size': 90, 'dropout': 0.24880932305750667, 'hidden_continuous_size': 42, 'attention_head_size': 1, 'learning_rate': 0.0019793214081425276}. Best is trial 98 with value: 3.3175270557403564.
LOCAL_RANK: 0 - CUDA_VISIBLE_DEVICES: [0]
[I 2023-11-30 12:10:55,368] Trial 109 finished with value: 5.375725269317627 and parameters: {'gradient_clip_val': 0.10499762080033567, 'hidden_size': 75, 'dropout': 0.22929555539385155, 'hidden_continuous_size': 47, 'attention_head_size': 1, 'learning_rate': 0.001831116323548847}. Best is trial 98 with value: 3.3175270557403564.
LOCAL_RANK: 0 - CUDA_VISIBLE_DEVICES: [0]
[I 2023-11-30 12:11:09,580] Trial 110 finished with value: 3.901153564453125 and parameters: {'gradient_clip_val': 0.11965267254933735, 'hidden_size': 97, 'dropout': 0.2583718419746351, 'hidden_continuous_size': 40, 'attention_head_size': 4, 'learning_rate': 0.0023081239291750273}. Best is trial 98 with value: 3.3175270557403564.
LOCAL_RANK: 0 - CUDA_VISIBLE_DEVICES: [0]
[I 2023-11-30 12:11:23,653] Trial 111 finished with value: 3.7108421325683594 and parameters: {'gradient_clip_val': 0.11547619163921362, 'hidden_size': 122, 'dropout': 0.2140543400527004, 'hidden_continuous_size': 37, 'attention_head_size': 1, 'learning_rate': 0.00531188087493706}. Best is trial 98 with value: 3.3175270557403564.
LOCAL_RANK: 0 - CUDA_VISIBLE_DEVICES: [0]
[I 2023-11-30 12:11:37,724] Trial 112 finished with value: 4.557699680328369 and parameters: {'gradient_clip_val': 0.10947657523767645, 'hidden_size': 105, 'dropout': 0.25331816710794314, 'hidden_continuous_size': 44, 'attention_head_size': 1, 'learning_rate': 0.001392224932940384}. Best is trial 98 with value: 3.3175270557403564.
LOCAL_RANK: 0 - CUDA_VISIBLE_DEVICES: [0]
[I 2023-11-30 12:11:51,512] Trial 113 finished with value: 3.7169344425201416 and parameters: {'gradient_clip_val': 0.1319373539243412, 'hidden_size': 85, 'dropout': 0.20371573208138827, 'hidden_continuous_size': 48, 'attention_head_size': 1, 'learning_rate': 0.0029002863691486858}. Best is trial 98 with value: 3.3175270557403564.
LOCAL_RANK: 0 - CUDA_VISIBLE_DEVICES: [0]
[I 2023-11-30 12:12:05,762] Trial 114 finished with value: 3.8435022830963135 and parameters: {'gradient_clip_val': 0.12298263064551913, 'hidden_size': 111, 'dropout': 0.24126238517586396, 'hidden_continuous_size': 42, 'attention_head_size': 1, 'learning_rate': 0.0024082061687983308}. Best is trial 98 with value: 3.3175270557403564.
LOCAL_RANK: 0 - CUDA_VISIBLE_DEVICES: [0]
[I 2023-11-30 12:12:19,395] Trial 115 finished with value: 3.729018449783325 and parameters: {'gradient_clip_val': 0.10365122190280152, 'hidden_size': 62, 'dropout': 0.2234201445935287, 'hidden_continuous_size': 54, 'attention_head_size': 1, 'learning_rate': 0.003574628437930576}. Best is trial 98 with value: 3.3175270557403564.
LOCAL_RANK: 0 - CUDA_VISIBLE_DEVICES: [0]
[I 2023-11-30 12:12:33,696] Trial 116 finished with value: 5.021432399749756 and parameters: {'gradient_clip_val': 0.10006110077612312, 'hidden_size': 141, 'dropout': 0.19648138450302743, 'hidden_continuous_size': 62, 'attention_head_size': 1, 'learning_rate': 0.0020005313828429902}. Best is trial 98 with value: 3.3175270557403564.
LOCAL_RANK: 0 - CUDA_VISIBLE_DEVICES: [0]
[I 2023-11-30 12:12:47,628] Trial 117 finished with value: 3.8193979263305664 and parameters: {'gradient_clip_val': 0.11660839047026633, 'hidden_size': 79, 'dropout': 0.2336989174349502, 'hidden_continuous_size': 57, 'attention_head_size': 1, 'learning_rate': 0.001676044100467659}. Best is trial 98 with value: 3.3175270557403564.
LOCAL_RANK: 0 - CUDA_VISIBLE_DEVICES: [0]
[I 2023-11-30 12:13:01,536] Trial 118 finished with value: 3.4532573223114014 and parameters: {'gradient_clip_val': 0.10954079741144705, 'hidden_size': 92, 'dropout': 0.1889260062276376, 'hidden_continuous_size': 51, 'attention_head_size': 1, 'learning_rate': 0.003984312923446131}. Best is trial 98 with value: 3.3175270557403564.
LOCAL_RANK: 0 - CUDA_VISIBLE_DEVICES: [0]
