[I 2023-11-29 20:58:12,800] Trial 82 finished with value: 12.10619831085205 and parameters: {'gradient_clip_val': 0.17583685844114474, 'hidden_size': 136, 'dropout': 0.3940862212672338, 'hidden_continuous_size': 120, 'attention_head_size': 1, 'learning_rate': 0.09075319375587583}. Best is trial 68 with value: 4.81273889541626.
LOCAL_RANK: 0 - CUDA_VISIBLE_DEVICES: [0]
[I 2023-11-29 20:58:27,263] Trial 83 finished with value: 6.141890048980713 and parameters: {'gradient_clip_val': 0.1582888102597124, 'hidden_size': 137, 'dropout': 0.38491688404391405, 'hidden_continuous_size': 92, 'attention_head_size': 1, 'learning_rate': 0.0517189449239757}. Best is trial 68 with value: 4.81273889541626.
LOCAL_RANK: 0 - CUDA_VISIBLE_DEVICES: [0]
[I 2023-11-29 20:58:41,823] Trial 84 finished with value: 7.050405979156494 and parameters: {'gradient_clip_val': 0.19639356621931142, 'hidden_size': 117, 'dropout': 0.36672364261294627, 'hidden_continuous_size': 93, 'attention_head_size': 1, 'learning_rate': 0.05218580843403857}. Best is trial 68 with value: 4.81273889541626.
LOCAL_RANK: 0 - CUDA_VISIBLE_DEVICES: [0]
[I 2023-11-29 20:58:55,902] Trial 85 finished with value: 10.10266399383545 and parameters: {'gradient_clip_val': 0.21181697004604236, 'hidden_size': 128, 'dropout': 0.3769229989632167, 'hidden_continuous_size': 78, 'attention_head_size': 1, 'learning_rate': 0.04432955814424459}. Best is trial 68 with value: 4.81273889541626.
LOCAL_RANK: 0 - CUDA_VISIBLE_DEVICES: [0]
[I 2023-11-29 20:59:10,064] Trial 86 finished with value: 11.749801635742188 and parameters: {'gradient_clip_val': 0.16053535253466164, 'hidden_size': 112, 'dropout': 0.38653443479683347, 'hidden_continuous_size': 84, 'attention_head_size': 1, 'learning_rate': 0.06260045226099888}. Best is trial 68 with value: 4.81273889541626.
LOCAL_RANK: 0 - CUDA_VISIBLE_DEVICES: [0]
[I 2023-11-29 20:59:24,438] Trial 87 finished with value: 8.793705940246582 and parameters: {'gradient_clip_val': 0.11268785806494276, 'hidden_size': 84, 'dropout': 0.35357227257486473, 'hidden_continuous_size': 73, 'attention_head_size': 4, 'learning_rate': 0.08094177669253143}. Best is trial 68 with value: 4.81273889541626.
LOCAL_RANK: 0 - CUDA_VISIBLE_DEVICES: [0]
[I 2023-11-29 20:59:38,881] Trial 88 finished with value: 12.801068305969238 and parameters: {'gradient_clip_val': 0.13633188011211575, 'hidden_size': 101, 'dropout': 0.34479057119978795, 'hidden_continuous_size': 79, 'attention_head_size': 1, 'learning_rate': 0.049036464029320576}. Best is trial 68 with value: 4.81273889541626.
LOCAL_RANK: 0 - CUDA_VISIBLE_DEVICES: [0]
[I 2023-11-29 20:59:53,298] Trial 89 finished with value: 8.195244789123535 and parameters: {'gradient_clip_val': 0.12065986499686468, 'hidden_size': 93, 'dropout': 0.35546317719899284, 'hidden_continuous_size': 74, 'attention_head_size': 3, 'learning_rate': 0.059917570657173715}. Best is trial 68 with value: 4.81273889541626.
LOCAL_RANK: 0 - CUDA_VISIBLE_DEVICES: [0]
[I 2023-11-29 21:00:08,307] Trial 90 finished with value: 8.708057403564453 and parameters: {'gradient_clip_val': 0.10661621303119188, 'hidden_size': 142, 'dropout': 0.37375376664090504, 'hidden_continuous_size': 90, 'attention_head_size': 4, 'learning_rate': 0.09072408145736409}. Best is trial 68 with value: 4.81273889541626.
LOCAL_RANK: 0 - CUDA_VISIBLE_DEVICES: [0]
[I 2023-11-29 21:00:22,849] Trial 91 finished with value: 10.36662769317627 and parameters: {'gradient_clip_val': 0.1479206042955691, 'hidden_size': 133, 'dropout': 0.38403816809723546, 'hidden_continuous_size': 99, 'attention_head_size': 1, 'learning_rate': 0.072553365326186}. Best is trial 68 with value: 4.81273889541626.
LOCAL_RANK: 0 - CUDA_VISIBLE_DEVICES: [0]
[I 2023-11-29 21:00:37,530] Trial 92 finished with value: 7.276136875152588 and parameters: {'gradient_clip_val': 0.15712518008497087, 'hidden_size': 148, 'dropout': 0.39260222919584076, 'hidden_continuous_size': 116, 'attention_head_size': 1, 'learning_rate': 0.06679785148710346}. Best is trial 68 with value: 4.81273889541626.
LOCAL_RANK: 0 - CUDA_VISIBLE_DEVICES: [0]
[I 2023-11-29 21:00:51,924] Trial 93 finished with value: 6.374658584594727 and parameters: {'gradient_clip_val': 0.15212076313451434, 'hidden_size': 124, 'dropout': 0.3942001148982219, 'hidden_continuous_size': 68, 'attention_head_size': 1, 'learning_rate': 0.05470151165085359}. Best is trial 68 with value: 4.81273889541626.
LOCAL_RANK: 0 - CUDA_VISIBLE_DEVICES: [0]
[I 2023-11-29 21:01:06,019] Trial 94 finished with value: 5.966518878936768 and parameters: {'gradient_clip_val': 0.1671097371204143, 'hidden_size': 104, 'dropout': 0.3646676586092009, 'hidden_continuous_size': 67, 'attention_head_size': 1, 'learning_rate': 0.05306861407070204}. Best is trial 68 with value: 4.81273889541626.
LOCAL_RANK: 0 - CUDA_VISIBLE_DEVICES: [0]
[I 2023-11-29 21:01:20,402] Trial 95 finished with value: 8.736915588378906 and parameters: {'gradient_clip_val': 0.16616437244926785, 'hidden_size': 126, 'dropout': 0.3814172609875479, 'hidden_continuous_size': 68, 'attention_head_size': 1, 'learning_rate': 0.05531242450455976}. Best is trial 68 with value: 4.81273889541626.
LOCAL_RANK: 0 - CUDA_VISIBLE_DEVICES: [0]
[I 2023-11-29 21:01:34,477] Trial 96 finished with value: 6.96655797958374 and parameters: {'gradient_clip_val': 0.177894127108478, 'hidden_size': 114, 'dropout': 0.3996676481998529, 'hidden_continuous_size': 62, 'attention_head_size': 1, 'learning_rate': 0.044075905830817136}. Best is trial 68 with value: 4.81273889541626.
LOCAL_RANK: 0 - CUDA_VISIBLE_DEVICES: [0]
[I 2023-11-29 21:01:48,640] Trial 97 finished with value: 9.000324249267578 and parameters: {'gradient_clip_val': 0.15535106660274048, 'hidden_size': 122, 'dropout': 0.37473657796484366, 'hidden_continuous_size': 57, 'attention_head_size': 1, 'learning_rate': 0.051021540658027054}. Best is trial 68 with value: 4.81273889541626.
LOCAL_RANK: 0 - CUDA_VISIBLE_DEVICES: [0]
[I 2023-11-29 21:02:03,018] Trial 98 finished with value: 8.35048770904541 and parameters: {'gradient_clip_val': 0.14127665505637724, 'hidden_size': 105, 'dropout': 0.38974456712883593, 'hidden_continuous_size': 76, 'attention_head_size': 1, 'learning_rate': 0.08149070218739236}. Best is trial 68 with value: 4.81273889541626.
LOCAL_RANK: 0 - CUDA_VISIBLE_DEVICES: [0]
[I 2023-11-29 21:02:17,258] Trial 99 finished with value: 8.54543399810791 and parameters: {'gradient_clip_val': 0.16903800027983182, 'hidden_size': 97, 'dropout': 0.3640267212092886, 'hidden_continuous_size': 69, 'attention_head_size': 1, 'learning_rate': 0.058293687029127315}. Best is trial 68 with value: 4.81273889541626.
LOCAL_RANK: 0 - CUDA_VISIBLE_DEVICES: [0]
[I 2023-11-29 21:02:31,615] Trial 100 finished with value: 12.357728004455566 and parameters: {'gradient_clip_val': 0.1317738327598915, 'hidden_size': 113, 'dropout': 0.36720106584617246, 'hidden_continuous_size': 85, 'attention_head_size': 1, 'learning_rate': 0.04181361360055683}. Best is trial 68 with value: 4.81273889541626.
LOCAL_RANK: 0 - CUDA_VISIBLE_DEVICES: [0]
[I 2023-11-29 21:02:45,723] Trial 101 finished with value: 13.604662895202637 and parameters: {'gradient_clip_val': 0.12714460013590553, 'hidden_size': 90, 'dropout': 0.3808394454735818, 'hidden_continuous_size': 66, 'attention_head_size': 1, 'learning_rate': 0.07270841664084694}. Best is trial 68 with value: 4.81273889541626.
LOCAL_RANK: 0 - CUDA_VISIBLE_DEVICES: [0]
[I 2023-11-29 21:02:59,810] Trial 102 finished with value: 11.081928253173828 and parameters: {'gradient_clip_val': 0.11643288596882145, 'hidden_size': 106, 'dropout': 0.35893398983621855, 'hidden_continuous_size': 60, 'attention_head_size': 1, 'learning_rate': 0.06269280924406334}. Best is trial 68 with value: 4.81273889541626.
LOCAL_RANK: 0 - CUDA_VISIBLE_DEVICES: [0]
[I 2023-11-29 21:03:14,384] Trial 103 finished with value: 9.00601863861084 and parameters: {'gradient_clip_val': 0.10509169464322768, 'hidden_size': 100, 'dropout': 0.3863422667332142, 'hidden_continuous_size': 81, 'attention_head_size': 2, 'learning_rate': 0.04694230510727871}. Best is trial 68 with value: 4.81273889541626.
LOCAL_RANK: 0 - CUDA_VISIBLE_DEVICES: [0]
[I 2023-11-29 21:03:28,687] Trial 104 finished with value: 7.951480865478516 and parameters: {'gradient_clip_val': 0.11088174610818818, 'hidden_size': 88, 'dropout': 0.3931320850561584, 'hidden_continuous_size': 70, 'attention_head_size': 4, 'learning_rate': 0.05379627154996417}. Best is trial 68 with value: 4.81273889541626.
LOCAL_RANK: 0 - CUDA_VISIBLE_DEVICES: [0]
[I 2023-11-29 21:03:43,002] Trial 105 finished with value: 15.78331470489502 and parameters: {'gradient_clip_val': 0.18605304424579566, 'hidden_size': 77, 'dropout': 0.37571908623961137, 'hidden_continuous_size': 65, 'attention_head_size': 4, 'learning_rate': 0.07621573927870201}. Best is trial 68 with value: 4.81273889541626.
LOCAL_RANK: 0 - CUDA_VISIBLE_DEVICES: [0]
[I 2023-11-29 21:03:57,192] Trial 106 finished with value: 9.128116607666016 and parameters: {'gradient_clip_val': 0.12243618412832537, 'hidden_size': 124, 'dropout': 0.36967158677790946, 'hidden_continuous_size': 72, 'attention_head_size': 1, 'learning_rate': 0.09284481823948322}. Best is trial 68 with value: 4.81273889541626.
LOCAL_RANK: 0 - CUDA_VISIBLE_DEVICES: [0]
[I 2023-11-29 21:04:11,488] Trial 107 finished with value: 8.787333488464355 and parameters: {'gradient_clip_val': 0.13616913327735675, 'hidden_size': 115, 'dropout': 0.3630562424693345, 'hidden_continuous_size': 56, 'attention_head_size': 4, 'learning_rate': 0.06160207609675031}. Best is trial 68 with value: 4.81273889541626.
LOCAL_RANK: 0 - CUDA_VISIBLE_DEVICES: [0]
[I 2023-11-29 21:04:25,823] Trial 108 finished with value: 11.429267883300781 and parameters: {'gradient_clip_val': 0.10374113910053893, 'hidden_size': 131, 'dropout': 0.38449781080663886, 'hidden_continuous_size': 50, 'attention_head_size': 1, 'learning_rate': 0.0846329437650666}. Best is trial 68 with value: 4.81273889541626.
LOCAL_RANK: 0 - CUDA_VISIBLE_DEVICES: [0]
[I 2023-11-29 21:04:40,176] Trial 109 finished with value: 10.717002868652344 and parameters: {'gradient_clip_val': 0.14156421598586275, 'hidden_size': 107, 'dropout': 0.3997301257585407, 'hidden_continuous_size': 63, 'attention_head_size': 4, 'learning_rate': 0.06554038193297901}. Best is trial 68 with value: 4.81273889541626.
LOCAL_RANK: 0 - CUDA_VISIBLE_DEVICES: [0]
[I 2023-11-29 21:04:54,434] Trial 110 finished with value: 9.721927642822266 and parameters: {'gradient_clip_val': 0.15225985151995117, 'hidden_size': 85, 'dropout': 0.35250971059707953, 'hidden_continuous_size': 74, 'attention_head_size': 2, 'learning_rate': 0.03724749136254373}. Best is trial 68 with value: 4.81273889541626.
LOCAL_RANK: 0 - CUDA_VISIBLE_DEVICES: [0]
[I 2023-11-29 21:05:08,966] Trial 111 finished with value: 7.653358459472656 and parameters: {'gradient_clip_val': 0.15266916545610154, 'hidden_size': 138, 'dropout': 0.39344239923116514, 'hidden_continuous_size': 89, 'attention_head_size': 1, 'learning_rate': 0.07334820652868691}. Best is trial 68 with value: 4.81273889541626.
LOCAL_RANK: 0 - CUDA_VISIBLE_DEVICES: [0]
[I 2023-11-29 21:05:23,327] Trial 112 finished with value: 7.983118534088135 and parameters: {'gradient_clip_val': 0.15995122052774682, 'hidden_size': 140, 'dropout': 0.392830112710958, 'hidden_continuous_size': 84, 'attention_head_size': 1, 'learning_rate': 0.07024221072763111}. Best is trial 68 with value: 4.81273889541626.
LOCAL_RANK: 0 - CUDA_VISIBLE_DEVICES: [0]
[I 2023-11-29 21:05:37,941] Trial 113 finished with value: 14.354286193847656 and parameters: {'gradient_clip_val': 0.1758337182019575, 'hidden_size': 122, 'dropout': 0.380420291520146, 'hidden_continuous_size': 94, 'attention_head_size': 1, 'learning_rate': 0.05670542376903878}. Best is trial 68 with value: 4.81273889541626.
LOCAL_RANK: 0 - CUDA_VISIBLE_DEVICES: [0]
[I 2023-11-29 21:05:52,091] Trial 114 finished with value: 9.136133193969727 and parameters: {'gradient_clip_val': 0.14522989292396216, 'hidden_size': 94, 'dropout': 0.3883075195309204, 'hidden_continuous_size': 78, 'attention_head_size': 1, 'learning_rate': 0.08125492179754537}. Best is trial 68 with value: 4.81273889541626.
LOCAL_RANK: 0 - CUDA_VISIBLE_DEVICES: [0]
[I 2023-11-29 21:06:06,379] Trial 115 finished with value: 6.965760707855225 and parameters: {'gradient_clip_val': 0.16626347525311178, 'hidden_size': 132, 'dropout': 0.3749287029191416, 'hidden_continuous_size': 68, 'attention_head_size': 1, 'learning_rate': 0.04818810903135489}. Best is trial 68 with value: 4.81273889541626.
LOCAL_RANK: 0 - CUDA_VISIBLE_DEVICES: [0]
[I 2023-11-29 21:06:20,451] Trial 116 finished with value: 11.399813652038574 and parameters: {'gradient_clip_val': 0.11412484601113179, 'hidden_size': 117, 'dropout': 0.3699289019050884, 'hidden_continuous_size': 54, 'attention_head_size': 1, 'learning_rate': 0.09725854554085928}. Best is trial 68 with value: 4.81273889541626.
LOCAL_RANK: 0 - CUDA_VISIBLE_DEVICES: [0]
[I 2023-11-29 21:06:34,964] Trial 117 finished with value: 11.700566291809082 and parameters: {'gradient_clip_val': 0.12883611120797553, 'hidden_size': 101, 'dropout': 0.3952739455489587, 'hidden_continuous_size': 81, 'attention_head_size': 4, 'learning_rate': 0.06428603202803528}. Best is trial 68 with value: 4.81273889541626.
LOCAL_RANK: 0 - CUDA_VISIBLE_DEVICES: [0]
[I 2023-11-29 21:06:49,433] Trial 118 finished with value: 9.214138984680176 and parameters: {'gradient_clip_val': 0.18876438082725824, 'hidden_size': 110, 'dropout': 0.3849172909949978, 'hidden_continuous_size': 88, 'attention_head_size': 1, 'learning_rate': 0.05461097807908208}. Best is trial 68 with value: 4.81273889541626.
LOCAL_RANK: 0 - CUDA_VISIBLE_DEVICES: [0]
[I 2023-11-29 21:07:04,167] Trial 119 finished with value: 7.608900547027588 and parameters: {'gradient_clip_val': 0.11855085620614246, 'hidden_size': 145, 'dropout': 0.344436831480071, 'hidden_continuous_size': 55, 'attention_head_size': 4, 'learning_rate': 0.07122242020145876}. Best is trial 68 with value: 4.81273889541626.
LOCAL_RANK: 0 - CUDA_VISIBLE_DEVICES: [0]
[I 2023-11-29 21:07:18,515] Trial 120 finished with value: 9.034300804138184 and parameters: {'gradient_clip_val': 0.13423980957251025, 'hidden_size': 135, 'dropout': 0.3757300270674827, 'hidden_continuous_size': 58, 'attention_head_size': 1, 'learning_rate': 0.08667716118422969}. Best is trial 68 with value: 4.81273889541626.
LOCAL_RANK: 0 - CUDA_VISIBLE_DEVICES: [0]
[I 2023-11-29 21:07:32,982] Trial 121 finished with value: 6.409343719482422 and parameters: {'gradient_clip_val': 0.15763322140158656, 'hidden_size': 97, 'dropout': 0.3797607863788132, 'hidden_continuous_size': 72, 'attention_head_size': 4, 'learning_rate': 0.0405941928516434}. Best is trial 68 with value: 4.81273889541626.
LOCAL_RANK: 0 - CUDA_VISIBLE_DEVICES: [0]
[I 2023-11-29 21:07:47,310] Trial 122 finished with value: 7.449090957641602 and parameters: {'gradient_clip_val': 0.1505760341683166, 'hidden_size': 97, 'dropout': 0.3999169846537375, 'hidden_continuous_size': 76, 'attention_head_size': 4, 'learning_rate': 0.041688370869328896}. Best is trial 68 with value: 4.81273889541626.
LOCAL_RANK: 0 - CUDA_VISIBLE_DEVICES: [0]
[I 2023-11-29 21:08:01,634] Trial 123 finished with value: 11.292195320129395 and parameters: {'gradient_clip_val': 0.17410766348761197, 'hidden_size': 81, 'dropout': 0.38878527228572896, 'hidden_continuous_size': 72, 'attention_head_size': 4, 'learning_rate': 0.03455256951874464}. Best is trial 68 with value: 4.81273889541626.
LOCAL_RANK: 0 - CUDA_VISIBLE_DEVICES: [0]
[I 2023-11-29 21:08:16,015] Trial 124 finished with value: 8.075611114501953 and parameters: {'gradient_clip_val': 0.1813636663749599, 'hidden_size': 71, 'dropout': 0.36004080028775787, 'hidden_continuous_size': 66, 'attention_head_size': 4, 'learning_rate': 0.04978816613758101}. Best is trial 68 with value: 4.81273889541626.
LOCAL_RANK: 0 - CUDA_VISIBLE_DEVICES: [0]
[I 2023-11-29 21:08:29,814] Trial 125 finished with value: 6.9416937828063965 and parameters: {'gradient_clip_val': 0.1639234433164311, 'hidden_size': 53, 'dropout': 0.3808085022783716, 'hidden_continuous_size': 51, 'attention_head_size': 4, 'learning_rate': 0.07830569904913187}. Best is trial 68 with value: 4.81273889541626.
LOCAL_RANK: 0 - CUDA_VISIBLE_DEVICES: [0]
[I 2023-11-29 21:08:44,346] Trial 126 finished with value: 9.192523956298828 and parameters: {'gradient_clip_val': 0.20818057150131516, 'hidden_size': 91, 'dropout': 0.3690271686943307, 'hidden_continuous_size': 78, 'attention_head_size': 4, 'learning_rate': 0.04454485328266076}. Best is trial 68 with value: 4.81273889541626.
LOCAL_RANK: 0 - CUDA_VISIBLE_DEVICES: [0]
[I 2023-11-29 21:08:58,512] Trial 127 finished with value: 7.882637023925781 and parameters: {'gradient_clip_val': 0.14637769785031224, 'hidden_size': 104, 'dropout': 0.39354439812105835, 'hidden_continuous_size': 60, 'attention_head_size': 4, 'learning_rate': 0.057407378345804706}. Best is trial 68 with value: 4.81273889541626.
LOCAL_RANK: 0 - CUDA_VISIBLE_DEVICES: [0]
[I 2023-11-29 21:09:13,133] Trial 128 finished with value: 8.622306823730469 and parameters: {'gradient_clip_val': 0.19232116272947855, 'hidden_size': 125, 'dropout': 0.3795045836737752, 'hidden_continuous_size': 62, 'attention_head_size': 4, 'learning_rate': 0.03049603823515605}. Best is trial 68 with value: 4.81273889541626.
LOCAL_RANK: 0 - CUDA_VISIBLE_DEVICES: [0]
[I 2023-11-29 21:09:27,533] Trial 129 finished with value: 9.182496070861816 and parameters: {'gradient_clip_val': 0.10977288370259357, 'hidden_size': 110, 'dropout': 0.3353572554981719, 'hidden_continuous_size': 84, 'attention_head_size': 1, 'learning_rate': 0.0389848647761492}. Best is trial 68 with value: 4.81273889541626.
LOCAL_RANK: 0 - CUDA_VISIBLE_DEVICES: [0]
[I 2023-11-29 21:09:41,421] Trial 130 finished with value: 11.616076469421387 and parameters: {'gradient_clip_val': 0.1571182543796516, 'hidden_size': 68, 'dropout': 0.38478164032328294, 'hidden_continuous_size': 64, 'attention_head_size': 3, 'learning_rate': 0.06768681709141783}. Best is trial 68 with value: 4.81273889541626.
LOCAL_RANK: 0 - CUDA_VISIBLE_DEVICES: [0]
[I 2023-11-29 21:09:55,872] Trial 131 finished with value: 7.132641315460205 and parameters: {'gradient_clip_val': 0.16019474776680126, 'hidden_size': 94, 'dropout': 0.37661334729761686, 'hidden_continuous_size': 74, 'attention_head_size': 4, 'learning_rate': 0.038706353476679445}. Best is trial 68 with value: 4.81273889541626.
LOCAL_RANK: 0 - CUDA_VISIBLE_DEVICES: [0]
[I 2023-11-29 21:10:10,119] Trial 132 finished with value: 6.50027322769165 and parameters: {'gradient_clip_val': 0.16791549231420355, 'hidden_size': 88, 'dropout': 0.36318154028122146, 'hidden_continuous_size': 71, 'attention_head_size': 4, 'learning_rate': 0.04908198298293223}. Best is trial 68 with value: 4.81273889541626.
LOCAL_RANK: 0 - CUDA_VISIBLE_DEVICES: [0]
[I 2023-11-29 21:10:24,702] Trial 133 finished with value: 9.223861694335938 and parameters: {'gradient_clip_val': 0.14032667418590514, 'hidden_size': 100, 'dropout': 0.364344725897821, 'hidden_continuous_size': 69, 'attention_head_size': 4, 'learning_rate': 0.051268243972912964}. Best is trial 68 with value: 4.81273889541626.
LOCAL_RANK: 0 - CUDA_VISIBLE_DEVICES: [0]
[I 2023-11-29 21:10:39,133] Trial 134 finished with value: 12.2771577835083 and parameters: {'gradient_clip_val': 0.16999491421839827, 'hidden_size': 85, 'dropout': 0.35035854945036765, 'hidden_continuous_size': 76, 'attention_head_size': 4, 'learning_rate': 0.06030239613369752}. Best is trial 68 with value: 4.81273889541626.
LOCAL_RANK: 0 - CUDA_VISIBLE_DEVICES: [0]
[I 2023-11-29 21:10:53,431] Trial 135 finished with value: 12.765055656433105 and parameters: {'gradient_clip_val': 0.22601508905706041, 'hidden_size': 77, 'dropout': 0.371265648800467, 'hidden_continuous_size': 71, 'attention_head_size': 4, 'learning_rate': 0.04511480647179045}. Best is trial 68 with value: 4.81273889541626.
LOCAL_RANK: 0 - CUDA_VISIBLE_DEVICES: [0]
[I 2023-11-29 21:11:08,054] Trial 136 finished with value: 9.8792142868042 and parameters: {'gradient_clip_val': 0.20154607963760257, 'hidden_size': 115, 'dropout': 0.356780549590141, 'hidden_continuous_size': 81, 'attention_head_size': 4, 'learning_rate': 0.06478559419044702}. Best is trial 68 with value: 4.81273889541626.
LOCAL_RANK: 0 - CUDA_VISIBLE_DEVICES: [0]
[I 2023-11-29 21:11:22,014] Trial 137 finished with value: 8.809739112854004 and parameters: {'gradient_clip_val': 0.1038396784427394, 'hidden_size': 88, 'dropout': 0.3888278663691928, 'hidden_continuous_size': 79, 'attention_head_size': 1, 'learning_rate': 0.09991582235281597}. Best is trial 68 with value: 4.81273889541626.
LOCAL_RANK: 0 - CUDA_VISIBLE_DEVICES: [0]
[I 2023-11-29 21:11:36,583] Trial 138 finished with value: 8.596115112304688 and parameters: {'gradient_clip_val': 0.1001910835106511, 'hidden_size': 107, 'dropout': 0.39448316527583926, 'hidden_continuous_size': 67, 'attention_head_size': 2, 'learning_rate': 0.01303780009859828}. Best is trial 68 with value: 4.81273889541626.
LOCAL_RANK: 0 - CUDA_VISIBLE_DEVICES: [0]
[I 2023-11-29 21:11:51,602] Trial 139 finished with value: 8.97957992553711 and parameters: {'gradient_clip_val': 0.1243262279320234, 'hidden_size': 150, 'dropout': 0.36493632954219385, 'hidden_continuous_size': 106, 'attention_head_size': 4, 'learning_rate': 0.05471247580851941}. Best is trial 68 with value: 4.81273889541626.
LOCAL_RANK: 0 - CUDA_VISIBLE_DEVICES: [0]
[I 2023-11-29 21:12:05,314] Trial 140 finished with value: 8.064478874206543 and parameters: {'gradient_clip_val': 0.17944362069387548, 'hidden_size': 62, 'dropout': 0.3830355110345552, 'hidden_continuous_size': 59, 'attention_head_size': 1, 'learning_rate': 0.0815171767195549}. Best is trial 68 with value: 4.81273889541626.
LOCAL_RANK: 0 - CUDA_VISIBLE_DEVICES: [0]
