[I 2023-11-30 14:13:55,236] Trial 43 finished with value: 3.286604166030884 and parameters: {'gradient_clip_val': 0.6633814547854409, 'hidden_size': 79, 'dropout': 0.2886714563579634, 'hidden_continuous_size': 66, 'attention_head_size': 3, 'learning_rate': 0.025240051827117093}. Best is trial 15 with value: 3.0884952545166016.
LOCAL_RANK: 0 - CUDA_VISIBLE_DEVICES: [0]
[I 2023-11-30 14:14:10,663] Trial 44 finished with value: 3.656322479248047 and parameters: {'gradient_clip_val': 0.8877989095840355, 'hidden_size': 131, 'dropout': 0.34660463160649047, 'hidden_continuous_size': 100, 'attention_head_size': 2, 'learning_rate': 0.012300664678908148}. Best is trial 15 with value: 3.0884952545166016.
LOCAL_RANK: 0 - CUDA_VISIBLE_DEVICES: [0]
[I 2023-11-30 14:14:26,042] Trial 45 finished with value: 3.6242847442626953 and parameters: {'gradient_clip_val': 0.9923515834273515, 'hidden_size': 92, 'dropout': 0.24272453263956306, 'hidden_continuous_size': 76, 'attention_head_size': 4, 'learning_rate': 0.01041028395535802}. Best is trial 15 with value: 3.0884952545166016.
LOCAL_RANK: 0 - CUDA_VISIBLE_DEVICES: [0]
[I 2023-11-30 14:14:41,744] Trial 46 finished with value: 4.163846969604492 and parameters: {'gradient_clip_val': 0.7996560268119329, 'hidden_size': 133, 'dropout': 0.2748004567984512, 'hidden_continuous_size': 115, 'attention_head_size': 4, 'learning_rate': 0.05231632059910594}. Best is trial 15 with value: 3.0884952545166016.
LOCAL_RANK: 0 - CUDA_VISIBLE_DEVICES: [0]
[I 2023-11-30 14:14:56,905] Trial 47 finished with value: 3.8079090118408203 and parameters: {'gradient_clip_val': 0.7420589240390305, 'hidden_size': 111, 'dropout': 0.21033828206603566, 'hidden_continuous_size': 90, 'attention_head_size': 3, 'learning_rate': 0.03773305177860326}. Best is trial 15 with value: 3.0884952545166016.
LOCAL_RANK: 0 - CUDA_VISIBLE_DEVICES: [0]
[I 2023-11-30 14:15:12,854] Trial 48 finished with value: 3.2319717407226562 and parameters: {'gradient_clip_val': 0.5765546354636234, 'hidden_size': 149, 'dropout': 0.299993714875459, 'hidden_continuous_size': 137, 'attention_head_size': 2, 'learning_rate': 0.02047057445570644}. Best is trial 15 with value: 3.0884952545166016.
LOCAL_RANK: 0 - CUDA_VISIBLE_DEVICES: [0]
[I 2023-11-30 14:15:28,276] Trial 49 finished with value: 5.035975933074951 and parameters: {'gradient_clip_val': 0.6760257402916289, 'hidden_size': 75, 'dropout': 0.10210467679941893, 'hidden_continuous_size': 61, 'attention_head_size': 1, 'learning_rate': 0.00799478453027864}. Best is trial 15 with value: 3.0884952545166016.
LOCAL_RANK: 0 - CUDA_VISIBLE_DEVICES: [0]
[I 2023-11-30 14:15:44,002] Trial 50 finished with value: 3.6133124828338623 and parameters: {'gradient_clip_val': 0.8138419745739144, 'hidden_size': 95, 'dropout': 0.28758490628121414, 'hidden_continuous_size': 77, 'attention_head_size': 3, 'learning_rate': 0.013074276060268538}. Best is trial 15 with value: 3.0884952545166016.
LOCAL_RANK: 0 - CUDA_VISIBLE_DEVICES: [0]
[I 2023-11-30 14:15:59,824] Trial 51 finished with value: 4.413349151611328 and parameters: {'gradient_clip_val': 0.5764458049236586, 'hidden_size': 140, 'dropout': 0.30025797592042286, 'hidden_continuous_size': 134, 'attention_head_size': 2, 'learning_rate': 0.021906163049062146}. Best is trial 15 with value: 3.0884952545166016.
LOCAL_RANK: 0 - CUDA_VISIBLE_DEVICES: [0]
[I 2023-11-30 14:16:16,158] Trial 52 finished with value: 3.4209535121917725 and parameters: {'gradient_clip_val': 0.9038122704069339, 'hidden_size': 149, 'dropout': 0.31142059391978427, 'hidden_continuous_size': 144, 'attention_head_size': 2, 'learning_rate': 0.018250370826118224}. Best is trial 15 with value: 3.0884952545166016.
LOCAL_RANK: 0 - CUDA_VISIBLE_DEVICES: [0]
[I 2023-11-30 14:16:32,472] Trial 53 finished with value: 4.3908586502075195 and parameters: {'gradient_clip_val': 0.7303631933235251, 'hidden_size': 125, 'dropout': 0.2242168750049112, 'hidden_continuous_size': 110, 'attention_head_size': 2, 'learning_rate': 0.027843830511285517}. Best is trial 15 with value: 3.0884952545166016.
LOCAL_RANK: 0 - CUDA_VISIBLE_DEVICES: [0]
[I 2023-11-30 14:16:48,172] Trial 54 finished with value: 3.1206986904144287 and parameters: {'gradient_clip_val': 0.6476813507712306, 'hidden_size': 105, 'dropout': 0.2951559562702562, 'hidden_continuous_size': 91, 'attention_head_size': 2, 'learning_rate': 0.015059782940194404}. Best is trial 15 with value: 3.0884952545166016.
LOCAL_RANK: 0 - CUDA_VISIBLE_DEVICES: [0]
[I 2023-11-30 14:17:03,825] Trial 55 finished with value: 4.258246421813965 and parameters: {'gradient_clip_val': 0.6501936184559934, 'hidden_size': 105, 'dropout': 0.2587593469017745, 'hidden_continuous_size': 80, 'attention_head_size': 2, 'learning_rate': 0.014441823378929271}. Best is trial 15 with value: 3.0884952545166016.
LOCAL_RANK: 0 - CUDA_VISIBLE_DEVICES: [0]
[I 2023-11-30 14:17:18,580] Trial 56 finished with value: 3.214370012283325 and parameters: {'gradient_clip_val': 0.8278707088286413, 'hidden_size': 84, 'dropout': 0.27765100796943687, 'hidden_continuous_size': 69, 'attention_head_size': 1, 'learning_rate': 0.03121873272701275}. Best is trial 15 with value: 3.0884952545166016.
LOCAL_RANK: 0 - CUDA_VISIBLE_DEVICES: [0]
[I 2023-11-30 14:17:34,406] Trial 57 finished with value: 3.7692348957061768 and parameters: {'gradient_clip_val': 0.9193367407615491, 'hidden_size': 114, 'dropout': 0.246190290778616, 'hidden_continuous_size': 96, 'attention_head_size': 3, 'learning_rate': 0.01589768219487069}. Best is trial 15 with value: 3.0884952545166016.
LOCAL_RANK: 0 - CUDA_VISIBLE_DEVICES: [0]
[I 2023-11-30 14:17:49,708] Trial 58 finished with value: 3.7511749267578125 and parameters: {'gradient_clip_val': 0.7603752803421265, 'hidden_size': 94, 'dropout': 0.28995349745438986, 'hidden_continuous_size': 84, 'attention_head_size': 2, 'learning_rate': 0.04224709686455524}. Best is trial 15 with value: 3.0884952545166016.
LOCAL_RANK: 0 - CUDA_VISIBLE_DEVICES: [0]
[I 2023-11-30 14:18:04,998] Trial 59 finished with value: 3.7555313110351562 and parameters: {'gradient_clip_val': 0.634969647837765, 'hidden_size': 107, 'dropout': 0.258421555326035, 'hidden_continuous_size': 91, 'attention_head_size': 3, 'learning_rate': 0.056236319047546855}. Best is trial 15 with value: 3.0884952545166016.
LOCAL_RANK: 0 - CUDA_VISIBLE_DEVICES: [0]
[I 2023-11-30 14:18:20,774] Trial 60 finished with value: 3.3858489990234375 and parameters: {'gradient_clip_val': 0.7001217229184323, 'hidden_size': 123, 'dropout': 0.27994304407318144, 'hidden_continuous_size': 101, 'attention_head_size': 2, 'learning_rate': 0.0708234449468084}. Best is trial 15 with value: 3.0884952545166016.
LOCAL_RANK: 0 - CUDA_VISIBLE_DEVICES: [0]
[I 2023-11-30 14:18:35,688] Trial 61 finished with value: 3.164829969406128 and parameters: {'gradient_clip_val': 0.8351180333981663, 'hidden_size': 82, 'dropout': 0.2745100550118468, 'hidden_continuous_size': 71, 'attention_head_size': 1, 'learning_rate': 0.033444994675778036}. Best is trial 15 with value: 3.0884952545166016.
LOCAL_RANK: 0 - CUDA_VISIBLE_DEVICES: [0]
[I 2023-11-30 14:18:50,710] Trial 62 finished with value: 5.407188892364502 and parameters: {'gradient_clip_val': 0.9923450288660759, 'hidden_size': 102, 'dropout': 0.2384793103000067, 'hidden_continuous_size': 78, 'attention_head_size': 1, 'learning_rate': 0.034960096068837175}. Best is trial 15 with value: 3.0884952545166016.
LOCAL_RANK: 0 - CUDA_VISIBLE_DEVICES: [0]
[I 2023-11-30 14:19:06,259] Trial 63 finished with value: 3.2974014282226562 and parameters: {'gradient_clip_val': 0.8053412779408643, 'hidden_size': 89, 'dropout': 0.27161580726857687, 'hidden_continuous_size': 72, 'attention_head_size': 1, 'learning_rate': 0.02428053799780254}. Best is trial 15 with value: 3.0884952545166016.
LOCAL_RANK: 0 - CUDA_VISIBLE_DEVICES: [0]
[I 2023-11-30 14:19:21,199] Trial 64 finished with value: 4.329495429992676 and parameters: {'gradient_clip_val': 0.8782226209263175, 'hidden_size': 79, 'dropout': 0.22199286137377364, 'hidden_continuous_size': 70, 'attention_head_size': 3, 'learning_rate': 0.04762911946922386}. Best is trial 15 with value: 3.0884952545166016.
LOCAL_RANK: 0 - CUDA_VISIBLE_DEVICES: [0]
[I 2023-11-30 14:19:36,662] Trial 65 finished with value: 4.057024002075195 and parameters: {'gradient_clip_val': 0.7622826080821068, 'hidden_size': 135, 'dropout': 0.25849531097844247, 'hidden_continuous_size': 119, 'attention_head_size': 1, 'learning_rate': 0.029201706336579786}. Best is trial 15 with value: 3.0884952545166016.
LOCAL_RANK: 0 - CUDA_VISIBLE_DEVICES: [0]
[I 2023-11-30 14:19:51,441] Trial 66 finished with value: 3.8167669773101807 and parameters: {'gradient_clip_val': 0.9377232094885706, 'hidden_size': 68, 'dropout': 0.29462590004922995, 'hidden_continuous_size': 63, 'attention_head_size': 3, 'learning_rate': 0.08893138525718561}. Best is trial 15 with value: 3.0884952545166016.
LOCAL_RANK: 0 - CUDA_VISIBLE_DEVICES: [0]
[I 2023-11-30 14:20:06,829] Trial 67 finished with value: 4.287661075592041 and parameters: {'gradient_clip_val': 0.8387970386312585, 'hidden_size': 116, 'dropout': 0.24179689001507196, 'hidden_continuous_size': 93, 'attention_head_size': 1, 'learning_rate': 0.020159655254492162}. Best is trial 15 with value: 3.0884952545166016.
LOCAL_RANK: 0 - CUDA_VISIBLE_DEVICES: [0]
[I 2023-11-30 14:20:22,810] Trial 68 finished with value: 4.2417778968811035 and parameters: {'gradient_clip_val': 0.7102447479070607, 'hidden_size': 103, 'dropout': 0.28321833157382253, 'hidden_continuous_size': 83, 'attention_head_size': 3, 'learning_rate': 0.04098558442182701}. Best is trial 15 with value: 3.0884952545166016.
LOCAL_RANK: 0 - CUDA_VISIBLE_DEVICES: [0]
[I 2023-11-30 14:20:38,799] Trial 69 finished with value: 3.5246410369873047 and parameters: {'gradient_clip_val': 0.8715636700887959, 'hidden_size': 87, 'dropout': 0.25163930551284014, 'hidden_continuous_size': 79, 'attention_head_size': 4, 'learning_rate': 0.03470924713806367}. Best is trial 15 with value: 3.0884952545166016.
LOCAL_RANK: 0 - CUDA_VISIBLE_DEVICES: [0]
[I 2023-11-30 14:20:54,337] Trial 70 finished with value: 3.5999107360839844 and parameters: {'gradient_clip_val': 0.6131101088541859, 'hidden_size': 94, 'dropout': 0.26814522511559596, 'hidden_continuous_size': 84, 'attention_head_size': 2, 'learning_rate': 0.023746380115619876}. Best is trial 15 with value: 3.0884952545166016.
LOCAL_RANK: 0 - CUDA_VISIBLE_DEVICES: [0]
[I 2023-11-30 14:21:09,737] Trial 71 finished with value: 3.56301212310791 and parameters: {'gradient_clip_val': 0.8129153254292443, 'hidden_size': 84, 'dropout': 0.2774865152182506, 'hidden_continuous_size': 69, 'attention_head_size': 1, 'learning_rate': 0.031346292702036614}. Best is trial 15 with value: 3.0884952545166016.
LOCAL_RANK: 0 - CUDA_VISIBLE_DEVICES: [0]
[I 2023-11-30 14:21:24,443] Trial 72 finished with value: 3.9654757976531982 and parameters: {'gradient_clip_val': 0.7900323389975614, 'hidden_size': 79, 'dropout': 0.2305658841129138, 'hidden_continuous_size': 67, 'attention_head_size': 1, 'learning_rate': 0.027184997733731897}. Best is trial 15 with value: 3.0884952545166016.
LOCAL_RANK: 0 - CUDA_VISIBLE_DEVICES: [0]
[I 2023-11-30 14:21:38,965] Trial 73 finished with value: 3.669400215148926 and parameters: {'gradient_clip_val': 0.9169911362839072, 'hidden_size': 65, 'dropout': 0.28458324768347754, 'hidden_continuous_size': 58, 'attention_head_size': 1, 'learning_rate': 0.018654023437900753}. Best is trial 15 with value: 3.0884952545166016.
LOCAL_RANK: 0 - CUDA_VISIBLE_DEVICES: [0]
[I 2023-11-30 14:21:54,130] Trial 74 finished with value: 3.5834133625030518 and parameters: {'gradient_clip_val': 0.7125757996310438, 'hidden_size': 122, 'dropout': 0.31570069236216713, 'hidden_continuous_size': 58, 'attention_head_size': 1, 'learning_rate': 0.030887656206716185}. Best is trial 15 with value: 3.0884952545166016.
LOCAL_RANK: 0 - CUDA_VISIBLE_DEVICES: [0]
[I 2023-11-30 14:22:09,438] Trial 75 finished with value: 4.092535495758057 and parameters: {'gradient_clip_val': 0.8574781151409901, 'hidden_size': 97, 'dropout': 0.3015265029498022, 'hidden_continuous_size': 73, 'attention_head_size': 1, 'learning_rate': 0.061966014395078456}. Best is trial 15 with value: 3.0884952545166016.
LOCAL_RANK: 0 - CUDA_VISIBLE_DEVICES: [0]
[I 2023-11-30 14:22:24,679] Trial 76 finished with value: 3.1080472469329834 and parameters: {'gradient_clip_val': 0.9567049179449238, 'hidden_size': 111, 'dropout': 0.2751416780762989, 'hidden_continuous_size': 55, 'attention_head_size': 3, 'learning_rate': 0.015417000646450636}. Best is trial 15 with value: 3.0884952545166016.
LOCAL_RANK: 0 - CUDA_VISIBLE_DEVICES: [0]
[I 2023-11-30 14:22:39,771] Trial 77 finished with value: 3.928112030029297 and parameters: {'gradient_clip_val': 0.97189559783771, 'hidden_size': 109, 'dropout': 0.29301564875822145, 'hidden_continuous_size': 55, 'attention_head_size': 3, 'learning_rate': 0.01533751068295908}. Best is trial 15 with value: 3.0884952545166016.
LOCAL_RANK: 0 - CUDA_VISIBLE_DEVICES: [0]
[I 2023-11-30 14:22:55,380] Trial 78 finished with value: 3.446850538253784 and parameters: {'gradient_clip_val': 0.7647536988522222, 'hidden_size': 133, 'dropout': 0.2627091329268629, 'hidden_continuous_size': 43, 'attention_head_size': 3, 'learning_rate': 0.01183239402125137}. Best is trial 15 with value: 3.0884952545166016.
LOCAL_RANK: 0 - CUDA_VISIBLE_DEVICES: [0]
[I 2023-11-30 14:23:10,159] Trial 79 finished with value: 4.211090087890625 and parameters: {'gradient_clip_val': 0.9407137898610592, 'hidden_size': 117, 'dropout': 0.2500358381403682, 'hidden_continuous_size': 47, 'attention_head_size': 3, 'learning_rate': 0.0222641241656666}. Best is trial 15 with value: 3.0884952545166016.
LOCAL_RANK: 0 - CUDA_VISIBLE_DEVICES: [0]
[I 2023-11-30 14:23:25,111] Trial 80 finished with value: 3.208566665649414 and parameters: {'gradient_clip_val': 0.9979218441794531, 'hidden_size': 101, 'dropout': 0.23584752523609956, 'hidden_continuous_size': 89, 'attention_head_size': 3, 'learning_rate': 0.01574260288055413}. Best is trial 15 with value: 3.0884952545166016.
LOCAL_RANK: 0 - CUDA_VISIBLE_DEVICES: [0]
[I 2023-11-30 14:23:40,575] Trial 81 finished with value: 3.503746271133423 and parameters: {'gradient_clip_val': 0.9969522420311377, 'hidden_size': 101, 'dropout': 0.2153587555099699, 'hidden_continuous_size': 85, 'attention_head_size': 3, 'learning_rate': 0.0166121032207961}. Best is trial 15 with value: 3.0884952545166016.
LOCAL_RANK: 0 - CUDA_VISIBLE_DEVICES: [0]
[I 2023-11-30 14:23:56,360] Trial 82 finished with value: 4.332144260406494 and parameters: {'gradient_clip_val': 0.8865670184261653, 'hidden_size': 109, 'dropout': 0.23214827863316603, 'hidden_continuous_size': 88, 'attention_head_size': 3, 'learning_rate': 0.019027499173955253}. Best is trial 15 with value: 3.0884952545166016.
LOCAL_RANK: 0 - CUDA_VISIBLE_DEVICES: [0]
[I 2023-11-30 14:24:12,463] Trial 83 finished with value: 3.438493490219116 and parameters: {'gradient_clip_val': 0.9439706043763451, 'hidden_size': 138, 'dropout': 0.23857906554878394, 'hidden_continuous_size': 101, 'attention_head_size': 3, 'learning_rate': 0.01346416663952318}. Best is trial 15 with value: 3.0884952545166016.
LOCAL_RANK: 0 - CUDA_VISIBLE_DEVICES: [0]
[I 2023-11-30 14:24:27,727] Trial 84 finished with value: 3.523719072341919 and parameters: {'gradient_clip_val': 0.6722427794401, 'hidden_size': 93, 'dropout': 0.26813396475153795, 'hidden_continuous_size': 75, 'attention_head_size': 3, 'learning_rate': 0.025488010215613026}. Best is trial 15 with value: 3.0884952545166016.
LOCAL_RANK: 0 - CUDA_VISIBLE_DEVICES: [0]
[I 2023-11-30 14:24:43,341] Trial 85 finished with value: 4.4734649658203125 and parameters: {'gradient_clip_val': 0.845056398332554, 'hidden_size': 121, 'dropout': 0.224713485022042, 'hidden_continuous_size': 65, 'attention_head_size': 4, 'learning_rate': 0.01649646044885286}. Best is trial 15 with value: 3.0884952545166016.
LOCAL_RANK: 0 - CUDA_VISIBLE_DEVICES: [0]
[I 2023-11-30 14:24:59,065] Trial 86 finished with value: 3.772459030151367 and parameters: {'gradient_clip_val': 0.7826951780337392, 'hidden_size': 101, 'dropout': 0.20841427576202068, 'hidden_continuous_size': 88, 'attention_head_size': 3, 'learning_rate': 0.022121769295916357}. Best is trial 15 with value: 3.0884952545166016.
LOCAL_RANK: 0 - CUDA_VISIBLE_DEVICES: [0]
[I 2023-11-30 14:25:14,844] Trial 87 finished with value: 3.4654808044433594 and parameters: {'gradient_clip_val': 0.8964642707025691, 'hidden_size': 129, 'dropout': 0.25089703785686934, 'hidden_continuous_size': 96, 'attention_head_size': 4, 'learning_rate': 0.011003230022032531}. Best is trial 15 with value: 3.0884952545166016.
LOCAL_RANK: 0 - CUDA_VISIBLE_DEVICES: [0]
[I 2023-11-30 14:25:30,676] Trial 88 finished with value: 4.0768914222717285 and parameters: {'gradient_clip_val': 0.7399454505338926, 'hidden_size': 87, 'dropout': 0.27669999854544436, 'hidden_continuous_size': 78, 'attention_head_size': 2, 'learning_rate': 0.02046104879932034}. Best is trial 15 with value: 3.0884952545166016.
LOCAL_RANK: 0 - CUDA_VISIBLE_DEVICES: [0]
[I 2023-11-30 14:25:46,434] Trial 89 finished with value: 3.313333749771118 and parameters: {'gradient_clip_val': 0.8133131965129984, 'hidden_size': 115, 'dropout': 0.23731420890071148, 'hidden_continuous_size': 61, 'attention_head_size': 3, 'learning_rate': 0.01479725580804806}. Best is trial 15 with value: 3.0884952545166016.
LOCAL_RANK: 0 - CUDA_VISIBLE_DEVICES: [0]
[I 2023-11-30 14:26:01,664] Trial 90 finished with value: 4.04607629776001 and parameters: {'gradient_clip_val': 0.9487200109986921, 'hidden_size': 142, 'dropout': 0.20093589018789149, 'hidden_continuous_size': 54, 'attention_head_size': 3, 'learning_rate': 0.02832132678240695}. Best is trial 15 with value: 3.0884952545166016.
LOCAL_RANK: 0 - CUDA_VISIBLE_DEVICES: [0]
[I 2023-11-30 14:26:17,156] Trial 91 finished with value: 3.3422839641571045 and parameters: {'gradient_clip_val': 0.8316121774471981, 'hidden_size': 83, 'dropout': 0.27316634000090595, 'hidden_continuous_size': 71, 'attention_head_size': 3, 'learning_rate': 0.03809824885983776}. Best is trial 15 with value: 3.0884952545166016.
LOCAL_RANK: 0 - CUDA_VISIBLE_DEVICES: [0]
[I 2023-11-30 14:26:32,860] Trial 92 finished with value: 4.515816688537598 and parameters: {'gradient_clip_val': 0.9991179696664547, 'hidden_size': 98, 'dropout': 0.2819917848495379, 'hidden_continuous_size': 68, 'attention_head_size': 2, 'learning_rate': 0.0238520438958774}. Best is trial 15 with value: 3.0884952545166016.
LOCAL_RANK: 0 - CUDA_VISIBLE_DEVICES: [0]
[I 2023-11-30 14:26:47,719] Trial 93 finished with value: 3.248121976852417 and parameters: {'gradient_clip_val': 0.8805478490876061, 'hidden_size': 107, 'dropout': 0.2599864376596277, 'hidden_continuous_size': 62, 'attention_head_size': 1, 'learning_rate': 0.031589661376040794}. Best is trial 15 with value: 3.0884952545166016.
LOCAL_RANK: 0 - CUDA_VISIBLE_DEVICES: [0]
[I 2023-11-30 14:27:03,063] Trial 94 finished with value: 4.160721302032471 and parameters: {'gradient_clip_val': 0.678341130743464, 'hidden_size': 89, 'dropout': 0.29831519400712336, 'hidden_continuous_size': 79, 'attention_head_size': 3, 'learning_rate': 0.017368513959447728}. Best is trial 15 with value: 3.0884952545166016.
LOCAL_RANK: 0 - CUDA_VISIBLE_DEVICES: [0]
[I 2023-11-30 14:27:17,622] Trial 95 finished with value: 3.3384335041046143 and parameters: {'gradient_clip_val': 0.746235904607177, 'hidden_size': 71, 'dropout': 0.29202659425446276, 'hidden_continuous_size': 65, 'attention_head_size': 2, 'learning_rate': 0.02648123614214022}. Best is trial 15 with value: 3.0884952545166016.
LOCAL_RANK: 0 - CUDA_VISIBLE_DEVICES: [0]
[I 2023-11-30 14:27:32,847] Trial 96 finished with value: 4.44961404800415 and parameters: {'gradient_clip_val': 0.8362957749640882, 'hidden_size': 81, 'dropout': 0.24420892867424543, 'hidden_continuous_size': 73, 'attention_head_size': 3, 'learning_rate': 0.03401725555816343}. Best is trial 15 with value: 3.0884952545166016.
LOCAL_RANK: 0 - CUDA_VISIBLE_DEVICES: [0]
[I 2023-11-30 14:27:48,085] Trial 97 finished with value: 4.554164409637451 and parameters: {'gradient_clip_val': 0.7844450124185586, 'hidden_size': 74, 'dropout': 0.28382860199272186, 'hidden_continuous_size': 68, 'attention_head_size': 4, 'learning_rate': 0.046697815404100604}. Best is trial 15 with value: 3.0884952545166016.
LOCAL_RANK: 0 - CUDA_VISIBLE_DEVICES: [0]
[I 2023-11-30 14:28:03,424] Trial 98 finished with value: 3.6106460094451904 and parameters: {'gradient_clip_val': 0.628526464388543, 'hidden_size': 93, 'dropout': 0.30287108968626386, 'hidden_continuous_size': 81, 'attention_head_size': 3, 'learning_rate': 0.019629194881048237}. Best is trial 15 with value: 3.0884952545166016.
LOCAL_RANK: 0 - CUDA_VISIBLE_DEVICES: [0]
[I 2023-11-30 14:28:18,936] Trial 99 finished with value: 4.055639266967773 and parameters: {'gradient_clip_val': 0.9183473518136632, 'hidden_size': 105, 'dropout': 0.2187070541384508, 'hidden_continuous_size': 90, 'attention_head_size': 2, 'learning_rate': 0.014424718886727788}. Best is trial 15 with value: 3.0884952545166016.
LOCAL_RANK: 0 - CUDA_VISIBLE_DEVICES: [0]
[I 2023-11-30 14:28:34,746] Trial 100 finished with value: 3.703191041946411 and parameters: {'gradient_clip_val': 0.7127373535203164, 'hidden_size': 118, 'dropout': 0.27123259054780585, 'hidden_continuous_size': 57, 'attention_head_size': 3, 'learning_rate': 0.04084736180440106}. Best is trial 15 with value: 3.0884952545166016.
LOCAL_RANK: 0 - CUDA_VISIBLE_DEVICES: [0]
[I 2023-11-30 14:28:49,897] Trial 101 finished with value: 3.5265982151031494 and parameters: {'gradient_clip_val': 0.6527215106291884, 'hidden_size': 128, 'dropout': 0.30498844130024905, 'hidden_continuous_size': 106, 'attention_head_size': 2, 'learning_rate': 0.022503373710015217}. Best is trial 15 with value: 3.0884952545166016.
LOCAL_RANK: 0 - CUDA_VISIBLE_DEVICES: [0]
