[I 2023-11-30 09:33:45,796] Trial 16 finished with value: 308.43328857421875 and parameters: {'gradient_clip_val': 0.8801303003682142, 'hidden_size': 36, 'dropout': 0.31380187522710756, 'hidden_continuous_size': 20, 'attention_head_size': 2, 'learning_rate': 0.0033768372282848977}. Best is trial 14 with value: 245.2445068359375.
LOCAL_RANK: 0 - CUDA_VISIBLE_DEVICES: [0]
[I 2023-11-30 09:33:59,369] Trial 17 finished with value: 306.4595031738281 and parameters: {'gradient_clip_val': 0.2018098851909336, 'hidden_size': 76, 'dropout': 0.25377699390933983, 'hidden_continuous_size': 40, 'attention_head_size': 2, 'learning_rate': 0.01535549943085277}. Best is trial 14 with value: 245.2445068359375.
LOCAL_RANK: 0 - CUDA_VISIBLE_DEVICES: [0]
[I 2023-11-30 09:34:09,756] Trial 18 finished with value: 468.9302062988281 and parameters: {'gradient_clip_val': 0.3572352186661028, 'hidden_size': 10, 'dropout': 0.39453745835935033, 'hidden_continuous_size': 10, 'attention_head_size': 1, 'learning_rate': 0.004285074995034728}. Best is trial 14 with value: 245.2445068359375.
LOCAL_RANK: 0 - CUDA_VISIBLE_DEVICES: [0]
[I 2023-11-30 09:34:23,558] Trial 19 finished with value: 265.4584045410156 and parameters: {'gradient_clip_val': 0.17020592125164993, 'hidden_size': 65, 'dropout': 0.27586712122863405, 'hidden_continuous_size': 29, 'attention_head_size': 2, 'learning_rate': 0.006728134869812853}. Best is trial 14 with value: 245.2445068359375.
LOCAL_RANK: 0 - CUDA_VISIBLE_DEVICES: [0]
[I 2023-11-30 09:34:36,303] Trial 20 finished with value: 332.1694641113281 and parameters: {'gradient_clip_val': 0.2657778262663268, 'hidden_size': 40, 'dropout': 0.3104951542170291, 'hidden_continuous_size': 24, 'attention_head_size': 2, 'learning_rate': 0.002793506668944132}. Best is trial 14 with value: 245.2445068359375.
LOCAL_RANK: 0 - CUDA_VISIBLE_DEVICES: [0]
[I 2023-11-30 09:34:49,908] Trial 21 finished with value: 262.5926818847656 and parameters: {'gradient_clip_val': 0.17308470006245766, 'hidden_size': 69, 'dropout': 0.2732730747877527, 'hidden_continuous_size': 30, 'attention_head_size': 2, 'learning_rate': 0.0064587311872599815}. Best is trial 14 with value: 245.2445068359375.
LOCAL_RANK: 0 - CUDA_VISIBLE_DEVICES: [0]
[I 2023-11-30 09:35:03,415] Trial 22 finished with value: 263.6797790527344 and parameters: {'gradient_clip_val': 0.22805527942160228, 'hidden_size': 66, 'dropout': 0.28097010605814404, 'hidden_continuous_size': 29, 'attention_head_size': 2, 'learning_rate': 0.007024588154629083}. Best is trial 14 with value: 245.2445068359375.
LOCAL_RANK: 0 - CUDA_VISIBLE_DEVICES: [0]
[I 2023-11-30 09:35:16,812] Trial 23 finished with value: 255.1315155029297 and parameters: {'gradient_clip_val': 0.22506122291029104, 'hidden_size': 65, 'dropout': 0.29159808951486027, 'hidden_continuous_size': 27, 'attention_head_size': 1, 'learning_rate': 0.008607524292079184}. Best is trial 14 with value: 245.2445068359375.
LOCAL_RANK: 0 - CUDA_VISIBLE_DEVICES: [0]
[I 2023-11-30 09:35:30,980] Trial 24 finished with value: 245.08721923828125 and parameters: {'gradient_clip_val': 0.31208635009078683, 'hidden_size': 103, 'dropout': 0.3188842070408995, 'hidden_continuous_size': 41, 'attention_head_size': 1, 'learning_rate': 0.004488190424672289}. Best is trial 24 with value: 245.08721923828125.
LOCAL_RANK: 0 - CUDA_VISIBLE_DEVICES: [0]
[I 2023-11-30 09:35:44,985] Trial 25 finished with value: 239.2787628173828 and parameters: {'gradient_clip_val': 0.33000042395824764, 'hidden_size': 106, 'dropout': 0.33070969799419625, 'hidden_continuous_size': 41, 'attention_head_size': 1, 'learning_rate': 0.003763279904807338}. Best is trial 25 with value: 239.2787628173828.
LOCAL_RANK: 0 - CUDA_VISIBLE_DEVICES: [0]
[I 2023-11-30 09:35:59,017] Trial 26 finished with value: 238.1986541748047 and parameters: {'gradient_clip_val': 0.3280772963324892, 'hidden_size': 105, 'dropout': 0.3341331733899746, 'hidden_continuous_size': 43, 'attention_head_size': 1, 'learning_rate': 0.004083553084723614}. Best is trial 26 with value: 238.1986541748047.
LOCAL_RANK: 0 - CUDA_VISIBLE_DEVICES: [0]
[I 2023-11-30 09:36:13,077] Trial 27 finished with value: 273.5443420410156 and parameters: {'gradient_clip_val': 0.3448114480946268, 'hidden_size': 109, 'dropout': 0.3372956694476083, 'hidden_continuous_size': 43, 'attention_head_size': 1, 'learning_rate': 0.0028443015717389162}. Best is trial 26 with value: 238.1986541748047.
LOCAL_RANK: 0 - CUDA_VISIBLE_DEVICES: [0]
[I 2023-11-30 09:36:27,029] Trial 28 finished with value: 265.45001220703125 and parameters: {'gradient_clip_val': 0.3786696286454337, 'hidden_size': 107, 'dropout': 0.3328466310061037, 'hidden_continuous_size': 39, 'attention_head_size': 1, 'learning_rate': 0.0020108582017803124}. Best is trial 26 with value: 238.1986541748047.
LOCAL_RANK: 0 - CUDA_VISIBLE_DEVICES: [0]
[I 2023-11-30 09:36:41,224] Trial 29 finished with value: 243.2210693359375 and parameters: {'gradient_clip_val': 0.2968571277123796, 'hidden_size': 115, 'dropout': 0.34793459833697027, 'hidden_continuous_size': 50, 'attention_head_size': 1, 'learning_rate': 0.004466754025750772}. Best is trial 26 with value: 238.1986541748047.
LOCAL_RANK: 0 - CUDA_VISIBLE_DEVICES: [0]
[I 2023-11-30 09:36:55,318] Trial 30 finished with value: 248.8539276123047 and parameters: {'gradient_clip_val': 0.25535932720623294, 'hidden_size': 121, 'dropout': 0.35525333927457786, 'hidden_continuous_size': 52, 'attention_head_size': 1, 'learning_rate': 0.0028182461963328718}. Best is trial 26 with value: 238.1986541748047.
LOCAL_RANK: 0 - CUDA_VISIBLE_DEVICES: [0]
[I 2023-11-30 09:37:09,005] Trial 31 finished with value: 278.18988037109375 and parameters: {'gradient_clip_val': 0.30895698764386015, 'hidden_size': 96, 'dropout': 0.34101187331041904, 'hidden_continuous_size': 38, 'attention_head_size': 1, 'learning_rate': 0.004978009996533823}. Best is trial 26 with value: 238.1986541748047.
LOCAL_RANK: 0 - CUDA_VISIBLE_DEVICES: [0]
[I 2023-11-30 09:37:23,051] Trial 32 finished with value: 262.08001708984375 and parameters: {'gradient_clip_val': 0.2964838453561248, 'hidden_size': 114, 'dropout': 0.31563985202378647, 'hidden_continuous_size': 50, 'attention_head_size': 1, 'learning_rate': 0.004157785131924945}. Best is trial 26 with value: 238.1986541748047.
LOCAL_RANK: 0 - CUDA_VISIBLE_DEVICES: [0]
[I 2023-11-30 09:37:36,929] Trial 33 finished with value: 294.36077880859375 and parameters: {'gradient_clip_val': 0.3344486753212357, 'hidden_size': 91, 'dropout': 0.36867114789827693, 'hidden_continuous_size': 35, 'attention_head_size': 1, 'learning_rate': 0.0015383047226826055}. Best is trial 26 with value: 238.1986541748047.
LOCAL_RANK: 0 - CUDA_VISIBLE_DEVICES: [0]
[I 2023-11-30 09:37:51,732] Trial 34 finished with value: 302.816650390625 and parameters: {'gradient_clip_val': 0.43299522486936604, 'hidden_size': 131, 'dropout': 0.3504396269913712, 'hidden_continuous_size': 77, 'attention_head_size': 1, 'learning_rate': 0.003195487884780818}. Best is trial 26 with value: 238.1986541748047.
LOCAL_RANK: 0 - CUDA_VISIBLE_DEVICES: [0]
[I 2023-11-30 09:38:05,875] Trial 35 finished with value: 240.09730529785156 and parameters: {'gradient_clip_val': 0.2912685521820578, 'hidden_size': 118, 'dropout': 0.32514089411528885, 'hidden_continuous_size': 48, 'attention_head_size': 1, 'learning_rate': 0.0022721988883503625}. Best is trial 26 with value: 238.1986541748047.
LOCAL_RANK: 0 - CUDA_VISIBLE_DEVICES: [0]
[I 2023-11-30 09:38:19,904] Trial 36 finished with value: 233.10594177246094 and parameters: {'gradient_clip_val': 0.27606997645374476, 'hidden_size': 124, 'dropout': 0.3856367071459473, 'hidden_continuous_size': 47, 'attention_head_size': 1, 'learning_rate': 0.001658826857240219}. Best is trial 36 with value: 233.10594177246094.
LOCAL_RANK: 0 - CUDA_VISIBLE_DEVICES: [0]
[I 2023-11-30 09:38:33,640] Trial 37 finished with value: 342.6290588378906 and parameters: {'gradient_clip_val': 0.2536950118143012, 'hidden_size': 77, 'dropout': 0.39387105304113623, 'hidden_continuous_size': 45, 'attention_head_size': 1, 'learning_rate': 0.0014581147159491554}. Best is trial 36 with value: 233.10594177246094.
LOCAL_RANK: 0 - CUDA_VISIBLE_DEVICES: [0]
[I 2023-11-30 09:38:47,706] Trial 38 finished with value: 260.398681640625 and parameters: {'gradient_clip_val': 0.3896624404663158, 'hidden_size': 129, 'dropout': 0.37814825911537425, 'hidden_continuous_size': 35, 'attention_head_size': 1, 'learning_rate': 0.002126105819883767}. Best is trial 36 with value: 233.10594177246094.
LOCAL_RANK: 0 - CUDA_VISIBLE_DEVICES: [0]
[I 2023-11-30 09:39:01,738] Trial 39 finished with value: 338.7388000488281 and parameters: {'gradient_clip_val': 0.28369258695094773, 'hidden_size': 85, 'dropout': 0.3595063369304356, 'hidden_continuous_size': 46, 'attention_head_size': 1, 'learning_rate': 0.001636167122748457}. Best is trial 36 with value: 233.10594177246094.
LOCAL_RANK: 0 - CUDA_VISIBLE_DEVICES: [0]
[I 2023-11-30 09:39:16,327] Trial 40 finished with value: 265.0578918457031 and parameters: {'gradient_clip_val': 0.4803294916651067, 'hidden_size': 150, 'dropout': 0.3038097993042987, 'hidden_continuous_size': 74, 'attention_head_size': 1, 'learning_rate': 0.0023309093706716027}. Best is trial 36 with value: 233.10594177246094.
LOCAL_RANK: 0 - CUDA_VISIBLE_DEVICES: [0]
[I 2023-11-30 09:39:30,531] Trial 41 finished with value: 300.1394348144531 and parameters: {'gradient_clip_val': 0.28306366674403216, 'hidden_size': 117, 'dropout': 0.3239012424227084, 'hidden_continuous_size': 54, 'attention_head_size': 1, 'learning_rate': 0.0012006394690479646}. Best is trial 36 with value: 233.10594177246094.
LOCAL_RANK: 0 - CUDA_VISIBLE_DEVICES: [0]
[I 2023-11-30 09:39:44,337] Trial 42 finished with value: 318.7683410644531 and parameters: {'gradient_clip_val': 0.33179398157347856, 'hidden_size': 104, 'dropout': 0.34513481424387615, 'hidden_continuous_size': 48, 'attention_head_size': 1, 'learning_rate': 0.0025489648368415643}. Best is trial 36 with value: 233.10594177246094.
LOCAL_RANK: 0 - CUDA_VISIBLE_DEVICES: [0]
[I 2023-11-30 09:39:58,513] Trial 43 finished with value: 243.5647430419922 and parameters: {'gradient_clip_val': 0.37746671519939085, 'hidden_size': 129, 'dropout': 0.37521921083610504, 'hidden_continuous_size': 58, 'attention_head_size': 1, 'learning_rate': 0.0018511497877951866}. Best is trial 36 with value: 233.10594177246094.
LOCAL_RANK: 0 - CUDA_VISIBLE_DEVICES: [0]
[I 2023-11-30 09:40:12,471] Trial 44 finished with value: 249.5186309814453 and parameters: {'gradient_clip_val': 0.243955498171019, 'hidden_size': 88, 'dropout': 0.358534575613987, 'hidden_continuous_size': 46, 'attention_head_size': 1, 'learning_rate': 0.0033367093418432145}. Best is trial 36 with value: 233.10594177246094.
LOCAL_RANK: 0 - CUDA_VISIBLE_DEVICES: [0]
[I 2023-11-30 09:40:26,603] Trial 45 finished with value: 289.4249572753906 and parameters: {'gradient_clip_val': 0.30280253482680286, 'hidden_size': 118, 'dropout': 0.300632523846775, 'hidden_continuous_size': 38, 'attention_head_size': 2, 'learning_rate': 0.001267851705635633}. Best is trial 36 with value: 233.10594177246094.
LOCAL_RANK: 0 - CUDA_VISIBLE_DEVICES: [0]
[I 2023-11-30 09:40:40,629] Trial 46 finished with value: 354.21337890625 and parameters: {'gradient_clip_val': 0.2711893212278888, 'hidden_size': 98, 'dropout': 0.3303798661759897, 'hidden_continuous_size': 55, 'attention_head_size': 1, 'learning_rate': 0.0010455053649021176}. Best is trial 36 with value: 233.10594177246094.
LOCAL_RANK: 0 - CUDA_VISIBLE_DEVICES: [0]
[I 2023-11-30 09:40:54,721] Trial 47 finished with value: 277.74169921875 and parameters: {'gradient_clip_val': 0.4109354220487941, 'hidden_size': 129, 'dropout': 0.3461308662276512, 'hidden_continuous_size': 58, 'attention_head_size': 1, 'learning_rate': 0.0023415879642864645}. Best is trial 36 with value: 233.10594177246094.
LOCAL_RANK: 0 - CUDA_VISIBLE_DEVICES: [0]
[I 2023-11-30 09:41:08,588] Trial 48 finished with value: 308.8215026855469 and parameters: {'gradient_clip_val': 0.3538031330302123, 'hidden_size': 77, 'dropout': 0.3826520892756407, 'hidden_continuous_size': 49, 'attention_head_size': 2, 'learning_rate': 0.0018406337419472338}. Best is trial 36 with value: 233.10594177246094.
LOCAL_RANK: 0 - CUDA_VISIBLE_DEVICES: [0]
[I 2023-11-30 09:41:22,485] Trial 49 finished with value: 257.4953918457031 and parameters: {'gradient_clip_val': 0.4993365546762121, 'hidden_size': 96, 'dropout': 0.3620127330764193, 'hidden_continuous_size': 41, 'attention_head_size': 1, 'learning_rate': 0.005409975222079362}. Best is trial 36 with value: 233.10594177246094.
LOCAL_RANK: 0 - CUDA_VISIBLE_DEVICES: [0]
[I 2023-11-30 09:41:36,834] Trial 50 finished with value: 291.7413024902344 and parameters: {'gradient_clip_val': 0.3063368663811388, 'hidden_size': 141, 'dropout': 0.32897185761438186, 'hidden_continuous_size': 32, 'attention_head_size': 2, 'learning_rate': 0.003977815611848339}. Best is trial 36 with value: 233.10594177246094.
LOCAL_RANK: 0 - CUDA_VISIBLE_DEVICES: [0]
[I 2023-11-30 09:41:51,180] Trial 51 finished with value: 293.3364562988281 and parameters: {'gradient_clip_val': 0.38222596647024026, 'hidden_size': 131, 'dropout': 0.37557752792963345, 'hidden_continuous_size': 58, 'attention_head_size': 1, 'learning_rate': 0.0016721825742055285}. Best is trial 36 with value: 233.10594177246094.
LOCAL_RANK: 0 - CUDA_VISIBLE_DEVICES: [0]
[I 2023-11-30 09:42:05,314] Trial 52 finished with value: 261.6806945800781 and parameters: {'gradient_clip_val': 0.36475822045703143, 'hidden_size': 111, 'dropout': 0.3984999483857652, 'hidden_continuous_size': 53, 'attention_head_size': 1, 'learning_rate': 0.0019528194268953432}. Best is trial 36 with value: 233.10594177246094.
LOCAL_RANK: 0 - CUDA_VISIBLE_DEVICES: [0]
[I 2023-11-30 09:42:19,475] Trial 53 finished with value: 272.8230895996094 and parameters: {'gradient_clip_val': 0.32970709867212544, 'hidden_size': 122, 'dropout': 0.3679303206918706, 'hidden_continuous_size': 64, 'attention_head_size': 1, 'learning_rate': 0.0013371004694162707}. Best is trial 36 with value: 233.10594177246094.
LOCAL_RANK: 0 - CUDA_VISIBLE_DEVICES: [0]
[I 2023-11-30 09:42:34,198] Trial 54 finished with value: 263.1623840332031 and parameters: {'gradient_clip_val': 0.2722304392132971, 'hidden_size': 138, 'dropout': 0.38597456702089344, 'hidden_continuous_size': 70, 'attention_head_size': 1, 'learning_rate': 0.0023209704513072406}. Best is trial 36 with value: 233.10594177246094.
LOCAL_RANK: 0 - CUDA_VISIBLE_DEVICES: [0]
[I 2023-11-30 09:42:48,019] Trial 55 finished with value: 264.04840087890625 and parameters: {'gradient_clip_val': 0.42876107227781785, 'hidden_size': 88, 'dropout': 0.34808436842890766, 'hidden_continuous_size': 44, 'attention_head_size': 1, 'learning_rate': 0.0035089510811431497}. Best is trial 36 with value: 233.10594177246094.
LOCAL_RANK: 0 - CUDA_VISIBLE_DEVICES: [0]
[I 2023-11-30 09:43:02,307] Trial 56 finished with value: 278.39898681640625 and parameters: {'gradient_clip_val': 0.32589674836827204, 'hidden_size': 107, 'dropout': 0.3669969802883569, 'hidden_continuous_size': 48, 'attention_head_size': 4, 'learning_rate': 0.0017976429550618264}. Best is trial 36 with value: 233.10594177246094.
LOCAL_RANK: 0 - CUDA_VISIBLE_DEVICES: [0]
[I 2023-11-30 09:43:16,879] Trial 57 finished with value: 246.95916748046875 and parameters: {'gradient_clip_val': 0.23937499071705706, 'hidden_size': 149, 'dropout': 0.38693991893686824, 'hidden_continuous_size': 61, 'attention_head_size': 1, 'learning_rate': 0.0026750886054149733}. Best is trial 36 with value: 233.10594177246094.
LOCAL_RANK: 0 - CUDA_VISIBLE_DEVICES: [0]
[I 2023-11-30 09:43:31,027] Trial 58 finished with value: 244.00877380371094 and parameters: {'gradient_clip_val': 0.396394869699858, 'hidden_size': 124, 'dropout': 0.3749215811706108, 'hidden_continuous_size': 55, 'attention_head_size': 2, 'learning_rate': 0.0030605774673261705}. Best is trial 36 with value: 233.10594177246094.
LOCAL_RANK: 0 - CUDA_VISIBLE_DEVICES: [0]
[I 2023-11-30 09:43:44,893] Trial 59 finished with value: 302.2309265136719 and parameters: {'gradient_clip_val': 0.3577435033179762, 'hidden_size': 81, 'dropout': 0.3231522662410835, 'hidden_continuous_size': 42, 'attention_head_size': 3, 'learning_rate': 0.0038136846425361618}. Best is trial 36 with value: 233.10594177246094.
LOCAL_RANK: 0 - CUDA_VISIBLE_DEVICES: [0]
[I 2023-11-30 09:43:58,988] Trial 60 finished with value: 282.0813903808594 and parameters: {'gradient_clip_val': 0.44951491706223934, 'hidden_size': 98, 'dropout': 0.3391347504977414, 'hidden_continuous_size': 35, 'attention_head_size': 1, 'learning_rate': 0.0014469313415236553}. Best is trial 36 with value: 233.10594177246094.
LOCAL_RANK: 0 - CUDA_VISIBLE_DEVICES: [0]
[I 2023-11-30 09:44:13,161] Trial 61 finished with value: 294.6880798339844 and parameters: {'gradient_clip_val': 0.3964020977032294, 'hidden_size': 122, 'dropout': 0.3762001631472728, 'hidden_continuous_size': 55, 'attention_head_size': 2, 'learning_rate': 0.0032701994737467416}. Best is trial 36 with value: 233.10594177246094.
LOCAL_RANK: 0 - CUDA_VISIBLE_DEVICES: [0]
[I 2023-11-30 09:44:27,506] Trial 62 finished with value: 260.6611633300781 and parameters: {'gradient_clip_val': 0.2823887446250748, 'hidden_size': 135, 'dropout': 0.35520659691844275, 'hidden_continuous_size': 39, 'attention_head_size': 2, 'learning_rate': 0.0020718792274088365}. Best is trial 36 with value: 233.10594177246094.
LOCAL_RANK: 0 - CUDA_VISIBLE_DEVICES: [0]
[I 2023-11-30 09:44:41,635] Trial 63 finished with value: 292.4241943359375 and parameters: {'gradient_clip_val': 0.402412863699463, 'hidden_size': 109, 'dropout': 0.3985679407296388, 'hidden_continuous_size': 50, 'attention_head_size': 1, 'learning_rate': 0.004774579751421122}. Best is trial 36 with value: 233.10594177246094.
LOCAL_RANK: 0 - CUDA_VISIBLE_DEVICES: [0]
[I 2023-11-30 09:44:55,821] Trial 64 finished with value: 217.42364501953125 and parameters: {'gradient_clip_val': 0.3513910167431641, 'hidden_size': 120, 'dropout': 0.37196769396335094, 'hidden_continuous_size': 58, 'attention_head_size': 1, 'learning_rate': 0.0029922970332230962}. Best is trial 64 with value: 217.42364501953125.
LOCAL_RANK: 0 - CUDA_VISIBLE_DEVICES: [0]
[I 2023-11-30 09:45:09,852] Trial 65 finished with value: 275.3898010253906 and parameters: {'gradient_clip_val': 0.3178284357525233, 'hidden_size': 116, 'dropout': 0.33954767279779074, 'hidden_continuous_size': 60, 'attention_head_size': 1, 'learning_rate': 0.0026171909974113906}. Best is trial 64 with value: 217.42364501953125.
LOCAL_RANK: 0 - CUDA_VISIBLE_DEVICES: [0]
[I 2023-11-30 09:45:23,808] Trial 66 finished with value: 245.995849609375 and parameters: {'gradient_clip_val': 0.294842528671437, 'hidden_size': 101, 'dropout': 0.35185591027386837, 'hidden_continuous_size': 44, 'attention_head_size': 1, 'learning_rate': 0.004418401890174238}. Best is trial 64 with value: 217.42364501953125.
LOCAL_RANK: 0 - CUDA_VISIBLE_DEVICES: [0]
[I 2023-11-30 09:45:37,687] Trial 67 finished with value: 278.2233581542969 and parameters: {'gradient_clip_val': 0.35281495148605285, 'hidden_size': 93, 'dropout': 0.3113599134420115, 'hidden_continuous_size': 47, 'attention_head_size': 1, 'learning_rate': 0.0037238453557331}. Best is trial 64 with value: 217.42364501953125.
LOCAL_RANK: 0 - CUDA_VISIBLE_DEVICES: [0]
[I 2023-11-30 09:45:52,214] Trial 68 finished with value: 308.7264404296875 and parameters: {'gradient_clip_val': 0.33657719829008825, 'hidden_size': 137, 'dropout': 0.3884756105966934, 'hidden_continuous_size': 83, 'attention_head_size': 1, 'learning_rate': 0.005575931213392482}. Best is trial 64 with value: 217.42364501953125.
LOCAL_RANK: 0 - CUDA_VISIBLE_DEVICES: [0]
[I 2023-11-30 09:46:06,079] Trial 69 finished with value: 240.572265625 and parameters: {'gradient_clip_val': 0.2659895806752921, 'hidden_size': 72, 'dropout': 0.3663027914179095, 'hidden_continuous_size': 51, 'attention_head_size': 1, 'learning_rate': 0.0029377162899284926}. Best is trial 64 with value: 217.42364501953125.
LOCAL_RANK: 0 - CUDA_VISIBLE_DEVICES: [0]
[I 2023-11-30 09:46:19,819] Trial 70 finished with value: 245.03355407714844 and parameters: {'gradient_clip_val': 0.2606568638259548, 'hidden_size': 80, 'dropout': 0.36358243450085903, 'hidden_continuous_size': 50, 'attention_head_size': 1, 'learning_rate': 0.006274641400657443}. Best is trial 64 with value: 217.42364501953125.
LOCAL_RANK: 0 - CUDA_VISIBLE_DEVICES: [0]
[I 2023-11-30 09:46:33,876] Trial 71 finished with value: 246.6282196044922 and parameters: {'gradient_clip_val': 0.29481290875304333, 'hidden_size': 111, 'dropout': 0.3698779250055594, 'hidden_continuous_size': 52, 'attention_head_size': 1, 'learning_rate': 0.002813095719922172}. Best is trial 64 with value: 217.42364501953125.
LOCAL_RANK: 0 - CUDA_VISIBLE_DEVICES: [0]
[I 2023-11-30 09:46:47,634] Trial 72 finished with value: 252.9540252685547 and parameters: {'gradient_clip_val': 0.2648986151442041, 'hidden_size': 101, 'dropout': 0.332338217196623, 'hidden_continuous_size': 37, 'attention_head_size': 1, 'learning_rate': 0.0023738113177370628}. Best is trial 64 with value: 217.42364501953125.
LOCAL_RANK: 0 - CUDA_VISIBLE_DEVICES: [0]
[I 2023-11-30 09:47:01,390] Trial 73 finished with value: 283.2123718261719 and parameters: {'gradient_clip_val': 0.23091379373235474, 'hidden_size': 92, 'dropout': 0.35556062665914095, 'hidden_continuous_size': 44, 'attention_head_size': 1, 'learning_rate': 0.0031624065851005466}. Best is trial 64 with value: 217.42364501953125.
LOCAL_RANK: 0 - CUDA_VISIBLE_DEVICES: [0]
[I 2023-11-30 09:47:15,092] Trial 74 finished with value: 294.2306213378906 and parameters: {'gradient_clip_val': 0.24920093206497385, 'hidden_size': 70, 'dropout': 0.3799792066012916, 'hidden_continuous_size': 41, 'attention_head_size': 1, 'learning_rate': 0.0017769349578798976}. Best is trial 64 with value: 217.42364501953125.
LOCAL_RANK: 0 - CUDA_VISIBLE_DEVICES: [0]
