[I 2023-11-30 12:26:12,875] Trial 26 finished with value: 5.007426738739014 and parameters: {'gradient_clip_val': 0.8471766110949197, 'hidden_size': 118, 'dropout': 0.21055852610583753, 'hidden_continuous_size': 110, 'attention_head_size': 4, 'learning_rate': 0.0327660360471795}. Best is trial 12 with value: 4.6274094581604.
LOCAL_RANK: 0 - CUDA_VISIBLE_DEVICES: [0]
[I 2023-11-30 12:26:26,427] Trial 27 finished with value: 4.78551721572876 and parameters: {'gradient_clip_val': 0.6885710420769103, 'hidden_size': 67, 'dropout': 0.13214323004077894, 'hidden_continuous_size': 22, 'attention_head_size': 3, 'learning_rate': 0.01126582274896907}. Best is trial 12 with value: 4.6274094581604.
LOCAL_RANK: 0 - CUDA_VISIBLE_DEVICES: [0]
[I 2023-11-30 12:26:39,660] Trial 28 finished with value: 6.0128302574157715 and parameters: {'gradient_clip_val': 0.676330526435788, 'hidden_size': 46, 'dropout': 0.12371268779444454, 'hidden_continuous_size': 20, 'attention_head_size': 3, 'learning_rate': 0.010980681189325308}. Best is trial 12 with value: 4.6274094581604.
LOCAL_RANK: 0 - CUDA_VISIBLE_DEVICES: [0]
[I 2023-11-30 12:26:52,980] Trial 29 finished with value: 5.1778435707092285 and parameters: {'gradient_clip_val': 0.6441154075952987, 'hidden_size': 64, 'dropout': 0.10072389634400497, 'hidden_continuous_size': 22, 'attention_head_size': 1, 'learning_rate': 0.010800135886037218}. Best is trial 12 with value: 4.6274094581604.
LOCAL_RANK: 0 - CUDA_VISIBLE_DEVICES: [0]
[I 2023-11-30 12:27:05,929] Trial 30 finished with value: 5.661065578460693 and parameters: {'gradient_clip_val': 0.9925219032347055, 'hidden_size': 39, 'dropout': 0.14096928936313757, 'hidden_continuous_size': 23, 'attention_head_size': 3, 'learning_rate': 0.014074595121128413}. Best is trial 12 with value: 4.6274094581604.
LOCAL_RANK: 0 - CUDA_VISIBLE_DEVICES: [0]
[I 2023-11-30 12:27:19,665] Trial 31 finished with value: 5.155331134796143 and parameters: {'gradient_clip_val': 0.523797995064992, 'hidden_size': 88, 'dropout': 0.16462219766522487, 'hidden_continuous_size': 30, 'attention_head_size': 4, 'learning_rate': 0.019600029211454952}. Best is trial 12 with value: 4.6274094581604.
LOCAL_RANK: 0 - CUDA_VISIBLE_DEVICES: [0]
[I 2023-11-30 12:27:33,255] Trial 32 finished with value: 5.111808776855469 and parameters: {'gradient_clip_val': 0.8084836447293287, 'hidden_size': 69, 'dropout': 0.20170951514680766, 'hidden_continuous_size': 36, 'attention_head_size': 3, 'learning_rate': 0.028826185540223107}. Best is trial 12 with value: 4.6274094581604.
LOCAL_RANK: 0 - CUDA_VISIBLE_DEVICES: [0]
[I 2023-11-30 12:27:46,990] Trial 33 finished with value: 5.476528167724609 and parameters: {'gradient_clip_val': 0.5844565648353455, 'hidden_size': 57, 'dropout': 0.22492390333552154, 'hidden_continuous_size': 27, 'attention_head_size': 4, 'learning_rate': 0.022187040204082586}. Best is trial 12 with value: 4.6274094581604.
LOCAL_RANK: 0 - CUDA_VISIBLE_DEVICES: [0]
[I 2023-11-30 12:28:00,769] Trial 34 finished with value: 4.936059474945068 and parameters: {'gradient_clip_val': 0.7176377820868615, 'hidden_size': 79, 'dropout': 0.17153147107211805, 'hidden_continuous_size': 35, 'attention_head_size': 3, 'learning_rate': 0.037671999007449365}. Best is trial 12 with value: 4.6274094581604.
LOCAL_RANK: 0 - CUDA_VISIBLE_DEVICES: [0]
[I 2023-11-30 12:28:14,294] Trial 35 finished with value: 5.202789306640625 and parameters: {'gradient_clip_val': 0.5171918732117963, 'hidden_size': 67, 'dropout': 0.1951113882057307, 'hidden_continuous_size': 29, 'attention_head_size': 4, 'learning_rate': 0.023286355575629518}. Best is trial 12 with value: 4.6274094581604.
LOCAL_RANK: 0 - CUDA_VISIBLE_DEVICES: [0]
[I 2023-11-30 12:28:27,230] Trial 36 finished with value: 5.680572509765625 and parameters: {'gradient_clip_val': 0.4511273011708186, 'hidden_size': 48, 'dropout': 0.1460362160555936, 'hidden_continuous_size': 18, 'attention_head_size': 2, 'learning_rate': 0.05413209929344125}. Best is trial 12 with value: 4.6274094581604.
LOCAL_RANK: 0 - CUDA_VISIBLE_DEVICES: [0]
[I 2023-11-30 12:28:41,402] Trial 37 finished with value: 6.161834716796875 and parameters: {'gradient_clip_val': 0.8651263874728343, 'hidden_size': 98, 'dropout': 0.16107398418318242, 'hidden_continuous_size': 42, 'attention_head_size': 4, 'learning_rate': 0.0348583936953976}. Best is trial 12 with value: 4.6274094581604.
LOCAL_RANK: 0 - CUDA_VISIBLE_DEVICES: [0]
[I 2023-11-30 12:28:54,947] Trial 38 finished with value: 5.539351940155029 and parameters: {'gradient_clip_val': 0.5687604687474705, 'hidden_size': 55, 'dropout': 0.18888512527205314, 'hidden_continuous_size': 25, 'attention_head_size': 3, 'learning_rate': 0.014484433500204752}. Best is trial 12 with value: 4.6274094581604.
LOCAL_RANK: 0 - CUDA_VISIBLE_DEVICES: [0]
[I 2023-11-30 12:29:08,414] Trial 39 finished with value: 5.073709964752197 and parameters: {'gradient_clip_val': 0.7316740202415924, 'hidden_size': 62, 'dropout': 0.11654497081346357, 'hidden_continuous_size': 30, 'attention_head_size': 2, 'learning_rate': 0.009044510259932923}. Best is trial 12 with value: 4.6274094581604.
LOCAL_RANK: 0 - CUDA_VISIBLE_DEVICES: [0]
[I 2023-11-30 12:29:22,145] Trial 40 finished with value: 5.247564315795898 and parameters: {'gradient_clip_val': 0.6281500626594908, 'hidden_size': 85, 'dropout': 0.1385911180299567, 'hidden_continuous_size': 39, 'attention_head_size': 1, 'learning_rate': 0.049404813877763104}. Best is trial 12 with value: 4.6274094581604.
LOCAL_RANK: 0 - CUDA_VISIBLE_DEVICES: [0]
[I 2023-11-30 12:29:35,906] Trial 41 finished with value: 5.114462852478027 and parameters: {'gradient_clip_val': 0.5707141613573096, 'hidden_size': 71, 'dropout': 0.1874167949960358, 'hidden_continuous_size': 32, 'attention_head_size': 4, 'learning_rate': 0.027883735569852127}. Best is trial 12 with value: 4.6274094581604.
LOCAL_RANK: 0 - CUDA_VISIBLE_DEVICES: [0]
[I 2023-11-30 12:29:49,635] Trial 42 finished with value: 4.332871913909912 and parameters: {'gradient_clip_val': 0.5477399193086339, 'hidden_size': 58, 'dropout': 0.1767434227658106, 'hidden_continuous_size': 26, 'attention_head_size': 4, 'learning_rate': 0.042946855462744946}. Best is trial 42 with value: 4.332871913909912.
LOCAL_RANK: 0 - CUDA_VISIBLE_DEVICES: [0]
[I 2023-11-30 12:30:03,238] Trial 43 finished with value: 4.756437301635742 and parameters: {'gradient_clip_val': 0.48291990262707607, 'hidden_size': 61, 'dropout': 0.15628273775652674, 'hidden_continuous_size': 27, 'attention_head_size': 4, 'learning_rate': 0.034962040424669306}. Best is trial 42 with value: 4.332871913909912.
LOCAL_RANK: 0 - CUDA_VISIBLE_DEVICES: [0]
[I 2023-11-30 12:30:16,276] Trial 44 finished with value: 4.671097278594971 and parameters: {'gradient_clip_val': 0.4980594320735201, 'hidden_size': 44, 'dropout': 0.15307738947483307, 'hidden_continuous_size': 27, 'attention_head_size': 4, 'learning_rate': 0.07234003648342875}. Best is trial 42 with value: 4.332871913909912.
LOCAL_RANK: 0 - CUDA_VISIBLE_DEVICES: [0]
[I 2023-11-30 12:30:29,491] Trial 45 finished with value: 6.275114059448242 and parameters: {'gradient_clip_val': 0.4824939523895845, 'hidden_size': 42, 'dropout': 0.15286198465760437, 'hidden_continuous_size': 26, 'attention_head_size': 4, 'learning_rate': 0.07371481819655577}. Best is trial 42 with value: 4.332871913909912.
LOCAL_RANK: 0 - CUDA_VISIBLE_DEVICES: [0]
[I 2023-11-30 12:30:42,936] Trial 46 finished with value: 4.9062371253967285 and parameters: {'gradient_clip_val': 0.3975401799745823, 'hidden_size': 60, 'dropout': 0.1155144046009157, 'hidden_continuous_size': 24, 'attention_head_size': 3, 'learning_rate': 0.0628545097952939}. Best is trial 42 with value: 4.332871913909912.
LOCAL_RANK: 0 - CUDA_VISIBLE_DEVICES: [0]
[I 2023-11-30 12:30:56,509] Trial 47 finished with value: 5.015478610992432 and parameters: {'gradient_clip_val': 0.3516069911249472, 'hidden_size': 51, 'dropout': 0.1389804489731604, 'hidden_continuous_size': 27, 'attention_head_size': 4, 'learning_rate': 0.04682415483372839}. Best is trial 42 with value: 4.332871913909912.
LOCAL_RANK: 0 - CUDA_VISIBLE_DEVICES: [0]
[I 2023-11-30 12:31:09,314] Trial 48 finished with value: 5.713799953460693 and parameters: {'gradient_clip_val': 0.43329392565522884, 'hidden_size': 33, 'dropout': 0.15399844805439625, 'hidden_continuous_size': 22, 'attention_head_size': 2, 'learning_rate': 0.07825781687111086}. Best is trial 42 with value: 4.332871913909912.
LOCAL_RANK: 0 - CUDA_VISIBLE_DEVICES: [0]
[I 2023-11-30 12:31:22,527] Trial 49 finished with value: 5.318362712860107 and parameters: {'gradient_clip_val': 0.5141175293681517, 'hidden_size': 48, 'dropout': 0.11285469369894938, 'hidden_continuous_size': 28, 'attention_head_size': 4, 'learning_rate': 0.058159763344684076}. Best is trial 42 with value: 4.332871913909912.
LOCAL_RANK: 0 - CUDA_VISIBLE_DEVICES: [0]
[I 2023-11-30 12:31:36,107] Trial 50 finished with value: 5.938093662261963 and parameters: {'gradient_clip_val': 0.28859581763365777, 'hidden_size': 59, 'dropout': 0.12556875159568648, 'hidden_continuous_size': 26, 'attention_head_size': 3, 'learning_rate': 0.08868602800956038}. Best is trial 42 with value: 4.332871913909912.
LOCAL_RANK: 0 - CUDA_VISIBLE_DEVICES: [0]
[I 2023-11-30 12:31:50,020] Trial 51 finished with value: 5.051862716674805 and parameters: {'gradient_clip_val': 0.7417996578608351, 'hidden_size': 73, 'dropout': 0.17357367068335636, 'hidden_continuous_size': 34, 'attention_head_size': 4, 'learning_rate': 0.04604143438328187}. Best is trial 42 with value: 4.332871913909912.
LOCAL_RANK: 0 - CUDA_VISIBLE_DEVICES: [0]
[I 2023-11-30 12:32:03,695] Trial 52 finished with value: 4.948511600494385 and parameters: {'gradient_clip_val': 0.484412024533178, 'hidden_size': 64, 'dropout': 0.15498767469775993, 'hidden_continuous_size': 29, 'attention_head_size': 4, 'learning_rate': 0.03918697485629968}. Best is trial 42 with value: 4.332871913909912.
LOCAL_RANK: 0 - CUDA_VISIBLE_DEVICES: [0]
[I 2023-11-30 12:32:17,265] Trial 53 finished with value: 5.472300052642822 and parameters: {'gradient_clip_val': 0.6251413541693379, 'hidden_size': 54, 'dropout': 0.17182149734070973, 'hidden_continuous_size': 31, 'attention_head_size': 4, 'learning_rate': 0.03202426501040061}. Best is trial 42 with value: 4.332871913909912.
LOCAL_RANK: 0 - CUDA_VISIBLE_DEVICES: [0]
[I 2023-11-30 12:32:31,114] Trial 54 finished with value: 5.677707195281982 and parameters: {'gradient_clip_val': 0.417647374699045, 'hidden_size': 66, 'dropout': 0.12990648802743948, 'hidden_continuous_size': 28, 'attention_head_size': 4, 'learning_rate': 0.06509721089606761}. Best is trial 42 with value: 4.332871913909912.
LOCAL_RANK: 0 - CUDA_VISIBLE_DEVICES: [0]
[I 2023-11-30 12:32:44,313] Trial 55 finished with value: 5.552586078643799 and parameters: {'gradient_clip_val': 0.5435491270204821, 'hidden_size': 46, 'dropout': 0.1477366334782584, 'hidden_continuous_size': 25, 'attention_head_size': 4, 'learning_rate': 0.04960571684795941}. Best is trial 42 with value: 4.332871913909912.
LOCAL_RANK: 0 - CUDA_VISIBLE_DEVICES: [0]
[I 2023-11-30 12:32:58,085] Trial 56 finished with value: 5.456397533416748 and parameters: {'gradient_clip_val': 0.37620624144348147, 'hidden_size': 74, 'dropout': 0.13432780142906567, 'hidden_continuous_size': 33, 'attention_head_size': 3, 'learning_rate': 0.0406260582921894}. Best is trial 42 with value: 4.332871913909912.
LOCAL_RANK: 0 - CUDA_VISIBLE_DEVICES: [0]
[I 2023-11-30 12:33:11,936] Trial 57 finished with value: 5.05073356628418 and parameters: {'gradient_clip_val': 0.47097156458715955, 'hidden_size': 58, 'dropout': 0.16178183783692307, 'hidden_continuous_size': 30, 'attention_head_size': 4, 'learning_rate': 0.02998757529106191}. Best is trial 42 with value: 4.332871913909912.
LOCAL_RANK: 0 - CUDA_VISIBLE_DEVICES: [0]
[I 2023-11-30 12:33:25,873] Trial 58 finished with value: 5.3350138664245605 and parameters: {'gradient_clip_val': 0.6687782720305339, 'hidden_size': 78, 'dropout': 0.17986490923591433, 'hidden_continuous_size': 37, 'attention_head_size': 4, 'learning_rate': 0.02392459053420027}. Best is trial 42 with value: 4.332871913909912.
LOCAL_RANK: 0 - CUDA_VISIBLE_DEVICES: [0]
[I 2023-11-30 12:33:39,422] Trial 59 finished with value: 5.885350704193115 and parameters: {'gradient_clip_val': 0.7740075680006899, 'hidden_size': 51, 'dropout': 0.11005774154287215, 'hidden_continuous_size': 34, 'attention_head_size': 3, 'learning_rate': 0.08593462803308477}. Best is trial 42 with value: 4.332871913909912.
LOCAL_RANK: 0 - CUDA_VISIBLE_DEVICES: [0]
[I 2023-11-30 12:33:52,435] Trial 60 finished with value: 5.05854606628418 and parameters: {'gradient_clip_val': 0.5859717819020883, 'hidden_size': 35, 'dropout': 0.12140311044604758, 'hidden_continuous_size': 27, 'attention_head_size': 4, 'learning_rate': 0.0668834498484383}. Best is trial 42 with value: 4.332871913909912.
LOCAL_RANK: 0 - CUDA_VISIBLE_DEVICES: [0]
[I 2023-11-30 12:34:06,458] Trial 61 finished with value: 4.874782562255859 and parameters: {'gradient_clip_val': 0.6964166503516933, 'hidden_size': 85, 'dropout': 0.20266273197330625, 'hidden_continuous_size': 41, 'attention_head_size': 4, 'learning_rate': 0.0343649119303788}. Best is trial 42 with value: 4.332871913909912.
LOCAL_RANK: 0 - CUDA_VISIBLE_DEVICES: [0]
[I 2023-11-30 12:34:20,452] Trial 62 finished with value: 5.281013488769531 and parameters: {'gradient_clip_val': 0.5202371841111785, 'hidden_size': 65, 'dropout': 0.14757114843772456, 'hidden_continuous_size': 37, 'attention_head_size': 4, 'learning_rate': 0.05706246224821591}. Best is trial 42 with value: 4.332871913909912.
LOCAL_RANK: 0 - CUDA_VISIBLE_DEVICES: [0]
[I 2023-11-30 12:34:34,199] Trial 63 finished with value: 4.540473461151123 and parameters: {'gradient_clip_val': 0.5445918566724848, 'hidden_size': 70, 'dropout': 0.18320328406556527, 'hidden_continuous_size': 32, 'attention_head_size': 4, 'learning_rate': 0.043173504920840614}. Best is trial 42 with value: 4.332871913909912.
LOCAL_RANK: 0 - CUDA_VISIBLE_DEVICES: [0]
[I 2023-11-30 12:34:47,973] Trial 64 finished with value: 5.388634204864502 and parameters: {'gradient_clip_val': 0.6111540460585837, 'hidden_size': 74, 'dropout': 0.13460159924016038, 'hidden_continuous_size': 32, 'attention_head_size': 4, 'learning_rate': 0.04271816106747138}. Best is trial 42 with value: 4.332871913909912.
LOCAL_RANK: 0 - CUDA_VISIBLE_DEVICES: [0]
[I 2023-11-30 12:35:01,568] Trial 65 finished with value: 4.896800994873047 and parameters: {'gradient_clip_val': 0.4503083459047287, 'hidden_size': 56, 'dropout': 0.1789199557660133, 'hidden_continuous_size': 35, 'attention_head_size': 4, 'learning_rate': 0.02746779001163798}. Best is trial 42 with value: 4.332871913909912.
LOCAL_RANK: 0 - CUDA_VISIBLE_DEVICES: [0]
[I 2023-11-30 12:35:15,060] Trial 66 finished with value: 5.283463001251221 and parameters: {'gradient_clip_val': 0.5520634597070935, 'hidden_size': 60, 'dropout': 0.16338766484218142, 'hidden_continuous_size': 29, 'attention_head_size': 4, 'learning_rate': 0.04790112563926316}. Best is trial 42 with value: 4.332871913909912.
LOCAL_RANK: 0 - CUDA_VISIBLE_DEVICES: [0]
[I 2023-11-30 12:35:28,137] Trial 67 finished with value: 5.66453218460083 and parameters: {'gradient_clip_val': 0.6504696614568822, 'hidden_size': 44, 'dropout': 0.10720003237099321, 'hidden_continuous_size': 31, 'attention_head_size': 3, 'learning_rate': 0.01904429379808341}. Best is trial 42 with value: 4.332871913909912.
LOCAL_RANK: 0 - CUDA_VISIBLE_DEVICES: [0]
[I 2023-11-30 12:35:41,289] Trial 68 finished with value: 5.220502853393555 and parameters: {'gradient_clip_val': 0.49628718285335993, 'hidden_size': 52, 'dropout': 0.14303034616957946, 'hidden_continuous_size': 21, 'attention_head_size': 4, 'learning_rate': 0.036530330973163924}. Best is trial 42 with value: 4.332871913909912.
LOCAL_RANK: 0 - CUDA_VISIBLE_DEVICES: [0]
[I 2023-11-30 12:35:54,903] Trial 69 finished with value: 5.184258460998535 and parameters: {'gradient_clip_val': 0.6988364628431416, 'hidden_size': 69, 'dropout': 0.2220448938791605, 'hidden_continuous_size': 23, 'attention_head_size': 3, 'learning_rate': 0.05568486682792279}. Best is trial 42 with value: 4.332871913909912.
LOCAL_RANK: 0 - CUDA_VISIBLE_DEVICES: [0]
[I 2023-11-30 12:36:07,828] Trial 70 finished with value: 4.621462345123291 and parameters: {'gradient_clip_val': 0.5483007931277243, 'hidden_size': 39, 'dropout': 0.16757446303022286, 'hidden_continuous_size': 25, 'attention_head_size': 2, 'learning_rate': 0.07672464949832969}. Best is trial 42 with value: 4.332871913909912.
LOCAL_RANK: 0 - CUDA_VISIBLE_DEVICES: [0]
[I 2023-11-30 12:36:20,899] Trial 71 finished with value: 4.994259357452393 and parameters: {'gradient_clip_val': 0.5964878119374027, 'hidden_size': 43, 'dropout': 0.16892805127350122, 'hidden_continuous_size': 25, 'attention_head_size': 2, 'learning_rate': 0.07126065227371738}. Best is trial 42 with value: 4.332871913909912.
LOCAL_RANK: 0 - CUDA_VISIBLE_DEVICES: [0]
[I 2023-11-30 12:36:33,830] Trial 72 finished with value: 5.69824743270874 and parameters: {'gradient_clip_val': 0.5444422615331672, 'hidden_size': 39, 'dropout': 0.15641913040213162, 'hidden_continuous_size': 24, 'attention_head_size': 2, 'learning_rate': 0.0808633781273981}. Best is trial 42 with value: 4.332871913909912.
LOCAL_RANK: 0 - CUDA_VISIBLE_DEVICES: [0]
[I 2023-11-30 12:36:47,496] Trial 73 finished with value: 5.874820709228516 and parameters: {'gradient_clip_val': 0.4695706149283058, 'hidden_size': 63, 'dropout': 0.17772998252894762, 'hidden_continuous_size': 27, 'attention_head_size': 2, 'learning_rate': 0.06326694383781378}. Best is trial 42 with value: 4.332871913909912.
LOCAL_RANK: 0 - CUDA_VISIBLE_DEVICES: [0]
[I 2023-11-30 12:37:00,764] Trial 74 finished with value: 5.457216262817383 and parameters: {'gradient_clip_val': 0.6189749024330022, 'hidden_size': 49, 'dropout': 0.18652727597106922, 'hidden_continuous_size': 33, 'attention_head_size': 1, 'learning_rate': 0.041804903664029704}. Best is trial 42 with value: 4.332871913909912.
LOCAL_RANK: 0 - CUDA_VISIBLE_DEVICES: [0]
[I 2023-11-30 12:37:14,416] Trial 75 finished with value: 6.543947219848633 and parameters: {'gradient_clip_val': 0.5305314589398217, 'hidden_size': 78, 'dropout': 0.16303838784155075, 'hidden_continuous_size': 19, 'attention_head_size': 2, 'learning_rate': 0.09832660565198767}. Best is trial 42 with value: 4.332871913909912.
LOCAL_RANK: 0 - CUDA_VISIBLE_DEVICES: [0]
[I 2023-11-30 12:37:27,727] Trial 76 finished with value: 4.990471363067627 and parameters: {'gradient_clip_val': 0.656614381552119, 'hidden_size': 55, 'dropout': 0.19550745336656983, 'hidden_continuous_size': 22, 'attention_head_size': 3, 'learning_rate': 0.05145196733815136}. Best is trial 42 with value: 4.332871913909912.
LOCAL_RANK: 0 - CUDA_VISIBLE_DEVICES: [0]
[I 2023-11-30 12:37:41,702] Trial 77 finished with value: 7.283236026763916 and parameters: {'gradient_clip_val': 0.49781686589505714, 'hidden_size': 68, 'dropout': 0.13109651623336016, 'hidden_continuous_size': 38, 'attention_head_size': 4, 'learning_rate': 0.031169231731971943}. Best is trial 42 with value: 4.332871913909912.
LOCAL_RANK: 0 - CUDA_VISIBLE_DEVICES: [0]
[I 2023-11-30 12:37:54,576] Trial 78 finished with value: 4.8556084632873535 and parameters: {'gradient_clip_val': 0.5753790443955025, 'hidden_size': 29, 'dropout': 0.14665559913391965, 'hidden_continuous_size': 26, 'attention_head_size': 4, 'learning_rate': 0.07335134180816641}. Best is trial 42 with value: 4.332871913909912.
LOCAL_RANK: 0 - CUDA_VISIBLE_DEVICES: [0]
[I 2023-11-30 12:38:08,662] Trial 79 finished with value: 4.7904534339904785 and parameters: {'gradient_clip_val': 0.4409122461997971, 'hidden_size': 93, 'dropout': 0.17019340865871538, 'hidden_continuous_size': 44, 'attention_head_size': 2, 'learning_rate': 0.03546338300506861}. Best is trial 42 with value: 4.332871913909912.
LOCAL_RANK: 0 - CUDA_VISIBLE_DEVICES: [0]
[I 2023-11-30 12:38:22,205] Trial 80 finished with value: 5.0671515464782715 and parameters: {'gradient_clip_val': 0.4039375967647159, 'hidden_size': 58, 'dropout': 0.15644006976636224, 'hidden_continuous_size': 28, 'attention_head_size': 4, 'learning_rate': 0.059682920257306094}. Best is trial 42 with value: 4.332871913909912.
LOCAL_RANK: 0 - CUDA_VISIBLE_DEVICES: [0]
[I 2023-11-30 12:38:36,144] Trial 81 finished with value: 4.803657054901123 and parameters: {'gradient_clip_val': 0.43674692706077467, 'hidden_size': 85, 'dropout': 0.1715532913989001, 'hidden_continuous_size': 43, 'attention_head_size': 2, 'learning_rate': 0.03581831782180033}. Best is trial 42 with value: 4.332871913909912.
LOCAL_RANK: 0 - CUDA_VISIBLE_DEVICES: [0]
[I 2023-11-30 12:38:50,376] Trial 82 finished with value: 5.931735992431641 and parameters: {'gradient_clip_val': 0.49689296979427894, 'hidden_size': 92, 'dropout': 0.18487715516940717, 'hidden_continuous_size': 45, 'attention_head_size': 2, 'learning_rate': 0.04580024175083281}. Best is trial 42 with value: 4.332871913909912.
LOCAL_RANK: 0 - CUDA_VISIBLE_DEVICES: [0]
[I 2023-11-30 12:39:04,022] Trial 83 finished with value: 5.156069278717041 and parameters: {'gradient_clip_val': 0.5512094397074304, 'hidden_size': 72, 'dropout': 0.1684238787870795, 'hidden_continuous_size': 36, 'attention_head_size': 2, 'learning_rate': 0.024940765900574414}. Best is trial 42 with value: 4.332871913909912.
LOCAL_RANK: 0 - CUDA_VISIBLE_DEVICES: [0]
[I 2023-11-30 12:39:17,581] Trial 84 finished with value: 5.195176601409912 and parameters: {'gradient_clip_val': 0.45723513486076517, 'hidden_size': 62, 'dropout': 0.15151626977574437, 'hidden_continuous_size': 39, 'attention_head_size': 1, 'learning_rate': 0.03922550136014664}. Best is trial 42 with value: 4.332871913909912.
LOCAL_RANK: 0 - CUDA_VISIBLE_DEVICES: [0]
