[I 2023-11-30 15:38:56,727] Trial 93 finished with value: 10.739214897155762 and parameters: {'gradient_clip_val': 0.7708110777398726, 'hidden_size': 56, 'dropout': 0.20202335562319643, 'hidden_continuous_size': 15, 'attention_head_size': 1, 'learning_rate': 0.026246222596237975}. Best is trial 79 with value: 10.011624336242676.
LOCAL_RANK: 0 - CUDA_VISIBLE_DEVICES: [0]
[I 2023-11-30 15:39:10,819] Trial 94 finished with value: 11.65319538116455 and parameters: {'gradient_clip_val': 0.8104935519723375, 'hidden_size': 53, 'dropout': 0.2127428671001658, 'hidden_continuous_size': 17, 'attention_head_size': 1, 'learning_rate': 0.046701531452414374}. Best is trial 79 with value: 10.011624336242676.
LOCAL_RANK: 0 - CUDA_VISIBLE_DEVICES: [0]
[I 2023-11-30 15:39:24,112] Trial 95 finished with value: 10.863319396972656 and parameters: {'gradient_clip_val': 0.7084840613659301, 'hidden_size': 44, 'dropout': 0.18471524811997664, 'hidden_continuous_size': 18, 'attention_head_size': 1, 'learning_rate': 0.031870935503736986}. Best is trial 79 with value: 10.011624336242676.
LOCAL_RANK: 0 - CUDA_VISIBLE_DEVICES: [0]
[I 2023-11-30 15:39:37,469] Trial 96 finished with value: 11.826462745666504 and parameters: {'gradient_clip_val': 0.6246538102503858, 'hidden_size': 46, 'dropout': 0.1946519883057632, 'hidden_continuous_size': 14, 'attention_head_size': 1, 'learning_rate': 0.05657576561738059}. Best is trial 79 with value: 10.011624336242676.
LOCAL_RANK: 0 - CUDA_VISIBLE_DEVICES: [0]
[I 2023-11-30 15:39:51,111] Trial 97 finished with value: 10.789924621582031 and parameters: {'gradient_clip_val': 0.675931877369341, 'hidden_size': 40, 'dropout': 0.20572387329828726, 'hidden_continuous_size': 21, 'attention_head_size': 4, 'learning_rate': 0.03724159287119643}. Best is trial 79 with value: 10.011624336242676.
LOCAL_RANK: 0 - CUDA_VISIBLE_DEVICES: [0]
[I 2023-11-30 15:40:04,564] Trial 98 finished with value: 10.962783813476562 and parameters: {'gradient_clip_val': 0.5786311274433961, 'hidden_size': 49, 'dropout': 0.1883286394445165, 'hidden_continuous_size': 13, 'attention_head_size': 1, 'learning_rate': 0.0415819820695097}. Best is trial 79 with value: 10.011624336242676.
LOCAL_RANK: 0 - CUDA_VISIBLE_DEVICES: [0]
[I 2023-11-30 15:40:18,429] Trial 99 finished with value: 10.892681121826172 and parameters: {'gradient_clip_val': 0.7394416863301327, 'hidden_size': 58, 'dropout': 0.22427605325662525, 'hidden_continuous_size': 23, 'attention_head_size': 1, 'learning_rate': 0.02027118128622106}. Best is trial 79 with value: 10.011624336242676.
LOCAL_RANK: 0 - CUDA_VISIBLE_DEVICES: [0]
[I 2023-11-30 15:40:32,363] Trial 100 finished with value: 11.403582572937012 and parameters: {'gradient_clip_val': 0.8596812004834311, 'hidden_size': 52, 'dropout': 0.21596048295132536, 'hidden_continuous_size': 12, 'attention_head_size': 2, 'learning_rate': 0.027185026029048886}. Best is trial 79 with value: 10.011624336242676.
LOCAL_RANK: 0 - CUDA_VISIBLE_DEVICES: [0]
[I 2023-11-30 15:40:46,319] Trial 101 finished with value: 10.533849716186523 and parameters: {'gradient_clip_val': 0.9512020459918797, 'hidden_size': 38, 'dropout': 0.19495599164985442, 'hidden_continuous_size': 17, 'attention_head_size': 3, 'learning_rate': 0.03446994758158684}. Best is trial 79 with value: 10.011624336242676.
LOCAL_RANK: 0 - CUDA_VISIBLE_DEVICES: [0]
[I 2023-11-30 15:40:59,820] Trial 102 finished with value: 10.70833683013916 and parameters: {'gradient_clip_val': 0.8230814473650916, 'hidden_size': 38, 'dropout': 0.19553336897570625, 'hidden_continuous_size': 17, 'attention_head_size': 3, 'learning_rate': 0.03358711989218225}. Best is trial 79 with value: 10.011624336242676.
LOCAL_RANK: 0 - CUDA_VISIBLE_DEVICES: [0]
[I 2023-11-30 15:41:13,506] Trial 103 finished with value: 10.789645195007324 and parameters: {'gradient_clip_val': 0.9429397182548874, 'hidden_size': 42, 'dropout': 0.18006727981747417, 'hidden_continuous_size': 19, 'attention_head_size': 3, 'learning_rate': 0.04767001118825728}. Best is trial 79 with value: 10.011624336242676.
LOCAL_RANK: 0 - CUDA_VISIBLE_DEVICES: [0]
[I 2023-11-30 15:41:27,429] Trial 104 finished with value: 10.984749794006348 and parameters: {'gradient_clip_val': 0.8891835804981435, 'hidden_size': 45, 'dropout': 0.20764821834772076, 'hidden_continuous_size': 20, 'attention_head_size': 3, 'learning_rate': 0.02886120667319789}. Best is trial 79 with value: 10.011624336242676.
LOCAL_RANK: 0 - CUDA_VISIBLE_DEVICES: [0]
[I 2023-11-30 15:41:41,240] Trial 105 finished with value: 10.699654579162598 and parameters: {'gradient_clip_val': 0.7653486382419971, 'hidden_size': 48, 'dropout': 0.18987003037195824, 'hidden_continuous_size': 16, 'attention_head_size': 3, 'learning_rate': 0.05123725823587955}. Best is trial 79 with value: 10.011624336242676.
LOCAL_RANK: 0 - CUDA_VISIBLE_DEVICES: [0]
[I 2023-11-30 15:41:55,274] Trial 106 finished with value: 10.53312873840332 and parameters: {'gradient_clip_val': 0.6512225922605087, 'hidden_size': 36, 'dropout': 0.20219880396392365, 'hidden_continuous_size': 17, 'attention_head_size': 3, 'learning_rate': 0.03923812561491597}. Best is trial 79 with value: 10.011624336242676.
LOCAL_RANK: 0 - CUDA_VISIBLE_DEVICES: [0]
[I 2023-11-30 15:42:09,019] Trial 107 finished with value: 10.667526245117188 and parameters: {'gradient_clip_val': 0.7900090851772549, 'hidden_size': 37, 'dropout': 0.20184921998470481, 'hidden_continuous_size': 18, 'attention_head_size': 4, 'learning_rate': 0.03961489094280095}. Best is trial 79 with value: 10.011624336242676.
LOCAL_RANK: 0 - CUDA_VISIBLE_DEVICES: [0]
[I 2023-11-30 15:42:22,189] Trial 108 finished with value: 11.88244915008545 and parameters: {'gradient_clip_val': 0.6532916373247515, 'hidden_size': 32, 'dropout': 0.1753639646260509, 'hidden_continuous_size': 17, 'attention_head_size': 3, 'learning_rate': 0.04504559559087492}. Best is trial 79 with value: 10.011624336242676.
LOCAL_RANK: 0 - CUDA_VISIBLE_DEVICES: [0]
[I 2023-11-30 15:42:36,207] Trial 109 finished with value: 10.902384757995605 and parameters: {'gradient_clip_val': 0.7195956952713827, 'hidden_size': 35, 'dropout': 0.23501585607925657, 'hidden_continuous_size': 17, 'attention_head_size': 2, 'learning_rate': 0.03571903783189539}. Best is trial 79 with value: 10.011624336242676.
LOCAL_RANK: 0 - CUDA_VISIBLE_DEVICES: [0]
[I 2023-11-30 15:42:50,473] Trial 110 finished with value: 10.856547355651855 and parameters: {'gradient_clip_val': 0.8214767093163333, 'hidden_size': 40, 'dropout': 0.21384350723781106, 'hidden_continuous_size': 15, 'attention_head_size': 4, 'learning_rate': 0.05852558373073753}. Best is trial 79 with value: 10.011624336242676.
LOCAL_RANK: 0 - CUDA_VISIBLE_DEVICES: [0]
[I 2023-11-30 15:43:04,011] Trial 111 finished with value: 10.745616912841797 and parameters: {'gradient_clip_val': 0.6880971771775489, 'hidden_size': 43, 'dropout': 0.1976570616369912, 'hidden_continuous_size': 16, 'attention_head_size': 3, 'learning_rate': 0.03283068265552087}. Best is trial 79 with value: 10.011624336242676.
LOCAL_RANK: 0 - CUDA_VISIBLE_DEVICES: [0]
[I 2023-11-30 15:43:17,900] Trial 112 finished with value: 11.579781532287598 and parameters: {'gradient_clip_val': 0.6317225271628945, 'hidden_size': 46, 'dropout': 0.20679120670276513, 'hidden_continuous_size': 14, 'attention_head_size': 3, 'learning_rate': 0.04233089784035966}. Best is trial 79 with value: 10.011624336242676.
LOCAL_RANK: 0 - CUDA_VISIBLE_DEVICES: [0]
[I 2023-11-30 15:43:31,498] Trial 113 finished with value: 11.823712348937988 and parameters: {'gradient_clip_val': 0.6013829116829104, 'hidden_size': 37, 'dropout': 0.22629060366435533, 'hidden_continuous_size': 18, 'attention_head_size': 3, 'learning_rate': 0.02420784451689914}. Best is trial 79 with value: 10.011624336242676.
LOCAL_RANK: 0 - CUDA_VISIBLE_DEVICES: [0]
[I 2023-11-30 15:43:45,715] Trial 114 finished with value: 11.347380638122559 and parameters: {'gradient_clip_val': 0.7443561267101896, 'hidden_size': 50, 'dropout': 0.1909251871141584, 'hidden_continuous_size': 20, 'attention_head_size': 3, 'learning_rate': 0.02959425021781762}. Best is trial 79 with value: 10.011624336242676.
LOCAL_RANK: 0 - CUDA_VISIBLE_DEVICES: [0]
[I 2023-11-30 15:43:59,129] Trial 115 finished with value: 11.723591804504395 and parameters: {'gradient_clip_val': 0.6663460915172199, 'hidden_size': 30, 'dropout': 0.18234255642967057, 'hidden_continuous_size': 18, 'attention_head_size': 3, 'learning_rate': 0.022513057802580803}. Best is trial 79 with value: 10.011624336242676.
LOCAL_RANK: 0 - CUDA_VISIBLE_DEVICES: [0]
[I 2023-11-30 15:44:12,990] Trial 116 finished with value: 10.835970878601074 and parameters: {'gradient_clip_val': 0.5454462196302573, 'hidden_size': 34, 'dropout': 0.21775242050240148, 'hidden_continuous_size': 17, 'attention_head_size': 3, 'learning_rate': 0.037895729982909784}. Best is trial 79 with value: 10.011624336242676.
LOCAL_RANK: 0 - CUDA_VISIBLE_DEVICES: [0]
[I 2023-11-30 15:44:26,734] Trial 117 finished with value: 11.57162857055664 and parameters: {'gradient_clip_val': 0.508903954373225, 'hidden_size': 42, 'dropout': 0.17161231683998077, 'hidden_continuous_size': 19, 'attention_head_size': 3, 'learning_rate': 0.027145718933054782}. Best is trial 79 with value: 10.011624336242676.
LOCAL_RANK: 0 - CUDA_VISIBLE_DEVICES: [0]
[I 2023-11-30 15:44:41,502] Trial 118 finished with value: 11.651771545410156 and parameters: {'gradient_clip_val': 0.8626882408716681, 'hidden_size': 39, 'dropout': 0.19901186099500817, 'hidden_continuous_size': 15, 'attention_head_size': 3, 'learning_rate': 0.05339261844943668}. Best is trial 79 with value: 10.011624336242676.
LOCAL_RANK: 0 - CUDA_VISIBLE_DEVICES: [0]
[I 2023-11-30 15:44:55,933] Trial 119 finished with value: 10.624676704406738 and parameters: {'gradient_clip_val': 0.9155919217911319, 'hidden_size': 62, 'dropout': 0.2127036912053191, 'hidden_continuous_size': 11, 'attention_head_size': 1, 'learning_rate': 0.019131546551134106}. Best is trial 79 with value: 10.011624336242676.
LOCAL_RANK: 0 - CUDA_VISIBLE_DEVICES: [0]
[I 2023-11-30 15:45:10,505] Trial 120 finished with value: 10.414494514465332 and parameters: {'gradient_clip_val': 0.7821045644364364, 'hidden_size': 54, 'dropout': 0.23082708154741205, 'hidden_continuous_size': 10, 'attention_head_size': 3, 'learning_rate': 0.03143714958918715}. Best is trial 79 with value: 10.011624336242676.
LOCAL_RANK: 0 - CUDA_VISIBLE_DEVICES: [0]
[I 2023-11-30 15:45:24,217] Trial 121 finished with value: 11.281645774841309 and parameters: {'gradient_clip_val': 0.7986580850635169, 'hidden_size': 54, 'dropout': 0.22168929387539885, 'hidden_continuous_size': 10, 'attention_head_size': 3, 'learning_rate': 0.03406466572075845}. Best is trial 79 with value: 10.011624336242676.
LOCAL_RANK: 0 - CUDA_VISIBLE_DEVICES: [0]
[I 2023-11-30 15:45:37,831] Trial 122 finished with value: 10.911361694335938 and parameters: {'gradient_clip_val': 0.7123091455734725, 'hidden_size': 51, 'dropout': 0.23146354902650512, 'hidden_continuous_size': 10, 'attention_head_size': 3, 'learning_rate': 0.03093251801277306}. Best is trial 79 with value: 10.011624336242676.
LOCAL_RANK: 0 - CUDA_VISIBLE_DEVICES: [0]
[I 2023-11-30 15:45:52,290] Trial 123 finished with value: 11.18476390838623 and parameters: {'gradient_clip_val': 0.9680862958697862, 'hidden_size': 58, 'dropout': 0.2035355435950658, 'hidden_continuous_size': 11, 'attention_head_size': 3, 'learning_rate': 0.04033403253218771}. Best is trial 79 with value: 10.011624336242676.
LOCAL_RANK: 0 - CUDA_VISIBLE_DEVICES: [0]
[I 2023-11-30 15:46:07,156] Trial 124 finished with value: 11.185770988464355 and parameters: {'gradient_clip_val': 0.7631834545900786, 'hidden_size': 47, 'dropout': 0.24318888024559687, 'hidden_continuous_size': 16, 'attention_head_size': 3, 'learning_rate': 0.047719708277846634}. Best is trial 79 with value: 10.011624336242676.
LOCAL_RANK: 0 - CUDA_VISIBLE_DEVICES: [0]
[I 2023-11-30 15:46:21,024] Trial 125 finished with value: 12.101162910461426 and parameters: {'gradient_clip_val': 0.8300889369569491, 'hidden_size': 43, 'dropout': 0.19301674916080108, 'hidden_continuous_size': 10, 'attention_head_size': 3, 'learning_rate': 0.021553088768329728}. Best is trial 79 with value: 10.011624336242676.
LOCAL_RANK: 0 - CUDA_VISIBLE_DEVICES: [0]
[I 2023-11-30 15:46:34,442] Trial 126 finished with value: 11.324051856994629 and parameters: {'gradient_clip_val': 0.8978761063950362, 'hidden_size': 56, 'dropout': 0.22643880302905847, 'hidden_continuous_size': 12, 'attention_head_size': 3, 'learning_rate': 0.02567003827720163}. Best is trial 79 with value: 10.011624336242676.
LOCAL_RANK: 0 - CUDA_VISIBLE_DEVICES: [0]
[I 2023-11-30 15:46:48,023] Trial 127 finished with value: 10.872150421142578 and parameters: {'gradient_clip_val': 0.6450429651950702, 'hidden_size': 49, 'dropout': 0.2122903402970211, 'hidden_continuous_size': 11, 'attention_head_size': 1, 'learning_rate': 0.036740957379126825}. Best is trial 79 with value: 10.011624336242676.
LOCAL_RANK: 0 - CUDA_VISIBLE_DEVICES: [0]
[I 2023-11-30 15:47:01,866] Trial 128 finished with value: 10.815876960754395 and parameters: {'gradient_clip_val': 0.721786386437129, 'hidden_size': 53, 'dropout': 0.18410337022121068, 'hidden_continuous_size': 13, 'attention_head_size': 2, 'learning_rate': 0.027861385935164067}. Best is trial 79 with value: 10.011624336242676.
LOCAL_RANK: 0 - CUDA_VISIBLE_DEVICES: [0]
[I 2023-11-30 15:47:16,220] Trial 129 finished with value: 11.811360359191895 and parameters: {'gradient_clip_val': 0.5788526258791773, 'hidden_size': 45, 'dropout': 0.17763310235642515, 'hidden_continuous_size': 16, 'attention_head_size': 3, 'learning_rate': 0.04197315190884939}. Best is trial 79 with value: 10.011624336242676.
LOCAL_RANK: 0 - CUDA_VISIBLE_DEVICES: [0]
[I 2023-11-30 15:47:29,678] Trial 130 finished with value: 12.03567123413086 and parameters: {'gradient_clip_val': 0.6885794797646322, 'hidden_size': 33, 'dropout': 0.23461732122067197, 'hidden_continuous_size': 17, 'attention_head_size': 1, 'learning_rate': 0.015281464444258347}. Best is trial 79 with value: 10.011624336242676.
LOCAL_RANK: 0 - CUDA_VISIBLE_DEVICES: [0]
[I 2023-11-30 15:47:43,604] Trial 131 finished with value: 10.874478340148926 and parameters: {'gradient_clip_val': 0.9842761777200151, 'hidden_size': 37, 'dropout': 0.1928392608307221, 'hidden_continuous_size': 10, 'attention_head_size': 3, 'learning_rate': 0.03143283156274185}. Best is trial 79 with value: 10.011624336242676.
LOCAL_RANK: 0 - CUDA_VISIBLE_DEVICES: [0]
[I 2023-11-30 15:47:57,848] Trial 132 finished with value: 10.807459831237793 and parameters: {'gradient_clip_val': 0.863570826630751, 'hidden_size': 41, 'dropout': 0.20629769836782724, 'hidden_continuous_size': 10, 'attention_head_size': 3, 'learning_rate': 0.03256707041582074}. Best is trial 79 with value: 10.011624336242676.
LOCAL_RANK: 0 - CUDA_VISIBLE_DEVICES: [0]
[I 2023-11-30 15:48:11,812] Trial 133 finished with value: 11.219695091247559 and parameters: {'gradient_clip_val': 0.9452603850808818, 'hidden_size': 40, 'dropout': 0.21841415185202587, 'hidden_continuous_size': 18, 'attention_head_size': 3, 'learning_rate': 0.02427884680571893}. Best is trial 79 with value: 10.011624336242676.
LOCAL_RANK: 0 - CUDA_VISIBLE_DEVICES: [0]
[I 2023-11-30 15:48:25,410] Trial 134 finished with value: 10.85089111328125 and parameters: {'gradient_clip_val': 0.9960602811717392, 'hidden_size': 47, 'dropout': 0.19967973598106634, 'hidden_continuous_size': 10, 'attention_head_size': 3, 'learning_rate': 0.04981592814988589}. Best is trial 79 with value: 10.011624336242676.
LOCAL_RANK: 0 - CUDA_VISIBLE_DEVICES: [0]
[I 2023-11-30 15:48:39,274] Trial 135 finished with value: 12.500088691711426 and parameters: {'gradient_clip_val': 0.7668905437825868, 'hidden_size': 38, 'dropout': 0.1891740021923935, 'hidden_continuous_size': 11, 'attention_head_size': 3, 'learning_rate': 0.037086200320586335}. Best is trial 79 with value: 10.011624336242676.
LOCAL_RANK: 0 - CUDA_VISIBLE_DEVICES: [0]
[I 2023-11-30 15:48:52,932] Trial 136 finished with value: 12.182888984680176 and parameters: {'gradient_clip_val': 0.902805631212415, 'hidden_size': 31, 'dropout': 0.21046226573226393, 'hidden_continuous_size': 19, 'attention_head_size': 3, 'learning_rate': 0.044917798735562155}. Best is trial 79 with value: 10.011624336242676.
LOCAL_RANK: 0 - CUDA_VISIBLE_DEVICES: [0]
[I 2023-11-30 15:49:06,540] Trial 137 finished with value: 11.498936653137207 and parameters: {'gradient_clip_val': 0.7878654958540043, 'hidden_size': 35, 'dropout': 0.1969425089170011, 'hidden_continuous_size': 10, 'attention_head_size': 1, 'learning_rate': 0.02880661911034367}. Best is trial 79 with value: 10.011624336242676.
LOCAL_RANK: 0 - CUDA_VISIBLE_DEVICES: [0]
[I 2023-11-30 15:49:20,281] Trial 138 finished with value: 11.149561882019043 and parameters: {'gradient_clip_val': 0.8352873019910371, 'hidden_size': 44, 'dropout': 0.16847811447654493, 'hidden_continuous_size': 11, 'attention_head_size': 3, 'learning_rate': 0.03469502865891582}. Best is trial 79 with value: 10.011624336242676.
LOCAL_RANK: 0 - CUDA_VISIBLE_DEVICES: [0]
[I 2023-11-30 15:49:34,285] Trial 139 finished with value: 11.690157890319824 and parameters: {'gradient_clip_val': 0.6752726060574687, 'hidden_size': 51, 'dropout': 0.18597271887421354, 'hidden_continuous_size': 23, 'attention_head_size': 4, 'learning_rate': 0.05647877624354453}. Best is trial 79 with value: 10.011624336242676.
LOCAL_RANK: 0 - CUDA_VISIBLE_DEVICES: [0]
[I 2023-11-30 15:49:48,315] Trial 140 finished with value: 10.89969539642334 and parameters: {'gradient_clip_val': 0.610207580700938, 'hidden_size': 55, 'dropout': 0.20593823457182397, 'hidden_continuous_size': 14, 'attention_head_size': 1, 'learning_rate': 0.01842893860946455}. Best is trial 79 with value: 10.011624336242676.
LOCAL_RANK: 0 - CUDA_VISIBLE_DEVICES: [0]
[I 2023-11-30 15:50:02,731] Trial 141 finished with value: 11.124397277832031 and parameters: {'gradient_clip_val': 0.9095546488029782, 'hidden_size': 63, 'dropout': 0.2134624653378094, 'hidden_continuous_size': 11, 'attention_head_size': 1, 'learning_rate': 0.019787776858593724}. Best is trial 79 with value: 10.011624336242676.
LOCAL_RANK: 0 - CUDA_VISIBLE_DEVICES: [0]
[I 2023-11-30 15:50:16,487] Trial 142 finished with value: 12.330479621887207 and parameters: {'gradient_clip_val': 0.9179935376098254, 'hidden_size': 59, 'dropout': 0.22238764954761603, 'hidden_continuous_size': 12, 'attention_head_size': 1, 'learning_rate': 0.013768554786560626}. Best is trial 79 with value: 10.011624336242676.
LOCAL_RANK: 0 - CUDA_VISIBLE_DEVICES: [0]
[I 2023-11-30 15:50:29,768] Trial 143 finished with value: 12.111712455749512 and parameters: {'gradient_clip_val': 0.8751596426524962, 'hidden_size': 64, 'dropout': 0.20243393435846918, 'hidden_continuous_size': 15, 'attention_head_size': 1, 'learning_rate': 0.017314284222486823}. Best is trial 79 with value: 10.011624336242676.
LOCAL_RANK: 0 - CUDA_VISIBLE_DEVICES: [0]
[I 2023-11-30 15:50:43,803] Trial 144 finished with value: 11.144072532653809 and parameters: {'gradient_clip_val': 0.8104758361725559, 'hidden_size': 72, 'dropout': 0.21689412601279953, 'hidden_continuous_size': 12, 'attention_head_size': 1, 'learning_rate': 0.022614381763558705}. Best is trial 79 with value: 10.011624336242676.
LOCAL_RANK: 0 - CUDA_VISIBLE_DEVICES: [0]
[I 2023-11-30 15:50:57,530] Trial 145 finished with value: 12.195338249206543 and parameters: {'gradient_clip_val': 0.7422896547958631, 'hidden_size': 48, 'dropout': 0.22997582879643907, 'hidden_continuous_size': 10, 'attention_head_size': 1, 'learning_rate': 0.010910069222995908}. Best is trial 79 with value: 10.011624336242676.
LOCAL_RANK: 0 - CUDA_VISIBLE_DEVICES: [0]
[I 2023-11-30 15:51:11,561] Trial 146 finished with value: 10.467362403869629 and parameters: {'gradient_clip_val': 0.9525895828580053, 'hidden_size': 53, 'dropout': 0.19441436910634036, 'hidden_continuous_size': 20, 'attention_head_size': 3, 'learning_rate': 0.02541425590810773}. Best is trial 79 with value: 10.011624336242676.
LOCAL_RANK: 0 - CUDA_VISIBLE_DEVICES: [0]
[I 2023-11-30 15:51:24,963] Trial 147 finished with value: 10.742732048034668 and parameters: {'gradient_clip_val': 0.9737708830359864, 'hidden_size': 51, 'dropout': 0.19401281178131238, 'hidden_continuous_size': 19, 'attention_head_size': 3, 'learning_rate': 0.026572210199831182}. Best is trial 79 with value: 10.011624336242676.
LOCAL_RANK: 0 - CUDA_VISIBLE_DEVICES: [0]
[I 2023-11-30 15:51:38,574] Trial 148 finished with value: 10.467638969421387 and parameters: {'gradient_clip_val': 0.8418296148237201, 'hidden_size': 43, 'dropout': 0.17973044141790617, 'hidden_continuous_size': 20, 'attention_head_size': 3, 'learning_rate': 0.03146199902021914}. Best is trial 79 with value: 10.011624336242676.
LOCAL_RANK: 0 - CUDA_VISIBLE_DEVICES: [0]
[I 2023-11-30 15:51:53,066] Trial 149 finished with value: 10.638772010803223 and parameters: {'gradient_clip_val': 0.7115761567667369, 'hidden_size': 46, 'dropout': 0.17869372033523312, 'hidden_continuous_size': 19, 'attention_head_size': 3, 'learning_rate': 0.0407277921843815}. Best is trial 79 with value: 10.011624336242676.
[I 2023-11-30 15:51:53,195] A new study created in memory with name: no-name-87971c8b-171d-4c01-b058-4aea1d3ed19c
/home/le004/conda/anaconda3/envs/tsff_env/lib/python3.9/site-packages/lightning/fabric/plugins/environments/slurm.py:191: The `srun` command is available on your system but is not used. HINT: If your intention is to run Lightning on SLURM, prepend your python command with `srun` like so: srun python /home/le004/master_thesis/git/TSFusionForecast/code/ ...
LOCAL_RANK: 0 - CUDA_VISIBLE_DEVICES: [0]
