[I 2023-11-29 20:31:49,202] Trial 116 finished with value: 18.07069969177246 and parameters: {'gradient_clip_val': 0.6804274706198135, 'hidden_size': 33, 'dropout': 0.3215858354467704, 'hidden_continuous_size': 21, 'attention_head_size': 4, 'learning_rate': 0.015393117688780098}. Best is trial 102 with value: 14.357207298278809.
LOCAL_RANK: 0 - CUDA_VISIBLE_DEVICES: [0]
[I 2023-11-29 20:32:02,209] Trial 117 finished with value: 18.074007034301758 and parameters: {'gradient_clip_val': 0.7851256374114042, 'hidden_size': 36, 'dropout': 0.3138047076123814, 'hidden_continuous_size': 21, 'attention_head_size': 4, 'learning_rate': 0.013072572088673592}. Best is trial 102 with value: 14.357207298278809.
LOCAL_RANK: 0 - CUDA_VISIBLE_DEVICES: [0]
[I 2023-11-29 20:32:15,339] Trial 118 finished with value: 18.02678108215332 and parameters: {'gradient_clip_val': 0.7223548057448188, 'hidden_size': 39, 'dropout': 0.3072909298543678, 'hidden_continuous_size': 20, 'attention_head_size': 4, 'learning_rate': 0.01126838256375891}. Best is trial 102 with value: 14.357207298278809.
LOCAL_RANK: 0 - CUDA_VISIBLE_DEVICES: [0]
[I 2023-11-29 20:32:28,638] Trial 119 finished with value: 20.36293601989746 and parameters: {'gradient_clip_val': 0.6947549404930332, 'hidden_size': 49, 'dropout': 0.3288589731717091, 'hidden_continuous_size': 22, 'attention_head_size': 4, 'learning_rate': 0.01807128160952165}. Best is trial 102 with value: 14.357207298278809.
LOCAL_RANK: 0 - CUDA_VISIBLE_DEVICES: [0]
[I 2023-11-29 20:32:41,949] Trial 120 finished with value: 16.51078224182129 and parameters: {'gradient_clip_val': 0.9146085956225698, 'hidden_size': 43, 'dropout': 0.29751812607536154, 'hidden_continuous_size': 23, 'attention_head_size': 4, 'learning_rate': 0.014686957213968673}. Best is trial 102 with value: 14.357207298278809.
LOCAL_RANK: 0 - CUDA_VISIBLE_DEVICES: [0]
[I 2023-11-29 20:32:54,563] Trial 121 finished with value: 18.9416561126709 and parameters: {'gradient_clip_val': 0.5271651263207542, 'hidden_size': 31, 'dropout': 0.24400982810564867, 'hidden_continuous_size': 15, 'attention_head_size': 3, 'learning_rate': 0.017207031087167767}. Best is trial 102 with value: 14.357207298278809.
LOCAL_RANK: 0 - CUDA_VISIBLE_DEVICES: [0]
[I 2023-11-29 20:33:07,405] Trial 122 finished with value: 20.415773391723633 and parameters: {'gradient_clip_val': 0.6261993044594059, 'hidden_size': 34, 'dropout': 0.2518514212863205, 'hidden_continuous_size': 19, 'attention_head_size': 2, 'learning_rate': 0.01973869693480861}. Best is trial 102 with value: 14.357207298278809.
LOCAL_RANK: 0 - CUDA_VISIBLE_DEVICES: [0]
[I 2023-11-29 20:33:20,233] Trial 123 finished with value: 21.582931518554688 and parameters: {'gradient_clip_val': 0.592250287074344, 'hidden_size': 30, 'dropout': 0.31689558590757533, 'hidden_continuous_size': 18, 'attention_head_size': 4, 'learning_rate': 0.013252533932692323}. Best is trial 102 with value: 14.357207298278809.
LOCAL_RANK: 0 - CUDA_VISIBLE_DEVICES: [0]
[I 2023-11-29 20:33:33,314] Trial 124 finished with value: 17.84978485107422 and parameters: {'gradient_clip_val': 0.7557334468636507, 'hidden_size': 37, 'dropout': 0.2359217951671394, 'hidden_continuous_size': 20, 'attention_head_size': 3, 'learning_rate': 0.02679802754046329}. Best is trial 102 with value: 14.357207298278809.
LOCAL_RANK: 0 - CUDA_VISIBLE_DEVICES: [0]
[I 2023-11-29 20:33:45,909] Trial 125 finished with value: 17.979856491088867 and parameters: {'gradient_clip_val': 0.5523229946181938, 'hidden_size': 27, 'dropout': 0.2858615292187077, 'hidden_continuous_size': 17, 'attention_head_size': 4, 'learning_rate': 0.022216675411856825}. Best is trial 102 with value: 14.357207298278809.
LOCAL_RANK: 0 - CUDA_VISIBLE_DEVICES: [0]
[I 2023-11-29 20:33:58,678] Trial 126 finished with value: 18.798507690429688 and parameters: {'gradient_clip_val': 0.5039342027508277, 'hidden_size': 33, 'dropout': 0.26861553555420165, 'hidden_continuous_size': 13, 'attention_head_size': 3, 'learning_rate': 0.03182532909711048}. Best is trial 102 with value: 14.357207298278809.
LOCAL_RANK: 0 - CUDA_VISIBLE_DEVICES: [0]
[I 2023-11-29 20:34:11,221] Trial 127 finished with value: 16.85362434387207 and parameters: {'gradient_clip_val': 0.6723030400542754, 'hidden_size': 26, 'dropout': 0.2577226305342034, 'hidden_continuous_size': 14, 'attention_head_size': 3, 'learning_rate': 0.024793794664864397}. Best is trial 102 with value: 14.357207298278809.
LOCAL_RANK: 0 - CUDA_VISIBLE_DEVICES: [0]
[I 2023-11-29 20:34:24,193] Trial 128 finished with value: 16.095048904418945 and parameters: {'gradient_clip_val': 0.8103552098221132, 'hidden_size': 35, 'dropout': 0.3384932172978935, 'hidden_continuous_size': 18, 'attention_head_size': 4, 'learning_rate': 0.012165594844913303}. Best is trial 102 with value: 14.357207298278809.
LOCAL_RANK: 0 - CUDA_VISIBLE_DEVICES: [0]
[I 2023-11-29 20:34:37,225] Trial 129 finished with value: 18.353166580200195 and parameters: {'gradient_clip_val': 0.8673139798099079, 'hidden_size': 41, 'dropout': 0.3446587428235637, 'hidden_continuous_size': 19, 'attention_head_size': 4, 'learning_rate': 0.012597862243799968}. Best is trial 102 with value: 14.357207298278809.
LOCAL_RANK: 0 - CUDA_VISIBLE_DEVICES: [0]
[I 2023-11-29 20:34:50,346] Trial 130 finished with value: 22.46779441833496 and parameters: {'gradient_clip_val': 0.7928093084277353, 'hidden_size': 35, 'dropout': 0.3382996107269751, 'hidden_continuous_size': 18, 'attention_head_size': 4, 'learning_rate': 0.009551061216433445}. Best is trial 102 with value: 14.357207298278809.
LOCAL_RANK: 0 - CUDA_VISIBLE_DEVICES: [0]
[I 2023-11-29 20:35:02,898] Trial 131 finished with value: 19.69220733642578 and parameters: {'gradient_clip_val': 0.8234785245673736, 'hidden_size': 32, 'dropout': 0.3233800223282966, 'hidden_continuous_size': 16, 'attention_head_size': 4, 'learning_rate': 0.015569627659254612}. Best is trial 102 with value: 14.357207298278809.
LOCAL_RANK: 0 - CUDA_VISIBLE_DEVICES: [0]
[I 2023-11-29 20:35:15,908] Trial 132 finished with value: 18.210119247436523 and parameters: {'gradient_clip_val': 0.9990284722902524, 'hidden_size': 38, 'dropout': 0.3098842332987213, 'hidden_continuous_size': 18, 'attention_head_size': 4, 'learning_rate': 0.014161372600498646}. Best is trial 102 with value: 14.357207298278809.
LOCAL_RANK: 0 - CUDA_VISIBLE_DEVICES: [0]
[I 2023-11-29 20:35:28,600] Trial 133 finished with value: 16.678930282592773 and parameters: {'gradient_clip_val': 0.724128395244201, 'hidden_size': 30, 'dropout': 0.31825244664041413, 'hidden_continuous_size': 17, 'attention_head_size': 4, 'learning_rate': 0.016806127118081656}. Best is trial 102 with value: 14.357207298278809.
LOCAL_RANK: 0 - CUDA_VISIBLE_DEVICES: [0]
[I 2023-11-29 20:35:41,514] Trial 134 finished with value: 17.080230712890625 and parameters: {'gradient_clip_val': 0.6439763184172078, 'hidden_size': 35, 'dropout': 0.32815157383512095, 'hidden_continuous_size': 19, 'attention_head_size': 4, 'learning_rate': 0.01867119204166018}. Best is trial 102 with value: 14.357207298278809.
LOCAL_RANK: 0 - CUDA_VISIBLE_DEVICES: [0]
[I 2023-11-29 20:35:54,137] Trial 135 finished with value: 16.339874267578125 and parameters: {'gradient_clip_val': 0.9033880899764238, 'hidden_size': 28, 'dropout': 0.303308628809159, 'hidden_continuous_size': 17, 'attention_head_size': 2, 'learning_rate': 0.021556555074193243}. Best is trial 102 with value: 14.357207298278809.
LOCAL_RANK: 0 - CUDA_VISIBLE_DEVICES: [0]
[I 2023-11-29 20:36:06,798] Trial 136 finished with value: 19.930679321289062 and parameters: {'gradient_clip_val': 0.9035427323330011, 'hidden_size': 32, 'dropout': 0.3056716458014372, 'hidden_continuous_size': 20, 'attention_head_size': 4, 'learning_rate': 0.02080576763170407}. Best is trial 102 with value: 14.357207298278809.
LOCAL_RANK: 0 - CUDA_VISIBLE_DEVICES: [0]
[I 2023-11-29 20:36:19,123] Trial 137 finished with value: 16.756864547729492 and parameters: {'gradient_clip_val': 0.848661673433694, 'hidden_size': 28, 'dropout': 0.30031848086418295, 'hidden_continuous_size': 14, 'attention_head_size': 3, 'learning_rate': 0.036975515285266485}. Best is trial 102 with value: 14.357207298278809.
LOCAL_RANK: 0 - CUDA_VISIBLE_DEVICES: [0]
[I 2023-11-29 20:36:31,809] Trial 138 finished with value: 18.31049919128418 and parameters: {'gradient_clip_val': 0.9362932611857245, 'hidden_size': 37, 'dropout': 0.312312971937177, 'hidden_continuous_size': 15, 'attention_head_size': 2, 'learning_rate': 0.01094906700857135}. Best is trial 102 with value: 14.357207298278809.
LOCAL_RANK: 0 - CUDA_VISIBLE_DEVICES: [0]
[I 2023-11-29 20:36:45,100] Trial 139 finished with value: 22.13068389892578 and parameters: {'gradient_clip_val': 0.8110622033106003, 'hidden_size': 39, 'dropout': 0.29217684088227086, 'hidden_continuous_size': 21, 'attention_head_size': 4, 'learning_rate': 0.011905822338476318}. Best is trial 102 with value: 14.357207298278809.
LOCAL_RANK: 0 - CUDA_VISIBLE_DEVICES: [0]
[I 2023-11-29 20:36:57,831] Trial 140 finished with value: 18.115053176879883 and parameters: {'gradient_clip_val': 0.7533085246899909, 'hidden_size': 34, 'dropout': 0.22831545586239255, 'hidden_continuous_size': 11, 'attention_head_size': 3, 'learning_rate': 0.02923077540396514}. Best is trial 102 with value: 14.357207298278809.
LOCAL_RANK: 0 - CUDA_VISIBLE_DEVICES: [0]
[I 2023-11-29 20:37:10,331] Trial 141 finished with value: 17.616899490356445 and parameters: {'gradient_clip_val': 0.6851072965084737, 'hidden_size': 30, 'dropout': 0.27829588832966434, 'hidden_continuous_size': 16, 'attention_head_size': 2, 'learning_rate': 0.016258754876425488}. Best is trial 102 with value: 14.357207298278809.
LOCAL_RANK: 0 - CUDA_VISIBLE_DEVICES: [0]
[I 2023-11-29 20:37:22,962] Trial 142 finished with value: 16.965721130371094 and parameters: {'gradient_clip_val': 0.6056606598119918, 'hidden_size': 27, 'dropout': 0.24761446499345888, 'hidden_continuous_size': 17, 'attention_head_size': 2, 'learning_rate': 0.022652238165010462}. Best is trial 102 with value: 14.357207298278809.
LOCAL_RANK: 0 - CUDA_VISIBLE_DEVICES: [0]
[I 2023-11-29 20:37:35,482] Trial 143 finished with value: 16.9692440032959 and parameters: {'gradient_clip_val': 0.9560960034055187, 'hidden_size': 25, 'dropout': 0.2636687959078908, 'hidden_continuous_size': 17, 'attention_head_size': 2, 'learning_rate': 0.019552041805708294}. Best is trial 102 with value: 14.357207298278809.
LOCAL_RANK: 0 - CUDA_VISIBLE_DEVICES: [0]
[I 2023-11-29 20:37:48,367] Trial 144 finished with value: 17.38100242614746 and parameters: {'gradient_clip_val': 0.8768000641801181, 'hidden_size': 31, 'dropout': 0.30004159871135805, 'hidden_continuous_size': 18, 'attention_head_size': 2, 'learning_rate': 0.017633186904588684}. Best is trial 102 with value: 14.357207298278809.
LOCAL_RANK: 0 - CUDA_VISIBLE_DEVICES: [0]
[I 2023-11-29 20:38:01,230] Trial 145 finished with value: 18.3684139251709 and parameters: {'gradient_clip_val': 0.5723165253232287, 'hidden_size': 41, 'dropout': 0.3330703258763696, 'hidden_continuous_size': 19, 'attention_head_size': 2, 'learning_rate': 0.02577003253055177}. Best is trial 102 with value: 14.357207298278809.
LOCAL_RANK: 0 - CUDA_VISIBLE_DEVICES: [0]
[I 2023-11-29 20:38:14,044] Trial 146 finished with value: 18.907976150512695 and parameters: {'gradient_clip_val': 0.6974099556301206, 'hidden_size': 33, 'dropout': 0.24261697139999744, 'hidden_continuous_size': 13, 'attention_head_size': 4, 'learning_rate': 0.014976021260018655}. Best is trial 102 with value: 14.357207298278809.
LOCAL_RANK: 0 - CUDA_VISIBLE_DEVICES: [0]
[I 2023-11-29 20:38:26,668] Trial 147 finished with value: 20.188642501831055 and parameters: {'gradient_clip_val': 0.7692938412519501, 'hidden_size': 29, 'dropout': 0.2528806753169149, 'hidden_continuous_size': 18, 'attention_head_size': 1, 'learning_rate': 0.008809212981702027}. Best is trial 102 with value: 14.357207298278809.
LOCAL_RANK: 0 - CUDA_VISIBLE_DEVICES: [0]
[I 2023-11-29 20:38:39,269] Trial 148 finished with value: 15.83895206451416 and parameters: {'gradient_clip_val': 0.658540709097928, 'hidden_size': 36, 'dropout': 0.2890518005909099, 'hidden_continuous_size': 14, 'attention_head_size': 3, 'learning_rate': 0.02144821885101574}. Best is trial 102 with value: 14.357207298278809.
LOCAL_RANK: 0 - CUDA_VISIBLE_DEVICES: [0]
[I 2023-11-29 20:38:51,876] Trial 149 finished with value: 16.700881958007812 and parameters: {'gradient_clip_val': 0.7254065378036355, 'hidden_size': 36, 'dropout': 0.2949012872745428, 'hidden_continuous_size': 14, 'attention_head_size': 3, 'learning_rate': 0.021705549989336888}. Best is trial 102 with value: 14.357207298278809.
[I 2023-11-29 20:38:51,987] A new study created in memory with name: no-name-1707c806-60cb-443c-a879-a5369550be8d
/home/le004/conda/anaconda3/envs/tsff_env/lib/python3.9/site-packages/lightning/fabric/plugins/environments/slurm.py:191: The `srun` command is available on your system but is not used. HINT: If your intention is to run Lightning on SLURM, prepend your python command with `srun` like so: srun python /home/le004/master_thesis/git/TSFusionForecast/code/ ...
LOCAL_RANK: 0 - CUDA_VISIBLE_DEVICES: [0]
[I 2023-11-29 20:39:04,560] Trial 0 finished with value: 10.415901184082031 and parameters: {'gradient_clip_val': 0.15044846174043716, 'hidden_size': 33, 'dropout': 0.26368735052568715, 'hidden_continuous_size': 12, 'attention_head_size': 3, 'learning_rate': 0.04890495276909623}. Best is trial 0 with value: 10.415901184082031.
LOCAL_RANK: 0 - CUDA_VISIBLE_DEVICES: [0]
[I 2023-11-29 20:39:15,038] Trial 1 finished with value: 27.42914390563965 and parameters: {'gradient_clip_val': 0.3168129273169436, 'hidden_size': 11, 'dropout': 0.3317904403845342, 'hidden_continuous_size': 11, 'attention_head_size': 3, 'learning_rate': 0.0017474945547623839}. Best is trial 0 with value: 10.415901184082031.
LOCAL_RANK: 0 - CUDA_VISIBLE_DEVICES: [0]
[I 2023-11-29 20:39:27,384] Trial 2 finished with value: 30.460647583007812 and parameters: {'gradient_clip_val': 0.5687893678493292, 'hidden_size': 17, 'dropout': 0.2579391920609556, 'hidden_continuous_size': 11, 'attention_head_size': 2, 'learning_rate': 0.001234182747056853}. Best is trial 0 with value: 10.415901184082031.
LOCAL_RANK: 0 - CUDA_VISIBLE_DEVICES: [0]
[I 2023-11-29 20:39:37,679] Trial 3 finished with value: 22.832977294921875 and parameters: {'gradient_clip_val': 0.5648925343471488, 'hidden_size': 25, 'dropout': 0.19502232166673128, 'hidden_continuous_size': 25, 'attention_head_size': 3, 'learning_rate': 0.0012854086907099947}. Best is trial 0 with value: 10.415901184082031.
LOCAL_RANK: 0 - CUDA_VISIBLE_DEVICES: [0]
[I 2023-11-29 20:39:50,931] Trial 4 finished with value: 18.02124786376953 and parameters: {'gradient_clip_val': 0.720603210969408, 'hidden_size': 54, 'dropout': 0.2600742208514, 'hidden_continuous_size': 15, 'attention_head_size': 3, 'learning_rate': 0.0011139302678326525}. Best is trial 0 with value: 10.415901184082031.
LOCAL_RANK: 0 - CUDA_VISIBLE_DEVICES: [0]
[I 2023-11-29 20:40:03,101] Trial 5 finished with value: 14.788809776306152 and parameters: {'gradient_clip_val': 0.2468482299458137, 'hidden_size': 17, 'dropout': 0.1108331156043828, 'hidden_continuous_size': 14, 'attention_head_size': 2, 'learning_rate': 0.012510919666115467}. Best is trial 0 with value: 10.415901184082031.
LOCAL_RANK: 0 - CUDA_VISIBLE_DEVICES: [0]
[I 2023-11-29 20:40:15,665] Trial 6 finished with value: 12.173975944519043 and parameters: {'gradient_clip_val': 0.49636125416345445, 'hidden_size': 21, 'dropout': 0.1175721378811666, 'hidden_continuous_size': 16, 'attention_head_size': 3, 'learning_rate': 0.062460696685062926}. Best is trial 0 with value: 10.415901184082031.
LOCAL_RANK: 0 - CUDA_VISIBLE_DEVICES: [0]
[I 2023-11-29 20:40:28,531] Trial 7 finished with value: 11.476372718811035 and parameters: {'gradient_clip_val': 0.2968503405386862, 'hidden_size': 31, 'dropout': 0.18252691332762994, 'hidden_continuous_size': 27, 'attention_head_size': 4, 'learning_rate': 0.009770974944421619}. Best is trial 0 with value: 10.415901184082031.
LOCAL_RANK: 0 - CUDA_VISIBLE_DEVICES: [0]
[I 2023-11-29 20:40:38,750] Trial 8 finished with value: 37.00843811035156 and parameters: {'gradient_clip_val': 0.10220442088321564, 'hidden_size': 12, 'dropout': 0.33737458899522366, 'hidden_continuous_size': 12, 'attention_head_size': 2, 'learning_rate': 0.0013765009697904868}. Best is trial 0 with value: 10.415901184082031.
LOCAL_RANK: 0 - CUDA_VISIBLE_DEVICES: [0]
[I 2023-11-29 20:40:51,889] Trial 9 finished with value: 13.8696870803833 and parameters: {'gradient_clip_val': 0.34320346819246816, 'hidden_size': 39, 'dropout': 0.3206082949531051, 'hidden_continuous_size': 16, 'attention_head_size': 3, 'learning_rate': 0.017986664074246685}. Best is trial 0 with value: 10.415901184082031.
LOCAL_RANK: 0 - CUDA_VISIBLE_DEVICES: [0]
[I 2023-11-29 20:41:05,896] Trial 10 finished with value: 7.177295207977295 and parameters: {'gradient_clip_val': 0.14307424579668804, 'hidden_size': 99, 'dropout': 0.3949487898135887, 'hidden_continuous_size': 64, 'attention_head_size': 1, 'learning_rate': 0.0979149084921965}. Best is trial 10 with value: 7.177295207977295.
LOCAL_RANK: 0 - CUDA_VISIBLE_DEVICES: [0]
[I 2023-11-29 20:41:20,159] Trial 11 finished with value: 6.669950008392334 and parameters: {'gradient_clip_val': 0.1353013382675116, 'hidden_size': 117, 'dropout': 0.3927815678493894, 'hidden_continuous_size': 68, 'attention_head_size': 1, 'learning_rate': 0.0990913967316008}. Best is trial 11 with value: 6.669950008392334.
LOCAL_RANK: 0 - CUDA_VISIBLE_DEVICES: [0]
[I 2023-11-29 20:41:34,601] Trial 12 finished with value: 7.3436150550842285 and parameters: {'gradient_clip_val': 0.15334899686311235, 'hidden_size': 134, 'dropout': 0.39959814090544715, 'hidden_continuous_size': 72, 'attention_head_size': 1, 'learning_rate': 0.08393772033628849}. Best is trial 11 with value: 6.669950008392334.
LOCAL_RANK: 0 - CUDA_VISIBLE_DEVICES: [0]
[I 2023-11-29 20:41:49,107] Trial 13 finished with value: 14.2106351852417 and parameters: {'gradient_clip_val': 0.10266702195298172, 'hidden_size': 138, 'dropout': 0.39986455859958775, 'hidden_continuous_size': 70, 'attention_head_size': 1, 'learning_rate': 0.0896625675199748}. Best is trial 11 with value: 6.669950008392334.
LOCAL_RANK: 0 - CUDA_VISIBLE_DEVICES: [0]
[I 2023-11-29 20:42:03,172] Trial 14 finished with value: 7.3494086265563965 and parameters: {'gradient_clip_val': 0.19198603111157886, 'hidden_size': 88, 'dropout': 0.3725522580704797, 'hidden_continuous_size': 51, 'attention_head_size': 1, 'learning_rate': 0.033789296180187486}. Best is trial 11 with value: 6.669950008392334.
LOCAL_RANK: 0 - CUDA_VISIBLE_DEVICES: [0]
[I 2023-11-29 20:42:16,924] Trial 15 finished with value: 7.424448490142822 and parameters: {'gradient_clip_val': 0.14089873191405586, 'hidden_size': 77, 'dropout': 0.349859632475483, 'hidden_continuous_size': 48, 'attention_head_size': 1, 'learning_rate': 0.03672506429915991}. Best is trial 11 with value: 6.669950008392334.
LOCAL_RANK: 0 - CUDA_VISIBLE_DEVICES: [0]
[I 2023-11-29 20:42:31,107] Trial 16 finished with value: 5.946585178375244 and parameters: {'gradient_clip_val': 0.20180673555893852, 'hidden_size': 96, 'dropout': 0.30065141042987464, 'hidden_continuous_size': 79, 'attention_head_size': 1, 'learning_rate': 0.08903049638266566}. Best is trial 16 with value: 5.946585178375244.
LOCAL_RANK: 0 - CUDA_VISIBLE_DEVICES: [0]
[I 2023-11-29 20:42:44,842] Trial 17 finished with value: 10.573919296264648 and parameters: {'gradient_clip_val': 0.212111821494125, 'hidden_size': 66, 'dropout': 0.31021545208255286, 'hidden_continuous_size': 50, 'attention_head_size': 2, 'learning_rate': 0.0496365462902039}. Best is trial 16 with value: 5.946585178375244.
LOCAL_RANK: 0 - CUDA_VISIBLE_DEVICES: [0]
[I 2023-11-29 20:42:59,460] Trial 18 finished with value: 7.4374566078186035 and parameters: {'gradient_clip_val': 0.19711384211518473, 'hidden_size': 117, 'dropout': 0.2831924872521482, 'hidden_continuous_size': 113, 'attention_head_size': 4, 'learning_rate': 0.09957400349097006}. Best is trial 16 with value: 5.946585178375244.
LOCAL_RANK: 0 - CUDA_VISIBLE_DEVICES: [0]
[I 2023-11-29 20:43:14,537] Trial 19 finished with value: 15.549033164978027 and parameters: {'gradient_clip_val': 0.991084395536683, 'hidden_size': 146, 'dropout': 0.36360710938722635, 'hidden_continuous_size': 138, 'attention_head_size': 1, 'learning_rate': 0.024821778091107253}. Best is trial 16 with value: 5.946585178375244.
LOCAL_RANK: 0 - CUDA_VISIBLE_DEVICES: [0]
[I 2023-11-29 20:43:28,538] Trial 20 finished with value: 13.173436164855957 and parameters: {'gradient_clip_val': 0.12253269177080295, 'hidden_size': 103, 'dropout': 0.3070846775236025, 'hidden_continuous_size': 39, 'attention_head_size': 2, 'learning_rate': 0.060611331667393034}. Best is trial 16 with value: 5.946585178375244.
LOCAL_RANK: 0 - CUDA_VISIBLE_DEVICES: [0]
[I 2023-11-29 20:43:42,778] Trial 21 finished with value: 6.3962178230285645 and parameters: {'gradient_clip_val': 0.1716785656165727, 'hidden_size': 97, 'dropout': 0.3748554369702239, 'hidden_continuous_size': 74, 'attention_head_size': 1, 'learning_rate': 0.08886952417541509}. Best is trial 16 with value: 5.946585178375244.
LOCAL_RANK: 0 - CUDA_VISIBLE_DEVICES: [0]
[I 2023-11-29 20:43:56,463] Trial 22 finished with value: 8.55480670928955 and parameters: {'gradient_clip_val': 0.17342063682030856, 'hidden_size': 72, 'dropout': 0.3652527121314375, 'hidden_continuous_size': 58, 'attention_head_size': 1, 'learning_rate': 0.06488042776349076}. Best is trial 16 with value: 5.946585178375244.
LOCAL_RANK: 0 - CUDA_VISIBLE_DEVICES: [0]
