[I 2023-11-30 12:13:15,776] Trial 119 finished with value: 3.415914535522461 and parameters: {'gradient_clip_val': 0.10891743758176885, 'hidden_size': 91, 'dropout': 0.18617825945972066, 'hidden_continuous_size': 51, 'attention_head_size': 1, 'learning_rate': 0.0030145613947534892}. Best is trial 98 with value: 3.3175270557403564.
LOCAL_RANK: 0 - CUDA_VISIBLE_DEVICES: [0]
[I 2023-11-30 12:13:29,575] Trial 120 finished with value: 3.8330037593841553 and parameters: {'gradient_clip_val': 0.10976901360483365, 'hidden_size': 92, 'dropout': 0.18600098533046538, 'hidden_continuous_size': 51, 'attention_head_size': 1, 'learning_rate': 0.0030489595054995744}. Best is trial 98 with value: 3.3175270557403564.
LOCAL_RANK: 0 - CUDA_VISIBLE_DEVICES: [0]
[I 2023-11-30 12:13:43,427] Trial 121 finished with value: 3.495197057723999 and parameters: {'gradient_clip_val': 0.10552611153648721, 'hidden_size': 83, 'dropout': 0.19103666807676015, 'hidden_continuous_size': 49, 'attention_head_size': 1, 'learning_rate': 0.00329655789160817}. Best is trial 98 with value: 3.3175270557403564.
LOCAL_RANK: 0 - CUDA_VISIBLE_DEVICES: [0]
[I 2023-11-30 12:13:57,438] Trial 122 finished with value: 3.8144938945770264 and parameters: {'gradient_clip_val': 0.10602843267178018, 'hidden_size': 99, 'dropout': 0.1892884360384661, 'hidden_continuous_size': 45, 'attention_head_size': 1, 'learning_rate': 0.0028112889457967164}. Best is trial 98 with value: 3.3175270557403564.
LOCAL_RANK: 0 - CUDA_VISIBLE_DEVICES: [0]
[I 2023-11-30 12:14:11,370] Trial 123 finished with value: 6.918237209320068 and parameters: {'gradient_clip_val': 0.12066144888675125, 'hidden_size': 89, 'dropout': 0.174737918680559, 'hidden_continuous_size': 50, 'attention_head_size': 1, 'learning_rate': 0.0024990735916771306}. Best is trial 98 with value: 3.3175270557403564.
LOCAL_RANK: 0 - CUDA_VISIBLE_DEVICES: [0]
[I 2023-11-30 12:14:25,395] Trial 124 finished with value: 3.718921661376953 and parameters: {'gradient_clip_val': 0.11286331983705414, 'hidden_size': 82, 'dropout': 0.1995561883258277, 'hidden_continuous_size': 53, 'attention_head_size': 1, 'learning_rate': 0.003235379672248118}. Best is trial 98 with value: 3.3175270557403564.
LOCAL_RANK: 0 - CUDA_VISIBLE_DEVICES: [0]
[I 2023-11-30 12:14:39,438] Trial 125 finished with value: 3.909666061401367 and parameters: {'gradient_clip_val': 0.12631739647509815, 'hidden_size': 103, 'dropout': 0.1838121893685077, 'hidden_continuous_size': 47, 'attention_head_size': 1, 'learning_rate': 0.0038795805483619827}. Best is trial 98 with value: 3.3175270557403564.
LOCAL_RANK: 0 - CUDA_VISIBLE_DEVICES: [0]
[I 2023-11-30 12:14:53,379] Trial 126 finished with value: 3.6315371990203857 and parameters: {'gradient_clip_val': 0.10007990235032481, 'hidden_size': 95, 'dropout': 0.16790457521690394, 'hidden_continuous_size': 49, 'attention_head_size': 1, 'learning_rate': 0.0021943209147918747}. Best is trial 98 with value: 3.3175270557403564.
LOCAL_RANK: 0 - CUDA_VISIBLE_DEVICES: [0]
[I 2023-11-30 12:15:07,334] Trial 127 finished with value: 4.595722198486328 and parameters: {'gradient_clip_val': 0.1084396049797314, 'hidden_size': 85, 'dropout': 0.1920988474980186, 'hidden_continuous_size': 59, 'attention_head_size': 1, 'learning_rate': 0.0034787479555091283}. Best is trial 98 with value: 3.3175270557403564.
LOCAL_RANK: 0 - CUDA_VISIBLE_DEVICES: [0]
[I 2023-11-30 12:15:21,070] Trial 128 finished with value: 3.7793045043945312 and parameters: {'gradient_clip_val': 0.11699756853173149, 'hidden_size': 76, 'dropout': 0.1775608419591567, 'hidden_continuous_size': 55, 'attention_head_size': 1, 'learning_rate': 0.0027801014667511543}. Best is trial 98 with value: 3.3175270557403564.
LOCAL_RANK: 0 - CUDA_VISIBLE_DEVICES: [0]
[I 2023-11-30 12:15:35,111] Trial 129 finished with value: 4.45132303237915 and parameters: {'gradient_clip_val': 0.13608571188319948, 'hidden_size': 108, 'dropout': 0.2058426124909414, 'hidden_continuous_size': 40, 'attention_head_size': 1, 'learning_rate': 0.002375213040310416}. Best is trial 98 with value: 3.3175270557403564.
LOCAL_RANK: 0 - CUDA_VISIBLE_DEVICES: [0]
[I 2023-11-30 12:15:48,911] Trial 130 finished with value: 3.3418960571289062 and parameters: {'gradient_clip_val': 0.12930411118547508, 'hidden_size': 82, 'dropout': 0.18479866452953436, 'hidden_continuous_size': 52, 'attention_head_size': 1, 'learning_rate': 0.0040927094344102265}. Best is trial 98 with value: 3.3175270557403564.
LOCAL_RANK: 0 - CUDA_VISIBLE_DEVICES: [0]
[I 2023-11-30 12:16:02,766] Trial 131 finished with value: 3.7260849475860596 and parameters: {'gradient_clip_val': 0.12252617651911021, 'hidden_size': 89, 'dropout': 0.18687294042389824, 'hidden_continuous_size': 52, 'attention_head_size': 1, 'learning_rate': 0.0047696195256183935}. Best is trial 98 with value: 3.3175270557403564.
LOCAL_RANK: 0 - CUDA_VISIBLE_DEVICES: [0]
[I 2023-11-30 12:16:16,567] Trial 132 finished with value: 4.171400547027588 and parameters: {'gradient_clip_val': 0.111687831225516, 'hidden_size': 81, 'dropout': 0.16699630265393595, 'hidden_continuous_size': 46, 'attention_head_size': 1, 'learning_rate': 0.004278261641153616}. Best is trial 98 with value: 3.3175270557403564.
LOCAL_RANK: 0 - CUDA_VISIBLE_DEVICES: [0]
[I 2023-11-30 12:16:30,521] Trial 133 finished with value: 3.7609682083129883 and parameters: {'gradient_clip_val': 0.1297060370851202, 'hidden_size': 73, 'dropout': 0.1812363771183428, 'hidden_continuous_size': 50, 'attention_head_size': 1, 'learning_rate': 0.0037014443603690795}. Best is trial 98 with value: 3.3175270557403564.
LOCAL_RANK: 0 - CUDA_VISIBLE_DEVICES: [0]
[I 2023-11-30 12:16:44,459] Trial 134 finished with value: 3.615983247756958 and parameters: {'gradient_clip_val': 0.10517583724786558, 'hidden_size': 94, 'dropout': 0.19687906799919153, 'hidden_continuous_size': 44, 'attention_head_size': 1, 'learning_rate': 0.00513035383533805}. Best is trial 98 with value: 3.3175270557403564.
LOCAL_RANK: 0 - CUDA_VISIBLE_DEVICES: [0]
[I 2023-11-30 12:16:58,347] Trial 135 finished with value: 3.2810306549072266 and parameters: {'gradient_clip_val': 0.11547292816673671, 'hidden_size': 78, 'dropout': 0.2668002063036273, 'hidden_continuous_size': 57, 'attention_head_size': 1, 'learning_rate': 0.003211290811068295}. Best is trial 135 with value: 3.2810306549072266.
LOCAL_RANK: 0 - CUDA_VISIBLE_DEVICES: [0]
[I 2023-11-30 12:17:12,196] Trial 136 finished with value: 3.675034284591675 and parameters: {'gradient_clip_val': 0.12163236588625378, 'hidden_size': 78, 'dropout': 0.1940529291797641, 'hidden_continuous_size': 57, 'attention_head_size': 1, 'learning_rate': 0.0020067031924219745}. Best is trial 135 with value: 3.2810306549072266.
LOCAL_RANK: 0 - CUDA_VISIBLE_DEVICES: [0]
[I 2023-11-30 12:17:25,836] Trial 137 finished with value: 3.570323944091797 and parameters: {'gradient_clip_val': 0.10888956756095694, 'hidden_size': 68, 'dropout': 0.17581795061598873, 'hidden_continuous_size': 53, 'attention_head_size': 1, 'learning_rate': 0.003920439856483256}. Best is trial 135 with value: 3.2810306549072266.
LOCAL_RANK: 0 - CUDA_VISIBLE_DEVICES: [0]
[I 2023-11-30 12:17:40,092] Trial 138 finished with value: 4.0769782066345215 and parameters: {'gradient_clip_val': 0.35214152998680176, 'hidden_size': 99, 'dropout': 0.2111064472298732, 'hidden_continuous_size': 66, 'attention_head_size': 1, 'learning_rate': 0.0018151858999346953}. Best is trial 135 with value: 3.2810306549072266.
LOCAL_RANK: 0 - CUDA_VISIBLE_DEVICES: [0]
[I 2023-11-30 12:17:54,067] Trial 139 finished with value: 3.5493881702423096 and parameters: {'gradient_clip_val': 0.44018647720024145, 'hidden_size': 86, 'dropout': 0.20431505487832247, 'hidden_continuous_size': 61, 'attention_head_size': 1, 'learning_rate': 0.0026688337558599855}. Best is trial 135 with value: 3.2810306549072266.
LOCAL_RANK: 0 - CUDA_VISIBLE_DEVICES: [0]
[I 2023-11-30 12:18:07,871] Trial 140 finished with value: 4.169901371002197 and parameters: {'gradient_clip_val': 0.11394108108608224, 'hidden_size': 73, 'dropout': 0.2692586937567843, 'hidden_continuous_size': 55, 'attention_head_size': 1, 'learning_rate': 0.0033762712170924}. Best is trial 135 with value: 3.2810306549072266.
LOCAL_RANK: 0 - CUDA_VISIBLE_DEVICES: [0]
[I 2023-11-30 12:18:21,842] Trial 141 finished with value: 6.460246562957764 and parameters: {'gradient_clip_val': 0.11615143801424901, 'hidden_size': 84, 'dropout': 0.25539438262063624, 'hidden_continuous_size': 49, 'attention_head_size': 1, 'learning_rate': 0.003183345898032877}. Best is trial 135 with value: 3.2810306549072266.
LOCAL_RANK: 0 - CUDA_VISIBLE_DEVICES: [0]
[I 2023-11-30 12:18:35,854] Trial 142 finished with value: 3.769066572189331 and parameters: {'gradient_clip_val': 0.10427512575783755, 'hidden_size': 90, 'dropout': 0.2761584902203922, 'hidden_continuous_size': 47, 'attention_head_size': 1, 'learning_rate': 0.004242735132132406}. Best is trial 135 with value: 3.2810306549072266.
LOCAL_RANK: 0 - CUDA_VISIBLE_DEVICES: [0]
[I 2023-11-30 12:18:49,857] Trial 143 finished with value: 4.111576557159424 and parameters: {'gradient_clip_val': 0.12527756163757411, 'hidden_size': 80, 'dropout': 0.264615038260813, 'hidden_continuous_size': 51, 'attention_head_size': 1, 'learning_rate': 0.0029571682246911056}. Best is trial 135 with value: 3.2810306549072266.
LOCAL_RANK: 0 - CUDA_VISIBLE_DEVICES: [0]
[I 2023-11-30 12:19:03,800] Trial 144 finished with value: 5.490653991699219 and parameters: {'gradient_clip_val': 0.10980123110427893, 'hidden_size': 77, 'dropout': 0.24711533563954588, 'hidden_continuous_size': 58, 'attention_head_size': 1, 'learning_rate': 0.002145769654182859}. Best is trial 135 with value: 3.2810306549072266.
LOCAL_RANK: 0 - CUDA_VISIBLE_DEVICES: [0]
[I 2023-11-30 12:19:17,831] Trial 145 finished with value: 3.982351541519165 and parameters: {'gradient_clip_val': 0.1170503117716178, 'hidden_size': 103, 'dropout': 0.2649137713678913, 'hidden_continuous_size': 43, 'attention_head_size': 1, 'learning_rate': 0.002523044585814582}. Best is trial 135 with value: 3.2810306549072266.
LOCAL_RANK: 0 - CUDA_VISIBLE_DEVICES: [0]
[I 2023-11-30 12:19:31,738] Trial 146 finished with value: 3.5448360443115234 and parameters: {'gradient_clip_val': 0.13193907529275228, 'hidden_size': 92, 'dropout': 0.2585098546129535, 'hidden_continuous_size': 45, 'attention_head_size': 1, 'learning_rate': 0.0046173300543622285}. Best is trial 135 with value: 3.2810306549072266.
LOCAL_RANK: 0 - CUDA_VISIBLE_DEVICES: [0]
[I 2023-11-30 12:19:45,290] Trial 147 finished with value: 4.0099568367004395 and parameters: {'gradient_clip_val': 0.10509724621274925, 'hidden_size': 63, 'dropout': 0.27505112373451224, 'hidden_continuous_size': 54, 'attention_head_size': 1, 'learning_rate': 0.0035898443024033545}. Best is trial 135 with value: 3.2810306549072266.
LOCAL_RANK: 0 - CUDA_VISIBLE_DEVICES: [0]
[I 2023-11-30 12:19:59,052] Trial 148 finished with value: 3.5762064456939697 and parameters: {'gradient_clip_val': 0.308404686121951, 'hidden_size': 68, 'dropout': 0.28585688371119905, 'hidden_continuous_size': 52, 'attention_head_size': 1, 'learning_rate': 0.003062806658442225}. Best is trial 135 with value: 3.2810306549072266.
LOCAL_RANK: 0 - CUDA_VISIBLE_DEVICES: [0]
[I 2023-11-30 12:20:13,240] Trial 149 finished with value: 3.8366947174072266 and parameters: {'gradient_clip_val': 0.11366257520000526, 'hidden_size': 118, 'dropout': 0.2510289062878761, 'hidden_continuous_size': 64, 'attention_head_size': 1, 'learning_rate': 0.004029933218213912}. Best is trial 135 with value: 3.2810306549072266.
[I 2023-11-30 12:20:13,355] A new study created in memory with name: no-name-18574fb5-7b3d-49af-9427-aaa05463e81e
/home/le004/conda/anaconda3/envs/tsff_env/lib/python3.9/site-packages/lightning/fabric/plugins/environments/slurm.py:191: The `srun` command is available on your system but is not used. HINT: If your intention is to run Lightning on SLURM, prepend your python command with `srun` like so: srun python /home/le004/master_thesis/git/TSFusionForecast/code/ ...
LOCAL_RANK: 0 - CUDA_VISIBLE_DEVICES: [0]
[I 2023-11-30 12:20:25,333] Trial 0 finished with value: 14.03686237335205 and parameters: {'gradient_clip_val': 0.1230248460318035, 'hidden_size': 12, 'dropout': 0.2133379349897657, 'hidden_continuous_size': 10, 'attention_head_size': 1, 'learning_rate': 0.008202208257034178}. Best is trial 0 with value: 14.03686237335205.
LOCAL_RANK: 0 - CUDA_VISIBLE_DEVICES: [0]
[I 2023-11-30 12:20:37,065] Trial 1 finished with value: 13.817084312438965 and parameters: {'gradient_clip_val': 0.9037665387991929, 'hidden_size': 12, 'dropout': 0.2297028805810401, 'hidden_continuous_size': 10, 'attention_head_size': 2, 'learning_rate': 0.005244019247001562}. Best is trial 1 with value: 13.817084312438965.
LOCAL_RANK: 0 - CUDA_VISIBLE_DEVICES: [0]
[I 2023-11-30 12:20:48,828] Trial 2 finished with value: 13.104869842529297 and parameters: {'gradient_clip_val': 0.16125483378312383, 'hidden_size': 12, 'dropout': 0.1866495934846199, 'hidden_continuous_size': 10, 'attention_head_size': 2, 'learning_rate': 0.00745612966793065}. Best is trial 2 with value: 13.104869842529297.
LOCAL_RANK: 0 - CUDA_VISIBLE_DEVICES: [0]
[I 2023-11-30 12:21:01,276] Trial 3 finished with value: 7.379422664642334 and parameters: {'gradient_clip_val': 0.5067867783559393, 'hidden_size': 17, 'dropout': 0.1571866441223696, 'hidden_continuous_size': 12, 'attention_head_size': 2, 'learning_rate': 0.01624883278767959}. Best is trial 3 with value: 7.379422664642334.
LOCAL_RANK: 0 - CUDA_VISIBLE_DEVICES: [0]
[I 2023-11-30 12:21:15,061] Trial 4 finished with value: 4.938465595245361 and parameters: {'gradient_clip_val': 0.5442138198450259, 'hidden_size': 62, 'dropout': 0.19158608517905087, 'hidden_continuous_size': 39, 'attention_head_size': 4, 'learning_rate': 0.05131604578800852}. Best is trial 4 with value: 4.938465595245361.
LOCAL_RANK: 0 - CUDA_VISIBLE_DEVICES: [0]
[I 2023-11-30 12:21:27,265] Trial 5 finished with value: 14.300865173339844 and parameters: {'gradient_clip_val': 0.734413115204821, 'hidden_size': 17, 'dropout': 0.24109025217521998, 'hidden_continuous_size': 12, 'attention_head_size': 2, 'learning_rate': 0.0047531887000828105}. Best is trial 4 with value: 4.938465595245361.
LOCAL_RANK: 0 - CUDA_VISIBLE_DEVICES: [0]
[I 2023-11-30 12:21:37,903] Trial 6 finished with value: 22.119237899780273 and parameters: {'gradient_clip_val': 0.13586491768254283, 'hidden_size': 11, 'dropout': 0.15683187080993027, 'hidden_continuous_size': 11, 'attention_head_size': 4, 'learning_rate': 0.0012416286962759306}. Best is trial 4 with value: 4.938465595245361.
LOCAL_RANK: 0 - CUDA_VISIBLE_DEVICES: [0]
[I 2023-11-30 12:21:50,714] Trial 7 finished with value: 16.679187774658203 and parameters: {'gradient_clip_val': 0.7375085130048603, 'hidden_size': 33, 'dropout': 0.28247044657211756, 'hidden_continuous_size': 26, 'attention_head_size': 1, 'learning_rate': 0.0014490251120148412}. Best is trial 4 with value: 4.938465595245361.
LOCAL_RANK: 0 - CUDA_VISIBLE_DEVICES: [0]
[I 2023-11-30 12:22:03,324] Trial 8 finished with value: 10.345305442810059 and parameters: {'gradient_clip_val': 0.24590240084587833, 'hidden_size': 26, 'dropout': 0.35308846311025044, 'hidden_continuous_size': 13, 'attention_head_size': 2, 'learning_rate': 0.005653391498790276}. Best is trial 4 with value: 4.938465595245361.
LOCAL_RANK: 0 - CUDA_VISIBLE_DEVICES: [0]
[I 2023-11-30 12:22:15,716] Trial 9 finished with value: 8.197957038879395 and parameters: {'gradient_clip_val': 0.7938074508051056, 'hidden_size': 25, 'dropout': 0.2966676269969556, 'hidden_continuous_size': 14, 'attention_head_size': 2, 'learning_rate': 0.006472696269858273}. Best is trial 4 with value: 4.938465595245361.
LOCAL_RANK: 0 - CUDA_VISIBLE_DEVICES: [0]
[I 2023-11-30 12:22:30,106] Trial 10 finished with value: 8.671296119689941 and parameters: {'gradient_clip_val': 0.39695091711347624, 'hidden_size': 79, 'dropout': 0.1029487573216609, 'hidden_continuous_size': 75, 'attention_head_size': 4, 'learning_rate': 0.09451144625929377}. Best is trial 4 with value: 4.938465595245361.
LOCAL_RANK: 0 - CUDA_VISIBLE_DEVICES: [0]
[I 2023-11-30 12:22:43,478] Trial 11 finished with value: 5.043887138366699 and parameters: {'gradient_clip_val': 0.4670329415024135, 'hidden_size': 60, 'dropout': 0.145280582901379, 'hidden_continuous_size': 28, 'attention_head_size': 3, 'learning_rate': 0.03225867035942075}. Best is trial 4 with value: 4.938465595245361.
LOCAL_RANK: 0 - CUDA_VISIBLE_DEVICES: [0]
[I 2023-11-30 12:22:57,231] Trial 12 finished with value: 4.6274094581604 and parameters: {'gradient_clip_val': 0.4870289051063087, 'hidden_size': 65, 'dropout': 0.12518620491364296, 'hidden_continuous_size': 33, 'attention_head_size': 3, 'learning_rate': 0.04433179153729536}. Best is trial 12 with value: 4.6274094581604.
LOCAL_RANK: 0 - CUDA_VISIBLE_DEVICES: [0]
[I 2023-11-30 12:23:12,049] Trial 13 finished with value: 5.014707565307617 and parameters: {'gradient_clip_val': 0.27658191848892877, 'hidden_size': 147, 'dropout': 0.10576023328539372, 'hidden_continuous_size': 56, 'attention_head_size': 3, 'learning_rate': 0.06430323640128567}. Best is trial 12 with value: 4.6274094581604.
LOCAL_RANK: 0 - CUDA_VISIBLE_DEVICES: [0]
[I 2023-11-30 12:23:25,765] Trial 14 finished with value: 4.917031288146973 and parameters: {'gradient_clip_val': 0.5915184751606599, 'hidden_size': 53, 'dropout': 0.18475338005057146, 'hidden_continuous_size': 34, 'attention_head_size': 4, 'learning_rate': 0.041420456444895996}. Best is trial 12 with value: 4.6274094581604.
LOCAL_RANK: 0 - CUDA_VISIBLE_DEVICES: [0]
[I 2023-11-30 12:23:38,907] Trial 15 finished with value: 5.238173007965088 and parameters: {'gradient_clip_val': 0.37963792064253404, 'hidden_size': 50, 'dropout': 0.14858602411129607, 'hidden_continuous_size': 20, 'attention_head_size': 3, 'learning_rate': 0.026491269860106442}. Best is trial 12 with value: 4.6274094581604.
LOCAL_RANK: 0 - CUDA_VISIBLE_DEVICES: [0]
[I 2023-11-30 12:23:52,859] Trial 16 finished with value: 4.8711395263671875 and parameters: {'gradient_clip_val': 0.5431474169875585, 'hidden_size': 81, 'dropout': 0.19424215561597766, 'hidden_continuous_size': 40, 'attention_head_size': 4, 'learning_rate': 0.03551981808498282}. Best is trial 12 with value: 4.6274094581604.
LOCAL_RANK: 0 - CUDA_VISIBLE_DEVICES: [0]
[I 2023-11-30 12:24:06,879] Trial 17 finished with value: 5.213761329650879 and parameters: {'gradient_clip_val': 0.9967171755287847, 'hidden_size': 92, 'dropout': 0.3990582051742854, 'hidden_continuous_size': 51, 'attention_head_size': 3, 'learning_rate': 0.019227224677323098}. Best is trial 12 with value: 4.6274094581604.
LOCAL_RANK: 0 - CUDA_VISIBLE_DEVICES: [0]
[I 2023-11-30 12:24:21,305] Trial 18 finished with value: 6.5239996910095215 and parameters: {'gradient_clip_val': 0.337662190344611, 'hidden_size': 112, 'dropout': 0.12406356569241592, 'hidden_continuous_size': 42, 'attention_head_size': 4, 'learning_rate': 0.07300922123029807}. Best is trial 12 with value: 4.6274094581604.
LOCAL_RANK: 0 - CUDA_VISIBLE_DEVICES: [0]
[I 2023-11-30 12:24:34,335] Trial 19 finished with value: 6.151395320892334 and parameters: {'gradient_clip_val': 0.6264969168478746, 'hidden_size': 42, 'dropout': 0.21103002167235402, 'hidden_continuous_size': 24, 'attention_head_size': 3, 'learning_rate': 0.098178521806054}. Best is trial 12 with value: 4.6274094581604.
LOCAL_RANK: 0 - CUDA_VISIBLE_DEVICES: [0]
[I 2023-11-30 12:24:48,170] Trial 20 finished with value: 5.88552713394165 and parameters: {'gradient_clip_val': 0.42394347949569455, 'hidden_size': 75, 'dropout': 0.1267792681925074, 'hidden_continuous_size': 32, 'attention_head_size': 4, 'learning_rate': 0.04082660811850968}. Best is trial 12 with value: 4.6274094581604.
LOCAL_RANK: 0 - CUDA_VISIBLE_DEVICES: [0]
[I 2023-11-30 12:25:01,764] Trial 21 finished with value: 4.897744178771973 and parameters: {'gradient_clip_val': 0.570773885801095, 'hidden_size': 54, 'dropout': 0.1807639630142904, 'hidden_continuous_size': 32, 'attention_head_size': 4, 'learning_rate': 0.04377741942301104}. Best is trial 12 with value: 4.6274094581604.
LOCAL_RANK: 0 - CUDA_VISIBLE_DEVICES: [0]
[I 2023-11-30 12:25:15,673] Trial 22 finished with value: 4.789127826690674 and parameters: {'gradient_clip_val': 0.648432370224227, 'hidden_size': 73, 'dropout': 0.17018344270895286, 'hidden_continuous_size': 39, 'attention_head_size': 4, 'learning_rate': 0.02734333799846778}. Best is trial 12 with value: 4.6274094581604.
LOCAL_RANK: 0 - CUDA_VISIBLE_DEVICES: [0]
[I 2023-11-30 12:25:30,080] Trial 23 finished with value: 5.6057448387146 and parameters: {'gradient_clip_val': 0.671961566091555, 'hidden_size': 99, 'dropout': 0.1632439725829679, 'hidden_continuous_size': 46, 'attention_head_size': 3, 'learning_rate': 0.02566309621725663}. Best is trial 12 with value: 4.6274094581604.
LOCAL_RANK: 0 - CUDA_VISIBLE_DEVICES: [0]
[I 2023-11-30 12:25:43,984] Trial 24 finished with value: 5.4490966796875 and parameters: {'gradient_clip_val': 0.4996411411106971, 'hidden_size': 69, 'dropout': 0.13410407331143603, 'hidden_continuous_size': 38, 'attention_head_size': 4, 'learning_rate': 0.015808353964756636}. Best is trial 12 with value: 4.6274094581604.
LOCAL_RANK: 0 - CUDA_VISIBLE_DEVICES: [0]
[I 2023-11-30 12:25:58,038] Trial 25 finished with value: 5.125202655792236 and parameters: {'gradient_clip_val': 0.45622083460274365, 'hidden_size': 80, 'dropout': 0.1738618052280934, 'hidden_continuous_size': 55, 'attention_head_size': 3, 'learning_rate': 0.05517514490109887}. Best is trial 12 with value: 4.6274094581604.
LOCAL_RANK: 0 - CUDA_VISIBLE_DEVICES: [0]
