[I 2023-11-30 05:51:42,242] Trial 72 finished with value: 21.265850067138672 and parameters: {'gradient_clip_val': 0.711854261182735, 'hidden_size': 64, 'dropout': 0.19901249375630561, 'hidden_continuous_size': 11, 'attention_head_size': 2, 'learning_rate': 0.005545494590021068}. Best is trial 68 with value: 12.505093574523926.
LOCAL_RANK: 0 - CUDA_VISIBLE_DEVICES: [0]
[I 2023-11-30 05:51:55,388] Trial 73 finished with value: 20.757150650024414 and parameters: {'gradient_clip_val': 0.9759729024510103, 'hidden_size': 68, 'dropout': 0.20955034708718084, 'hidden_continuous_size': 13, 'attention_head_size': 2, 'learning_rate': 0.00802585771826654}. Best is trial 68 with value: 12.505093574523926.
LOCAL_RANK: 0 - CUDA_VISIBLE_DEVICES: [0]
[I 2023-11-30 05:52:08,358] Trial 74 finished with value: 18.54563331604004 and parameters: {'gradient_clip_val': 0.5837521801679568, 'hidden_size': 56, 'dropout': 0.17212691253491935, 'hidden_continuous_size': 11, 'attention_head_size': 1, 'learning_rate': 0.010200244557439968}. Best is trial 68 with value: 12.505093574523926.
LOCAL_RANK: 0 - CUDA_VISIBLE_DEVICES: [0]
[I 2023-11-30 05:52:21,253] Trial 75 finished with value: 14.350560188293457 and parameters: {'gradient_clip_val': 0.8399105369243535, 'hidden_size': 41, 'dropout': 0.19139644801246483, 'hidden_continuous_size': 17, 'attention_head_size': 2, 'learning_rate': 0.004780937872428052}. Best is trial 68 with value: 12.505093574523926.
LOCAL_RANK: 0 - CUDA_VISIBLE_DEVICES: [0]
[I 2023-11-30 05:52:34,675] Trial 76 finished with value: 17.227523803710938 and parameters: {'gradient_clip_val': 0.6638702207827637, 'hidden_size': 78, 'dropout': 0.2038270404855152, 'hidden_continuous_size': 12, 'attention_head_size': 2, 'learning_rate': 0.009104384211078271}. Best is trial 68 with value: 12.505093574523926.
LOCAL_RANK: 0 - CUDA_VISIBLE_DEVICES: [0]
[I 2023-11-30 05:52:48,184] Trial 77 finished with value: 17.437210083007812 and parameters: {'gradient_clip_val': 0.7848872628557427, 'hidden_size': 87, 'dropout': 0.21250905321221997, 'hidden_continuous_size': 19, 'attention_head_size': 1, 'learning_rate': 0.004199493422379036}. Best is trial 68 with value: 12.505093574523926.
LOCAL_RANK: 0 - CUDA_VISIBLE_DEVICES: [0]
[I 2023-11-30 05:53:01,717] Trial 78 finished with value: 18.005945205688477 and parameters: {'gradient_clip_val': 0.7134893847227375, 'hidden_size': 74, 'dropout': 0.1644429037398202, 'hidden_continuous_size': 18, 'attention_head_size': 2, 'learning_rate': 0.006390366096790123}. Best is trial 68 with value: 12.505093574523926.
LOCAL_RANK: 0 - CUDA_VISIBLE_DEVICES: [0]
[I 2023-11-30 05:53:15,060] Trial 79 finished with value: 15.408120155334473 and parameters: {'gradient_clip_val': 0.5878949479587802, 'hidden_size': 67, 'dropout': 0.22960370431058863, 'hidden_continuous_size': 10, 'attention_head_size': 3, 'learning_rate': 0.005310360475506603}. Best is trial 68 with value: 12.505093574523926.
LOCAL_RANK: 0 - CUDA_VISIBLE_DEVICES: [0]
[I 2023-11-30 05:53:27,667] Trial 80 finished with value: 14.465347290039062 and parameters: {'gradient_clip_val': 0.9095045953161676, 'hidden_size': 36, 'dropout': 0.3243684243230166, 'hidden_continuous_size': 16, 'attention_head_size': 2, 'learning_rate': 0.003553479180476258}. Best is trial 68 with value: 12.505093574523926.
LOCAL_RANK: 0 - CUDA_VISIBLE_DEVICES: [0]
[I 2023-11-30 05:53:40,561] Trial 81 finished with value: 18.307302474975586 and parameters: {'gradient_clip_val': 0.8373118060718543, 'hidden_size': 42, 'dropout': 0.19194021898133978, 'hidden_continuous_size': 17, 'attention_head_size': 2, 'learning_rate': 0.00489516092659942}. Best is trial 68 with value: 12.505093574523926.
LOCAL_RANK: 0 - CUDA_VISIBLE_DEVICES: [0]
[I 2023-11-30 05:53:53,506] Trial 82 finished with value: 17.37822723388672 and parameters: {'gradient_clip_val': 0.8078183530204343, 'hidden_size': 46, 'dropout': 0.1812204843453312, 'hidden_continuous_size': 16, 'attention_head_size': 2, 'learning_rate': 0.006150586040440318}. Best is trial 68 with value: 12.505093574523926.
LOCAL_RANK: 0 - CUDA_VISIBLE_DEVICES: [0]
[I 2023-11-30 05:54:06,164] Trial 83 finished with value: 14.837287902832031 and parameters: {'gradient_clip_val': 0.9160715496564616, 'hidden_size': 31, 'dropout': 0.19847783305156225, 'hidden_continuous_size': 17, 'attention_head_size': 2, 'learning_rate': 0.004554884774602049}. Best is trial 68 with value: 12.505093574523926.
LOCAL_RANK: 0 - CUDA_VISIBLE_DEVICES: [0]
[I 2023-11-30 05:54:18,948] Trial 84 finished with value: 16.537599563598633 and parameters: {'gradient_clip_val': 0.7557838169277385, 'hidden_size': 40, 'dropout': 0.2206571740514846, 'hidden_continuous_size': 13, 'attention_head_size': 2, 'learning_rate': 0.007360627401654713}. Best is trial 68 with value: 12.505093574523926.
LOCAL_RANK: 0 - CUDA_VISIBLE_DEVICES: [0]
[I 2023-11-30 05:54:32,056] Trial 85 finished with value: 16.772987365722656 and parameters: {'gradient_clip_val': 0.850741286132639, 'hidden_size': 59, 'dropout': 0.20915369743531473, 'hidden_continuous_size': 18, 'attention_head_size': 1, 'learning_rate': 0.00567907941890472}. Best is trial 68 with value: 12.505093574523926.
LOCAL_RANK: 0 - CUDA_VISIBLE_DEVICES: [0]
[I 2023-11-30 05:54:44,982] Trial 86 finished with value: 21.593935012817383 and parameters: {'gradient_clip_val': 0.49857147223714215, 'hidden_size': 34, 'dropout': 0.19402803903333124, 'hidden_continuous_size': 16, 'attention_head_size': 3, 'learning_rate': 0.008347223112803512}. Best is trial 68 with value: 12.505093574523926.
LOCAL_RANK: 0 - CUDA_VISIBLE_DEVICES: [0]
[I 2023-11-30 05:54:58,065] Trial 87 finished with value: 14.400654792785645 and parameters: {'gradient_clip_val': 0.9729323717099074, 'hidden_size': 53, 'dropout': 0.23324407190773444, 'hidden_continuous_size': 13, 'attention_head_size': 3, 'learning_rate': 0.0049292110023928205}. Best is trial 68 with value: 12.505093574523926.
LOCAL_RANK: 0 - CUDA_VISIBLE_DEVICES: [0]
[I 2023-11-30 05:55:10,819] Trial 88 finished with value: 15.918952941894531 and parameters: {'gradient_clip_val': 0.6907010812139399, 'hidden_size': 44, 'dropout': 0.3392427522382568, 'hidden_continuous_size': 16, 'attention_head_size': 2, 'learning_rate': 0.006558352770665685}. Best is trial 68 with value: 12.505093574523926.
LOCAL_RANK: 0 - CUDA_VISIBLE_DEVICES: [0]
[I 2023-11-30 05:55:23,418] Trial 89 finished with value: 21.73723793029785 and parameters: {'gradient_clip_val': 0.44527719263545146, 'hidden_size': 40, 'dropout': 0.3092926905436129, 'hidden_continuous_size': 15, 'attention_head_size': 2, 'learning_rate': 0.0074609968214838845}. Best is trial 68 with value: 12.505093574523926.
LOCAL_RANK: 0 - CUDA_VISIBLE_DEVICES: [0]
[I 2023-11-30 05:55:36,246] Trial 90 finished with value: 19.181360244750977 and parameters: {'gradient_clip_val': 0.41820389989051016, 'hidden_size': 59, 'dropout': 0.1632227020929078, 'hidden_continuous_size': 12, 'attention_head_size': 1, 'learning_rate': 0.002988060874830933}. Best is trial 68 with value: 12.505093574523926.
LOCAL_RANK: 0 - CUDA_VISIBLE_DEVICES: [0]
[I 2023-11-30 05:55:49,558] Trial 91 finished with value: 15.51961612701416 and parameters: {'gradient_clip_val': 0.9186955956918177, 'hidden_size': 65, 'dropout': 0.23546194855291475, 'hidden_continuous_size': 13, 'attention_head_size': 3, 'learning_rate': 0.004844163168026934}. Best is trial 68 with value: 12.505093574523926.
LOCAL_RANK: 0 - CUDA_VISIBLE_DEVICES: [0]
[I 2023-11-30 05:56:02,331] Trial 92 finished with value: 17.417146682739258 and parameters: {'gradient_clip_val': 0.954948921967551, 'hidden_size': 37, 'dropout': 0.22460321147017084, 'hidden_continuous_size': 14, 'attention_head_size': 3, 'learning_rate': 0.0043241517842407574}. Best is trial 68 with value: 12.505093574523926.
LOCAL_RANK: 0 - CUDA_VISIBLE_DEVICES: [0]
[I 2023-11-30 05:56:15,312] Trial 93 finished with value: 16.420690536499023 and parameters: {'gradient_clip_val': 0.9979388834740578, 'hidden_size': 53, 'dropout': 0.2518352054205857, 'hidden_continuous_size': 13, 'attention_head_size': 3, 'learning_rate': 0.004953996294604261}. Best is trial 68 with value: 12.505093574523926.
LOCAL_RANK: 0 - CUDA_VISIBLE_DEVICES: [0]
[I 2023-11-30 05:56:28,425] Trial 94 finished with value: 18.832359313964844 and parameters: {'gradient_clip_val': 0.8810731312052974, 'hidden_size': 48, 'dropout': 0.24315062965782516, 'hidden_continuous_size': 15, 'attention_head_size': 3, 'learning_rate': 0.005933757347910825}. Best is trial 68 with value: 12.505093574523926.
LOCAL_RANK: 0 - CUDA_VISIBLE_DEVICES: [0]
[I 2023-11-30 05:56:41,605] Trial 95 finished with value: 21.26103401184082 and parameters: {'gradient_clip_val': 0.8235528935345681, 'hidden_size': 62, 'dropout': 0.21679697975214793, 'hidden_continuous_size': 12, 'attention_head_size': 3, 'learning_rate': 0.005273852770689872}. Best is trial 68 with value: 12.505093574523926.
LOCAL_RANK: 0 - CUDA_VISIBLE_DEVICES: [0]
[I 2023-11-30 05:56:54,821] Trial 96 finished with value: 17.828134536743164 and parameters: {'gradient_clip_val': 0.9506313718334785, 'hidden_size': 54, 'dropout': 0.2360014237393204, 'hidden_continuous_size': 17, 'attention_head_size': 3, 'learning_rate': 0.003895911356373273}. Best is trial 68 with value: 12.505093574523926.
LOCAL_RANK: 0 - CUDA_VISIBLE_DEVICES: [0]
[I 2023-11-30 05:57:08,340] Trial 97 finished with value: 15.54442310333252 and parameters: {'gradient_clip_val': 0.6086866549646459, 'hidden_size': 72, 'dropout': 0.20361094323090528, 'hidden_continuous_size': 20, 'attention_head_size': 3, 'learning_rate': 0.00699741537369757}. Best is trial 68 with value: 12.505093574523926.
LOCAL_RANK: 0 - CUDA_VISIBLE_DEVICES: [0]
[I 2023-11-30 05:57:20,988] Trial 98 finished with value: 16.174489974975586 and parameters: {'gradient_clip_val': 0.7623224611079914, 'hidden_size': 44, 'dropout': 0.22986722492269782, 'hidden_continuous_size': 14, 'attention_head_size': 2, 'learning_rate': 0.005694484878371027}. Best is trial 68 with value: 12.505093574523926.
LOCAL_RANK: 0 - CUDA_VISIBLE_DEVICES: [0]
[I 2023-11-30 05:57:34,036] Trial 99 finished with value: 12.49030590057373 and parameters: {'gradient_clip_val': 0.5366950262719712, 'hidden_size': 41, 'dropout': 0.26564052769068586, 'hidden_continuous_size': 15, 'attention_head_size': 3, 'learning_rate': 0.004543838537810937}. Best is trial 99 with value: 12.49030590057373.
LOCAL_RANK: 0 - CUDA_VISIBLE_DEVICES: [0]
[I 2023-11-30 05:57:46,704] Trial 100 finished with value: 17.032907485961914 and parameters: {'gradient_clip_val': 0.5461864355191968, 'hidden_size': 35, 'dropout': 0.26621567624642034, 'hidden_continuous_size': 15, 'attention_head_size': 2, 'learning_rate': 0.008911063987511767}. Best is trial 99 with value: 12.49030590057373.
LOCAL_RANK: 0 - CUDA_VISIBLE_DEVICES: [0]
[I 2023-11-30 05:57:59,613] Trial 101 finished with value: 14.046690940856934 and parameters: {'gradient_clip_val': 0.4999029966047839, 'hidden_size': 41, 'dropout': 0.2555636764145325, 'hidden_continuous_size': 15, 'attention_head_size': 3, 'learning_rate': 0.004564038497084995}. Best is trial 99 with value: 12.49030590057373.
LOCAL_RANK: 0 - CUDA_VISIBLE_DEVICES: [0]
[I 2023-11-30 05:58:12,564] Trial 102 finished with value: 23.217256546020508 and parameters: {'gradient_clip_val': 0.49226713199499195, 'hidden_size': 38, 'dropout': 0.2560605308784309, 'hidden_continuous_size': 16, 'attention_head_size': 3, 'learning_rate': 0.004428396795619522}. Best is trial 99 with value: 12.49030590057373.
LOCAL_RANK: 0 - CUDA_VISIBLE_DEVICES: [0]
[I 2023-11-30 05:58:25,388] Trial 103 finished with value: 16.244478225708008 and parameters: {'gradient_clip_val': 0.45004059314961214, 'hidden_size': 42, 'dropout': 0.2753074246611757, 'hidden_continuous_size': 15, 'attention_head_size': 3, 'learning_rate': 0.00663525438812905}. Best is trial 99 with value: 12.49030590057373.
LOCAL_RANK: 0 - CUDA_VISIBLE_DEVICES: [0]
[I 2023-11-30 05:58:37,994] Trial 104 finished with value: 17.658184051513672 and parameters: {'gradient_clip_val': 0.5067994202357285, 'hidden_size': 32, 'dropout': 0.2800600272499446, 'hidden_continuous_size': 15, 'attention_head_size': 3, 'learning_rate': 0.003775454216557913}. Best is trial 99 with value: 12.49030590057373.
LOCAL_RANK: 0 - CUDA_VISIBLE_DEVICES: [0]
[I 2023-11-30 05:58:50,688] Trial 105 finished with value: 14.695858001708984 and parameters: {'gradient_clip_val': 0.5426307753063696, 'hidden_size': 29, 'dropout': 0.2633974711515847, 'hidden_continuous_size': 14, 'attention_head_size': 3, 'learning_rate': 0.004253600653870982}. Best is trial 99 with value: 12.49030590057373.
LOCAL_RANK: 0 - CUDA_VISIBLE_DEVICES: [0]
[I 2023-11-30 05:59:03,486] Trial 106 finished with value: 14.166770935058594 and parameters: {'gradient_clip_val': 0.40709529294948044, 'hidden_size': 33, 'dropout': 0.29476946671047854, 'hidden_continuous_size': 17, 'attention_head_size': 3, 'learning_rate': 0.007727399486012174}. Best is trial 99 with value: 12.49030590057373.
LOCAL_RANK: 0 - CUDA_VISIBLE_DEVICES: [0]
[I 2023-11-30 05:59:15,790] Trial 107 finished with value: 14.660326957702637 and parameters: {'gradient_clip_val': 0.47074012045106556, 'hidden_size': 32, 'dropout': 0.293079435929954, 'hidden_continuous_size': 16, 'attention_head_size': 3, 'learning_rate': 0.007712907944676522}. Best is trial 99 with value: 12.49030590057373.
LOCAL_RANK: 0 - CUDA_VISIBLE_DEVICES: [0]
[I 2023-11-30 05:59:28,531] Trial 108 finished with value: 16.881025314331055 and parameters: {'gradient_clip_val': 0.40779281384284494, 'hidden_size': 34, 'dropout': 0.28242700393422354, 'hidden_continuous_size': 14, 'attention_head_size': 3, 'learning_rate': 0.010008386870470279}. Best is trial 99 with value: 12.49030590057373.
LOCAL_RANK: 0 - CUDA_VISIBLE_DEVICES: [0]
[I 2023-11-30 05:59:41,494] Trial 109 finished with value: 22.471649169921875 and parameters: {'gradient_clip_val': 0.37283870277103437, 'hidden_size': 37, 'dropout': 0.265828184180664, 'hidden_continuous_size': 15, 'attention_head_size': 3, 'learning_rate': 0.008530244756673012}. Best is trial 99 with value: 12.49030590057373.
LOCAL_RANK: 0 - CUDA_VISIBLE_DEVICES: [0]
[I 2023-11-30 05:59:53,983] Trial 110 finished with value: 16.762670516967773 and parameters: {'gradient_clip_val': 0.5655757915640797, 'hidden_size': 27, 'dropout': 0.25210264315622477, 'hidden_continuous_size': 15, 'attention_head_size': 3, 'learning_rate': 0.005752673645228969}. Best is trial 99 with value: 12.49030590057373.
LOCAL_RANK: 0 - CUDA_VISIBLE_DEVICES: [0]
[I 2023-11-30 06:00:06,950] Trial 111 finished with value: 16.61649513244629 and parameters: {'gradient_clip_val': 0.42088162540816565, 'hidden_size': 39, 'dropout': 0.24332809364787777, 'hidden_continuous_size': 17, 'attention_head_size': 3, 'learning_rate': 0.0063897152769413134}. Best is trial 99 with value: 12.49030590057373.
LOCAL_RANK: 0 - CUDA_VISIBLE_DEVICES: [0]
[I 2023-11-30 06:00:19,530] Trial 112 finished with value: 16.57318878173828 and parameters: {'gradient_clip_val': 0.4415485901423459, 'hidden_size': 30, 'dropout': 0.2997016165602545, 'hidden_continuous_size': 16, 'attention_head_size': 2, 'learning_rate': 0.005280728066840527}. Best is trial 99 with value: 12.49030590057373.
LOCAL_RANK: 0 - CUDA_VISIBLE_DEVICES: [0]
[I 2023-11-30 06:00:32,539] Trial 113 finished with value: 19.496862411499023 and parameters: {'gradient_clip_val': 0.48037783515264737, 'hidden_size': 41, 'dropout': 0.258104904769515, 'hidden_continuous_size': 18, 'attention_head_size': 3, 'learning_rate': 0.007055793998826952}. Best is trial 99 with value: 12.49030590057373.
LOCAL_RANK: 0 - CUDA_VISIBLE_DEVICES: [0]
[I 2023-11-30 06:00:45,581] Trial 114 finished with value: 16.036680221557617 and parameters: {'gradient_clip_val': 0.5154188367021202, 'hidden_size': 35, 'dropout': 0.2460267392093873, 'hidden_continuous_size': 17, 'attention_head_size': 1, 'learning_rate': 0.004657809640323405}. Best is trial 99 with value: 12.49030590057373.
LOCAL_RANK: 0 - CUDA_VISIBLE_DEVICES: [0]
[I 2023-11-30 06:00:57,926] Trial 115 finished with value: 17.13340187072754 and parameters: {'gradient_clip_val': 0.6434544696904, 'hidden_size': 32, 'dropout': 0.2730941636998513, 'hidden_continuous_size': 16, 'attention_head_size': 2, 'learning_rate': 0.0060069366979737925}. Best is trial 99 with value: 12.49030590057373.
LOCAL_RANK: 0 - CUDA_VISIBLE_DEVICES: [0]
[I 2023-11-30 06:01:10,679] Trial 116 finished with value: 12.810284614562988 and parameters: {'gradient_clip_val': 0.39749815935987387, 'hidden_size': 37, 'dropout': 0.21883823014597792, 'hidden_continuous_size': 14, 'attention_head_size': 3, 'learning_rate': 0.005339087251478059}. Best is trial 99 with value: 12.49030590057373.
LOCAL_RANK: 0 - CUDA_VISIBLE_DEVICES: [0]
[I 2023-11-30 06:01:23,209] Trial 117 finished with value: 15.530470848083496 and parameters: {'gradient_clip_val': 0.40277551284307134, 'hidden_size': 36, 'dropout': 0.22063076007204258, 'hidden_continuous_size': 14, 'attention_head_size': 3, 'learning_rate': 0.00801377367470759}. Best is trial 99 with value: 12.49030590057373.
LOCAL_RANK: 0 - CUDA_VISIBLE_DEVICES: [0]
[I 2023-11-30 06:01:35,993] Trial 118 finished with value: 17.572975158691406 and parameters: {'gradient_clip_val': 0.38387834726710895, 'hidden_size': 33, 'dropout': 0.2774092668282307, 'hidden_continuous_size': 14, 'attention_head_size': 3, 'learning_rate': 0.006721194151444498}. Best is trial 99 with value: 12.49030590057373.
LOCAL_RANK: 0 - CUDA_VISIBLE_DEVICES: [0]
[I 2023-11-30 06:01:48,602] Trial 119 finished with value: 22.814382553100586 and parameters: {'gradient_clip_val': 0.42671462765392, 'hidden_size': 28, 'dropout': 0.2875232719293227, 'hidden_continuous_size': 15, 'attention_head_size': 3, 'learning_rate': 0.005285762076409561}. Best is trial 99 with value: 12.49030590057373.
LOCAL_RANK: 0 - CUDA_VISIBLE_DEVICES: [0]
[I 2023-11-30 06:02:01,434] Trial 120 finished with value: 17.59136390686035 and parameters: {'gradient_clip_val': 0.45872823187583067, 'hidden_size': 38, 'dropout': 0.2391874831276184, 'hidden_continuous_size': 14, 'attention_head_size': 3, 'learning_rate': 0.0077064872837988236}. Best is trial 99 with value: 12.49030590057373.
LOCAL_RANK: 0 - CUDA_VISIBLE_DEVICES: [0]
[I 2023-11-30 06:02:14,362] Trial 121 finished with value: 18.815616607666016 and parameters: {'gradient_clip_val': 0.35453159518305755, 'hidden_size': 41, 'dropout': 0.21299705698836768, 'hidden_continuous_size': 21, 'attention_head_size': 3, 'learning_rate': 0.00467652962041486}. Best is trial 99 with value: 12.49030590057373.
LOCAL_RANK: 0 - CUDA_VISIBLE_DEVICES: [0]
[I 2023-11-30 06:02:27,333] Trial 122 finished with value: 13.704032897949219 and parameters: {'gradient_clip_val': 0.4772734876370483, 'hidden_size': 46, 'dropout': 0.22789260141612194, 'hidden_continuous_size': 13, 'attention_head_size': 3, 'learning_rate': 0.0059403075283094966}. Best is trial 99 with value: 12.49030590057373.
LOCAL_RANK: 0 - CUDA_VISIBLE_DEVICES: [0]
[I 2023-11-30 06:02:40,373] Trial 123 finished with value: 17.820920944213867 and parameters: {'gradient_clip_val': 0.5299560955517516, 'hidden_size': 49, 'dropout': 0.22333514728515408, 'hidden_continuous_size': 13, 'attention_head_size': 3, 'learning_rate': 0.005956885275474206}. Best is trial 99 with value: 12.49030590057373.
LOCAL_RANK: 0 - CUDA_VISIBLE_DEVICES: [0]
[I 2023-11-30 06:02:53,365] Trial 124 finished with value: 14.656102180480957 and parameters: {'gradient_clip_val': 0.48469677932887134, 'hidden_size': 39, 'dropout': 0.23025241853818726, 'hidden_continuous_size': 13, 'attention_head_size': 3, 'learning_rate': 0.005521229158381519}. Best is trial 99 with value: 12.49030590057373.
LOCAL_RANK: 0 - CUDA_VISIBLE_DEVICES: [0]
[I 2023-11-30 06:03:06,301] Trial 125 finished with value: 15.094429016113281 and parameters: {'gradient_clip_val': 0.6043737313416319, 'hidden_size': 45, 'dropout': 0.24850978766712464, 'hidden_continuous_size': 14, 'attention_head_size': 3, 'learning_rate': 0.006404241280885125}. Best is trial 99 with value: 12.49030590057373.
LOCAL_RANK: 0 - CUDA_VISIBLE_DEVICES: [0]
[I 2023-11-30 06:03:19,308] Trial 126 finished with value: 21.683679580688477 and parameters: {'gradient_clip_val': 0.4516521386315941, 'hidden_size': 47, 'dropout': 0.22766415820401495, 'hidden_continuous_size': 13, 'attention_head_size': 3, 'learning_rate': 0.007110876750733381}. Best is trial 99 with value: 12.49030590057373.
LOCAL_RANK: 0 - CUDA_VISIBLE_DEVICES: [0]
[I 2023-11-30 06:03:32,231] Trial 127 finished with value: 17.2747802734375 and parameters: {'gradient_clip_val': 0.499483238606322, 'hidden_size': 44, 'dropout': 0.23785249515709117, 'hidden_continuous_size': 15, 'attention_head_size': 4, 'learning_rate': 0.004132900037926861}. Best is trial 99 with value: 12.49030590057373.
LOCAL_RANK: 0 - CUDA_VISIBLE_DEVICES: [0]
[I 2023-11-30 06:03:45,019] Trial 128 finished with value: 13.821860313415527 and parameters: {'gradient_clip_val': 0.4354599925589874, 'hidden_size': 35, 'dropout': 0.2619650418942739, 'hidden_continuous_size': 15, 'attention_head_size': 3, 'learning_rate': 0.009287537534072165}. Best is trial 99 with value: 12.49030590057373.
LOCAL_RANK: 0 - CUDA_VISIBLE_DEVICES: [0]
[I 2023-11-30 06:03:57,846] Trial 129 finished with value: 17.97662925720215 and parameters: {'gradient_clip_val': 0.3918770311775486, 'hidden_size': 35, 'dropout': 0.2613607047800763, 'hidden_continuous_size': 14, 'attention_head_size': 3, 'learning_rate': 0.009506121699454091}. Best is trial 99 with value: 12.49030590057373.
LOCAL_RANK: 0 - CUDA_VISIBLE_DEVICES: [0]
[I 2023-11-30 06:04:10,419] Trial 130 finished with value: 25.320388793945312 and parameters: {'gradient_clip_val': 0.4350028329156977, 'hidden_size': 31, 'dropout': 0.26767892511988245, 'hidden_continuous_size': 10, 'attention_head_size': 3, 'learning_rate': 0.011257932848828834}. Best is trial 99 with value: 12.49030590057373.
LOCAL_RANK: 0 - CUDA_VISIBLE_DEVICES: [0]
