[I 2023-11-30 14:00:33,209] Trial 136 finished with value: 6.21265983581543 and parameters: {'gradient_clip_val': 0.3728427020282011, 'hidden_size': 81, 'dropout': 0.1349970260089234, 'hidden_continuous_size': 43, 'attention_head_size': 1, 'learning_rate': 0.03579508297743374}. Best is trial 18 with value: 4.467996597290039.
LOCAL_RANK: 0 - CUDA_VISIBLE_DEVICES: [0]
[I 2023-11-30 14:00:46,844] Trial 137 finished with value: 6.0839972496032715 and parameters: {'gradient_clip_val': 0.30992890866563483, 'hidden_size': 72, 'dropout': 0.19798829703437443, 'hidden_continuous_size': 49, 'attention_head_size': 1, 'learning_rate': 0.025107262537605295}. Best is trial 18 with value: 4.467996597290039.
LOCAL_RANK: 0 - CUDA_VISIBLE_DEVICES: [0]
[I 2023-11-30 14:01:00,931] Trial 138 finished with value: 6.345788478851318 and parameters: {'gradient_clip_val': 0.2623346367401685, 'hidden_size': 112, 'dropout': 0.17055524603854078, 'hidden_continuous_size': 34, 'attention_head_size': 1, 'learning_rate': 0.020860340617374063}. Best is trial 18 with value: 4.467996597290039.
LOCAL_RANK: 0 - CUDA_VISIBLE_DEVICES: [0]
[I 2023-11-30 14:01:15,191] Trial 139 finished with value: 7.588865756988525 and parameters: {'gradient_clip_val': 0.14620443735248126, 'hidden_size': 123, 'dropout': 0.23115671480610162, 'hidden_continuous_size': 57, 'attention_head_size': 2, 'learning_rate': 0.02904502894497177}. Best is trial 18 with value: 4.467996597290039.
LOCAL_RANK: 0 - CUDA_VISIBLE_DEVICES: [0]
[I 2023-11-30 14:01:29,193] Trial 140 finished with value: 5.240780353546143 and parameters: {'gradient_clip_val': 0.2809683703495841, 'hidden_size': 91, 'dropout': 0.24108567992111823, 'hidden_continuous_size': 53, 'attention_head_size': 1, 'learning_rate': 0.014850820965609886}. Best is trial 18 with value: 4.467996597290039.
LOCAL_RANK: 0 - CUDA_VISIBLE_DEVICES: [0]
[I 2023-11-30 14:01:43,033] Trial 141 finished with value: 4.889219760894775 and parameters: {'gradient_clip_val': 0.19682081265794832, 'hidden_size': 76, 'dropout': 0.19106478627024287, 'hidden_continuous_size': 44, 'attention_head_size': 3, 'learning_rate': 0.0308684991768209}. Best is trial 18 with value: 4.467996597290039.
LOCAL_RANK: 0 - CUDA_VISIBLE_DEVICES: [0]
[I 2023-11-30 14:01:56,694] Trial 142 finished with value: 6.372000217437744 and parameters: {'gradient_clip_val': 0.1812470524173007, 'hidden_size': 76, 'dropout': 0.20639806071543237, 'hidden_continuous_size': 45, 'attention_head_size': 3, 'learning_rate': 0.03088139254731255}. Best is trial 18 with value: 4.467996597290039.
LOCAL_RANK: 0 - CUDA_VISIBLE_DEVICES: [0]
[I 2023-11-30 14:02:10,852] Trial 143 finished with value: 5.683800220489502 and parameters: {'gradient_clip_val': 0.3375336279644161, 'hidden_size': 83, 'dropout': 0.21752101768349727, 'hidden_continuous_size': 42, 'attention_head_size': 3, 'learning_rate': 0.03842889618060523}. Best is trial 18 with value: 4.467996597290039.
LOCAL_RANK: 0 - CUDA_VISIBLE_DEVICES: [0]
[I 2023-11-30 14:02:24,853] Trial 144 finished with value: 5.89786958694458 and parameters: {'gradient_clip_val': 0.11182869036794317, 'hidden_size': 104, 'dropout': 0.17896114188669593, 'hidden_continuous_size': 39, 'attention_head_size': 3, 'learning_rate': 0.022736343187161587}. Best is trial 18 with value: 4.467996597290039.
LOCAL_RANK: 0 - CUDA_VISIBLE_DEVICES: [0]
[I 2023-11-30 14:02:38,618] Trial 145 finished with value: 5.909834384918213 and parameters: {'gradient_clip_val': 0.1956674385608303, 'hidden_size': 61, 'dropout': 0.16108839528598634, 'hidden_continuous_size': 47, 'attention_head_size': 3, 'learning_rate': 0.03355825289957222}. Best is trial 18 with value: 4.467996597290039.
LOCAL_RANK: 0 - CUDA_VISIBLE_DEVICES: [0]
[I 2023-11-30 14:02:52,714] Trial 146 finished with value: 7.054294586181641 and parameters: {'gradient_clip_val': 0.16525354902040698, 'hidden_size': 97, 'dropout': 0.18986666057141782, 'hidden_continuous_size': 42, 'attention_head_size': 3, 'learning_rate': 0.0426257808129763}. Best is trial 18 with value: 4.467996597290039.
LOCAL_RANK: 0 - CUDA_VISIBLE_DEVICES: [0]
[I 2023-11-30 14:03:06,657] Trial 147 finished with value: 5.105831623077393 and parameters: {'gradient_clip_val': 0.17772624596925135, 'hidden_size': 86, 'dropout': 0.14719631082590603, 'hidden_continuous_size': 51, 'attention_head_size': 1, 'learning_rate': 0.01869269311614795}. Best is trial 18 with value: 4.467996597290039.
LOCAL_RANK: 0 - CUDA_VISIBLE_DEVICES: [0]
[I 2023-11-30 14:03:20,752] Trial 148 finished with value: 6.878701686859131 and parameters: {'gradient_clip_val': 0.2047090910024851, 'hidden_size': 73, 'dropout': 0.22271362189444185, 'hidden_continuous_size': 44, 'attention_head_size': 4, 'learning_rate': 0.026114423460750595}. Best is trial 18 with value: 4.467996597290039.
LOCAL_RANK: 0 - CUDA_VISIBLE_DEVICES: [0]
[I 2023-11-30 14:03:34,967] Trial 149 finished with value: 5.782456874847412 and parameters: {'gradient_clip_val': 0.22078065734712252, 'hidden_size': 133, 'dropout': 0.14191384953881403, 'hidden_continuous_size': 37, 'attention_head_size': 1, 'learning_rate': 0.016889257419950263}. Best is trial 18 with value: 4.467996597290039.
[I 2023-11-30 14:03:35,079] A new study created in memory with name: no-name-7f2b52b7-3c9b-4ec5-8a63-a135059587f9
/home/le004/conda/anaconda3/envs/tsff_env/lib/python3.9/site-packages/lightning/fabric/plugins/environments/slurm.py:191: The `srun` command is available on your system but is not used. HINT: If your intention is to run Lightning on SLURM, prepend your python command with `srun` like so: srun python /home/le004/master_thesis/git/TSFusionForecast/code/ ...
LOCAL_RANK: 0 - CUDA_VISIBLE_DEVICES: [0]
[I 2023-11-30 14:03:47,282] Trial 0 finished with value: 7.529345989227295 and parameters: {'gradient_clip_val': 0.2950292169682529, 'hidden_size': 12, 'dropout': 0.20528162198211683, 'hidden_continuous_size': 10, 'attention_head_size': 4, 'learning_rate': 0.001958902807386151}. Best is trial 0 with value: 7.529345989227295.
LOCAL_RANK: 0 - CUDA_VISIBLE_DEVICES: [0]
[I 2023-11-30 14:03:59,692] Trial 1 finished with value: 4.110764026641846 and parameters: {'gradient_clip_val': 0.11716732056449333, 'hidden_size': 22, 'dropout': 0.12100151533527609, 'hidden_continuous_size': 20, 'attention_head_size': 1, 'learning_rate': 0.01296663675507375}. Best is trial 1 with value: 4.110764026641846.
LOCAL_RANK: 0 - CUDA_VISIBLE_DEVICES: [0]
[I 2023-11-30 14:04:12,840] Trial 2 finished with value: 4.02818489074707 and parameters: {'gradient_clip_val': 0.17572562886790802, 'hidden_size': 33, 'dropout': 0.36584647197760256, 'hidden_continuous_size': 23, 'attention_head_size': 4, 'learning_rate': 0.02091059414833549}. Best is trial 2 with value: 4.02818489074707.
LOCAL_RANK: 0 - CUDA_VISIBLE_DEVICES: [0]
[I 2023-11-30 14:04:25,051] Trial 3 finished with value: 12.674935340881348 and parameters: {'gradient_clip_val': 0.18792795421528022, 'hidden_size': 14, 'dropout': 0.33901804823793225, 'hidden_continuous_size': 10, 'attention_head_size': 3, 'learning_rate': 0.002654474732152692}. Best is trial 2 with value: 4.02818489074707.
LOCAL_RANK: 0 - CUDA_VISIBLE_DEVICES: [0]
[I 2023-11-30 14:04:37,894] Trial 4 finished with value: 5.200285911560059 and parameters: {'gradient_clip_val': 0.5469176758221898, 'hidden_size': 34, 'dropout': 0.14124273262279344, 'hidden_continuous_size': 11, 'attention_head_size': 4, 'learning_rate': 0.002819254825137645}. Best is trial 2 with value: 4.02818489074707.
LOCAL_RANK: 0 - CUDA_VISIBLE_DEVICES: [0]
[I 2023-11-30 14:04:50,356] Trial 5 finished with value: 4.315512180328369 and parameters: {'gradient_clip_val': 0.24133737167336208, 'hidden_size': 30, 'dropout': 0.3383608468969326, 'hidden_continuous_size': 13, 'attention_head_size': 1, 'learning_rate': 0.004429740567713524}. Best is trial 2 with value: 4.02818489074707.
LOCAL_RANK: 0 - CUDA_VISIBLE_DEVICES: [0]
[I 2023-11-30 14:05:02,807] Trial 6 finished with value: 4.274893283843994 and parameters: {'gradient_clip_val': 0.11125785025277966, 'hidden_size': 32, 'dropout': 0.12517342395801365, 'hidden_continuous_size': 16, 'attention_head_size': 2, 'learning_rate': 0.00644960795631049}. Best is trial 2 with value: 4.02818489074707.
LOCAL_RANK: 0 - CUDA_VISIBLE_DEVICES: [0]
[I 2023-11-30 14:05:16,566] Trial 7 finished with value: 3.543388605117798 and parameters: {'gradient_clip_val': 0.47051129714600864, 'hidden_size': 66, 'dropout': 0.334388685766993, 'hidden_continuous_size': 16, 'attention_head_size': 4, 'learning_rate': 0.011172168178671367}. Best is trial 7 with value: 3.543388605117798.
LOCAL_RANK: 0 - CUDA_VISIBLE_DEVICES: [0]
[I 2023-11-30 14:05:28,972] Trial 8 finished with value: 8.19103717803955 and parameters: {'gradient_clip_val': 0.20255759748056146, 'hidden_size': 20, 'dropout': 0.17481205019837337, 'hidden_continuous_size': 11, 'attention_head_size': 1, 'learning_rate': 0.002914170394924032}. Best is trial 7 with value: 3.543388605117798.
LOCAL_RANK: 0 - CUDA_VISIBLE_DEVICES: [0]
[I 2023-11-30 14:05:40,096] Trial 9 finished with value: 4.465442657470703 and parameters: {'gradient_clip_val': 0.6177357117367985, 'hidden_size': 54, 'dropout': 0.38356684963636134, 'hidden_continuous_size': 54, 'attention_head_size': 1, 'learning_rate': 0.060512459141826784}. Best is trial 7 with value: 3.543388605117798.
LOCAL_RANK: 0 - CUDA_VISIBLE_DEVICES: [0]
[I 2023-11-30 14:05:54,856] Trial 10 finished with value: 3.1953532695770264 and parameters: {'gradient_clip_val': 0.9863236050847994, 'hidden_size': 122, 'dropout': 0.2859940326283433, 'hidden_continuous_size': 113, 'attention_head_size': 3, 'learning_rate': 0.025051418535938338}. Best is trial 10 with value: 3.1953532695770264.
LOCAL_RANK: 0 - CUDA_VISIBLE_DEVICES: [0]
[I 2023-11-30 14:06:09,574] Trial 11 finished with value: 3.6027719974517822 and parameters: {'gradient_clip_val': 0.9978962714868586, 'hidden_size': 130, 'dropout': 0.2823947628748594, 'hidden_continuous_size': 117, 'attention_head_size': 3, 'learning_rate': 0.02146778190795021}. Best is trial 10 with value: 3.1953532695770264.
LOCAL_RANK: 0 - CUDA_VISIBLE_DEVICES: [0]
[I 2023-11-30 14:06:23,543] Trial 12 finished with value: 5.441671371459961 and parameters: {'gradient_clip_val': 0.4389996955247871, 'hidden_size': 84, 'dropout': 0.28413972885647465, 'hidden_continuous_size': 33, 'attention_head_size': 3, 'learning_rate': 0.0010530020180817628}. Best is trial 10 with value: 3.1953532695770264.
LOCAL_RANK: 0 - CUDA_VISIBLE_DEVICES: [0]
[I 2023-11-30 14:06:38,462] Trial 13 finished with value: 4.276054859161377 and parameters: {'gradient_clip_val': 0.9928989826850928, 'hidden_size': 144, 'dropout': 0.25347680416423335, 'hidden_continuous_size': 139, 'attention_head_size': 2, 'learning_rate': 0.04862378723319571}. Best is trial 10 with value: 3.1953532695770264.
LOCAL_RANK: 0 - CUDA_VISIBLE_DEVICES: [0]
[I 2023-11-30 14:06:52,061] Trial 14 finished with value: 3.5216245651245117 and parameters: {'gradient_clip_val': 0.7088424904825009, 'hidden_size': 66, 'dropout': 0.2957341700056985, 'hidden_continuous_size': 30, 'attention_head_size': 4, 'learning_rate': 0.009991851739044164}. Best is trial 10 with value: 3.1953532695770264.
LOCAL_RANK: 0 - CUDA_VISIBLE_DEVICES: [0]
[I 2023-11-30 14:07:06,134] Trial 15 finished with value: 3.0884952545166016 and parameters: {'gradient_clip_val': 0.7202618530077978, 'hidden_size': 93, 'dropout': 0.22777780007996928, 'hidden_continuous_size': 43, 'attention_head_size': 3, 'learning_rate': 0.035298703229733434}. Best is trial 15 with value: 3.0884952545166016.
LOCAL_RANK: 0 - CUDA_VISIBLE_DEVICES: [0]
[I 2023-11-30 14:07:20,483] Trial 16 finished with value: 3.1263980865478516 and parameters: {'gradient_clip_val': 0.7551601173283419, 'hidden_size': 105, 'dropout': 0.22168812966771842, 'hidden_continuous_size': 69, 'attention_head_size': 2, 'learning_rate': 0.08764753983457758}. Best is trial 15 with value: 3.0884952545166016.
LOCAL_RANK: 0 - CUDA_VISIBLE_DEVICES: [0]
[I 2023-11-30 14:07:34,828] Trial 17 finished with value: 4.024393558502197 and parameters: {'gradient_clip_val': 0.4087216513056037, 'hidden_size': 103, 'dropout': 0.2147782441226568, 'hidden_continuous_size': 56, 'attention_head_size': 2, 'learning_rate': 0.09451897775028996}. Best is trial 15 with value: 3.0884952545166016.
LOCAL_RANK: 0 - CUDA_VISIBLE_DEVICES: [0]
[I 2023-11-30 14:07:48,791] Trial 18 finished with value: 3.3630855083465576 and parameters: {'gradient_clip_val': 0.7855377875524304, 'hidden_size': 91, 'dropout': 0.22715014130256667, 'hidden_continuous_size': 44, 'attention_head_size': 2, 'learning_rate': 0.04204290126464916}. Best is trial 15 with value: 3.0884952545166016.
LOCAL_RANK: 0 - CUDA_VISIBLE_DEVICES: [0]
[I 2023-11-30 14:08:02,397] Trial 19 finished with value: 4.289943218231201 and parameters: {'gradient_clip_val': 0.7452959490052665, 'hidden_size': 55, 'dropout': 0.17686599404967812, 'hidden_continuous_size': 42, 'attention_head_size': 2, 'learning_rate': 0.09451160014459647}. Best is trial 15 with value: 3.0884952545166016.
LOCAL_RANK: 0 - CUDA_VISIBLE_DEVICES: [0]
[I 2023-11-30 14:08:16,938] Trial 20 finished with value: 3.370529890060425 and parameters: {'gradient_clip_val': 0.3790955430583522, 'hidden_size': 111, 'dropout': 0.24138458094188725, 'hidden_continuous_size': 75, 'attention_head_size': 3, 'learning_rate': 0.03181084130688106}. Best is trial 15 with value: 3.0884952545166016.
LOCAL_RANK: 0 - CUDA_VISIBLE_DEVICES: [0]
[I 2023-11-30 14:08:31,369] Trial 21 finished with value: 4.482746601104736 and parameters: {'gradient_clip_val': 0.8463714745015728, 'hidden_size': 128, 'dropout': 0.25302873760806777, 'hidden_continuous_size': 87, 'attention_head_size': 3, 'learning_rate': 0.030985498700924197}. Best is trial 15 with value: 3.0884952545166016.
LOCAL_RANK: 0 - CUDA_VISIBLE_DEVICES: [0]
[I 2023-11-30 14:08:46,314] Trial 22 finished with value: 3.6650640964508057 and parameters: {'gradient_clip_val': 0.604263239530365, 'hidden_size': 147, 'dropout': 0.19947848824441106, 'hidden_continuous_size': 84, 'attention_head_size': 3, 'learning_rate': 0.07024979970364212}. Best is trial 15 with value: 3.0884952545166016.
LOCAL_RANK: 0 - CUDA_VISIBLE_DEVICES: [0]
[I 2023-11-30 14:09:00,475] Trial 23 finished with value: 3.478692054748535 and parameters: {'gradient_clip_val': 0.8522486100097832, 'hidden_size': 85, 'dropout': 0.2534566014829268, 'hidden_continuous_size': 59, 'attention_head_size': 3, 'learning_rate': 0.05833049301979912}. Best is trial 15 with value: 3.0884952545166016.
LOCAL_RANK: 0 - CUDA_VISIBLE_DEVICES: [0]
[I 2023-11-30 14:09:14,758] Trial 24 finished with value: 4.697908401489258 and parameters: {'gradient_clip_val': 0.6713895844792086, 'hidden_size': 112, 'dropout': 0.23213910131048474, 'hidden_continuous_size': 72, 'attention_head_size': 2, 'learning_rate': 0.043101332807076426}. Best is trial 15 with value: 3.0884952545166016.
LOCAL_RANK: 0 - CUDA_VISIBLE_DEVICES: [0]
[I 2023-11-30 14:09:29,000] Trial 25 finished with value: 3.8432788848876953 and parameters: {'gradient_clip_val': 0.5270532866056397, 'hidden_size': 99, 'dropout': 0.27407170478265414, 'hidden_continuous_size': 64, 'attention_head_size': 3, 'learning_rate': 0.02971764728933061}. Best is trial 15 with value: 3.0884952545166016.
LOCAL_RANK: 0 - CUDA_VISIBLE_DEVICES: [0]
[I 2023-11-30 14:09:42,715] Trial 26 finished with value: 3.750436782836914 and parameters: {'gradient_clip_val': 0.6445037685459594, 'hidden_size': 76, 'dropout': 0.1928355319269357, 'hidden_continuous_size': 47, 'attention_head_size': 2, 'learning_rate': 0.07118872939266556}. Best is trial 15 with value: 3.0884952545166016.
LOCAL_RANK: 0 - CUDA_VISIBLE_DEVICES: [0]
[I 2023-11-30 14:09:57,455] Trial 27 finished with value: 3.1910736560821533 and parameters: {'gradient_clip_val': 0.8233883918388184, 'hidden_size': 118, 'dropout': 0.3003052663859932, 'hidden_continuous_size': 97, 'attention_head_size': 3, 'learning_rate': 0.021230538856204507}. Best is trial 15 with value: 3.0884952545166016.
LOCAL_RANK: 0 - CUDA_VISIBLE_DEVICES: [0]
[I 2023-11-30 14:10:10,792] Trial 28 finished with value: 3.382826566696167 and parameters: {'gradient_clip_val': 0.51940514449351, 'hidden_size': 47, 'dropout': 0.2218292013885285, 'hidden_continuous_size': 36, 'attention_head_size': 2, 'learning_rate': 0.018160835913904213}. Best is trial 15 with value: 3.0884952545166016.
LOCAL_RANK: 0 - CUDA_VISIBLE_DEVICES: [0]
[I 2023-11-30 14:10:24,941] Trial 29 finished with value: 4.48176383972168 and parameters: {'gradient_clip_val': 0.376000865302382, 'hidden_size': 99, 'dropout': 0.20536564541718505, 'hidden_continuous_size': 49, 'attention_head_size': 4, 'learning_rate': 0.03773427830965124}. Best is trial 15 with value: 3.0884952545166016.
LOCAL_RANK: 0 - CUDA_VISIBLE_DEVICES: [0]
[I 2023-11-30 14:10:38,857] Trial 30 finished with value: 3.6789627075195312 and parameters: {'gradient_clip_val': 0.7586112584806239, 'hidden_size': 73, 'dropout': 0.30790534086964716, 'hidden_continuous_size': 40, 'attention_head_size': 3, 'learning_rate': 0.016517449753978525}. Best is trial 15 with value: 3.0884952545166016.
LOCAL_RANK: 0 - CUDA_VISIBLE_DEVICES: [0]
[I 2023-11-30 14:10:53,404] Trial 31 finished with value: 3.37817120552063 and parameters: {'gradient_clip_val': 0.9222722123529162, 'hidden_size': 117, 'dropout': 0.2666808417776114, 'hidden_continuous_size': 97, 'attention_head_size': 3, 'learning_rate': 0.024714119777841385}. Best is trial 15 with value: 3.0884952545166016.
LOCAL_RANK: 0 - CUDA_VISIBLE_DEVICES: [0]
[I 2023-11-30 14:11:08,424] Trial 32 finished with value: 3.6540520191192627 and parameters: {'gradient_clip_val': 0.8568690913039719, 'hidden_size': 148, 'dropout': 0.30863257748725875, 'hidden_continuous_size': 106, 'attention_head_size': 3, 'learning_rate': 0.02821947210717517}. Best is trial 15 with value: 3.0884952545166016.
LOCAL_RANK: 0 - CUDA_VISIBLE_DEVICES: [0]
[I 2023-11-30 14:11:23,002] Trial 33 finished with value: 4.378976345062256 and parameters: {'gradient_clip_val': 0.7248961119052578, 'hidden_size': 121, 'dropout': 0.26572060484390775, 'hidden_continuous_size': 69, 'attention_head_size': 3, 'learning_rate': 0.015144603729826248}. Best is trial 15 with value: 3.0884952545166016.
LOCAL_RANK: 0 - CUDA_VISIBLE_DEVICES: [0]
[I 2023-11-30 14:11:37,449] Trial 34 finished with value: 3.1141140460968018 and parameters: {'gradient_clip_val': 0.8838137716236782, 'hidden_size': 91, 'dropout': 0.23812939093491445, 'hidden_continuous_size': 65, 'attention_head_size': 4, 'learning_rate': 0.023655850081973708}. Best is trial 15 with value: 3.0884952545166016.
LOCAL_RANK: 0 - CUDA_VISIBLE_DEVICES: [0]
[I 2023-11-30 14:11:52,194] Trial 35 finished with value: 3.891169309616089 and parameters: {'gradient_clip_val': 0.5941384632990495, 'hidden_size': 96, 'dropout': 0.235260420754566, 'hidden_continuous_size': 65, 'attention_head_size': 4, 'learning_rate': 0.03694972611671851}. Best is trial 15 with value: 3.0884952545166016.
LOCAL_RANK: 0 - CUDA_VISIBLE_DEVICES: [0]
[I 2023-11-30 14:12:07,862] Trial 36 finished with value: 4.173943996429443 and parameters: {'gradient_clip_val': 0.8495379560760752, 'hidden_size': 83, 'dropout': 0.2154738923483468, 'hidden_continuous_size': 60, 'attention_head_size': 4, 'learning_rate': 0.022438615180857213}. Best is trial 15 with value: 3.0884952545166016.
LOCAL_RANK: 0 - CUDA_VISIBLE_DEVICES: [0]
[I 2023-11-30 14:12:23,727] Trial 37 finished with value: 3.8906352519989014 and parameters: {'gradient_clip_val': 0.6949659813523003, 'hidden_size': 103, 'dropout': 0.23140193588739005, 'hidden_continuous_size': 74, 'attention_head_size': 4, 'learning_rate': 0.013599317407210527}. Best is trial 15 with value: 3.0884952545166016.
LOCAL_RANK: 0 - CUDA_VISIBLE_DEVICES: [0]
[I 2023-11-30 14:12:38,664] Trial 38 finished with value: 3.425957679748535 and parameters: {'gradient_clip_val': 0.7856071194226606, 'hidden_size': 71, 'dropout': 0.2481137170576533, 'hidden_continuous_size': 54, 'attention_head_size': 4, 'learning_rate': 0.020524392944159187}. Best is trial 15 with value: 3.0884952545166016.
LOCAL_RANK: 0 - CUDA_VISIBLE_DEVICES: [0]
[I 2023-11-30 14:12:53,597] Trial 39 finished with value: 4.505503177642822 and parameters: {'gradient_clip_val': 0.5933445934001355, 'hidden_size': 88, 'dropout': 0.15501758763977305, 'hidden_continuous_size': 51, 'attention_head_size': 1, 'learning_rate': 0.04658891141442131}. Best is trial 15 with value: 3.0884952545166016.
LOCAL_RANK: 0 - CUDA_VISIBLE_DEVICES: [0]
[I 2023-11-30 14:13:08,172] Trial 40 finished with value: 3.5022971630096436 and parameters: {'gradient_clip_val': 0.48384510301426287, 'hidden_size': 61, 'dropout': 0.18904162953113762, 'hidden_continuous_size': 51, 'attention_head_size': 2, 'learning_rate': 0.017718148541669147}. Best is trial 15 with value: 3.0884952545166016.
LOCAL_RANK: 0 - CUDA_VISIBLE_DEVICES: [0]
[I 2023-11-30 14:13:23,613] Trial 41 finished with value: 3.5143802165985107 and parameters: {'gradient_clip_val': 0.9211953025332041, 'hidden_size': 125, 'dropout': 0.26517313012328425, 'hidden_continuous_size': 82, 'attention_head_size': 3, 'learning_rate': 0.025945236077151754}. Best is trial 15 with value: 3.0884952545166016.
LOCAL_RANK: 0 - CUDA_VISIBLE_DEVICES: [0]
[I 2023-11-30 14:13:39,343] Trial 42 finished with value: 3.3465206623077393 and parameters: {'gradient_clip_val': 0.9738285430494987, 'hidden_size': 112, 'dropout': 0.32371338042770703, 'hidden_continuous_size': 89, 'attention_head_size': 3, 'learning_rate': 0.03351666282101595}. Best is trial 15 with value: 3.0884952545166016.
LOCAL_RANK: 0 - CUDA_VISIBLE_DEVICES: [0]
