[I 2023-11-30 01:58:47,549] Trial 71 finished with value: 10.037501335144043 and parameters: {'gradient_clip_val': 0.6728882890517934, 'hidden_size': 16, 'dropout': 0.2834528083660162, 'hidden_continuous_size': 13, 'attention_head_size': 3, 'learning_rate': 0.09049589928643006}. Best is trial 71 with value: 10.037501335144043.
LOCAL_RANK: 0 - CUDA_VISIBLE_DEVICES: [0]
[I 2023-11-30 01:59:00,121] Trial 72 finished with value: 9.981943130493164 and parameters: {'gradient_clip_val': 0.6673111093321077, 'hidden_size': 22, 'dropout': 0.27915764154660394, 'hidden_continuous_size': 14, 'attention_head_size': 3, 'learning_rate': 0.08777649116526429}. Best is trial 72 with value: 9.981943130493164.
LOCAL_RANK: 0 - CUDA_VISIBLE_DEVICES: [0]
[I 2023-11-30 01:59:12,627] Trial 73 finished with value: 10.552911758422852 and parameters: {'gradient_clip_val': 0.84224093608696, 'hidden_size': 23, 'dropout': 0.28508362074043503, 'hidden_continuous_size': 15, 'attention_head_size': 3, 'learning_rate': 0.0878512579786341}. Best is trial 72 with value: 9.981943130493164.
LOCAL_RANK: 0 - CUDA_VISIBLE_DEVICES: [0]
[I 2023-11-30 01:59:25,065] Trial 74 finished with value: 12.594974517822266 and parameters: {'gradient_clip_val': 0.9081512020370981, 'hidden_size': 25, 'dropout': 0.28124567731261124, 'hidden_continuous_size': 15, 'attention_head_size': 3, 'learning_rate': 0.0997339371020437}. Best is trial 72 with value: 9.981943130493164.
LOCAL_RANK: 0 - CUDA_VISIBLE_DEVICES: [0]
[I 2023-11-30 01:59:37,386] Trial 75 finished with value: 11.33298397064209 and parameters: {'gradient_clip_val': 0.8486524671992851, 'hidden_size': 23, 'dropout': 0.29725706856658646, 'hidden_continuous_size': 15, 'attention_head_size': 3, 'learning_rate': 0.08969554856556572}. Best is trial 72 with value: 9.981943130493164.
LOCAL_RANK: 0 - CUDA_VISIBLE_DEVICES: [0]
[I 2023-11-30 01:59:50,054] Trial 76 finished with value: 10.904143333435059 and parameters: {'gradient_clip_val': 0.992791526615014, 'hidden_size': 29, 'dropout': 0.2901486292824755, 'hidden_continuous_size': 16, 'attention_head_size': 3, 'learning_rate': 0.08491214000693337}. Best is trial 72 with value: 9.981943130493164.
LOCAL_RANK: 0 - CUDA_VISIBLE_DEVICES: [0]
[I 2023-11-30 02:00:02,504] Trial 77 finished with value: 11.184748649597168 and parameters: {'gradient_clip_val': 0.753561743524804, 'hidden_size': 22, 'dropout': 0.3072424998303443, 'hidden_continuous_size': 14, 'attention_head_size': 3, 'learning_rate': 0.055247327501285554}. Best is trial 72 with value: 9.981943130493164.
LOCAL_RANK: 0 - CUDA_VISIBLE_DEVICES: [0]
[I 2023-11-30 02:00:14,708] Trial 78 finished with value: 11.4509859085083 and parameters: {'gradient_clip_val': 0.7943436789213209, 'hidden_size': 20, 'dropout': 0.27657773593202833, 'hidden_continuous_size': 14, 'attention_head_size': 3, 'learning_rate': 0.06354980673525235}. Best is trial 72 with value: 9.981943130493164.
LOCAL_RANK: 0 - CUDA_VISIBLE_DEVICES: [0]
[I 2023-11-30 02:00:26,975] Trial 79 finished with value: 10.822013854980469 and parameters: {'gradient_clip_val': 0.6839009079490924, 'hidden_size': 19, 'dropout': 0.2852734248155735, 'hidden_continuous_size': 15, 'attention_head_size': 3, 'learning_rate': 0.08831876733228546}. Best is trial 72 with value: 9.981943130493164.
LOCAL_RANK: 0 - CUDA_VISIBLE_DEVICES: [0]
[I 2023-11-30 02:00:39,628] Trial 80 finished with value: 11.013863563537598 and parameters: {'gradient_clip_val': 0.8419626205512565, 'hidden_size': 26, 'dropout': 0.32270712480272845, 'hidden_continuous_size': 17, 'attention_head_size': 3, 'learning_rate': 0.04751853301887823}. Best is trial 72 with value: 9.981943130493164.
LOCAL_RANK: 0 - CUDA_VISIBLE_DEVICES: [0]
[I 2023-11-30 02:00:52,016] Trial 81 finished with value: 10.024704933166504 and parameters: {'gradient_clip_val': 0.6585283041094873, 'hidden_size': 17, 'dropout': 0.2721577125746844, 'hidden_continuous_size': 14, 'attention_head_size': 3, 'learning_rate': 0.0751363418075609}. Best is trial 72 with value: 9.981943130493164.
LOCAL_RANK: 0 - CUDA_VISIBLE_DEVICES: [0]
[I 2023-11-30 02:01:04,469] Trial 82 finished with value: 10.762852668762207 and parameters: {'gradient_clip_val': 0.7626064323057232, 'hidden_size': 19, 'dropout': 0.2676979034841178, 'hidden_continuous_size': 14, 'attention_head_size': 3, 'learning_rate': 0.07476274998319912}. Best is trial 72 with value: 9.981943130493164.
LOCAL_RANK: 0 - CUDA_VISIBLE_DEVICES: [0]
[I 2023-11-30 02:01:16,719] Trial 83 finished with value: 10.953839302062988 and parameters: {'gradient_clip_val': 0.6475129283213119, 'hidden_size': 17, 'dropout': 0.2778490579339793, 'hidden_continuous_size': 14, 'attention_head_size': 3, 'learning_rate': 0.06219406679584532}. Best is trial 72 with value: 9.981943130493164.
LOCAL_RANK: 0 - CUDA_VISIBLE_DEVICES: [0]
[I 2023-11-30 02:01:29,262] Trial 84 finished with value: 12.562850952148438 and parameters: {'gradient_clip_val': 0.6978389242070733, 'hidden_size': 18, 'dropout': 0.2873911837918624, 'hidden_continuous_size': 14, 'attention_head_size': 3, 'learning_rate': 0.09980390422740751}. Best is trial 72 with value: 9.981943130493164.
LOCAL_RANK: 0 - CUDA_VISIBLE_DEVICES: [0]
[I 2023-11-30 02:01:41,605] Trial 85 finished with value: 11.418108940124512 and parameters: {'gradient_clip_val': 0.7965227771433357, 'hidden_size': 23, 'dropout': 0.2740636401328425, 'hidden_continuous_size': 15, 'attention_head_size': 3, 'learning_rate': 0.08127732664419585}. Best is trial 72 with value: 9.981943130493164.
LOCAL_RANK: 0 - CUDA_VISIBLE_DEVICES: [0]
[I 2023-11-30 02:01:53,871] Trial 86 finished with value: 11.125778198242188 and parameters: {'gradient_clip_val': 0.6142735364345755, 'hidden_size': 17, 'dropout': 0.30213549229188225, 'hidden_continuous_size': 13, 'attention_head_size': 3, 'learning_rate': 0.0705565092305442}. Best is trial 72 with value: 9.981943130493164.
LOCAL_RANK: 0 - CUDA_VISIBLE_DEVICES: [0]
[I 2023-11-30 02:02:06,498] Trial 87 finished with value: 11.059529304504395 and parameters: {'gradient_clip_val': 0.901047588490617, 'hidden_size': 21, 'dropout': 0.293936752333252, 'hidden_continuous_size': 15, 'attention_head_size': 3, 'learning_rate': 0.042503659086074404}. Best is trial 72 with value: 9.981943130493164.
LOCAL_RANK: 0 - CUDA_VISIBLE_DEVICES: [0]
[I 2023-11-30 02:02:18,792] Trial 88 finished with value: 11.120011329650879 and parameters: {'gradient_clip_val': 0.7298246683350563, 'hidden_size': 13, 'dropout': 0.2841354528665689, 'hidden_continuous_size': 12, 'attention_head_size': 3, 'learning_rate': 0.05637052809376178}. Best is trial 72 with value: 9.981943130493164.
LOCAL_RANK: 0 - CUDA_VISIBLE_DEVICES: [0]
[I 2023-11-30 02:02:31,228] Trial 89 finished with value: 10.901371955871582 and parameters: {'gradient_clip_val': 0.6524696084472862, 'hidden_size': 15, 'dropout': 0.2663680249412242, 'hidden_continuous_size': 14, 'attention_head_size': 3, 'learning_rate': 0.05153725690812115}. Best is trial 72 with value: 9.981943130493164.
LOCAL_RANK: 0 - CUDA_VISIBLE_DEVICES: [0]
[I 2023-11-30 02:02:43,922] Trial 90 finished with value: 10.802531242370605 and parameters: {'gradient_clip_val': 0.5680206758020468, 'hidden_size': 29, 'dropout': 0.25888539835103364, 'hidden_continuous_size': 16, 'attention_head_size': 3, 'learning_rate': 0.0650803850033155}. Best is trial 72 with value: 9.981943130493164.
LOCAL_RANK: 0 - CUDA_VISIBLE_DEVICES: [0]
[I 2023-11-30 02:02:56,152] Trial 91 finished with value: 12.711281776428223 and parameters: {'gradient_clip_val': 0.6692855060396006, 'hidden_size': 21, 'dropout': 0.1691218418682078, 'hidden_continuous_size': 11, 'attention_head_size': 2, 'learning_rate': 0.07780671242102308}. Best is trial 72 with value: 9.981943130493164.
LOCAL_RANK: 0 - CUDA_VISIBLE_DEVICES: [0]
[I 2023-11-30 02:03:08,716] Trial 92 finished with value: 11.452105522155762 and parameters: {'gradient_clip_val': 0.6974857172542414, 'hidden_size': 18, 'dropout': 0.31391920350579067, 'hidden_continuous_size': 13, 'attention_head_size': 2, 'learning_rate': 0.08826023142521916}. Best is trial 72 with value: 9.981943130493164.
LOCAL_RANK: 0 - CUDA_VISIBLE_DEVICES: [0]
[I 2023-11-30 02:03:20,829] Trial 93 finished with value: 11.14671802520752 and parameters: {'gradient_clip_val': 0.6197749572474232, 'hidden_size': 20, 'dropout': 0.2958543860969955, 'hidden_continuous_size': 14, 'attention_head_size': 2, 'learning_rate': 0.07066756521725048}. Best is trial 72 with value: 9.981943130493164.
LOCAL_RANK: 0 - CUDA_VISIBLE_DEVICES: [0]
[I 2023-11-30 02:03:33,092] Trial 94 finished with value: 11.269062995910645 and parameters: {'gradient_clip_val': 0.5151668749176408, 'hidden_size': 16, 'dropout': 0.1443500948385535, 'hidden_continuous_size': 11, 'attention_head_size': 3, 'learning_rate': 0.03315320431286929}. Best is trial 72 with value: 9.981943130493164.
LOCAL_RANK: 0 - CUDA_VISIBLE_DEVICES: [0]
[I 2023-11-30 02:03:45,545] Trial 95 finished with value: 10.088669776916504 and parameters: {'gradient_clip_val': 0.8280268887740683, 'hidden_size': 22, 'dropout': 0.27191285961069284, 'hidden_continuous_size': 13, 'attention_head_size': 3, 'learning_rate': 0.04970147905006116}. Best is trial 72 with value: 9.981943130493164.
LOCAL_RANK: 0 - CUDA_VISIBLE_DEVICES: [0]
[I 2023-11-30 02:03:57,744] Trial 96 finished with value: 11.382511138916016 and parameters: {'gradient_clip_val': 0.8376785827479428, 'hidden_size': 24, 'dropout': 0.2774785599979002, 'hidden_continuous_size': 13, 'attention_head_size': 3, 'learning_rate': 0.06023433159596954}. Best is trial 72 with value: 9.981943130493164.
LOCAL_RANK: 0 - CUDA_VISIBLE_DEVICES: [0]
[I 2023-11-30 02:04:10,196] Trial 97 finished with value: 10.969408988952637 and parameters: {'gradient_clip_val': 0.946135157116305, 'hidden_size': 22, 'dropout': 0.2864975008226554, 'hidden_continuous_size': 13, 'attention_head_size': 3, 'learning_rate': 0.05062629228253771}. Best is trial 72 with value: 9.981943130493164.
LOCAL_RANK: 0 - CUDA_VISIBLE_DEVICES: [0]
[I 2023-11-30 02:04:22,665] Trial 98 finished with value: 10.293133735656738 and parameters: {'gradient_clip_val': 0.7706758045055425, 'hidden_size': 17, 'dropout': 0.27469155384179156, 'hidden_continuous_size': 14, 'attention_head_size': 3, 'learning_rate': 0.09179888390443622}. Best is trial 72 with value: 9.981943130493164.
LOCAL_RANK: 0 - CUDA_VISIBLE_DEVICES: [0]
[I 2023-11-30 02:04:35,241] Trial 99 finished with value: 11.832415580749512 and parameters: {'gradient_clip_val': 0.8295531245263653, 'hidden_size': 26, 'dropout': 0.2641609358001954, 'hidden_continuous_size': 15, 'attention_head_size': 3, 'learning_rate': 0.08998687665144124}. Best is trial 72 with value: 9.981943130493164.
LOCAL_RANK: 0 - CUDA_VISIBLE_DEVICES: [0]
[I 2023-11-30 02:04:47,733] Trial 100 finished with value: 12.332551002502441 and parameters: {'gradient_clip_val': 0.7778480213146471, 'hidden_size': 19, 'dropout': 0.27001567258026127, 'hidden_continuous_size': 14, 'attention_head_size': 3, 'learning_rate': 0.0787648946527384}. Best is trial 72 with value: 9.981943130493164.
LOCAL_RANK: 0 - CUDA_VISIBLE_DEVICES: [0]
[I 2023-11-30 02:04:59,993] Trial 101 finished with value: 11.400611877441406 and parameters: {'gradient_clip_val': 0.7412723375173977, 'hidden_size': 17, 'dropout': 0.29114713506927736, 'hidden_continuous_size': 14, 'attention_head_size': 3, 'learning_rate': 0.06508250073625342}. Best is trial 72 with value: 9.981943130493164.
LOCAL_RANK: 0 - CUDA_VISIBLE_DEVICES: [0]
[I 2023-11-30 02:05:12,497] Trial 102 finished with value: 10.99581527709961 and parameters: {'gradient_clip_val': 0.8837213431183397, 'hidden_size': 15, 'dropout': 0.2806467115833136, 'hidden_continuous_size': 13, 'attention_head_size': 3, 'learning_rate': 0.07279019553179424}. Best is trial 72 with value: 9.981943130493164.
LOCAL_RANK: 0 - CUDA_VISIBLE_DEVICES: [0]
[I 2023-11-30 02:05:24,692] Trial 103 finished with value: 12.498031616210938 and parameters: {'gradient_clip_val': 0.7294589708790692, 'hidden_size': 16, 'dropout': 0.27299902943588183, 'hidden_continuous_size': 14, 'attention_head_size': 3, 'learning_rate': 0.0793996162689125}. Best is trial 72 with value: 9.981943130493164.
LOCAL_RANK: 0 - CUDA_VISIBLE_DEVICES: [0]
[I 2023-11-30 02:05:37,073] Trial 104 finished with value: 11.902107238769531 and parameters: {'gradient_clip_val': 0.8015773393381178, 'hidden_size': 18, 'dropout': 0.25428681138558723, 'hidden_continuous_size': 13, 'attention_head_size': 3, 'learning_rate': 0.09106759031640967}. Best is trial 72 with value: 9.981943130493164.
LOCAL_RANK: 0 - CUDA_VISIBLE_DEVICES: [0]
[I 2023-11-30 02:05:49,348] Trial 105 finished with value: 12.443293571472168 and parameters: {'gradient_clip_val': 0.5999215332143909, 'hidden_size': 20, 'dropout': 0.26306329319091304, 'hidden_continuous_size': 15, 'attention_head_size': 3, 'learning_rate': 0.04506113010490093}. Best is trial 72 with value: 9.981943130493164.
LOCAL_RANK: 0 - CUDA_VISIBLE_DEVICES: [0]
[I 2023-11-30 02:06:01,683] Trial 106 finished with value: 11.639373779296875 and parameters: {'gradient_clip_val': 0.6846785379172187, 'hidden_size': 14, 'dropout': 0.3053942475133773, 'hidden_continuous_size': 12, 'attention_head_size': 3, 'learning_rate': 0.05874603157415114}. Best is trial 72 with value: 9.981943130493164.
LOCAL_RANK: 0 - CUDA_VISIBLE_DEVICES: [0]
[I 2023-11-30 02:06:14,272] Trial 107 finished with value: 10.858393669128418 and parameters: {'gradient_clip_val': 0.6476683017392204, 'hidden_size': 23, 'dropout': 0.29775021035161026, 'hidden_continuous_size': 14, 'attention_head_size': 3, 'learning_rate': 0.06893233745692612}. Best is trial 72 with value: 9.981943130493164.
LOCAL_RANK: 0 - CUDA_VISIBLE_DEVICES: [0]
[I 2023-11-30 02:06:26,655] Trial 108 finished with value: 10.890530586242676 and parameters: {'gradient_clip_val': 0.7732152788859402, 'hidden_size': 17, 'dropout': 0.2899938460929317, 'hidden_continuous_size': 13, 'attention_head_size': 3, 'learning_rate': 0.055383858327439923}. Best is trial 72 with value: 9.981943130493164.
LOCAL_RANK: 0 - CUDA_VISIBLE_DEVICES: [0]
[I 2023-11-30 02:06:38,952] Trial 109 finished with value: 12.116656303405762 and parameters: {'gradient_clip_val': 0.9244731935447252, 'hidden_size': 19, 'dropout': 0.2800113073434298, 'hidden_continuous_size': 14, 'attention_head_size': 3, 'learning_rate': 0.09699006850549413}. Best is trial 72 with value: 9.981943130493164.
LOCAL_RANK: 0 - CUDA_VISIBLE_DEVICES: [0]
[I 2023-11-30 02:06:51,423] Trial 110 finished with value: 11.181621551513672 and parameters: {'gradient_clip_val': 0.718338529689466, 'hidden_size': 22, 'dropout': 0.2726033719149123, 'hidden_continuous_size': 12, 'attention_head_size': 3, 'learning_rate': 0.08316093710499724}. Best is trial 72 with value: 9.981943130493164.
LOCAL_RANK: 0 - CUDA_VISIBLE_DEVICES: [0]
[I 2023-11-30 02:07:03,739] Trial 111 finished with value: 11.328731536865234 and parameters: {'gradient_clip_val': 0.657235296182748, 'hidden_size': 21, 'dropout': 0.2489147487876101, 'hidden_continuous_size': 13, 'attention_head_size': 2, 'learning_rate': 0.03853794553496388}. Best is trial 72 with value: 9.981943130493164.
LOCAL_RANK: 0 - CUDA_VISIBLE_DEVICES: [0]
[I 2023-11-30 02:07:16,323] Trial 112 finished with value: 11.348980903625488 and parameters: {'gradient_clip_val': 0.5629557377892954, 'hidden_size': 24, 'dropout': 0.2573897531967733, 'hidden_continuous_size': 19, 'attention_head_size': 3, 'learning_rate': 0.05162410044528188}. Best is trial 72 with value: 9.981943130493164.
LOCAL_RANK: 0 - CUDA_VISIBLE_DEVICES: [0]
[I 2023-11-30 02:07:28,667] Trial 113 finished with value: 11.37072467803955 and parameters: {'gradient_clip_val': 0.6176171714854498, 'hidden_size': 21, 'dropout': 0.286766710007445, 'hidden_continuous_size': 15, 'attention_head_size': 2, 'learning_rate': 0.0629105103004076}. Best is trial 72 with value: 9.981943130493164.
LOCAL_RANK: 0 - CUDA_VISIBLE_DEVICES: [0]
[I 2023-11-30 02:07:41,329] Trial 114 finished with value: 11.186423301696777 and parameters: {'gradient_clip_val': 0.6849304990033828, 'hidden_size': 28, 'dropout': 0.2769096472278827, 'hidden_continuous_size': 16, 'attention_head_size': 4, 'learning_rate': 0.0735714148305669}. Best is trial 72 with value: 9.981943130493164.
LOCAL_RANK: 0 - CUDA_VISIBLE_DEVICES: [0]
[I 2023-11-30 02:07:53,977] Trial 115 finished with value: 12.448555946350098 and parameters: {'gradient_clip_val': 0.7477514979738602, 'hidden_size': 31, 'dropout': 0.15932939157667486, 'hidden_continuous_size': 12, 'attention_head_size': 3, 'learning_rate': 0.0469745195692861}. Best is trial 72 with value: 9.981943130493164.
LOCAL_RANK: 0 - CUDA_VISIBLE_DEVICES: [0]
[I 2023-11-30 02:08:06,385] Trial 116 finished with value: 10.57494068145752 and parameters: {'gradient_clip_val': 0.8636506668440759, 'hidden_size': 18, 'dropout': 0.26528130674797257, 'hidden_continuous_size': 11, 'attention_head_size': 3, 'learning_rate': 0.06535026197566084}. Best is trial 72 with value: 9.981943130493164.
LOCAL_RANK: 0 - CUDA_VISIBLE_DEVICES: [0]
[I 2023-11-30 02:08:18,696] Trial 117 finished with value: 12.008366584777832 and parameters: {'gradient_clip_val': 0.8845851241852152, 'hidden_size': 16, 'dropout': 0.2663584602391409, 'hidden_continuous_size': 11, 'attention_head_size': 3, 'learning_rate': 0.06893432674541726}. Best is trial 72 with value: 9.981943130493164.
LOCAL_RANK: 0 - CUDA_VISIBLE_DEVICES: [0]
[I 2023-11-30 02:08:30,979] Trial 118 finished with value: 11.235748291015625 and parameters: {'gradient_clip_val': 0.8106554510941593, 'hidden_size': 17, 'dropout': 0.3018964771737464, 'hidden_continuous_size': 14, 'attention_head_size': 3, 'learning_rate': 0.09195081029801186}. Best is trial 72 with value: 9.981943130493164.
LOCAL_RANK: 0 - CUDA_VISIBLE_DEVICES: [0]
[I 2023-11-30 02:08:43,211] Trial 119 finished with value: 11.279903411865234 and parameters: {'gradient_clip_val': 0.9865849088320126, 'hidden_size': 18, 'dropout': 0.2499031718039544, 'hidden_continuous_size': 13, 'attention_head_size': 3, 'learning_rate': 0.059277318313651524}. Best is trial 72 with value: 9.981943130493164.
LOCAL_RANK: 0 - CUDA_VISIBLE_DEVICES: [0]
[I 2023-11-30 02:08:55,523] Trial 120 finished with value: 10.821917533874512 and parameters: {'gradient_clip_val': 0.8403584258911838, 'hidden_size': 15, 'dropout': 0.2570522902720454, 'hidden_continuous_size': 10, 'attention_head_size': 3, 'learning_rate': 0.08163920069927176}. Best is trial 72 with value: 9.981943130493164.
LOCAL_RANK: 0 - CUDA_VISIBLE_DEVICES: [0]
[I 2023-11-30 02:09:07,678] Trial 121 finished with value: 10.750419616699219 and parameters: {'gradient_clip_val': 0.7158758215278315, 'hidden_size': 20, 'dropout': 0.283641845591697, 'hidden_continuous_size': 11, 'attention_head_size': 3, 'learning_rate': 0.0421078529507318}. Best is trial 72 with value: 9.981943130493164.
LOCAL_RANK: 0 - CUDA_VISIBLE_DEVICES: [0]
[I 2023-11-30 02:09:19,974] Trial 122 finished with value: 13.486430168151855 and parameters: {'gradient_clip_val': 0.5968179328162596, 'hidden_size': 16, 'dropout': 0.2696434481684116, 'hidden_continuous_size': 11, 'attention_head_size': 4, 'learning_rate': 0.05284965805621516}. Best is trial 72 with value: 9.981943130493164.
LOCAL_RANK: 0 - CUDA_VISIBLE_DEVICES: [0]
[I 2023-11-30 02:09:32,418] Trial 123 finished with value: 12.3964204788208 and parameters: {'gradient_clip_val': 0.6372364361468432, 'hidden_size': 25, 'dropout': 0.12093181568090092, 'hidden_continuous_size': 12, 'attention_head_size': 3, 'learning_rate': 0.0677954376502226}. Best is trial 72 with value: 9.981943130493164.
LOCAL_RANK: 0 - CUDA_VISIBLE_DEVICES: [0]
[I 2023-11-30 02:09:44,746] Trial 124 finished with value: 11.427688598632812 and parameters: {'gradient_clip_val': 0.7781324889102199, 'hidden_size': 19, 'dropout': 0.2616244902031029, 'hidden_continuous_size': 10, 'attention_head_size': 3, 'learning_rate': 0.07633486986369668}. Best is trial 72 with value: 9.981943130493164.
LOCAL_RANK: 0 - CUDA_VISIBLE_DEVICES: [0]
[I 2023-11-30 02:09:56,951] Trial 125 finished with value: 11.643492698669434 and parameters: {'gradient_clip_val': 0.5372102850200913, 'hidden_size': 13, 'dropout': 0.29551796193397295, 'hidden_continuous_size': 11, 'attention_head_size': 1, 'learning_rate': 0.062329647503770444}. Best is trial 72 with value: 9.981943130493164.
LOCAL_RANK: 0 - CUDA_VISIBLE_DEVICES: [0]
[I 2023-11-30 02:10:09,487] Trial 126 finished with value: 12.267975807189941 and parameters: {'gradient_clip_val': 0.9353342036094016, 'hidden_size': 18, 'dropout': 0.27576438784856644, 'hidden_continuous_size': 14, 'attention_head_size': 4, 'learning_rate': 0.026546344340874953}. Best is trial 72 with value: 9.981943130493164.
LOCAL_RANK: 0 - CUDA_VISIBLE_DEVICES: [0]
[I 2023-11-30 02:10:21,839] Trial 127 finished with value: 10.726966857910156 and parameters: {'gradient_clip_val': 0.863225884957446, 'hidden_size': 23, 'dropout': 0.2900621420787799, 'hidden_continuous_size': 15, 'attention_head_size': 3, 'learning_rate': 0.0832528581949251}. Best is trial 72 with value: 9.981943130493164.
LOCAL_RANK: 0 - CUDA_VISIBLE_DEVICES: [0]
[I 2023-11-30 02:10:33,948] Trial 128 finished with value: 11.483184814453125 and parameters: {'gradient_clip_val': 0.6936641141914649, 'hidden_size': 20, 'dropout': 0.28105613560922954, 'hidden_continuous_size': 13, 'attention_head_size': 3, 'learning_rate': 0.04977200130482619}. Best is trial 72 with value: 9.981943130493164.
LOCAL_RANK: 0 - CUDA_VISIBLE_DEVICES: [0]
[I 2023-11-30 02:10:46,302] Trial 129 finished with value: 10.88951587677002 and parameters: {'gradient_clip_val': 0.6619616511698326, 'hidden_size': 14, 'dropout': 0.13912347479212633, 'hidden_continuous_size': 13, 'attention_head_size': 4, 'learning_rate': 0.09908708307542995}. Best is trial 72 with value: 9.981943130493164.
LOCAL_RANK: 0 - CUDA_VISIBLE_DEVICES: [0]
