[I 2023-11-30 15:12:03,959] Trial 127 finished with value: 5.907680988311768 and parameters: {'gradient_clip_val': 0.9003643568615165, 'hidden_size': 82, 'dropout': 0.23662499177744226, 'hidden_continuous_size': 75, 'attention_head_size': 1, 'learning_rate': 0.02112641291284979}. Best is trial 127 with value: 5.907680988311768.
LOCAL_RANK: 0 - CUDA_VISIBLE_DEVICES: [0]
[I 2023-11-30 15:12:17,787] Trial 128 finished with value: 6.029412746429443 and parameters: {'gradient_clip_val': 0.8751954322944597, 'hidden_size': 82, 'dropout': 0.2562747854227385, 'hidden_continuous_size': 64, 'attention_head_size': 1, 'learning_rate': 0.014464536931567485}. Best is trial 127 with value: 5.907680988311768.
LOCAL_RANK: 0 - CUDA_VISIBLE_DEVICES: [0]
[I 2023-11-30 15:12:31,766] Trial 129 finished with value: 7.313513278961182 and parameters: {'gradient_clip_val': 0.998847249673786, 'hidden_size': 82, 'dropout': 0.2520890389178775, 'hidden_continuous_size': 63, 'attention_head_size': 1, 'learning_rate': 0.012720383871851175}. Best is trial 127 with value: 5.907680988311768.
LOCAL_RANK: 0 - CUDA_VISIBLE_DEVICES: [0]
[I 2023-11-30 15:12:45,765] Trial 130 finished with value: 6.956401348114014 and parameters: {'gradient_clip_val': 0.878016040900155, 'hidden_size': 88, 'dropout': 0.2467243273241148, 'hidden_continuous_size': 68, 'attention_head_size': 1, 'learning_rate': 0.014233357570736965}. Best is trial 127 with value: 5.907680988311768.
LOCAL_RANK: 0 - CUDA_VISIBLE_DEVICES: [0]
[I 2023-11-30 15:12:59,934] Trial 131 finished with value: 6.215054988861084 and parameters: {'gradient_clip_val': 0.909251927279167, 'hidden_size': 95, 'dropout': 0.23883862301631886, 'hidden_continuous_size': 75, 'attention_head_size': 1, 'learning_rate': 0.01566079136622006}. Best is trial 127 with value: 5.907680988311768.
LOCAL_RANK: 0 - CUDA_VISIBLE_DEVICES: [0]
[I 2023-11-30 15:13:13,895] Trial 132 finished with value: 8.055956840515137 and parameters: {'gradient_clip_val': 0.9414099121222103, 'hidden_size': 76, 'dropout': 0.2562471765674444, 'hidden_continuous_size': 70, 'attention_head_size': 1, 'learning_rate': 0.01593652053025171}. Best is trial 127 with value: 5.907680988311768.
LOCAL_RANK: 0 - CUDA_VISIBLE_DEVICES: [0]
[I 2023-11-30 15:13:27,911] Trial 133 finished with value: 6.257508754730225 and parameters: {'gradient_clip_val': 0.9035153086713547, 'hidden_size': 91, 'dropout': 0.23728326337497824, 'hidden_continuous_size': 57, 'attention_head_size': 1, 'learning_rate': 0.018718071428757702}. Best is trial 127 with value: 5.907680988311768.
LOCAL_RANK: 0 - CUDA_VISIBLE_DEVICES: [0]
[I 2023-11-30 15:13:42,046] Trial 134 finished with value: 8.663617134094238 and parameters: {'gradient_clip_val': 0.8598996229534014, 'hidden_size': 85, 'dropout': 0.2375889362957169, 'hidden_continuous_size': 56, 'attention_head_size': 1, 'learning_rate': 0.01821585183033678}. Best is trial 127 with value: 5.907680988311768.
LOCAL_RANK: 0 - CUDA_VISIBLE_DEVICES: [0]
[I 2023-11-30 15:13:56,145] Trial 135 finished with value: 6.656656265258789 and parameters: {'gradient_clip_val': 0.8968183853123219, 'hidden_size': 79, 'dropout': 0.2606134255105002, 'hidden_continuous_size': 65, 'attention_head_size': 1, 'learning_rate': 0.015301782182928722}. Best is trial 127 with value: 5.907680988311768.
LOCAL_RANK: 0 - CUDA_VISIBLE_DEVICES: [0]
[I 2023-11-30 15:14:09,946] Trial 136 finished with value: 6.326033115386963 and parameters: {'gradient_clip_val': 0.8355833685704174, 'hidden_size': 92, 'dropout': 0.24725074223084964, 'hidden_continuous_size': 59, 'attention_head_size': 1, 'learning_rate': 0.019903609324446746}. Best is trial 127 with value: 5.907680988311768.
LOCAL_RANK: 0 - CUDA_VISIBLE_DEVICES: [0]
[I 2023-11-30 15:14:23,940] Trial 137 finished with value: 7.281623840332031 and parameters: {'gradient_clip_val': 0.700697801731416, 'hidden_size': 97, 'dropout': 0.23997603042147794, 'hidden_continuous_size': 62, 'attention_head_size': 1, 'learning_rate': 0.019634333688623554}. Best is trial 127 with value: 5.907680988311768.
LOCAL_RANK: 0 - CUDA_VISIBLE_DEVICES: [0]
[I 2023-11-30 15:14:37,763] Trial 138 finished with value: 8.04555606842041 and parameters: {'gradient_clip_val': 0.7448827085405466, 'hidden_size': 91, 'dropout': 0.24530660619553646, 'hidden_continuous_size': 58, 'attention_head_size': 1, 'learning_rate': 0.016891372063858448}. Best is trial 127 with value: 5.907680988311768.
LOCAL_RANK: 0 - CUDA_VISIBLE_DEVICES: [0]
[I 2023-11-30 15:14:51,966] Trial 139 finished with value: 7.40199613571167 and parameters: {'gradient_clip_val': 0.8359773589063045, 'hidden_size': 69, 'dropout': 0.23320588473484474, 'hidden_continuous_size': 65, 'attention_head_size': 1, 'learning_rate': 0.013503909700596615}. Best is trial 127 with value: 5.907680988311768.
LOCAL_RANK: 0 - CUDA_VISIBLE_DEVICES: [0]
[I 2023-11-30 15:15:06,733] Trial 140 finished with value: 6.573945999145508 and parameters: {'gradient_clip_val': 0.786905592909043, 'hidden_size': 84, 'dropout': 0.2633513120392603, 'hidden_continuous_size': 59, 'attention_head_size': 1, 'learning_rate': 0.021139873456288302}. Best is trial 127 with value: 5.907680988311768.
LOCAL_RANK: 0 - CUDA_VISIBLE_DEVICES: [0]
[I 2023-11-30 15:15:21,909] Trial 141 finished with value: 7.662365436553955 and parameters: {'gradient_clip_val': 0.9011730898631227, 'hidden_size': 90, 'dropout': 0.257116470533969, 'hidden_continuous_size': 75, 'attention_head_size': 1, 'learning_rate': 0.019543249079853414}. Best is trial 127 with value: 5.907680988311768.
LOCAL_RANK: 0 - CUDA_VISIBLE_DEVICES: [0]
[I 2023-11-30 15:15:37,176] Trial 142 finished with value: 6.6135101318359375 and parameters: {'gradient_clip_val': 0.9483466308295694, 'hidden_size': 96, 'dropout': 0.24476810228123927, 'hidden_continuous_size': 51, 'attention_head_size': 1, 'learning_rate': 0.018105415445432524}. Best is trial 127 with value: 5.907680988311768.
LOCAL_RANK: 0 - CUDA_VISIBLE_DEVICES: [0]
[I 2023-11-30 15:15:52,231] Trial 143 finished with value: 7.255508899688721 and parameters: {'gradient_clip_val': 0.855514437362937, 'hidden_size': 100, 'dropout': 0.24955475857140083, 'hidden_continuous_size': 56, 'attention_head_size': 1, 'learning_rate': 0.01118481689280558}. Best is trial 127 with value: 5.907680988311768.
LOCAL_RANK: 0 - CUDA_VISIBLE_DEVICES: [0]
[I 2023-11-30 15:16:07,749] Trial 144 finished with value: 7.912698268890381 and parameters: {'gradient_clip_val': 0.9565397893882424, 'hidden_size': 73, 'dropout': 0.23086317350850302, 'hidden_continuous_size': 69, 'attention_head_size': 1, 'learning_rate': 0.014704407410467137}. Best is trial 127 with value: 5.907680988311768.
LOCAL_RANK: 0 - CUDA_VISIBLE_DEVICES: [0]
[I 2023-11-30 15:16:22,672] Trial 145 finished with value: 6.906133651733398 and parameters: {'gradient_clip_val': 0.4569982297183693, 'hidden_size': 80, 'dropout': 0.23474908915254433, 'hidden_continuous_size': 74, 'attention_head_size': 1, 'learning_rate': 0.023093368437696046}. Best is trial 127 with value: 5.907680988311768.
LOCAL_RANK: 0 - CUDA_VISIBLE_DEVICES: [0]
[I 2023-11-30 15:16:37,726] Trial 146 finished with value: 7.059179306030273 and parameters: {'gradient_clip_val': 0.8284362847851406, 'hidden_size': 112, 'dropout': 0.23875208847365145, 'hidden_continuous_size': 83, 'attention_head_size': 1, 'learning_rate': 0.021628259147860082}. Best is trial 127 with value: 5.907680988311768.
LOCAL_RANK: 0 - CUDA_VISIBLE_DEVICES: [0]
[I 2023-11-30 15:16:52,855] Trial 147 finished with value: 6.93341588973999 and parameters: {'gradient_clip_val': 0.39020981200223537, 'hidden_size': 93, 'dropout': 0.2687240756495015, 'hidden_continuous_size': 63, 'attention_head_size': 1, 'learning_rate': 0.016125300688777485}. Best is trial 127 with value: 5.907680988311768.
LOCAL_RANK: 0 - CUDA_VISIBLE_DEVICES: [0]
[I 2023-11-30 15:17:08,640] Trial 148 finished with value: 6.9169769287109375 and parameters: {'gradient_clip_val': 0.9984924622290771, 'hidden_size': 102, 'dropout': 0.22721065202602905, 'hidden_continuous_size': 80, 'attention_head_size': 1, 'learning_rate': 0.018001842910190427}. Best is trial 127 with value: 5.907680988311768.
LOCAL_RANK: 0 - CUDA_VISIBLE_DEVICES: [0]
[I 2023-11-30 15:17:24,133] Trial 149 finished with value: 6.807472229003906 and parameters: {'gradient_clip_val': 0.6143774258356565, 'hidden_size': 118, 'dropout': 0.24815782082880514, 'hidden_continuous_size': 77, 'attention_head_size': 1, 'learning_rate': 0.01342367885645079}. Best is trial 127 with value: 5.907680988311768.
[I 2023-11-30 15:17:24,270] A new study created in memory with name: no-name-cb1468a7-dc1b-45d8-ab98-fa2b7c80de14
/home/le004/conda/anaconda3/envs/tsff_env/lib/python3.9/site-packages/lightning/fabric/plugins/environments/slurm.py:191: The `srun` command is available on your system but is not used. HINT: If your intention is to run Lightning on SLURM, prepend your python command with `srun` like so: srun python /home/le004/master_thesis/git/TSFusionForecast/code/ ...
LOCAL_RANK: 0 - CUDA_VISIBLE_DEVICES: [0]
[I 2023-11-30 15:17:39,642] Trial 0 finished with value: 11.592643737792969 and parameters: {'gradient_clip_val': 0.15878982466808592, 'hidden_size': 113, 'dropout': 0.3284659612795643, 'hidden_continuous_size': 98, 'attention_head_size': 1, 'learning_rate': 0.005287620946273015}. Best is trial 0 with value: 11.592643737792969.
LOCAL_RANK: 0 - CUDA_VISIBLE_DEVICES: [0]
[I 2023-11-30 15:17:53,088] Trial 1 finished with value: 17.37346649169922 and parameters: {'gradient_clip_val': 0.5264439444706848, 'hidden_size': 40, 'dropout': 0.3875875929537851, 'hidden_continuous_size': 19, 'attention_head_size': 3, 'learning_rate': 0.0027804609376924543}. Best is trial 0 with value: 11.592643737792969.
LOCAL_RANK: 0 - CUDA_VISIBLE_DEVICES: [0]
[I 2023-11-30 15:18:08,343] Trial 2 finished with value: 11.465641975402832 and parameters: {'gradient_clip_val': 0.17664497438533236, 'hidden_size': 133, 'dropout': 0.20160291223515286, 'hidden_continuous_size': 84, 'attention_head_size': 4, 'learning_rate': 0.001695021890582521}. Best is trial 2 with value: 11.465641975402832.
LOCAL_RANK: 0 - CUDA_VISIBLE_DEVICES: [0]
[I 2023-11-30 15:18:23,186] Trial 3 finished with value: 11.878227233886719 and parameters: {'gradient_clip_val': 0.5395868126615673, 'hidden_size': 95, 'dropout': 0.11566252789602328, 'hidden_continuous_size': 64, 'attention_head_size': 4, 'learning_rate': 0.0016818788400388876}. Best is trial 2 with value: 11.465641975402832.
LOCAL_RANK: 0 - CUDA_VISIBLE_DEVICES: [0]
[I 2023-11-30 15:18:34,371] Trial 4 finished with value: 11.428318977355957 and parameters: {'gradient_clip_val': 0.16536074491664773, 'hidden_size': 20, 'dropout': 0.2956216257970632, 'hidden_continuous_size': 20, 'attention_head_size': 1, 'learning_rate': 0.048530763864543726}. Best is trial 4 with value: 11.428318977355957.
LOCAL_RANK: 0 - CUDA_VISIBLE_DEVICES: [0]
[I 2023-11-30 15:18:49,769] Trial 5 finished with value: 11.562581062316895 and parameters: {'gradient_clip_val': 0.9248328008235145, 'hidden_size': 103, 'dropout': 0.22765653805305108, 'hidden_continuous_size': 69, 'attention_head_size': 3, 'learning_rate': 0.0027551890150221852}. Best is trial 4 with value: 11.428318977355957.
LOCAL_RANK: 0 - CUDA_VISIBLE_DEVICES: [0]
[I 2023-11-30 15:19:04,260] Trial 6 finished with value: 10.711517333984375 and parameters: {'gradient_clip_val': 0.4350046120231597, 'hidden_size': 85, 'dropout': 0.20481380162863663, 'hidden_continuous_size': 30, 'attention_head_size': 4, 'learning_rate': 0.02177305263019177}. Best is trial 6 with value: 10.711517333984375.
LOCAL_RANK: 0 - CUDA_VISIBLE_DEVICES: [0]
[I 2023-11-30 15:19:17,625] Trial 7 finished with value: 20.58259391784668 and parameters: {'gradient_clip_val': 0.312209695226731, 'hidden_size': 26, 'dropout': 0.3766537694410004, 'hidden_continuous_size': 19, 'attention_head_size': 2, 'learning_rate': 0.0024428705445356056}. Best is trial 6 with value: 10.711517333984375.
LOCAL_RANK: 0 - CUDA_VISIBLE_DEVICES: [0]
[I 2023-11-30 15:19:28,610] Trial 8 finished with value: 10.791020393371582 and parameters: {'gradient_clip_val': 0.8953158228755489, 'hidden_size': 11, 'dropout': 0.20135347950415766, 'hidden_continuous_size': 11, 'attention_head_size': 3, 'learning_rate': 0.0902493893332356}. Best is trial 6 with value: 10.711517333984375.
LOCAL_RANK: 0 - CUDA_VISIBLE_DEVICES: [0]
[I 2023-11-30 15:19:42,093] Trial 9 finished with value: 10.960604667663574 and parameters: {'gradient_clip_val': 0.31118717646462557, 'hidden_size': 32, 'dropout': 0.23785719071281916, 'hidden_continuous_size': 28, 'attention_head_size': 2, 'learning_rate': 0.023945118900253744}. Best is trial 6 with value: 10.711517333984375.
LOCAL_RANK: 0 - CUDA_VISIBLE_DEVICES: [0]
[I 2023-11-30 15:19:56,671] Trial 10 finished with value: 12.012804985046387 and parameters: {'gradient_clip_val': 0.11028776386760485, 'hidden_size': 62, 'dropout': 0.15501026165865928, 'hidden_continuous_size': 35, 'attention_head_size': 4, 'learning_rate': 0.01315017244434979}. Best is trial 6 with value: 10.711517333984375.
LOCAL_RANK: 0 - CUDA_VISIBLE_DEVICES: [0]
[I 2023-11-30 15:20:08,007] Trial 11 finished with value: 13.717704772949219 and parameters: {'gradient_clip_val': 0.9397382630651601, 'hidden_size': 10, 'dropout': 0.18615959638432986, 'hidden_continuous_size': 10, 'attention_head_size': 3, 'learning_rate': 0.06533186041477582}. Best is trial 6 with value: 10.711517333984375.
LOCAL_RANK: 0 - CUDA_VISIBLE_DEVICES: [0]
[I 2023-11-30 15:20:18,814] Trial 12 finished with value: 13.299160957336426 and parameters: {'gradient_clip_val': 0.6423888821752392, 'hidden_size': 10, 'dropout': 0.2587640854098741, 'hidden_continuous_size': 10, 'attention_head_size': 4, 'learning_rate': 0.07219461067424345}. Best is trial 6 with value: 10.711517333984375.
LOCAL_RANK: 0 - CUDA_VISIBLE_DEVICES: [0]
[I 2023-11-30 15:20:33,161] Trial 13 finished with value: 12.169438362121582 and parameters: {'gradient_clip_val': 0.42460863823226475, 'hidden_size': 59, 'dropout': 0.16326353096520668, 'hidden_continuous_size': 14, 'attention_head_size': 3, 'learning_rate': 0.025801756264330167}. Best is trial 6 with value: 10.711517333984375.
LOCAL_RANK: 0 - CUDA_VISIBLE_DEVICES: [0]
[I 2023-11-30 15:20:46,222] Trial 14 finished with value: 12.360126495361328 and parameters: {'gradient_clip_val': 0.7995748718254778, 'hidden_size': 16, 'dropout': 0.11600622943901817, 'hidden_continuous_size': 11, 'attention_head_size': 2, 'learning_rate': 0.04207551321955575}. Best is trial 6 with value: 10.711517333984375.
LOCAL_RANK: 0 - CUDA_VISIBLE_DEVICES: [0]
[I 2023-11-30 15:21:00,483] Trial 15 finished with value: 10.420308113098145 and parameters: {'gradient_clip_val': 0.7386278974014939, 'hidden_size': 49, 'dropout': 0.21082314759335471, 'hidden_continuous_size': 13, 'attention_head_size': 4, 'learning_rate': 0.011927617935225343}. Best is trial 15 with value: 10.420308113098145.
LOCAL_RANK: 0 - CUDA_VISIBLE_DEVICES: [0]
[I 2023-11-30 15:21:15,302] Trial 16 finished with value: 11.399693489074707 and parameters: {'gradient_clip_val': 0.4081436956983876, 'hidden_size': 68, 'dropout': 0.2691377367817086, 'hidden_continuous_size': 35, 'attention_head_size': 4, 'learning_rate': 0.00975377124554694}. Best is trial 15 with value: 10.420308113098145.
LOCAL_RANK: 0 - CUDA_VISIBLE_DEVICES: [0]
[I 2023-11-30 15:21:29,228] Trial 17 finished with value: 10.65710735321045 and parameters: {'gradient_clip_val': 0.654438911168097, 'hidden_size': 44, 'dropout': 0.22585430402002993, 'hidden_continuous_size': 14, 'attention_head_size': 4, 'learning_rate': 0.01079868977507547}. Best is trial 15 with value: 10.420308113098145.
LOCAL_RANK: 0 - CUDA_VISIBLE_DEVICES: [0]
[I 2023-11-30 15:21:42,829] Trial 18 finished with value: 13.207037925720215 and parameters: {'gradient_clip_val': 0.6917344793682663, 'hidden_size': 44, 'dropout': 0.28474343093815235, 'hidden_continuous_size': 14, 'attention_head_size': 4, 'learning_rate': 0.008084401311248154}. Best is trial 15 with value: 10.420308113098145.
LOCAL_RANK: 0 - CUDA_VISIBLE_DEVICES: [0]
[I 2023-11-30 15:21:57,146] Trial 19 finished with value: 13.03594970703125 and parameters: {'gradient_clip_val': 0.7016025570024904, 'hidden_size': 50, 'dropout': 0.23590694764090941, 'hidden_continuous_size': 15, 'attention_head_size': 3, 'learning_rate': 0.004834245241761769}. Best is trial 15 with value: 10.420308113098145.
LOCAL_RANK: 0 - CUDA_VISIBLE_DEVICES: [0]
[I 2023-11-30 15:22:09,624] Trial 20 finished with value: 24.295534133911133 and parameters: {'gradient_clip_val': 0.7573298913598339, 'hidden_size': 32, 'dropout': 0.16585531500534362, 'hidden_continuous_size': 12, 'attention_head_size': 4, 'learning_rate': 0.0010007432857121012}. Best is trial 15 with value: 10.420308113098145.
LOCAL_RANK: 0 - CUDA_VISIBLE_DEVICES: [0]
[I 2023-11-30 15:22:23,325] Trial 21 finished with value: 11.018874168395996 and parameters: {'gradient_clip_val': 0.5642237279269229, 'hidden_size': 80, 'dropout': 0.21592467471404395, 'hidden_continuous_size': 22, 'attention_head_size': 4, 'learning_rate': 0.015105230979784882}. Best is trial 15 with value: 10.420308113098145.
LOCAL_RANK: 0 - CUDA_VISIBLE_DEVICES: [0]
[I 2023-11-30 15:22:36,394] Trial 22 finished with value: 10.801300048828125 and parameters: {'gradient_clip_val': 0.4475821473010308, 'hidden_size': 52, 'dropout': 0.24721249677706406, 'hidden_continuous_size': 16, 'attention_head_size': 4, 'learning_rate': 0.017167907680912878}. Best is trial 15 with value: 10.420308113098145.
LOCAL_RANK: 0 - CUDA_VISIBLE_DEVICES: [0]
[I 2023-11-30 15:22:50,004] Trial 23 finished with value: 11.143733024597168 and parameters: {'gradient_clip_val': 0.6278369834510189, 'hidden_size': 83, 'dropout': 0.21293946837549102, 'hidden_continuous_size': 13, 'attention_head_size': 4, 'learning_rate': 0.02574488635563568}. Best is trial 15 with value: 10.420308113098145.
LOCAL_RANK: 0 - CUDA_VISIBLE_DEVICES: [0]
[I 2023-11-30 15:23:03,627] Trial 24 finished with value: 10.894997596740723 and parameters: {'gradient_clip_val': 0.3730251930025598, 'hidden_size': 70, 'dropout': 0.18076739518987692, 'hidden_continuous_size': 17, 'attention_head_size': 3, 'learning_rate': 0.007698075958201942}. Best is trial 15 with value: 10.420308113098145.
LOCAL_RANK: 0 - CUDA_VISIBLE_DEVICES: [0]
[I 2023-11-30 15:23:16,586] Trial 25 finished with value: 14.746432304382324 and parameters: {'gradient_clip_val': 0.5234872572750406, 'hidden_size': 50, 'dropout': 0.2245988068346817, 'hidden_continuous_size': 12, 'attention_head_size': 4, 'learning_rate': 0.0116131539764982}. Best is trial 15 with value: 10.420308113098145.
LOCAL_RANK: 0 - CUDA_VISIBLE_DEVICES: [0]
[I 2023-11-30 15:23:29,467] Trial 26 finished with value: 13.006129264831543 and parameters: {'gradient_clip_val': 0.9836203834438099, 'hidden_size': 40, 'dropout': 0.14520292620982533, 'hidden_continuous_size': 13, 'attention_head_size': 3, 'learning_rate': 0.01861730794931933}. Best is trial 15 with value: 10.420308113098145.
LOCAL_RANK: 0 - CUDA_VISIBLE_DEVICES: [0]
[I 2023-11-30 15:23:43,790] Trial 27 finished with value: 10.946431159973145 and parameters: {'gradient_clip_val': 0.8021831080228498, 'hidden_size': 76, 'dropout': 0.18366980260560928, 'hidden_continuous_size': 25, 'attention_head_size': 4, 'learning_rate': 0.0356905779953444}. Best is trial 15 with value: 10.420308113098145.
LOCAL_RANK: 0 - CUDA_VISIBLE_DEVICES: [0]
[I 2023-11-30 15:23:57,877] Trial 28 finished with value: 11.194233894348145 and parameters: {'gradient_clip_val': 0.6029413887289021, 'hidden_size': 58, 'dropout': 0.19997659113531124, 'hidden_continuous_size': 17, 'attention_head_size': 2, 'learning_rate': 0.01816943099175886}. Best is trial 15 with value: 10.420308113098145.
LOCAL_RANK: 0 - CUDA_VISIBLE_DEVICES: [0]
[I 2023-11-30 15:24:12,974] Trial 29 finished with value: 11.9058837890625 and parameters: {'gradient_clip_val': 0.478650236826322, 'hidden_size': 131, 'dropout': 0.2572376058412889, 'hidden_continuous_size': 27, 'attention_head_size': 1, 'learning_rate': 0.0053323537604149755}. Best is trial 15 with value: 10.420308113098145.
LOCAL_RANK: 0 - CUDA_VISIBLE_DEVICES: [0]
[I 2023-11-30 15:24:28,344] Trial 30 finished with value: 11.64526653289795 and parameters: {'gradient_clip_val': 0.694321054763575, 'hidden_size': 109, 'dropout': 0.314688045529997, 'hidden_continuous_size': 42, 'attention_head_size': 4, 'learning_rate': 0.008751208153996397}. Best is trial 15 with value: 10.420308113098145.
LOCAL_RANK: 0 - CUDA_VISIBLE_DEVICES: [0]
[I 2023-11-30 15:24:41,971] Trial 31 finished with value: 10.642069816589355 and parameters: {'gradient_clip_val': 0.8095940508949664, 'hidden_size': 32, 'dropout': 0.20615731157351963, 'hidden_continuous_size': 11, 'attention_head_size': 3, 'learning_rate': 0.058380615965019686}. Best is trial 15 with value: 10.420308113098145.
LOCAL_RANK: 0 - CUDA_VISIBLE_DEVICES: [0]
[I 2023-11-30 15:24:55,529] Trial 32 finished with value: 11.181411743164062 and parameters: {'gradient_clip_val': 0.8023161928842871, 'hidden_size': 34, 'dropout': 0.22207092481803206, 'hidden_continuous_size': 15, 'attention_head_size': 3, 'learning_rate': 0.03317325043504561}. Best is trial 15 with value: 10.420308113098145.
LOCAL_RANK: 0 - CUDA_VISIBLE_DEVICES: [0]
[I 2023-11-30 15:25:08,909] Trial 33 finished with value: 11.689839363098145 and parameters: {'gradient_clip_val': 0.5925379569845716, 'hidden_size': 36, 'dropout': 0.23912116763355812, 'hidden_continuous_size': 11, 'attention_head_size': 4, 'learning_rate': 0.012426617795464247}. Best is trial 15 with value: 10.420308113098145.
LOCAL_RANK: 0 - CUDA_VISIBLE_DEVICES: [0]
