[I 2023-11-30 10:01:08,782] Trial 133 finished with value: 288.0943298339844 and parameters: {'gradient_clip_val': 0.2512231474258937, 'hidden_size': 80, 'dropout': 0.3361704986177742, 'hidden_continuous_size': 44, 'attention_head_size': 1, 'learning_rate': 0.0036510699468896533}. Best is trial 115 with value: 216.44432067871094.
LOCAL_RANK: 0 - CUDA_VISIBLE_DEVICES: [0]
[I 2023-11-30 10:01:22,733] Trial 134 finished with value: 278.7627868652344 and parameters: {'gradient_clip_val': 0.2874936107033784, 'hidden_size': 95, 'dropout': 0.32264455307299317, 'hidden_continuous_size': 48, 'attention_head_size': 1, 'learning_rate': 0.0017746875969328927}. Best is trial 115 with value: 216.44432067871094.
LOCAL_RANK: 0 - CUDA_VISIBLE_DEVICES: [0]
[I 2023-11-30 10:01:36,986] Trial 135 finished with value: 267.6315002441406 and parameters: {'gradient_clip_val': 0.22278087969107585, 'hidden_size': 126, 'dropout': 0.3093475391973809, 'hidden_continuous_size': 37, 'attention_head_size': 1, 'learning_rate': 0.0032222435486874003}. Best is trial 115 with value: 216.44432067871094.
LOCAL_RANK: 0 - CUDA_VISIBLE_DEVICES: [0]
[I 2023-11-30 10:01:50,889] Trial 136 finished with value: 254.7980499267578 and parameters: {'gradient_clip_val': 0.23665899578105437, 'hidden_size': 108, 'dropout': 0.33978136715101737, 'hidden_continuous_size': 41, 'attention_head_size': 1, 'learning_rate': 0.0024601877405238766}. Best is trial 115 with value: 216.44432067871094.
LOCAL_RANK: 0 - CUDA_VISIBLE_DEVICES: [0]
[I 2023-11-30 10:02:04,907] Trial 137 finished with value: 238.2827606201172 and parameters: {'gradient_clip_val': 0.31530300322897165, 'hidden_size': 101, 'dropout': 0.33009566596699835, 'hidden_continuous_size': 46, 'attention_head_size': 1, 'learning_rate': 0.002268472738754103}. Best is trial 115 with value: 216.44432067871094.
LOCAL_RANK: 0 - CUDA_VISIBLE_DEVICES: [0]
[I 2023-11-30 10:02:18,879] Trial 138 finished with value: 269.7688903808594 and parameters: {'gradient_clip_val': 0.3412482749571609, 'hidden_size': 89, 'dropout': 0.32793110145969634, 'hidden_continuous_size': 45, 'attention_head_size': 1, 'learning_rate': 0.0019706649016583483}. Best is trial 115 with value: 216.44432067871094.
LOCAL_RANK: 0 - CUDA_VISIBLE_DEVICES: [0]
[I 2023-11-30 10:02:32,436] Trial 139 finished with value: 287.2250671386719 and parameters: {'gradient_clip_val': 0.36124774419243466, 'hidden_size': 58, 'dropout': 0.30569118795752565, 'hidden_continuous_size': 43, 'attention_head_size': 1, 'learning_rate': 0.0023051248039550796}. Best is trial 115 with value: 216.44432067871094.
LOCAL_RANK: 0 - CUDA_VISIBLE_DEVICES: [0]
[I 2023-11-30 10:02:46,628] Trial 140 finished with value: 268.4748840332031 and parameters: {'gradient_clip_val': 0.3214997318158373, 'hidden_size': 100, 'dropout': 0.3163776951848193, 'hidden_continuous_size': 67, 'attention_head_size': 1, 'learning_rate': 0.0016625604505321346}. Best is trial 115 with value: 216.44432067871094.
LOCAL_RANK: 0 - CUDA_VISIBLE_DEVICES: [0]
[I 2023-11-30 10:03:00,836] Trial 141 finished with value: 224.6940155029297 and parameters: {'gradient_clip_val': 0.30981321033053594, 'hidden_size': 119, 'dropout': 0.3326905758589823, 'hidden_continuous_size': 39, 'attention_head_size': 1, 'learning_rate': 0.002777918626976058}. Best is trial 115 with value: 216.44432067871094.
LOCAL_RANK: 0 - CUDA_VISIBLE_DEVICES: [0]
[I 2023-11-30 10:03:15,116] Trial 142 finished with value: 263.86419677734375 and parameters: {'gradient_clip_val': 0.3003403459048614, 'hidden_size': 133, 'dropout': 0.34512614611809456, 'hidden_continuous_size': 36, 'attention_head_size': 1, 'learning_rate': 0.0021056515580805653}. Best is trial 115 with value: 216.44432067871094.
LOCAL_RANK: 0 - CUDA_VISIBLE_DEVICES: [0]
[I 2023-11-30 10:03:28,838] Trial 143 finished with value: 270.53094482421875 and parameters: {'gradient_clip_val': 0.3342851343254326, 'hidden_size': 83, 'dropout': 0.32047963147549446, 'hidden_continuous_size': 39, 'attention_head_size': 1, 'learning_rate': 0.002693343852826632}. Best is trial 115 with value: 216.44432067871094.
LOCAL_RANK: 0 - CUDA_VISIBLE_DEVICES: [0]
[I 2023-11-30 10:03:43,186] Trial 144 finished with value: 260.411376953125 and parameters: {'gradient_clip_val': 0.27936119604603266, 'hidden_size': 145, 'dropout': 0.3311406414471883, 'hidden_continuous_size': 38, 'attention_head_size': 1, 'learning_rate': 0.0013960214095772255}. Best is trial 115 with value: 216.44432067871094.
LOCAL_RANK: 0 - CUDA_VISIBLE_DEVICES: [0]
[I 2023-11-30 10:03:57,494] Trial 145 finished with value: 249.66917419433594 and parameters: {'gradient_clip_val': 0.3095118302189133, 'hidden_size': 123, 'dropout': 0.34044914250383107, 'hidden_continuous_size': 41, 'attention_head_size': 1, 'learning_rate': 0.002344464118593664}. Best is trial 115 with value: 216.44432067871094.
LOCAL_RANK: 0 - CUDA_VISIBLE_DEVICES: [0]
[I 2023-11-30 10:04:11,759] Trial 146 finished with value: 250.9973907470703 and parameters: {'gradient_clip_val': 0.2597183063367939, 'hidden_size': 111, 'dropout': 0.30041969046602496, 'hidden_continuous_size': 53, 'attention_head_size': 3, 'learning_rate': 0.003016622320140419}. Best is trial 115 with value: 216.44432067871094.
LOCAL_RANK: 0 - CUDA_VISIBLE_DEVICES: [0]
[I 2023-11-30 10:04:25,748] Trial 147 finished with value: 260.4473876953125 and parameters: {'gradient_clip_val': 0.2959831193533918, 'hidden_size': 103, 'dropout': 0.351728952378359, 'hidden_continuous_size': 49, 'attention_head_size': 1, 'learning_rate': 0.0026103386210345565}. Best is trial 115 with value: 216.44432067871094.
LOCAL_RANK: 0 - CUDA_VISIBLE_DEVICES: [0]
[I 2023-11-30 10:04:39,797] Trial 148 finished with value: 253.86888122558594 and parameters: {'gradient_clip_val': 0.3637413131690568, 'hidden_size': 95, 'dropout': 0.35644018530023086, 'hidden_continuous_size': 45, 'attention_head_size': 1, 'learning_rate': 0.0034679889901029306}. Best is trial 115 with value: 216.44432067871094.
LOCAL_RANK: 0 - CUDA_VISIBLE_DEVICES: [0]
[I 2023-11-30 10:04:54,057] Trial 149 finished with value: 234.4350128173828 and parameters: {'gradient_clip_val': 0.34746728887944195, 'hidden_size': 139, 'dropout': 0.3982023562608852, 'hidden_continuous_size': 33, 'attention_head_size': 1, 'learning_rate': 0.0018328043541967491}. Best is trial 115 with value: 216.44432067871094.
[I 2023-11-30 10:04:54,167] A new study created in memory with name: no-name-e3b39aac-557f-4aca-8661-64d251a4674b
/home/le004/conda/anaconda3/envs/tsff_env/lib/python3.9/site-packages/lightning/fabric/plugins/environments/slurm.py:191: The `srun` command is available on your system but is not used. HINT: If your intention is to run Lightning on SLURM, prepend your python command with `srun` like so: srun python /home/le004/master_thesis/git/TSFusionForecast/code/ ...
LOCAL_RANK: 0 - CUDA_VISIBLE_DEVICES: [0]
[I 2023-11-30 10:05:06,930] Trial 0 finished with value: 10.809860229492188 and parameters: {'gradient_clip_val': 0.22878846613758694, 'hidden_size': 23, 'dropout': 0.32936137395374243, 'hidden_continuous_size': 22, 'attention_head_size': 4, 'learning_rate': 0.00735380268595385}. Best is trial 0 with value: 10.809860229492188.
LOCAL_RANK: 0 - CUDA_VISIBLE_DEVICES: [0]
[I 2023-11-30 10:05:20,455] Trial 1 finished with value: 4.614551544189453 and parameters: {'gradient_clip_val': 0.12325681669547006, 'hidden_size': 58, 'dropout': 0.1242867552228505, 'hidden_continuous_size': 56, 'attention_head_size': 1, 'learning_rate': 0.02395868394432319}. Best is trial 1 with value: 4.614551544189453.
LOCAL_RANK: 0 - CUDA_VISIBLE_DEVICES: [0]
[I 2023-11-30 10:05:33,233] Trial 2 finished with value: 5.3461480140686035 and parameters: {'gradient_clip_val': 0.12965328108363022, 'hidden_size': 42, 'dropout': 0.348476941141887, 'hidden_continuous_size': 10, 'attention_head_size': 2, 'learning_rate': 0.08569106902972656}. Best is trial 1 with value: 4.614551544189453.
LOCAL_RANK: 0 - CUDA_VISIBLE_DEVICES: [0]
[I 2023-11-30 10:05:46,200] Trial 3 finished with value: 4.740854740142822 and parameters: {'gradient_clip_val': 0.5001662617215318, 'hidden_size': 41, 'dropout': 0.3532186784009259, 'hidden_continuous_size': 18, 'attention_head_size': 3, 'learning_rate': 0.029485573258159245}. Best is trial 1 with value: 4.614551544189453.
LOCAL_RANK: 0 - CUDA_VISIBLE_DEVICES: [0]
[I 2023-11-30 10:05:59,188] Trial 4 finished with value: 7.693694591522217 and parameters: {'gradient_clip_val': 0.3436236668488293, 'hidden_size': 42, 'dropout': 0.292653646574918, 'hidden_continuous_size': 32, 'attention_head_size': 4, 'learning_rate': 0.007848846541816475}. Best is trial 1 with value: 4.614551544189453.
LOCAL_RANK: 0 - CUDA_VISIBLE_DEVICES: [0]
[I 2023-11-30 10:06:10,034] Trial 5 finished with value: 14.538664817810059 and parameters: {'gradient_clip_val': 0.17409647451951232, 'hidden_size': 18, 'dropout': 0.3961858627068737, 'hidden_continuous_size': 18, 'attention_head_size': 4, 'learning_rate': 0.0058551147728539915}. Best is trial 1 with value: 4.614551544189453.
LOCAL_RANK: 0 - CUDA_VISIBLE_DEVICES: [0]
[I 2023-11-30 10:06:24,633] Trial 6 finished with value: 5.722782611846924 and parameters: {'gradient_clip_val': 0.22134829838427517, 'hidden_size': 99, 'dropout': 0.2503933308186387, 'hidden_continuous_size': 93, 'attention_head_size': 4, 'learning_rate': 0.004427056587751786}. Best is trial 1 with value: 4.614551544189453.
LOCAL_RANK: 0 - CUDA_VISIBLE_DEVICES: [0]
[I 2023-11-30 10:06:36,874] Trial 7 finished with value: 34.9954833984375 and parameters: {'gradient_clip_val': 0.3426626225080789, 'hidden_size': 14, 'dropout': 0.2983604454220546, 'hidden_continuous_size': 12, 'attention_head_size': 2, 'learning_rate': 0.0019102256469662583}. Best is trial 1 with value: 4.614551544189453.
LOCAL_RANK: 0 - CUDA_VISIBLE_DEVICES: [0]
[I 2023-11-30 10:06:49,592] Trial 8 finished with value: 35.76518249511719 and parameters: {'gradient_clip_val': 0.17425291092582534, 'hidden_size': 30, 'dropout': 0.17715494459007142, 'hidden_continuous_size': 22, 'attention_head_size': 3, 'learning_rate': 0.001593622752489439}. Best is trial 1 with value: 4.614551544189453.
LOCAL_RANK: 0 - CUDA_VISIBLE_DEVICES: [0]
[I 2023-11-30 10:07:01,771] Trial 9 finished with value: 5.720338344573975 and parameters: {'gradient_clip_val': 0.1819215300196015, 'hidden_size': 24, 'dropout': 0.35824552953853106, 'hidden_continuous_size': 17, 'attention_head_size': 2, 'learning_rate': 0.0676802169036538}. Best is trial 1 with value: 4.614551544189453.
LOCAL_RANK: 0 - CUDA_VISIBLE_DEVICES: [0]
[I 2023-11-30 10:07:15,926] Trial 10 finished with value: 5.490731716156006 and parameters: {'gradient_clip_val': 0.9878158524147151, 'hidden_size': 88, 'dropout': 0.10034267130533137, 'hidden_continuous_size': 51, 'attention_head_size': 1, 'learning_rate': 0.01941413524801863}. Best is trial 1 with value: 4.614551544189453.
LOCAL_RANK: 0 - CUDA_VISIBLE_DEVICES: [0]
[I 2023-11-30 10:07:29,215] Trial 11 finished with value: 5.069090366363525 and parameters: {'gradient_clip_val': 0.10496022513791768, 'hidden_size': 58, 'dropout': 0.19852887921373097, 'hidden_continuous_size': 31, 'attention_head_size': 1, 'learning_rate': 0.024674580064586865}. Best is trial 1 with value: 4.614551544189453.
LOCAL_RANK: 0 - CUDA_VISIBLE_DEVICES: [0]
[I 2023-11-30 10:07:42,412] Trial 12 finished with value: 5.129627704620361 and parameters: {'gradient_clip_val': 0.4940238335622482, 'hidden_size': 64, 'dropout': 0.10931537250727036, 'hidden_continuous_size': 14, 'attention_head_size': 3, 'learning_rate': 0.023851714255496023}. Best is trial 1 with value: 4.614551544189453.
LOCAL_RANK: 0 - CUDA_VISIBLE_DEVICES: [0]
[I 2023-11-30 10:07:52,898] Trial 13 finished with value: 9.816165924072266 and parameters: {'gradient_clip_val': 0.1041253268475425, 'hidden_size': 10, 'dropout': 0.2214953932417849, 'hidden_continuous_size': 10, 'attention_head_size': 3, 'learning_rate': 0.03574143612133238}. Best is trial 1 with value: 4.614551544189453.
LOCAL_RANK: 0 - CUDA_VISIBLE_DEVICES: [0]
[I 2023-11-30 10:08:07,146] Trial 14 finished with value: 5.288351535797119 and parameters: {'gradient_clip_val': 0.4924356958832098, 'hidden_size': 133, 'dropout': 0.15952532628743063, 'hidden_continuous_size': 55, 'attention_head_size': 1, 'learning_rate': 0.013849958118244427}. Best is trial 1 with value: 4.614551544189453.
LOCAL_RANK: 0 - CUDA_VISIBLE_DEVICES: [0]
[I 2023-11-30 10:08:20,369] Trial 15 finished with value: 5.012608051300049 and parameters: {'gradient_clip_val': 0.5111795109115793, 'hidden_size': 51, 'dropout': 0.25101197314211016, 'hidden_continuous_size': 15, 'attention_head_size': 2, 'learning_rate': 0.04132328679184052}. Best is trial 1 with value: 4.614551544189453.
LOCAL_RANK: 0 - CUDA_VISIBLE_DEVICES: [0]
[I 2023-11-30 10:08:33,003] Trial 16 finished with value: 5.0140838623046875 and parameters: {'gradient_clip_val': 0.1383728941559378, 'hidden_size': 36, 'dropout': 0.14802527275509314, 'hidden_continuous_size': 13, 'attention_head_size': 3, 'learning_rate': 0.04177899780395103}. Best is trial 1 with value: 4.614551544189453.
LOCAL_RANK: 0 - CUDA_VISIBLE_DEVICES: [0]
[I 2023-11-30 10:08:46,477] Trial 17 finished with value: 5.284912586212158 and parameters: {'gradient_clip_val': 0.25352895746714044, 'hidden_size': 70, 'dropout': 0.22231308885274906, 'hidden_continuous_size': 28, 'attention_head_size': 1, 'learning_rate': 0.012181435468699457}. Best is trial 1 with value: 4.614551544189453.
LOCAL_RANK: 0 - CUDA_VISIBLE_DEVICES: [0]
[I 2023-11-30 10:08:59,545] Trial 18 finished with value: 5.874508380889893 and parameters: {'gradient_clip_val': 0.28326472929900165, 'hidden_size': 49, 'dropout': 0.13481379889124867, 'hidden_continuous_size': 19, 'attention_head_size': 2, 'learning_rate': 0.05886798094941574}. Best is trial 1 with value: 4.614551544189453.
LOCAL_RANK: 0 - CUDA_VISIBLE_DEVICES: [0]
[I 2023-11-30 10:09:12,213] Trial 19 finished with value: 5.3521037101745605 and parameters: {'gradient_clip_val': 0.36718566002016667, 'hidden_size': 33, 'dropout': 0.2791259295491101, 'hidden_continuous_size': 12, 'attention_head_size': 3, 'learning_rate': 0.09658932168138622}. Best is trial 1 with value: 4.614551544189453.
LOCAL_RANK: 0 - CUDA_VISIBLE_DEVICES: [0]
[I 2023-11-30 10:09:25,839] Trial 20 finished with value: 5.033658981323242 and parameters: {'gradient_clip_val': 0.7042476833790869, 'hidden_size': 70, 'dropout': 0.1830290142742227, 'hidden_continuous_size': 37, 'attention_head_size': 1, 'learning_rate': 0.01716989938755023}. Best is trial 1 with value: 4.614551544189453.
LOCAL_RANK: 0 - CUDA_VISIBLE_DEVICES: [0]
[I 2023-11-30 10:09:38,731] Trial 21 finished with value: 4.969308376312256 and parameters: {'gradient_clip_val': 0.41596353834381206, 'hidden_size': 51, 'dropout': 0.25174356628058964, 'hidden_continuous_size': 17, 'attention_head_size': 2, 'learning_rate': 0.0375944952360068}. Best is trial 1 with value: 4.614551544189453.
LOCAL_RANK: 0 - CUDA_VISIBLE_DEVICES: [0]
[I 2023-11-30 10:09:51,681] Trial 22 finished with value: 5.1729888916015625 and parameters: {'gradient_clip_val': 0.4037520125644969, 'hidden_size': 47, 'dropout': 0.21119627087439816, 'hidden_continuous_size': 16, 'attention_head_size': 2, 'learning_rate': 0.03257395626555394}. Best is trial 1 with value: 4.614551544189453.
LOCAL_RANK: 0 - CUDA_VISIBLE_DEVICES: [0]
[I 2023-11-30 10:10:04,968] Trial 23 finished with value: 5.122824192047119 and parameters: {'gradient_clip_val': 0.2874995997505869, 'hidden_size': 54, 'dropout': 0.24913583086657945, 'hidden_continuous_size': 20, 'attention_head_size': 3, 'learning_rate': 0.02666118536353842}. Best is trial 1 with value: 4.614551544189453.
LOCAL_RANK: 0 - CUDA_VISIBLE_DEVICES: [0]
[I 2023-11-30 10:10:17,793] Trial 24 finished with value: 5.79194450378418 and parameters: {'gradient_clip_val': 0.43112843506479787, 'hidden_size': 38, 'dropout': 0.31718836122662497, 'hidden_continuous_size': 16, 'attention_head_size': 1, 'learning_rate': 0.05221495715076034}. Best is trial 1 with value: 4.614551544189453.
LOCAL_RANK: 0 - CUDA_VISIBLE_DEVICES: [0]
[I 2023-11-30 10:10:31,620] Trial 25 finished with value: 5.327151775360107 and parameters: {'gradient_clip_val': 0.5952697616409125, 'hidden_size': 81, 'dropout': 0.1252238178533524, 'hidden_continuous_size': 21, 'attention_head_size': 2, 'learning_rate': 0.0177038687562931}. Best is trial 1 with value: 4.614551544189453.
LOCAL_RANK: 0 - CUDA_VISIBLE_DEVICES: [0]
[I 2023-11-30 10:10:44,195] Trial 26 finished with value: 5.718442440032959 and parameters: {'gradient_clip_val': 0.30156785861566976, 'hidden_size': 30, 'dropout': 0.15566029509325732, 'hidden_continuous_size': 14, 'attention_head_size': 3, 'learning_rate': 0.031024811506310326}. Best is trial 1 with value: 4.614551544189453.
LOCAL_RANK: 0 - CUDA_VISIBLE_DEVICES: [0]
[I 2023-11-30 10:10:57,277] Trial 27 finished with value: 5.005586624145508 and parameters: {'gradient_clip_val': 0.4001903032758911, 'hidden_size': 56, 'dropout': 0.264278276950445, 'hidden_continuous_size': 25, 'attention_head_size': 2, 'learning_rate': 0.04679117065051987}. Best is trial 1 with value: 4.614551544189453.
LOCAL_RANK: 0 - CUDA_VISIBLE_DEVICES: [0]
[I 2023-11-30 10:11:10,025] Trial 28 finished with value: 5.12589693069458 and parameters: {'gradient_clip_val': 0.3228837520745846, 'hidden_size': 44, 'dropout': 0.23405115726184544, 'hidden_continuous_size': 18, 'attention_head_size': 1, 'learning_rate': 0.06771110209821168}. Best is trial 1 with value: 4.614551544189453.
LOCAL_RANK: 0 - CUDA_VISIBLE_DEVICES: [0]
[I 2023-11-30 10:11:23,671] Trial 29 finished with value: 6.235942840576172 and parameters: {'gradient_clip_val': 0.21697538549330433, 'hidden_size': 67, 'dropout': 0.3138781183236508, 'hidden_continuous_size': 24, 'attention_head_size': 4, 'learning_rate': 0.011162291107439173}. Best is trial 1 with value: 4.614551544189453.
LOCAL_RANK: 0 - CUDA_VISIBLE_DEVICES: [0]
[I 2023-11-30 10:11:36,345] Trial 30 finished with value: 6.544557094573975 and parameters: {'gradient_clip_val': 0.25989658068867055, 'hidden_size': 29, 'dropout': 0.27588162019794504, 'hidden_continuous_size': 11, 'attention_head_size': 2, 'learning_rate': 0.023057544310341373}. Best is trial 1 with value: 4.614551544189453.
LOCAL_RANK: 0 - CUDA_VISIBLE_DEVICES: [0]
[I 2023-11-30 10:11:49,375] Trial 31 finished with value: 5.235789775848389 and parameters: {'gradient_clip_val': 0.3963820938609642, 'hidden_size': 56, 'dropout': 0.19844560053255692, 'hidden_continuous_size': 23, 'attention_head_size': 2, 'learning_rate': 0.04643859809876229}. Best is trial 1 with value: 4.614551544189453.
LOCAL_RANK: 0 - CUDA_VISIBLE_DEVICES: [0]
[I 2023-11-30 10:12:02,406] Trial 32 finished with value: 5.861952304840088 and parameters: {'gradient_clip_val': 0.445538625187992, 'hidden_size': 45, 'dropout': 0.2659100319006954, 'hidden_continuous_size': 19, 'attention_head_size': 2, 'learning_rate': 0.03475263976634785}. Best is trial 1 with value: 4.614551544189453.
LOCAL_RANK: 0 - CUDA_VISIBLE_DEVICES: [0]
[I 2023-11-30 10:12:15,328] Trial 33 finished with value: 5.4225029945373535 and parameters: {'gradient_clip_val': 0.3592123995541961, 'hidden_size': 41, 'dropout': 0.2926232097307574, 'hidden_continuous_size': 17, 'attention_head_size': 3, 'learning_rate': 0.049629121115712306}. Best is trial 1 with value: 4.614551544189453.
LOCAL_RANK: 0 - CUDA_VISIBLE_DEVICES: [0]
[I 2023-11-30 10:12:28,215] Trial 34 finished with value: 5.028823375701904 and parameters: {'gradient_clip_val': 0.31878537269914187, 'hidden_size': 37, 'dropout': 0.3624713218806531, 'hidden_continuous_size': 20, 'attention_head_size': 2, 'learning_rate': 0.07730665134649047}. Best is trial 1 with value: 4.614551544189453.
LOCAL_RANK: 0 - CUDA_VISIBLE_DEVICES: [0]
[I 2023-11-30 10:12:41,362] Trial 35 finished with value: 4.684720516204834 and parameters: {'gradient_clip_val': 0.5846365701175553, 'hidden_size': 51, 'dropout': 0.3396111162694955, 'hidden_continuous_size': 15, 'attention_head_size': 1, 'learning_rate': 0.05823501457674367}. Best is trial 1 with value: 4.614551544189453.
LOCAL_RANK: 0 - CUDA_VISIBLE_DEVICES: [0]
[I 2023-11-30 10:12:54,099] Trial 36 finished with value: 4.759200572967529 and parameters: {'gradient_clip_val': 0.6259585066487249, 'hidden_size': 42, 'dropout': 0.33842498944872296, 'hidden_continuous_size': 15, 'attention_head_size': 1, 'learning_rate': 0.08510744475638385}. Best is trial 1 with value: 4.614551544189453.
LOCAL_RANK: 0 - CUDA_VISIBLE_DEVICES: [0]
[I 2023-11-30 10:13:06,803] Trial 37 finished with value: 4.679752826690674 and parameters: {'gradient_clip_val': 0.6135002158916224, 'hidden_size': 41, 'dropout': 0.34299385520760894, 'hidden_continuous_size': 15, 'attention_head_size': 1, 'learning_rate': 0.09746160333877049}. Best is trial 1 with value: 4.614551544189453.
LOCAL_RANK: 0 - CUDA_VISIBLE_DEVICES: [0]
[I 2023-11-30 10:13:19,086] Trial 38 finished with value: 5.48071813583374 and parameters: {'gradient_clip_val': 0.8195039797584976, 'hidden_size': 25, 'dropout': 0.3755493945356488, 'hidden_continuous_size': 14, 'attention_head_size': 1, 'learning_rate': 0.06849259490568614}. Best is trial 1 with value: 4.614551544189453.
LOCAL_RANK: 0 - CUDA_VISIBLE_DEVICES: [0]
[I 2023-11-30 10:13:31,132] Trial 39 finished with value: 4.971395492553711 and parameters: {'gradient_clip_val': 0.5704001196842732, 'hidden_size': 20, 'dropout': 0.3353444171375422, 'hidden_continuous_size': 13, 'attention_head_size': 1, 'learning_rate': 0.09824747382384348}. Best is trial 1 with value: 4.614551544189453.
LOCAL_RANK: 0 - CUDA_VISIBLE_DEVICES: [0]
[I 2023-11-30 10:13:44,100] Trial 40 finished with value: 5.135577201843262 and parameters: {'gradient_clip_val': 0.6184087252772854, 'hidden_size': 36, 'dropout': 0.3960957373860172, 'hidden_continuous_size': 18, 'attention_head_size': 4, 'learning_rate': 0.05591392318674396}. Best is trial 1 with value: 4.614551544189453.
LOCAL_RANK: 0 - CUDA_VISIBLE_DEVICES: [0]
