[I 2023-11-29 22:04:18,416] Trial 74 finished with value: 7.752516269683838 and parameters: {'gradient_clip_val': 0.10648337390015489, 'hidden_size': 12, 'dropout': 0.12096232012180355, 'hidden_continuous_size': 11, 'attention_head_size': 4, 'learning_rate': 0.09945956250008862}. Best is trial 65 with value: 4.579531192779541.
LOCAL_RANK: 0 - CUDA_VISIBLE_DEVICES: [0]
[I 2023-11-29 22:04:30,732] Trial 75 finished with value: 9.138553619384766 and parameters: {'gradient_clip_val': 0.14447169169509613, 'hidden_size': 11, 'dropout': 0.12570588816876926, 'hidden_continuous_size': 10, 'attention_head_size': 4, 'learning_rate': 0.037531767352821065}. Best is trial 65 with value: 4.579531192779541.
LOCAL_RANK: 0 - CUDA_VISIBLE_DEVICES: [0]
[I 2023-11-29 22:04:42,943] Trial 76 finished with value: 7.756046295166016 and parameters: {'gradient_clip_val': 0.12306334074349427, 'hidden_size': 14, 'dropout': 0.16631916861346896, 'hidden_continuous_size': 13, 'attention_head_size': 3, 'learning_rate': 0.0648659013872794}. Best is trial 65 with value: 4.579531192779541.
LOCAL_RANK: 0 - CUDA_VISIBLE_DEVICES: [0]
[I 2023-11-29 22:04:55,202] Trial 77 finished with value: 8.600626945495605 and parameters: {'gradient_clip_val': 0.11613172111830919, 'hidden_size': 16, 'dropout': 0.18365738274982618, 'hidden_continuous_size': 13, 'attention_head_size': 4, 'learning_rate': 0.035023527511327264}. Best is trial 65 with value: 4.579531192779541.
LOCAL_RANK: 0 - CUDA_VISIBLE_DEVICES: [0]
[I 2023-11-29 22:05:05,763] Trial 78 finished with value: 9.70885181427002 and parameters: {'gradient_clip_val': 0.1056710770408308, 'hidden_size': 10, 'dropout': 0.15383307174017163, 'hidden_continuous_size': 10, 'attention_head_size': 4, 'learning_rate': 0.044499358723050775}. Best is trial 65 with value: 4.579531192779541.
LOCAL_RANK: 0 - CUDA_VISIBLE_DEVICES: [0]
[I 2023-11-29 22:05:17,942] Trial 79 finished with value: 7.552978038787842 and parameters: {'gradient_clip_val': 0.1538824406877985, 'hidden_size': 13, 'dropout': 0.13960862320581208, 'hidden_continuous_size': 12, 'attention_head_size': 2, 'learning_rate': 0.052882515342323355}. Best is trial 65 with value: 4.579531192779541.
LOCAL_RANK: 0 - CUDA_VISIBLE_DEVICES: [0]
[I 2023-11-29 22:05:30,452] Trial 80 finished with value: 9.008843421936035 and parameters: {'gradient_clip_val': 0.1345314526215075, 'hidden_size': 23, 'dropout': 0.11427395765932116, 'hidden_continuous_size': 11, 'attention_head_size': 4, 'learning_rate': 0.029491448118879125}. Best is trial 65 with value: 4.579531192779541.
LOCAL_RANK: 0 - CUDA_VISIBLE_DEVICES: [0]
[I 2023-11-29 22:05:40,526] Trial 81 finished with value: 7.06757116317749 and parameters: {'gradient_clip_val': 0.10013665475760819, 'hidden_size': 10, 'dropout': 0.13061785979555218, 'hidden_continuous_size': 10, 'attention_head_size': 2, 'learning_rate': 0.07412869717704137}. Best is trial 65 with value: 4.579531192779541.
LOCAL_RANK: 0 - CUDA_VISIBLE_DEVICES: [0]
[I 2023-11-29 22:05:52,691] Trial 82 finished with value: 6.804178714752197 and parameters: {'gradient_clip_val': 0.11644596918688535, 'hidden_size': 11, 'dropout': 0.14431840708393753, 'hidden_continuous_size': 10, 'attention_head_size': 3, 'learning_rate': 0.08547849549487817}. Best is trial 65 with value: 4.579531192779541.
LOCAL_RANK: 0 - CUDA_VISIBLE_DEVICES: [0]
[I 2023-11-29 22:06:04,863] Trial 83 finished with value: 9.446487426757812 and parameters: {'gradient_clip_val': 0.11390887507668317, 'hidden_size': 12, 'dropout': 0.14552933585332714, 'hidden_continuous_size': 10, 'attention_head_size': 3, 'learning_rate': 0.0622269857005633}. Best is trial 65 with value: 4.579531192779541.
LOCAL_RANK: 0 - CUDA_VISIBLE_DEVICES: [0]
[I 2023-11-29 22:06:17,068] Trial 84 finished with value: 9.528385162353516 and parameters: {'gradient_clip_val': 0.1257828359670979, 'hidden_size': 11, 'dropout': 0.16221949273725456, 'hidden_continuous_size': 10, 'attention_head_size': 3, 'learning_rate': 0.08595166859742934}. Best is trial 65 with value: 4.579531192779541.
LOCAL_RANK: 0 - CUDA_VISIBLE_DEVICES: [0]
[I 2023-11-29 22:06:29,446] Trial 85 finished with value: 6.4092631340026855 and parameters: {'gradient_clip_val': 0.10668337960714092, 'hidden_size': 15, 'dropout': 0.13876488790424196, 'hidden_continuous_size': 13, 'attention_head_size': 3, 'learning_rate': 0.0514385642976288}. Best is trial 65 with value: 4.579531192779541.
LOCAL_RANK: 0 - CUDA_VISIBLE_DEVICES: [0]
[I 2023-11-29 22:06:41,899] Trial 86 finished with value: 9.501130104064941 and parameters: {'gradient_clip_val': 0.10752443812340279, 'hidden_size': 18, 'dropout': 0.12699808820805197, 'hidden_continuous_size': 14, 'attention_head_size': 3, 'learning_rate': 0.049057348695065756}. Best is trial 65 with value: 4.579531192779541.
LOCAL_RANK: 0 - CUDA_VISIBLE_DEVICES: [0]
[I 2023-11-29 22:06:54,131] Trial 87 finished with value: 9.442328453063965 and parameters: {'gradient_clip_val': 0.1402063629741002, 'hidden_size': 15, 'dropout': 0.10538412752812755, 'hidden_continuous_size': 13, 'attention_head_size': 4, 'learning_rate': 0.041842206821231374}. Best is trial 65 with value: 4.579531192779541.
LOCAL_RANK: 0 - CUDA_VISIBLE_DEVICES: [0]
[I 2023-11-29 22:07:06,877] Trial 88 finished with value: 6.664680480957031 and parameters: {'gradient_clip_val': 0.10601398276602601, 'hidden_size': 26, 'dropout': 0.1168499995132249, 'hidden_continuous_size': 15, 'attention_head_size': 4, 'learning_rate': 0.05802661853243902}. Best is trial 65 with value: 4.579531192779541.
LOCAL_RANK: 0 - CUDA_VISIBLE_DEVICES: [0]
[I 2023-11-29 22:07:19,303] Trial 89 finished with value: 10.979535102844238 and parameters: {'gradient_clip_val': 0.10388048108794698, 'hidden_size': 26, 'dropout': 0.11697888995960978, 'hidden_continuous_size': 15, 'attention_head_size': 3, 'learning_rate': 0.05797663956281343}. Best is trial 65 with value: 4.579531192779541.
LOCAL_RANK: 0 - CUDA_VISIBLE_DEVICES: [0]
[I 2023-11-29 22:07:31,884] Trial 90 finished with value: 6.893974304199219 and parameters: {'gradient_clip_val': 0.12737932990318465, 'hidden_size': 28, 'dropout': 0.10359716124824622, 'hidden_continuous_size': 15, 'attention_head_size': 4, 'learning_rate': 0.0347820272258559}. Best is trial 65 with value: 4.579531192779541.
LOCAL_RANK: 0 - CUDA_VISIBLE_DEVICES: [0]
[I 2023-11-29 22:07:44,584] Trial 91 finished with value: 12.333255767822266 and parameters: {'gradient_clip_val': 0.10725001680302339, 'hidden_size': 30, 'dropout': 0.13787581353989833, 'hidden_continuous_size': 16, 'attention_head_size': 4, 'learning_rate': 0.05165873032384283}. Best is trial 65 with value: 4.579531192779541.
LOCAL_RANK: 0 - CUDA_VISIBLE_DEVICES: [0]
[I 2023-11-29 22:07:57,157] Trial 92 finished with value: 7.5974040031433105 and parameters: {'gradient_clip_val': 0.1164095218649796, 'hidden_size': 22, 'dropout': 0.15219718523667322, 'hidden_continuous_size': 16, 'attention_head_size': 4, 'learning_rate': 0.06968522930264444}. Best is trial 65 with value: 4.579531192779541.
LOCAL_RANK: 0 - CUDA_VISIBLE_DEVICES: [0]
[I 2023-11-29 22:08:10,062] Trial 93 finished with value: 8.938023567199707 and parameters: {'gradient_clip_val': 0.12248339524084355, 'hidden_size': 36, 'dropout': 0.12356484358088389, 'hidden_continuous_size': 17, 'attention_head_size': 4, 'learning_rate': 0.04779732150586765}. Best is trial 65 with value: 4.579531192779541.
LOCAL_RANK: 0 - CUDA_VISIBLE_DEVICES: [0]
[I 2023-11-29 22:08:22,356] Trial 94 finished with value: 11.352989196777344 and parameters: {'gradient_clip_val': 0.11164441248101363, 'hidden_size': 24, 'dropout': 0.13549294872944587, 'hidden_continuous_size': 14, 'attention_head_size': 4, 'learning_rate': 0.03910849122714076}. Best is trial 65 with value: 4.579531192779541.
LOCAL_RANK: 0 - CUDA_VISIBLE_DEVICES: [0]
[I 2023-11-29 22:08:34,891] Trial 95 finished with value: 8.21381664276123 and parameters: {'gradient_clip_val': 0.10078481403520316, 'hidden_size': 14, 'dropout': 0.1130044702088886, 'hidden_continuous_size': 13, 'attention_head_size': 4, 'learning_rate': 0.059333826625603193}. Best is trial 65 with value: 4.579531192779541.
LOCAL_RANK: 0 - CUDA_VISIBLE_DEVICES: [0]
[I 2023-11-29 22:08:47,339] Trial 96 finished with value: 7.792440891265869 and parameters: {'gradient_clip_val': 0.1330302954753865, 'hidden_size': 19, 'dropout': 0.12896988738139376, 'hidden_continuous_size': 14, 'attention_head_size': 4, 'learning_rate': 0.04599862312717439}. Best is trial 65 with value: 4.579531192779541.
LOCAL_RANK: 0 - CUDA_VISIBLE_DEVICES: [0]
[I 2023-11-29 22:08:59,468] Trial 97 finished with value: 7.9292683601379395 and parameters: {'gradient_clip_val': 0.1062538478473763, 'hidden_size': 12, 'dropout': 0.15343099504408725, 'hidden_continuous_size': 11, 'attention_head_size': 3, 'learning_rate': 0.06692144217589212}. Best is trial 65 with value: 4.579531192779541.
LOCAL_RANK: 0 - CUDA_VISIBLE_DEVICES: [0]
[I 2023-11-29 22:09:12,219] Trial 98 finished with value: 15.474747657775879 and parameters: {'gradient_clip_val': 0.12020847451809952, 'hidden_size': 26, 'dropout': 0.12043573010552573, 'hidden_continuous_size': 19, 'attention_head_size': 4, 'learning_rate': 0.07573057287195062}. Best is trial 65 with value: 4.579531192779541.
LOCAL_RANK: 0 - CUDA_VISIBLE_DEVICES: [0]
[I 2023-11-29 22:09:24,639] Trial 99 finished with value: 9.346430778503418 and parameters: {'gradient_clip_val': 0.1142606842585505, 'hidden_size': 17, 'dropout': 0.14021741682979155, 'hidden_continuous_size': 13, 'attention_head_size': 4, 'learning_rate': 0.04036039156342377}. Best is trial 65 with value: 4.579531192779541.
LOCAL_RANK: 0 - CUDA_VISIBLE_DEVICES: [0]
[I 2023-11-29 22:09:36,990] Trial 100 finished with value: 11.296356201171875 and parameters: {'gradient_clip_val': 0.14184200488757473, 'hidden_size': 13, 'dropout': 0.17357945814656006, 'hidden_continuous_size': 12, 'attention_head_size': 3, 'learning_rate': 0.05467246490266055}. Best is trial 65 with value: 4.579531192779541.
LOCAL_RANK: 0 - CUDA_VISIBLE_DEVICES: [0]
[I 2023-11-29 22:09:47,480] Trial 101 finished with value: 9.688312530517578 and parameters: {'gradient_clip_val': 0.1169844016569812, 'hidden_size': 10, 'dropout': 0.14592664803075006, 'hidden_continuous_size': 10, 'attention_head_size': 3, 'learning_rate': 0.08785916061702895}. Best is trial 65 with value: 4.579531192779541.
LOCAL_RANK: 0 - CUDA_VISIBLE_DEVICES: [0]
[I 2023-11-29 22:09:58,160] Trial 102 finished with value: 8.843463897705078 and parameters: {'gradient_clip_val': 0.1276110724493207, 'hidden_size': 11, 'dropout': 0.16332934787331846, 'hidden_continuous_size': 11, 'attention_head_size': 3, 'learning_rate': 0.07853630931812679}. Best is trial 65 with value: 4.579531192779541.
LOCAL_RANK: 0 - CUDA_VISIBLE_DEVICES: [0]
[I 2023-11-29 22:10:10,192] Trial 103 finished with value: 10.516995429992676 and parameters: {'gradient_clip_val': 0.10952436117911583, 'hidden_size': 12, 'dropout': 0.14489600562462213, 'hidden_continuous_size': 11, 'attention_head_size': 3, 'learning_rate': 0.06176418511655262}. Best is trial 65 with value: 4.579531192779541.
LOCAL_RANK: 0 - CUDA_VISIBLE_DEVICES: [0]
[I 2023-11-29 22:10:20,416] Trial 104 finished with value: 7.930002689361572 and parameters: {'gradient_clip_val': 0.13547699999276022, 'hidden_size': 10, 'dropout': 0.12998850630380246, 'hidden_continuous_size': 10, 'attention_head_size': 3, 'learning_rate': 0.09306093744804794}. Best is trial 65 with value: 4.579531192779541.
LOCAL_RANK: 0 - CUDA_VISIBLE_DEVICES: [0]
[I 2023-11-29 22:10:30,830] Trial 105 finished with value: 10.283223152160645 and parameters: {'gradient_clip_val': 0.1044141813786208, 'hidden_size': 11, 'dropout': 0.15795619290007912, 'hidden_continuous_size': 11, 'attention_head_size': 4, 'learning_rate': 0.06896451028617678}. Best is trial 65 with value: 4.579531192779541.
LOCAL_RANK: 0 - CUDA_VISIBLE_DEVICES: [0]
[I 2023-11-29 22:10:43,115] Trial 106 finished with value: 7.337090969085693 and parameters: {'gradient_clip_val': 0.11795899987299545, 'hidden_size': 20, 'dropout': 0.10756777664395778, 'hidden_continuous_size': 15, 'attention_head_size': 3, 'learning_rate': 0.08223000711786436}. Best is trial 65 with value: 4.579531192779541.
LOCAL_RANK: 0 - CUDA_VISIBLE_DEVICES: [0]
[I 2023-11-29 22:10:55,496] Trial 107 finished with value: 10.537591934204102 and parameters: {'gradient_clip_val': 0.112827857642394, 'hidden_size': 11, 'dropout': 0.13611187347965467, 'hidden_continuous_size': 10, 'attention_head_size': 3, 'learning_rate': 0.0512183604270743}. Best is trial 65 with value: 4.579531192779541.
LOCAL_RANK: 0 - CUDA_VISIBLE_DEVICES: [0]
[I 2023-11-29 22:11:07,865] Trial 108 finished with value: 7.8046722412109375 and parameters: {'gradient_clip_val': 0.12338410924013204, 'hidden_size': 13, 'dropout': 0.116851336995758, 'hidden_continuous_size': 12, 'attention_head_size': 4, 'learning_rate': 0.05649303626022351}. Best is trial 65 with value: 4.579531192779541.
LOCAL_RANK: 0 - CUDA_VISIBLE_DEVICES: [0]
[I 2023-11-29 22:11:19,837] Trial 109 finished with value: 11.985844612121582 and parameters: {'gradient_clip_val': 0.10415121605907374, 'hidden_size': 12, 'dropout': 0.14886409603167652, 'hidden_continuous_size': 11, 'attention_head_size': 3, 'learning_rate': 0.07378529331070706}. Best is trial 65 with value: 4.579531192779541.
LOCAL_RANK: 0 - CUDA_VISIBLE_DEVICES: [0]
[I 2023-11-29 22:11:32,611] Trial 110 finished with value: 8.604013442993164 and parameters: {'gradient_clip_val': 0.10007847063820234, 'hidden_size': 32, 'dropout': 0.14050878909724307, 'hidden_continuous_size': 27, 'attention_head_size': 4, 'learning_rate': 0.04503023878489764}. Best is trial 65 with value: 4.579531192779541.
LOCAL_RANK: 0 - CUDA_VISIBLE_DEVICES: [0]
[I 2023-11-29 22:11:42,796] Trial 111 finished with value: 7.067336559295654 and parameters: {'gradient_clip_val': 0.11001586609573807, 'hidden_size': 10, 'dropout': 0.12991488078098268, 'hidden_continuous_size': 10, 'attention_head_size': 1, 'learning_rate': 0.06410612682587734}. Best is trial 65 with value: 4.579531192779541.
LOCAL_RANK: 0 - CUDA_VISIBLE_DEVICES: [0]
[I 2023-11-29 22:11:53,253] Trial 112 finished with value: 9.5741548538208 and parameters: {'gradient_clip_val': 0.1144078753117739, 'hidden_size': 10, 'dropout': 0.13419811192158362, 'hidden_continuous_size': 10, 'attention_head_size': 2, 'learning_rate': 0.09952527368593152}. Best is trial 65 with value: 4.579531192779541.
LOCAL_RANK: 0 - CUDA_VISIBLE_DEVICES: [0]
[I 2023-11-29 22:12:05,303] Trial 113 finished with value: 7.616979122161865 and parameters: {'gradient_clip_val': 0.1287280678602353, 'hidden_size': 11, 'dropout': 0.15386114252481434, 'hidden_continuous_size': 10, 'attention_head_size': 1, 'learning_rate': 0.07976177299799611}. Best is trial 65 with value: 4.579531192779541.
LOCAL_RANK: 0 - CUDA_VISIBLE_DEVICES: [0]
[I 2023-11-29 22:12:15,620] Trial 114 finished with value: 6.683493137359619 and parameters: {'gradient_clip_val': 0.12190746440847518, 'hidden_size': 10, 'dropout': 0.12159107420076255, 'hidden_continuous_size': 10, 'attention_head_size': 4, 'learning_rate': 0.08869685117277999}. Best is trial 65 with value: 4.579531192779541.
LOCAL_RANK: 0 - CUDA_VISIBLE_DEVICES: [0]
[I 2023-11-29 22:12:25,971] Trial 115 finished with value: 7.84844446182251 and parameters: {'gradient_clip_val': 0.14851734458329888, 'hidden_size': 10, 'dropout': 0.12209500910489579, 'hidden_continuous_size': 10, 'attention_head_size': 4, 'learning_rate': 0.08740799233792634}. Best is trial 65 with value: 4.579531192779541.
LOCAL_RANK: 0 - CUDA_VISIBLE_DEVICES: [0]
[I 2023-11-29 22:12:38,105] Trial 116 finished with value: 10.827954292297363 and parameters: {'gradient_clip_val': 0.12111291317212357, 'hidden_size': 12, 'dropout': 0.11050363376785366, 'hidden_continuous_size': 11, 'attention_head_size': 4, 'learning_rate': 0.07149400411903536}. Best is trial 65 with value: 4.579531192779541.
LOCAL_RANK: 0 - CUDA_VISIBLE_DEVICES: [0]
[I 2023-11-29 22:12:50,558] Trial 117 finished with value: 9.504176139831543 and parameters: {'gradient_clip_val': 0.10735844759865107, 'hidden_size': 16, 'dropout': 0.16825621839875624, 'hidden_continuous_size': 14, 'attention_head_size': 4, 'learning_rate': 0.05928406928519665}. Best is trial 65 with value: 4.579531192779541.
LOCAL_RANK: 0 - CUDA_VISIBLE_DEVICES: [0]
[I 2023-11-29 22:13:03,035] Trial 118 finished with value: 11.20644760131836 and parameters: {'gradient_clip_val': 0.1323040303489334, 'hidden_size': 14, 'dropout': 0.1242035047469579, 'hidden_continuous_size': 12, 'attention_head_size': 4, 'learning_rate': 0.050748207537217045}. Best is trial 65 with value: 4.579531192779541.
LOCAL_RANK: 0 - CUDA_VISIBLE_DEVICES: [0]
[I 2023-11-29 22:13:15,279] Trial 119 finished with value: 9.768698692321777 and parameters: {'gradient_clip_val': 0.13946027438133854, 'hidden_size': 11, 'dropout': 0.14512448683328952, 'hidden_continuous_size': 10, 'attention_head_size': 4, 'learning_rate': 0.03579892843049343}. Best is trial 65 with value: 4.579531192779541.
LOCAL_RANK: 0 - CUDA_VISIBLE_DEVICES: [0]
[I 2023-11-29 22:13:27,660] Trial 120 finished with value: 6.304992198944092 and parameters: {'gradient_clip_val': 0.11732750283551173, 'hidden_size': 15, 'dropout': 0.16127610277487048, 'hidden_continuous_size': 13, 'attention_head_size': 3, 'learning_rate': 0.09161852380715038}. Best is trial 65 with value: 4.579531192779541.
LOCAL_RANK: 0 - CUDA_VISIBLE_DEVICES: [0]
[I 2023-11-29 22:13:40,074] Trial 121 finished with value: 7.649316310882568 and parameters: {'gradient_clip_val': 0.11692767136667444, 'hidden_size': 18, 'dropout': 0.17629216768337308, 'hidden_continuous_size': 13, 'attention_head_size': 3, 'learning_rate': 0.09169984383395355}. Best is trial 65 with value: 4.579531192779541.
LOCAL_RANK: 0 - CUDA_VISIBLE_DEVICES: [0]
[I 2023-11-29 22:13:52,503] Trial 122 finished with value: 9.473484992980957 and parameters: {'gradient_clip_val': 0.12402113751801308, 'hidden_size': 15, 'dropout': 0.15953985672908996, 'hidden_continuous_size': 13, 'attention_head_size': 3, 'learning_rate': 0.07843545041205405}. Best is trial 65 with value: 4.579531192779541.
LOCAL_RANK: 0 - CUDA_VISIBLE_DEVICES: [0]
[I 2023-11-29 22:14:04,902] Trial 123 finished with value: 8.084980964660645 and parameters: {'gradient_clip_val': 0.11230950495105124, 'hidden_size': 13, 'dropout': 0.1496265276772499, 'hidden_continuous_size': 12, 'attention_head_size': 3, 'learning_rate': 0.09876257140452008}. Best is trial 65 with value: 4.579531192779541.
LOCAL_RANK: 0 - CUDA_VISIBLE_DEVICES: [0]
[I 2023-11-29 22:14:17,361] Trial 124 finished with value: 7.953511714935303 and parameters: {'gradient_clip_val': 0.10341023058032962, 'hidden_size': 15, 'dropout': 0.13870040630465874, 'hidden_continuous_size': 13, 'attention_head_size': 3, 'learning_rate': 0.08362961802085908}. Best is trial 65 with value: 4.579531192779541.
LOCAL_RANK: 0 - CUDA_VISIBLE_DEVICES: [0]
[I 2023-11-29 22:14:29,813] Trial 125 finished with value: 11.018322944641113 and parameters: {'gradient_clip_val': 0.11977798871762532, 'hidden_size': 28, 'dropout': 0.16538019769657017, 'hidden_continuous_size': 14, 'attention_head_size': 4, 'learning_rate': 0.0659812200478096}. Best is trial 65 with value: 4.579531192779541.
LOCAL_RANK: 0 - CUDA_VISIBLE_DEVICES: [0]
[I 2023-11-29 22:14:41,911] Trial 126 finished with value: 8.141438484191895 and parameters: {'gradient_clip_val': 0.1286786420994747, 'hidden_size': 16, 'dropout': 0.10181549000853216, 'hidden_continuous_size': 13, 'attention_head_size': 3, 'learning_rate': 0.07060503225514998}. Best is trial 65 with value: 4.579531192779541.
LOCAL_RANK: 0 - CUDA_VISIBLE_DEVICES: [0]
[I 2023-11-29 22:14:53,959] Trial 127 finished with value: 8.077303886413574 and parameters: {'gradient_clip_val': 0.10946106786099655, 'hidden_size': 12, 'dropout': 0.11733183697865598, 'hidden_continuous_size': 10, 'attention_head_size': 4, 'learning_rate': 0.0546920086099401}. Best is trial 65 with value: 4.579531192779541.
LOCAL_RANK: 0 - CUDA_VISIBLE_DEVICES: [0]
[I 2023-11-29 22:15:06,492] Trial 128 finished with value: 8.554165840148926 and parameters: {'gradient_clip_val': 0.1538820543466955, 'hidden_size': 14, 'dropout': 0.18103531327742772, 'hidden_continuous_size': 13, 'attention_head_size': 4, 'learning_rate': 0.04235508760233814}. Best is trial 65 with value: 4.579531192779541.
LOCAL_RANK: 0 - CUDA_VISIBLE_DEVICES: [0]
[I 2023-11-29 22:15:16,960] Trial 129 finished with value: 12.171219825744629 and parameters: {'gradient_clip_val': 0.13433587167113, 'hidden_size': 10, 'dropout': 0.15587068223896883, 'hidden_continuous_size': 10, 'attention_head_size': 3, 'learning_rate': 0.024851006318990853}. Best is trial 65 with value: 4.579531192779541.
LOCAL_RANK: 0 - CUDA_VISIBLE_DEVICES: [0]
[I 2023-11-29 22:15:29,599] Trial 130 finished with value: 8.22229290008545 and parameters: {'gradient_clip_val': 0.10438321251453693, 'hidden_size': 23, 'dropout': 0.1314416848221321, 'hidden_continuous_size': 15, 'attention_head_size': 4, 'learning_rate': 0.030723169194332423}. Best is trial 65 with value: 4.579531192779541.
LOCAL_RANK: 0 - CUDA_VISIBLE_DEVICES: [0]
[I 2023-11-29 22:15:41,815] Trial 131 finished with value: 12.97576904296875 and parameters: {'gradient_clip_val': 0.11409186048350553, 'hidden_size': 11, 'dropout': 0.1271748064774945, 'hidden_continuous_size': 10, 'attention_head_size': 2, 'learning_rate': 0.07376921594511139}. Best is trial 65 with value: 4.579531192779541.
LOCAL_RANK: 0 - CUDA_VISIBLE_DEVICES: [0]
[I 2023-11-29 22:15:52,067] Trial 132 finished with value: 8.978278160095215 and parameters: {'gradient_clip_val': 0.1083987771247484, 'hidden_size': 10, 'dropout': 0.14171070951575943, 'hidden_continuous_size': 10, 'attention_head_size': 3, 'learning_rate': 0.08569281155823846}. Best is trial 65 with value: 4.579531192779541.
LOCAL_RANK: 0 - CUDA_VISIBLE_DEVICES: [0]
