[I 2023-11-30 09:47:29,726] Trial 75 finished with value: 237.69775390625 and parameters: {'gradient_clip_val': 0.3151107827362851, 'hidden_size': 150, 'dropout': 0.34479851177899307, 'hidden_continuous_size': 67, 'attention_head_size': 1, 'learning_rate': 0.002095200712645005}. Best is trial 64 with value: 217.42364501953125.
LOCAL_RANK: 0 - CUDA_VISIBLE_DEVICES: [0]
[I 2023-11-30 09:47:44,233] Trial 76 finished with value: 316.0997314453125 and parameters: {'gradient_clip_val': 0.28395465496051464, 'hidden_size': 148, 'dropout': 0.34450610751410354, 'hidden_continuous_size': 67, 'attention_head_size': 1, 'learning_rate': 0.0037947028700866152}. Best is trial 64 with value: 217.42364501953125.
LOCAL_RANK: 0 - CUDA_VISIBLE_DEVICES: [0]
[I 2023-11-30 09:47:58,578] Trial 77 finished with value: 247.01202392578125 and parameters: {'gradient_clip_val': 0.21486484497980005, 'hidden_size': 138, 'dropout': 0.3235505159560124, 'hidden_continuous_size': 63, 'attention_head_size': 1, 'learning_rate': 0.002079425003227477}. Best is trial 64 with value: 217.42364501953125.
LOCAL_RANK: 0 - CUDA_VISIBLE_DEVICES: [0]
[I 2023-11-30 09:48:12,658] Trial 78 finished with value: 240.4647216796875 and parameters: {'gradient_clip_val': 0.3136049550538323, 'hidden_size': 117, 'dropout': 0.3336205251585483, 'hidden_continuous_size': 46, 'attention_head_size': 1, 'learning_rate': 0.004811749521112952}. Best is trial 64 with value: 217.42364501953125.
LOCAL_RANK: 0 - CUDA_VISIBLE_DEVICES: [0]
[I 2023-11-30 09:48:26,653] Trial 79 finished with value: 261.2976989746094 and parameters: {'gradient_clip_val': 0.31851110922559395, 'hidden_size': 105, 'dropout': 0.29109109232353636, 'hidden_continuous_size': 46, 'attention_head_size': 1, 'learning_rate': 0.0029583351592020984}. Best is trial 64 with value: 217.42364501953125.
LOCAL_RANK: 0 - CUDA_VISIBLE_DEVICES: [0]
[I 2023-11-30 09:48:40,961] Trial 80 finished with value: 241.53224182128906 and parameters: {'gradient_clip_val': 0.34515949354866926, 'hidden_size': 121, 'dropout': 0.3360893574275801, 'hidden_continuous_size': 42, 'attention_head_size': 1, 'learning_rate': 0.002533902329164467}. Best is trial 64 with value: 217.42364501953125.
LOCAL_RANK: 0 - CUDA_VISIBLE_DEVICES: [0]
[I 2023-11-30 09:48:55,017] Trial 81 finished with value: 219.8516845703125 and parameters: {'gradient_clip_val': 0.34583863084581073, 'hidden_size': 123, 'dropout': 0.3176871015939602, 'hidden_continuous_size': 42, 'attention_head_size': 1, 'learning_rate': 0.002516756196584576}. Best is trial 64 with value: 217.42364501953125.
LOCAL_RANK: 0 - CUDA_VISIBLE_DEVICES: [0]
[I 2023-11-30 09:49:09,084] Trial 82 finished with value: 256.6437072753906 and parameters: {'gradient_clip_val': 0.3122349836082173, 'hidden_size': 127, 'dropout': 0.3171546785967257, 'hidden_continuous_size': 39, 'attention_head_size': 1, 'learning_rate': 0.004895211419203927}. Best is trial 64 with value: 217.42364501953125.
LOCAL_RANK: 0 - CUDA_VISIBLE_DEVICES: [0]
[I 2023-11-30 09:49:22,940] Trial 83 finished with value: 230.1693115234375 and parameters: {'gradient_clip_val': 0.3668887974391225, 'hidden_size': 86, 'dropout': 0.3088255744293822, 'hidden_continuous_size': 46, 'attention_head_size': 1, 'learning_rate': 0.003481908675564171}. Best is trial 64 with value: 217.42364501953125.
LOCAL_RANK: 0 - CUDA_VISIBLE_DEVICES: [0]
[I 2023-11-30 09:49:36,908] Trial 84 finished with value: 316.8248596191406 and parameters: {'gradient_clip_val': 0.36727538676802657, 'hidden_size': 114, 'dropout': 0.310515287489567, 'hidden_continuous_size': 37, 'attention_head_size': 1, 'learning_rate': 0.003585965325199138}. Best is trial 64 with value: 217.42364501953125.
LOCAL_RANK: 0 - CUDA_VISIBLE_DEVICES: [0]
[I 2023-11-30 09:49:51,058] Trial 85 finished with value: 267.7902526855469 and parameters: {'gradient_clip_val': 0.3305317603339441, 'hidden_size': 85, 'dropout': 0.3264637158318717, 'hidden_continuous_size': 48, 'attention_head_size': 3, 'learning_rate': 0.004194782366558981}. Best is trial 64 with value: 217.42364501953125.
LOCAL_RANK: 0 - CUDA_VISIBLE_DEVICES: [0]
[I 2023-11-30 09:50:05,401] Trial 86 finished with value: 290.7947082519531 and parameters: {'gradient_clip_val': 0.3743888884195138, 'hidden_size': 141, 'dropout': 0.3038676022222209, 'hidden_continuous_size': 32, 'attention_head_size': 1, 'learning_rate': 0.0022024349616588607}. Best is trial 64 with value: 217.42364501953125.
LOCAL_RANK: 0 - CUDA_VISIBLE_DEVICES: [0]
[I 2023-11-30 09:50:19,275] Trial 87 finished with value: 288.14813232421875 and parameters: {'gradient_clip_val': 0.3452490792014994, 'hidden_size': 104, 'dropout': 0.31891042508144735, 'hidden_continuous_size': 43, 'attention_head_size': 1, 'learning_rate': 0.0026308245174949873}. Best is trial 64 with value: 217.42364501953125.
LOCAL_RANK: 0 - CUDA_VISIBLE_DEVICES: [0]
[I 2023-11-30 09:50:33,298] Trial 88 finished with value: 253.5058135986328 and parameters: {'gradient_clip_val': 0.30592232799844876, 'hidden_size': 132, 'dropout': 0.33375500268470104, 'hidden_continuous_size': 36, 'attention_head_size': 1, 'learning_rate': 0.003369588942147376}. Best is trial 64 with value: 217.42364501953125.
LOCAL_RANK: 0 - CUDA_VISIBLE_DEVICES: [0]
[I 2023-11-30 09:50:47,289] Trial 89 finished with value: 220.1516571044922 and parameters: {'gradient_clip_val': 0.32191862151274847, 'hidden_size': 117, 'dropout': 0.3425884815993706, 'hidden_continuous_size': 40, 'attention_head_size': 1, 'learning_rate': 0.0015610980452298612}. Best is trial 64 with value: 217.42364501953125.
LOCAL_RANK: 0 - CUDA_VISIBLE_DEVICES: [0]
[I 2023-11-30 09:51:01,279] Trial 90 finished with value: 265.0879211425781 and parameters: {'gradient_clip_val': 0.3689246670524317, 'hidden_size': 92, 'dropout': 0.34917220350710415, 'hidden_continuous_size': 41, 'attention_head_size': 1, 'learning_rate': 0.0016504258703395488}. Best is trial 64 with value: 217.42364501953125.
LOCAL_RANK: 0 - CUDA_VISIBLE_DEVICES: [0]
[I 2023-11-30 09:51:15,370] Trial 91 finished with value: 252.980712890625 and parameters: {'gradient_clip_val': 0.3217605730507737, 'hidden_size': 115, 'dropout': 0.34167960899276023, 'hidden_continuous_size': 46, 'attention_head_size': 1, 'learning_rate': 0.001504398554450696}. Best is trial 64 with value: 217.42364501953125.
LOCAL_RANK: 0 - CUDA_VISIBLE_DEVICES: [0]
[I 2023-11-30 09:51:29,209] Trial 92 finished with value: 300.4705810546875 and parameters: {'gradient_clip_val': 0.28806983817454607, 'hidden_size': 120, 'dropout': 0.33543283777295907, 'hidden_continuous_size': 40, 'attention_head_size': 1, 'learning_rate': 0.0011462313390788596}. Best is trial 64 with value: 217.42364501953125.
LOCAL_RANK: 0 - CUDA_VISIBLE_DEVICES: [0]
[I 2023-11-30 09:51:43,360] Trial 93 finished with value: 243.50840759277344 and parameters: {'gradient_clip_val': 0.33924661303290465, 'hidden_size': 127, 'dropout': 0.32920378549348145, 'hidden_continuous_size': 38, 'attention_head_size': 1, 'learning_rate': 0.0023780388316425732}. Best is trial 64 with value: 217.42364501953125.
LOCAL_RANK: 0 - CUDA_VISIBLE_DEVICES: [0]
[I 2023-11-30 09:51:57,328] Trial 94 finished with value: 276.6335144042969 and parameters: {'gradient_clip_val': 0.4117971018335932, 'hidden_size': 109, 'dropout': 0.35794408288761337, 'hidden_continuous_size': 34, 'attention_head_size': 1, 'learning_rate': 0.0022146522037564055}. Best is trial 64 with value: 217.42364501953125.
LOCAL_RANK: 0 - CUDA_VISIBLE_DEVICES: [0]
[I 2023-11-30 09:52:11,553] Trial 95 finished with value: 275.9452209472656 and parameters: {'gradient_clip_val': 0.2753765227032865, 'hidden_size': 100, 'dropout': 0.32431480406347885, 'hidden_continuous_size': 45, 'attention_head_size': 1, 'learning_rate': 0.0019108169155441208}. Best is trial 64 with value: 217.42364501953125.
LOCAL_RANK: 0 - CUDA_VISIBLE_DEVICES: [0]
[I 2023-11-30 09:52:25,865] Trial 96 finished with value: 272.0289306640625 and parameters: {'gradient_clip_val': 0.302720847688109, 'hidden_size': 141, 'dropout': 0.31622667389633324, 'hidden_continuous_size': 56, 'attention_head_size': 1, 'learning_rate': 0.0030431016976477025}. Best is trial 64 with value: 217.42364501953125.
LOCAL_RANK: 0 - CUDA_VISIBLE_DEVICES: [0]
[I 2023-11-30 09:52:39,843] Trial 97 finished with value: 325.8669128417969 and parameters: {'gradient_clip_val': 0.3194633360252227, 'hidden_size': 124, 'dropout': 0.3059653799123778, 'hidden_continuous_size': 53, 'attention_head_size': 1, 'learning_rate': 0.0013485290462891628}. Best is trial 64 with value: 217.42364501953125.
LOCAL_RANK: 0 - CUDA_VISIBLE_DEVICES: [0]
[I 2023-11-30 09:52:54,168] Trial 98 finished with value: 303.3780822753906 and parameters: {'gradient_clip_val': 0.35393446148026125, 'hidden_size': 148, 'dropout': 0.2949150810106801, 'hidden_continuous_size': 58, 'attention_head_size': 1, 'learning_rate': 0.004009070529467902}. Best is trial 64 with value: 217.42364501953125.
LOCAL_RANK: 0 - CUDA_VISIBLE_DEVICES: [0]
[I 2023-11-30 09:53:08,394] Trial 99 finished with value: 243.24534606933594 and parameters: {'gradient_clip_val': 0.3747734853702978, 'hidden_size': 134, 'dropout': 0.34320738218661934, 'hidden_continuous_size': 47, 'attention_head_size': 1, 'learning_rate': 0.002014519477542166}. Best is trial 64 with value: 217.42364501953125.
LOCAL_RANK: 0 - CUDA_VISIBLE_DEVICES: [0]
[I 2023-11-30 09:53:22,606] Trial 100 finished with value: 243.2111053466797 and parameters: {'gradient_clip_val': 0.2925231024277017, 'hidden_size': 113, 'dropout': 0.35453115396891693, 'hidden_continuous_size': 43, 'attention_head_size': 1, 'learning_rate': 0.0016371689649016872}. Best is trial 64 with value: 217.42364501953125.
LOCAL_RANK: 0 - CUDA_VISIBLE_DEVICES: [0]
[I 2023-11-30 09:53:36,398] Trial 101 finished with value: 267.2969055175781 and parameters: {'gradient_clip_val': 0.2639729676756671, 'hidden_size': 96, 'dropout': 0.3631071216018805, 'hidden_continuous_size': 52, 'attention_head_size': 1, 'learning_rate': 0.0028692191975097955}. Best is trial 64 with value: 217.42364501953125.
LOCAL_RANK: 0 - CUDA_VISIBLE_DEVICES: [0]
[I 2023-11-30 09:53:50,584] Trial 102 finished with value: 304.4956970214844 and parameters: {'gradient_clip_val': 0.27740090811856394, 'hidden_size': 118, 'dropout': 0.34847769914782273, 'hidden_continuous_size': 49, 'attention_head_size': 1, 'learning_rate': 0.0034721787223694605}. Best is trial 64 with value: 217.42364501953125.
LOCAL_RANK: 0 - CUDA_VISIBLE_DEVICES: [0]
[I 2023-11-30 09:54:04,599] Trial 103 finished with value: 243.2954559326172 and parameters: {'gradient_clip_val': 0.3112079202995185, 'hidden_size': 105, 'dropout': 0.3371531010744123, 'hidden_continuous_size': 51, 'attention_head_size': 1, 'learning_rate': 0.0030451956948746592}. Best is trial 64 with value: 217.42364501953125.
LOCAL_RANK: 0 - CUDA_VISIBLE_DEVICES: [0]
[I 2023-11-30 09:54:18,555] Trial 104 finished with value: 257.482421875 and parameters: {'gradient_clip_val': 0.3369531932945588, 'hidden_size': 86, 'dropout': 0.3724661645709695, 'hidden_continuous_size': 43, 'attention_head_size': 1, 'learning_rate': 0.002514259519887637}. Best is trial 64 with value: 217.42364501953125.
LOCAL_RANK: 0 - CUDA_VISIBLE_DEVICES: [0]
[I 2023-11-30 09:54:32,567] Trial 105 finished with value: 223.4287567138672 and parameters: {'gradient_clip_val': 0.25360588774164905, 'hidden_size': 108, 'dropout': 0.36263735997837726, 'hidden_continuous_size': 40, 'attention_head_size': 1, 'learning_rate': 0.002786991359060433}. Best is trial 64 with value: 217.42364501953125.
LOCAL_RANK: 0 - CUDA_VISIBLE_DEVICES: [0]
[I 2023-11-30 09:54:46,559] Trial 106 finished with value: 286.27496337890625 and parameters: {'gradient_clip_val': 0.24936272379969954, 'hidden_size': 109, 'dropout': 0.33168366675159583, 'hidden_continuous_size': 40, 'attention_head_size': 1, 'learning_rate': 0.0019328070282619617}. Best is trial 64 with value: 217.42364501953125.
LOCAL_RANK: 0 - CUDA_VISIBLE_DEVICES: [0]
[I 2023-11-30 09:55:00,730] Trial 107 finished with value: 266.4228820800781 and parameters: {'gradient_clip_val': 0.2997599423437321, 'hidden_size': 129, 'dropout': 0.3597425506391222, 'hidden_continuous_size': 37, 'attention_head_size': 1, 'learning_rate': 0.004489636901342581}. Best is trial 64 with value: 217.42364501953125.
LOCAL_RANK: 0 - CUDA_VISIBLE_DEVICES: [0]
[I 2023-11-30 09:55:15,200] Trial 108 finished with value: 280.5997619628906 and parameters: {'gradient_clip_val': 0.38788219548195174, 'hidden_size': 123, 'dropout': 0.34335160010967586, 'hidden_continuous_size': 47, 'attention_head_size': 4, 'learning_rate': 0.0037575102294208954}. Best is trial 64 with value: 217.42364501953125.
LOCAL_RANK: 0 - CUDA_VISIBLE_DEVICES: [0]
[I 2023-11-30 09:55:29,111] Trial 109 finished with value: 243.2369842529297 and parameters: {'gradient_clip_val': 0.3561401758603568, 'hidden_size': 101, 'dropout': 0.3186709664939876, 'hidden_continuous_size': 45, 'attention_head_size': 1, 'learning_rate': 0.0021968686989985503}. Best is trial 64 with value: 217.42364501953125.
LOCAL_RANK: 0 - CUDA_VISIBLE_DEVICES: [0]
[I 2023-11-30 09:55:43,526] Trial 110 finished with value: 241.5489501953125 and parameters: {'gradient_clip_val': 0.25434559620277053, 'hidden_size': 142, 'dropout': 0.35111155153254314, 'hidden_continuous_size': 34, 'attention_head_size': 1, 'learning_rate': 0.0026917564707368067}. Best is trial 64 with value: 217.42364501953125.
LOCAL_RANK: 0 - CUDA_VISIBLE_DEVICES: [0]
[I 2023-11-30 09:55:57,450] Trial 111 finished with value: 250.29298400878906 and parameters: {'gradient_clip_val': 0.2727898035952624, 'hidden_size': 94, 'dropout': 0.3657257648452841, 'hidden_continuous_size': 49, 'attention_head_size': 1, 'learning_rate': 0.003217472797111406}. Best is trial 64 with value: 217.42364501953125.
LOCAL_RANK: 0 - CUDA_VISIBLE_DEVICES: [0]
[I 2023-11-30 09:56:11,376] Trial 112 finished with value: 246.22625732421875 and parameters: {'gradient_clip_val': 0.28759940123511174, 'hidden_size': 114, 'dropout': 0.38101003791279714, 'hidden_continuous_size': 42, 'attention_head_size': 1, 'learning_rate': 0.0028392264211989948}. Best is trial 64 with value: 217.42364501953125.
LOCAL_RANK: 0 - CUDA_VISIBLE_DEVICES: [0]
[I 2023-11-30 09:56:25,421] Trial 113 finished with value: 259.1405029296875 and parameters: {'gradient_clip_val': 0.31999882016674297, 'hidden_size': 89, 'dropout': 0.36795871401266045, 'hidden_continuous_size': 51, 'attention_head_size': 1, 'learning_rate': 0.0024537113212774707}. Best is trial 64 with value: 217.42364501953125.
LOCAL_RANK: 0 - CUDA_VISIBLE_DEVICES: [0]
[I 2023-11-30 09:56:39,433] Trial 114 finished with value: 243.2136688232422 and parameters: {'gradient_clip_val': 0.26366113184946355, 'hidden_size': 106, 'dropout': 0.3274178719873915, 'hidden_continuous_size': 40, 'attention_head_size': 1, 'learning_rate': 0.0034099494419877418}. Best is trial 64 with value: 217.42364501953125.
LOCAL_RANK: 0 - CUDA_VISIBLE_DEVICES: [0]
[I 2023-11-30 09:56:53,835] Trial 115 finished with value: 216.44432067871094 and parameters: {'gradient_clip_val': 0.2386414057962957, 'hidden_size': 133, 'dropout': 0.391352245297742, 'hidden_continuous_size': 56, 'attention_head_size': 1, 'learning_rate': 0.001755019565328708}. Best is trial 115 with value: 216.44432067871094.
LOCAL_RANK: 0 - CUDA_VISIBLE_DEVICES: [0]
[I 2023-11-30 09:57:08,000] Trial 116 finished with value: 243.70140075683594 and parameters: {'gradient_clip_val': 0.24142656770489213, 'hidden_size': 134, 'dropout': 0.3921233460137783, 'hidden_continuous_size': 55, 'attention_head_size': 1, 'learning_rate': 0.0018018277399483452}. Best is trial 115 with value: 216.44432067871094.
LOCAL_RANK: 0 - CUDA_VISIBLE_DEVICES: [0]
[I 2023-11-30 09:57:22,020] Trial 117 finished with value: 259.7030944824219 and parameters: {'gradient_clip_val': 0.23447587694459487, 'hidden_size': 119, 'dropout': 0.38035225898490604, 'hidden_continuous_size': 39, 'attention_head_size': 1, 'learning_rate': 0.0015704866252542005}. Best is trial 115 with value: 216.44432067871094.
LOCAL_RANK: 0 - CUDA_VISIBLE_DEVICES: [0]
[I 2023-11-30 09:57:36,590] Trial 118 finished with value: 271.9547424316406 and parameters: {'gradient_clip_val': 0.3346244938177405, 'hidden_size': 150, 'dropout': 0.3879246242956132, 'hidden_continuous_size': 62, 'attention_head_size': 1, 'learning_rate': 0.0014233833449940746}. Best is trial 115 with value: 216.44432067871094.
LOCAL_RANK: 0 - CUDA_VISIBLE_DEVICES: [0]
[I 2023-11-30 09:57:50,699] Trial 119 finished with value: 278.2269287109375 and parameters: {'gradient_clip_val': 0.306547536058053, 'hidden_size': 124, 'dropout': 0.39323369948394044, 'hidden_continuous_size': 58, 'attention_head_size': 1, 'learning_rate': 0.0012458735487048988}. Best is trial 115 with value: 216.44432067871094.
LOCAL_RANK: 0 - CUDA_VISIBLE_DEVICES: [0]
[I 2023-11-30 09:58:04,871] Trial 120 finished with value: 244.66925048828125 and parameters: {'gradient_clip_val': 0.2180703941352033, 'hidden_size': 111, 'dropout': 0.33860974640299424, 'hidden_continuous_size': 44, 'attention_head_size': 1, 'learning_rate': 0.0021732197866603732}. Best is trial 115 with value: 216.44432067871094.
LOCAL_RANK: 0 - CUDA_VISIBLE_DEVICES: [0]
[I 2023-11-30 09:58:18,917] Trial 121 finished with value: 241.6520233154297 and parameters: {'gradient_clip_val': 0.2573369014507874, 'hidden_size': 99, 'dropout': 0.372830204266027, 'hidden_continuous_size': 53, 'attention_head_size': 1, 'learning_rate': 0.002501048243695249}. Best is trial 115 with value: 216.44432067871094.
LOCAL_RANK: 0 - CUDA_VISIBLE_DEVICES: [0]
[I 2023-11-30 09:58:33,196] Trial 122 finished with value: 243.3448944091797 and parameters: {'gradient_clip_val': 0.28062320880427183, 'hidden_size': 130, 'dropout': 0.36013713397241376, 'hidden_continuous_size': 48, 'attention_head_size': 1, 'learning_rate': 0.004123115016708564}. Best is trial 115 with value: 216.44432067871094.
LOCAL_RANK: 0 - CUDA_VISIBLE_DEVICES: [0]
[I 2023-11-30 09:58:47,206] Trial 123 finished with value: 257.7322692871094 and parameters: {'gradient_clip_val': 0.3262740888284824, 'hidden_size': 117, 'dropout': 0.38516838917854784, 'hidden_continuous_size': 46, 'attention_head_size': 1, 'learning_rate': 0.0017250322605267183}. Best is trial 115 with value: 216.44432067871094.
LOCAL_RANK: 0 - CUDA_VISIBLE_DEVICES: [0]
[I 2023-11-30 09:59:01,379] Trial 124 finished with value: 237.3347930908203 and parameters: {'gradient_clip_val': 0.24415771502133748, 'hidden_size': 136, 'dropout': 0.32182158325275156, 'hidden_continuous_size': 61, 'attention_head_size': 1, 'learning_rate': 0.0019906360678338332}. Best is trial 115 with value: 216.44432067871094.
LOCAL_RANK: 0 - CUDA_VISIBLE_DEVICES: [0]
[I 2023-11-30 09:59:16,063] Trial 125 finished with value: 241.30149841308594 and parameters: {'gradient_clip_val': 0.22584338494196476, 'hidden_size': 138, 'dropout': 0.31176473498170226, 'hidden_continuous_size': 69, 'attention_head_size': 1, 'learning_rate': 0.0019388549926986566}. Best is trial 115 with value: 216.44432067871094.
LOCAL_RANK: 0 - CUDA_VISIBLE_DEVICES: [0]
[I 2023-11-30 09:59:30,390] Trial 126 finished with value: 256.2633972167969 and parameters: {'gradient_clip_val': 0.2412408165222747, 'hidden_size': 134, 'dropout': 0.32155547321294753, 'hidden_continuous_size': 61, 'attention_head_size': 1, 'learning_rate': 0.0022421173934740763}. Best is trial 115 with value: 216.44432067871094.
LOCAL_RANK: 0 - CUDA_VISIBLE_DEVICES: [0]
[I 2023-11-30 09:59:44,744] Trial 127 finished with value: 246.9595947265625 and parameters: {'gradient_clip_val': 0.20408477638444733, 'hidden_size': 142, 'dropout': 0.314352291552775, 'hidden_continuous_size': 55, 'attention_head_size': 1, 'learning_rate': 0.0015385471309473464}. Best is trial 115 with value: 216.44432067871094.
LOCAL_RANK: 0 - CUDA_VISIBLE_DEVICES: [0]
[I 2023-11-30 09:59:58,890] Trial 128 finished with value: 276.26947021484375 and parameters: {'gradient_clip_val': 0.35186038058975133, 'hidden_size': 127, 'dropout': 0.32516092853576783, 'hidden_continuous_size': 58, 'attention_head_size': 1, 'learning_rate': 0.0020612483128325545}. Best is trial 115 with value: 216.44432067871094.
LOCAL_RANK: 0 - CUDA_VISIBLE_DEVICES: [0]
[I 2023-11-30 10:00:13,019] Trial 129 finished with value: 314.0336608886719 and parameters: {'gradient_clip_val': 0.2980219854739601, 'hidden_size': 105, 'dropout': 0.33067526462411784, 'hidden_continuous_size': 64, 'attention_head_size': 1, 'learning_rate': 0.005059803113367121}. Best is trial 115 with value: 216.44432067871094.
LOCAL_RANK: 0 - CUDA_VISIBLE_DEVICES: [0]
[I 2023-11-30 10:00:27,183] Trial 130 finished with value: 254.50634765625 and parameters: {'gradient_clip_val': 0.38272344050081936, 'hidden_size': 119, 'dropout': 0.34562935880189427, 'hidden_continuous_size': 42, 'attention_head_size': 1, 'learning_rate': 0.0027161250241077646}. Best is trial 115 with value: 216.44432067871094.
LOCAL_RANK: 0 - CUDA_VISIBLE_DEVICES: [0]
[I 2023-11-30 10:00:41,230] Trial 131 finished with value: 265.328125 and parameters: {'gradient_clip_val': 0.27191832991950343, 'hidden_size': 113, 'dropout': 0.35241244163564195, 'hidden_continuous_size': 50, 'attention_head_size': 1, 'learning_rate': 0.0029388144597045727}. Best is trial 115 with value: 216.44432067871094.
LOCAL_RANK: 0 - CUDA_VISIBLE_DEVICES: [0]
[I 2023-11-30 10:00:55,054] Trial 132 finished with value: 230.12049865722656 and parameters: {'gradient_clip_val': 0.2520807362716672, 'hidden_size': 81, 'dropout': 0.33750790586118296, 'hidden_continuous_size': 45, 'attention_head_size': 1, 'learning_rate': 0.0031851168321826943}. Best is trial 115 with value: 216.44432067871094.
LOCAL_RANK: 0 - CUDA_VISIBLE_DEVICES: [0]
