[I 2023-11-30 10:52:52,683] Trial 67 finished with value: 11.587272644042969 and parameters: {'gradient_clip_val': 0.12588469058618107, 'hidden_size': 94, 'dropout': 0.38932763454415775, 'hidden_continuous_size': 21, 'attention_head_size': 4, 'learning_rate': 0.05254417065252845}. Best is trial 59 with value: 9.928115844726562.
LOCAL_RANK: 0 - CUDA_VISIBLE_DEVICES: [0]
[I 2023-11-30 10:53:06,784] Trial 68 finished with value: 10.811434745788574 and parameters: {'gradient_clip_val': 0.11065048104596076, 'hidden_size': 101, 'dropout': 0.3801158887709016, 'hidden_continuous_size': 29, 'attention_head_size': 4, 'learning_rate': 0.03935574056793277}. Best is trial 59 with value: 9.928115844726562.
LOCAL_RANK: 0 - CUDA_VISIBLE_DEVICES: [0]
[I 2023-11-30 10:53:20,494] Trial 69 finished with value: 12.371182441711426 and parameters: {'gradient_clip_val': 0.13493186706325422, 'hidden_size': 84, 'dropout': 0.3949312154925181, 'hidden_continuous_size': 25, 'attention_head_size': 4, 'learning_rate': 0.06689893116532142}. Best is trial 59 with value: 9.928115844726562.
LOCAL_RANK: 0 - CUDA_VISIBLE_DEVICES: [0]
[I 2023-11-30 10:53:34,276] Trial 70 finished with value: 10.414496421813965 and parameters: {'gradient_clip_val': 0.1543153897111442, 'hidden_size': 66, 'dropout': 0.37697774421302255, 'hidden_continuous_size': 21, 'attention_head_size': 4, 'learning_rate': 0.05879396730296478}. Best is trial 59 with value: 9.928115844726562.
LOCAL_RANK: 0 - CUDA_VISIBLE_DEVICES: [0]
[I 2023-11-30 10:53:47,768] Trial 71 finished with value: 12.16450023651123 and parameters: {'gradient_clip_val': 0.15322261504114737, 'hidden_size': 64, 'dropout': 0.3778464574665485, 'hidden_continuous_size': 21, 'attention_head_size': 4, 'learning_rate': 0.06104020698983951}. Best is trial 59 with value: 9.928115844726562.
LOCAL_RANK: 0 - CUDA_VISIBLE_DEVICES: [0]
[I 2023-11-30 10:54:01,438] Trial 72 finished with value: 11.22851276397705 and parameters: {'gradient_clip_val': 0.1427833678349956, 'hidden_size': 76, 'dropout': 0.36865333428732533, 'hidden_continuous_size': 19, 'attention_head_size': 4, 'learning_rate': 0.043031379859892124}. Best is trial 59 with value: 9.928115844726562.
LOCAL_RANK: 0 - CUDA_VISIBLE_DEVICES: [0]
[I 2023-11-30 10:54:15,077] Trial 73 finished with value: 11.773780822753906 and parameters: {'gradient_clip_val': 0.12216050231572928, 'hidden_size': 65, 'dropout': 0.39810094671236546, 'hidden_continuous_size': 24, 'attention_head_size': 4, 'learning_rate': 0.05341514393713515}. Best is trial 59 with value: 9.928115844726562.
LOCAL_RANK: 0 - CUDA_VISIBLE_DEVICES: [0]
[I 2023-11-30 10:54:28,465] Trial 74 finished with value: 14.326362609863281 and parameters: {'gradient_clip_val': 0.17593822616245788, 'hidden_size': 57, 'dropout': 0.38938525828361953, 'hidden_continuous_size': 23, 'attention_head_size': 4, 'learning_rate': 0.0693896316820213}. Best is trial 59 with value: 9.928115844726562.
LOCAL_RANK: 0 - CUDA_VISIBLE_DEVICES: [0]
[I 2023-11-30 10:54:42,257] Trial 75 finished with value: 11.520827293395996 and parameters: {'gradient_clip_val': 0.11713537260753769, 'hidden_size': 72, 'dropout': 0.3599098036356419, 'hidden_continuous_size': 22, 'attention_head_size': 4, 'learning_rate': 0.07836264855728405}. Best is trial 59 with value: 9.928115844726562.
LOCAL_RANK: 0 - CUDA_VISIBLE_DEVICES: [0]
[I 2023-11-30 10:54:56,194] Trial 76 finished with value: 11.399035453796387 and parameters: {'gradient_clip_val': 0.13412458990867837, 'hidden_size': 93, 'dropout': 0.3816358984231224, 'hidden_continuous_size': 27, 'attention_head_size': 4, 'learning_rate': 0.0999586616734899}. Best is trial 59 with value: 9.928115844726562.
LOCAL_RANK: 0 - CUDA_VISIBLE_DEVICES: [0]
[I 2023-11-30 10:55:09,871] Trial 77 finished with value: 12.250717163085938 and parameters: {'gradient_clip_val': 0.15797637009039328, 'hidden_size': 67, 'dropout': 0.3746261782123045, 'hidden_continuous_size': 18, 'attention_head_size': 4, 'learning_rate': 0.08677725094154647}. Best is trial 59 with value: 9.928115844726562.
LOCAL_RANK: 0 - CUDA_VISIBLE_DEVICES: [0]
[I 2023-11-30 10:55:24,081] Trial 78 finished with value: 11.515510559082031 and parameters: {'gradient_clip_val': 0.1068804549446961, 'hidden_size': 106, 'dropout': 0.3465496476187201, 'hidden_continuous_size': 31, 'attention_head_size': 4, 'learning_rate': 0.0575977256600865}. Best is trial 59 with value: 9.928115844726562.
LOCAL_RANK: 0 - CUDA_VISIBLE_DEVICES: [0]
[I 2023-11-30 10:55:37,829] Trial 79 finished with value: 10.908354759216309 and parameters: {'gradient_clip_val': 0.1452491739607545, 'hidden_size': 84, 'dropout': 0.3638318762431811, 'hidden_continuous_size': 20, 'attention_head_size': 4, 'learning_rate': 0.04804009486427939}. Best is trial 59 with value: 9.928115844726562.
LOCAL_RANK: 0 - CUDA_VISIBLE_DEVICES: [0]
[I 2023-11-30 10:55:51,808] Trial 80 finished with value: 11.09066104888916 and parameters: {'gradient_clip_val': 0.20033862429817337, 'hidden_size': 79, 'dropout': 0.3350592643878617, 'hidden_continuous_size': 25, 'attention_head_size': 4, 'learning_rate': 0.07196029673708433}. Best is trial 59 with value: 9.928115844726562.
LOCAL_RANK: 0 - CUDA_VISIBLE_DEVICES: [0]
[I 2023-11-30 10:56:05,759] Trial 81 finished with value: 10.306611061096191 and parameters: {'gradient_clip_val': 0.16801153927116283, 'hidden_size': 111, 'dropout': 0.3523663986567467, 'hidden_continuous_size': 15, 'attention_head_size': 4, 'learning_rate': 0.08242885356334664}. Best is trial 59 with value: 9.928115844726562.
LOCAL_RANK: 0 - CUDA_VISIBLE_DEVICES: [0]
[I 2023-11-30 10:56:19,589] Trial 82 finished with value: 10.38090705871582 and parameters: {'gradient_clip_val': 0.1720567051777698, 'hidden_size': 97, 'dropout': 0.3547911516528544, 'hidden_continuous_size': 18, 'attention_head_size': 4, 'learning_rate': 0.06358665099339512}. Best is trial 59 with value: 9.928115844726562.
LOCAL_RANK: 0 - CUDA_VISIBLE_DEVICES: [0]
[I 2023-11-30 10:56:33,462] Trial 83 finished with value: 14.861842155456543 and parameters: {'gradient_clip_val': 0.17021915870078994, 'hidden_size': 120, 'dropout': 0.3506422448167803, 'hidden_continuous_size': 15, 'attention_head_size': 4, 'learning_rate': 0.07503898463729816}. Best is trial 59 with value: 9.928115844726562.
LOCAL_RANK: 0 - CUDA_VISIBLE_DEVICES: [0]
[I 2023-11-30 10:56:47,543] Trial 84 finished with value: 12.649734497070312 and parameters: {'gradient_clip_val': 0.12826221694945636, 'hidden_size': 110, 'dropout': 0.3417836784812367, 'hidden_continuous_size': 18, 'attention_head_size': 4, 'learning_rate': 0.08506581702681854}. Best is trial 59 with value: 9.928115844726562.
LOCAL_RANK: 0 - CUDA_VISIBLE_DEVICES: [0]
[I 2023-11-30 10:57:01,374] Trial 85 finished with value: 10.893062591552734 and parameters: {'gradient_clip_val': 0.136299698771425, 'hidden_size': 96, 'dropout': 0.36739789379331217, 'hidden_continuous_size': 19, 'attention_head_size': 4, 'learning_rate': 0.06517234202403838}. Best is trial 59 with value: 9.928115844726562.
LOCAL_RANK: 0 - CUDA_VISIBLE_DEVICES: [0]
[I 2023-11-30 10:57:15,114] Trial 86 finished with value: 15.355074882507324 and parameters: {'gradient_clip_val': 0.15986484486389504, 'hidden_size': 100, 'dropout': 0.35422995508763644, 'hidden_continuous_size': 17, 'attention_head_size': 3, 'learning_rate': 0.04384529555605657}. Best is trial 59 with value: 9.928115844726562.
LOCAL_RANK: 0 - CUDA_VISIBLE_DEVICES: [0]
[I 2023-11-30 10:57:28,998] Trial 87 finished with value: 9.887051582336426 and parameters: {'gradient_clip_val': 0.17757910811683567, 'hidden_size': 91, 'dropout': 0.3897058673132965, 'hidden_continuous_size': 20, 'attention_head_size': 4, 'learning_rate': 0.09145159504433101}. Best is trial 87 with value: 9.887051582336426.
LOCAL_RANK: 0 - CUDA_VISIBLE_DEVICES: [0]
[I 2023-11-30 10:57:43,133] Trial 88 finished with value: 13.45521068572998 and parameters: {'gradient_clip_val': 0.18342006216975096, 'hidden_size': 121, 'dropout': 0.3905174943572231, 'hidden_continuous_size': 16, 'attention_head_size': 4, 'learning_rate': 0.09143685244553838}. Best is trial 87 with value: 9.887051582336426.
LOCAL_RANK: 0 - CUDA_VISIBLE_DEVICES: [0]
[I 2023-11-30 10:57:57,107] Trial 89 finished with value: 11.706459999084473 and parameters: {'gradient_clip_val': 0.16833487424497456, 'hidden_size': 112, 'dropout': 0.3835801865220784, 'hidden_continuous_size': 22, 'attention_head_size': 4, 'learning_rate': 0.07930810194742853}. Best is trial 87 with value: 9.887051582336426.
LOCAL_RANK: 0 - CUDA_VISIBLE_DEVICES: [0]
[I 2023-11-30 10:58:11,010] Trial 90 finished with value: 13.414647102355957 and parameters: {'gradient_clip_val': 0.17448496619411344, 'hidden_size': 88, 'dropout': 0.36967556485761577, 'hidden_continuous_size': 23, 'attention_head_size': 4, 'learning_rate': 0.0615009415995359}. Best is trial 87 with value: 9.887051582336426.
LOCAL_RANK: 0 - CUDA_VISIBLE_DEVICES: [0]
[I 2023-11-30 10:58:24,857] Trial 91 finished with value: 12.141857147216797 and parameters: {'gradient_clip_val': 0.14609737476276335, 'hidden_size': 94, 'dropout': 0.36044998148147045, 'hidden_continuous_size': 19, 'attention_head_size': 4, 'learning_rate': 0.05150821281691037}. Best is trial 87 with value: 9.887051582336426.
LOCAL_RANK: 0 - CUDA_VISIBLE_DEVICES: [0]
[I 2023-11-30 10:58:38,787] Trial 92 finished with value: 9.964125633239746 and parameters: {'gradient_clip_val': 0.12190050362342136, 'hidden_size': 104, 'dropout': 0.39897363883822456, 'hidden_continuous_size': 26, 'attention_head_size': 4, 'learning_rate': 0.07026925837766124}. Best is trial 87 with value: 9.887051582336426.
LOCAL_RANK: 0 - CUDA_VISIBLE_DEVICES: [0]
[I 2023-11-30 10:58:52,894] Trial 93 finished with value: 11.562129020690918 and parameters: {'gradient_clip_val': 0.11937260342130952, 'hidden_size': 106, 'dropout': 0.3960926194301585, 'hidden_continuous_size': 28, 'attention_head_size': 4, 'learning_rate': 0.0717908006937484}. Best is trial 87 with value: 9.887051582336426.
LOCAL_RANK: 0 - CUDA_VISIBLE_DEVICES: [0]
[I 2023-11-30 10:59:06,973] Trial 94 finished with value: 12.56472396850586 and parameters: {'gradient_clip_val': 0.1600865174430374, 'hidden_size': 98, 'dropout': 0.38498683390534105, 'hidden_continuous_size': 26, 'attention_head_size': 4, 'learning_rate': 0.09116659693724416}. Best is trial 87 with value: 9.887051582336426.
LOCAL_RANK: 0 - CUDA_VISIBLE_DEVICES: [0]
[I 2023-11-30 10:59:21,242] Trial 95 finished with value: 12.578747749328613 and parameters: {'gradient_clip_val': 0.19222069933771943, 'hidden_size': 116, 'dropout': 0.398874066902114, 'hidden_continuous_size': 29, 'attention_head_size': 4, 'learning_rate': 0.09941584764655462}. Best is trial 87 with value: 9.887051582336426.
LOCAL_RANK: 0 - CUDA_VISIBLE_DEVICES: [0]
[I 2023-11-30 10:59:35,393] Trial 96 finished with value: 11.149149894714355 and parameters: {'gradient_clip_val': 0.14196620907580354, 'hidden_size': 103, 'dropout': 0.3736655288471744, 'hidden_continuous_size': 24, 'attention_head_size': 4, 'learning_rate': 0.08231022335234664}. Best is trial 87 with value: 9.887051582336426.
LOCAL_RANK: 0 - CUDA_VISIBLE_DEVICES: [0]
[I 2023-11-30 10:59:49,001] Trial 97 finished with value: 10.844035148620605 and parameters: {'gradient_clip_val': 0.12987799844232156, 'hidden_size': 88, 'dropout': 0.39185942006585, 'hidden_continuous_size': 20, 'attention_head_size': 4, 'learning_rate': 0.06260058962091801}. Best is trial 87 with value: 9.887051582336426.
LOCAL_RANK: 0 - CUDA_VISIBLE_DEVICES: [0]
[I 2023-11-30 11:00:02,777] Trial 98 finished with value: 9.983924865722656 and parameters: {'gradient_clip_val': 0.11216199193007503, 'hidden_size': 79, 'dropout': 0.3810640850337014, 'hidden_continuous_size': 26, 'attention_head_size': 4, 'learning_rate': 0.07370213603724818}. Best is trial 87 with value: 9.887051582336426.
LOCAL_RANK: 0 - CUDA_VISIBLE_DEVICES: [0]
[I 2023-11-30 11:00:16,486] Trial 99 finished with value: 10.987129211425781 and parameters: {'gradient_clip_val': 0.11270518692203407, 'hidden_size': 80, 'dropout': 0.38526807447586825, 'hidden_continuous_size': 21, 'attention_head_size': 4, 'learning_rate': 0.07516001631895787}. Best is trial 87 with value: 9.887051582336426.
LOCAL_RANK: 0 - CUDA_VISIBLE_DEVICES: [0]
[I 2023-11-30 11:00:30,874] Trial 100 finished with value: 10.674723625183105 and parameters: {'gradient_clip_val': 0.10449727893032353, 'hidden_size': 108, 'dropout': 0.3809710104633069, 'hidden_continuous_size': 34, 'attention_head_size': 4, 'learning_rate': 0.06965464416862241}. Best is trial 87 with value: 9.887051582336426.
LOCAL_RANK: 0 - CUDA_VISIBLE_DEVICES: [0]
[I 2023-11-30 11:00:44,746] Trial 101 finished with value: 10.656330108642578 and parameters: {'gradient_clip_val': 0.11965589633247722, 'hidden_size': 91, 'dropout': 0.3727200011513199, 'hidden_continuous_size': 25, 'attention_head_size': 4, 'learning_rate': 0.08408114554321754}. Best is trial 87 with value: 9.887051582336426.
LOCAL_RANK: 0 - CUDA_VISIBLE_DEVICES: [0]
[I 2023-11-30 11:00:58,522] Trial 102 finished with value: 9.290362358093262 and parameters: {'gradient_clip_val': 0.1004953416537809, 'hidden_size': 74, 'dropout': 0.35837160382715294, 'hidden_continuous_size': 26, 'attention_head_size': 4, 'learning_rate': 0.05569955336719182}. Best is trial 102 with value: 9.290362358093262.
LOCAL_RANK: 0 - CUDA_VISIBLE_DEVICES: [0]
[I 2023-11-30 11:01:12,187] Trial 103 finished with value: 10.734660148620605 and parameters: {'gradient_clip_val': 0.10226446553415962, 'hidden_size': 72, 'dropout': 0.3562656178373586, 'hidden_continuous_size': 27, 'attention_head_size': 4, 'learning_rate': 0.0908435203992293}. Best is trial 102 with value: 9.290362358093262.
LOCAL_RANK: 0 - CUDA_VISIBLE_DEVICES: [0]
[I 2023-11-30 11:01:25,974] Trial 104 finished with value: 10.354657173156738 and parameters: {'gradient_clip_val': 0.10854724913714477, 'hidden_size': 82, 'dropout': 0.36317168295129393, 'hidden_continuous_size': 23, 'attention_head_size': 4, 'learning_rate': 0.06562253423919437}. Best is trial 102 with value: 9.290362358093262.
LOCAL_RANK: 0 - CUDA_VISIBLE_DEVICES: [0]
[I 2023-11-30 11:01:40,067] Trial 105 finished with value: 11.48460865020752 and parameters: {'gradient_clip_val': 0.1091191250242436, 'hidden_size': 75, 'dropout': 0.3913064876765852, 'hidden_continuous_size': 28, 'attention_head_size': 4, 'learning_rate': 0.07739870830848582}. Best is trial 102 with value: 9.290362358093262.
LOCAL_RANK: 0 - CUDA_VISIBLE_DEVICES: [0]
[I 2023-11-30 11:01:53,767] Trial 106 finished with value: 10.62417221069336 and parameters: {'gradient_clip_val': 0.11045970754713405, 'hidden_size': 79, 'dropout': 0.34644185166553493, 'hidden_continuous_size': 26, 'attention_head_size': 4, 'learning_rate': 0.07001113663243541}. Best is trial 102 with value: 9.290362358093262.
LOCAL_RANK: 0 - CUDA_VISIBLE_DEVICES: [0]
[I 2023-11-30 11:02:07,563] Trial 107 finished with value: 11.100052833557129 and parameters: {'gradient_clip_val': 0.10093040837003461, 'hidden_size': 81, 'dropout': 0.37484347752481195, 'hidden_continuous_size': 24, 'attention_head_size': 4, 'learning_rate': 0.0579569608198402}. Best is trial 102 with value: 9.290362358093262.
LOCAL_RANK: 0 - CUDA_VISIBLE_DEVICES: [0]
[I 2023-11-30 11:02:21,245] Trial 108 finished with value: 11.286991119384766 and parameters: {'gradient_clip_val': 0.11597452610137303, 'hidden_size': 70, 'dropout': 0.3651058436657137, 'hidden_continuous_size': 25, 'attention_head_size': 4, 'learning_rate': 0.08321881102533517}. Best is trial 102 with value: 9.290362358093262.
LOCAL_RANK: 0 - CUDA_VISIBLE_DEVICES: [0]
[I 2023-11-30 11:02:35,062] Trial 109 finished with value: 11.996973991394043 and parameters: {'gradient_clip_val': 0.12314744829095464, 'hidden_size': 83, 'dropout': 0.3990565717569778, 'hidden_continuous_size': 22, 'attention_head_size': 4, 'learning_rate': 0.050413460402741445}. Best is trial 102 with value: 9.290362358093262.
LOCAL_RANK: 0 - CUDA_VISIBLE_DEVICES: [0]
[I 2023-11-30 11:02:48,989] Trial 110 finished with value: 11.375090599060059 and parameters: {'gradient_clip_val': 0.10635344322336993, 'hidden_size': 91, 'dropout': 0.38014258146706653, 'hidden_continuous_size': 23, 'attention_head_size': 4, 'learning_rate': 0.09413439190754633}. Best is trial 102 with value: 9.290362358093262.
LOCAL_RANK: 0 - CUDA_VISIBLE_DEVICES: [0]
[I 2023-11-30 11:03:02,784] Trial 111 finished with value: 9.783742904663086 and parameters: {'gradient_clip_val': 0.1304166283831118, 'hidden_size': 96, 'dropout': 0.36085899946728933, 'hidden_continuous_size': 30, 'attention_head_size': 4, 'learning_rate': 0.06461966377550513}. Best is trial 102 with value: 9.290362358093262.
LOCAL_RANK: 0 - CUDA_VISIBLE_DEVICES: [0]
[I 2023-11-30 11:03:16,833] Trial 112 finished with value: 10.475090026855469 and parameters: {'gradient_clip_val': 0.1257938626561943, 'hidden_size': 99, 'dropout': 0.3617005864731109, 'hidden_continuous_size': 31, 'attention_head_size': 4, 'learning_rate': 0.06610879049585673}. Best is trial 102 with value: 9.290362358093262.
LOCAL_RANK: 0 - CUDA_VISIBLE_DEVICES: [0]
[I 2023-11-30 11:03:30,519] Trial 113 finished with value: 10.827982902526855 and parameters: {'gradient_clip_val': 0.11581949781957132, 'hidden_size': 75, 'dropout': 0.38727582837317515, 'hidden_continuous_size': 26, 'attention_head_size': 4, 'learning_rate': 0.05439668113511459}. Best is trial 102 with value: 9.290362358093262.
LOCAL_RANK: 0 - CUDA_VISIBLE_DEVICES: [0]
[I 2023-11-30 11:03:44,392] Trial 114 finished with value: 10.738842964172363 and parameters: {'gradient_clip_val': 0.13756133059653816, 'hidden_size': 86, 'dropout': 0.3923697813556888, 'hidden_continuous_size': 27, 'attention_head_size': 4, 'learning_rate': 0.07808110261478916}. Best is trial 102 with value: 9.290362358093262.
LOCAL_RANK: 0 - CUDA_VISIBLE_DEVICES: [0]
[I 2023-11-30 11:03:58,692] Trial 115 finished with value: 12.84650707244873 and parameters: {'gradient_clip_val': 0.13231263427816736, 'hidden_size': 104, 'dropout': 0.336455358071297, 'hidden_continuous_size': 29, 'attention_head_size': 4, 'learning_rate': 0.04529148487756394}. Best is trial 102 with value: 9.290362358093262.
LOCAL_RANK: 0 - CUDA_VISIBLE_DEVICES: [0]
[I 2023-11-30 11:04:12,643] Trial 116 finished with value: 12.809104919433594 and parameters: {'gradient_clip_val': 0.11138800163776812, 'hidden_size': 113, 'dropout': 0.3779188188940035, 'hidden_continuous_size': 30, 'attention_head_size': 2, 'learning_rate': 0.06048103095539084}. Best is trial 102 with value: 9.290362358093262.
LOCAL_RANK: 0 - CUDA_VISIBLE_DEVICES: [0]
[I 2023-11-30 11:04:26,924] Trial 117 finished with value: 10.399518966674805 and parameters: {'gradient_clip_val': 0.12344942720331666, 'hidden_size': 125, 'dropout': 0.37256319068463, 'hidden_continuous_size': 33, 'attention_head_size': 4, 'learning_rate': 0.0722598944220517}. Best is trial 102 with value: 9.290362358093262.
LOCAL_RANK: 0 - CUDA_VISIBLE_DEVICES: [0]
[I 2023-11-30 11:04:40,901] Trial 118 finished with value: 10.054102897644043 and parameters: {'gradient_clip_val': 0.1056926918452734, 'hidden_size': 94, 'dropout': 0.349563235331628, 'hidden_continuous_size': 30, 'attention_head_size': 4, 'learning_rate': 0.03571778270119998}. Best is trial 102 with value: 9.290362358093262.
LOCAL_RANK: 0 - CUDA_VISIBLE_DEVICES: [0]
[I 2023-11-30 11:04:54,797] Trial 119 finished with value: 10.532085418701172 and parameters: {'gradient_clip_val': 0.11875253538874471, 'hidden_size': 93, 'dropout': 0.3425546904387727, 'hidden_continuous_size': 30, 'attention_head_size': 4, 'learning_rate': 0.04113010819014377}. Best is trial 102 with value: 9.290362358093262.
LOCAL_RANK: 0 - CUDA_VISIBLE_DEVICES: [0]
[I 2023-11-30 11:05:08,720] Trial 120 finished with value: 10.652338981628418 and parameters: {'gradient_clip_val': 0.14023501999361115, 'hidden_size': 102, 'dropout': 0.35080336145243385, 'hidden_continuous_size': 32, 'attention_head_size': 1, 'learning_rate': 0.04787452748052603}. Best is trial 102 with value: 9.290362358093262.
LOCAL_RANK: 0 - CUDA_VISIBLE_DEVICES: [0]
[I 2023-11-30 11:05:22,579] Trial 121 finished with value: 11.736534118652344 and parameters: {'gradient_clip_val': 0.10122321746654125, 'hidden_size': 89, 'dropout': 0.36431945005919714, 'hidden_continuous_size': 28, 'attention_head_size': 4, 'learning_rate': 0.038585588009660735}. Best is trial 102 with value: 9.290362358093262.
LOCAL_RANK: 0 - CUDA_VISIBLE_DEVICES: [0]
[I 2023-11-30 11:05:36,396] Trial 122 finished with value: 11.566676139831543 and parameters: {'gradient_clip_val': 0.1067564410655288, 'hidden_size': 82, 'dropout': 0.3583699630533411, 'hidden_continuous_size': 24, 'attention_head_size': 4, 'learning_rate': 0.06575191524619672}. Best is trial 102 with value: 9.290362358093262.
LOCAL_RANK: 0 - CUDA_VISIBLE_DEVICES: [0]
[I 2023-11-30 11:05:50,162] Trial 123 finished with value: 12.076042175292969 and parameters: {'gradient_clip_val': 0.11309088489342808, 'hidden_size': 96, 'dropout': 0.3282790207191138, 'hidden_continuous_size': 23, 'attention_head_size': 4, 'learning_rate': 0.05560237585082368}. Best is trial 102 with value: 9.290362358093262.
LOCAL_RANK: 0 - CUDA_VISIBLE_DEVICES: [0]
[I 2023-11-30 11:06:03,972] Trial 124 finished with value: 9.998079299926758 and parameters: {'gradient_clip_val': 0.13022692112908577, 'hidden_size': 77, 'dropout': 0.38438570565907815, 'hidden_continuous_size': 26, 'attention_head_size': 4, 'learning_rate': 0.08594667300950866}. Best is trial 102 with value: 9.290362358093262.
LOCAL_RANK: 0 - CUDA_VISIBLE_DEVICES: [0]
[I 2023-11-30 11:06:17,728] Trial 125 finished with value: 11.614672660827637 and parameters: {'gradient_clip_val': 0.13063653356032576, 'hidden_size': 77, 'dropout': 0.38658652859260284, 'hidden_continuous_size': 26, 'attention_head_size': 4, 'learning_rate': 0.08933987135919765}. Best is trial 102 with value: 9.290362358093262.
LOCAL_RANK: 0 - CUDA_VISIBLE_DEVICES: [0]
