[I 2023-11-29 20:19:15,836] Trial 57 finished with value: 21.24702262878418 and parameters: {'gradient_clip_val': 0.680417338748222, 'hidden_size': 53, 'dropout': 0.30164164418267825, 'hidden_continuous_size': 15, 'attention_head_size': 4, 'learning_rate': 0.02015909683833137}. Best is trial 22 with value: 15.563068389892578.
LOCAL_RANK: 0 - CUDA_VISIBLE_DEVICES: [0]
[I 2023-11-29 20:19:28,648] Trial 58 finished with value: 15.784847259521484 and parameters: {'gradient_clip_val': 0.8612799379445811, 'hidden_size': 35, 'dropout': 0.28987759197266677, 'hidden_continuous_size': 17, 'attention_head_size': 3, 'learning_rate': 0.015391877048856193}. Best is trial 22 with value: 15.563068389892578.
LOCAL_RANK: 0 - CUDA_VISIBLE_DEVICES: [0]
[I 2023-11-29 20:19:41,530] Trial 59 finished with value: 18.363492965698242 and parameters: {'gradient_clip_val': 0.8396353678966679, 'hidden_size': 33, 'dropout': 0.285153938693354, 'hidden_continuous_size': 17, 'attention_head_size': 4, 'learning_rate': 0.014309478911253832}. Best is trial 22 with value: 15.563068389892578.
LOCAL_RANK: 0 - CUDA_VISIBLE_DEVICES: [0]
[I 2023-11-29 20:19:54,430] Trial 60 finished with value: 19.541587829589844 and parameters: {'gradient_clip_val': 0.6281709630541373, 'hidden_size': 31, 'dropout': 0.2448234923290155, 'hidden_continuous_size': 16, 'attention_head_size': 3, 'learning_rate': 0.010398325888136611}. Best is trial 22 with value: 15.563068389892578.
LOCAL_RANK: 0 - CUDA_VISIBLE_DEVICES: [0]
[I 2023-11-29 20:20:07,108] Trial 61 finished with value: 20.62066078186035 and parameters: {'gradient_clip_val': 0.7610669968890784, 'hidden_size': 35, 'dropout': 0.2698328170206249, 'hidden_continuous_size': 19, 'attention_head_size': 3, 'learning_rate': 0.016920010130147368}. Best is trial 22 with value: 15.563068389892578.
LOCAL_RANK: 0 - CUDA_VISIBLE_DEVICES: [0]
[I 2023-11-29 20:20:20,182] Trial 62 finished with value: 17.71001625061035 and parameters: {'gradient_clip_val': 0.9992407347567858, 'hidden_size': 47, 'dropout': 0.32306692554374755, 'hidden_continuous_size': 13, 'attention_head_size': 3, 'learning_rate': 0.014423002890531975}. Best is trial 22 with value: 15.563068389892578.
LOCAL_RANK: 0 - CUDA_VISIBLE_DEVICES: [0]
[I 2023-11-29 20:20:32,975] Trial 63 finished with value: 17.556787490844727 and parameters: {'gradient_clip_val': 0.8668800310947294, 'hidden_size': 40, 'dropout': 0.29005504480728383, 'hidden_continuous_size': 21, 'attention_head_size': 3, 'learning_rate': 0.026587650180919183}. Best is trial 22 with value: 15.563068389892578.
LOCAL_RANK: 0 - CUDA_VISIBLE_DEVICES: [0]
[I 2023-11-29 20:20:45,605] Trial 64 finished with value: 16.90888023376465 and parameters: {'gradient_clip_val': 0.7053718420807557, 'hidden_size': 29, 'dropout': 0.30129701975568346, 'hidden_continuous_size': 16, 'attention_head_size': 3, 'learning_rate': 0.017060921403519655}. Best is trial 22 with value: 15.563068389892578.
LOCAL_RANK: 0 - CUDA_VISIBLE_DEVICES: [0]
[I 2023-11-29 20:20:58,683] Trial 65 finished with value: 16.9107666015625 and parameters: {'gradient_clip_val': 0.7705105464136931, 'hidden_size': 37, 'dropout': 0.25587621950546546, 'hidden_continuous_size': 18, 'attention_head_size': 4, 'learning_rate': 0.02160004251992714}. Best is trial 22 with value: 15.563068389892578.
LOCAL_RANK: 0 - CUDA_VISIBLE_DEVICES: [0]
[I 2023-11-29 20:21:11,212] Trial 66 finished with value: 16.629972457885742 and parameters: {'gradient_clip_val': 0.8776901957703724, 'hidden_size': 23, 'dropout': 0.2786453989482046, 'hidden_continuous_size': 17, 'attention_head_size': 3, 'learning_rate': 0.029620294715146957}. Best is trial 22 with value: 15.563068389892578.
LOCAL_RANK: 0 - CUDA_VISIBLE_DEVICES: [0]
[I 2023-11-29 20:21:24,142] Trial 67 finished with value: 19.66013526916504 and parameters: {'gradient_clip_val': 0.6338007147448181, 'hidden_size': 34, 'dropout': 0.2953015875588021, 'hidden_continuous_size': 20, 'attention_head_size': 4, 'learning_rate': 0.0376827762652539}. Best is trial 22 with value: 15.563068389892578.
LOCAL_RANK: 0 - CUDA_VISIBLE_DEVICES: [0]
[I 2023-11-29 20:21:36,885] Trial 68 finished with value: 17.374401092529297 and parameters: {'gradient_clip_val': 0.5530733783990232, 'hidden_size': 30, 'dropout': 0.23451918457448914, 'hidden_continuous_size': 19, 'attention_head_size': 3, 'learning_rate': 0.018979880663849712}. Best is trial 22 with value: 15.563068389892578.
LOCAL_RANK: 0 - CUDA_VISIBLE_DEVICES: [0]
[I 2023-11-29 20:21:49,359] Trial 69 finished with value: 17.121618270874023 and parameters: {'gradient_clip_val': 0.9377423541793164, 'hidden_size': 27, 'dropout': 0.2708254508100706, 'hidden_continuous_size': 15, 'attention_head_size': 3, 'learning_rate': 0.023156353884703485}. Best is trial 22 with value: 15.563068389892578.
LOCAL_RANK: 0 - CUDA_VISIBLE_DEVICES: [0]
[I 2023-11-29 20:22:02,467] Trial 70 finished with value: 19.106966018676758 and parameters: {'gradient_clip_val': 0.8026710237525227, 'hidden_size': 43, 'dropout': 0.248523140269589, 'hidden_continuous_size': 14, 'attention_head_size': 4, 'learning_rate': 0.01617657351837183}. Best is trial 22 with value: 15.563068389892578.
LOCAL_RANK: 0 - CUDA_VISIBLE_DEVICES: [0]
[I 2023-11-29 20:22:14,740] Trial 71 finished with value: 19.10906410217285 and parameters: {'gradient_clip_val': 0.6749401062099254, 'hidden_size': 24, 'dropout': 0.254942265524031, 'hidden_continuous_size': 18, 'attention_head_size': 2, 'learning_rate': 0.020536564187044096}. Best is trial 22 with value: 15.563068389892578.
LOCAL_RANK: 0 - CUDA_VISIBLE_DEVICES: [0]
[I 2023-11-29 20:22:27,264] Trial 72 finished with value: 21.23065757751465 and parameters: {'gradient_clip_val': 0.5474815850731695, 'hidden_size': 29, 'dropout': 0.26485712084979607, 'hidden_continuous_size': 17, 'attention_head_size': 2, 'learning_rate': 0.013435813834410094}. Best is trial 22 with value: 15.563068389892578.
LOCAL_RANK: 0 - CUDA_VISIBLE_DEVICES: [0]
[I 2023-11-29 20:22:39,687] Trial 73 finished with value: 18.72530174255371 and parameters: {'gradient_clip_val': 0.5994723927658534, 'hidden_size': 27, 'dropout': 0.2225479672631863, 'hidden_continuous_size': 17, 'attention_head_size': 1, 'learning_rate': 0.027754896608899935}. Best is trial 22 with value: 15.563068389892578.
LOCAL_RANK: 0 - CUDA_VISIBLE_DEVICES: [0]
[I 2023-11-29 20:22:52,202] Trial 74 finished with value: 17.625844955444336 and parameters: {'gradient_clip_val': 0.7213815561432078, 'hidden_size': 32, 'dropout': 0.2424158295601805, 'hidden_continuous_size': 19, 'attention_head_size': 2, 'learning_rate': 0.012068969059602419}. Best is trial 22 with value: 15.563068389892578.
LOCAL_RANK: 0 - CUDA_VISIBLE_DEVICES: [0]
[I 2023-11-29 20:23:04,888] Trial 75 finished with value: 20.640108108520508 and parameters: {'gradient_clip_val': 0.48383445181947604, 'hidden_size': 25, 'dropout': 0.31088315654892473, 'hidden_continuous_size': 16, 'attention_head_size': 3, 'learning_rate': 0.015388381402050543}. Best is trial 22 with value: 15.563068389892578.
LOCAL_RANK: 0 - CUDA_VISIBLE_DEVICES: [0]
[I 2023-11-29 20:23:17,692] Trial 76 finished with value: 17.28972816467285 and parameters: {'gradient_clip_val': 0.6603883668015118, 'hidden_size': 36, 'dropout': 0.2827629927799128, 'hidden_continuous_size': 20, 'attention_head_size': 3, 'learning_rate': 0.018417429062526816}. Best is trial 22 with value: 15.563068389892578.
LOCAL_RANK: 0 - CUDA_VISIBLE_DEVICES: [0]
[I 2023-11-29 20:23:30,410] Trial 77 finished with value: 18.14244842529297 and parameters: {'gradient_clip_val': 0.8359366245616977, 'hidden_size': 39, 'dropout': 0.26499749761230845, 'hidden_continuous_size': 12, 'attention_head_size': 2, 'learning_rate': 0.02227721634464575}. Best is trial 22 with value: 15.563068389892578.
LOCAL_RANK: 0 - CUDA_VISIBLE_DEVICES: [0]
[I 2023-11-29 20:23:43,064] Trial 78 finished with value: 17.295080184936523 and parameters: {'gradient_clip_val': 0.6139118814197405, 'hidden_size': 30, 'dropout': 0.2949862133106211, 'hidden_continuous_size': 18, 'attention_head_size': 3, 'learning_rate': 0.02901892070236242}. Best is trial 22 with value: 15.563068389892578.
LOCAL_RANK: 0 - CUDA_VISIBLE_DEVICES: [0]
[I 2023-11-29 20:23:55,716] Trial 79 finished with value: 19.0308837890625 and parameters: {'gradient_clip_val': 0.9344998093623087, 'hidden_size': 27, 'dropout': 0.25691317970504657, 'hidden_continuous_size': 17, 'attention_head_size': 4, 'learning_rate': 0.020043505338736747}. Best is trial 22 with value: 15.563068389892578.
LOCAL_RANK: 0 - CUDA_VISIBLE_DEVICES: [0]
[I 2023-11-29 20:24:08,570] Trial 80 finished with value: 28.68916893005371 and parameters: {'gradient_clip_val': 0.5820884629304484, 'hidden_size': 33, 'dropout': 0.27591829210917534, 'hidden_continuous_size': 15, 'attention_head_size': 2, 'learning_rate': 0.010422724350856288}. Best is trial 22 with value: 15.563068389892578.
LOCAL_RANK: 0 - CUDA_VISIBLE_DEVICES: [0]
[I 2023-11-29 20:24:20,994] Trial 81 finished with value: 17.273744583129883 and parameters: {'gradient_clip_val': 0.7838052026647875, 'hidden_size': 23, 'dropout': 0.28127157316722473, 'hidden_continuous_size': 17, 'attention_head_size': 3, 'learning_rate': 0.025789712960276424}. Best is trial 22 with value: 15.563068389892578.
LOCAL_RANK: 0 - CUDA_VISIBLE_DEVICES: [0]
[I 2023-11-29 20:24:33,216] Trial 82 finished with value: 19.047941207885742 and parameters: {'gradient_clip_val': 0.8678230985587021, 'hidden_size': 24, 'dropout': 0.2336538874941294, 'hidden_continuous_size': 16, 'attention_head_size': 3, 'learning_rate': 0.03397640578440217}. Best is trial 22 with value: 15.563068389892578.
LOCAL_RANK: 0 - CUDA_VISIBLE_DEVICES: [0]
[I 2023-11-29 20:24:45,601] Trial 83 finished with value: 17.20180892944336 and parameters: {'gradient_clip_val': 0.8916972659912176, 'hidden_size': 21, 'dropout': 0.27244276451950383, 'hidden_continuous_size': 17, 'attention_head_size': 3, 'learning_rate': 0.0300875444240018}. Best is trial 22 with value: 15.563068389892578.
LOCAL_RANK: 0 - CUDA_VISIBLE_DEVICES: [0]
[I 2023-11-29 20:24:58,033] Trial 84 finished with value: 19.095561981201172 and parameters: {'gradient_clip_val': 0.7412914012816556, 'hidden_size': 28, 'dropout': 0.2469841054041529, 'hidden_continuous_size': 19, 'attention_head_size': 3, 'learning_rate': 0.04171719710488098}. Best is trial 22 with value: 15.563068389892578.
LOCAL_RANK: 0 - CUDA_VISIBLE_DEVICES: [0]
[I 2023-11-29 20:25:10,620] Trial 85 finished with value: 22.79355812072754 and parameters: {'gradient_clip_val': 0.8345183409603666, 'hidden_size': 36, 'dropout': 0.30432976411574336, 'hidden_continuous_size': 18, 'attention_head_size': 3, 'learning_rate': 0.023611509844874458}. Best is trial 22 with value: 15.563068389892578.
LOCAL_RANK: 0 - CUDA_VISIBLE_DEVICES: [0]
[I 2023-11-29 20:25:23,364] Trial 86 finished with value: 17.616037368774414 and parameters: {'gradient_clip_val': 0.6970205290163545, 'hidden_size': 30, 'dropout': 0.2613717222301345, 'hidden_continuous_size': 16, 'attention_head_size': 3, 'learning_rate': 0.016976636327772375}. Best is trial 22 with value: 15.563068389892578.
LOCAL_RANK: 0 - CUDA_VISIBLE_DEVICES: [0]
[I 2023-11-29 20:25:36,048] Trial 87 finished with value: 16.76664924621582 and parameters: {'gradient_clip_val': 0.938136605969907, 'hidden_size': 26, 'dropout': 0.2843700105250088, 'hidden_continuous_size': 17, 'attention_head_size': 4, 'learning_rate': 0.03285873502823057}. Best is trial 22 with value: 15.563068389892578.
LOCAL_RANK: 0 - CUDA_VISIBLE_DEVICES: [0]
[I 2023-11-29 20:25:48,548] Trial 88 finished with value: 21.36089515686035 and parameters: {'gradient_clip_val': 0.783165437605958, 'hidden_size': 32, 'dropout': 0.25298933536061347, 'hidden_continuous_size': 18, 'attention_head_size': 3, 'learning_rate': 0.028903106105641906}. Best is trial 22 with value: 15.563068389892578.
LOCAL_RANK: 0 - CUDA_VISIBLE_DEVICES: [0]
[I 2023-11-29 20:26:01,516] Trial 89 finished with value: 19.96083641052246 and parameters: {'gradient_clip_val': 0.8737702251936059, 'hidden_size': 38, 'dropout': 0.29035299881636706, 'hidden_continuous_size': 21, 'attention_head_size': 3, 'learning_rate': 0.025410076391549817}. Best is trial 22 with value: 15.563068389892578.
LOCAL_RANK: 0 - CUDA_VISIBLE_DEVICES: [0]
[I 2023-11-29 20:26:14,439] Trial 90 finished with value: 16.10638427734375 and parameters: {'gradient_clip_val': 0.6499986427290334, 'hidden_size': 34, 'dropout': 0.24160199887913691, 'hidden_continuous_size': 14, 'attention_head_size': 4, 'learning_rate': 0.021309926728629622}. Best is trial 22 with value: 15.563068389892578.
LOCAL_RANK: 0 - CUDA_VISIBLE_DEVICES: [0]
[I 2023-11-29 20:26:27,230] Trial 91 finished with value: 16.148229598999023 and parameters: {'gradient_clip_val': 0.6494132703802507, 'hidden_size': 34, 'dropout': 0.24079816542113777, 'hidden_continuous_size': 14, 'attention_head_size': 4, 'learning_rate': 0.021285254766740418}. Best is trial 22 with value: 15.563068389892578.
LOCAL_RANK: 0 - CUDA_VISIBLE_DEVICES: [0]
[I 2023-11-29 20:26:40,102] Trial 92 finished with value: 19.406003952026367 and parameters: {'gradient_clip_val': 0.659197796396168, 'hidden_size': 35, 'dropout': 0.23047286886582954, 'hidden_continuous_size': 14, 'attention_head_size': 4, 'learning_rate': 0.020972124891947448}. Best is trial 22 with value: 15.563068389892578.
LOCAL_RANK: 0 - CUDA_VISIBLE_DEVICES: [0]
[I 2023-11-29 20:26:53,203] Trial 93 finished with value: 17.21466064453125 and parameters: {'gradient_clip_val': 0.5934967109008777, 'hidden_size': 41, 'dropout': 0.23901914546300168, 'hidden_continuous_size': 13, 'attention_head_size': 4, 'learning_rate': 0.018407997629811178}. Best is trial 22 with value: 15.563068389892578.
LOCAL_RANK: 0 - CUDA_VISIBLE_DEVICES: [0]
[I 2023-11-29 20:27:06,216] Trial 94 finished with value: 19.45876121520996 and parameters: {'gradient_clip_val': 0.7318510309063104, 'hidden_size': 45, 'dropout': 0.22109911863922405, 'hidden_continuous_size': 14, 'attention_head_size': 4, 'learning_rate': 0.013882321931269209}. Best is trial 22 with value: 15.563068389892578.
LOCAL_RANK: 0 - CUDA_VISIBLE_DEVICES: [0]
[I 2023-11-29 20:27:19,157] Trial 95 finished with value: 18.106508255004883 and parameters: {'gradient_clip_val': 0.5237074905802382, 'hidden_size': 33, 'dropout': 0.212683639774719, 'hidden_continuous_size': 15, 'attention_head_size': 4, 'learning_rate': 0.015589030129788791}. Best is trial 22 with value: 15.563068389892578.
LOCAL_RANK: 0 - CUDA_VISIBLE_DEVICES: [0]
[I 2023-11-29 20:27:32,028] Trial 96 finished with value: 18.508668899536133 and parameters: {'gradient_clip_val': 0.5587764263651086, 'hidden_size': 38, 'dropout': 0.2464147205954946, 'hidden_continuous_size': 12, 'attention_head_size': 4, 'learning_rate': 0.022159607402600447}. Best is trial 22 with value: 15.563068389892578.
LOCAL_RANK: 0 - CUDA_VISIBLE_DEVICES: [0]
[I 2023-11-29 20:27:44,780] Trial 97 finished with value: 20.549673080444336 and parameters: {'gradient_clip_val': 0.6263965089041886, 'hidden_size': 34, 'dropout': 0.23699485721501193, 'hidden_continuous_size': 13, 'attention_head_size': 4, 'learning_rate': 0.02464372588247417}. Best is trial 22 with value: 15.563068389892578.
LOCAL_RANK: 0 - CUDA_VISIBLE_DEVICES: [0]
[I 2023-11-29 20:27:57,437] Trial 98 finished with value: 18.291059494018555 and parameters: {'gradient_clip_val': 0.680700211515367, 'hidden_size': 31, 'dropout': 0.2257629561961033, 'hidden_continuous_size': 10, 'attention_head_size': 4, 'learning_rate': 0.017278370420922878}. Best is trial 22 with value: 15.563068389892578.
LOCAL_RANK: 0 - CUDA_VISIBLE_DEVICES: [0]
[I 2023-11-29 20:28:10,213] Trial 99 finished with value: 18.6116943359375 and parameters: {'gradient_clip_val': 0.6205618203978965, 'hidden_size': 40, 'dropout': 0.26754444935646576, 'hidden_continuous_size': 15, 'attention_head_size': 4, 'learning_rate': 0.02033446509333318}. Best is trial 22 with value: 15.563068389892578.
LOCAL_RANK: 0 - CUDA_VISIBLE_DEVICES: [0]
[I 2023-11-29 20:28:23,235] Trial 100 finished with value: 16.232131958007812 and parameters: {'gradient_clip_val': 0.7301541503006521, 'hidden_size': 36, 'dropout': 0.26060339823420364, 'hidden_continuous_size': 20, 'attention_head_size': 4, 'learning_rate': 0.01443874126839421}. Best is trial 22 with value: 15.563068389892578.
LOCAL_RANK: 0 - CUDA_VISIBLE_DEVICES: [0]
[I 2023-11-29 20:28:36,283] Trial 101 finished with value: 17.303131103515625 and parameters: {'gradient_clip_val': 0.7412007877322752, 'hidden_size': 37, 'dropout': 0.25251165818445553, 'hidden_continuous_size': 20, 'attention_head_size': 4, 'learning_rate': 0.012729803813005737}. Best is trial 22 with value: 15.563068389892578.
LOCAL_RANK: 0 - CUDA_VISIBLE_DEVICES: [0]
[I 2023-11-29 20:28:49,170] Trial 102 finished with value: 14.357207298278809 and parameters: {'gradient_clip_val': 0.697910089887113, 'hidden_size': 34, 'dropout': 0.2618532594239829, 'hidden_continuous_size': 19, 'attention_head_size': 4, 'learning_rate': 0.01571802686417961}. Best is trial 102 with value: 14.357207298278809.
LOCAL_RANK: 0 - CUDA_VISIBLE_DEVICES: [0]
[I 2023-11-29 20:29:01,883] Trial 103 finished with value: 17.35471534729004 and parameters: {'gradient_clip_val': 0.6549393398123902, 'hidden_size': 36, 'dropout': 0.24046398785823178, 'hidden_continuous_size': 20, 'attention_head_size': 4, 'learning_rate': 0.014621977319928014}. Best is trial 102 with value: 14.357207298278809.
LOCAL_RANK: 0 - CUDA_VISIBLE_DEVICES: [0]
[I 2023-11-29 20:29:14,927] Trial 104 finished with value: 19.0654296875 and parameters: {'gradient_clip_val': 0.7000772628951253, 'hidden_size': 42, 'dropout': 0.2570149706637891, 'hidden_continuous_size': 19, 'attention_head_size': 4, 'learning_rate': 0.018061707715049075}. Best is trial 102 with value: 14.357207298278809.
LOCAL_RANK: 0 - CUDA_VISIBLE_DEVICES: [0]
[I 2023-11-29 20:29:28,014] Trial 105 finished with value: 17.930238723754883 and parameters: {'gradient_clip_val': 0.7795102986243313, 'hidden_size': 34, 'dropout': 0.2474058140311853, 'hidden_continuous_size': 22, 'attention_head_size': 4, 'learning_rate': 0.011445622706488294}. Best is trial 102 with value: 14.357207298278809.
LOCAL_RANK: 0 - CUDA_VISIBLE_DEVICES: [0]
[I 2023-11-29 20:29:40,703] Trial 106 finished with value: 17.096275329589844 and parameters: {'gradient_clip_val': 0.8158322874786004, 'hidden_size': 32, 'dropout': 0.2634390387466922, 'hidden_continuous_size': 19, 'attention_head_size': 4, 'learning_rate': 0.01581198784011785}. Best is trial 102 with value: 14.357207298278809.
LOCAL_RANK: 0 - CUDA_VISIBLE_DEVICES: [0]
[I 2023-11-29 20:29:53,633] Trial 107 finished with value: 18.377349853515625 and parameters: {'gradient_clip_val': 0.7165431239471611, 'hidden_size': 38, 'dropout': 0.23223394908954453, 'hidden_continuous_size': 21, 'attention_head_size': 4, 'learning_rate': 0.026785860593023965}. Best is trial 102 with value: 14.357207298278809.
LOCAL_RANK: 0 - CUDA_VISIBLE_DEVICES: [0]
[I 2023-11-29 20:30:06,741] Trial 108 finished with value: 16.81930923461914 and parameters: {'gradient_clip_val': 0.9628850859719138, 'hidden_size': 45, 'dropout': 0.2730238978060571, 'hidden_continuous_size': 24, 'attention_head_size': 4, 'learning_rate': 0.019387783973043214}. Best is trial 102 with value: 14.357207298278809.
LOCAL_RANK: 0 - CUDA_VISIBLE_DEVICES: [0]
[I 2023-11-29 20:30:19,446] Trial 109 finished with value: 19.072221755981445 and parameters: {'gradient_clip_val': 0.6434838410079224, 'hidden_size': 40, 'dropout': 0.25914549574392887, 'hidden_continuous_size': 22, 'attention_head_size': 4, 'learning_rate': 0.014092217856706854}. Best is trial 102 with value: 14.357207298278809.
LOCAL_RANK: 0 - CUDA_VISIBLE_DEVICES: [0]
[I 2023-11-29 20:30:32,541] Trial 110 finished with value: 18.52796745300293 and parameters: {'gradient_clip_val': 0.8369261648414965, 'hidden_size': 35, 'dropout': 0.24280574358864654, 'hidden_continuous_size': 14, 'attention_head_size': 4, 'learning_rate': 0.02262941741379485}. Best is trial 102 with value: 14.357207298278809.
LOCAL_RANK: 0 - CUDA_VISIBLE_DEVICES: [0]
[I 2023-11-29 20:30:45,118] Trial 111 finished with value: 18.91535186767578 and parameters: {'gradient_clip_val': 0.6018011675564692, 'hidden_size': 29, 'dropout': 0.2516941462379541, 'hidden_continuous_size': 18, 'attention_head_size': 1, 'learning_rate': 0.016694158102937867}. Best is trial 102 with value: 14.357207298278809.
LOCAL_RANK: 0 - CUDA_VISIBLE_DEVICES: [0]
[I 2023-11-29 20:30:58,051] Trial 112 finished with value: 18.749326705932617 and parameters: {'gradient_clip_val': 0.7525838915632291, 'hidden_size': 31, 'dropout': 0.2613722136085049, 'hidden_continuous_size': 20, 'attention_head_size': 4, 'learning_rate': 0.019199597376389}. Best is trial 102 with value: 14.357207298278809.
LOCAL_RANK: 0 - CUDA_VISIBLE_DEVICES: [0]
[I 2023-11-29 20:31:10,614] Trial 113 finished with value: 19.00021743774414 and parameters: {'gradient_clip_val': 0.5701022607360121, 'hidden_size': 29, 'dropout': 0.26833718376599097, 'hidden_continuous_size': 16, 'attention_head_size': 4, 'learning_rate': 0.02379915840135757}. Best is trial 102 with value: 14.357207298278809.
LOCAL_RANK: 0 - CUDA_VISIBLE_DEVICES: [0]
[I 2023-11-29 20:31:23,229] Trial 114 finished with value: 21.44400978088379 and parameters: {'gradient_clip_val': 0.649200053611525, 'hidden_size': 28, 'dropout': 0.27658082870950335, 'hidden_continuous_size': 19, 'attention_head_size': 4, 'learning_rate': 0.02133012365080923}. Best is trial 102 with value: 14.357207298278809.
LOCAL_RANK: 0 - CUDA_VISIBLE_DEVICES: [0]
[I 2023-11-29 20:31:36,356] Trial 115 finished with value: 15.580546379089355 and parameters: {'gradient_clip_val': 0.6929189151985873, 'hidden_size': 33, 'dropout': 0.31805289393660696, 'hidden_continuous_size': 21, 'attention_head_size': 4, 'learning_rate': 0.014983086375614393}. Best is trial 102 with value: 14.357207298278809.
LOCAL_RANK: 0 - CUDA_VISIBLE_DEVICES: [0]
