[I 2023-11-30 07:34:35,060] Trial 91 finished with value: 10.180733680725098 and parameters: {'gradient_clip_val': 0.1940910798393779, 'hidden_size': 86, 'dropout': 0.39962409610962535, 'hidden_continuous_size': 37, 'attention_head_size': 3, 'learning_rate': 0.06501550043920493}. Best is trial 78 with value: 7.932916164398193.
LOCAL_RANK: 0 - CUDA_VISIBLE_DEVICES: [0]
[I 2023-11-30 07:34:48,509] Trial 92 finished with value: 9.624557495117188 and parameters: {'gradient_clip_val': 0.17781566055894293, 'hidden_size': 62, 'dropout': 0.37773274014847086, 'hidden_continuous_size': 39, 'attention_head_size': 2, 'learning_rate': 0.062411641840686094}. Best is trial 78 with value: 7.932916164398193.
LOCAL_RANK: 0 - CUDA_VISIBLE_DEVICES: [0]
[I 2023-11-30 07:35:02,167] Trial 93 finished with value: 9.102876663208008 and parameters: {'gradient_clip_val': 0.20905712920154704, 'hidden_size': 68, 'dropout': 0.3672482094016349, 'hidden_continuous_size': 41, 'attention_head_size': 3, 'learning_rate': 0.05390103100762042}. Best is trial 78 with value: 7.932916164398193.
LOCAL_RANK: 0 - CUDA_VISIBLE_DEVICES: [0]
[I 2023-11-30 07:35:15,961] Trial 94 finished with value: 9.498912811279297 and parameters: {'gradient_clip_val': 0.17064465555982958, 'hidden_size': 81, 'dropout': 0.38680075381960743, 'hidden_continuous_size': 33, 'attention_head_size': 2, 'learning_rate': 0.02958922451931211}. Best is trial 78 with value: 7.932916164398193.
LOCAL_RANK: 0 - CUDA_VISIBLE_DEVICES: [0]
[I 2023-11-30 07:35:29,477] Trial 95 finished with value: 10.327423095703125 and parameters: {'gradient_clip_val': 0.13271898663612217, 'hidden_size': 52, 'dropout': 0.3513379658745486, 'hidden_continuous_size': 36, 'attention_head_size': 3, 'learning_rate': 0.07289861475057771}. Best is trial 78 with value: 7.932916164398193.
LOCAL_RANK: 0 - CUDA_VISIBLE_DEVICES: [0]
[I 2023-11-30 07:35:43,222] Trial 96 finished with value: 11.623943328857422 and parameters: {'gradient_clip_val': 0.22859872060328934, 'hidden_size': 91, 'dropout': 0.33975248730407376, 'hidden_continuous_size': 28, 'attention_head_size': 2, 'learning_rate': 0.04643896270542999}. Best is trial 78 with value: 7.932916164398193.
LOCAL_RANK: 0 - CUDA_VISIBLE_DEVICES: [0]
[I 2023-11-30 07:35:56,822] Trial 97 finished with value: 8.590291976928711 and parameters: {'gradient_clip_val': 0.1869277626700946, 'hidden_size': 59, 'dropout': 0.3921043585679223, 'hidden_continuous_size': 38, 'attention_head_size': 3, 'learning_rate': 0.054895986881739474}. Best is trial 78 with value: 7.932916164398193.
LOCAL_RANK: 0 - CUDA_VISIBLE_DEVICES: [0]
[I 2023-11-30 07:36:10,472] Trial 98 finished with value: 9.345358848571777 and parameters: {'gradient_clip_val': 0.10582030880064805, 'hidden_size': 58, 'dropout': 0.38833422010716384, 'hidden_continuous_size': 38, 'attention_head_size': 3, 'learning_rate': 0.04117960972117816}. Best is trial 78 with value: 7.932916164398193.
LOCAL_RANK: 0 - CUDA_VISIBLE_DEVICES: [0]
[I 2023-11-30 07:36:23,917] Trial 99 finished with value: 8.620638847351074 and parameters: {'gradient_clip_val': 0.18814534772029143, 'hidden_size': 64, 'dropout': 0.39455682008291426, 'hidden_continuous_size': 35, 'attention_head_size': 2, 'learning_rate': 0.05273612419644965}. Best is trial 78 with value: 7.932916164398193.
LOCAL_RANK: 0 - CUDA_VISIBLE_DEVICES: [0]
[I 2023-11-30 07:36:37,470] Trial 100 finished with value: 9.180928230285645 and parameters: {'gradient_clip_val': 0.1927721306507824, 'hidden_size': 54, 'dropout': 0.3999646292638157, 'hidden_continuous_size': 35, 'attention_head_size': 2, 'learning_rate': 0.036132355269185734}. Best is trial 78 with value: 7.932916164398193.
LOCAL_RANK: 0 - CUDA_VISIBLE_DEVICES: [0]
[I 2023-11-30 07:36:50,609] Trial 101 finished with value: 9.647456169128418 and parameters: {'gradient_clip_val': 0.18613752973705844, 'hidden_size': 64, 'dropout': 0.3926763909330055, 'hidden_continuous_size': 32, 'attention_head_size': 2, 'learning_rate': 0.05210883443276478}. Best is trial 78 with value: 7.932916164398193.
LOCAL_RANK: 0 - CUDA_VISIBLE_DEVICES: [0]
[I 2023-11-30 07:37:04,155] Trial 102 finished with value: 11.296765327453613 and parameters: {'gradient_clip_val': 0.1624985138107586, 'hidden_size': 72, 'dropout': 0.3809191234143899, 'hidden_continuous_size': 41, 'attention_head_size': 2, 'learning_rate': 0.05461550658704541}. Best is trial 78 with value: 7.932916164398193.
LOCAL_RANK: 0 - CUDA_VISIBLE_DEVICES: [0]
[I 2023-11-30 07:37:17,816] Trial 103 finished with value: 9.27412223815918 and parameters: {'gradient_clip_val': 0.15075153548299378, 'hidden_size': 61, 'dropout': 0.3934971837806495, 'hidden_continuous_size': 35, 'attention_head_size': 2, 'learning_rate': 0.047103824821872795}. Best is trial 78 with value: 7.932916164398193.
LOCAL_RANK: 0 - CUDA_VISIBLE_DEVICES: [0]
[I 2023-11-30 07:37:31,223] Trial 104 finished with value: 11.043377876281738 and parameters: {'gradient_clip_val': 0.17499470718435323, 'hidden_size': 49, 'dropout': 0.37405702786425105, 'hidden_continuous_size': 38, 'attention_head_size': 2, 'learning_rate': 0.08351446427279328}. Best is trial 78 with value: 7.932916164398193.
LOCAL_RANK: 0 - CUDA_VISIBLE_DEVICES: [0]
[I 2023-11-30 07:37:44,925] Trial 105 finished with value: 9.556746482849121 and parameters: {'gradient_clip_val': 0.20582254030153804, 'hidden_size': 67, 'dropout': 0.3858432590394428, 'hidden_continuous_size': 44, 'attention_head_size': 1, 'learning_rate': 0.04436113890942068}. Best is trial 78 with value: 7.932916164398193.
LOCAL_RANK: 0 - CUDA_VISIBLE_DEVICES: [0]
[I 2023-11-30 07:37:58,485] Trial 106 finished with value: 9.266514778137207 and parameters: {'gradient_clip_val': 0.16684469065973928, 'hidden_size': 76, 'dropout': 0.363515399294846, 'hidden_continuous_size': 30, 'attention_head_size': 3, 'learning_rate': 0.058420573181347496}. Best is trial 78 with value: 7.932916164398193.
LOCAL_RANK: 0 - CUDA_VISIBLE_DEVICES: [0]
[I 2023-11-30 07:38:12,086] Trial 107 finished with value: 10.421414375305176 and parameters: {'gradient_clip_val': 0.13926416729839283, 'hidden_size': 70, 'dropout': 0.3773755721703911, 'hidden_continuous_size': 33, 'attention_head_size': 2, 'learning_rate': 0.039469199308848214}. Best is trial 78 with value: 7.932916164398193.
LOCAL_RANK: 0 - CUDA_VISIBLE_DEVICES: [0]
[I 2023-11-30 07:38:25,717] Trial 108 finished with value: 9.006643295288086 and parameters: {'gradient_clip_val': 0.11101642690150133, 'hidden_size': 57, 'dropout': 0.3939027220926279, 'hidden_continuous_size': 36, 'attention_head_size': 2, 'learning_rate': 0.06980104938220766}. Best is trial 78 with value: 7.932916164398193.
LOCAL_RANK: 0 - CUDA_VISIBLE_DEVICES: [0]
[I 2023-11-30 07:38:39,204] Trial 109 finished with value: 8.933794021606445 and parameters: {'gradient_clip_val': 0.17912314882707794, 'hidden_size': 46, 'dropout': 0.38368523187406056, 'hidden_continuous_size': 40, 'attention_head_size': 3, 'learning_rate': 0.07939714760508773}. Best is trial 78 with value: 7.932916164398193.
LOCAL_RANK: 0 - CUDA_VISIBLE_DEVICES: [0]
[I 2023-11-30 07:38:52,955] Trial 110 finished with value: 9.028299331665039 and parameters: {'gradient_clip_val': 0.12757021112356626, 'hidden_size': 54, 'dropout': 0.37228898331657506, 'hidden_continuous_size': 39, 'attention_head_size': 2, 'learning_rate': 0.03165132597448269}. Best is trial 78 with value: 7.932916164398193.
LOCAL_RANK: 0 - CUDA_VISIBLE_DEVICES: [0]
[I 2023-11-30 07:39:06,690] Trial 111 finished with value: 8.964241027832031 and parameters: {'gradient_clip_val': 0.19202983575937696, 'hidden_size': 82, 'dropout': 0.3657852853748441, 'hidden_continuous_size': 31, 'attention_head_size': 3, 'learning_rate': 0.06303760882285246}. Best is trial 78 with value: 7.932916164398193.
LOCAL_RANK: 0 - CUDA_VISIBLE_DEVICES: [0]
[I 2023-11-30 07:39:20,278] Trial 112 finished with value: 9.986495971679688 and parameters: {'gradient_clip_val': 0.18556021045851576, 'hidden_size': 60, 'dropout': 0.3584985146051317, 'hidden_continuous_size': 37, 'attention_head_size': 3, 'learning_rate': 0.05014318133010723}. Best is trial 78 with value: 7.932916164398193.
LOCAL_RANK: 0 - CUDA_VISIBLE_DEVICES: [0]
[I 2023-11-30 07:39:33,801] Trial 113 finished with value: 8.865436553955078 and parameters: {'gradient_clip_val': 0.15519917677456022, 'hidden_size': 64, 'dropout': 0.3472031682746035, 'hidden_continuous_size': 42, 'attention_head_size': 3, 'learning_rate': 0.05619420182063251}. Best is trial 78 with value: 7.932916164398193.
LOCAL_RANK: 0 - CUDA_VISIBLE_DEVICES: [0]
[I 2023-11-30 07:39:47,553] Trial 114 finished with value: 9.243281364440918 and parameters: {'gradient_clip_val': 0.16307858425560018, 'hidden_size': 75, 'dropout': 0.38183707101150427, 'hidden_continuous_size': 34, 'attention_head_size': 3, 'learning_rate': 0.06744285659456638}. Best is trial 78 with value: 7.932916164398193.
LOCAL_RANK: 0 - CUDA_VISIBLE_DEVICES: [0]
[I 2023-11-30 07:40:01,360] Trial 115 finished with value: 9.858248710632324 and parameters: {'gradient_clip_val': 0.20400618467564974, 'hidden_size': 70, 'dropout': 0.3908004738792233, 'hidden_continuous_size': 46, 'attention_head_size': 3, 'learning_rate': 0.0912922234001643}. Best is trial 78 with value: 7.932916164398193.
LOCAL_RANK: 0 - CUDA_VISIBLE_DEVICES: [0]
[I 2023-11-30 07:40:14,871] Trial 116 finished with value: 8.851288795471191 and parameters: {'gradient_clip_val': 0.21586555343095348, 'hidden_size': 51, 'dropout': 0.3999919034234412, 'hidden_continuous_size': 36, 'attention_head_size': 3, 'learning_rate': 0.07515997513797505}. Best is trial 78 with value: 7.932916164398193.
LOCAL_RANK: 0 - CUDA_VISIBLE_DEVICES: [0]
[I 2023-11-30 07:40:28,560] Trial 117 finished with value: 9.316956520080566 and parameters: {'gradient_clip_val': 0.14662158863998162, 'hidden_size': 66, 'dropout': 0.3733256554372642, 'hidden_continuous_size': 38, 'attention_head_size': 2, 'learning_rate': 0.04383982705088987}. Best is trial 78 with value: 7.932916164398193.
LOCAL_RANK: 0 - CUDA_VISIBLE_DEVICES: [0]
[I 2023-11-30 07:40:42,377] Trial 118 finished with value: 8.80910587310791 and parameters: {'gradient_clip_val': 0.10427619756472957, 'hidden_size': 59, 'dropout': 0.3518521678854281, 'hidden_continuous_size': 34, 'attention_head_size': 4, 'learning_rate': 0.061369006487490795}. Best is trial 78 with value: 7.932916164398193.
LOCAL_RANK: 0 - CUDA_VISIBLE_DEVICES: [0]
[I 2023-11-30 07:40:55,934] Trial 119 finished with value: 8.940107345581055 and parameters: {'gradient_clip_val': 0.10449007618466387, 'hidden_size': 58, 'dropout': 0.3517500469767818, 'hidden_continuous_size': 34, 'attention_head_size': 2, 'learning_rate': 0.051111682594382965}. Best is trial 78 with value: 7.932916164398193.
LOCAL_RANK: 0 - CUDA_VISIBLE_DEVICES: [0]
[I 2023-11-30 07:41:09,869] Trial 120 finished with value: 8.68599796295166 and parameters: {'gradient_clip_val': 0.11236180307330874, 'hidden_size': 62, 'dropout': 0.3578782362555672, 'hidden_continuous_size': 33, 'attention_head_size': 4, 'learning_rate': 0.03490819836165017}. Best is trial 78 with value: 7.932916164398193.
LOCAL_RANK: 0 - CUDA_VISIBLE_DEVICES: [0]
[I 2023-11-30 07:41:23,400] Trial 121 finished with value: 9.03643798828125 and parameters: {'gradient_clip_val': 0.11216284484693075, 'hidden_size': 62, 'dropout': 0.33541413861835867, 'hidden_continuous_size': 32, 'attention_head_size': 4, 'learning_rate': 0.0345527556108466}. Best is trial 78 with value: 7.932916164398193.
LOCAL_RANK: 0 - CUDA_VISIBLE_DEVICES: [0]
[I 2023-11-30 07:41:37,006] Trial 122 finished with value: 9.108147621154785 and parameters: {'gradient_clip_val': 0.10359217312136514, 'hidden_size': 55, 'dropout': 0.3589621749950151, 'hidden_continuous_size': 37, 'attention_head_size': 4, 'learning_rate': 0.03885689294500047}. Best is trial 78 with value: 7.932916164398193.
LOCAL_RANK: 0 - CUDA_VISIBLE_DEVICES: [0]
[I 2023-11-30 07:41:50,490] Trial 123 finished with value: 10.480647087097168 and parameters: {'gradient_clip_val': 0.1179512562591233, 'hidden_size': 49, 'dropout': 0.32408339879584414, 'hidden_continuous_size': 35, 'attention_head_size': 4, 'learning_rate': 0.027648184983335895}. Best is trial 78 with value: 7.932916164398193.
LOCAL_RANK: 0 - CUDA_VISIBLE_DEVICES: [0]
[I 2023-11-30 07:42:04,064] Trial 124 finished with value: 11.444029808044434 and parameters: {'gradient_clip_val': 0.12327887678682106, 'hidden_size': 60, 'dropout': 0.3421380036635977, 'hidden_continuous_size': 33, 'attention_head_size': 4, 'learning_rate': 0.036405591003352514}. Best is trial 78 with value: 7.932916164398193.
LOCAL_RANK: 0 - CUDA_VISIBLE_DEVICES: [0]
[I 2023-11-30 07:42:18,107] Trial 125 finished with value: 8.9180269241333 and parameters: {'gradient_clip_val': 0.10061628592445104, 'hidden_size': 67, 'dropout': 0.3333080638165269, 'hidden_continuous_size': 40, 'attention_head_size': 4, 'learning_rate': 0.04243337825996809}. Best is trial 78 with value: 7.932916164398193.
LOCAL_RANK: 0 - CUDA_VISIBLE_DEVICES: [0]
[I 2023-11-30 07:42:31,486] Trial 126 finished with value: 11.868107795715332 and parameters: {'gradient_clip_val': 0.10670719974623735, 'hidden_size': 45, 'dropout': 0.34833852822196576, 'hidden_continuous_size': 36, 'attention_head_size': 4, 'learning_rate': 0.061787983877749246}. Best is trial 78 with value: 7.932916164398193.
LOCAL_RANK: 0 - CUDA_VISIBLE_DEVICES: [0]
[I 2023-11-30 07:42:45,152] Trial 127 finished with value: 9.747613906860352 and parameters: {'gradient_clip_val': 0.11814791594724938, 'hidden_size': 72, 'dropout': 0.36808883187272945, 'hidden_continuous_size': 30, 'attention_head_size': 4, 'learning_rate': 0.04839866623155093}. Best is trial 78 with value: 7.932916164398193.
LOCAL_RANK: 0 - CUDA_VISIBLE_DEVICES: [0]
[I 2023-11-30 07:42:58,790] Trial 128 finished with value: 9.653542518615723 and parameters: {'gradient_clip_val': 0.11122017864706454, 'hidden_size': 53, 'dropout': 0.38587462008275875, 'hidden_continuous_size': 39, 'attention_head_size': 4, 'learning_rate': 0.030681841193632615}. Best is trial 78 with value: 7.932916164398193.
LOCAL_RANK: 0 - CUDA_VISIBLE_DEVICES: [0]
[I 2023-11-30 07:43:12,431] Trial 129 finished with value: 10.615262985229492 and parameters: {'gradient_clip_val': 0.132244667411272, 'hidden_size': 63, 'dropout': 0.3560971739258507, 'hidden_continuous_size': 27, 'attention_head_size': 4, 'learning_rate': 0.025500273788427872}. Best is trial 78 with value: 7.932916164398193.
LOCAL_RANK: 0 - CUDA_VISIBLE_DEVICES: [0]
[I 2023-11-30 07:43:26,171] Trial 130 finished with value: 10.998497009277344 and parameters: {'gradient_clip_val': 0.12619844061871802, 'hidden_size': 79, 'dropout': 0.3951403983092658, 'hidden_continuous_size': 26, 'attention_head_size': 2, 'learning_rate': 0.05572861394879789}. Best is trial 78 with value: 7.932916164398193.
LOCAL_RANK: 0 - CUDA_VISIBLE_DEVICES: [0]
[I 2023-11-30 07:43:39,599] Trial 131 finished with value: 10.215370178222656 and parameters: {'gradient_clip_val': 0.17889642733956804, 'hidden_size': 56, 'dropout': 0.36365862387387693, 'hidden_continuous_size': 37, 'attention_head_size': 3, 'learning_rate': 0.02260162051645161}. Best is trial 78 with value: 7.932916164398193.
LOCAL_RANK: 0 - CUDA_VISIBLE_DEVICES: [0]
[I 2023-11-30 07:43:53,021] Trial 132 finished with value: 9.185225486755371 and parameters: {'gradient_clip_val': 0.19029234948476212, 'hidden_size': 60, 'dropout': 0.37870948889649914, 'hidden_continuous_size': 34, 'attention_head_size': 2, 'learning_rate': 0.06698384711823425}. Best is trial 78 with value: 7.932916164398193.
LOCAL_RANK: 0 - CUDA_VISIBLE_DEVICES: [0]
[I 2023-11-30 07:44:06,760] Trial 133 finished with value: 9.517066955566406 and parameters: {'gradient_clip_val': 0.1687219674494032, 'hidden_size': 85, 'dropout': 0.3404864396762696, 'hidden_continuous_size': 31, 'attention_head_size': 2, 'learning_rate': 0.07426519868028116}. Best is trial 78 with value: 7.932916164398193.
LOCAL_RANK: 0 - CUDA_VISIBLE_DEVICES: [0]
[I 2023-11-30 07:44:20,453] Trial 134 finished with value: 9.64223575592041 and parameters: {'gradient_clip_val': 0.11445045532911075, 'hidden_size': 65, 'dropout': 0.37099395174722194, 'hidden_continuous_size': 41, 'attention_head_size': 3, 'learning_rate': 0.05736449842634859}. Best is trial 78 with value: 7.932916164398193.
LOCAL_RANK: 0 - CUDA_VISIBLE_DEVICES: [0]
[I 2023-11-30 07:44:34,457] Trial 135 finished with value: 9.613394737243652 and parameters: {'gradient_clip_val': 0.10014414626097393, 'hidden_size': 104, 'dropout': 0.3889699887741644, 'hidden_continuous_size': 29, 'attention_head_size': 2, 'learning_rate': 0.062366199958870765}. Best is trial 78 with value: 7.932916164398193.
LOCAL_RANK: 0 - CUDA_VISIBLE_DEVICES: [0]
[I 2023-11-30 07:44:48,208] Trial 136 finished with value: 8.51099681854248 and parameters: {'gradient_clip_val': 0.15511499786733535, 'hidden_size': 73, 'dropout': 0.31620517674995313, 'hidden_continuous_size': 32, 'attention_head_size': 3, 'learning_rate': 0.04615693755828641}. Best is trial 78 with value: 7.932916164398193.
LOCAL_RANK: 0 - CUDA_VISIBLE_DEVICES: [0]
[I 2023-11-30 07:45:01,817] Trial 137 finished with value: 9.248520851135254 and parameters: {'gradient_clip_val': 0.14099831863276713, 'hidden_size': 74, 'dropout': 0.3231403861998155, 'hidden_continuous_size': 32, 'attention_head_size': 3, 'learning_rate': 0.045158341490457964}. Best is trial 78 with value: 7.932916164398193.
LOCAL_RANK: 0 - CUDA_VISIBLE_DEVICES: [0]
[I 2023-11-30 07:45:15,576] Trial 138 finished with value: 9.423171043395996 and parameters: {'gradient_clip_val': 0.15510907703641355, 'hidden_size': 69, 'dropout': 0.31876003653218377, 'hidden_continuous_size': 35, 'attention_head_size': 2, 'learning_rate': 0.03536451705566203}. Best is trial 78 with value: 7.932916164398193.
LOCAL_RANK: 0 - CUDA_VISIBLE_DEVICES: [0]
[I 2023-11-30 07:45:29,371] Trial 139 finished with value: 9.631293296813965 and parameters: {'gradient_clip_val': 0.23749459590164704, 'hidden_size': 79, 'dropout': 0.33541201568576906, 'hidden_continuous_size': 43, 'attention_head_size': 3, 'learning_rate': 0.03986907647131868}. Best is trial 78 with value: 7.932916164398193.
LOCAL_RANK: 0 - CUDA_VISIBLE_DEVICES: [0]
[I 2023-11-30 07:45:43,153] Trial 140 finished with value: 9.136242866516113 and parameters: {'gradient_clip_val': 0.13262510385977544, 'hidden_size': 64, 'dropout': 0.3077952303743893, 'hidden_continuous_size': 39, 'attention_head_size': 4, 'learning_rate': 0.052986307065163336}. Best is trial 78 with value: 7.932916164398193.
LOCAL_RANK: 0 - CUDA_VISIBLE_DEVICES: [0]
[I 2023-11-30 07:45:57,199] Trial 141 finished with value: 8.613468170166016 and parameters: {'gradient_clip_val': 0.172392860511429, 'hidden_size': 94, 'dropout': 0.34471654892246967, 'hidden_continuous_size': 33, 'attention_head_size': 3, 'learning_rate': 0.04708614998879409}. Best is trial 78 with value: 7.932916164398193.
LOCAL_RANK: 0 - CUDA_VISIBLE_DEVICES: [0]
[I 2023-11-30 07:46:11,074] Trial 142 finished with value: 9.207136154174805 and parameters: {'gradient_clip_val': 0.17199687373265926, 'hidden_size': 89, 'dropout': 0.3299181216808446, 'hidden_continuous_size': 33, 'attention_head_size': 3, 'learning_rate': 0.048144357881489346}. Best is trial 78 with value: 7.932916164398193.
LOCAL_RANK: 0 - CUDA_VISIBLE_DEVICES: [0]
[I 2023-11-30 07:46:24,679] Trial 143 finished with value: 8.973495483398438 and parameters: {'gradient_clip_val': 0.15806413616869472, 'hidden_size': 57, 'dropout': 0.34565166373761425, 'hidden_continuous_size': 35, 'attention_head_size': 3, 'learning_rate': 0.043111196687144006}. Best is trial 78 with value: 7.932916164398193.
LOCAL_RANK: 0 - CUDA_VISIBLE_DEVICES: [0]
[I 2023-11-30 07:46:38,427] Trial 144 finished with value: 9.958067893981934 and parameters: {'gradient_clip_val': 0.1450981350809372, 'hidden_size': 73, 'dropout': 0.34997360163426106, 'hidden_continuous_size': 31, 'attention_head_size': 3, 'learning_rate': 0.032660353671787906}. Best is trial 78 with value: 7.932916164398193.
LOCAL_RANK: 0 - CUDA_VISIBLE_DEVICES: [0]
[I 2023-11-30 07:46:52,041] Trial 145 finished with value: 11.179030418395996 and parameters: {'gradient_clip_val': 0.19786196585087096, 'hidden_size': 68, 'dropout': 0.32878903825068634, 'hidden_continuous_size': 33, 'attention_head_size': 3, 'learning_rate': 0.040076215657286}. Best is trial 78 with value: 7.932916164398193.
LOCAL_RANK: 0 - CUDA_VISIBLE_DEVICES: [0]
[I 2023-11-30 07:47:05,871] Trial 146 finished with value: 8.880127906799316 and parameters: {'gradient_clip_val': 0.16436843300071635, 'hidden_size': 95, 'dropout': 0.33848482675828495, 'hidden_continuous_size': 29, 'attention_head_size': 2, 'learning_rate': 0.05186752241437628}. Best is trial 78 with value: 7.932916164398193.
LOCAL_RANK: 0 - CUDA_VISIBLE_DEVICES: [0]
[I 2023-11-30 07:47:19,399] Trial 147 finished with value: 8.70176887512207 and parameters: {'gradient_clip_val': 0.1812295411805802, 'hidden_size': 52, 'dropout': 0.35585845333704846, 'hidden_continuous_size': 38, 'attention_head_size': 3, 'learning_rate': 0.046841752998002154}. Best is trial 78 with value: 7.932916164398193.
LOCAL_RANK: 0 - CUDA_VISIBLE_DEVICES: [0]
[I 2023-11-30 07:47:33,002] Trial 148 finished with value: 9.330070495605469 and parameters: {'gradient_clip_val': 0.18055351930733343, 'hidden_size': 50, 'dropout': 0.3557732788496068, 'hidden_continuous_size': 38, 'attention_head_size': 3, 'learning_rate': 0.046907557566725835}. Best is trial 78 with value: 7.932916164398193.
LOCAL_RANK: 0 - CUDA_VISIBLE_DEVICES: [0]
