[I 2023-11-30 02:23:55,267] Trial 38 finished with value: 12.349747657775879 and parameters: {'gradient_clip_val': 0.34384253078215626, 'hidden_size': 147, 'dropout': 0.32500073736664076, 'hidden_continuous_size': 87, 'attention_head_size': 4, 'learning_rate': 0.071526997578983}. Best is trial 19 with value: 7.418772220611572.
LOCAL_RANK: 0 - CUDA_VISIBLE_DEVICES: [0]
[I 2023-11-30 02:24:09,764] Trial 39 finished with value: 9.350703239440918 and parameters: {'gradient_clip_val': 0.4280095860264254, 'hidden_size': 95, 'dropout': 0.28888657752593744, 'hidden_continuous_size': 69, 'attention_head_size': 4, 'learning_rate': 0.02916856259083057}. Best is trial 19 with value: 7.418772220611572.
LOCAL_RANK: 0 - CUDA_VISIBLE_DEVICES: [0]
[I 2023-11-30 02:24:24,173] Trial 40 finished with value: 8.829182624816895 and parameters: {'gradient_clip_val': 0.34466424480417557, 'hidden_size': 104, 'dropout': 0.2464228246044214, 'hidden_continuous_size': 78, 'attention_head_size': 4, 'learning_rate': 0.04250601146190322}. Best is trial 19 with value: 7.418772220611572.
LOCAL_RANK: 0 - CUDA_VISIBLE_DEVICES: [0]
[I 2023-11-30 02:24:38,729] Trial 41 finished with value: 7.818943500518799 and parameters: {'gradient_clip_val': 0.31320585600564843, 'hidden_size': 125, 'dropout': 0.3111463536701041, 'hidden_continuous_size': 84, 'attention_head_size': 3, 'learning_rate': 0.06260852131539758}. Best is trial 19 with value: 7.418772220611572.
LOCAL_RANK: 0 - CUDA_VISIBLE_DEVICES: [0]
[I 2023-11-30 02:24:53,573] Trial 42 finished with value: 7.185525894165039 and parameters: {'gradient_clip_val': 0.2647931850851806, 'hidden_size': 133, 'dropout': 0.31307643647790906, 'hidden_continuous_size': 92, 'attention_head_size': 3, 'learning_rate': 0.06655310559945757}. Best is trial 42 with value: 7.185525894165039.
LOCAL_RANK: 0 - CUDA_VISIBLE_DEVICES: [0]
[I 2023-11-30 02:25:08,223] Trial 43 finished with value: 7.254203796386719 and parameters: {'gradient_clip_val': 0.26271511525295893, 'hidden_size': 135, 'dropout': 0.2975748882084603, 'hidden_continuous_size': 93, 'attention_head_size': 2, 'learning_rate': 0.04693765148501363}. Best is trial 42 with value: 7.185525894165039.
LOCAL_RANK: 0 - CUDA_VISIBLE_DEVICES: [0]
[I 2023-11-30 02:25:22,525] Trial 44 finished with value: 7.544244766235352 and parameters: {'gradient_clip_val': 0.2559712474792037, 'hidden_size': 132, 'dropout': 0.2770971722335637, 'hidden_continuous_size': 96, 'attention_head_size': 1, 'learning_rate': 0.044555347726886886}. Best is trial 42 with value: 7.185525894165039.
LOCAL_RANK: 0 - CUDA_VISIBLE_DEVICES: [0]
[I 2023-11-30 02:25:36,639] Trial 45 finished with value: 13.242595672607422 and parameters: {'gradient_clip_val': 0.24848318590719587, 'hidden_size': 86, 'dropout': 0.2793085317794455, 'hidden_continuous_size': 70, 'attention_head_size': 1, 'learning_rate': 0.04546026548903268}. Best is trial 42 with value: 7.185525894165039.
LOCAL_RANK: 0 - CUDA_VISIBLE_DEVICES: [0]
[I 2023-11-30 02:25:51,041] Trial 46 finished with value: 9.805134773254395 and parameters: {'gradient_clip_val': 0.2507803184828789, 'hidden_size': 107, 'dropout': 0.22332622389116336, 'hidden_continuous_size': 93, 'attention_head_size': 1, 'learning_rate': 0.03297518359414122}. Best is trial 42 with value: 7.185525894165039.
LOCAL_RANK: 0 - CUDA_VISIBLE_DEVICES: [0]
[I 2023-11-30 02:26:05,560] Trial 47 finished with value: 9.354069709777832 and parameters: {'gradient_clip_val': 0.2017929616897255, 'hidden_size': 132, 'dropout': 0.3169046366067234, 'hidden_continuous_size': 109, 'attention_head_size': 1, 'learning_rate': 0.04750250878103066}. Best is trial 42 with value: 7.185525894165039.
LOCAL_RANK: 0 - CUDA_VISIBLE_DEVICES: [0]
[I 2023-11-30 02:26:19,798] Trial 48 finished with value: 9.767592430114746 and parameters: {'gradient_clip_val': 0.2638392092886727, 'hidden_size': 94, 'dropout': 0.26918445378011413, 'hidden_continuous_size': 66, 'attention_head_size': 2, 'learning_rate': 0.03730370713258519}. Best is trial 42 with value: 7.185525894165039.
LOCAL_RANK: 0 - CUDA_VISIBLE_DEVICES: [0]
[I 2023-11-30 02:26:34,540] Trial 49 finished with value: 7.980025768280029 and parameters: {'gradient_clip_val': 0.39409299751000076, 'hidden_size': 134, 'dropout': 0.3284171338355428, 'hidden_continuous_size': 119, 'attention_head_size': 2, 'learning_rate': 0.02953734300100107}. Best is trial 42 with value: 7.185525894165039.
LOCAL_RANK: 0 - CUDA_VISIBLE_DEVICES: [0]
[I 2023-11-30 02:26:48,724] Trial 50 finished with value: 11.329426765441895 and parameters: {'gradient_clip_val': 0.18941537343028697, 'hidden_size': 106, 'dropout': 0.2906021734065254, 'hidden_continuous_size': 96, 'attention_head_size': 1, 'learning_rate': 0.048448966136347936}. Best is trial 42 with value: 7.185525894165039.
LOCAL_RANK: 0 - CUDA_VISIBLE_DEVICES: [0]
[I 2023-11-30 02:27:03,337] Trial 51 finished with value: 8.40729808807373 and parameters: {'gradient_clip_val': 0.23682666489028756, 'hidden_size': 131, 'dropout': 0.3067332473917121, 'hidden_continuous_size': 99, 'attention_head_size': 2, 'learning_rate': 0.07515894527543494}. Best is trial 42 with value: 7.185525894165039.
LOCAL_RANK: 0 - CUDA_VISIBLE_DEVICES: [0]
[I 2023-11-30 02:27:18,378] Trial 52 finished with value: 8.732111930847168 and parameters: {'gradient_clip_val': 0.2788896891541475, 'hidden_size': 141, 'dropout': 0.27668931994790774, 'hidden_continuous_size': 134, 'attention_head_size': 2, 'learning_rate': 0.08032354364606105}. Best is trial 42 with value: 7.185525894165039.
LOCAL_RANK: 0 - CUDA_VISIBLE_DEVICES: [0]
[I 2023-11-30 02:27:32,590] Trial 53 finished with value: 6.509269714355469 and parameters: {'gradient_clip_val': 0.3042412329150945, 'hidden_size': 112, 'dropout': 0.29780705184850786, 'hidden_continuous_size': 90, 'attention_head_size': 1, 'learning_rate': 0.06353757785886631}. Best is trial 53 with value: 6.509269714355469.
LOCAL_RANK: 0 - CUDA_VISIBLE_DEVICES: [0]
[I 2023-11-30 02:27:46,776] Trial 54 finished with value: 9.293578147888184 and parameters: {'gradient_clip_val': 0.3010580663656563, 'hidden_size': 112, 'dropout': 0.3318971599214382, 'hidden_continuous_size': 97, 'attention_head_size': 1, 'learning_rate': 0.056689904681772596}. Best is trial 53 with value: 6.509269714355469.
LOCAL_RANK: 0 - CUDA_VISIBLE_DEVICES: [0]
[I 2023-11-30 02:28:00,935] Trial 55 finished with value: 8.030327796936035 and parameters: {'gradient_clip_val': 0.27598421772991805, 'hidden_size': 91, 'dropout': 0.3158671622349726, 'hidden_continuous_size': 76, 'attention_head_size': 1, 'learning_rate': 0.039199517539500774}. Best is trial 53 with value: 6.509269714355469.
LOCAL_RANK: 0 - CUDA_VISIBLE_DEVICES: [0]
[I 2023-11-30 02:28:15,241] Trial 56 finished with value: 11.382954597473145 and parameters: {'gradient_clip_val': 0.2240735399819383, 'hidden_size': 111, 'dropout': 0.2564186791376048, 'hidden_continuous_size': 89, 'attention_head_size': 1, 'learning_rate': 0.06243246458702793}. Best is trial 53 with value: 6.509269714355469.
LOCAL_RANK: 0 - CUDA_VISIBLE_DEVICES: [0]
[I 2023-11-30 02:28:29,512] Trial 57 finished with value: 13.304161071777344 and parameters: {'gradient_clip_val': 0.38891932729768486, 'hidden_size': 77, 'dropout': 0.28456015275168933, 'hidden_continuous_size': 71, 'attention_head_size': 1, 'learning_rate': 0.08329340990145978}. Best is trial 53 with value: 6.509269714355469.
LOCAL_RANK: 0 - CUDA_VISIBLE_DEVICES: [0]
[I 2023-11-30 02:28:44,134] Trial 58 finished with value: 8.904290199279785 and parameters: {'gradient_clip_val': 0.311294733716614, 'hidden_size': 117, 'dropout': 0.3453009211824202, 'hidden_continuous_size': 107, 'attention_head_size': 2, 'learning_rate': 0.05228645814944048}. Best is trial 53 with value: 6.509269714355469.
LOCAL_RANK: 0 - CUDA_VISIBLE_DEVICES: [0]
[I 2023-11-30 02:28:58,229] Trial 59 finished with value: 13.93028736114502 and parameters: {'gradient_clip_val': 0.2579343254024301, 'hidden_size': 87, 'dropout': 0.3144920534406296, 'hidden_continuous_size': 77, 'attention_head_size': 1, 'learning_rate': 0.08831673527545532}. Best is trial 53 with value: 6.509269714355469.
LOCAL_RANK: 0 - CUDA_VISIBLE_DEVICES: [0]
[I 2023-11-30 02:29:12,611] Trial 60 finished with value: 12.588702201843262 and parameters: {'gradient_clip_val': 0.2322151250659824, 'hidden_size': 101, 'dropout': 0.2935605202608787, 'hidden_continuous_size': 86, 'attention_head_size': 2, 'learning_rate': 0.043140365781858}. Best is trial 53 with value: 6.509269714355469.
LOCAL_RANK: 0 - CUDA_VISIBLE_DEVICES: [0]
[I 2023-11-30 02:29:27,490] Trial 61 finished with value: 9.483644485473633 and parameters: {'gradient_clip_val': 0.328717877193521, 'hidden_size': 137, 'dropout': 0.2995103823447279, 'hidden_continuous_size': 119, 'attention_head_size': 3, 'learning_rate': 0.07035572451482049}. Best is trial 53 with value: 6.509269714355469.
LOCAL_RANK: 0 - CUDA_VISIBLE_DEVICES: [0]
[I 2023-11-30 02:29:42,693] Trial 62 finished with value: 14.135958671569824 and parameters: {'gradient_clip_val': 0.3645199390560683, 'hidden_size': 150, 'dropout': 0.2768487433246999, 'hidden_continuous_size': 141, 'attention_head_size': 2, 'learning_rate': 0.06242683134524774}. Best is trial 53 with value: 6.509269714355469.
LOCAL_RANK: 0 - CUDA_VISIBLE_DEVICES: [0]
[I 2023-11-30 02:29:57,226] Trial 63 finished with value: 14.2633695602417 and parameters: {'gradient_clip_val': 0.29067626924824375, 'hidden_size': 121, 'dropout': 0.2960062962679442, 'hidden_continuous_size': 93, 'attention_head_size': 3, 'learning_rate': 0.07896341953424812}. Best is trial 53 with value: 6.509269714355469.
LOCAL_RANK: 0 - CUDA_VISIBLE_DEVICES: [0]
[I 2023-11-30 02:30:11,657] Trial 64 finished with value: 7.630521297454834 and parameters: {'gradient_clip_val': 0.36280955893743244, 'hidden_size': 132, 'dropout': 0.3103117476597564, 'hidden_continuous_size': 105, 'attention_head_size': 1, 'learning_rate': 0.05101458146078519}. Best is trial 53 with value: 6.509269714355469.
LOCAL_RANK: 0 - CUDA_VISIBLE_DEVICES: [0]
[I 2023-11-30 02:30:26,260] Trial 65 finished with value: 8.073949813842773 and parameters: {'gradient_clip_val': 0.31684968018922993, 'hidden_size': 114, 'dropout': 0.3369920520046068, 'hidden_continuous_size': 89, 'attention_head_size': 4, 'learning_rate': 0.06570376444205224}. Best is trial 53 with value: 6.509269714355469.
LOCAL_RANK: 0 - CUDA_VISIBLE_DEVICES: [0]
[I 2023-11-30 02:30:40,904] Trial 66 finished with value: 9.501511573791504 and parameters: {'gradient_clip_val': 0.2664948936341214, 'hidden_size': 140, 'dropout': 0.2650815743506537, 'hidden_continuous_size': 57, 'attention_head_size': 3, 'learning_rate': 0.08383510477137701}. Best is trial 53 with value: 6.509269714355469.
LOCAL_RANK: 0 - CUDA_VISIBLE_DEVICES: [0]
[I 2023-11-30 02:30:55,092] Trial 67 finished with value: 16.299531936645508 and parameters: {'gradient_clip_val': 0.4984131193198091, 'hidden_size': 100, 'dropout': 0.32074112333075755, 'hidden_continuous_size': 82, 'attention_head_size': 2, 'learning_rate': 0.05715874714285104}. Best is trial 53 with value: 6.509269714355469.
LOCAL_RANK: 0 - CUDA_VISIBLE_DEVICES: [0]
[I 2023-11-30 02:31:09,637] Trial 68 finished with value: 9.915169715881348 and parameters: {'gradient_clip_val': 0.45821227638348827, 'hidden_size': 123, 'dropout': 0.2897370799024017, 'hidden_continuous_size': 99, 'attention_head_size': 3, 'learning_rate': 0.09909454598351432}. Best is trial 53 with value: 6.509269714355469.
LOCAL_RANK: 0 - CUDA_VISIBLE_DEVICES: [0]
[I 2023-11-30 02:31:24,149] Trial 69 finished with value: 7.013782501220703 and parameters: {'gradient_clip_val': 0.29188614324505924, 'hidden_size': 111, 'dropout': 0.3041570612706849, 'hidden_continuous_size': 75, 'attention_head_size': 3, 'learning_rate': 0.03494854779897106}. Best is trial 53 with value: 6.509269714355469.
LOCAL_RANK: 0 - CUDA_VISIBLE_DEVICES: [0]
[I 2023-11-30 02:31:38,512] Trial 70 finished with value: 9.200363159179688 and parameters: {'gradient_clip_val': 0.29578567192630545, 'hidden_size': 94, 'dropout': 0.27469895033473857, 'hidden_continuous_size': 77, 'attention_head_size': 3, 'learning_rate': 0.0346817456820707}. Best is trial 53 with value: 6.509269714355469.
LOCAL_RANK: 0 - CUDA_VISIBLE_DEVICES: [0]
[I 2023-11-30 02:31:53,090] Trial 71 finished with value: 7.8979339599609375 and parameters: {'gradient_clip_val': 0.24609651372589328, 'hidden_size': 110, 'dropout': 0.30116313732791183, 'hidden_continuous_size': 88, 'attention_head_size': 3, 'learning_rate': 0.05125325197795966}. Best is trial 53 with value: 6.509269714355469.
LOCAL_RANK: 0 - CUDA_VISIBLE_DEVICES: [0]
[I 2023-11-30 02:32:07,776] Trial 72 finished with value: 8.896977424621582 and parameters: {'gradient_clip_val': 0.2845629396205486, 'hidden_size': 136, 'dropout': 0.30778977022982845, 'hidden_continuous_size': 120, 'attention_head_size': 3, 'learning_rate': 0.041335394388540024}. Best is trial 53 with value: 6.509269714355469.
LOCAL_RANK: 0 - CUDA_VISIBLE_DEVICES: [0]
[I 2023-11-30 02:32:22,216] Trial 73 finished with value: 11.03082275390625 and parameters: {'gradient_clip_val': 0.332575890137453, 'hidden_size': 118, 'dropout': 0.28256013303141425, 'hidden_continuous_size': 73, 'attention_head_size': 3, 'learning_rate': 0.06765951260157123}. Best is trial 53 with value: 6.509269714355469.
LOCAL_RANK: 0 - CUDA_VISIBLE_DEVICES: [0]
[I 2023-11-30 02:32:37,172] Trial 74 finished with value: 10.14278507232666 and parameters: {'gradient_clip_val': 0.26499408168978944, 'hidden_size': 149, 'dropout': 0.2918950977107133, 'hidden_continuous_size': 67, 'attention_head_size': 4, 'learning_rate': 0.056473602916101005}. Best is trial 53 with value: 6.509269714355469.
LOCAL_RANK: 0 - CUDA_VISIBLE_DEVICES: [0]
[I 2023-11-30 02:32:51,681] Trial 75 finished with value: 10.618237495422363 and parameters: {'gradient_clip_val': 0.43903829145182405, 'hidden_size': 106, 'dropout': 0.320800098309417, 'hidden_continuous_size': 83, 'attention_head_size': 3, 'learning_rate': 0.04595112844465636}. Best is trial 53 with value: 6.509269714355469.
LOCAL_RANK: 0 - CUDA_VISIBLE_DEVICES: [0]
[I 2023-11-30 02:33:06,606] Trial 76 finished with value: 8.908137321472168 and parameters: {'gradient_clip_val': 0.3722023740579991, 'hidden_size': 129, 'dropout': 0.30025009877272807, 'hidden_continuous_size': 101, 'attention_head_size': 4, 'learning_rate': 0.023539648138944505}. Best is trial 53 with value: 6.509269714355469.
LOCAL_RANK: 0 - CUDA_VISIBLE_DEVICES: [0]
[I 2023-11-30 02:33:21,116] Trial 77 finished with value: 10.077483177185059 and parameters: {'gradient_clip_val': 0.3994927769041687, 'hidden_size': 117, 'dropout': 0.33071433427428615, 'hidden_continuous_size': 94, 'attention_head_size': 3, 'learning_rate': 0.08576497382105261}. Best is trial 53 with value: 6.509269714355469.
LOCAL_RANK: 0 - CUDA_VISIBLE_DEVICES: [0]
[I 2023-11-30 02:33:35,425] Trial 78 finished with value: 7.369046688079834 and parameters: {'gradient_clip_val': 0.21639109790560832, 'hidden_size': 141, 'dropout': 0.28589997478702966, 'hidden_continuous_size': 53, 'attention_head_size': 1, 'learning_rate': 0.069020810770133}. Best is trial 53 with value: 6.509269714355469.
LOCAL_RANK: 0 - CUDA_VISIBLE_DEVICES: [0]
[I 2023-11-30 02:33:49,527] Trial 79 finished with value: 7.967290878295898 and parameters: {'gradient_clip_val': 0.23742230857201965, 'hidden_size': 82, 'dropout': 0.28356364896103425, 'hidden_continuous_size': 73, 'attention_head_size': 1, 'learning_rate': 0.032215957811349935}. Best is trial 53 with value: 6.509269714355469.
LOCAL_RANK: 0 - CUDA_VISIBLE_DEVICES: [0]
[I 2023-11-30 02:34:03,798] Trial 80 finished with value: 12.547757148742676 and parameters: {'gradient_clip_val': 0.21138669496267004, 'hidden_size': 98, 'dropout': 0.2694994926775807, 'hidden_continuous_size': 65, 'attention_head_size': 1, 'learning_rate': 0.06144442771868402}. Best is trial 53 with value: 6.509269714355469.
LOCAL_RANK: 0 - CUDA_VISIBLE_DEVICES: [0]
[I 2023-11-30 02:34:18,304] Trial 81 finished with value: 7.9067864418029785 and parameters: {'gradient_clip_val': 0.27570881328443314, 'hidden_size': 137, 'dropout': 0.3094037717624517, 'hidden_continuous_size': 55, 'attention_head_size': 1, 'learning_rate': 0.07279548488479959}. Best is trial 53 with value: 6.509269714355469.
LOCAL_RANK: 0 - CUDA_VISIBLE_DEVICES: [0]
[I 2023-11-30 02:34:32,735] Trial 82 finished with value: 7.334997177124023 and parameters: {'gradient_clip_val': 0.3035525735951366, 'hidden_size': 123, 'dropout': 0.3042551868618, 'hidden_continuous_size': 80, 'attention_head_size': 1, 'learning_rate': 0.036881841698527054}. Best is trial 53 with value: 6.509269714355469.
LOCAL_RANK: 0 - CUDA_VISIBLE_DEVICES: [0]
[I 2023-11-30 02:34:47,124] Trial 83 finished with value: 7.417749404907227 and parameters: {'gradient_clip_val': 0.2561484247036608, 'hidden_size': 127, 'dropout': 0.29203371343753215, 'hidden_continuous_size': 79, 'attention_head_size': 1, 'learning_rate': 0.03891492424085178}. Best is trial 53 with value: 6.509269714355469.
LOCAL_RANK: 0 - CUDA_VISIBLE_DEVICES: [0]
[I 2023-11-30 02:35:01,435] Trial 84 finished with value: 13.168313026428223 and parameters: {'gradient_clip_val': 0.25905230550267366, 'hidden_size': 126, 'dropout': 0.29414078047477726, 'hidden_continuous_size': 80, 'attention_head_size': 1, 'learning_rate': 0.039021708924810376}. Best is trial 53 with value: 6.509269714355469.
LOCAL_RANK: 0 - CUDA_VISIBLE_DEVICES: [0]
[I 2023-11-30 02:35:15,795] Trial 85 finished with value: 9.912778854370117 and parameters: {'gradient_clip_val': 0.30472063529997484, 'hidden_size': 139, 'dropout': 0.3208742771581568, 'hidden_continuous_size': 64, 'attention_head_size': 1, 'learning_rate': 0.03597013253827871}. Best is trial 53 with value: 6.509269714355469.
LOCAL_RANK: 0 - CUDA_VISIBLE_DEVICES: [0]
[I 2023-11-30 02:35:30,336] Trial 86 finished with value: 9.212470054626465 and parameters: {'gradient_clip_val': 0.2448906693321182, 'hidden_size': 107, 'dropout': 0.27891520751181, 'hidden_continuous_size': 84, 'attention_head_size': 1, 'learning_rate': 0.045771116706227716}. Best is trial 53 with value: 6.509269714355469.
LOCAL_RANK: 0 - CUDA_VISIBLE_DEVICES: [0]
[I 2023-11-30 02:35:44,620] Trial 87 finished with value: 7.89044713973999 and parameters: {'gradient_clip_val': 0.2941067743374415, 'hidden_size': 123, 'dropout': 0.30455062531205745, 'hidden_continuous_size': 93, 'attention_head_size': 1, 'learning_rate': 0.03150610768945066}. Best is trial 53 with value: 6.509269714355469.
LOCAL_RANK: 0 - CUDA_VISIBLE_DEVICES: [0]
[I 2023-11-30 02:35:58,964] Trial 88 finished with value: 9.927960395812988 and parameters: {'gradient_clip_val': 0.3214670140087269, 'hidden_size': 115, 'dropout': 0.2891908392478607, 'hidden_continuous_size': 75, 'attention_head_size': 1, 'learning_rate': 0.05277968575732668}. Best is trial 53 with value: 6.509269714355469.
LOCAL_RANK: 0 - CUDA_VISIBLE_DEVICES: [0]
[I 2023-11-30 02:36:13,217] Trial 89 finished with value: 10.368900299072266 and parameters: {'gradient_clip_val': 0.2267444525654529, 'hidden_size': 132, 'dropout': 0.2579477068166385, 'hidden_continuous_size': 69, 'attention_head_size': 1, 'learning_rate': 0.026386299672238146}. Best is trial 53 with value: 6.509269714355469.
LOCAL_RANK: 0 - CUDA_VISIBLE_DEVICES: [0]
[I 2023-11-30 02:36:27,484] Trial 90 finished with value: 8.675202369689941 and parameters: {'gradient_clip_val': 0.21632362888977166, 'hidden_size': 103, 'dropout': 0.2971844705714913, 'hidden_continuous_size': 79, 'attention_head_size': 1, 'learning_rate': 0.037775022385579254}. Best is trial 53 with value: 6.509269714355469.
LOCAL_RANK: 0 - CUDA_VISIBLE_DEVICES: [0]
[I 2023-11-30 02:36:41,843] Trial 91 finished with value: 11.20757007598877 and parameters: {'gradient_clip_val': 0.27416616922998593, 'hidden_size': 125, 'dropout': 0.31367556669480307, 'hidden_continuous_size': 63, 'attention_head_size': 1, 'learning_rate': 0.042992878331285726}. Best is trial 53 with value: 6.509269714355469.
LOCAL_RANK: 0 - CUDA_VISIBLE_DEVICES: [0]
[I 2023-11-30 02:36:56,193] Trial 92 finished with value: 7.666407108306885 and parameters: {'gradient_clip_val': 0.2533604191677566, 'hidden_size': 142, 'dropout': 0.2824607574776755, 'hidden_continuous_size': 58, 'attention_head_size': 1, 'learning_rate': 0.04902911372283437}. Best is trial 53 with value: 6.509269714355469.
LOCAL_RANK: 0 - CUDA_VISIBLE_DEVICES: [0]
[I 2023-11-30 02:37:10,465] Trial 93 finished with value: 10.69347095489502 and parameters: {'gradient_clip_val': 0.2865661051084807, 'hidden_size': 111, 'dropout': 0.2718486909502996, 'hidden_continuous_size': 90, 'attention_head_size': 1, 'learning_rate': 0.05957411507689586}. Best is trial 53 with value: 6.509269714355469.
LOCAL_RANK: 0 - CUDA_VISIBLE_DEVICES: [0]
[I 2023-11-30 02:37:25,021] Trial 94 finished with value: 9.105873107910156 and parameters: {'gradient_clip_val': 0.20035477229027368, 'hidden_size': 119, 'dropout': 0.3048525059603926, 'hidden_continuous_size': 100, 'attention_head_size': 3, 'learning_rate': 0.07469503484433027}. Best is trial 53 with value: 6.509269714355469.
LOCAL_RANK: 0 - CUDA_VISIBLE_DEVICES: [0]
[I 2023-11-30 02:37:39,218] Trial 95 finished with value: 10.113273620605469 and parameters: {'gradient_clip_val': 0.3484605958571917, 'hidden_size': 91, 'dropout': 0.2859762726183889, 'hidden_continuous_size': 84, 'attention_head_size': 1, 'learning_rate': 0.08926910766704642}. Best is trial 53 with value: 6.509269714355469.
LOCAL_RANK: 0 - CUDA_VISIBLE_DEVICES: [0]
[I 2023-11-30 02:37:53,942] Trial 96 finished with value: 8.032109260559082 and parameters: {'gradient_clip_val': 0.3207304397762526, 'hidden_size': 130, 'dropout': 0.2953557886296874, 'hidden_continuous_size': 71, 'attention_head_size': 3, 'learning_rate': 0.054827556643843214}. Best is trial 53 with value: 6.509269714355469.
LOCAL_RANK: 0 - CUDA_VISIBLE_DEVICES: [0]
