[I 2023-11-30 10:38:55,953] Trial 8 finished with value: 35.24775314331055 and parameters: {'gradient_clip_val': 0.26523011645578354, 'hidden_size': 35, 'dropout': 0.15292623053810706, 'hidden_continuous_size': 21, 'attention_head_size': 3, 'learning_rate': 0.0029244075118563355}. Best is trial 3 with value: 10.461389541625977.
LOCAL_RANK: 0 - CUDA_VISIBLE_DEVICES: [0]
[I 2023-11-30 10:39:09,834] Trial 9 finished with value: 13.101765632629395 and parameters: {'gradient_clip_val': 0.18522918000736321, 'hidden_size': 51, 'dropout': 0.397639464230509, 'hidden_continuous_size': 31, 'attention_head_size': 3, 'learning_rate': 0.01465519106597199}. Best is trial 3 with value: 10.461389541625977.
LOCAL_RANK: 0 - CUDA_VISIBLE_DEVICES: [0]
[I 2023-11-30 10:39:25,036] Trial 10 finished with value: 11.272940635681152 and parameters: {'gradient_clip_val': 0.11963518985202798, 'hidden_size': 125, 'dropout': 0.22386223134935826, 'hidden_continuous_size': 72, 'attention_head_size': 4, 'learning_rate': 0.09568222732945687}. Best is trial 3 with value: 10.461389541625977.
LOCAL_RANK: 0 - CUDA_VISIBLE_DEVICES: [0]
[I 2023-11-30 10:39:39,610] Trial 11 finished with value: 18.811838150024414 and parameters: {'gradient_clip_val': 0.4495024469106142, 'hidden_size': 112, 'dropout': 0.2541979337049105, 'hidden_continuous_size': 16, 'attention_head_size': 2, 'learning_rate': 0.04212671254580435}. Best is trial 3 with value: 10.461389541625977.
LOCAL_RANK: 0 - CUDA_VISIBLE_DEVICES: [0]
[I 2023-11-30 10:39:54,015] Trial 12 finished with value: 13.347805976867676 and parameters: {'gradient_clip_val': 0.4365623632431923, 'hidden_size': 86, 'dropout': 0.24678998915153968, 'hidden_continuous_size': 17, 'attention_head_size': 2, 'learning_rate': 0.037895347085463646}. Best is trial 3 with value: 10.461389541625977.
LOCAL_RANK: 0 - CUDA_VISIBLE_DEVICES: [0]
[I 2023-11-30 10:40:07,896] Trial 13 finished with value: 10.88100814819336 and parameters: {'gradient_clip_val': 0.1758885605660737, 'hidden_size': 80, 'dropout': 0.21107307723765206, 'hidden_continuous_size': 10, 'attention_head_size': 2, 'learning_rate': 0.0430574061827786}. Best is trial 3 with value: 10.461389541625977.
LOCAL_RANK: 0 - CUDA_VISIBLE_DEVICES: [0]
[I 2023-11-30 10:40:22,688] Trial 14 finished with value: 10.550375938415527 and parameters: {'gradient_clip_val': 0.18485362811026257, 'hidden_size': 135, 'dropout': 0.2910716226584696, 'hidden_continuous_size': 51, 'attention_head_size': 3, 'learning_rate': 0.06705920363785295}. Best is trial 3 with value: 10.461389541625977.
LOCAL_RANK: 0 - CUDA_VISIBLE_DEVICES: [0]
[I 2023-11-30 10:40:36,902] Trial 15 finished with value: 12.23083782196045 and parameters: {'gradient_clip_val': 0.38471562025222567, 'hidden_size': 70, 'dropout': 0.33675586332751434, 'hidden_continuous_size': 16, 'attention_head_size': 1, 'learning_rate': 0.024185463947161333}. Best is trial 3 with value: 10.461389541625977.
LOCAL_RANK: 0 - CUDA_VISIBLE_DEVICES: [0]
[I 2023-11-30 10:40:52,460] Trial 16 finished with value: 11.099278450012207 and parameters: {'gradient_clip_val': 0.14795508375840996, 'hidden_size': 150, 'dropout': 0.3998858685434829, 'hidden_continuous_size': 136, 'attention_head_size': 4, 'learning_rate': 0.05840497628721734}. Best is trial 3 with value: 10.461389541625977.
LOCAL_RANK: 0 - CUDA_VISIBLE_DEVICES: [0]
[I 2023-11-30 10:41:06,727] Trial 17 finished with value: 12.257023811340332 and parameters: {'gradient_clip_val': 0.10163985596347971, 'hidden_size': 99, 'dropout': 0.35954428411275663, 'hidden_continuous_size': 13, 'attention_head_size': 3, 'learning_rate': 0.028308188794958677}. Best is trial 3 with value: 10.461389541625977.
LOCAL_RANK: 0 - CUDA_VISIBLE_DEVICES: [0]
[I 2023-11-30 10:41:20,699] Trial 18 finished with value: 13.266802787780762 and parameters: {'gradient_clip_val': 0.23025500709828006, 'hidden_size': 68, 'dropout': 0.2786502469343124, 'hidden_continuous_size': 18, 'attention_head_size': 2, 'learning_rate': 0.0964673483529588}. Best is trial 3 with value: 10.461389541625977.
LOCAL_RANK: 0 - CUDA_VISIBLE_DEVICES: [0]
[I 2023-11-30 10:41:35,151] Trial 19 finished with value: 12.165404319763184 and parameters: {'gradient_clip_val': 0.3146558071884381, 'hidden_size': 103, 'dropout': 0.31568745913844193, 'hidden_continuous_size': 26, 'attention_head_size': 1, 'learning_rate': 0.05957069946601488}. Best is trial 3 with value: 10.461389541625977.
LOCAL_RANK: 0 - CUDA_VISIBLE_DEVICES: [0]
[I 2023-11-30 10:41:48,245] Trial 20 finished with value: 11.358203887939453 and parameters: {'gradient_clip_val': 0.14483257467181757, 'hidden_size': 30, 'dropout': 0.26748090035988464, 'hidden_continuous_size': 11, 'attention_head_size': 4, 'learning_rate': 0.025429733703653267}. Best is trial 3 with value: 10.461389541625977.
LOCAL_RANK: 0 - CUDA_VISIBLE_DEVICES: [0]
[I 2023-11-30 10:42:03,109] Trial 21 finished with value: 13.81761646270752 and parameters: {'gradient_clip_val': 0.20854441426190337, 'hidden_size': 149, 'dropout': 0.2990881415316866, 'hidden_continuous_size': 44, 'attention_head_size': 3, 'learning_rate': 0.06305435479443838}. Best is trial 3 with value: 10.461389541625977.
LOCAL_RANK: 0 - CUDA_VISIBLE_DEVICES: [0]
[I 2023-11-30 10:42:17,647] Trial 22 finished with value: 12.38282299041748 and parameters: {'gradient_clip_val': 0.15656057703163775, 'hidden_size': 90, 'dropout': 0.28813637151562344, 'hidden_continuous_size': 38, 'attention_head_size': 3, 'learning_rate': 0.0627712135879659}. Best is trial 3 with value: 10.461389541625977.
LOCAL_RANK: 0 - CUDA_VISIBLE_DEVICES: [0]
[I 2023-11-30 10:42:32,382] Trial 23 finished with value: 10.806419372558594 and parameters: {'gradient_clip_val': 0.19608276155331675, 'hidden_size': 109, 'dropout': 0.32230732615861674, 'hidden_continuous_size': 46, 'attention_head_size': 2, 'learning_rate': 0.09168753203678572}. Best is trial 3 with value: 10.461389541625977.
LOCAL_RANK: 0 - CUDA_VISIBLE_DEVICES: [0]
[I 2023-11-30 10:42:47,449] Trial 24 finished with value: 11.120593070983887 and parameters: {'gradient_clip_val': 0.25875254480923643, 'hidden_size': 127, 'dropout': 0.2687649093534784, 'hidden_continuous_size': 54, 'attention_head_size': 4, 'learning_rate': 0.041959338080331136}. Best is trial 3 with value: 10.461389541625977.
LOCAL_RANK: 0 - CUDA_VISIBLE_DEVICES: [0]
[I 2023-11-30 10:43:01,651] Trial 25 finished with value: 11.653204917907715 and parameters: {'gradient_clip_val': 0.21474018461221644, 'hidden_size': 70, 'dropout': 0.3025058308764153, 'hidden_continuous_size': 14, 'attention_head_size': 3, 'learning_rate': 0.06796544371069202}. Best is trial 3 with value: 10.461389541625977.
LOCAL_RANK: 0 - CUDA_VISIBLE_DEVICES: [0]
[I 2023-11-30 10:43:16,748] Trial 26 finished with value: 10.560161590576172 and parameters: {'gradient_clip_val': 0.17567983983438726, 'hidden_size': 131, 'dropout': 0.3358488511887486, 'hidden_continuous_size': 27, 'attention_head_size': 2, 'learning_rate': 0.03302109459716925}. Best is trial 3 with value: 10.461389541625977.
LOCAL_RANK: 0 - CUDA_VISIBLE_DEVICES: [0]
[I 2023-11-30 10:43:30,968] Trial 27 finished with value: 10.412493705749512 and parameters: {'gradient_clip_val': 0.1266639515723508, 'hidden_size': 90, 'dropout': 0.23987468521925484, 'hidden_continuous_size': 19, 'attention_head_size': 3, 'learning_rate': 0.04929287578972151}. Best is trial 27 with value: 10.412493705749512.
LOCAL_RANK: 0 - CUDA_VISIBLE_DEVICES: [0]
[I 2023-11-30 10:43:45,098] Trial 28 finished with value: 10.869856834411621 and parameters: {'gradient_clip_val': 0.13404021032343705, 'hidden_size': 60, 'dropout': 0.22834632519723114, 'hidden_continuous_size': 19, 'attention_head_size': 4, 'learning_rate': 0.02032796100041732}. Best is trial 27 with value: 10.412493705749512.
LOCAL_RANK: 0 - CUDA_VISIBLE_DEVICES: [0]
[I 2023-11-30 10:43:59,499] Trial 29 finished with value: 10.946253776550293 and parameters: {'gradient_clip_val': 0.10453120163504807, 'hidden_size': 78, 'dropout': 0.1903141495624987, 'hidden_continuous_size': 15, 'attention_head_size': 2, 'learning_rate': 0.04705482811465155}. Best is trial 27 with value: 10.412493705749512.
LOCAL_RANK: 0 - CUDA_VISIBLE_DEVICES: [0]
[I 2023-11-30 10:44:13,840] Trial 30 finished with value: 12.918670654296875 and parameters: {'gradient_clip_val': 0.1263981845513528, 'hidden_size': 93, 'dropout': 0.2438475531980673, 'hidden_continuous_size': 12, 'attention_head_size': 3, 'learning_rate': 0.05175614247512479}. Best is trial 27 with value: 10.412493705749512.
LOCAL_RANK: 0 - CUDA_VISIBLE_DEVICES: [0]
[I 2023-11-30 10:44:28,922] Trial 31 finished with value: 11.190277099609375 and parameters: {'gradient_clip_val': 0.16153128690485977, 'hidden_size': 107, 'dropout': 0.2655171998852437, 'hidden_continuous_size': 22, 'attention_head_size': 3, 'learning_rate': 0.07428947523431127}. Best is trial 27 with value: 10.412493705749512.
LOCAL_RANK: 0 - CUDA_VISIBLE_DEVICES: [0]
[I 2023-11-30 10:44:43,443] Trial 32 finished with value: 10.59982967376709 and parameters: {'gradient_clip_val': 0.13518288043449478, 'hidden_size': 85, 'dropout': 0.2955727883227817, 'hidden_continuous_size': 18, 'attention_head_size': 3, 'learning_rate': 0.03509453004483891}. Best is trial 27 with value: 10.412493705749512.
LOCAL_RANK: 0 - CUDA_VISIBLE_DEVICES: [0]
[I 2023-11-30 10:44:58,345] Trial 33 finished with value: 11.53395938873291 and parameters: {'gradient_clip_val': 0.16591019192121167, 'hidden_size': 120, 'dropout': 0.27893453326839396, 'hidden_continuous_size': 21, 'attention_head_size': 3, 'learning_rate': 0.0998572857083973}. Best is trial 27 with value: 10.412493705749512.
LOCAL_RANK: 0 - CUDA_VISIBLE_DEVICES: [0]
[I 2023-11-30 10:45:12,647] Trial 34 finished with value: 11.846359252929688 and parameters: {'gradient_clip_val': 0.12045298805403785, 'hidden_size': 95, 'dropout': 0.25746906078756554, 'hidden_continuous_size': 14, 'attention_head_size': 4, 'learning_rate': 0.07315124937616363}. Best is trial 27 with value: 10.412493705749512.
LOCAL_RANK: 0 - CUDA_VISIBLE_DEVICES: [0]
[I 2023-11-30 10:45:27,311] Trial 35 finished with value: 11.62026596069336 and parameters: {'gradient_clip_val': 0.19214537099766676, 'hidden_size': 148, 'dropout': 0.30479307132003286, 'hidden_continuous_size': 11, 'attention_head_size': 2, 'learning_rate': 0.057298139612562846}. Best is trial 27 with value: 10.412493705749512.
LOCAL_RANK: 0 - CUDA_VISIBLE_DEVICES: [0]
[I 2023-11-30 10:45:41,888] Trial 36 finished with value: 12.938750267028809 and parameters: {'gradient_clip_val': 0.14259646496185355, 'hidden_size': 61, 'dropout': 0.3163112489594551, 'hidden_continuous_size': 20, 'attention_head_size': 4, 'learning_rate': 0.03162279741097172}. Best is trial 27 with value: 10.412493705749512.
LOCAL_RANK: 0 - CUDA_VISIBLE_DEVICES: [0]
[I 2023-11-30 10:45:53,331] Trial 37 finished with value: 12.417277336120605 and parameters: {'gradient_clip_val': 0.2768011273675715, 'hidden_size': 10, 'dropout': 0.2819396481213024, 'hidden_continuous_size': 10, 'attention_head_size': 3, 'learning_rate': 0.0510859540246048}. Best is trial 27 with value: 10.412493705749512.
LOCAL_RANK: 0 - CUDA_VISIBLE_DEVICES: [0]
[I 2023-11-30 10:46:08,000] Trial 38 finished with value: 10.81061840057373 and parameters: {'gradient_clip_val': 0.21810468889718101, 'hidden_size': 112, 'dropout': 0.23781888504147908, 'hidden_continuous_size': 23, 'attention_head_size': 1, 'learning_rate': 0.07653658928797567}. Best is trial 27 with value: 10.412493705749512.
LOCAL_RANK: 0 - CUDA_VISIBLE_DEVICES: [0]
[I 2023-11-30 10:46:22,678] Trial 39 finished with value: 10.825386047363281 and parameters: {'gradient_clip_val': 0.10583232226069464, 'hidden_size': 78, 'dropout': 0.3395820084180705, 'hidden_continuous_size': 20, 'attention_head_size': 3, 'learning_rate': 0.016616075768848413}. Best is trial 27 with value: 10.412493705749512.
LOCAL_RANK: 0 - CUDA_VISIBLE_DEVICES: [0]
[I 2023-11-30 10:46:37,841] Trial 40 finished with value: 11.27364730834961 and parameters: {'gradient_clip_val': 0.12078978545370538, 'hidden_size': 129, 'dropout': 0.3781239038898645, 'hidden_continuous_size': 29, 'attention_head_size': 4, 'learning_rate': 0.07838509967151586}. Best is trial 27 with value: 10.412493705749512.
LOCAL_RANK: 0 - CUDA_VISIBLE_DEVICES: [0]
[I 2023-11-30 10:46:53,091] Trial 41 finished with value: 13.308082580566406 and parameters: {'gradient_clip_val': 0.18613814832559625, 'hidden_size': 130, 'dropout': 0.32518566765465756, 'hidden_continuous_size': 26, 'attention_head_size': 2, 'learning_rate': 0.03366329615616304}. Best is trial 27 with value: 10.412493705749512.
LOCAL_RANK: 0 - CUDA_VISIBLE_DEVICES: [0]
[I 2023-11-30 10:47:07,859] Trial 42 finished with value: 11.625541687011719 and parameters: {'gradient_clip_val': 0.1649112840205745, 'hidden_size': 100, 'dropout': 0.34292549020632307, 'hidden_continuous_size': 25, 'attention_head_size': 2, 'learning_rate': 0.03723173424889395}. Best is trial 27 with value: 10.412493705749512.
LOCAL_RANK: 0 - CUDA_VISIBLE_DEVICES: [0]
[I 2023-11-30 10:47:22,636] Trial 43 finished with value: 10.942459106445312 and parameters: {'gradient_clip_val': 0.1671535783346777, 'hidden_size': 134, 'dropout': 0.3114681254562098, 'hidden_continuous_size': 16, 'attention_head_size': 2, 'learning_rate': 0.047873557840832665}. Best is trial 27 with value: 10.412493705749512.
LOCAL_RANK: 0 - CUDA_VISIBLE_DEVICES: [0]
[I 2023-11-30 10:47:36,818] Trial 44 finished with value: 11.809292793273926 and parameters: {'gradient_clip_val': 0.23677286136899714, 'hidden_size': 116, 'dropout': 0.35885404801177784, 'hidden_continuous_size': 29, 'attention_head_size': 2, 'learning_rate': 0.029271841001586953}. Best is trial 27 with value: 10.412493705749512.
LOCAL_RANK: 0 - CUDA_VISIBLE_DEVICES: [0]
[I 2023-11-30 10:47:50,623] Trial 45 finished with value: 12.11695384979248 and parameters: {'gradient_clip_val': 0.1810909419638532, 'hidden_size': 91, 'dropout': 0.3294725748891941, 'hidden_continuous_size': 23, 'attention_head_size': 1, 'learning_rate': 0.021694400501420283}. Best is trial 27 with value: 10.412493705749512.
LOCAL_RANK: 0 - CUDA_VISIBLE_DEVICES: [0]
[I 2023-11-30 10:48:04,739] Trial 46 finished with value: 11.048317909240723 and parameters: {'gradient_clip_val': 0.2868752168131171, 'hidden_size': 115, 'dropout': 0.2954729447979519, 'hidden_continuous_size': 34, 'attention_head_size': 2, 'learning_rate': 0.04516120954854386}. Best is trial 27 with value: 10.412493705749512.
LOCAL_RANK: 0 - CUDA_VISIBLE_DEVICES: [0]
[I 2023-11-30 10:48:18,822] Trial 47 finished with value: 13.668342590332031 and parameters: {'gradient_clip_val': 0.35216567525909387, 'hidden_size': 136, 'dropout': 0.34793714397490155, 'hidden_continuous_size': 17, 'attention_head_size': 3, 'learning_rate': 0.009787455565888652}. Best is trial 27 with value: 10.412493705749512.
LOCAL_RANK: 0 - CUDA_VISIBLE_DEVICES: [0]
[I 2023-11-30 10:48:32,702] Trial 48 finished with value: 10.118955612182617 and parameters: {'gradient_clip_val': 0.14832380717033625, 'hidden_size': 103, 'dropout': 0.3696691053933485, 'hidden_continuous_size': 27, 'attention_head_size': 2, 'learning_rate': 0.08123632465626102}. Best is trial 48 with value: 10.118955612182617.
LOCAL_RANK: 0 - CUDA_VISIBLE_DEVICES: [0]
[I 2023-11-30 10:48:46,373] Trial 49 finished with value: 10.230112075805664 and parameters: {'gradient_clip_val': 0.11108047036400177, 'hidden_size': 81, 'dropout': 0.37325660119782156, 'hidden_continuous_size': 25, 'attention_head_size': 3, 'learning_rate': 0.08367589101951367}. Best is trial 48 with value: 10.118955612182617.
LOCAL_RANK: 0 - CUDA_VISIBLE_DEVICES: [0]
[I 2023-11-30 10:48:59,634] Trial 50 finished with value: 10.876856803894043 and parameters: {'gradient_clip_val': 0.10836146981368051, 'hidden_size': 47, 'dropout': 0.37252517396555795, 'hidden_continuous_size': 24, 'attention_head_size': 1, 'learning_rate': 0.08210778944361134}. Best is trial 48 with value: 10.118955612182617.
LOCAL_RANK: 0 - CUDA_VISIBLE_DEVICES: [0]
[I 2023-11-30 10:49:13,233] Trial 51 finished with value: 11.286763191223145 and parameters: {'gradient_clip_val': 0.11310742005087442, 'hidden_size': 81, 'dropout': 0.37026326827243233, 'hidden_continuous_size': 22, 'attention_head_size': 3, 'learning_rate': 0.0882715647447303}. Best is trial 48 with value: 10.118955612182617.
LOCAL_RANK: 0 - CUDA_VISIBLE_DEVICES: [0]
[I 2023-11-30 10:49:27,082] Trial 52 finished with value: 11.417838096618652 and parameters: {'gradient_clip_val': 0.1296702988298081, 'hidden_size': 100, 'dropout': 0.389992988876418, 'hidden_continuous_size': 32, 'attention_head_size': 3, 'learning_rate': 0.06377747752167169}. Best is trial 48 with value: 10.118955612182617.
LOCAL_RANK: 0 - CUDA_VISIBLE_DEVICES: [0]
[I 2023-11-30 10:49:40,685] Trial 53 finished with value: 11.476414680480957 and parameters: {'gradient_clip_val': 0.14865064131553518, 'hidden_size': 71, 'dropout': 0.38492879417313947, 'hidden_continuous_size': 25, 'attention_head_size': 3, 'learning_rate': 0.09836363819542646}. Best is trial 48 with value: 10.118955612182617.
LOCAL_RANK: 0 - CUDA_VISIBLE_DEVICES: [0]
[I 2023-11-30 10:49:54,412] Trial 54 finished with value: 13.927271842956543 and parameters: {'gradient_clip_val': 0.11408615042359656, 'hidden_size': 86, 'dropout': 0.3649469715131854, 'hidden_continuous_size': 27, 'attention_head_size': 3, 'learning_rate': 0.0699106213670887}. Best is trial 48 with value: 10.118955612182617.
LOCAL_RANK: 0 - CUDA_VISIBLE_DEVICES: [0]
[I 2023-11-30 10:50:08,415] Trial 55 finished with value: 11.86064624786377 and parameters: {'gradient_clip_val': 0.10061365581118209, 'hidden_size': 105, 'dropout': 0.3565211174937296, 'hidden_continuous_size': 19, 'attention_head_size': 2, 'learning_rate': 0.05728466261469059}. Best is trial 48 with value: 10.118955612182617.
LOCAL_RANK: 0 - CUDA_VISIBLE_DEVICES: [0]
[I 2023-11-30 10:50:22,120] Trial 56 finished with value: 10.091177940368652 and parameters: {'gradient_clip_val': 0.1368500509792999, 'hidden_size': 92, 'dropout': 0.347116360429937, 'hidden_continuous_size': 21, 'attention_head_size': 4, 'learning_rate': 0.07955259361662453}. Best is trial 56 with value: 10.091177940368652.
LOCAL_RANK: 0 - CUDA_VISIBLE_DEVICES: [0]
[I 2023-11-30 10:50:35,756] Trial 57 finished with value: 10.86915111541748 and parameters: {'gradient_clip_val': 0.13816617937442538, 'hidden_size': 76, 'dropout': 0.35314684643333716, 'hidden_continuous_size': 22, 'attention_head_size': 4, 'learning_rate': 0.07855314753909029}. Best is trial 56 with value: 10.091177940368652.
LOCAL_RANK: 0 - CUDA_VISIBLE_DEVICES: [0]
[I 2023-11-30 10:50:49,209] Trial 58 finished with value: 12.613784790039062 and parameters: {'gradient_clip_val': 0.124743946029608, 'hidden_size': 62, 'dropout': 0.37598529151641263, 'hidden_continuous_size': 20, 'attention_head_size': 4, 'learning_rate': 0.08529099714818576}. Best is trial 56 with value: 10.091177940368652.
LOCAL_RANK: 0 - CUDA_VISIBLE_DEVICES: [0]
[I 2023-11-30 10:51:02,590] Trial 59 finished with value: 9.928115844726562 and parameters: {'gradient_clip_val': 0.15137275875750356, 'hidden_size': 54, 'dropout': 0.3943896418116162, 'hidden_continuous_size': 24, 'attention_head_size': 4, 'learning_rate': 0.04047247938336907}. Best is trial 59 with value: 9.928115844726562.
LOCAL_RANK: 0 - CUDA_VISIBLE_DEVICES: [0]
[I 2023-11-30 10:51:16,521] Trial 60 finished with value: 10.740677833557129 and parameters: {'gradient_clip_val': 0.15331535973745478, 'hidden_size': 89, 'dropout': 0.3972216222255776, 'hidden_continuous_size': 17, 'attention_head_size': 4, 'learning_rate': 0.04014797868841613}. Best is trial 59 with value: 9.928115844726562.
LOCAL_RANK: 0 - CUDA_VISIBLE_DEVICES: [0]
[I 2023-11-30 10:51:29,771] Trial 61 finished with value: 11.962719917297363 and parameters: {'gradient_clip_val': 0.14077310609890617, 'hidden_size': 54, 'dropout': 0.38516089653615665, 'hidden_continuous_size': 23, 'attention_head_size': 4, 'learning_rate': 0.05490295867520547}. Best is trial 59 with value: 9.928115844726562.
LOCAL_RANK: 0 - CUDA_VISIBLE_DEVICES: [0]
[I 2023-11-30 10:51:43,526] Trial 62 finished with value: 12.102055549621582 and parameters: {'gradient_clip_val': 0.11567242983237362, 'hidden_size': 74, 'dropout': 0.36247172467058847, 'hidden_continuous_size': 28, 'attention_head_size': 4, 'learning_rate': 0.06632781720686344}. Best is trial 59 with value: 9.928115844726562.
LOCAL_RANK: 0 - CUDA_VISIBLE_DEVICES: [0]
[I 2023-11-30 10:51:57,182] Trial 63 finished with value: 13.001296997070312 and parameters: {'gradient_clip_val': 0.13072390034464207, 'hidden_size': 68, 'dropout': 0.35084652164364927, 'hidden_continuous_size': 24, 'attention_head_size': 4, 'learning_rate': 0.047620316910935045}. Best is trial 59 with value: 9.928115844726562.
LOCAL_RANK: 0 - CUDA_VISIBLE_DEVICES: [0]
[I 2023-11-30 10:52:10,916] Trial 64 finished with value: 10.390777587890625 and parameters: {'gradient_clip_val': 0.14880193848850104, 'hidden_size': 86, 'dropout': 0.36763418287249444, 'hidden_continuous_size': 25, 'attention_head_size': 4, 'learning_rate': 0.05552145090289683}. Best is trial 59 with value: 9.928115844726562.
LOCAL_RANK: 0 - CUDA_VISIBLE_DEVICES: [0]
[I 2023-11-30 10:52:24,684] Trial 65 finished with value: 11.640914916992188 and parameters: {'gradient_clip_val': 0.15079739188445382, 'hidden_size': 84, 'dropout': 0.3675743581944457, 'hidden_continuous_size': 26, 'attention_head_size': 4, 'learning_rate': 0.08906798722567745}. Best is trial 59 with value: 9.928115844726562.
LOCAL_RANK: 0 - CUDA_VISIBLE_DEVICES: [0]
[I 2023-11-30 10:52:38,776] Trial 66 finished with value: 10.027610778808594 and parameters: {'gradient_clip_val': 0.12853548011978125, 'hidden_size': 99, 'dropout': 0.3840735764197623, 'hidden_continuous_size': 21, 'attention_head_size': 4, 'learning_rate': 0.061138727208799565}. Best is trial 59 with value: 9.928115844726562.
LOCAL_RANK: 0 - CUDA_VISIBLE_DEVICES: [0]
