[I 2023-11-30 00:25:36,723] Trial 115 finished with value: 3.183732271194458 and parameters: {'gradient_clip_val': 0.17903005321777746, 'hidden_size': 60, 'dropout': 0.23814150205162324, 'hidden_continuous_size': 17, 'attention_head_size': 1, 'learning_rate': 0.009829698461969806}. Best is trial 45 with value: 2.8982410430908203.
LOCAL_RANK: 0 - CUDA_VISIBLE_DEVICES: [0]
[I 2023-11-30 00:25:49,839] Trial 116 finished with value: 3.755014419555664 and parameters: {'gradient_clip_val': 0.13508260005453274, 'hidden_size': 61, 'dropout': 0.2487028379959118, 'hidden_continuous_size': 17, 'attention_head_size': 1, 'learning_rate': 0.00983397666953985}. Best is trial 45 with value: 2.8982410430908203.
LOCAL_RANK: 0 - CUDA_VISIBLE_DEVICES: [0]
[I 2023-11-30 00:26:02,834] Trial 117 finished with value: 3.1710102558135986 and parameters: {'gradient_clip_val': 0.17465939634348435, 'hidden_size': 51, 'dropout': 0.2345001711737535, 'hidden_continuous_size': 20, 'attention_head_size': 1, 'learning_rate': 0.007385448373591709}. Best is trial 45 with value: 2.8982410430908203.
LOCAL_RANK: 0 - CUDA_VISIBLE_DEVICES: [0]
[I 2023-11-30 00:26:15,656] Trial 118 finished with value: 3.6240293979644775 and parameters: {'gradient_clip_val': 0.1433645908439465, 'hidden_size': 51, 'dropout': 0.23536709422842736, 'hidden_continuous_size': 19, 'attention_head_size': 1, 'learning_rate': 0.007245762964151145}. Best is trial 45 with value: 2.8982410430908203.
LOCAL_RANK: 0 - CUDA_VISIBLE_DEVICES: [0]
[I 2023-11-30 00:26:28,615] Trial 119 finished with value: 3.1543312072753906 and parameters: {'gradient_clip_val': 0.16169631189109554, 'hidden_size': 56, 'dropout': 0.2550619392510336, 'hidden_continuous_size': 20, 'attention_head_size': 1, 'learning_rate': 0.00835982512217009}. Best is trial 45 with value: 2.8982410430908203.
LOCAL_RANK: 0 - CUDA_VISIBLE_DEVICES: [0]
[I 2023-11-30 00:26:41,469] Trial 120 finished with value: 3.2509517669677734 and parameters: {'gradient_clip_val': 0.1932699577516428, 'hidden_size': 46, 'dropout': 0.2581445357721918, 'hidden_continuous_size': 21, 'attention_head_size': 1, 'learning_rate': 0.008257265653817457}. Best is trial 45 with value: 2.8982410430908203.
LOCAL_RANK: 0 - CUDA_VISIBLE_DEVICES: [0]
[I 2023-11-30 00:26:54,444] Trial 121 finished with value: 4.319480895996094 and parameters: {'gradient_clip_val': 0.17999385923566893, 'hidden_size': 46, 'dropout': 0.2566836099596635, 'hidden_continuous_size': 20, 'attention_head_size': 1, 'learning_rate': 0.008308926705239863}. Best is trial 45 with value: 2.8982410430908203.
LOCAL_RANK: 0 - CUDA_VISIBLE_DEVICES: [0]
[I 2023-11-30 00:27:07,587] Trial 122 finished with value: 3.4897384643554688 and parameters: {'gradient_clip_val': 0.17419725821945214, 'hidden_size': 55, 'dropout': 0.2691921035289941, 'hidden_continuous_size': 22, 'attention_head_size': 1, 'learning_rate': 0.00609544465174763}. Best is trial 45 with value: 2.8982410430908203.
LOCAL_RANK: 0 - CUDA_VISIBLE_DEVICES: [0]
[I 2023-11-30 00:27:20,703] Trial 123 finished with value: 3.908093214035034 and parameters: {'gradient_clip_val': 0.19380815572984478, 'hidden_size': 49, 'dropout': 0.24839133145211867, 'hidden_continuous_size': 23, 'attention_head_size': 1, 'learning_rate': 0.007230358913437208}. Best is trial 45 with value: 2.8982410430908203.
LOCAL_RANK: 0 - CUDA_VISIBLE_DEVICES: [0]
[I 2023-11-30 00:27:33,748] Trial 124 finished with value: 3.8240139484405518 and parameters: {'gradient_clip_val': 0.15625988313789502, 'hidden_size': 53, 'dropout': 0.24020472706399626, 'hidden_continuous_size': 24, 'attention_head_size': 1, 'learning_rate': 0.007842261823189228}. Best is trial 45 with value: 2.8982410430908203.
LOCAL_RANK: 0 - CUDA_VISIBLE_DEVICES: [0]
[I 2023-11-30 00:27:47,010] Trial 125 finished with value: 3.743457078933716 and parameters: {'gradient_clip_val': 0.16530982907466418, 'hidden_size': 59, 'dropout': 0.26118534414993555, 'hidden_continuous_size': 21, 'attention_head_size': 1, 'learning_rate': 0.008675839137322706}. Best is trial 45 with value: 2.8982410430908203.
LOCAL_RANK: 0 - CUDA_VISIBLE_DEVICES: [0]
[I 2023-11-30 00:27:59,947] Trial 126 finished with value: 4.57058572769165 and parameters: {'gradient_clip_val': 0.19899049109783049, 'hidden_size': 46, 'dropout': 0.24506816026943068, 'hidden_continuous_size': 20, 'attention_head_size': 1, 'learning_rate': 0.009371254432830963}. Best is trial 45 with value: 2.8982410430908203.
LOCAL_RANK: 0 - CUDA_VISIBLE_DEVICES: [0]
[I 2023-11-30 00:28:12,656] Trial 127 finished with value: 3.4890966415405273 and parameters: {'gradient_clip_val': 0.17599879288955989, 'hidden_size': 44, 'dropout': 0.25291005996953764, 'hidden_continuous_size': 18, 'attention_head_size': 1, 'learning_rate': 0.011096272319753804}. Best is trial 45 with value: 2.8982410430908203.
LOCAL_RANK: 0 - CUDA_VISIBLE_DEVICES: [0]
[I 2023-11-30 00:28:25,428] Trial 128 finished with value: 3.2244083881378174 and parameters: {'gradient_clip_val': 0.18909859221835723, 'hidden_size': 56, 'dropout': 0.23710410033251372, 'hidden_continuous_size': 20, 'attention_head_size': 1, 'learning_rate': 0.006556768550544963}. Best is trial 45 with value: 2.8982410430908203.
LOCAL_RANK: 0 - CUDA_VISIBLE_DEVICES: [0]
[I 2023-11-30 00:28:38,522] Trial 129 finished with value: 3.5156173706054688 and parameters: {'gradient_clip_val': 0.18362193738874288, 'hidden_size': 57, 'dropout': 0.23672557476577474, 'hidden_continuous_size': 19, 'attention_head_size': 1, 'learning_rate': 0.006424664449882931}. Best is trial 45 with value: 2.8982410430908203.
LOCAL_RANK: 0 - CUDA_VISIBLE_DEVICES: [0]
[I 2023-11-30 00:28:51,520] Trial 130 finished with value: 3.6813671588897705 and parameters: {'gradient_clip_val': 0.12685823621668685, 'hidden_size': 64, 'dropout': 0.24283170227457623, 'hidden_continuous_size': 18, 'attention_head_size': 1, 'learning_rate': 0.007463791855316883}. Best is trial 45 with value: 2.8982410430908203.
LOCAL_RANK: 0 - CUDA_VISIBLE_DEVICES: [0]
[I 2023-11-30 00:29:04,773] Trial 131 finished with value: 3.3910820484161377 and parameters: {'gradient_clip_val': 0.21170472893965084, 'hidden_size': 51, 'dropout': 0.23082899542683158, 'hidden_continuous_size': 21, 'attention_head_size': 1, 'learning_rate': 0.0053736995456257625}. Best is trial 45 with value: 2.8982410430908203.
LOCAL_RANK: 0 - CUDA_VISIBLE_DEVICES: [0]
[I 2023-11-30 00:29:17,919] Trial 132 finished with value: 3.0764636993408203 and parameters: {'gradient_clip_val': 0.16248277547720874, 'hidden_size': 55, 'dropout': 0.2528043470580803, 'hidden_continuous_size': 20, 'attention_head_size': 1, 'learning_rate': 0.006690750615187717}. Best is trial 45 with value: 2.8982410430908203.
LOCAL_RANK: 0 - CUDA_VISIBLE_DEVICES: [0]
[I 2023-11-30 00:29:30,773] Trial 133 finished with value: 3.6074740886688232 and parameters: {'gradient_clip_val': 0.1623816966734186, 'hidden_size': 55, 'dropout': 0.2524554358108938, 'hidden_continuous_size': 17, 'attention_head_size': 1, 'learning_rate': 0.0065327418662673754}. Best is trial 45 with value: 2.8982410430908203.
LOCAL_RANK: 0 - CUDA_VISIBLE_DEVICES: [0]
[I 2023-11-30 00:29:44,092] Trial 134 finished with value: 3.3407936096191406 and parameters: {'gradient_clip_val': 0.14155037500461684, 'hidden_size': 62, 'dropout': 0.23897098325813, 'hidden_continuous_size': 22, 'attention_head_size': 1, 'learning_rate': 0.005617846210285512}. Best is trial 45 with value: 2.8982410430908203.
LOCAL_RANK: 0 - CUDA_VISIBLE_DEVICES: [0]
[I 2023-11-30 00:29:57,285] Trial 135 finished with value: 4.035502910614014 and parameters: {'gradient_clip_val': 0.15204331800743826, 'hidden_size': 59, 'dropout': 0.2223235238558628, 'hidden_continuous_size': 25, 'attention_head_size': 1, 'learning_rate': 0.006044155848847311}. Best is trial 45 with value: 2.8982410430908203.
LOCAL_RANK: 0 - CUDA_VISIBLE_DEVICES: [0]
[I 2023-11-30 00:30:10,412] Trial 136 finished with value: 3.9435932636260986 and parameters: {'gradient_clip_val': 0.17194986476939855, 'hidden_size': 53, 'dropout': 0.2682730446661456, 'hidden_continuous_size': 20, 'attention_head_size': 1, 'learning_rate': 0.006969097812322054}. Best is trial 45 with value: 2.8982410430908203.
LOCAL_RANK: 0 - CUDA_VISIBLE_DEVICES: [0]
[I 2023-11-30 00:30:23,705] Trial 137 finished with value: 3.5529022216796875 and parameters: {'gradient_clip_val': 0.1603887654365366, 'hidden_size': 50, 'dropout': 0.24672666330187887, 'hidden_continuous_size': 20, 'attention_head_size': 4, 'learning_rate': 0.007802192083843594}. Best is trial 45 with value: 2.8982410430908203.
LOCAL_RANK: 0 - CUDA_VISIBLE_DEVICES: [0]
[I 2023-11-30 00:30:36,927] Trial 138 finished with value: 3.6080124378204346 and parameters: {'gradient_clip_val': 0.20408068412354488, 'hidden_size': 59, 'dropout': 0.22919572357928072, 'hidden_continuous_size': 23, 'attention_head_size': 1, 'learning_rate': 0.009406593779428854}. Best is trial 45 with value: 2.8982410430908203.
LOCAL_RANK: 0 - CUDA_VISIBLE_DEVICES: [0]
[I 2023-11-30 00:30:49,800] Trial 139 finished with value: 3.175112009048462 and parameters: {'gradient_clip_val': 0.13488551402898516, 'hidden_size': 55, 'dropout': 0.21679713595120287, 'hidden_continuous_size': 19, 'attention_head_size': 1, 'learning_rate': 0.012764455220088474}. Best is trial 45 with value: 2.8982410430908203.
LOCAL_RANK: 0 - CUDA_VISIBLE_DEVICES: [0]
[I 2023-11-30 00:31:02,827] Trial 140 finished with value: 3.395524263381958 and parameters: {'gradient_clip_val': 0.14748367291194286, 'hidden_size': 56, 'dropout': 0.23599673687353068, 'hidden_continuous_size': 19, 'attention_head_size': 1, 'learning_rate': 0.012797529459768147}. Best is trial 45 with value: 2.8982410430908203.
LOCAL_RANK: 0 - CUDA_VISIBLE_DEVICES: [0]
[I 2023-11-30 00:31:16,267] Trial 141 finished with value: 4.723115921020508 and parameters: {'gradient_clip_val': 0.13295135023784543, 'hidden_size': 65, 'dropout': 0.21701932501051197, 'hidden_continuous_size': 19, 'attention_head_size': 1, 'learning_rate': 0.010639751402493288}. Best is trial 45 with value: 2.8982410430908203.
LOCAL_RANK: 0 - CUDA_VISIBLE_DEVICES: [0]
[I 2023-11-30 00:31:29,205] Trial 142 finished with value: 4.207104682922363 and parameters: {'gradient_clip_val': 0.13779203727815698, 'hidden_size': 53, 'dropout': 0.22577869141591267, 'hidden_continuous_size': 18, 'attention_head_size': 1, 'learning_rate': 0.011929475580827988}. Best is trial 45 with value: 2.8982410430908203.
LOCAL_RANK: 0 - CUDA_VISIBLE_DEVICES: [0]
[I 2023-11-30 00:31:42,169] Trial 143 finished with value: 3.517286539077759 and parameters: {'gradient_clip_val': 0.12798112697245034, 'hidden_size': 61, 'dropout': 0.21640989166063004, 'hidden_continuous_size': 10, 'attention_head_size': 1, 'learning_rate': 0.008507985413839604}. Best is trial 45 with value: 2.8982410430908203.
LOCAL_RANK: 0 - CUDA_VISIBLE_DEVICES: [0]
[I 2023-11-30 00:31:55,101] Trial 144 finished with value: 3.4641807079315186 and parameters: {'gradient_clip_val': 0.10740965203578987, 'hidden_size': 49, 'dropout': 0.23230493834086569, 'hidden_continuous_size': 17, 'attention_head_size': 1, 'learning_rate': 0.012992788748738859}. Best is trial 45 with value: 2.8982410430908203.
LOCAL_RANK: 0 - CUDA_VISIBLE_DEVICES: [0]
[I 2023-11-30 00:32:07,878] Trial 145 finished with value: 3.4459285736083984 and parameters: {'gradient_clip_val': 0.18369246242092266, 'hidden_size': 41, 'dropout': 0.22287846347321555, 'hidden_continuous_size': 19, 'attention_head_size': 1, 'learning_rate': 0.006641450939517483}. Best is trial 45 with value: 2.8982410430908203.
LOCAL_RANK: 0 - CUDA_VISIBLE_DEVICES: [0]
[I 2023-11-30 00:32:21,049] Trial 146 finished with value: 3.412065267562866 and parameters: {'gradient_clip_val': 0.16524810458785089, 'hidden_size': 55, 'dropout': 0.24043322866400899, 'hidden_continuous_size': 20, 'attention_head_size': 4, 'learning_rate': 0.005191256548572612}. Best is trial 45 with value: 2.8982410430908203.
LOCAL_RANK: 0 - CUDA_VISIBLE_DEVICES: [0]
[I 2023-11-30 00:32:34,416] Trial 147 finished with value: 4.1871771812438965 and parameters: {'gradient_clip_val': 0.12387029214090264, 'hidden_size': 58, 'dropout': 0.24628435110422725, 'hidden_continuous_size': 18, 'attention_head_size': 1, 'learning_rate': 0.014773505215670965}. Best is trial 45 with value: 2.8982410430908203.
LOCAL_RANK: 0 - CUDA_VISIBLE_DEVICES: [0]
[I 2023-11-30 00:32:47,636] Trial 148 finished with value: 4.400346279144287 and parameters: {'gradient_clip_val': 0.15689907053467295, 'hidden_size': 67, 'dropout': 0.2136611976935062, 'hidden_continuous_size': 17, 'attention_head_size': 1, 'learning_rate': 0.010244619954865386}. Best is trial 45 with value: 2.8982410430908203.
LOCAL_RANK: 0 - CUDA_VISIBLE_DEVICES: [0]
[I 2023-11-30 00:33:00,885] Trial 149 finished with value: 4.570954322814941 and parameters: {'gradient_clip_val': 0.2246804042919461, 'hidden_size': 64, 'dropout': 0.23030931382962067, 'hidden_continuous_size': 26, 'attention_head_size': 1, 'learning_rate': 0.011644867102019183}. Best is trial 45 with value: 2.8982410430908203.
[I 2023-11-30 00:33:00,996] A new study created in memory with name: no-name-05e4faba-82d5-452d-a7bc-fda5337c723b
/home/le004/conda/anaconda3/envs/tsff_env/lib/python3.9/site-packages/lightning/fabric/plugins/environments/slurm.py:191: The `srun` command is available on your system but is not used. HINT: If your intention is to run Lightning on SLURM, prepend your python command with `srun` like so: srun python /home/le004/master_thesis/git/TSFusionForecast/code/ ...
LOCAL_RANK: 0 - CUDA_VISIBLE_DEVICES: [0]
[I 2023-11-30 00:33:13,391] Trial 0 finished with value: 12.030105590820312 and parameters: {'gradient_clip_val': 0.17943971378559465, 'hidden_size': 23, 'dropout': 0.21664811790537838, 'hidden_continuous_size': 12, 'attention_head_size': 2, 'learning_rate': 0.012086819460474397}. Best is trial 0 with value: 12.030105590820312.
LOCAL_RANK: 0 - CUDA_VISIBLE_DEVICES: [0]
[I 2023-11-30 00:33:26,866] Trial 1 finished with value: 14.875781059265137 and parameters: {'gradient_clip_val': 0.6232680528196635, 'hidden_size': 106, 'dropout': 0.3402480933616615, 'hidden_continuous_size': 11, 'attention_head_size': 1, 'learning_rate': 0.0015091593220196069}. Best is trial 0 with value: 12.030105590820312.
LOCAL_RANK: 0 - CUDA_VISIBLE_DEVICES: [0]
[I 2023-11-30 00:33:40,005] Trial 2 finished with value: 12.524360656738281 and parameters: {'gradient_clip_val': 0.2565745989441244, 'hidden_size': 41, 'dropout': 0.2797202456106064, 'hidden_continuous_size': 34, 'attention_head_size': 3, 'learning_rate': 0.005697777703017013}. Best is trial 0 with value: 12.030105590820312.
LOCAL_RANK: 0 - CUDA_VISIBLE_DEVICES: [0]
[I 2023-11-30 00:33:52,214] Trial 3 finished with value: 47.776851654052734 and parameters: {'gradient_clip_val': 0.19676933816630474, 'hidden_size': 18, 'dropout': 0.13783483344400937, 'hidden_continuous_size': 11, 'attention_head_size': 2, 'learning_rate': 0.0010221754680846777}. Best is trial 0 with value: 12.030105590820312.
LOCAL_RANK: 0 - CUDA_VISIBLE_DEVICES: [0]
[I 2023-11-30 00:34:06,266] Trial 4 finished with value: 5.81957483291626 and parameters: {'gradient_clip_val': 0.9185914503008291, 'hidden_size': 124, 'dropout': 0.22636960113859994, 'hidden_continuous_size': 25, 'attention_head_size': 2, 'learning_rate': 0.02983418401099467}. Best is trial 4 with value: 5.81957483291626.
LOCAL_RANK: 0 - CUDA_VISIBLE_DEVICES: [0]
[I 2023-11-30 00:34:20,337] Trial 5 finished with value: 5.9185051918029785 and parameters: {'gradient_clip_val': 0.10053176113003126, 'hidden_size': 114, 'dropout': 0.2535928932606034, 'hidden_continuous_size': 42, 'attention_head_size': 1, 'learning_rate': 0.01733009527278203}. Best is trial 4 with value: 5.81957483291626.
LOCAL_RANK: 0 - CUDA_VISIBLE_DEVICES: [0]
[I 2023-11-30 00:34:33,753] Trial 6 finished with value: 11.764077186584473 and parameters: {'gradient_clip_val': 0.10424055823361424, 'hidden_size': 51, 'dropout': 0.28662188084468165, 'hidden_continuous_size': 36, 'attention_head_size': 2, 'learning_rate': 0.005606024546430611}. Best is trial 4 with value: 5.81957483291626.
LOCAL_RANK: 0 - CUDA_VISIBLE_DEVICES: [0]
[I 2023-11-30 00:34:46,664] Trial 7 finished with value: 29.084762573242188 and parameters: {'gradient_clip_val': 0.5468479706392522, 'hidden_size': 25, 'dropout': 0.25030213745196916, 'hidden_continuous_size': 11, 'attention_head_size': 3, 'learning_rate': 0.0027635538191394136}. Best is trial 4 with value: 5.81957483291626.
LOCAL_RANK: 0 - CUDA_VISIBLE_DEVICES: [0]
[I 2023-11-30 00:35:00,882] Trial 8 finished with value: 7.468717098236084 and parameters: {'gradient_clip_val': 0.2519962874044429, 'hidden_size': 140, 'dropout': 0.21872929461662372, 'hidden_continuous_size': 30, 'attention_head_size': 3, 'learning_rate': 0.007082326419333658}. Best is trial 4 with value: 5.81957483291626.
LOCAL_RANK: 0 - CUDA_VISIBLE_DEVICES: [0]
[I 2023-11-30 00:35:13,442] Trial 9 finished with value: 8.91622257232666 and parameters: {'gradient_clip_val': 0.3389477583191963, 'hidden_size': 22, 'dropout': 0.16193325467563063, 'hidden_continuous_size': 21, 'attention_head_size': 4, 'learning_rate': 0.019581931143625435}. Best is trial 4 with value: 5.81957483291626.
LOCAL_RANK: 0 - CUDA_VISIBLE_DEVICES: [0]
[I 2023-11-30 00:35:27,682] Trial 10 finished with value: 5.51565408706665 and parameters: {'gradient_clip_val': 0.9367740354566573, 'hidden_size': 70, 'dropout': 0.39003218865996103, 'hidden_continuous_size': 68, 'attention_head_size': 4, 'learning_rate': 0.06673882596342516}. Best is trial 10 with value: 5.51565408706665.
LOCAL_RANK: 0 - CUDA_VISIBLE_DEVICES: [0]
[I 2023-11-30 00:35:41,612] Trial 11 finished with value: 5.131938457489014 and parameters: {'gradient_clip_val': 0.9997705354052392, 'hidden_size': 64, 'dropout': 0.39011898182596905, 'hidden_continuous_size': 62, 'attention_head_size': 4, 'learning_rate': 0.06971036950519477}. Best is trial 11 with value: 5.131938457489014.
LOCAL_RANK: 0 - CUDA_VISIBLE_DEVICES: [0]
[I 2023-11-30 00:35:55,801] Trial 12 finished with value: 5.879648208618164 and parameters: {'gradient_clip_val': 0.9892198006820351, 'hidden_size': 63, 'dropout': 0.398934767139982, 'hidden_continuous_size': 57, 'attention_head_size': 4, 'learning_rate': 0.07289085682088112}. Best is trial 11 with value: 5.131938457489014.
LOCAL_RANK: 0 - CUDA_VISIBLE_DEVICES: [0]
[I 2023-11-30 00:36:10,189] Trial 13 finished with value: 6.074657440185547 and parameters: {'gradient_clip_val': 0.6996795262701746, 'hidden_size': 79, 'dropout': 0.38629411887862514, 'hidden_continuous_size': 77, 'attention_head_size': 4, 'learning_rate': 0.08504856421083903}. Best is trial 11 with value: 5.131938457489014.
LOCAL_RANK: 0 - CUDA_VISIBLE_DEVICES: [0]
[I 2023-11-30 00:36:22,590] Trial 14 finished with value: 12.890406608581543 and parameters: {'gradient_clip_val': 0.47534103024058905, 'hidden_size': 11, 'dropout': 0.3518858135508625, 'hidden_continuous_size': 10, 'attention_head_size': 4, 'learning_rate': 0.046913505118627664}. Best is trial 11 with value: 5.131938457489014.
LOCAL_RANK: 0 - CUDA_VISIBLE_DEVICES: [0]
[I 2023-11-30 00:36:36,916] Trial 15 finished with value: 5.15770959854126 and parameters: {'gradient_clip_val': 0.7757599112382454, 'hidden_size': 76, 'dropout': 0.33661930723400035, 'hidden_continuous_size': 75, 'attention_head_size': 4, 'learning_rate': 0.09924927865272443}. Best is trial 11 with value: 5.131938457489014.
LOCAL_RANK: 0 - CUDA_VISIBLE_DEVICES: [0]
[I 2023-11-30 00:36:49,844] Trial 16 finished with value: 6.701000690460205 and parameters: {'gradient_clip_val': 0.7050436134860134, 'hidden_size': 42, 'dropout': 0.3272451851834234, 'hidden_continuous_size': 15, 'attention_head_size': 3, 'learning_rate': 0.038472526657001814}. Best is trial 11 with value: 5.131938457489014.
LOCAL_RANK: 0 - CUDA_VISIBLE_DEVICES: [0]
[I 2023-11-30 00:37:04,413] Trial 17 finished with value: 5.330846786499023 and parameters: {'gradient_clip_val': 0.4336523013167914, 'hidden_size': 89, 'dropout': 0.35501350809749155, 'hidden_continuous_size': 79, 'attention_head_size': 4, 'learning_rate': 0.09415954838564608}. Best is trial 11 with value: 5.131938457489014.
LOCAL_RANK: 0 - CUDA_VISIBLE_DEVICES: [0]
[I 2023-11-30 00:37:18,049] Trial 18 finished with value: 5.691426753997803 and parameters: {'gradient_clip_val': 0.7852909057112955, 'hidden_size': 57, 'dropout': 0.3166546637894249, 'hidden_continuous_size': 47, 'attention_head_size': 3, 'learning_rate': 0.04785972234065566}. Best is trial 11 with value: 5.131938457489014.
LOCAL_RANK: 0 - CUDA_VISIBLE_DEVICES: [0]
[I 2023-11-30 00:37:28,929] Trial 19 finished with value: 5.96082878112793 and parameters: {'gradient_clip_val': 0.7711761819266911, 'hidden_size': 93, 'dropout': 0.35801290466641833, 'hidden_continuous_size': 93, 'attention_head_size': 4, 'learning_rate': 0.02786606822036629}. Best is trial 11 with value: 5.131938457489014.
LOCAL_RANK: 0 - CUDA_VISIBLE_DEVICES: [0]
[I 2023-11-30 00:37:42,808] Trial 20 finished with value: 5.1501240730285645 and parameters: {'gradient_clip_val': 0.5840344870415627, 'hidden_size': 76, 'dropout': 0.31175883184438197, 'hidden_continuous_size': 52, 'attention_head_size': 3, 'learning_rate': 0.05873440690752527}. Best is trial 11 with value: 5.131938457489014.
LOCAL_RANK: 0 - CUDA_VISIBLE_DEVICES: [0]
[I 2023-11-30 00:37:56,782] Trial 21 finished with value: 5.631846904754639 and parameters: {'gradient_clip_val': 0.5715537317679419, 'hidden_size': 74, 'dropout': 0.3100563243994286, 'hidden_continuous_size': 53, 'attention_head_size': 3, 'learning_rate': 0.09931837669933781}. Best is trial 11 with value: 5.131938457489014.
LOCAL_RANK: 0 - CUDA_VISIBLE_DEVICES: [0]
