[I 2023-11-30 06:17:21,099] Trial 39 finished with value: 72.95987701416016 and parameters: {'gradient_clip_val': 0.47814245240809805, 'hidden_size': 99, 'dropout': 0.2524865482953331, 'hidden_continuous_size': 46, 'attention_head_size': 4, 'learning_rate': 0.004506932744208063}. Best is trial 2 with value: 69.25050354003906.
LOCAL_RANK: 0 - CUDA_VISIBLE_DEVICES: [0]
[I 2023-11-30 06:17:34,971] Trial 40 finished with value: 94.26634979248047 and parameters: {'gradient_clip_val': 0.400833312368615, 'hidden_size': 82, 'dropout': 0.13015147664967994, 'hidden_continuous_size': 32, 'attention_head_size': 2, 'learning_rate': 0.0011957301371622727}. Best is trial 2 with value: 69.25050354003906.
LOCAL_RANK: 0 - CUDA_VISIBLE_DEVICES: [0]
[I 2023-11-30 06:17:48,656] Trial 41 finished with value: 80.3193359375 and parameters: {'gradient_clip_val': 0.998511618331781, 'hidden_size': 69, 'dropout': 0.18181033027768057, 'hidden_continuous_size': 29, 'attention_head_size': 3, 'learning_rate': 0.010657199177918566}. Best is trial 2 with value: 69.25050354003906.
LOCAL_RANK: 0 - CUDA_VISIBLE_DEVICES: [0]
[I 2023-11-30 06:18:02,827] Trial 42 finished with value: 75.26888275146484 and parameters: {'gradient_clip_val': 0.8525386991919996, 'hidden_size': 132, 'dropout': 0.1532839593950511, 'hidden_continuous_size': 36, 'attention_head_size': 3, 'learning_rate': 0.008812147109622387}. Best is trial 2 with value: 69.25050354003906.
LOCAL_RANK: 0 - CUDA_VISIBLE_DEVICES: [0]
[I 2023-11-30 06:18:16,487] Trial 43 finished with value: 73.54256439208984 and parameters: {'gradient_clip_val': 0.746394123095535, 'hidden_size': 79, 'dropout': 0.1979211076868525, 'hidden_continuous_size': 32, 'attention_head_size': 3, 'learning_rate': 0.009546093286591381}. Best is trial 2 with value: 69.25050354003906.
LOCAL_RANK: 0 - CUDA_VISIBLE_DEVICES: [0]
[I 2023-11-30 06:18:30,546] Trial 44 finished with value: 81.68303680419922 and parameters: {'gradient_clip_val': 0.8959713623613944, 'hidden_size': 107, 'dropout': 0.16939071073805223, 'hidden_continuous_size': 30, 'attention_head_size': 3, 'learning_rate': 0.012406464688319897}. Best is trial 2 with value: 69.25050354003906.
LOCAL_RANK: 0 - CUDA_VISIBLE_DEVICES: [0]
[I 2023-11-30 06:18:44,719] Trial 45 finished with value: 76.15918731689453 and parameters: {'gradient_clip_val': 0.9276999337305885, 'hidden_size': 93, 'dropout': 0.39419977451198307, 'hidden_continuous_size': 42, 'attention_head_size': 2, 'learning_rate': 0.00583029921151868}. Best is trial 2 with value: 69.25050354003906.
LOCAL_RANK: 0 - CUDA_VISIBLE_DEVICES: [0]
[I 2023-11-30 06:18:58,217] Trial 46 finished with value: 85.2969741821289 and parameters: {'gradient_clip_val': 0.6053739006800559, 'hidden_size': 60, 'dropout': 0.13747034480686243, 'hidden_continuous_size': 27, 'attention_head_size': 4, 'learning_rate': 0.01194231162570976}. Best is trial 2 with value: 69.25050354003906.
LOCAL_RANK: 0 - CUDA_VISIBLE_DEVICES: [0]
[I 2023-11-30 06:19:12,627] Trial 47 finished with value: 76.12267303466797 and parameters: {'gradient_clip_val': 0.7061182946358435, 'hidden_size': 129, 'dropout': 0.11791727032921043, 'hidden_continuous_size': 35, 'attention_head_size': 3, 'learning_rate': 0.007050752643125599}. Best is trial 2 with value: 69.25050354003906.
LOCAL_RANK: 0 - CUDA_VISIBLE_DEVICES: [0]
[I 2023-11-30 06:19:26,202] Trial 48 finished with value: 79.1067886352539 and parameters: {'gradient_clip_val': 0.9886590086458472, 'hidden_size': 83, 'dropout': 0.2714765731231653, 'hidden_continuous_size': 22, 'attention_head_size': 2, 'learning_rate': 0.016977734141202093}. Best is trial 2 with value: 69.25050354003906.
LOCAL_RANK: 0 - CUDA_VISIBLE_DEVICES: [0]
[I 2023-11-30 06:19:39,798] Trial 49 finished with value: 84.21768951416016 and parameters: {'gradient_clip_val': 0.6367481902284073, 'hidden_size': 68, 'dropout': 0.20646922496323264, 'hidden_continuous_size': 25, 'attention_head_size': 3, 'learning_rate': 0.0047510542514953725}. Best is trial 2 with value: 69.25050354003906.
LOCAL_RANK: 0 - CUDA_VISIBLE_DEVICES: [0]
[I 2023-11-30 06:19:54,060] Trial 50 finished with value: 86.05905151367188 and parameters: {'gradient_clip_val': 0.7664958201141068, 'hidden_size': 109, 'dropout': 0.35392038245753155, 'hidden_continuous_size': 46, 'attention_head_size': 2, 'learning_rate': 0.022108158782278366}. Best is trial 2 with value: 69.25050354003906.
LOCAL_RANK: 0 - CUDA_VISIBLE_DEVICES: [0]
[I 2023-11-30 06:20:08,235] Trial 51 finished with value: 72.70252227783203 and parameters: {'gradient_clip_val': 0.4942122113117158, 'hidden_size': 99, 'dropout': 0.10134965819040578, 'hidden_continuous_size': 38, 'attention_head_size': 4, 'learning_rate': 0.00477116253668827}. Best is trial 2 with value: 69.25050354003906.
LOCAL_RANK: 0 - CUDA_VISIBLE_DEVICES: [0]
[I 2023-11-30 06:20:22,354] Trial 52 finished with value: 73.26663970947266 and parameters: {'gradient_clip_val': 0.3364736851028234, 'hidden_size': 98, 'dropout': 0.10438570754301175, 'hidden_continuous_size': 38, 'attention_head_size': 4, 'learning_rate': 0.008251058821941914}. Best is trial 2 with value: 69.25050354003906.
LOCAL_RANK: 0 - CUDA_VISIBLE_DEVICES: [0]
[I 2023-11-30 06:20:36,080] Trial 53 finished with value: 72.5083236694336 and parameters: {'gradient_clip_val': 0.4176131106624112, 'hidden_size': 75, 'dropout': 0.12055501969994009, 'hidden_continuous_size': 30, 'attention_head_size': 4, 'learning_rate': 0.009035246322164776}. Best is trial 2 with value: 69.25050354003906.
LOCAL_RANK: 0 - CUDA_VISIBLE_DEVICES: [0]
[I 2023-11-30 06:20:50,453] Trial 54 finished with value: 77.84271240234375 and parameters: {'gradient_clip_val': 0.48464884250071394, 'hidden_size': 136, 'dropout': 0.11333042551402202, 'hidden_continuous_size': 60, 'attention_head_size': 4, 'learning_rate': 0.00605221400027122}. Best is trial 2 with value: 69.25050354003906.
LOCAL_RANK: 0 - CUDA_VISIBLE_DEVICES: [0]
[I 2023-11-30 06:21:04,566] Trial 55 finished with value: 81.67422485351562 and parameters: {'gradient_clip_val': 0.39621000065900186, 'hidden_size': 87, 'dropout': 0.12414027673367822, 'hidden_continuous_size': 35, 'attention_head_size': 4, 'learning_rate': 0.004175624252471186}. Best is trial 2 with value: 69.25050354003906.
LOCAL_RANK: 0 - CUDA_VISIBLE_DEVICES: [0]
[I 2023-11-30 06:21:18,760] Trial 56 finished with value: 68.79017639160156 and parameters: {'gradient_clip_val': 0.43152980233580646, 'hidden_size': 117, 'dropout': 0.10294610773150502, 'hidden_continuous_size': 32, 'attention_head_size': 4, 'learning_rate': 0.005219849666991891}. Best is trial 56 with value: 68.79017639160156.
LOCAL_RANK: 0 - CUDA_VISIBLE_DEVICES: [0]
[I 2023-11-30 06:21:32,823] Trial 57 finished with value: 77.39911651611328 and parameters: {'gradient_clip_val': 0.4149505479936284, 'hidden_size': 117, 'dropout': 0.14411105857939333, 'hidden_continuous_size': 33, 'attention_head_size': 4, 'learning_rate': 0.007500074204832165}. Best is trial 56 with value: 68.79017639160156.
LOCAL_RANK: 0 - CUDA_VISIBLE_DEVICES: [0]
[I 2023-11-30 06:21:46,620] Trial 58 finished with value: 76.36908721923828 and parameters: {'gradient_clip_val': 0.3652411690905205, 'hidden_size': 74, 'dropout': 0.12186990812781204, 'hidden_continuous_size': 29, 'attention_head_size': 4, 'learning_rate': 0.0054253874430796505}. Best is trial 56 with value: 68.79017639160156.
LOCAL_RANK: 0 - CUDA_VISIBLE_DEVICES: [0]
[I 2023-11-30 06:22:00,949] Trial 59 finished with value: 80.3840103149414 and parameters: {'gradient_clip_val': 0.4435157402659135, 'hidden_size': 149, 'dropout': 0.11269513945221861, 'hidden_continuous_size': 41, 'attention_head_size': 1, 'learning_rate': 0.008615636133768288}. Best is trial 56 with value: 68.79017639160156.
LOCAL_RANK: 0 - CUDA_VISIBLE_DEVICES: [0]
[I 2023-11-30 06:22:15,242] Trial 60 finished with value: 86.50154876708984 and parameters: {'gradient_clip_val': 0.30074892466082614, 'hidden_size': 116, 'dropout': 0.14652209392310966, 'hidden_continuous_size': 20, 'attention_head_size': 4, 'learning_rate': 0.003501819798882103}. Best is trial 56 with value: 68.79017639160156.
LOCAL_RANK: 0 - CUDA_VISIBLE_DEVICES: [0]
[I 2023-11-30 06:22:29,256] Trial 61 finished with value: 76.03702545166016 and parameters: {'gradient_clip_val': 0.5118374407556343, 'hidden_size': 102, 'dropout': 0.10642029499617653, 'hidden_continuous_size': 32, 'attention_head_size': 4, 'learning_rate': 0.0047762615281225634}. Best is trial 56 with value: 68.79017639160156.
LOCAL_RANK: 0 - CUDA_VISIBLE_DEVICES: [0]
[I 2023-11-30 06:22:43,032] Trial 62 finished with value: 80.92057037353516 and parameters: {'gradient_clip_val': 0.5575132658593763, 'hidden_size': 89, 'dropout': 0.10042270565246507, 'hidden_continuous_size': 26, 'attention_head_size': 4, 'learning_rate': 0.006502768780747643}. Best is trial 56 with value: 68.79017639160156.
LOCAL_RANK: 0 - CUDA_VISIBLE_DEVICES: [0]
[I 2023-11-30 06:22:57,156] Trial 63 finished with value: 81.28881072998047 and parameters: {'gradient_clip_val': 0.4238262517964275, 'hidden_size': 136, 'dropout': 0.13016524615268096, 'hidden_continuous_size': 38, 'attention_head_size': 4, 'learning_rate': 0.003124126933122976}. Best is trial 56 with value: 68.79017639160156.
LOCAL_RANK: 0 - CUDA_VISIBLE_DEVICES: [0]
[I 2023-11-30 06:23:11,203] Trial 64 finished with value: 78.54698181152344 and parameters: {'gradient_clip_val': 0.4760381345427216, 'hidden_size': 111, 'dropout': 0.12386513957357723, 'hidden_continuous_size': 23, 'attention_head_size': 4, 'learning_rate': 0.004159854306728162}. Best is trial 56 with value: 68.79017639160156.
LOCAL_RANK: 0 - CUDA_VISIBLE_DEVICES: [0]
[I 2023-11-30 06:23:25,389] Trial 65 finished with value: 75.4684066772461 and parameters: {'gradient_clip_val': 0.5002443799958091, 'hidden_size': 99, 'dropout': 0.11020693842499783, 'hidden_continuous_size': 28, 'attention_head_size': 4, 'learning_rate': 0.005283238526856438}. Best is trial 56 with value: 68.79017639160156.
LOCAL_RANK: 0 - CUDA_VISIBLE_DEVICES: [0]
[I 2023-11-30 06:23:39,494] Trial 66 finished with value: 79.38648223876953 and parameters: {'gradient_clip_val': 0.5396956785881962, 'hidden_size': 121, 'dropout': 0.10124767799866655, 'hidden_continuous_size': 44, 'attention_head_size': 2, 'learning_rate': 0.007505716549039179}. Best is trial 56 with value: 68.79017639160156.
LOCAL_RANK: 0 - CUDA_VISIBLE_DEVICES: [0]
[I 2023-11-30 06:23:53,276] Trial 67 finished with value: 74.5045394897461 and parameters: {'gradient_clip_val': 0.3863886750938726, 'hidden_size': 83, 'dropout': 0.11986937741898084, 'hidden_continuous_size': 31, 'attention_head_size': 4, 'learning_rate': 0.0093054676419788}. Best is trial 56 with value: 68.79017639160156.
LOCAL_RANK: 0 - CUDA_VISIBLE_DEVICES: [0]
[I 2023-11-30 06:24:07,271] Trial 68 finished with value: 71.93157196044922 and parameters: {'gradient_clip_val': 0.4407537345958084, 'hidden_size': 95, 'dropout': 0.1331380005600335, 'hidden_continuous_size': 34, 'attention_head_size': 2, 'learning_rate': 0.011239553756602265}. Best is trial 56 with value: 68.79017639160156.
LOCAL_RANK: 0 - CUDA_VISIBLE_DEVICES: [0]
[I 2023-11-30 06:24:20,611] Trial 69 finished with value: 82.4487075805664 and parameters: {'gradient_clip_val': 0.42761213390477903, 'hidden_size': 64, 'dropout': 0.15962146309046926, 'hidden_continuous_size': 29, 'attention_head_size': 2, 'learning_rate': 0.011320435176316845}. Best is trial 56 with value: 68.79017639160156.
LOCAL_RANK: 0 - CUDA_VISIBLE_DEVICES: [0]
[I 2023-11-30 06:24:34,186] Trial 70 finished with value: 71.1090087890625 and parameters: {'gradient_clip_val': 0.3372922831816889, 'hidden_size': 57, 'dropout': 0.13402566136520366, 'hidden_continuous_size': 26, 'attention_head_size': 2, 'learning_rate': 0.01443801257153245}. Best is trial 56 with value: 68.79017639160156.
LOCAL_RANK: 0 - CUDA_VISIBLE_DEVICES: [0]
[I 2023-11-30 06:24:47,814] Trial 71 finished with value: 73.14725494384766 and parameters: {'gradient_clip_val': 0.34004432199426105, 'hidden_size': 76, 'dropout': 0.13442106796074596, 'hidden_continuous_size': 27, 'attention_head_size': 2, 'learning_rate': 0.013566424027831276}. Best is trial 56 with value: 68.79017639160156.
LOCAL_RANK: 0 - CUDA_VISIBLE_DEVICES: [0]
[I 2023-11-30 06:25:01,081] Trial 72 finished with value: 81.27422332763672 and parameters: {'gradient_clip_val': 0.3581144364440003, 'hidden_size': 52, 'dropout': 0.14317929632843673, 'hidden_continuous_size': 33, 'attention_head_size': 2, 'learning_rate': 0.015540366896265255}. Best is trial 56 with value: 68.79017639160156.
LOCAL_RANK: 0 - CUDA_VISIBLE_DEVICES: [0]
[I 2023-11-30 06:25:14,292] Trial 73 finished with value: 73.82730865478516 and parameters: {'gradient_clip_val': 0.3808656542400811, 'hidden_size': 56, 'dropout': 0.15081146129042552, 'hidden_continuous_size': 31, 'attention_head_size': 2, 'learning_rate': 0.012029184577855666}. Best is trial 56 with value: 68.79017639160156.
LOCAL_RANK: 0 - CUDA_VISIBLE_DEVICES: [0]
[I 2023-11-30 06:25:27,870] Trial 74 finished with value: 71.76718139648438 and parameters: {'gradient_clip_val': 0.3246530114684424, 'hidden_size': 73, 'dropout': 0.12794148940847735, 'hidden_continuous_size': 26, 'attention_head_size': 2, 'learning_rate': 0.009689973101698661}. Best is trial 56 with value: 68.79017639160156.
LOCAL_RANK: 0 - CUDA_VISIBLE_DEVICES: [0]
[I 2023-11-30 06:25:41,595] Trial 75 finished with value: 74.78752899169922 and parameters: {'gradient_clip_val': 0.3156689655105138, 'hidden_size': 71, 'dropout': 0.13091121057497204, 'hidden_continuous_size': 25, 'attention_head_size': 2, 'learning_rate': 0.010828312885996894}. Best is trial 56 with value: 68.79017639160156.
LOCAL_RANK: 0 - CUDA_VISIBLE_DEVICES: [0]
[I 2023-11-30 06:25:55,331] Trial 76 finished with value: 78.37187194824219 and parameters: {'gradient_clip_val': 0.4506298528403133, 'hidden_size': 91, 'dropout': 0.1411054953972169, 'hidden_continuous_size': 23, 'attention_head_size': 2, 'learning_rate': 0.009374830905027469}. Best is trial 56 with value: 68.79017639160156.
LOCAL_RANK: 0 - CUDA_VISIBLE_DEVICES: [0]
[I 2023-11-30 06:26:08,585] Trial 77 finished with value: 71.77098846435547 and parameters: {'gradient_clip_val': 0.37098581763452887, 'hidden_size': 64, 'dropout': 0.1260626420554387, 'hidden_continuous_size': 26, 'attention_head_size': 2, 'learning_rate': 0.014510371537507777}. Best is trial 56 with value: 68.79017639160156.
LOCAL_RANK: 0 - CUDA_VISIBLE_DEVICES: [0]
[I 2023-11-30 06:26:21,829] Trial 78 finished with value: 83.89527130126953 and parameters: {'gradient_clip_val': 0.33895544152971985, 'hidden_size': 64, 'dropout': 0.1120131220173271, 'hidden_continuous_size': 26, 'attention_head_size': 2, 'learning_rate': 0.015092786312130702}. Best is trial 56 with value: 68.79017639160156.
LOCAL_RANK: 0 - CUDA_VISIBLE_DEVICES: [0]
[I 2023-11-30 06:26:34,958] Trial 79 finished with value: 77.24375915527344 and parameters: {'gradient_clip_val': 0.2880426138949465, 'hidden_size': 49, 'dropout': 0.15980753122828667, 'hidden_continuous_size': 24, 'attention_head_size': 2, 'learning_rate': 0.013331372577873564}. Best is trial 56 with value: 68.79017639160156.
LOCAL_RANK: 0 - CUDA_VISIBLE_DEVICES: [0]
[I 2023-11-30 06:26:48,483] Trial 80 finished with value: 77.94438934326172 and parameters: {'gradient_clip_val': 0.37046581444679005, 'hidden_size': 59, 'dropout': 0.13599180683333137, 'hidden_continuous_size': 28, 'attention_head_size': 1, 'learning_rate': 0.018563600920671736}. Best is trial 56 with value: 68.79017639160156.
LOCAL_RANK: 0 - CUDA_VISIBLE_DEVICES: [0]
[I 2023-11-30 06:27:02,112] Trial 81 finished with value: 73.94660186767578 and parameters: {'gradient_clip_val': 0.40861193058060497, 'hidden_size': 70, 'dropout': 0.12560689516347542, 'hidden_continuous_size': 26, 'attention_head_size': 2, 'learning_rate': 0.010238773062239649}. Best is trial 56 with value: 68.79017639160156.
LOCAL_RANK: 0 - CUDA_VISIBLE_DEVICES: [0]
[I 2023-11-30 06:27:15,261] Trial 82 finished with value: 80.7437973022461 and parameters: {'gradient_clip_val': 0.326875288877338, 'hidden_size': 64, 'dropout': 0.11799059170131147, 'hidden_continuous_size': 30, 'attention_head_size': 2, 'learning_rate': 0.012102061508622334}. Best is trial 56 with value: 68.79017639160156.
LOCAL_RANK: 0 - CUDA_VISIBLE_DEVICES: [0]
[I 2023-11-30 06:27:29,010] Trial 83 finished with value: 77.42867279052734 and parameters: {'gradient_clip_val': 0.3502367977815013, 'hidden_size': 79, 'dropout': 0.14996539021587174, 'hidden_continuous_size': 29, 'attention_head_size': 2, 'learning_rate': 0.008677466458595772}. Best is trial 56 with value: 68.79017639160156.
LOCAL_RANK: 0 - CUDA_VISIBLE_DEVICES: [0]
[I 2023-11-30 06:27:42,819] Trial 84 finished with value: 79.14360809326172 and parameters: {'gradient_clip_val': 0.3818698109867491, 'hidden_size': 86, 'dropout': 0.12765233677815804, 'hidden_continuous_size': 34, 'attention_head_size': 2, 'learning_rate': 0.010828468924555251}. Best is trial 56 with value: 68.79017639160156.
LOCAL_RANK: 0 - CUDA_VISIBLE_DEVICES: [0]
[I 2023-11-30 06:27:56,719] Trial 85 finished with value: 84.51508331298828 and parameters: {'gradient_clip_val': 0.45833390885976866, 'hidden_size': 93, 'dropout': 0.10931851581540117, 'hidden_continuous_size': 24, 'attention_head_size': 2, 'learning_rate': 0.014529040806134538}. Best is trial 56 with value: 68.79017639160156.
LOCAL_RANK: 0 - CUDA_VISIBLE_DEVICES: [0]
[I 2023-11-30 06:28:10,323] Trial 86 finished with value: 70.78368377685547 and parameters: {'gradient_clip_val': 0.4249478518892638, 'hidden_size': 78, 'dropout': 0.135888169460754, 'hidden_continuous_size': 26, 'attention_head_size': 3, 'learning_rate': 0.0077683214463928315}. Best is trial 56 with value: 68.79017639160156.
LOCAL_RANK: 0 - CUDA_VISIBLE_DEVICES: [0]
[I 2023-11-30 06:28:24,327] Trial 87 finished with value: 74.25377655029297 and parameters: {'gradient_clip_val': 0.3156615116448369, 'hidden_size': 109, 'dropout': 0.13792328842644236, 'hidden_continuous_size': 22, 'attention_head_size': 3, 'learning_rate': 0.007704729477371768}. Best is trial 56 with value: 68.79017639160156.
LOCAL_RANK: 0 - CUDA_VISIBLE_DEVICES: [0]
[I 2023-11-30 06:28:38,089] Trial 88 finished with value: 68.6666030883789 and parameters: {'gradient_clip_val': 0.3575028109178456, 'hidden_size': 81, 'dropout': 0.16530356387955197, 'hidden_continuous_size': 26, 'attention_head_size': 3, 'learning_rate': 0.007090824796351311}. Best is trial 88 with value: 68.6666030883789.
LOCAL_RANK: 0 - CUDA_VISIBLE_DEVICES: [0]
[I 2023-11-30 06:28:51,762] Trial 89 finished with value: 79.2742919921875 and parameters: {'gradient_clip_val': 0.3574003001408435, 'hidden_size': 67, 'dropout': 0.16749110365744735, 'hidden_continuous_size': 26, 'attention_head_size': 3, 'learning_rate': 0.006241335833809965}. Best is trial 88 with value: 68.6666030883789.
LOCAL_RANK: 0 - CUDA_VISIBLE_DEVICES: [0]
[I 2023-11-30 06:29:05,609] Trial 90 finished with value: 73.258056640625 and parameters: {'gradient_clip_val': 0.2626100246284646, 'hidden_size': 80, 'dropout': 0.14783022219127057, 'hidden_continuous_size': 20, 'attention_head_size': 3, 'learning_rate': 0.007116107523647627}. Best is trial 88 with value: 68.6666030883789.
LOCAL_RANK: 0 - CUDA_VISIBLE_DEVICES: [0]
[I 2023-11-30 06:29:19,305] Trial 91 finished with value: 77.49639129638672 and parameters: {'gradient_clip_val': 0.3982774141069261, 'hidden_size': 73, 'dropout': 0.13223410286363424, 'hidden_continuous_size': 28, 'attention_head_size': 3, 'learning_rate': 0.013094686669210728}. Best is trial 88 with value: 68.6666030883789.
LOCAL_RANK: 0 - CUDA_VISIBLE_DEVICES: [0]
[I 2023-11-30 06:29:32,937] Trial 92 finished with value: 83.65001678466797 and parameters: {'gradient_clip_val': 0.4316122739263759, 'hidden_size': 86, 'dropout': 0.15504207696942102, 'hidden_continuous_size': 27, 'attention_head_size': 3, 'learning_rate': 0.008157015601138741}. Best is trial 88 with value: 68.6666030883789.
LOCAL_RANK: 0 - CUDA_VISIBLE_DEVICES: [0]
[I 2023-11-30 06:29:46,826] Trial 93 finished with value: 68.1104736328125 and parameters: {'gradient_clip_val': 0.37851565901312084, 'hidden_size': 104, 'dropout': 0.141991326898152, 'hidden_continuous_size': 24, 'attention_head_size': 3, 'learning_rate': 0.009997907039835191}. Best is trial 93 with value: 68.1104736328125.
LOCAL_RANK: 0 - CUDA_VISIBLE_DEVICES: [0]
[I 2023-11-30 06:30:00,511] Trial 94 finished with value: 86.1228256225586 and parameters: {'gradient_clip_val': 0.3722874299825077, 'hidden_size': 104, 'dropout': 0.1401164473598782, 'hidden_continuous_size': 23, 'attention_head_size': 3, 'learning_rate': 0.009622969410746597}. Best is trial 93 with value: 68.1104736328125.
LOCAL_RANK: 0 - CUDA_VISIBLE_DEVICES: [0]
[I 2023-11-30 06:30:14,874] Trial 95 finished with value: 85.4380111694336 and parameters: {'gradient_clip_val': 0.3295149207255074, 'hidden_size': 126, 'dropout': 0.16421883660793807, 'hidden_continuous_size': 24, 'attention_head_size': 3, 'learning_rate': 0.007197588537871859}. Best is trial 93 with value: 68.1104736328125.
LOCAL_RANK: 0 - CUDA_VISIBLE_DEVICES: [0]
[I 2023-11-30 06:30:29,228] Trial 96 finished with value: 75.7826919555664 and parameters: {'gradient_clip_val': 0.40238528083520275, 'hidden_size': 142, 'dropout': 0.1505628384538998, 'hidden_continuous_size': 21, 'attention_head_size': 3, 'learning_rate': 0.005838531600135844}. Best is trial 93 with value: 68.1104736328125.
LOCAL_RANK: 0 - CUDA_VISIBLE_DEVICES: [0]
[I 2023-11-30 06:30:42,369] Trial 97 finished with value: 70.6668701171875 and parameters: {'gradient_clip_val': 0.36068736244391136, 'hidden_size': 56, 'dropout': 0.1235353000795276, 'hidden_continuous_size': 25, 'attention_head_size': 3, 'learning_rate': 0.006655792539912694}. Best is trial 93 with value: 68.1104736328125.
LOCAL_RANK: 0 - CUDA_VISIBLE_DEVICES: [0]
