[I 2023-11-30 10:13:56,952] Trial 41 finished with value: 4.967822074890137 and parameters: {'gradient_clip_val': 0.7059023964838599, 'hidden_size': 46, 'dropout': 0.3393338602246547, 'hidden_continuous_size': 15, 'attention_head_size': 1, 'learning_rate': 0.0836063352509523}. Best is trial 1 with value: 4.614551544189453.
LOCAL_RANK: 0 - CUDA_VISIBLE_DEVICES: [0]
[I 2023-11-30 10:14:09,648] Trial 42 finished with value: 4.750840663909912 and parameters: {'gradient_clip_val': 0.6741741566671868, 'hidden_size': 42, 'dropout': 0.34737023862572225, 'hidden_continuous_size': 16, 'attention_head_size': 1, 'learning_rate': 0.07862154906705729}. Best is trial 1 with value: 4.614551544189453.
LOCAL_RANK: 0 - CUDA_VISIBLE_DEVICES: [0]
[I 2023-11-30 10:14:22,952] Trial 43 finished with value: 5.325516700744629 and parameters: {'gradient_clip_val': 0.5232850968921172, 'hidden_size': 63, 'dropout': 0.35409841244436685, 'hidden_continuous_size': 22, 'attention_head_size': 1, 'learning_rate': 0.0700561380988407}. Best is trial 1 with value: 4.614551544189453.
LOCAL_RANK: 0 - CUDA_VISIBLE_DEVICES: [0]
[I 2023-11-30 10:14:35,706] Trial 44 finished with value: 4.945662975311279 and parameters: {'gradient_clip_val': 0.7014099746038724, 'hidden_size': 39, 'dropout': 0.32256394724491216, 'hidden_continuous_size': 16, 'attention_head_size': 1, 'learning_rate': 0.062145986775294274}. Best is trial 1 with value: 4.614551544189453.
LOCAL_RANK: 0 - CUDA_VISIBLE_DEVICES: [0]
[I 2023-11-30 10:14:48,502] Trial 45 finished with value: 5.519400119781494 and parameters: {'gradient_clip_val': 0.5503941207202576, 'hidden_size': 33, 'dropout': 0.30995817831045475, 'hidden_continuous_size': 10, 'attention_head_size': 1, 'learning_rate': 0.09928823124179545}. Best is trial 1 with value: 4.614551544189453.
LOCAL_RANK: 0 - CUDA_VISIBLE_DEVICES: [0]
[I 2023-11-30 10:15:01,454] Trial 46 finished with value: 5.9921441078186035 and parameters: {'gradient_clip_val': 0.48031487584705673, 'hidden_size': 59, 'dropout': 0.3290807728863553, 'hidden_continuous_size': 12, 'attention_head_size': 1, 'learning_rate': 0.05167127964546933}. Best is trial 1 with value: 4.614551544189453.
LOCAL_RANK: 0 - CUDA_VISIBLE_DEVICES: [0]
[I 2023-11-30 10:15:14,370] Trial 47 finished with value: 5.348628997802734 and parameters: {'gradient_clip_val': 0.46050610958040766, 'hidden_size': 51, 'dropout': 0.34696289826036136, 'hidden_continuous_size': 18, 'attention_head_size': 1, 'learning_rate': 0.07692499711229156}. Best is trial 1 with value: 4.614551544189453.
LOCAL_RANK: 0 - CUDA_VISIBLE_DEVICES: [0]
[I 2023-11-30 10:15:26,981] Trial 48 finished with value: 4.79928731918335 and parameters: {'gradient_clip_val': 0.8071006910924422, 'hidden_size': 42, 'dropout': 0.3765163066066471, 'hidden_continuous_size': 13, 'attention_head_size': 1, 'learning_rate': 0.04098014000135663}. Best is trial 1 with value: 4.614551544189453.
LOCAL_RANK: 0 - CUDA_VISIBLE_DEVICES: [0]
[I 2023-11-30 10:15:41,038] Trial 49 finished with value: 4.887594699859619 and parameters: {'gradient_clip_val': 0.5307525761518156, 'hidden_size': 79, 'dropout': 0.30269535300861755, 'hidden_continuous_size': 74, 'attention_head_size': 1, 'learning_rate': 0.06017773251311002}. Best is trial 1 with value: 4.614551544189453.
LOCAL_RANK: 0 - CUDA_VISIBLE_DEVICES: [0]
[I 2023-11-30 10:15:54,227] Trial 50 finished with value: 5.715432643890381 and parameters: {'gradient_clip_val': 0.11379625852315894, 'hidden_size': 47, 'dropout': 0.3261385472646423, 'hidden_continuous_size': 21, 'attention_head_size': 1, 'learning_rate': 0.02917636437162637}. Best is trial 1 with value: 4.614551544189453.
LOCAL_RANK: 0 - CUDA_VISIBLE_DEVICES: [0]
[I 2023-11-30 10:16:06,793] Trial 51 finished with value: 5.634283542633057 and parameters: {'gradient_clip_val': 0.6487933277689589, 'hidden_size': 40, 'dropout': 0.34699802547271535, 'hidden_continuous_size': 15, 'attention_head_size': 1, 'learning_rate': 0.08904980048693871}. Best is trial 1 with value: 4.614551544189453.
LOCAL_RANK: 0 - CUDA_VISIBLE_DEVICES: [0]
[I 2023-11-30 10:16:19,638] Trial 52 finished with value: 4.583816051483154 and parameters: {'gradient_clip_val': 0.5620303172402347, 'hidden_size': 43, 'dropout': 0.3343038992556345, 'hidden_continuous_size': 17, 'attention_head_size': 1, 'learning_rate': 0.08007484617996305}. Best is trial 52 with value: 4.583816051483154.
LOCAL_RANK: 0 - CUDA_VISIBLE_DEVICES: [0]
[I 2023-11-30 10:16:32,606] Trial 53 finished with value: 4.81855583190918 and parameters: {'gradient_clip_val': 0.5594037172414018, 'hidden_size': 59, 'dropout': 0.3570409020667626, 'hidden_continuous_size': 17, 'attention_head_size': 1, 'learning_rate': 0.07714891461522046}. Best is trial 52 with value: 4.583816051483154.
LOCAL_RANK: 0 - CUDA_VISIBLE_DEVICES: [0]
[I 2023-11-30 10:16:45,508] Trial 54 finished with value: 5.117583751678467 and parameters: {'gradient_clip_val': 0.47577131386762483, 'hidden_size': 51, 'dropout': 0.33545633595931423, 'hidden_continuous_size': 19, 'attention_head_size': 1, 'learning_rate': 0.058489565733604414}. Best is trial 52 with value: 4.583816051483154.
LOCAL_RANK: 0 - CUDA_VISIBLE_DEVICES: [0]
[I 2023-11-30 10:16:58,206] Trial 55 finished with value: 5.11422872543335 and parameters: {'gradient_clip_val': 0.5274201551964885, 'hidden_size': 33, 'dropout': 0.3663263130106089, 'hidden_continuous_size': 16, 'attention_head_size': 1, 'learning_rate': 0.041741763807709095}. Best is trial 52 with value: 4.583816051483154.
LOCAL_RANK: 0 - CUDA_VISIBLE_DEVICES: [0]
[I 2023-11-30 10:17:11,071] Trial 56 finished with value: 6.452486515045166 and parameters: {'gradient_clip_val': 0.5872010769769686, 'hidden_size': 47, 'dropout': 0.32184759829893755, 'hidden_continuous_size': 14, 'attention_head_size': 3, 'learning_rate': 0.02149733879321635}. Best is trial 52 with value: 4.583816051483154.
LOCAL_RANK: 0 - CUDA_VISIBLE_DEVICES: [0]
[I 2023-11-30 10:17:24,546] Trial 57 finished with value: 5.004423141479492 and parameters: {'gradient_clip_val': 0.13433910245312056, 'hidden_size': 65, 'dropout': 0.3451154731653218, 'hidden_continuous_size': 38, 'attention_head_size': 1, 'learning_rate': 0.02628941844980207}. Best is trial 52 with value: 4.583816051483154.
LOCAL_RANK: 0 - CUDA_VISIBLE_DEVICES: [0]
[I 2023-11-30 10:17:37,488] Trial 58 finished with value: 4.516717433929443 and parameters: {'gradient_clip_val': 0.4938956692450717, 'hidden_size': 53, 'dropout': 0.2952865599904355, 'hidden_continuous_size': 17, 'attention_head_size': 1, 'learning_rate': 0.07006400643528812}. Best is trial 58 with value: 4.516717433929443.
LOCAL_RANK: 0 - CUDA_VISIBLE_DEVICES: [0]
[I 2023-11-30 10:17:50,708] Trial 59 finished with value: 4.724586009979248 and parameters: {'gradient_clip_val': 0.49143255336412334, 'hidden_size': 53, 'dropout': 0.30382796979820015, 'hidden_continuous_size': 26, 'attention_head_size': 3, 'learning_rate': 0.036774375386480686}. Best is trial 58 with value: 4.516717433929443.
LOCAL_RANK: 0 - CUDA_VISIBLE_DEVICES: [0]
[I 2023-11-30 10:18:04,282] Trial 60 finished with value: 5.073876857757568 and parameters: {'gradient_clip_val': 0.4581325871190401, 'hidden_size': 60, 'dropout': 0.2969494565116391, 'hidden_continuous_size': 28, 'attention_head_size': 3, 'learning_rate': 0.03583721279569683}. Best is trial 58 with value: 4.516717433929443.
LOCAL_RANK: 0 - CUDA_VISIBLE_DEVICES: [0]
[I 2023-11-30 10:18:17,541] Trial 61 finished with value: 5.257450580596924 and parameters: {'gradient_clip_val': 0.5107199587164077, 'hidden_size': 55, 'dropout': 0.3139927559232952, 'hidden_continuous_size': 20, 'attention_head_size': 3, 'learning_rate': 0.04593839070094708}. Best is trial 58 with value: 4.516717433929443.
LOCAL_RANK: 0 - CUDA_VISIBLE_DEVICES: [0]
[I 2023-11-30 10:18:30,536] Trial 62 finished with value: 5.977578639984131 and parameters: {'gradient_clip_val': 0.3709332288431152, 'hidden_size': 53, 'dropout': 0.32742646253522495, 'hidden_continuous_size': 18, 'attention_head_size': 3, 'learning_rate': 0.03290994173327804}. Best is trial 58 with value: 4.516717433929443.
LOCAL_RANK: 0 - CUDA_VISIBLE_DEVICES: [0]
[I 2023-11-30 10:18:43,802] Trial 63 finished with value: 5.027608871459961 and parameters: {'gradient_clip_val': 0.4452082612354589, 'hidden_size': 49, 'dropout': 0.3094066284206956, 'hidden_continuous_size': 25, 'attention_head_size': 4, 'learning_rate': 0.06455385545139224}. Best is trial 58 with value: 4.516717433929443.
LOCAL_RANK: 0 - CUDA_VISIBLE_DEVICES: [0]
[I 2023-11-30 10:18:57,464] Trial 64 finished with value: 5.113485336303711 and parameters: {'gradient_clip_val': 0.5826400658557299, 'hidden_size': 71, 'dropout': 0.28777402550230013, 'hidden_continuous_size': 32, 'attention_head_size': 3, 'learning_rate': 0.028427033090746765}. Best is trial 58 with value: 4.516717433929443.
LOCAL_RANK: 0 - CUDA_VISIBLE_DEVICES: [0]
[I 2023-11-30 10:19:10,709] Trial 65 finished with value: 5.0054450035095215 and parameters: {'gradient_clip_val': 0.48683173601976365, 'hidden_size': 45, 'dropout': 0.3033392721348917, 'hidden_continuous_size': 21, 'attention_head_size': 3, 'learning_rate': 0.05243629025201563}. Best is trial 58 with value: 4.516717433929443.
LOCAL_RANK: 0 - CUDA_VISIBLE_DEVICES: [0]
[I 2023-11-30 10:19:23,624] Trial 66 finished with value: 5.305710315704346 and parameters: {'gradient_clip_val': 0.15652178012905466, 'hidden_size': 50, 'dropout': 0.2883272259012291, 'hidden_continuous_size': 17, 'attention_head_size': 1, 'learning_rate': 0.03985500063915232}. Best is trial 58 with value: 4.516717433929443.
LOCAL_RANK: 0 - CUDA_VISIBLE_DEVICES: [0]
[I 2023-11-30 10:19:36,982] Trial 67 finished with value: 5.137960910797119 and parameters: {'gradient_clip_val': 0.4264550676122954, 'hidden_size': 55, 'dropout': 0.10509051312992138, 'hidden_continuous_size': 38, 'attention_head_size': 2, 'learning_rate': 0.06830995038550743}. Best is trial 58 with value: 4.516717433929443.
LOCAL_RANK: 0 - CUDA_VISIBLE_DEVICES: [0]
[I 2023-11-30 10:19:50,180] Trial 68 finished with value: 5.081145763397217 and parameters: {'gradient_clip_val': 0.553269228295963, 'hidden_size': 62, 'dropout': 0.31596021771704463, 'hidden_continuous_size': 11, 'attention_head_size': 3, 'learning_rate': 0.020053257471910047}. Best is trial 58 with value: 4.516717433929443.
LOCAL_RANK: 0 - CUDA_VISIBLE_DEVICES: [0]
[I 2023-11-30 10:20:03,014] Trial 69 finished with value: 5.382278919219971 and parameters: {'gradient_clip_val': 0.4904699977613267, 'hidden_size': 38, 'dropout': 0.33192543760094756, 'hidden_continuous_size': 17, 'attention_head_size': 2, 'learning_rate': 0.024685236614728722}. Best is trial 58 with value: 4.516717433929443.
LOCAL_RANK: 0 - CUDA_VISIBLE_DEVICES: [0]
[I 2023-11-30 10:20:16,276] Trial 70 finished with value: 4.811330318450928 and parameters: {'gradient_clip_val': 0.39247489010766723, 'hidden_size': 44, 'dropout': 0.17459590834461491, 'hidden_continuous_size': 19, 'attention_head_size': 4, 'learning_rate': 0.045275229271137314}. Best is trial 58 with value: 4.516717433929443.
LOCAL_RANK: 0 - CUDA_VISIBLE_DEVICES: [0]
[I 2023-11-30 10:20:29,030] Trial 71 finished with value: 4.8110504150390625 and parameters: {'gradient_clip_val': 0.6796119329626416, 'hidden_size': 41, 'dropout': 0.3549735819670998, 'hidden_continuous_size': 16, 'attention_head_size': 1, 'learning_rate': 0.08100771556790431}. Best is trial 58 with value: 4.516717433929443.
LOCAL_RANK: 0 - CUDA_VISIBLE_DEVICES: [0]
[I 2023-11-30 10:20:41,556] Trial 72 finished with value: 4.999083995819092 and parameters: {'gradient_clip_val': 0.6210377312166311, 'hidden_size': 36, 'dropout': 0.3417105777672837, 'hidden_continuous_size': 18, 'attention_head_size': 1, 'learning_rate': 0.09019198218064091}. Best is trial 58 with value: 4.516717433929443.
LOCAL_RANK: 0 - CUDA_VISIBLE_DEVICES: [0]
[I 2023-11-30 10:20:54,300] Trial 73 finished with value: 4.657894134521484 and parameters: {'gradient_clip_val': 0.6586530071534168, 'hidden_size': 43, 'dropout': 0.3314590777755313, 'hidden_continuous_size': 15, 'attention_head_size': 1, 'learning_rate': 0.05629405978084926}. Best is trial 58 with value: 4.516717433929443.
LOCAL_RANK: 0 - CUDA_VISIBLE_DEVICES: [0]
[I 2023-11-30 10:21:07,183] Trial 74 finished with value: 5.08158540725708 and parameters: {'gradient_clip_val': 0.6096709606056502, 'hidden_size': 47, 'dropout': 0.3228237857541712, 'hidden_continuous_size': 15, 'attention_head_size': 1, 'learning_rate': 0.055640882518245914}. Best is trial 58 with value: 4.516717433929443.
LOCAL_RANK: 0 - CUDA_VISIBLE_DEVICES: [0]
[I 2023-11-30 10:21:20,350] Trial 75 finished with value: 5.124395847320557 and parameters: {'gradient_clip_val': 0.34083656571685866, 'hidden_size': 55, 'dropout': 0.30351827324483643, 'hidden_continuous_size': 14, 'attention_head_size': 1, 'learning_rate': 0.03895028472715825}. Best is trial 58 with value: 4.516717433929443.
LOCAL_RANK: 0 - CUDA_VISIBLE_DEVICES: [0]
[I 2023-11-30 10:21:33,384] Trial 76 finished with value: 5.416648864746094 and parameters: {'gradient_clip_val': 0.5256215643749858, 'hidden_size': 50, 'dropout': 0.3336716945183915, 'hidden_continuous_size': 23, 'attention_head_size': 1, 'learning_rate': 0.032079161272331985}. Best is trial 58 with value: 4.516717433929443.
LOCAL_RANK: 0 - CUDA_VISIBLE_DEVICES: [0]
[I 2023-11-30 10:21:46,084] Trial 77 finished with value: 4.912661075592041 and parameters: {'gradient_clip_val': 0.4276601493259895, 'hidden_size': 43, 'dropout': 0.32174780444166007, 'hidden_continuous_size': 15, 'attention_head_size': 1, 'learning_rate': 0.05108196682458883}. Best is trial 58 with value: 4.516717433929443.
LOCAL_RANK: 0 - CUDA_VISIBLE_DEVICES: [0]
[I 2023-11-30 10:21:58,813] Trial 78 finished with value: 4.909139633178711 and parameters: {'gradient_clip_val': 0.2082439846320922, 'hidden_size': 39, 'dropout': 0.12137854279533267, 'hidden_continuous_size': 17, 'attention_head_size': 1, 'learning_rate': 0.07231578284353463}. Best is trial 58 with value: 4.516717433929443.
LOCAL_RANK: 0 - CUDA_VISIBLE_DEVICES: [0]
[I 2023-11-30 10:22:12,070] Trial 79 finished with value: 4.938894271850586 and parameters: {'gradient_clip_val': 0.5606870285226918, 'hidden_size': 58, 'dropout': 0.2799994638650884, 'hidden_continuous_size': 13, 'attention_head_size': 3, 'learning_rate': 0.059433194216930996}. Best is trial 58 with value: 4.516717433929443.
LOCAL_RANK: 0 - CUDA_VISIBLE_DEVICES: [0]
[I 2023-11-30 10:22:25,368] Trial 80 finished with value: 4.962854862213135 and parameters: {'gradient_clip_val': 0.7435552364142589, 'hidden_size': 53, 'dropout': 0.3393794064018587, 'hidden_continuous_size': 19, 'attention_head_size': 2, 'learning_rate': 0.06558302018260168}. Best is trial 58 with value: 4.516717433929443.
LOCAL_RANK: 0 - CUDA_VISIBLE_DEVICES: [0]
[I 2023-11-30 10:22:38,161] Trial 81 finished with value: 5.201656818389893 and parameters: {'gradient_clip_val': 0.6536990133022811, 'hidden_size': 44, 'dropout': 0.35385130808152976, 'hidden_continuous_size': 16, 'attention_head_size': 1, 'learning_rate': 0.07854461741935377}. Best is trial 58 with value: 4.516717433929443.
LOCAL_RANK: 0 - CUDA_VISIBLE_DEVICES: [0]
[I 2023-11-30 10:22:50,907] Trial 82 finished with value: 5.305692672729492 and parameters: {'gradient_clip_val': 0.5963439928956885, 'hidden_size': 35, 'dropout': 0.3476423414241655, 'hidden_continuous_size': 16, 'attention_head_size': 1, 'learning_rate': 0.09767613722870071}. Best is trial 58 with value: 4.516717433929443.
LOCAL_RANK: 0 - CUDA_VISIBLE_DEVICES: [0]
[I 2023-11-30 10:23:03,743] Trial 83 finished with value: 4.994123935699463 and parameters: {'gradient_clip_val': 0.6492066626130908, 'hidden_size': 41, 'dropout': 0.3319704768338512, 'hidden_continuous_size': 18, 'attention_head_size': 1, 'learning_rate': 0.08572135205569434}. Best is trial 58 with value: 4.516717433929443.
LOCAL_RANK: 0 - CUDA_VISIBLE_DEVICES: [0]
[I 2023-11-30 10:23:16,653] Trial 84 finished with value: 4.950554370880127 and parameters: {'gradient_clip_val': 0.5069785440316695, 'hidden_size': 47, 'dropout': 0.36212573722218794, 'hidden_continuous_size': 15, 'attention_head_size': 1, 'learning_rate': 0.0709649029453739}. Best is trial 58 with value: 4.516717433929443.
LOCAL_RANK: 0 - CUDA_VISIBLE_DEVICES: [0]
[I 2023-11-30 10:23:29,710] Trial 85 finished with value: 4.905075550079346 and parameters: {'gradient_clip_val': 0.7344887404051235, 'hidden_size': 38, 'dropout': 0.31054746371289293, 'hidden_continuous_size': 20, 'attention_head_size': 1, 'learning_rate': 0.045868453250610404}. Best is trial 58 with value: 4.516717433929443.
LOCAL_RANK: 0 - CUDA_VISIBLE_DEVICES: [0]
[I 2023-11-30 10:23:42,388] Trial 86 finished with value: 5.092788219451904 and parameters: {'gradient_clip_val': 0.46136788432777387, 'hidden_size': 43, 'dropout': 0.3422776583988139, 'hidden_continuous_size': 17, 'attention_head_size': 1, 'learning_rate': 0.05569279170205152}. Best is trial 58 with value: 4.516717433929443.
LOCAL_RANK: 0 - CUDA_VISIBLE_DEVICES: [0]
[I 2023-11-30 10:23:55,320] Trial 87 finished with value: 5.7023844718933105 and parameters: {'gradient_clip_val': 0.5727821215474511, 'hidden_size': 49, 'dropout': 0.3515719704623584, 'hidden_continuous_size': 14, 'attention_head_size': 1, 'learning_rate': 0.06246303779863806}. Best is trial 58 with value: 4.516717433929443.
LOCAL_RANK: 0 - CUDA_VISIBLE_DEVICES: [0]
[I 2023-11-30 10:24:07,886] Trial 88 finished with value: 4.716577053070068 and parameters: {'gradient_clip_val': 0.5342468846220918, 'hidden_size': 35, 'dropout': 0.3659356423585677, 'hidden_continuous_size': 16, 'attention_head_size': 1, 'learning_rate': 0.09157760529776109}. Best is trial 58 with value: 4.516717433929443.
LOCAL_RANK: 0 - CUDA_VISIBLE_DEVICES: [0]
[I 2023-11-30 10:24:20,485] Trial 89 finished with value: 4.695557117462158 and parameters: {'gradient_clip_val': 0.5366066841446524, 'hidden_size': 34, 'dropout': 0.36915783748595005, 'hidden_continuous_size': 16, 'attention_head_size': 1, 'learning_rate': 0.09301941016870204}. Best is trial 58 with value: 4.516717433929443.
LOCAL_RANK: 0 - CUDA_VISIBLE_DEVICES: [0]
[I 2023-11-30 10:24:33,295] Trial 90 finished with value: 4.665937900543213 and parameters: {'gradient_clip_val': 0.5372642719743956, 'hidden_size': 31, 'dropout': 0.37159022882837706, 'hidden_continuous_size': 16, 'attention_head_size': 1, 'learning_rate': 0.08569524493869163}. Best is trial 58 with value: 4.516717433929443.
LOCAL_RANK: 0 - CUDA_VISIBLE_DEVICES: [0]
[I 2023-11-30 10:24:45,973] Trial 91 finished with value: 5.201327800750732 and parameters: {'gradient_clip_val': 0.5324338344119729, 'hidden_size': 30, 'dropout': 0.3703141264211648, 'hidden_continuous_size': 16, 'attention_head_size': 1, 'learning_rate': 0.08916180939285329}. Best is trial 58 with value: 4.516717433929443.
LOCAL_RANK: 0 - CUDA_VISIBLE_DEVICES: [0]
[I 2023-11-30 10:24:58,467] Trial 92 finished with value: 5.034463405609131 and parameters: {'gradient_clip_val': 0.49257772029978103, 'hidden_size': 34, 'dropout': 0.3847351445058041, 'hidden_continuous_size': 15, 'attention_head_size': 1, 'learning_rate': 0.09111966194849543}. Best is trial 58 with value: 4.516717433929443.
LOCAL_RANK: 0 - CUDA_VISIBLE_DEVICES: [0]
[I 2023-11-30 10:25:10,681] Trial 93 finished with value: 5.081741809844971 and parameters: {'gradient_clip_val': 0.6076322004142592, 'hidden_size': 28, 'dropout': 0.35893656202214486, 'hidden_continuous_size': 15, 'attention_head_size': 1, 'learning_rate': 0.0990232725173596}. Best is trial 58 with value: 4.516717433929443.
LOCAL_RANK: 0 - CUDA_VISIBLE_DEVICES: [0]
[I 2023-11-30 10:25:23,325] Trial 94 finished with value: 5.082823276519775 and parameters: {'gradient_clip_val': 0.5490391354516545, 'hidden_size': 33, 'dropout': 0.3673032834579227, 'hidden_continuous_size': 17, 'attention_head_size': 1, 'learning_rate': 0.0742146805809403}. Best is trial 58 with value: 4.516717433929443.
LOCAL_RANK: 0 - CUDA_VISIBLE_DEVICES: [0]
[I 2023-11-30 10:25:36,162] Trial 95 finished with value: 5.189347743988037 and parameters: {'gradient_clip_val': 0.5068830330769395, 'hidden_size': 36, 'dropout': 0.3753922240328572, 'hidden_continuous_size': 27, 'attention_head_size': 1, 'learning_rate': 0.08127221552357512}. Best is trial 58 with value: 4.516717433929443.
LOCAL_RANK: 0 - CUDA_VISIBLE_DEVICES: [0]
[I 2023-11-30 10:25:48,568] Trial 96 finished with value: 4.961177825927734 and parameters: {'gradient_clip_val': 0.5938313130104621, 'hidden_size': 31, 'dropout': 0.3829803480872225, 'hidden_continuous_size': 16, 'attention_head_size': 1, 'learning_rate': 0.07124967541124516}. Best is trial 58 with value: 4.516717433929443.
LOCAL_RANK: 0 - CUDA_VISIBLE_DEVICES: [0]
[I 2023-11-30 10:26:01,379] Trial 97 finished with value: 4.980020523071289 and parameters: {'gradient_clip_val': 0.4737289172422873, 'hidden_size': 39, 'dropout': 0.3503620692935671, 'hidden_continuous_size': 18, 'attention_head_size': 1, 'learning_rate': 0.06395886568179451}. Best is trial 58 with value: 4.516717433929443.
LOCAL_RANK: 0 - CUDA_VISIBLE_DEVICES: [0]
[I 2023-11-30 10:26:13,777] Trial 98 finished with value: 4.636294841766357 and parameters: {'gradient_clip_val': 0.5413614108636527, 'hidden_size': 27, 'dropout': 0.33724822582527836, 'hidden_continuous_size': 14, 'attention_head_size': 1, 'learning_rate': 0.08539071081006652}. Best is trial 58 with value: 4.516717433929443.
LOCAL_RANK: 0 - CUDA_VISIBLE_DEVICES: [0]
[I 2023-11-30 10:26:25,939] Trial 99 finished with value: 4.997283935546875 and parameters: {'gradient_clip_val': 0.6331969594340878, 'hidden_size': 28, 'dropout': 0.36088564336939344, 'hidden_continuous_size': 14, 'attention_head_size': 1, 'learning_rate': 0.08694731340168495}. Best is trial 58 with value: 4.516717433929443.
LOCAL_RANK: 0 - CUDA_VISIBLE_DEVICES: [0]
