[I 2023-11-29 23:46:35,356] Trial 90 finished with value: 19.893239974975586 and parameters: {'gradient_clip_val': 0.5548512638420233, 'hidden_size': 45, 'dropout': 0.16984628491564338, 'hidden_continuous_size': 37, 'attention_head_size': 1, 'learning_rate': 0.07879566172261739}. Best is trial 63 with value: 13.339756965637207.
LOCAL_RANK: 0 - CUDA_VISIBLE_DEVICES: [0]
[I 2023-11-29 23:46:48,757] Trial 91 finished with value: 16.948877334594727 and parameters: {'gradient_clip_val': 0.5874207584144462, 'hidden_size': 64, 'dropout': 0.1765436507761, 'hidden_continuous_size': 30, 'attention_head_size': 1, 'learning_rate': 0.07129579478401014}. Best is trial 63 with value: 13.339756965637207.
LOCAL_RANK: 0 - CUDA_VISIBLE_DEVICES: [0]
[I 2023-11-29 23:47:02,156] Trial 92 finished with value: 17.788175582885742 and parameters: {'gradient_clip_val': 0.763717284752393, 'hidden_size': 65, 'dropout': 0.16040200050385717, 'hidden_continuous_size': 27, 'attention_head_size': 1, 'learning_rate': 0.06358175092427683}. Best is trial 63 with value: 13.339756965637207.
LOCAL_RANK: 0 - CUDA_VISIBLE_DEVICES: [0]
[I 2023-11-29 23:47:15,215] Trial 93 finished with value: 19.67454719543457 and parameters: {'gradient_clip_val': 0.6810766951849729, 'hidden_size': 48, 'dropout': 0.14432160742075884, 'hidden_continuous_size': 33, 'attention_head_size': 1, 'learning_rate': 0.09299596337111643}. Best is trial 63 with value: 13.339756965637207.
LOCAL_RANK: 0 - CUDA_VISIBLE_DEVICES: [0]
[I 2023-11-29 23:47:28,622] Trial 94 finished with value: 33.88236618041992 and parameters: {'gradient_clip_val': 0.609870564707941, 'hidden_size': 72, 'dropout': 0.18495364483032536, 'hidden_continuous_size': 31, 'attention_head_size': 1, 'learning_rate': 0.053675884000045034}. Best is trial 63 with value: 13.339756965637207.
LOCAL_RANK: 0 - CUDA_VISIBLE_DEVICES: [0]
[I 2023-11-29 23:47:41,790] Trial 95 finished with value: 21.250276565551758 and parameters: {'gradient_clip_val': 0.7194348780704952, 'hidden_size': 55, 'dropout': 0.1967008999979805, 'hidden_continuous_size': 28, 'attention_head_size': 1, 'learning_rate': 0.07177227129709014}. Best is trial 63 with value: 13.339756965637207.
LOCAL_RANK: 0 - CUDA_VISIBLE_DEVICES: [0]
[I 2023-11-29 23:47:55,283] Trial 96 finished with value: 18.523887634277344 and parameters: {'gradient_clip_val': 0.8338613913030272, 'hidden_size': 60, 'dropout': 0.17170913511678546, 'hidden_continuous_size': 23, 'attention_head_size': 3, 'learning_rate': 0.08420284716904917}. Best is trial 63 with value: 13.339756965637207.
LOCAL_RANK: 0 - CUDA_VISIBLE_DEVICES: [0]
[I 2023-11-29 23:48:08,994] Trial 97 finished with value: 20.635828018188477 and parameters: {'gradient_clip_val': 0.8977562442979292, 'hidden_size': 78, 'dropout': 0.1506939857499841, 'hidden_continuous_size': 26, 'attention_head_size': 4, 'learning_rate': 0.04610058264794955}. Best is trial 63 with value: 13.339756965637207.
LOCAL_RANK: 0 - CUDA_VISIBLE_DEVICES: [0]
[I 2023-11-29 23:48:22,361] Trial 98 finished with value: 21.03843879699707 and parameters: {'gradient_clip_val': 0.7917311743784928, 'hidden_size': 66, 'dropout': 0.16309629608226936, 'hidden_continuous_size': 24, 'attention_head_size': 1, 'learning_rate': 0.056907351196564364}. Best is trial 63 with value: 13.339756965637207.
LOCAL_RANK: 0 - CUDA_VISIBLE_DEVICES: [0]
[I 2023-11-29 23:48:36,030] Trial 99 finished with value: 19.338491439819336 and parameters: {'gradient_clip_val': 0.6513264186126358, 'hidden_size': 75, 'dropout': 0.17979625734629912, 'hidden_continuous_size': 45, 'attention_head_size': 1, 'learning_rate': 0.06319623035718397}. Best is trial 63 with value: 13.339756965637207.
LOCAL_RANK: 0 - CUDA_VISIBLE_DEVICES: [0]
[I 2023-11-29 23:48:49,054] Trial 100 finished with value: 15.07365894317627 and parameters: {'gradient_clip_val': 0.5739721708716182, 'hidden_size': 53, 'dropout': 0.20570124299873438, 'hidden_continuous_size': 22, 'attention_head_size': 1, 'learning_rate': 0.07826188698040729}. Best is trial 63 with value: 13.339756965637207.
LOCAL_RANK: 0 - CUDA_VISIBLE_DEVICES: [0]
[I 2023-11-29 23:49:02,106] Trial 101 finished with value: 20.21729850769043 and parameters: {'gradient_clip_val': 0.7124274987638999, 'hidden_size': 51, 'dropout': 0.19063937979660228, 'hidden_continuous_size': 22, 'attention_head_size': 1, 'learning_rate': 0.07855184060452086}. Best is trial 63 with value: 13.339756965637207.
LOCAL_RANK: 0 - CUDA_VISIBLE_DEVICES: [0]
[I 2023-11-29 23:49:15,428] Trial 102 finished with value: 13.35935115814209 and parameters: {'gradient_clip_val': 0.5792203009659048, 'hidden_size': 62, 'dropout': 0.20751938131290823, 'hidden_continuous_size': 20, 'attention_head_size': 1, 'learning_rate': 0.09914221264921054}. Best is trial 63 with value: 13.339756965637207.
LOCAL_RANK: 0 - CUDA_VISIBLE_DEVICES: [0]
[I 2023-11-29 23:49:28,598] Trial 103 finished with value: 19.329660415649414 and parameters: {'gradient_clip_val': 0.5709156042451297, 'hidden_size': 57, 'dropout': 0.2050093272415704, 'hidden_continuous_size': 20, 'attention_head_size': 1, 'learning_rate': 0.09761558833218452}. Best is trial 63 with value: 13.339756965637207.
LOCAL_RANK: 0 - CUDA_VISIBLE_DEVICES: [0]
[I 2023-11-29 23:49:41,715] Trial 104 finished with value: 20.858430862426758 and parameters: {'gradient_clip_val': 0.5340395741740667, 'hidden_size': 61, 'dropout': 0.2311772675151004, 'hidden_continuous_size': 17, 'attention_head_size': 1, 'learning_rate': 0.08824326841214025}. Best is trial 63 with value: 13.339756965637207.
LOCAL_RANK: 0 - CUDA_VISIBLE_DEVICES: [0]
[I 2023-11-29 23:49:54,743] Trial 105 finished with value: 20.710981369018555 and parameters: {'gradient_clip_val': 0.8494459770394192, 'hidden_size': 54, 'dropout': 0.2136492862905304, 'hidden_continuous_size': 21, 'attention_head_size': 1, 'learning_rate': 0.0725127003888667}. Best is trial 63 with value: 13.339756965637207.
LOCAL_RANK: 0 - CUDA_VISIBLE_DEVICES: [0]
[I 2023-11-29 23:50:07,692] Trial 106 finished with value: 19.192121505737305 and parameters: {'gradient_clip_val': 0.9529912573087396, 'hidden_size': 47, 'dropout': 0.2032512895562087, 'hidden_continuous_size': 19, 'attention_head_size': 1, 'learning_rate': 0.06663546614675628}. Best is trial 63 with value: 13.339756965637207.
LOCAL_RANK: 0 - CUDA_VISIBLE_DEVICES: [0]
[I 2023-11-29 23:50:20,866] Trial 107 finished with value: 20.558725357055664 and parameters: {'gradient_clip_val': 0.6199239378590626, 'hidden_size': 43, 'dropout': 0.20740974719650568, 'hidden_continuous_size': 20, 'attention_head_size': 2, 'learning_rate': 0.08963922394905999}. Best is trial 63 with value: 13.339756965637207.
LOCAL_RANK: 0 - CUDA_VISIBLE_DEVICES: [0]
[I 2023-11-29 23:50:34,040] Trial 108 finished with value: 25.787506103515625 and parameters: {'gradient_clip_val': 0.7458210143405563, 'hidden_size': 62, 'dropout': 0.19395737407086294, 'hidden_continuous_size': 23, 'attention_head_size': 1, 'learning_rate': 0.09955999081077077}. Best is trial 63 with value: 13.339756965637207.
LOCAL_RANK: 0 - CUDA_VISIBLE_DEVICES: [0]
[I 2023-11-29 23:50:47,439] Trial 109 finished with value: 22.37024688720703 and parameters: {'gradient_clip_val': 0.7980874727167473, 'hidden_size': 68, 'dropout': 0.2180136218771487, 'hidden_continuous_size': 24, 'attention_head_size': 1, 'learning_rate': 0.049137961564735495}. Best is trial 63 with value: 13.339756965637207.
LOCAL_RANK: 0 - CUDA_VISIBLE_DEVICES: [0]
[I 2023-11-29 23:51:00,658] Trial 110 finished with value: 22.157400131225586 and parameters: {'gradient_clip_val': 0.5139223791569262, 'hidden_size': 49, 'dropout': 0.22279163457012144, 'hidden_continuous_size': 22, 'attention_head_size': 4, 'learning_rate': 0.08043210819145508}. Best is trial 63 with value: 13.339756965637207.
LOCAL_RANK: 0 - CUDA_VISIBLE_DEVICES: [0]
[I 2023-11-29 23:51:14,065] Trial 111 finished with value: 16.400392532348633 and parameters: {'gradient_clip_val': 0.5751310497389173, 'hidden_size': 72, 'dropout': 0.1741413756406812, 'hidden_continuous_size': 29, 'attention_head_size': 1, 'learning_rate': 0.05866375799263671}. Best is trial 63 with value: 13.339756965637207.
LOCAL_RANK: 0 - CUDA_VISIBLE_DEVICES: [0]
[I 2023-11-29 23:51:27,554] Trial 112 finished with value: 23.777204513549805 and parameters: {'gradient_clip_val': 0.6814593978477361, 'hidden_size': 57, 'dropout': 0.18500797543974376, 'hidden_continuous_size': 38, 'attention_head_size': 1, 'learning_rate': 0.07408875285317534}. Best is trial 63 with value: 13.339756965637207.
LOCAL_RANK: 0 - CUDA_VISIBLE_DEVICES: [0]
[I 2023-11-29 23:51:40,905] Trial 113 finished with value: 17.686071395874023 and parameters: {'gradient_clip_val': 0.6442614476592702, 'hidden_size': 54, 'dropout': 0.1685431032407762, 'hidden_continuous_size': 36, 'attention_head_size': 1, 'learning_rate': 0.040136409191770625}. Best is trial 63 with value: 13.339756965637207.
LOCAL_RANK: 0 - CUDA_VISIBLE_DEVICES: [0]
[I 2023-11-29 23:51:54,778] Trial 114 finished with value: 21.64190673828125 and parameters: {'gradient_clip_val': 0.490307624571588, 'hidden_size': 83, 'dropout': 0.2011814236133289, 'hidden_continuous_size': 42, 'attention_head_size': 3, 'learning_rate': 0.05414953556563527}. Best is trial 63 with value: 13.339756965637207.
LOCAL_RANK: 0 - CUDA_VISIBLE_DEVICES: [0]
[I 2023-11-29 23:52:08,013] Trial 115 finished with value: 19.095123291015625 and parameters: {'gradient_clip_val': 0.5352331950400192, 'hidden_size': 64, 'dropout': 0.16131811978686386, 'hidden_continuous_size': 30, 'attention_head_size': 1, 'learning_rate': 0.06291070966404637}. Best is trial 63 with value: 13.339756965637207.
LOCAL_RANK: 0 - CUDA_VISIBLE_DEVICES: [0]
[I 2023-11-29 23:52:21,486] Trial 116 finished with value: 25.21599006652832 and parameters: {'gradient_clip_val': 0.5975678075078151, 'hidden_size': 69, 'dropout': 0.18191647555637347, 'hidden_continuous_size': 32, 'attention_head_size': 1, 'learning_rate': 0.08042979819514505}. Best is trial 63 with value: 13.339756965637207.
LOCAL_RANK: 0 - CUDA_VISIBLE_DEVICES: [0]
[I 2023-11-29 23:52:34,468] Trial 117 finished with value: 23.613739013671875 and parameters: {'gradient_clip_val': 0.8726619629184488, 'hidden_size': 38, 'dropout': 0.18867601547393448, 'hidden_continuous_size': 35, 'attention_head_size': 1, 'learning_rate': 0.04446910441474591}. Best is trial 63 with value: 13.339756965637207.
LOCAL_RANK: 0 - CUDA_VISIBLE_DEVICES: [0]
[I 2023-11-29 23:52:47,584] Trial 118 finished with value: 18.858104705810547 and parameters: {'gradient_clip_val': 0.7107789228985403, 'hidden_size': 59, 'dropout': 0.14911422953199183, 'hidden_continuous_size': 18, 'attention_head_size': 1, 'learning_rate': 0.07010657587511317}. Best is trial 63 with value: 13.339756965637207.
LOCAL_RANK: 0 - CUDA_VISIBLE_DEVICES: [0]
[I 2023-11-29 23:53:01,105] Trial 119 finished with value: 17.530881881713867 and parameters: {'gradient_clip_val': 0.775207166149676, 'hidden_size': 75, 'dropout': 0.17670985170020734, 'hidden_continuous_size': 21, 'attention_head_size': 1, 'learning_rate': 0.05067359826612985}. Best is trial 63 with value: 13.339756965637207.
LOCAL_RANK: 0 - CUDA_VISIBLE_DEVICES: [0]
[I 2023-11-29 23:53:14,501] Trial 120 finished with value: 19.980514526367188 and parameters: {'gradient_clip_val': 0.9964719288320029, 'hidden_size': 52, 'dropout': 0.19426298858977173, 'hidden_continuous_size': 40, 'attention_head_size': 2, 'learning_rate': 0.0879984054314445}. Best is trial 63 with value: 13.339756965637207.
LOCAL_RANK: 0 - CUDA_VISIBLE_DEVICES: [0]
[I 2023-11-29 23:53:28,266] Trial 121 finished with value: 22.72040557861328 and parameters: {'gradient_clip_val': 0.8029837509749228, 'hidden_size': 88, 'dropout': 0.15692494146172203, 'hidden_continuous_size': 39, 'attention_head_size': 1, 'learning_rate': 0.04546635424414597}. Best is trial 63 with value: 13.339756965637207.
LOCAL_RANK: 0 - CUDA_VISIBLE_DEVICES: [0]
[I 2023-11-29 23:53:42,087] Trial 122 finished with value: 14.7269868850708 and parameters: {'gradient_clip_val': 0.8246805275879288, 'hidden_size': 79, 'dropout': 0.16718722580567344, 'hidden_continuous_size': 34, 'attention_head_size': 1, 'learning_rate': 0.03782109195465026}. Best is trial 63 with value: 13.339756965637207.
LOCAL_RANK: 0 - CUDA_VISIBLE_DEVICES: [0]
[I 2023-11-29 23:53:55,652] Trial 123 finished with value: 18.460031509399414 and parameters: {'gradient_clip_val': 0.9107003619477924, 'hidden_size': 67, 'dropout': 0.1666501121243165, 'hidden_continuous_size': 34, 'attention_head_size': 1, 'learning_rate': 0.03669517727313081}. Best is trial 63 with value: 13.339756965637207.
LOCAL_RANK: 0 - CUDA_VISIBLE_DEVICES: [0]
[I 2023-11-29 23:54:09,120] Trial 124 finished with value: 16.060272216796875 and parameters: {'gradient_clip_val': 0.8295830353328248, 'hidden_size': 81, 'dropout': 0.13644596553859978, 'hidden_continuous_size': 31, 'attention_head_size': 1, 'learning_rate': 0.060419504108100486}. Best is trial 63 with value: 13.339756965637207.
LOCAL_RANK: 0 - CUDA_VISIBLE_DEVICES: [0]
[I 2023-11-29 23:54:22,507] Trial 125 finished with value: 20.59312629699707 and parameters: {'gradient_clip_val': 0.8527616310895635, 'hidden_size': 81, 'dropout': 0.14466204373143568, 'hidden_continuous_size': 27, 'attention_head_size': 1, 'learning_rate': 0.03371224897769842}. Best is trial 63 with value: 13.339756965637207.
LOCAL_RANK: 0 - CUDA_VISIBLE_DEVICES: [0]
[I 2023-11-29 23:54:35,789] Trial 126 finished with value: 21.61396026611328 and parameters: {'gradient_clip_val': 0.9040222352500188, 'hidden_size': 88, 'dropout': 0.13588037508830275, 'hidden_continuous_size': 31, 'attention_head_size': 1, 'learning_rate': 0.04105078454076521}. Best is trial 63 with value: 13.339756965637207.
LOCAL_RANK: 0 - CUDA_VISIBLE_DEVICES: [0]
[I 2023-11-29 23:54:49,526] Trial 127 finished with value: 16.14302635192871 and parameters: {'gradient_clip_val': 0.8286452355517189, 'hidden_size': 96, 'dropout': 0.15211103102397977, 'hidden_continuous_size': 29, 'attention_head_size': 1, 'learning_rate': 0.06139134587224266}. Best is trial 63 with value: 13.339756965637207.
LOCAL_RANK: 0 - CUDA_VISIBLE_DEVICES: [0]
[I 2023-11-29 23:55:03,305] Trial 128 finished with value: 14.901997566223145 and parameters: {'gradient_clip_val': 0.7613516193510144, 'hidden_size': 78, 'dropout': 0.13934554809097424, 'hidden_continuous_size': 37, 'attention_head_size': 3, 'learning_rate': 0.055021840167652214}. Best is trial 63 with value: 13.339756965637207.
LOCAL_RANK: 0 - CUDA_VISIBLE_DEVICES: [0]
[I 2023-11-29 23:55:16,966] Trial 129 finished with value: 25.67998695373535 and parameters: {'gradient_clip_val': 0.7545030954650506, 'hidden_size': 72, 'dropout': 0.16027024885042507, 'hidden_continuous_size': 36, 'attention_head_size': 3, 'learning_rate': 0.05055645232981322}. Best is trial 63 with value: 13.339756965637207.
LOCAL_RANK: 0 - CUDA_VISIBLE_DEVICES: [0]
[I 2023-11-29 23:55:30,596] Trial 130 finished with value: 18.181501388549805 and parameters: {'gradient_clip_val': 0.7240670425551041, 'hidden_size': 62, 'dropout': 0.1310632297082458, 'hidden_continuous_size': 43, 'attention_head_size': 3, 'learning_rate': 0.054681807213666535}. Best is trial 63 with value: 13.339756965637207.
LOCAL_RANK: 0 - CUDA_VISIBLE_DEVICES: [0]
[I 2023-11-29 23:55:44,201] Trial 131 finished with value: 17.74610710144043 and parameters: {'gradient_clip_val': 0.8170950585274391, 'hidden_size': 80, 'dropout': 0.12385758500616327, 'hidden_continuous_size': 34, 'attention_head_size': 3, 'learning_rate': 0.06770357298496633}. Best is trial 63 with value: 13.339756965637207.
LOCAL_RANK: 0 - CUDA_VISIBLE_DEVICES: [0]
[I 2023-11-29 23:55:58,394] Trial 132 finished with value: 19.95838165283203 and parameters: {'gradient_clip_val': 0.9389711991925426, 'hidden_size': 91, 'dropout': 0.14125602148626812, 'hidden_continuous_size': 33, 'attention_head_size': 4, 'learning_rate': 0.05727468159726399}. Best is trial 63 with value: 13.339756965637207.
LOCAL_RANK: 0 - CUDA_VISIBLE_DEVICES: [0]
[I 2023-11-29 23:56:12,150] Trial 133 finished with value: 22.353029251098633 and parameters: {'gradient_clip_val': 0.6756030831981803, 'hidden_size': 78, 'dropout': 0.13470301500860743, 'hidden_continuous_size': 37, 'attention_head_size': 3, 'learning_rate': 0.04342148464654343}. Best is trial 63 with value: 13.339756965637207.
LOCAL_RANK: 0 - CUDA_VISIBLE_DEVICES: [0]
[I 2023-11-29 23:56:25,686] Trial 134 finished with value: 16.914936065673828 and parameters: {'gradient_clip_val': 0.7655953592249495, 'hidden_size': 74, 'dropout': 0.1477168174666148, 'hidden_continuous_size': 25, 'attention_head_size': 1, 'learning_rate': 0.047768596687999695}. Best is trial 63 with value: 13.339756965637207.
LOCAL_RANK: 0 - CUDA_VISIBLE_DEVICES: [0]
[I 2023-11-29 23:56:38,719] Trial 135 finished with value: 21.132339477539062 and parameters: {'gradient_clip_val': 0.8597966494284324, 'hidden_size': 41, 'dropout': 0.1386471679457247, 'hidden_continuous_size': 35, 'attention_head_size': 1, 'learning_rate': 0.029357746495269114}. Best is trial 63 with value: 13.339756965637207.
LOCAL_RANK: 0 - CUDA_VISIBLE_DEVICES: [0]
[I 2023-11-29 23:56:52,244] Trial 136 finished with value: 20.641977310180664 and parameters: {'gradient_clip_val': 0.889298409798044, 'hidden_size': 69, 'dropout': 0.15672435935235085, 'hidden_continuous_size': 37, 'attention_head_size': 1, 'learning_rate': 0.06156513083184837}. Best is trial 63 with value: 13.339756965637207.
LOCAL_RANK: 0 - CUDA_VISIBLE_DEVICES: [0]
[I 2023-11-29 23:57:06,210] Trial 137 finished with value: 25.395780563354492 and parameters: {'gradient_clip_val': 0.7823511389728479, 'hidden_size': 83, 'dropout': 0.16904950826060472, 'hidden_continuous_size': 40, 'attention_head_size': 1, 'learning_rate': 0.03817759353200361}. Best is trial 63 with value: 13.339756965637207.
LOCAL_RANK: 0 - CUDA_VISIBLE_DEVICES: [0]
[I 2023-11-29 23:57:19,157] Trial 138 finished with value: 17.70832633972168 and parameters: {'gradient_clip_val': 0.702680088563065, 'hidden_size': 45, 'dropout': 0.1979924324225323, 'hidden_continuous_size': 32, 'attention_head_size': 1, 'learning_rate': 0.08027082019961168}. Best is trial 63 with value: 13.339756965637207.
LOCAL_RANK: 0 - CUDA_VISIBLE_DEVICES: [0]
[I 2023-11-29 23:57:32,730] Trial 139 finished with value: 19.636293411254883 and parameters: {'gradient_clip_val': 0.8169698524342495, 'hidden_size': 58, 'dropout': 0.16456302824318825, 'hidden_continuous_size': 38, 'attention_head_size': 2, 'learning_rate': 0.06947735913360605}. Best is trial 63 with value: 13.339756965637207.
LOCAL_RANK: 0 - CUDA_VISIBLE_DEVICES: [0]
[I 2023-11-29 23:57:46,356] Trial 140 finished with value: 17.18687629699707 and parameters: {'gradient_clip_val': 0.9568155908633058, 'hidden_size': 65, 'dropout': 0.17822969011058443, 'hidden_continuous_size': 33, 'attention_head_size': 3, 'learning_rate': 0.03308009510671025}. Best is trial 63 with value: 13.339756965637207.
LOCAL_RANK: 0 - CUDA_VISIBLE_DEVICES: [0]
[I 2023-11-29 23:57:59,730] Trial 141 finished with value: 19.442358016967773 and parameters: {'gradient_clip_val': 0.6329617765788533, 'hidden_size': 61, 'dropout': 0.17409792157314866, 'hidden_continuous_size': 31, 'attention_head_size': 1, 'learning_rate': 0.0724637634911591}. Best is trial 63 with value: 13.339756965637207.
LOCAL_RANK: 0 - CUDA_VISIBLE_DEVICES: [0]
[I 2023-11-29 23:58:13,392] Trial 142 finished with value: 15.432990074157715 and parameters: {'gradient_clip_val': 0.7423282080752572, 'hidden_size': 75, 'dropout': 0.18434612825527102, 'hidden_continuous_size': 30, 'attention_head_size': 1, 'learning_rate': 0.056316736650617406}. Best is trial 63 with value: 13.339756965637207.
LOCAL_RANK: 0 - CUDA_VISIBLE_DEVICES: [0]
[I 2023-11-29 23:58:26,815] Trial 143 finished with value: 28.56751823425293 and parameters: {'gradient_clip_val': 0.7458936420383209, 'hidden_size': 76, 'dropout': 0.18445248044344253, 'hidden_continuous_size': 28, 'attention_head_size': 1, 'learning_rate': 0.05450726045517942}. Best is trial 63 with value: 13.339756965637207.
LOCAL_RANK: 0 - CUDA_VISIBLE_DEVICES: [0]
[I 2023-11-29 23:58:40,412] Trial 144 finished with value: 25.111528396606445 and parameters: {'gradient_clip_val': 0.6599968892440347, 'hidden_size': 86, 'dropout': 0.21152986483944242, 'hidden_continuous_size': 30, 'attention_head_size': 1, 'learning_rate': 0.05146187367299082}. Best is trial 63 with value: 13.339756965637207.
LOCAL_RANK: 0 - CUDA_VISIBLE_DEVICES: [0]
[I 2023-11-29 23:58:54,285] Trial 145 finished with value: 22.24286460876465 and parameters: {'gradient_clip_val': 0.7284855514523919, 'hidden_size': 92, 'dropout': 0.19095679581151387, 'hidden_continuous_size': 45, 'attention_head_size': 1, 'learning_rate': 0.05841734303354736}. Best is trial 63 with value: 13.339756965637207.
LOCAL_RANK: 0 - CUDA_VISIBLE_DEVICES: [0]
[I 2023-11-29 23:59:07,681] Trial 146 finished with value: 19.394851684570312 and parameters: {'gradient_clip_val': 0.8425520756912344, 'hidden_size': 70, 'dropout': 0.15130785145273068, 'hidden_continuous_size': 19, 'attention_head_size': 1, 'learning_rate': 0.06466190018742439}. Best is trial 63 with value: 13.339756965637207.
LOCAL_RANK: 0 - CUDA_VISIBLE_DEVICES: [0]
[I 2023-11-29 23:59:21,440] Trial 147 finished with value: 16.230417251586914 and parameters: {'gradient_clip_val': 0.789053889134033, 'hidden_size': 99, 'dropout': 0.20611475232640647, 'hidden_continuous_size': 16, 'attention_head_size': 1, 'learning_rate': 0.04210596157176543}. Best is trial 63 with value: 13.339756965637207.
LOCAL_RANK: 0 - CUDA_VISIBLE_DEVICES: [0]
[I 2023-11-29 23:59:35,249] Trial 148 finished with value: 29.70769691467285 and parameters: {'gradient_clip_val': 0.8886163246870333, 'hidden_size': 79, 'dropout': 0.170749483070288, 'hidden_continuous_size': 29, 'attention_head_size': 4, 'learning_rate': 0.0894941285220185}. Best is trial 63 with value: 13.339756965637207.
LOCAL_RANK: 0 - CUDA_VISIBLE_DEVICES: [0]
