[I 2023-11-30 16:05:59,211] Trial 60 finished with value: 8514.4677734375 and parameters: {'gradient_clip_val': 0.45771871438589584, 'hidden_size': 48, 'dropout': 0.10173409542708232, 'hidden_continuous_size': 26, 'attention_head_size': 3, 'learning_rate': 0.010115569244285612}. Best is trial 49 with value: 6181.10791015625.
LOCAL_RANK: 0 - CUDA_VISIBLE_DEVICES: [0]
[I 2023-11-30 16:06:13,992] Trial 61 finished with value: 9027.0126953125 and parameters: {'gradient_clip_val': 0.5238236539995157, 'hidden_size': 56, 'dropout': 0.13518402999412926, 'hidden_continuous_size': 23, 'attention_head_size': 3, 'learning_rate': 0.008306005999279019}. Best is trial 49 with value: 6181.10791015625.
LOCAL_RANK: 0 - CUDA_VISIBLE_DEVICES: [0]
[I 2023-11-30 16:06:28,406] Trial 62 finished with value: 8418.9208984375 and parameters: {'gradient_clip_val': 0.39864387663181644, 'hidden_size': 65, 'dropout': 0.15030311403493044, 'hidden_continuous_size': 25, 'attention_head_size': 3, 'learning_rate': 0.01265134865572}. Best is trial 49 with value: 6181.10791015625.
LOCAL_RANK: 0 - CUDA_VISIBLE_DEVICES: [0]
[I 2023-11-30 16:06:42,932] Trial 63 finished with value: 8506.640625 and parameters: {'gradient_clip_val': 0.4394838028538348, 'hidden_size': 62, 'dropout': 0.181849270291148, 'hidden_continuous_size': 30, 'attention_head_size': 3, 'learning_rate': 0.01622722834271465}. Best is trial 49 with value: 6181.10791015625.
LOCAL_RANK: 0 - CUDA_VISIBLE_DEVICES: [0]
[I 2023-11-30 16:06:56,754] Trial 64 finished with value: 8157.38427734375 and parameters: {'gradient_clip_val': 0.5702314255238219, 'hidden_size': 51, 'dropout': 0.13490541505535916, 'hidden_continuous_size': 20, 'attention_head_size': 3, 'learning_rate': 0.011469830234910902}. Best is trial 49 with value: 6181.10791015625.
LOCAL_RANK: 0 - CUDA_VISIBLE_DEVICES: [0]
[I 2023-11-30 16:07:11,055] Trial 65 finished with value: 8819.0224609375 and parameters: {'gradient_clip_val': 0.45254998195874535, 'hidden_size': 56, 'dropout': 0.16658110248119729, 'hidden_continuous_size': 33, 'attention_head_size': 3, 'learning_rate': 0.01418370474095026}. Best is trial 49 with value: 6181.10791015625.
LOCAL_RANK: 0 - CUDA_VISIBLE_DEVICES: [0]
[I 2023-11-30 16:07:24,223] Trial 66 finished with value: 14334.34375 and parameters: {'gradient_clip_val': 0.5005539298812209, 'hidden_size': 12, 'dropout': 0.1582684674510289, 'hidden_continuous_size': 11, 'attention_head_size': 2, 'learning_rate': 0.009989763510272292}. Best is trial 49 with value: 6181.10791015625.
LOCAL_RANK: 0 - CUDA_VISIBLE_DEVICES: [0]
[I 2023-11-30 16:07:37,637] Trial 67 finished with value: 9471.9716796875 and parameters: {'gradient_clip_val': 0.3552531361277491, 'hidden_size': 44, 'dropout': 0.11855367892838259, 'hidden_continuous_size': 19, 'attention_head_size': 4, 'learning_rate': 0.024724136618739564}. Best is trial 49 with value: 6181.10791015625.
LOCAL_RANK: 0 - CUDA_VISIBLE_DEVICES: [0]
[I 2023-11-30 16:07:51,469] Trial 68 finished with value: 8539.0048828125 and parameters: {'gradient_clip_val': 0.6585428387687875, 'hidden_size': 35, 'dropout': 0.17142749268544116, 'hidden_continuous_size': 21, 'attention_head_size': 3, 'learning_rate': 0.007546432364636653}. Best is trial 49 with value: 6181.10791015625.
LOCAL_RANK: 0 - CUDA_VISIBLE_DEVICES: [0]
[I 2023-11-30 16:08:05,583] Trial 69 finished with value: 8205.4453125 and parameters: {'gradient_clip_val': 0.40183872146730504, 'hidden_size': 38, 'dropout': 0.18975608434414276, 'hidden_continuous_size': 28, 'attention_head_size': 4, 'learning_rate': 0.01884773025703544}. Best is trial 49 with value: 6181.10791015625.
LOCAL_RANK: 0 - CUDA_VISIBLE_DEVICES: [0]
[I 2023-11-30 16:08:19,681] Trial 70 finished with value: 8178.63037109375 and parameters: {'gradient_clip_val': 0.5576277323966906, 'hidden_size': 51, 'dropout': 0.14526706684174606, 'hidden_continuous_size': 17, 'attention_head_size': 2, 'learning_rate': 0.009130280647983633}. Best is trial 49 with value: 6181.10791015625.
LOCAL_RANK: 0 - CUDA_VISIBLE_DEVICES: [0]
[I 2023-11-30 16:08:32,795] Trial 71 finished with value: 9100.0849609375 and parameters: {'gradient_clip_val': 0.41421953082741864, 'hidden_size': 29, 'dropout': 0.1264866215653852, 'hidden_continuous_size': 18, 'attention_head_size': 2, 'learning_rate': 0.010941751692133166}. Best is trial 49 with value: 6181.10791015625.
LOCAL_RANK: 0 - CUDA_VISIBLE_DEVICES: [0]
[I 2023-11-30 16:08:45,743] Trial 72 finished with value: 8972.857421875 and parameters: {'gradient_clip_val': 0.4775467651776518, 'hidden_size': 21, 'dropout': 0.11192782462533822, 'hidden_continuous_size': 19, 'attention_head_size': 1, 'learning_rate': 0.011811378143978743}. Best is trial 49 with value: 6181.10791015625.
LOCAL_RANK: 0 - CUDA_VISIBLE_DEVICES: [0]
[I 2023-11-30 16:08:59,096] Trial 73 finished with value: 10142.7470703125 and parameters: {'gradient_clip_val': 0.43740578433260374, 'hidden_size': 25, 'dropout': 0.12167475956632526, 'hidden_continuous_size': 17, 'attention_head_size': 2, 'learning_rate': 0.01381507090211492}. Best is trial 49 with value: 6181.10791015625.
LOCAL_RANK: 0 - CUDA_VISIBLE_DEVICES: [0]
[I 2023-11-30 16:09:12,278] Trial 74 finished with value: 7876.67578125 and parameters: {'gradient_clip_val': 0.5163757082585588, 'hidden_size': 30, 'dropout': 0.13777412794797156, 'hidden_continuous_size': 18, 'attention_head_size': 2, 'learning_rate': 0.009634217808888481}. Best is trial 49 with value: 6181.10791015625.
LOCAL_RANK: 0 - CUDA_VISIBLE_DEVICES: [0]
[I 2023-11-30 16:09:26,621] Trial 75 finished with value: 8835.96484375 and parameters: {'gradient_clip_val': 0.38882902848743733, 'hidden_size': 33, 'dropout': 0.10002134044410352, 'hidden_continuous_size': 19, 'attention_head_size': 2, 'learning_rate': 0.017426013926832205}. Best is trial 49 with value: 6181.10791015625.
LOCAL_RANK: 0 - CUDA_VISIBLE_DEVICES: [0]
[I 2023-11-30 16:09:40,672] Trial 76 finished with value: 8167.734375 and parameters: {'gradient_clip_val': 0.38329646852941485, 'hidden_size': 41, 'dropout': 0.13241716263982803, 'hidden_continuous_size': 16, 'attention_head_size': 3, 'learning_rate': 0.011017399628358562}. Best is trial 49 with value: 6181.10791015625.
LOCAL_RANK: 0 - CUDA_VISIBLE_DEVICES: [0]
[I 2023-11-30 16:09:54,568] Trial 77 finished with value: 9421.3828125 and parameters: {'gradient_clip_val': 0.339994631957108, 'hidden_size': 31, 'dropout': 0.15864671316287493, 'hidden_continuous_size': 20, 'attention_head_size': 3, 'learning_rate': 0.00678115327640594}. Best is trial 49 with value: 6181.10791015625.
LOCAL_RANK: 0 - CUDA_VISIBLE_DEVICES: [0]
[I 2023-11-30 16:10:08,241] Trial 78 finished with value: 9480.7421875 and parameters: {'gradient_clip_val': 0.621090529859629, 'hidden_size': 26, 'dropout': 0.11128952395469317, 'hidden_continuous_size': 23, 'attention_head_size': 2, 'learning_rate': 0.012725274013103145}. Best is trial 49 with value: 6181.10791015625.
LOCAL_RANK: 0 - CUDA_VISIBLE_DEVICES: [0]
[I 2023-11-30 16:10:23,168] Trial 79 finished with value: 7345.27880859375 and parameters: {'gradient_clip_val': 0.4652374082120765, 'hidden_size': 58, 'dropout': 0.1765071391032636, 'hidden_continuous_size': 39, 'attention_head_size': 3, 'learning_rate': 0.015828883658292946}. Best is trial 49 with value: 6181.10791015625.
LOCAL_RANK: 0 - CUDA_VISIBLE_DEVICES: [0]
[I 2023-11-30 16:10:37,771] Trial 80 finished with value: 8441.5888671875 and parameters: {'gradient_clip_val': 0.5356794581643397, 'hidden_size': 59, 'dropout': 0.17434685706209313, 'hidden_continuous_size': 40, 'attention_head_size': 3, 'learning_rate': 0.015922782817513647}. Best is trial 49 with value: 6181.10791015625.
LOCAL_RANK: 0 - CUDA_VISIBLE_DEVICES: [0]
[I 2023-11-30 16:10:52,640] Trial 81 finished with value: 8799.0 and parameters: {'gradient_clip_val': 0.4238623450156825, 'hidden_size': 67, 'dropout': 0.15287902837387377, 'hidden_continuous_size': 43, 'attention_head_size': 3, 'learning_rate': 0.013389252127873993}. Best is trial 49 with value: 6181.10791015625.
LOCAL_RANK: 0 - CUDA_VISIBLE_DEVICES: [0]
[I 2023-11-30 16:11:06,753] Trial 82 finished with value: 7676.22509765625 and parameters: {'gradient_clip_val': 0.4595889863838744, 'hidden_size': 47, 'dropout': 0.20114966607011103, 'hidden_continuous_size': 32, 'attention_head_size': 3, 'learning_rate': 0.010182524845096262}. Best is trial 49 with value: 6181.10791015625.
LOCAL_RANK: 0 - CUDA_VISIBLE_DEVICES: [0]
[I 2023-11-30 16:11:20,999] Trial 83 finished with value: 8017.71337890625 and parameters: {'gradient_clip_val': 0.4906792179568883, 'hidden_size': 54, 'dropout': 0.18077912601940427, 'hidden_continuous_size': 35, 'attention_head_size': 3, 'learning_rate': 0.008593469111673977}. Best is trial 49 with value: 6181.10791015625.
LOCAL_RANK: 0 - CUDA_VISIBLE_DEVICES: [0]
[I 2023-11-30 16:11:35,880] Trial 84 finished with value: 8606.32421875 and parameters: {'gradient_clip_val': 0.41094408919309816, 'hidden_size': 60, 'dropout': 0.12106793144364827, 'hidden_continuous_size': 58, 'attention_head_size': 3, 'learning_rate': 0.02060279186636351}. Best is trial 49 with value: 6181.10791015625.
LOCAL_RANK: 0 - CUDA_VISIBLE_DEVICES: [0]
[I 2023-11-30 16:11:50,251] Trial 85 finished with value: 8651.8232421875 and parameters: {'gradient_clip_val': 0.37915433644206153, 'hidden_size': 70, 'dropout': 0.1433823125514476, 'hidden_continuous_size': 15, 'attention_head_size': 4, 'learning_rate': 0.011887269582454417}. Best is trial 49 with value: 6181.10791015625.
LOCAL_RANK: 0 - CUDA_VISIBLE_DEVICES: [0]
[I 2023-11-30 16:12:03,931] Trial 86 finished with value: 7916.78369140625 and parameters: {'gradient_clip_val': 0.4572778259654815, 'hidden_size': 28, 'dropout': 0.12879294630678417, 'hidden_continuous_size': 22, 'attention_head_size': 3, 'learning_rate': 0.017204557878347463}. Best is trial 49 with value: 6181.10791015625.
LOCAL_RANK: 0 - CUDA_VISIBLE_DEVICES: [0]
[I 2023-11-30 16:12:17,473] Trial 87 finished with value: 7461.13671875 and parameters: {'gradient_clip_val': 0.5198381711230076, 'hidden_size': 49, 'dropout': 0.14689069636470306, 'hidden_continuous_size': 21, 'attention_head_size': 2, 'learning_rate': 0.015177527278438185}. Best is trial 49 with value: 6181.10791015625.
LOCAL_RANK: 0 - CUDA_VISIBLE_DEVICES: [0]
[I 2023-11-30 16:12:32,107] Trial 88 finished with value: 8780.4521484375 and parameters: {'gradient_clip_val': 0.59746901774358, 'hidden_size': 50, 'dropout': 0.15160145552120746, 'hidden_continuous_size': 23, 'attention_head_size': 3, 'learning_rate': 0.022854582796947315}. Best is trial 49 with value: 6181.10791015625.
LOCAL_RANK: 0 - CUDA_VISIBLE_DEVICES: [0]
[I 2023-11-30 16:12:46,582] Trial 89 finished with value: 10032.9423828125 and parameters: {'gradient_clip_val': 0.5490975387375525, 'hidden_size': 46, 'dropout': 0.17657644775052111, 'hidden_continuous_size': 27, 'attention_head_size': 4, 'learning_rate': 0.01519315608670435}. Best is trial 49 with value: 6181.10791015625.
LOCAL_RANK: 0 - CUDA_VISIBLE_DEVICES: [0]
[I 2023-11-30 16:13:00,904] Trial 90 finished with value: 8501.9208984375 and parameters: {'gradient_clip_val': 0.5053314548106207, 'hidden_size': 54, 'dropout': 0.1628963330671959, 'hidden_continuous_size': 25, 'attention_head_size': 3, 'learning_rate': 0.018988402097863226}. Best is trial 49 with value: 6181.10791015625.
LOCAL_RANK: 0 - CUDA_VISIBLE_DEVICES: [0]
