[I 2023-11-29 21:52:31,548] Trial 15 finished with value: 16.308645248413086 and parameters: {'gradient_clip_val': 0.24502772077696913, 'hidden_size': 22, 'dropout': 0.10717278565537944, 'hidden_continuous_size': 13, 'attention_head_size': 3, 'learning_rate': 0.05955970930740027}. Best is trial 1 with value: 7.698519229888916.
LOCAL_RANK: 0 - CUDA_VISIBLE_DEVICES: [0]
[I 2023-11-29 21:52:44,766] Trial 16 finished with value: 11.00634765625 and parameters: {'gradient_clip_val': 0.3958295268121185, 'hidden_size': 51, 'dropout': 0.15666298468552148, 'hidden_continuous_size': 27, 'attention_head_size': 2, 'learning_rate': 0.023765136383139065}. Best is trial 1 with value: 7.698519229888916.
LOCAL_RANK: 0 - CUDA_VISIBLE_DEVICES: [0]
[I 2023-11-29 21:52:57,621] Trial 17 finished with value: 7.592735290527344 and parameters: {'gradient_clip_val': 0.14526023187544498, 'hidden_size': 33, 'dropout': 0.20240019742975107, 'hidden_continuous_size': 19, 'attention_head_size': 3, 'learning_rate': 0.09748892748347178}. Best is trial 17 with value: 7.592735290527344.
LOCAL_RANK: 0 - CUDA_VISIBLE_DEVICES: [0]
[I 2023-11-29 21:53:10,738] Trial 18 finished with value: 9.00403118133545 and parameters: {'gradient_clip_val': 0.10267461369293703, 'hidden_size': 51, 'dropout': 0.20591742905640345, 'hidden_continuous_size': 14, 'attention_head_size': 3, 'learning_rate': 0.05718362104154551}. Best is trial 17 with value: 7.592735290527344.
LOCAL_RANK: 0 - CUDA_VISIBLE_DEVICES: [0]
[I 2023-11-29 21:53:23,649] Trial 19 finished with value: 11.950522422790527 and parameters: {'gradient_clip_val': 0.138539587357849, 'hidden_size': 34, 'dropout': 0.14843897768899111, 'hidden_continuous_size': 18, 'attention_head_size': 4, 'learning_rate': 0.033431731600244305}. Best is trial 17 with value: 7.592735290527344.
LOCAL_RANK: 0 - CUDA_VISIBLE_DEVICES: [0]
[I 2023-11-29 21:53:36,001] Trial 20 finished with value: 11.689468383789062 and parameters: {'gradient_clip_val': 0.13898972604695933, 'hidden_size': 19, 'dropout': 0.10074445653710597, 'hidden_continuous_size': 12, 'attention_head_size': 3, 'learning_rate': 0.011261231163846265}. Best is trial 17 with value: 7.592735290527344.
LOCAL_RANK: 0 - CUDA_VISIBLE_DEVICES: [0]
[I 2023-11-29 21:53:48,587] Trial 21 finished with value: 11.580268859863281 and parameters: {'gradient_clip_val': 0.18651884592234108, 'hidden_size': 33, 'dropout': 0.20086539334035305, 'hidden_continuous_size': 20, 'attention_head_size': 2, 'learning_rate': 0.0744309996619795}. Best is trial 17 with value: 7.592735290527344.
LOCAL_RANK: 0 - CUDA_VISIBLE_DEVICES: [0]
[I 2023-11-29 21:54:01,259] Trial 22 finished with value: 12.278350830078125 and parameters: {'gradient_clip_val': 0.2244399439230704, 'hidden_size': 29, 'dropout': 0.16120023894694233, 'hidden_continuous_size': 17, 'attention_head_size': 3, 'learning_rate': 0.09511428706937845}. Best is trial 17 with value: 7.592735290527344.
LOCAL_RANK: 0 - CUDA_VISIBLE_DEVICES: [0]
[I 2023-11-29 21:54:14,279] Trial 23 finished with value: 13.787044525146484 and parameters: {'gradient_clip_val': 0.17606992370417268, 'hidden_size': 39, 'dropout': 0.21467845954935214, 'hidden_continuous_size': 20, 'attention_head_size': 2, 'learning_rate': 0.04774943965883176}. Best is trial 17 with value: 7.592735290527344.
LOCAL_RANK: 0 - CUDA_VISIBLE_DEVICES: [0]
[I 2023-11-29 21:54:26,906] Trial 24 finished with value: 7.983331203460693 and parameters: {'gradient_clip_val': 0.12612270196465108, 'hidden_size': 27, 'dropout': 0.16733397949927017, 'hidden_continuous_size': 16, 'attention_head_size': 3, 'learning_rate': 0.06618460782104284}. Best is trial 17 with value: 7.592735290527344.
LOCAL_RANK: 0 - CUDA_VISIBLE_DEVICES: [0]
[I 2023-11-29 21:54:39,292] Trial 25 finished with value: 7.756347179412842 and parameters: {'gradient_clip_val': 0.12520533845632825, 'hidden_size': 19, 'dropout': 0.1684651762356296, 'hidden_continuous_size': 15, 'attention_head_size': 3, 'learning_rate': 0.06240801721504542}. Best is trial 17 with value: 7.592735290527344.
LOCAL_RANK: 0 - CUDA_VISIBLE_DEVICES: [0]
[I 2023-11-29 21:54:49,840] Trial 26 finished with value: 6.715858459472656 and parameters: {'gradient_clip_val': 0.10117138194359636, 'hidden_size': 10, 'dropout': 0.12914471940967787, 'hidden_continuous_size': 10, 'attention_head_size': 4, 'learning_rate': 0.04191772243047313}. Best is trial 26 with value: 6.715858459472656.
LOCAL_RANK: 0 - CUDA_VISIBLE_DEVICES: [0]
[I 2023-11-29 21:55:02,302] Trial 27 finished with value: 9.45787525177002 and parameters: {'gradient_clip_val': 0.1009125318400163, 'hidden_size': 14, 'dropout': 0.12879779127025576, 'hidden_continuous_size': 11, 'attention_head_size': 4, 'learning_rate': 0.04147404413061593}. Best is trial 26 with value: 6.715858459472656.
LOCAL_RANK: 0 - CUDA_VISIBLE_DEVICES: [0]
[I 2023-11-29 21:55:12,727] Trial 28 finished with value: 7.01370096206665 and parameters: {'gradient_clip_val': 0.16038190495456528, 'hidden_size': 10, 'dropout': 0.14270843309880424, 'hidden_continuous_size': 10, 'attention_head_size': 4, 'learning_rate': 0.032081986673459045}. Best is trial 26 with value: 6.715858459472656.
LOCAL_RANK: 0 - CUDA_VISIBLE_DEVICES: [0]
[I 2023-11-29 21:55:23,007] Trial 29 finished with value: 10.049565315246582 and parameters: {'gradient_clip_val': 0.1565062093403612, 'hidden_size': 10, 'dropout': 0.14908567355438104, 'hidden_continuous_size': 10, 'attention_head_size': 4, 'learning_rate': 0.026053086235345437}. Best is trial 26 with value: 6.715858459472656.
LOCAL_RANK: 0 - CUDA_VISIBLE_DEVICES: [0]
[I 2023-11-29 21:55:35,442] Trial 30 finished with value: 5.679605960845947 and parameters: {'gradient_clip_val': 0.10265910288617895, 'hidden_size': 11, 'dropout': 0.12213689467001695, 'hidden_continuous_size': 10, 'attention_head_size': 4, 'learning_rate': 0.020999507735351402}. Best is trial 30 with value: 5.679605960845947.
LOCAL_RANK: 0 - CUDA_VISIBLE_DEVICES: [0]
[I 2023-11-29 21:55:45,933] Trial 31 finished with value: 9.495692253112793 and parameters: {'gradient_clip_val': 0.104038362918156, 'hidden_size': 10, 'dropout': 0.12299593468554251, 'hidden_continuous_size': 10, 'attention_head_size': 4, 'learning_rate': 0.021072778966291894}. Best is trial 30 with value: 5.679605960845947.
LOCAL_RANK: 0 - CUDA_VISIBLE_DEVICES: [0]
[I 2023-11-29 21:55:58,046] Trial 32 finished with value: 8.64698314666748 and parameters: {'gradient_clip_val': 0.12303195748165852, 'hidden_size': 12, 'dropout': 0.10324415013928347, 'hidden_continuous_size': 10, 'attention_head_size': 4, 'learning_rate': 0.032338705535138776}. Best is trial 30 with value: 5.679605960845947.
LOCAL_RANK: 0 - CUDA_VISIBLE_DEVICES: [0]
[I 2023-11-29 21:56:08,522] Trial 33 finished with value: 8.75986385345459 and parameters: {'gradient_clip_val': 0.13873409310753168, 'hidden_size': 10, 'dropout': 0.14391540957817725, 'hidden_continuous_size': 10, 'attention_head_size': 4, 'learning_rate': 0.027294058922546705}. Best is trial 30 with value: 5.679605960845947.
LOCAL_RANK: 0 - CUDA_VISIBLE_DEVICES: [0]
[I 2023-11-29 21:56:20,903] Trial 34 finished with value: 12.499293327331543 and parameters: {'gradient_clip_val': 0.11252848161667213, 'hidden_size': 13, 'dropout': 0.12460253984694519, 'hidden_continuous_size': 11, 'attention_head_size': 4, 'learning_rate': 0.042536673895006705}. Best is trial 30 with value: 5.679605960845947.
LOCAL_RANK: 0 - CUDA_VISIBLE_DEVICES: [0]
[I 2023-11-29 21:56:33,375] Trial 35 finished with value: 15.983120918273926 and parameters: {'gradient_clip_val': 0.10087939877916756, 'hidden_size': 17, 'dropout': 0.14426418851332634, 'hidden_continuous_size': 11, 'attention_head_size': 4, 'learning_rate': 0.019038016633038612}. Best is trial 30 with value: 5.679605960845947.
LOCAL_RANK: 0 - CUDA_VISIBLE_DEVICES: [0]
[I 2023-11-29 21:56:45,502] Trial 36 finished with value: 7.194902420043945 and parameters: {'gradient_clip_val': 0.16921631954377925, 'hidden_size': 12, 'dropout': 0.11653516064593418, 'hidden_continuous_size': 10, 'attention_head_size': 4, 'learning_rate': 0.03289143222899572}. Best is trial 30 with value: 5.679605960845947.
LOCAL_RANK: 0 - CUDA_VISIBLE_DEVICES: [0]
[I 2023-11-29 21:56:57,724] Trial 37 finished with value: 8.242371559143066 and parameters: {'gradient_clip_val': 0.16868343000437896, 'hidden_size': 11, 'dropout': 0.11532608384866805, 'hidden_continuous_size': 10, 'attention_head_size': 4, 'learning_rate': 0.03174993244159067}. Best is trial 30 with value: 5.679605960845947.
LOCAL_RANK: 0 - CUDA_VISIBLE_DEVICES: [0]
[I 2023-11-29 21:57:09,939] Trial 38 finished with value: 9.24328327178955 and parameters: {'gradient_clip_val': 0.1709203031326124, 'hidden_size': 12, 'dropout': 0.13599922553434332, 'hidden_continuous_size': 10, 'attention_head_size': 4, 'learning_rate': 0.015743417521934568}. Best is trial 30 with value: 5.679605960845947.
LOCAL_RANK: 0 - CUDA_VISIBLE_DEVICES: [0]
[I 2023-11-29 21:57:22,231] Trial 39 finished with value: 9.17775821685791 and parameters: {'gradient_clip_val': 0.13047354063641406, 'hidden_size': 14, 'dropout': 0.101197830751619, 'hidden_continuous_size': 10, 'attention_head_size': 4, 'learning_rate': 0.023726086997118017}. Best is trial 30 with value: 5.679605960845947.
LOCAL_RANK: 0 - CUDA_VISIBLE_DEVICES: [0]
[I 2023-11-29 21:57:34,435] Trial 40 finished with value: 7.0473246574401855 and parameters: {'gradient_clip_val': 0.1222173126820447, 'hidden_size': 11, 'dropout': 0.11926992867648803, 'hidden_continuous_size': 10, 'attention_head_size': 4, 'learning_rate': 0.03685215883994883}. Best is trial 30 with value: 5.679605960845947.
LOCAL_RANK: 0 - CUDA_VISIBLE_DEVICES: [0]
[I 2023-11-29 21:57:46,683] Trial 41 finished with value: 6.919429302215576 and parameters: {'gradient_clip_val': 0.11627597256224093, 'hidden_size': 11, 'dropout': 0.12181077900275958, 'hidden_continuous_size': 10, 'attention_head_size': 4, 'learning_rate': 0.03760755812815979}. Best is trial 30 with value: 5.679605960845947.
LOCAL_RANK: 0 - CUDA_VISIBLE_DEVICES: [0]
[I 2023-11-29 21:57:57,133] Trial 42 finished with value: 6.739332675933838 and parameters: {'gradient_clip_val': 0.1155292070270112, 'hidden_size': 10, 'dropout': 0.13348082287653198, 'hidden_continuous_size': 10, 'attention_head_size': 4, 'learning_rate': 0.048804539600065845}. Best is trial 30 with value: 5.679605960845947.
LOCAL_RANK: 0 - CUDA_VISIBLE_DEVICES: [0]
[I 2023-11-29 21:58:07,822] Trial 43 finished with value: 6.415693283081055 and parameters: {'gradient_clip_val': 0.1121065961112384, 'hidden_size': 10, 'dropout': 0.13537249621911582, 'hidden_continuous_size': 10, 'attention_head_size': 4, 'learning_rate': 0.050585948928086454}. Best is trial 30 with value: 5.679605960845947.
LOCAL_RANK: 0 - CUDA_VISIBLE_DEVICES: [0]
[I 2023-11-29 21:58:20,131] Trial 44 finished with value: 5.036022663116455 and parameters: {'gradient_clip_val': 0.11408507420521477, 'hidden_size': 16, 'dropout': 0.1580124273413619, 'hidden_continuous_size': 11, 'attention_head_size': 4, 'learning_rate': 0.05021947866007655}. Best is trial 44 with value: 5.036022663116455.
LOCAL_RANK: 0 - CUDA_VISIBLE_DEVICES: [0]
[I 2023-11-29 21:58:32,252] Trial 45 finished with value: 11.721908569335938 and parameters: {'gradient_clip_val': 0.11330706231138783, 'hidden_size': 16, 'dropout': 0.15632256754821566, 'hidden_continuous_size': 11, 'attention_head_size': 4, 'learning_rate': 0.05314629959178674}. Best is trial 44 with value: 5.036022663116455.
LOCAL_RANK: 0 - CUDA_VISIBLE_DEVICES: [0]
[I 2023-11-29 21:58:44,499] Trial 46 finished with value: 8.720157623291016 and parameters: {'gradient_clip_val': 0.11145390788828144, 'hidden_size': 14, 'dropout': 0.13439429459048213, 'hidden_continuous_size': 11, 'attention_head_size': 4, 'learning_rate': 0.0474019800344961}. Best is trial 44 with value: 5.036022663116455.
LOCAL_RANK: 0 - CUDA_VISIBLE_DEVICES: [0]
[I 2023-11-29 21:58:56,696] Trial 47 finished with value: 7.716390132904053 and parameters: {'gradient_clip_val': 0.13329827294709007, 'hidden_size': 13, 'dropout': 0.1814928168156393, 'hidden_continuous_size': 10, 'attention_head_size': 4, 'learning_rate': 0.07185618457636497}. Best is trial 44 with value: 5.036022663116455.
LOCAL_RANK: 0 - CUDA_VISIBLE_DEVICES: [0]
[I 2023-11-29 21:59:09,061] Trial 48 finished with value: 7.827423095703125 and parameters: {'gradient_clip_val': 0.1508453841975775, 'hidden_size': 16, 'dropout': 0.16225645904579522, 'hidden_continuous_size': 11, 'attention_head_size': 4, 'learning_rate': 0.04873376351643083}. Best is trial 44 with value: 5.036022663116455.
LOCAL_RANK: 0 - CUDA_VISIBLE_DEVICES: [0]
[I 2023-11-29 21:59:19,180] Trial 49 finished with value: 6.815626621246338 and parameters: {'gradient_clip_val': 0.11089772659981904, 'hidden_size': 10, 'dropout': 0.13189723372207485, 'hidden_continuous_size': 10, 'attention_head_size': 1, 'learning_rate': 0.07460469061499253}. Best is trial 44 with value: 5.036022663116455.
LOCAL_RANK: 0 - CUDA_VISIBLE_DEVICES: [0]
[I 2023-11-29 21:59:31,518] Trial 50 finished with value: 7.527929782867432 and parameters: {'gradient_clip_val': 0.10081868014443618, 'hidden_size': 13, 'dropout': 0.1871670535164237, 'hidden_continuous_size': 10, 'attention_head_size': 4, 'learning_rate': 0.055583854687427506}. Best is trial 44 with value: 5.036022663116455.
LOCAL_RANK: 0 - CUDA_VISIBLE_DEVICES: [0]
[I 2023-11-29 21:59:41,605] Trial 51 finished with value: 9.617358207702637 and parameters: {'gradient_clip_val': 0.11163448555079522, 'hidden_size': 10, 'dropout': 0.13510359254483933, 'hidden_continuous_size': 10, 'attention_head_size': 1, 'learning_rate': 0.08006037914321175}. Best is trial 44 with value: 5.036022663116455.
LOCAL_RANK: 0 - CUDA_VISIBLE_DEVICES: [0]
[I 2023-11-29 21:59:53,718] Trial 52 finished with value: 8.18643569946289 and parameters: {'gradient_clip_val': 0.13036378359346773, 'hidden_size': 11, 'dropout': 0.15567362938229193, 'hidden_continuous_size': 10, 'attention_head_size': 1, 'learning_rate': 0.06703649509731589}. Best is trial 44 with value: 5.036022663116455.
LOCAL_RANK: 0 - CUDA_VISIBLE_DEVICES: [0]
[I 2023-11-29 22:00:05,733] Trial 53 finished with value: 9.283234596252441 and parameters: {'gradient_clip_val': 0.11090820499635759, 'hidden_size': 11, 'dropout': 0.11224552022392018, 'hidden_continuous_size': 10, 'attention_head_size': 1, 'learning_rate': 0.07918151075240215}. Best is trial 44 with value: 5.036022663116455.
LOCAL_RANK: 0 - CUDA_VISIBLE_DEVICES: [0]
[I 2023-11-29 22:00:18,140] Trial 54 finished with value: 8.599638938903809 and parameters: {'gradient_clip_val': 0.14713258344365632, 'hidden_size': 15, 'dropout': 0.1751161589065954, 'hidden_continuous_size': 12, 'attention_head_size': 3, 'learning_rate': 0.0436009606219752}. Best is trial 44 with value: 5.036022663116455.
LOCAL_RANK: 0 - CUDA_VISIBLE_DEVICES: [0]
[I 2023-11-29 22:00:30,315] Trial 55 finished with value: 11.717567443847656 and parameters: {'gradient_clip_val': 0.12047810183234181, 'hidden_size': 12, 'dropout': 0.13092613826393892, 'hidden_continuous_size': 10, 'attention_head_size': 4, 'learning_rate': 0.055250563312376565}. Best is trial 44 with value: 5.036022663116455.
LOCAL_RANK: 0 - CUDA_VISIBLE_DEVICES: [0]
[I 2023-11-29 22:00:40,657] Trial 56 finished with value: 5.93953275680542 and parameters: {'gradient_clip_val': 0.1389476537679517, 'hidden_size': 10, 'dropout': 0.14898212757565393, 'hidden_continuous_size': 10, 'attention_head_size': 3, 'learning_rate': 0.06440342735514198}. Best is trial 44 with value: 5.036022663116455.
LOCAL_RANK: 0 - CUDA_VISIBLE_DEVICES: [0]
[I 2023-11-29 22:00:53,080] Trial 57 finished with value: 11.57520580291748 and parameters: {'gradient_clip_val': 0.14023822467285313, 'hidden_size': 13, 'dropout': 0.1497274801230588, 'hidden_continuous_size': 11, 'attention_head_size': 3, 'learning_rate': 0.03933912465122252}. Best is trial 44 with value: 5.036022663116455.
LOCAL_RANK: 0 - CUDA_VISIBLE_DEVICES: [0]
[I 2023-11-29 22:01:05,451] Trial 58 finished with value: 11.112918853759766 and parameters: {'gradient_clip_val': 0.12856787440724787, 'hidden_size': 18, 'dropout': 0.170681059661732, 'hidden_continuous_size': 12, 'attention_head_size': 3, 'learning_rate': 0.04788016721008552}. Best is trial 44 with value: 5.036022663116455.
LOCAL_RANK: 0 - CUDA_VISIBLE_DEVICES: [0]
[I 2023-11-29 22:01:17,760] Trial 59 finished with value: 8.155342102050781 and parameters: {'gradient_clip_val': 0.10008947642615669, 'hidden_size': 15, 'dropout': 0.10842529349702294, 'hidden_continuous_size': 11, 'attention_head_size': 4, 'learning_rate': 0.06026282523930368}. Best is trial 44 with value: 5.036022663116455.
LOCAL_RANK: 0 - CUDA_VISIBLE_DEVICES: [0]
[I 2023-11-29 22:01:30,072] Trial 60 finished with value: 9.929465293884277 and parameters: {'gradient_clip_val': 0.12032167232480898, 'hidden_size': 11, 'dropout': 0.14101257815788457, 'hidden_continuous_size': 10, 'attention_head_size': 4, 'learning_rate': 0.02892084677136056}. Best is trial 44 with value: 5.036022663116455.
LOCAL_RANK: 0 - CUDA_VISIBLE_DEVICES: [0]
[I 2023-11-29 22:01:40,308] Trial 61 finished with value: 8.777512550354004 and parameters: {'gradient_clip_val': 0.10558024780943534, 'hidden_size': 10, 'dropout': 0.1345598437180226, 'hidden_continuous_size': 10, 'attention_head_size': 2, 'learning_rate': 0.08592406227635592}. Best is trial 44 with value: 5.036022663116455.
LOCAL_RANK: 0 - CUDA_VISIBLE_DEVICES: [0]
[I 2023-11-29 22:01:50,759] Trial 62 finished with value: 6.958992004394531 and parameters: {'gradient_clip_val': 0.10987858050565591, 'hidden_size': 10, 'dropout': 0.1257507766205682, 'hidden_continuous_size': 10, 'attention_head_size': 4, 'learning_rate': 0.06438166929320491}. Best is trial 44 with value: 5.036022663116455.
LOCAL_RANK: 0 - CUDA_VISIBLE_DEVICES: [0]
[I 2023-11-29 22:02:02,950] Trial 63 finished with value: 6.438385009765625 and parameters: {'gradient_clip_val': 0.11898167042956803, 'hidden_size': 12, 'dropout': 0.1556729961385805, 'hidden_continuous_size': 10, 'attention_head_size': 3, 'learning_rate': 0.07358663485477321}. Best is trial 44 with value: 5.036022663116455.
LOCAL_RANK: 0 - CUDA_VISIBLE_DEVICES: [0]
[I 2023-11-29 22:02:14,953] Trial 64 finished with value: 14.125958442687988 and parameters: {'gradient_clip_val': 0.1193490602794535, 'hidden_size': 12, 'dropout': 0.15749873813755955, 'hidden_continuous_size': 10, 'attention_head_size': 3, 'learning_rate': 0.05546045130182515}. Best is trial 44 with value: 5.036022663116455.
LOCAL_RANK: 0 - CUDA_VISIBLE_DEVICES: [0]
[I 2023-11-29 22:02:27,309] Trial 65 finished with value: 4.579531192779541 and parameters: {'gradient_clip_val': 0.14360358589609015, 'hidden_size': 22, 'dropout': 0.16530877281997866, 'hidden_continuous_size': 13, 'attention_head_size': 3, 'learning_rate': 0.08783356286995057}. Best is trial 65 with value: 4.579531192779541.
LOCAL_RANK: 0 - CUDA_VISIBLE_DEVICES: [0]
[I 2023-11-29 22:02:39,794] Trial 66 finished with value: 9.229469299316406 and parameters: {'gradient_clip_val': 0.14661060303914752, 'hidden_size': 21, 'dropout': 0.19432982552041309, 'hidden_continuous_size': 13, 'attention_head_size': 3, 'learning_rate': 0.08770651990877829}. Best is trial 65 with value: 4.579531192779541.
LOCAL_RANK: 0 - CUDA_VISIBLE_DEVICES: [0]
[I 2023-11-29 22:02:52,156] Trial 67 finished with value: 9.214938163757324 and parameters: {'gradient_clip_val': 0.1367338667128861, 'hidden_size': 17, 'dropout': 0.16787124584024923, 'hidden_continuous_size': 14, 'attention_head_size': 3, 'learning_rate': 0.09351649191011091}. Best is trial 65 with value: 4.579531192779541.
LOCAL_RANK: 0 - CUDA_VISIBLE_DEVICES: [0]
[I 2023-11-29 22:03:04,617] Trial 68 finished with value: 10.839149475097656 and parameters: {'gradient_clip_val': 0.18509782002427114, 'hidden_size': 21, 'dropout': 0.17579392086838785, 'hidden_continuous_size': 12, 'attention_head_size': 3, 'learning_rate': 0.0683261826155008}. Best is trial 65 with value: 4.579531192779541.
LOCAL_RANK: 0 - CUDA_VISIBLE_DEVICES: [0]
[I 2023-11-29 22:03:16,886] Trial 69 finished with value: 8.75848388671875 and parameters: {'gradient_clip_val': 0.131428345644789, 'hidden_size': 14, 'dropout': 0.1501400223798668, 'hidden_continuous_size': 12, 'attention_head_size': 3, 'learning_rate': 0.04328859067857833}. Best is trial 65 with value: 4.579531192779541.
LOCAL_RANK: 0 - CUDA_VISIBLE_DEVICES: [0]
[I 2023-11-29 22:03:29,058] Trial 70 finished with value: 7.453281402587891 and parameters: {'gradient_clip_val': 0.16117900414901104, 'hidden_size': 20, 'dropout': 0.16037974908848526, 'hidden_continuous_size': 13, 'attention_head_size': 2, 'learning_rate': 0.08067391874164759}. Best is trial 65 with value: 4.579531192779541.
LOCAL_RANK: 0 - CUDA_VISIBLE_DEVICES: [0]
[I 2023-11-29 22:03:41,302] Trial 71 finished with value: 12.125779151916504 and parameters: {'gradient_clip_val': 0.10806641056682652, 'hidden_size': 24, 'dropout': 0.11046876089783297, 'hidden_continuous_size': 11, 'attention_head_size': 3, 'learning_rate': 0.060008920888824265}. Best is trial 65 with value: 4.579531192779541.
LOCAL_RANK: 0 - CUDA_VISIBLE_DEVICES: [0]
[I 2023-11-29 22:03:53,635] Trial 72 finished with value: 8.815301895141602 and parameters: {'gradient_clip_val': 0.12610952892523317, 'hidden_size': 11, 'dropout': 0.14143919530212756, 'hidden_continuous_size': 10, 'attention_head_size': 4, 'learning_rate': 0.07170951065073879}. Best is trial 65 with value: 4.579531192779541.
LOCAL_RANK: 0 - CUDA_VISIBLE_DEVICES: [0]
[I 2023-11-29 22:04:06,326] Trial 73 finished with value: 7.814830780029297 and parameters: {'gradient_clip_val': 0.11797037103490098, 'hidden_size': 13, 'dropout': 0.14782969168075574, 'hidden_continuous_size': 12, 'attention_head_size': 3, 'learning_rate': 0.05111853183741689}. Best is trial 65 with value: 4.579531192779541.
LOCAL_RANK: 0 - CUDA_VISIBLE_DEVICES: [0]
