[I 2023-11-29 22:28:09,463] Trial 40 finished with value: 12.388012886047363 and parameters: {'gradient_clip_val': 0.20304284627128197, 'hidden_size': 23, 'dropout': 0.16687971896209036, 'hidden_continuous_size': 14, 'attention_head_size': 4, 'learning_rate': 0.0076934671428687375}. Best is trial 16 with value: 8.581562995910645.
LOCAL_RANK: 0 - CUDA_VISIBLE_DEVICES: [0]
[I 2023-11-29 22:28:22,252] Trial 41 finished with value: 12.521659851074219 and parameters: {'gradient_clip_val': 0.4868343987266724, 'hidden_size': 48, 'dropout': 0.16539545553168805, 'hidden_continuous_size': 18, 'attention_head_size': 2, 'learning_rate': 0.024882280012745533}. Best is trial 16 with value: 8.581562995910645.
LOCAL_RANK: 0 - CUDA_VISIBLE_DEVICES: [0]
[I 2023-11-29 22:28:34,934] Trial 42 finished with value: 10.244831085205078 and parameters: {'gradient_clip_val': 0.42991479992738496, 'hidden_size': 48, 'dropout': 0.14292228484967304, 'hidden_continuous_size': 17, 'attention_head_size': 2, 'learning_rate': 0.012487765818750569}. Best is trial 16 with value: 8.581562995910645.
LOCAL_RANK: 0 - CUDA_VISIBLE_DEVICES: [0]
[I 2023-11-29 22:28:48,366] Trial 43 finished with value: 9.84264087677002 and parameters: {'gradient_clip_val': 0.36693675002752474, 'hidden_size': 61, 'dropout': 0.1139591751515068, 'hidden_continuous_size': 19, 'attention_head_size': 2, 'learning_rate': 0.014647193698153493}. Best is trial 16 with value: 8.581562995910645.
LOCAL_RANK: 0 - CUDA_VISIBLE_DEVICES: [0]
[I 2023-11-29 22:29:01,998] Trial 44 finished with value: 9.71956729888916 and parameters: {'gradient_clip_val': 0.51643514827359, 'hidden_size': 73, 'dropout': 0.14726732655681918, 'hidden_continuous_size': 20, 'attention_head_size': 2, 'learning_rate': 0.01019663712993843}. Best is trial 16 with value: 8.581562995910645.
LOCAL_RANK: 0 - CUDA_VISIBLE_DEVICES: [0]
[I 2023-11-29 22:29:15,673] Trial 45 finished with value: 10.428335189819336 and parameters: {'gradient_clip_val': 0.6938661042520714, 'hidden_size': 86, 'dropout': 0.1793312670939222, 'hidden_continuous_size': 16, 'attention_head_size': 2, 'learning_rate': 0.005534975850674933}. Best is trial 16 with value: 8.581562995910645.
LOCAL_RANK: 0 - CUDA_VISIBLE_DEVICES: [0]
[I 2023-11-29 22:29:28,628] Trial 46 finished with value: 11.581812858581543 and parameters: {'gradient_clip_val': 0.5728106546669245, 'hidden_size': 53, 'dropout': 0.20523529174237298, 'hidden_continuous_size': 13, 'attention_head_size': 1, 'learning_rate': 0.018136782970910682}. Best is trial 16 with value: 8.581562995910645.
LOCAL_RANK: 0 - CUDA_VISIBLE_DEVICES: [0]
[I 2023-11-29 22:29:41,018] Trial 47 finished with value: 14.500805854797363 and parameters: {'gradient_clip_val': 0.33595243318354523, 'hidden_size': 17, 'dropout': 0.16393497316653133, 'hidden_continuous_size': 10, 'attention_head_size': 3, 'learning_rate': 0.007662490130796796}. Best is trial 16 with value: 8.581562995910645.
LOCAL_RANK: 0 - CUDA_VISIBLE_DEVICES: [0]
[I 2023-11-29 22:29:54,032] Trial 48 finished with value: 11.059654235839844 and parameters: {'gradient_clip_val': 0.7262385021184568, 'hidden_size': 45, 'dropout': 0.12866611079176765, 'hidden_continuous_size': 18, 'attention_head_size': 1, 'learning_rate': 0.0044522000032409074}. Best is trial 16 with value: 8.581562995910645.
LOCAL_RANK: 0 - CUDA_VISIBLE_DEVICES: [0]
[I 2023-11-29 22:30:07,561] Trial 49 finished with value: 9.265937805175781 and parameters: {'gradient_clip_val': 0.3912015158016675, 'hidden_size': 74, 'dropout': 0.21757292723134788, 'hidden_continuous_size': 21, 'attention_head_size': 2, 'learning_rate': 0.003154360933175223}. Best is trial 16 with value: 8.581562995910645.
LOCAL_RANK: 0 - CUDA_VISIBLE_DEVICES: [0]
[I 2023-11-29 22:30:21,439] Trial 50 finished with value: 9.912881851196289 and parameters: {'gradient_clip_val': 0.3981131306281758, 'hidden_size': 108, 'dropout': 0.21827760310926603, 'hidden_continuous_size': 25, 'attention_head_size': 2, 'learning_rate': 0.0030052120760550266}. Best is trial 16 with value: 8.581562995910645.
LOCAL_RANK: 0 - CUDA_VISIBLE_DEVICES: [0]
[I 2023-11-29 22:30:34,982] Trial 51 finished with value: 9.75239372253418 and parameters: {'gradient_clip_val': 0.4641370978512987, 'hidden_size': 82, 'dropout': 0.1930859590521056, 'hidden_continuous_size': 21, 'attention_head_size': 2, 'learning_rate': 0.005127809039866043}. Best is trial 16 with value: 8.581562995910645.
LOCAL_RANK: 0 - CUDA_VISIBLE_DEVICES: [0]
[I 2023-11-29 22:30:48,479] Trial 52 finished with value: 9.536023139953613 and parameters: {'gradient_clip_val': 0.5263358348439772, 'hidden_size': 70, 'dropout': 0.17085656975086927, 'hidden_continuous_size': 22, 'attention_head_size': 2, 'learning_rate': 0.0038020991291681863}. Best is trial 16 with value: 8.581562995910645.
LOCAL_RANK: 0 - CUDA_VISIBLE_DEVICES: [0]
[I 2023-11-29 22:31:02,156] Trial 53 finished with value: 9.186241149902344 and parameters: {'gradient_clip_val': 0.3978528789706378, 'hidden_size': 77, 'dropout': 0.14217158109020198, 'hidden_continuous_size': 17, 'attention_head_size': 2, 'learning_rate': 0.002580400965045028}. Best is trial 16 with value: 8.581562995910645.
LOCAL_RANK: 0 - CUDA_VISIBLE_DEVICES: [0]
[I 2023-11-29 22:31:15,685] Trial 54 finished with value: 9.815163612365723 and parameters: {'gradient_clip_val': 0.424355416814157, 'hidden_size': 89, 'dropout': 0.1437681305948534, 'hidden_continuous_size': 15, 'attention_head_size': 2, 'learning_rate': 0.0026264900555295696}. Best is trial 16 with value: 8.581562995910645.
LOCAL_RANK: 0 - CUDA_VISIBLE_DEVICES: [0]
[I 2023-11-29 22:31:29,051] Trial 55 finished with value: 11.928730964660645 and parameters: {'gradient_clip_val': 0.3742012762537148, 'hidden_size': 77, 'dropout': 0.11409633131037039, 'hidden_continuous_size': 28, 'attention_head_size': 2, 'learning_rate': 0.0018750290396468891}. Best is trial 16 with value: 8.581562995910645.
LOCAL_RANK: 0 - CUDA_VISIBLE_DEVICES: [0]
[I 2023-11-29 22:31:42,125] Trial 56 finished with value: 11.164237976074219 and parameters: {'gradient_clip_val': 0.3106695070123196, 'hidden_size': 64, 'dropout': 0.13035724965032364, 'hidden_continuous_size': 14, 'attention_head_size': 3, 'learning_rate': 0.0032515016735506666}. Best is trial 16 with value: 8.581562995910645.
LOCAL_RANK: 0 - CUDA_VISIBLE_DEVICES: [0]
[I 2023-11-29 22:31:55,815] Trial 57 finished with value: 12.970458984375 and parameters: {'gradient_clip_val': 0.3457893986299129, 'hidden_size': 109, 'dropout': 0.1832503017602342, 'hidden_continuous_size': 17, 'attention_head_size': 1, 'learning_rate': 0.0013543036091388685}. Best is trial 16 with value: 8.581562995910645.
LOCAL_RANK: 0 - CUDA_VISIBLE_DEVICES: [0]
[I 2023-11-29 22:32:09,580] Trial 58 finished with value: 10.455876350402832 and parameters: {'gradient_clip_val': 0.2770172582816585, 'hidden_size': 90, 'dropout': 0.10753735102077502, 'hidden_continuous_size': 20, 'attention_head_size': 2, 'learning_rate': 0.0038383396727161537}. Best is trial 16 with value: 8.581562995910645.
LOCAL_RANK: 0 - CUDA_VISIBLE_DEVICES: [0]
[I 2023-11-29 22:32:22,793] Trial 59 finished with value: 10.991646766662598 and parameters: {'gradient_clip_val': 0.40498754429248174, 'hidden_size': 73, 'dropout': 0.23799809069151673, 'hidden_continuous_size': 13, 'attention_head_size': 1, 'learning_rate': 0.0028337227734217137}. Best is trial 16 with value: 8.581562995910645.
LOCAL_RANK: 0 - CUDA_VISIBLE_DEVICES: [0]
[I 2023-11-29 22:32:35,881] Trial 60 finished with value: 11.400500297546387 and parameters: {'gradient_clip_val': 0.6310541681265865, 'hidden_size': 60, 'dropout': 0.13680443162180544, 'hidden_continuous_size': 16, 'attention_head_size': 2, 'learning_rate': 0.0021485046407599484}. Best is trial 16 with value: 8.581562995910645.
LOCAL_RANK: 0 - CUDA_VISIBLE_DEVICES: [0]
[I 2023-11-29 22:32:49,424] Trial 61 finished with value: 10.37237548828125 and parameters: {'gradient_clip_val': 0.4464361895378015, 'hidden_size': 81, 'dropout': 0.15822560218564669, 'hidden_continuous_size': 18, 'attention_head_size': 2, 'learning_rate': 0.00593506304262606}. Best is trial 16 with value: 8.581562995910645.
LOCAL_RANK: 0 - CUDA_VISIBLE_DEVICES: [0]
[I 2023-11-29 22:33:02,731] Trial 62 finished with value: 11.106732368469238 and parameters: {'gradient_clip_val': 0.539127662369472, 'hidden_size': 69, 'dropout': 0.14959324824025946, 'hidden_continuous_size': 15, 'attention_head_size': 2, 'learning_rate': 0.003521107242717011}. Best is trial 16 with value: 8.581562995910645.
LOCAL_RANK: 0 - CUDA_VISIBLE_DEVICES: [0]
[I 2023-11-29 22:33:16,077] Trial 63 finished with value: 9.470436096191406 and parameters: {'gradient_clip_val': 0.4862473125912436, 'hidden_size': 51, 'dropout': 0.12641205930415897, 'hidden_continuous_size': 17, 'attention_head_size': 3, 'learning_rate': 0.007115210422362225}. Best is trial 16 with value: 8.581562995910645.
LOCAL_RANK: 0 - CUDA_VISIBLE_DEVICES: [0]
[I 2023-11-29 22:33:29,188] Trial 64 finished with value: 10.968295097351074 and parameters: {'gradient_clip_val': 0.32901198029562206, 'hidden_size': 62, 'dropout': 0.17534630220717365, 'hidden_continuous_size': 12, 'attention_head_size': 2, 'learning_rate': 0.004613032103112028}. Best is trial 16 with value: 8.581562995910645.
LOCAL_RANK: 0 - CUDA_VISIBLE_DEVICES: [0]
[I 2023-11-29 22:33:42,406] Trial 65 finished with value: 13.7274808883667 and parameters: {'gradient_clip_val': 0.4668150765007231, 'hidden_size': 57, 'dropout': 0.16236262305759958, 'hidden_continuous_size': 18, 'attention_head_size': 2, 'learning_rate': 0.002542597472135278}. Best is trial 16 with value: 8.581562995910645.
LOCAL_RANK: 0 - CUDA_VISIBLE_DEVICES: [0]
[I 2023-11-29 22:33:55,872] Trial 66 finished with value: 12.221405982971191 and parameters: {'gradient_clip_val': 0.37642765564741193, 'hidden_size': 78, 'dropout': 0.19830434334751623, 'hidden_continuous_size': 14, 'attention_head_size': 2, 'learning_rate': 0.0016770511986107604}. Best is trial 16 with value: 8.581562995910645.
LOCAL_RANK: 0 - CUDA_VISIBLE_DEVICES: [0]
[I 2023-11-29 22:34:09,313] Trial 67 finished with value: 9.885527610778809 and parameters: {'gradient_clip_val': 0.4093062864158207, 'hidden_size': 68, 'dropout': 0.1392425704363683, 'hidden_continuous_size': 23, 'attention_head_size': 2, 'learning_rate': 0.005937699397714987}. Best is trial 16 with value: 8.581562995910645.
LOCAL_RANK: 0 - CUDA_VISIBLE_DEVICES: [0]
[I 2023-11-29 22:34:22,311] Trial 68 finished with value: 8.917255401611328 and parameters: {'gradient_clip_val': 0.56049493215098, 'hidden_size': 43, 'dropout': 0.15491357745207365, 'hidden_continuous_size': 19, 'attention_head_size': 1, 'learning_rate': 0.008532226347324244}. Best is trial 16 with value: 8.581562995910645.
LOCAL_RANK: 0 - CUDA_VISIBLE_DEVICES: [0]
[I 2023-11-29 22:34:35,880] Trial 69 finished with value: 10.041604042053223 and parameters: {'gradient_clip_val': 0.5932062587590555, 'hidden_size': 94, 'dropout': 0.15262424500754282, 'hidden_continuous_size': 20, 'attention_head_size': 1, 'learning_rate': 0.009027878673140349}. Best is trial 16 with value: 8.581562995910645.
LOCAL_RANK: 0 - CUDA_VISIBLE_DEVICES: [0]
[I 2023-11-29 22:34:48,650] Trial 70 finished with value: 10.35621166229248 and parameters: {'gradient_clip_val': 0.659938902562642, 'hidden_size': 43, 'dropout': 0.18366758176277204, 'hidden_continuous_size': 19, 'attention_head_size': 1, 'learning_rate': 0.00685688535880353}. Best is trial 16 with value: 8.581562995910645.
LOCAL_RANK: 0 - CUDA_VISIBLE_DEVICES: [0]
[I 2023-11-29 22:35:01,613] Trial 71 finished with value: 11.425642967224121 and parameters: {'gradient_clip_val': 0.5534996879287617, 'hidden_size': 52, 'dropout': 0.17044346286921552, 'hidden_continuous_size': 21, 'attention_head_size': 1, 'learning_rate': 0.009560753027288104}. Best is trial 16 with value: 8.581562995910645.
LOCAL_RANK: 0 - CUDA_VISIBLE_DEVICES: [0]
[I 2023-11-29 22:35:14,691] Trial 72 finished with value: 10.514090538024902 and parameters: {'gradient_clip_val': 0.4806735935658315, 'hidden_size': 58, 'dropout': 0.15435046848407724, 'hidden_continuous_size': 16, 'attention_head_size': 1, 'learning_rate': 0.011672574776726709}. Best is trial 16 with value: 8.581562995910645.
LOCAL_RANK: 0 - CUDA_VISIBLE_DEVICES: [0]
[I 2023-11-29 22:35:27,628] Trial 73 finished with value: 12.5972900390625 and parameters: {'gradient_clip_val': 0.5062204362013778, 'hidden_size': 38, 'dropout': 0.12312265787929509, 'hidden_continuous_size': 11, 'attention_head_size': 2, 'learning_rate': 0.003199112961659547}. Best is trial 16 with value: 8.581562995910645.
LOCAL_RANK: 0 - CUDA_VISIBLE_DEVICES: [0]
[I 2023-11-29 22:35:40,631] Trial 74 finished with value: 9.665989875793457 and parameters: {'gradient_clip_val': 0.5818725330050155, 'hidden_size': 47, 'dropout': 0.14259701917258988, 'hidden_continuous_size': 17, 'attention_head_size': 2, 'learning_rate': 0.008216421419523686}. Best is trial 16 with value: 8.581562995910645.
LOCAL_RANK: 0 - CUDA_VISIBLE_DEVICES: [0]
[I 2023-11-29 22:35:53,485] Trial 75 finished with value: 10.434138298034668 and parameters: {'gradient_clip_val': 0.43551153497165607, 'hidden_size': 64, 'dropout': 0.10887548874136524, 'hidden_continuous_size': 10, 'attention_head_size': 1, 'learning_rate': 0.0043532442224464675}. Best is trial 16 with value: 8.581562995910645.
LOCAL_RANK: 0 - CUDA_VISIBLE_DEVICES: [0]
[I 2023-11-29 22:36:06,376] Trial 76 finished with value: 8.912420272827148 and parameters: {'gradient_clip_val': 0.7825961313121403, 'hidden_size': 41, 'dropout': 0.16080889078471453, 'hidden_continuous_size': 18, 'attention_head_size': 2, 'learning_rate': 0.010626878129551195}. Best is trial 16 with value: 8.581562995910645.
LOCAL_RANK: 0 - CUDA_VISIBLE_DEVICES: [0]
[I 2023-11-29 22:36:19,102] Trial 77 finished with value: 9.71352767944336 and parameters: {'gradient_clip_val': 0.7774345479032949, 'hidden_size': 33, 'dropout': 0.13512863773493963, 'hidden_continuous_size': 19, 'attention_head_size': 2, 'learning_rate': 0.010560625968556694}. Best is trial 16 with value: 8.581562995910645.
LOCAL_RANK: 0 - CUDA_VISIBLE_DEVICES: [0]
[I 2023-11-29 22:36:31,869] Trial 78 finished with value: 10.941596984863281 and parameters: {'gradient_clip_val': 0.7079246019961362, 'hidden_size': 43, 'dropout': 0.1589176421013462, 'hidden_continuous_size': 15, 'attention_head_size': 1, 'learning_rate': 0.007007521511825476}. Best is trial 16 with value: 8.581562995910645.
LOCAL_RANK: 0 - CUDA_VISIBLE_DEVICES: [0]
[I 2023-11-29 22:36:45,290] Trial 79 finished with value: 9.805251121520996 and parameters: {'gradient_clip_val': 0.8126002077742742, 'hidden_size': 74, 'dropout': 0.1463997194717153, 'hidden_continuous_size': 13, 'attention_head_size': 2, 'learning_rate': 0.00973981987002082}. Best is trial 16 with value: 8.581562995910645.
LOCAL_RANK: 0 - CUDA_VISIBLE_DEVICES: [0]
[I 2023-11-29 22:36:58,409] Trial 80 finished with value: 12.483786582946777 and parameters: {'gradient_clip_val': 0.6412469383759279, 'hidden_size': 51, 'dropout': 0.12143258255060903, 'hidden_continuous_size': 16, 'attention_head_size': 3, 'learning_rate': 0.0051708376704360836}. Best is trial 16 with value: 8.581562995910645.
LOCAL_RANK: 0 - CUDA_VISIBLE_DEVICES: [0]
[I 2023-11-29 22:37:11,069] Trial 81 finished with value: 9.890519142150879 and parameters: {'gradient_clip_val': 0.6131904575816357, 'hidden_size': 40, 'dropout': 0.16750471792270655, 'hidden_continuous_size': 18, 'attention_head_size': 2, 'learning_rate': 0.013329864410535554}. Best is trial 16 with value: 8.581562995910645.
LOCAL_RANK: 0 - CUDA_VISIBLE_DEVICES: [0]
[I 2023-11-29 22:37:24,228] Trial 82 finished with value: 12.305325508117676 and parameters: {'gradient_clip_val': 0.6936824954887524, 'hidden_size': 55, 'dropout': 0.1804562629280172, 'hidden_continuous_size': 17, 'attention_head_size': 2, 'learning_rate': 0.0023145541071948215}. Best is trial 16 with value: 8.581562995910645.
LOCAL_RANK: 0 - CUDA_VISIBLE_DEVICES: [0]
[I 2023-11-29 22:37:37,294] Trial 83 finished with value: 10.7393217086792 and parameters: {'gradient_clip_val': 0.5207800885352818, 'hidden_size': 45, 'dropout': 0.17561373806027414, 'hidden_continuous_size': 20, 'attention_head_size': 2, 'learning_rate': 0.008175137076849182}. Best is trial 16 with value: 8.581562995910645.
LOCAL_RANK: 0 - CUDA_VISIBLE_DEVICES: [0]
[I 2023-11-29 22:37:50,026] Trial 84 finished with value: 10.647469520568848 and parameters: {'gradient_clip_val': 0.557011979864682, 'hidden_size': 36, 'dropout': 0.16406567815720613, 'hidden_continuous_size': 18, 'attention_head_size': 2, 'learning_rate': 0.005876785989911188}. Best is trial 16 with value: 8.581562995910645.
LOCAL_RANK: 0 - CUDA_VISIBLE_DEVICES: [0]
[I 2023-11-29 22:38:03,593] Trial 85 finished with value: 13.355578422546387 and parameters: {'gradient_clip_val': 0.7561230971165837, 'hidden_size': 85, 'dropout': 0.13099642316919097, 'hidden_continuous_size': 23, 'attention_head_size': 2, 'learning_rate': 0.01559566915343898}. Best is trial 16 with value: 8.581562995910645.
LOCAL_RANK: 0 - CUDA_VISIBLE_DEVICES: [0]
[I 2023-11-29 22:38:16,846] Trial 86 finished with value: 11.025421142578125 and parameters: {'gradient_clip_val': 0.4597937641670419, 'hidden_size': 65, 'dropout': 0.152291777597545, 'hidden_continuous_size': 14, 'attention_head_size': 2, 'learning_rate': 0.011317248490646602}. Best is trial 16 with value: 8.581562995910645.
LOCAL_RANK: 0 - CUDA_VISIBLE_DEVICES: [0]
[I 2023-11-29 22:38:30,081] Trial 87 finished with value: 11.737800598144531 and parameters: {'gradient_clip_val': 0.6077524728321985, 'hidden_size': 59, 'dropout': 0.1883529767977143, 'hidden_continuous_size': 19, 'attention_head_size': 2, 'learning_rate': 0.002836344180640743}. Best is trial 16 with value: 8.581562995910645.
LOCAL_RANK: 0 - CUDA_VISIBLE_DEVICES: [0]
[I 2023-11-29 22:38:42,867] Trial 88 finished with value: 10.941108703613281 and parameters: {'gradient_clip_val': 0.6582689116047639, 'hidden_size': 48, 'dropout': 0.14527928466674567, 'hidden_continuous_size': 11, 'attention_head_size': 1, 'learning_rate': 0.006492042622209153}. Best is trial 16 with value: 8.581562995910645.
LOCAL_RANK: 0 - CUDA_VISIBLE_DEVICES: [0]
[I 2023-11-29 22:38:56,242] Trial 89 finished with value: 10.944975852966309 and parameters: {'gradient_clip_val': 0.35803345517264784, 'hidden_size': 71, 'dropout': 0.16102103286658406, 'hidden_continuous_size': 15, 'attention_head_size': 2, 'learning_rate': 0.0077146035154954575}. Best is trial 16 with value: 8.581562995910645.
LOCAL_RANK: 0 - CUDA_VISIBLE_DEVICES: [0]
[I 2023-11-29 22:39:09,510] Trial 90 finished with value: 11.373330116271973 and parameters: {'gradient_clip_val': 0.5074372095780921, 'hidden_size': 55, 'dropout': 0.1376308297774709, 'hidden_continuous_size': 21, 'attention_head_size': 4, 'learning_rate': 0.00910311770290064}. Best is trial 16 with value: 8.581562995910645.
LOCAL_RANK: 0 - CUDA_VISIBLE_DEVICES: [0]
[I 2023-11-29 22:39:22,449] Trial 91 finished with value: 11.76165771484375 and parameters: {'gradient_clip_val': 0.4773272994204896, 'hidden_size': 42, 'dropout': 0.1213934100010989, 'hidden_continuous_size': 17, 'attention_head_size': 3, 'learning_rate': 0.0041192007877055205}. Best is trial 16 with value: 8.581562995910645.
LOCAL_RANK: 0 - CUDA_VISIBLE_DEVICES: [0]
[I 2023-11-29 22:39:35,627] Trial 92 finished with value: 8.660134315490723 and parameters: {'gradient_clip_val': 0.4258134147632848, 'hidden_size': 51, 'dropout': 0.12937213350463855, 'hidden_continuous_size': 17, 'attention_head_size': 3, 'learning_rate': 0.00516174233821398}. Best is trial 16 with value: 8.581562995910645.
LOCAL_RANK: 0 - CUDA_VISIBLE_DEVICES: [0]
[I 2023-11-29 22:39:48,723] Trial 93 finished with value: 9.03491497039795 and parameters: {'gradient_clip_val': 0.3936069155982927, 'hidden_size': 50, 'dropout': 0.10189315336756755, 'hidden_continuous_size': 16, 'attention_head_size': 2, 'learning_rate': 0.005551405192927476}. Best is trial 16 with value: 8.581562995910645.
LOCAL_RANK: 0 - CUDA_VISIBLE_DEVICES: [0]
[I 2023-11-29 22:40:01,658] Trial 94 finished with value: 9.485808372497559 and parameters: {'gradient_clip_val': 0.4043604321952228, 'hidden_size': 52, 'dropout': 0.10468907866983036, 'hidden_continuous_size': 15, 'attention_head_size': 3, 'learning_rate': 0.004873448914834644}. Best is trial 16 with value: 8.581562995910645.
LOCAL_RANK: 0 - CUDA_VISIBLE_DEVICES: [0]
[I 2023-11-29 22:40:14,772] Trial 95 finished with value: 9.47093391418457 and parameters: {'gradient_clip_val': 0.38282482320005573, 'hidden_size': 49, 'dropout': 0.11468344228944996, 'hidden_continuous_size': 16, 'attention_head_size': 3, 'learning_rate': 0.005484176255408343}. Best is trial 16 with value: 8.581562995910645.
LOCAL_RANK: 0 - CUDA_VISIBLE_DEVICES: [0]
[I 2023-11-29 22:40:28,304] Trial 96 finished with value: 11.103716850280762 and parameters: {'gradient_clip_val': 0.4234162825121967, 'hidden_size': 79, 'dropout': 0.10985246621581102, 'hidden_continuous_size': 12, 'attention_head_size': 3, 'learning_rate': 0.0035677947670448174}. Best is trial 16 with value: 8.581562995910645.
LOCAL_RANK: 0 - CUDA_VISIBLE_DEVICES: [0]
[I 2023-11-29 22:40:41,550] Trial 97 finished with value: 9.501726150512695 and parameters: {'gradient_clip_val': 0.2918523248566415, 'hidden_size': 68, 'dropout': 0.13009409998293592, 'hidden_continuous_size': 16, 'attention_head_size': 2, 'learning_rate': 0.006437317511709728}. Best is trial 16 with value: 8.581562995910645.
LOCAL_RANK: 0 - CUDA_VISIBLE_DEVICES: [0]
[I 2023-11-29 22:40:54,945] Trial 98 finished with value: 10.490982055664062 and parameters: {'gradient_clip_val': 0.35352528968710634, 'hidden_size': 60, 'dropout': 0.10277414031966631, 'hidden_continuous_size': 20, 'attention_head_size': 2, 'learning_rate': 0.007263959737108292}. Best is trial 16 with value: 8.581562995910645.
LOCAL_RANK: 0 - CUDA_VISIBLE_DEVICES: [0]
