[I 2023-11-30 14:43:09,645] Trial 9 finished with value: 14.069193840026855 and parameters: {'gradient_clip_val': 0.36742028766180385, 'hidden_size': 16, 'dropout': 0.37409996579005644, 'hidden_continuous_size': 16, 'attention_head_size': 1, 'learning_rate': 0.012745814211684412}. Best is trial 3 with value: 6.586217403411865.
LOCAL_RANK: 0 - CUDA_VISIBLE_DEVICES: [0]
[I 2023-11-30 14:43:24,835] Trial 10 finished with value: 6.573873043060303 and parameters: {'gradient_clip_val': 0.9760763533642961, 'hidden_size': 141, 'dropout': 0.2055933203041775, 'hidden_continuous_size': 80, 'attention_head_size': 4, 'learning_rate': 0.027799201045396467}. Best is trial 10 with value: 6.573873043060303.
LOCAL_RANK: 0 - CUDA_VISIBLE_DEVICES: [0]
[I 2023-11-30 14:43:39,781] Trial 11 finished with value: 6.170387268066406 and parameters: {'gradient_clip_val': 0.9879965723572751, 'hidden_size': 136, 'dropout': 0.19375982387891322, 'hidden_continuous_size': 87, 'attention_head_size': 4, 'learning_rate': 0.021537742566452113}. Best is trial 11 with value: 6.170387268066406.
LOCAL_RANK: 0 - CUDA_VISIBLE_DEVICES: [0]
[I 2023-11-30 14:43:55,208] Trial 12 finished with value: 8.591107368469238 and parameters: {'gradient_clip_val': 0.9783680830149748, 'hidden_size': 147, 'dropout': 0.2030080140434086, 'hidden_continuous_size': 109, 'attention_head_size': 4, 'learning_rate': 0.028760221120930813}. Best is trial 11 with value: 6.170387268066406.
LOCAL_RANK: 0 - CUDA_VISIBLE_DEVICES: [0]
[I 2023-11-30 14:44:10,996] Trial 13 finished with value: 7.437638759613037 and parameters: {'gradient_clip_val': 0.8624213831914591, 'hidden_size': 90, 'dropout': 0.18823411924945105, 'hidden_continuous_size': 86, 'attention_head_size': 4, 'learning_rate': 0.03051527919051427}. Best is trial 11 with value: 6.170387268066406.
LOCAL_RANK: 0 - CUDA_VISIBLE_DEVICES: [0]
[I 2023-11-30 14:44:26,302] Trial 14 finished with value: 6.5792059898376465 and parameters: {'gradient_clip_val': 0.6860715046821637, 'hidden_size': 92, 'dropout': 0.22887379815055017, 'hidden_continuous_size': 63, 'attention_head_size': 4, 'learning_rate': 0.0982891564961165}. Best is trial 11 with value: 6.170387268066406.
LOCAL_RANK: 0 - CUDA_VISIBLE_DEVICES: [0]
[I 2023-11-30 14:44:40,788] Trial 15 finished with value: 7.000633239746094 and parameters: {'gradient_clip_val': 0.971018898543474, 'hidden_size': 85, 'dropout': 0.10790210580095075, 'hidden_continuous_size': 54, 'attention_head_size': 2, 'learning_rate': 0.020377705337016758}. Best is trial 11 with value: 6.170387268066406.
LOCAL_RANK: 0 - CUDA_VISIBLE_DEVICES: [0]
[I 2023-11-30 14:44:56,683] Trial 16 finished with value: 7.133386611938477 and parameters: {'gradient_clip_val': 0.6671601648335406, 'hidden_size': 149, 'dropout': 0.15724750587222994, 'hidden_continuous_size': 136, 'attention_head_size': 4, 'learning_rate': 0.05042171297552137}. Best is trial 11 with value: 6.170387268066406.
LOCAL_RANK: 0 - CUDA_VISIBLE_DEVICES: [0]
[I 2023-11-30 14:45:11,348] Trial 17 finished with value: 6.532698154449463 and parameters: {'gradient_clip_val': 0.9789424969777547, 'hidden_size': 98, 'dropout': 0.21322473394144068, 'hidden_continuous_size': 64, 'attention_head_size': 4, 'learning_rate': 0.008851056897518039}. Best is trial 11 with value: 6.170387268066406.
LOCAL_RANK: 0 - CUDA_VISIBLE_DEVICES: [0]
[I 2023-11-30 14:45:25,729] Trial 18 finished with value: 9.334280967712402 and parameters: {'gradient_clip_val': 0.7589731580369644, 'hidden_size': 77, 'dropout': 0.23839464459003457, 'hidden_continuous_size': 47, 'attention_head_size': 2, 'learning_rate': 0.0072631351170337165}. Best is trial 11 with value: 6.170387268066406.
LOCAL_RANK: 0 - CUDA_VISIBLE_DEVICES: [0]
[I 2023-11-30 14:45:40,943] Trial 19 finished with value: 7.861325740814209 and parameters: {'gradient_clip_val': 0.6333011103235513, 'hidden_size': 105, 'dropout': 0.17984326872945622, 'hidden_continuous_size': 66, 'attention_head_size': 4, 'learning_rate': 0.004331306601579632}. Best is trial 11 with value: 6.170387268066406.
LOCAL_RANK: 0 - CUDA_VISIBLE_DEVICES: [0]
[I 2023-11-30 14:45:55,333] Trial 20 finished with value: 7.868902206420898 and parameters: {'gradient_clip_val': 0.8125025139077885, 'hidden_size': 68, 'dropout': 0.14464069808975433, 'hidden_continuous_size': 38, 'attention_head_size': 3, 'learning_rate': 0.01220428474890935}. Best is trial 11 with value: 6.170387268066406.
LOCAL_RANK: 0 - CUDA_VISIBLE_DEVICES: [0]
[I 2023-11-30 14:46:10,380] Trial 21 finished with value: 7.236701965332031 and parameters: {'gradient_clip_val': 0.9902018057996557, 'hidden_size': 109, 'dropout': 0.2161462670520019, 'hidden_continuous_size': 80, 'attention_head_size': 4, 'learning_rate': 0.017433455881442194}. Best is trial 11 with value: 6.170387268066406.
LOCAL_RANK: 0 - CUDA_VISIBLE_DEVICES: [0]
[I 2023-11-30 14:46:25,848] Trial 22 finished with value: 7.376223087310791 and parameters: {'gradient_clip_val': 0.8368928203277934, 'hidden_size': 117, 'dropout': 0.19699451487903766, 'hidden_continuous_size': 85, 'attention_head_size': 4, 'learning_rate': 0.02868591088633435}. Best is trial 11 with value: 6.170387268066406.
LOCAL_RANK: 0 - CUDA_VISIBLE_DEVICES: [0]
[I 2023-11-30 14:46:40,475] Trial 23 finished with value: 6.9760003089904785 and parameters: {'gradient_clip_val': 0.9943701918652706, 'hidden_size': 112, 'dropout': 0.21072287117952404, 'hidden_continuous_size': 60, 'attention_head_size': 4, 'learning_rate': 0.00883339231448746}. Best is trial 11 with value: 6.170387268066406.
LOCAL_RANK: 0 - CUDA_VISIBLE_DEVICES: [0]
[I 2023-11-30 14:46:56,249] Trial 24 finished with value: 7.030498504638672 and parameters: {'gradient_clip_val': 0.5974306600636957, 'hidden_size': 145, 'dropout': 0.17331064536007246, 'hidden_continuous_size': 110, 'attention_head_size': 4, 'learning_rate': 0.019547665899662323}. Best is trial 11 with value: 6.170387268066406.
LOCAL_RANK: 0 - CUDA_VISIBLE_DEVICES: [0]
[I 2023-11-30 14:47:10,822] Trial 25 finished with value: 33.144432067871094 and parameters: {'gradient_clip_val': 0.7833605397849519, 'hidden_size': 70, 'dropout': 0.2526190338900143, 'hidden_continuous_size': 49, 'attention_head_size': 3, 'learning_rate': 0.0010976960047903328}. Best is trial 11 with value: 6.170387268066406.
LOCAL_RANK: 0 - CUDA_VISIBLE_DEVICES: [0]
[I 2023-11-30 14:47:26,048] Trial 26 finished with value: 6.698863983154297 and parameters: {'gradient_clip_val': 0.8313972155412386, 'hidden_size': 102, 'dropout': 0.21363787491763184, 'hidden_continuous_size': 69, 'attention_head_size': 4, 'learning_rate': 0.013297773343061562}. Best is trial 11 with value: 6.170387268066406.
LOCAL_RANK: 0 - CUDA_VISIBLE_DEVICES: [0]
[I 2023-11-30 14:47:40,991] Trial 27 finished with value: 6.637718200683594 and parameters: {'gradient_clip_val': 0.6581036767203373, 'hidden_size': 121, 'dropout': 0.19265886422970904, 'hidden_continuous_size': 76, 'attention_head_size': 3, 'learning_rate': 0.021704622331150218}. Best is trial 11 with value: 6.170387268066406.
LOCAL_RANK: 0 - CUDA_VISIBLE_DEVICES: [0]
[I 2023-11-30 14:47:55,757] Trial 28 finished with value: 7.671413898468018 and parameters: {'gradient_clip_val': 0.47565126535534735, 'hidden_size': 90, 'dropout': 0.13115363400910449, 'hidden_continuous_size': 56, 'attention_head_size': 4, 'learning_rate': 0.010509401194429125}. Best is trial 11 with value: 6.170387268066406.
LOCAL_RANK: 0 - CUDA_VISIBLE_DEVICES: [0]
[I 2023-11-30 14:48:11,177] Trial 29 finished with value: 11.394195556640625 and parameters: {'gradient_clip_val': 0.5810342085580764, 'hidden_size': 119, 'dropout': 0.23327559327793304, 'hidden_continuous_size': 73, 'attention_head_size': 2, 'learning_rate': 0.0032668868899307225}. Best is trial 11 with value: 6.170387268066406.
LOCAL_RANK: 0 - CUDA_VISIBLE_DEVICES: [0]
[I 2023-11-30 14:48:25,663] Trial 30 finished with value: 9.360648155212402 and parameters: {'gradient_clip_val': 0.6941672530045853, 'hidden_size': 74, 'dropout': 0.16342858856188375, 'hidden_continuous_size': 52, 'attention_head_size': 4, 'learning_rate': 0.006729875882317495}. Best is trial 11 with value: 6.170387268066406.
LOCAL_RANK: 0 - CUDA_VISIBLE_DEVICES: [0]
[I 2023-11-30 14:48:40,409] Trial 31 finished with value: 7.034339427947998 and parameters: {'gradient_clip_val': 0.8727888582775494, 'hidden_size': 97, 'dropout': 0.2287504971507549, 'hidden_continuous_size': 62, 'attention_head_size': 4, 'learning_rate': 0.09108979348139282}. Best is trial 11 with value: 6.170387268066406.
LOCAL_RANK: 0 - CUDA_VISIBLE_DEVICES: [0]
[I 2023-11-30 14:48:55,593] Trial 32 finished with value: 7.544887542724609 and parameters: {'gradient_clip_val': 0.730090591412043, 'hidden_size': 129, 'dropout': 0.26213596265707656, 'hidden_continuous_size': 96, 'attention_head_size': 4, 'learning_rate': 0.0677330311233686}. Best is trial 11 with value: 6.170387268066406.
LOCAL_RANK: 0 - CUDA_VISIBLE_DEVICES: [0]
[I 2023-11-30 14:49:10,892] Trial 33 finished with value: 7.500158309936523 and parameters: {'gradient_clip_val': 0.8805685114288541, 'hidden_size': 149, 'dropout': 0.18827486707852187, 'hidden_continuous_size': 91, 'attention_head_size': 3, 'learning_rate': 0.06380908309633664}. Best is trial 11 with value: 6.170387268066406.
LOCAL_RANK: 0 - CUDA_VISIBLE_DEVICES: [0]
[I 2023-11-30 14:49:25,910] Trial 34 finished with value: 7.378030300140381 and parameters: {'gradient_clip_val': 0.7007805706922686, 'hidden_size': 96, 'dropout': 0.22272925792662976, 'hidden_continuous_size': 67, 'attention_head_size': 4, 'learning_rate': 0.041545015022392995}. Best is trial 11 with value: 6.170387268066406.
LOCAL_RANK: 0 - CUDA_VISIBLE_DEVICES: [0]
[I 2023-11-30 14:49:40,834] Trial 35 finished with value: 7.553038120269775 and parameters: {'gradient_clip_val': 0.9029641460361778, 'hidden_size': 83, 'dropout': 0.26624624021654203, 'hidden_continuous_size': 60, 'attention_head_size': 3, 'learning_rate': 0.09557833460747853}. Best is trial 11 with value: 6.170387268066406.
LOCAL_RANK: 0 - CUDA_VISIBLE_DEVICES: [0]
[I 2023-11-30 14:49:55,502] Trial 36 finished with value: 9.326377868652344 and parameters: {'gradient_clip_val': 0.7524455801532165, 'hidden_size': 122, 'dropout': 0.24196188289467288, 'hidden_continuous_size': 74, 'attention_head_size': 4, 'learning_rate': 0.06722204462480862}. Best is trial 11 with value: 6.170387268066406.
LOCAL_RANK: 0 - CUDA_VISIBLE_DEVICES: [0]
[I 2023-11-30 14:50:09,049] Trial 37 finished with value: 7.154060363769531 and parameters: {'gradient_clip_val': 0.5584062702394805, 'hidden_size': 64, 'dropout': 0.205506021568002, 'hidden_continuous_size': 45, 'attention_head_size': 3, 'learning_rate': 0.03215562148017536}. Best is trial 11 with value: 6.170387268066406.
LOCAL_RANK: 0 - CUDA_VISIBLE_DEVICES: [0]
[I 2023-11-30 14:50:23,298] Trial 38 finished with value: 6.709843158721924 and parameters: {'gradient_clip_val': 0.997836121388915, 'hidden_size': 102, 'dropout': 0.2766939359188957, 'hidden_continuous_size': 42, 'attention_head_size': 4, 'learning_rate': 0.015279576803039405}. Best is trial 11 with value: 6.170387268066406.
LOCAL_RANK: 0 - CUDA_VISIBLE_DEVICES: [0]
[I 2023-11-30 14:50:37,667] Trial 39 finished with value: 7.232470989227295 and parameters: {'gradient_clip_val': 0.6412063871281782, 'hidden_size': 136, 'dropout': 0.24978813831499327, 'hidden_continuous_size': 33, 'attention_head_size': 3, 'learning_rate': 0.023876368421022108}. Best is trial 11 with value: 6.170387268066406.
LOCAL_RANK: 0 - CUDA_VISIBLE_DEVICES: [0]
[I 2023-11-30 14:50:51,889] Trial 40 finished with value: 8.046095848083496 and parameters: {'gradient_clip_val': 0.5251621365075819, 'hidden_size': 81, 'dropout': 0.29994207650424604, 'hidden_continuous_size': 57, 'attention_head_size': 4, 'learning_rate': 0.0160506530320046}. Best is trial 11 with value: 6.170387268066406.
LOCAL_RANK: 0 - CUDA_VISIBLE_DEVICES: [0]
[I 2023-11-30 14:51:06,086] Trial 41 finished with value: 6.833524227142334 and parameters: {'gradient_clip_val': 0.7783507570366843, 'hidden_size': 129, 'dropout': 0.33808698473835685, 'hidden_continuous_size': 32, 'attention_head_size': 3, 'learning_rate': 0.009761685738940191}. Best is trial 11 with value: 6.170387268066406.
LOCAL_RANK: 0 - CUDA_VISIBLE_DEVICES: [0]
[I 2023-11-30 14:51:20,405] Trial 42 finished with value: 5.995445251464844 and parameters: {'gradient_clip_val': 0.8910317735454306, 'hidden_size': 131, 'dropout': 0.22799751169064272, 'hidden_continuous_size': 30, 'attention_head_size': 4, 'learning_rate': 0.03530190034728412}. Best is trial 42 with value: 5.995445251464844.
LOCAL_RANK: 0 - CUDA_VISIBLE_DEVICES: [0]
[I 2023-11-30 14:51:34,522] Trial 43 finished with value: 6.4247589111328125 and parameters: {'gradient_clip_val': 0.903372854454326, 'hidden_size': 106, 'dropout': 0.22032399352500975, 'hidden_continuous_size': 27, 'attention_head_size': 4, 'learning_rate': 0.04999002654737471}. Best is trial 42 with value: 5.995445251464844.
LOCAL_RANK: 0 - CUDA_VISIBLE_DEVICES: [0]
[I 2023-11-30 14:51:48,799] Trial 44 finished with value: 6.788989543914795 and parameters: {'gradient_clip_val': 0.8948502693323169, 'hidden_size': 112, 'dropout': 0.178859156421187, 'hidden_continuous_size': 27, 'attention_head_size': 4, 'learning_rate': 0.03729423446537623}. Best is trial 42 with value: 5.995445251464844.
LOCAL_RANK: 0 - CUDA_VISIBLE_DEVICES: [0]
[I 2023-11-30 14:52:02,984] Trial 45 finished with value: 8.125596046447754 and parameters: {'gradient_clip_val': 0.896526270633596, 'hidden_size': 132, 'dropout': 0.2032680716039771, 'hidden_continuous_size': 25, 'attention_head_size': 4, 'learning_rate': 0.02670133960261155}. Best is trial 42 with value: 5.995445251464844.
LOCAL_RANK: 0 - CUDA_VISIBLE_DEVICES: [0]
[I 2023-11-30 14:52:17,516] Trial 46 finished with value: 8.027194023132324 and parameters: {'gradient_clip_val': 0.7736942413785423, 'hidden_size': 150, 'dropout': 0.21838859021096851, 'hidden_continuous_size': 24, 'attention_head_size': 4, 'learning_rate': 0.037751774200364005}. Best is trial 42 with value: 5.995445251464844.
LOCAL_RANK: 0 - CUDA_VISIBLE_DEVICES: [0]
[I 2023-11-30 14:52:31,751] Trial 47 finished with value: 6.936105728149414 and parameters: {'gradient_clip_val': 0.9133637078492269, 'hidden_size': 105, 'dropout': 0.19575694315537662, 'hidden_continuous_size': 38, 'attention_head_size': 4, 'learning_rate': 0.05161947757864672}. Best is trial 42 with value: 5.995445251464844.
LOCAL_RANK: 0 - CUDA_VISIBLE_DEVICES: [0]
[I 2023-11-30 14:52:46,086] Trial 48 finished with value: 8.34361743927002 and parameters: {'gradient_clip_val': 0.8165344885907195, 'hidden_size': 131, 'dropout': 0.2310875317581657, 'hidden_continuous_size': 96, 'attention_head_size': 1, 'learning_rate': 0.023802115830569896}. Best is trial 42 with value: 5.995445251464844.
LOCAL_RANK: 0 - CUDA_VISIBLE_DEVICES: [0]
[I 2023-11-30 14:52:59,634] Trial 49 finished with value: 6.936750888824463 and parameters: {'gradient_clip_val': 0.7221521747854794, 'hidden_size': 58, 'dropout': 0.17669739653424102, 'hidden_continuous_size': 21, 'attention_head_size': 4, 'learning_rate': 0.032991242223625546}. Best is trial 42 with value: 5.995445251464844.
LOCAL_RANK: 0 - CUDA_VISIBLE_DEVICES: [0]
[I 2023-11-30 14:53:13,914] Trial 50 finished with value: 6.666619777679443 and parameters: {'gradient_clip_val': 0.9648852920648539, 'hidden_size': 90, 'dropout': 0.2172927715025379, 'hidden_continuous_size': 70, 'attention_head_size': 3, 'learning_rate': 0.05193163823252434}. Best is trial 42 with value: 5.995445251464844.
LOCAL_RANK: 0 - CUDA_VISIBLE_DEVICES: [0]
[I 2023-11-30 14:53:28,146] Trial 51 finished with value: 7.588282108306885 and parameters: {'gradient_clip_val': 0.8364296864623876, 'hidden_size': 93, 'dropout': 0.24366421973514543, 'hidden_continuous_size': 51, 'attention_head_size': 4, 'learning_rate': 0.07598163786290578}. Best is trial 42 with value: 5.995445251464844.
LOCAL_RANK: 0 - CUDA_VISIBLE_DEVICES: [0]
[I 2023-11-30 14:53:42,622] Trial 52 finished with value: 6.730924606323242 and parameters: {'gradient_clip_val': 0.9292322520957785, 'hidden_size': 115, 'dropout': 0.23118277196351444, 'hidden_continuous_size': 80, 'attention_head_size': 4, 'learning_rate': 0.04361535106561722}. Best is trial 42 with value: 5.995445251464844.
LOCAL_RANK: 0 - CUDA_VISIBLE_DEVICES: [0]
[I 2023-11-30 14:53:56,723] Trial 53 finished with value: 6.715923309326172 and parameters: {'gradient_clip_val': 0.9931413734791481, 'hidden_size': 80, 'dropout': 0.2102939785118742, 'hidden_continuous_size': 64, 'attention_head_size': 4, 'learning_rate': 0.05643883483324117}. Best is trial 42 with value: 5.995445251464844.
LOCAL_RANK: 0 - CUDA_VISIBLE_DEVICES: [0]
[I 2023-11-30 14:54:11,230] Trial 54 finished with value: 7.054939270019531 and parameters: {'gradient_clip_val': 0.6766045821598581, 'hidden_size': 110, 'dropout': 0.18764864040740653, 'hidden_continuous_size': 58, 'attention_head_size': 4, 'learning_rate': 0.08212736826938499}. Best is trial 42 with value: 5.995445251464844.
LOCAL_RANK: 0 - CUDA_VISIBLE_DEVICES: [0]
[I 2023-11-30 14:54:25,742] Trial 55 finished with value: 7.626828670501709 and parameters: {'gradient_clip_val': 0.8171885101956203, 'hidden_size': 138, 'dropout': 0.2223688425599279, 'hidden_continuous_size': 46, 'attention_head_size': 4, 'learning_rate': 0.045075184323645545}. Best is trial 42 with value: 5.995445251464844.
LOCAL_RANK: 0 - CUDA_VISIBLE_DEVICES: [0]
[I 2023-11-30 14:54:39,214] Trial 56 finished with value: 7.224791049957275 and parameters: {'gradient_clip_val': 0.739945039031198, 'hidden_size': 48, 'dropout': 0.20248320908078268, 'hidden_continuous_size': 43, 'attention_head_size': 4, 'learning_rate': 0.036736004542920024}. Best is trial 42 with value: 5.995445251464844.
LOCAL_RANK: 0 - CUDA_VISIBLE_DEVICES: [0]
[I 2023-11-30 14:54:53,661] Trial 57 finished with value: 6.254175662994385 and parameters: {'gradient_clip_val': 0.6167951314359739, 'hidden_size': 102, 'dropout': 0.15498637075578764, 'hidden_continuous_size': 65, 'attention_head_size': 4, 'learning_rate': 0.025824636999233878}. Best is trial 42 with value: 5.995445251464844.
LOCAL_RANK: 0 - CUDA_VISIBLE_DEVICES: [0]
[I 2023-11-30 14:55:07,850] Trial 58 finished with value: 8.600052833557129 and parameters: {'gradient_clip_val': 0.6107397664734696, 'hidden_size': 121, 'dropout': 0.15766221241096767, 'hidden_continuous_size': 29, 'attention_head_size': 4, 'learning_rate': 0.02598864808940492}. Best is trial 42 with value: 5.995445251464844.
LOCAL_RANK: 0 - CUDA_VISIBLE_DEVICES: [0]
[I 2023-11-30 14:55:22,168] Trial 59 finished with value: 6.67791748046875 and parameters: {'gradient_clip_val': 0.9118692977286493, 'hidden_size': 99, 'dropout': 0.18484626594931022, 'hidden_continuous_size': 35, 'attention_head_size': 4, 'learning_rate': 0.01975755354402747}. Best is trial 42 with value: 5.995445251464844.
LOCAL_RANK: 0 - CUDA_VISIBLE_DEVICES: [0]
[I 2023-11-30 14:55:36,279] Trial 60 finished with value: 6.512818813323975 and parameters: {'gradient_clip_val': 0.8376024248619636, 'hidden_size': 86, 'dropout': 0.16983346705458247, 'hidden_continuous_size': 53, 'attention_head_size': 2, 'learning_rate': 0.030868824398303945}. Best is trial 42 with value: 5.995445251464844.
LOCAL_RANK: 0 - CUDA_VISIBLE_DEVICES: [0]
[I 2023-11-30 14:55:50,306] Trial 61 finished with value: 6.8588995933532715 and parameters: {'gradient_clip_val': 0.8478728524127606, 'hidden_size': 87, 'dropout': 0.1662344660181731, 'hidden_continuous_size': 54, 'attention_head_size': 2, 'learning_rate': 0.031119325346408388}. Best is trial 42 with value: 5.995445251464844.
LOCAL_RANK: 0 - CUDA_VISIBLE_DEVICES: [0]
[I 2023-11-30 14:56:04,685] Trial 62 finished with value: 6.2764892578125 and parameters: {'gradient_clip_val': 0.7949679932349606, 'hidden_size': 107, 'dropout': 0.1703955686501268, 'hidden_continuous_size': 69, 'attention_head_size': 2, 'learning_rate': 0.022856130409680965}. Best is trial 42 with value: 5.995445251464844.
LOCAL_RANK: 0 - CUDA_VISIBLE_DEVICES: [0]
[I 2023-11-30 14:56:18,803] Trial 63 finished with value: 8.049999237060547 and parameters: {'gradient_clip_val': 0.8038339466403812, 'hidden_size': 109, 'dropout': 0.14564677357143496, 'hidden_continuous_size': 64, 'attention_head_size': 2, 'learning_rate': 0.01828843602175532}. Best is trial 42 with value: 5.995445251464844.
LOCAL_RANK: 0 - CUDA_VISIBLE_DEVICES: [0]
[I 2023-11-30 14:56:32,941] Trial 64 finished with value: 7.396566390991211 and parameters: {'gradient_clip_val': 0.7202623868972015, 'hidden_size': 78, 'dropout': 0.16743613577052793, 'hidden_continuous_size': 55, 'attention_head_size': 2, 'learning_rate': 0.026126900167090752}. Best is trial 42 with value: 5.995445251464844.
LOCAL_RANK: 0 - CUDA_VISIBLE_DEVICES: [0]
[I 2023-11-30 14:56:47,265] Trial 65 finished with value: 6.575000762939453 and parameters: {'gradient_clip_val': 0.6393757477792158, 'hidden_size': 103, 'dropout': 0.15169648181849513, 'hidden_continuous_size': 73, 'attention_head_size': 2, 'learning_rate': 0.02188025918823496}. Best is trial 42 with value: 5.995445251464844.
LOCAL_RANK: 0 - CUDA_VISIBLE_DEVICES: [0]
[I 2023-11-30 14:57:01,670] Trial 66 finished with value: 6.280572414398193 and parameters: {'gradient_clip_val': 0.9355339737209234, 'hidden_size': 123, 'dropout': 0.19653843020750705, 'hidden_continuous_size': 67, 'attention_head_size': 2, 'learning_rate': 0.014886810974183588}. Best is trial 42 with value: 5.995445251464844.
LOCAL_RANK: 0 - CUDA_VISIBLE_DEVICES: [0]
[I 2023-11-30 14:57:15,888] Trial 67 finished with value: 6.601850509643555 and parameters: {'gradient_clip_val': 0.7878834498886955, 'hidden_size': 123, 'dropout': 0.133669057059856, 'hidden_continuous_size': 70, 'attention_head_size': 2, 'learning_rate': 0.017540591709453515}. Best is trial 42 with value: 5.995445251464844.
LOCAL_RANK: 0 - CUDA_VISIBLE_DEVICES: [0]
