[I 2023-11-30 06:56:17,674] Trial 65 finished with value: 6.279224395751953 and parameters: {'gradient_clip_val': 0.5182436810561385, 'hidden_size': 22, 'dropout': 0.2208678581436642, 'hidden_continuous_size': 17, 'attention_head_size': 2, 'learning_rate': 0.046996734432128755}. Best is trial 62 with value: 5.415517330169678.
LOCAL_RANK: 0 - CUDA_VISIBLE_DEVICES: [0]
[I 2023-11-30 06:56:30,064] Trial 66 finished with value: 6.268486022949219 and parameters: {'gradient_clip_val': 0.42635391605604106, 'hidden_size': 27, 'dropout': 0.21219799955633686, 'hidden_continuous_size': 18, 'attention_head_size': 2, 'learning_rate': 0.05842196289049627}. Best is trial 62 with value: 5.415517330169678.
LOCAL_RANK: 0 - CUDA_VISIBLE_DEVICES: [0]
[I 2023-11-30 06:56:42,194] Trial 67 finished with value: 6.81267786026001 and parameters: {'gradient_clip_val': 0.472232771775284, 'hidden_size': 20, 'dropout': 0.23739796133698504, 'hidden_continuous_size': 17, 'attention_head_size': 2, 'learning_rate': 0.035987072465884715}. Best is trial 62 with value: 5.415517330169678.
LOCAL_RANK: 0 - CUDA_VISIBLE_DEVICES: [0]
[I 2023-11-30 06:56:54,684] Trial 68 finished with value: 6.632359027862549 and parameters: {'gradient_clip_val': 0.597388958445181, 'hidden_size': 26, 'dropout': 0.22555243226953758, 'hidden_continuous_size': 19, 'attention_head_size': 1, 'learning_rate': 0.08610879491000273}. Best is trial 62 with value: 5.415517330169678.
LOCAL_RANK: 0 - CUDA_VISIBLE_DEVICES: [0]
[I 2023-11-30 06:57:07,064] Trial 69 finished with value: 5.738162994384766 and parameters: {'gradient_clip_val': 0.5605699067182592, 'hidden_size': 21, 'dropout': 0.24634660598809915, 'hidden_continuous_size': 17, 'attention_head_size': 2, 'learning_rate': 0.06639726087971756}. Best is trial 62 with value: 5.415517330169678.
LOCAL_RANK: 0 - CUDA_VISIBLE_DEVICES: [0]
[I 2023-11-30 06:57:19,390] Trial 70 finished with value: 6.088215351104736 and parameters: {'gradient_clip_val': 0.6172176211358099, 'hidden_size': 24, 'dropout': 0.2103268491431496, 'hidden_continuous_size': 18, 'attention_head_size': 2, 'learning_rate': 0.051943418817860375}. Best is trial 62 with value: 5.415517330169678.
LOCAL_RANK: 0 - CUDA_VISIBLE_DEVICES: [0]
[I 2023-11-30 06:57:31,683] Trial 71 finished with value: 5.770305633544922 and parameters: {'gradient_clip_val': 0.49689947313605787, 'hidden_size': 22, 'dropout': 0.2337262153496891, 'hidden_continuous_size': 16, 'attention_head_size': 2, 'learning_rate': 0.07302698077877744}. Best is trial 62 with value: 5.415517330169678.
LOCAL_RANK: 0 - CUDA_VISIBLE_DEVICES: [0]
[I 2023-11-30 06:57:44,188] Trial 72 finished with value: 7.653920650482178 and parameters: {'gradient_clip_val': 0.40682714279937376, 'hidden_size': 28, 'dropout': 0.25504862494943487, 'hidden_continuous_size': 18, 'attention_head_size': 2, 'learning_rate': 0.08837956238235457}. Best is trial 62 with value: 5.415517330169678.
LOCAL_RANK: 0 - CUDA_VISIBLE_DEVICES: [0]
[I 2023-11-30 06:57:56,635] Trial 73 finished with value: 5.86827278137207 and parameters: {'gradient_clip_val': 0.4378964107947184, 'hidden_size': 23, 'dropout': 0.22523622499330392, 'hidden_continuous_size': 17, 'attention_head_size': 2, 'learning_rate': 0.04452237538442128}. Best is trial 62 with value: 5.415517330169678.
LOCAL_RANK: 0 - CUDA_VISIBLE_DEVICES: [0]
[I 2023-11-30 06:58:09,016] Trial 74 finished with value: 5.5977463722229 and parameters: {'gradient_clip_val': 0.3719434359517976, 'hidden_size': 19, 'dropout': 0.24258945268057394, 'hidden_continuous_size': 13, 'attention_head_size': 2, 'learning_rate': 0.06372530297919539}. Best is trial 62 with value: 5.415517330169678.
LOCAL_RANK: 0 - CUDA_VISIBLE_DEVICES: [0]
[I 2023-11-30 06:58:21,509] Trial 75 finished with value: 5.633195400238037 and parameters: {'gradient_clip_val': 0.37751370700958625, 'hidden_size': 18, 'dropout': 0.24068384737034718, 'hidden_continuous_size': 13, 'attention_head_size': 2, 'learning_rate': 0.06176070846444047}. Best is trial 62 with value: 5.415517330169678.
LOCAL_RANK: 0 - CUDA_VISIBLE_DEVICES: [0]
[I 2023-11-30 06:58:33,672] Trial 76 finished with value: 6.505880832672119 and parameters: {'gradient_clip_val': 0.48053864682836783, 'hidden_size': 19, 'dropout': 0.2051506459221305, 'hidden_continuous_size': 13, 'attention_head_size': 2, 'learning_rate': 0.037110799689504266}. Best is trial 62 with value: 5.415517330169678.
LOCAL_RANK: 0 - CUDA_VISIBLE_DEVICES: [0]
[I 2023-11-30 06:58:45,929] Trial 77 finished with value: 5.694026947021484 and parameters: {'gradient_clip_val': 0.5488560211837885, 'hidden_size': 15, 'dropout': 0.21883587428821077, 'hidden_continuous_size': 13, 'attention_head_size': 2, 'learning_rate': 0.07319203098193282}. Best is trial 62 with value: 5.415517330169678.
LOCAL_RANK: 0 - CUDA_VISIBLE_DEVICES: [0]
[I 2023-11-30 06:58:58,293] Trial 78 finished with value: 5.646817684173584 and parameters: {'gradient_clip_val': 0.5213799519176733, 'hidden_size': 17, 'dropout': 0.2457893428096431, 'hidden_continuous_size': 16, 'attention_head_size': 2, 'learning_rate': 0.05039997193673631}. Best is trial 62 with value: 5.415517330169678.
LOCAL_RANK: 0 - CUDA_VISIBLE_DEVICES: [0]
[I 2023-11-30 06:59:10,681] Trial 79 finished with value: 6.126171112060547 and parameters: {'gradient_clip_val': 0.42374987332379527, 'hidden_size': 26, 'dropout': 0.25766917934728517, 'hidden_continuous_size': 19, 'attention_head_size': 1, 'learning_rate': 0.042363904669608765}. Best is trial 62 with value: 5.415517330169678.
LOCAL_RANK: 0 - CUDA_VISIBLE_DEVICES: [0]
[I 2023-11-30 06:59:23,458] Trial 80 finished with value: 5.801015377044678 and parameters: {'gradient_clip_val': 0.457577466023365, 'hidden_size': 29, 'dropout': 0.2706705618865683, 'hidden_continuous_size': 18, 'attention_head_size': 2, 'learning_rate': 0.08994478637713814}. Best is trial 62 with value: 5.415517330169678.
LOCAL_RANK: 0 - CUDA_VISIBLE_DEVICES: [0]
[I 2023-11-30 06:59:35,605] Trial 81 finished with value: 5.09924840927124 and parameters: {'gradient_clip_val': 0.3624406467850359, 'hidden_size': 24, 'dropout': 0.23320181620855834, 'hidden_continuous_size': 17, 'attention_head_size': 2, 'learning_rate': 0.06526225444143616}. Best is trial 81 with value: 5.09924840927124.
LOCAL_RANK: 0 - CUDA_VISIBLE_DEVICES: [0]
[I 2023-11-30 06:59:47,941] Trial 82 finished with value: 5.8128485679626465 and parameters: {'gradient_clip_val': 0.35675400663431645, 'hidden_size': 23, 'dropout': 0.23211589002032146, 'hidden_continuous_size': 17, 'attention_head_size': 2, 'learning_rate': 0.061491185145716505}. Best is trial 81 with value: 5.09924840927124.
LOCAL_RANK: 0 - CUDA_VISIBLE_DEVICES: [0]
[I 2023-11-30 07:00:00,595] Trial 83 finished with value: 6.45928430557251 and parameters: {'gradient_clip_val': 0.3986169371907874, 'hidden_size': 31, 'dropout': 0.25374767487478145, 'hidden_continuous_size': 15, 'attention_head_size': 2, 'learning_rate': 0.07307626204295185}. Best is trial 81 with value: 5.09924840927124.
LOCAL_RANK: 0 - CUDA_VISIBLE_DEVICES: [0]
[I 2023-11-30 07:00:13,109] Trial 84 finished with value: 5.67260217666626 and parameters: {'gradient_clip_val': 0.3317032754402982, 'hidden_size': 28, 'dropout': 0.2419439195117056, 'hidden_continuous_size': 18, 'attention_head_size': 2, 'learning_rate': 0.0547428200447776}. Best is trial 81 with value: 5.09924840927124.
LOCAL_RANK: 0 - CUDA_VISIBLE_DEVICES: [0]
[I 2023-11-30 07:00:26,138] Trial 85 finished with value: 6.389340877532959 and parameters: {'gradient_clip_val': 0.5047247410397661, 'hidden_size': 35, 'dropout': 0.22394646534914942, 'hidden_continuous_size': 19, 'attention_head_size': 2, 'learning_rate': 0.046667875728210004}. Best is trial 81 with value: 5.09924840927124.
LOCAL_RANK: 0 - CUDA_VISIBLE_DEVICES: [0]
[I 2023-11-30 07:00:38,617] Trial 86 finished with value: 5.690023899078369 and parameters: {'gradient_clip_val': 0.3834303677895848, 'hidden_size': 31, 'dropout': 0.23698797315252232, 'hidden_continuous_size': 14, 'attention_head_size': 2, 'learning_rate': 0.06777577698389965}. Best is trial 81 with value: 5.09924840927124.
LOCAL_RANK: 0 - CUDA_VISIBLE_DEVICES: [0]
[I 2023-11-30 07:00:50,978] Trial 87 finished with value: 7.006369113922119 and parameters: {'gradient_clip_val': 0.4223704790018539, 'hidden_size': 26, 'dropout': 0.2494521036329056, 'hidden_continuous_size': 17, 'attention_head_size': 2, 'learning_rate': 0.08017988451987731}. Best is trial 81 with value: 5.09924840927124.
LOCAL_RANK: 0 - CUDA_VISIBLE_DEVICES: [0]
[I 2023-11-30 07:01:03,359] Trial 88 finished with value: 6.515331745147705 and parameters: {'gradient_clip_val': 0.36132846357700904, 'hidden_size': 21, 'dropout': 0.23033639055982558, 'hidden_continuous_size': 17, 'attention_head_size': 2, 'learning_rate': 0.06142507813253049}. Best is trial 81 with value: 5.09924840927124.
LOCAL_RANK: 0 - CUDA_VISIBLE_DEVICES: [0]
[I 2023-11-30 07:01:15,757] Trial 89 finished with value: 6.572597980499268 and parameters: {'gradient_clip_val': 0.7062401545653237, 'hidden_size': 19, 'dropout': 0.2720653653067146, 'hidden_continuous_size': 16, 'attention_head_size': 2, 'learning_rate': 0.09919514143782254}. Best is trial 81 with value: 5.09924840927124.
LOCAL_RANK: 0 - CUDA_VISIBLE_DEVICES: [0]
[I 2023-11-30 07:01:28,830] Trial 90 finished with value: 6.334506988525391 and parameters: {'gradient_clip_val': 0.4802769641374661, 'hidden_size': 33, 'dropout': 0.2621121780101672, 'hidden_continuous_size': 20, 'attention_head_size': 2, 'learning_rate': 0.05537990639952197}. Best is trial 81 with value: 5.09924840927124.
LOCAL_RANK: 0 - CUDA_VISIBLE_DEVICES: [0]
[I 2023-11-30 07:01:40,960] Trial 91 finished with value: 6.079737186431885 and parameters: {'gradient_clip_val': 0.39429742259387085, 'hidden_size': 24, 'dropout': 0.2817764060768882, 'hidden_continuous_size': 12, 'attention_head_size': 2, 'learning_rate': 0.0751918293025571}. Best is trial 81 with value: 5.09924840927124.
LOCAL_RANK: 0 - CUDA_VISIBLE_DEVICES: [0]
[I 2023-11-30 07:01:53,347] Trial 92 finished with value: 6.126554489135742 and parameters: {'gradient_clip_val': 0.4476608339063872, 'hidden_size': 25, 'dropout': 0.2434552622469227, 'hidden_continuous_size': 12, 'attention_head_size': 2, 'learning_rate': 0.09114356441392096}. Best is trial 81 with value: 5.09924840927124.
LOCAL_RANK: 0 - CUDA_VISIBLE_DEVICES: [0]
[I 2023-11-30 07:02:05,545] Trial 93 finished with value: 6.285573959350586 and parameters: {'gradient_clip_val': 0.3719214519324137, 'hidden_size': 28, 'dropout': 0.21925836215740663, 'hidden_continuous_size': 15, 'attention_head_size': 2, 'learning_rate': 0.0685291555240534}. Best is trial 81 with value: 5.09924840927124.
LOCAL_RANK: 0 - CUDA_VISIBLE_DEVICES: [0]
[I 2023-11-30 07:02:17,949] Trial 94 finished with value: 6.876919269561768 and parameters: {'gradient_clip_val': 0.32793908333244476, 'hidden_size': 23, 'dropout': 0.250311166794535, 'hidden_continuous_size': 16, 'attention_head_size': 2, 'learning_rate': 0.08306404108533193}. Best is trial 81 with value: 5.09924840927124.
LOCAL_RANK: 0 - CUDA_VISIBLE_DEVICES: [0]
[I 2023-11-30 07:02:30,773] Trial 95 finished with value: 6.556301116943359 and parameters: {'gradient_clip_val': 0.3509988277986187, 'hidden_size': 29, 'dropout': 0.2376797284674294, 'hidden_continuous_size': 18, 'attention_head_size': 2, 'learning_rate': 0.051279021150513554}. Best is trial 81 with value: 5.09924840927124.
LOCAL_RANK: 0 - CUDA_VISIBLE_DEVICES: [0]
[I 2023-11-30 07:02:43,113] Trial 96 finished with value: 5.649883270263672 and parameters: {'gradient_clip_val': 0.4068485897590546, 'hidden_size': 21, 'dropout': 0.22833980640856494, 'hidden_continuous_size': 13, 'attention_head_size': 3, 'learning_rate': 0.05968327796570748}. Best is trial 81 with value: 5.09924840927124.
LOCAL_RANK: 0 - CUDA_VISIBLE_DEVICES: [0]
[I 2023-11-30 07:02:55,310] Trial 97 finished with value: 5.703502655029297 and parameters: {'gradient_clip_val': 0.6419849086439241, 'hidden_size': 18, 'dropout': 0.26272605210178857, 'hidden_continuous_size': 11, 'attention_head_size': 1, 'learning_rate': 0.04509011778992785}. Best is trial 81 with value: 5.09924840927124.
LOCAL_RANK: 0 - CUDA_VISIBLE_DEVICES: [0]
[I 2023-11-30 07:03:07,495] Trial 98 finished with value: 6.039462566375732 and parameters: {'gradient_clip_val': 0.5821602381229662, 'hidden_size': 20, 'dropout': 0.2547382650704458, 'hidden_continuous_size': 13, 'attention_head_size': 2, 'learning_rate': 0.03707393143174909}. Best is trial 81 with value: 5.09924840927124.
LOCAL_RANK: 0 - CUDA_VISIBLE_DEVICES: [0]
[I 2023-11-30 07:03:20,338] Trial 99 finished with value: 6.20051383972168 and parameters: {'gradient_clip_val': 0.43649211102077984, 'hidden_size': 35, 'dropout': 0.21422579956669957, 'hidden_continuous_size': 14, 'attention_head_size': 3, 'learning_rate': 0.06625470653216554}. Best is trial 81 with value: 5.09924840927124.
LOCAL_RANK: 0 - CUDA_VISIBLE_DEVICES: [0]
[I 2023-11-30 07:03:32,787] Trial 100 finished with value: 5.839756011962891 and parameters: {'gradient_clip_val': 0.4659831720748116, 'hidden_size': 25, 'dropout': 0.36452891547259947, 'hidden_continuous_size': 17, 'attention_head_size': 2, 'learning_rate': 0.07789490397690937}. Best is trial 81 with value: 5.09924840927124.
LOCAL_RANK: 0 - CUDA_VISIBLE_DEVICES: [0]
[I 2023-11-30 07:03:45,491] Trial 101 finished with value: 5.979029178619385 and parameters: {'gradient_clip_val': 0.31594114313374033, 'hidden_size': 31, 'dropout': 0.2690962630125748, 'hidden_continuous_size': 16, 'attention_head_size': 3, 'learning_rate': 0.05381146829306551}. Best is trial 81 with value: 5.09924840927124.
LOCAL_RANK: 0 - CUDA_VISIBLE_DEVICES: [0]
[I 2023-11-30 07:03:55,978] Trial 102 finished with value: 6.159324645996094 and parameters: {'gradient_clip_val': 0.49731762808035324, 'hidden_size': 16, 'dropout': 0.23501542499057648, 'hidden_continuous_size': 16, 'attention_head_size': 3, 'learning_rate': 0.07269000788782576}. Best is trial 81 with value: 5.09924840927124.
LOCAL_RANK: 0 - CUDA_VISIBLE_DEVICES: [0]
[I 2023-11-30 07:04:08,700] Trial 103 finished with value: 5.809788227081299 and parameters: {'gradient_clip_val': 0.37616593510003676, 'hidden_size': 27, 'dropout': 0.2766705051539946, 'hidden_continuous_size': 17, 'attention_head_size': 4, 'learning_rate': 0.08855623876779983}. Best is trial 81 with value: 5.09924840927124.
LOCAL_RANK: 0 - CUDA_VISIBLE_DEVICES: [0]
[I 2023-11-30 07:04:21,147] Trial 104 finished with value: 5.929986476898193 and parameters: {'gradient_clip_val': 0.5295438116575032, 'hidden_size': 23, 'dropout': 0.28716448544648915, 'hidden_continuous_size': 16, 'attention_head_size': 2, 'learning_rate': 0.06131336077287092}. Best is trial 81 with value: 5.09924840927124.
LOCAL_RANK: 0 - CUDA_VISIBLE_DEVICES: [0]
[I 2023-11-30 07:04:34,323] Trial 105 finished with value: 6.654552936553955 and parameters: {'gradient_clip_val': 0.8038830045571997, 'hidden_size': 38, 'dropout': 0.24574111865998377, 'hidden_continuous_size': 15, 'attention_head_size': 4, 'learning_rate': 0.0681623697153421}. Best is trial 81 with value: 5.09924840927124.
LOCAL_RANK: 0 - CUDA_VISIBLE_DEVICES: [0]
[I 2023-11-30 07:04:46,775] Trial 106 finished with value: 6.094429016113281 and parameters: {'gradient_clip_val': 0.41798314418785454, 'hidden_size': 22, 'dropout': 0.2587018581502338, 'hidden_continuous_size': 17, 'attention_head_size': 2, 'learning_rate': 0.049778242378134996}. Best is trial 81 with value: 5.09924840927124.
LOCAL_RANK: 0 - CUDA_VISIBLE_DEVICES: [0]
[I 2023-11-30 07:04:59,420] Trial 107 finished with value: 6.615533351898193 and parameters: {'gradient_clip_val': 0.30211081300669146, 'hidden_size': 29, 'dropout': 0.22814497279265375, 'hidden_continuous_size': 18, 'attention_head_size': 3, 'learning_rate': 0.08054044780938871}. Best is trial 81 with value: 5.09924840927124.
LOCAL_RANK: 0 - CUDA_VISIBLE_DEVICES: [0]
[I 2023-11-30 07:05:12,225] Trial 108 finished with value: 6.5006537437438965 and parameters: {'gradient_clip_val': 0.5425385805691582, 'hidden_size': 42, 'dropout': 0.24213009559312942, 'hidden_continuous_size': 14, 'attention_head_size': 2, 'learning_rate': 0.042439006891357406}. Best is trial 81 with value: 5.09924840927124.
LOCAL_RANK: 0 - CUDA_VISIBLE_DEVICES: [0]
[I 2023-11-30 07:05:25,098] Trial 109 finished with value: 5.923009395599365 and parameters: {'gradient_clip_val': 0.5790485658290555, 'hidden_size': 33, 'dropout': 0.26658995902944926, 'hidden_continuous_size': 28, 'attention_head_size': 2, 'learning_rate': 0.0567980315083129}. Best is trial 81 with value: 5.09924840927124.
LOCAL_RANK: 0 - CUDA_VISIBLE_DEVICES: [0]
[I 2023-11-30 07:05:37,791] Trial 110 finished with value: 5.874631404876709 and parameters: {'gradient_clip_val': 0.3456071017145531, 'hidden_size': 25, 'dropout': 0.22185190137615435, 'hidden_continuous_size': 17, 'attention_head_size': 2, 'learning_rate': 0.06455218753121869}. Best is trial 81 with value: 5.09924840927124.
LOCAL_RANK: 0 - CUDA_VISIBLE_DEVICES: [0]
[I 2023-11-30 07:05:50,415] Trial 111 finished with value: 5.972221851348877 and parameters: {'gradient_clip_val': 0.7299624041364382, 'hidden_size': 36, 'dropout': 0.2539886320206888, 'hidden_continuous_size': 15, 'attention_head_size': 2, 'learning_rate': 0.029827211984966587}. Best is trial 81 with value: 5.09924840927124.
LOCAL_RANK: 0 - CUDA_VISIBLE_DEVICES: [0]
[I 2023-11-30 07:06:02,903] Trial 112 finished with value: 6.673309326171875 and parameters: {'gradient_clip_val': 0.8502821309899278, 'hidden_size': 32, 'dropout': 0.23521978718065356, 'hidden_continuous_size': 15, 'attention_head_size': 2, 'learning_rate': 0.04757493163982704}. Best is trial 81 with value: 5.09924840927124.
LOCAL_RANK: 0 - CUDA_VISIBLE_DEVICES: [0]
[I 2023-11-30 07:06:15,346] Trial 113 finished with value: 5.942636966705322 and parameters: {'gradient_clip_val': 0.7035438518820576, 'hidden_size': 27, 'dropout': 0.2625012122793723, 'hidden_continuous_size': 15, 'attention_head_size': 2, 'learning_rate': 0.03969710516144098}. Best is trial 81 with value: 5.09924840927124.
LOCAL_RANK: 0 - CUDA_VISIBLE_DEVICES: [0]
[I 2023-11-30 07:06:28,185] Trial 114 finished with value: 6.745133876800537 and parameters: {'gradient_clip_val': 0.7845365363624855, 'hidden_size': 39, 'dropout': 0.2503637422027521, 'hidden_continuous_size': 14, 'attention_head_size': 2, 'learning_rate': 0.07649621888409305}. Best is trial 81 with value: 5.09924840927124.
LOCAL_RANK: 0 - CUDA_VISIBLE_DEVICES: [0]
[I 2023-11-30 07:06:40,940] Trial 115 finished with value: 6.262354373931885 and parameters: {'gradient_clip_val': 0.6103436092391138, 'hidden_size': 36, 'dropout': 0.28040197451808613, 'hidden_continuous_size': 19, 'attention_head_size': 2, 'learning_rate': 0.09375122811520019}. Best is trial 81 with value: 5.09924840927124.
LOCAL_RANK: 0 - CUDA_VISIBLE_DEVICES: [0]
[I 2023-11-30 07:06:53,122] Trial 116 finished with value: 6.288424968719482 and parameters: {'gradient_clip_val': 0.6675140991798972, 'hidden_size': 20, 'dropout': 0.30699733409198077, 'hidden_continuous_size': 13, 'attention_head_size': 2, 'learning_rate': 0.042916012807486505}. Best is trial 81 with value: 5.09924840927124.
LOCAL_RANK: 0 - CUDA_VISIBLE_DEVICES: [0]
[I 2023-11-30 07:07:05,880] Trial 117 finished with value: 5.876561641693115 and parameters: {'gradient_clip_val': 0.464660415354142, 'hidden_size': 30, 'dropout': 0.27387053940099276, 'hidden_continuous_size': 16, 'attention_head_size': 3, 'learning_rate': 0.034248332514895}. Best is trial 81 with value: 5.09924840927124.
LOCAL_RANK: 0 - CUDA_VISIBLE_DEVICES: [0]
[I 2023-11-30 07:07:18,696] Trial 118 finished with value: 6.6874613761901855 and parameters: {'gradient_clip_val': 0.8860442551793228, 'hidden_size': 34, 'dropout': 0.23859663336669445, 'hidden_continuous_size': 16, 'attention_head_size': 2, 'learning_rate': 0.05265895333301273}. Best is trial 81 with value: 5.09924840927124.
LOCAL_RANK: 0 - CUDA_VISIBLE_DEVICES: [0]
[I 2023-11-30 07:07:30,923] Trial 119 finished with value: 5.7051239013671875 and parameters: {'gradient_clip_val': 0.3964977578143627, 'hidden_size': 24, 'dropout': 0.2456730362017817, 'hidden_continuous_size': 17, 'attention_head_size': 2, 'learning_rate': 0.07205709754083554}. Best is trial 81 with value: 5.09924840927124.
LOCAL_RANK: 0 - CUDA_VISIBLE_DEVICES: [0]
[I 2023-11-30 07:07:43,466] Trial 120 finished with value: 6.337645053863525 and parameters: {'gradient_clip_val': 0.4402116126718133, 'hidden_size': 26, 'dropout': 0.2601291421324075, 'hidden_continuous_size': 12, 'attention_head_size': 2, 'learning_rate': 0.05841525894636539}. Best is trial 81 with value: 5.09924840927124.
LOCAL_RANK: 0 - CUDA_VISIBLE_DEVICES: [0]
[I 2023-11-30 07:07:55,806] Trial 121 finished with value: 6.133176326751709 and parameters: {'gradient_clip_val': 0.3884172720799509, 'hidden_size': 18, 'dropout': 0.24273829764061347, 'hidden_continuous_size': 13, 'attention_head_size': 2, 'learning_rate': 0.06718496470231336}. Best is trial 81 with value: 5.09924840927124.
LOCAL_RANK: 0 - CUDA_VISIBLE_DEVICES: [0]
[I 2023-11-30 07:08:08,238] Trial 122 finished with value: 5.585716247558594 and parameters: {'gradient_clip_val': 0.37647502917272396, 'hidden_size': 19, 'dropout': 0.23319856055392954, 'hidden_continuous_size': 13, 'attention_head_size': 2, 'learning_rate': 0.059150963221265035}. Best is trial 81 with value: 5.09924840927124.
LOCAL_RANK: 0 - CUDA_VISIBLE_DEVICES: [0]
[I 2023-11-30 07:08:20,560] Trial 123 finished with value: 5.439937591552734 and parameters: {'gradient_clip_val': 0.3367234004632195, 'hidden_size': 21, 'dropout': 0.22553605108608094, 'hidden_continuous_size': 13, 'attention_head_size': 2, 'learning_rate': 0.0813490007363042}. Best is trial 81 with value: 5.09924840927124.
LOCAL_RANK: 0 - CUDA_VISIBLE_DEVICES: [0]
