[I 2023-11-30 08:53:56,623] Trial 142 finished with value: 6.991909503936768 and parameters: {'gradient_clip_val': 0.18779950104190862, 'hidden_size': 37, 'dropout': 0.37274663351439596, 'hidden_continuous_size': 23, 'attention_head_size': 3, 'learning_rate': 0.023891713116015748}. Best is trial 88 with value: 5.902039051055908.
LOCAL_RANK: 0 - CUDA_VISIBLE_DEVICES: [0]
[I 2023-11-30 08:54:09,393] Trial 143 finished with value: 6.5158867835998535 and parameters: {'gradient_clip_val': 0.16029862604370368, 'hidden_size': 44, 'dropout': 0.36737461279833905, 'hidden_continuous_size': 20, 'attention_head_size': 3, 'learning_rate': 0.018214706524869874}. Best is trial 88 with value: 5.902039051055908.
LOCAL_RANK: 0 - CUDA_VISIBLE_DEVICES: [0]
[I 2023-11-30 08:54:22,537] Trial 144 finished with value: 6.738973140716553 and parameters: {'gradient_clip_val': 0.14413660336006368, 'hidden_size': 49, 'dropout': 0.3869088598693676, 'hidden_continuous_size': 23, 'attention_head_size': 3, 'learning_rate': 0.008523830474762972}. Best is trial 88 with value: 5.902039051055908.
LOCAL_RANK: 0 - CUDA_VISIBLE_DEVICES: [0]
[I 2023-11-30 08:54:36,138] Trial 145 finished with value: 6.591818332672119 and parameters: {'gradient_clip_val': 0.2059167701788225, 'hidden_size': 65, 'dropout': 0.3467251992752008, 'hidden_continuous_size': 17, 'attention_head_size': 4, 'learning_rate': 0.02177619853470915}. Best is trial 88 with value: 5.902039051055908.
LOCAL_RANK: 0 - CUDA_VISIBLE_DEVICES: [0]
[I 2023-11-30 08:54:49,180] Trial 146 finished with value: 6.708016872406006 and parameters: {'gradient_clip_val': 0.17812835794099144, 'hidden_size': 39, 'dropout': 0.3809110046966054, 'hidden_continuous_size': 21, 'attention_head_size': 4, 'learning_rate': 0.01648788311253221}. Best is trial 88 with value: 5.902039051055908.
LOCAL_RANK: 0 - CUDA_VISIBLE_DEVICES: [0]
[I 2023-11-30 08:55:02,611] Trial 147 finished with value: 6.657171726226807 and parameters: {'gradient_clip_val': 0.15263097298134562, 'hidden_size': 70, 'dropout': 0.3545140801805348, 'hidden_continuous_size': 18, 'attention_head_size': 2, 'learning_rate': 0.014240631777918674}. Best is trial 88 with value: 5.902039051055908.
LOCAL_RANK: 0 - CUDA_VISIBLE_DEVICES: [0]
[I 2023-11-30 08:55:15,693] Trial 148 finished with value: 6.954944610595703 and parameters: {'gradient_clip_val': 0.13416649505817696, 'hidden_size': 43, 'dropout': 0.3325126556113712, 'hidden_continuous_size': 22, 'attention_head_size': 4, 'learning_rate': 0.02760475881251938}. Best is trial 88 with value: 5.902039051055908.
LOCAL_RANK: 0 - CUDA_VISIBLE_DEVICES: [0]
[I 2023-11-30 08:55:29,350] Trial 149 finished with value: 7.0167670249938965 and parameters: {'gradient_clip_val': 0.14646715090710807, 'hidden_size': 78, 'dropout': 0.3592505890853504, 'hidden_continuous_size': 16, 'attention_head_size': 3, 'learning_rate': 0.025740037478735718}. Best is trial 88 with value: 5.902039051055908.
[I 2023-11-30 08:55:29,461] A new study created in memory with name: no-name-a7c41b99-882c-4f9c-b146-02dd89e401e8
/home/le004/conda/anaconda3/envs/tsff_env/lib/python3.9/site-packages/lightning/fabric/plugins/environments/slurm.py:191: The `srun` command is available on your system but is not used. HINT: If your intention is to run Lightning on SLURM, prepend your python command with `srun` like so: srun python /home/le004/master_thesis/git/TSFusionForecast/code/ ...
LOCAL_RANK: 0 - CUDA_VISIBLE_DEVICES: [0]
[I 2023-11-30 08:55:39,932] Trial 0 finished with value: 6.701667785644531 and parameters: {'gradient_clip_val': 0.21641532609471476, 'hidden_size': 10, 'dropout': 0.2049153366632706, 'hidden_continuous_size': 10, 'attention_head_size': 1, 'learning_rate': 0.08880783458253874}. Best is trial 0 with value: 6.701667785644531.
LOCAL_RANK: 0 - CUDA_VISIBLE_DEVICES: [0]
[I 2023-11-30 08:55:53,981] Trial 1 finished with value: 6.038394451141357 and parameters: {'gradient_clip_val': 0.11091022708994062, 'hidden_size': 140, 'dropout': 0.2087423706501112, 'hidden_continuous_size': 12, 'attention_head_size': 2, 'learning_rate': 0.011718590054886669}. Best is trial 1 with value: 6.038394451141357.
LOCAL_RANK: 0 - CUDA_VISIBLE_DEVICES: [0]
[I 2023-11-30 08:56:08,137] Trial 2 finished with value: 5.326547145843506 and parameters: {'gradient_clip_val': 0.11127616805771126, 'hidden_size': 139, 'dropout': 0.32395215049485215, 'hidden_continuous_size': 28, 'attention_head_size': 1, 'learning_rate': 0.0045002397615625436}. Best is trial 2 with value: 5.326547145843506.
LOCAL_RANK: 0 - CUDA_VISIBLE_DEVICES: [0]
[I 2023-11-30 08:56:21,969] Trial 3 finished with value: 6.0698089599609375 and parameters: {'gradient_clip_val': 0.17918100449651989, 'hidden_size': 128, 'dropout': 0.13955896362421022, 'hidden_continuous_size': 14, 'attention_head_size': 2, 'learning_rate': 0.002723000585673729}. Best is trial 2 with value: 5.326547145843506.
LOCAL_RANK: 0 - CUDA_VISIBLE_DEVICES: [0]
[I 2023-11-30 08:56:34,456] Trial 4 finished with value: 12.284854888916016 and parameters: {'gradient_clip_val': 0.9265694493534482, 'hidden_size': 25, 'dropout': 0.34731331136449717, 'hidden_continuous_size': 12, 'attention_head_size': 4, 'learning_rate': 0.0028246140100238733}. Best is trial 2 with value: 5.326547145843506.
LOCAL_RANK: 0 - CUDA_VISIBLE_DEVICES: [0]
[I 2023-11-30 08:56:46,992] Trial 5 finished with value: 10.305427551269531 and parameters: {'gradient_clip_val': 0.7992785451134461, 'hidden_size': 18, 'dropout': 0.27395612955749826, 'hidden_continuous_size': 11, 'attention_head_size': 3, 'learning_rate': 0.004509961018249049}. Best is trial 2 with value: 5.326547145843506.
LOCAL_RANK: 0 - CUDA_VISIBLE_DEVICES: [0]
[I 2023-11-30 08:57:00,336] Trial 6 finished with value: 8.359221458435059 and parameters: {'gradient_clip_val': 0.47733017786200826, 'hidden_size': 47, 'dropout': 0.19992466979232865, 'hidden_continuous_size': 33, 'attention_head_size': 4, 'learning_rate': 0.025239874950838743}. Best is trial 2 with value: 5.326547145843506.
LOCAL_RANK: 0 - CUDA_VISIBLE_DEVICES: [0]
[I 2023-11-30 08:57:12,720] Trial 7 finished with value: 6.2322821617126465 and parameters: {'gradient_clip_val': 0.3096505737968208, 'hidden_size': 13, 'dropout': 0.15381517084310603, 'hidden_continuous_size': 11, 'attention_head_size': 4, 'learning_rate': 0.03568788873545324}. Best is trial 2 with value: 5.326547145843506.
LOCAL_RANK: 0 - CUDA_VISIBLE_DEVICES: [0]
[I 2023-11-30 08:57:23,449] Trial 8 finished with value: 9.22547435760498 and parameters: {'gradient_clip_val': 0.21625585009607504, 'hidden_size': 41, 'dropout': 0.37736288432161247, 'hidden_continuous_size': 41, 'attention_head_size': 4, 'learning_rate': 0.0024406487496907788}. Best is trial 2 with value: 5.326547145843506.
LOCAL_RANK: 0 - CUDA_VISIBLE_DEVICES: [0]
[I 2023-11-30 08:57:35,618] Trial 9 finished with value: 4.881933212280273 and parameters: {'gradient_clip_val': 0.33327151219179785, 'hidden_size': 18, 'dropout': 0.1618099188307842, 'hidden_continuous_size': 14, 'attention_head_size': 2, 'learning_rate': 0.02295708986701753}. Best is trial 9 with value: 4.881933212280273.
LOCAL_RANK: 0 - CUDA_VISIBLE_DEVICES: [0]
[I 2023-11-30 08:57:48,309] Trial 10 finished with value: 5.902065753936768 and parameters: {'gradient_clip_val': 0.4927831209439422, 'hidden_size': 23, 'dropout': 0.10207455989040029, 'hidden_continuous_size': 16, 'attention_head_size': 3, 'learning_rate': 0.01622935280140924}. Best is trial 9 with value: 4.881933212280273.
LOCAL_RANK: 0 - CUDA_VISIBLE_DEVICES: [0]
[I 2023-11-30 08:58:01,815] Trial 11 finished with value: 12.340446472167969 and parameters: {'gradient_clip_val': 0.1210390808363639, 'hidden_size': 73, 'dropout': 0.2908427527297911, 'hidden_continuous_size': 24, 'attention_head_size': 1, 'learning_rate': 0.0010939817413928125}. Best is trial 9 with value: 4.881933212280273.
LOCAL_RANK: 0 - CUDA_VISIBLE_DEVICES: [0]
[I 2023-11-30 08:58:15,119] Trial 12 finished with value: 6.180528163909912 and parameters: {'gradient_clip_val': 0.15462905603561286, 'hidden_size': 65, 'dropout': 0.3219612197223817, 'hidden_continuous_size': 20, 'attention_head_size': 1, 'learning_rate': 0.008247242320290466}. Best is trial 9 with value: 4.881933212280273.
LOCAL_RANK: 0 - CUDA_VISIBLE_DEVICES: [0]
[I 2023-11-30 08:58:29,315] Trial 13 finished with value: 5.718033313751221 and parameters: {'gradient_clip_val': 0.1017854188306461, 'hidden_size': 84, 'dropout': 0.2604377823897659, 'hidden_continuous_size': 78, 'attention_head_size': 2, 'learning_rate': 0.0055983991762853045}. Best is trial 9 with value: 4.881933212280273.
LOCAL_RANK: 0 - CUDA_VISIBLE_DEVICES: [0]
[I 2023-11-30 08:58:41,765] Trial 14 finished with value: 6.15565824508667 and parameters: {'gradient_clip_val': 0.29463870916105145, 'hidden_size': 31, 'dropout': 0.37127251841269443, 'hidden_continuous_size': 14, 'attention_head_size': 1, 'learning_rate': 0.015809420459007257}. Best is trial 9 with value: 4.881933212280273.
LOCAL_RANK: 0 - CUDA_VISIBLE_DEVICES: [0]
[I 2023-11-30 08:58:54,335] Trial 15 finished with value: 10.470625877380371 and parameters: {'gradient_clip_val': 0.13907744961064483, 'hidden_size': 17, 'dropout': 0.3055412017206922, 'hidden_continuous_size': 11, 'attention_head_size': 2, 'learning_rate': 0.007706476114474557}. Best is trial 9 with value: 4.881933212280273.
LOCAL_RANK: 0 - CUDA_VISIBLE_DEVICES: [0]
[I 2023-11-30 08:59:06,825] Trial 16 finished with value: 5.7532639503479 and parameters: {'gradient_clip_val': 0.22371585394751295, 'hidden_size': 32, 'dropout': 0.24211375214948888, 'hidden_continuous_size': 17, 'attention_head_size': 3, 'learning_rate': 0.04428452546819814}. Best is trial 9 with value: 4.881933212280273.
LOCAL_RANK: 0 - CUDA_VISIBLE_DEVICES: [0]
[I 2023-11-30 08:59:20,663] Trial 17 finished with value: 7.1646552085876465 and parameters: {'gradient_clip_val': 0.1632195305024453, 'hidden_size': 105, 'dropout': 0.3429432749865877, 'hidden_continuous_size': 24, 'attention_head_size': 1, 'learning_rate': 0.0198125299634465}. Best is trial 9 with value: 4.881933212280273.
LOCAL_RANK: 0 - CUDA_VISIBLE_DEVICES: [0]
[I 2023-11-30 08:59:33,812] Trial 18 finished with value: 6.013441562652588 and parameters: {'gradient_clip_val': 0.39384043327865953, 'hidden_size': 54, 'dropout': 0.2440356671236896, 'hidden_continuous_size': 20, 'attention_head_size': 2, 'learning_rate': 0.011975269838229692}. Best is trial 9 with value: 4.881933212280273.
LOCAL_RANK: 0 - CUDA_VISIBLE_DEVICES: [0]
[I 2023-11-30 08:59:47,702] Trial 19 finished with value: 5.522790908813477 and parameters: {'gradient_clip_val': 0.13330407975702185, 'hidden_size': 98, 'dropout': 0.398728075925317, 'hidden_continuous_size': 40, 'attention_head_size': 1, 'learning_rate': 0.005649912805727356}. Best is trial 9 with value: 4.881933212280273.
LOCAL_RANK: 0 - CUDA_VISIBLE_DEVICES: [0]
[I 2023-11-30 09:00:01,312] Trial 20 finished with value: 7.672221660614014 and parameters: {'gradient_clip_val': 0.10331531862318516, 'hidden_size': 57, 'dropout': 0.31493029152302177, 'hidden_continuous_size': 28, 'attention_head_size': 2, 'learning_rate': 0.025248255734255046}. Best is trial 9 with value: 4.881933212280273.
LOCAL_RANK: 0 - CUDA_VISIBLE_DEVICES: [0]
[I 2023-11-30 09:00:15,224] Trial 21 finished with value: 6.7473602294921875 and parameters: {'gradient_clip_val': 0.12947914795416546, 'hidden_size': 103, 'dropout': 0.39840740069815694, 'hidden_continuous_size': 43, 'attention_head_size': 1, 'learning_rate': 0.005208319099764651}. Best is trial 9 with value: 4.881933212280273.
LOCAL_RANK: 0 - CUDA_VISIBLE_DEVICES: [0]
[I 2023-11-30 09:00:29,041] Trial 22 finished with value: 4.930155277252197 and parameters: {'gradient_clip_val': 0.13137513530391334, 'hidden_size': 95, 'dropout': 0.3969017508925074, 'hidden_continuous_size': 37, 'attention_head_size': 1, 'learning_rate': 0.009568110202974258}. Best is trial 9 with value: 4.881933212280273.
LOCAL_RANK: 0 - CUDA_VISIBLE_DEVICES: [0]
[I 2023-11-30 09:00:43,237] Trial 23 finished with value: 7.535338878631592 and parameters: {'gradient_clip_val': 0.17941514140507234, 'hidden_size': 144, 'dropout': 0.34582754098485946, 'hidden_continuous_size': 55, 'attention_head_size': 1, 'learning_rate': 0.009331886575693804}. Best is trial 9 with value: 4.881933212280273.
LOCAL_RANK: 0 - CUDA_VISIBLE_DEVICES: [0]
[I 2023-11-30 09:00:57,000] Trial 24 finished with value: 5.923969268798828 and parameters: {'gradient_clip_val': 0.25945485929813844, 'hidden_size': 83, 'dropout': 0.36851397645406103, 'hidden_continuous_size': 32, 'attention_head_size': 2, 'learning_rate': 0.01171884619707505}. Best is trial 9 with value: 4.881933212280273.
LOCAL_RANK: 0 - CUDA_VISIBLE_DEVICES: [0]
[I 2023-11-30 09:01:11,305] Trial 25 finished with value: 6.2500457763671875 and parameters: {'gradient_clip_val': 0.10037069311966215, 'hidden_size': 121, 'dropout': 0.300206290871349, 'hidden_continuous_size': 54, 'attention_head_size': 1, 'learning_rate': 0.007378034789124359}. Best is trial 9 with value: 4.881933212280273.
LOCAL_RANK: 0 - CUDA_VISIBLE_DEVICES: [0]
[I 2023-11-30 09:01:25,386] Trial 26 finished with value: 4.856107234954834 and parameters: {'gradient_clip_val': 0.13661641304790717, 'hidden_size': 144, 'dropout': 0.2832744621920766, 'hidden_continuous_size': 26, 'attention_head_size': 3, 'learning_rate': 0.0036987239706683587}. Best is trial 26 with value: 4.856107234954834.
LOCAL_RANK: 0 - CUDA_VISIBLE_DEVICES: [0]
[I 2023-11-30 09:01:38,932] Trial 27 finished with value: 5.615052700042725 and parameters: {'gradient_clip_val': 0.16069614614920802, 'hidden_size': 68, 'dropout': 0.28496673891014634, 'hidden_continuous_size': 21, 'attention_head_size': 3, 'learning_rate': 0.013711966909945503}. Best is trial 26 with value: 4.856107234954834.
LOCAL_RANK: 0 - CUDA_VISIBLE_DEVICES: [0]
[I 2023-11-30 09:01:52,589] Trial 28 finished with value: 6.214635848999023 and parameters: {'gradient_clip_val': 0.19193216427906548, 'hidden_size': 89, 'dropout': 0.2657732242834461, 'hidden_continuous_size': 17, 'attention_head_size': 3, 'learning_rate': 0.020022260556606847}. Best is trial 26 with value: 4.856107234954834.
LOCAL_RANK: 0 - CUDA_VISIBLE_DEVICES: [0]
[I 2023-11-30 09:02:05,001] Trial 29 finished with value: 5.750304698944092 and parameters: {'gradient_clip_val': 0.23745250985012425, 'hidden_size': 11, 'dropout': 0.21553464919185716, 'hidden_continuous_size': 10, 'attention_head_size': 3, 'learning_rate': 0.05160966518823397}. Best is trial 26 with value: 4.856107234954834.
LOCAL_RANK: 0 - CUDA_VISIBLE_DEVICES: [0]
[I 2023-11-30 09:02:18,994] Trial 30 finished with value: 7.342109680175781 and parameters: {'gradient_clip_val': 0.19826236987397317, 'hidden_size': 114, 'dropout': 0.1853229693271919, 'hidden_continuous_size': 14, 'attention_head_size': 3, 'learning_rate': 0.03291156846810739}. Best is trial 26 with value: 4.856107234954834.
LOCAL_RANK: 0 - CUDA_VISIBLE_DEVICES: [0]
[I 2023-11-30 09:02:33,287] Trial 31 finished with value: 6.480635166168213 and parameters: {'gradient_clip_val': 0.12907653232292096, 'hidden_size': 149, 'dropout': 0.32096875700384536, 'hidden_continuous_size': 30, 'attention_head_size': 1, 'learning_rate': 0.0037566804613626196}. Best is trial 26 with value: 4.856107234954834.
LOCAL_RANK: 0 - CUDA_VISIBLE_DEVICES: [0]
[I 2023-11-30 09:02:47,680] Trial 32 finished with value: 5.258615493774414 and parameters: {'gradient_clip_val': 0.11225790278449324, 'hidden_size': 150, 'dropout': 0.29168169067917904, 'hidden_continuous_size': 27, 'attention_head_size': 2, 'learning_rate': 0.09496889771878682}. Best is trial 26 with value: 4.856107234954834.
LOCAL_RANK: 0 - CUDA_VISIBLE_DEVICES: [0]
[I 2023-11-30 09:03:01,558] Trial 33 finished with value: 7.5864715576171875 and parameters: {'gradient_clip_val': 0.11814042507179387, 'hidden_size': 121, 'dropout': 0.2320021438794593, 'hidden_continuous_size': 24, 'attention_head_size': 2, 'learning_rate': 0.093442425965585}. Best is trial 26 with value: 4.856107234954834.
LOCAL_RANK: 0 - CUDA_VISIBLE_DEVICES: [0]
[I 2023-11-30 09:03:15,956] Trial 34 finished with value: 10.11452579498291 and parameters: {'gradient_clip_val': 0.1435547916470444, 'hidden_size': 133, 'dropout': 0.2836449420008226, 'hidden_continuous_size': 36, 'attention_head_size': 2, 'learning_rate': 0.08154208747763574}. Best is trial 26 with value: 4.856107234954834.
LOCAL_RANK: 0 - CUDA_VISIBLE_DEVICES: [0]
[I 2023-11-30 09:03:30,105] Trial 35 finished with value: 9.813668251037598 and parameters: {'gradient_clip_val': 0.11508572898735094, 'hidden_size': 148, 'dropout': 0.25459702841537996, 'hidden_continuous_size': 27, 'attention_head_size': 2, 'learning_rate': 0.06241390791534651}. Best is trial 26 with value: 4.856107234954834.
LOCAL_RANK: 0 - CUDA_VISIBLE_DEVICES: [0]
[I 2023-11-30 09:03:44,150] Trial 36 finished with value: 5.959558963775635 and parameters: {'gradient_clip_val': 0.14603405990977747, 'hidden_size': 110, 'dropout': 0.2809881688245377, 'hidden_continuous_size': 32, 'attention_head_size': 3, 'learning_rate': 0.010359643633399545}. Best is trial 26 with value: 4.856107234954834.
LOCAL_RANK: 0 - CUDA_VISIBLE_DEVICES: [0]
[I 2023-11-30 09:03:58,302] Trial 37 finished with value: 5.681690692901611 and parameters: {'gradient_clip_val': 0.16960506735532158, 'hidden_size': 125, 'dropout': 0.33304091311829254, 'hidden_continuous_size': 26, 'attention_head_size': 2, 'learning_rate': 0.07467514782008824}. Best is trial 26 with value: 4.856107234954834.
LOCAL_RANK: 0 - CUDA_VISIBLE_DEVICES: [0]
[I 2023-11-30 09:04:12,050] Trial 38 finished with value: 9.30324935913086 and parameters: {'gradient_clip_val': 0.11568606904015655, 'hidden_size': 93, 'dropout': 0.3069275908192442, 'hidden_continuous_size': 22, 'attention_head_size': 2, 'learning_rate': 0.09969483311489483}. Best is trial 26 with value: 4.856107234954834.
LOCAL_RANK: 0 - CUDA_VISIBLE_DEVICES: [0]
[I 2023-11-30 09:04:25,885] Trial 39 finished with value: 8.467864036560059 and parameters: {'gradient_clip_val': 0.14920073174427845, 'hidden_size': 79, 'dropout': 0.25863596237926906, 'hidden_continuous_size': 19, 'attention_head_size': 3, 'learning_rate': 0.05533524503184206}. Best is trial 26 with value: 4.856107234954834.
LOCAL_RANK: 0 - CUDA_VISIBLE_DEVICES: [0]
[I 2023-11-30 09:04:39,736] Trial 40 finished with value: 6.993093490600586 and parameters: {'gradient_clip_val': 0.18944616328654035, 'hidden_size': 107, 'dropout': 0.27230217268625695, 'hidden_continuous_size': 13, 'attention_head_size': 4, 'learning_rate': 0.03633644785263419}. Best is trial 26 with value: 4.856107234954834.
LOCAL_RANK: 0 - CUDA_VISIBLE_DEVICES: [0]
[I 2023-11-30 09:04:53,838] Trial 41 finished with value: 5.651166915893555 and parameters: {'gradient_clip_val': 0.11096367228758226, 'hidden_size': 130, 'dropout': 0.2946185725560507, 'hidden_continuous_size': 29, 'attention_head_size': 1, 'learning_rate': 0.0037076110214978785}. Best is trial 26 with value: 4.856107234954834.
LOCAL_RANK: 0 - CUDA_VISIBLE_DEVICES: [0]
[I 2023-11-30 09:05:08,127] Trial 42 finished with value: 5.841371059417725 and parameters: {'gradient_clip_val': 0.12415110645136171, 'hidden_size': 135, 'dropout': 0.32323600197195934, 'hidden_continuous_size': 35, 'attention_head_size': 1, 'learning_rate': 0.006561862268118104}. Best is trial 26 with value: 4.856107234954834.
LOCAL_RANK: 0 - CUDA_VISIBLE_DEVICES: [0]
[I 2023-11-30 09:05:22,519] Trial 43 finished with value: 7.29651403427124 and parameters: {'gradient_clip_val': 0.13511932007971078, 'hidden_size': 147, 'dropout': 0.36068634866426696, 'hidden_continuous_size': 24, 'attention_head_size': 2, 'learning_rate': 0.06661411798136503}. Best is trial 26 with value: 4.856107234954834.
LOCAL_RANK: 0 - CUDA_VISIBLE_DEVICES: [0]
[I 2023-11-30 09:05:36,331] Trial 44 finished with value: 5.6619133949279785 and parameters: {'gradient_clip_val': 0.10998125075979122, 'hidden_size': 91, 'dropout': 0.33053975663502716, 'hidden_continuous_size': 26, 'attention_head_size': 1, 'learning_rate': 0.008750695328416975}. Best is trial 26 with value: 4.856107234954834.
LOCAL_RANK: 0 - CUDA_VISIBLE_DEVICES: [0]
[I 2023-11-30 09:05:50,148] Trial 45 finished with value: 5.91417121887207 and parameters: {'gradient_clip_val': 0.15786796644434758, 'hidden_size': 113, 'dropout': 0.3543789489022165, 'hidden_continuous_size': 15, 'attention_head_size': 2, 'learning_rate': 0.002413690794472575}. Best is trial 26 with value: 4.856107234954834.
LOCAL_RANK: 0 - CUDA_VISIBLE_DEVICES: [0]
[I 2023-11-30 09:06:04,268] Trial 46 finished with value: 5.7470703125 and parameters: {'gradient_clip_val': 0.12532148656991107, 'hidden_size': 126, 'dropout': 0.38421902773178673, 'hidden_continuous_size': 18, 'attention_head_size': 3, 'learning_rate': 0.009389801444576743}. Best is trial 26 with value: 4.856107234954834.
LOCAL_RANK: 0 - CUDA_VISIBLE_DEVICES: [0]
[I 2023-11-30 09:06:18,098] Trial 47 finished with value: 6.497325420379639 and parameters: {'gradient_clip_val': 0.10807168049165682, 'hidden_size': 74, 'dropout': 0.27192876367211466, 'hidden_continuous_size': 21, 'attention_head_size': 4, 'learning_rate': 0.04227914408816151}. Best is trial 26 with value: 4.856107234954834.
LOCAL_RANK: 0 - CUDA_VISIBLE_DEVICES: [0]
[I 2023-11-30 09:06:31,624] Trial 48 finished with value: 6.257018566131592 and parameters: {'gradient_clip_val': 0.17157387532533513, 'hidden_size': 100, 'dropout': 0.295358507190511, 'hidden_continuous_size': 18, 'attention_head_size': 1, 'learning_rate': 0.027873963503668994}. Best is trial 26 with value: 4.856107234954834.
LOCAL_RANK: 0 - CUDA_VISIBLE_DEVICES: [0]
[I 2023-11-30 09:06:44,600] Trial 49 finished with value: 5.143661975860596 and parameters: {'gradient_clip_val': 0.10045651703152679, 'hidden_size': 39, 'dropout': 0.30939623595486243, 'hidden_continuous_size': 23, 'attention_head_size': 2, 'learning_rate': 0.019084894961180744}. Best is trial 26 with value: 4.856107234954834.
LOCAL_RANK: 0 - CUDA_VISIBLE_DEVICES: [0]
