[I 2023-11-30 06:30:55,931] Trial 98 finished with value: 80.31686401367188 and parameters: {'gradient_clip_val': 0.3480687971993788, 'hidden_size': 57, 'dropout': 0.17833958774092581, 'hidden_continuous_size': 25, 'attention_head_size': 3, 'learning_rate': 0.006686033450994376}. Best is trial 93 with value: 68.1104736328125.
LOCAL_RANK: 0 - CUDA_VISIBLE_DEVICES: [0]
[I 2023-11-30 06:31:10,034] Trial 99 finished with value: 77.31356811523438 and parameters: {'gradient_clip_val': 0.3875384423282385, 'hidden_size': 115, 'dropout': 0.11999396746770516, 'hidden_continuous_size': 31, 'attention_head_size': 3, 'learning_rate': 0.008233439976210552}. Best is trial 93 with value: 68.1104736328125.
LOCAL_RANK: 0 - CUDA_VISIBLE_DEVICES: [0]
[I 2023-11-30 06:31:24,330] Trial 100 finished with value: 92.63800811767578 and parameters: {'gradient_clip_val': 0.47035905885455703, 'hidden_size': 127, 'dropout': 0.14410288846423985, 'hidden_continuous_size': 20, 'attention_head_size': 3, 'learning_rate': 0.006368379550310036}. Best is trial 93 with value: 68.1104736328125.
LOCAL_RANK: 0 - CUDA_VISIBLE_DEVICES: [0]
[I 2023-11-30 06:31:37,899] Trial 101 finished with value: 79.43431091308594 and parameters: {'gradient_clip_val': 0.3614299200465891, 'hidden_size': 69, 'dropout': 0.11582133006291626, 'hidden_continuous_size': 25, 'attention_head_size': 3, 'learning_rate': 0.009071185778710779}. Best is trial 93 with value: 68.1104736328125.
LOCAL_RANK: 0 - CUDA_VISIBLE_DEVICES: [0]
[I 2023-11-30 06:31:51,399] Trial 102 finished with value: 69.08911895751953 and parameters: {'gradient_clip_val': 0.3239814723919919, 'hidden_size': 61, 'dropout': 0.12440148501126881, 'hidden_continuous_size': 26, 'attention_head_size': 3, 'learning_rate': 0.010382331981269057}. Best is trial 93 with value: 68.1104736328125.
LOCAL_RANK: 0 - CUDA_VISIBLE_DEVICES: [0]
[I 2023-11-30 06:32:05,116] Trial 103 finished with value: 77.73553466796875 and parameters: {'gradient_clip_val': 0.33007660854433674, 'hidden_size': 78, 'dropout': 0.10802614861940657, 'hidden_continuous_size': 28, 'attention_head_size': 3, 'learning_rate': 0.010236796774588728}. Best is trial 93 with value: 68.1104736328125.
LOCAL_RANK: 0 - CUDA_VISIBLE_DEVICES: [0]
[I 2023-11-30 06:32:18,616] Trial 104 finished with value: 79.16504669189453 and parameters: {'gradient_clip_val': 0.3003847634519006, 'hidden_size': 62, 'dropout': 0.1370553529134593, 'hidden_continuous_size': 23, 'attention_head_size': 3, 'learning_rate': 0.007582322307910325}. Best is trial 93 with value: 68.1104736328125.
LOCAL_RANK: 0 - CUDA_VISIBLE_DEVICES: [0]
[I 2023-11-30 06:32:32,426] Trial 105 finished with value: 75.53539276123047 and parameters: {'gradient_clip_val': 0.40779262214635964, 'hidden_size': 72, 'dropout': 0.1268890075670651, 'hidden_continuous_size': 25, 'attention_head_size': 3, 'learning_rate': 0.005743460780620841}. Best is trial 93 with value: 68.1104736328125.
LOCAL_RANK: 0 - CUDA_VISIBLE_DEVICES: [0]
[I 2023-11-30 06:32:45,711] Trial 106 finished with value: 80.2188491821289 and parameters: {'gradient_clip_val': 0.35115843250578255, 'hidden_size': 55, 'dropout': 0.15442148457747537, 'hidden_continuous_size': 22, 'attention_head_size': 3, 'learning_rate': 0.012411645529718388}. Best is trial 93 with value: 68.1104736328125.
LOCAL_RANK: 0 - CUDA_VISIBLE_DEVICES: [0]
[I 2023-11-30 06:32:59,702] Trial 107 finished with value: 83.02578735351562 and parameters: {'gradient_clip_val': 0.3086411671889004, 'hidden_size': 105, 'dropout': 0.11503810834752003, 'hidden_continuous_size': 27, 'attention_head_size': 3, 'learning_rate': 0.008600110930221248}. Best is trial 93 with value: 68.1104736328125.
LOCAL_RANK: 0 - CUDA_VISIBLE_DEVICES: [0]
[I 2023-11-30 06:33:13,346] Trial 108 finished with value: 70.3456039428711 and parameters: {'gradient_clip_val': 0.42774091084899496, 'hidden_size': 83, 'dropout': 0.10555987027152404, 'hidden_continuous_size': 27, 'attention_head_size': 3, 'learning_rate': 0.006915215539525057}. Best is trial 93 with value: 68.1104736328125.
LOCAL_RANK: 0 - CUDA_VISIBLE_DEVICES: [0]
[I 2023-11-30 06:33:27,014] Trial 109 finished with value: 81.10594177246094 and parameters: {'gradient_clip_val': 0.42787119801330425, 'hidden_size': 82, 'dropout': 0.10016205537250181, 'hidden_continuous_size': 28, 'attention_head_size': 3, 'learning_rate': 0.005301557385274853}. Best is trial 93 with value: 68.1104736328125.
LOCAL_RANK: 0 - CUDA_VISIBLE_DEVICES: [0]
[I 2023-11-30 06:33:41,048] Trial 110 finished with value: 75.7761001586914 and parameters: {'gradient_clip_val': 0.5125655369262822, 'hidden_size': 96, 'dropout': 0.10749162496385593, 'hidden_continuous_size': 36, 'attention_head_size': 3, 'learning_rate': 0.00695216699563273}. Best is trial 93 with value: 68.1104736328125.
LOCAL_RANK: 0 - CUDA_VISIBLE_DEVICES: [0]
[I 2023-11-30 06:33:54,782] Trial 111 finished with value: 82.15568542480469 and parameters: {'gradient_clip_val': 0.387800051090653, 'hidden_size': 89, 'dropout': 0.11827259230880066, 'hidden_continuous_size': 24, 'attention_head_size': 3, 'learning_rate': 0.009785589505146668}. Best is trial 93 with value: 68.1104736328125.
LOCAL_RANK: 0 - CUDA_VISIBLE_DEVICES: [0]
[I 2023-11-30 06:34:08,441] Trial 112 finished with value: 73.8211898803711 and parameters: {'gradient_clip_val': 0.4162247535375427, 'hidden_size': 76, 'dropout': 0.12395221539510748, 'hidden_continuous_size': 29, 'attention_head_size': 3, 'learning_rate': 0.011274898981849801}. Best is trial 93 with value: 68.1104736328125.
LOCAL_RANK: 0 - CUDA_VISIBLE_DEVICES: [0]
[I 2023-11-30 06:34:21,871] Trial 113 finished with value: 72.80309295654297 and parameters: {'gradient_clip_val': 0.46124740088227023, 'hidden_size': 60, 'dropout': 0.13082737585033058, 'hidden_continuous_size': 26, 'attention_head_size': 3, 'learning_rate': 0.008093788748954037}. Best is trial 93 with value: 68.1104736328125.
LOCAL_RANK: 0 - CUDA_VISIBLE_DEVICES: [0]
[I 2023-11-30 06:34:35,984] Trial 114 finished with value: 77.53388214111328 and parameters: {'gradient_clip_val': 0.3248738222855782, 'hidden_size': 119, 'dropout': 0.14165116190913815, 'hidden_continuous_size': 31, 'attention_head_size': 3, 'learning_rate': 0.006804722398070354}. Best is trial 93 with value: 68.1104736328125.
LOCAL_RANK: 0 - CUDA_VISIBLE_DEVICES: [0]
[I 2023-11-30 06:34:49,809] Trial 115 finished with value: 74.71587371826172 and parameters: {'gradient_clip_val': 0.44244945927210966, 'hidden_size': 66, 'dropout': 0.10677816724813542, 'hidden_continuous_size': 27, 'attention_head_size': 3, 'learning_rate': 0.006021888999607771}. Best is trial 93 with value: 68.1104736328125.
LOCAL_RANK: 0 - CUDA_VISIBLE_DEVICES: [0]
[I 2023-11-30 06:35:02,940] Trial 116 finished with value: 70.28336334228516 and parameters: {'gradient_clip_val': 0.3748932790490895, 'hidden_size': 45, 'dropout': 0.11317509191915814, 'hidden_continuous_size': 25, 'attention_head_size': 3, 'learning_rate': 0.0090974134546163}. Best is trial 93 with value: 68.1104736328125.
LOCAL_RANK: 0 - CUDA_VISIBLE_DEVICES: [0]
[I 2023-11-30 06:35:16,013] Trial 117 finished with value: 81.6078109741211 and parameters: {'gradient_clip_val': 0.37726699430492344, 'hidden_size': 42, 'dropout': 0.11158074162190013, 'hidden_continuous_size': 25, 'attention_head_size': 3, 'learning_rate': 0.00748955304225527}. Best is trial 93 with value: 68.1104736328125.
LOCAL_RANK: 0 - CUDA_VISIBLE_DEVICES: [0]
[I 2023-11-30 06:35:29,105] Trial 118 finished with value: 69.23319244384766 and parameters: {'gradient_clip_val': 0.3471456348865908, 'hidden_size': 45, 'dropout': 0.14569077454084853, 'hidden_continuous_size': 27, 'attention_head_size': 3, 'learning_rate': 0.005015435895981102}. Best is trial 93 with value: 68.1104736328125.
LOCAL_RANK: 0 - CUDA_VISIBLE_DEVICES: [0]
[I 2023-11-30 06:35:42,125] Trial 119 finished with value: 87.003173828125 and parameters: {'gradient_clip_val': 0.3469534863156498, 'hidden_size': 48, 'dropout': 0.11589973844821444, 'hidden_continuous_size': 27, 'attention_head_size': 3, 'learning_rate': 0.00503550541803981}. Best is trial 93 with value: 68.1104736328125.
LOCAL_RANK: 0 - CUDA_VISIBLE_DEVICES: [0]
[I 2023-11-30 06:35:55,593] Trial 120 finished with value: 77.37567138671875 and parameters: {'gradient_clip_val': 0.3571995904478332, 'hidden_size': 54, 'dropout': 0.13575276767064684, 'hidden_continuous_size': 24, 'attention_head_size': 3, 'learning_rate': 0.005538188611892311}. Best is trial 93 with value: 68.1104736328125.
LOCAL_RANK: 0 - CUDA_VISIBLE_DEVICES: [0]
[I 2023-11-30 06:36:08,718] Trial 121 finished with value: 74.09054565429688 and parameters: {'gradient_clip_val': 0.3877328012975639, 'hidden_size': 43, 'dropout': 0.14632294699010243, 'hidden_continuous_size': 26, 'attention_head_size': 3, 'learning_rate': 0.006341108176561806}. Best is trial 93 with value: 68.1104736328125.
LOCAL_RANK: 0 - CUDA_VISIBLE_DEVICES: [0]
[I 2023-11-30 06:36:21,867] Trial 122 finished with value: 80.3042984008789 and parameters: {'gradient_clip_val': 0.486629248267169, 'hidden_size': 51, 'dropout': 0.1618059273615152, 'hidden_continuous_size': 23, 'attention_head_size': 3, 'learning_rate': 0.009152477438933968}. Best is trial 93 with value: 68.1104736328125.
LOCAL_RANK: 0 - CUDA_VISIBLE_DEVICES: [0]
[I 2023-11-30 06:36:35,312] Trial 123 finished with value: 72.47913360595703 and parameters: {'gradient_clip_val': 0.4074343393492847, 'hidden_size': 59, 'dropout': 0.12286974375111007, 'hidden_continuous_size': 29, 'attention_head_size': 3, 'learning_rate': 0.005056307432119722}. Best is trial 93 with value: 68.1104736328125.
LOCAL_RANK: 0 - CUDA_VISIBLE_DEVICES: [0]
[I 2023-11-30 06:36:48,455] Trial 124 finished with value: 73.98570251464844 and parameters: {'gradient_clip_val': 0.3376456110266173, 'hidden_size': 46, 'dropout': 0.15433718923869172, 'hidden_continuous_size': 27, 'attention_head_size': 3, 'learning_rate': 0.011551862481066237}. Best is trial 93 with value: 68.1104736328125.
LOCAL_RANK: 0 - CUDA_VISIBLE_DEVICES: [0]
[I 2023-11-30 06:37:01,642] Trial 125 finished with value: 91.91580200195312 and parameters: {'gradient_clip_val': 0.36982277830943416, 'hidden_size': 37, 'dropout': 0.13967476945383972, 'hidden_continuous_size': 25, 'attention_head_size': 3, 'learning_rate': 0.004322402006227112}. Best is trial 93 with value: 68.1104736328125.
LOCAL_RANK: 0 - CUDA_VISIBLE_DEVICES: [0]
[I 2023-11-30 06:37:15,809] Trial 126 finished with value: 71.9564437866211 and parameters: {'gradient_clip_val': 0.5683312889764146, 'hidden_size': 136, 'dropout': 0.13168832450764162, 'hidden_continuous_size': 31, 'attention_head_size': 3, 'learning_rate': 0.00795773289733545}. Best is trial 93 with value: 68.1104736328125.
LOCAL_RANK: 0 - CUDA_VISIBLE_DEVICES: [0]
[I 2023-11-30 06:37:29,953] Trial 127 finished with value: 71.82070922851562 and parameters: {'gradient_clip_val': 0.436362556840614, 'hidden_size': 110, 'dropout': 0.17322102922048682, 'hidden_continuous_size': 33, 'attention_head_size': 3, 'learning_rate': 0.006834603603605164}. Best is trial 93 with value: 68.1104736328125.
LOCAL_RANK: 0 - CUDA_VISIBLE_DEVICES: [0]
[I 2023-11-30 06:37:43,813] Trial 128 finished with value: 74.3549575805664 and parameters: {'gradient_clip_val': 0.5266745029201076, 'hidden_size': 102, 'dropout': 0.10506726028259188, 'hidden_continuous_size': 21, 'attention_head_size': 3, 'learning_rate': 0.01056064049900852}. Best is trial 93 with value: 68.1104736328125.
LOCAL_RANK: 0 - CUDA_VISIBLE_DEVICES: [0]
[I 2023-11-30 06:37:57,040] Trial 129 finished with value: 75.06156158447266 and parameters: {'gradient_clip_val': 0.6135859778406151, 'hidden_size': 54, 'dropout': 0.3189404678791768, 'hidden_continuous_size': 28, 'attention_head_size': 3, 'learning_rate': 0.008603755816431231}. Best is trial 93 with value: 68.1104736328125.
LOCAL_RANK: 0 - CUDA_VISIBLE_DEVICES: [0]
[I 2023-11-30 06:38:10,812] Trial 130 finished with value: 73.48810577392578 and parameters: {'gradient_clip_val': 0.3961779645570824, 'hidden_size': 84, 'dropout': 0.14716201826715114, 'hidden_continuous_size': 22, 'attention_head_size': 3, 'learning_rate': 0.006093785100689236}. Best is trial 93 with value: 68.1104736328125.
LOCAL_RANK: 0 - CUDA_VISIBLE_DEVICES: [0]
[I 2023-11-30 06:38:24,311] Trial 131 finished with value: 81.193603515625 and parameters: {'gradient_clip_val': 0.317210632290093, 'hidden_size': 68, 'dropout': 0.12483252575424178, 'hidden_continuous_size': 26, 'attention_head_size': 3, 'learning_rate': 0.009953350721952465}. Best is trial 93 with value: 68.1104736328125.
LOCAL_RANK: 0 - CUDA_VISIBLE_DEVICES: [0]
[I 2023-11-30 06:38:38,209] Trial 132 finished with value: 82.23045349121094 and parameters: {'gradient_clip_val': 0.34110507334077284, 'hidden_size': 94, 'dropout': 0.1291245885959703, 'hidden_continuous_size': 30, 'attention_head_size': 3, 'learning_rate': 0.01302205102634499}. Best is trial 93 with value: 68.1104736328125.
LOCAL_RANK: 0 - CUDA_VISIBLE_DEVICES: [0]
[I 2023-11-30 06:38:51,738] Trial 133 finished with value: 74.26502227783203 and parameters: {'gradient_clip_val': 0.36509051038873813, 'hidden_size': 62, 'dropout': 0.11607630639383938, 'hidden_continuous_size': 24, 'attention_head_size': 3, 'learning_rate': 0.007529740885460107}. Best is trial 93 with value: 68.1104736328125.
LOCAL_RANK: 0 - CUDA_VISIBLE_DEVICES: [0]
[I 2023-11-30 06:39:05,263] Trial 134 finished with value: 86.0497817993164 and parameters: {'gradient_clip_val': 0.29824078204543664, 'hidden_size': 72, 'dropout': 0.13663900034578239, 'hidden_continuous_size': 25, 'attention_head_size': 2, 'learning_rate': 0.009277099416955877}. Best is trial 93 with value: 68.1104736328125.
LOCAL_RANK: 0 - CUDA_VISIBLE_DEVICES: [0]
[I 2023-11-30 06:39:19,115] Trial 135 finished with value: 75.17050170898438 and parameters: {'gradient_clip_val': 0.6738578205600542, 'hidden_size': 80, 'dropout': 0.14447037740420493, 'hidden_continuous_size': 29, 'attention_head_size': 3, 'learning_rate': 0.010626027698023606}. Best is trial 93 with value: 68.1104736328125.
LOCAL_RANK: 0 - CUDA_VISIBLE_DEVICES: [0]
[I 2023-11-30 06:39:32,478] Trial 136 finished with value: 66.09607696533203 and parameters: {'gradient_clip_val': 0.32452243059730945, 'hidden_size': 57, 'dropout': 0.3863430009631887, 'hidden_continuous_size': 26, 'attention_head_size': 3, 'learning_rate': 0.004691816082432876}. Best is trial 136 with value: 66.09607696533203.
LOCAL_RANK: 0 - CUDA_VISIBLE_DEVICES: [0]
[I 2023-11-30 06:39:45,837] Trial 137 finished with value: 71.2836685180664 and parameters: {'gradient_clip_val': 0.41841401385847005, 'hidden_size': 58, 'dropout': 0.3980154636629808, 'hidden_continuous_size': 25, 'attention_head_size': 3, 'learning_rate': 0.005661542738108973}. Best is trial 136 with value: 66.09607696533203.
LOCAL_RANK: 0 - CUDA_VISIBLE_DEVICES: [0]
[I 2023-11-30 06:39:59,365] Trial 138 finished with value: 81.68256378173828 and parameters: {'gradient_clip_val': 0.4197917805921524, 'hidden_size': 60, 'dropout': 0.3914136131548853, 'hidden_continuous_size': 28, 'attention_head_size': 3, 'learning_rate': 0.00447408733219362}. Best is trial 136 with value: 66.09607696533203.
LOCAL_RANK: 0 - CUDA_VISIBLE_DEVICES: [0]
[I 2023-11-30 06:40:12,534] Trial 139 finished with value: 74.67610168457031 and parameters: {'gradient_clip_val': 0.4576531951234536, 'hidden_size': 56, 'dropout': 0.396755223950213, 'hidden_continuous_size': 26, 'attention_head_size': 3, 'learning_rate': 0.005295059692472023}. Best is trial 136 with value: 66.09607696533203.
LOCAL_RANK: 0 - CUDA_VISIBLE_DEVICES: [0]
[I 2023-11-30 06:40:25,891] Trial 140 finished with value: 83.8333740234375 and parameters: {'gradient_clip_val': 0.38194244731212434, 'hidden_size': 49, 'dropout': 0.38802471136251604, 'hidden_continuous_size': 27, 'attention_head_size': 3, 'learning_rate': 0.0048437512010158215}. Best is trial 136 with value: 66.09607696533203.
LOCAL_RANK: 0 - CUDA_VISIBLE_DEVICES: [0]
[I 2023-11-30 06:40:39,144] Trial 141 finished with value: 79.5910415649414 and parameters: {'gradient_clip_val': 0.3485619282517648, 'hidden_size': 58, 'dropout': 0.38325182034304295, 'hidden_continuous_size': 25, 'attention_head_size': 3, 'learning_rate': 0.0038729290515085914}. Best is trial 136 with value: 66.09607696533203.
LOCAL_RANK: 0 - CUDA_VISIBLE_DEVICES: [0]
[I 2023-11-30 06:40:52,467] Trial 142 finished with value: 80.80208587646484 and parameters: {'gradient_clip_val': 0.31607466794344685, 'hidden_size': 50, 'dropout': 0.35987628304363417, 'hidden_continuous_size': 23, 'attention_head_size': 3, 'learning_rate': 0.005716256946132462}. Best is trial 136 with value: 66.09607696533203.
LOCAL_RANK: 0 - CUDA_VISIBLE_DEVICES: [0]
[I 2023-11-30 06:41:05,875] Trial 143 finished with value: 75.4061050415039 and parameters: {'gradient_clip_val': 0.7798928338102775, 'hidden_size': 64, 'dropout': 0.3864453482520153, 'hidden_continuous_size': 24, 'attention_head_size': 3, 'learning_rate': 0.006538399544335153}. Best is trial 136 with value: 66.09607696533203.
LOCAL_RANK: 0 - CUDA_VISIBLE_DEVICES: [0]
[I 2023-11-30 06:41:19,085] Trial 144 finished with value: 79.85205078125 and parameters: {'gradient_clip_val': 0.28245776113931415, 'hidden_size': 46, 'dropout': 0.3793201635154897, 'hidden_continuous_size': 26, 'attention_head_size': 3, 'learning_rate': 0.007038857273191997}. Best is trial 136 with value: 66.09607696533203.
LOCAL_RANK: 0 - CUDA_VISIBLE_DEVICES: [0]
[I 2023-11-30 06:41:33,747] Trial 145 finished with value: 73.97123718261719 and parameters: {'gradient_clip_val': 0.4085110028171174, 'hidden_size': 150, 'dropout': 0.39320861577482197, 'hidden_continuous_size': 32, 'attention_head_size': 3, 'learning_rate': 0.004355921775586391}. Best is trial 136 with value: 66.09607696533203.
LOCAL_RANK: 0 - CUDA_VISIBLE_DEVICES: [0]
[I 2023-11-30 06:41:46,887] Trial 146 finished with value: 74.6524429321289 and parameters: {'gradient_clip_val': 0.7084274580117407, 'hidden_size': 52, 'dropout': 0.36995412944983125, 'hidden_continuous_size': 25, 'attention_head_size': 3, 'learning_rate': 0.004825127660774446}. Best is trial 136 with value: 66.09607696533203.
LOCAL_RANK: 0 - CUDA_VISIBLE_DEVICES: [0]
[I 2023-11-30 06:42:00,291] Trial 147 finished with value: 76.41217803955078 and parameters: {'gradient_clip_val': 0.47912477340647885, 'hidden_size': 55, 'dropout': 0.37723631731734236, 'hidden_continuous_size': 28, 'attention_head_size': 3, 'learning_rate': 0.005971654541326431}. Best is trial 136 with value: 66.09607696533203.
LOCAL_RANK: 0 - CUDA_VISIBLE_DEVICES: [0]
[I 2023-11-30 06:42:14,359] Trial 148 finished with value: 70.50521850585938 and parameters: {'gradient_clip_val': 0.8282814875706653, 'hidden_size': 125, 'dropout': 0.33470299291105854, 'hidden_continuous_size': 22, 'attention_head_size': 3, 'learning_rate': 0.008158978811402652}. Best is trial 136 with value: 66.09607696533203.
LOCAL_RANK: 0 - CUDA_VISIBLE_DEVICES: [0]
[I 2023-11-30 06:42:28,761] Trial 149 finished with value: 70.38582611083984 and parameters: {'gradient_clip_val': 0.3647701860890051, 'hidden_size': 141, 'dropout': 0.3426692321700415, 'hidden_continuous_size': 22, 'attention_head_size': 3, 'learning_rate': 0.008078536105880493}. Best is trial 136 with value: 66.09607696533203.
[I 2023-11-30 06:42:28,870] A new study created in memory with name: no-name-04aefcdd-b30c-4053-9429-5ec4ca68936e
/home/le004/conda/anaconda3/envs/tsff_env/lib/python3.9/site-packages/lightning/fabric/plugins/environments/slurm.py:191: The `srun` command is available on your system but is not used. HINT: If your intention is to run Lightning on SLURM, prepend your python command with `srun` like so: srun python /home/le004/master_thesis/git/TSFusionForecast/code/ ...
LOCAL_RANK: 0 - CUDA_VISIBLE_DEVICES: [0]
[I 2023-11-30 06:42:41,609] Trial 0 finished with value: 16.708141326904297 and parameters: {'gradient_clip_val': 0.135085690410391, 'hidden_size': 22, 'dropout': 0.2929102157460163, 'hidden_continuous_size': 20, 'attention_head_size': 4, 'learning_rate': 0.002343916657152385}. Best is trial 0 with value: 16.708141326904297.
LOCAL_RANK: 0 - CUDA_VISIBLE_DEVICES: [0]
[I 2023-11-30 06:42:52,024] Trial 1 finished with value: 10.284562110900879 and parameters: {'gradient_clip_val': 0.14327231003067178, 'hidden_size': 10, 'dropout': 0.28313917758971174, 'hidden_continuous_size': 10, 'attention_head_size': 2, 'learning_rate': 0.02467623145697511}. Best is trial 1 with value: 10.284562110900879.
LOCAL_RANK: 0 - CUDA_VISIBLE_DEVICES: [0]
[I 2023-11-30 06:43:04,418] Trial 2 finished with value: 8.108917236328125 and parameters: {'gradient_clip_val': 0.14076137930408583, 'hidden_size': 28, 'dropout': 0.3160259747941081, 'hidden_continuous_size': 23, 'attention_head_size': 1, 'learning_rate': 0.01873418888804333}. Best is trial 2 with value: 8.108917236328125.
LOCAL_RANK: 0 - CUDA_VISIBLE_DEVICES: [0]
[I 2023-11-30 06:43:18,078] Trial 3 finished with value: 14.926780700683594 and parameters: {'gradient_clip_val': 0.2418732407391166, 'hidden_size': 94, 'dropout': 0.23439497499143552, 'hidden_continuous_size': 23, 'attention_head_size': 2, 'learning_rate': 0.0011755913499114402}. Best is trial 2 with value: 8.108917236328125.
LOCAL_RANK: 0 - CUDA_VISIBLE_DEVICES: [0]
[I 2023-11-30 06:43:30,872] Trial 4 finished with value: 5.931822299957275 and parameters: {'gradient_clip_val': 0.5239939820801782, 'hidden_size': 33, 'dropout': 0.38872338164957587, 'hidden_continuous_size': 20, 'attention_head_size': 2, 'learning_rate': 0.023192598283690687}. Best is trial 4 with value: 5.931822299957275.
LOCAL_RANK: 0 - CUDA_VISIBLE_DEVICES: [0]
[I 2023-11-30 06:43:41,470] Trial 5 finished with value: 5.640901565551758 and parameters: {'gradient_clip_val': 0.8317506232769134, 'hidden_size': 12, 'dropout': 0.21496680156643327, 'hidden_continuous_size': 12, 'attention_head_size': 4, 'learning_rate': 0.0689364434015912}. Best is trial 5 with value: 5.640901565551758.
LOCAL_RANK: 0 - CUDA_VISIBLE_DEVICES: [0]
