[I 2023-11-29 20:44:10,796] Trial 23 finished with value: 7.427460193634033 and parameters: {'gradient_clip_val': 0.23530848011249242, 'hidden_size': 109, 'dropout': 0.35024695733772643, 'hidden_continuous_size': 76, 'attention_head_size': 1, 'learning_rate': 0.03812612053509372}. Best is trial 16 with value: 5.946585178375244.
LOCAL_RANK: 0 - CUDA_VISIBLE_DEVICES: [0]
[I 2023-11-29 20:44:24,319] Trial 24 finished with value: 7.909268856048584 and parameters: {'gradient_clip_val': 0.1784463388034502, 'hidden_size': 56, 'dropout': 0.3808503861947314, 'hidden_continuous_size': 34, 'attention_head_size': 2, 'learning_rate': 0.06570397668356509}. Best is trial 16 with value: 5.946585178375244.
LOCAL_RANK: 0 - CUDA_VISIBLE_DEVICES: [0]
[I 2023-11-29 20:44:38,524] Trial 25 finished with value: 12.478423118591309 and parameters: {'gradient_clip_val': 0.12224905130036663, 'hidden_size': 91, 'dropout': 0.29730093722850875, 'hidden_continuous_size': 76, 'attention_head_size': 1, 'learning_rate': 0.09600807696069491}. Best is trial 16 with value: 5.946585178375244.
LOCAL_RANK: 0 - CUDA_VISIBLE_DEVICES: [0]
[I 2023-11-29 20:44:52,946] Trial 26 finished with value: 15.541947364807129 and parameters: {'gradient_clip_val': 0.17012875680528053, 'hidden_size': 119, 'dropout': 0.33791690839847627, 'hidden_continuous_size': 91, 'attention_head_size': 1, 'learning_rate': 0.04531060503831265}. Best is trial 16 with value: 5.946585178375244.
LOCAL_RANK: 0 - CUDA_VISIBLE_DEVICES: [0]
[I 2023-11-29 20:45:06,921] Trial 27 finished with value: 11.630282402038574 and parameters: {'gradient_clip_val': 0.2258896495944184, 'hidden_size': 82, 'dropout': 0.37410054795657915, 'hidden_continuous_size': 56, 'attention_head_size': 2, 'learning_rate': 0.029863525591096646}. Best is trial 16 with value: 5.946585178375244.
LOCAL_RANK: 0 - CUDA_VISIBLE_DEVICES: [0]
[I 2023-11-29 20:45:21,484] Trial 28 finished with value: 13.40463638305664 and parameters: {'gradient_clip_val': 0.26624349939657743, 'hidden_size': 146, 'dropout': 0.34855325248924435, 'hidden_continuous_size': 94, 'attention_head_size': 1, 'learning_rate': 0.07088755183413153}. Best is trial 16 with value: 5.946585178375244.
LOCAL_RANK: 0 - CUDA_VISIBLE_DEVICES: [0]
[I 2023-11-29 20:45:35,196] Trial 29 finished with value: 10.053019523620605 and parameters: {'gradient_clip_val': 0.15682399988130824, 'hidden_size': 61, 'dropout': 0.31821791562930235, 'hidden_continuous_size': 44, 'attention_head_size': 2, 'learning_rate': 0.04877083962996357}. Best is trial 16 with value: 5.946585178375244.
LOCAL_RANK: 0 - CUDA_VISIBLE_DEVICES: [0]
[I 2023-11-29 20:45:48,571] Trial 30 finished with value: 14.757245063781738 and parameters: {'gradient_clip_val': 0.20070305732786442, 'hidden_size': 49, 'dropout': 0.2847027165929613, 'hidden_continuous_size': 37, 'attention_head_size': 1, 'learning_rate': 0.05642406843279874}. Best is trial 16 with value: 5.946585178375244.
LOCAL_RANK: 0 - CUDA_VISIBLE_DEVICES: [0]
[I 2023-11-29 20:46:02,471] Trial 31 finished with value: 12.0943021774292 and parameters: {'gradient_clip_val': 0.14128439229439863, 'hidden_size': 96, 'dropout': 0.38820913178608607, 'hidden_continuous_size': 64, 'attention_head_size': 1, 'learning_rate': 0.09908038457270624}. Best is trial 16 with value: 5.946585178375244.
LOCAL_RANK: 0 - CUDA_VISIBLE_DEVICES: [0]
[I 2023-11-29 20:46:16,454] Trial 32 finished with value: 8.645317077636719 and parameters: {'gradient_clip_val': 0.13140367761520363, 'hidden_size': 102, 'dropout': 0.3849439468576037, 'hidden_continuous_size': 60, 'attention_head_size': 1, 'learning_rate': 0.07067158895507147}. Best is trial 16 with value: 5.946585178375244.
LOCAL_RANK: 0 - CUDA_VISIBLE_DEVICES: [0]
[I 2023-11-29 20:46:30,307] Trial 33 finished with value: 11.10181713104248 and parameters: {'gradient_clip_val': 0.15810056173861595, 'hidden_size': 74, 'dropout': 0.3610374222122794, 'hidden_continuous_size': 57, 'attention_head_size': 1, 'learning_rate': 0.07669303062348419}. Best is trial 16 with value: 5.946585178375244.
LOCAL_RANK: 0 - CUDA_VISIBLE_DEVICES: [0]
[I 2023-11-29 20:46:44,714] Trial 34 finished with value: 9.661075592041016 and parameters: {'gradient_clip_val': 0.13125752493546128, 'hidden_size': 119, 'dropout': 0.3305881530425566, 'hidden_continuous_size': 84, 'attention_head_size': 1, 'learning_rate': 0.04803521234987013}. Best is trial 16 with value: 5.946585178375244.
LOCAL_RANK: 0 - CUDA_VISIBLE_DEVICES: [0]
[I 2023-11-29 20:46:59,097] Trial 35 finished with value: 10.798810005187988 and parameters: {'gradient_clip_val': 0.17310434225376747, 'hidden_size': 89, 'dropout': 0.3995859211291224, 'hidden_continuous_size': 70, 'attention_head_size': 2, 'learning_rate': 0.07949720881159125}. Best is trial 16 with value: 5.946585178375244.
LOCAL_RANK: 0 - CUDA_VISIBLE_DEVICES: [0]
[I 2023-11-29 20:47:12,654] Trial 36 finished with value: 8.875584602355957 and parameters: {'gradient_clip_val': 0.15264527379787515, 'hidden_size': 68, 'dropout': 0.3803017906732452, 'hidden_continuous_size': 53, 'attention_head_size': 1, 'learning_rate': 0.09974657048393773}. Best is trial 16 with value: 5.946585178375244.
LOCAL_RANK: 0 - CUDA_VISIBLE_DEVICES: [0]
[I 2023-11-29 20:47:26,867] Trial 37 finished with value: 7.097280502319336 and parameters: {'gradient_clip_val': 0.11408614048071082, 'hidden_size': 83, 'dropout': 0.364603423086374, 'hidden_continuous_size': 66, 'attention_head_size': 2, 'learning_rate': 0.0462739697213885}. Best is trial 16 with value: 5.946585178375244.
LOCAL_RANK: 0 - CUDA_VISIBLE_DEVICES: [0]
[I 2023-11-29 20:47:40,830] Trial 38 finished with value: 6.6638031005859375 and parameters: {'gradient_clip_val': 0.11523906069700507, 'hidden_size': 85, 'dropout': 0.3294432888097467, 'hidden_continuous_size': 60, 'attention_head_size': 2, 'learning_rate': 0.04433542899062336}. Best is trial 16 with value: 5.946585178375244.
LOCAL_RANK: 0 - CUDA_VISIBLE_DEVICES: [0]
[I 2023-11-29 20:47:55,520] Trial 39 finished with value: 17.165437698364258 and parameters: {'gradient_clip_val': 0.11149224279367004, 'hidden_size': 115, 'dropout': 0.24783401544537137, 'hidden_continuous_size': 83, 'attention_head_size': 3, 'learning_rate': 0.05932980781348127}. Best is trial 16 with value: 5.946585178375244.
LOCAL_RANK: 0 - CUDA_VISIBLE_DEVICES: [0]
[I 2023-11-29 20:48:09,361] Trial 40 finished with value: 8.685951232910156 and parameters: {'gradient_clip_val': 0.1003925638959984, 'hidden_size': 80, 'dropout': 0.3315014975802299, 'hidden_continuous_size': 61, 'attention_head_size': 2, 'learning_rate': 0.07021129271900174}. Best is trial 16 with value: 5.946585178375244.
LOCAL_RANK: 0 - CUDA_VISIBLE_DEVICES: [0]
[I 2023-11-29 20:48:23,425] Trial 41 finished with value: 13.615824699401855 and parameters: {'gradient_clip_val': 0.11326680743859092, 'hidden_size': 87, 'dropout': 0.3594278275006371, 'hidden_continuous_size': 64, 'attention_head_size': 2, 'learning_rate': 0.04110502320641785}. Best is trial 16 with value: 5.946585178375244.
LOCAL_RANK: 0 - CUDA_VISIBLE_DEVICES: [0]
[I 2023-11-29 20:48:38,046] Trial 42 finished with value: 8.760055541992188 and parameters: {'gradient_clip_val': 0.12104286030339675, 'hidden_size': 129, 'dropout': 0.34875766984098655, 'hidden_continuous_size': 96, 'attention_head_size': 2, 'learning_rate': 0.05081460486577909}. Best is trial 16 with value: 5.946585178375244.
LOCAL_RANK: 0 - CUDA_VISIBLE_DEVICES: [0]
[I 2023-11-29 20:48:52,221] Trial 43 finished with value: 7.112223148345947 and parameters: {'gradient_clip_val': 0.13238030854325505, 'hidden_size': 102, 'dropout': 0.3722636847220423, 'hidden_continuous_size': 45, 'attention_head_size': 3, 'learning_rate': 0.027947779971251707}. Best is trial 16 with value: 5.946585178375244.
LOCAL_RANK: 0 - CUDA_VISIBLE_DEVICES: [0]
[I 2023-11-29 20:49:06,128] Trial 44 finished with value: 6.150661945343018 and parameters: {'gradient_clip_val': 0.10877295627255805, 'hidden_size': 63, 'dropout': 0.3846926445278773, 'hidden_continuous_size': 54, 'attention_head_size': 2, 'learning_rate': 0.08132892724924533}. Best is trial 16 with value: 5.946585178375244.
LOCAL_RANK: 0 - CUDA_VISIBLE_DEVICES: [0]
[I 2023-11-29 20:49:19,792] Trial 45 finished with value: 10.009843826293945 and parameters: {'gradient_clip_val': 0.13653782088736346, 'hidden_size': 65, 'dropout': 0.3384096720421325, 'hidden_continuous_size': 53, 'attention_head_size': 2, 'learning_rate': 0.07904535863823085}. Best is trial 16 with value: 5.946585178375244.
LOCAL_RANK: 0 - CUDA_VISIBLE_DEVICES: [0]
[I 2023-11-29 20:49:33,349] Trial 46 finished with value: 16.170358657836914 and parameters: {'gradient_clip_val': 0.10734408099960452, 'hidden_size': 49, 'dropout': 0.3888126970088207, 'hidden_continuous_size': 43, 'attention_head_size': 3, 'learning_rate': 0.08405793490946654}. Best is trial 16 with value: 5.946585178375244.
LOCAL_RANK: 0 - CUDA_VISIBLE_DEVICES: [0]
[I 2023-11-29 20:49:47,758] Trial 47 finished with value: 7.252736568450928 and parameters: {'gradient_clip_val': 0.12392364882307051, 'hidden_size': 129, 'dropout': 0.37702982243499544, 'hidden_continuous_size': 77, 'attention_head_size': 2, 'learning_rate': 0.058786816299508056}. Best is trial 16 with value: 5.946585178375244.
LOCAL_RANK: 0 - CUDA_VISIBLE_DEVICES: [0]
[I 2023-11-29 20:50:01,858] Trial 48 finished with value: 6.66464376449585 and parameters: {'gradient_clip_val': 0.10001368404758576, 'hidden_size': 74, 'dropout': 0.3235206217111132, 'hidden_continuous_size': 58, 'attention_head_size': 4, 'learning_rate': 0.07860476457117337}. Best is trial 16 with value: 5.946585178375244.
LOCAL_RANK: 0 - CUDA_VISIBLE_DEVICES: [0]
[I 2023-11-29 20:50:16,156] Trial 49 finished with value: 7.247029781341553 and parameters: {'gradient_clip_val': 0.10670265472508274, 'hidden_size': 77, 'dropout': 0.32988585291602135, 'hidden_continuous_size': 57, 'attention_head_size': 4, 'learning_rate': 0.07660778296129582}. Best is trial 16 with value: 5.946585178375244.
LOCAL_RANK: 0 - CUDA_VISIBLE_DEVICES: [0]
[I 2023-11-29 20:50:30,121] Trial 50 finished with value: 9.591185569763184 and parameters: {'gradient_clip_val': 0.1485412258143902, 'hidden_size': 70, 'dropout': 0.31800684396100615, 'hidden_continuous_size': 49, 'attention_head_size': 4, 'learning_rate': 0.02382381395321468}. Best is trial 16 with value: 5.946585178375244.
LOCAL_RANK: 0 - CUDA_VISIBLE_DEVICES: [0]
[I 2023-11-29 20:50:45,136] Trial 51 finished with value: 5.9695000648498535 and parameters: {'gradient_clip_val': 0.10047689720954035, 'hidden_size': 92, 'dropout': 0.3886972823538697, 'hidden_continuous_size': 68, 'attention_head_size': 4, 'learning_rate': 0.05671955868838563}. Best is trial 16 with value: 5.946585178375244.
LOCAL_RANK: 0 - CUDA_VISIBLE_DEVICES: [0]
[I 2023-11-29 20:50:59,898] Trial 52 finished with value: 8.731524467468262 and parameters: {'gradient_clip_val': 0.101761619081711, 'hidden_size': 91, 'dropout': 0.3482518653999597, 'hidden_continuous_size': 68, 'attention_head_size': 4, 'learning_rate': 0.041098798387852846}. Best is trial 16 with value: 5.946585178375244.
LOCAL_RANK: 0 - CUDA_VISIBLE_DEVICES: [0]
[I 2023-11-29 20:51:14,282] Trial 53 finished with value: 9.597556114196777 and parameters: {'gradient_clip_val': 0.11731947447964826, 'hidden_size': 97, 'dropout': 0.3899986335932002, 'hidden_continuous_size': 70, 'attention_head_size': 4, 'learning_rate': 0.05321486333277152}. Best is trial 16 with value: 5.946585178375244.
LOCAL_RANK: 0 - CUDA_VISIBLE_DEVICES: [0]
[I 2023-11-29 20:51:28,278] Trial 54 finished with value: 6.4223456382751465 and parameters: {'gradient_clip_val': 0.10061753378746119, 'hidden_size': 60, 'dropout': 0.3570803333083099, 'hidden_continuous_size': 53, 'attention_head_size': 4, 'learning_rate': 0.06471106264483847}. Best is trial 16 with value: 5.946585178375244.
LOCAL_RANK: 0 - CUDA_VISIBLE_DEVICES: [0]
[I 2023-11-29 20:51:42,132] Trial 55 finished with value: 8.60082721710205 and parameters: {'gradient_clip_val': 0.11224754424390782, 'hidden_size': 65, 'dropout': 0.3709301728510982, 'hidden_continuous_size': 53, 'attention_head_size': 3, 'learning_rate': 0.05929475136890248}. Best is trial 16 with value: 5.946585178375244.
LOCAL_RANK: 0 - CUDA_VISIBLE_DEVICES: [0]
[I 2023-11-29 20:51:56,268] Trial 56 finished with value: 6.105068206787109 and parameters: {'gradient_clip_val': 0.12555184944592943, 'hidden_size': 108, 'dropout': 0.3852370569199224, 'hidden_continuous_size': 63, 'attention_head_size': 4, 'learning_rate': 0.03460379466930667}. Best is trial 16 with value: 5.946585178375244.
LOCAL_RANK: 0 - CUDA_VISIBLE_DEVICES: [0]
[I 2023-11-29 20:52:09,949] Trial 57 finished with value: 7.921816349029541 and parameters: {'gradient_clip_val': 0.12927003264674086, 'hidden_size': 59, 'dropout': 0.38358959074279003, 'hidden_continuous_size': 47, 'attention_head_size': 4, 'learning_rate': 0.03360960009688134}. Best is trial 16 with value: 5.946585178375244.
LOCAL_RANK: 0 - CUDA_VISIBLE_DEVICES: [0]
[I 2023-11-29 20:52:24,589] Trial 58 finished with value: 6.329132080078125 and parameters: {'gradient_clip_val': 0.1433011884226362, 'hidden_size': 107, 'dropout': 0.3992150404948723, 'hidden_continuous_size': 77, 'attention_head_size': 4, 'learning_rate': 0.06535248271195866}. Best is trial 16 with value: 5.946585178375244.
LOCAL_RANK: 0 - CUDA_VISIBLE_DEVICES: [0]
[I 2023-11-29 20:52:39,170] Trial 59 finished with value: 7.339270114898682 and parameters: {'gradient_clip_val': 0.1443906586242868, 'hidden_size': 108, 'dropout': 0.39907866309504364, 'hidden_continuous_size': 76, 'attention_head_size': 4, 'learning_rate': 0.08650889746719712}. Best is trial 16 with value: 5.946585178375244.
LOCAL_RANK: 0 - CUDA_VISIBLE_DEVICES: [0]
[I 2023-11-29 20:52:53,767] Trial 60 finished with value: 10.9760160446167 and parameters: {'gradient_clip_val': 0.16400113120489251, 'hidden_size': 109, 'dropout': 0.37642944769683995, 'hidden_continuous_size': 85, 'attention_head_size': 4, 'learning_rate': 0.054781782083435995}. Best is trial 16 with value: 5.946585178375244.
LOCAL_RANK: 0 - CUDA_VISIBLE_DEVICES: [0]
[I 2023-11-29 20:53:08,190] Trial 61 finished with value: 14.997554779052734 and parameters: {'gradient_clip_val': 0.12541390084007728, 'hidden_size': 99, 'dropout': 0.3891118130370725, 'hidden_continuous_size': 66, 'attention_head_size': 4, 'learning_rate': 0.06571137263241282}. Best is trial 16 with value: 5.946585178375244.
LOCAL_RANK: 0 - CUDA_VISIBLE_DEVICES: [0]
[I 2023-11-29 20:53:22,930] Trial 62 finished with value: 11.885235786437988 and parameters: {'gradient_clip_val': 0.13989598885992402, 'hidden_size': 129, 'dropout': 0.36213586827132926, 'hidden_continuous_size': 75, 'attention_head_size': 4, 'learning_rate': 0.06677595299177698}. Best is trial 16 with value: 5.946585178375244.
LOCAL_RANK: 0 - CUDA_VISIBLE_DEVICES: [0]
[I 2023-11-29 20:53:37,077] Trial 63 finished with value: 13.163162231445312 and parameters: {'gradient_clip_val': 0.18466273523173216, 'hidden_size': 79, 'dropout': 0.3933101972800701, 'hidden_continuous_size': 64, 'attention_head_size': 4, 'learning_rate': 0.08359154886474822}. Best is trial 16 with value: 5.946585178375244.
LOCAL_RANK: 0 - CUDA_VISIBLE_DEVICES: [0]
[I 2023-11-29 20:53:51,717] Trial 64 finished with value: 6.6369805335998535 and parameters: {'gradient_clip_val': 0.15964159295869434, 'hidden_size': 94, 'dropout': 0.3789767711526809, 'hidden_continuous_size': 73, 'attention_head_size': 4, 'learning_rate': 0.0394113747350103}. Best is trial 16 with value: 5.946585178375244.
LOCAL_RANK: 0 - CUDA_VISIBLE_DEVICES: [0]
[I 2023-11-29 20:54:05,997] Trial 65 finished with value: 7.577269077301025 and parameters: {'gradient_clip_val': 0.10837447989988455, 'hidden_size': 111, 'dropout': 0.35598551597684785, 'hidden_continuous_size': 53, 'attention_head_size': 3, 'learning_rate': 0.06632849838068089}. Best is trial 16 with value: 5.946585178375244.
LOCAL_RANK: 0 - CUDA_VISIBLE_DEVICES: [0]
[I 2023-11-29 20:54:20,796] Trial 66 finished with value: 10.566844940185547 and parameters: {'gradient_clip_val': 0.18544311728092813, 'hidden_size': 140, 'dropout': 0.3686789538676509, 'hidden_continuous_size': 103, 'attention_head_size': 4, 'learning_rate': 0.08868313682339404}. Best is trial 16 with value: 5.946585178375244.
LOCAL_RANK: 0 - CUDA_VISIBLE_DEVICES: [0]
[I 2023-11-29 20:54:35,273] Trial 67 finished with value: 7.459300994873047 and parameters: {'gradient_clip_val': 0.1480575160452419, 'hidden_size': 93, 'dropout': 0.3999236150280614, 'hidden_continuous_size': 71, 'attention_head_size': 4, 'learning_rate': 0.054846000967204475}. Best is trial 16 with value: 5.946585178375244.
LOCAL_RANK: 0 - CUDA_VISIBLE_DEVICES: [0]
[I 2023-11-29 20:54:49,693] Trial 68 finished with value: 4.81273889541626 and parameters: {'gradient_clip_val': 0.1205877976816959, 'hidden_size': 120, 'dropout': 0.3828158699566634, 'hidden_continuous_size': 89, 'attention_head_size': 4, 'learning_rate': 0.07296494740400812}. Best is trial 68 with value: 4.81273889541626.
LOCAL_RANK: 0 - CUDA_VISIBLE_DEVICES: [0]
[I 2023-11-29 20:55:04,487] Trial 69 finished with value: 8.422770500183105 and parameters: {'gradient_clip_val': 0.16701217451737851, 'hidden_size': 122, 'dropout': 0.38661016048055896, 'hidden_continuous_size': 80, 'attention_head_size': 4, 'learning_rate': 0.09066114554575863}. Best is trial 68 with value: 4.81273889541626.
LOCAL_RANK: 0 - CUDA_VISIBLE_DEVICES: [0]
[I 2023-11-29 20:55:18,992] Trial 70 finished with value: 8.329018592834473 and parameters: {'gradient_clip_val': 0.12267869826182051, 'hidden_size': 103, 'dropout': 0.37888531233969835, 'hidden_continuous_size': 81, 'attention_head_size': 3, 'learning_rate': 0.07541109303926681}. Best is trial 68 with value: 4.81273889541626.
LOCAL_RANK: 0 - CUDA_VISIBLE_DEVICES: [0]
[I 2023-11-29 20:55:33,541] Trial 71 finished with value: 9.161717414855957 and parameters: {'gradient_clip_val': 0.10725685904207767, 'hidden_size': 122, 'dropout': 0.3658797562262767, 'hidden_continuous_size': 89, 'attention_head_size': 4, 'learning_rate': 0.0618477245089511}. Best is trial 68 with value: 4.81273889541626.
LOCAL_RANK: 0 - CUDA_VISIBLE_DEVICES: [0]
[I 2023-11-29 20:55:48,605] Trial 72 finished with value: 14.795365333557129 and parameters: {'gradient_clip_val': 0.13466987901559863, 'hidden_size': 150, 'dropout': 0.35550363627139847, 'hidden_continuous_size': 99, 'attention_head_size': 4, 'learning_rate': 0.05130768777634856}. Best is trial 68 with value: 4.81273889541626.
LOCAL_RANK: 0 - CUDA_VISIBLE_DEVICES: [0]
[I 2023-11-29 20:56:02,790] Trial 73 finished with value: 8.589560508728027 and parameters: {'gradient_clip_val': 0.11750222146421789, 'hidden_size': 84, 'dropout': 0.39018099757643393, 'hidden_continuous_size': 71, 'attention_head_size': 4, 'learning_rate': 0.0712574612250785}. Best is trial 68 with value: 4.81273889541626.
LOCAL_RANK: 0 - CUDA_VISIBLE_DEVICES: [0]
[I 2023-11-29 20:56:17,627] Trial 74 finished with value: 9.173701286315918 and parameters: {'gradient_clip_val': 0.12647308740877866, 'hidden_size': 110, 'dropout': 0.3710697783087323, 'hidden_continuous_size': 86, 'attention_head_size': 4, 'learning_rate': 0.09973298404960784}. Best is trial 68 with value: 4.81273889541626.
LOCAL_RANK: 0 - CUDA_VISIBLE_DEVICES: [0]
[I 2023-11-29 20:56:31,837] Trial 75 finished with value: 6.837296962738037 and parameters: {'gradient_clip_val': 0.10756140551059931, 'hidden_size': 89, 'dropout': 0.38092344975154363, 'hidden_continuous_size': 63, 'attention_head_size': 4, 'learning_rate': 0.0461744530733479}. Best is trial 68 with value: 4.81273889541626.
LOCAL_RANK: 0 - CUDA_VISIBLE_DEVICES: [0]
[I 2023-11-29 20:56:45,935] Trial 76 finished with value: 12.912577629089355 and parameters: {'gradient_clip_val': 0.11803356920972974, 'hidden_size': 73, 'dropout': 0.34223875678915916, 'hidden_continuous_size': 61, 'attention_head_size': 3, 'learning_rate': 0.08651893807561165}. Best is trial 68 with value: 4.81273889541626.
LOCAL_RANK: 0 - CUDA_VISIBLE_DEVICES: [0]
[I 2023-11-29 20:57:00,575] Trial 77 finished with value: 6.576462268829346 and parameters: {'gradient_clip_val': 0.15112504418058628, 'hidden_size': 137, 'dropout': 0.3950186510708292, 'hidden_continuous_size': 107, 'attention_head_size': 1, 'learning_rate': 0.06994659415065534}. Best is trial 68 with value: 4.81273889541626.
LOCAL_RANK: 0 - CUDA_VISIBLE_DEVICES: [0]
[I 2023-11-29 20:57:15,051] Trial 78 finished with value: 8.261627197265625 and parameters: {'gradient_clip_val': 0.13973519524213437, 'hidden_size': 97, 'dropout': 0.35991177040518685, 'hidden_continuous_size': 80, 'attention_head_size': 4, 'learning_rate': 0.0583887488633309}. Best is trial 68 with value: 4.81273889541626.
LOCAL_RANK: 0 - CUDA_VISIBLE_DEVICES: [0]
[I 2023-11-29 20:57:29,443] Trial 79 finished with value: 7.421334743499756 and parameters: {'gradient_clip_val': 0.1292254377579279, 'hidden_size': 80, 'dropout': 0.3714616890077545, 'hidden_continuous_size': 67, 'attention_head_size': 4, 'learning_rate': 0.036677576711881946}. Best is trial 68 with value: 4.81273889541626.
LOCAL_RANK: 0 - CUDA_VISIBLE_DEVICES: [0]
[I 2023-11-29 20:57:43,744] Trial 80 finished with value: 11.857983589172363 and parameters: {'gradient_clip_val': 0.10020431765117051, 'hidden_size': 105, 'dropout': 0.3839414712797499, 'hidden_continuous_size': 89, 'attention_head_size': 1, 'learning_rate': 0.07617849903713007}. Best is trial 68 with value: 4.81273889541626.
LOCAL_RANK: 0 - CUDA_VISIBLE_DEVICES: [0]
[I 2023-11-29 20:57:58,219] Trial 81 finished with value: 7.3067779541015625 and parameters: {'gradient_clip_val': 0.14683652034070852, 'hidden_size': 119, 'dropout': 0.39655030986573664, 'hidden_continuous_size': 104, 'attention_head_size': 1, 'learning_rate': 0.06828676900604566}. Best is trial 68 with value: 4.81273889541626.
LOCAL_RANK: 0 - CUDA_VISIBLE_DEVICES: [0]
