[I 2023-11-29 23:07:04,247] Trial 65 finished with value: 14.206524848937988 and parameters: {'gradient_clip_val': 0.3501793069135514, 'hidden_size': 79, 'dropout': 0.29439608074218204, 'hidden_continuous_size': 46, 'attention_head_size': 3, 'learning_rate': 0.006676429616379544}. Best is trial 60 with value: 11.2931547164917.
LOCAL_RANK: 0 - CUDA_VISIBLE_DEVICES: [0]
[I 2023-11-29 23:07:18,339] Trial 66 finished with value: 13.980633735656738 and parameters: {'gradient_clip_val': 0.15783882247274028, 'hidden_size': 91, 'dropout': 0.27603680504934636, 'hidden_continuous_size': 54, 'attention_head_size': 3, 'learning_rate': 0.007862971142242627}. Best is trial 60 with value: 11.2931547164917.
LOCAL_RANK: 0 - CUDA_VISIBLE_DEVICES: [0]
[I 2023-11-29 23:07:32,330] Trial 67 finished with value: 12.253405570983887 and parameters: {'gradient_clip_val': 0.19039847426735265, 'hidden_size': 65, 'dropout': 0.2636154991149592, 'hidden_continuous_size': 36, 'attention_head_size': 4, 'learning_rate': 0.005626617828400473}. Best is trial 60 with value: 11.2931547164917.
LOCAL_RANK: 0 - CUDA_VISIBLE_DEVICES: [0]
[I 2023-11-29 23:07:46,298] Trial 68 finished with value: 13.384175300598145 and parameters: {'gradient_clip_val': 0.1258127808180714, 'hidden_size': 87, 'dropout': 0.2512852810455014, 'hidden_continuous_size': 42, 'attention_head_size': 3, 'learning_rate': 0.01124693107794782}. Best is trial 60 with value: 11.2931547164917.
LOCAL_RANK: 0 - CUDA_VISIBLE_DEVICES: [0]
[I 2023-11-29 23:08:00,068] Trial 69 finished with value: 14.18073558807373 and parameters: {'gradient_clip_val': 0.21053788022296493, 'hidden_size': 77, 'dropout': 0.2402051479500597, 'hidden_continuous_size': 34, 'attention_head_size': 3, 'learning_rate': 0.014250600109265744}. Best is trial 60 with value: 11.2931547164917.
LOCAL_RANK: 0 - CUDA_VISIBLE_DEVICES: [0]
[I 2023-11-29 23:08:13,697] Trial 70 finished with value: 15.69257640838623 and parameters: {'gradient_clip_val': 0.11011653595993767, 'hidden_size': 58, 'dropout': 0.2670845681533347, 'hidden_continuous_size': 39, 'attention_head_size': 3, 'learning_rate': 0.009642699802990031}. Best is trial 60 with value: 11.2931547164917.
LOCAL_RANK: 0 - CUDA_VISIBLE_DEVICES: [0]
[I 2023-11-29 23:08:27,479] Trial 71 finished with value: 12.329157829284668 and parameters: {'gradient_clip_val': 0.18982446266270264, 'hidden_size': 66, 'dropout': 0.2825197139805056, 'hidden_continuous_size': 36, 'attention_head_size': 4, 'learning_rate': 0.00574773142245187}. Best is trial 60 with value: 11.2931547164917.
LOCAL_RANK: 0 - CUDA_VISIBLE_DEVICES: [0]
[I 2023-11-29 23:08:41,227] Trial 72 finished with value: 15.90503215789795 and parameters: {'gradient_clip_val': 0.2409254528381723, 'hidden_size': 68, 'dropout': 0.2617051151288415, 'hidden_continuous_size': 33, 'attention_head_size': 4, 'learning_rate': 0.004776408248679587}. Best is trial 60 with value: 11.2931547164917.
LOCAL_RANK: 0 - CUDA_VISIBLE_DEVICES: [0]
[I 2023-11-29 23:08:55,501] Trial 73 finished with value: 11.895164489746094 and parameters: {'gradient_clip_val': 0.2722116425484269, 'hidden_size': 83, 'dropout': 0.2559978483090533, 'hidden_continuous_size': 45, 'attention_head_size': 4, 'learning_rate': 0.007511540121892569}. Best is trial 60 with value: 11.2931547164917.
LOCAL_RANK: 0 - CUDA_VISIBLE_DEVICES: [0]
[I 2023-11-29 23:09:09,614] Trial 74 finished with value: 12.613024711608887 and parameters: {'gradient_clip_val': 0.26836385069248686, 'hidden_size': 82, 'dropout': 0.24902569068437258, 'hidden_continuous_size': 48, 'attention_head_size': 4, 'learning_rate': 0.007275032502077451}. Best is trial 60 with value: 11.2931547164917.
LOCAL_RANK: 0 - CUDA_VISIBLE_DEVICES: [0]
[I 2023-11-29 23:09:23,367] Trial 75 finished with value: 12.968476295471191 and parameters: {'gradient_clip_val': 0.32603808124221606, 'hidden_size': 72, 'dropout': 0.2359741721209442, 'hidden_continuous_size': 44, 'attention_head_size': 3, 'learning_rate': 0.0080313462639531}. Best is trial 60 with value: 11.2931547164917.
LOCAL_RANK: 0 - CUDA_VISIBLE_DEVICES: [0]
[I 2023-11-29 23:09:37,469] Trial 76 finished with value: 13.76060962677002 and parameters: {'gradient_clip_val': 0.23274827709618653, 'hidden_size': 100, 'dropout': 0.25305528324507554, 'hidden_continuous_size': 55, 'attention_head_size': 3, 'learning_rate': 0.011921585294178909}. Best is trial 60 with value: 11.2931547164917.
LOCAL_RANK: 0 - CUDA_VISIBLE_DEVICES: [0]
[I 2023-11-29 23:09:51,265] Trial 77 finished with value: 12.228164672851562 and parameters: {'gradient_clip_val': 0.21719084950679965, 'hidden_size': 77, 'dropout': 0.29069696612383555, 'hidden_continuous_size': 40, 'attention_head_size': 4, 'learning_rate': 0.006288768042707519}. Best is trial 60 with value: 11.2931547164917.
LOCAL_RANK: 0 - CUDA_VISIBLE_DEVICES: [0]
[I 2023-11-29 23:10:05,454] Trial 78 finished with value: 14.719024658203125 and parameters: {'gradient_clip_val': 0.2799328042831032, 'hidden_size': 86, 'dropout': 0.2783033808824507, 'hidden_continuous_size': 46, 'attention_head_size': 3, 'learning_rate': 0.0032524451996463035}. Best is trial 60 with value: 11.2931547164917.
LOCAL_RANK: 0 - CUDA_VISIBLE_DEVICES: [0]
[I 2023-11-29 23:10:19,691] Trial 79 finished with value: 11.746307373046875 and parameters: {'gradient_clip_val': 0.14636099785008846, 'hidden_size': 110, 'dropout': 0.2691589032174499, 'hidden_continuous_size': 50, 'attention_head_size': 3, 'learning_rate': 0.0040878208247961175}. Best is trial 60 with value: 11.2931547164917.
LOCAL_RANK: 0 - CUDA_VISIBLE_DEVICES: [0]
[I 2023-11-29 23:10:33,883] Trial 80 finished with value: 14.736114501953125 and parameters: {'gradient_clip_val': 0.1423854034063696, 'hidden_size': 96, 'dropout': 0.2707579778238467, 'hidden_continuous_size': 50, 'attention_head_size': 3, 'learning_rate': 0.004036905020401696}. Best is trial 60 with value: 11.2931547164917.
LOCAL_RANK: 0 - CUDA_VISIBLE_DEVICES: [0]
[I 2023-11-29 23:10:48,094] Trial 81 finished with value: 9.969138145446777 and parameters: {'gradient_clip_val': 0.13183004723139008, 'hidden_size': 109, 'dropout': 0.24326096989388282, 'hidden_continuous_size': 55, 'attention_head_size': 3, 'learning_rate': 0.004834870036443357}. Best is trial 81 with value: 9.969138145446777.
LOCAL_RANK: 0 - CUDA_VISIBLE_DEVICES: [0]
[I 2023-11-29 23:11:02,427] Trial 82 finished with value: 13.154666900634766 and parameters: {'gradient_clip_val': 0.13282850203928623, 'hidden_size': 108, 'dropout': 0.2575139985169226, 'hidden_continuous_size': 57, 'attention_head_size': 3, 'learning_rate': 0.004886982715710848}. Best is trial 81 with value: 9.969138145446777.
LOCAL_RANK: 0 - CUDA_VISIBLE_DEVICES: [0]
[I 2023-11-29 23:11:16,659] Trial 83 finished with value: 12.924349784851074 and parameters: {'gradient_clip_val': 0.14679794019844028, 'hidden_size': 108, 'dropout': 0.24733012939134866, 'hidden_continuous_size': 65, 'attention_head_size': 3, 'learning_rate': 0.0044161713067737305}. Best is trial 81 with value: 9.969138145446777.
LOCAL_RANK: 0 - CUDA_VISIBLE_DEVICES: [0]
[I 2023-11-29 23:11:30,958] Trial 84 finished with value: 15.436062812805176 and parameters: {'gradient_clip_val': 0.1561498951319056, 'hidden_size': 111, 'dropout': 0.2300137310595053, 'hidden_continuous_size': 51, 'attention_head_size': 3, 'learning_rate': 0.003419560180371897}. Best is trial 81 with value: 9.969138145446777.
LOCAL_RANK: 0 - CUDA_VISIBLE_DEVICES: [0]
[I 2023-11-29 23:11:45,137] Trial 85 finished with value: 13.720959663391113 and parameters: {'gradient_clip_val': 0.12072085464541818, 'hidden_size': 101, 'dropout': 0.2802506417008153, 'hidden_continuous_size': 49, 'attention_head_size': 3, 'learning_rate': 0.0065961063111310385}. Best is trial 81 with value: 9.969138145446777.
LOCAL_RANK: 0 - CUDA_VISIBLE_DEVICES: [0]
[I 2023-11-29 23:11:59,353] Trial 86 finished with value: 13.488097190856934 and parameters: {'gradient_clip_val': 0.12789650669054733, 'hidden_size': 128, 'dropout': 0.26171603915806385, 'hidden_continuous_size': 58, 'attention_head_size': 3, 'learning_rate': 0.005656705294083373}. Best is trial 81 with value: 9.969138145446777.
LOCAL_RANK: 0 - CUDA_VISIBLE_DEVICES: [0]
[I 2023-11-29 23:12:13,609] Trial 87 finished with value: 17.876012802124023 and parameters: {'gradient_clip_val': 0.13551184294827306, 'hidden_size': 92, 'dropout': 0.29783782779145324, 'hidden_continuous_size': 53, 'attention_head_size': 3, 'learning_rate': 0.004145157428161323}. Best is trial 81 with value: 9.969138145446777.
LOCAL_RANK: 0 - CUDA_VISIBLE_DEVICES: [0]
[I 2023-11-29 23:12:28,035] Trial 88 finished with value: 15.03748607635498 and parameters: {'gradient_clip_val': 0.11431479942549883, 'hidden_size': 131, 'dropout': 0.26682387026302923, 'hidden_continuous_size': 63, 'attention_head_size': 3, 'learning_rate': 0.004927136585908217}. Best is trial 81 with value: 9.969138145446777.
LOCAL_RANK: 0 - CUDA_VISIBLE_DEVICES: [0]
[I 2023-11-29 23:12:42,391] Trial 89 finished with value: 12.655991554260254 and parameters: {'gradient_clip_val': 0.16595121897914053, 'hidden_size': 114, 'dropout': 0.2869578012363469, 'hidden_continuous_size': 43, 'attention_head_size': 4, 'learning_rate': 0.007149951498279994}. Best is trial 81 with value: 9.969138145446777.
LOCAL_RANK: 0 - CUDA_VISIBLE_DEVICES: [0]
[I 2023-11-29 23:12:56,537] Trial 90 finished with value: 13.525245666503906 and parameters: {'gradient_clip_val': 0.14396784485355638, 'hidden_size': 104, 'dropout': 0.3122134623327632, 'hidden_continuous_size': 46, 'attention_head_size': 3, 'learning_rate': 0.0060240264187824836}. Best is trial 81 with value: 9.969138145446777.
LOCAL_RANK: 0 - CUDA_VISIBLE_DEVICES: [0]
[I 2023-11-29 23:13:10,229] Trial 91 finished with value: 11.267762184143066 and parameters: {'gradient_clip_val': 0.12436677498114139, 'hidden_size': 62, 'dropout': 0.23943544397742303, 'hidden_continuous_size': 41, 'attention_head_size': 3, 'learning_rate': 0.008332196548992584}. Best is trial 81 with value: 9.969138145446777.
LOCAL_RANK: 0 - CUDA_VISIBLE_DEVICES: [0]
[I 2023-11-29 23:13:24,258] Trial 92 finished with value: 13.69369125366211 and parameters: {'gradient_clip_val': 0.10054612292059767, 'hidden_size': 75, 'dropout': 0.24561133485076925, 'hidden_continuous_size': 40, 'attention_head_size': 3, 'learning_rate': 0.009331380865667626}. Best is trial 81 with value: 9.969138145446777.
LOCAL_RANK: 0 - CUDA_VISIBLE_DEVICES: [0]
[I 2023-11-29 23:13:38,210] Trial 93 finished with value: 13.365252494812012 and parameters: {'gradient_clip_val': 0.12421743868309919, 'hidden_size': 80, 'dropout': 0.2539627924814075, 'hidden_continuous_size': 48, 'attention_head_size': 3, 'learning_rate': 0.007090864974403787}. Best is trial 81 with value: 9.969138145446777.
LOCAL_RANK: 0 - CUDA_VISIBLE_DEVICES: [0]
[I 2023-11-29 23:13:52,040] Trial 94 finished with value: 12.157864570617676 and parameters: {'gradient_clip_val': 0.13742015668162874, 'hidden_size': 69, 'dropout': 0.24253294567178127, 'hidden_continuous_size': 41, 'attention_head_size': 3, 'learning_rate': 0.008382487945309191}. Best is trial 81 with value: 9.969138145446777.
LOCAL_RANK: 0 - CUDA_VISIBLE_DEVICES: [0]
[I 2023-11-29 23:14:06,110] Trial 95 finished with value: 14.564595222473145 and parameters: {'gradient_clip_val': 0.14980207558051137, 'hidden_size': 86, 'dropout': 0.22765559664803095, 'hidden_continuous_size': 44, 'attention_head_size': 3, 'learning_rate': 0.010639452226040099}. Best is trial 81 with value: 9.969138145446777.
LOCAL_RANK: 0 - CUDA_VISIBLE_DEVICES: [0]
[I 2023-11-29 23:14:20,138] Trial 96 finished with value: 12.49596881866455 and parameters: {'gradient_clip_val': 0.11053491959930846, 'hidden_size': 93, 'dropout': 0.27042383960936117, 'hidden_continuous_size': 37, 'attention_head_size': 3, 'learning_rate': 0.0075795107870176145}. Best is trial 81 with value: 9.969138145446777.
LOCAL_RANK: 0 - CUDA_VISIBLE_DEVICES: [0]
[I 2023-11-29 23:14:33,852] Trial 97 finished with value: 12.792973518371582 and parameters: {'gradient_clip_val': 0.12935089459935076, 'hidden_size': 56, 'dropout': 0.21214385121422588, 'hidden_continuous_size': 45, 'attention_head_size': 3, 'learning_rate': 0.005173754253648466}. Best is trial 81 with value: 9.969138145446777.
LOCAL_RANK: 0 - CUDA_VISIBLE_DEVICES: [0]
[I 2023-11-29 23:14:47,511] Trial 98 finished with value: 14.669951438903809 and parameters: {'gradient_clip_val': 0.15664598266155125, 'hidden_size': 63, 'dropout': 0.23575784560564547, 'hidden_continuous_size': 42, 'attention_head_size': 3, 'learning_rate': 0.003768518196510566}. Best is trial 81 with value: 9.969138145446777.
LOCAL_RANK: 0 - CUDA_VISIBLE_DEVICES: [0]
[I 2023-11-29 23:15:01,347] Trial 99 finished with value: 13.714607238769531 and parameters: {'gradient_clip_val': 0.12116691171408761, 'hidden_size': 72, 'dropout': 0.25697706727408126, 'hidden_continuous_size': 47, 'attention_head_size': 3, 'learning_rate': 0.006169428383480411}. Best is trial 81 with value: 9.969138145446777.
LOCAL_RANK: 0 - CUDA_VISIBLE_DEVICES: [0]
[I 2023-11-29 23:15:15,327] Trial 100 finished with value: 16.5819091796875 and parameters: {'gradient_clip_val': 0.10592379922995176, 'hidden_size': 82, 'dropout': 0.2760130826393059, 'hidden_continuous_size': 38, 'attention_head_size': 4, 'learning_rate': 0.00912812131116249}. Best is trial 81 with value: 9.969138145446777.
LOCAL_RANK: 0 - CUDA_VISIBLE_DEVICES: [0]
[I 2023-11-29 23:15:28,736] Trial 101 finished with value: 11.51754093170166 and parameters: {'gradient_clip_val': 0.16930086876972417, 'hidden_size': 52, 'dropout': 0.23953376311525373, 'hidden_continuous_size': 41, 'attention_head_size': 2, 'learning_rate': 0.008272262022411584}. Best is trial 81 with value: 9.969138145446777.
LOCAL_RANK: 0 - CUDA_VISIBLE_DEVICES: [0]
[I 2023-11-29 23:15:42,371] Trial 102 finished with value: 15.085307121276855 and parameters: {'gradient_clip_val': 0.14022604062210758, 'hidden_size': 54, 'dropout': 0.2423794857673197, 'hidden_continuous_size': 41, 'attention_head_size': 2, 'learning_rate': 0.010166129263671782}. Best is trial 81 with value: 9.969138145446777.
LOCAL_RANK: 0 - CUDA_VISIBLE_DEVICES: [0]
[I 2023-11-29 23:15:55,984] Trial 103 finished with value: 12.94412899017334 and parameters: {'gradient_clip_val': 0.17647105276465733, 'hidden_size': 62, 'dropout': 0.25044141436378964, 'hidden_continuous_size': 43, 'attention_head_size': 2, 'learning_rate': 0.007872963126499433}. Best is trial 81 with value: 9.969138145446777.
LOCAL_RANK: 0 - CUDA_VISIBLE_DEVICES: [0]
[I 2023-11-29 23:16:09,583] Trial 104 finished with value: 12.665724754333496 and parameters: {'gradient_clip_val': 0.1317871728062594, 'hidden_size': 65, 'dropout': 0.2655100999965514, 'hidden_continuous_size': 51, 'attention_head_size': 1, 'learning_rate': 0.0067325081502526635}. Best is trial 81 with value: 9.969138145446777.
LOCAL_RANK: 0 - CUDA_VISIBLE_DEVICES: [0]
[I 2023-11-29 23:16:23,391] Trial 105 finished with value: 13.106352806091309 and parameters: {'gradient_clip_val': 0.11578008357266723, 'hidden_size': 75, 'dropout': 0.23335684424097888, 'hidden_continuous_size': 47, 'attention_head_size': 2, 'learning_rate': 0.005384643999158955}. Best is trial 81 with value: 9.969138145446777.
LOCAL_RANK: 0 - CUDA_VISIBLE_DEVICES: [0]
[I 2023-11-29 23:16:36,866] Trial 106 finished with value: 10.559653282165527 and parameters: {'gradient_clip_val': 0.1639796592556251, 'hidden_size': 51, 'dropout': 0.25630722150945495, 'hidden_continuous_size': 38, 'attention_head_size': 2, 'learning_rate': 0.008719935939365108}. Best is trial 81 with value: 9.969138145446777.
LOCAL_RANK: 0 - CUDA_VISIBLE_DEVICES: [0]
[I 2023-11-29 23:16:50,645] Trial 107 finished with value: 14.741726875305176 and parameters: {'gradient_clip_val': 0.16523118398351058, 'hidden_size': 50, 'dropout': 0.21660074326072087, 'hidden_continuous_size': 43, 'attention_head_size': 2, 'learning_rate': 0.008378081395345889}. Best is trial 81 with value: 9.969138145446777.
LOCAL_RANK: 0 - CUDA_VISIBLE_DEVICES: [0]
[I 2023-11-29 23:17:04,281] Trial 108 finished with value: 11.644909858703613 and parameters: {'gradient_clip_val': 0.15191305109404196, 'hidden_size': 53, 'dropout': 0.2548490726250251, 'hidden_continuous_size': 45, 'attention_head_size': 2, 'learning_rate': 0.009432773722020974}. Best is trial 81 with value: 9.969138145446777.
LOCAL_RANK: 0 - CUDA_VISIBLE_DEVICES: [0]
[I 2023-11-29 23:17:17,848] Trial 109 finished with value: 15.715882301330566 and parameters: {'gradient_clip_val': 0.1485530535499882, 'hidden_size': 57, 'dropout': 0.2707395863916969, 'hidden_continuous_size': 45, 'attention_head_size': 2, 'learning_rate': 0.009812249925221107}. Best is trial 81 with value: 9.969138145446777.
LOCAL_RANK: 0 - CUDA_VISIBLE_DEVICES: [0]
[I 2023-11-29 23:17:31,130] Trial 110 finished with value: 12.6132230758667 and parameters: {'gradient_clip_val': 0.17090141089349578, 'hidden_size': 52, 'dropout': 0.2615677292492913, 'hidden_continuous_size': 41, 'attention_head_size': 2, 'learning_rate': 0.010922639530468327}. Best is trial 81 with value: 9.969138145446777.
LOCAL_RANK: 0 - CUDA_VISIBLE_DEVICES: [0]
[I 2023-11-29 23:17:44,540] Trial 111 finished with value: 10.990771293640137 and parameters: {'gradient_clip_val': 0.15367874322592462, 'hidden_size': 48, 'dropout': 0.25474801365163424, 'hidden_continuous_size': 45, 'attention_head_size': 2, 'learning_rate': 0.008927984593716201}. Best is trial 81 with value: 9.969138145446777.
LOCAL_RANK: 0 - CUDA_VISIBLE_DEVICES: [0]
[I 2023-11-29 23:17:57,955] Trial 112 finished with value: 13.883353233337402 and parameters: {'gradient_clip_val': 0.16077146764717984, 'hidden_size': 48, 'dropout': 0.2534251349098559, 'hidden_continuous_size': 45, 'attention_head_size': 2, 'learning_rate': 0.008955001358367997}. Best is trial 81 with value: 9.969138145446777.
LOCAL_RANK: 0 - CUDA_VISIBLE_DEVICES: [0]
[I 2023-11-29 23:18:11,544] Trial 113 finished with value: 11.7562837600708 and parameters: {'gradient_clip_val': 0.1521140602299916, 'hidden_size': 54, 'dropout': 0.25689087879760053, 'hidden_continuous_size': 48, 'attention_head_size': 2, 'learning_rate': 0.012168024109720215}. Best is trial 81 with value: 9.969138145446777.
LOCAL_RANK: 0 - CUDA_VISIBLE_DEVICES: [0]
[I 2023-11-29 23:18:24,755] Trial 114 finished with value: 13.22692584991455 and parameters: {'gradient_clip_val': 0.15533947976296109, 'hidden_size': 44, 'dropout': 0.23973947896330225, 'hidden_continuous_size': 42, 'attention_head_size': 2, 'learning_rate': 0.013034774516428486}. Best is trial 81 with value: 9.969138145446777.
LOCAL_RANK: 0 - CUDA_VISIBLE_DEVICES: [0]
[I 2023-11-29 23:18:38,010] Trial 115 finished with value: 16.489898681640625 and parameters: {'gradient_clip_val': 0.18302223764447453, 'hidden_size': 52, 'dropout': 0.2563323044173355, 'hidden_continuous_size': 48, 'attention_head_size': 2, 'learning_rate': 0.009893583940143917}. Best is trial 81 with value: 9.969138145446777.
LOCAL_RANK: 0 - CUDA_VISIBLE_DEVICES: [0]
[I 2023-11-29 23:18:51,172] Trial 116 finished with value: 12.573382377624512 and parameters: {'gradient_clip_val': 0.14155084238615404, 'hidden_size': 48, 'dropout': 0.22410041994952382, 'hidden_continuous_size': 45, 'attention_head_size': 2, 'learning_rate': 0.011909690778759564}. Best is trial 81 with value: 9.969138145446777.
LOCAL_RANK: 0 - CUDA_VISIBLE_DEVICES: [0]
[I 2023-11-29 23:19:04,961] Trial 117 finished with value: 12.677909851074219 and parameters: {'gradient_clip_val': 0.17284480283572326, 'hidden_size': 58, 'dropout': 0.28183169255680773, 'hidden_continuous_size': 49, 'attention_head_size': 2, 'learning_rate': 0.011790316879639866}. Best is trial 81 with value: 9.969138145446777.
LOCAL_RANK: 0 - CUDA_VISIBLE_DEVICES: [0]
[I 2023-11-29 23:19:18,419] Trial 118 finished with value: 13.85413646697998 and parameters: {'gradient_clip_val': 0.15415008489158274, 'hidden_size': 54, 'dropout': 0.2307351062446231, 'hidden_continuous_size': 50, 'attention_head_size': 2, 'learning_rate': 0.008903753743979734}. Best is trial 81 with value: 9.969138145446777.
LOCAL_RANK: 0 - CUDA_VISIBLE_DEVICES: [0]
[I 2023-11-29 23:19:31,517] Trial 119 finished with value: 12.146197319030762 and parameters: {'gradient_clip_val': 0.13533112804967512, 'hidden_size': 40, 'dropout': 0.2668725919118595, 'hidden_continuous_size': 39, 'attention_head_size': 2, 'learning_rate': 0.01402114465014367}. Best is trial 81 with value: 9.969138145446777.
LOCAL_RANK: 0 - CUDA_VISIBLE_DEVICES: [0]
[I 2023-11-29 23:19:45,072] Trial 120 finished with value: 12.974868774414062 and parameters: {'gradient_clip_val': 0.1468446858749713, 'hidden_size': 46, 'dropout': 0.24917348766620392, 'hidden_continuous_size': 44, 'attention_head_size': 2, 'learning_rate': 0.007278786552522709}. Best is trial 81 with value: 9.969138145446777.
LOCAL_RANK: 0 - CUDA_VISIBLE_DEVICES: [0]
[I 2023-11-29 23:19:58,590] Trial 121 finished with value: 12.78480052947998 and parameters: {'gradient_clip_val': 0.12767351231290439, 'hidden_size': 60, 'dropout': 0.2620390206261803, 'hidden_continuous_size': 52, 'attention_head_size': 2, 'learning_rate': 0.007839655187318897}. Best is trial 81 with value: 9.969138145446777.
LOCAL_RANK: 0 - CUDA_VISIBLE_DEVICES: [0]
[I 2023-11-29 23:20:12,490] Trial 122 finished with value: 13.032485961914062 and parameters: {'gradient_clip_val': 0.16179606283165146, 'hidden_size': 65, 'dropout': 0.2723626062339887, 'hidden_continuous_size': 52, 'attention_head_size': 2, 'learning_rate': 0.01096700880137536}. Best is trial 81 with value: 9.969138145446777.
LOCAL_RANK: 0 - CUDA_VISIBLE_DEVICES: [0]
[I 2023-11-29 23:20:25,931] Trial 123 finished with value: 13.916862487792969 and parameters: {'gradient_clip_val': 0.15062500141540927, 'hidden_size': 54, 'dropout': 0.27793814592430766, 'hidden_continuous_size': 46, 'attention_head_size': 2, 'learning_rate': 0.009639155425204172}. Best is trial 81 with value: 9.969138145446777.
LOCAL_RANK: 0 - CUDA_VISIBLE_DEVICES: [0]
