[I 2023-11-29 21:39:29,972] Trial 108 finished with value: 2155.7470703125 and parameters: {'gradient_clip_val': 0.1636123640972609, 'hidden_size': 99, 'dropout': 0.34692296539103207, 'hidden_continuous_size': 42, 'attention_head_size': 3, 'learning_rate': 0.003510728751565405}. Best is trial 78 with value: 1833.8536376953125.
LOCAL_RANK: 0 - CUDA_VISIBLE_DEVICES: [0]
[I 2023-11-29 21:39:44,167] Trial 109 finished with value: 2325.223388671875 and parameters: {'gradient_clip_val': 0.22590978595563632, 'hidden_size': 107, 'dropout': 0.36704818441937487, 'hidden_continuous_size': 39, 'attention_head_size': 3, 'learning_rate': 0.006923605732030712}. Best is trial 78 with value: 1833.8536376953125.
LOCAL_RANK: 0 - CUDA_VISIBLE_DEVICES: [0]
[I 2023-11-29 21:39:58,061] Trial 110 finished with value: 2200.416748046875 and parameters: {'gradient_clip_val': 0.19674078978827267, 'hidden_size': 96, 'dropout': 0.3548123888181113, 'hidden_continuous_size': 33, 'attention_head_size': 3, 'learning_rate': 0.004178681833156987}. Best is trial 78 with value: 1833.8536376953125.
LOCAL_RANK: 0 - CUDA_VISIBLE_DEVICES: [0]
[I 2023-11-29 21:40:12,311] Trial 111 finished with value: 2068.26806640625 and parameters: {'gradient_clip_val': 0.14619307896008696, 'hidden_size': 127, 'dropout': 0.3433737505216235, 'hidden_continuous_size': 36, 'attention_head_size': 3, 'learning_rate': 0.0026651336673540406}. Best is trial 78 with value: 1833.8536376953125.
LOCAL_RANK: 0 - CUDA_VISIBLE_DEVICES: [0]
[I 2023-11-29 21:40:26,461] Trial 112 finished with value: 2189.419189453125 and parameters: {'gradient_clip_val': 0.13541739591021773, 'hidden_size': 119, 'dropout': 0.3014105998217799, 'hidden_continuous_size': 31, 'attention_head_size': 3, 'learning_rate': 0.005676558791681932}. Best is trial 78 with value: 1833.8536376953125.
LOCAL_RANK: 0 - CUDA_VISIBLE_DEVICES: [0]
[I 2023-11-29 21:40:40,861] Trial 113 finished with value: 2363.816162109375 and parameters: {'gradient_clip_val': 0.1540508435513584, 'hidden_size': 110, 'dropout': 0.3280048291375681, 'hidden_continuous_size': 42, 'attention_head_size': 3, 'learning_rate': 0.0031101029178434657}. Best is trial 78 with value: 1833.8536376953125.
LOCAL_RANK: 0 - CUDA_VISIBLE_DEVICES: [0]
[I 2023-11-29 21:40:54,522] Trial 114 finished with value: 2950.518310546875 and parameters: {'gradient_clip_val': 0.16850336059643237, 'hidden_size': 82, 'dropout': 0.29379629125003565, 'hidden_continuous_size': 29, 'attention_head_size': 2, 'learning_rate': 0.003496803032514183}. Best is trial 78 with value: 1833.8536376953125.
LOCAL_RANK: 0 - CUDA_VISIBLE_DEVICES: [0]
[I 2023-11-29 21:41:08,256] Trial 115 finished with value: 2221.1513671875 and parameters: {'gradient_clip_val': 0.17537100805996525, 'hidden_size': 89, 'dropout': 0.31927284652687066, 'hidden_continuous_size': 31, 'attention_head_size': 2, 'learning_rate': 0.004658471028492187}. Best is trial 78 with value: 1833.8536376953125.
LOCAL_RANK: 0 - CUDA_VISIBLE_DEVICES: [0]
[I 2023-11-29 21:41:22,752] Trial 116 finished with value: 2183.387939453125 and parameters: {'gradient_clip_val': 0.24518965129695305, 'hidden_size': 137, 'dropout': 0.3622448556671219, 'hidden_continuous_size': 46, 'attention_head_size': 3, 'learning_rate': 0.006023213243728696}. Best is trial 78 with value: 1833.8536376953125.
LOCAL_RANK: 0 - CUDA_VISIBLE_DEVICES: [0]
[I 2023-11-29 21:41:36,466] Trial 117 finished with value: 2447.40234375 and parameters: {'gradient_clip_val': 0.16028384727432052, 'hidden_size': 75, 'dropout': 0.34146904569916203, 'hidden_continuous_size': 28, 'attention_head_size': 3, 'learning_rate': 0.002807263567018375}. Best is trial 78 with value: 1833.8536376953125.
LOCAL_RANK: 0 - CUDA_VISIBLE_DEVICES: [0]
[I 2023-11-29 21:41:50,524] Trial 118 finished with value: 1934.40673828125 and parameters: {'gradient_clip_val': 0.18460095969030307, 'hidden_size': 101, 'dropout': 0.3505382906111038, 'hidden_continuous_size': 37, 'attention_head_size': 2, 'learning_rate': 0.0030061262209718064}. Best is trial 78 with value: 1833.8536376953125.
LOCAL_RANK: 0 - CUDA_VISIBLE_DEVICES: [0]
[I 2023-11-29 21:42:04,507] Trial 119 finished with value: 2406.413330078125 and parameters: {'gradient_clip_val': 0.18277566513921, 'hidden_size': 99, 'dropout': 0.3543662170527847, 'hidden_continuous_size': 37, 'attention_head_size': 2, 'learning_rate': 0.0024894045937033987}. Best is trial 78 with value: 1833.8536376953125.
LOCAL_RANK: 0 - CUDA_VISIBLE_DEVICES: [0]
[I 2023-11-29 21:42:18,623] Trial 120 finished with value: 2292.044677734375 and parameters: {'gradient_clip_val': 0.20263378924399597, 'hidden_size': 91, 'dropout': 0.3736730153050305, 'hidden_continuous_size': 40, 'attention_head_size': 3, 'learning_rate': 0.008296219988673829}. Best is trial 78 with value: 1833.8536376953125.
LOCAL_RANK: 0 - CUDA_VISIBLE_DEVICES: [0]
[I 2023-11-29 21:42:32,726] Trial 121 finished with value: 2057.570556640625 and parameters: {'gradient_clip_val': 0.1895939042692471, 'hidden_size': 117, 'dropout': 0.3510798014968097, 'hidden_continuous_size': 34, 'attention_head_size': 2, 'learning_rate': 0.0030424870813704785}. Best is trial 78 with value: 1833.8536376953125.
LOCAL_RANK: 0 - CUDA_VISIBLE_DEVICES: [0]
[I 2023-11-29 21:42:46,856] Trial 122 finished with value: 2081.31982421875 and parameters: {'gradient_clip_val': 0.14994848795714757, 'hidden_size': 105, 'dropout': 0.3377068033248148, 'hidden_continuous_size': 44, 'attention_head_size': 2, 'learning_rate': 0.0036314630352811553}. Best is trial 78 with value: 1833.8536376953125.
LOCAL_RANK: 0 - CUDA_VISIBLE_DEVICES: [0]
[I 2023-11-29 21:43:01,164] Trial 123 finished with value: 2033.8232421875 and parameters: {'gradient_clip_val': 0.16558182388808024, 'hidden_size': 111, 'dropout': 0.39730868381115325, 'hidden_continuous_size': 38, 'attention_head_size': 2, 'learning_rate': 0.0023381669286654415}. Best is trial 78 with value: 1833.8536376953125.
LOCAL_RANK: 0 - CUDA_VISIBLE_DEVICES: [0]
[I 2023-11-29 21:43:15,075] Trial 124 finished with value: 2255.461669921875 and parameters: {'gradient_clip_val': 0.16878449059458694, 'hidden_size': 95, 'dropout': 0.3793898939417077, 'hidden_continuous_size': 38, 'attention_head_size': 2, 'learning_rate': 0.0026966885606415796}. Best is trial 78 with value: 1833.8536376953125.
LOCAL_RANK: 0 - CUDA_VISIBLE_DEVICES: [0]
[I 2023-11-29 21:43:29,092] Trial 125 finished with value: 2223.117431640625 and parameters: {'gradient_clip_val': 0.21661155247018277, 'hidden_size': 112, 'dropout': 0.3924280378044487, 'hidden_continuous_size': 42, 'attention_head_size': 2, 'learning_rate': 0.0020438482501276777}. Best is trial 78 with value: 1833.8536376953125.
LOCAL_RANK: 0 - CUDA_VISIBLE_DEVICES: [0]
[I 2023-11-29 21:43:43,019] Trial 126 finished with value: 2672.547607421875 and parameters: {'gradient_clip_val': 0.15827146207976847, 'hidden_size': 86, 'dropout': 0.3649332610338811, 'hidden_continuous_size': 35, 'attention_head_size': 2, 'learning_rate': 0.002284191118185423}. Best is trial 78 with value: 1833.8536376953125.
LOCAL_RANK: 0 - CUDA_VISIBLE_DEVICES: [0]
[I 2023-11-29 21:43:57,011] Trial 127 finished with value: 2148.043701171875 and parameters: {'gradient_clip_val': 0.17410609882524972, 'hidden_size': 103, 'dropout': 0.3861226578852694, 'hidden_continuous_size': 32, 'attention_head_size': 3, 'learning_rate': 0.002458543449552005}. Best is trial 78 with value: 1833.8536376953125.
LOCAL_RANK: 0 - CUDA_VISIBLE_DEVICES: [0]
[I 2023-11-29 21:44:11,237] Trial 128 finished with value: 2199.015380859375 and parameters: {'gradient_clip_val': 0.18075946731817072, 'hidden_size': 128, 'dropout': 0.3934519027946529, 'hidden_continuous_size': 36, 'attention_head_size': 2, 'learning_rate': 0.005295219206785459}. Best is trial 78 with value: 1833.8536376953125.
LOCAL_RANK: 0 - CUDA_VISIBLE_DEVICES: [0]
[I 2023-11-29 21:44:24,843] Trial 129 finished with value: 2315.420166015625 and parameters: {'gradient_clip_val': 0.14495617661951504, 'hidden_size': 80, 'dropout': 0.3974125031285526, 'hidden_continuous_size': 33, 'attention_head_size': 2, 'learning_rate': 0.0041227146092730595}. Best is trial 78 with value: 1833.8536376953125.
LOCAL_RANK: 0 - CUDA_VISIBLE_DEVICES: [0]
[I 2023-11-29 21:44:39,197] Trial 130 finished with value: 2105.273193359375 and parameters: {'gradient_clip_val': 0.23510637017387392, 'hidden_size': 108, 'dropout': 0.385163870436158, 'hidden_continuous_size': 48, 'attention_head_size': 4, 'learning_rate': 0.00745014835322684}. Best is trial 78 with value: 1833.8536376953125.
LOCAL_RANK: 0 - CUDA_VISIBLE_DEVICES: [0]
[I 2023-11-29 21:44:53,398] Trial 131 finished with value: 2168.91943359375 and parameters: {'gradient_clip_val': 0.1389834657620444, 'hidden_size': 123, 'dropout': 0.30671834053312086, 'hidden_continuous_size': 38, 'attention_head_size': 2, 'learning_rate': 0.0029368626411123097}. Best is trial 78 with value: 1833.8536376953125.
LOCAL_RANK: 0 - CUDA_VISIBLE_DEVICES: [0]
[I 2023-11-29 21:45:07,350] Trial 132 finished with value: 2309.925537109375 and parameters: {'gradient_clip_val': 0.16518348974630004, 'hidden_size': 116, 'dropout': 0.3166988327792502, 'hidden_continuous_size': 41, 'attention_head_size': 2, 'learning_rate': 0.00324946653416398}. Best is trial 78 with value: 1833.8536376953125.
LOCAL_RANK: 0 - CUDA_VISIBLE_DEVICES: [0]
[I 2023-11-29 21:45:21,726] Trial 133 finished with value: 2423.756103515625 and parameters: {'gradient_clip_val': 0.13152810290281297, 'hidden_size': 133, 'dropout': 0.25824728441266853, 'hidden_continuous_size': 23, 'attention_head_size': 2, 'learning_rate': 0.0037923266353733307}. Best is trial 78 with value: 1833.8536376953125.
LOCAL_RANK: 0 - CUDA_VISIBLE_DEVICES: [0]
[I 2023-11-29 21:45:36,224] Trial 134 finished with value: 2125.148681640625 and parameters: {'gradient_clip_val': 0.15785960579313138, 'hidden_size': 146, 'dropout': 0.3604316077054081, 'hidden_continuous_size': 45, 'attention_head_size': 2, 'learning_rate': 0.004801868661519341}. Best is trial 78 with value: 1833.8536376953125.
LOCAL_RANK: 0 - CUDA_VISIBLE_DEVICES: [0]
[I 2023-11-29 21:45:50,358] Trial 135 finished with value: 1998.0797119140625 and parameters: {'gradient_clip_val': 0.1508138076519852, 'hidden_size': 121, 'dropout': 0.3311702664984951, 'hidden_continuous_size': 25, 'attention_head_size': 3, 'learning_rate': 0.0034246519462399665}. Best is trial 78 with value: 1833.8536376953125.
LOCAL_RANK: 0 - CUDA_VISIBLE_DEVICES: [0]
[I 2023-11-29 21:46:04,278] Trial 136 finished with value: 2006.7738037109375 and parameters: {'gradient_clip_val': 0.19633629784742795, 'hidden_size': 99, 'dropout': 0.3297051282884421, 'hidden_continuous_size': 30, 'attention_head_size': 3, 'learning_rate': 0.00651198102084338}. Best is trial 78 with value: 1833.8536376953125.
LOCAL_RANK: 0 - CUDA_VISIBLE_DEVICES: [0]
[I 2023-11-29 21:46:18,311] Trial 137 finished with value: 2331.594970703125 and parameters: {'gradient_clip_val': 0.19030430877189866, 'hidden_size': 101, 'dropout': 0.3297304865966777, 'hidden_continuous_size': 30, 'attention_head_size': 3, 'learning_rate': 0.006347727574528333}. Best is trial 78 with value: 1833.8536376953125.
LOCAL_RANK: 0 - CUDA_VISIBLE_DEVICES: [0]
[I 2023-11-29 21:46:32,369] Trial 138 finished with value: 2167.558837890625 and parameters: {'gradient_clip_val': 0.20192029975769804, 'hidden_size': 93, 'dropout': 0.346003540914492, 'hidden_continuous_size': 31, 'attention_head_size': 3, 'learning_rate': 0.0034573678125244776}. Best is trial 78 with value: 1833.8536376953125.
LOCAL_RANK: 0 - CUDA_VISIBLE_DEVICES: [0]
[I 2023-11-29 21:46:46,545] Trial 139 finished with value: 2282.638916015625 and parameters: {'gradient_clip_val': 0.18029631219960326, 'hidden_size': 110, 'dropout': 0.3372516120369472, 'hidden_continuous_size': 28, 'attention_head_size': 3, 'learning_rate': 0.004201284265423118}. Best is trial 78 with value: 1833.8536376953125.
LOCAL_RANK: 0 - CUDA_VISIBLE_DEVICES: [0]
[I 2023-11-29 21:47:00,339] Trial 140 finished with value: 2039.4951171875 and parameters: {'gradient_clip_val': 0.2134994013084473, 'hidden_size': 87, 'dropout': 0.3245895535070788, 'hidden_continuous_size': 32, 'attention_head_size': 3, 'learning_rate': 0.005029195208844491}. Best is trial 78 with value: 1833.8536376953125.
LOCAL_RANK: 0 - CUDA_VISIBLE_DEVICES: [0]
[I 2023-11-29 21:47:14,515] Trial 141 finished with value: 2327.512939453125 and parameters: {'gradient_clip_val': 0.1684255760743411, 'hidden_size': 119, 'dropout': 0.33200865785537237, 'hidden_continuous_size': 26, 'attention_head_size': 3, 'learning_rate': 0.006870336276172767}. Best is trial 78 with value: 1833.8536376953125.
LOCAL_RANK: 0 - CUDA_VISIBLE_DEVICES: [0]
[I 2023-11-29 21:47:28,545] Trial 142 finished with value: 2352.078369140625 and parameters: {'gradient_clip_val': 0.149919421428862, 'hidden_size': 100, 'dropout': 0.398535741461279, 'hidden_continuous_size': 34, 'attention_head_size': 3, 'learning_rate': 0.009201044570142576}. Best is trial 78 with value: 1833.8536376953125.
LOCAL_RANK: 0 - CUDA_VISIBLE_DEVICES: [0]
[I 2023-11-29 21:47:42,711] Trial 143 finished with value: 2286.502197265625 and parameters: {'gradient_clip_val': 0.2511089355929821, 'hidden_size': 112, 'dropout': 0.24832722076991548, 'hidden_continuous_size': 25, 'attention_head_size': 3, 'learning_rate': 0.007728176901825922}. Best is trial 78 with value: 1833.8536376953125.
LOCAL_RANK: 0 - CUDA_VISIBLE_DEVICES: [0]
[I 2023-11-29 21:47:56,822] Trial 144 finished with value: 2123.074951171875 and parameters: {'gradient_clip_val': 0.2263640953974927, 'hidden_size': 124, 'dropout': 0.35024857867047626, 'hidden_continuous_size': 36, 'attention_head_size': 3, 'learning_rate': 0.0061050282503325734}. Best is trial 78 with value: 1833.8536376953125.
LOCAL_RANK: 0 - CUDA_VISIBLE_DEVICES: [0]
[I 2023-11-29 21:48:10,306] Trial 145 finished with value: 2116.598876953125 and parameters: {'gradient_clip_val': 0.19558055053579645, 'hidden_size': 68, 'dropout': 0.3204034201966494, 'hidden_continuous_size': 29, 'attention_head_size': 3, 'learning_rate': 0.005382949522616509}. Best is trial 78 with value: 1833.8536376953125.
LOCAL_RANK: 0 - CUDA_VISIBLE_DEVICES: [0]
[I 2023-11-29 21:48:24,429] Trial 146 finished with value: 2168.804443359375 and parameters: {'gradient_clip_val': 0.17517546896711428, 'hidden_size': 132, 'dropout': 0.3741970777041372, 'hidden_continuous_size': 39, 'attention_head_size': 3, 'learning_rate': 0.0046022206683651095}. Best is trial 78 with value: 1833.8536376953125.
LOCAL_RANK: 0 - CUDA_VISIBLE_DEVICES: [0]
[I 2023-11-29 21:48:38,541] Trial 147 finished with value: 2464.957763671875 and parameters: {'gradient_clip_val': 0.16360317509971378, 'hidden_size': 107, 'dropout': 0.2349151494886, 'hidden_continuous_size': 33, 'attention_head_size': 3, 'learning_rate': 0.009934315850731188}. Best is trial 78 with value: 1833.8536376953125.
LOCAL_RANK: 0 - CUDA_VISIBLE_DEVICES: [0]
[I 2023-11-29 21:48:52,670] Trial 148 finished with value: 2075.81787109375 and parameters: {'gradient_clip_val': 0.15427101324787512, 'hidden_size': 94, 'dropout': 0.3429251624426473, 'hidden_continuous_size': 35, 'attention_head_size': 3, 'learning_rate': 0.006728906220045064}. Best is trial 78 with value: 1833.8536376953125.
LOCAL_RANK: 0 - CUDA_VISIBLE_DEVICES: [0]
[I 2023-11-29 21:49:06,284] Trial 149 finished with value: 2083.581787109375 and parameters: {'gradient_clip_val': 0.26618413974936767, 'hidden_size': 72, 'dropout': 0.22628563620865721, 'hidden_continuous_size': 27, 'attention_head_size': 3, 'learning_rate': 0.01125354084365217}. Best is trial 78 with value: 1833.8536376953125.
[I 2023-11-29 21:49:06,396] A new study created in memory with name: no-name-345804c3-02fa-48d9-ae6e-503a0a41b0fd
/home/le004/conda/anaconda3/envs/tsff_env/lib/python3.9/site-packages/lightning/fabric/plugins/environments/slurm.py:191: The `srun` command is available on your system but is not used. HINT: If your intention is to run Lightning on SLURM, prepend your python command with `srun` like so: srun python /home/le004/master_thesis/git/TSFusionForecast/code/ ...
LOCAL_RANK: 0 - CUDA_VISIBLE_DEVICES: [0]
[I 2023-11-29 21:49:20,548] Trial 0 finished with value: 12.784001350402832 and parameters: {'gradient_clip_val': 0.7126996087254798, 'hidden_size': 101, 'dropout': 0.33384302420746526, 'hidden_continuous_size': 47, 'attention_head_size': 4, 'learning_rate': 0.004686757685061739}. Best is trial 0 with value: 12.784001350402832.
LOCAL_RANK: 0 - CUDA_VISIBLE_DEVICES: [0]
[I 2023-11-29 21:49:33,343] Trial 1 finished with value: 7.698519229888916 and parameters: {'gradient_clip_val': 0.20025029444207124, 'hidden_size': 40, 'dropout': 0.17329306658426802, 'hidden_continuous_size': 20, 'attention_head_size': 3, 'learning_rate': 0.09464371015119954}. Best is trial 1 with value: 7.698519229888916.
LOCAL_RANK: 0 - CUDA_VISIBLE_DEVICES: [0]
[I 2023-11-29 21:49:46,777] Trial 2 finished with value: 9.7418794631958 and parameters: {'gradient_clip_val': 0.3117887869325882, 'hidden_size': 67, 'dropout': 0.32203957838496555, 'hidden_continuous_size': 24, 'attention_head_size': 1, 'learning_rate': 0.030442329047315104}. Best is trial 1 with value: 7.698519229888916.
LOCAL_RANK: 0 - CUDA_VISIBLE_DEVICES: [0]
[I 2023-11-29 21:49:59,147] Trial 3 finished with value: 8.306443214416504 and parameters: {'gradient_clip_val': 0.19241219631802037, 'hidden_size': 24, 'dropout': 0.22527880411003282, 'hidden_continuous_size': 23, 'attention_head_size': 1, 'learning_rate': 0.08360141225181354}. Best is trial 1 with value: 7.698519229888916.
LOCAL_RANK: 0 - CUDA_VISIBLE_DEVICES: [0]
[I 2023-11-29 21:50:13,143] Trial 4 finished with value: 12.958645820617676 and parameters: {'gradient_clip_val': 0.1955930021925051, 'hidden_size': 113, 'dropout': 0.23996378308393104, 'hidden_continuous_size': 37, 'attention_head_size': 1, 'learning_rate': 0.05008083110455601}. Best is trial 1 with value: 7.698519229888916.
LOCAL_RANK: 0 - CUDA_VISIBLE_DEVICES: [0]
[I 2023-11-29 21:50:25,535] Trial 5 finished with value: 12.406769752502441 and parameters: {'gradient_clip_val': 0.15681454806009934, 'hidden_size': 15, 'dropout': 0.13824049421846524, 'hidden_continuous_size': 11, 'attention_head_size': 4, 'learning_rate': 0.006036335952296636}. Best is trial 1 with value: 7.698519229888916.
LOCAL_RANK: 0 - CUDA_VISIBLE_DEVICES: [0]
[I 2023-11-29 21:50:39,529] Trial 6 finished with value: 12.698814392089844 and parameters: {'gradient_clip_val': 0.11280050174862251, 'hidden_size': 100, 'dropout': 0.1317119633097239, 'hidden_continuous_size': 35, 'attention_head_size': 3, 'learning_rate': 0.00107565237457433}. Best is trial 1 with value: 7.698519229888916.
LOCAL_RANK: 0 - CUDA_VISIBLE_DEVICES: [0]
[I 2023-11-29 21:50:52,809] Trial 7 finished with value: 9.429972648620605 and parameters: {'gradient_clip_val': 0.5077412582558929, 'hidden_size': 63, 'dropout': 0.25981058710014593, 'hidden_continuous_size': 10, 'attention_head_size': 3, 'learning_rate': 0.0019879931499893247}. Best is trial 1 with value: 7.698519229888916.
LOCAL_RANK: 0 - CUDA_VISIBLE_DEVICES: [0]
[I 2023-11-29 21:51:04,977] Trial 8 finished with value: 11.597407341003418 and parameters: {'gradient_clip_val': 0.11791248642139289, 'hidden_size': 12, 'dropout': 0.1861612274654408, 'hidden_continuous_size': 10, 'attention_head_size': 4, 'learning_rate': 0.003155211564428597}. Best is trial 1 with value: 7.698519229888916.
LOCAL_RANK: 0 - CUDA_VISIBLE_DEVICES: [0]
[I 2023-11-29 21:51:15,249] Trial 9 finished with value: 18.153573989868164 and parameters: {'gradient_clip_val': 0.9591606482216415, 'hidden_size': 15, 'dropout': 0.24735179126423515, 'hidden_continuous_size': 15, 'attention_head_size': 1, 'learning_rate': 0.0010893720084886914}. Best is trial 1 with value: 7.698519229888916.
LOCAL_RANK: 0 - CUDA_VISIBLE_DEVICES: [0]
[I 2023-11-29 21:51:27,717] Trial 10 finished with value: 8.352850914001465 and parameters: {'gradient_clip_val': 0.3044142497707758, 'hidden_size': 32, 'dropout': 0.11893959498460402, 'hidden_continuous_size': 16, 'attention_head_size': 2, 'learning_rate': 0.017776056482422753}. Best is trial 1 with value: 7.698519229888916.
LOCAL_RANK: 0 - CUDA_VISIBLE_DEVICES: [0]
[I 2023-11-29 21:51:40,552] Trial 11 finished with value: 8.137042045593262 and parameters: {'gradient_clip_val': 0.20912522797163793, 'hidden_size': 30, 'dropout': 0.1916177399791099, 'hidden_continuous_size': 20, 'attention_head_size': 2, 'learning_rate': 0.09461468210578353}. Best is trial 1 with value: 7.698519229888916.
LOCAL_RANK: 0 - CUDA_VISIBLE_DEVICES: [0]
[I 2023-11-29 21:51:53,351] Trial 12 finished with value: 9.81532096862793 and parameters: {'gradient_clip_val': 0.23805821402468266, 'hidden_size': 40, 'dropout': 0.179372764994169, 'hidden_continuous_size': 19, 'attention_head_size': 2, 'learning_rate': 0.09761652832658627}. Best is trial 1 with value: 7.698519229888916.
LOCAL_RANK: 0 - CUDA_VISIBLE_DEVICES: [0]
[I 2023-11-29 21:52:06,078] Trial 13 finished with value: 13.546489715576172 and parameters: {'gradient_clip_val': 0.15404443673222804, 'hidden_size': 25, 'dropout': 0.3977515756313147, 'hidden_continuous_size': 17, 'attention_head_size': 3, 'learning_rate': 0.03823522779440282}. Best is trial 1 with value: 7.698519229888916.
LOCAL_RANK: 0 - CUDA_VISIBLE_DEVICES: [0]
[I 2023-11-29 21:52:19,041] Trial 14 finished with value: 15.337010383605957 and parameters: {'gradient_clip_val': 0.39775113849651067, 'hidden_size': 43, 'dropout': 0.17695636329258316, 'hidden_continuous_size': 22, 'attention_head_size': 2, 'learning_rate': 0.014666737630997899}. Best is trial 1 with value: 7.698519229888916.
LOCAL_RANK: 0 - CUDA_VISIBLE_DEVICES: [0]
