[I 2023-11-30 00:51:58,058] Trial 81 finished with value: 5.775732517242432 and parameters: {'gradient_clip_val': 0.6817038921418249, 'hidden_size': 73, 'dropout': 0.3690394056311935, 'hidden_continuous_size': 46, 'attention_head_size': 4, 'learning_rate': 0.08599961788645043}. Best is trial 71 with value: 5.096536636352539.
LOCAL_RANK: 0 - CUDA_VISIBLE_DEVICES: [0]
[I 2023-11-30 00:52:12,134] Trial 82 finished with value: 5.853553771972656 and parameters: {'gradient_clip_val': 0.6301023983000276, 'hidden_size': 66, 'dropout': 0.3630510488522257, 'hidden_continuous_size': 54, 'attention_head_size': 4, 'learning_rate': 0.07002540474617319}. Best is trial 71 with value: 5.096536636352539.
LOCAL_RANK: 0 - CUDA_VISIBLE_DEVICES: [0]
[I 2023-11-30 00:52:26,139] Trial 83 finished with value: 5.288139820098877 and parameters: {'gradient_clip_val': 0.6965658035246038, 'hidden_size': 73, 'dropout': 0.36822299593970376, 'hidden_continuous_size': 61, 'attention_head_size': 4, 'learning_rate': 0.0850470203549837}. Best is trial 71 with value: 5.096536636352539.
LOCAL_RANK: 0 - CUDA_VISIBLE_DEVICES: [0]
[I 2023-11-30 00:52:40,432] Trial 84 finished with value: 5.703475475311279 and parameters: {'gradient_clip_val': 0.7825139662716053, 'hidden_size': 91, 'dropout': 0.3533184470367614, 'hidden_continuous_size': 64, 'attention_head_size': 4, 'learning_rate': 0.05931832726055095}. Best is trial 71 with value: 5.096536636352539.
LOCAL_RANK: 0 - CUDA_VISIBLE_DEVICES: [0]
[I 2023-11-30 00:52:54,573] Trial 85 finished with value: 4.7839202880859375 and parameters: {'gradient_clip_val': 0.5899109351837614, 'hidden_size': 81, 'dropout': 0.3816545228331681, 'hidden_continuous_size': 59, 'attention_head_size': 4, 'learning_rate': 0.07446781642081486}. Best is trial 85 with value: 4.7839202880859375.
LOCAL_RANK: 0 - CUDA_VISIBLE_DEVICES: [0]
[I 2023-11-30 00:53:09,009] Trial 86 finished with value: 6.282679080963135 and parameters: {'gradient_clip_val': 0.5748885315376044, 'hidden_size': 109, 'dropout': 0.3953542761225676, 'hidden_continuous_size': 72, 'attention_head_size': 4, 'learning_rate': 0.04824723219072961}. Best is trial 85 with value: 4.7839202880859375.
LOCAL_RANK: 0 - CUDA_VISIBLE_DEVICES: [0]
[I 2023-11-30 00:53:23,159] Trial 87 finished with value: 5.307290554046631 and parameters: {'gradient_clip_val': 0.5483588927489397, 'hidden_size': 81, 'dropout': 0.38554845516688996, 'hidden_continuous_size': 59, 'attention_head_size': 3, 'learning_rate': 0.029616045877772716}. Best is trial 85 with value: 4.7839202880859375.
LOCAL_RANK: 0 - CUDA_VISIBLE_DEVICES: [0]
[I 2023-11-30 00:53:37,554] Trial 88 finished with value: 5.163961887359619 and parameters: {'gradient_clip_val': 0.6613470526479235, 'hidden_size': 101, 'dropout': 0.3994592134859831, 'hidden_continuous_size': 70, 'attention_head_size': 4, 'learning_rate': 0.07497261312333185}. Best is trial 85 with value: 4.7839202880859375.
LOCAL_RANK: 0 - CUDA_VISIBLE_DEVICES: [0]
[I 2023-11-30 00:53:52,015] Trial 89 finished with value: 6.181594371795654 and parameters: {'gradient_clip_val': 0.6340645716265508, 'hidden_size': 105, 'dropout': 0.3991101612934912, 'hidden_continuous_size': 77, 'attention_head_size': 4, 'learning_rate': 0.06356213639548143}. Best is trial 85 with value: 4.7839202880859375.
LOCAL_RANK: 0 - CUDA_VISIBLE_DEVICES: [0]
[I 2023-11-30 00:54:06,386] Trial 90 finished with value: 5.82013463973999 and parameters: {'gradient_clip_val': 0.6008580980305231, 'hidden_size': 94, 'dropout': 0.38317779093708493, 'hidden_continuous_size': 69, 'attention_head_size': 4, 'learning_rate': 0.04097208622899647}. Best is trial 85 with value: 4.7839202880859375.
LOCAL_RANK: 0 - CUDA_VISIBLE_DEVICES: [0]
[I 2023-11-30 00:54:20,560] Trial 91 finished with value: 7.759252071380615 and parameters: {'gradient_clip_val': 0.754323147140882, 'hidden_size': 84, 'dropout': 0.3753070137948799, 'hidden_continuous_size': 66, 'attention_head_size': 4, 'learning_rate': 0.07851677326296189}. Best is trial 85 with value: 4.7839202880859375.
LOCAL_RANK: 0 - CUDA_VISIBLE_DEVICES: [0]
[I 2023-11-30 00:54:35,190] Trial 92 finished with value: 5.7370452880859375 and parameters: {'gradient_clip_val': 0.8193092546215095, 'hidden_size': 117, 'dropout': 0.38909886927490456, 'hidden_continuous_size': 73, 'attention_head_size': 4, 'learning_rate': 0.0710176353341248}. Best is trial 85 with value: 4.7839202880859375.
LOCAL_RANK: 0 - CUDA_VISIBLE_DEVICES: [0]
[I 2023-11-30 00:54:49,550] Trial 93 finished with value: 5.454627990722656 and parameters: {'gradient_clip_val': 0.5304614047826717, 'hidden_size': 100, 'dropout': 0.37583053150406237, 'hidden_continuous_size': 69, 'attention_head_size': 4, 'learning_rate': 0.05563075823854284}. Best is trial 85 with value: 4.7839202880859375.
LOCAL_RANK: 0 - CUDA_VISIBLE_DEVICES: [0]
[I 2023-11-30 00:55:03,686] Trial 94 finished with value: 6.613001346588135 and parameters: {'gradient_clip_val': 0.6621910992680337, 'hidden_size': 78, 'dropout': 0.39154685047457904, 'hidden_continuous_size': 57, 'attention_head_size': 4, 'learning_rate': 0.04862740527418429}. Best is trial 85 with value: 4.7839202880859375.
LOCAL_RANK: 0 - CUDA_VISIBLE_DEVICES: [0]
[I 2023-11-30 00:55:18,246] Trial 95 finished with value: 5.398034572601318 and parameters: {'gradient_clip_val': 0.9534594571759467, 'hidden_size': 130, 'dropout': 0.3995270462885208, 'hidden_continuous_size': 84, 'attention_head_size': 2, 'learning_rate': 0.06704611795360454}. Best is trial 85 with value: 4.7839202880859375.
LOCAL_RANK: 0 - CUDA_VISIBLE_DEVICES: [0]
[I 2023-11-30 00:55:32,340] Trial 96 finished with value: 5.32786226272583 and parameters: {'gradient_clip_val': 0.8903510454213414, 'hidden_size': 87, 'dropout': 0.35977611417011346, 'hidden_continuous_size': 62, 'attention_head_size': 2, 'learning_rate': 0.0895351373615281}. Best is trial 85 with value: 4.7839202880859375.
LOCAL_RANK: 0 - CUDA_VISIBLE_DEVICES: [0]
[I 2023-11-30 00:55:46,545] Trial 97 finished with value: 6.457643508911133 and parameters: {'gradient_clip_val': 0.5781800715699587, 'hidden_size': 70, 'dropout': 0.3452756080403485, 'hidden_continuous_size': 63, 'attention_head_size': 4, 'learning_rate': 0.0767926516694324}. Best is trial 85 with value: 4.7839202880859375.
LOCAL_RANK: 0 - CUDA_VISIBLE_DEVICES: [0]
[I 2023-11-30 00:56:00,830] Trial 98 finished with value: 5.299518585205078 and parameters: {'gradient_clip_val': 0.7102307421580685, 'hidden_size': 95, 'dropout': 0.3816771391576383, 'hidden_continuous_size': 55, 'attention_head_size': 4, 'learning_rate': 0.09761883279577548}. Best is trial 85 with value: 4.7839202880859375.
LOCAL_RANK: 0 - CUDA_VISIBLE_DEVICES: [0]
[I 2023-11-30 00:56:14,848] Trial 99 finished with value: 5.579799175262451 and parameters: {'gradient_clip_val': 0.8291201982424865, 'hidden_size': 78, 'dropout': 0.3342122031808547, 'hidden_continuous_size': 58, 'attention_head_size': 3, 'learning_rate': 0.056844495099049264}. Best is trial 85 with value: 4.7839202880859375.
LOCAL_RANK: 0 - CUDA_VISIBLE_DEVICES: [0]
[I 2023-11-30 00:56:28,931] Trial 100 finished with value: 5.579921722412109 and parameters: {'gradient_clip_val': 0.6592851791939349, 'hidden_size': 110, 'dropout': 0.3066507629218876, 'hidden_continuous_size': 44, 'attention_head_size': 2, 'learning_rate': 0.06575830222937479}. Best is trial 85 with value: 4.7839202880859375.
LOCAL_RANK: 0 - CUDA_VISIBLE_DEVICES: [0]
[I 2023-11-30 00:56:42,887] Trial 101 finished with value: 5.351109981536865 and parameters: {'gradient_clip_val': 0.7109877415093658, 'hidden_size': 73, 'dropout': 0.3676377434854113, 'hidden_continuous_size': 47, 'attention_head_size': 4, 'learning_rate': 0.09033634064467116}. Best is trial 85 with value: 4.7839202880859375.
LOCAL_RANK: 0 - CUDA_VISIBLE_DEVICES: [0]
[I 2023-11-30 00:56:57,271] Trial 102 finished with value: 4.823657989501953 and parameters: {'gradient_clip_val': 0.7672365013873934, 'hidden_size': 86, 'dropout': 0.36569952143069834, 'hidden_continuous_size': 51, 'attention_head_size': 4, 'learning_rate': 0.07898403181120822}. Best is trial 85 with value: 4.7839202880859375.
LOCAL_RANK: 0 - CUDA_VISIBLE_DEVICES: [0]
[I 2023-11-30 00:57:11,350] Trial 103 finished with value: 5.11314582824707 and parameters: {'gradient_clip_val': 0.7706737807105948, 'hidden_size': 86, 'dropout': 0.37377638229189286, 'hidden_continuous_size': 52, 'attention_head_size': 4, 'learning_rate': 0.07703448943962309}. Best is trial 85 with value: 4.7839202880859375.
LOCAL_RANK: 0 - CUDA_VISIBLE_DEVICES: [0]
[I 2023-11-30 00:57:25,463] Trial 104 finished with value: 5.610436916351318 and parameters: {'gradient_clip_val': 0.6265688362899515, 'hidden_size': 84, 'dropout': 0.3570116842178686, 'hidden_continuous_size': 50, 'attention_head_size': 4, 'learning_rate': 0.09986571187553846}. Best is trial 85 with value: 4.7839202880859375.
LOCAL_RANK: 0 - CUDA_VISIBLE_DEVICES: [0]
[I 2023-11-30 00:57:39,637] Trial 105 finished with value: 5.556766510009766 and parameters: {'gradient_clip_val': 0.7609394374485078, 'hidden_size': 89, 'dropout': 0.3750545216789092, 'hidden_continuous_size': 53, 'attention_head_size': 4, 'learning_rate': 0.07975200428749601}. Best is trial 85 with value: 4.7839202880859375.
LOCAL_RANK: 0 - CUDA_VISIBLE_DEVICES: [0]
[I 2023-11-30 00:57:53,714] Trial 106 finished with value: 5.242051601409912 and parameters: {'gradient_clip_val': 0.6752368386662573, 'hidden_size': 79, 'dropout': 0.34841841516148536, 'hidden_continuous_size': 49, 'attention_head_size': 4, 'learning_rate': 0.07393138172635043}. Best is trial 85 with value: 4.7839202880859375.
LOCAL_RANK: 0 - CUDA_VISIBLE_DEVICES: [0]
[I 2023-11-30 00:58:07,955] Trial 107 finished with value: 5.194427013397217 and parameters: {'gradient_clip_val': 0.6727963546238174, 'hidden_size': 66, 'dropout': 0.34176230204082486, 'hidden_continuous_size': 57, 'attention_head_size': 4, 'learning_rate': 0.07342859406923373}. Best is trial 85 with value: 4.7839202880859375.
LOCAL_RANK: 0 - CUDA_VISIBLE_DEVICES: [0]
[I 2023-11-30 00:58:21,901] Trial 108 finished with value: 5.589467525482178 and parameters: {'gradient_clip_val': 0.7711095431790794, 'hidden_size': 66, 'dropout': 0.340285072055723, 'hidden_continuous_size': 60, 'attention_head_size': 4, 'learning_rate': 0.06037504443265551}. Best is trial 85 with value: 4.7839202880859375.
LOCAL_RANK: 0 - CUDA_VISIBLE_DEVICES: [0]
[I 2023-11-30 00:58:35,972] Trial 109 finished with value: 5.339244842529297 and parameters: {'gradient_clip_val': 0.5949993162917763, 'hidden_size': 75, 'dropout': 0.3834255178885557, 'hidden_continuous_size': 57, 'attention_head_size': 4, 'learning_rate': 0.069903185169579}. Best is trial 85 with value: 4.7839202880859375.
LOCAL_RANK: 0 - CUDA_VISIBLE_DEVICES: [0]
[I 2023-11-30 00:58:50,156] Trial 110 finished with value: 5.227273464202881 and parameters: {'gradient_clip_val': 0.7312335382637533, 'hidden_size': 93, 'dropout': 0.32314089255061773, 'hidden_continuous_size': 52, 'attention_head_size': 4, 'learning_rate': 0.052352852081088405}. Best is trial 85 with value: 4.7839202880859375.
LOCAL_RANK: 0 - CUDA_VISIBLE_DEVICES: [0]
[I 2023-11-30 00:59:04,409] Trial 111 finished with value: 5.557810306549072 and parameters: {'gradient_clip_val': 0.63574933008663, 'hidden_size': 102, 'dropout': 0.318713389907339, 'hidden_continuous_size': 51, 'attention_head_size': 4, 'learning_rate': 0.05259686094805549}. Best is trial 85 with value: 4.7839202880859375.
LOCAL_RANK: 0 - CUDA_VISIBLE_DEVICES: [0]
[I 2023-11-30 00:59:18,766] Trial 112 finished with value: 5.737039089202881 and parameters: {'gradient_clip_val': 0.7298565944656715, 'hidden_size': 91, 'dropout': 0.327877769188131, 'hidden_continuous_size': 54, 'attention_head_size': 4, 'learning_rate': 0.08060315403451998}. Best is trial 85 with value: 4.7839202880859375.
LOCAL_RANK: 0 - CUDA_VISIBLE_DEVICES: [0]
[I 2023-11-30 00:59:32,772] Trial 113 finished with value: 5.438173770904541 and parameters: {'gradient_clip_val': 0.8086240655256922, 'hidden_size': 86, 'dropout': 0.3234939350043372, 'hidden_continuous_size': 48, 'attention_head_size': 4, 'learning_rate': 0.04693575997649393}. Best is trial 85 with value: 4.7839202880859375.
LOCAL_RANK: 0 - CUDA_VISIBLE_DEVICES: [0]
[I 2023-11-30 00:59:46,922] Trial 114 finished with value: 5.51006555557251 and parameters: {'gradient_clip_val': 0.8818453839113244, 'hidden_size': 96, 'dropout': 0.33180246431228005, 'hidden_continuous_size': 42, 'attention_head_size': 4, 'learning_rate': 0.06284725543304033}. Best is trial 85 with value: 4.7839202880859375.
LOCAL_RANK: 0 - CUDA_VISIBLE_DEVICES: [0]
[I 2023-11-30 01:00:00,768] Trial 115 finished with value: 5.53316068649292 and parameters: {'gradient_clip_val': 0.6730193663433461, 'hidden_size': 63, 'dropout': 0.3424589750825733, 'hidden_continuous_size': 56, 'attention_head_size': 4, 'learning_rate': 0.09188305650516293}. Best is trial 85 with value: 4.7839202880859375.
LOCAL_RANK: 0 - CUDA_VISIBLE_DEVICES: [0]
[I 2023-11-30 01:00:14,719] Trial 116 finished with value: 5.398081302642822 and parameters: {'gradient_clip_val': 0.7412552675312409, 'hidden_size': 68, 'dropout': 0.35096180510744174, 'hidden_continuous_size': 62, 'attention_head_size': 4, 'learning_rate': 0.07258079644871088}. Best is trial 85 with value: 4.7839202880859375.
LOCAL_RANK: 0 - CUDA_VISIBLE_DEVICES: [0]
[I 2023-11-30 01:00:29,266] Trial 117 finished with value: 5.481161117553711 and parameters: {'gradient_clip_val': 0.9451465995863365, 'hidden_size': 83, 'dropout': 0.36477507996335956, 'hidden_continuous_size': 65, 'attention_head_size': 4, 'learning_rate': 0.05418868507133645}. Best is trial 85 with value: 4.7839202880859375.
LOCAL_RANK: 0 - CUDA_VISIBLE_DEVICES: [0]
[I 2023-11-30 01:00:43,189] Trial 118 finished with value: 5.484711170196533 and parameters: {'gradient_clip_val': 0.5638533896921175, 'hidden_size': 71, 'dropout': 0.39117521493454555, 'hidden_continuous_size': 52, 'attention_head_size': 4, 'learning_rate': 0.06565789944800464}. Best is trial 85 with value: 4.7839202880859375.
LOCAL_RANK: 0 - CUDA_VISIBLE_DEVICES: [0]
[I 2023-11-30 01:00:57,261] Trial 119 finished with value: 5.732682704925537 and parameters: {'gradient_clip_val': 0.710867612202186, 'hidden_size': 76, 'dropout': 0.35508407430809086, 'hidden_continuous_size': 59, 'attention_head_size': 4, 'learning_rate': 0.08289833646041385}. Best is trial 85 with value: 4.7839202880859375.
LOCAL_RANK: 0 - CUDA_VISIBLE_DEVICES: [0]
[I 2023-11-30 01:01:11,431] Trial 120 finished with value: 5.213665008544922 and parameters: {'gradient_clip_val': 0.7871349745942733, 'hidden_size': 104, 'dropout': 0.3114976792470121, 'hidden_continuous_size': 45, 'attention_head_size': 4, 'learning_rate': 0.0491603075849022}. Best is trial 85 with value: 4.7839202880859375.
LOCAL_RANK: 0 - CUDA_VISIBLE_DEVICES: [0]
[I 2023-11-30 01:01:25,613] Trial 121 finished with value: 5.865468502044678 and parameters: {'gradient_clip_val': 0.8537756842664194, 'hidden_size': 102, 'dropout': 0.3106819097370108, 'hidden_continuous_size': 45, 'attention_head_size': 4, 'learning_rate': 0.03932773157112403}. Best is trial 85 with value: 4.7839202880859375.
LOCAL_RANK: 0 - CUDA_VISIBLE_DEVICES: [0]
[I 2023-11-30 01:01:39,932] Trial 122 finished with value: 5.030913829803467 and parameters: {'gradient_clip_val': 0.676624866130062, 'hidden_size': 91, 'dropout': 0.31668658068368993, 'hidden_continuous_size': 48, 'attention_head_size': 4, 'learning_rate': 0.045409571693777066}. Best is trial 85 with value: 4.7839202880859375.
LOCAL_RANK: 0 - CUDA_VISIBLE_DEVICES: [0]
[I 2023-11-30 01:01:53,893] Trial 123 finished with value: 5.726291656494141 and parameters: {'gradient_clip_val': 0.7916001683495093, 'hidden_size': 88, 'dropout': 0.30798855187939145, 'hidden_continuous_size': 48, 'attention_head_size': 4, 'learning_rate': 0.046543675259645936}. Best is trial 85 with value: 4.7839202880859375.
LOCAL_RANK: 0 - CUDA_VISIBLE_DEVICES: [0]
[I 2023-11-30 01:02:08,014] Trial 124 finished with value: 5.115789890289307 and parameters: {'gradient_clip_val': 0.6179105652835906, 'hidden_size': 81, 'dropout': 0.33508194710531497, 'hidden_continuous_size': 55, 'attention_head_size': 4, 'learning_rate': 0.041985933506805816}. Best is trial 85 with value: 4.7839202880859375.
LOCAL_RANK: 0 - CUDA_VISIBLE_DEVICES: [0]
[I 2023-11-30 01:02:22,215] Trial 125 finished with value: 5.412111759185791 and parameters: {'gradient_clip_val': 0.6401494821273944, 'hidden_size': 82, 'dropout': 0.33309241470819667, 'hidden_continuous_size': 55, 'attention_head_size': 4, 'learning_rate': 0.03859653027903372}. Best is trial 85 with value: 4.7839202880859375.
LOCAL_RANK: 0 - CUDA_VISIBLE_DEVICES: [0]
[I 2023-11-30 01:02:36,423] Trial 126 finished with value: 5.763618469238281 and parameters: {'gradient_clip_val': 0.6027456170856558, 'hidden_size': 74, 'dropout': 0.3712220332710306, 'hidden_continuous_size': 59, 'attention_head_size': 4, 'learning_rate': 0.023879862115493394}. Best is trial 85 with value: 4.7839202880859375.
LOCAL_RANK: 0 - CUDA_VISIBLE_DEVICES: [0]
[I 2023-11-30 01:02:50,249] Trial 127 finished with value: 5.3137078285217285 and parameters: {'gradient_clip_val': 0.6742933196604852, 'hidden_size': 60, 'dropout': 0.33793880687242583, 'hidden_continuous_size': 57, 'attention_head_size': 4, 'learning_rate': 0.035416340364966076}. Best is trial 85 with value: 4.7839202880859375.
LOCAL_RANK: 0 - CUDA_VISIBLE_DEVICES: [0]
[I 2023-11-30 01:03:04,572] Trial 128 finished with value: 5.761844158172607 and parameters: {'gradient_clip_val': 0.5369214432575729, 'hidden_size': 79, 'dropout': 0.3791873976583582, 'hidden_continuous_size': 66, 'attention_head_size': 4, 'learning_rate': 0.04430534407848054}. Best is trial 85 with value: 4.7839202880859375.
LOCAL_RANK: 0 - CUDA_VISIBLE_DEVICES: [0]
[I 2023-11-30 01:03:18,694] Trial 129 finished with value: 5.141330242156982 and parameters: {'gradient_clip_val': 0.6183015497829791, 'hidden_size': 70, 'dropout': 0.34619442286057844, 'hidden_continuous_size': 62, 'attention_head_size': 4, 'learning_rate': 0.05679842404204726}. Best is trial 85 with value: 4.7839202880859375.
LOCAL_RANK: 0 - CUDA_VISIBLE_DEVICES: [0]
[I 2023-11-30 01:03:32,682] Trial 130 finished with value: 4.961184978485107 and parameters: {'gradient_clip_val': 0.5932717218680026, 'hidden_size': 67, 'dropout': 0.3467955022461821, 'hidden_continuous_size': 62, 'attention_head_size': 4, 'learning_rate': 0.05892072230389865}. Best is trial 85 with value: 4.7839202880859375.
LOCAL_RANK: 0 - CUDA_VISIBLE_DEVICES: [0]
[I 2023-11-30 01:03:46,897] Trial 131 finished with value: 5.70496129989624 and parameters: {'gradient_clip_val': 0.619717899439856, 'hidden_size': 65, 'dropout': 0.34753294847464933, 'hidden_continuous_size': 61, 'attention_head_size': 4, 'learning_rate': 0.06732929759292008}. Best is trial 85 with value: 4.7839202880859375.
LOCAL_RANK: 0 - CUDA_VISIBLE_DEVICES: [0]
[I 2023-11-30 01:04:01,007] Trial 132 finished with value: 5.717118740081787 and parameters: {'gradient_clip_val': 0.5749957423422426, 'hidden_size': 69, 'dropout': 0.3291026599520179, 'hidden_continuous_size': 63, 'attention_head_size': 4, 'learning_rate': 0.06061162674031365}. Best is trial 85 with value: 4.7839202880859375.
LOCAL_RANK: 0 - CUDA_VISIBLE_DEVICES: [0]
[I 2023-11-30 01:04:15,027] Trial 133 finished with value: 5.069851398468018 and parameters: {'gradient_clip_val': 0.5967400084179139, 'hidden_size': 72, 'dropout': 0.34299615179438386, 'hidden_continuous_size': 54, 'attention_head_size': 4, 'learning_rate': 0.05872832473407472}. Best is trial 85 with value: 4.7839202880859375.
LOCAL_RANK: 0 - CUDA_VISIBLE_DEVICES: [0]
[I 2023-11-30 01:04:28,960] Trial 134 finished with value: 5.463403701782227 and parameters: {'gradient_clip_val': 0.5461669291863539, 'hidden_size': 72, 'dropout': 0.31946431505271816, 'hidden_continuous_size': 54, 'attention_head_size': 4, 'learning_rate': 0.06032342289210158}. Best is trial 85 with value: 4.7839202880859375.
LOCAL_RANK: 0 - CUDA_VISIBLE_DEVICES: [0]
[I 2023-11-30 01:04:42,962] Trial 135 finished with value: 6.374204635620117 and parameters: {'gradient_clip_val': 0.5188880837997426, 'hidden_size': 77, 'dropout': 0.35918403712917424, 'hidden_continuous_size': 50, 'attention_head_size': 4, 'learning_rate': 0.05287362982750696}. Best is trial 85 with value: 4.7839202880859375.
LOCAL_RANK: 0 - CUDA_VISIBLE_DEVICES: [0]
[I 2023-11-30 01:04:57,475] Trial 136 finished with value: 6.086042881011963 and parameters: {'gradient_clip_val': 0.589059496109312, 'hidden_size': 87, 'dropout': 0.29874247577460805, 'hidden_continuous_size': 69, 'attention_head_size': 4, 'learning_rate': 0.05648407453787353}. Best is trial 85 with value: 4.7839202880859375.
LOCAL_RANK: 0 - CUDA_VISIBLE_DEVICES: [0]
[I 2023-11-30 01:05:11,334] Trial 137 finished with value: 5.192046642303467 and parameters: {'gradient_clip_val': 0.6173802591946115, 'hidden_size': 70, 'dropout': 0.3516579793761843, 'hidden_continuous_size': 52, 'attention_head_size': 4, 'learning_rate': 0.07947377830702976}. Best is trial 85 with value: 4.7839202880859375.
LOCAL_RANK: 0 - CUDA_VISIBLE_DEVICES: [0]
[I 2023-11-30 01:05:25,261] Trial 138 finished with value: 4.556858062744141 and parameters: {'gradient_clip_val': 0.6498447843250671, 'hidden_size': 63, 'dropout': 0.33504968705255284, 'hidden_continuous_size': 59, 'attention_head_size': 4, 'learning_rate': 0.06603650511393476}. Best is trial 138 with value: 4.556858062744141.
LOCAL_RANK: 0 - CUDA_VISIBLE_DEVICES: [0]
[I 2023-11-30 01:05:38,764] Trial 139 finished with value: 5.738550662994385 and parameters: {'gradient_clip_val': 0.5598385720936282, 'hidden_size': 56, 'dropout': 0.33502257109219846, 'hidden_continuous_size': 53, 'attention_head_size': 4, 'learning_rate': 0.03194430435194661}. Best is trial 138 with value: 4.556858062744141.
LOCAL_RANK: 0 - CUDA_VISIBLE_DEVICES: [0]
