[I 2023-11-30 07:21:07,901] Trial 32 finished with value: 9.914555549621582 and parameters: {'gradient_clip_val': 0.1994318125774787, 'hidden_size': 99, 'dropout': 0.3565919479630172, 'hidden_continuous_size': 35, 'attention_head_size': 3, 'learning_rate': 0.06308163514589253}. Best is trial 21 with value: 8.42471981048584.
LOCAL_RANK: 0 - CUDA_VISIBLE_DEVICES: [0]
[I 2023-11-30 07:21:22,055] Trial 33 finished with value: 10.285367012023926 and parameters: {'gradient_clip_val': 0.1484734797021554, 'hidden_size': 113, 'dropout': 0.377849739266826, 'hidden_continuous_size': 38, 'attention_head_size': 3, 'learning_rate': 0.042640598782498276}. Best is trial 21 with value: 8.42471981048584.
LOCAL_RANK: 0 - CUDA_VISIBLE_DEVICES: [0]
[I 2023-11-30 07:21:36,173] Trial 34 finished with value: 9.428523063659668 and parameters: {'gradient_clip_val': 0.13643210947482556, 'hidden_size': 120, 'dropout': 0.32044999562495335, 'hidden_continuous_size': 49, 'attention_head_size': 2, 'learning_rate': 0.026215963513731316}. Best is trial 21 with value: 8.42471981048584.
LOCAL_RANK: 0 - CUDA_VISIBLE_DEVICES: [0]
[I 2023-11-30 07:21:49,507] Trial 35 finished with value: 8.375388145446777 and parameters: {'gradient_clip_val': 0.10101092451215765, 'hidden_size': 64, 'dropout': 0.3516892325756054, 'hidden_continuous_size': 32, 'attention_head_size': 3, 'learning_rate': 0.0731135600132772}. Best is trial 35 with value: 8.375388145446777.
LOCAL_RANK: 0 - CUDA_VISIBLE_DEVICES: [0]
[I 2023-11-30 07:22:03,233] Trial 36 finished with value: 9.35387897491455 and parameters: {'gradient_clip_val': 0.10015820845468912, 'hidden_size': 59, 'dropout': 0.30962392335934324, 'hidden_continuous_size': 32, 'attention_head_size': 3, 'learning_rate': 0.09943930887944882}. Best is trial 35 with value: 8.375388145446777.
LOCAL_RANK: 0 - CUDA_VISIBLE_DEVICES: [0]
[I 2023-11-30 07:22:15,964] Trial 37 finished with value: 9.012886047363281 and parameters: {'gradient_clip_val': 0.11709495134604032, 'hidden_size': 36, 'dropout': 0.34482195308582586, 'hidden_continuous_size': 25, 'attention_head_size': 2, 'learning_rate': 0.0323289670722033}. Best is trial 35 with value: 8.375388145446777.
LOCAL_RANK: 0 - CUDA_VISIBLE_DEVICES: [0]
[I 2023-11-30 07:22:29,248] Trial 38 finished with value: 10.73904037475586 and parameters: {'gradient_clip_val': 0.13116854176303616, 'hidden_size': 48, 'dropout': 0.3490377634625689, 'hidden_continuous_size': 33, 'attention_head_size': 3, 'learning_rate': 0.020460287124971055}. Best is trial 35 with value: 8.375388145446777.
LOCAL_RANK: 0 - CUDA_VISIBLE_DEVICES: [0]
[I 2023-11-30 07:22:42,732] Trial 39 finished with value: 9.368071556091309 and parameters: {'gradient_clip_val': 0.15817811349054575, 'hidden_size': 75, 'dropout': 0.3855091073225632, 'hidden_continuous_size': 23, 'attention_head_size': 1, 'learning_rate': 0.080036500520176}. Best is trial 35 with value: 8.375388145446777.
LOCAL_RANK: 0 - CUDA_VISIBLE_DEVICES: [0]
[I 2023-11-30 07:22:56,331] Trial 40 finished with value: 11.313823699951172 and parameters: {'gradient_clip_val': 0.11649249432320946, 'hidden_size': 59, 'dropout': 0.30972158429276553, 'hidden_continuous_size': 31, 'attention_head_size': 4, 'learning_rate': 0.016787235491229048}. Best is trial 35 with value: 8.375388145446777.
LOCAL_RANK: 0 - CUDA_VISIBLE_DEVICES: [0]
[I 2023-11-30 07:23:10,394] Trial 41 finished with value: 9.244898796081543 and parameters: {'gradient_clip_val': 0.1370425098049653, 'hidden_size': 85, 'dropout': 0.3665050042952321, 'hidden_continuous_size': 39, 'attention_head_size': 3, 'learning_rate': 0.06680625364966472}. Best is trial 35 with value: 8.375388145446777.
LOCAL_RANK: 0 - CUDA_VISIBLE_DEVICES: [0]
[I 2023-11-30 07:23:24,682] Trial 42 finished with value: 9.029322624206543 and parameters: {'gradient_clip_val': 0.1137285774726781, 'hidden_size': 138, 'dropout': 0.37914072531384857, 'hidden_continuous_size': 20, 'attention_head_size': 3, 'learning_rate': 0.05461922278218716}. Best is trial 35 with value: 8.375388145446777.
LOCAL_RANK: 0 - CUDA_VISIBLE_DEVICES: [0]
[I 2023-11-30 07:23:38,590] Trial 43 finished with value: 8.628472328186035 and parameters: {'gradient_clip_val': 0.16906037766503126, 'hidden_size': 92, 'dropout': 0.3978838180897933, 'hidden_continuous_size': 37, 'attention_head_size': 3, 'learning_rate': 0.04691227308734496}. Best is trial 35 with value: 8.375388145446777.
LOCAL_RANK: 0 - CUDA_VISIBLE_DEVICES: [0]
[I 2023-11-30 07:23:51,908] Trial 44 finished with value: 9.20801830291748 and parameters: {'gradient_clip_val': 0.15148420709463467, 'hidden_size': 64, 'dropout': 0.39963345567414776, 'hidden_continuous_size': 30, 'attention_head_size': 3, 'learning_rate': 0.042031343364619535}. Best is trial 35 with value: 8.375388145446777.
LOCAL_RANK: 0 - CUDA_VISIBLE_DEVICES: [0]
[I 2023-11-30 07:24:05,320] Trial 45 finished with value: 9.17107105255127 and parameters: {'gradient_clip_val': 0.12846321236670863, 'hidden_size': 50, 'dropout': 0.3869223222541766, 'hidden_continuous_size': 32, 'attention_head_size': 2, 'learning_rate': 0.029918384756983236}. Best is trial 35 with value: 8.375388145446777.
LOCAL_RANK: 0 - CUDA_VISIBLE_DEVICES: [0]
[I 2023-11-30 07:24:19,105] Trial 46 finished with value: 11.220439910888672 and parameters: {'gradient_clip_val': 0.10081350340369395, 'hidden_size': 92, 'dropout': 0.35398589310928874, 'hidden_continuous_size': 49, 'attention_head_size': 3, 'learning_rate': 0.04738036420440201}. Best is trial 35 with value: 8.375388145446777.
LOCAL_RANK: 0 - CUDA_VISIBLE_DEVICES: [0]
[I 2023-11-30 07:24:32,711] Trial 47 finished with value: 8.82675552368164 and parameters: {'gradient_clip_val': 0.16578359036890516, 'hidden_size': 72, 'dropout': 0.33730054700753664, 'hidden_continuous_size': 39, 'attention_head_size': 2, 'learning_rate': 0.055094147130491246}. Best is trial 35 with value: 8.375388145446777.
LOCAL_RANK: 0 - CUDA_VISIBLE_DEVICES: [0]
[I 2023-11-30 07:24:46,454] Trial 48 finished with value: 9.285611152648926 and parameters: {'gradient_clip_val': 0.14334215477735407, 'hidden_size': 78, 'dropout': 0.3628090375551617, 'hidden_continuous_size': 29, 'attention_head_size': 4, 'learning_rate': 0.024319304671568617}. Best is trial 35 with value: 8.375388145446777.
LOCAL_RANK: 0 - CUDA_VISIBLE_DEVICES: [0]
[I 2023-11-30 07:25:00,568] Trial 49 finished with value: 9.152670860290527 and parameters: {'gradient_clip_val': 0.11253343283003749, 'hidden_size': 95, 'dropout': 0.38751253325669277, 'hidden_continuous_size': 46, 'attention_head_size': 3, 'learning_rate': 0.03665436517328036}. Best is trial 35 with value: 8.375388145446777.
LOCAL_RANK: 0 - CUDA_VISIBLE_DEVICES: [0]
[I 2023-11-30 07:25:14,306] Trial 50 finished with value: 8.41484546661377 and parameters: {'gradient_clip_val': 0.20749930814261108, 'hidden_size': 57, 'dropout': 0.3728099758855712, 'hidden_continuous_size': 36, 'attention_head_size': 2, 'learning_rate': 0.0780235351889501}. Best is trial 35 with value: 8.375388145446777.
LOCAL_RANK: 0 - CUDA_VISIBLE_DEVICES: [0]
[I 2023-11-30 07:25:27,896] Trial 51 finished with value: 9.611360549926758 and parameters: {'gradient_clip_val': 0.1996833253359401, 'hidden_size': 58, 'dropout': 0.3725235802750246, 'hidden_continuous_size': 36, 'attention_head_size': 2, 'learning_rate': 0.08277957205233592}. Best is trial 35 with value: 8.375388145446777.
LOCAL_RANK: 0 - CUDA_VISIBLE_DEVICES: [0]
[I 2023-11-30 07:25:41,586] Trial 52 finished with value: 9.499634742736816 and parameters: {'gradient_clip_val': 0.17075025947945652, 'hidden_size': 69, 'dropout': 0.3543802294406336, 'hidden_continuous_size': 33, 'attention_head_size': 2, 'learning_rate': 0.05912223071296602}. Best is trial 35 with value: 8.375388145446777.
LOCAL_RANK: 0 - CUDA_VISIBLE_DEVICES: [0]
[I 2023-11-30 07:25:55,057] Trial 53 finished with value: 10.082893371582031 and parameters: {'gradient_clip_val': 0.15371134082624982, 'hidden_size': 54, 'dropout': 0.3839045890448128, 'hidden_continuous_size': 36, 'attention_head_size': 2, 'learning_rate': 0.0729042717343033}. Best is trial 35 with value: 8.375388145446777.
LOCAL_RANK: 0 - CUDA_VISIBLE_DEVICES: [0]
[I 2023-11-30 07:26:08,584] Trial 54 finished with value: 9.812067985534668 and parameters: {'gradient_clip_val': 0.12473986022145468, 'hidden_size': 81, 'dropout': 0.3987138844642494, 'hidden_continuous_size': 31, 'attention_head_size': 1, 'learning_rate': 0.04719069433202494}. Best is trial 35 with value: 8.375388145446777.
LOCAL_RANK: 0 - CUDA_VISIBLE_DEVICES: [0]
[I 2023-11-30 07:26:22,248] Trial 55 finished with value: 9.547200202941895 and parameters: {'gradient_clip_val': 0.21613555347307534, 'hidden_size': 64, 'dropout': 0.3664393302069853, 'hidden_continuous_size': 40, 'attention_head_size': 2, 'learning_rate': 0.03660939658064165}. Best is trial 35 with value: 8.375388145446777.
LOCAL_RANK: 0 - CUDA_VISIBLE_DEVICES: [0]
[I 2023-11-30 07:26:35,792] Trial 56 finished with value: 10.736312866210938 and parameters: {'gradient_clip_val': 0.1418797901671868, 'hidden_size': 72, 'dropout': 0.3374989064643786, 'hidden_continuous_size': 42, 'attention_head_size': 2, 'learning_rate': 0.029462910778608114}. Best is trial 35 with value: 8.375388145446777.
LOCAL_RANK: 0 - CUDA_VISIBLE_DEVICES: [0]
[I 2023-11-30 07:26:49,188] Trial 57 finished with value: 8.948868751525879 and parameters: {'gradient_clip_val': 0.1100964295690218, 'hidden_size': 47, 'dropout': 0.3880168255733583, 'hidden_continuous_size': 35, 'attention_head_size': 3, 'learning_rate': 0.09082335416504275}. Best is trial 35 with value: 8.375388145446777.
LOCAL_RANK: 0 - CUDA_VISIBLE_DEVICES: [0]
[I 2023-11-30 07:27:02,532] Trial 58 finished with value: 9.60251235961914 and parameters: {'gradient_clip_val': 0.16336052845723567, 'hidden_size': 52, 'dropout': 0.36216833788731534, 'hidden_continuous_size': 37, 'attention_head_size': 2, 'learning_rate': 0.06313811463453338}. Best is trial 35 with value: 8.375388145446777.
LOCAL_RANK: 0 - CUDA_VISIBLE_DEVICES: [0]
[I 2023-11-30 07:27:16,246] Trial 59 finished with value: 9.724640846252441 and parameters: {'gradient_clip_val': 0.13144053287368024, 'hidden_size': 83, 'dropout': 0.34738729933463897, 'hidden_continuous_size': 28, 'attention_head_size': 3, 'learning_rate': 0.05242625533830801}. Best is trial 35 with value: 8.375388145446777.
LOCAL_RANK: 0 - CUDA_VISIBLE_DEVICES: [0]
[I 2023-11-30 07:27:29,354] Trial 60 finished with value: 9.769365310668945 and parameters: {'gradient_clip_val': 0.11959919945939455, 'hidden_size': 40, 'dropout': 0.3751205276366384, 'hidden_continuous_size': 33, 'attention_head_size': 2, 'learning_rate': 0.07687886294913919}. Best is trial 35 with value: 8.375388145446777.
LOCAL_RANK: 0 - CUDA_VISIBLE_DEVICES: [0]
[I 2023-11-30 07:27:43,036] Trial 61 finished with value: 9.603137969970703 and parameters: {'gradient_clip_val': 0.16525238891739186, 'hidden_size': 71, 'dropout': 0.3436446355566943, 'hidden_continuous_size': 39, 'attention_head_size': 2, 'learning_rate': 0.05446100059504476}. Best is trial 35 with value: 8.375388145446777.
LOCAL_RANK: 0 - CUDA_VISIBLE_DEVICES: [0]
[I 2023-11-30 07:27:56,648] Trial 62 finished with value: 9.252544403076172 and parameters: {'gradient_clip_val': 0.10937291502522545, 'hidden_size': 62, 'dropout': 0.33188847596471405, 'hidden_continuous_size': 38, 'attention_head_size': 2, 'learning_rate': 0.045314590146056585}. Best is trial 35 with value: 8.375388145446777.
LOCAL_RANK: 0 - CUDA_VISIBLE_DEVICES: [0]
[I 2023-11-30 07:28:10,316] Trial 63 finished with value: 9.484593391418457 and parameters: {'gradient_clip_val': 0.14961041348429419, 'hidden_size': 74, 'dropout': 0.3931759539076436, 'hidden_continuous_size': 40, 'attention_head_size': 2, 'learning_rate': 0.0579739142623106}. Best is trial 35 with value: 8.375388145446777.
LOCAL_RANK: 0 - CUDA_VISIBLE_DEVICES: [0]
[I 2023-11-30 07:28:23,809] Trial 64 finished with value: 9.866856575012207 and parameters: {'gradient_clip_val': 0.17209443922327586, 'hidden_size': 55, 'dropout': 0.36184132881548103, 'hidden_continuous_size': 34, 'attention_head_size': 2, 'learning_rate': 0.037260989059721944}. Best is trial 35 with value: 8.375388145446777.
LOCAL_RANK: 0 - CUDA_VISIBLE_DEVICES: [0]
[I 2023-11-30 07:28:37,464] Trial 65 finished with value: 9.47234058380127 and parameters: {'gradient_clip_val': 0.13663313626218918, 'hidden_size': 67, 'dropout': 0.37566725737751766, 'hidden_continuous_size': 30, 'attention_head_size': 2, 'learning_rate': 0.06977133754060709}. Best is trial 35 with value: 8.375388145446777.
LOCAL_RANK: 0 - CUDA_VISIBLE_DEVICES: [0]
[I 2023-11-30 07:28:51,430] Trial 66 finished with value: 8.958501815795898 and parameters: {'gradient_clip_val': 0.12180568829546629, 'hidden_size': 90, 'dropout': 0.3337028751928865, 'hidden_continuous_size': 45, 'attention_head_size': 1, 'learning_rate': 0.04247294226931987}. Best is trial 35 with value: 8.375388145446777.
LOCAL_RANK: 0 - CUDA_VISIBLE_DEVICES: [0]
[I 2023-11-30 07:29:04,630] Trial 67 finished with value: 8.865241050720215 and parameters: {'gradient_clip_val': 0.108459244189346, 'hidden_size': 48, 'dropout': 0.2781155832892525, 'hidden_continuous_size': 37, 'attention_head_size': 3, 'learning_rate': 0.09983992053966653}. Best is trial 35 with value: 8.375388145446777.
LOCAL_RANK: 0 - CUDA_VISIBLE_DEVICES: [0]
[I 2023-11-30 07:29:18,219] Trial 68 finished with value: 9.777103424072266 and parameters: {'gradient_clip_val': 0.10085479644183014, 'hidden_size': 61, 'dropout': 0.35334540861079206, 'hidden_continuous_size': 41, 'attention_head_size': 2, 'learning_rate': 0.033521596354137234}. Best is trial 35 with value: 8.375388145446777.
LOCAL_RANK: 0 - CUDA_VISIBLE_DEVICES: [0]
[I 2023-11-30 07:29:31,475] Trial 69 finished with value: 10.347088813781738 and parameters: {'gradient_clip_val': 0.15762457006215355, 'hidden_size': 43, 'dropout': 0.39185392795929075, 'hidden_continuous_size': 34, 'attention_head_size': 3, 'learning_rate': 0.05098718627107647}. Best is trial 35 with value: 8.375388145446777.
LOCAL_RANK: 0 - CUDA_VISIBLE_DEVICES: [0]
[I 2023-11-30 07:29:45,326] Trial 70 finished with value: 9.614646911621094 and parameters: {'gradient_clip_val': 0.18089458622767693, 'hidden_size': 79, 'dropout': 0.37012869365568285, 'hidden_continuous_size': 31, 'attention_head_size': 3, 'learning_rate': 0.0854151126377262}. Best is trial 35 with value: 8.375388145446777.
LOCAL_RANK: 0 - CUDA_VISIBLE_DEVICES: [0]
[I 2023-11-30 07:29:59,466] Trial 71 finished with value: 11.298839569091797 and parameters: {'gradient_clip_val': 0.2239855736238269, 'hidden_size': 102, 'dropout': 0.38060449209806774, 'hidden_continuous_size': 44, 'attention_head_size': 3, 'learning_rate': 0.06094432712773086}. Best is trial 35 with value: 8.375388145446777.
LOCAL_RANK: 0 - CUDA_VISIBLE_DEVICES: [0]
[I 2023-11-30 07:30:13,617] Trial 72 finished with value: 9.627507209777832 and parameters: {'gradient_clip_val': 0.18783791339114986, 'hidden_size': 98, 'dropout': 0.36595673677032503, 'hidden_continuous_size': 48, 'attention_head_size': 3, 'learning_rate': 0.06869336650080926}. Best is trial 35 with value: 8.375388145446777.
LOCAL_RANK: 0 - CUDA_VISIBLE_DEVICES: [0]
[I 2023-11-30 07:30:27,356] Trial 73 finished with value: 10.698349952697754 and parameters: {'gradient_clip_val': 0.1677207165592425, 'hidden_size': 69, 'dropout': 0.3433233971695951, 'hidden_continuous_size': 37, 'attention_head_size': 3, 'learning_rate': 0.07811447594289707}. Best is trial 35 with value: 8.375388145446777.
LOCAL_RANK: 0 - CUDA_VISIBLE_DEVICES: [0]
[I 2023-11-30 07:30:41,599] Trial 74 finished with value: 9.314085960388184 and parameters: {'gradient_clip_val': 0.14322710719940018, 'hidden_size': 106, 'dropout': 0.35535479228436834, 'hidden_continuous_size': 52, 'attention_head_size': 3, 'learning_rate': 0.04143718168066668}. Best is trial 35 with value: 8.375388145446777.
LOCAL_RANK: 0 - CUDA_VISIBLE_DEVICES: [0]
[I 2023-11-30 07:30:55,327] Trial 75 finished with value: 9.488038063049316 and parameters: {'gradient_clip_val': 0.1293041824892636, 'hidden_size': 58, 'dropout': 0.3715926252565631, 'hidden_continuous_size': 41, 'attention_head_size': 2, 'learning_rate': 0.05776042510552044}. Best is trial 35 with value: 8.375388145446777.
LOCAL_RANK: 0 - CUDA_VISIBLE_DEVICES: [0]
[I 2023-11-30 07:31:09,144] Trial 76 finished with value: 9.192035675048828 and parameters: {'gradient_clip_val': 0.12335900096158253, 'hidden_size': 90, 'dropout': 0.3199654292557015, 'hidden_continuous_size': 29, 'attention_head_size': 4, 'learning_rate': 0.05054139801045694}. Best is trial 35 with value: 8.375388145446777.
LOCAL_RANK: 0 - CUDA_VISIBLE_DEVICES: [0]
[I 2023-11-30 07:31:22,906] Trial 77 finished with value: 9.21419906616211 and parameters: {'gradient_clip_val': 0.10697322311705125, 'hidden_size': 76, 'dropout': 0.3916051775816835, 'hidden_continuous_size': 43, 'attention_head_size': 3, 'learning_rate': 0.06597125466805885}. Best is trial 35 with value: 8.375388145446777.
LOCAL_RANK: 0 - CUDA_VISIBLE_DEVICES: [0]
[I 2023-11-30 07:31:36,743] Trial 78 finished with value: 7.932916164398193 and parameters: {'gradient_clip_val': 0.15755540199204945, 'hidden_size': 84, 'dropout': 0.3416489508952219, 'hidden_continuous_size': 39, 'attention_head_size': 3, 'learning_rate': 0.03865221432846749}. Best is trial 78 with value: 7.932916164398193.
LOCAL_RANK: 0 - CUDA_VISIBLE_DEVICES: [0]
[I 2023-11-30 07:31:50,391] Trial 79 finished with value: 11.55628490447998 and parameters: {'gradient_clip_val': 0.11635577186718674, 'hidden_size': 65, 'dropout': 0.33970241036532056, 'hidden_continuous_size': 39, 'attention_head_size': 2, 'learning_rate': 0.02751852903479059}. Best is trial 78 with value: 7.932916164398193.
LOCAL_RANK: 0 - CUDA_VISIBLE_DEVICES: [0]
[I 2023-11-30 07:32:04,246] Trial 80 finished with value: 9.40731143951416 and parameters: {'gradient_clip_val': 0.15923936483489368, 'hidden_size': 84, 'dropout': 0.34949560841665234, 'hidden_continuous_size': 35, 'attention_head_size': 3, 'learning_rate': 0.038633404762697506}. Best is trial 78 with value: 7.932916164398193.
LOCAL_RANK: 0 - CUDA_VISIBLE_DEVICES: [0]
[I 2023-11-30 07:32:18,112] Trial 81 finished with value: 9.737055778503418 and parameters: {'gradient_clip_val': 0.15024268884900144, 'hidden_size': 71, 'dropout': 0.3785878339187021, 'hidden_continuous_size': 38, 'attention_head_size': 3, 'learning_rate': 0.043225960006433736}. Best is trial 78 with value: 7.932916164398193.
LOCAL_RANK: 0 - CUDA_VISIBLE_DEVICES: [0]
[I 2023-11-30 07:32:31,595] Trial 82 finished with value: 9.223894119262695 and parameters: {'gradient_clip_val': 0.18307200625701278, 'hidden_size': 56, 'dropout': 0.360958473187459, 'hidden_continuous_size': 36, 'attention_head_size': 3, 'learning_rate': 0.032817681318103246}. Best is trial 78 with value: 7.932916164398193.
LOCAL_RANK: 0 - CUDA_VISIBLE_DEVICES: [0]
[I 2023-11-30 07:32:44,946] Trial 83 finished with value: 9.92574405670166 and parameters: {'gradient_clip_val': 0.17440720729153936, 'hidden_size': 51, 'dropout': 0.38408067543725716, 'hidden_continuous_size': 32, 'attention_head_size': 3, 'learning_rate': 0.048657256248682425}. Best is trial 78 with value: 7.932916164398193.
LOCAL_RANK: 0 - CUDA_VISIBLE_DEVICES: [0]
[I 2023-11-30 07:32:58,886] Trial 84 finished with value: 10.762210845947266 and parameters: {'gradient_clip_val': 0.13652559305639828, 'hidden_size': 96, 'dropout': 0.3280626150526985, 'hidden_continuous_size': 45, 'attention_head_size': 3, 'learning_rate': 0.07419994541415055}. Best is trial 78 with value: 7.932916164398193.
LOCAL_RANK: 0 - CUDA_VISIBLE_DEVICES: [0]
[I 2023-11-30 07:33:12,688] Trial 85 finished with value: 8.639254570007324 and parameters: {'gradient_clip_val': 0.1885334962226251, 'hidden_size': 62, 'dropout': 0.3997585329813496, 'hidden_continuous_size': 41, 'attention_head_size': 2, 'learning_rate': 0.055777904401248156}. Best is trial 78 with value: 7.932916164398193.
LOCAL_RANK: 0 - CUDA_VISIBLE_DEVICES: [0]
[I 2023-11-30 07:33:26,376] Trial 86 finished with value: 9.4486722946167 and parameters: {'gradient_clip_val': 0.1458707654651141, 'hidden_size': 66, 'dropout': 0.39741628218657804, 'hidden_continuous_size': 42, 'attention_head_size': 2, 'learning_rate': 0.03404130696581774}. Best is trial 78 with value: 7.932916164398193.
LOCAL_RANK: 0 - CUDA_VISIBLE_DEVICES: [0]
[I 2023-11-30 07:33:39,667] Trial 87 finished with value: 10.71239948272705 and parameters: {'gradient_clip_val': 0.19776404148149615, 'hidden_size': 56, 'dropout': 0.39172889251021253, 'hidden_continuous_size': 40, 'attention_head_size': 2, 'learning_rate': 0.05751535340857826}. Best is trial 78 with value: 7.932916164398193.
LOCAL_RANK: 0 - CUDA_VISIBLE_DEVICES: [0]
[I 2023-11-30 07:33:53,235] Trial 88 finished with value: 9.725494384765625 and parameters: {'gradient_clip_val': 0.1581016718690461, 'hidden_size': 61, 'dropout': 0.38262021293654985, 'hidden_continuous_size': 34, 'attention_head_size': 2, 'learning_rate': 0.03875317168076722}. Best is trial 78 with value: 7.932916164398193.
LOCAL_RANK: 0 - CUDA_VISIBLE_DEVICES: [0]
[I 2023-11-30 07:34:07,033] Trial 89 finished with value: 9.659282684326172 and parameters: {'gradient_clip_val': 0.11560988161906587, 'hidden_size': 74, 'dropout': 0.3703274361143723, 'hidden_continuous_size': 43, 'attention_head_size': 2, 'learning_rate': 0.04628344460284889}. Best is trial 78 with value: 7.932916164398193.
LOCAL_RANK: 0 - CUDA_VISIBLE_DEVICES: [0]
[I 2023-11-30 07:34:21,075] Trial 90 finished with value: 9.407971382141113 and parameters: {'gradient_clip_val': 0.12219829994017967, 'hidden_size': 78, 'dropout': 0.35734490643441497, 'hidden_continuous_size': 47, 'attention_head_size': 2, 'learning_rate': 0.09009415442392528}. Best is trial 78 with value: 7.932916164398193.
LOCAL_RANK: 0 - CUDA_VISIBLE_DEVICES: [0]
