[I 2023-11-30 13:31:54,254] Trial 18 finished with value: 4.467996597290039 and parameters: {'gradient_clip_val': 0.2907037236707684, 'hidden_size': 80, 'dropout': 0.21260802249062474, 'hidden_continuous_size': 44, 'attention_head_size': 3, 'learning_rate': 0.029970793183009794}. Best is trial 18 with value: 4.467996597290039.
LOCAL_RANK: 0 - CUDA_VISIBLE_DEVICES: [0]
[I 2023-11-30 13:32:08,457] Trial 19 finished with value: 6.267495632171631 and parameters: {'gradient_clip_val': 0.28508845300296803, 'hidden_size': 90, 'dropout': 0.1931637966149302, 'hidden_continuous_size': 51, 'attention_head_size': 2, 'learning_rate': 0.005763027656474092}. Best is trial 18 with value: 4.467996597290039.
LOCAL_RANK: 0 - CUDA_VISIBLE_DEVICES: [0]
[I 2023-11-30 13:32:22,474] Trial 20 finished with value: 6.091140270233154 and parameters: {'gradient_clip_val': 0.25496149799379625, 'hidden_size': 82, 'dropout': 0.2765104532732979, 'hidden_continuous_size': 48, 'attention_head_size': 4, 'learning_rate': 0.013409099315959377}. Best is trial 18 with value: 4.467996597290039.
LOCAL_RANK: 0 - CUDA_VISIBLE_DEVICES: [0]
[I 2023-11-30 13:32:36,150] Trial 21 finished with value: 5.502453327178955 and parameters: {'gradient_clip_val': 0.16083857842195418, 'hidden_size': 57, 'dropout': 0.22392934076540005, 'hidden_continuous_size': 37, 'attention_head_size': 3, 'learning_rate': 0.02416451283122658}. Best is trial 18 with value: 4.467996597290039.
LOCAL_RANK: 0 - CUDA_VISIBLE_DEVICES: [0]
[I 2023-11-30 13:32:49,554] Trial 22 finished with value: 8.892134666442871 and parameters: {'gradient_clip_val': 0.22677426414892513, 'hidden_size': 54, 'dropout': 0.22306441245473901, 'hidden_continuous_size': 25, 'attention_head_size': 3, 'learning_rate': 0.03297047861255148}. Best is trial 18 with value: 4.467996597290039.
LOCAL_RANK: 0 - CUDA_VISIBLE_DEVICES: [0]
[I 2023-11-30 13:33:03,445] Trial 23 finished with value: 6.743724822998047 and parameters: {'gradient_clip_val': 0.17058658181845857, 'hidden_size': 79, 'dropout': 0.17925005409930628, 'hidden_continuous_size': 42, 'attention_head_size': 3, 'learning_rate': 0.055019234115192085}. Best is trial 18 with value: 4.467996597290039.
LOCAL_RANK: 0 - CUDA_VISIBLE_DEVICES: [0]
[I 2023-11-30 13:33:17,385] Trial 24 finished with value: 5.788392543792725 and parameters: {'gradient_clip_val': 0.24542078669465864, 'hidden_size': 80, 'dropout': 0.20713362529036738, 'hidden_continuous_size': 72, 'attention_head_size': 3, 'learning_rate': 0.019841035714686615}. Best is trial 18 with value: 4.467996597290039.
LOCAL_RANK: 0 - CUDA_VISIBLE_DEVICES: [0]
[I 2023-11-30 13:33:30,596] Trial 25 finished with value: 5.7525634765625 and parameters: {'gradient_clip_val': 0.1613404400855238, 'hidden_size': 52, 'dropout': 0.24208154466514387, 'hidden_continuous_size': 32, 'attention_head_size': 2, 'learning_rate': 0.030506120408998683}. Best is trial 18 with value: 4.467996597290039.
LOCAL_RANK: 0 - CUDA_VISIBLE_DEVICES: [0]
[I 2023-11-30 13:33:42,142] Trial 26 finished with value: 5.410654544830322 and parameters: {'gradient_clip_val': 0.26332300020894234, 'hidden_size': 124, 'dropout': 0.1604486795225546, 'hidden_continuous_size': 124, 'attention_head_size': 3, 'learning_rate': 0.037236563410856786}. Best is trial 18 with value: 4.467996597290039.
LOCAL_RANK: 0 - CUDA_VISIBLE_DEVICES: [0]
[I 2023-11-30 13:33:57,004] Trial 27 finished with value: 4.903611660003662 and parameters: {'gradient_clip_val': 0.3238495368248404, 'hidden_size': 90, 'dropout': 0.21099213839148603, 'hidden_continuous_size': 42, 'attention_head_size': 4, 'learning_rate': 0.021701840612929624}. Best is trial 18 with value: 4.467996597290039.
LOCAL_RANK: 0 - CUDA_VISIBLE_DEVICES: [0]
[I 2023-11-30 13:34:11,899] Trial 28 finished with value: 6.228291034698486 and parameters: {'gradient_clip_val': 0.3323858758728613, 'hidden_size': 93, 'dropout': 0.14354553032928502, 'hidden_continuous_size': 44, 'attention_head_size': 4, 'learning_rate': 0.017035988954983927}. Best is trial 18 with value: 4.467996597290039.
LOCAL_RANK: 0 - CUDA_VISIBLE_DEVICES: [0]
[I 2023-11-30 13:34:26,610] Trial 29 finished with value: 6.550556182861328 and parameters: {'gradient_clip_val': 0.4129487664819688, 'hidden_size': 104, 'dropout': 0.14025020302913438, 'hidden_continuous_size': 59, 'attention_head_size': 4, 'learning_rate': 0.011622239033603397}. Best is trial 18 with value: 4.467996597290039.
LOCAL_RANK: 0 - CUDA_VISIBLE_DEVICES: [0]
[I 2023-11-30 13:34:41,547] Trial 30 finished with value: 5.855815410614014 and parameters: {'gradient_clip_val': 0.3166293850119364, 'hidden_size': 75, 'dropout': 0.20286291836404904, 'hidden_continuous_size': 40, 'attention_head_size': 4, 'learning_rate': 0.01958894574185918}. Best is trial 18 with value: 4.467996597290039.
LOCAL_RANK: 0 - CUDA_VISIBLE_DEVICES: [0]
[I 2023-11-30 13:34:56,809] Trial 31 finished with value: 5.210257053375244 and parameters: {'gradient_clip_val': 0.234210241779526, 'hidden_size': 92, 'dropout': 0.17402337957263064, 'hidden_continuous_size': 32, 'attention_head_size': 3, 'learning_rate': 0.025183372220221732}. Best is trial 18 with value: 4.467996597290039.
LOCAL_RANK: 0 - CUDA_VISIBLE_DEVICES: [0]
[I 2023-11-30 13:35:11,740] Trial 32 finished with value: 6.370628356933594 and parameters: {'gradient_clip_val': 0.23623268875926834, 'hidden_size': 94, 'dropout': 0.17301433506845784, 'hidden_continuous_size': 48, 'attention_head_size': 3, 'learning_rate': 0.057563281526005136}. Best is trial 18 with value: 4.467996597290039.
LOCAL_RANK: 0 - CUDA_VISIBLE_DEVICES: [0]
[I 2023-11-30 13:35:26,655] Trial 33 finished with value: 5.445271015167236 and parameters: {'gradient_clip_val': 0.2819598402439769, 'hidden_size': 122, 'dropout': 0.12584771063216732, 'hidden_continuous_size': 67, 'attention_head_size': 2, 'learning_rate': 0.03559164247090925}. Best is trial 18 with value: 4.467996597290039.
LOCAL_RANK: 0 - CUDA_VISIBLE_DEVICES: [0]
[I 2023-11-30 13:35:41,561] Trial 34 finished with value: 5.6747894287109375 and parameters: {'gradient_clip_val': 0.21489576477611544, 'hidden_size': 74, 'dropout': 0.18995329148475937, 'hidden_continuous_size': 38, 'attention_head_size': 3, 'learning_rate': 0.015637091824210497}. Best is trial 18 with value: 4.467996597290039.
LOCAL_RANK: 0 - CUDA_VISIBLE_DEVICES: [0]
[I 2023-11-30 13:35:56,803] Trial 35 finished with value: 6.932024002075195 and parameters: {'gradient_clip_val': 0.24658906605935232, 'hidden_size': 140, 'dropout': 0.18078276337368743, 'hidden_continuous_size': 53, 'attention_head_size': 4, 'learning_rate': 0.04592485723706259}. Best is trial 18 with value: 4.467996597290039.
LOCAL_RANK: 0 - CUDA_VISIBLE_DEVICES: [0]
[I 2023-11-30 13:36:11,560] Trial 36 finished with value: 5.818868160247803 and parameters: {'gradient_clip_val': 0.3032736215783491, 'hidden_size': 102, 'dropout': 0.2063129234947882, 'hidden_continuous_size': 46, 'attention_head_size': 3, 'learning_rate': 0.022075305849571528}. Best is trial 18 with value: 4.467996597290039.
LOCAL_RANK: 0 - CUDA_VISIBLE_DEVICES: [0]
[I 2023-11-30 13:36:26,263] Trial 37 finished with value: 4.606439113616943 and parameters: {'gradient_clip_val': 0.10017222247516513, 'hidden_size': 91, 'dropout': 0.16296258078330977, 'hidden_continuous_size': 42, 'attention_head_size': 1, 'learning_rate': 0.031196720806960638}. Best is trial 18 with value: 4.467996597290039.
LOCAL_RANK: 0 - CUDA_VISIBLE_DEVICES: [0]
[I 2023-11-30 13:36:41,257] Trial 38 finished with value: 6.216420650482178 and parameters: {'gradient_clip_val': 0.12722119769464033, 'hidden_size': 109, 'dropout': 0.125960081056024, 'hidden_continuous_size': 41, 'attention_head_size': 1, 'learning_rate': 0.041387962035081265}. Best is trial 18 with value: 4.467996597290039.
LOCAL_RANK: 0 - CUDA_VISIBLE_DEVICES: [0]
[I 2023-11-30 13:36:56,252] Trial 39 finished with value: 6.773574352264404 and parameters: {'gradient_clip_val': 0.10663650402155925, 'hidden_size': 126, 'dropout': 0.1914074271093635, 'hidden_continuous_size': 87, 'attention_head_size': 1, 'learning_rate': 0.0668970578726614}. Best is trial 18 with value: 4.467996597290039.
LOCAL_RANK: 0 - CUDA_VISIBLE_DEVICES: [0]
[I 2023-11-30 13:37:10,958] Trial 40 finished with value: 6.321839809417725 and parameters: {'gradient_clip_val': 0.10740015559933973, 'hidden_size': 85, 'dropout': 0.15844868078041416, 'hidden_continuous_size': 53, 'attention_head_size': 1, 'learning_rate': 0.04745718669785918}. Best is trial 18 with value: 4.467996597290039.
LOCAL_RANK: 0 - CUDA_VISIBLE_DEVICES: [0]
[I 2023-11-30 13:37:25,497] Trial 41 finished with value: 6.104325771331787 and parameters: {'gradient_clip_val': 0.11940528920997895, 'hidden_size': 92, 'dropout': 0.16816484501628642, 'hidden_continuous_size': 35, 'attention_head_size': 2, 'learning_rate': 0.03326671579126848}. Best is trial 18 with value: 4.467996597290039.
LOCAL_RANK: 0 - CUDA_VISIBLE_DEVICES: [0]
[I 2023-11-30 13:37:40,630] Trial 42 finished with value: 6.584094524383545 and parameters: {'gradient_clip_val': 0.14911655137679958, 'hidden_size': 104, 'dropout': 0.18011029544986423, 'hidden_continuous_size': 42, 'attention_head_size': 2, 'learning_rate': 0.024602796583676083}. Best is trial 18 with value: 4.467996597290039.
LOCAL_RANK: 0 - CUDA_VISIBLE_DEVICES: [0]
[I 2023-11-30 13:37:54,935] Trial 43 finished with value: 7.4690632820129395 and parameters: {'gradient_clip_val': 0.10060309313002501, 'hidden_size': 68, 'dropout': 0.20788932129832965, 'hidden_continuous_size': 41, 'attention_head_size': 3, 'learning_rate': 0.01753091447608197}. Best is trial 18 with value: 4.467996597290039.
LOCAL_RANK: 0 - CUDA_VISIBLE_DEVICES: [0]
[I 2023-11-30 13:38:09,424] Trial 44 finished with value: 5.128582000732422 and parameters: {'gradient_clip_val': 0.19069257120480257, 'hidden_size': 83, 'dropout': 0.19207591140536004, 'hidden_continuous_size': 34, 'attention_head_size': 3, 'learning_rate': 0.028802738480822064}. Best is trial 18 with value: 4.467996597290039.
LOCAL_RANK: 0 - CUDA_VISIBLE_DEVICES: [0]
[I 2023-11-30 13:38:24,331] Trial 45 finished with value: 7.865774631500244 and parameters: {'gradient_clip_val': 0.143774188929244, 'hidden_size': 73, 'dropout': 0.196871216819727, 'hidden_continuous_size': 45, 'attention_head_size': 1, 'learning_rate': 0.039350521727587906}. Best is trial 18 with value: 4.467996597290039.
LOCAL_RANK: 0 - CUDA_VISIBLE_DEVICES: [0]
[I 2023-11-30 13:38:38,837] Trial 46 finished with value: 5.267104625701904 and parameters: {'gradient_clip_val': 0.12750579888757557, 'hidden_size': 64, 'dropout': 0.2535027680529994, 'hidden_continuous_size': 38, 'attention_head_size': 3, 'learning_rate': 0.029344254985639178}. Best is trial 18 with value: 4.467996597290039.
LOCAL_RANK: 0 - CUDA_VISIBLE_DEVICES: [0]
[I 2023-11-30 13:38:52,929] Trial 47 finished with value: 6.242828845977783 and parameters: {'gradient_clip_val': 0.18829167861653925, 'hidden_size': 48, 'dropout': 0.235918076933442, 'hidden_continuous_size': 37, 'attention_head_size': 4, 'learning_rate': 0.07180115675083977}. Best is trial 18 with value: 4.467996597290039.
LOCAL_RANK: 0 - CUDA_VISIBLE_DEVICES: [0]
[I 2023-11-30 13:39:07,336] Trial 48 finished with value: 6.68566370010376 and parameters: {'gradient_clip_val': 0.14825254196601173, 'hidden_size': 58, 'dropout': 0.21313698175682588, 'hidden_continuous_size': 44, 'attention_head_size': 2, 'learning_rate': 0.04933504233867455}. Best is trial 18 with value: 4.467996597290039.
LOCAL_RANK: 0 - CUDA_VISIBLE_DEVICES: [0]
[I 2023-11-30 13:39:20,977] Trial 49 finished with value: 8.63571834564209 and parameters: {'gradient_clip_val': 0.2003296847594887, 'hidden_size': 41, 'dropout': 0.19043229419295327, 'hidden_continuous_size': 33, 'attention_head_size': 3, 'learning_rate': 0.09433676444004702}. Best is trial 18 with value: 4.467996597290039.
LOCAL_RANK: 0 - CUDA_VISIBLE_DEVICES: [0]
[I 2023-11-30 13:39:36,051] Trial 50 finished with value: 6.991828918457031 and parameters: {'gradient_clip_val': 0.18523043366811878, 'hidden_size': 113, 'dropout': 0.21547674904980688, 'hidden_continuous_size': 56, 'attention_head_size': 4, 'learning_rate': 0.02951968910926085}. Best is trial 18 with value: 4.467996597290039.
LOCAL_RANK: 0 - CUDA_VISIBLE_DEVICES: [0]
[I 2023-11-30 13:39:50,882] Trial 51 finished with value: 5.565255641937256 and parameters: {'gradient_clip_val': 0.21968469860291928, 'hidden_size': 82, 'dropout': 0.16964720810223394, 'hidden_continuous_size': 32, 'attention_head_size': 3, 'learning_rate': 0.02428464323709195}. Best is trial 18 with value: 4.467996597290039.
LOCAL_RANK: 0 - CUDA_VISIBLE_DEVICES: [0]
[I 2023-11-30 13:40:06,236] Trial 52 finished with value: 5.726558685302734 and parameters: {'gradient_clip_val': 0.3649690626726921, 'hidden_size': 93, 'dropout': 0.1989757088921984, 'hidden_continuous_size': 26, 'attention_head_size': 3, 'learning_rate': 0.021466740188952286}. Best is trial 18 with value: 4.467996597290039.
LOCAL_RANK: 0 - CUDA_VISIBLE_DEVICES: [0]
[I 2023-11-30 13:40:20,282] Trial 53 finished with value: 6.157506465911865 and parameters: {'gradient_clip_val': 0.20259467644436724, 'hidden_size': 61, 'dropout': 0.18486583423249994, 'hidden_continuous_size': 35, 'attention_head_size': 3, 'learning_rate': 0.03713682646489993}. Best is trial 18 with value: 4.467996597290039.
LOCAL_RANK: 0 - CUDA_VISIBLE_DEVICES: [0]
[I 2023-11-30 13:40:35,258] Trial 54 finished with value: 6.807592868804932 and parameters: {'gradient_clip_val': 0.26665304799208606, 'hidden_size': 86, 'dropout': 0.16363799681991648, 'hidden_continuous_size': 50, 'attention_head_size': 3, 'learning_rate': 0.027555081433664422}. Best is trial 18 with value: 4.467996597290039.
LOCAL_RANK: 0 - CUDA_VISIBLE_DEVICES: [0]
[I 2023-11-30 13:40:49,918] Trial 55 finished with value: 6.023712158203125 and parameters: {'gradient_clip_val': 0.17173770556370657, 'hidden_size': 72, 'dropout': 0.22796786596427537, 'hidden_continuous_size': 29, 'attention_head_size': 3, 'learning_rate': 0.013959174670648057}. Best is trial 18 with value: 4.467996597290039.
LOCAL_RANK: 0 - CUDA_VISIBLE_DEVICES: [0]
[I 2023-11-30 13:41:05,207] Trial 56 finished with value: 6.547093868255615 and parameters: {'gradient_clip_val': 0.2245551456485392, 'hidden_size': 103, 'dropout': 0.21613395494672732, 'hidden_continuous_size': 27, 'attention_head_size': 2, 'learning_rate': 0.03230098921965254}. Best is trial 18 with value: 4.467996597290039.
LOCAL_RANK: 0 - CUDA_VISIBLE_DEVICES: [0]
[I 2023-11-30 13:41:20,159] Trial 57 finished with value: 5.76387357711792 and parameters: {'gradient_clip_val': 0.24049349510519552, 'hidden_size': 79, 'dropout': 0.1770460095294877, 'hidden_continuous_size': 48, 'attention_head_size': 4, 'learning_rate': 0.022888053344618773}. Best is trial 18 with value: 4.467996597290039.
LOCAL_RANK: 0 - CUDA_VISIBLE_DEVICES: [0]
[I 2023-11-30 13:41:35,048] Trial 58 finished with value: 5.450504302978516 and parameters: {'gradient_clip_val': 0.2697483763460837, 'hidden_size': 69, 'dropout': 0.1982287537112091, 'hidden_continuous_size': 33, 'attention_head_size': 3, 'learning_rate': 0.018915523706663846}. Best is trial 18 with value: 4.467996597290039.
LOCAL_RANK: 0 - CUDA_VISIBLE_DEVICES: [0]
[I 2023-11-30 13:41:49,683] Trial 59 finished with value: 9.06852912902832 and parameters: {'gradient_clip_val': 0.1671395810047601, 'hidden_size': 115, 'dropout': 0.23614740427096664, 'hidden_continuous_size': 23, 'attention_head_size': 3, 'learning_rate': 0.04284202465161286}. Best is trial 18 with value: 4.467996597290039.
LOCAL_RANK: 0 - CUDA_VISIBLE_DEVICES: [0]
[I 2023-11-30 13:42:04,024] Trial 60 finished with value: 5.232427597045898 and parameters: {'gradient_clip_val': 0.30021748809202775, 'hidden_size': 97, 'dropout': 0.15575563239553175, 'hidden_continuous_size': 30, 'attention_head_size': 2, 'learning_rate': 0.026279210586963947}. Best is trial 18 with value: 4.467996597290039.
LOCAL_RANK: 0 - CUDA_VISIBLE_DEVICES: [0]
[I 2023-11-30 13:42:18,726] Trial 61 finished with value: 4.575201511383057 and parameters: {'gradient_clip_val': 0.30194726436181024, 'hidden_size': 97, 'dropout': 0.15291511805309382, 'hidden_continuous_size': 31, 'attention_head_size': 1, 'learning_rate': 0.02629377144438434}. Best is trial 18 with value: 4.467996597290039.
LOCAL_RANK: 0 - CUDA_VISIBLE_DEVICES: [0]
[I 2023-11-30 13:42:33,395] Trial 62 finished with value: 6.499320983886719 and parameters: {'gradient_clip_val': 0.20301216209727624, 'hidden_size': 86, 'dropout': 0.18160314307861536, 'hidden_continuous_size': 39, 'attention_head_size': 1, 'learning_rate': 0.03368514623584799}. Best is trial 18 with value: 4.467996597290039.
LOCAL_RANK: 0 - CUDA_VISIBLE_DEVICES: [0]
[I 2023-11-30 13:42:48,436] Trial 63 finished with value: 5.0115838050842285 and parameters: {'gradient_clip_val': 0.33098017423400417, 'hidden_size': 96, 'dropout': 0.1719105293786747, 'hidden_continuous_size': 35, 'attention_head_size': 1, 'learning_rate': 0.01577334868829195}. Best is trial 18 with value: 4.467996597290039.
LOCAL_RANK: 0 - CUDA_VISIBLE_DEVICES: [0]
[I 2023-11-30 13:43:02,482] Trial 64 finished with value: 4.898728370666504 and parameters: {'gradient_clip_val': 0.34117976654443344, 'hidden_size': 79, 'dropout': 0.1524565564215918, 'hidden_continuous_size': 29, 'attention_head_size': 1, 'learning_rate': 0.01688470894744934}. Best is trial 18 with value: 4.467996597290039.
LOCAL_RANK: 0 - CUDA_VISIBLE_DEVICES: [0]
[I 2023-11-30 13:43:17,049] Trial 65 finished with value: 5.776919841766357 and parameters: {'gradient_clip_val': 0.40896743542323255, 'hidden_size': 98, 'dropout': 0.1487106053338411, 'hidden_continuous_size': 29, 'attention_head_size': 1, 'learning_rate': 0.017005170612976708}. Best is trial 18 with value: 4.467996597290039.
LOCAL_RANK: 0 - CUDA_VISIBLE_DEVICES: [0]
[I 2023-11-30 13:43:30,941] Trial 66 finished with value: 5.9259161949157715 and parameters: {'gradient_clip_val': 0.35472873916575104, 'hidden_size': 64, 'dropout': 0.15279128620528523, 'hidden_continuous_size': 36, 'attention_head_size': 1, 'learning_rate': 0.0120755198489733}. Best is trial 18 with value: 4.467996597290039.
LOCAL_RANK: 0 - CUDA_VISIBLE_DEVICES: [0]
[I 2023-11-30 13:43:45,749] Trial 67 finished with value: 5.496517658233643 and parameters: {'gradient_clip_val': 0.34067585521478166, 'hidden_size': 76, 'dropout': 0.16506225746541736, 'hidden_continuous_size': 43, 'attention_head_size': 1, 'learning_rate': 0.0207064011337172}. Best is trial 18 with value: 4.467996597290039.
LOCAL_RANK: 0 - CUDA_VISIBLE_DEVICES: [0]
[I 2023-11-30 13:44:00,546] Trial 68 finished with value: 4.917646884918213 and parameters: {'gradient_clip_val': 0.3175624205722397, 'hidden_size': 110, 'dropout': 0.13334552139232791, 'hidden_continuous_size': 19, 'attention_head_size': 1, 'learning_rate': 0.016959407804141735}. Best is trial 18 with value: 4.467996597290039.
LOCAL_RANK: 0 - CUDA_VISIBLE_DEVICES: [0]
[I 2023-11-30 13:44:15,437] Trial 69 finished with value: 5.767608642578125 and parameters: {'gradient_clip_val': 0.38476142073864117, 'hidden_size': 130, 'dropout': 0.13783001358147054, 'hidden_continuous_size': 20, 'attention_head_size': 1, 'learning_rate': 0.018119096301252156}. Best is trial 18 with value: 4.467996597290039.
LOCAL_RANK: 0 - CUDA_VISIBLE_DEVICES: [0]
[I 2023-11-30 13:44:30,655] Trial 70 finished with value: 6.262674808502197 and parameters: {'gradient_clip_val': 0.2984697231799784, 'hidden_size': 120, 'dropout': 0.1087824233255011, 'hidden_continuous_size': 21, 'attention_head_size': 1, 'learning_rate': 0.009922660519577998}. Best is trial 18 with value: 4.467996597290039.
LOCAL_RANK: 0 - CUDA_VISIBLE_DEVICES: [0]
[I 2023-11-30 13:44:45,447] Trial 71 finished with value: 6.227069854736328 and parameters: {'gradient_clip_val': 0.2795688568498332, 'hidden_size': 111, 'dropout': 0.14676304873098966, 'hidden_continuous_size': 17, 'attention_head_size': 1, 'learning_rate': 0.014568351033518999}. Best is trial 18 with value: 4.467996597290039.
LOCAL_RANK: 0 - CUDA_VISIBLE_DEVICES: [0]
[I 2023-11-30 13:44:59,742] Trial 72 finished with value: 5.944038391113281 and parameters: {'gradient_clip_val': 0.3186921309278127, 'hidden_size': 89, 'dropout': 0.16075979475423863, 'hidden_continuous_size': 24, 'attention_head_size': 1, 'learning_rate': 0.01643588793607561}. Best is trial 18 with value: 4.467996597290039.
LOCAL_RANK: 0 - CUDA_VISIBLE_DEVICES: [0]
[I 2023-11-30 13:45:14,765] Trial 73 finished with value: 6.16846227645874 and parameters: {'gradient_clip_val': 0.319632590884356, 'hidden_size': 107, 'dropout': 0.13551938053774112, 'hidden_continuous_size': 39, 'attention_head_size': 1, 'learning_rate': 0.02223207974397131}. Best is trial 18 with value: 4.467996597290039.
LOCAL_RANK: 0 - CUDA_VISIBLE_DEVICES: [0]
[I 2023-11-30 13:45:29,999] Trial 74 finished with value: 5.869174957275391 and parameters: {'gradient_clip_val': 0.2556723393301612, 'hidden_size': 97, 'dropout': 0.1504146246938358, 'hidden_continuous_size': 25, 'attention_head_size': 1, 'learning_rate': 0.01939848247988449}. Best is trial 18 with value: 4.467996597290039.
LOCAL_RANK: 0 - CUDA_VISIBLE_DEVICES: [0]
[I 2023-11-30 13:45:45,172] Trial 75 finished with value: 6.120582580566406 and parameters: {'gradient_clip_val': 0.33748792115823595, 'hidden_size': 145, 'dropout': 0.17209566103969087, 'hidden_continuous_size': 28, 'attention_head_size': 1, 'learning_rate': 0.022728230743816025}. Best is trial 18 with value: 4.467996597290039.
LOCAL_RANK: 0 - CUDA_VISIBLE_DEVICES: [0]
[I 2023-11-30 13:45:59,927] Trial 76 finished with value: 6.269917011260986 and parameters: {'gradient_clip_val': 0.46485609043692405, 'hidden_size': 133, 'dropout': 0.15761069087264648, 'hidden_continuous_size': 31, 'attention_head_size': 1, 'learning_rate': 0.014477574632392713}. Best is trial 18 with value: 4.467996597290039.
LOCAL_RANK: 0 - CUDA_VISIBLE_DEVICES: [0]
