[I 2023-11-30 11:46:01,668] Trial 1 finished with value: 3.9413459300994873 and parameters: {'gradient_clip_val': 0.2360053898224852, 'hidden_size': 89, 'dropout': 0.2532130554864047, 'hidden_continuous_size': 10, 'attention_head_size': 4, 'learning_rate': 0.0027463236623981157}. Best is trial 0 with value: 3.737816572189331.
LOCAL_RANK: 0 - CUDA_VISIBLE_DEVICES: [0]
[I 2023-11-30 11:46:15,405] Trial 2 finished with value: 4.1171088218688965 and parameters: {'gradient_clip_val': 0.10497957867044092, 'hidden_size': 66, 'dropout': 0.25565438473935254, 'hidden_continuous_size': 40, 'attention_head_size': 4, 'learning_rate': 0.052757276796602894}. Best is trial 0 with value: 3.737816572189331.
LOCAL_RANK: 0 - CUDA_VISIBLE_DEVICES: [0]
[I 2023-11-30 11:46:28,692] Trial 3 finished with value: 4.474097728729248 and parameters: {'gradient_clip_val': 0.11972581317409842, 'hidden_size': 61, 'dropout': 0.24599794522508003, 'hidden_continuous_size': 11, 'attention_head_size': 4, 'learning_rate': 0.04155849721982807}. Best is trial 0 with value: 3.737816572189331.
LOCAL_RANK: 0 - CUDA_VISIBLE_DEVICES: [0]
[I 2023-11-30 11:46:41,735] Trial 4 finished with value: 5.0034990310668945 and parameters: {'gradient_clip_val': 0.3324478869259236, 'hidden_size': 44, 'dropout': 0.11013317676454734, 'hidden_continuous_size': 19, 'attention_head_size': 3, 'learning_rate': 0.08473368779878881}. Best is trial 0 with value: 3.737816572189331.
LOCAL_RANK: 0 - CUDA_VISIBLE_DEVICES: [0]
[I 2023-11-30 11:46:55,912] Trial 5 finished with value: 3.629960060119629 and parameters: {'gradient_clip_val': 0.5522307145082941, 'hidden_size': 139, 'dropout': 0.27165219958353726, 'hidden_continuous_size': 18, 'attention_head_size': 1, 'learning_rate': 0.0030298091498024856}. Best is trial 5 with value: 3.629960060119629.
LOCAL_RANK: 0 - CUDA_VISIBLE_DEVICES: [0]
[I 2023-11-30 11:47:08,310] Trial 6 finished with value: 4.411198139190674 and parameters: {'gradient_clip_val': 0.478865872061011, 'hidden_size': 19, 'dropout': 0.1448793915546733, 'hidden_continuous_size': 16, 'attention_head_size': 2, 'learning_rate': 0.04662892040925235}. Best is trial 5 with value: 3.629960060119629.
LOCAL_RANK: 0 - CUDA_VISIBLE_DEVICES: [0]
[I 2023-11-30 11:47:20,652] Trial 7 finished with value: 5.028115749359131 and parameters: {'gradient_clip_val': 0.3891929833172889, 'hidden_size': 23, 'dropout': 0.17062715511803028, 'hidden_continuous_size': 22, 'attention_head_size': 1, 'learning_rate': 0.006500813974159749}. Best is trial 5 with value: 3.629960060119629.
LOCAL_RANK: 0 - CUDA_VISIBLE_DEVICES: [0]
[I 2023-11-30 11:47:34,457] Trial 8 finished with value: 3.576770544052124 and parameters: {'gradient_clip_val': 0.10595755955405706, 'hidden_size': 70, 'dropout': 0.1602822840686869, 'hidden_continuous_size': 59, 'attention_head_size': 1, 'learning_rate': 0.004592639359652752}. Best is trial 8 with value: 3.576770544052124.
LOCAL_RANK: 0 - CUDA_VISIBLE_DEVICES: [0]
[I 2023-11-30 11:47:47,060] Trial 9 finished with value: 6.272497653961182 and parameters: {'gradient_clip_val': 0.22533331299061352, 'hidden_size': 26, 'dropout': 0.1103642768187545, 'hidden_continuous_size': 19, 'attention_head_size': 1, 'learning_rate': 0.004516191779885088}. Best is trial 8 with value: 3.576770544052124.
LOCAL_RANK: 0 - CUDA_VISIBLE_DEVICES: [0]
[I 2023-11-30 11:47:57,447] Trial 10 finished with value: 10.5299711227417 and parameters: {'gradient_clip_val': 0.7356835532720606, 'hidden_size': 10, 'dropout': 0.18552144566697518, 'hidden_continuous_size': 10, 'attention_head_size': 2, 'learning_rate': 0.0013112462333835018}. Best is trial 8 with value: 3.576770544052124.
LOCAL_RANK: 0 - CUDA_VISIBLE_DEVICES: [0]
[I 2023-11-30 11:48:11,842] Trial 11 finished with value: 4.604371547698975 and parameters: {'gradient_clip_val': 0.9725332602643953, 'hidden_size': 146, 'dropout': 0.31127742444385986, 'hidden_continuous_size': 45, 'attention_head_size': 1, 'learning_rate': 0.016146232368333555}. Best is trial 8 with value: 3.576770544052124.
LOCAL_RANK: 0 - CUDA_VISIBLE_DEVICES: [0]
[I 2023-11-30 11:48:26,112] Trial 12 finished with value: 4.3582987785339355 and parameters: {'gradient_clip_val': 0.1581568962353707, 'hidden_size': 139, 'dropout': 0.20845503922891553, 'hidden_continuous_size': 64, 'attention_head_size': 1, 'learning_rate': 0.0024625831061238267}. Best is trial 8 with value: 3.576770544052124.
LOCAL_RANK: 0 - CUDA_VISIBLE_DEVICES: [0]
[I 2023-11-30 11:48:40,140] Trial 13 finished with value: 3.8806021213531494 and parameters: {'gradient_clip_val': 0.5402496307581782, 'hidden_size': 103, 'dropout': 0.3010259220254161, 'hidden_continuous_size': 32, 'attention_head_size': 3, 'learning_rate': 0.0011446290984004576}. Best is trial 8 with value: 3.576770544052124.
LOCAL_RANK: 0 - CUDA_VISIBLE_DEVICES: [0]
[I 2023-11-30 11:48:55,193] Trial 14 finished with value: 4.458934783935547 and parameters: {'gradient_clip_val': 0.15219902176068748, 'hidden_size': 149, 'dropout': 0.2182343919088706, 'hidden_continuous_size': 116, 'attention_head_size': 2, 'learning_rate': 0.012085739238876791}. Best is trial 8 with value: 3.576770544052124.
LOCAL_RANK: 0 - CUDA_VISIBLE_DEVICES: [0]
[I 2023-11-30 11:49:08,433] Trial 15 finished with value: 6.209922790527344 and parameters: {'gradient_clip_val': 0.5607254399667259, 'hidden_size': 55, 'dropout': 0.16121357162584624, 'hidden_continuous_size': 28, 'attention_head_size': 1, 'learning_rate': 0.003643300036901687}. Best is trial 8 with value: 3.576770544052124.
LOCAL_RANK: 0 - CUDA_VISIBLE_DEVICES: [0]
[I 2023-11-30 11:49:22,407] Trial 16 finished with value: 3.4606716632843018 and parameters: {'gradient_clip_val': 0.386403218651766, 'hidden_size': 94, 'dropout': 0.20674288315188205, 'hidden_continuous_size': 52, 'attention_head_size': 1, 'learning_rate': 0.002020501522969319}. Best is trial 16 with value: 3.4606716632843018.
LOCAL_RANK: 0 - CUDA_VISIBLE_DEVICES: [0]
[I 2023-11-30 11:49:36,400] Trial 17 finished with value: 4.366435527801514 and parameters: {'gradient_clip_val': 0.19073006071193097, 'hidden_size': 80, 'dropout': 0.20115094340812864, 'hidden_continuous_size': 53, 'attention_head_size': 3, 'learning_rate': 0.0019410573946438098}. Best is trial 16 with value: 3.4606716632843018.
LOCAL_RANK: 0 - CUDA_VISIBLE_DEVICES: [0]
[I 2023-11-30 11:49:49,483] Trial 18 finished with value: 4.239535808563232 and parameters: {'gradient_clip_val': 0.3205667764189259, 'hidden_size': 42, 'dropout': 0.14725629284565117, 'hidden_continuous_size': 27, 'attention_head_size': 2, 'learning_rate': 0.005150644798986607}. Best is trial 16 with value: 3.4606716632843018.
LOCAL_RANK: 0 - CUDA_VISIBLE_DEVICES: [0]
[I 2023-11-30 11:50:03,251] Trial 19 finished with value: 5.444998264312744 and parameters: {'gradient_clip_val': 0.2693289676273736, 'hidden_size': 70, 'dropout': 0.19145956711541728, 'hidden_continuous_size': 38, 'attention_head_size': 1, 'learning_rate': 0.0015336233731674672}. Best is trial 16 with value: 3.4606716632843018.
LOCAL_RANK: 0 - CUDA_VISIBLE_DEVICES: [0]
[I 2023-11-30 11:50:17,641] Trial 20 finished with value: 3.5992820262908936 and parameters: {'gradient_clip_val': 0.10264290908571248, 'hidden_size': 105, 'dropout': 0.22483046202568932, 'hidden_continuous_size': 71, 'attention_head_size': 2, 'learning_rate': 0.0019944526531364376}. Best is trial 16 with value: 3.4606716632843018.
LOCAL_RANK: 0 - CUDA_VISIBLE_DEVICES: [0]
[I 2023-11-30 11:50:31,935] Trial 21 finished with value: 5.211587905883789 and parameters: {'gradient_clip_val': 0.11636474523688649, 'hidden_size': 109, 'dropout': 0.21902800348676524, 'hidden_continuous_size': 65, 'attention_head_size': 2, 'learning_rate': 0.0010328064221378998}. Best is trial 16 with value: 3.4606716632843018.
LOCAL_RANK: 0 - CUDA_VISIBLE_DEVICES: [0]
[I 2023-11-30 11:50:45,874] Trial 22 finished with value: 4.2092814445495605 and parameters: {'gradient_clip_val': 0.10661654255189393, 'hidden_size': 105, 'dropout': 0.22741415492195993, 'hidden_continuous_size': 59, 'attention_head_size': 1, 'learning_rate': 0.0017776999037891971}. Best is trial 16 with value: 3.4606716632843018.
LOCAL_RANK: 0 - CUDA_VISIBLE_DEVICES: [0]
[I 2023-11-30 11:50:59,517] Trial 23 finished with value: 4.0327301025390625 and parameters: {'gradient_clip_val': 0.14904992398486758, 'hidden_size': 72, 'dropout': 0.17937620638040677, 'hidden_continuous_size': 50, 'attention_head_size': 2, 'learning_rate': 0.0022873076446456547}. Best is trial 16 with value: 3.4606716632843018.
LOCAL_RANK: 0 - CUDA_VISIBLE_DEVICES: [0]
[I 2023-11-30 11:51:13,121] Trial 24 finished with value: 4.120774745941162 and parameters: {'gradient_clip_val': 0.10268529640327646, 'hidden_size': 57, 'dropout': 0.13959174864032806, 'hidden_continuous_size': 36, 'attention_head_size': 1, 'learning_rate': 0.003380352932808917}. Best is trial 16 with value: 3.4606716632843018.
LOCAL_RANK: 0 - CUDA_VISIBLE_DEVICES: [0]
[I 2023-11-30 11:51:27,504] Trial 25 finished with value: 3.930293083190918 and parameters: {'gradient_clip_val': 0.13162362912963146, 'hidden_size': 116, 'dropout': 0.199869815494729, 'hidden_continuous_size': 72, 'attention_head_size': 3, 'learning_rate': 0.0018868092753244053}. Best is trial 16 with value: 3.4606716632843018.
LOCAL_RANK: 0 - CUDA_VISIBLE_DEVICES: [0]
[I 2023-11-30 11:51:41,518] Trial 26 finished with value: 4.082522869110107 and parameters: {'gradient_clip_val': 0.17700413870742462, 'hidden_size': 79, 'dropout': 0.17209686962303122, 'hidden_continuous_size': 47, 'attention_head_size': 2, 'learning_rate': 0.00421809386169666}. Best is trial 16 with value: 3.4606716632843018.
LOCAL_RANK: 0 - CUDA_VISIBLE_DEVICES: [0]
[I 2023-11-30 11:51:55,556] Trial 27 finished with value: 3.8882782459259033 and parameters: {'gradient_clip_val': 0.13006517297337553, 'hidden_size': 91, 'dropout': 0.23291680243101065, 'hidden_continuous_size': 54, 'attention_head_size': 1, 'learning_rate': 0.0014846573916694839}. Best is trial 16 with value: 3.4606716632843018.
LOCAL_RANK: 0 - CUDA_VISIBLE_DEVICES: [0]
[I 2023-11-30 11:52:09,002] Trial 28 finished with value: 3.8284637928009033 and parameters: {'gradient_clip_val': 0.19500084985453012, 'hidden_size': 54, 'dropout': 0.19319054646293096, 'hidden_continuous_size': 43, 'attention_head_size': 1, 'learning_rate': 0.00252896058063189}. Best is trial 16 with value: 3.4606716632843018.
LOCAL_RANK: 0 - CUDA_VISIBLE_DEVICES: [0]
[I 2023-11-30 11:52:23,416] Trial 29 finished with value: 3.8770551681518555 and parameters: {'gradient_clip_val': 0.27112522168819597, 'hidden_size': 90, 'dropout': 0.37462261617876974, 'hidden_continuous_size': 76, 'attention_head_size': 2, 'learning_rate': 0.007107935375906019}. Best is trial 16 with value: 3.4606716632843018.
LOCAL_RANK: 0 - CUDA_VISIBLE_DEVICES: [0]
[I 2023-11-30 11:52:38,048] Trial 30 finished with value: 4.350601673126221 and parameters: {'gradient_clip_val': 0.12818789107125056, 'hidden_size': 111, 'dropout': 0.21465737649326247, 'hidden_continuous_size': 84, 'attention_head_size': 3, 'learning_rate': 0.0053101901037633315}. Best is trial 16 with value: 3.4606716632843018.
LOCAL_RANK: 0 - CUDA_VISIBLE_DEVICES: [0]
[I 2023-11-30 11:52:52,448] Trial 31 finished with value: 3.7541656494140625 and parameters: {'gradient_clip_val': 0.3903609203911036, 'hidden_size': 125, 'dropout': 0.2719700870788902, 'hidden_continuous_size': 90, 'attention_head_size': 1, 'learning_rate': 0.0031072787146735462}. Best is trial 16 with value: 3.4606716632843018.
LOCAL_RANK: 0 - CUDA_VISIBLE_DEVICES: [0]
[I 2023-11-30 11:53:06,557] Trial 32 finished with value: 4.269665241241455 and parameters: {'gradient_clip_val': 0.1003723748689384, 'hidden_size': 97, 'dropout': 0.27106839063895194, 'hidden_continuous_size': 58, 'attention_head_size': 1, 'learning_rate': 0.0030109898635149956}. Best is trial 16 with value: 3.4606716632843018.
LOCAL_RANK: 0 - CUDA_VISIBLE_DEVICES: [0]
[I 2023-11-30 11:53:20,982] Trial 33 finished with value: 3.8300421237945557 and parameters: {'gradient_clip_val': 0.20900835603287438, 'hidden_size': 130, 'dropout': 0.23995232250950047, 'hidden_continuous_size': 96, 'attention_head_size': 1, 'learning_rate': 0.0023898888065701437}. Best is trial 16 with value: 3.4606716632843018.
LOCAL_RANK: 0 - CUDA_VISIBLE_DEVICES: [0]
[I 2023-11-30 11:53:35,046] Trial 34 finished with value: 3.682016372680664 and parameters: {'gradient_clip_val': 0.24433860932920032, 'hidden_size': 81, 'dropout': 0.2420022694347338, 'hidden_continuous_size': 50, 'attention_head_size': 1, 'learning_rate': 0.003474802179346237}. Best is trial 16 with value: 3.4606716632843018.
LOCAL_RANK: 0 - CUDA_VISIBLE_DEVICES: [0]
[I 2023-11-30 11:53:49,423] Trial 35 finished with value: 4.886472225189209 and parameters: {'gradient_clip_val': 0.1720227898919524, 'hidden_size': 123, 'dropout': 0.2600424563845067, 'hidden_continuous_size': 72, 'attention_head_size': 2, 'learning_rate': 0.0014380826140480303}. Best is trial 16 with value: 3.4606716632843018.
LOCAL_RANK: 0 - CUDA_VISIBLE_DEVICES: [0]
[I 2023-11-30 11:54:03,643] Trial 36 finished with value: 5.1837077140808105 and parameters: {'gradient_clip_val': 0.14079033537024926, 'hidden_size': 91, 'dropout': 0.34968979504571374, 'hidden_continuous_size': 43, 'attention_head_size': 4, 'learning_rate': 0.00200811581241583}. Best is trial 16 with value: 3.4606716632843018.
LOCAL_RANK: 0 - CUDA_VISIBLE_DEVICES: [0]
[I 2023-11-30 11:54:17,568] Trial 37 finished with value: 3.7662696838378906 and parameters: {'gradient_clip_val': 0.11554269012805168, 'hidden_size': 70, 'dropout': 0.2311898215431633, 'hidden_continuous_size': 55, 'attention_head_size': 2, 'learning_rate': 0.0026285893658382076}. Best is trial 16 with value: 3.4606716632843018.
LOCAL_RANK: 0 - CUDA_VISIBLE_DEVICES: [0]
[I 2023-11-30 11:54:31,344] Trial 38 finished with value: 4.49995231628418 and parameters: {'gradient_clip_val': 0.29645654389672593, 'hidden_size': 124, 'dropout': 0.25288744325879087, 'hidden_continuous_size': 14, 'attention_head_size': 1, 'learning_rate': 0.004226399031134564}. Best is trial 16 with value: 3.4606716632843018.
LOCAL_RANK: 0 - CUDA_VISIBLE_DEVICES: [0]
[I 2023-11-30 11:54:45,062] Trial 39 finished with value: 4.5766282081604 and parameters: {'gradient_clip_val': 0.3788204009099026, 'hidden_size': 62, 'dropout': 0.20214590390645606, 'hidden_continuous_size': 48, 'attention_head_size': 1, 'learning_rate': 0.008848136783817693}. Best is trial 16 with value: 3.4606716632843018.
LOCAL_RANK: 0 - CUDA_VISIBLE_DEVICES: [0]
[I 2023-11-30 11:54:59,241] Trial 40 finished with value: 4.508073806762695 and parameters: {'gradient_clip_val': 0.2224928583649515, 'hidden_size': 95, 'dropout': 0.16256975655403344, 'hidden_continuous_size': 65, 'attention_head_size': 2, 'learning_rate': 0.0010117378893794114}. Best is trial 16 with value: 3.4606716632843018.
LOCAL_RANK: 0 - CUDA_VISIBLE_DEVICES: [0]
[I 2023-11-30 11:55:13,072] Trial 41 finished with value: 4.179046154022217 and parameters: {'gradient_clip_val': 0.2422504605409428, 'hidden_size': 83, 'dropout': 0.24237653576953522, 'hidden_continuous_size': 49, 'attention_head_size': 1, 'learning_rate': 0.00336575362734869}. Best is trial 16 with value: 3.4606716632843018.
LOCAL_RANK: 0 - CUDA_VISIBLE_DEVICES: [0]
[I 2023-11-30 11:55:26,766] Trial 42 finished with value: 3.5916786193847656 and parameters: {'gradient_clip_val': 0.11595025596399784, 'hidden_size': 77, 'dropout': 0.2273552548250664, 'hidden_continuous_size': 41, 'attention_head_size': 1, 'learning_rate': 0.006026711629379817}. Best is trial 16 with value: 3.4606716632843018.
LOCAL_RANK: 0 - CUDA_VISIBLE_DEVICES: [0]
[I 2023-11-30 11:55:41,105] Trial 43 finished with value: 3.9836387634277344 and parameters: {'gradient_clip_val': 0.1132536119130647, 'hidden_size': 149, 'dropout': 0.21503823377876302, 'hidden_continuous_size': 38, 'attention_head_size': 1, 'learning_rate': 0.00580355782186091}. Best is trial 16 with value: 3.4606716632843018.
LOCAL_RANK: 0 - CUDA_VISIBLE_DEVICES: [0]
[I 2023-11-30 11:55:55,466] Trial 44 finished with value: 4.458846569061279 and parameters: {'gradient_clip_val': 0.12420810842050346, 'hidden_size': 109, 'dropout': 0.1825192595531575, 'hidden_continuous_size': 42, 'attention_head_size': 1, 'learning_rate': 0.007531725010114625}. Best is trial 16 with value: 3.4606716632843018.
LOCAL_RANK: 0 - CUDA_VISIBLE_DEVICES: [0]
[I 2023-11-30 11:56:09,622] Trial 45 finished with value: 3.5781352519989014 and parameters: {'gradient_clip_val': 0.14110696384050056, 'hidden_size': 129, 'dropout': 0.2218099250162715, 'hidden_continuous_size': 33, 'attention_head_size': 1, 'learning_rate': 0.004367255845471183}. Best is trial 16 with value: 3.4606716632843018.
LOCAL_RANK: 0 - CUDA_VISIBLE_DEVICES: [0]
[I 2023-11-30 11:56:23,754] Trial 46 finished with value: 3.942162275314331 and parameters: {'gradient_clip_val': 0.13849465601309877, 'hidden_size': 100, 'dropout': 0.22371874457000074, 'hidden_continuous_size': 35, 'attention_head_size': 4, 'learning_rate': 0.004827946827337674}. Best is trial 16 with value: 3.4606716632843018.
LOCAL_RANK: 0 - CUDA_VISIBLE_DEVICES: [0]
[I 2023-11-30 11:56:37,166] Trial 47 finished with value: 3.6191446781158447 and parameters: {'gradient_clip_val': 0.10045305357280084, 'hidden_size': 50, 'dropout': 0.2046413305746672, 'hidden_continuous_size': 41, 'attention_head_size': 1, 'learning_rate': 0.006212668520240127}. Best is trial 16 with value: 3.4606716632843018.
LOCAL_RANK: 0 - CUDA_VISIBLE_DEVICES: [0]
[I 2023-11-30 11:56:50,784] Trial 48 finished with value: 4.010870933532715 and parameters: {'gradient_clip_val': 0.1151406587381793, 'hidden_size': 68, 'dropout': 0.18758373540671613, 'hidden_continuous_size': 46, 'attention_head_size': 2, 'learning_rate': 0.004002954793018203}. Best is trial 16 with value: 3.4606716632843018.
LOCAL_RANK: 0 - CUDA_VISIBLE_DEVICES: [0]
[I 2023-11-30 11:57:04,485] Trial 49 finished with value: 3.593385696411133 and parameters: {'gradient_clip_val': 0.15471556139789044, 'hidden_size': 61, 'dropout': 0.21011423991927372, 'hidden_continuous_size': 46, 'attention_head_size': 1, 'learning_rate': 0.011023731719558118}. Best is trial 16 with value: 3.4606716632843018.
LOCAL_RANK: 0 - CUDA_VISIBLE_DEVICES: [0]
[I 2023-11-30 11:57:17,864] Trial 50 finished with value: 3.9087581634521484 and parameters: {'gradient_clip_val': 0.14445270887189415, 'hidden_size': 63, 'dropout': 0.21016105953497802, 'hidden_continuous_size': 32, 'attention_head_size': 1, 'learning_rate': 0.013613500716195352}. Best is trial 16 with value: 3.4606716632843018.
LOCAL_RANK: 0 - CUDA_VISIBLE_DEVICES: [0]
[I 2023-11-30 11:57:31,666] Trial 51 finished with value: 4.216221332550049 and parameters: {'gradient_clip_val': 0.16068643455216072, 'hidden_size': 77, 'dropout': 0.22605129712501504, 'hidden_continuous_size': 59, 'attention_head_size': 1, 'learning_rate': 0.008770808579653547}. Best is trial 16 with value: 3.4606716632843018.
LOCAL_RANK: 0 - CUDA_VISIBLE_DEVICES: [0]
[I 2023-11-30 11:57:45,496] Trial 52 finished with value: 4.366251468658447 and parameters: {'gradient_clip_val': 0.12059654042121787, 'hidden_size': 85, 'dropout': 0.1978314083091585, 'hidden_continuous_size': 45, 'attention_head_size': 1, 'learning_rate': 0.010683236060789492}. Best is trial 16 with value: 3.4606716632843018.
LOCAL_RANK: 0 - CUDA_VISIBLE_DEVICES: [0]
[I 2023-11-30 11:57:58,998] Trial 53 finished with value: 3.5170886516571045 and parameters: {'gradient_clip_val': 0.11129840576580267, 'hidden_size': 64, 'dropout': 0.20859675640890546, 'hidden_continuous_size': 52, 'attention_head_size': 1, 'learning_rate': 0.005282201981789581}. Best is trial 16 with value: 3.4606716632843018.
LOCAL_RANK: 0 - CUDA_VISIBLE_DEVICES: [0]
[I 2023-11-30 11:58:12,622] Trial 54 finished with value: 4.223741054534912 and parameters: {'gradient_clip_val': 0.1328408430337053, 'hidden_size': 49, 'dropout': 0.20926701686786364, 'hidden_continuous_size': 41, 'attention_head_size': 1, 'learning_rate': 0.006460432692409884}. Best is trial 16 with value: 3.4606716632843018.
LOCAL_RANK: 0 - CUDA_VISIBLE_DEVICES: [0]
[I 2023-11-30 11:58:26,378] Trial 55 finished with value: 4.126960754394531 and parameters: {'gradient_clip_val': 0.15842679996759307, 'hidden_size': 67, 'dropout': 0.1798861434564849, 'hidden_continuous_size': 52, 'attention_head_size': 1, 'learning_rate': 0.005147885786994209}. Best is trial 16 with value: 3.4606716632843018.
LOCAL_RANK: 0 - CUDA_VISIBLE_DEVICES: [0]
[I 2023-11-30 11:58:39,888] Trial 56 finished with value: 4.094112396240234 and parameters: {'gradient_clip_val': 0.10788926037912508, 'hidden_size': 59, 'dropout': 0.19229593028323919, 'hidden_continuous_size': 46, 'attention_head_size': 1, 'learning_rate': 0.007729353495259771}. Best is trial 16 with value: 3.4606716632843018.
LOCAL_RANK: 0 - CUDA_VISIBLE_DEVICES: [0]
[I 2023-11-30 11:58:53,747] Trial 57 finished with value: 3.38427996635437 and parameters: {'gradient_clip_val': 0.11970140325885352, 'hidden_size': 74, 'dropout': 0.1698411422230282, 'hidden_continuous_size': 55, 'attention_head_size': 1, 'learning_rate': 0.004565049724902067}. Best is trial 57 with value: 3.38427996635437.
LOCAL_RANK: 0 - CUDA_VISIBLE_DEVICES: [0]
[I 2023-11-30 11:59:06,655] Trial 58 finished with value: 4.552885055541992 and parameters: {'gradient_clip_val': 0.12115387369870532, 'hidden_size': 39, 'dropout': 0.15330986040791408, 'hidden_continuous_size': 36, 'attention_head_size': 1, 'learning_rate': 0.004525671392294139}. Best is trial 57 with value: 3.38427996635437.
LOCAL_RANK: 0 - CUDA_VISIBLE_DEVICES: [0]
[I 2023-11-30 11:59:20,435] Trial 59 finished with value: 3.762176275253296 and parameters: {'gradient_clip_val': 0.10730659712501797, 'hidden_size': 72, 'dropout': 0.1370651986151119, 'hidden_continuous_size': 55, 'attention_head_size': 1, 'learning_rate': 0.003779073861297936}. Best is trial 57 with value: 3.38427996635437.
LOCAL_RANK: 0 - CUDA_VISIBLE_DEVICES: [0]
