[I 2023-11-30 03:05:09,264] Trial 63 finished with value: 36.35599136352539 and parameters: {'gradient_clip_val': 0.11911896269649427, 'hidden_size': 94, 'dropout': 0.12398467444269246, 'hidden_continuous_size': 35, 'attention_head_size': 2, 'learning_rate': 0.08830454004697161}. Best is trial 57 with value: 32.188472747802734.
LOCAL_RANK: 0 - CUDA_VISIBLE_DEVICES: [0]
[I 2023-11-30 03:05:23,413] Trial 64 finished with value: 36.58088684082031 and parameters: {'gradient_clip_val': 0.1714885683199342, 'hidden_size': 101, 'dropout': 0.1576487906199392, 'hidden_continuous_size': 38, 'attention_head_size': 4, 'learning_rate': 0.06129180155364337}. Best is trial 57 with value: 32.188472747802734.
LOCAL_RANK: 0 - CUDA_VISIBLE_DEVICES: [0]
[I 2023-11-30 03:05:37,095] Trial 65 finished with value: 36.49032211303711 and parameters: {'gradient_clip_val': 0.13160169300309846, 'hidden_size': 75, 'dropout': 0.14791855743540344, 'hidden_continuous_size': 45, 'attention_head_size': 1, 'learning_rate': 0.052103948805441586}. Best is trial 57 with value: 32.188472747802734.
LOCAL_RANK: 0 - CUDA_VISIBLE_DEVICES: [0]
[I 2023-11-30 03:05:51,449] Trial 66 finished with value: 47.36931228637695 and parameters: {'gradient_clip_val': 0.2045826944119008, 'hidden_size': 119, 'dropout': 0.17224610575105573, 'hidden_continuous_size': 51, 'attention_head_size': 4, 'learning_rate': 0.07400927230168346}. Best is trial 57 with value: 32.188472747802734.
LOCAL_RANK: 0 - CUDA_VISIBLE_DEVICES: [0]
[I 2023-11-30 03:06:05,310] Trial 67 finished with value: 40.479251861572266 and parameters: {'gradient_clip_val': 0.1515664522768651, 'hidden_size': 85, 'dropout': 0.12966984865206113, 'hidden_continuous_size': 31, 'attention_head_size': 2, 'learning_rate': 0.09997066238812806}. Best is trial 57 with value: 32.188472747802734.
LOCAL_RANK: 0 - CUDA_VISIBLE_DEVICES: [0]
[I 2023-11-30 03:06:19,737] Trial 68 finished with value: 45.6661491394043 and parameters: {'gradient_clip_val': 0.12636081304414476, 'hidden_size': 150, 'dropout': 0.1166536131012442, 'hidden_continuous_size': 28, 'attention_head_size': 3, 'learning_rate': 0.03549097612604007}. Best is trial 57 with value: 32.188472747802734.
LOCAL_RANK: 0 - CUDA_VISIBLE_DEVICES: [0]
[I 2023-11-30 03:06:33,262] Trial 69 finished with value: 35.750858306884766 and parameters: {'gradient_clip_val': 0.17925325974267897, 'hidden_size': 72, 'dropout': 0.16393144616932032, 'hidden_continuous_size': 38, 'attention_head_size': 1, 'learning_rate': 0.04389632225898395}. Best is trial 57 with value: 32.188472747802734.
LOCAL_RANK: 0 - CUDA_VISIBLE_DEVICES: [0]
[I 2023-11-30 03:06:47,281] Trial 70 finished with value: 46.719940185546875 and parameters: {'gradient_clip_val': 0.1394679214702576, 'hidden_size': 108, 'dropout': 0.1467696738768931, 'hidden_continuous_size': 33, 'attention_head_size': 2, 'learning_rate': 0.06422376493420448}. Best is trial 57 with value: 32.188472747802734.
LOCAL_RANK: 0 - CUDA_VISIBLE_DEVICES: [0]
[I 2023-11-30 03:07:01,254] Trial 71 finished with value: 35.28451919555664 and parameters: {'gradient_clip_val': 0.155503571171245, 'hidden_size': 96, 'dropout': 0.10125104832755955, 'hidden_continuous_size': 47, 'attention_head_size': 2, 'learning_rate': 0.02964732576881041}. Best is trial 57 with value: 32.188472747802734.
LOCAL_RANK: 0 - CUDA_VISIBLE_DEVICES: [0]
[I 2023-11-30 03:07:15,468] Trial 72 finished with value: 39.90115737915039 and parameters: {'gradient_clip_val': 0.16221356054319033, 'hidden_size': 101, 'dropout': 0.11337674024355293, 'hidden_continuous_size': 45, 'attention_head_size': 2, 'learning_rate': 0.054388247838725104}. Best is trial 57 with value: 32.188472747802734.
LOCAL_RANK: 0 - CUDA_VISIBLE_DEVICES: [0]
[I 2023-11-30 03:07:29,351] Trial 73 finished with value: 35.711246490478516 and parameters: {'gradient_clip_val': 0.16969792523333296, 'hidden_size': 82, 'dropout': 0.13248053351739, 'hidden_continuous_size': 42, 'attention_head_size': 1, 'learning_rate': 0.08629759417086087}. Best is trial 57 with value: 32.188472747802734.
LOCAL_RANK: 0 - CUDA_VISIBLE_DEVICES: [0]
[I 2023-11-30 03:07:43,329] Trial 74 finished with value: 31.34187889099121 and parameters: {'gradient_clip_val': 0.18880985832344407, 'hidden_size': 91, 'dropout': 0.10596740604385964, 'hidden_continuous_size': 36, 'attention_head_size': 2, 'learning_rate': 0.045506220046691616}. Best is trial 74 with value: 31.34187889099121.
LOCAL_RANK: 0 - CUDA_VISIBLE_DEVICES: [0]
[I 2023-11-30 03:07:57,036] Trial 75 finished with value: 33.761409759521484 and parameters: {'gradient_clip_val': 0.2360625627173601, 'hidden_size': 66, 'dropout': 0.12316711035506306, 'hidden_continuous_size': 39, 'attention_head_size': 3, 'learning_rate': 0.07429081459269817}. Best is trial 74 with value: 31.34187889099121.
LOCAL_RANK: 0 - CUDA_VISIBLE_DEVICES: [0]
[I 2023-11-30 03:08:10,777] Trial 76 finished with value: 33.36140441894531 and parameters: {'gradient_clip_val': 0.20745089433296537, 'hidden_size': 65, 'dropout': 0.12131235775046159, 'hidden_continuous_size': 36, 'attention_head_size': 3, 'learning_rate': 0.07609267700503719}. Best is trial 74 with value: 31.34187889099121.
LOCAL_RANK: 0 - CUDA_VISIBLE_DEVICES: [0]
[I 2023-11-30 03:08:24,500] Trial 77 finished with value: 34.60541915893555 and parameters: {'gradient_clip_val': 0.2265273637314825, 'hidden_size': 66, 'dropout': 0.10746750689610145, 'hidden_continuous_size': 36, 'attention_head_size': 3, 'learning_rate': 0.07192336096851927}. Best is trial 74 with value: 31.34187889099121.
LOCAL_RANK: 0 - CUDA_VISIBLE_DEVICES: [0]
[I 2023-11-30 03:08:37,979] Trial 78 finished with value: 33.3880729675293 and parameters: {'gradient_clip_val': 0.24959503477179532, 'hidden_size': 49, 'dropout': 0.11957765040571841, 'hidden_continuous_size': 39, 'attention_head_size': 3, 'learning_rate': 0.08774717332439777}. Best is trial 74 with value: 31.34187889099121.
LOCAL_RANK: 0 - CUDA_VISIBLE_DEVICES: [0]
[I 2023-11-30 03:08:51,699] Trial 79 finished with value: 37.747154235839844 and parameters: {'gradient_clip_val': 0.2488164644135416, 'hidden_size': 59, 'dropout': 0.124644333667133, 'hidden_continuous_size': 39, 'attention_head_size': 3, 'learning_rate': 0.0869049212302393}. Best is trial 74 with value: 31.34187889099121.
LOCAL_RANK: 0 - CUDA_VISIBLE_DEVICES: [0]
[I 2023-11-30 03:09:05,198] Trial 80 finished with value: 35.54214859008789 and parameters: {'gradient_clip_val': 0.20565277952909425, 'hidden_size': 56, 'dropout': 0.11990030535132369, 'hidden_continuous_size': 34, 'attention_head_size': 3, 'learning_rate': 0.07710779397283521}. Best is trial 74 with value: 31.34187889099121.
LOCAL_RANK: 0 - CUDA_VISIBLE_DEVICES: [0]
[I 2023-11-30 03:09:18,698] Trial 81 finished with value: 38.693546295166016 and parameters: {'gradient_clip_val': 0.23350730587177604, 'hidden_size': 48, 'dropout': 0.11147218962356054, 'hidden_continuous_size': 43, 'attention_head_size': 3, 'learning_rate': 0.09100993727966147}. Best is trial 74 with value: 31.34187889099121.
LOCAL_RANK: 0 - CUDA_VISIBLE_DEVICES: [0]
[I 2023-11-30 03:09:32,285] Trial 82 finished with value: 40.97282028198242 and parameters: {'gradient_clip_val': 0.21879437073076663, 'hidden_size': 66, 'dropout': 0.1417558099232478, 'hidden_continuous_size': 36, 'attention_head_size': 3, 'learning_rate': 0.06316341285058073}. Best is trial 74 with value: 31.34187889099121.
LOCAL_RANK: 0 - CUDA_VISIBLE_DEVICES: [0]
[I 2023-11-30 03:09:45,927] Trial 83 finished with value: 36.506874084472656 and parameters: {'gradient_clip_val': 0.2491084152754111, 'hidden_size': 54, 'dropout': 0.1186385049635334, 'hidden_continuous_size': 38, 'attention_head_size': 3, 'learning_rate': 0.0772232091246073}. Best is trial 74 with value: 31.34187889099121.
LOCAL_RANK: 0 - CUDA_VISIBLE_DEVICES: [0]
[I 2023-11-30 03:09:59,514] Trial 84 finished with value: 39.80930709838867 and parameters: {'gradient_clip_val': 0.19443514810854284, 'hidden_size': 62, 'dropout': 0.1086483219185414, 'hidden_continuous_size': 40, 'attention_head_size': 3, 'learning_rate': 0.05563937531734905}. Best is trial 74 with value: 31.34187889099121.
LOCAL_RANK: 0 - CUDA_VISIBLE_DEVICES: [0]
[I 2023-11-30 03:10:12,870] Trial 85 finished with value: 32.640380859375 and parameters: {'gradient_clip_val': 0.27587864251705213, 'hidden_size': 50, 'dropout': 0.1306097377349592, 'hidden_continuous_size': 35, 'attention_head_size': 1, 'learning_rate': 0.06904336739521182}. Best is trial 74 with value: 31.34187889099121.
LOCAL_RANK: 0 - CUDA_VISIBLE_DEVICES: [0]
[I 2023-11-30 03:10:26,430] Trial 86 finished with value: 38.7126350402832 and parameters: {'gradient_clip_val': 0.2948780297088586, 'hidden_size': 51, 'dropout': 0.1291495298844572, 'hidden_continuous_size': 35, 'attention_head_size': 2, 'learning_rate': 0.08964942575273625}. Best is trial 74 with value: 31.34187889099121.
LOCAL_RANK: 0 - CUDA_VISIBLE_DEVICES: [0]
[I 2023-11-30 03:10:40,135] Trial 87 finished with value: 42.06547927856445 and parameters: {'gradient_clip_val': 0.20879128192560997, 'hidden_size': 73, 'dropout': 0.11799380165372896, 'hidden_continuous_size': 33, 'attention_head_size': 2, 'learning_rate': 0.06829111545637588}. Best is trial 74 with value: 31.34187889099121.
LOCAL_RANK: 0 - CUDA_VISIBLE_DEVICES: [0]
[I 2023-11-30 03:10:53,712] Trial 88 finished with value: 43.28311538696289 and parameters: {'gradient_clip_val': 0.23936847895241936, 'hidden_size': 70, 'dropout': 0.10629565494462062, 'hidden_continuous_size': 30, 'attention_head_size': 3, 'learning_rate': 0.09967888727082912}. Best is trial 74 with value: 31.34187889099121.
LOCAL_RANK: 0 - CUDA_VISIBLE_DEVICES: [0]
[I 2023-11-30 03:11:07,094] Trial 89 finished with value: 34.48421859741211 and parameters: {'gradient_clip_val': 0.1890076939780518, 'hidden_size': 57, 'dropout': 0.1396058584358648, 'hidden_continuous_size': 43, 'attention_head_size': 1, 'learning_rate': 0.07505919824232711}. Best is trial 74 with value: 31.34187889099121.
LOCAL_RANK: 0 - CUDA_VISIBLE_DEVICES: [0]
[I 2023-11-30 03:11:21,076] Trial 90 finished with value: 47.83650588989258 and parameters: {'gradient_clip_val': 0.273599329748924, 'hidden_size': 91, 'dropout': 0.12631021169440756, 'hidden_continuous_size': 33, 'attention_head_size': 3, 'learning_rate': 0.05722227746872458}. Best is trial 74 with value: 31.34187889099121.
LOCAL_RANK: 0 - CUDA_VISIBLE_DEVICES: [0]
[I 2023-11-30 03:11:34,203] Trial 91 finished with value: 35.143550872802734 and parameters: {'gradient_clip_val': 0.22452456180687805, 'hidden_size': 42, 'dropout': 0.14586320316777893, 'hidden_continuous_size': 37, 'attention_head_size': 1, 'learning_rate': 0.06703265805039904}. Best is trial 74 with value: 31.34187889099121.
LOCAL_RANK: 0 - CUDA_VISIBLE_DEVICES: [0]
[I 2023-11-30 03:11:48,027] Trial 92 finished with value: 37.4933967590332 and parameters: {'gradient_clip_val': 0.2112059092563561, 'hidden_size': 79, 'dropout': 0.15556475468060552, 'hidden_continuous_size': 39, 'attention_head_size': 1, 'learning_rate': 0.08931169338981575}. Best is trial 74 with value: 31.34187889099121.
LOCAL_RANK: 0 - CUDA_VISIBLE_DEVICES: [0]
[I 2023-11-30 03:12:01,296] Trial 93 finished with value: 32.88897705078125 and parameters: {'gradient_clip_val': 0.23254530027516568, 'hidden_size': 48, 'dropout': 0.13368850609443841, 'hidden_continuous_size': 41, 'attention_head_size': 1, 'learning_rate': 0.08116347050685853}. Best is trial 74 with value: 31.34187889099121.
LOCAL_RANK: 0 - CUDA_VISIBLE_DEVICES: [0]
[I 2023-11-30 03:12:14,502] Trial 94 finished with value: 42.46885299682617 and parameters: {'gradient_clip_val': 0.23505797449524352, 'hidden_size': 48, 'dropout': 0.12856472374966815, 'hidden_continuous_size': 40, 'attention_head_size': 1, 'learning_rate': 0.08091045944739587}. Best is trial 74 with value: 31.34187889099121.
LOCAL_RANK: 0 - CUDA_VISIBLE_DEVICES: [0]
[I 2023-11-30 03:12:27,870] Trial 95 finished with value: 34.27937698364258 and parameters: {'gradient_clip_val': 0.19826296341654462, 'hidden_size': 51, 'dropout': 0.13565836026471118, 'hidden_continuous_size': 44, 'attention_head_size': 1, 'learning_rate': 0.07348644622714391}. Best is trial 74 with value: 31.34187889099121.
LOCAL_RANK: 0 - CUDA_VISIBLE_DEVICES: [0]
[I 2023-11-30 03:12:41,434] Trial 96 finished with value: 38.13737106323242 and parameters: {'gradient_clip_val': 0.22204594810355208, 'hidden_size': 65, 'dropout': 0.12060343807787845, 'hidden_continuous_size': 35, 'attention_head_size': 1, 'learning_rate': 0.06157671939338379}. Best is trial 74 with value: 31.34187889099121.
LOCAL_RANK: 0 - CUDA_VISIBLE_DEVICES: [0]
[I 2023-11-30 03:12:55,151] Trial 97 finished with value: 42.34954071044922 and parameters: {'gradient_clip_val': 0.25525304999326764, 'hidden_size': 59, 'dropout': 0.11093431230883881, 'hidden_continuous_size': 41, 'attention_head_size': 2, 'learning_rate': 0.05129833180563364}. Best is trial 74 with value: 31.34187889099121.
LOCAL_RANK: 0 - CUDA_VISIBLE_DEVICES: [0]
[I 2023-11-30 03:13:08,773] Trial 98 finished with value: 32.21284866333008 and parameters: {'gradient_clip_val': 0.2099680952100221, 'hidden_size': 62, 'dropout': 0.1505308077282188, 'hidden_continuous_size': 38, 'attention_head_size': 3, 'learning_rate': 0.09287695329104573}. Best is trial 74 with value: 31.34187889099121.
LOCAL_RANK: 0 - CUDA_VISIBLE_DEVICES: [0]
[I 2023-11-30 03:13:21,962] Trial 99 finished with value: 36.87635803222656 and parameters: {'gradient_clip_val': 0.21263612916822106, 'hidden_size': 46, 'dropout': 0.1579731158405832, 'hidden_continuous_size': 34, 'attention_head_size': 1, 'learning_rate': 0.09281685091969678}. Best is trial 74 with value: 31.34187889099121.
LOCAL_RANK: 0 - CUDA_VISIBLE_DEVICES: [0]
[I 2023-11-30 03:13:35,776] Trial 100 finished with value: 54.01936340332031 and parameters: {'gradient_clip_val': 0.18501046962388945, 'hidden_size': 77, 'dropout': 0.14515443880139095, 'hidden_continuous_size': 37, 'attention_head_size': 3, 'learning_rate': 0.08482216032942821}. Best is trial 74 with value: 31.34187889099121.
LOCAL_RANK: 0 - CUDA_VISIBLE_DEVICES: [0]
[I 2023-11-30 03:13:49,388] Trial 101 finished with value: 32.213253021240234 and parameters: {'gradient_clip_val': 0.19821140016799504, 'hidden_size': 55, 'dropout': 0.15153852325775477, 'hidden_continuous_size': 39, 'attention_head_size': 3, 'learning_rate': 0.08070396797389674}. Best is trial 74 with value: 31.34187889099121.
LOCAL_RANK: 0 - CUDA_VISIBLE_DEVICES: [0]
[I 2023-11-30 03:14:03,100] Trial 102 finished with value: 53.65785598754883 and parameters: {'gradient_clip_val': 0.19638536764236514, 'hidden_size': 54, 'dropout': 0.14927157988736284, 'hidden_continuous_size': 36, 'attention_head_size': 3, 'learning_rate': 0.08211895543443552}. Best is trial 74 with value: 31.34187889099121.
LOCAL_RANK: 0 - CUDA_VISIBLE_DEVICES: [0]
[I 2023-11-30 03:14:16,603] Trial 103 finished with value: 39.35902786254883 and parameters: {'gradient_clip_val': 0.1780762742208998, 'hidden_size': 62, 'dropout': 0.16785700036431117, 'hidden_continuous_size': 46, 'attention_head_size': 3, 'learning_rate': 0.06734009716540153}. Best is trial 74 with value: 31.34187889099121.
LOCAL_RANK: 0 - CUDA_VISIBLE_DEVICES: [0]
[I 2023-11-30 03:14:30,225] Trial 104 finished with value: 42.68284225463867 and parameters: {'gradient_clip_val': 0.2039103710437649, 'hidden_size': 50, 'dropout': 0.13532368967507263, 'hidden_continuous_size': 42, 'attention_head_size': 3, 'learning_rate': 0.09450118656329191}. Best is trial 74 with value: 31.34187889099121.
LOCAL_RANK: 0 - CUDA_VISIBLE_DEVICES: [0]
[I 2023-11-30 03:14:43,753] Trial 105 finished with value: 44.75632095336914 and parameters: {'gradient_clip_val': 0.21472494557820157, 'hidden_size': 53, 'dropout': 0.15290141655078152, 'hidden_continuous_size': 38, 'attention_head_size': 3, 'learning_rate': 0.08145050061948945}. Best is trial 74 with value: 31.34187889099121.
LOCAL_RANK: 0 - CUDA_VISIBLE_DEVICES: [0]
[I 2023-11-30 03:14:57,080] Trial 106 finished with value: 35.04188537597656 and parameters: {'gradient_clip_val': 0.19047362789037134, 'hidden_size': 45, 'dropout': 0.1404136103504717, 'hidden_continuous_size': 41, 'attention_head_size': 1, 'learning_rate': 0.060028814348555996}. Best is trial 74 with value: 31.34187889099121.
LOCAL_RANK: 0 - CUDA_VISIBLE_DEVICES: [0]
[I 2023-11-30 03:15:10,625] Trial 107 finished with value: 41.836341857910156 and parameters: {'gradient_clip_val': 0.2293705392917046, 'hidden_size': 59, 'dropout': 0.16007697771152374, 'hidden_continuous_size': 32, 'attention_head_size': 2, 'learning_rate': 0.07103281719355879}. Best is trial 74 with value: 31.34187889099121.
LOCAL_RANK: 0 - CUDA_VISIBLE_DEVICES: [0]
[I 2023-11-30 03:15:23,990] Trial 108 finished with value: 46.68501663208008 and parameters: {'gradient_clip_val': 0.24601143736875983, 'hidden_size': 43, 'dropout': 0.15287012416327325, 'hidden_continuous_size': 37, 'attention_head_size': 3, 'learning_rate': 0.09016609905117477}. Best is trial 74 with value: 31.34187889099121.
LOCAL_RANK: 0 - CUDA_VISIBLE_DEVICES: [0]
[I 2023-11-30 03:15:38,056] Trial 109 finished with value: 38.37892150878906 and parameters: {'gradient_clip_val': 0.2641992907618941, 'hidden_size': 88, 'dropout': 0.1705957738550337, 'hidden_continuous_size': 44, 'attention_head_size': 3, 'learning_rate': 0.06505385306444485}. Best is trial 74 with value: 31.34187889099121.
LOCAL_RANK: 0 - CUDA_VISIBLE_DEVICES: [0]
[I 2023-11-30 03:15:51,911] Trial 110 finished with value: 37.3636360168457 and parameters: {'gradient_clip_val': 0.1746334363729985, 'hidden_size': 70, 'dropout': 0.13100358884806057, 'hidden_continuous_size': 48, 'attention_head_size': 3, 'learning_rate': 0.09840503964241393}. Best is trial 74 with value: 31.34187889099121.
LOCAL_RANK: 0 - CUDA_VISIBLE_DEVICES: [0]
[I 2023-11-30 03:16:05,561] Trial 111 finished with value: 46.61844253540039 and parameters: {'gradient_clip_val': 0.22491465868243035, 'hidden_size': 68, 'dropout': 0.12219926577047768, 'hidden_continuous_size': 39, 'attention_head_size': 3, 'learning_rate': 0.07701715059551045}. Best is trial 74 with value: 31.34187889099121.
LOCAL_RANK: 0 - CUDA_VISIBLE_DEVICES: [0]
[I 2023-11-30 03:16:19,274] Trial 112 finished with value: 34.31486892700195 and parameters: {'gradient_clip_val': 0.23777167310744568, 'hidden_size': 56, 'dropout': 0.11502184205083034, 'hidden_continuous_size': 35, 'attention_head_size': 3, 'learning_rate': 0.07275433340763306}. Best is trial 74 with value: 31.34187889099121.
LOCAL_RANK: 0 - CUDA_VISIBLE_DEVICES: [0]
[I 2023-11-30 03:16:33,082] Trial 113 finished with value: 41.8359489440918 and parameters: {'gradient_clip_val': 0.20357437631829445, 'hidden_size': 74, 'dropout': 0.10682402602238486, 'hidden_continuous_size': 39, 'attention_head_size': 3, 'learning_rate': 0.08092668000354897}. Best is trial 74 with value: 31.34187889099121.
LOCAL_RANK: 0 - CUDA_VISIBLE_DEVICES: [0]
[I 2023-11-30 03:16:47,017] Trial 114 finished with value: 36.49664306640625 and parameters: {'gradient_clip_val': 0.18398683304774457, 'hidden_size': 97, 'dropout': 0.13807082066028803, 'hidden_continuous_size': 32, 'attention_head_size': 3, 'learning_rate': 0.05313828909640669}. Best is trial 74 with value: 31.34187889099121.
LOCAL_RANK: 0 - CUDA_VISIBLE_DEVICES: [0]
[I 2023-11-30 03:17:00,539] Trial 115 finished with value: 37.21144485473633 and parameters: {'gradient_clip_val': 0.19198808499656964, 'hidden_size': 64, 'dropout': 0.13055205537803274, 'hidden_continuous_size': 42, 'attention_head_size': 3, 'learning_rate': 0.060731043135769894}. Best is trial 74 with value: 31.34187889099121.
LOCAL_RANK: 0 - CUDA_VISIBLE_DEVICES: [0]
[I 2023-11-30 03:17:14,075] Trial 116 finished with value: 42.60291290283203 and parameters: {'gradient_clip_val': 0.21834237968356332, 'hidden_size': 61, 'dropout': 0.10029024838203462, 'hidden_continuous_size': 34, 'attention_head_size': 2, 'learning_rate': 0.07007024381386458}. Best is trial 74 with value: 31.34187889099121.
LOCAL_RANK: 0 - CUDA_VISIBLE_DEVICES: [0]
[I 2023-11-30 03:17:28,042] Trial 117 finished with value: 41.68355178833008 and parameters: {'gradient_clip_val': 0.24149646717213621, 'hidden_size': 84, 'dropout': 0.1451518208821781, 'hidden_continuous_size': 46, 'attention_head_size': 1, 'learning_rate': 0.09233008771679957}. Best is trial 74 with value: 31.34187889099121.
LOCAL_RANK: 0 - CUDA_VISIBLE_DEVICES: [0]
[I 2023-11-30 03:17:42,059] Trial 118 finished with value: 41.55703353881836 and parameters: {'gradient_clip_val': 0.2837596684946354, 'hidden_size': 80, 'dropout': 0.12723957861235408, 'hidden_continuous_size': 50, 'attention_head_size': 3, 'learning_rate': 0.0857436958920952}. Best is trial 74 with value: 31.34187889099121.
LOCAL_RANK: 0 - CUDA_VISIBLE_DEVICES: [0]
[I 2023-11-30 03:17:55,907] Trial 119 finished with value: 35.06149673461914 and parameters: {'gradient_clip_val': 0.25490256457611477, 'hidden_size': 109, 'dropout': 0.12158094890194662, 'hidden_continuous_size': 30, 'attention_head_size': 1, 'learning_rate': 0.047146273891156734}. Best is trial 74 with value: 31.34187889099121.
LOCAL_RANK: 0 - CUDA_VISIBLE_DEVICES: [0]
[I 2023-11-30 03:18:09,518] Trial 120 finished with value: 34.883358001708984 and parameters: {'gradient_clip_val': 0.2295663308334758, 'hidden_size': 55, 'dropout': 0.16315687769336634, 'hidden_continuous_size': 40, 'attention_head_size': 3, 'learning_rate': 0.07573797580186425}. Best is trial 74 with value: 31.34187889099121.
LOCAL_RANK: 0 - CUDA_VISIBLE_DEVICES: [0]
[I 2023-11-30 03:18:22,581] Trial 121 finished with value: 42.99808883666992 and parameters: {'gradient_clip_val': 0.19757136707012174, 'hidden_size': 42, 'dropout': 0.17419630951735857, 'hidden_continuous_size': 37, 'attention_head_size': 1, 'learning_rate': 0.05715966700334608}. Best is trial 74 with value: 31.34187889099121.
LOCAL_RANK: 0 - CUDA_VISIBLE_DEVICES: [0]
