[I 2023-11-29 21:12:19,674] Trial 141 finished with value: 7.4048638343811035 and parameters: {'gradient_clip_val': 0.153566190347696, 'hidden_size': 97, 'dropout': 0.3778228393242795, 'hidden_continuous_size': 72, 'attention_head_size': 4, 'learning_rate': 0.040501881758525614}. Best is trial 68 with value: 4.81273889541626.
LOCAL_RANK: 0 - CUDA_VISIBLE_DEVICES: [0]
[I 2023-11-29 21:12:34,184] Trial 142 finished with value: 7.777310848236084 and parameters: {'gradient_clip_val': 0.16528863883603528, 'hidden_size': 92, 'dropout': 0.38891163548487356, 'hidden_continuous_size': 74, 'attention_head_size': 4, 'learning_rate': 0.04813601570454677}. Best is trial 68 with value: 4.81273889541626.
LOCAL_RANK: 0 - CUDA_VISIBLE_DEVICES: [0]
[I 2023-11-29 21:12:48,755] Trial 143 finished with value: 10.334294319152832 and parameters: {'gradient_clip_val': 0.1484191918423765, 'hidden_size': 81, 'dropout': 0.37202850285784705, 'hidden_continuous_size': 76, 'attention_head_size': 4, 'learning_rate': 0.03514317520713563}. Best is trial 68 with value: 4.81273889541626.
LOCAL_RANK: 0 - CUDA_VISIBLE_DEVICES: [0]
[I 2023-11-29 21:13:02,246] Trial 144 finished with value: 11.297131538391113 and parameters: {'gradient_clip_val': 0.17016987480383114, 'hidden_size': 42, 'dropout': 0.30255945500182724, 'hidden_continuous_size': 41, 'attention_head_size': 4, 'learning_rate': 0.07422110563978113}. Best is trial 68 with value: 4.81273889541626.
LOCAL_RANK: 0 - CUDA_VISIBLE_DEVICES: [0]
[I 2023-11-29 21:13:16,897] Trial 145 finished with value: 8.668874740600586 and parameters: {'gradient_clip_val': 0.16008982654068613, 'hidden_size': 120, 'dropout': 0.3995563647250399, 'hidden_continuous_size': 93, 'attention_head_size': 4, 'learning_rate': 0.04299622479691309}. Best is trial 68 with value: 4.81273889541626.
LOCAL_RANK: 0 - CUDA_VISIBLE_DEVICES: [0]
[I 2023-11-29 21:13:31,430] Trial 146 finished with value: 7.652822494506836 and parameters: {'gradient_clip_val': 0.13619442576721658, 'hidden_size': 103, 'dropout': 0.38027454256886, 'hidden_continuous_size': 85, 'attention_head_size': 4, 'learning_rate': 0.030858319396334717}. Best is trial 68 with value: 4.81273889541626.
LOCAL_RANK: 0 - CUDA_VISIBLE_DEVICES: [0]
[I 2023-11-29 21:13:45,690] Trial 147 finished with value: 9.664820671081543 and parameters: {'gradient_clip_val': 0.18528193503931223, 'hidden_size': 88, 'dropout': 0.3254383183897562, 'hidden_continuous_size': 69, 'attention_head_size': 3, 'learning_rate': 0.06103209579243427}. Best is trial 68 with value: 4.81273889541626.
LOCAL_RANK: 0 - CUDA_VISIBLE_DEVICES: [0]
[I 2023-11-29 21:13:59,995] Trial 148 finished with value: 7.804589748382568 and parameters: {'gradient_clip_val': 0.15245284464287462, 'hidden_size': 75, 'dropout': 0.33943159741785484, 'hidden_continuous_size': 71, 'attention_head_size': 1, 'learning_rate': 0.05238618896854261}. Best is trial 68 with value: 4.81273889541626.
LOCAL_RANK: 0 - CUDA_VISIBLE_DEVICES: [0]
[I 2023-11-29 21:14:14,529] Trial 149 finished with value: 11.079414367675781 and parameters: {'gradient_clip_val': 0.14207106413965484, 'hidden_size': 95, 'dropout': 0.34755124461785347, 'hidden_continuous_size': 82, 'attention_head_size': 4, 'learning_rate': 0.08809871272062064}. Best is trial 68 with value: 4.81273889541626.
[I 2023-11-29 21:14:14,643] A new study created in memory with name: no-name-ed7538f5-eb72-4700-86fe-d996e0d848b7
/home/le004/conda/anaconda3/envs/tsff_env/lib/python3.9/site-packages/lightning/fabric/plugins/environments/slurm.py:191: The `srun` command is available on your system but is not used. HINT: If your intention is to run Lightning on SLURM, prepend your python command with `srun` like so: srun python /home/le004/master_thesis/git/TSFusionForecast/code/ ...
LOCAL_RANK: 0 - CUDA_VISIBLE_DEVICES: [0]
[I 2023-11-29 21:14:28,254] Trial 0 finished with value: 2304.056396484375 and parameters: {'gradient_clip_val': 0.5169807188239018, 'hidden_size': 63, 'dropout': 0.24017854572312825, 'hidden_continuous_size': 27, 'attention_head_size': 4, 'learning_rate': 0.022373557716356653}. Best is trial 0 with value: 2304.056396484375.
LOCAL_RANK: 0 - CUDA_VISIBLE_DEVICES: [0]
[I 2023-11-29 21:14:41,539] Trial 1 finished with value: 2203.86962890625 and parameters: {'gradient_clip_val': 0.3868250068117347, 'hidden_size': 81, 'dropout': 0.3432532127982717, 'hidden_continuous_size': 10, 'attention_head_size': 2, 'learning_rate': 0.01152944915979986}. Best is trial 1 with value: 2203.86962890625.
LOCAL_RANK: 0 - CUDA_VISIBLE_DEVICES: [0]
[I 2023-11-29 21:14:54,077] Trial 2 finished with value: 2250.616943359375 and parameters: {'gradient_clip_val': 0.10000740133888773, 'hidden_size': 30, 'dropout': 0.14200733273447697, 'hidden_continuous_size': 13, 'attention_head_size': 2, 'learning_rate': 0.033229447046267055}. Best is trial 1 with value: 2203.86962890625.
LOCAL_RANK: 0 - CUDA_VISIBLE_DEVICES: [0]
[I 2023-11-29 21:15:07,396] Trial 3 finished with value: 2647.589111328125 and parameters: {'gradient_clip_val': 0.25905565713664086, 'hidden_size': 46, 'dropout': 0.3159556067500613, 'hidden_continuous_size': 30, 'attention_head_size': 3, 'learning_rate': 0.027368708673315523}. Best is trial 1 with value: 2203.86962890625.
LOCAL_RANK: 0 - CUDA_VISIBLE_DEVICES: [0]
[I 2023-11-29 21:15:19,746] Trial 4 finished with value: 2319.689697265625 and parameters: {'gradient_clip_val': 0.10718342812583859, 'hidden_size': 15, 'dropout': 0.2940004521448437, 'hidden_continuous_size': 12, 'attention_head_size': 3, 'learning_rate': 0.06926265652305548}. Best is trial 1 with value: 2203.86962890625.
LOCAL_RANK: 0 - CUDA_VISIBLE_DEVICES: [0]
[I 2023-11-29 21:15:33,244] Trial 5 finished with value: 2347.61669921875 and parameters: {'gradient_clip_val': 0.4743055154927377, 'hidden_size': 48, 'dropout': 0.17808987568139412, 'hidden_continuous_size': 43, 'attention_head_size': 4, 'learning_rate': 0.007267842558106552}. Best is trial 1 with value: 2203.86962890625.
LOCAL_RANK: 0 - CUDA_VISIBLE_DEVICES: [0]
[I 2023-11-29 21:15:45,547] Trial 6 finished with value: 3443.6025390625 and parameters: {'gradient_clip_val': 0.2027954212188708, 'hidden_size': 20, 'dropout': 0.19255076295766377, 'hidden_continuous_size': 16, 'attention_head_size': 3, 'learning_rate': 0.005884755086389114}. Best is trial 1 with value: 2203.86962890625.
LOCAL_RANK: 0 - CUDA_VISIBLE_DEVICES: [0]
[I 2023-11-29 21:15:59,087] Trial 7 finished with value: 3364.905517578125 and parameters: {'gradient_clip_val': 0.8849055969608809, 'hidden_size': 83, 'dropout': 0.17667703665467838, 'hidden_continuous_size': 15, 'attention_head_size': 2, 'learning_rate': 0.001894689910642218}. Best is trial 1 with value: 2203.86962890625.
LOCAL_RANK: 0 - CUDA_VISIBLE_DEVICES: [0]
[I 2023-11-29 21:16:13,014] Trial 8 finished with value: 2033.1824951171875 and parameters: {'gradient_clip_val': 0.22269036840312167, 'hidden_size': 77, 'dropout': 0.2285822717681455, 'hidden_continuous_size': 34, 'attention_head_size': 3, 'learning_rate': 0.007342285084037605}. Best is trial 8 with value: 2033.1824951171875.
LOCAL_RANK: 0 - CUDA_VISIBLE_DEVICES: [0]
[I 2023-11-29 21:16:26,810] Trial 9 finished with value: 2590.629638671875 and parameters: {'gradient_clip_val': 0.8695514480676042, 'hidden_size': 97, 'dropout': 0.34556925484387924, 'hidden_continuous_size': 13, 'attention_head_size': 4, 'learning_rate': 0.058667288979850296}. Best is trial 8 with value: 2033.1824951171875.
LOCAL_RANK: 0 - CUDA_VISIBLE_DEVICES: [0]
[I 2023-11-29 21:16:41,191] Trial 10 finished with value: 2917.012451171875 and parameters: {'gradient_clip_val': 0.17300995325213692, 'hidden_size': 132, 'dropout': 0.3903244094059023, 'hidden_continuous_size': 98, 'attention_head_size': 1, 'learning_rate': 0.0010121962761792417}. Best is trial 8 with value: 2033.1824951171875.
LOCAL_RANK: 0 - CUDA_VISIBLE_DEVICES: [0]
[I 2023-11-29 21:16:55,511] Trial 11 finished with value: 2961.802734375 and parameters: {'gradient_clip_val': 0.3523984148730567, 'hidden_size': 138, 'dropout': 0.2568279991724094, 'hidden_continuous_size': 52, 'attention_head_size': 1, 'learning_rate': 0.012324936443877827}. Best is trial 8 with value: 2033.1824951171875.
LOCAL_RANK: 0 - CUDA_VISIBLE_DEVICES: [0]
[I 2023-11-29 21:17:08,827] Trial 12 finished with value: 2195.727783203125 and parameters: {'gradient_clip_val': 0.3200941038416256, 'hidden_size': 77, 'dropout': 0.3985126287265298, 'hidden_continuous_size': 10, 'attention_head_size': 2, 'learning_rate': 0.004252633125082917}. Best is trial 8 with value: 2033.1824951171875.
LOCAL_RANK: 0 - CUDA_VISIBLE_DEVICES: [0]
[I 2023-11-29 21:17:22,310] Trial 13 finished with value: 2406.701416015625 and parameters: {'gradient_clip_val': 0.2576678758167504, 'hidden_size': 61, 'dropout': 0.10123749068355437, 'hidden_continuous_size': 19, 'attention_head_size': 2, 'learning_rate': 0.0032936854711881126}. Best is trial 8 with value: 2033.1824951171875.
LOCAL_RANK: 0 - CUDA_VISIBLE_DEVICES: [0]
[I 2023-11-29 21:17:35,161] Trial 14 finished with value: 3144.958251953125 and parameters: {'gradient_clip_val': 0.16569457178434813, 'hidden_size': 37, 'dropout': 0.39709238549576814, 'hidden_continuous_size': 11, 'attention_head_size': 3, 'learning_rate': 0.003957345825547134}. Best is trial 8 with value: 2033.1824951171875.
LOCAL_RANK: 0 - CUDA_VISIBLE_DEVICES: [0]
[I 2023-11-29 21:17:48,886] Trial 15 finished with value: 2339.927001953125 and parameters: {'gradient_clip_val': 0.28528954813975776, 'hidden_size': 108, 'dropout': 0.2515692756938869, 'hidden_continuous_size': 20, 'attention_head_size': 1, 'learning_rate': 0.003536223909197348}. Best is trial 8 with value: 2033.1824951171875.
LOCAL_RANK: 0 - CUDA_VISIBLE_DEVICES: [0]
[I 2023-11-29 21:18:01,870] Trial 16 finished with value: 2289.688232421875 and parameters: {'gradient_clip_val': 0.2099773274807475, 'hidden_size': 68, 'dropout': 0.28930445270708455, 'hidden_continuous_size': 10, 'attention_head_size': 2, 'learning_rate': 0.008424978880646835}. Best is trial 8 with value: 2033.1824951171875.
LOCAL_RANK: 0 - CUDA_VISIBLE_DEVICES: [0]
[I 2023-11-29 21:18:16,468] Trial 17 finished with value: 3306.265380859375 and parameters: {'gradient_clip_val': 0.14037385156993373, 'hidden_size': 145, 'dropout': 0.22551482655613758, 'hidden_continuous_size': 62, 'attention_head_size': 3, 'learning_rate': 0.014142100394137646}. Best is trial 8 with value: 2033.1824951171875.
LOCAL_RANK: 0 - CUDA_VISIBLE_DEVICES: [0]
[I 2023-11-29 21:18:28,877] Trial 18 finished with value: 3824.912841796875 and parameters: {'gradient_clip_val': 0.33143818871284747, 'hidden_size': 11, 'dropout': 0.36260596931572225, 'hidden_continuous_size': 10, 'attention_head_size': 2, 'learning_rate': 0.006310578599921667}. Best is trial 8 with value: 2033.1824951171875.
LOCAL_RANK: 0 - CUDA_VISIBLE_DEVICES: [0]
[I 2023-11-29 21:18:42,806] Trial 19 finished with value: 2382.40185546875 and parameters: {'gradient_clip_val': 0.23274899701624682, 'hidden_size': 105, 'dropout': 0.2795220552721946, 'hidden_continuous_size': 23, 'attention_head_size': 3, 'learning_rate': 0.0022985409700609465}. Best is trial 8 with value: 2033.1824951171875.
LOCAL_RANK: 0 - CUDA_VISIBLE_DEVICES: [0]
[I 2023-11-29 21:18:56,017] Trial 20 finished with value: 2140.297119140625 and parameters: {'gradient_clip_val': 0.29603096669232887, 'hidden_size': 54, 'dropout': 0.32771121041339946, 'hidden_continuous_size': 16, 'attention_head_size': 4, 'learning_rate': 0.004345785432297917}. Best is trial 8 with value: 2033.1824951171875.
LOCAL_RANK: 0 - CUDA_VISIBLE_DEVICES: [0]
[I 2023-11-29 21:19:09,279] Trial 21 finished with value: 2712.554931640625 and parameters: {'gradient_clip_val': 0.3010519394566669, 'hidden_size': 55, 'dropout': 0.31669111796079397, 'hidden_continuous_size': 16, 'attention_head_size': 4, 'learning_rate': 0.00488781092655606}. Best is trial 8 with value: 2033.1824951171875.
LOCAL_RANK: 0 - CUDA_VISIBLE_DEVICES: [0]
[I 2023-11-29 21:19:22,933] Trial 22 finished with value: 2401.950927734375 and parameters: {'gradient_clip_val': 0.3970520525993539, 'hidden_size': 78, 'dropout': 0.3806594533733355, 'hidden_continuous_size': 13, 'attention_head_size': 4, 'learning_rate': 0.007996461315666554}. Best is trial 8 with value: 2033.1824951171875.
LOCAL_RANK: 0 - CUDA_VISIBLE_DEVICES: [0]
[I 2023-11-29 21:19:35,945] Trial 23 finished with value: 3528.469482421875 and parameters: {'gradient_clip_val': 0.2854899979674779, 'hidden_size': 40, 'dropout': 0.3651270265104359, 'hidden_continuous_size': 14, 'attention_head_size': 4, 'learning_rate': 0.004903953665244096}. Best is trial 8 with value: 2033.1824951171875.
LOCAL_RANK: 0 - CUDA_VISIBLE_DEVICES: [0]
[I 2023-11-29 21:19:49,621] Trial 24 finished with value: 2940.602294921875 and parameters: {'gradient_clip_val': 0.23240957289863312, 'hidden_size': 69, 'dropout': 0.3269008481815233, 'hidden_continuous_size': 18, 'attention_head_size': 3, 'learning_rate': 0.0026839568981120595}. Best is trial 8 with value: 2033.1824951171875.
LOCAL_RANK: 0 - CUDA_VISIBLE_DEVICES: [0]
[I 2023-11-29 21:20:02,662] Trial 25 finished with value: 2483.6015625 and parameters: {'gradient_clip_val': 0.32430789522809983, 'hidden_size': 53, 'dropout': 0.397939014749146, 'hidden_continuous_size': 12, 'attention_head_size': 2, 'learning_rate': 0.009668323803394422}. Best is trial 8 with value: 2033.1824951171875.
LOCAL_RANK: 0 - CUDA_VISIBLE_DEVICES: [0]
[I 2023-11-29 21:20:16,248] Trial 26 finished with value: 2197.228515625 and parameters: {'gradient_clip_val': 0.1920407827492295, 'hidden_size': 92, 'dropout': 0.3671727851478588, 'hidden_continuous_size': 31, 'attention_head_size': 3, 'learning_rate': 0.005109119276329206}. Best is trial 8 with value: 2033.1824951171875.
LOCAL_RANK: 0 - CUDA_VISIBLE_DEVICES: [0]
[I 2023-11-29 21:20:29,865] Trial 27 finished with value: 3209.08984375 and parameters: {'gradient_clip_val': 0.24369086502494935, 'hidden_size': 72, 'dropout': 0.35054942626563024, 'hidden_continuous_size': 21, 'attention_head_size': 4, 'learning_rate': 0.0017696189340695608}. Best is trial 8 with value: 2033.1824951171875.
LOCAL_RANK: 0 - CUDA_VISIBLE_DEVICES: [0]
[I 2023-11-29 21:20:43,151] Trial 28 finished with value: 2501.287353515625 and parameters: {'gradient_clip_val': 0.15553608966697904, 'hidden_size': 57, 'dropout': 0.32087421846266795, 'hidden_continuous_size': 17, 'attention_head_size': 1, 'learning_rate': 0.004063639481629353}. Best is trial 8 with value: 2033.1824951171875.
LOCAL_RANK: 0 - CUDA_VISIBLE_DEVICES: [0]
[I 2023-11-29 21:20:56,813] Trial 29 finished with value: 2301.622314453125 and parameters: {'gradient_clip_val': 0.4478551231363947, 'hidden_size': 67, 'dropout': 0.23252546472699076, 'hidden_continuous_size': 26, 'attention_head_size': 4, 'learning_rate': 0.0065881654684916136}. Best is trial 8 with value: 2033.1824951171875.
LOCAL_RANK: 0 - CUDA_VISIBLE_DEVICES: [0]
[I 2023-11-29 21:21:10,787] Trial 30 finished with value: 2276.445556640625 and parameters: {'gradient_clip_val': 0.5761492712431975, 'hidden_size': 106, 'dropout': 0.37668505109846406, 'hidden_continuous_size': 24, 'attention_head_size': 3, 'learning_rate': 0.015017357108746743}. Best is trial 8 with value: 2033.1824951171875.
LOCAL_RANK: 0 - CUDA_VISIBLE_DEVICES: [0]
[I 2023-11-29 21:21:24,595] Trial 31 finished with value: 2047.94140625 and parameters: {'gradient_clip_val': 0.1914958631420112, 'hidden_size': 89, 'dropout': 0.371341833819496, 'hidden_continuous_size': 32, 'attention_head_size': 3, 'learning_rate': 0.005752524688816988}. Best is trial 8 with value: 2033.1824951171875.
LOCAL_RANK: 0 - CUDA_VISIBLE_DEVICES: [0]
[I 2023-11-29 21:21:38,150] Trial 32 finished with value: 2372.10595703125 and parameters: {'gradient_clip_val': 0.2140593187277692, 'hidden_size': 88, 'dropout': 0.38179612039311883, 'hidden_continuous_size': 28, 'attention_head_size': 2, 'learning_rate': 0.010413054882305353}. Best is trial 8 with value: 2033.1824951171875.
LOCAL_RANK: 0 - CUDA_VISIBLE_DEVICES: [0]
[I 2023-11-29 21:21:52,100] Trial 33 finished with value: 2604.460693359375 and parameters: {'gradient_clip_val': 0.2731614216932066, 'hidden_size': 82, 'dropout': 0.3467507971783888, 'hidden_continuous_size': 34, 'attention_head_size': 3, 'learning_rate': 0.01781251379497503}. Best is trial 8 with value: 2033.1824951171875.
LOCAL_RANK: 0 - CUDA_VISIBLE_DEVICES: [0]
[I 2023-11-29 21:22:05,497] Trial 34 finished with value: 2331.049560546875 and parameters: {'gradient_clip_val': 0.36448595104658416, 'hidden_size': 61, 'dropout': 0.3370023086507732, 'hidden_continuous_size': 22, 'attention_head_size': 2, 'learning_rate': 0.00805493981277936}. Best is trial 8 with value: 2033.1824951171875.
LOCAL_RANK: 0 - CUDA_VISIBLE_DEVICES: [0]
[I 2023-11-29 21:22:19,555] Trial 35 finished with value: 1974.6890869140625 and parameters: {'gradient_clip_val': 0.2590174144261528, 'hidden_size': 120, 'dropout': 0.3994360611300637, 'hidden_continuous_size': 36, 'attention_head_size': 3, 'learning_rate': 0.005570891404718066}. Best is trial 35 with value: 1974.6890869140625.
LOCAL_RANK: 0 - CUDA_VISIBLE_DEVICES: [0]
[I 2023-11-29 21:22:33,724] Trial 36 finished with value: 2305.04345703125 and parameters: {'gradient_clip_val': 0.1828058611232079, 'hidden_size': 119, 'dropout': 0.359968324756215, 'hidden_continuous_size': 34, 'attention_head_size': 3, 'learning_rate': 0.010176544951671475}. Best is trial 35 with value: 1974.6890869140625.
LOCAL_RANK: 0 - CUDA_VISIBLE_DEVICES: [0]
[I 2023-11-29 21:22:47,769] Trial 37 finished with value: 2049.223388671875 and parameters: {'gradient_clip_val': 0.22655678973466611, 'hidden_size': 120, 'dropout': 0.3005736244898023, 'hidden_continuous_size': 38, 'attention_head_size': 4, 'learning_rate': 0.005878506192247901}. Best is trial 35 with value: 1974.6890869140625.
LOCAL_RANK: 0 - CUDA_VISIBLE_DEVICES: [0]
[I 2023-11-29 21:23:02,137] Trial 38 finished with value: 2243.650146484375 and parameters: {'gradient_clip_val': 0.22115204596025173, 'hidden_size': 121, 'dropout': 0.31301346420368886, 'hidden_continuous_size': 38, 'attention_head_size': 3, 'learning_rate': 0.006129325769110414}. Best is trial 35 with value: 1974.6890869140625.
LOCAL_RANK: 0 - CUDA_VISIBLE_DEVICES: [0]
[I 2023-11-29 21:23:16,709] Trial 39 finished with value: 2039.20458984375 and parameters: {'gradient_clip_val': 0.144039263696705, 'hidden_size': 147, 'dropout': 0.29823502067737495, 'hidden_continuous_size': 42, 'attention_head_size': 3, 'learning_rate': 0.007347700911877348}. Best is trial 35 with value: 1974.6890869140625.
LOCAL_RANK: 0 - CUDA_VISIBLE_DEVICES: [0]
[I 2023-11-29 21:23:31,307] Trial 40 finished with value: 2615.093994140625 and parameters: {'gradient_clip_val': 0.1278166533939201, 'hidden_size': 149, 'dropout': 0.27604171662482013, 'hidden_continuous_size': 41, 'attention_head_size': 3, 'learning_rate': 0.022688193265104625}. Best is trial 35 with value: 1974.6890869140625.
LOCAL_RANK: 0 - CUDA_VISIBLE_DEVICES: [0]
[I 2023-11-29 21:23:45,493] Trial 41 finished with value: 2931.258544921875 and parameters: {'gradient_clip_val': 0.194214886864664, 'hidden_size': 122, 'dropout': 0.30567659072634334, 'hidden_continuous_size': 30, 'attention_head_size': 3, 'learning_rate': 0.006427021969383118}. Best is trial 35 with value: 1974.6890869140625.
LOCAL_RANK: 0 - CUDA_VISIBLE_DEVICES: [0]
[I 2023-11-29 21:23:59,572] Trial 42 finished with value: 2422.79736328125 and parameters: {'gradient_clip_val': 0.1716130451468093, 'hidden_size': 95, 'dropout': 0.3391305839997216, 'hidden_continuous_size': 47, 'attention_head_size': 3, 'learning_rate': 0.008130897043628882}. Best is trial 35 with value: 1974.6890869140625.
LOCAL_RANK: 0 - CUDA_VISIBLE_DEVICES: [0]
[I 2023-11-29 21:24:14,030] Trial 43 finished with value: 2370.01904296875 and parameters: {'gradient_clip_val': 0.1511125758623433, 'hidden_size': 118, 'dropout': 0.271774659856517, 'hidden_continuous_size': 36, 'attention_head_size': 3, 'learning_rate': 0.012294581283611826}. Best is trial 35 with value: 1974.6890869140625.
LOCAL_RANK: 0 - CUDA_VISIBLE_DEVICES: [0]
[I 2023-11-29 21:24:28,381] Trial 44 finished with value: 2126.1376953125 and parameters: {'gradient_clip_val': 0.2550010819653571, 'hidden_size': 130, 'dropout': 0.3016766924456654, 'hidden_continuous_size': 42, 'attention_head_size': 3, 'learning_rate': 0.005446863795018862}. Best is trial 35 with value: 1974.6890869140625.
LOCAL_RANK: 0 - CUDA_VISIBLE_DEVICES: [0]
[I 2023-11-29 21:24:42,568] Trial 45 finished with value: 2264.194580078125 and parameters: {'gradient_clip_val': 0.1944393101483786, 'hidden_size': 101, 'dropout': 0.29953609134248854, 'hidden_continuous_size': 33, 'attention_head_size': 4, 'learning_rate': 0.006944138299506801}. Best is trial 35 with value: 1974.6890869140625.
LOCAL_RANK: 0 - CUDA_VISIBLE_DEVICES: [0]
[I 2023-11-29 21:24:56,926] Trial 46 finished with value: 2609.566650390625 and parameters: {'gradient_clip_val': 0.21720717526117916, 'hidden_size': 137, 'dropout': 0.21798643585490962, 'hidden_continuous_size': 28, 'attention_head_size': 3, 'learning_rate': 0.00944135965948352}. Best is trial 35 with value: 1974.6890869140625.
LOCAL_RANK: 0 - CUDA_VISIBLE_DEVICES: [0]
[I 2023-11-29 21:25:11,684] Trial 47 finished with value: 2332.229248046875 and parameters: {'gradient_clip_val': 0.17789455412510763, 'hidden_size': 149, 'dropout': 0.2584082819298196, 'hidden_continuous_size': 53, 'attention_head_size': 4, 'learning_rate': 0.005585884283193788}. Best is trial 35 with value: 1974.6890869140625.
LOCAL_RANK: 0 - CUDA_VISIBLE_DEVICES: [0]
[I 2023-11-29 21:25:25,795] Trial 48 finished with value: 2300.534423828125 and parameters: {'gradient_clip_val': 0.11917997702017963, 'hidden_size': 90, 'dropout': 0.29143519552104485, 'hidden_continuous_size': 38, 'attention_head_size': 3, 'learning_rate': 0.007200965822063462}. Best is trial 35 with value: 1974.6890869140625.
LOCAL_RANK: 0 - CUDA_VISIBLE_DEVICES: [0]
