[I 2023-11-30 07:08:32,834] Trial 124 finished with value: 6.954676151275635 and parameters: {'gradient_clip_val': 0.3282882934653769, 'hidden_size': 19, 'dropout': 0.22803093367011565, 'hidden_continuous_size': 13, 'attention_head_size': 2, 'learning_rate': 0.08624445273681546}. Best is trial 81 with value: 5.09924840927124.
LOCAL_RANK: 0 - CUDA_VISIBLE_DEVICES: [0]
[I 2023-11-30 07:08:45,348] Trial 125 finished with value: 6.75274133682251 and parameters: {'gradient_clip_val': 0.35861797770900816, 'hidden_size': 22, 'dropout': 0.21966919049897343, 'hidden_continuous_size': 12, 'attention_head_size': 2, 'learning_rate': 0.0805452141388003}. Best is trial 81 with value: 5.09924840927124.
LOCAL_RANK: 0 - CUDA_VISIBLE_DEVICES: [0]
[I 2023-11-30 07:08:57,682] Trial 126 finished with value: 5.965378284454346 and parameters: {'gradient_clip_val': 0.3431907543461844, 'hidden_size': 21, 'dropout': 0.22661340662138962, 'hidden_continuous_size': 17, 'attention_head_size': 2, 'learning_rate': 0.06346682043821321}. Best is trial 81 with value: 5.09924840927124.
LOCAL_RANK: 0 - CUDA_VISIBLE_DEVICES: [0]
[I 2023-11-30 07:09:10,079] Trial 127 finished with value: 5.910358428955078 and parameters: {'gradient_clip_val': 0.3715075913008515, 'hidden_size': 23, 'dropout': 0.20967933926343307, 'hidden_continuous_size': 13, 'attention_head_size': 2, 'learning_rate': 0.07096128373884443}. Best is trial 81 with value: 5.09924840927124.
LOCAL_RANK: 0 - CUDA_VISIBLE_DEVICES: [0]
[I 2023-11-30 07:09:22,325] Trial 128 finished with value: 6.015747547149658 and parameters: {'gradient_clip_val': 0.421458551796171, 'hidden_size': 21, 'dropout': 0.23199213797728266, 'hidden_continuous_size': 13, 'attention_head_size': 2, 'learning_rate': 0.09740015033415815}. Best is trial 81 with value: 5.09924840927124.
LOCAL_RANK: 0 - CUDA_VISIBLE_DEVICES: [0]
[I 2023-11-30 07:09:34,652] Trial 129 finished with value: 5.6349663734436035 and parameters: {'gradient_clip_val': 0.2805588363015537, 'hidden_size': 19, 'dropout': 0.21618840909499404, 'hidden_continuous_size': 13, 'attention_head_size': 4, 'learning_rate': 0.05713002632715109}. Best is trial 81 with value: 5.09924840927124.
LOCAL_RANK: 0 - CUDA_VISIBLE_DEVICES: [0]
[I 2023-11-30 07:09:47,213] Trial 130 finished with value: 6.632975101470947 and parameters: {'gradient_clip_val': 0.5118897011707785, 'hidden_size': 17, 'dropout': 0.20253005219619122, 'hidden_continuous_size': 10, 'attention_head_size': 3, 'learning_rate': 0.08372679335839}. Best is trial 81 with value: 5.09924840927124.
LOCAL_RANK: 0 - CUDA_VISIBLE_DEVICES: [0]
[I 2023-11-30 07:09:59,279] Trial 131 finished with value: 5.769131183624268 and parameters: {'gradient_clip_val': 0.8162123059759558, 'hidden_size': 24, 'dropout': 0.29420274619157843, 'hidden_continuous_size': 14, 'attention_head_size': 2, 'learning_rate': 0.048995049152741874}. Best is trial 81 with value: 5.09924840927124.
LOCAL_RANK: 0 - CUDA_VISIBLE_DEVICES: [0]
[I 2023-11-30 07:10:11,356] Trial 132 finished with value: 6.187161922454834 and parameters: {'gradient_clip_val': 0.484851316952613, 'hidden_size': 20, 'dropout': 0.2519885966321543, 'hidden_continuous_size': 13, 'attention_head_size': 2, 'learning_rate': 0.05265157488623473}. Best is trial 81 with value: 5.09924840927124.
LOCAL_RANK: 0 - CUDA_VISIBLE_DEVICES: [0]
[I 2023-11-30 07:10:23,622] Trial 133 finished with value: 6.241540431976318 and parameters: {'gradient_clip_val': 0.740469911168387, 'hidden_size': 22, 'dropout': 0.23485463240970675, 'hidden_continuous_size': 14, 'attention_head_size': 2, 'learning_rate': 0.06178090809343501}. Best is trial 81 with value: 5.09924840927124.
LOCAL_RANK: 0 - CUDA_VISIBLE_DEVICES: [0]
[I 2023-11-30 07:10:36,110] Trial 134 finished with value: 6.0225830078125 and parameters: {'gradient_clip_val': 0.9394257477543736, 'hidden_size': 32, 'dropout': 0.23887311516039672, 'hidden_continuous_size': 18, 'attention_head_size': 2, 'learning_rate': 0.07501429821915319}. Best is trial 81 with value: 5.09924840927124.
LOCAL_RANK: 0 - CUDA_VISIBLE_DEVICES: [0]
[I 2023-11-30 07:10:48,676] Trial 135 finished with value: 5.940996170043945 and parameters: {'gradient_clip_val': 0.3648261647035237, 'hidden_size': 27, 'dropout': 0.22344326201289755, 'hidden_continuous_size': 12, 'attention_head_size': 2, 'learning_rate': 0.038823867075544284}. Best is trial 81 with value: 5.09924840927124.
LOCAL_RANK: 0 - CUDA_VISIBLE_DEVICES: [0]
[I 2023-11-30 07:11:00,919] Trial 136 finished with value: 6.000278472900391 and parameters: {'gradient_clip_val': 0.40603108571428703, 'hidden_size': 23, 'dropout': 0.2507902198708574, 'hidden_continuous_size': 16, 'attention_head_size': 2, 'learning_rate': 0.09030571059886097}. Best is trial 81 with value: 5.09924840927124.
LOCAL_RANK: 0 - CUDA_VISIBLE_DEVICES: [0]
[I 2023-11-30 07:11:14,497] Trial 137 finished with value: 6.225244522094727 and parameters: {'gradient_clip_val': 0.31777909690603523, 'hidden_size': 82, 'dropout': 0.2651712083021389, 'hidden_continuous_size': 15, 'attention_head_size': 2, 'learning_rate': 0.07016275013833273}. Best is trial 81 with value: 5.09924840927124.
LOCAL_RANK: 0 - CUDA_VISIBLE_DEVICES: [0]
[I 2023-11-30 07:11:27,766] Trial 138 finished with value: 6.071080684661865 and parameters: {'gradient_clip_val': 0.3443163957346503, 'hidden_size': 57, 'dropout': 0.2453384739272986, 'hidden_continuous_size': 20, 'attention_head_size': 2, 'learning_rate': 0.043473110078933015}. Best is trial 81 with value: 5.09924840927124.
LOCAL_RANK: 0 - CUDA_VISIBLE_DEVICES: [0]
[I 2023-11-30 07:11:40,267] Trial 139 finished with value: 6.569606781005859 and parameters: {'gradient_clip_val': 0.6390842405574823, 'hidden_size': 25, 'dropout': 0.25669372913403743, 'hidden_continuous_size': 17, 'attention_head_size': 2, 'learning_rate': 0.05648843845082328}. Best is trial 81 with value: 5.09924840927124.
LOCAL_RANK: 0 - CUDA_VISIBLE_DEVICES: [0]
[I 2023-11-30 07:11:52,842] Trial 140 finished with value: 6.0788254737854 and parameters: {'gradient_clip_val': 0.4432923036087063, 'hidden_size': 18, 'dropout': 0.320699014731912, 'hidden_continuous_size': 17, 'attention_head_size': 2, 'learning_rate': 0.06346452749074005}. Best is trial 81 with value: 5.09924840927124.
LOCAL_RANK: 0 - CUDA_VISIBLE_DEVICES: [0]
[I 2023-11-30 07:12:05,011] Trial 141 finished with value: 5.885331630706787 and parameters: {'gradient_clip_val': 0.3769413349050682, 'hidden_size': 18, 'dropout': 0.24246366797957286, 'hidden_continuous_size': 13, 'attention_head_size': 2, 'learning_rate': 0.061684469959401626}. Best is trial 81 with value: 5.09924840927124.
LOCAL_RANK: 0 - CUDA_VISIBLE_DEVICES: [0]
[I 2023-11-30 07:12:17,181] Trial 142 finished with value: 5.8965935707092285 and parameters: {'gradient_clip_val': 0.37861368128240047, 'hidden_size': 16, 'dropout': 0.23329020180397683, 'hidden_continuous_size': 13, 'attention_head_size': 2, 'learning_rate': 0.04795548058244558}. Best is trial 81 with value: 5.09924840927124.
LOCAL_RANK: 0 - CUDA_VISIBLE_DEVICES: [0]
[I 2023-11-30 07:12:29,251] Trial 143 finished with value: 6.217899322509766 and parameters: {'gradient_clip_val': 0.3928998373711939, 'hidden_size': 20, 'dropout': 0.24118043004545278, 'hidden_continuous_size': 13, 'attention_head_size': 2, 'learning_rate': 0.07936124071826042}. Best is trial 81 with value: 5.09924840927124.
LOCAL_RANK: 0 - CUDA_VISIBLE_DEVICES: [0]
[I 2023-11-30 07:12:41,617] Trial 144 finished with value: 6.2533345222473145 and parameters: {'gradient_clip_val': 0.3588383165474038, 'hidden_size': 21, 'dropout': 0.2234840787281993, 'hidden_continuous_size': 14, 'attention_head_size': 2, 'learning_rate': 0.06895706976101378}. Best is trial 81 with value: 5.09924840927124.
LOCAL_RANK: 0 - CUDA_VISIBLE_DEVICES: [0]
[I 2023-11-30 07:12:54,236] Trial 145 finished with value: 6.319983005523682 and parameters: {'gradient_clip_val': 0.4177320557273473, 'hidden_size': 29, 'dropout': 0.23162657191131666, 'hidden_continuous_size': 11, 'attention_head_size': 2, 'learning_rate': 0.05312844503261886}. Best is trial 81 with value: 5.09924840927124.
LOCAL_RANK: 0 - CUDA_VISIBLE_DEVICES: [0]
[I 2023-11-30 07:13:07,002] Trial 146 finished with value: 6.1033477783203125 and parameters: {'gradient_clip_val': 0.33541780717020325, 'hidden_size': 41, 'dropout': 0.3405366173762383, 'hidden_continuous_size': 14, 'attention_head_size': 2, 'learning_rate': 0.07532658972004076}. Best is trial 81 with value: 5.09924840927124.
LOCAL_RANK: 0 - CUDA_VISIBLE_DEVICES: [0]
[I 2023-11-30 07:13:19,390] Trial 147 finished with value: 5.7279953956604 and parameters: {'gradient_clip_val': 0.7730541748100692, 'hidden_size': 19, 'dropout': 0.24874908722975902, 'hidden_continuous_size': 13, 'attention_head_size': 2, 'learning_rate': 0.05878242991266775}. Best is trial 81 with value: 5.09924840927124.
LOCAL_RANK: 0 - CUDA_VISIBLE_DEVICES: [0]
[I 2023-11-30 07:13:31,691] Trial 148 finished with value: 5.922897815704346 and parameters: {'gradient_clip_val': 0.457254358438293, 'hidden_size': 17, 'dropout': 0.23775725343363802, 'hidden_continuous_size': 13, 'attention_head_size': 2, 'learning_rate': 0.04529530085873802}. Best is trial 81 with value: 5.09924840927124.
LOCAL_RANK: 0 - CUDA_VISIBLE_DEVICES: [0]
[I 2023-11-30 07:13:44,246] Trial 149 finished with value: 5.435018062591553 and parameters: {'gradient_clip_val': 0.5493058183453955, 'hidden_size': 26, 'dropout': 0.2871550706300887, 'hidden_continuous_size': 12, 'attention_head_size': 4, 'learning_rate': 0.09948755241769959}. Best is trial 81 with value: 5.09924840927124.
[I 2023-11-30 07:13:44,357] A new study created in memory with name: no-name-4d128268-2336-4ed0-a2dc-66fb983674b6
/home/le004/conda/anaconda3/envs/tsff_env/lib/python3.9/site-packages/lightning/fabric/plugins/environments/slurm.py:191: The `srun` command is available on your system but is not used. HINT: If your intention is to run Lightning on SLURM, prepend your python command with `srun` like so: srun python /home/le004/master_thesis/git/TSFusionForecast/code/ ...
LOCAL_RANK: 0 - CUDA_VISIBLE_DEVICES: [0]
[I 2023-11-30 07:13:57,206] Trial 0 finished with value: 59.068450927734375 and parameters: {'gradient_clip_val': 0.15149989746177875, 'hidden_size': 34, 'dropout': 0.20231606027417548, 'hidden_continuous_size': 15, 'attention_head_size': 1, 'learning_rate': 0.0015856593590136997}. Best is trial 0 with value: 59.068450927734375.
LOCAL_RANK: 0 - CUDA_VISIBLE_DEVICES: [0]
[I 2023-11-30 07:14:11,239] Trial 1 finished with value: 29.105016708374023 and parameters: {'gradient_clip_val': 0.35764101179743435, 'hidden_size': 122, 'dropout': 0.2941086773529254, 'hidden_continuous_size': 15, 'attention_head_size': 3, 'learning_rate': 0.002015748976750265}. Best is trial 1 with value: 29.105016708374023.
LOCAL_RANK: 0 - CUDA_VISIBLE_DEVICES: [0]
[I 2023-11-30 07:14:24,030] Trial 2 finished with value: 12.954833984375 and parameters: {'gradient_clip_val': 0.14243728268710287, 'hidden_size': 52, 'dropout': 0.17695754243272882, 'hidden_continuous_size': 13, 'attention_head_size': 2, 'learning_rate': 0.018242640741617563}. Best is trial 2 with value: 12.954833984375.
LOCAL_RANK: 0 - CUDA_VISIBLE_DEVICES: [0]
[I 2023-11-30 07:14:38,073] Trial 3 finished with value: 18.089311599731445 and parameters: {'gradient_clip_val': 0.41411082676736954, 'hidden_size': 139, 'dropout': 0.29050449297177316, 'hidden_continuous_size': 12, 'attention_head_size': 1, 'learning_rate': 0.0018032276121030034}. Best is trial 2 with value: 12.954833984375.
LOCAL_RANK: 0 - CUDA_VISIBLE_DEVICES: [0]
[I 2023-11-30 07:14:50,658] Trial 4 finished with value: 67.49523162841797 and parameters: {'gradient_clip_val': 0.3073179347256925, 'hidden_size': 29, 'dropout': 0.2949689341639797, 'hidden_continuous_size': 18, 'attention_head_size': 3, 'learning_rate': 0.0012641674393330234}. Best is trial 2 with value: 12.954833984375.
LOCAL_RANK: 0 - CUDA_VISIBLE_DEVICES: [0]
[I 2023-11-30 07:15:04,814] Trial 5 finished with value: 9.726277351379395 and parameters: {'gradient_clip_val': 0.7855530994487243, 'hidden_size': 96, 'dropout': 0.15521200774034627, 'hidden_continuous_size': 82, 'attention_head_size': 1, 'learning_rate': 0.009628780388119129}. Best is trial 5 with value: 9.726277351379395.
LOCAL_RANK: 0 - CUDA_VISIBLE_DEVICES: [0]
[I 2023-11-30 07:15:18,730] Trial 6 finished with value: 29.06959342956543 and parameters: {'gradient_clip_val': 0.268410144463171, 'hidden_size': 104, 'dropout': 0.2191418588201717, 'hidden_continuous_size': 54, 'attention_head_size': 1, 'learning_rate': 0.0010229323316141123}. Best is trial 5 with value: 9.726277351379395.
LOCAL_RANK: 0 - CUDA_VISIBLE_DEVICES: [0]
[I 2023-11-30 07:15:31,427] Trial 7 finished with value: 28.89008331298828 and parameters: {'gradient_clip_val': 0.18876002272923104, 'hidden_size': 30, 'dropout': 0.15940784027202834, 'hidden_continuous_size': 20, 'attention_head_size': 2, 'learning_rate': 0.004238147535023075}. Best is trial 5 with value: 9.726277351379395.
LOCAL_RANK: 0 - CUDA_VISIBLE_DEVICES: [0]
[I 2023-11-30 07:15:44,278] Trial 8 finished with value: 14.68921184539795 and parameters: {'gradient_clip_val': 0.36932248350931957, 'hidden_size': 31, 'dropout': 0.21062267878376784, 'hidden_continuous_size': 29, 'attention_head_size': 3, 'learning_rate': 0.012146103713860275}. Best is trial 5 with value: 9.726277351379395.
LOCAL_RANK: 0 - CUDA_VISIBLE_DEVICES: [0]
[I 2023-11-30 07:15:58,622] Trial 9 finished with value: 11.829124450683594 and parameters: {'gradient_clip_val': 0.16164962531357566, 'hidden_size': 146, 'dropout': 0.2914584463588371, 'hidden_continuous_size': 29, 'attention_head_size': 3, 'learning_rate': 0.003845955979610055}. Best is trial 5 with value: 9.726277351379395.
LOCAL_RANK: 0 - CUDA_VISIBLE_DEVICES: [0]
[I 2023-11-30 07:16:11,263] Trial 10 finished with value: 11.301891326904297 and parameters: {'gradient_clip_val': 0.7676684223202572, 'hidden_size': 13, 'dropout': 0.10378947804622826, 'hidden_continuous_size': 10, 'attention_head_size': 4, 'learning_rate': 0.05427219941932077}. Best is trial 5 with value: 9.726277351379395.
LOCAL_RANK: 0 - CUDA_VISIBLE_DEVICES: [0]
[I 2023-11-30 07:16:21,870] Trial 11 finished with value: 25.539108276367188 and parameters: {'gradient_clip_val': 0.787590703383159, 'hidden_size': 10, 'dropout': 0.10141749068238931, 'hidden_continuous_size': 10, 'attention_head_size': 4, 'learning_rate': 0.059840092443690804}. Best is trial 5 with value: 9.726277351379395.
LOCAL_RANK: 0 - CUDA_VISIBLE_DEVICES: [0]
[I 2023-11-30 07:16:34,401] Trial 12 finished with value: 13.637748718261719 and parameters: {'gradient_clip_val': 0.9998775946732674, 'hidden_size': 15, 'dropout': 0.10174644040155754, 'hidden_continuous_size': 10, 'attention_head_size': 4, 'learning_rate': 0.0977526494981285}. Best is trial 5 with value: 9.726277351379395.
LOCAL_RANK: 0 - CUDA_VISIBLE_DEVICES: [0]
[I 2023-11-30 07:16:48,489] Trial 13 finished with value: 9.490065574645996 and parameters: {'gradient_clip_val': 0.6143102315985932, 'hidden_size': 69, 'dropout': 0.35969951130091327, 'hidden_continuous_size': 65, 'attention_head_size': 2, 'learning_rate': 0.03052182201998304}. Best is trial 13 with value: 9.490065574645996.
LOCAL_RANK: 0 - CUDA_VISIBLE_DEVICES: [0]
[I 2023-11-30 07:17:02,735] Trial 14 finished with value: 11.514381408691406 and parameters: {'gradient_clip_val': 0.5677176120768185, 'hidden_size': 77, 'dropout': 0.39093955305363676, 'hidden_continuous_size': 74, 'attention_head_size': 2, 'learning_rate': 0.023127711768933405}. Best is trial 13 with value: 9.490065574645996.
LOCAL_RANK: 0 - CUDA_VISIBLE_DEVICES: [0]
[I 2023-11-30 07:17:16,878] Trial 15 finished with value: 10.746500968933105 and parameters: {'gradient_clip_val': 0.5348671107116031, 'hidden_size': 77, 'dropout': 0.3699646743640007, 'hidden_continuous_size': 74, 'attention_head_size': 1, 'learning_rate': 0.007463309295082411}. Best is trial 13 with value: 9.490065574645996.
LOCAL_RANK: 0 - CUDA_VISIBLE_DEVICES: [0]
[I 2023-11-30 07:17:30,489] Trial 16 finished with value: 10.479840278625488 and parameters: {'gradient_clip_val': 0.5191312679278426, 'hidden_size': 58, 'dropout': 0.3604677195810536, 'hidden_continuous_size': 43, 'attention_head_size': 2, 'learning_rate': 0.02674764189144878}. Best is trial 13 with value: 9.490065574645996.
LOCAL_RANK: 0 - CUDA_VISIBLE_DEVICES: [0]
[I 2023-11-30 07:17:44,636] Trial 17 finished with value: 9.833008766174316 and parameters: {'gradient_clip_val': 0.6909730180367276, 'hidden_size': 85, 'dropout': 0.33811112567310064, 'hidden_continuous_size': 84, 'attention_head_size': 1, 'learning_rate': 0.010018570985001715}. Best is trial 13 with value: 9.490065574645996.
LOCAL_RANK: 0 - CUDA_VISIBLE_DEVICES: [0]
[I 2023-11-30 07:17:58,285] Trial 18 finished with value: 9.205708503723145 and parameters: {'gradient_clip_val': 0.10590362772471491, 'hidden_size': 53, 'dropout': 0.2534341203867178, 'hidden_continuous_size': 43, 'attention_head_size': 2, 'learning_rate': 0.033480483915689065}. Best is trial 18 with value: 9.205708503723145.
LOCAL_RANK: 0 - CUDA_VISIBLE_DEVICES: [0]
[I 2023-11-30 07:18:11,372] Trial 19 finished with value: 9.582664489746094 and parameters: {'gradient_clip_val': 0.10480158361943365, 'hidden_size': 45, 'dropout': 0.2545457129607782, 'hidden_continuous_size': 29, 'attention_head_size': 2, 'learning_rate': 0.03590770225462921}. Best is trial 18 with value: 9.205708503723145.
LOCAL_RANK: 0 - CUDA_VISIBLE_DEVICES: [0]
[I 2023-11-30 07:18:24,816] Trial 20 finished with value: 9.830904960632324 and parameters: {'gradient_clip_val': 0.26026691810669533, 'hidden_size': 64, 'dropout': 0.26013226378985277, 'hidden_continuous_size': 42, 'attention_head_size': 2, 'learning_rate': 0.03910355058109629}. Best is trial 18 with value: 9.205708503723145.
LOCAL_RANK: 0 - CUDA_VISIBLE_DEVICES: [0]
[I 2023-11-30 07:18:37,939] Trial 21 finished with value: 8.42471981048584 and parameters: {'gradient_clip_val': 0.10890690279462226, 'hidden_size': 48, 'dropout': 0.3274182527056927, 'hidden_continuous_size': 27, 'attention_head_size': 2, 'learning_rate': 0.03670554082192984}. Best is trial 21 with value: 8.42471981048584.
LOCAL_RANK: 0 - CUDA_VISIBLE_DEVICES: [0]
[I 2023-11-30 07:18:50,890] Trial 22 finished with value: 11.222846984863281 and parameters: {'gradient_clip_val': 0.10368444388080279, 'hidden_size': 44, 'dropout': 0.32992016395615315, 'hidden_continuous_size': 27, 'attention_head_size': 2, 'learning_rate': 0.019068229745768994}. Best is trial 21 with value: 8.42471981048584.
LOCAL_RANK: 0 - CUDA_VISIBLE_DEVICES: [0]
[I 2023-11-30 07:19:04,580] Trial 23 finished with value: 8.521628379821777 and parameters: {'gradient_clip_val': 0.11800811470325641, 'hidden_size': 66, 'dropout': 0.39390238123796667, 'hidden_continuous_size': 36, 'attention_head_size': 2, 'learning_rate': 0.03217615066638916}. Best is trial 21 with value: 8.42471981048584.
LOCAL_RANK: 0 - CUDA_VISIBLE_DEVICES: [0]
[I 2023-11-30 07:19:17,921] Trial 24 finished with value: 9.376982688903809 and parameters: {'gradient_clip_val': 0.12093065514456677, 'hidden_size': 53, 'dropout': 0.3961111525075197, 'hidden_continuous_size': 35, 'attention_head_size': 3, 'learning_rate': 0.049224603678641995}. Best is trial 21 with value: 8.42471981048584.
LOCAL_RANK: 0 - CUDA_VISIBLE_DEVICES: [0]
[I 2023-11-30 07:19:30,948] Trial 25 finished with value: 10.28000545501709 and parameters: {'gradient_clip_val': 0.11330815041427747, 'hidden_size': 43, 'dropout': 0.32494717259803374, 'hidden_continuous_size': 27, 'attention_head_size': 2, 'learning_rate': 0.07725723629129122}. Best is trial 21 with value: 8.42471981048584.
LOCAL_RANK: 0 - CUDA_VISIBLE_DEVICES: [0]
[I 2023-11-30 07:19:44,429] Trial 26 finished with value: 8.779678344726562 and parameters: {'gradient_clip_val': 0.13508632998521689, 'hidden_size': 64, 'dropout': 0.3751457112629658, 'hidden_continuous_size': 38, 'attention_head_size': 3, 'learning_rate': 0.040330827756207055}. Best is trial 21 with value: 8.42471981048584.
LOCAL_RANK: 0 - CUDA_VISIBLE_DEVICES: [0]
[I 2023-11-30 07:19:57,974] Trial 27 finished with value: 9.666675567626953 and parameters: {'gradient_clip_val': 0.12676348176925803, 'hidden_size': 67, 'dropout': 0.3999080847258586, 'hidden_continuous_size': 23, 'attention_head_size': 3, 'learning_rate': 0.049501086554058556}. Best is trial 21 with value: 8.42471981048584.
LOCAL_RANK: 0 - CUDA_VISIBLE_DEVICES: [0]
[I 2023-11-30 07:20:12,086] Trial 28 finished with value: 8.829737663269043 and parameters: {'gradient_clip_val': 0.18409421195315245, 'hidden_size': 103, 'dropout': 0.3692057218824424, 'hidden_continuous_size': 37, 'attention_head_size': 3, 'learning_rate': 0.06573099598247603}. Best is trial 21 with value: 8.42471981048584.
LOCAL_RANK: 0 - CUDA_VISIBLE_DEVICES: [0]
[I 2023-11-30 07:20:25,055] Trial 29 finished with value: 10.47948932647705 and parameters: {'gradient_clip_val': 0.14188760655588153, 'hidden_size': 39, 'dropout': 0.3454852222254631, 'hidden_continuous_size': 26, 'attention_head_size': 3, 'learning_rate': 0.04196621666737692}. Best is trial 21 with value: 8.42471981048584.
LOCAL_RANK: 0 - CUDA_VISIBLE_DEVICES: [0]
[I 2023-11-30 07:20:39,059] Trial 30 finished with value: 8.94437026977539 and parameters: {'gradient_clip_val': 0.12584483475115849, 'hidden_size': 87, 'dropout': 0.37995514965130966, 'hidden_continuous_size': 34, 'attention_head_size': 4, 'learning_rate': 0.0887699996761717}. Best is trial 21 with value: 8.42471981048584.
LOCAL_RANK: 0 - CUDA_VISIBLE_DEVICES: [0]
[I 2023-11-30 07:20:53,786] Trial 31 finished with value: 10.374809265136719 and parameters: {'gradient_clip_val': 0.17795069519310072, 'hidden_size': 111, 'dropout': 0.373952806571989, 'hidden_continuous_size': 108, 'attention_head_size': 3, 'learning_rate': 0.0697894297645753}. Best is trial 21 with value: 8.42471981048584.
LOCAL_RANK: 0 - CUDA_VISIBLE_DEVICES: [0]
