[I 2023-11-30 13:19:06,959] Trial 111 finished with value: 4.56549072265625 and parameters: {'gradient_clip_val': 0.5338505611938874, 'hidden_size': 59, 'dropout': 0.3006109482580073, 'hidden_continuous_size': 29, 'attention_head_size': 2, 'learning_rate': 0.05606806856245803}. Best is trial 84 with value: 3.5713183879852295.
LOCAL_RANK: 0 - CUDA_VISIBLE_DEVICES: [0]
[I 2023-11-30 13:19:20,517] Trial 112 finished with value: 5.2034010887146 and parameters: {'gradient_clip_val': 0.504006155757004, 'hidden_size': 67, 'dropout': 0.27804165463893765, 'hidden_continuous_size': 27, 'attention_head_size': 2, 'learning_rate': 0.06458383231810733}. Best is trial 84 with value: 3.5713183879852295.
LOCAL_RANK: 0 - CUDA_VISIBLE_DEVICES: [0]
[I 2023-11-30 13:19:34,120] Trial 113 finished with value: 3.8472061157226562 and parameters: {'gradient_clip_val': 0.4081313699292213, 'hidden_size': 75, 'dropout': 0.2879280794087804, 'hidden_continuous_size': 25, 'attention_head_size': 2, 'learning_rate': 0.04969191009921609}. Best is trial 84 with value: 3.5713183879852295.
LOCAL_RANK: 0 - CUDA_VISIBLE_DEVICES: [0]
[I 2023-11-30 13:19:47,531] Trial 114 finished with value: 4.084352016448975 and parameters: {'gradient_clip_val': 0.40932141302419867, 'hidden_size': 80, 'dropout': 0.3118172629806363, 'hidden_continuous_size': 22, 'attention_head_size': 2, 'learning_rate': 0.036978491169944304}. Best is trial 84 with value: 3.5713183879852295.
LOCAL_RANK: 0 - CUDA_VISIBLE_DEVICES: [0]
[I 2023-11-30 13:20:01,156] Trial 115 finished with value: 3.9302637577056885 and parameters: {'gradient_clip_val': 0.3571231786889303, 'hidden_size': 74, 'dropout': 0.26424884800311765, 'hidden_continuous_size': 26, 'attention_head_size': 2, 'learning_rate': 0.041404769596688026}. Best is trial 84 with value: 3.5713183879852295.
LOCAL_RANK: 0 - CUDA_VISIBLE_DEVICES: [0]
[I 2023-11-30 13:20:14,857] Trial 116 finished with value: 3.8348236083984375 and parameters: {'gradient_clip_val': 0.3509381387826618, 'hidden_size': 75, 'dropout': 0.26034433435000515, 'hidden_continuous_size': 25, 'attention_head_size': 2, 'learning_rate': 0.04013974433240683}. Best is trial 84 with value: 3.5713183879852295.
LOCAL_RANK: 0 - CUDA_VISIBLE_DEVICES: [0]
[I 2023-11-30 13:20:28,439] Trial 117 finished with value: 4.527350902557373 and parameters: {'gradient_clip_val': 0.3515264143668892, 'hidden_size': 77, 'dropout': 0.2528003230103422, 'hidden_continuous_size': 25, 'attention_head_size': 2, 'learning_rate': 0.040219977413806}. Best is trial 84 with value: 3.5713183879852295.
LOCAL_RANK: 0 - CUDA_VISIBLE_DEVICES: [0]
[I 2023-11-30 13:20:42,055] Trial 118 finished with value: 3.6607065200805664 and parameters: {'gradient_clip_val': 0.44428911899115325, 'hidden_size': 73, 'dropout': 0.26577156108000993, 'hidden_continuous_size': 26, 'attention_head_size': 2, 'learning_rate': 0.030072252783687418}. Best is trial 84 with value: 3.5713183879852295.
LOCAL_RANK: 0 - CUDA_VISIBLE_DEVICES: [0]
[I 2023-11-30 13:20:55,642] Trial 119 finished with value: 3.884352922439575 and parameters: {'gradient_clip_val': 0.44030424163591153, 'hidden_size': 71, 'dropout': 0.2659798851696958, 'hidden_continuous_size': 26, 'attention_head_size': 2, 'learning_rate': 0.04271642652282448}. Best is trial 84 with value: 3.5713183879852295.
LOCAL_RANK: 0 - CUDA_VISIBLE_DEVICES: [0]
[I 2023-11-30 13:21:09,100] Trial 120 finished with value: 5.326678276062012 and parameters: {'gradient_clip_val': 0.43241103216498433, 'hidden_size': 84, 'dropout': 0.2558334375541625, 'hidden_continuous_size': 23, 'attention_head_size': 2, 'learning_rate': 0.03591458898584111}. Best is trial 84 with value: 3.5713183879852295.
LOCAL_RANK: 0 - CUDA_VISIBLE_DEVICES: [0]
[I 2023-11-30 13:21:22,755] Trial 121 finished with value: 5.939586639404297 and parameters: {'gradient_clip_val': 0.40294766046326647, 'hidden_size': 72, 'dropout': 0.2629974195200931, 'hidden_continuous_size': 25, 'attention_head_size': 2, 'learning_rate': 0.026969221228538575}. Best is trial 84 with value: 3.5713183879852295.
LOCAL_RANK: 0 - CUDA_VISIBLE_DEVICES: [0]
[I 2023-11-30 13:21:36,296] Trial 122 finished with value: 5.347446918487549 and parameters: {'gradient_clip_val': 0.46136632032541824, 'hidden_size': 74, 'dropout': 0.26276835257950826, 'hidden_continuous_size': 26, 'attention_head_size': 2, 'learning_rate': 0.0299570947511341}. Best is trial 84 with value: 3.5713183879852295.
LOCAL_RANK: 0 - CUDA_VISIBLE_DEVICES: [0]
[I 2023-11-30 13:21:49,878] Trial 123 finished with value: 4.867292404174805 and parameters: {'gradient_clip_val': 0.3695963120963625, 'hidden_size': 78, 'dropout': 0.2689468360053818, 'hidden_continuous_size': 26, 'attention_head_size': 2, 'learning_rate': 0.032250026704212974}. Best is trial 84 with value: 3.5713183879852295.
LOCAL_RANK: 0 - CUDA_VISIBLE_DEVICES: [0]
[I 2023-11-30 13:22:03,347] Trial 124 finished with value: 4.0818352699279785 and parameters: {'gradient_clip_val': 0.4483062792354356, 'hidden_size': 63, 'dropout': 0.24393821409614616, 'hidden_continuous_size': 24, 'attention_head_size': 2, 'learning_rate': 0.04254512979110697}. Best is trial 84 with value: 3.5713183879852295.
LOCAL_RANK: 0 - CUDA_VISIBLE_DEVICES: [0]
[I 2023-11-30 13:22:16,894] Trial 125 finished with value: 6.082029819488525 and parameters: {'gradient_clip_val': 0.3423423304819112, 'hidden_size': 70, 'dropout': 0.2574513088702174, 'hidden_continuous_size': 25, 'attention_head_size': 2, 'learning_rate': 0.034077767289864946}. Best is trial 84 with value: 3.5713183879852295.
LOCAL_RANK: 0 - CUDA_VISIBLE_DEVICES: [0]
[I 2023-11-30 13:22:30,665] Trial 126 finished with value: 4.522324085235596 and parameters: {'gradient_clip_val': 0.41468888300312384, 'hidden_size': 88, 'dropout': 0.27075484961145785, 'hidden_continuous_size': 21, 'attention_head_size': 2, 'learning_rate': 0.0465613049087742}. Best is trial 84 with value: 3.5713183879852295.
LOCAL_RANK: 0 - CUDA_VISIBLE_DEVICES: [0]
[I 2023-11-30 13:22:44,340] Trial 127 finished with value: 3.779940366744995 and parameters: {'gradient_clip_val': 0.39357266287485815, 'hidden_size': 81, 'dropout': 0.2445493353402775, 'hidden_continuous_size': 23, 'attention_head_size': 2, 'learning_rate': 0.040858322954889295}. Best is trial 84 with value: 3.5713183879852295.
LOCAL_RANK: 0 - CUDA_VISIBLE_DEVICES: [0]
[I 2023-11-30 13:22:57,871] Trial 128 finished with value: 4.177842140197754 and parameters: {'gradient_clip_val': 0.4781422439830211, 'hidden_size': 80, 'dropout': 0.23963829332111675, 'hidden_continuous_size': 23, 'attention_head_size': 2, 'learning_rate': 0.03853157080024854}. Best is trial 84 with value: 3.5713183879852295.
LOCAL_RANK: 0 - CUDA_VISIBLE_DEVICES: [0]
[I 2023-11-30 13:23:11,531] Trial 129 finished with value: 4.257005214691162 and parameters: {'gradient_clip_val': 0.39038893132142344, 'hidden_size': 92, 'dropout': 0.2293908693825663, 'hidden_continuous_size': 22, 'attention_head_size': 2, 'learning_rate': 0.023535790402511702}. Best is trial 84 with value: 3.5713183879852295.
LOCAL_RANK: 0 - CUDA_VISIBLE_DEVICES: [0]
[I 2023-11-30 13:23:24,994] Trial 130 finished with value: 4.315842628479004 and parameters: {'gradient_clip_val': 0.4410156277431464, 'hidden_size': 62, 'dropout': 0.2509314280424485, 'hidden_continuous_size': 24, 'attention_head_size': 2, 'learning_rate': 0.04738329971534577}. Best is trial 84 with value: 3.5713183879852295.
LOCAL_RANK: 0 - CUDA_VISIBLE_DEVICES: [0]
[I 2023-11-30 13:23:38,696] Trial 131 finished with value: 3.9971189498901367 and parameters: {'gradient_clip_val': 0.3591087505641015, 'hidden_size': 74, 'dropout': 0.2766590433921266, 'hidden_continuous_size': 26, 'attention_head_size': 2, 'learning_rate': 0.031649820622990196}. Best is trial 84 with value: 3.5713183879852295.
LOCAL_RANK: 0 - CUDA_VISIBLE_DEVICES: [0]
[I 2023-11-30 13:23:52,356] Trial 132 finished with value: 4.9736127853393555 and parameters: {'gradient_clip_val': 0.328927276192396, 'hidden_size': 84, 'dropout': 0.2649821621411592, 'hidden_continuous_size': 28, 'attention_head_size': 2, 'learning_rate': 0.0424383553063273}. Best is trial 84 with value: 3.5713183879852295.
LOCAL_RANK: 0 - CUDA_VISIBLE_DEVICES: [0]
[I 2023-11-30 13:24:05,726] Trial 133 finished with value: 4.253281116485596 and parameters: {'gradient_clip_val': 0.4192131913362864, 'hidden_size': 70, 'dropout': 0.24757034163426733, 'hidden_continuous_size': 27, 'attention_head_size': 2, 'learning_rate': 0.036183291150625664}. Best is trial 84 with value: 3.5713183879852295.
LOCAL_RANK: 0 - CUDA_VISIBLE_DEVICES: [0]
[I 2023-11-30 13:24:19,357] Trial 134 finished with value: 4.071880340576172 and parameters: {'gradient_clip_val': 0.3814325129701832, 'hidden_size': 77, 'dropout': 0.284887368978645, 'hidden_continuous_size': 25, 'attention_head_size': 2, 'learning_rate': 0.033688742625812215}. Best is trial 84 with value: 3.5713183879852295.
LOCAL_RANK: 0 - CUDA_VISIBLE_DEVICES: [0]
[I 2023-11-30 13:24:32,917] Trial 135 finished with value: 4.241819858551025 and parameters: {'gradient_clip_val': 0.49347070164306717, 'hidden_size': 96, 'dropout': 0.2692132308765406, 'hidden_continuous_size': 30, 'attention_head_size': 2, 'learning_rate': 0.026736817876255568}. Best is trial 84 with value: 3.5713183879852295.
LOCAL_RANK: 0 - CUDA_VISIBLE_DEVICES: [0]
[I 2023-11-30 13:24:46,701] Trial 136 finished with value: 4.009442329406738 and parameters: {'gradient_clip_val': 0.4663724788887822, 'hidden_size': 82, 'dropout': 0.2592104341781105, 'hidden_continuous_size': 23, 'attention_head_size': 2, 'learning_rate': 0.044488155967381635}. Best is trial 84 with value: 3.5713183879852295.
LOCAL_RANK: 0 - CUDA_VISIBLE_DEVICES: [0]
[I 2023-11-30 13:25:00,179] Trial 137 finished with value: 4.097116947174072 and parameters: {'gradient_clip_val': 0.4070850332846646, 'hidden_size': 68, 'dropout': 0.2790803558115103, 'hidden_continuous_size': 24, 'attention_head_size': 2, 'learning_rate': 0.049449983480590876}. Best is trial 84 with value: 3.5713183879852295.
LOCAL_RANK: 0 - CUDA_VISIBLE_DEVICES: [0]
[I 2023-11-30 13:25:13,676] Trial 138 finished with value: 5.037159442901611 and parameters: {'gradient_clip_val': 0.4369704928495309, 'hidden_size': 88, 'dropout': 0.22017231428277523, 'hidden_continuous_size': 21, 'attention_head_size': 2, 'learning_rate': 0.03954716806491275}. Best is trial 84 with value: 3.5713183879852295.
LOCAL_RANK: 0 - CUDA_VISIBLE_DEVICES: [0]
[I 2023-11-30 13:25:27,120] Trial 139 finished with value: 3.76263427734375 and parameters: {'gradient_clip_val': 0.37030196851382924, 'hidden_size': 58, 'dropout': 0.2425813681406493, 'hidden_continuous_size': 25, 'attention_head_size': 2, 'learning_rate': 0.09976247213825486}. Best is trial 84 with value: 3.5713183879852295.
LOCAL_RANK: 0 - CUDA_VISIBLE_DEVICES: [0]
[I 2023-11-30 13:25:40,410] Trial 140 finished with value: 3.548311233520508 and parameters: {'gradient_clip_val': 0.39608215577112715, 'hidden_size': 57, 'dropout': 0.24219677935527487, 'hidden_continuous_size': 24, 'attention_head_size': 2, 'learning_rate': 0.0878027449616263}. Best is trial 140 with value: 3.548311233520508.
LOCAL_RANK: 0 - CUDA_VISIBLE_DEVICES: [0]
[I 2023-11-30 13:25:53,765] Trial 141 finished with value: 3.568364381790161 and parameters: {'gradient_clip_val': 0.3936951565977578, 'hidden_size': 64, 'dropout': 0.24042221383866685, 'hidden_continuous_size': 24, 'attention_head_size': 2, 'learning_rate': 0.09446055339373327}. Best is trial 140 with value: 3.548311233520508.
LOCAL_RANK: 0 - CUDA_VISIBLE_DEVICES: [0]
[I 2023-11-30 13:26:07,168] Trial 142 finished with value: 6.689295291900635 and parameters: {'gradient_clip_val': 0.39467764190430227, 'hidden_size': 57, 'dropout': 0.2477210148784792, 'hidden_continuous_size': 24, 'attention_head_size': 2, 'learning_rate': 0.09210208938883147}. Best is trial 140 with value: 3.548311233520508.
LOCAL_RANK: 0 - CUDA_VISIBLE_DEVICES: [0]
[I 2023-11-30 13:26:20,418] Trial 143 finished with value: 4.145486354827881 and parameters: {'gradient_clip_val': 0.3706229251489192, 'hidden_size': 54, 'dropout': 0.23613397764586574, 'hidden_continuous_size': 25, 'attention_head_size': 2, 'learning_rate': 0.08646702717730456}. Best is trial 140 with value: 3.548311233520508.
LOCAL_RANK: 0 - CUDA_VISIBLE_DEVICES: [0]
[I 2023-11-30 13:26:33,730] Trial 144 finished with value: 3.9362125396728516 and parameters: {'gradient_clip_val': 0.34759890004026384, 'hidden_size': 60, 'dropout': 0.23101780084008616, 'hidden_continuous_size': 23, 'attention_head_size': 2, 'learning_rate': 0.08070421317579426}. Best is trial 140 with value: 3.548311233520508.
LOCAL_RANK: 0 - CUDA_VISIBLE_DEVICES: [0]
[I 2023-11-30 13:26:47,215] Trial 145 finished with value: 3.8611152172088623 and parameters: {'gradient_clip_val': 0.3987212854155142, 'hidden_size': 63, 'dropout': 0.24023115063874778, 'hidden_continuous_size': 26, 'attention_head_size': 2, 'learning_rate': 0.09368082896143284}. Best is trial 140 with value: 3.548311233520508.
LOCAL_RANK: 0 - CUDA_VISIBLE_DEVICES: [0]
[I 2023-11-30 13:27:00,562] Trial 146 finished with value: 4.264245510101318 and parameters: {'gradient_clip_val': 0.3166055737292125, 'hidden_size': 63, 'dropout': 0.24192940131964763, 'hidden_continuous_size': 22, 'attention_head_size': 2, 'learning_rate': 0.09954333842986653}. Best is trial 140 with value: 3.548311233520508.
LOCAL_RANK: 0 - CUDA_VISIBLE_DEVICES: [0]
[I 2023-11-30 13:27:14,180] Trial 147 finished with value: 4.136146068572998 and parameters: {'gradient_clip_val': 0.3875938653611642, 'hidden_size': 59, 'dropout': 0.22434263350595457, 'hidden_continuous_size': 25, 'attention_head_size': 2, 'learning_rate': 0.08092470132769983}. Best is trial 140 with value: 3.548311233520508.
LOCAL_RANK: 0 - CUDA_VISIBLE_DEVICES: [0]
[I 2023-11-30 13:27:27,613] Trial 148 finished with value: 3.989130735397339 and parameters: {'gradient_clip_val': 0.33900106113065487, 'hidden_size': 63, 'dropout': 0.23904330261494577, 'hidden_continuous_size': 24, 'attention_head_size': 2, 'learning_rate': 0.09969298902954059}. Best is trial 140 with value: 3.548311233520508.
LOCAL_RANK: 0 - CUDA_VISIBLE_DEVICES: [0]
[I 2023-11-30 13:27:40,659] Trial 149 finished with value: 4.139898300170898 and parameters: {'gradient_clip_val': 0.4217801985737863, 'hidden_size': 52, 'dropout': 0.21486024931633915, 'hidden_continuous_size': 23, 'attention_head_size': 2, 'learning_rate': 0.07722221668849864}. Best is trial 140 with value: 3.548311233520508.
[I 2023-11-30 13:27:40,785] A new study created in memory with name: no-name-eaf616d8-0bea-4e0d-9548-86e3ca3c0230
/home/le004/conda/anaconda3/envs/tsff_env/lib/python3.9/site-packages/lightning/fabric/plugins/environments/slurm.py:191: The `srun` command is available on your system but is not used. HINT: If your intention is to run Lightning on SLURM, prepend your python command with `srun` like so: srun python /home/le004/master_thesis/git/TSFusionForecast/code/ ...
LOCAL_RANK: 0 - CUDA_VISIBLE_DEVICES: [0]
[I 2023-11-30 13:27:54,674] Trial 0 finished with value: 8.007240295410156 and parameters: {'gradient_clip_val': 0.10399351339530935, 'hidden_size': 100, 'dropout': 0.10079977684746373, 'hidden_continuous_size': 59, 'attention_head_size': 2, 'learning_rate': 0.003090355657633316}. Best is trial 0 with value: 8.007240295410156.
LOCAL_RANK: 0 - CUDA_VISIBLE_DEVICES: [0]
[I 2023-11-30 13:28:07,210] Trial 1 finished with value: 6.019132137298584 and parameters: {'gradient_clip_val': 0.20792653954019868, 'hidden_size': 22, 'dropout': 0.19112726624009663, 'hidden_continuous_size': 21, 'attention_head_size': 1, 'learning_rate': 0.05329496304368098}. Best is trial 1 with value: 6.019132137298584.
LOCAL_RANK: 0 - CUDA_VISIBLE_DEVICES: [0]
[I 2023-11-30 13:28:19,608] Trial 2 finished with value: 11.512251853942871 and parameters: {'gradient_clip_val': 0.11884452251182032, 'hidden_size': 23, 'dropout': 0.37004959395414927, 'hidden_continuous_size': 11, 'attention_head_size': 2, 'learning_rate': 0.016070982210466458}. Best is trial 1 with value: 6.019132137298584.
LOCAL_RANK: 0 - CUDA_VISIBLE_DEVICES: [0]
[I 2023-11-30 13:28:32,153] Trial 3 finished with value: 5.642277240753174 and parameters: {'gradient_clip_val': 0.11541640757608165, 'hidden_size': 25, 'dropout': 0.18590725926937177, 'hidden_continuous_size': 20, 'attention_head_size': 3, 'learning_rate': 0.043749898674510734}. Best is trial 3 with value: 5.642277240753174.
LOCAL_RANK: 0 - CUDA_VISIBLE_DEVICES: [0]
[I 2023-11-30 13:28:44,838] Trial 4 finished with value: 16.34471893310547 and parameters: {'gradient_clip_val': 0.3466709784512663, 'hidden_size': 44, 'dropout': 0.2576263577554063, 'hidden_continuous_size': 19, 'attention_head_size': 1, 'learning_rate': 0.0015838802433111056}. Best is trial 3 with value: 5.642277240753174.
LOCAL_RANK: 0 - CUDA_VISIBLE_DEVICES: [0]
[I 2023-11-30 13:28:59,353] Trial 5 finished with value: 5.922213077545166 and parameters: {'gradient_clip_val': 0.13701999202278242, 'hidden_size': 105, 'dropout': 0.20648837884132348, 'hidden_continuous_size': 97, 'attention_head_size': 3, 'learning_rate': 0.00784502917171761}. Best is trial 3 with value: 5.642277240753174.
LOCAL_RANK: 0 - CUDA_VISIBLE_DEVICES: [0]
[I 2023-11-30 13:29:11,621] Trial 6 finished with value: 9.255653381347656 and parameters: {'gradient_clip_val': 0.5212053645729757, 'hidden_size': 13, 'dropout': 0.24959221385845776, 'hidden_continuous_size': 10, 'attention_head_size': 2, 'learning_rate': 0.042261853252649126}. Best is trial 3 with value: 5.642277240753174.
LOCAL_RANK: 0 - CUDA_VISIBLE_DEVICES: [0]
[I 2023-11-30 13:29:25,643] Trial 7 finished with value: 6.253379821777344 and parameters: {'gradient_clip_val': 0.13561210087735978, 'hidden_size': 116, 'dropout': 0.1534147468569496, 'hidden_continuous_size': 35, 'attention_head_size': 1, 'learning_rate': 0.010339036249089762}. Best is trial 3 with value: 5.642277240753174.
LOCAL_RANK: 0 - CUDA_VISIBLE_DEVICES: [0]
[I 2023-11-30 13:29:37,938] Trial 8 finished with value: 14.087357521057129 and parameters: {'gradient_clip_val': 0.13848605781148626, 'hidden_size': 22, 'dropout': 0.3116287990676362, 'hidden_continuous_size': 14, 'attention_head_size': 3, 'learning_rate': 0.008349457107597201}. Best is trial 3 with value: 5.642277240753174.
LOCAL_RANK: 0 - CUDA_VISIBLE_DEVICES: [0]
[I 2023-11-30 13:29:50,844] Trial 9 finished with value: 15.242497444152832 and parameters: {'gradient_clip_val': 0.386003998097692, 'hidden_size': 35, 'dropout': 0.32009894120600746, 'hidden_continuous_size': 13, 'attention_head_size': 4, 'learning_rate': 0.002346641391544896}. Best is trial 3 with value: 5.642277240753174.
LOCAL_RANK: 0 - CUDA_VISIBLE_DEVICES: [0]
[I 2023-11-30 13:30:03,245] Trial 10 finished with value: 12.165886878967285 and parameters: {'gradient_clip_val': 0.9873357464195359, 'hidden_size': 11, 'dropout': 0.10064299477447289, 'hidden_continuous_size': 10, 'attention_head_size': 4, 'learning_rate': 0.0816790067835107}. Best is trial 3 with value: 5.642277240753174.
LOCAL_RANK: 0 - CUDA_VISIBLE_DEVICES: [0]
[I 2023-11-30 13:30:17,647] Trial 11 finished with value: 4.957417011260986 and parameters: {'gradient_clip_val': 0.190365686065705, 'hidden_size': 72, 'dropout': 0.19703232548473998, 'hidden_continuous_size': 71, 'attention_head_size': 3, 'learning_rate': 0.026889418609808407}. Best is trial 11 with value: 4.957417011260986.
LOCAL_RANK: 0 - CUDA_VISIBLE_DEVICES: [0]
[I 2023-11-30 13:30:30,755] Trial 12 finished with value: 7.086577892303467 and parameters: {'gradient_clip_val': 0.21533812361538562, 'hidden_size': 45, 'dropout': 0.16944558529063353, 'hidden_continuous_size': 22, 'attention_head_size': 3, 'learning_rate': 0.02808486036646392}. Best is trial 11 with value: 4.957417011260986.
LOCAL_RANK: 0 - CUDA_VISIBLE_DEVICES: [0]
[I 2023-11-30 13:30:44,410] Trial 13 finished with value: 5.297811508178711 and parameters: {'gradient_clip_val': 0.19262968326940247, 'hidden_size': 61, 'dropout': 0.22418747824277677, 'hidden_continuous_size': 30, 'attention_head_size': 3, 'learning_rate': 0.026149489043109278}. Best is trial 11 with value: 4.957417011260986.
LOCAL_RANK: 0 - CUDA_VISIBLE_DEVICES: [0]
[I 2023-11-30 13:30:58,244] Trial 14 finished with value: 7.816018581390381 and parameters: {'gradient_clip_val': 0.21036525572485879, 'hidden_size': 70, 'dropout': 0.2334537020336412, 'hidden_continuous_size': 35, 'attention_head_size': 4, 'learning_rate': 0.019839315425147195}. Best is trial 11 with value: 4.957417011260986.
LOCAL_RANK: 0 - CUDA_VISIBLE_DEVICES: [0]
[I 2023-11-30 13:31:11,878] Trial 15 finished with value: 7.449453830718994 and parameters: {'gradient_clip_val': 0.19036044180014616, 'hidden_size': 65, 'dropout': 0.2694844847683676, 'hidden_continuous_size': 30, 'attention_head_size': 3, 'learning_rate': 0.08611535866496006}. Best is trial 11 with value: 4.957417011260986.
LOCAL_RANK: 0 - CUDA_VISIBLE_DEVICES: [0]
[I 2023-11-30 13:31:26,454] Trial 16 finished with value: 5.485143661499023 and parameters: {'gradient_clip_val': 0.28771998384895253, 'hidden_size': 149, 'dropout': 0.14111336123329865, 'hidden_continuous_size': 60, 'attention_head_size': 2, 'learning_rate': 0.02606075759758297}. Best is trial 11 with value: 4.957417011260986.
LOCAL_RANK: 0 - CUDA_VISIBLE_DEVICES: [0]
[I 2023-11-30 13:31:40,372] Trial 17 finished with value: 6.951333522796631 and parameters: {'gradient_clip_val': 0.17759702143522585, 'hidden_size': 66, 'dropout': 0.22071522995776066, 'hidden_continuous_size': 27, 'attention_head_size': 4, 'learning_rate': 0.014045533769287714}. Best is trial 11 with value: 4.957417011260986.
LOCAL_RANK: 0 - CUDA_VISIBLE_DEVICES: [0]
