[I 2023-11-29 21:25:39,975] Trial 49 finished with value: 2015.1922607421875 and parameters: {'gradient_clip_val': 0.2503258441257497, 'hidden_size': 107, 'dropout': 0.2425942597720664, 'hidden_continuous_size': 30, 'attention_head_size': 4, 'learning_rate': 0.0033498210095843097}. Best is trial 35 with value: 1974.6890869140625.
LOCAL_RANK: 0 - CUDA_VISIBLE_DEVICES: [0]
[I 2023-11-29 21:25:53,957] Trial 50 finished with value: 2179.268798828125 and parameters: {'gradient_clip_val': 0.24760380656114753, 'hidden_size': 105, 'dropout': 0.24345036891603983, 'hidden_continuous_size': 26, 'attention_head_size': 3, 'learning_rate': 0.003687978606902634}. Best is trial 35 with value: 1974.6890869140625.
LOCAL_RANK: 0 - CUDA_VISIBLE_DEVICES: [0]
[I 2023-11-29 21:26:08,107] Trial 51 finished with value: 2147.9345703125 and parameters: {'gradient_clip_val': 0.2052718602572578, 'hidden_size': 111, 'dropout': 0.21280810274822226, 'hidden_continuous_size': 32, 'attention_head_size': 4, 'learning_rate': 0.003306487724739216}. Best is trial 35 with value: 1974.6890869140625.
LOCAL_RANK: 0 - CUDA_VISIBLE_DEVICES: [0]
[I 2023-11-29 21:26:22,511] Trial 52 finished with value: 2057.177001953125 and parameters: {'gradient_clip_val': 0.2566764256554628, 'hidden_size': 128, 'dropout': 0.2633899529975763, 'hidden_continuous_size': 36, 'attention_head_size': 4, 'learning_rate': 0.004823936388985544}. Best is trial 35 with value: 1974.6890869140625.
LOCAL_RANK: 0 - CUDA_VISIBLE_DEVICES: [0]
[I 2023-11-29 21:26:36,492] Trial 53 finished with value: 3196.478759765625 and parameters: {'gradient_clip_val': 0.1624672437622155, 'hidden_size': 95, 'dropout': 0.24535278221413775, 'hidden_continuous_size': 30, 'attention_head_size': 4, 'learning_rate': 0.005680239922532896}. Best is trial 35 with value: 1974.6890869140625.
LOCAL_RANK: 0 - CUDA_VISIBLE_DEVICES: [0]
[I 2023-11-29 21:26:50,507] Trial 54 finished with value: 2122.551513671875 and parameters: {'gradient_clip_val': 0.2369578609062058, 'hidden_size': 83, 'dropout': 0.388515720517296, 'hidden_continuous_size': 39, 'attention_head_size': 4, 'learning_rate': 0.002876863986419178}. Best is trial 35 with value: 1974.6890869140625.
LOCAL_RANK: 0 - CUDA_VISIBLE_DEVICES: [0]
[I 2023-11-29 21:27:04,611] Trial 55 finished with value: 2161.8623046875 and parameters: {'gradient_clip_val': 0.272852053885353, 'hidden_size': 132, 'dropout': 0.2853375746750904, 'hidden_continuous_size': 25, 'attention_head_size': 3, 'learning_rate': 0.004668173806115521}. Best is trial 35 with value: 1974.6890869140625.
LOCAL_RANK: 0 - CUDA_VISIBLE_DEVICES: [0]
[I 2023-11-29 21:27:18,837] Trial 56 finished with value: 2451.12060546875 and parameters: {'gradient_clip_val': 0.18170392690037948, 'hidden_size': 112, 'dropout': 0.26629132612939554, 'hidden_continuous_size': 43, 'attention_head_size': 4, 'learning_rate': 0.0040929103671504445}. Best is trial 35 with value: 1974.6890869140625.
LOCAL_RANK: 0 - CUDA_VISIBLE_DEVICES: [0]
[I 2023-11-29 21:27:33,038] Trial 57 finished with value: 2394.4560546875 and parameters: {'gradient_clip_val': 0.146774997512866, 'hidden_size': 102, 'dropout': 0.25598771158728806, 'hidden_continuous_size': 29, 'attention_head_size': 3, 'learning_rate': 0.008786355535181173}. Best is trial 35 with value: 1974.6890869140625.
LOCAL_RANK: 0 - CUDA_VISIBLE_DEVICES: [0]
[I 2023-11-29 21:27:47,321] Trial 58 finished with value: 2279.637939453125 and parameters: {'gradient_clip_val': 0.20324695847692473, 'hidden_size': 140, 'dropout': 0.28097757382854033, 'hidden_continuous_size': 49, 'attention_head_size': 2, 'learning_rate': 0.007058634772258885}. Best is trial 35 with value: 1974.6890869140625.
LOCAL_RANK: 0 - CUDA_VISIBLE_DEVICES: [0]
[I 2023-11-29 21:28:01,080] Trial 59 finished with value: 2311.032958984375 and parameters: {'gradient_clip_val': 0.22231764165951493, 'hidden_size': 75, 'dropout': 0.23509461777903484, 'hidden_continuous_size': 32, 'attention_head_size': 4, 'learning_rate': 0.010474289490911217}. Best is trial 35 with value: 1974.6890869140625.
LOCAL_RANK: 0 - CUDA_VISIBLE_DEVICES: [0]
[I 2023-11-29 21:28:14,828] Trial 60 finished with value: 2017.67578125 and parameters: {'gradient_clip_val': 0.16760276872253488, 'hidden_size': 85, 'dropout': 0.2499497410560474, 'hidden_continuous_size': 27, 'attention_head_size': 3, 'learning_rate': 0.005472862922392207}. Best is trial 35 with value: 1974.6890869140625.
LOCAL_RANK: 0 - CUDA_VISIBLE_DEVICES: [0]
[I 2023-11-29 21:28:28,874] Trial 61 finished with value: 2141.04541015625 and parameters: {'gradient_clip_val': 0.1658014091149134, 'hidden_size': 86, 'dropout': 0.24835704945274756, 'hidden_continuous_size': 35, 'attention_head_size': 3, 'learning_rate': 0.005725381901904313}. Best is trial 35 with value: 1974.6890869140625.
LOCAL_RANK: 0 - CUDA_VISIBLE_DEVICES: [0]
[I 2023-11-29 21:28:43,141] Trial 62 finished with value: 2275.509521484375 and parameters: {'gradient_clip_val': 0.14084248671620045, 'hidden_size': 117, 'dropout': 0.2696891834410633, 'hidden_continuous_size': 26, 'attention_head_size': 3, 'learning_rate': 0.004550035091658695}. Best is trial 35 with value: 1974.6890869140625.
LOCAL_RANK: 0 - CUDA_VISIBLE_DEVICES: [0]
[I 2023-11-29 21:28:57,070] Trial 63 finished with value: 2047.6522216796875 and parameters: {'gradient_clip_val': 0.1870898955635157, 'hidden_size': 97, 'dropout': 0.2904207712821672, 'hidden_continuous_size': 30, 'attention_head_size': 3, 'learning_rate': 0.003656353997926739}. Best is trial 35 with value: 1974.6890869140625.
LOCAL_RANK: 0 - CUDA_VISIBLE_DEVICES: [0]
[I 2023-11-29 21:29:10,791] Trial 64 finished with value: 2066.9189453125 and parameters: {'gradient_clip_val': 0.1809778719824256, 'hidden_size': 78, 'dropout': 0.2029313803818468, 'hidden_continuous_size': 28, 'attention_head_size': 3, 'learning_rate': 0.0038715788356134175}. Best is trial 35 with value: 1974.6890869140625.
LOCAL_RANK: 0 - CUDA_VISIBLE_DEVICES: [0]
[I 2023-11-29 21:29:24,634] Trial 65 finished with value: 2298.669921875 and parameters: {'gradient_clip_val': 0.15980122224370408, 'hidden_size': 98, 'dropout': 0.22878727819844674, 'hidden_continuous_size': 23, 'attention_head_size': 3, 'learning_rate': 0.003203870479293564}. Best is trial 35 with value: 1974.6890869140625.
LOCAL_RANK: 0 - CUDA_VISIBLE_DEVICES: [0]
[I 2023-11-29 21:29:38,558] Trial 66 finished with value: 2355.8935546875 and parameters: {'gradient_clip_val': 0.19925599318085643, 'hidden_size': 90, 'dropout': 0.2372832932177185, 'hidden_continuous_size': 27, 'attention_head_size': 3, 'learning_rate': 0.0044809955801444505}. Best is trial 35 with value: 1974.6890869140625.
LOCAL_RANK: 0 - CUDA_VISIBLE_DEVICES: [0]
[I 2023-11-29 21:29:51,968] Trial 67 finished with value: 2441.342041015625 and parameters: {'gradient_clip_val': 0.23792770312450282, 'hidden_size': 72, 'dropout': 0.2511338590781679, 'hidden_continuous_size': 32, 'attention_head_size': 2, 'learning_rate': 0.008293899750136337}. Best is trial 35 with value: 1974.6890869140625.
LOCAL_RANK: 0 - CUDA_VISIBLE_DEVICES: [0]
[I 2023-11-29 21:30:06,222] Trial 68 finished with value: 2027.9420166015625 and parameters: {'gradient_clip_val': 0.13408611071701546, 'hidden_size': 110, 'dropout': 0.28887796348045874, 'hidden_continuous_size': 30, 'attention_head_size': 3, 'learning_rate': 0.0035662182938750553}. Best is trial 35 with value: 1974.6890869140625.
LOCAL_RANK: 0 - CUDA_VISIBLE_DEVICES: [0]
[I 2023-11-29 21:30:20,203] Trial 69 finished with value: 3254.842041015625 and parameters: {'gradient_clip_val': 0.1038783847263582, 'hidden_size': 109, 'dropout': 0.2863800565333621, 'hidden_continuous_size': 24, 'attention_head_size': 3, 'learning_rate': 0.002543411297045773}. Best is trial 35 with value: 1974.6890869140625.
LOCAL_RANK: 0 - CUDA_VISIBLE_DEVICES: [0]
[I 2023-11-29 21:30:34,405] Trial 70 finished with value: 2042.2081298828125 and parameters: {'gradient_clip_val': 0.13185581924381262, 'hidden_size': 138, 'dropout': 0.31166221365585356, 'hidden_continuous_size': 22, 'attention_head_size': 2, 'learning_rate': 0.003022575305038972}. Best is trial 35 with value: 1974.6890869140625.
LOCAL_RANK: 0 - CUDA_VISIBLE_DEVICES: [0]
[I 2023-11-29 21:30:48,588] Trial 71 finished with value: 2103.09326171875 and parameters: {'gradient_clip_val': 0.12944026100818526, 'hidden_size': 135, 'dropout': 0.3126673450181663, 'hidden_continuous_size': 22, 'attention_head_size': 2, 'learning_rate': 0.0034130657862240675}. Best is trial 35 with value: 1974.6890869140625.
LOCAL_RANK: 0 - CUDA_VISIBLE_DEVICES: [0]
[I 2023-11-29 21:31:02,771] Trial 72 finished with value: 2616.885498046875 and parameters: {'gradient_clip_val': 0.11380716539840012, 'hidden_size': 129, 'dropout': 0.26670159792238396, 'hidden_continuous_size': 20, 'attention_head_size': 2, 'learning_rate': 0.0028721350977684375}. Best is trial 35 with value: 1974.6890869140625.
LOCAL_RANK: 0 - CUDA_VISIBLE_DEVICES: [0]
[I 2023-11-29 21:31:17,202] Trial 73 finished with value: 2144.85595703125 and parameters: {'gradient_clip_val': 0.13697972065208688, 'hidden_size': 149, 'dropout': 0.29125012443907095, 'hidden_continuous_size': 25, 'attention_head_size': 1, 'learning_rate': 0.0022283359601660076}. Best is trial 35 with value: 1974.6890869140625.
LOCAL_RANK: 0 - CUDA_VISIBLE_DEVICES: [0]
[I 2023-11-29 21:31:31,191] Trial 74 finished with value: 1941.7093505859375 and parameters: {'gradient_clip_val': 0.15143867958661505, 'hidden_size': 111, 'dropout': 0.326060182950299, 'hidden_continuous_size': 30, 'attention_head_size': 2, 'learning_rate': 0.0035690384420366105}. Best is trial 74 with value: 1941.7093505859375.
LOCAL_RANK: 0 - CUDA_VISIBLE_DEVICES: [0]
[I 2023-11-29 21:31:45,093] Trial 75 finished with value: 2268.497314453125 and parameters: {'gradient_clip_val': 0.1557460129073076, 'hidden_size': 111, 'dropout': 0.3329394669185109, 'hidden_continuous_size': 30, 'attention_head_size': 2, 'learning_rate': 0.0050301731580117155}. Best is trial 74 with value: 1941.7093505859375.
LOCAL_RANK: 0 - CUDA_VISIBLE_DEVICES: [0]
[I 2023-11-29 21:31:59,166] Trial 76 finished with value: 2028.50830078125 and parameters: {'gradient_clip_val': 0.13098593649999932, 'hidden_size': 124, 'dropout': 0.30853330161525855, 'hidden_continuous_size': 34, 'attention_head_size': 2, 'learning_rate': 0.004260706474734692}. Best is trial 74 with value: 1941.7093505859375.
LOCAL_RANK: 0 - CUDA_VISIBLE_DEVICES: [0]
[I 2023-11-29 21:32:13,145] Trial 77 finished with value: 2458.0517578125 and parameters: {'gradient_clip_val': 0.14589759598515892, 'hidden_size': 103, 'dropout': 0.3217766959589707, 'hidden_continuous_size': 34, 'attention_head_size': 2, 'learning_rate': 0.004134812266068299}. Best is trial 74 with value: 1941.7093505859375.
LOCAL_RANK: 0 - CUDA_VISIBLE_DEVICES: [0]
[I 2023-11-29 21:32:27,585] Trial 78 finished with value: 1833.8536376953125 and parameters: {'gradient_clip_val': 0.16879621922459603, 'hidden_size': 126, 'dropout': 0.3535729823265851, 'hidden_continuous_size': 36, 'attention_head_size': 2, 'learning_rate': 0.007424681338350363}. Best is trial 78 with value: 1833.8536376953125.
LOCAL_RANK: 0 - CUDA_VISIBLE_DEVICES: [0]
[I 2023-11-29 21:32:41,690] Trial 79 finished with value: 2288.469970703125 and parameters: {'gradient_clip_val': 0.12220792148532732, 'hidden_size': 116, 'dropout': 0.34391909067951987, 'hidden_continuous_size': 36, 'attention_head_size': 2, 'learning_rate': 0.005117046152621085}. Best is trial 78 with value: 1833.8536376953125.
LOCAL_RANK: 0 - CUDA_VISIBLE_DEVICES: [0]
[I 2023-11-29 21:32:55,403] Trial 80 finished with value: 1994.98583984375 and parameters: {'gradient_clip_val': 0.16824863400373108, 'hidden_size': 82, 'dropout': 0.32748679337584, 'hidden_continuous_size': 33, 'attention_head_size': 2, 'learning_rate': 0.006268224149113645}. Best is trial 78 with value: 1833.8536376953125.
LOCAL_RANK: 0 - CUDA_VISIBLE_DEVICES: [0]
[I 2023-11-29 21:33:09,073] Trial 81 finished with value: 2197.781494140625 and parameters: {'gradient_clip_val': 0.16574087052247996, 'hidden_size': 84, 'dropout': 0.35001222050722924, 'hidden_continuous_size': 33, 'attention_head_size': 2, 'learning_rate': 0.006725067149090922}. Best is trial 78 with value: 1833.8536376953125.
LOCAL_RANK: 0 - CUDA_VISIBLE_DEVICES: [0]
[I 2023-11-29 21:33:23,037] Trial 82 finished with value: 2077.44482421875 and parameters: {'gradient_clip_val': 0.15168788627215368, 'hidden_size': 124, 'dropout': 0.32739881177164865, 'hidden_continuous_size': 28, 'attention_head_size': 2, 'learning_rate': 0.004423702711080355}. Best is trial 78 with value: 1833.8536376953125.
LOCAL_RANK: 0 - CUDA_VISIBLE_DEVICES: [0]
[I 2023-11-29 21:33:37,122] Trial 83 finished with value: 2276.826904296875 and parameters: {'gradient_clip_val': 0.170880804082714, 'hidden_size': 98, 'dropout': 0.33421775955041083, 'hidden_continuous_size': 31, 'attention_head_size': 2, 'learning_rate': 0.0037100989393415015}. Best is trial 78 with value: 1833.8536376953125.
LOCAL_RANK: 0 - CUDA_VISIBLE_DEVICES: [0]
[I 2023-11-29 21:33:51,034] Trial 84 finished with value: 2079.593017578125 and parameters: {'gradient_clip_val': 0.1388872522103675, 'hidden_size': 112, 'dropout': 0.3571257912351482, 'hidden_continuous_size': 35, 'attention_head_size': 1, 'learning_rate': 0.006548589935354034}. Best is trial 78 with value: 1833.8536376953125.
LOCAL_RANK: 0 - CUDA_VISIBLE_DEVICES: [0]
[I 2023-11-29 21:34:04,827] Trial 85 finished with value: 2174.6298828125 and parameters: {'gradient_clip_val': 0.17396348102297698, 'hidden_size': 91, 'dropout': 0.35575794977825226, 'hidden_continuous_size': 29, 'attention_head_size': 2, 'learning_rate': 0.007670834640304237}. Best is trial 78 with value: 1833.8536376953125.
LOCAL_RANK: 0 - CUDA_VISIBLE_DEVICES: [0]
[I 2023-11-29 21:34:18,575] Trial 86 finished with value: 2079.416748046875 and parameters: {'gradient_clip_val': 0.1560797943335438, 'hidden_size': 79, 'dropout': 0.31972682495535854, 'hidden_continuous_size': 33, 'attention_head_size': 2, 'learning_rate': 0.005087843068726951}. Best is trial 78 with value: 1833.8536376953125.
LOCAL_RANK: 0 - CUDA_VISIBLE_DEVICES: [0]
[I 2023-11-29 21:34:32,245] Trial 87 finished with value: 2289.362060546875 and parameters: {'gradient_clip_val': 0.11243996218545564, 'hidden_size': 65, 'dropout': 0.3406477882006869, 'hidden_continuous_size': 31, 'attention_head_size': 2, 'learning_rate': 0.003307247721803329}. Best is trial 78 with value: 1833.8536376953125.
LOCAL_RANK: 0 - CUDA_VISIBLE_DEVICES: [0]
[I 2023-11-29 21:34:46,185] Trial 88 finished with value: 2272.859619140625 and parameters: {'gradient_clip_val': 0.20854648915930865, 'hidden_size': 124, 'dropout': 0.3712876878065989, 'hidden_continuous_size': 38, 'attention_head_size': 2, 'learning_rate': 0.006151348458317129}. Best is trial 78 with value: 1833.8536376953125.
LOCAL_RANK: 0 - CUDA_VISIBLE_DEVICES: [0]
[I 2023-11-29 21:35:00,064] Trial 89 finished with value: 2276.184326171875 and parameters: {'gradient_clip_val': 0.13523086891166416, 'hidden_size': 104, 'dropout': 0.3085539669836572, 'hidden_continuous_size': 36, 'attention_head_size': 2, 'learning_rate': 0.0039781805118641695}. Best is trial 78 with value: 1833.8536376953125.
LOCAL_RANK: 0 - CUDA_VISIBLE_DEVICES: [0]
[I 2023-11-29 21:35:13,848] Trial 90 finished with value: 2277.990478515625 and parameters: {'gradient_clip_val': 0.14551681913029257, 'hidden_size': 94, 'dropout': 0.3853082255443064, 'hidden_continuous_size': 27, 'attention_head_size': 2, 'learning_rate': 0.008792023517217352}. Best is trial 78 with value: 1833.8536376953125.
LOCAL_RANK: 0 - CUDA_VISIBLE_DEVICES: [0]
[I 2023-11-29 21:35:28,282] Trial 91 finished with value: 2202.154296875 and parameters: {'gradient_clip_val': 0.12284736345622752, 'hidden_size': 141, 'dropout': 0.29732703188076237, 'hidden_continuous_size': 41, 'attention_head_size': 3, 'learning_rate': 0.007206914356041279}. Best is trial 78 with value: 1833.8536376953125.
LOCAL_RANK: 0 - CUDA_VISIBLE_DEVICES: [0]
[I 2023-11-29 21:35:42,724] Trial 92 finished with value: 2165.4013671875 and parameters: {'gradient_clip_val': 0.12975885577006108, 'hidden_size': 129, 'dropout': 0.3049642575779622, 'hidden_continuous_size': 45, 'attention_head_size': 3, 'learning_rate': 0.007479621349629905}. Best is trial 78 with value: 1833.8536376953125.
LOCAL_RANK: 0 - CUDA_VISIBLE_DEVICES: [0]
[I 2023-11-29 21:35:56,898] Trial 93 finished with value: 2068.7431640625 and parameters: {'gradient_clip_val': 0.16132030581060633, 'hidden_size': 119, 'dropout': 0.3932396422305421, 'hidden_continuous_size': 40, 'attention_head_size': 3, 'learning_rate': 0.0052809075332283795}. Best is trial 78 with value: 1833.8536376953125.
LOCAL_RANK: 0 - CUDA_VISIBLE_DEVICES: [0]
[I 2023-11-29 21:36:10,976] Trial 94 finished with value: 2092.719970703125 and parameters: {'gradient_clip_val': 0.14906439930078974, 'hidden_size': 107, 'dropout': 0.32439927535808816, 'hidden_continuous_size': 37, 'attention_head_size': 2, 'learning_rate': 0.006090263639275387}. Best is trial 78 with value: 1833.8536376953125.
LOCAL_RANK: 0 - CUDA_VISIBLE_DEVICES: [0]
[I 2023-11-29 21:36:25,318] Trial 95 finished with value: 2384.2841796875 and parameters: {'gradient_clip_val': 0.19096032258747156, 'hidden_size': 143, 'dropout': 0.33305446154548457, 'hidden_continuous_size': 34, 'attention_head_size': 3, 'learning_rate': 0.004351634107254566}. Best is trial 78 with value: 1833.8536376953125.
LOCAL_RANK: 0 - CUDA_VISIBLE_DEVICES: [0]
[I 2023-11-29 21:36:39,444] Trial 96 finished with value: 2183.865478515625 and parameters: {'gradient_clip_val': 0.13997727880649607, 'hidden_size': 115, 'dropout': 0.2989920356496205, 'hidden_continuous_size': 40, 'attention_head_size': 2, 'learning_rate': 0.005307066704551709}. Best is trial 78 with value: 1833.8536376953125.
LOCAL_RANK: 0 - CUDA_VISIBLE_DEVICES: [0]
[I 2023-11-29 21:36:53,340] Trial 97 finished with value: 2403.008544921875 and parameters: {'gradient_clip_val': 0.17430376598282826, 'hidden_size': 86, 'dropout': 0.31456396277982596, 'hidden_continuous_size': 37, 'attention_head_size': 3, 'learning_rate': 0.009198212976245752}. Best is trial 78 with value: 1833.8536376953125.
LOCAL_RANK: 0 - CUDA_VISIBLE_DEVICES: [0]
[I 2023-11-29 21:37:07,672] Trial 98 finished with value: 2324.519775390625 and parameters: {'gradient_clip_val': 0.18421226225333112, 'hidden_size': 125, 'dropout': 0.28006051010363386, 'hidden_continuous_size': 44, 'attention_head_size': 1, 'learning_rate': 0.007858187789861571}. Best is trial 78 with value: 1833.8536376953125.
LOCAL_RANK: 0 - CUDA_VISIBLE_DEVICES: [0]
[I 2023-11-29 21:37:21,935] Trial 99 finished with value: 2353.029541015625 and parameters: {'gradient_clip_val': 0.2697942313689841, 'hidden_size': 133, 'dropout': 0.37860739776735464, 'hidden_continuous_size': 29, 'attention_head_size': 3, 'learning_rate': 0.006474865446388651}. Best is trial 78 with value: 1833.8536376953125.
LOCAL_RANK: 0 - CUDA_VISIBLE_DEVICES: [0]
[I 2023-11-29 21:37:35,896] Trial 100 finished with value: 2102.0986328125 and parameters: {'gradient_clip_val': 0.21224572550352022, 'hidden_size': 103, 'dropout': 0.24061126771613847, 'hidden_continuous_size': 39, 'attention_head_size': 2, 'learning_rate': 0.005690313613872013}. Best is trial 78 with value: 1833.8536376953125.
LOCAL_RANK: 0 - CUDA_VISIBLE_DEVICES: [0]
[I 2023-11-29 21:37:50,165] Trial 101 finished with value: 2160.780029296875 and parameters: {'gradient_clip_val': 0.13308372328494475, 'hidden_size': 139, 'dropout': 0.3112190542265307, 'hidden_continuous_size': 32, 'attention_head_size': 2, 'learning_rate': 0.0048259619063410995}. Best is trial 78 with value: 1833.8536376953125.
LOCAL_RANK: 0 - CUDA_VISIBLE_DEVICES: [0]
[I 2023-11-29 21:38:04,554] Trial 102 finished with value: 2053.1572265625 and parameters: {'gradient_clip_val': 0.1532362071079997, 'hidden_size': 150, 'dropout': 0.316583426898237, 'hidden_continuous_size': 26, 'attention_head_size': 2, 'learning_rate': 0.003245302553334469}. Best is trial 78 with value: 1833.8536376953125.
LOCAL_RANK: 0 - CUDA_VISIBLE_DEVICES: [0]
[I 2023-11-29 21:38:18,981] Trial 103 finished with value: 2053.673583984375 and parameters: {'gradient_clip_val': 0.12524030123007326, 'hidden_size': 134, 'dropout': 0.3079833762237917, 'hidden_continuous_size': 35, 'attention_head_size': 2, 'learning_rate': 0.0030118789880928193}. Best is trial 78 with value: 1833.8536376953125.
LOCAL_RANK: 0 - CUDA_VISIBLE_DEVICES: [0]
[I 2023-11-29 21:38:33,107] Trial 104 finished with value: 2124.3701171875 and parameters: {'gradient_clip_val': 0.13075666456962343, 'hidden_size': 123, 'dropout': 0.32990524959367906, 'hidden_continuous_size': 30, 'attention_head_size': 2, 'learning_rate': 0.003762243781048881}. Best is trial 78 with value: 1833.8536376953125.
LOCAL_RANK: 0 - CUDA_VISIBLE_DEVICES: [0]
[I 2023-11-29 21:38:47,328] Trial 105 finished with value: 2243.990966796875 and parameters: {'gradient_clip_val': 0.1419413473480267, 'hidden_size': 114, 'dropout': 0.32377473802309276, 'hidden_continuous_size': 34, 'attention_head_size': 3, 'learning_rate': 0.003945296048780757}. Best is trial 78 with value: 1833.8536376953125.
LOCAL_RANK: 0 - CUDA_VISIBLE_DEVICES: [0]
[I 2023-11-29 21:39:01,648] Trial 106 finished with value: 2051.322265625 and parameters: {'gradient_clip_val': 0.11840618610225878, 'hidden_size': 141, 'dropout': 0.336902213981871, 'hidden_continuous_size': 27, 'attention_head_size': 2, 'learning_rate': 0.004508587579415793}. Best is trial 78 with value: 1833.8536376953125.
LOCAL_RANK: 0 - CUDA_VISIBLE_DEVICES: [0]
[I 2023-11-29 21:39:15,639] Trial 107 finished with value: 2003.6510009765625 and parameters: {'gradient_clip_val': 0.16713880436427833, 'hidden_size': 108, 'dropout': 0.3456004493023477, 'hidden_continuous_size': 42, 'attention_head_size': 3, 'learning_rate': 0.0035258587230119695}. Best is trial 78 with value: 1833.8536376953125.
LOCAL_RANK: 0 - CUDA_VISIBLE_DEVICES: [0]
