[I 2023-11-30 14:57:30,335] Trial 68 finished with value: 7.246002674102783 and parameters: {'gradient_clip_val': 0.8539887748024303, 'hidden_size': 140, 'dropout': 0.17346709948445804, 'hidden_continuous_size': 83, 'attention_head_size': 1, 'learning_rate': 0.02244525072050884}. Best is trial 42 with value: 5.995445251464844.
LOCAL_RANK: 0 - CUDA_VISIBLE_DEVICES: [0]
[I 2023-11-30 14:57:44,348] Trial 69 finished with value: 6.815087795257568 and parameters: {'gradient_clip_val': 0.9336120954296426, 'hidden_size': 87, 'dropout': 0.19077468999476782, 'hidden_continuous_size': 49, 'attention_head_size': 2, 'learning_rate': 0.02866918681800561}. Best is trial 42 with value: 5.995445251464844.
LOCAL_RANK: 0 - CUDA_VISIBLE_DEVICES: [0]
[I 2023-11-30 14:57:58,579] Trial 70 finished with value: 7.2775397300720215 and parameters: {'gradient_clip_val': 0.6805214198929997, 'hidden_size': 115, 'dropout': 0.15689439888379886, 'hidden_continuous_size': 60, 'attention_head_size': 2, 'learning_rate': 0.014981694477200035}. Best is trial 42 with value: 5.995445251464844.
LOCAL_RANK: 0 - CUDA_VISIBLE_DEVICES: [0]
[I 2023-11-30 14:58:12,714] Trial 71 finished with value: 7.480382919311523 and parameters: {'gradient_clip_val': 0.9980945600963494, 'hidden_size': 97, 'dropout': 0.17891961821403315, 'hidden_continuous_size': 64, 'attention_head_size': 2, 'learning_rate': 0.011999840271958462}. Best is trial 42 with value: 5.995445251464844.
LOCAL_RANK: 0 - CUDA_VISIBLE_DEVICES: [0]
[I 2023-11-30 14:58:26,965] Trial 72 finished with value: 6.605813503265381 and parameters: {'gradient_clip_val': 0.8631673663012915, 'hidden_size': 128, 'dropout': 0.1972995974237621, 'hidden_continuous_size': 79, 'attention_head_size': 2, 'learning_rate': 0.019125613576289384}. Best is trial 42 with value: 5.995445251464844.
LOCAL_RANK: 0 - CUDA_VISIBLE_DEVICES: [0]
[I 2023-11-30 14:58:41,333] Trial 73 finished with value: 6.379307270050049 and parameters: {'gradient_clip_val': 0.9340330641304748, 'hidden_size': 106, 'dropout': 0.20654042265412745, 'hidden_continuous_size': 70, 'attention_head_size': 2, 'learning_rate': 0.03410574847816122}. Best is trial 42 with value: 5.995445251464844.
LOCAL_RANK: 0 - CUDA_VISIBLE_DEVICES: [0]
[I 2023-11-30 14:58:55,822] Trial 74 finished with value: 7.03814697265625 and parameters: {'gradient_clip_val': 0.7516239615039647, 'hidden_size': 105, 'dropout': 0.1976658878076365, 'hidden_continuous_size': 74, 'attention_head_size': 2, 'learning_rate': 0.034157784813313156}. Best is trial 42 with value: 5.995445251464844.
LOCAL_RANK: 0 - CUDA_VISIBLE_DEVICES: [0]
[I 2023-11-30 14:59:09,888] Trial 75 finished with value: 6.795322895050049 and parameters: {'gradient_clip_val': 0.9398688441690352, 'hidden_size': 140, 'dropout': 0.18342237195844477, 'hidden_continuous_size': 41, 'attention_head_size': 2, 'learning_rate': 0.02998987205560308}. Best is trial 42 with value: 5.995445251464844.
LOCAL_RANK: 0 - CUDA_VISIBLE_DEVICES: [0]
[I 2023-11-30 14:59:24,159] Trial 76 finished with value: 7.229057788848877 and parameters: {'gradient_clip_val': 0.7800858441352058, 'hidden_size': 120, 'dropout': 0.2082541614416287, 'hidden_continuous_size': 68, 'attention_head_size': 2, 'learning_rate': 0.042234673235696456}. Best is trial 42 with value: 5.995445251464844.
LOCAL_RANK: 0 - CUDA_VISIBLE_DEVICES: [0]
[I 2023-11-30 14:59:38,312] Trial 77 finished with value: 6.703525543212891 and parameters: {'gradient_clip_val': 0.8763170025850942, 'hidden_size': 113, 'dropout': 0.17184046131992234, 'hidden_continuous_size': 59, 'attention_head_size': 1, 'learning_rate': 0.025020782152199262}. Best is trial 42 with value: 5.995445251464844.
LOCAL_RANK: 0 - CUDA_VISIBLE_DEVICES: [0]
[I 2023-11-30 14:59:52,420] Trial 78 finished with value: 10.322221755981445 and parameters: {'gradient_clip_val': 0.9353346946327921, 'hidden_size': 92, 'dropout': 0.1612100073211639, 'hidden_continuous_size': 68, 'attention_head_size': 2, 'learning_rate': 0.02036846553463498}. Best is trial 42 with value: 5.995445251464844.
LOCAL_RANK: 0 - CUDA_VISIBLE_DEVICES: [0]
[I 2023-11-30 15:00:07,080] Trial 79 finished with value: 6.847920894622803 and parameters: {'gradient_clip_val': 0.7051624296984599, 'hidden_size': 136, 'dropout': 0.19147939910621864, 'hidden_continuous_size': 85, 'attention_head_size': 2, 'learning_rate': 0.03474739659842864}. Best is trial 42 with value: 5.995445251464844.
LOCAL_RANK: 0 - CUDA_VISIBLE_DEVICES: [0]
[I 2023-11-30 15:00:21,503] Trial 80 finished with value: 6.4474029541015625 and parameters: {'gradient_clip_val': 0.8093148162850797, 'hidden_size': 125, 'dropout': 0.22521879959291063, 'hidden_continuous_size': 91, 'attention_head_size': 1, 'learning_rate': 0.029300457392208285}. Best is trial 42 with value: 5.995445251464844.
LOCAL_RANK: 0 - CUDA_VISIBLE_DEVICES: [0]
[I 2023-11-30 15:00:35,996] Trial 81 finished with value: 7.096258640289307 and parameters: {'gradient_clip_val': 0.8140856602184501, 'hidden_size': 127, 'dropout': 0.22430631396915474, 'hidden_continuous_size': 93, 'attention_head_size': 1, 'learning_rate': 0.02735325290527911}. Best is trial 42 with value: 5.995445251464844.
LOCAL_RANK: 0 - CUDA_VISIBLE_DEVICES: [0]
[I 2023-11-30 15:00:50,718] Trial 82 finished with value: 9.640494346618652 and parameters: {'gradient_clip_val': 0.8723771122868776, 'hidden_size': 150, 'dropout': 0.21357851298517663, 'hidden_continuous_size': 77, 'attention_head_size': 1, 'learning_rate': 0.030629157992204406}. Best is trial 42 with value: 5.995445251464844.
LOCAL_RANK: 0 - CUDA_VISIBLE_DEVICES: [0]
[I 2023-11-30 15:01:05,088] Trial 83 finished with value: 7.333455562591553 and parameters: {'gradient_clip_val': 0.752104636152013, 'hidden_size': 106, 'dropout': 0.17083527307576127, 'hidden_continuous_size': 90, 'attention_head_size': 1, 'learning_rate': 0.02242510184002178}. Best is trial 42 with value: 5.995445251464844.
LOCAL_RANK: 0 - CUDA_VISIBLE_DEVICES: [0]
[I 2023-11-30 15:01:19,844] Trial 84 finished with value: 7.099043369293213 and parameters: {'gradient_clip_val': 0.9333528547906612, 'hidden_size': 97, 'dropout': 0.2071078394112253, 'hidden_continuous_size': 71, 'attention_head_size': 3, 'learning_rate': 0.038887081918458105}. Best is trial 42 with value: 5.995445251464844.
LOCAL_RANK: 0 - CUDA_VISIBLE_DEVICES: [0]
[I 2023-11-30 15:01:35,274] Trial 85 finished with value: 6.845119476318359 and parameters: {'gradient_clip_val': 0.8396188869472809, 'hidden_size': 126, 'dropout': 0.1831324611364381, 'hidden_continuous_size': 105, 'attention_head_size': 2, 'learning_rate': 0.04669120337796158}. Best is trial 42 with value: 5.995445251464844.
LOCAL_RANK: 0 - CUDA_VISIBLE_DEVICES: [0]
[I 2023-11-30 15:01:50,543] Trial 86 finished with value: 6.547084331512451 and parameters: {'gradient_clip_val': 0.656586291867815, 'hidden_size': 112, 'dropout': 0.23483695887813497, 'hidden_continuous_size': 79, 'attention_head_size': 2, 'learning_rate': 0.03971424344545975}. Best is trial 42 with value: 5.995445251464844.
LOCAL_RANK: 0 - CUDA_VISIBLE_DEVICES: [0]
[I 2023-11-30 15:02:05,212] Trial 87 finished with value: 6.76418924331665 and parameters: {'gradient_clip_val': 0.7939089331737169, 'hidden_size': 84, 'dropout': 0.20126549077648873, 'hidden_continuous_size': 65, 'attention_head_size': 1, 'learning_rate': 0.03405205089255847}. Best is trial 42 with value: 5.995445251464844.
LOCAL_RANK: 0 - CUDA_VISIBLE_DEVICES: [0]
[I 2023-11-30 15:02:20,735] Trial 88 finished with value: 6.721172332763672 and parameters: {'gradient_clip_val': 0.9440445942139337, 'hidden_size': 140, 'dropout': 0.22505572329683157, 'hidden_continuous_size': 82, 'attention_head_size': 3, 'learning_rate': 0.02388639005920763}. Best is trial 42 with value: 5.995445251464844.
LOCAL_RANK: 0 - CUDA_VISIBLE_DEVICES: [0]
[I 2023-11-30 15:02:36,431] Trial 89 finished with value: 7.2365570068359375 and parameters: {'gradient_clip_val': 0.7091170891048755, 'hidden_size': 119, 'dropout': 0.19307867182319485, 'hidden_continuous_size': 86, 'attention_head_size': 2, 'learning_rate': 0.027695790376733278}. Best is trial 42 with value: 5.995445251464844.
LOCAL_RANK: 0 - CUDA_VISIBLE_DEVICES: [0]
[I 2023-11-30 15:02:51,136] Trial 90 finished with value: 11.079452514648438 and parameters: {'gradient_clip_val': 0.8854891438377932, 'hidden_size': 101, 'dropout': 0.21555438640889063, 'hidden_continuous_size': 30, 'attention_head_size': 2, 'learning_rate': 0.020513440471868552}. Best is trial 42 with value: 5.995445251464844.
LOCAL_RANK: 0 - CUDA_VISIBLE_DEVICES: [0]
[I 2023-11-30 15:03:06,370] Trial 91 finished with value: 6.237419128417969 and parameters: {'gradient_clip_val': 0.9924936116688791, 'hidden_size': 95, 'dropout': 0.21982565026829065, 'hidden_continuous_size': 74, 'attention_head_size': 4, 'learning_rate': 0.016154283136334522}. Best is trial 42 with value: 5.995445251464844.
LOCAL_RANK: 0 - CUDA_VISIBLE_DEVICES: [0]
[I 2023-11-30 15:03:21,394] Trial 92 finished with value: 6.946329116821289 and parameters: {'gradient_clip_val': 0.9941709599337235, 'hidden_size': 94, 'dropout': 0.2408094619117318, 'hidden_continuous_size': 75, 'attention_head_size': 4, 'learning_rate': 0.017176752080984167}. Best is trial 42 with value: 5.995445251464844.
LOCAL_RANK: 0 - CUDA_VISIBLE_DEVICES: [0]
[I 2023-11-30 15:03:36,228] Trial 93 finished with value: 7.4446024894714355 and parameters: {'gradient_clip_val': 0.8962886066452898, 'hidden_size': 74, 'dropout': 0.21859823119545965, 'hidden_continuous_size': 67, 'attention_head_size': 4, 'learning_rate': 0.01387476976234995}. Best is trial 42 with value: 5.995445251464844.
LOCAL_RANK: 0 - CUDA_VISIBLE_DEVICES: [0]
[I 2023-11-30 15:03:51,839] Trial 94 finished with value: 6.834901809692383 and parameters: {'gradient_clip_val': 0.8320518354506881, 'hidden_size': 109, 'dropout': 0.20473368874065603, 'hidden_continuous_size': 62, 'attention_head_size': 4, 'learning_rate': 0.016393800109808156}. Best is trial 42 with value: 5.995445251464844.
LOCAL_RANK: 0 - CUDA_VISIBLE_DEVICES: [0]
[I 2023-11-30 15:04:06,907] Trial 95 finished with value: 6.706392765045166 and parameters: {'gradient_clip_val': 0.9551364737790322, 'hidden_size': 132, 'dropout': 0.23641709406956066, 'hidden_continuous_size': 76, 'attention_head_size': 4, 'learning_rate': 0.03141043405836598}. Best is trial 42 with value: 5.995445251464844.
LOCAL_RANK: 0 - CUDA_VISIBLE_DEVICES: [0]
[I 2023-11-30 15:04:22,165] Trial 96 finished with value: 6.923423767089844 and parameters: {'gradient_clip_val': 0.7544097021197083, 'hidden_size': 88, 'dropout': 0.22939017480994775, 'hidden_continuous_size': 73, 'attention_head_size': 4, 'learning_rate': 0.024995850817707572}. Best is trial 42 with value: 5.995445251464844.
LOCAL_RANK: 0 - CUDA_VISIBLE_DEVICES: [0]
[I 2023-11-30 15:04:37,316] Trial 97 finished with value: 6.908507823944092 and parameters: {'gradient_clip_val': 0.910633391825063, 'hidden_size': 118, 'dropout': 0.21100172755168062, 'hidden_continuous_size': 57, 'attention_head_size': 3, 'learning_rate': 0.018797260250202074}. Best is trial 42 with value: 5.995445251464844.
LOCAL_RANK: 0 - CUDA_VISIBLE_DEVICES: [0]
[I 2023-11-30 15:04:52,876] Trial 98 finished with value: 6.641971111297607 and parameters: {'gradient_clip_val': 0.7924123459068577, 'hidden_size': 102, 'dropout': 0.19967417194672435, 'hidden_continuous_size': 70, 'attention_head_size': 2, 'learning_rate': 0.03730404884679618}. Best is trial 42 with value: 5.995445251464844.
LOCAL_RANK: 0 - CUDA_VISIBLE_DEVICES: [0]
[I 2023-11-30 15:05:08,571] Trial 99 finished with value: 7.236959934234619 and parameters: {'gradient_clip_val': 0.861549410437888, 'hidden_size': 125, 'dropout': 0.18003461205291324, 'hidden_continuous_size': 53, 'attention_head_size': 4, 'learning_rate': 0.028626219449932995}. Best is trial 42 with value: 5.995445251464844.
LOCAL_RANK: 0 - CUDA_VISIBLE_DEVICES: [0]
[I 2023-11-30 15:05:23,382] Trial 100 finished with value: 6.229699611663818 and parameters: {'gradient_clip_val': 0.954928459706611, 'hidden_size': 108, 'dropout': 0.2214403631030431, 'hidden_continuous_size': 61, 'attention_head_size': 1, 'learning_rate': 0.021722649854766553}. Best is trial 42 with value: 5.995445251464844.
LOCAL_RANK: 0 - CUDA_VISIBLE_DEVICES: [0]
[I 2023-11-30 15:05:38,609] Trial 101 finished with value: 7.119973659515381 and parameters: {'gradient_clip_val': 0.9593814459928014, 'hidden_size': 116, 'dropout': 0.2211919880977934, 'hidden_continuous_size': 60, 'attention_head_size': 1, 'learning_rate': 0.021400993895454766}. Best is trial 42 with value: 5.995445251464844.
LOCAL_RANK: 0 - CUDA_VISIBLE_DEVICES: [0]
[I 2023-11-30 15:05:53,681] Trial 102 finished with value: 6.484190464019775 and parameters: {'gradient_clip_val': 0.8235913465057257, 'hidden_size': 93, 'dropout': 0.2281149613639124, 'hidden_continuous_size': 61, 'attention_head_size': 1, 'learning_rate': 0.02403373702336414}. Best is trial 42 with value: 5.995445251464844.
LOCAL_RANK: 0 - CUDA_VISIBLE_DEVICES: [0]
[I 2023-11-30 15:06:08,985] Trial 103 finished with value: 6.168740749359131 and parameters: {'gradient_clip_val': 0.995462971317004, 'hidden_size': 110, 'dropout': 0.24519965797690368, 'hidden_continuous_size': 89, 'attention_head_size': 1, 'learning_rate': 0.017713181591566818}. Best is trial 42 with value: 5.995445251464844.
LOCAL_RANK: 0 - CUDA_VISIBLE_DEVICES: [0]
[I 2023-11-30 15:06:24,132] Trial 104 finished with value: 7.357141017913818 and parameters: {'gradient_clip_val': 0.9653693565537306, 'hidden_size': 109, 'dropout': 0.2502236276155579, 'hidden_continuous_size': 81, 'attention_head_size': 1, 'learning_rate': 0.014848117399240522}. Best is trial 42 with value: 5.995445251464844.
LOCAL_RANK: 0 - CUDA_VISIBLE_DEVICES: [0]
[I 2023-11-30 15:06:39,479] Trial 105 finished with value: 6.828342437744141 and parameters: {'gradient_clip_val': 0.9922978815093914, 'hidden_size': 144, 'dropout': 0.24315726829375192, 'hidden_continuous_size': 101, 'attention_head_size': 1, 'learning_rate': 0.01706425370809174}. Best is trial 42 with value: 5.995445251464844.
LOCAL_RANK: 0 - CUDA_VISIBLE_DEVICES: [0]
[I 2023-11-30 15:06:54,695] Trial 106 finished with value: 6.198313236236572 and parameters: {'gradient_clip_val': 0.9014434273693505, 'hidden_size': 133, 'dropout': 0.2207500536447474, 'hidden_continuous_size': 89, 'attention_head_size': 1, 'learning_rate': 0.018093925226844228}. Best is trial 42 with value: 5.995445251464844.
LOCAL_RANK: 0 - CUDA_VISIBLE_DEVICES: [0]
[I 2023-11-30 15:07:10,018] Trial 107 finished with value: 8.188738822937012 and parameters: {'gradient_clip_val': 0.9093698790333596, 'hidden_size': 133, 'dropout': 0.21632549033861828, 'hidden_continuous_size': 83, 'attention_head_size': 1, 'learning_rate': 0.013521160691372118}. Best is trial 42 with value: 5.995445251464844.
LOCAL_RANK: 0 - CUDA_VISIBLE_DEVICES: [0]
[I 2023-11-30 15:07:25,018] Trial 108 finished with value: 9.829731941223145 and parameters: {'gradient_clip_val': 0.9013740419853598, 'hidden_size': 99, 'dropout': 0.23594584800973414, 'hidden_continuous_size': 87, 'attention_head_size': 1, 'learning_rate': 0.018727488730039463}. Best is trial 42 with value: 5.995445251464844.
LOCAL_RANK: 0 - CUDA_VISIBLE_DEVICES: [0]
[I 2023-11-30 15:07:40,180] Trial 109 finished with value: 7.302713394165039 and parameters: {'gradient_clip_val': 0.9561508076859108, 'hidden_size': 107, 'dropout': 0.20990559716209714, 'hidden_continuous_size': 77, 'attention_head_size': 1, 'learning_rate': 0.011991080415436573}. Best is trial 42 with value: 5.995445251464844.
LOCAL_RANK: 0 - CUDA_VISIBLE_DEVICES: [0]
[I 2023-11-30 15:07:54,970] Trial 110 finished with value: 7.46159553527832 and parameters: {'gradient_clip_val': 0.8697587858838876, 'hidden_size': 116, 'dropout': 0.18792077460731693, 'hidden_continuous_size': 66, 'attention_head_size': 1, 'learning_rate': 0.016336388559251507}. Best is trial 42 with value: 5.995445251464844.
LOCAL_RANK: 0 - CUDA_VISIBLE_DEVICES: [0]
[I 2023-11-30 15:08:09,954] Trial 111 finished with value: 7.100515365600586 and parameters: {'gradient_clip_val': 0.7750183277150808, 'hidden_size': 125, 'dropout': 0.2212230569536937, 'hidden_continuous_size': 90, 'attention_head_size': 1, 'learning_rate': 0.020540115879209436}. Best is trial 42 with value: 5.995445251464844.
LOCAL_RANK: 0 - CUDA_VISIBLE_DEVICES: [0]
[I 2023-11-30 15:08:25,034] Trial 112 finished with value: 7.8092265129089355 and parameters: {'gradient_clip_val': 0.925796607170682, 'hidden_size': 130, 'dropout': 0.22676182284324134, 'hidden_continuous_size': 111, 'attention_head_size': 1, 'learning_rate': 0.02236494440811256}. Best is trial 42 with value: 5.995445251464844.
LOCAL_RANK: 0 - CUDA_VISIBLE_DEVICES: [0]
[I 2023-11-30 15:08:39,718] Trial 113 finished with value: 6.852115631103516 and parameters: {'gradient_clip_val': 0.9944867142193637, 'hidden_size': 142, 'dropout': 0.20419114675878616, 'hidden_continuous_size': 95, 'attention_head_size': 1, 'learning_rate': 0.018858694953331583}. Best is trial 42 with value: 5.995445251464844.
LOCAL_RANK: 0 - CUDA_VISIBLE_DEVICES: [0]
[I 2023-11-30 15:08:54,352] Trial 114 finished with value: 7.675891876220703 and parameters: {'gradient_clip_val': 0.8722595789795129, 'hidden_size': 121, 'dropout': 0.24535321888941858, 'hidden_continuous_size': 88, 'attention_head_size': 1, 'learning_rate': 0.0255187049961537}. Best is trial 42 with value: 5.995445251464844.
LOCAL_RANK: 0 - CUDA_VISIBLE_DEVICES: [0]
[I 2023-11-30 15:09:08,917] Trial 115 finished with value: 8.0380277633667 and parameters: {'gradient_clip_val': 0.8106236378710111, 'hidden_size': 135, 'dropout': 0.23304566533125975, 'hidden_continuous_size': 71, 'attention_head_size': 1, 'learning_rate': 0.015380976191687296}. Best is trial 42 with value: 5.995445251464844.
LOCAL_RANK: 0 - CUDA_VISIBLE_DEVICES: [0]
[I 2023-11-30 15:09:23,976] Trial 116 finished with value: 7.429187774658203 and parameters: {'gradient_clip_val': 0.7320420147216294, 'hidden_size': 150, 'dropout': 0.1954261527824605, 'hidden_continuous_size': 101, 'attention_head_size': 4, 'learning_rate': 0.022751024048239775}. Best is trial 42 with value: 5.995445251464844.
LOCAL_RANK: 0 - CUDA_VISIBLE_DEVICES: [0]
[I 2023-11-30 15:09:38,344] Trial 117 finished with value: 6.766811370849609 and parameters: {'gradient_clip_val': 0.8442721990929024, 'hidden_size': 103, 'dropout': 0.2540649775343141, 'hidden_continuous_size': 79, 'attention_head_size': 1, 'learning_rate': 0.020434638783051302}. Best is trial 42 with value: 5.995445251464844.
LOCAL_RANK: 0 - CUDA_VISIBLE_DEVICES: [0]
[I 2023-11-30 15:09:52,835] Trial 118 finished with value: 6.644775390625 and parameters: {'gradient_clip_val': 0.9292685209246337, 'hidden_size': 115, 'dropout': 0.21120609619224032, 'hidden_continuous_size': 72, 'attention_head_size': 4, 'learning_rate': 0.017450404753030245}. Best is trial 42 with value: 5.995445251464844.
LOCAL_RANK: 0 - CUDA_VISIBLE_DEVICES: [0]
[I 2023-11-30 15:10:07,617] Trial 119 finished with value: 6.354955196380615 and parameters: {'gradient_clip_val': 0.8923149686663318, 'hidden_size': 111, 'dropout': 0.22486180487546717, 'hidden_continuous_size': 85, 'attention_head_size': 4, 'learning_rate': 0.026809455944057956}. Best is trial 42 with value: 5.995445251464844.
LOCAL_RANK: 0 - CUDA_VISIBLE_DEVICES: [0]
[I 2023-11-30 15:10:22,171] Trial 120 finished with value: 7.66771936416626 and parameters: {'gradient_clip_val': 0.8877737231073684, 'hidden_size': 109, 'dropout': 0.20009587342510265, 'hidden_continuous_size': 83, 'attention_head_size': 4, 'learning_rate': 0.02682223044771319}. Best is trial 42 with value: 5.995445251464844.
LOCAL_RANK: 0 - CUDA_VISIBLE_DEVICES: [0]
[I 2023-11-30 15:10:36,808] Trial 121 finished with value: 6.820001602172852 and parameters: {'gradient_clip_val': 0.9575716830502915, 'hidden_size': 123, 'dropout': 0.2227738012425747, 'hidden_continuous_size': 92, 'attention_head_size': 4, 'learning_rate': 0.03550572772011736}. Best is trial 42 with value: 5.995445251464844.
LOCAL_RANK: 0 - CUDA_VISIBLE_DEVICES: [0]
[I 2023-11-30 15:10:51,304] Trial 122 finished with value: 7.736291408538818 and parameters: {'gradient_clip_val': 0.8048777427013544, 'hidden_size': 94, 'dropout': 0.21603983013214395, 'hidden_continuous_size': 74, 'attention_head_size': 4, 'learning_rate': 0.03278044420923691}. Best is trial 42 with value: 5.995445251464844.
LOCAL_RANK: 0 - CUDA_VISIBLE_DEVICES: [0]
[I 2023-11-30 15:11:05,719] Trial 123 finished with value: 8.41461181640625 and parameters: {'gradient_clip_val': 0.9937376835878377, 'hidden_size': 99, 'dropout': 0.23963880052194206, 'hidden_continuous_size': 67, 'attention_head_size': 4, 'learning_rate': 0.023784526617465503}. Best is trial 42 with value: 5.995445251464844.
LOCAL_RANK: 0 - CUDA_VISIBLE_DEVICES: [0]
[I 2023-11-30 15:11:20,512] Trial 124 finished with value: 6.548379421234131 and parameters: {'gradient_clip_val': 0.9247869222554288, 'hidden_size': 105, 'dropout': 0.22924204845367355, 'hidden_continuous_size': 87, 'attention_head_size': 4, 'learning_rate': 0.029203268559858966}. Best is trial 42 with value: 5.995445251464844.
LOCAL_RANK: 0 - CUDA_VISIBLE_DEVICES: [0]
[I 2023-11-30 15:11:35,010] Trial 125 finished with value: 7.162413120269775 and parameters: {'gradient_clip_val': 0.8441537562779652, 'hidden_size': 113, 'dropout': 0.2186570289568149, 'hidden_continuous_size': 78, 'attention_head_size': 4, 'learning_rate': 0.04104685513951103}. Best is trial 42 with value: 5.995445251464844.
LOCAL_RANK: 0 - CUDA_VISIBLE_DEVICES: [0]
[I 2023-11-30 15:11:49,797] Trial 126 finished with value: 6.74414587020874 and parameters: {'gradient_clip_val': 0.7689097289514952, 'hidden_size': 134, 'dropout': 0.20677852486473228, 'hidden_continuous_size': 92, 'attention_head_size': 4, 'learning_rate': 0.025901105932494724}. Best is trial 42 with value: 5.995445251464844.
LOCAL_RANK: 0 - CUDA_VISIBLE_DEVICES: [0]
