[I 2023-11-30 03:18:36,191] Trial 122 finished with value: 31.47711181640625 and parameters: {'gradient_clip_val': 0.21068785628641368, 'hidden_size': 50, 'dropout': 0.186345077892863, 'hidden_continuous_size': 39, 'attention_head_size': 1, 'learning_rate': 0.06570541724235404}. Best is trial 74 with value: 31.34187889099121.
LOCAL_RANK: 0 - CUDA_VISIBLE_DEVICES: [0]
[I 2023-11-30 03:18:49,528] Trial 123 finished with value: 43.015228271484375 and parameters: {'gradient_clip_val': 0.2578208492989797, 'hidden_size': 49, 'dropout': 0.1835420546534417, 'hidden_continuous_size': 38, 'attention_head_size': 1, 'learning_rate': 0.06598750167674834}. Best is trial 74 with value: 31.34187889099121.
LOCAL_RANK: 0 - CUDA_VISIBLE_DEVICES: [0]
[I 2023-11-30 03:19:02,743] Trial 124 finished with value: 35.41484069824219 and parameters: {'gradient_clip_val': 0.20993247230974962, 'hidden_size': 52, 'dropout': 0.1907382807032031, 'hidden_continuous_size': 36, 'attention_head_size': 1, 'learning_rate': 0.08239035224445453}. Best is trial 74 with value: 31.34187889099121.
LOCAL_RANK: 0 - CUDA_VISIBLE_DEVICES: [0]
[I 2023-11-30 03:19:16,069] Trial 125 finished with value: 47.59304428100586 and parameters: {'gradient_clip_val': 0.18291985757252002, 'hidden_size': 46, 'dropout': 0.147786512490756, 'hidden_continuous_size': 39, 'attention_head_size': 1, 'learning_rate': 0.09985881364799606}. Best is trial 74 with value: 31.34187889099121.
LOCAL_RANK: 0 - CUDA_VISIBLE_DEVICES: [0]
[I 2023-11-30 03:19:29,764] Trial 126 finished with value: 46.3013916015625 and parameters: {'gradient_clip_val': 0.17018681399031763, 'hidden_size': 58, 'dropout': 0.15641002995395437, 'hidden_continuous_size': 43, 'attention_head_size': 3, 'learning_rate': 0.07484847679853096}. Best is trial 74 with value: 31.34187889099121.
LOCAL_RANK: 0 - CUDA_VISIBLE_DEVICES: [0]
[I 2023-11-30 03:19:43,128] Trial 127 finished with value: 31.8861141204834 and parameters: {'gradient_clip_val': 0.24196279267739604, 'hidden_size': 48, 'dropout': 0.13921882353257042, 'hidden_continuous_size': 41, 'attention_head_size': 1, 'learning_rate': 0.06352960186918306}. Best is trial 74 with value: 31.34187889099121.
LOCAL_RANK: 0 - CUDA_VISIBLE_DEVICES: [0]
[I 2023-11-30 03:19:56,313] Trial 128 finished with value: 40.297515869140625 and parameters: {'gradient_clip_val': 0.21949034175934926, 'hidden_size': 48, 'dropout': 0.1374402547215375, 'hidden_continuous_size': 42, 'attention_head_size': 1, 'learning_rate': 0.05150064098136777}. Best is trial 74 with value: 31.34187889099121.
LOCAL_RANK: 0 - CUDA_VISIBLE_DEVICES: [0]
[I 2023-11-30 03:20:09,572] Trial 129 finished with value: 40.062164306640625 and parameters: {'gradient_clip_val': 0.2014520626607054, 'hidden_size': 52, 'dropout': 0.16328534711587642, 'hidden_continuous_size': 40, 'attention_head_size': 1, 'learning_rate': 0.0631834169695043}. Best is trial 74 with value: 31.34187889099121.
LOCAL_RANK: 0 - CUDA_VISIBLE_DEVICES: [0]
[I 2023-11-30 03:20:22,590] Trial 130 finished with value: 41.79038619995117 and parameters: {'gradient_clip_val': 0.2713988019514845, 'hidden_size': 39, 'dropout': 0.17734188589230068, 'hidden_continuous_size': 37, 'attention_head_size': 1, 'learning_rate': 0.05702306621603165}. Best is trial 74 with value: 31.34187889099121.
LOCAL_RANK: 0 - CUDA_VISIBLE_DEVICES: [0]
[I 2023-11-30 03:20:36,065] Trial 131 finished with value: 35.14767837524414 and parameters: {'gradient_clip_val': 0.2409285003874965, 'hidden_size': 55, 'dropout': 0.14245184491248608, 'hidden_continuous_size': 41, 'attention_head_size': 1, 'learning_rate': 0.0695887240343821}. Best is trial 74 with value: 31.34187889099121.
LOCAL_RANK: 0 - CUDA_VISIBLE_DEVICES: [0]
[I 2023-11-30 03:20:49,776] Trial 132 finished with value: 40.646236419677734 and parameters: {'gradient_clip_val': 0.2302748262199444, 'hidden_size': 62, 'dropout': 0.1319755608451682, 'hidden_continuous_size': 35, 'attention_head_size': 2, 'learning_rate': 0.08532767374160637}. Best is trial 74 with value: 31.34187889099121.
LOCAL_RANK: 0 - CUDA_VISIBLE_DEVICES: [0]
[I 2023-11-30 03:21:03,335] Trial 133 finished with value: 41.07944869995117 and parameters: {'gradient_clip_val': 0.2951246880086374, 'hidden_size': 66, 'dropout': 0.1142932562187627, 'hidden_continuous_size': 44, 'attention_head_size': 1, 'learning_rate': 0.07777236456435582}. Best is trial 74 with value: 31.34187889099121.
LOCAL_RANK: 0 - CUDA_VISIBLE_DEVICES: [0]
[I 2023-11-30 03:21:16,761] Trial 134 finished with value: 36.17121124267578 and parameters: {'gradient_clip_val': 0.21094528055165027, 'hidden_size': 50, 'dropout': 0.1517639659433957, 'hidden_continuous_size': 38, 'attention_head_size': 1, 'learning_rate': 0.08991914954489921}. Best is trial 74 with value: 31.34187889099121.
LOCAL_RANK: 0 - CUDA_VISIBLE_DEVICES: [0]
[I 2023-11-30 03:21:30,170] Trial 135 finished with value: 42.24299621582031 and parameters: {'gradient_clip_val': 0.2521883947333044, 'hidden_size': 46, 'dropout': 0.124431315032289, 'hidden_continuous_size': 39, 'attention_head_size': 4, 'learning_rate': 0.06937537844830174}. Best is trial 74 with value: 31.34187889099121.
LOCAL_RANK: 0 - CUDA_VISIBLE_DEVICES: [0]
[I 2023-11-30 03:21:44,535] Trial 136 finished with value: 34.96934509277344 and parameters: {'gradient_clip_val': 0.1927427339741136, 'hidden_size': 118, 'dropout': 0.14331715676431964, 'hidden_continuous_size': 47, 'attention_head_size': 3, 'learning_rate': 0.06261299620019918}. Best is trial 74 with value: 31.34187889099121.
LOCAL_RANK: 0 - CUDA_VISIBLE_DEVICES: [0]
[I 2023-11-30 03:21:58,142] Trial 137 finished with value: 34.528690338134766 and parameters: {'gradient_clip_val': 0.21856400751149627, 'hidden_size': 57, 'dropout': 0.16767851026072678, 'hidden_continuous_size': 41, 'attention_head_size': 1, 'learning_rate': 0.04764836761765712}. Best is trial 74 with value: 31.34187889099121.
LOCAL_RANK: 0 - CUDA_VISIBLE_DEVICES: [0]
[I 2023-11-30 03:22:12,022] Trial 138 finished with value: 35.59266662597656 and parameters: {'gradient_clip_val': 0.1618608315693019, 'hidden_size': 93, 'dropout': 0.1168941927338582, 'hidden_continuous_size': 33, 'attention_head_size': 2, 'learning_rate': 0.05520928915401182}. Best is trial 74 with value: 31.34187889099121.
LOCAL_RANK: 0 - CUDA_VISIBLE_DEVICES: [0]
[I 2023-11-30 03:22:25,789] Trial 139 finished with value: 33.78532791137695 and parameters: {'gradient_clip_val': 0.24381482188791617, 'hidden_size': 71, 'dropout': 0.1377197428530909, 'hidden_continuous_size': 36, 'attention_head_size': 3, 'learning_rate': 0.09959561240318203}. Best is trial 74 with value: 31.34187889099121.
LOCAL_RANK: 0 - CUDA_VISIBLE_DEVICES: [0]
[I 2023-11-30 03:22:39,789] Trial 140 finished with value: 37.854244232177734 and parameters: {'gradient_clip_val': 0.22795270248419647, 'hidden_size': 101, 'dropout': 0.15803058274375079, 'hidden_continuous_size': 49, 'attention_head_size': 1, 'learning_rate': 0.079419325877076}. Best is trial 74 with value: 31.34187889099121.
LOCAL_RANK: 0 - CUDA_VISIBLE_DEVICES: [0]
[I 2023-11-30 03:22:53,667] Trial 141 finished with value: 45.41572952270508 and parameters: {'gradient_clip_val': 0.23631200913039757, 'hidden_size': 74, 'dropout': 0.13697944927465303, 'hidden_continuous_size': 44, 'attention_head_size': 3, 'learning_rate': 0.09969319108799737}. Best is trial 74 with value: 31.34187889099121.
LOCAL_RANK: 0 - CUDA_VISIBLE_DEVICES: [0]
[I 2023-11-30 03:23:07,488] Trial 142 finished with value: 41.3652229309082 and parameters: {'gradient_clip_val': 0.20611648444227762, 'hidden_size': 67, 'dropout': 0.13157830437288998, 'hidden_continuous_size': 35, 'attention_head_size': 3, 'learning_rate': 0.08785401185634072}. Best is trial 74 with value: 31.34187889099121.
LOCAL_RANK: 0 - CUDA_VISIBLE_DEVICES: [0]
[I 2023-11-30 03:23:21,121] Trial 143 finished with value: 36.5125617980957 and parameters: {'gradient_clip_val': 0.24669261104147736, 'hidden_size': 71, 'dropout': 0.14851539149135576, 'hidden_continuous_size': 36, 'attention_head_size': 3, 'learning_rate': 0.07400397699258923}. Best is trial 74 with value: 31.34187889099121.
LOCAL_RANK: 0 - CUDA_VISIBLE_DEVICES: [0]
[I 2023-11-30 03:23:34,505] Trial 144 finished with value: 39.884674072265625 and parameters: {'gradient_clip_val': 0.26016647477055277, 'hidden_size': 60, 'dropout': 0.12464367085808409, 'hidden_continuous_size': 38, 'attention_head_size': 3, 'learning_rate': 0.0935972266439183}. Best is trial 74 with value: 31.34187889099121.
LOCAL_RANK: 0 - CUDA_VISIBLE_DEVICES: [0]
[I 2023-11-30 03:23:47,989] Trial 145 finished with value: 39.09877395629883 and parameters: {'gradient_clip_val': 0.1863461565485792, 'hidden_size': 64, 'dropout': 0.10852524192172826, 'hidden_continuous_size': 40, 'attention_head_size': 3, 'learning_rate': 0.0658308004731247}. Best is trial 74 with value: 31.34187889099121.
LOCAL_RANK: 0 - CUDA_VISIBLE_DEVICES: [0]
[I 2023-11-30 03:24:01,576] Trial 146 finished with value: 35.827606201171875 and parameters: {'gradient_clip_val': 0.2127043762739261, 'hidden_size': 53, 'dropout': 0.14051930748979613, 'hidden_continuous_size': 34, 'attention_head_size': 3, 'learning_rate': 0.08205791041038346}. Best is trial 74 with value: 31.34187889099121.
LOCAL_RANK: 0 - CUDA_VISIBLE_DEVICES: [0]
[I 2023-11-30 03:24:15,887] Trial 147 finished with value: 43.16849899291992 and parameters: {'gradient_clip_val': 0.17689337746944386, 'hidden_size': 105, 'dropout': 0.1177894820633278, 'hidden_continuous_size': 33, 'attention_head_size': 3, 'learning_rate': 0.0753697812553926}. Best is trial 74 with value: 31.34187889099121.
LOCAL_RANK: 0 - CUDA_VISIBLE_DEVICES: [0]
[I 2023-11-30 03:24:29,629] Trial 148 finished with value: 39.209110260009766 and parameters: {'gradient_clip_val': 0.20056240262604091, 'hidden_size': 87, 'dropout': 0.13424247016024637, 'hidden_continuous_size': 31, 'attention_head_size': 4, 'learning_rate': 0.08978431579107193}. Best is trial 74 with value: 31.34187889099121.
LOCAL_RANK: 0 - CUDA_VISIBLE_DEVICES: [0]
[I 2023-11-30 03:24:42,790] Trial 149 finished with value: 37.89857864379883 and parameters: {'gradient_clip_val': 0.2235279245610859, 'hidden_size': 48, 'dropout': 0.1532565288154402, 'hidden_continuous_size': 38, 'attention_head_size': 1, 'learning_rate': 0.059558037330019915}. Best is trial 74 with value: 31.34187889099121.
[I 2023-11-30 03:24:42,901] A new study created in memory with name: no-name-98660121-c6d2-4bad-baf7-378c670ef435
/home/le004/conda/anaconda3/envs/tsff_env/lib/python3.9/site-packages/lightning/fabric/plugins/environments/slurm.py:191: The `srun` command is available on your system but is not used. HINT: If your intention is to run Lightning on SLURM, prepend your python command with `srun` like so: srun python /home/le004/master_thesis/git/TSFusionForecast/code/ ...
LOCAL_RANK: 0 - CUDA_VISIBLE_DEVICES: [0]
[I 2023-11-30 03:24:55,650] Trial 0 finished with value: 190.5644073486328 and parameters: {'gradient_clip_val': 0.26255113938017277, 'hidden_size': 30, 'dropout': 0.2270312358775522, 'hidden_continuous_size': 20, 'attention_head_size': 4, 'learning_rate': 0.005815859250247342}. Best is trial 0 with value: 190.5644073486328.
LOCAL_RANK: 0 - CUDA_VISIBLE_DEVICES: [0]
[I 2023-11-30 03:25:08,555] Trial 1 finished with value: 196.3944549560547 and parameters: {'gradient_clip_val': 0.7949474293576468, 'hidden_size': 34, 'dropout': 0.1299796642648583, 'hidden_continuous_size': 26, 'attention_head_size': 3, 'learning_rate': 0.024680743238385938}. Best is trial 0 with value: 190.5644073486328.
LOCAL_RANK: 0 - CUDA_VISIBLE_DEVICES: [0]
[I 2023-11-30 03:25:20,813] Trial 2 finished with value: 245.8404083251953 and parameters: {'gradient_clip_val': 0.40865613075515095, 'hidden_size': 20, 'dropout': 0.38559960130878634, 'hidden_continuous_size': 11, 'attention_head_size': 2, 'learning_rate': 0.005095435670529177}. Best is trial 0 with value: 190.5644073486328.
LOCAL_RANK: 0 - CUDA_VISIBLE_DEVICES: [0]
[I 2023-11-30 03:25:31,282] Trial 3 finished with value: 165.1824951171875 and parameters: {'gradient_clip_val': 0.23276297429808962, 'hidden_size': 11, 'dropout': 0.30158342592479104, 'hidden_continuous_size': 11, 'attention_head_size': 4, 'learning_rate': 0.052928608160856476}. Best is trial 3 with value: 165.1824951171875.
LOCAL_RANK: 0 - CUDA_VISIBLE_DEVICES: [0]
[I 2023-11-30 03:25:44,876] Trial 4 finished with value: 233.16326904296875 and parameters: {'gradient_clip_val': 0.10879017268749708, 'hidden_size': 109, 'dropout': 0.16062178795574938, 'hidden_continuous_size': 14, 'attention_head_size': 1, 'learning_rate': 0.001651897495640449}. Best is trial 3 with value: 165.1824951171875.
LOCAL_RANK: 0 - CUDA_VISIBLE_DEVICES: [0]
[I 2023-11-30 03:25:58,789] Trial 5 finished with value: 188.2218780517578 and parameters: {'gradient_clip_val': 0.8227182047429245, 'hidden_size': 79, 'dropout': 0.3574767915876337, 'hidden_continuous_size': 39, 'attention_head_size': 4, 'learning_rate': 0.032949486709693436}. Best is trial 3 with value: 165.1824951171875.
LOCAL_RANK: 0 - CUDA_VISIBLE_DEVICES: [0]
[I 2023-11-30 03:26:12,816] Trial 6 finished with value: 186.81398010253906 and parameters: {'gradient_clip_val': 0.18953303479741895, 'hidden_size': 118, 'dropout': 0.13461600826768058, 'hidden_continuous_size': 19, 'attention_head_size': 1, 'learning_rate': 0.007699855691007288}. Best is trial 3 with value: 165.1824951171875.
LOCAL_RANK: 0 - CUDA_VISIBLE_DEVICES: [0]
[I 2023-11-30 03:26:24,981] Trial 7 finished with value: 170.21743774414062 and parameters: {'gradient_clip_val': 0.8372606086031734, 'hidden_size': 13, 'dropout': 0.25636112542677225, 'hidden_continuous_size': 11, 'attention_head_size': 1, 'learning_rate': 0.0708327475173057}. Best is trial 3 with value: 165.1824951171875.
LOCAL_RANK: 0 - CUDA_VISIBLE_DEVICES: [0]
[I 2023-11-30 03:26:37,704] Trial 8 finished with value: 234.7601318359375 and parameters: {'gradient_clip_val': 0.676492729628001, 'hidden_size': 35, 'dropout': 0.1459749136812789, 'hidden_continuous_size': 11, 'attention_head_size': 3, 'learning_rate': 0.0042049834104880964}. Best is trial 3 with value: 165.1824951171875.
LOCAL_RANK: 0 - CUDA_VISIBLE_DEVICES: [0]
[I 2023-11-30 03:26:51,584] Trial 9 finished with value: 209.72161865234375 and parameters: {'gradient_clip_val': 0.2096020603995633, 'hidden_size': 90, 'dropout': 0.28942861894941896, 'hidden_continuous_size': 36, 'attention_head_size': 3, 'learning_rate': 0.07090210611762589}. Best is trial 3 with value: 165.1824951171875.
LOCAL_RANK: 0 - CUDA_VISIBLE_DEVICES: [0]
[I 2023-11-30 03:27:03,834] Trial 10 finished with value: 179.1960906982422 and parameters: {'gradient_clip_val': 0.39185926570315077, 'hidden_size': 11, 'dropout': 0.32313838308810444, 'hidden_continuous_size': 10, 'attention_head_size': 4, 'learning_rate': 0.019944658915533882}. Best is trial 3 with value: 165.1824951171875.
LOCAL_RANK: 0 - CUDA_VISIBLE_DEVICES: [0]
[I 2023-11-30 03:27:14,489] Trial 11 finished with value: 138.38946533203125 and parameters: {'gradient_clip_val': 0.9949440356009567, 'hidden_size': 10, 'dropout': 0.255880570213865, 'hidden_continuous_size': 10, 'attention_head_size': 2, 'learning_rate': 0.08828213629942447}. Best is trial 11 with value: 138.38946533203125.
LOCAL_RANK: 0 - CUDA_VISIBLE_DEVICES: [0]
[I 2023-11-30 03:27:24,730] Trial 12 finished with value: 163.3925018310547 and parameters: {'gradient_clip_val': 0.5006939337497324, 'hidden_size': 10, 'dropout': 0.22103274572724618, 'hidden_continuous_size': 10, 'attention_head_size': 2, 'learning_rate': 0.09949146769880099}. Best is trial 11 with value: 138.38946533203125.
LOCAL_RANK: 0 - CUDA_VISIBLE_DEVICES: [0]
[I 2023-11-30 03:27:37,066] Trial 13 finished with value: 176.52337646484375 and parameters: {'gradient_clip_val': 0.5807272179243713, 'hidden_size': 17, 'dropout': 0.21103551090619588, 'hidden_continuous_size': 10, 'attention_head_size': 2, 'learning_rate': 0.09691029141478241}. Best is trial 11 with value: 138.38946533203125.
LOCAL_RANK: 0 - CUDA_VISIBLE_DEVICES: [0]
[I 2023-11-30 03:27:49,327] Trial 14 finished with value: 158.3792266845703 and parameters: {'gradient_clip_val': 0.5359490646235926, 'hidden_size': 18, 'dropout': 0.1999703703324477, 'hidden_continuous_size': 10, 'attention_head_size': 2, 'learning_rate': 0.03677403879581295}. Best is trial 11 with value: 138.38946533203125.
LOCAL_RANK: 0 - CUDA_VISIBLE_DEVICES: [0]
[I 2023-11-30 03:28:01,643] Trial 15 finished with value: 181.22845458984375 and parameters: {'gradient_clip_val': 0.9882162611882459, 'hidden_size': 19, 'dropout': 0.18140604135933786, 'hidden_continuous_size': 12, 'attention_head_size': 2, 'learning_rate': 0.042152634175987164}. Best is trial 11 with value: 138.38946533203125.
LOCAL_RANK: 0 - CUDA_VISIBLE_DEVICES: [0]
[I 2023-11-30 03:28:14,030] Trial 16 finished with value: 198.5752716064453 and parameters: {'gradient_clip_val': 0.584091239337613, 'hidden_size': 15, 'dropout': 0.2608273118433709, 'hidden_continuous_size': 10, 'attention_head_size': 2, 'learning_rate': 0.015532974551224795}. Best is trial 11 with value: 138.38946533203125.
LOCAL_RANK: 0 - CUDA_VISIBLE_DEVICES: [0]
[I 2023-11-30 03:28:26,395] Trial 17 finished with value: 211.08079528808594 and parameters: {'gradient_clip_val': 0.993800188271101, 'hidden_size': 23, 'dropout': 0.10462865560866458, 'hidden_continuous_size': 12, 'attention_head_size': 3, 'learning_rate': 0.02907369930399398}. Best is trial 11 with value: 138.38946533203125.
LOCAL_RANK: 0 - CUDA_VISIBLE_DEVICES: [0]
[I 2023-11-30 03:28:38,566] Trial 18 finished with value: 186.06297302246094 and parameters: {'gradient_clip_val': 0.6707673158368369, 'hidden_size': 13, 'dropout': 0.19131008368916982, 'hidden_continuous_size': 10, 'attention_head_size': 1, 'learning_rate': 0.04662042753485488}. Best is trial 11 with value: 138.38946533203125.
LOCAL_RANK: 0 - CUDA_VISIBLE_DEVICES: [0]
[I 2023-11-30 03:28:50,974] Trial 19 finished with value: 154.94061279296875 and parameters: {'gradient_clip_val': 0.4392523186112239, 'hidden_size': 26, 'dropout': 0.24833132598971708, 'hidden_continuous_size': 14, 'attention_head_size': 2, 'learning_rate': 0.013467652550288962}. Best is trial 11 with value: 138.38946533203125.
LOCAL_RANK: 0 - CUDA_VISIBLE_DEVICES: [0]
[I 2023-11-30 03:29:03,511] Trial 20 finished with value: 153.15684509277344 and parameters: {'gradient_clip_val': 0.32263664148560134, 'hidden_size': 25, 'dropout': 0.24082947813268255, 'hidden_continuous_size': 14, 'attention_head_size': 3, 'learning_rate': 0.012806374471510052}. Best is trial 11 with value: 138.38946533203125.
LOCAL_RANK: 0 - CUDA_VISIBLE_DEVICES: [0]
[I 2023-11-30 03:29:16,599] Trial 21 finished with value: 217.2004852294922 and parameters: {'gradient_clip_val': 0.32917308382545596, 'hidden_size': 50, 'dropout': 0.24352174803903934, 'hidden_continuous_size': 14, 'attention_head_size': 3, 'learning_rate': 0.01372466461848787}. Best is trial 11 with value: 138.38946533203125.
LOCAL_RANK: 0 - CUDA_VISIBLE_DEVICES: [0]
[I 2023-11-30 03:29:29,045] Trial 22 finished with value: 155.14796447753906 and parameters: {'gradient_clip_val': 0.43683638547625087, 'hidden_size': 26, 'dropout': 0.27543043275244206, 'hidden_continuous_size': 14, 'attention_head_size': 2, 'learning_rate': 0.010724137701533194}. Best is trial 11 with value: 138.38946533203125.
LOCAL_RANK: 0 - CUDA_VISIBLE_DEVICES: [0]
[I 2023-11-30 03:29:41,401] Trial 23 finished with value: 183.7574005126953 and parameters: {'gradient_clip_val': 0.32093146539970924, 'hidden_size': 25, 'dropout': 0.23349722985234123, 'hidden_continuous_size': 13, 'attention_head_size': 3, 'learning_rate': 0.020470398555433516}. Best is trial 11 with value: 138.38946533203125.
LOCAL_RANK: 0 - CUDA_VISIBLE_DEVICES: [0]
[I 2023-11-30 03:29:54,185] Trial 24 finished with value: 157.5051727294922 and parameters: {'gradient_clip_val': 0.46974437147773906, 'hidden_size': 48, 'dropout': 0.2575913871649799, 'hidden_continuous_size': 16, 'attention_head_size': 2, 'learning_rate': 0.010561733199272333}. Best is trial 11 with value: 138.38946533203125.
LOCAL_RANK: 0 - CUDA_VISIBLE_DEVICES: [0]
[I 2023-11-30 03:30:06,378] Trial 25 finished with value: 210.3563232421875 and parameters: {'gradient_clip_val': 0.392650503330187, 'hidden_size': 15, 'dropout': 0.2355512583607881, 'hidden_continuous_size': 11, 'attention_head_size': 3, 'learning_rate': 0.014962688156012503}. Best is trial 11 with value: 138.38946533203125.
LOCAL_RANK: 0 - CUDA_VISIBLE_DEVICES: [0]
[I 2023-11-30 03:30:18,642] Trial 26 finished with value: 162.92202758789062 and parameters: {'gradient_clip_val': 0.28077346582311036, 'hidden_size': 23, 'dropout': 0.27676624104250563, 'hidden_continuous_size': 13, 'attention_head_size': 2, 'learning_rate': 0.02786871760894605}. Best is trial 11 with value: 138.38946533203125.
LOCAL_RANK: 0 - CUDA_VISIBLE_DEVICES: [0]
[I 2023-11-30 03:30:31,281] Trial 27 finished with value: 209.0000762939453 and parameters: {'gradient_clip_val': 0.6627031678364005, 'hidden_size': 29, 'dropout': 0.21317466012100222, 'hidden_continuous_size': 16, 'attention_head_size': 1, 'learning_rate': 0.008238982309062951}. Best is trial 11 with value: 138.38946533203125.
LOCAL_RANK: 0 - CUDA_VISIBLE_DEVICES: [0]
[I 2023-11-30 03:30:44,199] Trial 28 finished with value: 178.7332000732422 and parameters: {'gradient_clip_val': 0.3408796957635174, 'hidden_size': 39, 'dropout': 0.3101112684004306, 'hidden_continuous_size': 16, 'attention_head_size': 3, 'learning_rate': 0.021198922661733073}. Best is trial 11 with value: 138.38946533203125.
LOCAL_RANK: 0 - CUDA_VISIBLE_DEVICES: [0]
[I 2023-11-30 03:30:56,653] Trial 29 finished with value: 321.5135803222656 and parameters: {'gradient_clip_val': 0.26959455175959346, 'hidden_size': 21, 'dropout': 0.22323180669847772, 'hidden_continuous_size': 15, 'attention_head_size': 4, 'learning_rate': 0.004001713392748451}. Best is trial 11 with value: 138.38946533203125.
LOCAL_RANK: 0 - CUDA_VISIBLE_DEVICES: [0]
