[I 2023-11-30 14:29:05,741] Trial 102 finished with value: 3.310152769088745 and parameters: {'gradient_clip_val': 0.5571632101251743, 'hidden_size': 145, 'dropout': 0.2946507786805911, 'hidden_continuous_size': 118, 'attention_head_size': 2, 'learning_rate': 0.020587485702215115}. Best is trial 15 with value: 3.0884952545166016.
LOCAL_RANK: 0 - CUDA_VISIBLE_DEVICES: [0]
[I 2023-11-30 14:29:21,065] Trial 103 finished with value: 3.7404327392578125 and parameters: {'gradient_clip_val': 0.8722563076458186, 'hidden_size': 112, 'dropout': 0.2876082145767185, 'hidden_continuous_size': 101, 'attention_head_size': 2, 'learning_rate': 0.017688067261802592}. Best is trial 15 with value: 3.0884952545166016.
LOCAL_RANK: 0 - CUDA_VISIBLE_DEVICES: [0]
[I 2023-11-30 14:29:36,238] Trial 104 finished with value: 3.4711310863494873 and parameters: {'gradient_clip_val': 0.9533101552545268, 'hidden_size': 124, 'dropout': 0.315383862323672, 'hidden_continuous_size': 94, 'attention_head_size': 2, 'learning_rate': 0.02907886416356407}. Best is trial 15 with value: 3.0884952545166016.
LOCAL_RANK: 0 - CUDA_VISIBLE_DEVICES: [0]
[I 2023-11-30 14:29:52,133] Trial 105 finished with value: 3.0727169513702393 and parameters: {'gradient_clip_val': 0.816957134269967, 'hidden_size': 148, 'dropout': 0.278665472716938, 'hidden_continuous_size': 130, 'attention_head_size': 1, 'learning_rate': 0.024754707270558347}. Best is trial 105 with value: 3.0727169513702393.
LOCAL_RANK: 0 - CUDA_VISIBLE_DEVICES: [0]
[I 2023-11-30 14:30:07,903] Trial 106 finished with value: 4.218806743621826 and parameters: {'gradient_clip_val': 0.8146842321829348, 'hidden_size': 137, 'dropout': 0.2784949153764292, 'hidden_continuous_size': 129, 'attention_head_size': 1, 'learning_rate': 0.023638667765925776}. Best is trial 105 with value: 3.0727169513702393.
LOCAL_RANK: 0 - CUDA_VISIBLE_DEVICES: [0]
[I 2023-11-30 14:30:22,650] Trial 107 finished with value: 3.6791632175445557 and parameters: {'gradient_clip_val': 0.9031245863601605, 'hidden_size': 97, 'dropout': 0.2561824833521893, 'hidden_continuous_size': 87, 'attention_head_size': 1, 'learning_rate': 0.027336013839148875}. Best is trial 105 with value: 3.0727169513702393.
LOCAL_RANK: 0 - CUDA_VISIBLE_DEVICES: [0]
[I 2023-11-30 14:30:37,893] Trial 108 finished with value: 4.004675388336182 and parameters: {'gradient_clip_val': 0.7423801232979337, 'hidden_size': 90, 'dropout': 0.26283289399007703, 'hidden_continuous_size': 82, 'attention_head_size': 1, 'learning_rate': 0.03279792627444006}. Best is trial 105 with value: 3.0727169513702393.
LOCAL_RANK: 0 - CUDA_VISIBLE_DEVICES: [0]
[I 2023-11-30 14:30:53,471] Trial 109 finished with value: 4.40179967880249 and parameters: {'gradient_clip_val': 0.7791454607229342, 'hidden_size': 106, 'dropout': 0.24606241058739567, 'hidden_continuous_size': 94, 'attention_head_size': 1, 'learning_rate': 0.025905992089673792}. Best is trial 105 with value: 3.0727169513702393.
LOCAL_RANK: 0 - CUDA_VISIBLE_DEVICES: [0]
[I 2023-11-30 14:31:08,423] Trial 110 finished with value: 4.373729228973389 and parameters: {'gradient_clip_val': 0.846694688218493, 'hidden_size': 85, 'dropout': 0.2683450991377308, 'hidden_continuous_size': 77, 'attention_head_size': 1, 'learning_rate': 0.051331714329083934}. Best is trial 105 with value: 3.0727169513702393.
LOCAL_RANK: 0 - CUDA_VISIBLE_DEVICES: [0]
[I 2023-11-30 14:31:24,143] Trial 111 finished with value: 4.014537334442139 and parameters: {'gradient_clip_val': 0.689799669150046, 'hidden_size': 150, 'dropout': 0.29138189308473816, 'hidden_continuous_size': 128, 'attention_head_size': 2, 'learning_rate': 0.019694984417478804}. Best is trial 105 with value: 3.0727169513702393.
LOCAL_RANK: 0 - CUDA_VISIBLE_DEVICES: [0]
[I 2023-11-30 14:31:39,968] Trial 112 finished with value: 3.3723392486572266 and parameters: {'gradient_clip_val': 0.9434188217121744, 'hidden_size': 131, 'dropout': 0.29762801266964783, 'hidden_continuous_size': 112, 'attention_head_size': 1, 'learning_rate': 0.021583182914983352}. Best is trial 105 with value: 3.0727169513702393.
LOCAL_RANK: 0 - CUDA_VISIBLE_DEVICES: [0]
[I 2023-11-30 14:31:55,869] Trial 113 finished with value: 4.313613414764404 and parameters: {'gradient_clip_val': 0.7148063391571627, 'hidden_size': 140, 'dropout': 0.3080638803433833, 'hidden_continuous_size': 123, 'attention_head_size': 3, 'learning_rate': 0.017819417404235635}. Best is trial 105 with value: 3.0727169513702393.
LOCAL_RANK: 0 - CUDA_VISIBLE_DEVICES: [0]
[I 2023-11-30 14:32:12,070] Trial 114 finished with value: 3.9101040363311768 and parameters: {'gradient_clip_val': 0.8054046842650489, 'hidden_size': 117, 'dropout': 0.2752701280072023, 'hidden_continuous_size': 107, 'attention_head_size': 2, 'learning_rate': 0.01629769325188706}. Best is trial 105 with value: 3.0727169513702393.
LOCAL_RANK: 0 - CUDA_VISIBLE_DEVICES: [0]
[I 2023-11-30 14:32:28,747] Trial 115 finished with value: 4.2669525146484375 and parameters: {'gradient_clip_val': 0.8706144146814296, 'hidden_size': 124, 'dropout': 0.228544647478072, 'hidden_continuous_size': 114, 'attention_head_size': 1, 'learning_rate': 0.036717059320817196}. Best is trial 105 with value: 3.0727169513702393.
LOCAL_RANK: 0 - CUDA_VISIBLE_DEVICES: [0]
[I 2023-11-30 14:32:44,487] Trial 116 finished with value: 4.33259916305542 and parameters: {'gradient_clip_val': 0.5894661029638728, 'hidden_size': 150, 'dropout': 0.2535426355912271, 'hidden_continuous_size': 142, 'attention_head_size': 3, 'learning_rate': 0.012521466277676892}. Best is trial 105 with value: 3.0727169513702393.
LOCAL_RANK: 0 - CUDA_VISIBLE_DEVICES: [0]
[I 2023-11-30 14:33:00,447] Trial 117 finished with value: 4.172565937042236 and parameters: {'gradient_clip_val': 0.640761460587035, 'hidden_size': 111, 'dropout': 0.28111255783181316, 'hidden_continuous_size': 106, 'attention_head_size': 3, 'learning_rate': 0.030050730526031758}. Best is trial 105 with value: 3.0727169513702393.
LOCAL_RANK: 0 - CUDA_VISIBLE_DEVICES: [0]
[I 2023-11-30 14:33:15,623] Trial 118 finished with value: 4.866748332977295 and parameters: {'gradient_clip_val': 0.755498946204987, 'hidden_size': 133, 'dropout': 0.2879346393781411, 'hidden_continuous_size': 122, 'attention_head_size': 1, 'learning_rate': 0.024474394858747247}. Best is trial 105 with value: 3.0727169513702393.
LOCAL_RANK: 0 - CUDA_VISIBLE_DEVICES: [0]
[I 2023-11-30 14:33:30,369] Trial 119 finished with value: 4.1230669021606445 and parameters: {'gradient_clip_val': 0.9629192792438312, 'hidden_size': 101, 'dropout': 0.3007902116664059, 'hidden_continuous_size': 96, 'attention_head_size': 3, 'learning_rate': 0.04357753239454504}. Best is trial 105 with value: 3.0727169513702393.
LOCAL_RANK: 0 - CUDA_VISIBLE_DEVICES: [0]
[I 2023-11-30 14:33:45,173] Trial 120 finished with value: 4.1325459480285645 and parameters: {'gradient_clip_val': 0.9087791335530313, 'hidden_size': 121, 'dropout': 0.23509945140382932, 'hidden_continuous_size': 111, 'attention_head_size': 4, 'learning_rate': 0.013402096535263822}. Best is trial 105 with value: 3.0727169513702393.
LOCAL_RANK: 0 - CUDA_VISIBLE_DEVICES: [0]
[I 2023-11-30 14:33:59,212] Trial 121 finished with value: 3.9693167209625244 and parameters: {'gradient_clip_val': 0.8757951737181711, 'hidden_size': 109, 'dropout': 0.261492127957535, 'hidden_continuous_size': 63, 'attention_head_size': 1, 'learning_rate': 0.032264406013698566}. Best is trial 105 with value: 3.0727169513702393.
LOCAL_RANK: 0 - CUDA_VISIBLE_DEVICES: [0]
[I 2023-11-30 14:34:13,635] Trial 122 finished with value: 3.53141713142395 and parameters: {'gradient_clip_val': 0.8329777782733248, 'hidden_size': 105, 'dropout': 0.2652379009337687, 'hidden_continuous_size': 98, 'attention_head_size': 1, 'learning_rate': 0.028972001479851274}. Best is trial 105 with value: 3.0727169513702393.
LOCAL_RANK: 0 - CUDA_VISIBLE_DEVICES: [0]
[I 2023-11-30 14:34:27,828] Trial 123 finished with value: 3.919919729232788 and parameters: {'gradient_clip_val': 0.9066482383744418, 'hidden_size': 98, 'dropout': 0.2744191107307717, 'hidden_continuous_size': 92, 'attention_head_size': 1, 'learning_rate': 0.018991887749702396}. Best is trial 105 with value: 3.0727169513702393.
LOCAL_RANK: 0 - CUDA_VISIBLE_DEVICES: [0]
[I 2023-11-30 14:34:42,382] Trial 124 finished with value: 3.568527936935425 and parameters: {'gradient_clip_val': 0.7852278710662175, 'hidden_size': 113, 'dropout': 0.25956177670664937, 'hidden_continuous_size': 107, 'attention_head_size': 1, 'learning_rate': 0.02648085651729494}. Best is trial 105 with value: 3.0727169513702393.
LOCAL_RANK: 0 - CUDA_VISIBLE_DEVICES: [0]
[I 2023-11-30 14:34:56,680] Trial 125 finished with value: 4.429276943206787 and parameters: {'gradient_clip_val': 0.8514279854033999, 'hidden_size': 90, 'dropout': 0.28529324931477923, 'hidden_continuous_size': 86, 'attention_head_size': 1, 'learning_rate': 0.0325531657988647}. Best is trial 105 with value: 3.0727169513702393.
LOCAL_RANK: 0 - CUDA_VISIBLE_DEVICES: [0]
[I 2023-11-30 14:35:11,015] Trial 126 finished with value: 2.987025022506714 and parameters: {'gradient_clip_val': 0.9728186060352463, 'hidden_size': 127, 'dropout': 0.24324084891598313, 'hidden_continuous_size': 61, 'attention_head_size': 2, 'learning_rate': 0.021492620114784033}. Best is trial 126 with value: 2.987025022506714.
LOCAL_RANK: 0 - CUDA_VISIBLE_DEVICES: [0]
[I 2023-11-30 14:35:25,427] Trial 127 finished with value: 3.4508349895477295 and parameters: {'gradient_clip_val': 0.9980528554909874, 'hidden_size': 141, 'dropout': 0.23030425309818375, 'hidden_continuous_size': 54, 'attention_head_size': 2, 'learning_rate': 0.021594448502220934}. Best is trial 126 with value: 2.987025022506714.
LOCAL_RANK: 0 - CUDA_VISIBLE_DEVICES: [0]
[I 2023-11-30 14:35:39,604] Trial 128 finished with value: 3.6577718257904053 and parameters: {'gradient_clip_val': 0.9591142497345233, 'hidden_size': 128, 'dropout': 0.24224820027648986, 'hidden_continuous_size': 58, 'attention_head_size': 2, 'learning_rate': 0.01519593195645479}. Best is trial 126 with value: 2.987025022506714.
LOCAL_RANK: 0 - CUDA_VISIBLE_DEVICES: [0]
[I 2023-11-30 14:35:54,307] Trial 129 finished with value: 3.334462881088257 and parameters: {'gradient_clip_val': 0.6890041500613536, 'hidden_size': 78, 'dropout': 0.22336829206056982, 'hidden_continuous_size': 75, 'attention_head_size': 2, 'learning_rate': 0.023676004103682226}. Best is trial 126 with value: 2.987025022506714.
LOCAL_RANK: 0 - CUDA_VISIBLE_DEVICES: [0]
[I 2023-11-30 14:36:09,737] Trial 130 finished with value: 3.7802188396453857 and parameters: {'gradient_clip_val': 0.617260446425646, 'hidden_size': 135, 'dropout': 0.21413719362825784, 'hidden_continuous_size': 127, 'attention_head_size': 2, 'learning_rate': 0.016948594641531638}. Best is trial 126 with value: 2.987025022506714.
LOCAL_RANK: 0 - CUDA_VISIBLE_DEVICES: [0]
[I 2023-11-30 14:36:24,980] Trial 131 finished with value: 4.2607855796813965 and parameters: {'gradient_clip_val': 0.8924529745202742, 'hidden_size': 118, 'dropout': 0.24736078243700094, 'hidden_continuous_size': 61, 'attention_head_size': 3, 'learning_rate': 0.03557558066926458}. Best is trial 126 with value: 2.987025022506714.
LOCAL_RANK: 0 - CUDA_VISIBLE_DEVICES: [0]
[I 2023-11-30 14:36:39,731] Trial 132 finished with value: 3.436126470565796 and parameters: {'gradient_clip_val': 0.8194124261803973, 'hidden_size': 104, 'dropout': 0.23690973003923335, 'hidden_continuous_size': 99, 'attention_head_size': 2, 'learning_rate': 0.08763589716217633}. Best is trial 126 with value: 2.987025022506714.
LOCAL_RANK: 0 - CUDA_VISIBLE_DEVICES: [0]
[I 2023-11-30 14:36:54,707] Trial 133 finished with value: 3.6063168048858643 and parameters: {'gradient_clip_val': 0.9459589176266957, 'hidden_size': 94, 'dropout': 0.25460985699830846, 'hidden_continuous_size': 89, 'attention_head_size': 2, 'learning_rate': 0.019849525793757598}. Best is trial 126 with value: 2.987025022506714.
LOCAL_RANK: 0 - CUDA_VISIBLE_DEVICES: [0]
[I 2023-11-30 14:37:09,588] Trial 134 finished with value: 4.90996789932251 and parameters: {'gradient_clip_val': 0.7257275551069631, 'hidden_size': 109, 'dropout': 0.2808666486263699, 'hidden_continuous_size': 105, 'attention_head_size': 1, 'learning_rate': 0.030669017234010366}. Best is trial 126 with value: 2.987025022506714.
LOCAL_RANK: 0 - CUDA_VISIBLE_DEVICES: [0]
[I 2023-11-30 14:37:24,940] Trial 135 finished with value: 4.8216400146484375 and parameters: {'gradient_clip_val': 0.7688360388384771, 'hidden_size': 124, 'dropout': 0.29685068879268306, 'hidden_continuous_size': 65, 'attention_head_size': 3, 'learning_rate': 0.038568327824043305}. Best is trial 126 with value: 2.987025022506714.
LOCAL_RANK: 0 - CUDA_VISIBLE_DEVICES: [0]
[I 2023-11-30 14:37:39,359] Trial 136 finished with value: 3.809260606765747 and parameters: {'gradient_clip_val': 0.8604651788962, 'hidden_size': 82, 'dropout': 0.2696085805944766, 'hidden_continuous_size': 80, 'attention_head_size': 2, 'learning_rate': 0.025123624558262676}. Best is trial 126 with value: 2.987025022506714.
LOCAL_RANK: 0 - CUDA_VISIBLE_DEVICES: [0]
[I 2023-11-30 14:37:54,256] Trial 137 finished with value: 4.304742813110352 and parameters: {'gradient_clip_val': 0.9933713051744575, 'hidden_size': 100, 'dropout': 0.2502165933436512, 'hidden_continuous_size': 94, 'attention_head_size': 1, 'learning_rate': 0.022533847007747035}. Best is trial 126 with value: 2.987025022506714.
LOCAL_RANK: 0 - CUDA_VISIBLE_DEVICES: [0]
[I 2023-11-30 14:38:09,263] Trial 138 finished with value: 3.3705222606658936 and parameters: {'gradient_clip_val': 0.9240540268371359, 'hidden_size': 116, 'dropout': 0.29141836293033474, 'hidden_continuous_size': 52, 'attention_head_size': 3, 'learning_rate': 0.020700375238560265}. Best is trial 126 with value: 2.987025022506714.
LOCAL_RANK: 0 - CUDA_VISIBLE_DEVICES: [0]
[I 2023-11-30 14:38:24,678] Trial 139 finished with value: 3.1079604625701904 and parameters: {'gradient_clip_val': 0.8858689123279588, 'hidden_size': 141, 'dropout': 0.3123457774204663, 'hidden_continuous_size': 134, 'attention_head_size': 2, 'learning_rate': 0.02773255119488564}. Best is trial 126 with value: 2.987025022506714.
LOCAL_RANK: 0 - CUDA_VISIBLE_DEVICES: [0]
[I 2023-11-30 14:38:40,185] Trial 140 finished with value: 3.7270164489746094 and parameters: {'gradient_clip_val': 0.8163506080422884, 'hidden_size': 142, 'dropout': 0.32339412869717815, 'hidden_continuous_size': 135, 'attention_head_size': 2, 'learning_rate': 0.018856657543708005}. Best is trial 126 with value: 2.987025022506714.
LOCAL_RANK: 0 - CUDA_VISIBLE_DEVICES: [0]
[I 2023-11-30 14:38:55,403] Trial 141 finished with value: 3.6797683238983154 and parameters: {'gradient_clip_val': 0.8825428751181632, 'hidden_size': 129, 'dropout': 0.30635247946084465, 'hidden_continuous_size': 118, 'attention_head_size': 2, 'learning_rate': 0.026655732717549462}. Best is trial 126 with value: 2.987025022506714.
LOCAL_RANK: 0 - CUDA_VISIBLE_DEVICES: [0]
[I 2023-11-30 14:39:10,505] Trial 142 finished with value: 4.634008884429932 and parameters: {'gradient_clip_val': 0.9252897761590329, 'hidden_size': 137, 'dropout': 0.22639584666218476, 'hidden_continuous_size': 61, 'attention_head_size': 2, 'learning_rate': 0.02975022763140849}. Best is trial 126 with value: 2.987025022506714.
LOCAL_RANK: 0 - CUDA_VISIBLE_DEVICES: [0]
[I 2023-11-30 14:39:25,885] Trial 143 finished with value: 4.658904552459717 and parameters: {'gradient_clip_val': 0.7897399417637165, 'hidden_size': 148, 'dropout': 0.30961669497139704, 'hidden_continuous_size': 145, 'attention_head_size': 2, 'learning_rate': 0.03431240095261274}. Best is trial 126 with value: 2.987025022506714.
LOCAL_RANK: 0 - CUDA_VISIBLE_DEVICES: [0]
[I 2023-11-30 14:39:40,475] Trial 144 finished with value: 3.1569950580596924 and parameters: {'gradient_clip_val': 0.835144648372371, 'hidden_size': 86, 'dropout': 0.2868549728046984, 'hidden_continuous_size': 83, 'attention_head_size': 2, 'learning_rate': 0.024267726775951536}. Best is trial 126 with value: 2.987025022506714.
LOCAL_RANK: 0 - CUDA_VISIBLE_DEVICES: [0]
[I 2023-11-30 14:39:55,792] Trial 145 finished with value: 3.4525184631347656 and parameters: {'gradient_clip_val': 0.738534544196593, 'hidden_size': 90, 'dropout': 0.29905467129993857, 'hidden_continuous_size': 85, 'attention_head_size': 2, 'learning_rate': 0.02412024407147533}. Best is trial 126 with value: 2.987025022506714.
LOCAL_RANK: 0 - CUDA_VISIBLE_DEVICES: [0]
[I 2023-11-30 14:40:10,750] Trial 146 finished with value: 3.2412116527557373 and parameters: {'gradient_clip_val': 0.841664457792916, 'hidden_size': 85, 'dropout': 0.2909845459562324, 'hidden_continuous_size': 82, 'attention_head_size': 2, 'learning_rate': 0.015785644858056145}. Best is trial 126 with value: 2.987025022506714.
LOCAL_RANK: 0 - CUDA_VISIBLE_DEVICES: [0]
[I 2023-11-30 14:40:25,826] Trial 147 finished with value: 4.515509605407715 and parameters: {'gradient_clip_val': 0.9543243435203125, 'hidden_size': 94, 'dropout': 0.2771588747351082, 'hidden_continuous_size': 89, 'attention_head_size': 2, 'learning_rate': 0.027521036590924034}. Best is trial 126 with value: 2.987025022506714.
LOCAL_RANK: 0 - CUDA_VISIBLE_DEVICES: [0]
[I 2023-11-30 14:40:40,919] Trial 148 finished with value: 3.213113784790039 and parameters: {'gradient_clip_val': 0.7756316990981845, 'hidden_size': 121, 'dropout': 0.30410407537527706, 'hidden_continuous_size': 114, 'attention_head_size': 2, 'learning_rate': 0.021806309885343274}. Best is trial 126 with value: 2.987025022506714.
LOCAL_RANK: 0 - CUDA_VISIBLE_DEVICES: [0]
[I 2023-11-30 14:40:55,749] Trial 149 finished with value: 3.5789077281951904 and parameters: {'gradient_clip_val': 0.7628376604747871, 'hidden_size': 77, 'dropout': 0.31375429404778327, 'hidden_continuous_size': 74, 'attention_head_size': 2, 'learning_rate': 0.022104862836889973}. Best is trial 126 with value: 2.987025022506714.
[I 2023-11-30 14:40:55,867] A new study created in memory with name: no-name-7ae7a022-8758-4c68-9191-ca40ec701bad
/home/le004/conda/anaconda3/envs/tsff_env/lib/python3.9/site-packages/lightning/fabric/plugins/environments/slurm.py:191: The `srun` command is available on your system but is not used. HINT: If your intention is to run Lightning on SLURM, prepend your python command with `srun` like so: srun python /home/le004/master_thesis/git/TSFusionForecast/code/ ...
LOCAL_RANK: 0 - CUDA_VISIBLE_DEVICES: [0]
[I 2023-11-30 14:41:09,108] Trial 0 finished with value: 40.6009635925293 and parameters: {'gradient_clip_val': 0.2450483187626338, 'hidden_size': 19, 'dropout': 0.26140089314107473, 'hidden_continuous_size': 15, 'attention_head_size': 2, 'learning_rate': 0.002357476553371495}. Best is trial 0 with value: 40.6009635925293.
LOCAL_RANK: 0 - CUDA_VISIBLE_DEVICES: [0]
[I 2023-11-30 14:41:21,711] Trial 1 finished with value: 35.16596603393555 and parameters: {'gradient_clip_val': 0.5301125012774428, 'hidden_size': 11, 'dropout': 0.37108588117718366, 'hidden_continuous_size': 10, 'attention_head_size': 3, 'learning_rate': 0.009109612534572866}. Best is trial 1 with value: 35.16596603393555.
LOCAL_RANK: 0 - CUDA_VISIBLE_DEVICES: [0]
[I 2023-11-30 14:41:35,762] Trial 2 finished with value: 7.90002965927124 and parameters: {'gradient_clip_val': 0.2790614784564428, 'hidden_size': 53, 'dropout': 0.2968724254196168, 'hidden_continuous_size': 42, 'attention_head_size': 3, 'learning_rate': 0.08273948881555297}. Best is trial 2 with value: 7.90002965927124.
LOCAL_RANK: 0 - CUDA_VISIBLE_DEVICES: [0]
[I 2023-11-30 14:41:50,414] Trial 3 finished with value: 6.586217403411865 and parameters: {'gradient_clip_val': 0.73945723958147, 'hidden_size': 130, 'dropout': 0.37428779505467435, 'hidden_continuous_size': 33, 'attention_head_size': 3, 'learning_rate': 0.015633000402679405}. Best is trial 3 with value: 6.586217403411865.
LOCAL_RANK: 0 - CUDA_VISIBLE_DEVICES: [0]
[I 2023-11-30 14:42:04,122] Trial 4 finished with value: 32.95089340209961 and parameters: {'gradient_clip_val': 0.539057505592456, 'hidden_size': 53, 'dropout': 0.287507463417815, 'hidden_continuous_size': 13, 'attention_head_size': 3, 'learning_rate': 0.0015217635873872887}. Best is trial 3 with value: 6.586217403411865.
LOCAL_RANK: 0 - CUDA_VISIBLE_DEVICES: [0]
[I 2023-11-30 14:42:18,689] Trial 5 finished with value: 11.670108795166016 and parameters: {'gradient_clip_val': 0.4549105799511338, 'hidden_size': 132, 'dropout': 0.11833810507612467, 'hidden_continuous_size': 18, 'attention_head_size': 1, 'learning_rate': 0.002055267017041453}. Best is trial 3 with value: 6.586217403411865.
LOCAL_RANK: 0 - CUDA_VISIBLE_DEVICES: [0]
[I 2023-11-30 14:42:31,539] Trial 6 finished with value: 36.537540435791016 and parameters: {'gradient_clip_val': 0.3089711470846494, 'hidden_size': 23, 'dropout': 0.14079869501568856, 'hidden_continuous_size': 15, 'attention_head_size': 1, 'learning_rate': 0.005379748510514002}. Best is trial 3 with value: 6.586217403411865.
LOCAL_RANK: 0 - CUDA_VISIBLE_DEVICES: [0]
[I 2023-11-30 14:42:45,246] Trial 7 finished with value: 6.669849395751953 and parameters: {'gradient_clip_val': 0.3469001011971598, 'hidden_size': 50, 'dropout': 0.16726795472326994, 'hidden_continuous_size': 18, 'attention_head_size': 4, 'learning_rate': 0.04428186518921618}. Best is trial 3 with value: 6.586217403411865.
LOCAL_RANK: 0 - CUDA_VISIBLE_DEVICES: [0]
[I 2023-11-30 14:42:58,591] Trial 8 finished with value: 59.82612228393555 and parameters: {'gradient_clip_val': 0.11431641203464751, 'hidden_size': 37, 'dropout': 0.37729799541031395, 'hidden_continuous_size': 10, 'attention_head_size': 3, 'learning_rate': 0.0018119709993616312}. Best is trial 3 with value: 6.586217403411865.
LOCAL_RANK: 0 - CUDA_VISIBLE_DEVICES: [0]
