[I 2023-11-30 02:38:08,383] Trial 97 finished with value: 7.703141689300537 and parameters: {'gradient_clip_val': 0.23797412879549196, 'hidden_size': 150, 'dropout': 0.31366787413898234, 'hidden_continuous_size': 52, 'attention_head_size': 1, 'learning_rate': 0.0656425686064812}. Best is trial 53 with value: 6.509269714355469.
LOCAL_RANK: 0 - CUDA_VISIBLE_DEVICES: [0]
[I 2023-11-30 02:38:22,826] Trial 98 finished with value: 8.553557395935059 and parameters: {'gradient_clip_val': 0.26031922409575453, 'hidden_size': 98, 'dropout': 0.27847047510570677, 'hidden_continuous_size': 80, 'attention_head_size': 3, 'learning_rate': 0.04060046364513516}. Best is trial 53 with value: 6.509269714355469.
LOCAL_RANK: 0 - CUDA_VISIBLE_DEVICES: [0]
[I 2023-11-30 02:38:37,217] Trial 99 finished with value: 10.524740219116211 and parameters: {'gradient_clip_val': 0.2728829765611051, 'hidden_size': 109, 'dropout': 0.26632431502103115, 'hidden_continuous_size': 75, 'attention_head_size': 2, 'learning_rate': 0.04877849165516243}. Best is trial 53 with value: 6.509269714355469.
LOCAL_RANK: 0 - CUDA_VISIBLE_DEVICES: [0]
[I 2023-11-30 02:38:51,424] Trial 100 finished with value: 7.260056972503662 and parameters: {'gradient_clip_val': 0.22806025584832268, 'hidden_size': 140, 'dropout': 0.28790410237575725, 'hidden_continuous_size': 59, 'attention_head_size': 1, 'learning_rate': 0.03564590197416928}. Best is trial 53 with value: 6.509269714355469.
LOCAL_RANK: 0 - CUDA_VISIBLE_DEVICES: [0]
[I 2023-11-30 02:39:05,719] Trial 101 finished with value: 7.995731353759766 and parameters: {'gradient_clip_val': 0.22581664237200297, 'hidden_size': 141, 'dropout': 0.28970370546943414, 'hidden_continuous_size': 61, 'attention_head_size': 1, 'learning_rate': 0.03414723514229276}. Best is trial 53 with value: 6.509269714355469.
LOCAL_RANK: 0 - CUDA_VISIBLE_DEVICES: [0]
[I 2023-11-30 02:39:20,362] Trial 102 finished with value: 11.413918495178223 and parameters: {'gradient_clip_val': 0.3040422884143543, 'hidden_size': 129, 'dropout': 0.30419722032912233, 'hidden_continuous_size': 68, 'attention_head_size': 1, 'learning_rate': 0.027147986413235473}. Best is trial 53 with value: 6.509269714355469.
LOCAL_RANK: 0 - CUDA_VISIBLE_DEVICES: [0]
[I 2023-11-30 02:39:34,798] Trial 103 finished with value: 10.597935676574707 and parameters: {'gradient_clip_val': 0.2453561640624136, 'hidden_size': 118, 'dropout': 0.2980461934390769, 'hidden_continuous_size': 87, 'attention_head_size': 1, 'learning_rate': 0.042824752480164145}. Best is trial 53 with value: 6.509269714355469.
LOCAL_RANK: 0 - CUDA_VISIBLE_DEVICES: [0]
[I 2023-11-30 02:39:48,858] Trial 104 finished with value: 12.388755798339844 and parameters: {'gradient_clip_val': 0.21856402533618252, 'hidden_size': 140, 'dropout': 0.2847092138115565, 'hidden_continuous_size': 46, 'attention_head_size': 1, 'learning_rate': 0.03575100348473861}. Best is trial 53 with value: 6.509269714355469.
LOCAL_RANK: 0 - CUDA_VISIBLE_DEVICES: [0]
[I 2023-11-30 02:40:03,028] Trial 105 finished with value: 7.211086750030518 and parameters: {'gradient_clip_val': 0.2873869485034038, 'hidden_size': 114, 'dropout': 0.30953152624367186, 'hidden_continuous_size': 60, 'attention_head_size': 1, 'learning_rate': 0.030808296677744068}. Best is trial 53 with value: 6.509269714355469.
LOCAL_RANK: 0 - CUDA_VISIBLE_DEVICES: [0]
[I 2023-11-30 02:40:17,616] Trial 106 finished with value: 7.611188888549805 and parameters: {'gradient_clip_val': 0.28943115495830085, 'hidden_size': 124, 'dropout': 0.3092358672231087, 'hidden_continuous_size': 103, 'attention_head_size': 1, 'learning_rate': 0.029227213705285388}. Best is trial 53 with value: 6.509269714355469.
LOCAL_RANK: 0 - CUDA_VISIBLE_DEVICES: [0]
[I 2023-11-30 02:40:32,037] Trial 107 finished with value: 13.852645874023438 and parameters: {'gradient_clip_val': 0.26783231489776127, 'hidden_size': 134, 'dropout': 0.318618734723419, 'hidden_continuous_size': 66, 'attention_head_size': 1, 'learning_rate': 0.024494852189011804}. Best is trial 53 with value: 6.509269714355469.
LOCAL_RANK: 0 - CUDA_VISIBLE_DEVICES: [0]
[I 2023-11-30 02:40:46,432] Trial 108 finished with value: 9.31729793548584 and parameters: {'gradient_clip_val': 0.25585727522946605, 'hidden_size': 103, 'dropout': 0.32674353201846756, 'hidden_continuous_size': 93, 'attention_head_size': 1, 'learning_rate': 0.03120252358909613}. Best is trial 53 with value: 6.509269714355469.
LOCAL_RANK: 0 - CUDA_VISIBLE_DEVICES: [0]
[I 2023-11-30 02:41:00,699] Trial 109 finished with value: 12.062599182128906 and parameters: {'gradient_clip_val': 0.2339077293842978, 'hidden_size': 113, 'dropout': 0.29352451255456874, 'hidden_continuous_size': 72, 'attention_head_size': 1, 'learning_rate': 0.039111028946537243}. Best is trial 53 with value: 6.509269714355469.
LOCAL_RANK: 0 - CUDA_VISIBLE_DEVICES: [0]
[I 2023-11-30 02:41:15,139] Trial 110 finished with value: 8.4578275680542 and parameters: {'gradient_clip_val': 0.3094115544824202, 'hidden_size': 143, 'dropout': 0.3165232377510327, 'hidden_continuous_size': 60, 'attention_head_size': 1, 'learning_rate': 0.019793585103358387}. Best is trial 53 with value: 6.509269714355469.
LOCAL_RANK: 0 - CUDA_VISIBLE_DEVICES: [0]
[I 2023-11-30 02:41:29,578] Trial 111 finished with value: 7.5318284034729 and parameters: {'gradient_clip_val': 0.28860622843726935, 'hidden_size': 121, 'dropout': 0.27364012677271565, 'hidden_continuous_size': 56, 'attention_head_size': 3, 'learning_rate': 0.04584551526367565}. Best is trial 53 with value: 6.509269714355469.
LOCAL_RANK: 0 - CUDA_VISIBLE_DEVICES: [0]
[I 2023-11-30 02:41:43,765] Trial 112 finished with value: 8.580268859863281 and parameters: {'gradient_clip_val': 0.2856368479331304, 'hidden_size': 120, 'dropout': 0.2728568069918638, 'hidden_continuous_size': 57, 'attention_head_size': 3, 'learning_rate': 0.05293791514466667}. Best is trial 53 with value: 6.509269714355469.
LOCAL_RANK: 0 - CUDA_VISIBLE_DEVICES: [0]
[I 2023-11-30 02:41:57,829] Trial 113 finished with value: 10.142313957214355 and parameters: {'gradient_clip_val': 0.27607048740940154, 'hidden_size': 128, 'dropout': 0.2610766079968699, 'hidden_continuous_size': 52, 'attention_head_size': 1, 'learning_rate': 0.046840501874856846}. Best is trial 53 with value: 6.509269714355469.
LOCAL_RANK: 0 - CUDA_VISIBLE_DEVICES: [0]
[I 2023-11-30 02:42:12,429] Trial 114 finished with value: 9.330431938171387 and parameters: {'gradient_clip_val': 0.32928726880080395, 'hidden_size': 112, 'dropout': 0.2999123068422673, 'hidden_continuous_size': 77, 'attention_head_size': 3, 'learning_rate': 0.032662457208782844}. Best is trial 53 with value: 6.509269714355469.
LOCAL_RANK: 0 - CUDA_VISIBLE_DEVICES: [0]
[I 2023-11-30 02:42:26,670] Trial 115 finished with value: 14.463850975036621 and parameters: {'gradient_clip_val': 0.29719811476326385, 'hidden_size': 133, 'dropout': 0.2876955679126237, 'hidden_continuous_size': 55, 'attention_head_size': 1, 'learning_rate': 0.045005972464063966}. Best is trial 53 with value: 6.509269714355469.
LOCAL_RANK: 0 - CUDA_VISIBLE_DEVICES: [0]
[I 2023-11-30 02:42:41,560] Trial 116 finished with value: 9.760995864868164 and parameters: {'gradient_clip_val': 0.2564789177031616, 'hidden_size': 150, 'dropout': 0.2758924875283032, 'hidden_continuous_size': 63, 'attention_head_size': 3, 'learning_rate': 0.05664116047027188}. Best is trial 53 with value: 6.509269714355469.
LOCAL_RANK: 0 - CUDA_VISIBLE_DEVICES: [0]
[I 2023-11-30 02:42:55,754] Trial 117 finished with value: 9.072028160095215 and parameters: {'gradient_clip_val': 0.24494595978243294, 'hidden_size': 121, 'dropout': 0.3071113706074077, 'hidden_continuous_size': 49, 'attention_head_size': 2, 'learning_rate': 0.03716239875158875}. Best is trial 53 with value: 6.509269714355469.
LOCAL_RANK: 0 - CUDA_VISIBLE_DEVICES: [0]
[I 2023-11-30 02:43:10,053] Trial 118 finished with value: 7.681812286376953 and parameters: {'gradient_clip_val': 0.34613230393631217, 'hidden_size': 105, 'dropout': 0.2934026209344051, 'hidden_continuous_size': 86, 'attention_head_size': 1, 'learning_rate': 0.06518649072753747}. Best is trial 53 with value: 6.509269714355469.
LOCAL_RANK: 0 - CUDA_VISIBLE_DEVICES: [0]
[I 2023-11-30 02:43:24,533] Trial 119 finished with value: 16.77079963684082 and parameters: {'gradient_clip_val': 0.3097384785807984, 'hidden_size': 143, 'dropout': 0.32406106122130096, 'hidden_continuous_size': 68, 'attention_head_size': 3, 'learning_rate': 0.07702335467678266}. Best is trial 53 with value: 6.509269714355469.
LOCAL_RANK: 0 - CUDA_VISIBLE_DEVICES: [0]
[I 2023-11-30 02:43:39,005] Trial 120 finished with value: 8.17973804473877 and parameters: {'gradient_clip_val': 0.26764372452127017, 'hidden_size': 136, 'dropout': 0.30030227807310017, 'hidden_continuous_size': 108, 'attention_head_size': 1, 'learning_rate': 0.049820754138302434}. Best is trial 53 with value: 6.509269714355469.
LOCAL_RANK: 0 - CUDA_VISIBLE_DEVICES: [0]
[I 2023-11-30 02:43:53,700] Trial 121 finished with value: 8.549485206604004 and parameters: {'gradient_clip_val': 0.2882643845021852, 'hidden_size': 114, 'dropout': 0.27929688534663477, 'hidden_continuous_size': 81, 'attention_head_size': 3, 'learning_rate': 0.06919324276629718}. Best is trial 53 with value: 6.509269714355469.
LOCAL_RANK: 0 - CUDA_VISIBLE_DEVICES: [0]
[I 2023-11-30 02:44:08,050] Trial 122 finished with value: 8.566986083984375 and parameters: {'gradient_clip_val': 0.38097793304473476, 'hidden_size': 126, 'dropout': 0.2908306576250838, 'hidden_continuous_size': 59, 'attention_head_size': 3, 'learning_rate': 0.06087704541084979}. Best is trial 53 with value: 6.509269714355469.
LOCAL_RANK: 0 - CUDA_VISIBLE_DEVICES: [0]
[I 2023-11-30 02:44:22,550] Trial 123 finished with value: 9.812383651733398 and parameters: {'gradient_clip_val': 0.23740715707948346, 'hidden_size': 97, 'dropout': 0.31118443249682676, 'hidden_continuous_size': 90, 'attention_head_size': 3, 'learning_rate': 0.0409957965517168}. Best is trial 53 with value: 6.509269714355469.
LOCAL_RANK: 0 - CUDA_VISIBLE_DEVICES: [0]
[I 2023-11-30 02:44:36,865] Trial 124 finished with value: 8.16504955291748 and parameters: {'gradient_clip_val': 0.22537851939583506, 'hidden_size': 118, 'dropout': 0.26742486421444256, 'hidden_continuous_size': 41, 'attention_head_size': 3, 'learning_rate': 0.05503007805257317}. Best is trial 53 with value: 6.509269714355469.
LOCAL_RANK: 0 - CUDA_VISIBLE_DEVICES: [0]
[I 2023-11-30 02:44:51,366] Trial 125 finished with value: 9.693099021911621 and parameters: {'gradient_clip_val': 0.32140039002987303, 'hidden_size': 108, 'dropout': 0.2849846637954579, 'hidden_continuous_size': 97, 'attention_head_size': 3, 'learning_rate': 0.044673791100913976}. Best is trial 53 with value: 6.509269714355469.
LOCAL_RANK: 0 - CUDA_VISIBLE_DEVICES: [0]
[I 2023-11-30 02:45:05,947] Trial 126 finished with value: 7.538022518157959 and parameters: {'gradient_clip_val': 0.2053294090775723, 'hidden_size': 129, 'dropout': 0.30390109342177646, 'hidden_continuous_size': 73, 'attention_head_size': 1, 'learning_rate': 0.03481293296398165}. Best is trial 53 with value: 6.509269714355469.
LOCAL_RANK: 0 - CUDA_VISIBLE_DEVICES: [0]
[I 2023-11-30 02:45:20,415] Trial 127 finished with value: 14.226033210754395 and parameters: {'gradient_clip_val': 0.25065119205258174, 'hidden_size': 135, 'dropout': 0.307761244378264, 'hidden_continuous_size': 76, 'attention_head_size': 1, 'learning_rate': 0.030113290306119155}. Best is trial 53 with value: 6.509269714355469.
LOCAL_RANK: 0 - CUDA_VISIBLE_DEVICES: [0]
[I 2023-11-30 02:45:34,781] Trial 128 finished with value: 10.376335144042969 and parameters: {'gradient_clip_val': 0.20858827187084006, 'hidden_size': 127, 'dropout': 0.3033302626503505, 'hidden_continuous_size': 65, 'attention_head_size': 1, 'learning_rate': 0.03515087578984861}. Best is trial 53 with value: 6.509269714355469.
LOCAL_RANK: 0 - CUDA_VISIBLE_DEVICES: [0]
[I 2023-11-30 02:45:49,057] Trial 129 finished with value: 16.30565071105957 and parameters: {'gradient_clip_val': 0.18253445375844032, 'hidden_size': 102, 'dropout': 0.314658006712277, 'hidden_continuous_size': 72, 'attention_head_size': 1, 'learning_rate': 0.02776751104186189}. Best is trial 53 with value: 6.509269714355469.
LOCAL_RANK: 0 - CUDA_VISIBLE_DEVICES: [0]
[I 2023-11-30 02:46:03,586] Trial 130 finished with value: 12.369590759277344 and parameters: {'gradient_clip_val': 0.21537934775247866, 'hidden_size': 141, 'dropout': 0.2978668960430995, 'hidden_continuous_size': 81, 'attention_head_size': 1, 'learning_rate': 0.022162747688034355}. Best is trial 53 with value: 6.509269714355469.
LOCAL_RANK: 0 - CUDA_VISIBLE_DEVICES: [0]
[I 2023-11-30 02:46:17,837] Trial 131 finished with value: 10.449568748474121 and parameters: {'gradient_clip_val': 0.19892701713260405, 'hidden_size': 88, 'dropout': 0.2815743317372862, 'hidden_continuous_size': 82, 'attention_head_size': 1, 'learning_rate': 0.038952866207710844}. Best is trial 53 with value: 6.509269714355469.
LOCAL_RANK: 0 - CUDA_VISIBLE_DEVICES: [0]
[I 2023-11-30 02:46:32,143] Trial 132 finished with value: 8.433512687683105 and parameters: {'gradient_clip_val': 0.27916000062160395, 'hidden_size': 121, 'dropout': 0.2943827607594094, 'hidden_continuous_size': 54, 'attention_head_size': 3, 'learning_rate': 0.05962226581199193}. Best is trial 53 with value: 6.509269714355469.
LOCAL_RANK: 0 - CUDA_VISIBLE_DEVICES: [0]
[I 2023-11-30 02:46:46,273] Trial 133 finished with value: 9.658160209655762 and parameters: {'gradient_clip_val': 0.41389693165585206, 'hidden_size': 114, 'dropout': 0.2869688181355297, 'hidden_continuous_size': 60, 'attention_head_size': 1, 'learning_rate': 0.032869691870738384}. Best is trial 53 with value: 6.509269714355469.
LOCAL_RANK: 0 - CUDA_VISIBLE_DEVICES: [0]
[I 2023-11-30 02:47:00,472] Trial 134 finished with value: 11.506596565246582 and parameters: {'gradient_clip_val': 0.2633070901689621, 'hidden_size': 132, 'dropout': 0.27294147368839095, 'hidden_continuous_size': 50, 'attention_head_size': 3, 'learning_rate': 0.05082636159833388}. Best is trial 53 with value: 6.509269714355469.
LOCAL_RANK: 0 - CUDA_VISIBLE_DEVICES: [0]
[I 2023-11-30 02:47:14,720] Trial 135 finished with value: 9.346335411071777 and parameters: {'gradient_clip_val': 0.22816114434428808, 'hidden_size': 108, 'dropout': 0.3016122654378565, 'hidden_continuous_size': 92, 'attention_head_size': 1, 'learning_rate': 0.04269641814219592}. Best is trial 53 with value: 6.509269714355469.
LOCAL_RANK: 0 - CUDA_VISIBLE_DEVICES: [0]
[I 2023-11-30 02:47:28,869] Trial 136 finished with value: 14.656913757324219 and parameters: {'gradient_clip_val': 0.2996036189843598, 'hidden_size': 93, 'dropout': 0.2543213239556245, 'hidden_continuous_size': 86, 'attention_head_size': 1, 'learning_rate': 0.07341944285409248}. Best is trial 53 with value: 6.509269714355469.
LOCAL_RANK: 0 - CUDA_VISIBLE_DEVICES: [0]
[I 2023-11-30 02:47:43,171] Trial 137 finished with value: 8.471426963806152 and parameters: {'gradient_clip_val': 0.5116517540596877, 'hidden_size': 127, 'dropout': 0.31974570943622416, 'hidden_continuous_size': 68, 'attention_head_size': 1, 'learning_rate': 0.03664635718798316}. Best is trial 53 with value: 6.509269714355469.
LOCAL_RANK: 0 - CUDA_VISIBLE_DEVICES: [0]
[I 2023-11-30 02:47:57,728] Trial 138 finished with value: 9.495503425598145 and parameters: {'gradient_clip_val': 0.5393809293221724, 'hidden_size': 146, 'dropout': 0.2913751515125275, 'hidden_continuous_size': 57, 'attention_head_size': 3, 'learning_rate': 0.08098087398850266}. Best is trial 53 with value: 6.509269714355469.
LOCAL_RANK: 0 - CUDA_VISIBLE_DEVICES: [0]
[I 2023-11-30 02:48:12,109] Trial 139 finished with value: 9.045876502990723 and parameters: {'gradient_clip_val': 0.24723565994418742, 'hidden_size': 118, 'dropout': 0.306466066458072, 'hidden_continuous_size': 72, 'attention_head_size': 2, 'learning_rate': 0.04766490525639899}. Best is trial 53 with value: 6.509269714355469.
LOCAL_RANK: 0 - CUDA_VISIBLE_DEVICES: [0]
[I 2023-11-30 02:48:26,382] Trial 140 finished with value: 11.232101440429688 and parameters: {'gradient_clip_val': 0.599914857604174, 'hidden_size': 136, 'dropout': 0.27884096495963895, 'hidden_continuous_size': 76, 'attention_head_size': 1, 'learning_rate': 0.025287173658301874}. Best is trial 53 with value: 6.509269714355469.
LOCAL_RANK: 0 - CUDA_VISIBLE_DEVICES: [0]
[I 2023-11-30 02:48:40,954] Trial 141 finished with value: 12.336762428283691 and parameters: {'gradient_clip_val': 0.2864078540114898, 'hidden_size': 125, 'dropout': 0.3108659205561859, 'hidden_continuous_size': 101, 'attention_head_size': 1, 'learning_rate': 0.029226824401377693}. Best is trial 53 with value: 6.509269714355469.
LOCAL_RANK: 0 - CUDA_VISIBLE_DEVICES: [0]
[I 2023-11-30 02:48:55,492] Trial 142 finished with value: 10.939419746398926 and parameters: {'gradient_clip_val': 0.2980326531734041, 'hidden_size': 124, 'dropout': 0.33298376504410304, 'hidden_continuous_size': 96, 'attention_head_size': 1, 'learning_rate': 0.030413828411399984}. Best is trial 53 with value: 6.509269714355469.
LOCAL_RANK: 0 - CUDA_VISIBLE_DEVICES: [0]
[I 2023-11-30 02:49:09,928] Trial 143 finished with value: 10.82132625579834 and parameters: {'gradient_clip_val': 0.4675240354158399, 'hidden_size': 114, 'dropout': 0.29572529852574625, 'hidden_continuous_size': 101, 'attention_head_size': 1, 'learning_rate': 0.034056068136744985}. Best is trial 53 with value: 6.509269714355469.
LOCAL_RANK: 0 - CUDA_VISIBLE_DEVICES: [0]
[I 2023-11-30 02:49:24,451] Trial 144 finished with value: 8.470656394958496 and parameters: {'gradient_clip_val': 0.27016610942719194, 'hidden_size': 131, 'dropout': 0.31131512824416463, 'hidden_continuous_size': 106, 'attention_head_size': 1, 'learning_rate': 0.016879888512104396}. Best is trial 53 with value: 6.509269714355469.
LOCAL_RANK: 0 - CUDA_VISIBLE_DEVICES: [0]
[I 2023-11-30 02:49:38,748] Trial 145 finished with value: 12.80486011505127 and parameters: {'gradient_clip_val': 0.3127282890502087, 'hidden_size': 102, 'dropout': 0.3037603475696091, 'hidden_continuous_size': 90, 'attention_head_size': 1, 'learning_rate': 0.06282018749457807}. Best is trial 53 with value: 6.509269714355469.
LOCAL_RANK: 0 - CUDA_VISIBLE_DEVICES: [0]
[I 2023-11-30 02:49:53,083] Trial 146 finished with value: 12.360234260559082 and parameters: {'gradient_clip_val': 0.2828557787190369, 'hidden_size': 121, 'dropout': 0.287785218951765, 'hidden_continuous_size': 48, 'attention_head_size': 3, 'learning_rate': 0.027309211524238895}. Best is trial 53 with value: 6.509269714355469.
LOCAL_RANK: 0 - CUDA_VISIBLE_DEVICES: [0]
[I 2023-11-30 02:50:07,951] Trial 147 finished with value: 14.52860164642334 and parameters: {'gradient_clip_val': 0.3394409999902797, 'hidden_size': 141, 'dropout': 0.32212160970371384, 'hidden_continuous_size': 114, 'attention_head_size': 1, 'learning_rate': 0.040580045506319}. Best is trial 53 with value: 6.509269714355469.
LOCAL_RANK: 0 - CUDA_VISIBLE_DEVICES: [0]
[I 2023-11-30 02:50:21,650] Trial 148 finished with value: 7.818060398101807 and parameters: {'gradient_clip_val': 0.4375720811709997, 'hidden_size': 63, 'dropout': 0.2975204824136122, 'hidden_continuous_size': 61, 'attention_head_size': 1, 'learning_rate': 0.053994795985610196}. Best is trial 53 with value: 6.509269714355469.
LOCAL_RANK: 0 - CUDA_VISIBLE_DEVICES: [0]
[I 2023-11-30 02:50:36,158] Trial 149 finished with value: 7.683740139007568 and parameters: {'gradient_clip_val': 0.4847793402846566, 'hidden_size': 109, 'dropout': 0.3161137775614309, 'hidden_continuous_size': 84, 'attention_head_size': 3, 'learning_rate': 0.0695955615595018}. Best is trial 53 with value: 6.509269714355469.
[I 2023-11-30 02:50:36,268] A new study created in memory with name: no-name-20eb96f7-e580-4e17-900a-1a9ac1c46ca0
/home/le004/conda/anaconda3/envs/tsff_env/lib/python3.9/site-packages/lightning/fabric/plugins/environments/slurm.py:191: The `srun` command is available on your system but is not used. HINT: If your intention is to run Lightning on SLURM, prepend your python command with `srun` like so: srun python /home/le004/master_thesis/git/TSFusionForecast/code/ ...
LOCAL_RANK: 0 - CUDA_VISIBLE_DEVICES: [0]
[I 2023-11-30 02:50:50,375] Trial 0 finished with value: 32.96397018432617 and parameters: {'gradient_clip_val': 0.20714191318669772, 'hidden_size': 104, 'dropout': 0.13556077493078805, 'hidden_continuous_size': 42, 'attention_head_size': 4, 'learning_rate': 0.08746793028187742}. Best is trial 0 with value: 32.96397018432617.
LOCAL_RANK: 0 - CUDA_VISIBLE_DEVICES: [0]
[I 2023-11-30 02:51:03,403] Trial 1 finished with value: 34.541072845458984 and parameters: {'gradient_clip_val': 0.1279510190861702, 'hidden_size': 42, 'dropout': 0.31702209150557004, 'hidden_continuous_size': 16, 'attention_head_size': 4, 'learning_rate': 0.056074748150456384}. Best is trial 0 with value: 32.96397018432617.
LOCAL_RANK: 0 - CUDA_VISIBLE_DEVICES: [0]
[I 2023-11-30 02:51:16,317] Trial 2 finished with value: 39.66697311401367 and parameters: {'gradient_clip_val': 0.4418718437880344, 'hidden_size': 33, 'dropout': 0.3757372458449961, 'hidden_continuous_size': 30, 'attention_head_size': 1, 'learning_rate': 0.013182861575319208}. Best is trial 0 with value: 32.96397018432617.
LOCAL_RANK: 0 - CUDA_VISIBLE_DEVICES: [0]
[I 2023-11-30 02:51:29,165] Trial 3 finished with value: 66.52159881591797 and parameters: {'gradient_clip_val': 0.47546731498903705, 'hidden_size': 31, 'dropout': 0.19297584187043382, 'hidden_continuous_size': 20, 'attention_head_size': 4, 'learning_rate': 0.003056532348271012}. Best is trial 0 with value: 32.96397018432617.
LOCAL_RANK: 0 - CUDA_VISIBLE_DEVICES: [0]
