[I 2023-11-30 05:13:02,877] Trial 47 finished with value: 6.622585296630859 and parameters: {'gradient_clip_val': 0.6354158179740144, 'hidden_size': 150, 'dropout': 0.3308972373611896, 'hidden_continuous_size': 18, 'attention_head_size': 4, 'learning_rate': 0.04440484373535837}. Best is trial 19 with value: 5.439520359039307.
LOCAL_RANK: 0 - CUDA_VISIBLE_DEVICES: [0]
[I 2023-11-30 05:13:17,421] Trial 48 finished with value: 6.622740268707275 and parameters: {'gradient_clip_val': 0.8980031868675877, 'hidden_size': 118, 'dropout': 0.3515802314765978, 'hidden_continuous_size': 33, 'attention_head_size': 4, 'learning_rate': 0.026886554354560326}. Best is trial 19 with value: 5.439520359039307.
LOCAL_RANK: 0 - CUDA_VISIBLE_DEVICES: [0]
[I 2023-11-30 05:13:31,108] Trial 49 finished with value: 6.377012729644775 and parameters: {'gradient_clip_val': 0.7789915763271167, 'hidden_size': 102, 'dropout': 0.3898632927075283, 'hidden_continuous_size': 13, 'attention_head_size': 3, 'learning_rate': 0.08156792606316651}. Best is trial 19 with value: 5.439520359039307.
LOCAL_RANK: 0 - CUDA_VISIBLE_DEVICES: [0]
[I 2023-11-30 05:13:45,567] Trial 50 finished with value: 5.3282999992370605 and parameters: {'gradient_clip_val': 0.6653296195653138, 'hidden_size': 150, 'dropout': 0.3722877249383398, 'hidden_continuous_size': 17, 'attention_head_size': 4, 'learning_rate': 0.053036009438905095}. Best is trial 50 with value: 5.3282999992370605.
LOCAL_RANK: 0 - CUDA_VISIBLE_DEVICES: [0]
[I 2023-11-30 05:13:59,836] Trial 51 finished with value: 5.436381816864014 and parameters: {'gradient_clip_val': 0.6478016613556434, 'hidden_size': 127, 'dropout': 0.37792219490067175, 'hidden_continuous_size': 16, 'attention_head_size': 4, 'learning_rate': 0.05246700218631689}. Best is trial 50 with value: 5.3282999992370605.
LOCAL_RANK: 0 - CUDA_VISIBLE_DEVICES: [0]
[I 2023-11-30 05:14:14,227] Trial 52 finished with value: 5.856690883636475 and parameters: {'gradient_clip_val': 0.7399102045974418, 'hidden_size': 145, 'dropout': 0.3988924810173366, 'hidden_continuous_size': 15, 'attention_head_size': 4, 'learning_rate': 0.03792599146609902}. Best is trial 50 with value: 5.3282999992370605.
LOCAL_RANK: 0 - CUDA_VISIBLE_DEVICES: [0]
[I 2023-11-30 05:14:28,866] Trial 53 finished with value: 5.904890537261963 and parameters: {'gradient_clip_val': 0.9161874681361019, 'hidden_size': 149, 'dropout': 0.37844212332376276, 'hidden_continuous_size': 17, 'attention_head_size': 4, 'learning_rate': 0.05275814572368639}. Best is trial 50 with value: 5.3282999992370605.
LOCAL_RANK: 0 - CUDA_VISIBLE_DEVICES: [0]
[I 2023-11-30 05:14:42,934] Trial 54 finished with value: 6.895731449127197 and parameters: {'gradient_clip_val': 0.648075868287527, 'hidden_size': 126, 'dropout': 0.34619451959028447, 'hidden_continuous_size': 13, 'attention_head_size': 4, 'learning_rate': 0.049867932719122966}. Best is trial 50 with value: 5.3282999992370605.
LOCAL_RANK: 0 - CUDA_VISIBLE_DEVICES: [0]
[I 2023-11-30 05:14:55,108] Trial 55 finished with value: 6.482697010040283 and parameters: {'gradient_clip_val': 0.5411983736465659, 'hidden_size': 16, 'dropout': 0.36368770984925725, 'hidden_continuous_size': 10, 'attention_head_size': 4, 'learning_rate': 0.07917908069064618}. Best is trial 50 with value: 5.3282999992370605.
LOCAL_RANK: 0 - CUDA_VISIBLE_DEVICES: [0]
[I 2023-11-30 05:15:07,368] Trial 56 finished with value: 6.243856906890869 and parameters: {'gradient_clip_val': 0.6903665714348245, 'hidden_size': 12, 'dropout': 0.38710414752901673, 'hidden_continuous_size': 10, 'attention_head_size': 4, 'learning_rate': 0.06709851998906602}. Best is trial 50 with value: 5.3282999992370605.
LOCAL_RANK: 0 - CUDA_VISIBLE_DEVICES: [0]
[I 2023-11-30 05:15:19,717] Trial 57 finished with value: 6.0729451179504395 and parameters: {'gradient_clip_val': 0.4813736778850092, 'hidden_size': 11, 'dropout': 0.3183660304992054, 'hidden_continuous_size': 10, 'attention_head_size': 4, 'learning_rate': 0.08664499561323506}. Best is trial 50 with value: 5.3282999992370605.
LOCAL_RANK: 0 - CUDA_VISIBLE_DEVICES: [0]
[I 2023-11-30 05:15:34,146] Trial 58 finished with value: 5.9869866371154785 and parameters: {'gradient_clip_val': 0.9259212675413607, 'hidden_size': 131, 'dropout': 0.35817078911190436, 'hidden_continuous_size': 16, 'attention_head_size': 4, 'learning_rate': 0.04178838617865382}. Best is trial 50 with value: 5.3282999992370605.
LOCAL_RANK: 0 - CUDA_VISIBLE_DEVICES: [0]
[I 2023-11-30 05:15:44,599] Trial 59 finished with value: 6.928239822387695 and parameters: {'gradient_clip_val': 0.7951297450794199, 'hidden_size': 10, 'dropout': 0.3377724540716601, 'hidden_continuous_size': 10, 'attention_head_size': 3, 'learning_rate': 0.03283635130220239}. Best is trial 50 with value: 5.3282999992370605.
LOCAL_RANK: 0 - CUDA_VISIBLE_DEVICES: [0]
[I 2023-11-30 05:15:58,341] Trial 60 finished with value: 7.5462965965271 and parameters: {'gradient_clip_val': 0.730254299244543, 'hidden_size': 106, 'dropout': 0.3743142932983753, 'hidden_continuous_size': 13, 'attention_head_size': 2, 'learning_rate': 0.04799493260499728}. Best is trial 50 with value: 5.3282999992370605.
LOCAL_RANK: 0 - CUDA_VISIBLE_DEVICES: [0]
[I 2023-11-30 05:16:12,353] Trial 61 finished with value: 6.210247039794922 and parameters: {'gradient_clip_val': 0.6281208387381547, 'hidden_size': 110, 'dropout': 0.37234944703957495, 'hidden_continuous_size': 19, 'attention_head_size': 4, 'learning_rate': 0.05900368244260307}. Best is trial 50 with value: 5.3282999992370605.
LOCAL_RANK: 0 - CUDA_VISIBLE_DEVICES: [0]
[I 2023-11-30 05:16:26,561] Trial 62 finished with value: 6.738431930541992 and parameters: {'gradient_clip_val': 0.5784863286506347, 'hidden_size': 120, 'dropout': 0.3529835579568715, 'hidden_continuous_size': 23, 'attention_head_size': 4, 'learning_rate': 0.061297653865175224}. Best is trial 50 with value: 5.3282999992370605.
LOCAL_RANK: 0 - CUDA_VISIBLE_DEVICES: [0]
[I 2023-11-30 05:16:39,567] Trial 63 finished with value: 5.068130970001221 and parameters: {'gradient_clip_val': 0.6665348161160628, 'hidden_size': 33, 'dropout': 0.39164601774467844, 'hidden_continuous_size': 19, 'attention_head_size': 4, 'learning_rate': 0.0852867513794852}. Best is trial 63 with value: 5.068130970001221.
LOCAL_RANK: 0 - CUDA_VISIBLE_DEVICES: [0]
[I 2023-11-30 05:16:52,560] Trial 64 finished with value: 6.2038702964782715 and parameters: {'gradient_clip_val': 0.7936335551377386, 'hidden_size': 34, 'dropout': 0.39978414983120103, 'hidden_continuous_size': 20, 'attention_head_size': 4, 'learning_rate': 0.08711413131025818}. Best is trial 63 with value: 5.068130970001221.
LOCAL_RANK: 0 - CUDA_VISIBLE_DEVICES: [0]
[I 2023-11-30 05:17:05,371] Trial 65 finished with value: 7.474557876586914 and parameters: {'gradient_clip_val': 0.9942958209321032, 'hidden_size': 29, 'dropout': 0.3911725058750853, 'hidden_continuous_size': 18, 'attention_head_size': 4, 'learning_rate': 0.0910934868998974}. Best is trial 63 with value: 5.068130970001221.
LOCAL_RANK: 0 - CUDA_VISIBLE_DEVICES: [0]
[I 2023-11-30 05:17:18,584] Trial 66 finished with value: 6.3908538818359375 and parameters: {'gradient_clip_val': 0.6805899393681952, 'hidden_size': 55, 'dropout': 0.3799661577112202, 'hidden_continuous_size': 17, 'attention_head_size': 4, 'learning_rate': 0.06784573284767988}. Best is trial 63 with value: 5.068130970001221.
LOCAL_RANK: 0 - CUDA_VISIBLE_DEVICES: [0]
[I 2023-11-30 05:17:31,060] Trial 67 finished with value: 7.618166446685791 and parameters: {'gradient_clip_val': 0.8493958980309751, 'hidden_size': 32, 'dropout': 0.36049727453386005, 'hidden_continuous_size': 16, 'attention_head_size': 1, 'learning_rate': 0.07017800397308528}. Best is trial 63 with value: 5.068130970001221.
LOCAL_RANK: 0 - CUDA_VISIBLE_DEVICES: [0]
[I 2023-11-30 05:17:45,266] Trial 68 finished with value: 7.730269908905029 and parameters: {'gradient_clip_val': 0.7405356035136461, 'hidden_size': 136, 'dropout': 0.34209410599566586, 'hidden_continuous_size': 14, 'attention_head_size': 4, 'learning_rate': 0.053238143151383976}. Best is trial 63 with value: 5.068130970001221.
LOCAL_RANK: 0 - CUDA_VISIBLE_DEVICES: [0]
[I 2023-11-30 05:17:58,124] Trial 69 finished with value: 5.681657314300537 and parameters: {'gradient_clip_val': 0.9076544415430643, 'hidden_size': 38, 'dropout': 0.3888765888655356, 'hidden_continuous_size': 11, 'attention_head_size': 3, 'learning_rate': 0.09799851236039332}. Best is trial 63 with value: 5.068130970001221.
LOCAL_RANK: 0 - CUDA_VISIBLE_DEVICES: [0]
[I 2023-11-30 05:18:10,932] Trial 70 finished with value: 6.5471673011779785 and parameters: {'gradient_clip_val': 0.5147328279858812, 'hidden_size': 38, 'dropout': 0.3912465868081754, 'hidden_continuous_size': 19, 'attention_head_size': 3, 'learning_rate': 0.09918483548347969}. Best is trial 63 with value: 5.068130970001221.
LOCAL_RANK: 0 - CUDA_VISIBLE_DEVICES: [0]
[I 2023-11-30 05:18:23,528] Trial 71 finished with value: 6.498623371124268 and parameters: {'gradient_clip_val': 0.9301098647781657, 'hidden_size': 15, 'dropout': 0.37845160467764755, 'hidden_continuous_size': 12, 'attention_head_size': 4, 'learning_rate': 0.08724280235771924}. Best is trial 63 with value: 5.068130970001221.
LOCAL_RANK: 0 - CUDA_VISIBLE_DEVICES: [0]
[I 2023-11-30 05:18:36,581] Trial 72 finished with value: 6.951962947845459 and parameters: {'gradient_clip_val': 0.8169007951780556, 'hidden_size': 42, 'dropout': 0.3672546175748571, 'hidden_continuous_size': 11, 'attention_head_size': 4, 'learning_rate': 0.07276082289701791}. Best is trial 63 with value: 5.068130970001221.
LOCAL_RANK: 0 - CUDA_VISIBLE_DEVICES: [0]
[I 2023-11-30 05:18:49,074] Trial 73 finished with value: 7.129101276397705 and parameters: {'gradient_clip_val': 0.8822204010408394, 'hidden_size': 26, 'dropout': 0.38696002096519544, 'hidden_continuous_size': 17, 'attention_head_size': 2, 'learning_rate': 0.08664357274903638}. Best is trial 63 with value: 5.068130970001221.
LOCAL_RANK: 0 - CUDA_VISIBLE_DEVICES: [0]
[I 2023-11-30 05:19:02,069] Trial 74 finished with value: 7.586523056030273 and parameters: {'gradient_clip_val': 0.6911473858401099, 'hidden_size': 55, 'dropout': 0.3479830278005065, 'hidden_continuous_size': 12, 'attention_head_size': 3, 'learning_rate': 0.09938234263648424}. Best is trial 63 with value: 5.068130970001221.
LOCAL_RANK: 0 - CUDA_VISIBLE_DEVICES: [0]
[I 2023-11-30 05:19:14,488] Trial 75 finished with value: 5.500712871551514 and parameters: {'gradient_clip_val': 0.7783796312543486, 'hidden_size': 14, 'dropout': 0.35790565527325335, 'hidden_continuous_size': 11, 'attention_head_size': 4, 'learning_rate': 0.06512596015382943}. Best is trial 63 with value: 5.068130970001221.
LOCAL_RANK: 0 - CUDA_VISIBLE_DEVICES: [0]
[I 2023-11-30 05:19:26,874] Trial 76 finished with value: 6.737328052520752 and parameters: {'gradient_clip_val': 0.7630771581818543, 'hidden_size': 13, 'dropout': 0.3812557361091978, 'hidden_continuous_size': 11, 'attention_head_size': 4, 'learning_rate': 0.06552437237897087}. Best is trial 63 with value: 5.068130970001221.
LOCAL_RANK: 0 - CUDA_VISIBLE_DEVICES: [0]
[I 2023-11-30 05:19:39,484] Trial 77 finished with value: 6.494801998138428 and parameters: {'gradient_clip_val': 0.5838877427438263, 'hidden_size': 11, 'dropout': 0.3673936521209039, 'hidden_continuous_size': 10, 'attention_head_size': 4, 'learning_rate': 0.045763653486407145}. Best is trial 63 with value: 5.068130970001221.
LOCAL_RANK: 0 - CUDA_VISIBLE_DEVICES: [0]
[I 2023-11-30 05:19:51,928] Trial 78 finished with value: 6.209918975830078 and parameters: {'gradient_clip_val': 0.6567015168545549, 'hidden_size': 21, 'dropout': 0.3584445076403553, 'hidden_continuous_size': 11, 'attention_head_size': 3, 'learning_rate': 0.05291421128520506}. Best is trial 63 with value: 5.068130970001221.
LOCAL_RANK: 0 - CUDA_VISIBLE_DEVICES: [0]
[I 2023-11-30 05:20:04,408] Trial 79 finished with value: 6.59379768371582 and parameters: {'gradient_clip_val': 0.820065835854203, 'hidden_size': 18, 'dropout': 0.394968938418617, 'hidden_continuous_size': 11, 'attention_head_size': 4, 'learning_rate': 0.07832583923213475}. Best is trial 63 with value: 5.068130970001221.
LOCAL_RANK: 0 - CUDA_VISIBLE_DEVICES: [0]
[I 2023-11-30 05:20:17,279] Trial 80 finished with value: 6.313758373260498 and parameters: {'gradient_clip_val': 0.6115513509055202, 'hidden_size': 35, 'dropout': 0.3742655527724681, 'hidden_continuous_size': 12, 'attention_head_size': 4, 'learning_rate': 0.05782218571117216}. Best is trial 63 with value: 5.068130970001221.
LOCAL_RANK: 0 - CUDA_VISIBLE_DEVICES: [0]
[I 2023-11-30 05:20:29,485] Trial 81 finished with value: 6.025804042816162 and parameters: {'gradient_clip_val': 0.9623801000535633, 'hidden_size': 13, 'dropout': 0.33516453715674577, 'hidden_continuous_size': 11, 'attention_head_size': 4, 'learning_rate': 0.06575749907933269}. Best is trial 63 with value: 5.068130970001221.
LOCAL_RANK: 0 - CUDA_VISIBLE_DEVICES: [0]
[I 2023-11-30 05:20:42,135] Trial 82 finished with value: 6.429917812347412 and parameters: {'gradient_clip_val': 0.8690160503755338, 'hidden_size': 32, 'dropout': 0.35557103125167216, 'hidden_continuous_size': 10, 'attention_head_size': 4, 'learning_rate': 0.0814773014786894}. Best is trial 63 with value: 5.068130970001221.
LOCAL_RANK: 0 - CUDA_VISIBLE_DEVICES: [0]
[I 2023-11-30 05:20:54,814] Trial 83 finished with value: 6.07907247543335 and parameters: {'gradient_clip_val': 0.7553847491454502, 'hidden_size': 27, 'dropout': 0.3846262954460759, 'hidden_continuous_size': 20, 'attention_head_size': 4, 'learning_rate': 0.07312990818555987}. Best is trial 63 with value: 5.068130970001221.
LOCAL_RANK: 0 - CUDA_VISIBLE_DEVICES: [0]
[I 2023-11-30 05:21:07,417] Trial 84 finished with value: 7.920284271240234 and parameters: {'gradient_clip_val': 0.6957530793259582, 'hidden_size': 23, 'dropout': 0.3682725137629495, 'hidden_continuous_size': 10, 'attention_head_size': 4, 'learning_rate': 0.09119664448022782}. Best is trial 63 with value: 5.068130970001221.
LOCAL_RANK: 0 - CUDA_VISIBLE_DEVICES: [0]
[I 2023-11-30 05:21:20,346] Trial 85 finished with value: 5.841027736663818 and parameters: {'gradient_clip_val': 0.9388912514839566, 'hidden_size': 44, 'dropout': 0.32527256572545366, 'hidden_continuous_size': 21, 'attention_head_size': 4, 'learning_rate': 0.03906264535386955}. Best is trial 63 with value: 5.068130970001221.
LOCAL_RANK: 0 - CUDA_VISIBLE_DEVICES: [0]
[I 2023-11-30 05:21:33,879] Trial 86 finished with value: 6.59265661239624 and parameters: {'gradient_clip_val': 0.7857478867497777, 'hidden_size': 73, 'dropout': 0.394453750181285, 'hidden_continuous_size': 13, 'attention_head_size': 4, 'learning_rate': 0.04708911612264117}. Best is trial 63 with value: 5.068130970001221.
LOCAL_RANK: 0 - CUDA_VISIBLE_DEVICES: [0]
[I 2023-11-30 05:21:46,346] Trial 87 finished with value: 6.187406539916992 and parameters: {'gradient_clip_val': 0.8740544477827542, 'hidden_size': 20, 'dropout': 0.3832461799408545, 'hidden_continuous_size': 11, 'attention_head_size': 4, 'learning_rate': 0.056522636825395364}. Best is trial 63 with value: 5.068130970001221.
LOCAL_RANK: 0 - CUDA_VISIBLE_DEVICES: [0]
[I 2023-11-30 05:21:58,781] Trial 88 finished with value: 6.032476902008057 and parameters: {'gradient_clip_val': 0.8272819351165986, 'hidden_size': 17, 'dropout': 0.3462434253150404, 'hidden_continuous_size': 12, 'attention_head_size': 4, 'learning_rate': 0.06716147819385755}. Best is trial 63 with value: 5.068130970001221.
LOCAL_RANK: 0 - CUDA_VISIBLE_DEVICES: [0]
[I 2023-11-30 05:22:13,211] Trial 89 finished with value: 5.452751636505127 and parameters: {'gradient_clip_val': 0.7078169871430742, 'hidden_size': 141, 'dropout': 0.3749669808095749, 'hidden_continuous_size': 15, 'attention_head_size': 4, 'learning_rate': 0.08028529752133928}. Best is trial 63 with value: 5.068130970001221.
LOCAL_RANK: 0 - CUDA_VISIBLE_DEVICES: [0]
[I 2023-11-30 05:22:27,529] Trial 90 finished with value: 5.480329990386963 and parameters: {'gradient_clip_val': 0.7243858457388206, 'hidden_size': 142, 'dropout': 0.37562811194634554, 'hidden_continuous_size': 14, 'attention_head_size': 3, 'learning_rate': 0.07644333012506523}. Best is trial 63 with value: 5.068130970001221.
LOCAL_RANK: 0 - CUDA_VISIBLE_DEVICES: [0]
[I 2023-11-30 05:22:41,863] Trial 91 finished with value: 5.869296550750732 and parameters: {'gradient_clip_val': 0.7167516242632204, 'hidden_size': 138, 'dropout': 0.3770828830887914, 'hidden_continuous_size': 14, 'attention_head_size': 3, 'learning_rate': 0.07768672040424698}. Best is trial 63 with value: 5.068130970001221.
LOCAL_RANK: 0 - CUDA_VISIBLE_DEVICES: [0]
[I 2023-11-30 05:22:56,179] Trial 92 finished with value: 5.402677059173584 and parameters: {'gradient_clip_val': 0.6610231750431433, 'hidden_size': 141, 'dropout': 0.364043349138957, 'hidden_continuous_size': 15, 'attention_head_size': 3, 'learning_rate': 0.06058591552252919}. Best is trial 63 with value: 5.068130970001221.
LOCAL_RANK: 0 - CUDA_VISIBLE_DEVICES: [0]
[I 2023-11-30 05:23:10,184] Trial 93 finished with value: 6.096155643463135 and parameters: {'gradient_clip_val': 0.6431908874642228, 'hidden_size': 128, 'dropout': 0.3626274751077494, 'hidden_continuous_size': 15, 'attention_head_size': 4, 'learning_rate': 0.050460026030420525}. Best is trial 63 with value: 5.068130970001221.
LOCAL_RANK: 0 - CUDA_VISIBLE_DEVICES: [0]
[I 2023-11-30 05:23:24,365] Trial 94 finished with value: 6.138929843902588 and parameters: {'gradient_clip_val': 0.6709044341358055, 'hidden_size': 148, 'dropout': 0.3681035787908671, 'hidden_continuous_size': 15, 'attention_head_size': 2, 'learning_rate': 0.05833305249081944}. Best is trial 63 with value: 5.068130970001221.
LOCAL_RANK: 0 - CUDA_VISIBLE_DEVICES: [0]
[I 2023-11-30 05:23:38,535] Trial 95 finished with value: 5.6874213218688965 and parameters: {'gradient_clip_val': 0.6225955015079281, 'hidden_size': 141, 'dropout': 0.35446807820550413, 'hidden_continuous_size': 14, 'attention_head_size': 3, 'learning_rate': 0.043643679038910796}. Best is trial 63 with value: 5.068130970001221.
LOCAL_RANK: 0 - CUDA_VISIBLE_DEVICES: [0]
[I 2023-11-30 05:23:52,891] Trial 96 finished with value: 6.88110876083374 and parameters: {'gradient_clip_val': 0.5678238334143466, 'hidden_size': 127, 'dropout': 0.375271697050388, 'hidden_continuous_size': 16, 'attention_head_size': 4, 'learning_rate': 0.06579815211043064}. Best is trial 63 with value: 5.068130970001221.
LOCAL_RANK: 0 - CUDA_VISIBLE_DEVICES: [0]
[I 2023-11-30 05:24:07,046] Trial 97 finished with value: 7.374082088470459 and parameters: {'gradient_clip_val': 0.727792047587859, 'hidden_size': 138, 'dropout': 0.3627318130953849, 'hidden_continuous_size': 13, 'attention_head_size': 3, 'learning_rate': 0.07306528190066827}. Best is trial 63 with value: 5.068130970001221.
LOCAL_RANK: 0 - CUDA_VISIBLE_DEVICES: [0]
[I 2023-11-30 05:24:21,128] Trial 98 finished with value: 5.944784164428711 and parameters: {'gradient_clip_val': 0.6009527808270612, 'hidden_size': 118, 'dropout': 0.3490799590318033, 'hidden_continuous_size': 15, 'attention_head_size': 4, 'learning_rate': 0.06285378982317544}. Best is trial 63 with value: 5.068130970001221.
LOCAL_RANK: 0 - CUDA_VISIBLE_DEVICES: [0]
[I 2023-11-30 05:24:35,065] Trial 99 finished with value: 6.118688106536865 and parameters: {'gradient_clip_val': 0.7609186474850076, 'hidden_size': 124, 'dropout': 0.3997874841968421, 'hidden_continuous_size': 16, 'attention_head_size': 4, 'learning_rate': 0.08331783747093509}. Best is trial 63 with value: 5.068130970001221.
LOCAL_RANK: 0 - CUDA_VISIBLE_DEVICES: [0]
[I 2023-11-30 05:24:49,586] Trial 100 finished with value: 6.157057285308838 and parameters: {'gradient_clip_val': 0.6566863584541315, 'hidden_size': 149, 'dropout': 0.3836396455828974, 'hidden_continuous_size': 25, 'attention_head_size': 4, 'learning_rate': 0.054761459389965746}. Best is trial 63 with value: 5.068130970001221.
LOCAL_RANK: 0 - CUDA_VISIBLE_DEVICES: [0]
[I 2023-11-30 05:25:03,881] Trial 101 finished with value: 5.761648654937744 and parameters: {'gradient_clip_val': 0.7098609481395048, 'hidden_size': 133, 'dropout': 0.38782296157755247, 'hidden_continuous_size': 18, 'attention_head_size': 3, 'learning_rate': 0.09193394420155683}. Best is trial 63 with value: 5.068130970001221.
LOCAL_RANK: 0 - CUDA_VISIBLE_DEVICES: [0]
[I 2023-11-30 05:25:17,711] Trial 102 finished with value: 6.0932135581970215 and parameters: {'gradient_clip_val': 0.8053804656486908, 'hidden_size': 112, 'dropout': 0.3921652787004233, 'hidden_continuous_size': 13, 'attention_head_size': 3, 'learning_rate': 0.07947134090597632}. Best is trial 63 with value: 5.068130970001221.
LOCAL_RANK: 0 - CUDA_VISIBLE_DEVICES: [0]
[I 2023-11-30 05:25:32,045] Trial 103 finished with value: 6.665441989898682 and parameters: {'gradient_clip_val': 0.5600022536923596, 'hidden_size': 142, 'dropout': 0.3730457043328934, 'hidden_continuous_size': 14, 'attention_head_size': 3, 'learning_rate': 0.0736603221209574}. Best is trial 63 with value: 5.068130970001221.
LOCAL_RANK: 0 - CUDA_VISIBLE_DEVICES: [0]
[I 2023-11-30 05:25:45,855] Trial 104 finished with value: 6.0306525230407715 and parameters: {'gradient_clip_val': 0.776347499987625, 'hidden_size': 98, 'dropout': 0.375765826347072, 'hidden_continuous_size': 17, 'attention_head_size': 3, 'learning_rate': 0.047954348324429685}. Best is trial 63 with value: 5.068130970001221.
LOCAL_RANK: 0 - CUDA_VISIBLE_DEVICES: [0]
[I 2023-11-30 05:25:59,892] Trial 105 finished with value: 6.073169708251953 and parameters: {'gradient_clip_val': 0.6140799917298806, 'hidden_size': 123, 'dropout': 0.3900245670508559, 'hidden_continuous_size': 15, 'attention_head_size': 3, 'learning_rate': 0.061153546773955195}. Best is trial 63 with value: 5.068130970001221.
LOCAL_RANK: 0 - CUDA_VISIBLE_DEVICES: [0]
