[I 2023-11-29 22:16:04,310] Trial 133 finished with value: 9.324320793151855 and parameters: {'gradient_clip_val': 0.12241925707921637, 'hidden_size': 11, 'dropout': 0.1343939193382253, 'hidden_continuous_size': 10, 'attention_head_size': 3, 'learning_rate': 0.06177421716440127}. Best is trial 65 with value: 4.579531192779541.
LOCAL_RANK: 0 - CUDA_VISIBLE_DEVICES: [0]
[I 2023-11-29 22:16:14,747] Trial 134 finished with value: 5.801209926605225 and parameters: {'gradient_clip_val': 0.1001306297313414, 'hidden_size': 10, 'dropout': 0.11909736265078485, 'hidden_continuous_size': 10, 'attention_head_size': 4, 'learning_rate': 0.07799998190440825}. Best is trial 65 with value: 4.579531192779541.
LOCAL_RANK: 0 - CUDA_VISIBLE_DEVICES: [0]
[I 2023-11-29 22:16:27,209] Trial 135 finished with value: 11.55767822265625 and parameters: {'gradient_clip_val': 0.10118918187751881, 'hidden_size': 13, 'dropout': 0.10979888746191774, 'hidden_continuous_size': 12, 'attention_head_size': 4, 'learning_rate': 0.09026688030517988}. Best is trial 65 with value: 4.579531192779541.
LOCAL_RANK: 0 - CUDA_VISIBLE_DEVICES: [0]
[I 2023-11-29 22:16:39,276] Trial 136 finished with value: 9.563785552978516 and parameters: {'gradient_clip_val': 0.10766577759924453, 'hidden_size': 12, 'dropout': 0.12097287431346693, 'hidden_continuous_size': 11, 'attention_head_size': 4, 'learning_rate': 0.06553853246593627}. Best is trial 65 with value: 4.579531192779541.
LOCAL_RANK: 0 - CUDA_VISIBLE_DEVICES: [0]
[I 2023-11-29 22:16:51,925] Trial 137 finished with value: 12.5764741897583 and parameters: {'gradient_clip_val': 0.10027710938544938, 'hidden_size': 25, 'dropout': 0.11688742354998943, 'hidden_continuous_size': 18, 'attention_head_size': 4, 'learning_rate': 0.046091987513763026}. Best is trial 65 with value: 4.579531192779541.
LOCAL_RANK: 0 - CUDA_VISIBLE_DEVICES: [0]
[I 2023-11-29 22:17:02,443] Trial 138 finished with value: 7.276477336883545 and parameters: {'gradient_clip_val': 0.11675709177938266, 'hidden_size': 10, 'dropout': 0.14700161882650856, 'hidden_continuous_size': 10, 'attention_head_size': 4, 'learning_rate': 0.07859045176843724}. Best is trial 65 with value: 4.579531192779541.
LOCAL_RANK: 0 - CUDA_VISIBLE_DEVICES: [0]
[I 2023-11-29 22:17:14,776] Trial 139 finished with value: 7.390857696533203 and parameters: {'gradient_clip_val': 0.1271076523715024, 'hidden_size': 11, 'dropout': 0.16937320365296724, 'hidden_continuous_size': 10, 'attention_head_size': 4, 'learning_rate': 0.05698437026312906}. Best is trial 65 with value: 4.579531192779541.
LOCAL_RANK: 0 - CUDA_VISIBLE_DEVICES: [0]
[I 2023-11-29 22:17:27,693] Trial 140 finished with value: 8.865604400634766 and parameters: {'gradient_clip_val': 0.11240067225162811, 'hidden_size': 42, 'dropout': 0.1266128358487109, 'hidden_continuous_size': 11, 'attention_head_size': 4, 'learning_rate': 0.05166584012605095}. Best is trial 65 with value: 4.579531192779541.
LOCAL_RANK: 0 - CUDA_VISIBLE_DEVICES: [0]
[I 2023-11-29 22:17:37,936] Trial 141 finished with value: 14.173271179199219 and parameters: {'gradient_clip_val': 0.1065670600326143, 'hidden_size': 10, 'dropout': 0.13292381411246956, 'hidden_continuous_size': 10, 'attention_head_size': 3, 'learning_rate': 0.07556935315186679}. Best is trial 65 with value: 4.579531192779541.
LOCAL_RANK: 0 - CUDA_VISIBLE_DEVICES: [0]
[I 2023-11-29 22:17:50,386] Trial 142 finished with value: 7.920617580413818 and parameters: {'gradient_clip_val': 0.11889110776514221, 'hidden_size': 17, 'dropout': 0.1399324441620945, 'hidden_continuous_size': 13, 'attention_head_size': 4, 'learning_rate': 0.09181086881869731}. Best is trial 65 with value: 4.579531192779541.
LOCAL_RANK: 0 - CUDA_VISIBLE_DEVICES: [0]
[I 2023-11-29 22:18:00,677] Trial 143 finished with value: 6.587584018707275 and parameters: {'gradient_clip_val': 0.11105189679956304, 'hidden_size': 10, 'dropout': 0.1515738603679571, 'hidden_continuous_size': 10, 'attention_head_size': 1, 'learning_rate': 0.06915377941794533}. Best is trial 65 with value: 4.579531192779541.
LOCAL_RANK: 0 - CUDA_VISIBLE_DEVICES: [0]
[I 2023-11-29 22:18:12,851] Trial 144 finished with value: 9.058335304260254 and parameters: {'gradient_clip_val': 0.11324296228155117, 'hidden_size': 11, 'dropout': 0.15865436181970846, 'hidden_continuous_size': 10, 'attention_head_size': 3, 'learning_rate': 0.06244738457873299}. Best is trial 65 with value: 4.579531192779541.
LOCAL_RANK: 0 - CUDA_VISIBLE_DEVICES: [0]
[I 2023-11-29 22:18:25,334] Trial 145 finished with value: 7.920080661773682 and parameters: {'gradient_clip_val': 0.12509737263732768, 'hidden_size': 21, 'dropout': 0.15347181342981342, 'hidden_continuous_size': 15, 'attention_head_size': 4, 'learning_rate': 0.0693065267262601}. Best is trial 65 with value: 4.579531192779541.
LOCAL_RANK: 0 - CUDA_VISIBLE_DEVICES: [0]
[I 2023-11-29 22:18:35,563] Trial 146 finished with value: 7.067070007324219 and parameters: {'gradient_clip_val': 0.10489920773379456, 'hidden_size': 10, 'dropout': 0.16204563950527218, 'hidden_continuous_size': 10, 'attention_head_size': 3, 'learning_rate': 0.09970214998292776}. Best is trial 65 with value: 4.579531192779541.
LOCAL_RANK: 0 - CUDA_VISIBLE_DEVICES: [0]
[I 2023-11-29 22:18:48,177] Trial 147 finished with value: 8.039405822753906 and parameters: {'gradient_clip_val': 0.11011120943318975, 'hidden_size': 30, 'dropout': 0.14601495465637437, 'hidden_continuous_size': 16, 'attention_head_size': 2, 'learning_rate': 0.02246494766422159}. Best is trial 65 with value: 4.579531192779541.
LOCAL_RANK: 0 - CUDA_VISIBLE_DEVICES: [0]
[I 2023-11-29 22:19:00,462] Trial 148 finished with value: 10.259997367858887 and parameters: {'gradient_clip_val': 0.1433374626240839, 'hidden_size': 12, 'dropout': 0.1513599093987195, 'hidden_continuous_size': 11, 'attention_head_size': 4, 'learning_rate': 0.04767453755981878}. Best is trial 65 with value: 4.579531192779541.
LOCAL_RANK: 0 - CUDA_VISIBLE_DEVICES: [0]
[I 2023-11-29 22:19:12,942] Trial 149 finished with value: 12.8729829788208 and parameters: {'gradient_clip_val': 0.2549661812345898, 'hidden_size': 19, 'dropout': 0.11263582605323158, 'hidden_continuous_size': 15, 'attention_head_size': 4, 'learning_rate': 0.08173727293852856}. Best is trial 65 with value: 4.579531192779541.
[I 2023-11-29 22:19:13,053] A new study created in memory with name: no-name-629b18cf-05ac-485b-8090-f3d40e6781ad
/home/le004/conda/anaconda3/envs/tsff_env/lib/python3.9/site-packages/lightning/fabric/plugins/environments/slurm.py:191: The `srun` command is available on your system but is not used. HINT: If your intention is to run Lightning on SLURM, prepend your python command with `srun` like so: srun python /home/le004/master_thesis/git/TSFusionForecast/code/ ...
LOCAL_RANK: 0 - CUDA_VISIBLE_DEVICES: [0]
[I 2023-11-29 22:19:25,357] Trial 0 finished with value: 12.490341186523438 and parameters: {'gradient_clip_val': 0.8022822377215972, 'hidden_size': 18, 'dropout': 0.15489241240774465, 'hidden_continuous_size': 11, 'attention_head_size': 2, 'learning_rate': 0.010458351397323913}. Best is trial 0 with value: 12.490341186523438.
LOCAL_RANK: 0 - CUDA_VISIBLE_DEVICES: [0]
[I 2023-11-29 22:19:38,698] Trial 1 finished with value: 8.877575874328613 and parameters: {'gradient_clip_val': 0.6763471581608618, 'hidden_size': 88, 'dropout': 0.14697432134237215, 'hidden_continuous_size': 10, 'attention_head_size': 2, 'learning_rate': 0.002891899210502491}. Best is trial 1 with value: 8.877575874328613.
LOCAL_RANK: 0 - CUDA_VISIBLE_DEVICES: [0]
[I 2023-11-29 22:19:51,012] Trial 2 finished with value: 27.562545776367188 and parameters: {'gradient_clip_val': 0.6625458363499699, 'hidden_size': 24, 'dropout': 0.22276365206244703, 'hidden_continuous_size': 19, 'attention_head_size': 3, 'learning_rate': 0.0014648676959936437}. Best is trial 1 with value: 8.877575874328613.
LOCAL_RANK: 0 - CUDA_VISIBLE_DEVICES: [0]
[I 2023-11-29 22:20:04,253] Trial 3 finished with value: 14.327618598937988 and parameters: {'gradient_clip_val': 0.18217822842222317, 'hidden_size': 54, 'dropout': 0.10453375420329841, 'hidden_continuous_size': 11, 'attention_head_size': 4, 'learning_rate': 0.002363254838332819}. Best is trial 1 with value: 8.877575874328613.
LOCAL_RANK: 0 - CUDA_VISIBLE_DEVICES: [0]
[I 2023-11-29 22:20:17,399] Trial 4 finished with value: 10.653399467468262 and parameters: {'gradient_clip_val': 0.16917879705599226, 'hidden_size': 43, 'dropout': 0.3847267067726615, 'hidden_continuous_size': 36, 'attention_head_size': 1, 'learning_rate': 0.01265441709431818}. Best is trial 1 with value: 8.877575874328613.
LOCAL_RANK: 0 - CUDA_VISIBLE_DEVICES: [0]
[I 2023-11-29 22:20:30,426] Trial 5 finished with value: 10.898774147033691 and parameters: {'gradient_clip_val': 0.13994305145317465, 'hidden_size': 50, 'dropout': 0.1376482016066758, 'hidden_continuous_size': 24, 'attention_head_size': 2, 'learning_rate': 0.05682753346174471}. Best is trial 1 with value: 8.877575874328613.
LOCAL_RANK: 0 - CUDA_VISIBLE_DEVICES: [0]
[I 2023-11-29 22:20:42,636] Trial 6 finished with value: 11.854361534118652 and parameters: {'gradient_clip_val': 0.4008227924351091, 'hidden_size': 21, 'dropout': 0.17257690072039586, 'hidden_continuous_size': 10, 'attention_head_size': 2, 'learning_rate': 0.07373663507693311}. Best is trial 1 with value: 8.877575874328613.
LOCAL_RANK: 0 - CUDA_VISIBLE_DEVICES: [0]
[I 2023-11-29 22:20:53,169] Trial 7 finished with value: 29.330169677734375 and parameters: {'gradient_clip_val': 0.5325611504962737, 'hidden_size': 11, 'dropout': 0.3193591184306589, 'hidden_continuous_size': 11, 'attention_head_size': 4, 'learning_rate': 0.0013550450102103595}. Best is trial 1 with value: 8.877575874328613.
LOCAL_RANK: 0 - CUDA_VISIBLE_DEVICES: [0]
[I 2023-11-29 22:21:06,874] Trial 8 finished with value: 10.773211479187012 and parameters: {'gradient_clip_val': 0.33302113934652006, 'hidden_size': 82, 'dropout': 0.3884487926461735, 'hidden_continuous_size': 13, 'attention_head_size': 3, 'learning_rate': 0.0050779715771337355}. Best is trial 1 with value: 8.877575874328613.
LOCAL_RANK: 0 - CUDA_VISIBLE_DEVICES: [0]
[I 2023-11-29 22:21:21,304] Trial 9 finished with value: 13.797599792480469 and parameters: {'gradient_clip_val': 0.49968274874896623, 'hidden_size': 124, 'dropout': 0.11844531921949505, 'hidden_continuous_size': 95, 'attention_head_size': 2, 'learning_rate': 0.01643581925062433}. Best is trial 1 with value: 8.877575874328613.
LOCAL_RANK: 0 - CUDA_VISIBLE_DEVICES: [0]
[I 2023-11-29 22:21:35,458] Trial 10 finished with value: 9.692086219787598 and parameters: {'gradient_clip_val': 0.7888704096093996, 'hidden_size': 129, 'dropout': 0.20717888935984335, 'hidden_continuous_size': 41, 'attention_head_size': 1, 'learning_rate': 0.003180677068360818}. Best is trial 1 with value: 8.877575874328613.
LOCAL_RANK: 0 - CUDA_VISIBLE_DEVICES: [0]
[I 2023-11-29 22:21:49,818] Trial 11 finished with value: 11.728415489196777 and parameters: {'gradient_clip_val': 0.9597417096478825, 'hidden_size': 143, 'dropout': 0.20500094611837996, 'hidden_continuous_size': 54, 'attention_head_size': 1, 'learning_rate': 0.0035481484151321935}. Best is trial 1 with value: 8.877575874328613.
LOCAL_RANK: 0 - CUDA_VISIBLE_DEVICES: [0]
[I 2023-11-29 22:22:03,690] Trial 12 finished with value: 11.912089347839355 and parameters: {'gradient_clip_val': 0.9766257110926254, 'hidden_size': 95, 'dropout': 0.25143068221202414, 'hidden_continuous_size': 35, 'attention_head_size': 1, 'learning_rate': 0.004687231289376802}. Best is trial 1 with value: 8.877575874328613.
LOCAL_RANK: 0 - CUDA_VISIBLE_DEVICES: [0]
[I 2023-11-29 22:22:17,363] Trial 13 finished with value: 15.7355318069458 and parameters: {'gradient_clip_val': 0.6146811214548152, 'hidden_size': 81, 'dropout': 0.1846448594946566, 'hidden_continuous_size': 17, 'attention_head_size': 1, 'learning_rate': 0.0010785230194085144}. Best is trial 1 with value: 8.877575874328613.
LOCAL_RANK: 0 - CUDA_VISIBLE_DEVICES: [0]
[I 2023-11-29 22:22:32,189] Trial 14 finished with value: 9.74673080444336 and parameters: {'gradient_clip_val': 0.7394609430887809, 'hidden_size': 148, 'dropout': 0.24314189367909045, 'hidden_continuous_size': 64, 'attention_head_size': 3, 'learning_rate': 0.002708947242491926}. Best is trial 1 with value: 8.877575874328613.
LOCAL_RANK: 0 - CUDA_VISIBLE_DEVICES: [0]
[I 2023-11-29 22:22:45,501] Trial 15 finished with value: 9.211273193359375 and parameters: {'gradient_clip_val': 0.45574513741000205, 'hidden_size': 65, 'dropout': 0.15757184291220408, 'hidden_continuous_size': 16, 'attention_head_size': 1, 'learning_rate': 0.006392377223967109}. Best is trial 1 with value: 8.877575874328613.
LOCAL_RANK: 0 - CUDA_VISIBLE_DEVICES: [0]
[I 2023-11-29 22:22:58,428] Trial 16 finished with value: 8.581562995910645 and parameters: {'gradient_clip_val': 0.26336411174157004, 'hidden_size': 56, 'dropout': 0.10186330176823585, 'hidden_continuous_size': 14, 'attention_head_size': 2, 'learning_rate': 0.007351670624340731}. Best is trial 16 with value: 8.581562995910645.
LOCAL_RANK: 0 - CUDA_VISIBLE_DEVICES: [0]
[I 2023-11-29 22:23:11,115] Trial 17 finished with value: 10.900778770446777 and parameters: {'gradient_clip_val': 0.2608893098195716, 'hidden_size': 33, 'dropout': 0.11853733556271133, 'hidden_continuous_size': 13, 'attention_head_size': 2, 'learning_rate': 0.006639083471656401}. Best is trial 16 with value: 8.581562995910645.
LOCAL_RANK: 0 - CUDA_VISIBLE_DEVICES: [0]
[I 2023-11-29 22:23:24,486] Trial 18 finished with value: 12.998340606689453 and parameters: {'gradient_clip_val': 0.2973996650752114, 'hidden_size': 62, 'dropout': 0.10310348058019363, 'hidden_continuous_size': 14, 'attention_head_size': 3, 'learning_rate': 0.018260363913103313}. Best is trial 16 with value: 8.581562995910645.
LOCAL_RANK: 0 - CUDA_VISIBLE_DEVICES: [0]
[I 2023-11-29 22:23:37,002] Trial 19 finished with value: 19.2154598236084 and parameters: {'gradient_clip_val': 0.11119945117647496, 'hidden_size': 36, 'dropout': 0.13987084216970314, 'hidden_continuous_size': 10, 'attention_head_size': 2, 'learning_rate': 0.0017441619168760943}. Best is trial 16 with value: 8.581562995910645.
LOCAL_RANK: 0 - CUDA_VISIBLE_DEVICES: [0]
[I 2023-11-29 22:23:50,866] Trial 20 finished with value: 13.164973258972168 and parameters: {'gradient_clip_val': 0.2348698143671474, 'hidden_size': 100, 'dropout': 0.17483279144396194, 'hidden_continuous_size': 22, 'attention_head_size': 3, 'learning_rate': 0.001964028127809729}. Best is trial 16 with value: 8.581562995910645.
LOCAL_RANK: 0 - CUDA_VISIBLE_DEVICES: [0]
[I 2023-11-29 22:24:04,012] Trial 21 finished with value: 12.337142944335938 and parameters: {'gradient_clip_val': 0.41026080521624864, 'hidden_size': 68, 'dropout': 0.12634844941834605, 'hidden_continuous_size': 16, 'attention_head_size': 1, 'learning_rate': 0.006255908349961548}. Best is trial 16 with value: 8.581562995910645.
LOCAL_RANK: 0 - CUDA_VISIBLE_DEVICES: [0]
[I 2023-11-29 22:24:17,258] Trial 22 finished with value: 10.093384742736816 and parameters: {'gradient_clip_val': 0.4447076094620969, 'hidden_size': 67, 'dropout': 0.15112725448607253, 'hidden_continuous_size': 14, 'attention_head_size': 2, 'learning_rate': 0.006661385782573126}. Best is trial 16 with value: 8.581562995910645.
LOCAL_RANK: 0 - CUDA_VISIBLE_DEVICES: [0]
[I 2023-11-29 22:24:30,402] Trial 23 finished with value: 11.913702964782715 and parameters: {'gradient_clip_val': 0.350005530080692, 'hidden_size': 50, 'dropout': 0.10008062583770956, 'hidden_continuous_size': 12, 'attention_head_size': 2, 'learning_rate': 0.004011896515995304}. Best is trial 16 with value: 8.581562995910645.
LOCAL_RANK: 0 - CUDA_VISIBLE_DEVICES: [0]
[I 2023-11-29 22:24:43,771] Trial 24 finished with value: 11.040278434753418 and parameters: {'gradient_clip_val': 0.4963321073508809, 'hidden_size': 75, 'dropout': 0.15658884867978515, 'hidden_continuous_size': 16, 'attention_head_size': 1, 'learning_rate': 0.0023598943699414464}. Best is trial 16 with value: 8.581562995910645.
LOCAL_RANK: 0 - CUDA_VISIBLE_DEVICES: [0]
[I 2023-11-29 22:24:57,601] Trial 25 finished with value: 11.089423179626465 and parameters: {'gradient_clip_val': 0.582610275483379, 'hidden_size': 99, 'dropout': 0.13433159915093418, 'hidden_continuous_size': 24, 'attention_head_size': 2, 'learning_rate': 0.008175832627227436}. Best is trial 16 with value: 8.581562995910645.
LOCAL_RANK: 0 - CUDA_VISIBLE_DEVICES: [0]
[I 2023-11-29 22:25:10,590] Trial 26 finished with value: 10.402132987976074 and parameters: {'gradient_clip_val': 0.380563937928763, 'hidden_size': 57, 'dropout': 0.17422495116006353, 'hidden_continuous_size': 10, 'attention_head_size': 1, 'learning_rate': 0.004000042718950429}. Best is trial 16 with value: 8.581562995910645.
LOCAL_RANK: 0 - CUDA_VISIBLE_DEVICES: [0]
[I 2023-11-29 22:25:23,473] Trial 27 finished with value: 11.27430248260498 and parameters: {'gradient_clip_val': 0.3062311421122246, 'hidden_size': 46, 'dropout': 0.123103333446648, 'hidden_continuous_size': 15, 'attention_head_size': 2, 'learning_rate': 0.008797873070852866}. Best is trial 16 with value: 8.581562995910645.
LOCAL_RANK: 0 - CUDA_VISIBLE_DEVICES: [0]
[I 2023-11-29 22:25:36,954] Trial 28 finished with value: 10.318648338317871 and parameters: {'gradient_clip_val': 0.4563792375834598, 'hidden_size': 64, 'dropout': 0.15495118622643553, 'hidden_continuous_size': 19, 'attention_head_size': 3, 'learning_rate': 0.003255241260420947}. Best is trial 16 with value: 8.581562995910645.
LOCAL_RANK: 0 - CUDA_VISIBLE_DEVICES: [0]
[I 2023-11-29 22:25:49,227] Trial 29 finished with value: 9.215842247009277 and parameters: {'gradient_clip_val': 0.6628875361660467, 'hidden_size': 32, 'dropout': 0.1532708649159096, 'hidden_continuous_size': 12, 'attention_head_size': 2, 'learning_rate': 0.010785511077076275}. Best is trial 16 with value: 8.581562995910645.
LOCAL_RANK: 0 - CUDA_VISIBLE_DEVICES: [0]
[I 2023-11-29 22:26:01,923] Trial 30 finished with value: 10.802197456359863 and parameters: {'gradient_clip_val': 0.5719697192087297, 'hidden_size': 43, 'dropout': 0.13624376047147801, 'hidden_continuous_size': 12, 'attention_head_size': 1, 'learning_rate': 0.005194338319901196}. Best is trial 16 with value: 8.581562995910645.
LOCAL_RANK: 0 - CUDA_VISIBLE_DEVICES: [0]
[I 2023-11-29 22:26:14,556] Trial 31 finished with value: 11.09478759765625 and parameters: {'gradient_clip_val': 0.6831228880703331, 'hidden_size': 33, 'dropout': 0.1569060636968426, 'hidden_continuous_size': 12, 'attention_head_size': 2, 'learning_rate': 0.011228698057578802}. Best is trial 16 with value: 8.581562995910645.
LOCAL_RANK: 0 - CUDA_VISIBLE_DEVICES: [0]
[I 2023-11-29 22:26:27,033] Trial 32 finished with value: 10.746493339538574 and parameters: {'gradient_clip_val': 0.668864972797501, 'hidden_size': 29, 'dropout': 0.19361917218097416, 'hidden_continuous_size': 11, 'attention_head_size': 2, 'learning_rate': 0.008819168276769408}. Best is trial 16 with value: 8.581562995910645.
LOCAL_RANK: 0 - CUDA_VISIBLE_DEVICES: [0]
[I 2023-11-29 22:26:40,290] Trial 33 finished with value: 10.67910385131836 and parameters: {'gradient_clip_val': 0.7553593375650958, 'hidden_size': 55, 'dropout': 0.11468402115818507, 'hidden_continuous_size': 13, 'attention_head_size': 3, 'learning_rate': 0.013157725519129224}. Best is trial 16 with value: 8.581562995910645.
LOCAL_RANK: 0 - CUDA_VISIBLE_DEVICES: [0]
[I 2023-11-29 22:26:53,053] Trial 34 finished with value: 10.814170837402344 and parameters: {'gradient_clip_val': 0.6020658919795835, 'hidden_size': 41, 'dropout': 0.10027662519874232, 'hidden_continuous_size': 11, 'attention_head_size': 2, 'learning_rate': 0.0061537699133568016}. Best is trial 16 with value: 8.581562995910645.
LOCAL_RANK: 0 - CUDA_VISIBLE_DEVICES: [0]
[I 2023-11-29 22:27:05,579] Trial 35 finished with value: 11.511454582214355 and parameters: {'gradient_clip_val': 0.8613686596931914, 'hidden_size': 27, 'dropout': 0.1480897230237216, 'hidden_continuous_size': 10, 'attention_head_size': 4, 'learning_rate': 0.010433398550367947}. Best is trial 16 with value: 8.581562995910645.
LOCAL_RANK: 0 - CUDA_VISIBLE_DEVICES: [0]
[I 2023-11-29 22:27:18,551] Trial 36 finished with value: 9.423274040222168 and parameters: {'gradient_clip_val': 0.49121532510342014, 'hidden_size': 47, 'dropout': 0.16580814403918415, 'hidden_continuous_size': 18, 'attention_head_size': 2, 'learning_rate': 0.022877720278206694}. Best is trial 16 with value: 8.581562995910645.
LOCAL_RANK: 0 - CUDA_VISIBLE_DEVICES: [0]
[I 2023-11-29 22:27:31,369] Trial 37 finished with value: 16.51862144470215 and parameters: {'gradient_clip_val': 0.5422105070247749, 'hidden_size': 55, 'dropout': 0.13294067399146697, 'hidden_continuous_size': 15, 'attention_head_size': 1, 'learning_rate': 0.0024010358099110854}. Best is trial 16 with value: 8.581562995910645.
LOCAL_RANK: 0 - CUDA_VISIBLE_DEVICES: [0]
[I 2023-11-29 22:27:44,081] Trial 38 finished with value: 11.696041107177734 and parameters: {'gradient_clip_val': 0.6370364294774792, 'hidden_size': 36, 'dropout': 0.18834899884170436, 'hidden_continuous_size': 11, 'attention_head_size': 3, 'learning_rate': 0.004554952446825199}. Best is trial 16 with value: 8.581562995910645.
LOCAL_RANK: 0 - CUDA_VISIBLE_DEVICES: [0]
[I 2023-11-29 22:27:56,903] Trial 39 finished with value: 13.445313453674316 and parameters: {'gradient_clip_val': 0.8750977981099455, 'hidden_size': 39, 'dropout': 0.11946425214751136, 'hidden_continuous_size': 12, 'attention_head_size': 2, 'learning_rate': 0.02884566765189554}. Best is trial 16 with value: 8.581562995910645.
LOCAL_RANK: 0 - CUDA_VISIBLE_DEVICES: [0]
