[I 2023-11-30 04:35:37,634] Trial 21 finished with value: 6.786285400390625 and parameters: {'gradient_clip_val': 0.3694879289534107, 'hidden_size': 23, 'dropout': 0.26642763059740615, 'hidden_continuous_size': 19, 'attention_head_size': 3, 'learning_rate': 0.030843945574584735}. Best is trial 12 with value: 4.920682907104492.
LOCAL_RANK: 0 - CUDA_VISIBLE_DEVICES: [0]
[I 2023-11-30 04:35:50,176] Trial 22 finished with value: 6.5229315757751465 and parameters: {'gradient_clip_val': 0.23903296658098444, 'hidden_size': 28, 'dropout': 0.2518710962667649, 'hidden_continuous_size': 20, 'attention_head_size': 3, 'learning_rate': 0.030869827012361985}. Best is trial 12 with value: 4.920682907104492.
LOCAL_RANK: 0 - CUDA_VISIBLE_DEVICES: [0]
[I 2023-11-30 04:36:03,088] Trial 23 finished with value: 5.032972812652588 and parameters: {'gradient_clip_val': 0.3528968584962406, 'hidden_size': 32, 'dropout': 0.3059976939628667, 'hidden_continuous_size': 20, 'attention_head_size': 4, 'learning_rate': 0.06163335624543249}. Best is trial 12 with value: 4.920682907104492.
LOCAL_RANK: 0 - CUDA_VISIBLE_DEVICES: [0]
[I 2023-11-30 04:36:16,001] Trial 24 finished with value: 6.767014980316162 and parameters: {'gradient_clip_val': 0.24685864489691256, 'hidden_size': 36, 'dropout': 0.300851301513045, 'hidden_continuous_size': 25, 'attention_head_size': 4, 'learning_rate': 0.05173002979588271}. Best is trial 12 with value: 4.920682907104492.
LOCAL_RANK: 0 - CUDA_VISIBLE_DEVICES: [0]
[I 2023-11-30 04:36:29,186] Trial 25 finished with value: 6.28732442855835 and parameters: {'gradient_clip_val': 0.28268113892500896, 'hidden_size': 52, 'dropout': 0.3232251494517764, 'hidden_continuous_size': 28, 'attention_head_size': 4, 'learning_rate': 0.06628529619275345}. Best is trial 12 with value: 4.920682907104492.
LOCAL_RANK: 0 - CUDA_VISIBLE_DEVICES: [0]
[I 2023-11-30 04:36:42,117] Trial 26 finished with value: 6.242740631103516 and parameters: {'gradient_clip_val': 0.39972543145691186, 'hidden_size': 33, 'dropout': 0.14872257706429157, 'hidden_continuous_size': 16, 'attention_head_size': 4, 'learning_rate': 0.0904845570611836}. Best is trial 12 with value: 4.920682907104492.
LOCAL_RANK: 0 - CUDA_VISIBLE_DEVICES: [0]
[I 2023-11-30 04:36:52,939] Trial 27 finished with value: 7.1780571937561035 and parameters: {'gradient_clip_val': 0.3069130497341711, 'hidden_size': 55, 'dropout': 0.2230180238927498, 'hidden_continuous_size': 55, 'attention_head_size': 4, 'learning_rate': 0.06582358815744647}. Best is trial 12 with value: 4.920682907104492.
LOCAL_RANK: 0 - CUDA_VISIBLE_DEVICES: [0]
[I 2023-11-30 04:37:05,519] Trial 28 finished with value: 6.467351913452148 and parameters: {'gradient_clip_val': 0.2329464946430157, 'hidden_size': 25, 'dropout': 0.3137135162161079, 'hidden_continuous_size': 14, 'attention_head_size': 2, 'learning_rate': 0.04281897708691383}. Best is trial 12 with value: 4.920682907104492.
LOCAL_RANK: 0 - CUDA_VISIBLE_DEVICES: [0]
[I 2023-11-30 04:37:17,872] Trial 29 finished with value: 6.403144836425781 and parameters: {'gradient_clip_val': 0.2733019191964467, 'hidden_size': 17, 'dropout': 0.3416378024135861, 'hidden_continuous_size': 13, 'attention_head_size': 2, 'learning_rate': 0.03923609271588694}. Best is trial 12 with value: 4.920682907104492.
LOCAL_RANK: 0 - CUDA_VISIBLE_DEVICES: [0]
[I 2023-11-30 04:37:30,687] Trial 30 finished with value: 5.324932098388672 and parameters: {'gradient_clip_val': 0.1790492661909915, 'hidden_size': 30, 'dropout': 0.33709753403817927, 'hidden_continuous_size': 18, 'attention_head_size': 4, 'learning_rate': 0.06622941541534855}. Best is trial 12 with value: 4.920682907104492.
LOCAL_RANK: 0 - CUDA_VISIBLE_DEVICES: [0]
[I 2023-11-30 04:37:43,252] Trial 31 finished with value: 5.554701328277588 and parameters: {'gradient_clip_val': 0.1865748981576826, 'hidden_size': 22, 'dropout': 0.34459938023506576, 'hidden_continuous_size': 16, 'attention_head_size': 4, 'learning_rate': 0.06825560222185918}. Best is trial 12 with value: 4.920682907104492.
LOCAL_RANK: 0 - CUDA_VISIBLE_DEVICES: [0]
[I 2023-11-30 04:37:56,155] Trial 32 finished with value: 5.914718151092529 and parameters: {'gradient_clip_val': 0.1733975773009132, 'hidden_size': 37, 'dropout': 0.34551034360178534, 'hidden_continuous_size': 17, 'attention_head_size': 4, 'learning_rate': 0.09700151857007101}. Best is trial 12 with value: 4.920682907104492.
LOCAL_RANK: 0 - CUDA_VISIBLE_DEVICES: [0]
[I 2023-11-30 04:38:09,044] Trial 33 finished with value: 5.5961222648620605 and parameters: {'gradient_clip_val': 0.22226351269574107, 'hidden_size': 29, 'dropout': 0.3855195842963356, 'hidden_continuous_size': 16, 'attention_head_size': 3, 'learning_rate': 0.06337628991534588}. Best is trial 12 with value: 4.920682907104492.
LOCAL_RANK: 0 - CUDA_VISIBLE_DEVICES: [0]
[I 2023-11-30 04:38:21,548] Trial 34 finished with value: 6.103871822357178 and parameters: {'gradient_clip_val': 0.149113331672089, 'hidden_size': 22, 'dropout': 0.3619943774761354, 'hidden_continuous_size': 16, 'attention_head_size': 4, 'learning_rate': 0.05575043847883091}. Best is trial 12 with value: 4.920682907104492.
LOCAL_RANK: 0 - CUDA_VISIBLE_DEVICES: [0]
[I 2023-11-30 04:38:34,200] Trial 35 finished with value: 5.8406524658203125 and parameters: {'gradient_clip_val': 0.26136644026678085, 'hidden_size': 30, 'dropout': 0.33733866666579976, 'hidden_continuous_size': 18, 'attention_head_size': 3, 'learning_rate': 0.07263907877572975}. Best is trial 12 with value: 4.920682907104492.
LOCAL_RANK: 0 - CUDA_VISIBLE_DEVICES: [0]
[I 2023-11-30 04:38:46,554] Trial 36 finished with value: 6.349411487579346 and parameters: {'gradient_clip_val': 0.42936396084208034, 'hidden_size': 24, 'dropout': 0.37605575821279447, 'hidden_continuous_size': 15, 'attention_head_size': 4, 'learning_rate': 0.04947073038473144}. Best is trial 12 with value: 4.920682907104492.
LOCAL_RANK: 0 - CUDA_VISIBLE_DEVICES: [0]
[I 2023-11-30 04:38:59,436] Trial 37 finished with value: 7.367782115936279 and parameters: {'gradient_clip_val': 0.31550405610087356, 'hidden_size': 40, 'dropout': 0.39684728130214103, 'hidden_continuous_size': 21, 'attention_head_size': 4, 'learning_rate': 0.09998146547137911}. Best is trial 12 with value: 4.920682907104492.
LOCAL_RANK: 0 - CUDA_VISIBLE_DEVICES: [0]
[I 2023-11-30 04:39:12,053] Trial 38 finished with value: 6.561824798583984 and parameters: {'gradient_clip_val': 0.3762988110934102, 'hidden_size': 33, 'dropout': 0.31066125595097693, 'hidden_continuous_size': 18, 'attention_head_size': 1, 'learning_rate': 0.04943361130295075}. Best is trial 12 with value: 4.920682907104492.
LOCAL_RANK: 0 - CUDA_VISIBLE_DEVICES: [0]
[I 2023-11-30 04:39:25,355] Trial 39 finished with value: 8.449031829833984 and parameters: {'gradient_clip_val': 0.19594351821936637, 'hidden_size': 64, 'dropout': 0.32338610847455435, 'hidden_continuous_size': 14, 'attention_head_size': 3, 'learning_rate': 0.07519596023627408}. Best is trial 12 with value: 4.920682907104492.
LOCAL_RANK: 0 - CUDA_VISIBLE_DEVICES: [0]
[I 2023-11-30 04:39:37,798] Trial 40 finished with value: 6.19326639175415 and parameters: {'gradient_clip_val': 0.2746125475639107, 'hidden_size': 20, 'dropout': 0.3531459981787977, 'hidden_continuous_size': 17, 'attention_head_size': 4, 'learning_rate': 0.05797349180039056}. Best is trial 12 with value: 4.920682907104492.
LOCAL_RANK: 0 - CUDA_VISIBLE_DEVICES: [0]
[I 2023-11-30 04:39:50,241] Trial 41 finished with value: 5.864512920379639 and parameters: {'gradient_clip_val': 0.21691635147362276, 'hidden_size': 28, 'dropout': 0.3754299247316917, 'hidden_continuous_size': 16, 'attention_head_size': 3, 'learning_rate': 0.06883509334556678}. Best is trial 12 with value: 4.920682907104492.
LOCAL_RANK: 0 - CUDA_VISIBLE_DEVICES: [0]
[I 2023-11-30 04:40:02,959] Trial 42 finished with value: 5.564403533935547 and parameters: {'gradient_clip_val': 0.16897867412578363, 'hidden_size': 30, 'dropout': 0.3835465011128517, 'hidden_continuous_size': 19, 'attention_head_size': 4, 'learning_rate': 0.03894186750437106}. Best is trial 12 with value: 4.920682907104492.
LOCAL_RANK: 0 - CUDA_VISIBLE_DEVICES: [0]
[I 2023-11-30 04:40:15,290] Trial 43 finished with value: 5.534603118896484 and parameters: {'gradient_clip_val': 0.16419378812088395, 'hidden_size': 24, 'dropout': 0.357069501986737, 'hidden_continuous_size': 18, 'attention_head_size': 4, 'learning_rate': 0.040258404224367654}. Best is trial 12 with value: 4.920682907104492.
LOCAL_RANK: 0 - CUDA_VISIBLE_DEVICES: [0]
[I 2023-11-30 04:40:28,055] Trial 44 finished with value: 6.338106632232666 and parameters: {'gradient_clip_val': 0.1311423429662704, 'hidden_size': 23, 'dropout': 0.361056019904617, 'hidden_continuous_size': 18, 'attention_head_size': 4, 'learning_rate': 0.07857545216347162}. Best is trial 12 with value: 4.920682907104492.
LOCAL_RANK: 0 - CUDA_VISIBLE_DEVICES: [0]
[I 2023-11-30 04:40:40,660] Trial 45 finished with value: 6.472029209136963 and parameters: {'gradient_clip_val': 0.19647000248126528, 'hidden_size': 26, 'dropout': 0.33853802437984254, 'hidden_continuous_size': 17, 'attention_head_size': 4, 'learning_rate': 0.05698428169028156}. Best is trial 12 with value: 4.920682907104492.
LOCAL_RANK: 0 - CUDA_VISIBLE_DEVICES: [0]
[I 2023-11-30 04:40:53,566] Trial 46 finished with value: 7.395580291748047 and parameters: {'gradient_clip_val': 0.15555555558792128, 'hidden_size': 34, 'dropout': 0.292322689317175, 'hidden_continuous_size': 20, 'attention_head_size': 4, 'learning_rate': 0.043273192142167495}. Best is trial 12 with value: 4.920682907104492.
LOCAL_RANK: 0 - CUDA_VISIBLE_DEVICES: [0]
[I 2023-11-30 04:41:06,245] Trial 47 finished with value: 6.204200744628906 and parameters: {'gradient_clip_val': 0.17592513638029889, 'hidden_size': 22, 'dropout': 0.3508692210288498, 'hidden_continuous_size': 16, 'attention_head_size': 4, 'learning_rate': 0.08127956877965771}. Best is trial 12 with value: 4.920682907104492.
LOCAL_RANK: 0 - CUDA_VISIBLE_DEVICES: [0]
[I 2023-11-30 04:41:18,855] Trial 48 finished with value: 7.992221832275391 and parameters: {'gradient_clip_val': 0.2167857230505443, 'hidden_size': 18, 'dropout': 0.3295071847339548, 'hidden_continuous_size': 12, 'attention_head_size': 4, 'learning_rate': 0.024211474197125188}. Best is trial 12 with value: 4.920682907104492.
LOCAL_RANK: 0 - CUDA_VISIBLE_DEVICES: [0]
[I 2023-11-30 04:41:31,964] Trial 49 finished with value: 5.538062572479248 and parameters: {'gradient_clip_val': 0.18777853936218253, 'hidden_size': 45, 'dropout': 0.36870388720638, 'hidden_continuous_size': 23, 'attention_head_size': 4, 'learning_rate': 0.09969645752763391}. Best is trial 12 with value: 4.920682907104492.
LOCAL_RANK: 0 - CUDA_VISIBLE_DEVICES: [0]
[I 2023-11-30 04:41:45,165] Trial 50 finished with value: 6.1075358390808105 and parameters: {'gradient_clip_val': 0.12120857102062473, 'hidden_size': 42, 'dropout': 0.3660342913306559, 'hidden_continuous_size': 24, 'attention_head_size': 3, 'learning_rate': 0.0822229026888158}. Best is trial 12 with value: 4.920682907104492.
LOCAL_RANK: 0 - CUDA_VISIBLE_DEVICES: [0]
[I 2023-11-30 04:41:58,187] Trial 51 finished with value: 7.237246990203857 and parameters: {'gradient_clip_val': 0.18053928371722566, 'hidden_size': 35, 'dropout': 0.34918841917667165, 'hidden_continuous_size': 21, 'attention_head_size': 4, 'learning_rate': 0.0583083460137045}. Best is trial 12 with value: 4.920682907104492.
LOCAL_RANK: 0 - CUDA_VISIBLE_DEVICES: [0]
[I 2023-11-30 04:42:11,340] Trial 52 finished with value: 6.574113368988037 and parameters: {'gradient_clip_val': 0.1611873838563013, 'hidden_size': 46, 'dropout': 0.3719117589021229, 'hidden_continuous_size': 22, 'attention_head_size': 4, 'learning_rate': 0.07422891641068383}. Best is trial 12 with value: 4.920682907104492.
LOCAL_RANK: 0 - CUDA_VISIBLE_DEVICES: [0]
[I 2023-11-30 04:42:24,426] Trial 53 finished with value: 7.747871398925781 and parameters: {'gradient_clip_val': 0.19515670239354949, 'hidden_size': 31, 'dropout': 0.33219971533057224, 'hidden_continuous_size': 19, 'attention_head_size': 4, 'learning_rate': 0.04735805773237801}. Best is trial 12 with value: 4.920682907104492.
LOCAL_RANK: 0 - CUDA_VISIBLE_DEVICES: [0]
[I 2023-11-30 04:42:37,525] Trial 54 finished with value: 8.343053817749023 and parameters: {'gradient_clip_val': 0.14420207225199458, 'hidden_size': 38, 'dropout': 0.31863368800464176, 'hidden_continuous_size': 20, 'attention_head_size': 4, 'learning_rate': 0.09657228512928802}. Best is trial 12 with value: 4.920682907104492.
LOCAL_RANK: 0 - CUDA_VISIBLE_DEVICES: [0]
[I 2023-11-30 04:42:50,253] Trial 55 finished with value: 5.633476734161377 and parameters: {'gradient_clip_val': 0.2357893485839913, 'hidden_size': 27, 'dropout': 0.3997176955498276, 'hidden_continuous_size': 18, 'attention_head_size': 4, 'learning_rate': 0.038804180940350465}. Best is trial 12 with value: 4.920682907104492.
LOCAL_RANK: 0 - CUDA_VISIBLE_DEVICES: [0]
[I 2023-11-30 04:43:02,861] Trial 56 finished with value: 5.4496378898620605 and parameters: {'gradient_clip_val': 0.16188610853588706, 'hidden_size': 21, 'dropout': 0.3128296176820851, 'hidden_continuous_size': 17, 'attention_head_size': 4, 'learning_rate': 0.034427280832566326}. Best is trial 12 with value: 4.920682907104492.
LOCAL_RANK: 0 - CUDA_VISIBLE_DEVICES: [0]
[I 2023-11-30 04:43:15,545] Trial 57 finished with value: 6.0918731689453125 and parameters: {'gradient_clip_val': 0.1636478049417314, 'hidden_size': 25, 'dropout': 0.2908414502775698, 'hidden_continuous_size': 17, 'attention_head_size': 4, 'learning_rate': 0.01485960240174954}. Best is trial 12 with value: 4.920682907104492.
LOCAL_RANK: 0 - CUDA_VISIBLE_DEVICES: [0]
[I 2023-11-30 04:43:28,092] Trial 58 finished with value: 5.9715399742126465 and parameters: {'gradient_clip_val': 0.20786721587033336, 'hidden_size': 20, 'dropout': 0.31709220954320455, 'hidden_continuous_size': 17, 'attention_head_size': 4, 'learning_rate': 0.036719035420943236}. Best is trial 12 with value: 4.920682907104492.
LOCAL_RANK: 0 - CUDA_VISIBLE_DEVICES: [0]
[I 2023-11-30 04:43:40,759] Trial 59 finished with value: 6.379095077514648 and parameters: {'gradient_clip_val': 0.13694600771876972, 'hidden_size': 31, 'dropout': 0.3005395105864963, 'hidden_continuous_size': 19, 'attention_head_size': 3, 'learning_rate': 0.027250864933722304}. Best is trial 12 with value: 4.920682907104492.
LOCAL_RANK: 0 - CUDA_VISIBLE_DEVICES: [0]
[I 2023-11-30 04:43:53,665] Trial 60 finished with value: 6.590747833251953 and parameters: {'gradient_clip_val': 0.15711868219507039, 'hidden_size': 38, 'dropout': 0.3097749791685477, 'hidden_continuous_size': 21, 'attention_head_size': 4, 'learning_rate': 0.0465733728251294}. Best is trial 12 with value: 4.920682907104492.
LOCAL_RANK: 0 - CUDA_VISIBLE_DEVICES: [0]
[I 2023-11-30 04:44:06,291] Trial 61 finished with value: 6.334771633148193 and parameters: {'gradient_clip_val': 0.18552721498048608, 'hidden_size': 23, 'dropout': 0.32961068569125507, 'hidden_continuous_size': 18, 'attention_head_size': 4, 'learning_rate': 0.06539571173152778}. Best is trial 12 with value: 4.920682907104492.
LOCAL_RANK: 0 - CUDA_VISIBLE_DEVICES: [0]
[I 2023-11-30 04:44:18,908] Trial 62 finished with value: 6.385824680328369 and parameters: {'gradient_clip_val': 0.16875904108488904, 'hidden_size': 26, 'dropout': 0.3591150232610042, 'hidden_continuous_size': 15, 'attention_head_size': 4, 'learning_rate': 0.08284845460056595}. Best is trial 12 with value: 4.920682907104492.
LOCAL_RANK: 0 - CUDA_VISIBLE_DEVICES: [0]
[I 2023-11-30 04:44:31,406] Trial 63 finished with value: 6.499301910400391 and parameters: {'gradient_clip_val': 0.2480043252077368, 'hidden_size': 20, 'dropout': 0.34831187454659907, 'hidden_continuous_size': 17, 'attention_head_size': 4, 'learning_rate': 0.03368926377484396}. Best is trial 12 with value: 4.920682907104492.
LOCAL_RANK: 0 - CUDA_VISIBLE_DEVICES: [0]
[I 2023-11-30 04:44:43,723] Trial 64 finished with value: 5.847536563873291 and parameters: {'gradient_clip_val': 0.19138807422289497, 'hidden_size': 16, 'dropout': 0.33945924719596576, 'hidden_continuous_size': 12, 'attention_head_size': 4, 'learning_rate': 0.055540995781914744}. Best is trial 12 with value: 4.920682907104492.
LOCAL_RANK: 0 - CUDA_VISIBLE_DEVICES: [0]
[I 2023-11-30 04:44:56,184] Trial 65 finished with value: 5.866816997528076 and parameters: {'gradient_clip_val': 0.2039539272037065, 'hidden_size': 21, 'dropout': 0.2857706561010479, 'hidden_continuous_size': 16, 'attention_head_size': 4, 'learning_rate': 0.09875747051329736}. Best is trial 12 with value: 4.920682907104492.
LOCAL_RANK: 0 - CUDA_VISIBLE_DEVICES: [0]
[I 2023-11-30 04:45:08,506] Trial 66 finished with value: 6.183929443359375 and parameters: {'gradient_clip_val': 0.18237381013548717, 'hidden_size': 24, 'dropout': 0.3062102616025406, 'hidden_continuous_size': 18, 'attention_head_size': 4, 'learning_rate': 0.07083405381303251}. Best is trial 12 with value: 4.920682907104492.
LOCAL_RANK: 0 - CUDA_VISIBLE_DEVICES: [0]
[I 2023-11-30 04:45:20,999] Trial 67 finished with value: 6.666436672210693 and parameters: {'gradient_clip_val': 0.22849063086101118, 'hidden_size': 28, 'dropout': 0.27573731367948223, 'hidden_continuous_size': 15, 'attention_head_size': 4, 'learning_rate': 0.06214825685820107}. Best is trial 12 with value: 4.920682907104492.
LOCAL_RANK: 0 - CUDA_VISIBLE_DEVICES: [0]
[I 2023-11-30 04:45:34,108] Trial 68 finished with value: 6.505867004394531 and parameters: {'gradient_clip_val': 0.20904047728769565, 'hidden_size': 34, 'dropout': 0.32538703052638784, 'hidden_continuous_size': 19, 'attention_head_size': 4, 'learning_rate': 0.08486445615402498}. Best is trial 12 with value: 4.920682907104492.
LOCAL_RANK: 0 - CUDA_VISIBLE_DEVICES: [0]
[I 2023-11-30 04:45:46,989] Trial 69 finished with value: 6.799500942230225 and parameters: {'gradient_clip_val': 0.2961142350698719, 'hidden_size': 31, 'dropout': 0.30059347711783696, 'hidden_continuous_size': 20, 'attention_head_size': 3, 'learning_rate': 0.05016687151006828}. Best is trial 12 with value: 4.920682907104492.
LOCAL_RANK: 0 - CUDA_VISIBLE_DEVICES: [0]
[I 2023-11-30 04:45:59,277] Trial 70 finished with value: 5.749940395355225 and parameters: {'gradient_clip_val': 0.14949232301002496, 'hidden_size': 19, 'dropout': 0.3563644543225434, 'hidden_continuous_size': 17, 'attention_head_size': 1, 'learning_rate': 0.04292034221677475}. Best is trial 12 with value: 4.920682907104492.
LOCAL_RANK: 0 - CUDA_VISIBLE_DEVICES: [0]
[I 2023-11-30 04:46:11,737] Trial 71 finished with value: 6.331156253814697 and parameters: {'gradient_clip_val': 0.17475178032631158, 'hidden_size': 28, 'dropout': 0.3804348539424743, 'hidden_continuous_size': 19, 'attention_head_size': 4, 'learning_rate': 0.03609176243609293}. Best is trial 12 with value: 4.920682907104492.
LOCAL_RANK: 0 - CUDA_VISIBLE_DEVICES: [0]
[I 2023-11-30 04:46:24,047] Trial 72 finished with value: 6.180821895599365 and parameters: {'gradient_clip_val': 0.17371020873532791, 'hidden_size': 24, 'dropout': 0.38894009585938416, 'hidden_continuous_size': 18, 'attention_head_size': 4, 'learning_rate': 0.06122320418112027}. Best is trial 12 with value: 4.920682907104492.
LOCAL_RANK: 0 - CUDA_VISIBLE_DEVICES: [0]
[I 2023-11-30 04:46:37,088] Trial 73 finished with value: 5.938513278961182 and parameters: {'gradient_clip_val': 0.16553634246599977, 'hidden_size': 30, 'dropout': 0.3858557328229888, 'hidden_continuous_size': 19, 'attention_head_size': 4, 'learning_rate': 0.05400698035527554}. Best is trial 12 with value: 4.920682907104492.
LOCAL_RANK: 0 - CUDA_VISIBLE_DEVICES: [0]
[I 2023-11-30 04:46:49,669] Trial 74 finished with value: 5.974350452423096 and parameters: {'gradient_clip_val': 0.18863080607814958, 'hidden_size': 22, 'dropout': 0.36307757779766653, 'hidden_continuous_size': 18, 'attention_head_size': 4, 'learning_rate': 0.0730574568021985}. Best is trial 12 with value: 4.920682907104492.
LOCAL_RANK: 0 - CUDA_VISIBLE_DEVICES: [0]
[I 2023-11-30 04:47:02,341] Trial 75 finished with value: 5.544231414794922 and parameters: {'gradient_clip_val': 0.15529262891200726, 'hidden_size': 27, 'dropout': 0.37125477553067127, 'hidden_continuous_size': 17, 'attention_head_size': 4, 'learning_rate': 0.04237980870787463}. Best is trial 12 with value: 4.920682907104492.
LOCAL_RANK: 0 - CUDA_VISIBLE_DEVICES: [0]
[I 2023-11-30 04:47:14,826] Trial 76 finished with value: 5.790194034576416 and parameters: {'gradient_clip_val': 0.14080025060579124, 'hidden_size': 27, 'dropout': 0.36952327761387316, 'hidden_continuous_size': 16, 'attention_head_size': 4, 'learning_rate': 0.03222064682665872}. Best is trial 12 with value: 4.920682907104492.
LOCAL_RANK: 0 - CUDA_VISIBLE_DEVICES: [0]
[I 2023-11-30 04:47:27,482] Trial 77 finished with value: 6.10061502456665 and parameters: {'gradient_clip_val': 0.22691677265215193, 'hidden_size': 32, 'dropout': 0.3354246406167791, 'hidden_continuous_size': 20, 'attention_head_size': 4, 'learning_rate': 0.08837498180583032}. Best is trial 12 with value: 4.920682907104492.
LOCAL_RANK: 0 - CUDA_VISIBLE_DEVICES: [0]
[I 2023-11-30 04:47:40,154] Trial 78 finished with value: 5.58214807510376 and parameters: {'gradient_clip_val': 0.157155221912035, 'hidden_size': 25, 'dropout': 0.3447258758723769, 'hidden_continuous_size': 17, 'attention_head_size': 2, 'learning_rate': 0.04507790613696361}. Best is trial 12 with value: 4.920682907104492.
LOCAL_RANK: 0 - CUDA_VISIBLE_DEVICES: [0]
[I 2023-11-30 04:47:53,077] Trial 79 finished with value: 6.746705532073975 and parameters: {'gradient_clip_val': 0.13006598538185285, 'hidden_size': 36, 'dropout': 0.31428752819955336, 'hidden_continuous_size': 22, 'attention_head_size': 4, 'learning_rate': 0.07833371004456308}. Best is trial 12 with value: 4.920682907104492.
LOCAL_RANK: 0 - CUDA_VISIBLE_DEVICES: [0]
