[I 2023-11-29 22:53:49,510] Trial 6 finished with value: 14.86971378326416 and parameters: {'gradient_clip_val': 0.404767039179304, 'hidden_size': 51, 'dropout': 0.13791582065348512, 'hidden_continuous_size': 14, 'attention_head_size': 1, 'learning_rate': 0.028696848647588893}. Best is trial 1 with value: 11.97618579864502.
LOCAL_RANK: 0 - CUDA_VISIBLE_DEVICES: [0]
[I 2023-11-29 22:54:02,590] Trial 7 finished with value: 17.009220123291016 and parameters: {'gradient_clip_val': 0.8147315667882384, 'hidden_size': 56, 'dropout': 0.10708066089800411, 'hidden_continuous_size': 19, 'attention_head_size': 4, 'learning_rate': 0.001409904129463156}. Best is trial 1 with value: 11.97618579864502.
LOCAL_RANK: 0 - CUDA_VISIBLE_DEVICES: [0]
[I 2023-11-29 22:54:15,568] Trial 8 finished with value: 15.38839340209961 and parameters: {'gradient_clip_val': 0.8439376617085813, 'hidden_size': 40, 'dropout': 0.18791701013048245, 'hidden_continuous_size': 34, 'attention_head_size': 2, 'learning_rate': 0.037079867538138814}. Best is trial 1 with value: 11.97618579864502.
LOCAL_RANK: 0 - CUDA_VISIBLE_DEVICES: [0]
[I 2023-11-29 22:54:29,420] Trial 9 finished with value: 16.99431610107422 and parameters: {'gradient_clip_val': 0.739853169184308, 'hidden_size': 74, 'dropout': 0.340255757828151, 'hidden_continuous_size': 50, 'attention_head_size': 2, 'learning_rate': 0.015505094847950573}. Best is trial 1 with value: 11.97618579864502.
LOCAL_RANK: 0 - CUDA_VISIBLE_DEVICES: [0]
[I 2023-11-29 22:54:41,611] Trial 10 finished with value: 23.7578125 and parameters: {'gradient_clip_val': 0.16299951119486744, 'hidden_size': 12, 'dropout': 0.398205424668787, 'hidden_continuous_size': 10, 'attention_head_size': 4, 'learning_rate': 0.004512254956605402}. Best is trial 1 with value: 11.97618579864502.
LOCAL_RANK: 0 - CUDA_VISIBLE_DEVICES: [0]
[I 2023-11-29 22:54:56,190] Trial 11 finished with value: 13.25308609008789 and parameters: {'gradient_clip_val': 0.10335941170802863, 'hidden_size': 123, 'dropout': 0.2417257955178589, 'hidden_continuous_size': 106, 'attention_head_size': 3, 'learning_rate': 0.0061310568439507645}. Best is trial 1 with value: 11.97618579864502.
LOCAL_RANK: 0 - CUDA_VISIBLE_DEVICES: [0]
[I 2023-11-29 22:55:11,240] Trial 12 finished with value: 14.467582702636719 and parameters: {'gradient_clip_val': 0.1563668246964658, 'hidden_size': 143, 'dropout': 0.24370691799487332, 'hidden_continuous_size': 119, 'attention_head_size': 3, 'learning_rate': 0.005446059466777202}. Best is trial 1 with value: 11.97618579864502.
LOCAL_RANK: 0 - CUDA_VISIBLE_DEVICES: [0]
[I 2023-11-29 22:55:25,873] Trial 13 finished with value: 13.00000286102295 and parameters: {'gradient_clip_val': 0.10264505516239417, 'hidden_size': 148, 'dropout': 0.2865578216909469, 'hidden_continuous_size': 79, 'attention_head_size': 3, 'learning_rate': 0.006927744135169145}. Best is trial 1 with value: 11.97618579864502.
LOCAL_RANK: 0 - CUDA_VISIBLE_DEVICES: [0]
[I 2023-11-29 22:55:40,185] Trial 14 finished with value: 13.730270385742188 and parameters: {'gradient_clip_val': 0.1904428783184808, 'hidden_size': 105, 'dropout': 0.29002211207796014, 'hidden_continuous_size': 60, 'attention_head_size': 4, 'learning_rate': 0.0029443460049120894}. Best is trial 1 with value: 11.97618579864502.
LOCAL_RANK: 0 - CUDA_VISIBLE_DEVICES: [0]
[I 2023-11-29 22:55:54,255] Trial 15 finished with value: 11.546470642089844 and parameters: {'gradient_clip_val': 0.13403842705454158, 'hidden_size': 89, 'dropout': 0.2859651021846443, 'hidden_continuous_size': 51, 'attention_head_size': 2, 'learning_rate': 0.00889120096915393}. Best is trial 15 with value: 11.546470642089844.
LOCAL_RANK: 0 - CUDA_VISIBLE_DEVICES: [0]
[I 2023-11-29 22:56:06,908] Trial 16 finished with value: 13.632655143737793 and parameters: {'gradient_clip_val': 0.20679774614111956, 'hidden_size': 40, 'dropout': 0.28246485587514875, 'hidden_continuous_size': 27, 'attention_head_size': 2, 'learning_rate': 0.008989252801391333}. Best is trial 15 with value: 11.546470642089844.
LOCAL_RANK: 0 - CUDA_VISIBLE_DEVICES: [0]
[I 2023-11-29 22:56:21,083] Trial 17 finished with value: 11.589903831481934 and parameters: {'gradient_clip_val': 0.14337548868657332, 'hidden_size': 86, 'dropout': 0.20695987892776907, 'hidden_continuous_size': 45, 'attention_head_size': 2, 'learning_rate': 0.0028598269061339333}. Best is trial 15 with value: 11.546470642089844.
LOCAL_RANK: 0 - CUDA_VISIBLE_DEVICES: [0]
[I 2023-11-29 22:56:35,300] Trial 18 finished with value: 16.02558708190918 and parameters: {'gradient_clip_val': 0.21795597567357802, 'hidden_size': 98, 'dropout': 0.21449462874995628, 'hidden_continuous_size': 46, 'attention_head_size': 2, 'learning_rate': 0.0024278259346996803}. Best is trial 15 with value: 11.546470642089844.
LOCAL_RANK: 0 - CUDA_VISIBLE_DEVICES: [0]
[I 2023-11-29 22:56:49,358] Trial 19 finished with value: 16.180213928222656 and parameters: {'gradient_clip_val': 0.14863963299097438, 'hidden_size': 83, 'dropout': 0.1688012316331719, 'hidden_continuous_size': 47, 'attention_head_size': 2, 'learning_rate': 0.0022152009034512015}. Best is trial 15 with value: 11.546470642089844.
LOCAL_RANK: 0 - CUDA_VISIBLE_DEVICES: [0]
[I 2023-11-29 22:57:02,659] Trial 20 finished with value: 31.7160587310791 and parameters: {'gradient_clip_val': 0.13779124508750845, 'hidden_size': 60, 'dropout': 0.2164540094515822, 'hidden_continuous_size': 27, 'attention_head_size': 2, 'learning_rate': 0.0010965947827644973}. Best is trial 15 with value: 11.546470642089844.
LOCAL_RANK: 0 - CUDA_VISIBLE_DEVICES: [0]
[I 2023-11-29 22:57:16,687] Trial 21 finished with value: 14.50494384765625 and parameters: {'gradient_clip_val': 0.12811632776281986, 'hidden_size': 103, 'dropout': 0.27240502599717537, 'hidden_continuous_size': 37, 'attention_head_size': 2, 'learning_rate': 0.004527145194355518}. Best is trial 15 with value: 11.546470642089844.
LOCAL_RANK: 0 - CUDA_VISIBLE_DEVICES: [0]
[I 2023-11-29 22:57:30,333] Trial 22 finished with value: 15.675369262695312 and parameters: {'gradient_clip_val': 0.1277627839151138, 'hidden_size': 63, 'dropout': 0.23713285386451485, 'hidden_continuous_size': 31, 'attention_head_size': 3, 'learning_rate': 0.007402835619757321}. Best is trial 15 with value: 11.546470642089844.
LOCAL_RANK: 0 - CUDA_VISIBLE_DEVICES: [0]
[I 2023-11-29 22:57:43,666] Trial 23 finished with value: 12.262096405029297 and parameters: {'gradient_clip_val': 0.1752057855588035, 'hidden_size': 46, 'dropout': 0.21946989185474702, 'hidden_continuous_size': 31, 'attention_head_size': 2, 'learning_rate': 0.003869370405335241}. Best is trial 15 with value: 11.546470642089844.
LOCAL_RANK: 0 - CUDA_VISIBLE_DEVICES: [0]
[I 2023-11-29 22:57:57,421] Trial 24 finished with value: 22.365150451660156 and parameters: {'gradient_clip_val': 0.21875570015908952, 'hidden_size': 69, 'dropout': 0.25851258017278966, 'hidden_continuous_size': 39, 'attention_head_size': 3, 'learning_rate': 0.0020413533271123286}. Best is trial 15 with value: 11.546470642089844.
LOCAL_RANK: 0 - CUDA_VISIBLE_DEVICES: [0]
[I 2023-11-29 22:58:10,702] Trial 25 finished with value: 16.96213722229004 and parameters: {'gradient_clip_val': 0.16273644821774755, 'hidden_size': 51, 'dropout': 0.3037266507953057, 'hidden_continuous_size': 32, 'attention_head_size': 2, 'learning_rate': 0.00349892147571626}. Best is trial 15 with value: 11.546470642089844.
LOCAL_RANK: 0 - CUDA_VISIBLE_DEVICES: [0]
[I 2023-11-29 22:58:24,491] Trial 26 finished with value: 15.081515312194824 and parameters: {'gradient_clip_val': 0.13060321572180333, 'hidden_size': 81, 'dropout': 0.26553452592679194, 'hidden_continuous_size': 42, 'attention_head_size': 1, 'learning_rate': 0.009515933279377494}. Best is trial 15 with value: 11.546470642089844.
LOCAL_RANK: 0 - CUDA_VISIBLE_DEVICES: [0]
[I 2023-11-29 22:58:38,592] Trial 27 finished with value: 14.478385925292969 and parameters: {'gradient_clip_val': 0.11601151677625784, 'hidden_size': 96, 'dropout': 0.2255231383135331, 'hidden_continuous_size': 63, 'attention_head_size': 3, 'learning_rate': 0.005575193811180502}. Best is trial 15 with value: 11.546470642089844.
LOCAL_RANK: 0 - CUDA_VISIBLE_DEVICES: [0]
[I 2023-11-29 22:58:52,421] Trial 28 finished with value: 14.526162147521973 and parameters: {'gradient_clip_val': 0.14125390063981777, 'hidden_size': 63, 'dropout': 0.25725479581766625, 'hidden_continuous_size': 41, 'attention_head_size': 4, 'learning_rate': 0.00290648077056654}. Best is trial 15 with value: 11.546470642089844.
LOCAL_RANK: 0 - CUDA_VISIBLE_DEVICES: [0]
[I 2023-11-29 22:59:06,064] Trial 29 finished with value: 13.92960262298584 and parameters: {'gradient_clip_val': 0.18306951228736787, 'hidden_size': 79, 'dropout': 0.18331926693174427, 'hidden_continuous_size': 37, 'attention_head_size': 1, 'learning_rate': 0.004681693794178795}. Best is trial 15 with value: 11.546470642089844.
LOCAL_RANK: 0 - CUDA_VISIBLE_DEVICES: [0]
[I 2023-11-29 22:59:18,951] Trial 30 finished with value: 34.87704849243164 and parameters: {'gradient_clip_val': 0.1188983205109031, 'hidden_size': 34, 'dropout': 0.19440795246825313, 'hidden_continuous_size': 26, 'attention_head_size': 2, 'learning_rate': 0.002018399531423089}. Best is trial 15 with value: 11.546470642089844.
LOCAL_RANK: 0 - CUDA_VISIBLE_DEVICES: [0]
[I 2023-11-29 22:59:32,053] Trial 31 finished with value: 14.58248519897461 and parameters: {'gradient_clip_val': 0.17609667225533662, 'hidden_size': 46, 'dropout': 0.22113746766810755, 'hidden_continuous_size': 31, 'attention_head_size': 2, 'learning_rate': 0.007418382090921756}. Best is trial 15 with value: 11.546470642089844.
LOCAL_RANK: 0 - CUDA_VISIBLE_DEVICES: [0]
[I 2023-11-29 22:59:45,330] Trial 32 finished with value: 19.334260940551758 and parameters: {'gradient_clip_val': 0.1469537137449689, 'hidden_size': 47, 'dropout': 0.22940078151129384, 'hidden_continuous_size': 33, 'attention_head_size': 2, 'learning_rate': 0.004172243603071899}. Best is trial 15 with value: 11.546470642089844.
LOCAL_RANK: 0 - CUDA_VISIBLE_DEVICES: [0]
[I 2023-11-29 22:59:57,976] Trial 33 finished with value: 17.0579776763916 and parameters: {'gradient_clip_val': 0.10340259467862252, 'hidden_size': 32, 'dropout': 0.21011493969833098, 'hidden_continuous_size': 24, 'attention_head_size': 1, 'learning_rate': 0.003699890794382451}. Best is trial 15 with value: 11.546470642089844.
LOCAL_RANK: 0 - CUDA_VISIBLE_DEVICES: [0]
[I 2023-11-29 23:00:10,929] Trial 34 finished with value: 12.728824615478516 and parameters: {'gradient_clip_val': 0.12151556020020089, 'hidden_size': 42, 'dropout': 0.250047888706365, 'hidden_continuous_size': 29, 'attention_head_size': 2, 'learning_rate': 0.005949857106161929}. Best is trial 15 with value: 11.546470642089844.
LOCAL_RANK: 0 - CUDA_VISIBLE_DEVICES: [0]
[I 2023-11-29 23:00:23,919] Trial 35 finished with value: 15.448113441467285 and parameters: {'gradient_clip_val': 0.2513662338516493, 'hidden_size': 37, 'dropout': 0.20361981888836322, 'hidden_continuous_size': 29, 'attention_head_size': 3, 'learning_rate': 0.011836663178417655}. Best is trial 15 with value: 11.546470642089844.
LOCAL_RANK: 0 - CUDA_VISIBLE_DEVICES: [0]
[I 2023-11-29 23:00:36,553] Trial 36 finished with value: 17.795682907104492 and parameters: {'gradient_clip_val': 0.1631045441025116, 'hidden_size': 29, 'dropout': 0.23895469483602796, 'hidden_continuous_size': 21, 'attention_head_size': 1, 'learning_rate': 0.0030249500122239512}. Best is trial 15 with value: 11.546470642089844.
LOCAL_RANK: 0 - CUDA_VISIBLE_DEVICES: [0]
[I 2023-11-29 23:00:50,117] Trial 37 finished with value: 15.488441467285156 and parameters: {'gradient_clip_val': 0.11693578272937923, 'hidden_size': 55, 'dropout': 0.174355987804652, 'hidden_continuous_size': 35, 'attention_head_size': 3, 'learning_rate': 0.012618998961785385}. Best is trial 15 with value: 11.546470642089844.
LOCAL_RANK: 0 - CUDA_VISIBLE_DEVICES: [0]
[I 2023-11-29 23:01:03,975] Trial 38 finished with value: 22.470916748046875 and parameters: {'gradient_clip_val': 0.1802438422555051, 'hidden_size': 67, 'dropout': 0.16012792882632965, 'hidden_continuous_size': 40, 'attention_head_size': 2, 'learning_rate': 0.0016571506122919745}. Best is trial 15 with value: 11.546470642089844.
LOCAL_RANK: 0 - CUDA_VISIBLE_DEVICES: [0]
[I 2023-11-29 23:01:16,327] Trial 39 finished with value: 19.668498992919922 and parameters: {'gradient_clip_val': 0.1479966278743288, 'hidden_size': 23, 'dropout': 0.199455167379875, 'hidden_continuous_size': 18, 'attention_head_size': 1, 'learning_rate': 0.0035713120970266425}. Best is trial 15 with value: 11.546470642089844.
LOCAL_RANK: 0 - CUDA_VISIBLE_DEVICES: [0]
[I 2023-11-29 23:01:29,004] Trial 40 finished with value: 12.373516082763672 and parameters: {'gradient_clip_val': 0.25516229698046355, 'hidden_size': 36, 'dropout': 0.22610798640408464, 'hidden_continuous_size': 24, 'attention_head_size': 2, 'learning_rate': 0.007917552938862212}. Best is trial 15 with value: 11.546470642089844.
LOCAL_RANK: 0 - CUDA_VISIBLE_DEVICES: [0]
[I 2023-11-29 23:01:41,863] Trial 41 finished with value: 12.255135536193848 and parameters: {'gradient_clip_val': 0.25456718663376665, 'hidden_size': 35, 'dropout': 0.21936418229788823, 'hidden_continuous_size': 24, 'attention_head_size': 2, 'learning_rate': 0.008539621104607197}. Best is trial 15 with value: 11.546470642089844.
LOCAL_RANK: 0 - CUDA_VISIBLE_DEVICES: [0]
[I 2023-11-29 23:01:55,099] Trial 42 finished with value: 15.571404457092285 and parameters: {'gradient_clip_val': 0.37551988549762755, 'hidden_size': 46, 'dropout': 0.1899159654510783, 'hidden_continuous_size': 34, 'attention_head_size': 2, 'learning_rate': 0.010192163636055938}. Best is trial 15 with value: 11.546470642089844.
LOCAL_RANK: 0 - CUDA_VISIBLE_DEVICES: [0]
[I 2023-11-29 23:02:08,802] Trial 43 finished with value: 13.794169425964355 and parameters: {'gradient_clip_val': 0.13818040246801888, 'hidden_size': 54, 'dropout': 0.20616547978817773, 'hidden_continuous_size': 35, 'attention_head_size': 2, 'learning_rate': 0.015995810254201596}. Best is trial 15 with value: 11.546470642089844.
LOCAL_RANK: 0 - CUDA_VISIBLE_DEVICES: [0]
[I 2023-11-29 23:02:21,333] Trial 44 finished with value: 16.1417236328125 and parameters: {'gradient_clip_val': 0.16763535703516053, 'hidden_size': 28, 'dropout': 0.2465038432392033, 'hidden_continuous_size': 22, 'attention_head_size': 3, 'learning_rate': 0.005124582361577938}. Best is trial 15 with value: 11.546470642089844.
LOCAL_RANK: 0 - CUDA_VISIBLE_DEVICES: [0]
[I 2023-11-29 23:02:33,861] Trial 45 finished with value: 16.225278854370117 and parameters: {'gradient_clip_val': 0.19514567707411473, 'hidden_size': 32, 'dropout': 0.2676108888076386, 'hidden_continuous_size': 24, 'attention_head_size': 2, 'learning_rate': 0.006335428744371068}. Best is trial 15 with value: 11.546470642089844.
LOCAL_RANK: 0 - CUDA_VISIBLE_DEVICES: [0]
[I 2023-11-29 23:02:46,916] Trial 46 finished with value: 15.753544807434082 and parameters: {'gradient_clip_val': 0.10873330898488127, 'hidden_size': 41, 'dropout': 0.23297216646245622, 'hidden_continuous_size': 30, 'attention_head_size': 3, 'learning_rate': 0.004419461181482159}. Best is trial 15 with value: 11.546470642089844.
LOCAL_RANK: 0 - CUDA_VISIBLE_DEVICES: [0]
[I 2023-11-29 23:02:59,483] Trial 47 finished with value: 13.844948768615723 and parameters: {'gradient_clip_val': 0.15223837194916054, 'hidden_size': 26, 'dropout': 0.2509903494335678, 'hidden_continuous_size': 19, 'attention_head_size': 2, 'learning_rate': 0.008421670366305402}. Best is trial 15 with value: 11.546470642089844.
LOCAL_RANK: 0 - CUDA_VISIBLE_DEVICES: [0]
[I 2023-11-29 23:03:13,568] Trial 48 finished with value: 14.231834411621094 and parameters: {'gradient_clip_val': 0.20218962175324878, 'hidden_size': 74, 'dropout': 0.21232696339193877, 'hidden_continuous_size': 52, 'attention_head_size': 3, 'learning_rate': 0.006829742903823328}. Best is trial 15 with value: 11.546470642089844.
LOCAL_RANK: 0 - CUDA_VISIBLE_DEVICES: [0]
[I 2023-11-29 23:03:27,729] Trial 49 finished with value: 13.839335441589355 and parameters: {'gradient_clip_val': 0.17181567568065836, 'hidden_size': 117, 'dropout': 0.3035942974073784, 'hidden_continuous_size': 44, 'attention_head_size': 2, 'learning_rate': 0.005382447214193667}. Best is trial 15 with value: 11.546470642089844.
LOCAL_RANK: 0 - CUDA_VISIBLE_DEVICES: [0]
[I 2023-11-29 23:03:41,693] Trial 50 finished with value: 15.481575012207031 and parameters: {'gradient_clip_val': 0.1343194552018196, 'hidden_size': 92, 'dropout': 0.22164700097717172, 'hidden_continuous_size': 49, 'attention_head_size': 2, 'learning_rate': 0.0026344773195510706}. Best is trial 15 with value: 11.546470642089844.
LOCAL_RANK: 0 - CUDA_VISIBLE_DEVICES: [0]
[I 2023-11-29 23:03:54,548] Trial 51 finished with value: 13.394493103027344 and parameters: {'gradient_clip_val': 0.244031527615959, 'hidden_size': 33, 'dropout': 0.23563719871233219, 'hidden_continuous_size': 25, 'attention_head_size': 2, 'learning_rate': 0.008935969109632269}. Best is trial 15 with value: 11.546470642089844.
LOCAL_RANK: 0 - CUDA_VISIBLE_DEVICES: [0]
[I 2023-11-29 23:04:07,506] Trial 52 finished with value: 15.408560752868652 and parameters: {'gradient_clip_val': 0.3093536591794354, 'hidden_size': 37, 'dropout': 0.22722681559746333, 'hidden_continuous_size': 29, 'attention_head_size': 2, 'learning_rate': 0.007276333835689389}. Best is trial 15 with value: 11.546470642089844.
LOCAL_RANK: 0 - CUDA_VISIBLE_DEVICES: [0]
[I 2023-11-29 23:04:20,853] Trial 53 finished with value: 16.465251922607422 and parameters: {'gradient_clip_val': 0.26319752937309854, 'hidden_size': 50, 'dropout': 0.20083916547035488, 'hidden_continuous_size': 26, 'attention_head_size': 2, 'learning_rate': 0.013301620623216383}. Best is trial 15 with value: 11.546470642089844.
LOCAL_RANK: 0 - CUDA_VISIBLE_DEVICES: [0]
[I 2023-11-29 23:04:33,659] Trial 54 finished with value: 14.507339477539062 and parameters: {'gradient_clip_val': 0.23034521359282614, 'hidden_size': 36, 'dropout': 0.220796903254584, 'hidden_continuous_size': 28, 'attention_head_size': 2, 'learning_rate': 0.003917663807365625}. Best is trial 15 with value: 11.546470642089844.
LOCAL_RANK: 0 - CUDA_VISIBLE_DEVICES: [0]
[I 2023-11-29 23:04:46,675] Trial 55 finished with value: 14.020119667053223 and parameters: {'gradient_clip_val': 0.28924664646632736, 'hidden_size': 43, 'dropout': 0.27381210089344504, 'hidden_continuous_size': 31, 'attention_head_size': 2, 'learning_rate': 0.01080570010435733}. Best is trial 15 with value: 11.546470642089844.
LOCAL_RANK: 0 - CUDA_VISIBLE_DEVICES: [0]
[I 2023-11-29 23:05:00,597] Trial 56 finished with value: 13.342845916748047 and parameters: {'gradient_clip_val': 0.1961648535541036, 'hidden_size': 86, 'dropout': 0.25760119438511503, 'hidden_continuous_size': 44, 'attention_head_size': 2, 'learning_rate': 0.00515113923988239}. Best is trial 15 with value: 11.546470642089844.
LOCAL_RANK: 0 - CUDA_VISIBLE_DEVICES: [0]
[I 2023-11-29 23:05:14,059] Trial 57 finished with value: 12.1087064743042 and parameters: {'gradient_clip_val': 0.21821424083885677, 'hidden_size': 60, 'dropout': 0.2385792490546988, 'hidden_continuous_size': 39, 'attention_head_size': 2, 'learning_rate': 0.008337937490865465}. Best is trial 15 with value: 11.546470642089844.
LOCAL_RANK: 0 - CUDA_VISIBLE_DEVICES: [0]
[I 2023-11-29 23:05:28,033] Trial 58 finished with value: 12.031834602355957 and parameters: {'gradient_clip_val': 0.2185003746233293, 'hidden_size': 71, 'dropout': 0.24589508123438134, 'hidden_continuous_size': 38, 'attention_head_size': 3, 'learning_rate': 0.006455084243388916}. Best is trial 15 with value: 11.546470642089844.
LOCAL_RANK: 0 - CUDA_VISIBLE_DEVICES: [0]
[I 2023-11-29 23:05:41,865] Trial 59 finished with value: 14.633293151855469 and parameters: {'gradient_clip_val': 0.21430062083354462, 'hidden_size': 73, 'dropout': 0.2436819330075652, 'hidden_continuous_size': 39, 'attention_head_size': 4, 'learning_rate': 0.006354055779625976}. Best is trial 15 with value: 11.546470642089844.
LOCAL_RANK: 0 - CUDA_VISIBLE_DEVICES: [0]
[I 2023-11-29 23:05:55,524] Trial 60 finished with value: 11.2931547164917 and parameters: {'gradient_clip_val': 0.27517771716193457, 'hidden_size': 67, 'dropout': 0.27551554966964414, 'hidden_continuous_size': 38, 'attention_head_size': 3, 'learning_rate': 0.009226929116333845}. Best is trial 60 with value: 11.2931547164917.
LOCAL_RANK: 0 - CUDA_VISIBLE_DEVICES: [0]
[I 2023-11-29 23:06:09,087] Trial 61 finished with value: 13.244331359863281 and parameters: {'gradient_clip_val': 0.29419273198410933, 'hidden_size': 62, 'dropout': 0.2740953550634439, 'hidden_continuous_size': 37, 'attention_head_size': 3, 'learning_rate': 0.009162145971068618}. Best is trial 60 with value: 11.2931547164917.
LOCAL_RANK: 0 - CUDA_VISIBLE_DEVICES: [0]
[I 2023-11-29 23:06:22,823] Trial 62 finished with value: 15.055293083190918 and parameters: {'gradient_clip_val': 0.22876356280868293, 'hidden_size': 59, 'dropout': 0.28475876316154414, 'hidden_continuous_size': 38, 'attention_head_size': 3, 'learning_rate': 0.016992021672593633}. Best is trial 60 with value: 11.2931547164917.
LOCAL_RANK: 0 - CUDA_VISIBLE_DEVICES: [0]
[I 2023-11-29 23:06:36,629] Trial 63 finished with value: 11.899027824401855 and parameters: {'gradient_clip_val': 0.27091565582550303, 'hidden_size': 69, 'dropout': 0.2602637122622524, 'hidden_continuous_size': 42, 'attention_head_size': 3, 'learning_rate': 0.008038177864262738}. Best is trial 60 with value: 11.2931547164917.
LOCAL_RANK: 0 - CUDA_VISIBLE_DEVICES: [0]
[I 2023-11-29 23:06:50,319] Trial 64 finished with value: 14.222797393798828 and parameters: {'gradient_clip_val': 0.27069040676805317, 'hidden_size': 70, 'dropout': 0.2601310227930592, 'hidden_continuous_size': 42, 'attention_head_size': 3, 'learning_rate': 0.010256015232771613}. Best is trial 60 with value: 11.2931547164917.
LOCAL_RANK: 0 - CUDA_VISIBLE_DEVICES: [0]
