[I 2023-11-30 13:05:36,737] Trial 52 finished with value: 4.897227764129639 and parameters: {'gradient_clip_val': 0.5084508053267327, 'hidden_size': 65, 'dropout': 0.2766011114786741, 'hidden_continuous_size': 35, 'attention_head_size': 3, 'learning_rate': 0.06296043795648608}. Best is trial 37 with value: 3.760040283203125.
LOCAL_RANK: 0 - CUDA_VISIBLE_DEVICES: [0]
[I 2023-11-30 13:05:50,317] Trial 53 finished with value: 5.526329517364502 and parameters: {'gradient_clip_val': 0.3446592749232404, 'hidden_size': 76, 'dropout': 0.26955517601565726, 'hidden_continuous_size': 30, 'attention_head_size': 3, 'learning_rate': 0.052415571548683926}. Best is trial 37 with value: 3.760040283203125.
LOCAL_RANK: 0 - CUDA_VISIBLE_DEVICES: [0]
[I 2023-11-30 13:06:04,006] Trial 54 finished with value: 4.6285014152526855 and parameters: {'gradient_clip_val': 0.5579362650581403, 'hidden_size': 83, 'dropout': 0.2992047752553621, 'hidden_continuous_size': 32, 'attention_head_size': 2, 'learning_rate': 0.08220863981825637}. Best is trial 37 with value: 3.760040283203125.
LOCAL_RANK: 0 - CUDA_VISIBLE_DEVICES: [0]
[I 2023-11-30 13:06:17,471] Trial 55 finished with value: 4.385249614715576 and parameters: {'gradient_clip_val': 0.44369630828266987, 'hidden_size': 56, 'dropout': 0.3080030071135014, 'hidden_continuous_size': 22, 'attention_head_size': 3, 'learning_rate': 0.03585106101509568}. Best is trial 37 with value: 3.760040283203125.
LOCAL_RANK: 0 - CUDA_VISIBLE_DEVICES: [0]
[I 2023-11-30 13:06:31,135] Trial 56 finished with value: 3.808229446411133 and parameters: {'gradient_clip_val': 0.4760661352504111, 'hidden_size': 66, 'dropout': 0.25988151899117795, 'hidden_continuous_size': 27, 'attention_head_size': 4, 'learning_rate': 0.09932403648379039}. Best is trial 37 with value: 3.760040283203125.
LOCAL_RANK: 0 - CUDA_VISIBLE_DEVICES: [0]
[I 2023-11-30 13:06:44,774] Trial 57 finished with value: 4.125560760498047 and parameters: {'gradient_clip_val': 0.4880368596409916, 'hidden_size': 70, 'dropout': 0.23932329189147158, 'hidden_continuous_size': 27, 'attention_head_size': 4, 'learning_rate': 0.09982453408756677}. Best is trial 37 with value: 3.760040283203125.
LOCAL_RANK: 0 - CUDA_VISIBLE_DEVICES: [0]
[I 2023-11-30 13:06:58,093] Trial 58 finished with value: 5.262893199920654 and parameters: {'gradient_clip_val': 0.4651756104037995, 'hidden_size': 60, 'dropout': 0.27685223823663785, 'hidden_continuous_size': 24, 'attention_head_size': 4, 'learning_rate': 0.04267701797079752}. Best is trial 37 with value: 3.760040283203125.
LOCAL_RANK: 0 - CUDA_VISIBLE_DEVICES: [0]
[I 2023-11-30 13:07:11,375] Trial 59 finished with value: 4.317908763885498 and parameters: {'gradient_clip_val': 0.402695135272839, 'hidden_size': 54, 'dropout': 0.2553209058852402, 'hidden_continuous_size': 21, 'attention_head_size': 4, 'learning_rate': 0.05551393804945978}. Best is trial 37 with value: 3.760040283203125.
LOCAL_RANK: 0 - CUDA_VISIBLE_DEVICES: [0]
[I 2023-11-30 13:07:24,776] Trial 60 finished with value: 4.320223331451416 and parameters: {'gradient_clip_val': 0.3640654459096799, 'hidden_size': 50, 'dropout': 0.2581328012907447, 'hidden_continuous_size': 28, 'attention_head_size': 2, 'learning_rate': 0.08767025407278464}. Best is trial 37 with value: 3.760040283203125.
LOCAL_RANK: 0 - CUDA_VISIBLE_DEVICES: [0]
[I 2023-11-30 13:07:38,431] Trial 61 finished with value: 3.980971574783325 and parameters: {'gradient_clip_val': 0.5641910376297398, 'hidden_size': 66, 'dropout': 0.28407081548783464, 'hidden_continuous_size': 27, 'attention_head_size': 4, 'learning_rate': 0.07361249013573612}. Best is trial 37 with value: 3.760040283203125.
LOCAL_RANK: 0 - CUDA_VISIBLE_DEVICES: [0]
[I 2023-11-30 13:07:52,042] Trial 62 finished with value: 4.040812969207764 and parameters: {'gradient_clip_val': 0.5823518855478155, 'hidden_size': 65, 'dropout': 0.27983447385718047, 'hidden_continuous_size': 24, 'attention_head_size': 4, 'learning_rate': 0.07751359144089022}. Best is trial 37 with value: 3.760040283203125.
LOCAL_RANK: 0 - CUDA_VISIBLE_DEVICES: [0]
[I 2023-11-30 13:08:05,270] Trial 63 finished with value: 5.0784525871276855 and parameters: {'gradient_clip_val': 0.6547417830863067, 'hidden_size': 45, 'dropout': 0.26660704367166155, 'hidden_continuous_size': 28, 'attention_head_size': 4, 'learning_rate': 0.06336140900940783}. Best is trial 37 with value: 3.760040283203125.
LOCAL_RANK: 0 - CUDA_VISIBLE_DEVICES: [0]
[I 2023-11-30 13:08:18,813] Trial 64 finished with value: 6.3885674476623535 and parameters: {'gradient_clip_val': 0.47592538064546386, 'hidden_size': 58, 'dropout': 0.2899389453961829, 'hidden_continuous_size': 26, 'attention_head_size': 4, 'learning_rate': 0.0470051767832048}. Best is trial 37 with value: 3.760040283203125.
LOCAL_RANK: 0 - CUDA_VISIBLE_DEVICES: [0]
[I 2023-11-30 13:08:32,339] Trial 65 finished with value: 5.574674606323242 and parameters: {'gradient_clip_val': 0.5492478680425346, 'hidden_size': 51, 'dropout': 0.2463943810280216, 'hidden_continuous_size': 26, 'attention_head_size': 4, 'learning_rate': 0.07034405437953498}. Best is trial 37 with value: 3.760040283203125.
LOCAL_RANK: 0 - CUDA_VISIBLE_DEVICES: [0]
[I 2023-11-30 13:08:45,978] Trial 66 finished with value: 4.038334369659424 and parameters: {'gradient_clip_val': 0.34628026383540167, 'hidden_size': 74, 'dropout': 0.23475681064618859, 'hidden_continuous_size': 23, 'attention_head_size': 2, 'learning_rate': 0.08844652259895718}. Best is trial 37 with value: 3.760040283203125.
LOCAL_RANK: 0 - CUDA_VISIBLE_DEVICES: [0]
[I 2023-11-30 13:08:59,562] Trial 67 finished with value: 6.266317367553711 and parameters: {'gradient_clip_val': 0.40818417190393763, 'hidden_size': 65, 'dropout': 0.28214754990401725, 'hidden_continuous_size': 29, 'attention_head_size': 4, 'learning_rate': 0.05307960958209699}. Best is trial 37 with value: 3.760040283203125.
LOCAL_RANK: 0 - CUDA_VISIBLE_DEVICES: [0]
[I 2023-11-30 13:09:12,339] Trial 68 finished with value: 4.380136966705322 and parameters: {'gradient_clip_val': 0.6107935249362624, 'hidden_size': 45, 'dropout': 0.25982985515641177, 'hidden_continuous_size': 24, 'attention_head_size': 2, 'learning_rate': 0.040563934738319284}. Best is trial 37 with value: 3.760040283203125.
LOCAL_RANK: 0 - CUDA_VISIBLE_DEVICES: [0]
[I 2023-11-30 13:09:25,673] Trial 69 finished with value: 6.2747416496276855 and parameters: {'gradient_clip_val': 0.2934956168028481, 'hidden_size': 56, 'dropout': 0.22590875890991466, 'hidden_continuous_size': 22, 'attention_head_size': 4, 'learning_rate': 0.0651333600622187}. Best is trial 37 with value: 3.760040283203125.
LOCAL_RANK: 0 - CUDA_VISIBLE_DEVICES: [0]
[I 2023-11-30 13:09:38,984] Trial 70 finished with value: 4.75519323348999 and parameters: {'gradient_clip_val': 0.32902723664537986, 'hidden_size': 50, 'dropout': 0.26790131958804575, 'hidden_continuous_size': 31, 'attention_head_size': 2, 'learning_rate': 0.029449752842495666}. Best is trial 37 with value: 3.760040283203125.
LOCAL_RANK: 0 - CUDA_VISIBLE_DEVICES: [0]
[I 2023-11-30 13:09:52,983] Trial 71 finished with value: 6.182495594024658 and parameters: {'gradient_clip_val': 0.5086944443536404, 'hidden_size': 91, 'dropout': 0.2968583559384912, 'hidden_continuous_size': 35, 'attention_head_size': 3, 'learning_rate': 0.07480323699693932}. Best is trial 37 with value: 3.760040283203125.
LOCAL_RANK: 0 - CUDA_VISIBLE_DEVICES: [0]
[I 2023-11-30 13:10:06,745] Trial 72 finished with value: 4.2602858543396 and parameters: {'gradient_clip_val': 0.47425420440519517, 'hidden_size': 79, 'dropout': 0.28483284245036217, 'hidden_continuous_size': 29, 'attention_head_size': 3, 'learning_rate': 0.057958762439625555}. Best is trial 37 with value: 3.760040283203125.
LOCAL_RANK: 0 - CUDA_VISIBLE_DEVICES: [0]
[I 2023-11-30 13:10:20,614] Trial 73 finished with value: 4.425015449523926 and parameters: {'gradient_clip_val': 0.5449987196415663, 'hidden_size': 83, 'dropout': 0.1832361636492904, 'hidden_continuous_size': 33, 'attention_head_size': 3, 'learning_rate': 0.08506284930209684}. Best is trial 37 with value: 3.760040283203125.
LOCAL_RANK: 0 - CUDA_VISIBLE_DEVICES: [0]
[I 2023-11-30 13:10:34,364] Trial 74 finished with value: 5.538522243499756 and parameters: {'gradient_clip_val': 0.44248096956266225, 'hidden_size': 71, 'dropout': 0.3124926342549676, 'hidden_continuous_size': 31, 'attention_head_size': 3, 'learning_rate': 0.06976602150346352}. Best is trial 37 with value: 3.760040283203125.
LOCAL_RANK: 0 - CUDA_VISIBLE_DEVICES: [0]
[I 2023-11-30 13:10:47,941] Trial 75 finished with value: 6.991230010986328 and parameters: {'gradient_clip_val': 0.38705817525006947, 'hidden_size': 62, 'dropout': 0.29770328314078703, 'hidden_continuous_size': 26, 'attention_head_size': 2, 'learning_rate': 0.09366257791769578}. Best is trial 37 with value: 3.760040283203125.
LOCAL_RANK: 0 - CUDA_VISIBLE_DEVICES: [0]
[I 2023-11-30 13:11:02,328] Trial 76 finished with value: 4.467804431915283 and parameters: {'gradient_clip_val': 0.49794773676836807, 'hidden_size': 103, 'dropout': 0.15672165408916097, 'hidden_continuous_size': 40, 'attention_head_size': 3, 'learning_rate': 0.044645887583428}. Best is trial 37 with value: 3.760040283203125.
LOCAL_RANK: 0 - CUDA_VISIBLE_DEVICES: [0]
[I 2023-11-30 13:11:15,454] Trial 77 finished with value: 6.714354038238525 and parameters: {'gradient_clip_val': 0.42149341651859923, 'hidden_size': 52, 'dropout': 0.31320340545897235, 'hidden_continuous_size': 21, 'attention_head_size': 3, 'learning_rate': 0.07631023936465545}. Best is trial 37 with value: 3.760040283203125.
LOCAL_RANK: 0 - CUDA_VISIBLE_DEVICES: [0]
[I 2023-11-30 13:11:29,009] Trial 78 finished with value: 4.412746429443359 and parameters: {'gradient_clip_val': 0.5860253602341824, 'hidden_size': 57, 'dropout': 0.24993820730013377, 'hidden_continuous_size': 28, 'attention_head_size': 2, 'learning_rate': 0.05982688635187652}. Best is trial 37 with value: 3.760040283203125.
LOCAL_RANK: 0 - CUDA_VISIBLE_DEVICES: [0]
[I 2023-11-30 13:11:43,271] Trial 79 finished with value: 3.97377872467041 and parameters: {'gradient_clip_val': 0.38244810768427906, 'hidden_size': 122, 'dropout': 0.3304147972302423, 'hidden_continuous_size': 35, 'attention_head_size': 3, 'learning_rate': 0.05152212226853924}. Best is trial 37 with value: 3.760040283203125.
LOCAL_RANK: 0 - CUDA_VISIBLE_DEVICES: [0]
[I 2023-11-30 13:11:57,028] Trial 80 finished with value: 5.373054504394531 and parameters: {'gradient_clip_val': 0.3919827907547836, 'hidden_size': 94, 'dropout': 0.2731040664805107, 'hidden_continuous_size': 20, 'attention_head_size': 3, 'learning_rate': 0.03806536492477894}. Best is trial 37 with value: 3.760040283203125.
LOCAL_RANK: 0 - CUDA_VISIBLE_DEVICES: [0]
[I 2023-11-30 13:12:11,285] Trial 81 finished with value: 5.213554859161377 and parameters: {'gradient_clip_val': 0.4199719898158059, 'hidden_size': 120, 'dropout': 0.32567236740401745, 'hidden_continuous_size': 36, 'attention_head_size': 3, 'learning_rate': 0.04725881767677721}. Best is trial 37 with value: 3.760040283203125.
LOCAL_RANK: 0 - CUDA_VISIBLE_DEVICES: [0]
[I 2023-11-30 13:12:25,432] Trial 82 finished with value: 4.8701677322387695 and parameters: {'gradient_clip_val': 0.46304240699225, 'hidden_size': 117, 'dropout': 0.33892037073645886, 'hidden_continuous_size': 33, 'attention_head_size': 3, 'learning_rate': 0.0521638112766241}. Best is trial 37 with value: 3.760040283203125.
LOCAL_RANK: 0 - CUDA_VISIBLE_DEVICES: [0]
[I 2023-11-30 13:12:39,981] Trial 83 finished with value: 4.9194769859313965 and parameters: {'gradient_clip_val': 0.35673646819828897, 'hidden_size': 141, 'dropout': 0.31808226581899324, 'hidden_continuous_size': 39, 'attention_head_size': 3, 'learning_rate': 0.06836252656442492}. Best is trial 37 with value: 3.760040283203125.
LOCAL_RANK: 0 - CUDA_VISIBLE_DEVICES: [0]
[I 2023-11-30 13:12:53,925] Trial 84 finished with value: 3.5713183879852295 and parameters: {'gradient_clip_val': 0.5184996813992141, 'hidden_size': 87, 'dropout': 0.30816153616045094, 'hidden_continuous_size': 35, 'attention_head_size': 3, 'learning_rate': 0.08540624458301889}. Best is trial 84 with value: 3.5713183879852295.
LOCAL_RANK: 0 - CUDA_VISIBLE_DEVICES: [0]
[I 2023-11-30 13:13:07,820] Trial 85 finished with value: 6.410106658935547 and parameters: {'gradient_clip_val': 0.37309527416975286, 'hidden_size': 90, 'dropout': 0.3012950937560189, 'hidden_continuous_size': 31, 'attention_head_size': 3, 'learning_rate': 0.09270851822234918}. Best is trial 84 with value: 3.5713183879852295.
LOCAL_RANK: 0 - CUDA_VISIBLE_DEVICES: [0]
[I 2023-11-30 13:13:21,785] Trial 86 finished with value: 5.080180644989014 and parameters: {'gradient_clip_val': 0.30161325795805055, 'hidden_size': 66, 'dropout': 0.3046902275776099, 'hidden_continuous_size': 34, 'attention_head_size': 4, 'learning_rate': 0.07975498428966972}. Best is trial 84 with value: 3.5713183879852295.
LOCAL_RANK: 0 - CUDA_VISIBLE_DEVICES: [0]
[I 2023-11-30 13:13:35,360] Trial 87 finished with value: 5.535959720611572 and parameters: {'gradient_clip_val': 0.31783347135783635, 'hidden_size': 75, 'dropout': 0.28906082789818394, 'hidden_continuous_size': 25, 'attention_head_size': 2, 'learning_rate': 0.0878155369685672}. Best is trial 84 with value: 3.5713183879852295.
LOCAL_RANK: 0 - CUDA_VISIBLE_DEVICES: [0]
[I 2023-11-30 13:13:49,377] Trial 88 finished with value: 4.259948253631592 and parameters: {'gradient_clip_val': 0.3342165355950792, 'hidden_size': 85, 'dropout': 0.26274239651237696, 'hidden_continuous_size': 43, 'attention_head_size': 3, 'learning_rate': 0.057865630024426434}. Best is trial 84 with value: 3.5713183879852295.
LOCAL_RANK: 0 - CUDA_VISIBLE_DEVICES: [0]
[I 2023-11-30 13:14:03,480] Trial 89 finished with value: 7.363465785980225 and parameters: {'gradient_clip_val': 0.45471043161929775, 'hidden_size': 97, 'dropout': 0.29428880775983696, 'hidden_continuous_size': 37, 'attention_head_size': 4, 'learning_rate': 0.06247396201934911}. Best is trial 84 with value: 3.5713183879852295.
LOCAL_RANK: 0 - CUDA_VISIBLE_DEVICES: [0]
[I 2023-11-30 13:14:17,122] Trial 90 finished with value: 5.4566874504089355 and parameters: {'gradient_clip_val': 0.5229306265467937, 'hidden_size': 68, 'dropout': 0.31101769867047363, 'hidden_continuous_size': 32, 'attention_head_size': 3, 'learning_rate': 0.0520426928101108}. Best is trial 84 with value: 3.5713183879852295.
LOCAL_RANK: 0 - CUDA_VISIBLE_DEVICES: [0]
[I 2023-11-30 13:14:31,379] Trial 91 finished with value: 5.527427673339844 and parameters: {'gradient_clip_val': 0.4765859237514501, 'hidden_size': 108, 'dropout': 0.3268770626898056, 'hidden_continuous_size': 35, 'attention_head_size': 3, 'learning_rate': 0.07347361991094682}. Best is trial 84 with value: 3.5713183879852295.
LOCAL_RANK: 0 - CUDA_VISIBLE_DEVICES: [0]
[I 2023-11-30 13:14:45,629] Trial 92 finished with value: 4.766872882843018 and parameters: {'gradient_clip_val': 0.5313242521849244, 'hidden_size': 129, 'dropout': 0.3158368553948465, 'hidden_continuous_size': 30, 'attention_head_size': 3, 'learning_rate': 0.09822135118113437}. Best is trial 84 with value: 3.5713183879852295.
LOCAL_RANK: 0 - CUDA_VISIBLE_DEVICES: [0]
[I 2023-11-30 13:14:59,319] Trial 93 finished with value: 3.697035551071167 and parameters: {'gradient_clip_val': 0.49810946984990134, 'hidden_size': 80, 'dropout': 0.30545393120811287, 'hidden_continuous_size': 34, 'attention_head_size': 3, 'learning_rate': 0.08115628825065592}. Best is trial 84 with value: 3.5713183879852295.
LOCAL_RANK: 0 - CUDA_VISIBLE_DEVICES: [0]
[I 2023-11-30 13:15:13,070] Trial 94 finished with value: 4.86508321762085 and parameters: {'gradient_clip_val': 0.4181850942200448, 'hidden_size': 73, 'dropout': 0.2736628820468411, 'hidden_continuous_size': 33, 'attention_head_size': 3, 'learning_rate': 0.08039134631206463}. Best is trial 84 with value: 3.5713183879852295.
LOCAL_RANK: 0 - CUDA_VISIBLE_DEVICES: [0]
[I 2023-11-30 13:15:26,764] Trial 95 finished with value: 4.263563632965088 and parameters: {'gradient_clip_val': 0.4978813853115257, 'hidden_size': 80, 'dropout': 0.28346066254821883, 'hidden_continuous_size': 37, 'attention_head_size': 3, 'learning_rate': 0.0633237435200963}. Best is trial 84 with value: 3.5713183879852295.
LOCAL_RANK: 0 - CUDA_VISIBLE_DEVICES: [0]
[I 2023-11-30 13:15:40,619] Trial 96 finished with value: 4.510899066925049 and parameters: {'gradient_clip_val': 0.55680512605275, 'hidden_size': 63, 'dropout': 0.30880789812906384, 'hidden_continuous_size': 28, 'attention_head_size': 3, 'learning_rate': 0.09970705330403831}. Best is trial 84 with value: 3.5713183879852295.
LOCAL_RANK: 0 - CUDA_VISIBLE_DEVICES: [0]
[I 2023-11-30 13:15:54,235] Trial 97 finished with value: 5.324303150177002 and parameters: {'gradient_clip_val': 0.45379570143555287, 'hidden_size': 69, 'dropout': 0.2929550452890569, 'hidden_continuous_size': 26, 'attention_head_size': 2, 'learning_rate': 0.08797308455144666}. Best is trial 84 with value: 3.5713183879852295.
LOCAL_RANK: 0 - CUDA_VISIBLE_DEVICES: [0]
[I 2023-11-30 13:16:07,812] Trial 98 finished with value: 4.282876491546631 and parameters: {'gradient_clip_val': 0.3965244318873031, 'hidden_size': 60, 'dropout': 0.2804935640733241, 'hidden_continuous_size': 34, 'attention_head_size': 3, 'learning_rate': 0.04357893121600211}. Best is trial 84 with value: 3.5713183879852295.
LOCAL_RANK: 0 - CUDA_VISIBLE_DEVICES: [0]
[I 2023-11-30 13:16:21,204] Trial 99 finished with value: 4.55728816986084 and parameters: {'gradient_clip_val': 0.4892597157125246, 'hidden_size': 76, 'dropout': 0.30406847871625237, 'hidden_continuous_size': 30, 'attention_head_size': 1, 'learning_rate': 0.04961798857923803}. Best is trial 84 with value: 3.5713183879852295.
LOCAL_RANK: 0 - CUDA_VISIBLE_DEVICES: [0]
[I 2023-11-30 13:16:35,059] Trial 100 finished with value: 4.788782596588135 and parameters: {'gradient_clip_val': 0.621408139566898, 'hidden_size': 86, 'dropout': 0.2879639508193129, 'hidden_continuous_size': 23, 'attention_head_size': 4, 'learning_rate': 0.067957167399866}. Best is trial 84 with value: 3.5713183879852295.
LOCAL_RANK: 0 - CUDA_VISIBLE_DEVICES: [0]
[I 2023-11-30 13:16:49,452] Trial 101 finished with value: 5.104343414306641 and parameters: {'gradient_clip_val': 0.43326996250090705, 'hidden_size': 110, 'dropout': 0.33076289493898897, 'hidden_continuous_size': 39, 'attention_head_size': 3, 'learning_rate': 0.07578716633457151}. Best is trial 84 with value: 3.5713183879852295.
LOCAL_RANK: 0 - CUDA_VISIBLE_DEVICES: [0]
[I 2023-11-30 13:17:03,541] Trial 102 finished with value: 4.333810806274414 and parameters: {'gradient_clip_val': 0.5673401730124061, 'hidden_size': 99, 'dropout': 0.3209781343101222, 'hidden_continuous_size': 31, 'attention_head_size': 3, 'learning_rate': 0.05596642308379534}. Best is trial 84 with value: 3.5713183879852295.
LOCAL_RANK: 0 - CUDA_VISIBLE_DEVICES: [0]
[I 2023-11-30 13:17:17,067] Trial 103 finished with value: 5.199207782745361 and parameters: {'gradient_clip_val': 0.5197950602261238, 'hidden_size': 54, 'dropout': 0.3165121132428263, 'hidden_continuous_size': 36, 'attention_head_size': 3, 'learning_rate': 0.08271310764994093}. Best is trial 84 with value: 3.5713183879852295.
LOCAL_RANK: 0 - CUDA_VISIBLE_DEVICES: [0]
[I 2023-11-30 13:17:30,660] Trial 104 finished with value: 7.420091152191162 and parameters: {'gradient_clip_val': 0.48232150618075864, 'hidden_size': 72, 'dropout': 0.33793673313065276, 'hidden_continuous_size': 34, 'attention_head_size': 3, 'learning_rate': 0.06980699382728091}. Best is trial 84 with value: 3.5713183879852295.
LOCAL_RANK: 0 - CUDA_VISIBLE_DEVICES: [0]
[I 2023-11-30 13:17:44,871] Trial 105 finished with value: 4.565215587615967 and parameters: {'gradient_clip_val': 0.5768723662607363, 'hidden_size': 103, 'dropout': 0.2994545202917538, 'hidden_continuous_size': 40, 'attention_head_size': 3, 'learning_rate': 0.07448983450697869}. Best is trial 84 with value: 3.5713183879852295.
LOCAL_RANK: 0 - CUDA_VISIBLE_DEVICES: [0]
[I 2023-11-30 13:17:58,690] Trial 106 finished with value: 3.8895442485809326 and parameters: {'gradient_clip_val': 0.46111143359758905, 'hidden_size': 81, 'dropout': 0.3063347886432276, 'hidden_continuous_size': 27, 'attention_head_size': 2, 'learning_rate': 0.09102865429536965}. Best is trial 84 with value: 3.5713183879852295.
LOCAL_RANK: 0 - CUDA_VISIBLE_DEVICES: [0]
[I 2023-11-30 13:18:12,376] Trial 107 finished with value: 4.6117024421691895 and parameters: {'gradient_clip_val': 0.3780715672021206, 'hidden_size': 82, 'dropout': 0.2722546123961828, 'hidden_continuous_size': 27, 'attention_head_size': 2, 'learning_rate': 0.09189951105140926}. Best is trial 84 with value: 3.5713183879852295.
LOCAL_RANK: 0 - CUDA_VISIBLE_DEVICES: [0]
[I 2023-11-30 13:18:26,113] Trial 108 finished with value: 4.147696495056152 and parameters: {'gradient_clip_val': 0.42708713954265065, 'hidden_size': 92, 'dropout': 0.3073684872667792, 'hidden_continuous_size': 24, 'attention_head_size': 2, 'learning_rate': 0.08605578792409418}. Best is trial 84 with value: 3.5713183879852295.
LOCAL_RANK: 0 - CUDA_VISIBLE_DEVICES: [0]
[I 2023-11-30 13:18:39,682] Trial 109 finished with value: 3.950340509414673 and parameters: {'gradient_clip_val': 0.5414881832391311, 'hidden_size': 66, 'dropout': 0.2936535823901885, 'hidden_continuous_size': 29, 'attention_head_size': 2, 'learning_rate': 0.05975437622460696}. Best is trial 84 with value: 3.5713183879852295.
LOCAL_RANK: 0 - CUDA_VISIBLE_DEVICES: [0]
[I 2023-11-30 13:18:53,318] Trial 110 finished with value: 5.520824432373047 and parameters: {'gradient_clip_val': 0.45593151244035546, 'hidden_size': 88, 'dropout': 0.2934028708439206, 'hidden_continuous_size': 28, 'attention_head_size': 2, 'learning_rate': 0.061477391703572366}. Best is trial 84 with value: 3.5713183879852295.
LOCAL_RANK: 0 - CUDA_VISIBLE_DEVICES: [0]
