[I 2023-11-30 15:25:22,883] Trial 34 finished with value: 10.571638107299805 and parameters: {'gradient_clip_val': 0.5356206300884485, 'hidden_size': 46, 'dropout': 0.20993584442507782, 'hidden_continuous_size': 10, 'attention_head_size': 3, 'learning_rate': 0.020147275852637914}. Best is trial 15 with value: 10.420308113098145.
LOCAL_RANK: 0 - CUDA_VISIBLE_DEVICES: [0]
[I 2023-11-30 15:25:36,514] Trial 35 finished with value: 10.694259643554688 and parameters: {'gradient_clip_val': 0.5116798692233073, 'hidden_size': 42, 'dropout': 0.2721154779097153, 'hidden_continuous_size': 10, 'attention_head_size': 3, 'learning_rate': 0.05132357829961049}. Best is trial 15 with value: 10.420308113098145.
LOCAL_RANK: 0 - CUDA_VISIBLE_DEVICES: [0]
[I 2023-11-30 15:25:49,946] Trial 36 finished with value: 11.492440223693848 and parameters: {'gradient_clip_val': 0.823259252660624, 'hidden_size': 27, 'dropout': 0.2477101669894441, 'hidden_continuous_size': 12, 'attention_head_size': 2, 'learning_rate': 0.01348322661206328}. Best is trial 15 with value: 10.420308113098145.
LOCAL_RANK: 0 - CUDA_VISIBLE_DEVICES: [0]
[I 2023-11-30 15:26:03,694] Trial 37 finished with value: 10.434454917907715 and parameters: {'gradient_clip_val': 0.7073836594268241, 'hidden_size': 43, 'dropout': 0.19217437170455767, 'hidden_continuous_size': 10, 'attention_head_size': 3, 'learning_rate': 0.028805246677273463}. Best is trial 15 with value: 10.420308113098145.
LOCAL_RANK: 0 - CUDA_VISIBLE_DEVICES: [0]
[I 2023-11-30 15:26:17,125] Trial 38 finished with value: 10.619694709777832 and parameters: {'gradient_clip_val': 0.9940681327752693, 'hidden_size': 38, 'dropout': 0.19394808537251856, 'hidden_continuous_size': 10, 'attention_head_size': 3, 'learning_rate': 0.031553883998920985}. Best is trial 15 with value: 10.420308113098145.
LOCAL_RANK: 0 - CUDA_VISIBLE_DEVICES: [0]
[I 2023-11-30 15:26:30,539] Trial 39 finished with value: 11.456231117248535 and parameters: {'gradient_clip_val': 0.9935884202870686, 'hidden_size': 48, 'dropout': 0.1872693036206499, 'hidden_continuous_size': 10, 'attention_head_size': 3, 'learning_rate': 0.0310675094192264}. Best is trial 15 with value: 10.420308113098145.
LOCAL_RANK: 0 - CUDA_VISIBLE_DEVICES: [0]
[I 2023-11-30 15:26:43,975] Trial 40 finished with value: 10.98412036895752 and parameters: {'gradient_clip_val': 0.9090199453480471, 'hidden_size': 39, 'dropout': 0.13644838681362043, 'hidden_continuous_size': 10, 'attention_head_size': 2, 'learning_rate': 0.043495697268938024}. Best is trial 15 with value: 10.420308113098145.
LOCAL_RANK: 0 - CUDA_VISIBLE_DEVICES: [0]
[I 2023-11-30 15:26:57,937] Trial 41 finished with value: 10.736889839172363 and parameters: {'gradient_clip_val': 0.7421481106787557, 'hidden_size': 29, 'dropout': 0.20488385386477648, 'hidden_continuous_size': 11, 'attention_head_size': 3, 'learning_rate': 0.029486105634428363}. Best is trial 15 with value: 10.420308113098145.
LOCAL_RANK: 0 - CUDA_VISIBLE_DEVICES: [0]
[I 2023-11-30 15:27:11,383] Trial 42 finished with value: 12.241925239562988 and parameters: {'gradient_clip_val': 0.8703464342535581, 'hidden_size': 36, 'dropout': 0.169525346589999, 'hidden_continuous_size': 11, 'attention_head_size': 3, 'learning_rate': 0.02141398014690072}. Best is trial 15 with value: 10.420308113098145.
LOCAL_RANK: 0 - CUDA_VISIBLE_DEVICES: [0]
[I 2023-11-30 15:27:24,612] Trial 43 finished with value: 10.710898399353027 and parameters: {'gradient_clip_val': 0.7208378357806995, 'hidden_size': 25, 'dropout': 0.20414757174404435, 'hidden_continuous_size': 10, 'attention_head_size': 3, 'learning_rate': 0.055431556943740565}. Best is trial 15 with value: 10.420308113098145.
LOCAL_RANK: 0 - CUDA_VISIBLE_DEVICES: [0]
[I 2023-11-30 15:27:38,521] Trial 44 finished with value: 10.94653606414795 and parameters: {'gradient_clip_val': 0.8452728468714029, 'hidden_size': 55, 'dropout': 0.19201035106785366, 'hidden_continuous_size': 12, 'attention_head_size': 3, 'learning_rate': 0.03504975004165262}. Best is trial 15 with value: 10.420308113098145.
LOCAL_RANK: 0 - CUDA_VISIBLE_DEVICES: [0]
[I 2023-11-30 15:27:52,611] Trial 45 finished with value: 10.941864013671875 and parameters: {'gradient_clip_val': 0.8910251367081364, 'hidden_size': 45, 'dropout': 0.17697902197854812, 'hidden_continuous_size': 11, 'attention_head_size': 2, 'learning_rate': 0.09541075998816395}. Best is trial 15 with value: 10.420308113098145.
LOCAL_RANK: 0 - CUDA_VISIBLE_DEVICES: [0]
[I 2023-11-30 15:28:07,010] Trial 46 finished with value: 10.7684965133667 and parameters: {'gradient_clip_val': 0.5592127956938693, 'hidden_size': 63, 'dropout': 0.19593593202685755, 'hidden_continuous_size': 13, 'attention_head_size': 3, 'learning_rate': 0.022902413593830627}. Best is trial 15 with value: 10.420308113098145.
LOCAL_RANK: 0 - CUDA_VISIBLE_DEVICES: [0]
[I 2023-11-30 15:28:20,637] Trial 47 finished with value: 11.498068809509277 and parameters: {'gradient_clip_val': 0.9914347068348299, 'hidden_size': 40, 'dropout': 0.21538100686628325, 'hidden_continuous_size': 10, 'attention_head_size': 3, 'learning_rate': 0.04052205650232897}. Best is trial 15 with value: 10.420308113098145.
LOCAL_RANK: 0 - CUDA_VISIBLE_DEVICES: [0]
[I 2023-11-30 15:28:33,566] Trial 48 finished with value: 11.389906883239746 and parameters: {'gradient_clip_val': 0.6496899191011366, 'hidden_size': 31, 'dropout': 0.17495887477579697, 'hidden_continuous_size': 11, 'attention_head_size': 1, 'learning_rate': 0.027807173534041864}. Best is trial 15 with value: 10.420308113098145.
LOCAL_RANK: 0 - CUDA_VISIBLE_DEVICES: [0]
[I 2023-11-30 15:28:46,920] Trial 49 finished with value: 10.80573558807373 and parameters: {'gradient_clip_val': 0.7658470498775346, 'hidden_size': 36, 'dropout': 0.15957915575206308, 'hidden_continuous_size': 10, 'attention_head_size': 3, 'learning_rate': 0.06649404323139428}. Best is trial 15 with value: 10.420308113098145.
LOCAL_RANK: 0 - CUDA_VISIBLE_DEVICES: [0]
[I 2023-11-30 15:29:00,905] Trial 50 finished with value: 10.808564186096191 and parameters: {'gradient_clip_val': 0.8842278021830376, 'hidden_size': 55, 'dropout': 0.21072833400059757, 'hidden_continuous_size': 12, 'attention_head_size': 2, 'learning_rate': 0.02180335578172161}. Best is trial 15 with value: 10.420308113098145.
LOCAL_RANK: 0 - CUDA_VISIBLE_DEVICES: [0]
[I 2023-11-30 15:29:14,695] Trial 51 finished with value: 12.084490776062012 and parameters: {'gradient_clip_val': 0.6531810490105194, 'hidden_size': 43, 'dropout': 0.22766856623874088, 'hidden_continuous_size': 13, 'attention_head_size': 3, 'learning_rate': 0.014978495522132467}. Best is trial 15 with value: 10.420308113098145.
LOCAL_RANK: 0 - CUDA_VISIBLE_DEVICES: [0]
[I 2023-11-30 15:29:28,605] Trial 52 finished with value: 10.951263427734375 and parameters: {'gradient_clip_val': 0.6794762600959946, 'hidden_size': 47, 'dropout': 0.23257381986692102, 'hidden_continuous_size': 11, 'attention_head_size': 4, 'learning_rate': 0.05420553222148909}. Best is trial 15 with value: 10.420308113098145.
LOCAL_RANK: 0 - CUDA_VISIBLE_DEVICES: [0]
[I 2023-11-30 15:29:42,301] Trial 53 finished with value: 11.243556022644043 and parameters: {'gradient_clip_val': 0.7407343641976152, 'hidden_size': 39, 'dropout': 0.21984907685207375, 'hidden_continuous_size': 12, 'attention_head_size': 3, 'learning_rate': 0.03851977772658496}. Best is trial 15 with value: 10.420308113098145.
LOCAL_RANK: 0 - CUDA_VISIBLE_DEVICES: [0]
[I 2023-11-30 15:29:56,774] Trial 54 finished with value: 10.959084510803223 and parameters: {'gradient_clip_val': 0.545617989040155, 'hidden_size': 46, 'dropout': 0.20189753317461687, 'hidden_continuous_size': 14, 'attention_head_size': 4, 'learning_rate': 0.019606712639258034}. Best is trial 15 with value: 10.420308113098145.
LOCAL_RANK: 0 - CUDA_VISIBLE_DEVICES: [0]
[I 2023-11-30 15:30:10,870] Trial 55 finished with value: 10.605751991271973 and parameters: {'gradient_clip_val': 0.601723167508762, 'hidden_size': 51, 'dropout': 0.19445817743682922, 'hidden_continuous_size': 10, 'attention_head_size': 3, 'learning_rate': 0.025217848392554882}. Best is trial 15 with value: 10.420308113098145.
LOCAL_RANK: 0 - CUDA_VISIBLE_DEVICES: [0]
[I 2023-11-30 15:30:24,988] Trial 56 finished with value: 10.639626502990723 and parameters: {'gradient_clip_val': 0.6013665506325612, 'hidden_size': 53, 'dropout': 0.1905546118046393, 'hidden_continuous_size': 10, 'attention_head_size': 3, 'learning_rate': 0.028347968373879345}. Best is trial 15 with value: 10.420308113098145.
LOCAL_RANK: 0 - CUDA_VISIBLE_DEVICES: [0]
[I 2023-11-30 15:30:38,460] Trial 57 finished with value: 11.191004753112793 and parameters: {'gradient_clip_val': 0.5914958526925799, 'hidden_size': 64, 'dropout': 0.19077689157406816, 'hidden_continuous_size': 10, 'attention_head_size': 3, 'learning_rate': 0.02585382636803026}. Best is trial 15 with value: 10.420308113098145.
LOCAL_RANK: 0 - CUDA_VISIBLE_DEVICES: [0]
[I 2023-11-30 15:30:52,310] Trial 58 finished with value: 11.179141998291016 and parameters: {'gradient_clip_val': 0.6143113051049882, 'hidden_size': 56, 'dropout': 0.17930271318384627, 'hidden_continuous_size': 10, 'attention_head_size': 3, 'learning_rate': 0.029450560788323872}. Best is trial 15 with value: 10.420308113098145.
LOCAL_RANK: 0 - CUDA_VISIBLE_DEVICES: [0]
[I 2023-11-30 15:31:06,180] Trial 59 finished with value: 10.791605949401855 and parameters: {'gradient_clip_val': 0.4762613317490652, 'hidden_size': 50, 'dropout': 0.1920382445438486, 'hidden_continuous_size': 11, 'attention_head_size': 2, 'learning_rate': 0.016254749457966067}. Best is trial 15 with value: 10.420308113098145.
LOCAL_RANK: 0 - CUDA_VISIBLE_DEVICES: [0]
[I 2023-11-30 15:31:20,410] Trial 60 finished with value: 10.939929008483887 and parameters: {'gradient_clip_val': 0.7035476563292112, 'hidden_size': 70, 'dropout': 0.15066730635060874, 'hidden_continuous_size': 13, 'attention_head_size': 3, 'learning_rate': 0.025286978662160085}. Best is trial 15 with value: 10.420308113098145.
LOCAL_RANK: 0 - CUDA_VISIBLE_DEVICES: [0]
[I 2023-11-30 15:31:34,007] Trial 61 finished with value: 10.724061012268066 and parameters: {'gradient_clip_val': 0.7850054154273798, 'hidden_size': 50, 'dropout': 0.20878585449362014, 'hidden_continuous_size': 11, 'attention_head_size': 3, 'learning_rate': 0.042669811069542804}. Best is trial 15 with value: 10.420308113098145.
LOCAL_RANK: 0 - CUDA_VISIBLE_DEVICES: [0]
[I 2023-11-30 15:31:47,837] Trial 62 finished with value: 10.883021354675293 and parameters: {'gradient_clip_val': 0.8378493188503063, 'hidden_size': 59, 'dropout': 0.16792484341356134, 'hidden_continuous_size': 10, 'attention_head_size': 3, 'learning_rate': 0.03347943335904322}. Best is trial 15 with value: 10.420308113098145.
LOCAL_RANK: 0 - CUDA_VISIBLE_DEVICES: [0]
[I 2023-11-30 15:32:01,286] Trial 63 finished with value: 11.752418518066406 and parameters: {'gradient_clip_val': 0.9348551210238912, 'hidden_size': 44, 'dropout': 0.18486872860652803, 'hidden_continuous_size': 12, 'attention_head_size': 3, 'learning_rate': 0.020184996010450623}. Best is trial 15 with value: 10.420308113098145.
LOCAL_RANK: 0 - CUDA_VISIBLE_DEVICES: [0]
[I 2023-11-30 15:32:15,734] Trial 64 finished with value: 10.7125244140625 and parameters: {'gradient_clip_val': 0.6471319875373291, 'hidden_size': 52, 'dropout': 0.1981784465073696, 'hidden_continuous_size': 11, 'attention_head_size': 3, 'learning_rate': 0.023715785047897262}. Best is trial 15 with value: 10.420308113098145.
LOCAL_RANK: 0 - CUDA_VISIBLE_DEVICES: [0]
[I 2023-11-30 15:32:29,385] Trial 65 finished with value: 10.259415626525879 and parameters: {'gradient_clip_val': 0.732686191770481, 'hidden_size': 34, 'dropout': 0.21552950449459313, 'hidden_continuous_size': 10, 'attention_head_size': 3, 'learning_rate': 0.046789168795616745}. Best is trial 65 with value: 10.259415626525879.
LOCAL_RANK: 0 - CUDA_VISIBLE_DEVICES: [0]
[I 2023-11-30 15:32:42,926] Trial 66 finished with value: 12.759227752685547 and parameters: {'gradient_clip_val': 0.5770700659290017, 'hidden_size': 42, 'dropout': 0.21698722729562864, 'hidden_continuous_size': 10, 'attention_head_size': 3, 'learning_rate': 0.017274472713249105}. Best is trial 65 with value: 10.259415626525879.
LOCAL_RANK: 0 - CUDA_VISIBLE_DEVICES: [0]
[I 2023-11-30 15:32:56,700] Trial 67 finished with value: 12.248443603515625 and parameters: {'gradient_clip_val': 0.5308317664911646, 'hidden_size': 38, 'dropout': 0.23905191351904112, 'hidden_continuous_size': 10, 'attention_head_size': 3, 'learning_rate': 0.0461935117609121}. Best is trial 65 with value: 10.259415626525879.
LOCAL_RANK: 0 - CUDA_VISIBLE_DEVICES: [0]
[I 2023-11-30 15:33:10,747] Trial 68 finished with value: 10.42625904083252 and parameters: {'gradient_clip_val': 0.7320712634833165, 'hidden_size': 47, 'dropout': 0.17491952558142876, 'hidden_continuous_size': 18, 'attention_head_size': 2, 'learning_rate': 0.036463539562629585}. Best is trial 65 with value: 10.259415626525879.
LOCAL_RANK: 0 - CUDA_VISIBLE_DEVICES: [0]
[I 2023-11-30 15:33:24,673] Trial 69 finished with value: 10.626564025878906 and parameters: {'gradient_clip_val': 0.7141138285288934, 'hidden_size': 34, 'dropout': 0.17088735320868148, 'hidden_continuous_size': 18, 'attention_head_size': 2, 'learning_rate': 0.04781762398654915}. Best is trial 65 with value: 10.259415626525879.
LOCAL_RANK: 0 - CUDA_VISIBLE_DEVICES: [0]
[I 2023-11-30 15:33:38,538] Trial 70 finished with value: 10.889373779296875 and parameters: {'gradient_clip_val': 0.7500437355382322, 'hidden_size': 47, 'dropout': 0.2264841599799352, 'hidden_continuous_size': 15, 'attention_head_size': 2, 'learning_rate': 0.03004182496335975}. Best is trial 65 with value: 10.259415626525879.
LOCAL_RANK: 0 - CUDA_VISIBLE_DEVICES: [0]
[I 2023-11-30 15:33:52,595] Trial 71 finished with value: 11.223278045654297 and parameters: {'gradient_clip_val': 0.6870247821108985, 'hidden_size': 34, 'dropout': 0.17457399272353724, 'hidden_continuous_size': 20, 'attention_head_size': 2, 'learning_rate': 0.03524830123940581}. Best is trial 65 with value: 10.259415626525879.
LOCAL_RANK: 0 - CUDA_VISIBLE_DEVICES: [0]
[I 2023-11-30 15:34:06,082] Trial 72 finished with value: 11.749171257019043 and parameters: {'gradient_clip_val': 0.7624752352117444, 'hidden_size': 41, 'dropout': 0.16213928657904597, 'hidden_continuous_size': 18, 'attention_head_size': 2, 'learning_rate': 0.04560106531991089}. Best is trial 65 with value: 10.259415626525879.
LOCAL_RANK: 0 - CUDA_VISIBLE_DEVICES: [0]
[I 2023-11-30 15:34:19,908] Trial 73 finished with value: 11.421422004699707 and parameters: {'gradient_clip_val': 0.6707044485571003, 'hidden_size': 35, 'dropout': 0.18131678772527235, 'hidden_continuous_size': 16, 'attention_head_size': 2, 'learning_rate': 0.0742193797204989}. Best is trial 65 with value: 10.259415626525879.
LOCAL_RANK: 0 - CUDA_VISIBLE_DEVICES: [0]
[I 2023-11-30 15:34:33,747] Trial 74 finished with value: 10.58617115020752 and parameters: {'gradient_clip_val': 0.8514835305525439, 'hidden_size': 38, 'dropout': 0.19768586329465132, 'hidden_continuous_size': 18, 'attention_head_size': 1, 'learning_rate': 0.050108506381708155}. Best is trial 65 with value: 10.259415626525879.
LOCAL_RANK: 0 - CUDA_VISIBLE_DEVICES: [0]
[I 2023-11-30 15:34:47,800] Trial 75 finished with value: 11.665542602539062 and parameters: {'gradient_clip_val': 0.9211419795405835, 'hidden_size': 39, 'dropout': 0.21308993328486975, 'hidden_continuous_size': 20, 'attention_head_size': 3, 'learning_rate': 0.038941120814881644}. Best is trial 65 with value: 10.259415626525879.
LOCAL_RANK: 0 - CUDA_VISIBLE_DEVICES: [0]
[I 2023-11-30 15:35:01,084] Trial 76 finished with value: 11.159873962402344 and parameters: {'gradient_clip_val': 0.8430789206445316, 'hidden_size': 45, 'dropout': 0.20333617675120327, 'hidden_continuous_size': 22, 'attention_head_size': 1, 'learning_rate': 0.03168816069058659}. Best is trial 65 with value: 10.259415626525879.
LOCAL_RANK: 0 - CUDA_VISIBLE_DEVICES: [0]
[I 2023-11-30 15:35:14,531] Trial 77 finished with value: 10.400275230407715 and parameters: {'gradient_clip_val': 0.7897287812483481, 'hidden_size': 49, 'dropout': 0.19397323433798935, 'hidden_continuous_size': 16, 'attention_head_size': 1, 'learning_rate': 0.037506964910890936}. Best is trial 65 with value: 10.259415626525879.
LOCAL_RANK: 0 - CUDA_VISIBLE_DEVICES: [0]
[I 2023-11-30 15:35:28,764] Trial 78 finished with value: 11.949935913085938 and parameters: {'gradient_clip_val': 0.7977230128571534, 'hidden_size': 61, 'dropout': 0.19744311000245518, 'hidden_continuous_size': 14, 'attention_head_size': 1, 'learning_rate': 0.0378075916053649}. Best is trial 65 with value: 10.259415626525879.
LOCAL_RANK: 0 - CUDA_VISIBLE_DEVICES: [0]
[I 2023-11-30 15:35:43,399] Trial 79 finished with value: 10.011624336242676 and parameters: {'gradient_clip_val': 0.615144144230256, 'hidden_size': 49, 'dropout': 0.2214330328737247, 'hidden_continuous_size': 16, 'attention_head_size': 1, 'learning_rate': 0.049742922915348424}. Best is trial 79 with value: 10.011624336242676.
LOCAL_RANK: 0 - CUDA_VISIBLE_DEVICES: [0]
[I 2023-11-30 15:35:57,338] Trial 80 finished with value: 11.129183769226074 and parameters: {'gradient_clip_val': 0.6412621046551538, 'hidden_size': 56, 'dropout': 0.21962335047258325, 'hidden_continuous_size': 16, 'attention_head_size': 1, 'learning_rate': 0.05085908080073445}. Best is trial 79 with value: 10.011624336242676.
LOCAL_RANK: 0 - CUDA_VISIBLE_DEVICES: [0]
[I 2023-11-30 15:36:11,067] Trial 81 finished with value: 10.83443546295166 and parameters: {'gradient_clip_val': 0.7246847204264574, 'hidden_size': 49, 'dropout': 0.20910135513806533, 'hidden_continuous_size': 17, 'attention_head_size': 1, 'learning_rate': 0.04049753368291235}. Best is trial 79 with value: 10.011624336242676.
LOCAL_RANK: 0 - CUDA_VISIBLE_DEVICES: [0]
[I 2023-11-30 15:36:24,725] Trial 82 finished with value: 11.416295051574707 and parameters: {'gradient_clip_val': 0.6245895908682282, 'hidden_size': 42, 'dropout': 0.18556977457976093, 'hidden_continuous_size': 18, 'attention_head_size': 1, 'learning_rate': 0.06396322235253374}. Best is trial 79 with value: 10.011624336242676.
LOCAL_RANK: 0 - CUDA_VISIBLE_DEVICES: [0]
[I 2023-11-30 15:36:38,581] Trial 83 finished with value: 10.445423126220703 and parameters: {'gradient_clip_val': 0.7813170030232144, 'hidden_size': 52, 'dropout': 0.2315428835553884, 'hidden_continuous_size': 19, 'attention_head_size': 1, 'learning_rate': 0.057046557708747586}. Best is trial 79 with value: 10.011624336242676.
LOCAL_RANK: 0 - CUDA_VISIBLE_DEVICES: [0]
[I 2023-11-30 15:36:52,716] Trial 84 finished with value: 11.15800952911377 and parameters: {'gradient_clip_val': 0.7834021838064317, 'hidden_size': 53, 'dropout': 0.23166831735993723, 'hidden_continuous_size': 19, 'attention_head_size': 1, 'learning_rate': 0.060578463027478505}. Best is trial 79 with value: 10.011624336242676.
LOCAL_RANK: 0 - CUDA_VISIBLE_DEVICES: [0]
[I 2023-11-30 15:37:06,545] Trial 85 finished with value: 10.762198448181152 and parameters: {'gradient_clip_val': 0.8446017559177744, 'hidden_size': 47, 'dropout': 0.24482061639888056, 'hidden_continuous_size': 16, 'attention_head_size': 1, 'learning_rate': 0.050458682384941216}. Best is trial 79 with value: 10.011624336242676.
LOCAL_RANK: 0 - CUDA_VISIBLE_DEVICES: [0]
[I 2023-11-30 15:37:20,491] Trial 86 finished with value: 11.2526216506958 and parameters: {'gradient_clip_val': 0.6986651282112111, 'hidden_size': 66, 'dropout': 0.21988208110455632, 'hidden_continuous_size': 15, 'attention_head_size': 1, 'learning_rate': 0.054573795521024517}. Best is trial 79 with value: 10.011624336242676.
LOCAL_RANK: 0 - CUDA_VISIBLE_DEVICES: [0]
[I 2023-11-30 15:37:34,723] Trial 87 finished with value: 11.004103660583496 and parameters: {'gradient_clip_val': 0.8775373452092601, 'hidden_size': 60, 'dropout': 0.22930460805783345, 'hidden_continuous_size': 17, 'attention_head_size': 1, 'learning_rate': 0.06924774434954355}. Best is trial 79 with value: 10.011624336242676.
LOCAL_RANK: 0 - CUDA_VISIBLE_DEVICES: [0]
[I 2023-11-30 15:37:48,469] Trial 88 finished with value: 11.288763999938965 and parameters: {'gradient_clip_val': 0.7405050790099775, 'hidden_size': 44, 'dropout': 0.2096082539145723, 'hidden_continuous_size': 19, 'attention_head_size': 1, 'learning_rate': 0.043427212352530914}. Best is trial 79 with value: 10.011624336242676.
LOCAL_RANK: 0 - CUDA_VISIBLE_DEVICES: [0]
[I 2023-11-30 15:38:02,179] Trial 89 finished with value: 10.78777027130127 and parameters: {'gradient_clip_val': 0.9422041113333423, 'hidden_size': 37, 'dropout': 0.23912532722843882, 'hidden_continuous_size': 18, 'attention_head_size': 1, 'learning_rate': 0.08531981231525931}. Best is trial 79 with value: 10.011624336242676.
LOCAL_RANK: 0 - CUDA_VISIBLE_DEVICES: [0]
[I 2023-11-30 15:38:15,675] Trial 90 finished with value: 10.785137176513672 and parameters: {'gradient_clip_val': 0.6710588118410461, 'hidden_size': 41, 'dropout': 0.2553861331736079, 'hidden_continuous_size': 19, 'attention_head_size': 1, 'learning_rate': 0.061741596754260324}. Best is trial 79 with value: 10.011624336242676.
LOCAL_RANK: 0 - CUDA_VISIBLE_DEVICES: [0]
[I 2023-11-30 15:38:29,066] Trial 91 finished with value: 11.235112190246582 and parameters: {'gradient_clip_val': 0.5671213056710499, 'hidden_size': 48, 'dropout': 0.19815840136837204, 'hidden_continuous_size': 21, 'attention_head_size': 1, 'learning_rate': 0.03575349935512441}. Best is trial 79 with value: 10.011624336242676.
LOCAL_RANK: 0 - CUDA_VISIBLE_DEVICES: [0]
[I 2023-11-30 15:38:42,951] Trial 92 finished with value: 10.635527610778809 and parameters: {'gradient_clip_val': 0.6107305636764266, 'hidden_size': 51, 'dropout': 0.22203768448364167, 'hidden_continuous_size': 16, 'attention_head_size': 1, 'learning_rate': 0.02337800801696595}. Best is trial 79 with value: 10.011624336242676.
LOCAL_RANK: 0 - CUDA_VISIBLE_DEVICES: [0]
