[I 2023-11-30 06:43:51,696] Trial 6 finished with value: 21.06757926940918 and parameters: {'gradient_clip_val': 0.9235997865724933, 'hidden_size': 10, 'dropout': 0.24900145186091918, 'hidden_continuous_size': 10, 'attention_head_size': 1, 'learning_rate': 0.0029072268953072673}. Best is trial 5 with value: 5.640901565551758.
LOCAL_RANK: 0 - CUDA_VISIBLE_DEVICES: [0]
[I 2023-11-30 06:44:05,723] Trial 7 finished with value: 7.551225662231445 and parameters: {'gradient_clip_val': 0.3121338593571558, 'hidden_size': 112, 'dropout': 0.1902619289548581, 'hidden_continuous_size': 61, 'attention_head_size': 3, 'learning_rate': 0.05980787834605884}. Best is trial 5 with value: 5.640901565551758.
LOCAL_RANK: 0 - CUDA_VISIBLE_DEVICES: [0]
[I 2023-11-30 06:44:19,300] Trial 8 finished with value: 5.892768383026123 and parameters: {'gradient_clip_val': 0.18977844539063574, 'hidden_size': 69, 'dropout': 0.2578045392510362, 'hidden_continuous_size': 17, 'attention_head_size': 3, 'learning_rate': 0.08221517685742555}. Best is trial 5 with value: 5.640901565551758.
LOCAL_RANK: 0 - CUDA_VISIBLE_DEVICES: [0]
[I 2023-11-30 06:44:31,802] Trial 9 finished with value: 5.626794338226318 and parameters: {'gradient_clip_val': 0.3746672314723779, 'hidden_size': 23, 'dropout': 0.3341045590010189, 'hidden_continuous_size': 12, 'attention_head_size': 4, 'learning_rate': 0.07339841352905123}. Best is trial 9 with value: 5.626794338226318.
LOCAL_RANK: 0 - CUDA_VISIBLE_DEVICES: [0]
[I 2023-11-30 06:44:45,032] Trial 10 finished with value: 6.613198757171631 and parameters: {'gradient_clip_val': 0.42091309410592564, 'hidden_size': 52, 'dropout': 0.1349388898083499, 'hidden_continuous_size': 14, 'attention_head_size': 4, 'learning_rate': 0.00961556260947361}. Best is trial 9 with value: 5.626794338226318.
LOCAL_RANK: 0 - CUDA_VISIBLE_DEVICES: [0]
[I 2023-11-30 06:44:57,537] Trial 11 finished with value: 6.36834716796875 and parameters: {'gradient_clip_val': 0.9749714513193991, 'hidden_size': 18, 'dropout': 0.36135305569729953, 'hidden_continuous_size': 11, 'attention_head_size': 4, 'learning_rate': 0.09042392645153088}. Best is trial 9 with value: 5.626794338226318.
LOCAL_RANK: 0 - CUDA_VISIBLE_DEVICES: [0]
[I 2023-11-30 06:45:09,899] Trial 12 finished with value: 5.912643909454346 and parameters: {'gradient_clip_val': 0.6125522852741976, 'hidden_size': 17, 'dropout': 0.3299339379498573, 'hidden_continuous_size': 12, 'attention_head_size': 3, 'learning_rate': 0.046109785333065964}. Best is trial 9 with value: 5.626794338226318.
LOCAL_RANK: 0 - CUDA_VISIBLE_DEVICES: [0]
[I 2023-11-30 06:45:22,338] Trial 13 finished with value: 7.775779724121094 and parameters: {'gradient_clip_val': 0.38132381921154507, 'hidden_size': 14, 'dropout': 0.20364584033743066, 'hidden_continuous_size': 11, 'attention_head_size': 4, 'learning_rate': 0.039461413275480896}. Best is trial 9 with value: 5.626794338226318.
LOCAL_RANK: 0 - CUDA_VISIBLE_DEVICES: [0]
[I 2023-11-30 06:45:34,723] Trial 14 finished with value: 8.23115348815918 and parameters: {'gradient_clip_val': 0.5861200335163625, 'hidden_size': 24, 'dropout': 0.3456682726443584, 'hidden_continuous_size': 13, 'attention_head_size': 4, 'learning_rate': 0.09378909853558101}. Best is trial 9 with value: 5.626794338226318.
LOCAL_RANK: 0 - CUDA_VISIBLE_DEVICES: [0]
[I 2023-11-30 06:45:47,755] Trial 15 finished with value: 6.367783069610596 and parameters: {'gradient_clip_val': 0.7116773941507892, 'hidden_size': 39, 'dropout': 0.39900761683969854, 'hidden_continuous_size': 14, 'attention_head_size': 3, 'learning_rate': 0.04649827646308712}. Best is trial 9 with value: 5.626794338226318.
LOCAL_RANK: 0 - CUDA_VISIBLE_DEVICES: [0]
[I 2023-11-30 06:46:00,055] Trial 16 finished with value: 14.688613891601562 and parameters: {'gradient_clip_val': 0.10039626418493836, 'hidden_size': 14, 'dropout': 0.3030791470567521, 'hidden_continuous_size': 11, 'attention_head_size': 4, 'learning_rate': 0.011002608208157004}. Best is trial 9 with value: 5.626794338226318.
LOCAL_RANK: 0 - CUDA_VISIBLE_DEVICES: [0]
[I 2023-11-30 06:46:12,799] Trial 17 finished with value: 6.247955799102783 and parameters: {'gradient_clip_val': 0.43731468064112444, 'hidden_size': 40, 'dropout': 0.16553285310887378, 'hidden_continuous_size': 15, 'attention_head_size': 3, 'learning_rate': 0.09756403659017542}. Best is trial 9 with value: 5.626794338226318.
LOCAL_RANK: 0 - CUDA_VISIBLE_DEVICES: [0]
[I 2023-11-30 06:46:25,158] Trial 18 finished with value: 7.254171848297119 and parameters: {'gradient_clip_val': 0.7626676382033196, 'hidden_size': 23, 'dropout': 0.10652139302579212, 'hidden_continuous_size': 12, 'attention_head_size': 4, 'learning_rate': 0.033264094797778046}. Best is trial 9 with value: 5.626794338226318.
LOCAL_RANK: 0 - CUDA_VISIBLE_DEVICES: [0]
[I 2023-11-30 06:46:37,573] Trial 19 finished with value: 7.3143086433410645 and parameters: {'gradient_clip_val': 0.3137343540696011, 'hidden_size': 13, 'dropout': 0.2752291510717359, 'hidden_continuous_size': 10, 'attention_head_size': 3, 'learning_rate': 0.05155870158388159}. Best is trial 9 with value: 5.626794338226318.
LOCAL_RANK: 0 - CUDA_VISIBLE_DEVICES: [0]
[I 2023-11-30 06:46:50,036] Trial 20 finished with value: 6.090986728668213 and parameters: {'gradient_clip_val': 0.4869854282035573, 'hidden_size': 18, 'dropout': 0.23014152829274828, 'hidden_continuous_size': 12, 'attention_head_size': 4, 'learning_rate': 0.06349880216409162}. Best is trial 9 with value: 5.626794338226318.
LOCAL_RANK: 0 - CUDA_VISIBLE_DEVICES: [0]
[I 2023-11-30 06:47:03,429] Trial 21 finished with value: 5.628875732421875 and parameters: {'gradient_clip_val': 0.23221033040050637, 'hidden_size': 65, 'dropout': 0.26714382597032793, 'hidden_continuous_size': 16, 'attention_head_size': 3, 'learning_rate': 0.0699342993766485}. Best is trial 9 with value: 5.626794338226318.
LOCAL_RANK: 0 - CUDA_VISIBLE_DEVICES: [0]
[I 2023-11-30 06:47:17,547] Trial 22 finished with value: 7.348918437957764 and parameters: {'gradient_clip_val': 0.2477343875352177, 'hidden_size': 144, 'dropout': 0.3144223484316342, 'hidden_continuous_size': 26, 'attention_head_size': 3, 'learning_rate': 0.05823469032125739}. Best is trial 9 with value: 5.626794338226318.
LOCAL_RANK: 0 - CUDA_VISIBLE_DEVICES: [0]
[I 2023-11-30 06:47:30,740] Trial 23 finished with value: 5.66006326675415 and parameters: {'gradient_clip_val': 0.3724251319237402, 'hidden_size': 50, 'dropout': 0.26579242945144, 'hidden_continuous_size': 16, 'attention_head_size': 4, 'learning_rate': 0.03464659669287145}. Best is trial 9 with value: 5.626794338226318.
LOCAL_RANK: 0 - CUDA_VISIBLE_DEVICES: [0]
[I 2023-11-30 06:47:43,455] Trial 24 finished with value: 5.537569522857666 and parameters: {'gradient_clip_val': 0.7228336605196594, 'hidden_size': 30, 'dropout': 0.22408507333205596, 'hidden_continuous_size': 13, 'attention_head_size': 2, 'learning_rate': 0.06819562417000445}. Best is trial 24 with value: 5.537569522857666.
LOCAL_RANK: 0 - CUDA_VISIBLE_DEVICES: [0]
[I 2023-11-30 06:47:55,901] Trial 25 finished with value: 7.237069606781006 and parameters: {'gradient_clip_val': 0.6112136209618831, 'hidden_size': 32, 'dropout': 0.2882715929519716, 'hidden_continuous_size': 14, 'attention_head_size': 2, 'learning_rate': 0.09749503237613914}. Best is trial 24 with value: 5.537569522857666.
LOCAL_RANK: 0 - CUDA_VISIBLE_DEVICES: [0]
[I 2023-11-30 06:48:08,842] Trial 26 finished with value: 6.580594539642334 and parameters: {'gradient_clip_val': 0.7052548286830699, 'hidden_size': 50, 'dropout': 0.2481105550356033, 'hidden_continuous_size': 17, 'attention_head_size': 2, 'learning_rate': 0.06697935827787682}. Best is trial 24 with value: 5.537569522857666.
LOCAL_RANK: 0 - CUDA_VISIBLE_DEVICES: [0]
[I 2023-11-30 06:48:21,024] Trial 27 finished with value: 6.301239013671875 and parameters: {'gradient_clip_val': 0.2587356829677451, 'hidden_size': 28, 'dropout': 0.2702281359902693, 'hidden_continuous_size': 13, 'attention_head_size': 1, 'learning_rate': 0.03138817164291575}. Best is trial 24 with value: 5.537569522857666.
LOCAL_RANK: 0 - CUDA_VISIBLE_DEVICES: [0]
[I 2023-11-30 06:48:34,183] Trial 28 finished with value: 6.074777126312256 and parameters: {'gradient_clip_val': 0.3535212072890739, 'hidden_size': 64, 'dropout': 0.34579075405507115, 'hidden_continuous_size': 16, 'attention_head_size': 2, 'learning_rate': 0.048247141571058895}. Best is trial 24 with value: 5.537569522857666.
LOCAL_RANK: 0 - CUDA_VISIBLE_DEVICES: [0]
[I 2023-11-30 06:48:46,681] Trial 29 finished with value: 6.0120673179626465 and parameters: {'gradient_clip_val': 0.5118802395141182, 'hidden_size': 22, 'dropout': 0.28517529967076105, 'hidden_continuous_size': 13, 'attention_head_size': 2, 'learning_rate': 0.0710633333917213}. Best is trial 24 with value: 5.537569522857666.
LOCAL_RANK: 0 - CUDA_VISIBLE_DEVICES: [0]
[I 2023-11-30 06:48:59,448] Trial 30 finished with value: 6.444115161895752 and parameters: {'gradient_clip_val': 0.19932941828444473, 'hidden_size': 40, 'dropout': 0.3016051230363978, 'hidden_continuous_size': 18, 'attention_head_size': 3, 'learning_rate': 0.04644278359262376}. Best is trial 24 with value: 5.537569522857666.
LOCAL_RANK: 0 - CUDA_VISIBLE_DEVICES: [0]
[I 2023-11-30 06:49:11,743] Trial 31 finished with value: 5.922349452972412 and parameters: {'gradient_clip_val': 0.8269597900333109, 'hidden_size': 28, 'dropout': 0.21849785082398518, 'hidden_continuous_size': 12, 'attention_head_size': 4, 'learning_rate': 0.07057321920894667}. Best is trial 24 with value: 5.537569522857666.
LOCAL_RANK: 0 - CUDA_VISIBLE_DEVICES: [0]
[I 2023-11-30 06:49:24,134] Trial 32 finished with value: 6.388302326202393 and parameters: {'gradient_clip_val': 0.8423877318876003, 'hidden_size': 20, 'dropout': 0.20016566632934818, 'hidden_continuous_size': 13, 'attention_head_size': 4, 'learning_rate': 0.08306308784493102}. Best is trial 24 with value: 5.537569522857666.
LOCAL_RANK: 0 - CUDA_VISIBLE_DEVICES: [0]
[I 2023-11-30 06:49:34,576] Trial 33 finished with value: 9.28225040435791 and parameters: {'gradient_clip_val': 0.6769802180189924, 'hidden_size': 10, 'dropout': 0.23912623403692765, 'hidden_continuous_size': 10, 'attention_head_size': 1, 'learning_rate': 0.026379397662974407}. Best is trial 24 with value: 5.537569522857666.
LOCAL_RANK: 0 - CUDA_VISIBLE_DEVICES: [0]
[I 2023-11-30 06:49:47,067] Trial 34 finished with value: 5.877980709075928 and parameters: {'gradient_clip_val': 0.8635269440925807, 'hidden_size': 25, 'dropout': 0.22530588644686275, 'hidden_continuous_size': 11, 'attention_head_size': 3, 'learning_rate': 0.06766412238290115}. Best is trial 24 with value: 5.537569522857666.
LOCAL_RANK: 0 - CUDA_VISIBLE_DEVICES: [0]
[I 2023-11-30 06:49:59,655] Trial 35 finished with value: 5.631208419799805 and parameters: {'gradient_clip_val': 0.7514600572556104, 'hidden_size': 32, 'dropout': 0.2622075984437634, 'hidden_continuous_size': 15, 'attention_head_size': 2, 'learning_rate': 0.04098888771061595}. Best is trial 24 with value: 5.537569522857666.
LOCAL_RANK: 0 - CUDA_VISIBLE_DEVICES: [0]
[I 2023-11-30 06:50:12,464] Trial 36 finished with value: 6.532145023345947 and parameters: {'gradient_clip_val': 0.495601354216435, 'hidden_size': 33, 'dropout': 0.2561735703045826, 'hidden_continuous_size': 15, 'attention_head_size': 2, 'learning_rate': 0.03955671434108658}. Best is trial 24 with value: 5.537569522857666.
LOCAL_RANK: 0 - CUDA_VISIBLE_DEVICES: [0]
[I 2023-11-30 06:50:25,209] Trial 37 finished with value: 6.400553226470947 and parameters: {'gradient_clip_val': 0.5855383463259879, 'hidden_size': 34, 'dropout': 0.2817533993838152, 'hidden_continuous_size': 15, 'attention_head_size': 2, 'learning_rate': 0.01778504908416873}. Best is trial 24 with value: 5.537569522857666.
LOCAL_RANK: 0 - CUDA_VISIBLE_DEVICES: [0]
[I 2023-11-30 06:50:37,648] Trial 38 finished with value: 5.853433132171631 and parameters: {'gradient_clip_val': 0.925569751368477, 'hidden_size': 27, 'dropout': 0.23997191553411226, 'hidden_continuous_size': 14, 'attention_head_size': 1, 'learning_rate': 0.054556928782253704}. Best is trial 24 with value: 5.537569522857666.
LOCAL_RANK: 0 - CUDA_VISIBLE_DEVICES: [0]
[I 2023-11-30 06:50:50,442] Trial 39 finished with value: 7.106830596923828 and parameters: {'gradient_clip_val': 0.2841937868841191, 'hidden_size': 44, 'dropout': 0.2685823362663441, 'hidden_continuous_size': 18, 'attention_head_size': 2, 'learning_rate': 0.02654454122953408}. Best is trial 24 with value: 5.537569522857666.
LOCAL_RANK: 0 - CUDA_VISIBLE_DEVICES: [0]
[I 2023-11-30 06:51:03,457] Trial 40 finished with value: 5.515865802764893 and parameters: {'gradient_clip_val': 0.41916470452980575, 'hidden_size': 35, 'dropout': 0.29596492707743344, 'hidden_continuous_size': 16, 'attention_head_size': 2, 'learning_rate': 0.08125448750643359}. Best is trial 40 with value: 5.515865802764893.
LOCAL_RANK: 0 - CUDA_VISIBLE_DEVICES: [0]
[I 2023-11-30 06:51:16,131] Trial 41 finished with value: 6.27052640914917 and parameters: {'gradient_clip_val': 0.44489585626833145, 'hidden_size': 30, 'dropout': 0.30478118767353257, 'hidden_continuous_size': 16, 'attention_head_size': 2, 'learning_rate': 0.07674535688351575}. Best is trial 40 with value: 5.515865802764893.
LOCAL_RANK: 0 - CUDA_VISIBLE_DEVICES: [0]
[I 2023-11-30 06:51:28,752] Trial 42 finished with value: 5.905189037322998 and parameters: {'gradient_clip_val': 0.33941009058401644, 'hidden_size': 34, 'dropout': 0.29303449734566084, 'hidden_continuous_size': 19, 'attention_head_size': 2, 'learning_rate': 0.05793057841693147}. Best is trial 40 with value: 5.515865802764893.
LOCAL_RANK: 0 - CUDA_VISIBLE_DEVICES: [0]
[I 2023-11-30 06:51:41,196] Trial 43 finished with value: 6.289535999298096 and parameters: {'gradient_clip_val': 0.4090690427356271, 'hidden_size': 26, 'dropout': 0.25349741998016173, 'hidden_continuous_size': 15, 'attention_head_size': 2, 'learning_rate': 0.08156133679463072}. Best is trial 40 with value: 5.515865802764893.
LOCAL_RANK: 0 - CUDA_VISIBLE_DEVICES: [0]
[I 2023-11-30 06:51:54,035] Trial 44 finished with value: 6.667270183563232 and parameters: {'gradient_clip_val': 0.22015322655733827, 'hidden_size': 37, 'dropout': 0.3254468828483688, 'hidden_continuous_size': 17, 'attention_head_size': 2, 'learning_rate': 0.04098762161617847}. Best is trial 40 with value: 5.515865802764893.
LOCAL_RANK: 0 - CUDA_VISIBLE_DEVICES: [0]
[I 2023-11-30 06:52:06,542] Trial 45 finished with value: 5.820897579193115 and parameters: {'gradient_clip_val': 0.2933960220294598, 'hidden_size': 30, 'dropout': 0.27762187712002295, 'hidden_continuous_size': 14, 'attention_head_size': 1, 'learning_rate': 0.056893883085787494}. Best is trial 40 with value: 5.515865802764893.
LOCAL_RANK: 0 - CUDA_VISIBLE_DEVICES: [0]
[I 2023-11-30 06:52:18,827] Trial 46 finished with value: 6.420270919799805 and parameters: {'gradient_clip_val': 0.9928956271480835, 'hidden_size': 21, 'dropout': 0.24053844796969887, 'hidden_continuous_size': 15, 'attention_head_size': 2, 'learning_rate': 0.07708790865220219}. Best is trial 40 with value: 5.515865802764893.
LOCAL_RANK: 0 - CUDA_VISIBLE_DEVICES: [0]
[I 2023-11-30 06:52:32,243] Trial 47 finished with value: 6.8149895668029785 and parameters: {'gradient_clip_val': 0.5500572368842308, 'hidden_size': 61, 'dropout': 0.25958099465137285, 'hidden_continuous_size': 21, 'attention_head_size': 3, 'learning_rate': 0.0983220530560919}. Best is trial 40 with value: 5.515865802764893.
LOCAL_RANK: 0 - CUDA_VISIBLE_DEVICES: [0]
[I 2023-11-30 06:52:45,794] Trial 48 finished with value: 6.7967400550842285 and parameters: {'gradient_clip_val': 0.66766940734811, 'hidden_size': 74, 'dropout': 0.31510300800419416, 'hidden_continuous_size': 21, 'attention_head_size': 2, 'learning_rate': 0.05168928979036808}. Best is trial 40 with value: 5.515865802764893.
LOCAL_RANK: 0 - CUDA_VISIBLE_DEVICES: [0]
[I 2023-11-30 06:52:58,679] Trial 49 finished with value: 6.370289325714111 and parameters: {'gradient_clip_val': 0.3937342530432179, 'hidden_size': 45, 'dropout': 0.29801324685343644, 'hidden_continuous_size': 11, 'attention_head_size': 3, 'learning_rate': 0.0776207642568328}. Best is trial 40 with value: 5.515865802764893.
LOCAL_RANK: 0 - CUDA_VISIBLE_DEVICES: [0]
[I 2023-11-30 06:53:11,097] Trial 50 finished with value: 6.490972995758057 and parameters: {'gradient_clip_val': 0.45262957427111344, 'hidden_size': 24, 'dropout': 0.21454787008684928, 'hidden_continuous_size': 16, 'attention_head_size': 2, 'learning_rate': 0.09960881395692875}. Best is trial 40 with value: 5.515865802764893.
LOCAL_RANK: 0 - CUDA_VISIBLE_DEVICES: [0]
[I 2023-11-30 06:53:23,293] Trial 51 finished with value: 6.414634704589844 and parameters: {'gradient_clip_val': 0.7769275842696232, 'hidden_size': 16, 'dropout': 0.18314375373474873, 'hidden_continuous_size': 12, 'attention_head_size': 4, 'learning_rate': 0.0656229493665138}. Best is trial 40 with value: 5.515865802764893.
LOCAL_RANK: 0 - CUDA_VISIBLE_DEVICES: [0]
[I 2023-11-30 06:53:36,017] Trial 52 finished with value: 6.5973944664001465 and parameters: {'gradient_clip_val': 0.7508981722543147, 'hidden_size': 37, 'dropout': 0.22991372174001878, 'hidden_continuous_size': 13, 'attention_head_size': 4, 'learning_rate': 0.059475109182387256}. Best is trial 40 with value: 5.515865802764893.
LOCAL_RANK: 0 - CUDA_VISIBLE_DEVICES: [0]
[I 2023-11-30 06:53:48,298] Trial 53 finished with value: 5.695128917694092 and parameters: {'gradient_clip_val': 0.658158597063523, 'hidden_size': 20, 'dropout': 0.26176998316711186, 'hidden_continuous_size': 12, 'attention_head_size': 4, 'learning_rate': 0.04138613005239395}. Best is trial 40 with value: 5.515865802764893.
LOCAL_RANK: 0 - CUDA_VISIBLE_DEVICES: [0]
[I 2023-11-30 06:54:00,756] Trial 54 finished with value: 5.609846591949463 and parameters: {'gradient_clip_val': 0.786051060596313, 'hidden_size': 25, 'dropout': 0.24300838415482723, 'hidden_continuous_size': 14, 'attention_head_size': 3, 'learning_rate': 0.04865128021125576}. Best is trial 40 with value: 5.515865802764893.
LOCAL_RANK: 0 - CUDA_VISIBLE_DEVICES: [0]
[I 2023-11-30 06:54:13,404] Trial 55 finished with value: 5.788992404937744 and parameters: {'gradient_clip_val': 0.5649649363848787, 'hidden_size': 25, 'dropout': 0.24813041085986937, 'hidden_continuous_size': 14, 'attention_head_size': 3, 'learning_rate': 0.04836145572575292}. Best is trial 40 with value: 5.515865802764893.
LOCAL_RANK: 0 - CUDA_VISIBLE_DEVICES: [0]
[I 2023-11-30 06:54:26,048] Trial 56 finished with value: 6.140684604644775 and parameters: {'gradient_clip_val': 0.6339649869264825, 'hidden_size': 30, 'dropout': 0.2773717011807004, 'hidden_continuous_size': 15, 'attention_head_size': 3, 'learning_rate': 0.08162319995517421}. Best is trial 40 with value: 5.515865802764893.
LOCAL_RANK: 0 - CUDA_VISIBLE_DEVICES: [0]
[I 2023-11-30 06:54:38,239] Trial 57 finished with value: 6.222982406616211 and parameters: {'gradient_clip_val': 0.9039875320440383, 'hidden_size': 24, 'dropout': 0.2909575117934628, 'hidden_continuous_size': 16, 'attention_head_size': 3, 'learning_rate': 0.03187966236031982}. Best is trial 40 with value: 5.515865802764893.
LOCAL_RANK: 0 - CUDA_VISIBLE_DEVICES: [0]
[I 2023-11-30 06:54:50,713] Trial 58 finished with value: 5.815173625946045 and parameters: {'gradient_clip_val': 0.7571562121321183, 'hidden_size': 22, 'dropout': 0.26740013140020796, 'hidden_continuous_size': 14, 'attention_head_size': 3, 'learning_rate': 0.06443071699922688}. Best is trial 40 with value: 5.515865802764893.
LOCAL_RANK: 0 - CUDA_VISIBLE_DEVICES: [0]
[I 2023-11-30 06:55:03,292] Trial 59 finished with value: 5.4813995361328125 and parameters: {'gradient_clip_val': 0.5287223131639249, 'hidden_size': 27, 'dropout': 0.2465778366424402, 'hidden_continuous_size': 17, 'attention_head_size': 2, 'learning_rate': 0.03648878831336763}. Best is trial 59 with value: 5.4813995361328125.
LOCAL_RANK: 0 - CUDA_VISIBLE_DEVICES: [0]
[I 2023-11-30 06:55:15,848] Trial 60 finished with value: 5.557549953460693 and parameters: {'gradient_clip_val': 0.5421792249125649, 'hidden_size': 19, 'dropout': 0.24896264656250983, 'hidden_continuous_size': 17, 'attention_head_size': 2, 'learning_rate': 0.0854601051450724}. Best is trial 59 with value: 5.4813995361328125.
LOCAL_RANK: 0 - CUDA_VISIBLE_DEVICES: [0]
[I 2023-11-30 06:55:28,107] Trial 61 finished with value: 5.904943466186523 and parameters: {'gradient_clip_val': 0.5319341526979667, 'hidden_size': 19, 'dropout': 0.2485865708355201, 'hidden_continuous_size': 17, 'attention_head_size': 2, 'learning_rate': 0.08773166948846058}. Best is trial 59 with value: 5.4813995361328125.
LOCAL_RANK: 0 - CUDA_VISIBLE_DEVICES: [0]
[I 2023-11-30 06:55:40,382] Trial 62 finished with value: 5.415517330169678 and parameters: {'gradient_clip_val': 0.46850693656625264, 'hidden_size': 22, 'dropout': 0.23335472894751652, 'hidden_continuous_size': 17, 'attention_head_size': 2, 'learning_rate': 0.055152022026322}. Best is trial 62 with value: 5.415517330169678.
LOCAL_RANK: 0 - CUDA_VISIBLE_DEVICES: [0]
[I 2023-11-30 06:55:52,655] Trial 63 finished with value: 5.467100143432617 and parameters: {'gradient_clip_val': 0.4801756877375382, 'hidden_size': 22, 'dropout': 0.23341528670975759, 'hidden_continuous_size': 17, 'attention_head_size': 2, 'learning_rate': 0.05605794819247301}. Best is trial 62 with value: 5.415517330169678.
LOCAL_RANK: 0 - CUDA_VISIBLE_DEVICES: [0]
[I 2023-11-30 06:56:05,132] Trial 64 finished with value: 6.0070624351501465 and parameters: {'gradient_clip_val': 0.46609911107169094, 'hidden_size': 17, 'dropout': 0.2322036130937601, 'hidden_continuous_size': 16, 'attention_head_size': 2, 'learning_rate': 0.054743591697864226}. Best is trial 62 with value: 5.415517330169678.
LOCAL_RANK: 0 - CUDA_VISIBLE_DEVICES: [0]
