[I 2023-11-30 01:33:06,222] Trial 105 finished with value: 14.688212394714355 and parameters: {'gradient_clip_val': 0.12451763706541612, 'hidden_size': 137, 'dropout': 0.32993928759239377, 'hidden_continuous_size': 125, 'attention_head_size': 3, 'learning_rate': 0.012899663673732792}. Best is trial 80 with value: 12.620305061340332.
LOCAL_RANK: 0 - CUDA_VISIBLE_DEVICES: [0]
[I 2023-11-30 01:33:21,126] Trial 106 finished with value: 16.684457778930664 and parameters: {'gradient_clip_val': 0.16237803190682737, 'hidden_size': 150, 'dropout': 0.3441031201517525, 'hidden_continuous_size': 118, 'attention_head_size': 3, 'learning_rate': 0.022433383924937184}. Best is trial 80 with value: 12.620305061340332.
LOCAL_RANK: 0 - CUDA_VISIBLE_DEVICES: [0]
[I 2023-11-30 01:33:35,808] Trial 107 finished with value: 15.81634521484375 and parameters: {'gradient_clip_val': 0.17230179974357027, 'hidden_size': 121, 'dropout': 0.33482023353629337, 'hidden_continuous_size': 108, 'attention_head_size': 2, 'learning_rate': 0.0200282720001334}. Best is trial 80 with value: 12.620305061340332.
LOCAL_RANK: 0 - CUDA_VISIBLE_DEVICES: [0]
[I 2023-11-30 01:33:50,210] Trial 108 finished with value: 14.06890869140625 and parameters: {'gradient_clip_val': 0.18178334358384574, 'hidden_size': 100, 'dropout': 0.35037732024136503, 'hidden_continuous_size': 91, 'attention_head_size': 3, 'learning_rate': 0.014325785164624485}. Best is trial 80 with value: 12.620305061340332.
LOCAL_RANK: 0 - CUDA_VISIBLE_DEVICES: [0]
[I 2023-11-30 01:34:04,655] Trial 109 finished with value: 17.57231903076172 and parameters: {'gradient_clip_val': 0.15449492166979897, 'hidden_size': 114, 'dropout': 0.3074845783223922, 'hidden_continuous_size': 85, 'attention_head_size': 2, 'learning_rate': 0.016939206030362825}. Best is trial 80 with value: 12.620305061340332.
LOCAL_RANK: 0 - CUDA_VISIBLE_DEVICES: [0]
[I 2023-11-30 01:34:19,200] Trial 110 finished with value: 14.356719970703125 and parameters: {'gradient_clip_val': 0.13398385054423903, 'hidden_size': 124, 'dropout': 0.3227602114547575, 'hidden_continuous_size': 103, 'attention_head_size': 3, 'learning_rate': 0.009684182955639642}. Best is trial 80 with value: 12.620305061340332.
LOCAL_RANK: 0 - CUDA_VISIBLE_DEVICES: [0]
[I 2023-11-30 01:34:33,830] Trial 111 finished with value: 18.766815185546875 and parameters: {'gradient_clip_val': 0.1831922068376669, 'hidden_size': 97, 'dropout': 0.35093443568455956, 'hidden_continuous_size': 91, 'attention_head_size': 3, 'learning_rate': 0.015072671838493715}. Best is trial 80 with value: 12.620305061340332.
LOCAL_RANK: 0 - CUDA_VISIBLE_DEVICES: [0]
[I 2023-11-30 01:34:48,304] Trial 112 finished with value: 14.434314727783203 and parameters: {'gradient_clip_val': 0.17020981625846052, 'hidden_size': 107, 'dropout': 0.3602002719284232, 'hidden_continuous_size': 95, 'attention_head_size': 3, 'learning_rate': 0.011831727512408107}. Best is trial 80 with value: 12.620305061340332.
LOCAL_RANK: 0 - CUDA_VISIBLE_DEVICES: [0]
[I 2023-11-30 01:35:02,729] Trial 113 finished with value: 18.094419479370117 and parameters: {'gradient_clip_val': 0.14363860195568964, 'hidden_size': 99, 'dropout': 0.37323233273391593, 'hidden_continuous_size': 87, 'attention_head_size': 3, 'learning_rate': 0.014014368440440302}. Best is trial 80 with value: 12.620305061340332.
LOCAL_RANK: 0 - CUDA_VISIBLE_DEVICES: [0]
[I 2023-11-30 01:35:17,184] Trial 114 finished with value: 15.403595924377441 and parameters: {'gradient_clip_val': 0.20168965932725608, 'hidden_size': 106, 'dropout': 0.3402379375780596, 'hidden_continuous_size': 78, 'attention_head_size': 3, 'learning_rate': 0.01727280488881271}. Best is trial 80 with value: 12.620305061340332.
LOCAL_RANK: 0 - CUDA_VISIBLE_DEVICES: [0]
[I 2023-11-30 01:35:32,054] Trial 115 finished with value: 16.587467193603516 and parameters: {'gradient_clip_val': 0.18006910004049947, 'hidden_size': 139, 'dropout': 0.3551856433031766, 'hidden_continuous_size': 113, 'attention_head_size': 3, 'learning_rate': 0.011162246321823995}. Best is trial 80 with value: 12.620305061340332.
LOCAL_RANK: 0 - CUDA_VISIBLE_DEVICES: [0]
[I 2023-11-30 01:35:46,549] Trial 116 finished with value: 13.657233238220215 and parameters: {'gradient_clip_val': 0.19143428905859683, 'hidden_size': 93, 'dropout': 0.330968299695895, 'hidden_continuous_size': 89, 'attention_head_size': 3, 'learning_rate': 0.01990864974692273}. Best is trial 80 with value: 12.620305061340332.
LOCAL_RANK: 0 - CUDA_VISIBLE_DEVICES: [0]
[I 2023-11-30 01:36:01,011] Trial 117 finished with value: 15.675823211669922 and parameters: {'gradient_clip_val': 0.19118537702611865, 'hidden_size': 116, 'dropout': 0.32245482366228506, 'hidden_continuous_size': 99, 'attention_head_size': 3, 'learning_rate': 0.020419599539397273}. Best is trial 80 with value: 12.620305061340332.
LOCAL_RANK: 0 - CUDA_VISIBLE_DEVICES: [0]
[I 2023-11-30 01:36:15,278] Trial 118 finished with value: 15.291535377502441 and parameters: {'gradient_clip_val': 0.21126394944361454, 'hidden_size': 87, 'dropout': 0.36379407368792427, 'hidden_continuous_size': 80, 'attention_head_size': 2, 'learning_rate': 0.023613172094964257}. Best is trial 80 with value: 12.620305061340332.
LOCAL_RANK: 0 - CUDA_VISIBLE_DEVICES: [0]
[I 2023-11-30 01:36:29,499] Trial 119 finished with value: 14.452227592468262 and parameters: {'gradient_clip_val': 0.16088907094531027, 'hidden_size': 93, 'dropout': 0.31603424584937545, 'hidden_continuous_size': 84, 'attention_head_size': 3, 'learning_rate': 0.027757142009208053}. Best is trial 80 with value: 12.620305061340332.
LOCAL_RANK: 0 - CUDA_VISIBLE_DEVICES: [0]
[I 2023-11-30 01:36:44,071] Trial 120 finished with value: 13.119267463684082 and parameters: {'gradient_clip_val': 0.145784347972968, 'hidden_size': 131, 'dropout': 0.335015006326431, 'hidden_continuous_size': 73, 'attention_head_size': 3, 'learning_rate': 0.01936360267985814}. Best is trial 80 with value: 12.620305061340332.
LOCAL_RANK: 0 - CUDA_VISIBLE_DEVICES: [0]
[I 2023-11-30 01:36:58,550] Trial 121 finished with value: 14.226863861083984 and parameters: {'gradient_clip_val': 0.15117752405298063, 'hidden_size': 132, 'dropout': 0.3310134712103291, 'hidden_continuous_size': 79, 'attention_head_size': 3, 'learning_rate': 0.022374111717358123}. Best is trial 80 with value: 12.620305061340332.
LOCAL_RANK: 0 - CUDA_VISIBLE_DEVICES: [0]
[I 2023-11-30 01:37:13,112] Trial 122 finished with value: 16.64168357849121 and parameters: {'gradient_clip_val': 0.14468395332719194, 'hidden_size': 124, 'dropout': 0.338745938118871, 'hidden_continuous_size': 73, 'attention_head_size': 3, 'learning_rate': 0.01908154828500884}. Best is trial 80 with value: 12.620305061340332.
LOCAL_RANK: 0 - CUDA_VISIBLE_DEVICES: [0]
[I 2023-11-30 01:37:27,592] Trial 123 finished with value: 17.317127227783203 and parameters: {'gradient_clip_val': 0.16706063519716677, 'hidden_size': 110, 'dropout': 0.3344132060130688, 'hidden_continuous_size': 95, 'attention_head_size': 3, 'learning_rate': 0.027349439539897383}. Best is trial 80 with value: 12.620305061340332.
LOCAL_RANK: 0 - CUDA_VISIBLE_DEVICES: [0]
[I 2023-11-30 01:37:41,896] Trial 124 finished with value: 15.229171752929688 and parameters: {'gradient_clip_val': 0.13862208535891815, 'hidden_size': 120, 'dropout': 0.3455779239403244, 'hidden_continuous_size': 90, 'attention_head_size': 3, 'learning_rate': 0.016989309151137482}. Best is trial 80 with value: 12.620305061340332.
LOCAL_RANK: 0 - CUDA_VISIBLE_DEVICES: [0]
[I 2023-11-30 01:37:56,524] Trial 125 finished with value: 14.436488151550293 and parameters: {'gradient_clip_val': 0.1284603705709887, 'hidden_size': 131, 'dropout': 0.32811405673587946, 'hidden_continuous_size': 106, 'attention_head_size': 3, 'learning_rate': 0.012374138036310954}. Best is trial 80 with value: 12.620305061340332.
LOCAL_RANK: 0 - CUDA_VISIBLE_DEVICES: [0]
[I 2023-11-30 01:38:11,156] Trial 126 finished with value: 15.092053413391113 and parameters: {'gradient_clip_val': 0.11723220480671154, 'hidden_size': 142, 'dropout': 0.30301941845906216, 'hidden_continuous_size': 66, 'attention_head_size': 2, 'learning_rate': 0.01966349998387328}. Best is trial 80 with value: 12.620305061340332.
LOCAL_RANK: 0 - CUDA_VISIBLE_DEVICES: [0]
[I 2023-11-30 01:38:25,648] Trial 127 finished with value: 13.934013366699219 and parameters: {'gradient_clip_val': 0.15776203419127705, 'hidden_size': 104, 'dropout': 0.3412818047379661, 'hidden_continuous_size': 95, 'attention_head_size': 3, 'learning_rate': 0.008281280693179472}. Best is trial 80 with value: 12.620305061340332.
LOCAL_RANK: 0 - CUDA_VISIBLE_DEVICES: [0]
[I 2023-11-30 01:38:39,897] Trial 128 finished with value: 18.168214797973633 and parameters: {'gradient_clip_val': 0.1574683971006916, 'hidden_size': 104, 'dropout': 0.3560839903617174, 'hidden_continuous_size': 93, 'attention_head_size': 3, 'learning_rate': 0.008425370344494403}. Best is trial 80 with value: 12.620305061340332.
LOCAL_RANK: 0 - CUDA_VISIBLE_DEVICES: [0]
[I 2023-11-30 01:38:54,315] Trial 129 finished with value: 17.864273071289062 and parameters: {'gradient_clip_val': 0.14717328795625667, 'hidden_size': 94, 'dropout': 0.3667600765092435, 'hidden_continuous_size': 87, 'attention_head_size': 4, 'learning_rate': 0.0076260800182357666}. Best is trial 80 with value: 12.620305061340332.
LOCAL_RANK: 0 - CUDA_VISIBLE_DEVICES: [0]
[I 2023-11-30 01:39:08,851] Trial 130 finished with value: 16.540334701538086 and parameters: {'gradient_clip_val': 0.16873235005127352, 'hidden_size': 126, 'dropout': 0.3438334842792743, 'hidden_continuous_size': 74, 'attention_head_size': 3, 'learning_rate': 0.010364046989212552}. Best is trial 80 with value: 12.620305061340332.
LOCAL_RANK: 0 - CUDA_VISIBLE_DEVICES: [0]
[I 2023-11-30 01:39:23,366] Trial 131 finished with value: 16.371807098388672 and parameters: {'gradient_clip_val': 0.1770286120359609, 'hidden_size': 114, 'dropout': 0.33814064440511515, 'hidden_continuous_size': 100, 'attention_head_size': 3, 'learning_rate': 0.023247591983954784}. Best is trial 80 with value: 12.620305061340332.
LOCAL_RANK: 0 - CUDA_VISIBLE_DEVICES: [0]
[I 2023-11-30 01:39:38,068] Trial 132 finished with value: 14.08724594116211 and parameters: {'gradient_clip_val': 0.1619635818098716, 'hidden_size': 111, 'dropout': 0.3174418872178414, 'hidden_continuous_size': 83, 'attention_head_size': 3, 'learning_rate': 0.00905740604912775}. Best is trial 80 with value: 12.620305061340332.
LOCAL_RANK: 0 - CUDA_VISIBLE_DEVICES: [0]
[I 2023-11-30 01:39:52,642] Trial 133 finished with value: 15.328883171081543 and parameters: {'gradient_clip_val': 0.1907179759241425, 'hidden_size': 119, 'dropout': 0.32461066150693624, 'hidden_continuous_size': 107, 'attention_head_size': 3, 'learning_rate': 0.025461447836434434}. Best is trial 80 with value: 12.620305061340332.
LOCAL_RANK: 0 - CUDA_VISIBLE_DEVICES: [0]
[I 2023-11-30 01:40:07,093] Trial 134 finished with value: 16.244691848754883 and parameters: {'gradient_clip_val': 0.1539728483035864, 'hidden_size': 102, 'dropout': 0.3495759781323301, 'hidden_continuous_size': 95, 'attention_head_size': 3, 'learning_rate': 0.015289758175189126}. Best is trial 80 with value: 12.620305061340332.
LOCAL_RANK: 0 - CUDA_VISIBLE_DEVICES: [0]
[I 2023-11-30 01:40:21,426] Trial 135 finished with value: 16.069570541381836 and parameters: {'gradient_clip_val': 0.19906380285087996, 'hidden_size': 82, 'dropout': 0.3334266949326791, 'hidden_continuous_size': 78, 'attention_head_size': 3, 'learning_rate': 0.022105614588233343}. Best is trial 80 with value: 12.620305061340332.
LOCAL_RANK: 0 - CUDA_VISIBLE_DEVICES: [0]
[I 2023-11-30 01:40:36,150] Trial 136 finished with value: 14.484137535095215 and parameters: {'gradient_clip_val': 0.22729362098126332, 'hidden_size': 136, 'dropout': 0.3584812546477834, 'hidden_continuous_size': 122, 'attention_head_size': 3, 'learning_rate': 0.008056121812725607}. Best is trial 80 with value: 12.620305061340332.
LOCAL_RANK: 0 - CUDA_VISIBLE_DEVICES: [0]
[I 2023-11-30 01:40:50,672] Trial 137 finished with value: 17.88389015197754 and parameters: {'gradient_clip_val': 0.13358668387401318, 'hidden_size': 106, 'dropout': 0.37606995116656056, 'hidden_continuous_size': 100, 'attention_head_size': 2, 'learning_rate': 0.013277905838263873}. Best is trial 80 with value: 12.620305061340332.
LOCAL_RANK: 0 - CUDA_VISIBLE_DEVICES: [0]
[I 2023-11-30 01:41:05,159] Trial 138 finished with value: 15.617049217224121 and parameters: {'gradient_clip_val': 0.1699387471410554, 'hidden_size': 128, 'dropout': 0.34328482947073546, 'hidden_continuous_size': 113, 'attention_head_size': 3, 'learning_rate': 0.00971865528898052}. Best is trial 80 with value: 12.620305061340332.
LOCAL_RANK: 0 - CUDA_VISIBLE_DEVICES: [0]
[I 2023-11-30 01:41:19,606] Trial 139 finished with value: 15.791812896728516 and parameters: {'gradient_clip_val': 0.20838757648058415, 'hidden_size': 116, 'dropout': 0.30856042039613246, 'hidden_continuous_size': 89, 'attention_head_size': 3, 'learning_rate': 0.01758090820092105}. Best is trial 80 with value: 12.620305061340332.
LOCAL_RANK: 0 - CUDA_VISIBLE_DEVICES: [0]
[I 2023-11-30 01:41:33,825] Trial 140 finished with value: 18.035362243652344 and parameters: {'gradient_clip_val': 0.1774768355175223, 'hidden_size': 88, 'dropout': 0.33047639425337905, 'hidden_continuous_size': 82, 'attention_head_size': 3, 'learning_rate': 0.011324992718423632}. Best is trial 80 with value: 12.620305061340332.
LOCAL_RANK: 0 - CUDA_VISIBLE_DEVICES: [0]
[I 2023-11-30 01:41:48,295] Trial 141 finished with value: 13.861404418945312 and parameters: {'gradient_clip_val': 0.18358059493692558, 'hidden_size': 99, 'dropout': 0.3517474958192088, 'hidden_continuous_size': 91, 'attention_head_size': 3, 'learning_rate': 0.014447629680363182}. Best is trial 80 with value: 12.620305061340332.
LOCAL_RANK: 0 - CUDA_VISIBLE_DEVICES: [0]
[I 2023-11-30 01:42:02,919] Trial 142 finished with value: 18.214296340942383 and parameters: {'gradient_clip_val': 0.19194611896307967, 'hidden_size': 98, 'dropout': 0.35218408760918374, 'hidden_continuous_size': 91, 'attention_head_size': 3, 'learning_rate': 0.0162363477031148}. Best is trial 80 with value: 12.620305061340332.
LOCAL_RANK: 0 - CUDA_VISIBLE_DEVICES: [0]
[I 2023-11-30 01:42:17,425] Trial 143 finished with value: 15.829363822937012 and parameters: {'gradient_clip_val': 0.16238664757514354, 'hidden_size': 110, 'dropout': 0.36779572022012974, 'hidden_continuous_size': 102, 'attention_head_size': 3, 'learning_rate': 0.012159451252360757}. Best is trial 80 with value: 12.620305061340332.
LOCAL_RANK: 0 - CUDA_VISIBLE_DEVICES: [0]
[I 2023-11-30 01:42:31,819] Trial 144 finished with value: 17.29786491394043 and parameters: {'gradient_clip_val': 0.18154690855938377, 'hidden_size': 93, 'dropout': 0.34737799459280116, 'hidden_continuous_size': 87, 'attention_head_size': 3, 'learning_rate': 0.018476842851800793}. Best is trial 80 with value: 12.620305061340332.
LOCAL_RANK: 0 - CUDA_VISIBLE_DEVICES: [0]
[I 2023-11-30 01:42:46,343] Trial 145 finished with value: 17.097930908203125 and parameters: {'gradient_clip_val': 0.14725073728699162, 'hidden_size': 105, 'dropout': 0.3376696878231956, 'hidden_continuous_size': 96, 'attention_head_size': 3, 'learning_rate': 0.01070727337329086}. Best is trial 80 with value: 12.620305061340332.
LOCAL_RANK: 0 - CUDA_VISIBLE_DEVICES: [0]
[I 2023-11-30 01:43:00,970] Trial 146 finished with value: 14.243034362792969 and parameters: {'gradient_clip_val': 0.15419757094690847, 'hidden_size': 121, 'dropout': 0.36192933881890677, 'hidden_continuous_size': 109, 'attention_head_size': 3, 'learning_rate': 0.020716143512186532}. Best is trial 80 with value: 12.620305061340332.
LOCAL_RANK: 0 - CUDA_VISIBLE_DEVICES: [0]
[I 2023-11-30 01:43:11,954] Trial 147 finished with value: 15.402043342590332 and parameters: {'gradient_clip_val': 0.12337168319906185, 'hidden_size': 50, 'dropout': 0.3236396319869489, 'hidden_continuous_size': 50, 'attention_head_size': 2, 'learning_rate': 0.014088026397780016}. Best is trial 80 with value: 12.620305061340332.
LOCAL_RANK: 0 - CUDA_VISIBLE_DEVICES: [0]
[I 2023-11-30 01:43:26,443] Trial 148 finished with value: 14.705220222473145 and parameters: {'gradient_clip_val': 0.14000875294944845, 'hidden_size': 112, 'dropout': 0.31650994066151167, 'hidden_continuous_size': 76, 'attention_head_size': 3, 'learning_rate': 0.008775588377855284}. Best is trial 80 with value: 12.620305061340332.
LOCAL_RANK: 0 - CUDA_VISIBLE_DEVICES: [0]
[I 2023-11-30 01:43:40,836] Trial 149 finished with value: 14.342894554138184 and parameters: {'gradient_clip_val': 0.1723364264585527, 'hidden_size': 98, 'dropout': 0.34249201404563223, 'hidden_continuous_size': 90, 'attention_head_size': 3, 'learning_rate': 0.012771970764743727}. Best is trial 80 with value: 12.620305061340332.
[I 2023-11-30 01:43:40,946] A new study created in memory with name: no-name-e2ec8cec-cb96-43c3-95a7-466d56db4f41
/home/le004/conda/anaconda3/envs/tsff_env/lib/python3.9/site-packages/lightning/fabric/plugins/environments/slurm.py:191: The `srun` command is available on your system but is not used. HINT: If your intention is to run Lightning on SLURM, prepend your python command with `srun` like so: srun python /home/le004/master_thesis/git/TSFusionForecast/code/ ...
LOCAL_RANK: 0 - CUDA_VISIBLE_DEVICES: [0]
[I 2023-11-30 01:43:55,057] Trial 0 finished with value: 11.822709083557129 and parameters: {'gradient_clip_val': 0.6326766229713037, 'hidden_size': 130, 'dropout': 0.1336032984594645, 'hidden_continuous_size': 20, 'attention_head_size': 1, 'learning_rate': 0.034327452469793594}. Best is trial 0 with value: 11.822709083557129.
LOCAL_RANK: 0 - CUDA_VISIBLE_DEVICES: [0]
[I 2023-11-30 01:44:07,928] Trial 1 finished with value: 13.872868537902832 and parameters: {'gradient_clip_val': 0.49229927433771453, 'hidden_size': 35, 'dropout': 0.17893582641272365, 'hidden_continuous_size': 14, 'attention_head_size': 3, 'learning_rate': 0.014156296400145863}. Best is trial 0 with value: 11.822709083557129.
LOCAL_RANK: 0 - CUDA_VISIBLE_DEVICES: [0]
[I 2023-11-30 01:44:20,677] Trial 2 finished with value: 13.208025932312012 and parameters: {'gradient_clip_val': 0.3392541208005974, 'hidden_size': 25, 'dropout': 0.23673964635215194, 'hidden_continuous_size': 14, 'attention_head_size': 4, 'learning_rate': 0.009079805968990166}. Best is trial 0 with value: 11.822709083557129.
LOCAL_RANK: 0 - CUDA_VISIBLE_DEVICES: [0]
[I 2023-11-30 01:44:33,205] Trial 3 finished with value: 11.85161304473877 and parameters: {'gradient_clip_val': 0.14931081227938786, 'hidden_size': 26, 'dropout': 0.18931448163950118, 'hidden_continuous_size': 17, 'attention_head_size': 3, 'learning_rate': 0.058570770056365996}. Best is trial 0 with value: 11.822709083557129.
LOCAL_RANK: 0 - CUDA_VISIBLE_DEVICES: [0]
[I 2023-11-30 01:44:45,439] Trial 4 finished with value: 18.44037437438965 and parameters: {'gradient_clip_val': 0.4935993081306345, 'hidden_size': 14, 'dropout': 0.3180450082028956, 'hidden_continuous_size': 12, 'attention_head_size': 2, 'learning_rate': 0.011064068031278114}. Best is trial 0 with value: 11.822709083557129.
LOCAL_RANK: 0 - CUDA_VISIBLE_DEVICES: [0]
[I 2023-11-30 01:44:57,915] Trial 5 finished with value: 18.651010513305664 and parameters: {'gradient_clip_val': 0.2516809354187582, 'hidden_size': 17, 'dropout': 0.284888653592395, 'hidden_continuous_size': 16, 'attention_head_size': 4, 'learning_rate': 0.006584115328196803}. Best is trial 0 with value: 11.822709083557129.
LOCAL_RANK: 0 - CUDA_VISIBLE_DEVICES: [0]
[I 2023-11-30 01:45:11,327] Trial 6 finished with value: 12.135448455810547 and parameters: {'gradient_clip_val': 0.16904528090792734, 'hidden_size': 93, 'dropout': 0.27161062035874806, 'hidden_continuous_size': 11, 'attention_head_size': 2, 'learning_rate': 0.03287909150080305}. Best is trial 0 with value: 11.822709083557129.
LOCAL_RANK: 0 - CUDA_VISIBLE_DEVICES: [0]
[I 2023-11-30 01:45:23,911] Trial 7 finished with value: 11.627662658691406 and parameters: {'gradient_clip_val': 0.35561645000818637, 'hidden_size': 36, 'dropout': 0.23126984676955062, 'hidden_continuous_size': 10, 'attention_head_size': 1, 'learning_rate': 0.08909015477654973}. Best is trial 7 with value: 11.627662658691406.
LOCAL_RANK: 0 - CUDA_VISIBLE_DEVICES: [0]
[I 2023-11-30 01:45:37,158] Trial 8 finished with value: 11.881294250488281 and parameters: {'gradient_clip_val': 0.4013857028522708, 'hidden_size': 51, 'dropout': 0.17311628661139405, 'hidden_continuous_size': 24, 'attention_head_size': 3, 'learning_rate': 0.02361229354096633}. Best is trial 7 with value: 11.627662658691406.
LOCAL_RANK: 0 - CUDA_VISIBLE_DEVICES: [0]
[I 2023-11-30 01:45:50,423] Trial 9 finished with value: 10.74374008178711 and parameters: {'gradient_clip_val': 0.9117945554279008, 'hidden_size': 55, 'dropout': 0.1474408364950198, 'hidden_continuous_size': 26, 'attention_head_size': 2, 'learning_rate': 0.010934372397891346}. Best is trial 9 with value: 10.74374008178711.
LOCAL_RANK: 0 - CUDA_VISIBLE_DEVICES: [0]
[I 2023-11-30 01:46:00,727] Trial 10 finished with value: 35.45170974731445 and parameters: {'gradient_clip_val': 0.9693662139777747, 'hidden_size': 10, 'dropout': 0.11299797071803358, 'hidden_continuous_size': 10, 'attention_head_size': 2, 'learning_rate': 0.0022024799163373413}. Best is trial 9 with value: 10.74374008178711.
LOCAL_RANK: 0 - CUDA_VISIBLE_DEVICES: [0]
[I 2023-11-30 01:46:14,196] Trial 11 finished with value: 12.119341850280762 and parameters: {'gradient_clip_val': 0.9406722491270715, 'hidden_size': 57, 'dropout': 0.3930191532886605, 'hidden_continuous_size': 33, 'attention_head_size': 1, 'learning_rate': 0.09136505928311922}. Best is trial 9 with value: 10.74374008178711.
LOCAL_RANK: 0 - CUDA_VISIBLE_DEVICES: [0]
