[I 2023-11-30 11:06:31,869] Trial 126 finished with value: 10.253680229187012 and parameters: {'gradient_clip_val': 0.14932148308561094, 'hidden_size': 108, 'dropout': 0.39444568360098486, 'hidden_continuous_size': 35, 'attention_head_size': 4, 'learning_rate': 0.08193964210828046}. Best is trial 102 with value: 9.290362358093262.
LOCAL_RANK: 0 - CUDA_VISIBLE_DEVICES: [0]
[I 2023-11-30 11:06:45,528] Trial 127 finished with value: 10.946009635925293 and parameters: {'gradient_clip_val': 0.1258688288060047, 'hidden_size': 69, 'dropout': 0.39396430365481006, 'hidden_continuous_size': 27, 'attention_head_size': 4, 'learning_rate': 0.0739610599288522}. Best is trial 102 with value: 9.290362358093262.
LOCAL_RANK: 0 - CUDA_VISIBLE_DEVICES: [0]
[I 2023-11-30 11:06:59,194] Trial 128 finished with value: 9.731025695800781 and parameters: {'gradient_clip_val': 0.14821348461304576, 'hidden_size': 58, 'dropout': 0.39970795180132596, 'hidden_continuous_size': 28, 'attention_head_size': 4, 'learning_rate': 0.09784590874178833}. Best is trial 102 with value: 9.290362358093262.
LOCAL_RANK: 0 - CUDA_VISIBLE_DEVICES: [0]
[I 2023-11-30 11:07:12,668] Trial 129 finished with value: 11.338788032531738 and parameters: {'gradient_clip_val': 0.1369620284290092, 'hidden_size': 59, 'dropout': 0.38400102506773587, 'hidden_continuous_size': 28, 'attention_head_size': 2, 'learning_rate': 0.09666648876880957}. Best is trial 102 with value: 9.290362358093262.
LOCAL_RANK: 0 - CUDA_VISIBLE_DEVICES: [0]
[I 2023-11-30 11:07:26,532] Trial 130 finished with value: 12.023345947265625 and parameters: {'gradient_clip_val': 0.12153473349919773, 'hidden_size': 63, 'dropout': 0.3786201822769576, 'hidden_continuous_size': 26, 'attention_head_size': 4, 'learning_rate': 0.09787754266281375}. Best is trial 102 with value: 9.290362358093262.
LOCAL_RANK: 0 - CUDA_VISIBLE_DEVICES: [0]
[I 2023-11-30 11:07:39,921] Trial 131 finished with value: 10.207026481628418 and parameters: {'gradient_clip_val': 0.15319776134918223, 'hidden_size': 51, 'dropout': 0.3983743611723827, 'hidden_continuous_size': 27, 'attention_head_size': 4, 'learning_rate': 0.08289246292079215}. Best is trial 102 with value: 9.290362358093262.
LOCAL_RANK: 0 - CUDA_VISIBLE_DEVICES: [0]
[I 2023-11-30 11:07:53,266] Trial 132 finished with value: 10.116002082824707 and parameters: {'gradient_clip_val': 0.1434196564892805, 'hidden_size': 51, 'dropout': 0.3880235734205939, 'hidden_continuous_size': 27, 'attention_head_size': 4, 'learning_rate': 0.0866391615935988}. Best is trial 102 with value: 9.290362358093262.
LOCAL_RANK: 0 - CUDA_VISIBLE_DEVICES: [0]
[I 2023-11-30 11:08:06,615] Trial 133 finished with value: 10.638537406921387 and parameters: {'gradient_clip_val': 0.1555388901819922, 'hidden_size': 50, 'dropout': 0.3993216729671643, 'hidden_continuous_size': 27, 'attention_head_size': 4, 'learning_rate': 0.08598259992562533}. Best is trial 102 with value: 9.290362358093262.
LOCAL_RANK: 0 - CUDA_VISIBLE_DEVICES: [0]
[I 2023-11-30 11:08:20,343] Trial 134 finished with value: 12.115777015686035 and parameters: {'gradient_clip_val': 0.14676539467631736, 'hidden_size': 57, 'dropout': 0.38927487812777856, 'hidden_continuous_size': 30, 'attention_head_size': 4, 'learning_rate': 0.0743783811061091}. Best is trial 102 with value: 9.290362358093262.
LOCAL_RANK: 0 - CUDA_VISIBLE_DEVICES: [0]
[I 2023-11-30 11:08:33,770] Trial 135 finished with value: 9.475288391113281 and parameters: {'gradient_clip_val': 0.16139221741192095, 'hidden_size': 46, 'dropout': 0.3829009088254517, 'hidden_continuous_size': 28, 'attention_head_size': 4, 'learning_rate': 0.08930309204187366}. Best is trial 102 with value: 9.290362358093262.
LOCAL_RANK: 0 - CUDA_VISIBLE_DEVICES: [0]
[I 2023-11-30 11:08:46,934] Trial 136 finished with value: 9.260719299316406 and parameters: {'gradient_clip_val': 0.1416137749854689, 'hidden_size': 41, 'dropout': 0.3846257736503262, 'hidden_continuous_size': 28, 'attention_head_size': 4, 'learning_rate': 0.09032906654013882}. Best is trial 136 with value: 9.260719299316406.
LOCAL_RANK: 0 - CUDA_VISIBLE_DEVICES: [0]
[I 2023-11-30 11:09:00,127] Trial 137 finished with value: 12.610058784484863 and parameters: {'gradient_clip_val': 0.13233546150562384, 'hidden_size': 43, 'dropout': 0.3824119577812448, 'hidden_continuous_size': 28, 'attention_head_size': 4, 'learning_rate': 0.09091894382148391}. Best is trial 136 with value: 9.260719299316406.
LOCAL_RANK: 0 - CUDA_VISIBLE_DEVICES: [0]
[I 2023-11-30 11:09:13,242] Trial 138 finished with value: 12.37779712677002 and parameters: {'gradient_clip_val': 0.16214703788082013, 'hidden_size': 39, 'dropout': 0.38941258022758174, 'hidden_continuous_size': 29, 'attention_head_size': 4, 'learning_rate': 0.0337520497384362}. Best is trial 136 with value: 9.260719299316406.
LOCAL_RANK: 0 - CUDA_VISIBLE_DEVICES: [0]
[I 2023-11-30 11:09:26,445] Trial 139 finished with value: 9.640921592712402 and parameters: {'gradient_clip_val': 0.14178058053018816, 'hidden_size': 44, 'dropout': 0.38059008082817614, 'hidden_continuous_size': 30, 'attention_head_size': 4, 'learning_rate': 0.09936010529208668}. Best is trial 136 with value: 9.260719299316406.
LOCAL_RANK: 0 - CUDA_VISIBLE_DEVICES: [0]
[I 2023-11-30 11:09:39,561] Trial 140 finished with value: 9.955588340759277 and parameters: {'gradient_clip_val': 0.13981359460372475, 'hidden_size': 44, 'dropout': 0.38024289782377635, 'hidden_continuous_size': 30, 'attention_head_size': 4, 'learning_rate': 0.07035868439071996}. Best is trial 136 with value: 9.260719299316406.
LOCAL_RANK: 0 - CUDA_VISIBLE_DEVICES: [0]
[I 2023-11-30 11:09:52,678] Trial 141 finished with value: 11.017315864562988 and parameters: {'gradient_clip_val': 0.13720380024232529, 'hidden_size': 43, 'dropout': 0.37762301231785916, 'hidden_continuous_size': 30, 'attention_head_size': 4, 'learning_rate': 0.09742937764889213}. Best is trial 136 with value: 9.260719299316406.
LOCAL_RANK: 0 - CUDA_VISIBLE_DEVICES: [0]
[I 2023-11-30 11:10:05,836] Trial 142 finished with value: 10.761353492736816 and parameters: {'gradient_clip_val': 0.12818710759055288, 'hidden_size': 46, 'dropout': 0.3827687346543438, 'hidden_continuous_size': 28, 'attention_head_size': 4, 'learning_rate': 0.07053754379016842}. Best is trial 136 with value: 9.260719299316406.
LOCAL_RANK: 0 - CUDA_VISIBLE_DEVICES: [0]
[I 2023-11-30 11:10:18,819] Trial 143 finished with value: 11.09008502960205 and parameters: {'gradient_clip_val': 0.14140061493220132, 'hidden_size': 36, 'dropout': 0.3710083651499059, 'hidden_continuous_size': 29, 'attention_head_size': 4, 'learning_rate': 0.06041059910605791}. Best is trial 136 with value: 9.260719299316406.
LOCAL_RANK: 0 - CUDA_VISIBLE_DEVICES: [0]
[I 2023-11-30 11:10:31,767] Trial 144 finished with value: 9.845904350280762 and parameters: {'gradient_clip_val': 0.16160999988672398, 'hidden_size': 44, 'dropout': 0.39992050134816387, 'hidden_continuous_size': 31, 'attention_head_size': 4, 'learning_rate': 0.07681422717904288}. Best is trial 136 with value: 9.260719299316406.
LOCAL_RANK: 0 - CUDA_VISIBLE_DEVICES: [0]
[I 2023-11-30 11:10:44,960] Trial 145 finished with value: 9.805782318115234 and parameters: {'gradient_clip_val': 0.16208988095072877, 'hidden_size': 40, 'dropout': 0.3939332193625592, 'hidden_continuous_size': 31, 'attention_head_size': 4, 'learning_rate': 0.03607006508677707}. Best is trial 136 with value: 9.260719299316406.
LOCAL_RANK: 0 - CUDA_VISIBLE_DEVICES: [0]
[I 2023-11-30 11:10:58,027] Trial 146 finished with value: 11.122952461242676 and parameters: {'gradient_clip_val': 0.16121400386596932, 'hidden_size': 41, 'dropout': 0.3999429298255897, 'hidden_continuous_size': 32, 'attention_head_size': 4, 'learning_rate': 0.09913255655848728}. Best is trial 136 with value: 9.260719299316406.
LOCAL_RANK: 0 - CUDA_VISIBLE_DEVICES: [0]
[I 2023-11-30 11:11:11,378] Trial 147 finished with value: 9.754374504089355 and parameters: {'gradient_clip_val': 0.15168074248467933, 'hidden_size': 46, 'dropout': 0.39435157682875227, 'hidden_continuous_size': 31, 'attention_head_size': 4, 'learning_rate': 0.07612943214418783}. Best is trial 136 with value: 9.260719299316406.
LOCAL_RANK: 0 - CUDA_VISIBLE_DEVICES: [0]
[I 2023-11-30 11:11:24,675] Trial 148 finished with value: 9.837336540222168 and parameters: {'gradient_clip_val': 0.17586564268128563, 'hidden_size': 47, 'dropout': 0.39271010580284843, 'hidden_continuous_size': 31, 'attention_head_size': 4, 'learning_rate': 0.07636624145304909}. Best is trial 136 with value: 9.260719299316406.
LOCAL_RANK: 0 - CUDA_VISIBLE_DEVICES: [0]
[I 2023-11-30 11:11:37,893] Trial 149 finished with value: 10.318747520446777 and parameters: {'gradient_clip_val': 0.16613665682799547, 'hidden_size': 47, 'dropout': 0.39296542562121806, 'hidden_continuous_size': 31, 'attention_head_size': 4, 'learning_rate': 0.07510495994652337}. Best is trial 136 with value: 9.260719299316406.
[I 2023-11-30 11:11:38,003] A new study created in memory with name: no-name-fd61a72d-1d23-4af8-9476-7b7394a076e4
/home/le004/conda/anaconda3/envs/tsff_env/lib/python3.9/site-packages/lightning/fabric/plugins/environments/slurm.py:191: The `srun` command is available on your system but is not used. HINT: If your intention is to run Lightning on SLURM, prepend your python command with `srun` like so: srun python /home/le004/master_thesis/git/TSFusionForecast/code/ ...
LOCAL_RANK: 0 - CUDA_VISIBLE_DEVICES: [0]
[I 2023-11-30 11:11:50,365] Trial 0 finished with value: 22.560041427612305 and parameters: {'gradient_clip_val': 0.2496384655115528, 'hidden_size': 12, 'dropout': 0.17577042041450225, 'hidden_continuous_size': 10, 'attention_head_size': 4, 'learning_rate': 0.002957846908903325}. Best is trial 0 with value: 22.560041427612305.
LOCAL_RANK: 0 - CUDA_VISIBLE_DEVICES: [0]
[I 2023-11-30 11:12:03,618] Trial 1 finished with value: 8.379363059997559 and parameters: {'gradient_clip_val': 0.23480002523862903, 'hidden_size': 45, 'dropout': 0.21707231527918053, 'hidden_continuous_size': 43, 'attention_head_size': 1, 'learning_rate': 0.008031553389279475}. Best is trial 1 with value: 8.379363059997559.
LOCAL_RANK: 0 - CUDA_VISIBLE_DEVICES: [0]
[I 2023-11-30 11:12:15,726] Trial 2 finished with value: 11.746493339538574 and parameters: {'gradient_clip_val': 0.21723794858459325, 'hidden_size': 16, 'dropout': 0.3892048320087629, 'hidden_continuous_size': 15, 'attention_head_size': 1, 'learning_rate': 0.009745141436786531}. Best is trial 1 with value: 8.379363059997559.
LOCAL_RANK: 0 - CUDA_VISIBLE_DEVICES: [0]
[I 2023-11-30 11:12:29,590] Trial 3 finished with value: 10.780292510986328 and parameters: {'gradient_clip_val': 0.838764984024351, 'hidden_size': 114, 'dropout': 0.18507278037742414, 'hidden_continuous_size': 12, 'attention_head_size': 2, 'learning_rate': 0.002356163051251286}. Best is trial 1 with value: 8.379363059997559.
LOCAL_RANK: 0 - CUDA_VISIBLE_DEVICES: [0]
[I 2023-11-30 11:12:41,595] Trial 4 finished with value: 20.55155372619629 and parameters: {'gradient_clip_val': 0.1658848989950427, 'hidden_size': 20, 'dropout': 0.22872208495463467, 'hidden_continuous_size': 16, 'attention_head_size': 1, 'learning_rate': 0.0036784795568381374}. Best is trial 1 with value: 8.379363059997559.
LOCAL_RANK: 0 - CUDA_VISIBLE_DEVICES: [0]
[I 2023-11-30 11:12:54,117] Trial 5 finished with value: 15.28421688079834 and parameters: {'gradient_clip_val': 0.5745923448003405, 'hidden_size': 17, 'dropout': 0.2779629555468328, 'hidden_continuous_size': 11, 'attention_head_size': 3, 'learning_rate': 0.00944227744707922}. Best is trial 1 with value: 8.379363059997559.
LOCAL_RANK: 0 - CUDA_VISIBLE_DEVICES: [0]
[I 2023-11-30 11:13:06,346] Trial 6 finished with value: 22.244863510131836 and parameters: {'gradient_clip_val': 0.5804409584990389, 'hidden_size': 28, 'dropout': 0.37721967523910516, 'hidden_continuous_size': 14, 'attention_head_size': 1, 'learning_rate': 0.0011339518562382468}. Best is trial 1 with value: 8.379363059997559.
LOCAL_RANK: 0 - CUDA_VISIBLE_DEVICES: [0]
[I 2023-11-30 11:13:19,229] Trial 7 finished with value: 9.320927619934082 and parameters: {'gradient_clip_val': 0.8954775361659773, 'hidden_size': 37, 'dropout': 0.3625217978262746, 'hidden_continuous_size': 13, 'attention_head_size': 3, 'learning_rate': 0.006362064570154026}. Best is trial 1 with value: 8.379363059997559.
LOCAL_RANK: 0 - CUDA_VISIBLE_DEVICES: [0]
[I 2023-11-30 11:13:32,663] Trial 8 finished with value: 6.297355651855469 and parameters: {'gradient_clip_val': 0.1963254089946664, 'hidden_size': 67, 'dropout': 0.21581889392051057, 'hidden_continuous_size': 29, 'attention_head_size': 1, 'learning_rate': 0.01965961051836375}. Best is trial 8 with value: 6.297355651855469.
LOCAL_RANK: 0 - CUDA_VISIBLE_DEVICES: [0]
[I 2023-11-30 11:13:44,802] Trial 9 finished with value: 9.08143138885498 and parameters: {'gradient_clip_val': 0.32707809359089074, 'hidden_size': 11, 'dropout': 0.10214770788290328, 'hidden_continuous_size': 10, 'attention_head_size': 1, 'learning_rate': 0.033549040986633034}. Best is trial 8 with value: 6.297355651855469.
LOCAL_RANK: 0 - CUDA_VISIBLE_DEVICES: [0]
[I 2023-11-30 11:13:58,921] Trial 10 finished with value: 6.36439323425293 and parameters: {'gradient_clip_val': 0.11521601081437734, 'hidden_size': 77, 'dropout': 0.2919276900200075, 'hidden_continuous_size': 74, 'attention_head_size': 2, 'learning_rate': 0.03561535330652529}. Best is trial 8 with value: 6.297355651855469.
LOCAL_RANK: 0 - CUDA_VISIBLE_DEVICES: [0]
[I 2023-11-30 11:14:13,204] Trial 11 finished with value: 7.030979156494141 and parameters: {'gradient_clip_val': 0.10577333893433924, 'hidden_size': 77, 'dropout': 0.2831430436136163, 'hidden_continuous_size': 76, 'attention_head_size': 2, 'learning_rate': 0.03670471553874944}. Best is trial 8 with value: 6.297355651855469.
LOCAL_RANK: 0 - CUDA_VISIBLE_DEVICES: [0]
[I 2023-11-30 11:14:26,758] Trial 12 finished with value: 6.981954097747803 and parameters: {'gradient_clip_val': 0.1010848600748004, 'hidden_size': 69, 'dropout': 0.30006479841136413, 'hidden_continuous_size': 27, 'attention_head_size': 2, 'learning_rate': 0.08326151811612624}. Best is trial 8 with value: 6.297355651855469.
LOCAL_RANK: 0 - CUDA_VISIBLE_DEVICES: [0]
[I 2023-11-30 11:14:41,621] Trial 13 finished with value: 7.910318851470947 and parameters: {'gradient_clip_val': 0.14012410260151223, 'hidden_size': 147, 'dropout': 0.3202384216634046, 'hidden_continuous_size': 119, 'attention_head_size': 2, 'learning_rate': 0.020757528386503254}. Best is trial 8 with value: 6.297355651855469.
LOCAL_RANK: 0 - CUDA_VISIBLE_DEVICES: [0]
[I 2023-11-30 11:14:55,197] Trial 14 finished with value: 7.7047648429870605 and parameters: {'gradient_clip_val': 0.14669651223798552, 'hidden_size': 63, 'dropout': 0.2477169459876703, 'hidden_continuous_size': 26, 'attention_head_size': 3, 'learning_rate': 0.020149561382177696}. Best is trial 8 with value: 6.297355651855469.
LOCAL_RANK: 0 - CUDA_VISIBLE_DEVICES: [0]
[I 2023-11-30 11:15:09,349] Trial 15 finished with value: 8.092301368713379 and parameters: {'gradient_clip_val': 0.168061644444447, 'hidden_size': 97, 'dropout': 0.33369261457735727, 'hidden_continuous_size': 40, 'attention_head_size': 2, 'learning_rate': 0.09595727358330343}. Best is trial 8 with value: 6.297355651855469.
LOCAL_RANK: 0 - CUDA_VISIBLE_DEVICES: [0]
[I 2023-11-30 11:15:22,672] Trial 16 finished with value: 7.068845748901367 and parameters: {'gradient_clip_val': 0.11771258893429411, 'hidden_size': 50, 'dropout': 0.26326714229351655, 'hidden_continuous_size': 18, 'attention_head_size': 4, 'learning_rate': 0.01701609833360896}. Best is trial 8 with value: 6.297355651855469.
LOCAL_RANK: 0 - CUDA_VISIBLE_DEVICES: [0]
[I 2023-11-30 11:15:36,617] Trial 17 finished with value: 8.206077575683594 and parameters: {'gradient_clip_val': 0.18499378211354425, 'hidden_size': 91, 'dropout': 0.34429918258056713, 'hidden_continuous_size': 35, 'attention_head_size': 1, 'learning_rate': 0.049372075916361106}. Best is trial 8 with value: 6.297355651855469.
LOCAL_RANK: 0 - CUDA_VISIBLE_DEVICES: [0]
[I 2023-11-30 11:15:49,855] Trial 18 finished with value: 7.801102161407471 and parameters: {'gradient_clip_val': 0.2988935000915867, 'hidden_size': 58, 'dropout': 0.30209680408188333, 'hidden_continuous_size': 20, 'attention_head_size': 2, 'learning_rate': 0.013771695164279252}. Best is trial 8 with value: 6.297355651855469.
LOCAL_RANK: 0 - CUDA_VISIBLE_DEVICES: [0]
[I 2023-11-30 11:16:02,791] Trial 19 finished with value: 7.011880874633789 and parameters: {'gradient_clip_val': 0.12861826424203973, 'hidden_size': 37, 'dropout': 0.2529275531589274, 'hidden_continuous_size': 17, 'attention_head_size': 3, 'learning_rate': 0.026766503939118273}. Best is trial 8 with value: 6.297355651855469.
LOCAL_RANK: 0 - CUDA_VISIBLE_DEVICES: [0]
[I 2023-11-30 11:16:16,443] Trial 20 finished with value: 7.161366939544678 and parameters: {'gradient_clip_val': 0.12434184291165598, 'hidden_size': 73, 'dropout': 0.32116711560028693, 'hidden_continuous_size': 26, 'attention_head_size': 1, 'learning_rate': 0.053734268562835745}. Best is trial 8 with value: 6.297355651855469.
LOCAL_RANK: 0 - CUDA_VISIBLE_DEVICES: [0]
[I 2023-11-30 11:16:30,011] Trial 21 finished with value: 7.6423726081848145 and parameters: {'gradient_clip_val': 0.10123460555889754, 'hidden_size': 71, 'dropout': 0.2958085574784553, 'hidden_continuous_size': 23, 'attention_head_size': 2, 'learning_rate': 0.08505962028524441}. Best is trial 8 with value: 6.297355651855469.
LOCAL_RANK: 0 - CUDA_VISIBLE_DEVICES: [0]
[I 2023-11-30 11:16:43,351] Trial 22 finished with value: 7.062483310699463 and parameters: {'gradient_clip_val': 0.11309612683799569, 'hidden_size': 54, 'dropout': 0.29749078264662576, 'hidden_continuous_size': 30, 'attention_head_size': 2, 'learning_rate': 0.061326941457512524}. Best is trial 8 with value: 6.297355651855469.
LOCAL_RANK: 0 - CUDA_VISIBLE_DEVICES: [0]
[I 2023-11-30 11:16:57,332] Trial 23 finished with value: 6.893343448638916 and parameters: {'gradient_clip_val': 0.14371264835444245, 'hidden_size': 88, 'dropout': 0.35142488365025026, 'hidden_continuous_size': 50, 'attention_head_size': 2, 'learning_rate': 0.04153362738386825}. Best is trial 8 with value: 6.297355651855469.
LOCAL_RANK: 0 - CUDA_VISIBLE_DEVICES: [0]
[I 2023-11-30 11:17:11,412] Trial 24 finished with value: 6.923160552978516 and parameters: {'gradient_clip_val': 0.1860503151193552, 'hidden_size': 94, 'dropout': 0.3984700325686584, 'hidden_continuous_size': 50, 'attention_head_size': 3, 'learning_rate': 0.029252030518063316}. Best is trial 8 with value: 6.297355651855469.
LOCAL_RANK: 0 - CUDA_VISIBLE_DEVICES: [0]
[I 2023-11-30 11:17:25,907] Trial 25 finished with value: 7.312578201293945 and parameters: {'gradient_clip_val': 0.1493697124283881, 'hidden_size': 131, 'dropout': 0.36032152826786956, 'hidden_continuous_size': 58, 'attention_head_size': 2, 'learning_rate': 0.04342004402967953}. Best is trial 8 with value: 6.297355651855469.
LOCAL_RANK: 0 - CUDA_VISIBLE_DEVICES: [0]
[I 2023-11-30 11:17:40,009] Trial 26 finished with value: 7.607905864715576 and parameters: {'gradient_clip_val': 0.14126102882222802, 'hidden_size': 115, 'dropout': 0.3445058531439126, 'hidden_continuous_size': 64, 'attention_head_size': 1, 'learning_rate': 0.024485997609655002}. Best is trial 8 with value: 6.297355651855469.
LOCAL_RANK: 0 - CUDA_VISIBLE_DEVICES: [0]
[I 2023-11-30 11:17:53,875] Trial 27 finished with value: 7.507480144500732 and parameters: {'gradient_clip_val': 0.18971144992702701, 'hidden_size': 87, 'dropout': 0.3179403696323632, 'hidden_continuous_size': 34, 'attention_head_size': 2, 'learning_rate': 0.040556687943479636}. Best is trial 8 with value: 6.297355651855469.
LOCAL_RANK: 0 - CUDA_VISIBLE_DEVICES: [0]
[I 2023-11-30 11:18:07,405] Trial 28 finished with value: 7.931171417236328 and parameters: {'gradient_clip_val': 0.1252222656090435, 'hidden_size': 63, 'dropout': 0.3634568148859427, 'hidden_continuous_size': 22, 'attention_head_size': 3, 'learning_rate': 0.014996055678842542}. Best is trial 8 with value: 6.297355651855469.
LOCAL_RANK: 0 - CUDA_VISIBLE_DEVICES: [0]
[I 2023-11-30 11:18:21,705] Trial 29 finished with value: 7.096040725708008 and parameters: {'gradient_clip_val': 0.2129045422022215, 'hidden_size': 111, 'dropout': 0.2691105771053137, 'hidden_continuous_size': 42, 'attention_head_size': 4, 'learning_rate': 0.031552230870281646}. Best is trial 8 with value: 6.297355651855469.
LOCAL_RANK: 0 - CUDA_VISIBLE_DEVICES: [0]
[I 2023-11-30 11:18:35,495] Trial 30 finished with value: 7.411219120025635 and parameters: {'gradient_clip_val': 0.254040467766592, 'hidden_size': 81, 'dropout': 0.22921980858456623, 'hidden_continuous_size': 47, 'attention_head_size': 1, 'learning_rate': 0.06291315954505951}. Best is trial 8 with value: 6.297355651855469.
LOCAL_RANK: 0 - CUDA_VISIBLE_DEVICES: [0]
[I 2023-11-30 11:18:49,712] Trial 31 finished with value: 8.369528770446777 and parameters: {'gradient_clip_val': 0.16143327860593262, 'hidden_size': 96, 'dropout': 0.39540271961086754, 'hidden_continuous_size': 57, 'attention_head_size': 3, 'learning_rate': 0.02603758800282275}. Best is trial 8 with value: 6.297355651855469.
LOCAL_RANK: 0 - CUDA_VISIBLE_DEVICES: [0]
[I 2023-11-30 11:19:03,747] Trial 32 finished with value: 6.754716396331787 and parameters: {'gradient_clip_val': 0.19477303629035045, 'hidden_size': 83, 'dropout': 0.3973248515031308, 'hidden_continuous_size': 49, 'attention_head_size': 3, 'learning_rate': 0.032441917724554285}. Best is trial 8 with value: 6.297355651855469.
LOCAL_RANK: 0 - CUDA_VISIBLE_DEVICES: [0]
[I 2023-11-30 11:19:17,289] Trial 33 finished with value: 8.232816696166992 and parameters: {'gradient_clip_val': 0.12773770193490175, 'hidden_size': 53, 'dropout': 0.37660464598154614, 'hidden_continuous_size': 38, 'attention_head_size': 3, 'learning_rate': 0.04234184976919447}. Best is trial 8 with value: 6.297355651855469.
LOCAL_RANK: 0 - CUDA_VISIBLE_DEVICES: [0]
