[I 2023-11-30 00:12:26,430] Trial 56 finished with value: 3.336233139038086 and parameters: {'gradient_clip_val': 0.17615083049040806, 'hidden_size': 40, 'dropout': 0.26485424145732295, 'hidden_continuous_size': 16, 'attention_head_size': 4, 'learning_rate': 0.005827544164799141}. Best is trial 45 with value: 2.8982410430908203.
LOCAL_RANK: 0 - CUDA_VISIBLE_DEVICES: [0]
[I 2023-11-30 00:12:39,416] Trial 57 finished with value: 4.150119781494141 and parameters: {'gradient_clip_val': 0.21673570246737778, 'hidden_size': 35, 'dropout': 0.17223195881418082, 'hidden_continuous_size': 17, 'attention_head_size': 4, 'learning_rate': 0.0068302564782715}. Best is trial 45 with value: 2.8982410430908203.
LOCAL_RANK: 0 - CUDA_VISIBLE_DEVICES: [0]
[I 2023-11-30 00:12:52,714] Trial 58 finished with value: 3.400067090988159 and parameters: {'gradient_clip_val': 0.1622271691372473, 'hidden_size': 57, 'dropout': 0.16536654216015978, 'hidden_continuous_size': 15, 'attention_head_size': 4, 'learning_rate': 0.011329010001974874}. Best is trial 45 with value: 2.8982410430908203.
LOCAL_RANK: 0 - CUDA_VISIBLE_DEVICES: [0]
[I 2023-11-30 00:13:05,680] Trial 59 finished with value: 4.4459710121154785 and parameters: {'gradient_clip_val': 0.18879772534325526, 'hidden_size': 48, 'dropout': 0.1877386831095699, 'hidden_continuous_size': 18, 'attention_head_size': 4, 'learning_rate': 0.00940392864019236}. Best is trial 45 with value: 2.8982410430908203.
LOCAL_RANK: 0 - CUDA_VISIBLE_DEVICES: [0]
[I 2023-11-30 00:13:18,644] Trial 60 finished with value: 3.864107370376587 and parameters: {'gradient_clip_val': 0.13795307806778448, 'hidden_size': 44, 'dropout': 0.21799254738971166, 'hidden_continuous_size': 19, 'attention_head_size': 4, 'learning_rate': 0.013573277800299335}. Best is trial 45 with value: 2.8982410430908203.
LOCAL_RANK: 0 - CUDA_VISIBLE_DEVICES: [0]
[I 2023-11-30 00:13:32,239] Trial 61 finished with value: 3.4105684757232666 and parameters: {'gradient_clip_val': 0.18522403881510865, 'hidden_size': 61, 'dropout': 0.20644714998688957, 'hidden_continuous_size': 23, 'attention_head_size': 4, 'learning_rate': 0.007888299278071493}. Best is trial 45 with value: 2.8982410430908203.
LOCAL_RANK: 0 - CUDA_VISIBLE_DEVICES: [0]
[I 2023-11-30 00:13:45,421] Trial 62 finished with value: 4.149158954620361 and parameters: {'gradient_clip_val': 0.17572009802733912, 'hidden_size': 54, 'dropout': 0.2078828748012737, 'hidden_continuous_size': 21, 'attention_head_size': 3, 'learning_rate': 0.006069506236141556}. Best is trial 45 with value: 2.8982410430908203.
LOCAL_RANK: 0 - CUDA_VISIBLE_DEVICES: [0]
[I 2023-11-30 00:13:58,936] Trial 63 finished with value: 3.2898635864257812 and parameters: {'gradient_clip_val': 0.19952037764159092, 'hidden_size': 70, 'dropout': 0.23388244234385538, 'hidden_continuous_size': 15, 'attention_head_size': 3, 'learning_rate': 0.004820204010500644}. Best is trial 45 with value: 2.8982410430908203.
LOCAL_RANK: 0 - CUDA_VISIBLE_DEVICES: [0]
[I 2023-11-30 00:14:12,238] Trial 64 finished with value: 3.342972755432129 and parameters: {'gradient_clip_val': 0.2285999107170978, 'hidden_size': 72, 'dropout': 0.2402025318551017, 'hidden_continuous_size': 12, 'attention_head_size': 4, 'learning_rate': 0.005271544874976801}. Best is trial 45 with value: 2.8982410430908203.
LOCAL_RANK: 0 - CUDA_VISIBLE_DEVICES: [0]
[I 2023-11-30 00:14:25,980] Trial 65 finished with value: 3.4016501903533936 and parameters: {'gradient_clip_val': 0.19600388042746975, 'hidden_size': 82, 'dropout': 0.21910562277729845, 'hidden_continuous_size': 16, 'attention_head_size': 4, 'learning_rate': 0.0033854849911527404}. Best is trial 45 with value: 2.8982410430908203.
LOCAL_RANK: 0 - CUDA_VISIBLE_DEVICES: [0]
[I 2023-11-30 00:14:39,563] Trial 66 finished with value: 3.5394833087921143 and parameters: {'gradient_clip_val': 0.20852751449234103, 'hidden_size': 87, 'dropout': 0.2353134769494415, 'hidden_continuous_size': 13, 'attention_head_size': 1, 'learning_rate': 0.004649985077608387}. Best is trial 45 with value: 2.8982410430908203.
LOCAL_RANK: 0 - CUDA_VISIBLE_DEVICES: [0]
[I 2023-11-30 00:14:52,883] Trial 67 finished with value: 4.541743278503418 and parameters: {'gradient_clip_val': 0.1593583122697278, 'hidden_size': 68, 'dropout': 0.24774141387202436, 'hidden_continuous_size': 15, 'attention_head_size': 3, 'learning_rate': 0.0025370444873754837}. Best is trial 45 with value: 2.8982410430908203.
LOCAL_RANK: 0 - CUDA_VISIBLE_DEVICES: [0]
[I 2023-11-30 00:15:05,882] Trial 68 finished with value: 4.3647613525390625 and parameters: {'gradient_clip_val': 0.26671567992638234, 'hidden_size': 51, 'dropout': 0.23339864850098765, 'hidden_continuous_size': 17, 'attention_head_size': 1, 'learning_rate': 0.004179053832149427}. Best is trial 45 with value: 2.8982410430908203.
LOCAL_RANK: 0 - CUDA_VISIBLE_DEVICES: [0]
[I 2023-11-30 00:15:19,264] Trial 69 finished with value: 4.611361026763916 and parameters: {'gradient_clip_val': 0.14287849449270784, 'hidden_size': 59, 'dropout': 0.1938166802326411, 'hidden_continuous_size': 19, 'attention_head_size': 3, 'learning_rate': 0.006589543683525387}. Best is trial 45 with value: 2.8982410430908203.
LOCAL_RANK: 0 - CUDA_VISIBLE_DEVICES: [0]
[I 2023-11-30 00:15:32,802] Trial 70 finished with value: 4.400573253631592 and parameters: {'gradient_clip_val': 0.10762203599535433, 'hidden_size': 75, 'dropout': 0.22730630833988896, 'hidden_continuous_size': 13, 'attention_head_size': 4, 'learning_rate': 0.01127650218287657}. Best is trial 45 with value: 2.8982410430908203.
LOCAL_RANK: 0 - CUDA_VISIBLE_DEVICES: [0]
[I 2023-11-30 00:15:46,431] Trial 71 finished with value: 3.5420920848846436 and parameters: {'gradient_clip_val': 0.1704620071799446, 'hidden_size': 62, 'dropout': 0.20236616924317938, 'hidden_continuous_size': 20, 'attention_head_size': 3, 'learning_rate': 0.00883788253980981}. Best is trial 45 with value: 2.8982410430908203.
LOCAL_RANK: 0 - CUDA_VISIBLE_DEVICES: [0]
[I 2023-11-30 00:15:59,894] Trial 72 finished with value: 3.396226644515991 and parameters: {'gradient_clip_val': 0.2073052066563706, 'hidden_size': 66, 'dropout': 0.21682198382949983, 'hidden_continuous_size': 18, 'attention_head_size': 3, 'learning_rate': 0.007187909145597099}. Best is trial 45 with value: 2.8982410430908203.
LOCAL_RANK: 0 - CUDA_VISIBLE_DEVICES: [0]
[I 2023-11-30 00:16:13,130] Trial 73 finished with value: 3.420361280441284 and parameters: {'gradient_clip_val': 0.125826784043517, 'hidden_size': 55, 'dropout': 0.18866694725387878, 'hidden_continuous_size': 20, 'attention_head_size': 3, 'learning_rate': 0.014664732623676917}. Best is trial 45 with value: 2.8982410430908203.
LOCAL_RANK: 0 - CUDA_VISIBLE_DEVICES: [0]
[I 2023-11-30 00:16:26,603] Trial 74 finished with value: 3.2649919986724854 and parameters: {'gradient_clip_val': 0.1496576323407279, 'hidden_size': 70, 'dropout': 0.20535819692172405, 'hidden_continuous_size': 16, 'attention_head_size': 3, 'learning_rate': 0.01011707343088301}. Best is trial 45 with value: 2.8982410430908203.
LOCAL_RANK: 0 - CUDA_VISIBLE_DEVICES: [0]
[I 2023-11-30 00:16:39,813] Trial 75 finished with value: 4.016695499420166 and parameters: {'gradient_clip_val': 0.15093957380422177, 'hidden_size': 69, 'dropout': 0.25208014787455724, 'hidden_continuous_size': 15, 'attention_head_size': 1, 'learning_rate': 0.00947739620815547}. Best is trial 45 with value: 2.8982410430908203.
LOCAL_RANK: 0 - CUDA_VISIBLE_DEVICES: [0]
[I 2023-11-30 00:16:53,208] Trial 76 finished with value: 3.0635006427764893 and parameters: {'gradient_clip_val': 0.13291260848047354, 'hidden_size': 80, 'dropout': 0.23042410527649532, 'hidden_continuous_size': 11, 'attention_head_size': 2, 'learning_rate': 0.019030878402899683}. Best is trial 45 with value: 2.8982410430908203.
LOCAL_RANK: 0 - CUDA_VISIBLE_DEVICES: [0]
[I 2023-11-30 00:17:06,628] Trial 77 finished with value: 3.803466558456421 and parameters: {'gradient_clip_val': 0.13204609770350872, 'hidden_size': 77, 'dropout': 0.21152843311362032, 'hidden_continuous_size': 13, 'attention_head_size': 2, 'learning_rate': 0.01909999887732817}. Best is trial 45 with value: 2.8982410430908203.
LOCAL_RANK: 0 - CUDA_VISIBLE_DEVICES: [0]
[I 2023-11-30 00:17:20,157] Trial 78 finished with value: 3.5082521438598633 and parameters: {'gradient_clip_val': 0.11760264336013786, 'hidden_size': 97, 'dropout': 0.22526469893125273, 'hidden_continuous_size': 11, 'attention_head_size': 2, 'learning_rate': 0.022564486513297108}. Best is trial 45 with value: 2.8982410430908203.
LOCAL_RANK: 0 - CUDA_VISIBLE_DEVICES: [0]
[I 2023-11-30 00:17:33,559] Trial 79 finished with value: 3.352221727371216 and parameters: {'gradient_clip_val': 0.10807784958399401, 'hidden_size': 86, 'dropout': 0.19907345149281772, 'hidden_continuous_size': 10, 'attention_head_size': 2, 'learning_rate': 0.013415215078741636}. Best is trial 45 with value: 2.8982410430908203.
LOCAL_RANK: 0 - CUDA_VISIBLE_DEVICES: [0]
[I 2023-11-30 00:17:46,366] Trial 80 finished with value: 4.752601146697998 and parameters: {'gradient_clip_val': 0.1421545130367185, 'hidden_size': 49, 'dropout': 0.18133728233126367, 'hidden_continuous_size': 10, 'attention_head_size': 2, 'learning_rate': 0.018181432375577948}. Best is trial 45 with value: 2.8982410430908203.
LOCAL_RANK: 0 - CUDA_VISIBLE_DEVICES: [0]
[I 2023-11-30 00:17:59,690] Trial 81 finished with value: 4.390732765197754 and parameters: {'gradient_clip_val': 0.16102916202927994, 'hidden_size': 70, 'dropout': 0.21902651804048895, 'hidden_continuous_size': 14, 'attention_head_size': 1, 'learning_rate': 0.021229366092888734}. Best is trial 45 with value: 2.8982410430908203.
LOCAL_RANK: 0 - CUDA_VISIBLE_DEVICES: [0]
[I 2023-11-30 00:18:13,100] Trial 82 finished with value: 3.900965929031372 and parameters: {'gradient_clip_val': 0.13059139039048784, 'hidden_size': 76, 'dropout': 0.23370662899757846, 'hidden_continuous_size': 16, 'attention_head_size': 3, 'learning_rate': 0.01560744424502885}. Best is trial 45 with value: 2.8982410430908203.
LOCAL_RANK: 0 - CUDA_VISIBLE_DEVICES: [0]
[I 2023-11-30 00:18:26,426] Trial 83 finished with value: 3.773214101791382 and parameters: {'gradient_clip_val': 0.1502903527213422, 'hidden_size': 59, 'dropout': 0.21081184864046656, 'hidden_continuous_size': 17, 'attention_head_size': 3, 'learning_rate': 0.012010229754246765}. Best is trial 45 with value: 2.8982410430908203.
LOCAL_RANK: 0 - CUDA_VISIBLE_DEVICES: [0]
[I 2023-11-30 00:18:39,962] Trial 84 finished with value: 3.285367250442505 and parameters: {'gradient_clip_val': 0.11917295196792761, 'hidden_size': 90, 'dropout': 0.22896312671207605, 'hidden_continuous_size': 12, 'attention_head_size': 2, 'learning_rate': 0.01644999536261696}. Best is trial 45 with value: 2.8982410430908203.
LOCAL_RANK: 0 - CUDA_VISIBLE_DEVICES: [0]
[I 2023-11-30 00:18:53,400] Trial 85 finished with value: 4.522100925445557 and parameters: {'gradient_clip_val': 0.11957899545595184, 'hidden_size': 84, 'dropout': 0.20396977573870054, 'hidden_continuous_size': 12, 'attention_head_size': 2, 'learning_rate': 0.01784344434196892}. Best is trial 45 with value: 2.8982410430908203.
LOCAL_RANK: 0 - CUDA_VISIBLE_DEVICES: [0]
[I 2023-11-30 00:19:07,116] Trial 86 finished with value: 3.776495933532715 and parameters: {'gradient_clip_val': 0.10460832442725251, 'hidden_size': 102, 'dropout': 0.22503169884480795, 'hidden_continuous_size': 11, 'attention_head_size': 2, 'learning_rate': 0.014541149091033871}. Best is trial 45 with value: 2.8982410430908203.
LOCAL_RANK: 0 - CUDA_VISIBLE_DEVICES: [0]
[I 2023-11-30 00:19:20,573] Trial 87 finished with value: 4.565169334411621 and parameters: {'gradient_clip_val': 0.11214148504825329, 'hidden_size': 87, 'dropout': 0.19247695422228941, 'hidden_continuous_size': 14, 'attention_head_size': 2, 'learning_rate': 0.0163422514335924}. Best is trial 45 with value: 2.8982410430908203.
LOCAL_RANK: 0 - CUDA_VISIBLE_DEVICES: [0]
[I 2023-11-30 00:19:34,033] Trial 88 finished with value: 3.332108497619629 and parameters: {'gradient_clip_val': 0.1368264016877673, 'hidden_size': 92, 'dropout': 0.24291233009142565, 'hidden_continuous_size': 12, 'attention_head_size': 2, 'learning_rate': 0.009963303651271018}. Best is trial 45 with value: 2.8982410430908203.
LOCAL_RANK: 0 - CUDA_VISIBLE_DEVICES: [0]
[I 2023-11-30 00:19:47,709] Trial 89 finished with value: 3.7176201343536377 and parameters: {'gradient_clip_val': 0.1227295225479647, 'hidden_size': 102, 'dropout': 0.216715229459306, 'hidden_continuous_size': 26, 'attention_head_size': 1, 'learning_rate': 0.01225833892450854}. Best is trial 45 with value: 2.8982410430908203.
LOCAL_RANK: 0 - CUDA_VISIBLE_DEVICES: [0]
[I 2023-11-30 00:20:01,617] Trial 90 finished with value: 3.8919150829315186 and parameters: {'gradient_clip_val': 0.10562675703293944, 'hidden_size': 115, 'dropout': 0.22839172021787862, 'hidden_continuous_size': 23, 'attention_head_size': 2, 'learning_rate': 0.025030026629027997}. Best is trial 45 with value: 2.8982410430908203.
LOCAL_RANK: 0 - CUDA_VISIBLE_DEVICES: [0]
[I 2023-11-30 00:20:15,153] Trial 91 finished with value: 4.149529457092285 and parameters: {'gradient_clip_val': 0.1822054715133013, 'hidden_size': 65, 'dropout': 0.2388320810264456, 'hidden_continuous_size': 16, 'attention_head_size': 3, 'learning_rate': 0.021046687872695695}. Best is trial 45 with value: 2.8982410430908203.
LOCAL_RANK: 0 - CUDA_VISIBLE_DEVICES: [0]
[I 2023-11-30 00:20:28,608] Trial 92 finished with value: 3.278409004211426 and parameters: {'gradient_clip_val': 0.16655784365429174, 'hidden_size': 78, 'dropout': 0.2103247383374241, 'hidden_continuous_size': 15, 'attention_head_size': 1, 'learning_rate': 0.013876642362959048}. Best is trial 45 with value: 2.8982410430908203.
LOCAL_RANK: 0 - CUDA_VISIBLE_DEVICES: [0]
[I 2023-11-30 00:20:42,079] Trial 93 finished with value: 3.6110007762908936 and parameters: {'gradient_clip_val': 0.16799062862588235, 'hidden_size': 79, 'dropout': 0.20522479709686064, 'hidden_continuous_size': 18, 'attention_head_size': 1, 'learning_rate': 0.013785242993077965}. Best is trial 45 with value: 2.8982410430908203.
LOCAL_RANK: 0 - CUDA_VISIBLE_DEVICES: [0]
[I 2023-11-30 00:20:55,434] Trial 94 finished with value: 3.2305755615234375 and parameters: {'gradient_clip_val': 0.12893913426545858, 'hidden_size': 76, 'dropout': 0.19786842633730606, 'hidden_continuous_size': 17, 'attention_head_size': 1, 'learning_rate': 0.01748203795942371}. Best is trial 45 with value: 2.8982410430908203.
LOCAL_RANK: 0 - CUDA_VISIBLE_DEVICES: [0]
[I 2023-11-30 00:21:08,787] Trial 95 finished with value: 3.5377681255340576 and parameters: {'gradient_clip_val': 0.15688725022237682, 'hidden_size': 74, 'dropout': 0.1837364869349959, 'hidden_continuous_size': 19, 'attention_head_size': 1, 'learning_rate': 0.011021533767225561}. Best is trial 45 with value: 2.8982410430908203.
LOCAL_RANK: 0 - CUDA_VISIBLE_DEVICES: [0]
[I 2023-11-30 00:21:22,480] Trial 96 finished with value: 3.195798873901367 and parameters: {'gradient_clip_val': 0.14471730961035403, 'hidden_size': 81, 'dropout': 0.19457130556388402, 'hidden_continuous_size': 17, 'attention_head_size': 1, 'learning_rate': 0.01497508254487499}. Best is trial 45 with value: 2.8982410430908203.
LOCAL_RANK: 0 - CUDA_VISIBLE_DEVICES: [0]
[I 2023-11-30 00:21:35,612] Trial 97 finished with value: 3.460329055786133 and parameters: {'gradient_clip_val': 0.14117516639059863, 'hidden_size': 62, 'dropout': 0.19724851434873455, 'hidden_continuous_size': 17, 'attention_head_size': 1, 'learning_rate': 0.0188761568238735}. Best is trial 45 with value: 2.8982410430908203.
LOCAL_RANK: 0 - CUDA_VISIBLE_DEVICES: [0]
[I 2023-11-30 00:21:49,192] Trial 98 finished with value: 3.7572994232177734 and parameters: {'gradient_clip_val': 0.1481490749905691, 'hidden_size': 93, 'dropout': 0.1904565396119883, 'hidden_continuous_size': 22, 'attention_head_size': 1, 'learning_rate': 0.015258704483286705}. Best is trial 45 with value: 2.8982410430908203.
LOCAL_RANK: 0 - CUDA_VISIBLE_DEVICES: [0]
[I 2023-11-30 00:22:02,710] Trial 99 finished with value: 4.103010654449463 and parameters: {'gradient_clip_val': 0.1291336149451164, 'hidden_size': 82, 'dropout': 0.17827061720350879, 'hidden_continuous_size': 19, 'attention_head_size': 1, 'learning_rate': 0.012306697623749424}. Best is trial 45 with value: 2.8982410430908203.
LOCAL_RANK: 0 - CUDA_VISIBLE_DEVICES: [0]
[I 2023-11-30 00:22:15,670] Trial 100 finished with value: 3.7026853561401367 and parameters: {'gradient_clip_val': 0.13775152606656443, 'hidden_size': 53, 'dropout': 0.20030742105294125, 'hidden_continuous_size': 17, 'attention_head_size': 1, 'learning_rate': 0.017432119351654743}. Best is trial 45 with value: 2.8982410430908203.
LOCAL_RANK: 0 - CUDA_VISIBLE_DEVICES: [0]
[I 2023-11-30 00:22:29,128] Trial 101 finished with value: 3.743689775466919 and parameters: {'gradient_clip_val': 0.1748980533712293, 'hidden_size': 78, 'dropout': 0.20962426491672756, 'hidden_continuous_size': 16, 'attention_head_size': 1, 'learning_rate': 0.01378156091197537}. Best is trial 45 with value: 2.8982410430908203.
LOCAL_RANK: 0 - CUDA_VISIBLE_DEVICES: [0]
[I 2023-11-30 00:22:42,508] Trial 102 finished with value: 3.716501474380493 and parameters: {'gradient_clip_val': 0.15321947367854358, 'hidden_size': 72, 'dropout': 0.21310630463269162, 'hidden_continuous_size': 18, 'attention_head_size': 1, 'learning_rate': 0.01040122255726946}. Best is trial 45 with value: 2.8982410430908203.
LOCAL_RANK: 0 - CUDA_VISIBLE_DEVICES: [0]
[I 2023-11-30 00:22:55,635] Trial 103 finished with value: 3.9490013122558594 and parameters: {'gradient_clip_val': 0.16608112458226704, 'hidden_size': 64, 'dropout': 0.1969259905007273, 'hidden_continuous_size': 20, 'attention_head_size': 1, 'learning_rate': 0.01882989033128394}. Best is trial 45 with value: 2.8982410430908203.
LOCAL_RANK: 0 - CUDA_VISIBLE_DEVICES: [0]
[I 2023-11-30 00:23:09,032] Trial 104 finished with value: 4.178954601287842 and parameters: {'gradient_clip_val': 0.12520782750119355, 'hidden_size': 83, 'dropout': 0.1876693286133848, 'hidden_continuous_size': 15, 'attention_head_size': 1, 'learning_rate': 0.015451654412559216}. Best is trial 45 with value: 2.8982410430908203.
LOCAL_RANK: 0 - CUDA_VISIBLE_DEVICES: [0]
[I 2023-11-30 00:23:22,426] Trial 105 finished with value: 3.997056245803833 and parameters: {'gradient_clip_val': 0.1006410846450133, 'hidden_size': 69, 'dropout': 0.20649284879239202, 'hidden_continuous_size': 18, 'attention_head_size': 1, 'learning_rate': 0.022547627956269984}. Best is trial 45 with value: 2.8982410430908203.
LOCAL_RANK: 0 - CUDA_VISIBLE_DEVICES: [0]
[I 2023-11-30 00:23:36,035] Trial 106 finished with value: 3.3231639862060547 and parameters: {'gradient_clip_val': 0.18755580512535164, 'hidden_size': 77, 'dropout': 0.2183825840010055, 'hidden_continuous_size': 17, 'attention_head_size': 1, 'learning_rate': 0.01133896509306913}. Best is trial 45 with value: 2.8982410430908203.
LOCAL_RANK: 0 - CUDA_VISIBLE_DEVICES: [0]
[I 2023-11-30 00:23:49,103] Trial 107 finished with value: 3.8989264965057373 and parameters: {'gradient_clip_val': 0.13240824656239772, 'hidden_size': 57, 'dropout': 0.22117594853288344, 'hidden_continuous_size': 16, 'attention_head_size': 1, 'learning_rate': 0.00897721858352202}. Best is trial 45 with value: 2.8982410430908203.
LOCAL_RANK: 0 - CUDA_VISIBLE_DEVICES: [0]
[I 2023-11-30 00:24:02,680] Trial 108 finished with value: 4.290146350860596 and parameters: {'gradient_clip_val': 0.1456370060595412, 'hidden_size': 67, 'dropout': 0.19484256457293822, 'hidden_continuous_size': 19, 'attention_head_size': 4, 'learning_rate': 0.01424844616453867}. Best is trial 45 with value: 2.8982410430908203.
LOCAL_RANK: 0 - CUDA_VISIBLE_DEVICES: [0]
[I 2023-11-30 00:24:16,066] Trial 109 finished with value: 3.5569827556610107 and parameters: {'gradient_clip_val': 0.11394104912074443, 'hidden_size': 89, 'dropout': 0.17145116399897034, 'hidden_continuous_size': 14, 'attention_head_size': 1, 'learning_rate': 0.012349919753923948}. Best is trial 45 with value: 2.8982410430908203.
LOCAL_RANK: 0 - CUDA_VISIBLE_DEVICES: [0]
[I 2023-11-30 00:24:29,723] Trial 110 finished with value: 3.6076431274414062 and parameters: {'gradient_clip_val': 0.1561640243012347, 'hidden_size': 73, 'dropout': 0.21154249000697428, 'hidden_continuous_size': 21, 'attention_head_size': 4, 'learning_rate': 0.02051445860689025}. Best is trial 45 with value: 2.8982410430908203.
LOCAL_RANK: 0 - CUDA_VISIBLE_DEVICES: [0]
[I 2023-11-30 00:24:43,363] Trial 111 finished with value: 3.5592997074127197 and parameters: {'gradient_clip_val': 0.1220599720070865, 'hidden_size': 88, 'dropout': 0.22999932311916613, 'hidden_continuous_size': 16, 'attention_head_size': 2, 'learning_rate': 0.017070001264569267}. Best is trial 45 with value: 2.8982410430908203.
LOCAL_RANK: 0 - CUDA_VISIBLE_DEVICES: [0]
[I 2023-11-30 00:24:56,882] Trial 112 finished with value: 4.478147029876709 and parameters: {'gradient_clip_val': 0.11161064015074991, 'hidden_size': 93, 'dropout': 0.2016438515308207, 'hidden_continuous_size': 15, 'attention_head_size': 1, 'learning_rate': 0.016789539365470233}. Best is trial 45 with value: 2.8982410430908203.
LOCAL_RANK: 0 - CUDA_VISIBLE_DEVICES: [0]
[I 2023-11-30 00:25:10,386] Trial 113 finished with value: 4.481234073638916 and parameters: {'gradient_clip_val': 0.11761357083797898, 'hidden_size': 80, 'dropout': 0.22325148575550527, 'hidden_continuous_size': 18, 'attention_head_size': 2, 'learning_rate': 0.01552437909415858}. Best is trial 45 with value: 2.8982410430908203.
LOCAL_RANK: 0 - CUDA_VISIBLE_DEVICES: [0]
[I 2023-11-30 00:25:23,572] Trial 114 finished with value: 2.991983413696289 and parameters: {'gradient_clip_val': 0.13399987546396783, 'hidden_size': 61, 'dropout': 0.23003385780825666, 'hidden_continuous_size': 17, 'attention_head_size': 1, 'learning_rate': 0.013041161011826164}. Best is trial 45 with value: 2.8982410430908203.
LOCAL_RANK: 0 - CUDA_VISIBLE_DEVICES: [0]
