[I 2023-11-30 05:38:51,268] Trial 13 finished with value: 15.288836479187012 and parameters: {'gradient_clip_val': 0.27785119572702743, 'hidden_size': 133, 'dropout': 0.10211816575724793, 'hidden_continuous_size': 30, 'attention_head_size': 3, 'learning_rate': 0.024581381666131392}. Best is trial 5 with value: 13.841289520263672.
LOCAL_RANK: 0 - CUDA_VISIBLE_DEVICES: [0]
[I 2023-11-30 05:39:05,552] Trial 14 finished with value: 23.5080509185791 and parameters: {'gradient_clip_val': 0.308155084579308, 'hidden_size': 138, 'dropout': 0.17684018880036145, 'hidden_continuous_size': 34, 'attention_head_size': 2, 'learning_rate': 0.02820249568885575}. Best is trial 5 with value: 13.841289520263672.
LOCAL_RANK: 0 - CUDA_VISIBLE_DEVICES: [0]
[I 2023-11-30 05:39:19,991] Trial 15 finished with value: 25.7141056060791 and parameters: {'gradient_clip_val': 0.3089888828646486, 'hidden_size': 142, 'dropout': 0.31290626837649504, 'hidden_continuous_size': 34, 'attention_head_size': 4, 'learning_rate': 0.02180947466734339}. Best is trial 5 with value: 13.841289520263672.
LOCAL_RANK: 0 - CUDA_VISIBLE_DEVICES: [0]
[I 2023-11-30 05:39:33,612] Trial 16 finished with value: 15.005900382995605 and parameters: {'gradient_clip_val': 0.5310535017226627, 'hidden_size': 79, 'dropout': 0.10368465498318556, 'hidden_continuous_size': 28, 'attention_head_size': 1, 'learning_rate': 0.04499696206633628}. Best is trial 5 with value: 13.841289520263672.
LOCAL_RANK: 0 - CUDA_VISIBLE_DEVICES: [0]
[I 2023-11-30 05:39:47,132] Trial 17 finished with value: 23.44319725036621 and parameters: {'gradient_clip_val': 0.5672768146364241, 'hidden_size': 79, 'dropout': 0.16971820597719367, 'hidden_continuous_size': 24, 'attention_head_size': 1, 'learning_rate': 0.05713153060856591}. Best is trial 5 with value: 13.841289520263672.
LOCAL_RANK: 0 - CUDA_VISIBLE_DEVICES: [0]
[I 2023-11-30 05:40:01,079] Trial 18 finished with value: 22.510900497436523 and parameters: {'gradient_clip_val': 0.9293316690264264, 'hidden_size': 82, 'dropout': 0.2071455241609968, 'hidden_continuous_size': 45, 'attention_head_size': 1, 'learning_rate': 0.05149401110626011}. Best is trial 5 with value: 13.841289520263672.
LOCAL_RANK: 0 - CUDA_VISIBLE_DEVICES: [0]
[I 2023-11-30 05:40:14,841] Trial 19 finished with value: 24.160112380981445 and parameters: {'gradient_clip_val': 0.7102893983363104, 'hidden_size': 88, 'dropout': 0.3542816585723508, 'hidden_continuous_size': 45, 'attention_head_size': 1, 'learning_rate': 0.03586582270023767}. Best is trial 5 with value: 13.841289520263672.
LOCAL_RANK: 0 - CUDA_VISIBLE_DEVICES: [0]
[I 2023-11-30 05:40:28,045] Trial 20 finished with value: 16.55625343322754 and parameters: {'gradient_clip_val': 0.4917876028936476, 'hidden_size': 62, 'dropout': 0.2824355460909305, 'hidden_continuous_size': 17, 'attention_head_size': 2, 'learning_rate': 0.008056936246257666}. Best is trial 5 with value: 13.841289520263672.
LOCAL_RANK: 0 - CUDA_VISIBLE_DEVICES: [0]
[I 2023-11-30 05:40:42,256] Trial 21 finished with value: 25.678550720214844 and parameters: {'gradient_clip_val': 0.3871693582280776, 'hidden_size': 142, 'dropout': 0.1020131772766975, 'hidden_continuous_size': 26, 'attention_head_size': 3, 'learning_rate': 0.016948277031988857}. Best is trial 5 with value: 13.841289520263672.
LOCAL_RANK: 0 - CUDA_VISIBLE_DEVICES: [0]
[I 2023-11-30 05:40:56,098] Trial 22 finished with value: 25.515291213989258 and parameters: {'gradient_clip_val': 0.7503766201637977, 'hidden_size': 112, 'dropout': 0.1343727302271821, 'hidden_continuous_size': 26, 'attention_head_size': 2, 'learning_rate': 0.030824527990334756}. Best is trial 5 with value: 13.841289520263672.
LOCAL_RANK: 0 - CUDA_VISIBLE_DEVICES: [0]
[I 2023-11-30 05:41:09,754] Trial 23 finished with value: 25.24066162109375 and parameters: {'gradient_clip_val': 0.5891483316685788, 'hidden_size': 82, 'dropout': 0.14987531467186438, 'hidden_continuous_size': 21, 'attention_head_size': 1, 'learning_rate': 0.023847752115502507}. Best is trial 5 with value: 13.841289520263672.
LOCAL_RANK: 0 - CUDA_VISIBLE_DEVICES: [0]
[I 2023-11-30 05:41:23,782] Trial 24 finished with value: 24.351381301879883 and parameters: {'gradient_clip_val': 0.3714470108840158, 'hidden_size': 111, 'dropout': 0.11259547392243145, 'hidden_continuous_size': 30, 'attention_head_size': 2, 'learning_rate': 0.016047406097514087}. Best is trial 5 with value: 13.841289520263672.
LOCAL_RANK: 0 - CUDA_VISIBLE_DEVICES: [0]
[I 2023-11-30 05:41:37,349] Trial 25 finished with value: 22.92340660095215 and parameters: {'gradient_clip_val': 0.4869148858910099, 'hidden_size': 71, 'dropout': 0.12041063638380778, 'hidden_continuous_size': 22, 'attention_head_size': 3, 'learning_rate': 0.04228481381273627}. Best is trial 5 with value: 13.841289520263672.
LOCAL_RANK: 0 - CUDA_VISIBLE_DEVICES: [0]
[I 2023-11-30 05:41:52,282] Trial 26 finished with value: 17.360231399536133 and parameters: {'gradient_clip_val': 0.9938759842736095, 'hidden_size': 150, 'dropout': 0.14962185467447423, 'hidden_continuous_size': 146, 'attention_head_size': 1, 'learning_rate': 0.07691309872844142}. Best is trial 5 with value: 13.841289520263672.
LOCAL_RANK: 0 - CUDA_VISIBLE_DEVICES: [0]
[I 2023-11-30 05:42:06,208] Trial 27 finished with value: 28.027978897094727 and parameters: {'gradient_clip_val': 0.7978155593085574, 'hidden_size': 91, 'dropout': 0.11655272030630984, 'hidden_continuous_size': 16, 'attention_head_size': 4, 'learning_rate': 0.02692976294939583}. Best is trial 5 with value: 13.841289520263672.
LOCAL_RANK: 0 - CUDA_VISIBLE_DEVICES: [0]
[I 2023-11-30 05:42:19,398] Trial 28 finished with value: 23.2152099609375 and parameters: {'gradient_clip_val': 0.6782055367084215, 'hidden_size': 50, 'dropout': 0.20380826350252831, 'hidden_continuous_size': 13, 'attention_head_size': 2, 'learning_rate': 0.04095302199164996}. Best is trial 5 with value: 13.841289520263672.
LOCAL_RANK: 0 - CUDA_VISIBLE_DEVICES: [0]
[I 2023-11-30 05:42:33,422] Trial 29 finished with value: 19.04976463317871 and parameters: {'gradient_clip_val': 0.678977808214103, 'hidden_size': 117, 'dropout': 0.28856087901982796, 'hidden_continuous_size': 29, 'attention_head_size': 3, 'learning_rate': 0.07019190903864968}. Best is trial 5 with value: 13.841289520263672.
LOCAL_RANK: 0 - CUDA_VISIBLE_DEVICES: [0]
[I 2023-11-30 05:42:46,743] Trial 30 finished with value: 24.71868324279785 and parameters: {'gradient_clip_val': 0.7893039001874743, 'hidden_size': 72, 'dropout': 0.1001507970768994, 'hidden_continuous_size': 17, 'attention_head_size': 1, 'learning_rate': 0.02279811207138997}. Best is trial 5 with value: 13.841289520263672.
LOCAL_RANK: 0 - CUDA_VISIBLE_DEVICES: [0]
[I 2023-11-30 05:43:00,034] Trial 31 finished with value: 16.09673500061035 and parameters: {'gradient_clip_val': 0.4950177094751203, 'hidden_size': 61, 'dropout': 0.2872963143840468, 'hidden_continuous_size': 16, 'attention_head_size': 2, 'learning_rate': 0.008616420381996365}. Best is trial 5 with value: 13.841289520263672.
LOCAL_RANK: 0 - CUDA_VISIBLE_DEVICES: [0]
[I 2023-11-30 05:43:13,511] Trial 32 finished with value: 18.156972885131836 and parameters: {'gradient_clip_val': 0.2735879512747652, 'hidden_size': 95, 'dropout': 0.3315044717738742, 'hidden_continuous_size': 12, 'attention_head_size': 1, 'learning_rate': 0.011234851736587826}. Best is trial 5 with value: 13.841289520263672.
LOCAL_RANK: 0 - CUDA_VISIBLE_DEVICES: [0]
[I 2023-11-30 05:43:26,802] Trial 33 finished with value: 14.18187427520752 and parameters: {'gradient_clip_val': 0.4544766014095042, 'hidden_size': 61, 'dropout': 0.28771267209205226, 'hidden_continuous_size': 15, 'attention_head_size': 3, 'learning_rate': 0.00754672462580508}. Best is trial 5 with value: 13.841289520263672.
LOCAL_RANK: 0 - CUDA_VISIBLE_DEVICES: [0]
[I 2023-11-30 05:43:39,640] Trial 34 finished with value: 13.0336332321167 and parameters: {'gradient_clip_val': 0.42334636996342423, 'hidden_size': 37, 'dropout': 0.23571812150862617, 'hidden_continuous_size': 15, 'attention_head_size': 3, 'learning_rate': 0.006000224621168187}. Best is trial 34 with value: 13.0336332321167.
LOCAL_RANK: 0 - CUDA_VISIBLE_DEVICES: [0]
[I 2023-11-30 05:43:52,533] Trial 35 finished with value: 13.632755279541016 and parameters: {'gradient_clip_val': 0.41798093913277323, 'hidden_size': 34, 'dropout': 0.23185731514200356, 'hidden_continuous_size': 15, 'attention_head_size': 4, 'learning_rate': 0.00515736945050326}. Best is trial 34 with value: 13.0336332321167.
LOCAL_RANK: 0 - CUDA_VISIBLE_DEVICES: [0]
[I 2023-11-30 05:44:05,325] Trial 36 finished with value: 20.80635643005371 and parameters: {'gradient_clip_val': 0.43561984221609995, 'hidden_size': 33, 'dropout': 0.23117615850011566, 'hidden_continuous_size': 15, 'attention_head_size': 4, 'learning_rate': 0.003319340952983054}. Best is trial 34 with value: 13.0336332321167.
LOCAL_RANK: 0 - CUDA_VISIBLE_DEVICES: [0]
[I 2023-11-30 05:44:18,299] Trial 37 finished with value: 20.913454055786133 and parameters: {'gradient_clip_val': 0.41056945546348705, 'hidden_size': 39, 'dropout': 0.2588724332982049, 'hidden_continuous_size': 14, 'attention_head_size': 4, 'learning_rate': 0.006281453501957264}. Best is trial 34 with value: 13.0336332321167.
LOCAL_RANK: 0 - CUDA_VISIBLE_DEVICES: [0]
[I 2023-11-30 05:44:31,214] Trial 38 finished with value: 17.558944702148438 and parameters: {'gradient_clip_val': 0.34465515229773125, 'hidden_size': 31, 'dropout': 0.23647845481462482, 'hidden_continuous_size': 15, 'attention_head_size': 4, 'learning_rate': 0.0034279393719160653}. Best is trial 34 with value: 13.0336332321167.
LOCAL_RANK: 0 - CUDA_VISIBLE_DEVICES: [0]
[I 2023-11-30 05:44:44,200] Trial 39 finished with value: 16.0548095703125 and parameters: {'gradient_clip_val': 0.44068226519081233, 'hidden_size': 41, 'dropout': 0.2721653285371506, 'hidden_continuous_size': 18, 'attention_head_size': 3, 'learning_rate': 0.006120985258888341}. Best is trial 34 with value: 13.0336332321167.
LOCAL_RANK: 0 - CUDA_VISIBLE_DEVICES: [0]
[I 2023-11-30 05:44:56,797] Trial 40 finished with value: 15.673458099365234 and parameters: {'gradient_clip_val': 0.6208639283604661, 'hidden_size': 27, 'dropout': 0.24849560207533058, 'hidden_continuous_size': 15, 'attention_head_size': 4, 'learning_rate': 0.00396108936067187}. Best is trial 34 with value: 13.0336332321167.
LOCAL_RANK: 0 - CUDA_VISIBLE_DEVICES: [0]
[I 2023-11-30 05:45:09,867] Trial 41 finished with value: 18.6900634765625 and parameters: {'gradient_clip_val': 0.5112970890930457, 'hidden_size': 46, 'dropout': 0.22666607283246745, 'hidden_continuous_size': 19, 'attention_head_size': 3, 'learning_rate': 0.0069857841052461}. Best is trial 34 with value: 13.0336332321167.
LOCAL_RANK: 0 - CUDA_VISIBLE_DEVICES: [0]
[I 2023-11-30 05:45:22,290] Trial 42 finished with value: 21.697418212890625 and parameters: {'gradient_clip_val': 0.8619047814670578, 'hidden_size': 21, 'dropout': 0.2639324568009372, 'hidden_continuous_size': 13, 'attention_head_size': 3, 'learning_rate': 0.0024994522195505423}. Best is trial 34 with value: 13.0336332321167.
LOCAL_RANK: 0 - CUDA_VISIBLE_DEVICES: [0]
[I 2023-11-30 05:45:35,580] Trial 43 finished with value: 18.635358810424805 and parameters: {'gradient_clip_val': 0.5279595879453293, 'hidden_size': 51, 'dropout': 0.21607120784025552, 'hidden_continuous_size': 20, 'attention_head_size': 3, 'learning_rate': 0.009568290385133899}. Best is trial 34 with value: 13.0336332321167.
LOCAL_RANK: 0 - CUDA_VISIBLE_DEVICES: [0]
[I 2023-11-30 05:45:48,276] Trial 44 finished with value: 14.616016387939453 and parameters: {'gradient_clip_val': 0.366443455979425, 'hidden_size': 36, 'dropout': 0.19251169647696234, 'hidden_continuous_size': 16, 'attention_head_size': 4, 'learning_rate': 0.011275589038893401}. Best is trial 34 with value: 13.0336332321167.
LOCAL_RANK: 0 - CUDA_VISIBLE_DEVICES: [0]
[I 2023-11-30 05:46:01,127] Trial 45 finished with value: 17.56751823425293 and parameters: {'gradient_clip_val': 0.35572455083501836, 'hidden_size': 34, 'dropout': 0.24675150941499455, 'hidden_continuous_size': 16, 'attention_head_size': 4, 'learning_rate': 0.010870984605524612}. Best is trial 34 with value: 13.0336332321167.
LOCAL_RANK: 0 - CUDA_VISIBLE_DEVICES: [0]
[I 2023-11-30 05:46:14,234] Trial 46 finished with value: 24.54231834411621 and parameters: {'gradient_clip_val': 0.41304821120384927, 'hidden_size': 43, 'dropout': 0.2992986363451935, 'hidden_continuous_size': 17, 'attention_head_size': 4, 'learning_rate': 0.012788046457058175}. Best is trial 34 with value: 13.0336332321167.
LOCAL_RANK: 0 - CUDA_VISIBLE_DEVICES: [0]
[I 2023-11-30 05:46:27,128] Trial 47 finished with value: 17.888486862182617 and parameters: {'gradient_clip_val': 0.33292228398882134, 'hidden_size': 39, 'dropout': 0.2702997558796282, 'hidden_continuous_size': 13, 'attention_head_size': 4, 'learning_rate': 0.005006071043368304}. Best is trial 34 with value: 13.0336332321167.
LOCAL_RANK: 0 - CUDA_VISIBLE_DEVICES: [0]
[I 2023-11-30 05:46:39,798] Trial 48 finished with value: 14.54801082611084 and parameters: {'gradient_clip_val': 0.46793356087589116, 'hidden_size': 22, 'dropout': 0.24029564891878016, 'hidden_continuous_size': 14, 'attention_head_size': 4, 'learning_rate': 0.007200159196757905}. Best is trial 34 with value: 13.0336332321167.
LOCAL_RANK: 0 - CUDA_VISIBLE_DEVICES: [0]
[I 2023-11-30 05:46:52,095] Trial 49 finished with value: 12.684945106506348 and parameters: {'gradient_clip_val': 0.44863337304588025, 'hidden_size': 22, 'dropout': 0.23960525035502273, 'hidden_continuous_size': 14, 'attention_head_size': 3, 'learning_rate': 0.0073326440749315455}. Best is trial 49 with value: 12.684945106506348.
LOCAL_RANK: 0 - CUDA_VISIBLE_DEVICES: [0]
[I 2023-11-30 05:47:04,491] Trial 50 finished with value: 15.148442268371582 and parameters: {'gradient_clip_val': 0.6119595010849459, 'hidden_size': 28, 'dropout': 0.25173587086659793, 'hidden_continuous_size': 15, 'attention_head_size': 3, 'learning_rate': 0.00557192388003385}. Best is trial 49 with value: 12.684945106506348.
LOCAL_RANK: 0 - CUDA_VISIBLE_DEVICES: [0]
[I 2023-11-30 05:47:16,776] Trial 51 finished with value: 24.586685180664062 and parameters: {'gradient_clip_val': 0.4582285874779251, 'hidden_size': 21, 'dropout': 0.23841624760345645, 'hidden_continuous_size': 14, 'attention_head_size': 3, 'learning_rate': 0.007110243688194074}. Best is trial 49 with value: 12.684945106506348.
LOCAL_RANK: 0 - CUDA_VISIBLE_DEVICES: [0]
[I 2023-11-30 05:47:29,217] Trial 52 finished with value: 22.733362197875977 and parameters: {'gradient_clip_val': 0.39929818744792483, 'hidden_size': 18, 'dropout': 0.25883996530625303, 'hidden_continuous_size': 14, 'attention_head_size': 3, 'learning_rate': 0.007679808151310938}. Best is trial 49 with value: 12.684945106506348.
LOCAL_RANK: 0 - CUDA_VISIBLE_DEVICES: [0]
[I 2023-11-30 05:47:41,546] Trial 53 finished with value: 16.506505966186523 and parameters: {'gradient_clip_val': 0.4643129540957348, 'hidden_size': 24, 'dropout': 0.2314191785920602, 'hidden_continuous_size': 14, 'attention_head_size': 3, 'learning_rate': 0.004577269832157356}. Best is trial 49 with value: 12.684945106506348.
LOCAL_RANK: 0 - CUDA_VISIBLE_DEVICES: [0]
[I 2023-11-30 05:47:54,161] Trial 54 finished with value: 18.6236515045166 and parameters: {'gradient_clip_val': 0.42579746858270867, 'hidden_size': 30, 'dropout': 0.22297185302731284, 'hidden_continuous_size': 12, 'attention_head_size': 3, 'learning_rate': 0.005975197045197562}. Best is trial 49 with value: 12.684945106506348.
LOCAL_RANK: 0 - CUDA_VISIBLE_DEVICES: [0]
[I 2023-11-30 05:48:06,655] Trial 55 finished with value: 18.038055419921875 and parameters: {'gradient_clip_val': 0.5486110992953486, 'hidden_size': 15, 'dropout': 0.24340612220519828, 'hidden_continuous_size': 14, 'attention_head_size': 4, 'learning_rate': 0.009261324722705208}. Best is trial 49 with value: 12.684945106506348.
LOCAL_RANK: 0 - CUDA_VISIBLE_DEVICES: [0]
[I 2023-11-30 05:48:19,088] Trial 56 finished with value: 13.52506160736084 and parameters: {'gradient_clip_val': 0.5602464963817472, 'hidden_size': 27, 'dropout': 0.21593438811290025, 'hidden_continuous_size': 15, 'attention_head_size': 2, 'learning_rate': 0.007227093360821663}. Best is trial 49 with value: 12.684945106506348.
LOCAL_RANK: 0 - CUDA_VISIBLE_DEVICES: [0]
[I 2023-11-30 05:48:31,529] Trial 57 finished with value: 20.466276168823242 and parameters: {'gradient_clip_val': 0.5563007677660207, 'hidden_size': 36, 'dropout': 0.21674299965983423, 'hidden_continuous_size': 13, 'attention_head_size': 2, 'learning_rate': 0.004573052105194701}. Best is trial 49 with value: 12.684945106506348.
LOCAL_RANK: 0 - CUDA_VISIBLE_DEVICES: [0]
[I 2023-11-30 05:48:43,932] Trial 58 finished with value: 20.135822296142578 and parameters: {'gradient_clip_val': 0.39594841848746376, 'hidden_size': 28, 'dropout': 0.1992875143742519, 'hidden_continuous_size': 15, 'attention_head_size': 2, 'learning_rate': 0.008844299795712168}. Best is trial 49 with value: 12.684945106506348.
LOCAL_RANK: 0 - CUDA_VISIBLE_DEVICES: [0]
[I 2023-11-30 05:48:56,397] Trial 59 finished with value: 17.65480613708496 and parameters: {'gradient_clip_val': 0.6355742914926474, 'hidden_size': 26, 'dropout': 0.2214406693494468, 'hidden_continuous_size': 15, 'attention_head_size': 2, 'learning_rate': 0.005556439014611828}. Best is trial 49 with value: 12.684945106506348.
LOCAL_RANK: 0 - CUDA_VISIBLE_DEVICES: [0]
[I 2023-11-30 05:49:09,509] Trial 60 finished with value: 23.74216651916504 and parameters: {'gradient_clip_val': 0.5172243060444117, 'hidden_size': 55, 'dropout': 0.20804705222423459, 'hidden_continuous_size': 11, 'attention_head_size': 3, 'learning_rate': 0.014078892981234154}. Best is trial 49 with value: 12.684945106506348.
LOCAL_RANK: 0 - CUDA_VISIBLE_DEVICES: [0]
[I 2023-11-30 05:49:21,780] Trial 61 finished with value: 14.910603523254395 and parameters: {'gradient_clip_val': 0.46783402372395283, 'hidden_size': 24, 'dropout': 0.23246131580943483, 'hidden_continuous_size': 14, 'attention_head_size': 4, 'learning_rate': 0.0070686528425889985}. Best is trial 49 with value: 12.684945106506348.
LOCAL_RANK: 0 - CUDA_VISIBLE_DEVICES: [0]
[I 2023-11-30 05:49:34,545] Trial 62 finished with value: 20.23996925354004 and parameters: {'gradient_clip_val': 0.5744742172712334, 'hidden_size': 33, 'dropout': 0.24090706939720394, 'hidden_continuous_size': 16, 'attention_head_size': 3, 'learning_rate': 0.007872326594073867}. Best is trial 49 with value: 12.684945106506348.
LOCAL_RANK: 0 - CUDA_VISIBLE_DEVICES: [0]
[I 2023-11-30 05:49:47,159] Trial 63 finished with value: 15.816954612731934 and parameters: {'gradient_clip_val': 0.4796125504986137, 'hidden_size': 30, 'dropout': 0.27107949306680645, 'hidden_continuous_size': 15, 'attention_head_size': 3, 'learning_rate': 0.009959656289508888}. Best is trial 49 with value: 12.684945106506348.
LOCAL_RANK: 0 - CUDA_VISIBLE_DEVICES: [0]
[I 2023-11-30 05:49:59,934] Trial 64 finished with value: 15.169245719909668 and parameters: {'gradient_clip_val': 0.43326648932919026, 'hidden_size': 44, 'dropout': 0.25618937649561124, 'hidden_continuous_size': 18, 'attention_head_size': 2, 'learning_rate': 0.006812300051508518}. Best is trial 49 with value: 12.684945106506348.
LOCAL_RANK: 0 - CUDA_VISIBLE_DEVICES: [0]
[I 2023-11-30 05:50:12,473] Trial 65 finished with value: 16.523351669311523 and parameters: {'gradient_clip_val': 0.3860450318382356, 'hidden_size': 22, 'dropout': 0.24859749399773745, 'hidden_continuous_size': 14, 'attention_head_size': 4, 'learning_rate': 0.00817393846317913}. Best is trial 49 with value: 12.684945106506348.
LOCAL_RANK: 0 - CUDA_VISIBLE_DEVICES: [0]
[I 2023-11-30 05:50:25,007] Trial 66 finished with value: 15.640477180480957 and parameters: {'gradient_clip_val': 0.5262314119308437, 'hidden_size': 25, 'dropout': 0.2255343352945851, 'hidden_continuous_size': 15, 'attention_head_size': 3, 'learning_rate': 0.005250447568324858}. Best is trial 49 with value: 12.684945106506348.
LOCAL_RANK: 0 - CUDA_VISIBLE_DEVICES: [0]
[I 2023-11-30 05:50:37,789] Trial 67 finished with value: 13.307098388671875 and parameters: {'gradient_clip_val': 0.7101666429583167, 'hidden_size': 38, 'dropout': 0.19547514292570656, 'hidden_continuous_size': 13, 'attention_head_size': 2, 'learning_rate': 0.006323475618515494}. Best is trial 49 with value: 12.684945106506348.
LOCAL_RANK: 0 - CUDA_VISIBLE_DEVICES: [0]
[I 2023-11-30 05:50:50,866] Trial 68 finished with value: 12.505093574523926 and parameters: {'gradient_clip_val': 0.7166608337505601, 'hidden_size': 66, 'dropout': 0.18224059863284559, 'hidden_continuous_size': 11, 'attention_head_size': 2, 'learning_rate': 0.006062343479785014}. Best is trial 68 with value: 12.505093574523926.
LOCAL_RANK: 0 - CUDA_VISIBLE_DEVICES: [0]
[I 2023-11-30 05:51:03,667] Trial 69 finished with value: 14.842900276184082 and parameters: {'gradient_clip_val': 0.7465145862101076, 'hidden_size': 38, 'dropout': 0.18750233965423946, 'hidden_continuous_size': 11, 'attention_head_size': 2, 'learning_rate': 0.0061383227574790785}. Best is trial 68 with value: 12.505093574523926.
LOCAL_RANK: 0 - CUDA_VISIBLE_DEVICES: [0]
[I 2023-11-30 05:51:16,211] Trial 70 finished with value: 18.255733489990234 and parameters: {'gradient_clip_val': 0.877049404952223, 'hidden_size': 48, 'dropout': 0.2153432743162109, 'hidden_continuous_size': 10, 'attention_head_size': 2, 'learning_rate': 0.004063242021340048}. Best is trial 68 with value: 12.505093574523926.
LOCAL_RANK: 0 - CUDA_VISIBLE_DEVICES: [0]
[I 2023-11-30 05:51:29,241] Trial 71 finished with value: 19.15608024597168 and parameters: {'gradient_clip_val': 0.6416964664564713, 'hidden_size': 50, 'dropout': 0.18209379351138516, 'hidden_continuous_size': 12, 'attention_head_size': 2, 'learning_rate': 0.0064921748550447}. Best is trial 68 with value: 12.505093574523926.
LOCAL_RANK: 0 - CUDA_VISIBLE_DEVICES: [0]
