[I 2023-11-30 09:20:38,729] Trial 109 finished with value: 6.726133823394775 and parameters: {'gradient_clip_val': 0.105742192236248, 'hidden_size': 112, 'dropout': 0.38308358540332704, 'hidden_continuous_size': 54, 'attention_head_size': 2, 'learning_rate': 0.007147521979008664}. Best is trial 94 with value: 4.787600040435791.
LOCAL_RANK: 0 - CUDA_VISIBLE_DEVICES: [0]
[I 2023-11-30 09:20:53,128] Trial 110 finished with value: 5.657248020172119 and parameters: {'gradient_clip_val': 0.11849010480726295, 'hidden_size': 132, 'dropout': 0.35093981656471557, 'hidden_continuous_size': 66, 'attention_head_size': 2, 'learning_rate': 0.004554169962121596}. Best is trial 94 with value: 4.787600040435791.
LOCAL_RANK: 0 - CUDA_VISIBLE_DEVICES: [0]
[I 2023-11-30 09:21:07,271] Trial 111 finished with value: 5.840946197509766 and parameters: {'gradient_clip_val': 0.10465439795592804, 'hidden_size': 108, 'dropout': 0.34151927290464473, 'hidden_continuous_size': 58, 'attention_head_size': 2, 'learning_rate': 0.004250912708375944}. Best is trial 94 with value: 4.787600040435791.
LOCAL_RANK: 0 - CUDA_VISIBLE_DEVICES: [0]
[I 2023-11-30 09:21:21,468] Trial 112 finished with value: 6.145166873931885 and parameters: {'gradient_clip_val': 0.11121012504246387, 'hidden_size': 123, 'dropout': 0.36509768754244143, 'hidden_continuous_size': 61, 'attention_head_size': 2, 'learning_rate': 0.004851505208447124}. Best is trial 94 with value: 4.787600040435791.
LOCAL_RANK: 0 - CUDA_VISIBLE_DEVICES: [0]
[I 2023-11-30 09:21:35,516] Trial 113 finished with value: 7.382192134857178 and parameters: {'gradient_clip_val': 0.10448438502149884, 'hidden_size': 89, 'dropout': 0.35989334974647696, 'hidden_continuous_size': 49, 'attention_head_size': 2, 'learning_rate': 0.003832796258038125}. Best is trial 94 with value: 4.787600040435791.
LOCAL_RANK: 0 - CUDA_VISIBLE_DEVICES: [0]
[I 2023-11-30 09:21:49,663] Trial 114 finished with value: 6.014717102050781 and parameters: {'gradient_clip_val': 0.10002141086652835, 'hidden_size': 81, 'dropout': 0.3157601225088705, 'hidden_continuous_size': 53, 'attention_head_size': 2, 'learning_rate': 0.0053114606619034995}. Best is trial 94 with value: 4.787600040435791.
LOCAL_RANK: 0 - CUDA_VISIBLE_DEVICES: [0]
[I 2023-11-30 09:22:03,853] Trial 115 finished with value: 5.660968780517578 and parameters: {'gradient_clip_val': 0.11398976429600488, 'hidden_size': 113, 'dropout': 0.3570282774630082, 'hidden_continuous_size': 57, 'attention_head_size': 2, 'learning_rate': 0.004378930600722391}. Best is trial 94 with value: 4.787600040435791.
LOCAL_RANK: 0 - CUDA_VISIBLE_DEVICES: [0]
[I 2023-11-30 09:22:18,340] Trial 116 finished with value: 6.134885311126709 and parameters: {'gradient_clip_val': 0.12092233998119381, 'hidden_size': 143, 'dropout': 0.3504795352374032, 'hidden_continuous_size': 48, 'attention_head_size': 3, 'learning_rate': 0.0035572831434481926}. Best is trial 94 with value: 4.787600040435791.
LOCAL_RANK: 0 - CUDA_VISIBLE_DEVICES: [0]
[I 2023-11-30 09:22:32,328] Trial 117 finished with value: 6.418703556060791 and parameters: {'gradient_clip_val': 0.14040425137670298, 'hidden_size': 108, 'dropout': 0.37288181782539354, 'hidden_continuous_size': 55, 'attention_head_size': 2, 'learning_rate': 0.004080693499344165}. Best is trial 94 with value: 4.787600040435791.
LOCAL_RANK: 0 - CUDA_VISIBLE_DEVICES: [0]
[I 2023-11-30 09:22:46,680] Trial 118 finished with value: 6.725322246551514 and parameters: {'gradient_clip_val': 0.10774811410986165, 'hidden_size': 135, 'dropout': 0.34222460268260185, 'hidden_continuous_size': 45, 'attention_head_size': 2, 'learning_rate': 0.003095135061304059}. Best is trial 94 with value: 4.787600040435791.
LOCAL_RANK: 0 - CUDA_VISIBLE_DEVICES: [0]
[I 2023-11-30 09:23:01,077] Trial 119 finished with value: 5.989831924438477 and parameters: {'gradient_clip_val': 0.1275040895910134, 'hidden_size': 118, 'dropout': 0.35632727309687096, 'hidden_continuous_size': 52, 'attention_head_size': 2, 'learning_rate': 0.003722982252444862}. Best is trial 94 with value: 4.787600040435791.
LOCAL_RANK: 0 - CUDA_VISIBLE_DEVICES: [0]
[I 2023-11-30 09:23:15,171] Trial 120 finished with value: 5.808434963226318 and parameters: {'gradient_clip_val': 0.1164615685106059, 'hidden_size': 98, 'dropout': 0.38186643709454965, 'hidden_continuous_size': 48, 'attention_head_size': 2, 'learning_rate': 0.005829965869270372}. Best is trial 94 with value: 4.787600040435791.
LOCAL_RANK: 0 - CUDA_VISIBLE_DEVICES: [0]
[I 2023-11-30 09:23:29,810] Trial 121 finished with value: 5.515317440032959 and parameters: {'gradient_clip_val': 0.11141546974502876, 'hidden_size': 149, 'dropout': 0.30180132916402336, 'hidden_continuous_size': 68, 'attention_head_size': 2, 'learning_rate': 0.007738537956587057}. Best is trial 94 with value: 4.787600040435791.
LOCAL_RANK: 0 - CUDA_VISIBLE_DEVICES: [0]
[I 2023-11-30 09:23:43,867] Trial 122 finished with value: 6.4961066246032715 and parameters: {'gradient_clip_val': 0.10524457652235499, 'hidden_size': 128, 'dropout': 0.3127523309332415, 'hidden_continuous_size': 60, 'attention_head_size': 2, 'learning_rate': 0.027293736497547322}. Best is trial 94 with value: 4.787600040435791.
LOCAL_RANK: 0 - CUDA_VISIBLE_DEVICES: [0]
[I 2023-11-30 09:23:58,191] Trial 123 finished with value: 5.0360941886901855 and parameters: {'gradient_clip_val': 0.11421781077276208, 'hidden_size': 137, 'dropout': 0.36720034638396526, 'hidden_continuous_size': 41, 'attention_head_size': 2, 'learning_rate': 0.006653504018416125}. Best is trial 94 with value: 4.787600040435791.
LOCAL_RANK: 0 - CUDA_VISIBLE_DEVICES: [0]
[I 2023-11-30 09:24:12,475] Trial 124 finished with value: 5.295932769775391 and parameters: {'gradient_clip_val': 0.1197944971956276, 'hidden_size': 123, 'dropout': 0.3700485847294898, 'hidden_continuous_size': 40, 'attention_head_size': 2, 'learning_rate': 0.006427479004041984}. Best is trial 94 with value: 4.787600040435791.
LOCAL_RANK: 0 - CUDA_VISIBLE_DEVICES: [0]
[I 2023-11-30 09:24:26,709] Trial 125 finished with value: 5.4210357666015625 and parameters: {'gradient_clip_val': 0.13046387000895618, 'hidden_size': 137, 'dropout': 0.35174361044510377, 'hidden_continuous_size': 50, 'attention_head_size': 2, 'learning_rate': 0.004843955375147135}. Best is trial 94 with value: 4.787600040435791.
LOCAL_RANK: 0 - CUDA_VISIBLE_DEVICES: [0]
[I 2023-11-30 09:24:39,388] Trial 126 finished with value: 7.833296298980713 and parameters: {'gradient_clip_val': 0.11318188865739702, 'hidden_size': 25, 'dropout': 0.36013945185044094, 'hidden_continuous_size': 24, 'attention_head_size': 3, 'learning_rate': 0.007051233053161133}. Best is trial 94 with value: 4.787600040435791.
LOCAL_RANK: 0 - CUDA_VISIBLE_DEVICES: [0]
[I 2023-11-30 09:24:53,539] Trial 127 finished with value: 5.640960693359375 and parameters: {'gradient_clip_val': 0.10464321538877082, 'hidden_size': 113, 'dropout': 0.38966643453423455, 'hidden_continuous_size': 44, 'attention_head_size': 2, 'learning_rate': 0.00421545578790388}. Best is trial 94 with value: 4.787600040435791.
LOCAL_RANK: 0 - CUDA_VISIBLE_DEVICES: [0]
[I 2023-11-30 09:25:07,585] Trial 128 finished with value: 5.620865345001221 and parameters: {'gradient_clip_val': 0.2975404156942366, 'hidden_size': 104, 'dropout': 0.36608673985298096, 'hidden_continuous_size': 41, 'attention_head_size': 2, 'learning_rate': 0.005739100010901047}. Best is trial 94 with value: 4.787600040435791.
LOCAL_RANK: 0 - CUDA_VISIBLE_DEVICES: [0]
[I 2023-11-30 09:25:22,149] Trial 129 finished with value: 4.984272003173828 and parameters: {'gradient_clip_val': 0.12479389280390663, 'hidden_size': 143, 'dropout': 0.3478392935125254, 'hidden_continuous_size': 45, 'attention_head_size': 2, 'learning_rate': 0.005300326516143291}. Best is trial 94 with value: 4.787600040435791.
LOCAL_RANK: 0 - CUDA_VISIBLE_DEVICES: [0]
[I 2023-11-30 09:25:36,565] Trial 130 finished with value: 7.605234622955322 and parameters: {'gradient_clip_val': 0.14697097810814358, 'hidden_size': 139, 'dropout': 0.3360046109342119, 'hidden_continuous_size': 42, 'attention_head_size': 2, 'learning_rate': 0.00649334897561922}. Best is trial 94 with value: 4.787600040435791.
LOCAL_RANK: 0 - CUDA_VISIBLE_DEVICES: [0]
[I 2023-11-30 09:25:50,877] Trial 131 finished with value: 5.783252716064453 and parameters: {'gradient_clip_val': 0.12403421456209542, 'hidden_size': 130, 'dropout': 0.32645589760750204, 'hidden_continuous_size': 46, 'attention_head_size': 2, 'learning_rate': 0.005280398154012192}. Best is trial 94 with value: 4.787600040435791.
LOCAL_RANK: 0 - CUDA_VISIBLE_DEVICES: [0]
[I 2023-11-30 09:26:05,300] Trial 132 finished with value: 6.018441677093506 and parameters: {'gradient_clip_val': 0.11511632269779874, 'hidden_size': 150, 'dropout': 0.34601099114577477, 'hidden_continuous_size': 44, 'attention_head_size': 2, 'learning_rate': 0.00488276456953191}. Best is trial 94 with value: 4.787600040435791.
LOCAL_RANK: 0 - CUDA_VISIBLE_DEVICES: [0]
[I 2023-11-30 09:26:19,469] Trial 133 finished with value: 7.137443542480469 and parameters: {'gradient_clip_val': 0.13834671172683058, 'hidden_size': 120, 'dropout': 0.3473116898494553, 'hidden_continuous_size': 47, 'attention_head_size': 2, 'learning_rate': 0.003992927276475227}. Best is trial 94 with value: 4.787600040435791.
LOCAL_RANK: 0 - CUDA_VISIBLE_DEVICES: [0]
[I 2023-11-30 09:26:33,941] Trial 134 finished with value: 5.2945380210876465 and parameters: {'gradient_clip_val': 0.10006490523827835, 'hidden_size': 134, 'dropout': 0.37476318555885635, 'hidden_continuous_size': 37, 'attention_head_size': 2, 'learning_rate': 0.007444593897419729}. Best is trial 94 with value: 4.787600040435791.
LOCAL_RANK: 0 - CUDA_VISIBLE_DEVICES: [0]
[I 2023-11-30 09:26:47,338] Trial 135 finished with value: 7.853896617889404 and parameters: {'gradient_clip_val': 0.10927660988460333, 'hidden_size': 42, 'dropout': 0.33426993979935893, 'hidden_continuous_size': 41, 'attention_head_size': 2, 'learning_rate': 0.004570411134643176}. Best is trial 94 with value: 4.787600040435791.
LOCAL_RANK: 0 - CUDA_VISIBLE_DEVICES: [0]
[I 2023-11-30 09:27:01,675] Trial 136 finished with value: 5.835170745849609 and parameters: {'gradient_clip_val': 0.11908510732537471, 'hidden_size': 143, 'dropout': 0.31923749071498153, 'hidden_continuous_size': 57, 'attention_head_size': 2, 'learning_rate': 0.0057779912239468755}. Best is trial 94 with value: 4.787600040435791.
LOCAL_RANK: 0 - CUDA_VISIBLE_DEVICES: [0]
[I 2023-11-30 09:27:12,238] Trial 137 finished with value: 10.504406929016113 and parameters: {'gradient_clip_val': 0.13224280887923004, 'hidden_size': 21, 'dropout': 0.19192256742422342, 'hidden_continuous_size': 21, 'attention_head_size': 2, 'learning_rate': 0.0063978645261628135}. Best is trial 94 with value: 4.787600040435791.
LOCAL_RANK: 0 - CUDA_VISIBLE_DEVICES: [0]
[I 2023-11-30 09:27:22,763] Trial 138 finished with value: 14.097774505615234 and parameters: {'gradient_clip_val': 0.12520527899099007, 'hidden_size': 13, 'dropout': 0.3280340763469965, 'hidden_continuous_size': 13, 'attention_head_size': 2, 'learning_rate': 0.005238045244828523}. Best is trial 94 with value: 4.787600040435791.
LOCAL_RANK: 0 - CUDA_VISIBLE_DEVICES: [0]
[I 2023-11-30 09:27:37,119] Trial 139 finished with value: 5.720747470855713 and parameters: {'gradient_clip_val': 0.10837099671526523, 'hidden_size': 126, 'dropout': 0.3818560096607514, 'hidden_continuous_size': 52, 'attention_head_size': 2, 'learning_rate': 0.008310924696644198}. Best is trial 94 with value: 4.787600040435791.
LOCAL_RANK: 0 - CUDA_VISIBLE_DEVICES: [0]
[I 2023-11-30 09:27:51,243] Trial 140 finished with value: 5.0525736808776855 and parameters: {'gradient_clip_val': 0.34077417931536375, 'hidden_size': 116, 'dropout': 0.35694308188427504, 'hidden_continuous_size': 62, 'attention_head_size': 3, 'learning_rate': 0.003042751541621461}. Best is trial 94 with value: 4.787600040435791.
LOCAL_RANK: 0 - CUDA_VISIBLE_DEVICES: [0]
[I 2023-11-30 09:28:01,867] Trial 141 finished with value: 11.557085990905762 and parameters: {'gradient_clip_val': 0.3360748046578038, 'hidden_size': 29, 'dropout': 0.3548642098748267, 'hidden_continuous_size': 29, 'attention_head_size': 3, 'learning_rate': 0.0027611929416686666}. Best is trial 94 with value: 4.787600040435791.
LOCAL_RANK: 0 - CUDA_VISIBLE_DEVICES: [0]
[I 2023-11-30 09:28:16,154] Trial 142 finished with value: 5.682557582855225 and parameters: {'gradient_clip_val': 0.11463887932692308, 'hidden_size': 117, 'dropout': 0.34061257143479334, 'hidden_continuous_size': 61, 'attention_head_size': 3, 'learning_rate': 0.003226955049148566}. Best is trial 94 with value: 4.787600040435791.
LOCAL_RANK: 0 - CUDA_VISIBLE_DEVICES: [0]
[I 2023-11-30 09:28:30,549] Trial 143 finished with value: 5.395102024078369 and parameters: {'gradient_clip_val': 0.26006633263348583, 'hidden_size': 126, 'dropout': 0.36358124985429535, 'hidden_continuous_size': 55, 'attention_head_size': 3, 'learning_rate': 0.0036943897328412406}. Best is trial 94 with value: 4.787600040435791.
LOCAL_RANK: 0 - CUDA_VISIBLE_DEVICES: [0]
[I 2023-11-30 09:28:44,668] Trial 144 finished with value: 6.4310173988342285 and parameters: {'gradient_clip_val': 0.34926789126292884, 'hidden_size': 108, 'dropout': 0.3579880314449714, 'hidden_continuous_size': 64, 'attention_head_size': 3, 'learning_rate': 0.004432363926299663}. Best is trial 94 with value: 4.787600040435791.
LOCAL_RANK: 0 - CUDA_VISIBLE_DEVICES: [0]
[I 2023-11-30 09:28:59,005] Trial 145 finished with value: 5.987701416015625 and parameters: {'gradient_clip_val': 0.10558761862195852, 'hidden_size': 135, 'dropout': 0.34996254643659264, 'hidden_continuous_size': 19, 'attention_head_size': 3, 'learning_rate': 0.003964676934435619}. Best is trial 94 with value: 4.787600040435791.
LOCAL_RANK: 0 - CUDA_VISIBLE_DEVICES: [0]
[I 2023-11-30 09:29:13,175] Trial 146 finished with value: 6.331662654876709 and parameters: {'gradient_clip_val': 0.40368099438215826, 'hidden_size': 73, 'dropout': 0.37661483385379224, 'hidden_continuous_size': 59, 'attention_head_size': 4, 'learning_rate': 0.004903323076756629}. Best is trial 94 with value: 4.787600040435791.
LOCAL_RANK: 0 - CUDA_VISIBLE_DEVICES: [0]
[I 2023-11-30 09:29:27,278] Trial 147 finished with value: 5.841133117675781 and parameters: {'gradient_clip_val': 0.11067786567150759, 'hidden_size': 115, 'dropout': 0.3684504066105199, 'hidden_continuous_size': 39, 'attention_head_size': 2, 'learning_rate': 0.002936939577735332}. Best is trial 94 with value: 4.787600040435791.
LOCAL_RANK: 0 - CUDA_VISIBLE_DEVICES: [0]
[I 2023-11-30 09:29:40,974] Trial 148 finished with value: 6.132894039154053 and parameters: {'gradient_clip_val': 0.11987694174752302, 'hidden_size': 62, 'dropout': 0.33670361977282437, 'hidden_continuous_size': 56, 'attention_head_size': 2, 'learning_rate': 0.02134546264836985}. Best is trial 94 with value: 4.787600040435791.
LOCAL_RANK: 0 - CUDA_VISIBLE_DEVICES: [0]
[I 2023-11-30 09:29:55,233] Trial 149 finished with value: 11.698121070861816 and parameters: {'gradient_clip_val': 0.1014109540837698, 'hidden_size': 85, 'dropout': 0.30861597349938363, 'hidden_continuous_size': 53, 'attention_head_size': 2, 'learning_rate': 0.002451581557027758}. Best is trial 94 with value: 4.787600040435791.
[I 2023-11-30 09:29:55,356] A new study created in memory with name: no-name-f3a0e1ba-58a0-4125-841c-9d83c1f6748d
/home/le004/conda/anaconda3/envs/tsff_env/lib/python3.9/site-packages/lightning/fabric/plugins/environments/slurm.py:191: The `srun` command is available on your system but is not used. HINT: If your intention is to run Lightning on SLURM, prepend your python command with `srun` like so: srun python /home/le004/master_thesis/git/TSFusionForecast/code/ ...
LOCAL_RANK: 0 - CUDA_VISIBLE_DEVICES: [0]
[I 2023-11-30 09:30:07,522] Trial 0 finished with value: 396.7106018066406 and parameters: {'gradient_clip_val': 0.2454470910784167, 'hidden_size': 17, 'dropout': 0.35507237278416004, 'hidden_continuous_size': 15, 'attention_head_size': 1, 'learning_rate': 0.006820054899284454}. Best is trial 0 with value: 396.7106018066406.
LOCAL_RANK: 0 - CUDA_VISIBLE_DEVICES: [0]
[I 2023-11-30 09:30:20,532] Trial 1 finished with value: 416.2434997558594 and parameters: {'gradient_clip_val': 0.5464445151409733, 'hidden_size': 51, 'dropout': 0.2997028622528242, 'hidden_continuous_size': 10, 'attention_head_size': 4, 'learning_rate': 0.0018556312810168827}. Best is trial 0 with value: 396.7106018066406.
LOCAL_RANK: 0 - CUDA_VISIBLE_DEVICES: [0]
[I 2023-11-30 09:30:35,112] Trial 2 finished with value: 319.5171203613281 and parameters: {'gradient_clip_val': 0.3103138692242778, 'hidden_size': 124, 'dropout': 0.13926446233118733, 'hidden_continuous_size': 114, 'attention_head_size': 2, 'learning_rate': 0.09976258231872986}. Best is trial 2 with value: 319.5171203613281.
LOCAL_RANK: 0 - CUDA_VISIBLE_DEVICES: [0]
[I 2023-11-30 09:30:47,412] Trial 3 finished with value: 599.61669921875 and parameters: {'gradient_clip_val': 0.614271150835035, 'hidden_size': 17, 'dropout': 0.14620603615812922, 'hidden_continuous_size': 12, 'attention_head_size': 4, 'learning_rate': 0.0011103813826381511}. Best is trial 2 with value: 319.5171203613281.
LOCAL_RANK: 0 - CUDA_VISIBLE_DEVICES: [0]
[I 2023-11-30 09:31:01,407] Trial 4 finished with value: 356.94580078125 and parameters: {'gradient_clip_val': 0.279018553504318, 'hidden_size': 77, 'dropout': 0.2817062027810874, 'hidden_continuous_size': 33, 'attention_head_size': 4, 'learning_rate': 0.07875921537673777}. Best is trial 2 with value: 319.5171203613281.
LOCAL_RANK: 0 - CUDA_VISIBLE_DEVICES: [0]
[I 2023-11-30 09:31:14,600] Trial 5 finished with value: 346.081298828125 and parameters: {'gradient_clip_val': 0.5780226658956885, 'hidden_size': 53, 'dropout': 0.3649177578029573, 'hidden_continuous_size': 16, 'attention_head_size': 4, 'learning_rate': 0.0681726389040904}. Best is trial 2 with value: 319.5171203613281.
LOCAL_RANK: 0 - CUDA_VISIBLE_DEVICES: [0]
[I 2023-11-30 09:31:28,638] Trial 6 finished with value: 319.6938171386719 and parameters: {'gradient_clip_val': 0.4608596892790046, 'hidden_size': 89, 'dropout': 0.13443916690556745, 'hidden_continuous_size': 61, 'attention_head_size': 2, 'learning_rate': 0.037970980712966965}. Best is trial 2 with value: 319.5171203613281.
LOCAL_RANK: 0 - CUDA_VISIBLE_DEVICES: [0]
[I 2023-11-30 09:31:40,830] Trial 7 finished with value: 500.5752868652344 and parameters: {'gradient_clip_val': 0.6801330349742583, 'hidden_size': 16, 'dropout': 0.33456628757962104, 'hidden_continuous_size': 15, 'attention_head_size': 4, 'learning_rate': 0.0010849812600284997}. Best is trial 2 with value: 319.5171203613281.
LOCAL_RANK: 0 - CUDA_VISIBLE_DEVICES: [0]
[I 2023-11-30 09:31:55,036] Trial 8 finished with value: 268.2272033691406 and parameters: {'gradient_clip_val': 0.17498185414165912, 'hidden_size': 84, 'dropout': 0.24778490198905576, 'hidden_continuous_size': 64, 'attention_head_size': 4, 'learning_rate': 0.005948035885633238}. Best is trial 8 with value: 268.2272033691406.
LOCAL_RANK: 0 - CUDA_VISIBLE_DEVICES: [0]
[I 2023-11-30 09:32:07,630] Trial 9 finished with value: 427.148193359375 and parameters: {'gradient_clip_val': 0.42658522411575595, 'hidden_size': 26, 'dropout': 0.3776316398191544, 'hidden_continuous_size': 24, 'attention_head_size': 3, 'learning_rate': 0.002142843696589631}. Best is trial 8 with value: 268.2272033691406.
LOCAL_RANK: 0 - CUDA_VISIBLE_DEVICES: [0]
[I 2023-11-30 09:32:22,132] Trial 10 finished with value: 297.7013244628906 and parameters: {'gradient_clip_val': 0.13235113144542, 'hidden_size': 144, 'dropout': 0.21343060333754207, 'hidden_continuous_size': 65, 'attention_head_size': 3, 'learning_rate': 0.010523847926469144}. Best is trial 8 with value: 268.2272033691406.
LOCAL_RANK: 0 - CUDA_VISIBLE_DEVICES: [0]
[I 2023-11-30 09:32:36,716] Trial 11 finished with value: 333.1670837402344 and parameters: {'gradient_clip_val': 0.13333969936205045, 'hidden_size': 145, 'dropout': 0.22339820702660845, 'hidden_continuous_size': 64, 'attention_head_size': 3, 'learning_rate': 0.009780432176939198}. Best is trial 8 with value: 268.2272033691406.
LOCAL_RANK: 0 - CUDA_VISIBLE_DEVICES: [0]
[I 2023-11-30 09:32:50,842] Trial 12 finished with value: 334.2861022949219 and parameters: {'gradient_clip_val': 0.10233507903907033, 'hidden_size': 97, 'dropout': 0.21757554893497558, 'hidden_continuous_size': 51, 'attention_head_size': 3, 'learning_rate': 0.018585160016128182}. Best is trial 8 with value: 268.2272033691406.
LOCAL_RANK: 0 - CUDA_VISIBLE_DEVICES: [0]
[I 2023-11-30 09:33:05,748] Trial 13 finished with value: 291.1971130371094 and parameters: {'gradient_clip_val': 0.17244209880241684, 'hidden_size': 146, 'dropout': 0.20816786119220942, 'hidden_continuous_size': 101, 'attention_head_size': 3, 'learning_rate': 0.0053447739044870535}. Best is trial 8 with value: 268.2272033691406.
LOCAL_RANK: 0 - CUDA_VISIBLE_DEVICES: [0]
[I 2023-11-30 09:33:19,556] Trial 14 finished with value: 245.2445068359375 and parameters: {'gradient_clip_val': 0.19521502045007, 'hidden_size': 63, 'dropout': 0.2589046934091071, 'hidden_continuous_size': 44, 'attention_head_size': 2, 'learning_rate': 0.004365580144784821}. Best is trial 14 with value: 245.2445068359375.
LOCAL_RANK: 0 - CUDA_VISIBLE_DEVICES: [0]
[I 2023-11-30 09:33:33,077] Trial 15 finished with value: 273.87286376953125 and parameters: {'gradient_clip_val': 0.21013560948996662, 'hidden_size': 58, 'dropout': 0.2609291575781339, 'hidden_continuous_size': 34, 'attention_head_size': 1, 'learning_rate': 0.0036184369061689806}. Best is trial 14 with value: 245.2445068359375.
LOCAL_RANK: 0 - CUDA_VISIBLE_DEVICES: [0]
