[I 2023-11-30 01:19:05,383] Trial 47 finished with value: 16.43453025817871 and parameters: {'gradient_clip_val': 0.1718696180703926, 'hidden_size': 148, 'dropout': 0.31190161948939066, 'hidden_continuous_size': 130, 'attention_head_size': 1, 'learning_rate': 0.020927970823710753}. Best is trial 25 with value: 12.851959228515625.
LOCAL_RANK: 0 - CUDA_VISIBLE_DEVICES: [0]
[I 2023-11-30 01:19:19,261] Trial 48 finished with value: 18.249900817871094 and parameters: {'gradient_clip_val': 0.15059135526116765, 'hidden_size': 108, 'dropout': 0.3431612288731695, 'hidden_continuous_size': 51, 'attention_head_size': 2, 'learning_rate': 0.014435166848232116}. Best is trial 25 with value: 12.851959228515625.
LOCAL_RANK: 0 - CUDA_VISIBLE_DEVICES: [0]
[I 2023-11-30 01:19:33,227] Trial 49 finished with value: 16.922285079956055 and parameters: {'gradient_clip_val': 0.1304785504897667, 'hidden_size': 75, 'dropout': 0.36065891237631964, 'hidden_continuous_size': 64, 'attention_head_size': 3, 'learning_rate': 0.009655926936387931}. Best is trial 25 with value: 12.851959228515625.
LOCAL_RANK: 0 - CUDA_VISIBLE_DEVICES: [0]
[I 2023-11-30 01:19:47,891] Trial 50 finished with value: 14.870708465576172 and parameters: {'gradient_clip_val': 0.10496897326137433, 'hidden_size': 138, 'dropout': 0.3050181540833358, 'hidden_continuous_size': 110, 'attention_head_size': 1, 'learning_rate': 0.030616847564222796}. Best is trial 25 with value: 12.851959228515625.
LOCAL_RANK: 0 - CUDA_VISIBLE_DEVICES: [0]
[I 2023-11-30 01:20:02,043] Trial 51 finished with value: 16.301637649536133 and parameters: {'gradient_clip_val': 0.11516452031667412, 'hidden_size': 108, 'dropout': 0.3713484231135754, 'hidden_continuous_size': 88, 'attention_head_size': 2, 'learning_rate': 0.012090816470248024}. Best is trial 25 with value: 12.851959228515625.
LOCAL_RANK: 0 - CUDA_VISIBLE_DEVICES: [0]
[I 2023-11-30 01:20:16,758] Trial 52 finished with value: 15.093413352966309 and parameters: {'gradient_clip_val': 0.12208781212920178, 'hidden_size': 129, 'dropout': 0.3812774232818447, 'hidden_continuous_size': 96, 'attention_head_size': 2, 'learning_rate': 0.013356938627967163}. Best is trial 25 with value: 12.851959228515625.
LOCAL_RANK: 0 - CUDA_VISIBLE_DEVICES: [0]
[I 2023-11-30 01:20:30,945] Trial 53 finished with value: 15.990750312805176 and parameters: {'gradient_clip_val': 0.1406841453372949, 'hidden_size': 96, 'dropout': 0.3475747492282713, 'hidden_continuous_size': 82, 'attention_head_size': 2, 'learning_rate': 0.016945514310550327}. Best is trial 25 with value: 12.851959228515625.
LOCAL_RANK: 0 - CUDA_VISIBLE_DEVICES: [0]
[I 2023-11-30 01:20:44,844] Trial 54 finished with value: 15.600956916809082 and parameters: {'gradient_clip_val': 0.10968815537486634, 'hidden_size': 69, 'dropout': 0.3279298396874429, 'hidden_continuous_size': 62, 'attention_head_size': 2, 'learning_rate': 0.00722570462511253}. Best is trial 25 with value: 12.851959228515625.
LOCAL_RANK: 0 - CUDA_VISIBLE_DEVICES: [0]
[I 2023-11-30 01:20:59,307] Trial 55 finished with value: 14.518566131591797 and parameters: {'gradient_clip_val': 0.1723939743605916, 'hidden_size': 121, 'dropout': 0.3648615463588124, 'hidden_continuous_size': 76, 'attention_head_size': 2, 'learning_rate': 0.02113595987463022}. Best is trial 25 with value: 12.851959228515625.
LOCAL_RANK: 0 - CUDA_VISIBLE_DEVICES: [0]
[I 2023-11-30 01:21:13,605] Trial 56 finished with value: 14.427815437316895 and parameters: {'gradient_clip_val': 0.13610460029028432, 'hidden_size': 103, 'dropout': 0.3868247487922038, 'hidden_continuous_size': 69, 'attention_head_size': 2, 'learning_rate': 0.009388419152410466}. Best is trial 25 with value: 12.851959228515625.
LOCAL_RANK: 0 - CUDA_VISIBLE_DEVICES: [0]
[I 2023-11-30 01:21:28,036] Trial 57 finished with value: 17.827341079711914 and parameters: {'gradient_clip_val': 0.15777541100665923, 'hidden_size': 90, 'dropout': 0.3864219213257989, 'hidden_continuous_size': 78, 'attention_head_size': 2, 'learning_rate': 0.009202340323558869}. Best is trial 25 with value: 12.851959228515625.
LOCAL_RANK: 0 - CUDA_VISIBLE_DEVICES: [0]
[I 2023-11-30 01:21:42,393] Trial 58 finished with value: 19.34925651550293 and parameters: {'gradient_clip_val': 0.13628292354378416, 'hidden_size': 107, 'dropout': 0.3361001085936809, 'hidden_continuous_size': 70, 'attention_head_size': 2, 'learning_rate': 0.007312650585918707}. Best is trial 25 with value: 12.851959228515625.
LOCAL_RANK: 0 - CUDA_VISIBLE_DEVICES: [0]
[I 2023-11-30 01:21:56,452] Trial 59 finished with value: 14.35470962524414 and parameters: {'gradient_clip_val': 0.1822165995599201, 'hidden_size': 96, 'dropout': 0.3654476504459336, 'hidden_continuous_size': 70, 'attention_head_size': 3, 'learning_rate': 0.014811671092726441}. Best is trial 25 with value: 12.851959228515625.
LOCAL_RANK: 0 - CUDA_VISIBLE_DEVICES: [0]
[I 2023-11-30 01:22:11,030] Trial 60 finished with value: 15.957486152648926 and parameters: {'gradient_clip_val': 0.18410478650776582, 'hidden_size': 136, 'dropout': 0.38545281500119016, 'hidden_continuous_size': 102, 'attention_head_size': 3, 'learning_rate': 0.010650363479302124}. Best is trial 25 with value: 12.851959228515625.
LOCAL_RANK: 0 - CUDA_VISIBLE_DEVICES: [0]
[I 2023-11-30 01:22:25,047] Trial 61 finished with value: 16.2672061920166 and parameters: {'gradient_clip_val': 0.15856619627430585, 'hidden_size': 96, 'dropout': 0.36747122844471464, 'hidden_continuous_size': 71, 'attention_head_size': 3, 'learning_rate': 0.015315321923232587}. Best is trial 25 with value: 12.851959228515625.
LOCAL_RANK: 0 - CUDA_VISIBLE_DEVICES: [0]
[I 2023-11-30 01:22:39,471] Trial 62 finished with value: 17.26979637145996 and parameters: {'gradient_clip_val': 0.12698778987233117, 'hidden_size': 82, 'dropout': 0.34783788990200687, 'hidden_continuous_size': 68, 'attention_head_size': 3, 'learning_rate': 0.01380270823840136}. Best is trial 25 with value: 12.851959228515625.
LOCAL_RANK: 0 - CUDA_VISIBLE_DEVICES: [0]
[I 2023-11-30 01:22:53,767] Trial 63 finished with value: 17.57682228088379 and parameters: {'gradient_clip_val': 0.14141540689564155, 'hidden_size': 102, 'dropout': 0.37218235110367826, 'hidden_continuous_size': 81, 'attention_head_size': 2, 'learning_rate': 0.00894353546143283}. Best is trial 25 with value: 12.851959228515625.
LOCAL_RANK: 0 - CUDA_VISIBLE_DEVICES: [0]
[I 2023-11-30 01:23:08,161] Trial 64 finished with value: 14.092896461486816 and parameters: {'gradient_clip_val': 0.2063032554432828, 'hidden_size': 91, 'dropout': 0.35384643664902365, 'hidden_continuous_size': 77, 'attention_head_size': 3, 'learning_rate': 0.01888474277923673}. Best is trial 25 with value: 12.851959228515625.
LOCAL_RANK: 0 - CUDA_VISIBLE_DEVICES: [0]
[I 2023-11-30 01:23:22,331] Trial 65 finished with value: 17.062950134277344 and parameters: {'gradient_clip_val': 0.18262177115874764, 'hidden_size': 77, 'dropout': 0.3526901446519921, 'hidden_continuous_size': 70, 'attention_head_size': 3, 'learning_rate': 0.011648977328413348}. Best is trial 25 with value: 12.851959228515625.
LOCAL_RANK: 0 - CUDA_VISIBLE_DEVICES: [0]
[I 2023-11-30 01:23:36,652] Trial 66 finished with value: 13.854094505310059 and parameters: {'gradient_clip_val': 0.2002623053703179, 'hidden_size': 102, 'dropout': 0.3340515566906169, 'hidden_continuous_size': 88, 'attention_head_size': 3, 'learning_rate': 0.019861541302327233}. Best is trial 25 with value: 12.851959228515625.
LOCAL_RANK: 0 - CUDA_VISIBLE_DEVICES: [0]
[I 2023-11-30 01:23:51,209] Trial 67 finished with value: 15.177483558654785 and parameters: {'gradient_clip_val': 0.21043285069446088, 'hidden_size': 126, 'dropout': 0.3343728247775113, 'hidden_continuous_size': 90, 'attention_head_size': 3, 'learning_rate': 0.02390752132775767}. Best is trial 25 with value: 12.851959228515625.
LOCAL_RANK: 0 - CUDA_VISIBLE_DEVICES: [0]
[I 2023-11-30 01:24:05,518] Trial 68 finished with value: 15.985222816467285 and parameters: {'gradient_clip_val': 0.2349717053431297, 'hidden_size': 85, 'dropout': 0.3201668025592843, 'hidden_continuous_size': 74, 'attention_head_size': 3, 'learning_rate': 0.019040656127150172}. Best is trial 25 with value: 12.851959228515625.
LOCAL_RANK: 0 - CUDA_VISIBLE_DEVICES: [0]
[I 2023-11-30 01:24:20,049] Trial 69 finished with value: 15.018197059631348 and parameters: {'gradient_clip_val': 0.1977352209270823, 'hidden_size': 112, 'dropout': 0.2771337321430764, 'hidden_continuous_size': 85, 'attention_head_size': 4, 'learning_rate': 0.021200759128155982}. Best is trial 25 with value: 12.851959228515625.
LOCAL_RANK: 0 - CUDA_VISIBLE_DEVICES: [0]
[I 2023-11-30 01:24:34,790] Trial 70 finished with value: 13.552495002746582 and parameters: {'gradient_clip_val': 0.171424947437, 'hidden_size': 137, 'dropout': 0.3277542432336612, 'hidden_continuous_size': 103, 'attention_head_size': 3, 'learning_rate': 0.014016182645023845}. Best is trial 25 with value: 12.851959228515625.
LOCAL_RANK: 0 - CUDA_VISIBLE_DEVICES: [0]
[I 2023-11-30 01:24:49,669] Trial 71 finished with value: 15.62915325164795 and parameters: {'gradient_clip_val': 0.16805176019365137, 'hidden_size': 140, 'dropout': 0.3401170755790934, 'hidden_continuous_size': 106, 'attention_head_size': 3, 'learning_rate': 0.01450245938195043}. Best is trial 25 with value: 12.851959228515625.
LOCAL_RANK: 0 - CUDA_VISIBLE_DEVICES: [0]
[I 2023-11-30 01:25:04,275] Trial 72 finished with value: 17.15009880065918 and parameters: {'gradient_clip_val': 0.18618498355311075, 'hidden_size': 121, 'dropout': 0.32758780617848154, 'hidden_continuous_size': 98, 'attention_head_size': 3, 'learning_rate': 0.01615621551234407}. Best is trial 25 with value: 12.851959228515625.
LOCAL_RANK: 0 - CUDA_VISIBLE_DEVICES: [0]
[I 2023-11-30 01:25:18,746] Trial 73 finished with value: 14.52478313446045 and parameters: {'gradient_clip_val': 0.26349558987650346, 'hidden_size': 101, 'dropout': 0.3514900665409476, 'hidden_continuous_size': 87, 'attention_head_size': 3, 'learning_rate': 0.012936840022490058}. Best is trial 25 with value: 12.851959228515625.
LOCAL_RANK: 0 - CUDA_VISIBLE_DEVICES: [0]
[I 2023-11-30 01:25:33,747] Trial 74 finished with value: 16.51070213317871 and parameters: {'gradient_clip_val': 0.17651591040842454, 'hidden_size': 150, 'dropout': 0.30191173093953433, 'hidden_continuous_size': 125, 'attention_head_size': 3, 'learning_rate': 0.011130819279254432}. Best is trial 25 with value: 12.851959228515625.
LOCAL_RANK: 0 - CUDA_VISIBLE_DEVICES: [0]
[I 2023-11-30 01:25:48,363] Trial 75 finished with value: 14.02320384979248 and parameters: {'gradient_clip_val': 0.1983430777811831, 'hidden_size': 114, 'dropout': 0.33038268574512386, 'hidden_continuous_size': 102, 'attention_head_size': 3, 'learning_rate': 0.025301701161334074}. Best is trial 25 with value: 12.851959228515625.
LOCAL_RANK: 0 - CUDA_VISIBLE_DEVICES: [0]
[I 2023-11-30 01:26:03,166] Trial 76 finished with value: 16.986404418945312 and parameters: {'gradient_clip_val': 0.22275468526595074, 'hidden_size': 134, 'dropout': 0.32714197678062035, 'hidden_continuous_size': 115, 'attention_head_size': 3, 'learning_rate': 0.026480045309420146}. Best is trial 25 with value: 12.851959228515625.
LOCAL_RANK: 0 - CUDA_VISIBLE_DEVICES: [0]
[I 2023-11-30 01:26:18,022] Trial 77 finished with value: 14.489048957824707 and parameters: {'gradient_clip_val': 0.15683639508571548, 'hidden_size': 119, 'dropout': 0.293956658333982, 'hidden_continuous_size': 102, 'attention_head_size': 3, 'learning_rate': 0.032208099184908946}. Best is trial 25 with value: 12.851959228515625.
LOCAL_RANK: 0 - CUDA_VISIBLE_DEVICES: [0]
[I 2023-11-30 01:26:32,366] Trial 78 finished with value: 15.006136894226074 and parameters: {'gradient_clip_val': 0.20466722333611387, 'hidden_size': 112, 'dropout': 0.31135456391565847, 'hidden_continuous_size': 100, 'attention_head_size': 4, 'learning_rate': 0.03629826268337931}. Best is trial 25 with value: 12.851959228515625.
LOCAL_RANK: 0 - CUDA_VISIBLE_DEVICES: [0]
[I 2023-11-30 01:26:47,126] Trial 79 finished with value: 14.254212379455566 and parameters: {'gradient_clip_val': 0.19620258722815356, 'hidden_size': 133, 'dropout': 0.3409378536458512, 'hidden_continuous_size': 114, 'attention_head_size': 3, 'learning_rate': 0.025659574337895456}. Best is trial 25 with value: 12.851959228515625.
LOCAL_RANK: 0 - CUDA_VISIBLE_DEVICES: [0]
[I 2023-11-30 01:27:01,584] Trial 80 finished with value: 12.620305061340332 and parameters: {'gradient_clip_val': 0.16651137728606943, 'hidden_size': 106, 'dropout': 0.3557024508261508, 'hidden_continuous_size': 93, 'attention_head_size': 3, 'learning_rate': 0.019172978772276736}. Best is trial 80 with value: 12.620305061340332.
LOCAL_RANK: 0 - CUDA_VISIBLE_DEVICES: [0]
[I 2023-11-30 01:27:16,078] Trial 81 finished with value: 16.180313110351562 and parameters: {'gradient_clip_val': 0.16627712592050453, 'hidden_size': 107, 'dropout': 0.35521013986413386, 'hidden_continuous_size': 96, 'attention_head_size': 3, 'learning_rate': 0.02117092238192297}. Best is trial 80 with value: 12.620305061340332.
LOCAL_RANK: 0 - CUDA_VISIBLE_DEVICES: [0]
[I 2023-11-30 01:27:30,617] Trial 82 finished with value: 15.227652549743652 and parameters: {'gradient_clip_val': 0.14830755143139857, 'hidden_size': 92, 'dropout': 0.3470260494331893, 'hidden_continuous_size': 81, 'attention_head_size': 3, 'learning_rate': 0.018590864787275795}. Best is trial 80 with value: 12.620305061340332.
LOCAL_RANK: 0 - CUDA_VISIBLE_DEVICES: [0]
[I 2023-11-30 01:27:45,129] Trial 83 finished with value: 14.33069896697998 and parameters: {'gradient_clip_val': 0.21814805192795447, 'hidden_size': 120, 'dropout': 0.33351979895203654, 'hidden_continuous_size': 94, 'attention_head_size': 3, 'learning_rate': 0.01753562185365637}. Best is trial 80 with value: 12.620305061340332.
LOCAL_RANK: 0 - CUDA_VISIBLE_DEVICES: [0]
[I 2023-11-30 01:27:59,432] Trial 84 finished with value: 12.903129577636719 and parameters: {'gradient_clip_val': 0.17411145463248803, 'hidden_size': 112, 'dropout': 0.3576475091892985, 'hidden_continuous_size': 90, 'attention_head_size': 3, 'learning_rate': 0.022500388265956087}. Best is trial 80 with value: 12.620305061340332.
LOCAL_RANK: 0 - CUDA_VISIBLE_DEVICES: [0]
[I 2023-11-30 01:28:14,080] Trial 85 finished with value: 14.941685676574707 and parameters: {'gradient_clip_val': 0.18867000431627762, 'hidden_size': 126, 'dropout': 0.31999527109853304, 'hidden_continuous_size': 105, 'attention_head_size': 3, 'learning_rate': 0.024337992240934875}. Best is trial 80 with value: 12.620305061340332.
LOCAL_RANK: 0 - CUDA_VISIBLE_DEVICES: [0]
[I 2023-11-30 01:28:28,585] Trial 86 finished with value: 12.755316734313965 and parameters: {'gradient_clip_val': 0.1727378398925614, 'hidden_size': 114, 'dropout': 0.35756017296021875, 'hidden_continuous_size': 91, 'attention_head_size': 3, 'learning_rate': 0.013204172665478676}. Best is trial 80 with value: 12.620305061340332.
LOCAL_RANK: 0 - CUDA_VISIBLE_DEVICES: [0]
[I 2023-11-30 01:28:43,634] Trial 87 finished with value: 15.218535423278809 and parameters: {'gradient_clip_val': 0.16476740539789303, 'hidden_size': 142, 'dropout': 0.3396878066062389, 'hidden_continuous_size': 119, 'attention_head_size': 3, 'learning_rate': 0.01272082437840881}. Best is trial 80 with value: 12.620305061340332.
LOCAL_RANK: 0 - CUDA_VISIBLE_DEVICES: [0]
[I 2023-11-30 01:28:58,124] Trial 88 finished with value: 13.091181755065918 and parameters: {'gradient_clip_val': 0.1756424950998294, 'hidden_size': 116, 'dropout': 0.3597781273164463, 'hidden_continuous_size': 93, 'attention_head_size': 3, 'learning_rate': 0.010127085747388506}. Best is trial 80 with value: 12.620305061340332.
LOCAL_RANK: 0 - CUDA_VISIBLE_DEVICES: [0]
[I 2023-11-30 01:29:12,553] Trial 89 finished with value: 16.37517738342285 and parameters: {'gradient_clip_val': 0.1751997868590097, 'hidden_size': 102, 'dropout': 0.3636131299414127, 'hidden_continuous_size': 91, 'attention_head_size': 3, 'learning_rate': 0.008054564438890662}. Best is trial 80 with value: 12.620305061340332.
LOCAL_RANK: 0 - CUDA_VISIBLE_DEVICES: [0]
[I 2023-11-30 01:29:27,103] Trial 90 finished with value: 15.43729019165039 and parameters: {'gradient_clip_val': 0.1424103551613604, 'hidden_size': 132, 'dropout': 0.37190731927024506, 'hidden_continuous_size': 87, 'attention_head_size': 3, 'learning_rate': 0.01346874634320567}. Best is trial 80 with value: 12.620305061340332.
LOCAL_RANK: 0 - CUDA_VISIBLE_DEVICES: [0]
[I 2023-11-30 01:29:41,609] Trial 91 finished with value: 17.017518997192383 and parameters: {'gradient_clip_val': 0.17525011765798174, 'hidden_size': 110, 'dropout': 0.34779193307262307, 'hidden_continuous_size': 92, 'attention_head_size': 3, 'learning_rate': 0.010081610691847756}. Best is trial 80 with value: 12.620305061340332.
LOCAL_RANK: 0 - CUDA_VISIBLE_DEVICES: [0]
[I 2023-11-30 01:29:56,354] Trial 92 finished with value: 13.306757926940918 and parameters: {'gradient_clip_val': 0.1559991662540166, 'hidden_size': 115, 'dropout': 0.3271782437493014, 'hidden_continuous_size': 103, 'attention_head_size': 3, 'learning_rate': 0.011688198043024864}. Best is trial 80 with value: 12.620305061340332.
LOCAL_RANK: 0 - CUDA_VISIBLE_DEVICES: [0]
[I 2023-11-30 01:30:11,037] Trial 93 finished with value: 15.493597984313965 and parameters: {'gradient_clip_val': 0.16156418442146378, 'hidden_size': 121, 'dropout': 0.35940902944443315, 'hidden_continuous_size': 109, 'attention_head_size': 3, 'learning_rate': 0.009957899052272855}. Best is trial 80 with value: 12.620305061340332.
LOCAL_RANK: 0 - CUDA_VISIBLE_DEVICES: [0]
[I 2023-11-30 01:30:25,644] Trial 94 finished with value: 15.908724784851074 and parameters: {'gradient_clip_val': 0.13088229662347478, 'hidden_size': 105, 'dropout': 0.37720670307555704, 'hidden_continuous_size': 94, 'attention_head_size': 4, 'learning_rate': 0.011960126994242787}. Best is trial 80 with value: 12.620305061340332.
LOCAL_RANK: 0 - CUDA_VISIBLE_DEVICES: [0]
[I 2023-11-30 01:30:40,797] Trial 95 finished with value: 15.732840538024902 and parameters: {'gradient_clip_val': 0.15330779864432556, 'hidden_size': 143, 'dropout': 0.3402991116460008, 'hidden_continuous_size': 141, 'attention_head_size': 3, 'learning_rate': 0.01585930163874149}. Best is trial 80 with value: 12.620305061340332.
LOCAL_RANK: 0 - CUDA_VISIBLE_DEVICES: [0]
[I 2023-11-30 01:30:55,455] Trial 96 finished with value: 14.505749702453613 and parameters: {'gradient_clip_val': 0.14444891252259962, 'hidden_size': 127, 'dropout': 0.32567127767622517, 'hidden_continuous_size': 111, 'attention_head_size': 3, 'learning_rate': 0.011391248872115836}. Best is trial 80 with value: 12.620305061340332.
LOCAL_RANK: 0 - CUDA_VISIBLE_DEVICES: [0]
[I 2023-11-30 01:31:09,954] Trial 97 finished with value: 16.310020446777344 and parameters: {'gradient_clip_val': 0.16580667916891592, 'hidden_size': 115, 'dropout': 0.3600788182900596, 'hidden_continuous_size': 85, 'attention_head_size': 3, 'learning_rate': 0.008555294417629073}. Best is trial 80 with value: 12.620305061340332.
LOCAL_RANK: 0 - CUDA_VISIBLE_DEVICES: [0]
[I 2023-11-30 01:31:24,410] Trial 98 finished with value: 16.19450569152832 and parameters: {'gradient_clip_val': 0.15620013563018875, 'hidden_size': 102, 'dropout': 0.34633503293150997, 'hidden_continuous_size': 89, 'attention_head_size': 3, 'learning_rate': 0.013881319294674663}. Best is trial 80 with value: 12.620305061340332.
LOCAL_RANK: 0 - CUDA_VISIBLE_DEVICES: [0]
[I 2023-11-30 01:31:38,716] Trial 99 finished with value: 17.599119186401367 and parameters: {'gradient_clip_val': 0.18627393041379822, 'hidden_size': 97, 'dropout': 0.33461972533779444, 'hidden_continuous_size': 80, 'attention_head_size': 3, 'learning_rate': 0.010157859136085228}. Best is trial 80 with value: 12.620305061340332.
LOCAL_RANK: 0 - CUDA_VISIBLE_DEVICES: [0]
[I 2023-11-30 01:31:53,005] Trial 100 finished with value: 16.138826370239258 and parameters: {'gradient_clip_val': 0.13735651121231818, 'hidden_size': 87, 'dropout': 0.35418506773202185, 'hidden_continuous_size': 83, 'attention_head_size': 3, 'learning_rate': 0.007516070581948531}. Best is trial 80 with value: 12.620305061340332.
LOCAL_RANK: 0 - CUDA_VISIBLE_DEVICES: [0]
[I 2023-11-30 01:32:07,583] Trial 101 finished with value: 15.540539741516113 and parameters: {'gradient_clip_val': 0.17456945465116372, 'hidden_size': 113, 'dropout': 0.3160003294905828, 'hidden_continuous_size': 104, 'attention_head_size': 3, 'learning_rate': 0.01585045949806696}. Best is trial 80 with value: 12.620305061340332.
LOCAL_RANK: 0 - CUDA_VISIBLE_DEVICES: [0]
[I 2023-11-30 01:32:22,191] Trial 102 finished with value: 14.687138557434082 and parameters: {'gradient_clip_val': 0.19885285100778893, 'hidden_size': 116, 'dropout': 0.32942543848804096, 'hidden_continuous_size': 98, 'attention_head_size': 3, 'learning_rate': 0.00914409579218396}. Best is trial 80 with value: 12.620305061340332.
LOCAL_RANK: 0 - CUDA_VISIBLE_DEVICES: [0]
[I 2023-11-30 01:32:36,867] Trial 103 finished with value: 14.979010581970215 and parameters: {'gradient_clip_val': 0.15117119413500438, 'hidden_size': 129, 'dropout': 0.32248151841516054, 'hidden_continuous_size': 102, 'attention_head_size': 3, 'learning_rate': 0.006697319347955586}. Best is trial 80 with value: 12.620305061340332.
LOCAL_RANK: 0 - CUDA_VISIBLE_DEVICES: [0]
[I 2023-11-30 01:32:51,311] Trial 104 finished with value: 18.782501220703125 and parameters: {'gradient_clip_val': 0.1911523897102328, 'hidden_size': 109, 'dropout': 0.3129553687726672, 'hidden_continuous_size': 98, 'attention_head_size': 3, 'learning_rate': 0.010885058167255093}. Best is trial 80 with value: 12.620305061340332.
LOCAL_RANK: 0 - CUDA_VISIBLE_DEVICES: [0]
