[I 2023-11-30 00:38:10,589] Trial 22 finished with value: 5.767922878265381 and parameters: {'gradient_clip_val': 0.80028012572985, 'hidden_size': 53, 'dropout': 0.3721139013019494, 'hidden_continuous_size': 40, 'attention_head_size': 4, 'learning_rate': 0.05737351912838858}. Best is trial 11 with value: 5.131938457489014.
LOCAL_RANK: 0 - CUDA_VISIBLE_DEVICES: [0]
[I 2023-11-30 00:38:24,623] Trial 23 finished with value: 5.991300582885742 and parameters: {'gradient_clip_val': 0.6278134227501595, 'hidden_size': 89, 'dropout': 0.364120638066969, 'hidden_continuous_size': 60, 'attention_head_size': 3, 'learning_rate': 0.05699301156639444}. Best is trial 11 with value: 5.131938457489014.
LOCAL_RANK: 0 - CUDA_VISIBLE_DEVICES: [0]
[I 2023-11-30 00:38:39,799] Trial 24 finished with value: 5.886651515960693 and parameters: {'gradient_clip_val': 0.4828625163705011, 'hidden_size': 146, 'dropout': 0.3316179860207376, 'hidden_continuous_size': 129, 'attention_head_size': 4, 'learning_rate': 0.03804055507463303}. Best is trial 11 with value: 5.131938457489014.
LOCAL_RANK: 0 - CUDA_VISIBLE_DEVICES: [0]
[I 2023-11-30 00:38:53,587] Trial 25 finished with value: 5.931677341461182 and parameters: {'gradient_clip_val': 0.9734484021861001, 'hidden_size': 69, 'dropout': 0.37477665431895874, 'hidden_continuous_size': 47, 'attention_head_size': 3, 'learning_rate': 0.09759085659803705}. Best is trial 11 with value: 5.131938457489014.
LOCAL_RANK: 0 - CUDA_VISIBLE_DEVICES: [0]
[I 2023-11-30 00:39:07,137] Trial 26 finished with value: 5.733701705932617 and parameters: {'gradient_clip_val': 0.7929105807270458, 'hidden_size': 49, 'dropout': 0.30379688801313326, 'hidden_continuous_size': 36, 'attention_head_size': 4, 'learning_rate': 0.06249512241517749}. Best is trial 11 with value: 5.131938457489014.
LOCAL_RANK: 0 - CUDA_VISIBLE_DEVICES: [0]
[I 2023-11-30 00:39:21,710] Trial 27 finished with value: 5.881862640380859 and parameters: {'gradient_clip_val': 0.6547215918226591, 'hidden_size': 103, 'dropout': 0.3372226438757145, 'hidden_continuous_size': 52, 'attention_head_size': 4, 'learning_rate': 0.07205824540445112}. Best is trial 11 with value: 5.131938457489014.
LOCAL_RANK: 0 - CUDA_VISIBLE_DEVICES: [0]
[I 2023-11-30 00:39:35,408] Trial 28 finished with value: 5.539513111114502 and parameters: {'gradient_clip_val': 0.8525703775268779, 'hidden_size': 63, 'dropout': 0.3763168790724222, 'hidden_continuous_size': 45, 'attention_head_size': 3, 'learning_rate': 0.03182708258008861}. Best is trial 11 with value: 5.131938457489014.
LOCAL_RANK: 0 - CUDA_VISIBLE_DEVICES: [0]
[I 2023-11-30 00:39:49,418] Trial 29 finished with value: 5.1566901206970215 and parameters: {'gradient_clip_val': 0.5296893492262119, 'hidden_size': 79, 'dropout': 0.29768163669344117, 'hidden_continuous_size': 54, 'attention_head_size': 2, 'learning_rate': 0.023272020794242423}. Best is trial 11 with value: 5.131938457489014.
LOCAL_RANK: 0 - CUDA_VISIBLE_DEVICES: [0]
[I 2023-11-30 00:40:02,157] Trial 30 finished with value: 8.147748947143555 and parameters: {'gradient_clip_val': 0.4054181064615676, 'hidden_size': 34, 'dropout': 0.28668968179042126, 'hidden_continuous_size': 16, 'attention_head_size': 2, 'learning_rate': 0.022121856028868934}. Best is trial 11 with value: 5.131938457489014.
LOCAL_RANK: 0 - CUDA_VISIBLE_DEVICES: [0]
[I 2023-11-30 00:40:16,259] Trial 31 finished with value: 5.376178741455078 and parameters: {'gradient_clip_val': 0.5553646847454856, 'hidden_size': 81, 'dropout': 0.30766593879030457, 'hidden_continuous_size': 59, 'attention_head_size': 2, 'learning_rate': 0.04581567288149003}. Best is trial 11 with value: 5.131938457489014.
LOCAL_RANK: 0 - CUDA_VISIBLE_DEVICES: [0]
[I 2023-11-30 00:40:30,380] Trial 32 finished with value: 6.482408046722412 and parameters: {'gradient_clip_val': 0.6898414122471006, 'hidden_size': 98, 'dropout': 0.34478560540483116, 'hidden_continuous_size': 68, 'attention_head_size': 1, 'learning_rate': 0.015248220094466918}. Best is trial 11 with value: 5.131938457489014.
LOCAL_RANK: 0 - CUDA_VISIBLE_DEVICES: [0]
[I 2023-11-30 00:40:44,277] Trial 33 finished with value: 6.340263366699219 and parameters: {'gradient_clip_val': 0.6131499574084075, 'hidden_size': 82, 'dropout': 0.3259945094369834, 'hidden_continuous_size': 51, 'attention_head_size': 1, 'learning_rate': 0.026151807667119206}. Best is trial 11 with value: 5.131938457489014.
LOCAL_RANK: 0 - CUDA_VISIBLE_DEVICES: [0]
[I 2023-11-30 00:40:58,351] Trial 34 finished with value: 5.270767688751221 and parameters: {'gradient_clip_val': 0.8484229252411042, 'hidden_size': 116, 'dropout': 0.2750195694676574, 'hidden_continuous_size': 64, 'attention_head_size': 2, 'learning_rate': 0.07627506890065064}. Best is trial 11 with value: 5.131938457489014.
LOCAL_RANK: 0 - CUDA_VISIBLE_DEVICES: [0]
[I 2023-11-30 00:41:11,966] Trial 35 finished with value: 5.6582818031311035 and parameters: {'gradient_clip_val': 0.9981720665211159, 'hidden_size': 68, 'dropout': 0.3408833850051064, 'hidden_continuous_size': 42, 'attention_head_size': 2, 'learning_rate': 0.03695432187063463}. Best is trial 11 with value: 5.131938457489014.
LOCAL_RANK: 0 - CUDA_VISIBLE_DEVICES: [0]
[I 2023-11-30 00:41:26,186] Trial 36 finished with value: 6.296630859375 and parameters: {'gradient_clip_val': 0.5370891395345729, 'hidden_size': 107, 'dropout': 0.3986335780369402, 'hidden_continuous_size': 53, 'attention_head_size': 3, 'learning_rate': 0.051666742014315876}. Best is trial 11 with value: 5.131938457489014.
LOCAL_RANK: 0 - CUDA_VISIBLE_DEVICES: [0]
[I 2023-11-30 00:41:39,735] Trial 37 finished with value: 5.463335037231445 and parameters: {'gradient_clip_val': 0.7371856386198534, 'hidden_size': 60, 'dropout': 0.2972713584846614, 'hidden_continuous_size': 39, 'attention_head_size': 1, 'learning_rate': 0.07139201243597633}. Best is trial 11 with value: 5.131938457489014.
LOCAL_RANK: 0 - CUDA_VISIBLE_DEVICES: [0]
[I 2023-11-30 00:41:53,629] Trial 38 finished with value: 5.890918731689453 and parameters: {'gradient_clip_val': 0.8508436417012706, 'hidden_size': 78, 'dropout': 0.26630394547115277, 'hidden_continuous_size': 46, 'attention_head_size': 2, 'learning_rate': 0.012174916843653658}. Best is trial 11 with value: 5.131938457489014.
LOCAL_RANK: 0 - CUDA_VISIBLE_DEVICES: [0]
[I 2023-11-30 00:42:07,786] Trial 39 finished with value: 5.410617828369141 and parameters: {'gradient_clip_val': 0.6838683195624427, 'hidden_size': 122, 'dropout': 0.31743494004730266, 'hidden_continuous_size': 32, 'attention_head_size': 3, 'learning_rate': 0.02375001472022087}. Best is trial 11 with value: 5.131938457489014.
LOCAL_RANK: 0 - CUDA_VISIBLE_DEVICES: [0]
[I 2023-11-30 00:42:20,874] Trial 40 finished with value: 6.166765213012695 and parameters: {'gradient_clip_val': 0.609398254389624, 'hidden_size': 46, 'dropout': 0.2918366967743205, 'hidden_continuous_size': 27, 'attention_head_size': 2, 'learning_rate': 0.03202723998717391}. Best is trial 11 with value: 5.131938457489014.
LOCAL_RANK: 0 - CUDA_VISIBLE_DEVICES: [0]
[I 2023-11-30 00:42:35,172] Trial 41 finished with value: 5.9214701652526855 and parameters: {'gradient_clip_val': 0.88014749993002, 'hidden_size': 123, 'dropout': 0.27860691217246564, 'hidden_continuous_size': 64, 'attention_head_size': 2, 'learning_rate': 0.07529660522803183}. Best is trial 11 with value: 5.131938457489014.
LOCAL_RANK: 0 - CUDA_VISIBLE_DEVICES: [0]
[I 2023-11-30 00:42:49,732] Trial 42 finished with value: 5.375898838043213 and parameters: {'gradient_clip_val': 0.8748386039827216, 'hidden_size': 114, 'dropout': 0.27349539107512555, 'hidden_continuous_size': 74, 'attention_head_size': 2, 'learning_rate': 0.058352349820468476}. Best is trial 11 with value: 5.131938457489014.
LOCAL_RANK: 0 - CUDA_VISIBLE_DEVICES: [0]
[I 2023-11-30 00:43:03,880] Trial 43 finished with value: 6.460123538970947 and parameters: {'gradient_clip_val': 0.7781532746014954, 'hidden_size': 98, 'dropout': 0.23631198346619983, 'hidden_continuous_size': 63, 'attention_head_size': 2, 'learning_rate': 0.0839497755857581}. Best is trial 11 with value: 5.131938457489014.
LOCAL_RANK: 0 - CUDA_VISIBLE_DEVICES: [0]
[I 2023-11-30 00:43:17,460] Trial 44 finished with value: 6.449193954467773 and parameters: {'gradient_clip_val': 0.9296791429933433, 'hidden_size': 57, 'dropout': 0.26119882013775864, 'hidden_continuous_size': 44, 'attention_head_size': 1, 'learning_rate': 0.08095922457847805}. Best is trial 11 with value: 5.131938457489014.
LOCAL_RANK: 0 - CUDA_VISIBLE_DEVICES: [0]
[I 2023-11-30 00:43:32,075] Trial 45 finished with value: 5.99185037612915 and parameters: {'gradient_clip_val': 0.6530014549079601, 'hidden_size': 137, 'dropout': 0.29970646081824426, 'hidden_continuous_size': 92, 'attention_head_size': 2, 'learning_rate': 0.045604677229535505}. Best is trial 11 with value: 5.131938457489014.
LOCAL_RANK: 0 - CUDA_VISIBLE_DEVICES: [0]
[I 2023-11-30 00:43:46,051] Trial 46 finished with value: 5.85986852645874 and parameters: {'gradient_clip_val': 0.854764545859801, 'hidden_size': 70, 'dropout': 0.2872589720038906, 'hidden_continuous_size': 50, 'attention_head_size': 4, 'learning_rate': 0.06379583214130323}. Best is trial 11 with value: 5.131938457489014.
LOCAL_RANK: 0 - CUDA_VISIBLE_DEVICES: [0]
[I 2023-11-30 00:44:00,169] Trial 47 finished with value: 5.69622278213501 and parameters: {'gradient_clip_val': 0.7388176441131278, 'hidden_size': 88, 'dropout': 0.3219838555329106, 'hidden_continuous_size': 57, 'attention_head_size': 3, 'learning_rate': 0.08316773960820008}. Best is trial 11 with value: 5.131938457489014.
LOCAL_RANK: 0 - CUDA_VISIBLE_DEVICES: [0]
[I 2023-11-30 00:44:14,703] Trial 48 finished with value: 5.571977138519287 and parameters: {'gradient_clip_val': 0.578935945501023, 'hidden_size': 107, 'dropout': 0.33528789891514993, 'hidden_continuous_size': 69, 'attention_head_size': 4, 'learning_rate': 0.04249026826975912}. Best is trial 11 with value: 5.131938457489014.
LOCAL_RANK: 0 - CUDA_VISIBLE_DEVICES: [0]
[I 2023-11-30 00:44:28,687] Trial 49 finished with value: 5.299132823944092 and parameters: {'gradient_clip_val': 0.499188380414894, 'hidden_size': 77, 'dropout': 0.3483372581051637, 'hidden_continuous_size': 56, 'attention_head_size': 2, 'learning_rate': 0.0526521633550002}. Best is trial 11 with value: 5.131938457489014.
LOCAL_RANK: 0 - CUDA_VISIBLE_DEVICES: [0]
[I 2023-11-30 00:44:43,206] Trial 50 finished with value: 5.401339054107666 and parameters: {'gradient_clip_val': 0.7051995024252445, 'hidden_size': 132, 'dropout': 0.2767242097262003, 'hidden_continuous_size': 82, 'attention_head_size': 3, 'learning_rate': 0.0323986988044282}. Best is trial 11 with value: 5.131938457489014.
LOCAL_RANK: 0 - CUDA_VISIBLE_DEVICES: [0]
[I 2023-11-30 00:44:57,104] Trial 51 finished with value: 5.242875099182129 and parameters: {'gradient_clip_val': 0.3730749638481661, 'hidden_size': 80, 'dropout': 0.3614035859854579, 'hidden_continuous_size': 55, 'attention_head_size': 2, 'learning_rate': 0.057332646426620906}. Best is trial 11 with value: 5.131938457489014.
LOCAL_RANK: 0 - CUDA_VISIBLE_DEVICES: [0]
[I 2023-11-30 00:45:11,418] Trial 52 finished with value: 5.489259243011475 and parameters: {'gradient_clip_val': 0.40816739139143404, 'hidden_size': 90, 'dropout': 0.356358729799999, 'hidden_continuous_size': 62, 'attention_head_size': 2, 'learning_rate': 0.06706761191398448}. Best is trial 11 with value: 5.131938457489014.
LOCAL_RANK: 0 - CUDA_VISIBLE_DEVICES: [0]
[I 2023-11-30 00:45:25,162] Trial 53 finished with value: 6.1530442237854 and parameters: {'gradient_clip_val': 0.33710532168040636, 'hidden_size': 63, 'dropout': 0.3820079052947273, 'hidden_continuous_size': 49, 'attention_head_size': 2, 'learning_rate': 0.09536521639781226}. Best is trial 11 with value: 5.131938457489014.
LOCAL_RANK: 0 - CUDA_VISIBLE_DEVICES: [0]
[I 2023-11-30 00:45:39,080] Trial 54 finished with value: 6.25847053527832 and parameters: {'gradient_clip_val': 0.5164912212530223, 'hidden_size': 84, 'dropout': 0.37050314871076623, 'hidden_continuous_size': 58, 'attention_head_size': 2, 'learning_rate': 0.057373975089449934}. Best is trial 11 with value: 5.131938457489014.
LOCAL_RANK: 0 - CUDA_VISIBLE_DEVICES: [0]
[I 2023-11-30 00:45:53,046] Trial 55 finished with value: 5.570631504058838 and parameters: {'gradient_clip_val': 0.4422594636261245, 'hidden_size': 71, 'dropout': 0.36444798015187363, 'hidden_continuous_size': 53, 'attention_head_size': 4, 'learning_rate': 0.04276115132371306}. Best is trial 11 with value: 5.131938457489014.
LOCAL_RANK: 0 - CUDA_VISIBLE_DEVICES: [0]
[I 2023-11-30 00:46:07,400] Trial 56 finished with value: 5.575266361236572 and parameters: {'gradient_clip_val': 0.9294832728096117, 'hidden_size': 113, 'dropout': 0.31599601648811904, 'hidden_continuous_size': 71, 'attention_head_size': 2, 'learning_rate': 0.08050414711566316}. Best is trial 11 with value: 5.131938457489014.
LOCAL_RANK: 0 - CUDA_VISIBLE_DEVICES: [0]
[I 2023-11-30 00:46:21,677] Trial 57 finished with value: 5.997045993804932 and parameters: {'gradient_clip_val': 0.6028668268640046, 'hidden_size': 97, 'dropout': 0.3860139197969314, 'hidden_continuous_size': 64, 'attention_head_size': 4, 'learning_rate': 0.052292866845967616}. Best is trial 11 with value: 5.131938457489014.
LOCAL_RANK: 0 - CUDA_VISIBLE_DEVICES: [0]
[I 2023-11-30 00:46:35,740] Trial 58 finished with value: 5.738040924072266 and parameters: {'gradient_clip_val': 0.2770995804413549, 'hidden_size': 76, 'dropout': 0.3302441755381531, 'hidden_continuous_size': 48, 'attention_head_size': 2, 'learning_rate': 0.06909357280070302}. Best is trial 11 with value: 5.131938457489014.
LOCAL_RANK: 0 - CUDA_VISIBLE_DEVICES: [0]
[I 2023-11-30 00:46:49,022] Trial 59 finished with value: 5.4024176597595215 and parameters: {'gradient_clip_val': 0.7968225299442319, 'hidden_size': 52, 'dropout': 0.34441082649982485, 'hidden_continuous_size': 43, 'attention_head_size': 1, 'learning_rate': 0.03761108781840324}. Best is trial 11 with value: 5.131938457489014.
LOCAL_RANK: 0 - CUDA_VISIBLE_DEVICES: [0]
[I 2023-11-30 00:47:03,067] Trial 60 finished with value: 5.885508060455322 and parameters: {'gradient_clip_val': 0.6586152793503872, 'hidden_size': 86, 'dropout': 0.31307932248608283, 'hidden_continuous_size': 56, 'attention_head_size': 3, 'learning_rate': 0.09473301059226555}. Best is trial 11 with value: 5.131938457489014.
LOCAL_RANK: 0 - CUDA_VISIBLE_DEVICES: [0]
[I 2023-11-30 00:47:16,767] Trial 61 finished with value: 6.039085388183594 and parameters: {'gradient_clip_val': 0.4962644312376594, 'hidden_size': 76, 'dropout': 0.35166658907506004, 'hidden_continuous_size': 55, 'attention_head_size': 2, 'learning_rate': 0.0524083889685253}. Best is trial 11 with value: 5.131938457489014.
LOCAL_RANK: 0 - CUDA_VISIBLE_DEVICES: [0]
[I 2023-11-30 00:47:30,478] Trial 62 finished with value: 5.672143936157227 and parameters: {'gradient_clip_val': 0.5438200053715077, 'hidden_size': 65, 'dropout': 0.36110882478446593, 'hidden_continuous_size': 49, 'attention_head_size': 2, 'learning_rate': 0.06268474445144073}. Best is trial 11 with value: 5.131938457489014.
LOCAL_RANK: 0 - CUDA_VISIBLE_DEVICES: [0]
[I 2023-11-30 00:47:44,259] Trial 63 finished with value: 5.79256010055542 and parameters: {'gradient_clip_val': 0.4734055218161947, 'hidden_size': 58, 'dropout': 0.34619536758570213, 'hidden_continuous_size': 52, 'attention_head_size': 2, 'learning_rate': 0.05184340905434149}. Best is trial 11 with value: 5.131938457489014.
LOCAL_RANK: 0 - CUDA_VISIBLE_DEVICES: [0]
[I 2023-11-30 00:47:58,003] Trial 64 finished with value: 6.016674041748047 and parameters: {'gradient_clip_val': 0.38370387530369343, 'hidden_size': 76, 'dropout': 0.30229927221212993, 'hidden_continuous_size': 60, 'attention_head_size': 2, 'learning_rate': 0.07622054446742976}. Best is trial 11 with value: 5.131938457489014.
LOCAL_RANK: 0 - CUDA_VISIBLE_DEVICES: [0]
[I 2023-11-30 00:48:12,392] Trial 65 finished with value: 5.3295674324035645 and parameters: {'gradient_clip_val': 0.5692678962698944, 'hidden_size': 102, 'dropout': 0.32928524672293336, 'hidden_continuous_size': 67, 'attention_head_size': 4, 'learning_rate': 0.06414557093632134}. Best is trial 11 with value: 5.131938457489014.
LOCAL_RANK: 0 - CUDA_VISIBLE_DEVICES: [0]
[I 2023-11-30 00:48:26,223] Trial 66 finished with value: 5.634237766265869 and parameters: {'gradient_clip_val': 0.5078249322262506, 'hidden_size': 67, 'dropout': 0.3796775033277875, 'hidden_continuous_size': 55, 'attention_head_size': 2, 'learning_rate': 0.098635698472991}. Best is trial 11 with value: 5.131938457489014.
LOCAL_RANK: 0 - CUDA_VISIBLE_DEVICES: [0]
[I 2023-11-30 00:48:40,473] Trial 67 finished with value: 5.203531742095947 and parameters: {'gradient_clip_val': 0.7272041909252981, 'hidden_size': 83, 'dropout': 0.36448463914383844, 'hidden_continuous_size': 60, 'attention_head_size': 3, 'learning_rate': 0.0412894567194381}. Best is trial 11 with value: 5.131938457489014.
LOCAL_RANK: 0 - CUDA_VISIBLE_DEVICES: [0]
[I 2023-11-30 00:48:54,902] Trial 68 finished with value: 5.498247146606445 and parameters: {'gradient_clip_val': 0.7382628965660192, 'hidden_size': 91, 'dropout': 0.39201363590741317, 'hidden_continuous_size': 65, 'attention_head_size': 3, 'learning_rate': 0.044027672206884645}. Best is trial 11 with value: 5.131938457489014.
LOCAL_RANK: 0 - CUDA_VISIBLE_DEVICES: [0]
[I 2023-11-30 00:49:08,890] Trial 69 finished with value: 6.59284782409668 and parameters: {'gradient_clip_val': 0.9960350308935416, 'hidden_size': 86, 'dropout': 0.3722034307936054, 'hidden_continuous_size': 61, 'attention_head_size': 3, 'learning_rate': 0.03728642256752221}. Best is trial 11 with value: 5.131938457489014.
LOCAL_RANK: 0 - CUDA_VISIBLE_DEVICES: [0]
[I 2023-11-30 00:49:23,331] Trial 70 finished with value: 5.817974090576172 and parameters: {'gradient_clip_val': 0.8478024998761011, 'hidden_size': 99, 'dropout': 0.33775934508408634, 'hidden_continuous_size': 74, 'attention_head_size': 3, 'learning_rate': 0.026691563272704638}. Best is trial 11 with value: 5.131938457489014.
LOCAL_RANK: 0 - CUDA_VISIBLE_DEVICES: [0]
[I 2023-11-30 00:49:37,395] Trial 71 finished with value: 5.096536636352539 and parameters: {'gradient_clip_val': 0.6399021596608833, 'hidden_size': 80, 'dropout': 0.35136187934015256, 'hidden_continuous_size': 58, 'attention_head_size': 4, 'learning_rate': 0.057816042521102534}. Best is trial 71 with value: 5.096536636352539.
LOCAL_RANK: 0 - CUDA_VISIBLE_DEVICES: [0]
[I 2023-11-30 00:49:51,552] Trial 72 finished with value: 5.5070953369140625 and parameters: {'gradient_clip_val': 0.6481503474351694, 'hidden_size': 82, 'dropout': 0.3590685598365955, 'hidden_continuous_size': 60, 'attention_head_size': 4, 'learning_rate': 0.07078105609178824}. Best is trial 71 with value: 5.096536636352539.
LOCAL_RANK: 0 - CUDA_VISIBLE_DEVICES: [0]
[I 2023-11-30 00:50:05,654] Trial 73 finished with value: 5.280497074127197 and parameters: {'gradient_clip_val': 0.6982904022562156, 'hidden_size': 72, 'dropout': 0.36715310013766256, 'hidden_continuous_size': 46, 'attention_head_size': 4, 'learning_rate': 0.08624508278628339}. Best is trial 71 with value: 5.096536636352539.
LOCAL_RANK: 0 - CUDA_VISIBLE_DEVICES: [0]
[I 2023-11-30 00:50:20,011] Trial 74 finished with value: 5.595448970794678 and parameters: {'gradient_clip_val': 0.7982750103700889, 'hidden_size': 94, 'dropout': 0.3526992494770664, 'hidden_continuous_size': 67, 'attention_head_size': 4, 'learning_rate': 0.057094165901066044}. Best is trial 71 with value: 5.096536636352539.
LOCAL_RANK: 0 - CUDA_VISIBLE_DEVICES: [0]
[I 2023-11-30 00:50:33,832] Trial 75 finished with value: 5.7435302734375 and parameters: {'gradient_clip_val': 0.7545567241398743, 'hidden_size': 62, 'dropout': 0.321949059310079, 'hidden_continuous_size': 51, 'attention_head_size': 4, 'learning_rate': 0.07607567349967655}. Best is trial 71 with value: 5.096536636352539.
LOCAL_RANK: 0 - CUDA_VISIBLE_DEVICES: [0]
[I 2023-11-30 00:50:47,772] Trial 76 finished with value: 5.428309917449951 and parameters: {'gradient_clip_val': 0.6063434342757483, 'hidden_size': 68, 'dropout': 0.31070775738955064, 'hidden_continuous_size': 58, 'attention_head_size': 4, 'learning_rate': 0.048708411074426}. Best is trial 71 with value: 5.096536636352539.
LOCAL_RANK: 0 - CUDA_VISIBLE_DEVICES: [0]
[I 2023-11-30 00:51:02,646] Trial 77 finished with value: 6.234109401702881 and parameters: {'gradient_clip_val': 0.8271621177519652, 'hidden_size': 150, 'dropout': 0.29261547358765216, 'hidden_continuous_size': 80, 'attention_head_size': 4, 'learning_rate': 0.062055278567122174}. Best is trial 71 with value: 5.096536636352539.
LOCAL_RANK: 0 - CUDA_VISIBLE_DEVICES: [0]
[I 2023-11-30 00:51:16,723] Trial 78 finished with value: 5.4833502769470215 and parameters: {'gradient_clip_val': 0.9160875944384431, 'hidden_size': 81, 'dropout': 0.33790934923380855, 'hidden_continuous_size': 40, 'attention_head_size': 3, 'learning_rate': 0.0874587666791985}. Best is trial 71 with value: 5.096536636352539.
LOCAL_RANK: 0 - CUDA_VISIBLE_DEVICES: [0]
[I 2023-11-30 00:51:30,462] Trial 79 finished with value: 5.573472499847412 and parameters: {'gradient_clip_val': 0.9054221716906385, 'hidden_size': 55, 'dropout': 0.3781114382539364, 'hidden_continuous_size': 50, 'attention_head_size': 3, 'learning_rate': 0.034749283372723594}. Best is trial 71 with value: 5.096536636352539.
LOCAL_RANK: 0 - CUDA_VISIBLE_DEVICES: [0]
[I 2023-11-30 00:51:44,192] Trial 80 finished with value: 5.636864185333252 and parameters: {'gradient_clip_val': 0.7249633726503601, 'hidden_size': 60, 'dropout': 0.39186269597005335, 'hidden_continuous_size': 53, 'attention_head_size': 4, 'learning_rate': 0.042494303734459414}. Best is trial 71 with value: 5.096536636352539.
LOCAL_RANK: 0 - CUDA_VISIBLE_DEVICES: [0]
