[I 2023-11-30 08:14:50,276] Trial 116 finished with value: 7.234320163726807 and parameters: {'gradient_clip_val': 0.6638810194361083, 'hidden_size': 128, 'dropout': 0.33241614730602626, 'hidden_continuous_size': 27, 'attention_head_size': 3, 'learning_rate': 0.029004292640797028}. Best is trial 52 with value: 5.81043004989624.
LOCAL_RANK: 0 - CUDA_VISIBLE_DEVICES: [0]
[I 2023-11-30 08:15:04,796] Trial 117 finished with value: 7.460794925689697 and parameters: {'gradient_clip_val': 0.6142100318598871, 'hidden_size': 143, 'dropout': 0.3593403999190644, 'hidden_continuous_size': 31, 'attention_head_size': 3, 'learning_rate': 0.02474900074794514}. Best is trial 52 with value: 5.81043004989624.
LOCAL_RANK: 0 - CUDA_VISIBLE_DEVICES: [0]
[I 2023-11-30 08:15:19,022] Trial 118 finished with value: 7.226161956787109 and parameters: {'gradient_clip_val': 0.7726372375831899, 'hidden_size': 111, 'dropout': 0.35036618036306105, 'hidden_continuous_size': 37, 'attention_head_size': 3, 'learning_rate': 0.02260717676621929}. Best is trial 52 with value: 5.81043004989624.
LOCAL_RANK: 0 - CUDA_VISIBLE_DEVICES: [0]
[I 2023-11-30 08:15:33,578] Trial 119 finished with value: 9.109112739562988 and parameters: {'gradient_clip_val': 0.8892404805302603, 'hidden_size': 150, 'dropout': 0.37141830414955457, 'hidden_continuous_size': 39, 'attention_head_size': 3, 'learning_rate': 0.05727944386200374}. Best is trial 52 with value: 5.81043004989624.
LOCAL_RANK: 0 - CUDA_VISIBLE_DEVICES: [0]
[I 2023-11-30 08:15:47,608] Trial 120 finished with value: 6.971155643463135 and parameters: {'gradient_clip_val': 0.6859728730423227, 'hidden_size': 121, 'dropout': 0.3463482029545626, 'hidden_continuous_size': 34, 'attention_head_size': 1, 'learning_rate': 0.027058749593713797}. Best is trial 52 with value: 5.81043004989624.
LOCAL_RANK: 0 - CUDA_VISIBLE_DEVICES: [0]
[I 2023-11-30 08:16:01,666] Trial 121 finished with value: 6.925726413726807 and parameters: {'gradient_clip_val': 0.8156993670741808, 'hidden_size': 95, 'dropout': 0.36475590069178093, 'hidden_continuous_size': 25, 'attention_head_size': 3, 'learning_rate': 0.0416591193718379}. Best is trial 52 with value: 5.81043004989624.
LOCAL_RANK: 0 - CUDA_VISIBLE_DEVICES: [0]
[I 2023-11-30 08:16:15,923] Trial 122 finished with value: 6.764273166656494 and parameters: {'gradient_clip_val': 0.7337776590151642, 'hidden_size': 134, 'dropout': 0.38211553403227094, 'hidden_continuous_size': 28, 'attention_head_size': 3, 'learning_rate': 0.03238170135741157}. Best is trial 52 with value: 5.81043004989624.
LOCAL_RANK: 0 - CUDA_VISIBLE_DEVICES: [0]
[I 2023-11-30 08:16:29,985] Trial 123 finished with value: 7.652719974517822 and parameters: {'gradient_clip_val': 0.9959452848254513, 'hidden_size': 115, 'dropout': 0.3379483233718851, 'hidden_continuous_size': 21, 'attention_head_size': 3, 'learning_rate': 0.05217303437145886}. Best is trial 52 with value: 5.81043004989624.
LOCAL_RANK: 0 - CUDA_VISIBLE_DEVICES: [0]
[I 2023-11-30 08:16:43,841] Trial 124 finished with value: 6.939123153686523 and parameters: {'gradient_clip_val': 0.934380038120761, 'hidden_size': 104, 'dropout': 0.357389648810669, 'hidden_continuous_size': 26, 'attention_head_size': 3, 'learning_rate': 0.06288108907482769}. Best is trial 52 with value: 5.81043004989624.
LOCAL_RANK: 0 - CUDA_VISIBLE_DEVICES: [0]
[I 2023-11-30 08:16:58,053] Trial 125 finished with value: 10.417795181274414 and parameters: {'gradient_clip_val': 0.8650132911363377, 'hidden_size': 127, 'dropout': 0.369393355980858, 'hidden_continuous_size': 30, 'attention_head_size': 3, 'learning_rate': 0.07281489548314138}. Best is trial 52 with value: 5.81043004989624.
LOCAL_RANK: 0 - CUDA_VISIBLE_DEVICES: [0]
[I 2023-11-30 08:17:11,931] Trial 126 finished with value: 6.8031158447265625 and parameters: {'gradient_clip_val': 0.7747097635027255, 'hidden_size': 85, 'dropout': 0.39031269482599257, 'hidden_continuous_size': 31, 'attention_head_size': 3, 'learning_rate': 0.046261457320407325}. Best is trial 52 with value: 5.81043004989624.
LOCAL_RANK: 0 - CUDA_VISIBLE_DEVICES: [0]
[I 2023-11-30 08:17:26,266] Trial 127 finished with value: 8.909677505493164 and parameters: {'gradient_clip_val': 0.8981403563312521, 'hidden_size': 137, 'dropout': 0.3761410470054822, 'hidden_continuous_size': 23, 'attention_head_size': 3, 'learning_rate': 0.03719887165482353}. Best is trial 52 with value: 5.81043004989624.
LOCAL_RANK: 0 - CUDA_VISIBLE_DEVICES: [0]
[I 2023-11-30 08:17:40,364] Trial 128 finished with value: 7.434558868408203 and parameters: {'gradient_clip_val': 0.6480823312824668, 'hidden_size': 121, 'dropout': 0.36207252538496226, 'hidden_continuous_size': 22, 'attention_head_size': 3, 'learning_rate': 0.07895530683307497}. Best is trial 52 with value: 5.81043004989624.
LOCAL_RANK: 0 - CUDA_VISIBLE_DEVICES: [0]
[I 2023-11-30 08:17:54,353] Trial 129 finished with value: 6.729836940765381 and parameters: {'gradient_clip_val': 0.7049108106240916, 'hidden_size': 97, 'dropout': 0.34562759061425113, 'hidden_continuous_size': 32, 'attention_head_size': 3, 'learning_rate': 0.027917834104973557}. Best is trial 52 with value: 5.81043004989624.
LOCAL_RANK: 0 - CUDA_VISIBLE_DEVICES: [0]
[I 2023-11-30 08:18:08,293] Trial 130 finished with value: 6.658651828765869 and parameters: {'gradient_clip_val': 0.9515850100851649, 'hidden_size': 108, 'dropout': 0.3283278681726417, 'hidden_continuous_size': 24, 'attention_head_size': 3, 'learning_rate': 0.0664401939887636}. Best is trial 52 with value: 5.81043004989624.
LOCAL_RANK: 0 - CUDA_VISIBLE_DEVICES: [0]
[I 2023-11-30 08:18:22,755] Trial 131 finished with value: 7.0676960945129395 and parameters: {'gradient_clip_val': 0.8301469906249113, 'hidden_size': 114, 'dropout': 0.35394548277299515, 'hidden_continuous_size': 36, 'attention_head_size': 4, 'learning_rate': 0.049619614309284396}. Best is trial 52 with value: 5.81043004989624.
LOCAL_RANK: 0 - CUDA_VISIBLE_DEVICES: [0]
[I 2023-11-30 08:18:37,155] Trial 132 finished with value: 8.543678283691406 and parameters: {'gradient_clip_val': 0.8573478439789728, 'hidden_size': 130, 'dropout': 0.3256721057031043, 'hidden_continuous_size': 34, 'attention_head_size': 4, 'learning_rate': 0.04480544894580843}. Best is trial 52 with value: 5.81043004989624.
LOCAL_RANK: 0 - CUDA_VISIBLE_DEVICES: [0]
[I 2023-11-30 08:18:50,969] Trial 133 finished with value: 6.657561779022217 and parameters: {'gradient_clip_val': 0.8831870263154328, 'hidden_size': 89, 'dropout': 0.34162297039370226, 'hidden_continuous_size': 29, 'attention_head_size': 4, 'learning_rate': 0.04015380869494506}. Best is trial 52 with value: 5.81043004989624.
LOCAL_RANK: 0 - CUDA_VISIBLE_DEVICES: [0]
[I 2023-11-30 08:19:04,906] Trial 134 finished with value: 7.241418361663818 and parameters: {'gradient_clip_val': 0.7497216836515161, 'hidden_size': 102, 'dropout': 0.33216696739538215, 'hidden_continuous_size': 17, 'attention_head_size': 4, 'learning_rate': 0.05596200836315352}. Best is trial 52 with value: 5.81043004989624.
LOCAL_RANK: 0 - CUDA_VISIBLE_DEVICES: [0]
[I 2023-11-30 08:19:19,378] Trial 135 finished with value: 7.656465530395508 and parameters: {'gradient_clip_val': 0.9279555822200093, 'hidden_size': 141, 'dropout': 0.31980342806723405, 'hidden_continuous_size': 40, 'attention_head_size': 2, 'learning_rate': 0.03490167910594139}. Best is trial 52 with value: 5.81043004989624.
LOCAL_RANK: 0 - CUDA_VISIBLE_DEVICES: [0]
[I 2023-11-30 08:19:33,742] Trial 136 finished with value: 7.796953201293945 and parameters: {'gradient_clip_val': 0.8156888171376394, 'hidden_size': 110, 'dropout': 0.31396183439726116, 'hidden_continuous_size': 36, 'attention_head_size': 3, 'learning_rate': 0.05041212399060075}. Best is trial 52 with value: 5.81043004989624.
LOCAL_RANK: 0 - CUDA_VISIBLE_DEVICES: [0]
[I 2023-11-30 08:19:48,290] Trial 137 finished with value: 7.35638427734375 and parameters: {'gradient_clip_val': 0.9897587108903696, 'hidden_size': 150, 'dropout': 0.3617251195910894, 'hidden_continuous_size': 46, 'attention_head_size': 3, 'learning_rate': 0.03133302260216204}. Best is trial 52 with value: 5.81043004989624.
LOCAL_RANK: 0 - CUDA_VISIBLE_DEVICES: [0]
[I 2023-11-30 08:20:02,461] Trial 138 finished with value: 7.16847562789917 and parameters: {'gradient_clip_val': 0.6704268464794402, 'hidden_size': 123, 'dropout': 0.34875543431237666, 'hidden_continuous_size': 26, 'attention_head_size': 3, 'learning_rate': 0.04372176209945979}. Best is trial 52 with value: 5.81043004989624.
LOCAL_RANK: 0 - CUDA_VISIBLE_DEVICES: [0]
[I 2023-11-30 08:20:16,393] Trial 139 finished with value: 7.880918025970459 and parameters: {'gradient_clip_val': 0.7820810272748108, 'hidden_size': 92, 'dropout': 0.370026635221172, 'hidden_continuous_size': 33, 'attention_head_size': 3, 'learning_rate': 0.05894223697316736}. Best is trial 52 with value: 5.81043004989624.
LOCAL_RANK: 0 - CUDA_VISIBLE_DEVICES: [0]
[I 2023-11-30 08:20:30,151] Trial 140 finished with value: 7.1017913818359375 and parameters: {'gradient_clip_val': 0.5933382000588371, 'hidden_size': 82, 'dropout': 0.3803354606610329, 'hidden_continuous_size': 30, 'attention_head_size': 3, 'learning_rate': 0.08272579267934323}. Best is trial 52 with value: 5.81043004989624.
LOCAL_RANK: 0 - CUDA_VISIBLE_DEVICES: [0]
[I 2023-11-30 08:20:44,080] Trial 141 finished with value: 6.742786407470703 and parameters: {'gradient_clip_val': 0.7550058452291918, 'hidden_size': 66, 'dropout': 0.3848076445133073, 'hidden_continuous_size': 37, 'attention_head_size': 3, 'learning_rate': 0.06100919404015665}. Best is trial 52 with value: 5.81043004989624.
LOCAL_RANK: 0 - CUDA_VISIBLE_DEVICES: [0]
[I 2023-11-30 08:20:58,086] Trial 142 finished with value: 8.133147239685059 and parameters: {'gradient_clip_val': 0.7344732502882305, 'hidden_size': 86, 'dropout': 0.37662817443757424, 'hidden_continuous_size': 38, 'attention_head_size': 3, 'learning_rate': 0.05308985606689133}. Best is trial 52 with value: 5.81043004989624.
LOCAL_RANK: 0 - CUDA_VISIBLE_DEVICES: [0]
[I 2023-11-30 08:21:12,040] Trial 143 finished with value: 7.863872528076172 and parameters: {'gradient_clip_val': 0.9036538786975252, 'hidden_size': 98, 'dropout': 0.3558020755414151, 'hidden_continuous_size': 32, 'attention_head_size': 3, 'learning_rate': 0.0670855845127314}. Best is trial 52 with value: 5.81043004989624.
LOCAL_RANK: 0 - CUDA_VISIBLE_DEVICES: [0]
[I 2023-11-30 08:21:26,328] Trial 144 finished with value: 6.203949451446533 and parameters: {'gradient_clip_val': 0.7017560633040472, 'hidden_size': 133, 'dropout': 0.36472605084593096, 'hidden_continuous_size': 41, 'attention_head_size': 3, 'learning_rate': 0.04752006094570414}. Best is trial 52 with value: 5.81043004989624.
LOCAL_RANK: 0 - CUDA_VISIBLE_DEVICES: [0]
[I 2023-11-30 08:21:40,658] Trial 145 finished with value: 6.639608860015869 and parameters: {'gradient_clip_val': 0.7000290364101064, 'hidden_size': 131, 'dropout': 0.3657384847582026, 'hidden_continuous_size': 42, 'attention_head_size': 3, 'learning_rate': 0.03916708574731646}. Best is trial 52 with value: 5.81043004989624.
LOCAL_RANK: 0 - CUDA_VISIBLE_DEVICES: [0]
[I 2023-11-30 08:21:55,328] Trial 146 finished with value: 8.604151725769043 and parameters: {'gradient_clip_val': 0.6422907349108485, 'hidden_size': 137, 'dropout': 0.33680760655722036, 'hidden_continuous_size': 45, 'attention_head_size': 3, 'learning_rate': 0.035678901205836215}. Best is trial 52 with value: 5.81043004989624.
LOCAL_RANK: 0 - CUDA_VISIBLE_DEVICES: [0]
[I 2023-11-30 08:22:09,388] Trial 147 finished with value: 7.6084160804748535 and parameters: {'gradient_clip_val': 0.8419116562370162, 'hidden_size': 116, 'dropout': 0.35221109169970116, 'hidden_continuous_size': 40, 'attention_head_size': 3, 'learning_rate': 0.04535653430049691}. Best is trial 52 with value: 5.81043004989624.
LOCAL_RANK: 0 - CUDA_VISIBLE_DEVICES: [0]
[I 2023-11-30 08:22:23,563] Trial 148 finished with value: 7.8582634925842285 and parameters: {'gradient_clip_val': 0.9511202404100608, 'hidden_size': 125, 'dropout': 0.37205973674842385, 'hidden_continuous_size': 27, 'attention_head_size': 3, 'learning_rate': 0.047595863451867865}. Best is trial 52 with value: 5.81043004989624.
LOCAL_RANK: 0 - CUDA_VISIBLE_DEVICES: [0]
[I 2023-11-30 08:22:38,061] Trial 149 finished with value: 8.254524230957031 and parameters: {'gradient_clip_val': 0.8777451569226771, 'hidden_size': 143, 'dropout': 0.3603391719634401, 'hidden_continuous_size': 48, 'attention_head_size': 3, 'learning_rate': 0.07371721262050443}. Best is trial 52 with value: 5.81043004989624.
[I 2023-11-30 08:22:38,170] A new study created in memory with name: no-name-8305d8d5-f3e9-4b2a-a447-1e79b3c357d7
/home/le004/conda/anaconda3/envs/tsff_env/lib/python3.9/site-packages/lightning/fabric/plugins/environments/slurm.py:191: The `srun` command is available on your system but is not used. HINT: If your intention is to run Lightning on SLURM, prepend your python command with `srun` like so: srun python /home/le004/master_thesis/git/TSFusionForecast/code/ ...
LOCAL_RANK: 0 - CUDA_VISIBLE_DEVICES: [0]
[I 2023-11-30 08:22:51,570] Trial 0 finished with value: 7.009387969970703 and parameters: {'gradient_clip_val': 0.31812195104895213, 'hidden_size': 64, 'dropout': 0.24932828730079185, 'hidden_continuous_size': 29, 'attention_head_size': 1, 'learning_rate': 0.004451630464733163}. Best is trial 0 with value: 7.009387969970703.
LOCAL_RANK: 0 - CUDA_VISIBLE_DEVICES: [0]
[I 2023-11-30 08:23:05,537] Trial 1 finished with value: 7.377523899078369 and parameters: {'gradient_clip_val': 0.452891064230582, 'hidden_size': 94, 'dropout': 0.3799877607536456, 'hidden_continuous_size': 21, 'attention_head_size': 4, 'learning_rate': 0.0038796840629489286}. Best is trial 0 with value: 7.009387969970703.
LOCAL_RANK: 0 - CUDA_VISIBLE_DEVICES: [0]
[I 2023-11-30 08:23:19,288] Trial 2 finished with value: 7.740451812744141 and parameters: {'gradient_clip_val': 0.2750565636196247, 'hidden_size': 90, 'dropout': 0.25768072060924907, 'hidden_continuous_size': 29, 'attention_head_size': 3, 'learning_rate': 0.023763606077355663}. Best is trial 0 with value: 7.009387969970703.
LOCAL_RANK: 0 - CUDA_VISIBLE_DEVICES: [0]
[I 2023-11-30 08:23:31,455] Trial 3 finished with value: 7.542989730834961 and parameters: {'gradient_clip_val': 0.16438620526018738, 'hidden_size': 24, 'dropout': 0.3432118253476354, 'hidden_continuous_size': 20, 'attention_head_size': 1, 'learning_rate': 0.019117600408662543}. Best is trial 0 with value: 7.009387969970703.
LOCAL_RANK: 0 - CUDA_VISIBLE_DEVICES: [0]
[I 2023-11-30 08:23:43,871] Trial 4 finished with value: 6.879447937011719 and parameters: {'gradient_clip_val': 0.22016666521610626, 'hidden_size': 21, 'dropout': 0.28712849897246184, 'hidden_continuous_size': 17, 'attention_head_size': 2, 'learning_rate': 0.049550703196814865}. Best is trial 4 with value: 6.879447937011719.
LOCAL_RANK: 0 - CUDA_VISIBLE_DEVICES: [0]
[I 2023-11-30 08:23:56,883] Trial 5 finished with value: 6.410572528839111 and parameters: {'gradient_clip_val': 0.5857386984939812, 'hidden_size': 43, 'dropout': 0.3725055723148165, 'hidden_continuous_size': 22, 'attention_head_size': 1, 'learning_rate': 0.012565044974045418}. Best is trial 5 with value: 6.410572528839111.
LOCAL_RANK: 0 - CUDA_VISIBLE_DEVICES: [0]
[I 2023-11-30 08:24:10,647] Trial 6 finished with value: 6.7972564697265625 and parameters: {'gradient_clip_val': 0.12939955046942048, 'hidden_size': 90, 'dropout': 0.3210830142972054, 'hidden_continuous_size': 37, 'attention_head_size': 2, 'learning_rate': 0.007770858437924484}. Best is trial 5 with value: 6.410572528839111.
LOCAL_RANK: 0 - CUDA_VISIBLE_DEVICES: [0]
[I 2023-11-30 08:24:24,170] Trial 7 finished with value: 6.877166748046875 and parameters: {'gradient_clip_val': 0.8857181248676131, 'hidden_size': 62, 'dropout': 0.2296226783852655, 'hidden_continuous_size': 44, 'attention_head_size': 1, 'learning_rate': 0.009801666441234497}. Best is trial 5 with value: 6.410572528839111.
LOCAL_RANK: 0 - CUDA_VISIBLE_DEVICES: [0]
[I 2023-11-30 08:24:36,445] Trial 8 finished with value: 16.705455780029297 and parameters: {'gradient_clip_val': 0.12799689961302207, 'hidden_size': 20, 'dropout': 0.2631069139542222, 'hidden_continuous_size': 18, 'attention_head_size': 3, 'learning_rate': 0.0019581908179063952}. Best is trial 5 with value: 6.410572528839111.
LOCAL_RANK: 0 - CUDA_VISIBLE_DEVICES: [0]
[I 2023-11-30 08:24:49,491] Trial 9 finished with value: 6.824344635009766 and parameters: {'gradient_clip_val': 0.11202674277177135, 'hidden_size': 37, 'dropout': 0.13119444021687712, 'hidden_continuous_size': 33, 'attention_head_size': 4, 'learning_rate': 0.060978886460957456}. Best is trial 5 with value: 6.410572528839111.
LOCAL_RANK: 0 - CUDA_VISIBLE_DEVICES: [0]
[I 2023-11-30 08:25:01,959] Trial 10 finished with value: 23.555692672729492 and parameters: {'gradient_clip_val': 0.657350669442835, 'hidden_size': 13, 'dropout': 0.39443775816519433, 'hidden_continuous_size': 10, 'attention_head_size': 2, 'learning_rate': 0.0012050553071961058}. Best is trial 5 with value: 6.410572528839111.
LOCAL_RANK: 0 - CUDA_VISIBLE_DEVICES: [0]
[I 2023-11-30 08:25:16,623] Trial 11 finished with value: 6.967879772186279 and parameters: {'gradient_clip_val': 0.4498097388349479, 'hidden_size': 139, 'dropout': 0.3329462463486326, 'hidden_continuous_size': 66, 'attention_head_size': 2, 'learning_rate': 0.010340831447842473}. Best is trial 5 with value: 6.410572528839111.
LOCAL_RANK: 0 - CUDA_VISIBLE_DEVICES: [0]
[I 2023-11-30 08:25:29,329] Trial 12 finished with value: 7.474974155426025 and parameters: {'gradient_clip_val': 0.1685734278767697, 'hidden_size': 42, 'dropout': 0.33216379660459594, 'hidden_continuous_size': 13, 'attention_head_size': 1, 'learning_rate': 0.007379761959903806}. Best is trial 5 with value: 6.410572528839111.
LOCAL_RANK: 0 - CUDA_VISIBLE_DEVICES: [0]
[I 2023-11-30 08:25:44,375] Trial 13 finished with value: 7.143777370452881 and parameters: {'gradient_clip_val': 0.9408667888880946, 'hidden_size': 149, 'dropout': 0.3961265192005603, 'hidden_continuous_size': 147, 'attention_head_size': 2, 'learning_rate': 0.01987021229779236}. Best is trial 5 with value: 6.410572528839111.
LOCAL_RANK: 0 - CUDA_VISIBLE_DEVICES: [0]
[I 2023-11-30 08:25:57,275] Trial 14 finished with value: 12.334412574768066 and parameters: {'gradient_clip_val': 0.10266572604488212, 'hidden_size': 41, 'dropout': 0.3051985919689941, 'hidden_continuous_size': 15, 'attention_head_size': 3, 'learning_rate': 0.004131972368401798}. Best is trial 5 with value: 6.410572528839111.
LOCAL_RANK: 0 - CUDA_VISIBLE_DEVICES: [0]
[I 2023-11-30 08:26:07,606] Trial 15 finished with value: 8.657479286193848 and parameters: {'gradient_clip_val': 0.5065483428769642, 'hidden_size': 10, 'dropout': 0.3591449919172785, 'hidden_continuous_size': 10, 'attention_head_size': 1, 'learning_rate': 0.0391769001029608}. Best is trial 5 with value: 6.410572528839111.
LOCAL_RANK: 0 - CUDA_VISIBLE_DEVICES: [0]
[I 2023-11-30 08:26:21,213] Trial 16 finished with value: 7.545948505401611 and parameters: {'gradient_clip_val': 0.328220100248223, 'hidden_size': 58, 'dropout': 0.36365428153612683, 'hidden_continuous_size': 24, 'attention_head_size': 2, 'learning_rate': 0.08088018268331458}. Best is trial 5 with value: 6.410572528839111.
LOCAL_RANK: 0 - CUDA_VISIBLE_DEVICES: [0]
[I 2023-11-30 08:26:35,120] Trial 17 finished with value: 6.870344638824463 and parameters: {'gradient_clip_val': 0.22642201727715855, 'hidden_size': 97, 'dropout': 0.3094890496197389, 'hidden_continuous_size': 39, 'attention_head_size': 1, 'learning_rate': 0.013638998244022375}. Best is trial 5 with value: 6.410572528839111.
LOCAL_RANK: 0 - CUDA_VISIBLE_DEVICES: [0]
[I 2023-11-30 08:26:47,725] Trial 18 finished with value: 6.7235541343688965 and parameters: {'gradient_clip_val': 0.14298882536445864, 'hidden_size': 31, 'dropout': 0.36368146315961025, 'hidden_continuous_size': 13, 'attention_head_size': 2, 'learning_rate': 0.030424947673818436}. Best is trial 5 with value: 6.410572528839111.
LOCAL_RANK: 0 - CUDA_VISIBLE_DEVICES: [0]
[I 2023-11-30 08:27:00,206] Trial 19 finished with value: 6.993682861328125 and parameters: {'gradient_clip_val': 0.6463388514078233, 'hidden_size': 27, 'dropout': 0.3664031799207529, 'hidden_continuous_size': 13, 'attention_head_size': 3, 'learning_rate': 0.03666263156082314}. Best is trial 5 with value: 6.410572528839111.
LOCAL_RANK: 0 - CUDA_VISIBLE_DEVICES: [0]
[I 2023-11-30 08:27:12,755] Trial 20 finished with value: 7.904702663421631 and parameters: {'gradient_clip_val': 0.38350157337838087, 'hidden_size': 33, 'dropout': 0.3956761616509528, 'hidden_continuous_size': 12, 'attention_head_size': 1, 'learning_rate': 0.09902026459251914}. Best is trial 5 with value: 6.410572528839111.
LOCAL_RANK: 0 - CUDA_VISIBLE_DEVICES: [0]
[I 2023-11-30 08:27:25,937] Trial 21 finished with value: 7.292503356933594 and parameters: {'gradient_clip_val': 0.1479895260701178, 'hidden_size': 49, 'dropout': 0.3481538155259747, 'hidden_continuous_size': 15, 'attention_head_size': 2, 'learning_rate': 0.02815194431479536}. Best is trial 5 with value: 6.410572528839111.
LOCAL_RANK: 0 - CUDA_VISIBLE_DEVICES: [0]
[I 2023-11-30 08:27:38,392] Trial 22 finished with value: 8.4754056930542 and parameters: {'gradient_clip_val': 0.1309929227759406, 'hidden_size': 31, 'dropout': 0.32088929601085514, 'hidden_continuous_size': 11, 'attention_head_size': 2, 'learning_rate': 0.014417630899707866}. Best is trial 5 with value: 6.410572528839111.
LOCAL_RANK: 0 - CUDA_VISIBLE_DEVICES: [0]
[I 2023-11-30 08:27:51,294] Trial 23 finished with value: 7.093976974487305 and parameters: {'gradient_clip_val': 0.10080049190713065, 'hidden_size': 52, 'dropout': 0.3700424210274044, 'hidden_continuous_size': 16, 'attention_head_size': 2, 'learning_rate': 0.024878043787934522}. Best is trial 5 with value: 6.410572528839111.
LOCAL_RANK: 0 - CUDA_VISIBLE_DEVICES: [0]
