[I 2023-11-30 03:31:06,982] Trial 30 finished with value: 168.17283630371094 and parameters: {'gradient_clip_val': 0.5260952678598809, 'hidden_size': 10, 'dropout': 0.2403562147934111, 'hidden_continuous_size': 10, 'attention_head_size': 2, 'learning_rate': 0.05502671388165545}. Best is trial 11 with value: 138.38946533203125.
LOCAL_RANK: 0 - CUDA_VISIBLE_DEVICES: [0]
[I 2023-11-30 03:31:19,425] Trial 31 finished with value: 161.69464111328125 and parameters: {'gradient_clip_val': 0.4487266852706078, 'hidden_size': 27, 'dropout': 0.2781806964176951, 'hidden_continuous_size': 14, 'attention_head_size': 2, 'learning_rate': 0.011501656209711386}. Best is trial 11 with value: 138.38946533203125.
LOCAL_RANK: 0 - CUDA_VISIBLE_DEVICES: [0]
[I 2023-11-30 03:31:32,113] Trial 32 finished with value: 171.2294158935547 and parameters: {'gradient_clip_val': 0.4481783686142303, 'hidden_size': 29, 'dropout': 0.26903817498960847, 'hidden_continuous_size': 18, 'attention_head_size': 2, 'learning_rate': 0.007921350808115688}. Best is trial 11 with value: 138.38946533203125.
LOCAL_RANK: 0 - CUDA_VISIBLE_DEVICES: [0]
[I 2023-11-30 03:31:44,499] Trial 33 finished with value: 170.04026794433594 and parameters: {'gradient_clip_val': 0.37857988550312494, 'hidden_size': 22, 'dropout': 0.24472014664556543, 'hidden_continuous_size': 13, 'attention_head_size': 2, 'learning_rate': 0.017655698335444725}. Best is trial 11 with value: 138.38946533203125.
LOCAL_RANK: 0 - CUDA_VISIBLE_DEVICES: [0]
[I 2023-11-30 03:31:57,061] Trial 34 finished with value: 169.8556671142578 and parameters: {'gradient_clip_val': 0.4339230139153318, 'hidden_size': 32, 'dropout': 0.28919048812043757, 'hidden_continuous_size': 17, 'attention_head_size': 3, 'learning_rate': 0.025199870642727922}. Best is trial 11 with value: 138.38946533203125.
LOCAL_RANK: 0 - CUDA_VISIBLE_DEVICES: [0]
[I 2023-11-30 03:32:09,555] Trial 35 finished with value: 236.9423828125 and parameters: {'gradient_clip_val': 0.35653577543368675, 'hidden_size': 26, 'dropout': 0.2636058902784412, 'hidden_continuous_size': 15, 'attention_head_size': 2, 'learning_rate': 0.005895868266844123}. Best is trial 11 with value: 138.38946533203125.
LOCAL_RANK: 0 - CUDA_VISIBLE_DEVICES: [0]
[I 2023-11-30 03:32:21,807] Trial 36 finished with value: 185.74122619628906 and parameters: {'gradient_clip_val': 0.2904568768110938, 'hidden_size': 19, 'dropout': 0.3198646416361789, 'hidden_continuous_size': 14, 'attention_head_size': 1, 'learning_rate': 0.013277435178532604}. Best is trial 11 with value: 138.38946533203125.
LOCAL_RANK: 0 - CUDA_VISIBLE_DEVICES: [0]
[I 2023-11-30 03:32:34,913] Trial 37 finished with value: 184.4539337158203 and parameters: {'gradient_clip_val': 0.4152056638310561, 'hidden_size': 39, 'dropout': 0.2512853394932867, 'hidden_continuous_size': 23, 'attention_head_size': 3, 'learning_rate': 0.03625193905626214}. Best is trial 11 with value: 138.38946533203125.
LOCAL_RANK: 0 - CUDA_VISIBLE_DEVICES: [0]
[I 2023-11-30 03:32:47,145] Trial 38 finished with value: 165.41485595703125 and parameters: {'gradient_clip_val': 0.7725790360177095, 'hidden_size': 13, 'dropout': 0.2977971832821858, 'hidden_continuous_size': 11, 'attention_head_size': 2, 'learning_rate': 0.02398184037522358}. Best is trial 11 with value: 138.38946533203125.
LOCAL_RANK: 0 - CUDA_VISIBLE_DEVICES: [0]
[I 2023-11-30 03:32:59,106] Trial 39 finished with value: 198.7694091796875 and parameters: {'gradient_clip_val': 0.24608344403077267, 'hidden_size': 16, 'dropout': 0.22890255614153407, 'hidden_continuous_size': 12, 'attention_head_size': 1, 'learning_rate': 0.011591059483545758}. Best is trial 11 with value: 138.38946533203125.
LOCAL_RANK: 0 - CUDA_VISIBLE_DEVICES: [0]
[I 2023-11-30 03:33:11,339] Trial 40 finished with value: 169.2367401123047 and parameters: {'gradient_clip_val': 0.2918862737511971, 'hidden_size': 24, 'dropout': 0.3443501535659327, 'hidden_continuous_size': 15, 'attention_head_size': 3, 'learning_rate': 0.01893853860766771}. Best is trial 11 with value: 138.38946533203125.
LOCAL_RANK: 0 - CUDA_VISIBLE_DEVICES: [0]
[I 2023-11-30 03:33:24,483] Trial 41 finished with value: 161.79100036621094 and parameters: {'gradient_clip_val': 0.4786122063241263, 'hidden_size': 54, 'dropout': 0.2714641055597324, 'hidden_continuous_size': 20, 'attention_head_size': 2, 'learning_rate': 0.010577528643973592}. Best is trial 11 with value: 138.38946533203125.
LOCAL_RANK: 0 - CUDA_VISIBLE_DEVICES: [0]
[I 2023-11-30 03:33:37,213] Trial 42 finished with value: 151.73329162597656 and parameters: {'gradient_clip_val': 0.3621773915038524, 'hidden_size': 33, 'dropout': 0.25429668067833494, 'hidden_continuous_size': 17, 'attention_head_size': 2, 'learning_rate': 0.00985235240893342}. Best is trial 11 with value: 138.38946533203125.
LOCAL_RANK: 0 - CUDA_VISIBLE_DEVICES: [0]
[I 2023-11-30 03:33:50,079] Trial 43 finished with value: 151.32554626464844 and parameters: {'gradient_clip_val': 0.362119637343647, 'hidden_size': 33, 'dropout': 0.24925533481020368, 'hidden_continuous_size': 18, 'attention_head_size': 2, 'learning_rate': 0.008952498933630773}. Best is trial 11 with value: 138.38946533203125.
LOCAL_RANK: 0 - CUDA_VISIBLE_DEVICES: [0]
[I 2023-11-30 03:34:02,709] Trial 44 finished with value: 153.8701171875 and parameters: {'gradient_clip_val': 0.37277798204359536, 'hidden_size': 33, 'dropout': 0.2449947608768877, 'hidden_continuous_size': 18, 'attention_head_size': 2, 'learning_rate': 0.006278553795497085}. Best is trial 11 with value: 138.38946533203125.
LOCAL_RANK: 0 - CUDA_VISIBLE_DEVICES: [0]
[I 2023-11-30 03:34:15,325] Trial 45 finished with value: 201.4779052734375 and parameters: {'gradient_clip_val': 0.35944898602726283, 'hidden_size': 33, 'dropout': 0.21566264410799157, 'hidden_continuous_size': 18, 'attention_head_size': 2, 'learning_rate': 0.005756064680160481}. Best is trial 11 with value: 138.38946533203125.
LOCAL_RANK: 0 - CUDA_VISIBLE_DEVICES: [0]
[I 2023-11-30 03:34:28,034] Trial 46 finished with value: 280.5745544433594 and parameters: {'gradient_clip_val': 0.21944584279422302, 'hidden_size': 34, 'dropout': 0.23242456570975092, 'hidden_continuous_size': 20, 'attention_head_size': 1, 'learning_rate': 0.0029172199798938214}. Best is trial 11 with value: 138.38946533203125.
LOCAL_RANK: 0 - CUDA_VISIBLE_DEVICES: [0]
[I 2023-11-30 03:34:41,058] Trial 47 finished with value: 171.9312286376953 and parameters: {'gradient_clip_val': 0.3064215809669202, 'hidden_size': 43, 'dropout': 0.2573004904121287, 'hidden_continuous_size': 18, 'attention_head_size': 4, 'learning_rate': 0.008548030968387193}. Best is trial 11 with value: 138.38946533203125.
LOCAL_RANK: 0 - CUDA_VISIBLE_DEVICES: [0]
[I 2023-11-30 03:34:53,917] Trial 48 finished with value: 192.67396545410156 and parameters: {'gradient_clip_val': 0.2588205232310098, 'hidden_size': 30, 'dropout': 0.2878260173865579, 'hidden_continuous_size': 19, 'attention_head_size': 2, 'learning_rate': 0.006742718031687794}. Best is trial 11 with value: 138.38946533203125.
LOCAL_RANK: 0 - CUDA_VISIBLE_DEVICES: [0]
[I 2023-11-30 03:35:07,362] Trial 49 finished with value: 155.6743927001953 and parameters: {'gradient_clip_val': 0.16435533785504447, 'hidden_size': 58, 'dropout': 0.2015191960534124, 'hidden_continuous_size': 22, 'attention_head_size': 3, 'learning_rate': 0.004487832121187485}. Best is trial 11 with value: 138.38946533203125.
LOCAL_RANK: 0 - CUDA_VISIBLE_DEVICES: [0]
[I 2023-11-30 03:35:19,570] Trial 50 finished with value: 180.5131072998047 and parameters: {'gradient_clip_val': 0.3792574860217333, 'hidden_size': 20, 'dropout': 0.177792813542902, 'hidden_continuous_size': 17, 'attention_head_size': 2, 'learning_rate': 0.009225141802607627}. Best is trial 11 with value: 138.38946533203125.
LOCAL_RANK: 0 - CUDA_VISIBLE_DEVICES: [0]
[I 2023-11-30 03:35:32,174] Trial 51 finished with value: 207.9457244873047 and parameters: {'gradient_clip_val': 0.3230442115466646, 'hidden_size': 30, 'dropout': 0.24854299572207836, 'hidden_continuous_size': 17, 'attention_head_size': 2, 'learning_rate': 0.0068594892942707856}. Best is trial 11 with value: 138.38946533203125.
LOCAL_RANK: 0 - CUDA_VISIBLE_DEVICES: [0]
[I 2023-11-30 03:35:44,892] Trial 52 finished with value: 172.1588897705078 and parameters: {'gradient_clip_val': 0.40462713630626024, 'hidden_size': 37, 'dropout': 0.24994826999165035, 'hidden_continuous_size': 19, 'attention_head_size': 2, 'learning_rate': 0.016322544483684212}. Best is trial 11 with value: 138.38946533203125.
LOCAL_RANK: 0 - CUDA_VISIBLE_DEVICES: [0]
[I 2023-11-30 03:35:57,826] Trial 53 finished with value: 180.6272430419922 and parameters: {'gradient_clip_val': 0.36338812795086267, 'hidden_size': 36, 'dropout': 0.22831020035079946, 'hidden_continuous_size': 21, 'attention_head_size': 2, 'learning_rate': 0.01275091789441662}. Best is trial 11 with value: 138.38946533203125.
LOCAL_RANK: 0 - CUDA_VISIBLE_DEVICES: [0]
[I 2023-11-30 03:36:10,226] Trial 54 finished with value: 158.5554962158203 and parameters: {'gradient_clip_val': 0.5340741979560898, 'hidden_size': 22, 'dropout': 0.2405972924488936, 'hidden_continuous_size': 16, 'attention_head_size': 2, 'learning_rate': 0.009197349411342107}. Best is trial 11 with value: 138.38946533203125.
LOCAL_RANK: 0 - CUDA_VISIBLE_DEVICES: [0]
[I 2023-11-30 03:36:22,801] Trial 55 finished with value: 145.8617706298828 and parameters: {'gradient_clip_val': 0.33181300887403836, 'hidden_size': 27, 'dropout': 0.26574087182840084, 'hidden_continuous_size': 17, 'attention_head_size': 2, 'learning_rate': 0.014277894389273366}. Best is trial 11 with value: 138.38946533203125.
LOCAL_RANK: 0 - CUDA_VISIBLE_DEVICES: [0]
[I 2023-11-30 03:36:35,195] Trial 56 finished with value: 152.31825256347656 and parameters: {'gradient_clip_val': 0.30893466821802984, 'hidden_size': 18, 'dropout': 0.2582170230973367, 'hidden_continuous_size': 17, 'attention_head_size': 2, 'learning_rate': 0.015759865773786078}. Best is trial 11 with value: 138.38946533203125.
LOCAL_RANK: 0 - CUDA_VISIBLE_DEVICES: [0]
[I 2023-11-30 03:36:47,493] Trial 57 finished with value: 176.91607666015625 and parameters: {'gradient_clip_val': 0.31429450091173333, 'hidden_size': 19, 'dropout': 0.2639435459688137, 'hidden_continuous_size': 17, 'attention_head_size': 1, 'learning_rate': 0.015510699306298798}. Best is trial 11 with value: 138.38946533203125.
LOCAL_RANK: 0 - CUDA_VISIBLE_DEVICES: [0]
[I 2023-11-30 03:37:00,031] Trial 58 finished with value: 149.7440643310547 and parameters: {'gradient_clip_val': 0.2416849084847671, 'hidden_size': 17, 'dropout': 0.261328744727261, 'hidden_continuous_size': 15, 'attention_head_size': 3, 'learning_rate': 0.032508370571571826}. Best is trial 11 with value: 138.38946533203125.
LOCAL_RANK: 0 - CUDA_VISIBLE_DEVICES: [0]
[I 2023-11-30 03:37:11,978] Trial 59 finished with value: 165.1267547607422 and parameters: {'gradient_clip_val': 0.2471108861045583, 'hidden_size': 12, 'dropout': 0.27795302941484445, 'hidden_continuous_size': 10, 'attention_head_size': 2, 'learning_rate': 0.029598710153767253}. Best is trial 11 with value: 138.38946533203125.
LOCAL_RANK: 0 - CUDA_VISIBLE_DEVICES: [0]
[I 2023-11-30 03:37:24,335] Trial 60 finished with value: 191.6377410888672 and parameters: {'gradient_clip_val': 0.20341409286847306, 'hidden_size': 18, 'dropout': 0.2596726537775119, 'hidden_continuous_size': 16, 'attention_head_size': 3, 'learning_rate': 0.0674279401516059}. Best is trial 11 with value: 138.38946533203125.
LOCAL_RANK: 0 - CUDA_VISIBLE_DEVICES: [0]
[I 2023-11-30 03:37:36,551] Trial 61 finished with value: 175.8423614501953 and parameters: {'gradient_clip_val': 0.3381109427686797, 'hidden_size': 16, 'dropout': 0.2207859149960838, 'hidden_continuous_size': 13, 'attention_head_size': 3, 'learning_rate': 0.019079147897453824}. Best is trial 11 with value: 138.38946533203125.
LOCAL_RANK: 0 - CUDA_VISIBLE_DEVICES: [0]
[I 2023-11-30 03:37:49,002] Trial 62 finished with value: 186.69903564453125 and parameters: {'gradient_clip_val': 0.2732919507021639, 'hidden_size': 14, 'dropout': 0.2691687878717426, 'hidden_continuous_size': 12, 'attention_head_size': 3, 'learning_rate': 0.0386339911520008}. Best is trial 11 with value: 138.38946533203125.
LOCAL_RANK: 0 - CUDA_VISIBLE_DEVICES: [0]
[I 2023-11-30 03:38:01,440] Trial 63 finished with value: 167.8190460205078 and parameters: {'gradient_clip_val': 0.23630399081229225, 'hidden_size': 23, 'dropout': 0.28189663894483996, 'hidden_continuous_size': 15, 'attention_head_size': 3, 'learning_rate': 0.022945124268670902}. Best is trial 11 with value: 138.38946533203125.
LOCAL_RANK: 0 - CUDA_VISIBLE_DEVICES: [0]
[I 2023-11-30 03:38:13,645] Trial 64 finished with value: 206.64111328125 and parameters: {'gradient_clip_val': 0.2997533542770138, 'hidden_size': 11, 'dropout': 0.2579552827569704, 'hidden_continuous_size': 10, 'attention_head_size': 2, 'learning_rate': 0.03256635483050232}. Best is trial 11 with value: 138.38946533203125.
LOCAL_RANK: 0 - CUDA_VISIBLE_DEVICES: [0]
[I 2023-11-30 03:38:26,079] Trial 65 finished with value: 152.34954833984375 and parameters: {'gradient_clip_val': 0.33690537865512205, 'hidden_size': 21, 'dropout': 0.23635390727533873, 'hidden_continuous_size': 17, 'attention_head_size': 2, 'learning_rate': 0.01628764839612307}. Best is trial 11 with value: 138.38946533203125.
LOCAL_RANK: 0 - CUDA_VISIBLE_DEVICES: [0]
[I 2023-11-30 03:38:38,356] Trial 66 finished with value: 186.79518127441406 and parameters: {'gradient_clip_val': 0.338398593806354, 'hidden_size': 17, 'dropout': 0.23554304875230828, 'hidden_continuous_size': 16, 'attention_head_size': 2, 'learning_rate': 0.017219880754931437}. Best is trial 11 with value: 138.38946533203125.
LOCAL_RANK: 0 - CUDA_VISIBLE_DEVICES: [0]
[I 2023-11-30 03:38:50,826] Trial 67 finished with value: 188.2421417236328 and parameters: {'gradient_clip_val': 0.5999293951700955, 'hidden_size': 21, 'dropout': 0.2678357999320388, 'hidden_continuous_size': 17, 'attention_head_size': 2, 'learning_rate': 0.046139165533009195}. Best is trial 11 with value: 138.38946533203125.
LOCAL_RANK: 0 - CUDA_VISIBLE_DEVICES: [0]
[I 2023-11-30 03:39:02,757] Trial 68 finished with value: 212.7976531982422 and parameters: {'gradient_clip_val': 0.2625632559832778, 'hidden_size': 12, 'dropout': 0.29151468964447635, 'hidden_continuous_size': 11, 'attention_head_size': 2, 'learning_rate': 0.014338704009736062}. Best is trial 11 with value: 138.38946533203125.
LOCAL_RANK: 0 - CUDA_VISIBLE_DEVICES: [0]
[I 2023-11-30 03:39:15,249] Trial 69 finished with value: 182.2353057861328 and parameters: {'gradient_clip_val': 0.2875222821879333, 'hidden_size': 27, 'dropout': 0.25369963169715753, 'hidden_continuous_size': 19, 'attention_head_size': 2, 'learning_rate': 0.02127922822468075}. Best is trial 11 with value: 138.38946533203125.
LOCAL_RANK: 0 - CUDA_VISIBLE_DEVICES: [0]
[I 2023-11-30 03:39:25,613] Trial 70 finished with value: 149.9231719970703 and parameters: {'gradient_clip_val': 0.4052054619019242, 'hidden_size': 10, 'dropout': 0.2821724821933301, 'hidden_continuous_size': 10, 'attention_head_size': 2, 'learning_rate': 0.08587375950574683}. Best is trial 11 with value: 138.38946533203125.
LOCAL_RANK: 0 - CUDA_VISIBLE_DEVICES: [0]
[I 2023-11-30 03:39:37,729] Trial 71 finished with value: 176.6526336669922 and parameters: {'gradient_clip_val': 0.4081428209953082, 'hidden_size': 11, 'dropout': 0.28189917422097777, 'hidden_continuous_size': 10, 'attention_head_size': 2, 'learning_rate': 0.07906307239608097}. Best is trial 11 with value: 138.38946533203125.
LOCAL_RANK: 0 - CUDA_VISIBLE_DEVICES: [0]
[I 2023-11-30 03:39:48,120] Trial 72 finished with value: 182.4415740966797 and parameters: {'gradient_clip_val': 0.9430114628115962, 'hidden_size': 10, 'dropout': 0.27222845273458146, 'hidden_continuous_size': 10, 'attention_head_size': 2, 'learning_rate': 0.057490825000175945}. Best is trial 11 with value: 138.38946533203125.
LOCAL_RANK: 0 - CUDA_VISIBLE_DEVICES: [0]
[I 2023-11-30 03:40:00,278] Trial 73 finished with value: 188.5548553466797 and parameters: {'gradient_clip_val': 0.34952662676278295, 'hidden_size': 14, 'dropout': 0.2528699261449229, 'hidden_continuous_size': 11, 'attention_head_size': 2, 'learning_rate': 0.0994447884141908}. Best is trial 11 with value: 138.38946533203125.
LOCAL_RANK: 0 - CUDA_VISIBLE_DEVICES: [0]
[I 2023-11-30 03:40:12,499] Trial 74 finished with value: 185.9690399169922 and parameters: {'gradient_clip_val': 0.49486880199826044, 'hidden_size': 24, 'dropout': 0.2997278300817462, 'hidden_continuous_size': 18, 'attention_head_size': 2, 'learning_rate': 0.08108099069300471}. Best is trial 11 with value: 138.38946533203125.
LOCAL_RANK: 0 - CUDA_VISIBLE_DEVICES: [0]
[I 2023-11-30 03:40:22,739] Trial 75 finished with value: 183.3951873779297 and parameters: {'gradient_clip_val': 0.3844598423564641, 'hidden_size': 10, 'dropout': 0.2620092380965138, 'hidden_continuous_size': 10, 'attention_head_size': 2, 'learning_rate': 0.04845829854887107}. Best is trial 11 with value: 138.38946533203125.
LOCAL_RANK: 0 - CUDA_VISIBLE_DEVICES: [0]
[I 2023-11-30 03:40:34,963] Trial 76 finished with value: 183.7214813232422 and parameters: {'gradient_clip_val': 0.30664050505324936, 'hidden_size': 17, 'dropout': 0.2397580373859819, 'hidden_continuous_size': 16, 'attention_head_size': 2, 'learning_rate': 0.05900544774403596}. Best is trial 11 with value: 138.38946533203125.
LOCAL_RANK: 0 - CUDA_VISIBLE_DEVICES: [0]
[I 2023-11-30 03:40:47,376] Trial 77 finished with value: 198.05946350097656 and parameters: {'gradient_clip_val': 0.4182439195406243, 'hidden_size': 20, 'dropout': 0.22599318006677446, 'hidden_continuous_size': 17, 'attention_head_size': 2, 'learning_rate': 0.011956139658306088}. Best is trial 11 with value: 138.38946533203125.
LOCAL_RANK: 0 - CUDA_VISIBLE_DEVICES: [0]
[I 2023-11-30 03:40:59,660] Trial 78 finished with value: 280.4668884277344 and parameters: {'gradient_clip_val': 0.33142559911205755, 'hidden_size': 14, 'dropout': 0.263496866685604, 'hidden_continuous_size': 13, 'attention_head_size': 2, 'learning_rate': 0.009772207597669353}. Best is trial 11 with value: 138.38946533203125.
LOCAL_RANK: 0 - CUDA_VISIBLE_DEVICES: [0]
[I 2023-11-30 03:41:11,869] Trial 79 finished with value: 164.1243133544922 and parameters: {'gradient_clip_val': 0.27977947005652226, 'hidden_size': 27, 'dropout': 0.245301008032788, 'hidden_continuous_size': 15, 'attention_head_size': 1, 'learning_rate': 0.014379516571566756}. Best is trial 11 with value: 138.38946533203125.
LOCAL_RANK: 0 - CUDA_VISIBLE_DEVICES: [0]
[I 2023-11-30 03:41:24,118] Trial 80 finished with value: 173.39013671875 and parameters: {'gradient_clip_val': 0.46199146175261824, 'hidden_size': 15, 'dropout': 0.2859285558868453, 'hidden_continuous_size': 12, 'attention_head_size': 2, 'learning_rate': 0.017460215903272555}. Best is trial 11 with value: 138.38946533203125.
LOCAL_RANK: 0 - CUDA_VISIBLE_DEVICES: [0]
[I 2023-11-30 03:41:36,526] Trial 81 finished with value: 155.1147003173828 and parameters: {'gradient_clip_val': 0.35091272881939023, 'hidden_size': 24, 'dropout': 0.23464423311288113, 'hidden_continuous_size': 18, 'attention_head_size': 3, 'learning_rate': 0.01244882845239141}. Best is trial 11 with value: 138.38946533203125.
LOCAL_RANK: 0 - CUDA_VISIBLE_DEVICES: [0]
[I 2023-11-30 03:41:49,068] Trial 82 finished with value: 173.9292755126953 and parameters: {'gradient_clip_val': 0.3957208580226916, 'hidden_size': 25, 'dropout': 0.27180499881408227, 'hidden_continuous_size': 15, 'attention_head_size': 3, 'learning_rate': 0.011175314525951824}. Best is trial 11 with value: 138.38946533203125.
LOCAL_RANK: 0 - CUDA_VISIBLE_DEVICES: [0]
[I 2023-11-30 03:42:01,828] Trial 83 finished with value: 152.76309204101562 and parameters: {'gradient_clip_val': 0.3151706656752099, 'hidden_size': 31, 'dropout': 0.2441096362126297, 'hidden_continuous_size': 19, 'attention_head_size': 3, 'learning_rate': 0.013443308370335938}. Best is trial 11 with value: 138.38946533203125.
LOCAL_RANK: 0 - CUDA_VISIBLE_DEVICES: [0]
[I 2023-11-30 03:42:14,602] Trial 84 finished with value: 178.4137725830078 and parameters: {'gradient_clip_val': 0.30541822733161916, 'hidden_size': 29, 'dropout': 0.25461693352994325, 'hidden_continuous_size': 19, 'attention_head_size': 4, 'learning_rate': 0.014696700573403982}. Best is trial 11 with value: 138.38946533203125.
LOCAL_RANK: 0 - CUDA_VISIBLE_DEVICES: [0]
[I 2023-11-30 03:42:27,265] Trial 85 finished with value: 195.9901580810547 and parameters: {'gradient_clip_val': 0.363906161238539, 'hidden_size': 32, 'dropout': 0.2755782053123576, 'hidden_continuous_size': 19, 'attention_head_size': 2, 'learning_rate': 0.08936948620039638}. Best is trial 11 with value: 138.38946533203125.
LOCAL_RANK: 0 - CUDA_VISIBLE_DEVICES: [0]
[I 2023-11-30 03:42:39,482] Trial 86 finished with value: 289.4683532714844 and parameters: {'gradient_clip_val': 0.32617317003397367, 'hidden_size': 12, 'dropout': 0.25069117667767377, 'hidden_continuous_size': 10, 'attention_head_size': 2, 'learning_rate': 0.009626875315072947}. Best is trial 11 with value: 138.38946533203125.
LOCAL_RANK: 0 - CUDA_VISIBLE_DEVICES: [0]
[I 2023-11-30 03:42:51,993] Trial 87 finished with value: 170.63619995117188 and parameters: {'gradient_clip_val': 0.42615684047055646, 'hidden_size': 21, 'dropout': 0.24120937278433438, 'hidden_continuous_size': 17, 'attention_head_size': 3, 'learning_rate': 0.026572688066413556}. Best is trial 11 with value: 138.38946533203125.
LOCAL_RANK: 0 - CUDA_VISIBLE_DEVICES: [0]
[I 2023-11-30 03:43:04,411] Trial 88 finished with value: 212.37559509277344 and parameters: {'gradient_clip_val': 0.3845219533353568, 'hidden_size': 28, 'dropout': 0.2647127012479811, 'hidden_continuous_size': 18, 'attention_head_size': 2, 'learning_rate': 0.06496795588999023}. Best is trial 11 with value: 138.38946533203125.
LOCAL_RANK: 0 - CUDA_VISIBLE_DEVICES: [0]
