[I 2023-11-30 12:52:53,171] Trial 144 finished with value: 5.553501129150391 and parameters: {'gradient_clip_val': 0.5132784257457151, 'hidden_size': 79, 'dropout': 0.1601294000415891, 'hidden_continuous_size': 25, 'attention_head_size': 2, 'learning_rate': 0.00609868165387835}. Best is trial 42 with value: 4.332871913909912.
LOCAL_RANK: 0 - CUDA_VISIBLE_DEVICES: [0]
[I 2023-11-30 12:53:06,148] Trial 145 finished with value: 5.2478485107421875 and parameters: {'gradient_clip_val': 0.44722961302059533, 'hidden_size': 37, 'dropout': 0.15738849141506261, 'hidden_continuous_size': 36, 'attention_head_size': 2, 'learning_rate': 0.04061204096697192}. Best is trial 42 with value: 4.332871913909912.
LOCAL_RANK: 0 - CUDA_VISIBLE_DEVICES: [0]
[I 2023-11-30 12:53:19,572] Trial 146 finished with value: 5.109520435333252 and parameters: {'gradient_clip_val': 0.6249258987285543, 'hidden_size': 65, 'dropout': 0.12146641409042501, 'hidden_continuous_size': 23, 'attention_head_size': 2, 'learning_rate': 0.02327820789352165}. Best is trial 42 with value: 4.332871913909912.
LOCAL_RANK: 0 - CUDA_VISIBLE_DEVICES: [0]
[I 2023-11-30 12:53:33,629] Trial 147 finished with value: 6.112082004547119 and parameters: {'gradient_clip_val': 0.4799847386588195, 'hidden_size': 89, 'dropout': 0.1754926150638152, 'hidden_continuous_size': 32, 'attention_head_size': 4, 'learning_rate': 0.03275273635881907}. Best is trial 42 with value: 4.332871913909912.
LOCAL_RANK: 0 - CUDA_VISIBLE_DEVICES: [0]
[I 2023-11-30 12:53:46,880] Trial 148 finished with value: 5.181095123291016 and parameters: {'gradient_clip_val': 0.5361777683591591, 'hidden_size': 42, 'dropout': 0.13780992048926552, 'hidden_continuous_size': 40, 'attention_head_size': 2, 'learning_rate': 0.03683018058744393}. Best is trial 42 with value: 4.332871913909912.
LOCAL_RANK: 0 - CUDA_VISIBLE_DEVICES: [0]
[I 2023-11-30 12:54:00,184] Trial 149 finished with value: 5.131807804107666 and parameters: {'gradient_clip_val': 0.8333301903414201, 'hidden_size': 47, 'dropout': 0.16976073842647918, 'hidden_continuous_size': 30, 'attention_head_size': 4, 'learning_rate': 0.06828985158569192}. Best is trial 42 with value: 4.332871913909912.
[I 2023-11-30 12:54:00,293] A new study created in memory with name: no-name-8877f423-6f91-41d3-b78e-6571e4e7b1df
/home/le004/conda/anaconda3/envs/tsff_env/lib/python3.9/site-packages/lightning/fabric/plugins/environments/slurm.py:191: The `srun` command is available on your system but is not used. HINT: If your intention is to run Lightning on SLURM, prepend your python command with `srun` like so: srun python /home/le004/master_thesis/git/TSFusionForecast/code/ ...
LOCAL_RANK: 0 - CUDA_VISIBLE_DEVICES: [0]
[I 2023-11-30 12:54:14,720] Trial 0 finished with value: 5.510298252105713 and parameters: {'gradient_clip_val': 0.33873265285427756, 'hidden_size': 149, 'dropout': 0.347796814818098, 'hidden_continuous_size': 16, 'attention_head_size': 4, 'learning_rate': 0.029833602070984393}. Best is trial 0 with value: 5.510298252105713.
LOCAL_RANK: 0 - CUDA_VISIBLE_DEVICES: [0]
[I 2023-11-30 12:54:27,502] Trial 1 finished with value: 15.950531005859375 and parameters: {'gradient_clip_val': 0.21755557733849928, 'hidden_size': 42, 'dropout': 0.24193406349295427, 'hidden_continuous_size': 16, 'attention_head_size': 3, 'learning_rate': 0.0013931328735013754}. Best is trial 0 with value: 5.510298252105713.
LOCAL_RANK: 0 - CUDA_VISIBLE_DEVICES: [0]
[I 2023-11-30 12:54:40,149] Trial 2 finished with value: 4.70472526550293 and parameters: {'gradient_clip_val': 0.2062557941288617, 'hidden_size': 30, 'dropout': 0.21801342495258347, 'hidden_continuous_size': 12, 'attention_head_size': 2, 'learning_rate': 0.017951244982154835}. Best is trial 2 with value: 4.70472526550293.
LOCAL_RANK: 0 - CUDA_VISIBLE_DEVICES: [0]
[I 2023-11-30 12:54:53,881] Trial 3 finished with value: 4.854131698608398 and parameters: {'gradient_clip_val': 0.7936623876094814, 'hidden_size': 83, 'dropout': 0.21079809903678637, 'hidden_continuous_size': 39, 'attention_head_size': 1, 'learning_rate': 0.003171114555254913}. Best is trial 2 with value: 4.70472526550293.
LOCAL_RANK: 0 - CUDA_VISIBLE_DEVICES: [0]
[I 2023-11-30 12:55:06,720] Trial 4 finished with value: 4.199163436889648 and parameters: {'gradient_clip_val': 0.6994786968728893, 'hidden_size': 48, 'dropout': 0.2517824301648047, 'hidden_continuous_size': 23, 'attention_head_size': 1, 'learning_rate': 0.02512654040120225}. Best is trial 4 with value: 4.199163436889648.
LOCAL_RANK: 0 - CUDA_VISIBLE_DEVICES: [0]
[I 2023-11-30 12:55:19,001] Trial 5 finished with value: 4.150630474090576 and parameters: {'gradient_clip_val': 0.21640397903505848, 'hidden_size': 14, 'dropout': 0.28506014196793256, 'hidden_continuous_size': 10, 'attention_head_size': 2, 'learning_rate': 0.07139906800205627}. Best is trial 5 with value: 4.150630474090576.
LOCAL_RANK: 0 - CUDA_VISIBLE_DEVICES: [0]
[I 2023-11-30 12:55:31,922] Trial 6 finished with value: 8.242969512939453 and parameters: {'gradient_clip_val': 0.1583290300829212, 'hidden_size': 37, 'dropout': 0.32374180257566976, 'hidden_continuous_size': 30, 'attention_head_size': 4, 'learning_rate': 0.0021693801919846875}. Best is trial 5 with value: 4.150630474090576.
LOCAL_RANK: 0 - CUDA_VISIBLE_DEVICES: [0]
[I 2023-11-30 12:55:45,710] Trial 7 finished with value: 4.639446258544922 and parameters: {'gradient_clip_val': 0.3455355666723874, 'hidden_size': 62, 'dropout': 0.22224121512945622, 'hidden_continuous_size': 27, 'attention_head_size': 4, 'learning_rate': 0.01927430459352705}. Best is trial 5 with value: 4.150630474090576.
LOCAL_RANK: 0 - CUDA_VISIBLE_DEVICES: [0]
[I 2023-11-30 12:55:57,765] Trial 8 finished with value: 14.001774787902832 and parameters: {'gradient_clip_val': 0.2047436700404231, 'hidden_size': 11, 'dropout': 0.1160909254848715, 'hidden_continuous_size': 10, 'attention_head_size': 1, 'learning_rate': 0.0011183154207608777}. Best is trial 5 with value: 4.150630474090576.
LOCAL_RANK: 0 - CUDA_VISIBLE_DEVICES: [0]
[I 2023-11-30 12:56:11,558] Trial 9 finished with value: 4.418178081512451 and parameters: {'gradient_clip_val': 0.35890561026238077, 'hidden_size': 72, 'dropout': 0.24749720784318008, 'hidden_continuous_size': 42, 'attention_head_size': 4, 'learning_rate': 0.03282615198666122}. Best is trial 5 with value: 4.150630474090576.
LOCAL_RANK: 0 - CUDA_VISIBLE_DEVICES: [0]
[I 2023-11-30 12:56:23,884] Trial 10 finished with value: 4.828841686248779 and parameters: {'gradient_clip_val': 0.10822965182910037, 'hidden_size': 11, 'dropout': 0.3953189864608748, 'hidden_continuous_size': 10, 'attention_head_size': 2, 'learning_rate': 0.09838089291382422}. Best is trial 5 with value: 4.150630474090576.
LOCAL_RANK: 0 - CUDA_VISIBLE_DEVICES: [0]
[I 2023-11-30 12:56:35,952] Trial 11 finished with value: 4.3401103019714355 and parameters: {'gradient_clip_val': 0.9909876567713217, 'hidden_size': 24, 'dropout': 0.3081818768203759, 'hidden_continuous_size': 13, 'attention_head_size': 1, 'learning_rate': 0.08077087974254725}. Best is trial 5 with value: 4.150630474090576.
LOCAL_RANK: 0 - CUDA_VISIBLE_DEVICES: [0]
[I 2023-11-30 12:56:48,261] Trial 12 finished with value: 5.929288387298584 and parameters: {'gradient_clip_val': 0.6091583628865491, 'hidden_size': 20, 'dropout': 0.2853277199121166, 'hidden_continuous_size': 11, 'attention_head_size': 2, 'learning_rate': 0.00913798926946387}. Best is trial 5 with value: 4.150630474090576.
LOCAL_RANK: 0 - CUDA_VISIBLE_DEVICES: [0]
[I 2023-11-30 12:57:00,662] Trial 13 finished with value: 4.202140808105469 and parameters: {'gradient_clip_val': 0.5781154876642811, 'hidden_size': 17, 'dropout': 0.27647991144436473, 'hidden_continuous_size': 10, 'attention_head_size': 3, 'learning_rate': 0.05048100498236025}. Best is trial 5 with value: 4.150630474090576.
LOCAL_RANK: 0 - CUDA_VISIBLE_DEVICES: [0]
[I 2023-11-30 12:57:12,630] Trial 14 finished with value: 5.278067111968994 and parameters: {'gradient_clip_val': 0.47602719100799523, 'hidden_size': 16, 'dropout': 0.1700866241744952, 'hidden_continuous_size': 11, 'attention_head_size': 1, 'learning_rate': 0.053860565542971986}. Best is trial 5 with value: 4.150630474090576.
LOCAL_RANK: 0 - CUDA_VISIBLE_DEVICES: [0]
[I 2023-11-30 12:57:25,062] Trial 15 finished with value: 5.261614799499512 and parameters: {'gradient_clip_val': 0.4616844728564257, 'hidden_size': 26, 'dropout': 0.27380946179123616, 'hidden_continuous_size': 14, 'attention_head_size': 2, 'learning_rate': 0.007613608229326166}. Best is trial 5 with value: 4.150630474090576.
LOCAL_RANK: 0 - CUDA_VISIBLE_DEVICES: [0]
[I 2023-11-30 12:57:38,224] Trial 16 finished with value: 3.9698550701141357 and parameters: {'gradient_clip_val': 0.2900705936614458, 'hidden_size': 42, 'dropout': 0.18202527373155092, 'hidden_continuous_size': 20, 'attention_head_size': 3, 'learning_rate': 0.054571340377759986}. Best is trial 16 with value: 3.9698550701141357.
LOCAL_RANK: 0 - CUDA_VISIBLE_DEVICES: [0]
[I 2023-11-30 12:57:50,542] Trial 17 finished with value: 4.417469501495361 and parameters: {'gradient_clip_val': 0.2622311816944965, 'hidden_size': 14, 'dropout': 0.18058963230339925, 'hidden_continuous_size': 10, 'attention_head_size': 3, 'learning_rate': 0.05732266709466223}. Best is trial 16 with value: 3.9698550701141357.
LOCAL_RANK: 0 - CUDA_VISIBLE_DEVICES: [0]
[I 2023-11-30 12:58:03,578] Trial 18 finished with value: 4.266725063323975 and parameters: {'gradient_clip_val': 0.1499228868350002, 'hidden_size': 31, 'dropout': 0.11490718957095031, 'hidden_continuous_size': 19, 'attention_head_size': 3, 'learning_rate': 0.08053961037475878}. Best is trial 16 with value: 3.9698550701141357.
LOCAL_RANK: 0 - CUDA_VISIBLE_DEVICES: [0]
[I 2023-11-30 12:58:16,072] Trial 19 finished with value: 4.621373653411865 and parameters: {'gradient_clip_val': 0.2730636434829455, 'hidden_size': 21, 'dropout': 0.1652563437238388, 'hidden_continuous_size': 13, 'attention_head_size': 3, 'learning_rate': 0.03859613580513874}. Best is trial 16 with value: 3.9698550701141357.
LOCAL_RANK: 0 - CUDA_VISIBLE_DEVICES: [0]
[I 2023-11-30 12:58:26,361] Trial 20 finished with value: 8.60380744934082 and parameters: {'gradient_clip_val': 0.2769898142588206, 'hidden_size': 10, 'dropout': 0.19465932853849613, 'hidden_continuous_size': 10, 'attention_head_size': 2, 'learning_rate': 0.014194320857008662}. Best is trial 16 with value: 3.9698550701141357.
LOCAL_RANK: 0 - CUDA_VISIBLE_DEVICES: [0]
[I 2023-11-30 12:58:39,432] Trial 21 finished with value: 4.284555912017822 and parameters: {'gradient_clip_val': 0.40266682099825896, 'hidden_size': 49, 'dropout': 0.2568624328723563, 'hidden_continuous_size': 21, 'attention_head_size': 1, 'learning_rate': 0.028670928278623015}. Best is trial 16 with value: 3.9698550701141357.
LOCAL_RANK: 0 - CUDA_VISIBLE_DEVICES: [0]
[I 2023-11-30 12:58:52,293] Trial 22 finished with value: 4.3021416664123535 and parameters: {'gradient_clip_val': 0.31003337745730863, 'hidden_size': 37, 'dropout': 0.2359187829474161, 'hidden_continuous_size': 22, 'attention_head_size': 2, 'learning_rate': 0.060301000694379034}. Best is trial 16 with value: 3.9698550701141357.
LOCAL_RANK: 0 - CUDA_VISIBLE_DEVICES: [0]
[I 2023-11-30 12:59:05,856] Trial 23 finished with value: 4.63678503036499 and parameters: {'gradient_clip_val': 0.41127690299040476, 'hidden_size': 55, 'dropout': 0.2647094907400979, 'hidden_continuous_size': 25, 'attention_head_size': 3, 'learning_rate': 0.040950761335015205}. Best is trial 16 with value: 3.9698550701141357.
LOCAL_RANK: 0 - CUDA_VISIBLE_DEVICES: [0]
[I 2023-11-30 12:59:18,807] Trial 24 finished with value: 4.368269920349121 and parameters: {'gradient_clip_val': 0.6035655830174523, 'hidden_size': 47, 'dropout': 0.145068346804423, 'hidden_continuous_size': 16, 'attention_head_size': 1, 'learning_rate': 0.024403950869382726}. Best is trial 16 with value: 3.9698550701141357.
LOCAL_RANK: 0 - CUDA_VISIBLE_DEVICES: [0]
[I 2023-11-30 12:59:31,376] Trial 25 finished with value: 4.4239044189453125 and parameters: {'gradient_clip_val': 0.23468787219770515, 'hidden_size': 31, 'dropout': 0.19737932018101267, 'hidden_continuous_size': 20, 'attention_head_size': 2, 'learning_rate': 0.06899250541994946}. Best is trial 16 with value: 3.9698550701141357.
LOCAL_RANK: 0 - CUDA_VISIBLE_DEVICES: [0]
[I 2023-11-30 12:59:44,292] Trial 26 finished with value: 4.349672794342041 and parameters: {'gradient_clip_val': 0.2833780541836063, 'hidden_size': 40, 'dropout': 0.22796462704530068, 'hidden_continuous_size': 18, 'attention_head_size': 3, 'learning_rate': 0.04096406509094688}. Best is trial 16 with value: 3.9698550701141357.
LOCAL_RANK: 0 - CUDA_VISIBLE_DEVICES: [0]
[I 2023-11-30 12:59:56,832] Trial 27 finished with value: 5.152409076690674 and parameters: {'gradient_clip_val': 0.17567334269182439, 'hidden_size': 26, 'dropout': 0.2971360073770164, 'hidden_continuous_size': 18, 'attention_head_size': 2, 'learning_rate': 0.08958097295902012}. Best is trial 16 with value: 3.9698550701141357.
LOCAL_RANK: 0 - CUDA_VISIBLE_DEVICES: [0]
[I 2023-11-30 13:00:09,064] Trial 28 finished with value: 4.214858531951904 and parameters: {'gradient_clip_val': 0.24648023859615553, 'hidden_size': 20, 'dropout': 0.2553317341025099, 'hidden_continuous_size': 15, 'attention_head_size': 1, 'learning_rate': 0.0484575245320538}. Best is trial 16 with value: 3.9698550701141357.
LOCAL_RANK: 0 - CUDA_VISIBLE_DEVICES: [0]
[I 2023-11-30 13:00:23,387] Trial 29 finished with value: 5.016915798187256 and parameters: {'gradient_clip_val': 0.3134852028790405, 'hidden_size': 102, 'dropout': 0.33267668941022355, 'hidden_continuous_size': 56, 'attention_head_size': 4, 'learning_rate': 0.0282360333912771}. Best is trial 16 with value: 3.9698550701141357.
LOCAL_RANK: 0 - CUDA_VISIBLE_DEVICES: [0]
[I 2023-11-30 13:00:36,589] Trial 30 finished with value: 3.8579463958740234 and parameters: {'gradient_clip_val': 0.33734901682591856, 'hidden_size': 57, 'dropout': 0.29361670148455954, 'hidden_continuous_size': 22, 'attention_head_size': 2, 'learning_rate': 0.06423271279820235}. Best is trial 30 with value: 3.8579463958740234.
LOCAL_RANK: 0 - CUDA_VISIBLE_DEVICES: [0]
[I 2023-11-30 13:00:49,896] Trial 31 finished with value: 4.572789192199707 and parameters: {'gradient_clip_val': 0.36185845268028116, 'hidden_size': 60, 'dropout': 0.2846655344675031, 'hidden_continuous_size': 23, 'attention_head_size': 2, 'learning_rate': 0.07223022500734465}. Best is trial 30 with value: 3.8579463958740234.
LOCAL_RANK: 0 - CUDA_VISIBLE_DEVICES: [0]
[I 2023-11-30 13:01:02,949] Trial 32 finished with value: 5.6343607902526855 and parameters: {'gradient_clip_val': 0.30917910859646797, 'hidden_size': 46, 'dropout': 0.3055260710344242, 'hidden_continuous_size': 17, 'attention_head_size': 3, 'learning_rate': 0.038219194166238916}. Best is trial 30 with value: 3.8579463958740234.
LOCAL_RANK: 0 - CUDA_VISIBLE_DEVICES: [0]
[I 2023-11-30 13:01:16,056] Trial 33 finished with value: 4.457950115203857 and parameters: {'gradient_clip_val': 0.2279333006362681, 'hidden_size': 53, 'dropout': 0.24902368219058854, 'hidden_continuous_size': 20, 'attention_head_size': 2, 'learning_rate': 0.056572397890745973}. Best is trial 30 with value: 3.8579463958740234.
LOCAL_RANK: 0 - CUDA_VISIBLE_DEVICES: [0]
[I 2023-11-30 13:01:29,225] Trial 34 finished with value: 4.914590358734131 and parameters: {'gradient_clip_val': 0.1843434344750245, 'hidden_size': 41, 'dropout': 0.23455302654842136, 'hidden_continuous_size': 17, 'attention_head_size': 3, 'learning_rate': 0.09789178123567109}. Best is trial 30 with value: 3.8579463958740234.
LOCAL_RANK: 0 - CUDA_VISIBLE_DEVICES: [0]
[I 2023-11-30 13:01:41,944] Trial 35 finished with value: 4.214444637298584 and parameters: {'gradient_clip_val': 0.7492312348923704, 'hidden_size': 34, 'dropout': 0.2662628754703683, 'hidden_continuous_size': 19, 'attention_head_size': 1, 'learning_rate': 0.06712167560478584}. Best is trial 30 with value: 3.8579463958740234.
LOCAL_RANK: 0 - CUDA_VISIBLE_DEVICES: [0]
[I 2023-11-30 13:01:54,885] Trial 36 finished with value: 4.265955448150635 and parameters: {'gradient_clip_val': 0.2238454148086376, 'hidden_size': 42, 'dropout': 0.2194112242331085, 'hidden_continuous_size': 23, 'attention_head_size': 2, 'learning_rate': 0.023261355735713578}. Best is trial 30 with value: 3.8579463958740234.
LOCAL_RANK: 0 - CUDA_VISIBLE_DEVICES: [0]
[I 2023-11-30 13:02:08,417] Trial 37 finished with value: 3.760040283203125 and parameters: {'gradient_clip_val': 0.5042682322395388, 'hidden_size': 73, 'dropout': 0.20764622516566922, 'hidden_continuous_size': 29, 'attention_head_size': 2, 'learning_rate': 0.03409417564771209}. Best is trial 37 with value: 3.760040283203125.
LOCAL_RANK: 0 - CUDA_VISIBLE_DEVICES: [0]
[I 2023-11-30 13:02:22,127] Trial 38 finished with value: 4.207902908325195 and parameters: {'gradient_clip_val': 0.39625770844959873, 'hidden_size': 90, 'dropout': 0.21058644950843436, 'hidden_continuous_size': 30, 'attention_head_size': 2, 'learning_rate': 0.0454829178479282}. Best is trial 37 with value: 3.760040283203125.
LOCAL_RANK: 0 - CUDA_VISIBLE_DEVICES: [0]
[I 2023-11-30 13:02:35,884] Trial 39 finished with value: 5.990037441253662 and parameters: {'gradient_clip_val': 0.32638408141087943, 'hidden_size': 69, 'dropout': 0.20952983631327546, 'hidden_continuous_size': 27, 'attention_head_size': 2, 'learning_rate': 0.03283911782714288}. Best is trial 37 with value: 3.760040283203125.
LOCAL_RANK: 0 - CUDA_VISIBLE_DEVICES: [0]
[I 2023-11-30 13:02:50,068] Trial 40 finished with value: 4.03790283203125 and parameters: {'gradient_clip_val': 0.5189928508080269, 'hidden_size': 115, 'dropout': 0.3225519388628525, 'hidden_continuous_size': 35, 'attention_head_size': 3, 'learning_rate': 0.07094468218710805}. Best is trial 37 with value: 3.760040283203125.
LOCAL_RANK: 0 - CUDA_VISIBLE_DEVICES: [0]
[I 2023-11-30 13:03:03,875] Trial 41 finished with value: 5.336404323577881 and parameters: {'gradient_clip_val': 0.5019228993498005, 'hidden_size': 96, 'dropout': 0.3328643551108075, 'hidden_continuous_size': 38, 'attention_head_size': 3, 'learning_rate': 0.0730720714342496}. Best is trial 37 with value: 3.760040283203125.
LOCAL_RANK: 0 - CUDA_VISIBLE_DEVICES: [0]
[I 2023-11-30 13:03:18,043] Trial 42 finished with value: 3.8941004276275635 and parameters: {'gradient_clip_val': 0.43986606763943725, 'hidden_size': 113, 'dropout': 0.31674894683799903, 'hidden_continuous_size': 33, 'attention_head_size': 3, 'learning_rate': 0.09842450960037026}. Best is trial 37 with value: 3.760040283203125.
LOCAL_RANK: 0 - CUDA_VISIBLE_DEVICES: [0]
[I 2023-11-30 13:03:32,255] Trial 43 finished with value: 5.587951183319092 and parameters: {'gradient_clip_val': 0.5312323231437429, 'hidden_size': 122, 'dropout': 0.35515481613290767, 'hidden_continuous_size': 37, 'attention_head_size': 3, 'learning_rate': 0.09928742007568052}. Best is trial 37 with value: 3.760040283203125.
LOCAL_RANK: 0 - CUDA_VISIBLE_DEVICES: [0]
[I 2023-11-30 13:03:46,219] Trial 44 finished with value: 5.13146448135376 and parameters: {'gradient_clip_val': 0.44285398647645263, 'hidden_size': 79, 'dropout': 0.320797942315256, 'hidden_continuous_size': 32, 'attention_head_size': 4, 'learning_rate': 0.0588950724207463}. Best is trial 37 with value: 3.760040283203125.
LOCAL_RANK: 0 - CUDA_VISIBLE_DEVICES: [0]
[I 2023-11-30 13:04:00,638] Trial 45 finished with value: 4.293162822723389 and parameters: {'gradient_clip_val': 0.37078342622892524, 'hidden_size': 149, 'dropout': 0.35751884072556706, 'hidden_continuous_size': 33, 'attention_head_size': 3, 'learning_rate': 0.07923128528863776}. Best is trial 37 with value: 3.760040283203125.
LOCAL_RANK: 0 - CUDA_VISIBLE_DEVICES: [0]
[I 2023-11-30 13:04:14,229] Trial 46 finished with value: 4.057304859161377 and parameters: {'gradient_clip_val': 0.5232861803036348, 'hidden_size': 70, 'dropout': 0.3041850575564057, 'hidden_continuous_size': 25, 'attention_head_size': 3, 'learning_rate': 0.05074466215833469}. Best is trial 37 with value: 3.760040283203125.
LOCAL_RANK: 0 - CUDA_VISIBLE_DEVICES: [0]
[I 2023-11-30 13:04:28,383] Trial 47 finished with value: 4.7700982093811035 and parameters: {'gradient_clip_val': 0.4338622583431644, 'hidden_size': 108, 'dropout': 0.24343913799461525, 'hidden_continuous_size': 45, 'attention_head_size': 4, 'learning_rate': 0.06483357297823404}. Best is trial 37 with value: 3.760040283203125.
LOCAL_RANK: 0 - CUDA_VISIBLE_DEVICES: [0]
[I 2023-11-30 13:04:42,158] Trial 48 finished with value: 4.82246732711792 and parameters: {'gradient_clip_val': 0.37956740882800877, 'hidden_size': 86, 'dropout': 0.28940003328944225, 'hidden_continuous_size': 27, 'attention_head_size': 3, 'learning_rate': 0.034327870320043155}. Best is trial 37 with value: 3.760040283203125.
LOCAL_RANK: 0 - CUDA_VISIBLE_DEVICES: [0]
[I 2023-11-30 13:04:56,036] Trial 49 finished with value: 5.399524211883545 and parameters: {'gradient_clip_val': 0.6672893451155893, 'hidden_size': 77, 'dropout': 0.32011335922629897, 'hidden_continuous_size': 29, 'attention_head_size': 3, 'learning_rate': 0.08337927370722628}. Best is trial 37 with value: 3.760040283203125.
LOCAL_RANK: 0 - CUDA_VISIBLE_DEVICES: [0]
[I 2023-11-30 13:05:09,417] Trial 50 finished with value: 3.8005874156951904 and parameters: {'gradient_clip_val': 0.44744955744741505, 'hidden_size': 60, 'dropout': 0.2728690495406456, 'hidden_continuous_size': 24, 'attention_head_size': 3, 'learning_rate': 0.045964899274994975}. Best is trial 37 with value: 3.760040283203125.
LOCAL_RANK: 0 - CUDA_VISIBLE_DEVICES: [0]
[I 2023-11-30 13:05:22,998] Trial 51 finished with value: 4.216975688934326 and parameters: {'gradient_clip_val': 0.4351333061779337, 'hidden_size': 62, 'dropout': 0.2924088170686901, 'hidden_continuous_size': 25, 'attention_head_size': 3, 'learning_rate': 0.04612107572576557}. Best is trial 37 with value: 3.760040283203125.
LOCAL_RANK: 0 - CUDA_VISIBLE_DEVICES: [0]
