[I 2023-11-30 05:26:12,745] Trial 106 finished with value: 6.254302978515625 and parameters: {'gradient_clip_val': 0.6753694844861476, 'hidden_size': 40, 'dropout': 0.35861260680084583, 'hidden_continuous_size': 18, 'attention_head_size': 4, 'learning_rate': 0.09139377951455574}. Best is trial 63 with value: 5.068130970001221.
LOCAL_RANK: 0 - CUDA_VISIBLE_DEVICES: [0]
[I 2023-11-30 05:26:27,103] Trial 107 finished with value: 6.18315315246582 and parameters: {'gradient_clip_val': 0.7318894815383363, 'hidden_size': 133, 'dropout': 0.38164785568193493, 'hidden_continuous_size': 16, 'attention_head_size': 4, 'learning_rate': 0.08310402636468943}. Best is trial 63 with value: 5.068130970001221.
LOCAL_RANK: 0 - CUDA_VISIBLE_DEVICES: [0]
[I 2023-11-30 05:26:40,936] Trial 108 finished with value: 6.042051315307617 and parameters: {'gradient_clip_val': 0.8287504328404437, 'hidden_size': 116, 'dropout': 0.36634846734120724, 'hidden_continuous_size': 13, 'attention_head_size': 4, 'learning_rate': 0.07001850706675344}. Best is trial 63 with value: 5.068130970001221.
LOCAL_RANK: 0 - CUDA_VISIBLE_DEVICES: [0]
[I 2023-11-30 05:26:54,409] Trial 109 finished with value: 6.07738733291626 and parameters: {'gradient_clip_val': 0.705336600411709, 'hidden_size': 88, 'dropout': 0.3688328915504762, 'hidden_continuous_size': 19, 'attention_head_size': 2, 'learning_rate': 0.041397861983804726}. Best is trial 63 with value: 5.068130970001221.
LOCAL_RANK: 0 - CUDA_VISIBLE_DEVICES: [0]
[I 2023-11-30 05:27:08,749] Trial 110 finished with value: 6.064432621002197 and parameters: {'gradient_clip_val': 0.9108385683309654, 'hidden_size': 150, 'dropout': 0.34346393927378144, 'hidden_continuous_size': 12, 'attention_head_size': 3, 'learning_rate': 0.05531112141109848}. Best is trial 63 with value: 5.068130970001221.
LOCAL_RANK: 0 - CUDA_VISIBLE_DEVICES: [0]
[I 2023-11-30 05:27:23,042] Trial 111 finished with value: 5.693032741546631 and parameters: {'gradient_clip_val': 0.6103114382832824, 'hidden_size': 142, 'dropout': 0.3551213763871848, 'hidden_continuous_size': 14, 'attention_head_size': 3, 'learning_rate': 0.044141496690059644}. Best is trial 63 with value: 5.068130970001221.
LOCAL_RANK: 0 - CUDA_VISIBLE_DEVICES: [0]
[I 2023-11-30 05:27:37,274] Trial 112 finished with value: 5.5094475746154785 and parameters: {'gradient_clip_val': 0.5342664238104148, 'hidden_size': 142, 'dropout': 0.35231211693117065, 'hidden_continuous_size': 17, 'attention_head_size': 3, 'learning_rate': 0.034644905896474655}. Best is trial 63 with value: 5.068130970001221.
LOCAL_RANK: 0 - CUDA_VISIBLE_DEVICES: [0]
[I 2023-11-30 05:27:51,563] Trial 113 finished with value: 5.852250576019287 and parameters: {'gradient_clip_val': 0.5352477465576531, 'hidden_size': 130, 'dropout': 0.3790294520480493, 'hidden_continuous_size': 17, 'attention_head_size': 3, 'learning_rate': 0.03421223900436984}. Best is trial 63 with value: 5.068130970001221.
LOCAL_RANK: 0 - CUDA_VISIBLE_DEVICES: [0]
[I 2023-11-30 05:28:05,540] Trial 114 finished with value: 5.666801929473877 and parameters: {'gradient_clip_val': 0.4732893455676035, 'hidden_size': 121, 'dropout': 0.3938943180283319, 'hidden_continuous_size': 17, 'attention_head_size': 3, 'learning_rate': 0.052177362086139475}. Best is trial 63 with value: 5.068130970001221.
LOCAL_RANK: 0 - CUDA_VISIBLE_DEVICES: [0]
[I 2023-11-30 05:28:19,523] Trial 115 finished with value: 6.031101703643799 and parameters: {'gradient_clip_val': 0.4847221610968604, 'hidden_size': 120, 'dropout': 0.395421646704666, 'hidden_continuous_size': 16, 'attention_head_size': 3, 'learning_rate': 0.03874918825827169}. Best is trial 63 with value: 5.068130970001221.
LOCAL_RANK: 0 - CUDA_VISIBLE_DEVICES: [0]
[I 2023-11-30 05:28:34,075] Trial 116 finished with value: 5.340292453765869 and parameters: {'gradient_clip_val': 0.45902659204663915, 'hidden_size': 137, 'dropout': 0.3725515316236211, 'hidden_continuous_size': 21, 'attention_head_size': 4, 'learning_rate': 0.061181324233584564}. Best is trial 63 with value: 5.068130970001221.
LOCAL_RANK: 0 - CUDA_VISIBLE_DEVICES: [0]
[I 2023-11-30 05:28:48,450] Trial 117 finished with value: 6.0148234367370605 and parameters: {'gradient_clip_val': 0.5129761055073075, 'hidden_size': 137, 'dropout': 0.36047465993601835, 'hidden_continuous_size': 21, 'attention_head_size': 4, 'learning_rate': 0.06296568526553624}. Best is trial 63 with value: 5.068130970001221.
LOCAL_RANK: 0 - CUDA_VISIBLE_DEVICES: [0]
[I 2023-11-30 05:29:02,767] Trial 118 finished with value: 6.358760833740234 and parameters: {'gradient_clip_val': 0.5814981240739723, 'hidden_size': 131, 'dropout': 0.35023042299694823, 'hidden_continuous_size': 22, 'attention_head_size': 4, 'learning_rate': 0.049773962197652136}. Best is trial 63 with value: 5.068130970001221.
LOCAL_RANK: 0 - CUDA_VISIBLE_DEVICES: [0]
[I 2023-11-30 05:29:16,774] Trial 119 finished with value: 6.761539459228516 and parameters: {'gradient_clip_val': 0.45747289237931604, 'hidden_size': 106, 'dropout': 0.3739711183859592, 'hidden_continuous_size': 20, 'attention_head_size': 4, 'learning_rate': 0.02962387688158961}. Best is trial 63 with value: 5.068130970001221.
LOCAL_RANK: 0 - CUDA_VISIBLE_DEVICES: [0]
[I 2023-11-30 05:29:31,036] Trial 120 finished with value: 6.345634460449219 and parameters: {'gradient_clip_val': 0.5520690470361111, 'hidden_size': 142, 'dropout': 0.3700986340723792, 'hidden_continuous_size': 23, 'attention_head_size': 4, 'learning_rate': 0.05811787479463665}. Best is trial 63 with value: 5.068130970001221.
LOCAL_RANK: 0 - CUDA_VISIBLE_DEVICES: [0]
[I 2023-11-30 05:29:45,323] Trial 121 finished with value: 5.6872944831848145 and parameters: {'gradient_clip_val': 0.44595054901755865, 'hidden_size': 123, 'dropout': 0.38328103367245125, 'hidden_continuous_size': 17, 'attention_head_size': 4, 'learning_rate': 0.052689418663260226}. Best is trial 63 with value: 5.068130970001221.
LOCAL_RANK: 0 - CUDA_VISIBLE_DEVICES: [0]
[I 2023-11-30 05:29:59,425] Trial 122 finished with value: 6.066137313842773 and parameters: {'gradient_clip_val': 0.5057692148067114, 'hidden_size': 113, 'dropout': 0.38697544099242787, 'hidden_continuous_size': 18, 'attention_head_size': 4, 'learning_rate': 0.047918593776283665}. Best is trial 63 with value: 5.068130970001221.
LOCAL_RANK: 0 - CUDA_VISIBLE_DEVICES: [0]
[I 2023-11-30 05:30:13,933] Trial 123 finished with value: 7.597726345062256 and parameters: {'gradient_clip_val': 0.5344186553141342, 'hidden_size': 143, 'dropout': 0.3638351026942871, 'hidden_continuous_size': 15, 'attention_head_size': 4, 'learning_rate': 0.07141866391311688}. Best is trial 63 with value: 5.068130970001221.
LOCAL_RANK: 0 - CUDA_VISIBLE_DEVICES: [0]
[I 2023-11-30 05:30:28,302] Trial 124 finished with value: 6.026973724365234 and parameters: {'gradient_clip_val': 0.6464082134968258, 'hidden_size': 134, 'dropout': 0.3785287526989719, 'hidden_continuous_size': 19, 'attention_head_size': 4, 'learning_rate': 0.06702858425990467}. Best is trial 63 with value: 5.068130970001221.
LOCAL_RANK: 0 - CUDA_VISIBLE_DEVICES: [0]
[I 2023-11-30 05:30:42,711] Trial 125 finished with value: 6.244466304779053 and parameters: {'gradient_clip_val': 0.42595655069812055, 'hidden_size': 150, 'dropout': 0.3378469148528115, 'hidden_continuous_size': 26, 'attention_head_size': 3, 'learning_rate': 0.0389277433982461}. Best is trial 63 with value: 5.068130970001221.
LOCAL_RANK: 0 - CUDA_VISIBLE_DEVICES: [0]
[I 2023-11-30 05:30:56,799] Trial 126 finished with value: 6.77537202835083 and parameters: {'gradient_clip_val': 0.3728447444470222, 'hidden_size': 127, 'dropout': 0.39539233506852106, 'hidden_continuous_size': 16, 'attention_head_size': 1, 'learning_rate': 0.04434994702994187}. Best is trial 63 with value: 5.068130970001221.
LOCAL_RANK: 0 - CUDA_VISIBLE_DEVICES: [0]
[I 2023-11-30 05:31:10,933] Trial 127 finished with value: 7.548807621002197 and parameters: {'gradient_clip_val': 0.5764510840839645, 'hidden_size': 118, 'dropout': 0.3712691705876013, 'hidden_continuous_size': 18, 'attention_head_size': 4, 'learning_rate': 0.061943042421567604}. Best is trial 63 with value: 5.068130970001221.
LOCAL_RANK: 0 - CUDA_VISIBLE_DEVICES: [0]
[I 2023-11-30 05:31:24,992] Trial 128 finished with value: 6.187232971191406 and parameters: {'gradient_clip_val': 0.6702625724003336, 'hidden_size': 110, 'dropout': 0.35858499362524016, 'hidden_continuous_size': 19, 'attention_head_size': 4, 'learning_rate': 0.05223376888217394}. Best is trial 63 with value: 5.068130970001221.
LOCAL_RANK: 0 - CUDA_VISIBLE_DEVICES: [0]
[I 2023-11-30 05:31:39,404] Trial 129 finished with value: 5.972377777099609 and parameters: {'gradient_clip_val': 0.6312314845778769, 'hidden_size': 138, 'dropout': 0.366325316041473, 'hidden_continuous_size': 22, 'attention_head_size': 4, 'learning_rate': 0.07585441317500409}. Best is trial 63 with value: 5.068130970001221.
LOCAL_RANK: 0 - CUDA_VISIBLE_DEVICES: [0]
[I 2023-11-30 05:31:53,322] Trial 130 finished with value: 7.380222797393799 and parameters: {'gradient_clip_val': 0.5210950307675423, 'hidden_size': 102, 'dropout': 0.35209692935186987, 'hidden_continuous_size': 17, 'attention_head_size': 3, 'learning_rate': 0.034938516889020714}. Best is trial 63 with value: 5.068130970001221.
LOCAL_RANK: 0 - CUDA_VISIBLE_DEVICES: [0]
[I 2023-11-30 05:32:04,065] Trial 131 finished with value: 6.14236307144165 and parameters: {'gradient_clip_val': 0.7551479386942248, 'hidden_size': 10, 'dropout': 0.38814421784944486, 'hidden_continuous_size': 10, 'attention_head_size': 3, 'learning_rate': 0.09637716126057852}. Best is trial 63 with value: 5.068130970001221.
LOCAL_RANK: 0 - CUDA_VISIBLE_DEVICES: [0]
[I 2023-11-30 05:32:16,607] Trial 132 finished with value: 6.110795497894287 and parameters: {'gradient_clip_val': 0.47041016352321346, 'hidden_size': 28, 'dropout': 0.39943206085106986, 'hidden_continuous_size': 16, 'attention_head_size': 3, 'learning_rate': 0.08253107743150721}. Best is trial 63 with value: 5.068130970001221.
LOCAL_RANK: 0 - CUDA_VISIBLE_DEVICES: [0]
[I 2023-11-30 05:32:29,176] Trial 133 finished with value: 6.713878631591797 and parameters: {'gradient_clip_val': 0.49171078570471166, 'hidden_size': 32, 'dropout': 0.3919281650250565, 'hidden_continuous_size': 17, 'attention_head_size': 3, 'learning_rate': 0.08729461260374083}. Best is trial 63 with value: 5.068130970001221.
LOCAL_RANK: 0 - CUDA_VISIBLE_DEVICES: [0]
[I 2023-11-30 05:32:41,376] Trial 134 finished with value: 6.833839416503906 and parameters: {'gradient_clip_val': 0.6942802706507132, 'hidden_size': 24, 'dropout': 0.38000493071422703, 'hidden_continuous_size': 11, 'attention_head_size': 3, 'learning_rate': 0.06970773108274658}. Best is trial 63 with value: 5.068130970001221.
LOCAL_RANK: 0 - CUDA_VISIBLE_DEVICES: [0]
[I 2023-11-30 05:32:51,984] Trial 135 finished with value: 6.502376079559326 and parameters: {'gradient_clip_val': 0.8529355615948612, 'hidden_size': 15, 'dropout': 0.38510508960595724, 'hidden_continuous_size': 15, 'attention_head_size': 3, 'learning_rate': 0.09958639583253182}. Best is trial 63 with value: 5.068130970001221.
LOCAL_RANK: 0 - CUDA_VISIBLE_DEVICES: [0]
[I 2023-11-30 05:33:04,903] Trial 136 finished with value: 6.5055389404296875 and parameters: {'gradient_clip_val': 0.5611541825715185, 'hidden_size': 48, 'dropout': 0.37303428807236605, 'hidden_continuous_size': 20, 'attention_head_size': 2, 'learning_rate': 0.058252987157353275}. Best is trial 63 with value: 5.068130970001221.
LOCAL_RANK: 0 - CUDA_VISIBLE_DEVICES: [0]
[I 2023-11-30 05:33:18,619] Trial 137 finished with value: 6.177034854888916 and parameters: {'gradient_clip_val': 0.7814309139863488, 'hidden_size': 62, 'dropout': 0.3770882816442949, 'hidden_continuous_size': 18, 'attention_head_size': 4, 'learning_rate': 0.07730190786051473}. Best is trial 63 with value: 5.068130970001221.
LOCAL_RANK: 0 - CUDA_VISIBLE_DEVICES: [0]
[I 2023-11-30 05:33:31,520] Trial 138 finished with value: 5.416639804840088 and parameters: {'gradient_clip_val': 0.5971988320303313, 'hidden_size': 34, 'dropout': 0.3923296699871567, 'hidden_continuous_size': 16, 'attention_head_size': 4, 'learning_rate': 0.06381234204010705}. Best is trial 63 with value: 5.068130970001221.
LOCAL_RANK: 0 - CUDA_VISIBLE_DEVICES: [0]
[I 2023-11-30 05:33:44,253] Trial 139 finished with value: 6.438373565673828 and parameters: {'gradient_clip_val': 0.5961071456089848, 'hidden_size': 36, 'dropout': 0.3924113296101348, 'hidden_continuous_size': 16, 'attention_head_size': 4, 'learning_rate': 0.06460638757451391}. Best is trial 63 with value: 5.068130970001221.
LOCAL_RANK: 0 - CUDA_VISIBLE_DEVICES: [0]
[I 2023-11-30 05:33:57,078] Trial 140 finished with value: 6.273716449737549 and parameters: {'gradient_clip_val': 0.5431003271217598, 'hidden_size': 34, 'dropout': 0.3642162314061175, 'hidden_continuous_size': 17, 'attention_head_size': 4, 'learning_rate': 0.05460005360605599}. Best is trial 63 with value: 5.068130970001221.
LOCAL_RANK: 0 - CUDA_VISIBLE_DEVICES: [0]
[I 2023-11-30 05:34:09,613] Trial 141 finished with value: 6.084261417388916 and parameters: {'gradient_clip_val': 0.6482677310857182, 'hidden_size': 19, 'dropout': 0.3864023114333757, 'hidden_continuous_size': 15, 'attention_head_size': 4, 'learning_rate': 0.04738076997649715}. Best is trial 63 with value: 5.068130970001221.
LOCAL_RANK: 0 - CUDA_VISIBLE_DEVICES: [0]
[I 2023-11-30 05:34:22,718] Trial 142 finished with value: 6.312656879425049 and parameters: {'gradient_clip_val': 0.736178482998001, 'hidden_size': 31, 'dropout': 0.3811229024477453, 'hidden_continuous_size': 16, 'attention_head_size': 4, 'learning_rate': 0.08852142887141694}. Best is trial 63 with value: 5.068130970001221.
LOCAL_RANK: 0 - CUDA_VISIBLE_DEVICES: [0]
[I 2023-11-30 05:34:35,862] Trial 143 finished with value: 5.6398162841796875 and parameters: {'gradient_clip_val': 0.6790964664668356, 'hidden_size': 39, 'dropout': 0.3998377224142328, 'hidden_continuous_size': 16, 'attention_head_size': 4, 'learning_rate': 0.07693141305588762}. Best is trial 63 with value: 5.068130970001221.
LOCAL_RANK: 0 - CUDA_VISIBLE_DEVICES: [0]
[I 2023-11-30 05:34:48,883] Trial 144 finished with value: 5.744334697723389 and parameters: {'gradient_clip_val': 0.6774868841555189, 'hidden_size': 37, 'dropout': 0.37348639395937033, 'hidden_continuous_size': 16, 'attention_head_size': 4, 'learning_rate': 0.060892638143027956}. Best is trial 63 with value: 5.068130970001221.
LOCAL_RANK: 0 - CUDA_VISIBLE_DEVICES: [0]
[I 2023-11-30 05:35:01,676] Trial 145 finished with value: 6.35528564453125 and parameters: {'gradient_clip_val': 0.604806521314795, 'hidden_size': 29, 'dropout': 0.3971832207595898, 'hidden_continuous_size': 16, 'attention_head_size': 4, 'learning_rate': 0.07190156475530389}. Best is trial 63 with value: 5.068130970001221.
LOCAL_RANK: 0 - CUDA_VISIBLE_DEVICES: [0]
[I 2023-11-30 05:35:14,474] Trial 146 finished with value: 6.3741984367370605 and parameters: {'gradient_clip_val': 0.7155934783269022, 'hidden_size': 34, 'dropout': 0.3994656208128456, 'hidden_continuous_size': 17, 'attention_head_size': 4, 'learning_rate': 0.05109749852620442}. Best is trial 63 with value: 5.068130970001221.
LOCAL_RANK: 0 - CUDA_VISIBLE_DEVICES: [0]
[I 2023-11-30 05:35:27,334] Trial 147 finished with value: 6.673435211181641 and parameters: {'gradient_clip_val': 0.6296246298232497, 'hidden_size': 26, 'dropout': 0.3910594570452415, 'hidden_continuous_size': 15, 'attention_head_size': 4, 'learning_rate': 0.04098429768279585}. Best is trial 63 with value: 5.068130970001221.
LOCAL_RANK: 0 - CUDA_VISIBLE_DEVICES: [0]
[I 2023-11-30 05:35:41,494] Trial 148 finished with value: 6.763899326324463 and parameters: {'gradient_clip_val': 0.6661648799030212, 'hidden_size': 129, 'dropout': 0.33039245301799475, 'hidden_continuous_size': 14, 'attention_head_size': 4, 'learning_rate': 0.06577201107527111}. Best is trial 63 with value: 5.068130970001221.
LOCAL_RANK: 0 - CUDA_VISIBLE_DEVICES: [0]
[I 2023-11-30 05:35:52,189] Trial 149 finished with value: 5.857130527496338 and parameters: {'gradient_clip_val': 0.5008428864150225, 'hidden_size': 11, 'dropout': 0.3419602876691733, 'hidden_continuous_size': 11, 'attention_head_size': 4, 'learning_rate': 0.07947677621246532}. Best is trial 63 with value: 5.068130970001221.
[I 2023-11-30 05:35:52,299] A new study created in memory with name: no-name-61737b8c-c242-4fa0-bad9-869a4e98fb86
/home/le004/conda/anaconda3/envs/tsff_env/lib/python3.9/site-packages/lightning/fabric/plugins/environments/slurm.py:191: The `srun` command is available on your system but is not used. HINT: If your intention is to run Lightning on SLURM, prepend your python command with `srun` like so: srun python /home/le004/master_thesis/git/TSFusionForecast/code/ ...
LOCAL_RANK: 0 - CUDA_VISIBLE_DEVICES: [0]
[I 2023-11-30 05:36:04,656] Trial 0 finished with value: 27.618637084960938 and parameters: {'gradient_clip_val': 0.6930573095735774, 'hidden_size': 28, 'dropout': 0.3114241402835142, 'hidden_continuous_size': 15, 'attention_head_size': 3, 'learning_rate': 0.07793087260002261}. Best is trial 0 with value: 27.618637084960938.
LOCAL_RANK: 0 - CUDA_VISIBLE_DEVICES: [0]
[I 2023-11-30 05:36:16,995] Trial 1 finished with value: 18.226797103881836 and parameters: {'gradient_clip_val': 0.2151561432621277, 'hidden_size': 24, 'dropout': 0.2438567190865389, 'hidden_continuous_size': 19, 'attention_head_size': 3, 'learning_rate': 0.03599579853249839}. Best is trial 1 with value: 18.226797103881836.
LOCAL_RANK: 0 - CUDA_VISIBLE_DEVICES: [0]
[I 2023-11-30 05:36:29,846] Trial 2 finished with value: 36.73075485229492 and parameters: {'gradient_clip_val': 0.8685480490586334, 'hidden_size': 25, 'dropout': 0.21144538250934142, 'hidden_continuous_size': 19, 'attention_head_size': 4, 'learning_rate': 0.0034221296305104003}. Best is trial 1 with value: 18.226797103881836.
LOCAL_RANK: 0 - CUDA_VISIBLE_DEVICES: [0]
[I 2023-11-30 05:36:42,801] Trial 3 finished with value: 24.614273071289062 and parameters: {'gradient_clip_val': 0.9174522683631814, 'hidden_size': 40, 'dropout': 0.2621725142399199, 'hidden_continuous_size': 24, 'attention_head_size': 4, 'learning_rate': 0.05379976952638469}. Best is trial 1 with value: 18.226797103881836.
LOCAL_RANK: 0 - CUDA_VISIBLE_DEVICES: [0]
[I 2023-11-30 05:36:56,998] Trial 4 finished with value: 24.567358016967773 and parameters: {'gradient_clip_val': 0.10299918650486473, 'hidden_size': 114, 'dropout': 0.13839655147473656, 'hidden_continuous_size': 37, 'attention_head_size': 2, 'learning_rate': 0.09751399651015683}. Best is trial 1 with value: 18.226797103881836.
LOCAL_RANK: 0 - CUDA_VISIBLE_DEVICES: [0]
[I 2023-11-30 05:37:10,356] Trial 5 finished with value: 13.841289520263672 and parameters: {'gradient_clip_val': 0.9532213355987199, 'hidden_size': 82, 'dropout': 0.32561568913909145, 'hidden_continuous_size': 15, 'attention_head_size': 1, 'learning_rate': 0.005005869961390387}. Best is trial 5 with value: 13.841289520263672.
LOCAL_RANK: 0 - CUDA_VISIBLE_DEVICES: [0]
[I 2023-11-30 05:37:23,913] Trial 6 finished with value: 31.817155838012695 and parameters: {'gradient_clip_val': 0.12616323819600775, 'hidden_size': 104, 'dropout': 0.25160611791661536, 'hidden_continuous_size': 19, 'attention_head_size': 2, 'learning_rate': 0.0011083979686340192}. Best is trial 5 with value: 13.841289520263672.
LOCAL_RANK: 0 - CUDA_VISIBLE_DEVICES: [0]
[I 2023-11-30 05:37:36,874] Trial 7 finished with value: 16.926591873168945 and parameters: {'gradient_clip_val': 0.18127685498604795, 'hidden_size': 46, 'dropout': 0.12683179468209532, 'hidden_continuous_size': 14, 'attention_head_size': 3, 'learning_rate': 0.012218176548903545}. Best is trial 5 with value: 13.841289520263672.
LOCAL_RANK: 0 - CUDA_VISIBLE_DEVICES: [0]
[I 2023-11-30 05:37:47,219] Trial 8 finished with value: 19.98320198059082 and parameters: {'gradient_clip_val': 0.1439262051925545, 'hidden_size': 12, 'dropout': 0.17238168773736406, 'hidden_continuous_size': 12, 'attention_head_size': 2, 'learning_rate': 0.019559646131343606}. Best is trial 5 with value: 13.841289520263672.
LOCAL_RANK: 0 - CUDA_VISIBLE_DEVICES: [0]
[I 2023-11-30 05:38:00,545] Trial 9 finished with value: 23.417991638183594 and parameters: {'gradient_clip_val': 0.4518404957130556, 'hidden_size': 100, 'dropout': 0.3861408398420648, 'hidden_continuous_size': 10, 'attention_head_size': 1, 'learning_rate': 0.005124117864975551}. Best is trial 5 with value: 13.841289520263672.
LOCAL_RANK: 0 - CUDA_VISIBLE_DEVICES: [0]
[I 2023-11-30 05:38:11,147] Trial 10 finished with value: 21.098743438720703 and parameters: {'gradient_clip_val': 0.3858465036028103, 'hidden_size': 70, 'dropout': 0.3996057206241538, 'hidden_continuous_size': 70, 'attention_head_size': 1, 'learning_rate': 0.004910468358935006}. Best is trial 5 with value: 13.841289520263672.
LOCAL_RANK: 0 - CUDA_VISIBLE_DEVICES: [0]
[I 2023-11-30 05:38:24,037] Trial 11 finished with value: 22.477676391601562 and parameters: {'gradient_clip_val': 0.23728299616203802, 'hidden_size': 60, 'dropout': 0.10097576080905316, 'hidden_continuous_size': 10, 'attention_head_size': 3, 'learning_rate': 0.013315886793676582}. Best is trial 5 with value: 13.841289520263672.
LOCAL_RANK: 0 - CUDA_VISIBLE_DEVICES: [0]
[I 2023-11-30 05:38:36,841] Trial 12 finished with value: 21.331125259399414 and parameters: {'gradient_clip_val': 0.5931671663043655, 'hidden_size': 56, 'dropout': 0.31725322337892514, 'hidden_continuous_size': 14, 'attention_head_size': 1, 'learning_rate': 0.008574588081994594}. Best is trial 5 with value: 13.841289520263672.
LOCAL_RANK: 0 - CUDA_VISIBLE_DEVICES: [0]
