[I 2023-11-30 01:46:27,810] Trial 12 finished with value: 12.10737133026123 and parameters: {'gradient_clip_val': 0.23320323441708904, 'hidden_size': 62, 'dropout': 0.22353196433035663, 'hidden_continuous_size': 55, 'attention_head_size': 1, 'learning_rate': 0.09092228176688999}. Best is trial 9 with value: 10.74374008178711.
LOCAL_RANK: 0 - CUDA_VISIBLE_DEVICES: [0]
[I 2023-11-30 01:46:40,687] Trial 13 finished with value: 18.865690231323242 and parameters: {'gradient_clip_val': 0.10825477863249391, 'hidden_size': 41, 'dropout': 0.11389867497569081, 'hidden_continuous_size': 10, 'attention_head_size': 1, 'learning_rate': 0.004031893883197282}. Best is trial 9 with value: 10.74374008178711.
LOCAL_RANK: 0 - CUDA_VISIBLE_DEVICES: [0]
[I 2023-11-30 01:46:54,393] Trial 14 finished with value: 19.591400146484375 and parameters: {'gradient_clip_val': 0.6552798751288923, 'hidden_size': 74, 'dropout': 0.21555418680363336, 'hidden_continuous_size': 33, 'attention_head_size': 2, 'learning_rate': 0.0012851705845687248}. Best is trial 9 with value: 10.74374008178711.
LOCAL_RANK: 0 - CUDA_VISIBLE_DEVICES: [0]
[I 2023-11-30 01:47:07,069] Trial 15 finished with value: 11.091212272644043 and parameters: {'gradient_clip_val': 0.26754619915838174, 'hidden_size': 42, 'dropout': 0.1608123135765728, 'hidden_continuous_size': 12, 'attention_head_size': 1, 'learning_rate': 0.018220599819442546}. Best is trial 9 with value: 10.74374008178711.
LOCAL_RANK: 0 - CUDA_VISIBLE_DEVICES: [0]
[I 2023-11-30 01:47:20,898] Trial 16 finished with value: 12.136469841003418 and parameters: {'gradient_clip_val': 0.2602434508401877, 'hidden_size': 97, 'dropout': 0.1501864833799437, 'hidden_continuous_size': 23, 'attention_head_size': 2, 'learning_rate': 0.01765487985145431}. Best is trial 9 with value: 10.74374008178711.
LOCAL_RANK: 0 - CUDA_VISIBLE_DEVICES: [0]
[I 2023-11-30 01:47:33,922] Trial 17 finished with value: 13.131688117980957 and parameters: {'gradient_clip_val': 0.7573595842431454, 'hidden_size': 47, 'dropout': 0.1046029935860207, 'hidden_continuous_size': 12, 'attention_head_size': 1, 'learning_rate': 0.0061896315126765255}. Best is trial 9 with value: 10.74374008178711.
LOCAL_RANK: 0 - CUDA_VISIBLE_DEVICES: [0]
[I 2023-11-30 01:47:47,420] Trial 18 finished with value: 12.188735961914062 and parameters: {'gradient_clip_val': 0.429832828252822, 'hidden_size': 72, 'dropout': 0.15350046232536638, 'hidden_continuous_size': 28, 'attention_head_size': 2, 'learning_rate': 0.014213046457767957}. Best is trial 9 with value: 10.74374008178711.
LOCAL_RANK: 0 - CUDA_VISIBLE_DEVICES: [0]
[I 2023-11-30 01:48:01,734] Trial 19 finished with value: 11.736289978027344 and parameters: {'gradient_clip_val': 0.29041996801642533, 'hidden_size': 144, 'dropout': 0.19141043213545988, 'hidden_continuous_size': 48, 'attention_head_size': 3, 'learning_rate': 0.022475025549860733}. Best is trial 9 with value: 10.74374008178711.
LOCAL_RANK: 0 - CUDA_VISIBLE_DEVICES: [0]
[I 2023-11-30 01:48:14,235] Trial 20 finished with value: 23.645721435546875 and parameters: {'gradient_clip_val': 0.5617004819343293, 'hidden_size': 29, 'dropout': 0.13576224887465888, 'hidden_continuous_size': 14, 'attention_head_size': 1, 'learning_rate': 0.0044161746402762835}. Best is trial 9 with value: 10.74374008178711.
LOCAL_RANK: 0 - CUDA_VISIBLE_DEVICES: [0]
[I 2023-11-30 01:48:26,817] Trial 21 finished with value: 11.553924560546875 and parameters: {'gradient_clip_val': 0.3478266574634502, 'hidden_size': 38, 'dropout': 0.16358310584492405, 'hidden_continuous_size': 10, 'attention_head_size': 1, 'learning_rate': 0.045520199942888875}. Best is trial 9 with value: 10.74374008178711.
LOCAL_RANK: 0 - CUDA_VISIBLE_DEVICES: [0]
[I 2023-11-30 01:48:39,740] Trial 22 finished with value: 12.818279266357422 and parameters: {'gradient_clip_val': 0.36027798726659177, 'hidden_size': 46, 'dropout': 0.16918740178600333, 'hidden_continuous_size': 12, 'attention_head_size': 1, 'learning_rate': 0.041398387850365696}. Best is trial 9 with value: 10.74374008178711.
LOCAL_RANK: 0 - CUDA_VISIBLE_DEVICES: [0]
[I 2023-11-30 01:48:52,487] Trial 23 finished with value: 11.098759651184082 and parameters: {'gradient_clip_val': 0.8008661507240911, 'hidden_size': 37, 'dropout': 0.13658856129410674, 'hidden_continuous_size': 11, 'attention_head_size': 2, 'learning_rate': 0.021814639200338368}. Best is trial 9 with value: 10.74374008178711.
LOCAL_RANK: 0 - CUDA_VISIBLE_DEVICES: [0]
[I 2023-11-30 01:49:05,448] Trial 24 finished with value: 12.437786102294922 and parameters: {'gradient_clip_val': 0.8060758245553389, 'hidden_size': 56, 'dropout': 0.13545257952768458, 'hidden_continuous_size': 18, 'attention_head_size': 2, 'learning_rate': 0.02222408726786879}. Best is trial 9 with value: 10.74374008178711.
LOCAL_RANK: 0 - CUDA_VISIBLE_DEVICES: [0]
[I 2023-11-30 01:49:17,869] Trial 25 finished with value: 12.125504493713379 and parameters: {'gradient_clip_val': 0.7911686011024868, 'hidden_size': 32, 'dropout': 0.10175510700381458, 'hidden_continuous_size': 13, 'attention_head_size': 2, 'learning_rate': 0.010601713648733132}. Best is trial 9 with value: 10.74374008178711.
LOCAL_RANK: 0 - CUDA_VISIBLE_DEVICES: [0]
[I 2023-11-30 01:49:30,891] Trial 26 finished with value: 12.312769889831543 and parameters: {'gradient_clip_val': 0.9646455504151542, 'hidden_size': 45, 'dropout': 0.20578169105798613, 'hidden_continuous_size': 16, 'attention_head_size': 3, 'learning_rate': 0.017992829011762145}. Best is trial 9 with value: 10.74374008178711.
LOCAL_RANK: 0 - CUDA_VISIBLE_DEVICES: [0]
[I 2023-11-30 01:49:43,211] Trial 27 finished with value: 10.602577209472656 and parameters: {'gradient_clip_val': 0.6643601731099096, 'hidden_size': 21, 'dropout': 0.1445613213369768, 'hidden_continuous_size': 11, 'attention_head_size': 2, 'learning_rate': 0.02910681676184785}. Best is trial 27 with value: 10.602577209472656.
LOCAL_RANK: 0 - CUDA_VISIBLE_DEVICES: [0]
[I 2023-11-30 01:49:55,697] Trial 28 finished with value: 11.607093811035156 and parameters: {'gradient_clip_val': 0.5756052425956968, 'hidden_size': 22, 'dropout': 0.19875611077162714, 'hidden_continuous_size': 13, 'attention_head_size': 2, 'learning_rate': 0.029493581870333643}. Best is trial 27 with value: 10.602577209472656.
LOCAL_RANK: 0 - CUDA_VISIBLE_DEVICES: [0]
[I 2023-11-30 01:50:07,929] Trial 29 finished with value: 12.635270118713379 and parameters: {'gradient_clip_val': 0.6703333275160583, 'hidden_size': 20, 'dropout': 0.15377432395705207, 'hidden_continuous_size': 11, 'attention_head_size': 3, 'learning_rate': 0.030486524883423325}. Best is trial 27 with value: 10.602577209472656.
LOCAL_RANK: 0 - CUDA_VISIBLE_DEVICES: [0]
[I 2023-11-30 01:50:20,519] Trial 30 finished with value: 11.156682014465332 and parameters: {'gradient_clip_val': 0.6286525256220955, 'hidden_size': 31, 'dropout': 0.13314811469444268, 'hidden_continuous_size': 19, 'attention_head_size': 1, 'learning_rate': 0.013965806875392252}. Best is trial 27 with value: 10.602577209472656.
LOCAL_RANK: 0 - CUDA_VISIBLE_DEVICES: [0]
[I 2023-11-30 01:50:33,310] Trial 31 finished with value: 11.503151893615723 and parameters: {'gradient_clip_val': 0.8162706593558179, 'hidden_size': 39, 'dropout': 0.12901257381462677, 'hidden_continuous_size': 11, 'attention_head_size': 2, 'learning_rate': 0.01856340611161766}. Best is trial 27 with value: 10.602577209472656.
LOCAL_RANK: 0 - CUDA_VISIBLE_DEVICES: [0]
[I 2023-11-30 01:50:46,091] Trial 32 finished with value: 11.556190490722656 and parameters: {'gradient_clip_val': 0.7108130087461614, 'hidden_size': 34, 'dropout': 0.1808284587688086, 'hidden_continuous_size': 15, 'attention_head_size': 2, 'learning_rate': 0.028545910916012083}. Best is trial 27 with value: 10.602577209472656.
LOCAL_RANK: 0 - CUDA_VISIBLE_DEVICES: [0]
[I 2023-11-30 01:50:58,704] Trial 33 finished with value: 12.801484107971191 and parameters: {'gradient_clip_val': 0.8593641598655495, 'hidden_size': 27, 'dropout': 0.14958245442018892, 'hidden_continuous_size': 13, 'attention_head_size': 2, 'learning_rate': 0.012867788955304701}. Best is trial 27 with value: 10.602577209472656.
LOCAL_RANK: 0 - CUDA_VISIBLE_DEVICES: [0]
[I 2023-11-30 01:51:11,638] Trial 34 finished with value: 11.40516185760498 and parameters: {'gradient_clip_val': 0.6995473711882171, 'hidden_size': 44, 'dropout': 0.1248673740224551, 'hidden_continuous_size': 21, 'attention_head_size': 4, 'learning_rate': 0.008838094109851568}. Best is trial 27 with value: 10.602577209472656.
LOCAL_RANK: 0 - CUDA_VISIBLE_DEVICES: [0]
[I 2023-11-30 01:51:24,109] Trial 35 finished with value: 10.84898853302002 and parameters: {'gradient_clip_val': 0.503048379151993, 'hidden_size': 27, 'dropout': 0.17848730622867648, 'hidden_continuous_size': 11, 'attention_head_size': 3, 'learning_rate': 0.04316176090678967}. Best is trial 27 with value: 10.602577209472656.
LOCAL_RANK: 0 - CUDA_VISIBLE_DEVICES: [0]
[I 2023-11-30 01:51:36,323] Trial 36 finished with value: 10.999369621276855 and parameters: {'gradient_clip_val': 0.5196737484722836, 'hidden_size': 24, 'dropout': 0.18076067803834, 'hidden_continuous_size': 12, 'attention_head_size': 3, 'learning_rate': 0.05232709788019504}. Best is trial 27 with value: 10.602577209472656.
LOCAL_RANK: 0 - CUDA_VISIBLE_DEVICES: [0]
[I 2023-11-30 01:51:48,397] Trial 37 finished with value: 10.114619255065918 and parameters: {'gradient_clip_val': 0.5559613392918518, 'hidden_size': 24, 'dropout': 0.1843049933914573, 'hidden_continuous_size': 14, 'attention_head_size': 3, 'learning_rate': 0.06432478365137019}. Best is trial 37 with value: 10.114619255065918.
LOCAL_RANK: 0 - CUDA_VISIBLE_DEVICES: [0]
[I 2023-11-30 01:52:00,678] Trial 38 finished with value: 11.047798156738281 and parameters: {'gradient_clip_val': 0.4651302400017132, 'hidden_size': 20, 'dropout': 0.1997611319460543, 'hidden_continuous_size': 14, 'attention_head_size': 3, 'learning_rate': 0.06335918002901919}. Best is trial 37 with value: 10.114619255065918.
LOCAL_RANK: 0 - CUDA_VISIBLE_DEVICES: [0]
[I 2023-11-30 01:52:13,193] Trial 39 finished with value: 10.776474952697754 and parameters: {'gradient_clip_val': 0.5195948888626499, 'hidden_size': 27, 'dropout': 0.1833721614424645, 'hidden_continuous_size': 15, 'attention_head_size': 4, 'learning_rate': 0.0633028152009291}. Best is trial 37 with value: 10.114619255065918.
LOCAL_RANK: 0 - CUDA_VISIBLE_DEVICES: [0]
[I 2023-11-30 01:52:25,676] Trial 40 finished with value: 10.3100004196167 and parameters: {'gradient_clip_val': 0.6138935086318964, 'hidden_size': 15, 'dropout': 0.2451287268435935, 'hidden_continuous_size': 13, 'attention_head_size': 4, 'learning_rate': 0.06763865244380234}. Best is trial 37 with value: 10.114619255065918.
LOCAL_RANK: 0 - CUDA_VISIBLE_DEVICES: [0]
[I 2023-11-30 01:52:37,922] Trial 41 finished with value: 10.635540962219238 and parameters: {'gradient_clip_val': 0.5823892444849172, 'hidden_size': 16, 'dropout': 0.24283588087002905, 'hidden_continuous_size': 13, 'attention_head_size': 4, 'learning_rate': 0.07051667301735484}. Best is trial 37 with value: 10.114619255065918.
LOCAL_RANK: 0 - CUDA_VISIBLE_DEVICES: [0]
[I 2023-11-30 01:52:50,174] Trial 42 finished with value: 10.73380184173584 and parameters: {'gradient_clip_val': 0.5879536921282285, 'hidden_size': 15, 'dropout': 0.2427615974273415, 'hidden_continuous_size': 13, 'attention_head_size': 4, 'learning_rate': 0.06794014074903991}. Best is trial 37 with value: 10.114619255065918.
LOCAL_RANK: 0 - CUDA_VISIBLE_DEVICES: [0]
[I 2023-11-30 01:53:02,817] Trial 43 finished with value: 12.128318786621094 and parameters: {'gradient_clip_val': 0.6232006913076398, 'hidden_size': 14, 'dropout': 0.24546388665192564, 'hidden_continuous_size': 13, 'attention_head_size': 4, 'learning_rate': 0.07265265463775651}. Best is trial 37 with value: 10.114619255065918.
LOCAL_RANK: 0 - CUDA_VISIBLE_DEVICES: [0]
[I 2023-11-30 01:53:14,929] Trial 44 finished with value: 10.699063301086426 and parameters: {'gradient_clip_val': 0.44407100433059155, 'hidden_size': 16, 'dropout': 0.262992550588299, 'hidden_continuous_size': 13, 'attention_head_size': 4, 'learning_rate': 0.07657753356683092}. Best is trial 37 with value: 10.114619255065918.
LOCAL_RANK: 0 - CUDA_VISIBLE_DEVICES: [0]
[I 2023-11-30 01:53:27,548] Trial 45 finished with value: 11.406704902648926 and parameters: {'gradient_clip_val': 0.43172601799326915, 'hidden_size': 17, 'dropout': 0.26072463189021156, 'hidden_continuous_size': 14, 'attention_head_size': 4, 'learning_rate': 0.07721134051430677}. Best is trial 37 with value: 10.114619255065918.
LOCAL_RANK: 0 - CUDA_VISIBLE_DEVICES: [0]
[I 2023-11-30 01:53:39,770] Trial 46 finished with value: 11.086531639099121 and parameters: {'gradient_clip_val': 0.5454835127320181, 'hidden_size': 12, 'dropout': 0.22923296924042452, 'hidden_continuous_size': 10, 'attention_head_size': 4, 'learning_rate': 0.09773757324836102}. Best is trial 37 with value: 10.114619255065918.
LOCAL_RANK: 0 - CUDA_VISIBLE_DEVICES: [0]
[I 2023-11-30 01:53:52,204] Trial 47 finished with value: 10.861491203308105 and parameters: {'gradient_clip_val': 0.47146356153220503, 'hidden_size': 17, 'dropout': 0.28210062581666306, 'hidden_continuous_size': 13, 'attention_head_size': 4, 'learning_rate': 0.053524299824064994}. Best is trial 37 with value: 10.114619255065918.
LOCAL_RANK: 0 - CUDA_VISIBLE_DEVICES: [0]
[I 2023-11-30 01:54:04,665] Trial 48 finished with value: 11.290302276611328 and parameters: {'gradient_clip_val': 0.5991248996546913, 'hidden_size': 20, 'dropout': 0.2584691353742453, 'hidden_continuous_size': 14, 'attention_head_size': 4, 'learning_rate': 0.07585513223819343}. Best is trial 37 with value: 10.114619255065918.
LOCAL_RANK: 0 - CUDA_VISIBLE_DEVICES: [0]
[I 2023-11-30 01:54:16,819] Trial 49 finished with value: 11.7345552444458 and parameters: {'gradient_clip_val': 0.6688318200930785, 'hidden_size': 12, 'dropout': 0.21672026190125718, 'hidden_continuous_size': 10, 'attention_head_size': 4, 'learning_rate': 0.038314658372233426}. Best is trial 37 with value: 10.114619255065918.
LOCAL_RANK: 0 - CUDA_VISIBLE_DEVICES: [0]
[I 2023-11-30 01:54:29,359] Trial 50 finished with value: 10.583647727966309 and parameters: {'gradient_clip_val': 0.7379385693696802, 'hidden_size': 18, 'dropout': 0.3007537073605469, 'hidden_continuous_size': 12, 'attention_head_size': 4, 'learning_rate': 0.052386242327567806}. Best is trial 37 with value: 10.114619255065918.
LOCAL_RANK: 0 - CUDA_VISIBLE_DEVICES: [0]
[I 2023-11-30 01:54:41,725] Trial 51 finished with value: 11.46474552154541 and parameters: {'gradient_clip_val': 0.7149897217149707, 'hidden_size': 18, 'dropout': 0.3118901388862799, 'hidden_continuous_size': 13, 'attention_head_size': 4, 'learning_rate': 0.050617806213308546}. Best is trial 37 with value: 10.114619255065918.
LOCAL_RANK: 0 - CUDA_VISIBLE_DEVICES: [0]
[I 2023-11-30 01:54:54,167] Trial 52 finished with value: 11.871330261230469 and parameters: {'gradient_clip_val': 0.5563235449884169, 'hidden_size': 23, 'dropout': 0.2374633742275481, 'hidden_continuous_size': 12, 'attention_head_size': 4, 'learning_rate': 0.05551854072777689}. Best is trial 37 with value: 10.114619255065918.
LOCAL_RANK: 0 - CUDA_VISIBLE_DEVICES: [0]
[I 2023-11-30 01:55:06,448] Trial 53 finished with value: 10.971522331237793 and parameters: {'gradient_clip_val': 0.6081176198835796, 'hidden_size': 16, 'dropout': 0.2525663863623349, 'hidden_continuous_size': 12, 'attention_head_size': 4, 'learning_rate': 0.08186494411953445}. Best is trial 37 with value: 10.114619255065918.
LOCAL_RANK: 0 - CUDA_VISIBLE_DEVICES: [0]
[I 2023-11-30 01:55:18,849] Trial 54 finished with value: 10.751957893371582 and parameters: {'gradient_clip_val': 0.7381965984546424, 'hidden_size': 19, 'dropout': 0.29272786377635096, 'hidden_continuous_size': 12, 'attention_head_size': 4, 'learning_rate': 0.0980370582240159}. Best is trial 37 with value: 10.114619255065918.
LOCAL_RANK: 0 - CUDA_VISIBLE_DEVICES: [0]
[I 2023-11-30 01:55:31,340] Trial 55 finished with value: 11.556025505065918 and parameters: {'gradient_clip_val': 0.8771537428657106, 'hidden_size': 22, 'dropout': 0.26880126500865326, 'hidden_continuous_size': 14, 'attention_head_size': 3, 'learning_rate': 0.036277317597498894}. Best is trial 37 with value: 10.114619255065918.
LOCAL_RANK: 0 - CUDA_VISIBLE_DEVICES: [0]
[I 2023-11-30 01:55:43,660] Trial 56 finished with value: 10.888416290283203 and parameters: {'gradient_clip_val': 0.6393155956841681, 'hidden_size': 15, 'dropout': 0.22346546090282216, 'hidden_continuous_size': 11, 'attention_head_size': 4, 'learning_rate': 0.060031414654340844}. Best is trial 37 with value: 10.114619255065918.
LOCAL_RANK: 0 - CUDA_VISIBLE_DEVICES: [0]
[I 2023-11-30 01:55:56,059] Trial 57 finished with value: 12.809332847595215 and parameters: {'gradient_clip_val': 0.46878609293285245, 'hidden_size': 13, 'dropout': 0.2530198003816502, 'hidden_continuous_size': 11, 'attention_head_size': 4, 'learning_rate': 0.047729355258211974}. Best is trial 37 with value: 10.114619255065918.
LOCAL_RANK: 0 - CUDA_VISIBLE_DEVICES: [0]
[I 2023-11-30 01:56:08,518] Trial 58 finished with value: 12.114909172058105 and parameters: {'gradient_clip_val': 0.41210109758733443, 'hidden_size': 18, 'dropout': 0.2353545382156528, 'hidden_continuous_size': 12, 'attention_head_size': 3, 'learning_rate': 0.08404183719511131}. Best is trial 37 with value: 10.114619255065918.
LOCAL_RANK: 0 - CUDA_VISIBLE_DEVICES: [0]
[I 2023-11-30 01:56:20,825] Trial 59 finished with value: 10.944416046142578 and parameters: {'gradient_clip_val': 0.5335094774887601, 'hidden_size': 15, 'dropout': 0.21161302838865767, 'hidden_continuous_size': 13, 'attention_head_size': 4, 'learning_rate': 0.06794381837422235}. Best is trial 37 with value: 10.114619255065918.
LOCAL_RANK: 0 - CUDA_VISIBLE_DEVICES: [0]
[I 2023-11-30 01:56:33,284] Trial 60 finished with value: 10.88148021697998 and parameters: {'gradient_clip_val': 0.3831749488321957, 'hidden_size': 21, 'dropout': 0.27243114082777237, 'hidden_continuous_size': 15, 'attention_head_size': 3, 'learning_rate': 0.043864499493564454}. Best is trial 37 with value: 10.114619255065918.
LOCAL_RANK: 0 - CUDA_VISIBLE_DEVICES: [0]
[I 2023-11-30 01:56:45,516] Trial 61 finished with value: 10.756836891174316 and parameters: {'gradient_clip_val': 0.593215701735434, 'hidden_size': 16, 'dropout': 0.24301684697379494, 'hidden_continuous_size': 13, 'attention_head_size': 4, 'learning_rate': 0.06644418436402152}. Best is trial 37 with value: 10.114619255065918.
LOCAL_RANK: 0 - CUDA_VISIBLE_DEVICES: [0]
[I 2023-11-30 01:56:57,918] Trial 62 finished with value: 10.956642150878906 and parameters: {'gradient_clip_val': 0.5730199845028475, 'hidden_size': 24, 'dropout': 0.24368118498552668, 'hidden_continuous_size': 14, 'attention_head_size': 4, 'learning_rate': 0.073534486543212}. Best is trial 37 with value: 10.114619255065918.
LOCAL_RANK: 0 - CUDA_VISIBLE_DEVICES: [0]
[I 2023-11-30 01:57:10,527] Trial 63 finished with value: 10.974255561828613 and parameters: {'gradient_clip_val': 0.6726944653167161, 'hidden_size': 18, 'dropout': 0.210023407045363, 'hidden_continuous_size': 13, 'attention_head_size': 4, 'learning_rate': 0.057626687245859384}. Best is trial 37 with value: 10.114619255065918.
LOCAL_RANK: 0 - CUDA_VISIBLE_DEVICES: [0]
[I 2023-11-30 01:57:22,959] Trial 64 finished with value: 10.789212226867676 and parameters: {'gradient_clip_val': 0.761682512311389, 'hidden_size': 14, 'dropout': 0.23100441278820136, 'hidden_continuous_size': 13, 'attention_head_size': 4, 'learning_rate': 0.08484223738205987}. Best is trial 37 with value: 10.114619255065918.
LOCAL_RANK: 0 - CUDA_VISIBLE_DEVICES: [0]
[I 2023-11-30 01:57:35,395] Trial 65 finished with value: 11.04723834991455 and parameters: {'gradient_clip_val': 0.4950680080007963, 'hidden_size': 21, 'dropout': 0.22279743281081973, 'hidden_continuous_size': 12, 'attention_head_size': 4, 'learning_rate': 0.035227548029226154}. Best is trial 37 with value: 10.114619255065918.
LOCAL_RANK: 0 - CUDA_VISIBLE_DEVICES: [0]
[I 2023-11-30 01:57:45,867] Trial 66 finished with value: 11.130505561828613 and parameters: {'gradient_clip_val': 0.6314384583104855, 'hidden_size': 10, 'dropout': 0.19320330238381433, 'hidden_continuous_size': 10, 'attention_head_size': 4, 'learning_rate': 0.048155484823228144}. Best is trial 37 with value: 10.114619255065918.
LOCAL_RANK: 0 - CUDA_VISIBLE_DEVICES: [0]
[I 2023-11-30 01:57:58,038] Trial 67 finished with value: 10.233033180236816 and parameters: {'gradient_clip_val': 0.5614395919491935, 'hidden_size': 16, 'dropout': 0.2932964830974105, 'hidden_continuous_size': 13, 'attention_head_size': 4, 'learning_rate': 0.0614552253938937}. Best is trial 37 with value: 10.114619255065918.
LOCAL_RANK: 0 - CUDA_VISIBLE_DEVICES: [0]
[I 2023-11-30 01:58:10,777] Trial 68 finished with value: 11.227092742919922 and parameters: {'gradient_clip_val': 0.5431740530128176, 'hidden_size': 25, 'dropout': 0.30045545876362306, 'hidden_continuous_size': 16, 'attention_head_size': 4, 'learning_rate': 0.03991926910680415}. Best is trial 37 with value: 10.114619255065918.
LOCAL_RANK: 0 - CUDA_VISIBLE_DEVICES: [0]
[I 2023-11-30 01:58:23,120] Trial 69 finished with value: 10.39576244354248 and parameters: {'gradient_clip_val': 0.6839275019142272, 'hidden_size': 19, 'dropout': 0.28227246582868465, 'hidden_continuous_size': 14, 'attention_head_size': 3, 'learning_rate': 0.05633807012197419}. Best is trial 37 with value: 10.114619255065918.
LOCAL_RANK: 0 - CUDA_VISIBLE_DEVICES: [0]
[I 2023-11-30 01:58:35,406] Trial 70 finished with value: 10.821417808532715 and parameters: {'gradient_clip_val': 0.7171929373461524, 'hidden_size': 19, 'dropout': 0.3220976557589115, 'hidden_continuous_size': 14, 'attention_head_size': 3, 'learning_rate': 0.0583633138759911}. Best is trial 37 with value: 10.114619255065918.
LOCAL_RANK: 0 - CUDA_VISIBLE_DEVICES: [0]
