[I 2023-11-30 07:47:46,744] Trial 149 finished with value: 10.44749927520752 and parameters: {'gradient_clip_val': 0.18961195603222483, 'hidden_size': 53, 'dropout': 0.36091034812231565, 'hidden_continuous_size': 36, 'attention_head_size': 3, 'learning_rate': 0.03638425014447627}. Best is trial 78 with value: 7.932916164398193.
[I 2023-11-30 07:47:46,854] A new study created in memory with name: no-name-59d1d83c-a3d6-44e2-bf5e-394930b89757
/home/le004/conda/anaconda3/envs/tsff_env/lib/python3.9/site-packages/lightning/fabric/plugins/environments/slurm.py:191: The `srun` command is available on your system but is not used. HINT: If your intention is to run Lightning on SLURM, prepend your python command with `srun` like so: srun python /home/le004/master_thesis/git/TSFusionForecast/code/ ...
LOCAL_RANK: 0 - CUDA_VISIBLE_DEVICES: [0]
[I 2023-11-30 07:47:59,118] Trial 0 finished with value: 13.812251091003418 and parameters: {'gradient_clip_val': 0.3253236719940709, 'hidden_size': 14, 'dropout': 0.16710421185688007, 'hidden_continuous_size': 12, 'attention_head_size': 1, 'learning_rate': 0.04314396427923432}. Best is trial 0 with value: 13.812251091003418.
LOCAL_RANK: 0 - CUDA_VISIBLE_DEVICES: [0]
[I 2023-11-30 07:48:12,942] Trial 1 finished with value: 8.080777168273926 and parameters: {'gradient_clip_val': 0.4307553813262717, 'hidden_size': 83, 'dropout': 0.2113177236178778, 'hidden_continuous_size': 32, 'attention_head_size': 4, 'learning_rate': 0.04719913323794416}. Best is trial 1 with value: 8.080777168273926.
LOCAL_RANK: 0 - CUDA_VISIBLE_DEVICES: [0]
[I 2023-11-30 07:48:25,279] Trial 2 finished with value: 39.567840576171875 and parameters: {'gradient_clip_val': 0.5671635871397958, 'hidden_size': 11, 'dropout': 0.17118048345291617, 'hidden_continuous_size': 10, 'attention_head_size': 4, 'learning_rate': 0.0020933947212678898}. Best is trial 1 with value: 8.080777168273926.
LOCAL_RANK: 0 - CUDA_VISIBLE_DEVICES: [0]
[I 2023-11-30 07:48:39,600] Trial 3 finished with value: 7.33700704574585 and parameters: {'gradient_clip_val': 0.8436475698990562, 'hidden_size': 108, 'dropout': 0.11995965224333141, 'hidden_continuous_size': 77, 'attention_head_size': 4, 'learning_rate': 0.05392208430644826}. Best is trial 3 with value: 7.33700704574585.
LOCAL_RANK: 0 - CUDA_VISIBLE_DEVICES: [0]
[I 2023-11-30 07:48:53,686] Trial 4 finished with value: 8.62399959564209 and parameters: {'gradient_clip_val': 0.4510385882779668, 'hidden_size': 67, 'dropout': 0.3156651729477217, 'hidden_continuous_size': 48, 'attention_head_size': 4, 'learning_rate': 0.02382275648963258}. Best is trial 3 with value: 7.33700704574585.
LOCAL_RANK: 0 - CUDA_VISIBLE_DEVICES: [0]
[I 2023-11-30 07:49:04,067] Trial 5 finished with value: 48.523040771484375 and parameters: {'gradient_clip_val': 0.8020157372382961, 'hidden_size': 10, 'dropout': 0.1492389351236954, 'hidden_continuous_size': 10, 'attention_head_size': 2, 'learning_rate': 0.004903422432600864}. Best is trial 3 with value: 7.33700704574585.
LOCAL_RANK: 0 - CUDA_VISIBLE_DEVICES: [0]
[I 2023-11-30 07:49:16,323] Trial 6 finished with value: 16.063873291015625 and parameters: {'gradient_clip_val': 0.45804700274968785, 'hidden_size': 12, 'dropout': 0.20047538234369983, 'hidden_continuous_size': 11, 'attention_head_size': 4, 'learning_rate': 0.04979849410758453}. Best is trial 3 with value: 7.33700704574585.
LOCAL_RANK: 0 - CUDA_VISIBLE_DEVICES: [0]
[I 2023-11-30 07:49:28,269] Trial 7 finished with value: 34.38772201538086 and parameters: {'gradient_clip_val': 0.27202483896683416, 'hidden_size': 16, 'dropout': 0.1351012738367876, 'hidden_continuous_size': 12, 'attention_head_size': 1, 'learning_rate': 0.005532888779437904}. Best is trial 3 with value: 7.33700704574585.
LOCAL_RANK: 0 - CUDA_VISIBLE_DEVICES: [0]
[I 2023-11-30 07:49:40,385] Trial 8 finished with value: 52.9515380859375 and parameters: {'gradient_clip_val': 0.6106893399003522, 'hidden_size': 14, 'dropout': 0.235986932482625, 'hidden_continuous_size': 13, 'attention_head_size': 2, 'learning_rate': 0.0013984717277528646}. Best is trial 3 with value: 7.33700704574585.
LOCAL_RANK: 0 - CUDA_VISIBLE_DEVICES: [0]
[I 2023-11-30 07:49:50,464] Trial 9 finished with value: 11.85888957977295 and parameters: {'gradient_clip_val': 0.5235990703534344, 'hidden_size': 11, 'dropout': 0.16781209232917838, 'hidden_continuous_size': 11, 'attention_head_size': 1, 'learning_rate': 0.09750657892214895}. Best is trial 3 with value: 7.33700704574585.
LOCAL_RANK: 0 - CUDA_VISIBLE_DEVICES: [0]
[I 2023-11-30 07:50:05,729] Trial 10 finished with value: 8.869665145874023 and parameters: {'gradient_clip_val': 0.1541147001549755, 'hidden_size': 146, 'dropout': 0.10438041888613472, 'hidden_continuous_size': 136, 'attention_head_size': 3, 'learning_rate': 0.012375966576945882}. Best is trial 3 with value: 7.33700704574585.
LOCAL_RANK: 0 - CUDA_VISIBLE_DEVICES: [0]
[I 2023-11-30 07:50:19,716] Trial 11 finished with value: 7.0306220054626465 and parameters: {'gradient_clip_val': 0.9655111290045192, 'hidden_size': 89, 'dropout': 0.26808190143677235, 'hidden_continuous_size': 41, 'attention_head_size': 3, 'learning_rate': 0.09565037463607975}. Best is trial 11 with value: 7.0306220054626465.
LOCAL_RANK: 0 - CUDA_VISIBLE_DEVICES: [0]
[I 2023-11-30 07:50:34,391] Trial 12 finished with value: 7.231563091278076 and parameters: {'gradient_clip_val': 0.9737743654476196, 'hidden_size': 139, 'dropout': 0.2955199793670301, 'hidden_continuous_size': 65, 'attention_head_size': 3, 'learning_rate': 0.08824090425955702}. Best is trial 11 with value: 7.0306220054626465.
LOCAL_RANK: 0 - CUDA_VISIBLE_DEVICES: [0]
[I 2023-11-30 07:50:47,563] Trial 13 finished with value: 7.270849704742432 and parameters: {'gradient_clip_val': 0.9385957248370838, 'hidden_size': 56, 'dropout': 0.28916312748476125, 'hidden_continuous_size': 23, 'attention_head_size': 3, 'learning_rate': 0.09798333862158719}. Best is trial 11 with value: 7.0306220054626465.
LOCAL_RANK: 0 - CUDA_VISIBLE_DEVICES: [0]
[I 2023-11-30 07:51:02,019] Trial 14 finished with value: 7.340400695800781 and parameters: {'gradient_clip_val': 0.9363316425474995, 'hidden_size': 148, 'dropout': 0.3690403313610134, 'hidden_continuous_size': 56, 'attention_head_size': 3, 'learning_rate': 0.022042727211218378}. Best is trial 11 with value: 7.0306220054626465.
LOCAL_RANK: 0 - CUDA_VISIBLE_DEVICES: [0]
[I 2023-11-30 07:51:14,922] Trial 15 finished with value: 6.936593532562256 and parameters: {'gradient_clip_val': 0.7720192564164723, 'hidden_size': 40, 'dropout': 0.25922926431878124, 'hidden_continuous_size': 17, 'attention_head_size': 2, 'learning_rate': 0.09177923859210592}. Best is trial 15 with value: 6.936593532562256.
LOCAL_RANK: 0 - CUDA_VISIBLE_DEVICES: [0]
[I 2023-11-30 07:51:27,388] Trial 16 finished with value: 10.153815269470215 and parameters: {'gradient_clip_val': 0.6869167992971109, 'hidden_size': 32, 'dropout': 0.2561105006415226, 'hidden_continuous_size': 15, 'attention_head_size': 2, 'learning_rate': 0.02529301654886188}. Best is trial 15 with value: 6.936593532562256.
LOCAL_RANK: 0 - CUDA_VISIBLE_DEVICES: [0]
[I 2023-11-30 07:51:39,966] Trial 17 finished with value: 8.699790000915527 and parameters: {'gradient_clip_val': 0.6618615130666022, 'hidden_size': 40, 'dropout': 0.3498886142417821, 'hidden_continuous_size': 17, 'attention_head_size': 2, 'learning_rate': 0.06845304002377982}. Best is trial 15 with value: 6.936593532562256.
LOCAL_RANK: 0 - CUDA_VISIBLE_DEVICES: [0]
[I 2023-11-30 07:51:52,967] Trial 18 finished with value: 8.6785888671875 and parameters: {'gradient_clip_val': 0.724510538332569, 'hidden_size': 42, 'dropout': 0.2723301875259926, 'hidden_continuous_size': 20, 'attention_head_size': 2, 'learning_rate': 0.034737607982178856}. Best is trial 15 with value: 6.936593532562256.
LOCAL_RANK: 0 - CUDA_VISIBLE_DEVICES: [0]
[I 2023-11-30 07:52:05,519] Trial 19 finished with value: 16.546785354614258 and parameters: {'gradient_clip_val': 0.7601600460761602, 'hidden_size': 26, 'dropout': 0.23693964340090867, 'hidden_continuous_size': 14, 'attention_head_size': 3, 'learning_rate': 0.014637464588353036}. Best is trial 15 with value: 6.936593532562256.
LOCAL_RANK: 0 - CUDA_VISIBLE_DEVICES: [0]
[I 2023-11-30 07:52:19,511] Trial 20 finished with value: 7.3432769775390625 and parameters: {'gradient_clip_val': 0.6344348743642632, 'hidden_size': 90, 'dropout': 0.32146035572334125, 'hidden_continuous_size': 26, 'attention_head_size': 2, 'learning_rate': 0.06987516041573297}. Best is trial 15 with value: 6.936593532562256.
LOCAL_RANK: 0 - CUDA_VISIBLE_DEVICES: [0]
[I 2023-11-30 07:52:33,590] Trial 21 finished with value: 10.35512924194336 and parameters: {'gradient_clip_val': 0.9189343667589965, 'hidden_size': 120, 'dropout': 0.2842418233825321, 'hidden_continuous_size': 37, 'attention_head_size': 3, 'learning_rate': 0.09523260753952283}. Best is trial 15 with value: 6.936593532562256.
LOCAL_RANK: 0 - CUDA_VISIBLE_DEVICES: [0]
[I 2023-11-30 07:52:46,976] Trial 22 finished with value: 6.958211898803711 and parameters: {'gradient_clip_val': 0.9952843798264871, 'hidden_size': 61, 'dropout': 0.39773609919802266, 'hidden_continuous_size': 18, 'attention_head_size': 3, 'learning_rate': 0.0711310534960684}. Best is trial 15 with value: 6.936593532562256.
LOCAL_RANK: 0 - CUDA_VISIBLE_DEVICES: [0]
[I 2023-11-30 07:53:00,215] Trial 23 finished with value: 6.238199710845947 and parameters: {'gradient_clip_val': 0.9713247779500119, 'hidden_size': 64, 'dropout': 0.37582843887345196, 'hidden_continuous_size': 17, 'attention_head_size': 3, 'learning_rate': 0.06270253292002834}. Best is trial 23 with value: 6.238199710845947.
LOCAL_RANK: 0 - CUDA_VISIBLE_DEVICES: [0]
[I 2023-11-30 07:53:13,297] Trial 24 finished with value: 8.62729263305664 and parameters: {'gradient_clip_val': 0.7746264032271881, 'hidden_size': 56, 'dropout': 0.390409868602652, 'hidden_continuous_size': 18, 'attention_head_size': 3, 'learning_rate': 0.03756007714545483}. Best is trial 23 with value: 6.238199710845947.
LOCAL_RANK: 0 - CUDA_VISIBLE_DEVICES: [0]
[I 2023-11-30 07:53:26,587] Trial 25 finished with value: 8.785643577575684 and parameters: {'gradient_clip_val': 0.9972377030670484, 'hidden_size': 55, 'dropout': 0.3864923488601048, 'hidden_continuous_size': 16, 'attention_head_size': 2, 'learning_rate': 0.062251089487607}. Best is trial 23 with value: 6.238199710845947.
LOCAL_RANK: 0 - CUDA_VISIBLE_DEVICES: [0]
[I 2023-11-30 07:53:40,055] Trial 26 finished with value: 9.208888053894043 and parameters: {'gradient_clip_val': 0.7841797110516375, 'hidden_size': 66, 'dropout': 0.3995613920749228, 'hidden_continuous_size': 19, 'attention_head_size': 3, 'learning_rate': 0.03119067469182752}. Best is trial 23 with value: 6.238199710845947.
LOCAL_RANK: 0 - CUDA_VISIBLE_DEVICES: [0]
[I 2023-11-30 07:53:52,900] Trial 27 finished with value: 10.519969940185547 and parameters: {'gradient_clip_val': 0.7031297388152937, 'hidden_size': 48, 'dropout': 0.3553828038533342, 'hidden_continuous_size': 16, 'attention_head_size': 2, 'learning_rate': 0.06077910722195659}. Best is trial 23 with value: 6.238199710845947.
LOCAL_RANK: 0 - CUDA_VISIBLE_DEVICES: [0]
[I 2023-11-30 07:54:05,114] Trial 28 finished with value: 11.044100761413574 and parameters: {'gradient_clip_val': 0.8019751701311673, 'hidden_size': 32, 'dropout': 0.33780743774662975, 'hidden_continuous_size': 15, 'attention_head_size': 1, 'learning_rate': 0.03894695016437623}. Best is trial 23 with value: 6.238199710845947.
LOCAL_RANK: 0 - CUDA_VISIBLE_DEVICES: [0]
[I 2023-11-30 07:54:17,965] Trial 29 finished with value: 8.455034255981445 and parameters: {'gradient_clip_val': 0.5114860273703803, 'hidden_size': 45, 'dropout': 0.3767659768836731, 'hidden_continuous_size': 18, 'attention_head_size': 1, 'learning_rate': 0.04471850998084234}. Best is trial 23 with value: 6.238199710845947.
LOCAL_RANK: 0 - CUDA_VISIBLE_DEVICES: [0]
[I 2023-11-30 07:54:31,801] Trial 30 finished with value: 7.006937026977539 and parameters: {'gradient_clip_val': 0.35582257791636596, 'hidden_size': 70, 'dropout': 0.3721909657703648, 'hidden_continuous_size': 22, 'attention_head_size': 3, 'learning_rate': 0.06990321822794121}. Best is trial 23 with value: 6.238199710845947.
LOCAL_RANK: 0 - CUDA_VISIBLE_DEVICES: [0]
[I 2023-11-30 07:54:45,435] Trial 31 finished with value: 7.775144100189209 and parameters: {'gradient_clip_val': 0.3538584861137743, 'hidden_size': 71, 'dropout': 0.3650400096625025, 'hidden_continuous_size': 21, 'attention_head_size': 3, 'learning_rate': 0.06667651609189848}. Best is trial 23 with value: 6.238199710845947.
LOCAL_RANK: 0 - CUDA_VISIBLE_DEVICES: [0]
[I 2023-11-30 07:54:59,141] Trial 32 finished with value: 6.6996636390686035 and parameters: {'gradient_clip_val': 0.3733606596090485, 'hidden_size': 78, 'dropout': 0.3995951890055071, 'hidden_continuous_size': 23, 'attention_head_size': 3, 'learning_rate': 0.04803521764817746}. Best is trial 23 with value: 6.238199710845947.
LOCAL_RANK: 0 - CUDA_VISIBLE_DEVICES: [0]
[I 2023-11-30 07:55:12,962] Trial 33 finished with value: 8.067673683166504 and parameters: {'gradient_clip_val': 0.5741306349877462, 'hidden_size': 86, 'dropout': 0.3971658543388704, 'hidden_continuous_size': 25, 'attention_head_size': 4, 'learning_rate': 0.048135482499601756}. Best is trial 23 with value: 6.238199710845947.
LOCAL_RANK: 0 - CUDA_VISIBLE_DEVICES: [0]
[I 2023-11-30 07:55:26,970] Trial 34 finished with value: 6.084924221038818 and parameters: {'gradient_clip_val': 0.8417498699195214, 'hidden_size': 101, 'dropout': 0.3435094532138612, 'hidden_continuous_size': 28, 'attention_head_size': 3, 'learning_rate': 0.049450289683896094}. Best is trial 34 with value: 6.084924221038818.
LOCAL_RANK: 0 - CUDA_VISIBLE_DEVICES: [0]
[I 2023-11-30 07:55:41,271] Trial 35 finished with value: 7.315071105957031 and parameters: {'gradient_clip_val': 0.6116964317839665, 'hidden_size': 102, 'dropout': 0.3369586424278233, 'hidden_continuous_size': 27, 'attention_head_size': 4, 'learning_rate': 0.045240183945392545}. Best is trial 34 with value: 6.084924221038818.
LOCAL_RANK: 0 - CUDA_VISIBLE_DEVICES: [0]
[I 2023-11-30 07:55:54,815] Trial 36 finished with value: 10.407565116882324 and parameters: {'gradient_clip_val': 0.8217268217199198, 'hidden_size': 73, 'dropout': 0.3536421426147794, 'hidden_continuous_size': 29, 'attention_head_size': 2, 'learning_rate': 0.0296735320777031}. Best is trial 34 with value: 6.084924221038818.
LOCAL_RANK: 0 - CUDA_VISIBLE_DEVICES: [0]
[I 2023-11-30 07:56:08,637] Trial 37 finished with value: 7.699732303619385 and parameters: {'gradient_clip_val': 0.5250549468843452, 'hidden_size': 81, 'dropout': 0.31455965311354017, 'hidden_continuous_size': 23, 'attention_head_size': 4, 'learning_rate': 0.05096982890193354}. Best is trial 34 with value: 6.084924221038818.
LOCAL_RANK: 0 - CUDA_VISIBLE_DEVICES: [0]
[I 2023-11-30 07:56:22,606] Trial 38 finished with value: 6.634908199310303 and parameters: {'gradient_clip_val': 0.8557449182738991, 'hidden_size': 112, 'dropout': 0.38045161967775587, 'hidden_continuous_size': 32, 'attention_head_size': 3, 'learning_rate': 0.01814770310268024}. Best is trial 34 with value: 6.084924221038818.
LOCAL_RANK: 0 - CUDA_VISIBLE_DEVICES: [0]
[I 2023-11-30 07:56:36,707] Trial 39 finished with value: 7.7518134117126465 and parameters: {'gradient_clip_val': 0.8666649147121487, 'hidden_size': 111, 'dropout': 0.37792955430453923, 'hidden_continuous_size': 31, 'attention_head_size': 4, 'learning_rate': 0.017477065642695223}. Best is trial 34 with value: 6.084924221038818.
LOCAL_RANK: 0 - CUDA_VISIBLE_DEVICES: [0]
[I 2023-11-30 07:56:50,799] Trial 40 finished with value: 7.347543239593506 and parameters: {'gradient_clip_val': 0.43997419957966577, 'hidden_size': 118, 'dropout': 0.3827430533401627, 'hidden_continuous_size': 33, 'attention_head_size': 3, 'learning_rate': 0.024949659717532147}. Best is trial 34 with value: 6.084924221038818.
LOCAL_RANK: 0 - CUDA_VISIBLE_DEVICES: [0]
[I 2023-11-30 07:57:04,842] Trial 41 finished with value: 6.518215179443359 and parameters: {'gradient_clip_val': 0.8407563922909731, 'hidden_size': 100, 'dropout': 0.3652424860479689, 'hidden_continuous_size': 25, 'attention_head_size': 3, 'learning_rate': 0.03978384851778361}. Best is trial 34 with value: 6.084924221038818.
LOCAL_RANK: 0 - CUDA_VISIBLE_DEVICES: [0]
[I 2023-11-30 07:57:18,722] Trial 42 finished with value: 9.31493091583252 and parameters: {'gradient_clip_val': 0.8400769691835461, 'hidden_size': 95, 'dropout': 0.36294972892905364, 'hidden_continuous_size': 28, 'attention_head_size': 3, 'learning_rate': 0.03692873642871516}. Best is trial 34 with value: 6.084924221038818.
LOCAL_RANK: 0 - CUDA_VISIBLE_DEVICES: [0]
[I 2023-11-30 07:57:32,439] Trial 43 finished with value: 9.184162139892578 and parameters: {'gradient_clip_val': 0.7018742326286901, 'hidden_size': 100, 'dropout': 0.3807970717659914, 'hidden_continuous_size': 24, 'attention_head_size': 3, 'learning_rate': 0.01990335003268358}. Best is trial 34 with value: 6.084924221038818.
LOCAL_RANK: 0 - CUDA_VISIBLE_DEVICES: [0]
[I 2023-11-30 07:57:46,537] Trial 44 finished with value: 7.832576751708984 and parameters: {'gradient_clip_val': 0.6194009362896097, 'hidden_size': 128, 'dropout': 0.3422414802935291, 'hidden_continuous_size': 33, 'attention_head_size': 3, 'learning_rate': 0.0544302534027434}. Best is trial 34 with value: 6.084924221038818.
LOCAL_RANK: 0 - CUDA_VISIBLE_DEVICES: [0]
[I 2023-11-30 07:58:00,185] Trial 45 finished with value: 7.043483734130859 and parameters: {'gradient_clip_val': 0.8665120291251522, 'hidden_size': 81, 'dropout': 0.36271778579432956, 'hidden_continuous_size': 21, 'attention_head_size': 3, 'learning_rate': 0.027434840445315068}. Best is trial 34 with value: 6.084924221038818.
LOCAL_RANK: 0 - CUDA_VISIBLE_DEVICES: [0]
[I 2023-11-30 07:58:14,348] Trial 46 finished with value: 8.778242111206055 and parameters: {'gradient_clip_val': 0.2726551794521962, 'hidden_size': 101, 'dropout': 0.3860042918334468, 'hidden_continuous_size': 26, 'attention_head_size': 3, 'learning_rate': 0.034281117584946265}. Best is trial 34 with value: 6.084924221038818.
LOCAL_RANK: 0 - CUDA_VISIBLE_DEVICES: [0]
[I 2023-11-30 07:58:28,640] Trial 47 finished with value: 6.519479751586914 and parameters: {'gradient_clip_val': 0.8799439986569243, 'hidden_size': 113, 'dropout': 0.328373714369652, 'hidden_continuous_size': 38, 'attention_head_size': 4, 'learning_rate': 0.04523232735691623}. Best is trial 34 with value: 6.084924221038818.
LOCAL_RANK: 0 - CUDA_VISIBLE_DEVICES: [0]
[I 2023-11-30 07:58:42,985] Trial 48 finished with value: 8.010357856750488 and parameters: {'gradient_clip_val': 0.8901424274247738, 'hidden_size': 129, 'dropout': 0.3169612098541741, 'hidden_continuous_size': 40, 'attention_head_size': 4, 'learning_rate': 0.009447398653650888}. Best is trial 34 with value: 6.084924221038818.
LOCAL_RANK: 0 - CUDA_VISIBLE_DEVICES: [0]
[I 2023-11-30 07:58:57,168] Trial 49 finished with value: 7.56211519241333 and parameters: {'gradient_clip_val': 0.7310366468703423, 'hidden_size': 111, 'dropout': 0.33080053104765644, 'hidden_continuous_size': 46, 'attention_head_size': 4, 'learning_rate': 0.029646669343246834}. Best is trial 34 with value: 6.084924221038818.
LOCAL_RANK: 0 - CUDA_VISIBLE_DEVICES: [0]
[I 2023-11-30 07:59:11,208] Trial 50 finished with value: 7.947346210479736 and parameters: {'gradient_clip_val': 0.8883184129597421, 'hidden_size': 93, 'dropout': 0.34648584368298513, 'hidden_continuous_size': 35, 'attention_head_size': 4, 'learning_rate': 0.040444725097477284}. Best is trial 34 with value: 6.084924221038818.
LOCAL_RANK: 0 - CUDA_VISIBLE_DEVICES: [0]
[I 2023-11-30 07:59:25,265] Trial 51 finished with value: 6.431280612945557 and parameters: {'gradient_clip_val': 0.668171463519128, 'hidden_size': 113, 'dropout': 0.36175367390831253, 'hidden_continuous_size': 31, 'attention_head_size': 3, 'learning_rate': 0.04563512869107891}. Best is trial 34 with value: 6.084924221038818.
LOCAL_RANK: 0 - CUDA_VISIBLE_DEVICES: [0]
[I 2023-11-30 07:59:39,569] Trial 52 finished with value: 5.81043004989624 and parameters: {'gradient_clip_val': 0.6708411518783224, 'hidden_size': 130, 'dropout': 0.3549405762727361, 'hidden_continuous_size': 31, 'attention_head_size': 3, 'learning_rate': 0.080378738714559}. Best is trial 52 with value: 5.81043004989624.
LOCAL_RANK: 0 - CUDA_VISIBLE_DEVICES: [0]
[I 2023-11-30 07:59:53,938] Trial 53 finished with value: 8.828803062438965 and parameters: {'gradient_clip_val': 0.6755011673653172, 'hidden_size': 135, 'dropout': 0.3543335968763974, 'hidden_continuous_size': 29, 'attention_head_size': 4, 'learning_rate': 0.05583500952877459}. Best is trial 52 with value: 5.81043004989624.
LOCAL_RANK: 0 - CUDA_VISIBLE_DEVICES: [0]
[I 2023-11-30 08:00:08,221] Trial 54 finished with value: 7.405557155609131 and parameters: {'gradient_clip_val': 0.736393229567128, 'hidden_size': 126, 'dropout': 0.33063594082068715, 'hidden_continuous_size': 36, 'attention_head_size': 3, 'learning_rate': 0.07989791274716436}. Best is trial 52 with value: 5.81043004989624.
LOCAL_RANK: 0 - CUDA_VISIBLE_DEVICES: [0]
[I 2023-11-30 08:00:22,858] Trial 55 finished with value: 5.9901652336120605 and parameters: {'gradient_clip_val': 0.9901751114139415, 'hidden_size': 147, 'dropout': 0.3628164560710943, 'hidden_continuous_size': 39, 'attention_head_size': 3, 'learning_rate': 0.08102002398268074}. Best is trial 52 with value: 5.81043004989624.
LOCAL_RANK: 0 - CUDA_VISIBLE_DEVICES: [0]
[I 2023-11-30 08:00:37,414] Trial 56 finished with value: 6.710533618927002 and parameters: {'gradient_clip_val': 0.972379854494371, 'hidden_size': 150, 'dropout': 0.3048747781016889, 'hidden_continuous_size': 43, 'attention_head_size': 3, 'learning_rate': 0.08214567443334947}. Best is trial 52 with value: 5.81043004989624.
LOCAL_RANK: 0 - CUDA_VISIBLE_DEVICES: [0]
