[I 2023-11-30 09:06:57,585] Trial 50 finished with value: 5.5928568840026855 and parameters: {'gradient_clip_val': 0.14039928532854692, 'hidden_size': 41, 'dropout': 0.3143294158822319, 'hidden_continuous_size': 22, 'attention_head_size': 2, 'learning_rate': 0.01859923233374371}. Best is trial 26 with value: 4.856107234954834.
LOCAL_RANK: 0 - CUDA_VISIBLE_DEVICES: [0]
[I 2023-11-30 09:07:10,001] Trial 51 finished with value: 6.918651580810547 and parameters: {'gradient_clip_val': 0.1194900653597924, 'hidden_size': 22, 'dropout': 0.30535191305824927, 'hidden_continuous_size': 13, 'attention_head_size': 2, 'learning_rate': 0.014903273304742167}. Best is trial 26 with value: 4.856107234954834.
LOCAL_RANK: 0 - CUDA_VISIBLE_DEVICES: [0]
[I 2023-11-30 09:07:22,954] Trial 52 finished with value: 5.702751159667969 and parameters: {'gradient_clip_val': 0.10266079324772054, 'hidden_size': 46, 'dropout': 0.338863451881763, 'hidden_continuous_size': 25, 'attention_head_size': 2, 'learning_rate': 0.022404738692490232}. Best is trial 26 with value: 4.856107234954834.
LOCAL_RANK: 0 - CUDA_VISIBLE_DEVICES: [0]
[I 2023-11-30 09:07:35,073] Trial 53 finished with value: 8.955721855163574 and parameters: {'gradient_clip_val': 0.10971491913249282, 'hidden_size': 16, 'dropout': 0.3309864334632888, 'hidden_continuous_size': 12, 'attention_head_size': 3, 'learning_rate': 0.014232227093275127}. Best is trial 26 with value: 4.856107234954834.
LOCAL_RANK: 0 - CUDA_VISIBLE_DEVICES: [0]
[I 2023-11-30 09:07:48,028] Trial 54 finished with value: 5.805622100830078 and parameters: {'gradient_clip_val': 0.12991439485337253, 'hidden_size': 35, 'dropout': 0.29243452008886667, 'hidden_continuous_size': 23, 'attention_head_size': 1, 'learning_rate': 0.016971949957274975}. Best is trial 26 with value: 4.856107234954834.
LOCAL_RANK: 0 - CUDA_VISIBLE_DEVICES: [0]
[I 2023-11-30 09:08:01,439] Trial 55 finished with value: 5.743479251861572 and parameters: {'gradient_clip_val': 0.1513955605426168, 'hidden_size': 62, 'dropout': 0.35441716251372885, 'hidden_continuous_size': 28, 'attention_head_size': 2, 'learning_rate': 0.02033281907688585}. Best is trial 26 with value: 4.856107234954834.
LOCAL_RANK: 0 - CUDA_VISIBLE_DEVICES: [0]
[I 2023-11-30 09:08:14,079] Trial 56 finished with value: 5.972171783447266 and parameters: {'gradient_clip_val': 0.10198365656489931, 'hidden_size': 29, 'dropout': 0.27888513337857224, 'hidden_continuous_size': 23, 'attention_head_size': 1, 'learning_rate': 0.012203736955846221}. Best is trial 26 with value: 4.856107234954834.
LOCAL_RANK: 0 - CUDA_VISIBLE_DEVICES: [0]
[I 2023-11-30 09:08:28,170] Trial 57 finished with value: 7.188346862792969 and parameters: {'gradient_clip_val': 0.12344241321761075, 'hidden_size': 136, 'dropout': 0.31366398854734046, 'hidden_continuous_size': 30, 'attention_head_size': 2, 'learning_rate': 0.02957915980772464}. Best is trial 26 with value: 4.856107234954834.
LOCAL_RANK: 0 - CUDA_VISIBLE_DEVICES: [0]
[I 2023-11-30 09:08:41,790] Trial 58 finished with value: 8.817354202270508 and parameters: {'gradient_clip_val': 0.13521673160316192, 'hidden_size': 98, 'dropout': 0.26643744585445245, 'hidden_continuous_size': 16, 'attention_head_size': 1, 'learning_rate': 0.023586346879993444}. Best is trial 26 with value: 4.856107234954834.
LOCAL_RANK: 0 - CUDA_VISIBLE_DEVICES: [0]
[I 2023-11-30 09:08:55,855] Trial 59 finished with value: 6.0472564697265625 and parameters: {'gradient_clip_val': 0.10061502636599375, 'hidden_size': 119, 'dropout': 0.34279132117431865, 'hidden_continuous_size': 20, 'attention_head_size': 3, 'learning_rate': 0.01691324809771692}. Best is trial 26 with value: 4.856107234954834.
LOCAL_RANK: 0 - CUDA_VISIBLE_DEVICES: [0]
[I 2023-11-30 09:09:09,638] Trial 60 finished with value: 6.945353031158447 and parameters: {'gradient_clip_val': 0.36847197588994435, 'hidden_size': 77, 'dropout': 0.3782673757931557, 'hidden_continuous_size': 27, 'attention_head_size': 2, 'learning_rate': 0.006885444859942716}. Best is trial 26 with value: 4.856107234954834.
LOCAL_RANK: 0 - CUDA_VISIBLE_DEVICES: [0]
[I 2023-11-30 09:09:23,378] Trial 61 finished with value: 5.393129825592041 and parameters: {'gradient_clip_val': 0.11831956670694604, 'hidden_size': 87, 'dropout': 0.39863326588969467, 'hidden_continuous_size': 38, 'attention_head_size': 1, 'learning_rate': 0.005660328188024206}. Best is trial 26 with value: 4.856107234954834.
LOCAL_RANK: 0 - CUDA_VISIBLE_DEVICES: [0]
[I 2023-11-30 09:09:36,936] Trial 62 finished with value: 7.007957458496094 and parameters: {'gradient_clip_val': 0.1161482208993875, 'hidden_size': 85, 'dropout': 0.38678686059512535, 'hidden_continuous_size': 31, 'attention_head_size': 1, 'learning_rate': 0.010395157649067815}. Best is trial 26 with value: 4.856107234954834.
LOCAL_RANK: 0 - CUDA_VISIBLE_DEVICES: [0]
[I 2023-11-30 09:09:49,991] Trial 63 finished with value: 5.311774730682373 and parameters: {'gradient_clip_val': 0.10867092404082945, 'hidden_size': 52, 'dropout': 0.397896594109341, 'hidden_continuous_size': 28, 'attention_head_size': 1, 'learning_rate': 0.00643324004789266}. Best is trial 26 with value: 4.856107234954834.
LOCAL_RANK: 0 - CUDA_VISIBLE_DEVICES: [0]
[I 2023-11-30 09:10:02,846] Trial 64 finished with value: 6.467430114746094 and parameters: {'gradient_clip_val': 0.11050599797918596, 'hidden_size': 48, 'dropout': 0.3619039052632419, 'hidden_continuous_size': 26, 'attention_head_size': 1, 'learning_rate': 0.00846699320005587}. Best is trial 26 with value: 4.856107234954834.
LOCAL_RANK: 0 - CUDA_VISIBLE_DEVICES: [0]
[I 2023-11-30 09:10:17,315] Trial 65 finished with value: 5.808139801025391 and parameters: {'gradient_clip_val': 0.14183139495004787, 'hidden_size': 142, 'dropout': 0.2874543662436653, 'hidden_continuous_size': 33, 'attention_head_size': 1, 'learning_rate': 0.013155039303689562}. Best is trial 26 with value: 4.856107234954834.
LOCAL_RANK: 0 - CUDA_VISIBLE_DEVICES: [0]
[I 2023-11-30 09:10:31,295] Trial 66 finished with value: 6.906325817108154 and parameters: {'gradient_clip_val': 0.1293271836721026, 'hidden_size': 110, 'dropout': 0.36929574838143286, 'hidden_continuous_size': 35, 'attention_head_size': 1, 'learning_rate': 0.010599648839235039}. Best is trial 26 with value: 4.856107234954834.
LOCAL_RANK: 0 - CUDA_VISIBLE_DEVICES: [0]
[I 2023-11-30 09:10:45,308] Trial 67 finished with value: 7.8886399269104 and parameters: {'gradient_clip_val': 0.10680106296912392, 'hidden_size': 128, 'dropout': 0.38947796716546634, 'hidden_continuous_size': 29, 'attention_head_size': 2, 'learning_rate': 0.007742939095275052}. Best is trial 26 with value: 4.856107234954834.
LOCAL_RANK: 0 - CUDA_VISIBLE_DEVICES: [0]
[I 2023-11-30 09:10:58,743] Trial 68 finished with value: 6.681049346923828 and parameters: {'gradient_clip_val': 0.15381748437062867, 'hidden_size': 69, 'dropout': 0.3785381978751603, 'hidden_continuous_size': 28, 'attention_head_size': 1, 'learning_rate': 0.004548015997065049}. Best is trial 26 with value: 4.856107234954834.
LOCAL_RANK: 0 - CUDA_VISIBLE_DEVICES: [0]
[I 2023-11-30 09:11:12,185] Trial 69 finished with value: 6.297605037689209 and parameters: {'gradient_clip_val': 0.12045376716103245, 'hidden_size': 58, 'dropout': 0.30077673415595113, 'hidden_continuous_size': 25, 'attention_head_size': 3, 'learning_rate': 0.04202839872943335}. Best is trial 26 with value: 4.856107234954834.
LOCAL_RANK: 0 - CUDA_VISIBLE_DEVICES: [0]
[I 2023-11-30 09:11:25,217] Trial 70 finished with value: 6.409943103790283 and parameters: {'gradient_clip_val': 0.13471531846014487, 'hidden_size': 37, 'dropout': 0.25006252446789046, 'hidden_continuous_size': 25, 'attention_head_size': 2, 'learning_rate': 0.04981852190625395}. Best is trial 26 with value: 4.856107234954834.
LOCAL_RANK: 0 - CUDA_VISIBLE_DEVICES: [0]
[I 2023-11-30 09:11:39,239] Trial 71 finished with value: 5.382060527801514 and parameters: {'gradient_clip_val': 0.11678079376603977, 'hidden_size': 115, 'dropout': 0.39385598908548963, 'hidden_continuous_size': 38, 'attention_head_size': 1, 'learning_rate': 0.006121971438130737}. Best is trial 26 with value: 4.856107234954834.
LOCAL_RANK: 0 - CUDA_VISIBLE_DEVICES: [0]
[I 2023-11-30 09:11:53,366] Trial 72 finished with value: 5.007936954498291 and parameters: {'gradient_clip_val': 0.11264132229213672, 'hidden_size': 117, 'dropout': 0.3845160679052223, 'hidden_continuous_size': 44, 'attention_head_size': 1, 'learning_rate': 0.006570088438413019}. Best is trial 26 with value: 4.856107234954834.
LOCAL_RANK: 0 - CUDA_VISIBLE_DEVICES: [0]
[I 2023-11-30 09:12:07,606] Trial 73 finished with value: 6.351804256439209 and parameters: {'gradient_clip_val': 0.10701498474344298, 'hidden_size': 139, 'dropout': 0.39959183691046857, 'hidden_continuous_size': 46, 'attention_head_size': 1, 'learning_rate': 0.005073056214682691}. Best is trial 26 with value: 4.856107234954834.
LOCAL_RANK: 0 - CUDA_VISIBLE_DEVICES: [0]
[I 2023-11-30 09:12:21,496] Trial 74 finished with value: 5.705223083496094 and parameters: {'gradient_clip_val': 0.12533536607317058, 'hidden_size': 103, 'dropout': 0.3771360596303897, 'hidden_continuous_size': 32, 'attention_head_size': 1, 'learning_rate': 0.006782069224006775}. Best is trial 26 with value: 4.856107234954834.
LOCAL_RANK: 0 - CUDA_VISIBLE_DEVICES: [0]
[I 2023-11-30 09:12:35,780] Trial 75 finished with value: 5.794173717498779 and parameters: {'gradient_clip_val': 0.10065989020395996, 'hidden_size': 123, 'dropout': 0.368840241910456, 'hidden_continuous_size': 34, 'attention_head_size': 1, 'learning_rate': 0.007892927097098747}. Best is trial 26 with value: 4.856107234954834.
LOCAL_RANK: 0 - CUDA_VISIBLE_DEVICES: [0]
[I 2023-11-30 09:12:50,059] Trial 76 finished with value: 7.054157733917236 and parameters: {'gradient_clip_val': 0.14259025670975412, 'hidden_size': 135, 'dropout': 0.385719316988041, 'hidden_continuous_size': 43, 'attention_head_size': 1, 'learning_rate': 0.08568608362294251}. Best is trial 26 with value: 4.856107234954834.
LOCAL_RANK: 0 - CUDA_VISIBLE_DEVICES: [0]
[I 2023-11-30 09:13:03,980] Trial 77 finished with value: 5.878733158111572 and parameters: {'gradient_clip_val': 0.1133509393888673, 'hidden_size': 117, 'dropout': 0.34756295905333856, 'hidden_continuous_size': 29, 'attention_head_size': 2, 'learning_rate': 0.011171989126017568}. Best is trial 26 with value: 4.856107234954834.
LOCAL_RANK: 0 - CUDA_VISIBLE_DEVICES: [0]
[I 2023-11-30 09:13:18,330] Trial 78 finished with value: 7.610575199127197 and parameters: {'gradient_clip_val': 0.10784714998822058, 'hidden_size': 150, 'dropout': 0.39107508649699796, 'hidden_continuous_size': 32, 'attention_head_size': 1, 'learning_rate': 0.035267028313096055}. Best is trial 26 with value: 4.856107234954834.
LOCAL_RANK: 0 - CUDA_VISIBLE_DEVICES: [0]
[I 2023-11-30 09:13:32,479] Trial 79 finished with value: 6.586608409881592 and parameters: {'gradient_clip_val': 0.12945061272528452, 'hidden_size': 98, 'dropout': 0.3202890711698333, 'hidden_continuous_size': 30, 'attention_head_size': 3, 'learning_rate': 0.009372106915232097}. Best is trial 26 with value: 4.856107234954834.
LOCAL_RANK: 0 - CUDA_VISIBLE_DEVICES: [0]
[I 2023-11-30 09:13:46,573] Trial 80 finished with value: 6.224029541015625 and parameters: {'gradient_clip_val': 0.16572603590290297, 'hidden_size': 107, 'dropout': 0.13065524392034394, 'hidden_continuous_size': 34, 'attention_head_size': 2, 'learning_rate': 0.007237044303092347}. Best is trial 26 with value: 4.856107234954834.
LOCAL_RANK: 0 - CUDA_VISIBLE_DEVICES: [0]
[I 2023-11-30 09:14:00,623] Trial 81 finished with value: 5.495769500732422 and parameters: {'gradient_clip_val': 0.11743555338360942, 'hidden_size': 116, 'dropout': 0.3797111814594109, 'hidden_continuous_size': 38, 'attention_head_size': 1, 'learning_rate': 0.006574684431601757}. Best is trial 26 with value: 4.856107234954834.
LOCAL_RANK: 0 - CUDA_VISIBLE_DEVICES: [0]
[I 2023-11-30 09:14:14,697] Trial 82 finished with value: 5.546840667724609 and parameters: {'gradient_clip_val': 0.12171913263657763, 'hidden_size': 132, 'dropout': 0.38678795174534497, 'hidden_continuous_size': 40, 'attention_head_size': 1, 'learning_rate': 0.0127895517583548}. Best is trial 26 with value: 4.856107234954834.
LOCAL_RANK: 0 - CUDA_VISIBLE_DEVICES: [0]
[I 2023-11-30 09:14:28,522] Trial 83 finished with value: 8.244494438171387 and parameters: {'gradient_clip_val': 0.11212833799343595, 'hidden_size': 95, 'dropout': 0.3951498894236619, 'hidden_continuous_size': 37, 'attention_head_size': 1, 'learning_rate': 0.0039913963920103785}. Best is trial 26 with value: 4.856107234954834.
LOCAL_RANK: 0 - CUDA_VISIBLE_DEVICES: [0]
[I 2023-11-30 09:14:42,869] Trial 84 finished with value: 5.36554479598999 and parameters: {'gradient_clip_val': 0.1345496067162059, 'hidden_size': 140, 'dropout': 0.39346740533459557, 'hidden_continuous_size': 47, 'attention_head_size': 1, 'learning_rate': 0.008666730633216994}. Best is trial 26 with value: 4.856107234954834.
LOCAL_RANK: 0 - CUDA_VISIBLE_DEVICES: [0]
[I 2023-11-30 09:14:57,138] Trial 85 finished with value: 6.913171768188477 and parameters: {'gradient_clip_val': 0.13586255558315488, 'hidden_size': 150, 'dropout': 0.371791299460871, 'hidden_continuous_size': 46, 'attention_head_size': 1, 'learning_rate': 0.00875594028242199}. Best is trial 26 with value: 4.856107234954834.
LOCAL_RANK: 0 - CUDA_VISIBLE_DEVICES: [0]
[I 2023-11-30 09:15:11,059] Trial 86 finished with value: 5.941570281982422 and parameters: {'gradient_clip_val': 0.14646853818287356, 'hidden_size': 126, 'dropout': 0.2878209799193063, 'hidden_continuous_size': 21, 'attention_head_size': 1, 'learning_rate': 0.01127126027213027}. Best is trial 26 with value: 4.856107234954834.
LOCAL_RANK: 0 - CUDA_VISIBLE_DEVICES: [0]
[I 2023-11-30 09:15:25,500] Trial 87 finished with value: 6.236818313598633 and parameters: {'gradient_clip_val': 0.10008101523046095, 'hidden_size': 139, 'dropout': 0.3079125389508092, 'hidden_continuous_size': 27, 'attention_head_size': 4, 'learning_rate': 0.015313897639602468}. Best is trial 26 with value: 4.856107234954834.
LOCAL_RANK: 0 - CUDA_VISIBLE_DEVICES: [0]
[I 2023-11-30 09:15:39,530] Trial 88 finished with value: 9.222834587097168 and parameters: {'gradient_clip_val': 0.12668679359880242, 'hidden_size': 140, 'dropout': 0.36383855690572375, 'hidden_continuous_size': 23, 'attention_head_size': 2, 'learning_rate': 0.009665008356312671}. Best is trial 26 with value: 4.856107234954834.
LOCAL_RANK: 0 - CUDA_VISIBLE_DEVICES: [0]
[I 2023-11-30 09:15:53,684] Trial 89 finished with value: 6.125863552093506 and parameters: {'gradient_clip_val': 0.15760564679006167, 'hidden_size': 106, 'dropout': 0.2787925945368692, 'hidden_continuous_size': 31, 'attention_head_size': 1, 'learning_rate': 0.005880839422918581}. Best is trial 26 with value: 4.856107234954834.
LOCAL_RANK: 0 - CUDA_VISIBLE_DEVICES: [0]
[I 2023-11-30 09:16:08,063] Trial 90 finished with value: 5.035490036010742 and parameters: {'gradient_clip_val': 0.105695686787281, 'hidden_size': 127, 'dropout': 0.3523055061488371, 'hidden_continuous_size': 54, 'attention_head_size': 2, 'learning_rate': 0.0050539019618872985}. Best is trial 26 with value: 4.856107234954834.
LOCAL_RANK: 0 - CUDA_VISIBLE_DEVICES: [0]
[I 2023-11-30 09:16:22,209] Trial 91 finished with value: 5.052151203155518 and parameters: {'gradient_clip_val': 0.10601467805580808, 'hidden_size': 126, 'dropout': 0.39272963027633173, 'hidden_continuous_size': 53, 'attention_head_size': 2, 'learning_rate': 0.005138781585786317}. Best is trial 26 with value: 4.856107234954834.
LOCAL_RANK: 0 - CUDA_VISIBLE_DEVICES: [0]
[I 2023-11-30 09:16:36,529] Trial 92 finished with value: 4.843082904815674 and parameters: {'gradient_clip_val': 0.10625248450967252, 'hidden_size': 129, 'dropout': 0.32635936786491226, 'hidden_continuous_size': 62, 'attention_head_size': 2, 'learning_rate': 0.005087903255238804}. Best is trial 92 with value: 4.843082904815674.
LOCAL_RANK: 0 - CUDA_VISIBLE_DEVICES: [0]
[I 2023-11-30 09:16:50,964] Trial 93 finished with value: 5.290920734405518 and parameters: {'gradient_clip_val': 0.10550249599314922, 'hidden_size': 125, 'dropout': 0.3743856326074816, 'hidden_continuous_size': 72, 'attention_head_size': 2, 'learning_rate': 0.004902464388200566}. Best is trial 92 with value: 4.843082904815674.
LOCAL_RANK: 0 - CUDA_VISIBLE_DEVICES: [0]
[I 2023-11-30 09:17:05,289] Trial 94 finished with value: 4.787600040435791 and parameters: {'gradient_clip_val': 0.10519760655037634, 'hidden_size': 128, 'dropout': 0.35549926456960457, 'hidden_continuous_size': 60, 'attention_head_size': 2, 'learning_rate': 0.005271921610955512}. Best is trial 94 with value: 4.787600040435791.
LOCAL_RANK: 0 - CUDA_VISIBLE_DEVICES: [0]
[I 2023-11-30 09:17:19,545] Trial 95 finished with value: 6.205745697021484 and parameters: {'gradient_clip_val': 0.11549860419042549, 'hidden_size': 118, 'dropout': 0.330274147909318, 'hidden_continuous_size': 58, 'attention_head_size': 2, 'learning_rate': 0.005515252057245755}. Best is trial 94 with value: 4.787600040435791.
LOCAL_RANK: 0 - CUDA_VISIBLE_DEVICES: [0]
[I 2023-11-30 09:17:33,821] Trial 96 finished with value: 5.225910663604736 and parameters: {'gradient_clip_val': 0.10473806335059489, 'hidden_size': 110, 'dropout': 0.3569599870731022, 'hidden_continuous_size': 59, 'attention_head_size': 2, 'learning_rate': 0.004241066161033013}. Best is trial 94 with value: 4.787600040435791.
LOCAL_RANK: 0 - CUDA_VISIBLE_DEVICES: [0]
[I 2023-11-30 09:17:47,869] Trial 97 finished with value: 6.927375793457031 and parameters: {'gradient_clip_val': 0.10332640586494747, 'hidden_size': 93, 'dropout': 0.347943838355507, 'hidden_continuous_size': 60, 'attention_head_size': 2, 'learning_rate': 0.004164175465656602}. Best is trial 94 with value: 4.787600040435791.
LOCAL_RANK: 0 - CUDA_VISIBLE_DEVICES: [0]
[I 2023-11-30 09:18:01,947] Trial 98 finished with value: 5.506401062011719 and parameters: {'gradient_clip_val': 0.10555718122898318, 'hidden_size': 112, 'dropout': 0.35430899577465863, 'hidden_continuous_size': 51, 'attention_head_size': 2, 'learning_rate': 0.0033289445639390837}. Best is trial 94 with value: 4.787600040435791.
LOCAL_RANK: 0 - CUDA_VISIBLE_DEVICES: [0]
[I 2023-11-30 09:18:16,175] Trial 99 finished with value: 5.406825542449951 and parameters: {'gradient_clip_val': 0.12291963186179958, 'hidden_size': 100, 'dropout': 0.36318245565165397, 'hidden_continuous_size': 63, 'attention_head_size': 2, 'learning_rate': 0.004699842568872951}. Best is trial 94 with value: 4.787600040435791.
LOCAL_RANK: 0 - CUDA_VISIBLE_DEVICES: [0]
[I 2023-11-30 09:18:30,561] Trial 100 finished with value: 4.859622478485107 and parameters: {'gradient_clip_val': 0.11284557675869442, 'hidden_size': 131, 'dropout': 0.3377226382123909, 'hidden_continuous_size': 52, 'attention_head_size': 2, 'learning_rate': 0.004339173677667722}. Best is trial 94 with value: 4.787600040435791.
LOCAL_RANK: 0 - CUDA_VISIBLE_DEVICES: [0]
[I 2023-11-30 09:18:44,742] Trial 101 finished with value: 5.05023193359375 and parameters: {'gradient_clip_val': 0.11397844884756587, 'hidden_size': 131, 'dropout': 0.3335552999553375, 'hidden_continuous_size': 52, 'attention_head_size': 2, 'learning_rate': 0.005448472952646111}. Best is trial 94 with value: 4.787600040435791.
LOCAL_RANK: 0 - CUDA_VISIBLE_DEVICES: [0]
[I 2023-11-30 09:18:58,976] Trial 102 finished with value: 7.179792881011963 and parameters: {'gradient_clip_val': 0.1139545567930747, 'hidden_size': 127, 'dropout': 0.33910023023639707, 'hidden_continuous_size': 52, 'attention_head_size': 2, 'learning_rate': 0.005311090990337617}. Best is trial 94 with value: 4.787600040435791.
LOCAL_RANK: 0 - CUDA_VISIBLE_DEVICES: [0]
[I 2023-11-30 09:19:13,102] Trial 103 finished with value: 5.942020893096924 and parameters: {'gradient_clip_val': 0.11144863808930812, 'hidden_size': 131, 'dropout': 0.33469650977073817, 'hidden_continuous_size': 50, 'attention_head_size': 2, 'learning_rate': 0.005106369559866034}. Best is trial 94 with value: 4.787600040435791.
LOCAL_RANK: 0 - CUDA_VISIBLE_DEVICES: [0]
[I 2023-11-30 09:19:27,387] Trial 104 finished with value: 5.496578693389893 and parameters: {'gradient_clip_val': 0.10018016343993762, 'hidden_size': 120, 'dropout': 0.3230827738123429, 'hidden_continuous_size': 54, 'attention_head_size': 2, 'learning_rate': 0.0045233049686364225}. Best is trial 94 with value: 4.787600040435791.
LOCAL_RANK: 0 - CUDA_VISIBLE_DEVICES: [0]
[I 2023-11-30 09:19:41,801] Trial 105 finished with value: 5.716622829437256 and parameters: {'gradient_clip_val': 0.12098252234456337, 'hidden_size': 131, 'dropout': 0.33688474544193536, 'hidden_continuous_size': 65, 'attention_head_size': 2, 'learning_rate': 0.0059777403714485556}. Best is trial 94 with value: 4.787600040435791.
LOCAL_RANK: 0 - CUDA_VISIBLE_DEVICES: [0]
[I 2023-11-30 09:19:56,105] Trial 106 finished with value: 5.879945755004883 and parameters: {'gradient_clip_val': 0.10970223607711668, 'hidden_size': 121, 'dropout': 0.3307963576448646, 'hidden_continuous_size': 56, 'attention_head_size': 2, 'learning_rate': 0.0034072322127704376}. Best is trial 94 with value: 4.787600040435791.
LOCAL_RANK: 0 - CUDA_VISIBLE_DEVICES: [0]
[I 2023-11-30 09:20:10,482] Trial 107 finished with value: 5.609130859375 and parameters: {'gradient_clip_val': 0.1307717274142345, 'hidden_size': 143, 'dropout': 0.3440313942180824, 'hidden_continuous_size': 43, 'attention_head_size': 2, 'learning_rate': 0.0054446416453789725}. Best is trial 94 with value: 4.787600040435791.
LOCAL_RANK: 0 - CUDA_VISIBLE_DEVICES: [0]
[I 2023-11-30 09:20:24,577] Trial 108 finished with value: 5.4928436279296875 and parameters: {'gradient_clip_val': 0.12471381973367966, 'hidden_size': 103, 'dropout': 0.32552815101820853, 'hidden_continuous_size': 50, 'attention_head_size': 2, 'learning_rate': 0.006172296212777988}. Best is trial 94 with value: 4.787600040435791.
LOCAL_RANK: 0 - CUDA_VISIBLE_DEVICES: [0]
