[I 2023-11-30 11:32:49,765] Trial 93 finished with value: 6.983119964599609 and parameters: {'gradient_clip_val': 0.2634103598391854, 'hidden_size': 41, 'dropout': 0.291987406829634, 'hidden_continuous_size': 32, 'attention_head_size': 1, 'learning_rate': 0.0167202918585958}. Best is trial 8 with value: 6.297355651855469.
LOCAL_RANK: 0 - CUDA_VISIBLE_DEVICES: [0]
[I 2023-11-30 11:33:03,263] Trial 94 finished with value: 7.240449905395508 and parameters: {'gradient_clip_val': 0.22076926186000567, 'hidden_size': 55, 'dropout': 0.27681392493249213, 'hidden_continuous_size': 37, 'attention_head_size': 1, 'learning_rate': 0.02299100755201099}. Best is trial 8 with value: 6.297355651855469.
LOCAL_RANK: 0 - CUDA_VISIBLE_DEVICES: [0]
[I 2023-11-30 11:33:16,317] Trial 95 finished with value: 8.175237655639648 and parameters: {'gradient_clip_val': 0.1649463907485023, 'hidden_size': 37, 'dropout': 0.2970142106468356, 'hidden_continuous_size': 30, 'attention_head_size': 1, 'learning_rate': 0.015484284636710142}. Best is trial 8 with value: 6.297355651855469.
LOCAL_RANK: 0 - CUDA_VISIBLE_DEVICES: [0]
[I 2023-11-30 11:33:29,756] Trial 96 finished with value: 7.128190517425537 and parameters: {'gradient_clip_val': 0.1512412920229064, 'hidden_size': 61, 'dropout': 0.25477630803101914, 'hidden_continuous_size': 35, 'attention_head_size': 1, 'learning_rate': 0.03624941817583533}. Best is trial 8 with value: 6.297355651855469.
LOCAL_RANK: 0 - CUDA_VISIBLE_DEVICES: [0]
[I 2023-11-30 11:33:43,532] Trial 97 finished with value: 7.346784591674805 and parameters: {'gradient_clip_val': 0.1889965058377823, 'hidden_size': 70, 'dropout': 0.24317259929794918, 'hidden_continuous_size': 25, 'attention_head_size': 3, 'learning_rate': 0.026698217714668702}. Best is trial 8 with value: 6.297355651855469.
LOCAL_RANK: 0 - CUDA_VISIBLE_DEVICES: [0]
[I 2023-11-30 11:33:56,453] Trial 98 finished with value: 7.4289231300354 and parameters: {'gradient_clip_val': 0.2002830176519483, 'hidden_size': 48, 'dropout': 0.3117795030654323, 'hidden_continuous_size': 29, 'attention_head_size': 2, 'learning_rate': 0.01942038792785348}. Best is trial 8 with value: 6.297355651855469.
LOCAL_RANK: 0 - CUDA_VISIBLE_DEVICES: [0]
[I 2023-11-30 11:34:09,821] Trial 99 finished with value: 7.6785101890563965 and parameters: {'gradient_clip_val': 0.1751539619199072, 'hidden_size': 53, 'dropout': 0.23152610040282945, 'hidden_continuous_size': 28, 'attention_head_size': 3, 'learning_rate': 0.013145160790779056}. Best is trial 8 with value: 6.297355651855469.
LOCAL_RANK: 0 - CUDA_VISIBLE_DEVICES: [0]
[I 2023-11-30 11:34:23,338] Trial 100 finished with value: 7.666223049163818 and parameters: {'gradient_clip_val': 0.23108175680791077, 'hidden_size': 65, 'dropout': 0.19897344266065153, 'hidden_continuous_size': 26, 'attention_head_size': 1, 'learning_rate': 0.010784033661945878}. Best is trial 8 with value: 6.297355651855469.
LOCAL_RANK: 0 - CUDA_VISIBLE_DEVICES: [0]
[I 2023-11-30 11:34:36,613] Trial 101 finished with value: 6.9433722496032715 and parameters: {'gradient_clip_val': 0.21728838257255984, 'hidden_size': 45, 'dropout': 0.26104946149232633, 'hidden_continuous_size': 33, 'attention_head_size': 4, 'learning_rate': 0.02051692967055326}. Best is trial 8 with value: 6.297355651855469.
LOCAL_RANK: 0 - CUDA_VISIBLE_DEVICES: [0]
[I 2023-11-30 11:34:50,200] Trial 102 finished with value: 8.258910179138184 and parameters: {'gradient_clip_val': 0.23719145250693122, 'hidden_size': 57, 'dropout': 0.2694167791726264, 'hidden_continuous_size': 36, 'attention_head_size': 2, 'learning_rate': 0.024394768917048046}. Best is trial 8 with value: 6.297355651855469.
LOCAL_RANK: 0 - CUDA_VISIBLE_DEVICES: [0]
[I 2023-11-30 11:35:03,489] Trial 103 finished with value: 7.550998687744141 and parameters: {'gradient_clip_val': 0.20531997367965835, 'hidden_size': 46, 'dropout': 0.21206747224346048, 'hidden_continuous_size': 33, 'attention_head_size': 3, 'learning_rate': 0.029392056393325167}. Best is trial 8 with value: 6.297355651855469.
LOCAL_RANK: 0 - CUDA_VISIBLE_DEVICES: [0]
[I 2023-11-30 11:35:17,122] Trial 104 finished with value: 6.571727752685547 and parameters: {'gradient_clip_val': 0.18623454719047547, 'hidden_size': 51, 'dropout': 0.21838478336691047, 'hidden_continuous_size': 35, 'attention_head_size': 4, 'learning_rate': 0.017047494260072456}. Best is trial 8 with value: 6.297355651855469.
LOCAL_RANK: 0 - CUDA_VISIBLE_DEVICES: [0]
[I 2023-11-30 11:35:30,600] Trial 105 finished with value: 8.190598487854004 and parameters: {'gradient_clip_val': 0.18700538295908686, 'hidden_size': 52, 'dropout': 0.22242558322923148, 'hidden_continuous_size': 34, 'attention_head_size': 1, 'learning_rate': 0.016058791257325684}. Best is trial 8 with value: 6.297355651855469.
LOCAL_RANK: 0 - CUDA_VISIBLE_DEVICES: [0]
[I 2023-11-30 11:35:44,190] Trial 106 finished with value: 7.221668720245361 and parameters: {'gradient_clip_val': 0.16360565648099354, 'hidden_size': 61, 'dropout': 0.23924071981745015, 'hidden_continuous_size': 31, 'attention_head_size': 4, 'learning_rate': 0.014121598041943614}. Best is trial 8 with value: 6.297355651855469.
LOCAL_RANK: 0 - CUDA_VISIBLE_DEVICES: [0]
[I 2023-11-30 11:35:58,157] Trial 107 finished with value: 6.7198967933654785 and parameters: {'gradient_clip_val': 0.17208332143506494, 'hidden_size': 82, 'dropout': 0.20421822927299935, 'hidden_continuous_size': 41, 'attention_head_size': 3, 'learning_rate': 0.017871259620789774}. Best is trial 8 with value: 6.297355651855469.
LOCAL_RANK: 0 - CUDA_VISIBLE_DEVICES: [0]
[I 2023-11-30 11:36:12,043] Trial 108 finished with value: 7.763786792755127 and parameters: {'gradient_clip_val': 0.17139719132028364, 'hidden_size': 73, 'dropout': 0.2085022711389489, 'hidden_continuous_size': 38, 'attention_head_size': 4, 'learning_rate': 0.017672592444030823}. Best is trial 8 with value: 6.297355651855469.
LOCAL_RANK: 0 - CUDA_VISIBLE_DEVICES: [0]
[I 2023-11-30 11:36:26,092] Trial 109 finished with value: 8.154857635498047 and parameters: {'gradient_clip_val': 0.15815424529224878, 'hidden_size': 95, 'dropout': 0.2027819017325159, 'hidden_continuous_size': 42, 'attention_head_size': 2, 'learning_rate': 0.01512445301695467}. Best is trial 8 with value: 6.297355651855469.
LOCAL_RANK: 0 - CUDA_VISIBLE_DEVICES: [0]
[I 2023-11-30 11:36:40,238] Trial 110 finished with value: 7.552099227905273 and parameters: {'gradient_clip_val': 0.14776529126358612, 'hidden_size': 79, 'dropout': 0.19219128579596167, 'hidden_continuous_size': 39, 'attention_head_size': 3, 'learning_rate': 0.02100937710239886}. Best is trial 8 with value: 6.297355651855469.
LOCAL_RANK: 0 - CUDA_VISIBLE_DEVICES: [0]
[I 2023-11-30 11:36:53,544] Trial 111 finished with value: 7.824031829833984 and parameters: {'gradient_clip_val': 0.18331542432723844, 'hidden_size': 43, 'dropout': 0.21931214270545302, 'hidden_continuous_size': 35, 'attention_head_size': 3, 'learning_rate': 0.018842178223675676}. Best is trial 8 with value: 6.297355651855469.
LOCAL_RANK: 0 - CUDA_VISIBLE_DEVICES: [0]
[I 2023-11-30 11:37:07,535] Trial 112 finished with value: 7.5288567543029785 and parameters: {'gradient_clip_val': 0.19368777148648134, 'hidden_size': 83, 'dropout': 0.22622621689291042, 'hidden_continuous_size': 41, 'attention_head_size': 3, 'learning_rate': 0.01688519597585146}. Best is trial 8 with value: 6.297355651855469.
LOCAL_RANK: 0 - CUDA_VISIBLE_DEVICES: [0]
[I 2023-11-30 11:37:21,619] Trial 113 finished with value: 6.39751672744751 and parameters: {'gradient_clip_val': 0.17256720478144902, 'hidden_size': 85, 'dropout': 0.21438311694057968, 'hidden_continuous_size': 46, 'attention_head_size': 3, 'learning_rate': 0.012775099661857098}. Best is trial 8 with value: 6.297355651855469.
LOCAL_RANK: 0 - CUDA_VISIBLE_DEVICES: [0]
[I 2023-11-30 11:37:35,754] Trial 114 finished with value: 8.20038890838623 and parameters: {'gradient_clip_val': 0.13265388762174984, 'hidden_size': 87, 'dropout': 0.21211249547810257, 'hidden_continuous_size': 46, 'attention_head_size': 3, 'learning_rate': 0.01279837427869481}. Best is trial 8 with value: 6.297355651855469.
LOCAL_RANK: 0 - CUDA_VISIBLE_DEVICES: [0]
[I 2023-11-30 11:37:49,982] Trial 115 finished with value: 7.0523858070373535 and parameters: {'gradient_clip_val': 0.17815021325401845, 'hidden_size': 91, 'dropout': 0.20173222925014772, 'hidden_continuous_size': 45, 'attention_head_size': 3, 'learning_rate': 0.014672298127871656}. Best is trial 8 with value: 6.297355651855469.
LOCAL_RANK: 0 - CUDA_VISIBLE_DEVICES: [0]
[I 2023-11-30 11:38:03,793] Trial 116 finished with value: 7.548875331878662 and parameters: {'gradient_clip_val': 0.15531057097773265, 'hidden_size': 58, 'dropout': 0.21983181497409318, 'hidden_continuous_size': 36, 'attention_head_size': 4, 'learning_rate': 0.011639166728422015}. Best is trial 8 with value: 6.297355651855469.
LOCAL_RANK: 0 - CUDA_VISIBLE_DEVICES: [0]
[I 2023-11-30 11:38:17,858] Trial 117 finished with value: 8.358757019042969 and parameters: {'gradient_clip_val': 0.1655618788324446, 'hidden_size': 99, 'dropout': 0.22920554492254847, 'hidden_continuous_size': 48, 'attention_head_size': 2, 'learning_rate': 0.00949498289848036}. Best is trial 8 with value: 6.297355651855469.
LOCAL_RANK: 0 - CUDA_VISIBLE_DEVICES: [0]
[I 2023-11-30 11:38:31,456] Trial 118 finished with value: 7.297769546508789 and parameters: {'gradient_clip_val': 0.14169350877370207, 'hidden_size': 64, 'dropout': 0.19286067946115895, 'hidden_continuous_size': 43, 'attention_head_size': 3, 'learning_rate': 0.022569566234772718}. Best is trial 8 with value: 6.297355651855469.
LOCAL_RANK: 0 - CUDA_VISIBLE_DEVICES: [0]
[I 2023-11-30 11:38:44,954] Trial 119 finished with value: 7.31776237487793 and parameters: {'gradient_clip_val': 0.1714767134953848, 'hidden_size': 54, 'dropout': 0.20731333343854, 'hidden_continuous_size': 37, 'attention_head_size': 1, 'learning_rate': 0.013359282179275395}. Best is trial 8 with value: 6.297355651855469.
LOCAL_RANK: 0 - CUDA_VISIBLE_DEVICES: [0]
[I 2023-11-30 11:38:58,397] Trial 120 finished with value: 8.053337097167969 and parameters: {'gradient_clip_val': 0.20505088757145587, 'hidden_size': 50, 'dropout': 0.24779964987769384, 'hidden_continuous_size': 23, 'attention_head_size': 4, 'learning_rate': 0.016149151618898506}. Best is trial 8 with value: 6.297355651855469.
LOCAL_RANK: 0 - CUDA_VISIBLE_DEVICES: [0]
[I 2023-11-30 11:39:12,275] Trial 121 finished with value: 7.0266194343566895 and parameters: {'gradient_clip_val': 0.197989737574544, 'hidden_size': 78, 'dropout': 0.23872199846987396, 'hidden_continuous_size': 44, 'attention_head_size': 3, 'learning_rate': 0.020529069612628032}. Best is trial 8 with value: 6.297355651855469.
LOCAL_RANK: 0 - CUDA_VISIBLE_DEVICES: [0]
[I 2023-11-30 11:39:26,420] Trial 122 finished with value: 8.074763298034668 and parameters: {'gradient_clip_val': 0.18789055300775567, 'hidden_size': 83, 'dropout': 0.2151476162216847, 'hidden_continuous_size': 57, 'attention_head_size': 3, 'learning_rate': 0.018336073474755174}. Best is trial 8 with value: 6.297355651855469.
LOCAL_RANK: 0 - CUDA_VISIBLE_DEVICES: [0]
[I 2023-11-30 11:39:40,324] Trial 123 finished with value: 7.784673690795898 and parameters: {'gradient_clip_val': 0.21193999108255618, 'hidden_size': 73, 'dropout': 0.18205419441678397, 'hidden_continuous_size': 52, 'attention_head_size': 3, 'learning_rate': 0.02615479433678647}. Best is trial 8 with value: 6.297355651855469.
LOCAL_RANK: 0 - CUDA_VISIBLE_DEVICES: [0]
[I 2023-11-30 11:39:54,052] Trial 124 finished with value: 6.7167816162109375 and parameters: {'gradient_clip_val': 0.18070104917336574, 'hidden_size': 67, 'dropout': 0.18718693460092087, 'hidden_continuous_size': 39, 'attention_head_size': 3, 'learning_rate': 0.024204406460736336}. Best is trial 8 with value: 6.297355651855469.
LOCAL_RANK: 0 - CUDA_VISIBLE_DEVICES: [0]
[I 2023-11-30 11:40:07,971] Trial 125 finished with value: 8.264433860778809 and parameters: {'gradient_clip_val': 0.1594593620389166, 'hidden_size': 69, 'dropout': 0.18918672196315087, 'hidden_continuous_size': 40, 'attention_head_size': 3, 'learning_rate': 0.02208015034712406}. Best is trial 8 with value: 6.297355651855469.
LOCAL_RANK: 0 - CUDA_VISIBLE_DEVICES: [0]
[I 2023-11-30 11:40:21,727] Trial 126 finished with value: 7.458488941192627 and parameters: {'gradient_clip_val': 0.18007898289101162, 'hidden_size': 66, 'dropout': 0.19456999659601382, 'hidden_continuous_size': 38, 'attention_head_size': 3, 'learning_rate': 0.01780241315541814}. Best is trial 8 with value: 6.297355651855469.
LOCAL_RANK: 0 - CUDA_VISIBLE_DEVICES: [0]
[I 2023-11-30 11:40:34,978] Trial 127 finished with value: 7.493017196655273 and parameters: {'gradient_clip_val': 0.169845890328625, 'hidden_size': 60, 'dropout': 0.17651406384288, 'hidden_continuous_size': 32, 'attention_head_size': 1, 'learning_rate': 0.024207214142506824}. Best is trial 8 with value: 6.297355651855469.
LOCAL_RANK: 0 - CUDA_VISIBLE_DEVICES: [0]
[I 2023-11-30 11:40:48,277] Trial 128 finished with value: 7.402303218841553 and parameters: {'gradient_clip_val': 0.15124203433827607, 'hidden_size': 48, 'dropout': 0.20250785072542932, 'hidden_continuous_size': 34, 'attention_head_size': 4, 'learning_rate': 0.014443589404149802}. Best is trial 8 with value: 6.297355651855469.
LOCAL_RANK: 0 - CUDA_VISIBLE_DEVICES: [0]
[I 2023-11-30 11:41:01,922] Trial 129 finished with value: 7.634250640869141 and parameters: {'gradient_clip_val': 0.2211192823890664, 'hidden_size': 55, 'dropout': 0.18442083724182595, 'hidden_continuous_size': 37, 'attention_head_size': 3, 'learning_rate': 0.019975336622078756}. Best is trial 8 with value: 6.297355651855469.
LOCAL_RANK: 0 - CUDA_VISIBLE_DEVICES: [0]
[I 2023-11-30 11:41:15,920] Trial 130 finished with value: 8.3428955078125 and parameters: {'gradient_clip_val': 0.1965915365335725, 'hidden_size': 74, 'dropout': 0.21120944718396267, 'hidden_continuous_size': 39, 'attention_head_size': 2, 'learning_rate': 0.016162247771748017}. Best is trial 8 with value: 6.297355651855469.
LOCAL_RANK: 0 - CUDA_VISIBLE_DEVICES: [0]
[I 2023-11-30 11:41:29,847] Trial 131 finished with value: 8.232378959655762 and parameters: {'gradient_clip_val': 0.18613741051571664, 'hidden_size': 92, 'dropout': 0.1967337995889799, 'hidden_continuous_size': 43, 'attention_head_size': 3, 'learning_rate': 0.031136433799902524}. Best is trial 8 with value: 6.297355651855469.
LOCAL_RANK: 0 - CUDA_VISIBLE_DEVICES: [0]
[I 2023-11-30 11:41:43,850] Trial 132 finished with value: 8.00898551940918 and parameters: {'gradient_clip_val': 0.17781186600481103, 'hidden_size': 78, 'dropout': 0.32921798707553857, 'hidden_continuous_size': 48, 'attention_head_size': 3, 'learning_rate': 0.027797305543322305}. Best is trial 8 with value: 6.297355651855469.
LOCAL_RANK: 0 - CUDA_VISIBLE_DEVICES: [0]
[I 2023-11-30 11:41:58,170] Trial 133 finished with value: 7.924458980560303 and parameters: {'gradient_clip_val': 0.20568761001878275, 'hidden_size': 87, 'dropout': 0.23024199248420407, 'hidden_continuous_size': 70, 'attention_head_size': 3, 'learning_rate': 0.019211981364171602}. Best is trial 8 with value: 6.297355651855469.
LOCAL_RANK: 0 - CUDA_VISIBLE_DEVICES: [0]
[I 2023-11-30 11:42:11,804] Trial 134 finished with value: 7.246950626373291 and parameters: {'gradient_clip_val': 0.19247307534372965, 'hidden_size': 68, 'dropout': 0.30203994880506285, 'hidden_continuous_size': 41, 'attention_head_size': 3, 'learning_rate': 0.03361683812379937}. Best is trial 8 with value: 6.297355651855469.
LOCAL_RANK: 0 - CUDA_VISIBLE_DEVICES: [0]
[I 2023-11-30 11:42:26,187] Trial 135 finished with value: 7.90563440322876 and parameters: {'gradient_clip_val': 0.1628830042632998, 'hidden_size': 106, 'dropout': 0.16991578012977138, 'hidden_continuous_size': 51, 'attention_head_size': 3, 'learning_rate': 0.02312289492913097}. Best is trial 8 with value: 6.297355651855469.
LOCAL_RANK: 0 - CUDA_VISIBLE_DEVICES: [0]
[I 2023-11-30 11:42:39,808] Trial 136 finished with value: 6.234708309173584 and parameters: {'gradient_clip_val': 0.17321518101115846, 'hidden_size': 82, 'dropout': 0.25423232880433866, 'hidden_continuous_size': 30, 'attention_head_size': 1, 'learning_rate': 0.01246021551213}. Best is trial 136 with value: 6.234708309173584.
LOCAL_RANK: 0 - CUDA_VISIBLE_DEVICES: [0]
[I 2023-11-30 11:42:53,258] Trial 137 finished with value: 6.9996771812438965 and parameters: {'gradient_clip_val': 0.14402366663478844, 'hidden_size': 62, 'dropout': 0.2520433205345538, 'hidden_continuous_size': 30, 'attention_head_size': 1, 'learning_rate': 0.012851794817822804}. Best is trial 136 with value: 6.234708309173584.
LOCAL_RANK: 0 - CUDA_VISIBLE_DEVICES: [0]
[I 2023-11-30 11:43:06,734] Trial 138 finished with value: 7.839866638183594 and parameters: {'gradient_clip_val': 0.17303056761770036, 'hidden_size': 71, 'dropout': 0.2655547352587428, 'hidden_continuous_size': 29, 'attention_head_size': 1, 'learning_rate': 0.011323782532845078}. Best is trial 136 with value: 6.234708309173584.
LOCAL_RANK: 0 - CUDA_VISIBLE_DEVICES: [0]
[I 2023-11-30 11:43:20,193] Trial 139 finished with value: 7.648200988769531 and parameters: {'gradient_clip_val': 0.12160013063894631, 'hidden_size': 58, 'dropout': 0.27743075973650944, 'hidden_continuous_size': 35, 'attention_head_size': 1, 'learning_rate': 0.014276291283677618}. Best is trial 136 with value: 6.234708309173584.
LOCAL_RANK: 0 - CUDA_VISIBLE_DEVICES: [0]
[I 2023-11-30 11:43:33,985] Trial 140 finished with value: 8.087967872619629 and parameters: {'gradient_clip_val': 0.12813613214931988, 'hidden_size': 96, 'dropout': 0.2171412199454449, 'hidden_continuous_size': 28, 'attention_head_size': 1, 'learning_rate': 0.016524753948257625}. Best is trial 136 with value: 6.234708309173584.
LOCAL_RANK: 0 - CUDA_VISIBLE_DEVICES: [0]
[I 2023-11-30 11:43:47,560] Trial 141 finished with value: 7.633792877197266 and parameters: {'gradient_clip_val': 0.18328103154749903, 'hidden_size': 86, 'dropout': 0.23579151863927547, 'hidden_continuous_size': 32, 'attention_head_size': 1, 'learning_rate': 0.017682742829275008}. Best is trial 136 with value: 6.234708309173584.
LOCAL_RANK: 0 - CUDA_VISIBLE_DEVICES: [0]
[I 2023-11-30 11:44:01,112] Trial 142 finished with value: 7.81622838973999 and parameters: {'gradient_clip_val': 0.1933197232474391, 'hidden_size': 82, 'dropout': 0.2702478699545629, 'hidden_continuous_size': 31, 'attention_head_size': 3, 'learning_rate': 0.03857951632338982}. Best is trial 136 with value: 6.234708309173584.
LOCAL_RANK: 0 - CUDA_VISIBLE_DEVICES: [0]
[I 2023-11-30 11:44:14,709] Trial 143 finished with value: 7.3657684326171875 and parameters: {'gradient_clip_val': 0.1666938370287557, 'hidden_size': 51, 'dropout': 0.2592045991406017, 'hidden_continuous_size': 33, 'attention_head_size': 4, 'learning_rate': 0.015436785759776464}. Best is trial 136 with value: 6.234708309173584.
LOCAL_RANK: 0 - CUDA_VISIBLE_DEVICES: [0]
[I 2023-11-30 11:44:28,203] Trial 144 finished with value: 8.407979965209961 and parameters: {'gradient_clip_val': 0.11369136386191588, 'hidden_size': 80, 'dropout': 0.24987189579694832, 'hidden_continuous_size': 30, 'attention_head_size': 1, 'learning_rate': 0.0122710767667584}. Best is trial 136 with value: 6.234708309173584.
LOCAL_RANK: 0 - CUDA_VISIBLE_DEVICES: [0]
[I 2023-11-30 11:44:42,029] Trial 145 finished with value: 7.509124755859375 and parameters: {'gradient_clip_val': 0.22742396381752628, 'hidden_size': 76, 'dropout': 0.2825447624351785, 'hidden_continuous_size': 35, 'attention_head_size': 3, 'learning_rate': 0.02171777648416935}. Best is trial 136 with value: 6.234708309173584.
LOCAL_RANK: 0 - CUDA_VISIBLE_DEVICES: [0]
[I 2023-11-30 11:44:55,533] Trial 146 finished with value: 6.997339248657227 and parameters: {'gradient_clip_val': 0.21214549590831022, 'hidden_size': 64, 'dropout': 0.32149011601401456, 'hidden_continuous_size': 40, 'attention_head_size': 2, 'learning_rate': 0.025059465709976646}. Best is trial 136 with value: 6.234708309173584.
LOCAL_RANK: 0 - CUDA_VISIBLE_DEVICES: [0]
[I 2023-11-30 11:45:09,388] Trial 147 finished with value: 6.577425003051758 and parameters: {'gradient_clip_val': 0.15681682323533522, 'hidden_size': 91, 'dropout': 0.24366050735286446, 'hidden_continuous_size': 26, 'attention_head_size': 4, 'learning_rate': 0.01942182926903791}. Best is trial 136 with value: 6.234708309173584.
LOCAL_RANK: 0 - CUDA_VISIBLE_DEVICES: [0]
[I 2023-11-30 11:45:23,395] Trial 148 finished with value: 7.3088698387146 and parameters: {'gradient_clip_val': 0.1546760063981042, 'hidden_size': 101, 'dropout': 0.24277524236820686, 'hidden_continuous_size': 24, 'attention_head_size': 4, 'learning_rate': 0.01954340964714343}. Best is trial 136 with value: 6.234708309173584.
LOCAL_RANK: 0 - CUDA_VISIBLE_DEVICES: [0]
[I 2023-11-30 11:45:37,281] Trial 149 finished with value: 7.643866062164307 and parameters: {'gradient_clip_val': 0.1484034375220424, 'hidden_size': 89, 'dropout': 0.2256600597999486, 'hidden_continuous_size': 27, 'attention_head_size': 4, 'learning_rate': 0.013653580053922667}. Best is trial 136 with value: 6.234708309173584.
[I 2023-11-30 11:45:37,393] A new study created in memory with name: no-name-ca74c664-a86f-4588-acdc-b2525ef6848a
/home/le004/conda/anaconda3/envs/tsff_env/lib/python3.9/site-packages/lightning/fabric/plugins/environments/slurm.py:191: The `srun` command is available on your system but is not used. HINT: If your intention is to run Lightning on SLURM, prepend your python command with `srun` like so: srun python /home/le004/master_thesis/git/TSFusionForecast/code/ ...
LOCAL_RANK: 0 - CUDA_VISIBLE_DEVICES: [0]
[I 2023-11-30 11:45:48,189] Trial 0 finished with value: 3.737816572189331 and parameters: {'gradient_clip_val': 0.25931284061631377, 'hidden_size': 91, 'dropout': 0.3649144573859924, 'hidden_continuous_size': 91, 'attention_head_size': 2, 'learning_rate': 0.007663771584502469}. Best is trial 0 with value: 3.737816572189331.
LOCAL_RANK: 0 - CUDA_VISIBLE_DEVICES: [0]
