[I 2023-11-30 15:52:07,098] Trial 0 finished with value: 12708.6953125 and parameters: {'gradient_clip_val': 0.5141270059767831, 'hidden_size': 52, 'dropout': 0.11400271894116824, 'hidden_continuous_size': 15, 'attention_head_size': 4, 'learning_rate': 0.0018296229050180665}. Best is trial 0 with value: 12708.6953125.
LOCAL_RANK: 0 - CUDA_VISIBLE_DEVICES: [0]
[I 2023-11-30 15:52:20,464] Trial 1 finished with value: 8761.9755859375 and parameters: {'gradient_clip_val': 0.6257881117853403, 'hidden_size': 38, 'dropout': 0.34375400006139784, 'hidden_continuous_size': 10, 'attention_head_size': 4, 'learning_rate': 0.0371717748013982}. Best is trial 1 with value: 8761.9755859375.
LOCAL_RANK: 0 - CUDA_VISIBLE_DEVICES: [0]
[I 2023-11-30 15:52:35,764] Trial 2 finished with value: 8649.3125 and parameters: {'gradient_clip_val': 0.22633874868845272, 'hidden_size': 150, 'dropout': 0.3792379923450252, 'hidden_continuous_size': 32, 'attention_head_size': 1, 'learning_rate': 0.09394841802825431}. Best is trial 2 with value: 8649.3125.
LOCAL_RANK: 0 - CUDA_VISIBLE_DEVICES: [0]
[I 2023-11-30 15:52:48,878] Trial 3 finished with value: 7127.68017578125 and parameters: {'gradient_clip_val': 0.4922762108101723, 'hidden_size': 20, 'dropout': 0.20778650770958534, 'hidden_continuous_size': 16, 'attention_head_size': 4, 'learning_rate': 0.01931826371031258}. Best is trial 3 with value: 7127.68017578125.
LOCAL_RANK: 0 - CUDA_VISIBLE_DEVICES: [0]
[I 2023-11-30 15:53:02,151] Trial 4 finished with value: 19672.36328125 and parameters: {'gradient_clip_val': 0.2461119930830815, 'hidden_size': 15, 'dropout': 0.1361060916462649, 'hidden_continuous_size': 10, 'attention_head_size': 1, 'learning_rate': 0.0018996439126040307}. Best is trial 3 with value: 7127.68017578125.
LOCAL_RANK: 0 - CUDA_VISIBLE_DEVICES: [0]
[I 2023-11-30 15:53:14,828] Trial 5 finished with value: 10155.595703125 and parameters: {'gradient_clip_val': 0.10289807261192027, 'hidden_size': 19, 'dropout': 0.27198524933520835, 'hidden_continuous_size': 18, 'attention_head_size': 1, 'learning_rate': 0.005695155144489803}. Best is trial 3 with value: 7127.68017578125.
LOCAL_RANK: 0 - CUDA_VISIBLE_DEVICES: [0]
[I 2023-11-30 15:53:29,221] Trial 6 finished with value: 10237.552734375 and parameters: {'gradient_clip_val': 0.1286874513630369, 'hidden_size': 59, 'dropout': 0.20705753171352376, 'hidden_continuous_size': 23, 'attention_head_size': 1, 'learning_rate': 0.04093370903642199}. Best is trial 3 with value: 7127.68017578125.
LOCAL_RANK: 0 - CUDA_VISIBLE_DEVICES: [0]
[I 2023-11-30 15:53:42,382] Trial 7 finished with value: 12772.5830078125 and parameters: {'gradient_clip_val': 0.9885247131791837, 'hidden_size': 17, 'dropout': 0.34199065316316196, 'hidden_continuous_size': 12, 'attention_head_size': 2, 'learning_rate': 0.0067282663059886815}. Best is trial 3 with value: 7127.68017578125.
LOCAL_RANK: 0 - CUDA_VISIBLE_DEVICES: [0]
[I 2023-11-30 15:53:57,104] Trial 8 finished with value: 7544.63330078125 and parameters: {'gradient_clip_val': 0.44969295411688115, 'hidden_size': 60, 'dropout': 0.17895631987208033, 'hidden_continuous_size': 35, 'attention_head_size': 3, 'learning_rate': 0.012762942693443064}. Best is trial 3 with value: 7127.68017578125.
LOCAL_RANK: 0 - CUDA_VISIBLE_DEVICES: [0]
[I 2023-11-30 15:54:10,361] Trial 9 finished with value: 8074.56103515625 and parameters: {'gradient_clip_val': 0.6838707383839856, 'hidden_size': 28, 'dropout': 0.2283663880597514, 'hidden_continuous_size': 24, 'attention_head_size': 3, 'learning_rate': 0.035184241594594316}. Best is trial 3 with value: 7127.68017578125.
LOCAL_RANK: 0 - CUDA_VISIBLE_DEVICES: [0]
[I 2023-11-30 15:54:23,652] Trial 10 finished with value: 12210.2861328125 and parameters: {'gradient_clip_val': 0.32977492696353095, 'hidden_size': 11, 'dropout': 0.2660364064180721, 'hidden_continuous_size': 10, 'attention_head_size': 4, 'learning_rate': 0.015292358431267843}. Best is trial 3 with value: 7127.68017578125.
LOCAL_RANK: 0 - CUDA_VISIBLE_DEVICES: [0]
[I 2023-11-30 15:54:37,260] Trial 11 finished with value: 9162.310546875 and parameters: {'gradient_clip_val': 0.4457678579536578, 'hidden_size': 27, 'dropout': 0.19038858619877144, 'hidden_continuous_size': 16, 'attention_head_size': 3, 'learning_rate': 0.013362547544494062}. Best is trial 3 with value: 7127.68017578125.
LOCAL_RANK: 0 - CUDA_VISIBLE_DEVICES: [0]
[I 2023-11-30 15:54:48,183] Trial 12 finished with value: 13553.3173828125 and parameters: {'gradient_clip_val': 0.3817223130872455, 'hidden_size': 10, 'dropout': 0.16567452816613637, 'hidden_continuous_size': 10, 'attention_head_size': 3, 'learning_rate': 0.015110589621606036}. Best is trial 3 with value: 7127.68017578125.
LOCAL_RANK: 0 - CUDA_VISIBLE_DEVICES: [0]
[I 2023-11-30 15:55:02,749] Trial 13 finished with value: 8708.0654296875 and parameters: {'gradient_clip_val': 0.5045617986211345, 'hidden_size': 80, 'dropout': 0.15883298690401287, 'hidden_continuous_size': 48, 'attention_head_size': 2, 'learning_rate': 0.004410265494866022}. Best is trial 3 with value: 7127.68017578125.
LOCAL_RANK: 0 - CUDA_VISIBLE_DEVICES: [0]
[I 2023-11-30 15:55:16,485] Trial 14 finished with value: 7875.41650390625 and parameters: {'gradient_clip_val': 0.2956085214619585, 'hidden_size': 31, 'dropout': 0.10223188961244649, 'hidden_continuous_size': 13, 'attention_head_size': 4, 'learning_rate': 0.010023192416279927}. Best is trial 3 with value: 7127.68017578125.
LOCAL_RANK: 0 - CUDA_VISIBLE_DEVICES: [0]
[I 2023-11-30 15:55:29,787] Trial 15 finished with value: 19718.619140625 and parameters: {'gradient_clip_val': 0.7290295615964203, 'hidden_size': 22, 'dropout': 0.2320159415597705, 'hidden_continuous_size': 13, 'attention_head_size': 3, 'learning_rate': 0.0010178079561595451}. Best is trial 3 with value: 7127.68017578125.
LOCAL_RANK: 0 - CUDA_VISIBLE_DEVICES: [0]
[I 2023-11-30 15:55:44,247] Trial 16 finished with value: 8863.7861328125 and parameters: {'gradient_clip_val': 0.381417517850991, 'hidden_size': 45, 'dropout': 0.1849163194753347, 'hidden_continuous_size': 20, 'attention_head_size': 2, 'learning_rate': 0.021391422899895807}. Best is trial 3 with value: 7127.68017578125.
LOCAL_RANK: 0 - CUDA_VISIBLE_DEVICES: [0]
[I 2023-11-30 15:55:58,382] Trial 17 finished with value: 10333.0419921875 and parameters: {'gradient_clip_val': 0.5517654097452767, 'hidden_size': 72, 'dropout': 0.15510013739123432, 'hidden_continuous_size': 31, 'attention_head_size': 4, 'learning_rate': 0.024527684392020258}. Best is trial 3 with value: 7127.68017578125.
LOCAL_RANK: 0 - CUDA_VISIBLE_DEVICES: [0]
[I 2023-11-30 15:56:11,896] Trial 18 finished with value: 9137.9482421875 and parameters: {'gradient_clip_val': 0.8162531011475428, 'hidden_size': 38, 'dropout': 0.2068158585090098, 'hidden_continuous_size': 17, 'attention_head_size': 3, 'learning_rate': 0.00861322121245582}. Best is trial 3 with value: 7127.68017578125.
LOCAL_RANK: 0 - CUDA_VISIBLE_DEVICES: [0]
[I 2023-11-30 15:56:25,228] Trial 19 finished with value: 16015.9638671875 and parameters: {'gradient_clip_val': 0.439141572918258, 'hidden_size': 15, 'dropout': 0.25243539852634167, 'hidden_continuous_size': 11, 'attention_head_size': 4, 'learning_rate': 0.004710410313282856}. Best is trial 3 with value: 7127.68017578125.
LOCAL_RANK: 0 - CUDA_VISIBLE_DEVICES: [0]
[I 2023-11-30 15:56:38,770] Trial 20 finished with value: 8831.4658203125 and parameters: {'gradient_clip_val': 0.5987069970556057, 'hidden_size': 22, 'dropout': 0.13276057651759773, 'hidden_continuous_size': 14, 'attention_head_size': 3, 'learning_rate': 0.011278060003657891}. Best is trial 3 with value: 7127.68017578125.
LOCAL_RANK: 0 - CUDA_VISIBLE_DEVICES: [0]
[I 2023-11-30 15:56:51,695] Trial 21 finished with value: 8805.2216796875 and parameters: {'gradient_clip_val': 0.2770082904880148, 'hidden_size': 27, 'dropout': 0.10054050149832817, 'hidden_continuous_size': 13, 'attention_head_size': 4, 'learning_rate': 0.010332673387704518}. Best is trial 3 with value: 7127.68017578125.
LOCAL_RANK: 0 - CUDA_VISIBLE_DEVICES: [0]
[I 2023-11-30 15:57:05,082] Trial 22 finished with value: 8191.39306640625 and parameters: {'gradient_clip_val': 0.3245984903149734, 'hidden_size': 31, 'dropout': 0.12891074753375895, 'hidden_continuous_size': 14, 'attention_head_size': 4, 'learning_rate': 0.007422919621904407}. Best is trial 3 with value: 7127.68017578125.
LOCAL_RANK: 0 - CUDA_VISIBLE_DEVICES: [0]
[I 2023-11-30 15:57:19,317] Trial 23 finished with value: 7914.146484375 and parameters: {'gradient_clip_val': 0.21245792592806217, 'hidden_size': 34, 'dropout': 0.17384155556436304, 'hidden_continuous_size': 15, 'attention_head_size': 4, 'learning_rate': 0.02091556294719288}. Best is trial 3 with value: 7127.68017578125.
LOCAL_RANK: 0 - CUDA_VISIBLE_DEVICES: [0]
[I 2023-11-30 15:57:33,109] Trial 24 finished with value: 7196.18603515625 and parameters: {'gradient_clip_val': 0.4078891468979693, 'hidden_size': 44, 'dropout': 0.10788104506011004, 'hidden_continuous_size': 18, 'attention_head_size': 3, 'learning_rate': 0.009289549546999568}. Best is trial 3 with value: 7127.68017578125.
LOCAL_RANK: 0 - CUDA_VISIBLE_DEVICES: [0]
[I 2023-11-30 15:57:46,847] Trial 25 finished with value: 8352.5068359375 and parameters: {'gradient_clip_val': 0.44861014105539004, 'hidden_size': 45, 'dropout': 0.13726836314551694, 'hidden_continuous_size': 19, 'attention_head_size': 2, 'learning_rate': 0.01730368826250342}. Best is trial 3 with value: 7127.68017578125.
LOCAL_RANK: 0 - CUDA_VISIBLE_DEVICES: [0]
[I 2023-11-30 15:58:01,012] Trial 26 finished with value: 8725.9833984375 and parameters: {'gradient_clip_val': 0.5724243462824108, 'hidden_size': 64, 'dropout': 0.1497299629896252, 'hidden_continuous_size': 21, 'attention_head_size': 3, 'learning_rate': 0.007779927128881726}. Best is trial 3 with value: 7127.68017578125.
LOCAL_RANK: 0 - CUDA_VISIBLE_DEVICES: [0]
[I 2023-11-30 15:58:15,600] Trial 27 finished with value: 8524.2099609375 and parameters: {'gradient_clip_val': 0.37990365261648656, 'hidden_size': 83, 'dropout': 0.17359719423564493, 'hidden_continuous_size': 27, 'attention_head_size': 3, 'learning_rate': 0.013523522705900308}. Best is trial 3 with value: 7127.68017578125.
LOCAL_RANK: 0 - CUDA_VISIBLE_DEVICES: [0]
[I 2023-11-30 15:58:29,175] Trial 28 finished with value: 10404.69140625 and parameters: {'gradient_clip_val': 0.4951201918089823, 'hidden_size': 41, 'dropout': 0.12567371566108754, 'hidden_continuous_size': 17, 'attention_head_size': 2, 'learning_rate': 0.003931034380462992}. Best is trial 3 with value: 7127.68017578125.
LOCAL_RANK: 0 - CUDA_VISIBLE_DEVICES: [0]
[I 2023-11-30 15:58:43,465] Trial 29 finished with value: 8983.060546875 and parameters: {'gradient_clip_val': 0.4971238430259059, 'hidden_size': 53, 'dropout': 0.11388946467062458, 'hidden_continuous_size': 16, 'attention_head_size': 3, 'learning_rate': 0.0030536679482007483}. Best is trial 3 with value: 7127.68017578125.
LOCAL_RANK: 0 - CUDA_VISIBLE_DEVICES: [0]
[I 2023-11-30 15:58:57,331] Trial 30 finished with value: 9190.85546875 and parameters: {'gradient_clip_val': 0.654109752996103, 'hidden_size': 52, 'dropout': 0.14926627925807642, 'hidden_continuous_size': 19, 'attention_head_size': 3, 'learning_rate': 0.009334782730583574}. Best is trial 3 with value: 7127.68017578125.
LOCAL_RANK: 0 - CUDA_VISIBLE_DEVICES: [0]
[I 2023-11-30 15:59:10,902] Trial 31 finished with value: 8474.8740234375 and parameters: {'gradient_clip_val': 0.29588832836817086, 'hidden_size': 33, 'dropout': 0.11576104344201316, 'hidden_continuous_size': 15, 'attention_head_size': 4, 'learning_rate': 0.011160593461504284}. Best is trial 3 with value: 7127.68017578125.
LOCAL_RANK: 0 - CUDA_VISIBLE_DEVICES: [0]
[I 2023-11-30 15:59:24,404] Trial 32 finished with value: 12518.3154296875 and parameters: {'gradient_clip_val': 0.3603347473791126, 'hidden_size': 24, 'dropout': 0.10311067808427023, 'hidden_continuous_size': 14, 'attention_head_size': 4, 'learning_rate': 0.00644445032386037}. Best is trial 3 with value: 7127.68017578125.
LOCAL_RANK: 0 - CUDA_VISIBLE_DEVICES: [0]
[I 2023-11-30 15:59:37,560] Trial 33 finished with value: 8353.8837890625 and parameters: {'gradient_clip_val': 0.42604667544592123, 'hidden_size': 32, 'dropout': 0.10722970341793038, 'hidden_continuous_size': 12, 'attention_head_size': 4, 'learning_rate': 0.00965524546632662}. Best is trial 3 with value: 7127.68017578125.
LOCAL_RANK: 0 - CUDA_VISIBLE_DEVICES: [0]
[I 2023-11-30 15:59:51,303] Trial 34 finished with value: 9370.4267578125 and parameters: {'gradient_clip_val': 0.27055333773664964, 'hidden_size': 39, 'dropout': 0.1449202874756503, 'hidden_continuous_size': 18, 'attention_head_size': 4, 'learning_rate': 0.025454232398235795}. Best is trial 3 with value: 7127.68017578125.
LOCAL_RANK: 0 - CUDA_VISIBLE_DEVICES: [0]
[I 2023-11-30 16:00:06,261] Trial 35 finished with value: 8293.7646484375 and parameters: {'gradient_clip_val': 0.32867105947867703, 'hidden_size': 93, 'dropout': 0.12843151121530727, 'hidden_continuous_size': 35, 'attention_head_size': 4, 'learning_rate': 0.005717493682074884}. Best is trial 3 with value: 7127.68017578125.
LOCAL_RANK: 0 - CUDA_VISIBLE_DEVICES: [0]
[I 2023-11-30 16:00:20,263] Trial 36 finished with value: 6797.44921875 and parameters: {'gradient_clip_val': 0.5734709174927757, 'hidden_size': 50, 'dropout': 0.11978519942399964, 'hidden_continuous_size': 22, 'attention_head_size': 3, 'learning_rate': 0.011888251944356958}. Best is trial 36 with value: 6797.44921875.
LOCAL_RANK: 0 - CUDA_VISIBLE_DEVICES: [0]
[I 2023-11-30 16:00:34,696] Trial 37 finished with value: 8457.3466796875 and parameters: {'gradient_clip_val': 0.5484664680369623, 'hidden_size': 51, 'dropout': 0.165153332517804, 'hidden_continuous_size': 22, 'attention_head_size': 3, 'learning_rate': 0.017695053776782658}. Best is trial 36 with value: 6797.44921875.
LOCAL_RANK: 0 - CUDA_VISIBLE_DEVICES: [0]
[I 2023-11-30 16:00:48,777] Trial 38 finished with value: 10141.2822265625 and parameters: {'gradient_clip_val': 0.6199494869311828, 'hidden_size': 58, 'dropout': 0.19466629959031048, 'hidden_continuous_size': 24, 'attention_head_size': 2, 'learning_rate': 0.03313646296933321}. Best is trial 36 with value: 6797.44921875.
LOCAL_RANK: 0 - CUDA_VISIBLE_DEVICES: [0]
[I 2023-11-30 16:01:02,229] Trial 39 finished with value: 7764.67333984375 and parameters: {'gradient_clip_val': 0.5295775957736922, 'hidden_size': 43, 'dropout': 0.1218660223190222, 'hidden_continuous_size': 21, 'attention_head_size': 3, 'learning_rate': 0.05083804413822786}. Best is trial 36 with value: 6797.44921875.
LOCAL_RANK: 0 - CUDA_VISIBLE_DEVICES: [0]
[I 2023-11-30 16:01:17,303] Trial 40 finished with value: 7101.603515625 and parameters: {'gradient_clip_val': 0.7068711706143356, 'hidden_size': 67, 'dropout': 0.141458381578842, 'hidden_continuous_size': 27, 'attention_head_size': 2, 'learning_rate': 0.01183543328077391}. Best is trial 36 with value: 6797.44921875.
LOCAL_RANK: 0 - CUDA_VISIBLE_DEVICES: [0]
[I 2023-11-30 16:01:32,153] Trial 41 finished with value: 8874.38671875 and parameters: {'gradient_clip_val': 0.7166976973775174, 'hidden_size': 68, 'dropout': 0.14208752794745957, 'hidden_continuous_size': 25, 'attention_head_size': 2, 'learning_rate': 0.01274730016371778}. Best is trial 36 with value: 6797.44921875.
LOCAL_RANK: 0 - CUDA_VISIBLE_DEVICES: [0]
[I 2023-11-30 16:01:46,157] Trial 42 finished with value: 9632.4384765625 and parameters: {'gradient_clip_val': 0.8060314194276578, 'hidden_size': 48, 'dropout': 0.17766607368810083, 'hidden_continuous_size': 26, 'attention_head_size': 1, 'learning_rate': 0.016429443802421628}. Best is trial 36 with value: 6797.44921875.
LOCAL_RANK: 0 - CUDA_VISIBLE_DEVICES: [0]
[I 2023-11-30 16:02:00,309] Trial 43 finished with value: 8177.05126953125 and parameters: {'gradient_clip_val': 0.6279161744783239, 'hidden_size': 58, 'dropout': 0.16370807854837244, 'hidden_continuous_size': 28, 'attention_head_size': 2, 'learning_rate': 0.012502685430576204}. Best is trial 36 with value: 6797.44921875.
LOCAL_RANK: 0 - CUDA_VISIBLE_DEVICES: [0]
[I 2023-11-30 16:02:15,197] Trial 44 finished with value: 8319.7783203125 and parameters: {'gradient_clip_val': 0.47335686746688516, 'hidden_size': 96, 'dropout': 0.1176603982629105, 'hidden_continuous_size': 39, 'attention_head_size': 3, 'learning_rate': 0.007664186129532451}. Best is trial 36 with value: 6797.44921875.
LOCAL_RANK: 0 - CUDA_VISIBLE_DEVICES: [0]
[I 2023-11-30 16:02:28,849] Trial 45 finished with value: 8516.0400390625 and parameters: {'gradient_clip_val': 0.5609419326577414, 'hidden_size': 37, 'dropout': 0.1995869935467056, 'hidden_continuous_size': 23, 'attention_head_size': 1, 'learning_rate': 0.015404232151551333}. Best is trial 36 with value: 6797.44921875.
LOCAL_RANK: 0 - CUDA_VISIBLE_DEVICES: [0]
[I 2023-11-30 16:02:43,125] Trial 46 finished with value: 8991.8828125 and parameters: {'gradient_clip_val': 0.4263116453550352, 'hidden_size': 61, 'dropout': 0.21809727010633254, 'hidden_continuous_size': 22, 'attention_head_size': 2, 'learning_rate': 0.008811104870513913}. Best is trial 36 with value: 6797.44921875.
LOCAL_RANK: 0 - CUDA_VISIBLE_DEVICES: [0]
[I 2023-11-30 16:02:57,142] Trial 47 finished with value: 8185.26416015625 and parameters: {'gradient_clip_val': 0.4809881125091034, 'hidden_size': 48, 'dropout': 0.18637074733348752, 'hidden_continuous_size': 29, 'attention_head_size': 3, 'learning_rate': 0.012452949658049746}. Best is trial 36 with value: 6797.44921875.
LOCAL_RANK: 0 - CUDA_VISIBLE_DEVICES: [0]
[I 2023-11-30 16:03:11,516] Trial 48 finished with value: 9903.482421875 and parameters: {'gradient_clip_val': 0.9815690608093268, 'hidden_size': 72, 'dropout': 0.1570847262540418, 'hidden_continuous_size': 24, 'attention_head_size': 2, 'learning_rate': 0.01950689515743007}. Best is trial 36 with value: 6797.44921875.
LOCAL_RANK: 0 - CUDA_VISIBLE_DEVICES: [0]
[I 2023-11-30 16:03:25,457] Trial 49 finished with value: 6181.10791015625 and parameters: {'gradient_clip_val': 0.4074913894538229, 'hidden_size': 42, 'dropout': 0.13914508630836592, 'hidden_continuous_size': 20, 'attention_head_size': 3, 'learning_rate': 0.013906805281040194}. Best is trial 49 with value: 6181.10791015625.
LOCAL_RANK: 0 - CUDA_VISIBLE_DEVICES: [0]
[I 2023-11-30 16:03:39,320] Trial 50 finished with value: 8098.78857421875 and parameters: {'gradient_clip_val': 0.4104293336498903, 'hidden_size': 41, 'dropout': 0.13114045487869372, 'hidden_continuous_size': 19, 'attention_head_size': 3, 'learning_rate': 0.014456719807575557}. Best is trial 49 with value: 6181.10791015625.
LOCAL_RANK: 0 - CUDA_VISIBLE_DEVICES: [0]
[I 2023-11-30 16:03:53,447] Trial 51 finished with value: 7075.97998046875 and parameters: {'gradient_clip_val': 0.5052764365140316, 'hidden_size': 55, 'dropout': 0.14267433781896605, 'hidden_continuous_size': 20, 'attention_head_size': 3, 'learning_rate': 0.011390255159892221}. Best is trial 49 with value: 6181.10791015625.
LOCAL_RANK: 0 - CUDA_VISIBLE_DEVICES: [0]
[I 2023-11-30 16:04:07,519] Trial 52 finished with value: 9082.6396484375 and parameters: {'gradient_clip_val': 0.5310960348522954, 'hidden_size': 54, 'dropout': 0.14220961393980958, 'hidden_continuous_size': 20, 'attention_head_size': 3, 'learning_rate': 0.011044176356269631}. Best is trial 49 with value: 6181.10791015625.
LOCAL_RANK: 0 - CUDA_VISIBLE_DEVICES: [0]
[I 2023-11-30 16:04:21,656] Trial 53 finished with value: 8315.111328125 and parameters: {'gradient_clip_val': 0.6005556665813928, 'hidden_size': 36, 'dropout': 0.1126964320761288, 'hidden_continuous_size': 18, 'attention_head_size': 3, 'learning_rate': 0.008874316345924315}. Best is trial 49 with value: 6181.10791015625.
LOCAL_RANK: 0 - CUDA_VISIBLE_DEVICES: [0]
[I 2023-11-30 16:04:36,273] Trial 54 finished with value: 7999.28125 and parameters: {'gradient_clip_val': 0.4693732134161555, 'hidden_size': 46, 'dropout': 0.14092832707376843, 'hidden_continuous_size': 20, 'attention_head_size': 3, 'learning_rate': 0.015160221512337119}. Best is trial 49 with value: 6181.10791015625.
LOCAL_RANK: 0 - CUDA_VISIBLE_DEVICES: [0]
[I 2023-11-30 16:04:50,172] Trial 55 finished with value: 8082.69775390625 and parameters: {'gradient_clip_val': 0.5024831169828367, 'hidden_size': 40, 'dropout': 0.1519272569394208, 'hidden_continuous_size': 21, 'attention_head_size': 3, 'learning_rate': 0.006768277442579432}. Best is trial 49 with value: 6181.10791015625.
LOCAL_RANK: 0 - CUDA_VISIBLE_DEVICES: [0]
[I 2023-11-30 16:05:03,506] Trial 56 finished with value: 7634.63232421875 and parameters: {'gradient_clip_val': 0.40682471104527895, 'hidden_size': 29, 'dropout': 0.12262142123874605, 'hidden_continuous_size': 18, 'attention_head_size': 2, 'learning_rate': 0.010951821561273587}. Best is trial 49 with value: 6181.10791015625.
LOCAL_RANK: 0 - CUDA_VISIBLE_DEVICES: [0]
[I 2023-11-30 16:05:17,288] Trial 57 finished with value: 8478.7392578125 and parameters: {'gradient_clip_val': 0.3593721848189638, 'hidden_size': 18, 'dropout': 0.16568750610777302, 'hidden_continuous_size': 16, 'attention_head_size': 3, 'learning_rate': 0.018267271756926294}. Best is trial 49 with value: 6181.10791015625.
LOCAL_RANK: 0 - CUDA_VISIBLE_DEVICES: [0]
[I 2023-11-30 16:05:30,890] Trial 58 finished with value: 8124.58056640625 and parameters: {'gradient_clip_val': 0.6827584160380198, 'hidden_size': 35, 'dropout': 0.10818368067008624, 'hidden_continuous_size': 17, 'attention_head_size': 2, 'learning_rate': 0.021338236562823836}. Best is trial 49 with value: 6181.10791015625.
LOCAL_RANK: 0 - CUDA_VISIBLE_DEVICES: [0]
[I 2023-11-30 16:05:44,415] Trial 59 finished with value: 8391.63671875 and parameters: {'gradient_clip_val': 0.5864300940017418, 'hidden_size': 43, 'dropout': 0.12433359402938637, 'hidden_continuous_size': 22, 'attention_head_size': 3, 'learning_rate': 0.014449114864729384}. Best is trial 49 with value: 6181.10791015625.
LOCAL_RANK: 0 - CUDA_VISIBLE_DEVICES: [0]
