[I 2023-11-30 01:05:52,594] Trial 140 finished with value: 5.639894962310791 and parameters: {'gradient_clip_val': 0.6341841366854872, 'hidden_size': 61, 'dropout': 0.32711350797132394, 'hidden_continuous_size': 56, 'attention_head_size': 4, 'learning_rate': 0.06449452540475409}. Best is trial 138 with value: 4.556858062744141.
LOCAL_RANK: 0 - CUDA_VISIBLE_DEVICES: [0]
[I 2023-11-30 01:06:06,447] Trial 141 finished with value: 5.595104217529297 and parameters: {'gradient_clip_val': 0.6573654273109685, 'hidden_size': 63, 'dropout': 0.34363198726891475, 'hidden_continuous_size': 59, 'attention_head_size': 4, 'learning_rate': 0.08985850237922155}. Best is trial 138 with value: 4.556858062744141.
LOCAL_RANK: 0 - CUDA_VISIBLE_DEVICES: [0]
[I 2023-11-30 01:06:20,597] Trial 142 finished with value: 6.033895015716553 and parameters: {'gradient_clip_val': 0.5875347364051644, 'hidden_size': 81, 'dropout': 0.31674383866815675, 'hidden_continuous_size': 64, 'attention_head_size': 4, 'learning_rate': 0.07141314437737795}. Best is trial 138 with value: 4.556858062744141.
LOCAL_RANK: 0 - CUDA_VISIBLE_DEVICES: [0]
[I 2023-11-30 01:06:34,755] Trial 143 finished with value: 5.178605556488037 and parameters: {'gradient_clip_val': 0.6968728460948465, 'hidden_size': 74, 'dropout': 0.33864250367151294, 'hidden_continuous_size': 62, 'attention_head_size': 4, 'learning_rate': 0.057509705539143495}. Best is trial 138 with value: 4.556858062744141.
LOCAL_RANK: 0 - CUDA_VISIBLE_DEVICES: [0]
[I 2023-11-30 01:06:48,454] Trial 144 finished with value: 5.48988676071167 and parameters: {'gradient_clip_val': 0.49234721465372644, 'hidden_size': 54, 'dropout': 0.3490407593069842, 'hidden_continuous_size': 51, 'attention_head_size': 4, 'learning_rate': 0.04943501734498463}. Best is trial 138 with value: 4.556858062744141.
LOCAL_RANK: 0 - CUDA_VISIBLE_DEVICES: [0]
[I 2023-11-30 01:07:02,679] Trial 145 finished with value: 5.168839931488037 and parameters: {'gradient_clip_val': 0.5266460432631309, 'hidden_size': 92, 'dropout': 0.32539242763802867, 'hidden_continuous_size': 67, 'attention_head_size': 4, 'learning_rate': 0.07669909223387648}. Best is trial 138 with value: 4.556858062744141.
LOCAL_RANK: 0 - CUDA_VISIBLE_DEVICES: [0]
[I 2023-11-30 01:07:16,698] Trial 146 finished with value: 4.905229091644287 and parameters: {'gradient_clip_val': 0.611963276613392, 'hidden_size': 58, 'dropout': 0.35405873410732974, 'hidden_continuous_size': 54, 'attention_head_size': 4, 'learning_rate': 0.04402201174224649}. Best is trial 138 with value: 4.556858062744141.
LOCAL_RANK: 0 - CUDA_VISIBLE_DEVICES: [0]
[I 2023-11-30 01:07:30,381] Trial 147 finished with value: 5.16381311416626 and parameters: {'gradient_clip_val': 0.6053488221804415, 'hidden_size': 68, 'dropout': 0.3629986938914408, 'hidden_continuous_size': 55, 'attention_head_size': 1, 'learning_rate': 0.042735850100993594}. Best is trial 138 with value: 4.556858062744141.
LOCAL_RANK: 0 - CUDA_VISIBLE_DEVICES: [0]
[I 2023-11-30 01:07:44,184] Trial 148 finished with value: 5.626631259918213 and parameters: {'gradient_clip_val': 0.5697889585041422, 'hidden_size': 59, 'dropout': 0.35467721915382255, 'hidden_continuous_size': 54, 'attention_head_size': 4, 'learning_rate': 0.03428328214220817}. Best is trial 138 with value: 4.556858062744141.
LOCAL_RANK: 0 - CUDA_VISIBLE_DEVICES: [0]
[I 2023-11-30 01:07:57,881] Trial 149 finished with value: 6.24350118637085 and parameters: {'gradient_clip_val': 0.6261743015555102, 'hidden_size': 49, 'dropout': 0.34524934496405807, 'hidden_continuous_size': 47, 'attention_head_size': 4, 'learning_rate': 0.01656456673073638}. Best is trial 138 with value: 4.556858062744141.
[I 2023-11-30 01:07:57,992] A new study created in memory with name: no-name-8967706c-f238-461e-a619-23db933d0f03
/home/le004/conda/anaconda3/envs/tsff_env/lib/python3.9/site-packages/lightning/fabric/plugins/environments/slurm.py:191: The `srun` command is available on your system but is not used. HINT: If your intention is to run Lightning on SLURM, prepend your python command with `srun` like so: srun python /home/le004/master_thesis/git/TSFusionForecast/code/ ...
LOCAL_RANK: 0 - CUDA_VISIBLE_DEVICES: [0]
[I 2023-11-30 01:08:12,111] Trial 0 finished with value: 17.695077896118164 and parameters: {'gradient_clip_val': 0.24118129031924018, 'hidden_size': 122, 'dropout': 0.225741252394888, 'hidden_continuous_size': 30, 'attention_head_size': 2, 'learning_rate': 0.053937149211773235}. Best is trial 0 with value: 17.695077896118164.
LOCAL_RANK: 0 - CUDA_VISIBLE_DEVICES: [0]
[I 2023-11-30 01:08:22,729] Trial 1 finished with value: 54.307865142822266 and parameters: {'gradient_clip_val': 0.21754728914534122, 'hidden_size': 10, 'dropout': 0.3541873555250302, 'hidden_continuous_size': 10, 'attention_head_size': 3, 'learning_rate': 0.0013152221759434842}. Best is trial 0 with value: 17.695077896118164.
LOCAL_RANK: 0 - CUDA_VISIBLE_DEVICES: [0]
[I 2023-11-30 01:08:36,551] Trial 2 finished with value: 32.14170455932617 and parameters: {'gradient_clip_val': 0.2407503512167434, 'hidden_size': 85, 'dropout': 0.23847281332238793, 'hidden_continuous_size': 16, 'attention_head_size': 4, 'learning_rate': 0.0011208196075530605}. Best is trial 0 with value: 17.695077896118164.
LOCAL_RANK: 0 - CUDA_VISIBLE_DEVICES: [0]
[I 2023-11-30 01:08:48,947] Trial 3 finished with value: 23.218046188354492 and parameters: {'gradient_clip_val': 0.16110236481989879, 'hidden_size': 17, 'dropout': 0.23195019273446904, 'hidden_continuous_size': 12, 'attention_head_size': 2, 'learning_rate': 0.008419041635549244}. Best is trial 0 with value: 17.695077896118164.
LOCAL_RANK: 0 - CUDA_VISIBLE_DEVICES: [0]
[I 2023-11-30 01:09:03,780] Trial 4 finished with value: 15.007404327392578 and parameters: {'gradient_clip_val': 0.15905923485191725, 'hidden_size': 135, 'dropout': 0.20621873881419256, 'hidden_continuous_size': 110, 'attention_head_size': 4, 'learning_rate': 0.0079798605939892}. Best is trial 4 with value: 15.007404327392578.
LOCAL_RANK: 0 - CUDA_VISIBLE_DEVICES: [0]
[I 2023-11-30 01:09:15,857] Trial 5 finished with value: 40.08858108520508 and parameters: {'gradient_clip_val': 0.11560570349695941, 'hidden_size': 13, 'dropout': 0.11796169392455919, 'hidden_continuous_size': 10, 'attention_head_size': 1, 'learning_rate': 0.005313484345538407}. Best is trial 4 with value: 15.007404327392578.
LOCAL_RANK: 0 - CUDA_VISIBLE_DEVICES: [0]
[I 2023-11-30 01:09:28,173] Trial 6 finished with value: 21.945913314819336 and parameters: {'gradient_clip_val': 0.7735417467175211, 'hidden_size': 11, 'dropout': 0.36666980668016613, 'hidden_continuous_size': 10, 'attention_head_size': 1, 'learning_rate': 0.021025257310196797}. Best is trial 4 with value: 15.007404327392578.
LOCAL_RANK: 0 - CUDA_VISIBLE_DEVICES: [0]
[I 2023-11-30 01:09:41,839] Trial 7 finished with value: 17.116323471069336 and parameters: {'gradient_clip_val': 0.4492248655956664, 'hidden_size': 77, 'dropout': 0.2394910055088065, 'hidden_continuous_size': 39, 'attention_head_size': 1, 'learning_rate': 0.02645857049298573}. Best is trial 4 with value: 15.007404327392578.
LOCAL_RANK: 0 - CUDA_VISIBLE_DEVICES: [0]
[I 2023-11-30 01:09:54,771] Trial 8 finished with value: 20.90314292907715 and parameters: {'gradient_clip_val': 0.4359326757294266, 'hidden_size': 46, 'dropout': 0.21080411596973922, 'hidden_continuous_size': 11, 'attention_head_size': 4, 'learning_rate': 0.0035714773943118397}. Best is trial 4 with value: 15.007404327392578.
LOCAL_RANK: 0 - CUDA_VISIBLE_DEVICES: [0]
[I 2023-11-30 01:10:06,873] Trial 9 finished with value: 20.16663360595703 and parameters: {'gradient_clip_val': 0.17627487783547902, 'hidden_size': 24, 'dropout': 0.19591421544491694, 'hidden_continuous_size': 15, 'attention_head_size': 1, 'learning_rate': 0.013035920380702752}. Best is trial 4 with value: 15.007404327392578.
LOCAL_RANK: 0 - CUDA_VISIBLE_DEVICES: [0]
[I 2023-11-30 01:10:21,376] Trial 10 finished with value: 20.74761199951172 and parameters: {'gradient_clip_val': 0.10005373541660079, 'hidden_size': 128, 'dropout': 0.295381699555023, 'hidden_continuous_size': 109, 'attention_head_size': 3, 'learning_rate': 0.09424340216477184}. Best is trial 4 with value: 15.007404327392578.
LOCAL_RANK: 0 - CUDA_VISIBLE_DEVICES: [0]
[I 2023-11-30 01:10:32,228] Trial 11 finished with value: 17.54408836364746 and parameters: {'gradient_clip_val': 0.40576908010176044, 'hidden_size': 70, 'dropout': 0.16512302108987958, 'hidden_continuous_size': 70, 'attention_head_size': 3, 'learning_rate': 0.023780422643923774}. Best is trial 4 with value: 15.007404327392578.
LOCAL_RANK: 0 - CUDA_VISIBLE_DEVICES: [0]
[I 2023-11-30 01:10:47,092] Trial 12 finished with value: 15.746302604675293 and parameters: {'gradient_clip_val': 0.35385091255175305, 'hidden_size': 142, 'dropout': 0.29746414768155566, 'hidden_continuous_size': 136, 'attention_head_size': 2, 'learning_rate': 0.02408605947636775}. Best is trial 4 with value: 15.007404327392578.
LOCAL_RANK: 0 - CUDA_VISIBLE_DEVICES: [0]
[I 2023-11-30 01:11:01,693] Trial 13 finished with value: 16.507139205932617 and parameters: {'gradient_clip_val': 0.30152050670127606, 'hidden_size': 136, 'dropout': 0.2883149950190465, 'hidden_continuous_size': 118, 'attention_head_size': 2, 'learning_rate': 0.009349138785290692}. Best is trial 4 with value: 15.007404327392578.
LOCAL_RANK: 0 - CUDA_VISIBLE_DEVICES: [0]
[I 2023-11-30 01:11:16,801] Trial 14 finished with value: 21.503324508666992 and parameters: {'gradient_clip_val': 0.14228189654198098, 'hidden_size': 146, 'dropout': 0.2874796424250301, 'hidden_continuous_size': 138, 'attention_head_size': 4, 'learning_rate': 0.04260782321004638}. Best is trial 4 with value: 15.007404327392578.
LOCAL_RANK: 0 - CUDA_VISIBLE_DEVICES: [0]
[I 2023-11-30 01:11:29,813] Trial 15 finished with value: 19.546716690063477 and parameters: {'gradient_clip_val': 0.31852006910876257, 'hidden_size': 44, 'dropout': 0.3271564341375293, 'hidden_continuous_size': 22, 'attention_head_size': 3, 'learning_rate': 0.014712655987349142}. Best is trial 4 with value: 15.007404327392578.
LOCAL_RANK: 0 - CUDA_VISIBLE_DEVICES: [0]
[I 2023-11-30 01:11:44,224] Trial 16 finished with value: 14.848626136779785 and parameters: {'gradient_clip_val': 0.13051437282847042, 'hidden_size': 94, 'dropout': 0.3928351763515544, 'hidden_continuous_size': 72, 'attention_head_size': 2, 'learning_rate': 0.004826234126842976}. Best is trial 16 with value: 14.848626136779785.
LOCAL_RANK: 0 - CUDA_VISIBLE_DEVICES: [0]
[I 2023-11-30 01:11:58,647] Trial 17 finished with value: 17.81709861755371 and parameters: {'gradient_clip_val': 0.13394059827759047, 'hidden_size': 99, 'dropout': 0.38413848969729, 'hidden_continuous_size': 71, 'attention_head_size': 4, 'learning_rate': 0.003644626907638736}. Best is trial 16 with value: 14.848626136779785.
LOCAL_RANK: 0 - CUDA_VISIBLE_DEVICES: [0]
[I 2023-11-30 01:12:12,258] Trial 18 finished with value: 20.106019973754883 and parameters: {'gradient_clip_val': 0.10166412096910142, 'hidden_size': 57, 'dropout': 0.39928601376936873, 'hidden_continuous_size': 47, 'attention_head_size': 3, 'learning_rate': 0.0061388527873742615}. Best is trial 16 with value: 14.848626136779785.
LOCAL_RANK: 0 - CUDA_VISIBLE_DEVICES: [0]
[I 2023-11-30 01:12:26,407] Trial 19 finished with value: 20.378427505493164 and parameters: {'gradient_clip_val': 0.17924849658294117, 'hidden_size': 99, 'dropout': 0.26870115286887336, 'hidden_continuous_size': 76, 'attention_head_size': 2, 'learning_rate': 0.0019488886136876118}. Best is trial 16 with value: 14.848626136779785.
LOCAL_RANK: 0 - CUDA_VISIBLE_DEVICES: [0]
[I 2023-11-30 01:12:39,945] Trial 20 finished with value: 20.52165412902832 and parameters: {'gradient_clip_val': 0.1341339890096032, 'hidden_size': 61, 'dropout': 0.33045941939350204, 'hidden_continuous_size': 24, 'attention_head_size': 4, 'learning_rate': 0.0026826498166264063}. Best is trial 16 with value: 14.848626136779785.
LOCAL_RANK: 0 - CUDA_VISIBLE_DEVICES: [0]
[I 2023-11-30 01:12:54,350] Trial 21 finished with value: 15.72680950164795 and parameters: {'gradient_clip_val': 0.19725884130685942, 'hidden_size': 104, 'dropout': 0.33604740473602124, 'hidden_continuous_size': 82, 'attention_head_size': 2, 'learning_rate': 0.006022083656348201}. Best is trial 16 with value: 14.848626136779785.
LOCAL_RANK: 0 - CUDA_VISIBLE_DEVICES: [0]
[I 2023-11-30 01:13:08,739] Trial 22 finished with value: 14.951306343078613 and parameters: {'gradient_clip_val': 0.19139141991738143, 'hidden_size': 108, 'dropout': 0.39352999244926873, 'hidden_continuous_size': 83, 'attention_head_size': 2, 'learning_rate': 0.005884178341690678}. Best is trial 16 with value: 14.848626136779785.
LOCAL_RANK: 0 - CUDA_VISIBLE_DEVICES: [0]
[I 2023-11-30 01:13:22,688] Trial 23 finished with value: 15.932415008544922 and parameters: {'gradient_clip_val': 0.1400390748131333, 'hidden_size': 94, 'dropout': 0.398120394126984, 'hidden_continuous_size': 57, 'attention_head_size': 2, 'learning_rate': 0.00434271059143911}. Best is trial 16 with value: 14.848626136779785.
LOCAL_RANK: 0 - CUDA_VISIBLE_DEVICES: [0]
[I 2023-11-30 01:13:36,738] Trial 24 finished with value: 15.331222534179688 and parameters: {'gradient_clip_val': 0.1609567288553494, 'hidden_size': 78, 'dropout': 0.36947303210019206, 'hidden_continuous_size': 55, 'attention_head_size': 3, 'learning_rate': 0.007196931759169026}. Best is trial 16 with value: 14.848626136779785.
LOCAL_RANK: 0 - CUDA_VISIBLE_DEVICES: [0]
[I 2023-11-30 01:13:50,933] Trial 25 finished with value: 12.851959228515625 and parameters: {'gradient_clip_val': 0.12178567973151054, 'hidden_size': 112, 'dropout': 0.3586818776338059, 'hidden_continuous_size': 92, 'attention_head_size': 2, 'learning_rate': 0.010062944376099036}. Best is trial 25 with value: 12.851959228515625.
LOCAL_RANK: 0 - CUDA_VISIBLE_DEVICES: [0]
[I 2023-11-30 01:14:05,561] Trial 26 finished with value: 14.517803192138672 and parameters: {'gradient_clip_val': 0.120759053136814, 'hidden_size': 114, 'dropout': 0.37743517256610565, 'hidden_continuous_size': 88, 'attention_head_size': 2, 'learning_rate': 0.012408905553031131}. Best is trial 25 with value: 12.851959228515625.
LOCAL_RANK: 0 - CUDA_VISIBLE_DEVICES: [0]
[I 2023-11-30 01:14:18,999] Trial 27 finished with value: 15.773735046386719 and parameters: {'gradient_clip_val': 0.11619243169856315, 'hidden_size': 61, 'dropout': 0.35373500983836226, 'hidden_continuous_size': 42, 'attention_head_size': 1, 'learning_rate': 0.01287746625963648}. Best is trial 25 with value: 12.851959228515625.
LOCAL_RANK: 0 - CUDA_VISIBLE_DEVICES: [0]
[I 2023-11-30 01:14:33,010] Trial 28 finished with value: 17.154335021972656 and parameters: {'gradient_clip_val': 0.11100402276359218, 'hidden_size': 83, 'dropout': 0.37627995938964104, 'hidden_continuous_size': 56, 'attention_head_size': 2, 'learning_rate': 0.010679810460800002}. Best is trial 25 with value: 12.851959228515625.
LOCAL_RANK: 0 - CUDA_VISIBLE_DEVICES: [0]
[I 2023-11-30 01:14:47,376] Trial 29 finished with value: 18.648828506469727 and parameters: {'gradient_clip_val': 0.1238855116735322, 'hidden_size': 116, 'dropout': 0.3507132178794762, 'hidden_continuous_size': 92, 'attention_head_size': 2, 'learning_rate': 0.01640075962215006}. Best is trial 25 with value: 12.851959228515625.
LOCAL_RANK: 0 - CUDA_VISIBLE_DEVICES: [0]
[I 2023-11-30 01:15:01,456] Trial 30 finished with value: 17.826875686645508 and parameters: {'gradient_clip_val': 0.12042219019123869, 'hidden_size': 114, 'dropout': 0.37825997002383716, 'hidden_continuous_size': 62, 'attention_head_size': 1, 'learning_rate': 0.008402388293873204}. Best is trial 25 with value: 12.851959228515625.
LOCAL_RANK: 0 - CUDA_VISIBLE_DEVICES: [0]
[I 2023-11-30 01:15:15,935] Trial 31 finished with value: 16.46639633178711 and parameters: {'gradient_clip_val': 0.1492415612246445, 'hidden_size': 116, 'dropout': 0.3994396821782285, 'hidden_continuous_size': 86, 'attention_head_size': 2, 'learning_rate': 0.005738665693164147}. Best is trial 25 with value: 12.851959228515625.
LOCAL_RANK: 0 - CUDA_VISIBLE_DEVICES: [0]
[I 2023-11-30 01:15:30,170] Trial 32 finished with value: 16.254426956176758 and parameters: {'gradient_clip_val': 0.19488030167403045, 'hidden_size': 100, 'dropout': 0.3582415900126636, 'hidden_continuous_size': 68, 'attention_head_size': 2, 'learning_rate': 0.010690615761819523}. Best is trial 25 with value: 12.851959228515625.
LOCAL_RANK: 0 - CUDA_VISIBLE_DEVICES: [0]
[I 2023-11-30 01:15:44,806] Trial 33 finished with value: 17.670475006103516 and parameters: {'gradient_clip_val': 0.1302199504254734, 'hidden_size': 148, 'dropout': 0.38333820288770476, 'hidden_continuous_size': 93, 'attention_head_size': 2, 'learning_rate': 0.004558788142014612}. Best is trial 25 with value: 12.851959228515625.
LOCAL_RANK: 0 - CUDA_VISIBLE_DEVICES: [0]
[I 2023-11-30 01:15:58,989] Trial 34 finished with value: 18.53097152709961 and parameters: {'gradient_clip_val': 0.2393390545420505, 'hidden_size': 86, 'dropout': 0.3429799513086949, 'hidden_continuous_size': 64, 'attention_head_size': 3, 'learning_rate': 0.006655273080291374}. Best is trial 25 with value: 12.851959228515625.
LOCAL_RANK: 0 - CUDA_VISIBLE_DEVICES: [0]
[I 2023-11-30 01:16:13,346] Trial 35 finished with value: 13.53766918182373 and parameters: {'gradient_clip_val': 0.15424774093605834, 'hidden_size': 118, 'dropout': 0.3158103814773614, 'hidden_continuous_size': 78, 'attention_head_size': 2, 'learning_rate': 0.010520703262154053}. Best is trial 25 with value: 12.851959228515625.
LOCAL_RANK: 0 - CUDA_VISIBLE_DEVICES: [0]
[I 2023-11-30 01:16:28,034] Trial 36 finished with value: 17.507389068603516 and parameters: {'gradient_clip_val': 0.1598876366610079, 'hidden_size': 117, 'dropout': 0.3118778318699764, 'hidden_continuous_size': 95, 'attention_head_size': 2, 'learning_rate': 0.010658903818620336}. Best is trial 25 with value: 12.851959228515625.
LOCAL_RANK: 0 - CUDA_VISIBLE_DEVICES: [0]
[I 2023-11-30 01:16:42,078] Trial 37 finished with value: 14.475396156311035 and parameters: {'gradient_clip_val': 0.10875622443547346, 'hidden_size': 92, 'dropout': 0.3625117363961607, 'hidden_continuous_size': 77, 'attention_head_size': 2, 'learning_rate': 0.016842302068533085}. Best is trial 25 with value: 12.851959228515625.
LOCAL_RANK: 0 - CUDA_VISIBLE_DEVICES: [0]
[I 2023-11-30 01:16:56,321] Trial 38 finished with value: 15.659625053405762 and parameters: {'gradient_clip_val': 0.11009996002413568, 'hidden_size': 124, 'dropout': 0.3204944112137535, 'hidden_continuous_size': 99, 'attention_head_size': 1, 'learning_rate': 0.018596966435673244}. Best is trial 25 with value: 12.851959228515625.
LOCAL_RANK: 0 - CUDA_VISIBLE_DEVICES: [0]
[I 2023-11-30 01:17:10,255] Trial 39 finished with value: 18.257957458496094 and parameters: {'gradient_clip_val': 0.10249444675036595, 'hidden_size': 71, 'dropout': 0.35881740538934104, 'hidden_continuous_size': 61, 'attention_head_size': 2, 'learning_rate': 0.015211261431878375}. Best is trial 25 with value: 12.851959228515625.
LOCAL_RANK: 0 - CUDA_VISIBLE_DEVICES: [0]
[I 2023-11-30 01:17:24,640] Trial 40 finished with value: 15.276463508605957 and parameters: {'gradient_clip_val': 0.11931725330621507, 'hidden_size': 126, 'dropout': 0.34349273844923134, 'hidden_continuous_size': 82, 'attention_head_size': 1, 'learning_rate': 0.02943133133945604}. Best is trial 25 with value: 12.851959228515625.
LOCAL_RANK: 0 - CUDA_VISIBLE_DEVICES: [0]
[I 2023-11-30 01:17:39,077] Trial 41 finished with value: 14.238690376281738 and parameters: {'gradient_clip_val': 0.15045888628998344, 'hidden_size': 94, 'dropout': 0.36791876971450105, 'hidden_continuous_size': 73, 'attention_head_size': 2, 'learning_rate': 0.018487241863295752}. Best is trial 25 with value: 12.851959228515625.
LOCAL_RANK: 0 - CUDA_VISIBLE_DEVICES: [0]
[I 2023-11-30 01:17:53,253] Trial 42 finished with value: 17.30175018310547 and parameters: {'gradient_clip_val': 0.14779539952216908, 'hidden_size': 89, 'dropout': 0.35736102302195094, 'hidden_continuous_size': 75, 'attention_head_size': 2, 'learning_rate': 0.01791730983419845}. Best is trial 25 with value: 12.851959228515625.
LOCAL_RANK: 0 - CUDA_VISIBLE_DEVICES: [0]
[I 2023-11-30 01:18:07,358] Trial 43 finished with value: 16.986921310424805 and parameters: {'gradient_clip_val': 0.16767128709160176, 'hidden_size': 81, 'dropout': 0.36824328197973344, 'hidden_continuous_size': 66, 'attention_head_size': 2, 'learning_rate': 0.011884123603637558}. Best is trial 25 with value: 12.851959228515625.
LOCAL_RANK: 0 - CUDA_VISIBLE_DEVICES: [0]
[I 2023-11-30 01:18:21,667] Trial 44 finished with value: 13.700919151306152 and parameters: {'gradient_clip_val': 0.15060324288875002, 'hidden_size': 108, 'dropout': 0.33797466057237546, 'hidden_continuous_size': 77, 'attention_head_size': 2, 'learning_rate': 0.009412014635378507}. Best is trial 25 with value: 12.851959228515625.
LOCAL_RANK: 0 - CUDA_VISIBLE_DEVICES: [0]
[I 2023-11-30 01:18:36,391] Trial 45 finished with value: 16.03365707397461 and parameters: {'gradient_clip_val': 0.14947067831465002, 'hidden_size': 131, 'dropout': 0.31918187570885675, 'hidden_continuous_size': 107, 'attention_head_size': 3, 'learning_rate': 0.008705318817099688}. Best is trial 25 with value: 12.851959228515625.
LOCAL_RANK: 0 - CUDA_VISIBLE_DEVICES: [0]
[I 2023-11-30 01:18:50,590] Trial 46 finished with value: 17.18389320373535 and parameters: {'gradient_clip_val': 0.21101870871921594, 'hidden_size': 89, 'dropout': 0.335674497866434, 'hidden_continuous_size': 75, 'attention_head_size': 2, 'learning_rate': 0.008047171453840042}. Best is trial 25 with value: 12.851959228515625.
LOCAL_RANK: 0 - CUDA_VISIBLE_DEVICES: [0]
