[I 2023-11-30 08:41:03,511] Trial 83 finished with value: 7.34186315536499 and parameters: {'gradient_clip_val': 0.1546783650972502, 'hidden_size': 42, 'dropout': 0.39184008979602947, 'hidden_continuous_size': 22, 'attention_head_size': 4, 'learning_rate': 0.029769038142457592}. Best is trial 80 with value: 6.0065083503723145.
LOCAL_RANK: 0 - CUDA_VISIBLE_DEVICES: [0]
[I 2023-11-30 08:41:16,503] Trial 84 finished with value: 7.29112434387207 and parameters: {'gradient_clip_val': 0.17632078170908932, 'hidden_size': 33, 'dropout': 0.3763888820920478, 'hidden_continuous_size': 20, 'attention_head_size': 4, 'learning_rate': 0.032456723670630426}. Best is trial 80 with value: 6.0065083503723145.
LOCAL_RANK: 0 - CUDA_VISIBLE_DEVICES: [0]
[I 2023-11-30 08:41:29,760] Trial 85 finished with value: 6.452291965484619 and parameters: {'gradient_clip_val': 0.1529824689702117, 'hidden_size': 38, 'dropout': 0.3987292826556608, 'hidden_continuous_size': 19, 'attention_head_size': 4, 'learning_rate': 0.026078180012683683}. Best is trial 80 with value: 6.0065083503723145.
LOCAL_RANK: 0 - CUDA_VISIBLE_DEVICES: [0]
[I 2023-11-30 08:41:43,005] Trial 86 finished with value: 6.695089340209961 and parameters: {'gradient_clip_val': 0.16547468051930797, 'hidden_size': 46, 'dropout': 0.3662791339470175, 'hidden_continuous_size': 22, 'attention_head_size': 4, 'learning_rate': 0.017577125229006292}. Best is trial 80 with value: 6.0065083503723145.
LOCAL_RANK: 0 - CUDA_VISIBLE_DEVICES: [0]
[I 2023-11-30 08:41:56,053] Trial 87 finished with value: 6.6326003074646 and parameters: {'gradient_clip_val': 0.1267624850219624, 'hidden_size': 48, 'dropout': 0.35408145573604044, 'hidden_continuous_size': 21, 'attention_head_size': 4, 'learning_rate': 0.023321380121628852}. Best is trial 80 with value: 6.0065083503723145.
LOCAL_RANK: 0 - CUDA_VISIBLE_DEVICES: [0]
[I 2023-11-30 08:42:09,109] Trial 88 finished with value: 5.902039051055908 and parameters: {'gradient_clip_val': 0.1410781044820944, 'hidden_size': 43, 'dropout': 0.3721221542066807, 'hidden_continuous_size': 19, 'attention_head_size': 4, 'learning_rate': 0.015890019844511848}. Best is trial 88 with value: 5.902039051055908.
LOCAL_RANK: 0 - CUDA_VISIBLE_DEVICES: [0]
[I 2023-11-30 08:42:22,184] Trial 89 finished with value: 7.4121222496032715 and parameters: {'gradient_clip_val': 0.11510065004219107, 'hidden_size': 42, 'dropout': 0.3902511936204919, 'hidden_continuous_size': 21, 'attention_head_size': 4, 'learning_rate': 0.020559284358640066}. Best is trial 88 with value: 5.902039051055908.
LOCAL_RANK: 0 - CUDA_VISIBLE_DEVICES: [0]
[I 2023-11-30 08:42:35,340] Trial 90 finished with value: 6.953253269195557 and parameters: {'gradient_clip_val': 0.13402481480592468, 'hidden_size': 44, 'dropout': 0.3719726540861859, 'hidden_continuous_size': 20, 'attention_head_size': 4, 'learning_rate': 0.015614260956316817}. Best is trial 88 with value: 5.902039051055908.
LOCAL_RANK: 0 - CUDA_VISIBLE_DEVICES: [0]
[I 2023-11-30 08:42:48,240] Trial 91 finished with value: 6.6705098152160645 and parameters: {'gradient_clip_val': 0.14291965697666106, 'hidden_size': 38, 'dropout': 0.35841204775149593, 'hidden_continuous_size': 19, 'attention_head_size': 4, 'learning_rate': 0.017954888076307754}. Best is trial 88 with value: 5.902039051055908.
LOCAL_RANK: 0 - CUDA_VISIBLE_DEVICES: [0]
[I 2023-11-30 08:43:01,174] Trial 92 finished with value: 6.748831272125244 and parameters: {'gradient_clip_val': 0.15709689404193344, 'hidden_size': 40, 'dropout': 0.3521394699004619, 'hidden_continuous_size': 18, 'attention_head_size': 4, 'learning_rate': 0.013625826135371232}. Best is trial 88 with value: 5.902039051055908.
LOCAL_RANK: 0 - CUDA_VISIBLE_DEVICES: [0]
[I 2023-11-30 08:43:14,245] Trial 93 finished with value: 6.707602024078369 and parameters: {'gradient_clip_val': 0.18617835889547787, 'hidden_size': 46, 'dropout': 0.38122853770702414, 'hidden_continuous_size': 22, 'attention_head_size': 4, 'learning_rate': 0.022165510886194853}. Best is trial 88 with value: 5.902039051055908.
LOCAL_RANK: 0 - CUDA_VISIBLE_DEVICES: [0]
[I 2023-11-30 08:43:27,194] Trial 94 finished with value: 6.724564075469971 and parameters: {'gradient_clip_val': 0.14814576448169026, 'hidden_size': 35, 'dropout': 0.36432888709202965, 'hidden_continuous_size': 20, 'attention_head_size': 3, 'learning_rate': 0.01578965132605777}. Best is trial 88 with value: 5.902039051055908.
LOCAL_RANK: 0 - CUDA_VISIBLE_DEVICES: [0]
[I 2023-11-30 08:43:40,601] Trial 95 finished with value: 6.514852523803711 and parameters: {'gradient_clip_val': 0.17558256207285836, 'hidden_size': 50, 'dropout': 0.37091873221463467, 'hidden_continuous_size': 24, 'attention_head_size': 4, 'learning_rate': 0.0328853789627898}. Best is trial 88 with value: 5.902039051055908.
LOCAL_RANK: 0 - CUDA_VISIBLE_DEVICES: [0]
[I 2023-11-30 08:43:53,413] Trial 96 finished with value: 6.374570369720459 and parameters: {'gradient_clip_val': 0.16627978781280217, 'hidden_size': 41, 'dropout': 0.3776223267085724, 'hidden_continuous_size': 19, 'attention_head_size': 2, 'learning_rate': 0.012555774247183033}. Best is trial 88 with value: 5.902039051055908.
LOCAL_RANK: 0 - CUDA_VISIBLE_DEVICES: [0]
[I 2023-11-30 08:44:06,846] Trial 97 finished with value: 6.670858383178711 and parameters: {'gradient_clip_val': 0.14057314418001302, 'hidden_size': 55, 'dropout': 0.34908448924629065, 'hidden_continuous_size': 25, 'attention_head_size': 4, 'learning_rate': 0.019103713059419977}. Best is trial 88 with value: 5.902039051055908.
LOCAL_RANK: 0 - CUDA_VISIBLE_DEVICES: [0]
[I 2023-11-30 08:44:19,605] Trial 98 finished with value: 6.814672946929932 and parameters: {'gradient_clip_val': 0.19688153672588402, 'hidden_size': 44, 'dropout': 0.3857972827626641, 'hidden_continuous_size': 22, 'attention_head_size': 2, 'learning_rate': 0.02664919317764494}. Best is trial 88 with value: 5.902039051055908.
LOCAL_RANK: 0 - CUDA_VISIBLE_DEVICES: [0]
[I 2023-11-30 08:44:32,656] Trial 99 finished with value: 6.624935150146484 and parameters: {'gradient_clip_val': 0.182080284670287, 'hidden_size': 48, 'dropout': 0.3380880396166452, 'hidden_continuous_size': 23, 'attention_head_size': 3, 'learning_rate': 0.024015595233773824}. Best is trial 88 with value: 5.902039051055908.
LOCAL_RANK: 0 - CUDA_VISIBLE_DEVICES: [0]
[I 2023-11-30 08:44:45,950] Trial 100 finished with value: 7.124927520751953 and parameters: {'gradient_clip_val': 0.12938346882104285, 'hidden_size': 54, 'dropout': 0.3602411047053311, 'hidden_continuous_size': 18, 'attention_head_size': 2, 'learning_rate': 0.016707007569174}. Best is trial 88 with value: 5.902039051055908.
LOCAL_RANK: 0 - CUDA_VISIBLE_DEVICES: [0]
[I 2023-11-30 08:44:58,955] Trial 101 finished with value: 7.061366558074951 and parameters: {'gradient_clip_val': 0.16068497379433516, 'hidden_size': 37, 'dropout': 0.39284697701381316, 'hidden_continuous_size': 21, 'attention_head_size': 4, 'learning_rate': 0.009565019415214223}. Best is trial 88 with value: 5.902039051055908.
LOCAL_RANK: 0 - CUDA_VISIBLE_DEVICES: [0]
[I 2023-11-30 08:45:12,154] Trial 102 finished with value: 6.228231430053711 and parameters: {'gradient_clip_val': 0.1982716310517419, 'hidden_size': 43, 'dropout': 0.36628692612222563, 'hidden_continuous_size': 19, 'attention_head_size': 4, 'learning_rate': 0.010804588113897217}. Best is trial 88 with value: 5.902039051055908.
LOCAL_RANK: 0 - CUDA_VISIBLE_DEVICES: [0]
[I 2023-11-30 08:45:25,155] Trial 103 finished with value: 6.679897308349609 and parameters: {'gradient_clip_val': 0.21891276992955797, 'hidden_size': 39, 'dropout': 0.3674449793014394, 'hidden_continuous_size': 20, 'attention_head_size': 4, 'learning_rate': 0.014395418913109807}. Best is trial 88 with value: 5.902039051055908.
LOCAL_RANK: 0 - CUDA_VISIBLE_DEVICES: [0]
[I 2023-11-30 08:45:38,278] Trial 104 finished with value: 6.643038272857666 and parameters: {'gradient_clip_val': 0.15042131900571828, 'hidden_size': 42, 'dropout': 0.3763521294681198, 'hidden_continuous_size': 19, 'attention_head_size': 4, 'learning_rate': 0.011003789603049223}. Best is trial 88 with value: 5.902039051055908.
LOCAL_RANK: 0 - CUDA_VISIBLE_DEVICES: [0]
[I 2023-11-30 08:45:51,773] Trial 105 finished with value: 6.559671878814697 and parameters: {'gradient_clip_val': 0.1714564225174137, 'hidden_size': 50, 'dropout': 0.3556279464061479, 'hidden_continuous_size': 21, 'attention_head_size': 4, 'learning_rate': 0.012720573739288574}. Best is trial 88 with value: 5.902039051055908.
LOCAL_RANK: 0 - CUDA_VISIBLE_DEVICES: [0]
[I 2023-11-30 08:46:04,925] Trial 106 finished with value: 7.568663120269775 and parameters: {'gradient_clip_val': 0.1910304581307596, 'hidden_size': 46, 'dropout': 0.3428162432705821, 'hidden_continuous_size': 17, 'attention_head_size': 4, 'learning_rate': 0.019823514972681266}. Best is trial 88 with value: 5.902039051055908.
LOCAL_RANK: 0 - CUDA_VISIBLE_DEVICES: [0]
[I 2023-11-30 08:46:17,729] Trial 107 finished with value: 6.453041076660156 and parameters: {'gradient_clip_val': 0.21533804118945366, 'hidden_size': 33, 'dropout': 0.36366180840163675, 'hidden_continuous_size': 19, 'attention_head_size': 3, 'learning_rate': 0.014791672085633577}. Best is trial 88 with value: 5.902039051055908.
LOCAL_RANK: 0 - CUDA_VISIBLE_DEVICES: [0]
[I 2023-11-30 08:46:30,687] Trial 108 finished with value: 6.343514919281006 and parameters: {'gradient_clip_val': 0.13669193136922198, 'hidden_size': 43, 'dropout': 0.34847188412038416, 'hidden_continuous_size': 21, 'attention_head_size': 4, 'learning_rate': 0.01728759493524409}. Best is trial 88 with value: 5.902039051055908.
LOCAL_RANK: 0 - CUDA_VISIBLE_DEVICES: [0]
[I 2023-11-30 08:46:43,730] Trial 109 finished with value: 6.505075454711914 and parameters: {'gradient_clip_val': 0.13609777217901697, 'hidden_size': 44, 'dropout': 0.34954323576986307, 'hidden_continuous_size': 23, 'attention_head_size': 4, 'learning_rate': 0.017101346380122607}. Best is trial 88 with value: 5.902039051055908.
LOCAL_RANK: 0 - CUDA_VISIBLE_DEVICES: [0]
[I 2023-11-30 08:46:56,971] Trial 110 finished with value: 6.903715133666992 and parameters: {'gradient_clip_val': 0.14313662504742175, 'hidden_size': 42, 'dropout': 0.37110560798331554, 'hidden_continuous_size': 21, 'attention_head_size': 4, 'learning_rate': 0.022986860417648802}. Best is trial 88 with value: 5.902039051055908.
LOCAL_RANK: 0 - CUDA_VISIBLE_DEVICES: [0]
[I 2023-11-30 08:47:09,952] Trial 111 finished with value: 7.025875091552734 and parameters: {'gradient_clip_val': 0.1566326169019782, 'hidden_size': 39, 'dropout': 0.3595694034295134, 'hidden_continuous_size': 20, 'attention_head_size': 4, 'learning_rate': 0.01162273317915881}. Best is trial 88 with value: 5.902039051055908.
LOCAL_RANK: 0 - CUDA_VISIBLE_DEVICES: [0]
[I 2023-11-30 08:47:23,229] Trial 112 finished with value: 7.419017314910889 and parameters: {'gradient_clip_val': 0.14963373155165854, 'hidden_size': 52, 'dropout': 0.3324406905591392, 'hidden_continuous_size': 22, 'attention_head_size': 4, 'learning_rate': 0.013052115714471615}. Best is trial 88 with value: 5.902039051055908.
LOCAL_RANK: 0 - CUDA_VISIBLE_DEVICES: [0]
[I 2023-11-30 08:47:36,119] Trial 113 finished with value: 6.687492370605469 and parameters: {'gradient_clip_val': 0.1664262115769627, 'hidden_size': 37, 'dropout': 0.3788801712575313, 'hidden_continuous_size': 20, 'attention_head_size': 2, 'learning_rate': 0.021205125104707005}. Best is trial 88 with value: 5.902039051055908.
LOCAL_RANK: 0 - CUDA_VISIBLE_DEVICES: [0]
[I 2023-11-30 08:47:49,440] Trial 114 finished with value: 6.7755560874938965 and parameters: {'gradient_clip_val': 0.18134747535192716, 'hidden_size': 59, 'dropout': 0.38313419228598244, 'hidden_continuous_size': 17, 'attention_head_size': 4, 'learning_rate': 0.010654679199544053}. Best is trial 88 with value: 5.902039051055908.
LOCAL_RANK: 0 - CUDA_VISIBLE_DEVICES: [0]
[I 2023-11-30 08:48:02,812] Trial 115 finished with value: 6.809053421020508 and parameters: {'gradient_clip_val': 0.20027722045626342, 'hidden_size': 47, 'dropout': 0.349543711868263, 'hidden_continuous_size': 24, 'attention_head_size': 3, 'learning_rate': 0.01488291154519369}. Best is trial 88 with value: 5.902039051055908.
LOCAL_RANK: 0 - CUDA_VISIBLE_DEVICES: [0]
[I 2023-11-30 08:48:15,857] Trial 116 finished with value: 6.616098403930664 and parameters: {'gradient_clip_val': 0.13349688666198822, 'hidden_size': 43, 'dropout': 0.33714710598816133, 'hidden_continuous_size': 22, 'attention_head_size': 4, 'learning_rate': 0.027744315548996024}. Best is trial 88 with value: 5.902039051055908.
LOCAL_RANK: 0 - CUDA_VISIBLE_DEVICES: [0]
[I 2023-11-30 08:48:29,015] Trial 117 finished with value: 6.440283298492432 and parameters: {'gradient_clip_val': 0.23403199179100168, 'hidden_size': 64, 'dropout': 0.36468862277778963, 'hidden_continuous_size': 18, 'attention_head_size': 2, 'learning_rate': 0.01760357572622568}. Best is trial 88 with value: 5.902039051055908.
LOCAL_RANK: 0 - CUDA_VISIBLE_DEVICES: [0]
[I 2023-11-30 08:48:42,239] Trial 118 finished with value: 6.911763668060303 and parameters: {'gradient_clip_val': 0.1563355474877016, 'hidden_size': 50, 'dropout': 0.34346134236384324, 'hidden_continuous_size': 24, 'attention_head_size': 4, 'learning_rate': 0.01895601496073288}. Best is trial 88 with value: 5.902039051055908.
LOCAL_RANK: 0 - CUDA_VISIBLE_DEVICES: [0]
[I 2023-11-30 08:48:54,947] Trial 119 finished with value: 7.680118560791016 and parameters: {'gradient_clip_val': 0.1692916419203806, 'hidden_size': 35, 'dropout': 0.3731047956581162, 'hidden_continuous_size': 20, 'attention_head_size': 2, 'learning_rate': 0.015713323863741125}. Best is trial 88 with value: 5.902039051055908.
LOCAL_RANK: 0 - CUDA_VISIBLE_DEVICES: [0]
[I 2023-11-30 08:49:08,077] Trial 120 finished with value: 7.448825836181641 and parameters: {'gradient_clip_val': 0.11941660057786718, 'hidden_size': 40, 'dropout': 0.35597874456498235, 'hidden_continuous_size': 19, 'attention_head_size': 3, 'learning_rate': 0.012411336065838005}. Best is trial 88 with value: 5.902039051055908.
LOCAL_RANK: 0 - CUDA_VISIBLE_DEVICES: [0]
[I 2023-11-30 08:49:21,315] Trial 121 finished with value: 7.146306991577148 and parameters: {'gradient_clip_val': 0.21272488304695078, 'hidden_size': 45, 'dropout': 0.32648597433510085, 'hidden_continuous_size': 25, 'attention_head_size': 4, 'learning_rate': 0.009164348091070395}. Best is trial 88 with value: 5.902039051055908.
LOCAL_RANK: 0 - CUDA_VISIBLE_DEVICES: [0]
[I 2023-11-30 08:49:34,941] Trial 122 finished with value: 7.165307521820068 and parameters: {'gradient_clip_val': 0.19947777465762273, 'hidden_size': 69, 'dropout': 0.33198021582891035, 'hidden_continuous_size': 27, 'attention_head_size': 4, 'learning_rate': 0.010218085943981242}. Best is trial 88 with value: 5.902039051055908.
LOCAL_RANK: 0 - CUDA_VISIBLE_DEVICES: [0]
[I 2023-11-30 08:49:48,654] Trial 123 finished with value: 6.3592529296875 and parameters: {'gradient_clip_val': 0.22800708173773718, 'hidden_size': 77, 'dropout': 0.3900276731403022, 'hidden_continuous_size': 25, 'attention_head_size': 4, 'learning_rate': 0.014122277215258012}. Best is trial 88 with value: 5.902039051055908.
LOCAL_RANK: 0 - CUDA_VISIBLE_DEVICES: [0]
[I 2023-11-30 08:50:02,293] Trial 124 finished with value: 6.4210357666015625 and parameters: {'gradient_clip_val': 0.18891990791728147, 'hidden_size': 61, 'dropout': 0.32320373294083526, 'hidden_continuous_size': 23, 'attention_head_size': 4, 'learning_rate': 0.007992677475634707}. Best is trial 88 with value: 5.902039051055908.
LOCAL_RANK: 0 - CUDA_VISIBLE_DEVICES: [0]
[I 2023-11-30 08:50:15,786] Trial 125 finished with value: 8.372962951660156 and parameters: {'gradient_clip_val': 0.2458130350981272, 'hidden_size': 54, 'dropout': 0.30336273022241433, 'hidden_continuous_size': 22, 'attention_head_size': 4, 'learning_rate': 0.011277704018354774}. Best is trial 88 with value: 5.902039051055908.
LOCAL_RANK: 0 - CUDA_VISIBLE_DEVICES: [0]
[I 2023-11-30 08:50:29,227] Trial 126 finished with value: 7.53292989730835 and parameters: {'gradient_clip_val': 0.20667923048491996, 'hidden_size': 57, 'dropout': 0.31828215893478357, 'hidden_continuous_size': 24, 'attention_head_size': 4, 'learning_rate': 0.009191057786936265}. Best is trial 88 with value: 5.902039051055908.
LOCAL_RANK: 0 - CUDA_VISIBLE_DEVICES: [0]
[I 2023-11-30 08:50:42,405] Trial 127 finished with value: 7.287259578704834 and parameters: {'gradient_clip_val': 0.14091061802364446, 'hidden_size': 49, 'dropout': 0.39984731565061954, 'hidden_continuous_size': 21, 'attention_head_size': 4, 'learning_rate': 0.013407363747447748}. Best is trial 88 with value: 5.902039051055908.
LOCAL_RANK: 0 - CUDA_VISIBLE_DEVICES: [0]
[I 2023-11-30 08:50:55,328] Trial 128 finished with value: 6.083305358886719 and parameters: {'gradient_clip_val': 0.18164817931757873, 'hidden_size': 42, 'dropout': 0.3143982869435904, 'hidden_continuous_size': 21, 'attention_head_size': 2, 'learning_rate': 0.024648272172939863}. Best is trial 88 with value: 5.902039051055908.
LOCAL_RANK: 0 - CUDA_VISIBLE_DEVICES: [0]
[I 2023-11-30 08:51:08,240] Trial 129 finished with value: 6.608168125152588 and parameters: {'gradient_clip_val': 0.1751094543397185, 'hidden_size': 41, 'dropout': 0.35974371115634446, 'hidden_continuous_size': 21, 'attention_head_size': 2, 'learning_rate': 0.022658317796821658}. Best is trial 88 with value: 5.902039051055908.
LOCAL_RANK: 0 - CUDA_VISIBLE_DEVICES: [0]
[I 2023-11-30 08:51:21,150] Trial 130 finished with value: 7.535177707672119 and parameters: {'gradient_clip_val': 0.16372265048203646, 'hidden_size': 38, 'dropout': 0.3685679412646777, 'hidden_continuous_size': 18, 'attention_head_size': 2, 'learning_rate': 0.025183631370382476}. Best is trial 88 with value: 5.902039051055908.
LOCAL_RANK: 0 - CUDA_VISIBLE_DEVICES: [0]
[I 2023-11-30 08:51:33,899] Trial 131 finished with value: 6.790550231933594 and parameters: {'gradient_clip_val': 0.18283807682224604, 'hidden_size': 44, 'dropout': 0.3116248666807927, 'hidden_continuous_size': 20, 'attention_head_size': 2, 'learning_rate': 0.020974458421618054}. Best is trial 88 with value: 5.902039051055908.
LOCAL_RANK: 0 - CUDA_VISIBLE_DEVICES: [0]
[I 2023-11-30 08:51:46,922] Trial 132 finished with value: 6.456247329711914 and parameters: {'gradient_clip_val': 0.1946355091387409, 'hidden_size': 47, 'dropout': 0.31675288592929385, 'hidden_continuous_size': 22, 'attention_head_size': 2, 'learning_rate': 0.0186891474836815}. Best is trial 88 with value: 5.902039051055908.
LOCAL_RANK: 0 - CUDA_VISIBLE_DEVICES: [0]
[I 2023-11-30 08:51:59,769] Trial 133 finished with value: 6.531143665313721 and parameters: {'gradient_clip_val': 0.12870777193217137, 'hidden_size': 42, 'dropout': 0.3523671975061967, 'hidden_continuous_size': 19, 'attention_head_size': 2, 'learning_rate': 0.01636422758320104}. Best is trial 88 with value: 5.902039051055908.
LOCAL_RANK: 0 - CUDA_VISIBLE_DEVICES: [0]
[I 2023-11-30 08:52:12,708] Trial 134 finished with value: 7.117410659790039 and parameters: {'gradient_clip_val': 0.14736622158897386, 'hidden_size': 36, 'dropout': 0.3011836432454073, 'hidden_continuous_size': 21, 'attention_head_size': 4, 'learning_rate': 0.02765349717984212}. Best is trial 88 with value: 5.902039051055908.
LOCAL_RANK: 0 - CUDA_VISIBLE_DEVICES: [0]
[I 2023-11-30 08:52:25,735] Trial 135 finished with value: 6.8045654296875 and parameters: {'gradient_clip_val': 0.17551793403501698, 'hidden_size': 39, 'dropout': 0.2860602974774543, 'hidden_continuous_size': 26, 'attention_head_size': 2, 'learning_rate': 0.011935877954095694}. Best is trial 88 with value: 5.902039051055908.
LOCAL_RANK: 0 - CUDA_VISIBLE_DEVICES: [0]
[I 2023-11-30 08:52:38,804] Trial 136 finished with value: 6.913400173187256 and parameters: {'gradient_clip_val': 0.22060050991587463, 'hidden_size': 34, 'dropout': 0.3075782401631617, 'hidden_continuous_size': 21, 'attention_head_size': 4, 'learning_rate': 0.020724308717778552}. Best is trial 88 with value: 5.902039051055908.
LOCAL_RANK: 0 - CUDA_VISIBLE_DEVICES: [0]
[I 2023-11-30 08:52:51,504] Trial 137 finished with value: 7.802544116973877 and parameters: {'gradient_clip_val': 0.16078894096795635, 'hidden_size': 30, 'dropout': 0.3401348800793033, 'hidden_continuous_size': 20, 'attention_head_size': 2, 'learning_rate': 0.01002755612352279}. Best is trial 88 with value: 5.902039051055908.
LOCAL_RANK: 0 - CUDA_VISIBLE_DEVICES: [0]
[I 2023-11-30 08:53:04,574] Trial 138 finished with value: 6.267977237701416 and parameters: {'gradient_clip_val': 0.15306811129390863, 'hidden_size': 46, 'dropout': 0.3755684104409569, 'hidden_continuous_size': 19, 'attention_head_size': 3, 'learning_rate': 0.024766325471915717}. Best is trial 88 with value: 5.902039051055908.
LOCAL_RANK: 0 - CUDA_VISIBLE_DEVICES: [0]
[I 2023-11-30 08:53:17,602] Trial 139 finished with value: 7.218944072723389 and parameters: {'gradient_clip_val': 0.1527653050077255, 'hidden_size': 52, 'dropout': 0.37634542111672625, 'hidden_continuous_size': 18, 'attention_head_size': 3, 'learning_rate': 0.03295295902354198}. Best is trial 88 with value: 5.902039051055908.
LOCAL_RANK: 0 - CUDA_VISIBLE_DEVICES: [0]
[I 2023-11-30 08:53:30,750] Trial 140 finished with value: 6.718662738800049 and parameters: {'gradient_clip_val': 0.13823107727766987, 'hidden_size': 46, 'dropout': 0.3839904503105211, 'hidden_continuous_size': 19, 'attention_head_size': 3, 'learning_rate': 0.024730639059127344}. Best is trial 88 with value: 5.902039051055908.
LOCAL_RANK: 0 - CUDA_VISIBLE_DEVICES: [0]
[I 2023-11-30 08:53:43,709] Trial 141 finished with value: 6.915747165679932 and parameters: {'gradient_clip_val': 0.17012812752793208, 'hidden_size': 41, 'dropout': 0.3639595214944126, 'hidden_continuous_size': 19, 'attention_head_size': 3, 'learning_rate': 0.029532049815443627}. Best is trial 88 with value: 5.902039051055908.
LOCAL_RANK: 0 - CUDA_VISIBLE_DEVICES: [0]
