[I 2023-11-30 02:10:58,707] Trial 130 finished with value: 10.27478313446045 and parameters: {'gradient_clip_val': 0.5830884747753012, 'hidden_size': 22, 'dropout': 0.1870541174529331, 'hidden_continuous_size': 14, 'attention_head_size': 2, 'learning_rate': 0.05518839732652549}. Best is trial 72 with value: 9.981943130493164.
LOCAL_RANK: 0 - CUDA_VISIBLE_DEVICES: [0]
[I 2023-11-30 02:11:10,847] Trial 131 finished with value: 10.675740242004395 and parameters: {'gradient_clip_val': 0.5803838250522865, 'hidden_size': 22, 'dropout': 0.15370485725564817, 'hidden_continuous_size': 14, 'attention_head_size': 2, 'learning_rate': 0.054291310240325845}. Best is trial 72 with value: 9.981943130493164.
LOCAL_RANK: 0 - CUDA_VISIBLE_DEVICES: [0]
[I 2023-11-30 02:11:23,464] Trial 132 finished with value: 10.766459465026855 and parameters: {'gradient_clip_val': 0.555442374476734, 'hidden_size': 26, 'dropout': 0.1826196017709808, 'hidden_continuous_size': 17, 'attention_head_size': 2, 'learning_rate': 0.06610533733957728}. Best is trial 72 with value: 9.981943130493164.
LOCAL_RANK: 0 - CUDA_VISIBLE_DEVICES: [0]
[I 2023-11-30 02:11:35,739] Trial 133 finished with value: 11.8414888381958 and parameters: {'gradient_clip_val': 0.6299391432612347, 'hidden_size': 19, 'dropout': 0.18942943401320939, 'hidden_continuous_size': 14, 'attention_head_size': 3, 'learning_rate': 0.04488477621606169}. Best is trial 72 with value: 9.981943130493164.
LOCAL_RANK: 0 - CUDA_VISIBLE_DEVICES: [0]
[I 2023-11-30 02:11:47,964] Trial 134 finished with value: 11.494743347167969 and parameters: {'gradient_clip_val': 0.750945203631869, 'hidden_size': 24, 'dropout': 0.19827521090904804, 'hidden_continuous_size': 15, 'attention_head_size': 2, 'learning_rate': 0.039329086213125454}. Best is trial 72 with value: 9.981943130493164.
LOCAL_RANK: 0 - CUDA_VISIBLE_DEVICES: [0]
[I 2023-11-30 02:12:00,199] Trial 135 finished with value: 11.398455619812012 and parameters: {'gradient_clip_val': 0.4880654526262274, 'hidden_size': 17, 'dropout': 0.164752666619645, 'hidden_continuous_size': 14, 'attention_head_size': 2, 'learning_rate': 0.0739329069696475}. Best is trial 72 with value: 9.981943130493164.
LOCAL_RANK: 0 - CUDA_VISIBLE_DEVICES: [0]
[I 2023-11-30 02:12:12,579] Trial 136 finished with value: 12.2000732421875 and parameters: {'gradient_clip_val': 0.5861625959119862, 'hidden_size': 21, 'dropout': 0.2071207987460194, 'hidden_continuous_size': 12, 'attention_head_size': 2, 'learning_rate': 0.058108902243378655}. Best is trial 72 with value: 9.981943130493164.
LOCAL_RANK: 0 - CUDA_VISIBLE_DEVICES: [0]
[I 2023-11-30 02:12:25,103] Trial 137 finished with value: 10.3671875 and parameters: {'gradient_clip_val': 0.5292617472251604, 'hidden_size': 18, 'dropout': 0.10926011359593933, 'hidden_continuous_size': 14, 'attention_head_size': 3, 'learning_rate': 0.03459941433815067}. Best is trial 72 with value: 9.981943130493164.
LOCAL_RANK: 0 - CUDA_VISIBLE_DEVICES: [0]
[I 2023-11-30 02:12:37,455] Trial 138 finished with value: 11.65015697479248 and parameters: {'gradient_clip_val': 0.5225715011656896, 'hidden_size': 18, 'dropout': 0.1066886504903038, 'hidden_continuous_size': 14, 'attention_head_size': 3, 'learning_rate': 0.08492430802301791}. Best is trial 72 with value: 9.981943130493164.
LOCAL_RANK: 0 - CUDA_VISIBLE_DEVICES: [0]
[I 2023-11-30 02:12:50,321] Trial 139 finished with value: 10.888195991516113 and parameters: {'gradient_clip_val': 0.5469812611556035, 'hidden_size': 35, 'dropout': 0.2717749291766693, 'hidden_continuous_size': 17, 'attention_head_size': 3, 'learning_rate': 0.035924702453660695}. Best is trial 72 with value: 9.981943130493164.
LOCAL_RANK: 0 - CUDA_VISIBLE_DEVICES: [0]
[I 2023-11-30 02:13:02,623] Trial 140 finished with value: 10.925707817077637 and parameters: {'gradient_clip_val': 0.5010033245832373, 'hidden_size': 15, 'dropout': 0.1272445926134746, 'hidden_continuous_size': 14, 'attention_head_size': 3, 'learning_rate': 0.059720271015133795}. Best is trial 72 with value: 9.981943130493164.
LOCAL_RANK: 0 - CUDA_VISIBLE_DEVICES: [0]
[I 2023-11-30 02:13:14,898] Trial 141 finished with value: 11.219547271728516 and parameters: {'gradient_clip_val': 0.6101562875828406, 'hidden_size': 19, 'dropout': 0.17422970601424742, 'hidden_continuous_size': 13, 'attention_head_size': 3, 'learning_rate': 0.046970903891581324}. Best is trial 72 with value: 9.981943130493164.
LOCAL_RANK: 0 - CUDA_VISIBLE_DEVICES: [0]
[I 2023-11-30 02:13:27,408] Trial 142 finished with value: 10.688140869140625 and parameters: {'gradient_clip_val': 0.6390498272844856, 'hidden_size': 17, 'dropout': 0.1842400948863091, 'hidden_continuous_size': 14, 'attention_head_size': 3, 'learning_rate': 0.030566699815199827}. Best is trial 72 with value: 9.981943130493164.
LOCAL_RANK: 0 - CUDA_VISIBLE_DEVICES: [0]
[I 2023-11-30 02:13:39,733] Trial 143 finished with value: 11.311528205871582 and parameters: {'gradient_clip_val': 0.6791814995739139, 'hidden_size': 20, 'dropout': 0.23710337579551413, 'hidden_continuous_size': 15, 'attention_head_size': 3, 'learning_rate': 0.06863839623941406}. Best is trial 72 with value: 9.981943130493164.
LOCAL_RANK: 0 - CUDA_VISIBLE_DEVICES: [0]
[I 2023-11-30 02:13:52,181] Trial 144 finished with value: 11.616774559020996 and parameters: {'gradient_clip_val': 0.7864765305256667, 'hidden_size': 22, 'dropout': 0.14234981529604207, 'hidden_continuous_size': 14, 'attention_head_size': 3, 'learning_rate': 0.0409278439928869}. Best is trial 72 with value: 9.981943130493164.
LOCAL_RANK: 0 - CUDA_VISIBLE_DEVICES: [0]
[I 2023-11-30 02:14:04,189] Trial 145 finished with value: 12.058906555175781 and parameters: {'gradient_clip_val': 0.7080357042100406, 'hidden_size': 16, 'dropout': 0.1315233188840249, 'hidden_continuous_size': 11, 'attention_head_size': 2, 'learning_rate': 0.07676736636196423}. Best is trial 72 with value: 9.981943130493164.
LOCAL_RANK: 0 - CUDA_VISIBLE_DEVICES: [0]
[I 2023-11-30 02:14:16,546] Trial 146 finished with value: 10.422232627868652 and parameters: {'gradient_clip_val': 0.8196339895818018, 'hidden_size': 18, 'dropout': 0.10020386981578949, 'hidden_continuous_size': 14, 'attention_head_size': 4, 'learning_rate': 0.05452158591125184}. Best is trial 72 with value: 9.981943130493164.
LOCAL_RANK: 0 - CUDA_VISIBLE_DEVICES: [0]
[I 2023-11-30 02:14:29,140] Trial 147 finished with value: 11.157242774963379 and parameters: {'gradient_clip_val': 0.8101962007493057, 'hidden_size': 18, 'dropout': 0.11370501050737389, 'hidden_continuous_size': 14, 'attention_head_size': 4, 'learning_rate': 0.054978976383942876}. Best is trial 72 with value: 9.981943130493164.
LOCAL_RANK: 0 - CUDA_VISIBLE_DEVICES: [0]
[I 2023-11-30 02:14:41,506] Trial 148 finished with value: 11.000529289245605 and parameters: {'gradient_clip_val': 0.8546029141872012, 'hidden_size': 17, 'dropout': 0.10190349277753608, 'hidden_continuous_size': 14, 'attention_head_size': 4, 'learning_rate': 0.09074386551636086}. Best is trial 72 with value: 9.981943130493164.
LOCAL_RANK: 0 - CUDA_VISIBLE_DEVICES: [0]
[I 2023-11-30 02:14:53,550] Trial 149 finished with value: 11.13363265991211 and parameters: {'gradient_clip_val': 0.9016688146554092, 'hidden_size': 16, 'dropout': 0.11831394881721881, 'hidden_continuous_size': 14, 'attention_head_size': 4, 'learning_rate': 0.06384173783297675}. Best is trial 72 with value: 9.981943130493164.
[I 2023-11-30 02:14:53,659] A new study created in memory with name: no-name-232ebdf7-d371-49c6-a37a-e68c3d65cbd4
/home/le004/conda/anaconda3/envs/tsff_env/lib/python3.9/site-packages/lightning/fabric/plugins/environments/slurm.py:191: The `srun` command is available on your system but is not used. HINT: If your intention is to run Lightning on SLURM, prepend your python command with `srun` like so: srun python /home/le004/master_thesis/git/TSFusionForecast/code/ ...
LOCAL_RANK: 0 - CUDA_VISIBLE_DEVICES: [0]
[I 2023-11-30 02:15:05,581] Trial 0 finished with value: 49.673065185546875 and parameters: {'gradient_clip_val': 0.7596216895895064, 'hidden_size': 20, 'dropout': 0.19728874139981378, 'hidden_continuous_size': 10, 'attention_head_size': 2, 'learning_rate': 0.002377588484377084}. Best is trial 0 with value: 49.673065185546875.
LOCAL_RANK: 0 - CUDA_VISIBLE_DEVICES: [0]
[I 2023-11-30 02:15:20,148] Trial 1 finished with value: 9.687630653381348 and parameters: {'gradient_clip_val': 0.24870480500391678, 'hidden_size': 139, 'dropout': 0.12406156082020271, 'hidden_continuous_size': 59, 'attention_head_size': 4, 'learning_rate': 0.002171367124532731}. Best is trial 1 with value: 9.687630653381348.
LOCAL_RANK: 0 - CUDA_VISIBLE_DEVICES: [0]
[I 2023-11-30 02:15:30,695] Trial 2 finished with value: 32.1588020324707 and parameters: {'gradient_clip_val': 0.8319831129799071, 'hidden_size': 10, 'dropout': 0.13202516400091197, 'hidden_continuous_size': 10, 'attention_head_size': 2, 'learning_rate': 0.008512850969338456}. Best is trial 1 with value: 9.687630653381348.
LOCAL_RANK: 0 - CUDA_VISIBLE_DEVICES: [0]
[I 2023-11-30 02:15:44,101] Trial 3 finished with value: 11.482070922851562 and parameters: {'gradient_clip_val': 0.3735739357069562, 'hidden_size': 46, 'dropout': 0.22684135008877632, 'hidden_continuous_size': 41, 'attention_head_size': 1, 'learning_rate': 0.003947749495978272}. Best is trial 1 with value: 9.687630653381348.
LOCAL_RANK: 0 - CUDA_VISIBLE_DEVICES: [0]
[I 2023-11-30 02:15:58,443] Trial 4 finished with value: 9.137593269348145 and parameters: {'gradient_clip_val': 0.160527070464726, 'hidden_size': 143, 'dropout': 0.3228078185583909, 'hidden_continuous_size': 13, 'attention_head_size': 4, 'learning_rate': 0.01646899933200801}. Best is trial 4 with value: 9.137593269348145.
LOCAL_RANK: 0 - CUDA_VISIBLE_DEVICES: [0]
[I 2023-11-30 02:16:12,354] Trial 5 finished with value: 12.780120849609375 and parameters: {'gradient_clip_val': 0.14068971722135032, 'hidden_size': 99, 'dropout': 0.16563855870783153, 'hidden_continuous_size': 26, 'attention_head_size': 3, 'learning_rate': 0.0400363064589843}. Best is trial 4 with value: 9.137593269348145.
LOCAL_RANK: 0 - CUDA_VISIBLE_DEVICES: [0]
[I 2023-11-30 02:16:24,544] Trial 6 finished with value: 41.58311080932617 and parameters: {'gradient_clip_val': 0.16918987356410045, 'hidden_size': 12, 'dropout': 0.1969390825323858, 'hidden_continuous_size': 11, 'attention_head_size': 4, 'learning_rate': 0.0011852024993453411}. Best is trial 4 with value: 9.137593269348145.
LOCAL_RANK: 0 - CUDA_VISIBLE_DEVICES: [0]
[I 2023-11-30 02:16:37,293] Trial 7 finished with value: 42.31906509399414 and parameters: {'gradient_clip_val': 0.6044417924476965, 'hidden_size': 37, 'dropout': 0.2556938854707781, 'hidden_continuous_size': 11, 'attention_head_size': 1, 'learning_rate': 0.0027215460466594693}. Best is trial 4 with value: 9.137593269348145.
LOCAL_RANK: 0 - CUDA_VISIBLE_DEVICES: [0]
[I 2023-11-30 02:16:50,227] Trial 8 finished with value: 9.558098793029785 and parameters: {'gradient_clip_val': 0.5737777569062993, 'hidden_size': 45, 'dropout': 0.39774373418965014, 'hidden_continuous_size': 14, 'attention_head_size': 3, 'learning_rate': 0.03474218961226473}. Best is trial 4 with value: 9.137593269348145.
LOCAL_RANK: 0 - CUDA_VISIBLE_DEVICES: [0]
[I 2023-11-30 02:17:02,828] Trial 9 finished with value: 41.25786209106445 and parameters: {'gradient_clip_val': 0.11941489892060762, 'hidden_size': 21, 'dropout': 0.16547905963921253, 'hidden_continuous_size': 20, 'attention_head_size': 4, 'learning_rate': 0.0038753633292762384}. Best is trial 4 with value: 9.137593269348145.
LOCAL_RANK: 0 - CUDA_VISIBLE_DEVICES: [0]
[I 2023-11-30 02:17:16,506] Trial 10 finished with value: 11.408409118652344 and parameters: {'gradient_clip_val': 0.207891912539823, 'hidden_size': 85, 'dropout': 0.3162776605302148, 'hidden_continuous_size': 18, 'attention_head_size': 3, 'learning_rate': 0.09965827269211319}. Best is trial 4 with value: 9.137593269348145.
LOCAL_RANK: 0 - CUDA_VISIBLE_DEVICES: [0]
[I 2023-11-30 02:17:31,559] Trial 11 finished with value: 8.221325874328613 and parameters: {'gradient_clip_val': 0.3732973820797651, 'hidden_size': 145, 'dropout': 0.39674551972185756, 'hidden_continuous_size': 140, 'attention_head_size': 3, 'learning_rate': 0.021679460963241748}. Best is trial 11 with value: 8.221325874328613.
LOCAL_RANK: 0 - CUDA_VISIBLE_DEVICES: [0]
[I 2023-11-30 02:17:46,920] Trial 12 finished with value: 11.399346351623535 and parameters: {'gradient_clip_val': 0.10557688952303457, 'hidden_size': 150, 'dropout': 0.3969275299126431, 'hidden_continuous_size': 131, 'attention_head_size': 4, 'learning_rate': 0.015688575731169507}. Best is trial 11 with value: 8.221325874328613.
LOCAL_RANK: 0 - CUDA_VISIBLE_DEVICES: [0]
[I 2023-11-30 02:18:00,583] Trial 13 finished with value: 13.918963432312012 and parameters: {'gradient_clip_val': 0.38646356268447435, 'hidden_size': 84, 'dropout': 0.3428924373613932, 'hidden_continuous_size': 34, 'attention_head_size': 3, 'learning_rate': 0.01262444765441774}. Best is trial 11 with value: 8.221325874328613.
LOCAL_RANK: 0 - CUDA_VISIBLE_DEVICES: [0]
[I 2023-11-30 02:18:15,106] Trial 14 finished with value: 8.506691932678223 and parameters: {'gradient_clip_val': 0.27641550348905436, 'hidden_size': 115, 'dropout': 0.3380996907205064, 'hidden_continuous_size': 98, 'attention_head_size': 2, 'learning_rate': 0.02105887864669278}. Best is trial 11 with value: 8.221325874328613.
LOCAL_RANK: 0 - CUDA_VISIBLE_DEVICES: [0]
[I 2023-11-30 02:18:25,774] Trial 15 finished with value: 9.014898300170898 and parameters: {'gradient_clip_val': 0.2835724060959006, 'hidden_size': 68, 'dropout': 0.3507791419344307, 'hidden_continuous_size': 68, 'attention_head_size': 2, 'learning_rate': 0.03410391456823592}. Best is trial 11 with value: 8.221325874328613.
LOCAL_RANK: 0 - CUDA_VISIBLE_DEVICES: [0]
[I 2023-11-30 02:18:40,128] Trial 16 finished with value: 10.555110931396484 and parameters: {'gradient_clip_val': 0.3615659670047821, 'hidden_size': 105, 'dropout': 0.2818452312587944, 'hidden_continuous_size': 104, 'attention_head_size': 2, 'learning_rate': 0.007667694909587133}. Best is trial 11 with value: 8.221325874328613.
LOCAL_RANK: 0 - CUDA_VISIBLE_DEVICES: [0]
[I 2023-11-30 02:18:53,972] Trial 17 finished with value: 12.628883361816406 and parameters: {'gradient_clip_val': 0.22279672153273272, 'hidden_size': 67, 'dropout': 0.3697903429926217, 'hidden_continuous_size': 55, 'attention_head_size': 1, 'learning_rate': 0.018653058725924872}. Best is trial 11 with value: 8.221325874328613.
LOCAL_RANK: 0 - CUDA_VISIBLE_DEVICES: [0]
[I 2023-11-30 02:19:08,507] Trial 18 finished with value: 8.07225513458252 and parameters: {'gradient_clip_val': 0.3035255481589784, 'hidden_size': 114, 'dropout': 0.3747635569786653, 'hidden_continuous_size': 90, 'attention_head_size': 2, 'learning_rate': 0.0245209612523073}. Best is trial 18 with value: 8.07225513458252.
LOCAL_RANK: 0 - CUDA_VISIBLE_DEVICES: [0]
[I 2023-11-30 02:19:23,127] Trial 19 finished with value: 7.418772220611572 and parameters: {'gradient_clip_val': 0.45465761424438966, 'hidden_size': 122, 'dropout': 0.29858260234940726, 'hidden_continuous_size': 78, 'attention_head_size': 3, 'learning_rate': 0.06635864310251256}. Best is trial 19 with value: 7.418772220611572.
LOCAL_RANK: 0 - CUDA_VISIBLE_DEVICES: [0]
[I 2023-11-30 02:19:36,765] Trial 20 finished with value: 9.104366302490234 and parameters: {'gradient_clip_val': 0.48753010229001675, 'hidden_size': 66, 'dropout': 0.2965111818934686, 'hidden_continuous_size': 39, 'attention_head_size': 2, 'learning_rate': 0.07973230235058373}. Best is trial 19 with value: 7.418772220611572.
LOCAL_RANK: 0 - CUDA_VISIBLE_DEVICES: [0]
[I 2023-11-30 02:19:51,142] Trial 21 finished with value: 7.854448318481445 and parameters: {'gradient_clip_val': 0.3259474848656278, 'hidden_size': 120, 'dropout': 0.37034906308520643, 'hidden_continuous_size': 81, 'attention_head_size': 3, 'learning_rate': 0.05870253758512003}. Best is trial 19 with value: 7.418772220611572.
LOCAL_RANK: 0 - CUDA_VISIBLE_DEVICES: [0]
[I 2023-11-30 02:20:05,628] Trial 22 finished with value: 11.57544994354248 and parameters: {'gradient_clip_val': 0.29711080829519443, 'hidden_size': 112, 'dropout': 0.3696909157674612, 'hidden_continuous_size': 72, 'attention_head_size': 3, 'learning_rate': 0.053328438856696546}. Best is trial 19 with value: 7.418772220611572.
LOCAL_RANK: 0 - CUDA_VISIBLE_DEVICES: [0]
[I 2023-11-30 02:20:19,687] Trial 23 finished with value: 7.556974411010742 and parameters: {'gradient_clip_val': 0.44319978286359824, 'hidden_size': 88, 'dropout': 0.2845739781063268, 'hidden_continuous_size': 50, 'attention_head_size': 3, 'learning_rate': 0.06104780561588375}. Best is trial 19 with value: 7.418772220611572.
LOCAL_RANK: 0 - CUDA_VISIBLE_DEVICES: [0]
[I 2023-11-30 02:20:33,707] Trial 24 finished with value: 8.612016677856445 and parameters: {'gradient_clip_val': 0.47109076593379734, 'hidden_size': 81, 'dropout': 0.2880544763869333, 'hidden_continuous_size': 51, 'attention_head_size': 3, 'learning_rate': 0.07394502102340524}. Best is trial 19 with value: 7.418772220611572.
LOCAL_RANK: 0 - CUDA_VISIBLE_DEVICES: [0]
[I 2023-11-30 02:20:47,702] Trial 25 finished with value: 9.564705848693848 and parameters: {'gradient_clip_val': 0.45596178859740794, 'hidden_size': 91, 'dropout': 0.2699466883145545, 'hidden_continuous_size': 45, 'attention_head_size': 3, 'learning_rate': 0.056845353111301414}. Best is trial 19 with value: 7.418772220611572.
LOCAL_RANK: 0 - CUDA_VISIBLE_DEVICES: [0]
[I 2023-11-30 02:21:01,860] Trial 26 finished with value: 10.569005012512207 and parameters: {'gradient_clip_val': 0.6581830981074069, 'hidden_size': 120, 'dropout': 0.3085469471845615, 'hidden_continuous_size': 74, 'attention_head_size': 3, 'learning_rate': 0.0532681556570909}. Best is trial 19 with value: 7.418772220611572.
LOCAL_RANK: 0 - CUDA_VISIBLE_DEVICES: [0]
[I 2023-11-30 02:21:16,266] Trial 27 finished with value: 8.013486862182617 and parameters: {'gradient_clip_val': 0.9386455785691799, 'hidden_size': 124, 'dropout': 0.26153515066536337, 'hidden_continuous_size': 60, 'attention_head_size': 3, 'learning_rate': 0.09316741560552406}. Best is trial 19 with value: 7.418772220611572.
LOCAL_RANK: 0 - CUDA_VISIBLE_DEVICES: [0]
[I 2023-11-30 02:21:30,411] Trial 28 finished with value: 10.67322063446045 and parameters: {'gradient_clip_val': 0.5206050872382886, 'hidden_size': 100, 'dropout': 0.3019242351518076, 'hidden_continuous_size': 46, 'attention_head_size': 4, 'learning_rate': 0.05884150779313366}. Best is trial 19 with value: 7.418772220611572.
LOCAL_RANK: 0 - CUDA_VISIBLE_DEVICES: [0]
[I 2023-11-30 02:21:44,317] Trial 29 finished with value: 10.340463638305664 and parameters: {'gradient_clip_val': 0.688679884419321, 'hidden_size': 74, 'dropout': 0.23672090866004425, 'hidden_continuous_size': 50, 'attention_head_size': 3, 'learning_rate': 0.03795665229389308}. Best is trial 19 with value: 7.418772220611572.
LOCAL_RANK: 0 - CUDA_VISIBLE_DEVICES: [0]
[I 2023-11-30 02:21:57,980] Trial 30 finished with value: 11.354308128356934 and parameters: {'gradient_clip_val': 0.41373516552226414, 'hidden_size': 58, 'dropout': 0.3240003895591977, 'hidden_continuous_size': 32, 'attention_head_size': 4, 'learning_rate': 0.07292965949870632}. Best is trial 19 with value: 7.418772220611572.
LOCAL_RANK: 0 - CUDA_VISIBLE_DEVICES: [0]
[I 2023-11-30 02:22:12,043] Trial 31 finished with value: 9.835155487060547 and parameters: {'gradient_clip_val': 0.5609431260624367, 'hidden_size': 124, 'dropout': 0.26431696977245095, 'hidden_continuous_size': 62, 'attention_head_size': 3, 'learning_rate': 0.09785331248073559}. Best is trial 19 with value: 7.418772220611572.
LOCAL_RANK: 0 - CUDA_VISIBLE_DEVICES: [0]
[I 2023-11-30 02:22:26,705] Trial 32 finished with value: 8.808109283447266 and parameters: {'gradient_clip_val': 0.8232202081352246, 'hidden_size': 126, 'dropout': 0.28365962368810166, 'hidden_continuous_size': 80, 'attention_head_size': 3, 'learning_rate': 0.09744130745047908}. Best is trial 19 with value: 7.418772220611572.
LOCAL_RANK: 0 - CUDA_VISIBLE_DEVICES: [0]
[I 2023-11-30 02:22:40,956] Trial 33 finished with value: 9.295626640319824 and parameters: {'gradient_clip_val': 0.9545090505431197, 'hidden_size': 99, 'dropout': 0.24852412756872136, 'hidden_continuous_size': 62, 'attention_head_size': 3, 'learning_rate': 0.047759324669572}. Best is trial 19 with value: 7.418772220611572.
LOCAL_RANK: 0 - CUDA_VISIBLE_DEVICES: [0]
[I 2023-11-30 02:22:55,336] Trial 34 finished with value: 9.698590278625488 and parameters: {'gradient_clip_val': 0.743418842553667, 'hidden_size': 131, 'dropout': 0.2723870744845257, 'hidden_continuous_size': 62, 'attention_head_size': 3, 'learning_rate': 0.027952363524499178}. Best is trial 19 with value: 7.418772220611572.
LOCAL_RANK: 0 - CUDA_VISIBLE_DEVICES: [0]
[I 2023-11-30 02:23:10,182] Trial 35 finished with value: 7.787839412689209 and parameters: {'gradient_clip_val': 0.3389915046822523, 'hidden_size': 149, 'dropout': 0.2990739586484323, 'hidden_continuous_size': 82, 'attention_head_size': 3, 'learning_rate': 0.06695913445497687}. Best is trial 19 with value: 7.418772220611572.
LOCAL_RANK: 0 - CUDA_VISIBLE_DEVICES: [0]
[I 2023-11-30 02:23:25,016] Trial 36 finished with value: 7.6244988441467285 and parameters: {'gradient_clip_val': 0.34111479137263856, 'hidden_size': 149, 'dropout': 0.30158923445636904, 'hidden_continuous_size': 88, 'attention_head_size': 4, 'learning_rate': 0.0685805966349357}. Best is trial 19 with value: 7.418772220611572.
LOCAL_RANK: 0 - CUDA_VISIBLE_DEVICES: [0]
[I 2023-11-30 02:23:40,282] Trial 37 finished with value: 10.553549766540527 and parameters: {'gradient_clip_val': 0.42355655964310396, 'hidden_size': 145, 'dropout': 0.30339165200273477, 'hidden_continuous_size': 112, 'attention_head_size': 4, 'learning_rate': 0.042084778433184686}. Best is trial 19 with value: 7.418772220611572.
LOCAL_RANK: 0 - CUDA_VISIBLE_DEVICES: [0]
