[I 2023-11-30 11:19:30,651] Trial 34 finished with value: 6.760381698608398 and parameters: {'gradient_clip_val': 0.22511920720641712, 'hidden_size': 46, 'dropout': 0.3746776060024772, 'hidden_continuous_size': 33, 'attention_head_size': 4, 'learning_rate': 0.021077697267795428}. Best is trial 8 with value: 6.297355651855469.
LOCAL_RANK: 0 - CUDA_VISIBLE_DEVICES: [0]
[I 2023-11-30 11:19:43,799] Trial 35 finished with value: 7.494081497192383 and parameters: {'gradient_clip_val': 0.23590162584350183, 'hidden_size': 40, 'dropout': 0.37989745268739206, 'hidden_continuous_size': 30, 'attention_head_size': 4, 'learning_rate': 0.014397551958377134}. Best is trial 8 with value: 6.297355651855469.
LOCAL_RANK: 0 - CUDA_VISIBLE_DEVICES: [0]
[I 2023-11-30 11:19:57,197] Trial 36 finished with value: 7.23468017578125 and parameters: {'gradient_clip_val': 0.21322046435569889, 'hidden_size': 47, 'dropout': 0.39743031240807386, 'hidden_continuous_size': 33, 'attention_head_size': 4, 'learning_rate': 0.020678293430698276}. Best is trial 8 with value: 6.297355651855469.
LOCAL_RANK: 0 - CUDA_VISIBLE_DEVICES: [0]
[I 2023-11-30 11:20:10,965] Trial 37 finished with value: 6.377664089202881 and parameters: {'gradient_clip_val': 0.24204336968274962, 'hidden_size': 62, 'dropout': 0.19507226408651668, 'hidden_continuous_size': 37, 'attention_head_size': 4, 'learning_rate': 0.013546786506041082}. Best is trial 8 with value: 6.297355651855469.
LOCAL_RANK: 0 - CUDA_VISIBLE_DEVICES: [0]
[I 2023-11-30 11:20:24,795] Trial 38 finished with value: 7.165746212005615 and parameters: {'gradient_clip_val': 0.28392140109707015, 'hidden_size': 65, 'dropout': 0.1993554633334142, 'hidden_continuous_size': 38, 'attention_head_size': 4, 'learning_rate': 0.0107965928837369}. Best is trial 8 with value: 6.297355651855469.
LOCAL_RANK: 0 - CUDA_VISIBLE_DEVICES: [0]
[I 2023-11-30 11:20:38,758] Trial 39 finished with value: 7.130307674407959 and parameters: {'gradient_clip_val': 0.282167101393672, 'hidden_size': 79, 'dropout': 0.16706967460085473, 'hidden_continuous_size': 43, 'attention_head_size': 3, 'learning_rate': 0.006696008366239232}. Best is trial 8 with value: 6.297355651855469.
LOCAL_RANK: 0 - CUDA_VISIBLE_DEVICES: [0]
[I 2023-11-30 11:20:52,675] Trial 40 finished with value: 7.836877346038818 and parameters: {'gradient_clip_val': 0.3821240829819151, 'hidden_size': 59, 'dropout': 0.20730649964095274, 'hidden_continuous_size': 37, 'attention_head_size': 4, 'learning_rate': 0.03326106309322731}. Best is trial 8 with value: 6.297355651855469.
LOCAL_RANK: 0 - CUDA_VISIBLE_DEVICES: [0]
[I 2023-11-30 11:21:06,020] Trial 41 finished with value: 7.574670791625977 and parameters: {'gradient_clip_val': 0.21243839386605282, 'hidden_size': 45, 'dropout': 0.38132328172383556, 'hidden_continuous_size': 31, 'attention_head_size': 4, 'learning_rate': 0.01154267171160234}. Best is trial 8 with value: 6.297355651855469.
LOCAL_RANK: 0 - CUDA_VISIBLE_DEVICES: [0]
[I 2023-11-30 11:21:19,784] Trial 42 finished with value: 7.277553081512451 and parameters: {'gradient_clip_val': 0.25482223983777097, 'hidden_size': 70, 'dropout': 0.36475707719778605, 'hidden_continuous_size': 29, 'attention_head_size': 4, 'learning_rate': 0.018333673097167665}. Best is trial 8 with value: 6.297355651855469.
LOCAL_RANK: 0 - CUDA_VISIBLE_DEVICES: [0]
[I 2023-11-30 11:21:33,366] Trial 43 finished with value: 6.735004425048828 and parameters: {'gradient_clip_val': 0.17520456929280007, 'hidden_size': 54, 'dropout': 0.22752013367519303, 'hidden_continuous_size': 33, 'attention_head_size': 4, 'learning_rate': 0.022673077647190034}. Best is trial 8 with value: 6.297355651855469.
LOCAL_RANK: 0 - CUDA_VISIBLE_DEVICES: [0]
[I 2023-11-30 11:21:47,097] Trial 44 finished with value: 7.2158660888671875 and parameters: {'gradient_clip_val': 0.17057578021571884, 'hidden_size': 58, 'dropout': 0.23500867055203295, 'hidden_continuous_size': 36, 'attention_head_size': 4, 'learning_rate': 0.02457148385279901}. Best is trial 8 with value: 6.297355651855469.
LOCAL_RANK: 0 - CUDA_VISIBLE_DEVICES: [0]
[I 2023-11-30 11:22:00,973] Trial 45 finished with value: 7.105482578277588 and parameters: {'gradient_clip_val': 0.1599806584171369, 'hidden_size': 75, 'dropout': 0.21773890846168953, 'hidden_continuous_size': 44, 'attention_head_size': 3, 'learning_rate': 0.012523724031298865}. Best is trial 8 with value: 6.297355651855469.
LOCAL_RANK: 0 - CUDA_VISIBLE_DEVICES: [0]
[I 2023-11-30 11:22:14,631] Trial 46 finished with value: 7.862728595733643 and parameters: {'gradient_clip_val': 0.20016902674804818, 'hidden_size': 67, 'dropout': 0.17830358607582658, 'hidden_continuous_size': 28, 'attention_head_size': 1, 'learning_rate': 0.009247077884998716}. Best is trial 8 with value: 6.297355651855469.
LOCAL_RANK: 0 - CUDA_VISIBLE_DEVICES: [0]
[I 2023-11-30 11:22:28,613] Trial 47 finished with value: 8.066678047180176 and parameters: {'gradient_clip_val': 0.1749135584014101, 'hidden_size': 83, 'dropout': 0.24233110139574238, 'hidden_continuous_size': 39, 'attention_head_size': 4, 'learning_rate': 0.0335810456356116}. Best is trial 8 with value: 6.297355651855469.
LOCAL_RANK: 0 - CUDA_VISIBLE_DEVICES: [0]
[I 2023-11-30 11:22:42,090] Trial 48 finished with value: 6.737783908843994 and parameters: {'gradient_clip_val': 0.18758822226997687, 'hidden_size': 56, 'dropout': 0.1913283196012743, 'hidden_continuous_size': 34, 'attention_head_size': 3, 'learning_rate': 0.016739480309194327}. Best is trial 8 with value: 6.297355651855469.
LOCAL_RANK: 0 - CUDA_VISIBLE_DEVICES: [0]
[I 2023-11-30 11:22:55,326] Trial 49 finished with value: 7.770683765411377 and parameters: {'gradient_clip_val': 0.1571212191084747, 'hidden_size': 53, 'dropout': 0.19235039159423262, 'hidden_continuous_size': 32, 'attention_head_size': 1, 'learning_rate': 0.01731593682899983}. Best is trial 8 with value: 6.297355651855469.
LOCAL_RANK: 0 - CUDA_VISIBLE_DEVICES: [0]
[I 2023-11-30 11:23:08,621] Trial 50 finished with value: 7.2833380699157715 and parameters: {'gradient_clip_val': 0.17711799125680183, 'hidden_size': 42, 'dropout': 0.16318025872567096, 'hidden_continuous_size': 25, 'attention_head_size': 4, 'learning_rate': 0.008213758474628347}. Best is trial 8 with value: 6.297355651855469.
LOCAL_RANK: 0 - CUDA_VISIBLE_DEVICES: [0]
[I 2023-11-30 11:23:22,281] Trial 51 finished with value: 7.206226348876953 and parameters: {'gradient_clip_val': 0.19607801712998457, 'hidden_size': 61, 'dropout': 0.21356518962471524, 'hidden_continuous_size': 36, 'attention_head_size': 3, 'learning_rate': 0.01581964440019269}. Best is trial 8 with value: 6.297355651855469.
LOCAL_RANK: 0 - CUDA_VISIBLE_DEVICES: [0]
[I 2023-11-30 11:23:35,972] Trial 52 finished with value: 7.345181941986084 and parameters: {'gradient_clip_val': 0.2402564410053029, 'hidden_size': 74, 'dropout': 0.2184050243891909, 'hidden_continuous_size': 28, 'attention_head_size': 3, 'learning_rate': 0.021394895336259007}. Best is trial 8 with value: 6.297355651855469.
LOCAL_RANK: 0 - CUDA_VISIBLE_DEVICES: [0]
[I 2023-11-30 11:23:49,392] Trial 53 finished with value: 7.5204758644104 and parameters: {'gradient_clip_val': 0.18928236573793258, 'hidden_size': 50, 'dropout': 0.1890346968340447, 'hidden_continuous_size': 34, 'attention_head_size': 3, 'learning_rate': 0.013510702818995343}. Best is trial 8 with value: 6.297355651855469.
LOCAL_RANK: 0 - CUDA_VISIBLE_DEVICES: [0]
[I 2023-11-30 11:24:03,087] Trial 54 finished with value: 8.03908634185791 and parameters: {'gradient_clip_val': 0.15512111281968585, 'hidden_size': 67, 'dropout': 0.25796073170925415, 'hidden_continuous_size': 40, 'attention_head_size': 2, 'learning_rate': 0.02798080115965886}. Best is trial 8 with value: 6.297355651855469.
LOCAL_RANK: 0 - CUDA_VISIBLE_DEVICES: [0]
[I 2023-11-30 11:24:16,005] Trial 55 finished with value: 8.036392211914062 and parameters: {'gradient_clip_val': 0.20375530954125928, 'hidden_size': 33, 'dropout': 0.27385176282182105, 'hidden_continuous_size': 30, 'attention_head_size': 3, 'learning_rate': 0.01771181726372031}. Best is trial 8 with value: 6.297355651855469.
LOCAL_RANK: 0 - CUDA_VISIBLE_DEVICES: [0]
[I 2023-11-30 11:24:29,774] Trial 56 finished with value: 7.5673065185546875 and parameters: {'gradient_clip_val': 0.1351796225406423, 'hidden_size': 59, 'dropout': 0.24526608580031733, 'hidden_continuous_size': 32, 'attention_head_size': 3, 'learning_rate': 0.02379491125988487}. Best is trial 8 with value: 6.297355651855469.
LOCAL_RANK: 0 - CUDA_VISIBLE_DEVICES: [0]
[I 2023-11-30 11:24:43,359] Trial 57 finished with value: 7.750488758087158 and parameters: {'gradient_clip_val': 0.16627304509039584, 'hidden_size': 80, 'dropout': 0.28068562227160554, 'hidden_continuous_size': 26, 'attention_head_size': 2, 'learning_rate': 0.03507815613974202}. Best is trial 8 with value: 6.297355651855469.
LOCAL_RANK: 0 - CUDA_VISIBLE_DEVICES: [0]
[I 2023-11-30 11:24:56,812] Trial 58 finished with value: 7.854032039642334 and parameters: {'gradient_clip_val': 0.11146608192556845, 'hidden_size': 54, 'dropout': 0.22407661222132724, 'hidden_continuous_size': 35, 'attention_head_size': 1, 'learning_rate': 0.012324617158457335}. Best is trial 8 with value: 6.297355651855469.
LOCAL_RANK: 0 - CUDA_VISIBLE_DEVICES: [0]
[I 2023-11-30 11:25:11,251] Trial 59 finished with value: 8.149954795837402 and parameters: {'gradient_clip_val': 0.226289953102027, 'hidden_size': 105, 'dropout': 0.20498657828197647, 'hidden_continuous_size': 80, 'attention_head_size': 3, 'learning_rate': 0.028822204856429372}. Best is trial 8 with value: 6.297355651855469.
LOCAL_RANK: 0 - CUDA_VISIBLE_DEVICES: [0]
[I 2023-11-30 11:25:24,887] Trial 60 finished with value: 6.6016974449157715 and parameters: {'gradient_clip_val': 0.13691779208263763, 'hidden_size': 89, 'dropout': 0.259519673790366, 'hidden_continuous_size': 24, 'attention_head_size': 2, 'learning_rate': 0.019093855138141602}. Best is trial 8 with value: 6.297355651855469.
LOCAL_RANK: 0 - CUDA_VISIBLE_DEVICES: [0]
[I 2023-11-30 11:25:38,743] Trial 61 finished with value: 7.290590286254883 and parameters: {'gradient_clip_val': 0.1367019902732651, 'hidden_size': 86, 'dropout': 0.26622652790180834, 'hidden_continuous_size': 28, 'attention_head_size': 2, 'learning_rate': 0.016201519708153266}. Best is trial 8 with value: 6.297355651855469.
LOCAL_RANK: 0 - CUDA_VISIBLE_DEVICES: [0]
[I 2023-11-30 11:25:52,132] Trial 62 finished with value: 7.226132869720459 and parameters: {'gradient_clip_val': 0.11832054834351124, 'hidden_size': 72, 'dropout': 0.2570977156550487, 'hidden_continuous_size': 24, 'attention_head_size': 2, 'learning_rate': 0.01927683032726943}. Best is trial 8 with value: 6.297355651855469.
LOCAL_RANK: 0 - CUDA_VISIBLE_DEVICES: [0]
[I 2023-11-30 11:26:06,046] Trial 63 finished with value: 7.367776393890381 and parameters: {'gradient_clip_val': 0.18050171203172047, 'hidden_size': 102, 'dropout': 0.2406439384960215, 'hidden_continuous_size': 22, 'attention_head_size': 2, 'learning_rate': 0.023322629765893887}. Best is trial 8 with value: 6.297355651855469.
LOCAL_RANK: 0 - CUDA_VISIBLE_DEVICES: [0]
[I 2023-11-30 11:26:19,618] Trial 64 finished with value: 6.899259090423584 and parameters: {'gradient_clip_val': 0.14455914912813778, 'hidden_size': 92, 'dropout': 0.23438240316267037, 'hidden_continuous_size': 20, 'attention_head_size': 2, 'learning_rate': 0.01500623730328208}. Best is trial 8 with value: 6.297355651855469.
LOCAL_RANK: 0 - CUDA_VISIBLE_DEVICES: [0]
[I 2023-11-30 11:26:33,270] Trial 65 finished with value: 7.502445697784424 and parameters: {'gradient_clip_val': 0.15069954215830642, 'hidden_size': 77, 'dropout': 0.22559800718825535, 'hidden_continuous_size': 27, 'attention_head_size': 2, 'learning_rate': 0.02888928692152456}. Best is trial 8 with value: 6.297355651855469.
LOCAL_RANK: 0 - CUDA_VISIBLE_DEVICES: [0]
[I 2023-11-30 11:26:46,797] Trial 66 finished with value: 7.1543354988098145 and parameters: {'gradient_clip_val': 0.10697164601699125, 'hidden_size': 64, 'dropout': 0.25199075642885915, 'hidden_continuous_size': 34, 'attention_head_size': 1, 'learning_rate': 0.01996431714841745}. Best is trial 8 with value: 6.297355651855469.
LOCAL_RANK: 0 - CUDA_VISIBLE_DEVICES: [0]
[I 2023-11-30 11:27:00,618] Trial 67 finished with value: 7.204137802124023 and parameters: {'gradient_clip_val': 0.13255001116270193, 'hidden_size': 85, 'dropout': 0.2901524219413082, 'hidden_continuous_size': 31, 'attention_head_size': 3, 'learning_rate': 0.03787631139133545}. Best is trial 8 with value: 6.297355651855469.
LOCAL_RANK: 0 - CUDA_VISIBLE_DEVICES: [0]
[I 2023-11-30 11:27:14,348] Trial 68 finished with value: 7.929877758026123 and parameters: {'gradient_clip_val': 0.11936757050823023, 'hidden_size': 68, 'dropout': 0.30439354843049904, 'hidden_continuous_size': 41, 'attention_head_size': 4, 'learning_rate': 0.010469371625849454}. Best is trial 8 with value: 6.297355651855469.
LOCAL_RANK: 0 - CUDA_VISIBLE_DEVICES: [0]
[I 2023-11-30 11:27:27,783] Trial 69 finished with value: 7.486452102661133 and parameters: {'gradient_clip_val': 0.16912191433724033, 'hidden_size': 56, 'dropout': 0.27111106778329985, 'hidden_continuous_size': 37, 'attention_head_size': 2, 'learning_rate': 0.02443045982461916}. Best is trial 8 with value: 6.297355651855469.
LOCAL_RANK: 0 - CUDA_VISIBLE_DEVICES: [0]
[I 2023-11-30 11:27:41,332] Trial 70 finished with value: 6.95669412612915 and parameters: {'gradient_clip_val': 0.1888175670965111, 'hidden_size': 50, 'dropout': 0.3289835508271246, 'hidden_continuous_size': 35, 'attention_head_size': 4, 'learning_rate': 0.01337940090285213}. Best is trial 8 with value: 6.297355651855469.
LOCAL_RANK: 0 - CUDA_VISIBLE_DEVICES: [0]
[I 2023-11-30 11:27:54,729] Trial 71 finished with value: 7.0759429931640625 and parameters: {'gradient_clip_val': 0.22319856972472712, 'hidden_size': 48, 'dropout': 0.2841990763411188, 'hidden_continuous_size': 33, 'attention_head_size': 4, 'learning_rate': 0.02171644001288271}. Best is trial 8 with value: 6.297355651855469.
LOCAL_RANK: 0 - CUDA_VISIBLE_DEVICES: [0]
[I 2023-11-30 11:28:08,464] Trial 72 finished with value: 7.095636367797852 and parameters: {'gradient_clip_val': 0.21154719607427133, 'hidden_size': 62, 'dropout': 0.3932812882165829, 'hidden_continuous_size': 30, 'attention_head_size': 4, 'learning_rate': 0.01985401799688943}. Best is trial 8 with value: 6.297355651855469.
LOCAL_RANK: 0 - CUDA_VISIBLE_DEVICES: [0]
[I 2023-11-30 11:28:21,636] Trial 73 finished with value: 7.534384250640869 and parameters: {'gradient_clip_val': 0.19389343339578258, 'hidden_size': 43, 'dropout': 0.3870115933467967, 'hidden_continuous_size': 32, 'attention_head_size': 4, 'learning_rate': 0.03077626791373064}. Best is trial 8 with value: 6.297355651855469.
LOCAL_RANK: 0 - CUDA_VISIBLE_DEVICES: [0]
[I 2023-11-30 11:28:34,996] Trial 74 finished with value: 7.014906406402588 and parameters: {'gradient_clip_val': 0.22996583303832052, 'hidden_size': 56, 'dropout': 0.37465909880877113, 'hidden_continuous_size': 39, 'attention_head_size': 4, 'learning_rate': 0.016518949385506874}. Best is trial 8 with value: 6.297355651855469.
LOCAL_RANK: 0 - CUDA_VISIBLE_DEVICES: [0]
[I 2023-11-30 11:28:48,925] Trial 75 finished with value: 7.105470180511475 and parameters: {'gradient_clip_val': 0.1831998148223932, 'hidden_size': 74, 'dropout': 0.34382869715044584, 'hidden_continuous_size': 45, 'attention_head_size': 4, 'learning_rate': 0.026512990403323763}. Best is trial 8 with value: 6.297355651855469.
LOCAL_RANK: 0 - CUDA_VISIBLE_DEVICES: [0]
[I 2023-11-30 11:29:02,560] Trial 76 finished with value: 7.332711696624756 and parameters: {'gradient_clip_val': 0.20704258622297872, 'hidden_size': 64, 'dropout': 0.3879167482462792, 'hidden_continuous_size': 38, 'attention_head_size': 4, 'learning_rate': 0.02236412224841882}. Best is trial 8 with value: 6.297355651855469.
LOCAL_RANK: 0 - CUDA_VISIBLE_DEVICES: [0]
[I 2023-11-30 11:29:15,798] Trial 77 finished with value: 6.6292724609375 and parameters: {'gradient_clip_val': 0.16129530952365287, 'hidden_size': 46, 'dropout': 0.26303408272923606, 'hidden_continuous_size': 29, 'attention_head_size': 3, 'learning_rate': 0.018135523010760043}. Best is trial 8 with value: 6.297355651855469.
LOCAL_RANK: 0 - CUDA_VISIBLE_DEVICES: [0]
[I 2023-11-30 11:29:29,355] Trial 78 finished with value: 7.284445285797119 and parameters: {'gradient_clip_val': 0.1457070176269471, 'hidden_size': 81, 'dropout': 0.2758023509334644, 'hidden_continuous_size': 25, 'attention_head_size': 3, 'learning_rate': 0.014508354138565247}. Best is trial 8 with value: 6.297355651855469.
LOCAL_RANK: 0 - CUDA_VISIBLE_DEVICES: [0]
[I 2023-11-30 11:29:43,062] Trial 79 finished with value: 6.91671895980835 and parameters: {'gradient_clip_val': 0.16121897904823934, 'hidden_size': 89, 'dropout': 0.24992337998337946, 'hidden_continuous_size': 29, 'attention_head_size': 3, 'learning_rate': 0.017217366773690027}. Best is trial 8 with value: 6.297355651855469.
LOCAL_RANK: 0 - CUDA_VISIBLE_DEVICES: [0]
[I 2023-11-30 11:29:56,911] Trial 80 finished with value: 8.6023588180542 and parameters: {'gradient_clip_val': 0.12676669468934854, 'hidden_size': 70, 'dropout': 0.26064800902896484, 'hidden_continuous_size': 27, 'attention_head_size': 3, 'learning_rate': 0.047986659589891394}. Best is trial 8 with value: 6.297355651855469.
LOCAL_RANK: 0 - CUDA_VISIBLE_DEVICES: [0]
[I 2023-11-30 11:30:10,042] Trial 81 finished with value: 9.87816333770752 and parameters: {'gradient_clip_val': 0.17760719261718075, 'hidden_size': 46, 'dropout': 0.2346282236856192, 'hidden_continuous_size': 31, 'attention_head_size': 3, 'learning_rate': 0.026030788388378877}. Best is trial 8 with value: 6.297355651855469.
LOCAL_RANK: 0 - CUDA_VISIBLE_DEVICES: [0]
[I 2023-11-30 11:30:23,618] Trial 82 finished with value: 7.49193811416626 and parameters: {'gradient_clip_val': 0.19575662669766072, 'hidden_size': 51, 'dropout': 0.2650375573024373, 'hidden_continuous_size': 36, 'attention_head_size': 3, 'learning_rate': 0.031900204712859086}. Best is trial 8 with value: 6.297355651855469.
LOCAL_RANK: 0 - CUDA_VISIBLE_DEVICES: [0]
[I 2023-11-30 11:30:37,352] Trial 83 finished with value: 6.854879856109619 and parameters: {'gradient_clip_val': 0.15498057198186674, 'hidden_size': 57, 'dropout': 0.3090099907415334, 'hidden_continuous_size': 33, 'attention_head_size': 4, 'learning_rate': 0.018923137940252344}. Best is trial 8 with value: 6.297355651855469.
LOCAL_RANK: 0 - CUDA_VISIBLE_DEVICES: [0]
[I 2023-11-30 11:30:50,711] Trial 84 finished with value: 7.511236667633057 and parameters: {'gradient_clip_val': 0.13935448710326429, 'hidden_size': 60, 'dropout': 0.19714023227762323, 'hidden_continuous_size': 29, 'attention_head_size': 2, 'learning_rate': 0.021725763448027173}. Best is trial 8 with value: 6.297355651855469.
LOCAL_RANK: 0 - CUDA_VISIBLE_DEVICES: [0]
[I 2023-11-30 11:31:04,231] Trial 85 finished with value: 6.742408752441406 and parameters: {'gradient_clip_val': 0.202933968237756, 'hidden_size': 53, 'dropout': 0.2106797337559659, 'hidden_continuous_size': 34, 'attention_head_size': 1, 'learning_rate': 0.018123358274709393}. Best is trial 8 with value: 6.297355651855469.
LOCAL_RANK: 0 - CUDA_VISIBLE_DEVICES: [0]
[I 2023-11-30 11:31:17,593] Trial 86 finished with value: 7.135217189788818 and parameters: {'gradient_clip_val': 0.16976228474865754, 'hidden_size': 52, 'dropout': 0.21447531653009017, 'hidden_continuous_size': 40, 'attention_head_size': 1, 'learning_rate': 0.012144323130014017}. Best is trial 8 with value: 6.297355651855469.
LOCAL_RANK: 0 - CUDA_VISIBLE_DEVICES: [0]
[I 2023-11-30 11:31:31,136] Trial 87 finished with value: 7.085748672485352 and parameters: {'gradient_clip_val': 0.20191361480124576, 'hidden_size': 67, 'dropout': 0.18370688731166987, 'hidden_continuous_size': 27, 'attention_head_size': 1, 'learning_rate': 0.018470371227275833}. Best is trial 8 with value: 6.297355651855469.
LOCAL_RANK: 0 - CUDA_VISIBLE_DEVICES: [0]
[I 2023-11-30 11:31:44,846] Trial 88 finished with value: 7.26193380355835 and parameters: {'gradient_clip_val': 0.17973700516867178, 'hidden_size': 77, 'dropout': 0.20729581122664667, 'hidden_continuous_size': 42, 'attention_head_size': 1, 'learning_rate': 0.015188625372590366}. Best is trial 8 with value: 6.297355651855469.
LOCAL_RANK: 0 - CUDA_VISIBLE_DEVICES: [0]
[I 2023-11-30 11:31:57,706] Trial 89 finished with value: 6.641443729400635 and parameters: {'gradient_clip_val': 0.24444321188320914, 'hidden_size': 39, 'dropout': 0.2877928989926946, 'hidden_continuous_size': 31, 'attention_head_size': 1, 'learning_rate': 0.01620414003501535}. Best is trial 8 with value: 6.297355651855469.
LOCAL_RANK: 0 - CUDA_VISIBLE_DEVICES: [0]
[I 2023-11-30 11:32:10,620] Trial 90 finished with value: 7.752431392669678 and parameters: {'gradient_clip_val': 0.251864174891564, 'hidden_size': 39, 'dropout': 0.28364611431141457, 'hidden_continuous_size': 19, 'attention_head_size': 1, 'learning_rate': 0.013660315359928543}. Best is trial 8 with value: 6.297355651855469.
LOCAL_RANK: 0 - CUDA_VISIBLE_DEVICES: [0]
[I 2023-11-30 11:32:23,625] Trial 91 finished with value: 7.214931964874268 and parameters: {'gradient_clip_val': 0.21363596910503346, 'hidden_size': 44, 'dropout': 0.2874398594011214, 'hidden_continuous_size': 34, 'attention_head_size': 1, 'learning_rate': 0.01797496593624248}. Best is trial 8 with value: 6.297355651855469.
LOCAL_RANK: 0 - CUDA_VISIBLE_DEVICES: [0]
[I 2023-11-30 11:32:36,764] Trial 92 finished with value: 7.61053991317749 and parameters: {'gradient_clip_val': 0.2418989641532934, 'hidden_size': 49, 'dropout': 0.2236205972804114, 'hidden_continuous_size': 31, 'attention_head_size': 1, 'learning_rate': 0.011680544288887392}. Best is trial 8 with value: 6.297355651855469.
LOCAL_RANK: 0 - CUDA_VISIBLE_DEVICES: [0]
