[I 2023-11-30 05:00:37,250] Trial 139 finished with value: 5.7773118019104 and parameters: {'gradient_clip_val': 0.15726002003055475, 'hidden_size': 27, 'dropout': 0.2816724275244264, 'hidden_continuous_size': 17, 'attention_head_size': 4, 'learning_rate': 0.033178629835806335}. Best is trial 135 with value: 4.918747901916504.
LOCAL_RANK: 0 - CUDA_VISIBLE_DEVICES: [0]
[I 2023-11-30 05:00:49,777] Trial 140 finished with value: 6.65194845199585 and parameters: {'gradient_clip_val': 0.14417553397308033, 'hidden_size': 25, 'dropout': 0.2647658408780166, 'hidden_continuous_size': 10, 'attention_head_size': 4, 'learning_rate': 0.030357424482042962}. Best is trial 135 with value: 4.918747901916504.
LOCAL_RANK: 0 - CUDA_VISIBLE_DEVICES: [0]
[I 2023-11-30 05:01:02,303] Trial 141 finished with value: 5.795752048492432 and parameters: {'gradient_clip_val': 0.17481003565655065, 'hidden_size': 25, 'dropout': 0.26858572152193866, 'hidden_continuous_size': 17, 'attention_head_size': 4, 'learning_rate': 0.08846102184055453}. Best is trial 135 with value: 4.918747901916504.
LOCAL_RANK: 0 - CUDA_VISIBLE_DEVICES: [0]
[I 2023-11-30 05:01:15,313] Trial 142 finished with value: 6.386861324310303 and parameters: {'gradient_clip_val': 0.18251340616364295, 'hidden_size': 37, 'dropout': 0.2757960910601909, 'hidden_continuous_size': 20, 'attention_head_size': 4, 'learning_rate': 0.03741985893604849}. Best is trial 135 with value: 4.918747901916504.
LOCAL_RANK: 0 - CUDA_VISIBLE_DEVICES: [0]
[I 2023-11-30 05:01:27,859] Trial 143 finished with value: 6.658092021942139 and parameters: {'gradient_clip_val': 0.19108299613374344, 'hidden_size': 20, 'dropout': 0.2427159618301992, 'hidden_continuous_size': 13, 'attention_head_size': 4, 'learning_rate': 0.020446342418161397}. Best is trial 135 with value: 4.918747901916504.
LOCAL_RANK: 0 - CUDA_VISIBLE_DEVICES: [0]
[I 2023-11-30 05:01:40,826] Trial 144 finished with value: 6.424196720123291 and parameters: {'gradient_clip_val': 0.16734828076813366, 'hidden_size': 34, 'dropout': 0.32712648596621235, 'hidden_continuous_size': 18, 'attention_head_size': 4, 'learning_rate': 0.05492234769493749}. Best is trial 135 with value: 4.918747901916504.
LOCAL_RANK: 0 - CUDA_VISIBLE_DEVICES: [0]
[I 2023-11-30 05:01:53,441] Trial 145 finished with value: 6.832352161407471 and parameters: {'gradient_clip_val': 0.20153416478857458, 'hidden_size': 22, 'dropout': 0.290070541921866, 'hidden_continuous_size': 17, 'attention_head_size': 4, 'learning_rate': 0.08285798616689631}. Best is trial 135 with value: 4.918747901916504.
LOCAL_RANK: 0 - CUDA_VISIBLE_DEVICES: [0]
[I 2023-11-30 05:02:06,174] Trial 146 finished with value: 6.154433727264404 and parameters: {'gradient_clip_val': 0.36809941910705396, 'hidden_size': 26, 'dropout': 0.35164013270103706, 'hidden_continuous_size': 21, 'attention_head_size': 4, 'learning_rate': 0.07411386924715425}. Best is trial 135 with value: 4.918747901916504.
LOCAL_RANK: 0 - CUDA_VISIBLE_DEVICES: [0]
[I 2023-11-30 05:02:19,018] Trial 147 finished with value: 6.335397243499756 and parameters: {'gradient_clip_val': 0.15893036156754095, 'hidden_size': 31, 'dropout': 0.3377831936475984, 'hidden_continuous_size': 16, 'attention_head_size': 4, 'learning_rate': 0.04379820589170548}. Best is trial 135 with value: 4.918747901916504.
LOCAL_RANK: 0 - CUDA_VISIBLE_DEVICES: [0]
[I 2023-11-30 05:02:31,842] Trial 148 finished with value: 5.719667911529541 and parameters: {'gradient_clip_val': 0.1513111919324717, 'hidden_size': 23, 'dropout': 0.307306881018131, 'hidden_continuous_size': 17, 'attention_head_size': 4, 'learning_rate': 0.09867823797806333}. Best is trial 135 with value: 4.918747901916504.
LOCAL_RANK: 0 - CUDA_VISIBLE_DEVICES: [0]
[I 2023-11-30 05:02:44,779] Trial 149 finished with value: 6.354009628295898 and parameters: {'gradient_clip_val': 0.17254101941182995, 'hidden_size': 29, 'dropout': 0.3184557174310953, 'hidden_continuous_size': 18, 'attention_head_size': 4, 'learning_rate': 0.061249302396856636}. Best is trial 135 with value: 4.918747901916504.
[I 2023-11-30 05:02:44,892] A new study created in memory with name: no-name-b5f17bf2-a105-4e0c-a455-df76334d57c3
/home/le004/conda/anaconda3/envs/tsff_env/lib/python3.9/site-packages/lightning/fabric/plugins/environments/slurm.py:191: The `srun` command is available on your system but is not used. HINT: If your intention is to run Lightning on SLURM, prepend your python command with `srun` like so: srun python /home/le004/master_thesis/git/TSFusionForecast/code/ ...
LOCAL_RANK: 0 - CUDA_VISIBLE_DEVICES: [0]
[I 2023-11-30 05:02:57,217] Trial 0 finished with value: 5.997763156890869 and parameters: {'gradient_clip_val': 0.2694254100674533, 'hidden_size': 18, 'dropout': 0.23545934934396728, 'hidden_continuous_size': 14, 'attention_head_size': 2, 'learning_rate': 0.021098870900301676}. Best is trial 0 with value: 5.997763156890869.
LOCAL_RANK: 0 - CUDA_VISIBLE_DEVICES: [0]
[I 2023-11-30 05:03:09,386] Trial 1 finished with value: 6.963137149810791 and parameters: {'gradient_clip_val': 0.13930570406460452, 'hidden_size': 22, 'dropout': 0.12815467587770962, 'hidden_continuous_size': 15, 'attention_head_size': 1, 'learning_rate': 0.006710577982170427}. Best is trial 0 with value: 5.997763156890869.
LOCAL_RANK: 0 - CUDA_VISIBLE_DEVICES: [0]
[I 2023-11-30 05:03:22,672] Trial 2 finished with value: 6.408657073974609 and parameters: {'gradient_clip_val': 0.2234576990411785, 'hidden_size': 76, 'dropout': 0.36867135233312354, 'hidden_continuous_size': 13, 'attention_head_size': 2, 'learning_rate': 0.030201379737825846}. Best is trial 0 with value: 5.997763156890869.
LOCAL_RANK: 0 - CUDA_VISIBLE_DEVICES: [0]
[I 2023-11-30 05:03:35,849] Trial 3 finished with value: 6.747592926025391 and parameters: {'gradient_clip_val': 0.14302374335202103, 'hidden_size': 60, 'dropout': 0.29055990590156955, 'hidden_continuous_size': 12, 'attention_head_size': 2, 'learning_rate': 0.0037761211800218155}. Best is trial 0 with value: 5.997763156890869.
LOCAL_RANK: 0 - CUDA_VISIBLE_DEVICES: [0]
[I 2023-11-30 05:03:48,418] Trial 4 finished with value: 12.73693561553955 and parameters: {'gradient_clip_val': 0.27237505295360814, 'hidden_size': 30, 'dropout': 0.3246937990703811, 'hidden_continuous_size': 10, 'attention_head_size': 3, 'learning_rate': 0.003024067401866453}. Best is trial 0 with value: 5.997763156890869.
LOCAL_RANK: 0 - CUDA_VISIBLE_DEVICES: [0]
[I 2023-11-30 05:04:01,455] Trial 5 finished with value: 8.157965660095215 and parameters: {'gradient_clip_val': 0.3161976374992005, 'hidden_size': 60, 'dropout': 0.2766995006527872, 'hidden_continuous_size': 19, 'attention_head_size': 3, 'learning_rate': 0.0013244906891985836}. Best is trial 0 with value: 5.997763156890869.
LOCAL_RANK: 0 - CUDA_VISIBLE_DEVICES: [0]
[I 2023-11-30 05:04:13,982] Trial 6 finished with value: 5.901411533355713 and parameters: {'gradient_clip_val': 0.923526746631144, 'hidden_size': 26, 'dropout': 0.355234663449425, 'hidden_continuous_size': 18, 'attention_head_size': 3, 'learning_rate': 0.009369110002881292}. Best is trial 6 with value: 5.901411533355713.
LOCAL_RANK: 0 - CUDA_VISIBLE_DEVICES: [0]
[I 2023-11-30 05:04:26,370] Trial 7 finished with value: 7.734752655029297 and parameters: {'gradient_clip_val': 0.3193173484503197, 'hidden_size': 21, 'dropout': 0.18720548582552338, 'hidden_continuous_size': 13, 'attention_head_size': 3, 'learning_rate': 0.005719486602564623}. Best is trial 6 with value: 5.901411533355713.
LOCAL_RANK: 0 - CUDA_VISIBLE_DEVICES: [0]
[I 2023-11-30 05:04:41,084] Trial 8 finished with value: 6.942772388458252 and parameters: {'gradient_clip_val': 0.22868510130479125, 'hidden_size': 106, 'dropout': 0.38450074540298196, 'hidden_continuous_size': 101, 'attention_head_size': 3, 'learning_rate': 0.009078698472289705}. Best is trial 6 with value: 5.901411533355713.
LOCAL_RANK: 0 - CUDA_VISIBLE_DEVICES: [0]
[I 2023-11-30 05:04:53,415] Trial 9 finished with value: 7.7782511711120605 and parameters: {'gradient_clip_val': 0.40978632799910575, 'hidden_size': 14, 'dropout': 0.16481062144558645, 'hidden_continuous_size': 13, 'attention_head_size': 3, 'learning_rate': 0.018602996021699875}. Best is trial 6 with value: 5.901411533355713.
LOCAL_RANK: 0 - CUDA_VISIBLE_DEVICES: [0]
[I 2023-11-30 05:05:05,725] Trial 10 finished with value: 5.778970241546631 and parameters: {'gradient_clip_val': 0.8944981740598954, 'hidden_size': 12, 'dropout': 0.33578737937674286, 'hidden_continuous_size': 10, 'attention_head_size': 4, 'learning_rate': 0.0965690171855935}. Best is trial 10 with value: 5.778970241546631.
LOCAL_RANK: 0 - CUDA_VISIBLE_DEVICES: [0]
[I 2023-11-30 05:05:16,373] Trial 11 finished with value: 5.530801296234131 and parameters: {'gradient_clip_val': 0.8873052554102733, 'hidden_size': 10, 'dropout': 0.3329325881161038, 'hidden_continuous_size': 10, 'attention_head_size': 4, 'learning_rate': 0.09654826181568654}. Best is trial 11 with value: 5.530801296234131.
LOCAL_RANK: 0 - CUDA_VISIBLE_DEVICES: [0]
[I 2023-11-30 05:05:26,934] Trial 12 finished with value: 6.994478702545166 and parameters: {'gradient_clip_val': 0.9411293493082529, 'hidden_size': 10, 'dropout': 0.31946937216988486, 'hidden_continuous_size': 10, 'attention_head_size': 4, 'learning_rate': 0.08620501658958007}. Best is trial 11 with value: 5.530801296234131.
LOCAL_RANK: 0 - CUDA_VISIBLE_DEVICES: [0]
[I 2023-11-30 05:05:37,382] Trial 13 finished with value: 6.976295471191406 and parameters: {'gradient_clip_val': 0.6113223778332659, 'hidden_size': 10, 'dropout': 0.3999989174052971, 'hidden_continuous_size': 10, 'attention_head_size': 4, 'learning_rate': 0.09407755798656856}. Best is trial 11 with value: 5.530801296234131.
LOCAL_RANK: 0 - CUDA_VISIBLE_DEVICES: [0]
[I 2023-11-30 05:05:49,723] Trial 14 finished with value: 6.249212741851807 and parameters: {'gradient_clip_val': 0.6448783515265938, 'hidden_size': 14, 'dropout': 0.3402461056387746, 'hidden_continuous_size': 10, 'attention_head_size': 4, 'learning_rate': 0.04799617583097064}. Best is trial 11 with value: 5.530801296234131.
LOCAL_RANK: 0 - CUDA_VISIBLE_DEVICES: [0]
[I 2023-11-30 05:06:02,651] Trial 15 finished with value: 6.129310607910156 and parameters: {'gradient_clip_val': 0.6547056869501676, 'hidden_size': 38, 'dropout': 0.2956504024324153, 'hidden_continuous_size': 16, 'attention_head_size': 4, 'learning_rate': 0.051850973223023004}. Best is trial 11 with value: 5.530801296234131.
LOCAL_RANK: 0 - CUDA_VISIBLE_DEVICES: [0]
[I 2023-11-30 05:06:14,960] Trial 16 finished with value: 6.147703647613525 and parameters: {'gradient_clip_val': 0.9004256567489134, 'hidden_size': 14, 'dropout': 0.25031135537060645, 'hidden_continuous_size': 11, 'attention_head_size': 4, 'learning_rate': 0.09028633200100603}. Best is trial 11 with value: 5.530801296234131.
LOCAL_RANK: 0 - CUDA_VISIBLE_DEVICES: [0]
[I 2023-11-30 05:06:25,130] Trial 17 finished with value: 7.468576908111572 and parameters: {'gradient_clip_val': 0.49359088236814574, 'hidden_size': 10, 'dropout': 0.3541685821224468, 'hidden_continuous_size': 10, 'attention_head_size': 1, 'learning_rate': 0.044645120429708446}. Best is trial 11 with value: 5.530801296234131.
LOCAL_RANK: 0 - CUDA_VISIBLE_DEVICES: [0]
[I 2023-11-30 05:06:37,611] Trial 18 finished with value: 6.169747829437256 and parameters: {'gradient_clip_val': 0.7664310360436961, 'hidden_size': 16, 'dropout': 0.32356178954680564, 'hidden_continuous_size': 11, 'attention_head_size': 4, 'learning_rate': 0.021210692053780077}. Best is trial 11 with value: 5.530801296234131.
LOCAL_RANK: 0 - CUDA_VISIBLE_DEVICES: [0]
[I 2023-11-30 05:06:50,466] Trial 19 finished with value: 5.439520359039307 and parameters: {'gradient_clip_val': 0.5085583502973772, 'hidden_size': 35, 'dropout': 0.37449500155312904, 'hidden_continuous_size': 12, 'attention_head_size': 4, 'learning_rate': 0.058194437266609826}. Best is trial 19 with value: 5.439520359039307.
LOCAL_RANK: 0 - CUDA_VISIBLE_DEVICES: [0]
[I 2023-11-30 05:07:03,318] Trial 20 finished with value: 6.853555679321289 and parameters: {'gradient_clip_val': 0.4942727832974333, 'hidden_size': 37, 'dropout': 0.39688172050587445, 'hidden_continuous_size': 12, 'attention_head_size': 4, 'learning_rate': 0.03314954068311056}. Best is trial 19 with value: 5.439520359039307.
LOCAL_RANK: 0 - CUDA_VISIBLE_DEVICES: [0]
[I 2023-11-30 05:07:15,485] Trial 21 finished with value: 6.277909755706787 and parameters: {'gradient_clip_val': 0.7229316603537191, 'hidden_size': 12, 'dropout': 0.36235988503755884, 'hidden_continuous_size': 10, 'attention_head_size': 4, 'learning_rate': 0.06995452638225373}. Best is trial 19 with value: 5.439520359039307.
LOCAL_RANK: 0 - CUDA_VISIBLE_DEVICES: [0]
[I 2023-11-30 05:07:27,926] Trial 22 finished with value: 6.8345770835876465 and parameters: {'gradient_clip_val': 0.7919676432899656, 'hidden_size': 17, 'dropout': 0.37503022255049584, 'hidden_continuous_size': 11, 'attention_head_size': 4, 'learning_rate': 0.06317917768093474}. Best is trial 19 with value: 5.439520359039307.
LOCAL_RANK: 0 - CUDA_VISIBLE_DEVICES: [0]
[I 2023-11-30 05:07:40,125] Trial 23 finished with value: 5.918461322784424 and parameters: {'gradient_clip_val': 0.9627953080111338, 'hidden_size': 12, 'dropout': 0.34261868199191403, 'hidden_continuous_size': 10, 'attention_head_size': 4, 'learning_rate': 0.09635285837931279}. Best is trial 19 with value: 5.439520359039307.
LOCAL_RANK: 0 - CUDA_VISIBLE_DEVICES: [0]
[I 2023-11-30 05:07:52,580] Trial 24 finished with value: 6.395153045654297 and parameters: {'gradient_clip_val': 0.5964571876352631, 'hidden_size': 21, 'dropout': 0.3169317915959139, 'hidden_continuous_size': 11, 'attention_head_size': 3, 'learning_rate': 0.06011857102301278}. Best is trial 19 with value: 5.439520359039307.
LOCAL_RANK: 0 - CUDA_VISIBLE_DEVICES: [0]
[I 2023-11-30 05:08:07,117] Trial 25 finished with value: 5.513706207275391 and parameters: {'gradient_clip_val': 0.7968967165783615, 'hidden_size': 142, 'dropout': 0.3824950972559166, 'hidden_continuous_size': 20, 'attention_head_size': 4, 'learning_rate': 0.03818509141794769}. Best is trial 19 with value: 5.439520359039307.
LOCAL_RANK: 0 - CUDA_VISIBLE_DEVICES: [0]
[I 2023-11-30 05:08:21,407] Trial 26 finished with value: 6.525979518890381 and parameters: {'gradient_clip_val': 0.5325993387630316, 'hidden_size': 142, 'dropout': 0.3732266853216677, 'hidden_continuous_size': 22, 'attention_head_size': 3, 'learning_rate': 0.036359424280228335}. Best is trial 19 with value: 5.439520359039307.
LOCAL_RANK: 0 - CUDA_VISIBLE_DEVICES: [0]
[I 2023-11-30 05:08:34,532] Trial 27 finished with value: 6.6117095947265625 and parameters: {'gradient_clip_val': 0.7192694080363903, 'hidden_size': 47, 'dropout': 0.3968855848448089, 'hidden_continuous_size': 16, 'attention_head_size': 4, 'learning_rate': 0.06454202220810801}. Best is trial 19 with value: 5.439520359039307.
LOCAL_RANK: 0 - CUDA_VISIBLE_DEVICES: [0]
[I 2023-11-30 05:08:47,192] Trial 28 finished with value: 6.899516582489014 and parameters: {'gradient_clip_val': 0.7878833980444804, 'hidden_size': 29, 'dropout': 0.35497865099155096, 'hidden_continuous_size': 12, 'attention_head_size': 2, 'learning_rate': 0.04200937917304365}. Best is trial 19 with value: 5.439520359039307.
LOCAL_RANK: 0 - CUDA_VISIBLE_DEVICES: [0]
[I 2023-11-30 05:09:01,095] Trial 29 finished with value: 6.118290424346924 and parameters: {'gradient_clip_val': 0.5515950555060828, 'hidden_size': 91, 'dropout': 0.3812692326346397, 'hidden_continuous_size': 24, 'attention_head_size': 4, 'learning_rate': 0.025372435560918748}. Best is trial 19 with value: 5.439520359039307.
LOCAL_RANK: 0 - CUDA_VISIBLE_DEVICES: [0]
[I 2023-11-30 05:09:15,374] Trial 30 finished with value: 6.591348648071289 and parameters: {'gradient_clip_val': 0.4149284948484502, 'hidden_size': 134, 'dropout': 0.3044726939439721, 'hidden_continuous_size': 27, 'attention_head_size': 3, 'learning_rate': 0.0182870936258613}. Best is trial 19 with value: 5.439520359039307.
LOCAL_RANK: 0 - CUDA_VISIBLE_DEVICES: [0]
[I 2023-11-30 05:09:27,803] Trial 31 finished with value: 6.6582794189453125 and parameters: {'gradient_clip_val': 0.9912147317524563, 'hidden_size': 18, 'dropout': 0.3446832622951348, 'hidden_continuous_size': 11, 'attention_head_size': 4, 'learning_rate': 0.07479664473160877}. Best is trial 19 with value: 5.439520359039307.
LOCAL_RANK: 0 - CUDA_VISIBLE_DEVICES: [0]
[I 2023-11-30 05:09:40,275] Trial 32 finished with value: 5.942356586456299 and parameters: {'gradient_clip_val': 0.8094079269683121, 'hidden_size': 24, 'dropout': 0.3338853563931478, 'hidden_continuous_size': 11, 'attention_head_size': 4, 'learning_rate': 0.09984963298464918}. Best is trial 19 with value: 5.439520359039307.
LOCAL_RANK: 0 - CUDA_VISIBLE_DEVICES: [0]
[I 2023-11-30 05:09:52,351] Trial 33 finished with value: 6.651414394378662 and parameters: {'gradient_clip_val': 0.686521486221503, 'hidden_size': 20, 'dropout': 0.3621741251862804, 'hidden_continuous_size': 12, 'attention_head_size': 1, 'learning_rate': 0.055921424003610165}. Best is trial 19 with value: 5.439520359039307.
LOCAL_RANK: 0 - CUDA_VISIBLE_DEVICES: [0]
[I 2023-11-30 05:10:05,919] Trial 34 finished with value: 6.273305416107178 and parameters: {'gradient_clip_val': 0.84374587383533, 'hidden_size': 69, 'dropout': 0.3798512129259997, 'hidden_continuous_size': 15, 'attention_head_size': 4, 'learning_rate': 0.07167256282444188}. Best is trial 19 with value: 5.439520359039307.
LOCAL_RANK: 0 - CUDA_VISIBLE_DEVICES: [0]
[I 2023-11-30 05:10:18,863] Trial 35 finished with value: 6.338109493255615 and parameters: {'gradient_clip_val': 0.9974161832045195, 'hidden_size': 46, 'dropout': 0.3390787091349688, 'hidden_continuous_size': 14, 'attention_head_size': 2, 'learning_rate': 0.042164016025510585}. Best is trial 19 with value: 5.439520359039307.
LOCAL_RANK: 0 - CUDA_VISIBLE_DEVICES: [0]
[I 2023-11-30 05:10:32,526] Trial 36 finished with value: 6.750339984893799 and parameters: {'gradient_clip_val': 0.8421821473565826, 'hidden_size': 77, 'dropout': 0.3079005073797132, 'hidden_continuous_size': 14, 'attention_head_size': 4, 'learning_rate': 0.03053126298654928}. Best is trial 19 with value: 5.439520359039307.
LOCAL_RANK: 0 - CUDA_VISIBLE_DEVICES: [0]
[I 2023-11-30 05:10:45,007] Trial 37 finished with value: 6.2411789894104 and parameters: {'gradient_clip_val': 0.6990886978534063, 'hidden_size': 26, 'dropout': 0.27432116701272014, 'hidden_continuous_size': 11, 'attention_head_size': 3, 'learning_rate': 0.05024665944765861}. Best is trial 19 with value: 5.439520359039307.
LOCAL_RANK: 0 - CUDA_VISIBLE_DEVICES: [0]
[I 2023-11-30 05:10:59,324] Trial 38 finished with value: 5.8560051918029785 and parameters: {'gradient_clip_val': 0.5984159448933644, 'hidden_size': 115, 'dropout': 0.36696008724083556, 'hidden_continuous_size': 18, 'attention_head_size': 4, 'learning_rate': 0.07398602871263937}. Best is trial 19 with value: 5.439520359039307.
LOCAL_RANK: 0 - CUDA_VISIBLE_DEVICES: [0]
[I 2023-11-30 05:11:11,822] Trial 39 finished with value: 7.10698127746582 and parameters: {'gradient_clip_val': 0.8459204126071409, 'hidden_size': 19, 'dropout': 0.3284307892051813, 'hidden_continuous_size': 12, 'attention_head_size': 3, 'learning_rate': 0.015299203629794362}. Best is trial 19 with value: 5.439520359039307.
LOCAL_RANK: 0 - CUDA_VISIBLE_DEVICES: [0]
[I 2023-11-30 05:11:24,302] Trial 40 finished with value: 6.74933385848999 and parameters: {'gradient_clip_val': 0.7160946361077456, 'hidden_size': 23, 'dropout': 0.2856056695276966, 'hidden_continuous_size': 10, 'attention_head_size': 4, 'learning_rate': 0.036238026905102846}. Best is trial 19 with value: 5.439520359039307.
LOCAL_RANK: 0 - CUDA_VISIBLE_DEVICES: [0]
[I 2023-11-30 05:11:38,347] Trial 41 finished with value: 6.0264739990234375 and parameters: {'gradient_clip_val': 0.5835927610536158, 'hidden_size': 124, 'dropout': 0.3619916165883981, 'hidden_continuous_size': 17, 'attention_head_size': 4, 'learning_rate': 0.0767973046844294}. Best is trial 19 with value: 5.439520359039307.
LOCAL_RANK: 0 - CUDA_VISIBLE_DEVICES: [0]
[I 2023-11-30 05:11:52,442] Trial 42 finished with value: 5.803879261016846 and parameters: {'gradient_clip_val': 0.631751301684618, 'hidden_size': 114, 'dropout': 0.370457723305006, 'hidden_continuous_size': 19, 'attention_head_size': 4, 'learning_rate': 0.05958217053591435}. Best is trial 19 with value: 5.439520359039307.
LOCAL_RANK: 0 - CUDA_VISIBLE_DEVICES: [0]
[I 2023-11-30 05:12:06,731] Trial 43 finished with value: 6.257802486419678 and parameters: {'gradient_clip_val': 0.8822280559131819, 'hidden_size': 109, 'dropout': 0.3886666980862253, 'hidden_continuous_size': 20, 'attention_head_size': 4, 'learning_rate': 0.055824967296039994}. Best is trial 19 with value: 5.439520359039307.
LOCAL_RANK: 0 - CUDA_VISIBLE_DEVICES: [0]
[I 2023-11-30 05:12:20,523] Trial 44 finished with value: 6.937455654144287 and parameters: {'gradient_clip_val': 0.6655233731607123, 'hidden_size': 98, 'dropout': 0.3505216098686951, 'hidden_continuous_size': 15, 'attention_head_size': 4, 'learning_rate': 0.09956740709708325}. Best is trial 19 with value: 5.439520359039307.
LOCAL_RANK: 0 - CUDA_VISIBLE_DEVICES: [0]
[I 2023-11-30 05:12:34,649] Trial 45 finished with value: 6.3196234703063965 and parameters: {'gradient_clip_val': 0.753746546086235, 'hidden_size': 132, 'dropout': 0.3837693286254402, 'hidden_continuous_size': 14, 'attention_head_size': 3, 'learning_rate': 0.06149895219464329}. Best is trial 19 with value: 5.439520359039307.
LOCAL_RANK: 0 - CUDA_VISIBLE_DEVICES: [0]
[I 2023-11-30 05:12:48,353] Trial 46 finished with value: 7.160139560699463 and parameters: {'gradient_clip_val': 0.85590510793611, 'hidden_size': 87, 'dropout': 0.37050920200534115, 'hidden_continuous_size': 21, 'attention_head_size': 4, 'learning_rate': 0.07897079355228438}. Best is trial 19 with value: 5.439520359039307.
LOCAL_RANK: 0 - CUDA_VISIBLE_DEVICES: [0]
