[I 2023-11-29 23:59:48,555] Trial 149 finished with value: 22.38196563720703 and parameters: {'gradient_clip_val': 0.5594807745561935, 'hidden_size': 56, 'dropout': 0.16102027667532515, 'hidden_continuous_size': 35, 'attention_head_size': 1, 'learning_rate': 0.04871723852358254}. Best is trial 63 with value: 13.339756965637207.
[I 2023-11-29 23:59:48,675] A new study created in memory with name: no-name-174294b8-5a8c-459b-a376-2b58f072f2ba
/home/le004/conda/anaconda3/envs/tsff_env/lib/python3.9/site-packages/lightning/fabric/plugins/environments/slurm.py:191: The `srun` command is available on your system but is not used. HINT: If your intention is to run Lightning on SLURM, prepend your python command with `srun` like so: srun python /home/le004/master_thesis/git/TSFusionForecast/code/ ...
LOCAL_RANK: 0 - CUDA_VISIBLE_DEVICES: [0]
[I 2023-11-30 00:00:00,949] Trial 0 finished with value: 10.737640380859375 and parameters: {'gradient_clip_val': 0.9417487821553049, 'hidden_size': 11, 'dropout': 0.33373187045853203, 'hidden_continuous_size': 10, 'attention_head_size': 4, 'learning_rate': 0.0018678114128060145}. Best is trial 0 with value: 10.737640380859375.
LOCAL_RANK: 0 - CUDA_VISIBLE_DEVICES: [0]
[I 2023-11-30 00:00:13,785] Trial 1 finished with value: 3.738862991333008 and parameters: {'gradient_clip_val': 0.10144688985709933, 'hidden_size': 64, 'dropout': 0.21120109077183757, 'hidden_continuous_size': 11, 'attention_head_size': 2, 'learning_rate': 0.003641824446410552}. Best is trial 1 with value: 3.738862991333008.
LOCAL_RANK: 0 - CUDA_VISIBLE_DEVICES: [0]
[I 2023-11-30 00:00:26,124] Trial 2 finished with value: 10.102165222167969 and parameters: {'gradient_clip_val': 0.2721048366031792, 'hidden_size': 13, 'dropout': 0.11550854521348744, 'hidden_continuous_size': 10, 'attention_head_size': 2, 'learning_rate': 0.001131260344079209}. Best is trial 1 with value: 3.738862991333008.
LOCAL_RANK: 0 - CUDA_VISIBLE_DEVICES: [0]
[I 2023-11-30 00:00:39,072] Trial 3 finished with value: 6.409940719604492 and parameters: {'gradient_clip_val': 0.2485453956888733, 'hidden_size': 30, 'dropout': 0.371361996723362, 'hidden_continuous_size': 28, 'attention_head_size': 4, 'learning_rate': 0.0020185644869879595}. Best is trial 1 with value: 3.738862991333008.
LOCAL_RANK: 0 - CUDA_VISIBLE_DEVICES: [0]
[I 2023-11-30 00:00:51,523] Trial 4 finished with value: 6.11309814453125 and parameters: {'gradient_clip_val': 0.6157667163842704, 'hidden_size': 30, 'dropout': 0.39885403299219724, 'hidden_continuous_size': 13, 'attention_head_size': 2, 'learning_rate': 0.0029764243341716618}. Best is trial 1 with value: 3.738862991333008.
LOCAL_RANK: 0 - CUDA_VISIBLE_DEVICES: [0]
[I 2023-11-30 00:01:05,925] Trial 5 finished with value: 4.911867618560791 and parameters: {'gradient_clip_val': 0.12048037370629013, 'hidden_size': 128, 'dropout': 0.2381913883196683, 'hidden_continuous_size': 105, 'attention_head_size': 2, 'learning_rate': 0.0016187065211791286}. Best is trial 1 with value: 3.738862991333008.
LOCAL_RANK: 0 - CUDA_VISIBLE_DEVICES: [0]
[I 2023-11-30 00:01:16,276] Trial 6 finished with value: 4.113523006439209 and parameters: {'gradient_clip_val': 0.2076631772489917, 'hidden_size': 12, 'dropout': 0.2815547303685071, 'hidden_continuous_size': 12, 'attention_head_size': 2, 'learning_rate': 0.014382902398777596}. Best is trial 1 with value: 3.738862991333008.
LOCAL_RANK: 0 - CUDA_VISIBLE_DEVICES: [0]
[I 2023-11-30 00:01:28,933] Trial 7 finished with value: 7.330602645874023 and parameters: {'gradient_clip_val': 0.3331942399998318, 'hidden_size': 32, 'dropout': 0.2603006725468069, 'hidden_continuous_size': 21, 'attention_head_size': 2, 'learning_rate': 0.0024322243782691324}. Best is trial 1 with value: 3.738862991333008.
LOCAL_RANK: 0 - CUDA_VISIBLE_DEVICES: [0]
[I 2023-11-30 00:01:41,263] Trial 8 finished with value: 3.7086870670318604 and parameters: {'gradient_clip_val': 0.40011157301904837, 'hidden_size': 15, 'dropout': 0.21501540932418442, 'hidden_continuous_size': 12, 'attention_head_size': 3, 'learning_rate': 0.09281195230896733}. Best is trial 8 with value: 3.7086870670318604.
LOCAL_RANK: 0 - CUDA_VISIBLE_DEVICES: [0]
[I 2023-11-30 00:01:53,796] Trial 9 finished with value: 3.84958815574646 and parameters: {'gradient_clip_val': 0.4266554246831211, 'hidden_size': 26, 'dropout': 0.13701237092858695, 'hidden_continuous_size': 16, 'attention_head_size': 4, 'learning_rate': 0.029454904285176418}. Best is trial 8 with value: 3.7086870670318604.
LOCAL_RANK: 0 - CUDA_VISIBLE_DEVICES: [0]
[I 2023-11-30 00:02:06,179] Trial 10 finished with value: 4.162919998168945 and parameters: {'gradient_clip_val': 0.49962680981435836, 'hidden_size': 19, 'dropout': 0.18713465595344608, 'hidden_continuous_size': 11, 'attention_head_size': 3, 'learning_rate': 0.09416302095168604}. Best is trial 8 with value: 3.7086870670318604.
LOCAL_RANK: 0 - CUDA_VISIBLE_DEVICES: [0]
[I 2023-11-30 00:02:19,231] Trial 11 finished with value: 3.4022605419158936 and parameters: {'gradient_clip_val': 0.11393740488308644, 'hidden_size': 59, 'dropout': 0.19297398616789357, 'hidden_continuous_size': 16, 'attention_head_size': 1, 'learning_rate': 0.005724288324587037}. Best is trial 11 with value: 3.4022605419158936.
LOCAL_RANK: 0 - CUDA_VISIBLE_DEVICES: [0]
[I 2023-11-30 00:02:32,268] Trial 12 finished with value: 3.585444211959839 and parameters: {'gradient_clip_val': 0.18532293950071546, 'hidden_size': 50, 'dropout': 0.17972999755926672, 'hidden_continuous_size': 16, 'attention_head_size': 1, 'learning_rate': 0.007056553358304293}. Best is trial 11 with value: 3.4022605419158936.
LOCAL_RANK: 0 - CUDA_VISIBLE_DEVICES: [0]
[I 2023-11-30 00:02:45,299] Trial 13 finished with value: 3.496351957321167 and parameters: {'gradient_clip_val': 0.15769556952949135, 'hidden_size': 54, 'dropout': 0.16600198624574786, 'hidden_continuous_size': 17, 'attention_head_size': 1, 'learning_rate': 0.006429459665683369}. Best is trial 11 with value: 3.4022605419158936.
LOCAL_RANK: 0 - CUDA_VISIBLE_DEVICES: [0]
[I 2023-11-30 00:02:58,665] Trial 14 finished with value: 4.299103736877441 and parameters: {'gradient_clip_val': 0.14563404259562437, 'hidden_size': 68, 'dropout': 0.14914981001672972, 'hidden_continuous_size': 23, 'attention_head_size': 1, 'learning_rate': 0.006929143771476277}. Best is trial 11 with value: 3.4022605419158936.
LOCAL_RANK: 0 - CUDA_VISIBLE_DEVICES: [0]
[I 2023-11-30 00:03:11,536] Trial 15 finished with value: 3.9457051753997803 and parameters: {'gradient_clip_val': 0.16217602511377363, 'hidden_size': 47, 'dropout': 0.10059965444566926, 'hidden_continuous_size': 16, 'attention_head_size': 1, 'learning_rate': 0.004959364735824164}. Best is trial 11 with value: 3.4022605419158936.
LOCAL_RANK: 0 - CUDA_VISIBLE_DEVICES: [0]
[I 2023-11-30 00:03:25,355] Trial 16 finished with value: 4.0859856605529785 and parameters: {'gradient_clip_val': 0.10149567759178776, 'hidden_size': 91, 'dropout': 0.16919558668430884, 'hidden_continuous_size': 39, 'attention_head_size': 1, 'learning_rate': 0.012092790511427625}. Best is trial 11 with value: 3.4022605419158936.
LOCAL_RANK: 0 - CUDA_VISIBLE_DEVICES: [0]
[I 2023-11-30 00:03:38,234] Trial 17 finished with value: 3.5087616443634033 and parameters: {'gradient_clip_val': 0.13822155598487496, 'hidden_size': 42, 'dropout': 0.13770917366119656, 'hidden_continuous_size': 14, 'attention_head_size': 1, 'learning_rate': 0.004533248663166671}. Best is trial 11 with value: 3.4022605419158936.
LOCAL_RANK: 0 - CUDA_VISIBLE_DEVICES: [0]
[I 2023-11-30 00:03:51,733] Trial 18 finished with value: 3.2677509784698486 and parameters: {'gradient_clip_val': 0.18657755169248347, 'hidden_size': 89, 'dropout': 0.20242311764323961, 'hidden_continuous_size': 19, 'attention_head_size': 1, 'learning_rate': 0.018174850168349254}. Best is trial 18 with value: 3.2677509784698486.
LOCAL_RANK: 0 - CUDA_VISIBLE_DEVICES: [0]
[I 2023-11-30 00:04:06,026] Trial 19 finished with value: 3.834871292114258 and parameters: {'gradient_clip_val': 0.21201440735278368, 'hidden_size': 142, 'dropout': 0.20952083932453425, 'hidden_continuous_size': 34, 'attention_head_size': 3, 'learning_rate': 0.023630332207439236}. Best is trial 18 with value: 3.2677509784698486.
LOCAL_RANK: 0 - CUDA_VISIBLE_DEVICES: [0]
[I 2023-11-30 00:04:19,519] Trial 20 finished with value: 3.6662566661834717 and parameters: {'gradient_clip_val': 0.13201303897979932, 'hidden_size': 92, 'dropout': 0.27794201596392415, 'hidden_continuous_size': 22, 'attention_head_size': 1, 'learning_rate': 0.010305495232121336}. Best is trial 18 with value: 3.2677509784698486.
LOCAL_RANK: 0 - CUDA_VISIBLE_DEVICES: [0]
[I 2023-11-30 00:04:32,688] Trial 21 finished with value: 3.462895631790161 and parameters: {'gradient_clip_val': 0.16531211857914935, 'hidden_size': 62, 'dropout': 0.17844600225849536, 'hidden_continuous_size': 17, 'attention_head_size': 1, 'learning_rate': 0.006608468060675334}. Best is trial 18 with value: 3.2677509784698486.
LOCAL_RANK: 0 - CUDA_VISIBLE_DEVICES: [0]
[I 2023-11-30 00:04:46,384] Trial 22 finished with value: 3.5034854412078857 and parameters: {'gradient_clip_val': 0.17903057812381407, 'hidden_size': 82, 'dropout': 0.18849109401732575, 'hidden_continuous_size': 19, 'attention_head_size': 1, 'learning_rate': 0.003501876345085298}. Best is trial 18 with value: 3.2677509784698486.
LOCAL_RANK: 0 - CUDA_VISIBLE_DEVICES: [0]
[I 2023-11-30 00:04:59,696] Trial 23 finished with value: 3.310368776321411 and parameters: {'gradient_clip_val': 0.12039556474629873, 'hidden_size': 65, 'dropout': 0.2322702676922929, 'hidden_continuous_size': 19, 'attention_head_size': 1, 'learning_rate': 0.016338831108928583}. Best is trial 18 with value: 3.2677509784698486.
LOCAL_RANK: 0 - CUDA_VISIBLE_DEVICES: [0]
[I 2023-11-30 00:05:13,498] Trial 24 finished with value: 3.221280813217163 and parameters: {'gradient_clip_val': 0.11357738267183064, 'hidden_size': 107, 'dropout': 0.2283528987334906, 'hidden_continuous_size': 24, 'attention_head_size': 1, 'learning_rate': 0.017828990956275746}. Best is trial 24 with value: 3.221280813217163.
LOCAL_RANK: 0 - CUDA_VISIBLE_DEVICES: [0]
[I 2023-11-30 00:05:27,499] Trial 25 finished with value: 4.900177001953125 and parameters: {'gradient_clip_val': 0.1289610790915234, 'hidden_size': 110, 'dropout': 0.23338253022380503, 'hidden_continuous_size': 27, 'attention_head_size': 2, 'learning_rate': 0.01947540017122368}. Best is trial 24 with value: 3.221280813217163.
LOCAL_RANK: 0 - CUDA_VISIBLE_DEVICES: [0]
[I 2023-11-30 00:05:41,032] Trial 26 finished with value: 5.265230655670166 and parameters: {'gradient_clip_val': 0.1159475466027053, 'hidden_size': 77, 'dropout': 0.2523409428637625, 'hidden_continuous_size': 20, 'attention_head_size': 1, 'learning_rate': 0.03585743174370141}. Best is trial 24 with value: 3.221280813217163.
LOCAL_RANK: 0 - CUDA_VISIBLE_DEVICES: [0]
[I 2023-11-30 00:05:55,290] Trial 27 finished with value: 5.055630207061768 and parameters: {'gradient_clip_val': 0.13786518922604352, 'hidden_size': 109, 'dropout': 0.22994838397884831, 'hidden_continuous_size': 26, 'attention_head_size': 2, 'learning_rate': 0.01630063735598009}. Best is trial 24 with value: 3.221280813217163.
LOCAL_RANK: 0 - CUDA_VISIBLE_DEVICES: [0]
[I 2023-11-30 00:06:08,651] Trial 28 finished with value: 3.579846143722534 and parameters: {'gradient_clip_val': 0.10205596347540166, 'hidden_size': 74, 'dropout': 0.2788631499564528, 'hidden_continuous_size': 24, 'attention_head_size': 1, 'learning_rate': 0.010065651087068259}. Best is trial 24 with value: 3.221280813217163.
LOCAL_RANK: 0 - CUDA_VISIBLE_DEVICES: [0]
[I 2023-11-30 00:06:22,602] Trial 29 finished with value: 3.6457386016845703 and parameters: {'gradient_clip_val': 0.20066944297623554, 'hidden_size': 109, 'dropout': 0.3118925167093183, 'hidden_continuous_size': 34, 'attention_head_size': 3, 'learning_rate': 0.04064199302298547}. Best is trial 24 with value: 3.221280813217163.
LOCAL_RANK: 0 - CUDA_VISIBLE_DEVICES: [0]
[I 2023-11-30 00:06:36,182] Trial 30 finished with value: 4.321465969085693 and parameters: {'gradient_clip_val': 0.14961979990888688, 'hidden_size': 87, 'dropout': 0.2133660267080484, 'hidden_continuous_size': 24, 'attention_head_size': 1, 'learning_rate': 0.01459628608959072}. Best is trial 24 with value: 3.221280813217163.
LOCAL_RANK: 0 - CUDA_VISIBLE_DEVICES: [0]
[I 2023-11-30 00:06:49,291] Trial 31 finished with value: 4.022739887237549 and parameters: {'gradient_clip_val': 0.11614336075093702, 'hidden_size': 57, 'dropout': 0.20060342316442506, 'hidden_continuous_size': 18, 'attention_head_size': 1, 'learning_rate': 0.0203884341651454}. Best is trial 24 with value: 3.221280813217163.
LOCAL_RANK: 0 - CUDA_VISIBLE_DEVICES: [0]
[I 2023-11-30 00:07:02,518] Trial 32 finished with value: 4.968390941619873 and parameters: {'gradient_clip_val': 0.12186310145433936, 'hidden_size': 66, 'dropout': 0.2239242460932229, 'hidden_continuous_size': 14, 'attention_head_size': 1, 'learning_rate': 0.009366210474848811}. Best is trial 24 with value: 3.221280813217163.
LOCAL_RANK: 0 - CUDA_VISIBLE_DEVICES: [0]
[I 2023-11-30 00:07:15,731] Trial 33 finished with value: 3.093480348587036 and parameters: {'gradient_clip_val': 0.10678352461623547, 'hidden_size': 58, 'dropout': 0.19728889423712967, 'hidden_continuous_size': 19, 'attention_head_size': 2, 'learning_rate': 0.012513170363978877}. Best is trial 33 with value: 3.093480348587036.
LOCAL_RANK: 0 - CUDA_VISIBLE_DEVICES: [0]
[I 2023-11-30 00:07:29,186] Trial 34 finished with value: 3.8238675594329834 and parameters: {'gradient_clip_val': 0.1004514362341846, 'hidden_size': 72, 'dropout': 0.2041835221151842, 'hidden_continuous_size': 19, 'attention_head_size': 2, 'learning_rate': 0.017153147230780083}. Best is trial 33 with value: 3.093480348587036.
LOCAL_RANK: 0 - CUDA_VISIBLE_DEVICES: [0]
[I 2023-11-30 00:07:41,992] Trial 35 finished with value: 3.3777647018432617 and parameters: {'gradient_clip_val': 0.2429594433753643, 'hidden_size': 44, 'dropout': 0.2437824196581037, 'hidden_continuous_size': 21, 'attention_head_size': 2, 'learning_rate': 0.025632163784465402}. Best is trial 33 with value: 3.093480348587036.
LOCAL_RANK: 0 - CUDA_VISIBLE_DEVICES: [0]
[I 2023-11-30 00:07:56,282] Trial 36 finished with value: 3.3287880420684814 and parameters: {'gradient_clip_val': 0.14631491841515964, 'hidden_size': 150, 'dropout': 0.2229890624108359, 'hidden_continuous_size': 31, 'attention_head_size': 2, 'learning_rate': 0.01305776627957085}. Best is trial 33 with value: 3.093480348587036.
LOCAL_RANK: 0 - CUDA_VISIBLE_DEVICES: [0]
[I 2023-11-30 00:08:10,192] Trial 37 finished with value: 4.738588809967041 and parameters: {'gradient_clip_val': 0.12852005542594439, 'hidden_size': 97, 'dropout': 0.25751717350242104, 'hidden_continuous_size': 14, 'attention_head_size': 4, 'learning_rate': 0.008627933801201805}. Best is trial 33 with value: 3.093480348587036.
LOCAL_RANK: 0 - CUDA_VISIBLE_DEVICES: [0]
[I 2023-11-30 00:08:23,340] Trial 38 finished with value: 3.9767558574676514 and parameters: {'gradient_clip_val': 0.17138101049649362, 'hidden_size': 53, 'dropout': 0.2413162927109701, 'hidden_continuous_size': 20, 'attention_head_size': 2, 'learning_rate': 0.012920642969625263}. Best is trial 33 with value: 3.093480348587036.
LOCAL_RANK: 0 - CUDA_VISIBLE_DEVICES: [0]
[I 2023-11-30 00:08:37,454] Trial 39 finished with value: 3.673151731491089 and parameters: {'gradient_clip_val': 0.11164096872582946, 'hidden_size': 125, 'dropout': 0.19583275338872794, 'hidden_continuous_size': 29, 'attention_head_size': 2, 'learning_rate': 0.019878947153232386}. Best is trial 33 with value: 3.093480348587036.
LOCAL_RANK: 0 - CUDA_VISIBLE_DEVICES: [0]
[I 2023-11-30 00:08:50,970] Trial 40 finished with value: 3.4644699096679688 and parameters: {'gradient_clip_val': 0.1464388112128444, 'hidden_size': 80, 'dropout': 0.21351718167670175, 'hidden_continuous_size': 25, 'attention_head_size': 3, 'learning_rate': 0.030251970891424246}. Best is trial 33 with value: 3.093480348587036.
LOCAL_RANK: 0 - CUDA_VISIBLE_DEVICES: [0]
[I 2023-11-30 00:09:05,229] Trial 41 finished with value: 3.793226957321167 and parameters: {'gradient_clip_val': 0.1349265307644009, 'hidden_size': 148, 'dropout': 0.2256051663302329, 'hidden_continuous_size': 29, 'attention_head_size': 2, 'learning_rate': 0.012726821785831656}. Best is trial 33 with value: 3.093480348587036.
LOCAL_RANK: 0 - CUDA_VISIBLE_DEVICES: [0]
[I 2023-11-30 00:09:19,470] Trial 42 finished with value: 3.6101410388946533 and parameters: {'gradient_clip_val': 0.15308467200595116, 'hidden_size': 125, 'dropout': 0.22328326514949076, 'hidden_continuous_size': 41, 'attention_head_size': 2, 'learning_rate': 0.01518684063136706}. Best is trial 33 with value: 3.093480348587036.
LOCAL_RANK: 0 - CUDA_VISIBLE_DEVICES: [0]
[I 2023-11-30 00:09:33,346] Trial 43 finished with value: 3.458693742752075 and parameters: {'gradient_clip_val': 0.11253825593931421, 'hidden_size': 98, 'dropout': 0.24383843155206347, 'hidden_continuous_size': 22, 'attention_head_size': 2, 'learning_rate': 0.011885872673212583}. Best is trial 33 with value: 3.093480348587036.
LOCAL_RANK: 0 - CUDA_VISIBLE_DEVICES: [0]
[I 2023-11-30 00:09:46,663] Trial 44 finished with value: 3.2979400157928467 and parameters: {'gradient_clip_val': 0.18294404212201468, 'hidden_size': 64, 'dropout': 0.20590913796740248, 'hidden_continuous_size': 21, 'attention_head_size': 3, 'learning_rate': 0.0081241904983699}. Best is trial 33 with value: 3.093480348587036.
LOCAL_RANK: 0 - CUDA_VISIBLE_DEVICES: [0]
[I 2023-11-30 00:09:59,995] Trial 45 finished with value: 2.8982410430908203 and parameters: {'gradient_clip_val': 0.18968155208770152, 'hidden_size': 61, 'dropout': 0.20213051374209057, 'hidden_continuous_size': 18, 'attention_head_size': 3, 'learning_rate': 0.00835327854542769}. Best is trial 45 with value: 2.8982410430908203.
LOCAL_RANK: 0 - CUDA_VISIBLE_DEVICES: [0]
[I 2023-11-30 00:10:13,534] Trial 46 finished with value: 4.398538112640381 and parameters: {'gradient_clip_val': 0.2793568979280885, 'hidden_size': 57, 'dropout': 0.19956165667541084, 'hidden_continuous_size': 22, 'attention_head_size': 3, 'learning_rate': 0.007768870454891384}. Best is trial 45 with value: 2.8982410430908203.
LOCAL_RANK: 0 - CUDA_VISIBLE_DEVICES: [0]
[I 2023-11-30 00:10:27,069] Trial 47 finished with value: 3.5029067993164062 and parameters: {'gradient_clip_val': 0.19218854579915912, 'hidden_size': 73, 'dropout': 0.15847031274189374, 'hidden_continuous_size': 18, 'attention_head_size': 3, 'learning_rate': 0.008613026197549167}. Best is trial 45 with value: 2.8982410430908203.
LOCAL_RANK: 0 - CUDA_VISIBLE_DEVICES: [0]
[I 2023-11-30 00:10:40,110] Trial 48 finished with value: 3.8382301330566406 and parameters: {'gradient_clip_val': 0.1969064350808659, 'hidden_size': 38, 'dropout': 0.18137812738558995, 'hidden_continuous_size': 20, 'attention_head_size': 4, 'learning_rate': 0.010656038099688039}. Best is trial 45 with value: 2.8982410430908203.
LOCAL_RANK: 0 - CUDA_VISIBLE_DEVICES: [0]
[I 2023-11-30 00:10:53,313] Trial 49 finished with value: 3.941282033920288 and parameters: {'gradient_clip_val': 0.16852915357023182, 'hidden_size': 51, 'dropout': 0.19781077461784458, 'hidden_continuous_size': 24, 'attention_head_size': 3, 'learning_rate': 0.005477145333451261}. Best is trial 45 with value: 2.8982410430908203.
LOCAL_RANK: 0 - CUDA_VISIBLE_DEVICES: [0]
[I 2023-11-30 00:11:06,509] Trial 50 finished with value: 4.2309770584106445 and parameters: {'gradient_clip_val': 0.24264026169261932, 'hidden_size': 62, 'dropout': 0.176435857327793, 'hidden_continuous_size': 15, 'attention_head_size': 3, 'learning_rate': 0.007901886357737736}. Best is trial 45 with value: 2.8982410430908203.
LOCAL_RANK: 0 - CUDA_VISIBLE_DEVICES: [0]
[I 2023-11-30 00:11:20,221] Trial 51 finished with value: 3.575446128845215 and parameters: {'gradient_clip_val': 0.12497645469199163, 'hidden_size': 67, 'dropout': 0.2128971159442645, 'hidden_continuous_size': 18, 'attention_head_size': 3, 'learning_rate': 0.01684725822570534}. Best is trial 45 with value: 2.8982410430908203.
LOCAL_RANK: 0 - CUDA_VISIBLE_DEVICES: [0]
[I 2023-11-30 00:11:33,972] Trial 52 finished with value: 3.3528411388397217 and parameters: {'gradient_clip_val': 0.22014930716753983, 'hidden_size': 81, 'dropout': 0.1843227076263087, 'hidden_continuous_size': 21, 'attention_head_size': 3, 'learning_rate': 0.010529938408275}. Best is trial 45 with value: 2.8982410430908203.
LOCAL_RANK: 0 - CUDA_VISIBLE_DEVICES: [0]
[I 2023-11-30 00:11:47,190] Trial 53 finished with value: 3.21117901802063 and parameters: {'gradient_clip_val': 0.16028913643831066, 'hidden_size': 61, 'dropout': 0.23349731340425453, 'hidden_continuous_size': 17, 'attention_head_size': 4, 'learning_rate': 0.014290697016256761}. Best is trial 45 with value: 2.8982410430908203.
LOCAL_RANK: 0 - CUDA_VISIBLE_DEVICES: [0]
[I 2023-11-30 00:12:00,262] Trial 54 finished with value: 3.22292160987854 and parameters: {'gradient_clip_val': 0.17968434046609175, 'hidden_size': 46, 'dropout': 0.20401686994819213, 'hidden_continuous_size': 17, 'attention_head_size': 4, 'learning_rate': 0.006736417842921071}. Best is trial 45 with value: 2.8982410430908203.
LOCAL_RANK: 0 - CUDA_VISIBLE_DEVICES: [0]
[I 2023-11-30 00:12:13,350] Trial 55 finished with value: 4.732783794403076 and parameters: {'gradient_clip_val': 0.1573340672945701, 'hidden_size': 47, 'dropout': 0.19252020835017603, 'hidden_continuous_size': 17, 'attention_head_size': 4, 'learning_rate': 0.004114780182496515}. Best is trial 45 with value: 2.8982410430908203.
LOCAL_RANK: 0 - CUDA_VISIBLE_DEVICES: [0]
