[I 2023-11-30 10:46:15,387] Trial 67 finished with value: 1723.6236572265625 and parameters: {'gradient_clip_val': 0.5682483601809736, 'hidden_size': 27, 'dropout': 0.36820811071054627, 'hidden_continuous_size': 16, 'attention_head_size': 3, 'learning_rate': 0.005651862301271359}. Best is trial 42 with value: 1103.8577880859375.
LOCAL_RANK: 0 - CUDA_VISIBLE_DEVICES: [0]
[I 2023-11-30 10:46:28,786] Trial 68 finished with value: 1069.50537109375 and parameters: {'gradient_clip_val': 0.42408168682951225, 'hidden_size': 35, 'dropout': 0.3481712335701901, 'hidden_continuous_size': 17, 'attention_head_size': 4, 'learning_rate': 0.007680627993330977}. Best is trial 68 with value: 1069.50537109375.
LOCAL_RANK: 0 - CUDA_VISIBLE_DEVICES: [0]
[I 2023-11-30 10:46:42,177] Trial 69 finished with value: 1864.6295166015625 and parameters: {'gradient_clip_val': 0.4396838782777892, 'hidden_size': 35, 'dropout': 0.37372542913180434, 'hidden_continuous_size': 17, 'attention_head_size': 4, 'learning_rate': 0.008038953958039143}. Best is trial 68 with value: 1069.50537109375.
LOCAL_RANK: 0 - CUDA_VISIBLE_DEVICES: [0]
[I 2023-11-30 10:46:55,771] Trial 70 finished with value: 1423.8936767578125 and parameters: {'gradient_clip_val': 0.5108386616127197, 'hidden_size': 41, 'dropout': 0.3115999313767972, 'hidden_continuous_size': 15, 'attention_head_size': 4, 'learning_rate': 0.01525523341798255}. Best is trial 68 with value: 1069.50537109375.
LOCAL_RANK: 0 - CUDA_VISIBLE_DEVICES: [0]
[I 2023-11-30 10:47:08,968] Trial 71 finished with value: 1743.8372802734375 and parameters: {'gradient_clip_val': 0.4236049172952339, 'hidden_size': 29, 'dropout': 0.34762095318055497, 'hidden_continuous_size': 18, 'attention_head_size': 4, 'learning_rate': 0.007441078669085567}. Best is trial 68 with value: 1069.50537109375.
LOCAL_RANK: 0 - CUDA_VISIBLE_DEVICES: [0]
[I 2023-11-30 10:47:22,508] Trial 72 finished with value: 1493.048828125 and parameters: {'gradient_clip_val': 0.5244405923014929, 'hidden_size': 51, 'dropout': 0.32275045836960253, 'hidden_continuous_size': 14, 'attention_head_size': 4, 'learning_rate': 0.010120928967495989}. Best is trial 68 with value: 1069.50537109375.
LOCAL_RANK: 0 - CUDA_VISIBLE_DEVICES: [0]
[I 2023-11-30 10:47:35,649] Trial 73 finished with value: 2686.7177734375 and parameters: {'gradient_clip_val': 0.46707829488619484, 'hidden_size': 38, 'dropout': 0.3359288194702226, 'hidden_continuous_size': 12, 'attention_head_size': 3, 'learning_rate': 0.0033713782770084496}. Best is trial 68 with value: 1069.50537109375.
LOCAL_RANK: 0 - CUDA_VISIBLE_DEVICES: [0]
[I 2023-11-30 10:47:48,248] Trial 74 finished with value: 1388.564453125 and parameters: {'gradient_clip_val': 0.5744287833567012, 'hidden_size': 35, 'dropout': 0.3792785226043128, 'hidden_continuous_size': 17, 'attention_head_size': 4, 'learning_rate': 0.012940939515861116}. Best is trial 68 with value: 1069.50537109375.
LOCAL_RANK: 0 - CUDA_VISIBLE_DEVICES: [0]
[I 2023-11-30 10:48:01,123] Trial 75 finished with value: 1305.356201171875 and parameters: {'gradient_clip_val': 0.36714958853821844, 'hidden_size': 44, 'dropout': 0.3598363819680523, 'hidden_continuous_size': 14, 'attention_head_size': 4, 'learning_rate': 0.00682707612921703}. Best is trial 68 with value: 1069.50537109375.
LOCAL_RANK: 0 - CUDA_VISIBLE_DEVICES: [0]
[I 2023-11-30 10:48:13,615] Trial 76 finished with value: 1455.6632080078125 and parameters: {'gradient_clip_val': 0.6346274758769389, 'hidden_size': 32, 'dropout': 0.3460210358348614, 'hidden_continuous_size': 19, 'attention_head_size': 3, 'learning_rate': 0.01112910676031402}. Best is trial 68 with value: 1069.50537109375.
LOCAL_RANK: 0 - CUDA_VISIBLE_DEVICES: [0]
[I 2023-11-30 10:48:26,579] Trial 77 finished with value: 1246.34423828125 and parameters: {'gradient_clip_val': 0.50805304624339, 'hidden_size': 57, 'dropout': 0.35637645620206915, 'hidden_continuous_size': 21, 'attention_head_size': 2, 'learning_rate': 0.005090500773831517}. Best is trial 68 with value: 1069.50537109375.
LOCAL_RANK: 0 - CUDA_VISIBLE_DEVICES: [0]
[I 2023-11-30 10:48:39,522] Trial 78 finished with value: 1669.3638916015625 and parameters: {'gradient_clip_val': 0.483929456747356, 'hidden_size': 54, 'dropout': 0.3295470417030394, 'hidden_continuous_size': 21, 'attention_head_size': 2, 'learning_rate': 0.005116751477857747}. Best is trial 68 with value: 1069.50537109375.
LOCAL_RANK: 0 - CUDA_VISIBLE_DEVICES: [0]
[I 2023-11-30 10:48:52,587] Trial 79 finished with value: 1365.68212890625 and parameters: {'gradient_clip_val': 0.4530247329073736, 'hidden_size': 60, 'dropout': 0.39293298346924577, 'hidden_continuous_size': 22, 'attention_head_size': 2, 'learning_rate': 0.01794152257754935}. Best is trial 68 with value: 1069.50537109375.
LOCAL_RANK: 0 - CUDA_VISIBLE_DEVICES: [0]
[I 2023-11-30 10:49:05,387] Trial 80 finished with value: 1358.42236328125 and parameters: {'gradient_clip_val': 0.6903843252434926, 'hidden_size': 48, 'dropout': 0.3660998205441951, 'hidden_continuous_size': 23, 'attention_head_size': 2, 'learning_rate': 0.008516643175257644}. Best is trial 68 with value: 1069.50537109375.
LOCAL_RANK: 0 - CUDA_VISIBLE_DEVICES: [0]
[I 2023-11-30 10:49:18,322] Trial 81 finished with value: 1687.93505859375 and parameters: {'gradient_clip_val': 0.5117039384253198, 'hidden_size': 57, 'dropout': 0.3519950235879301, 'hidden_continuous_size': 13, 'attention_head_size': 2, 'learning_rate': 0.006306426630556957}. Best is trial 68 with value: 1069.50537109375.
LOCAL_RANK: 0 - CUDA_VISIBLE_DEVICES: [0]
[I 2023-11-30 10:49:30,572] Trial 82 finished with value: 1399.0457763671875 and parameters: {'gradient_clip_val': 0.5644126698197494, 'hidden_size': 26, 'dropout': 0.34171408169554596, 'hidden_continuous_size': 18, 'attention_head_size': 1, 'learning_rate': 0.00545668525081978}. Best is trial 68 with value: 1069.50537109375.
LOCAL_RANK: 0 - CUDA_VISIBLE_DEVICES: [0]
[I 2023-11-30 10:49:43,048] Trial 83 finished with value: 1992.4473876953125 and parameters: {'gradient_clip_val': 0.5998125365247747, 'hidden_size': 40, 'dropout': 0.35661891362934917, 'hidden_continuous_size': 11, 'attention_head_size': 3, 'learning_rate': 0.007780552171629343}. Best is trial 68 with value: 1069.50537109375.
LOCAL_RANK: 0 - CUDA_VISIBLE_DEVICES: [0]
[I 2023-11-30 10:49:55,709] Trial 84 finished with value: 1533.4808349609375 and parameters: {'gradient_clip_val': 0.40293215462461573, 'hidden_size': 34, 'dropout': 0.3758122088004676, 'hidden_continuous_size': 20, 'attention_head_size': 2, 'learning_rate': 0.009555988457230517}. Best is trial 68 with value: 1069.50537109375.
LOCAL_RANK: 0 - CUDA_VISIBLE_DEVICES: [0]
[I 2023-11-30 10:50:08,214] Trial 85 finished with value: 1171.6011962890625 and parameters: {'gradient_clip_val': 0.5140649452250523, 'hidden_size': 30, 'dropout': 0.38382931604624454, 'hidden_continuous_size': 16, 'attention_head_size': 3, 'learning_rate': 0.026055431667761596}. Best is trial 68 with value: 1069.50537109375.
LOCAL_RANK: 0 - CUDA_VISIBLE_DEVICES: [0]
[I 2023-11-30 10:50:21,391] Trial 86 finished with value: 1466.8251953125 and parameters: {'gradient_clip_val': 0.4320867102130765, 'hidden_size': 45, 'dropout': 0.3990945455611446, 'hidden_continuous_size': 17, 'attention_head_size': 4, 'learning_rate': 0.03413667907186038}. Best is trial 68 with value: 1069.50537109375.
LOCAL_RANK: 0 - CUDA_VISIBLE_DEVICES: [0]
[I 2023-11-30 10:50:34,081] Trial 87 finished with value: 1615.0885009765625 and parameters: {'gradient_clip_val': 0.46201223183076595, 'hidden_size': 37, 'dropout': 0.38554062702371733, 'hidden_continuous_size': 16, 'attention_head_size': 4, 'learning_rate': 0.040328900063904286}. Best is trial 68 with value: 1069.50537109375.
LOCAL_RANK: 0 - CUDA_VISIBLE_DEVICES: [0]
[I 2023-11-30 10:50:46,956] Trial 88 finished with value: 1320.8736572265625 and parameters: {'gradient_clip_val': 0.5008035468599552, 'hidden_size': 51, 'dropout': 0.3830256648608092, 'hidden_continuous_size': 15, 'attention_head_size': 3, 'learning_rate': 0.02116122448796135}. Best is trial 68 with value: 1069.50537109375.
LOCAL_RANK: 0 - CUDA_VISIBLE_DEVICES: [0]
[I 2023-11-30 10:50:59,290] Trial 89 finished with value: 1520.2747802734375 and parameters: {'gradient_clip_val': 0.5713291840352195, 'hidden_size': 30, 'dropout': 0.3642951577753002, 'hidden_continuous_size': 18, 'attention_head_size': 2, 'learning_rate': 0.02419365730670153}. Best is trial 68 with value: 1069.50537109375.
LOCAL_RANK: 0 - CUDA_VISIBLE_DEVICES: [0]
[I 2023-11-30 10:51:12,029] Trial 90 finished with value: 1310.7945556640625 and parameters: {'gradient_clip_val': 0.5314757257260417, 'hidden_size': 41, 'dropout': 0.3743592185394413, 'hidden_continuous_size': 16, 'attention_head_size': 3, 'learning_rate': 0.01379934604540233}. Best is trial 68 with value: 1069.50537109375.
LOCAL_RANK: 0 - CUDA_VISIBLE_DEVICES: [0]
[I 2023-11-30 10:51:24,708] Trial 91 finished with value: 1939.3516845703125 and parameters: {'gradient_clip_val': 0.6140934823159628, 'hidden_size': 31, 'dropout': 0.3344363255807509, 'hidden_continuous_size': 12, 'attention_head_size': 3, 'learning_rate': 0.006000772862728196}. Best is trial 68 with value: 1069.50537109375.
LOCAL_RANK: 0 - CUDA_VISIBLE_DEVICES: [0]
[I 2023-11-30 10:51:36,914] Trial 92 finished with value: 1405.1572265625 and parameters: {'gradient_clip_val': 0.5370367821682189, 'hidden_size': 28, 'dropout': 0.3216049568661217, 'hidden_continuous_size': 15, 'attention_head_size': 3, 'learning_rate': 0.01092096212844661}. Best is trial 68 with value: 1069.50537109375.
LOCAL_RANK: 0 - CUDA_VISIBLE_DEVICES: [0]
[I 2023-11-30 10:51:49,645] Trial 93 finished with value: 1546.2547607421875 and parameters: {'gradient_clip_val': 0.4921384163195455, 'hidden_size': 33, 'dropout': 0.3923524315605011, 'hidden_continuous_size': 19, 'attention_head_size': 3, 'learning_rate': 0.02685711129995466}. Best is trial 68 with value: 1069.50537109375.
LOCAL_RANK: 0 - CUDA_VISIBLE_DEVICES: [0]
[I 2023-11-30 10:52:02,204] Trial 94 finished with value: 1072.1163330078125 and parameters: {'gradient_clip_val': 0.6360958583976812, 'hidden_size': 36, 'dropout': 0.34084294998623127, 'hidden_continuous_size': 17, 'attention_head_size': 3, 'learning_rate': 0.007518896494796995}. Best is trial 68 with value: 1069.50537109375.
LOCAL_RANK: 0 - CUDA_VISIBLE_DEVICES: [0]
[I 2023-11-30 10:52:14,861] Trial 95 finished with value: 1425.8499755859375 and parameters: {'gradient_clip_val': 0.6260027534865232, 'hidden_size': 38, 'dropout': 0.3671312230106203, 'hidden_continuous_size': 17, 'attention_head_size': 3, 'learning_rate': 0.015360629703904343}. Best is trial 68 with value: 1069.50537109375.
LOCAL_RANK: 0 - CUDA_VISIBLE_DEVICES: [0]
[I 2023-11-30 10:52:27,528] Trial 96 finished with value: 1156.046630859375 and parameters: {'gradient_clip_val': 0.6928674663513956, 'hidden_size': 36, 'dropout': 0.3564133269171048, 'hidden_continuous_size': 18, 'attention_head_size': 3, 'learning_rate': 0.012456870089225034}. Best is trial 68 with value: 1069.50537109375.
LOCAL_RANK: 0 - CUDA_VISIBLE_DEVICES: [0]
[I 2023-11-30 10:52:40,427] Trial 97 finished with value: 1329.1544189453125 and parameters: {'gradient_clip_val': 0.6641788175352561, 'hidden_size': 43, 'dropout': 0.351107917418886, 'hidden_continuous_size': 19, 'attention_head_size': 4, 'learning_rate': 0.018511071044019646}. Best is trial 68 with value: 1069.50537109375.
LOCAL_RANK: 0 - CUDA_VISIBLE_DEVICES: [0]
[I 2023-11-30 10:52:52,773] Trial 98 finished with value: 2074.23291015625 and parameters: {'gradient_clip_val': 0.7690321788987904, 'hidden_size': 36, 'dropout': 0.3596261289729949, 'hidden_continuous_size': 17, 'attention_head_size': 2, 'learning_rate': 0.0073310781003358355}. Best is trial 68 with value: 1069.50537109375.
LOCAL_RANK: 0 - CUDA_VISIBLE_DEVICES: [0]
[I 2023-11-30 10:53:05,459] Trial 99 finished with value: 1364.8878173828125 and parameters: {'gradient_clip_val': 0.6602670875760911, 'hidden_size': 39, 'dropout': 0.3395395716053668, 'hidden_continuous_size': 18, 'attention_head_size': 3, 'learning_rate': 0.009090694321452717}. Best is trial 68 with value: 1069.50537109375.
LOCAL_RANK: 0 - CUDA_VISIBLE_DEVICES: [0]
[I 2023-11-30 10:53:18,329] Trial 100 finished with value: 1459.2373046875 and parameters: {'gradient_clip_val': 0.7143994211455212, 'hidden_size': 46, 'dropout': 0.31248429348247597, 'hidden_continuous_size': 20, 'attention_head_size': 3, 'learning_rate': 0.011744626454556572}. Best is trial 68 with value: 1069.50537109375.
LOCAL_RANK: 0 - CUDA_VISIBLE_DEVICES: [0]
[I 2023-11-30 10:53:31,520] Trial 101 finished with value: 1452.1875 and parameters: {'gradient_clip_val': 0.5781845964168907, 'hidden_size': 49, 'dropout': 0.3836079376909527, 'hidden_continuous_size': 23, 'attention_head_size': 3, 'learning_rate': 0.010019457239474604}. Best is trial 68 with value: 1069.50537109375.
LOCAL_RANK: 0 - CUDA_VISIBLE_DEVICES: [0]
[I 2023-11-30 10:53:44,310] Trial 102 finished with value: 1439.4105224609375 and parameters: {'gradient_clip_val': 0.609811408065618, 'hidden_size': 43, 'dropout': 0.3283549710528295, 'hidden_continuous_size': 29, 'attention_head_size': 3, 'learning_rate': 0.012143962666392222}. Best is trial 68 with value: 1069.50537109375.
LOCAL_RANK: 0 - CUDA_VISIBLE_DEVICES: [0]
[I 2023-11-30 10:53:56,887] Trial 103 finished with value: 1151.4166259765625 and parameters: {'gradient_clip_val': 0.557632810621613, 'hidden_size': 33, 'dropout': 0.35573158742584404, 'hidden_continuous_size': 16, 'attention_head_size': 3, 'learning_rate': 0.013452341634017007}. Best is trial 68 with value: 1069.50537109375.
LOCAL_RANK: 0 - CUDA_VISIBLE_DEVICES: [0]
[I 2023-11-30 10:54:09,209] Trial 104 finished with value: 1301.8812255859375 and parameters: {'gradient_clip_val': 0.5525477891738853, 'hidden_size': 32, 'dropout': 0.356109041584131, 'hidden_continuous_size': 16, 'attention_head_size': 3, 'learning_rate': 0.013343333025233689}. Best is trial 68 with value: 1069.50537109375.
LOCAL_RANK: 0 - CUDA_VISIBLE_DEVICES: [0]
[I 2023-11-30 10:54:22,057] Trial 105 finished with value: 1283.5693359375 and parameters: {'gradient_clip_val': 0.7010327550251937, 'hidden_size': 35, 'dropout': 0.3421228537889991, 'hidden_continuous_size': 16, 'attention_head_size': 4, 'learning_rate': 0.008810660290550373}. Best is trial 68 with value: 1069.50537109375.
LOCAL_RANK: 0 - CUDA_VISIBLE_DEVICES: [0]
[I 2023-11-30 10:54:34,984] Trial 106 finished with value: 1361.1583251953125 and parameters: {'gradient_clip_val': 0.5866029772844075, 'hidden_size': 41, 'dropout': 0.33382985567021484, 'hidden_continuous_size': 17, 'attention_head_size': 3, 'learning_rate': 0.016912406933672557}. Best is trial 68 with value: 1069.50537109375.
LOCAL_RANK: 0 - CUDA_VISIBLE_DEVICES: [0]
[I 2023-11-30 10:54:47,471] Trial 107 finished with value: 1357.8336181640625 and parameters: {'gradient_clip_val': 0.6322254835720054, 'hidden_size': 36, 'dropout': 0.3500251589770613, 'hidden_continuous_size': 18, 'attention_head_size': 3, 'learning_rate': 0.01056931311610711}. Best is trial 68 with value: 1069.50537109375.
LOCAL_RANK: 0 - CUDA_VISIBLE_DEVICES: [0]
[I 2023-11-30 10:54:59,960] Trial 108 finished with value: 1892.9300537109375 and parameters: {'gradient_clip_val': 0.6653646651865858, 'hidden_size': 30, 'dropout': 0.3620064289916805, 'hidden_continuous_size': 16, 'attention_head_size': 3, 'learning_rate': 0.0058866556285514125}. Best is trial 68 with value: 1069.50537109375.
LOCAL_RANK: 0 - CUDA_VISIBLE_DEVICES: [0]
[I 2023-11-30 10:55:12,380] Trial 109 finished with value: 1604.1109619140625 and parameters: {'gradient_clip_val': 0.5197075564737157, 'hidden_size': 34, 'dropout': 0.3699905510222958, 'hidden_continuous_size': 14, 'attention_head_size': 2, 'learning_rate': 0.00803646383362535}. Best is trial 68 with value: 1069.50537109375.
LOCAL_RANK: 0 - CUDA_VISIBLE_DEVICES: [0]
[I 2023-11-30 10:55:25,225] Trial 110 finished with value: 1196.2796630859375 and parameters: {'gradient_clip_val': 0.4643018530371363, 'hidden_size': 39, 'dropout': 0.3185745931344074, 'hidden_continuous_size': 18, 'attention_head_size': 4, 'learning_rate': 0.015124874961674101}. Best is trial 68 with value: 1069.50537109375.
LOCAL_RANK: 0 - CUDA_VISIBLE_DEVICES: [0]
[I 2023-11-30 10:55:37,998] Trial 111 finished with value: 1254.4937744140625 and parameters: {'gradient_clip_val': 0.4471717972785751, 'hidden_size': 39, 'dropout': 0.3288443179089511, 'hidden_continuous_size': 15, 'attention_head_size': 4, 'learning_rate': 0.014912324274081618}. Best is trial 68 with value: 1069.50537109375.
LOCAL_RANK: 0 - CUDA_VISIBLE_DEVICES: [0]
[I 2023-11-30 10:55:50,754] Trial 112 finished with value: 1364.87548828125 and parameters: {'gradient_clip_val': 0.4430489338826138, 'hidden_size': 38, 'dropout': 0.32512286011170677, 'hidden_continuous_size': 18, 'attention_head_size': 4, 'learning_rate': 0.014410560463087028}. Best is trial 68 with value: 1069.50537109375.
LOCAL_RANK: 0 - CUDA_VISIBLE_DEVICES: [0]
[I 2023-11-30 10:56:03,457] Trial 113 finished with value: 1306.111572265625 and parameters: {'gradient_clip_val': 0.42018429494065573, 'hidden_size': 40, 'dropout': 0.3542982627744725, 'hidden_continuous_size': 19, 'attention_head_size': 4, 'learning_rate': 0.015313320170276258}. Best is trial 68 with value: 1069.50537109375.
LOCAL_RANK: 0 - CUDA_VISIBLE_DEVICES: [0]
[I 2023-11-30 10:56:16,260] Trial 114 finished with value: 1220.7420654296875 and parameters: {'gradient_clip_val': 0.46241640994212335, 'hidden_size': 33, 'dropout': 0.33345567503899404, 'hidden_continuous_size': 17, 'attention_head_size': 4, 'learning_rate': 0.01992257511243717}. Best is trial 68 with value: 1069.50537109375.
LOCAL_RANK: 0 - CUDA_VISIBLE_DEVICES: [0]
[I 2023-11-30 10:56:28,811] Trial 115 finished with value: 1357.1630859375 and parameters: {'gradient_clip_val': 0.4737049713823542, 'hidden_size': 33, 'dropout': 0.33391650052127747, 'hidden_continuous_size': 17, 'attention_head_size': 4, 'learning_rate': 0.019635792302825285}. Best is trial 68 with value: 1069.50537109375.
LOCAL_RANK: 0 - CUDA_VISIBLE_DEVICES: [0]
[I 2023-11-30 10:56:41,599] Trial 116 finished with value: 1420.9635009765625 and parameters: {'gradient_clip_val': 0.38695297893822544, 'hidden_size': 31, 'dropout': 0.3421974570706325, 'hidden_continuous_size': 17, 'attention_head_size': 4, 'learning_rate': 0.012396895359593913}. Best is trial 68 with value: 1069.50537109375.
LOCAL_RANK: 0 - CUDA_VISIBLE_DEVICES: [0]
[I 2023-11-30 10:56:54,539] Trial 117 finished with value: 1323.8028564453125 and parameters: {'gradient_clip_val': 0.45096127755957693, 'hidden_size': 45, 'dropout': 0.34547614481405287, 'hidden_continuous_size': 20, 'attention_head_size': 4, 'learning_rate': 0.016596748780873898}. Best is trial 68 with value: 1069.50537109375.
LOCAL_RANK: 0 - CUDA_VISIBLE_DEVICES: [0]
[I 2023-11-30 10:57:07,224] Trial 118 finished with value: 1499.2064208984375 and parameters: {'gradient_clip_val': 0.5005066127793244, 'hidden_size': 36, 'dropout': 0.3783507724591079, 'hidden_continuous_size': 18, 'attention_head_size': 4, 'learning_rate': 0.022506907702575827}. Best is trial 68 with value: 1069.50537109375.
LOCAL_RANK: 0 - CUDA_VISIBLE_DEVICES: [0]
[I 2023-11-30 10:57:20,212] Trial 119 finished with value: 1490.2252197265625 and parameters: {'gradient_clip_val': 0.4231598667059629, 'hidden_size': 42, 'dropout': 0.31718126106109906, 'hidden_continuous_size': 21, 'attention_head_size': 4, 'learning_rate': 0.013611982555791812}. Best is trial 68 with value: 1069.50537109375.
LOCAL_RANK: 0 - CUDA_VISIBLE_DEVICES: [0]
[I 2023-11-30 10:57:32,670] Trial 120 finished with value: 1425.9791259765625 and parameters: {'gradient_clip_val': 0.5523602547268237, 'hidden_size': 28, 'dropout': 0.3583690148522012, 'hidden_continuous_size': 16, 'attention_head_size': 4, 'learning_rate': 0.01771739189904619}. Best is trial 68 with value: 1069.50537109375.
LOCAL_RANK: 0 - CUDA_VISIBLE_DEVICES: [0]
[I 2023-11-30 10:57:45,199] Trial 121 finished with value: 1303.14404296875 and parameters: {'gradient_clip_val': 0.47007086732479647, 'hidden_size': 34, 'dropout': 0.325510056058036, 'hidden_continuous_size': 10, 'attention_head_size': 4, 'learning_rate': 0.020460273305410795}. Best is trial 68 with value: 1069.50537109375.
LOCAL_RANK: 0 - CUDA_VISIBLE_DEVICES: [0]
[I 2023-11-30 10:57:57,956] Trial 122 finished with value: 1371.9560546875 and parameters: {'gradient_clip_val': 0.5169058131793086, 'hidden_size': 39, 'dropout': 0.3381622961979839, 'hidden_continuous_size': 15, 'attention_head_size': 4, 'learning_rate': 0.01590741746358999}. Best is trial 68 with value: 1069.50537109375.
LOCAL_RANK: 0 - CUDA_VISIBLE_DEVICES: [0]
[I 2023-11-30 10:58:10,384] Trial 123 finished with value: 1380.8883056640625 and parameters: {'gradient_clip_val': 0.40376409093430116, 'hidden_size': 32, 'dropout': 0.3306279316755188, 'hidden_continuous_size': 17, 'attention_head_size': 4, 'learning_rate': 0.018752563456014917}. Best is trial 68 with value: 1069.50537109375.
LOCAL_RANK: 0 - CUDA_VISIBLE_DEVICES: [0]
[I 2023-11-30 10:58:23,146] Trial 124 finished with value: 1564.0540771484375 and parameters: {'gradient_clip_val': 0.45526407926641166, 'hidden_size': 37, 'dropout': 0.3205081695848035, 'hidden_continuous_size': 16, 'attention_head_size': 4, 'learning_rate': 0.02699261330587349}. Best is trial 68 with value: 1069.50537109375.
LOCAL_RANK: 0 - CUDA_VISIBLE_DEVICES: [0]
[I 2023-11-30 10:58:35,985] Trial 125 finished with value: 1491.0623779296875 and parameters: {'gradient_clip_val': 0.4751400876243035, 'hidden_size': 30, 'dropout': 0.2969187381064834, 'hidden_continuous_size': 25, 'attention_head_size': 4, 'learning_rate': 0.02463725748275945}. Best is trial 68 with value: 1069.50537109375.
LOCAL_RANK: 0 - CUDA_VISIBLE_DEVICES: [0]
