[I 2023-11-30 10:06:38,446] Trial 43 finished with value: 37.64053726196289 and parameters: {'gradient_clip_val': 0.11905235499036523, 'hidden_size': 91, 'dropout': 0.2812694172182586, 'hidden_continuous_size': 21, 'attention_head_size': 1, 'learning_rate': 0.004717731098556706}. Best is trial 32 with value: 31.594480514526367.
LOCAL_RANK: 0 - CUDA_VISIBLE_DEVICES: [0]
[I 2023-11-30 10:06:52,619] Trial 44 finished with value: 38.169342041015625 and parameters: {'gradient_clip_val': 0.109276684908776, 'hidden_size': 118, 'dropout': 0.36877115490143697, 'hidden_continuous_size': 32, 'attention_head_size': 4, 'learning_rate': 0.006577688039191238}. Best is trial 32 with value: 31.594480514526367.
LOCAL_RANK: 0 - CUDA_VISIBLE_DEVICES: [0]
[I 2023-11-30 10:07:05,955] Trial 45 finished with value: 48.26215744018555 and parameters: {'gradient_clip_val': 0.15024536636675767, 'hidden_size': 68, 'dropout': 0.33779399156419815, 'hidden_continuous_size': 27, 'attention_head_size': 2, 'learning_rate': 0.021785030973082306}. Best is trial 32 with value: 31.594480514526367.
LOCAL_RANK: 0 - CUDA_VISIBLE_DEVICES: [0]
[I 2023-11-30 10:07:19,762] Trial 46 finished with value: 38.89160919189453 and parameters: {'gradient_clip_val': 0.11250808989359865, 'hidden_size': 103, 'dropout': 0.3174551468051204, 'hidden_continuous_size': 26, 'attention_head_size': 3, 'learning_rate': 0.002594583201733025}. Best is trial 32 with value: 31.594480514526367.
LOCAL_RANK: 0 - CUDA_VISIBLE_DEVICES: [0]
[I 2023-11-30 10:07:33,104] Trial 47 finished with value: 38.50734329223633 and parameters: {'gradient_clip_val': 0.13468510476799142, 'hidden_size': 81, 'dropout': 0.2943859735832108, 'hidden_continuous_size': 19, 'attention_head_size': 1, 'learning_rate': 0.009219282992298747}. Best is trial 32 with value: 31.594480514526367.
LOCAL_RANK: 0 - CUDA_VISIBLE_DEVICES: [0]
[I 2023-11-30 10:07:47,438] Trial 48 finished with value: 30.820709228515625 and parameters: {'gradient_clip_val': 0.1003895771347136, 'hidden_size': 133, 'dropout': 0.3781703791432557, 'hidden_continuous_size': 41, 'attention_head_size': 4, 'learning_rate': 0.0052976946123741014}. Best is trial 48 with value: 30.820709228515625.
LOCAL_RANK: 0 - CUDA_VISIBLE_DEVICES: [0]
[I 2023-11-30 10:08:01,811] Trial 49 finished with value: 35.3029899597168 and parameters: {'gradient_clip_val': 0.10336189049629875, 'hidden_size': 140, 'dropout': 0.37657585588111503, 'hidden_continuous_size': 50, 'attention_head_size': 4, 'learning_rate': 0.004671434732165833}. Best is trial 48 with value: 30.820709228515625.
LOCAL_RANK: 0 - CUDA_VISIBLE_DEVICES: [0]
[I 2023-11-30 10:08:16,141] Trial 50 finished with value: 38.81459426879883 and parameters: {'gradient_clip_val': 0.10114830874737263, 'hidden_size': 134, 'dropout': 0.38216366895278114, 'hidden_continuous_size': 55, 'attention_head_size': 4, 'learning_rate': 0.00318381654957297}. Best is trial 48 with value: 30.820709228515625.
LOCAL_RANK: 0 - CUDA_VISIBLE_DEVICES: [0]
[I 2023-11-30 10:08:30,224] Trial 51 finished with value: 38.59697723388672 and parameters: {'gradient_clip_val': 0.11964197417364822, 'hidden_size': 117, 'dropout': 0.3996500162522084, 'hidden_continuous_size': 33, 'attention_head_size': 4, 'learning_rate': 0.006633123864459927}. Best is trial 48 with value: 30.820709228515625.
LOCAL_RANK: 0 - CUDA_VISIBLE_DEVICES: [0]
[I 2023-11-30 10:08:44,129] Trial 52 finished with value: 51.53013229370117 and parameters: {'gradient_clip_val': 0.11150347290088469, 'hidden_size': 124, 'dropout': 0.35538715340774724, 'hidden_continuous_size': 39, 'attention_head_size': 3, 'learning_rate': 0.012655870534743483}. Best is trial 48 with value: 30.820709228515625.
LOCAL_RANK: 0 - CUDA_VISIBLE_DEVICES: [0]
[I 2023-11-30 10:08:57,672] Trial 53 finished with value: 29.935707092285156 and parameters: {'gradient_clip_val': 0.14357822168386722, 'hidden_size': 96, 'dropout': 0.3614767563990494, 'hidden_continuous_size': 30, 'attention_head_size': 1, 'learning_rate': 0.005331490364070391}. Best is trial 53 with value: 29.935707092285156.
LOCAL_RANK: 0 - CUDA_VISIBLE_DEVICES: [0]
[I 2023-11-30 10:09:11,420] Trial 54 finished with value: 35.553340911865234 and parameters: {'gradient_clip_val': 0.1416028950070158, 'hidden_size': 98, 'dropout': 0.3878635750853047, 'hidden_continuous_size': 28, 'attention_head_size': 4, 'learning_rate': 0.005002930234698017}. Best is trial 53 with value: 29.935707092285156.
LOCAL_RANK: 0 - CUDA_VISIBLE_DEVICES: [0]
[I 2023-11-30 10:09:25,658] Trial 55 finished with value: 39.23211669921875 and parameters: {'gradient_clip_val': 0.15829942775918415, 'hidden_size': 149, 'dropout': 0.3445616888672955, 'hidden_continuous_size': 32, 'attention_head_size': 2, 'learning_rate': 0.008124818721227528}. Best is trial 53 with value: 29.935707092285156.
LOCAL_RANK: 0 - CUDA_VISIBLE_DEVICES: [0]
[I 2023-11-30 10:09:39,601] Trial 56 finished with value: 32.91026306152344 and parameters: {'gradient_clip_val': 0.14682296480955326, 'hidden_size': 113, 'dropout': 0.37946442923694357, 'hidden_continuous_size': 41, 'attention_head_size': 3, 'learning_rate': 0.004043040682012405}. Best is trial 53 with value: 29.935707092285156.
LOCAL_RANK: 0 - CUDA_VISIBLE_DEVICES: [0]
[I 2023-11-30 10:09:53,389] Trial 57 finished with value: 34.830596923828125 and parameters: {'gradient_clip_val': 0.1471507377426995, 'hidden_size': 114, 'dropout': 0.3775821601006692, 'hidden_continuous_size': 40, 'attention_head_size': 1, 'learning_rate': 0.003934720162012045}. Best is trial 53 with value: 29.935707092285156.
LOCAL_RANK: 0 - CUDA_VISIBLE_DEVICES: [0]
[I 2023-11-30 10:10:07,577] Trial 58 finished with value: 32.320377349853516 and parameters: {'gradient_clip_val': 0.11307693192981184, 'hidden_size': 129, 'dropout': 0.38894465267189615, 'hidden_continuous_size': 34, 'attention_head_size': 2, 'learning_rate': 0.005306746898998848}. Best is trial 53 with value: 29.935707092285156.
LOCAL_RANK: 0 - CUDA_VISIBLE_DEVICES: [0]
[I 2023-11-30 10:10:21,561] Trial 59 finished with value: 46.968994140625 and parameters: {'gradient_clip_val': 0.1277834364026599, 'hidden_size': 136, 'dropout': 0.3956757519965889, 'hidden_continuous_size': 41, 'attention_head_size': 2, 'learning_rate': 0.005867145179752998}. Best is trial 53 with value: 29.935707092285156.
LOCAL_RANK: 0 - CUDA_VISIBLE_DEVICES: [0]
[I 2023-11-30 10:10:35,225] Trial 60 finished with value: 36.89369583129883 and parameters: {'gradient_clip_val': 0.1709204565028626, 'hidden_size': 93, 'dropout': 0.3880355685136462, 'hidden_continuous_size': 34, 'attention_head_size': 1, 'learning_rate': 0.004475204677203117}. Best is trial 53 with value: 29.935707092285156.
LOCAL_RANK: 0 - CUDA_VISIBLE_DEVICES: [0]
[I 2023-11-30 10:10:49,251] Trial 61 finished with value: 37.08589553833008 and parameters: {'gradient_clip_val': 0.10927860681862878, 'hidden_size': 130, 'dropout': 0.37184290902076017, 'hidden_continuous_size': 30, 'attention_head_size': 2, 'learning_rate': 0.005297239950305878}. Best is trial 53 with value: 29.935707092285156.
LOCAL_RANK: 0 - CUDA_VISIBLE_DEVICES: [0]
[I 2023-11-30 10:11:03,048] Trial 62 finished with value: 45.70014953613281 and parameters: {'gradient_clip_val': 0.1129226375970274, 'hidden_size': 109, 'dropout': 0.36291862204057407, 'hidden_continuous_size': 35, 'attention_head_size': 1, 'learning_rate': 0.003063979776281005}. Best is trial 53 with value: 29.935707092285156.
LOCAL_RANK: 0 - CUDA_VISIBLE_DEVICES: [0]
[I 2023-11-30 10:11:17,105] Trial 63 finished with value: 30.93603515625 and parameters: {'gradient_clip_val': 0.13079496740474444, 'hidden_size': 124, 'dropout': 0.37888156160145636, 'hidden_continuous_size': 31, 'attention_head_size': 3, 'learning_rate': 0.004252951447331157}. Best is trial 53 with value: 29.935707092285156.
LOCAL_RANK: 0 - CUDA_VISIBLE_DEVICES: [0]
[I 2023-11-30 10:11:31,161] Trial 64 finished with value: 36.91159439086914 and parameters: {'gradient_clip_val': 0.13334772029999936, 'hidden_size': 139, 'dropout': 0.38490344259974046, 'hidden_continuous_size': 38, 'attention_head_size': 1, 'learning_rate': 0.0071464459099499405}. Best is trial 53 with value: 29.935707092285156.
LOCAL_RANK: 0 - CUDA_VISIBLE_DEVICES: [0]
[I 2023-11-30 10:11:44,891] Trial 65 finished with value: 36.071163177490234 and parameters: {'gradient_clip_val': 0.15422646700216625, 'hidden_size': 102, 'dropout': 0.3472864009186708, 'hidden_continuous_size': 31, 'attention_head_size': 2, 'learning_rate': 0.0036906384609376596}. Best is trial 53 with value: 29.935707092285156.
LOCAL_RANK: 0 - CUDA_VISIBLE_DEVICES: [0]
[I 2023-11-30 10:11:58,951] Trial 66 finished with value: 36.3045768737793 and parameters: {'gradient_clip_val': 0.14208211162057943, 'hidden_size': 117, 'dropout': 0.3773861102097941, 'hidden_continuous_size': 43, 'attention_head_size': 3, 'learning_rate': 0.004372004581566323}. Best is trial 53 with value: 29.935707092285156.
LOCAL_RANK: 0 - CUDA_VISIBLE_DEVICES: [0]
[I 2023-11-30 10:12:13,108] Trial 67 finished with value: 35.6573486328125 and parameters: {'gradient_clip_val': 0.12777446564753636, 'hidden_size': 150, 'dropout': 0.36124763096764556, 'hidden_continuous_size': 37, 'attention_head_size': 1, 'learning_rate': 0.006275087988840206}. Best is trial 53 with value: 29.935707092285156.
LOCAL_RANK: 0 - CUDA_VISIBLE_DEVICES: [0]
[I 2023-11-30 10:12:26,943] Trial 68 finished with value: 36.60757064819336 and parameters: {'gradient_clip_val': 0.11685334475550331, 'hidden_size': 108, 'dropout': 0.39350378807843667, 'hidden_continuous_size': 33, 'attention_head_size': 1, 'learning_rate': 0.005332449315629117}. Best is trial 53 with value: 29.935707092285156.
LOCAL_RANK: 0 - CUDA_VISIBLE_DEVICES: [0]
[I 2023-11-30 10:12:40,679] Trial 69 finished with value: 50.553218841552734 and parameters: {'gradient_clip_val': 0.19167916159880008, 'hidden_size': 87, 'dropout': 0.37461085963842594, 'hidden_continuous_size': 34, 'attention_head_size': 2, 'learning_rate': 0.003345508055566489}. Best is trial 53 with value: 29.935707092285156.
LOCAL_RANK: 0 - CUDA_VISIBLE_DEVICES: [0]
[I 2023-11-30 10:12:54,401] Trial 70 finished with value: 52.46833801269531 and parameters: {'gradient_clip_val': 0.1600430796738624, 'hidden_size': 93, 'dropout': 0.35353996673018534, 'hidden_continuous_size': 31, 'attention_head_size': 3, 'learning_rate': 0.007261404851475438}. Best is trial 53 with value: 29.935707092285156.
LOCAL_RANK: 0 - CUDA_VISIBLE_DEVICES: [0]
[I 2023-11-30 10:13:08,267] Trial 71 finished with value: 37.25910949707031 and parameters: {'gradient_clip_val': 0.10670397163103383, 'hidden_size': 124, 'dropout': 0.36401856904678237, 'hidden_continuous_size': 28, 'attention_head_size': 3, 'learning_rate': 0.004114994510397102}. Best is trial 53 with value: 29.935707092285156.
LOCAL_RANK: 0 - CUDA_VISIBLE_DEVICES: [0]
[I 2023-11-30 10:13:21,985] Trial 72 finished with value: 33.47612762451172 and parameters: {'gradient_clip_val': 0.1001560742611537, 'hidden_size': 117, 'dropout': 0.34132624265913647, 'hidden_continuous_size': 24, 'attention_head_size': 3, 'learning_rate': 0.005071376043694828}. Best is trial 53 with value: 29.935707092285156.
LOCAL_RANK: 0 - CUDA_VISIBLE_DEVICES: [0]
[I 2023-11-30 10:13:36,165] Trial 73 finished with value: 30.965112686157227 and parameters: {'gradient_clip_val': 0.11753623775143635, 'hidden_size': 136, 'dropout': 0.39934896059719943, 'hidden_continuous_size': 28, 'attention_head_size': 3, 'learning_rate': 0.0027690329470627935}. Best is trial 53 with value: 29.935707092285156.
LOCAL_RANK: 0 - CUDA_VISIBLE_DEVICES: [0]
[I 2023-11-30 10:13:50,411] Trial 74 finished with value: 32.444339752197266 and parameters: {'gradient_clip_val': 0.12149177401099572, 'hidden_size': 137, 'dropout': 0.39979687370469935, 'hidden_continuous_size': 27, 'attention_head_size': 4, 'learning_rate': 0.0036581971591714366}. Best is trial 53 with value: 29.935707092285156.
LOCAL_RANK: 0 - CUDA_VISIBLE_DEVICES: [0]
[I 2023-11-30 10:14:04,718] Trial 75 finished with value: 43.275272369384766 and parameters: {'gradient_clip_val': 0.1289417179634304, 'hidden_size': 138, 'dropout': 0.39877760080036917, 'hidden_continuous_size': 27, 'attention_head_size': 4, 'learning_rate': 0.0021738704592621613}. Best is trial 53 with value: 29.935707092285156.
LOCAL_RANK: 0 - CUDA_VISIBLE_DEVICES: [0]
[I 2023-11-30 10:14:18,836] Trial 76 finished with value: 31.35322380065918 and parameters: {'gradient_clip_val': 0.11860945506606356, 'hidden_size': 130, 'dropout': 0.38930120614493174, 'hidden_continuous_size': 23, 'attention_head_size': 4, 'learning_rate': 0.003659316658893247}. Best is trial 53 with value: 29.935707092285156.
LOCAL_RANK: 0 - CUDA_VISIBLE_DEVICES: [0]
[I 2023-11-30 10:14:32,742] Trial 77 finished with value: 35.76657485961914 and parameters: {'gradient_clip_val': 0.117739436337179, 'hidden_size': 102, 'dropout': 0.38935145950363215, 'hidden_continuous_size': 24, 'attention_head_size': 4, 'learning_rate': 0.0033710944932755504}. Best is trial 53 with value: 29.935707092285156.
LOCAL_RANK: 0 - CUDA_VISIBLE_DEVICES: [0]
[I 2023-11-30 10:14:46,922] Trial 78 finished with value: 37.56232833862305 and parameters: {'gradient_clip_val': 0.13137533034400975, 'hidden_size': 128, 'dropout': 0.3695624170631556, 'hidden_continuous_size': 23, 'attention_head_size': 4, 'learning_rate': 0.0060312737439935605}. Best is trial 53 with value: 29.935707092285156.
LOCAL_RANK: 0 - CUDA_VISIBLE_DEVICES: [0]
[I 2023-11-30 10:15:01,023] Trial 79 finished with value: 34.49150085449219 and parameters: {'gradient_clip_val': 0.14027086984032616, 'hidden_size': 144, 'dropout': 0.3852583622607805, 'hidden_continuous_size': 21, 'attention_head_size': 4, 'learning_rate': 0.004627365660958183}. Best is trial 53 with value: 29.935707092285156.
LOCAL_RANK: 0 - CUDA_VISIBLE_DEVICES: [0]
[I 2023-11-30 10:15:14,637] Trial 80 finished with value: 39.08601379394531 and parameters: {'gradient_clip_val': 0.1123419682723739, 'hidden_size': 107, 'dropout': 0.3840195160288045, 'hidden_continuous_size': 31, 'attention_head_size': 1, 'learning_rate': 0.002888189707178584}. Best is trial 53 with value: 29.935707092285156.
LOCAL_RANK: 0 - CUDA_VISIBLE_DEVICES: [0]
[I 2023-11-30 10:15:28,909] Trial 81 finished with value: 33.798702239990234 and parameters: {'gradient_clip_val': 0.11993142696839403, 'hidden_size': 135, 'dropout': 0.3956693042133754, 'hidden_continuous_size': 26, 'attention_head_size': 4, 'learning_rate': 0.003692327164813669}. Best is trial 53 with value: 29.935707092285156.
LOCAL_RANK: 0 - CUDA_VISIBLE_DEVICES: [0]
[I 2023-11-30 10:15:43,295] Trial 82 finished with value: 34.14752960205078 and parameters: {'gradient_clip_val': 0.12549579967735577, 'hidden_size': 150, 'dropout': 0.3992094627749486, 'hidden_continuous_size': 27, 'attention_head_size': 4, 'learning_rate': 0.004322861898979335}. Best is trial 53 with value: 29.935707092285156.
LOCAL_RANK: 0 - CUDA_VISIBLE_DEVICES: [0]
[I 2023-11-30 10:15:57,461] Trial 83 finished with value: 31.163389205932617 and parameters: {'gradient_clip_val': 0.1093793869446046, 'hidden_size': 124, 'dropout': 0.37180984075826773, 'hidden_continuous_size': 29, 'attention_head_size': 4, 'learning_rate': 0.005296414872630303}. Best is trial 53 with value: 29.935707092285156.
LOCAL_RANK: 0 - CUDA_VISIBLE_DEVICES: [0]
[I 2023-11-30 10:16:11,504] Trial 84 finished with value: 33.89005661010742 and parameters: {'gradient_clip_val': 0.10604868676948774, 'hidden_size': 121, 'dropout': 0.3698286812173607, 'hidden_continuous_size': 29, 'attention_head_size': 4, 'learning_rate': 0.0053460448803719085}. Best is trial 53 with value: 29.935707092285156.
LOCAL_RANK: 0 - CUDA_VISIBLE_DEVICES: [0]
[I 2023-11-30 10:16:25,455] Trial 85 finished with value: 33.55168914794922 and parameters: {'gradient_clip_val': 0.10782424595444233, 'hidden_size': 97, 'dropout': 0.35741112294284794, 'hidden_continuous_size': 36, 'attention_head_size': 4, 'learning_rate': 0.006276293301218066}. Best is trial 53 with value: 29.935707092285156.
LOCAL_RANK: 0 - CUDA_VISIBLE_DEVICES: [0]
[I 2023-11-30 10:16:39,341] Trial 86 finished with value: 39.32771682739258 and parameters: {'gradient_clip_val': 0.13405928666040184, 'hidden_size': 129, 'dropout': 0.38979955743390676, 'hidden_continuous_size': 22, 'attention_head_size': 1, 'learning_rate': 0.007710788542792945}. Best is trial 53 with value: 29.935707092285156.
LOCAL_RANK: 0 - CUDA_VISIBLE_DEVICES: [0]
[I 2023-11-30 10:16:53,305] Trial 87 finished with value: 48.5364990234375 and parameters: {'gradient_clip_val': 0.11598871313676365, 'hidden_size': 119, 'dropout': 0.3801459098943157, 'hidden_continuous_size': 30, 'attention_head_size': 4, 'learning_rate': 0.009451816065810179}. Best is trial 53 with value: 29.935707092285156.
LOCAL_RANK: 0 - CUDA_VISIBLE_DEVICES: [0]
[I 2023-11-30 10:17:07,174] Trial 88 finished with value: 44.33994674682617 and parameters: {'gradient_clip_val': 0.10572935654805166, 'hidden_size': 108, 'dropout': 0.3641154614463641, 'hidden_continuous_size': 25, 'attention_head_size': 1, 'learning_rate': 0.004810627444650037}. Best is trial 53 with value: 29.935707092285156.
LOCAL_RANK: 0 - CUDA_VISIBLE_DEVICES: [0]
[I 2023-11-30 10:17:21,008] Trial 89 finished with value: 33.48124313354492 and parameters: {'gradient_clip_val': 0.14029401000424668, 'hidden_size': 90, 'dropout': 0.33314132600858104, 'hidden_continuous_size': 33, 'attention_head_size': 4, 'learning_rate': 0.006622344619728723}. Best is trial 53 with value: 29.935707092285156.
LOCAL_RANK: 0 - CUDA_VISIBLE_DEVICES: [0]
[I 2023-11-30 10:17:34,891] Trial 90 finished with value: 46.5020637512207 and parameters: {'gradient_clip_val': 0.1245481960618693, 'hidden_size': 99, 'dropout': 0.3478999914842053, 'hidden_continuous_size': 35, 'attention_head_size': 2, 'learning_rate': 0.0057143144921087815}. Best is trial 53 with value: 29.935707092285156.
LOCAL_RANK: 0 - CUDA_VISIBLE_DEVICES: [0]
[I 2023-11-30 10:17:49,124] Trial 91 finished with value: 30.912824630737305 and parameters: {'gradient_clip_val': 0.12127952067916345, 'hidden_size': 138, 'dropout': 0.3916867463014024, 'hidden_continuous_size': 27, 'attention_head_size': 4, 'learning_rate': 0.003516867313334329}. Best is trial 53 with value: 29.935707092285156.
LOCAL_RANK: 0 - CUDA_VISIBLE_DEVICES: [0]
[I 2023-11-30 10:18:03,311] Trial 92 finished with value: 30.76093101501465 and parameters: {'gradient_clip_val': 0.1173323395318902, 'hidden_size': 130, 'dropout': 0.3743026849832671, 'hidden_continuous_size': 28, 'attention_head_size': 4, 'learning_rate': 0.004251995289747062}. Best is trial 53 with value: 29.935707092285156.
LOCAL_RANK: 0 - CUDA_VISIBLE_DEVICES: [0]
[I 2023-11-30 10:18:17,748] Trial 93 finished with value: 38.12520980834961 and parameters: {'gradient_clip_val': 0.11394695462841545, 'hidden_size': 143, 'dropout': 0.37079756770361905, 'hidden_continuous_size': 23, 'attention_head_size': 4, 'learning_rate': 0.0031042344368040994}. Best is trial 53 with value: 29.935707092285156.
LOCAL_RANK: 0 - CUDA_VISIBLE_DEVICES: [0]
[I 2023-11-30 10:18:31,774] Trial 94 finished with value: 41.910003662109375 and parameters: {'gradient_clip_val': 0.10019395301427439, 'hidden_size': 130, 'dropout': 0.39119109438125993, 'hidden_continuous_size': 28, 'attention_head_size': 4, 'learning_rate': 0.004242762741005203}. Best is trial 53 with value: 29.935707092285156.
LOCAL_RANK: 0 - CUDA_VISIBLE_DEVICES: [0]
[I 2023-11-30 10:18:45,761] Trial 95 finished with value: 40.06444549560547 and parameters: {'gradient_clip_val': 0.12994606433414327, 'hidden_size': 114, 'dropout': 0.37483674607838924, 'hidden_continuous_size': 25, 'attention_head_size': 4, 'learning_rate': 0.003445306713060502}. Best is trial 53 with value: 29.935707092285156.
LOCAL_RANK: 0 - CUDA_VISIBLE_DEVICES: [0]
[I 2023-11-30 10:18:59,850] Trial 96 finished with value: 35.46158218383789 and parameters: {'gradient_clip_val': 0.11242480741229256, 'hidden_size': 123, 'dropout': 0.3827055686631983, 'hidden_continuous_size': 32, 'attention_head_size': 4, 'learning_rate': 0.0049385496440018115}. Best is trial 53 with value: 29.935707092285156.
LOCAL_RANK: 0 - CUDA_VISIBLE_DEVICES: [0]
[I 2023-11-30 10:19:14,144] Trial 97 finished with value: 30.97113037109375 and parameters: {'gradient_clip_val': 0.1512418947595002, 'hidden_size': 141, 'dropout': 0.35749114624552575, 'hidden_continuous_size': 30, 'attention_head_size': 4, 'learning_rate': 0.0037759085536255154}. Best is trial 53 with value: 29.935707092285156.
LOCAL_RANK: 0 - CUDA_VISIBLE_DEVICES: [0]
[I 2023-11-30 10:19:28,579] Trial 98 finished with value: 48.210872650146484 and parameters: {'gradient_clip_val': 0.13840371557429998, 'hidden_size': 142, 'dropout': 0.3582832850271931, 'hidden_continuous_size': 22, 'attention_head_size': 4, 'learning_rate': 0.00389808959931621}. Best is trial 53 with value: 29.935707092285156.
LOCAL_RANK: 0 - CUDA_VISIBLE_DEVICES: [0]
[I 2023-11-30 10:19:42,847] Trial 99 finished with value: 41.69081497192383 and parameters: {'gradient_clip_val': 0.15051922111306557, 'hidden_size': 137, 'dropout': 0.3684002647585362, 'hidden_continuous_size': 26, 'attention_head_size': 4, 'learning_rate': 0.002539352864477594}. Best is trial 53 with value: 29.935707092285156.
LOCAL_RANK: 0 - CUDA_VISIBLE_DEVICES: [0]
[I 2023-11-30 10:19:56,919] Trial 100 finished with value: 29.31714630126953 and parameters: {'gradient_clip_val': 0.16394249328352567, 'hidden_size': 122, 'dropout': 0.35523807886198056, 'hidden_continuous_size': 24, 'attention_head_size': 4, 'learning_rate': 0.0028821924064809995}. Best is trial 100 with value: 29.31714630126953.
LOCAL_RANK: 0 - CUDA_VISIBLE_DEVICES: [0]
