[I 2023-11-30 06:30:25,769] Trial 102 finished with value: 10.28794002532959 and parameters: {'gradient_clip_val': 0.4245596330098244, 'hidden_size': 32, 'dropout': 0.27245317962371013, 'hidden_continuous_size': 17, 'attention_head_size': 4, 'learning_rate': 0.041776718066674365}. Best is trial 49 with value: 6.799349308013916.
LOCAL_RANK: 0 - CUDA_VISIBLE_DEVICES: [0]
[I 2023-11-30 06:30:38,746] Trial 103 finished with value: 10.602619171142578 and parameters: {'gradient_clip_val': 0.5260455912117313, 'hidden_size': 38, 'dropout': 0.2927844006117881, 'hidden_continuous_size': 25, 'attention_head_size': 4, 'learning_rate': 0.053909512742021166}. Best is trial 49 with value: 6.799349308013916.
LOCAL_RANK: 0 - CUDA_VISIBLE_DEVICES: [0]
[I 2023-11-30 06:30:51,672] Trial 104 finished with value: 8.809694290161133 and parameters: {'gradient_clip_val': 0.6057791388086888, 'hidden_size': 43, 'dropout': 0.3152048422724463, 'hidden_continuous_size': 20, 'attention_head_size': 4, 'learning_rate': 0.037991823081455586}. Best is trial 49 with value: 6.799349308013916.
LOCAL_RANK: 0 - CUDA_VISIBLE_DEVICES: [0]
[I 2023-11-30 06:31:04,216] Trial 105 finished with value: 9.873393058776855 and parameters: {'gradient_clip_val': 0.3920415881360266, 'hidden_size': 36, 'dropout': 0.2794951742063335, 'hidden_continuous_size': 22, 'attention_head_size': 4, 'learning_rate': 0.07132518940743757}. Best is trial 49 with value: 6.799349308013916.
LOCAL_RANK: 0 - CUDA_VISIBLE_DEVICES: [0]
[I 2023-11-30 06:31:16,831] Trial 106 finished with value: 9.121201515197754 and parameters: {'gradient_clip_val': 0.501412998776444, 'hidden_size': 40, 'dropout': 0.30642229029361445, 'hidden_continuous_size': 14, 'attention_head_size': 4, 'learning_rate': 0.04939325411071035}. Best is trial 49 with value: 6.799349308013916.
LOCAL_RANK: 0 - CUDA_VISIBLE_DEVICES: [0]
[I 2023-11-30 06:31:29,281] Trial 107 finished with value: 8.060458183288574 and parameters: {'gradient_clip_val': 0.4384224966163259, 'hidden_size': 27, 'dropout': 0.2602559364654358, 'hidden_continuous_size': 16, 'attention_head_size': 4, 'learning_rate': 0.06548182208925}. Best is trial 49 with value: 6.799349308013916.
LOCAL_RANK: 0 - CUDA_VISIBLE_DEVICES: [0]
[I 2023-11-30 06:31:42,080] Trial 108 finished with value: 7.69780969619751 and parameters: {'gradient_clip_val': 0.47831213413619533, 'hidden_size': 31, 'dropout': 0.26804850628910776, 'hidden_continuous_size': 15, 'attention_head_size': 4, 'learning_rate': 0.055688006988752606}. Best is trial 49 with value: 6.799349308013916.
LOCAL_RANK: 0 - CUDA_VISIBLE_DEVICES: [0]
[I 2023-11-30 06:31:54,640] Trial 109 finished with value: 7.679707050323486 and parameters: {'gradient_clip_val': 0.5595565325886058, 'hidden_size': 37, 'dropout': 0.2844619028153064, 'hidden_continuous_size': 12, 'attention_head_size': 3, 'learning_rate': 0.044070803379441}. Best is trial 49 with value: 6.799349308013916.
LOCAL_RANK: 0 - CUDA_VISIBLE_DEVICES: [0]
[I 2023-11-30 06:32:07,413] Trial 110 finished with value: 10.017351150512695 and parameters: {'gradient_clip_val': 0.6499381905663733, 'hidden_size': 33, 'dropout': 0.2513036746499529, 'hidden_continuous_size': 18, 'attention_head_size': 4, 'learning_rate': 0.07930682502034732}. Best is trial 49 with value: 6.799349308013916.
LOCAL_RANK: 0 - CUDA_VISIBLE_DEVICES: [0]
[I 2023-11-30 06:32:19,965] Trial 111 finished with value: 8.007576942443848 and parameters: {'gradient_clip_val': 0.5708535987433767, 'hidden_size': 37, 'dropout': 0.3002776306735028, 'hidden_continuous_size': 12, 'attention_head_size': 3, 'learning_rate': 0.04290095307913612}. Best is trial 49 with value: 6.799349308013916.
LOCAL_RANK: 0 - CUDA_VISIBLE_DEVICES: [0]
[I 2023-11-30 06:32:32,779] Trial 112 finished with value: 8.25002384185791 and parameters: {'gradient_clip_val': 0.5552590780659302, 'hidden_size': 48, 'dropout': 0.2911926907093815, 'hidden_continuous_size': 13, 'attention_head_size': 3, 'learning_rate': 0.04880187993398851}. Best is trial 49 with value: 6.799349308013916.
LOCAL_RANK: 0 - CUDA_VISIBLE_DEVICES: [0]
[I 2023-11-30 06:32:45,471] Trial 113 finished with value: 8.874384880065918 and parameters: {'gradient_clip_val': 0.5139417521016629, 'hidden_size': 35, 'dropout': 0.28440833769302953, 'hidden_continuous_size': 22, 'attention_head_size': 3, 'learning_rate': 0.033654128114236716}. Best is trial 49 with value: 6.799349308013916.
LOCAL_RANK: 0 - CUDA_VISIBLE_DEVICES: [0]
[I 2023-11-30 06:32:57,815] Trial 114 finished with value: 7.917341709136963 and parameters: {'gradient_clip_val': 0.6208120900677898, 'hidden_size': 30, 'dropout': 0.39072125356795906, 'hidden_continuous_size': 12, 'attention_head_size': 3, 'learning_rate': 0.06228611843276491}. Best is trial 49 with value: 6.799349308013916.
LOCAL_RANK: 0 - CUDA_VISIBLE_DEVICES: [0]
[I 2023-11-30 06:33:10,629] Trial 115 finished with value: 7.4275641441345215 and parameters: {'gradient_clip_val': 0.5909375064913, 'hidden_size': 45, 'dropout': 0.2768850300019669, 'hidden_continuous_size': 11, 'attention_head_size': 3, 'learning_rate': 0.046416294201015014}. Best is trial 49 with value: 6.799349308013916.
LOCAL_RANK: 0 - CUDA_VISIBLE_DEVICES: [0]
[I 2023-11-30 06:33:23,484] Trial 116 finished with value: 7.552684783935547 and parameters: {'gradient_clip_val': 0.6817157034955467, 'hidden_size': 51, 'dropout': 0.27466512596222686, 'hidden_continuous_size': 11, 'attention_head_size': 3, 'learning_rate': 0.05621656902100501}. Best is trial 49 with value: 6.799349308013916.
LOCAL_RANK: 0 - CUDA_VISIBLE_DEVICES: [0]
[I 2023-11-30 06:33:36,261] Trial 117 finished with value: 10.158965110778809 and parameters: {'gradient_clip_val': 0.6984372409836527, 'hidden_size': 51, 'dropout': 0.276675190553112, 'hidden_continuous_size': 10, 'attention_head_size': 3, 'learning_rate': 0.07331324010209596}. Best is trial 49 with value: 6.799349308013916.
LOCAL_RANK: 0 - CUDA_VISIBLE_DEVICES: [0]
[I 2023-11-30 06:33:49,268] Trial 118 finished with value: 10.884757995605469 and parameters: {'gradient_clip_val': 0.7262609061807777, 'hidden_size': 57, 'dropout': 0.2721951140463836, 'hidden_continuous_size': 11, 'attention_head_size': 3, 'learning_rate': 0.05673511538736391}. Best is trial 49 with value: 6.799349308013916.
LOCAL_RANK: 0 - CUDA_VISIBLE_DEVICES: [0]
[I 2023-11-30 06:34:01,836] Trial 119 finished with value: 8.39699935913086 and parameters: {'gradient_clip_val': 0.6681241876570219, 'hidden_size': 45, 'dropout': 0.2633244696253369, 'hidden_continuous_size': 10, 'attention_head_size': 3, 'learning_rate': 0.09034840462821546}. Best is trial 49 with value: 6.799349308013916.
LOCAL_RANK: 0 - CUDA_VISIBLE_DEVICES: [0]
[I 2023-11-30 06:34:14,595] Trial 120 finished with value: 8.444531440734863 and parameters: {'gradient_clip_val': 0.6010758144384629, 'hidden_size': 49, 'dropout': 0.24075800889892174, 'hidden_continuous_size': 11, 'attention_head_size': 3, 'learning_rate': 0.0520593625779118}. Best is trial 49 with value: 6.799349308013916.
LOCAL_RANK: 0 - CUDA_VISIBLE_DEVICES: [0]
[I 2023-11-30 06:34:27,435] Trial 121 finished with value: 8.16538143157959 and parameters: {'gradient_clip_val': 0.6366294382310832, 'hidden_size': 41, 'dropout': 0.25903113113546217, 'hidden_continuous_size': 29, 'attention_head_size': 3, 'learning_rate': 0.06441862923358935}. Best is trial 49 with value: 6.799349308013916.
LOCAL_RANK: 0 - CUDA_VISIBLE_DEVICES: [0]
[I 2023-11-30 06:34:40,676] Trial 122 finished with value: 11.080412864685059 and parameters: {'gradient_clip_val': 0.5790268732222928, 'hidden_size': 63, 'dropout': 0.27859498095281954, 'hidden_continuous_size': 10, 'attention_head_size': 4, 'learning_rate': 0.038722826062654224}. Best is trial 49 with value: 6.799349308013916.
LOCAL_RANK: 0 - CUDA_VISIBLE_DEVICES: [0]
[I 2023-11-30 06:34:53,797] Trial 123 finished with value: 7.330851078033447 and parameters: {'gradient_clip_val': 0.45777190219812275, 'hidden_size': 53, 'dropout': 0.2681755590205733, 'hidden_continuous_size': 23, 'attention_head_size': 3, 'learning_rate': 0.04735462299284111}. Best is trial 49 with value: 6.799349308013916.
LOCAL_RANK: 0 - CUDA_VISIBLE_DEVICES: [0]
[I 2023-11-30 06:35:06,762] Trial 124 finished with value: 8.425786018371582 and parameters: {'gradient_clip_val': 0.6901278289879169, 'hidden_size': 53, 'dropout': 0.3532069997005253, 'hidden_continuous_size': 24, 'attention_head_size': 3, 'learning_rate': 0.05862521299799359}. Best is trial 49 with value: 6.799349308013916.
LOCAL_RANK: 0 - CUDA_VISIBLE_DEVICES: [0]
[I 2023-11-30 06:35:19,610] Trial 125 finished with value: 7.925024032592773 and parameters: {'gradient_clip_val': 0.2559808175918431, 'hidden_size': 48, 'dropout': 0.27047803708788853, 'hidden_continuous_size': 27, 'attention_head_size': 3, 'learning_rate': 0.08116775656913224}. Best is trial 49 with value: 6.799349308013916.
LOCAL_RANK: 0 - CUDA_VISIBLE_DEVICES: [0]
[I 2023-11-30 06:35:32,928] Trial 126 finished with value: 7.880443572998047 and parameters: {'gradient_clip_val': 0.7494257278559993, 'hidden_size': 55, 'dropout': 0.25482716878307715, 'hidden_continuous_size': 31, 'attention_head_size': 3, 'learning_rate': 0.049030799816367265}. Best is trial 49 with value: 6.799349308013916.
LOCAL_RANK: 0 - CUDA_VISIBLE_DEVICES: [0]
[I 2023-11-30 06:35:45,729] Trial 127 finished with value: 7.054664611816406 and parameters: {'gradient_clip_val': 0.6101632104408552, 'hidden_size': 44, 'dropout': 0.24681859394249978, 'hidden_continuous_size': 11, 'attention_head_size': 3, 'learning_rate': 0.046723283696323614}. Best is trial 49 with value: 6.799349308013916.
LOCAL_RANK: 0 - CUDA_VISIBLE_DEVICES: [0]
[I 2023-11-30 06:35:58,567] Trial 128 finished with value: 9.297157287597656 and parameters: {'gradient_clip_val': 0.6149908733729352, 'hidden_size': 47, 'dropout': 0.2453809679336364, 'hidden_continuous_size': 11, 'attention_head_size': 3, 'learning_rate': 0.035248612778199934}. Best is trial 49 with value: 6.799349308013916.
LOCAL_RANK: 0 - CUDA_VISIBLE_DEVICES: [0]
[I 2023-11-30 06:36:11,529] Trial 129 finished with value: 7.503498554229736 and parameters: {'gradient_clip_val': 0.6555961559223523, 'hidden_size': 50, 'dropout': 0.29787889742737456, 'hidden_continuous_size': 23, 'attention_head_size': 3, 'learning_rate': 0.04663479742163707}. Best is trial 49 with value: 6.799349308013916.
LOCAL_RANK: 0 - CUDA_VISIBLE_DEVICES: [0]
[I 2023-11-30 06:36:24,588] Trial 130 finished with value: 10.90639591217041 and parameters: {'gradient_clip_val': 0.7991125811943637, 'hidden_size': 51, 'dropout': 0.2353310941775109, 'hidden_continuous_size': 23, 'attention_head_size': 3, 'learning_rate': 0.045733485869673636}. Best is trial 49 with value: 6.799349308013916.
LOCAL_RANK: 0 - CUDA_VISIBLE_DEVICES: [0]
[I 2023-11-30 06:36:37,287] Trial 131 finished with value: 8.232606887817383 and parameters: {'gradient_clip_val': 0.6598773696943445, 'hidden_size': 44, 'dropout': 0.2968393973042129, 'hidden_continuous_size': 25, 'attention_head_size': 3, 'learning_rate': 0.0535022513980368}. Best is trial 49 with value: 6.799349308013916.
LOCAL_RANK: 0 - CUDA_VISIBLE_DEVICES: [0]
[I 2023-11-30 06:36:50,866] Trial 132 finished with value: 8.087241172790527 and parameters: {'gradient_clip_val': 0.6992196902641727, 'hidden_size': 58, 'dropout': 0.3097981443957487, 'hidden_continuous_size': 35, 'attention_head_size': 3, 'learning_rate': 0.030102857493508255}. Best is trial 49 with value: 6.799349308013916.
LOCAL_RANK: 0 - CUDA_VISIBLE_DEVICES: [0]
[I 2023-11-30 06:37:03,741] Trial 133 finished with value: 7.745933532714844 and parameters: {'gradient_clip_val': 0.7374408434868219, 'hidden_size': 45, 'dropout': 0.3817126623092132, 'hidden_continuous_size': 23, 'attention_head_size': 3, 'learning_rate': 0.04714766794396431}. Best is trial 49 with value: 6.799349308013916.
LOCAL_RANK: 0 - CUDA_VISIBLE_DEVICES: [0]
[I 2023-11-30 06:37:16,636] Trial 134 finished with value: 8.841708183288574 and parameters: {'gradient_clip_val': 0.6366481736349235, 'hidden_size': 50, 'dropout': 0.2912279720947435, 'hidden_continuous_size': 26, 'attention_head_size': 3, 'learning_rate': 0.03991058951766318}. Best is trial 49 with value: 6.799349308013916.
LOCAL_RANK: 0 - CUDA_VISIBLE_DEVICES: [0]
[I 2023-11-30 06:37:30,036] Trial 135 finished with value: 8.211030006408691 and parameters: {'gradient_clip_val': 0.5938077413919236, 'hidden_size': 62, 'dropout': 0.3443404372462421, 'hidden_continuous_size': 28, 'attention_head_size': 3, 'learning_rate': 0.05678519542941276}. Best is trial 49 with value: 6.799349308013916.
LOCAL_RANK: 0 - CUDA_VISIBLE_DEVICES: [0]
[I 2023-11-30 06:37:43,239] Trial 136 finished with value: 8.002018928527832 and parameters: {'gradient_clip_val': 0.5289982634156063, 'hidden_size': 54, 'dropout': 0.26605466317794235, 'hidden_continuous_size': 32, 'attention_head_size': 3, 'learning_rate': 0.060059813250856554}. Best is trial 49 with value: 6.799349308013916.
LOCAL_RANK: 0 - CUDA_VISIBLE_DEVICES: [0]
[I 2023-11-30 06:37:56,333] Trial 137 finished with value: 9.006779670715332 and parameters: {'gradient_clip_val': 0.1606423578744698, 'hidden_size': 43, 'dropout': 0.2763758131004885, 'hidden_continuous_size': 25, 'attention_head_size': 3, 'learning_rate': 0.03644525094510603}. Best is trial 49 with value: 6.799349308013916.
LOCAL_RANK: 0 - CUDA_VISIBLE_DEVICES: [0]
[I 2023-11-30 06:38:09,296] Trial 138 finished with value: 9.12761402130127 and parameters: {'gradient_clip_val': 0.6645283444853539, 'hidden_size': 47, 'dropout': 0.36857911742657135, 'hidden_continuous_size': 27, 'attention_head_size': 3, 'learning_rate': 0.07032415865124358}. Best is trial 49 with value: 6.799349308013916.
LOCAL_RANK: 0 - CUDA_VISIBLE_DEVICES: [0]
[I 2023-11-30 06:38:22,071] Trial 139 finished with value: 9.102072715759277 and parameters: {'gradient_clip_val': 0.8394880160560008, 'hidden_size': 41, 'dropout': 0.3015676561439463, 'hidden_continuous_size': 23, 'attention_head_size': 2, 'learning_rate': 0.05283736779524434}. Best is trial 49 with value: 6.799349308013916.
LOCAL_RANK: 0 - CUDA_VISIBLE_DEVICES: [0]
[I 2023-11-30 06:38:34,838] Trial 140 finished with value: 8.561997413635254 and parameters: {'gradient_clip_val': 0.45810451448580347, 'hidden_size': 50, 'dropout': 0.36041347594762235, 'hidden_continuous_size': 13, 'attention_head_size': 3, 'learning_rate': 0.026680148917226833}. Best is trial 49 with value: 6.799349308013916.
LOCAL_RANK: 0 - CUDA_VISIBLE_DEVICES: [0]
[I 2023-11-30 06:38:47,164] Trial 141 finished with value: 8.208569526672363 and parameters: {'gradient_clip_val': 0.5825214481395479, 'hidden_size': 28, 'dropout': 0.2525150811082515, 'hidden_continuous_size': 20, 'attention_head_size': 3, 'learning_rate': 0.06477563216070896}. Best is trial 49 with value: 6.799349308013916.
LOCAL_RANK: 0 - CUDA_VISIBLE_DEVICES: [0]
[I 2023-11-30 06:38:59,962] Trial 142 finished with value: 8.743861198425293 and parameters: {'gradient_clip_val': 0.6094227451231093, 'hidden_size': 39, 'dropout': 0.2627243012632076, 'hidden_continuous_size': 11, 'attention_head_size': 3, 'learning_rate': 0.05019694772523034}. Best is trial 49 with value: 6.799349308013916.
LOCAL_RANK: 0 - CUDA_VISIBLE_DEVICES: [0]
[I 2023-11-30 06:39:12,118] Trial 143 finished with value: 9.50206184387207 and parameters: {'gradient_clip_val': 0.5596469433965571, 'hidden_size': 25, 'dropout': 0.24317692436198657, 'hidden_continuous_size': 21, 'attention_head_size': 1, 'learning_rate': 0.0706411912585303}. Best is trial 49 with value: 6.799349308013916.
LOCAL_RANK: 0 - CUDA_VISIBLE_DEVICES: [0]
[I 2023-11-30 06:39:24,576] Trial 144 finished with value: 7.3364129066467285 and parameters: {'gradient_clip_val': 0.5016956453749342, 'hidden_size': 33, 'dropout': 0.22758700599168669, 'hidden_continuous_size': 11, 'attention_head_size': 3, 'learning_rate': 0.04545737367791011}. Best is trial 49 with value: 6.799349308013916.
LOCAL_RANK: 0 - CUDA_VISIBLE_DEVICES: [0]
[I 2023-11-30 06:39:37,481] Trial 145 finished with value: 8.114249229431152 and parameters: {'gradient_clip_val': 0.5100486217085616, 'hidden_size': 53, 'dropout': 0.2296935408941489, 'hidden_continuous_size': 12, 'attention_head_size': 3, 'learning_rate': 0.04089040818244586}. Best is trial 49 with value: 6.799349308013916.
LOCAL_RANK: 0 - CUDA_VISIBLE_DEVICES: [0]
[I 2023-11-30 06:39:51,045] Trial 146 finished with value: 7.986924648284912 and parameters: {'gradient_clip_val': 0.5387065230819028, 'hidden_size': 72, 'dropout': 0.32015315194248206, 'hidden_continuous_size': 46, 'attention_head_size': 3, 'learning_rate': 0.04490605496929887}. Best is trial 49 with value: 6.799349308013916.
LOCAL_RANK: 0 - CUDA_VISIBLE_DEVICES: [0]
[I 2023-11-30 06:40:03,963] Trial 147 finished with value: 7.519164562225342 and parameters: {'gradient_clip_val': 0.48528103240257026, 'hidden_size': 43, 'dropout': 0.22413901078163753, 'hidden_continuous_size': 11, 'attention_head_size': 3, 'learning_rate': 0.046677300625622545}. Best is trial 49 with value: 6.799349308013916.
LOCAL_RANK: 0 - CUDA_VISIBLE_DEVICES: [0]
[I 2023-11-30 06:40:16,590] Trial 148 finished with value: 8.111095428466797 and parameters: {'gradient_clip_val': 0.46017179934400415, 'hidden_size': 43, 'dropout': 0.2253444656904838, 'hidden_continuous_size': 10, 'attention_head_size': 3, 'learning_rate': 0.04588158512912093}. Best is trial 49 with value: 6.799349308013916.
LOCAL_RANK: 0 - CUDA_VISIBLE_DEVICES: [0]
[I 2023-11-30 06:40:29,295] Trial 149 finished with value: 7.459280490875244 and parameters: {'gradient_clip_val': 0.4831614777874493, 'hidden_size': 45, 'dropout': 0.23433375232848908, 'hidden_continuous_size': 11, 'attention_head_size': 3, 'learning_rate': 0.03433451884497971}. Best is trial 49 with value: 6.799349308013916.
[I 2023-11-30 06:40:29,408] A new study created in memory with name: no-name-42f8d7d4-6a86-4962-aa4c-db2b58b50725
/home/le004/conda/anaconda3/envs/tsff_env/lib/python3.9/site-packages/lightning/fabric/plugins/environments/slurm.py:191: The `srun` command is available on your system but is not used. HINT: If your intention is to run Lightning on SLURM, prepend your python command with `srun` like so: srun python /home/le004/master_thesis/git/TSFusionForecast/code/ ...
LOCAL_RANK: 0 - CUDA_VISIBLE_DEVICES: [0]
[I 2023-11-30 06:40:41,739] Trial 0 finished with value: 10.2659330368042 and parameters: {'gradient_clip_val': 0.3246467911830497, 'hidden_size': 43, 'dropout': 0.3265466088912646, 'hidden_continuous_size': 10, 'attention_head_size': 1, 'learning_rate': 0.02406779804874002}. Best is trial 0 with value: 10.2659330368042.
LOCAL_RANK: 0 - CUDA_VISIBLE_DEVICES: [0]
[I 2023-11-30 06:40:54,052] Trial 1 finished with value: 16.14691734313965 and parameters: {'gradient_clip_val': 0.24815210680520544, 'hidden_size': 28, 'dropout': 0.37839456996759946, 'hidden_continuous_size': 21, 'attention_head_size': 4, 'learning_rate': 0.006849809086797093}. Best is trial 0 with value: 10.2659330368042.
LOCAL_RANK: 0 - CUDA_VISIBLE_DEVICES: [0]
[I 2023-11-30 06:41:06,815] Trial 2 finished with value: 11.858406066894531 and parameters: {'gradient_clip_val': 0.17062968280154808, 'hidden_size': 37, 'dropout': 0.3519610658935023, 'hidden_continuous_size': 14, 'attention_head_size': 2, 'learning_rate': 0.009038315209049855}. Best is trial 0 with value: 10.2659330368042.
LOCAL_RANK: 0 - CUDA_VISIBLE_DEVICES: [0]
[I 2023-11-30 06:41:19,694] Trial 3 finished with value: 12.31691837310791 and parameters: {'gradient_clip_val': 0.3716227552552707, 'hidden_size': 50, 'dropout': 0.3225604635946059, 'hidden_continuous_size': 16, 'attention_head_size': 3, 'learning_rate': 0.007307449187763792}. Best is trial 0 with value: 10.2659330368042.
LOCAL_RANK: 0 - CUDA_VISIBLE_DEVICES: [0]
[I 2023-11-30 06:41:31,828] Trial 4 finished with value: 10.602684020996094 and parameters: {'gradient_clip_val': 0.11213356542972407, 'hidden_size': 27, 'dropout': 0.23829772486361017, 'hidden_continuous_size': 13, 'attention_head_size': 1, 'learning_rate': 0.02234902537801607}. Best is trial 0 with value: 10.2659330368042.
LOCAL_RANK: 0 - CUDA_VISIBLE_DEVICES: [0]
[I 2023-11-30 06:41:44,353] Trial 5 finished with value: 42.800045013427734 and parameters: {'gradient_clip_val': 0.12963861868602472, 'hidden_size': 34, 'dropout': 0.33270816280717597, 'hidden_continuous_size': 11, 'attention_head_size': 4, 'learning_rate': 0.0011704570552583727}. Best is trial 0 with value: 10.2659330368042.
LOCAL_RANK: 0 - CUDA_VISIBLE_DEVICES: [0]
[I 2023-11-30 06:41:58,318] Trial 6 finished with value: 12.986839294433594 and parameters: {'gradient_clip_val': 0.11181144401930823, 'hidden_size': 127, 'dropout': 0.24315406081322444, 'hidden_continuous_size': 29, 'attention_head_size': 3, 'learning_rate': 0.0016479723992785214}. Best is trial 0 with value: 10.2659330368042.
LOCAL_RANK: 0 - CUDA_VISIBLE_DEVICES: [0]
[I 2023-11-30 06:42:10,961] Trial 7 finished with value: 6.33915376663208 and parameters: {'gradient_clip_val': 0.9987212696700163, 'hidden_size': 35, 'dropout': 0.20701753369716375, 'hidden_continuous_size': 10, 'attention_head_size': 3, 'learning_rate': 0.03825898903276434}. Best is trial 7 with value: 6.33915376663208.
LOCAL_RANK: 0 - CUDA_VISIBLE_DEVICES: [0]
[I 2023-11-30 06:42:24,428] Trial 8 finished with value: 7.425573825836182 and parameters: {'gradient_clip_val': 0.2704477515954735, 'hidden_size': 55, 'dropout': 0.25994127876843354, 'hidden_continuous_size': 34, 'attention_head_size': 4, 'learning_rate': 0.03201589220539264}. Best is trial 7 with value: 6.33915376663208.
LOCAL_RANK: 0 - CUDA_VISIBLE_DEVICES: [0]
[I 2023-11-30 06:42:36,376] Trial 9 finished with value: 25.235984802246094 and parameters: {'gradient_clip_val': 0.22410430183620966, 'hidden_size': 18, 'dropout': 0.3298969826244925, 'hidden_continuous_size': 10, 'attention_head_size': 1, 'learning_rate': 0.01081686206502489}. Best is trial 7 with value: 6.33915376663208.
LOCAL_RANK: 0 - CUDA_VISIBLE_DEVICES: [0]
