[I 2023-11-30 09:27:50,690] Trial 19 finished with value: 182.7377166748047 and parameters: {'gradient_clip_val': 0.4431748325966323, 'hidden_size': 98, 'dropout': 0.2635613784361276, 'hidden_continuous_size': 40, 'attention_head_size': 2, 'learning_rate': 0.001049196181318742}. Best is trial 3 with value: 135.29627990722656.
LOCAL_RANK: 0 - CUDA_VISIBLE_DEVICES: [0]
[I 2023-11-30 09:28:04,772] Trial 20 finished with value: 161.41090393066406 and parameters: {'gradient_clip_val': 0.10123812714813807, 'hidden_size': 98, 'dropout': 0.32398890726127666, 'hidden_continuous_size': 61, 'attention_head_size': 3, 'learning_rate': 0.0022459182924012755}. Best is trial 3 with value: 135.29627990722656.
LOCAL_RANK: 0 - CUDA_VISIBLE_DEVICES: [0]
[I 2023-11-30 09:28:18,948] Trial 21 finished with value: 157.41522216796875 and parameters: {'gradient_clip_val': 0.14847517878018798, 'hidden_size': 145, 'dropout': 0.14263914645784082, 'hidden_continuous_size': 63, 'attention_head_size': 1, 'learning_rate': 0.00325262403337449}. Best is trial 3 with value: 135.29627990722656.
LOCAL_RANK: 0 - CUDA_VISIBLE_DEVICES: [0]
[I 2023-11-30 09:28:32,059] Trial 22 finished with value: 307.692626953125 and parameters: {'gradient_clip_val': 0.11966835498592479, 'hidden_size': 61, 'dropout': 0.19827589003983948, 'hidden_continuous_size': 21, 'attention_head_size': 1, 'learning_rate': 0.0016166044890258623}. Best is trial 3 with value: 135.29627990722656.
LOCAL_RANK: 0 - CUDA_VISIBLE_DEVICES: [0]
[I 2023-11-30 09:28:45,369] Trial 23 finished with value: 152.19650268554688 and parameters: {'gradient_clip_val': 0.1684979654589858, 'hidden_size': 68, 'dropout': 0.24300357909336387, 'hidden_continuous_size': 33, 'attention_head_size': 2, 'learning_rate': 0.002786033711781427}. Best is trial 3 with value: 135.29627990722656.
LOCAL_RANK: 0 - CUDA_VISIBLE_DEVICES: [0]
[I 2023-11-30 09:28:59,306] Trial 24 finished with value: 167.85694885253906 and parameters: {'gradient_clip_val': 0.1002059199810453, 'hidden_size': 103, 'dropout': 0.2768334408360463, 'hidden_continuous_size': 62, 'attention_head_size': 1, 'learning_rate': 0.004706631829122036}. Best is trial 3 with value: 135.29627990722656.
LOCAL_RANK: 0 - CUDA_VISIBLE_DEVICES: [0]
[I 2023-11-30 09:29:12,240] Trial 25 finished with value: 134.27577209472656 and parameters: {'gradient_clip_val': 0.18343668438839544, 'hidden_size': 43, 'dropout': 0.142274938509671, 'hidden_continuous_size': 24, 'attention_head_size': 2, 'learning_rate': 0.007202973198671348}. Best is trial 25 with value: 134.27577209472656.
LOCAL_RANK: 0 - CUDA_VISIBLE_DEVICES: [0]
[I 2023-11-30 09:29:24,917] Trial 26 finished with value: 159.52122497558594 and parameters: {'gradient_clip_val': 0.18254384342650495, 'hidden_size': 37, 'dropout': 0.20742920435474033, 'hidden_continuous_size': 24, 'attention_head_size': 2, 'learning_rate': 0.007899109963583634}. Best is trial 25 with value: 134.27577209472656.
LOCAL_RANK: 0 - CUDA_VISIBLE_DEVICES: [0]
[I 2023-11-30 09:29:37,895] Trial 27 finished with value: 135.2196807861328 and parameters: {'gradient_clip_val': 0.1368485444753269, 'hidden_size': 46, 'dropout': 0.24811753105611828, 'hidden_continuous_size': 24, 'attention_head_size': 3, 'learning_rate': 0.013738879295734788}. Best is trial 25 with value: 134.27577209472656.
LOCAL_RANK: 0 - CUDA_VISIBLE_DEVICES: [0]
[I 2023-11-30 09:29:50,697] Trial 28 finished with value: 160.97206115722656 and parameters: {'gradient_clip_val': 0.14216622399502768, 'hidden_size': 46, 'dropout': 0.24591700221343285, 'hidden_continuous_size': 25, 'attention_head_size': 3, 'learning_rate': 0.012871541085408911}. Best is trial 25 with value: 134.27577209472656.
LOCAL_RANK: 0 - CUDA_VISIBLE_DEVICES: [0]
[I 2023-11-30 09:30:03,687] Trial 29 finished with value: 153.677978515625 and parameters: {'gradient_clip_val': 0.2605148672511656, 'hidden_size': 39, 'dropout': 0.1657265647286979, 'hidden_continuous_size': 22, 'attention_head_size': 4, 'learning_rate': 0.015649784415054407}. Best is trial 25 with value: 134.27577209472656.
LOCAL_RANK: 0 - CUDA_VISIBLE_DEVICES: [0]
[I 2023-11-30 09:30:16,293] Trial 30 finished with value: 185.60345458984375 and parameters: {'gradient_clip_val': 0.18313911959707493, 'hidden_size': 26, 'dropout': 0.13855314482808986, 'hidden_continuous_size': 20, 'attention_head_size': 3, 'learning_rate': 0.00668113314322357}. Best is trial 25 with value: 134.27577209472656.
LOCAL_RANK: 0 - CUDA_VISIBLE_DEVICES: [0]
[I 2023-11-30 09:30:30,068] Trial 31 finished with value: 140.1826171875 and parameters: {'gradient_clip_val': 0.13297039105028427, 'hidden_size': 116, 'dropout': 0.20393582078849903, 'hidden_continuous_size': 31, 'attention_head_size': 3, 'learning_rate': 0.004829117528625389}. Best is trial 25 with value: 134.27577209472656.
LOCAL_RANK: 0 - CUDA_VISIBLE_DEVICES: [0]
[I 2023-11-30 09:30:43,551] Trial 32 finished with value: 194.0725860595703 and parameters: {'gradient_clip_val': 0.11263699484438351, 'hidden_size': 79, 'dropout': 0.2518061106253826, 'hidden_continuous_size': 26, 'attention_head_size': 2, 'learning_rate': 0.016611219874126722}. Best is trial 25 with value: 134.27577209472656.
LOCAL_RANK: 0 - CUDA_VISIBLE_DEVICES: [0]
[I 2023-11-30 09:30:56,519] Trial 33 finished with value: 150.3260955810547 and parameters: {'gradient_clip_val': 0.12067939357048928, 'hidden_size': 52, 'dropout': 0.23283430687402903, 'hidden_continuous_size': 27, 'attention_head_size': 2, 'learning_rate': 0.006814359333347478}. Best is trial 25 with value: 134.27577209472656.
LOCAL_RANK: 0 - CUDA_VISIBLE_DEVICES: [0]
[I 2023-11-30 09:31:11,039] Trial 34 finished with value: 138.9169158935547 and parameters: {'gradient_clip_val': 0.1372261926762256, 'hidden_size': 143, 'dropout': 0.12423238711957735, 'hidden_continuous_size': 79, 'attention_head_size': 3, 'learning_rate': 0.0038206280337379863}. Best is trial 25 with value: 134.27577209472656.
LOCAL_RANK: 0 - CUDA_VISIBLE_DEVICES: [0]
[I 2023-11-30 09:31:24,609] Trial 35 finished with value: 141.44789123535156 and parameters: {'gradient_clip_val': 0.11419955050208405, 'hidden_size': 68, 'dropout': 0.16115658278518163, 'hidden_continuous_size': 35, 'attention_head_size': 2, 'learning_rate': 0.010014144752027797}. Best is trial 25 with value: 134.27577209472656.
LOCAL_RANK: 0 - CUDA_VISIBLE_DEVICES: [0]
[I 2023-11-30 09:31:37,506] Trial 36 finished with value: 179.373291015625 and parameters: {'gradient_clip_val': 0.16092399260777282, 'hidden_size': 56, 'dropout': 0.2784258853684409, 'hidden_continuous_size': 24, 'attention_head_size': 2, 'learning_rate': 0.006271032444378076}. Best is trial 25 with value: 134.27577209472656.
LOCAL_RANK: 0 - CUDA_VISIBLE_DEVICES: [0]
[I 2023-11-30 09:31:50,784] Trial 37 finished with value: 133.90406799316406 and parameters: {'gradient_clip_val': 0.12994560150319287, 'hidden_size': 64, 'dropout': 0.18373753689253627, 'hidden_continuous_size': 29, 'attention_head_size': 3, 'learning_rate': 0.004658404482526109}. Best is trial 37 with value: 133.90406799316406.
LOCAL_RANK: 0 - CUDA_VISIBLE_DEVICES: [0]
[I 2023-11-30 09:32:03,791] Trial 38 finished with value: 142.928466796875 and parameters: {'gradient_clip_val': 0.23737840182693998, 'hidden_size': 43, 'dropout': 0.1804277461773366, 'hidden_continuous_size': 28, 'attention_head_size': 4, 'learning_rate': 0.004756630372850353}. Best is trial 37 with value: 133.90406799316406.
LOCAL_RANK: 0 - CUDA_VISIBLE_DEVICES: [0]
[I 2023-11-30 09:32:16,758] Trial 39 finished with value: 151.61328125 and parameters: {'gradient_clip_val': 0.2061597344253145, 'hidden_size': 52, 'dropout': 0.15403196396528718, 'hidden_continuous_size': 27, 'attention_head_size': 3, 'learning_rate': 0.010996224062127049}. Best is trial 37 with value: 133.90406799316406.
LOCAL_RANK: 0 - CUDA_VISIBLE_DEVICES: [0]
[I 2023-11-30 09:32:29,631] Trial 40 finished with value: 162.8997802734375 and parameters: {'gradient_clip_val': 0.27505568917352374, 'hidden_size': 35, 'dropout': 0.12262876123551887, 'hidden_continuous_size': 24, 'attention_head_size': 3, 'learning_rate': 0.008295166858396154}. Best is trial 37 with value: 133.90406799316406.
LOCAL_RANK: 0 - CUDA_VISIBLE_DEVICES: [0]
[I 2023-11-30 09:32:42,982] Trial 41 finished with value: 114.93972778320312 and parameters: {'gradient_clip_val': 0.12390743418179476, 'hidden_size': 67, 'dropout': 0.21198775349915489, 'hidden_continuous_size': 32, 'attention_head_size': 3, 'learning_rate': 0.005640908890281424}. Best is trial 41 with value: 114.93972778320312.
LOCAL_RANK: 0 - CUDA_VISIBLE_DEVICES: [0]
[I 2023-11-30 09:32:56,334] Trial 42 finished with value: 139.89686584472656 and parameters: {'gradient_clip_val': 0.13862435524026914, 'hidden_size': 62, 'dropout': 0.1766248021980526, 'hidden_continuous_size': 30, 'attention_head_size': 3, 'learning_rate': 0.006681480383408837}. Best is trial 41 with value: 114.93972778320312.
LOCAL_RANK: 0 - CUDA_VISIBLE_DEVICES: [0]
[I 2023-11-30 09:33:09,472] Trial 43 finished with value: 136.7731170654297 and parameters: {'gradient_clip_val': 0.17609447428137878, 'hidden_size': 49, 'dropout': 0.19340653280169873, 'hidden_continuous_size': 32, 'attention_head_size': 3, 'learning_rate': 0.005278381708264721}. Best is trial 41 with value: 114.93972778320312.
LOCAL_RANK: 0 - CUDA_VISIBLE_DEVICES: [0]
[I 2023-11-30 09:33:22,456] Trial 44 finished with value: 184.0847930908203 and parameters: {'gradient_clip_val': 0.1512841072372175, 'hidden_size': 42, 'dropout': 0.2079734855960756, 'hidden_continuous_size': 29, 'attention_head_size': 4, 'learning_rate': 0.0041397687937462175}. Best is trial 41 with value: 114.93972778320312.
LOCAL_RANK: 0 - CUDA_VISIBLE_DEVICES: [0]
[I 2023-11-30 09:33:36,016] Trial 45 finished with value: 222.03111267089844 and parameters: {'gradient_clip_val': 0.1291871646470969, 'hidden_size': 55, 'dropout': 0.23344446066534152, 'hidden_continuous_size': 26, 'attention_head_size': 3, 'learning_rate': 0.005862815805263576}. Best is trial 41 with value: 114.93972778320312.
LOCAL_RANK: 0 - CUDA_VISIBLE_DEVICES: [0]
[I 2023-11-30 09:33:48,742] Trial 46 finished with value: 133.03646850585938 and parameters: {'gradient_clip_val': 0.19615864015905277, 'hidden_size': 34, 'dropout': 0.1912738801095064, 'hidden_continuous_size': 25, 'attention_head_size': 3, 'learning_rate': 0.008165712777779582}. Best is trial 41 with value: 114.93972778320312.
LOCAL_RANK: 0 - CUDA_VISIBLE_DEVICES: [0]
[I 2023-11-30 09:34:02,290] Trial 47 finished with value: 142.8776397705078 and parameters: {'gradient_clip_val': 0.19707451215488497, 'hidden_size': 69, 'dropout': 0.18919266671833193, 'hidden_continuous_size': 37, 'attention_head_size': 3, 'learning_rate': 0.008413533646748022}. Best is trial 41 with value: 114.93972778320312.
LOCAL_RANK: 0 - CUDA_VISIBLE_DEVICES: [0]
[I 2023-11-30 09:34:15,041] Trial 48 finished with value: 185.0914764404297 and parameters: {'gradient_clip_val': 0.14761230128790487, 'hidden_size': 34, 'dropout': 0.17421015746964633, 'hidden_continuous_size': 23, 'attention_head_size': 4, 'learning_rate': 0.011684658964782643}. Best is trial 41 with value: 114.93972778320312.
LOCAL_RANK: 0 - CUDA_VISIBLE_DEVICES: [0]
[I 2023-11-30 09:34:28,065] Trial 49 finished with value: 139.66822814941406 and parameters: {'gradient_clip_val': 0.11066267655448506, 'hidden_size': 50, 'dropout': 0.19111320329038822, 'hidden_continuous_size': 20, 'attention_head_size': 3, 'learning_rate': 0.013627882427141885}. Best is trial 41 with value: 114.93972778320312.
LOCAL_RANK: 0 - CUDA_VISIBLE_DEVICES: [0]
[I 2023-11-30 09:34:40,393] Trial 50 finished with value: 154.07057189941406 and parameters: {'gradient_clip_val': 0.1653963309141522, 'hidden_size': 24, 'dropout': 0.21109339843105493, 'hidden_continuous_size': 19, 'attention_head_size': 3, 'learning_rate': 0.02107327738809501}. Best is trial 41 with value: 114.93972778320312.
LOCAL_RANK: 0 - CUDA_VISIBLE_DEVICES: [0]
[I 2023-11-30 09:34:53,215] Trial 51 finished with value: 157.92759704589844 and parameters: {'gradient_clip_val': 0.12722980926574293, 'hidden_size': 40, 'dropout': 0.16796130169999798, 'hidden_continuous_size': 28, 'attention_head_size': 3, 'learning_rate': 0.009517126013732474}. Best is trial 41 with value: 114.93972778320312.
LOCAL_RANK: 0 - CUDA_VISIBLE_DEVICES: [0]
[I 2023-11-30 09:35:06,010] Trial 52 finished with value: 164.65736389160156 and parameters: {'gradient_clip_val': 0.21894584185187096, 'hidden_size': 44, 'dropout': 0.22471850870248056, 'hidden_continuous_size': 25, 'attention_head_size': 3, 'learning_rate': 0.007951862791244897}. Best is trial 41 with value: 114.93972778320312.
LOCAL_RANK: 0 - CUDA_VISIBLE_DEVICES: [0]
[I 2023-11-30 09:35:18,496] Trial 53 finished with value: 293.589599609375 and parameters: {'gradient_clip_val': 0.19367615664119972, 'hidden_size': 32, 'dropout': 0.2626836856520153, 'hidden_continuous_size': 23, 'attention_head_size': 3, 'learning_rate': 0.0032960381967437635}. Best is trial 41 with value: 114.93972778320312.
LOCAL_RANK: 0 - CUDA_VISIBLE_DEVICES: [0]
[I 2023-11-30 09:35:31,321] Trial 54 finished with value: 169.50486755371094 and parameters: {'gradient_clip_val': 0.17001610563130543, 'hidden_size': 48, 'dropout': 0.19496472046487276, 'hidden_continuous_size': 29, 'attention_head_size': 3, 'learning_rate': 0.0052343182086205045}. Best is trial 41 with value: 114.93972778320312.
LOCAL_RANK: 0 - CUDA_VISIBLE_DEVICES: [0]
[I 2023-11-30 09:35:44,922] Trial 55 finished with value: 128.96449279785156 and parameters: {'gradient_clip_val': 0.1582108309444501, 'hidden_size': 58, 'dropout': 0.21603822834063555, 'hidden_continuous_size': 32, 'attention_head_size': 4, 'learning_rate': 0.004240932682279218}. Best is trial 41 with value: 114.93972778320312.
LOCAL_RANK: 0 - CUDA_VISIBLE_DEVICES: [0]
[I 2023-11-30 09:35:58,308] Trial 56 finished with value: 147.69081115722656 and parameters: {'gradient_clip_val': 0.15369971328180781, 'hidden_size': 58, 'dropout': 0.2210077637435102, 'hidden_continuous_size': 33, 'attention_head_size': 4, 'learning_rate': 0.004269386213084829}. Best is trial 41 with value: 114.93972778320312.
LOCAL_RANK: 0 - CUDA_VISIBLE_DEVICES: [0]
[I 2023-11-30 09:36:11,895] Trial 57 finished with value: 131.87432861328125 and parameters: {'gradient_clip_val': 0.14049591346065934, 'hidden_size': 71, 'dropout': 0.18195298371885174, 'hidden_continuous_size': 31, 'attention_head_size': 4, 'learning_rate': 0.005662145157705826}. Best is trial 41 with value: 114.93972778320312.
LOCAL_RANK: 0 - CUDA_VISIBLE_DEVICES: [0]
[I 2023-11-30 09:36:25,443] Trial 58 finished with value: 140.37521362304688 and parameters: {'gradient_clip_val': 0.12443564162308918, 'hidden_size': 73, 'dropout': 0.18329863495990556, 'hidden_continuous_size': 31, 'attention_head_size': 4, 'learning_rate': 0.00560337291050687}. Best is trial 41 with value: 114.93972778320312.
LOCAL_RANK: 0 - CUDA_VISIBLE_DEVICES: [0]
[I 2023-11-30 09:36:39,347] Trial 59 finished with value: 136.0675811767578 and parameters: {'gradient_clip_val': 0.18588832370222047, 'hidden_size': 88, 'dropout': 0.2003523846507199, 'hidden_continuous_size': 43, 'attention_head_size': 4, 'learning_rate': 0.007030096703800498}. Best is trial 41 with value: 114.93972778320312.
LOCAL_RANK: 0 - CUDA_VISIBLE_DEVICES: [0]
[I 2023-11-30 09:36:52,958] Trial 60 finished with value: 153.6259002685547 and parameters: {'gradient_clip_val': 0.14626928046440893, 'hidden_size': 65, 'dropout': 0.15770316636519685, 'hidden_continuous_size': 35, 'attention_head_size': 4, 'learning_rate': 0.0035719723700761846}. Best is trial 41 with value: 114.93972778320312.
LOCAL_RANK: 0 - CUDA_VISIBLE_DEVICES: [0]
[I 2023-11-30 09:37:06,616] Trial 61 finished with value: 148.6533660888672 and parameters: {'gradient_clip_val': 0.1347088583698481, 'hidden_size': 61, 'dropout': 0.21050362154592644, 'hidden_continuous_size': 30, 'attention_head_size': 4, 'learning_rate': 0.005784692196091045}. Best is trial 41 with value: 114.93972778320312.
LOCAL_RANK: 0 - CUDA_VISIBLE_DEVICES: [0]
[I 2023-11-30 09:37:20,078] Trial 62 finished with value: 153.63198852539062 and parameters: {'gradient_clip_val': 0.15579932898636906, 'hidden_size': 71, 'dropout': 0.168894764640208, 'hidden_continuous_size': 27, 'attention_head_size': 4, 'learning_rate': 0.004516630268593058}. Best is trial 41 with value: 114.93972778320312.
LOCAL_RANK: 0 - CUDA_VISIBLE_DEVICES: [0]
[I 2023-11-30 09:37:33,350] Trial 63 finished with value: 164.5402069091797 and parameters: {'gradient_clip_val': 0.11528019372170012, 'hidden_size': 60, 'dropout': 0.17986636632741143, 'hidden_continuous_size': 32, 'attention_head_size': 4, 'learning_rate': 0.009306585003884609}. Best is trial 41 with value: 114.93972778320312.
LOCAL_RANK: 0 - CUDA_VISIBLE_DEVICES: [0]
[I 2023-11-30 09:37:46,951] Trial 64 finished with value: 159.01087951660156 and parameters: {'gradient_clip_val': 0.10799652850358216, 'hidden_size': 84, 'dropout': 0.14849822956237504, 'hidden_continuous_size': 40, 'attention_head_size': 2, 'learning_rate': 0.007780836156782221}. Best is trial 41 with value: 114.93972778320312.
LOCAL_RANK: 0 - CUDA_VISIBLE_DEVICES: [0]
[I 2023-11-30 09:38:00,314] Trial 65 finished with value: 133.45404052734375 and parameters: {'gradient_clip_val': 0.16973839062244195, 'hidden_size': 53, 'dropout': 0.2159850933366615, 'hidden_continuous_size': 28, 'attention_head_size': 4, 'learning_rate': 0.0029884058422263494}. Best is trial 41 with value: 114.93972778320312.
LOCAL_RANK: 0 - CUDA_VISIBLE_DEVICES: [0]
[I 2023-11-30 09:38:13,671] Trial 66 finished with value: 171.61790466308594 and parameters: {'gradient_clip_val': 0.17366431294019033, 'hidden_size': 55, 'dropout': 0.21280115487152934, 'hidden_continuous_size': 28, 'attention_head_size': 4, 'learning_rate': 0.0025111125024465395}. Best is trial 41 with value: 114.93972778320312.
LOCAL_RANK: 0 - CUDA_VISIBLE_DEVICES: [0]
[I 2023-11-30 09:38:27,107] Trial 67 finished with value: 181.6851348876953 and parameters: {'gradient_clip_val': 0.1608089307562043, 'hidden_size': 63, 'dropout': 0.19681997372327006, 'hidden_continuous_size': 26, 'attention_head_size': 4, 'learning_rate': 0.0028130137172045267}. Best is trial 41 with value: 114.93972778320312.
LOCAL_RANK: 0 - CUDA_VISIBLE_DEVICES: [0]
[I 2023-11-30 09:38:40,697] Trial 68 finished with value: 138.32566833496094 and parameters: {'gradient_clip_val': 0.1450389185728156, 'hidden_size': 74, 'dropout': 0.20356090107047248, 'hidden_continuous_size': 34, 'attention_head_size': 4, 'learning_rate': 0.004004383540505881}. Best is trial 41 with value: 114.93972778320312.
LOCAL_RANK: 0 - CUDA_VISIBLE_DEVICES: [0]
[I 2023-11-30 09:38:53,754] Trial 69 finished with value: 153.80406188964844 and parameters: {'gradient_clip_val': 0.12231137210741044, 'hidden_size': 52, 'dropout': 0.1871832090877864, 'hidden_continuous_size': 32, 'attention_head_size': 4, 'learning_rate': 0.0031101219098559553}. Best is trial 41 with value: 114.93972778320312.
LOCAL_RANK: 0 - CUDA_VISIBLE_DEVICES: [0]
[I 2023-11-30 09:39:07,632] Trial 70 finished with value: 181.06398010253906 and parameters: {'gradient_clip_val': 0.1903820616814047, 'hidden_size': 75, 'dropout': 0.17182944634879335, 'hidden_continuous_size': 36, 'attention_head_size': 4, 'learning_rate': 0.005143662262085825}. Best is trial 41 with value: 114.93972778320312.
LOCAL_RANK: 0 - CUDA_VISIBLE_DEVICES: [0]
[I 2023-11-30 09:39:20,388] Trial 71 finished with value: 170.27980041503906 and parameters: {'gradient_clip_val': 0.1751619904121436, 'hidden_size': 48, 'dropout': 0.22137041281592001, 'hidden_continuous_size': 25, 'attention_head_size': 2, 'learning_rate': 0.006106243956669265}. Best is trial 41 with value: 114.93972778320312.
LOCAL_RANK: 0 - CUDA_VISIBLE_DEVICES: [0]
[I 2023-11-30 09:39:33,386] Trial 72 finished with value: 160.8805389404297 and parameters: {'gradient_clip_val': 0.12719561541383148, 'hidden_size': 45, 'dropout': 0.2383229226173761, 'hidden_continuous_size': 30, 'attention_head_size': 3, 'learning_rate': 0.0073150814302684304}. Best is trial 41 with value: 114.93972778320312.
LOCAL_RANK: 0 - CUDA_VISIBLE_DEVICES: [0]
[I 2023-11-30 09:39:46,029] Trial 73 finished with value: 254.26869201660156 and parameters: {'gradient_clip_val': 0.15750780849381765, 'hidden_size': 40, 'dropout': 0.22887883381306764, 'hidden_continuous_size': 29, 'attention_head_size': 3, 'learning_rate': 0.0037082663357593873}. Best is trial 41 with value: 114.93972778320312.
LOCAL_RANK: 0 - CUDA_VISIBLE_DEVICES: [0]
[I 2023-11-30 09:39:59,459] Trial 74 finished with value: 154.46365356445312 and parameters: {'gradient_clip_val': 0.21054127635673858, 'hidden_size': 67, 'dropout': 0.2168627657268624, 'hidden_continuous_size': 27, 'attention_head_size': 3, 'learning_rate': 0.00454879544460661}. Best is trial 41 with value: 114.93972778320312.
LOCAL_RANK: 0 - CUDA_VISIBLE_DEVICES: [0]
[I 2023-11-30 09:40:12,644] Trial 75 finished with value: 151.32992553710938 and parameters: {'gradient_clip_val': 0.13653714450002796, 'hidden_size': 56, 'dropout': 0.2424263896099655, 'hidden_continuous_size': 22, 'attention_head_size': 3, 'learning_rate': 0.00653626061863108}. Best is trial 41 with value: 114.93972778320312.
LOCAL_RANK: 0 - CUDA_VISIBLE_DEVICES: [0]
[I 2023-11-30 09:40:25,698] Trial 76 finished with value: 157.0662841796875 and parameters: {'gradient_clip_val': 0.1410651921341247, 'hidden_size': 46, 'dropout': 0.16281907632886305, 'hidden_continuous_size': 31, 'attention_head_size': 4, 'learning_rate': 0.011054741585273588}. Best is trial 41 with value: 114.93972778320312.
LOCAL_RANK: 0 - CUDA_VISIBLE_DEVICES: [0]
[I 2023-11-30 09:40:39,017] Trial 77 finished with value: 117.48687744140625 and parameters: {'gradient_clip_val': 0.1182195075916443, 'hidden_size': 64, 'dropout': 0.19892774582578962, 'hidden_continuous_size': 34, 'attention_head_size': 2, 'learning_rate': 0.009007545402656405}. Best is trial 41 with value: 114.93972778320312.
LOCAL_RANK: 0 - CUDA_VISIBLE_DEVICES: [0]
