[I 2023-11-29 21:23:32,397] Trial 49 finished with value: 65.21343231201172 and parameters: {'gradient_clip_val': 0.6356409565865198, 'hidden_size': 49, 'dropout': 0.19686933358752387, 'hidden_continuous_size': 19, 'attention_head_size': 3, 'learning_rate': 0.0682730581541559}. Best is trial 20 with value: 53.20473098754883.
LOCAL_RANK: 0 - CUDA_VISIBLE_DEVICES: [0]
[I 2023-11-29 21:23:46,370] Trial 50 finished with value: 55.21168518066406 and parameters: {'gradient_clip_val': 0.47214501402502235, 'hidden_size': 116, 'dropout': 0.15162390001953116, 'hidden_continuous_size': 37, 'attention_head_size': 3, 'learning_rate': 0.08359486429044845}. Best is trial 20 with value: 53.20473098754883.
LOCAL_RANK: 0 - CUDA_VISIBLE_DEVICES: [0]
[I 2023-11-29 21:24:00,474] Trial 51 finished with value: 64.46448516845703 and parameters: {'gradient_clip_val': 0.4834521462948437, 'hidden_size': 118, 'dropout': 0.1552999404424119, 'hidden_continuous_size': 39, 'attention_head_size': 3, 'learning_rate': 0.08615235168823812}. Best is trial 20 with value: 53.20473098754883.
LOCAL_RANK: 0 - CUDA_VISIBLE_DEVICES: [0]
[I 2023-11-29 21:24:15,020] Trial 52 finished with value: 67.82917022705078 and parameters: {'gradient_clip_val': 0.43874109266330474, 'hidden_size': 134, 'dropout': 0.17503654531259144, 'hidden_continuous_size': 44, 'attention_head_size': 4, 'learning_rate': 0.060505347213156355}. Best is trial 20 with value: 53.20473098754883.
LOCAL_RANK: 0 - CUDA_VISIBLE_DEVICES: [0]
[I 2023-11-29 21:24:29,249] Trial 53 finished with value: 55.2796630859375 and parameters: {'gradient_clip_val': 0.5646402063214988, 'hidden_size': 150, 'dropout': 0.13693047249608908, 'hidden_continuous_size': 64, 'attention_head_size': 2, 'learning_rate': 0.08315145580886353}. Best is trial 20 with value: 53.20473098754883.
LOCAL_RANK: 0 - CUDA_VISIBLE_DEVICES: [0]
[I 2023-11-29 21:24:43,597] Trial 54 finished with value: 58.59906005859375 and parameters: {'gradient_clip_val': 0.5613834082241176, 'hidden_size': 147, 'dropout': 0.13830146291356882, 'hidden_continuous_size': 63, 'attention_head_size': 2, 'learning_rate': 0.08790458063180245}. Best is trial 20 with value: 53.20473098754883.
LOCAL_RANK: 0 - CUDA_VISIBLE_DEVICES: [0]
[I 2023-11-29 21:24:57,581] Trial 55 finished with value: 69.95150756835938 and parameters: {'gradient_clip_val': 0.3900785991790058, 'hidden_size': 115, 'dropout': 0.11064987654125795, 'hidden_continuous_size': 53, 'attention_head_size': 2, 'learning_rate': 0.05528524920427358}. Best is trial 20 with value: 53.20473098754883.
LOCAL_RANK: 0 - CUDA_VISIBLE_DEVICES: [0]
[I 2023-11-29 21:25:11,386] Trial 56 finished with value: 53.7579231262207 and parameters: {'gradient_clip_val': 0.5945412671805149, 'hidden_size': 83, 'dropout': 0.15516059972526403, 'hidden_continuous_size': 47, 'attention_head_size': 2, 'learning_rate': 0.040585404715489264}. Best is trial 20 with value: 53.20473098754883.
LOCAL_RANK: 0 - CUDA_VISIBLE_DEVICES: [0]
[I 2023-11-29 21:25:25,424] Trial 57 finished with value: 73.69732666015625 and parameters: {'gradient_clip_val': 0.4921533017750962, 'hidden_size': 82, 'dropout': 0.10012623710167666, 'hidden_continuous_size': 49, 'attention_head_size': 2, 'learning_rate': 0.04226533563921663}. Best is trial 20 with value: 53.20473098754883.
LOCAL_RANK: 0 - CUDA_VISIBLE_DEVICES: [0]
[I 2023-11-29 21:25:39,245] Trial 58 finished with value: 70.35765838623047 and parameters: {'gradient_clip_val': 0.589385795988277, 'hidden_size': 95, 'dropout': 0.14914753612913706, 'hidden_continuous_size': 43, 'attention_head_size': 2, 'learning_rate': 0.06541627378311653}. Best is trial 20 with value: 53.20473098754883.
LOCAL_RANK: 0 - CUDA_VISIBLE_DEVICES: [0]
[I 2023-11-29 21:25:53,319] Trial 59 finished with value: 61.394901275634766 and parameters: {'gradient_clip_val': 0.5598826747058774, 'hidden_size': 106, 'dropout': 0.120315698670938, 'hidden_continuous_size': 70, 'attention_head_size': 1, 'learning_rate': 0.09634165779707027}. Best is trial 20 with value: 53.20473098754883.
LOCAL_RANK: 0 - CUDA_VISIBLE_DEVICES: [0]
[I 2023-11-29 21:26:07,070] Trial 60 finished with value: 64.07166290283203 and parameters: {'gradient_clip_val': 0.4627442918442294, 'hidden_size': 88, 'dropout': 0.1320079406929241, 'hidden_continuous_size': 52, 'attention_head_size': 2, 'learning_rate': 0.053928215666329805}. Best is trial 20 with value: 53.20473098754883.
LOCAL_RANK: 0 - CUDA_VISIBLE_DEVICES: [0]
[I 2023-11-29 21:26:21,306] Trial 61 finished with value: 71.3141860961914 and parameters: {'gradient_clip_val': 0.7215799435825175, 'hidden_size': 140, 'dropout': 0.1553632442023243, 'hidden_continuous_size': 78, 'attention_head_size': 2, 'learning_rate': 0.06867826034192685}. Best is trial 20 with value: 53.20473098754883.
LOCAL_RANK: 0 - CUDA_VISIBLE_DEVICES: [0]
[I 2023-11-29 21:26:35,295] Trial 62 finished with value: 70.27143096923828 and parameters: {'gradient_clip_val': 0.5186946144085488, 'hidden_size': 115, 'dropout': 0.1659306853274172, 'hidden_continuous_size': 39, 'attention_head_size': 2, 'learning_rate': 0.07243115642123678}. Best is trial 20 with value: 53.20473098754883.
LOCAL_RANK: 0 - CUDA_VISIBLE_DEVICES: [0]
[I 2023-11-29 21:26:49,273] Trial 63 finished with value: 69.48429870605469 and parameters: {'gradient_clip_val': 0.9251019722136217, 'hidden_size': 123, 'dropout': 0.1476685614852907, 'hidden_continuous_size': 47, 'attention_head_size': 1, 'learning_rate': 0.08653936273239834}. Best is trial 20 with value: 53.20473098754883.
LOCAL_RANK: 0 - CUDA_VISIBLE_DEVICES: [0]
[I 2023-11-29 21:27:03,196] Trial 64 finished with value: 70.14673614501953 and parameters: {'gradient_clip_val': 0.7841022933910538, 'hidden_size': 102, 'dropout': 0.14018724237842142, 'hidden_continuous_size': 56, 'attention_head_size': 2, 'learning_rate': 0.05751511829789817}. Best is trial 20 with value: 53.20473098754883.
LOCAL_RANK: 0 - CUDA_VISIBLE_DEVICES: [0]
[I 2023-11-29 21:27:17,633] Trial 65 finished with value: 56.5992546081543 and parameters: {'gradient_clip_val': 0.6011415059603348, 'hidden_size': 150, 'dropout': 0.12856077818919312, 'hidden_continuous_size': 62, 'attention_head_size': 2, 'learning_rate': 0.03711241219552482}. Best is trial 20 with value: 53.20473098754883.
LOCAL_RANK: 0 - CUDA_VISIBLE_DEVICES: [0]
[I 2023-11-29 21:27:31,528] Trial 66 finished with value: 60.49525451660156 and parameters: {'gradient_clip_val': 0.8449368695317564, 'hidden_size': 120, 'dropout': 0.15799374276240236, 'hidden_continuous_size': 41, 'attention_head_size': 3, 'learning_rate': 0.04687302081036853}. Best is trial 20 with value: 53.20473098754883.
LOCAL_RANK: 0 - CUDA_VISIBLE_DEVICES: [0]
[I 2023-11-29 21:27:45,716] Trial 67 finished with value: 70.54948425292969 and parameters: {'gradient_clip_val': 0.4053439650213055, 'hidden_size': 109, 'dropout': 0.16838382972747207, 'hidden_continuous_size': 47, 'attention_head_size': 3, 'learning_rate': 0.09955218868325125}. Best is trial 20 with value: 53.20473098754883.
LOCAL_RANK: 0 - CUDA_VISIBLE_DEVICES: [0]
[I 2023-11-29 21:27:59,899] Trial 68 finished with value: 55.94284439086914 and parameters: {'gradient_clip_val': 0.9450016746064115, 'hidden_size': 136, 'dropout': 0.11471156068639074, 'hidden_continuous_size': 52, 'attention_head_size': 4, 'learning_rate': 0.0828532670727694}. Best is trial 20 with value: 53.20473098754883.
LOCAL_RANK: 0 - CUDA_VISIBLE_DEVICES: [0]
[I 2023-11-29 21:28:14,017] Trial 69 finished with value: 59.65771484375 and parameters: {'gradient_clip_val': 0.9310052674991138, 'hidden_size': 140, 'dropout': 0.11561520943334296, 'hidden_continuous_size': 52, 'attention_head_size': 4, 'learning_rate': 0.08293779673225989}. Best is trial 20 with value: 53.20473098754883.
LOCAL_RANK: 0 - CUDA_VISIBLE_DEVICES: [0]
[I 2023-11-29 21:28:28,079] Trial 70 finished with value: 105.44477081298828 and parameters: {'gradient_clip_val': 0.7198426540874493, 'hidden_size': 94, 'dropout': 0.11065399577735589, 'hidden_continuous_size': 45, 'attention_head_size': 2, 'learning_rate': 0.06997024077178074}. Best is trial 20 with value: 53.20473098754883.
LOCAL_RANK: 0 - CUDA_VISIBLE_DEVICES: [0]
[I 2023-11-29 21:28:41,810] Trial 71 finished with value: 62.68159484863281 and parameters: {'gradient_clip_val': 0.9989366265462335, 'hidden_size': 126, 'dropout': 0.12416836125407027, 'hidden_continuous_size': 10, 'attention_head_size': 4, 'learning_rate': 0.0623984522753345}. Best is trial 20 with value: 53.20473098754883.
LOCAL_RANK: 0 - CUDA_VISIBLE_DEVICES: [0]
[I 2023-11-29 21:28:55,983] Trial 72 finished with value: 69.85113525390625 and parameters: {'gradient_clip_val': 0.8538043395508882, 'hidden_size': 123, 'dropout': 0.13980206646165705, 'hidden_continuous_size': 38, 'attention_head_size': 4, 'learning_rate': 0.08936295368978366}. Best is trial 20 with value: 53.20473098754883.
LOCAL_RANK: 0 - CUDA_VISIBLE_DEVICES: [0]
[I 2023-11-29 21:29:10,388] Trial 73 finished with value: 71.6243667602539 and parameters: {'gradient_clip_val': 0.9207355663161252, 'hidden_size': 139, 'dropout': 0.13076920532538028, 'hidden_continuous_size': 57, 'attention_head_size': 4, 'learning_rate': 0.07434262331523292}. Best is trial 20 with value: 53.20473098754883.
LOCAL_RANK: 0 - CUDA_VISIBLE_DEVICES: [0]
[I 2023-11-29 21:29:24,348] Trial 74 finished with value: 67.47099304199219 and parameters: {'gradient_clip_val': 0.7954952306298145, 'hidden_size': 103, 'dropout': 0.1573239960363781, 'hidden_continuous_size': 34, 'attention_head_size': 4, 'learning_rate': 0.05215175050412893}. Best is trial 20 with value: 53.20473098754883.
LOCAL_RANK: 0 - CUDA_VISIBLE_DEVICES: [0]
[I 2023-11-29 21:29:38,523] Trial 75 finished with value: 71.15174102783203 and parameters: {'gradient_clip_val': 0.6246038710427986, 'hidden_size': 140, 'dropout': 0.1441277795656758, 'hidden_continuous_size': 41, 'attention_head_size': 4, 'learning_rate': 0.08546722410077918}. Best is trial 20 with value: 53.20473098754883.
LOCAL_RANK: 0 - CUDA_VISIBLE_DEVICES: [0]
[I 2023-11-29 21:29:52,525] Trial 76 finished with value: 67.69718170166016 and parameters: {'gradient_clip_val': 0.6741292288234183, 'hidden_size': 113, 'dropout': 0.12305885156960188, 'hidden_continuous_size': 34, 'attention_head_size': 4, 'learning_rate': 0.06469546737504438}. Best is trial 20 with value: 53.20473098754883.
LOCAL_RANK: 0 - CUDA_VISIBLE_DEVICES: [0]
[I 2023-11-29 21:30:06,615] Trial 77 finished with value: 68.59099578857422 and parameters: {'gradient_clip_val': 0.8212969064675034, 'hidden_size': 123, 'dropout': 0.15071123069519698, 'hidden_continuous_size': 50, 'attention_head_size': 3, 'learning_rate': 0.07617239904970584}. Best is trial 20 with value: 53.20473098754883.
LOCAL_RANK: 0 - CUDA_VISIBLE_DEVICES: [0]
[I 2023-11-29 21:30:20,521] Trial 78 finished with value: 69.83353424072266 and parameters: {'gradient_clip_val': 0.951889093991836, 'hidden_size': 84, 'dropout': 0.1359256848581579, 'hidden_continuous_size': 46, 'attention_head_size': 4, 'learning_rate': 0.04668649883291414}. Best is trial 20 with value: 53.20473098754883.
LOCAL_RANK: 0 - CUDA_VISIBLE_DEVICES: [0]
[I 2023-11-29 21:30:34,773] Trial 79 finished with value: 66.36454772949219 and parameters: {'gradient_clip_val': 0.5415209845132896, 'hidden_size': 134, 'dropout': 0.10766293518489606, 'hidden_continuous_size': 42, 'attention_head_size': 4, 'learning_rate': 0.05203397096864262}. Best is trial 20 with value: 53.20473098754883.
LOCAL_RANK: 0 - CUDA_VISIBLE_DEVICES: [0]
[I 2023-11-29 21:30:48,635] Trial 80 finished with value: 66.67457580566406 and parameters: {'gradient_clip_val': 0.7438341604301493, 'hidden_size': 96, 'dropout': 0.16423977598689182, 'hidden_continuous_size': 55, 'attention_head_size': 4, 'learning_rate': 0.08956006839210974}. Best is trial 20 with value: 53.20473098754883.
LOCAL_RANK: 0 - CUDA_VISIBLE_DEVICES: [0]
[I 2023-11-29 21:31:02,606] Trial 81 finished with value: 70.33255767822266 and parameters: {'gradient_clip_val': 0.6160022766941514, 'hidden_size': 144, 'dropout': 0.12958564397467764, 'hidden_continuous_size': 61, 'attention_head_size': 2, 'learning_rate': 0.037655045190817825}. Best is trial 20 with value: 53.20473098754883.
LOCAL_RANK: 0 - CUDA_VISIBLE_DEVICES: [0]
[I 2023-11-29 21:31:17,152] Trial 82 finished with value: 66.88123321533203 and parameters: {'gradient_clip_val': 0.5910591423265384, 'hidden_size': 150, 'dropout': 0.11620891615439771, 'hidden_continuous_size': 64, 'attention_head_size': 2, 'learning_rate': 0.03892198352000432}. Best is trial 20 with value: 53.20473098754883.
LOCAL_RANK: 0 - CUDA_VISIBLE_DEVICES: [0]
[I 2023-11-29 21:31:31,308] Trial 83 finished with value: 64.5802993774414 and parameters: {'gradient_clip_val': 0.689421109995825, 'hidden_size': 126, 'dropout': 0.12625653967211709, 'hidden_continuous_size': 51, 'attention_head_size': 2, 'learning_rate': 0.03051476828748121}. Best is trial 20 with value: 53.20473098754883.
LOCAL_RANK: 0 - CUDA_VISIBLE_DEVICES: [0]
[I 2023-11-29 21:31:45,176] Trial 84 finished with value: 67.46734619140625 and parameters: {'gradient_clip_val': 0.8532204838852686, 'hidden_size': 116, 'dropout': 0.14568248893106928, 'hidden_continuous_size': 55, 'attention_head_size': 2, 'learning_rate': 0.06082544980328709}. Best is trial 20 with value: 53.20473098754883.
LOCAL_RANK: 0 - CUDA_VISIBLE_DEVICES: [0]
[I 2023-11-29 21:31:59,424] Trial 85 finished with value: 78.9897232055664 and parameters: {'gradient_clip_val': 0.5223249429825282, 'hidden_size': 133, 'dropout': 0.17778017158728668, 'hidden_continuous_size': 59, 'attention_head_size': 2, 'learning_rate': 0.07056103140255011}. Best is trial 20 with value: 53.20473098754883.
LOCAL_RANK: 0 - CUDA_VISIBLE_DEVICES: [0]
[I 2023-11-29 21:32:13,699] Trial 86 finished with value: 73.12677001953125 and parameters: {'gradient_clip_val': 0.49468672220017074, 'hidden_size': 150, 'dropout': 0.133727688403498, 'hidden_continuous_size': 68, 'attention_head_size': 1, 'learning_rate': 0.04305006897657271}. Best is trial 20 with value: 53.20473098754883.
LOCAL_RANK: 0 - CUDA_VISIBLE_DEVICES: [0]
[I 2023-11-29 21:32:27,720] Trial 87 finished with value: 74.55329132080078 and parameters: {'gradient_clip_val': 0.8962131160063671, 'hidden_size': 104, 'dropout': 0.10372165899990796, 'hidden_continuous_size': 49, 'attention_head_size': 2, 'learning_rate': 0.08081366863714348}. Best is trial 20 with value: 53.20473098754883.
LOCAL_RANK: 0 - CUDA_VISIBLE_DEVICES: [0]
[I 2023-11-29 21:32:41,826] Trial 88 finished with value: 64.17725372314453 and parameters: {'gradient_clip_val': 0.9651614223616568, 'hidden_size': 112, 'dropout': 0.15437388750330525, 'hidden_continuous_size': 59, 'attention_head_size': 4, 'learning_rate': 0.09938364745811791}. Best is trial 20 with value: 53.20473098754883.
LOCAL_RANK: 0 - CUDA_VISIBLE_DEVICES: [0]
[I 2023-11-29 21:32:56,292] Trial 89 finished with value: 62.86457824707031 and parameters: {'gradient_clip_val': 0.7784756391158884, 'hidden_size': 139, 'dropout': 0.17071201042338693, 'hidden_continuous_size': 78, 'attention_head_size': 3, 'learning_rate': 0.02710337441893001}. Best is trial 20 with value: 53.20473098754883.
LOCAL_RANK: 0 - CUDA_VISIBLE_DEVICES: [0]
[I 2023-11-29 21:33:10,762] Trial 90 finished with value: 63.4595832824707 and parameters: {'gradient_clip_val': 0.6526415211262028, 'hidden_size': 129, 'dropout': 0.1179759605102995, 'hidden_continuous_size': 65, 'attention_head_size': 4, 'learning_rate': 0.05870179498533613}. Best is trial 20 with value: 53.20473098754883.
LOCAL_RANK: 0 - CUDA_VISIBLE_DEVICES: [0]
[I 2023-11-29 21:33:25,044] Trial 91 finished with value: 73.65216064453125 and parameters: {'gradient_clip_val': 0.568649524949375, 'hidden_size': 150, 'dropout': 0.13779455860392673, 'hidden_continuous_size': 61, 'attention_head_size': 2, 'learning_rate': 0.08846715785211523}. Best is trial 20 with value: 53.20473098754883.
LOCAL_RANK: 0 - CUDA_VISIBLE_DEVICES: [0]
[I 2023-11-29 21:33:39,576] Trial 92 finished with value: 57.75514602661133 and parameters: {'gradient_clip_val': 0.5651621708187312, 'hidden_size': 140, 'dropout': 0.14155079952722724, 'hidden_continuous_size': 66, 'attention_head_size': 2, 'learning_rate': 0.07624491151406507}. Best is trial 20 with value: 53.20473098754883.
LOCAL_RANK: 0 - CUDA_VISIBLE_DEVICES: [0]
[I 2023-11-29 21:33:53,946] Trial 93 finished with value: 74.6662826538086 and parameters: {'gradient_clip_val': 0.4685704769366714, 'hidden_size': 138, 'dropout': 0.1614878671133568, 'hidden_continuous_size': 66, 'attention_head_size': 2, 'learning_rate': 0.07574709871497418}. Best is trial 20 with value: 53.20473098754883.
LOCAL_RANK: 0 - CUDA_VISIBLE_DEVICES: [0]
[I 2023-11-29 21:34:08,050] Trial 94 finished with value: 63.7250862121582 and parameters: {'gradient_clip_val': 0.5404374722504625, 'hidden_size': 121, 'dropout': 0.12636098025110404, 'hidden_continuous_size': 54, 'attention_head_size': 2, 'learning_rate': 0.07097049747785054}. Best is trial 20 with value: 53.20473098754883.
LOCAL_RANK: 0 - CUDA_VISIBLE_DEVICES: [0]
[I 2023-11-29 21:34:22,232] Trial 95 finished with value: 59.4056510925293 and parameters: {'gradient_clip_val': 0.6006732748001734, 'hidden_size': 130, 'dropout': 0.15147260453386913, 'hidden_continuous_size': 45, 'attention_head_size': 2, 'learning_rate': 0.0639404457175299}. Best is trial 20 with value: 53.20473098754883.
LOCAL_RANK: 0 - CUDA_VISIBLE_DEVICES: [0]
[I 2023-11-29 21:34:36,427] Trial 96 finished with value: 62.20390701293945 and parameters: {'gradient_clip_val': 0.4365784845332456, 'hidden_size': 110, 'dropout': 0.1397833235518183, 'hidden_continuous_size': 54, 'attention_head_size': 2, 'learning_rate': 0.05055754014187653}. Best is trial 20 with value: 53.20473098754883.
LOCAL_RANK: 0 - CUDA_VISIBLE_DEVICES: [0]
[I 2023-11-29 21:34:50,774] Trial 97 finished with value: 65.94593048095703 and parameters: {'gradient_clip_val': 0.7045257865234541, 'hidden_size': 143, 'dropout': 0.14437178862557082, 'hidden_continuous_size': 59, 'attention_head_size': 4, 'learning_rate': 0.0828440178656152}. Best is trial 20 with value: 53.20473098754883.
LOCAL_RANK: 0 - CUDA_VISIBLE_DEVICES: [0]
[I 2023-11-29 21:35:04,654] Trial 98 finished with value: 68.5466537475586 and parameters: {'gradient_clip_val': 0.6303331323630882, 'hidden_size': 99, 'dropout': 0.13123638789395067, 'hidden_continuous_size': 50, 'attention_head_size': 2, 'learning_rate': 0.09150630308134781}. Best is trial 20 with value: 53.20473098754883.
LOCAL_RANK: 0 - CUDA_VISIBLE_DEVICES: [0]
[I 2023-11-29 21:35:18,775] Trial 99 finished with value: 55.51442337036133 and parameters: {'gradient_clip_val': 0.5659031413246564, 'hidden_size': 119, 'dropout': 0.12112733275896832, 'hidden_continuous_size': 38, 'attention_head_size': 4, 'learning_rate': 0.05498605678206175}. Best is trial 20 with value: 53.20473098754883.
LOCAL_RANK: 0 - CUDA_VISIBLE_DEVICES: [0]
[I 2023-11-29 21:35:32,810] Trial 100 finished with value: 54.99403762817383 and parameters: {'gradient_clip_val': 0.5060824803626358, 'hidden_size': 119, 'dropout': 0.10815783356032596, 'hidden_continuous_size': 37, 'attention_head_size': 4, 'learning_rate': 0.0577679832834647}. Best is trial 20 with value: 53.20473098754883.
LOCAL_RANK: 0 - CUDA_VISIBLE_DEVICES: [0]
[I 2023-11-29 21:35:46,967] Trial 101 finished with value: 62.33195495605469 and parameters: {'gradient_clip_val': 0.5023633846952386, 'hidden_size': 118, 'dropout': 0.10939886152575413, 'hidden_continuous_size': 36, 'attention_head_size': 4, 'learning_rate': 0.05770859338635306}. Best is trial 20 with value: 53.20473098754883.
LOCAL_RANK: 0 - CUDA_VISIBLE_DEVICES: [0]
[I 2023-11-29 21:36:00,987] Trial 102 finished with value: 64.9264907836914 and parameters: {'gradient_clip_val': 0.891047129921263, 'hidden_size': 106, 'dropout': 0.10051143168659071, 'hidden_continuous_size': 38, 'attention_head_size': 4, 'learning_rate': 0.06666235369266785}. Best is trial 20 with value: 53.20473098754883.
LOCAL_RANK: 0 - CUDA_VISIBLE_DEVICES: [0]
[I 2023-11-29 21:36:14,898] Trial 103 finished with value: 61.332794189453125 and parameters: {'gradient_clip_val': 0.4651406915890485, 'hidden_size': 91, 'dropout': 0.12136770761860757, 'hidden_continuous_size': 47, 'attention_head_size': 4, 'learning_rate': 0.04454720120989871}. Best is trial 20 with value: 53.20473098754883.
LOCAL_RANK: 0 - CUDA_VISIBLE_DEVICES: [0]
[I 2023-11-29 21:36:29,141] Trial 104 finished with value: 76.66033935546875 and parameters: {'gradient_clip_val': 0.5150773534750354, 'hidden_size': 129, 'dropout': 0.11278594082615365, 'hidden_continuous_size': 40, 'attention_head_size': 4, 'learning_rate': 0.05261950831925647}. Best is trial 20 with value: 53.20473098754883.
LOCAL_RANK: 0 - CUDA_VISIBLE_DEVICES: [0]
[I 2023-11-29 21:36:43,139] Trial 105 finished with value: 69.41696166992188 and parameters: {'gradient_clip_val': 0.4872207302034783, 'hidden_size': 119, 'dropout': 0.1174419803081085, 'hidden_continuous_size': 43, 'attention_head_size': 4, 'learning_rate': 0.03344139245264949}. Best is trial 20 with value: 53.20473098754883.
LOCAL_RANK: 0 - CUDA_VISIBLE_DEVICES: [0]
[I 2023-11-29 21:36:57,354] Trial 106 finished with value: 63.6058235168457 and parameters: {'gradient_clip_val': 0.591293976129752, 'hidden_size': 101, 'dropout': 0.12551539904567452, 'hidden_continuous_size': 42, 'attention_head_size': 4, 'learning_rate': 0.05701323374119478}. Best is trial 20 with value: 53.20473098754883.
LOCAL_RANK: 0 - CUDA_VISIBLE_DEVICES: [0]
[I 2023-11-29 21:37:11,194] Trial 107 finished with value: 73.023681640625 and parameters: {'gradient_clip_val': 0.5457424407264084, 'hidden_size': 112, 'dropout': 0.10937197150750488, 'hidden_continuous_size': 31, 'attention_head_size': 4, 'learning_rate': 0.0638085345180728}. Best is trial 20 with value: 53.20473098754883.
LOCAL_RANK: 0 - CUDA_VISIBLE_DEVICES: [0]
