[I 2023-11-30 04:33:03,857] Trial 27 finished with value: 46.12883377075195 and parameters: {'gradient_clip_val': 0.41970557575444295, 'hidden_size': 54, 'dropout': 0.32027813573870884, 'hidden_continuous_size': 26, 'attention_head_size': 4, 'learning_rate': 0.007260928747979238}. Best is trial 23 with value: 44.822418212890625.
LOCAL_RANK: 0 - CUDA_VISIBLE_DEVICES: [0]
[I 2023-11-30 04:33:17,847] Trial 28 finished with value: 53.73542785644531 and parameters: {'gradient_clip_val': 0.43410906451721015, 'hidden_size': 107, 'dropout': 0.2878380032178927, 'hidden_continuous_size': 39, 'attention_head_size': 3, 'learning_rate': 0.006786201012687801}. Best is trial 23 with value: 44.822418212890625.
LOCAL_RANK: 0 - CUDA_VISIBLE_DEVICES: [0]
[I 2023-11-30 04:33:31,133] Trial 29 finished with value: 61.69167709350586 and parameters: {'gradient_clip_val': 0.45601916501737494, 'hidden_size': 64, 'dropout': 0.34742424509065384, 'hidden_continuous_size': 23, 'attention_head_size': 4, 'learning_rate': 0.005316105486074888}. Best is trial 23 with value: 44.822418212890625.
LOCAL_RANK: 0 - CUDA_VISIBLE_DEVICES: [0]
[I 2023-11-30 04:33:43,795] Trial 30 finished with value: 73.67623138427734 and parameters: {'gradient_clip_val': 0.2699397296408365, 'hidden_size': 40, 'dropout': 0.33073004511609755, 'hidden_continuous_size': 22, 'attention_head_size': 3, 'learning_rate': 0.0038193974686316335}. Best is trial 23 with value: 44.822418212890625.
LOCAL_RANK: 0 - CUDA_VISIBLE_DEVICES: [0]
[I 2023-11-30 04:33:57,205] Trial 31 finished with value: 53.09646987915039 and parameters: {'gradient_clip_val': 0.21129485392366595, 'hidden_size': 55, 'dropout': 0.318139206986036, 'hidden_continuous_size': 27, 'attention_head_size': 4, 'learning_rate': 0.010336411878950472}. Best is trial 23 with value: 44.822418212890625.
LOCAL_RANK: 0 - CUDA_VISIBLE_DEVICES: [0]
[I 2023-11-30 04:34:10,503] Trial 32 finished with value: 54.79054641723633 and parameters: {'gradient_clip_val': 0.1776255474794926, 'hidden_size': 56, 'dropout': 0.3277204121153237, 'hidden_continuous_size': 30, 'attention_head_size': 4, 'learning_rate': 0.016139879292164514}. Best is trial 23 with value: 44.822418212890625.
LOCAL_RANK: 0 - CUDA_VISIBLE_DEVICES: [0]
[I 2023-11-30 04:34:24,212] Trial 33 finished with value: 48.73027038574219 and parameters: {'gradient_clip_val': 0.3369177676500456, 'hidden_size': 82, 'dropout': 0.301222544750723, 'hidden_continuous_size': 37, 'attention_head_size': 4, 'learning_rate': 0.008875890345983203}. Best is trial 23 with value: 44.822418212890625.
LOCAL_RANK: 0 - CUDA_VISIBLE_DEVICES: [0]
[I 2023-11-30 04:34:37,775] Trial 34 finished with value: 53.45012283325195 and parameters: {'gradient_clip_val': 0.2010176965235435, 'hidden_size': 78, 'dropout': 0.3615185335349658, 'hidden_continuous_size': 26, 'attention_head_size': 4, 'learning_rate': 0.014557026474168048}. Best is trial 23 with value: 44.822418212890625.
LOCAL_RANK: 0 - CUDA_VISIBLE_DEVICES: [0]
[I 2023-11-30 04:34:50,381] Trial 35 finished with value: 64.130126953125 and parameters: {'gradient_clip_val': 0.2483185479793399, 'hidden_size': 34, 'dropout': 0.2564906883996975, 'hidden_continuous_size': 11, 'attention_head_size': 4, 'learning_rate': 0.009980803997056349}. Best is trial 23 with value: 44.822418212890625.
LOCAL_RANK: 0 - CUDA_VISIBLE_DEVICES: [0]
[I 2023-11-30 04:35:03,041] Trial 36 finished with value: 49.23989486694336 and parameters: {'gradient_clip_val': 0.15725213596981205, 'hidden_size': 44, 'dropout': 0.3368061846638597, 'hidden_continuous_size': 24, 'attention_head_size': 3, 'learning_rate': 0.024981046185916487}. Best is trial 23 with value: 44.822418212890625.
LOCAL_RANK: 0 - CUDA_VISIBLE_DEVICES: [0]
[I 2023-11-30 04:35:16,966] Trial 37 finished with value: 60.91826248168945 and parameters: {'gradient_clip_val': 0.3120087178750613, 'hidden_size': 89, 'dropout': 0.3754856679445038, 'hidden_continuous_size': 32, 'attention_head_size': 4, 'learning_rate': 0.006441941700144503}. Best is trial 23 with value: 44.822418212890625.
LOCAL_RANK: 0 - CUDA_VISIBLE_DEVICES: [0]
[I 2023-11-30 04:35:29,876] Trial 38 finished with value: 64.06300354003906 and parameters: {'gradient_clip_val': 0.1976882457522744, 'hidden_size': 51, 'dropout': 0.31270407782069837, 'hidden_continuous_size': 25, 'attention_head_size': 2, 'learning_rate': 0.005114553510635257}. Best is trial 23 with value: 44.822418212890625.
LOCAL_RANK: 0 - CUDA_VISIBLE_DEVICES: [0]
[I 2023-11-30 04:35:43,292] Trial 39 finished with value: 44.425048828125 and parameters: {'gradient_clip_val': 0.16311896620099778, 'hidden_size': 61, 'dropout': 0.3390576827484399, 'hidden_continuous_size': 29, 'attention_head_size': 4, 'learning_rate': 0.008424333490419584}. Best is trial 39 with value: 44.425048828125.
LOCAL_RANK: 0 - CUDA_VISIBLE_DEVICES: [0]
[I 2023-11-30 04:35:56,802] Trial 40 finished with value: 50.07316970825195 and parameters: {'gradient_clip_val': 0.1446184045321636, 'hidden_size': 63, 'dropout': 0.37649405625704985, 'hidden_continuous_size': 22, 'attention_head_size': 4, 'learning_rate': 0.008659249592417661}. Best is trial 39 with value: 44.425048828125.
LOCAL_RANK: 0 - CUDA_VISIBLE_DEVICES: [0]
[I 2023-11-30 04:36:10,400] Trial 41 finished with value: 59.75529861450195 and parameters: {'gradient_clip_val': 0.1623253684467445, 'hidden_size': 70, 'dropout': 0.3367344111718731, 'hidden_continuous_size': 28, 'attention_head_size': 4, 'learning_rate': 0.01148322529919506}. Best is trial 39 with value: 44.425048828125.
LOCAL_RANK: 0 - CUDA_VISIBLE_DEVICES: [0]
[I 2023-11-30 04:36:23,590] Trial 42 finished with value: 45.5432014465332 and parameters: {'gradient_clip_val': 0.17705819605149833, 'hidden_size': 51, 'dropout': 0.3478497509452716, 'hidden_continuous_size': 25, 'attention_head_size': 4, 'learning_rate': 0.006890936284148498}. Best is trial 39 with value: 44.425048828125.
LOCAL_RANK: 0 - CUDA_VISIBLE_DEVICES: [0]
[I 2023-11-30 04:36:36,363] Trial 43 finished with value: 79.16352081298828 and parameters: {'gradient_clip_val': 0.17364677236143863, 'hidden_size': 41, 'dropout': 0.3498126063863622, 'hidden_continuous_size': 25, 'attention_head_size': 1, 'learning_rate': 0.00440756262549073}. Best is trial 39 with value: 44.425048828125.
LOCAL_RANK: 0 - CUDA_VISIBLE_DEVICES: [0]
[I 2023-11-30 04:36:48,935] Trial 44 finished with value: 69.1552963256836 and parameters: {'gradient_clip_val': 0.14145685716628428, 'hidden_size': 36, 'dropout': 0.35592040200136354, 'hidden_continuous_size': 15, 'attention_head_size': 4, 'learning_rate': 0.0065718567511758585}. Best is trial 39 with value: 44.425048828125.
LOCAL_RANK: 0 - CUDA_VISIBLE_DEVICES: [0]
[I 2023-11-30 04:37:01,748] Trial 45 finished with value: 92.0702133178711 and parameters: {'gradient_clip_val': 0.12276394861119952, 'hidden_size': 48, 'dropout': 0.37515417406147467, 'hidden_continuous_size': 24, 'attention_head_size': 3, 'learning_rate': 0.002868394799692498}. Best is trial 39 with value: 44.425048828125.
LOCAL_RANK: 0 - CUDA_VISIBLE_DEVICES: [0]
[I 2023-11-30 04:37:15,210] Trial 46 finished with value: 49.4610481262207 and parameters: {'gradient_clip_val': 0.15238809661097802, 'hidden_size': 57, 'dropout': 0.33432264169698667, 'hidden_continuous_size': 22, 'attention_head_size': 4, 'learning_rate': 0.007633538531246548}. Best is trial 39 with value: 44.425048828125.
LOCAL_RANK: 0 - CUDA_VISIBLE_DEVICES: [0]
[I 2023-11-30 04:37:28,201] Trial 47 finished with value: 73.4621353149414 and parameters: {'gradient_clip_val': 0.12566301901731425, 'hidden_size': 43, 'dropout': 0.3083465929594995, 'hidden_continuous_size': 26, 'attention_head_size': 4, 'learning_rate': 0.004740696351653486}. Best is trial 39 with value: 44.425048828125.
LOCAL_RANK: 0 - CUDA_VISIBLE_DEVICES: [0]
[I 2023-11-30 04:37:40,416] Trial 48 finished with value: 63.57025146484375 and parameters: {'gradient_clip_val': 0.1868945021061264, 'hidden_size': 32, 'dropout': 0.34353588854038436, 'hidden_continuous_size': 11, 'attention_head_size': 3, 'learning_rate': 0.006065887266539927}. Best is trial 39 with value: 44.425048828125.
LOCAL_RANK: 0 - CUDA_VISIBLE_DEVICES: [0]
[I 2023-11-30 04:37:53,112] Trial 49 finished with value: 64.80631256103516 and parameters: {'gradient_clip_val': 0.13720560248542518, 'hidden_size': 38, 'dropout': 0.2940423221505172, 'hidden_continuous_size': 21, 'attention_head_size': 2, 'learning_rate': 0.009026486473136504}. Best is trial 39 with value: 44.425048828125.
LOCAL_RANK: 0 - CUDA_VISIBLE_DEVICES: [0]
[I 2023-11-30 04:38:06,375] Trial 50 finished with value: 72.12438201904297 and parameters: {'gradient_clip_val': 0.2664730727452319, 'hidden_size': 62, 'dropout': 0.31100694709501203, 'hidden_continuous_size': 18, 'attention_head_size': 4, 'learning_rate': 0.003029688526192188}. Best is trial 39 with value: 44.425048828125.
LOCAL_RANK: 0 - CUDA_VISIBLE_DEVICES: [0]
[I 2023-11-30 04:38:19,586] Trial 51 finished with value: 47.58927536010742 and parameters: {'gradient_clip_val': 0.16049227627215487, 'hidden_size': 51, 'dropout': 0.32874954959267383, 'hidden_continuous_size': 29, 'attention_head_size': 4, 'learning_rate': 0.013357321017657653}. Best is trial 39 with value: 44.425048828125.
LOCAL_RANK: 0 - CUDA_VISIBLE_DEVICES: [0]
[I 2023-11-30 04:38:32,669] Trial 52 finished with value: 69.2528305053711 and parameters: {'gradient_clip_val': 0.17042757750484683, 'hidden_size': 52, 'dropout': 0.3197600119556009, 'hidden_continuous_size': 31, 'attention_head_size': 4, 'learning_rate': 0.010374417045576123}. Best is trial 39 with value: 44.425048828125.
LOCAL_RANK: 0 - CUDA_VISIBLE_DEVICES: [0]
[I 2023-11-30 04:38:46,151] Trial 53 finished with value: 47.50544738769531 and parameters: {'gradient_clip_val': 0.1980598799694121, 'hidden_size': 72, 'dropout': 0.34480401118588816, 'hidden_continuous_size': 34, 'attention_head_size': 4, 'learning_rate': 0.007288762282505942}. Best is trial 39 with value: 44.425048828125.
LOCAL_RANK: 0 - CUDA_VISIBLE_DEVICES: [0]
[I 2023-11-30 04:38:59,562] Trial 54 finished with value: 54.35075378417969 and parameters: {'gradient_clip_val': 0.20939283065321343, 'hidden_size': 61, 'dropout': 0.36165413358982945, 'hidden_continuous_size': 29, 'attention_head_size': 4, 'learning_rate': 0.012088916737903207}. Best is trial 39 with value: 44.425048828125.
LOCAL_RANK: 0 - CUDA_VISIBLE_DEVICES: [0]
[I 2023-11-30 04:39:12,624] Trial 55 finished with value: 58.801273345947266 and parameters: {'gradient_clip_val': 0.14350776016182235, 'hidden_size': 46, 'dropout': 0.32138670777740636, 'hidden_continuous_size': 27, 'attention_head_size': 4, 'learning_rate': 0.00600210909714023}. Best is trial 39 with value: 44.425048828125.
LOCAL_RANK: 0 - CUDA_VISIBLE_DEVICES: [0]
[I 2023-11-30 04:39:26,129] Trial 56 finished with value: 60.71217346191406 and parameters: {'gradient_clip_val': 0.23902621836492252, 'hidden_size': 53, 'dropout': 0.28509244803655565, 'hidden_continuous_size': 24, 'attention_head_size': 4, 'learning_rate': 0.007898592319083384}. Best is trial 39 with value: 44.425048828125.
LOCAL_RANK: 0 - CUDA_VISIBLE_DEVICES: [0]
[I 2023-11-30 04:39:39,682] Trial 57 finished with value: 55.769805908203125 and parameters: {'gradient_clip_val': 0.18109050134182988, 'hidden_size': 67, 'dropout': 0.30550616010612436, 'hidden_continuous_size': 33, 'attention_head_size': 4, 'learning_rate': 0.00963262697907744}. Best is trial 39 with value: 44.425048828125.
LOCAL_RANK: 0 - CUDA_VISIBLE_DEVICES: [0]
[I 2023-11-30 04:39:52,972] Trial 58 finished with value: 48.04335021972656 and parameters: {'gradient_clip_val': 0.11189122895812416, 'hidden_size': 60, 'dropout': 0.3543854679509149, 'hidden_continuous_size': 29, 'attention_head_size': 3, 'learning_rate': 0.015344723741835523}. Best is trial 39 with value: 44.425048828125.
LOCAL_RANK: 0 - CUDA_VISIBLE_DEVICES: [0]
[I 2023-11-30 04:40:05,652] Trial 59 finished with value: 47.991024017333984 and parameters: {'gradient_clip_val': 0.21466471446669194, 'hidden_size': 39, 'dropout': 0.33690680043747573, 'hidden_continuous_size': 26, 'attention_head_size': 1, 'learning_rate': 0.012326765335647158}. Best is trial 39 with value: 44.425048828125.
LOCAL_RANK: 0 - CUDA_VISIBLE_DEVICES: [0]
[I 2023-11-30 04:40:18,879] Trial 60 finished with value: 77.50476837158203 and parameters: {'gradient_clip_val': 0.13027028654088818, 'hidden_size': 49, 'dropout': 0.3235976866699656, 'hidden_continuous_size': 31, 'attention_head_size': 4, 'learning_rate': 0.017342943400231}. Best is trial 39 with value: 44.425048828125.
LOCAL_RANK: 0 - CUDA_VISIBLE_DEVICES: [0]
[I 2023-11-30 04:40:32,703] Trial 61 finished with value: 48.850582122802734 and parameters: {'gradient_clip_val': 0.18677356966786784, 'hidden_size': 71, 'dropout': 0.3419946457893047, 'hidden_continuous_size': 34, 'attention_head_size': 4, 'learning_rate': 0.00748336709888111}. Best is trial 39 with value: 44.425048828125.
LOCAL_RANK: 0 - CUDA_VISIBLE_DEVICES: [0]
[I 2023-11-30 04:40:46,339] Trial 62 finished with value: 48.80967712402344 and parameters: {'gradient_clip_val': 0.16738496987558024, 'hidden_size': 77, 'dropout': 0.3488003086242399, 'hidden_continuous_size': 35, 'attention_head_size': 4, 'learning_rate': 0.0057849068654931635}. Best is trial 39 with value: 44.425048828125.
LOCAL_RANK: 0 - CUDA_VISIBLE_DEVICES: [0]
[I 2023-11-30 04:40:59,791] Trial 63 finished with value: 45.99099349975586 and parameters: {'gradient_clip_val': 0.1992448839154214, 'hidden_size': 58, 'dropout': 0.3698479504969807, 'hidden_continuous_size': 31, 'attention_head_size': 4, 'learning_rate': 0.007392762486485548}. Best is trial 39 with value: 44.425048828125.
LOCAL_RANK: 0 - CUDA_VISIBLE_DEVICES: [0]
[I 2023-11-30 04:41:13,260] Trial 64 finished with value: 50.76909255981445 and parameters: {'gradient_clip_val': 0.15377957313295743, 'hidden_size': 59, 'dropout': 0.37163503856324703, 'hidden_continuous_size': 31, 'attention_head_size': 4, 'learning_rate': 0.009529431994828147}. Best is trial 39 with value: 44.425048828125.
LOCAL_RANK: 0 - CUDA_VISIBLE_DEVICES: [0]
[I 2023-11-30 04:41:26,576] Trial 65 finished with value: 49.602325439453125 and parameters: {'gradient_clip_val': 0.22436636821756523, 'hidden_size': 45, 'dropout': 0.3995174385508703, 'hidden_continuous_size': 28, 'attention_head_size': 4, 'learning_rate': 0.013482477419173215}. Best is trial 39 with value: 44.425048828125.
LOCAL_RANK: 0 - CUDA_VISIBLE_DEVICES: [0]
[I 2023-11-30 04:41:39,816] Trial 66 finished with value: 49.64097213745117 and parameters: {'gradient_clip_val': 0.253862053806646, 'hidden_size': 53, 'dropout': 0.38293732691445226, 'hidden_continuous_size': 23, 'attention_head_size': 4, 'learning_rate': 0.011093846012852968}. Best is trial 39 with value: 44.425048828125.
LOCAL_RANK: 0 - CUDA_VISIBLE_DEVICES: [0]
[I 2023-11-30 04:41:53,316] Trial 67 finished with value: 51.83124923706055 and parameters: {'gradient_clip_val': 0.4075739121088953, 'hidden_size': 57, 'dropout': 0.3878513949339623, 'hidden_continuous_size': 30, 'attention_head_size': 4, 'learning_rate': 0.008087421813101693}. Best is trial 39 with value: 44.425048828125.
LOCAL_RANK: 0 - CUDA_VISIBLE_DEVICES: [0]
[I 2023-11-30 04:42:06,664] Trial 68 finished with value: 45.927860260009766 and parameters: {'gradient_clip_val': 0.28406301627579283, 'hidden_size': 64, 'dropout': 0.3639311431365527, 'hidden_continuous_size': 32, 'attention_head_size': 4, 'learning_rate': 0.006832350515083686}. Best is trial 39 with value: 44.425048828125.
LOCAL_RANK: 0 - CUDA_VISIBLE_DEVICES: [0]
[I 2023-11-30 04:42:20,306] Trial 69 finished with value: 49.61125183105469 and parameters: {'gradient_clip_val': 0.4645063283703456, 'hidden_size': 66, 'dropout': 0.3668732890848223, 'hidden_continuous_size': 32, 'attention_head_size': 4, 'learning_rate': 0.006729478216051193}. Best is trial 39 with value: 44.425048828125.
LOCAL_RANK: 0 - CUDA_VISIBLE_DEVICES: [0]
[I 2023-11-30 04:42:34,342] Trial 70 finished with value: 59.59056091308594 and parameters: {'gradient_clip_val': 0.2806172662393334, 'hidden_size': 89, 'dropout': 0.3607389478756582, 'hidden_continuous_size': 38, 'attention_head_size': 3, 'learning_rate': 0.005055885064987953}. Best is trial 39 with value: 44.425048828125.
LOCAL_RANK: 0 - CUDA_VISIBLE_DEVICES: [0]
[I 2023-11-30 04:42:48,029] Trial 71 finished with value: 46.4913330078125 and parameters: {'gradient_clip_val': 0.245034275155234, 'hidden_size': 67, 'dropout': 0.3585787193377513, 'hidden_continuous_size': 40, 'attention_head_size': 4, 'learning_rate': 0.009759854641026218}. Best is trial 39 with value: 44.425048828125.
LOCAL_RANK: 0 - CUDA_VISIBLE_DEVICES: [0]
[I 2023-11-30 04:43:01,584] Trial 72 finished with value: 46.72213363647461 and parameters: {'gradient_clip_val': 0.310285257334931, 'hidden_size': 67, 'dropout': 0.38364896840590934, 'hidden_continuous_size': 40, 'attention_head_size': 4, 'learning_rate': 0.008671292843331152}. Best is trial 39 with value: 44.425048828125.
LOCAL_RANK: 0 - CUDA_VISIBLE_DEVICES: [0]
[I 2023-11-30 04:43:15,299] Trial 73 finished with value: 41.49635696411133 and parameters: {'gradient_clip_val': 0.3335762551390447, 'hidden_size': 77, 'dropout': 0.35556397002870166, 'hidden_continuous_size': 36, 'attention_head_size': 4, 'learning_rate': 0.005888615433677864}. Best is trial 73 with value: 41.49635696411133.
LOCAL_RANK: 0 - CUDA_VISIBLE_DEVICES: [0]
[I 2023-11-30 04:43:29,122] Trial 74 finished with value: 44.11796569824219 and parameters: {'gradient_clip_val': 0.3552519913687546, 'hidden_size': 79, 'dropout': 0.352804143849825, 'hidden_continuous_size': 37, 'attention_head_size': 4, 'learning_rate': 0.005722714538126134}. Best is trial 73 with value: 41.49635696411133.
LOCAL_RANK: 0 - CUDA_VISIBLE_DEVICES: [0]
[I 2023-11-30 04:43:42,988] Trial 75 finished with value: 50.65034103393555 and parameters: {'gradient_clip_val': 0.3504299376936107, 'hidden_size': 80, 'dropout': 0.3693556396724826, 'hidden_continuous_size': 37, 'attention_head_size': 4, 'learning_rate': 0.0054522469808179755}. Best is trial 73 with value: 41.49635696411133.
LOCAL_RANK: 0 - CUDA_VISIBLE_DEVICES: [0]
[I 2023-11-30 04:43:56,757] Trial 76 finished with value: 44.90767288208008 and parameters: {'gradient_clip_val': 0.32816165026765537, 'hidden_size': 75, 'dropout': 0.3549615841932171, 'hidden_continuous_size': 43, 'attention_head_size': 4, 'learning_rate': 0.004250238576405021}. Best is trial 73 with value: 41.49635696411133.
LOCAL_RANK: 0 - CUDA_VISIBLE_DEVICES: [0]
[I 2023-11-30 04:44:10,673] Trial 77 finished with value: 44.444976806640625 and parameters: {'gradient_clip_val': 0.31943159135413496, 'hidden_size': 86, 'dropout': 0.35155510913402577, 'hidden_continuous_size': 42, 'attention_head_size': 4, 'learning_rate': 0.004296072069974222}. Best is trial 73 with value: 41.49635696411133.
LOCAL_RANK: 0 - CUDA_VISIBLE_DEVICES: [0]
[I 2023-11-30 04:44:24,714] Trial 78 finished with value: 41.25663757324219 and parameters: {'gradient_clip_val': 0.3313051893852692, 'hidden_size': 102, 'dropout': 0.3534791743156132, 'hidden_continuous_size': 42, 'attention_head_size': 4, 'learning_rate': 0.003950067240899854}. Best is trial 78 with value: 41.25663757324219.
LOCAL_RANK: 0 - CUDA_VISIBLE_DEVICES: [0]
[I 2023-11-30 04:44:38,701] Trial 79 finished with value: 45.22420120239258 and parameters: {'gradient_clip_val': 0.3209123447488442, 'hidden_size': 98, 'dropout': 0.3522517192046413, 'hidden_continuous_size': 45, 'attention_head_size': 4, 'learning_rate': 0.0039837348906937835}. Best is trial 78 with value: 41.25663757324219.
LOCAL_RANK: 0 - CUDA_VISIBLE_DEVICES: [0]
[I 2023-11-30 04:44:52,863] Trial 80 finished with value: 54.64182662963867 and parameters: {'gradient_clip_val': 0.3324581671291661, 'hidden_size': 103, 'dropout': 0.3537878706364235, 'hidden_continuous_size': 41, 'attention_head_size': 4, 'learning_rate': 0.004101801285822844}. Best is trial 78 with value: 41.25663757324219.
LOCAL_RANK: 0 - CUDA_VISIBLE_DEVICES: [0]
[I 2023-11-30 04:45:06,864] Trial 81 finished with value: 50.8925666809082 and parameters: {'gradient_clip_val': 0.30811414510638857, 'hidden_size': 94, 'dropout': 0.3314060997602823, 'hidden_continuous_size': 44, 'attention_head_size': 4, 'learning_rate': 0.003504326200010945}. Best is trial 78 with value: 41.25663757324219.
LOCAL_RANK: 0 - CUDA_VISIBLE_DEVICES: [0]
[I 2023-11-30 04:45:20,934] Trial 82 finished with value: 44.2501106262207 and parameters: {'gradient_clip_val': 0.36939435400028664, 'hidden_size': 113, 'dropout': 0.3432786843677681, 'hidden_continuous_size': 44, 'attention_head_size': 4, 'learning_rate': 0.00446796466153538}. Best is trial 78 with value: 41.25663757324219.
LOCAL_RANK: 0 - CUDA_VISIBLE_DEVICES: [0]
[I 2023-11-30 04:45:35,121] Trial 83 finished with value: 45.07524490356445 and parameters: {'gradient_clip_val': 0.36433107435852824, 'hidden_size': 119, 'dropout': 0.3411998147651773, 'hidden_continuous_size': 45, 'attention_head_size': 4, 'learning_rate': 0.004507905115930212}. Best is trial 78 with value: 41.25663757324219.
LOCAL_RANK: 0 - CUDA_VISIBLE_DEVICES: [0]
[I 2023-11-30 04:45:49,428] Trial 84 finished with value: 43.47128677368164 and parameters: {'gradient_clip_val': 0.3636364403526856, 'hidden_size': 115, 'dropout': 0.3347472490463088, 'hidden_continuous_size': 47, 'attention_head_size': 4, 'learning_rate': 0.004732846379819328}. Best is trial 78 with value: 41.25663757324219.
LOCAL_RANK: 0 - CUDA_VISIBLE_DEVICES: [0]
[I 2023-11-30 04:46:03,643] Trial 85 finished with value: 47.39680480957031 and parameters: {'gradient_clip_val': 0.39483150403107153, 'hidden_size': 85, 'dropout': 0.3323736633428361, 'hidden_continuous_size': 49, 'attention_head_size': 4, 'learning_rate': 0.003436630983062719}. Best is trial 78 with value: 41.25663757324219.
LOCAL_RANK: 0 - CUDA_VISIBLE_DEVICES: [0]
