[I 2023-11-30 10:20:10,715] Trial 101 finished with value: 37.599571228027344 and parameters: {'gradient_clip_val': 0.15196903286238825, 'hidden_size': 120, 'dropout': 0.3526298399164794, 'hidden_continuous_size': 24, 'attention_head_size': 4, 'learning_rate': 0.003112290669333593}. Best is trial 100 with value: 29.31714630126953.
LOCAL_RANK: 0 - CUDA_VISIBLE_DEVICES: [0]
[I 2023-11-30 10:20:25,270] Trial 102 finished with value: 40.766300201416016 and parameters: {'gradient_clip_val': 0.12376275897107147, 'hidden_size': 150, 'dropout': 0.37757362390091104, 'hidden_continuous_size': 29, 'attention_head_size': 4, 'learning_rate': 0.003573141246294346}. Best is trial 100 with value: 29.31714630126953.
LOCAL_RANK: 0 - CUDA_VISIBLE_DEVICES: [0]
[I 2023-11-30 10:20:39,222] Trial 103 finished with value: 36.776485443115234 and parameters: {'gradient_clip_val': 0.1696883058891615, 'hidden_size': 111, 'dropout': 0.3629283095016767, 'hidden_continuous_size': 28, 'attention_head_size': 4, 'learning_rate': 0.002774331159970278}. Best is trial 100 with value: 29.31714630126953.
LOCAL_RANK: 0 - CUDA_VISIBLE_DEVICES: [0]
[I 2023-11-30 10:20:53,360] Trial 104 finished with value: 37.5648078918457 and parameters: {'gradient_clip_val': 0.1427029174639826, 'hidden_size': 131, 'dropout': 0.38156399593130325, 'hidden_continuous_size': 26, 'attention_head_size': 4, 'learning_rate': 0.004372838518721054}. Best is trial 100 with value: 29.31714630126953.
LOCAL_RANK: 0 - CUDA_VISIBLE_DEVICES: [0]
[I 2023-11-30 10:21:07,338] Trial 105 finished with value: 33.654232025146484 and parameters: {'gradient_clip_val': 0.16075125687041783, 'hidden_size': 121, 'dropout': 0.3920841531090802, 'hidden_continuous_size': 20, 'attention_head_size': 4, 'learning_rate': 0.0023876925380933714}. Best is trial 100 with value: 29.31714630126953.
LOCAL_RANK: 0 - CUDA_VISIBLE_DEVICES: [0]
[I 2023-11-30 10:21:21,609] Trial 106 finished with value: 35.79182815551758 and parameters: {'gradient_clip_val': 0.13579985510129233, 'hidden_size': 142, 'dropout': 0.34853879656556125, 'hidden_continuous_size': 31, 'attention_head_size': 4, 'learning_rate': 0.0030058067702532372}. Best is trial 100 with value: 29.31714630126953.
LOCAL_RANK: 0 - CUDA_VISIBLE_DEVICES: [0]
[I 2023-11-30 10:21:35,839] Trial 107 finished with value: 31.281103134155273 and parameters: {'gradient_clip_val': 0.12257259794459699, 'hidden_size': 115, 'dropout': 0.3734759396132403, 'hidden_continuous_size': 30, 'attention_head_size': 4, 'learning_rate': 0.0039892477143204895}. Best is trial 100 with value: 29.31714630126953.
LOCAL_RANK: 0 - CUDA_VISIBLE_DEVICES: [0]
[I 2023-11-30 10:21:49,853] Trial 108 finished with value: 34.07834243774414 and parameters: {'gradient_clip_val': 0.12193636901084323, 'hidden_size': 113, 'dropout': 0.35852991658887345, 'hidden_continuous_size': 30, 'attention_head_size': 4, 'learning_rate': 0.0032790642061539988}. Best is trial 100 with value: 29.31714630126953.
LOCAL_RANK: 0 - CUDA_VISIBLE_DEVICES: [0]
[I 2023-11-30 10:22:04,148] Trial 109 finished with value: 37.797149658203125 and parameters: {'gradient_clip_val': 0.10426118727347641, 'hidden_size': 133, 'dropout': 0.3741242506408424, 'hidden_continuous_size': 38, 'attention_head_size': 4, 'learning_rate': 0.003953342314070869}. Best is trial 100 with value: 29.31714630126953.
LOCAL_RANK: 0 - CUDA_VISIBLE_DEVICES: [0]
[I 2023-11-30 10:22:18,249] Trial 110 finished with value: 33.052459716796875 and parameters: {'gradient_clip_val': 0.13039750649902862, 'hidden_size': 124, 'dropout': 0.3664121149663526, 'hidden_continuous_size': 36, 'attention_head_size': 4, 'learning_rate': 0.0027902522317289863}. Best is trial 100 with value: 29.31714630126953.
LOCAL_RANK: 0 - CUDA_VISIBLE_DEVICES: [0]
[I 2023-11-30 10:22:32,152] Trial 111 finished with value: 34.78361511230469 and parameters: {'gradient_clip_val': 0.14526762036798138, 'hidden_size': 115, 'dropout': 0.33802210815721095, 'hidden_continuous_size': 27, 'attention_head_size': 4, 'learning_rate': 0.004595028203008851}. Best is trial 100 with value: 29.31714630126953.
LOCAL_RANK: 0 - CUDA_VISIBLE_DEVICES: [0]
[I 2023-11-30 10:22:46,199] Trial 112 finished with value: 34.86612319946289 and parameters: {'gradient_clip_val': 0.11848253784731164, 'hidden_size': 104, 'dropout': 0.3803919025958708, 'hidden_continuous_size': 32, 'attention_head_size': 4, 'learning_rate': 0.003436500555706386}. Best is trial 100 with value: 29.31714630126953.
LOCAL_RANK: 0 - CUDA_VISIBLE_DEVICES: [0]
[I 2023-11-30 10:23:00,296] Trial 113 finished with value: 34.1932258605957 and parameters: {'gradient_clip_val': 0.10978449933324144, 'hidden_size': 133, 'dropout': 0.38697102827405433, 'hidden_continuous_size': 24, 'attention_head_size': 4, 'learning_rate': 0.003757984834937333}. Best is trial 100 with value: 29.31714630126953.
LOCAL_RANK: 0 - CUDA_VISIBLE_DEVICES: [0]
[I 2023-11-30 10:23:14,609] Trial 114 finished with value: 37.551971435546875 and parameters: {'gradient_clip_val': 0.12712155981319462, 'hidden_size': 143, 'dropout': 0.37353334127971594, 'hidden_continuous_size': 29, 'attention_head_size': 4, 'learning_rate': 0.00415431936256201}. Best is trial 100 with value: 29.31714630126953.
LOCAL_RANK: 0 - CUDA_VISIBLE_DEVICES: [0]
[I 2023-11-30 10:23:28,809] Trial 115 finished with value: 40.65806579589844 and parameters: {'gradient_clip_val': 0.13541875260343364, 'hidden_size': 126, 'dropout': 0.35137325580473794, 'hidden_continuous_size': 25, 'attention_head_size': 4, 'learning_rate': 0.0054743516646882946}. Best is trial 100 with value: 29.31714630126953.
LOCAL_RANK: 0 - CUDA_VISIBLE_DEVICES: [0]
[I 2023-11-30 10:23:42,699] Trial 116 finished with value: 28.42742347717285 and parameters: {'gradient_clip_val': 0.1516667503079247, 'hidden_size': 105, 'dropout': 0.3426334373994879, 'hidden_continuous_size': 30, 'attention_head_size': 4, 'learning_rate': 0.004959279578859809}. Best is trial 116 with value: 28.42742347717285.
LOCAL_RANK: 0 - CUDA_VISIBLE_DEVICES: [0]
[I 2023-11-30 10:23:56,884] Trial 117 finished with value: 33.30787658691406 and parameters: {'gradient_clip_val': 0.178305337638101, 'hidden_size': 109, 'dropout': 0.3423074529914926, 'hidden_continuous_size': 30, 'attention_head_size': 4, 'learning_rate': 0.002988935117744685}. Best is trial 116 with value: 28.42742347717285.
LOCAL_RANK: 0 - CUDA_VISIBLE_DEVICES: [0]
[I 2023-11-30 10:24:10,847] Trial 118 finished with value: 38.84892654418945 and parameters: {'gradient_clip_val': 0.16389344314841695, 'hidden_size': 118, 'dropout': 0.3657927588200524, 'hidden_continuous_size': 28, 'attention_head_size': 4, 'learning_rate': 0.005214591647152028}. Best is trial 116 with value: 28.42742347717285.
LOCAL_RANK: 0 - CUDA_VISIBLE_DEVICES: [0]
[I 2023-11-30 10:24:24,909] Trial 119 finished with value: 38.83323669433594 and parameters: {'gradient_clip_val': 0.15386590562273814, 'hidden_size': 103, 'dropout': 0.3576374780602929, 'hidden_continuous_size': 33, 'attention_head_size': 4, 'learning_rate': 0.00230253848527131}. Best is trial 116 with value: 28.42742347717285.
LOCAL_RANK: 0 - CUDA_VISIBLE_DEVICES: [0]
[I 2023-11-30 10:24:39,328] Trial 120 finished with value: 31.320444107055664 and parameters: {'gradient_clip_val': 0.11576090385997996, 'hidden_size': 137, 'dropout': 0.3934465411040812, 'hidden_continuous_size': 34, 'attention_head_size': 4, 'learning_rate': 0.0037247722842544506}. Best is trial 116 with value: 28.42742347717285.
LOCAL_RANK: 0 - CUDA_VISIBLE_DEVICES: [0]
[I 2023-11-30 10:24:53,458] Trial 121 finished with value: 38.119625091552734 and parameters: {'gradient_clip_val': 0.11645333664529854, 'hidden_size': 133, 'dropout': 0.39223155563752754, 'hidden_continuous_size': 34, 'attention_head_size': 4, 'learning_rate': 0.003640139598022548}. Best is trial 116 with value: 28.42742347717285.
LOCAL_RANK: 0 - CUDA_VISIBLE_DEVICES: [0]
[I 2023-11-30 10:25:07,776] Trial 122 finished with value: 47.5531120300293 and parameters: {'gradient_clip_val': 0.1078823317721944, 'hidden_size': 144, 'dropout': 0.3847828991030698, 'hidden_continuous_size': 31, 'attention_head_size': 4, 'learning_rate': 0.004194778020390186}. Best is trial 116 with value: 28.42742347717285.
LOCAL_RANK: 0 - CUDA_VISIBLE_DEVICES: [0]
[I 2023-11-30 10:25:21,874] Trial 123 finished with value: 35.89284133911133 and parameters: {'gradient_clip_val': 0.12156574921695903, 'hidden_size': 126, 'dropout': 0.3752914044612274, 'hidden_continuous_size': 36, 'attention_head_size': 4, 'learning_rate': 0.004854689629818893}. Best is trial 116 with value: 28.42742347717285.
LOCAL_RANK: 0 - CUDA_VISIBLE_DEVICES: [0]
[I 2023-11-30 10:25:36,274] Trial 124 finished with value: 28.370454788208008 and parameters: {'gradient_clip_val': 0.1048768864629522, 'hidden_size': 150, 'dropout': 0.39370186520465417, 'hidden_continuous_size': 27, 'attention_head_size': 4, 'learning_rate': 0.00324539662857593}. Best is trial 124 with value: 28.370454788208008.
LOCAL_RANK: 0 - CUDA_VISIBLE_DEVICES: [0]
[I 2023-11-30 10:25:50,469] Trial 125 finished with value: 28.099782943725586 and parameters: {'gradient_clip_val': 0.10512885927324828, 'hidden_size': 137, 'dropout': 0.3965933682427802, 'hidden_continuous_size': 39, 'attention_head_size': 4, 'learning_rate': 0.002698003184346933}. Best is trial 125 with value: 28.099782943725586.
LOCAL_RANK: 0 - CUDA_VISIBLE_DEVICES: [0]
[I 2023-11-30 10:26:04,924] Trial 126 finished with value: 43.862640380859375 and parameters: {'gradient_clip_val': 0.10026005793110068, 'hidden_size': 146, 'dropout': 0.399001683142385, 'hidden_continuous_size': 39, 'attention_head_size': 4, 'learning_rate': 0.0019397081262058906}. Best is trial 125 with value: 28.099782943725586.
LOCAL_RANK: 0 - CUDA_VISIBLE_DEVICES: [0]
[I 2023-11-30 10:26:18,987] Trial 127 finished with value: 30.0894832611084 and parameters: {'gradient_clip_val': 0.10372933698724915, 'hidden_size': 114, 'dropout': 0.38341118026459375, 'hidden_continuous_size': 27, 'attention_head_size': 3, 'learning_rate': 0.0026200873931292537}. Best is trial 125 with value: 28.099782943725586.
LOCAL_RANK: 0 - CUDA_VISIBLE_DEVICES: [0]
[I 2023-11-30 10:26:33,159] Trial 128 finished with value: 35.19730758666992 and parameters: {'gradient_clip_val': 0.10523970846928558, 'hidden_size': 150, 'dropout': 0.38146734868528615, 'hidden_continuous_size': 26, 'attention_head_size': 3, 'learning_rate': 0.0026036563752079665}. Best is trial 125 with value: 28.099782943725586.
LOCAL_RANK: 0 - CUDA_VISIBLE_DEVICES: [0]
[I 2023-11-30 10:26:47,084] Trial 129 finished with value: 36.0266227722168 and parameters: {'gradient_clip_val': 0.10463661242616357, 'hidden_size': 122, 'dropout': 0.36769046468060307, 'hidden_continuous_size': 28, 'attention_head_size': 3, 'learning_rate': 0.003165571061722678}. Best is trial 125 with value: 28.099782943725586.
LOCAL_RANK: 0 - CUDA_VISIBLE_DEVICES: [0]
[I 2023-11-30 10:27:01,268] Trial 130 finished with value: 33.665592193603516 and parameters: {'gradient_clip_val': 0.10955800046604115, 'hidden_size': 139, 'dropout': 0.39324693154968426, 'hidden_continuous_size': 32, 'attention_head_size': 3, 'learning_rate': 0.002863725014437128}. Best is trial 125 with value: 28.099782943725586.
LOCAL_RANK: 0 - CUDA_VISIBLE_DEVICES: [0]
[I 2023-11-30 10:27:15,404] Trial 131 finished with value: 39.352294921875 and parameters: {'gradient_clip_val': 0.11169867355929347, 'hidden_size': 115, 'dropout': 0.3721664931688203, 'hidden_continuous_size': 30, 'attention_head_size': 3, 'learning_rate': 0.0032913698660100646}. Best is trial 125 with value: 28.099782943725586.
LOCAL_RANK: 0 - CUDA_VISIBLE_DEVICES: [0]
[I 2023-11-30 10:27:29,094] Trial 132 finished with value: 48.48344039916992 and parameters: {'gradient_clip_val': 0.12615576043762994, 'hidden_size': 95, 'dropout': 0.384884524791221, 'hidden_continuous_size': 27, 'attention_head_size': 3, 'learning_rate': 0.0023224691065857773}. Best is trial 125 with value: 28.099782943725586.
LOCAL_RANK: 0 - CUDA_VISIBLE_DEVICES: [0]
[I 2023-11-30 10:27:43,097] Trial 133 finished with value: 37.60126876831055 and parameters: {'gradient_clip_val': 0.10302518528972258, 'hidden_size': 107, 'dropout': 0.3791426078186577, 'hidden_continuous_size': 29, 'attention_head_size': 4, 'learning_rate': 0.002701541295645655}. Best is trial 125 with value: 28.099782943725586.
LOCAL_RANK: 0 - CUDA_VISIBLE_DEVICES: [0]
[I 2023-11-30 10:27:57,174] Trial 134 finished with value: 34.157527923583984 and parameters: {'gradient_clip_val': 0.11408296302682114, 'hidden_size': 126, 'dropout': 0.36395955590176815, 'hidden_continuous_size': 25, 'attention_head_size': 4, 'learning_rate': 0.0021216646341841784}. Best is trial 125 with value: 28.099782943725586.
LOCAL_RANK: 0 - CUDA_VISIBLE_DEVICES: [0]
[I 2023-11-30 10:28:11,267] Trial 135 finished with value: 37.16206741333008 and parameters: {'gradient_clip_val': 0.13220538526577888, 'hidden_size': 136, 'dropout': 0.35934925347846464, 'hidden_continuous_size': 37, 'attention_head_size': 4, 'learning_rate': 0.0058651080112521545}. Best is trial 125 with value: 28.099782943725586.
LOCAL_RANK: 0 - CUDA_VISIBLE_DEVICES: [0]
[I 2023-11-30 10:28:25,665] Trial 136 finished with value: 33.765018463134766 and parameters: {'gradient_clip_val': 0.10841838303288422, 'hidden_size': 112, 'dropout': 0.39514271286709535, 'hidden_continuous_size': 32, 'attention_head_size': 4, 'learning_rate': 0.004416758825683794}. Best is trial 125 with value: 28.099782943725586.
LOCAL_RANK: 0 - CUDA_VISIBLE_DEVICES: [0]
[I 2023-11-30 10:28:39,846] Trial 137 finished with value: 29.1113224029541 and parameters: {'gradient_clip_val': 0.13892858240698677, 'hidden_size': 124, 'dropout': 0.3872665741157278, 'hidden_continuous_size': 27, 'attention_head_size': 3, 'learning_rate': 0.0029360189810516235}. Best is trial 125 with value: 28.099782943725586.
LOCAL_RANK: 0 - CUDA_VISIBLE_DEVICES: [0]
[I 2023-11-30 10:28:53,767] Trial 138 finished with value: 37.10861587524414 and parameters: {'gradient_clip_val': 0.1469689600980082, 'hidden_size': 121, 'dropout': 0.3994296231998102, 'hidden_continuous_size': 27, 'attention_head_size': 3, 'learning_rate': 0.0029532840496119006}. Best is trial 125 with value: 28.099782943725586.
LOCAL_RANK: 0 - CUDA_VISIBLE_DEVICES: [0]
[I 2023-11-30 10:29:07,905] Trial 139 finished with value: 33.43635940551758 and parameters: {'gradient_clip_val': 0.13960278854865193, 'hidden_size': 131, 'dropout': 0.3859501826074445, 'hidden_continuous_size': 42, 'attention_head_size': 3, 'learning_rate': 0.002536030156962682}. Best is trial 125 with value: 28.099782943725586.
LOCAL_RANK: 0 - CUDA_VISIBLE_DEVICES: [0]
[I 2023-11-30 10:29:21,635] Trial 140 finished with value: 67.97643280029297 and parameters: {'gradient_clip_val': 0.16472708730885427, 'hidden_size': 98, 'dropout': 0.3888955731627965, 'hidden_continuous_size': 26, 'attention_head_size': 3, 'learning_rate': 0.002418506069720894}. Best is trial 125 with value: 28.099782943725586.
LOCAL_RANK: 0 - CUDA_VISIBLE_DEVICES: [0]
[I 2023-11-30 10:29:36,476] Trial 141 finished with value: 38.93011474609375 and parameters: {'gradient_clip_val': 0.12253908526337497, 'hidden_size': 118, 'dropout': 0.3769864133809129, 'hidden_continuous_size': 28, 'attention_head_size': 3, 'learning_rate': 0.003134285639911724}. Best is trial 125 with value: 28.099782943725586.
LOCAL_RANK: 0 - CUDA_VISIBLE_DEVICES: [0]
[I 2023-11-30 10:29:50,770] Trial 142 finished with value: 33.67625427246094 and parameters: {'gradient_clip_val': 0.12859420609101999, 'hidden_size': 137, 'dropout': 0.37059991788704383, 'hidden_continuous_size': 30, 'attention_head_size': 4, 'learning_rate': 0.0033905365246559888}. Best is trial 125 with value: 28.099782943725586.
LOCAL_RANK: 0 - CUDA_VISIBLE_DEVICES: [0]
[I 2023-11-30 10:30:05,145] Trial 143 finished with value: 32.64996337890625 and parameters: {'gradient_clip_val': 0.11697795564438906, 'hidden_size': 150, 'dropout': 0.3532320189142214, 'hidden_continuous_size': 46, 'attention_head_size': 3, 'learning_rate': 0.004054953201839854}. Best is trial 125 with value: 28.099782943725586.
LOCAL_RANK: 0 - CUDA_VISIBLE_DEVICES: [0]
[I 2023-11-30 10:30:18,866] Trial 144 finished with value: 43.739776611328125 and parameters: {'gradient_clip_val': 0.1573748848513011, 'hidden_size': 112, 'dropout': 0.38025426631580767, 'hidden_continuous_size': 29, 'attention_head_size': 4, 'learning_rate': 0.002741130121699648}. Best is trial 125 with value: 28.099782943725586.
LOCAL_RANK: 0 - CUDA_VISIBLE_DEVICES: [0]
[I 2023-11-30 10:30:33,108] Trial 145 finished with value: 34.04855728149414 and parameters: {'gradient_clip_val': 0.105194173239266, 'hidden_size': 127, 'dropout': 0.3932288957899019, 'hidden_continuous_size': 24, 'attention_head_size': 4, 'learning_rate': 0.003917543451346064}. Best is trial 125 with value: 28.099782943725586.
LOCAL_RANK: 0 - CUDA_VISIBLE_DEVICES: [0]
[I 2023-11-30 10:30:47,351] Trial 146 finished with value: 32.82996368408203 and parameters: {'gradient_clip_val': 0.13224106000987182, 'hidden_size': 139, 'dropout': 0.34422028245490255, 'hidden_continuous_size': 31, 'attention_head_size': 3, 'learning_rate': 0.004834531886622208}. Best is trial 125 with value: 28.099782943725586.
LOCAL_RANK: 0 - CUDA_VISIBLE_DEVICES: [0]
[I 2023-11-30 10:31:01,229] Trial 147 finished with value: 35.17741775512695 and parameters: {'gradient_clip_val': 0.11182161600132445, 'hidden_size': 104, 'dropout': 0.3729856122931069, 'hidden_continuous_size': 27, 'attention_head_size': 4, 'learning_rate': 0.006727757557753454}. Best is trial 125 with value: 28.099782943725586.
LOCAL_RANK: 0 - CUDA_VISIBLE_DEVICES: [0]
[I 2023-11-30 10:31:15,313] Trial 148 finished with value: 32.9274787902832 and parameters: {'gradient_clip_val': 0.10067852449722582, 'hidden_size': 121, 'dropout': 0.38573598599759235, 'hidden_continuous_size': 33, 'attention_head_size': 4, 'learning_rate': 0.0035112539950371744}. Best is trial 125 with value: 28.099782943725586.
LOCAL_RANK: 0 - CUDA_VISIBLE_DEVICES: [0]
[I 2023-11-30 10:31:29,490] Trial 149 finished with value: 33.1557502746582 and parameters: {'gradient_clip_val': 0.13895051628788752, 'hidden_size': 130, 'dropout': 0.363124459904958, 'hidden_continuous_size': 35, 'attention_head_size': 4, 'learning_rate': 0.004434660238088134}. Best is trial 125 with value: 28.099782943725586.
[I 2023-11-30 10:31:29,601] A new study created in memory with name: no-name-8a33b9a2-9aff-42ca-a824-10458f4ab76e
/home/le004/conda/anaconda3/envs/tsff_env/lib/python3.9/site-packages/lightning/fabric/plugins/environments/slurm.py:191: The `srun` command is available on your system but is not used. HINT: If your intention is to run Lightning on SLURM, prepend your python command with `srun` like so: srun python /home/le004/master_thesis/git/TSFusionForecast/code/ ...
LOCAL_RANK: 0 - CUDA_VISIBLE_DEVICES: [0]
[I 2023-11-30 10:31:42,494] Trial 0 finished with value: 1571.0543212890625 and parameters: {'gradient_clip_val': 0.9845800406177398, 'hidden_size': 49, 'dropout': 0.35346397009692343, 'hidden_continuous_size': 18, 'attention_head_size': 3, 'learning_rate': 0.06760283810128943}. Best is trial 0 with value: 1571.0543212890625.
LOCAL_RANK: 0 - CUDA_VISIBLE_DEVICES: [0]
[I 2023-11-30 10:31:54,723] Trial 1 finished with value: 5719.00244140625 and parameters: {'gradient_clip_val': 0.9140542202749619, 'hidden_size': 14, 'dropout': 0.340279582464876, 'hidden_continuous_size': 10, 'attention_head_size': 2, 'learning_rate': 0.0027080996186044435}. Best is trial 0 with value: 1571.0543212890625.
LOCAL_RANK: 0 - CUDA_VISIBLE_DEVICES: [0]
[I 2023-11-30 10:32:06,706] Trial 2 finished with value: 1513.5294189453125 and parameters: {'gradient_clip_val': 0.2457419474874407, 'hidden_size': 24, 'dropout': 0.13788788443110245, 'hidden_continuous_size': 14, 'attention_head_size': 3, 'learning_rate': 0.03293741362919674}. Best is trial 2 with value: 1513.5294189453125.
LOCAL_RANK: 0 - CUDA_VISIBLE_DEVICES: [0]
[I 2023-11-30 10:32:18,937] Trial 3 finished with value: 2374.56640625 and parameters: {'gradient_clip_val': 0.16345948820691755, 'hidden_size': 26, 'dropout': 0.3303060660879064, 'hidden_continuous_size': 14, 'attention_head_size': 3, 'learning_rate': 0.006043822156837418}. Best is trial 2 with value: 1513.5294189453125.
LOCAL_RANK: 0 - CUDA_VISIBLE_DEVICES: [0]
[I 2023-11-30 10:32:31,771] Trial 4 finished with value: 1402.1236572265625 and parameters: {'gradient_clip_val': 0.9031318156010988, 'hidden_size': 59, 'dropout': 0.3807689243379363, 'hidden_continuous_size': 11, 'attention_head_size': 2, 'learning_rate': 0.010662728275409029}. Best is trial 4 with value: 1402.1236572265625.
LOCAL_RANK: 0 - CUDA_VISIBLE_DEVICES: [0]
[I 2023-11-30 10:32:44,172] Trial 5 finished with value: 1607.5931396484375 and parameters: {'gradient_clip_val': 0.5919157836621207, 'hidden_size': 31, 'dropout': 0.39644968229051913, 'hidden_continuous_size': 19, 'attention_head_size': 1, 'learning_rate': 0.046625261702583645}. Best is trial 4 with value: 1402.1236572265625.
LOCAL_RANK: 0 - CUDA_VISIBLE_DEVICES: [0]
[I 2023-11-30 10:32:58,592] Trial 6 finished with value: 1681.9781494140625 and parameters: {'gradient_clip_val': 0.8328095204323317, 'hidden_size': 145, 'dropout': 0.14336109129010569, 'hidden_continuous_size': 50, 'attention_head_size': 2, 'learning_rate': 0.008659421116227362}. Best is trial 4 with value: 1402.1236572265625.
LOCAL_RANK: 0 - CUDA_VISIBLE_DEVICES: [0]
[I 2023-11-30 10:33:12,051] Trial 7 finished with value: 1411.1983642578125 and parameters: {'gradient_clip_val': 0.8940591645739625, 'hidden_size': 65, 'dropout': 0.26312453709812894, 'hidden_continuous_size': 31, 'attention_head_size': 2, 'learning_rate': 0.014346847339396224}. Best is trial 4 with value: 1402.1236572265625.
LOCAL_RANK: 0 - CUDA_VISIBLE_DEVICES: [0]
