[I 2023-11-29 20:18:50,510] Trial 57 finished with value: 14.401161193847656 and parameters: {'gradient_clip_val': 0.7913731705153778, 'hidden_size': 68, 'dropout': 0.3432944585726079, 'hidden_continuous_size': 26, 'attention_head_size': 2, 'learning_rate': 0.036090265939476694}. Best is trial 1 with value: 13.678970336914062.
LOCAL_RANK: 0 - CUDA_VISIBLE_DEVICES: [0]
[I 2023-11-29 20:19:03,176] Trial 58 finished with value: 14.232081413269043 and parameters: {'gradient_clip_val': 0.6660157724275813, 'hidden_size': 38, 'dropout': 0.36101295576469183, 'hidden_continuous_size': 28, 'attention_head_size': 2, 'learning_rate': 0.0820990833358339}. Best is trial 1 with value: 13.678970336914062.
LOCAL_RANK: 0 - CUDA_VISIBLE_DEVICES: [0]
[I 2023-11-29 20:19:16,626] Trial 59 finished with value: 15.66662883758545 and parameters: {'gradient_clip_val': 0.6705851581919764, 'hidden_size': 75, 'dropout': 0.3653679314460234, 'hidden_continuous_size': 32, 'attention_head_size': 2, 'learning_rate': 0.08436433491242425}. Best is trial 1 with value: 13.678970336914062.
LOCAL_RANK: 0 - CUDA_VISIBLE_DEVICES: [0]
[I 2023-11-29 20:19:29,343] Trial 60 finished with value: 14.611756324768066 and parameters: {'gradient_clip_val': 0.8410983069958655, 'hidden_size': 46, 'dropout': 0.3997165658287896, 'hidden_continuous_size': 28, 'attention_head_size': 2, 'learning_rate': 0.09663590605509126}. Best is trial 1 with value: 13.678970336914062.
LOCAL_RANK: 0 - CUDA_VISIBLE_DEVICES: [0]
[I 2023-11-29 20:19:41,977] Trial 61 finished with value: 14.979876518249512 and parameters: {'gradient_clip_val': 0.6254878552061344, 'hidden_size': 40, 'dropout': 0.3495165447560574, 'hidden_continuous_size': 27, 'attention_head_size': 2, 'learning_rate': 0.06201889986996635}. Best is trial 1 with value: 13.678970336914062.
LOCAL_RANK: 0 - CUDA_VISIBLE_DEVICES: [0]
[I 2023-11-29 20:19:54,755] Trial 62 finished with value: 14.533909797668457 and parameters: {'gradient_clip_val': 0.5826521794905621, 'hidden_size': 38, 'dropout': 0.3579874726108645, 'hidden_continuous_size': 30, 'attention_head_size': 2, 'learning_rate': 0.05046696672873851}. Best is trial 1 with value: 13.678970336914062.
LOCAL_RANK: 0 - CUDA_VISIBLE_DEVICES: [0]
[I 2023-11-29 20:20:07,331] Trial 63 finished with value: 14.584248542785645 and parameters: {'gradient_clip_val': 0.6868229695329027, 'hidden_size': 31, 'dropout': 0.3705939855532288, 'hidden_continuous_size': 27, 'attention_head_size': 2, 'learning_rate': 0.07892301655793009}. Best is trial 1 with value: 13.678970336914062.
LOCAL_RANK: 0 - CUDA_VISIBLE_DEVICES: [0]
[I 2023-11-29 20:20:20,608] Trial 64 finished with value: 14.062321662902832 and parameters: {'gradient_clip_val': 0.507671206326272, 'hidden_size': 54, 'dropout': 0.38500931547482714, 'hidden_continuous_size': 34, 'attention_head_size': 2, 'learning_rate': 0.06276502081292301}. Best is trial 1 with value: 13.678970336914062.
LOCAL_RANK: 0 - CUDA_VISIBLE_DEVICES: [0]
[I 2023-11-29 20:20:33,768] Trial 65 finished with value: 15.47985553741455 and parameters: {'gradient_clip_val': 0.5061374507149268, 'hidden_size': 53, 'dropout': 0.3895753765390588, 'hidden_continuous_size': 34, 'attention_head_size': 2, 'learning_rate': 0.06425568829985105}. Best is trial 1 with value: 13.678970336914062.
LOCAL_RANK: 0 - CUDA_VISIBLE_DEVICES: [0]
[I 2023-11-29 20:20:47,204] Trial 66 finished with value: 15.830973625183105 and parameters: {'gradient_clip_val': 0.9949339997130634, 'hidden_size': 57, 'dropout': 0.3737134585627107, 'hidden_continuous_size': 37, 'attention_head_size': 2, 'learning_rate': 0.09759128788389461}. Best is trial 1 with value: 13.678970336914062.
LOCAL_RANK: 0 - CUDA_VISIBLE_DEVICES: [0]
[I 2023-11-29 20:21:00,068] Trial 67 finished with value: 15.805778503417969 and parameters: {'gradient_clip_val': 0.5520692882768383, 'hidden_size': 44, 'dropout': 0.39145903906514495, 'hidden_continuous_size': 24, 'attention_head_size': 2, 'learning_rate': 0.06215049152818026}. Best is trial 1 with value: 13.678970336914062.
LOCAL_RANK: 0 - CUDA_VISIBLE_DEVICES: [0]
[I 2023-11-29 20:21:12,967] Trial 68 finished with value: 14.780841827392578 and parameters: {'gradient_clip_val': 0.5238473605717011, 'hidden_size': 49, 'dropout': 0.3627942184460396, 'hidden_continuous_size': 26, 'attention_head_size': 2, 'learning_rate': 0.03982825032882542}. Best is trial 1 with value: 13.678970336914062.
LOCAL_RANK: 0 - CUDA_VISIBLE_DEVICES: [0]
[I 2023-11-29 20:21:26,321] Trial 69 finished with value: 14.416996955871582 and parameters: {'gradient_clip_val': 0.7354672390221965, 'hidden_size': 59, 'dropout': 0.35436795013097794, 'hidden_continuous_size': 39, 'attention_head_size': 2, 'learning_rate': 0.07556032647053267}. Best is trial 1 with value: 13.678970336914062.
LOCAL_RANK: 0 - CUDA_VISIBLE_DEVICES: [0]
[I 2023-11-29 20:21:39,369] Trial 70 finished with value: 15.515084266662598 and parameters: {'gradient_clip_val': 0.6475723942361288, 'hidden_size': 51, 'dropout': 0.3757340238803061, 'hidden_continuous_size': 29, 'attention_head_size': 2, 'learning_rate': 0.08337474909586151}. Best is trial 1 with value: 13.678970336914062.
LOCAL_RANK: 0 - CUDA_VISIBLE_DEVICES: [0]
[I 2023-11-29 20:21:52,133] Trial 71 finished with value: 15.734406471252441 and parameters: {'gradient_clip_val': 0.60842507630541, 'hidden_size': 41, 'dropout': 0.3879797502537687, 'hidden_continuous_size': 22, 'attention_head_size': 2, 'learning_rate': 0.05236481475523302}. Best is trial 1 with value: 13.678970336914062.
LOCAL_RANK: 0 - CUDA_VISIBLE_DEVICES: [0]
[I 2023-11-29 20:22:04,558] Trial 72 finished with value: 14.2606782913208 and parameters: {'gradient_clip_val': 0.6836587416885268, 'hidden_size': 28, 'dropout': 0.3391849313143617, 'hidden_continuous_size': 26, 'attention_head_size': 2, 'learning_rate': 0.06753494870092396}. Best is trial 1 with value: 13.678970336914062.
LOCAL_RANK: 0 - CUDA_VISIBLE_DEVICES: [0]
[I 2023-11-29 20:22:16,861] Trial 73 finished with value: 15.157395362854004 and parameters: {'gradient_clip_val': 0.7102351452266829, 'hidden_size': 28, 'dropout': 0.37045540306376673, 'hidden_continuous_size': 26, 'attention_head_size': 2, 'learning_rate': 0.07046320874004218}. Best is trial 1 with value: 13.678970336914062.
LOCAL_RANK: 0 - CUDA_VISIBLE_DEVICES: [0]
[I 2023-11-29 20:22:29,015] Trial 74 finished with value: 14.548588752746582 and parameters: {'gradient_clip_val': 0.6642010618302028, 'hidden_size': 23, 'dropout': 0.3326016881832287, 'hidden_continuous_size': 22, 'attention_head_size': 2, 'learning_rate': 0.06163491118350868}. Best is trial 1 with value: 13.678970336914062.
LOCAL_RANK: 0 - CUDA_VISIBLE_DEVICES: [0]
[I 2023-11-29 20:22:41,646] Trial 75 finished with value: 15.195544242858887 and parameters: {'gradient_clip_val': 0.5471791702392611, 'hidden_size': 33, 'dropout': 0.349030002646113, 'hidden_continuous_size': 28, 'attention_head_size': 2, 'learning_rate': 0.04548776427372119}. Best is trial 1 with value: 13.678970336914062.
LOCAL_RANK: 0 - CUDA_VISIBLE_DEVICES: [0]
[I 2023-11-29 20:22:54,740] Trial 76 finished with value: 14.954898834228516 and parameters: {'gradient_clip_val': 0.40568054877263376, 'hidden_size': 45, 'dropout': 0.31486472176352925, 'hidden_continuous_size': 30, 'attention_head_size': 2, 'learning_rate': 0.08849455414241658}. Best is trial 1 with value: 13.678970336914062.
LOCAL_RANK: 0 - CUDA_VISIBLE_DEVICES: [0]
[I 2023-11-29 20:23:07,499] Trial 77 finished with value: 16.49723243713379 and parameters: {'gradient_clip_val': 0.5198646671245981, 'hidden_size': 30, 'dropout': 0.3439361663192407, 'hidden_continuous_size': 25, 'attention_head_size': 2, 'learning_rate': 0.07298637846153308}. Best is trial 1 with value: 13.678970336914062.
LOCAL_RANK: 0 - CUDA_VISIBLE_DEVICES: [0]
[I 2023-11-29 20:23:20,576] Trial 78 finished with value: 15.31905460357666 and parameters: {'gradient_clip_val': 0.5732064274205119, 'hidden_size': 52, 'dropout': 0.3809668519140968, 'hidden_continuous_size': 31, 'attention_head_size': 3, 'learning_rate': 0.05756322648658948}. Best is trial 1 with value: 13.678970336914062.
LOCAL_RANK: 0 - CUDA_VISIBLE_DEVICES: [0]
[I 2023-11-29 20:23:32,999] Trial 79 finished with value: 15.548903465270996 and parameters: {'gradient_clip_val': 0.4756217115778932, 'hidden_size': 26, 'dropout': 0.3580421392727565, 'hidden_continuous_size': 25, 'attention_head_size': 2, 'learning_rate': 0.038019835431814406}. Best is trial 1 with value: 13.678970336914062.
LOCAL_RANK: 0 - CUDA_VISIBLE_DEVICES: [0]
[I 2023-11-29 20:23:46,348] Trial 80 finished with value: 15.333294868469238 and parameters: {'gradient_clip_val': 0.6836880027072217, 'hidden_size': 61, 'dropout': 0.3926513860410175, 'hidden_continuous_size': 32, 'attention_head_size': 2, 'learning_rate': 0.06814713889565964}. Best is trial 1 with value: 13.678970336914062.
LOCAL_RANK: 0 - CUDA_VISIBLE_DEVICES: [0]
[I 2023-11-29 20:23:58,968] Trial 81 finished with value: 14.584860801696777 and parameters: {'gradient_clip_val': 0.6026913261038171, 'hidden_size': 36, 'dropout': 0.3715633019969496, 'hidden_continuous_size': 27, 'attention_head_size': 1, 'learning_rate': 0.04958089491171308}. Best is trial 1 with value: 13.678970336914062.
LOCAL_RANK: 0 - CUDA_VISIBLE_DEVICES: [0]
[I 2023-11-29 20:24:11,495] Trial 82 finished with value: 15.272900581359863 and parameters: {'gradient_clip_val': 0.6366819565067632, 'hidden_size': 32, 'dropout': 0.33951155503199815, 'hidden_continuous_size': 28, 'attention_head_size': 1, 'learning_rate': 0.05431204275951945}. Best is trial 1 with value: 13.678970336914062.
LOCAL_RANK: 0 - CUDA_VISIBLE_DEVICES: [0]
[I 2023-11-29 20:24:24,215] Trial 83 finished with value: 15.796793937683105 and parameters: {'gradient_clip_val': 0.7470803727166478, 'hidden_size': 39, 'dropout': 0.3493052578297247, 'hidden_continuous_size': 18, 'attention_head_size': 2, 'learning_rate': 0.08595630462120579}. Best is trial 1 with value: 13.678970336914062.
LOCAL_RANK: 0 - CUDA_VISIBLE_DEVICES: [0]
[I 2023-11-29 20:24:36,955] Trial 84 finished with value: 14.213391304016113 and parameters: {'gradient_clip_val': 0.8055332091366517, 'hidden_size': 43, 'dropout': 0.3838816928428511, 'hidden_continuous_size': 21, 'attention_head_size': 2, 'learning_rate': 0.06638697062976792}. Best is trial 1 with value: 13.678970336914062.
LOCAL_RANK: 0 - CUDA_VISIBLE_DEVICES: [0]
[I 2023-11-29 20:24:49,680] Trial 85 finished with value: 13.576251029968262 and parameters: {'gradient_clip_val': 0.8221658368046384, 'hidden_size': 42, 'dropout': 0.3643856258599536, 'hidden_continuous_size': 21, 'attention_head_size': 2, 'learning_rate': 0.07771202952067556}. Best is trial 85 with value: 13.576251029968262.
LOCAL_RANK: 0 - CUDA_VISIBLE_DEVICES: [0]
[I 2023-11-29 20:25:02,277] Trial 86 finished with value: 16.541643142700195 and parameters: {'gradient_clip_val': 0.8635269092078798, 'hidden_size': 42, 'dropout': 0.3832292560374029, 'hidden_continuous_size': 21, 'attention_head_size': 2, 'learning_rate': 0.0757291331817687}. Best is trial 85 with value: 13.576251029968262.
LOCAL_RANK: 0 - CUDA_VISIBLE_DEVICES: [0]
[I 2023-11-29 20:25:14,946] Trial 87 finished with value: 14.758793830871582 and parameters: {'gradient_clip_val': 0.8027324972566269, 'hidden_size': 39, 'dropout': 0.39888833200536894, 'hidden_continuous_size': 18, 'attention_head_size': 2, 'learning_rate': 0.09310827913261659}. Best is trial 85 with value: 13.576251029968262.
LOCAL_RANK: 0 - CUDA_VISIBLE_DEVICES: [0]
[I 2023-11-29 20:25:27,736] Trial 88 finished with value: 14.93457317352295 and parameters: {'gradient_clip_val': 0.7735040806362717, 'hidden_size': 44, 'dropout': 0.3643004477383176, 'hidden_continuous_size': 23, 'attention_head_size': 3, 'learning_rate': 0.06535697875550552}. Best is trial 85 with value: 13.576251029968262.
LOCAL_RANK: 0 - CUDA_VISIBLE_DEVICES: [0]
[I 2023-11-29 20:25:40,260] Trial 89 finished with value: 14.851421356201172 and parameters: {'gradient_clip_val': 0.8230035924643284, 'hidden_size': 34, 'dropout': 0.38429884244197743, 'hidden_continuous_size': 17, 'attention_head_size': 2, 'learning_rate': 0.09952453594738733}. Best is trial 85 with value: 13.576251029968262.
LOCAL_RANK: 0 - CUDA_VISIBLE_DEVICES: [0]
[I 2023-11-29 20:25:52,913] Trial 90 finished with value: 15.693812370300293 and parameters: {'gradient_clip_val': 0.7319302113189018, 'hidden_size': 37, 'dropout': 0.35845699129192327, 'hidden_continuous_size': 15, 'attention_head_size': 2, 'learning_rate': 0.07677368955339521}. Best is trial 85 with value: 13.576251029968262.
LOCAL_RANK: 0 - CUDA_VISIBLE_DEVICES: [0]
[I 2023-11-29 20:26:05,935] Trial 91 finished with value: 15.706439018249512 and parameters: {'gradient_clip_val': 0.6824405959351558, 'hidden_size': 49, 'dropout': 0.3740548131651155, 'hidden_continuous_size': 23, 'attention_head_size': 2, 'learning_rate': 0.05996051790214437}. Best is trial 85 with value: 13.576251029968262.
LOCAL_RANK: 0 - CUDA_VISIBLE_DEVICES: [0]
[I 2023-11-29 20:26:19,123] Trial 92 finished with value: 14.932586669921875 and parameters: {'gradient_clip_val': 0.8732625154492294, 'hidden_size': 56, 'dropout': 0.3666169226848076, 'hidden_continuous_size': 26, 'attention_head_size': 2, 'learning_rate': 0.04942898479197744}. Best is trial 85 with value: 13.576251029968262.
LOCAL_RANK: 0 - CUDA_VISIBLE_DEVICES: [0]
[I 2023-11-29 20:26:31,904] Trial 93 finished with value: 19.021940231323242 and parameters: {'gradient_clip_val': 0.757705123344491, 'hidden_size': 41, 'dropout': 0.3536088810375865, 'hidden_continuous_size': 21, 'attention_head_size': 2, 'learning_rate': 0.06876640433704699}. Best is trial 85 with value: 13.576251029968262.
LOCAL_RANK: 0 - CUDA_VISIBLE_DEVICES: [0]
[I 2023-11-29 20:26:44,797] Trial 94 finished with value: 15.23193359375 and parameters: {'gradient_clip_val': 0.7125835164419158, 'hidden_size': 47, 'dropout': 0.377335761747737, 'hidden_continuous_size': 28, 'attention_head_size': 2, 'learning_rate': 0.04173518181745206}. Best is trial 85 with value: 13.576251029968262.
LOCAL_RANK: 0 - CUDA_VISIBLE_DEVICES: [0]
[I 2023-11-29 20:26:57,762] Trial 95 finished with value: 15.883079528808594 and parameters: {'gradient_clip_val': 0.6528063848508693, 'hidden_size': 51, 'dropout': 0.32805073442320537, 'hidden_continuous_size': 24, 'attention_head_size': 2, 'learning_rate': 0.08168724893517233}. Best is trial 85 with value: 13.576251029968262.
LOCAL_RANK: 0 - CUDA_VISIBLE_DEVICES: [0]
[I 2023-11-29 20:27:10,507] Trial 96 finished with value: 14.766018867492676 and parameters: {'gradient_clip_val': 0.7992226895087918, 'hidden_size': 45, 'dropout': 0.3951588105703919, 'hidden_continuous_size': 20, 'attention_head_size': 2, 'learning_rate': 0.0466289715079352}. Best is trial 85 with value: 13.576251029968262.
LOCAL_RANK: 0 - CUDA_VISIBLE_DEVICES: [0]
[I 2023-11-29 20:27:23,245] Trial 97 finished with value: 13.824915885925293 and parameters: {'gradient_clip_val': 0.579914596574119, 'hidden_size': 36, 'dropout': 0.3640445106948386, 'hidden_continuous_size': 27, 'attention_head_size': 2, 'learning_rate': 0.06656822796555054}. Best is trial 85 with value: 13.576251029968262.
LOCAL_RANK: 0 - CUDA_VISIBLE_DEVICES: [0]
[I 2023-11-29 20:27:35,526] Trial 98 finished with value: 13.928317070007324 and parameters: {'gradient_clip_val': 0.45683182579676607, 'hidden_size': 28, 'dropout': 0.3433230674998904, 'hidden_continuous_size': 25, 'attention_head_size': 2, 'learning_rate': 0.08785399790646063}. Best is trial 85 with value: 13.576251029968262.
LOCAL_RANK: 0 - CUDA_VISIBLE_DEVICES: [0]
[I 2023-11-29 20:27:48,177] Trial 99 finished with value: 15.021214485168457 and parameters: {'gradient_clip_val': 0.45524037251166494, 'hidden_size': 35, 'dropout': 0.36276096911999084, 'hidden_continuous_size': 17, 'attention_head_size': 4, 'learning_rate': 0.08743458793214207}. Best is trial 85 with value: 13.576251029968262.
LOCAL_RANK: 0 - CUDA_VISIBLE_DEVICES: [0]
[I 2023-11-29 20:28:00,668] Trial 100 finished with value: 16.531234741210938 and parameters: {'gradient_clip_val': 0.371454371930336, 'hidden_size': 31, 'dropout': 0.3882027801681035, 'hidden_continuous_size': 16, 'attention_head_size': 2, 'learning_rate': 0.07568968895494274}. Best is trial 85 with value: 13.576251029968262.
LOCAL_RANK: 0 - CUDA_VISIBLE_DEVICES: [0]
[I 2023-11-29 20:28:13,186] Trial 101 finished with value: 16.473878860473633 and parameters: {'gradient_clip_val': 0.49715366331069216, 'hidden_size': 29, 'dropout': 0.345053848640406, 'hidden_continuous_size': 25, 'attention_head_size': 2, 'learning_rate': 0.0678700959928976}. Best is trial 85 with value: 13.576251029968262.
LOCAL_RANK: 0 - CUDA_VISIBLE_DEVICES: [0]
[I 2023-11-29 20:28:26,144] Trial 102 finished with value: 15.073086738586426 and parameters: {'gradient_clip_val': 0.4225061300130204, 'hidden_size': 33, 'dropout': 0.33425447036077105, 'hidden_continuous_size': 27, 'attention_head_size': 2, 'learning_rate': 0.08848626419698602}. Best is trial 85 with value: 13.576251029968262.
LOCAL_RANK: 0 - CUDA_VISIBLE_DEVICES: [0]
[I 2023-11-29 20:28:38,667] Trial 103 finished with value: 15.352564811706543 and parameters: {'gradient_clip_val': 0.5489734412948954, 'hidden_size': 25, 'dropout': 0.35572297002168324, 'hidden_continuous_size': 24, 'attention_head_size': 2, 'learning_rate': 0.05723266162205401}. Best is trial 85 with value: 13.576251029968262.
LOCAL_RANK: 0 - CUDA_VISIBLE_DEVICES: [0]
[I 2023-11-29 20:28:51,374] Trial 104 finished with value: 14.808506965637207 and parameters: {'gradient_clip_val': 0.7032452675448443, 'hidden_size': 37, 'dropout': 0.34020069612053816, 'hidden_continuous_size': 27, 'attention_head_size': 2, 'learning_rate': 0.062488738637981225}. Best is trial 85 with value: 13.576251029968262.
LOCAL_RANK: 0 - CUDA_VISIBLE_DEVICES: [0]
[I 2023-11-29 20:29:03,863] Trial 105 finished with value: 15.232330322265625 and parameters: {'gradient_clip_val': 0.44558502245984155, 'hidden_size': 27, 'dropout': 0.32040105574695843, 'hidden_continuous_size': 26, 'attention_head_size': 2, 'learning_rate': 0.08025736313313514}. Best is trial 85 with value: 13.576251029968262.
LOCAL_RANK: 0 - CUDA_VISIBLE_DEVICES: [0]
[I 2023-11-29 20:29:16,636] Trial 106 finished with value: 16.108339309692383 and parameters: {'gradient_clip_val': 0.5889163007877608, 'hidden_size': 42, 'dropout': 0.3505077981808235, 'hidden_continuous_size': 26, 'attention_head_size': 2, 'learning_rate': 0.07125838595903561}. Best is trial 85 with value: 13.576251029968262.
LOCAL_RANK: 0 - CUDA_VISIBLE_DEVICES: [0]
[I 2023-11-29 20:29:28,871] Trial 107 finished with value: 15.953907012939453 and parameters: {'gradient_clip_val': 0.6386041689807899, 'hidden_size': 20, 'dropout': 0.3678659449220645, 'hidden_continuous_size': 19, 'attention_head_size': 2, 'learning_rate': 0.09244379217427608}. Best is trial 85 with value: 13.576251029968262.
LOCAL_RANK: 0 - CUDA_VISIBLE_DEVICES: [0]
[I 2023-11-29 20:29:41,604] Trial 108 finished with value: 15.579838752746582 and parameters: {'gradient_clip_val': 0.47560589022652344, 'hidden_size': 39, 'dropout': 0.3758251894732253, 'hidden_continuous_size': 29, 'attention_head_size': 2, 'learning_rate': 0.056478761892833594}. Best is trial 85 with value: 13.576251029968262.
LOCAL_RANK: 0 - CUDA_VISIBLE_DEVICES: [0]
[I 2023-11-29 20:29:54,138] Trial 109 finished with value: 15.652140617370605 and parameters: {'gradient_clip_val': 0.5298144767145251, 'hidden_size': 36, 'dropout': 0.36116776647632304, 'hidden_continuous_size': 29, 'attention_head_size': 3, 'learning_rate': 0.06374500324367949}. Best is trial 85 with value: 13.576251029968262.
LOCAL_RANK: 0 - CUDA_VISIBLE_DEVICES: [0]
[I 2023-11-29 20:30:06,376] Trial 110 finished with value: 15.329989433288574 and parameters: {'gradient_clip_val': 0.5032919755304869, 'hidden_size': 23, 'dropout': 0.3447139116591602, 'hidden_continuous_size': 22, 'attention_head_size': 2, 'learning_rate': 0.048822269856868335}. Best is trial 85 with value: 13.576251029968262.
LOCAL_RANK: 0 - CUDA_VISIBLE_DEVICES: [0]
[I 2023-11-29 20:30:19,160] Trial 111 finished with value: 15.856316566467285 and parameters: {'gradient_clip_val': 0.581509819536032, 'hidden_size': 43, 'dropout': 0.37180523968713985, 'hidden_continuous_size': 28, 'attention_head_size': 2, 'learning_rate': 0.057150306331352645}. Best is trial 85 with value: 13.576251029968262.
LOCAL_RANK: 0 - CUDA_VISIBLE_DEVICES: [0]
[I 2023-11-29 20:30:31,933] Trial 112 finished with value: 15.488289833068848 and parameters: {'gradient_clip_val': 0.5633247240841656, 'hidden_size': 29, 'dropout': 0.3786483557380521, 'hidden_continuous_size': 27, 'attention_head_size': 2, 'learning_rate': 0.07356088093655642}. Best is trial 85 with value: 13.576251029968262.
LOCAL_RANK: 0 - CUDA_VISIBLE_DEVICES: [0]
[I 2023-11-29 20:30:44,970] Trial 113 finished with value: 14.170741081237793 and parameters: {'gradient_clip_val': 0.6646540249345143, 'hidden_size': 54, 'dropout': 0.38438276379522807, 'hidden_continuous_size': 24, 'attention_head_size': 2, 'learning_rate': 0.08298866813892607}. Best is trial 85 with value: 13.576251029968262.
LOCAL_RANK: 0 - CUDA_VISIBLE_DEVICES: [0]
[I 2023-11-29 20:30:57,910] Trial 114 finished with value: 15.343647956848145 and parameters: {'gradient_clip_val': 0.6683972548665796, 'hidden_size': 49, 'dropout': 0.38854719469082916, 'hidden_continuous_size': 23, 'attention_head_size': 2, 'learning_rate': 0.08274538899496447}. Best is trial 85 with value: 13.576251029968262.
LOCAL_RANK: 0 - CUDA_VISIBLE_DEVICES: [0]
[I 2023-11-29 20:31:10,927] Trial 115 finished with value: 14.610595703125 and parameters: {'gradient_clip_val': 0.7595219522332618, 'hidden_size': 55, 'dropout': 0.3820565455653927, 'hidden_continuous_size': 24, 'attention_head_size': 2, 'learning_rate': 0.0983878677469067}. Best is trial 85 with value: 13.576251029968262.
LOCAL_RANK: 0 - CUDA_VISIBLE_DEVICES: [0]
