[I 2023-11-30 14:53:50,493] Trial 128 finished with value: 45.0376091003418 and parameters: {'gradient_clip_val': 0.4234442079415906, 'hidden_size': 37, 'dropout': 0.2517290570315506, 'hidden_continuous_size': 36, 'attention_head_size': 2, 'learning_rate': 0.0029260521072201947}. Best is trial 121 with value: 29.18534278869629.
LOCAL_RANK: 0 - CUDA_VISIBLE_DEVICES: [0]
[I 2023-11-30 14:54:04,472] Trial 129 finished with value: 37.88467788696289 and parameters: {'gradient_clip_val': 0.4523392684118068, 'hidden_size': 109, 'dropout': 0.17225300930115667, 'hidden_continuous_size': 32, 'attention_head_size': 2, 'learning_rate': 0.002352315094092459}. Best is trial 121 with value: 29.18534278869629.
LOCAL_RANK: 0 - CUDA_VISIBLE_DEVICES: [0]
[I 2023-11-30 14:54:17,974] Trial 130 finished with value: 36.90364456176758 and parameters: {'gradient_clip_val': 0.37254374427008663, 'hidden_size': 121, 'dropout': 0.2836248425206654, 'hidden_continuous_size': 11, 'attention_head_size': 2, 'learning_rate': 0.0015588523964601823}. Best is trial 121 with value: 29.18534278869629.
LOCAL_RANK: 0 - CUDA_VISIBLE_DEVICES: [0]
[I 2023-11-30 14:54:32,057] Trial 131 finished with value: 37.506614685058594 and parameters: {'gradient_clip_val': 0.34758267415577776, 'hidden_size': 127, 'dropout': 0.2910648958147215, 'hidden_continuous_size': 38, 'attention_head_size': 2, 'learning_rate': 0.003923321906245572}. Best is trial 121 with value: 29.18534278869629.
LOCAL_RANK: 0 - CUDA_VISIBLE_DEVICES: [0]
[I 2023-11-30 14:54:46,263] Trial 132 finished with value: 34.818817138671875 and parameters: {'gradient_clip_val': 0.3615171078519541, 'hidden_size': 130, 'dropout': 0.30897312079009576, 'hidden_continuous_size': 41, 'attention_head_size': 4, 'learning_rate': 0.001945191124072593}. Best is trial 121 with value: 29.18534278869629.
LOCAL_RANK: 0 - CUDA_VISIBLE_DEVICES: [0]
[I 2023-11-30 14:54:59,868] Trial 133 finished with value: 33.13908004760742 and parameters: {'gradient_clip_val': 0.9965232987777864, 'hidden_size': 100, 'dropout': 0.28864404085803347, 'hidden_continuous_size': 34, 'attention_head_size': 1, 'learning_rate': 0.0033199688057269183}. Best is trial 121 with value: 29.18534278869629.
LOCAL_RANK: 0 - CUDA_VISIBLE_DEVICES: [0]
[I 2023-11-30 14:55:13,579] Trial 134 finished with value: 41.267189025878906 and parameters: {'gradient_clip_val': 0.8635606059018462, 'hidden_size': 112, 'dropout': 0.2734459681443251, 'hidden_continuous_size': 36, 'attention_head_size': 2, 'learning_rate': 0.00475860195005168}. Best is trial 121 with value: 29.18534278869629.
LOCAL_RANK: 0 - CUDA_VISIBLE_DEVICES: [0]
[I 2023-11-30 14:55:27,841] Trial 135 finished with value: 35.22712326049805 and parameters: {'gradient_clip_val': 0.3967141211653984, 'hidden_size': 138, 'dropout': 0.29774123412586395, 'hidden_continuous_size': 25, 'attention_head_size': 2, 'learning_rate': 0.0031448246076151583}. Best is trial 121 with value: 29.18534278869629.
LOCAL_RANK: 0 - CUDA_VISIBLE_DEVICES: [0]
[I 2023-11-30 14:55:41,601] Trial 136 finished with value: 29.67413902282715 and parameters: {'gradient_clip_val': 0.29819896469528323, 'hidden_size': 121, 'dropout': 0.28216366593642983, 'hidden_continuous_size': 53, 'attention_head_size': 1, 'learning_rate': 0.002244418917091878}. Best is trial 121 with value: 29.18534278869629.
LOCAL_RANK: 0 - CUDA_VISIBLE_DEVICES: [0]
[I 2023-11-30 14:55:54,430] Trial 137 finished with value: 44.80916213989258 and parameters: {'gradient_clip_val': 0.2984656326543691, 'hidden_size': 41, 'dropout': 0.26432999792115663, 'hidden_continuous_size': 37, 'attention_head_size': 1, 'learning_rate': 0.0021230008912192177}. Best is trial 121 with value: 29.18534278869629.
LOCAL_RANK: 0 - CUDA_VISIBLE_DEVICES: [0]
[I 2023-11-30 14:56:08,433] Trial 138 finished with value: 33.03892517089844 and parameters: {'gradient_clip_val': 0.4748087098137068, 'hidden_size': 107, 'dropout': 0.28163536826691754, 'hidden_continuous_size': 56, 'attention_head_size': 1, 'learning_rate': 0.00238670063118234}. Best is trial 121 with value: 29.18534278869629.
LOCAL_RANK: 0 - CUDA_VISIBLE_DEVICES: [0]
[I 2023-11-30 14:56:22,344] Trial 139 finished with value: 28.7177677154541 and parameters: {'gradient_clip_val': 0.2770688417502718, 'hidden_size': 119, 'dropout': 0.30324778225486254, 'hidden_continuous_size': 55, 'attention_head_size': 1, 'learning_rate': 0.001753162872578666}. Best is trial 139 with value: 28.7177677154541.
LOCAL_RANK: 0 - CUDA_VISIBLE_DEVICES: [0]
[I 2023-11-30 14:56:36,427] Trial 140 finished with value: 35.007301330566406 and parameters: {'gradient_clip_val': 0.2750168158317455, 'hidden_size': 118, 'dropout': 0.2571514025193544, 'hidden_continuous_size': 56, 'attention_head_size': 1, 'learning_rate': 0.001700341602300858}. Best is trial 139 with value: 28.7177677154541.
LOCAL_RANK: 0 - CUDA_VISIBLE_DEVICES: [0]
[I 2023-11-30 14:56:46,620] Trial 141 finished with value: 88.24991607666016 and parameters: {'gradient_clip_val': 0.27522549136357727, 'hidden_size': 19, 'dropout': 0.3050677703679839, 'hidden_continuous_size': 19, 'attention_head_size': 1, 'learning_rate': 0.0019456756941858774}. Best is trial 139 with value: 28.7177677154541.
LOCAL_RANK: 0 - CUDA_VISIBLE_DEVICES: [0]
[I 2023-11-30 14:57:00,410] Trial 142 finished with value: 32.66121292114258 and parameters: {'gradient_clip_val': 0.25830506513404655, 'hidden_size': 124, 'dropout': 0.2978230710318224, 'hidden_continuous_size': 47, 'attention_head_size': 1, 'learning_rate': 0.0027373632758877554}. Best is trial 139 with value: 28.7177677154541.
LOCAL_RANK: 0 - CUDA_VISIBLE_DEVICES: [0]
[I 2023-11-30 14:57:13,491] Trial 143 finished with value: 37.94803237915039 and parameters: {'gradient_clip_val': 0.3245715231738756, 'hidden_size': 54, 'dropout': 0.14323737641178658, 'hidden_continuous_size': 30, 'attention_head_size': 1, 'learning_rate': 0.0022260412960386227}. Best is trial 139 with value: 28.7177677154541.
LOCAL_RANK: 0 - CUDA_VISIBLE_DEVICES: [0]
[I 2023-11-30 14:57:26,886] Trial 144 finished with value: 33.971527099609375 and parameters: {'gradient_clip_val': 0.7701272554054214, 'hidden_size': 97, 'dropout': 0.2711571116648982, 'hidden_continuous_size': 12, 'attention_head_size': 1, 'learning_rate': 0.0017507819895389608}. Best is trial 139 with value: 28.7177677154541.
LOCAL_RANK: 0 - CUDA_VISIBLE_DEVICES: [0]
[I 2023-11-30 14:57:40,758] Trial 145 finished with value: 32.62635803222656 and parameters: {'gradient_clip_val': 0.2875614654265191, 'hidden_size': 112, 'dropout': 0.31327559327320664, 'hidden_continuous_size': 44, 'attention_head_size': 1, 'learning_rate': 0.002524923926094686}. Best is trial 139 with value: 28.7177677154541.
LOCAL_RANK: 0 - CUDA_VISIBLE_DEVICES: [0]
[I 2023-11-30 14:57:54,720] Trial 146 finished with value: 30.36686134338379 and parameters: {'gradient_clip_val': 0.31476791538816057, 'hidden_size': 133, 'dropout': 0.2907387404657873, 'hidden_continuous_size': 51, 'attention_head_size': 1, 'learning_rate': 0.0014278261715431394}. Best is trial 139 with value: 28.7177677154541.
LOCAL_RANK: 0 - CUDA_VISIBLE_DEVICES: [0]
[I 2023-11-30 14:58:08,578] Trial 147 finished with value: 40.56361770629883 and parameters: {'gradient_clip_val': 0.3054521158849207, 'hidden_size': 146, 'dropout': 0.18403916241048562, 'hidden_continuous_size': 10, 'attention_head_size': 1, 'learning_rate': 0.0014223267743424363}. Best is trial 139 with value: 28.7177677154541.
LOCAL_RANK: 0 - CUDA_VISIBLE_DEVICES: [0]
[I 2023-11-30 14:58:21,348] Trial 148 finished with value: 68.42167663574219 and parameters: {'gradient_clip_val': 0.8029257976503483, 'hidden_size': 47, 'dropout': 0.2794257633479549, 'hidden_continuous_size': 23, 'attention_head_size': 1, 'learning_rate': 0.0016225195110636272}. Best is trial 139 with value: 28.7177677154541.
LOCAL_RANK: 0 - CUDA_VISIBLE_DEVICES: [0]
[I 2023-11-30 14:58:35,150] Trial 149 finished with value: 36.51412582397461 and parameters: {'gradient_clip_val': 0.31679622771172855, 'hidden_size': 104, 'dropout': 0.1577521095657442, 'hidden_continuous_size': 51, 'attention_head_size': 1, 'learning_rate': 0.002062246944901545}. Best is trial 139 with value: 28.7177677154541.
[I 2023-11-30 14:58:35,275] A new study created in memory with name: no-name-e72823cc-8d6f-4050-aeac-a96f508bda0e
/home/le004/conda/anaconda3/envs/tsff_env/lib/python3.9/site-packages/lightning/fabric/plugins/environments/slurm.py:191: The `srun` command is available on your system but is not used. HINT: If your intention is to run Lightning on SLURM, prepend your python command with `srun` like so: srun python /home/le004/master_thesis/git/TSFusionForecast/code/ ...
LOCAL_RANK: 0 - CUDA_VISIBLE_DEVICES: [0]
[I 2023-11-30 14:58:48,981] Trial 0 finished with value: 132.10430908203125 and parameters: {'gradient_clip_val': 0.3545094078739822, 'hidden_size': 86, 'dropout': 0.3893783849900794, 'hidden_continuous_size': 29, 'attention_head_size': 3, 'learning_rate': 0.02583912948222535}. Best is trial 0 with value: 132.10430908203125.
LOCAL_RANK: 0 - CUDA_VISIBLE_DEVICES: [0]
[I 2023-11-30 14:59:01,878] Trial 1 finished with value: 156.5344696044922 and parameters: {'gradient_clip_val': 0.3989879147240418, 'hidden_size': 52, 'dropout': 0.37428988021568477, 'hidden_continuous_size': 26, 'attention_head_size': 2, 'learning_rate': 0.003052604195521149}. Best is trial 0 with value: 132.10430908203125.
LOCAL_RANK: 0 - CUDA_VISIBLE_DEVICES: [0]
[I 2023-11-30 14:59:15,146] Trial 2 finished with value: 123.45037841796875 and parameters: {'gradient_clip_val': 0.34565855170548526, 'hidden_size': 96, 'dropout': 0.2669273012537058, 'hidden_continuous_size': 12, 'attention_head_size': 3, 'learning_rate': 0.05646164201738277}. Best is trial 2 with value: 123.45037841796875.
LOCAL_RANK: 0 - CUDA_VISIBLE_DEVICES: [0]
[I 2023-11-30 14:59:27,124] Trial 3 finished with value: 292.7037048339844 and parameters: {'gradient_clip_val': 0.16225047884748017, 'hidden_size': 15, 'dropout': 0.19170176757908775, 'hidden_continuous_size': 13, 'attention_head_size': 1, 'learning_rate': 0.004826147154945683}. Best is trial 2 with value: 123.45037841796875.
LOCAL_RANK: 0 - CUDA_VISIBLE_DEVICES: [0]
[I 2023-11-30 14:59:37,262] Trial 4 finished with value: 286.1869201660156 and parameters: {'gradient_clip_val': 0.21039054525868714, 'hidden_size': 11, 'dropout': 0.17712937414739477, 'hidden_continuous_size': 11, 'attention_head_size': 3, 'learning_rate': 0.006966147433340478}. Best is trial 2 with value: 123.45037841796875.
LOCAL_RANK: 0 - CUDA_VISIBLE_DEVICES: [0]
[I 2023-11-30 14:59:49,970] Trial 5 finished with value: 113.45586395263672 and parameters: {'gradient_clip_val': 0.13714844260351514, 'hidden_size': 33, 'dropout': 0.3443977644143021, 'hidden_continuous_size': 14, 'attention_head_size': 3, 'learning_rate': 0.01944613316365515}. Best is trial 5 with value: 113.45586395263672.
LOCAL_RANK: 0 - CUDA_VISIBLE_DEVICES: [0]
[I 2023-11-30 15:00:01,996] Trial 6 finished with value: 305.3222351074219 and parameters: {'gradient_clip_val': 0.25223156600848146, 'hidden_size': 11, 'dropout': 0.16926722327967536, 'hidden_continuous_size': 10, 'attention_head_size': 3, 'learning_rate': 0.004625321981291546}. Best is trial 5 with value: 113.45586395263672.
LOCAL_RANK: 0 - CUDA_VISIBLE_DEVICES: [0]
[I 2023-11-30 15:00:14,103] Trial 7 finished with value: 134.041259765625 and parameters: {'gradient_clip_val': 0.11193377761754755, 'hidden_size': 23, 'dropout': 0.38415065536701287, 'hidden_continuous_size': 10, 'attention_head_size': 3, 'learning_rate': 0.00807626822892123}. Best is trial 5 with value: 113.45586395263672.
LOCAL_RANK: 0 - CUDA_VISIBLE_DEVICES: [0]
[I 2023-11-30 15:00:27,675] Trial 8 finished with value: 120.8528060913086 and parameters: {'gradient_clip_val': 0.3024595397404386, 'hidden_size': 63, 'dropout': 0.23783325160065263, 'hidden_continuous_size': 46, 'attention_head_size': 4, 'learning_rate': 0.008804979001641185}. Best is trial 5 with value: 113.45586395263672.
LOCAL_RANK: 0 - CUDA_VISIBLE_DEVICES: [0]
[I 2023-11-30 15:00:39,957] Trial 9 finished with value: 110.52587890625 and parameters: {'gradient_clip_val': 0.9983609245196301, 'hidden_size': 26, 'dropout': 0.14637520099129583, 'hidden_continuous_size': 10, 'attention_head_size': 4, 'learning_rate': 0.01896868848177755}. Best is trial 9 with value: 110.52587890625.
LOCAL_RANK: 0 - CUDA_VISIBLE_DEVICES: [0]
[I 2023-11-30 15:00:52,401] Trial 10 finished with value: 376.4440002441406 and parameters: {'gradient_clip_val': 0.8853278811641746, 'hidden_size': 28, 'dropout': 0.1042534256568961, 'hidden_continuous_size': 15, 'attention_head_size': 4, 'learning_rate': 0.0010771891235232688}. Best is trial 9 with value: 110.52587890625.
LOCAL_RANK: 0 - CUDA_VISIBLE_DEVICES: [0]
[I 2023-11-30 15:01:05,132] Trial 11 finished with value: 97.23511505126953 and parameters: {'gradient_clip_val': 0.9705134273595173, 'hidden_size': 37, 'dropout': 0.3145444327103373, 'hidden_continuous_size': 15, 'attention_head_size': 4, 'learning_rate': 0.02166066976804005}. Best is trial 11 with value: 97.23511505126953.
LOCAL_RANK: 0 - CUDA_VISIBLE_DEVICES: [0]
[I 2023-11-30 15:01:18,247] Trial 12 finished with value: 81.73464965820312 and parameters: {'gradient_clip_val': 0.953245221113322, 'hidden_size': 43, 'dropout': 0.30922180548582123, 'hidden_continuous_size': 17, 'attention_head_size': 4, 'learning_rate': 0.09407297575290394}. Best is trial 12 with value: 81.73464965820312.
LOCAL_RANK: 0 - CUDA_VISIBLE_DEVICES: [0]
[I 2023-11-30 15:01:32,291] Trial 13 finished with value: 120.9911880493164 and parameters: {'gradient_clip_val': 0.6886473155066015, 'hidden_size': 47, 'dropout': 0.3092084123731485, 'hidden_continuous_size': 18, 'attention_head_size': 4, 'learning_rate': 0.079679403953996}. Best is trial 12 with value: 81.73464965820312.
LOCAL_RANK: 0 - CUDA_VISIBLE_DEVICES: [0]
[I 2023-11-30 15:01:45,821] Trial 14 finished with value: 119.32364654541016 and parameters: {'gradient_clip_val': 0.6185765506859255, 'hidden_size': 39, 'dropout': 0.3077159991667636, 'hidden_continuous_size': 17, 'attention_head_size': 2, 'learning_rate': 0.047051552213002105}. Best is trial 12 with value: 81.73464965820312.
LOCAL_RANK: 0 - CUDA_VISIBLE_DEVICES: [0]
[I 2023-11-30 15:02:01,335] Trial 15 finished with value: 114.17154693603516 and parameters: {'gradient_clip_val': 0.5258189967896952, 'hidden_size': 149, 'dropout': 0.3197571719509996, 'hidden_continuous_size': 99, 'attention_head_size': 4, 'learning_rate': 0.04165760920936873}. Best is trial 12 with value: 81.73464965820312.
LOCAL_RANK: 0 - CUDA_VISIBLE_DEVICES: [0]
[I 2023-11-30 15:02:14,496] Trial 16 finished with value: 125.85767364501953 and parameters: {'gradient_clip_val': 0.7975944468055459, 'hidden_size': 21, 'dropout': 0.268118955518523, 'hidden_continuous_size': 12, 'attention_head_size': 4, 'learning_rate': 0.08902831574484661}. Best is trial 12 with value: 81.73464965820312.
LOCAL_RANK: 0 - CUDA_VISIBLE_DEVICES: [0]
[I 2023-11-30 15:02:27,613] Trial 17 finished with value: 115.95946502685547 and parameters: {'gradient_clip_val': 0.9963340564730484, 'hidden_size': 36, 'dropout': 0.340664460108393, 'hidden_continuous_size': 14, 'attention_head_size': 1, 'learning_rate': 0.09458944401609837}. Best is trial 12 with value: 81.73464965820312.
LOCAL_RANK: 0 - CUDA_VISIBLE_DEVICES: [0]
[I 2023-11-30 15:02:40,684] Trial 18 finished with value: 108.3954086303711 and parameters: {'gradient_clip_val': 0.47285588152821395, 'hidden_size': 18, 'dropout': 0.2889746091699759, 'hidden_continuous_size': 12, 'attention_head_size': 2, 'learning_rate': 0.028038472808311437}. Best is trial 12 with value: 81.73464965820312.
LOCAL_RANK: 0 - CUDA_VISIBLE_DEVICES: [0]
[I 2023-11-30 15:02:54,274] Trial 19 finished with value: 102.5290756225586 and parameters: {'gradient_clip_val': 0.7113884153661149, 'hidden_size': 30, 'dropout': 0.2329920116957938, 'hidden_continuous_size': 16, 'attention_head_size': 4, 'learning_rate': 0.015223059679254547}. Best is trial 12 with value: 81.73464965820312.
LOCAL_RANK: 0 - CUDA_VISIBLE_DEVICES: [0]
[I 2023-11-30 15:03:07,798] Trial 20 finished with value: 114.8484115600586 and parameters: {'gradient_clip_val': 0.5569365574894708, 'hidden_size': 43, 'dropout': 0.3494139189305522, 'hidden_continuous_size': 19, 'attention_head_size': 4, 'learning_rate': 0.047230535301720174}. Best is trial 12 with value: 81.73464965820312.
LOCAL_RANK: 0 - CUDA_VISIBLE_DEVICES: [0]
[I 2023-11-30 15:03:20,838] Trial 21 finished with value: 109.7939682006836 and parameters: {'gradient_clip_val': 0.744315706221896, 'hidden_size': 31, 'dropout': 0.23869042066629323, 'hidden_continuous_size': 16, 'attention_head_size': 4, 'learning_rate': 0.01349086923514442}. Best is trial 12 with value: 81.73464965820312.
LOCAL_RANK: 0 - CUDA_VISIBLE_DEVICES: [0]
[I 2023-11-30 15:03:34,593] Trial 22 finished with value: 121.1312484741211 and parameters: {'gradient_clip_val': 0.755261099953897, 'hidden_size': 33, 'dropout': 0.28282824490205666, 'hidden_continuous_size': 16, 'attention_head_size': 4, 'learning_rate': 0.013201850690301014}. Best is trial 12 with value: 81.73464965820312.
LOCAL_RANK: 0 - CUDA_VISIBLE_DEVICES: [0]
[I 2023-11-30 15:03:48,687] Trial 23 finished with value: 144.95445251464844 and parameters: {'gradient_clip_val': 0.6512416430782632, 'hidden_size': 55, 'dropout': 0.25118800234674016, 'hidden_continuous_size': 21, 'attention_head_size': 4, 'learning_rate': 0.032915245076650355}. Best is trial 12 with value: 81.73464965820312.
LOCAL_RANK: 0 - CUDA_VISIBLE_DEVICES: [0]
[I 2023-11-30 15:04:01,616] Trial 24 finished with value: 99.3618392944336 and parameters: {'gradient_clip_val': 0.8618905658379686, 'hidden_size': 26, 'dropout': 0.2247387444984347, 'hidden_continuous_size': 15, 'attention_head_size': 3, 'learning_rate': 0.06014325600307573}. Best is trial 12 with value: 81.73464965820312.
LOCAL_RANK: 0 - CUDA_VISIBLE_DEVICES: [0]
[I 2023-11-30 15:04:15,494] Trial 25 finished with value: 114.51392364501953 and parameters: {'gradient_clip_val': 0.8539790152087915, 'hidden_size': 41, 'dropout': 0.22417417340531187, 'hidden_continuous_size': 14, 'attention_head_size': 3, 'learning_rate': 0.06351639298001074}. Best is trial 12 with value: 81.73464965820312.
LOCAL_RANK: 0 - CUDA_VISIBLE_DEVICES: [0]
[I 2023-11-30 15:04:28,432] Trial 26 finished with value: 119.61309814453125 and parameters: {'gradient_clip_val': 0.9718084822783163, 'hidden_size': 26, 'dropout': 0.2921482472384322, 'hidden_continuous_size': 15, 'attention_head_size': 2, 'learning_rate': 0.06541662117473124}. Best is trial 12 with value: 81.73464965820312.
LOCAL_RANK: 0 - CUDA_VISIBLE_DEVICES: [0]
[I 2023-11-30 15:04:41,169] Trial 27 finished with value: 120.982177734375 and parameters: {'gradient_clip_val': 0.5957128388758824, 'hidden_size': 20, 'dropout': 0.3255016045581525, 'hidden_continuous_size': 13, 'attention_head_size': 3, 'learning_rate': 0.09242781478623338}. Best is trial 12 with value: 81.73464965820312.
LOCAL_RANK: 0 - CUDA_VISIBLE_DEVICES: [0]
[I 2023-11-30 15:04:54,691] Trial 28 finished with value: 111.44857025146484 and parameters: {'gradient_clip_val': 0.839476025528823, 'hidden_size': 38, 'dropout': 0.26232297440935237, 'hidden_continuous_size': 18, 'attention_head_size': 3, 'learning_rate': 0.035122619127786026}. Best is trial 12 with value: 81.73464965820312.
LOCAL_RANK: 0 - CUDA_VISIBLE_DEVICES: [0]
[I 2023-11-30 15:05:09,350] Trial 29 finished with value: 123.2258529663086 and parameters: {'gradient_clip_val': 0.4584843931349651, 'hidden_size': 60, 'dropout': 0.21278192724268385, 'hidden_continuous_size': 23, 'attention_head_size': 3, 'learning_rate': 0.027113391888576314}. Best is trial 12 with value: 81.73464965820312.
LOCAL_RANK: 0 - CUDA_VISIBLE_DEVICES: [0]
[I 2023-11-30 15:05:23,498] Trial 30 finished with value: 108.1031265258789 and parameters: {'gradient_clip_val': 0.6673091994889511, 'hidden_size': 71, 'dropout': 0.3646647383491701, 'hidden_continuous_size': 20, 'attention_head_size': 2, 'learning_rate': 0.06543257151789215}. Best is trial 12 with value: 81.73464965820312.
LOCAL_RANK: 0 - CUDA_VISIBLE_DEVICES: [0]
[I 2023-11-30 15:05:36,691] Trial 31 finished with value: 116.91547393798828 and parameters: {'gradient_clip_val': 0.7625558531631544, 'hidden_size': 29, 'dropout': 0.22106669183931965, 'hidden_continuous_size': 16, 'attention_head_size': 4, 'learning_rate': 0.039104747120441145}. Best is trial 12 with value: 81.73464965820312.
LOCAL_RANK: 0 - CUDA_VISIBLE_DEVICES: [0]
[I 2023-11-30 15:05:50,509] Trial 32 finished with value: 145.78399658203125 and parameters: {'gradient_clip_val': 0.859328969153989, 'hidden_size': 49, 'dropout': 0.2830218761013876, 'hidden_continuous_size': 17, 'attention_head_size': 4, 'learning_rate': 0.02320921106371306}. Best is trial 12 with value: 81.73464965820312.
LOCAL_RANK: 0 - CUDA_VISIBLE_DEVICES: [0]
[I 2023-11-30 15:06:03,908] Trial 33 finished with value: 118.30038452148438 and parameters: {'gradient_clip_val': 0.705594107332767, 'hidden_size': 45, 'dropout': 0.2518400573560223, 'hidden_continuous_size': 15, 'attention_head_size': 4, 'learning_rate': 0.053404229571238714}. Best is trial 12 with value: 81.73464965820312.
LOCAL_RANK: 0 - CUDA_VISIBLE_DEVICES: [0]
[I 2023-11-30 15:06:17,669] Trial 34 finished with value: 126.40081024169922 and parameters: {'gradient_clip_val': 0.8840994597142336, 'hidden_size': 33, 'dropout': 0.3928858362467507, 'hidden_continuous_size': 17, 'attention_head_size': 4, 'learning_rate': 0.03358775636786331}. Best is trial 12 with value: 81.73464965820312.
LOCAL_RANK: 0 - CUDA_VISIBLE_DEVICES: [0]
