[I 2023-11-29 20:31:23,312] Trial 116 finished with value: 15.167033195495605 and parameters: {'gradient_clip_val': 0.6199480775619793, 'hidden_size': 32, 'dropout': 0.3562798418553028, 'hidden_continuous_size': 25, 'attention_head_size': 2, 'learning_rate': 0.06614647492294536}. Best is trial 85 with value: 13.576251029968262.
LOCAL_RANK: 0 - CUDA_VISIBLE_DEVICES: [0]
[I 2023-11-29 20:31:36,689] Trial 117 finished with value: 15.913046836853027 and parameters: {'gradient_clip_val': 0.7142956883097099, 'hidden_size': 64, 'dropout': 0.3653888110513372, 'hidden_continuous_size': 24, 'attention_head_size': 2, 'learning_rate': 0.07891000969692531}. Best is trial 85 with value: 13.576251029968262.
LOCAL_RANK: 0 - CUDA_VISIBLE_DEVICES: [0]
[I 2023-11-29 20:31:49,368] Trial 118 finished with value: 14.498513221740723 and parameters: {'gradient_clip_val': 0.6112272716180462, 'hidden_size': 40, 'dropout': 0.3361900259254742, 'hidden_continuous_size': 26, 'attention_head_size': 2, 'learning_rate': 0.0884601521415541}. Best is trial 85 with value: 13.576251029968262.
LOCAL_RANK: 0 - CUDA_VISIBLE_DEVICES: [0]
[I 2023-11-29 20:32:02,552] Trial 119 finished with value: 14.266349792480469 and parameters: {'gradient_clip_val': 0.6557691035968012, 'hidden_size': 58, 'dropout': 0.394933796156332, 'hidden_continuous_size': 30, 'attention_head_size': 2, 'learning_rate': 0.06577395695291724}. Best is trial 85 with value: 13.576251029968262.
LOCAL_RANK: 0 - CUDA_VISIBLE_DEVICES: [0]
[I 2023-11-29 20:32:15,382] Trial 120 finished with value: 14.19465160369873 and parameters: {'gradient_clip_val': 0.9043954845881805, 'hidden_size': 47, 'dropout': 0.38484853018680043, 'hidden_continuous_size': 20, 'attention_head_size': 2, 'learning_rate': 0.05258541203304811}. Best is trial 85 with value: 13.576251029968262.
LOCAL_RANK: 0 - CUDA_VISIBLE_DEVICES: [0]
[I 2023-11-29 20:32:28,127] Trial 121 finished with value: 15.057799339294434 and parameters: {'gradient_clip_val': 0.9088337937747781, 'hidden_size': 48, 'dropout': 0.3834874028210377, 'hidden_continuous_size': 20, 'attention_head_size': 2, 'learning_rate': 0.052845040139685856}. Best is trial 85 with value: 13.576251029968262.
LOCAL_RANK: 0 - CUDA_VISIBLE_DEVICES: [0]
[I 2023-11-29 20:32:41,081] Trial 122 finished with value: 14.716504096984863 and parameters: {'gradient_clip_val': 0.8197890852539249, 'hidden_size': 45, 'dropout': 0.3742919255076036, 'hidden_continuous_size': 22, 'attention_head_size': 2, 'learning_rate': 0.07315132980575155}. Best is trial 85 with value: 13.576251029968262.
LOCAL_RANK: 0 - CUDA_VISIBLE_DEVICES: [0]
[I 2023-11-29 20:32:54,059] Trial 123 finished with value: 15.042338371276855 and parameters: {'gradient_clip_val': 0.7693350454209017, 'hidden_size': 51, 'dropout': 0.3616093791802125, 'hidden_continuous_size': 21, 'attention_head_size': 2, 'learning_rate': 0.04653437513763247}. Best is trial 85 with value: 13.576251029968262.
LOCAL_RANK: 0 - CUDA_VISIBLE_DEVICES: [0]
[I 2023-11-29 20:33:07,133] Trial 124 finished with value: 14.51785659790039 and parameters: {'gradient_clip_val': 0.8629260621820161, 'hidden_size': 54, 'dropout': 0.386332265929247, 'hidden_continuous_size': 25, 'attention_head_size': 2, 'learning_rate': 0.09988142155882583}. Best is trial 85 with value: 13.576251029968262.
LOCAL_RANK: 0 - CUDA_VISIBLE_DEVICES: [0]
[I 2023-11-29 20:33:19,840] Trial 125 finished with value: 15.399487495422363 and parameters: {'gradient_clip_val': 0.9514896039044684, 'hidden_size': 43, 'dropout': 0.3926601846175419, 'hidden_continuous_size': 14, 'attention_head_size': 2, 'learning_rate': 0.04062977485992097}. Best is trial 85 with value: 13.576251029968262.
LOCAL_RANK: 0 - CUDA_VISIBLE_DEVICES: [0]
[I 2023-11-29 20:33:30,038] Trial 126 finished with value: 19.275909423828125 and parameters: {'gradient_clip_val': 0.6815513485393032, 'hidden_size': 18, 'dropout': 0.3520245986486878, 'hidden_continuous_size': 18, 'attention_head_size': 2, 'learning_rate': 0.03344819921820734}. Best is trial 85 with value: 13.576251029968262.
LOCAL_RANK: 0 - CUDA_VISIBLE_DEVICES: [0]
[I 2023-11-29 20:33:42,844] Trial 127 finished with value: 15.39888858795166 and parameters: {'gradient_clip_val': 0.791041824854941, 'hidden_size': 34, 'dropout': 0.3683608542877649, 'hidden_continuous_size': 19, 'attention_head_size': 2, 'learning_rate': 0.06047584467780152}. Best is trial 85 with value: 13.576251029968262.
LOCAL_RANK: 0 - CUDA_VISIBLE_DEVICES: [0]
[I 2023-11-29 20:33:55,621] Trial 128 finished with value: 14.515175819396973 and parameters: {'gradient_clip_val': 0.9180656794171959, 'hidden_size': 46, 'dropout': 0.39790355582627834, 'hidden_continuous_size': 23, 'attention_head_size': 2, 'learning_rate': 0.08213547142496143}. Best is trial 85 with value: 13.576251029968262.
LOCAL_RANK: 0 - CUDA_VISIBLE_DEVICES: [0]
[I 2023-11-29 20:34:08,271] Trial 129 finished with value: 16.273822784423828 and parameters: {'gradient_clip_val': 0.8391582507626089, 'hidden_size': 38, 'dropout': 0.3800542671176669, 'hidden_continuous_size': 20, 'attention_head_size': 2, 'learning_rate': 0.07004298823564627}. Best is trial 85 with value: 13.576251029968262.
LOCAL_RANK: 0 - CUDA_VISIBLE_DEVICES: [0]
[I 2023-11-29 20:34:20,682] Trial 130 finished with value: 14.435714721679688 and parameters: {'gradient_clip_val': 0.7418773098513399, 'hidden_size': 27, 'dropout': 0.3031026789375396, 'hidden_continuous_size': 25, 'attention_head_size': 2, 'learning_rate': 0.049693107587504524}. Best is trial 85 with value: 13.576251029968262.
LOCAL_RANK: 0 - CUDA_VISIBLE_DEVICES: [0]
[I 2023-11-29 20:34:32,774] Trial 131 finished with value: 14.267745971679688 and parameters: {'gradient_clip_val': 0.6615542949590819, 'hidden_size': 24, 'dropout': 0.39136441834267405, 'hidden_continuous_size': 23, 'attention_head_size': 2, 'learning_rate': 0.06582328872058042}. Best is trial 85 with value: 13.576251029968262.
LOCAL_RANK: 0 - CUDA_VISIBLE_DEVICES: [0]
[I 2023-11-29 20:34:46,034] Trial 132 finished with value: 14.97150707244873 and parameters: {'gradient_clip_val': 0.6980785653132976, 'hidden_size': 59, 'dropout': 0.3986041708559484, 'hidden_continuous_size': 32, 'attention_head_size': 2, 'learning_rate': 0.06398149887394637}. Best is trial 85 with value: 13.576251029968262.
LOCAL_RANK: 0 - CUDA_VISIBLE_DEVICES: [0]
[I 2023-11-29 20:34:59,450] Trial 133 finished with value: 14.583984375 and parameters: {'gradient_clip_val': 0.6461753806076562, 'hidden_size': 55, 'dropout': 0.37249949917071407, 'hidden_continuous_size': 30, 'attention_head_size': 2, 'learning_rate': 0.054589618964184974}. Best is trial 85 with value: 13.576251029968262.
LOCAL_RANK: 0 - CUDA_VISIBLE_DEVICES: [0]
[I 2023-11-29 20:35:12,658] Trial 134 finished with value: 15.323214530944824 and parameters: {'gradient_clip_val': 0.41735838755899574, 'hidden_size': 57, 'dropout': 0.37872697605505623, 'hidden_continuous_size': 31, 'attention_head_size': 2, 'learning_rate': 0.07693632183874387}. Best is trial 85 with value: 13.576251029968262.
LOCAL_RANK: 0 - CUDA_VISIBLE_DEVICES: [0]
[I 2023-11-29 20:35:26,121] Trial 135 finished with value: 14.476886749267578 and parameters: {'gradient_clip_val': 0.6223345614501927, 'hidden_size': 65, 'dropout': 0.38771145350786007, 'hidden_continuous_size': 33, 'attention_head_size': 2, 'learning_rate': 0.08896001313326325}. Best is trial 85 with value: 13.576251029968262.
LOCAL_RANK: 0 - CUDA_VISIBLE_DEVICES: [0]
[I 2023-11-29 20:35:39,121] Trial 136 finished with value: 15.111442565917969 and parameters: {'gradient_clip_val': 0.5313967825048141, 'hidden_size': 50, 'dropout': 0.3604829023630191, 'hidden_continuous_size': 29, 'attention_head_size': 2, 'learning_rate': 0.07216268460961242}. Best is trial 85 with value: 13.576251029968262.
LOCAL_RANK: 0 - CUDA_VISIBLE_DEVICES: [0]
[I 2023-11-29 20:35:52,273] Trial 137 finished with value: 16.7548828125 and parameters: {'gradient_clip_val': 0.7334102026496265, 'hidden_size': 53, 'dropout': 0.3460681059330435, 'hidden_continuous_size': 31, 'attention_head_size': 2, 'learning_rate': 0.04314289563542164}. Best is trial 85 with value: 13.576251029968262.
LOCAL_RANK: 0 - CUDA_VISIBLE_DEVICES: [0]
[I 2023-11-29 20:36:05,802] Trial 138 finished with value: 15.663761138916016 and parameters: {'gradient_clip_val': 0.38046935740359183, 'hidden_size': 62, 'dropout': 0.3932136583367325, 'hidden_continuous_size': 36, 'attention_head_size': 2, 'learning_rate': 0.06368949024136608}. Best is trial 85 with value: 13.576251029968262.
LOCAL_RANK: 0 - CUDA_VISIBLE_DEVICES: [0]
[I 2023-11-29 20:36:19,236] Trial 139 finished with value: 14.983792304992676 and parameters: {'gradient_clip_val': 0.5912615843625858, 'hidden_size': 70, 'dropout': 0.353981814113394, 'hidden_continuous_size': 30, 'attention_head_size': 2, 'learning_rate': 0.05786066978387453}. Best is trial 85 with value: 13.576251029968262.
LOCAL_RANK: 0 - CUDA_VISIBLE_DEVICES: [0]
[I 2023-11-29 20:36:31,775] Trial 140 finished with value: 14.821884155273438 and parameters: {'gradient_clip_val': 0.4060728101202594, 'hidden_size': 30, 'dropout': 0.36917173636859313, 'hidden_continuous_size': 28, 'attention_head_size': 2, 'learning_rate': 0.08263144411259282}. Best is trial 85 with value: 13.576251029968262.
LOCAL_RANK: 0 - CUDA_VISIBLE_DEVICES: [0]
[I 2023-11-29 20:36:42,050] Trial 141 finished with value: 14.256767272949219 and parameters: {'gradient_clip_val': 0.6623870353284087, 'hidden_size': 24, 'dropout': 0.39245569558557786, 'hidden_continuous_size': 24, 'attention_head_size': 2, 'learning_rate': 0.06927861555706427}. Best is trial 85 with value: 13.576251029968262.
LOCAL_RANK: 0 - CUDA_VISIBLE_DEVICES: [0]
[I 2023-11-29 20:36:54,525] Trial 142 finished with value: 15.208206176757812 and parameters: {'gradient_clip_val': 0.6566478381456046, 'hidden_size': 25, 'dropout': 0.3850089539055932, 'hidden_continuous_size': 24, 'attention_head_size': 2, 'learning_rate': 0.07003872785444887}. Best is trial 85 with value: 13.576251029968262.
LOCAL_RANK: 0 - CUDA_VISIBLE_DEVICES: [0]
[I 2023-11-29 20:37:04,670] Trial 143 finished with value: 15.722549438476562 and parameters: {'gradient_clip_val': 0.6985097471669761, 'hidden_size': 22, 'dropout': 0.3784426219216714, 'hidden_continuous_size': 22, 'attention_head_size': 2, 'learning_rate': 0.09006363734742337}. Best is trial 85 with value: 13.576251029968262.
LOCAL_RANK: 0 - CUDA_VISIBLE_DEVICES: [0]
[I 2023-11-29 20:37:17,402] Trial 144 finished with value: 14.994101524353027 and parameters: {'gradient_clip_val': 0.6305857093990777, 'hidden_size': 31, 'dropout': 0.39539629424469824, 'hidden_continuous_size': 27, 'attention_head_size': 2, 'learning_rate': 0.05241764056169606}. Best is trial 85 with value: 13.576251029968262.
LOCAL_RANK: 0 - CUDA_VISIBLE_DEVICES: [0]
[I 2023-11-29 20:37:27,743] Trial 145 finished with value: 16.746383666992188 and parameters: {'gradient_clip_val': 0.5606853086080221, 'hidden_size': 16, 'dropout': 0.33095189873190667, 'hidden_continuous_size': 16, 'attention_head_size': 2, 'learning_rate': 0.07845014304403304}. Best is trial 85 with value: 13.576251029968262.
LOCAL_RANK: 0 - CUDA_VISIBLE_DEVICES: [0]
[I 2023-11-29 20:37:41,060] Trial 146 finished with value: 16.555744171142578 and parameters: {'gradient_clip_val': 0.44038214169619677, 'hidden_size': 59, 'dropout': 0.33879606302647536, 'hidden_continuous_size': 26, 'attention_head_size': 2, 'learning_rate': 0.05938210703626883}. Best is trial 85 with value: 13.576251029968262.
LOCAL_RANK: 0 - CUDA_VISIBLE_DEVICES: [0]
[I 2023-11-29 20:37:54,114] Trial 147 finished with value: 15.579231262207031 and parameters: {'gradient_clip_val': 0.4670072867042643, 'hidden_size': 47, 'dropout': 0.38427164784433815, 'hidden_continuous_size': 29, 'attention_head_size': 2, 'learning_rate': 0.06475775831571257}. Best is trial 85 with value: 13.576251029968262.
LOCAL_RANK: 0 - CUDA_VISIBLE_DEVICES: [0]
[I 2023-11-29 20:38:06,695] Trial 148 finished with value: 15.29111099243164 and parameters: {'gradient_clip_val': 0.7841160021898986, 'hidden_size': 29, 'dropout': 0.36516796383481703, 'hidden_continuous_size': 27, 'attention_head_size': 2, 'learning_rate': 0.07244531665339059}. Best is trial 85 with value: 13.576251029968262.
LOCAL_RANK: 0 - CUDA_VISIBLE_DEVICES: [0]
[I 2023-11-29 20:38:18,926] Trial 149 finished with value: 15.316702842712402 and parameters: {'gradient_clip_val': 0.6011536566591612, 'hidden_size': 28, 'dropout': 0.37408894770750944, 'hidden_continuous_size': 27, 'attention_head_size': 1, 'learning_rate': 0.08700107686404623}. Best is trial 85 with value: 13.576251029968262.
[I 2023-11-29 20:38:19,039] A new study created in memory with name: no-name-e5127c22-8563-46d5-8149-ee06b6f2f74e
/home/le004/conda/anaconda3/envs/tsff_env/lib/python3.9/site-packages/lightning/fabric/plugins/environments/slurm.py:191: The `srun` command is available on your system but is not used. HINT: If your intention is to run Lightning on SLURM, prepend your python command with `srun` like so: srun python /home/le004/master_thesis/git/TSFusionForecast/code/ ...
LOCAL_RANK: 0 - CUDA_VISIBLE_DEVICES: [0]
[I 2023-11-29 20:38:31,179] Trial 0 finished with value: 6.118371486663818 and parameters: {'gradient_clip_val': 0.16631921598862098, 'hidden_size': 22, 'dropout': 0.22430342259349823, 'hidden_continuous_size': 13, 'attention_head_size': 3, 'learning_rate': 0.0034926679663665407}. Best is trial 0 with value: 6.118371486663818.
LOCAL_RANK: 0 - CUDA_VISIBLE_DEVICES: [0]
[I 2023-11-29 20:38:44,174] Trial 1 finished with value: 5.579008102416992 and parameters: {'gradient_clip_val': 0.33266320936208216, 'hidden_size': 52, 'dropout': 0.3170080172608386, 'hidden_continuous_size': 26, 'attention_head_size': 3, 'learning_rate': 0.001642363087919092}. Best is trial 1 with value: 5.579008102416992.
LOCAL_RANK: 0 - CUDA_VISIBLE_DEVICES: [0]
[I 2023-11-29 20:38:57,806] Trial 2 finished with value: 3.2952640056610107 and parameters: {'gradient_clip_val': 0.2054369672453872, 'hidden_size': 60, 'dropout': 0.19566302398951718, 'hidden_continuous_size': 40, 'attention_head_size': 3, 'learning_rate': 0.004234587014201158}. Best is trial 2 with value: 3.2952640056610107.
LOCAL_RANK: 0 - CUDA_VISIBLE_DEVICES: [0]
[I 2023-11-29 20:39:09,910] Trial 3 finished with value: 9.203660011291504 and parameters: {'gradient_clip_val': 0.3858535315349061, 'hidden_size': 13, 'dropout': 0.29685545390644413, 'hidden_continuous_size': 10, 'attention_head_size': 4, 'learning_rate': 0.004143248139976476}. Best is trial 2 with value: 3.2952640056610107.
LOCAL_RANK: 0 - CUDA_VISIBLE_DEVICES: [0]
[I 2023-11-29 20:39:23,201] Trial 4 finished with value: 3.2887256145477295 and parameters: {'gradient_clip_val': 0.4084876476550796, 'hidden_size': 69, 'dropout': 0.20417570750337616, 'hidden_continuous_size': 20, 'attention_head_size': 2, 'learning_rate': 0.006025822516924993}. Best is trial 4 with value: 3.2887256145477295.
LOCAL_RANK: 0 - CUDA_VISIBLE_DEVICES: [0]
[I 2023-11-29 20:39:35,310] Trial 5 finished with value: 3.209641218185425 and parameters: {'gradient_clip_val': 0.2700421263994878, 'hidden_size': 24, 'dropout': 0.3503561310057869, 'hidden_continuous_size': 23, 'attention_head_size': 2, 'learning_rate': 0.09759499694089795}. Best is trial 5 with value: 3.209641218185425.
LOCAL_RANK: 0 - CUDA_VISIBLE_DEVICES: [0]
[I 2023-11-29 20:39:47,204] Trial 6 finished with value: 3.316042184829712 and parameters: {'gradient_clip_val': 0.42070282748698656, 'hidden_size': 20, 'dropout': 0.28958578443787486, 'hidden_continuous_size': 12, 'attention_head_size': 2, 'learning_rate': 0.05747661568464139}. Best is trial 5 with value: 3.209641218185425.
LOCAL_RANK: 0 - CUDA_VISIBLE_DEVICES: [0]
[I 2023-11-29 20:39:59,637] Trial 7 finished with value: 6.368919372558594 and parameters: {'gradient_clip_val': 0.22764951077628734, 'hidden_size': 11, 'dropout': 0.24674052959396417, 'hidden_continuous_size': 10, 'attention_head_size': 4, 'learning_rate': 0.0032416820153221945}. Best is trial 5 with value: 3.209641218185425.
LOCAL_RANK: 0 - CUDA_VISIBLE_DEVICES: [0]
[I 2023-11-29 20:40:12,823] Trial 8 finished with value: 6.647055149078369 and parameters: {'gradient_clip_val': 0.264254357739465, 'hidden_size': 65, 'dropout': 0.33070875151904316, 'hidden_continuous_size': 24, 'attention_head_size': 1, 'learning_rate': 0.0011413258625750957}. Best is trial 5 with value: 3.209641218185425.
LOCAL_RANK: 0 - CUDA_VISIBLE_DEVICES: [0]
[I 2023-11-29 20:40:24,881] Trial 9 finished with value: 6.569697856903076 and parameters: {'gradient_clip_val': 0.5484105054996833, 'hidden_size': 18, 'dropout': 0.22390474189307602, 'hidden_continuous_size': 12, 'attention_head_size': 2, 'learning_rate': 0.0029970617084333676}. Best is trial 5 with value: 3.209641218185425.
LOCAL_RANK: 0 - CUDA_VISIBLE_DEVICES: [0]
[I 2023-11-29 20:40:39,294] Trial 10 finished with value: 2.80059814453125 and parameters: {'gradient_clip_val': 0.11091565014112803, 'hidden_size': 143, 'dropout': 0.3974051914531229, 'hidden_continuous_size': 72, 'attention_head_size': 1, 'learning_rate': 0.08447984032677111}. Best is trial 10 with value: 2.80059814453125.
LOCAL_RANK: 0 - CUDA_VISIBLE_DEVICES: [0]
[I 2023-11-29 20:40:53,536] Trial 11 finished with value: 3.6202571392059326 and parameters: {'gradient_clip_val': 0.10502922459717588, 'hidden_size': 140, 'dropout': 0.3957644851856654, 'hidden_continuous_size': 83, 'attention_head_size': 1, 'learning_rate': 0.09634913767297408}. Best is trial 10 with value: 2.80059814453125.
LOCAL_RANK: 0 - CUDA_VISIBLE_DEVICES: [0]
[I 2023-11-29 20:41:06,149] Trial 12 finished with value: 3.1993541717529297 and parameters: {'gradient_clip_val': 0.9568447495043838, 'hidden_size': 33, 'dropout': 0.3951875152412067, 'hidden_continuous_size': 16, 'attention_head_size': 1, 'learning_rate': 0.034568852025706254}. Best is trial 10 with value: 2.80059814453125.
LOCAL_RANK: 0 - CUDA_VISIBLE_DEVICES: [0]
[I 2023-11-29 20:41:20,604] Trial 13 finished with value: 3.419753074645996 and parameters: {'gradient_clip_val': 0.8553104787431876, 'hidden_size': 134, 'dropout': 0.3963695657519001, 'hidden_continuous_size': 123, 'attention_head_size': 1, 'learning_rate': 0.029025002425071052}. Best is trial 10 with value: 2.80059814453125.
LOCAL_RANK: 0 - CUDA_VISIBLE_DEVICES: [0]
[I 2023-11-29 20:41:32,867] Trial 14 finished with value: 3.1926167011260986 and parameters: {'gradient_clip_val': 0.7591222154285514, 'hidden_size': 33, 'dropout': 0.13050065752372622, 'hidden_continuous_size': 15, 'attention_head_size': 1, 'learning_rate': 0.021989543613363933}. Best is trial 10 with value: 2.80059814453125.
LOCAL_RANK: 0 - CUDA_VISIBLE_DEVICES: [0]
[I 2023-11-29 20:41:45,459] Trial 15 finished with value: 3.14886212348938 and parameters: {'gradient_clip_val': 0.6324156194014882, 'hidden_size': 38, 'dropout': 0.12966806883986343, 'hidden_continuous_size': 16, 'attention_head_size': 1, 'learning_rate': 0.016322324291797575}. Best is trial 10 with value: 2.80059814453125.
LOCAL_RANK: 0 - CUDA_VISIBLE_DEVICES: [0]
[I 2023-11-29 20:41:59,348] Trial 16 finished with value: 3.9114036560058594 and parameters: {'gradient_clip_val': 0.10293551580406175, 'hidden_size': 108, 'dropout': 0.10042362426941978, 'hidden_continuous_size': 40, 'attention_head_size': 1, 'learning_rate': 0.014056896499172496}. Best is trial 10 with value: 2.80059814453125.
LOCAL_RANK: 0 - CUDA_VISIBLE_DEVICES: [0]
[I 2023-11-29 20:42:13,106] Trial 17 finished with value: 3.4371719360351562 and parameters: {'gradient_clip_val': 0.6232998682958556, 'hidden_size': 94, 'dropout': 0.15965811873684327, 'hidden_continuous_size': 34, 'attention_head_size': 2, 'learning_rate': 0.010723166334882092}. Best is trial 10 with value: 2.80059814453125.
LOCAL_RANK: 0 - CUDA_VISIBLE_DEVICES: [0]
[I 2023-11-29 20:42:25,710] Trial 18 finished with value: 3.550847291946411 and parameters: {'gradient_clip_val': 0.14784379771755732, 'hidden_size': 46, 'dropout': 0.2673783978613836, 'hidden_continuous_size': 16, 'attention_head_size': 1, 'learning_rate': 0.01662541997130634}. Best is trial 10 with value: 2.80059814453125.
LOCAL_RANK: 0 - CUDA_VISIBLE_DEVICES: [0]
[I 2023-11-29 20:42:39,516] Trial 19 finished with value: 2.9129631519317627 and parameters: {'gradient_clip_val': 0.5461284385818845, 'hidden_size': 86, 'dropout': 0.1691091519968847, 'hidden_continuous_size': 53, 'attention_head_size': 2, 'learning_rate': 0.00778086801265324}. Best is trial 10 with value: 2.80059814453125.
LOCAL_RANK: 0 - CUDA_VISIBLE_DEVICES: [0]
[I 2023-11-29 20:42:53,401] Trial 20 finished with value: 3.3963944911956787 and parameters: {'gradient_clip_val': 0.5233275147943819, 'hidden_size': 87, 'dropout': 0.35984486493246703, 'hidden_continuous_size': 54, 'attention_head_size': 2, 'learning_rate': 0.008200976003428666}. Best is trial 10 with value: 2.80059814453125.
LOCAL_RANK: 0 - CUDA_VISIBLE_DEVICES: [0]
[I 2023-11-29 20:43:07,260] Trial 21 finished with value: 3.449028730392456 and parameters: {'gradient_clip_val': 0.6872180465909811, 'hidden_size': 114, 'dropout': 0.16432443047804013, 'hidden_continuous_size': 55, 'attention_head_size': 1, 'learning_rate': 0.046041654513571964}. Best is trial 10 with value: 2.80059814453125.
LOCAL_RANK: 0 - CUDA_VISIBLE_DEVICES: [0]
[I 2023-11-29 20:43:21,953] Trial 22 finished with value: 4.157341957092285 and parameters: {'gradient_clip_val': 0.5312213854125474, 'hidden_size': 149, 'dropout': 0.16805707609670403, 'hidden_continuous_size': 69, 'attention_head_size': 2, 'learning_rate': 0.02100773807926776}. Best is trial 10 with value: 2.80059814453125.
LOCAL_RANK: 0 - CUDA_VISIBLE_DEVICES: [0]
[I 2023-11-29 20:43:35,279] Trial 23 finished with value: 3.63207745552063 and parameters: {'gradient_clip_val': 0.7129426324609572, 'hidden_size': 80, 'dropout': 0.1291965727342725, 'hidden_continuous_size': 33, 'attention_head_size': 1, 'learning_rate': 0.012294405241291294}. Best is trial 10 with value: 2.80059814453125.
LOCAL_RANK: 0 - CUDA_VISIBLE_DEVICES: [0]
