[I 2023-11-30 03:13:04,032] Trial 129 finished with value: 35.29813003540039 and parameters: {'gradient_clip_val': 0.4580247309800291, 'hidden_size': 72, 'dropout': 0.17391156310234182, 'hidden_continuous_size': 36, 'attention_head_size': 4, 'learning_rate': 0.04739656732766777}. Best is trial 56 with value: 28.857404708862305.
LOCAL_RANK: 0 - CUDA_VISIBLE_DEVICES: [0]
[I 2023-11-30 03:13:17,744] Trial 130 finished with value: 38.3549919128418 and parameters: {'gradient_clip_val': 0.6858113503027922, 'hidden_size': 82, 'dropout': 0.20001580321248985, 'hidden_continuous_size': 34, 'attention_head_size': 4, 'learning_rate': 0.0737285900107444}. Best is trial 56 with value: 28.857404708862305.
LOCAL_RANK: 0 - CUDA_VISIBLE_DEVICES: [0]
[I 2023-11-30 03:13:31,083] Trial 131 finished with value: 33.21525573730469 and parameters: {'gradient_clip_val': 0.523548198515083, 'hidden_size': 62, 'dropout': 0.20703944278932696, 'hidden_continuous_size': 28, 'attention_head_size': 4, 'learning_rate': 0.08720780033633856}. Best is trial 56 with value: 28.857404708862305.
LOCAL_RANK: 0 - CUDA_VISIBLE_DEVICES: [0]
[I 2023-11-30 03:13:44,383] Trial 132 finished with value: 35.77546310424805 and parameters: {'gradient_clip_val': 0.5349364162993812, 'hidden_size': 64, 'dropout': 0.2119505541489371, 'hidden_continuous_size': 26, 'attention_head_size': 4, 'learning_rate': 0.08411861206161284}. Best is trial 56 with value: 28.857404708862305.
LOCAL_RANK: 0 - CUDA_VISIBLE_DEVICES: [0]
[I 2023-11-30 03:13:57,852] Trial 133 finished with value: 33.42900848388672 and parameters: {'gradient_clip_val': 0.8064179097889617, 'hidden_size': 59, 'dropout': 0.18322361390270872, 'hidden_continuous_size': 32, 'attention_head_size': 4, 'learning_rate': 0.030839706137865762}. Best is trial 56 with value: 28.857404708862305.
LOCAL_RANK: 0 - CUDA_VISIBLE_DEVICES: [0]
[I 2023-11-30 03:14:11,632] Trial 134 finished with value: 34.217323303222656 and parameters: {'gradient_clip_val': 0.5567327456487188, 'hidden_size': 77, 'dropout': 0.18876472755689414, 'hidden_continuous_size': 25, 'attention_head_size': 4, 'learning_rate': 0.06050909665072724}. Best is trial 56 with value: 28.857404708862305.
LOCAL_RANK: 0 - CUDA_VISIBLE_DEVICES: [0]
[I 2023-11-30 03:14:25,031] Trial 135 finished with value: 38.542022705078125 and parameters: {'gradient_clip_val': 0.6159522279187929, 'hidden_size': 67, 'dropout': 0.19680296280665965, 'hidden_continuous_size': 27, 'attention_head_size': 4, 'learning_rate': 0.08974698759151352}. Best is trial 56 with value: 28.857404708862305.
LOCAL_RANK: 0 - CUDA_VISIBLE_DEVICES: [0]
[I 2023-11-30 03:14:38,373] Trial 136 finished with value: 38.74188232421875 and parameters: {'gradient_clip_val': 0.6478067037645872, 'hidden_size': 62, 'dropout': 0.20511473585007528, 'hidden_continuous_size': 30, 'attention_head_size': 4, 'learning_rate': 0.0668344946046117}. Best is trial 56 with value: 28.857404708862305.
LOCAL_RANK: 0 - CUDA_VISIBLE_DEVICES: [0]
[I 2023-11-30 03:14:51,380] Trial 137 finished with value: 29.88263511657715 and parameters: {'gradient_clip_val': 0.49308203736476613, 'hidden_size': 43, 'dropout': 0.2119649198997119, 'hidden_continuous_size': 29, 'attention_head_size': 4, 'learning_rate': 0.07443705061607826}. Best is trial 56 with value: 28.857404708862305.
LOCAL_RANK: 0 - CUDA_VISIBLE_DEVICES: [0]
[I 2023-11-30 03:15:04,408] Trial 138 finished with value: 30.791343688964844 and parameters: {'gradient_clip_val': 0.4350997680821586, 'hidden_size': 46, 'dropout': 0.21529281391601054, 'hidden_continuous_size': 29, 'attention_head_size': 4, 'learning_rate': 0.052986235514977525}. Best is trial 56 with value: 28.857404708862305.
LOCAL_RANK: 0 - CUDA_VISIBLE_DEVICES: [0]
[I 2023-11-30 03:15:17,609] Trial 139 finished with value: 37.94282913208008 and parameters: {'gradient_clip_val': 0.4562296678960572, 'hidden_size': 45, 'dropout': 0.2257234868964456, 'hidden_continuous_size': 29, 'attention_head_size': 4, 'learning_rate': 0.05027300872520694}. Best is trial 56 with value: 28.857404708862305.
LOCAL_RANK: 0 - CUDA_VISIBLE_DEVICES: [0]
[I 2023-11-30 03:15:30,635] Trial 140 finished with value: 33.14763259887695 and parameters: {'gradient_clip_val': 0.42903628048499126, 'hidden_size': 48, 'dropout': 0.2208411543946797, 'hidden_continuous_size': 30, 'attention_head_size': 4, 'learning_rate': 0.042874785989165054}. Best is trial 56 with value: 28.857404708862305.
LOCAL_RANK: 0 - CUDA_VISIBLE_DEVICES: [0]
[I 2023-11-30 03:15:43,616] Trial 141 finished with value: 34.770572662353516 and parameters: {'gradient_clip_val': 0.49440224359703266, 'hidden_size': 43, 'dropout': 0.21650826552286792, 'hidden_continuous_size': 28, 'attention_head_size': 4, 'learning_rate': 0.05529643744745267}. Best is trial 56 with value: 28.857404708862305.
LOCAL_RANK: 0 - CUDA_VISIBLE_DEVICES: [0]
[I 2023-11-30 03:15:56,383] Trial 142 finished with value: 35.08049392700195 and parameters: {'gradient_clip_val': 0.3785599388737087, 'hidden_size': 40, 'dropout': 0.19354625098857106, 'hidden_continuous_size': 31, 'attention_head_size': 4, 'learning_rate': 0.07803674846604894}. Best is trial 56 with value: 28.857404708862305.
LOCAL_RANK: 0 - CUDA_VISIBLE_DEVICES: [0]
[I 2023-11-30 03:16:09,384] Trial 143 finished with value: 37.5659065246582 and parameters: {'gradient_clip_val': 0.418377187616879, 'hidden_size': 42, 'dropout': 0.21167036566090405, 'hidden_continuous_size': 29, 'attention_head_size': 4, 'learning_rate': 0.062322179750925195}. Best is trial 56 with value: 28.857404708862305.
LOCAL_RANK: 0 - CUDA_VISIBLE_DEVICES: [0]
[I 2023-11-30 03:16:23,020] Trial 144 finished with value: 35.60861587524414 and parameters: {'gradient_clip_val': 0.4776185019925939, 'hidden_size': 54, 'dropout': 0.17840040401245796, 'hidden_continuous_size': 33, 'attention_head_size': 4, 'learning_rate': 0.07366897997188829}. Best is trial 56 with value: 28.857404708862305.
LOCAL_RANK: 0 - CUDA_VISIBLE_DEVICES: [0]
[I 2023-11-30 03:16:36,173] Trial 145 finished with value: 32.992889404296875 and parameters: {'gradient_clip_val': 0.43614830976952146, 'hidden_size': 50, 'dropout': 0.1976639653492038, 'hidden_continuous_size': 28, 'attention_head_size': 4, 'learning_rate': 0.05395046589788025}. Best is trial 56 with value: 28.857404708862305.
LOCAL_RANK: 0 - CUDA_VISIBLE_DEVICES: [0]
[I 2023-11-30 03:16:49,650] Trial 146 finished with value: 46.81972122192383 and parameters: {'gradient_clip_val': 0.5899071012477376, 'hidden_size': 57, 'dropout': 0.18802504402198875, 'hidden_continuous_size': 32, 'attention_head_size': 4, 'learning_rate': 0.06905869078644768}. Best is trial 56 with value: 28.857404708862305.
LOCAL_RANK: 0 - CUDA_VISIBLE_DEVICES: [0]
[I 2023-11-30 03:17:02,494] Trial 147 finished with value: 34.51064682006836 and parameters: {'gradient_clip_val': 0.7187214891205613, 'hidden_size': 39, 'dropout': 0.20089652469173802, 'hidden_continuous_size': 30, 'attention_head_size': 4, 'learning_rate': 0.02728666240813657}. Best is trial 56 with value: 28.857404708862305.
LOCAL_RANK: 0 - CUDA_VISIBLE_DEVICES: [0]
[I 2023-11-30 03:17:15,410] Trial 148 finished with value: 38.569366455078125 and parameters: {'gradient_clip_val': 0.6705655086495623, 'hidden_size': 46, 'dropout': 0.21623264220205404, 'hidden_continuous_size': 29, 'attention_head_size': 3, 'learning_rate': 0.0347021883089231}. Best is trial 56 with value: 28.857404708862305.
LOCAL_RANK: 0 - CUDA_VISIBLE_DEVICES: [0]
[I 2023-11-30 03:17:28,539] Trial 149 finished with value: 35.295955657958984 and parameters: {'gradient_clip_val': 0.5511541610303438, 'hidden_size': 44, 'dropout': 0.23868454283148596, 'hidden_continuous_size': 28, 'attention_head_size': 4, 'learning_rate': 0.0460861542364881}. Best is trial 56 with value: 28.857404708862305.
[I 2023-11-30 03:17:28,648] A new study created in memory with name: no-name-7f8bb97c-5da7-4432-b27d-cf0c1466870d
/home/le004/conda/anaconda3/envs/tsff_env/lib/python3.9/site-packages/lightning/fabric/plugins/environments/slurm.py:191: The `srun` command is available on your system but is not used. HINT: If your intention is to run Lightning on SLURM, prepend your python command with `srun` like so: srun python /home/le004/master_thesis/git/TSFusionForecast/code/ ...
LOCAL_RANK: 0 - CUDA_VISIBLE_DEVICES: [0]
[I 2023-11-30 03:17:41,008] Trial 0 finished with value: 26.236509323120117 and parameters: {'gradient_clip_val': 0.3602510633833486, 'hidden_size': 18, 'dropout': 0.11527328169388269, 'hidden_continuous_size': 17, 'attention_head_size': 4, 'learning_rate': 0.004351016791412351}. Best is trial 0 with value: 26.236509323120117.
LOCAL_RANK: 0 - CUDA_VISIBLE_DEVICES: [0]
[I 2023-11-30 03:17:53,183] Trial 1 finished with value: 13.79399585723877 and parameters: {'gradient_clip_val': 0.4919944590087477, 'hidden_size': 21, 'dropout': 0.2306921965468971, 'hidden_continuous_size': 18, 'attention_head_size': 2, 'learning_rate': 0.008588321657367665}. Best is trial 1 with value: 13.79399585723877.
LOCAL_RANK: 0 - CUDA_VISIBLE_DEVICES: [0]
[I 2023-11-30 03:18:05,399] Trial 2 finished with value: 10.748372077941895 and parameters: {'gradient_clip_val': 0.45547943855950884, 'hidden_size': 22, 'dropout': 0.152769530284509, 'hidden_continuous_size': 16, 'attention_head_size': 3, 'learning_rate': 0.012710253319504556}. Best is trial 2 with value: 10.748372077941895.
LOCAL_RANK: 0 - CUDA_VISIBLE_DEVICES: [0]
[I 2023-11-30 03:18:15,557] Trial 3 finished with value: 17.8750057220459 and parameters: {'gradient_clip_val': 0.17027123713265604, 'hidden_size': 10, 'dropout': 0.14934977943302025, 'hidden_continuous_size': 10, 'attention_head_size': 3, 'learning_rate': 0.014416535712127887}. Best is trial 2 with value: 10.748372077941895.
LOCAL_RANK: 0 - CUDA_VISIBLE_DEVICES: [0]
[I 2023-11-30 03:18:28,260] Trial 4 finished with value: 7.1021246910095215 and parameters: {'gradient_clip_val': 0.8360783095466796, 'hidden_size': 44, 'dropout': 0.18579052245048897, 'hidden_continuous_size': 11, 'attention_head_size': 2, 'learning_rate': 0.07220377643686607}. Best is trial 4 with value: 7.1021246910095215.
LOCAL_RANK: 0 - CUDA_VISIBLE_DEVICES: [0]
[I 2023-11-30 03:18:38,357] Trial 5 finished with value: 44.63850021362305 and parameters: {'gradient_clip_val': 0.751272315063114, 'hidden_size': 19, 'dropout': 0.16140381937007542, 'hidden_continuous_size': 19, 'attention_head_size': 1, 'learning_rate': 0.0015492533147046159}. Best is trial 4 with value: 7.1021246910095215.
LOCAL_RANK: 0 - CUDA_VISIBLE_DEVICES: [0]
[I 2023-11-30 03:18:52,014] Trial 6 finished with value: 5.832641124725342 and parameters: {'gradient_clip_val': 0.26818826418387665, 'hidden_size': 105, 'dropout': 0.21276818597173774, 'hidden_continuous_size': 18, 'attention_head_size': 2, 'learning_rate': 0.07221913222274157}. Best is trial 6 with value: 5.832641124725342.
LOCAL_RANK: 0 - CUDA_VISIBLE_DEVICES: [0]
[I 2023-11-30 03:19:04,728] Trial 7 finished with value: 20.100772857666016 and parameters: {'gradient_clip_val': 0.7220007141828678, 'hidden_size': 38, 'dropout': 0.18132841672768807, 'hidden_continuous_size': 11, 'attention_head_size': 4, 'learning_rate': 0.001981777217535744}. Best is trial 6 with value: 5.832641124725342.
LOCAL_RANK: 0 - CUDA_VISIBLE_DEVICES: [0]
[I 2023-11-30 03:19:17,360] Trial 8 finished with value: 8.857071876525879 and parameters: {'gradient_clip_val': 0.10377645948650946, 'hidden_size': 29, 'dropout': 0.14444063238808943, 'hidden_continuous_size': 25, 'attention_head_size': 3, 'learning_rate': 0.005669027296744858}. Best is trial 6 with value: 5.832641124725342.
LOCAL_RANK: 0 - CUDA_VISIBLE_DEVICES: [0]
[I 2023-11-30 03:19:30,253] Trial 9 finished with value: 8.263951301574707 and parameters: {'gradient_clip_val': 0.3958871621444196, 'hidden_size': 57, 'dropout': 0.3083010844931926, 'hidden_continuous_size': 19, 'attention_head_size': 1, 'learning_rate': 0.006796526948451094}. Best is trial 6 with value: 5.832641124725342.
LOCAL_RANK: 0 - CUDA_VISIBLE_DEVICES: [0]
[I 2023-11-30 03:19:44,520] Trial 10 finished with value: 6.5562214851379395 and parameters: {'gradient_clip_val': 0.24101888717185257, 'hidden_size': 129, 'dropout': 0.3987221831133616, 'hidden_continuous_size': 56, 'attention_head_size': 2, 'learning_rate': 0.09806483378199904}. Best is trial 6 with value: 5.832641124725342.
LOCAL_RANK: 0 - CUDA_VISIBLE_DEVICES: [0]
[I 2023-11-30 03:19:58,570] Trial 11 finished with value: 7.37313985824585 and parameters: {'gradient_clip_val': 0.23503962626935657, 'hidden_size': 125, 'dropout': 0.3945495693946088, 'hidden_continuous_size': 56, 'attention_head_size': 2, 'learning_rate': 0.09781372002663456}. Best is trial 6 with value: 5.832641124725342.
LOCAL_RANK: 0 - CUDA_VISIBLE_DEVICES: [0]
[I 2023-11-30 03:20:13,184] Trial 12 finished with value: 5.804271697998047 and parameters: {'gradient_clip_val': 0.2445391666850197, 'hidden_size': 143, 'dropout': 0.28891251494484593, 'hidden_continuous_size': 104, 'attention_head_size': 2, 'learning_rate': 0.044899495189663664}. Best is trial 12 with value: 5.804271697998047.
LOCAL_RANK: 0 - CUDA_VISIBLE_DEVICES: [0]
[I 2023-11-30 03:20:27,195] Trial 13 finished with value: 6.592793941497803 and parameters: {'gradient_clip_val': 0.24832465879790444, 'hidden_size': 92, 'dropout': 0.2610460059677249, 'hidden_continuous_size': 90, 'attention_head_size': 1, 'learning_rate': 0.03795816300698881}. Best is trial 12 with value: 5.804271697998047.
LOCAL_RANK: 0 - CUDA_VISIBLE_DEVICES: [0]
[I 2023-11-30 03:20:40,727] Trial 14 finished with value: 7.130035400390625 and parameters: {'gradient_clip_val': 0.1793463162650906, 'hidden_size': 78, 'dropout': 0.2783283821790405, 'hidden_continuous_size': 33, 'attention_head_size': 2, 'learning_rate': 0.03328154707380777}. Best is trial 12 with value: 5.804271697998047.
LOCAL_RANK: 0 - CUDA_VISIBLE_DEVICES: [0]
[I 2023-11-30 03:20:55,873] Trial 15 finished with value: 6.8598480224609375 and parameters: {'gradient_clip_val': 0.31397689345955787, 'hidden_size': 149, 'dropout': 0.2358827361991376, 'hidden_continuous_size': 132, 'attention_head_size': 3, 'learning_rate': 0.04390588204714841}. Best is trial 12 with value: 5.804271697998047.
LOCAL_RANK: 0 - CUDA_VISIBLE_DEVICES: [0]
[I 2023-11-30 03:21:09,571] Trial 16 finished with value: 6.4956793785095215 and parameters: {'gradient_clip_val': 0.536694576997925, 'hidden_size': 93, 'dropout': 0.31641049791427883, 'hidden_continuous_size': 33, 'attention_head_size': 1, 'learning_rate': 0.021409530679765695}. Best is trial 12 with value: 5.804271697998047.
LOCAL_RANK: 0 - CUDA_VISIBLE_DEVICES: [0]
[I 2023-11-30 03:21:22,577] Trial 17 finished with value: 5.9492621421813965 and parameters: {'gradient_clip_val': 0.9881272158214496, 'hidden_size': 61, 'dropout': 0.21270280601867259, 'hidden_continuous_size': 14, 'attention_head_size': 2, 'learning_rate': 0.05044736513849958}. Best is trial 12 with value: 5.804271697998047.
LOCAL_RANK: 0 - CUDA_VISIBLE_DEVICES: [0]
[I 2023-11-30 03:21:36,626] Trial 18 finished with value: 6.005639553070068 and parameters: {'gradient_clip_val': 0.31905151353113775, 'hidden_size': 109, 'dropout': 0.2029861990296337, 'hidden_continuous_size': 42, 'attention_head_size': 3, 'learning_rate': 0.025001373420693612}. Best is trial 12 with value: 5.804271697998047.
LOCAL_RANK: 0 - CUDA_VISIBLE_DEVICES: [0]
[I 2023-11-30 03:21:50,984] Trial 19 finished with value: 5.542917728424072 and parameters: {'gradient_clip_val': 0.1737597752781915, 'hidden_size': 148, 'dropout': 0.2766433595608899, 'hidden_continuous_size': 92, 'attention_head_size': 1, 'learning_rate': 0.05859008360281162}. Best is trial 19 with value: 5.542917728424072.
LOCAL_RANK: 0 - CUDA_VISIBLE_DEVICES: [0]
[I 2023-11-30 03:22:04,832] Trial 20 finished with value: 6.808952331542969 and parameters: {'gradient_clip_val': 0.15186822825502155, 'hidden_size': 80, 'dropout': 0.28456442069579635, 'hidden_continuous_size': 58, 'attention_head_size': 1, 'learning_rate': 0.02309298962553364}. Best is trial 19 with value: 5.542917728424072.
LOCAL_RANK: 0 - CUDA_VISIBLE_DEVICES: [0]
[I 2023-11-30 03:22:19,505] Trial 21 finished with value: 6.039357662200928 and parameters: {'gradient_clip_val': 0.27527298360613583, 'hidden_size': 139, 'dropout': 0.2512421541070245, 'hidden_continuous_size': 137, 'attention_head_size': 1, 'learning_rate': 0.06124125947500355}. Best is trial 19 with value: 5.542917728424072.
LOCAL_RANK: 0 - CUDA_VISIBLE_DEVICES: [0]
[I 2023-11-30 03:22:33,702] Trial 22 finished with value: 6.1763596534729 and parameters: {'gradient_clip_val': 0.20560993372740177, 'hidden_size': 110, 'dropout': 0.3164404250090819, 'hidden_continuous_size': 80, 'attention_head_size': 2, 'learning_rate': 0.06233154792704674}. Best is trial 19 with value: 5.542917728424072.
LOCAL_RANK: 0 - CUDA_VISIBLE_DEVICES: [0]
[I 2023-11-30 03:22:48,290] Trial 23 finished with value: 6.290002346038818 and parameters: {'gradient_clip_val': 0.14091299168743826, 'hidden_size': 150, 'dropout': 0.23118830680012128, 'hidden_continuous_size': 92, 'attention_head_size': 2, 'learning_rate': 0.03407004647215569}. Best is trial 19 with value: 5.542917728424072.
LOCAL_RANK: 0 - CUDA_VISIBLE_DEVICES: [0]
[I 2023-11-30 03:23:01,885] Trial 24 finished with value: 6.075279712677002 and parameters: {'gradient_clip_val': 0.21585176668898434, 'hidden_size': 108, 'dropout': 0.2759769940372635, 'hidden_continuous_size': 24, 'attention_head_size': 1, 'learning_rate': 0.07297772109461612}. Best is trial 19 with value: 5.542917728424072.
LOCAL_RANK: 0 - CUDA_VISIBLE_DEVICES: [0]
[I 2023-11-30 03:23:16,839] Trial 25 finished with value: 5.9815993309021 and parameters: {'gradient_clip_val': 0.2775349344915375, 'hidden_size': 150, 'dropout': 0.29761232660501624, 'hidden_continuous_size': 143, 'attention_head_size': 2, 'learning_rate': 0.048495104872735985}. Best is trial 19 with value: 5.542917728424072.
LOCAL_RANK: 0 - CUDA_VISIBLE_DEVICES: [0]
[I 2023-11-30 03:23:30,998] Trial 26 finished with value: 5.884134769439697 and parameters: {'gradient_clip_val': 0.1292177968762772, 'hidden_size': 115, 'dropout': 0.3352651653009894, 'hidden_continuous_size': 67, 'attention_head_size': 1, 'learning_rate': 0.03031155001992221}. Best is trial 19 with value: 5.542917728424072.
LOCAL_RANK: 0 - CUDA_VISIBLE_DEVICES: [0]
[I 2023-11-30 03:23:44,508] Trial 27 finished with value: 6.189193248748779 and parameters: {'gradient_clip_val': 0.18152391031100268, 'hidden_size': 91, 'dropout': 0.2597308675347717, 'hidden_continuous_size': 24, 'attention_head_size': 2, 'learning_rate': 0.047394128771573785}. Best is trial 19 with value: 5.542917728424072.
LOCAL_RANK: 0 - CUDA_VISIBLE_DEVICES: [0]
[I 2023-11-30 03:23:58,073] Trial 28 finished with value: 5.3968634605407715 and parameters: {'gradient_clip_val': 0.20105031950554905, 'hidden_size': 71, 'dropout': 0.21588607658533823, 'hidden_continuous_size': 43, 'attention_head_size': 3, 'learning_rate': 0.09741654808503722}. Best is trial 28 with value: 5.3968634605407715.
LOCAL_RANK: 0 - CUDA_VISIBLE_DEVICES: [0]
[I 2023-11-30 03:24:11,739] Trial 29 finished with value: 6.718003749847412 and parameters: {'gradient_clip_val': 0.20561984259523594, 'hidden_size': 69, 'dropout': 0.3422244942048205, 'hidden_continuous_size': 45, 'attention_head_size': 4, 'learning_rate': 0.09168248887302075}. Best is trial 28 with value: 5.3968634605407715.
LOCAL_RANK: 0 - CUDA_VISIBLE_DEVICES: [0]
[I 2023-11-30 03:24:25,513] Trial 30 finished with value: 7.278764724731445 and parameters: {'gradient_clip_val': 0.19680332653461052, 'hidden_size': 63, 'dropout': 0.11176069677617034, 'hidden_continuous_size': 42, 'attention_head_size': 4, 'learning_rate': 0.019531513233658922}. Best is trial 28 with value: 5.3968634605407715.
LOCAL_RANK: 0 - CUDA_VISIBLE_DEVICES: [0]
[I 2023-11-30 03:24:39,986] Trial 31 finished with value: 6.7172770500183105 and parameters: {'gradient_clip_val': 0.16271341944773637, 'hidden_size': 118, 'dropout': 0.21719526793063396, 'hidden_continuous_size': 103, 'attention_head_size': 3, 'learning_rate': 0.0709577570393203}. Best is trial 28 with value: 5.3968634605407715.
LOCAL_RANK: 0 - CUDA_VISIBLE_DEVICES: [0]
[I 2023-11-30 03:24:54,013] Trial 32 finished with value: 5.637587070465088 and parameters: {'gradient_clip_val': 0.27088395192998216, 'hidden_size': 96, 'dropout': 0.24300821765639127, 'hidden_continuous_size': 70, 'attention_head_size': 3, 'learning_rate': 0.05621629866417793}. Best is trial 28 with value: 5.3968634605407715.
LOCAL_RANK: 0 - CUDA_VISIBLE_DEVICES: [0]
[I 2023-11-30 03:25:08,302] Trial 33 finished with value: 6.775496959686279 and parameters: {'gradient_clip_val': 0.2312318189251751, 'hidden_size': 126, 'dropout': 0.24432952784038298, 'hidden_continuous_size': 72, 'attention_head_size': 3, 'learning_rate': 0.049942439542506746}. Best is trial 28 with value: 5.3968634605407715.
LOCAL_RANK: 0 - CUDA_VISIBLE_DEVICES: [0]
[I 2023-11-30 03:25:22,226] Trial 34 finished with value: 6.142646789550781 and parameters: {'gradient_clip_val': 0.1910807862205632, 'hidden_size': 81, 'dropout': 0.25863683090460976, 'hidden_continuous_size': 63, 'attention_head_size': 3, 'learning_rate': 0.03675526204920509}. Best is trial 28 with value: 5.3968634605407715.
LOCAL_RANK: 0 - CUDA_VISIBLE_DEVICES: [0]
[I 2023-11-30 03:25:36,668] Trial 35 finished with value: 5.883056163787842 and parameters: {'gradient_clip_val': 0.32690249972937, 'hidden_size': 97, 'dropout': 0.22916597082689294, 'hidden_continuous_size': 73, 'attention_head_size': 3, 'learning_rate': 0.015681468180854325}. Best is trial 28 with value: 5.3968634605407715.
LOCAL_RANK: 0 - CUDA_VISIBLE_DEVICES: [0]
