[I 2023-11-30 03:25:50,151] Trial 36 finished with value: 6.739623546600342 and parameters: {'gradient_clip_val': 0.22542372581351122, 'hidden_size': 53, 'dropout': 0.2426473227435378, 'hidden_continuous_size': 47, 'attention_head_size': 4, 'learning_rate': 0.01212301555050763}. Best is trial 28 with value: 5.3968634605407715.
LOCAL_RANK: 0 - CUDA_VISIBLE_DEVICES: [0]
[I 2023-11-30 03:26:03,853] Trial 37 finished with value: 5.975778579711914 and parameters: {'gradient_clip_val': 0.17183518035506806, 'hidden_size': 72, 'dropout': 0.2725033517700794, 'hidden_continuous_size': 53, 'attention_head_size': 3, 'learning_rate': 0.027873395465579917}. Best is trial 28 with value: 5.3968634605407715.
LOCAL_RANK: 0 - CUDA_VISIBLE_DEVICES: [0]
[I 2023-11-30 03:26:18,338] Trial 38 finished with value: 5.661889553070068 and parameters: {'gradient_clip_val': 0.2667279278229864, 'hidden_size': 132, 'dropout': 0.1896020424293357, 'hidden_continuous_size': 110, 'attention_head_size': 3, 'learning_rate': 0.058712124207925494}. Best is trial 28 with value: 5.3968634605407715.
LOCAL_RANK: 0 - CUDA_VISIBLE_DEVICES: [0]
[I 2023-11-30 03:26:31,667] Trial 39 finished with value: 5.721427917480469 and parameters: {'gradient_clip_val': 0.27967363577102483, 'hidden_size': 50, 'dropout': 0.19794115274069823, 'hidden_continuous_size': 37, 'attention_head_size': 3, 'learning_rate': 0.08429749246521216}. Best is trial 28 with value: 5.3968634605407715.
LOCAL_RANK: 0 - CUDA_VISIBLE_DEVICES: [0]
[I 2023-11-30 03:26:45,863] Trial 40 finished with value: 5.220333576202393 and parameters: {'gradient_clip_val': 0.38153520328463214, 'hidden_size': 85, 'dropout': 0.19365766504125292, 'hidden_continuous_size': 62, 'attention_head_size': 4, 'learning_rate': 0.061271266219187805}. Best is trial 40 with value: 5.220333576202393.
LOCAL_RANK: 0 - CUDA_VISIBLE_DEVICES: [0]
[I 2023-11-30 03:27:00,109] Trial 41 finished with value: 6.732814788818359 and parameters: {'gradient_clip_val': 0.41894469629100517, 'hidden_size': 89, 'dropout': 0.17768086335863104, 'hidden_continuous_size': 65, 'attention_head_size': 4, 'learning_rate': 0.058089112051956854}. Best is trial 40 with value: 5.220333576202393.
LOCAL_RANK: 0 - CUDA_VISIBLE_DEVICES: [0]
[I 2023-11-30 03:27:14,390] Trial 42 finished with value: 6.13659143447876 and parameters: {'gradient_clip_val': 0.36327073157262424, 'hidden_size': 101, 'dropout': 0.19321882729369413, 'hidden_continuous_size': 76, 'attention_head_size': 4, 'learning_rate': 0.07653665556895291}. Best is trial 40 with value: 5.220333576202393.
LOCAL_RANK: 0 - CUDA_VISIBLE_DEVICES: [0]
[I 2023-11-30 03:27:28,883] Trial 43 finished with value: 5.364190578460693 and parameters: {'gradient_clip_val': 0.3023925129180827, 'hidden_size': 129, 'dropout': 0.1642184695049411, 'hidden_continuous_size': 82, 'attention_head_size': 3, 'learning_rate': 0.06057826057937655}. Best is trial 40 with value: 5.220333576202393.
LOCAL_RANK: 0 - CUDA_VISIBLE_DEVICES: [0]
[I 2023-11-30 03:27:42,759] Trial 44 finished with value: 7.306670665740967 and parameters: {'gradient_clip_val': 0.3580776641573251, 'hidden_size': 71, 'dropout': 0.166765717752693, 'hidden_continuous_size': 59, 'attention_head_size': 4, 'learning_rate': 0.0851032575891534}. Best is trial 40 with value: 5.220333576202393.
LOCAL_RANK: 0 - CUDA_VISIBLE_DEVICES: [0]
[I 2023-11-30 03:27:57,329] Trial 45 finished with value: 5.966096878051758 and parameters: {'gradient_clip_val': 0.4762063670920628, 'hidden_size': 121, 'dropout': 0.13223290791668704, 'hidden_continuous_size': 85, 'attention_head_size': 3, 'learning_rate': 0.09705431429999575}. Best is trial 40 with value: 5.220333576202393.
LOCAL_RANK: 0 - CUDA_VISIBLE_DEVICES: [0]
[I 2023-11-30 03:28:11,522] Trial 46 finished with value: 6.277554988861084 and parameters: {'gradient_clip_val': 0.306282331983615, 'hidden_size': 83, 'dropout': 0.16431261133058134, 'hidden_continuous_size': 67, 'attention_head_size': 3, 'learning_rate': 0.039543520673861625}. Best is trial 40 with value: 5.220333576202393.
LOCAL_RANK: 0 - CUDA_VISIBLE_DEVICES: [0]
[I 2023-11-30 03:28:25,676] Trial 47 finished with value: 5.435583114624023 and parameters: {'gradient_clip_val': 0.21230294951749687, 'hidden_size': 102, 'dropout': 0.2204167678407114, 'hidden_continuous_size': 51, 'attention_head_size': 4, 'learning_rate': 0.06952457728007799}. Best is trial 40 with value: 5.220333576202393.
LOCAL_RANK: 0 - CUDA_VISIBLE_DEVICES: [0]
[I 2023-11-30 03:28:39,766] Trial 48 finished with value: 7.452006816864014 and parameters: {'gradient_clip_val': 0.21327663445751205, 'hidden_size': 128, 'dropout': 0.17866487236991957, 'hidden_continuous_size': 51, 'attention_head_size': 4, 'learning_rate': 0.07082222488538062}. Best is trial 40 with value: 5.220333576202393.
LOCAL_RANK: 0 - CUDA_VISIBLE_DEVICES: [0]
[I 2023-11-30 03:28:54,000] Trial 49 finished with value: 6.9850287437438965 and parameters: {'gradient_clip_val': 0.19051915373814676, 'hidden_size': 104, 'dropout': 0.21726271926158602, 'hidden_continuous_size': 61, 'attention_head_size': 4, 'learning_rate': 0.03907511269155845}. Best is trial 40 with value: 5.220333576202393.
LOCAL_RANK: 0 - CUDA_VISIBLE_DEVICES: [0]
[I 2023-11-30 03:29:08,174] Trial 50 finished with value: 6.003382205963135 and parameters: {'gradient_clip_val': 0.52521010829059, 'hidden_size': 117, 'dropout': 0.14576291328175192, 'hidden_continuous_size': 53, 'attention_head_size': 4, 'learning_rate': 0.07941743852389359}. Best is trial 40 with value: 5.220333576202393.
LOCAL_RANK: 0 - CUDA_VISIBLE_DEVICES: [0]
[I 2023-11-30 03:29:22,317] Trial 51 finished with value: 5.958175182342529 and parameters: {'gradient_clip_val': 0.252516035487754, 'hidden_size': 101, 'dropout': 0.2219138392942151, 'hidden_continuous_size': 71, 'attention_head_size': 3, 'learning_rate': 0.055128498071369526}. Best is trial 40 with value: 5.220333576202393.
LOCAL_RANK: 0 - CUDA_VISIBLE_DEVICES: [0]
[I 2023-11-30 03:29:36,528] Trial 52 finished with value: 6.761777877807617 and parameters: {'gradient_clip_val': 0.22918269807588487, 'hidden_size': 91, 'dropout': 0.20267144531896536, 'hidden_continuous_size': 65, 'attention_head_size': 4, 'learning_rate': 0.09978585829451864}. Best is trial 40 with value: 5.220333576202393.
LOCAL_RANK: 0 - CUDA_VISIBLE_DEVICES: [0]
[I 2023-11-30 03:29:51,010] Trial 53 finished with value: 7.30694580078125 and parameters: {'gradient_clip_val': 0.29891009076331676, 'hidden_size': 130, 'dropout': 0.2333898700626914, 'hidden_continuous_size': 84, 'attention_head_size': 3, 'learning_rate': 0.06179171861061945}. Best is trial 40 with value: 5.220333576202393.
LOCAL_RANK: 0 - CUDA_VISIBLE_DEVICES: [0]
[I 2023-11-30 03:30:05,148] Trial 54 finished with value: 5.725404262542725 and parameters: {'gradient_clip_val': 0.2455915740393713, 'hidden_size': 84, 'dropout': 0.2056088878246172, 'hidden_continuous_size': 59, 'attention_head_size': 4, 'learning_rate': 0.043045983469215565}. Best is trial 40 with value: 5.220333576202393.
LOCAL_RANK: 0 - CUDA_VISIBLE_DEVICES: [0]
[I 2023-11-30 03:30:19,062] Trial 55 finished with value: 6.622003078460693 and parameters: {'gradient_clip_val': 0.2201409073022895, 'hidden_size': 74, 'dropout': 0.1844883503500629, 'hidden_continuous_size': 56, 'attention_head_size': 3, 'learning_rate': 0.06823045769292418}. Best is trial 40 with value: 5.220333576202393.
LOCAL_RANK: 0 - CUDA_VISIBLE_DEVICES: [0]
[I 2023-11-30 03:30:33,516] Trial 56 finished with value: 6.250484466552734 and parameters: {'gradient_clip_val': 0.2615414072443258, 'hidden_size': 136, 'dropout': 0.2109298036789581, 'hidden_continuous_size': 79, 'attention_head_size': 4, 'learning_rate': 0.054486492047187626}. Best is trial 40 with value: 5.220333576202393.
LOCAL_RANK: 0 - CUDA_VISIBLE_DEVICES: [0]
[I 2023-11-30 03:30:47,613] Trial 57 finished with value: 6.279707431793213 and parameters: {'gradient_clip_val': 0.16462267972020994, 'hidden_size': 101, 'dropout': 0.2251244544956111, 'hidden_continuous_size': 71, 'attention_head_size': 3, 'learning_rate': 0.08052675980440722}. Best is trial 40 with value: 5.220333576202393.
LOCAL_RANK: 0 - CUDA_VISIBLE_DEVICES: [0]
[I 2023-11-30 03:31:01,924] Trial 58 finished with value: 6.496389865875244 and parameters: {'gradient_clip_val': 0.3365284144429158, 'hidden_size': 111, 'dropout': 0.23797989342588, 'hidden_continuous_size': 79, 'attention_head_size': 3, 'learning_rate': 0.045495541083497924}. Best is trial 40 with value: 5.220333576202393.
LOCAL_RANK: 0 - CUDA_VISIBLE_DEVICES: [0]
[I 2023-11-30 03:31:15,468] Trial 59 finished with value: 6.694013595581055 and parameters: {'gradient_clip_val': 0.3914187248313357, 'hidden_size': 64, 'dropout': 0.19426456689001728, 'hidden_continuous_size': 55, 'attention_head_size': 2, 'learning_rate': 0.0702639725286514}. Best is trial 40 with value: 5.220333576202393.
LOCAL_RANK: 0 - CUDA_VISIBLE_DEVICES: [0]
[I 2023-11-30 03:31:29,361] Trial 60 finished with value: 7.5924553871154785 and parameters: {'gradient_clip_val': 0.29730523483896, 'hidden_size': 88, 'dropout': 0.20862311015658502, 'hidden_continuous_size': 49, 'attention_head_size': 4, 'learning_rate': 0.03151281668140522}. Best is trial 40 with value: 5.220333576202393.
LOCAL_RANK: 0 - CUDA_VISIBLE_DEVICES: [0]
[I 2023-11-30 03:31:43,927] Trial 61 finished with value: 5.908426761627197 and parameters: {'gradient_clip_val': 0.26368542518930677, 'hidden_size': 137, 'dropout': 0.17354239404496347, 'hidden_continuous_size': 94, 'attention_head_size': 3, 'learning_rate': 0.05164208623081975}. Best is trial 40 with value: 5.220333576202393.
LOCAL_RANK: 0 - CUDA_VISIBLE_DEVICES: [0]
[I 2023-11-30 03:31:58,450] Trial 62 finished with value: 6.162359714508057 and parameters: {'gradient_clip_val': 0.2756491886185085, 'hidden_size': 137, 'dropout': 0.1898107357174427, 'hidden_continuous_size': 119, 'attention_head_size': 3, 'learning_rate': 0.06002616084581146}. Best is trial 40 with value: 5.220333576202393.
LOCAL_RANK: 0 - CUDA_VISIBLE_DEVICES: [0]
[I 2023-11-30 03:32:12,837] Trial 63 finished with value: 6.656314849853516 and parameters: {'gradient_clip_val': 0.20336472185687057, 'hidden_size': 120, 'dropout': 0.16123467740411696, 'hidden_continuous_size': 95, 'attention_head_size': 3, 'learning_rate': 0.08146824974146112}. Best is trial 40 with value: 5.220333576202393.
LOCAL_RANK: 0 - CUDA_VISIBLE_DEVICES: [0]
[I 2023-11-30 03:32:27,330] Trial 64 finished with value: 7.209329128265381 and parameters: {'gradient_clip_val': 0.24630357876248915, 'hidden_size': 109, 'dropout': 0.18758887519836256, 'hidden_continuous_size': 85, 'attention_head_size': 3, 'learning_rate': 0.06430019516730262}. Best is trial 40 with value: 5.220333576202393.
LOCAL_RANK: 0 - CUDA_VISIBLE_DEVICES: [0]
[I 2023-11-30 03:32:41,518] Trial 65 finished with value: 6.845676422119141 and parameters: {'gradient_clip_val': 0.18249554258228082, 'hidden_size': 97, 'dropout': 0.25031790836396645, 'hidden_continuous_size': 76, 'attention_head_size': 2, 'learning_rate': 0.043193137694510025}. Best is trial 40 with value: 5.220333576202393.
LOCAL_RANK: 0 - CUDA_VISIBLE_DEVICES: [0]
[I 2023-11-30 03:32:55,534] Trial 66 finished with value: 6.817690372467041 and parameters: {'gradient_clip_val': 0.2893149447679108, 'hidden_size': 77, 'dropout': 0.2218568099988361, 'hidden_continuous_size': 69, 'attention_head_size': 3, 'learning_rate': 0.08854519039428191}. Best is trial 40 with value: 5.220333576202393.
LOCAL_RANK: 0 - CUDA_VISIBLE_DEVICES: [0]
[I 2023-11-30 03:33:10,013] Trial 67 finished with value: 5.4789299964904785 and parameters: {'gradient_clip_val': 0.23369355162422803, 'hidden_size': 127, 'dropout': 0.200605264999932, 'hidden_continuous_size': 104, 'attention_head_size': 3, 'learning_rate': 0.053671272674620095}. Best is trial 40 with value: 5.220333576202393.
LOCAL_RANK: 0 - CUDA_VISIBLE_DEVICES: [0]
[I 2023-11-30 03:33:24,688] Trial 68 finished with value: 6.790747165679932 and parameters: {'gradient_clip_val': 0.2146864290821949, 'hidden_size': 150, 'dropout': 0.20184437927713383, 'hidden_continuous_size': 102, 'attention_head_size': 2, 'learning_rate': 0.034871419591309835}. Best is trial 40 with value: 5.220333576202393.
LOCAL_RANK: 0 - CUDA_VISIBLE_DEVICES: [0]
[I 2023-11-30 03:33:38,863] Trial 69 finished with value: 6.148916244506836 and parameters: {'gradient_clip_val': 0.2323136064202684, 'hidden_size': 113, 'dropout': 0.21424020328293567, 'hidden_continuous_size': 88, 'attention_head_size': 1, 'learning_rate': 0.05387118802089477}. Best is trial 40 with value: 5.220333576202393.
LOCAL_RANK: 0 - CUDA_VISIBLE_DEVICES: [0]
[I 2023-11-30 03:33:53,711] Trial 70 finished with value: 5.467014789581299 and parameters: {'gradient_clip_val': 0.19293089998411977, 'hidden_size': 125, 'dropout': 0.23249800302577545, 'hidden_continuous_size': 97, 'attention_head_size': 4, 'learning_rate': 0.06762587695681493}. Best is trial 40 with value: 5.220333576202393.
LOCAL_RANK: 0 - CUDA_VISIBLE_DEVICES: [0]
[I 2023-11-30 03:34:08,169] Trial 71 finished with value: 5.895458221435547 and parameters: {'gradient_clip_val': 0.20003349990788888, 'hidden_size': 128, 'dropout': 0.23038245014570552, 'hidden_continuous_size': 93, 'attention_head_size': 4, 'learning_rate': 0.0641681382119125}. Best is trial 40 with value: 5.220333576202393.
LOCAL_RANK: 0 - CUDA_VISIBLE_DEVICES: [0]
[I 2023-11-30 03:34:22,957] Trial 72 finished with value: 6.139955520629883 and parameters: {'gradient_clip_val': 0.17758212023587536, 'hidden_size': 142, 'dropout': 0.2398469043615849, 'hidden_continuous_size': 116, 'attention_head_size': 4, 'learning_rate': 0.09941174414582277}. Best is trial 40 with value: 5.220333576202393.
LOCAL_RANK: 0 - CUDA_VISIBLE_DEVICES: [0]
[I 2023-11-30 03:34:37,455] Trial 73 finished with value: 6.197669982910156 and parameters: {'gradient_clip_val': 0.19121307674785282, 'hidden_size': 123, 'dropout': 0.2498700123234756, 'hidden_continuous_size': 96, 'attention_head_size': 4, 'learning_rate': 0.07126197029938773}. Best is trial 40 with value: 5.220333576202393.
LOCAL_RANK: 0 - CUDA_VISIBLE_DEVICES: [0]
[I 2023-11-30 03:34:51,763] Trial 74 finished with value: 7.238844394683838 and parameters: {'gradient_clip_val': 0.1550131161245044, 'hidden_size': 95, 'dropout': 0.26402677778369243, 'hidden_continuous_size': 82, 'attention_head_size': 4, 'learning_rate': 0.05140958583285305}. Best is trial 40 with value: 5.220333576202393.
LOCAL_RANK: 0 - CUDA_VISIBLE_DEVICES: [0]
[I 2023-11-30 03:35:06,348] Trial 75 finished with value: 5.685417175292969 and parameters: {'gradient_clip_val': 0.2360055478620847, 'hidden_size': 105, 'dropout': 0.2249056496892907, 'hidden_continuous_size': 89, 'attention_head_size': 4, 'learning_rate': 0.08589761286855634}. Best is trial 40 with value: 5.220333576202393.
LOCAL_RANK: 0 - CUDA_VISIBLE_DEVICES: [0]
[I 2023-11-30 03:35:20,280] Trial 76 finished with value: 5.620859622955322 and parameters: {'gradient_clip_val': 0.21279491082136281, 'hidden_size': 116, 'dropout': 0.2103655665325475, 'hidden_continuous_size': 63, 'attention_head_size': 3, 'learning_rate': 0.04628379063657579}. Best is trial 40 with value: 5.220333576202393.
LOCAL_RANK: 0 - CUDA_VISIBLE_DEVICES: [0]
[I 2023-11-30 03:35:34,558] Trial 77 finished with value: 7.572363376617432 and parameters: {'gradient_clip_val': 0.17541857375569686, 'hidden_size': 118, 'dropout': 0.20223080080142405, 'hidden_continuous_size': 62, 'attention_head_size': 4, 'learning_rate': 0.047602780893196875}. Best is trial 40 with value: 5.220333576202393.
LOCAL_RANK: 0 - CUDA_VISIBLE_DEVICES: [0]
[I 2023-11-30 03:35:48,900] Trial 78 finished with value: 7.249613285064697 and parameters: {'gradient_clip_val': 0.2120915175152487, 'hidden_size': 110, 'dropout': 0.2117362008913689, 'hidden_continuous_size': 75, 'attention_head_size': 3, 'learning_rate': 0.07684406539324415}. Best is trial 40 with value: 5.220333576202393.
LOCAL_RANK: 0 - CUDA_VISIBLE_DEVICES: [0]
[I 2023-11-30 03:36:03,554] Trial 79 finished with value: 5.613805294036865 and parameters: {'gradient_clip_val': 0.1862031162384465, 'hidden_size': 140, 'dropout': 0.19719061483153288, 'hidden_continuous_size': 126, 'attention_head_size': 3, 'learning_rate': 0.03789928737636482}. Best is trial 40 with value: 5.220333576202393.
LOCAL_RANK: 0 - CUDA_VISIBLE_DEVICES: [0]
[I 2023-11-30 03:36:18,485] Trial 80 finished with value: 5.619689464569092 and parameters: {'gradient_clip_val': 0.18713072784630436, 'hidden_size': 143, 'dropout': 0.180463876372984, 'hidden_continuous_size': 127, 'attention_head_size': 2, 'learning_rate': 0.06400864038355543}. Best is trial 40 with value: 5.220333576202393.
LOCAL_RANK: 0 - CUDA_VISIBLE_DEVICES: [0]
[I 2023-11-30 03:36:33,023] Trial 81 finished with value: 6.021293640136719 and parameters: {'gradient_clip_val': 0.1887059812119739, 'hidden_size': 143, 'dropout': 0.18419084458811674, 'hidden_continuous_size': 129, 'attention_head_size': 1, 'learning_rate': 0.06378432048949856}. Best is trial 40 with value: 5.220333576202393.
LOCAL_RANK: 0 - CUDA_VISIBLE_DEVICES: [0]
[I 2023-11-30 03:36:47,332] Trial 82 finished with value: 6.953250885009766 and parameters: {'gradient_clip_val': 0.1996421052265003, 'hidden_size': 132, 'dropout': 0.170733893939669, 'hidden_continuous_size': 105, 'attention_head_size': 2, 'learning_rate': 0.04041322314571037}. Best is trial 40 with value: 5.220333576202393.
LOCAL_RANK: 0 - CUDA_VISIBLE_DEVICES: [0]
[I 2023-11-30 03:36:58,245] Trial 83 finished with value: 6.571099758148193 and parameters: {'gradient_clip_val': 0.17172127635428466, 'hidden_size': 148, 'dropout': 0.19523976082010785, 'hidden_continuous_size': 148, 'attention_head_size': 1, 'learning_rate': 0.08911186148750212}. Best is trial 40 with value: 5.220333576202393.
LOCAL_RANK: 0 - CUDA_VISIBLE_DEVICES: [0]
[I 2023-11-30 03:37:12,863] Trial 84 finished with value: 6.411334991455078 and parameters: {'gradient_clip_val': 0.1631896223515584, 'hidden_size': 137, 'dropout': 0.155949286542175, 'hidden_continuous_size': 118, 'attention_head_size': 2, 'learning_rate': 0.07373774955287588}. Best is trial 40 with value: 5.220333576202393.
LOCAL_RANK: 0 - CUDA_VISIBLE_DEVICES: [0]
[I 2023-11-30 03:37:27,610] Trial 85 finished with value: 5.626471042633057 and parameters: {'gradient_clip_val': 0.18379499474089214, 'hidden_size': 127, 'dropout': 0.19753412214660923, 'hidden_continuous_size': 110, 'attention_head_size': 2, 'learning_rate': 0.06525549906117806}. Best is trial 40 with value: 5.220333576202393.
LOCAL_RANK: 0 - CUDA_VISIBLE_DEVICES: [0]
[I 2023-11-30 03:37:42,060] Trial 86 finished with value: 6.7390899658203125 and parameters: {'gradient_clip_val': 0.14503608248103977, 'hidden_size': 121, 'dropout': 0.17667472344460702, 'hidden_continuous_size': 102, 'attention_head_size': 3, 'learning_rate': 0.05640639519858092}. Best is trial 40 with value: 5.220333576202393.
LOCAL_RANK: 0 - CUDA_VISIBLE_DEVICES: [0]
[I 2023-11-30 03:37:56,874] Trial 87 finished with value: 5.669044017791748 and parameters: {'gradient_clip_val': 0.20657738225639527, 'hidden_size': 141, 'dropout': 0.18219100448139294, 'hidden_continuous_size': 122, 'attention_head_size': 4, 'learning_rate': 0.03568078633929994}. Best is trial 40 with value: 5.220333576202393.
LOCAL_RANK: 0 - CUDA_VISIBLE_DEVICES: [0]
[I 2023-11-30 03:38:11,007] Trial 88 finished with value: 6.09703254699707 and parameters: {'gradient_clip_val': 0.1957140736897609, 'hidden_size': 106, 'dropout': 0.21825330107627236, 'hidden_continuous_size': 96, 'attention_head_size': 1, 'learning_rate': 0.049836432829830225}. Best is trial 40 with value: 5.220333576202393.
LOCAL_RANK: 0 - CUDA_VISIBLE_DEVICES: [0]
[I 2023-11-30 03:38:25,597] Trial 89 finished with value: 5.41632080078125 and parameters: {'gradient_clip_val': 0.22199058983640788, 'hidden_size': 125, 'dropout': 0.17129537677732298, 'hidden_continuous_size': 110, 'attention_head_size': 3, 'learning_rate': 0.0770918148804583}. Best is trial 40 with value: 5.220333576202393.
LOCAL_RANK: 0 - CUDA_VISIBLE_DEVICES: [0]
[I 2023-11-30 03:38:40,266] Trial 90 finished with value: 5.512237548828125 and parameters: {'gradient_clip_val': 0.22273758717571215, 'hidden_size': 126, 'dropout': 0.1715037052049387, 'hidden_continuous_size': 106, 'attention_head_size': 3, 'learning_rate': 0.07903727321599349}. Best is trial 40 with value: 5.220333576202393.
LOCAL_RANK: 0 - CUDA_VISIBLE_DEVICES: [0]
[I 2023-11-30 03:38:54,665] Trial 91 finished with value: 6.241472244262695 and parameters: {'gradient_clip_val': 0.22373092819747323, 'hidden_size': 126, 'dropout': 0.16814900665845842, 'hidden_continuous_size': 110, 'attention_head_size': 3, 'learning_rate': 0.07875121961836497}. Best is trial 40 with value: 5.220333576202393.
LOCAL_RANK: 0 - CUDA_VISIBLE_DEVICES: [0]
[I 2023-11-30 03:39:09,044] Trial 92 finished with value: 6.474724292755127 and parameters: {'gradient_clip_val': 0.22399773185184485, 'hidden_size': 113, 'dropout': 0.17390196435596955, 'hidden_continuous_size': 99, 'attention_head_size': 3, 'learning_rate': 0.09134025848660782}. Best is trial 40 with value: 5.220333576202393.
LOCAL_RANK: 0 - CUDA_VISIBLE_DEVICES: [0]
[I 2023-11-30 03:39:23,592] Trial 93 finished with value: 7.746007919311523 and parameters: {'gradient_clip_val': 0.2509050098620308, 'hidden_size': 131, 'dropout': 0.15940181782761284, 'hidden_continuous_size': 109, 'attention_head_size': 3, 'learning_rate': 0.07541555105120719}. Best is trial 40 with value: 5.220333576202393.
LOCAL_RANK: 0 - CUDA_VISIBLE_DEVICES: [0]
[I 2023-11-30 03:39:37,972] Trial 94 finished with value: 5.477954864501953 and parameters: {'gradient_clip_val': 0.23629330086605682, 'hidden_size': 86, 'dropout': 0.1499707104017728, 'hidden_continuous_size': 82, 'attention_head_size': 3, 'learning_rate': 0.057907278410708835}. Best is trial 40 with value: 5.220333576202393.
LOCAL_RANK: 0 - CUDA_VISIBLE_DEVICES: [0]
