[I 2023-11-30 04:06:42,922] Trial 61 finished with value: 131.85105895996094 and parameters: {'gradient_clip_val': 0.1477470767578386, 'hidden_size': 82, 'dropout': 0.2816376485862929, 'hidden_continuous_size': 20, 'attention_head_size': 2, 'learning_rate': 0.02147150738188447}. Best is trial 24 with value: 95.46454620361328.
LOCAL_RANK: 0 - CUDA_VISIBLE_DEVICES: [0]
[I 2023-11-30 04:06:56,375] Trial 62 finished with value: 108.59201049804688 and parameters: {'gradient_clip_val': 0.1423163513514736, 'hidden_size': 74, 'dropout': 0.3884041285143282, 'hidden_continuous_size': 18, 'attention_head_size': 2, 'learning_rate': 0.021090039820127447}. Best is trial 24 with value: 95.46454620361328.
LOCAL_RANK: 0 - CUDA_VISIBLE_DEVICES: [0]
[I 2023-11-30 04:07:10,384] Trial 63 finished with value: 129.33428955078125 and parameters: {'gradient_clip_val': 0.15479858807266983, 'hidden_size': 131, 'dropout': 0.3283598386844731, 'hidden_continuous_size': 24, 'attention_head_size': 2, 'learning_rate': 0.017524985313838795}. Best is trial 24 with value: 95.46454620361328.
LOCAL_RANK: 0 - CUDA_VISIBLE_DEVICES: [0]
[I 2023-11-30 04:07:23,879] Trial 64 finished with value: 98.86444091796875 and parameters: {'gradient_clip_val': 0.13541873283718106, 'hidden_size': 104, 'dropout': 0.3547241599990047, 'hidden_continuous_size': 22, 'attention_head_size': 2, 'learning_rate': 0.010256290344509273}. Best is trial 24 with value: 95.46454620361328.
LOCAL_RANK: 0 - CUDA_VISIBLE_DEVICES: [0]
[I 2023-11-30 04:07:37,374] Trial 65 finished with value: 102.03570556640625 and parameters: {'gradient_clip_val': 0.16969965843920434, 'hidden_size': 91, 'dropout': 0.3114674741763222, 'hidden_continuous_size': 16, 'attention_head_size': 2, 'learning_rate': 0.014692413664860408}. Best is trial 24 with value: 95.46454620361328.
LOCAL_RANK: 0 - CUDA_VISIBLE_DEVICES: [0]
[I 2023-11-30 04:07:51,318] Trial 66 finished with value: 126.6537857055664 and parameters: {'gradient_clip_val': 0.1067704325741437, 'hidden_size': 117, 'dropout': 0.29399205623598984, 'hidden_continuous_size': 15, 'attention_head_size': 2, 'learning_rate': 0.019586666933990932}. Best is trial 24 with value: 95.46454620361328.
LOCAL_RANK: 0 - CUDA_VISIBLE_DEVICES: [0]
[I 2023-11-30 04:08:04,678] Trial 67 finished with value: 101.89786529541016 and parameters: {'gradient_clip_val': 0.11980073723010712, 'hidden_size': 76, 'dropout': 0.24706382290448706, 'hidden_continuous_size': 21, 'attention_head_size': 2, 'learning_rate': 0.012462286278039797}. Best is trial 24 with value: 95.46454620361328.
LOCAL_RANK: 0 - CUDA_VISIBLE_DEVICES: [0]
[I 2023-11-30 04:08:18,460] Trial 68 finished with value: 103.66278076171875 and parameters: {'gradient_clip_val': 0.11470584242142541, 'hidden_size': 102, 'dropout': 0.3194226416300465, 'hidden_continuous_size': 26, 'attention_head_size': 3, 'learning_rate': 0.016062042782439032}. Best is trial 24 with value: 95.46454620361328.
LOCAL_RANK: 0 - CUDA_VISIBLE_DEVICES: [0]
[I 2023-11-30 04:08:31,788] Trial 69 finished with value: 112.51714324951172 and parameters: {'gradient_clip_val': 0.1895246434027672, 'hidden_size': 69, 'dropout': 0.37348025013245145, 'hidden_continuous_size': 18, 'attention_head_size': 2, 'learning_rate': 0.026678471253159246}. Best is trial 24 with value: 95.46454620361328.
LOCAL_RANK: 0 - CUDA_VISIBLE_DEVICES: [0]
[I 2023-11-30 04:08:45,525] Trial 70 finished with value: 136.93312072753906 and parameters: {'gradient_clip_val': 0.1500865022228033, 'hidden_size': 118, 'dropout': 0.33536708733515613, 'hidden_continuous_size': 14, 'attention_head_size': 2, 'learning_rate': 0.010870695314175699}. Best is trial 24 with value: 95.46454620361328.
LOCAL_RANK: 0 - CUDA_VISIBLE_DEVICES: [0]
[I 2023-11-30 04:08:59,488] Trial 71 finished with value: 100.3463134765625 and parameters: {'gradient_clip_val': 0.13903183359722945, 'hidden_size': 103, 'dropout': 0.3531604277708695, 'hidden_continuous_size': 22, 'attention_head_size': 2, 'learning_rate': 0.009489801380177174}. Best is trial 24 with value: 95.46454620361328.
LOCAL_RANK: 0 - CUDA_VISIBLE_DEVICES: [0]
[I 2023-11-30 04:09:12,867] Trial 72 finished with value: 98.84200286865234 and parameters: {'gradient_clip_val': 0.1301484186080507, 'hidden_size': 88, 'dropout': 0.35757657459000014, 'hidden_continuous_size': 20, 'attention_head_size': 2, 'learning_rate': 0.01381376368585249}. Best is trial 24 with value: 95.46454620361328.
LOCAL_RANK: 0 - CUDA_VISIBLE_DEVICES: [0]
[I 2023-11-30 04:09:26,323] Trial 73 finished with value: 100.216796875 and parameters: {'gradient_clip_val': 0.12365536247144786, 'hidden_size': 87, 'dropout': 0.3890837164425726, 'hidden_continuous_size': 20, 'attention_head_size': 2, 'learning_rate': 0.013597257653684386}. Best is trial 24 with value: 95.46454620361328.
LOCAL_RANK: 0 - CUDA_VISIBLE_DEVICES: [0]
[I 2023-11-30 04:09:39,664] Trial 74 finished with value: 106.66190338134766 and parameters: {'gradient_clip_val': 0.12925161815378125, 'hidden_size': 78, 'dropout': 0.3043730235904674, 'hidden_continuous_size': 16, 'attention_head_size': 2, 'learning_rate': 0.02145045653949398}. Best is trial 24 with value: 95.46454620361328.
LOCAL_RANK: 0 - CUDA_VISIBLE_DEVICES: [0]
[I 2023-11-30 04:09:53,793] Trial 75 finished with value: 109.30340576171875 and parameters: {'gradient_clip_val': 0.16375724476610387, 'hidden_size': 137, 'dropout': 0.3803373125365824, 'hidden_continuous_size': 31, 'attention_head_size': 2, 'learning_rate': 0.01492765227398698}. Best is trial 24 with value: 95.46454620361328.
LOCAL_RANK: 0 - CUDA_VISIBLE_DEVICES: [0]
[I 2023-11-30 04:10:07,605] Trial 76 finished with value: 129.70738220214844 and parameters: {'gradient_clip_val': 0.11694601002091479, 'hidden_size': 97, 'dropout': 0.34521372034563763, 'hidden_continuous_size': 24, 'attention_head_size': 2, 'learning_rate': 0.011542825106099474}. Best is trial 24 with value: 95.46454620361328.
LOCAL_RANK: 0 - CUDA_VISIBLE_DEVICES: [0]
[I 2023-11-30 04:10:21,587] Trial 77 finished with value: 98.6018295288086 and parameters: {'gradient_clip_val': 0.10559301197148281, 'hidden_size': 114, 'dropout': 0.32417891759970285, 'hidden_continuous_size': 35, 'attention_head_size': 3, 'learning_rate': 0.017945212346342426}. Best is trial 24 with value: 95.46454620361328.
LOCAL_RANK: 0 - CUDA_VISIBLE_DEVICES: [0]
[I 2023-11-30 04:10:35,614] Trial 78 finished with value: 102.6427230834961 and parameters: {'gradient_clip_val': 0.10395335003846878, 'hidden_size': 115, 'dropout': 0.3183128957328248, 'hidden_continuous_size': 35, 'attention_head_size': 3, 'learning_rate': 0.01903312252440075}. Best is trial 24 with value: 95.46454620361328.
LOCAL_RANK: 0 - CUDA_VISIBLE_DEVICES: [0]
[I 2023-11-30 04:10:49,854] Trial 79 finished with value: 126.86072540283203 and parameters: {'gradient_clip_val': 0.11106663788442737, 'hidden_size': 127, 'dropout': 0.29131940440164533, 'hidden_continuous_size': 40, 'attention_head_size': 4, 'learning_rate': 0.017394972160214163}. Best is trial 24 with value: 95.46454620361328.
LOCAL_RANK: 0 - CUDA_VISIBLE_DEVICES: [0]
[I 2023-11-30 04:11:03,506] Trial 80 finished with value: 102.6951904296875 and parameters: {'gradient_clip_val': 0.10119297508773575, 'hidden_size': 109, 'dropout': 0.3035540315428753, 'hidden_continuous_size': 15, 'attention_head_size': 3, 'learning_rate': 0.022870229893417464}. Best is trial 24 with value: 95.46454620361328.
LOCAL_RANK: 0 - CUDA_VISIBLE_DEVICES: [0]
[I 2023-11-30 04:11:16,954] Trial 81 finished with value: 107.32938385009766 and parameters: {'gradient_clip_val': 0.12639283441847907, 'hidden_size': 90, 'dropout': 0.32647822390027176, 'hidden_continuous_size': 17, 'attention_head_size': 3, 'learning_rate': 0.015367069372304762}. Best is trial 24 with value: 95.46454620361328.
LOCAL_RANK: 0 - CUDA_VISIBLE_DEVICES: [0]
[I 2023-11-30 04:11:30,650] Trial 82 finished with value: 122.20899200439453 and parameters: {'gradient_clip_val': 0.13641088699737638, 'hidden_size': 81, 'dropout': 0.37046084607266766, 'hidden_continuous_size': 19, 'attention_head_size': 2, 'learning_rate': 0.013440274317212772}. Best is trial 24 with value: 95.46454620361328.
LOCAL_RANK: 0 - CUDA_VISIBLE_DEVICES: [0]
[I 2023-11-30 04:11:44,748] Trial 83 finished with value: 124.77151489257812 and parameters: {'gradient_clip_val': 0.15016615121471316, 'hidden_size': 143, 'dropout': 0.3132797550687692, 'hidden_continuous_size': 28, 'attention_head_size': 2, 'learning_rate': 0.018276708037622512}. Best is trial 24 with value: 95.46454620361328.
LOCAL_RANK: 0 - CUDA_VISIBLE_DEVICES: [0]
[I 2023-11-30 04:11:58,092] Trial 84 finished with value: 121.47228240966797 and parameters: {'gradient_clip_val': 0.12043810434176691, 'hidden_size': 97, 'dropout': 0.33843177752643544, 'hidden_continuous_size': 18, 'attention_head_size': 2, 'learning_rate': 0.023713302971806842}. Best is trial 24 with value: 95.46454620361328.
LOCAL_RANK: 0 - CUDA_VISIBLE_DEVICES: [0]
[I 2023-11-30 04:12:11,818] Trial 85 finished with value: 98.856689453125 and parameters: {'gradient_clip_val': 0.1062717495784431, 'hidden_size': 120, 'dropout': 0.3561392873312392, 'hidden_continuous_size': 21, 'attention_head_size': 3, 'learning_rate': 0.016529296400830205}. Best is trial 24 with value: 95.46454620361328.
LOCAL_RANK: 0 - CUDA_VISIBLE_DEVICES: [0]
[I 2023-11-30 04:12:25,805] Trial 86 finished with value: 124.1661605834961 and parameters: {'gradient_clip_val': 0.11467989600672866, 'hidden_size': 132, 'dropout': 0.39327135731398455, 'hidden_continuous_size': 25, 'attention_head_size': 2, 'learning_rate': 0.011955976176183243}. Best is trial 24 with value: 95.46454620361328.
LOCAL_RANK: 0 - CUDA_VISIBLE_DEVICES: [0]
[I 2023-11-30 04:12:39,189] Trial 87 finished with value: 121.1988754272461 and parameters: {'gradient_clip_val': 0.1359290267866582, 'hidden_size': 90, 'dropout': 0.3488867295348035, 'hidden_continuous_size': 16, 'attention_head_size': 2, 'learning_rate': 0.020025199393959667}. Best is trial 24 with value: 95.46454620361328.
LOCAL_RANK: 0 - CUDA_VISIBLE_DEVICES: [0]
[I 2023-11-30 04:12:52,544] Trial 88 finished with value: 101.84539794921875 and parameters: {'gradient_clip_val': 0.12590675021661896, 'hidden_size': 70, 'dropout': 0.38292034470231034, 'hidden_continuous_size': 20, 'attention_head_size': 2, 'learning_rate': 0.02892235427613713}. Best is trial 24 with value: 95.46454620361328.
LOCAL_RANK: 0 - CUDA_VISIBLE_DEVICES: [0]
[I 2023-11-30 04:13:06,123] Trial 89 finished with value: 108.3056640625 and parameters: {'gradient_clip_val': 0.172936824859569, 'hidden_size': 108, 'dropout': 0.35967469496491766, 'hidden_continuous_size': 23, 'attention_head_size': 2, 'learning_rate': 0.01042296920924049}. Best is trial 24 with value: 95.46454620361328.
LOCAL_RANK: 0 - CUDA_VISIBLE_DEVICES: [0]
[I 2023-11-30 04:13:19,703] Trial 90 finished with value: 120.8041000366211 and parameters: {'gradient_clip_val': 0.14501369217712592, 'hidden_size': 87, 'dropout': 0.33137236228865585, 'hidden_continuous_size': 19, 'attention_head_size': 4, 'learning_rate': 0.01408047009444869}. Best is trial 24 with value: 95.46454620361328.
LOCAL_RANK: 0 - CUDA_VISIBLE_DEVICES: [0]
[I 2023-11-30 04:13:33,375] Trial 91 finished with value: 98.47469329833984 and parameters: {'gradient_clip_val': 0.10455290771965832, 'hidden_size': 120, 'dropout': 0.3584294511976342, 'hidden_continuous_size': 21, 'attention_head_size': 3, 'learning_rate': 0.01662156033482451}. Best is trial 24 with value: 95.46454620361328.
LOCAL_RANK: 0 - CUDA_VISIBLE_DEVICES: [0]
[I 2023-11-30 04:13:47,471] Trial 92 finished with value: 147.69744873046875 and parameters: {'gradient_clip_val': 0.11511525760512467, 'hidden_size': 126, 'dropout': 0.3760133039315153, 'hidden_continuous_size': 17, 'attention_head_size': 3, 'learning_rate': 0.016146315854004653}. Best is trial 24 with value: 95.46454620361328.
LOCAL_RANK: 0 - CUDA_VISIBLE_DEVICES: [0]
[I 2023-11-30 04:14:01,492] Trial 93 finished with value: 127.99932098388672 and parameters: {'gradient_clip_val': 0.10655586332120752, 'hidden_size': 136, 'dropout': 0.34037334590316903, 'hidden_continuous_size': 21, 'attention_head_size': 3, 'learning_rate': 0.01796425654844991}. Best is trial 24 with value: 95.46454620361328.
LOCAL_RANK: 0 - CUDA_VISIBLE_DEVICES: [0]
[I 2023-11-30 04:14:15,390] Trial 94 finished with value: 93.6224365234375 and parameters: {'gradient_clip_val': 0.10086053455499891, 'hidden_size': 114, 'dropout': 0.36877612895128087, 'hidden_continuous_size': 18, 'attention_head_size': 3, 'learning_rate': 0.012951857633021166}. Best is trial 94 with value: 93.6224365234375.
LOCAL_RANK: 0 - CUDA_VISIBLE_DEVICES: [0]
[I 2023-11-30 04:14:29,115] Trial 95 finished with value: 93.7575454711914 and parameters: {'gradient_clip_val': 0.104895136209955, 'hidden_size': 116, 'dropout': 0.3684640076458997, 'hidden_continuous_size': 14, 'attention_head_size': 3, 'learning_rate': 0.011390476646059172}. Best is trial 94 with value: 93.6224365234375.
LOCAL_RANK: 0 - CUDA_VISIBLE_DEVICES: [0]
[I 2023-11-30 04:14:42,895] Trial 96 finished with value: 140.54441833496094 and parameters: {'gradient_clip_val': 0.10170234619124557, 'hidden_size': 115, 'dropout': 0.36759817566712893, 'hidden_continuous_size': 14, 'attention_head_size': 3, 'learning_rate': 0.00878242469908751}. Best is trial 94 with value: 93.6224365234375.
LOCAL_RANK: 0 - CUDA_VISIBLE_DEVICES: [0]
[I 2023-11-30 04:14:57,209] Trial 97 finished with value: 105.7118148803711 and parameters: {'gradient_clip_val': 0.10886852415956919, 'hidden_size': 142, 'dropout': 0.349695421196739, 'hidden_continuous_size': 13, 'attention_head_size': 3, 'learning_rate': 0.011441987775791817}. Best is trial 94 with value: 93.6224365234375.
LOCAL_RANK: 0 - CUDA_VISIBLE_DEVICES: [0]
[I 2023-11-30 04:15:11,358] Trial 98 finished with value: 102.94464111328125 and parameters: {'gradient_clip_val': 0.10059694573024867, 'hidden_size': 150, 'dropout': 0.2998768523598786, 'hidden_continuous_size': 12, 'attention_head_size': 3, 'learning_rate': 0.012692568282895483}. Best is trial 94 with value: 93.6224365234375.
LOCAL_RANK: 0 - CUDA_VISIBLE_DEVICES: [0]
[I 2023-11-30 04:15:25,022] Trial 99 finished with value: 101.4253158569336 and parameters: {'gradient_clip_val': 0.11551709919769823, 'hidden_size': 120, 'dropout': 0.3228326309636483, 'hidden_continuous_size': 15, 'attention_head_size': 3, 'learning_rate': 0.00953820100754594}. Best is trial 94 with value: 93.6224365234375.
LOCAL_RANK: 0 - CUDA_VISIBLE_DEVICES: [0]
[I 2023-11-30 04:15:39,181] Trial 100 finished with value: 111.6474380493164 and parameters: {'gradient_clip_val': 0.10848332764893065, 'hidden_size': 130, 'dropout': 0.39631473743740864, 'hidden_continuous_size': 38, 'attention_head_size': 3, 'learning_rate': 0.014964613197956797}. Best is trial 94 with value: 93.6224365234375.
LOCAL_RANK: 0 - CUDA_VISIBLE_DEVICES: [0]
[I 2023-11-30 04:15:52,775] Trial 101 finished with value: 102.1279525756836 and parameters: {'gradient_clip_val': 0.11838066752061624, 'hidden_size': 103, 'dropout': 0.3691958258654121, 'hidden_continuous_size': 16, 'attention_head_size': 3, 'learning_rate': 0.02141170422836284}. Best is trial 94 with value: 93.6224365234375.
LOCAL_RANK: 0 - CUDA_VISIBLE_DEVICES: [0]
[I 2023-11-30 04:16:06,688] Trial 102 finished with value: 127.71280670166016 and parameters: {'gradient_clip_val': 0.12331411416588897, 'hidden_size': 109, 'dropout': 0.37823532982701663, 'hidden_continuous_size': 18, 'attention_head_size': 3, 'learning_rate': 0.01933237503943056}. Best is trial 94 with value: 93.6224365234375.
LOCAL_RANK: 0 - CUDA_VISIBLE_DEVICES: [0]
[I 2023-11-30 04:16:20,336] Trial 103 finished with value: 94.8392333984375 and parameters: {'gradient_clip_val': 0.10564045274623736, 'hidden_size': 124, 'dropout': 0.38473665125766343, 'hidden_continuous_size': 14, 'attention_head_size': 3, 'learning_rate': 0.016112050939175226}. Best is trial 94 with value: 93.6224365234375.
LOCAL_RANK: 0 - CUDA_VISIBLE_DEVICES: [0]
[I 2023-11-30 04:16:34,202] Trial 104 finished with value: 120.62081909179688 and parameters: {'gradient_clip_val': 0.10001143248991796, 'hidden_size': 123, 'dropout': 0.39130578574660047, 'hidden_continuous_size': 14, 'attention_head_size': 3, 'learning_rate': 0.012908466500817482}. Best is trial 94 with value: 93.6224365234375.
LOCAL_RANK: 0 - CUDA_VISIBLE_DEVICES: [0]
[I 2023-11-30 04:16:48,150] Trial 105 finished with value: 114.8216781616211 and parameters: {'gradient_clip_val': 0.11231545719473233, 'hidden_size': 140, 'dropout': 0.38286882890699464, 'hidden_continuous_size': 13, 'attention_head_size': 3, 'learning_rate': 0.016131292259284988}. Best is trial 94 with value: 93.6224365234375.
LOCAL_RANK: 0 - CUDA_VISIBLE_DEVICES: [0]
[I 2023-11-30 04:17:02,009] Trial 106 finished with value: 131.40147399902344 and parameters: {'gradient_clip_val': 0.10535419586970692, 'hidden_size': 118, 'dropout': 0.359642390989111, 'hidden_continuous_size': 17, 'attention_head_size': 3, 'learning_rate': 0.010616506070560186}. Best is trial 94 with value: 93.6224365234375.
LOCAL_RANK: 0 - CUDA_VISIBLE_DEVICES: [0]
[I 2023-11-30 04:17:15,675] Trial 107 finished with value: 107.10298919677734 and parameters: {'gradient_clip_val': 0.10529928130778472, 'hidden_size': 100, 'dropout': 0.31373927248313993, 'hidden_continuous_size': 15, 'attention_head_size': 3, 'learning_rate': 0.014539518053189721}. Best is trial 94 with value: 93.6224365234375.
LOCAL_RANK: 0 - CUDA_VISIBLE_DEVICES: [0]
[I 2023-11-30 04:17:29,463] Trial 108 finished with value: 136.58460998535156 and parameters: {'gradient_clip_val': 0.11121084986816421, 'hidden_size': 113, 'dropout': 0.3856218193529961, 'hidden_continuous_size': 16, 'attention_head_size': 3, 'learning_rate': 0.011519595218412278}. Best is trial 94 with value: 93.6224365234375.
LOCAL_RANK: 0 - CUDA_VISIBLE_DEVICES: [0]
[I 2023-11-30 04:17:43,485] Trial 109 finished with value: 129.0437469482422 and parameters: {'gradient_clip_val': 0.11934883903531383, 'hidden_size': 131, 'dropout': 0.3717277872134662, 'hidden_continuous_size': 14, 'attention_head_size': 3, 'learning_rate': 0.017194562629856962}. Best is trial 94 with value: 93.6224365234375.
LOCAL_RANK: 0 - CUDA_VISIBLE_DEVICES: [0]
[I 2023-11-30 04:17:57,109] Trial 110 finished with value: 96.93450927734375 and parameters: {'gradient_clip_val': 0.1381406879225663, 'hidden_size': 94, 'dropout': 0.3652969937022155, 'hidden_continuous_size': 17, 'attention_head_size': 3, 'learning_rate': 0.012915539802158397}. Best is trial 94 with value: 93.6224365234375.
LOCAL_RANK: 0 - CUDA_VISIBLE_DEVICES: [0]
[I 2023-11-30 04:18:10,438] Trial 111 finished with value: 132.9496612548828 and parameters: {'gradient_clip_val': 0.1312531334420497, 'hidden_size': 96, 'dropout': 0.34697464401451683, 'hidden_continuous_size': 17, 'attention_head_size': 3, 'learning_rate': 0.012609767743706932}. Best is trial 94 with value: 93.6224365234375.
LOCAL_RANK: 0 - CUDA_VISIBLE_DEVICES: [0]
[I 2023-11-30 04:18:24,345] Trial 112 finished with value: 121.68023681640625 and parameters: {'gradient_clip_val': 0.13982555860684273, 'hidden_size': 107, 'dropout': 0.36446420414081526, 'hidden_continuous_size': 19, 'attention_head_size': 3, 'learning_rate': 0.015358564768562476}. Best is trial 94 with value: 93.6224365234375.
LOCAL_RANK: 0 - CUDA_VISIBLE_DEVICES: [0]
[I 2023-11-30 04:18:38,231] Trial 113 finished with value: 136.26953125 and parameters: {'gradient_clip_val': 0.1557467809616584, 'hidden_size': 124, 'dropout': 0.39392563302151096, 'hidden_continuous_size': 18, 'attention_head_size': 3, 'learning_rate': 0.013736576624083117}. Best is trial 94 with value: 93.6224365234375.
LOCAL_RANK: 0 - CUDA_VISIBLE_DEVICES: [0]
[I 2023-11-30 04:18:51,816] Trial 114 finished with value: 97.27921295166016 and parameters: {'gradient_clip_val': 0.105127018867917, 'hidden_size': 113, 'dropout': 0.3346318729329894, 'hidden_continuous_size': 15, 'attention_head_size': 3, 'learning_rate': 0.01920480510698172}. Best is trial 94 with value: 93.6224365234375.
LOCAL_RANK: 0 - CUDA_VISIBLE_DEVICES: [0]
[I 2023-11-30 04:19:05,465] Trial 115 finished with value: 106.0419921875 and parameters: {'gradient_clip_val': 0.12689368426408942, 'hidden_size': 93, 'dropout': 0.3363569171621172, 'hidden_continuous_size': 16, 'attention_head_size': 3, 'learning_rate': 0.0101082213571412}. Best is trial 94 with value: 93.6224365234375.
LOCAL_RANK: 0 - CUDA_VISIBLE_DEVICES: [0]
[I 2023-11-30 04:19:18,986] Trial 116 finished with value: 115.08392333984375 and parameters: {'gradient_clip_val': 0.11316785361709442, 'hidden_size': 101, 'dropout': 0.3609603262160319, 'hidden_continuous_size': 15, 'attention_head_size': 3, 'learning_rate': 0.02026619169322736}. Best is trial 94 with value: 93.6224365234375.
LOCAL_RANK: 0 - CUDA_VISIBLE_DEVICES: [0]
[I 2023-11-30 04:19:33,091] Trial 117 finished with value: 97.658203125 and parameters: {'gradient_clip_val': 0.13595200096668797, 'hidden_size': 140, 'dropout': 0.3535347714228507, 'hidden_continuous_size': 13, 'attention_head_size': 3, 'learning_rate': 0.007568336109329848}. Best is trial 94 with value: 93.6224365234375.
LOCAL_RANK: 0 - CUDA_VISIBLE_DEVICES: [0]
[I 2023-11-30 04:19:47,245] Trial 118 finished with value: 106.18600463867188 and parameters: {'gradient_clip_val': 0.13588551595052897, 'hidden_size': 139, 'dropout': 0.35251943175382294, 'hidden_continuous_size': 13, 'attention_head_size': 4, 'learning_rate': 0.007490022232969289}. Best is trial 94 with value: 93.6224365234375.
LOCAL_RANK: 0 - CUDA_VISIBLE_DEVICES: [0]
[I 2023-11-30 04:20:01,472] Trial 119 finished with value: 129.9122772216797 and parameters: {'gradient_clip_val': 0.16367109281083864, 'hidden_size': 150, 'dropout': 0.3075138943874195, 'hidden_continuous_size': 12, 'attention_head_size': 3, 'learning_rate': 0.006890814937920769}. Best is trial 94 with value: 93.6224365234375.
LOCAL_RANK: 0 - CUDA_VISIBLE_DEVICES: [0]
