[I 2023-11-29 22:42:19,821] Trial 101 finished with value: 7.612434387207031 and parameters: {'gradient_clip_val': 0.16969629039037915, 'hidden_size': 42, 'dropout': 0.32843711677959114, 'hidden_continuous_size': 31, 'attention_head_size': 2, 'learning_rate': 0.053905976761883884}. Best is trial 55 with value: 6.251669406890869.
LOCAL_RANK: 0 - CUDA_VISIBLE_DEVICES: [0]
[I 2023-11-29 22:42:32,590] Trial 102 finished with value: 7.444797992706299 and parameters: {'gradient_clip_val': 0.14658961631762862, 'hidden_size': 44, 'dropout': 0.30937317725790786, 'hidden_continuous_size': 32, 'attention_head_size': 2, 'learning_rate': 0.06047153021599617}. Best is trial 55 with value: 6.251669406890869.
LOCAL_RANK: 0 - CUDA_VISIBLE_DEVICES: [0]
[I 2023-11-29 22:42:45,878] Trial 103 finished with value: 9.166634559631348 and parameters: {'gradient_clip_val': 0.15582918494470743, 'hidden_size': 50, 'dropout': 0.3181901028406261, 'hidden_continuous_size': 34, 'attention_head_size': 2, 'learning_rate': 0.042870252200899565}. Best is trial 55 with value: 6.251669406890869.
LOCAL_RANK: 0 - CUDA_VISIBLE_DEVICES: [0]
[I 2023-11-29 22:42:58,568] Trial 104 finished with value: 7.6125969886779785 and parameters: {'gradient_clip_val': 0.12806333156457644, 'hidden_size': 40, 'dropout': 0.2941138930296825, 'hidden_continuous_size': 35, 'attention_head_size': 2, 'learning_rate': 0.04888298234090442}. Best is trial 55 with value: 6.251669406890869.
LOCAL_RANK: 0 - CUDA_VISIBLE_DEVICES: [0]
[I 2023-11-29 22:43:11,606] Trial 105 finished with value: 8.187272071838379 and parameters: {'gradient_clip_val': 0.20103142552930595, 'hidden_size': 37, 'dropout': 0.3021736120520907, 'hidden_continuous_size': 34, 'attention_head_size': 3, 'learning_rate': 0.09091107383430211}. Best is trial 55 with value: 6.251669406890869.
LOCAL_RANK: 0 - CUDA_VISIBLE_DEVICES: [0]
[I 2023-11-29 22:43:24,503] Trial 106 finished with value: 8.977614402770996 and parameters: {'gradient_clip_val': 0.1369201084970286, 'hidden_size': 46, 'dropout': 0.3231849368734431, 'hidden_continuous_size': 26, 'attention_head_size': 2, 'learning_rate': 0.07070301631227971}. Best is trial 55 with value: 6.251669406890869.
LOCAL_RANK: 0 - CUDA_VISIBLE_DEVICES: [0]
[I 2023-11-29 22:43:37,682] Trial 107 finished with value: 7.095767974853516 and parameters: {'gradient_clip_val': 0.18601079946930615, 'hidden_size': 51, 'dropout': 0.3405119975595472, 'hidden_continuous_size': 30, 'attention_head_size': 3, 'learning_rate': 0.0822531478250851}. Best is trial 55 with value: 6.251669406890869.
LOCAL_RANK: 0 - CUDA_VISIBLE_DEVICES: [0]
[I 2023-11-29 22:43:51,065] Trial 108 finished with value: 6.876438140869141 and parameters: {'gradient_clip_val': 0.1761949397092674, 'hidden_size': 55, 'dropout': 0.3353937030114704, 'hidden_continuous_size': 44, 'attention_head_size': 3, 'learning_rate': 0.0847780673926082}. Best is trial 55 with value: 6.251669406890869.
LOCAL_RANK: 0 - CUDA_VISIBLE_DEVICES: [0]
[I 2023-11-29 22:44:04,482] Trial 109 finished with value: 8.472943305969238 and parameters: {'gradient_clip_val': 0.18940017438116055, 'hidden_size': 54, 'dropout': 0.3385355666628782, 'hidden_continuous_size': 38, 'attention_head_size': 3, 'learning_rate': 0.08256349044938101}. Best is trial 55 with value: 6.251669406890869.
LOCAL_RANK: 0 - CUDA_VISIBLE_DEVICES: [0]
[I 2023-11-29 22:44:18,123] Trial 110 finished with value: 7.673983097076416 and parameters: {'gradient_clip_val': 0.22116223928283638, 'hidden_size': 61, 'dropout': 0.34876494270333214, 'hidden_continuous_size': 48, 'attention_head_size': 3, 'learning_rate': 0.0644114959234921}. Best is trial 55 with value: 6.251669406890869.
LOCAL_RANK: 0 - CUDA_VISIBLE_DEVICES: [0]
[I 2023-11-29 22:44:31,469] Trial 111 finished with value: 7.84445333480835 and parameters: {'gradient_clip_val': 0.17590466090459467, 'hidden_size': 51, 'dropout': 0.3230641283141845, 'hidden_continuous_size': 44, 'attention_head_size': 3, 'learning_rate': 0.09743456342684831}. Best is trial 55 with value: 6.251669406890869.
LOCAL_RANK: 0 - CUDA_VISIBLE_DEVICES: [0]
[I 2023-11-29 22:44:44,844] Trial 112 finished with value: 7.464759826660156 and parameters: {'gradient_clip_val': 0.20238235925663198, 'hidden_size': 56, 'dropout': 0.28304026564257784, 'hidden_continuous_size': 49, 'attention_head_size': 3, 'learning_rate': 0.07554880281736016}. Best is trial 55 with value: 6.251669406890869.
LOCAL_RANK: 0 - CUDA_VISIBLE_DEVICES: [0]
[I 2023-11-29 22:44:58,454] Trial 113 finished with value: 7.082505702972412 and parameters: {'gradient_clip_val': 0.18817449189316848, 'hidden_size': 65, 'dropout': 0.334486551426713, 'hidden_continuous_size': 45, 'attention_head_size': 3, 'learning_rate': 0.09076590138213014}. Best is trial 55 with value: 6.251669406890869.
LOCAL_RANK: 0 - CUDA_VISIBLE_DEVICES: [0]
[I 2023-11-29 22:45:11,786] Trial 114 finished with value: 7.7255377769470215 and parameters: {'gradient_clip_val': 0.19354053087427686, 'hidden_size': 47, 'dropout': 0.33616039364085154, 'hidden_continuous_size': 41, 'attention_head_size': 3, 'learning_rate': 0.08979821126732226}. Best is trial 55 with value: 6.251669406890869.
LOCAL_RANK: 0 - CUDA_VISIBLE_DEVICES: [0]
[I 2023-11-29 22:45:25,524] Trial 115 finished with value: 7.273751735687256 and parameters: {'gradient_clip_val': 0.16602172941812843, 'hidden_size': 65, 'dropout': 0.33039812615120767, 'hidden_continuous_size': 53, 'attention_head_size': 3, 'learning_rate': 0.08180542050390809}. Best is trial 55 with value: 6.251669406890869.
LOCAL_RANK: 0 - CUDA_VISIBLE_DEVICES: [0]
[I 2023-11-29 22:45:39,355] Trial 116 finished with value: 8.145245552062988 and parameters: {'gradient_clip_val': 0.18164290496153723, 'hidden_size': 73, 'dropout': 0.3464617011056426, 'hidden_continuous_size': 61, 'attention_head_size': 3, 'learning_rate': 0.09244478529672215}. Best is trial 55 with value: 6.251669406890869.
LOCAL_RANK: 0 - CUDA_VISIBLE_DEVICES: [0]
[I 2023-11-29 22:45:52,588] Trial 117 finished with value: 8.844615936279297 and parameters: {'gradient_clip_val': 0.24350666114738778, 'hidden_size': 60, 'dropout': 0.34094114839983275, 'hidden_continuous_size': 29, 'attention_head_size': 3, 'learning_rate': 0.06929859925176092}. Best is trial 55 with value: 6.251669406890869.
LOCAL_RANK: 0 - CUDA_VISIBLE_DEVICES: [0]
[I 2023-11-29 22:46:06,263] Trial 118 finished with value: 7.357883453369141 and parameters: {'gradient_clip_val': 0.21060061426316343, 'hidden_size': 79, 'dropout': 0.3133897593706682, 'hidden_continuous_size': 45, 'attention_head_size': 3, 'learning_rate': 0.0746069944469714}. Best is trial 55 with value: 6.251669406890869.
LOCAL_RANK: 0 - CUDA_VISIBLE_DEVICES: [0]
[I 2023-11-29 22:46:19,627] Trial 119 finished with value: 7.814365863800049 and parameters: {'gradient_clip_val': 0.18620550585982282, 'hidden_size': 54, 'dropout': 0.30643863430021706, 'hidden_continuous_size': 39, 'attention_head_size': 3, 'learning_rate': 0.06111742472838613}. Best is trial 55 with value: 6.251669406890869.
LOCAL_RANK: 0 - CUDA_VISIBLE_DEVICES: [0]
[I 2023-11-29 22:46:33,221] Trial 120 finished with value: 8.792214393615723 and parameters: {'gradient_clip_val': 0.1737271555134983, 'hidden_size': 49, 'dropout': 0.3534674281356398, 'hidden_continuous_size': 43, 'attention_head_size': 3, 'learning_rate': 0.09971174485129541}. Best is trial 55 with value: 6.251669406890869.
LOCAL_RANK: 0 - CUDA_VISIBLE_DEVICES: [0]
[I 2023-11-29 22:46:46,726] Trial 121 finished with value: 8.336837768554688 and parameters: {'gradient_clip_val': 0.1489503773510796, 'hidden_size': 68, 'dropout': 0.3355196341556166, 'hidden_continuous_size': 51, 'attention_head_size': 3, 'learning_rate': 0.08512600670623441}. Best is trial 55 with value: 6.251669406890869.
LOCAL_RANK: 0 - CUDA_VISIBLE_DEVICES: [0]
[I 2023-11-29 22:47:00,264] Trial 122 finished with value: 8.231531143188477 and parameters: {'gradient_clip_val': 0.16107021329775753, 'hidden_size': 63, 'dropout': 0.32851812807135694, 'hidden_continuous_size': 45, 'attention_head_size': 3, 'learning_rate': 0.08167969225272603}. Best is trial 55 with value: 6.251669406890869.
LOCAL_RANK: 0 - CUDA_VISIBLE_DEVICES: [0]
[I 2023-11-29 22:47:13,856] Trial 123 finished with value: 7.818180084228516 and parameters: {'gradient_clip_val': 0.11829397353192611, 'hidden_size': 58, 'dropout': 0.2918716670485779, 'hidden_continuous_size': 47, 'attention_head_size': 3, 'learning_rate': 0.08979183583574846}. Best is trial 55 with value: 6.251669406890869.
LOCAL_RANK: 0 - CUDA_VISIBLE_DEVICES: [0]
[I 2023-11-29 22:47:27,223] Trial 124 finished with value: 9.075241088867188 and parameters: {'gradient_clip_val': 0.1683689498508386, 'hidden_size': 51, 'dropout': 0.269183103248578, 'hidden_continuous_size': 41, 'attention_head_size': 3, 'learning_rate': 0.0719777719223941}. Best is trial 55 with value: 6.251669406890869.
LOCAL_RANK: 0 - CUDA_VISIBLE_DEVICES: [0]
[I 2023-11-29 22:47:41,350] Trial 125 finished with value: 8.482148170471191 and parameters: {'gradient_clip_val': 0.1987883797147078, 'hidden_size': 86, 'dropout': 0.2428818089188537, 'hidden_continuous_size': 57, 'attention_head_size': 3, 'learning_rate': 0.07704443478319278}. Best is trial 55 with value: 6.251669406890869.
LOCAL_RANK: 0 - CUDA_VISIBLE_DEVICES: [0]
[I 2023-11-29 22:47:54,467] Trial 126 finished with value: 7.975682735443115 and parameters: {'gradient_clip_val': 0.11180049900098085, 'hidden_size': 44, 'dropout': 0.22831237548197944, 'hidden_continuous_size': 40, 'attention_head_size': 3, 'learning_rate': 0.09284506858962598}. Best is trial 55 with value: 6.251669406890869.
LOCAL_RANK: 0 - CUDA_VISIBLE_DEVICES: [0]
[I 2023-11-29 22:48:08,122] Trial 127 finished with value: 7.651858806610107 and parameters: {'gradient_clip_val': 0.18604339020993324, 'hidden_size': 72, 'dropout': 0.2593740825408507, 'hidden_continuous_size': 48, 'attention_head_size': 3, 'learning_rate': 0.09901370368811614}. Best is trial 55 with value: 6.251669406890869.
LOCAL_RANK: 0 - CUDA_VISIBLE_DEVICES: [0]
[I 2023-11-29 22:48:21,552] Trial 128 finished with value: 7.810658931732178 and parameters: {'gradient_clip_val': 0.12487610175289654, 'hidden_size': 56, 'dropout': 0.3432822886084589, 'hidden_continuous_size': 46, 'attention_head_size': 3, 'learning_rate': 0.06774646909278267}. Best is trial 55 with value: 6.251669406890869.
LOCAL_RANK: 0 - CUDA_VISIBLE_DEVICES: [0]
[I 2023-11-29 22:48:35,057] Trial 129 finished with value: 7.993843078613281 and parameters: {'gradient_clip_val': 0.14039091043383375, 'hidden_size': 65, 'dropout': 0.31652909197197193, 'hidden_continuous_size': 30, 'attention_head_size': 4, 'learning_rate': 0.05614035642436864}. Best is trial 55 with value: 6.251669406890869.
LOCAL_RANK: 0 - CUDA_VISIBLE_DEVICES: [0]
[I 2023-11-29 22:48:48,590] Trial 130 finished with value: 7.658485412597656 and parameters: {'gradient_clip_val': 0.15478963786271546, 'hidden_size': 47, 'dropout': 0.2993213940326774, 'hidden_continuous_size': 43, 'attention_head_size': 3, 'learning_rate': 0.08251138494363522}. Best is trial 55 with value: 6.251669406890869.
LOCAL_RANK: 0 - CUDA_VISIBLE_DEVICES: [0]
[I 2023-11-29 22:49:01,680] Trial 131 finished with value: 8.78980827331543 and parameters: {'gradient_clip_val': 0.16034145415265286, 'hidden_size': 42, 'dropout': 0.3248966690713001, 'hidden_continuous_size': 39, 'attention_head_size': 2, 'learning_rate': 0.062042746069834474}. Best is trial 55 with value: 6.251669406890869.
LOCAL_RANK: 0 - CUDA_VISIBLE_DEVICES: [0]
[I 2023-11-29 22:49:14,623] Trial 132 finished with value: 7.564237594604492 and parameters: {'gradient_clip_val': 0.17323784507503975, 'hidden_size': 52, 'dropout': 0.30994114242141513, 'hidden_continuous_size': 28, 'attention_head_size': 2, 'learning_rate': 0.07731771039843537}. Best is trial 55 with value: 6.251669406890869.
LOCAL_RANK: 0 - CUDA_VISIBLE_DEVICES: [0]
[I 2023-11-29 22:49:27,845] Trial 133 finished with value: 6.905948162078857 and parameters: {'gradient_clip_val': 0.1462655972839428, 'hidden_size': 48, 'dropout': 0.3326173927013907, 'hidden_continuous_size': 42, 'attention_head_size': 2, 'learning_rate': 0.08688946635356383}. Best is trial 55 with value: 6.251669406890869.
LOCAL_RANK: 0 - CUDA_VISIBLE_DEVICES: [0]
[I 2023-11-29 22:49:41,265] Trial 134 finished with value: 7.32733154296875 and parameters: {'gradient_clip_val': 0.13342144681032153, 'hidden_size': 55, 'dropout': 0.2361521859269184, 'hidden_continuous_size': 42, 'attention_head_size': 2, 'learning_rate': 0.08682344832844827}. Best is trial 55 with value: 6.251669406890869.
LOCAL_RANK: 0 - CUDA_VISIBLE_DEVICES: [0]
[I 2023-11-29 22:49:54,786] Trial 135 finished with value: 8.298541069030762 and parameters: {'gradient_clip_val': 0.14581504818268418, 'hidden_size': 50, 'dropout': 0.3333389297002198, 'hidden_continuous_size': 37, 'attention_head_size': 2, 'learning_rate': 0.09919926284382347}. Best is trial 55 with value: 6.251669406890869.
LOCAL_RANK: 0 - CUDA_VISIBLE_DEVICES: [0]
[I 2023-11-29 22:50:07,951] Trial 136 finished with value: 8.036794662475586 and parameters: {'gradient_clip_val': 0.18295132449354082, 'hidden_size': 45, 'dropout': 0.3413169325827962, 'hidden_continuous_size': 36, 'attention_head_size': 3, 'learning_rate': 0.0716384063712553}. Best is trial 55 with value: 6.251669406890869.
LOCAL_RANK: 0 - CUDA_VISIBLE_DEVICES: [0]
[I 2023-11-29 22:50:21,467] Trial 137 finished with value: 8.527098655700684 and parameters: {'gradient_clip_val': 0.15249605752571235, 'hidden_size': 59, 'dropout': 0.3626696989270694, 'hidden_continuous_size': 51, 'attention_head_size': 2, 'learning_rate': 0.09003726366669601}. Best is trial 55 with value: 6.251669406890869.
LOCAL_RANK: 0 - CUDA_VISIBLE_DEVICES: [0]
[I 2023-11-29 22:50:34,821] Trial 138 finished with value: 7.138535976409912 and parameters: {'gradient_clip_val': 0.1648831880702363, 'hidden_size': 49, 'dropout': 0.24531117817885756, 'hidden_continuous_size': 44, 'attention_head_size': 2, 'learning_rate': 0.08026041137379768}. Best is trial 55 with value: 6.251669406890869.
LOCAL_RANK: 0 - CUDA_VISIBLE_DEVICES: [0]
[I 2023-11-29 22:50:48,368] Trial 139 finished with value: 9.551355361938477 and parameters: {'gradient_clip_val': 0.10756213770531303, 'hidden_size': 62, 'dropout': 0.25146231559806237, 'hidden_continuous_size': 49, 'attention_head_size': 3, 'learning_rate': 0.06605950475208633}. Best is trial 55 with value: 6.251669406890869.
LOCAL_RANK: 0 - CUDA_VISIBLE_DEVICES: [0]
[I 2023-11-29 22:51:02,053] Trial 140 finished with value: 8.25842571258545 and parameters: {'gradient_clip_val': 0.11998975387897502, 'hidden_size': 54, 'dropout': 0.27998468712723756, 'hidden_continuous_size': 46, 'attention_head_size': 3, 'learning_rate': 0.08587264770390286}. Best is trial 55 with value: 6.251669406890869.
LOCAL_RANK: 0 - CUDA_VISIBLE_DEVICES: [0]
[I 2023-11-29 22:51:14,853] Trial 141 finished with value: 7.296811580657959 and parameters: {'gradient_clip_val': 0.17605736491840407, 'hidden_size': 39, 'dropout': 0.28986341818912054, 'hidden_continuous_size': 37, 'attention_head_size': 2, 'learning_rate': 0.07487388840782264}. Best is trial 55 with value: 6.251669406890869.
LOCAL_RANK: 0 - CUDA_VISIBLE_DEVICES: [0]
[I 2023-11-29 22:51:28,097] Trial 142 finished with value: 8.701789855957031 and parameters: {'gradient_clip_val': 0.19219995988672958, 'hidden_size': 43, 'dropout': 0.32022465679447565, 'hidden_continuous_size': 41, 'attention_head_size': 2, 'learning_rate': 0.057927851030196265}. Best is trial 55 with value: 6.251669406890869.
LOCAL_RANK: 0 - CUDA_VISIBLE_DEVICES: [0]
[I 2023-11-29 22:51:41,357] Trial 143 finished with value: 8.229048728942871 and parameters: {'gradient_clip_val': 0.1406432821128852, 'hidden_size': 47, 'dropout': 0.32643651364194154, 'hidden_continuous_size': 44, 'attention_head_size': 2, 'learning_rate': 0.09162760865336315}. Best is trial 55 with value: 6.251669406890869.
LOCAL_RANK: 0 - CUDA_VISIBLE_DEVICES: [0]
[I 2023-11-29 22:51:54,388] Trial 144 finished with value: 7.40185022354126 and parameters: {'gradient_clip_val': 0.15752143500431545, 'hidden_size': 41, 'dropout': 0.30489875646235515, 'hidden_continuous_size': 39, 'attention_head_size': 2, 'learning_rate': 0.06795699022338188}. Best is trial 55 with value: 6.251669406890869.
LOCAL_RANK: 0 - CUDA_VISIBLE_DEVICES: [0]
[I 2023-11-29 22:52:07,652] Trial 145 finished with value: 8.255655288696289 and parameters: {'gradient_clip_val': 0.14642400675789188, 'hidden_size': 45, 'dropout': 0.3153627184984921, 'hidden_continuous_size': 42, 'attention_head_size': 2, 'learning_rate': 0.05205035285697759}. Best is trial 55 with value: 6.251669406890869.
LOCAL_RANK: 0 - CUDA_VISIBLE_DEVICES: [0]
[I 2023-11-29 22:52:20,516] Trial 146 finished with value: 6.602131366729736 and parameters: {'gradient_clip_val': 0.20810701982335705, 'hidden_size': 48, 'dropout': 0.33543352812298716, 'hidden_continuous_size': 32, 'attention_head_size': 3, 'learning_rate': 0.08169124220808927}. Best is trial 55 with value: 6.251669406890869.
LOCAL_RANK: 0 - CUDA_VISIBLE_DEVICES: [0]
[I 2023-11-29 22:52:33,254] Trial 147 finished with value: 7.338359832763672 and parameters: {'gradient_clip_val': 0.2064386169427342, 'hidden_size': 48, 'dropout': 0.3365023668966743, 'hidden_continuous_size': 32, 'attention_head_size': 3, 'learning_rate': 0.08233767034653124}. Best is trial 55 with value: 6.251669406890869.
LOCAL_RANK: 0 - CUDA_VISIBLE_DEVICES: [0]
[I 2023-11-29 22:52:46,392] Trial 148 finished with value: 7.7397003173828125 and parameters: {'gradient_clip_val': 0.21749429824662492, 'hidden_size': 52, 'dropout': 0.35371392582755123, 'hidden_continuous_size': 33, 'attention_head_size': 3, 'learning_rate': 0.09311287265922688}. Best is trial 55 with value: 6.251669406890869.
LOCAL_RANK: 0 - CUDA_VISIBLE_DEVICES: [0]
[I 2023-11-29 22:52:59,807] Trial 149 finished with value: 7.794591903686523 and parameters: {'gradient_clip_val': 0.19970763634263133, 'hidden_size': 57, 'dropout': 0.3466540527732478, 'hidden_continuous_size': 35, 'attention_head_size': 3, 'learning_rate': 0.09936008978222259}. Best is trial 55 with value: 6.251669406890869.
[I 2023-11-29 22:52:59,926] A new study created in memory with name: no-name-bfd945b0-1ccb-4ec4-af81-bc0a566d5e06
/home/le004/conda/anaconda3/envs/tsff_env/lib/python3.9/site-packages/lightning/fabric/plugins/environments/slurm.py:191: The `srun` command is available on your system but is not used. HINT: If your intention is to run Lightning on SLURM, prepend your python command with `srun` like so: srun python /home/le004/master_thesis/git/TSFusionForecast/code/ ...
LOCAL_RANK: 0 - CUDA_VISIBLE_DEVICES: [0]
[I 2023-11-29 22:53:12,231] Trial 0 finished with value: 155.27593994140625 and parameters: {'gradient_clip_val': 0.19134337547044608, 'hidden_size': 26, 'dropout': 0.18525043770179286, 'hidden_continuous_size': 20, 'attention_head_size': 1, 'learning_rate': 0.017957826806122568}. Best is trial 0 with value: 155.27593994140625.
LOCAL_RANK: 0 - CUDA_VISIBLE_DEVICES: [0]
[I 2023-11-29 22:53:24,481] Trial 1 finished with value: 303.0682067871094 and parameters: {'gradient_clip_val': 0.11035413652299828, 'hidden_size': 27, 'dropout': 0.15895633093251635, 'hidden_continuous_size': 14, 'attention_head_size': 1, 'learning_rate': 0.0052125260924938115}. Best is trial 0 with value: 155.27593994140625.
LOCAL_RANK: 0 - CUDA_VISIBLE_DEVICES: [0]
[I 2023-11-29 22:53:36,464] Trial 2 finished with value: 218.25624084472656 and parameters: {'gradient_clip_val': 0.6092859626490059, 'hidden_size': 16, 'dropout': 0.28841324946888275, 'hidden_continuous_size': 10, 'attention_head_size': 4, 'learning_rate': 0.008135396656378002}. Best is trial 0 with value: 155.27593994140625.
LOCAL_RANK: 0 - CUDA_VISIBLE_DEVICES: [0]
[I 2023-11-29 22:53:50,070] Trial 3 finished with value: 174.83082580566406 and parameters: {'gradient_clip_val': 0.15362242431254905, 'hidden_size': 105, 'dropout': 0.3039269632470136, 'hidden_continuous_size': 23, 'attention_head_size': 2, 'learning_rate': 0.018341107666322708}. Best is trial 0 with value: 155.27593994140625.
LOCAL_RANK: 0 - CUDA_VISIBLE_DEVICES: [0]
[I 2023-11-29 22:54:04,372] Trial 4 finished with value: 206.0117950439453 and parameters: {'gradient_clip_val': 0.4692029050330527, 'hidden_size': 113, 'dropout': 0.1934241801710435, 'hidden_continuous_size': 98, 'attention_head_size': 3, 'learning_rate': 0.02758183809816636}. Best is trial 0 with value: 155.27593994140625.
LOCAL_RANK: 0 - CUDA_VISIBLE_DEVICES: [0]
[I 2023-11-29 22:54:16,785] Trial 5 finished with value: 172.1256103515625 and parameters: {'gradient_clip_val': 0.502901178766949, 'hidden_size': 23, 'dropout': 0.18665288357516122, 'hidden_continuous_size': 13, 'attention_head_size': 3, 'learning_rate': 0.026793064228258223}. Best is trial 0 with value: 155.27593994140625.
LOCAL_RANK: 0 - CUDA_VISIBLE_DEVICES: [0]
[I 2023-11-29 22:54:29,613] Trial 6 finished with value: 202.7972869873047 and parameters: {'gradient_clip_val': 0.4771790982776782, 'hidden_size': 56, 'dropout': 0.1250557529816499, 'hidden_continuous_size': 13, 'attention_head_size': 3, 'learning_rate': 0.09158806680008971}. Best is trial 0 with value: 155.27593994140625.
LOCAL_RANK: 0 - CUDA_VISIBLE_DEVICES: [0]
[I 2023-11-29 22:54:41,642] Trial 7 finished with value: 514.6358032226562 and parameters: {'gradient_clip_val': 0.25458765878974027, 'hidden_size': 19, 'dropout': 0.24129610031634563, 'hidden_continuous_size': 12, 'attention_head_size': 1, 'learning_rate': 0.002776568087930326}. Best is trial 0 with value: 155.27593994140625.
LOCAL_RANK: 0 - CUDA_VISIBLE_DEVICES: [0]
[I 2023-11-29 22:54:55,246] Trial 8 finished with value: 205.40704345703125 and parameters: {'gradient_clip_val': 0.5664871586352315, 'hidden_size': 72, 'dropout': 0.21702523783191618, 'hidden_continuous_size': 62, 'attention_head_size': 2, 'learning_rate': 0.0015426101413730966}. Best is trial 0 with value: 155.27593994140625.
LOCAL_RANK: 0 - CUDA_VISIBLE_DEVICES: [0]
