[I 2023-11-30 07:36:47,953] Trial 95 finished with value: 9.279471397399902 and parameters: {'gradient_clip_val': 0.6315023536656615, 'hidden_size': 109, 'dropout': 0.33221963368204355, 'hidden_continuous_size': 96, 'attention_head_size': 3, 'learning_rate': 0.056205475478654364}. Best is trial 60 with value: 6.482868194580078.
LOCAL_RANK: 0 - CUDA_VISIBLE_DEVICES: [0]
[I 2023-11-30 07:37:02,206] Trial 96 finished with value: 10.066444396972656 and parameters: {'gradient_clip_val': 0.7572463962408428, 'hidden_size': 91, 'dropout': 0.2970818668200178, 'hidden_continuous_size': 79, 'attention_head_size': 4, 'learning_rate': 0.037054416316519526}. Best is trial 60 with value: 6.482868194580078.
LOCAL_RANK: 0 - CUDA_VISIBLE_DEVICES: [0]
[I 2023-11-30 07:37:16,968] Trial 97 finished with value: 8.358502388000488 and parameters: {'gradient_clip_val': 0.6853895899005881, 'hidden_size': 150, 'dropout': 0.2646585817635756, 'hidden_continuous_size': 111, 'attention_head_size': 3, 'learning_rate': 0.06393136120702228}. Best is trial 60 with value: 6.482868194580078.
LOCAL_RANK: 0 - CUDA_VISIBLE_DEVICES: [0]
[I 2023-11-30 07:37:30,795] Trial 98 finished with value: 9.601455688476562 and parameters: {'gradient_clip_val': 0.8328474957717306, 'hidden_size': 67, 'dropout': 0.27287649428173577, 'hidden_continuous_size': 63, 'attention_head_size': 1, 'learning_rate': 0.043737493583386584}. Best is trial 60 with value: 6.482868194580078.
LOCAL_RANK: 0 - CUDA_VISIBLE_DEVICES: [0]
[I 2023-11-30 07:37:45,051] Trial 99 finished with value: 8.097472190856934 and parameters: {'gradient_clip_val': 0.9306417234935618, 'hidden_size': 101, 'dropout': 0.3161631245165364, 'hidden_continuous_size': 91, 'attention_head_size': 2, 'learning_rate': 0.0686829189662378}. Best is trial 60 with value: 6.482868194580078.
LOCAL_RANK: 0 - CUDA_VISIBLE_DEVICES: [0]
[I 2023-11-30 07:37:59,821] Trial 100 finished with value: 7.800506114959717 and parameters: {'gradient_clip_val': 0.5828809887897644, 'hidden_size': 140, 'dropout': 0.32292603424258143, 'hidden_continuous_size': 139, 'attention_head_size': 3, 'learning_rate': 0.03220711768903215}. Best is trial 60 with value: 6.482868194580078.
LOCAL_RANK: 0 - CUDA_VISIBLE_DEVICES: [0]
[I 2023-11-30 07:38:13,840] Trial 101 finished with value: 7.654083251953125 and parameters: {'gradient_clip_val': 0.2422852545602811, 'hidden_size': 74, 'dropout': 0.36224010381864835, 'hidden_continuous_size': 68, 'attention_head_size': 3, 'learning_rate': 0.018194288495450905}. Best is trial 60 with value: 6.482868194580078.
LOCAL_RANK: 0 - CUDA_VISIBLE_DEVICES: [0]
[I 2023-11-30 07:38:28,104] Trial 102 finished with value: 8.338902473449707 and parameters: {'gradient_clip_val': 0.20937064987574552, 'hidden_size': 81, 'dropout': 0.3423882023943466, 'hidden_continuous_size': 75, 'attention_head_size': 3, 'learning_rate': 0.02779965561467882}. Best is trial 60 with value: 6.482868194580078.
LOCAL_RANK: 0 - CUDA_VISIBLE_DEVICES: [0]
[I 2023-11-30 07:38:42,344] Trial 103 finished with value: 8.584930419921875 and parameters: {'gradient_clip_val': 0.195317521768046, 'hidden_size': 89, 'dropout': 0.36417280847414657, 'hidden_continuous_size': 82, 'attention_head_size': 3, 'learning_rate': 0.02318513242713866}. Best is trial 60 with value: 6.482868194580078.
LOCAL_RANK: 0 - CUDA_VISIBLE_DEVICES: [0]
[I 2023-11-30 07:38:56,371] Trial 104 finished with value: 7.372498989105225 and parameters: {'gradient_clip_val': 0.39170771147625194, 'hidden_size': 120, 'dropout': 0.3734521058180841, 'hidden_continuous_size': 54, 'attention_head_size': 3, 'learning_rate': 0.015350915828490443}. Best is trial 60 with value: 6.482868194580078.
LOCAL_RANK: 0 - CUDA_VISIBLE_DEVICES: [0]
[I 2023-11-30 07:39:09,994] Trial 105 finished with value: 7.851446628570557 and parameters: {'gradient_clip_val': 0.21937356189896817, 'hidden_size': 63, 'dropout': 0.350529284850765, 'hidden_continuous_size': 59, 'attention_head_size': 3, 'learning_rate': 0.04785699061689098}. Best is trial 60 with value: 6.482868194580078.
LOCAL_RANK: 0 - CUDA_VISIBLE_DEVICES: [0]
[I 2023-11-30 07:39:23,879] Trial 106 finished with value: 7.760229110717773 and parameters: {'gradient_clip_val': 0.23065467752374105, 'hidden_size': 128, 'dropout': 0.35672382014554976, 'hidden_continuous_size': 51, 'attention_head_size': 2, 'learning_rate': 0.029770818000877775}. Best is trial 60 with value: 6.482868194580078.
LOCAL_RANK: 0 - CUDA_VISIBLE_DEVICES: [0]
[I 2023-11-30 07:39:38,112] Trial 107 finished with value: 9.45472240447998 and parameters: {'gradient_clip_val': 0.25072372833659, 'hidden_size': 97, 'dropout': 0.3073765423378412, 'hidden_continuous_size': 87, 'attention_head_size': 3, 'learning_rate': 0.09912083345258448}. Best is trial 60 with value: 6.482868194580078.
LOCAL_RANK: 0 - CUDA_VISIBLE_DEVICES: [0]
[I 2023-11-30 07:39:52,339] Trial 108 finished with value: 7.104010105133057 and parameters: {'gradient_clip_val': 0.31327475029743357, 'hidden_size': 77, 'dropout': 0.33253665759111317, 'hidden_continuous_size': 72, 'attention_head_size': 3, 'learning_rate': 0.035158881663746776}. Best is trial 60 with value: 6.482868194580078.
LOCAL_RANK: 0 - CUDA_VISIBLE_DEVICES: [0]
[I 2023-11-30 07:40:06,271] Trial 109 finished with value: 7.301249980926514 and parameters: {'gradient_clip_val': 0.3415049521420147, 'hidden_size': 75, 'dropout': 0.332880449895876, 'hidden_continuous_size': 67, 'attention_head_size': 2, 'learning_rate': 0.03636969329557933}. Best is trial 60 with value: 6.482868194580078.
LOCAL_RANK: 0 - CUDA_VISIBLE_DEVICES: [0]
[I 2023-11-30 07:40:20,725] Trial 110 finished with value: 10.182908058166504 and parameters: {'gradient_clip_val': 0.7145253586272134, 'hidden_size': 118, 'dropout': 0.34679173208723535, 'hidden_continuous_size': 97, 'attention_head_size': 3, 'learning_rate': 0.03993908959978458}. Best is trial 60 with value: 6.482868194580078.
LOCAL_RANK: 0 - CUDA_VISIBLE_DEVICES: [0]
[I 2023-11-30 07:40:34,810] Trial 111 finished with value: 7.725923538208008 and parameters: {'gradient_clip_val': 0.27804139349566204, 'hidden_size': 78, 'dropout': 0.3232119375671979, 'hidden_continuous_size': 71, 'attention_head_size': 3, 'learning_rate': 0.032189804338345715}. Best is trial 60 with value: 6.482868194580078.
LOCAL_RANK: 0 - CUDA_VISIBLE_DEVICES: [0]
[I 2023-11-30 07:40:48,817] Trial 112 finished with value: 10.257144927978516 and parameters: {'gradient_clip_val': 0.30877806981090816, 'hidden_size': 84, 'dropout': 0.34227567490251354, 'hidden_continuous_size': 76, 'attention_head_size': 3, 'learning_rate': 0.04342315937860898}. Best is trial 60 with value: 6.482868194580078.
LOCAL_RANK: 0 - CUDA_VISIBLE_DEVICES: [0]
[I 2023-11-30 07:41:02,556] Trial 113 finished with value: 7.825325012207031 and parameters: {'gradient_clip_val': 0.3198464804790908, 'hidden_size': 68, 'dropout': 0.2872546856876019, 'hidden_continuous_size': 64, 'attention_head_size': 3, 'learning_rate': 0.03440146958700115}. Best is trial 60 with value: 6.482868194580078.
LOCAL_RANK: 0 - CUDA_VISIBLE_DEVICES: [0]
[I 2023-11-30 07:41:16,630] Trial 114 finished with value: 8.020655632019043 and parameters: {'gradient_clip_val': 0.1771753927301124, 'hidden_size': 72, 'dropout': 0.3270911101339008, 'hidden_continuous_size': 67, 'attention_head_size': 3, 'learning_rate': 0.026225696704741903}. Best is trial 60 with value: 6.482868194580078.
LOCAL_RANK: 0 - CUDA_VISIBLE_DEVICES: [0]
[I 2023-11-30 07:41:30,750] Trial 115 finished with value: 6.7344584465026855 and parameters: {'gradient_clip_val': 0.7546151265942082, 'hidden_size': 90, 'dropout': 0.3360387077235443, 'hidden_continuous_size': 79, 'attention_head_size': 3, 'learning_rate': 0.0536017865655974}. Best is trial 60 with value: 6.482868194580078.
LOCAL_RANK: 0 - CUDA_VISIBLE_DEVICES: [0]
[I 2023-11-30 07:41:45,124] Trial 116 finished with value: 8.951586723327637 and parameters: {'gradient_clip_val': 0.6540006018543989, 'hidden_size': 105, 'dropout': 0.3357921254667284, 'hidden_continuous_size': 92, 'attention_head_size': 3, 'learning_rate': 0.048567545489471176}. Best is trial 60 with value: 6.482868194580078.
LOCAL_RANK: 0 - CUDA_VISIBLE_DEVICES: [0]
[I 2023-11-30 07:41:59,314] Trial 117 finished with value: 7.9148993492126465 and parameters: {'gradient_clip_val': 0.8501352973094669, 'hidden_size': 89, 'dropout': 0.3011009802428346, 'hidden_continuous_size': 78, 'attention_head_size': 3, 'learning_rate': 0.051593697205670946}. Best is trial 60 with value: 6.482868194580078.
LOCAL_RANK: 0 - CUDA_VISIBLE_DEVICES: [0]
[I 2023-11-30 07:42:13,592] Trial 118 finished with value: 7.553253173828125 and parameters: {'gradient_clip_val': 0.7579887377535357, 'hidden_size': 97, 'dropout': 0.3113201014343586, 'hidden_continuous_size': 85, 'attention_head_size': 3, 'learning_rate': 0.056890857328383164}. Best is trial 60 with value: 6.482868194580078.
LOCAL_RANK: 0 - CUDA_VISIBLE_DEVICES: [0]
[I 2023-11-30 07:42:28,145] Trial 119 finished with value: 7.238155364990234 and parameters: {'gradient_clip_val': 0.6925317387091422, 'hidden_size': 136, 'dropout': 0.34999863770531936, 'hidden_continuous_size': 104, 'attention_head_size': 2, 'learning_rate': 0.08969437197046415}. Best is trial 60 with value: 6.482868194580078.
LOCAL_RANK: 0 - CUDA_VISIBLE_DEVICES: [0]
[I 2023-11-30 07:42:42,403] Trial 120 finished with value: 7.333095550537109 and parameters: {'gradient_clip_val': 0.7903916520109278, 'hidden_size': 114, 'dropout': 0.34966682894075685, 'hidden_continuous_size': 96, 'attention_head_size': 2, 'learning_rate': 0.08960443437148957}. Best is trial 60 with value: 6.482868194580078.
LOCAL_RANK: 0 - CUDA_VISIBLE_DEVICES: [0]
[I 2023-11-30 07:42:56,948] Trial 121 finished with value: 9.53411865234375 and parameters: {'gradient_clip_val': 0.6948038544648054, 'hidden_size': 135, 'dropout': 0.34076171180159376, 'hidden_continuous_size': 105, 'attention_head_size': 2, 'learning_rate': 0.07990448398817315}. Best is trial 60 with value: 6.482868194580078.
LOCAL_RANK: 0 - CUDA_VISIBLE_DEVICES: [0]
[I 2023-11-30 07:43:11,426] Trial 122 finished with value: 12.563557624816895 and parameters: {'gradient_clip_val': 0.8209342116816455, 'hidden_size': 140, 'dropout': 0.32960431879329666, 'hidden_continuous_size': 112, 'attention_head_size': 2, 'learning_rate': 0.07350341611405121}. Best is trial 60 with value: 6.482868194580078.
LOCAL_RANK: 0 - CUDA_VISIBLE_DEVICES: [0]
[I 2023-11-30 07:43:25,746] Trial 123 finished with value: 6.952554225921631 and parameters: {'gradient_clip_val': 0.7467145235131538, 'hidden_size': 123, 'dropout': 0.31785944490794016, 'hidden_continuous_size': 87, 'attention_head_size': 2, 'learning_rate': 0.038366898962861454}. Best is trial 60 with value: 6.482868194580078.
LOCAL_RANK: 0 - CUDA_VISIBLE_DEVICES: [0]
[I 2023-11-30 07:43:40,166] Trial 124 finished with value: 9.710075378417969 and parameters: {'gradient_clip_val': 0.6725081831559354, 'hidden_size': 111, 'dropout': 0.3186862070542533, 'hidden_continuous_size': 88, 'attention_head_size': 2, 'learning_rate': 0.038548068086113156}. Best is trial 60 with value: 6.482868194580078.
LOCAL_RANK: 0 - CUDA_VISIBLE_DEVICES: [0]
[I 2023-11-30 07:43:54,467] Trial 125 finished with value: 6.760629653930664 and parameters: {'gradient_clip_val': 0.7213382529223037, 'hidden_size': 126, 'dropout': 0.32466478517097164, 'hidden_continuous_size': 79, 'attention_head_size': 2, 'learning_rate': 0.042367351234978666}. Best is trial 60 with value: 6.482868194580078.
LOCAL_RANK: 0 - CUDA_VISIBLE_DEVICES: [0]
[I 2023-11-30 07:44:08,672] Trial 126 finished with value: 8.268034934997559 and parameters: {'gradient_clip_val': 0.8036432611123944, 'hidden_size': 103, 'dropout': 0.31255036608560055, 'hidden_continuous_size': 81, 'attention_head_size': 2, 'learning_rate': 0.03472348153572773}. Best is trial 60 with value: 6.482868194580078.
LOCAL_RANK: 0 - CUDA_VISIBLE_DEVICES: [0]
[I 2023-11-30 07:44:22,791] Trial 127 finished with value: 6.9900803565979 and parameters: {'gradient_clip_val': 0.7417383871585035, 'hidden_size': 124, 'dropout': 0.32594150033079383, 'hidden_continuous_size': 78, 'attention_head_size': 2, 'learning_rate': 0.04128137433520411}. Best is trial 60 with value: 6.482868194580078.
LOCAL_RANK: 0 - CUDA_VISIBLE_DEVICES: [0]
[I 2023-11-30 07:44:36,991] Trial 128 finished with value: 7.938880920410156 and parameters: {'gradient_clip_val': 0.6053184359601068, 'hidden_size': 120, 'dropout': 0.3362827302127915, 'hidden_continuous_size': 76, 'attention_head_size': 2, 'learning_rate': 0.04236504192066734}. Best is trial 60 with value: 6.482868194580078.
LOCAL_RANK: 0 - CUDA_VISIBLE_DEVICES: [0]
[I 2023-11-30 07:44:51,206] Trial 129 finished with value: 9.748934745788574 and parameters: {'gradient_clip_val': 0.7271246073687956, 'hidden_size': 128, 'dropout': 0.32193800170082865, 'hidden_continuous_size': 72, 'attention_head_size': 2, 'learning_rate': 0.04540648811308221}. Best is trial 60 with value: 6.482868194580078.
LOCAL_RANK: 0 - CUDA_VISIBLE_DEVICES: [0]
[I 2023-11-30 07:45:05,386] Trial 130 finished with value: 8.4035062789917 and parameters: {'gradient_clip_val': 0.8911990375341894, 'hidden_size': 109, 'dropout': 0.33003908947812255, 'hidden_continuous_size': 79, 'attention_head_size': 2, 'learning_rate': 0.054616547342259986}. Best is trial 60 with value: 6.482868194580078.
LOCAL_RANK: 0 - CUDA_VISIBLE_DEVICES: [0]
[I 2023-11-30 07:45:19,501] Trial 131 finished with value: 8.049553871154785 and parameters: {'gradient_clip_val': 0.6423250132282138, 'hidden_size': 91, 'dropout': 0.3156555266522936, 'hidden_continuous_size': 82, 'attention_head_size': 2, 'learning_rate': 0.040138742735460774}. Best is trial 60 with value: 6.482868194580078.
LOCAL_RANK: 0 - CUDA_VISIBLE_DEVICES: [0]
[I 2023-11-30 07:45:33,593] Trial 132 finished with value: 7.0054168701171875 and parameters: {'gradient_clip_val': 0.7748775616789374, 'hidden_size': 94, 'dropout': 0.30494710384854606, 'hidden_continuous_size': 85, 'attention_head_size': 2, 'learning_rate': 0.029690794295943443}. Best is trial 60 with value: 6.482868194580078.
LOCAL_RANK: 0 - CUDA_VISIBLE_DEVICES: [0]
[I 2023-11-30 07:45:47,616] Trial 133 finished with value: 10.737773895263672 and parameters: {'gradient_clip_val': 0.7522461017386176, 'hidden_size': 94, 'dropout': 0.3029583407011817, 'hidden_continuous_size': 73, 'attention_head_size': 2, 'learning_rate': 0.030481642517323482}. Best is trial 60 with value: 6.482868194580078.
LOCAL_RANK: 0 - CUDA_VISIBLE_DEVICES: [0]
[I 2023-11-30 07:46:02,108] Trial 134 finished with value: 11.42437744140625 and parameters: {'gradient_clip_val': 0.7689560835762036, 'hidden_size': 124, 'dropout': 0.30645801793286764, 'hidden_continuous_size': 87, 'attention_head_size': 2, 'learning_rate': 0.035906923225974566}. Best is trial 60 with value: 6.482868194580078.
LOCAL_RANK: 0 - CUDA_VISIBLE_DEVICES: [0]
[I 2023-11-30 07:46:16,187] Trial 135 finished with value: 8.967826843261719 and parameters: {'gradient_clip_val': 0.6181228317579596, 'hidden_size': 100, 'dropout': 0.2943586553160756, 'hidden_continuous_size': 85, 'attention_head_size': 2, 'learning_rate': 0.047545096324948403}. Best is trial 60 with value: 6.482868194580078.
LOCAL_RANK: 0 - CUDA_VISIBLE_DEVICES: [0]
[I 2023-11-30 07:46:30,499] Trial 136 finished with value: 8.445988655090332 and parameters: {'gradient_clip_val': 0.8374849860775421, 'hidden_size': 115, 'dropout': 0.3206945079274375, 'hidden_continuous_size': 92, 'attention_head_size': 2, 'learning_rate': 0.028956419053331614}. Best is trial 60 with value: 6.482868194580078.
LOCAL_RANK: 0 - CUDA_VISIBLE_DEVICES: [0]
[I 2023-11-30 07:46:44,700] Trial 137 finished with value: 9.605198860168457 and parameters: {'gradient_clip_val': 0.711029443198327, 'hidden_size': 106, 'dropout': 0.3261950373715447, 'hidden_continuous_size': 73, 'attention_head_size': 2, 'learning_rate': 0.038367102111570045}. Best is trial 60 with value: 6.482868194580078.
LOCAL_RANK: 0 - CUDA_VISIBLE_DEVICES: [0]
[I 2023-11-30 07:46:58,709] Trial 138 finished with value: 7.599912166595459 and parameters: {'gradient_clip_val': 0.571625838238338, 'hidden_size': 85, 'dropout': 0.31134541354724005, 'hidden_continuous_size': 78, 'attention_head_size': 2, 'learning_rate': 0.033218399281172435}. Best is trial 60 with value: 6.482868194580078.
LOCAL_RANK: 0 - CUDA_VISIBLE_DEVICES: [0]
[I 2023-11-30 07:47:12,941] Trial 139 finished with value: 12.985150337219238 and parameters: {'gradient_clip_val': 0.6651476322420091, 'hidden_size': 124, 'dropout': 0.3328398580016542, 'hidden_continuous_size': 69, 'attention_head_size': 2, 'learning_rate': 0.04304214841019339}. Best is trial 60 with value: 6.482868194580078.
LOCAL_RANK: 0 - CUDA_VISIBLE_DEVICES: [0]
[I 2023-11-30 07:47:27,163] Trial 140 finished with value: 11.740662574768066 and parameters: {'gradient_clip_val': 0.8065454216495479, 'hidden_size': 112, 'dropout': 0.3166977496190367, 'hidden_continuous_size': 83, 'attention_head_size': 2, 'learning_rate': 0.05951527727056317}. Best is trial 60 with value: 6.482868194580078.
LOCAL_RANK: 0 - CUDA_VISIBLE_DEVICES: [0]
[I 2023-11-30 07:47:41,413] Trial 141 finished with value: 8.140959739685059 and parameters: {'gradient_clip_val': 0.36265591105307793, 'hidden_size': 93, 'dropout': 0.3255876880028564, 'hidden_continuous_size': 78, 'attention_head_size': 2, 'learning_rate': 0.02732624614694032}. Best is trial 60 with value: 6.482868194580078.
LOCAL_RANK: 0 - CUDA_VISIBLE_DEVICES: [0]
[I 2023-11-30 07:47:55,589] Trial 142 finished with value: 9.87269115447998 and parameters: {'gradient_clip_val': 0.7410339188592996, 'hidden_size': 79, 'dropout': 0.29981495227655935, 'hidden_continuous_size': 74, 'attention_head_size': 3, 'learning_rate': 0.051881948043522634}. Best is trial 60 with value: 6.482868194580078.
LOCAL_RANK: 0 - CUDA_VISIBLE_DEVICES: [0]
[I 2023-11-30 07:48:09,794] Trial 143 finished with value: 8.89673137664795 and parameters: {'gradient_clip_val': 0.2913501819302092, 'hidden_size': 87, 'dropout': 0.34140031369939405, 'hidden_continuous_size': 80, 'attention_head_size': 3, 'learning_rate': 0.024210515766589398}. Best is trial 60 with value: 6.482868194580078.
LOCAL_RANK: 0 - CUDA_VISIBLE_DEVICES: [0]
[I 2023-11-30 07:48:24,039] Trial 144 finished with value: 8.723161697387695 and parameters: {'gradient_clip_val': 0.8603930175550167, 'hidden_size': 101, 'dropout': 0.3364989458491453, 'hidden_continuous_size': 61, 'attention_head_size': 2, 'learning_rate': 0.03167819851112835}. Best is trial 60 with value: 6.482868194580078.
LOCAL_RANK: 0 - CUDA_VISIBLE_DEVICES: [0]
[I 2023-11-30 07:48:38,112] Trial 145 finished with value: 7.967981815338135 and parameters: {'gradient_clip_val': 0.44090908282733243, 'hidden_size': 82, 'dropout': 0.3075979543694797, 'hidden_continuous_size': 76, 'attention_head_size': 3, 'learning_rate': 0.03882284489749719}. Best is trial 60 with value: 6.482868194580078.
LOCAL_RANK: 0 - CUDA_VISIBLE_DEVICES: [0]
[I 2023-11-30 07:48:51,732] Trial 146 finished with value: 7.893682956695557 and parameters: {'gradient_clip_val': 0.7775381937901568, 'hidden_size': 55, 'dropout': 0.2935969726726469, 'hidden_continuous_size': 54, 'attention_head_size': 3, 'learning_rate': 0.0348327918673978}. Best is trial 60 with value: 6.482868194580078.
LOCAL_RANK: 0 - CUDA_VISIBLE_DEVICES: [0]
[I 2023-11-30 07:49:05,778] Trial 147 finished with value: 9.413924217224121 and parameters: {'gradient_clip_val': 0.7037919406967456, 'hidden_size': 132, 'dropout': 0.3196269801825388, 'hidden_continuous_size': 58, 'attention_head_size': 2, 'learning_rate': 0.04412462125435099}. Best is trial 60 with value: 6.482868194580078.
LOCAL_RANK: 0 - CUDA_VISIBLE_DEVICES: [0]
[I 2023-11-30 07:49:19,206] Trial 148 finished with value: 8.4497652053833 and parameters: {'gradient_clip_val': 0.5275383103463115, 'hidden_size': 60, 'dropout': 0.2117532635100986, 'hidden_continuous_size': 57, 'attention_head_size': 3, 'learning_rate': 0.029210806883116416}. Best is trial 60 with value: 6.482868194580078.
LOCAL_RANK: 0 - CUDA_VISIBLE_DEVICES: [0]
[I 2023-11-30 07:49:33,504] Trial 149 finished with value: 7.494073390960693 and parameters: {'gradient_clip_val': 0.5610609391620809, 'hidden_size': 95, 'dropout': 0.3297026422090484, 'hidden_continuous_size': 85, 'attention_head_size': 2, 'learning_rate': 0.0221845778535792}. Best is trial 60 with value: 6.482868194580078.
[I 2023-11-30 07:49:33,613] A new study created in memory with name: no-name-bd7fd5a3-51e3-43a9-8789-a8a46c367a6a
/home/le004/conda/anaconda3/envs/tsff_env/lib/python3.9/site-packages/lightning/fabric/plugins/environments/slurm.py:191: The `srun` command is available on your system but is not used. HINT: If your intention is to run Lightning on SLURM, prepend your python command with `srun` like so: srun python /home/le004/master_thesis/git/TSFusionForecast/code/ ...
LOCAL_RANK: 0 - CUDA_VISIBLE_DEVICES: [0]
[I 2023-11-30 07:49:46,986] Trial 0 finished with value: 5.5223212242126465 and parameters: {'gradient_clip_val': 0.1314163854299213, 'hidden_size': 82, 'dropout': 0.39653155624363945, 'hidden_continuous_size': 17, 'attention_head_size': 3, 'learning_rate': 0.029428352892588144}. Best is trial 0 with value: 5.5223212242126465.
LOCAL_RANK: 0 - CUDA_VISIBLE_DEVICES: [0]
[I 2023-11-30 07:50:00,772] Trial 1 finished with value: 9.276204109191895 and parameters: {'gradient_clip_val': 0.25763616709777515, 'hidden_size': 77, 'dropout': 0.18889113051723044, 'hidden_continuous_size': 54, 'attention_head_size': 2, 'learning_rate': 0.0010082271918025246}. Best is trial 0 with value: 5.5223212242126465.
LOCAL_RANK: 0 - CUDA_VISIBLE_DEVICES: [0]
