[I 2023-11-30 13:05:15,794] Trial 110 finished with value: 498.1062316894531 and parameters: {'gradient_clip_val': 0.10641589481421236, 'hidden_size': 113, 'dropout': 0.185224922837029, 'hidden_continuous_size': 45, 'attention_head_size': 4, 'learning_rate': 0.06381913375002117}. Best is trial 30 with value: 439.8798828125.
LOCAL_RANK: 0 - CUDA_VISIBLE_DEVICES: [0]
[I 2023-11-30 13:05:30,172] Trial 111 finished with value: 516.9899291992188 and parameters: {'gradient_clip_val': 0.10450851299255927, 'hidden_size': 139, 'dropout': 0.1773859976672058, 'hidden_continuous_size': 50, 'attention_head_size': 4, 'learning_rate': 0.0764175962202795}. Best is trial 30 with value: 439.8798828125.
LOCAL_RANK: 0 - CUDA_VISIBLE_DEVICES: [0]
[I 2023-11-30 13:05:44,294] Trial 112 finished with value: 553.1075439453125 and parameters: {'gradient_clip_val': 0.11522368046833634, 'hidden_size': 132, 'dropout': 0.19485202785174646, 'hidden_continuous_size': 59, 'attention_head_size': 4, 'learning_rate': 0.04751602837740192}. Best is trial 30 with value: 439.8798828125.
LOCAL_RANK: 0 - CUDA_VISIBLE_DEVICES: [0]
[I 2023-11-30 13:05:58,791] Trial 113 finished with value: 509.5764465332031 and parameters: {'gradient_clip_val': 0.10050255801788852, 'hidden_size': 148, 'dropout': 0.1756907512535051, 'hidden_continuous_size': 41, 'attention_head_size': 4, 'learning_rate': 0.06883665840028205}. Best is trial 30 with value: 439.8798828125.
LOCAL_RANK: 0 - CUDA_VISIBLE_DEVICES: [0]
[I 2023-11-30 13:06:13,012] Trial 114 finished with value: 534.9876098632812 and parameters: {'gradient_clip_val': 0.11096344916239277, 'hidden_size': 125, 'dropout': 0.14655094632634152, 'hidden_continuous_size': 43, 'attention_head_size': 4, 'learning_rate': 0.05765315075534953}. Best is trial 30 with value: 439.8798828125.
LOCAL_RANK: 0 - CUDA_VISIBLE_DEVICES: [0]
[I 2023-11-30 13:06:27,337] Trial 115 finished with value: 562.6305541992188 and parameters: {'gradient_clip_val': 0.13990537367785452, 'hidden_size': 99, 'dropout': 0.15445304287902922, 'hidden_continuous_size': 80, 'attention_head_size': 4, 'learning_rate': 0.05085974845372234}. Best is trial 30 with value: 439.8798828125.
LOCAL_RANK: 0 - CUDA_VISIBLE_DEVICES: [0]
[I 2023-11-30 13:06:41,457] Trial 116 finished with value: 484.3507385253906 and parameters: {'gradient_clip_val': 0.12413975404913258, 'hidden_size': 119, 'dropout': 0.18666951758019001, 'hidden_continuous_size': 47, 'attention_head_size': 4, 'learning_rate': 0.06027573652539892}. Best is trial 30 with value: 439.8798828125.
LOCAL_RANK: 0 - CUDA_VISIBLE_DEVICES: [0]
[I 2023-11-30 13:06:55,590] Trial 117 finished with value: 662.2454833984375 and parameters: {'gradient_clip_val': 0.11656601730849389, 'hidden_size': 107, 'dropout': 0.20071206928112734, 'hidden_continuous_size': 46, 'attention_head_size': 4, 'learning_rate': 0.04221639233475082}. Best is trial 30 with value: 439.8798828125.
LOCAL_RANK: 0 - CUDA_VISIBLE_DEVICES: [0]
[I 2023-11-30 13:07:09,838] Trial 118 finished with value: 546.46142578125 and parameters: {'gradient_clip_val': 0.13376559249123943, 'hidden_size': 116, 'dropout': 0.1870308316904891, 'hidden_continuous_size': 47, 'attention_head_size': 3, 'learning_rate': 0.055972953000597965}. Best is trial 30 with value: 439.8798828125.
LOCAL_RANK: 0 - CUDA_VISIBLE_DEVICES: [0]
[I 2023-11-30 13:07:23,737] Trial 119 finished with value: 619.7256469726562 and parameters: {'gradient_clip_val': 0.12336022677243594, 'hidden_size': 120, 'dropout': 0.19011127615193218, 'hidden_continuous_size': 39, 'attention_head_size': 2, 'learning_rate': 0.0887481035806395}. Best is trial 30 with value: 439.8798828125.
LOCAL_RANK: 0 - CUDA_VISIBLE_DEVICES: [0]
[I 2023-11-30 13:07:37,666] Trial 120 finished with value: 445.27978515625 and parameters: {'gradient_clip_val': 0.11978418508613563, 'hidden_size': 108, 'dropout': 0.1674526634204602, 'hidden_continuous_size': 44, 'attention_head_size': 4, 'learning_rate': 0.0988712691095088}. Best is trial 30 with value: 439.8798828125.
LOCAL_RANK: 0 - CUDA_VISIBLE_DEVICES: [0]
[I 2023-11-30 13:07:51,951] Trial 121 finished with value: 501.5306701660156 and parameters: {'gradient_clip_val': 0.1079918583126675, 'hidden_size': 129, 'dropout': 0.17009518879133262, 'hidden_continuous_size': 40, 'attention_head_size': 4, 'learning_rate': 0.09572502723489187}. Best is trial 30 with value: 439.8798828125.
LOCAL_RANK: 0 - CUDA_VISIBLE_DEVICES: [0]
[I 2023-11-30 13:08:05,901] Trial 122 finished with value: 606.1353149414062 and parameters: {'gradient_clip_val': 0.12028552577009231, 'hidden_size': 93, 'dropout': 0.18136601665212296, 'hidden_continuous_size': 43, 'attention_head_size': 4, 'learning_rate': 0.08062108874202085}. Best is trial 30 with value: 439.8798828125.
LOCAL_RANK: 0 - CUDA_VISIBLE_DEVICES: [0]
[I 2023-11-30 13:08:20,073] Trial 123 finished with value: 579.3483276367188 and parameters: {'gradient_clip_val': 0.12475194061638749, 'hidden_size': 107, 'dropout': 0.1632880297681981, 'hidden_continuous_size': 51, 'attention_head_size': 4, 'learning_rate': 0.07710751011618261}. Best is trial 30 with value: 439.8798828125.
LOCAL_RANK: 0 - CUDA_VISIBLE_DEVICES: [0]
[I 2023-11-30 13:08:34,043] Trial 124 finished with value: 509.0790100097656 and parameters: {'gradient_clip_val': 0.10597207648768445, 'hidden_size': 100, 'dropout': 0.16844750723874596, 'hidden_continuous_size': 35, 'attention_head_size': 4, 'learning_rate': 0.0687063646706653}. Best is trial 30 with value: 439.8798828125.
LOCAL_RANK: 0 - CUDA_VISIBLE_DEVICES: [0]
[I 2023-11-30 13:08:48,336] Trial 125 finished with value: 498.2789611816406 and parameters: {'gradient_clip_val': 0.11444057755213702, 'hidden_size': 135, 'dropout': 0.1601590492837343, 'hidden_continuous_size': 45, 'attention_head_size': 4, 'learning_rate': 0.05895183371481215}. Best is trial 30 with value: 439.8798828125.
LOCAL_RANK: 0 - CUDA_VISIBLE_DEVICES: [0]
[I 2023-11-30 13:09:02,479] Trial 126 finished with value: 517.3788452148438 and parameters: {'gradient_clip_val': 0.11175060220345409, 'hidden_size': 110, 'dropout': 0.17575169329266274, 'hidden_continuous_size': 54, 'attention_head_size': 4, 'learning_rate': 0.09707256169433953}. Best is trial 30 with value: 439.8798828125.
LOCAL_RANK: 0 - CUDA_VISIBLE_DEVICES: [0]
[I 2023-11-30 13:09:16,509] Trial 127 finished with value: 571.4733276367188 and parameters: {'gradient_clip_val': 0.1310348600746168, 'hidden_size': 124, 'dropout': 0.18267451154462774, 'hidden_continuous_size': 40, 'attention_head_size': 4, 'learning_rate': 0.08314697523086483}. Best is trial 30 with value: 439.8798828125.
LOCAL_RANK: 0 - CUDA_VISIBLE_DEVICES: [0]
[I 2023-11-30 13:09:30,868] Trial 128 finished with value: 627.7026977539062 and parameters: {'gradient_clip_val': 0.37712470065535225, 'hidden_size': 115, 'dropout': 0.15056345763526788, 'hidden_continuous_size': 44, 'attention_head_size': 4, 'learning_rate': 0.07277071639292819}. Best is trial 30 with value: 439.8798828125.
LOCAL_RANK: 0 - CUDA_VISIBLE_DEVICES: [0]
[I 2023-11-30 13:09:45,296] Trial 129 finished with value: 558.7033081054688 and parameters: {'gradient_clip_val': 0.13783826399824645, 'hidden_size': 149, 'dropout': 0.19103571020911236, 'hidden_continuous_size': 48, 'attention_head_size': 3, 'learning_rate': 0.0514070809338032}. Best is trial 30 with value: 439.8798828125.
LOCAL_RANK: 0 - CUDA_VISIBLE_DEVICES: [0]
[I 2023-11-30 13:09:59,586] Trial 130 finished with value: 607.2147827148438 and parameters: {'gradient_clip_val': 0.14676773264872028, 'hidden_size': 88, 'dropout': 0.20424769163072182, 'hidden_continuous_size': 78, 'attention_head_size': 4, 'learning_rate': 0.06552969518155388}. Best is trial 30 with value: 439.8798828125.
LOCAL_RANK: 0 - CUDA_VISIBLE_DEVICES: [0]
[I 2023-11-30 13:10:13,829] Trial 131 finished with value: 492.9720153808594 and parameters: {'gradient_clip_val': 0.16081597918429577, 'hidden_size': 140, 'dropout': 0.12977522213474854, 'hidden_continuous_size': 37, 'attention_head_size': 4, 'learning_rate': 0.08786954472190864}. Best is trial 30 with value: 439.8798828125.
LOCAL_RANK: 0 - CUDA_VISIBLE_DEVICES: [0]
[I 2023-11-30 13:10:28,146] Trial 132 finished with value: 595.3262939453125 and parameters: {'gradient_clip_val': 0.15469893564005766, 'hidden_size': 131, 'dropout': 0.1397763550285749, 'hidden_continuous_size': 62, 'attention_head_size': 4, 'learning_rate': 0.0443597289441887}. Best is trial 30 with value: 439.8798828125.
LOCAL_RANK: 0 - CUDA_VISIBLE_DEVICES: [0]
[I 2023-11-30 13:10:42,726] Trial 133 finished with value: 575.2689819335938 and parameters: {'gradient_clip_val': 0.10380519139245858, 'hidden_size': 137, 'dropout': 0.1549163100933854, 'hidden_continuous_size': 58, 'attention_head_size': 4, 'learning_rate': 0.06008451290353141}. Best is trial 30 with value: 439.8798828125.
LOCAL_RANK: 0 - CUDA_VISIBLE_DEVICES: [0]
[I 2023-11-30 13:10:56,970] Trial 134 finished with value: 476.3640441894531 and parameters: {'gradient_clip_val': 0.11858279293081617, 'hidden_size': 121, 'dropout': 0.11612393889183711, 'hidden_continuous_size': 53, 'attention_head_size': 4, 'learning_rate': 0.09960451532968553}. Best is trial 30 with value: 439.8798828125.
LOCAL_RANK: 0 - CUDA_VISIBLE_DEVICES: [0]
[I 2023-11-30 13:11:11,018] Trial 135 finished with value: 524.3705444335938 and parameters: {'gradient_clip_val': 0.1189267489755859, 'hidden_size': 121, 'dropout': 0.12375207939229112, 'hidden_continuous_size': 34, 'attention_head_size': 4, 'learning_rate': 0.08922052313316739}. Best is trial 30 with value: 439.8798828125.
LOCAL_RANK: 0 - CUDA_VISIBLE_DEVICES: [0]
[I 2023-11-30 13:11:25,149] Trial 136 finished with value: 676.0890502929688 and parameters: {'gradient_clip_val': 0.12717305261226639, 'hidden_size': 104, 'dropout': 0.11345097506689858, 'hidden_continuous_size': 53, 'attention_head_size': 4, 'learning_rate': 0.0963470455958841}. Best is trial 30 with value: 439.8798828125.
LOCAL_RANK: 0 - CUDA_VISIBLE_DEVICES: [0]
[I 2023-11-30 13:11:39,259] Trial 137 finished with value: 511.0360412597656 and parameters: {'gradient_clip_val': 0.100072057633427, 'hidden_size': 111, 'dropout': 0.11505893205240204, 'hidden_continuous_size': 42, 'attention_head_size': 4, 'learning_rate': 0.08001474039756702}. Best is trial 30 with value: 439.8798828125.
LOCAL_RANK: 0 - CUDA_VISIBLE_DEVICES: [0]
[I 2023-11-30 13:11:53,471] Trial 138 finished with value: 512.4285888671875 and parameters: {'gradient_clip_val': 0.1102761668859572, 'hidden_size': 96, 'dropout': 0.13355152637259704, 'hidden_continuous_size': 50, 'attention_head_size': 4, 'learning_rate': 0.09852071822310579}. Best is trial 30 with value: 439.8798828125.
LOCAL_RANK: 0 - CUDA_VISIBLE_DEVICES: [0]
[I 2023-11-30 13:12:07,718] Trial 139 finished with value: 525.9297485351562 and parameters: {'gradient_clip_val': 0.11793278785591065, 'hidden_size': 129, 'dropout': 0.1061051509004523, 'hidden_continuous_size': 39, 'attention_head_size': 4, 'learning_rate': 0.03505203343708285}. Best is trial 30 with value: 439.8798828125.
LOCAL_RANK: 0 - CUDA_VISIBLE_DEVICES: [0]
[I 2023-11-30 13:12:21,884] Trial 140 finished with value: 616.6187133789062 and parameters: {'gradient_clip_val': 0.30553158045845247, 'hidden_size': 118, 'dropout': 0.16393496504962113, 'hidden_continuous_size': 48, 'attention_head_size': 4, 'learning_rate': 0.039612728855181814}. Best is trial 30 with value: 439.8798828125.
LOCAL_RANK: 0 - CUDA_VISIBLE_DEVICES: [0]
[I 2023-11-30 13:12:36,477] Trial 141 finished with value: 581.689453125 and parameters: {'gradient_clip_val': 0.13468311614795977, 'hidden_size': 143, 'dropout': 0.14662175728740756, 'hidden_continuous_size': 68, 'attention_head_size': 4, 'learning_rate': 0.06409172702537888}. Best is trial 30 with value: 439.8798828125.
LOCAL_RANK: 0 - CUDA_VISIBLE_DEVICES: [0]
[I 2023-11-30 13:12:50,718] Trial 142 finished with value: 525.9179077148438 and parameters: {'gradient_clip_val': 0.14216402065745332, 'hidden_size': 127, 'dropout': 0.14061596204481766, 'hidden_continuous_size': 55, 'attention_head_size': 4, 'learning_rate': 0.031815085267349434}. Best is trial 30 with value: 439.8798828125.
LOCAL_RANK: 0 - CUDA_VISIBLE_DEVICES: [0]
[I 2023-11-30 13:13:05,344] Trial 143 finished with value: 517.6485595703125 and parameters: {'gradient_clip_val': 0.4922338833350897, 'hidden_size': 138, 'dropout': 0.12200204399358988, 'hidden_continuous_size': 60, 'attention_head_size': 4, 'learning_rate': 0.04756699429206466}. Best is trial 30 with value: 439.8798828125.
LOCAL_RANK: 0 - CUDA_VISIBLE_DEVICES: [0]
[I 2023-11-30 13:13:19,898] Trial 144 finished with value: 576.4210205078125 and parameters: {'gradient_clip_val': 0.12357836424099704, 'hidden_size': 149, 'dropout': 0.1735559463657443, 'hidden_continuous_size': 52, 'attention_head_size': 4, 'learning_rate': 0.07433530060547029}. Best is trial 30 with value: 439.8798828125.
LOCAL_RANK: 0 - CUDA_VISIBLE_DEVICES: [0]
[I 2023-11-30 13:13:34,136] Trial 145 finished with value: 519.2007446289062 and parameters: {'gradient_clip_val': 0.16509202296036096, 'hidden_size': 123, 'dropout': 0.1285103389191949, 'hidden_continuous_size': 56, 'attention_head_size': 4, 'learning_rate': 0.09975814324684201}. Best is trial 30 with value: 439.8798828125.
LOCAL_RANK: 0 - CUDA_VISIBLE_DEVICES: [0]
[I 2023-11-30 13:13:48,524] Trial 146 finished with value: 539.8572387695312 and parameters: {'gradient_clip_val': 0.15085450238357784, 'hidden_size': 135, 'dropout': 0.21672740786823483, 'hidden_continuous_size': 63, 'attention_head_size': 4, 'learning_rate': 0.004565764517048747}. Best is trial 30 with value: 439.8798828125.
LOCAL_RANK: 0 - CUDA_VISIBLE_DEVICES: [0]
[I 2023-11-30 13:14:02,526] Trial 147 finished with value: 548.9234008789062 and parameters: {'gradient_clip_val': 0.10780029007836453, 'hidden_size': 112, 'dropout': 0.15903941700535418, 'hidden_continuous_size': 45, 'attention_head_size': 4, 'learning_rate': 0.05309250484947793}. Best is trial 30 with value: 439.8798828125.
LOCAL_RANK: 0 - CUDA_VISIBLE_DEVICES: [0]
[I 2023-11-30 13:14:16,758] Trial 148 finished with value: 409.0025939941406 and parameters: {'gradient_clip_val': 0.23619758419367962, 'hidden_size': 119, 'dropout': 0.13642738703761756, 'hidden_continuous_size': 42, 'attention_head_size': 3, 'learning_rate': 0.005234017698148764}. Best is trial 148 with value: 409.0025939941406.
LOCAL_RANK: 0 - CUDA_VISIBLE_DEVICES: [0]
[I 2023-11-30 13:14:30,776] Trial 149 finished with value: 569.941162109375 and parameters: {'gradient_clip_val': 0.23089904926152383, 'hidden_size': 118, 'dropout': 0.11935360657801451, 'hidden_continuous_size': 37, 'attention_head_size': 3, 'learning_rate': 0.06991660675729228}. Best is trial 148 with value: 409.0025939941406.
[I 2023-11-30 13:14:30,885] A new study created in memory with name: no-name-6bbbe976-3d3e-4d58-b100-25c504bd84b8
/home/le004/conda/anaconda3/envs/tsff_env/lib/python3.9/site-packages/lightning/fabric/plugins/environments/slurm.py:191: The `srun` command is available on your system but is not used. HINT: If your intention is to run Lightning on SLURM, prepend your python command with `srun` like so: srun python /home/le004/master_thesis/git/TSFusionForecast/code/ ...
LOCAL_RANK: 0 - CUDA_VISIBLE_DEVICES: [0]
[I 2023-11-30 13:14:44,801] Trial 0 finished with value: 437.8128967285156 and parameters: {'gradient_clip_val': 0.25069713125788884, 'hidden_size': 74, 'dropout': 0.31659739279901455, 'hidden_continuous_size': 63, 'attention_head_size': 4, 'learning_rate': 0.0021406811260986773}. Best is trial 0 with value: 437.8128967285156.
LOCAL_RANK: 0 - CUDA_VISIBLE_DEVICES: [0]
[I 2023-11-30 13:14:57,404] Trial 1 finished with value: 738.3399047851562 and parameters: {'gradient_clip_val': 0.1560820554250957, 'hidden_size': 29, 'dropout': 0.31828812867656175, 'hidden_continuous_size': 16, 'attention_head_size': 4, 'learning_rate': 0.0010426744778846816}. Best is trial 0 with value: 437.8128967285156.
LOCAL_RANK: 0 - CUDA_VISIBLE_DEVICES: [0]
[I 2023-11-30 13:15:09,494] Trial 2 finished with value: 480.8268737792969 and parameters: {'gradient_clip_val': 0.9348081195243126, 'hidden_size': 16, 'dropout': 0.13187122265759624, 'hidden_continuous_size': 10, 'attention_head_size': 4, 'learning_rate': 0.019026500826427525}. Best is trial 0 with value: 437.8128967285156.
LOCAL_RANK: 0 - CUDA_VISIBLE_DEVICES: [0]
[I 2023-11-30 13:15:23,203] Trial 3 finished with value: 470.9109802246094 and parameters: {'gradient_clip_val': 0.4100230473427367, 'hidden_size': 112, 'dropout': 0.29539038155822656, 'hidden_continuous_size': 28, 'attention_head_size': 2, 'learning_rate': 0.0011033011141656293}. Best is trial 0 with value: 437.8128967285156.
LOCAL_RANK: 0 - CUDA_VISIBLE_DEVICES: [0]
[I 2023-11-30 13:15:37,367] Trial 4 finished with value: 380.919921875 and parameters: {'gradient_clip_val': 0.4550696543789084, 'hidden_size': 124, 'dropout': 0.25027222365660073, 'hidden_continuous_size': 57, 'attention_head_size': 4, 'learning_rate': 0.006583226610340264}. Best is trial 4 with value: 380.919921875.
LOCAL_RANK: 0 - CUDA_VISIBLE_DEVICES: [0]
[I 2023-11-30 13:15:50,068] Trial 5 finished with value: 642.0889282226562 and parameters: {'gradient_clip_val': 0.42489837984987633, 'hidden_size': 46, 'dropout': 0.10890929662267194, 'hidden_continuous_size': 12, 'attention_head_size': 1, 'learning_rate': 0.0015841762105634645}. Best is trial 4 with value: 380.919921875.
LOCAL_RANK: 0 - CUDA_VISIBLE_DEVICES: [0]
[I 2023-11-30 13:16:03,458] Trial 6 finished with value: 403.8689880371094 and parameters: {'gradient_clip_val': 0.15671504193339805, 'hidden_size': 51, 'dropout': 0.25662075648124516, 'hidden_continuous_size': 34, 'attention_head_size': 4, 'learning_rate': 0.09890013270558559}. Best is trial 4 with value: 380.919921875.
LOCAL_RANK: 0 - CUDA_VISIBLE_DEVICES: [0]
[I 2023-11-30 13:16:16,144] Trial 7 finished with value: 457.4674377441406 and parameters: {'gradient_clip_val': 0.6327108824121096, 'hidden_size': 30, 'dropout': 0.14584554846385553, 'hidden_continuous_size': 29, 'attention_head_size': 1, 'learning_rate': 0.0743642760805562}. Best is trial 4 with value: 380.919921875.
LOCAL_RANK: 0 - CUDA_VISIBLE_DEVICES: [0]
[I 2023-11-30 13:16:29,748] Trial 8 finished with value: 345.5756530761719 and parameters: {'gradient_clip_val': 0.18614158356839475, 'hidden_size': 103, 'dropout': 0.24825046929028652, 'hidden_continuous_size': 26, 'attention_head_size': 1, 'learning_rate': 0.01603765336189937}. Best is trial 8 with value: 345.5756530761719.
LOCAL_RANK: 0 - CUDA_VISIBLE_DEVICES: [0]
[I 2023-11-30 13:16:40,049] Trial 9 finished with value: 538.047119140625 and parameters: {'gradient_clip_val': 0.13216097807627283, 'hidden_size': 11, 'dropout': 0.3718441456214654, 'hidden_continuous_size': 11, 'attention_head_size': 3, 'learning_rate': 0.010821207246899679}. Best is trial 8 with value: 345.5756530761719.
LOCAL_RANK: 0 - CUDA_VISIBLE_DEVICES: [0]
[I 2023-11-30 13:16:54,525] Trial 10 finished with value: 435.1785583496094 and parameters: {'gradient_clip_val': 0.10058237762532306, 'hidden_size': 132, 'dropout': 0.18980557064474113, 'hidden_continuous_size': 125, 'attention_head_size': 2, 'learning_rate': 0.03206282265119811}. Best is trial 8 with value: 345.5756530761719.
LOCAL_RANK: 0 - CUDA_VISIBLE_DEVICES: [0]
[I 2023-11-30 13:17:08,953] Trial 11 finished with value: 423.2383117675781 and parameters: {'gradient_clip_val': 0.24781233781046974, 'hidden_size': 147, 'dropout': 0.2169705183680773, 'hidden_continuous_size': 56, 'attention_head_size': 3, 'learning_rate': 0.005426988055318205}. Best is trial 8 with value: 345.5756530761719.
LOCAL_RANK: 0 - CUDA_VISIBLE_DEVICES: [0]
[I 2023-11-30 13:17:22,360] Trial 12 finished with value: 483.1100158691406 and parameters: {'gradient_clip_val': 0.2765404117956713, 'hidden_size': 86, 'dropout': 0.24210894092593205, 'hidden_continuous_size': 21, 'attention_head_size': 2, 'learning_rate': 0.004729105337017923}. Best is trial 8 with value: 345.5756530761719.
LOCAL_RANK: 0 - CUDA_VISIBLE_DEVICES: [0]
[I 2023-11-30 13:17:36,051] Trial 13 finished with value: 429.0142822265625 and parameters: {'gradient_clip_val': 0.37090845026343344, 'hidden_size': 78, 'dropout': 0.18488686600439042, 'hidden_continuous_size': 22, 'attention_head_size': 3, 'learning_rate': 0.010239862648008207}. Best is trial 8 with value: 345.5756530761719.
LOCAL_RANK: 0 - CUDA_VISIBLE_DEVICES: [0]
[I 2023-11-30 13:17:50,125] Trial 14 finished with value: 444.8021545410156 and parameters: {'gradient_clip_val': 0.19186200285030977, 'hidden_size': 147, 'dropout': 0.24803777570572896, 'hidden_continuous_size': 41, 'attention_head_size': 1, 'learning_rate': 0.004701625698856206}. Best is trial 8 with value: 345.5756530761719.
LOCAL_RANK: 0 - CUDA_VISIBLE_DEVICES: [0]
[I 2023-11-30 13:18:03,904] Trial 15 finished with value: 481.2618713378906 and parameters: {'gradient_clip_val': 0.5998085414895655, 'hidden_size': 92, 'dropout': 0.2800700038117209, 'hidden_continuous_size': 44, 'attention_head_size': 2, 'learning_rate': 0.021736494599093922}. Best is trial 8 with value: 345.5756530761719.
LOCAL_RANK: 0 - CUDA_VISIBLE_DEVICES: [0]
[I 2023-11-30 13:18:17,515] Trial 16 finished with value: 423.6623229980469 and parameters: {'gradient_clip_val': 0.2170583256288919, 'hidden_size': 99, 'dropout': 0.20428814933880063, 'hidden_continuous_size': 17, 'attention_head_size': 3, 'learning_rate': 0.006992077654175802}. Best is trial 8 with value: 345.5756530761719.
LOCAL_RANK: 0 - CUDA_VISIBLE_DEVICES: [0]
[I 2023-11-30 13:18:30,814] Trial 17 finished with value: 435.351318359375 and parameters: {'gradient_clip_val': 0.3228627375024319, 'hidden_size': 67, 'dropout': 0.35721598731162413, 'hidden_continuous_size': 24, 'attention_head_size': 1, 'learning_rate': 0.0029862350957584258}. Best is trial 8 with value: 345.5756530761719.
LOCAL_RANK: 0 - CUDA_VISIBLE_DEVICES: [0]
