[I 2023-11-30 11:23:25,563] Trial 93 finished with value: 9.349411964416504 and parameters: {'gradient_clip_val': 0.5783890316094757, 'hidden_size': 38, 'dropout': 0.3310187382198034, 'hidden_continuous_size': 18, 'attention_head_size': 3, 'learning_rate': 0.021444973098640338}. Best is trial 78 with value: 7.471874713897705.
LOCAL_RANK: 0 - CUDA_VISIBLE_DEVICES: [0]
[I 2023-11-30 11:23:38,496] Trial 94 finished with value: 10.06364917755127 and parameters: {'gradient_clip_val': 0.6060264913320184, 'hidden_size': 45, 'dropout': 0.31404447207825537, 'hidden_continuous_size': 19, 'attention_head_size': 3, 'learning_rate': 0.026087927624308074}. Best is trial 78 with value: 7.471874713897705.
LOCAL_RANK: 0 - CUDA_VISIBLE_DEVICES: [0]
[I 2023-11-30 11:23:51,106] Trial 95 finished with value: 11.093911170959473 and parameters: {'gradient_clip_val': 0.5653544135136968, 'hidden_size': 40, 'dropout': 0.32410857734532267, 'hidden_continuous_size': 21, 'attention_head_size': 3, 'learning_rate': 0.02044984507889762}. Best is trial 78 with value: 7.471874713897705.
LOCAL_RANK: 0 - CUDA_VISIBLE_DEVICES: [0]
[I 2023-11-30 11:24:03,727] Trial 96 finished with value: 14.437755584716797 and parameters: {'gradient_clip_val': 0.7662347196457, 'hidden_size': 37, 'dropout': 0.3029366089542521, 'hidden_continuous_size': 18, 'attention_head_size': 3, 'learning_rate': 0.015397466839249172}. Best is trial 78 with value: 7.471874713897705.
LOCAL_RANK: 0 - CUDA_VISIBLE_DEVICES: [0]
[I 2023-11-30 11:24:16,403] Trial 97 finished with value: 9.255854606628418 and parameters: {'gradient_clip_val': 0.6878445513625903, 'hidden_size': 34, 'dropout': 0.28931895152127063, 'hidden_continuous_size': 19, 'attention_head_size': 3, 'learning_rate': 0.01257016327367716}. Best is trial 78 with value: 7.471874713897705.
LOCAL_RANK: 0 - CUDA_VISIBLE_DEVICES: [0]
[I 2023-11-30 11:24:29,336] Trial 98 finished with value: 8.570745468139648 and parameters: {'gradient_clip_val': 0.7057870022289187, 'hidden_size': 35, 'dropout': 0.2745841394927132, 'hidden_continuous_size': 19, 'attention_head_size': 4, 'learning_rate': 0.010600551175166782}. Best is trial 78 with value: 7.471874713897705.
LOCAL_RANK: 0 - CUDA_VISIBLE_DEVICES: [0]
[I 2023-11-30 11:24:41,926] Trial 99 finished with value: 9.809099197387695 and parameters: {'gradient_clip_val': 0.6844787261164276, 'hidden_size': 34, 'dropout': 0.2929011471444979, 'hidden_continuous_size': 17, 'attention_head_size': 4, 'learning_rate': 0.011810397052147365}. Best is trial 78 with value: 7.471874713897705.
LOCAL_RANK: 0 - CUDA_VISIBLE_DEVICES: [0]
[I 2023-11-30 11:24:54,246] Trial 100 finished with value: 12.978897094726562 and parameters: {'gradient_clip_val': 0.7403687497081115, 'hidden_size': 24, 'dropout': 0.2728031835434116, 'hidden_continuous_size': 19, 'attention_head_size': 4, 'learning_rate': 0.010340421432880362}. Best is trial 78 with value: 7.471874713897705.
LOCAL_RANK: 0 - CUDA_VISIBLE_DEVICES: [0]
[I 2023-11-30 11:25:06,868] Trial 101 finished with value: 10.095867156982422 and parameters: {'gradient_clip_val': 0.6857106452745637, 'hidden_size': 35, 'dropout': 0.2871891639812642, 'hidden_continuous_size': 20, 'attention_head_size': 4, 'learning_rate': 0.013169961345652821}. Best is trial 78 with value: 7.471874713897705.
LOCAL_RANK: 0 - CUDA_VISIBLE_DEVICES: [0]
[I 2023-11-30 11:25:19,389] Trial 102 finished with value: 9.439568519592285 and parameters: {'gradient_clip_val': 0.8107337151900389, 'hidden_size': 32, 'dropout': 0.2641468581284165, 'hidden_continuous_size': 19, 'attention_head_size': 4, 'learning_rate': 0.014554908521623382}. Best is trial 78 with value: 7.471874713897705.
LOCAL_RANK: 0 - CUDA_VISIBLE_DEVICES: [0]
[I 2023-11-30 11:25:32,069] Trial 103 finished with value: 9.713608741760254 and parameters: {'gradient_clip_val': 0.6178438159040393, 'hidden_size': 40, 'dropout': 0.2783753809863059, 'hidden_continuous_size': 22, 'attention_head_size': 3, 'learning_rate': 0.010377590000125015}. Best is trial 78 with value: 7.471874713897705.
LOCAL_RANK: 0 - CUDA_VISIBLE_DEVICES: [0]
[I 2023-11-30 11:25:44,514] Trial 104 finished with value: 10.906612396240234 and parameters: {'gradient_clip_val': 0.6443451214836682, 'hidden_size': 36, 'dropout': 0.2591241666017251, 'hidden_continuous_size': 21, 'attention_head_size': 1, 'learning_rate': 0.017247385213307816}. Best is trial 78 with value: 7.471874713897705.
LOCAL_RANK: 0 - CUDA_VISIBLE_DEVICES: [0]
[I 2023-11-30 11:25:57,159] Trial 105 finished with value: 12.273185729980469 and parameters: {'gradient_clip_val': 0.7266511928580026, 'hidden_size': 31, 'dropout': 0.2699917321003946, 'hidden_continuous_size': 20, 'attention_head_size': 3, 'learning_rate': 0.008416921372765533}. Best is trial 78 with value: 7.471874713897705.
LOCAL_RANK: 0 - CUDA_VISIBLE_DEVICES: [0]
[I 2023-11-30 11:26:10,216] Trial 106 finished with value: 11.213839530944824 and parameters: {'gradient_clip_val': 0.7776182049100298, 'hidden_size': 43, 'dropout': 0.25003175492851104, 'hidden_continuous_size': 23, 'attention_head_size': 4, 'learning_rate': 0.012110626394032679}. Best is trial 78 with value: 7.471874713897705.
LOCAL_RANK: 0 - CUDA_VISIBLE_DEVICES: [0]
[I 2023-11-30 11:26:23,195] Trial 107 finished with value: 10.57806396484375 and parameters: {'gradient_clip_val': 0.8398733101008546, 'hidden_size': 47, 'dropout': 0.3003418704739896, 'hidden_continuous_size': 17, 'attention_head_size': 3, 'learning_rate': 0.01852888116628795}. Best is trial 78 with value: 7.471874713897705.
LOCAL_RANK: 0 - CUDA_VISIBLE_DEVICES: [0]
[I 2023-11-30 11:26:35,834] Trial 108 finished with value: 10.601508140563965 and parameters: {'gradient_clip_val': 0.6533514713844056, 'hidden_size': 34, 'dropout': 0.29404111117704856, 'hidden_continuous_size': 19, 'attention_head_size': 3, 'learning_rate': 0.013166635870571512}. Best is trial 78 with value: 7.471874713897705.
LOCAL_RANK: 0 - CUDA_VISIBLE_DEVICES: [0]
[I 2023-11-30 11:26:48,639] Trial 109 finished with value: 10.568333625793457 and parameters: {'gradient_clip_val': 0.7052040004609295, 'hidden_size': 38, 'dropout': 0.28368311508477717, 'hidden_continuous_size': 20, 'attention_head_size': 3, 'learning_rate': 0.009747232026106169}. Best is trial 78 with value: 7.471874713897705.
LOCAL_RANK: 0 - CUDA_VISIBLE_DEVICES: [0]
[I 2023-11-30 11:27:01,734] Trial 110 finished with value: 8.65610408782959 and parameters: {'gradient_clip_val': 0.5465065130829039, 'hidden_size': 52, 'dropout': 0.30980555673367066, 'hidden_continuous_size': 22, 'attention_head_size': 4, 'learning_rate': 0.006946770607814798}. Best is trial 78 with value: 7.471874713897705.
LOCAL_RANK: 0 - CUDA_VISIBLE_DEVICES: [0]
[I 2023-11-30 11:27:14,846] Trial 111 finished with value: 8.365254402160645 and parameters: {'gradient_clip_val': 0.5451227352565753, 'hidden_size': 56, 'dropout': 0.3143263444399132, 'hidden_continuous_size': 22, 'attention_head_size': 4, 'learning_rate': 0.008797752513069348}. Best is trial 78 with value: 7.471874713897705.
LOCAL_RANK: 0 - CUDA_VISIBLE_DEVICES: [0]
[I 2023-11-30 11:27:27,998] Trial 112 finished with value: 9.4531888961792 and parameters: {'gradient_clip_val': 0.6192696757185358, 'hidden_size': 52, 'dropout': 0.3103752915202753, 'hidden_continuous_size': 24, 'attention_head_size': 4, 'learning_rate': 0.015246112897208161}. Best is trial 78 with value: 7.471874713897705.
LOCAL_RANK: 0 - CUDA_VISIBLE_DEVICES: [0]
[I 2023-11-30 11:27:41,576] Trial 113 finished with value: 9.312056541442871 and parameters: {'gradient_clip_val': 0.5372994631083948, 'hidden_size': 63, 'dropout': 0.3189437640175336, 'hidden_continuous_size': 27, 'attention_head_size': 4, 'learning_rate': 0.006558893602640803}. Best is trial 78 with value: 7.471874713897705.
LOCAL_RANK: 0 - CUDA_VISIBLE_DEVICES: [0]
[I 2023-11-30 11:27:54,802] Trial 114 finished with value: 12.432232856750488 and parameters: {'gradient_clip_val': 0.543000657283349, 'hidden_size': 51, 'dropout': 0.3171317989021835, 'hidden_continuous_size': 28, 'attention_head_size': 4, 'learning_rate': 0.006829235736011695}. Best is trial 78 with value: 7.471874713897705.
LOCAL_RANK: 0 - CUDA_VISIBLE_DEVICES: [0]
[I 2023-11-30 11:28:07,919] Trial 115 finished with value: 8.048306465148926 and parameters: {'gradient_clip_val': 0.5891673652294491, 'hidden_size': 56, 'dropout': 0.3280119741158593, 'hidden_continuous_size': 27, 'attention_head_size': 4, 'learning_rate': 0.005615197537594771}. Best is trial 78 with value: 7.471874713897705.
LOCAL_RANK: 0 - CUDA_VISIBLE_DEVICES: [0]
[I 2023-11-30 11:28:21,187] Trial 116 finished with value: 9.034867286682129 and parameters: {'gradient_clip_val': 0.6808522976215561, 'hidden_size': 57, 'dropout': 0.3294857033574196, 'hidden_continuous_size': 25, 'attention_head_size': 4, 'learning_rate': 0.00586418832173039}. Best is trial 78 with value: 7.471874713897705.
LOCAL_RANK: 0 - CUDA_VISIBLE_DEVICES: [0]
[I 2023-11-30 11:28:34,676] Trial 117 finished with value: 9.856036186218262 and parameters: {'gradient_clip_val': 0.5776183493333414, 'hidden_size': 58, 'dropout': 0.3297205587148216, 'hidden_continuous_size': 25, 'attention_head_size': 4, 'learning_rate': 0.00554654152348874}. Best is trial 78 with value: 7.471874713897705.
LOCAL_RANK: 0 - CUDA_VISIBLE_DEVICES: [0]
[I 2023-11-30 11:28:47,817] Trial 118 finished with value: 14.451683044433594 and parameters: {'gradient_clip_val': 0.6004300476963333, 'hidden_size': 55, 'dropout': 0.32538224943573213, 'hidden_continuous_size': 24, 'attention_head_size': 4, 'learning_rate': 0.004672161744468634}. Best is trial 78 with value: 7.471874713897705.
LOCAL_RANK: 0 - CUDA_VISIBLE_DEVICES: [0]
[I 2023-11-30 11:29:00,827] Trial 119 finished with value: 9.41435718536377 and parameters: {'gradient_clip_val': 0.739448407211277, 'hidden_size': 47, 'dropout': 0.3348784239561162, 'hidden_continuous_size': 22, 'attention_head_size': 4, 'learning_rate': 0.008475434247518406}. Best is trial 78 with value: 7.471874713897705.
LOCAL_RANK: 0 - CUDA_VISIBLE_DEVICES: [0]
[I 2023-11-30 11:29:14,073] Trial 120 finished with value: 11.542864799499512 and parameters: {'gradient_clip_val': 0.6615885492519181, 'hidden_size': 58, 'dropout': 0.31024115678731384, 'hidden_continuous_size': 26, 'attention_head_size': 4, 'learning_rate': 0.007227117115376596}. Best is trial 78 with value: 7.471874713897705.
LOCAL_RANK: 0 - CUDA_VISIBLE_DEVICES: [0]
[I 2023-11-30 11:29:27,223] Trial 121 finished with value: 10.690943717956543 and parameters: {'gradient_clip_val': 0.6804989675985721, 'hidden_size': 53, 'dropout': 0.3457231932272991, 'hidden_continuous_size': 23, 'attention_head_size': 4, 'learning_rate': 0.011114927376072604}. Best is trial 78 with value: 7.471874713897705.
LOCAL_RANK: 0 - CUDA_VISIBLE_DEVICES: [0]
[I 2023-11-30 11:29:40,442] Trial 122 finished with value: 8.863847732543945 and parameters: {'gradient_clip_val': 0.7537821209929377, 'hidden_size': 43, 'dropout': 0.3004308286140596, 'hidden_continuous_size': 29, 'attention_head_size': 4, 'learning_rate': 0.008956631097699624}. Best is trial 78 with value: 7.471874713897705.
LOCAL_RANK: 0 - CUDA_VISIBLE_DEVICES: [0]
[I 2023-11-30 11:29:53,596] Trial 123 finished with value: 9.858363151550293 and parameters: {'gradient_clip_val': 0.8957583036313023, 'hidden_size': 49, 'dropout': 0.3055009301531032, 'hidden_continuous_size': 28, 'attention_head_size': 4, 'learning_rate': 0.007772431819301192}. Best is trial 78 with value: 7.471874713897705.
LOCAL_RANK: 0 - CUDA_VISIBLE_DEVICES: [0]
[I 2023-11-30 11:30:06,508] Trial 124 finished with value: 9.86209774017334 and parameters: {'gradient_clip_val': 0.7638357099664969, 'hidden_size': 43, 'dropout': 0.3204892300504025, 'hidden_continuous_size': 30, 'attention_head_size': 4, 'learning_rate': 0.008931396726739708}. Best is trial 78 with value: 7.471874713897705.
LOCAL_RANK: 0 - CUDA_VISIBLE_DEVICES: [0]
[I 2023-11-30 11:30:19,482] Trial 125 finished with value: 9.498353004455566 and parameters: {'gradient_clip_val': 0.8048048669912815, 'hidden_size': 47, 'dropout': 0.30158499321517934, 'hidden_continuous_size': 30, 'attention_head_size': 4, 'learning_rate': 0.009713327156209853}. Best is trial 78 with value: 7.471874713897705.
LOCAL_RANK: 0 - CUDA_VISIBLE_DEVICES: [0]
[I 2023-11-30 11:30:32,789] Trial 126 finished with value: 9.240471839904785 and parameters: {'gradient_clip_val': 0.6384185339024585, 'hidden_size': 58, 'dropout': 0.32800848396681254, 'hidden_continuous_size': 26, 'attention_head_size': 4, 'learning_rate': 0.007583887334195887}. Best is trial 78 with value: 7.471874713897705.
LOCAL_RANK: 0 - CUDA_VISIBLE_DEVICES: [0]
[I 2023-11-30 11:30:45,905] Trial 127 finished with value: 10.504825592041016 and parameters: {'gradient_clip_val': 0.7111375190073339, 'hidden_size': 42, 'dropout': 0.31418435172486797, 'hidden_continuous_size': 23, 'attention_head_size': 4, 'learning_rate': 0.006443330403221997}. Best is trial 78 with value: 7.471874713897705.
LOCAL_RANK: 0 - CUDA_VISIBLE_DEVICES: [0]
[I 2023-11-30 11:30:58,914] Trial 128 finished with value: 12.209548950195312 and parameters: {'gradient_clip_val': 0.8471026304607794, 'hidden_size': 45, 'dropout': 0.33534215287223273, 'hidden_continuous_size': 22, 'attention_head_size': 4, 'learning_rate': 0.00606964355015338}. Best is trial 78 with value: 7.471874713897705.
LOCAL_RANK: 0 - CUDA_VISIBLE_DEVICES: [0]
[I 2023-11-30 11:31:11,956] Trial 129 finished with value: 9.660187721252441 and parameters: {'gradient_clip_val': 0.507477344989213, 'hidden_size': 50, 'dropout': 0.32141051845725954, 'hidden_continuous_size': 24, 'attention_head_size': 4, 'learning_rate': 0.008726955125100558}. Best is trial 78 with value: 7.471874713897705.
LOCAL_RANK: 0 - CUDA_VISIBLE_DEVICES: [0]
[I 2023-11-30 11:31:25,158] Trial 130 finished with value: 12.77258014678955 and parameters: {'gradient_clip_val': 0.9995896880820521, 'hidden_size': 53, 'dropout': 0.2988985798228645, 'hidden_continuous_size': 30, 'attention_head_size': 4, 'learning_rate': 0.004597576262823899}. Best is trial 78 with value: 7.471874713897705.
LOCAL_RANK: 0 - CUDA_VISIBLE_DEVICES: [0]
[I 2023-11-30 11:31:38,751] Trial 131 finished with value: 9.448787689208984 and parameters: {'gradient_clip_val': 0.6357360328405667, 'hidden_size': 59, 'dropout': 0.32457442587457763, 'hidden_continuous_size': 26, 'attention_head_size': 4, 'learning_rate': 0.007835060784032772}. Best is trial 78 with value: 7.471874713897705.
LOCAL_RANK: 0 - CUDA_VISIBLE_DEVICES: [0]
[I 2023-11-30 11:31:51,944] Trial 132 finished with value: 10.461142539978027 and parameters: {'gradient_clip_val': 0.5943294769081124, 'hidden_size': 54, 'dropout': 0.3290913118716821, 'hidden_continuous_size': 25, 'attention_head_size': 4, 'learning_rate': 0.007534184031419791}. Best is trial 78 with value: 7.471874713897705.
LOCAL_RANK: 0 - CUDA_VISIBLE_DEVICES: [0]
[I 2023-11-30 11:32:05,485] Trial 133 finished with value: 10.59817123413086 and parameters: {'gradient_clip_val': 0.620041286555117, 'hidden_size': 68, 'dropout': 0.341582057713224, 'hidden_continuous_size': 27, 'attention_head_size': 4, 'learning_rate': 0.007146096295056778}. Best is trial 78 with value: 7.471874713897705.
LOCAL_RANK: 0 - CUDA_VISIBLE_DEVICES: [0]
[I 2023-11-30 11:32:18,947] Trial 134 finished with value: 10.350451469421387 and parameters: {'gradient_clip_val': 0.7297404075456543, 'hidden_size': 61, 'dropout': 0.3132537936100904, 'hidden_continuous_size': 23, 'attention_head_size': 4, 'learning_rate': 0.008147241595244636}. Best is trial 78 with value: 7.471874713897705.
LOCAL_RANK: 0 - CUDA_VISIBLE_DEVICES: [0]
[I 2023-11-30 11:32:32,150] Trial 135 finished with value: 9.424473762512207 and parameters: {'gradient_clip_val': 0.5691713289571003, 'hidden_size': 57, 'dropout': 0.3301242886026389, 'hidden_continuous_size': 24, 'attention_head_size': 4, 'learning_rate': 0.010887541339219348}. Best is trial 78 with value: 7.471874713897705.
LOCAL_RANK: 0 - CUDA_VISIBLE_DEVICES: [0]
[I 2023-11-30 11:32:45,490] Trial 136 finished with value: 12.398089408874512 and parameters: {'gradient_clip_val': 0.6523382118682286, 'hidden_size': 49, 'dropout': 0.30660348016177885, 'hidden_continuous_size': 21, 'attention_head_size': 4, 'learning_rate': 0.006133885268939857}. Best is trial 78 with value: 7.471874713897705.
LOCAL_RANK: 0 - CUDA_VISIBLE_DEVICES: [0]
[I 2023-11-30 11:32:58,380] Trial 137 finished with value: 11.174308776855469 and parameters: {'gradient_clip_val': 0.7564266960081824, 'hidden_size': 41, 'dropout': 0.3482032980808086, 'hidden_continuous_size': 22, 'attention_head_size': 4, 'learning_rate': 0.023724913146813856}. Best is trial 78 with value: 7.471874713897705.
LOCAL_RANK: 0 - CUDA_VISIBLE_DEVICES: [0]
[I 2023-11-30 11:33:11,715] Trial 138 finished with value: 13.37826156616211 and parameters: {'gradient_clip_val': 0.671401392677823, 'hidden_size': 64, 'dropout': 0.3374686111458003, 'hidden_continuous_size': 26, 'attention_head_size': 4, 'learning_rate': 0.009104753562858755}. Best is trial 78 with value: 7.471874713897705.
LOCAL_RANK: 0 - CUDA_VISIBLE_DEVICES: [0]
[I 2023-11-30 11:33:25,044] Trial 139 finished with value: 9.423542976379395 and parameters: {'gradient_clip_val': 0.5524492360016331, 'hidden_size': 55, 'dropout': 0.2964655082930235, 'hidden_continuous_size': 29, 'attention_head_size': 4, 'learning_rate': 0.005630547608284982}. Best is trial 78 with value: 7.471874713897705.
LOCAL_RANK: 0 - CUDA_VISIBLE_DEVICES: [0]
[I 2023-11-30 11:33:35,488] Trial 140 finished with value: 23.330169677734375 and parameters: {'gradient_clip_val': 0.7983333636933531, 'hidden_size': 22, 'dropout': 0.35394104498308915, 'hidden_continuous_size': 22, 'attention_head_size': 4, 'learning_rate': 0.007173137617764279}. Best is trial 78 with value: 7.471874713897705.
LOCAL_RANK: 0 - CUDA_VISIBLE_DEVICES: [0]
[I 2023-11-30 11:33:48,550] Trial 141 finished with value: 10.346823692321777 and parameters: {'gradient_clip_val': 0.694260172882243, 'hidden_size': 39, 'dropout': 0.29070206373953045, 'hidden_continuous_size': 18, 'attention_head_size': 4, 'learning_rate': 0.010479878043092944}. Best is trial 78 with value: 7.471874713897705.
LOCAL_RANK: 0 - CUDA_VISIBLE_DEVICES: [0]
[I 2023-11-30 11:34:01,176] Trial 142 finished with value: 9.636857986450195 and parameters: {'gradient_clip_val': 0.7196912225695165, 'hidden_size': 27, 'dropout': 0.27620456116512804, 'hidden_continuous_size': 26, 'attention_head_size': 4, 'learning_rate': 0.01929489913582125}. Best is trial 78 with value: 7.471874713897705.
LOCAL_RANK: 0 - CUDA_VISIBLE_DEVICES: [0]
[I 2023-11-30 11:34:14,128] Trial 143 finished with value: 8.14774227142334 and parameters: {'gradient_clip_val': 0.6298277862387418, 'hidden_size': 45, 'dropout': 0.3046717767328459, 'hidden_continuous_size': 20, 'attention_head_size': 4, 'learning_rate': 0.012493229441060877}. Best is trial 78 with value: 7.471874713897705.
LOCAL_RANK: 0 - CUDA_VISIBLE_DEVICES: [0]
[I 2023-11-30 11:34:26,950] Trial 144 finished with value: 9.42201042175293 and parameters: {'gradient_clip_val': 0.6136233723731903, 'hidden_size': 45, 'dropout': 0.3170708864368574, 'hidden_continuous_size': 21, 'attention_head_size': 4, 'learning_rate': 0.009726706316636876}. Best is trial 78 with value: 7.471874713897705.
LOCAL_RANK: 0 - CUDA_VISIBLE_DEVICES: [0]
[I 2023-11-30 11:34:40,190] Trial 145 finished with value: 9.683127403259277 and parameters: {'gradient_clip_val': 0.5881974418693506, 'hidden_size': 50, 'dropout': 0.30928570024815094, 'hidden_continuous_size': 32, 'attention_head_size': 4, 'learning_rate': 0.01168735689924201}. Best is trial 78 with value: 7.471874713897705.
LOCAL_RANK: 0 - CUDA_VISIBLE_DEVICES: [0]
[I 2023-11-30 11:34:53,633] Trial 146 finished with value: 12.742594718933105 and parameters: {'gradient_clip_val': 0.6521562349917521, 'hidden_size': 59, 'dropout': 0.30248394470690737, 'hidden_continuous_size': 25, 'attention_head_size': 4, 'learning_rate': 0.01742257229355578}. Best is trial 78 with value: 7.471874713897705.
LOCAL_RANK: 0 - CUDA_VISIBLE_DEVICES: [0]
[I 2023-11-30 11:35:06,429] Trial 147 finished with value: 10.039172172546387 and parameters: {'gradient_clip_val': 0.48165517874234104, 'hidden_size': 44, 'dropout': 0.32339623659417793, 'hidden_continuous_size': 20, 'attention_head_size': 4, 'learning_rate': 0.008119392666479219}. Best is trial 78 with value: 7.471874713897705.
LOCAL_RANK: 0 - CUDA_VISIBLE_DEVICES: [0]
[I 2023-11-30 11:35:19,649] Trial 148 finished with value: 12.855332374572754 and parameters: {'gradient_clip_val': 0.528193435587927, 'hidden_size': 53, 'dropout': 0.28554290669544086, 'hidden_continuous_size': 24, 'attention_head_size': 4, 'learning_rate': 0.014250444017986977}. Best is trial 78 with value: 7.471874713897705.
LOCAL_RANK: 0 - CUDA_VISIBLE_DEVICES: [0]
[I 2023-11-30 11:35:32,711] Trial 149 finished with value: 10.495274543762207 and parameters: {'gradient_clip_val': 0.6359060719383831, 'hidden_size': 47, 'dropout': 0.31327247642573347, 'hidden_continuous_size': 23, 'attention_head_size': 4, 'learning_rate': 0.01611027114128251}. Best is trial 78 with value: 7.471874713897705.
[I 2023-11-30 11:35:32,823] A new study created in memory with name: no-name-287f27a4-c57d-4180-82b7-95923469a5ef
/home/le004/conda/anaconda3/envs/tsff_env/lib/python3.9/site-packages/lightning/fabric/plugins/environments/slurm.py:191: The `srun` command is available on your system but is not used. HINT: If your intention is to run Lightning on SLURM, prepend your python command with `srun` like so: srun python /home/le004/master_thesis/git/TSFusionForecast/code/ ...
LOCAL_RANK: 0 - CUDA_VISIBLE_DEVICES: [0]
