[I 2023-11-30 09:15:41,282] Trial 112 finished with value: 169.8773193359375 and parameters: {'gradient_clip_val': 0.4938788629687368, 'hidden_size': 40, 'dropout': 0.29749018728328613, 'hidden_continuous_size': 18, 'attention_head_size': 2, 'learning_rate': 0.010731070011208536}. Best is trial 50 with value: 109.42589569091797.
LOCAL_RANK: 0 - CUDA_VISIBLE_DEVICES: [0]
[I 2023-11-30 09:15:54,273] Trial 113 finished with value: 153.4481964111328 and parameters: {'gradient_clip_val': 0.99635909401949, 'hidden_size': 59, 'dropout': 0.28148798027355, 'hidden_continuous_size': 15, 'attention_head_size': 2, 'learning_rate': 0.009653980028881785}. Best is trial 50 with value: 109.42589569091797.
LOCAL_RANK: 0 - CUDA_VISIBLE_DEVICES: [0]
[I 2023-11-30 09:16:07,120] Trial 114 finished with value: 146.84530639648438 and parameters: {'gradient_clip_val': 0.5858810614717058, 'hidden_size': 50, 'dropout': 0.3137816549799804, 'hidden_continuous_size': 17, 'attention_head_size': 2, 'learning_rate': 0.01588784219067433}. Best is trial 50 with value: 109.42589569091797.
LOCAL_RANK: 0 - CUDA_VISIBLE_DEVICES: [0]
[I 2023-11-30 09:16:20,112] Trial 115 finished with value: 167.07530212402344 and parameters: {'gradient_clip_val': 0.5321111150888985, 'hidden_size': 55, 'dropout': 0.2714719824476203, 'hidden_continuous_size': 14, 'attention_head_size': 2, 'learning_rate': 0.00820623072292749}. Best is trial 50 with value: 109.42589569091797.
LOCAL_RANK: 0 - CUDA_VISIBLE_DEVICES: [0]
[I 2023-11-30 09:16:32,830] Trial 116 finished with value: 111.87093353271484 and parameters: {'gradient_clip_val': 0.6575424269774031, 'hidden_size': 43, 'dropout': 0.2922733342546635, 'hidden_continuous_size': 16, 'attention_head_size': 2, 'learning_rate': 0.012750787132928662}. Best is trial 50 with value: 109.42589569091797.
LOCAL_RANK: 0 - CUDA_VISIBLE_DEVICES: [0]
[I 2023-11-30 09:16:45,417] Trial 117 finished with value: 148.74195861816406 and parameters: {'gradient_clip_val': 0.6673000343120028, 'hidden_size': 38, 'dropout': 0.2514827548038875, 'hidden_continuous_size': 18, 'attention_head_size': 1, 'learning_rate': 0.01298787949322931}. Best is trial 50 with value: 109.42589569091797.
LOCAL_RANK: 0 - CUDA_VISIBLE_DEVICES: [0]
[I 2023-11-30 09:16:58,022] Trial 118 finished with value: 149.78834533691406 and parameters: {'gradient_clip_val': 0.7573727581658867, 'hidden_size': 45, 'dropout': 0.3062443485823284, 'hidden_continuous_size': 13, 'attention_head_size': 1, 'learning_rate': 0.013989321047297111}. Best is trial 50 with value: 109.42589569091797.
LOCAL_RANK: 0 - CUDA_VISIBLE_DEVICES: [0]
[I 2023-11-30 09:17:10,685] Trial 119 finished with value: 121.16878509521484 and parameters: {'gradient_clip_val': 0.8050721436743442, 'hidden_size': 42, 'dropout': 0.30094476006793164, 'hidden_continuous_size': 15, 'attention_head_size': 2, 'learning_rate': 0.011869486467684166}. Best is trial 50 with value: 109.42589569091797.
LOCAL_RANK: 0 - CUDA_VISIBLE_DEVICES: [0]
[I 2023-11-30 09:17:23,554] Trial 120 finished with value: 140.05906677246094 and parameters: {'gradient_clip_val': 0.8044220096571173, 'hidden_size': 42, 'dropout': 0.31831004584193506, 'hidden_continuous_size': 30, 'attention_head_size': 2, 'learning_rate': 0.017057391331284078}. Best is trial 50 with value: 109.42589569091797.
LOCAL_RANK: 0 - CUDA_VISIBLE_DEVICES: [0]
[I 2023-11-30 09:17:36,195] Trial 121 finished with value: 140.9408721923828 and parameters: {'gradient_clip_val': 0.8826306114702325, 'hidden_size': 35, 'dropout': 0.3009805763823265, 'hidden_continuous_size': 17, 'attention_head_size': 2, 'learning_rate': 0.011945444946862513}. Best is trial 50 with value: 109.42589569091797.
LOCAL_RANK: 0 - CUDA_VISIBLE_DEVICES: [0]
[I 2023-11-30 09:17:48,793] Trial 122 finished with value: 133.3712615966797 and parameters: {'gradient_clip_val': 0.8352030828278667, 'hidden_size': 43, 'dropout': 0.29216445800548796, 'hidden_continuous_size': 15, 'attention_head_size': 2, 'learning_rate': 0.014913406753017715}. Best is trial 50 with value: 109.42589569091797.
LOCAL_RANK: 0 - CUDA_VISIBLE_DEVICES: [0]
[I 2023-11-30 09:18:01,335] Trial 123 finished with value: 111.12357330322266 and parameters: {'gradient_clip_val': 0.6447901811939108, 'hidden_size': 38, 'dropout': 0.2760518933778264, 'hidden_continuous_size': 20, 'attention_head_size': 2, 'learning_rate': 0.011889785618532727}. Best is trial 50 with value: 109.42589569091797.
LOCAL_RANK: 0 - CUDA_VISIBLE_DEVICES: [0]
[I 2023-11-30 09:18:13,901] Trial 124 finished with value: 143.49505615234375 and parameters: {'gradient_clip_val': 0.6422418875499712, 'hidden_size': 38, 'dropout': 0.27546915253302356, 'hidden_continuous_size': 20, 'attention_head_size': 2, 'learning_rate': 0.007201887043829175}. Best is trial 50 with value: 109.42589569091797.
LOCAL_RANK: 0 - CUDA_VISIBLE_DEVICES: [0]
[I 2023-11-30 09:18:26,608] Trial 125 finished with value: 117.602783203125 and parameters: {'gradient_clip_val': 0.733805279351031, 'hidden_size': 40, 'dropout': 0.2641692203850271, 'hidden_continuous_size': 23, 'attention_head_size': 2, 'learning_rate': 0.011418001156751421}. Best is trial 50 with value: 109.42589569091797.
LOCAL_RANK: 0 - CUDA_VISIBLE_DEVICES: [0]
[I 2023-11-30 09:18:39,372] Trial 126 finished with value: 158.43528747558594 and parameters: {'gradient_clip_val': 0.9340129618218705, 'hidden_size': 41, 'dropout': 0.26460061950738917, 'hidden_continuous_size': 24, 'attention_head_size': 2, 'learning_rate': 0.011288034409225392}. Best is trial 50 with value: 109.42589569091797.
LOCAL_RANK: 0 - CUDA_VISIBLE_DEVICES: [0]
[I 2023-11-30 09:18:52,024] Trial 127 finished with value: 133.05357360839844 and parameters: {'gradient_clip_val': 0.7259899266074334, 'hidden_size': 37, 'dropout': 0.2840464268479885, 'hidden_continuous_size': 23, 'attention_head_size': 2, 'learning_rate': 0.013548837172453353}. Best is trial 50 with value: 109.42589569091797.
LOCAL_RANK: 0 - CUDA_VISIBLE_DEVICES: [0]
[I 2023-11-30 09:19:04,530] Trial 128 finished with value: 141.24200439453125 and parameters: {'gradient_clip_val': 0.8554062879163232, 'hidden_size': 40, 'dropout': 0.33379317014194665, 'hidden_continuous_size': 26, 'attention_head_size': 2, 'learning_rate': 0.009213588399738352}. Best is trial 50 with value: 109.42589569091797.
LOCAL_RANK: 0 - CUDA_VISIBLE_DEVICES: [0]
[I 2023-11-30 09:19:17,224] Trial 129 finished with value: 147.41505432128906 and parameters: {'gradient_clip_val': 0.7829824127805481, 'hidden_size': 45, 'dropout': 0.25691016280012, 'hidden_continuous_size': 22, 'attention_head_size': 2, 'learning_rate': 0.01789403499452997}. Best is trial 50 with value: 109.42589569091797.
LOCAL_RANK: 0 - CUDA_VISIBLE_DEVICES: [0]
[I 2023-11-30 09:19:30,202] Trial 130 finished with value: 159.93719482421875 and parameters: {'gradient_clip_val': 0.6186870744579909, 'hidden_size': 51, 'dropout': 0.27747741224920813, 'hidden_continuous_size': 14, 'attention_head_size': 2, 'learning_rate': 0.016128279900569586}. Best is trial 50 with value: 109.42589569091797.
LOCAL_RANK: 0 - CUDA_VISIBLE_DEVICES: [0]
[I 2023-11-30 09:19:42,874] Trial 131 finished with value: 129.5088653564453 and parameters: {'gradient_clip_val': 0.7092997330750442, 'hidden_size': 43, 'dropout': 0.2642319879958311, 'hidden_continuous_size': 19, 'attention_head_size': 2, 'learning_rate': 0.010506749125796095}. Best is trial 50 with value: 109.42589569091797.
LOCAL_RANK: 0 - CUDA_VISIBLE_DEVICES: [0]
[I 2023-11-30 09:19:56,234] Trial 132 finished with value: 146.9755096435547 and parameters: {'gradient_clip_val': 0.7568156030054363, 'hidden_size': 70, 'dropout': 0.27251735223509865, 'hidden_continuous_size': 21, 'attention_head_size': 2, 'learning_rate': 0.011645136302971319}. Best is trial 50 with value: 109.42589569091797.
LOCAL_RANK: 0 - CUDA_VISIBLE_DEVICES: [0]
[I 2023-11-30 09:20:08,831] Trial 133 finished with value: 141.3867645263672 and parameters: {'gradient_clip_val': 0.6495521837557159, 'hidden_size': 33, 'dropout': 0.28287701876031573, 'hidden_continuous_size': 20, 'attention_head_size': 2, 'learning_rate': 0.00818838009700568}. Best is trial 50 with value: 109.42589569091797.
LOCAL_RANK: 0 - CUDA_VISIBLE_DEVICES: [0]
[I 2023-11-30 09:20:21,736] Trial 134 finished with value: 133.73394775390625 and parameters: {'gradient_clip_val': 0.5989229128394897, 'hidden_size': 55, 'dropout': 0.24648403030927424, 'hidden_continuous_size': 16, 'attention_head_size': 2, 'learning_rate': 0.013150922028978013}. Best is trial 50 with value: 109.42589569091797.
LOCAL_RANK: 0 - CUDA_VISIBLE_DEVICES: [0]
[I 2023-11-30 09:20:34,514] Trial 135 finished with value: 118.6363296508789 and parameters: {'gradient_clip_val': 0.6940278024435921, 'hidden_size': 35, 'dropout': 0.2953313416773456, 'hidden_continuous_size': 23, 'attention_head_size': 2, 'learning_rate': 0.014625944925653443}. Best is trial 50 with value: 109.42589569091797.
LOCAL_RANK: 0 - CUDA_VISIBLE_DEVICES: [0]
[I 2023-11-30 09:20:47,066] Trial 136 finished with value: 161.1913604736328 and parameters: {'gradient_clip_val': 0.69552484083498, 'hidden_size': 36, 'dropout': 0.29636146454894646, 'hidden_continuous_size': 23, 'attention_head_size': 2, 'learning_rate': 0.015439535301617674}. Best is trial 50 with value: 109.42589569091797.
LOCAL_RANK: 0 - CUDA_VISIBLE_DEVICES: [0]
[I 2023-11-30 09:20:59,823] Trial 137 finished with value: 119.21085357666016 and parameters: {'gradient_clip_val': 0.8055994076719186, 'hidden_size': 39, 'dropout': 0.31333724587127965, 'hidden_continuous_size': 25, 'attention_head_size': 2, 'learning_rate': 0.014684160005327483}. Best is trial 50 with value: 109.42589569091797.
LOCAL_RANK: 0 - CUDA_VISIBLE_DEVICES: [0]
[I 2023-11-30 09:21:12,327] Trial 138 finished with value: 157.79672241210938 and parameters: {'gradient_clip_val': 0.7609769665273982, 'hidden_size': 35, 'dropout': 0.30933172829497213, 'hidden_continuous_size': 26, 'attention_head_size': 2, 'learning_rate': 0.020422154061830344}. Best is trial 50 with value: 109.42589569091797.
LOCAL_RANK: 0 - CUDA_VISIBLE_DEVICES: [0]
[I 2023-11-30 09:21:24,841] Trial 139 finished with value: 134.67498779296875 and parameters: {'gradient_clip_val': 0.7915192907551576, 'hidden_size': 33, 'dropout': 0.30064823011560254, 'hidden_continuous_size': 25, 'attention_head_size': 2, 'learning_rate': 0.012904028898588424}. Best is trial 50 with value: 109.42589569091797.
LOCAL_RANK: 0 - CUDA_VISIBLE_DEVICES: [0]
[I 2023-11-30 09:21:37,572] Trial 140 finished with value: 118.26922607421875 and parameters: {'gradient_clip_val': 0.7325462146212557, 'hidden_size': 39, 'dropout': 0.2948806067829608, 'hidden_continuous_size': 24, 'attention_head_size': 2, 'learning_rate': 0.014258808464669521}. Best is trial 50 with value: 109.42589569091797.
LOCAL_RANK: 0 - CUDA_VISIBLE_DEVICES: [0]
[I 2023-11-30 09:21:50,214] Trial 141 finished with value: 147.42945861816406 and parameters: {'gradient_clip_val': 0.7456753311627692, 'hidden_size': 39, 'dropout': 0.2939624334284285, 'hidden_continuous_size': 25, 'attention_head_size': 2, 'learning_rate': 0.01474765508019977}. Best is trial 50 with value: 109.42589569091797.
LOCAL_RANK: 0 - CUDA_VISIBLE_DEVICES: [0]
[I 2023-11-30 09:22:02,864] Trial 142 finished with value: 129.15802001953125 and parameters: {'gradient_clip_val': 0.7219266228530317, 'hidden_size': 37, 'dropout': 0.28616731465982215, 'hidden_continuous_size': 24, 'attention_head_size': 2, 'learning_rate': 0.011053422096889897}. Best is trial 50 with value: 109.42589569091797.
LOCAL_RANK: 0 - CUDA_VISIBLE_DEVICES: [0]
[I 2023-11-30 09:22:15,666] Trial 143 finished with value: 143.28536987304688 and parameters: {'gradient_clip_val': 0.6848575307677361, 'hidden_size': 41, 'dropout': 0.3140234039122989, 'hidden_continuous_size': 27, 'attention_head_size': 2, 'learning_rate': 0.012175934283899497}. Best is trial 50 with value: 109.42589569091797.
LOCAL_RANK: 0 - CUDA_VISIBLE_DEVICES: [0]
[I 2023-11-30 09:22:28,573] Trial 144 finished with value: 113.1363296508789 and parameters: {'gradient_clip_val': 0.8233781947802685, 'hidden_size': 47, 'dropout': 0.3015468787664458, 'hidden_continuous_size': 22, 'attention_head_size': 2, 'learning_rate': 0.01402006914604906}. Best is trial 50 with value: 109.42589569091797.
LOCAL_RANK: 0 - CUDA_VISIBLE_DEVICES: [0]
[I 2023-11-30 09:22:41,525] Trial 145 finished with value: 141.31922912597656 and parameters: {'gradient_clip_val': 0.8185906365233331, 'hidden_size': 45, 'dropout': 0.3045136077961584, 'hidden_continuous_size': 23, 'attention_head_size': 2, 'learning_rate': 0.013487420766710556}. Best is trial 50 with value: 109.42589569091797.
LOCAL_RANK: 0 - CUDA_VISIBLE_DEVICES: [0]
[I 2023-11-30 09:22:54,280] Trial 146 finished with value: 153.9517059326172 and parameters: {'gradient_clip_val': 0.8815060384385964, 'hidden_size': 47, 'dropout': 0.30005783631163324, 'hidden_continuous_size': 22, 'attention_head_size': 2, 'learning_rate': 0.014373489273387583}. Best is trial 50 with value: 109.42589569091797.
LOCAL_RANK: 0 - CUDA_VISIBLE_DEVICES: [0]
[I 2023-11-30 09:23:07,116] Trial 147 finished with value: 149.719970703125 and parameters: {'gradient_clip_val': 0.8445271210087821, 'hidden_size': 43, 'dropout': 0.27793504243227224, 'hidden_continuous_size': 24, 'attention_head_size': 2, 'learning_rate': 0.009677742760345222}. Best is trial 50 with value: 109.42589569091797.
LOCAL_RANK: 0 - CUDA_VISIBLE_DEVICES: [0]
[I 2023-11-30 09:23:19,701] Trial 148 finished with value: 169.44432067871094 and parameters: {'gradient_clip_val': 0.8063194968081605, 'hidden_size': 38, 'dropout': 0.2675119128258694, 'hidden_continuous_size': 22, 'attention_head_size': 2, 'learning_rate': 0.017372176137107218}. Best is trial 50 with value: 109.42589569091797.
LOCAL_RANK: 0 - CUDA_VISIBLE_DEVICES: [0]
[I 2023-11-30 09:23:32,590] Trial 149 finished with value: 118.2762680053711 and parameters: {'gradient_clip_val': 0.7321601778402375, 'hidden_size': 49, 'dropout': 0.21928872452977788, 'hidden_continuous_size': 22, 'attention_head_size': 2, 'learning_rate': 0.01893562239497918}. Best is trial 50 with value: 109.42589569091797.
[I 2023-11-30 09:23:32,704] A new study created in memory with name: no-name-094d8524-67c9-417d-b77a-f27236e14bbf
/home/le004/conda/anaconda3/envs/tsff_env/lib/python3.9/site-packages/lightning/fabric/plugins/environments/slurm.py:191: The `srun` command is available on your system but is not used. HINT: If your intention is to run Lightning on SLURM, prepend your python command with `srun` like so: srun python /home/le004/master_thesis/git/TSFusionForecast/code/ ...
LOCAL_RANK: 0 - CUDA_VISIBLE_DEVICES: [0]
[I 2023-11-30 09:23:47,274] Trial 0 finished with value: 212.8202362060547 and parameters: {'gradient_clip_val': 0.25585194760757246, 'hidden_size': 126, 'dropout': 0.1533570179733321, 'hidden_continuous_size': 94, 'attention_head_size': 3, 'learning_rate': 0.023895034864270116}. Best is trial 0 with value: 212.8202362060547.
LOCAL_RANK: 0 - CUDA_VISIBLE_DEVICES: [0]
[I 2023-11-30 09:24:00,666] Trial 1 finished with value: 183.43211364746094 and parameters: {'gradient_clip_val': 0.6565746914183594, 'hidden_size': 78, 'dropout': 0.10491414335075759, 'hidden_continuous_size': 26, 'attention_head_size': 2, 'learning_rate': 0.07340226226410851}. Best is trial 1 with value: 183.43211364746094.
LOCAL_RANK: 0 - CUDA_VISIBLE_DEVICES: [0]
[I 2023-11-30 09:24:14,021] Trial 2 finished with value: 146.15252685546875 and parameters: {'gradient_clip_val': 0.16325091161064229, 'hidden_size': 63, 'dropout': 0.10659752211420899, 'hidden_continuous_size': 50, 'attention_head_size': 1, 'learning_rate': 0.002780387363364732}. Best is trial 2 with value: 146.15252685546875.
LOCAL_RANK: 0 - CUDA_VISIBLE_DEVICES: [0]
[I 2023-11-30 09:24:26,714] Trial 3 finished with value: 135.29627990722656 and parameters: {'gradient_clip_val': 0.3878840700115663, 'hidden_size': 42, 'dropout': 0.2758595016773087, 'hidden_continuous_size': 26, 'attention_head_size': 1, 'learning_rate': 0.004356114634609051}. Best is trial 3 with value: 135.29627990722656.
LOCAL_RANK: 0 - CUDA_VISIBLE_DEVICES: [0]
[I 2023-11-30 09:24:39,978] Trial 4 finished with value: 173.6606903076172 and parameters: {'gradient_clip_val': 0.22188491371846175, 'hidden_size': 57, 'dropout': 0.26682001281080436, 'hidden_continuous_size': 28, 'attention_head_size': 2, 'learning_rate': 0.010110417749547525}. Best is trial 3 with value: 135.29627990722656.
LOCAL_RANK: 0 - CUDA_VISIBLE_DEVICES: [0]
[I 2023-11-30 09:24:52,232] Trial 5 finished with value: 350.9117126464844 and parameters: {'gradient_clip_val': 0.25368622722169637, 'hidden_size': 17, 'dropout': 0.3786528546309783, 'hidden_continuous_size': 11, 'attention_head_size': 2, 'learning_rate': 0.00550488457961212}. Best is trial 3 with value: 135.29627990722656.
LOCAL_RANK: 0 - CUDA_VISIBLE_DEVICES: [0]
[I 2023-11-30 09:25:06,162] Trial 6 finished with value: 171.7349853515625 and parameters: {'gradient_clip_val': 0.4415504507764366, 'hidden_size': 118, 'dropout': 0.2876005036061544, 'hidden_continuous_size': 17, 'attention_head_size': 3, 'learning_rate': 0.005609358201207798}. Best is trial 3 with value: 135.29627990722656.
LOCAL_RANK: 0 - CUDA_VISIBLE_DEVICES: [0]
[I 2023-11-30 09:25:18,792] Trial 7 finished with value: 166.7440185546875 and parameters: {'gradient_clip_val': 0.21987523518331384, 'hidden_size': 48, 'dropout': 0.3544744140354006, 'hidden_continuous_size': 29, 'attention_head_size': 1, 'learning_rate': 0.08946514398198975}. Best is trial 3 with value: 135.29627990722656.
LOCAL_RANK: 0 - CUDA_VISIBLE_DEVICES: [0]
[I 2023-11-30 09:25:29,063] Trial 8 finished with value: 158.8049774169922 and parameters: {'gradient_clip_val': 0.20012489392008329, 'hidden_size': 10, 'dropout': 0.18605663085181068, 'hidden_continuous_size': 10, 'attention_head_size': 4, 'learning_rate': 0.030202064202842875}. Best is trial 3 with value: 135.29627990722656.
LOCAL_RANK: 0 - CUDA_VISIBLE_DEVICES: [0]
[I 2023-11-30 09:25:41,697] Trial 9 finished with value: 178.27528381347656 and parameters: {'gradient_clip_val': 0.10605921173401521, 'hidden_size': 56, 'dropout': 0.35070993849941323, 'hidden_continuous_size': 10, 'attention_head_size': 1, 'learning_rate': 0.05004791972170123}. Best is trial 3 with value: 135.29627990722656.
LOCAL_RANK: 0 - CUDA_VISIBLE_DEVICES: [0]
[I 2023-11-30 09:25:54,286] Trial 10 finished with value: 602.5575561523438 and parameters: {'gradient_clip_val': 0.97258128827323, 'hidden_size': 29, 'dropout': 0.22267053950196006, 'hidden_continuous_size': 14, 'attention_head_size': 4, 'learning_rate': 0.0010190670262115954}. Best is trial 3 with value: 135.29627990722656.
LOCAL_RANK: 0 - CUDA_VISIBLE_DEVICES: [0]
[I 2023-11-30 09:26:04,551] Trial 11 finished with value: 187.912109375 and parameters: {'gradient_clip_val': 0.41692358708548716, 'hidden_size': 30, 'dropout': 0.10240607366509294, 'hidden_continuous_size': 30, 'attention_head_size': 1, 'learning_rate': 0.002086297151172372}. Best is trial 3 with value: 135.29627990722656.
LOCAL_RANK: 0 - CUDA_VISIBLE_DEVICES: [0]
[I 2023-11-30 09:26:14,843] Trial 12 finished with value: 207.5306854248047 and parameters: {'gradient_clip_val': 0.1328933714185217, 'hidden_size': 37, 'dropout': 0.22940848173101663, 'hidden_continuous_size': 37, 'attention_head_size': 1, 'learning_rate': 0.0026120960324814077}. Best is trial 3 with value: 135.29627990722656.
LOCAL_RANK: 0 - CUDA_VISIBLE_DEVICES: [0]
[I 2023-11-30 09:26:28,612] Trial 13 finished with value: 150.64341735839844 and parameters: {'gradient_clip_val': 0.1559076821600803, 'hidden_size': 81, 'dropout': 0.2974502849913667, 'hidden_continuous_size': 48, 'attention_head_size': 1, 'learning_rate': 0.0034698826887993215}. Best is trial 3 with value: 135.29627990722656.
LOCAL_RANK: 0 - CUDA_VISIBLE_DEVICES: [0]
[I 2023-11-30 09:26:40,789] Trial 14 finished with value: 170.29624938964844 and parameters: {'gradient_clip_val': 0.3194419111084233, 'hidden_size': 28, 'dropout': 0.1790970312178767, 'hidden_continuous_size': 17, 'attention_head_size': 2, 'learning_rate': 0.008658133567605626}. Best is trial 3 with value: 135.29627990722656.
LOCAL_RANK: 0 - CUDA_VISIBLE_DEVICES: [0]
[I 2023-11-30 09:26:54,633] Trial 15 finished with value: 193.60614013671875 and parameters: {'gradient_clip_val': 0.16213556193593187, 'hidden_size': 78, 'dropout': 0.3081973876305072, 'hidden_continuous_size': 47, 'attention_head_size': 1, 'learning_rate': 0.0014680572287607875}. Best is trial 3 with value: 135.29627990722656.
LOCAL_RANK: 0 - CUDA_VISIBLE_DEVICES: [0]
[I 2023-11-30 09:27:07,635] Trial 16 finished with value: 165.51638793945312 and parameters: {'gradient_clip_val': 0.3366477164055767, 'hidden_size': 45, 'dropout': 0.25159278726160184, 'hidden_continuous_size': 22, 'attention_head_size': 3, 'learning_rate': 0.003935133159446334}. Best is trial 3 with value: 135.29627990722656.
LOCAL_RANK: 0 - CUDA_VISIBLE_DEVICES: [0]
[I 2023-11-30 09:27:22,230] Trial 17 finished with value: 138.19947814941406 and parameters: {'gradient_clip_val': 0.1005229751838608, 'hidden_size': 149, 'dropout': 0.21718038521337957, 'hidden_continuous_size': 76, 'attention_head_size': 2, 'learning_rate': 0.0021120347931010393}. Best is trial 3 with value: 135.29627990722656.
LOCAL_RANK: 0 - CUDA_VISIBLE_DEVICES: [0]
[I 2023-11-30 09:27:36,865] Trial 18 finished with value: 150.13790893554688 and parameters: {'gradient_clip_val': 0.12331356047620487, 'hidden_size': 135, 'dropout': 0.21877136218895463, 'hidden_continuous_size': 132, 'attention_head_size': 2, 'learning_rate': 0.0017787287976788414}. Best is trial 3 with value: 135.29627990722656.
LOCAL_RANK: 0 - CUDA_VISIBLE_DEVICES: [0]
