[I 2023-11-30 06:42:48,412] Trial 10 finished with value: 19.646244049072266 and parameters: {'gradient_clip_val': 0.966441033299994, 'hidden_size': 11, 'dropout': 0.12974234691357417, 'hidden_continuous_size': 10, 'attention_head_size': 2, 'learning_rate': 0.08978724600727765}. Best is trial 7 with value: 6.33915376663208.
LOCAL_RANK: 0 - CUDA_VISIBLE_DEVICES: [0]
[I 2023-11-30 06:43:02,030] Trial 11 finished with value: 5.853023529052734 and parameters: {'gradient_clip_val': 0.5339688999189699, 'hidden_size': 71, 'dropout': 0.19020469590349284, 'hidden_continuous_size': 41, 'attention_head_size': 4, 'learning_rate': 0.06209916233856049}. Best is trial 11 with value: 5.853023529052734.
LOCAL_RANK: 0 - CUDA_VISIBLE_DEVICES: [0]
[I 2023-11-30 06:43:15,930] Trial 12 finished with value: 5.31308126449585 and parameters: {'gradient_clip_val': 0.8944872749672034, 'hidden_size': 79, 'dropout': 0.16905973702850413, 'hidden_continuous_size': 53, 'attention_head_size': 3, 'learning_rate': 0.09338088409872401}. Best is trial 12 with value: 5.31308126449585.
LOCAL_RANK: 0 - CUDA_VISIBLE_DEVICES: [0]
[I 2023-11-30 06:43:29,917] Trial 13 finished with value: 5.2190423011779785 and parameters: {'gradient_clip_val': 0.612623632860567, 'hidden_size': 84, 'dropout': 0.15602224745875135, 'hidden_continuous_size': 54, 'attention_head_size': 4, 'learning_rate': 0.0853235551881168}. Best is trial 13 with value: 5.2190423011779785.
LOCAL_RANK: 0 - CUDA_VISIBLE_DEVICES: [0]
[I 2023-11-30 06:43:44,016] Trial 14 finished with value: 5.785287857055664 and parameters: {'gradient_clip_val': 0.6547000520351406, 'hidden_size': 99, 'dropout': 0.11941639469126897, 'hidden_continuous_size': 62, 'attention_head_size': 3, 'learning_rate': 0.0943364744419159}. Best is trial 13 with value: 5.2190423011779785.
LOCAL_RANK: 0 - CUDA_VISIBLE_DEVICES: [0]
[I 2023-11-30 06:43:58,062] Trial 15 finished with value: 6.69251012802124 and parameters: {'gradient_clip_val': 0.6565466903704951, 'hidden_size': 82, 'dropout': 0.1596089861001119, 'hidden_continuous_size': 80, 'attention_head_size': 2, 'learning_rate': 0.054181265156226475}. Best is trial 13 with value: 5.2190423011779785.
LOCAL_RANK: 0 - CUDA_VISIBLE_DEVICES: [0]
[I 2023-11-30 06:44:09,247] Trial 16 finished with value: 9.98023509979248 and parameters: {'gradient_clip_val': 0.472317334810644, 'hidden_size': 145, 'dropout': 0.1531706664460504, 'hidden_continuous_size': 145, 'attention_head_size': 4, 'learning_rate': 0.09997984448085066}. Best is trial 13 with value: 5.2190423011779785.
LOCAL_RANK: 0 - CUDA_VISIBLE_DEVICES: [0]
[I 2023-11-30 06:44:22,909] Trial 17 finished with value: 6.009924411773682 and parameters: {'gradient_clip_val': 0.8452541267725603, 'hidden_size': 66, 'dropout': 0.11778929570705303, 'hidden_continuous_size': 22, 'attention_head_size': 3, 'learning_rate': 0.052315832649553196}. Best is trial 13 with value: 5.2190423011779785.
LOCAL_RANK: 0 - CUDA_VISIBLE_DEVICES: [0]
[I 2023-11-30 06:44:36,840] Trial 18 finished with value: 6.078061580657959 and parameters: {'gradient_clip_val': 0.8061492316959744, 'hidden_size': 99, 'dropout': 0.1069965694492117, 'hidden_continuous_size': 50, 'attention_head_size': 4, 'learning_rate': 0.057910127025764944}. Best is trial 13 with value: 5.2190423011779785.
LOCAL_RANK: 0 - CUDA_VISIBLE_DEVICES: [0]
[I 2023-11-30 06:44:50,187] Trial 19 finished with value: 10.813908576965332 and parameters: {'gradient_clip_val': 0.43360126115491693, 'hidden_size': 59, 'dropout': 0.16947435493758192, 'hidden_continuous_size': 27, 'attention_head_size': 3, 'learning_rate': 0.019062243777630376}. Best is trial 13 with value: 5.2190423011779785.
LOCAL_RANK: 0 - CUDA_VISIBLE_DEVICES: [0]
[I 2023-11-30 06:45:03,919] Trial 20 finished with value: 6.716819763183594 and parameters: {'gradient_clip_val': 0.6236005857344202, 'hidden_size': 86, 'dropout': 0.14386975574116834, 'hidden_continuous_size': 42, 'attention_head_size': 2, 'learning_rate': 0.0378083831380393}. Best is trial 13 with value: 5.2190423011779785.
LOCAL_RANK: 0 - CUDA_VISIBLE_DEVICES: [0]
[I 2023-11-30 06:45:18,006] Trial 21 finished with value: 5.901714324951172 and parameters: {'gradient_clip_val': 0.6903175476060828, 'hidden_size': 109, 'dropout': 0.10550113378505874, 'hidden_continuous_size': 59, 'attention_head_size': 3, 'learning_rate': 0.0916351751422004}. Best is trial 13 with value: 5.2190423011779785.
LOCAL_RANK: 0 - CUDA_VISIBLE_DEVICES: [0]
[I 2023-11-30 06:45:32,114] Trial 22 finished with value: 6.51095724105835 and parameters: {'gradient_clip_val': 0.5724328372172031, 'hidden_size': 107, 'dropout': 0.13830604844658417, 'hidden_continuous_size': 63, 'attention_head_size': 3, 'learning_rate': 0.08114118001333946}. Best is trial 13 with value: 5.2190423011779785.
LOCAL_RANK: 0 - CUDA_VISIBLE_DEVICES: [0]
[I 2023-11-30 06:45:46,059] Trial 23 finished with value: 6.702730655670166 and parameters: {'gradient_clip_val': 0.7527574689154558, 'hidden_size': 79, 'dropout': 0.1763334611997604, 'hidden_continuous_size': 44, 'attention_head_size': 3, 'learning_rate': 0.09894069359167366}. Best is trial 13 with value: 5.2190423011779785.
LOCAL_RANK: 0 - CUDA_VISIBLE_DEVICES: [0]
[I 2023-11-30 06:46:00,813] Trial 24 finished with value: 7.834201812744141 and parameters: {'gradient_clip_val': 0.5451453565348814, 'hidden_size': 150, 'dropout': 0.13214778309929412, 'hidden_continuous_size': 80, 'attention_head_size': 4, 'learning_rate': 0.0630566473645778}. Best is trial 13 with value: 5.2190423011779785.
LOCAL_RANK: 0 - CUDA_VISIBLE_DEVICES: [0]
[I 2023-11-30 06:46:14,649] Trial 25 finished with value: 6.337672710418701 and parameters: {'gradient_clip_val': 0.7760496066936586, 'hidden_size': 88, 'dropout': 0.19691150290714154, 'hidden_continuous_size': 53, 'attention_head_size': 2, 'learning_rate': 0.04662895209042637}. Best is trial 13 with value: 5.2190423011779785.
LOCAL_RANK: 0 - CUDA_VISIBLE_DEVICES: [0]
[I 2023-11-30 06:46:28,279] Trial 26 finished with value: 7.891393661499023 and parameters: {'gradient_clip_val': 0.6536919212441437, 'hidden_size': 67, 'dropout': 0.11004058070609815, 'hidden_continuous_size': 36, 'attention_head_size': 3, 'learning_rate': 0.061790378044012106}. Best is trial 13 with value: 5.2190423011779785.
LOCAL_RANK: 0 - CUDA_VISIBLE_DEVICES: [0]
[I 2023-11-30 06:46:42,623] Trial 27 finished with value: 5.709681987762451 and parameters: {'gradient_clip_val': 0.45047707384810126, 'hidden_size': 120, 'dropout': 0.15422339665278992, 'hidden_continuous_size': 68, 'attention_head_size': 4, 'learning_rate': 0.03775225163222564}. Best is trial 13 with value: 5.2190423011779785.
LOCAL_RANK: 0 - CUDA_VISIBLE_DEVICES: [0]
[I 2023-11-30 06:46:56,837] Trial 28 finished with value: 7.399368762969971 and parameters: {'gradient_clip_val': 0.4350270278999611, 'hidden_size': 112, 'dropout': 0.16117169928832073, 'hidden_continuous_size': 50, 'attention_head_size': 4, 'learning_rate': 0.03246965839548378}. Best is trial 13 with value: 5.2190423011779785.
LOCAL_RANK: 0 - CUDA_VISIBLE_DEVICES: [0]
[I 2023-11-30 06:47:09,855] Trial 29 finished with value: 6.998023986816406 and parameters: {'gradient_clip_val': 0.3532965365096412, 'hidden_size': 47, 'dropout': 0.1895738548767207, 'hidden_continuous_size': 24, 'attention_head_size': 4, 'learning_rate': 0.04115894143360517}. Best is trial 13 with value: 5.2190423011779785.
LOCAL_RANK: 0 - CUDA_VISIBLE_DEVICES: [0]
[I 2023-11-30 06:47:24,262] Trial 30 finished with value: 7.102014541625977 and parameters: {'gradient_clip_val': 0.5514761142712292, 'hidden_size': 125, 'dropout': 0.21706556229159324, 'hidden_continuous_size': 73, 'attention_head_size': 4, 'learning_rate': 0.07234231214740779}. Best is trial 13 with value: 5.2190423011779785.
LOCAL_RANK: 0 - CUDA_VISIBLE_DEVICES: [0]
[I 2023-11-30 06:47:38,497] Trial 31 finished with value: 6.066108703613281 and parameters: {'gradient_clip_val': 0.8544277502015976, 'hidden_size': 102, 'dropout': 0.1286495215282952, 'hidden_continuous_size': 65, 'attention_head_size': 3, 'learning_rate': 0.07513372867634611}. Best is trial 13 with value: 5.2190423011779785.
LOCAL_RANK: 0 - CUDA_VISIBLE_DEVICES: [0]
[I 2023-11-30 06:47:52,583] Trial 32 finished with value: 7.304320812225342 and parameters: {'gradient_clip_val': 0.712960731854212, 'hidden_size': 91, 'dropout': 0.1495944082005394, 'hidden_continuous_size': 55, 'attention_head_size': 4, 'learning_rate': 0.07038493486564429}. Best is trial 13 with value: 5.2190423011779785.
LOCAL_RANK: 0 - CUDA_VISIBLE_DEVICES: [0]
[I 2023-11-30 06:48:06,549] Trial 33 finished with value: 6.067110061645508 and parameters: {'gradient_clip_val': 0.474113001712153, 'hidden_size': 74, 'dropout': 0.17424473461634113, 'hidden_continuous_size': 47, 'attention_head_size': 4, 'learning_rate': 0.046682833549383566}. Best is trial 13 with value: 5.2190423011779785.
LOCAL_RANK: 0 - CUDA_VISIBLE_DEVICES: [0]
[I 2023-11-30 06:48:19,711] Trial 34 finished with value: 7.763580322265625 and parameters: {'gradient_clip_val': 0.6101757027853915, 'hidden_size': 61, 'dropout': 0.12124463653314999, 'hidden_continuous_size': 18, 'attention_head_size': 3, 'learning_rate': 0.028207173227695267}. Best is trial 13 with value: 5.2190423011779785.
LOCAL_RANK: 0 - CUDA_VISIBLE_DEVICES: [0]
[I 2023-11-30 06:48:33,892] Trial 35 finished with value: 6.2928338050842285 and parameters: {'gradient_clip_val': 0.8915419875612599, 'hidden_size': 127, 'dropout': 0.14619153956234812, 'hidden_continuous_size': 67, 'attention_head_size': 2, 'learning_rate': 0.09814736569460047}. Best is trial 13 with value: 5.2190423011779785.
LOCAL_RANK: 0 - CUDA_VISIBLE_DEVICES: [0]
[I 2023-11-30 06:48:47,888] Trial 36 finished with value: 8.529618263244629 and parameters: {'gradient_clip_val': 0.7309695997607527, 'hidden_size': 92, 'dropout': 0.10566041879459387, 'hidden_continuous_size': 55, 'attention_head_size': 4, 'learning_rate': 0.07411885210474255}. Best is trial 13 with value: 5.2190423011779785.
LOCAL_RANK: 0 - CUDA_VISIBLE_DEVICES: [0]
[I 2023-11-30 06:49:01,775] Trial 37 finished with value: 9.126910209655762 and parameters: {'gradient_clip_val': 0.3860894814347667, 'hidden_size': 81, 'dropout': 0.1726143628178099, 'hidden_continuous_size': 59, 'attention_head_size': 3, 'learning_rate': 0.04738711736044019}. Best is trial 13 with value: 5.2190423011779785.
LOCAL_RANK: 0 - CUDA_VISIBLE_DEVICES: [0]
[I 2023-11-30 06:49:15,379] Trial 38 finished with value: 7.380843639373779 and parameters: {'gradient_clip_val': 0.49882221907066354, 'hidden_size': 73, 'dropout': 0.13650759820602332, 'hidden_continuous_size': 38, 'attention_head_size': 1, 'learning_rate': 0.024960016954550253}. Best is trial 13 with value: 5.2190423011779785.
LOCAL_RANK: 0 - CUDA_VISIBLE_DEVICES: [0]
[I 2023-11-30 06:49:28,837] Trial 39 finished with value: 5.789165019989014 and parameters: {'gradient_clip_val': 0.5949707492310736, 'hidden_size': 53, 'dropout': 0.15932042501307592, 'hidden_continuous_size': 46, 'attention_head_size': 3, 'learning_rate': 0.07506647316627728}. Best is trial 13 with value: 5.2190423011779785.
LOCAL_RANK: 0 - CUDA_VISIBLE_DEVICES: [0]
[I 2023-11-30 06:49:41,721] Trial 40 finished with value: 6.878787994384766 and parameters: {'gradient_clip_val': 0.6827052930044314, 'hidden_size': 46, 'dropout': 0.22050036879195023, 'hidden_continuous_size': 13, 'attention_head_size': 4, 'learning_rate': 0.02097589617933489}. Best is trial 13 with value: 5.2190423011779785.
LOCAL_RANK: 0 - CUDA_VISIBLE_DEVICES: [0]
[I 2023-11-30 06:49:55,175] Trial 41 finished with value: 5.83062219619751 and parameters: {'gradient_clip_val': 0.5875869087716368, 'hidden_size': 52, 'dropout': 0.1566653841096361, 'hidden_continuous_size': 46, 'attention_head_size': 3, 'learning_rate': 0.07658203400837293}. Best is trial 13 with value: 5.2190423011779785.
LOCAL_RANK: 0 - CUDA_VISIBLE_DEVICES: [0]
[I 2023-11-30 06:50:08,332] Trial 42 finished with value: 4.928621768951416 and parameters: {'gradient_clip_val': 0.9117518020763322, 'hidden_size': 42, 'dropout': 0.1178802547530734, 'hidden_continuous_size': 39, 'attention_head_size': 3, 'learning_rate': 0.05733735062531936}. Best is trial 42 with value: 4.928621768951416.
LOCAL_RANK: 0 - CUDA_VISIBLE_DEVICES: [0]
[I 2023-11-30 06:50:21,416] Trial 43 finished with value: 5.79087495803833 and parameters: {'gradient_clip_val': 0.9801621587985131, 'hidden_size': 42, 'dropout': 0.11486195181749735, 'hidden_continuous_size': 39, 'attention_head_size': 3, 'learning_rate': 0.058001717329225114}. Best is trial 42 with value: 4.928621768951416.
LOCAL_RANK: 0 - CUDA_VISIBLE_DEVICES: [0]
[I 2023-11-30 06:50:35,663] Trial 44 finished with value: 6.156900405883789 and parameters: {'gradient_clip_val': 0.8883483435361674, 'hidden_size': 117, 'dropout': 0.12467639174443998, 'hidden_continuous_size': 34, 'attention_head_size': 3, 'learning_rate': 0.040014085129752394}. Best is trial 42 with value: 4.928621768951416.
LOCAL_RANK: 0 - CUDA_VISIBLE_DEVICES: [0]
[I 2023-11-30 06:50:49,690] Trial 45 finished with value: 5.960541248321533 and parameters: {'gradient_clip_val': 0.7580071257876849, 'hidden_size': 98, 'dropout': 0.10246743458763273, 'hidden_continuous_size': 33, 'attention_head_size': 4, 'learning_rate': 0.08665984724641232}. Best is trial 42 with value: 4.928621768951416.
LOCAL_RANK: 0 - CUDA_VISIBLE_DEVICES: [0]
[I 2023-11-30 06:51:03,272] Trial 46 finished with value: 6.4144158363342285 and parameters: {'gradient_clip_val': 0.9070654608351123, 'hidden_size': 62, 'dropout': 0.14240860486588464, 'hidden_continuous_size': 51, 'attention_head_size': 2, 'learning_rate': 0.05567733804815159}. Best is trial 42 with value: 4.928621768951416.
LOCAL_RANK: 0 - CUDA_VISIBLE_DEVICES: [0]
[I 2023-11-30 06:51:16,391] Trial 47 finished with value: 5.4486083984375 and parameters: {'gradient_clip_val': 0.8366189978533649, 'hidden_size': 41, 'dropout': 0.11978989834825116, 'hidden_continuous_size': 38, 'attention_head_size': 4, 'learning_rate': 0.06344588025887583}. Best is trial 42 with value: 4.928621768951416.
LOCAL_RANK: 0 - CUDA_VISIBLE_DEVICES: [0]
[I 2023-11-30 06:51:29,335] Trial 48 finished with value: 7.211717128753662 and parameters: {'gradient_clip_val': 0.8006405112859114, 'hidden_size': 37, 'dropout': 0.12750274849338353, 'hidden_continuous_size': 35, 'attention_head_size': 4, 'learning_rate': 0.03232075250830173}. Best is trial 42 with value: 4.928621768951416.
LOCAL_RANK: 0 - CUDA_VISIBLE_DEVICES: [0]
[I 2023-11-30 06:51:42,324] Trial 49 finished with value: 8.190321922302246 and parameters: {'gradient_clip_val': 0.9724474931185256, 'hidden_size': 31, 'dropout': 0.1838743149478588, 'hidden_continuous_size': 30, 'attention_head_size': 4, 'learning_rate': 0.0168124418748377}. Best is trial 42 with value: 4.928621768951416.
LOCAL_RANK: 0 - CUDA_VISIBLE_DEVICES: [0]
[I 2023-11-30 06:51:55,413] Trial 50 finished with value: 8.00911808013916 and parameters: {'gradient_clip_val': 0.8215358453094838, 'hidden_size': 42, 'dropout': 0.16524127519707693, 'hidden_continuous_size': 39, 'attention_head_size': 4, 'learning_rate': 0.04800961596917791}. Best is trial 42 with value: 4.928621768951416.
LOCAL_RANK: 0 - CUDA_VISIBLE_DEVICES: [0]
[I 2023-11-30 06:52:07,723] Trial 51 finished with value: 6.980933666229248 and parameters: {'gradient_clip_val': 0.6697911063858364, 'hidden_size': 25, 'dropout': 0.12028210280218933, 'hidden_continuous_size': 17, 'attention_head_size': 3, 'learning_rate': 0.0627833195634674}. Best is trial 42 with value: 4.928621768951416.
LOCAL_RANK: 0 - CUDA_VISIBLE_DEVICES: [0]
[I 2023-11-30 06:52:21,985] Trial 52 finished with value: 7.7140212059021 and parameters: {'gradient_clip_val': 0.7300871873249646, 'hidden_size': 137, 'dropout': 0.10019960980171344, 'hidden_continuous_size': 42, 'attention_head_size': 4, 'learning_rate': 0.08419601880126393}. Best is trial 42 with value: 4.928621768951416.
LOCAL_RANK: 0 - CUDA_VISIBLE_DEVICES: [0]
[I 2023-11-30 06:52:35,430] Trial 53 finished with value: 6.775005340576172 and parameters: {'gradient_clip_val': 0.9971482348871505, 'hidden_size': 58, 'dropout': 0.14219092729583427, 'hidden_continuous_size': 49, 'attention_head_size': 3, 'learning_rate': 0.09750733879156497}. Best is trial 42 with value: 4.928621768951416.
LOCAL_RANK: 0 - CUDA_VISIBLE_DEVICES: [0]
[I 2023-11-30 06:52:49,376] Trial 54 finished with value: 6.219338893890381 and parameters: {'gradient_clip_val': 0.6349842540862196, 'hidden_size': 80, 'dropout': 0.15190464276110807, 'hidden_continuous_size': 45, 'attention_head_size': 4, 'learning_rate': 0.06589013897722894}. Best is trial 42 with value: 4.928621768951416.
LOCAL_RANK: 0 - CUDA_VISIBLE_DEVICES: [0]
[I 2023-11-30 06:53:03,044] Trial 55 finished with value: 6.568508625030518 and parameters: {'gradient_clip_val': 0.843985558842222, 'hidden_size': 66, 'dropout': 0.11751820224908868, 'hidden_continuous_size': 54, 'attention_head_size': 3, 'learning_rate': 0.05360926977492739}. Best is trial 42 with value: 4.928621768951416.
LOCAL_RANK: 0 - CUDA_VISIBLE_DEVICES: [0]
[I 2023-11-30 06:53:16,957] Trial 56 finished with value: 8.614274024963379 and parameters: {'gradient_clip_val': 0.7852152037756202, 'hidden_size': 95, 'dropout': 0.1339968675934128, 'hidden_continuous_size': 59, 'attention_head_size': 2, 'learning_rate': 0.07913792676724617}. Best is trial 42 with value: 4.928621768951416.
LOCAL_RANK: 0 - CUDA_VISIBLE_DEVICES: [0]
[I 2023-11-30 06:53:31,113] Trial 57 finished with value: 5.90654993057251 and parameters: {'gradient_clip_val': 0.9227264637949454, 'hidden_size': 105, 'dropout': 0.11439399175896747, 'hidden_continuous_size': 42, 'attention_head_size': 4, 'learning_rate': 0.038793907351969796}. Best is trial 42 with value: 4.928621768951416.
LOCAL_RANK: 0 - CUDA_VISIBLE_DEVICES: [0]
[I 2023-11-30 06:53:45,386] Trial 58 finished with value: 6.8195343017578125 and parameters: {'gradient_clip_val': 0.5304977544834716, 'hidden_size': 114, 'dropout': 0.13695285011314695, 'hidden_continuous_size': 72, 'attention_head_size': 3, 'learning_rate': 0.06452313869735318}. Best is trial 42 with value: 4.928621768951416.
LOCAL_RANK: 0 - CUDA_VISIBLE_DEVICES: [0]
[I 2023-11-30 06:53:59,472] Trial 59 finished with value: 6.1291422843933105 and parameters: {'gradient_clip_val': 0.7090665227080015, 'hidden_size': 75, 'dropout': 0.15105281668779086, 'hidden_continuous_size': 48, 'attention_head_size': 4, 'learning_rate': 0.08400482224570184}. Best is trial 42 with value: 4.928621768951416.
LOCAL_RANK: 0 - CUDA_VISIBLE_DEVICES: [0]
[I 2023-11-30 06:54:12,924] Trial 60 finished with value: 7.304443359375 and parameters: {'gradient_clip_val': 0.8392318115933541, 'hidden_size': 55, 'dropout': 0.16412709870960548, 'hidden_continuous_size': 49, 'attention_head_size': 3, 'learning_rate': 0.05633935839823572}. Best is trial 42 with value: 4.928621768951416.
LOCAL_RANK: 0 - CUDA_VISIBLE_DEVICES: [0]
[I 2023-11-30 06:54:26,342] Trial 61 finished with value: 8.105538368225098 and parameters: {'gradient_clip_val': 0.6031177634684024, 'hidden_size': 51, 'dropout': 0.15829128847470145, 'hidden_continuous_size': 45, 'attention_head_size': 3, 'learning_rate': 0.07095660084349842}. Best is trial 42 with value: 4.928621768951416.
LOCAL_RANK: 0 - CUDA_VISIBLE_DEVICES: [0]
[I 2023-11-30 06:54:40,291] Trial 62 finished with value: 6.224351406097412 and parameters: {'gradient_clip_val': 0.6508228453368908, 'hidden_size': 87, 'dropout': 0.18209802698135005, 'hidden_continuous_size': 43, 'attention_head_size': 3, 'learning_rate': 0.08647023995893388}. Best is trial 42 with value: 4.928621768951416.
LOCAL_RANK: 0 - CUDA_VISIBLE_DEVICES: [0]
[I 2023-11-30 06:54:53,967] Trial 63 finished with value: 5.011332035064697 and parameters: {'gradient_clip_val': 0.7613194600190133, 'hidden_size': 69, 'dropout': 0.12554100658782472, 'hidden_continuous_size': 53, 'attention_head_size': 3, 'learning_rate': 0.09684803324365378}. Best is trial 42 with value: 4.928621768951416.
LOCAL_RANK: 0 - CUDA_VISIBLE_DEVICES: [0]
[I 2023-11-30 06:55:07,749] Trial 64 finished with value: 5.747365474700928 and parameters: {'gradient_clip_val': 0.769039543359477, 'hidden_size': 70, 'dropout': 0.1252670513663095, 'hidden_continuous_size': 52, 'attention_head_size': 2, 'learning_rate': 0.09814301199333193}. Best is trial 42 with value: 4.928621768951416.
LOCAL_RANK: 0 - CUDA_VISIBLE_DEVICES: [0]
[I 2023-11-30 06:55:21,361] Trial 65 finished with value: 6.838100433349609 and parameters: {'gradient_clip_val': 0.7737924060609006, 'hidden_size': 69, 'dropout': 0.12989659982242163, 'hidden_continuous_size': 56, 'attention_head_size': 2, 'learning_rate': 0.09684210462876744}. Best is trial 42 with value: 4.928621768951416.
LOCAL_RANK: 0 - CUDA_VISIBLE_DEVICES: [0]
[I 2023-11-30 06:55:34,832] Trial 66 finished with value: 6.012321472167969 and parameters: {'gradient_clip_val': 0.9183145837025588, 'hidden_size': 64, 'dropout': 0.11203922726968199, 'hidden_continuous_size': 52, 'attention_head_size': 2, 'learning_rate': 0.066149106409391}. Best is trial 42 with value: 4.928621768951416.
LOCAL_RANK: 0 - CUDA_VISIBLE_DEVICES: [0]
[I 2023-11-30 06:55:48,576] Trial 67 finished with value: 4.9768571853637695 and parameters: {'gradient_clip_val': 0.6955004143859477, 'hidden_size': 82, 'dropout': 0.1440529566834446, 'hidden_continuous_size': 61, 'attention_head_size': 1, 'learning_rate': 0.05284078334266839}. Best is trial 42 with value: 4.928621768951416.
LOCAL_RANK: 0 - CUDA_VISIBLE_DEVICES: [0]
[I 2023-11-30 06:56:02,308] Trial 68 finished with value: 6.337377548217773 and parameters: {'gradient_clip_val': 0.6971368760529506, 'hidden_size': 82, 'dropout': 0.14461008623925806, 'hidden_continuous_size': 60, 'attention_head_size': 1, 'learning_rate': 0.04404557946655873}. Best is trial 42 with value: 4.928621768951416.
LOCAL_RANK: 0 - CUDA_VISIBLE_DEVICES: [0]
