[I 2023-11-30 15:31:56,448] Trial 1 finished with value: 214.23692321777344 and parameters: {'gradient_clip_val': 0.5928942976661739, 'hidden_size': 21, 'dropout': 0.29485293571084614, 'hidden_continuous_size': 14, 'attention_head_size': 2, 'learning_rate': 0.0021758596028451306}. Best is trial 0 with value: 136.74386596679688.
LOCAL_RANK: 0 - CUDA_VISIBLE_DEVICES: [0]
[I 2023-11-30 15:32:10,872] Trial 2 finished with value: 78.33672332763672 and parameters: {'gradient_clip_val': 0.22455882044720113, 'hidden_size': 46, 'dropout': 0.33084936031052936, 'hidden_continuous_size': 22, 'attention_head_size': 3, 'learning_rate': 0.012557519260455615}. Best is trial 2 with value: 78.33672332763672.
LOCAL_RANK: 0 - CUDA_VISIBLE_DEVICES: [0]
[I 2023-11-30 15:32:21,441] Trial 3 finished with value: 172.5561065673828 and parameters: {'gradient_clip_val': 0.1909883164537408, 'hidden_size': 15, 'dropout': 0.17089098960482874, 'hidden_continuous_size': 15, 'attention_head_size': 1, 'learning_rate': 0.0038654905151068206}. Best is trial 2 with value: 78.33672332763672.
LOCAL_RANK: 0 - CUDA_VISIBLE_DEVICES: [0]
[I 2023-11-30 15:32:35,492] Trial 4 finished with value: 80.5640869140625 and parameters: {'gradient_clip_val': 0.6782622342677591, 'hidden_size': 47, 'dropout': 0.35197168603902285, 'hidden_continuous_size': 27, 'attention_head_size': 2, 'learning_rate': 0.009513557335523535}. Best is trial 2 with value: 78.33672332763672.
LOCAL_RANK: 0 - CUDA_VISIBLE_DEVICES: [0]
[I 2023-11-30 15:32:50,098] Trial 5 finished with value: 97.36202239990234 and parameters: {'gradient_clip_val': 0.3789494734870911, 'hidden_size': 63, 'dropout': 0.12218355494526946, 'hidden_continuous_size': 57, 'attention_head_size': 4, 'learning_rate': 0.0012938780698210511}. Best is trial 2 with value: 78.33672332763672.
LOCAL_RANK: 0 - CUDA_VISIBLE_DEVICES: [0]
[I 2023-11-30 15:33:02,692] Trial 6 finished with value: 151.3035125732422 and parameters: {'gradient_clip_val': 0.7883878183787226, 'hidden_size': 16, 'dropout': 0.3568165012180665, 'hidden_continuous_size': 13, 'attention_head_size': 2, 'learning_rate': 0.007598254973149382}. Best is trial 2 with value: 78.33672332763672.
LOCAL_RANK: 0 - CUDA_VISIBLE_DEVICES: [0]
[I 2023-11-30 15:33:16,775] Trial 7 finished with value: 83.06340789794922 and parameters: {'gradient_clip_val': 0.7936851855499979, 'hidden_size': 51, 'dropout': 0.16936166075401216, 'hidden_continuous_size': 42, 'attention_head_size': 2, 'learning_rate': 0.014052246092812316}. Best is trial 2 with value: 78.33672332763672.
LOCAL_RANK: 0 - CUDA_VISIBLE_DEVICES: [0]
[I 2023-11-30 15:33:27,682] Trial 8 finished with value: 262.8785095214844 and parameters: {'gradient_clip_val': 0.6811260021278317, 'hidden_size': 13, 'dropout': 0.3966823899881531, 'hidden_continuous_size': 13, 'attention_head_size': 1, 'learning_rate': 0.0024575438158740363}. Best is trial 2 with value: 78.33672332763672.
LOCAL_RANK: 0 - CUDA_VISIBLE_DEVICES: [0]
[I 2023-11-30 15:33:42,797] Trial 9 finished with value: 148.192626953125 and parameters: {'gradient_clip_val': 0.19987025515934084, 'hidden_size': 102, 'dropout': 0.3631868572917658, 'hidden_continuous_size': 12, 'attention_head_size': 4, 'learning_rate': 0.0011122280147979322}. Best is trial 2 with value: 78.33672332763672.
LOCAL_RANK: 0 - CUDA_VISIBLE_DEVICES: [0]
[I 2023-11-30 15:33:56,086] Trial 10 finished with value: 86.67223358154297 and parameters: {'gradient_clip_val': 0.10644361734027867, 'hidden_size': 27, 'dropout': 0.26038968041516936, 'hidden_continuous_size': 10, 'attention_head_size': 3, 'learning_rate': 0.06600872042743536}. Best is trial 2 with value: 78.33672332763672.
LOCAL_RANK: 0 - CUDA_VISIBLE_DEVICES: [0]
[I 2023-11-30 15:34:09,489] Trial 11 finished with value: 83.62982177734375 and parameters: {'gradient_clip_val': 0.40970623020682634, 'hidden_size': 37, 'dropout': 0.302224310741515, 'hidden_continuous_size': 22, 'attention_head_size': 3, 'learning_rate': 0.016272903113182195}. Best is trial 2 with value: 78.33672332763672.
LOCAL_RANK: 0 - CUDA_VISIBLE_DEVICES: [0]
[I 2023-11-30 15:34:24,205] Trial 12 finished with value: 84.64727783203125 and parameters: {'gradient_clip_val': 0.9800440682558877, 'hidden_size': 132, 'dropout': 0.39504126791296185, 'hidden_continuous_size': 29, 'attention_head_size': 2, 'learning_rate': 0.028479887127452187}. Best is trial 2 with value: 78.33672332763672.
LOCAL_RANK: 0 - CUDA_VISIBLE_DEVICES: [0]
[I 2023-11-30 15:34:37,665] Trial 13 finished with value: 86.83934783935547 and parameters: {'gradient_clip_val': 0.2773291065280276, 'hidden_size': 35, 'dropout': 0.319673580811526, 'hidden_continuous_size': 21, 'attention_head_size': 3, 'learning_rate': 0.006353234405476368}. Best is trial 2 with value: 78.33672332763672.
LOCAL_RANK: 0 - CUDA_VISIBLE_DEVICES: [0]
[I 2023-11-30 15:34:52,113] Trial 14 finished with value: 87.87429809570312 and parameters: {'gradient_clip_val': 0.46337121325272274, 'hidden_size': 77, 'dropout': 0.26877159054769206, 'hidden_continuous_size': 33, 'attention_head_size': 1, 'learning_rate': 0.02160587941809496}. Best is trial 2 with value: 78.33672332763672.
LOCAL_RANK: 0 - CUDA_VISIBLE_DEVICES: [0]
[I 2023-11-30 15:35:05,698] Trial 15 finished with value: 89.4593734741211 and parameters: {'gradient_clip_val': 0.2893762029225036, 'hidden_size': 43, 'dropout': 0.34605014570213366, 'hidden_continuous_size': 18, 'attention_head_size': 4, 'learning_rate': 0.00893719857924674}. Best is trial 2 with value: 78.33672332763672.
LOCAL_RANK: 0 - CUDA_VISIBLE_DEVICES: [0]
[I 2023-11-30 15:35:17,040] Trial 16 finished with value: 89.19265747070312 and parameters: {'gradient_clip_val': 0.5850362818424649, 'hidden_size': 79, 'dropout': 0.22811191339750997, 'hidden_continuous_size': 79, 'attention_head_size': 2, 'learning_rate': 0.03457234557402929}. Best is trial 2 with value: 78.33672332763672.
LOCAL_RANK: 0 - CUDA_VISIBLE_DEVICES: [0]
[I 2023-11-30 15:35:30,289] Trial 17 finished with value: 84.12296295166016 and parameters: {'gradient_clip_val': 0.46541623107083824, 'hidden_size': 26, 'dropout': 0.304641742650234, 'hidden_continuous_size': 17, 'attention_head_size': 3, 'learning_rate': 0.01160078889151453}. Best is trial 2 with value: 78.33672332763672.
LOCAL_RANK: 0 - CUDA_VISIBLE_DEVICES: [0]
[I 2023-11-30 15:35:43,846] Trial 18 finished with value: 224.87860107421875 and parameters: {'gradient_clip_val': 0.33402810903347496, 'hidden_size': 11, 'dropout': 0.36548280169288355, 'hidden_continuous_size': 10, 'attention_head_size': 2, 'learning_rate': 0.005271257066470237}. Best is trial 2 with value: 78.33672332763672.
LOCAL_RANK: 0 - CUDA_VISIBLE_DEVICES: [0]
[I 2023-11-30 15:35:57,561] Trial 19 finished with value: 83.70613861083984 and parameters: {'gradient_clip_val': 0.9619351444185366, 'hidden_size': 44, 'dropout': 0.3250362579357368, 'hidden_continuous_size': 24, 'attention_head_size': 3, 'learning_rate': 0.011598913389115832}. Best is trial 2 with value: 78.33672332763672.
LOCAL_RANK: 0 - CUDA_VISIBLE_DEVICES: [0]
[I 2023-11-30 15:36:11,928] Trial 20 finished with value: 85.25835418701172 and parameters: {'gradient_clip_val': 0.236552267519067, 'hidden_size': 65, 'dropout': 0.2795271255240897, 'hidden_continuous_size': 28, 'attention_head_size': 1, 'learning_rate': 0.004991449518996437}. Best is trial 2 with value: 78.33672332763672.
LOCAL_RANK: 0 - CUDA_VISIBLE_DEVICES: [0]
[I 2023-11-30 15:36:25,732] Trial 21 finished with value: 76.2296371459961 and parameters: {'gradient_clip_val': 0.803742760559648, 'hidden_size': 53, 'dropout': 0.23059448451291362, 'hidden_continuous_size': 34, 'attention_head_size': 2, 'learning_rate': 0.014911083119103866}. Best is trial 21 with value: 76.2296371459961.
LOCAL_RANK: 0 - CUDA_VISIBLE_DEVICES: [0]
[I 2023-11-30 15:36:39,178] Trial 22 finished with value: 84.9488754272461 and parameters: {'gradient_clip_val': 0.5413210146258248, 'hidden_size': 33, 'dropout': 0.2351551017560523, 'hidden_continuous_size': 21, 'attention_head_size': 2, 'learning_rate': 0.018227311021922734}. Best is trial 21 with value: 76.2296371459961.
LOCAL_RANK: 0 - CUDA_VISIBLE_DEVICES: [0]
[I 2023-11-30 15:36:53,263] Trial 23 finished with value: 82.6098403930664 and parameters: {'gradient_clip_val': 0.7933521112592001, 'hidden_size': 49, 'dropout': 0.2390979611261038, 'hidden_continuous_size': 25, 'attention_head_size': 2, 'learning_rate': 0.009389481602198256}. Best is trial 21 with value: 76.2296371459961.
LOCAL_RANK: 0 - CUDA_VISIBLE_DEVICES: [0]
[I 2023-11-30 15:37:06,542] Trial 24 finished with value: 81.23919677734375 and parameters: {'gradient_clip_val': 0.4705981160050345, 'hidden_size': 44, 'dropout': 0.2807123703635885, 'hidden_continuous_size': 25, 'attention_head_size': 3, 'learning_rate': 0.01249007223968164}. Best is trial 21 with value: 76.2296371459961.
LOCAL_RANK: 0 - CUDA_VISIBLE_DEVICES: [0]
[I 2023-11-30 15:37:20,735] Trial 25 finished with value: 89.30596160888672 and parameters: {'gradient_clip_val': 0.3585349620470358, 'hidden_size': 61, 'dropout': 0.3258011749906153, 'hidden_continuous_size': 34, 'attention_head_size': 2, 'learning_rate': 0.02188776198000994}. Best is trial 21 with value: 76.2296371459961.
LOCAL_RANK: 0 - CUDA_VISIBLE_DEVICES: [0]
[I 2023-11-30 15:37:33,692] Trial 26 finished with value: 80.87165832519531 and parameters: {'gradient_clip_val': 0.9873016461632158, 'hidden_size': 32, 'dropout': 0.37879000193851037, 'hidden_continuous_size': 19, 'attention_head_size': 1, 'learning_rate': 0.007995555141965106}. Best is trial 21 with value: 76.2296371459961.
LOCAL_RANK: 0 - CUDA_VISIBLE_DEVICES: [0]
[I 2023-11-30 15:37:48,341] Trial 27 finished with value: 88.13545989990234 and parameters: {'gradient_clip_val': 0.6629124240025702, 'hidden_size': 82, 'dropout': 0.34717340686677733, 'hidden_continuous_size': 33, 'attention_head_size': 3, 'learning_rate': 0.03483333197641929}. Best is trial 21 with value: 76.2296371459961.
LOCAL_RANK: 0 - CUDA_VISIBLE_DEVICES: [0]
[I 2023-11-30 15:38:02,223] Trial 28 finished with value: 82.25768280029297 and parameters: {'gradient_clip_val': 0.4961399974205616, 'hidden_size': 42, 'dropout': 0.3780205339790733, 'hidden_continuous_size': 23, 'attention_head_size': 4, 'learning_rate': 0.015064322113437934}. Best is trial 21 with value: 76.2296371459961.
LOCAL_RANK: 0 - CUDA_VISIBLE_DEVICES: [0]
[I 2023-11-30 15:38:15,979] Trial 29 finished with value: 74.35882568359375 and parameters: {'gradient_clip_val': 0.676760945418149, 'hidden_size': 49, 'dropout': 0.33538173600562854, 'hidden_continuous_size': 28, 'attention_head_size': 3, 'learning_rate': 0.010546310920458433}. Best is trial 29 with value: 74.35882568359375.
LOCAL_RANK: 0 - CUDA_VISIBLE_DEVICES: [0]
[I 2023-11-30 15:38:29,866] Trial 30 finished with value: 86.98580169677734 and parameters: {'gradient_clip_val': 0.40483244483200664, 'hidden_size': 56, 'dropout': 0.33486765692485443, 'hidden_continuous_size': 30, 'attention_head_size': 4, 'learning_rate': 0.006415417143300799}. Best is trial 29 with value: 74.35882568359375.
LOCAL_RANK: 0 - CUDA_VISIBLE_DEVICES: [0]
[I 2023-11-30 15:38:43,522] Trial 31 finished with value: 77.46218872070312 and parameters: {'gradient_clip_val': 0.6429226326543117, 'hidden_size': 52, 'dropout': 0.3408982375062046, 'hidden_continuous_size': 27, 'attention_head_size': 3, 'learning_rate': 0.008644181554800843}. Best is trial 29 with value: 74.35882568359375.
LOCAL_RANK: 0 - CUDA_VISIBLE_DEVICES: [0]
[I 2023-11-30 15:38:57,587] Trial 32 finished with value: 80.92163848876953 and parameters: {'gradient_clip_val': 0.5779105005784988, 'hidden_size': 54, 'dropout': 0.3153459932760549, 'hidden_continuous_size': 26, 'attention_head_size': 3, 'learning_rate': 0.011216177797873924}. Best is trial 29 with value: 74.35882568359375.
LOCAL_RANK: 0 - CUDA_VISIBLE_DEVICES: [0]
[I 2023-11-30 15:39:10,807] Trial 33 finished with value: 88.1755599975586 and parameters: {'gradient_clip_val': 0.8470312202155577, 'hidden_size': 38, 'dropout': 0.2971016031293601, 'hidden_continuous_size': 23, 'attention_head_size': 3, 'learning_rate': 0.017458723813318137}. Best is trial 29 with value: 74.35882568359375.
LOCAL_RANK: 0 - CUDA_VISIBLE_DEVICES: [0]
[I 2023-11-30 15:39:24,577] Trial 34 finished with value: 89.95904541015625 and parameters: {'gradient_clip_val': 0.6404876370009466, 'hidden_size': 54, 'dropout': 0.3296626996446353, 'hidden_continuous_size': 30, 'attention_head_size': 3, 'learning_rate': 0.003882862459478982}. Best is trial 29 with value: 74.35882568359375.
LOCAL_RANK: 0 - CUDA_VISIBLE_DEVICES: [0]
[I 2023-11-30 15:39:39,037] Trial 35 finished with value: 84.9246597290039 and parameters: {'gradient_clip_val': 0.7222057647321216, 'hidden_size': 67, 'dropout': 0.2873865254301035, 'hidden_continuous_size': 38, 'attention_head_size': 3, 'learning_rate': 0.009370725450273214}. Best is trial 29 with value: 74.35882568359375.
LOCAL_RANK: 0 - CUDA_VISIBLE_DEVICES: [0]
[I 2023-11-30 15:39:52,896] Trial 36 finished with value: 79.2183609008789 and parameters: {'gradient_clip_val': 0.6213790052246925, 'hidden_size': 47, 'dropout': 0.33702387057222244, 'hidden_continuous_size': 27, 'attention_head_size': 3, 'learning_rate': 0.007223221885153613}. Best is trial 29 with value: 74.35882568359375.
LOCAL_RANK: 0 - CUDA_VISIBLE_DEVICES: [0]
[I 2023-11-30 15:40:06,756] Trial 37 finished with value: 87.01549530029297 and parameters: {'gradient_clip_val': 0.5387069910589043, 'hidden_size': 59, 'dropout': 0.30966168271519606, 'hidden_continuous_size': 20, 'attention_head_size': 4, 'learning_rate': 0.013488069159947737}. Best is trial 29 with value: 74.35882568359375.
LOCAL_RANK: 0 - CUDA_VISIBLE_DEVICES: [0]
[I 2023-11-30 15:40:20,095] Trial 38 finished with value: 82.61236572265625 and parameters: {'gradient_clip_val': 0.7366963033868935, 'hidden_size': 39, 'dropout': 0.21352030215101192, 'hidden_continuous_size': 26, 'attention_head_size': 2, 'learning_rate': 0.008999072214993159}. Best is trial 29 with value: 74.35882568359375.
LOCAL_RANK: 0 - CUDA_VISIBLE_DEVICES: [0]
[I 2023-11-30 15:40:33,845] Trial 39 finished with value: 83.32303619384766 and parameters: {'gradient_clip_val': 0.8660762004054741, 'hidden_size': 50, 'dropout': 0.34416469819282575, 'hidden_continuous_size': 23, 'attention_head_size': 3, 'learning_rate': 0.010608315149820377}. Best is trial 29 with value: 74.35882568359375.
LOCAL_RANK: 0 - CUDA_VISIBLE_DEVICES: [0]
[I 2023-11-30 15:40:47,071] Trial 40 finished with value: 114.39801025390625 and parameters: {'gradient_clip_val': 0.7340071328257778, 'hidden_size': 19, 'dropout': 0.2557024997769336, 'hidden_continuous_size': 15, 'attention_head_size': 4, 'learning_rate': 0.005510263756680401}. Best is trial 29 with value: 74.35882568359375.
LOCAL_RANK: 0 - CUDA_VISIBLE_DEVICES: [0]
[I 2023-11-30 15:41:00,641] Trial 41 finished with value: 80.5698013305664 and parameters: {'gradient_clip_val': 0.6269714131974192, 'hidden_size': 47, 'dropout': 0.33451758570808565, 'hidden_continuous_size': 26, 'attention_head_size': 3, 'learning_rate': 0.008131077604937314}. Best is trial 29 with value: 74.35882568359375.
LOCAL_RANK: 0 - CUDA_VISIBLE_DEVICES: [0]
[I 2023-11-30 15:41:14,068] Trial 42 finished with value: 87.8702163696289 and parameters: {'gradient_clip_val': 0.6941529582522898, 'hidden_size': 49, 'dropout': 0.3609901748627765, 'hidden_continuous_size': 28, 'attention_head_size': 3, 'learning_rate': 0.006640822037049998}. Best is trial 29 with value: 74.35882568359375.
LOCAL_RANK: 0 - CUDA_VISIBLE_DEVICES: [0]
[I 2023-11-30 15:41:28,261] Trial 43 finished with value: 79.24634552001953 and parameters: {'gradient_clip_val': 0.8782817743532969, 'hidden_size': 68, 'dropout': 0.28975901234329215, 'hidden_continuous_size': 38, 'attention_head_size': 3, 'learning_rate': 0.014623148814973444}. Best is trial 29 with value: 74.35882568359375.
LOCAL_RANK: 0 - CUDA_VISIBLE_DEVICES: [0]
[I 2023-11-30 15:41:42,647] Trial 44 finished with value: 108.47020721435547 and parameters: {'gradient_clip_val': 0.5866459447007818, 'hidden_size': 55, 'dropout': 0.3420460420759484, 'hidden_continuous_size': 31, 'attention_head_size': 3, 'learning_rate': 0.004192494499190516}. Best is trial 29 with value: 74.35882568359375.
LOCAL_RANK: 0 - CUDA_VISIBLE_DEVICES: [0]
[I 2023-11-30 15:41:56,022] Trial 45 finished with value: 82.76536560058594 and parameters: {'gradient_clip_val': 0.7826577680517446, 'hidden_size': 40, 'dropout': 0.3136335900853004, 'hidden_continuous_size': 27, 'attention_head_size': 2, 'learning_rate': 0.007546037767649348}. Best is trial 29 with value: 74.35882568359375.
LOCAL_RANK: 0 - CUDA_VISIBLE_DEVICES: [0]
[I 2023-11-30 15:42:09,537] Trial 46 finished with value: 155.2620849609375 and parameters: {'gradient_clip_val': 0.6482811634697025, 'hidden_size': 31, 'dropout': 0.2999569917184259, 'hidden_continuous_size': 24, 'attention_head_size': 2, 'learning_rate': 0.002759191277153924}. Best is trial 29 with value: 74.35882568359375.
LOCAL_RANK: 0 - CUDA_VISIBLE_DEVICES: [0]
[I 2023-11-30 15:42:23,377] Trial 47 finished with value: 87.2702407836914 and parameters: {'gradient_clip_val': 0.5179217833828418, 'hidden_size': 45, 'dropout': 0.3513728819901099, 'hidden_continuous_size': 28, 'attention_head_size': 3, 'learning_rate': 0.006802730663793342}. Best is trial 29 with value: 74.35882568359375.
LOCAL_RANK: 0 - CUDA_VISIBLE_DEVICES: [0]
[I 2023-11-30 15:42:36,725] Trial 48 finished with value: 81.11309814453125 and parameters: {'gradient_clip_val': 0.4235328951938715, 'hidden_size': 36, 'dropout': 0.3195845045955468, 'hidden_continuous_size': 22, 'attention_head_size': 4, 'learning_rate': 0.010719842369812113}. Best is trial 29 with value: 74.35882568359375.
LOCAL_RANK: 0 - CUDA_VISIBLE_DEVICES: [0]
[I 2023-11-30 15:42:51,026] Trial 49 finished with value: 87.9813461303711 and parameters: {'gradient_clip_val': 0.6007286442989429, 'hidden_size': 60, 'dropout': 0.36989846352667133, 'hidden_continuous_size': 35, 'attention_head_size': 3, 'learning_rate': 0.013233008480791227}. Best is trial 29 with value: 74.35882568359375.
LOCAL_RANK: 0 - CUDA_VISIBLE_DEVICES: [0]
[I 2023-11-30 15:43:04,572] Trial 50 finished with value: 79.90364074707031 and parameters: {'gradient_clip_val': 0.7060579700251892, 'hidden_size': 29, 'dropout': 0.35611536439417485, 'hidden_continuous_size': 25, 'attention_head_size': 2, 'learning_rate': 0.01929419904756123}. Best is trial 29 with value: 74.35882568359375.
LOCAL_RANK: 0 - CUDA_VISIBLE_DEVICES: [0]
[I 2023-11-30 15:43:19,146] Trial 51 finished with value: 83.24022674560547 and parameters: {'gradient_clip_val': 0.9001929508974164, 'hidden_size': 69, 'dropout': 0.294686904606006, 'hidden_continuous_size': 40, 'attention_head_size': 3, 'learning_rate': 0.014182088988199103}. Best is trial 29 with value: 74.35882568359375.
LOCAL_RANK: 0 - CUDA_VISIBLE_DEVICES: [0]
[I 2023-11-30 15:43:33,737] Trial 52 finished with value: 81.2505874633789 and parameters: {'gradient_clip_val': 0.9030378773025483, 'hidden_size': 73, 'dropout': 0.3382859831658964, 'hidden_continuous_size': 46, 'attention_head_size': 3, 'learning_rate': 0.01002793487877985}. Best is trial 29 with value: 74.35882568359375.
LOCAL_RANK: 0 - CUDA_VISIBLE_DEVICES: [0]
[I 2023-11-30 15:43:48,588] Trial 53 finished with value: 89.81616973876953 and parameters: {'gradient_clip_val': 0.8275790398147768, 'hidden_size': 86, 'dropout': 0.26703085846586844, 'hidden_continuous_size': 36, 'attention_head_size': 3, 'learning_rate': 0.016694720057947345}. Best is trial 29 with value: 74.35882568359375.
LOCAL_RANK: 0 - CUDA_VISIBLE_DEVICES: [0]
[I 2023-11-30 15:44:03,540] Trial 54 finished with value: 79.6894760131836 and parameters: {'gradient_clip_val': 0.7725120103827899, 'hidden_size': 66, 'dropout': 0.3087986067212642, 'hidden_continuous_size': 32, 'attention_head_size': 3, 'learning_rate': 0.008027440676545598}. Best is trial 29 with value: 74.35882568359375.
LOCAL_RANK: 0 - CUDA_VISIBLE_DEVICES: [0]
[I 2023-11-30 15:44:17,607] Trial 55 finished with value: 84.53821563720703 and parameters: {'gradient_clip_val': 0.9059071006461384, 'hidden_size': 50, 'dropout': 0.3340629349426027, 'hidden_continuous_size': 31, 'attention_head_size': 3, 'learning_rate': 0.014676585420882605}. Best is trial 29 with value: 74.35882568359375.
LOCAL_RANK: 0 - CUDA_VISIBLE_DEVICES: [0]
[I 2023-11-30 15:44:33,047] Trial 56 finished with value: 79.8016128540039 and parameters: {'gradient_clip_val': 0.8317046972639796, 'hidden_size': 59, 'dropout': 0.3517769124585497, 'hidden_continuous_size': 36, 'attention_head_size': 3, 'learning_rate': 0.01233815109788727}. Best is trial 29 with value: 74.35882568359375.
LOCAL_RANK: 0 - CUDA_VISIBLE_DEVICES: [0]
[I 2023-11-30 15:44:46,928] Trial 57 finished with value: 79.48812103271484 and parameters: {'gradient_clip_val': 0.7775409098120599, 'hidden_size': 41, 'dropout': 0.32589292452929053, 'hidden_continuous_size': 29, 'attention_head_size': 3, 'learning_rate': 0.021330626195382334}. Best is trial 29 with value: 74.35882568359375.
LOCAL_RANK: 0 - CUDA_VISIBLE_DEVICES: [0]
[I 2023-11-30 15:45:01,516] Trial 58 finished with value: 86.89948272705078 and parameters: {'gradient_clip_val': 0.9758423354017157, 'hidden_size': 72, 'dropout': 0.31753686162378664, 'hidden_continuous_size': 43, 'attention_head_size': 2, 'learning_rate': 0.010641955475459434}. Best is trial 29 with value: 74.35882568359375.
LOCAL_RANK: 0 - CUDA_VISIBLE_DEVICES: [0]
[I 2023-11-30 15:45:15,957] Trial 59 finished with value: 81.1944808959961 and parameters: {'gradient_clip_val': 0.6827082841644545, 'hidden_size': 46, 'dropout': 0.2875473292831671, 'hidden_continuous_size': 33, 'attention_head_size': 3, 'learning_rate': 0.005699325499807221}. Best is trial 29 with value: 74.35882568359375.
LOCAL_RANK: 0 - CUDA_VISIBLE_DEVICES: [0]
