[I 2023-11-30 10:58:48,732] Trial 126 finished with value: 1507.8458251953125 and parameters: {'gradient_clip_val': 0.5031881901640357, 'hidden_size': 34, 'dropout': 0.34841818899359256, 'hidden_continuous_size': 19, 'attention_head_size': 4, 'learning_rate': 0.014768179195710766}. Best is trial 68 with value: 1069.50537109375.
LOCAL_RANK: 0 - CUDA_VISIBLE_DEVICES: [0]
[I 2023-11-30 10:59:01,457] Trial 127 finished with value: 1476.1451416015625 and parameters: {'gradient_clip_val': 0.4373981029916627, 'hidden_size': 39, 'dropout': 0.3136848278819661, 'hidden_continuous_size': 18, 'attention_head_size': 4, 'learning_rate': 0.03216222647833164}. Best is trial 68 with value: 1069.50537109375.
LOCAL_RANK: 0 - CUDA_VISIBLE_DEVICES: [0]
[I 2023-11-30 10:59:13,834] Trial 128 finished with value: 1408.9722900390625 and parameters: {'gradient_clip_val': 0.4861046491465991, 'hidden_size': 26, 'dropout': 0.30678336288245356, 'hidden_continuous_size': 17, 'attention_head_size': 3, 'learning_rate': 0.011260357642950759}. Best is trial 68 with value: 1069.50537109375.
LOCAL_RANK: 0 - CUDA_VISIBLE_DEVICES: [0]
[I 2023-11-30 10:59:26,690] Trial 129 finished with value: 2019.53125 and parameters: {'gradient_clip_val': 0.5298889717508093, 'hidden_size': 43, 'dropout': 0.36888428867248313, 'hidden_continuous_size': 14, 'attention_head_size': 4, 'learning_rate': 0.004828988852594347}. Best is trial 68 with value: 1069.50537109375.
LOCAL_RANK: 0 - CUDA_VISIBLE_DEVICES: [0]
[I 2023-11-30 10:59:39,352] Trial 130 finished with value: 1547.6043701171875 and parameters: {'gradient_clip_val': 0.5949677397686056, 'hidden_size': 36, 'dropout': 0.3538081221693195, 'hidden_continuous_size': 13, 'attention_head_size': 3, 'learning_rate': 0.013104840914552664}. Best is trial 68 with value: 1069.50537109375.
LOCAL_RANK: 0 - CUDA_VISIBLE_DEVICES: [0]
[I 2023-11-30 10:59:52,096] Trial 131 finished with value: 1229.982421875 and parameters: {'gradient_clip_val': 0.5569047296332783, 'hidden_size': 46, 'dropout': 0.3227986999013412, 'hidden_continuous_size': 22, 'attention_head_size': 1, 'learning_rate': 0.010697275066369189}. Best is trial 68 with value: 1069.50537109375.
LOCAL_RANK: 0 - CUDA_VISIBLE_DEVICES: [0]
[I 2023-11-30 11:00:04,791] Trial 132 finished with value: 1408.6993408203125 and parameters: {'gradient_clip_val': 0.5561949256802997, 'hidden_size': 46, 'dropout': 0.33087771619397943, 'hidden_continuous_size': 22, 'attention_head_size': 1, 'learning_rate': 0.010726473929502735}. Best is trial 68 with value: 1069.50537109375.
LOCAL_RANK: 0 - CUDA_VISIBLE_DEVICES: [0]
[I 2023-11-30 11:00:17,669] Trial 133 finished with value: 1335.0704345703125 and parameters: {'gradient_clip_val': 0.5794736527864389, 'hidden_size': 53, 'dropout': 0.33882201733277995, 'hidden_continuous_size': 22, 'attention_head_size': 1, 'learning_rate': 0.012391797483276974}. Best is trial 68 with value: 1069.50537109375.
LOCAL_RANK: 0 - CUDA_VISIBLE_DEVICES: [0]
[I 2023-11-30 11:00:30,515] Trial 134 finished with value: 1395.4468994140625 and parameters: {'gradient_clip_val': 0.5292753886876262, 'hidden_size': 50, 'dropout': 0.30993641453913756, 'hidden_continuous_size': 21, 'attention_head_size': 1, 'learning_rate': 0.010216339936350096}. Best is trial 68 with value: 1069.50537109375.
LOCAL_RANK: 0 - CUDA_VISIBLE_DEVICES: [0]
[I 2023-11-30 11:00:43,417] Trial 135 finished with value: 1361.6363525390625 and parameters: {'gradient_clip_val': 0.41793102165050633, 'hidden_size': 41, 'dropout': 0.32206050075411946, 'hidden_continuous_size': 15, 'attention_head_size': 3, 'learning_rate': 0.01435419982800673}. Best is trial 68 with value: 1069.50537109375.
LOCAL_RANK: 0 - CUDA_VISIBLE_DEVICES: [0]
[I 2023-11-30 11:00:56,007] Trial 136 finished with value: 1262.2071533203125 and parameters: {'gradient_clip_val': 0.4942105095080579, 'hidden_size': 32, 'dropout': 0.3028811610841261, 'hidden_continuous_size': 25, 'attention_head_size': 4, 'learning_rate': 0.02175859376995204}. Best is trial 68 with value: 1069.50537109375.
LOCAL_RANK: 0 - CUDA_VISIBLE_DEVICES: [0]
[I 2023-11-30 11:01:08,547] Trial 137 finished with value: 1598.9495849609375 and parameters: {'gradient_clip_val': 0.49328317127415366, 'hidden_size': 31, 'dropout': 0.3001126382276654, 'hidden_continuous_size': 24, 'attention_head_size': 1, 'learning_rate': 0.016199828819895994}. Best is trial 68 with value: 1069.50537109375.
LOCAL_RANK: 0 - CUDA_VISIBLE_DEVICES: [0]
[I 2023-11-30 11:01:20,974] Trial 138 finished with value: 1331.6939697265625 and parameters: {'gradient_clip_val': 0.6315785109825396, 'hidden_size': 28, 'dropout': 0.37426042137326987, 'hidden_continuous_size': 25, 'attention_head_size': 4, 'learning_rate': 0.01732121010335587}. Best is trial 68 with value: 1069.50537109375.
LOCAL_RANK: 0 - CUDA_VISIBLE_DEVICES: [0]
[I 2023-11-30 11:01:34,382] Trial 139 finished with value: 1618.8369140625 and parameters: {'gradient_clip_val': 0.555133851851169, 'hidden_size': 57, 'dropout': 0.2830678118628859, 'hidden_continuous_size': 24, 'attention_head_size': 3, 'learning_rate': 0.019546971809171726}. Best is trial 68 with value: 1069.50537109375.
LOCAL_RANK: 0 - CUDA_VISIBLE_DEVICES: [0]
[I 2023-11-30 11:01:47,064] Trial 140 finished with value: 1303.0672607421875 and parameters: {'gradient_clip_val': 0.6914382845521932, 'hidden_size': 33, 'dropout': 0.30199247115112426, 'hidden_continuous_size': 19, 'attention_head_size': 4, 'learning_rate': 0.007156049352506376}. Best is trial 68 with value: 1069.50537109375.
LOCAL_RANK: 0 - CUDA_VISIBLE_DEVICES: [0]
[I 2023-11-30 11:01:59,918] Trial 141 finished with value: 1386.810546875 and parameters: {'gradient_clip_val': 0.4813536732333419, 'hidden_size': 35, 'dropout': 0.3261129922089694, 'hidden_continuous_size': 27, 'attention_head_size': 4, 'learning_rate': 0.02197732559012117}. Best is trial 68 with value: 1069.50537109375.
LOCAL_RANK: 0 - CUDA_VISIBLE_DEVICES: [0]
[I 2023-11-30 11:02:12,610] Trial 142 finished with value: 1520.1375732421875 and parameters: {'gradient_clip_val': 0.4371411172223768, 'hidden_size': 38, 'dropout': 0.31701951853094223, 'hidden_continuous_size': 11, 'attention_head_size': 4, 'learning_rate': 0.025744614191442205}. Best is trial 68 with value: 1069.50537109375.
LOCAL_RANK: 0 - CUDA_VISIBLE_DEVICES: [0]
[I 2023-11-30 11:02:25,060] Trial 143 finished with value: 1264.7205810546875 and parameters: {'gradient_clip_val': 0.5171155010104586, 'hidden_size': 32, 'dropout': 0.36220715794570096, 'hidden_continuous_size': 20, 'attention_head_size': 4, 'learning_rate': 0.022916897992199356}. Best is trial 68 with value: 1069.50537109375.
LOCAL_RANK: 0 - CUDA_VISIBLE_DEVICES: [0]
[I 2023-11-30 11:02:37,734] Trial 144 finished with value: 1512.1190185546875 and parameters: {'gradient_clip_val': 0.5143920277998681, 'hidden_size': 32, 'dropout': 0.3652540190813737, 'hidden_continuous_size': 20, 'attention_head_size': 4, 'learning_rate': 0.023941447671472483}. Best is trial 68 with value: 1069.50537109375.
LOCAL_RANK: 0 - CUDA_VISIBLE_DEVICES: [0]
[I 2023-11-30 11:02:50,572] Trial 145 finished with value: 1274.8048095703125 and parameters: {'gradient_clip_val': 0.4541756531813612, 'hidden_size': 37, 'dropout': 0.34641682541938446, 'hidden_continuous_size': 21, 'attention_head_size': 4, 'learning_rate': 0.028355048508555785}. Best is trial 68 with value: 1069.50537109375.
LOCAL_RANK: 0 - CUDA_VISIBLE_DEVICES: [0]
[I 2023-11-30 11:03:02,923] Trial 146 finished with value: 1208.9952392578125 and parameters: {'gradient_clip_val': 0.5857252124128517, 'hidden_size': 29, 'dropout': 0.36066441111229053, 'hidden_continuous_size': 10, 'attention_head_size': 3, 'learning_rate': 0.020839401357687626}. Best is trial 68 with value: 1069.50537109375.
LOCAL_RANK: 0 - CUDA_VISIBLE_DEVICES: [0]
[I 2023-11-30 11:03:15,105] Trial 147 finished with value: 1333.9443359375 and parameters: {'gradient_clip_val': 0.596607999970767, 'hidden_size': 29, 'dropout': 0.38797171344185505, 'hidden_continuous_size': 10, 'attention_head_size': 3, 'learning_rate': 0.013141589954226322}. Best is trial 68 with value: 1069.50537109375.
LOCAL_RANK: 0 - CUDA_VISIBLE_DEVICES: [0]
[I 2023-11-30 11:03:28,122] Trial 148 finished with value: 1385.8812255859375 and parameters: {'gradient_clip_val': 0.6239892412966883, 'hidden_size': 47, 'dropout': 0.35316819508393504, 'hidden_continuous_size': 27, 'attention_head_size': 3, 'learning_rate': 0.020919487862767937}. Best is trial 68 with value: 1069.50537109375.
LOCAL_RANK: 0 - CUDA_VISIBLE_DEVICES: [0]
[I 2023-11-30 11:03:40,824] Trial 149 finished with value: 1505.5699462890625 and parameters: {'gradient_clip_val': 0.5624585511339796, 'hidden_size': 30, 'dropout': 0.3773367160452642, 'hidden_continuous_size': 16, 'attention_head_size': 3, 'learning_rate': 0.01137103198749411}. Best is trial 68 with value: 1069.50537109375.
[I 2023-11-30 11:03:40,934] A new study created in memory with name: no-name-4b8b1606-3b9b-4c61-aeae-fe3b39e7e705
/home/le004/conda/anaconda3/envs/tsff_env/lib/python3.9/site-packages/lightning/fabric/plugins/environments/slurm.py:191: The `srun` command is available on your system but is not used. HINT: If your intention is to run Lightning on SLURM, prepend your python command with `srun` like so: srun python /home/le004/master_thesis/git/TSFusionForecast/code/ ...
LOCAL_RANK: 0 - CUDA_VISIBLE_DEVICES: [0]
[I 2023-11-30 11:03:53,453] Trial 0 finished with value: 9.40811538696289 and parameters: {'gradient_clip_val': 0.40998747924621454, 'hidden_size': 34, 'dropout': 0.2789261403910156, 'hidden_continuous_size': 12, 'attention_head_size': 3, 'learning_rate': 0.02629252427205621}. Best is trial 0 with value: 9.40811538696289.
LOCAL_RANK: 0 - CUDA_VISIBLE_DEVICES: [0]
[I 2023-11-30 11:04:05,434] Trial 1 finished with value: 9.791481971740723 and parameters: {'gradient_clip_val': 0.29658009472982794, 'hidden_size': 14, 'dropout': 0.2788826555784115, 'hidden_continuous_size': 11, 'attention_head_size': 1, 'learning_rate': 0.027705470391365866}. Best is trial 0 with value: 9.40811538696289.
LOCAL_RANK: 0 - CUDA_VISIBLE_DEVICES: [0]
[I 2023-11-30 11:04:19,548] Trial 2 finished with value: 11.054646492004395 and parameters: {'gradient_clip_val': 0.6643093192880877, 'hidden_size': 137, 'dropout': 0.2773332953964227, 'hidden_continuous_size': 12, 'attention_head_size': 4, 'learning_rate': 0.001715309167972343}. Best is trial 0 with value: 9.40811538696289.
LOCAL_RANK: 0 - CUDA_VISIBLE_DEVICES: [0]
[I 2023-11-30 11:04:31,658] Trial 3 finished with value: 23.705846786499023 and parameters: {'gradient_clip_val': 0.218702110574139, 'hidden_size': 19, 'dropout': 0.34605135066446924, 'hidden_continuous_size': 10, 'attention_head_size': 1, 'learning_rate': 0.007333404169571827}. Best is trial 0 with value: 9.40811538696289.
LOCAL_RANK: 0 - CUDA_VISIBLE_DEVICES: [0]
[I 2023-11-30 11:04:44,138] Trial 4 finished with value: 10.598885536193848 and parameters: {'gradient_clip_val': 0.3996614720033783, 'hidden_size': 27, 'dropout': 0.33160304380248734, 'hidden_continuous_size': 18, 'attention_head_size': 4, 'learning_rate': 0.011688032930834024}. Best is trial 0 with value: 9.40811538696289.
LOCAL_RANK: 0 - CUDA_VISIBLE_DEVICES: [0]
[I 2023-11-30 11:04:56,320] Trial 5 finished with value: 11.656787872314453 and parameters: {'gradient_clip_val': 0.13189302999520017, 'hidden_size': 21, 'dropout': 0.29430255378223014, 'hidden_continuous_size': 11, 'attention_head_size': 4, 'learning_rate': 0.0512880031290917}. Best is trial 0 with value: 9.40811538696289.
LOCAL_RANK: 0 - CUDA_VISIBLE_DEVICES: [0]
[I 2023-11-30 11:05:10,097] Trial 6 finished with value: 12.306414604187012 and parameters: {'gradient_clip_val': 0.4709735887593179, 'hidden_size': 121, 'dropout': 0.1829769668472139, 'hidden_continuous_size': 19, 'attention_head_size': 4, 'learning_rate': 0.02091033181172781}. Best is trial 0 with value: 9.40811538696289.
LOCAL_RANK: 0 - CUDA_VISIBLE_DEVICES: [0]
[I 2023-11-30 11:05:22,002] Trial 7 finished with value: 43.629451751708984 and parameters: {'gradient_clip_val': 0.10399299806585656, 'hidden_size': 16, 'dropout': 0.1994471978040398, 'hidden_continuous_size': 14, 'attention_head_size': 2, 'learning_rate': 0.003543815345041325}. Best is trial 0 with value: 9.40811538696289.
LOCAL_RANK: 0 - CUDA_VISIBLE_DEVICES: [0]
[I 2023-11-30 11:05:34,444] Trial 8 finished with value: 8.291330337524414 and parameters: {'gradient_clip_val': 0.824672919528588, 'hidden_size': 23, 'dropout': 0.2649597824656933, 'hidden_continuous_size': 16, 'attention_head_size': 3, 'learning_rate': 0.023522845775723458}. Best is trial 8 with value: 8.291330337524414.
LOCAL_RANK: 0 - CUDA_VISIBLE_DEVICES: [0]
[I 2023-11-30 11:05:48,300] Trial 9 finished with value: 9.846358299255371 and parameters: {'gradient_clip_val': 0.8963831956525861, 'hidden_size': 87, 'dropout': 0.303505878389684, 'hidden_continuous_size': 61, 'attention_head_size': 2, 'learning_rate': 0.008011978353953876}. Best is trial 8 with value: 8.291330337524414.
LOCAL_RANK: 0 - CUDA_VISIBLE_DEVICES: [0]
[I 2023-11-30 11:05:58,632] Trial 10 finished with value: 15.754961967468262 and parameters: {'gradient_clip_val': 0.980346325196498, 'hidden_size': 10, 'dropout': 0.3941282756448709, 'hidden_continuous_size': 10, 'attention_head_size': 3, 'learning_rate': 0.0928208154615259}. Best is trial 8 with value: 8.291330337524414.
LOCAL_RANK: 0 - CUDA_VISIBLE_DEVICES: [0]
[I 2023-11-30 11:06:11,377] Trial 11 finished with value: 12.196871757507324 and parameters: {'gradient_clip_val': 0.5982211196891868, 'hidden_size': 42, 'dropout': 0.2269705020757442, 'hidden_continuous_size': 16, 'attention_head_size': 3, 'learning_rate': 0.02718867349752095}. Best is trial 8 with value: 8.291330337524414.
LOCAL_RANK: 0 - CUDA_VISIBLE_DEVICES: [0]
[I 2023-11-30 11:06:24,170] Trial 12 finished with value: 13.012162208557129 and parameters: {'gradient_clip_val': 0.6398380333398517, 'hidden_size': 39, 'dropout': 0.13412119455983795, 'hidden_continuous_size': 14, 'attention_head_size': 3, 'learning_rate': 0.047206425773304875}. Best is trial 8 with value: 8.291330337524414.
LOCAL_RANK: 0 - CUDA_VISIBLE_DEVICES: [0]
[I 2023-11-30 11:06:36,220] Trial 13 finished with value: 9.643319129943848 and parameters: {'gradient_clip_val': 0.3284780386012589, 'hidden_size': 28, 'dropout': 0.24492676900365123, 'hidden_continuous_size': 13, 'attention_head_size': 2, 'learning_rate': 0.013332892757088599}. Best is trial 8 with value: 8.291330337524414.
LOCAL_RANK: 0 - CUDA_VISIBLE_DEVICES: [0]
[I 2023-11-30 11:06:49,456] Trial 14 finished with value: 10.53006649017334 and parameters: {'gradient_clip_val': 0.4697517121039024, 'hidden_size': 55, 'dropout': 0.2353903882518008, 'hidden_continuous_size': 24, 'attention_head_size': 3, 'learning_rate': 0.019143077254522377}. Best is trial 8 with value: 8.291330337524414.
LOCAL_RANK: 0 - CUDA_VISIBLE_DEVICES: [0]
[I 2023-11-30 11:07:02,410] Trial 15 finished with value: 12.476284980773926 and parameters: {'gradient_clip_val': 0.7848917247032727, 'hidden_size': 56, 'dropout': 0.27032109951934796, 'hidden_continuous_size': 23, 'attention_head_size': 3, 'learning_rate': 0.04066197550922654}. Best is trial 8 with value: 8.291330337524414.
LOCAL_RANK: 0 - CUDA_VISIBLE_DEVICES: [0]
[I 2023-11-30 11:07:14,661] Trial 16 finished with value: 12.411206245422363 and parameters: {'gradient_clip_val': 0.7404645254593272, 'hidden_size': 27, 'dropout': 0.3229901268644899, 'hidden_continuous_size': 12, 'attention_head_size': 2, 'learning_rate': 0.08157544072381182}. Best is trial 8 with value: 8.291330337524414.
LOCAL_RANK: 0 - CUDA_VISIBLE_DEVICES: [0]
[I 2023-11-30 11:07:26,899] Trial 17 finished with value: 11.203511238098145 and parameters: {'gradient_clip_val': 0.9902182087454299, 'hidden_size': 32, 'dropout': 0.25275922138615653, 'hidden_continuous_size': 15, 'attention_head_size': 3, 'learning_rate': 0.014098197834423206}. Best is trial 8 with value: 8.291330337524414.
LOCAL_RANK: 0 - CUDA_VISIBLE_DEVICES: [0]
[I 2023-11-30 11:07:38,810] Trial 18 finished with value: 9.429619789123535 and parameters: {'gradient_clip_val': 0.5647227077402762, 'hidden_size': 20, 'dropout': 0.21037840001131128, 'hidden_continuous_size': 13, 'attention_head_size': 2, 'learning_rate': 0.03537859910312256}. Best is trial 8 with value: 8.291330337524414.
LOCAL_RANK: 0 - CUDA_VISIBLE_DEVICES: [0]
[I 2023-11-30 11:07:51,921] Trial 19 finished with value: 9.546221733093262 and parameters: {'gradient_clip_val': 0.5330157252534153, 'hidden_size': 52, 'dropout': 0.1617734729113054, 'hidden_continuous_size': 18, 'attention_head_size': 4, 'learning_rate': 0.006591100981072531}. Best is trial 8 with value: 8.291330337524414.
LOCAL_RANK: 0 - CUDA_VISIBLE_DEVICES: [0]
[I 2023-11-30 11:08:04,122] Trial 20 finished with value: 20.813505172729492 and parameters: {'gradient_clip_val': 0.7566015094574471, 'hidden_size': 13, 'dropout': 0.22247554806050263, 'hidden_continuous_size': 10, 'attention_head_size': 3, 'learning_rate': 0.018986947650807412}. Best is trial 8 with value: 8.291330337524414.
LOCAL_RANK: 0 - CUDA_VISIBLE_DEVICES: [0]
[I 2023-11-30 11:08:16,429] Trial 21 finished with value: 10.06917953491211 and parameters: {'gradient_clip_val': 0.5454365798735615, 'hidden_size': 23, 'dropout': 0.2112857975952666, 'hidden_continuous_size': 13, 'attention_head_size': 2, 'learning_rate': 0.031247246020129717}. Best is trial 8 with value: 8.291330337524414.
LOCAL_RANK: 0 - CUDA_VISIBLE_DEVICES: [0]
[I 2023-11-30 11:08:28,550] Trial 22 finished with value: 10.65433120727539 and parameters: {'gradient_clip_val': 0.42181131618226114, 'hidden_size': 18, 'dropout': 0.2546424436421965, 'hidden_continuous_size': 12, 'attention_head_size': 2, 'learning_rate': 0.04893014660667077}. Best is trial 8 with value: 8.291330337524414.
LOCAL_RANK: 0 - CUDA_VISIBLE_DEVICES: [0]
[I 2023-11-30 11:08:40,493] Trial 23 finished with value: 12.120468139648438 and parameters: {'gradient_clip_val': 0.6209663332303301, 'hidden_size': 23, 'dropout': 0.10142684514369057, 'hidden_continuous_size': 13, 'attention_head_size': 1, 'learning_rate': 0.031176255438349357}. Best is trial 8 with value: 8.291330337524414.
LOCAL_RANK: 0 - CUDA_VISIBLE_DEVICES: [0]
[I 2023-11-30 11:08:53,265] Trial 24 finished with value: 13.175408363342285 and parameters: {'gradient_clip_val': 0.8073962894168334, 'hidden_size': 33, 'dropout': 0.19831292128788702, 'hidden_continuous_size': 16, 'attention_head_size': 3, 'learning_rate': 0.06401570789595167}. Best is trial 8 with value: 8.291330337524414.
LOCAL_RANK: 0 - CUDA_VISIBLE_DEVICES: [0]
[I 2023-11-30 11:09:05,439] Trial 25 finished with value: 10.37000560760498 and parameters: {'gradient_clip_val': 0.5306540120096466, 'hidden_size': 22, 'dropout': 0.2511650657686185, 'hidden_continuous_size': 11, 'attention_head_size': 2, 'learning_rate': 0.037497718571144124}. Best is trial 8 with value: 8.291330337524414.
LOCAL_RANK: 0 - CUDA_VISIBLE_DEVICES: [0]
[I 2023-11-30 11:09:17,993] Trial 26 finished with value: 15.309338569641113 and parameters: {'gradient_clip_val': 0.6882366078529006, 'hidden_size': 33, 'dropout': 0.22886176972698405, 'hidden_continuous_size': 15, 'attention_head_size': 3, 'learning_rate': 0.058677207468998224}. Best is trial 8 with value: 8.291330337524414.
LOCAL_RANK: 0 - CUDA_VISIBLE_DEVICES: [0]
[I 2023-11-30 11:09:30,042] Trial 27 finished with value: 11.636283874511719 and parameters: {'gradient_clip_val': 0.8531884696241019, 'hidden_size': 15, 'dropout': 0.1812268750085867, 'hidden_continuous_size': 11, 'attention_head_size': 2, 'learning_rate': 0.023175873577273354}. Best is trial 8 with value: 8.291330337524414.
LOCAL_RANK: 0 - CUDA_VISIBLE_DEVICES: [0]
[I 2023-11-30 11:09:42,080] Trial 28 finished with value: 10.981188774108887 and parameters: {'gradient_clip_val': 0.36859170095169663, 'hidden_size': 18, 'dropout': 0.26573106037473165, 'hidden_continuous_size': 12, 'attention_head_size': 1, 'learning_rate': 0.03704173611055625}. Best is trial 8 with value: 8.291330337524414.
LOCAL_RANK: 0 - CUDA_VISIBLE_DEVICES: [0]
[I 2023-11-30 11:09:53,809] Trial 29 finished with value: 20.171648025512695 and parameters: {'gradient_clip_val': 0.3195608556164324, 'hidden_size': 12, 'dropout': 0.298162687646374, 'hidden_continuous_size': 10, 'attention_head_size': 1, 'learning_rate': 0.015734571292201877}. Best is trial 8 with value: 8.291330337524414.
LOCAL_RANK: 0 - CUDA_VISIBLE_DEVICES: [0]
[I 2023-11-30 11:10:05,989] Trial 30 finished with value: 14.254070281982422 and parameters: {'gradient_clip_val': 0.26276059258130924, 'hidden_size': 14, 'dropout': 0.28182141361743945, 'hidden_continuous_size': 11, 'attention_head_size': 3, 'learning_rate': 0.026807426759658453}. Best is trial 8 with value: 8.291330337524414.
LOCAL_RANK: 0 - CUDA_VISIBLE_DEVICES: [0]
[I 2023-11-30 11:10:18,928] Trial 31 finished with value: 10.450836181640625 and parameters: {'gradient_clip_val': 0.5261260444527138, 'hidden_size': 45, 'dropout': 0.1626939699336836, 'hidden_continuous_size': 17, 'attention_head_size': 4, 'learning_rate': 0.009897764736417406}. Best is trial 8 with value: 8.291330337524414.
LOCAL_RANK: 0 - CUDA_VISIBLE_DEVICES: [0]
[I 2023-11-30 11:10:31,927] Trial 32 finished with value: 11.20513916015625 and parameters: {'gradient_clip_val': 0.6782157046446279, 'hidden_size': 49, 'dropout': 0.15932410381474482, 'hidden_continuous_size': 20, 'attention_head_size': 4, 'learning_rate': 0.005143110522279524}. Best is trial 8 with value: 8.291330337524414.
LOCAL_RANK: 0 - CUDA_VISIBLE_DEVICES: [0]
[I 2023-11-30 11:10:44,636] Trial 33 finished with value: 10.230034828186035 and parameters: {'gradient_clip_val': 0.46929910641135325, 'hidden_size': 36, 'dropout': 0.20963108324199428, 'hidden_continuous_size': 14, 'attention_head_size': 4, 'learning_rate': 0.01740788461428677}. Best is trial 8 with value: 8.291330337524414.
LOCAL_RANK: 0 - CUDA_VISIBLE_DEVICES: [0]
