[I 2023-11-30 13:47:09,495] Trial 136 finished with value: 429.8400573730469 and parameters: {'gradient_clip_val': 0.35091796020666355, 'hidden_size': 77, 'dropout': 0.28376617180957103, 'hidden_continuous_size': 62, 'attention_head_size': 2, 'learning_rate': 0.004528469286355612}. Best is trial 102 with value: 294.4981994628906.
LOCAL_RANK: 0 - CUDA_VISIBLE_DEVICES: [0]
[I 2023-11-30 13:47:24,405] Trial 137 finished with value: 373.8875732421875 and parameters: {'gradient_clip_val': 0.5032891458729235, 'hidden_size': 128, 'dropout': 0.2640964981545187, 'hidden_continuous_size': 37, 'attention_head_size': 2, 'learning_rate': 0.0028019575765388404}. Best is trial 102 with value: 294.4981994628906.
LOCAL_RANK: 0 - CUDA_VISIBLE_DEVICES: [0]
[I 2023-11-30 13:47:38,912] Trial 138 finished with value: 412.3258972167969 and parameters: {'gradient_clip_val': 0.2904004819983332, 'hidden_size': 96, 'dropout': 0.2503988067720624, 'hidden_continuous_size': 64, 'attention_head_size': 2, 'learning_rate': 0.006365960387519005}. Best is trial 102 with value: 294.4981994628906.
LOCAL_RANK: 0 - CUDA_VISIBLE_DEVICES: [0]
[I 2023-11-30 13:47:54,062] Trial 139 finished with value: 417.4099426269531 and parameters: {'gradient_clip_val': 0.30497333552812594, 'hidden_size': 143, 'dropout': 0.23837285369345423, 'hidden_continuous_size': 46, 'attention_head_size': 2, 'learning_rate': 0.005336419535802827}. Best is trial 102 with value: 294.4981994628906.
LOCAL_RANK: 0 - CUDA_VISIBLE_DEVICES: [0]
[I 2023-11-30 13:48:09,348] Trial 140 finished with value: 417.180908203125 and parameters: {'gradient_clip_val': 0.3287843214841892, 'hidden_size': 118, 'dropout': 0.30179897300792147, 'hidden_continuous_size': 108, 'attention_head_size': 2, 'learning_rate': 0.004290896191125928}. Best is trial 102 with value: 294.4981994628906.
LOCAL_RANK: 0 - CUDA_VISIBLE_DEVICES: [0]
[I 2023-11-30 13:48:24,499] Trial 141 finished with value: 402.2151794433594 and parameters: {'gradient_clip_val': 0.36506804999932696, 'hidden_size': 112, 'dropout': 0.25984786822388467, 'hidden_continuous_size': 79, 'attention_head_size': 2, 'learning_rate': 0.003610389649556158}. Best is trial 102 with value: 294.4981994628906.
LOCAL_RANK: 0 - CUDA_VISIBLE_DEVICES: [0]
[I 2023-11-30 13:48:39,516] Trial 142 finished with value: 378.5508728027344 and parameters: {'gradient_clip_val': 0.38888584005672283, 'hidden_size': 102, 'dropout': 0.277300095024274, 'hidden_continuous_size': 69, 'attention_head_size': 2, 'learning_rate': 0.003286514250654568}. Best is trial 102 with value: 294.4981994628906.
LOCAL_RANK: 0 - CUDA_VISIBLE_DEVICES: [0]
[I 2023-11-30 13:48:54,648] Trial 143 finished with value: 370.1243591308594 and parameters: {'gradient_clip_val': 0.42185696798049477, 'hidden_size': 110, 'dropout': 0.26054565125537776, 'hidden_continuous_size': 73, 'attention_head_size': 3, 'learning_rate': 0.0038220485173081345}. Best is trial 102 with value: 294.4981994628906.
LOCAL_RANK: 0 - CUDA_VISIBLE_DEVICES: [0]
[I 2023-11-30 13:49:10,168] Trial 144 finished with value: 463.2940368652344 and parameters: {'gradient_clip_val': 0.3494107695401375, 'hidden_size': 127, 'dropout': 0.26977073697193565, 'hidden_continuous_size': 66, 'attention_head_size': 4, 'learning_rate': 0.0029943588955264337}. Best is trial 102 with value: 294.4981994628906.
LOCAL_RANK: 0 - CUDA_VISIBLE_DEVICES: [0]
[I 2023-11-30 13:49:25,182] Trial 145 finished with value: 396.6867980957031 and parameters: {'gradient_clip_val': 0.540767536600781, 'hidden_size': 118, 'dropout': 0.2541475340079345, 'hidden_continuous_size': 60, 'attention_head_size': 2, 'learning_rate': 0.0048108635101832605}. Best is trial 102 with value: 294.4981994628906.
LOCAL_RANK: 0 - CUDA_VISIBLE_DEVICES: [0]
[I 2023-11-30 13:49:40,453] Trial 146 finished with value: 441.0055847167969 and parameters: {'gradient_clip_val': 0.37139685924873717, 'hidden_size': 90, 'dropout': 0.22972040181188264, 'hidden_continuous_size': 67, 'attention_head_size': 3, 'learning_rate': 0.0024405987875957625}. Best is trial 102 with value: 294.4981994628906.
LOCAL_RANK: 0 - CUDA_VISIBLE_DEVICES: [0]
[I 2023-11-30 13:49:56,260] Trial 147 finished with value: 351.64404296875 and parameters: {'gradient_clip_val': 0.4459546022511005, 'hidden_size': 133, 'dropout': 0.2477110738324219, 'hidden_continuous_size': 57, 'attention_head_size': 3, 'learning_rate': 0.003555779651043615}. Best is trial 102 with value: 294.4981994628906.
LOCAL_RANK: 0 - CUDA_VISIBLE_DEVICES: [0]
[I 2023-11-30 13:50:11,528] Trial 148 finished with value: 398.7762756347656 and parameters: {'gradient_clip_val': 0.336900345214438, 'hidden_size': 107, 'dropout': 0.27276575811513337, 'hidden_continuous_size': 81, 'attention_head_size': 2, 'learning_rate': 0.0042850947694941}. Best is trial 102 with value: 294.4981994628906.
LOCAL_RANK: 0 - CUDA_VISIBLE_DEVICES: [0]
[I 2023-11-30 13:50:26,876] Trial 149 finished with value: 367.4137878417969 and parameters: {'gradient_clip_val': 0.31410631890547996, 'hidden_size': 122, 'dropout': 0.26309913818154, 'hidden_continuous_size': 90, 'attention_head_size': 3, 'learning_rate': 0.0027933845340445346}. Best is trial 102 with value: 294.4981994628906.
[I 2023-11-30 13:50:26,993] A new study created in memory with name: no-name-c9a8ad23-8cab-47db-b117-b4cb3388fec2
/home/le004/conda/anaconda3/envs/tsff_env/lib/python3.9/site-packages/lightning/fabric/plugins/environments/slurm.py:191: The `srun` command is available on your system but is not used. HINT: If your intention is to run Lightning on SLURM, prepend your python command with `srun` like so: srun python /home/le004/master_thesis/git/TSFusionForecast/code/ ...
LOCAL_RANK: 0 - CUDA_VISIBLE_DEVICES: [0]
[I 2023-11-30 13:50:40,092] Trial 0 finished with value: 2075.406494140625 and parameters: {'gradient_clip_val': 0.5006580352407967, 'hidden_size': 31, 'dropout': 0.1238528637588072, 'hidden_continuous_size': 17, 'attention_head_size': 1, 'learning_rate': 0.002932672010194988}. Best is trial 0 with value: 2075.406494140625.
LOCAL_RANK: 0 - CUDA_VISIBLE_DEVICES: [0]
[I 2023-11-30 13:50:53,634] Trial 1 finished with value: 1031.2987060546875 and parameters: {'gradient_clip_val': 0.21775673147176414, 'hidden_size': 31, 'dropout': 0.22389402149879573, 'hidden_continuous_size': 17, 'attention_head_size': 3, 'learning_rate': 0.014214406095570512}. Best is trial 1 with value: 1031.2987060546875.
LOCAL_RANK: 0 - CUDA_VISIBLE_DEVICES: [0]
[I 2023-11-30 13:51:04,802] Trial 2 finished with value: 1025.34033203125 and parameters: {'gradient_clip_val': 0.4612394389325268, 'hidden_size': 24, 'dropout': 0.3444428633521007, 'hidden_continuous_size': 24, 'attention_head_size': 1, 'learning_rate': 0.022284003916566177}. Best is trial 2 with value: 1025.34033203125.
LOCAL_RANK: 0 - CUDA_VISIBLE_DEVICES: [0]
[I 2023-11-30 13:51:15,324] Trial 3 finished with value: 1543.2611083984375 and parameters: {'gradient_clip_val': 0.22348915143502965, 'hidden_size': 12, 'dropout': 0.35950187089363683, 'hidden_continuous_size': 12, 'attention_head_size': 3, 'learning_rate': 0.009666692065571011}. Best is trial 2 with value: 1025.34033203125.
LOCAL_RANK: 0 - CUDA_VISIBLE_DEVICES: [0]
[I 2023-11-30 13:51:29,606] Trial 4 finished with value: 957.6340942382812 and parameters: {'gradient_clip_val': 0.15732419072457557, 'hidden_size': 90, 'dropout': 0.1717652060542315, 'hidden_continuous_size': 35, 'attention_head_size': 1, 'learning_rate': 0.0038087421306565138}. Best is trial 4 with value: 957.6340942382812.
LOCAL_RANK: 0 - CUDA_VISIBLE_DEVICES: [0]
[I 2023-11-30 13:51:40,275] Trial 5 finished with value: 1233.86962890625 and parameters: {'gradient_clip_val': 0.31563611083743265, 'hidden_size': 10, 'dropout': 0.3175385473773823, 'hidden_continuous_size': 10, 'attention_head_size': 3, 'learning_rate': 0.022535616652416747}. Best is trial 4 with value: 957.6340942382812.
LOCAL_RANK: 0 - CUDA_VISIBLE_DEVICES: [0]
[I 2023-11-30 13:51:53,226] Trial 6 finished with value: 2326.727294921875 and parameters: {'gradient_clip_val': 0.22644842960123596, 'hidden_size': 33, 'dropout': 0.24501938580116328, 'hidden_continuous_size': 20, 'attention_head_size': 1, 'learning_rate': 0.0014344676531224732}. Best is trial 4 with value: 957.6340942382812.
LOCAL_RANK: 0 - CUDA_VISIBLE_DEVICES: [0]
[I 2023-11-30 13:52:06,802] Trial 7 finished with value: 2210.1171875 and parameters: {'gradient_clip_val': 0.33045057902077823, 'hidden_size': 49, 'dropout': 0.319173271956829, 'hidden_continuous_size': 15, 'attention_head_size': 1, 'learning_rate': 0.0022045738294657344}. Best is trial 4 with value: 957.6340942382812.
LOCAL_RANK: 0 - CUDA_VISIBLE_DEVICES: [0]
[I 2023-11-30 13:52:18,042] Trial 8 finished with value: 4875.677734375 and parameters: {'gradient_clip_val': 0.15592434146415005, 'hidden_size': 10, 'dropout': 0.34721835461565753, 'hidden_continuous_size': 10, 'attention_head_size': 1, 'learning_rate': 0.0021980030349534724}. Best is trial 4 with value: 957.6340942382812.
LOCAL_RANK: 0 - CUDA_VISIBLE_DEVICES: [0]
[I 2023-11-30 13:52:31,902] Trial 9 finished with value: 1724.2730712890625 and parameters: {'gradient_clip_val': 0.12422394979924728, 'hidden_size': 50, 'dropout': 0.17850334190155975, 'hidden_continuous_size': 28, 'attention_head_size': 2, 'learning_rate': 0.002379023237214329}. Best is trial 4 with value: 957.6340942382812.
LOCAL_RANK: 0 - CUDA_VISIBLE_DEVICES: [0]
[I 2023-11-30 13:52:47,316] Trial 10 finished with value: 798.2234497070312 and parameters: {'gradient_clip_val': 0.11489352351283327, 'hidden_size': 137, 'dropout': 0.10570619079294111, 'hidden_continuous_size': 53, 'attention_head_size': 4, 'learning_rate': 0.07458861029174153}. Best is trial 10 with value: 798.2234497070312.
LOCAL_RANK: 0 - CUDA_VISIBLE_DEVICES: [0]
[I 2023-11-30 13:53:02,738] Trial 11 finished with value: 852.5296020507812 and parameters: {'gradient_clip_val': 0.1082861862308221, 'hidden_size': 139, 'dropout': 0.10962336518072907, 'hidden_continuous_size': 55, 'attention_head_size': 4, 'learning_rate': 0.09646915060525807}. Best is trial 10 with value: 798.2234497070312.
LOCAL_RANK: 0 - CUDA_VISIBLE_DEVICES: [0]
[I 2023-11-30 13:53:18,620] Trial 12 finished with value: 1135.5101318359375 and parameters: {'gradient_clip_val': 0.1054291790693518, 'hidden_size': 150, 'dropout': 0.10083044308170543, 'hidden_continuous_size': 64, 'attention_head_size': 4, 'learning_rate': 0.08470456527072434}. Best is trial 10 with value: 798.2234497070312.
LOCAL_RANK: 0 - CUDA_VISIBLE_DEVICES: [0]
[I 2023-11-30 13:53:34,224] Trial 13 finished with value: 806.07958984375 and parameters: {'gradient_clip_val': 0.10213014409024225, 'hidden_size': 146, 'dropout': 0.13492302622716149, 'hidden_continuous_size': 60, 'attention_head_size': 4, 'learning_rate': 0.09360710214660453}. Best is trial 10 with value: 798.2234497070312.
LOCAL_RANK: 0 - CUDA_VISIBLE_DEVICES: [0]
[I 2023-11-30 13:53:49,185] Trial 14 finished with value: 891.9304809570312 and parameters: {'gradient_clip_val': 0.9567631333365818, 'hidden_size': 92, 'dropout': 0.1523643282392267, 'hidden_continuous_size': 89, 'attention_head_size': 4, 'learning_rate': 0.055326776777534455}. Best is trial 10 with value: 798.2234497070312.
LOCAL_RANK: 0 - CUDA_VISIBLE_DEVICES: [0]
[I 2023-11-30 13:54:04,004] Trial 15 finished with value: 1022.4830932617188 and parameters: {'gradient_clip_val': 0.1470528036222008, 'hidden_size': 91, 'dropout': 0.14145457201676132, 'hidden_continuous_size': 42, 'attention_head_size': 4, 'learning_rate': 0.0484894335636035}. Best is trial 10 with value: 798.2234497070312.
LOCAL_RANK: 0 - CUDA_VISIBLE_DEVICES: [0]
[I 2023-11-30 13:54:19,972] Trial 16 finished with value: 934.45361328125 and parameters: {'gradient_clip_val': 0.10545471785011148, 'hidden_size': 116, 'dropout': 0.20457953180908076, 'hidden_continuous_size': 114, 'attention_head_size': 2, 'learning_rate': 0.04666651248843303}. Best is trial 10 with value: 798.2234497070312.
LOCAL_RANK: 0 - CUDA_VISIBLE_DEVICES: [0]
[I 2023-11-30 13:54:34,420] Trial 17 finished with value: 1028.9249267578125 and parameters: {'gradient_clip_val': 0.1408750224286922, 'hidden_size': 68, 'dropout': 0.14008300577650445, 'hidden_continuous_size': 43, 'attention_head_size': 3, 'learning_rate': 0.08397860925952651}. Best is trial 10 with value: 798.2234497070312.
LOCAL_RANK: 0 - CUDA_VISIBLE_DEVICES: [0]
[I 2023-11-30 13:54:49,649] Trial 18 finished with value: 923.3313598632812 and parameters: {'gradient_clip_val': 0.10510929851018952, 'hidden_size': 118, 'dropout': 0.10457174234795805, 'hidden_continuous_size': 67, 'attention_head_size': 4, 'learning_rate': 0.03848236706294775}. Best is trial 10 with value: 798.2234497070312.
LOCAL_RANK: 0 - CUDA_VISIBLE_DEVICES: [0]
[I 2023-11-30 13:55:04,420] Trial 19 finished with value: 903.7020874023438 and parameters: {'gradient_clip_val': 0.16784475575322386, 'hidden_size': 74, 'dropout': 0.18593206620599267, 'hidden_continuous_size': 35, 'attention_head_size': 4, 'learning_rate': 0.09552566927952207}. Best is trial 10 with value: 798.2234497070312.
LOCAL_RANK: 0 - CUDA_VISIBLE_DEVICES: [0]
[I 2023-11-30 13:55:20,653] Trial 20 finished with value: 988.6487426757812 and parameters: {'gradient_clip_val': 0.13076480451732017, 'hidden_size': 150, 'dropout': 0.15279325469091776, 'hidden_continuous_size': 144, 'attention_head_size': 2, 'learning_rate': 0.03298543666244303}. Best is trial 10 with value: 798.2234497070312.
LOCAL_RANK: 0 - CUDA_VISIBLE_DEVICES: [0]
[I 2023-11-30 13:55:35,176] Trial 21 finished with value: 792.5375366210938 and parameters: {'gradient_clip_val': 0.10032840117567879, 'hidden_size': 148, 'dropout': 0.1168527380969893, 'hidden_continuous_size': 52, 'attention_head_size': 4, 'learning_rate': 0.09979174604243918}. Best is trial 21 with value: 792.5375366210938.
LOCAL_RANK: 0 - CUDA_VISIBLE_DEVICES: [0]
[I 2023-11-30 13:55:49,204] Trial 22 finished with value: 896.9853515625 and parameters: {'gradient_clip_val': 0.12266352186276004, 'hidden_size': 118, 'dropout': 0.127699479718166, 'hidden_continuous_size': 49, 'attention_head_size': 4, 'learning_rate': 0.06876941916928395}. Best is trial 21 with value: 792.5375366210938.
LOCAL_RANK: 0 - CUDA_VISIBLE_DEVICES: [0]
[I 2023-11-30 13:56:03,377] Trial 23 finished with value: 827.083984375 and parameters: {'gradient_clip_val': 0.12501091980170195, 'hidden_size': 111, 'dropout': 0.12435455906259818, 'hidden_continuous_size': 58, 'attention_head_size': 3, 'learning_rate': 0.060891173944020466}. Best is trial 21 with value: 792.5375366210938.
LOCAL_RANK: 0 - CUDA_VISIBLE_DEVICES: [0]
[I 2023-11-30 13:56:17,928] Trial 24 finished with value: 1065.869140625 and parameters: {'gradient_clip_val': 0.10011574723734934, 'hidden_size': 148, 'dropout': 0.10084484875527415, 'hidden_continuous_size': 78, 'attention_head_size': 4, 'learning_rate': 0.09975626949391446}. Best is trial 21 with value: 792.5375366210938.
LOCAL_RANK: 0 - CUDA_VISIBLE_DEVICES: [0]
[I 2023-11-30 13:56:32,004] Trial 25 finished with value: 1003.46435546875 and parameters: {'gradient_clip_val': 0.17961272742412487, 'hidden_size': 102, 'dropout': 0.16040877299998935, 'hidden_continuous_size': 47, 'attention_head_size': 3, 'learning_rate': 0.05116730290206975}. Best is trial 21 with value: 792.5375366210938.
LOCAL_RANK: 0 - CUDA_VISIBLE_DEVICES: [0]
[I 2023-11-30 13:56:45,904] Trial 26 finished with value: 985.5519409179688 and parameters: {'gradient_clip_val': 0.12499129986734386, 'hidden_size': 73, 'dropout': 0.1953777061431747, 'hidden_continuous_size': 38, 'attention_head_size': 4, 'learning_rate': 0.06729133943874549}. Best is trial 21 with value: 792.5375366210938.
LOCAL_RANK: 0 - CUDA_VISIBLE_DEVICES: [0]
[I 2023-11-30 13:57:00,426] Trial 27 finished with value: 840.6253051757812 and parameters: {'gradient_clip_val': 0.1729727057538115, 'hidden_size': 129, 'dropout': 0.16442597290887406, 'hidden_continuous_size': 75, 'attention_head_size': 4, 'learning_rate': 0.03159394226973061}. Best is trial 21 with value: 792.5375366210938.
LOCAL_RANK: 0 - CUDA_VISIBLE_DEVICES: [0]
[I 2023-11-30 13:57:14,336] Trial 28 finished with value: 936.6497192382812 and parameters: {'gradient_clip_val': 0.11940849278592577, 'hidden_size': 102, 'dropout': 0.1318130802755374, 'hidden_continuous_size': 50, 'attention_head_size': 3, 'learning_rate': 0.07246075960251269}. Best is trial 21 with value: 792.5375366210938.
LOCAL_RANK: 0 - CUDA_VISIBLE_DEVICES: [0]
[I 2023-11-30 13:57:28,647] Trial 29 finished with value: 1154.2489013671875 and parameters: {'gradient_clip_val': 0.1010807619211474, 'hidden_size': 131, 'dropout': 0.12091656466468001, 'hidden_continuous_size': 61, 'attention_head_size': 4, 'learning_rate': 0.06955063129284163}. Best is trial 21 with value: 792.5375366210938.
LOCAL_RANK: 0 - CUDA_VISIBLE_DEVICES: [0]
[I 2023-11-30 13:57:42,625] Trial 30 finished with value: 926.768798828125 and parameters: {'gradient_clip_val': 0.14720966655427756, 'hidden_size': 82, 'dropout': 0.1427307583175953, 'hidden_continuous_size': 53, 'attention_head_size': 3, 'learning_rate': 0.04039956540884571}. Best is trial 21 with value: 792.5375366210938.
LOCAL_RANK: 0 - CUDA_VISIBLE_DEVICES: [0]
[I 2023-11-30 13:57:56,924] Trial 31 finished with value: 862.2131958007812 and parameters: {'gradient_clip_val': 0.12363345645682121, 'hidden_size': 106, 'dropout': 0.12352594674516174, 'hidden_continuous_size': 57, 'attention_head_size': 4, 'learning_rate': 0.05464283991790232}. Best is trial 21 with value: 792.5375366210938.
LOCAL_RANK: 0 - CUDA_VISIBLE_DEVICES: [0]
[I 2023-11-30 13:58:10,755] Trial 32 finished with value: 1136.5482177734375 and parameters: {'gradient_clip_val': 0.13354671504933538, 'hidden_size': 120, 'dropout': 0.1275719699897432, 'hidden_continuous_size': 41, 'attention_head_size': 3, 'learning_rate': 0.06355795240758325}. Best is trial 21 with value: 792.5375366210938.
LOCAL_RANK: 0 - CUDA_VISIBLE_DEVICES: [0]
[I 2023-11-30 13:58:24,704] Trial 33 finished with value: 904.99365234375 and parameters: {'gradient_clip_val': 0.18727801323290422, 'hidden_size': 125, 'dropout': 0.1152064257978363, 'hidden_continuous_size': 30, 'attention_head_size': 3, 'learning_rate': 0.0969761272242864}. Best is trial 21 with value: 792.5375366210938.
LOCAL_RANK: 0 - CUDA_VISIBLE_DEVICES: [0]
[I 2023-11-30 13:58:38,813] Trial 34 finished with value: 943.7088012695312 and parameters: {'gradient_clip_val': 0.11773048848953163, 'hidden_size': 111, 'dropout': 0.15926322670695686, 'hidden_continuous_size': 46, 'attention_head_size': 4, 'learning_rate': 0.06334202913271464}. Best is trial 21 with value: 792.5375366210938.
LOCAL_RANK: 0 - CUDA_VISIBLE_DEVICES: [0]
[I 2023-11-30 13:58:53,236] Trial 35 finished with value: 986.8330078125 and parameters: {'gradient_clip_val': 0.13750759131125814, 'hidden_size': 148, 'dropout': 0.20915697828434232, 'hidden_continuous_size': 69, 'attention_head_size': 2, 'learning_rate': 0.02428142287927128}. Best is trial 21 with value: 792.5375366210938.
LOCAL_RANK: 0 - CUDA_VISIBLE_DEVICES: [0]
[I 2023-11-30 13:59:07,337] Trial 36 finished with value: 959.4216918945312 and parameters: {'gradient_clip_val': 0.10003009142141321, 'hidden_size': 97, 'dropout': 0.17461196031802995, 'hidden_continuous_size': 57, 'attention_head_size': 3, 'learning_rate': 0.014735392875480657}. Best is trial 21 with value: 792.5375366210938.
LOCAL_RANK: 0 - CUDA_VISIBLE_DEVICES: [0]
[I 2023-11-30 13:59:21,228] Trial 37 finished with value: 979.505859375 and parameters: {'gradient_clip_val': 0.11628335058935346, 'hidden_size': 84, 'dropout': 0.11557987895680392, 'hidden_continuous_size': 53, 'attention_head_size': 4, 'learning_rate': 0.07600138523115818}. Best is trial 21 with value: 792.5375366210938.
LOCAL_RANK: 0 - CUDA_VISIBLE_DEVICES: [0]
[I 2023-11-30 13:59:35,756] Trial 38 finished with value: 1092.8704833984375 and parameters: {'gradient_clip_val': 0.20611917010170216, 'hidden_size': 130, 'dropout': 0.14102658451604194, 'hidden_continuous_size': 79, 'attention_head_size': 3, 'learning_rate': 0.0436329131714213}. Best is trial 21 with value: 792.5375366210938.
LOCAL_RANK: 0 - CUDA_VISIBLE_DEVICES: [0]
[I 2023-11-30 13:59:49,843] Trial 39 finished with value: 922.4462280273438 and parameters: {'gradient_clip_val': 0.15145894517910208, 'hidden_size': 105, 'dropout': 0.2352630209030811, 'hidden_continuous_size': 35, 'attention_head_size': 4, 'learning_rate': 0.031789017630202254}. Best is trial 21 with value: 792.5375366210938.
LOCAL_RANK: 0 - CUDA_VISIBLE_DEVICES: [0]
[I 2023-11-30 14:00:03,367] Trial 40 finished with value: 1001.3798828125 and parameters: {'gradient_clip_val': 0.15994371610929434, 'hidden_size': 63, 'dropout': 0.10000202449514714, 'hidden_continuous_size': 45, 'attention_head_size': 3, 'learning_rate': 0.05604822545562867}. Best is trial 21 with value: 792.5375366210938.
LOCAL_RANK: 0 - CUDA_VISIBLE_DEVICES: [0]
[I 2023-11-30 14:00:17,958] Trial 41 finished with value: 956.8115234375 and parameters: {'gradient_clip_val': 0.14139794187491594, 'hidden_size': 132, 'dropout': 0.1661725205207553, 'hidden_continuous_size': 70, 'attention_head_size': 4, 'learning_rate': 0.07449241428627047}. Best is trial 21 with value: 792.5375366210938.
LOCAL_RANK: 0 - CUDA_VISIBLE_DEVICES: [0]
[I 2023-11-30 14:00:32,150] Trial 42 finished with value: 949.14501953125 and parameters: {'gradient_clip_val': 0.11299886473943879, 'hidden_size': 130, 'dropout': 0.12255107160533242, 'hidden_continuous_size': 60, 'attention_head_size': 4, 'learning_rate': 0.03277855715458669}. Best is trial 21 with value: 792.5375366210938.
LOCAL_RANK: 0 - CUDA_VISIBLE_DEVICES: [0]
[I 2023-11-30 14:00:46,878] Trial 43 finished with value: 772.36328125 and parameters: {'gradient_clip_val': 0.11393980742642312, 'hidden_size': 150, 'dropout': 0.14814361638157583, 'hidden_continuous_size': 88, 'attention_head_size': 4, 'learning_rate': 0.08182808072140882}. Best is trial 43 with value: 772.36328125.
LOCAL_RANK: 0 - CUDA_VISIBLE_DEVICES: [0]
