[I 2023-11-30 01:45:51,467] Trial 18 finished with value: 4.906099796295166 and parameters: {'gradient_clip_val': 0.8400884231598247, 'hidden_size': 33, 'dropout': 0.3412072022389664, 'hidden_continuous_size': 21, 'attention_head_size': 3, 'learning_rate': 0.014733788257829568}. Best is trial 4 with value: 4.19558572769165.
LOCAL_RANK: 0 - CUDA_VISIBLE_DEVICES: [0]
[I 2023-11-30 01:46:03,297] Trial 19 finished with value: 6.3734893798828125 and parameters: {'gradient_clip_val': 0.5385421666767306, 'hidden_size': 12, 'dropout': 0.25679045841359116, 'hidden_continuous_size': 10, 'attention_head_size': 1, 'learning_rate': 0.030623958861897504}. Best is trial 4 with value: 4.19558572769165.
LOCAL_RANK: 0 - CUDA_VISIBLE_DEVICES: [0]
[I 2023-11-30 01:46:15,551] Trial 20 finished with value: 4.529423236846924 and parameters: {'gradient_clip_val': 0.9960199045057451, 'hidden_size': 21, 'dropout': 0.1908819559476002, 'hidden_continuous_size': 13, 'attention_head_size': 2, 'learning_rate': 0.06130467986441756}. Best is trial 4 with value: 4.19558572769165.
LOCAL_RANK: 0 - CUDA_VISIBLE_DEVICES: [0]
[I 2023-11-30 01:46:29,966] Trial 21 finished with value: 5.241690158843994 and parameters: {'gradient_clip_val': 0.4043313128479881, 'hidden_size': 131, 'dropout': 0.30456151773513407, 'hidden_continuous_size': 80, 'attention_head_size': 2, 'learning_rate': 0.04200079452988049}. Best is trial 4 with value: 4.19558572769165.
LOCAL_RANK: 0 - CUDA_VISIBLE_DEVICES: [0]
[I 2023-11-30 01:46:40,847] Trial 22 finished with value: 4.652156352996826 and parameters: {'gradient_clip_val': 0.4649506912339852, 'hidden_size': 144, 'dropout': 0.27072245724993316, 'hidden_continuous_size': 144, 'attention_head_size': 2, 'learning_rate': 0.024451620932479306}. Best is trial 4 with value: 4.19558572769165.
LOCAL_RANK: 0 - CUDA_VISIBLE_DEVICES: [0]
[I 2023-11-30 01:46:54,015] Trial 23 finished with value: 4.933491230010986 and parameters: {'gradient_clip_val': 0.40524061989759885, 'hidden_size': 53, 'dropout': 0.3230845525204549, 'hidden_continuous_size': 25, 'attention_head_size': 2, 'learning_rate': 0.05306425901857731}. Best is trial 4 with value: 4.19558572769165.
LOCAL_RANK: 0 - CUDA_VISIBLE_DEVICES: [0]
[I 2023-11-30 01:47:07,161] Trial 24 finished with value: 4.638806343078613 and parameters: {'gradient_clip_val': 0.2733086184042671, 'hidden_size': 63, 'dropout': 0.28113043915479924, 'hidden_continuous_size': 17, 'attention_head_size': 3, 'learning_rate': 0.09985998274621674}. Best is trial 4 with value: 4.19558572769165.
LOCAL_RANK: 0 - CUDA_VISIBLE_DEVICES: [0]
[I 2023-11-30 01:47:19,465] Trial 25 finished with value: 4.133677959442139 and parameters: {'gradient_clip_val': 0.3651481307839045, 'hidden_size': 32, 'dropout': 0.2895391987330929, 'hidden_continuous_size': 17, 'attention_head_size': 2, 'learning_rate': 0.03611877840091722}. Best is trial 25 with value: 4.133677959442139.
LOCAL_RANK: 0 - CUDA_VISIBLE_DEVICES: [0]
[I 2023-11-30 01:47:31,930] Trial 26 finished with value: 5.635034084320068 and parameters: {'gradient_clip_val': 0.34644793275701924, 'hidden_size': 31, 'dropout': 0.3272284120935981, 'hidden_continuous_size': 16, 'attention_head_size': 1, 'learning_rate': 0.019403732277691894}. Best is trial 25 with value: 4.133677959442139.
LOCAL_RANK: 0 - CUDA_VISIBLE_DEVICES: [0]
[I 2023-11-30 01:47:44,186] Trial 27 finished with value: 5.722463607788086 and parameters: {'gradient_clip_val': 0.5186063707079269, 'hidden_size': 25, 'dropout': 0.25284345952604753, 'hidden_continuous_size': 14, 'attention_head_size': 2, 'learning_rate': 0.03040448876907213}. Best is trial 25 with value: 4.133677959442139.
LOCAL_RANK: 0 - CUDA_VISIBLE_DEVICES: [0]
[I 2023-11-30 01:47:56,742] Trial 28 finished with value: 5.21926736831665 and parameters: {'gradient_clip_val': 0.6393306794089029, 'hidden_size': 36, 'dropout': 0.36807676894598135, 'hidden_continuous_size': 16, 'attention_head_size': 3, 'learning_rate': 0.013382371499324378}. Best is trial 25 with value: 4.133677959442139.
LOCAL_RANK: 0 - CUDA_VISIBLE_DEVICES: [0]
[I 2023-11-30 01:48:09,013] Trial 29 finished with value: 6.572532653808594 and parameters: {'gradient_clip_val': 0.2549699030373419, 'hidden_size': 17, 'dropout': 0.28445316854276526, 'hidden_continuous_size': 11, 'attention_head_size': 1, 'learning_rate': 0.017720116192266613}. Best is trial 25 with value: 4.133677959442139.
LOCAL_RANK: 0 - CUDA_VISIBLE_DEVICES: [0]
[I 2023-11-30 01:48:21,217] Trial 30 finished with value: 4.353734493255615 and parameters: {'gradient_clip_val': 0.22724790588674773, 'hidden_size': 22, 'dropout': 0.3155386725880176, 'hidden_continuous_size': 13, 'attention_head_size': 2, 'learning_rate': 0.06784519344364642}. Best is trial 25 with value: 4.133677959442139.
LOCAL_RANK: 0 - CUDA_VISIBLE_DEVICES: [0]
[I 2023-11-30 01:48:33,464] Trial 31 finished with value: 4.2211432456970215 and parameters: {'gradient_clip_val': 0.22890215329327587, 'hidden_size': 21, 'dropout': 0.32131086542617393, 'hidden_continuous_size': 13, 'attention_head_size': 2, 'learning_rate': 0.07155588510337788}. Best is trial 25 with value: 4.133677959442139.
LOCAL_RANK: 0 - CUDA_VISIBLE_DEVICES: [0]
[I 2023-11-30 01:48:45,523] Trial 32 finished with value: 4.322729587554932 and parameters: {'gradient_clip_val': 0.22794286077847006, 'hidden_size': 21, 'dropout': 0.3086245470986126, 'hidden_continuous_size': 13, 'attention_head_size': 2, 'learning_rate': 0.07160628963179631}. Best is trial 25 with value: 4.133677959442139.
LOCAL_RANK: 0 - CUDA_VISIBLE_DEVICES: [0]
[I 2023-11-30 01:48:57,581] Trial 33 finished with value: 4.399747848510742 and parameters: {'gradient_clip_val': 0.22085936963297267, 'hidden_size': 21, 'dropout': 0.30663095151061814, 'hidden_continuous_size': 13, 'attention_head_size': 2, 'learning_rate': 0.05326964662726157}. Best is trial 25 with value: 4.133677959442139.
LOCAL_RANK: 0 - CUDA_VISIBLE_DEVICES: [0]
[I 2023-11-30 01:49:09,712] Trial 34 finished with value: 4.532228469848633 and parameters: {'gradient_clip_val': 0.18546046059135238, 'hidden_size': 17, 'dropout': 0.28939340789425977, 'hidden_continuous_size': 11, 'attention_head_size': 2, 'learning_rate': 0.07240484420656061}. Best is trial 25 with value: 4.133677959442139.
LOCAL_RANK: 0 - CUDA_VISIBLE_DEVICES: [0]
[I 2023-11-30 01:49:21,962] Trial 35 finished with value: 4.351468563079834 and parameters: {'gradient_clip_val': 0.280731889643768, 'hidden_size': 19, 'dropout': 0.23792550643359844, 'hidden_continuous_size': 12, 'attention_head_size': 2, 'learning_rate': 0.07142770488827785}. Best is trial 25 with value: 4.133677959442139.
LOCAL_RANK: 0 - CUDA_VISIBLE_DEVICES: [0]
[I 2023-11-30 01:49:34,359] Trial 36 finished with value: 5.492562770843506 and parameters: {'gradient_clip_val': 0.24165229018662032, 'hidden_size': 26, 'dropout': 0.26298991575273134, 'hidden_continuous_size': 15, 'attention_head_size': 3, 'learning_rate': 0.055226634193977046}. Best is trial 25 with value: 4.133677959442139.
LOCAL_RANK: 0 - CUDA_VISIBLE_DEVICES: [0]
[I 2023-11-30 01:49:46,426] Trial 37 finished with value: 4.302873134613037 and parameters: {'gradient_clip_val': 0.20412027591300685, 'hidden_size': 14, 'dropout': 0.32687061542681456, 'hidden_continuous_size': 11, 'attention_head_size': 2, 'learning_rate': 0.09715861636401746}. Best is trial 25 with value: 4.133677959442139.
LOCAL_RANK: 0 - CUDA_VISIBLE_DEVICES: [0]
[I 2023-11-30 01:49:58,414] Trial 38 finished with value: 4.666548252105713 and parameters: {'gradient_clip_val': 0.19303160581658513, 'hidden_size': 14, 'dropout': 0.3345832011490923, 'hidden_continuous_size': 11, 'attention_head_size': 3, 'learning_rate': 0.08619687612736694}. Best is trial 25 with value: 4.133677959442139.
LOCAL_RANK: 0 - CUDA_VISIBLE_DEVICES: [0]
[I 2023-11-30 01:50:10,610] Trial 39 finished with value: 5.237487316131592 and parameters: {'gradient_clip_val': 0.1584156346648114, 'hidden_size': 14, 'dropout': 0.22132023514708477, 'hidden_continuous_size': 11, 'attention_head_size': 2, 'learning_rate': 0.047262206846541616}. Best is trial 25 with value: 4.133677959442139.
LOCAL_RANK: 0 - CUDA_VISIBLE_DEVICES: [0]
[I 2023-11-30 01:50:22,752] Trial 40 finished with value: 6.225513458251953 and parameters: {'gradient_clip_val': 0.28994730837889465, 'hidden_size': 11, 'dropout': 0.24169244911097393, 'hidden_continuous_size': 10, 'attention_head_size': 2, 'learning_rate': 0.035280841489354293}. Best is trial 25 with value: 4.133677959442139.
LOCAL_RANK: 0 - CUDA_VISIBLE_DEVICES: [0]
[I 2023-11-30 01:50:34,998] Trial 41 finished with value: 4.585072040557861 and parameters: {'gradient_clip_val': 0.25043612593651626, 'hidden_size': 28, 'dropout': 0.31486241155893124, 'hidden_continuous_size': 17, 'attention_head_size': 2, 'learning_rate': 0.07218400311261301}. Best is trial 25 with value: 4.133677959442139.
LOCAL_RANK: 0 - CUDA_VISIBLE_DEVICES: [0]
[I 2023-11-30 01:50:47,080] Trial 42 finished with value: 4.089094161987305 and parameters: {'gradient_clip_val': 0.20876110202328532, 'hidden_size': 22, 'dropout': 0.3215736711143175, 'hidden_continuous_size': 12, 'attention_head_size': 2, 'learning_rate': 0.09026188714888485}. Best is trial 42 with value: 4.089094161987305.
LOCAL_RANK: 0 - CUDA_VISIBLE_DEVICES: [0]
[I 2023-11-30 01:50:59,388] Trial 43 finished with value: 4.1629462242126465 and parameters: {'gradient_clip_val': 0.2049281006974674, 'hidden_size': 27, 'dropout': 0.32771064471108524, 'hidden_continuous_size': 12, 'attention_head_size': 2, 'learning_rate': 0.08676820146074533}. Best is trial 42 with value: 4.089094161987305.
LOCAL_RANK: 0 - CUDA_VISIBLE_DEVICES: [0]
[I 2023-11-30 01:51:11,993] Trial 44 finished with value: 4.744798183441162 and parameters: {'gradient_clip_val': 0.2950194014644708, 'hidden_size': 29, 'dropout': 0.3485374990614374, 'hidden_continuous_size': 18, 'attention_head_size': 2, 'learning_rate': 0.05069598405177862}. Best is trial 42 with value: 4.089094161987305.
LOCAL_RANK: 0 - CUDA_VISIBLE_DEVICES: [0]
[I 2023-11-30 01:51:23,955] Trial 45 finished with value: 4.686469078063965 and parameters: {'gradient_clip_val': 0.16687406432748253, 'hidden_size': 24, 'dropout': 0.2917189773419743, 'hidden_continuous_size': 12, 'attention_head_size': 1, 'learning_rate': 0.08306303743520377}. Best is trial 42 with value: 4.089094161987305.
LOCAL_RANK: 0 - CUDA_VISIBLE_DEVICES: [0]
[I 2023-11-30 01:51:36,228] Trial 46 finished with value: 4.469330310821533 and parameters: {'gradient_clip_val': 0.21536791705461247, 'hidden_size': 27, 'dropout': 0.320402111974579, 'hidden_continuous_size': 14, 'attention_head_size': 3, 'learning_rate': 0.09928122303017362}. Best is trial 42 with value: 4.089094161987305.
LOCAL_RANK: 0 - CUDA_VISIBLE_DEVICES: [0]
[I 2023-11-30 01:51:48,579] Trial 47 finished with value: 4.014646053314209 and parameters: {'gradient_clip_val': 0.3542213954331242, 'hidden_size': 30, 'dropout': 0.2738134919261867, 'hidden_continuous_size': 12, 'attention_head_size': 2, 'learning_rate': 0.061687207795236246}. Best is trial 47 with value: 4.014646053314209.
LOCAL_RANK: 0 - CUDA_VISIBLE_DEVICES: [0]
[I 2023-11-30 01:52:01,289] Trial 48 finished with value: 4.686746120452881 and parameters: {'gradient_clip_val': 0.36813466474976614, 'hidden_size': 37, 'dropout': 0.27497483613230006, 'hidden_continuous_size': 19, 'attention_head_size': 2, 'learning_rate': 0.045446195471943215}. Best is trial 47 with value: 4.014646053314209.
LOCAL_RANK: 0 - CUDA_VISIBLE_DEVICES: [0]
[I 2023-11-30 01:52:13,951] Trial 49 finished with value: 4.502917766571045 and parameters: {'gradient_clip_val': 0.369146708738877, 'hidden_size': 34, 'dropout': 0.2585437341499681, 'hidden_continuous_size': 14, 'attention_head_size': 1, 'learning_rate': 0.03523952055781839}. Best is trial 47 with value: 4.014646053314209.
LOCAL_RANK: 0 - CUDA_VISIBLE_DEVICES: [0]
[I 2023-11-30 01:52:26,242] Trial 50 finished with value: 4.620065212249756 and parameters: {'gradient_clip_val': 0.31183724864606555, 'hidden_size': 30, 'dropout': 0.10064591026153005, 'hidden_continuous_size': 12, 'attention_head_size': 3, 'learning_rate': 0.05593994652576397}. Best is trial 47 with value: 4.014646053314209.
LOCAL_RANK: 0 - CUDA_VISIBLE_DEVICES: [0]
[I 2023-11-30 01:52:38,606] Trial 51 finished with value: 3.801542282104492 and parameters: {'gradient_clip_val': 0.26137516162264907, 'hidden_size': 40, 'dropout': 0.29991100832000317, 'hidden_continuous_size': 13, 'attention_head_size': 2, 'learning_rate': 0.07834314088444076}. Best is trial 51 with value: 3.801542282104492.
LOCAL_RANK: 0 - CUDA_VISIBLE_DEVICES: [0]
[I 2023-11-30 01:52:51,208] Trial 52 finished with value: 4.900170803070068 and parameters: {'gradient_clip_val': 0.3253556126224219, 'hidden_size': 39, 'dropout': 0.2931015062420967, 'hidden_continuous_size': 15, 'attention_head_size': 2, 'learning_rate': 0.08100818593237802}. Best is trial 51 with value: 3.801542282104492.
LOCAL_RANK: 0 - CUDA_VISIBLE_DEVICES: [0]
[I 2023-11-30 01:53:03,984] Trial 53 finished with value: 4.775649547576904 and parameters: {'gradient_clip_val': 0.2801737782152028, 'hidden_size': 42, 'dropout': 0.30038252885118555, 'hidden_continuous_size': 16, 'attention_head_size': 2, 'learning_rate': 0.06009672846633056}. Best is trial 51 with value: 3.801542282104492.
LOCAL_RANK: 0 - CUDA_VISIBLE_DEVICES: [0]
[I 2023-11-30 01:53:16,685] Trial 54 finished with value: 5.044074535369873 and parameters: {'gradient_clip_val': 0.459206712963959, 'hidden_size': 33, 'dropout': 0.27434691717361914, 'hidden_continuous_size': 14, 'attention_head_size': 2, 'learning_rate': 0.04524268172158069}. Best is trial 51 with value: 3.801542282104492.
LOCAL_RANK: 0 - CUDA_VISIBLE_DEVICES: [0]
[I 2023-11-30 01:53:28,993] Trial 55 finished with value: 4.818243980407715 and parameters: {'gradient_clip_val': 0.2652282062514705, 'hidden_size': 28, 'dropout': 0.2483095980394816, 'hidden_continuous_size': 12, 'attention_head_size': 4, 'learning_rate': 0.06071690604550325}. Best is trial 51 with value: 3.801542282104492.
LOCAL_RANK: 0 - CUDA_VISIBLE_DEVICES: [0]
[I 2023-11-30 01:53:40,986] Trial 56 finished with value: 4.648312091827393 and parameters: {'gradient_clip_val': 0.38376606545917225, 'hidden_size': 24, 'dropout': 0.29723332131636243, 'hidden_continuous_size': 12, 'attention_head_size': 2, 'learning_rate': 0.03794849599817471}. Best is trial 51 with value: 3.801542282104492.
LOCAL_RANK: 0 - CUDA_VISIBLE_DEVICES: [0]
[I 2023-11-30 01:53:53,509] Trial 57 finished with value: 5.183543682098389 and parameters: {'gradient_clip_val': 0.3153497805163538, 'hidden_size': 31, 'dropout': 0.2811319451203541, 'hidden_continuous_size': 13, 'attention_head_size': 2, 'learning_rate': 0.08433986602206824}. Best is trial 51 with value: 3.801542282104492.
LOCAL_RANK: 0 - CUDA_VISIBLE_DEVICES: [0]
[I 2023-11-30 01:54:06,239] Trial 58 finished with value: 4.493640422821045 and parameters: {'gradient_clip_val': 0.4386622302736365, 'hidden_size': 43, 'dropout': 0.194368772104214, 'hidden_continuous_size': 15, 'attention_head_size': 2, 'learning_rate': 0.06313954918747967}. Best is trial 51 with value: 3.801542282104492.
LOCAL_RANK: 0 - CUDA_VISIBLE_DEVICES: [0]
[I 2023-11-30 01:54:18,691] Trial 59 finished with value: 5.145572185516357 and parameters: {'gradient_clip_val': 0.49038879203681285, 'hidden_size': 26, 'dropout': 0.2658894168432467, 'hidden_continuous_size': 17, 'attention_head_size': 2, 'learning_rate': 0.02412033411101466}. Best is trial 51 with value: 3.801542282104492.
LOCAL_RANK: 0 - CUDA_VISIBLE_DEVICES: [0]
[I 2023-11-30 01:54:31,257] Trial 60 finished with value: 4.627523899078369 and parameters: {'gradient_clip_val': 0.3445011988978772, 'hidden_size': 35, 'dropout': 0.30790614283948065, 'hidden_continuous_size': 20, 'attention_head_size': 1, 'learning_rate': 0.08150688745613728}. Best is trial 51 with value: 3.801542282104492.
LOCAL_RANK: 0 - CUDA_VISIBLE_DEVICES: [0]
[I 2023-11-30 01:54:43,448] Trial 61 finished with value: 4.721193313598633 and parameters: {'gradient_clip_val': 0.2428075991627687, 'hidden_size': 19, 'dropout': 0.31548177385111537, 'hidden_continuous_size': 12, 'attention_head_size': 2, 'learning_rate': 0.050068011081963876}. Best is trial 51 with value: 3.801542282104492.
LOCAL_RANK: 0 - CUDA_VISIBLE_DEVICES: [0]
[I 2023-11-30 01:54:55,549] Trial 62 finished with value: 4.437000751495361 and parameters: {'gradient_clip_val': 0.20024162285161412, 'hidden_size': 23, 'dropout': 0.3360025693939636, 'hidden_continuous_size': 13, 'attention_head_size': 2, 'learning_rate': 0.06796651024100014}. Best is trial 51 with value: 3.801542282104492.
LOCAL_RANK: 0 - CUDA_VISIBLE_DEVICES: [0]
[I 2023-11-30 01:55:07,719] Trial 63 finished with value: 4.33762788772583 and parameters: {'gradient_clip_val': 0.2610875077092024, 'hidden_size': 22, 'dropout': 0.28396596657817574, 'hidden_continuous_size': 13, 'attention_head_size': 2, 'learning_rate': 0.07897952795195372}. Best is trial 51 with value: 3.801542282104492.
LOCAL_RANK: 0 - CUDA_VISIBLE_DEVICES: [0]
[I 2023-11-30 01:55:20,333] Trial 64 finished with value: 4.572115421295166 and parameters: {'gradient_clip_val': 0.3085644369945573, 'hidden_size': 30, 'dropout': 0.3031279371017527, 'hidden_continuous_size': 18, 'attention_head_size': 2, 'learning_rate': 0.06267764709459103}. Best is trial 51 with value: 3.801542282104492.
LOCAL_RANK: 0 - CUDA_VISIBLE_DEVICES: [0]
[I 2023-11-30 01:55:32,615] Trial 65 finished with value: 4.874050140380859 and parameters: {'gradient_clip_val': 0.5973197459962827, 'hidden_size': 27, 'dropout': 0.3258192326831879, 'hidden_continuous_size': 12, 'attention_head_size': 2, 'learning_rate': 0.09101716487017773}. Best is trial 51 with value: 3.801542282104492.
LOCAL_RANK: 0 - CUDA_VISIBLE_DEVICES: [0]
[I 2023-11-30 01:55:44,540] Trial 66 finished with value: 4.878781318664551 and parameters: {'gradient_clip_val': 0.7663436150389754, 'hidden_size': 20, 'dropout': 0.2977966182598437, 'hidden_continuous_size': 13, 'attention_head_size': 2, 'learning_rate': 0.041648306978242074}. Best is trial 51 with value: 3.801542282104492.
LOCAL_RANK: 0 - CUDA_VISIBLE_DEVICES: [0]
[I 2023-11-30 01:55:56,536] Trial 67 finished with value: 4.844288349151611 and parameters: {'gradient_clip_val': 0.40511139445377103, 'hidden_size': 23, 'dropout': 0.34605730016079395, 'hidden_continuous_size': 11, 'attention_head_size': 2, 'learning_rate': 0.0710886936459716}. Best is trial 51 with value: 3.801542282104492.
LOCAL_RANK: 0 - CUDA_VISIBLE_DEVICES: [0]
[I 2023-11-30 01:56:08,733] Trial 68 finished with value: 4.1980743408203125 and parameters: {'gradient_clip_val': 0.21538323789759092, 'hidden_size': 25, 'dropout': 0.3565197885238848, 'hidden_continuous_size': 14, 'attention_head_size': 2, 'learning_rate': 0.0539606024497423}. Best is trial 51 with value: 3.801542282104492.
LOCAL_RANK: 0 - CUDA_VISIBLE_DEVICES: [0]
[I 2023-11-30 01:56:21,438] Trial 69 finished with value: 4.815105438232422 and parameters: {'gradient_clip_val': 0.21283279598126498, 'hidden_size': 33, 'dropout': 0.3743974259498176, 'hidden_continuous_size': 16, 'attention_head_size': 2, 'learning_rate': 0.049732006680314765}. Best is trial 51 with value: 3.801542282104492.
LOCAL_RANK: 0 - CUDA_VISIBLE_DEVICES: [0]
[I 2023-11-30 01:56:33,607] Trial 70 finished with value: 4.555514812469482 and parameters: {'gradient_clip_val': 0.23568592992822823, 'hidden_size': 25, 'dropout': 0.35436073007351, 'hidden_continuous_size': 14, 'attention_head_size': 3, 'learning_rate': 0.09881547645615947}. Best is trial 51 with value: 3.801542282104492.
LOCAL_RANK: 0 - CUDA_VISIBLE_DEVICES: [0]
[I 2023-11-30 01:56:45,749] Trial 71 finished with value: 4.545871734619141 and parameters: {'gradient_clip_val': 0.22535455791916606, 'hidden_size': 18, 'dropout': 0.33455039239178785, 'hidden_continuous_size': 12, 'attention_head_size': 2, 'learning_rate': 0.05794247774150579}. Best is trial 51 with value: 3.801542282104492.
LOCAL_RANK: 0 - CUDA_VISIBLE_DEVICES: [0]
[I 2023-11-30 01:56:57,587] Trial 72 finished with value: 4.638082504272461 and parameters: {'gradient_clip_val': 0.261957078379078, 'hidden_size': 20, 'dropout': 0.3133290655117917, 'hidden_continuous_size': 13, 'attention_head_size': 2, 'learning_rate': 0.07639110763663227}. Best is trial 51 with value: 3.801542282104492.
LOCAL_RANK: 0 - CUDA_VISIBLE_DEVICES: [0]
[I 2023-11-30 01:57:09,665] Trial 73 finished with value: 4.4851155281066895 and parameters: {'gradient_clip_val': 0.1783609019186296, 'hidden_size': 22, 'dropout': 0.3214438804655485, 'hidden_continuous_size': 14, 'attention_head_size': 2, 'learning_rate': 0.06569890159338526}. Best is trial 51 with value: 3.801542282104492.
LOCAL_RANK: 0 - CUDA_VISIBLE_DEVICES: [0]
[I 2023-11-30 01:57:22,149] Trial 74 finished with value: 5.023128986358643 and parameters: {'gradient_clip_val': 0.2916437085738419, 'hidden_size': 29, 'dropout': 0.33126983794028003, 'hidden_continuous_size': 11, 'attention_head_size': 2, 'learning_rate': 0.042716824839246874}. Best is trial 51 with value: 3.801542282104492.
LOCAL_RANK: 0 - CUDA_VISIBLE_DEVICES: [0]
[I 2023-11-30 01:57:34,746] Trial 75 finished with value: 4.140836715698242 and parameters: {'gradient_clip_val': 0.24667953067160314, 'hidden_size': 37, 'dropout': 0.3536362965778017, 'hidden_continuous_size': 15, 'attention_head_size': 2, 'learning_rate': 0.05450354666273628}. Best is trial 51 with value: 3.801542282104492.
LOCAL_RANK: 0 - CUDA_VISIBLE_DEVICES: [0]
[I 2023-11-30 01:57:47,335] Trial 76 finished with value: 4.704824447631836 and parameters: {'gradient_clip_val': 0.24399964967272725, 'hidden_size': 35, 'dropout': 0.3593459572624759, 'hidden_continuous_size': 16, 'attention_head_size': 2, 'learning_rate': 0.03590537384852872}. Best is trial 51 with value: 3.801542282104492.
LOCAL_RANK: 0 - CUDA_VISIBLE_DEVICES: [0]
