[I 2023-11-29 20:43:49,219] Trial 24 finished with value: 3.549694776535034 and parameters: {'gradient_clip_val': 0.9982605212880084, 'hidden_size': 99, 'dropout': 0.2533231711152454, 'hidden_continuous_size': 48, 'attention_head_size': 3, 'learning_rate': 0.008433533538540433}. Best is trial 10 with value: 2.80059814453125.
LOCAL_RANK: 0 - CUDA_VISIBLE_DEVICES: [0]
[I 2023-11-29 20:44:02,634] Trial 25 finished with value: 3.336099624633789 and parameters: {'gradient_clip_val': 0.4331847852734304, 'hidden_size': 79, 'dropout': 0.1911044584888772, 'hidden_continuous_size': 20, 'attention_head_size': 2, 'learning_rate': 0.017314650599922054}. Best is trial 10 with value: 2.80059814453125.
LOCAL_RANK: 0 - CUDA_VISIBLE_DEVICES: [0]
[I 2023-11-29 20:44:15,408] Trial 26 finished with value: 4.04600715637207 and parameters: {'gradient_clip_val': 0.3116546256506698, 'hidden_size': 44, 'dropout': 0.10256505214133708, 'hidden_continuous_size': 17, 'attention_head_size': 1, 'learning_rate': 0.06199587243166376}. Best is trial 10 with value: 2.80059814453125.
LOCAL_RANK: 0 - CUDA_VISIBLE_DEVICES: [0]
[I 2023-11-29 20:44:29,336] Trial 27 finished with value: 3.783069610595703 and parameters: {'gradient_clip_val': 0.4887581342496545, 'hidden_size': 116, 'dropout': 0.14178512728704562, 'hidden_continuous_size': 71, 'attention_head_size': 1, 'learning_rate': 0.03411404721398147}. Best is trial 10 with value: 2.80059814453125.
LOCAL_RANK: 0 - CUDA_VISIBLE_DEVICES: [0]
[I 2023-11-29 20:44:42,459] Trial 28 finished with value: 3.1802873611450195 and parameters: {'gradient_clip_val': 0.5867646943169359, 'hidden_size': 56, 'dropout': 0.1726170806831471, 'hidden_continuous_size': 28, 'attention_head_size': 2, 'learning_rate': 0.006486795506836083}. Best is trial 10 with value: 2.80059814453125.
LOCAL_RANK: 0 - CUDA_VISIBLE_DEVICES: [0]
[I 2023-11-29 20:44:55,942] Trial 29 finished with value: 3.5510666370391846 and parameters: {'gradient_clip_val': 0.8017650689793981, 'hidden_size': 75, 'dropout': 0.22671737757919336, 'hidden_continuous_size': 32, 'attention_head_size': 3, 'learning_rate': 0.01181878982128136}. Best is trial 10 with value: 2.80059814453125.
LOCAL_RANK: 0 - CUDA_VISIBLE_DEVICES: [0]
[I 2023-11-29 20:45:10,418] Trial 30 finished with value: 3.5118491649627686 and parameters: {'gradient_clip_val': 0.6620904810320589, 'hidden_size': 121, 'dropout': 0.14354521662809644, 'hidden_continuous_size': 93, 'attention_head_size': 4, 'learning_rate': 0.024354621002860368}. Best is trial 10 with value: 2.80059814453125.
LOCAL_RANK: 0 - CUDA_VISIBLE_DEVICES: [0]
[I 2023-11-29 20:45:23,567] Trial 31 finished with value: 3.579277753829956 and parameters: {'gradient_clip_val': 0.5936930813804805, 'hidden_size': 55, 'dropout': 0.17885646343218034, 'hidden_continuous_size': 28, 'attention_head_size': 2, 'learning_rate': 0.007009042405874344}. Best is trial 10 with value: 2.80059814453125.
LOCAL_RANK: 0 - CUDA_VISIBLE_DEVICES: [0]
[I 2023-11-29 20:45:37,252] Trial 32 finished with value: 3.364021062850952 and parameters: {'gradient_clip_val': 0.47895783896892996, 'hidden_size': 93, 'dropout': 0.1786836869073724, 'hidden_continuous_size': 28, 'attention_head_size': 2, 'learning_rate': 0.0062361006697724255}. Best is trial 10 with value: 2.80059814453125.
LOCAL_RANK: 0 - CUDA_VISIBLE_DEVICES: [0]
[I 2023-11-29 20:45:50,332] Trial 33 finished with value: 2.849000930786133 and parameters: {'gradient_clip_val': 0.6019963878302803, 'hidden_size': 57, 'dropout': 0.2065330691387628, 'hidden_continuous_size': 21, 'attention_head_size': 3, 'learning_rate': 0.008972696057277376}. Best is trial 10 with value: 2.80059814453125.
LOCAL_RANK: 0 - CUDA_VISIBLE_DEVICES: [0]
[I 2023-11-29 20:46:03,710] Trial 34 finished with value: 2.7736833095550537 and parameters: {'gradient_clip_val': 0.3751805909622826, 'hidden_size': 65, 'dropout': 0.21150009948960807, 'hidden_continuous_size': 20, 'attention_head_size': 3, 'learning_rate': 0.009670762522630612}. Best is trial 34 with value: 2.7736833095550537.
LOCAL_RANK: 0 - CUDA_VISIBLE_DEVICES: [0]
[I 2023-11-29 20:46:17,095] Trial 35 finished with value: 3.028653383255005 and parameters: {'gradient_clip_val': 0.35231799275033915, 'hidden_size': 66, 'dropout': 0.2054265654285311, 'hidden_continuous_size': 21, 'attention_head_size': 3, 'learning_rate': 0.010016814990406407}. Best is trial 34 with value: 2.7736833095550537.
LOCAL_RANK: 0 - CUDA_VISIBLE_DEVICES: [0]
[I 2023-11-29 20:46:30,401] Trial 36 finished with value: 3.179722785949707 and parameters: {'gradient_clip_val': 0.36092780219072335, 'hidden_size': 62, 'dropout': 0.21979192348550158, 'hidden_continuous_size': 22, 'attention_head_size': 3, 'learning_rate': 0.004972035012876885}. Best is trial 34 with value: 2.7736833095550537.
LOCAL_RANK: 0 - CUDA_VISIBLE_DEVICES: [0]
[I 2023-11-29 20:46:44,026] Trial 37 finished with value: 3.2222135066986084 and parameters: {'gradient_clip_val': 0.4475641096802543, 'hidden_size': 74, 'dropout': 0.20306025108118753, 'hidden_continuous_size': 26, 'attention_head_size': 3, 'learning_rate': 0.008740606042012086}. Best is trial 34 with value: 2.7736833095550537.
LOCAL_RANK: 0 - CUDA_VISIBLE_DEVICES: [0]
[I 2023-11-29 20:46:57,655] Trial 38 finished with value: 3.268592596054077 and parameters: {'gradient_clip_val': 0.38202715376954705, 'hidden_size': 87, 'dropout': 0.29517239243837884, 'hidden_continuous_size': 18, 'attention_head_size': 4, 'learning_rate': 0.004956048610139034}. Best is trial 34 with value: 2.7736833095550537.
LOCAL_RANK: 0 - CUDA_VISIBLE_DEVICES: [0]
[I 2023-11-29 20:47:11,541] Trial 39 finished with value: 3.5312397480010986 and parameters: {'gradient_clip_val': 0.29666839680883517, 'hidden_size': 104, 'dropout': 0.23677335662548155, 'hidden_continuous_size': 39, 'attention_head_size': 3, 'learning_rate': 0.014429265626082597}. Best is trial 34 with value: 2.7736833095550537.
LOCAL_RANK: 0 - CUDA_VISIBLE_DEVICES: [0]
[I 2023-11-29 20:47:24,919] Trial 40 finished with value: 3.514768600463867 and parameters: {'gradient_clip_val': 0.4134335515643226, 'hidden_size': 69, 'dropout': 0.27160978836789407, 'hidden_continuous_size': 22, 'attention_head_size': 3, 'learning_rate': 0.0025240161882172977}. Best is trial 34 with value: 2.7736833095550537.
LOCAL_RANK: 0 - CUDA_VISIBLE_DEVICES: [0]
[I 2023-11-29 20:47:38,181] Trial 41 finished with value: 2.9552714824676514 and parameters: {'gradient_clip_val': 0.3460643489890298, 'hidden_size': 63, 'dropout': 0.21033887515933672, 'hidden_continuous_size': 20, 'attention_head_size': 3, 'learning_rate': 0.009925941506031587}. Best is trial 34 with value: 2.7736833095550537.
LOCAL_RANK: 0 - CUDA_VISIBLE_DEVICES: [0]
[I 2023-11-29 20:47:51,475] Trial 42 finished with value: 3.1227834224700928 and parameters: {'gradient_clip_val': 0.3412216043366712, 'hidden_size': 59, 'dropout': 0.21324827443628014, 'hidden_continuous_size': 19, 'attention_head_size': 3, 'learning_rate': 0.010001851409393029}. Best is trial 34 with value: 2.7736833095550537.
LOCAL_RANK: 0 - CUDA_VISIBLE_DEVICES: [0]
[I 2023-11-29 20:48:04,534] Trial 43 finished with value: 3.6726419925689697 and parameters: {'gradient_clip_val': 0.24937828572363963, 'hidden_size': 47, 'dropout': 0.1905848622843227, 'hidden_continuous_size': 24, 'attention_head_size': 4, 'learning_rate': 0.007625705219265757}. Best is trial 34 with value: 2.7736833095550537.
LOCAL_RANK: 0 - CUDA_VISIBLE_DEVICES: [0]
[I 2023-11-29 20:48:17,463] Trial 44 finished with value: 3.3758277893066406 and parameters: {'gradient_clip_val': 0.29508745940689973, 'hidden_size': 51, 'dropout': 0.23573656461516027, 'hidden_continuous_size': 19, 'attention_head_size': 3, 'learning_rate': 0.005134673161579632}. Best is trial 34 with value: 2.7736833095550537.
LOCAL_RANK: 0 - CUDA_VISIBLE_DEVICES: [0]
[I 2023-11-29 20:48:30,838] Trial 45 finished with value: 3.424436569213867 and parameters: {'gradient_clip_val': 0.19578278089412451, 'hidden_size': 66, 'dropout': 0.21378736294305395, 'hidden_continuous_size': 23, 'attention_head_size': 3, 'learning_rate': 0.01213734520131633}. Best is trial 34 with value: 2.7736833095550537.
LOCAL_RANK: 0 - CUDA_VISIBLE_DEVICES: [0]
[I 2023-11-29 20:48:44,964] Trial 46 finished with value: 3.1184751987457275 and parameters: {'gradient_clip_val': 0.3397353463524329, 'hidden_size': 138, 'dropout': 0.1959761389870284, 'hidden_continuous_size': 12, 'attention_head_size': 4, 'learning_rate': 0.003992454123724974}. Best is trial 34 with value: 2.7736833095550537.
LOCAL_RANK: 0 - CUDA_VISIBLE_DEVICES: [0]
[I 2023-11-29 20:48:58,950] Trial 47 finished with value: 4.234617710113525 and parameters: {'gradient_clip_val': 0.3940145455571074, 'hidden_size': 125, 'dropout': 0.31730524685301087, 'hidden_continuous_size': 15, 'attention_head_size': 3, 'learning_rate': 0.009784848060088419}. Best is trial 34 with value: 2.7736833095550537.
LOCAL_RANK: 0 - CUDA_VISIBLE_DEVICES: [0]
[I 2023-11-29 20:49:12,591] Trial 48 finished with value: 3.3745949268341064 and parameters: {'gradient_clip_val': 0.4671888806118453, 'hidden_size': 101, 'dropout': 0.22760923364194713, 'hidden_continuous_size': 20, 'attention_head_size': 3, 'learning_rate': 0.007156774873020505}. Best is trial 34 with value: 2.7736833095550537.
LOCAL_RANK: 0 - CUDA_VISIBLE_DEVICES: [0]
[I 2023-11-29 20:49:25,614] Trial 49 finished with value: 3.385793447494507 and parameters: {'gradient_clip_val': 0.38078678739181826, 'hidden_size': 60, 'dropout': 0.24868361044122866, 'hidden_continuous_size': 18, 'attention_head_size': 3, 'learning_rate': 0.019248424542341797}. Best is trial 34 with value: 2.7736833095550537.
LOCAL_RANK: 0 - CUDA_VISIBLE_DEVICES: [0]
[I 2023-11-29 20:49:39,054] Trial 50 finished with value: 3.0738017559051514 and parameters: {'gradient_clip_val': 0.544877514301636, 'hidden_size': 82, 'dropout': 0.20902025571017183, 'hidden_continuous_size': 26, 'attention_head_size': 2, 'learning_rate': 0.014583612940341079}. Best is trial 34 with value: 2.7736833095550537.
LOCAL_RANK: 0 - CUDA_VISIBLE_DEVICES: [0]
[I 2023-11-29 20:49:52,496] Trial 51 finished with value: 3.2380664348602295 and parameters: {'gradient_clip_val': 0.3248087504339191, 'hidden_size': 74, 'dropout': 0.20694810879443218, 'hidden_continuous_size': 21, 'attention_head_size': 3, 'learning_rate': 0.010199823832619614}. Best is trial 34 with value: 2.7736833095550537.
LOCAL_RANK: 0 - CUDA_VISIBLE_DEVICES: [0]
[I 2023-11-29 20:50:05,939] Trial 52 finished with value: 2.9644711017608643 and parameters: {'gradient_clip_val': 0.27887008173901295, 'hidden_size': 64, 'dropout': 0.18777391125945986, 'hidden_continuous_size': 21, 'attention_head_size': 3, 'learning_rate': 0.008810666074618105}. Best is trial 34 with value: 2.7736833095550537.
LOCAL_RANK: 0 - CUDA_VISIBLE_DEVICES: [0]
[I 2023-11-29 20:50:19,471] Trial 53 finished with value: 3.3412153720855713 and parameters: {'gradient_clip_val': 0.27718735097254027, 'hidden_size': 89, 'dropout': 0.18434052319700367, 'hidden_continuous_size': 25, 'attention_head_size': 3, 'learning_rate': 0.008328270592303188}. Best is trial 34 with value: 2.7736833095550537.
LOCAL_RANK: 0 - CUDA_VISIBLE_DEVICES: [0]
[I 2023-11-29 20:50:32,465] Trial 54 finished with value: 3.1013591289520264 and parameters: {'gradient_clip_val': 0.12422994392240981, 'hidden_size': 52, 'dropout': 0.19502510144551644, 'hidden_continuous_size': 22, 'attention_head_size': 3, 'learning_rate': 0.013118656238828774}. Best is trial 34 with value: 2.7736833095550537.
LOCAL_RANK: 0 - CUDA_VISIBLE_DEVICES: [0]
[I 2023-11-29 20:50:46,862] Trial 55 finished with value: 2.898096799850464 and parameters: {'gradient_clip_val': 0.2153914786562129, 'hidden_size': 62, 'dropout': 0.1825779252592917, 'hidden_continuous_size': 23, 'attention_head_size': 4, 'learning_rate': 0.0057714816032360524}. Best is trial 34 with value: 2.7736833095550537.
LOCAL_RANK: 0 - CUDA_VISIBLE_DEVICES: [0]
[I 2023-11-29 20:51:00,516] Trial 56 finished with value: 3.4402759075164795 and parameters: {'gradient_clip_val': 0.20428022263956616, 'hidden_size': 71, 'dropout': 0.3769216531644298, 'hidden_continuous_size': 25, 'attention_head_size': 4, 'learning_rate': 0.006687428839813824}. Best is trial 34 with value: 2.7736833095550537.
LOCAL_RANK: 0 - CUDA_VISIBLE_DEVICES: [0]
[I 2023-11-29 20:51:14,338] Trial 57 finished with value: 3.1141135692596436 and parameters: {'gradient_clip_val': 0.15914074150415503, 'hidden_size': 107, 'dropout': 0.16302220876126788, 'hidden_continuous_size': 14, 'attention_head_size': 4, 'learning_rate': 0.011362644978869204}. Best is trial 34 with value: 2.7736833095550537.
LOCAL_RANK: 0 - CUDA_VISIBLE_DEVICES: [0]
[I 2023-11-29 20:51:28,007] Trial 58 finished with value: 2.9345057010650635 and parameters: {'gradient_clip_val': 0.2329715134515196, 'hidden_size': 83, 'dropout': 0.34245322061154304, 'hidden_continuous_size': 31, 'attention_head_size': 4, 'learning_rate': 0.005775817261363335}. Best is trial 34 with value: 2.7736833095550537.
LOCAL_RANK: 0 - CUDA_VISIBLE_DEVICES: [0]
[I 2023-11-29 20:51:41,631] Trial 59 finished with value: 3.0387630462646484 and parameters: {'gradient_clip_val': 0.23029411057281246, 'hidden_size': 82, 'dropout': 0.3350311662365889, 'hidden_continuous_size': 30, 'attention_head_size': 4, 'learning_rate': 0.005823752251008423}. Best is trial 34 with value: 2.7736833095550537.
LOCAL_RANK: 0 - CUDA_VISIBLE_DEVICES: [0]
[I 2023-11-29 20:51:56,004] Trial 60 finished with value: 3.309734344482422 and parameters: {'gradient_clip_val': 0.17748678079711175, 'hidden_size': 149, 'dropout': 0.384638334846101, 'hidden_continuous_size': 36, 'attention_head_size': 4, 'learning_rate': 0.003375630420277146}. Best is trial 34 with value: 2.7736833095550537.
LOCAL_RANK: 0 - CUDA_VISIBLE_DEVICES: [0]
[I 2023-11-29 20:52:09,857] Trial 61 finished with value: 3.3384182453155518 and parameters: {'gradient_clip_val': 0.3082418326506059, 'hidden_size': 96, 'dropout': 0.35857452790810673, 'hidden_continuous_size': 45, 'attention_head_size': 4, 'learning_rate': 0.005595492109700353}. Best is trial 34 with value: 2.7736833095550537.
LOCAL_RANK: 0 - CUDA_VISIBLE_DEVICES: [0]
[I 2023-11-29 20:52:23,466] Trial 62 finished with value: 3.4100635051727295 and parameters: {'gradient_clip_val': 0.2505757330767971, 'hidden_size': 68, 'dropout': 0.37378563493242495, 'hidden_continuous_size': 24, 'attention_head_size': 4, 'learning_rate': 0.00761269118406253}. Best is trial 34 with value: 2.7736833095550537.
LOCAL_RANK: 0 - CUDA_VISIBLE_DEVICES: [0]
[I 2023-11-29 20:52:36,817] Trial 63 finished with value: 3.2672436237335205 and parameters: {'gradient_clip_val': 0.21596827361226348, 'hidden_size': 58, 'dropout': 0.17530764423566075, 'hidden_continuous_size': 30, 'attention_head_size': 2, 'learning_rate': 0.0040975218169376024}. Best is trial 34 with value: 2.7736833095550537.
LOCAL_RANK: 0 - CUDA_VISIBLE_DEVICES: [0]
[I 2023-11-29 20:52:50,366] Trial 64 finished with value: 3.1377170085906982 and parameters: {'gradient_clip_val': 0.18358970096504057, 'hidden_size': 85, 'dropout': 0.340503622540408, 'hidden_continuous_size': 17, 'attention_head_size': 4, 'learning_rate': 0.005777208841953938}. Best is trial 34 with value: 2.7736833095550537.
LOCAL_RANK: 0 - CUDA_VISIBLE_DEVICES: [0]
[I 2023-11-29 20:53:03,606] Trial 65 finished with value: 3.2026946544647217 and parameters: {'gradient_clip_val': 0.4218627138477084, 'hidden_size': 76, 'dropout': 0.19858459172140572, 'hidden_continuous_size': 23, 'attention_head_size': 2, 'learning_rate': 0.007338083136272133}. Best is trial 34 with value: 2.7736833095550537.
LOCAL_RANK: 0 - CUDA_VISIBLE_DEVICES: [0]
[I 2023-11-29 20:53:17,695] Trial 66 finished with value: 3.5757362842559814 and parameters: {'gradient_clip_val': 0.1349344042087554, 'hidden_size': 126, 'dropout': 0.3968482645094198, 'hidden_continuous_size': 36, 'attention_head_size': 4, 'learning_rate': 0.016130652128294367}. Best is trial 34 with value: 2.7736833095550537.
LOCAL_RANK: 0 - CUDA_VISIBLE_DEVICES: [0]
[I 2023-11-29 20:53:31,739] Trial 67 finished with value: 3.6367599964141846 and parameters: {'gradient_clip_val': 0.23537474898883315, 'hidden_size': 111, 'dropout': 0.31725920192218204, 'hidden_continuous_size': 28, 'attention_head_size': 2, 'learning_rate': 0.00934943169120669}. Best is trial 34 with value: 2.7736833095550537.
LOCAL_RANK: 0 - CUDA_VISIBLE_DEVICES: [0]
[I 2023-11-29 20:53:45,611] Trial 68 finished with value: 3.703340530395508 and parameters: {'gradient_clip_val': 0.5016105860857021, 'hidden_size': 95, 'dropout': 0.21864719111356556, 'hidden_continuous_size': 59, 'attention_head_size': 1, 'learning_rate': 0.01259112994996175}. Best is trial 34 with value: 2.7736833095550537.
LOCAL_RANK: 0 - CUDA_VISIBLE_DEVICES: [0]
[I 2023-11-29 20:53:59,406] Trial 69 finished with value: 3.062016487121582 and parameters: {'gradient_clip_val': 0.11097270267398916, 'hidden_size': 78, 'dropout': 0.1857770620459749, 'hidden_continuous_size': 44, 'attention_head_size': 4, 'learning_rate': 0.006509394211126655}. Best is trial 34 with value: 2.7736833095550537.
LOCAL_RANK: 0 - CUDA_VISIBLE_DEVICES: [0]
[I 2023-11-29 20:54:12,584] Trial 70 finished with value: 3.482764482498169 and parameters: {'gradient_clip_val': 0.15979176988883767, 'hidden_size': 62, 'dropout': 0.20111249822289076, 'hidden_continuous_size': 20, 'attention_head_size': 3, 'learning_rate': 0.004443241641772563}. Best is trial 34 with value: 2.7736833095550537.
LOCAL_RANK: 0 - CUDA_VISIBLE_DEVICES: [0]
[I 2023-11-29 20:54:25,996] Trial 71 finished with value: 3.0316436290740967 and parameters: {'gradient_clip_val': 0.2747452128283891, 'hidden_size': 69, 'dropout': 0.16935420112609242, 'hidden_continuous_size': 21, 'attention_head_size': 3, 'learning_rate': 0.008917515845876316}. Best is trial 34 with value: 2.7736833095550537.
LOCAL_RANK: 0 - CUDA_VISIBLE_DEVICES: [0]
[I 2023-11-29 20:54:39,435] Trial 72 finished with value: 3.063886880874634 and parameters: {'gradient_clip_val': 0.25910853318390226, 'hidden_size': 62, 'dropout': 0.18569146268467773, 'hidden_continuous_size': 23, 'attention_head_size': 3, 'learning_rate': 0.010613884254877378}. Best is trial 34 with value: 2.7736833095550537.
LOCAL_RANK: 0 - CUDA_VISIBLE_DEVICES: [0]
[I 2023-11-29 20:54:52,371] Trial 73 finished with value: 3.1454222202301025 and parameters: {'gradient_clip_val': 0.3277675836073478, 'hidden_size': 56, 'dropout': 0.15972465447025305, 'hidden_continuous_size': 21, 'attention_head_size': 3, 'learning_rate': 0.008016315927182922}. Best is trial 34 with value: 2.7736833095550537.
LOCAL_RANK: 0 - CUDA_VISIBLE_DEVICES: [0]
[I 2023-11-29 20:55:05,614] Trial 74 finished with value: 3.2917511463165283 and parameters: {'gradient_clip_val': 0.21974949086915566, 'hidden_size': 65, 'dropout': 0.2170710900342426, 'hidden_continuous_size': 19, 'attention_head_size': 3, 'learning_rate': 0.008727678632089826}. Best is trial 34 with value: 2.7736833095550537.
LOCAL_RANK: 0 - CUDA_VISIBLE_DEVICES: [0]
[I 2023-11-29 20:55:19,233] Trial 75 finished with value: 3.2290141582489014 and parameters: {'gradient_clip_val': 0.3650535779284466, 'hidden_size': 91, 'dropout': 0.1794183635092717, 'hidden_continuous_size': 27, 'attention_head_size': 3, 'learning_rate': 0.006359285426796176}. Best is trial 34 with value: 2.7736833095550537.
LOCAL_RANK: 0 - CUDA_VISIBLE_DEVICES: [0]
[I 2023-11-29 20:55:32,430] Trial 76 finished with value: 3.727266311645508 and parameters: {'gradient_clip_val': 0.2872600370013332, 'hidden_size': 72, 'dropout': 0.19392519689151727, 'hidden_continuous_size': 18, 'attention_head_size': 1, 'learning_rate': 0.011311178848934782}. Best is trial 34 with value: 2.7736833095550537.
LOCAL_RANK: 0 - CUDA_VISIBLE_DEVICES: [0]
[I 2023-11-29 20:55:45,554] Trial 77 finished with value: 3.0002670288085938 and parameters: {'gradient_clip_val': 0.31972101790938634, 'hidden_size': 52, 'dropout': 0.20804061281354652, 'hidden_continuous_size': 24, 'attention_head_size': 2, 'learning_rate': 0.009375805066861502}. Best is trial 34 with value: 2.7736833095550537.
LOCAL_RANK: 0 - CUDA_VISIBLE_DEVICES: [0]
[I 2023-11-29 20:55:59,092] Trial 78 finished with value: 2.9469635486602783 and parameters: {'gradient_clip_val': 0.2412014696881111, 'hidden_size': 81, 'dropout': 0.3072249134247645, 'hidden_continuous_size': 31, 'attention_head_size': 3, 'learning_rate': 0.007502765659198635}. Best is trial 34 with value: 2.7736833095550537.
LOCAL_RANK: 0 - CUDA_VISIBLE_DEVICES: [0]
[I 2023-11-29 20:56:12,920] Trial 79 finished with value: 2.9391965866088867 and parameters: {'gradient_clip_val': 0.2385901198828067, 'hidden_size': 101, 'dropout': 0.30457871131683484, 'hidden_continuous_size': 31, 'attention_head_size': 4, 'learning_rate': 0.005432007810796748}. Best is trial 34 with value: 2.7736833095550537.
LOCAL_RANK: 0 - CUDA_VISIBLE_DEVICES: [0]
[I 2023-11-29 20:56:26,625] Trial 80 finished with value: 2.9797067642211914 and parameters: {'gradient_clip_val': 0.26105749551001606, 'hidden_size': 101, 'dropout': 0.3052807322437629, 'hidden_continuous_size': 31, 'attention_head_size': 4, 'learning_rate': 0.09315145209910508}. Best is trial 34 with value: 2.7736833095550537.
LOCAL_RANK: 0 - CUDA_VISIBLE_DEVICES: [0]
[I 2023-11-29 20:56:40,332] Trial 81 finished with value: 3.0918219089508057 and parameters: {'gradient_clip_val': 0.2406095535451489, 'hidden_size': 82, 'dropout': 0.3454003411255694, 'hidden_continuous_size': 34, 'attention_head_size': 4, 'learning_rate': 0.0072559548417138724}. Best is trial 34 with value: 2.7736833095550537.
LOCAL_RANK: 0 - CUDA_VISIBLE_DEVICES: [0]
[I 2023-11-29 20:56:54,255] Trial 82 finished with value: 2.997509241104126 and parameters: {'gradient_clip_val': 0.22003384062258458, 'hidden_size': 90, 'dropout': 0.32269156292041173, 'hidden_continuous_size': 29, 'attention_head_size': 4, 'learning_rate': 0.004600072785878931}. Best is trial 34 with value: 2.7736833095550537.
LOCAL_RANK: 0 - CUDA_VISIBLE_DEVICES: [0]
