[I 2023-11-30 11:35:45,782] Trial 0 finished with value: 1634.8099365234375 and parameters: {'gradient_clip_val': 0.9438146953204338, 'hidden_size': 51, 'dropout': 0.2564214679662954, 'hidden_continuous_size': 22, 'attention_head_size': 3, 'learning_rate': 0.020224336765032012}. Best is trial 0 with value: 1634.8099365234375.
LOCAL_RANK: 0 - CUDA_VISIBLE_DEVICES: [0]
[I 2023-11-30 11:35:59,909] Trial 1 finished with value: 1488.0389404296875 and parameters: {'gradient_clip_val': 0.3063881823824363, 'hidden_size': 121, 'dropout': 0.28151827031595733, 'hidden_continuous_size': 20, 'attention_head_size': 3, 'learning_rate': 0.0028949216658493656}. Best is trial 1 with value: 1488.0389404296875.
LOCAL_RANK: 0 - CUDA_VISIBLE_DEVICES: [0]
[I 2023-11-30 11:36:13,091] Trial 2 finished with value: 1523.2720947265625 and parameters: {'gradient_clip_val': 0.41370290193546505, 'hidden_size': 49, 'dropout': 0.12495184847335704, 'hidden_continuous_size': 29, 'attention_head_size': 4, 'learning_rate': 0.007065365554254446}. Best is trial 1 with value: 1488.0389404296875.
LOCAL_RANK: 0 - CUDA_VISIBLE_DEVICES: [0]
[I 2023-11-30 11:36:25,190] Trial 3 finished with value: 1544.3380126953125 and parameters: {'gradient_clip_val': 0.3621604501629701, 'hidden_size': 26, 'dropout': 0.14346867895376875, 'hidden_continuous_size': 10, 'attention_head_size': 1, 'learning_rate': 0.06361012308551223}. Best is trial 1 with value: 1488.0389404296875.
LOCAL_RANK: 0 - CUDA_VISIBLE_DEVICES: [0]
[I 2023-11-30 11:36:35,445] Trial 4 finished with value: 3369.4306640625 and parameters: {'gradient_clip_val': 0.15725358974507178, 'hidden_size': 15, 'dropout': 0.23645298852128108, 'hidden_continuous_size': 15, 'attention_head_size': 1, 'learning_rate': 0.004299800815805554}. Best is trial 1 with value: 1488.0389404296875.
LOCAL_RANK: 0 - CUDA_VISIBLE_DEVICES: [0]
[I 2023-11-30 11:36:48,976] Trial 5 finished with value: 1697.6224365234375 and parameters: {'gradient_clip_val': 0.2662406247957901, 'hidden_size': 93, 'dropout': 0.10093255512042477, 'hidden_continuous_size': 16, 'attention_head_size': 3, 'learning_rate': 0.016624598708541813}. Best is trial 1 with value: 1488.0389404296875.
LOCAL_RANK: 0 - CUDA_VISIBLE_DEVICES: [0]
[I 2023-11-30 11:37:03,190] Trial 6 finished with value: 1504.044921875 and parameters: {'gradient_clip_val': 0.9084466719827331, 'hidden_size': 71, 'dropout': 0.29575034610928186, 'hidden_continuous_size': 66, 'attention_head_size': 4, 'learning_rate': 0.025657178948596714}. Best is trial 1 with value: 1488.0389404296875.
LOCAL_RANK: 0 - CUDA_VISIBLE_DEVICES: [0]
[I 2023-11-30 11:37:15,171] Trial 7 finished with value: 1597.4847412109375 and parameters: {'gradient_clip_val': 0.9996077029601981, 'hidden_size': 18, 'dropout': 0.12033418891281139, 'hidden_continuous_size': 11, 'attention_head_size': 1, 'learning_rate': 0.08666794329196369}. Best is trial 1 with value: 1488.0389404296875.
LOCAL_RANK: 0 - CUDA_VISIBLE_DEVICES: [0]
[I 2023-11-30 11:37:27,028] Trial 8 finished with value: 2421.878173828125 and parameters: {'gradient_clip_val': 0.36539273255413174, 'hidden_size': 12, 'dropout': 0.22948674531829633, 'hidden_continuous_size': 10, 'attention_head_size': 3, 'learning_rate': 0.012310513306986187}. Best is trial 1 with value: 1488.0389404296875.
LOCAL_RANK: 0 - CUDA_VISIBLE_DEVICES: [0]
[I 2023-11-30 11:37:40,388] Trial 9 finished with value: 1325.3970947265625 and parameters: {'gradient_clip_val': 0.9138490919979216, 'hidden_size': 93, 'dropout': 0.19549261463854017, 'hidden_continuous_size': 12, 'attention_head_size': 4, 'learning_rate': 0.006216006576585569}. Best is trial 9 with value: 1325.3970947265625.
LOCAL_RANK: 0 - CUDA_VISIBLE_DEVICES: [0]
[I 2023-11-30 11:37:54,579] Trial 10 finished with value: 2038.78125 and parameters: {'gradient_clip_val': 0.5812612313007457, 'hidden_size': 148, 'dropout': 0.3964280697889127, 'hidden_continuous_size': 44, 'attention_head_size': 2, 'learning_rate': 0.0014175488740544972}. Best is trial 9 with value: 1325.3970947265625.
LOCAL_RANK: 0 - CUDA_VISIBLE_DEVICES: [0]
[I 2023-11-30 11:38:09,280] Trial 11 finished with value: 1521.6253662109375 and parameters: {'gradient_clip_val': 0.21668819785115995, 'hidden_size': 132, 'dropout': 0.18357407635846032, 'hidden_continuous_size': 124, 'attention_head_size': 4, 'learning_rate': 0.0028761321265846325}. Best is trial 9 with value: 1325.3970947265625.
LOCAL_RANK: 0 - CUDA_VISIBLE_DEVICES: [0]
[I 2023-11-30 11:38:22,760] Trial 12 finished with value: 2492.325927734375 and parameters: {'gradient_clip_val': 0.12064525887606269, 'hidden_size': 91, 'dropout': 0.2995403522068626, 'hidden_continuous_size': 19, 'attention_head_size': 2, 'learning_rate': 0.0011197968074236073}. Best is trial 9 with value: 1325.3970947265625.
LOCAL_RANK: 0 - CUDA_VISIBLE_DEVICES: [0]
[I 2023-11-30 11:38:36,378] Trial 13 finished with value: 1346.4141845703125 and parameters: {'gradient_clip_val': 0.5643566790031351, 'hidden_size': 101, 'dropout': 0.1874715486352011, 'hidden_continuous_size': 14, 'attention_head_size': 4, 'learning_rate': 0.0030405674835359085}. Best is trial 9 with value: 1325.3970947265625.
LOCAL_RANK: 0 - CUDA_VISIBLE_DEVICES: [0]
[I 2023-11-30 11:38:49,375] Trial 14 finished with value: 1474.5751953125 and parameters: {'gradient_clip_val': 0.6213496060242037, 'hidden_size': 60, 'dropout': 0.18982211433240626, 'hidden_continuous_size': 13, 'attention_head_size': 4, 'learning_rate': 0.006634729386254367}. Best is trial 9 with value: 1325.3970947265625.
LOCAL_RANK: 0 - CUDA_VISIBLE_DEVICES: [0]
[I 2023-11-30 11:39:02,096] Trial 15 finished with value: 3322.445068359375 and parameters: {'gradient_clip_val': 0.5986553714430669, 'hidden_size': 35, 'dropout': 0.16611020552499436, 'hidden_continuous_size': 12, 'attention_head_size': 4, 'learning_rate': 0.0021695905541147696}. Best is trial 9 with value: 1325.3970947265625.
LOCAL_RANK: 0 - CUDA_VISIBLE_DEVICES: [0]
[I 2023-11-30 11:39:15,731] Trial 16 finished with value: 1390.9693603515625 and parameters: {'gradient_clip_val': 0.7287459009652568, 'hidden_size': 83, 'dropout': 0.20058664015352184, 'hidden_continuous_size': 14, 'attention_head_size': 4, 'learning_rate': 0.004963754716498916}. Best is trial 9 with value: 1325.3970947265625.
LOCAL_RANK: 0 - CUDA_VISIBLE_DEVICES: [0]
[I 2023-11-30 11:39:29,321] Trial 17 finished with value: 1445.42236328125 and parameters: {'gradient_clip_val': 0.4839602723579517, 'hidden_size': 108, 'dropout': 0.1666536130402547, 'hidden_continuous_size': 24, 'attention_head_size': 2, 'learning_rate': 0.00904257681858979}. Best is trial 9 with value: 1325.3970947265625.
LOCAL_RANK: 0 - CUDA_VISIBLE_DEVICES: [0]
[I 2023-11-30 11:39:42,681] Trial 18 finished with value: 1720.1927490234375 and parameters: {'gradient_clip_val': 0.7199545283836913, 'hidden_size': 70, 'dropout': 0.20935283994867257, 'hidden_continuous_size': 17, 'attention_head_size': 3, 'learning_rate': 0.0017326539689303665}. Best is trial 9 with value: 1325.3970947265625.
LOCAL_RANK: 0 - CUDA_VISIBLE_DEVICES: [0]
[I 2023-11-30 11:39:56,252] Trial 19 finished with value: 1371.3394775390625 and parameters: {'gradient_clip_val': 0.5089272000956147, 'hidden_size': 112, 'dropout': 0.1543440807280321, 'hidden_continuous_size': 13, 'attention_head_size': 4, 'learning_rate': 0.0038175062489371313}. Best is trial 9 with value: 1325.3970947265625.
LOCAL_RANK: 0 - CUDA_VISIBLE_DEVICES: [0]
[I 2023-11-30 11:40:10,407] Trial 20 finished with value: 1637.0511474609375 and parameters: {'gradient_clip_val': 0.7130817106175954, 'hidden_size': 141, 'dropout': 0.21316162307886968, 'hidden_continuous_size': 29, 'attention_head_size': 3, 'learning_rate': 0.002261414190697175}. Best is trial 9 with value: 1325.3970947265625.
LOCAL_RANK: 0 - CUDA_VISIBLE_DEVICES: [0]
[I 2023-11-30 11:40:24,130] Trial 21 finished with value: 1638.0498046875 and parameters: {'gradient_clip_val': 0.4785431343975993, 'hidden_size': 102, 'dropout': 0.1560730318646266, 'hidden_continuous_size': 14, 'attention_head_size': 4, 'learning_rate': 0.004040321865900301}. Best is trial 9 with value: 1325.3970947265625.
LOCAL_RANK: 0 - CUDA_VISIBLE_DEVICES: [0]
[I 2023-11-30 11:40:37,831] Trial 22 finished with value: 1371.5108642578125 and parameters: {'gradient_clip_val': 0.48535485159211, 'hidden_size': 111, 'dropout': 0.17666834993480984, 'hidden_continuous_size': 10, 'attention_head_size': 4, 'learning_rate': 0.0032484971985927177}. Best is trial 9 with value: 1325.3970947265625.
LOCAL_RANK: 0 - CUDA_VISIBLE_DEVICES: [0]
[I 2023-11-30 11:40:51,194] Trial 23 finished with value: 1566.9908447265625 and parameters: {'gradient_clip_val': 0.779457358809366, 'hidden_size': 79, 'dropout': 0.15082541468392596, 'hidden_continuous_size': 12, 'attention_head_size': 4, 'learning_rate': 0.005681161659797261}. Best is trial 9 with value: 1325.3970947265625.
LOCAL_RANK: 0 - CUDA_VISIBLE_DEVICES: [0]
[I 2023-11-30 11:41:05,027] Trial 24 finished with value: 1315.8272705078125 and parameters: {'gradient_clip_val': 0.5577369370827615, 'hidden_size': 110, 'dropout': 0.13563994084185557, 'hidden_continuous_size': 16, 'attention_head_size': 4, 'learning_rate': 0.0042391211414795765}. Best is trial 24 with value: 1315.8272705078125.
LOCAL_RANK: 0 - CUDA_VISIBLE_DEVICES: [0]
[I 2023-11-30 11:41:18,160] Trial 25 finished with value: 1399.4742431640625 and parameters: {'gradient_clip_val': 0.8532510174931491, 'hidden_size': 64, 'dropout': 0.13502555302897457, 'hidden_continuous_size': 17, 'attention_head_size': 3, 'learning_rate': 0.008540756448633455}. Best is trial 24 with value: 1315.8272705078125.
LOCAL_RANK: 0 - CUDA_VISIBLE_DEVICES: [0]
[I 2023-11-30 11:41:31,909] Trial 26 finished with value: 1289.4700927734375 and parameters: {'gradient_clip_val': 0.6263744698598661, 'hidden_size': 87, 'dropout': 0.10018208139122772, 'hidden_continuous_size': 12, 'attention_head_size': 4, 'learning_rate': 0.005511411112208173}. Best is trial 26 with value: 1289.4700927734375.
LOCAL_RANK: 0 - CUDA_VISIBLE_DEVICES: [0]
[I 2023-11-30 11:41:46,162] Trial 27 finished with value: 1615.5894775390625 and parameters: {'gradient_clip_val': 0.7856728086552127, 'hidden_size': 149, 'dropout': 0.10877942604186981, 'hidden_continuous_size': 20, 'attention_head_size': 3, 'learning_rate': 0.005443220372283248}. Best is trial 26 with value: 1289.4700927734375.
LOCAL_RANK: 0 - CUDA_VISIBLE_DEVICES: [0]
[I 2023-11-30 11:41:59,427] Trial 28 finished with value: 1375.71875 and parameters: {'gradient_clip_val': 0.6350900111330268, 'hidden_size': 87, 'dropout': 0.10006581050406674, 'hidden_continuous_size': 11, 'attention_head_size': 4, 'learning_rate': 0.010583255186160876}. Best is trial 26 with value: 1289.4700927734375.
LOCAL_RANK: 0 - CUDA_VISIBLE_DEVICES: [0]
[I 2023-11-30 11:42:12,398] Trial 29 finished with value: 1562.8143310546875 and parameters: {'gradient_clip_val': 0.9726156875667409, 'hidden_size': 53, 'dropout': 0.13701567858207367, 'hidden_continuous_size': 12, 'attention_head_size': 3, 'learning_rate': 0.0059033317744589305}. Best is trial 26 with value: 1289.4700927734375.
LOCAL_RANK: 0 - CUDA_VISIBLE_DEVICES: [0]
[I 2023-11-30 11:42:25,974] Trial 30 finished with value: 1773.1048583984375 and parameters: {'gradient_clip_val': 0.698200560656453, 'hidden_size': 75, 'dropout': 0.12217554280844824, 'hidden_continuous_size': 16, 'attention_head_size': 2, 'learning_rate': 0.007776485678754254}. Best is trial 26 with value: 1289.4700927734375.
LOCAL_RANK: 0 - CUDA_VISIBLE_DEVICES: [0]
[I 2023-11-30 11:42:39,656] Trial 31 finished with value: 1279.10009765625 and parameters: {'gradient_clip_val': 0.8473765557047808, 'hidden_size': 100, 'dropout': 0.17293907957488688, 'hidden_continuous_size': 14, 'attention_head_size': 4, 'learning_rate': 0.0037052582939170464}. Best is trial 31 with value: 1279.10009765625.
LOCAL_RANK: 0 - CUDA_VISIBLE_DEVICES: [0]
[I 2023-11-30 11:42:53,471] Trial 32 finished with value: 1440.4130859375 and parameters: {'gradient_clip_val': 0.8428553256237268, 'hidden_size': 115, 'dropout': 0.13883024556308676, 'hidden_continuous_size': 18, 'attention_head_size': 4, 'learning_rate': 0.004299992436180317}. Best is trial 31 with value: 1279.10009765625.
LOCAL_RANK: 0 - CUDA_VISIBLE_DEVICES: [0]
[I 2023-11-30 11:43:07,465] Trial 33 finished with value: 1349.8544921875 and parameters: {'gradient_clip_val': 0.8392775408949559, 'hidden_size': 122, 'dropout': 0.12050732458155622, 'hidden_continuous_size': 22, 'attention_head_size': 4, 'learning_rate': 0.002330981105054467}. Best is trial 31 with value: 1279.10009765625.
LOCAL_RANK: 0 - CUDA_VISIBLE_DEVICES: [0]
[I 2023-11-30 11:43:20,964] Trial 34 finished with value: 1338.7122802734375 and parameters: {'gradient_clip_val': 0.9214288290479774, 'hidden_size': 92, 'dropout': 0.1683804271070518, 'hidden_continuous_size': 15, 'attention_head_size': 4, 'learning_rate': 0.0069054576586720885}. Best is trial 31 with value: 1279.10009765625.
LOCAL_RANK: 0 - CUDA_VISIBLE_DEVICES: [0]
[I 2023-11-30 11:43:33,797] Trial 35 finished with value: 1882.685546875 and parameters: {'gradient_clip_val': 0.6613285016315821, 'hidden_size': 53, 'dropout': 0.1458846592385061, 'hidden_continuous_size': 11, 'attention_head_size': 3, 'learning_rate': 0.004550235286724048}. Best is trial 31 with value: 1279.10009765625.
LOCAL_RANK: 0 - CUDA_VISIBLE_DEVICES: [0]
[I 2023-11-30 11:43:46,884] Trial 36 finished with value: 1671.9840087890625 and parameters: {'gradient_clip_val': 0.4183250354806482, 'hidden_size': 42, 'dropout': 0.1145626988003051, 'hidden_continuous_size': 13, 'attention_head_size': 4, 'learning_rate': 0.0034975365802617842}. Best is trial 31 with value: 1279.10009765625.
LOCAL_RANK: 0 - CUDA_VISIBLE_DEVICES: [0]
[I 2023-11-30 11:44:00,549] Trial 37 finished with value: 1577.8665771484375 and parameters: {'gradient_clip_val': 0.7792500483625439, 'hidden_size': 127, 'dropout': 0.12778381752757773, 'hidden_continuous_size': 10, 'attention_head_size': 4, 'learning_rate': 0.00738163255019209}. Best is trial 31 with value: 1279.10009765625.
LOCAL_RANK: 0 - CUDA_VISIBLE_DEVICES: [0]
[I 2023-11-30 11:44:13,942] Trial 38 finished with value: 1886.6505126953125 and parameters: {'gradient_clip_val': 0.9993292387018491, 'hidden_size': 81, 'dropout': 0.10588653286200808, 'hidden_continuous_size': 15, 'attention_head_size': 3, 'learning_rate': 0.005289337990103277}. Best is trial 31 with value: 1279.10009765625.
LOCAL_RANK: 0 - CUDA_VISIBLE_DEVICES: [0]
[I 2023-11-30 11:44:27,417] Trial 39 finished with value: 1224.84130859375 and parameters: {'gradient_clip_val': 0.6448650736671953, 'hidden_size': 68, 'dropout': 0.13332477947207094, 'hidden_continuous_size': 19, 'attention_head_size': 4, 'learning_rate': 0.010913634730678285}. Best is trial 39 with value: 1224.84130859375.
LOCAL_RANK: 0 - CUDA_VISIBLE_DEVICES: [0]
[I 2023-11-30 11:44:40,326] Trial 40 finished with value: 1678.60009765625 and parameters: {'gradient_clip_val': 0.5458317754081026, 'hidden_size': 64, 'dropout': 0.12881251800880567, 'hidden_continuous_size': 18, 'attention_head_size': 1, 'learning_rate': 0.011022841024369004}. Best is trial 39 with value: 1224.84130859375.
LOCAL_RANK: 0 - CUDA_VISIBLE_DEVICES: [0]
[I 2023-11-30 11:44:54,036] Trial 41 finished with value: 1619.939453125 and parameters: {'gradient_clip_val': 0.639607483364263, 'hidden_size': 96, 'dropout': 0.15245672266005986, 'hidden_continuous_size': 16, 'attention_head_size': 4, 'learning_rate': 0.013850733010250442}. Best is trial 39 with value: 1224.84130859375.
LOCAL_RANK: 0 - CUDA_VISIBLE_DEVICES: [0]
[I 2023-11-30 11:45:07,381] Trial 42 finished with value: 1563.4173583984375 and parameters: {'gradient_clip_val': 0.9011369230072394, 'hidden_size': 73, 'dropout': 0.13956007505196258, 'hidden_continuous_size': 15, 'attention_head_size': 4, 'learning_rate': 0.023659408347866926}. Best is trial 39 with value: 1224.84130859375.
LOCAL_RANK: 0 - CUDA_VISIBLE_DEVICES: [0]
[I 2023-11-30 11:45:21,294] Trial 43 finished with value: 1558.5416259765625 and parameters: {'gradient_clip_val': 0.6860992115282787, 'hidden_size': 124, 'dropout': 0.10051114379236843, 'hidden_continuous_size': 22, 'attention_head_size': 4, 'learning_rate': 0.014770596989042347}. Best is trial 39 with value: 1224.84130859375.
LOCAL_RANK: 0 - CUDA_VISIBLE_DEVICES: [0]
[I 2023-11-30 11:45:34,679] Trial 44 finished with value: 1496.6683349609375 and parameters: {'gradient_clip_val': 0.5580222828924842, 'hidden_size': 96, 'dropout': 0.11915668475317812, 'hidden_continuous_size': 19, 'attention_head_size': 4, 'learning_rate': 0.006455773350003452}. Best is trial 39 with value: 1224.84130859375.
LOCAL_RANK: 0 - CUDA_VISIBLE_DEVICES: [0]
[I 2023-11-30 11:45:48,144] Trial 45 finished with value: 1644.1041259765625 and parameters: {'gradient_clip_val': 0.811393513973432, 'hidden_size': 86, 'dropout': 0.17135791524627314, 'hidden_continuous_size': 11, 'attention_head_size': 4, 'learning_rate': 0.010270233777498078}. Best is trial 39 with value: 1224.84130859375.
LOCAL_RANK: 0 - CUDA_VISIBLE_DEVICES: [0]
[I 2023-11-30 11:46:01,884] Trial 46 finished with value: 1781.6842041015625 and parameters: {'gradient_clip_val': 0.8998446499837808, 'hidden_size': 100, 'dropout': 0.12993426959853924, 'hidden_continuous_size': 13, 'attention_head_size': 4, 'learning_rate': 0.01686516795422741}. Best is trial 39 with value: 1224.84130859375.
LOCAL_RANK: 0 - CUDA_VISIBLE_DEVICES: [0]
[I 2023-11-30 11:46:16,037] Trial 47 finished with value: 1383.0806884765625 and parameters: {'gradient_clip_val': 0.6072947294848108, 'hidden_size': 131, 'dropout': 0.1581905481199044, 'hidden_continuous_size': 17, 'attention_head_size': 3, 'learning_rate': 0.008315949003767429}. Best is trial 39 with value: 1224.84130859375.
LOCAL_RANK: 0 - CUDA_VISIBLE_DEVICES: [0]
[I 2023-11-30 11:46:29,309] Trial 48 finished with value: 1374.3443603515625 and parameters: {'gradient_clip_val': 0.7198106048819655, 'hidden_size': 69, 'dropout': 0.18003092783361155, 'hidden_continuous_size': 14, 'attention_head_size': 4, 'learning_rate': 0.004601764318675341}. Best is trial 39 with value: 1224.84130859375.
LOCAL_RANK: 0 - CUDA_VISIBLE_DEVICES: [0]
[I 2023-11-30 11:46:42,780] Trial 49 finished with value: 1978.0423583984375 and parameters: {'gradient_clip_val': 0.5295352939083215, 'hidden_size': 78, 'dropout': 0.19260385671637156, 'hidden_continuous_size': 12, 'attention_head_size': 4, 'learning_rate': 0.002723176484124039}. Best is trial 39 with value: 1224.84130859375.
LOCAL_RANK: 0 - CUDA_VISIBLE_DEVICES: [0]
[I 2023-11-30 11:46:56,559] Trial 50 finished with value: 1387.64111328125 and parameters: {'gradient_clip_val': 0.5920615657506014, 'hidden_size': 109, 'dropout': 0.11397607217366616, 'hidden_continuous_size': 21, 'attention_head_size': 4, 'learning_rate': 0.0037164659354441097}. Best is trial 39 with value: 1224.84130859375.
LOCAL_RANK: 0 - CUDA_VISIBLE_DEVICES: [0]
[I 2023-11-30 11:47:10,204] Trial 51 finished with value: 1652.6170654296875 and parameters: {'gradient_clip_val': 0.9187833661444382, 'hidden_size': 88, 'dropout': 0.17573170424572343, 'hidden_continuous_size': 15, 'attention_head_size': 4, 'learning_rate': 0.0067561344030125795}. Best is trial 39 with value: 1224.84130859375.
LOCAL_RANK: 0 - CUDA_VISIBLE_DEVICES: [0]
[I 2023-11-30 11:47:23,795] Trial 52 finished with value: 1858.8980712890625 and parameters: {'gradient_clip_val': 0.9924814961484376, 'hidden_size': 93, 'dropout': 0.16195212530439942, 'hidden_continuous_size': 16, 'attention_head_size': 4, 'learning_rate': 0.006350011042410749}. Best is trial 39 with value: 1224.84130859375.
LOCAL_RANK: 0 - CUDA_VISIBLE_DEVICES: [0]
[I 2023-11-30 11:47:37,637] Trial 53 finished with value: 1815.4072265625 and parameters: {'gradient_clip_val': 0.7471467537617452, 'hidden_size': 105, 'dropout': 0.14692699014824023, 'hidden_continuous_size': 19, 'attention_head_size': 4, 'learning_rate': 0.009414663297121224}. Best is trial 39 with value: 1224.84130859375.
LOCAL_RANK: 0 - CUDA_VISIBLE_DEVICES: [0]
[I 2023-11-30 11:47:51,182] Trial 54 finished with value: 1446.78125 and parameters: {'gradient_clip_val': 0.6670204987797992, 'hidden_size': 90, 'dropout': 0.16376056209527562, 'hidden_continuous_size': 14, 'attention_head_size': 4, 'learning_rate': 0.004708257826780543}. Best is trial 39 with value: 1224.84130859375.
LOCAL_RANK: 0 - CUDA_VISIBLE_DEVICES: [0]
[I 2023-11-30 11:48:05,203] Trial 55 finished with value: 1797.5401611328125 and parameters: {'gradient_clip_val': 0.8690548312909941, 'hidden_size': 136, 'dropout': 0.20008474651420904, 'hidden_continuous_size': 26, 'attention_head_size': 4, 'learning_rate': 0.0076088375169617115}. Best is trial 39 with value: 1224.84130859375.
LOCAL_RANK: 0 - CUDA_VISIBLE_DEVICES: [0]
[I 2023-11-30 11:48:18,876] Trial 56 finished with value: 1894.7796630859375 and parameters: {'gradient_clip_val': 0.7587446706875628, 'hidden_size': 113, 'dropout': 0.1711622962389972, 'hidden_continuous_size': 10, 'attention_head_size': 2, 'learning_rate': 0.0037770324942054748}. Best is trial 39 with value: 1224.84130859375.
LOCAL_RANK: 0 - CUDA_VISIBLE_DEVICES: [0]
[I 2023-11-30 11:48:31,884] Trial 57 finished with value: 1968.7969970703125 and parameters: {'gradient_clip_val': 0.9237146954527915, 'hidden_size': 59, 'dropout': 0.1479865474009952, 'hidden_continuous_size': 13, 'attention_head_size': 3, 'learning_rate': 0.0050179647228940066}. Best is trial 39 with value: 1224.84130859375.
LOCAL_RANK: 0 - CUDA_VISIBLE_DEVICES: [0]
[I 2023-11-30 11:48:45,554] Trial 58 finished with value: 1788.7216796875 and parameters: {'gradient_clip_val': 0.8156759976366502, 'hidden_size': 82, 'dropout': 0.13114426144111474, 'hidden_continuous_size': 32, 'attention_head_size': 4, 'learning_rate': 0.0031588939075509596}. Best is trial 39 with value: 1224.84130859375.
LOCAL_RANK: 0 - CUDA_VISIBLE_DEVICES: [0]
