[I 2023-11-30 05:00:05,042] Trial 145 finished with value: 46.1916389465332 and parameters: {'gradient_clip_val': 0.33828545487622225, 'hidden_size': 93, 'dropout': 0.37475660589322274, 'hidden_continuous_size': 43, 'attention_head_size': 4, 'learning_rate': 0.005361942084744974}. Best is trial 129 with value: 40.863319396972656.
LOCAL_RANK: 0 - CUDA_VISIBLE_DEVICES: [0]
[I 2023-11-30 05:00:18,874] Trial 146 finished with value: 64.554931640625 and parameters: {'gradient_clip_val': 0.30708641062267983, 'hidden_size': 82, 'dropout': 0.3436520593182322, 'hidden_continuous_size': 36, 'attention_head_size': 4, 'learning_rate': 0.004730860506854621}. Best is trial 129 with value: 40.863319396972656.
LOCAL_RANK: 0 - CUDA_VISIBLE_DEVICES: [0]
[I 2023-11-30 05:00:32,778] Trial 147 finished with value: 45.130401611328125 and parameters: {'gradient_clip_val': 0.3991090295028775, 'hidden_size': 86, 'dropout': 0.3588131127451542, 'hidden_continuous_size': 41, 'attention_head_size': 4, 'learning_rate': 0.0032614099070969933}. Best is trial 129 with value: 40.863319396972656.
LOCAL_RANK: 0 - CUDA_VISIBLE_DEVICES: [0]
[I 2023-11-30 05:00:46,770] Trial 148 finished with value: 49.82093811035156 and parameters: {'gradient_clip_val': 0.3653519435148867, 'hidden_size': 98, 'dropout': 0.3367822397516959, 'hidden_continuous_size': 38, 'attention_head_size': 4, 'learning_rate': 0.00679962498876335}. Best is trial 129 with value: 40.863319396972656.
LOCAL_RANK: 0 - CUDA_VISIBLE_DEVICES: [0]
[I 2023-11-30 05:01:01,135] Trial 149 finished with value: 50.179351806640625 and parameters: {'gradient_clip_val': 0.3215246552992393, 'hidden_size': 118, 'dropout': 0.38560552073317056, 'hidden_continuous_size': 47, 'attention_head_size': 4, 'learning_rate': 0.004248508469144614}. Best is trial 129 with value: 40.863319396972656.
[I 2023-11-30 05:01:01,254] A new study created in memory with name: no-name-3f25d9a9-2b1c-46fb-81ae-9d4450eac3c6
/home/le004/conda/anaconda3/envs/tsff_env/lib/python3.9/site-packages/lightning/fabric/plugins/environments/slurm.py:191: The `srun` command is available on your system but is not used. HINT: If your intention is to run Lightning on SLURM, prepend your python command with `srun` like so: srun python /home/le004/master_thesis/git/TSFusionForecast/code/ ...
LOCAL_RANK: 0 - CUDA_VISIBLE_DEVICES: [0]
[I 2023-11-30 05:01:14,469] Trial 0 finished with value: 12.073596000671387 and parameters: {'gradient_clip_val': 0.2888203380139155, 'hidden_size': 75, 'dropout': 0.32485496550004545, 'hidden_continuous_size': 15, 'attention_head_size': 2, 'learning_rate': 0.036680277382901784}. Best is trial 0 with value: 12.073596000671387.
LOCAL_RANK: 0 - CUDA_VISIBLE_DEVICES: [0]
[I 2023-11-30 05:01:26,932] Trial 1 finished with value: 18.76618766784668 and parameters: {'gradient_clip_val': 0.2650890306785543, 'hidden_size': 31, 'dropout': 0.12441438735665307, 'hidden_continuous_size': 13, 'attention_head_size': 4, 'learning_rate': 0.007014599391760257}. Best is trial 0 with value: 12.073596000671387.
LOCAL_RANK: 0 - CUDA_VISIBLE_DEVICES: [0]
[I 2023-11-30 05:01:40,808] Trial 2 finished with value: 12.6350679397583 and parameters: {'gradient_clip_val': 0.17202246108824384, 'hidden_size': 79, 'dropout': 0.32044987351975085, 'hidden_continuous_size': 61, 'attention_head_size': 2, 'learning_rate': 0.056877995217582314}. Best is trial 0 with value: 12.073596000671387.
LOCAL_RANK: 0 - CUDA_VISIBLE_DEVICES: [0]
[I 2023-11-30 05:01:52,931] Trial 3 finished with value: 38.707332611083984 and parameters: {'gradient_clip_val': 0.15749155366036108, 'hidden_size': 21, 'dropout': 0.24112358375686455, 'hidden_continuous_size': 12, 'attention_head_size': 2, 'learning_rate': 0.00236657429340361}. Best is trial 0 with value: 12.073596000671387.
LOCAL_RANK: 0 - CUDA_VISIBLE_DEVICES: [0]
[I 2023-11-30 05:02:05,915] Trial 4 finished with value: 11.077733039855957 and parameters: {'gradient_clip_val': 0.4052857162064691, 'hidden_size': 39, 'dropout': 0.2607981740706076, 'hidden_continuous_size': 21, 'attention_head_size': 3, 'learning_rate': 0.0689964083883292}. Best is trial 4 with value: 11.077733039855957.
LOCAL_RANK: 0 - CUDA_VISIBLE_DEVICES: [0]
[I 2023-11-30 05:02:17,996] Trial 5 finished with value: 30.906370162963867 and parameters: {'gradient_clip_val': 0.28770834707874343, 'hidden_size': 13, 'dropout': 0.1915808607935522, 'hidden_continuous_size': 12, 'attention_head_size': 2, 'learning_rate': 0.009952734159114213}. Best is trial 4 with value: 11.077733039855957.
LOCAL_RANK: 0 - CUDA_VISIBLE_DEVICES: [0]
[I 2023-11-30 05:02:30,428] Trial 6 finished with value: 15.16790771484375 and parameters: {'gradient_clip_val': 0.2434436592230133, 'hidden_size': 27, 'dropout': 0.11018982148474041, 'hidden_continuous_size': 18, 'attention_head_size': 2, 'learning_rate': 0.027674275757038798}. Best is trial 4 with value: 11.077733039855957.
LOCAL_RANK: 0 - CUDA_VISIBLE_DEVICES: [0]
[I 2023-11-30 05:02:42,311] Trial 7 finished with value: 11.413609504699707 and parameters: {'gradient_clip_val': 0.38594604460361664, 'hidden_size': 20, 'dropout': 0.28010843026733045, 'hidden_continuous_size': 11, 'attention_head_size': 2, 'learning_rate': 0.06237012053524256}. Best is trial 4 with value: 11.077733039855957.
LOCAL_RANK: 0 - CUDA_VISIBLE_DEVICES: [0]
[I 2023-11-30 05:02:54,399] Trial 8 finished with value: 14.304753303527832 and parameters: {'gradient_clip_val': 0.8412156928031662, 'hidden_size': 15, 'dropout': 0.19106517023223984, 'hidden_continuous_size': 10, 'attention_head_size': 2, 'learning_rate': 0.04292779924643947}. Best is trial 4 with value: 11.077733039855957.
LOCAL_RANK: 0 - CUDA_VISIBLE_DEVICES: [0]
[I 2023-11-30 05:03:04,911] Trial 9 finished with value: 15.617500305175781 and parameters: {'gradient_clip_val': 0.17730245305106015, 'hidden_size': 10, 'dropout': 0.20836704023138325, 'hidden_continuous_size': 10, 'attention_head_size': 4, 'learning_rate': 0.04142993060807085}. Best is trial 4 with value: 11.077733039855957.
LOCAL_RANK: 0 - CUDA_VISIBLE_DEVICES: [0]
[I 2023-11-30 05:03:17,843] Trial 10 finished with value: 13.988411903381348 and parameters: {'gradient_clip_val': 0.10408640519796372, 'hidden_size': 48, 'dropout': 0.3959686854426036, 'hidden_continuous_size': 26, 'attention_head_size': 3, 'learning_rate': 0.09189083603409369}. Best is trial 4 with value: 11.077733039855957.
LOCAL_RANK: 0 - CUDA_VISIBLE_DEVICES: [0]
[I 2023-11-30 05:03:30,657] Trial 11 finished with value: 12.708518028259277 and parameters: {'gradient_clip_val': 0.4989389556124738, 'hidden_size': 45, 'dropout': 0.2827267916131014, 'hidden_continuous_size': 22, 'attention_head_size': 1, 'learning_rate': 0.02007857770658223}. Best is trial 4 with value: 11.077733039855957.
LOCAL_RANK: 0 - CUDA_VISIBLE_DEVICES: [0]
[I 2023-11-30 05:03:44,836] Trial 12 finished with value: 12.453929901123047 and parameters: {'gradient_clip_val': 0.47200854540409437, 'hidden_size': 148, 'dropout': 0.2714817491463083, 'hidden_continuous_size': 33, 'attention_head_size': 3, 'learning_rate': 0.09517227635631918}. Best is trial 4 with value: 11.077733039855957.
LOCAL_RANK: 0 - CUDA_VISIBLE_DEVICES: [0]
[I 2023-11-30 05:03:56,574] Trial 13 finished with value: 17.167400360107422 and parameters: {'gradient_clip_val': 0.42781288378704485, 'hidden_size': 20, 'dropout': 0.3051631316860826, 'hidden_continuous_size': 11, 'attention_head_size': 1, 'learning_rate': 0.021975397878030194}. Best is trial 4 with value: 11.077733039855957.
LOCAL_RANK: 0 - CUDA_VISIBLE_DEVICES: [0]
[I 2023-11-30 05:04:09,336] Trial 14 finished with value: 12.846091270446777 and parameters: {'gradient_clip_val': 0.6633084423500366, 'hidden_size': 33, 'dropout': 0.23709686997329907, 'hidden_continuous_size': 14, 'attention_head_size': 3, 'learning_rate': 0.09743699955726724}. Best is trial 4 with value: 11.077733039855957.
LOCAL_RANK: 0 - CUDA_VISIBLE_DEVICES: [0]
[I 2023-11-30 05:04:21,551] Trial 15 finished with value: 16.900972366333008 and parameters: {'gradient_clip_val': 0.44202054813454467, 'hidden_size': 21, 'dropout': 0.3500988733292393, 'hidden_continuous_size': 10, 'attention_head_size': 3, 'learning_rate': 0.01785129595667064}. Best is trial 4 with value: 11.077733039855957.
LOCAL_RANK: 0 - CUDA_VISIBLE_DEVICES: [0]
[I 2023-11-30 05:04:34,297] Trial 16 finished with value: 10.717114448547363 and parameters: {'gradient_clip_val': 0.37161340148851746, 'hidden_size': 38, 'dropout': 0.2698795266039103, 'hidden_continuous_size': 16, 'attention_head_size': 4, 'learning_rate': 0.06297687332160029}. Best is trial 16 with value: 10.717114448547363.
LOCAL_RANK: 0 - CUDA_VISIBLE_DEVICES: [0]
[I 2023-11-30 05:04:47,328] Trial 17 finished with value: 11.50970458984375 and parameters: {'gradient_clip_val': 0.6084521060631124, 'hidden_size': 51, 'dropout': 0.24515894683003767, 'hidden_continuous_size': 17, 'attention_head_size': 4, 'learning_rate': 0.06054746802188142}. Best is trial 16 with value: 10.717114448547363.
LOCAL_RANK: 0 - CUDA_VISIBLE_DEVICES: [0]
[I 2023-11-30 05:05:00,131] Trial 18 finished with value: 12.595009803771973 and parameters: {'gradient_clip_val': 0.3506961928088383, 'hidden_size': 37, 'dropout': 0.2169758034411869, 'hidden_continuous_size': 16, 'attention_head_size': 4, 'learning_rate': 0.029185360331908283}. Best is trial 16 with value: 10.717114448547363.
LOCAL_RANK: 0 - CUDA_VISIBLE_DEVICES: [0]
[I 2023-11-30 05:05:13,422] Trial 19 finished with value: 12.196782112121582 and parameters: {'gradient_clip_val': 0.3637128775946688, 'hidden_size': 61, 'dropout': 0.26494505837876653, 'hidden_continuous_size': 20, 'attention_head_size': 4, 'learning_rate': 0.013604012270257598}. Best is trial 16 with value: 10.717114448547363.
LOCAL_RANK: 0 - CUDA_VISIBLE_DEVICES: [0]
[I 2023-11-30 05:05:25,998] Trial 20 finished with value: 12.560133934020996 and parameters: {'gradient_clip_val': 0.5540754345241219, 'hidden_size': 27, 'dropout': 0.16762738561429957, 'hidden_continuous_size': 15, 'attention_head_size': 3, 'learning_rate': 0.05230178569059248}. Best is trial 16 with value: 10.717114448547363.
LOCAL_RANK: 0 - CUDA_VISIBLE_DEVICES: [0]
[I 2023-11-30 05:05:38,438] Trial 21 finished with value: 11.993220329284668 and parameters: {'gradient_clip_val': 0.3746669497986055, 'hidden_size': 38, 'dropout': 0.28158894371563387, 'hidden_continuous_size': 14, 'attention_head_size': 1, 'learning_rate': 0.06863569572812532}. Best is trial 16 with value: 10.717114448547363.
LOCAL_RANK: 0 - CUDA_VISIBLE_DEVICES: [0]
[I 2023-11-30 05:05:50,711] Trial 22 finished with value: 11.286457061767578 and parameters: {'gradient_clip_val': 0.38542808735088374, 'hidden_size': 26, 'dropout': 0.2955286080333229, 'hidden_continuous_size': 11, 'attention_head_size': 3, 'learning_rate': 0.06750762162142553}. Best is trial 16 with value: 10.717114448547363.
LOCAL_RANK: 0 - CUDA_VISIBLE_DEVICES: [0]
[I 2023-11-30 05:06:02,931] Trial 23 finished with value: 12.424910545349121 and parameters: {'gradient_clip_val': 0.3288058008344356, 'hidden_size': 27, 'dropout': 0.25572912120495794, 'hidden_continuous_size': 13, 'attention_head_size': 3, 'learning_rate': 0.03571338046037944}. Best is trial 16 with value: 10.717114448547363.
LOCAL_RANK: 0 - CUDA_VISIBLE_DEVICES: [0]
[I 2023-11-30 05:06:15,911] Trial 24 finished with value: 12.8363676071167 and parameters: {'gradient_clip_val': 0.715803436393419, 'hidden_size': 40, 'dropout': 0.2974425391336917, 'hidden_continuous_size': 18, 'attention_head_size': 4, 'learning_rate': 0.07518908387279642}. Best is trial 16 with value: 10.717114448547363.
LOCAL_RANK: 0 - CUDA_VISIBLE_DEVICES: [0]
[I 2023-11-30 05:06:28,318] Trial 25 finished with value: 11.380501747131348 and parameters: {'gradient_clip_val': 0.5359335577330303, 'hidden_size': 31, 'dropout': 0.2557691493476427, 'hidden_continuous_size': 11, 'attention_head_size': 3, 'learning_rate': 0.04774454974615783}. Best is trial 16 with value: 10.717114448547363.
LOCAL_RANK: 0 - CUDA_VISIBLE_DEVICES: [0]
[I 2023-11-30 05:06:41,388] Trial 26 finished with value: 11.416911125183105 and parameters: {'gradient_clip_val': 0.9587325201499157, 'hidden_size': 53, 'dropout': 0.3399967669573848, 'hidden_continuous_size': 24, 'attention_head_size': 3, 'learning_rate': 0.09945782144110148}. Best is trial 16 with value: 10.717114448547363.
LOCAL_RANK: 0 - CUDA_VISIBLE_DEVICES: [0]
[I 2023-11-30 05:06:54,332] Trial 27 finished with value: 11.04511547088623 and parameters: {'gradient_clip_val': 0.42618404244492736, 'hidden_size': 41, 'dropout': 0.3016516876962814, 'hidden_continuous_size': 16, 'attention_head_size': 4, 'learning_rate': 0.03128391015310056}. Best is trial 16 with value: 10.717114448547363.
LOCAL_RANK: 0 - CUDA_VISIBLE_DEVICES: [0]
[I 2023-11-30 05:07:07,353] Trial 28 finished with value: 11.566780090332031 and parameters: {'gradient_clip_val': 0.47816726154209843, 'hidden_size': 42, 'dropout': 0.3166022446584298, 'hidden_continuous_size': 19, 'attention_head_size': 4, 'learning_rate': 0.02767111507458275}. Best is trial 16 with value: 10.717114448547363.
LOCAL_RANK: 0 - CUDA_VISIBLE_DEVICES: [0]
[I 2023-11-30 05:07:20,509] Trial 29 finished with value: 13.010022163391113 and parameters: {'gradient_clip_val': 0.30851840414936615, 'hidden_size': 59, 'dropout': 0.35198281853306457, 'hidden_continuous_size': 16, 'attention_head_size': 4, 'learning_rate': 0.037957814702204024}. Best is trial 16 with value: 10.717114448547363.
LOCAL_RANK: 0 - CUDA_VISIBLE_DEVICES: [0]
[I 2023-11-30 05:07:34,169] Trial 30 finished with value: 10.836714744567871 and parameters: {'gradient_clip_val': 0.5910858325296073, 'hidden_size': 66, 'dropout': 0.30599077521260776, 'hidden_continuous_size': 21, 'attention_head_size': 4, 'learning_rate': 0.04600947097222194}. Best is trial 16 with value: 10.717114448547363.
LOCAL_RANK: 0 - CUDA_VISIBLE_DEVICES: [0]
[I 2023-11-30 05:07:47,701] Trial 31 finished with value: 10.702590942382812 and parameters: {'gradient_clip_val': 0.57087955045866, 'hidden_size': 71, 'dropout': 0.3060716914124588, 'hidden_continuous_size': 22, 'attention_head_size': 4, 'learning_rate': 0.04660385654225225}. Best is trial 31 with value: 10.702590942382812.
LOCAL_RANK: 0 - CUDA_VISIBLE_DEVICES: [0]
[I 2023-11-30 05:08:01,258] Trial 32 finished with value: 13.537169456481934 and parameters: {'gradient_clip_val': 0.5947356449346628, 'hidden_size': 78, 'dropout': 0.33210794896003154, 'hidden_continuous_size': 24, 'attention_head_size': 4, 'learning_rate': 0.03510433163531699}. Best is trial 31 with value: 10.702590942382812.
LOCAL_RANK: 0 - CUDA_VISIBLE_DEVICES: [0]
[I 2023-11-30 05:08:14,719] Trial 33 finished with value: 11.212104797363281 and parameters: {'gradient_clip_val': 0.7126949777824861, 'hidden_size': 67, 'dropout': 0.31137554352756935, 'hidden_continuous_size': 29, 'attention_head_size': 4, 'learning_rate': 0.054902313927223265}. Best is trial 31 with value: 10.702590942382812.
LOCAL_RANK: 0 - CUDA_VISIBLE_DEVICES: [0]
[I 2023-11-30 05:08:28,387] Trial 34 finished with value: 11.118614196777344 and parameters: {'gradient_clip_val': 0.5239363772551575, 'hidden_size': 89, 'dropout': 0.29976866729720847, 'hidden_continuous_size': 19, 'attention_head_size': 4, 'learning_rate': 0.046513299212623746}. Best is trial 31 with value: 10.702590942382812.
LOCAL_RANK: 0 - CUDA_VISIBLE_DEVICES: [0]
[I 2023-11-30 05:08:42,513] Trial 35 finished with value: 11.572796821594238 and parameters: {'gradient_clip_val': 0.444307044531661, 'hidden_size': 91, 'dropout': 0.33173030024292227, 'hidden_continuous_size': 34, 'attention_head_size': 4, 'learning_rate': 0.030926263338853493}. Best is trial 31 with value: 10.702590942382812.
LOCAL_RANK: 0 - CUDA_VISIBLE_DEVICES: [0]
[I 2023-11-30 05:08:55,801] Trial 36 finished with value: 12.728255271911621 and parameters: {'gradient_clip_val': 0.5882016011624523, 'hidden_size': 67, 'dropout': 0.31739107466821215, 'hidden_continuous_size': 21, 'attention_head_size': 4, 'learning_rate': 0.02469996593774122}. Best is trial 31 with value: 10.702590942382812.
LOCAL_RANK: 0 - CUDA_VISIBLE_DEVICES: [0]
[I 2023-11-30 05:09:08,836] Trial 37 finished with value: 11.332539558410645 and parameters: {'gradient_clip_val': 0.4957302467552415, 'hidden_size': 52, 'dropout': 0.28618256604816544, 'hidden_continuous_size': 17, 'attention_head_size': 4, 'learning_rate': 0.04577650895670276}. Best is trial 31 with value: 10.702590942382812.
LOCAL_RANK: 0 - CUDA_VISIBLE_DEVICES: [0]
[I 2023-11-30 05:09:21,772] Trial 38 finished with value: 12.500228881835938 and parameters: {'gradient_clip_val': 0.4098172619324054, 'hidden_size': 46, 'dropout': 0.27124756633005176, 'hidden_continuous_size': 15, 'attention_head_size': 4, 'learning_rate': 0.015616509481045416}. Best is trial 31 with value: 10.702590942382812.
LOCAL_RANK: 0 - CUDA_VISIBLE_DEVICES: [0]
[I 2023-11-30 05:09:34,835] Trial 39 finished with value: 15.06574535369873 and parameters: {'gradient_clip_val': 0.25634300792959425, 'hidden_size': 35, 'dropout': 0.29341204904702595, 'hidden_continuous_size': 20, 'attention_head_size': 4, 'learning_rate': 0.007511401625209335}. Best is trial 31 with value: 10.702590942382812.
LOCAL_RANK: 0 - CUDA_VISIBLE_DEVICES: [0]
[I 2023-11-30 05:09:48,201] Trial 40 finished with value: 11.734508514404297 and parameters: {'gradient_clip_val': 0.29677805506755384, 'hidden_size': 60, 'dropout': 0.32019871073999256, 'hidden_continuous_size': 22, 'attention_head_size': 4, 'learning_rate': 0.023999282914937147}. Best is trial 31 with value: 10.702590942382812.
LOCAL_RANK: 0 - CUDA_VISIBLE_DEVICES: [0]
[I 2023-11-30 05:10:01,112] Trial 41 finished with value: 11.065193176269531 and parameters: {'gradient_clip_val': 0.4179328484740928, 'hidden_size': 41, 'dropout': 0.26410416910734674, 'hidden_continuous_size': 18, 'attention_head_size': 4, 'learning_rate': 0.0744211512957055}. Best is trial 31 with value: 10.702590942382812.
LOCAL_RANK: 0 - CUDA_VISIBLE_DEVICES: [0]
[I 2023-11-30 05:10:13,822] Trial 42 finished with value: 10.924099922180176 and parameters: {'gradient_clip_val': 0.44105934433101623, 'hidden_size': 40, 'dropout': 0.2711656862987876, 'hidden_continuous_size': 17, 'attention_head_size': 4, 'learning_rate': 0.07967233556058904}. Best is trial 31 with value: 10.702590942382812.
LOCAL_RANK: 0 - CUDA_VISIBLE_DEVICES: [0]
[I 2023-11-30 05:10:26,529] Trial 43 finished with value: 11.09769058227539 and parameters: {'gradient_clip_val': 0.5109912980114049, 'hidden_size': 44, 'dropout': 0.2778661249229534, 'hidden_continuous_size': 16, 'attention_head_size': 4, 'learning_rate': 0.052630558594352984}. Best is trial 31 with value: 10.702590942382812.
LOCAL_RANK: 0 - CUDA_VISIBLE_DEVICES: [0]
[I 2023-11-30 05:10:39,386] Trial 44 finished with value: 10.953258514404297 and parameters: {'gradient_clip_val': 0.3349253570267461, 'hidden_size': 35, 'dropout': 0.30476123836307123, 'hidden_continuous_size': 17, 'attention_head_size': 4, 'learning_rate': 0.0386291207721176}. Best is trial 31 with value: 10.702590942382812.
LOCAL_RANK: 0 - CUDA_VISIBLE_DEVICES: [0]
[I 2023-11-30 05:10:52,225] Trial 45 finished with value: 12.346118927001953 and parameters: {'gradient_clip_val': 0.33931921897526407, 'hidden_size': 34, 'dropout': 0.24134360397642407, 'hidden_continuous_size': 19, 'attention_head_size': 4, 'learning_rate': 0.07778031578727398}. Best is trial 31 with value: 10.702590942382812.
LOCAL_RANK: 0 - CUDA_VISIBLE_DEVICES: [0]
[I 2023-11-30 05:11:05,058] Trial 46 finished with value: 11.221413612365723 and parameters: {'gradient_clip_val': 0.285943444858306, 'hidden_size': 48, 'dropout': 0.2819161204045513, 'hidden_continuous_size': 17, 'attention_head_size': 4, 'learning_rate': 0.04038548052313489}. Best is trial 31 with value: 10.702590942382812.
LOCAL_RANK: 0 - CUDA_VISIBLE_DEVICES: [0]
[I 2023-11-30 05:11:18,164] Trial 47 finished with value: 11.90955638885498 and parameters: {'gradient_clip_val': 0.4632575428320725, 'hidden_size': 55, 'dropout': 0.31215644120250224, 'hidden_continuous_size': 23, 'attention_head_size': 3, 'learning_rate': 0.057947368052860423}. Best is trial 31 with value: 10.702590942382812.
LOCAL_RANK: 0 - CUDA_VISIBLE_DEVICES: [0]
[I 2023-11-30 05:11:30,709] Trial 48 finished with value: 13.102213859558105 and parameters: {'gradient_clip_val': 0.3779005906632249, 'hidden_size': 32, 'dropout': 0.2721117861429071, 'hidden_continuous_size': 18, 'attention_head_size': 4, 'learning_rate': 0.08164374292015188}. Best is trial 31 with value: 10.702590942382812.
LOCAL_RANK: 0 - CUDA_VISIBLE_DEVICES: [0]
[I 2023-11-30 05:11:43,907] Trial 49 finished with value: 13.782172203063965 and parameters: {'gradient_clip_val': 0.3348061642073767, 'hidden_size': 47, 'dropout': 0.2606951479873488, 'hidden_continuous_size': 20, 'attention_head_size': 4, 'learning_rate': 0.05821814659723294}. Best is trial 31 with value: 10.702590942382812.
LOCAL_RANK: 0 - CUDA_VISIBLE_DEVICES: [0]
[I 2023-11-30 05:11:57,165] Trial 50 finished with value: 12.135912895202637 and parameters: {'gradient_clip_val': 0.6297438539270322, 'hidden_size': 71, 'dropout': 0.22789148634412276, 'hidden_continuous_size': 14, 'attention_head_size': 2, 'learning_rate': 0.041568451581751056}. Best is trial 31 with value: 10.702590942382812.
LOCAL_RANK: 0 - CUDA_VISIBLE_DEVICES: [0]
[I 2023-11-30 05:12:09,887] Trial 51 finished with value: 13.4325590133667 and parameters: {'gradient_clip_val': 0.42283034633373073, 'hidden_size': 38, 'dropout': 0.3047681378826245, 'hidden_continuous_size': 16, 'attention_head_size': 4, 'learning_rate': 0.031613185041803105}. Best is trial 31 with value: 10.702590942382812.
LOCAL_RANK: 0 - CUDA_VISIBLE_DEVICES: [0]
