[I 2023-11-30 07:50:14,010] Trial 2 finished with value: 7.333882808685303 and parameters: {'gradient_clip_val': 0.10286687924525592, 'hidden_size': 45, 'dropout': 0.25781759795330406, 'hidden_continuous_size': 41, 'attention_head_size': 3, 'learning_rate': 0.00419407813621338}. Best is trial 0 with value: 5.5223212242126465.
LOCAL_RANK: 0 - CUDA_VISIBLE_DEVICES: [0]
[I 2023-11-30 07:50:25,983] Trial 3 finished with value: 19.67280387878418 and parameters: {'gradient_clip_val': 0.274366732471029, 'hidden_size': 12, 'dropout': 0.30115211332457287, 'hidden_continuous_size': 11, 'attention_head_size': 4, 'learning_rate': 0.0029468097251851007}. Best is trial 0 with value: 5.5223212242126465.
LOCAL_RANK: 0 - CUDA_VISIBLE_DEVICES: [0]
[I 2023-11-30 07:50:39,009] Trial 4 finished with value: 5.390024185180664 and parameters: {'gradient_clip_val': 0.2641237263877554, 'hidden_size': 48, 'dropout': 0.24272364434997853, 'hidden_continuous_size': 25, 'attention_head_size': 4, 'learning_rate': 0.05818162460280311}. Best is trial 4 with value: 5.390024185180664.
LOCAL_RANK: 0 - CUDA_VISIBLE_DEVICES: [0]
[I 2023-11-30 07:50:52,622] Trial 5 finished with value: 5.5878448486328125 and parameters: {'gradient_clip_val': 0.4718196637904553, 'hidden_size': 87, 'dropout': 0.19389519396059435, 'hidden_continuous_size': 29, 'attention_head_size': 3, 'learning_rate': 0.0027715039657669497}. Best is trial 4 with value: 5.390024185180664.
LOCAL_RANK: 0 - CUDA_VISIBLE_DEVICES: [0]
[I 2023-11-30 07:51:04,816] Trial 6 finished with value: 15.05255126953125 and parameters: {'gradient_clip_val': 0.6377209649321812, 'hidden_size': 18, 'dropout': 0.16676571104429233, 'hidden_continuous_size': 13, 'attention_head_size': 2, 'learning_rate': 0.0044948731500295755}. Best is trial 4 with value: 5.390024185180664.
LOCAL_RANK: 0 - CUDA_VISIBLE_DEVICES: [0]
[I 2023-11-30 07:51:17,640] Trial 7 finished with value: 9.549899101257324 and parameters: {'gradient_clip_val': 0.12678241692666806, 'hidden_size': 42, 'dropout': 0.19740964959777055, 'hidden_continuous_size': 13, 'attention_head_size': 4, 'learning_rate': 0.0016955470545948676}. Best is trial 4 with value: 5.390024185180664.
LOCAL_RANK: 0 - CUDA_VISIBLE_DEVICES: [0]
[I 2023-11-30 07:51:29,679] Trial 8 finished with value: 4.713145732879639 and parameters: {'gradient_clip_val': 0.2613982201354057, 'hidden_size': 20, 'dropout': 0.3537029674301223, 'hidden_continuous_size': 19, 'attention_head_size': 2, 'learning_rate': 0.06654406485890453}. Best is trial 8 with value: 4.713145732879639.
LOCAL_RANK: 0 - CUDA_VISIBLE_DEVICES: [0]
[I 2023-11-30 07:51:44,284] Trial 9 finished with value: 5.900740146636963 and parameters: {'gradient_clip_val': 0.16281778490674367, 'hidden_size': 133, 'dropout': 0.2518723432012603, 'hidden_continuous_size': 118, 'attention_head_size': 1, 'learning_rate': 0.014984743874973522}. Best is trial 8 with value: 4.713145732879639.
LOCAL_RANK: 0 - CUDA_VISIBLE_DEVICES: [0]
[I 2023-11-30 07:51:56,375] Trial 10 finished with value: 4.91512393951416 and parameters: {'gradient_clip_val': 0.9012017392000942, 'hidden_size': 21, 'dropout': 0.3834257774845963, 'hidden_continuous_size': 10, 'attention_head_size': 1, 'learning_rate': 0.09249189908719513}. Best is trial 8 with value: 4.713145732879639.
LOCAL_RANK: 0 - CUDA_VISIBLE_DEVICES: [0]
[I 2023-11-30 07:52:08,045] Trial 11 finished with value: 5.536584377288818 and parameters: {'gradient_clip_val': 0.9140763851131615, 'hidden_size': 20, 'dropout': 0.3886009386017512, 'hidden_continuous_size': 10, 'attention_head_size': 1, 'learning_rate': 0.08479335605320747}. Best is trial 8 with value: 4.713145732879639.
LOCAL_RANK: 0 - CUDA_VISIBLE_DEVICES: [0]
[I 2023-11-30 07:52:19,845] Trial 12 finished with value: 5.080490589141846 and parameters: {'gradient_clip_val': 0.43939730058612797, 'hidden_size': 24, 'dropout': 0.34686700627963213, 'hidden_continuous_size': 10, 'attention_head_size': 1, 'learning_rate': 0.08107414594151557}. Best is trial 8 with value: 4.713145732879639.
LOCAL_RANK: 0 - CUDA_VISIBLE_DEVICES: [0]
[I 2023-11-30 07:52:31,818] Trial 13 finished with value: 10.083844184875488 and parameters: {'gradient_clip_val': 0.7715051495368, 'hidden_size': 11, 'dropout': 0.3368099472133823, 'hidden_continuous_size': 10, 'attention_head_size': 2, 'learning_rate': 0.04120833069339109}. Best is trial 8 with value: 4.713145732879639.
LOCAL_RANK: 0 - CUDA_VISIBLE_DEVICES: [0]
[I 2023-11-30 07:52:44,260] Trial 14 finished with value: 4.919824123382568 and parameters: {'gradient_clip_val': 0.9913329049222431, 'hidden_size': 29, 'dropout': 0.3551465329135274, 'hidden_continuous_size': 13, 'attention_head_size': 1, 'learning_rate': 0.09964079256986978}. Best is trial 8 with value: 4.713145732879639.
LOCAL_RANK: 0 - CUDA_VISIBLE_DEVICES: [0]
[I 2023-11-30 07:52:56,357] Trial 15 finished with value: 4.926583290100098 and parameters: {'gradient_clip_val': 0.37695330513936426, 'hidden_size': 16, 'dropout': 0.30615072268885657, 'hidden_continuous_size': 11, 'attention_head_size': 2, 'learning_rate': 0.024528074841809255}. Best is trial 8 with value: 4.713145732879639.
LOCAL_RANK: 0 - CUDA_VISIBLE_DEVICES: [0]
[I 2023-11-30 07:53:08,472] Trial 16 finished with value: 5.885005950927734 and parameters: {'gradient_clip_val': 0.5997428661318435, 'hidden_size': 29, 'dropout': 0.38828996603339455, 'hidden_continuous_size': 15, 'attention_head_size': 1, 'learning_rate': 0.05717667181707483}. Best is trial 8 with value: 4.713145732879639.
LOCAL_RANK: 0 - CUDA_VISIBLE_DEVICES: [0]
[I 2023-11-30 07:53:20,489] Trial 17 finished with value: 5.479913234710693 and parameters: {'gradient_clip_val': 0.2203345400223536, 'hidden_size': 14, 'dropout': 0.11044168306105481, 'hidden_continuous_size': 10, 'attention_head_size': 2, 'learning_rate': 0.012232942692470513}. Best is trial 8 with value: 4.713145732879639.
LOCAL_RANK: 0 - CUDA_VISIBLE_DEVICES: [0]
[I 2023-11-30 07:53:32,441] Trial 18 finished with value: 5.735838413238525 and parameters: {'gradient_clip_val': 0.3298414737109967, 'hidden_size': 21, 'dropout': 0.3647273956592603, 'hidden_continuous_size': 11, 'attention_head_size': 1, 'learning_rate': 0.030462818056177836}. Best is trial 8 with value: 4.713145732879639.
LOCAL_RANK: 0 - CUDA_VISIBLE_DEVICES: [0]
[I 2023-11-30 07:53:42,814] Trial 19 finished with value: 9.51306438446045 and parameters: {'gradient_clip_val': 0.5516885141809886, 'hidden_size': 10, 'dropout': 0.3125960654630984, 'hidden_continuous_size': 10, 'attention_head_size': 2, 'learning_rate': 0.018818359280890352}. Best is trial 8 with value: 4.713145732879639.
LOCAL_RANK: 0 - CUDA_VISIBLE_DEVICES: [0]
[I 2023-11-30 07:53:55,024] Trial 20 finished with value: 4.443620681762695 and parameters: {'gradient_clip_val': 0.3746004726004512, 'hidden_size': 15, 'dropout': 0.36712870174538437, 'hidden_continuous_size': 11, 'attention_head_size': 3, 'learning_rate': 0.04630792254224837}. Best is trial 20 with value: 4.443620681762695.
LOCAL_RANK: 0 - CUDA_VISIBLE_DEVICES: [0]
[I 2023-11-30 07:54:07,063] Trial 21 finished with value: 4.569393634796143 and parameters: {'gradient_clip_val': 0.37970174425345793, 'hidden_size': 15, 'dropout': 0.3715826156315927, 'hidden_continuous_size': 11, 'attention_head_size': 3, 'learning_rate': 0.04746226474434768}. Best is trial 20 with value: 4.443620681762695.
LOCAL_RANK: 0 - CUDA_VISIBLE_DEVICES: [0]
[I 2023-11-30 07:54:19,018] Trial 22 finished with value: 4.7076802253723145 and parameters: {'gradient_clip_val': 0.36224905667048146, 'hidden_size': 14, 'dropout': 0.3344236243978226, 'hidden_continuous_size': 11, 'attention_head_size': 3, 'learning_rate': 0.04494784190246029}. Best is trial 20 with value: 4.443620681762695.
LOCAL_RANK: 0 - CUDA_VISIBLE_DEVICES: [0]
[I 2023-11-30 07:54:31,003] Trial 23 finished with value: 4.504793643951416 and parameters: {'gradient_clip_val': 0.3790383252396299, 'hidden_size': 14, 'dropout': 0.3289845996969199, 'hidden_continuous_size': 11, 'attention_head_size': 3, 'learning_rate': 0.03964762850201864}. Best is trial 20 with value: 4.443620681762695.
LOCAL_RANK: 0 - CUDA_VISIBLE_DEVICES: [0]
[I 2023-11-30 07:54:43,196] Trial 24 finished with value: 4.309858798980713 and parameters: {'gradient_clip_val': 0.43097105275266323, 'hidden_size': 14, 'dropout': 0.3712330133987931, 'hidden_continuous_size': 11, 'attention_head_size': 3, 'learning_rate': 0.04033412922325284}. Best is trial 24 with value: 4.309858798980713.
LOCAL_RANK: 0 - CUDA_VISIBLE_DEVICES: [0]
[I 2023-11-30 07:54:53,339] Trial 25 finished with value: 6.264791011810303 and parameters: {'gradient_clip_val': 0.4603054886236266, 'hidden_size': 10, 'dropout': 0.3989014837959546, 'hidden_continuous_size': 10, 'attention_head_size': 3, 'learning_rate': 0.03778279526923931}. Best is trial 24 with value: 4.309858798980713.
LOCAL_RANK: 0 - CUDA_VISIBLE_DEVICES: [0]
[I 2023-11-30 07:55:05,632] Trial 26 finished with value: 6.290224075317383 and parameters: {'gradient_clip_val': 0.31870207958503005, 'hidden_size': 13, 'dropout': 0.3262577359482175, 'hidden_continuous_size': 11, 'attention_head_size': 4, 'learning_rate': 0.020794919549793192}. Best is trial 24 with value: 4.309858798980713.
LOCAL_RANK: 0 - CUDA_VISIBLE_DEVICES: [0]
[I 2023-11-30 07:55:17,575] Trial 27 finished with value: 11.031966209411621 and parameters: {'gradient_clip_val': 0.5138111487969246, 'hidden_size': 12, 'dropout': 0.37305028960784253, 'hidden_continuous_size': 11, 'attention_head_size': 3, 'learning_rate': 0.008918417580496859}. Best is trial 24 with value: 4.309858798980713.
LOCAL_RANK: 0 - CUDA_VISIBLE_DEVICES: [0]
[I 2023-11-30 07:55:29,624] Trial 28 finished with value: 4.539818286895752 and parameters: {'gradient_clip_val': 0.41463426192457775, 'hidden_size': 16, 'dropout': 0.28781323900223443, 'hidden_continuous_size': 12, 'attention_head_size': 3, 'learning_rate': 0.03209967194479296}. Best is trial 24 with value: 4.309858798980713.
LOCAL_RANK: 0 - CUDA_VISIBLE_DEVICES: [0]
[I 2023-11-30 07:55:39,987] Trial 29 finished with value: 6.097349643707275 and parameters: {'gradient_clip_val': 0.6494359881766243, 'hidden_size': 10, 'dropout': 0.3627303898353938, 'hidden_continuous_size': 10, 'attention_head_size': 4, 'learning_rate': 0.027264722520477347}. Best is trial 24 with value: 4.309858798980713.
LOCAL_RANK: 0 - CUDA_VISIBLE_DEVICES: [0]
[I 2023-11-30 07:55:52,189] Trial 30 finished with value: 4.848099231719971 and parameters: {'gradient_clip_val': 0.4890583559874429, 'hidden_size': 17, 'dropout': 0.398489976217707, 'hidden_continuous_size': 12, 'attention_head_size': 3, 'learning_rate': 0.03670275072968181}. Best is trial 24 with value: 4.309858798980713.
LOCAL_RANK: 0 - CUDA_VISIBLE_DEVICES: [0]
[I 2023-11-30 07:56:04,211] Trial 31 finished with value: 5.067160606384277 and parameters: {'gradient_clip_val': 0.40931660192031205, 'hidden_size': 15, 'dropout': 0.3229448045708962, 'hidden_continuous_size': 11, 'attention_head_size': 3, 'learning_rate': 0.031477614233381655}. Best is trial 24 with value: 4.309858798980713.
LOCAL_RANK: 0 - CUDA_VISIBLE_DEVICES: [0]
[I 2023-11-30 07:56:16,017] Trial 32 finished with value: 5.184634685516357 and parameters: {'gradient_clip_val': 0.4159335388853621, 'hidden_size': 12, 'dropout': 0.29516230853379105, 'hidden_continuous_size': 11, 'attention_head_size': 3, 'learning_rate': 0.05132271260974631}. Best is trial 24 with value: 4.309858798980713.
LOCAL_RANK: 0 - CUDA_VISIBLE_DEVICES: [0]
[I 2023-11-30 07:56:28,191] Trial 33 finished with value: 4.657785415649414 and parameters: {'gradient_clip_val': 0.3410969407921687, 'hidden_size': 17, 'dropout': 0.35023866105349943, 'hidden_continuous_size': 12, 'attention_head_size': 3, 'learning_rate': 0.06774522173115739}. Best is trial 24 with value: 4.309858798980713.
LOCAL_RANK: 0 - CUDA_VISIBLE_DEVICES: [0]
[I 2023-11-30 07:56:40,192] Trial 34 finished with value: 5.365084171295166 and parameters: {'gradient_clip_val': 0.3014274906956912, 'hidden_size': 13, 'dropout': 0.2822336890156411, 'hidden_continuous_size': 11, 'attention_head_size': 3, 'learning_rate': 0.03277775885392432}. Best is trial 24 with value: 4.309858798980713.
LOCAL_RANK: 0 - CUDA_VISIBLE_DEVICES: [0]
[I 2023-11-30 07:56:52,349] Trial 35 finished with value: 4.609157562255859 and parameters: {'gradient_clip_val': 0.41222179309765694, 'hidden_size': 15, 'dropout': 0.3369573670395471, 'hidden_continuous_size': 12, 'attention_head_size': 4, 'learning_rate': 0.046609692579945225}. Best is trial 24 with value: 4.309858798980713.
LOCAL_RANK: 0 - CUDA_VISIBLE_DEVICES: [0]
[I 2023-11-30 07:57:04,151] Trial 36 finished with value: 5.499095439910889 and parameters: {'gradient_clip_val': 0.5204231203989113, 'hidden_size': 12, 'dropout': 0.27788158755981873, 'hidden_continuous_size': 11, 'attention_head_size': 3, 'learning_rate': 0.024161686018703398}. Best is trial 24 with value: 4.309858798980713.
LOCAL_RANK: 0 - CUDA_VISIBLE_DEVICES: [0]
[I 2023-11-30 07:57:16,408] Trial 37 finished with value: 4.800923824310303 and parameters: {'gradient_clip_val': 0.3042981814018061, 'hidden_size': 18, 'dropout': 0.31640622931975354, 'hidden_continuous_size': 12, 'attention_head_size': 4, 'learning_rate': 0.06156713470944671}. Best is trial 24 with value: 4.309858798980713.
LOCAL_RANK: 0 - CUDA_VISIBLE_DEVICES: [0]
[I 2023-11-30 07:57:28,703] Trial 38 finished with value: 6.778205871582031 and parameters: {'gradient_clip_val': 0.4524127527418876, 'hidden_size': 24, 'dropout': 0.37577682992003103, 'hidden_continuous_size': 12, 'attention_head_size': 3, 'learning_rate': 0.03889800922285405}. Best is trial 24 with value: 4.309858798980713.
LOCAL_RANK: 0 - CUDA_VISIBLE_DEVICES: [0]
[I 2023-11-30 07:57:40,692] Trial 39 finished with value: 7.01520299911499 and parameters: {'gradient_clip_val': 0.23031963966909824, 'hidden_size': 11, 'dropout': 0.3404195987412174, 'hidden_continuous_size': 10, 'attention_head_size': 3, 'learning_rate': 0.018455149734613215}. Best is trial 24 with value: 4.309858798980713.
LOCAL_RANK: 0 - CUDA_VISIBLE_DEVICES: [0]
[I 2023-11-30 07:57:52,842] Trial 40 finished with value: 6.342447757720947 and parameters: {'gradient_clip_val': 0.3583712895597563, 'hidden_size': 17, 'dropout': 0.3239487835419666, 'hidden_continuous_size': 12, 'attention_head_size': 4, 'learning_rate': 0.06406662587181632}. Best is trial 24 with value: 4.309858798980713.
LOCAL_RANK: 0 - CUDA_VISIBLE_DEVICES: [0]
[I 2023-11-30 07:58:04,847] Trial 41 finished with value: 5.481944561004639 and parameters: {'gradient_clip_val': 0.38988009700970283, 'hidden_size': 15, 'dropout': 0.37157183835296337, 'hidden_continuous_size': 11, 'attention_head_size': 3, 'learning_rate': 0.04659061420479876}. Best is trial 24 with value: 4.309858798980713.
LOCAL_RANK: 0 - CUDA_VISIBLE_DEVICES: [0]
[I 2023-11-30 07:58:16,929] Trial 42 finished with value: 4.479732990264893 and parameters: {'gradient_clip_val': 0.3825326004903337, 'hidden_size': 14, 'dropout': 0.3597646725245019, 'hidden_continuous_size': 11, 'attention_head_size': 3, 'learning_rate': 0.04944031548667858}. Best is trial 24 with value: 4.309858798980713.
LOCAL_RANK: 0 - CUDA_VISIBLE_DEVICES: [0]
[I 2023-11-30 07:58:29,063] Trial 43 finished with value: 5.903486728668213 and parameters: {'gradient_clip_val': 0.46179021146011756, 'hidden_size': 13, 'dropout': 0.35798222985313743, 'hidden_continuous_size': 11, 'attention_head_size': 2, 'learning_rate': 0.0739888496631223}. Best is trial 24 with value: 4.309858798980713.
LOCAL_RANK: 0 - CUDA_VISIBLE_DEVICES: [0]
[I 2023-11-30 07:58:41,211] Trial 44 finished with value: 6.917233943939209 and parameters: {'gradient_clip_val': 0.2933277227850593, 'hidden_size': 19, 'dropout': 0.2976895318335146, 'hidden_continuous_size': 12, 'attention_head_size': 3, 'learning_rate': 0.055390003168042025}. Best is trial 24 with value: 4.309858798980713.
LOCAL_RANK: 0 - CUDA_VISIBLE_DEVICES: [0]
[I 2023-11-30 07:58:53,188] Trial 45 finished with value: 4.786513805389404 and parameters: {'gradient_clip_val': 0.34383051879812376, 'hidden_size': 16, 'dropout': 0.3501738527046284, 'hidden_continuous_size': 12, 'attention_head_size': 3, 'learning_rate': 0.034669963573583366}. Best is trial 24 with value: 4.309858798980713.
LOCAL_RANK: 0 - CUDA_VISIBLE_DEVICES: [0]
[I 2023-11-30 07:59:03,332] Trial 46 finished with value: 7.035695552825928 and parameters: {'gradient_clip_val': 0.417219486873911, 'hidden_size': 11, 'dropout': 0.33145203774718845, 'hidden_continuous_size': 11, 'attention_head_size': 3, 'learning_rate': 0.027066696210820966}. Best is trial 24 with value: 4.309858798980713.
LOCAL_RANK: 0 - CUDA_VISIBLE_DEVICES: [0]
[I 2023-11-30 07:59:15,645] Trial 47 finished with value: 4.927448272705078 and parameters: {'gradient_clip_val': 0.5633986276096916, 'hidden_size': 22, 'dropout': 0.3845079864199667, 'hidden_continuous_size': 13, 'attention_head_size': 3, 'learning_rate': 0.08180252149910702}. Best is trial 24 with value: 4.309858798980713.
LOCAL_RANK: 0 - CUDA_VISIBLE_DEVICES: [0]
[I 2023-11-30 07:59:27,755] Trial 48 finished with value: 4.904792308807373 and parameters: {'gradient_clip_val': 0.2749470919926187, 'hidden_size': 19, 'dropout': 0.34473933751534336, 'hidden_continuous_size': 13, 'attention_head_size': 2, 'learning_rate': 0.0561751622146781}. Best is trial 24 with value: 4.309858798980713.
LOCAL_RANK: 0 - CUDA_VISIBLE_DEVICES: [0]
[I 2023-11-30 07:59:39,813] Trial 49 finished with value: 5.347269058227539 and parameters: {'gradient_clip_val': 0.37343685401037074, 'hidden_size': 14, 'dropout': 0.3616297234212968, 'hidden_continuous_size': 11, 'attention_head_size': 4, 'learning_rate': 0.09911156884802232}. Best is trial 24 with value: 4.309858798980713.
LOCAL_RANK: 0 - CUDA_VISIBLE_DEVICES: [0]
[I 2023-11-30 07:59:51,915] Trial 50 finished with value: 5.155949115753174 and parameters: {'gradient_clip_val': 0.4807559566837249, 'hidden_size': 18, 'dropout': 0.3829372680997036, 'hidden_continuous_size': 14, 'attention_head_size': 3, 'learning_rate': 0.07378151507102117}. Best is trial 24 with value: 4.309858798980713.
LOCAL_RANK: 0 - CUDA_VISIBLE_DEVICES: [0]
[I 2023-11-30 08:00:03,805] Trial 51 finished with value: 4.253808498382568 and parameters: {'gradient_clip_val': 0.3626517331171583, 'hidden_size': 16, 'dropout': 0.3695745456432863, 'hidden_continuous_size': 11, 'attention_head_size': 3, 'learning_rate': 0.04384255492507343}. Best is trial 51 with value: 4.253808498382568.
LOCAL_RANK: 0 - CUDA_VISIBLE_DEVICES: [0]
[I 2023-11-30 08:00:16,718] Trial 52 finished with value: 4.802326202392578 and parameters: {'gradient_clip_val': 0.33772605529069366, 'hidden_size': 54, 'dropout': 0.35569963123805337, 'hidden_continuous_size': 15, 'attention_head_size': 3, 'learning_rate': 0.038457137961758286}. Best is trial 51 with value: 4.253808498382568.
LOCAL_RANK: 0 - CUDA_VISIBLE_DEVICES: [0]
[I 2023-11-30 08:00:28,509] Trial 53 finished with value: 6.4018473625183105 and parameters: {'gradient_clip_val': 0.42235849454768803, 'hidden_size': 16, 'dropout': 0.3887305631758896, 'hidden_continuous_size': 11, 'attention_head_size': 3, 'learning_rate': 0.045546544604035295}. Best is trial 51 with value: 4.253808498382568.
LOCAL_RANK: 0 - CUDA_VISIBLE_DEVICES: [0]
[I 2023-11-30 08:00:40,824] Trial 54 finished with value: 3.9963080883026123 and parameters: {'gradient_clip_val': 0.3861448706633969, 'hidden_size': 23, 'dropout': 0.3457623172112347, 'hidden_continuous_size': 10, 'attention_head_size': 3, 'learning_rate': 0.03237274871031454}. Best is trial 54 with value: 3.9963080883026123.
LOCAL_RANK: 0 - CUDA_VISIBLE_DEVICES: [0]
[I 2023-11-30 08:00:52,916] Trial 55 finished with value: 5.447740077972412 and parameters: {'gradient_clip_val': 0.3857050414762507, 'hidden_size': 23, 'dropout': 0.36574446075171585, 'hidden_continuous_size': 10, 'attention_head_size': 3, 'learning_rate': 0.054159821194469444}. Best is trial 54 with value: 3.9963080883026123.
LOCAL_RANK: 0 - CUDA_VISIBLE_DEVICES: [0]
[I 2023-11-30 08:01:04,821] Trial 56 finished with value: 4.438368320465088 and parameters: {'gradient_clip_val': 0.31869808011453205, 'hidden_size': 20, 'dropout': 0.34506081042254283, 'hidden_continuous_size': 10, 'attention_head_size': 3, 'learning_rate': 0.0405045040214262}. Best is trial 54 with value: 3.9963080883026123.
LOCAL_RANK: 0 - CUDA_VISIBLE_DEVICES: [0]
[I 2023-11-30 08:01:16,868] Trial 57 finished with value: 4.29763126373291 and parameters: {'gradient_clip_val': 0.31931622884789995, 'hidden_size': 26, 'dropout': 0.34703058538173814, 'hidden_continuous_size': 10, 'attention_head_size': 2, 'learning_rate': 0.06382333213556478}. Best is trial 54 with value: 3.9963080883026123.
LOCAL_RANK: 0 - CUDA_VISIBLE_DEVICES: [0]
[I 2023-11-30 08:01:28,999] Trial 58 finished with value: 6.325981616973877 and parameters: {'gradient_clip_val': 0.3159737783020715, 'hidden_size': 27, 'dropout': 0.34136158016785, 'hidden_continuous_size': 10, 'attention_head_size': 2, 'learning_rate': 0.08142858948535152}. Best is trial 54 with value: 3.9963080883026123.
LOCAL_RANK: 0 - CUDA_VISIBLE_DEVICES: [0]
[I 2023-11-30 08:01:40,957] Trial 59 finished with value: 5.833314418792725 and parameters: {'gradient_clip_val': 0.2662088853842806, 'hidden_size': 20, 'dropout': 0.37673428431762984, 'hidden_continuous_size': 10, 'attention_head_size': 2, 'learning_rate': 0.06575849625645383}. Best is trial 54 with value: 3.9963080883026123.
LOCAL_RANK: 0 - CUDA_VISIBLE_DEVICES: [0]
[I 2023-11-30 08:01:52,961] Trial 60 finished with value: 4.365751266479492 and parameters: {'gradient_clip_val': 0.2444818548907593, 'hidden_size': 27, 'dropout': 0.34728935788074994, 'hidden_continuous_size': 10, 'attention_head_size': 2, 'learning_rate': 0.024042000782932317}. Best is trial 54 with value: 3.9963080883026123.
LOCAL_RANK: 0 - CUDA_VISIBLE_DEVICES: [0]
